<?xml version="1.0" encoding="UTF-8"?>
<testsuite xmlns:xsi="http://www.w3.org/2001/XMLSchema-instance" xsi:noNamespaceSchemaLocation="https://maven.apache.org/surefire/maven-surefire-plugin/xsd/surefire-test-report-3.0.xsd" version="3.0" name="org.apache.ratis.grpc.cli.TestElectionCommandIntegrationWithGrpc" time="14.389" tests="4" errors="1" skipped="0" failures="0">
  <properties>
    <property name="awt.toolkit" value="sun.awt.X11.XToolkit"/>
    <property name="file.encoding.pkg" value="sun.io"/>
    <property name="java.specification.version" value="1.8"/>
    <property name="sun.cpu.isalist" value=""/>
    <property name="sun.jnu.encoding" value="UTF-8"/>
    <property name="java.class.path" value="/home/runner/work/ratis/ratis/ratis-test/target/test-classes:/home/runner/work/ratis/ratis/ratis-test/target/classes:/home/runner/work/ratis/ratis/ratis-common/target/classes:/home/runner/.m2/repository/org/apache/ratis/ratis-thirdparty-misc/1.0.6/ratis-thirdparty-misc-1.0.6.jar:/home/runner/work/ratis/ratis/ratis-proto/target/classes:/home/runner/work/ratis/ratis/ratis-common/target/test-classes:/home/runner/work/ratis/ratis/ratis-client/target/classes:/home/runner/work/ratis/ratis/ratis-server/target/classes:/home/runner/work/ratis/ratis/ratis-server-api/target/classes:/home/runner/work/ratis/ratis/ratis-metrics-api/target/classes:/home/runner/work/ratis/ratis/ratis-server/target/test-classes:/home/runner/work/ratis/ratis/ratis-metrics-default/target/classes:/home/runner/work/ratis/ratis/ratis-netty/target/classes:/home/runner/work/ratis/ratis/ratis-netty/target/test-classes:/home/runner/work/ratis/ratis/ratis-grpc/target/classes:/home/runner/work/ratis/ratis/ratis-grpc/target/test-classes:/home/runner/work/ratis/ratis/ratis-shell/target/classes:/home/runner/.m2/repository/commons-cli/commons-cli/1.5.0/commons-cli-1.5.0.jar:/home/runner/.m2/repository/org/reflections/reflections/0.10.2/reflections-0.10.2.jar:/home/runner/.m2/repository/org/javassist/javassist/3.28.0-GA/javassist-3.28.0-GA.jar:/home/runner/.m2/repository/com/google/code/findbugs/jsr305/3.0.2/jsr305-3.0.2.jar:/home/runner/.m2/repository/org/bouncycastle/bcprov-jdk18on/1.78.1/bcprov-jdk18on-1.78.1.jar:/home/runner/.m2/repository/org/bouncycastle/bcpkix-jdk18on/1.78.1/bcpkix-jdk18on-1.78.1.jar:/home/runner/.m2/repository/org/bouncycastle/bcutil-jdk18on/1.78.1/bcutil-jdk18on-1.78.1.jar:/home/runner/.m2/repository/org/slf4j/slf4j-api/2.0.7/slf4j-api-2.0.7.jar:/home/runner/.m2/repository/org/slf4j/slf4j-reload4j/2.0.7/slf4j-reload4j-2.0.7.jar:/home/runner/.m2/repository/ch/qos/reload4j/reload4j/1.2.22/reload4j-1.2.22.jar:/home/runner/.m2/repository/junit/junit/4.13.2/junit-4.13.2.jar:/home/runner/.m2/repository/org/hamcrest/hamcrest-core/1.3/hamcrest-core-1.3.jar:/home/runner/.m2/repository/org/junit/jupiter/junit-jupiter-engine/5.10.1/junit-jupiter-engine-5.10.1.jar:/home/runner/.m2/repository/org/junit/platform/junit-platform-engine/1.10.1/junit-platform-engine-1.10.1.jar:/home/runner/.m2/repository/org/apiguardian/apiguardian-api/1.1.2/apiguardian-api-1.1.2.jar:/home/runner/.m2/repository/org/junit/jupiter/junit-jupiter-api/5.10.1/junit-jupiter-api-5.10.1.jar:/home/runner/.m2/repository/org/opentest4j/opentest4j/1.3.0/opentest4j-1.3.0.jar:/home/runner/.m2/repository/org/junit/platform/junit-platform-commons/1.10.1/junit-platform-commons-1.10.1.jar:/home/runner/.m2/repository/org/junit/jupiter/junit-jupiter-params/5.10.1/junit-jupiter-params-5.10.1.jar:/home/runner/.m2/repository/org/mockito/mockito-core/4.3.1/mockito-core-4.3.1.jar:/home/runner/.m2/repository/net/bytebuddy/byte-buddy/1.12.7/byte-buddy-1.12.7.jar:/home/runner/.m2/repository/net/bytebuddy/byte-buddy-agent/1.12.7/byte-buddy-agent-1.12.7.jar:/home/runner/.m2/repository/org/objenesis/objenesis/3.2/objenesis-3.2.jar:"/>
    <property name="java.vm.vendor" value="Temurin"/>
    <property name="sun.arch.data.model" value="64"/>
    <property name="java.vendor.url" value="https://adoptium.net/"/>
    <property name="user.timezone" value="Etc/UTC"/>
    <property name="java.vm.specification.version" value="1.8"/>
    <property name="os.name" value="Linux"/>
    <property name="sun.java.launcher" value="SUN_STANDARD"/>
    <property name="sun.boot.library.path" value="/usr/lib/jvm/temurin-8-jdk-amd64/jre/lib/amd64"/>
    <property name="sun.java.command" value="/home/runner/work/ratis/ratis/ratis-test/target/surefire/surefirebooter6226201469492923801.jar /home/runner/work/ratis/ratis/ratis-test/target/surefire 2024-08-22T16-44-48_793-jvmRun1 surefire3561008088713382240tmp surefire_92635698245430133135tmp"/>
    <property name="surefire.test.class.path" value="/home/runner/work/ratis/ratis/ratis-test/target/test-classes:/home/runner/work/ratis/ratis/ratis-test/target/classes:/home/runner/work/ratis/ratis/ratis-common/target/classes:/home/runner/.m2/repository/org/apache/ratis/ratis-thirdparty-misc/1.0.6/ratis-thirdparty-misc-1.0.6.jar:/home/runner/work/ratis/ratis/ratis-proto/target/classes:/home/runner/work/ratis/ratis/ratis-common/target/test-classes:/home/runner/work/ratis/ratis/ratis-client/target/classes:/home/runner/work/ratis/ratis/ratis-server/target/classes:/home/runner/work/ratis/ratis/ratis-server-api/target/classes:/home/runner/work/ratis/ratis/ratis-metrics-api/target/classes:/home/runner/work/ratis/ratis/ratis-server/target/test-classes:/home/runner/work/ratis/ratis/ratis-metrics-default/target/classes:/home/runner/work/ratis/ratis/ratis-netty/target/classes:/home/runner/work/ratis/ratis/ratis-netty/target/test-classes:/home/runner/work/ratis/ratis/ratis-grpc/target/classes:/home/runner/work/ratis/ratis/ratis-grpc/target/test-classes:/home/runner/work/ratis/ratis/ratis-shell/target/classes:/home/runner/.m2/repository/commons-cli/commons-cli/1.5.0/commons-cli-1.5.0.jar:/home/runner/.m2/repository/org/reflections/reflections/0.10.2/reflections-0.10.2.jar:/home/runner/.m2/repository/org/javassist/javassist/3.28.0-GA/javassist-3.28.0-GA.jar:/home/runner/.m2/repository/com/google/code/findbugs/jsr305/3.0.2/jsr305-3.0.2.jar:/home/runner/.m2/repository/org/bouncycastle/bcprov-jdk18on/1.78.1/bcprov-jdk18on-1.78.1.jar:/home/runner/.m2/repository/org/bouncycastle/bcpkix-jdk18on/1.78.1/bcpkix-jdk18on-1.78.1.jar:/home/runner/.m2/repository/org/bouncycastle/bcutil-jdk18on/1.78.1/bcutil-jdk18on-1.78.1.jar:/home/runner/.m2/repository/org/slf4j/slf4j-api/2.0.7/slf4j-api-2.0.7.jar:/home/runner/.m2/repository/org/slf4j/slf4j-reload4j/2.0.7/slf4j-reload4j-2.0.7.jar:/home/runner/.m2/repository/ch/qos/reload4j/reload4j/1.2.22/reload4j-1.2.22.jar:/home/runner/.m2/repository/junit/junit/4.13.2/junit-4.13.2.jar:/home/runner/.m2/repository/org/hamcrest/hamcrest-core/1.3/hamcrest-core-1.3.jar:/home/runner/.m2/repository/org/junit/jupiter/junit-jupiter-engine/5.10.1/junit-jupiter-engine-5.10.1.jar:/home/runner/.m2/repository/org/junit/platform/junit-platform-engine/1.10.1/junit-platform-engine-1.10.1.jar:/home/runner/.m2/repository/org/apiguardian/apiguardian-api/1.1.2/apiguardian-api-1.1.2.jar:/home/runner/.m2/repository/org/junit/jupiter/junit-jupiter-api/5.10.1/junit-jupiter-api-5.10.1.jar:/home/runner/.m2/repository/org/opentest4j/opentest4j/1.3.0/opentest4j-1.3.0.jar:/home/runner/.m2/repository/org/junit/platform/junit-platform-commons/1.10.1/junit-platform-commons-1.10.1.jar:/home/runner/.m2/repository/org/junit/jupiter/junit-jupiter-params/5.10.1/junit-jupiter-params-5.10.1.jar:/home/runner/.m2/repository/org/mockito/mockito-core/4.3.1/mockito-core-4.3.1.jar:/home/runner/.m2/repository/net/bytebuddy/byte-buddy/1.12.7/byte-buddy-1.12.7.jar:/home/runner/.m2/repository/net/bytebuddy/byte-buddy-agent/1.12.7/byte-buddy-agent-1.12.7.jar:/home/runner/.m2/repository/org/objenesis/objenesis/3.2/objenesis-3.2.jar:"/>
    <property name="sun.cpu.endian" value="little"/>
    <property name="user.home" value="/home/runner"/>
    <property name="user.language" value="en"/>
    <property name="java.specification.vendor" value="Oracle Corporation"/>
    <property name="java.home" value="/usr/lib/jvm/temurin-8-jdk-amd64/jre"/>
    <property name="basedir" value="/home/runner/work/ratis/ratis/ratis-test"/>
    <property name="file.separator" value="/"/>
    <property name="line.separator" value="&#10;"/>
    <property name="java.vm.specification.vendor" value="Oracle Corporation"/>
    <property name="java.specification.name" value="Java Platform API Specification"/>
    <property name="java.awt.graphicsenv" value="sun.awt.X11GraphicsEnvironment"/>
    <property name="surefire.real.class.path" value="/home/runner/work/ratis/ratis/ratis-test/target/surefire/surefirebooter6226201469492923801.jar:/home/runner/.m2/repository/org/jacoco/org.jacoco.agent/0.8.11/org.jacoco.agent-0.8.11-runtime.jar"/>
    <property name="sun.boot.class.path" value="/usr/lib/jvm/temurin-8-jdk-amd64/jre/lib/resources.jar:/usr/lib/jvm/temurin-8-jdk-amd64/jre/lib/rt.jar:/usr/lib/jvm/temurin-8-jdk-amd64/jre/lib/sunrsasign.jar:/usr/lib/jvm/temurin-8-jdk-amd64/jre/lib/jsse.jar:/usr/lib/jvm/temurin-8-jdk-amd64/jre/lib/jce.jar:/usr/lib/jvm/temurin-8-jdk-amd64/jre/lib/charsets.jar:/usr/lib/jvm/temurin-8-jdk-amd64/jre/lib/jfr.jar:/usr/lib/jvm/temurin-8-jdk-amd64/jre/classes"/>
    <property name="sun.management.compiler" value="HotSpot 64-Bit Tiered Compilers"/>
    <property name="java.runtime.version" value="1.8.0_422-b05"/>
    <property name="java.net.preferIPv4Stack" value="true"/>
    <property name="user.name" value="runner"/>
    <property name="path.separator" value=":"/>
    <property name="os.version" value="5.15.0-1070-azure"/>
    <property name="java.endorsed.dirs" value="/usr/lib/jvm/temurin-8-jdk-amd64/jre/lib/endorsed"/>
    <property name="java.runtime.name" value="OpenJDK Runtime Environment"/>
    <property name="file.encoding" value="UTF-8"/>
    <property name="java.vm.name" value="OpenJDK 64-Bit Server VM"/>
    <property name="localRepository" value="/home/runner/.m2/repository"/>
    <property name="java.vendor.url.bug" value="https://github.com/adoptium/adoptium-support/issues"/>
    <property name="java.io.tmpdir" value="/tmp"/>
    <property name="java.version" value="1.8.0_422"/>
    <property name="user.dir" value="/home/runner/work/ratis/ratis/ratis-test"/>
    <property name="os.arch" value="amd64"/>
    <property name="ratis.tmp.dir" value="/home/runner/work/ratis/ratis/ratis-test/target/tmp"/>
    <property name="java.vm.specification.name" value="Java Virtual Machine Specification"/>
    <property name="java.awt.printerjob" value="sun.print.PSPrinterJob"/>
    <property name="ratis.log.dir" value="/home/runner/work/ratis/ratis/ratis-test/target/log"/>
    <property name="sun.os.patch.level" value="unknown"/>
    <property name="org.apache.ratis.thirdparty.io.netty.allocator.useCacheForAllThreads" value="false"/>
    <property name="java.library.path" value="/usr/java/packages/lib/amd64:/usr/lib64:/lib64:/lib:/usr/lib"/>
    <property name="java.vm.info" value="mixed mode"/>
    <property name="java.vendor" value="Temurin"/>
    <property name="java.vm.version" value="25.422-b05"/>
    <property name="java.specification.maintenance.version" value="5"/>
    <property name="java.ext.dirs" value="/usr/lib/jvm/temurin-8-jdk-amd64/jre/lib/ext:/usr/java/packages/lib/ext"/>
    <property name="sun.io.unicode.encoding" value="UnicodeLittle"/>
    <property name="java.class.version" value="52.0"/>
  </properties>
  <testcase name="testElectionTransferCommand" classname="org.apache.ratis.grpc.cli.TestElectionCommandIntegrationWithGrpc" time="6.317">
    <error type="java.lang.IllegalStateException"><![CDATA[java.lang.IllegalStateException: allLeaks.size = 1
	at org.apache.ratis.util.Preconditions.assertTrue(Preconditions.java:77)
	at org.apache.ratis.util.LeakDetector.assertNoLeaks(LeakDetector.java:107)
	at org.apache.ratis.server.impl.MiniRaftCluster.shutdown(MiniRaftCluster.java:869)
	at org.apache.ratis.grpc.MiniRaftClusterWithGrpc.shutdown(MiniRaftClusterWithGrpc.java:93)
	at org.apache.ratis.server.impl.MiniRaftCluster$Factory$Get.runWithNewCluster(MiniRaftCluster.java:149)
	at org.apache.ratis.server.impl.MiniRaftCluster$Factory$Get.runWithNewCluster(MiniRaftCluster.java:121)
	at org.apache.ratis.shell.cli.sh.ElectionCommandIntegrationTest.testElectionTransferCommand(ElectionCommandIntegrationTest.java:57)
	at java.lang.reflect.Method.invoke(Method.java:498)
	at java.util.ArrayList.forEach(ArrayList.java:1259)
	at java.util.ArrayList.forEach(ArrayList.java:1259)
]]></error>
    <system-out><![CDATA[2024-08-22 16:48:12,477 [main] INFO  util.LogUtils (Slf4jUtils.java:setLogLevel(38)) - Successfully set org.apache.ratis.conf.ConfUtils log level to WARN
2024-08-22 16:48:12,484 [main] INFO  util.LogUtils (Slf4jUtils.java:setLogLevel(38)) - Successfully set org.apache.ratis.util.FileUtils log level to TRACE
2024-08-22 16:48:12,489 [main] INFO  util.LogUtils (Slf4jUtils.java:setLogLevel(38)) - Successfully set org.apache.ratis.server.RaftServer$Division log level to WARN
2024-08-22 16:48:12,492 [main] INFO  util.LogUtils (Slf4jUtils.java:setLogLevel(38)) - Successfully set org.apache.ratis.server.raftlog.RaftLog log level to WARN
2024-08-22 16:48:12,493 [main] INFO  util.LogUtils (Slf4jUtils.java:setLogLevel(38)) - Successfully set org.apache.ratis.client.RaftClient log level to WARN
2024-08-22 16:48:12,537 [main] INFO  impl.MiniRaftCluster (MiniRaftCluster.java:runWithNewCluster(137)) - Running runWithNewCluster
2024-08-22 16:48:12,678 [main] INFO  impl.MiniRaftCluster (MiniRaftCluster.java:<init>(309)) - new MiniRaftClusterWithGrpc with group-B0CDB86464CA:[s0|localhost:15000, s1|localhost:15004, s2|localhost:15008]
2024-08-22 16:48:12,679 [main] INFO  impl.MiniRaftCluster (MiniRaftCluster.java:start(342)) - .............................................................. 
2024-08-22 16:48:12,679 [main] INFO  impl.MiniRaftCluster (MiniRaftCluster.java:start(343)) - ... 
2024-08-22 16:48:12,679 [main] INFO  impl.MiniRaftCluster (MiniRaftCluster.java:start(344)) - ...     Starting MiniRaftClusterWithGrpc
2024-08-22 16:48:12,680 [main] INFO  impl.MiniRaftCluster (MiniRaftCluster.java:start(345)) - ... 
2024-08-22 16:48:12,680 [main] INFO  impl.MiniRaftCluster (MiniRaftCluster.java:start(346)) - .............................................................. 
2024-08-22 16:48:12,680 [main] INFO  impl.MiniRaftCluster (MiniRaftCluster.java:initServers(321)) - servers = {}
2024-08-22 16:48:12,688 [main] INFO  impl.MiniRaftCluster (MiniRaftCluster.java:newRaftServer(386)) - newRaftServer: s0, group-B0CDB86464CA:[s0|localhost:15000, s1|localhost:15004, s2|localhost:15008], format? true
2024-08-22 16:48:12,689 [main] TRACE util.FileUtils (FileUtils.java:deleteFully(305)) - deleteFully target/test/data/6c727245/MiniRaftClusterWithGrpc3cdf361c/s0
2024-08-22 16:48:12,692 [main] TRACE util.FileUtils (FileUtils.java:deleteFully(318)) - deleteFully: target/test/data/6c727245/MiniRaftClusterWithGrpc3cdf361c/s0 does not exist.
2024-08-22 16:48:12,692 [main] INFO  impl.MiniRaftCluster (MiniRaftCluster.java:newRaftServer(391)) - Formatted directory target/test/data/6c727245/MiniRaftClusterWithGrpc3cdf361c/s0
2024-08-22 16:48:12,721 [main] INFO  server.RaftServer (ConfUtils.java:logGet(46)) - raft.rpc.type = GRPC (default)
2024-08-22 16:48:12,864 [main] INFO  grpc.GrpcConfigKeys (ConfUtils.java:logFallback(53)) - raft.grpc.admin.host = null (fallback to raft.grpc.server.host)
2024-08-22 16:48:12,866 [main] INFO  grpc.GrpcConfigKeys (ConfUtils.java:logGet(46)) - raft.grpc.admin.port = 15001 (custom)
2024-08-22 16:48:12,866 [main] INFO  grpc.GrpcConfigKeys (ConfUtils.java:logFallback(53)) - raft.grpc.client.host = null (fallback to raft.grpc.server.host)
2024-08-22 16:48:12,867 [main] INFO  grpc.GrpcConfigKeys (ConfUtils.java:logGet(46)) - raft.grpc.client.port = 15002 (custom)
2024-08-22 16:48:12,867 [main] INFO  grpc.GrpcConfigKeys (ConfUtils.java:logGet(46)) - raft.grpc.server.host = null (default)
2024-08-22 16:48:12,868 [main] INFO  grpc.GrpcConfigKeys (ConfUtils.java:logGet(46)) - raft.grpc.server.port = 15000 (custom)
2024-08-22 16:48:12,868 [main] INFO  server.GrpcService (ConfUtils.java:logGet(46)) - raft.grpc.message.size.max = 64MB (=67108864) (default)
2024-08-22 16:48:12,869 [main] INFO  server.GrpcService (ConfUtils.java:logGet(46)) - raft.grpc.flow.control.window = 1MB (=1048576) (default)
2024-08-22 16:48:12,872 [main] INFO  server.RaftServerConfigKeys (ConfUtils.java:logGet(46)) - raft.server.rpc.request.timeout = 3000ms (default)
2024-08-22 16:48:12,895 [main] INFO  grpc.GrpcConfigKeys (ConfUtils.java:logGet(46)) - raft.grpc.server.heartbeat.channel = true (default)
2024-08-22 16:48:12,896 [main] INFO  grpc.GrpcConfigKeys (ConfUtils.java:logGet(46)) - raft.grpc.server.zerocopy.enabled = true (custom)
2024-08-22 16:48:12,898 [main] INFO  server.RaftServerConfigKeys (ConfUtils.java:logGet(46)) - raft.server.log.appender.buffer.byte-limit = 4MB (=4194304) (default)
2024-08-22 16:48:12,909 [main] INFO  metrics.MetricRegistries (MetricRegistriesLoader.java:load(64)) - Loaded MetricRegistries class org.apache.ratis.metrics.impl.MetricRegistriesImpl
2024-08-22 16:48:12,970 [main] INFO  grpc.GrpcConfigKeys (ConfUtils.java:logGet(46)) - raft.grpc.server.async.request.thread.pool.cached = true (default)
2024-08-22 16:48:12,971 [main] INFO  grpc.GrpcConfigKeys (ConfUtils.java:logGet(46)) - raft.grpc.server.async.request.thread.pool.size = 32 (default)
2024-08-22 16:48:13,373 [main] INFO  impl.DataStreamServerImpl (ConfUtils.java:logGet(46)) - raft.datastream.type = DISABLED (default)
2024-08-22 16:48:13,375 [main] INFO  server.RaftServerConfigKeys (ConfUtils.java:logGet(46)) - raft.server.sleep.deviation.threshold = 300ms (default)
2024-08-22 16:48:13,376 [main] INFO  server.RaftServerConfigKeys (ConfUtils.java:logGet(46)) - raft.server.close.threshold = 60s (default)
2024-08-22 16:48:13,377 [main] INFO  server.RaftServerConfigKeys (ConfUtils.java:logGet(46)) - raft.server.leaderelection.leader.step-down.wait-time = 10s (default)
2024-08-22 16:48:13,382 [main] INFO  server.RaftServerConfigKeys (ConfUtils.java:logGet(46)) - raft.server.storage.dir = [/home/runner/work/ratis/ratis/ratis-test/target/test/data/6c727245/MiniRaftClusterWithGrpc3cdf361c/s0] (custom)
2024-08-22 16:48:13,384 [main] INFO  server.RaftServerConfigKeys (ConfUtils.java:logGet(46)) - raft.server.threadpool.proxy.cached = true (default)
2024-08-22 16:48:13,384 [main] INFO  server.RaftServerConfigKeys (ConfUtils.java:logGet(46)) - raft.server.threadpool.proxy.size = 0 (default)
2024-08-22 16:48:13,398 [main] INFO  server.RaftServer (RaftServerProxy.java:addNew(101)) - s0: addNew group-B0CDB86464CA:[s0|localhost:15000, s1|localhost:15004, s2|localhost:15008] returns group-B0CDB86464CA:java.util.concurrent.CompletableFuture@de63949[Not completed]
2024-08-22 16:48:13,398 [main] INFO  impl.MiniRaftCluster (MiniRaftCluster.java:newRaftServer(386)) - newRaftServer: s1, group-B0CDB86464CA:[s0|localhost:15000, s1|localhost:15004, s2|localhost:15008], format? true
2024-08-22 16:48:13,399 [main] TRACE util.FileUtils (FileUtils.java:deleteFully(305)) - deleteFully target/test/data/6c727245/MiniRaftClusterWithGrpc3cdf361c/s1
2024-08-22 16:48:13,399 [main] TRACE util.FileUtils (FileUtils.java:deleteFully(318)) - deleteFully: target/test/data/6c727245/MiniRaftClusterWithGrpc3cdf361c/s1 does not exist.
2024-08-22 16:48:13,399 [main] INFO  impl.MiniRaftCluster (MiniRaftCluster.java:newRaftServer(391)) - Formatted directory target/test/data/6c727245/MiniRaftClusterWithGrpc3cdf361c/s1
2024-08-22 16:48:13,401 [main] INFO  server.RaftServer (ConfUtils.java:logGet(46)) - raft.rpc.type = GRPC (default)
2024-08-22 16:48:13,401 [main] INFO  grpc.GrpcConfigKeys (ConfUtils.java:logFallback(53)) - raft.grpc.admin.host = null (fallback to raft.grpc.server.host)
2024-08-22 16:48:13,401 [main] INFO  grpc.GrpcConfigKeys (ConfUtils.java:logGet(46)) - raft.grpc.admin.port = 15005 (custom)
2024-08-22 16:48:13,402 [main] INFO  grpc.GrpcConfigKeys (ConfUtils.java:logFallback(53)) - raft.grpc.client.host = null (fallback to raft.grpc.server.host)
2024-08-22 16:48:13,402 [main] INFO  grpc.GrpcConfigKeys (ConfUtils.java:logGet(46)) - raft.grpc.client.port = 15006 (custom)
2024-08-22 16:48:13,403 [main] INFO  grpc.GrpcConfigKeys (ConfUtils.java:logGet(46)) - raft.grpc.server.host = null (default)
2024-08-22 16:48:13,403 [main] INFO  grpc.GrpcConfigKeys (ConfUtils.java:logGet(46)) - raft.grpc.server.port = 15004 (custom)
2024-08-22 16:48:13,405 [main] INFO  server.GrpcService (ConfUtils.java:logGet(46)) - raft.grpc.message.size.max = 64MB (=67108864) (default)
2024-08-22 16:48:13,406 [main] INFO  server.GrpcService (ConfUtils.java:logGet(46)) - raft.grpc.flow.control.window = 1MB (=1048576) (default)
2024-08-22 16:48:13,406 [main] INFO  server.RaftServerConfigKeys (ConfUtils.java:logGet(46)) - raft.server.rpc.request.timeout = 3000ms (default)
2024-08-22 16:48:13,407 [main] INFO  grpc.GrpcConfigKeys (ConfUtils.java:logGet(46)) - raft.grpc.server.heartbeat.channel = true (default)
2024-08-22 16:48:13,407 [main] INFO  grpc.GrpcConfigKeys (ConfUtils.java:logGet(46)) - raft.grpc.server.zerocopy.enabled = true (custom)
2024-08-22 16:48:13,408 [main] INFO  server.RaftServerConfigKeys (ConfUtils.java:logGet(46)) - raft.server.log.appender.buffer.byte-limit = 4MB (=4194304) (default)
2024-08-22 16:48:13,409 [main] INFO  grpc.GrpcConfigKeys (ConfUtils.java:logGet(46)) - raft.grpc.server.async.request.thread.pool.cached = true (default)
2024-08-22 16:48:13,409 [main] INFO  grpc.GrpcConfigKeys (ConfUtils.java:logGet(46)) - raft.grpc.server.async.request.thread.pool.size = 32 (default)
2024-08-22 16:48:13,413 [main] INFO  impl.DataStreamServerImpl (ConfUtils.java:logGet(46)) - raft.datastream.type = DISABLED (default)
2024-08-22 16:48:13,413 [main] INFO  server.RaftServerConfigKeys (ConfUtils.java:logGet(46)) - raft.server.sleep.deviation.threshold = 300ms (default)
2024-08-22 16:48:13,414 [main] INFO  server.RaftServerConfigKeys (ConfUtils.java:logGet(46)) - raft.server.close.threshold = 60s (default)
2024-08-22 16:48:13,414 [main] INFO  server.RaftServerConfigKeys (ConfUtils.java:logGet(46)) - raft.server.leaderelection.leader.step-down.wait-time = 10s (default)
2024-08-22 16:48:13,415 [main] INFO  server.RaftServerConfigKeys (ConfUtils.java:logGet(46)) - raft.server.storage.dir = [/home/runner/work/ratis/ratis/ratis-test/target/test/data/6c727245/MiniRaftClusterWithGrpc3cdf361c/s1] (custom)
2024-08-22 16:48:13,415 [main] INFO  server.RaftServerConfigKeys (ConfUtils.java:logGet(46)) - raft.server.threadpool.proxy.cached = true (default)
2024-08-22 16:48:13,415 [main] INFO  server.RaftServerConfigKeys (ConfUtils.java:logGet(46)) - raft.server.threadpool.proxy.size = 0 (default)
2024-08-22 16:48:13,416 [s0-groupManagement] INFO  server.RaftServerConfigKeys (ConfUtils.java:logGet(46)) - raft.server.log.segment.size.max = 32MB (=33554432) (default)
2024-08-22 16:48:13,417 [s0-groupManagement] INFO  server.RaftServerConfigKeys (ConfUtils.java:logGet(46)) - raft.server.log.preallocated.size = 4MB (=4194304) (default)
2024-08-22 16:48:13,418 [main] INFO  server.RaftServer (RaftServerProxy.java:addNew(101)) - s1: addNew group-B0CDB86464CA:[s0|localhost:15000, s1|localhost:15004, s2|localhost:15008] returns group-B0CDB86464CA:java.util.concurrent.CompletableFuture@a2fb8a5[Not completed]
2024-08-22 16:48:13,418 [s0-groupManagement] INFO  server.RaftServerConfigKeys (ConfUtils.java:logGet(46)) - raft.server.log.write.buffer.size = 8MB (=8388608) (default)
2024-08-22 16:48:13,419 [s1-groupManagement] INFO  server.RaftServerConfigKeys (ConfUtils.java:logGet(46)) - raft.server.log.segment.size.max = 32MB (=33554432) (default)
2024-08-22 16:48:13,419 [s1-groupManagement] INFO  server.RaftServerConfigKeys (ConfUtils.java:logGet(46)) - raft.server.log.preallocated.size = 4MB (=4194304) (default)
2024-08-22 16:48:13,419 [s1-groupManagement] INFO  server.RaftServerConfigKeys (ConfUtils.java:logGet(46)) - raft.server.log.write.buffer.size = 8MB (=8388608) (default)
2024-08-22 16:48:13,418 [main] INFO  impl.MiniRaftCluster (MiniRaftCluster.java:newRaftServer(386)) - newRaftServer: s2, group-B0CDB86464CA:[s0|localhost:15000, s1|localhost:15004, s2|localhost:15008], format? true
2024-08-22 16:48:13,420 [main] TRACE util.FileUtils (FileUtils.java:deleteFully(305)) - deleteFully target/test/data/6c727245/MiniRaftClusterWithGrpc3cdf361c/s2
2024-08-22 16:48:13,420 [main] TRACE util.FileUtils (FileUtils.java:deleteFully(318)) - deleteFully: target/test/data/6c727245/MiniRaftClusterWithGrpc3cdf361c/s2 does not exist.
2024-08-22 16:48:13,420 [main] INFO  impl.MiniRaftCluster (MiniRaftCluster.java:newRaftServer(391)) - Formatted directory target/test/data/6c727245/MiniRaftClusterWithGrpc3cdf361c/s2
2024-08-22 16:48:13,421 [main] INFO  server.RaftServer (ConfUtils.java:logGet(46)) - raft.rpc.type = GRPC (default)
2024-08-22 16:48:13,421 [main] INFO  grpc.GrpcConfigKeys (ConfUtils.java:logFallback(53)) - raft.grpc.admin.host = null (fallback to raft.grpc.server.host)
2024-08-22 16:48:13,422 [main] INFO  grpc.GrpcConfigKeys (ConfUtils.java:logGet(46)) - raft.grpc.admin.port = 15009 (custom)
2024-08-22 16:48:13,422 [main] INFO  grpc.GrpcConfigKeys (ConfUtils.java:logFallback(53)) - raft.grpc.client.host = null (fallback to raft.grpc.server.host)
2024-08-22 16:48:13,422 [main] INFO  grpc.GrpcConfigKeys (ConfUtils.java:logGet(46)) - raft.grpc.client.port = 15010 (custom)
2024-08-22 16:48:13,422 [main] INFO  grpc.GrpcConfigKeys (ConfUtils.java:logGet(46)) - raft.grpc.server.host = null (default)
2024-08-22 16:48:13,423 [main] INFO  grpc.GrpcConfigKeys (ConfUtils.java:logGet(46)) - raft.grpc.server.port = 15008 (custom)
2024-08-22 16:48:13,423 [main] INFO  server.GrpcService (ConfUtils.java:logGet(46)) - raft.grpc.message.size.max = 64MB (=67108864) (default)
2024-08-22 16:48:13,423 [main] INFO  server.GrpcService (ConfUtils.java:logGet(46)) - raft.grpc.flow.control.window = 1MB (=1048576) (default)
2024-08-22 16:48:13,423 [main] INFO  server.RaftServerConfigKeys (ConfUtils.java:logGet(46)) - raft.server.rpc.request.timeout = 3000ms (default)
2024-08-22 16:48:13,424 [main] INFO  grpc.GrpcConfigKeys (ConfUtils.java:logGet(46)) - raft.grpc.server.heartbeat.channel = true (default)
2024-08-22 16:48:13,424 [main] INFO  grpc.GrpcConfigKeys (ConfUtils.java:logGet(46)) - raft.grpc.server.zerocopy.enabled = true (custom)
2024-08-22 16:48:13,424 [main] INFO  server.RaftServerConfigKeys (ConfUtils.java:logGet(46)) - raft.server.log.appender.buffer.byte-limit = 4MB (=4194304) (default)
2024-08-22 16:48:13,425 [main] INFO  grpc.GrpcConfigKeys (ConfUtils.java:logGet(46)) - raft.grpc.server.async.request.thread.pool.cached = true (default)
2024-08-22 16:48:13,425 [main] INFO  grpc.GrpcConfigKeys (ConfUtils.java:logGet(46)) - raft.grpc.server.async.request.thread.pool.size = 32 (default)
2024-08-22 16:48:13,425 [s0-groupManagement] INFO  server.RaftServerConfigKeys (ConfUtils.java:logGet(46)) - raft.server.rpc.timeout.min = 150ms (default)
2024-08-22 16:48:13,425 [s0-groupManagement] INFO  server.RaftServerConfigKeys (ConfUtils.java:logGet(46)) - raft.server.rpc.timeout.max = 300ms (default)
2024-08-22 16:48:13,426 [s0-groupManagement] INFO  server.RaftServerConfigKeys (ConfUtils.java:logGet(46)) - raft.server.rpc.sleep.time = 25ms (default)
2024-08-22 16:48:13,426 [s0-groupManagement] INFO  server.RaftServerConfigKeys (ConfUtils.java:logGet(46)) - raft.server.rpc.slowness.timeout = 60s (default)
2024-08-22 16:48:13,426 [s0-groupManagement] INFO  server.RaftServerConfigKeys (ConfUtils.java:logGet(46)) - raft.server.leaderelection.leader.step-down.wait-time = 10s (default)
2024-08-22 16:48:13,426 [s0-groupManagement] INFO  server.RaftServerConfigKeys (ConfUtils.java:logGet(46)) - raft.server.leaderelection.member.majority-add = false (default)
2024-08-22 16:48:13,427 [s0-groupManagement] INFO  server.RaftServerConfigKeys (ConfUtils.java:logGet(46)) - raft.server.sleep.deviation.threshold = 300ms (default)
2024-08-22 16:48:13,432 [s1-groupManagement] INFO  server.RaftServerConfigKeys (ConfUtils.java:logGet(46)) - raft.server.rpc.timeout.min = 150ms (default)
2024-08-22 16:48:13,432 [s1-groupManagement] INFO  server.RaftServerConfigKeys (ConfUtils.java:logGet(46)) - raft.server.rpc.timeout.max = 300ms (default)
2024-08-22 16:48:13,432 [s1-groupManagement] INFO  server.RaftServerConfigKeys (ConfUtils.java:logGet(46)) - raft.server.rpc.sleep.time = 25ms (default)
2024-08-22 16:48:13,432 [s1-groupManagement] INFO  server.RaftServerConfigKeys (ConfUtils.java:logGet(46)) - raft.server.rpc.slowness.timeout = 60s (default)
2024-08-22 16:48:13,432 [s1-groupManagement] INFO  server.RaftServerConfigKeys (ConfUtils.java:logGet(46)) - raft.server.leaderelection.leader.step-down.wait-time = 10s (default)
2024-08-22 16:48:13,432 [s1-groupManagement] INFO  server.RaftServerConfigKeys (ConfUtils.java:logGet(46)) - raft.server.leaderelection.member.majority-add = false (default)
2024-08-22 16:48:13,432 [main] INFO  impl.DataStreamServerImpl (ConfUtils.java:logGet(46)) - raft.datastream.type = DISABLED (default)
2024-08-22 16:48:13,433 [main] INFO  server.RaftServerConfigKeys (ConfUtils.java:logGet(46)) - raft.server.sleep.deviation.threshold = 300ms (default)
2024-08-22 16:48:13,433 [main] INFO  server.RaftServerConfigKeys (ConfUtils.java:logGet(46)) - raft.server.close.threshold = 60s (default)
2024-08-22 16:48:13,434 [main] INFO  server.RaftServerConfigKeys (ConfUtils.java:logGet(46)) - raft.server.leaderelection.leader.step-down.wait-time = 10s (default)
2024-08-22 16:48:13,434 [main] INFO  server.RaftServerConfigKeys (ConfUtils.java:logGet(46)) - raft.server.storage.dir = [/home/runner/work/ratis/ratis/ratis-test/target/test/data/6c727245/MiniRaftClusterWithGrpc3cdf361c/s2] (custom)
2024-08-22 16:48:13,434 [main] INFO  server.RaftServerConfigKeys (ConfUtils.java:logGet(46)) - raft.server.threadpool.proxy.cached = true (default)
2024-08-22 16:48:13,435 [main] INFO  server.RaftServerConfigKeys (ConfUtils.java:logGet(46)) - raft.server.threadpool.proxy.size = 0 (default)
2024-08-22 16:48:13,433 [s1-groupManagement] INFO  server.RaftServerConfigKeys (ConfUtils.java:logGet(46)) - raft.server.sleep.deviation.threshold = 300ms (default)
2024-08-22 16:48:13,440 [main] INFO  server.RaftServer (RaftServerProxy.java:addNew(101)) - s2: addNew group-B0CDB86464CA:[s0|localhost:15000, s1|localhost:15004, s2|localhost:15008] returns group-B0CDB86464CA:java.util.concurrent.CompletableFuture@5a31abe9[Not completed]
2024-08-22 16:48:13,443 [s2-groupManagement] INFO  server.RaftServerConfigKeys (ConfUtils.java:logGet(46)) - raft.server.log.segment.size.max = 32MB (=33554432) (default)
2024-08-22 16:48:13,443 [s2-groupManagement] INFO  server.RaftServerConfigKeys (ConfUtils.java:logGet(46)) - raft.server.log.preallocated.size = 4MB (=4194304) (default)
2024-08-22 16:48:13,444 [s2-groupManagement] INFO  server.RaftServerConfigKeys (ConfUtils.java:logGet(46)) - raft.server.log.write.buffer.size = 8MB (=8388608) (default)
2024-08-22 16:48:13,444 [s2-groupManagement] INFO  server.RaftServerConfigKeys (ConfUtils.java:logGet(46)) - raft.server.rpc.timeout.min = 150ms (default)
2024-08-22 16:48:13,444 [s2-groupManagement] INFO  server.RaftServerConfigKeys (ConfUtils.java:logGet(46)) - raft.server.rpc.timeout.max = 300ms (default)
2024-08-22 16:48:13,444 [s2-groupManagement] INFO  server.RaftServerConfigKeys (ConfUtils.java:logGet(46)) - raft.server.rpc.sleep.time = 25ms (default)
2024-08-22 16:48:13,444 [s2-groupManagement] INFO  server.RaftServerConfigKeys (ConfUtils.java:logGet(46)) - raft.server.rpc.slowness.timeout = 60s (default)
2024-08-22 16:48:13,445 [s2-groupManagement] INFO  server.RaftServerConfigKeys (ConfUtils.java:logGet(46)) - raft.server.leaderelection.leader.step-down.wait-time = 10s (default)
2024-08-22 16:48:13,445 [s2-groupManagement] INFO  server.RaftServerConfigKeys (ConfUtils.java:logGet(46)) - raft.server.leaderelection.member.majority-add = false (default)
2024-08-22 16:48:13,445 [s2-groupManagement] INFO  server.RaftServerConfigKeys (ConfUtils.java:logGet(46)) - raft.server.sleep.deviation.threshold = 300ms (default)
2024-08-22 16:48:13,449 [s1-groupManagement] INFO  server.RaftServerConfigKeys (ConfUtils.java:logGet(46)) - raft.server.notification.no-leader.timeout = 60s (default)
2024-08-22 16:48:13,450 [s0-groupManagement] INFO  server.RaftServerConfigKeys (ConfUtils.java:logGet(46)) - raft.server.notification.no-leader.timeout = 60s (default)
2024-08-22 16:48:13,450 [s2-groupManagement] INFO  server.RaftServerConfigKeys (ConfUtils.java:logGet(46)) - raft.server.notification.no-leader.timeout = 60s (default)
2024-08-22 16:48:13,455 [s1-groupManagement] INFO  server.RaftServerConfigKeys (ConfUtils.java:logGet(46)) - raft.server.read.timeout = 10s (default)
2024-08-22 16:48:13,455 [s0-groupManagement] INFO  server.RaftServerConfigKeys (ConfUtils.java:logGet(46)) - raft.server.read.timeout = 10s (default)
2024-08-22 16:48:13,455 [s2-groupManagement] INFO  server.RaftServerConfigKeys (ConfUtils.java:logGet(46)) - raft.server.read.timeout = 10s (default)
2024-08-22 16:48:13,460 [s0-groupManagement] INFO  server.RaftServerConfigKeys (ConfUtils.java:logGet(46)) - raft.server.retrycache.expirytime = 60s (default)
2024-08-22 16:48:13,460 [s2-groupManagement] INFO  server.RaftServerConfigKeys (ConfUtils.java:logGet(46)) - raft.server.retrycache.expirytime = 60s (default)
2024-08-22 16:48:13,460 [s1-groupManagement] INFO  server.RaftServerConfigKeys (ConfUtils.java:logGet(46)) - raft.server.retrycache.expirytime = 60s (default)
2024-08-22 16:48:13,461 [s1-groupManagement] INFO  server.RaftServerConfigKeys (ConfUtils.java:logGet(46)) - raft.server.retrycache.statistics.expirytime = 100ms (default)
2024-08-22 16:48:13,462 [s0-groupManagement] INFO  server.RaftServerConfigKeys (ConfUtils.java:logGet(46)) - raft.server.retrycache.statistics.expirytime = 100ms (default)
2024-08-22 16:48:13,461 [s2-groupManagement] INFO  server.RaftServerConfigKeys (ConfUtils.java:logGet(46)) - raft.server.retrycache.statistics.expirytime = 100ms (default)
2024-08-22 16:48:13,467 [s1-groupManagement] INFO  server.RaftServerConfigKeys (ConfUtils.java:logGet(46)) - raft.server.read.option = DEFAULT (default)
2024-08-22 16:48:13,467 [s0-groupManagement] INFO  server.RaftServerConfigKeys (ConfUtils.java:logGet(46)) - raft.server.read.option = DEFAULT (default)
2024-08-22 16:48:13,467 [s2-groupManagement] INFO  server.RaftServerConfigKeys (ConfUtils.java:logGet(46)) - raft.server.read.option = DEFAULT (default)
2024-08-22 16:48:13,468 [s1-groupManagement] INFO  server.RaftServerConfigKeys (ConfUtils.java:logGet(46)) - raft.server.read.read-after-write-consistent.write-index-cache.expiry-time = 60s (default)
2024-08-22 16:48:13,469 [s0-groupManagement] INFO  server.RaftServerConfigKeys (ConfUtils.java:logGet(46)) - raft.server.read.read-after-write-consistent.write-index-cache.expiry-time = 60s (default)
2024-08-22 16:48:13,469 [s2-groupManagement] INFO  server.RaftServerConfigKeys (ConfUtils.java:logGet(46)) - raft.server.read.read-after-write-consistent.write-index-cache.expiry-time = 60s (default)
2024-08-22 16:48:13,500 [s0-groupManagement] INFO  server.RaftServerConfigKeys (ConfUtils.java:logGet(46)) - raft.server.rpc.request.timeout = 3000ms (default)
2024-08-22 16:48:13,503 [s1-groupManagement] INFO  server.RaftServerConfigKeys (ConfUtils.java:logGet(46)) - raft.server.rpc.request.timeout = 3000ms (default)
2024-08-22 16:48:13,503 [s2-groupManagement] INFO  server.RaftServerConfigKeys (ConfUtils.java:logGet(46)) - raft.server.rpc.request.timeout = 3000ms (default)
2024-08-22 16:48:13,504 [s0-groupManagement] INFO  server.RaftServerConfigKeys (ConfUtils.java:logGet(46)) - raft.server.log.appender.install.snapshot.enabled = true (default)
2024-08-22 16:48:13,504 [s1-groupManagement] INFO  server.RaftServerConfigKeys (ConfUtils.java:logGet(46)) - raft.server.log.appender.install.snapshot.enabled = true (default)
2024-08-22 16:48:13,504 [s0-groupManagement] INFO  server.RaftServerConfigKeys (ConfUtils.java:logGet(46)) - raft.server.threadpool.server.cached = true (default)
2024-08-22 16:48:13,505 [s1-groupManagement] INFO  server.RaftServerConfigKeys (ConfUtils.java:logGet(46)) - raft.server.threadpool.server.cached = true (default)
2024-08-22 16:48:13,505 [s0-groupManagement] INFO  server.RaftServerConfigKeys (ConfUtils.java:logGet(46)) - raft.server.threadpool.server.size = 0 (default)
2024-08-22 16:48:13,504 [s2-groupManagement] INFO  server.RaftServerConfigKeys (ConfUtils.java:logGet(46)) - raft.server.log.appender.install.snapshot.enabled = true (default)
2024-08-22 16:48:13,505 [s2-groupManagement] INFO  server.RaftServerConfigKeys (ConfUtils.java:logGet(46)) - raft.server.threadpool.server.cached = true (default)
2024-08-22 16:48:13,505 [s0-groupManagement] INFO  server.RaftServerConfigKeys (ConfUtils.java:logGet(46)) - raft.server.threadpool.client.cached = true (default)
2024-08-22 16:48:13,505 [s0-groupManagement] INFO  server.RaftServerConfigKeys (ConfUtils.java:logGet(46)) - raft.server.threadpool.client.size = 0 (default)
2024-08-22 16:48:13,505 [s1-groupManagement] INFO  server.RaftServerConfigKeys (ConfUtils.java:logGet(46)) - raft.server.threadpool.server.size = 0 (default)
2024-08-22 16:48:13,506 [s1-groupManagement] INFO  server.RaftServerConfigKeys (ConfUtils.java:logGet(46)) - raft.server.threadpool.client.cached = true (default)
2024-08-22 16:48:13,506 [s1-groupManagement] INFO  server.RaftServerConfigKeys (ConfUtils.java:logGet(46)) - raft.server.threadpool.client.size = 0 (default)
2024-08-22 16:48:13,505 [s2-groupManagement] INFO  server.RaftServerConfigKeys (ConfUtils.java:logGet(46)) - raft.server.threadpool.server.size = 0 (default)
2024-08-22 16:48:13,507 [s2-groupManagement] INFO  server.RaftServerConfigKeys (ConfUtils.java:logGet(46)) - raft.server.threadpool.client.cached = true (default)
2024-08-22 16:48:13,507 [s2-groupManagement] INFO  server.RaftServerConfigKeys (ConfUtils.java:logGet(46)) - raft.server.threadpool.client.size = 0 (default)
2024-08-22 16:48:13,507 [s0-impl-thread1] INFO  server.RaftServerConfigKeys (ConfUtils.java:logGet(46)) - raft.server.storage.free-space.min = 0MB (=0) (default)
2024-08-22 16:48:13,507 [s0-impl-thread1] INFO  server.RaftServerConfigKeys (ConfUtils.java:logGet(46)) - raft.server.log.corruption.policy = EXCEPTION (default)
2024-08-22 16:48:13,508 [s0-impl-thread1] INFO  server.RaftServerConfigKeys (ConfUtils.java:logGet(46)) - raft.server.storage.dir = [/home/runner/work/ratis/ratis/ratis-test/target/test/data/6c727245/MiniRaftClusterWithGrpc3cdf361c/s0] (custom)
2024-08-22 16:48:13,513 [s0-impl-thread1] INFO  storage.RaftStorageDirectory (RaftStorageDirectoryImpl.java:analyzeStorage(138)) - The storage directory /home/runner/work/ratis/ratis/ratis-test/target/test/data/6c727245/MiniRaftClusterWithGrpc3cdf361c/s0/8d872b9c-7458-40d3-8787-b0cdb86464ca does not exist. Creating ...
2024-08-22 16:48:13,514 [s0-impl-thread1] TRACE util.FileUtils (LogUtils.java:runAndLog(49)) - Successfully ran Files.createDirectories /home/runner/work/ratis/ratis/ratis-test/target/test/data/6c727245/MiniRaftClusterWithGrpc3cdf361c/s0/8d872b9c-7458-40d3-8787-b0cdb86464ca
2024-08-22 16:48:13,516 [s0-impl-thread1] INFO  storage.RaftStorageDirectory (RaftStorageDirectoryImpl.java:tryLock(229)) - Lock on /home/runner/work/ratis/ratis/ratis-test/target/test/data/6c727245/MiniRaftClusterWithGrpc3cdf361c/s0/8d872b9c-7458-40d3-8787-b0cdb86464ca/in_use.lock acquired by nodename 5951@fv-az2024-567
2024-08-22 16:48:13,517 [s0-impl-thread1] TRACE util.FileUtils (LogUtils.java:runAndLog(49)) - Successfully ran Files.createDirectories /home/runner/work/ratis/ratis/ratis-test/target/test/data/6c727245/MiniRaftClusterWithGrpc3cdf361c/s0/8d872b9c-7458-40d3-8787-b0cdb86464ca/current
2024-08-22 16:48:13,517 [s0-impl-thread1] TRACE util.FileUtils (LogUtils.java:runAndLog(49)) - Successfully ran Files.createDirectories /home/runner/work/ratis/ratis/ratis-test/target/test/data/6c727245/MiniRaftClusterWithGrpc3cdf361c/s0/8d872b9c-7458-40d3-8787-b0cdb86464ca/sm
2024-08-22 16:48:13,523 [s0-impl-thread1] TRACE util.FileUtils (LogUtils.java:supplyAndLog(69)) - Successfully supplied FileChannel.open /home/runner/work/ratis/ratis/ratis-test/target/test/data/6c727245/MiniRaftClusterWithGrpc3cdf361c/s0/8d872b9c-7458-40d3-8787-b0cdb86464ca/current/raft-meta.tmp with options [CREATE, WRITE]: sun.nio.ch.FileChannelImpl@4f37a1ba
2024-08-22 16:48:13,528 [s0-impl-thread1] TRACE util.FileUtils (LogUtils.java:runAndLog(49)) - Successfully ran Atomic Files.move /home/runner/work/ratis/ratis/ratis-test/target/test/data/6c727245/MiniRaftClusterWithGrpc3cdf361c/s0/8d872b9c-7458-40d3-8787-b0cdb86464ca/current/raft-meta.tmp to /home/runner/work/ratis/ratis/ratis-test/target/test/data/6c727245/MiniRaftClusterWithGrpc3cdf361c/s0/8d872b9c-7458-40d3-8787-b0cdb86464ca/current/raft-meta with options [REPLACE_EXISTING]
2024-08-22 16:48:13,528 [s0-impl-thread1] INFO  storage.RaftStorage (RaftStorageImpl.java:format(98)) - Storage directory /home/runner/work/ratis/ratis/ratis-test/target/test/data/6c727245/MiniRaftClusterWithGrpc3cdf361c/s0/8d872b9c-7458-40d3-8787-b0cdb86464ca has been successfully formatted.
2024-08-22 16:48:13,529 [s0-impl-thread1] INFO  impl.SimpleStateMachine4Testing (SimpleStateMachine4Testing.java:initialize(215)) - Initializing SimpleStateMachine4Testing:uninitialized
2024-08-22 16:48:13,552 [s0-impl-thread1] INFO  impl.SimpleStateMachine4Testing (SimpleStateMachine4Testing.java:loadSnapshot(300)) - Loading snapshot null
2024-08-22 16:48:13,555 [s0-impl-thread1] INFO  server.RaftServerConfigKeys (ConfUtils.java:logGet(46)) - raft.server.log.use.memory = false (default)
2024-08-22 16:48:13,567 [s0-impl-thread1] INFO  server.RaftServerConfigKeys (ConfUtils.java:logGet(46)) - raft.server.log.purge.gap = 1024 (default)
2024-08-22 16:48:13,567 [s0-impl-thread1] INFO  server.RaftServerConfigKeys (ConfUtils.java:logGet(46)) - raft.server.log.appender.buffer.byte-limit = 4MB (=4194304) (default)
2024-08-22 16:48:13,569 [s0-impl-thread1] INFO  server.RaftServerConfigKeys (ConfUtils.java:logGet(46)) - raft.server.log.statemachine.data.read.timeout = 1000ms (default)
2024-08-22 16:48:13,569 [s0-impl-thread1] INFO  server.RaftServerConfigKeys (ConfUtils.java:logGet(46)) - raft.server.log.purge.preservation.log.num = 0 (default)
2024-08-22 16:48:13,573 [s0-impl-thread1] INFO  server.RaftServerConfigKeys (ConfUtils.java:logGet(46)) - raft.server.log.segment.size.max = 8KB (=8192) (custom)
2024-08-22 16:48:13,581 [s0-impl-thread1] INFO  server.RaftServerConfigKeys (ConfUtils.java:logGet(46)) - raft.server.log.segment.cache.num.max = 6 (default)
2024-08-22 16:48:13,581 [s0-impl-thread1] INFO  server.RaftServerConfigKeys (ConfUtils.java:logGet(46)) - raft.server.log.segment.cache.size.max = 200MB (=209715200) (default)
2024-08-22 16:48:13,581 [s0-impl-thread1] INFO  server.RaftServerConfigKeys (ConfUtils.java:logGet(46)) - raft.server.log.appender.buffer.byte-limit = 4MB (=4194304) (default)
2024-08-22 16:48:13,583 [s0-impl-thread1] INFO  util.AwaitToRun (AwaitToRun.java:start(81)) - Thread[s0@group-B0CDB86464CA-cacheEviction-AwaitToRun,5,main] started
2024-08-22 16:48:13,591 [s0-impl-thread1] INFO  segmented.SegmentedRaftLogWorker (SegmentedRaftLogWorker.java:<init>(187)) - new s0@group-B0CDB86464CA-SegmentedRaftLogWorker for RaftStorageImpl:Storage Directory /home/runner/work/ratis/ratis/ratis-test/target/test/data/6c727245/MiniRaftClusterWithGrpc3cdf361c/s0/8d872b9c-7458-40d3-8787-b0cdb86464ca
2024-08-22 16:48:13,591 [s0-impl-thread1] INFO  server.RaftServerConfigKeys (ConfUtils.java:logGet(46)) - raft.server.log.queue.byte-limit = 64MB (=67108864) (default)
2024-08-22 16:48:13,592 [s0-impl-thread1] INFO  server.RaftServerConfigKeys (ConfUtils.java:logGet(46)) - raft.server.log.queue.element-limit = 4096 (default)
2024-08-22 16:48:13,595 [s0-impl-thread1] INFO  server.RaftServerConfigKeys (ConfUtils.java:logGet(46)) - raft.server.log.segment.size.max = 8KB (=8192) (custom)
2024-08-22 16:48:13,595 [s0-impl-thread1] INFO  server.RaftServerConfigKeys (ConfUtils.java:logGet(46)) - raft.server.log.preallocated.size = 4MB (=4194304) (default)
2024-08-22 16:48:13,596 [s0-impl-thread1] INFO  server.RaftServerConfigKeys (ConfUtils.java:logGet(46)) - raft.server.log.force.sync.num = 128 (default)
2024-08-22 16:48:13,596 [s0-impl-thread1] INFO  server.RaftServerConfigKeys (ConfUtils.java:logGet(46)) - raft.server.log.statemachine.data.sync = true (default)
2024-08-22 16:48:13,598 [s0-impl-thread1] INFO  server.RaftServerConfigKeys (ConfUtils.java:logGet(46)) - raft.server.log.statemachine.data.sync.timeout = 10s (default)
2024-08-22 16:48:13,598 [s0-impl-thread1] INFO  server.RaftServerConfigKeys (ConfUtils.java:logGet(46)) - raft.server.log.statemachine.data.sync.timeout.retry = -1 (default)
2024-08-22 16:48:13,599 [s0-impl-thread1] INFO  server.RaftServerConfigKeys (ConfUtils.java:logGet(46)) - raft.server.log.write.buffer.size = 8MB (=8388608) (default)
2024-08-22 16:48:13,603 [s0-impl-thread1] INFO  server.RaftServerConfigKeys (ConfUtils.java:logGet(46)) - raft.server.log.appender.buffer.byte-limit = 4MB (=4194304) (default)
2024-08-22 16:48:13,603 [s0-impl-thread1] INFO  server.RaftServerConfigKeys (ConfUtils.java:logGet(46)) - raft.server.log.unsafe-flush.enabled = false (default)
2024-08-22 16:48:13,604 [s0-impl-thread1] INFO  server.RaftServerConfigKeys (ConfUtils.java:logGet(46)) - raft.server.log.async-flush.enabled = false (default)
2024-08-22 16:48:13,604 [s0-impl-thread1] INFO  server.RaftServerConfigKeys (ConfUtils.java:logGet(46)) - raft.server.log.statemachine.data.caching.enabled = false (default)
2024-08-22 16:48:13,612 [s0-impl-thread1] INFO  segmented.SegmentedRaftLogWorker (SegmentedRaftLogWorker.java:lambda$new$0(138)) - s0@group-B0CDB86464CA-SegmentedRaftLogWorker: flushIndex: setUnconditionally 0 -> -1
2024-08-22 16:48:13,612 [s0-impl-thread1] INFO  segmented.SegmentedRaftLogWorker (SegmentedRaftLogWorker.java:lambda$new$0(138)) - s0@group-B0CDB86464CA-SegmentedRaftLogWorker: safeCacheEvictIndex: setUnconditionally 0 -> -1
2024-08-22 16:48:13,615 [s0-impl-thread1] INFO  impl.RoleInfo (RoleInfo.java:updateAndGet(148)) - s0: start s0@group-B0CDB86464CA-FollowerState
2024-08-22 16:48:13,615 [s0@group-B0CDB86464CA-FollowerState] INFO  server.RaftServerConfigKeys (ConfUtils.java:logFallback(53)) - raft.server.rpc.first-election.timeout.min = 150ms (fallback to raft.server.rpc.timeout.min)
2024-08-22 16:48:13,616 [s0@group-B0CDB86464CA-FollowerState] INFO  server.RaftServerConfigKeys (ConfUtils.java:logFallback(53)) - raft.server.rpc.first-election.timeout.max = 300ms (fallback to raft.server.rpc.timeout.max)
2024-08-22 16:48:13,619 [s0-impl-thread1] INFO  util.JmxRegister (JmxRegister.java:tryRegister(44)) - Successfully registered JMX Bean with object name Ratis:service=RaftServer,group=group-B0CDB86464CA,id=s0
2024-08-22 16:48:13,619 [s0-impl-thread1] INFO  util.JmxRegister (JmxRegister.java:register(58)) - register mxBean class org.apache.ratis.server.impl.RaftServerJmxAdapter as Ratis:service=RaftServer,group=group-B0CDB86464CA,id=s0
2024-08-22 16:48:13,621 [s0-impl-thread1] INFO  server.RaftServerConfigKeys (ConfUtils.java:logGet(46)) - raft.server.snapshot.trigger-when-stop.enabled = true (default)
2024-08-22 16:48:13,621 [s0-impl-thread1] INFO  server.RaftServerConfigKeys (ConfUtils.java:logGet(46)) - raft.server.snapshot.trigger-when-remove.enabled = true (default)
2024-08-22 16:48:13,622 [s0-impl-thread1] INFO  server.RaftServerConfigKeys (ConfUtils.java:logGet(46)) - raft.server.snapshot.auto.trigger.enabled = false (default)
2024-08-22 16:48:13,622 [s0-impl-thread1] INFO  server.RaftServerConfigKeys (ConfUtils.java:logGet(46)) - raft.server.snapshot.retention.file.num = -1 (default)
2024-08-22 16:48:13,623 [s0-impl-thread1] INFO  server.RaftServerConfigKeys (ConfUtils.java:logGet(46)) - raft.server.log.purge.upto.snapshot.index = false (default)
2024-08-22 16:48:13,627 [main] INFO  server.RaftServer (RaftServerProxy.java:startImpl(408)) - s0: start RPC server
2024-08-22 16:48:13,677 [main] INFO  server.GrpcService (GrpcService.java:startImpl(340)) - s0: GrpcService started, listening on 15002
2024-08-22 16:48:13,677 [main] INFO  server.GrpcService (GrpcService.java:startImpl(340)) - s0: GrpcService started, listening on 15000
2024-08-22 16:48:13,678 [main] INFO  server.GrpcService (GrpcService.java:startImpl(340)) - s0: GrpcService started, listening on 15001
2024-08-22 16:48:13,679 [JvmPauseMonitor0] INFO  util.JvmPauseMonitor (JvmPauseMonitor.java:run(146)) - JvmPauseMonitor-s0: Started
2024-08-22 16:48:13,679 [s1-impl-thread1] INFO  server.RaftServerConfigKeys (ConfUtils.java:logGet(46)) - raft.server.storage.free-space.min = 0MB (=0) (default)
2024-08-22 16:48:13,680 [s1-impl-thread1] INFO  server.RaftServerConfigKeys (ConfUtils.java:logGet(46)) - raft.server.log.corruption.policy = EXCEPTION (default)
2024-08-22 16:48:13,680 [s1-impl-thread1] INFO  server.RaftServerConfigKeys (ConfUtils.java:logGet(46)) - raft.server.storage.dir = [/home/runner/work/ratis/ratis/ratis-test/target/test/data/6c727245/MiniRaftClusterWithGrpc3cdf361c/s1] (custom)
2024-08-22 16:48:13,680 [s1-impl-thread1] INFO  storage.RaftStorageDirectory (RaftStorageDirectoryImpl.java:analyzeStorage(138)) - The storage directory /home/runner/work/ratis/ratis/ratis-test/target/test/data/6c727245/MiniRaftClusterWithGrpc3cdf361c/s1/8d872b9c-7458-40d3-8787-b0cdb86464ca does not exist. Creating ...
2024-08-22 16:48:13,681 [s1-impl-thread1] TRACE util.FileUtils (LogUtils.java:runAndLog(49)) - Successfully ran Files.createDirectories /home/runner/work/ratis/ratis/ratis-test/target/test/data/6c727245/MiniRaftClusterWithGrpc3cdf361c/s1/8d872b9c-7458-40d3-8787-b0cdb86464ca
2024-08-22 16:48:13,682 [s1-impl-thread1] INFO  storage.RaftStorageDirectory (RaftStorageDirectoryImpl.java:tryLock(229)) - Lock on /home/runner/work/ratis/ratis/ratis-test/target/test/data/6c727245/MiniRaftClusterWithGrpc3cdf361c/s1/8d872b9c-7458-40d3-8787-b0cdb86464ca/in_use.lock acquired by nodename 5951@fv-az2024-567
2024-08-22 16:48:13,682 [s1-impl-thread1] TRACE util.FileUtils (LogUtils.java:runAndLog(49)) - Successfully ran Files.createDirectories /home/runner/work/ratis/ratis/ratis-test/target/test/data/6c727245/MiniRaftClusterWithGrpc3cdf361c/s1/8d872b9c-7458-40d3-8787-b0cdb86464ca/current
2024-08-22 16:48:13,682 [s1-impl-thread1] TRACE util.FileUtils (LogUtils.java:runAndLog(49)) - Successfully ran Files.createDirectories /home/runner/work/ratis/ratis/ratis-test/target/test/data/6c727245/MiniRaftClusterWithGrpc3cdf361c/s1/8d872b9c-7458-40d3-8787-b0cdb86464ca/sm
2024-08-22 16:48:13,683 [s1-impl-thread1] TRACE util.FileUtils (LogUtils.java:supplyAndLog(69)) - Successfully supplied FileChannel.open /home/runner/work/ratis/ratis/ratis-test/target/test/data/6c727245/MiniRaftClusterWithGrpc3cdf361c/s1/8d872b9c-7458-40d3-8787-b0cdb86464ca/current/raft-meta.tmp with options [CREATE, WRITE]: sun.nio.ch.FileChannelImpl@1297fa56
2024-08-22 16:48:13,684 [s1-impl-thread1] TRACE util.FileUtils (LogUtils.java:runAndLog(49)) - Successfully ran Atomic Files.move /home/runner/work/ratis/ratis/ratis-test/target/test/data/6c727245/MiniRaftClusterWithGrpc3cdf361c/s1/8d872b9c-7458-40d3-8787-b0cdb86464ca/current/raft-meta.tmp to /home/runner/work/ratis/ratis/ratis-test/target/test/data/6c727245/MiniRaftClusterWithGrpc3cdf361c/s1/8d872b9c-7458-40d3-8787-b0cdb86464ca/current/raft-meta with options [REPLACE_EXISTING]
2024-08-22 16:48:13,684 [s1-impl-thread1] INFO  storage.RaftStorage (RaftStorageImpl.java:format(98)) - Storage directory /home/runner/work/ratis/ratis/ratis-test/target/test/data/6c727245/MiniRaftClusterWithGrpc3cdf361c/s1/8d872b9c-7458-40d3-8787-b0cdb86464ca has been successfully formatted.
2024-08-22 16:48:13,684 [s1-impl-thread1] INFO  impl.SimpleStateMachine4Testing (SimpleStateMachine4Testing.java:initialize(215)) - Initializing SimpleStateMachine4Testing:uninitialized
2024-08-22 16:48:13,685 [s1-impl-thread1] INFO  impl.SimpleStateMachine4Testing (SimpleStateMachine4Testing.java:loadSnapshot(300)) - Loading snapshot null
2024-08-22 16:48:13,685 [s1-impl-thread1] INFO  server.RaftServerConfigKeys (ConfUtils.java:logGet(46)) - raft.server.log.use.memory = false (default)
2024-08-22 16:48:13,685 [s1-impl-thread1] INFO  server.RaftServerConfigKeys (ConfUtils.java:logGet(46)) - raft.server.log.purge.gap = 1024 (default)
2024-08-22 16:48:13,685 [s1-impl-thread1] INFO  server.RaftServerConfigKeys (ConfUtils.java:logGet(46)) - raft.server.log.appender.buffer.byte-limit = 4MB (=4194304) (default)
2024-08-22 16:48:13,685 [s1-impl-thread1] INFO  server.RaftServerConfigKeys (ConfUtils.java:logGet(46)) - raft.server.log.statemachine.data.read.timeout = 1000ms (default)
2024-08-22 16:48:13,685 [s1-impl-thread1] INFO  server.RaftServerConfigKeys (ConfUtils.java:logGet(46)) - raft.server.log.purge.preservation.log.num = 0 (default)
2024-08-22 16:48:13,687 [s1-impl-thread1] INFO  server.RaftServerConfigKeys (ConfUtils.java:logGet(46)) - raft.server.log.segment.size.max = 8KB (=8192) (custom)
2024-08-22 16:48:13,687 [s1-impl-thread1] INFO  server.RaftServerConfigKeys (ConfUtils.java:logGet(46)) - raft.server.log.segment.cache.num.max = 6 (default)
2024-08-22 16:48:13,687 [s1-impl-thread1] INFO  server.RaftServerConfigKeys (ConfUtils.java:logGet(46)) - raft.server.log.segment.cache.size.max = 200MB (=209715200) (default)
2024-08-22 16:48:13,688 [s1-impl-thread1] INFO  server.RaftServerConfigKeys (ConfUtils.java:logGet(46)) - raft.server.log.appender.buffer.byte-limit = 4MB (=4194304) (default)
2024-08-22 16:48:13,688 [s1-impl-thread1] INFO  util.AwaitToRun (AwaitToRun.java:start(81)) - Thread[s1@group-B0CDB86464CA-cacheEviction-AwaitToRun,5,main] started
2024-08-22 16:48:13,688 [s1-impl-thread1] INFO  segmented.SegmentedRaftLogWorker (SegmentedRaftLogWorker.java:<init>(187)) - new s1@group-B0CDB86464CA-SegmentedRaftLogWorker for RaftStorageImpl:Storage Directory /home/runner/work/ratis/ratis/ratis-test/target/test/data/6c727245/MiniRaftClusterWithGrpc3cdf361c/s1/8d872b9c-7458-40d3-8787-b0cdb86464ca
2024-08-22 16:48:13,688 [s1-impl-thread1] INFO  server.RaftServerConfigKeys (ConfUtils.java:logGet(46)) - raft.server.log.queue.byte-limit = 64MB (=67108864) (default)
2024-08-22 16:48:13,688 [s1-impl-thread1] INFO  server.RaftServerConfigKeys (ConfUtils.java:logGet(46)) - raft.server.log.queue.element-limit = 4096 (default)
2024-08-22 16:48:13,688 [s1-impl-thread1] INFO  server.RaftServerConfigKeys (ConfUtils.java:logGet(46)) - raft.server.log.segment.size.max = 8KB (=8192) (custom)
2024-08-22 16:48:13,689 [s1-impl-thread1] INFO  server.RaftServerConfigKeys (ConfUtils.java:logGet(46)) - raft.server.log.preallocated.size = 4MB (=4194304) (default)
2024-08-22 16:48:13,689 [s1-impl-thread1] INFO  server.RaftServerConfigKeys (ConfUtils.java:logGet(46)) - raft.server.log.force.sync.num = 128 (default)
2024-08-22 16:48:13,689 [s1-impl-thread1] INFO  server.RaftServerConfigKeys (ConfUtils.java:logGet(46)) - raft.server.log.statemachine.data.sync = true (default)
2024-08-22 16:48:13,689 [s1-impl-thread1] INFO  server.RaftServerConfigKeys (ConfUtils.java:logGet(46)) - raft.server.log.statemachine.data.sync.timeout = 10s (default)
2024-08-22 16:48:13,689 [s1-impl-thread1] INFO  server.RaftServerConfigKeys (ConfUtils.java:logGet(46)) - raft.server.log.statemachine.data.sync.timeout.retry = -1 (default)
2024-08-22 16:48:13,689 [s1-impl-thread1] INFO  server.RaftServerConfigKeys (ConfUtils.java:logGet(46)) - raft.server.log.write.buffer.size = 8MB (=8388608) (default)
2024-08-22 16:48:13,691 [s1-impl-thread1] INFO  server.RaftServerConfigKeys (ConfUtils.java:logGet(46)) - raft.server.log.appender.buffer.byte-limit = 4MB (=4194304) (default)
2024-08-22 16:48:13,691 [s1-impl-thread1] INFO  server.RaftServerConfigKeys (ConfUtils.java:logGet(46)) - raft.server.log.unsafe-flush.enabled = false (default)
2024-08-22 16:48:13,691 [s1-impl-thread1] INFO  server.RaftServerConfigKeys (ConfUtils.java:logGet(46)) - raft.server.log.async-flush.enabled = false (default)
2024-08-22 16:48:13,691 [s1-impl-thread1] INFO  server.RaftServerConfigKeys (ConfUtils.java:logGet(46)) - raft.server.log.statemachine.data.caching.enabled = false (default)
2024-08-22 16:48:13,692 [s1-impl-thread1] INFO  segmented.SegmentedRaftLogWorker (SegmentedRaftLogWorker.java:lambda$new$0(138)) - s1@group-B0CDB86464CA-SegmentedRaftLogWorker: flushIndex: setUnconditionally 0 -> -1
2024-08-22 16:48:13,692 [s1-impl-thread1] INFO  segmented.SegmentedRaftLogWorker (SegmentedRaftLogWorker.java:lambda$new$0(138)) - s1@group-B0CDB86464CA-SegmentedRaftLogWorker: safeCacheEvictIndex: setUnconditionally 0 -> -1
2024-08-22 16:48:13,692 [s1-impl-thread1] INFO  impl.RoleInfo (RoleInfo.java:updateAndGet(148)) - s1: start s1@group-B0CDB86464CA-FollowerState
2024-08-22 16:48:13,692 [s1-impl-thread1] INFO  util.JmxRegister (JmxRegister.java:tryRegister(44)) - Successfully registered JMX Bean with object name Ratis:service=RaftServer,group=group-B0CDB86464CA,id=s1
2024-08-22 16:48:13,693 [s1-impl-thread1] INFO  util.JmxRegister (JmxRegister.java:register(58)) - register mxBean class org.apache.ratis.server.impl.RaftServerJmxAdapter as Ratis:service=RaftServer,group=group-B0CDB86464CA,id=s1
2024-08-22 16:48:13,693 [s1-impl-thread1] INFO  server.RaftServerConfigKeys (ConfUtils.java:logGet(46)) - raft.server.snapshot.trigger-when-stop.enabled = true (default)
2024-08-22 16:48:13,693 [s1-impl-thread1] INFO  server.RaftServerConfigKeys (ConfUtils.java:logGet(46)) - raft.server.snapshot.trigger-when-remove.enabled = true (default)
2024-08-22 16:48:13,693 [s1-impl-thread1] INFO  server.RaftServerConfigKeys (ConfUtils.java:logGet(46)) - raft.server.snapshot.auto.trigger.enabled = false (default)
2024-08-22 16:48:13,693 [s1-impl-thread1] INFO  server.RaftServerConfigKeys (ConfUtils.java:logGet(46)) - raft.server.snapshot.retention.file.num = -1 (default)
2024-08-22 16:48:13,693 [s1-impl-thread1] INFO  server.RaftServerConfigKeys (ConfUtils.java:logGet(46)) - raft.server.log.purge.upto.snapshot.index = false (default)
2024-08-22 16:48:13,693 [s1@group-B0CDB86464CA-FollowerState] INFO  server.RaftServerConfigKeys (ConfUtils.java:logFallback(53)) - raft.server.rpc.first-election.timeout.min = 150ms (fallback to raft.server.rpc.timeout.min)
2024-08-22 16:48:13,694 [s1@group-B0CDB86464CA-FollowerState] INFO  server.RaftServerConfigKeys (ConfUtils.java:logFallback(53)) - raft.server.rpc.first-election.timeout.max = 300ms (fallback to raft.server.rpc.timeout.max)
2024-08-22 16:48:13,695 [main] INFO  server.RaftServer (RaftServerProxy.java:startImpl(408)) - s1: start RPC server
2024-08-22 16:48:13,695 [main] INFO  server.GrpcService (GrpcService.java:startImpl(340)) - s1: GrpcService started, listening on 15006
2024-08-22 16:48:13,696 [main] INFO  server.GrpcService (GrpcService.java:startImpl(340)) - s1: GrpcService started, listening on 15004
2024-08-22 16:48:13,697 [main] INFO  server.GrpcService (GrpcService.java:startImpl(340)) - s1: GrpcService started, listening on 15005
2024-08-22 16:48:13,699 [JvmPauseMonitor1] INFO  util.JvmPauseMonitor (JvmPauseMonitor.java:run(146)) - JvmPauseMonitor-s1: Started
2024-08-22 16:48:13,699 [s2-impl-thread1] INFO  server.RaftServerConfigKeys (ConfUtils.java:logGet(46)) - raft.server.storage.free-space.min = 0MB (=0) (default)
2024-08-22 16:48:13,699 [s2-impl-thread1] INFO  server.RaftServerConfigKeys (ConfUtils.java:logGet(46)) - raft.server.log.corruption.policy = EXCEPTION (default)
2024-08-22 16:48:13,699 [s2-impl-thread1] INFO  server.RaftServerConfigKeys (ConfUtils.java:logGet(46)) - raft.server.storage.dir = [/home/runner/work/ratis/ratis/ratis-test/target/test/data/6c727245/MiniRaftClusterWithGrpc3cdf361c/s2] (custom)
2024-08-22 16:48:13,699 [s2-impl-thread1] INFO  storage.RaftStorageDirectory (RaftStorageDirectoryImpl.java:analyzeStorage(138)) - The storage directory /home/runner/work/ratis/ratis/ratis-test/target/test/data/6c727245/MiniRaftClusterWithGrpc3cdf361c/s2/8d872b9c-7458-40d3-8787-b0cdb86464ca does not exist. Creating ...
2024-08-22 16:48:13,700 [s2-impl-thread1] TRACE util.FileUtils (LogUtils.java:runAndLog(49)) - Successfully ran Files.createDirectories /home/runner/work/ratis/ratis/ratis-test/target/test/data/6c727245/MiniRaftClusterWithGrpc3cdf361c/s2/8d872b9c-7458-40d3-8787-b0cdb86464ca
2024-08-22 16:48:13,701 [s2-impl-thread1] INFO  storage.RaftStorageDirectory (RaftStorageDirectoryImpl.java:tryLock(229)) - Lock on /home/runner/work/ratis/ratis/ratis-test/target/test/data/6c727245/MiniRaftClusterWithGrpc3cdf361c/s2/8d872b9c-7458-40d3-8787-b0cdb86464ca/in_use.lock acquired by nodename 5951@fv-az2024-567
2024-08-22 16:48:13,701 [s2-impl-thread1] TRACE util.FileUtils (LogUtils.java:runAndLog(49)) - Successfully ran Files.createDirectories /home/runner/work/ratis/ratis/ratis-test/target/test/data/6c727245/MiniRaftClusterWithGrpc3cdf361c/s2/8d872b9c-7458-40d3-8787-b0cdb86464ca/current
2024-08-22 16:48:13,701 [s2-impl-thread1] TRACE util.FileUtils (LogUtils.java:runAndLog(49)) - Successfully ran Files.createDirectories /home/runner/work/ratis/ratis/ratis-test/target/test/data/6c727245/MiniRaftClusterWithGrpc3cdf361c/s2/8d872b9c-7458-40d3-8787-b0cdb86464ca/sm
2024-08-22 16:48:13,701 [s2-impl-thread1] TRACE util.FileUtils (LogUtils.java:supplyAndLog(69)) - Successfully supplied FileChannel.open /home/runner/work/ratis/ratis/ratis-test/target/test/data/6c727245/MiniRaftClusterWithGrpc3cdf361c/s2/8d872b9c-7458-40d3-8787-b0cdb86464ca/current/raft-meta.tmp with options [CREATE, WRITE]: sun.nio.ch.FileChannelImpl@eb74bae
2024-08-22 16:48:13,703 [s2-impl-thread1] TRACE util.FileUtils (LogUtils.java:runAndLog(49)) - Successfully ran Atomic Files.move /home/runner/work/ratis/ratis/ratis-test/target/test/data/6c727245/MiniRaftClusterWithGrpc3cdf361c/s2/8d872b9c-7458-40d3-8787-b0cdb86464ca/current/raft-meta.tmp to /home/runner/work/ratis/ratis/ratis-test/target/test/data/6c727245/MiniRaftClusterWithGrpc3cdf361c/s2/8d872b9c-7458-40d3-8787-b0cdb86464ca/current/raft-meta with options [REPLACE_EXISTING]
2024-08-22 16:48:13,703 [s2-impl-thread1] INFO  storage.RaftStorage (RaftStorageImpl.java:format(98)) - Storage directory /home/runner/work/ratis/ratis/ratis-test/target/test/data/6c727245/MiniRaftClusterWithGrpc3cdf361c/s2/8d872b9c-7458-40d3-8787-b0cdb86464ca has been successfully formatted.
2024-08-22 16:48:13,703 [s2-impl-thread1] INFO  impl.SimpleStateMachine4Testing (SimpleStateMachine4Testing.java:initialize(215)) - Initializing SimpleStateMachine4Testing:uninitialized
2024-08-22 16:48:13,703 [s2-impl-thread1] INFO  impl.SimpleStateMachine4Testing (SimpleStateMachine4Testing.java:loadSnapshot(300)) - Loading snapshot null
2024-08-22 16:48:13,703 [s2-impl-thread1] INFO  server.RaftServerConfigKeys (ConfUtils.java:logGet(46)) - raft.server.log.use.memory = false (default)
2024-08-22 16:48:13,704 [s2-impl-thread1] INFO  server.RaftServerConfigKeys (ConfUtils.java:logGet(46)) - raft.server.log.purge.gap = 1024 (default)
2024-08-22 16:48:13,704 [s2-impl-thread1] INFO  server.RaftServerConfigKeys (ConfUtils.java:logGet(46)) - raft.server.log.appender.buffer.byte-limit = 4MB (=4194304) (default)
2024-08-22 16:48:13,704 [s2-impl-thread1] INFO  server.RaftServerConfigKeys (ConfUtils.java:logGet(46)) - raft.server.log.statemachine.data.read.timeout = 1000ms (default)
2024-08-22 16:48:13,704 [s2-impl-thread1] INFO  server.RaftServerConfigKeys (ConfUtils.java:logGet(46)) - raft.server.log.purge.preservation.log.num = 0 (default)
2024-08-22 16:48:13,705 [s2-impl-thread1] INFO  server.RaftServerConfigKeys (ConfUtils.java:logGet(46)) - raft.server.log.segment.size.max = 8KB (=8192) (custom)
2024-08-22 16:48:13,705 [s2-impl-thread1] INFO  server.RaftServerConfigKeys (ConfUtils.java:logGet(46)) - raft.server.log.segment.cache.num.max = 6 (default)
2024-08-22 16:48:13,706 [s2-impl-thread1] INFO  server.RaftServerConfigKeys (ConfUtils.java:logGet(46)) - raft.server.log.segment.cache.size.max = 200MB (=209715200) (default)
2024-08-22 16:48:13,706 [s2-impl-thread1] INFO  server.RaftServerConfigKeys (ConfUtils.java:logGet(46)) - raft.server.log.appender.buffer.byte-limit = 4MB (=4194304) (default)
2024-08-22 16:48:13,707 [s2-impl-thread1] INFO  util.AwaitToRun (AwaitToRun.java:start(81)) - Thread[s2@group-B0CDB86464CA-cacheEviction-AwaitToRun,5,main] started
2024-08-22 16:48:13,707 [s2-impl-thread1] INFO  segmented.SegmentedRaftLogWorker (SegmentedRaftLogWorker.java:<init>(187)) - new s2@group-B0CDB86464CA-SegmentedRaftLogWorker for RaftStorageImpl:Storage Directory /home/runner/work/ratis/ratis/ratis-test/target/test/data/6c727245/MiniRaftClusterWithGrpc3cdf361c/s2/8d872b9c-7458-40d3-8787-b0cdb86464ca
2024-08-22 16:48:13,707 [s2-impl-thread1] INFO  server.RaftServerConfigKeys (ConfUtils.java:logGet(46)) - raft.server.log.queue.byte-limit = 64MB (=67108864) (default)
2024-08-22 16:48:13,707 [s2-impl-thread1] INFO  server.RaftServerConfigKeys (ConfUtils.java:logGet(46)) - raft.server.log.queue.element-limit = 4096 (default)
2024-08-22 16:48:13,707 [s2-impl-thread1] INFO  server.RaftServerConfigKeys (ConfUtils.java:logGet(46)) - raft.server.log.segment.size.max = 8KB (=8192) (custom)
2024-08-22 16:48:13,707 [s2-impl-thread1] INFO  server.RaftServerConfigKeys (ConfUtils.java:logGet(46)) - raft.server.log.preallocated.size = 4MB (=4194304) (default)
2024-08-22 16:48:13,707 [s2-impl-thread1] INFO  server.RaftServerConfigKeys (ConfUtils.java:logGet(46)) - raft.server.log.force.sync.num = 128 (default)
2024-08-22 16:48:13,707 [s2-impl-thread1] INFO  server.RaftServerConfigKeys (ConfUtils.java:logGet(46)) - raft.server.log.statemachine.data.sync = true (default)
2024-08-22 16:48:13,708 [s2-impl-thread1] INFO  server.RaftServerConfigKeys (ConfUtils.java:logGet(46)) - raft.server.log.statemachine.data.sync.timeout = 10s (default)
2024-08-22 16:48:13,708 [s2-impl-thread1] INFO  server.RaftServerConfigKeys (ConfUtils.java:logGet(46)) - raft.server.log.statemachine.data.sync.timeout.retry = -1 (default)
2024-08-22 16:48:13,708 [s2-impl-thread1] INFO  server.RaftServerConfigKeys (ConfUtils.java:logGet(46)) - raft.server.log.write.buffer.size = 8MB (=8388608) (default)
2024-08-22 16:48:13,709 [s2-impl-thread1] INFO  server.RaftServerConfigKeys (ConfUtils.java:logGet(46)) - raft.server.log.appender.buffer.byte-limit = 4MB (=4194304) (default)
2024-08-22 16:48:13,710 [s2-impl-thread1] INFO  server.RaftServerConfigKeys (ConfUtils.java:logGet(46)) - raft.server.log.unsafe-flush.enabled = false (default)
2024-08-22 16:48:13,710 [s2-impl-thread1] INFO  server.RaftServerConfigKeys (ConfUtils.java:logGet(46)) - raft.server.log.async-flush.enabled = false (default)
2024-08-22 16:48:13,710 [s2-impl-thread1] INFO  server.RaftServerConfigKeys (ConfUtils.java:logGet(46)) - raft.server.log.statemachine.data.caching.enabled = false (default)
2024-08-22 16:48:13,710 [s2-impl-thread1] INFO  segmented.SegmentedRaftLogWorker (SegmentedRaftLogWorker.java:lambda$new$0(138)) - s2@group-B0CDB86464CA-SegmentedRaftLogWorker: flushIndex: setUnconditionally 0 -> -1
2024-08-22 16:48:13,710 [s2-impl-thread1] INFO  segmented.SegmentedRaftLogWorker (SegmentedRaftLogWorker.java:lambda$new$0(138)) - s2@group-B0CDB86464CA-SegmentedRaftLogWorker: safeCacheEvictIndex: setUnconditionally 0 -> -1
2024-08-22 16:48:13,711 [s2-impl-thread1] INFO  impl.RoleInfo (RoleInfo.java:updateAndGet(148)) - s2: start s2@group-B0CDB86464CA-FollowerState
2024-08-22 16:48:13,715 [s2-impl-thread1] INFO  util.JmxRegister (JmxRegister.java:tryRegister(44)) - Successfully registered JMX Bean with object name Ratis:service=RaftServer,group=group-B0CDB86464CA,id=s2
2024-08-22 16:48:13,715 [s2-impl-thread1] INFO  util.JmxRegister (JmxRegister.java:register(58)) - register mxBean class org.apache.ratis.server.impl.RaftServerJmxAdapter as Ratis:service=RaftServer,group=group-B0CDB86464CA,id=s2
2024-08-22 16:48:13,715 [s2-impl-thread1] INFO  server.RaftServerConfigKeys (ConfUtils.java:logGet(46)) - raft.server.snapshot.trigger-when-stop.enabled = true (default)
2024-08-22 16:48:13,715 [s2-impl-thread1] INFO  server.RaftServerConfigKeys (ConfUtils.java:logGet(46)) - raft.server.snapshot.trigger-when-remove.enabled = true (default)
2024-08-22 16:48:13,715 [s2-impl-thread1] INFO  server.RaftServerConfigKeys (ConfUtils.java:logGet(46)) - raft.server.snapshot.auto.trigger.enabled = false (default)
2024-08-22 16:48:13,715 [s2-impl-thread1] INFO  server.RaftServerConfigKeys (ConfUtils.java:logGet(46)) - raft.server.snapshot.retention.file.num = -1 (default)
2024-08-22 16:48:13,716 [s2-impl-thread1] INFO  server.RaftServerConfigKeys (ConfUtils.java:logGet(46)) - raft.server.log.purge.upto.snapshot.index = false (default)
2024-08-22 16:48:13,716 [s2@group-B0CDB86464CA-FollowerState] INFO  server.RaftServerConfigKeys (ConfUtils.java:logFallback(53)) - raft.server.rpc.first-election.timeout.min = 150ms (fallback to raft.server.rpc.timeout.min)
2024-08-22 16:48:13,716 [s2@group-B0CDB86464CA-FollowerState] INFO  server.RaftServerConfigKeys (ConfUtils.java:logFallback(53)) - raft.server.rpc.first-election.timeout.max = 300ms (fallback to raft.server.rpc.timeout.max)
2024-08-22 16:48:13,716 [main] INFO  server.RaftServer (RaftServerProxy.java:startImpl(408)) - s2: start RPC server
2024-08-22 16:48:13,717 [main] INFO  server.GrpcService (GrpcService.java:startImpl(340)) - s2: GrpcService started, listening on 15010
2024-08-22 16:48:13,718 [main] INFO  server.GrpcService (GrpcService.java:startImpl(340)) - s2: GrpcService started, listening on 15008
2024-08-22 16:48:13,718 [main] INFO  server.GrpcService (GrpcService.java:startImpl(340)) - s2: GrpcService started, listening on 15009
2024-08-22 16:48:13,719 [JvmPauseMonitor2] INFO  util.JvmPauseMonitor (JvmPauseMonitor.java:run(146)) - JvmPauseMonitor-s2: Started
2024-08-22 16:48:13,723 [main] INFO  server.RaftServerConfigKeys (ConfUtils.java:logGet(46)) - raft.server.rpc.timeout.max = 300ms (default)
2024-08-22 16:48:13,725 [main] INFO  ratis.RaftTestUtil (RaftTestUtil.java:waitForLeader(107)) - printing ALL groups
  s0:  RUNNING  FOLLOWER s0@group-B0CDB86464CA:t0, leader=null, voted=, raftlog=Memoized:s0@group-B0CDB86464CA-SegmentedRaftLog:OPENED:c-1:lastnull, conf=conf: {index: -1, cur=peers:[s0|localhost:15000, s1|localhost:15004, s2|localhost:15008]|listeners:[], old=null} RUNNING
  s1:  RUNNING  FOLLOWER s1@group-B0CDB86464CA:t0, leader=null, voted=, raftlog=Memoized:s1@group-B0CDB86464CA-SegmentedRaftLog:OPENED:c-1:lastnull, conf=conf: {index: -1, cur=peers:[s0|localhost:15000, s1|localhost:15004, s2|localhost:15008]|listeners:[], old=null} RUNNING
  s2:  RUNNING  FOLLOWER s2@group-B0CDB86464CA:t0, leader=null, voted=, raftlog=Memoized:s2@group-B0CDB86464CA-SegmentedRaftLog:OPENED:c-1:lastnull, conf=conf: {index: -1, cur=peers:[s0|localhost:15000, s1|localhost:15004, s2|localhost:15008]|listeners:[], old=null} RUNNING
2024-08-22 16:48:13,728 [main] WARN  ratis.RaftTestUtil (RaftTestUtil.java:lambda$waitForLeader$3(126)) - Attempt #1 failed: java.lang.IllegalStateException: No leader yet : printing ALL groups
  s0:  RUNNING  FOLLOWER s0@group-B0CDB86464CA:t0, leader=null, voted=, raftlog=Memoized:s0@group-B0CDB86464CA-SegmentedRaftLog:OPENED:c-1:lastnull, conf=conf: {index: -1, cur=peers:[s0|localhost:15000, s1|localhost:15004, s2|localhost:15008]|listeners:[], old=null} RUNNING
  s1:  RUNNING  FOLLOWER s1@group-B0CDB86464CA:t0, leader=null, voted=, raftlog=Memoized:s1@group-B0CDB86464CA-SegmentedRaftLog:OPENED:c-1:lastnull, conf=conf: {index: -1, cur=peers:[s0|localhost:15000, s1|localhost:15004, s2|localhost:15008]|listeners:[], old=null} RUNNING
  s2:  RUNNING  FOLLOWER s2@group-B0CDB86464CA:t0, leader=null, voted=, raftlog=Memoized:s2@group-B0CDB86464CA-SegmentedRaftLog:OPENED:c-1:lastnull, conf=conf: {index: -1, cur=peers:[s0|localhost:15000, s1|localhost:15004, s2|localhost:15008]|listeners:[], old=null} RUNNING
2024-08-22 16:48:13,881 [s2@group-B0CDB86464CA-FollowerState] INFO  impl.FollowerState (FollowerState.java:run(144)) - s2@group-B0CDB86464CA-FollowerState: change to CANDIDATE, lastRpcElapsedTime:170719521ns, electionTimeout:164ms
2024-08-22 16:48:13,882 [s2@group-B0CDB86464CA-FollowerState] INFO  impl.RoleInfo (RoleInfo.java:shutdownFollowerState(119)) - s2: shutdown s2@group-B0CDB86464CA-FollowerState
2024-08-22 16:48:13,884 [s2@group-B0CDB86464CA-FollowerState] INFO  server.RaftServerConfigKeys (ConfUtils.java:logGet(46)) - raft.server.leaderelection.pre-vote = true (default)
2024-08-22 16:48:13,884 [s2@group-B0CDB86464CA-FollowerState] INFO  impl.RoleInfo (RoleInfo.java:updateAndGet(148)) - s2: start s2@group-B0CDB86464CA-LeaderElection1
2024-08-22 16:48:13,888 [s2@group-B0CDB86464CA-LeaderElection1] INFO  impl.LeaderElection (LeaderElection.java:askForVotes(321)) - s2@group-B0CDB86464CA-LeaderElection1 PRE_VOTE round 0: submit vote requests at term 0 for conf: {index: -1, cur=peers:[s0|localhost:15000, s1|localhost:15004, s2|localhost:15008]|listeners:[], old=null}
2024-08-22 16:48:13,894 [s1@group-B0CDB86464CA-FollowerState] INFO  impl.FollowerState (FollowerState.java:run(144)) - s1@group-B0CDB86464CA-FollowerState: change to CANDIDATE, lastRpcElapsedTime:202334393ns, electionTimeout:200ms
2024-08-22 16:48:13,895 [s1@group-B0CDB86464CA-FollowerState] INFO  impl.RoleInfo (RoleInfo.java:shutdownFollowerState(119)) - s1: shutdown s1@group-B0CDB86464CA-FollowerState
2024-08-22 16:48:13,895 [s1@group-B0CDB86464CA-FollowerState] INFO  server.RaftServerConfigKeys (ConfUtils.java:logGet(46)) - raft.server.leaderelection.pre-vote = true (default)
2024-08-22 16:48:13,895 [s1@group-B0CDB86464CA-FollowerState] INFO  impl.RoleInfo (RoleInfo.java:updateAndGet(148)) - s1: start s1@group-B0CDB86464CA-LeaderElection2
2024-08-22 16:48:13,902 [s1@group-B0CDB86464CA-LeaderElection2] INFO  impl.LeaderElection (LeaderElection.java:askForVotes(321)) - s1@group-B0CDB86464CA-LeaderElection2 PRE_VOTE round 0: submit vote requests at term 0 for conf: {index: -1, cur=peers:[s0|localhost:15000, s1|localhost:15004, s2|localhost:15008]|listeners:[], old=null}
2024-08-22 16:48:13,910 [s0@group-B0CDB86464CA-FollowerState] INFO  impl.FollowerState (FollowerState.java:run(144)) - s0@group-B0CDB86464CA-FollowerState: change to CANDIDATE, lastRpcElapsedTime:295114756ns, electionTimeout:294ms
2024-08-22 16:48:13,910 [s0@group-B0CDB86464CA-FollowerState] INFO  impl.RoleInfo (RoleInfo.java:shutdownFollowerState(119)) - s0: shutdown s0@group-B0CDB86464CA-FollowerState
2024-08-22 16:48:13,910 [s0@group-B0CDB86464CA-FollowerState] INFO  server.RaftServerConfigKeys (ConfUtils.java:logGet(46)) - raft.server.leaderelection.pre-vote = true (default)
2024-08-22 16:48:13,910 [s0@group-B0CDB86464CA-FollowerState] INFO  impl.RoleInfo (RoleInfo.java:updateAndGet(148)) - s0: start s0@group-B0CDB86464CA-LeaderElection3
2024-08-22 16:48:13,915 [s0@group-B0CDB86464CA-LeaderElection3] INFO  impl.LeaderElection (LeaderElection.java:askForVotes(321)) - s0@group-B0CDB86464CA-LeaderElection3 PRE_VOTE round 0: submit vote requests at term 0 for conf: {index: -1, cur=peers:[s0|localhost:15000, s1|localhost:15004, s2|localhost:15008]|listeners:[], old=null}
2024-08-22 16:48:13,919 [s1@group-B0CDB86464CA-LeaderElection2] INFO  server.RaftServerConfigKeys (ConfUtils.java:logFallback(53)) - raft.server.rpc.first-election.timeout.min = 150ms (fallback to raft.server.rpc.timeout.min)
2024-08-22 16:48:13,919 [s1@group-B0CDB86464CA-LeaderElection2] INFO  server.RaftServerConfigKeys (ConfUtils.java:logFallback(53)) - raft.server.rpc.first-election.timeout.max = 300ms (fallback to raft.server.rpc.timeout.max)
2024-08-22 16:48:13,920 [s2@group-B0CDB86464CA-LeaderElection1] INFO  server.RaftServerConfigKeys (ConfUtils.java:logFallback(53)) - raft.server.rpc.first-election.timeout.min = 150ms (fallback to raft.server.rpc.timeout.min)
2024-08-22 16:48:13,920 [s2@group-B0CDB86464CA-LeaderElection1] INFO  server.RaftServerConfigKeys (ConfUtils.java:logFallback(53)) - raft.server.rpc.first-election.timeout.max = 300ms (fallback to raft.server.rpc.timeout.max)
2024-08-22 16:48:13,921 [s2@group-B0CDB86464CA-LeaderElection1-1] INFO  server.GrpcServerProtocolClient (GrpcServerProtocolClient.java:<init>(65)) - Build channel for s0|localhost:15000
2024-08-22 16:48:13,922 [s1@group-B0CDB86464CA-LeaderElection2-2] INFO  server.GrpcServerProtocolClient (GrpcServerProtocolClient.java:<init>(65)) - Build channel for s2|localhost:15008
2024-08-22 16:48:13,922 [s1@group-B0CDB86464CA-LeaderElection2-1] INFO  server.GrpcServerProtocolClient (GrpcServerProtocolClient.java:<init>(65)) - Build channel for s0|localhost:15000
2024-08-22 16:48:13,922 [s0@group-B0CDB86464CA-LeaderElection3-1] INFO  server.GrpcServerProtocolClient (GrpcServerProtocolClient.java:<init>(65)) - Build channel for s1|localhost:15004
2024-08-22 16:48:13,923 [s2@group-B0CDB86464CA-LeaderElection1-2] INFO  server.GrpcServerProtocolClient (GrpcServerProtocolClient.java:<init>(65)) - Build channel for s1|localhost:15004
2024-08-22 16:48:13,923 [s0@group-B0CDB86464CA-LeaderElection3] INFO  server.RaftServerConfigKeys (ConfUtils.java:logFallback(53)) - raft.server.rpc.first-election.timeout.min = 150ms (fallback to raft.server.rpc.timeout.min)
2024-08-22 16:48:13,923 [s0@group-B0CDB86464CA-LeaderElection3] INFO  server.RaftServerConfigKeys (ConfUtils.java:logFallback(53)) - raft.server.rpc.first-election.timeout.max = 300ms (fallback to raft.server.rpc.timeout.max)
2024-08-22 16:48:13,923 [s0@group-B0CDB86464CA-LeaderElection3-2] INFO  server.GrpcServerProtocolClient (GrpcServerProtocolClient.java:<init>(65)) - Build channel for s2|localhost:15008
2024-08-22 16:48:14,086 [s0@group-B0CDB86464CA-LeaderElection3] INFO  impl.LeaderElection (LeaderElection.java:logAndReturn(89)) - s0@group-B0CDB86464CA-LeaderElection3: PRE_VOTE TIMEOUT received 0 response(s) and 0 exception(s):
2024-08-22 16:48:14,086 [s0@group-B0CDB86464CA-LeaderElection3] INFO  impl.LeaderElection (LeaderElection.java:askForVotes(323)) - s0@group-B0CDB86464CA-LeaderElection3 PRE_VOTE round 0: result TIMEOUT
2024-08-22 16:48:14,087 [s0@group-B0CDB86464CA-LeaderElection3] INFO  impl.LeaderElection (LeaderElection.java:askForVotes(321)) - s0@group-B0CDB86464CA-LeaderElection3 PRE_VOTE round 1: submit vote requests at term 0 for conf: {index: -1, cur=peers:[s0|localhost:15000, s1|localhost:15004, s2|localhost:15008]|listeners:[], old=null}
2024-08-22 16:48:14,092 [s0@group-B0CDB86464CA-LeaderElection3] INFO  server.RaftServerConfigKeys (ConfUtils.java:logFallback(53)) - raft.server.rpc.first-election.timeout.min = 150ms (fallback to raft.server.rpc.timeout.min)
2024-08-22 16:48:14,092 [s0@group-B0CDB86464CA-LeaderElection3] INFO  server.RaftServerConfigKeys (ConfUtils.java:logFallback(53)) - raft.server.rpc.first-election.timeout.max = 300ms (fallback to raft.server.rpc.timeout.max)
2024-08-22 16:48:14,149 [s1@group-B0CDB86464CA-LeaderElection2] INFO  impl.LeaderElection (LeaderElection.java:logAndReturn(89)) - s1@group-B0CDB86464CA-LeaderElection2: PRE_VOTE TIMEOUT received 0 response(s) and 0 exception(s):
2024-08-22 16:48:14,149 [s1@group-B0CDB86464CA-LeaderElection2] INFO  impl.LeaderElection (LeaderElection.java:askForVotes(323)) - s1@group-B0CDB86464CA-LeaderElection2 PRE_VOTE round 0: result TIMEOUT
2024-08-22 16:48:14,149 [s1@group-B0CDB86464CA-LeaderElection2] INFO  impl.LeaderElection (LeaderElection.java:askForVotes(321)) - s1@group-B0CDB86464CA-LeaderElection2 PRE_VOTE round 1: submit vote requests at term 0 for conf: {index: -1, cur=peers:[s0|localhost:15000, s1|localhost:15004, s2|localhost:15008]|listeners:[], old=null}
2024-08-22 16:48:14,151 [s1@group-B0CDB86464CA-LeaderElection2] INFO  server.RaftServerConfigKeys (ConfUtils.java:logFallback(53)) - raft.server.rpc.first-election.timeout.min = 150ms (fallback to raft.server.rpc.timeout.min)
2024-08-22 16:48:14,151 [s1@group-B0CDB86464CA-LeaderElection2] INFO  server.RaftServerConfigKeys (ConfUtils.java:logFallback(53)) - raft.server.rpc.first-election.timeout.max = 300ms (fallback to raft.server.rpc.timeout.max)
2024-08-22 16:48:14,179 [main] WARN  ratis.RaftTestUtil (RaftTestUtil.java:lambda$waitForLeader$3(126)) - Attempt #2 failed: java.lang.IllegalStateException: No leader yet : printing ALL groups
  s0:  RUNNING CANDIDATE s0@group-B0CDB86464CA:t0, leader=null, voted=, raftlog=Memoized:s0@group-B0CDB86464CA-SegmentedRaftLog:OPENED:c-1:lastnull, conf=conf: {index: -1, cur=peers:[s0|localhost:15000, s1|localhost:15004, s2|localhost:15008]|listeners:[], old=null} RUNNING
  s1:  RUNNING CANDIDATE s1@group-B0CDB86464CA:t0, leader=null, voted=, raftlog=Memoized:s1@group-B0CDB86464CA-SegmentedRaftLog:OPENED:c-1:lastnull, conf=conf: {index: -1, cur=peers:[s0|localhost:15000, s1|localhost:15004, s2|localhost:15008]|listeners:[], old=null} RUNNING
  s2:  RUNNING CANDIDATE s2@group-B0CDB86464CA:t0, leader=null, voted=, raftlog=Memoized:s2@group-B0CDB86464CA-SegmentedRaftLog:OPENED:c-1:lastnull, conf=conf: {index: -1, cur=peers:[s0|localhost:15000, s1|localhost:15004, s2|localhost:15008]|listeners:[], old=null} RUNNING
2024-08-22 16:48:14,189 [s2@group-B0CDB86464CA-LeaderElection1] INFO  impl.LeaderElection (LeaderElection.java:logAndReturn(89)) - s2@group-B0CDB86464CA-LeaderElection1: PRE_VOTE TIMEOUT received 0 response(s) and 0 exception(s):
2024-08-22 16:48:14,190 [s2@group-B0CDB86464CA-LeaderElection1] INFO  impl.LeaderElection (LeaderElection.java:askForVotes(323)) - s2@group-B0CDB86464CA-LeaderElection1 PRE_VOTE round 0: result TIMEOUT
2024-08-22 16:48:14,190 [s2@group-B0CDB86464CA-LeaderElection1] INFO  impl.LeaderElection (LeaderElection.java:askForVotes(321)) - s2@group-B0CDB86464CA-LeaderElection1 PRE_VOTE round 1: submit vote requests at term 0 for conf: {index: -1, cur=peers:[s0|localhost:15000, s1|localhost:15004, s2|localhost:15008]|listeners:[], old=null}
2024-08-22 16:48:14,206 [s2@group-B0CDB86464CA-LeaderElection1] INFO  server.RaftServerConfigKeys (ConfUtils.java:logFallback(53)) - raft.server.rpc.first-election.timeout.min = 150ms (fallback to raft.server.rpc.timeout.min)
2024-08-22 16:48:14,206 [s2@group-B0CDB86464CA-LeaderElection1] INFO  server.RaftServerConfigKeys (ConfUtils.java:logFallback(53)) - raft.server.rpc.first-election.timeout.max = 300ms (fallback to raft.server.rpc.timeout.max)
2024-08-22 16:48:14,335 [s0@group-B0CDB86464CA-LeaderElection3] INFO  impl.LeaderElection (LeaderElection.java:logAndReturn(89)) - s0@group-B0CDB86464CA-LeaderElection3: PRE_VOTE TIMEOUT received 0 response(s) and 0 exception(s):
2024-08-22 16:48:14,335 [s0@group-B0CDB86464CA-LeaderElection3] INFO  impl.LeaderElection (LeaderElection.java:askForVotes(323)) - s0@group-B0CDB86464CA-LeaderElection3 PRE_VOTE round 1: result TIMEOUT
2024-08-22 16:48:14,335 [s0@group-B0CDB86464CA-LeaderElection3] INFO  impl.LeaderElection (LeaderElection.java:askForVotes(321)) - s0@group-B0CDB86464CA-LeaderElection3 PRE_VOTE round 2: submit vote requests at term 0 for conf: {index: -1, cur=peers:[s0|localhost:15000, s1|localhost:15004, s2|localhost:15008]|listeners:[], old=null}
2024-08-22 16:48:14,341 [s1@group-B0CDB86464CA-LeaderElection2] INFO  impl.LeaderElection (LeaderElection.java:logAndReturn(89)) - s1@group-B0CDB86464CA-LeaderElection2: PRE_VOTE TIMEOUT received 0 response(s) and 0 exception(s):
2024-08-22 16:48:14,350 [s0@group-B0CDB86464CA-LeaderElection3] INFO  server.RaftServerConfigKeys (ConfUtils.java:logFallback(53)) - raft.server.rpc.first-election.timeout.min = 150ms (fallback to raft.server.rpc.timeout.min)
2024-08-22 16:48:14,350 [s0@group-B0CDB86464CA-LeaderElection3] INFO  server.RaftServerConfigKeys (ConfUtils.java:logFallback(53)) - raft.server.rpc.first-election.timeout.max = 300ms (fallback to raft.server.rpc.timeout.max)
2024-08-22 16:48:14,351 [s1@group-B0CDB86464CA-LeaderElection2] INFO  impl.LeaderElection (LeaderElection.java:askForVotes(323)) - s1@group-B0CDB86464CA-LeaderElection2 PRE_VOTE round 1: result TIMEOUT
2024-08-22 16:48:14,351 [s1@group-B0CDB86464CA-LeaderElection2] INFO  impl.LeaderElection (LeaderElection.java:askForVotes(321)) - s1@group-B0CDB86464CA-LeaderElection2 PRE_VOTE round 2: submit vote requests at term 0 for conf: {index: -1, cur=peers:[s0|localhost:15000, s1|localhost:15004, s2|localhost:15008]|listeners:[], old=null}
2024-08-22 16:48:14,355 [s1@group-B0CDB86464CA-LeaderElection2] INFO  server.RaftServerConfigKeys (ConfUtils.java:logFallback(53)) - raft.server.rpc.first-election.timeout.min = 150ms (fallback to raft.server.rpc.timeout.min)
2024-08-22 16:48:14,355 [s1@group-B0CDB86464CA-LeaderElection2] INFO  server.RaftServerConfigKeys (ConfUtils.java:logFallback(53)) - raft.server.rpc.first-election.timeout.max = 300ms (fallback to raft.server.rpc.timeout.max)
2024-08-22 16:48:14,380 [grpc-default-executor-1] INFO  impl.VoteContext (VoteContext.java:log(49)) - s1@group-B0CDB86464CA-CANDIDATE: accept PRE_VOTE from s0: our priority 0 <= candidate's priority 0
2024-08-22 16:48:14,381 [grpc-default-executor-3] INFO  impl.VoteContext (VoteContext.java:log(49)) - s2@group-B0CDB86464CA-CANDIDATE: accept PRE_VOTE from s0: our priority 0 <= candidate's priority 0
2024-08-22 16:48:14,383 [grpc-default-executor-4] INFO  impl.VoteContext (VoteContext.java:log(49)) - s0@group-B0CDB86464CA-CANDIDATE: accept PRE_VOTE from s2: our priority 0 <= candidate's priority 0
2024-08-22 16:48:14,389 [grpc-default-executor-2] INFO  impl.VoteContext (VoteContext.java:log(49)) - s1@group-B0CDB86464CA-CANDIDATE: accept PRE_VOTE from s2: our priority 0 <= candidate's priority 0
2024-08-22 16:48:14,394 [grpc-default-executor-0] INFO  impl.VoteContext (VoteContext.java:log(49)) - s0@group-B0CDB86464CA-CANDIDATE: accept PRE_VOTE from s1: our priority 0 <= candidate's priority 0
2024-08-22 16:48:14,394 [grpc-default-executor-5] INFO  impl.VoteContext (VoteContext.java:log(49)) - s2@group-B0CDB86464CA-CANDIDATE: accept PRE_VOTE from s1: our priority 0 <= candidate's priority 0
2024-08-22 16:48:14,399 [grpc-default-executor-3] INFO  impl.VoteContext (VoteContext.java:log(49)) - s2@group-B0CDB86464CA-CANDIDATE: accept PRE_VOTE from s1: our priority 0 <= candidate's priority 0
2024-08-22 16:48:14,404 [s2@group-B0CDB86464CA-LeaderElection1] INFO  impl.LeaderElection (LeaderElection.java:logAndReturn(89)) - s2@group-B0CDB86464CA-LeaderElection1: PRE_VOTE TIMEOUT received 0 response(s) and 0 exception(s):
2024-08-22 16:48:14,404 [s2@group-B0CDB86464CA-LeaderElection1] INFO  impl.LeaderElection (LeaderElection.java:askForVotes(323)) - s2@group-B0CDB86464CA-LeaderElection1 PRE_VOTE round 1: result TIMEOUT
2024-08-22 16:48:14,404 [grpc-default-executor-0] INFO  impl.VoteContext (VoteContext.java:log(49)) - s1@group-B0CDB86464CA-CANDIDATE: accept PRE_VOTE from s0: our priority 0 <= candidate's priority 0
2024-08-22 16:48:14,404 [s2@group-B0CDB86464CA-LeaderElection1] INFO  impl.LeaderElection (LeaderElection.java:askForVotes(321)) - s2@group-B0CDB86464CA-LeaderElection1 PRE_VOTE round 2: submit vote requests at term 0 for conf: {index: -1, cur=peers:[s0|localhost:15000, s1|localhost:15004, s2|localhost:15008]|listeners:[], old=null}
2024-08-22 16:48:14,406 [grpc-default-executor-9] INFO  impl.VoteContext (VoteContext.java:log(49)) - s2@group-B0CDB86464CA-CANDIDATE: accept PRE_VOTE from s0: our priority 0 <= candidate's priority 0
2024-08-22 16:48:14,410 [s2@group-B0CDB86464CA-LeaderElection1] INFO  server.RaftServerConfigKeys (ConfUtils.java:logFallback(53)) - raft.server.rpc.first-election.timeout.min = 150ms (fallback to raft.server.rpc.timeout.min)
2024-08-22 16:48:14,410 [s2@group-B0CDB86464CA-LeaderElection1] INFO  server.RaftServerConfigKeys (ConfUtils.java:logFallback(53)) - raft.server.rpc.first-election.timeout.max = 300ms (fallback to raft.server.rpc.timeout.max)
2024-08-22 16:48:14,411 [s0@group-B0CDB86464CA-LeaderElection3] INFO  impl.LeaderElection (LeaderElection.java:logAndReturn(89)) - s0@group-B0CDB86464CA-LeaderElection3: PRE_VOTE PASSED received 1 response(s) and 0 exception(s):
2024-08-22 16:48:14,412 [s0@group-B0CDB86464CA-LeaderElection3] INFO  impl.LeaderElection (LeaderElection.java:logAndReturn(93)) -   Response 0: s0<-s2#0:OK-t0
2024-08-22 16:48:14,412 [s0@group-B0CDB86464CA-LeaderElection3] INFO  impl.LeaderElection (LeaderElection.java:askForVotes(323)) - s0@group-B0CDB86464CA-LeaderElection3 PRE_VOTE round 2: result PASSED
2024-08-22 16:48:14,412 [s0@group-B0CDB86464CA-LeaderElection3] TRACE util.FileUtils (LogUtils.java:supplyAndLog(69)) - Successfully supplied FileChannel.open /home/runner/work/ratis/ratis/ratis-test/target/test/data/6c727245/MiniRaftClusterWithGrpc3cdf361c/s0/8d872b9c-7458-40d3-8787-b0cdb86464ca/current/raft-meta.tmp with options [CREATE, WRITE]: sun.nio.ch.FileChannelImpl@b037a7d
2024-08-22 16:48:14,413 [s1@group-B0CDB86464CA-LeaderElection2] INFO  impl.LeaderElection (LeaderElection.java:logAndReturn(89)) - s1@group-B0CDB86464CA-LeaderElection2: PRE_VOTE PASSED received 1 response(s) and 0 exception(s):
2024-08-22 16:48:14,413 [s1@group-B0CDB86464CA-LeaderElection2] INFO  impl.LeaderElection (LeaderElection.java:logAndReturn(93)) -   Response 0: s1<-s2#0:OK-t0
2024-08-22 16:48:14,413 [s1@group-B0CDB86464CA-LeaderElection2] INFO  impl.LeaderElection (LeaderElection.java:askForVotes(323)) - s1@group-B0CDB86464CA-LeaderElection2 PRE_VOTE round 2: result PASSED
2024-08-22 16:48:14,413 [s1@group-B0CDB86464CA-LeaderElection2] TRACE util.FileUtils (LogUtils.java:supplyAndLog(69)) - Successfully supplied FileChannel.open /home/runner/work/ratis/ratis/ratis-test/target/test/data/6c727245/MiniRaftClusterWithGrpc3cdf361c/s1/8d872b9c-7458-40d3-8787-b0cdb86464ca/current/raft-meta.tmp with options [CREATE, WRITE]: sun.nio.ch.FileChannelImpl@4e1a5b3a
2024-08-22 16:48:14,415 [s1@group-B0CDB86464CA-LeaderElection2] TRACE util.FileUtils (LogUtils.java:runAndLog(49)) - Successfully ran Atomic Files.move /home/runner/work/ratis/ratis/ratis-test/target/test/data/6c727245/MiniRaftClusterWithGrpc3cdf361c/s1/8d872b9c-7458-40d3-8787-b0cdb86464ca/current/raft-meta.tmp to /home/runner/work/ratis/ratis/ratis-test/target/test/data/6c727245/MiniRaftClusterWithGrpc3cdf361c/s1/8d872b9c-7458-40d3-8787-b0cdb86464ca/current/raft-meta with options [REPLACE_EXISTING]
2024-08-22 16:48:14,415 [s1@group-B0CDB86464CA-LeaderElection2] INFO  impl.LeaderElection (LeaderElection.java:askForVotes(321)) - s1@group-B0CDB86464CA-LeaderElection2 ELECTION round 2: submit vote requests at term 1 for conf: {index: -1, cur=peers:[s0|localhost:15000, s1|localhost:15004, s2|localhost:15008]|listeners:[], old=null}
2024-08-22 16:48:14,415 [s0@group-B0CDB86464CA-LeaderElection3] TRACE util.FileUtils (LogUtils.java:runAndLog(49)) - Successfully ran Atomic Files.move /home/runner/work/ratis/ratis/ratis-test/target/test/data/6c727245/MiniRaftClusterWithGrpc3cdf361c/s0/8d872b9c-7458-40d3-8787-b0cdb86464ca/current/raft-meta.tmp to /home/runner/work/ratis/ratis/ratis-test/target/test/data/6c727245/MiniRaftClusterWithGrpc3cdf361c/s0/8d872b9c-7458-40d3-8787-b0cdb86464ca/current/raft-meta with options [REPLACE_EXISTING]
2024-08-22 16:48:14,415 [s0@group-B0CDB86464CA-LeaderElection3] INFO  impl.LeaderElection (LeaderElection.java:askForVotes(321)) - s0@group-B0CDB86464CA-LeaderElection3 ELECTION round 2: submit vote requests at term 1 for conf: {index: -1, cur=peers:[s0|localhost:15000, s1|localhost:15004, s2|localhost:15008]|listeners:[], old=null}
2024-08-22 16:48:14,415 [grpc-default-executor-0] INFO  impl.VoteContext (VoteContext.java:log(49)) - s0@group-B0CDB86464CA-CANDIDATE: accept PRE_VOTE from s2: our priority 0 <= candidate's priority 0
2024-08-22 16:48:14,419 [grpc-default-executor-0] INFO  impl.VoteContext (VoteContext.java:log(49)) - s1@group-B0CDB86464CA-CANDIDATE: accept PRE_VOTE from s2: our priority 0 <= candidate's priority 0
2024-08-22 16:48:14,421 [grpc-default-executor-0] INFO  impl.VoteContext (VoteContext.java:log(49)) - s0@group-B0CDB86464CA-CANDIDATE: reject ELECTION from s1: already has voted for s0 at current term 1
2024-08-22 16:48:14,423 [s1@group-B0CDB86464CA-LeaderElection2] INFO  server.RaftServerConfigKeys (ConfUtils.java:logFallback(53)) - raft.server.rpc.first-election.timeout.min = 150ms (fallback to raft.server.rpc.timeout.min)
2024-08-22 16:48:14,424 [s1@group-B0CDB86464CA-LeaderElection2] INFO  server.RaftServerConfigKeys (ConfUtils.java:logFallback(53)) - raft.server.rpc.first-election.timeout.max = 300ms (fallback to raft.server.rpc.timeout.max)
2024-08-22 16:48:14,427 [s0@group-B0CDB86464CA-LeaderElection3] INFO  server.RaftServerConfigKeys (ConfUtils.java:logFallback(53)) - raft.server.rpc.first-election.timeout.min = 150ms (fallback to raft.server.rpc.timeout.min)
2024-08-22 16:48:14,427 [s0@group-B0CDB86464CA-LeaderElection3] INFO  server.RaftServerConfigKeys (ConfUtils.java:logFallback(53)) - raft.server.rpc.first-election.timeout.max = 300ms (fallback to raft.server.rpc.timeout.max)
2024-08-22 16:48:14,429 [s2@group-B0CDB86464CA-LeaderElection1] INFO  impl.LeaderElection (LeaderElection.java:logAndReturn(89)) - s2@group-B0CDB86464CA-LeaderElection1: PRE_VOTE DISCOVERED_A_NEW_TERM (term=1) received 1 response(s) and 0 exception(s):
2024-08-22 16:48:14,429 [s2@group-B0CDB86464CA-LeaderElection1] INFO  impl.LeaderElection (LeaderElection.java:logAndReturn(93)) -   Response 0: s2<-s0#0:OK-t1
2024-08-22 16:48:14,429 [s2@group-B0CDB86464CA-LeaderElection1] INFO  impl.LeaderElection (LeaderElection.java:askForVotes(323)) - s2@group-B0CDB86464CA-LeaderElection1 PRE_VOTE round 2: result DISCOVERED_A_NEW_TERM (term=1)
2024-08-22 16:48:14,429 [grpc-default-executor-9] INFO  impl.VoteContext (VoteContext.java:log(49)) - s2@group-B0CDB86464CA-CANDIDATE: accept ELECTION from s1: our priority 0 <= candidate's priority 0
2024-08-22 16:48:14,429 [grpc-default-executor-0] INFO  impl.VoteContext (VoteContext.java:log(49)) - s1@group-B0CDB86464CA-CANDIDATE: reject ELECTION from s0: already has voted for s1 at current term 1
2024-08-22 16:48:14,430 [grpc-default-executor-9] INFO  impl.RoleInfo (RoleInfo.java:shutdownLeaderElection(139)) - s2: shutdown s2@group-B0CDB86464CA-LeaderElection1
2024-08-22 16:48:14,430 [grpc-default-executor-9] INFO  impl.RoleInfo (RoleInfo.java:updateAndGet(148)) - s2: start s2@group-B0CDB86464CA-FollowerState
2024-08-22 16:48:14,434 [grpc-default-executor-9] TRACE util.FileUtils (LogUtils.java:supplyAndLog(69)) - Successfully supplied FileChannel.open /home/runner/work/ratis/ratis/ratis-test/target/test/data/6c727245/MiniRaftClusterWithGrpc3cdf361c/s2/8d872b9c-7458-40d3-8787-b0cdb86464ca/current/raft-meta.tmp with options [CREATE, WRITE]: sun.nio.ch.FileChannelImpl@6346525b
2024-08-22 16:48:14,435 [grpc-default-executor-9] TRACE util.FileUtils (LogUtils.java:runAndLog(49)) - Successfully ran Atomic Files.move /home/runner/work/ratis/ratis/ratis-test/target/test/data/6c727245/MiniRaftClusterWithGrpc3cdf361c/s2/8d872b9c-7458-40d3-8787-b0cdb86464ca/current/raft-meta.tmp to /home/runner/work/ratis/ratis/ratis-test/target/test/data/6c727245/MiniRaftClusterWithGrpc3cdf361c/s2/8d872b9c-7458-40d3-8787-b0cdb86464ca/current/raft-meta with options [REPLACE_EXISTING]
2024-08-22 16:48:14,436 [grpc-default-executor-0] INFO  impl.VoteContext (VoteContext.java:log(49)) - s2@group-B0CDB86464CA-FOLLOWER: reject ELECTION from s0: already has voted for s1 at current term 1
2024-08-22 16:48:14,439 [s1@group-B0CDB86464CA-LeaderElection2] INFO  impl.LeaderElection (LeaderElection.java:logAndReturn(89)) - s1@group-B0CDB86464CA-LeaderElection2: ELECTION PASSED received 2 response(s) and 0 exception(s):
2024-08-22 16:48:14,439 [s1@group-B0CDB86464CA-LeaderElection2] INFO  impl.LeaderElection (LeaderElection.java:logAndReturn(93)) -   Response 0: s1<-s0#0:FAIL-t1
2024-08-22 16:48:14,439 [s1@group-B0CDB86464CA-LeaderElection2] INFO  impl.LeaderElection (LeaderElection.java:logAndReturn(93)) -   Response 1: s1<-s2#0:OK-t1
2024-08-22 16:48:14,439 [s1@group-B0CDB86464CA-LeaderElection2] INFO  impl.LeaderElection (LeaderElection.java:askForVotes(323)) - s1@group-B0CDB86464CA-LeaderElection2 ELECTION round 2: result PASSED
2024-08-22 16:48:14,439 [s1@group-B0CDB86464CA-LeaderElection2] INFO  impl.RoleInfo (RoleInfo.java:shutdownLeaderElection(139)) - s1: shutdown s1@group-B0CDB86464CA-LeaderElection2
2024-08-22 16:48:14,439 [s0@group-B0CDB86464CA-LeaderElection3] INFO  impl.LeaderElection (LeaderElection.java:logAndReturn(89)) - s0@group-B0CDB86464CA-LeaderElection3: ELECTION REJECTED received 2 response(s) and 0 exception(s):
2024-08-22 16:48:14,439 [s0@group-B0CDB86464CA-LeaderElection3] INFO  impl.LeaderElection (LeaderElection.java:logAndReturn(93)) -   Response 0: s0<-s1#0:FAIL-t1
2024-08-22 16:48:14,440 [s0@group-B0CDB86464CA-LeaderElection3] INFO  impl.LeaderElection (LeaderElection.java:logAndReturn(93)) -   Response 1: s0<-s2#0:FAIL-t1
2024-08-22 16:48:14,440 [s0@group-B0CDB86464CA-LeaderElection3] INFO  impl.LeaderElection (LeaderElection.java:askForVotes(323)) - s0@group-B0CDB86464CA-LeaderElection3 ELECTION round 2: result REJECTED
2024-08-22 16:48:14,440 [s0@group-B0CDB86464CA-LeaderElection3] INFO  impl.RoleInfo (RoleInfo.java:shutdownLeaderElection(139)) - s0: shutdown s0@group-B0CDB86464CA-LeaderElection3
2024-08-22 16:48:14,440 [s0@group-B0CDB86464CA-LeaderElection3] INFO  impl.RoleInfo (RoleInfo.java:updateAndGet(148)) - s0: start s0@group-B0CDB86464CA-FollowerState
2024-08-22 16:48:14,447 [s1@group-B0CDB86464CA-LeaderElection2] INFO  server.RaftServerConfigKeys (ConfUtils.java:logGet(46)) - raft.server.staging.catchup.gap = 1000 (default)
2024-08-22 16:48:14,453 [s1@group-B0CDB86464CA-LeaderElection2] INFO  server.RaftServerConfigKeys (ConfUtils.java:logGet(46)) - raft.server.write.element-limit = 4096 (default)
2024-08-22 16:48:14,453 [s1@group-B0CDB86464CA-LeaderElection2] INFO  server.RaftServerConfigKeys (ConfUtils.java:logGet(46)) - raft.server.write.byte-limit = 64MB (=67108864) (default)
2024-08-22 16:48:14,457 [s1@group-B0CDB86464CA-LeaderElection2] INFO  server.RaftServerConfigKeys (ConfUtils.java:logGet(46)) - raft.server.watch.timeout = 10s (default)
2024-08-22 16:48:14,457 [s1@group-B0CDB86464CA-LeaderElection2] INFO  server.RaftServerConfigKeys (ConfUtils.java:logGet(46)) - raft.server.watch.timeout.denomination = 1s (default)
2024-08-22 16:48:14,458 [s1@group-B0CDB86464CA-LeaderElection2] INFO  server.RaftServerConfigKeys (ConfUtils.java:logGet(46)) - raft.server.watch.element-limit = 65536 (default)
2024-08-22 16:48:14,465 [s1@group-B0CDB86464CA-LeaderElection2] INFO  server.RaftServerConfigKeys (ConfUtils.java:logGet(46)) - raft.server.read.leader.lease.enabled = false (default)
2024-08-22 16:48:14,466 [s1@group-B0CDB86464CA-LeaderElection2] INFO  server.RaftServerConfigKeys (ConfUtils.java:logGet(46)) - raft.server.read.leader.lease.timeout.ratio = 0.9 (default)
2024-08-22 16:48:14,467 [s1@group-B0CDB86464CA-LeaderElection2] INFO  server.RaftServerConfigKeys (ConfUtils.java:logGet(46)) - raft.server.rpc.timeout.min = 150ms (default)
2024-08-22 16:48:14,467 [s1@group-B0CDB86464CA-LeaderElection2] INFO  server.RaftServerConfigKeys (ConfUtils.java:logGet(46)) - raft.server.log.log-metadata.enabled = true (default)
2024-08-22 16:48:14,467 [s1@group-B0CDB86464CA-LeaderElection2] INFO  server.RaftServerConfigKeys (ConfUtils.java:logGet(46)) - raft.server.write.element-limit = 4096 (default)
2024-08-22 16:48:14,467 [s1@group-B0CDB86464CA-LeaderElection2] INFO  server.RaftServerConfigKeys (ConfUtils.java:logGet(46)) - raft.server.write.follower.gap.ratio.max = -1.0 (default)
2024-08-22 16:48:14,479 [s1@group-B0CDB86464CA-LeaderElection2] INFO  server.RaftServerConfigKeys (ConfUtils.java:logGet(46)) - raft.server.log.appender.snapshot.chunk.size.max = 16MB (=16777216) (default)
2024-08-22 16:48:14,479 [s1@group-B0CDB86464CA-LeaderElection2] INFO  server.RaftServerConfigKeys (ConfUtils.java:logGet(46)) - raft.server.log.appender.buffer.byte-limit = 4MB (=4194304) (default)
2024-08-22 16:48:14,479 [s1@group-B0CDB86464CA-LeaderElection2] INFO  server.RaftServerConfigKeys (ConfUtils.java:logGet(46)) - raft.server.log.appender.buffer.element-limit = 0 (default)
2024-08-22 16:48:14,482 [s1@group-B0CDB86464CA-LeaderElection2] INFO  server.RaftServerConfigKeys (ConfUtils.java:logGet(46)) - raft.server.log.appender.wait-time.min = 1ms (default)
2024-08-22 16:48:14,483 [s1@group-B0CDB86464CA-LeaderElection2] INFO  grpc.GrpcConfigKeys (ConfUtils.java:logGet(46)) - raft.grpc.server.leader.outstanding.appends.max = 8 (default)
2024-08-22 16:48:14,483 [s1@group-B0CDB86464CA-LeaderElection2] INFO  server.RaftServerConfigKeys (ConfUtils.java:logGet(46)) - raft.server.rpc.request.timeout = 3000ms (default)
2024-08-22 16:48:14,483 [s1@group-B0CDB86464CA-LeaderElection2] INFO  grpc.GrpcConfigKeys (ConfUtils.java:logGet(46)) - raft.grpc.server.install_snapshot.request.element-limit = 8 (default)
2024-08-22 16:48:14,483 [s1@group-B0CDB86464CA-LeaderElection2] INFO  grpc.GrpcConfigKeys (ConfUtils.java:logGet(46)) - raft.grpc.server.install_snapshot.request.timeout = 3000ms (default)
2024-08-22 16:48:14,483 [s1@group-B0CDB86464CA-LeaderElection2] INFO  grpc.GrpcConfigKeys (ConfUtils.java:logGet(46)) - raft.grpc.server.log-message.batch.duration = 5s (default)
2024-08-22 16:48:14,483 [s1@group-B0CDB86464CA-LeaderElection2] INFO  server.RaftServerConfigKeys (ConfUtils.java:logGet(46)) - raft.server.log.appender.install.snapshot.enabled = true (default)
2024-08-22 16:48:14,484 [s1@group-B0CDB86464CA-LeaderElection2] INFO  grpc.GrpcConfigKeys (ConfUtils.java:logGet(46)) - raft.grpc.server.heartbeat.channel = true (default)
2024-08-22 16:48:14,488 [s1@group-B0CDB86464CA-LeaderElection2] INFO  server.RaftServerConfigKeys (ConfUtils.java:logGet(46)) - raft.server.log.appender.snapshot.chunk.size.max = 16MB (=16777216) (default)
2024-08-22 16:48:14,488 [s1@group-B0CDB86464CA-LeaderElection2] INFO  server.RaftServerConfigKeys (ConfUtils.java:logGet(46)) - raft.server.log.appender.buffer.byte-limit = 4MB (=4194304) (default)
2024-08-22 16:48:14,488 [s1@group-B0CDB86464CA-LeaderElection2] INFO  server.RaftServerConfigKeys (ConfUtils.java:logGet(46)) - raft.server.log.appender.buffer.element-limit = 0 (default)
2024-08-22 16:48:14,488 [s1@group-B0CDB86464CA-LeaderElection2] INFO  server.RaftServerConfigKeys (ConfUtils.java:logGet(46)) - raft.server.log.appender.wait-time.min = 1ms (default)
2024-08-22 16:48:14,488 [s1@group-B0CDB86464CA-LeaderElection2] INFO  grpc.GrpcConfigKeys (ConfUtils.java:logGet(46)) - raft.grpc.server.leader.outstanding.appends.max = 8 (default)
2024-08-22 16:48:14,489 [s1@group-B0CDB86464CA-LeaderElection2] INFO  server.RaftServerConfigKeys (ConfUtils.java:logGet(46)) - raft.server.rpc.request.timeout = 3000ms (default)
2024-08-22 16:48:14,489 [s1@group-B0CDB86464CA-LeaderElection2] INFO  grpc.GrpcConfigKeys (ConfUtils.java:logGet(46)) - raft.grpc.server.install_snapshot.request.element-limit = 8 (default)
2024-08-22 16:48:14,489 [s1@group-B0CDB86464CA-LeaderElection2] INFO  grpc.GrpcConfigKeys (ConfUtils.java:logGet(46)) - raft.grpc.server.install_snapshot.request.timeout = 3000ms (default)
2024-08-22 16:48:14,489 [s1@group-B0CDB86464CA-LeaderElection2] INFO  grpc.GrpcConfigKeys (ConfUtils.java:logGet(46)) - raft.grpc.server.log-message.batch.duration = 5s (default)
2024-08-22 16:48:14,489 [s1@group-B0CDB86464CA-LeaderElection2] INFO  server.RaftServerConfigKeys (ConfUtils.java:logGet(46)) - raft.server.log.appender.install.snapshot.enabled = true (default)
2024-08-22 16:48:14,489 [s1@group-B0CDB86464CA-LeaderElection2] INFO  grpc.GrpcConfigKeys (ConfUtils.java:logGet(46)) - raft.grpc.server.heartbeat.channel = true (default)
2024-08-22 16:48:14,491 [s1@group-B0CDB86464CA-LeaderElection2] INFO  impl.RoleInfo (RoleInfo.java:updateAndGet(148)) - s1: start s1@group-B0CDB86464CA-LeaderStateImpl
2024-08-22 16:48:14,514 [s1@group-B0CDB86464CA-LeaderElection2] INFO  util.LeakDetector (LeakDetector.java:start(72)) - Starting leak detector thread SIMPLE0.
2024-08-22 16:48:14,521 [s1@group-B0CDB86464CA-LeaderElection2] INFO  segmented.SegmentedRaftLogWorker (SegmentedRaftLogWorker.java:startLogSegment(438)) - s1@group-B0CDB86464CA-SegmentedRaftLogWorker: Starting segment from index:0
2024-08-22 16:48:14,629 [s1@group-B0CDB86464CA-SegmentedRaftLogWorker] INFO  segmented.BufferedWriteChannel (BufferedWriteChannel.java:open(61)) - open log_inprogress_0 at position 0
2024-08-22 16:48:14,631 [s0@group-B0CDB86464CA-FollowerState] INFO  impl.FollowerState (FollowerState.java:run(144)) - s0@group-B0CDB86464CA-FollowerState: change to CANDIDATE, lastRpcElapsedTime:191370941ns, electionTimeout:186ms
2024-08-22 16:48:14,631 [s0@group-B0CDB86464CA-FollowerState] INFO  impl.RoleInfo (RoleInfo.java:shutdownFollowerState(119)) - s0: shutdown s0@group-B0CDB86464CA-FollowerState
2024-08-22 16:48:14,632 [main] WARN  ratis.RaftTestUtil (RaftTestUtil.java:lambda$waitForLeader$3(126)) - Attempt #3 failed: java.lang.IllegalStateException: Leader: s1@group-B0CDB86464CA not ready
2024-08-22 16:48:14,636 [s1@group-B0CDB86464CA-SegmentedRaftLogWorker] INFO  segmented.SegmentedRaftLogWorker (SegmentedRaftLogWorker.java:execute(660)) - s1@group-B0CDB86464CA-SegmentedRaftLogWorker: created new log segment /home/runner/work/ratis/ratis/ratis-test/target/test/data/6c727245/MiniRaftClusterWithGrpc3cdf361c/s1/8d872b9c-7458-40d3-8787-b0cdb86464ca/current/log_inprogress_0
2024-08-22 16:48:14,638 [s0@group-B0CDB86464CA-FollowerState] INFO  server.RaftServerConfigKeys (ConfUtils.java:logGet(46)) - raft.server.leaderelection.pre-vote = true (default)
2024-08-22 16:48:14,638 [s0@group-B0CDB86464CA-FollowerState] INFO  impl.RoleInfo (RoleInfo.java:updateAndGet(148)) - s0: start s0@group-B0CDB86464CA-LeaderElection4
2024-08-22 16:48:14,640 [s0-server-thread1] INFO  impl.RoleInfo (RoleInfo.java:shutdownLeaderElection(139)) - s0: shutdown s0@group-B0CDB86464CA-LeaderElection4
2024-08-22 16:48:14,640 [s0@group-B0CDB86464CA-LeaderElection4] INFO  impl.LeaderElection (LeaderElection.java:run(239)) - s0@group-B0CDB86464CA-LeaderElection4: skip running since this is already CLOSING
2024-08-22 16:48:14,641 [s0-server-thread1] INFO  impl.RoleInfo (RoleInfo.java:updateAndGet(148)) - s0: start s0@group-B0CDB86464CA-FollowerState
2024-08-22 16:48:14,643 [s0-server-thread2] INFO  segmented.SegmentedRaftLogWorker (SegmentedRaftLogWorker.java:startLogSegment(438)) - s0@group-B0CDB86464CA-SegmentedRaftLogWorker: Starting segment from index:0
2024-08-22 16:48:14,643 [s2-server-thread2] INFO  segmented.SegmentedRaftLogWorker (SegmentedRaftLogWorker.java:startLogSegment(438)) - s2@group-B0CDB86464CA-SegmentedRaftLogWorker: Starting segment from index:0
2024-08-22 16:48:14,645 [s2@group-B0CDB86464CA-SegmentedRaftLogWorker] INFO  segmented.BufferedWriteChannel (BufferedWriteChannel.java:open(61)) - open log_inprogress_0 at position 0
2024-08-22 16:48:14,646 [s0@group-B0CDB86464CA-SegmentedRaftLogWorker] INFO  segmented.BufferedWriteChannel (BufferedWriteChannel.java:open(61)) - open log_inprogress_0 at position 0
2024-08-22 16:48:14,646 [s2@group-B0CDB86464CA-SegmentedRaftLogWorker] INFO  segmented.SegmentedRaftLogWorker (SegmentedRaftLogWorker.java:execute(660)) - s2@group-B0CDB86464CA-SegmentedRaftLogWorker: created new log segment /home/runner/work/ratis/ratis/ratis-test/target/test/data/6c727245/MiniRaftClusterWithGrpc3cdf361c/s2/8d872b9c-7458-40d3-8787-b0cdb86464ca/current/log_inprogress_0
2024-08-22 16:48:14,646 [s0@group-B0CDB86464CA-SegmentedRaftLogWorker] INFO  segmented.SegmentedRaftLogWorker (SegmentedRaftLogWorker.java:execute(660)) - s0@group-B0CDB86464CA-SegmentedRaftLogWorker: created new log segment /home/runner/work/ratis/ratis/ratis-test/target/test/data/6c727245/MiniRaftClusterWithGrpc3cdf361c/s0/8d872b9c-7458-40d3-8787-b0cdb86464ca/current/log_inprogress_0
2024-08-22 16:48:14,659 [s1@group-B0CDB86464CA-StateMachineUpdater] TRACE util.FileUtils (LogUtils.java:supplyAndLog(69)) - Successfully supplied FileChannel.open /home/runner/work/ratis/ratis/ratis-test/target/test/data/6c727245/MiniRaftClusterWithGrpc3cdf361c/s1/8d872b9c-7458-40d3-8787-b0cdb86464ca/current/raft-meta.conf.tmp with options [CREATE, WRITE]: sun.nio.ch.FileChannelImpl@37fe9dd7
2024-08-22 16:48:14,662 [s1@group-B0CDB86464CA-StateMachineUpdater] TRACE util.FileUtils (LogUtils.java:runAndLog(49)) - Successfully ran Atomic Files.move /home/runner/work/ratis/ratis/ratis-test/target/test/data/6c727245/MiniRaftClusterWithGrpc3cdf361c/s1/8d872b9c-7458-40d3-8787-b0cdb86464ca/current/raft-meta.conf.tmp to /home/runner/work/ratis/ratis/ratis-test/target/test/data/6c727245/MiniRaftClusterWithGrpc3cdf361c/s1/8d872b9c-7458-40d3-8787-b0cdb86464ca/current/raft-meta.conf with options [REPLACE_EXISTING]
2024-08-22 16:48:14,737 [s0@group-B0CDB86464CA-StateMachineUpdater] TRACE util.FileUtils (LogUtils.java:supplyAndLog(69)) - Successfully supplied FileChannel.open /home/runner/work/ratis/ratis/ratis-test/target/test/data/6c727245/MiniRaftClusterWithGrpc3cdf361c/s0/8d872b9c-7458-40d3-8787-b0cdb86464ca/current/raft-meta.conf.tmp with options [CREATE, WRITE]: sun.nio.ch.FileChannelImpl@5aec283a
2024-08-22 16:48:14,737 [s2@group-B0CDB86464CA-StateMachineUpdater] TRACE util.FileUtils (LogUtils.java:supplyAndLog(69)) - Successfully supplied FileChannel.open /home/runner/work/ratis/ratis/ratis-test/target/test/data/6c727245/MiniRaftClusterWithGrpc3cdf361c/s2/8d872b9c-7458-40d3-8787-b0cdb86464ca/current/raft-meta.conf.tmp with options [CREATE, WRITE]: sun.nio.ch.FileChannelImpl@f1417bf
2024-08-22 16:48:14,741 [s0@group-B0CDB86464CA-StateMachineUpdater] TRACE util.FileUtils (LogUtils.java:runAndLog(49)) - Successfully ran Atomic Files.move /home/runner/work/ratis/ratis/ratis-test/target/test/data/6c727245/MiniRaftClusterWithGrpc3cdf361c/s0/8d872b9c-7458-40d3-8787-b0cdb86464ca/current/raft-meta.conf.tmp to /home/runner/work/ratis/ratis/ratis-test/target/test/data/6c727245/MiniRaftClusterWithGrpc3cdf361c/s0/8d872b9c-7458-40d3-8787-b0cdb86464ca/current/raft-meta.conf with options [REPLACE_EXISTING]
2024-08-22 16:48:14,741 [s2@group-B0CDB86464CA-StateMachineUpdater] TRACE util.FileUtils (LogUtils.java:runAndLog(49)) - Successfully ran Atomic Files.move /home/runner/work/ratis/ratis/ratis-test/target/test/data/6c727245/MiniRaftClusterWithGrpc3cdf361c/s2/8d872b9c-7458-40d3-8787-b0cdb86464ca/current/raft-meta.conf.tmp to /home/runner/work/ratis/ratis/ratis-test/target/test/data/6c727245/MiniRaftClusterWithGrpc3cdf361c/s2/8d872b9c-7458-40d3-8787-b0cdb86464ca/current/raft-meta.conf with options [REPLACE_EXISTING]
2024-08-22 16:48:15,083 [main] INFO  ratis.RaftTestUtil (RaftTestUtil.java:waitForLeader(131)) - printing ALL groups
  s0:  RUNNING  FOLLOWER s0@group-B0CDB86464CA:t1, leader=s1, voted=s0, raftlog=Memoized:s0@group-B0CDB86464CA-SegmentedRaftLog:OPENED:c0:last(t:1, i:0), conf=conf: {index: 0, cur=peers:[s0|localhost:15000, s1|localhost:15004, s2|localhost:15008]|listeners:[], old=null} RUNNING
  s1:  RUNNING    LEADER s1@group-B0CDB86464CA:t1, leader=s1, voted=s1, raftlog=Memoized:s1@group-B0CDB86464CA-SegmentedRaftLog:OPENED:c0:last(t:1, i:0), conf=conf: {index: 0, cur=peers:[s0|localhost:15000, s1|localhost:15004, s2|localhost:15008]|listeners:[], old=null} RUNNING
  s2:  RUNNING  FOLLOWER s2@group-B0CDB86464CA:t1, leader=s1, voted=s1, raftlog=Memoized:s2@group-B0CDB86464CA-SegmentedRaftLog:OPENED:c0:last(t:1, i:0), conf=conf: {index: 0, cur=peers:[s0|localhost:15000, s1|localhost:15004, s2|localhost:15008]|listeners:[], old=null} RUNNING
2024-08-22 16:48:17,575 [s1-server-thread1] INFO  impl.TransferLeadership (TransferLeadership.java:tryTransferLeadership(258)) - s1@group-B0CDB86464CA: start transferring leadership to s0
2024-08-22 16:48:17,575 [s1-server-thread1] INFO  impl.TransferLeadership (TransferLeadership.java:sendStartLeaderElection(210)) - s1@group-B0CDB86464CA: sendStartLeaderElection to follower s0, lastEntry=(t:1, i:0)
2024-08-22 16:48:17,578 [s1-server-thread1] INFO  impl.TransferLeadership (TransferLeadership.java:tryTransferLeadership(266)) - s1@group-B0CDB86464CA: SUCCESS sent StartLeaderElection to transferee s0 immediately as it already has up-to-date log
2024-08-22 16:48:17,586 [grpc-default-executor-9] INFO  impl.RoleInfo (RoleInfo.java:shutdownFollowerState(119)) - s0: shutdown s0@group-B0CDB86464CA-FollowerState
2024-08-22 16:48:17,586 [s0@group-B0CDB86464CA-FollowerState] INFO  impl.FollowerState (FollowerState.java:run(153)) - s0@group-B0CDB86464CA-FollowerState was interrupted
2024-08-22 16:48:17,587 [grpc-default-executor-9] TRACE util.FileUtils (LogUtils.java:supplyAndLog(69)) - Successfully supplied FileChannel.open /home/runner/work/ratis/ratis/ratis-test/target/test/data/6c727245/MiniRaftClusterWithGrpc3cdf361c/s0/8d872b9c-7458-40d3-8787-b0cdb86464ca/current/raft-meta.tmp with options [CREATE, WRITE]: sun.nio.ch.FileChannelImpl@68511cc6
2024-08-22 16:48:17,588 [grpc-default-executor-9] TRACE util.FileUtils (LogUtils.java:runAndLog(49)) - Successfully ran Atomic Files.move /home/runner/work/ratis/ratis/ratis-test/target/test/data/6c727245/MiniRaftClusterWithGrpc3cdf361c/s0/8d872b9c-7458-40d3-8787-b0cdb86464ca/current/raft-meta.tmp to /home/runner/work/ratis/ratis/ratis-test/target/test/data/6c727245/MiniRaftClusterWithGrpc3cdf361c/s0/8d872b9c-7458-40d3-8787-b0cdb86464ca/current/raft-meta with options [REPLACE_EXISTING]
2024-08-22 16:48:17,589 [grpc-default-executor-9] INFO  impl.RoleInfo (RoleInfo.java:updateAndGet(148)) - s0: start s0@group-B0CDB86464CA-LeaderElection5
2024-08-22 16:48:17,591 [s0@group-B0CDB86464CA-LeaderElection5] INFO  impl.LeaderElection (LeaderElection.java:askForVotes(321)) - s0@group-B0CDB86464CA-LeaderElection5 ELECTION round 0: submit vote requests at term 2 for conf: {index: 0, cur=peers:[s0|localhost:15000, s1|localhost:15004, s2|localhost:15008]|listeners:[], old=null}
2024-08-22 16:48:17,596 [s1-server-thread2] INFO  impl.TransferLeadership (TransferLeadership.java:lambda$sendStartLeaderElection$2(224)) - s1@group-B0CDB86464CA: Received startLeaderElection reply from s0: success? true
2024-08-22 16:48:17,597 [grpc-default-executor-9] INFO  impl.VoteContext (VoteContext.java:log(49)) - s1@group-B0CDB86464CA-LEADER: accept ELECTION from s0: our priority 0 <= candidate's priority 0
2024-08-22 16:48:17,597 [grpc-default-executor-9] INFO  impl.RoleInfo (RoleInfo.java:shutdownLeaderState(103)) - s1: shutdown s1@group-B0CDB86464CA-LeaderStateImpl
2024-08-22 16:48:17,597 [grpc-default-executor-9] INFO  impl.PendingRequests (PendingRequests.java:sendNotLeaderResponses(287)) - s1@group-B0CDB86464CA-PendingRequests: sendNotLeaderResponses
2024-08-22 16:48:17,598 [s1@group-B0CDB86464CA->s0-GrpcLogAppender-LogAppenderDaemon] WARN  server.GrpcLogAppender (GrpcLogAppender.java:mayWait(293)) - s1@group-B0CDB86464CA->s0-GrpcLogAppender: Wait interrupted by java.lang.InterruptedException
2024-08-22 16:48:17,598 [grpc-default-executor-8] INFO  impl.VoteContext (VoteContext.java:log(49)) - s2@group-B0CDB86464CA-FOLLOWER: accept ELECTION from s0: our priority 0 <= candidate's priority 0
2024-08-22 16:48:17,598 [grpc-default-executor-8] INFO  impl.RoleInfo (RoleInfo.java:shutdownFollowerState(119)) - s2: shutdown s2@group-B0CDB86464CA-FollowerState
2024-08-22 16:48:17,598 [grpc-default-executor-8] INFO  impl.RoleInfo (RoleInfo.java:updateAndGet(148)) - s2: start s2@group-B0CDB86464CA-FollowerState
2024-08-22 16:48:17,598 [s2@group-B0CDB86464CA-FollowerState] INFO  impl.FollowerState (FollowerState.java:run(153)) - s2@group-B0CDB86464CA-FollowerState was interrupted
2024-08-22 16:48:17,601 [grpc-default-executor-8] TRACE util.FileUtils (LogUtils.java:supplyAndLog(69)) - Successfully supplied FileChannel.open /home/runner/work/ratis/ratis/ratis-test/target/test/data/6c727245/MiniRaftClusterWithGrpc3cdf361c/s2/8d872b9c-7458-40d3-8787-b0cdb86464ca/current/raft-meta.tmp with options [CREATE, WRITE]: sun.nio.ch.FileChannelImpl@3fa7d7df
2024-08-22 16:48:17,602 [s1@group-B0CDB86464CA->s2-GrpcLogAppender-LogAppenderDaemon] WARN  server.GrpcLogAppender (GrpcLogAppender.java:mayWait(293)) - s1@group-B0CDB86464CA->s2-GrpcLogAppender: Wait interrupted by java.lang.InterruptedException
2024-08-22 16:48:17,603 [grpc-default-executor-9] INFO  impl.RoleInfo (RoleInfo.java:updateAndGet(148)) - s1: start s1@group-B0CDB86464CA-FollowerState
2024-08-22 16:48:17,603 [grpc-default-executor-9] TRACE util.FileUtils (LogUtils.java:supplyAndLog(69)) - Successfully supplied FileChannel.open /home/runner/work/ratis/ratis/ratis-test/target/test/data/6c727245/MiniRaftClusterWithGrpc3cdf361c/s1/8d872b9c-7458-40d3-8787-b0cdb86464ca/current/raft-meta.tmp with options [CREATE, WRITE]: sun.nio.ch.FileChannelImpl@23de5a1d
2024-08-22 16:48:17,604 [grpc-default-executor-7] INFO  server.GrpcServerProtocolService (GrpcServerProtocolService.java:onCompleted(200)) - s2: Completed APPEND_ENTRIES, lastRequest: null
2024-08-22 16:48:17,604 [grpc-default-executor-1] INFO  server.GrpcServerProtocolService (GrpcServerProtocolService.java:onCompleted(200)) - s0: Completed APPEND_ENTRIES, lastRequest: null
2024-08-22 16:48:17,604 [grpc-default-executor-8] TRACE util.FileUtils (LogUtils.java:runAndLog(49)) - Successfully ran Atomic Files.move /home/runner/work/ratis/ratis/ratis-test/target/test/data/6c727245/MiniRaftClusterWithGrpc3cdf361c/s2/8d872b9c-7458-40d3-8787-b0cdb86464ca/current/raft-meta.tmp to /home/runner/work/ratis/ratis/ratis-test/target/test/data/6c727245/MiniRaftClusterWithGrpc3cdf361c/s2/8d872b9c-7458-40d3-8787-b0cdb86464ca/current/raft-meta with options [REPLACE_EXISTING]
2024-08-22 16:48:17,604 [grpc-default-executor-9] TRACE util.FileUtils (LogUtils.java:runAndLog(49)) - Successfully ran Atomic Files.move /home/runner/work/ratis/ratis/ratis-test/target/test/data/6c727245/MiniRaftClusterWithGrpc3cdf361c/s1/8d872b9c-7458-40d3-8787-b0cdb86464ca/current/raft-meta.tmp to /home/runner/work/ratis/ratis/ratis-test/target/test/data/6c727245/MiniRaftClusterWithGrpc3cdf361c/s1/8d872b9c-7458-40d3-8787-b0cdb86464ca/current/raft-meta with options [REPLACE_EXISTING]
2024-08-22 16:48:17,608 [s0@group-B0CDB86464CA-LeaderElection5] INFO  impl.LeaderElection (LeaderElection.java:logAndReturn(89)) - s0@group-B0CDB86464CA-LeaderElection5: ELECTION PASSED received 1 response(s) and 0 exception(s):
2024-08-22 16:48:17,608 [s0@group-B0CDB86464CA-LeaderElection5] INFO  impl.LeaderElection (LeaderElection.java:logAndReturn(93)) -   Response 0: s0<-s2#0:OK-t2
2024-08-22 16:48:17,608 [s0@group-B0CDB86464CA-LeaderElection5] INFO  impl.LeaderElection (LeaderElection.java:askForVotes(323)) - s0@group-B0CDB86464CA-LeaderElection5 ELECTION round 0: result PASSED
2024-08-22 16:48:17,608 [s0@group-B0CDB86464CA-LeaderElection5] INFO  impl.RoleInfo (RoleInfo.java:shutdownLeaderElection(139)) - s0: shutdown s0@group-B0CDB86464CA-LeaderElection5
2024-08-22 16:48:17,609 [s0@group-B0CDB86464CA-LeaderElection5] INFO  server.RaftServerConfigKeys (ConfUtils.java:logGet(46)) - raft.server.staging.catchup.gap = 1000 (default)
2024-08-22 16:48:17,609 [s0@group-B0CDB86464CA-LeaderElection5] INFO  server.RaftServerConfigKeys (ConfUtils.java:logGet(46)) - raft.server.write.element-limit = 4096 (default)
2024-08-22 16:48:17,609 [s0@group-B0CDB86464CA-LeaderElection5] INFO  server.RaftServerConfigKeys (ConfUtils.java:logGet(46)) - raft.server.write.byte-limit = 64MB (=67108864) (default)
2024-08-22 16:48:17,609 [s0@group-B0CDB86464CA-LeaderElection5] INFO  server.RaftServerConfigKeys (ConfUtils.java:logGet(46)) - raft.server.watch.timeout = 10s (default)
2024-08-22 16:48:17,609 [s0@group-B0CDB86464CA-LeaderElection5] INFO  server.RaftServerConfigKeys (ConfUtils.java:logGet(46)) - raft.server.watch.timeout.denomination = 1s (default)
2024-08-22 16:48:17,609 [s0@group-B0CDB86464CA-LeaderElection5] INFO  server.RaftServerConfigKeys (ConfUtils.java:logGet(46)) - raft.server.watch.element-limit = 65536 (default)
2024-08-22 16:48:17,609 [s0@group-B0CDB86464CA-LeaderElection5] INFO  server.RaftServerConfigKeys (ConfUtils.java:logGet(46)) - raft.server.read.leader.lease.enabled = false (default)
2024-08-22 16:48:17,610 [s0@group-B0CDB86464CA-LeaderElection5] INFO  server.RaftServerConfigKeys (ConfUtils.java:logGet(46)) - raft.server.read.leader.lease.timeout.ratio = 0.9 (default)
2024-08-22 16:48:17,610 [s0@group-B0CDB86464CA-LeaderElection5] INFO  server.RaftServerConfigKeys (ConfUtils.java:logGet(46)) - raft.server.rpc.timeout.min = 150ms (default)
2024-08-22 16:48:17,610 [s0@group-B0CDB86464CA-LeaderElection5] INFO  server.RaftServerConfigKeys (ConfUtils.java:logGet(46)) - raft.server.log.log-metadata.enabled = true (default)
2024-08-22 16:48:17,610 [s0@group-B0CDB86464CA-LeaderElection5] INFO  server.RaftServerConfigKeys (ConfUtils.java:logGet(46)) - raft.server.write.element-limit = 4096 (default)
2024-08-22 16:48:17,610 [s0@group-B0CDB86464CA-LeaderElection5] INFO  server.RaftServerConfigKeys (ConfUtils.java:logGet(46)) - raft.server.write.follower.gap.ratio.max = -1.0 (default)
2024-08-22 16:48:17,610 [s0@group-B0CDB86464CA-LeaderElection5] INFO  server.RaftServerConfigKeys (ConfUtils.java:logGet(46)) - raft.server.log.appender.snapshot.chunk.size.max = 16MB (=16777216) (default)
2024-08-22 16:48:17,610 [s0@group-B0CDB86464CA-LeaderElection5] INFO  server.RaftServerConfigKeys (ConfUtils.java:logGet(46)) - raft.server.log.appender.buffer.byte-limit = 4MB (=4194304) (default)
2024-08-22 16:48:17,610 [s0@group-B0CDB86464CA-LeaderElection5] INFO  server.RaftServerConfigKeys (ConfUtils.java:logGet(46)) - raft.server.log.appender.buffer.element-limit = 0 (default)
2024-08-22 16:48:17,610 [s0@group-B0CDB86464CA-LeaderElection5] INFO  server.RaftServerConfigKeys (ConfUtils.java:logGet(46)) - raft.server.log.appender.wait-time.min = 1ms (default)
2024-08-22 16:48:17,610 [s0@group-B0CDB86464CA-LeaderElection5] INFO  grpc.GrpcConfigKeys (ConfUtils.java:logGet(46)) - raft.grpc.server.leader.outstanding.appends.max = 8 (default)
2024-08-22 16:48:17,611 [s0@group-B0CDB86464CA-LeaderElection5] INFO  server.RaftServerConfigKeys (ConfUtils.java:logGet(46)) - raft.server.rpc.request.timeout = 3000ms (default)
2024-08-22 16:48:17,611 [s0@group-B0CDB86464CA-LeaderElection5] INFO  grpc.GrpcConfigKeys (ConfUtils.java:logGet(46)) - raft.grpc.server.install_snapshot.request.element-limit = 8 (default)
2024-08-22 16:48:17,611 [s0@group-B0CDB86464CA-LeaderElection5] INFO  grpc.GrpcConfigKeys (ConfUtils.java:logGet(46)) - raft.grpc.server.install_snapshot.request.timeout = 3000ms (default)
2024-08-22 16:48:17,611 [s0@group-B0CDB86464CA-LeaderElection5] INFO  grpc.GrpcConfigKeys (ConfUtils.java:logGet(46)) - raft.grpc.server.log-message.batch.duration = 5s (default)
2024-08-22 16:48:17,611 [s0@group-B0CDB86464CA-LeaderElection5] INFO  server.RaftServerConfigKeys (ConfUtils.java:logGet(46)) - raft.server.log.appender.install.snapshot.enabled = true (default)
2024-08-22 16:48:17,611 [s0@group-B0CDB86464CA-LeaderElection5] INFO  grpc.GrpcConfigKeys (ConfUtils.java:logGet(46)) - raft.grpc.server.heartbeat.channel = true (default)
2024-08-22 16:48:17,612 [s0@group-B0CDB86464CA-LeaderElection5] INFO  server.RaftServerConfigKeys (ConfUtils.java:logGet(46)) - raft.server.log.appender.snapshot.chunk.size.max = 16MB (=16777216) (default)
2024-08-22 16:48:17,612 [s0@group-B0CDB86464CA-LeaderElection5] INFO  server.RaftServerConfigKeys (ConfUtils.java:logGet(46)) - raft.server.log.appender.buffer.byte-limit = 4MB (=4194304) (default)
2024-08-22 16:48:17,612 [s0@group-B0CDB86464CA-LeaderElection5] INFO  server.RaftServerConfigKeys (ConfUtils.java:logGet(46)) - raft.server.log.appender.buffer.element-limit = 0 (default)
2024-08-22 16:48:17,613 [s0@group-B0CDB86464CA-LeaderElection5] INFO  server.RaftServerConfigKeys (ConfUtils.java:logGet(46)) - raft.server.log.appender.wait-time.min = 1ms (default)
2024-08-22 16:48:17,613 [s0@group-B0CDB86464CA-LeaderElection5] INFO  grpc.GrpcConfigKeys (ConfUtils.java:logGet(46)) - raft.grpc.server.leader.outstanding.appends.max = 8 (default)
2024-08-22 16:48:17,613 [s0@group-B0CDB86464CA-LeaderElection5] INFO  server.RaftServerConfigKeys (ConfUtils.java:logGet(46)) - raft.server.rpc.request.timeout = 3000ms (default)
2024-08-22 16:48:17,613 [s0@group-B0CDB86464CA-LeaderElection5] INFO  grpc.GrpcConfigKeys (ConfUtils.java:logGet(46)) - raft.grpc.server.install_snapshot.request.element-limit = 8 (default)
2024-08-22 16:48:17,613 [s0@group-B0CDB86464CA-LeaderElection5] INFO  grpc.GrpcConfigKeys (ConfUtils.java:logGet(46)) - raft.grpc.server.install_snapshot.request.timeout = 3000ms (default)
2024-08-22 16:48:17,613 [s0@group-B0CDB86464CA-LeaderElection5] INFO  grpc.GrpcConfigKeys (ConfUtils.java:logGet(46)) - raft.grpc.server.log-message.batch.duration = 5s (default)
2024-08-22 16:48:17,613 [s0@group-B0CDB86464CA-LeaderElection5] INFO  server.RaftServerConfigKeys (ConfUtils.java:logGet(46)) - raft.server.log.appender.install.snapshot.enabled = true (default)
2024-08-22 16:48:17,614 [s0@group-B0CDB86464CA-LeaderElection5] INFO  grpc.GrpcConfigKeys (ConfUtils.java:logGet(46)) - raft.grpc.server.heartbeat.channel = true (default)
2024-08-22 16:48:17,614 [s0@group-B0CDB86464CA-LeaderElection5] INFO  impl.RoleInfo (RoleInfo.java:updateAndGet(148)) - s0: start s0@group-B0CDB86464CA-LeaderStateImpl
2024-08-22 16:48:17,615 [s0@group-B0CDB86464CA-LeaderElection5] INFO  segmented.SegmentedRaftLogWorker (SegmentedRaftLogWorker.java:rollLogSegment(443)) - s0@group-B0CDB86464CA-SegmentedRaftLogWorker: Rolling segment log-0_0 to index:0
2024-08-22 16:48:17,616 [s0@group-B0CDB86464CA-SegmentedRaftLogWorker] TRACE util.FileUtils (LogUtils.java:runAndLog(49)) - Successfully ran Atomic Files.move /home/runner/work/ratis/ratis/ratis-test/target/test/data/6c727245/MiniRaftClusterWithGrpc3cdf361c/s0/8d872b9c-7458-40d3-8787-b0cdb86464ca/current/log_inprogress_0 to /home/runner/work/ratis/ratis/ratis-test/target/test/data/6c727245/MiniRaftClusterWithGrpc3cdf361c/s0/8d872b9c-7458-40d3-8787-b0cdb86464ca/current/log_0-0
2024-08-22 16:48:17,616 [s0@group-B0CDB86464CA-SegmentedRaftLogWorker] INFO  segmented.SegmentedRaftLogWorker (SegmentedRaftLogWorker.java:execute(617)) - s0@group-B0CDB86464CA-SegmentedRaftLogWorker: Rolled log segment from /home/runner/work/ratis/ratis/ratis-test/target/test/data/6c727245/MiniRaftClusterWithGrpc3cdf361c/s0/8d872b9c-7458-40d3-8787-b0cdb86464ca/current/log_inprogress_0 to /home/runner/work/ratis/ratis/ratis-test/target/test/data/6c727245/MiniRaftClusterWithGrpc3cdf361c/s0/8d872b9c-7458-40d3-8787-b0cdb86464ca/current/log_0-0
2024-08-22 16:48:17,617 [s0@group-B0CDB86464CA-SegmentedRaftLogWorker] INFO  segmented.BufferedWriteChannel (BufferedWriteChannel.java:open(61)) - open log_inprogress_1 at position 0
2024-08-22 16:48:17,618 [s0@group-B0CDB86464CA-SegmentedRaftLogWorker] INFO  segmented.SegmentedRaftLogWorker (SegmentedRaftLogWorker.java:execute(660)) - s0@group-B0CDB86464CA-SegmentedRaftLogWorker: created new log segment /home/runner/work/ratis/ratis/ratis-test/target/test/data/6c727245/MiniRaftClusterWithGrpc3cdf361c/s0/8d872b9c-7458-40d3-8787-b0cdb86464ca/current/log_inprogress_1
2024-08-22 16:48:17,644 [s1-server-thread1] INFO  segmented.SegmentedRaftLogWorker (SegmentedRaftLogWorker.java:rollLogSegment(443)) - s1@group-B0CDB86464CA-SegmentedRaftLogWorker: Rolling segment log-0_0 to index:0
2024-08-22 16:48:17,650 [s1@group-B0CDB86464CA-SegmentedRaftLogWorker] TRACE util.FileUtils (LogUtils.java:runAndLog(49)) - Successfully ran Atomic Files.move /home/runner/work/ratis/ratis/ratis-test/target/test/data/6c727245/MiniRaftClusterWithGrpc3cdf361c/s1/8d872b9c-7458-40d3-8787-b0cdb86464ca/current/log_inprogress_0 to /home/runner/work/ratis/ratis/ratis-test/target/test/data/6c727245/MiniRaftClusterWithGrpc3cdf361c/s1/8d872b9c-7458-40d3-8787-b0cdb86464ca/current/log_0-0
2024-08-22 16:48:17,650 [s1@group-B0CDB86464CA-SegmentedRaftLogWorker] INFO  segmented.SegmentedRaftLogWorker (SegmentedRaftLogWorker.java:execute(617)) - s1@group-B0CDB86464CA-SegmentedRaftLogWorker: Rolled log segment from /home/runner/work/ratis/ratis/ratis-test/target/test/data/6c727245/MiniRaftClusterWithGrpc3cdf361c/s1/8d872b9c-7458-40d3-8787-b0cdb86464ca/current/log_inprogress_0 to /home/runner/work/ratis/ratis/ratis-test/target/test/data/6c727245/MiniRaftClusterWithGrpc3cdf361c/s1/8d872b9c-7458-40d3-8787-b0cdb86464ca/current/log_0-0
2024-08-22 16:48:17,650 [s1@group-B0CDB86464CA-SegmentedRaftLogWorker] INFO  segmented.BufferedWriteChannel (BufferedWriteChannel.java:open(61)) - open log_inprogress_1 at position 0
2024-08-22 16:48:17,651 [s1@group-B0CDB86464CA-SegmentedRaftLogWorker] INFO  segmented.SegmentedRaftLogWorker (SegmentedRaftLogWorker.java:execute(660)) - s1@group-B0CDB86464CA-SegmentedRaftLogWorker: created new log segment /home/runner/work/ratis/ratis/ratis-test/target/test/data/6c727245/MiniRaftClusterWithGrpc3cdf361c/s1/8d872b9c-7458-40d3-8787-b0cdb86464ca/current/log_inprogress_1
2024-08-22 16:48:17,659 [s0@group-B0CDB86464CA-StateMachineUpdater] TRACE util.FileUtils (LogUtils.java:supplyAndLog(69)) - Successfully supplied FileChannel.open /home/runner/work/ratis/ratis/ratis-test/target/test/data/6c727245/MiniRaftClusterWithGrpc3cdf361c/s0/8d872b9c-7458-40d3-8787-b0cdb86464ca/current/raft-meta.conf.tmp with options [CREATE, WRITE]: sun.nio.ch.FileChannelImpl@5ed3a7bf
2024-08-22 16:48:17,661 [main] INFO  impl.MiniRaftCluster (MiniRaftCluster.java:shutdown(837)) - ************************************************************** 
2024-08-22 16:48:17,663 [main] INFO  impl.MiniRaftCluster (MiniRaftCluster.java:shutdown(838)) - *** 
2024-08-22 16:48:17,663 [main] INFO  impl.MiniRaftCluster (MiniRaftCluster.java:shutdown(839)) - ***     Stopping MiniRaftClusterWithGrpc
2024-08-22 16:48:17,663 [main] INFO  impl.MiniRaftCluster (MiniRaftCluster.java:shutdown(840)) - *** 
2024-08-22 16:48:17,663 [main] INFO  impl.MiniRaftCluster (MiniRaftCluster.java:shutdown(841)) - ************************************************************** 
2024-08-22 16:48:17,664 [main] INFO  impl.MiniRaftCluster (MiniRaftCluster.java:shutdown(842)) - printing ALL groups
  s0:  RUNNING    LEADER s0@group-B0CDB86464CA:t2, leader=s0, voted=s0, raftlog=Memoized:s0@group-B0CDB86464CA-SegmentedRaftLog:OPENED:c1:last(t:2, i:2), conf=conf: {index: 1, cur=peers:[s0|localhost:15000, s1|localhost:15004, s2|localhost:15008]|listeners:[], old=null} RUNNING
  s1:  RUNNING  FOLLOWER s1@group-B0CDB86464CA:t2, leader=s0, voted=s0, raftlog=Memoized:s1@group-B0CDB86464CA-SegmentedRaftLog:OPENED:c0:last(t:2, i:2), conf=conf: {index: 1, cur=peers:[s0|localhost:15000, s1|localhost:15004, s2|localhost:15008]|listeners:[], old=null} RUNNING
  s2:  RUNNING  FOLLOWER s2@group-B0CDB86464CA:t2, leader=s0, voted=s0, raftlog=Memoized:s2@group-B0CDB86464CA-SegmentedRaftLog:OPENED:c0:last(t:1, i:0), conf=conf: {index: 0, cur=peers:[s0|localhost:15000, s1|localhost:15004, s2|localhost:15008]|listeners:[], old=null} RUNNING
2024-08-22 16:48:17,664 [s0@group-B0CDB86464CA-StateMachineUpdater] TRACE util.FileUtils (LogUtils.java:runAndLog(49)) - Successfully ran Atomic Files.move /home/runner/work/ratis/ratis/ratis-test/target/test/data/6c727245/MiniRaftClusterWithGrpc3cdf361c/s0/8d872b9c-7458-40d3-8787-b0cdb86464ca/current/raft-meta.conf.tmp to /home/runner/work/ratis/ratis/ratis-test/target/test/data/6c727245/MiniRaftClusterWithGrpc3cdf361c/s0/8d872b9c-7458-40d3-8787-b0cdb86464ca/current/raft-meta.conf with options [REPLACE_EXISTING]
2024-08-22 16:48:17,666 [s1@group-B0CDB86464CA-StateMachineUpdater] TRACE util.FileUtils (LogUtils.java:supplyAndLog(69)) - Successfully supplied FileChannel.open /home/runner/work/ratis/ratis/ratis-test/target/test/data/6c727245/MiniRaftClusterWithGrpc3cdf361c/s1/8d872b9c-7458-40d3-8787-b0cdb86464ca/current/raft-meta.conf.tmp with options [CREATE, WRITE]: sun.nio.ch.FileChannelImpl@5da0036a
2024-08-22 16:48:17,667 [MiniRaftCluster-3] INFO  server.RaftServer (RaftServerProxy.java:lambda$close$9(418)) - s2: close
2024-08-22 16:48:17,667 [MiniRaftCluster-1] INFO  server.RaftServer (RaftServerProxy.java:lambda$close$9(418)) - s0: close
2024-08-22 16:48:17,676 [s1@group-B0CDB86464CA-StateMachineUpdater] TRACE util.FileUtils (LogUtils.java:runAndLog(49)) - Successfully ran Atomic Files.move /home/runner/work/ratis/ratis/ratis-test/target/test/data/6c727245/MiniRaftClusterWithGrpc3cdf361c/s1/8d872b9c-7458-40d3-8787-b0cdb86464ca/current/raft-meta.conf.tmp to /home/runner/work/ratis/ratis/ratis-test/target/test/data/6c727245/MiniRaftClusterWithGrpc3cdf361c/s1/8d872b9c-7458-40d3-8787-b0cdb86464ca/current/raft-meta.conf with options [REPLACE_EXISTING]
2024-08-22 16:48:17,676 [MiniRaftCluster-1] INFO  server.GrpcService (GrpcService.java:closeImpl(349)) - s0: shutdown server org.apache.ratis.grpc.server.GrpcClientProtocolService now
2024-08-22 16:48:17,667 [MiniRaftCluster-2] INFO  server.RaftServer (RaftServerProxy.java:lambda$close$9(418)) - s1: close
2024-08-22 16:48:17,683 [Thread-94] INFO  server.GrpcServerProtocolClient (GrpcServerProtocolClient.java:close(105)) - s2 Close channels
2024-08-22 16:48:17,683 [Thread-93] INFO  server.GrpcServerProtocolClient (GrpcServerProtocolClient.java:close(105)) - s1 Close channels
2024-08-22 16:48:17,683 [MiniRaftCluster-3] INFO  server.GrpcService (GrpcService.java:closeImpl(349)) - s2: shutdown server org.apache.ratis.grpc.server.GrpcClientProtocolService now
2024-08-22 16:48:17,683 [s2-impl-thread1] INFO  util.JmxRegister (JmxRegister.java:unregister(74)) - Successfully un-registered JMX Bean with object name Ratis:service=RaftServer,group=group-B0CDB86464CA,id=s2
2024-08-22 16:48:17,689 [s2-impl-thread1] INFO  impl.RoleInfo (RoleInfo.java:shutdownFollowerState(119)) - s2: shutdown s2@group-B0CDB86464CA-FollowerState
2024-08-22 16:48:17,690 [s2-impl-thread1] INFO  impl.StateMachineUpdater (StateMachineUpdater.java:stopAndJoin(164)) - s2@group-B0CDB86464CA-StateMachineUpdater: set stopIndex = 0
2024-08-22 16:48:17,676 [s0-impl-thread1] INFO  util.JmxRegister (JmxRegister.java:unregister(74)) - Successfully un-registered JMX Bean with object name Ratis:service=RaftServer,group=group-B0CDB86464CA,id=s0
2024-08-22 16:48:17,690 [s0-impl-thread1] INFO  impl.RoleInfo (RoleInfo.java:shutdownLeaderState(103)) - s0: shutdown s0@group-B0CDB86464CA-LeaderStateImpl
2024-08-22 16:48:17,674 [s2-server-thread1] INFO  segmented.SegmentedRaftLogWorker (SegmentedRaftLogWorker.java:rollLogSegment(443)) - s2@group-B0CDB86464CA-SegmentedRaftLogWorker: Rolling segment log-0_0 to index:0
2024-08-22 16:48:17,688 [MiniRaftCluster-2] INFO  server.GrpcService (GrpcService.java:closeImpl(349)) - s1: shutdown server org.apache.ratis.grpc.server.GrpcClientProtocolService now
2024-08-22 16:48:17,688 [s1-impl-thread1] INFO  util.JmxRegister (JmxRegister.java:unregister(74)) - Successfully un-registered JMX Bean with object name Ratis:service=RaftServer,group=group-B0CDB86464CA,id=s1
2024-08-22 16:48:17,696 [s1-impl-thread1] INFO  impl.RoleInfo (RoleInfo.java:shutdownFollowerState(119)) - s1: shutdown s1@group-B0CDB86464CA-FollowerState
2024-08-22 16:48:17,696 [s1-impl-thread1] INFO  impl.StateMachineUpdater (StateMachineUpdater.java:stopAndJoin(164)) - s1@group-B0CDB86464CA-StateMachineUpdater: set stopIndex = 1
2024-08-22 16:48:17,696 [s1@group-B0CDB86464CA-StateMachineUpdater] INFO  impl.StateMachineUpdater (StateMachineUpdater.java:stop(141)) - s1@group-B0CDB86464CA-StateMachineUpdater: closing SimpleStateMachine4Testing, lastApplied=(t:2, i:1)
2024-08-22 16:48:17,695 [s2@group-B0CDB86464CA-SegmentedRaftLogWorker] TRACE util.FileUtils (LogUtils.java:runAndLog(49)) - Successfully ran Atomic Files.move /home/runner/work/ratis/ratis/ratis-test/target/test/data/6c727245/MiniRaftClusterWithGrpc3cdf361c/s2/8d872b9c-7458-40d3-8787-b0cdb86464ca/current/log_inprogress_0 to /home/runner/work/ratis/ratis/ratis-test/target/test/data/6c727245/MiniRaftClusterWithGrpc3cdf361c/s2/8d872b9c-7458-40d3-8787-b0cdb86464ca/current/log_0-0
2024-08-22 16:48:17,700 [s2@group-B0CDB86464CA-SegmentedRaftLogWorker] INFO  segmented.SegmentedRaftLogWorker (SegmentedRaftLogWorker.java:execute(617)) - s2@group-B0CDB86464CA-SegmentedRaftLogWorker: Rolled log segment from /home/runner/work/ratis/ratis/ratis-test/target/test/data/6c727245/MiniRaftClusterWithGrpc3cdf361c/s2/8d872b9c-7458-40d3-8787-b0cdb86464ca/current/log_inprogress_0 to /home/runner/work/ratis/ratis/ratis-test/target/test/data/6c727245/MiniRaftClusterWithGrpc3cdf361c/s2/8d872b9c-7458-40d3-8787-b0cdb86464ca/current/log_0-0
2024-08-22 16:48:17,700 [s2@group-B0CDB86464CA-SegmentedRaftLogWorker] INFO  segmented.BufferedWriteChannel (BufferedWriteChannel.java:open(61)) - open log_inprogress_1 at position 0
2024-08-22 16:48:17,692 [s2@group-B0CDB86464CA-StateMachineUpdater] INFO  impl.StateMachineUpdater (StateMachineUpdater.java:stop(141)) - s2@group-B0CDB86464CA-StateMachineUpdater: closing SimpleStateMachine4Testing, lastApplied=(t:1, i:0)
2024-08-22 16:48:17,692 [s0-impl-thread1] INFO  impl.PendingRequests (PendingRequests.java:sendNotLeaderResponses(287)) - s0@group-B0CDB86464CA-PendingRequests: sendNotLeaderResponses
2024-08-22 16:48:17,692 [s0@group-B0CDB86464CA->s2-GrpcLogAppender-LogAppenderDaemon] WARN  server.GrpcLogAppender (GrpcLogAppender.java:mayWait(293)) - s0@group-B0CDB86464CA->s2-GrpcLogAppender: Wait interrupted by java.lang.InterruptedException
2024-08-22 16:48:17,692 [s0@group-B0CDB86464CA->s1-GrpcLogAppender-LogAppenderDaemon] WARN  server.GrpcLogAppender (GrpcLogAppender.java:mayWait(293)) - s0@group-B0CDB86464CA->s1-GrpcLogAppender: Wait interrupted by java.lang.InterruptedException
2024-08-22 16:48:17,691 [s2@group-B0CDB86464CA-FollowerState] INFO  impl.FollowerState (FollowerState.java:run(153)) - s2@group-B0CDB86464CA-FollowerState was interrupted
2024-08-22 16:48:17,700 [Thread-96] INFO  server.GrpcServerProtocolClient (GrpcServerProtocolClient.java:close(105)) - s1 Close channels
2024-08-22 16:48:17,700 [s1@group-B0CDB86464CA-cacheEviction-AwaitToRun] INFO  util.AwaitToRun (AwaitToRun.java:run(49)) - s1@group-B0CDB86464CA-cacheEviction-AwaitToRun-AwaitForSignal is interrupted
2024-08-22 16:48:17,698 [Thread-95] INFO  server.GrpcServerProtocolClient (GrpcServerProtocolClient.java:close(105)) - s0 Close channels
2024-08-22 16:48:17,703 [Thread-100] INFO  server.GrpcServerProtocolClient (GrpcServerProtocolClient.java:close(105)) - s2 Close channels
2024-08-22 16:48:17,698 [s2-server-thread1] ERROR server.RaftServer$Division (RaftServerImpl.java:appendEntriesAsync(1498)) - s2@group-B0CDB86464CA: Failed appendEntries* s0->s2#2-t2,previous=(t:2, i:1),leaderCommit=2,initializing? false,entries: size=1, first=(t:2, i:2), METADATAENTRY(c:1)
org.apache.ratis.protocol.exceptions.ServerNotReadyException: s2@group-B0CDB86464CA is not in [STARTING, RUNNING]: current state is CLOSING
	at org.apache.ratis.server.impl.RaftServerImpl.lambda$assertLifeCycleState$7(RaftServerImpl.java:771)
	at org.apache.ratis.util.LifeCycle.assertCurrentState(LifeCycle.java:260)
	at org.apache.ratis.server.impl.RaftServerImpl.assertLifeCycleState(RaftServerImpl.java:770)
	at org.apache.ratis.server.impl.RaftServerImpl.appendEntriesAsync(RaftServerImpl.java:1489)
	at org.apache.ratis.server.impl.RaftServerProxy.lambda$null$28(RaftServerProxy.java:655)
	at org.apache.ratis.util.JavaUtils.callAsUnchecked(JavaUtils.java:118)
	at org.apache.ratis.server.impl.RaftServerImpl.lambda$executeSubmitServerRequestAsync$10(RaftServerImpl.java:887)
	at java.util.concurrent.CompletableFuture$AsyncSupply.run(CompletableFuture.java:1604)
	at java.util.concurrent.ThreadPoolExecutor.runWorker(ThreadPoolExecutor.java:1149)
	at java.util.concurrent.ThreadPoolExecutor$Worker.run(ThreadPoolExecutor.java:624)
	at java.lang.Thread.run(Thread.java:750)
2024-08-22 16:48:17,696 [s1@group-B0CDB86464CA-FollowerState] INFO  impl.FollowerState (FollowerState.java:run(153)) - s1@group-B0CDB86464CA-FollowerState was interrupted
2024-08-22 16:48:17,709 [grpc-default-executor-8] INFO  server.GrpcServerProtocolService (GrpcServerProtocolService.java:onCompleted(200)) - s1: Completed APPEND_ENTRIES, lastRequest: null
2024-08-22 16:48:17,708 [grpc-default-executor-5] INFO  server.GrpcServerProtocolService (GrpcServerProtocolService.java:onCompleted(200)) - s2: Completed APPEND_ENTRIES, lastRequest: null
2024-08-22 16:48:17,707 [grpc-default-executor-9] INFO  server.GrpcServerProtocolService (GrpcServerProtocolService.java:onCompleted(200)) - s1: Completed APPEND_ENTRIES, lastRequest: s0->s1#2-t2,previous=(t:2, i:1),leaderCommit=1,initializing? false,entries: size=1, first=(t:2, i:2), METADATAENTRY(c:1)
2024-08-22 16:48:17,711 [grpc-default-executor-9] INFO  server.GrpcServerProtocolService (GrpcServerProtocolService.java:lambda$onCompleted$7(202)) - s1: Completed APPEND_ENTRIES, lastReply: null
2024-08-22 16:48:17,706 [s2@group-B0CDB86464CA-cacheEviction-AwaitToRun] INFO  util.AwaitToRun (AwaitToRun.java:run(49)) - s2@group-B0CDB86464CA-cacheEviction-AwaitToRun-AwaitForSignal is interrupted
2024-08-22 16:48:17,706 [MiniRaftCluster-3] INFO  server.GrpcService (GrpcService.java:closeImpl(358)) - s2: shutdown server org.apache.ratis.grpc.server.GrpcClientProtocolService successfully
2024-08-22 16:48:17,712 [MiniRaftCluster-3] INFO  server.GrpcService (GrpcService.java:closeImpl(349)) - s2: shutdown server GrpcServerProtocolService now
2024-08-22 16:48:17,705 [s2@group-B0CDB86464CA-SegmentedRaftLogWorker] INFO  segmented.SegmentedRaftLogWorker (SegmentedRaftLogWorker.java:execute(660)) - s2@group-B0CDB86464CA-SegmentedRaftLogWorker: created new log segment /home/runner/work/ratis/ratis/ratis-test/target/test/data/6c727245/MiniRaftClusterWithGrpc3cdf361c/s2/8d872b9c-7458-40d3-8787-b0cdb86464ca/current/log_inprogress_1
2024-08-22 16:48:17,703 [Thread-98] INFO  server.GrpcServerProtocolClient (GrpcServerProtocolClient.java:close(105)) - s0 Close channels
2024-08-22 16:48:17,720 [MiniRaftCluster-3] INFO  server.GrpcService (GrpcService.java:closeImpl(358)) - s2: shutdown server GrpcServerProtocolService successfully
2024-08-22 16:48:17,725 [MiniRaftCluster-3] INFO  server.GrpcService (GrpcService.java:closeImpl(349)) - s2: shutdown server org.apache.ratis.grpc.server.GrpcAdminProtocolService now
2024-08-22 16:48:17,725 [grpc-default-executor-9] INFO  server.GrpcLogAppender (GrpcLogAppender.java:onError(546)) - s0@group-B0CDB86464CA->s2-GrpcLogAppender is already stopped
2024-08-22 16:48:17,725 [s0-impl-thread1] INFO  impl.StateMachineUpdater (StateMachineUpdater.java:stopAndJoin(164)) - s0@group-B0CDB86464CA-StateMachineUpdater: set stopIndex = 2
2024-08-22 16:48:17,712 [grpc-default-executor-4] WARN  server.GrpcServerProtocolService (LogUtils.java:warn(123)) - s2: Failed APPEND_ENTRIES request cid=2, isHeartbeat? false
java.util.concurrent.CompletionException: org.apache.ratis.protocol.exceptions.ServerNotReadyException: s2@group-B0CDB86464CA is not in [STARTING, RUNNING]: current state is CLOSING
	at org.apache.ratis.util.JavaUtils.callAsUnchecked(JavaUtils.java:122)
	at org.apache.ratis.server.impl.RaftServerImpl.lambda$executeSubmitServerRequestAsync$10(RaftServerImpl.java:887)
	at java.util.concurrent.CompletableFuture$AsyncSupply.run(CompletableFuture.java:1604)
	at java.util.concurrent.ThreadPoolExecutor.runWorker(ThreadPoolExecutor.java:1149)
	at java.util.concurrent.ThreadPoolExecutor$Worker.run(ThreadPoolExecutor.java:624)
	at java.lang.Thread.run(Thread.java:750)
Caused by: org.apache.ratis.protocol.exceptions.ServerNotReadyException: s2@group-B0CDB86464CA is not in [STARTING, RUNNING]: current state is CLOSING
	at org.apache.ratis.server.impl.RaftServerImpl.lambda$assertLifeCycleState$7(RaftServerImpl.java:771)
	at org.apache.ratis.util.LifeCycle.assertCurrentState(LifeCycle.java:260)
	at org.apache.ratis.server.impl.RaftServerImpl.assertLifeCycleState(RaftServerImpl.java:770)
	at org.apache.ratis.server.impl.RaftServerImpl.appendEntriesAsync(RaftServerImpl.java:1489)
	at org.apache.ratis.server.impl.RaftServerProxy.lambda$null$28(RaftServerProxy.java:655)
	at org.apache.ratis.util.JavaUtils.callAsUnchecked(JavaUtils.java:118)
	... 5 more
2024-08-22 16:48:17,732 [grpc-default-executor-9] INFO  server.GrpcLogAppender (GrpcLogAppender.java:onError(546)) - s1@group-B0CDB86464CA->s2-GrpcLogAppender is already stopped
2024-08-22 16:48:17,732 [grpc-default-executor-2] INFO  server.GrpcLogAppender (GrpcLogAppender.java:onError(546)) - s1@group-B0CDB86464CA->s2-GrpcLogAppender is already stopped
2024-08-22 16:48:17,734 [grpc-default-executor-11] INFO  server.GrpcLogAppender (GrpcLogAppender.java:onCompleted(559)) - s0@group-B0CDB86464CA->s1-AppendLogResponseHandler: follower responses appendEntries COMPLETED
2024-08-22 16:48:17,734 [grpc-default-executor-11] WARN  server.GrpcLogAppender (GrpcLogAppender.java:resetClient(230)) - s0@group-B0CDB86464CA->s1-GrpcLogAppender: Failed to getClient for s1
org.apache.ratis.protocol.exceptions.AlreadyClosedException: s0 is already CLOSED
	at org.apache.ratis.util.PeerProxyMap$PeerAndProxy.getProxy(PeerProxyMap.java:67)
	at org.apache.ratis.util.PeerProxyMap.getProxy(PeerProxyMap.java:124)
	at org.apache.ratis.grpc.server.GrpcLogAppender.getClient(GrpcLogAppender.java:200)
	at org.apache.ratis.grpc.server.GrpcLogAppender.resetClient(GrpcLogAppender.java:205)
	at org.apache.ratis.grpc.server.GrpcLogAppender.access$800(GrpcLogAppender.java:64)
	at org.apache.ratis.grpc.server.GrpcLogAppender$AppendLogResponseHandler.onCompleted(GrpcLogAppender.java:560)
	at org.apache.ratis.thirdparty.io.grpc.stub.ClientCalls$StreamObserverToCallListenerAdapter.onClose(ClientCalls.java:479)
	at org.apache.ratis.thirdparty.io.grpc.internal.ClientCallImpl.closeObserver(ClientCallImpl.java:567)
	at org.apache.ratis.thirdparty.io.grpc.internal.ClientCallImpl.access$300(ClientCallImpl.java:71)
	at org.apache.ratis.thirdparty.io.grpc.internal.ClientCallImpl$ClientStreamListenerImpl$1StreamClosed.runInternal(ClientCallImpl.java:735)
	at org.apache.ratis.thirdparty.io.grpc.internal.ClientCallImpl$ClientStreamListenerImpl$1StreamClosed.runInContext(ClientCallImpl.java:716)
	at org.apache.ratis.thirdparty.io.grpc.internal.ContextRunnable.run(ContextRunnable.java:37)
	at org.apache.ratis.thirdparty.io.grpc.internal.SerializingExecutor.run(SerializingExecutor.java:133)
	at java.util.concurrent.ThreadPoolExecutor.runWorker(ThreadPoolExecutor.java:1149)
	at java.util.concurrent.ThreadPoolExecutor$Worker.run(ThreadPoolExecutor.java:624)
	at java.lang.Thread.run(Thread.java:750)
2024-08-22 16:48:17,736 [MiniRaftCluster-3] INFO  server.GrpcService (GrpcService.java:closeImpl(358)) - s2: shutdown server org.apache.ratis.grpc.server.GrpcAdminProtocolService successfully
2024-08-22 16:48:17,737 [s2-impl-thread1] INFO  segmented.SegmentedRaftLogWorker (SegmentedRaftLogWorker.java:close(251)) - s2@group-B0CDB86464CA-SegmentedRaftLogWorker close()
2024-08-22 16:48:17,737 [s0@group-B0CDB86464CA-StateMachineUpdater] INFO  impl.StateMachineUpdater (StateMachineUpdater.java:stop(141)) - s0@group-B0CDB86464CA-StateMachineUpdater: closing SimpleStateMachine4Testing, lastApplied=(t:2, i:2)
2024-08-22 16:48:17,737 [grpc-default-executor-6] INFO  server.GrpcLogAppender (GrpcLogAppender.java:onError(546)) - s0@group-B0CDB86464CA->s2-GrpcLogAppender is already stopped
2024-08-22 16:48:17,738 [s0@group-B0CDB86464CA-cacheEviction-AwaitToRun] INFO  util.AwaitToRun (AwaitToRun.java:run(49)) - s0@group-B0CDB86464CA-cacheEviction-AwaitToRun-AwaitForSignal is interrupted
2024-08-22 16:48:17,739 [JvmPauseMonitor2] INFO  util.JvmPauseMonitor (JvmPauseMonitor.java:run(152)) - JvmPauseMonitor-s2: Stopped
2024-08-22 16:48:17,753 [grpc-default-executor-4] WARN  server.GrpcServerProtocolService (LogUtils.java:warn(121)) - s2: APPEND_ENTRIES onError, lastRequest: null: org.apache.ratis.thirdparty.io.grpc.StatusRuntimeException: CANCELLED: client cancelled
2024-08-22 16:48:17,800 [grpc-default-executor-7] INFO  server.GrpcServerProtocolService (GrpcServerProtocolService.java:lambda$onCompleted$7(202)) - s2: Completed APPEND_ENTRIES, lastReply: serverReply {
  requestorId: "s1"
  replyId: "s2"
  raftGroupId {
    id: "\215\207+\234tX@\323\207\207\260\315\270dd\312"
  }
  callId: 40
  success: true
}
term: 1
nextIndex: 1
matchIndex: 18446744073709551615
isHearbeat: true

2024-08-22 16:48:17,800 [grpc-default-executor-3] INFO  server.GrpcServerProtocolService (GrpcServerProtocolService.java:onCompleted(200)) - s0: Completed APPEND_ENTRIES, lastRequest: s1->s0#1-t1,previous=(t:0, i:0),leaderCommit=-1,initializing? false,entries: size=1, first=(t:1, i:0), CONFIGURATIONENTRY(current:id:"s0"address:"localhost:15000"dataStreamAddress:"localhost:15003"clientAddress:"localhost:15002"adminAddress:"localhost:15001"startupRole:FOLLOWER, id:"s1"address:"localhost:15004"dataStreamAddress:"localhost:15007"clientAddress:"localhost:15006"adminAddress:"localhost:15005"startupRole:FOLLOWER, id:"s2"address:"localhost:15008"dataStreamAddress:"localhost:15011"clientAddress:"localhost:15010"adminAddress:"localhost:15009"startupRole:FOLLOWER, old:)
2024-08-22 16:48:17,800 [grpc-default-executor-3] INFO  server.GrpcServerProtocolService (GrpcServerProtocolService.java:lambda$onCompleted$7(202)) - s0: Completed APPEND_ENTRIES, lastReply: null
2024-08-22 16:48:17,801 [grpc-default-executor-1] INFO  server.GrpcServerProtocolService (GrpcServerProtocolService.java:lambda$onCompleted$7(202)) - s0: Completed APPEND_ENTRIES, lastReply: serverReply {
  requestorId: "s1"
  replyId: "s0"
  raftGroupId {
    id: "\215\207+\234tX@\323\207\207\260\315\270dd\312"
  }
  callId: 39
  success: true
}
term: 1
nextIndex: 1
matchIndex: 18446744073709551615
isHearbeat: true

2024-08-22 16:48:17,803 [grpc-default-executor-8] INFO  server.GrpcServerProtocolService (GrpcServerProtocolService.java:lambda$onCompleted$7(202)) - s1: Completed APPEND_ENTRIES, lastReply: serverReply {
  requestorId: "s0"
  replyId: "s1"
  raftGroupId {
    id: "\215\207+\234tX@\323\207\207\260\315\270dd\312"
  }
  success: true
}
term: 2
nextIndex: 1
matchIndex: 18446744073709551615
isHearbeat: true

2024-08-22 16:48:17,802 [grpc-default-executor-3] INFO  server.GrpcLogAppender (GrpcLogAppender.java:onCompleted(559)) - s1@group-B0CDB86464CA->s0-AppendLogResponseHandler: follower responses appendEntries COMPLETED
2024-08-22 16:48:17,803 [grpc-default-executor-3] WARN  server.GrpcLogAppender (GrpcLogAppender.java:resetClient(230)) - s1@group-B0CDB86464CA->s0-GrpcLogAppender: Failed to getClient for s0
org.apache.ratis.protocol.exceptions.AlreadyClosedException: s1 is already CLOSED
	at org.apache.ratis.util.PeerProxyMap$PeerAndProxy.getProxy(PeerProxyMap.java:67)
	at org.apache.ratis.util.PeerProxyMap.getProxy(PeerProxyMap.java:124)
	at org.apache.ratis.grpc.server.GrpcLogAppender.getClient(GrpcLogAppender.java:200)
	at org.apache.ratis.grpc.server.GrpcLogAppender.resetClient(GrpcLogAppender.java:205)
	at org.apache.ratis.grpc.server.GrpcLogAppender.access$800(GrpcLogAppender.java:64)
	at org.apache.ratis.grpc.server.GrpcLogAppender$AppendLogResponseHandler.onCompleted(GrpcLogAppender.java:560)
	at org.apache.ratis.thirdparty.io.grpc.stub.ClientCalls$StreamObserverToCallListenerAdapter.onClose(ClientCalls.java:479)
	at org.apache.ratis.thirdparty.io.grpc.internal.ClientCallImpl.closeObserver(ClientCallImpl.java:567)
	at org.apache.ratis.thirdparty.io.grpc.internal.ClientCallImpl.access$300(ClientCallImpl.java:71)
	at org.apache.ratis.thirdparty.io.grpc.internal.ClientCallImpl$ClientStreamListenerImpl$1StreamClosed.runInternal(ClientCallImpl.java:735)
	at org.apache.ratis.thirdparty.io.grpc.internal.ClientCallImpl$ClientStreamListenerImpl$1StreamClosed.runInContext(ClientCallImpl.java:716)
	at org.apache.ratis.thirdparty.io.grpc.internal.ContextRunnable.run(ContextRunnable.java:37)
	at org.apache.ratis.thirdparty.io.grpc.internal.SerializingExecutor.run(SerializingExecutor.java:133)
	at java.util.concurrent.ThreadPoolExecutor.runWorker(ThreadPoolExecutor.java:1149)
	at java.util.concurrent.ThreadPoolExecutor$Worker.run(ThreadPoolExecutor.java:624)
	at java.lang.Thread.run(Thread.java:750)
2024-08-22 16:48:17,803 [grpc-default-executor-3] INFO  server.GrpcLogAppender (GrpcLogAppender.java:onCompleted(559)) - s1@group-B0CDB86464CA->s0-AppendLogResponseHandler: follower responses appendEntries COMPLETED
2024-08-22 16:48:17,804 [grpc-default-executor-3] WARN  server.GrpcLogAppender (GrpcLogAppender.java:resetClient(230)) - s1@group-B0CDB86464CA->s0-GrpcLogAppender: Failed to getClient for s0
org.apache.ratis.protocol.exceptions.AlreadyClosedException: s1 is already CLOSED
	at org.apache.ratis.util.PeerProxyMap$PeerAndProxy.getProxy(PeerProxyMap.java:67)
	at org.apache.ratis.util.PeerProxyMap.getProxy(PeerProxyMap.java:124)
	at org.apache.ratis.grpc.server.GrpcLogAppender.getClient(GrpcLogAppender.java:200)
	at org.apache.ratis.grpc.server.GrpcLogAppender.resetClient(GrpcLogAppender.java:205)
	at org.apache.ratis.grpc.server.GrpcLogAppender.access$800(GrpcLogAppender.java:64)
	at org.apache.ratis.grpc.server.GrpcLogAppender$AppendLogResponseHandler.onCompleted(GrpcLogAppender.java:560)
	at org.apache.ratis.thirdparty.io.grpc.stub.ClientCalls$StreamObserverToCallListenerAdapter.onClose(ClientCalls.java:479)
	at org.apache.ratis.thirdparty.io.grpc.internal.DelayedClientCall$DelayedListener$3.run(DelayedClientCall.java:489)
	at org.apache.ratis.thirdparty.io.grpc.internal.DelayedClientCall$DelayedListener.delayOrExecute(DelayedClientCall.java:453)
	at org.apache.ratis.thirdparty.io.grpc.internal.DelayedClientCall$DelayedListener.onClose(DelayedClientCall.java:486)
	at org.apache.ratis.thirdparty.io.grpc.internal.ClientCallImpl.closeObserver(ClientCallImpl.java:567)
	at org.apache.ratis.thirdparty.io.grpc.internal.ClientCallImpl.access$300(ClientCallImpl.java:71)
	at org.apache.ratis.thirdparty.io.grpc.internal.ClientCallImpl$ClientStreamListenerImpl$1StreamClosed.runInternal(ClientCallImpl.java:735)
	at org.apache.ratis.thirdparty.io.grpc.internal.ClientCallImpl$ClientStreamListenerImpl$1StreamClosed.runInContext(ClientCallImpl.java:716)
	at org.apache.ratis.thirdparty.io.grpc.internal.ContextRunnable.run(ContextRunnable.java:37)
	at org.apache.ratis.thirdparty.io.grpc.internal.SerializingExecutor.run(SerializingExecutor.java:133)
	at java.util.concurrent.ThreadPoolExecutor.runWorker(ThreadPoolExecutor.java:1149)
	at java.util.concurrent.ThreadPoolExecutor$Worker.run(ThreadPoolExecutor.java:624)
	at java.lang.Thread.run(Thread.java:750)
2024-08-22 16:48:17,802 [grpc-default-executor-0] INFO  server.GrpcServerProtocolService (GrpcServerProtocolService.java:onCompleted(200)) - s2: Completed APPEND_ENTRIES, lastRequest: s1->s2#1-t1,previous=(t:0, i:0),leaderCommit=-1,initializing? false,entries: size=1, first=(t:1, i:0), CONFIGURATIONENTRY(current:id:"s0"address:"localhost:15000"dataStreamAddress:"localhost:15003"clientAddress:"localhost:15002"adminAddress:"localhost:15001"startupRole:FOLLOWER, id:"s1"address:"localhost:15004"dataStreamAddress:"localhost:15007"clientAddress:"localhost:15006"adminAddress:"localhost:15005"startupRole:FOLLOWER, id:"s2"address:"localhost:15008"dataStreamAddress:"localhost:15011"clientAddress:"localhost:15010"adminAddress:"localhost:15009"startupRole:FOLLOWER, old:)
2024-08-22 16:48:17,803 [grpc-default-executor-5] INFO  server.GrpcServerProtocolService (GrpcServerProtocolService.java:lambda$onCompleted$7(202)) - s2: Completed APPEND_ENTRIES, lastReply: serverReply {
  requestorId: "s0"
  replyId: "s2"
  raftGroupId {
    id: "\215\207+\234tX@\323\207\207\260\315\270dd\312"
  }
  success: true
}
term: 2
nextIndex: 1
matchIndex: 18446744073709551615
isHearbeat: true

2024-08-22 16:48:17,805 [MiniRaftCluster-2] INFO  server.GrpcService (GrpcService.java:closeImpl(358)) - s1: shutdown server org.apache.ratis.grpc.server.GrpcClientProtocolService successfully
2024-08-22 16:48:17,806 [MiniRaftCluster-2] INFO  server.GrpcService (GrpcService.java:closeImpl(349)) - s1: shutdown server GrpcServerProtocolService now
2024-08-22 16:48:17,805 [grpc-default-executor-0] INFO  server.GrpcServerProtocolService (GrpcServerProtocolService.java:lambda$onCompleted$7(202)) - s2: Completed APPEND_ENTRIES, lastReply: null
2024-08-22 16:48:17,807 [grpc-default-executor-1] INFO  server.GrpcLogAppender (GrpcLogAppender.java:onCompleted(559)) - s0@group-B0CDB86464CA->s1-AppendLogResponseHandler: follower responses appendEntries COMPLETED
2024-08-22 16:48:17,807 [grpc-default-executor-1] WARN  server.GrpcLogAppender (GrpcLogAppender.java:resetClient(230)) - s0@group-B0CDB86464CA->s1-GrpcLogAppender: Failed to getClient for s1
org.apache.ratis.protocol.exceptions.AlreadyClosedException: s0 is already CLOSED
	at org.apache.ratis.util.PeerProxyMap$PeerAndProxy.getProxy(PeerProxyMap.java:67)
	at org.apache.ratis.util.PeerProxyMap.getProxy(PeerProxyMap.java:124)
	at org.apache.ratis.grpc.server.GrpcLogAppender.getClient(GrpcLogAppender.java:200)
	at org.apache.ratis.grpc.server.GrpcLogAppender.resetClient(GrpcLogAppender.java:205)
	at org.apache.ratis.grpc.server.GrpcLogAppender.access$800(GrpcLogAppender.java:64)
	at org.apache.ratis.grpc.server.GrpcLogAppender$AppendLogResponseHandler.onCompleted(GrpcLogAppender.java:560)
	at org.apache.ratis.thirdparty.io.grpc.stub.ClientCalls$StreamObserverToCallListenerAdapter.onClose(ClientCalls.java:479)
	at org.apache.ratis.thirdparty.io.grpc.internal.DelayedClientCall$DelayedListener$3.run(DelayedClientCall.java:489)
	at org.apache.ratis.thirdparty.io.grpc.internal.DelayedClientCall$DelayedListener.delayOrExecute(DelayedClientCall.java:453)
	at org.apache.ratis.thirdparty.io.grpc.internal.DelayedClientCall$DelayedListener.onClose(DelayedClientCall.java:486)
	at org.apache.ratis.thirdparty.io.grpc.internal.ClientCallImpl.closeObserver(ClientCallImpl.java:567)
	at org.apache.ratis.thirdparty.io.grpc.internal.ClientCallImpl.access$300(ClientCallImpl.java:71)
	at org.apache.ratis.thirdparty.io.grpc.internal.ClientCallImpl$ClientStreamListenerImpl$1StreamClosed.runInternal(ClientCallImpl.java:735)
	at org.apache.ratis.thirdparty.io.grpc.internal.ClientCallImpl$ClientStreamListenerImpl$1StreamClosed.runInContext(ClientCallImpl.java:716)
	at org.apache.ratis.thirdparty.io.grpc.internal.ContextRunnable.run(ContextRunnable.java:37)
	at org.apache.ratis.thirdparty.io.grpc.internal.SerializingExecutor.run(SerializingExecutor.java:133)
	at java.util.concurrent.ThreadPoolExecutor.runWorker(ThreadPoolExecutor.java:1149)
	at java.util.concurrent.ThreadPoolExecutor$Worker.run(ThreadPoolExecutor.java:624)
	at java.lang.Thread.run(Thread.java:750)
2024-08-22 16:48:17,811 [MiniRaftCluster-1] INFO  server.GrpcService (GrpcService.java:closeImpl(358)) - s0: shutdown server org.apache.ratis.grpc.server.GrpcClientProtocolService successfully
2024-08-22 16:48:17,811 [MiniRaftCluster-1] INFO  server.GrpcService (GrpcService.java:closeImpl(349)) - s0: shutdown server GrpcServerProtocolService now
2024-08-22 16:48:17,812 [MiniRaftCluster-1] INFO  server.GrpcService (GrpcService.java:closeImpl(358)) - s0: shutdown server GrpcServerProtocolService successfully
2024-08-22 16:48:17,812 [MiniRaftCluster-1] INFO  server.GrpcService (GrpcService.java:closeImpl(349)) - s0: shutdown server org.apache.ratis.grpc.server.GrpcAdminProtocolService now
2024-08-22 16:48:17,812 [MiniRaftCluster-1] INFO  server.GrpcService (GrpcService.java:closeImpl(358)) - s0: shutdown server org.apache.ratis.grpc.server.GrpcAdminProtocolService successfully
2024-08-22 16:48:17,811 [MiniRaftCluster-2] INFO  server.GrpcService (GrpcService.java:closeImpl(358)) - s1: shutdown server GrpcServerProtocolService successfully
2024-08-22 16:48:17,812 [MiniRaftCluster-2] INFO  server.GrpcService (GrpcService.java:closeImpl(349)) - s1: shutdown server org.apache.ratis.grpc.server.GrpcAdminProtocolService now
2024-08-22 16:48:17,813 [MiniRaftCluster-2] INFO  server.GrpcService (GrpcService.java:closeImpl(358)) - s1: shutdown server org.apache.ratis.grpc.server.GrpcAdminProtocolService successfully
2024-08-22 16:48:18,659 [s0-impl-thread1] INFO  segmented.SegmentedRaftLogWorker (SegmentedRaftLogWorker.java:close(251)) - s0@group-B0CDB86464CA-SegmentedRaftLogWorker close()
2024-08-22 16:48:18,661 [JvmPauseMonitor0] INFO  util.JvmPauseMonitor (JvmPauseMonitor.java:run(152)) - JvmPauseMonitor-s0: Stopped
2024-08-22 16:48:18,666 [s1-impl-thread1] INFO  segmented.SegmentedRaftLogWorker (SegmentedRaftLogWorker.java:close(251)) - s1@group-B0CDB86464CA-SegmentedRaftLogWorker close()
2024-08-22 16:48:18,667 [JvmPauseMonitor1] INFO  util.JvmPauseMonitor (JvmPauseMonitor.java:run(152)) - JvmPauseMonitor-s1: Stopped
2024-08-22 16:48:18,667 [main] INFO  impl.MiniRaftCluster (MiniRaftCluster.java:shutdown(861)) - MiniRaftClusterWithGrpc shutdown completed
2024-08-22 16:48:18,667 [main] INFO  ratis.RaftTestUtil (RaftTestUtil.java:gc(593)) - gc 0
2024-08-22 16:48:18,826 [main] WARN  util.ReferenceCountedLeakDetector (ReferenceCountedLeakDetector.java:lambda$new$0(147)) - LEAK: A org.apache.ratis.proto.RaftProtos$AppendEntriesRequestProto is not released properly
]]></system-out>
  </testcase>
  <testcase name="testElectionStepDownCommand" classname="org.apache.ratis.grpc.cli.TestElectionCommandIntegrationWithGrpc" time="1.517"/>
  <testcase name="testElectionTransferCommandToHigherPriority" classname="org.apache.ratis.grpc.cli.TestElectionCommandIntegrationWithGrpc" time="1.847"/>
  <testcase name="testElectionPauseResumeCommand" classname="org.apache.ratis.grpc.cli.TestElectionCommandIntegrationWithGrpc" time="4.567"/>
</testsuite>