<?xml version="1.0" encoding="UTF-8"?>
<testsuite xmlns:xsi="http://www.w3.org/2001/XMLSchema-instance" xsi:noNamespaceSchemaLocation="https://maven.apache.org/surefire/maven-surefire-plugin/xsd/surefire-test-report.xsd" name="org.apache.ratis.grpc.cli.TestElectionCommandIntegrationWithGrpc" time="16.02" tests="4" errors="0" skipped="0" failures="1">
  <properties>
    <property name="awt.toolkit" value="sun.awt.X11.XToolkit"/>
    <property name="java.specification.version" value="11"/>
    <property name="sun.cpu.isalist" value=""/>
    <property name="sun.jnu.encoding" value="UTF-8"/>
    <property name="java.class.path" value="/home/runner/work/ratis/ratis/ratis-test/target/test-classes:/home/runner/work/ratis/ratis/ratis-test/target/classes:/home/runner/work/ratis/ratis/ratis-common/target/classes:/home/runner/.m2/repository/org/apache/ratis/ratis-thirdparty-misc/1.0.3/ratis-thirdparty-misc-1.0.3.jar:/home/runner/work/ratis/ratis/ratis-proto/target/ratis-proto-3.0.0-SNAPSHOT.jar:/home/runner/work/ratis/ratis/ratis-common/target/test-classes:/home/runner/work/ratis/ratis/ratis-client/target/classes:/home/runner/work/ratis/ratis/ratis-server/target/classes:/home/runner/work/ratis/ratis/ratis-server-api/target/classes:/home/runner/work/ratis/ratis/ratis-metrics-api/target/classes:/home/runner/work/ratis/ratis/ratis-server/target/test-classes:/home/runner/work/ratis/ratis/ratis-metrics-default/target/classes:/home/runner/work/ratis/ratis/ratis-netty/target/classes:/home/runner/work/ratis/ratis/ratis-netty/target/test-classes:/home/runner/work/ratis/ratis/ratis-grpc/target/classes:/home/runner/work/ratis/ratis/ratis-grpc/target/test-classes:/home/runner/work/ratis/ratis/ratis-shell/target/classes:/home/runner/.m2/repository/commons-cli/commons-cli/1.5.0/commons-cli-1.5.0.jar:/home/runner/.m2/repository/org/reflections/reflections/0.10.2/reflections-0.10.2.jar:/home/runner/.m2/repository/org/javassist/javassist/3.28.0-GA/javassist-3.28.0-GA.jar:/home/runner/.m2/repository/com/google/code/findbugs/jsr305/3.0.2/jsr305-3.0.2.jar:/home/runner/.m2/repository/org/bouncycastle/bcprov-jdk15on/1.70/bcprov-jdk15on-1.70.jar:/home/runner/.m2/repository/org/bouncycastle/bcpkix-jdk15on/1.70/bcpkix-jdk15on-1.70.jar:/home/runner/.m2/repository/org/bouncycastle/bcutil-jdk15on/1.70/bcutil-jdk15on-1.70.jar:/home/runner/.m2/repository/org/slf4j/slf4j-api/1.7.36/slf4j-api-1.7.36.jar:/home/runner/.m2/repository/org/slf4j/slf4j-reload4j/1.7.36/slf4j-reload4j-1.7.36.jar:/home/runner/.m2/repository/ch/qos/reload4j/reload4j/1.2.19/reload4j-1.2.19.jar:/home/runner/.m2/repository/junit/junit/4.13.2/junit-4.13.2.jar:/home/runner/.m2/repository/org/hamcrest/hamcrest-core/1.3/hamcrest-core-1.3.jar:/home/runner/.m2/repository/org/mockito/mockito-core/4.3.1/mockito-core-4.3.1.jar:/home/runner/.m2/repository/net/bytebuddy/byte-buddy/1.12.7/byte-buddy-1.12.7.jar:/home/runner/.m2/repository/net/bytebuddy/byte-buddy-agent/1.12.7/byte-buddy-agent-1.12.7.jar:/home/runner/.m2/repository/org/objenesis/objenesis/3.2/objenesis-3.2.jar:"/>
    <property name="java.vm.vendor" value="Eclipse Adoptium"/>
    <property name="sun.arch.data.model" value="64"/>
    <property name="java.vendor.url" value="https://adoptium.net/"/>
    <property name="user.timezone" value=""/>
    <property name="java.vm.specification.version" value="11"/>
    <property name="os.name" value="Linux"/>
    <property name="sun.java.launcher" value="SUN_STANDARD"/>
    <property name="sun.boot.library.path" value="/usr/lib/jvm/temurin-11-jdk-amd64/lib"/>
    <property name="sun.java.command" value="/home/runner/work/ratis/ratis/ratis-test/target/surefire/surefirebooter7628760608199609927.jar /home/runner/work/ratis/ratis/ratis-test/target/surefire 2023-02-23T08-33-17_647-jvmRun1 surefire10520370900339479418tmp surefire_617152576569576969998tmp"/>
    <property name="jdk.debug" value="release"/>
    <property name="surefire.test.class.path" value="/home/runner/work/ratis/ratis/ratis-test/target/test-classes:/home/runner/work/ratis/ratis/ratis-test/target/classes:/home/runner/work/ratis/ratis/ratis-common/target/classes:/home/runner/.m2/repository/org/apache/ratis/ratis-thirdparty-misc/1.0.3/ratis-thirdparty-misc-1.0.3.jar:/home/runner/work/ratis/ratis/ratis-proto/target/ratis-proto-3.0.0-SNAPSHOT.jar:/home/runner/work/ratis/ratis/ratis-common/target/test-classes:/home/runner/work/ratis/ratis/ratis-client/target/classes:/home/runner/work/ratis/ratis/ratis-server/target/classes:/home/runner/work/ratis/ratis/ratis-server-api/target/classes:/home/runner/work/ratis/ratis/ratis-metrics-api/target/classes:/home/runner/work/ratis/ratis/ratis-server/target/test-classes:/home/runner/work/ratis/ratis/ratis-metrics-default/target/classes:/home/runner/work/ratis/ratis/ratis-netty/target/classes:/home/runner/work/ratis/ratis/ratis-netty/target/test-classes:/home/runner/work/ratis/ratis/ratis-grpc/target/classes:/home/runner/work/ratis/ratis/ratis-grpc/target/test-classes:/home/runner/work/ratis/ratis/ratis-shell/target/classes:/home/runner/.m2/repository/commons-cli/commons-cli/1.5.0/commons-cli-1.5.0.jar:/home/runner/.m2/repository/org/reflections/reflections/0.10.2/reflections-0.10.2.jar:/home/runner/.m2/repository/org/javassist/javassist/3.28.0-GA/javassist-3.28.0-GA.jar:/home/runner/.m2/repository/com/google/code/findbugs/jsr305/3.0.2/jsr305-3.0.2.jar:/home/runner/.m2/repository/org/bouncycastle/bcprov-jdk15on/1.70/bcprov-jdk15on-1.70.jar:/home/runner/.m2/repository/org/bouncycastle/bcpkix-jdk15on/1.70/bcpkix-jdk15on-1.70.jar:/home/runner/.m2/repository/org/bouncycastle/bcutil-jdk15on/1.70/bcutil-jdk15on-1.70.jar:/home/runner/.m2/repository/org/slf4j/slf4j-api/1.7.36/slf4j-api-1.7.36.jar:/home/runner/.m2/repository/org/slf4j/slf4j-reload4j/1.7.36/slf4j-reload4j-1.7.36.jar:/home/runner/.m2/repository/ch/qos/reload4j/reload4j/1.2.19/reload4j-1.2.19.jar:/home/runner/.m2/repository/junit/junit/4.13.2/junit-4.13.2.jar:/home/runner/.m2/repository/org/hamcrest/hamcrest-core/1.3/hamcrest-core-1.3.jar:/home/runner/.m2/repository/org/mockito/mockito-core/4.3.1/mockito-core-4.3.1.jar:/home/runner/.m2/repository/net/bytebuddy/byte-buddy/1.12.7/byte-buddy-1.12.7.jar:/home/runner/.m2/repository/net/bytebuddy/byte-buddy-agent/1.12.7/byte-buddy-agent-1.12.7.jar:/home/runner/.m2/repository/org/objenesis/objenesis/3.2/objenesis-3.2.jar:"/>
    <property name="sun.cpu.endian" value="little"/>
    <property name="user.home" value="/home/runner"/>
    <property name="user.language" value="en"/>
    <property name="java.specification.vendor" value="Oracle Corporation"/>
    <property name="java.version.date" value="2023-01-17"/>
    <property name="java.home" value="/usr/lib/jvm/temurin-11-jdk-amd64"/>
    <property name="file.separator" value="/"/>
    <property name="basedir" value="/home/runner/work/ratis/ratis/ratis-test"/>
    <property name="java.vm.compressedOopsMode" value="32-bit"/>
    <property name="line.separator" value="&#10;"/>
    <property name="java.specification.name" value="Java Platform API Specification"/>
    <property name="java.vm.specification.vendor" value="Oracle Corporation"/>
    <property name="java.awt.graphicsenv" value="sun.awt.X11GraphicsEnvironment"/>
    <property name="surefire.real.class.path" value="/home/runner/work/ratis/ratis/ratis-test/target/surefire/surefirebooter7628760608199609927.jar"/>
    <property name="sun.management.compiler" value="HotSpot 64-Bit Tiered Compilers"/>
    <property name="java.runtime.version" value="11.0.18+10"/>
    <property name="user.name" value="runner"/>
    <property name="java.net.preferIPv4Stack" value="true"/>
    <property name="path.separator" value=":"/>
    <property name="os.version" value="5.15.0-1033-azure"/>
    <property name="java.runtime.name" value="OpenJDK Runtime Environment"/>
    <property name="file.encoding" value="UTF-8"/>
    <property name="java.vm.name" value="OpenJDK 64-Bit Server VM"/>
    <property name="java.vendor.version" value="Temurin-11.0.18+10"/>
    <property name="localRepository" value="/home/runner/.m2/repository"/>
    <property name="java.vendor.url.bug" value="https://github.com/adoptium/adoptium-support/issues"/>
    <property name="java.io.tmpdir" value="/tmp"/>
    <property name="java.version" value="11.0.18"/>
    <property name="user.dir" value="/home/runner/work/ratis/ratis/ratis-test"/>
    <property name="os.arch" value="amd64"/>
    <property name="ratis.tmp.dir" value="/home/runner/work/ratis/ratis/ratis-test/target/tmp"/>
    <property name="java.vm.specification.name" value="Java Virtual Machine Specification"/>
    <property name="java.awt.printerjob" value="sun.print.PSPrinterJob"/>
    <property name="ratis.log.dir" value="/home/runner/work/ratis/ratis/ratis-test/target/log"/>
    <property name="sun.os.patch.level" value="unknown"/>
    <property name="java.library.path" value="/usr/java/packages/lib:/usr/lib64:/lib64:/lib:/usr/lib"/>
    <property name="java.vm.info" value="mixed mode"/>
    <property name="java.vendor" value="Eclipse Adoptium"/>
    <property name="java.vm.version" value="11.0.18+10"/>
    <property name="sun.io.unicode.encoding" value="UnicodeLittle"/>
    <property name="java.class.version" value="55.0"/>
  </properties>
  <testcase name="testElectionTransferCommand" classname="org.apache.ratis.grpc.cli.TestElectionCommandIntegrationWithGrpc" time="9.174">
    <failure message="expected:&lt;0&gt; but was:&lt;-1&gt;" type="java.lang.AssertionError"><![CDATA[java.lang.AssertionError: expected:<0> but was:<-1>
	at org.junit.Assert.fail(Assert.java:89)
	at org.junit.Assert.failNotEquals(Assert.java:835)
	at org.junit.Assert.assertEquals(Assert.java:647)
	at org.junit.Assert.assertEquals(Assert.java:633)
	at org.apache.ratis.shell.cli.sh.ElectionCommandIntegrationTest.runTestElectionTransferCommand(ElectionCommandIntegrationTest.java:70)
	at org.apache.ratis.server.impl.MiniRaftCluster$Factory$Get.runWithNewCluster(MiniRaftCluster.java:141)
	at org.apache.ratis.server.impl.MiniRaftCluster$Factory$Get.runWithNewCluster(MiniRaftCluster.java:121)
	at org.apache.ratis.shell.cli.sh.ElectionCommandIntegrationTest.testElectionTransferCommand(ElectionCommandIntegrationTest.java:57)
	at java.base/jdk.internal.reflect.NativeMethodAccessorImpl.invoke0(Native Method)
	at java.base/jdk.internal.reflect.NativeMethodAccessorImpl.invoke(NativeMethodAccessorImpl.java:62)
	at java.base/jdk.internal.reflect.DelegatingMethodAccessorImpl.invoke(DelegatingMethodAccessorImpl.java:43)
	at java.base/java.lang.reflect.Method.invoke(Method.java:566)
	at org.junit.runners.model.FrameworkMethod$1.runReflectiveCall(FrameworkMethod.java:59)
	at org.junit.internal.runners.model.ReflectiveCallable.run(ReflectiveCallable.java:12)
	at org.junit.runners.model.FrameworkMethod.invokeExplosively(FrameworkMethod.java:56)
	at org.junit.internal.runners.statements.InvokeMethod.evaluate(InvokeMethod.java:17)
	at org.junit.internal.runners.statements.RunAfters.evaluate(RunAfters.java:27)
	at org.junit.internal.runners.statements.FailOnTimeout$CallableStatement.call(FailOnTimeout.java:299)
	at org.junit.internal.runners.statements.FailOnTimeout$CallableStatement.call(FailOnTimeout.java:293)
	at java.base/java.util.concurrent.FutureTask.run(FutureTask.java:264)
	at java.base/java.lang.Thread.run(Thread.java:829)
]]></failure>
    <system-out><![CDATA[2023-02-23 08:38:28,750 [main] INFO  util.LogUtils (Slf4jUtils.java:setLogLevel(38)) - Successfully set org.apache.ratis.conf.ConfUtils log level to WARN
2023-02-23 08:38:28,753 [main] INFO  util.LogUtils (Slf4jUtils.java:setLogLevel(38)) - Successfully set org.apache.ratis.util.FileUtils log level to TRACE
2023-02-23 08:38:28,757 [main] INFO  util.LogUtils (Slf4jUtils.java:setLogLevel(38)) - Successfully set org.apache.ratis.server.RaftServer$Division log level to WARN
2023-02-23 08:38:28,758 [main] INFO  util.LogUtils (Slf4jUtils.java:setLogLevel(38)) - Successfully set org.apache.ratis.server.raftlog.RaftLog log level to WARN
2023-02-23 08:38:28,759 [main] INFO  util.LogUtils (Slf4jUtils.java:setLogLevel(38)) - Successfully set org.apache.ratis.client.RaftClient log level to WARN
2023-02-23 08:38:28,775 [Time-limited test] INFO  impl.MiniRaftCluster (MiniRaftCluster.java:runWithNewCluster(135)) - Running runWithNewCluster
2023-02-23 08:38:28,839 [Time-limited test] INFO  impl.MiniRaftCluster (MiniRaftCluster.java:<init>(306)) - new MiniRaftClusterWithGrpc with group-C46A9515A77B:[s0|rpc:localhost:45389|admin:localhost:34011|client:localhost:42569|dataStream:localhost:34109|priority:0|startupRole:FOLLOWER, s1|rpc:localhost:38545|admin:localhost:40535|client:localhost:42517|dataStream:localhost:32805|priority:0|startupRole:FOLLOWER, s2|rpc:localhost:41279|admin:localhost:33885|client:localhost:38985|dataStream:localhost:39561|priority:0|startupRole:FOLLOWER]
2023-02-23 08:38:28,840 [Time-limited test] INFO  impl.MiniRaftCluster (MiniRaftCluster.java:start(339)) - .............................................................. 
2023-02-23 08:38:28,840 [Time-limited test] INFO  impl.MiniRaftCluster (MiniRaftCluster.java:start(340)) - ... 
2023-02-23 08:38:28,840 [Time-limited test] INFO  impl.MiniRaftCluster (MiniRaftCluster.java:start(341)) - ...     Starting MiniRaftClusterWithGrpc
2023-02-23 08:38:28,840 [Time-limited test] INFO  impl.MiniRaftCluster (MiniRaftCluster.java:start(342)) - ... 
2023-02-23 08:38:28,840 [Time-limited test] INFO  impl.MiniRaftCluster (MiniRaftCluster.java:start(343)) - .............................................................. 
2023-02-23 08:38:28,841 [Time-limited test] INFO  impl.MiniRaftCluster (MiniRaftCluster.java:initServers(318)) - servers = {}
2023-02-23 08:38:28,844 [Time-limited test] INFO  impl.MiniRaftCluster (MiniRaftCluster.java:newRaftServer(382)) - newRaftServer: s0, group-C46A9515A77B:[s0|rpc:localhost:45389|admin:localhost:34011|client:localhost:42569|dataStream:localhost:34109|priority:0|startupRole:FOLLOWER, s1|rpc:localhost:38545|admin:localhost:40535|client:localhost:42517|dataStream:localhost:32805|priority:0|startupRole:FOLLOWER, s2|rpc:localhost:41279|admin:localhost:33885|client:localhost:38985|dataStream:localhost:39561|priority:0|startupRole:FOLLOWER], format? true
2023-02-23 08:38:28,846 [Time-limited test] TRACE util.FileUtils (FileUtils.java:deleteFully(201)) - deleteFully target/test/data/4cf6cf6a/MiniRaftClusterWithGrpc29607f80/s0
2023-02-23 08:38:28,847 [Time-limited test] TRACE util.FileUtils (FileUtils.java:deleteFully(217)) - deleteFully: target/test/data/4cf6cf6a/MiniRaftClusterWithGrpc29607f80/s0 does not exist.
2023-02-23 08:38:28,847 [Time-limited test] INFO  impl.MiniRaftCluster (MiniRaftCluster.java:newRaftServer(387)) - Formatted directory target/test/data/4cf6cf6a/MiniRaftClusterWithGrpc29607f80/s0
2023-02-23 08:38:28,869 [Time-limited test] INFO  server.RaftServer (ConfUtils.java:logGet(46)) - raft.rpc.type = GRPC (default)
2023-02-23 08:38:28,952 [Time-limited test] INFO  grpc.GrpcConfigKeys (ConfUtils.java:logFallback(53)) - raft.grpc.admin.host = null (fallback to raft.grpc.server.host)
2023-02-23 08:38:28,955 [Time-limited test] INFO  grpc.GrpcConfigKeys (ConfUtils.java:logGet(46)) - raft.grpc.admin.port = 34011 (custom)
2023-02-23 08:38:28,956 [Time-limited test] INFO  grpc.GrpcConfigKeys (ConfUtils.java:logFallback(53)) - raft.grpc.client.host = null (fallback to raft.grpc.server.host)
2023-02-23 08:38:28,956 [Time-limited test] INFO  grpc.GrpcConfigKeys (ConfUtils.java:logGet(46)) - raft.grpc.client.port = 42569 (custom)
2023-02-23 08:38:28,957 [Time-limited test] INFO  grpc.GrpcConfigKeys (ConfUtils.java:logGet(46)) - raft.grpc.server.host = null (default)
2023-02-23 08:38:28,957 [Time-limited test] INFO  grpc.GrpcConfigKeys (ConfUtils.java:logGet(46)) - raft.grpc.server.port = 45389 (custom)
2023-02-23 08:38:28,958 [Time-limited test] INFO  server.GrpcService (ConfUtils.java:logGet(46)) - raft.grpc.message.size.max = 64MB (=67108864) (default)
2023-02-23 08:38:28,961 [Time-limited test] INFO  server.RaftServerConfigKeys (ConfUtils.java:logGet(46)) - raft.server.log.appender.buffer.byte-limit = 4MB (=4194304) (default)
2023-02-23 08:38:28,962 [Time-limited test] INFO  server.GrpcService (ConfUtils.java:logGet(46)) - raft.grpc.flow.control.window = 1MB (=1048576) (default)
2023-02-23 08:38:28,968 [Time-limited test] INFO  server.RaftServerConfigKeys (ConfUtils.java:logGet(46)) - raft.server.rpc.request.timeout = 3000ms (default)
2023-02-23 08:38:28,994 [Time-limited test] INFO  grpc.GrpcConfigKeys (ConfUtils.java:logGet(46)) - raft.grpc.server.heartbeat.channel = true (default)
2023-02-23 08:38:29,003 [Time-limited test] INFO  grpc.GrpcConfigKeys (ConfUtils.java:logGet(46)) - raft.grpc.server.async.request.thread.pool.cached = true (default)
2023-02-23 08:38:29,004 [Time-limited test] INFO  grpc.GrpcConfigKeys (ConfUtils.java:logGet(46)) - raft.grpc.server.async.request.thread.pool.size = 32 (default)
2023-02-23 08:38:29,274 [Time-limited test] INFO  impl.DataStreamServerImpl (ConfUtils.java:logGet(46)) - raft.datastream.type = DISABLED (default)
2023-02-23 08:38:29,278 [Time-limited test] INFO  server.RaftServerConfigKeys (ConfUtils.java:logGet(46)) - raft.server.threadpool.proxy.cached = true (default)
2023-02-23 08:38:29,279 [Time-limited test] INFO  server.RaftServerConfigKeys (ConfUtils.java:logGet(46)) - raft.server.threadpool.proxy.size = 0 (default)
2023-02-23 08:38:29,281 [Time-limited test] INFO  server.RaftServerConfigKeys (ConfUtils.java:logGet(46)) - raft.server.rpc.slowness.timeout = 60s (default)
2023-02-23 08:38:29,282 [Time-limited test] INFO  server.RaftServerConfigKeys (ConfUtils.java:logGet(46)) - raft.server.leaderelection.leader.step-down.wait-time = 10s (default)
2023-02-23 08:38:29,291 [Time-limited test] INFO  server.RaftServerConfigKeys (ConfUtils.java:logGet(46)) - raft.server.storage.dir = [/home/runner/work/ratis/ratis/ratis-test/target/test/data/4cf6cf6a/MiniRaftClusterWithGrpc29607f80/s0] (custom)
2023-02-23 08:38:29,302 [Time-limited test] INFO  server.RaftServer (RaftServerProxy.java:addNew(99)) - s0: addNew group-C46A9515A77B:[s0|rpc:localhost:45389|admin:localhost:34011|client:localhost:42569|dataStream:localhost:34109|priority:0|startupRole:FOLLOWER, s1|rpc:localhost:38545|admin:localhost:40535|client:localhost:42517|dataStream:localhost:32805|priority:0|startupRole:FOLLOWER, s2|rpc:localhost:41279|admin:localhost:33885|client:localhost:38985|dataStream:localhost:39561|priority:0|startupRole:FOLLOWER] returns group-C46A9515A77B:java.util.concurrent.CompletableFuture@49316a9e[Not completed]
2023-02-23 08:38:29,302 [Time-limited test] INFO  impl.MiniRaftCluster (MiniRaftCluster.java:newRaftServer(382)) - newRaftServer: s1, group-C46A9515A77B:[s0|rpc:localhost:45389|admin:localhost:34011|client:localhost:42569|dataStream:localhost:34109|priority:0|startupRole:FOLLOWER, s1|rpc:localhost:38545|admin:localhost:40535|client:localhost:42517|dataStream:localhost:32805|priority:0|startupRole:FOLLOWER, s2|rpc:localhost:41279|admin:localhost:33885|client:localhost:38985|dataStream:localhost:39561|priority:0|startupRole:FOLLOWER], format? true
2023-02-23 08:38:29,303 [Time-limited test] TRACE util.FileUtils (FileUtils.java:deleteFully(201)) - deleteFully target/test/data/4cf6cf6a/MiniRaftClusterWithGrpc29607f80/s1
2023-02-23 08:38:29,303 [Time-limited test] TRACE util.FileUtils (FileUtils.java:deleteFully(217)) - deleteFully: target/test/data/4cf6cf6a/MiniRaftClusterWithGrpc29607f80/s1 does not exist.
2023-02-23 08:38:29,303 [Time-limited test] INFO  impl.MiniRaftCluster (MiniRaftCluster.java:newRaftServer(387)) - Formatted directory target/test/data/4cf6cf6a/MiniRaftClusterWithGrpc29607f80/s1
2023-02-23 08:38:29,304 [Time-limited test] INFO  server.RaftServer (ConfUtils.java:logGet(46)) - raft.rpc.type = GRPC (default)
2023-02-23 08:38:29,304 [Time-limited test] INFO  grpc.GrpcConfigKeys (ConfUtils.java:logFallback(53)) - raft.grpc.admin.host = null (fallback to raft.grpc.server.host)
2023-02-23 08:38:29,305 [Time-limited test] INFO  grpc.GrpcConfigKeys (ConfUtils.java:logGet(46)) - raft.grpc.admin.port = 40535 (custom)
2023-02-23 08:38:29,305 [Time-limited test] INFO  grpc.GrpcConfigKeys (ConfUtils.java:logFallback(53)) - raft.grpc.client.host = null (fallback to raft.grpc.server.host)
2023-02-23 08:38:29,305 [Time-limited test] INFO  grpc.GrpcConfigKeys (ConfUtils.java:logGet(46)) - raft.grpc.client.port = 42517 (custom)
2023-02-23 08:38:29,306 [Time-limited test] INFO  grpc.GrpcConfigKeys (ConfUtils.java:logGet(46)) - raft.grpc.server.host = null (default)
2023-02-23 08:38:29,306 [Time-limited test] INFO  grpc.GrpcConfigKeys (ConfUtils.java:logGet(46)) - raft.grpc.server.port = 38545 (custom)
2023-02-23 08:38:29,307 [Time-limited test] INFO  server.GrpcService (ConfUtils.java:logGet(46)) - raft.grpc.message.size.max = 64MB (=67108864) (default)
2023-02-23 08:38:29,307 [Time-limited test] INFO  server.RaftServerConfigKeys (ConfUtils.java:logGet(46)) - raft.server.log.appender.buffer.byte-limit = 4MB (=4194304) (default)
2023-02-23 08:38:29,310 [Time-limited test] INFO  server.GrpcService (ConfUtils.java:logGet(46)) - raft.grpc.flow.control.window = 1MB (=1048576) (default)
2023-02-23 08:38:29,311 [Time-limited test] INFO  server.RaftServerConfigKeys (ConfUtils.java:logGet(46)) - raft.server.rpc.request.timeout = 3000ms (default)
2023-02-23 08:38:29,311 [Time-limited test] INFO  grpc.GrpcConfigKeys (ConfUtils.java:logGet(46)) - raft.grpc.server.heartbeat.channel = true (default)
2023-02-23 08:38:29,311 [Time-limited test] INFO  grpc.GrpcConfigKeys (ConfUtils.java:logGet(46)) - raft.grpc.server.async.request.thread.pool.cached = true (default)
2023-02-23 08:38:29,312 [Time-limited test] INFO  grpc.GrpcConfigKeys (ConfUtils.java:logGet(46)) - raft.grpc.server.async.request.thread.pool.size = 32 (default)
2023-02-23 08:38:29,325 [Time-limited test] INFO  impl.DataStreamServerImpl (ConfUtils.java:logGet(46)) - raft.datastream.type = DISABLED (default)
2023-02-23 08:38:29,325 [Time-limited test] INFO  server.RaftServerConfigKeys (ConfUtils.java:logGet(46)) - raft.server.threadpool.proxy.cached = true (default)
2023-02-23 08:38:29,326 [Time-limited test] INFO  server.RaftServerConfigKeys (ConfUtils.java:logGet(46)) - raft.server.threadpool.proxy.size = 0 (default)
2023-02-23 08:38:29,327 [Time-limited test] INFO  server.RaftServerConfigKeys (ConfUtils.java:logGet(46)) - raft.server.rpc.slowness.timeout = 60s (default)
2023-02-23 08:38:29,327 [Time-limited test] INFO  server.RaftServerConfigKeys (ConfUtils.java:logGet(46)) - raft.server.leaderelection.leader.step-down.wait-time = 10s (default)
2023-02-23 08:38:29,327 [Time-limited test] INFO  server.RaftServerConfigKeys (ConfUtils.java:logGet(46)) - raft.server.storage.dir = [/home/runner/work/ratis/ratis/ratis-test/target/test/data/4cf6cf6a/MiniRaftClusterWithGrpc29607f80/s1] (custom)
2023-02-23 08:38:29,337 [Time-limited test] INFO  server.RaftServer (RaftServerProxy.java:addNew(99)) - s1: addNew group-C46A9515A77B:[s0|rpc:localhost:45389|admin:localhost:34011|client:localhost:42569|dataStream:localhost:34109|priority:0|startupRole:FOLLOWER, s1|rpc:localhost:38545|admin:localhost:40535|client:localhost:42517|dataStream:localhost:32805|priority:0|startupRole:FOLLOWER, s2|rpc:localhost:41279|admin:localhost:33885|client:localhost:38985|dataStream:localhost:39561|priority:0|startupRole:FOLLOWER] returns group-C46A9515A77B:java.util.concurrent.CompletableFuture@3dd3e0fc[Not completed]
2023-02-23 08:38:29,338 [Time-limited test] INFO  impl.MiniRaftCluster (MiniRaftCluster.java:newRaftServer(382)) - newRaftServer: s2, group-C46A9515A77B:[s0|rpc:localhost:45389|admin:localhost:34011|client:localhost:42569|dataStream:localhost:34109|priority:0|startupRole:FOLLOWER, s1|rpc:localhost:38545|admin:localhost:40535|client:localhost:42517|dataStream:localhost:32805|priority:0|startupRole:FOLLOWER, s2|rpc:localhost:41279|admin:localhost:33885|client:localhost:38985|dataStream:localhost:39561|priority:0|startupRole:FOLLOWER], format? true
2023-02-23 08:38:29,338 [Time-limited test] TRACE util.FileUtils (FileUtils.java:deleteFully(201)) - deleteFully target/test/data/4cf6cf6a/MiniRaftClusterWithGrpc29607f80/s2
2023-02-23 08:38:29,338 [Time-limited test] TRACE util.FileUtils (FileUtils.java:deleteFully(217)) - deleteFully: target/test/data/4cf6cf6a/MiniRaftClusterWithGrpc29607f80/s2 does not exist.
2023-02-23 08:38:29,338 [Time-limited test] INFO  impl.MiniRaftCluster (MiniRaftCluster.java:newRaftServer(387)) - Formatted directory target/test/data/4cf6cf6a/MiniRaftClusterWithGrpc29607f80/s2
2023-02-23 08:38:29,338 [Time-limited test] INFO  server.RaftServer (ConfUtils.java:logGet(46)) - raft.rpc.type = GRPC (default)
2023-02-23 08:38:29,339 [Time-limited test] INFO  grpc.GrpcConfigKeys (ConfUtils.java:logFallback(53)) - raft.grpc.admin.host = null (fallback to raft.grpc.server.host)
2023-02-23 08:38:29,339 [Time-limited test] INFO  grpc.GrpcConfigKeys (ConfUtils.java:logGet(46)) - raft.grpc.admin.port = 33885 (custom)
2023-02-23 08:38:29,339 [Time-limited test] INFO  grpc.GrpcConfigKeys (ConfUtils.java:logFallback(53)) - raft.grpc.client.host = null (fallback to raft.grpc.server.host)
2023-02-23 08:38:29,339 [Time-limited test] INFO  grpc.GrpcConfigKeys (ConfUtils.java:logGet(46)) - raft.grpc.client.port = 38985 (custom)
2023-02-23 08:38:29,354 [Time-limited test] INFO  grpc.GrpcConfigKeys (ConfUtils.java:logGet(46)) - raft.grpc.server.host = null (default)
2023-02-23 08:38:29,358 [Time-limited test] INFO  grpc.GrpcConfigKeys (ConfUtils.java:logGet(46)) - raft.grpc.server.port = 41279 (custom)
2023-02-23 08:38:29,358 [Time-limited test] INFO  server.GrpcService (ConfUtils.java:logGet(46)) - raft.grpc.message.size.max = 64MB (=67108864) (default)
2023-02-23 08:38:29,358 [Time-limited test] INFO  server.RaftServerConfigKeys (ConfUtils.java:logGet(46)) - raft.server.log.appender.buffer.byte-limit = 4MB (=4194304) (default)
2023-02-23 08:38:29,359 [Time-limited test] INFO  server.GrpcService (ConfUtils.java:logGet(46)) - raft.grpc.flow.control.window = 1MB (=1048576) (default)
2023-02-23 08:38:29,359 [Time-limited test] INFO  server.RaftServerConfigKeys (ConfUtils.java:logGet(46)) - raft.server.rpc.request.timeout = 3000ms (default)
2023-02-23 08:38:29,359 [Time-limited test] INFO  grpc.GrpcConfigKeys (ConfUtils.java:logGet(46)) - raft.grpc.server.heartbeat.channel = true (default)
2023-02-23 08:38:29,360 [Time-limited test] INFO  grpc.GrpcConfigKeys (ConfUtils.java:logGet(46)) - raft.grpc.server.async.request.thread.pool.cached = true (default)
2023-02-23 08:38:29,360 [Time-limited test] INFO  grpc.GrpcConfigKeys (ConfUtils.java:logGet(46)) - raft.grpc.server.async.request.thread.pool.size = 32 (default)
2023-02-23 08:38:29,354 [s0-groupManagement] INFO  server.RaftServerConfigKeys (ConfUtils.java:logGet(46)) - raft.server.log.segment.size.max = 8MB (=8388608) (default)
2023-02-23 08:38:29,362 [s0-groupManagement] INFO  server.RaftServerConfigKeys (ConfUtils.java:logGet(46)) - raft.server.log.preallocated.size = 4MB (=4194304) (default)
2023-02-23 08:38:29,362 [s0-groupManagement] INFO  server.RaftServerConfigKeys (ConfUtils.java:logGet(46)) - raft.server.log.write.buffer.size = 64KB (=65536) (default)
2023-02-23 08:38:29,367 [s0-groupManagement] INFO  server.RaftServerConfigKeys (ConfUtils.java:logGet(46)) - raft.server.rpc.timeout.min = 150ms (default)
2023-02-23 08:38:29,370 [s1-groupManagement] INFO  server.RaftServerConfigKeys (ConfUtils.java:logGet(46)) - raft.server.log.segment.size.max = 8MB (=8388608) (default)
2023-02-23 08:38:29,371 [s1-groupManagement] INFO  server.RaftServerConfigKeys (ConfUtils.java:logGet(46)) - raft.server.log.preallocated.size = 4MB (=4194304) (default)
2023-02-23 08:38:29,371 [s1-groupManagement] INFO  server.RaftServerConfigKeys (ConfUtils.java:logGet(46)) - raft.server.log.write.buffer.size = 64KB (=65536) (default)
2023-02-23 08:38:29,372 [s1-groupManagement] INFO  server.RaftServerConfigKeys (ConfUtils.java:logGet(46)) - raft.server.rpc.timeout.min = 150ms (default)
2023-02-23 08:38:29,373 [s1-groupManagement] INFO  server.RaftServerConfigKeys (ConfUtils.java:logGet(46)) - raft.server.rpc.timeout.max = 300ms (default)
2023-02-23 08:38:29,373 [s1-groupManagement] INFO  server.RaftServerConfigKeys (ConfUtils.java:logGet(46)) - raft.server.rpc.sleep.time = 25ms (default)
2023-02-23 08:38:29,373 [s1-groupManagement] INFO  server.RaftServerConfigKeys (ConfUtils.java:logGet(46)) - raft.server.rpc.slowness.timeout = 60s (default)
2023-02-23 08:38:29,374 [s1-groupManagement] INFO  server.RaftServerConfigKeys (ConfUtils.java:logGet(46)) - raft.server.leaderelection.leader.step-down.wait-time = 10s (default)
2023-02-23 08:38:29,374 [s1-groupManagement] INFO  server.RaftServerConfigKeys (ConfUtils.java:logGet(46)) - raft.server.sleep.deviation.threshold = 300ms (default)
2023-02-23 08:38:29,369 [Time-limited test] INFO  impl.DataStreamServerImpl (ConfUtils.java:logGet(46)) - raft.datastream.type = DISABLED (default)
2023-02-23 08:38:29,378 [Time-limited test] INFO  server.RaftServerConfigKeys (ConfUtils.java:logGet(46)) - raft.server.threadpool.proxy.cached = true (default)
2023-02-23 08:38:29,378 [Time-limited test] INFO  server.RaftServerConfigKeys (ConfUtils.java:logGet(46)) - raft.server.threadpool.proxy.size = 0 (default)
2023-02-23 08:38:29,378 [Time-limited test] INFO  server.RaftServerConfigKeys (ConfUtils.java:logGet(46)) - raft.server.rpc.slowness.timeout = 60s (default)
2023-02-23 08:38:29,378 [Time-limited test] INFO  server.RaftServerConfigKeys (ConfUtils.java:logGet(46)) - raft.server.leaderelection.leader.step-down.wait-time = 10s (default)
2023-02-23 08:38:29,379 [Time-limited test] INFO  server.RaftServerConfigKeys (ConfUtils.java:logGet(46)) - raft.server.storage.dir = [/home/runner/work/ratis/ratis/ratis-test/target/test/data/4cf6cf6a/MiniRaftClusterWithGrpc29607f80/s2] (custom)
2023-02-23 08:38:29,379 [s0-groupManagement] INFO  server.RaftServerConfigKeys (ConfUtils.java:logGet(46)) - raft.server.rpc.timeout.max = 300ms (default)
2023-02-23 08:38:29,380 [s0-groupManagement] INFO  server.RaftServerConfigKeys (ConfUtils.java:logGet(46)) - raft.server.rpc.sleep.time = 25ms (default)
2023-02-23 08:38:29,380 [s0-groupManagement] INFO  server.RaftServerConfigKeys (ConfUtils.java:logGet(46)) - raft.server.rpc.slowness.timeout = 60s (default)
2023-02-23 08:38:29,380 [s0-groupManagement] INFO  server.RaftServerConfigKeys (ConfUtils.java:logGet(46)) - raft.server.leaderelection.leader.step-down.wait-time = 10s (default)
2023-02-23 08:38:29,380 [s0-groupManagement] INFO  server.RaftServerConfigKeys (ConfUtils.java:logGet(46)) - raft.server.sleep.deviation.threshold = 300ms (default)
2023-02-23 08:38:29,400 [Time-limited test] INFO  server.RaftServer (RaftServerProxy.java:addNew(99)) - s2: addNew group-C46A9515A77B:[s0|rpc:localhost:45389|admin:localhost:34011|client:localhost:42569|dataStream:localhost:34109|priority:0|startupRole:FOLLOWER, s1|rpc:localhost:38545|admin:localhost:40535|client:localhost:42517|dataStream:localhost:32805|priority:0|startupRole:FOLLOWER, s2|rpc:localhost:41279|admin:localhost:33885|client:localhost:38985|dataStream:localhost:39561|priority:0|startupRole:FOLLOWER] returns group-C46A9515A77B:java.util.concurrent.CompletableFuture@13e3295d[Not completed]
2023-02-23 08:38:29,402 [s0-groupManagement] INFO  server.RaftServerConfigKeys (ConfUtils.java:logGet(46)) - raft.server.notification.no-leader.timeout = 60s (default)
2023-02-23 08:38:29,417 [s2-groupManagement] INFO  server.RaftServerConfigKeys (ConfUtils.java:logGet(46)) - raft.server.log.segment.size.max = 8MB (=8388608) (default)
2023-02-23 08:38:29,417 [s1-groupManagement] INFO  server.RaftServerConfigKeys (ConfUtils.java:logGet(46)) - raft.server.notification.no-leader.timeout = 60s (default)
2023-02-23 08:38:29,418 [s2-groupManagement] INFO  server.RaftServerConfigKeys (ConfUtils.java:logGet(46)) - raft.server.log.preallocated.size = 4MB (=4194304) (default)
2023-02-23 08:38:29,421 [s2-groupManagement] INFO  server.RaftServerConfigKeys (ConfUtils.java:logGet(46)) - raft.server.log.write.buffer.size = 64KB (=65536) (default)
2023-02-23 08:38:29,421 [s2-groupManagement] INFO  server.RaftServerConfigKeys (ConfUtils.java:logGet(46)) - raft.server.rpc.timeout.min = 150ms (default)
2023-02-23 08:38:29,422 [s2-groupManagement] INFO  server.RaftServerConfigKeys (ConfUtils.java:logGet(46)) - raft.server.rpc.timeout.max = 300ms (default)
2023-02-23 08:38:29,422 [s2-groupManagement] INFO  server.RaftServerConfigKeys (ConfUtils.java:logGet(46)) - raft.server.rpc.sleep.time = 25ms (default)
2023-02-23 08:38:29,422 [s2-groupManagement] INFO  server.RaftServerConfigKeys (ConfUtils.java:logGet(46)) - raft.server.rpc.slowness.timeout = 60s (default)
2023-02-23 08:38:29,422 [s2-groupManagement] INFO  server.RaftServerConfigKeys (ConfUtils.java:logGet(46)) - raft.server.leaderelection.leader.step-down.wait-time = 10s (default)
2023-02-23 08:38:29,422 [s2-groupManagement] INFO  server.RaftServerConfigKeys (ConfUtils.java:logGet(46)) - raft.server.sleep.deviation.threshold = 300ms (default)
2023-02-23 08:38:29,422 [s2-groupManagement] INFO  server.RaftServerConfigKeys (ConfUtils.java:logGet(46)) - raft.server.notification.no-leader.timeout = 60s (default)
2023-02-23 08:38:29,423 [s2-groupManagement] INFO  server.RaftServerConfigKeys (ConfUtils.java:logGet(46)) - raft.server.read.timeout = 10s (default)
2023-02-23 08:38:29,423 [s1-groupManagement] INFO  server.RaftServerConfigKeys (ConfUtils.java:logGet(46)) - raft.server.read.timeout = 10s (default)
2023-02-23 08:38:29,425 [s0-groupManagement] INFO  server.RaftServerConfigKeys (ConfUtils.java:logGet(46)) - raft.server.read.timeout = 10s (default)
2023-02-23 08:38:29,436 [s0-groupManagement] INFO  server.RaftServerConfigKeys (ConfUtils.java:logGet(46)) - raft.server.retrycache.expirytime = 60s (default)
2023-02-23 08:38:29,437 [s0-groupManagement] INFO  server.RaftServerConfigKeys (ConfUtils.java:logGet(46)) - raft.server.retrycache.statistics.expirytime = 100μs (default)
2023-02-23 08:38:29,437 [s1-groupManagement] INFO  server.RaftServerConfigKeys (ConfUtils.java:logGet(46)) - raft.server.retrycache.expirytime = 60s (default)
2023-02-23 08:38:29,437 [s1-groupManagement] INFO  server.RaftServerConfigKeys (ConfUtils.java:logGet(46)) - raft.server.retrycache.statistics.expirytime = 100μs (default)
2023-02-23 08:38:29,442 [s2-groupManagement] INFO  server.RaftServerConfigKeys (ConfUtils.java:logGet(46)) - raft.server.retrycache.expirytime = 60s (default)
2023-02-23 08:38:29,442 [s2-groupManagement] INFO  server.RaftServerConfigKeys (ConfUtils.java:logGet(46)) - raft.server.retrycache.statistics.expirytime = 100μs (default)
2023-02-23 08:38:29,462 [s2-groupManagement] INFO  server.RaftServerConfigKeys (ConfUtils.java:logGet(46)) - raft.server.read.option = DEFAULT (default)
2023-02-23 08:38:29,469 [s0-groupManagement] INFO  server.RaftServerConfigKeys (ConfUtils.java:logGet(46)) - raft.server.read.option = DEFAULT (default)
2023-02-23 08:38:29,475 [s2-groupManagement] INFO  metrics.MetricRegistries (MetricRegistriesLoader.java:load(64)) - Loaded MetricRegistries class org.apache.ratis.metrics.impl.MetricRegistriesImpl
2023-02-23 08:38:29,475 [s1-groupManagement] INFO  server.RaftServerConfigKeys (ConfUtils.java:logGet(46)) - raft.server.read.option = DEFAULT (default)
2023-02-23 08:38:29,646 [s2-groupManagement] INFO  server.RaftServerConfigKeys (ConfUtils.java:logGet(46)) - raft.server.log.appender.install.snapshot.enabled = true (default)
2023-02-23 08:38:29,647 [s2-groupManagement] INFO  server.RaftServerConfigKeys (ConfUtils.java:logGet(46)) - raft.server.threadpool.server.cached = true (default)
2023-02-23 08:38:29,647 [s2-groupManagement] INFO  server.RaftServerConfigKeys (ConfUtils.java:logGet(46)) - raft.server.threadpool.server.size = 0 (default)
2023-02-23 08:38:29,648 [s2-groupManagement] INFO  server.RaftServerConfigKeys (ConfUtils.java:logGet(46)) - raft.server.threadpool.client.cached = true (default)
2023-02-23 08:38:29,646 [s1-groupManagement] INFO  server.RaftServerConfigKeys (ConfUtils.java:logGet(46)) - raft.server.log.appender.install.snapshot.enabled = true (default)
2023-02-23 08:38:29,648 [s1-groupManagement] INFO  server.RaftServerConfigKeys (ConfUtils.java:logGet(46)) - raft.server.threadpool.server.cached = true (default)
2023-02-23 08:38:29,649 [s1-groupManagement] INFO  server.RaftServerConfigKeys (ConfUtils.java:logGet(46)) - raft.server.threadpool.server.size = 0 (default)
2023-02-23 08:38:29,649 [s1-groupManagement] INFO  server.RaftServerConfigKeys (ConfUtils.java:logGet(46)) - raft.server.threadpool.client.cached = true (default)
2023-02-23 08:38:29,649 [s1-groupManagement] INFO  server.RaftServerConfigKeys (ConfUtils.java:logGet(46)) - raft.server.threadpool.client.size = 0 (default)
2023-02-23 08:38:29,646 [s0-groupManagement] INFO  server.RaftServerConfigKeys (ConfUtils.java:logGet(46)) - raft.server.log.appender.install.snapshot.enabled = true (default)
2023-02-23 08:38:29,649 [s0-groupManagement] INFO  server.RaftServerConfigKeys (ConfUtils.java:logGet(46)) - raft.server.threadpool.server.cached = true (default)
2023-02-23 08:38:29,650 [s0-groupManagement] INFO  server.RaftServerConfigKeys (ConfUtils.java:logGet(46)) - raft.server.threadpool.server.size = 0 (default)
2023-02-23 08:38:29,650 [s0-groupManagement] INFO  server.RaftServerConfigKeys (ConfUtils.java:logGet(46)) - raft.server.threadpool.client.cached = true (default)
2023-02-23 08:38:29,650 [s0-groupManagement] INFO  server.RaftServerConfigKeys (ConfUtils.java:logGet(46)) - raft.server.threadpool.client.size = 0 (default)
2023-02-23 08:38:29,650 [s2-groupManagement] INFO  server.RaftServerConfigKeys (ConfUtils.java:logGet(46)) - raft.server.threadpool.client.size = 0 (default)
2023-02-23 08:38:29,652 [s0-impl-thread1] INFO  server.RaftServerConfigKeys (ConfUtils.java:logGet(46)) - raft.server.storage.free-space.min = 0MB (=0) (default)
2023-02-23 08:38:29,652 [s0-impl-thread1] INFO  server.RaftServerConfigKeys (ConfUtils.java:logGet(46)) - raft.server.log.corruption.policy = EXCEPTION (default)
2023-02-23 08:38:29,652 [s0-impl-thread1] INFO  server.RaftServerConfigKeys (ConfUtils.java:logGet(46)) - raft.server.storage.dir = [/home/runner/work/ratis/ratis/ratis-test/target/test/data/4cf6cf6a/MiniRaftClusterWithGrpc29607f80/s0] (custom)
2023-02-23 08:38:29,667 [s0-impl-thread1] INFO  storage.RaftStorageDirectory (RaftStorageDirectoryImpl.java:analyzeStorage(138)) - The storage directory /home/runner/work/ratis/ratis/ratis-test/target/test/data/4cf6cf6a/MiniRaftClusterWithGrpc29607f80/s0/6dc6ef57-16d0-4801-8a8c-c46a9515a77b does not exist. Creating ...
2023-02-23 08:38:29,668 [s0-impl-thread1] TRACE util.FileUtils (LogUtils.java:runAndLog(49)) - Successfully ran Files.createDirectories /home/runner/work/ratis/ratis/ratis-test/target/test/data/4cf6cf6a/MiniRaftClusterWithGrpc29607f80/s0/6dc6ef57-16d0-4801-8a8c-c46a9515a77b
2023-02-23 08:38:29,672 [s0-impl-thread1] INFO  storage.RaftStorageDirectory (RaftStorageDirectoryImpl.java:tryLock(232)) - Lock on /home/runner/work/ratis/ratis/ratis-test/target/test/data/4cf6cf6a/MiniRaftClusterWithGrpc29607f80/s0/6dc6ef57-16d0-4801-8a8c-c46a9515a77b/in_use.lock acquired by nodename 6635@fv-az264-150
2023-02-23 08:38:29,672 [s0-impl-thread1] TRACE util.FileUtils (LogUtils.java:runAndLog(49)) - Successfully ran Files.createDirectories /home/runner/work/ratis/ratis/ratis-test/target/test/data/4cf6cf6a/MiniRaftClusterWithGrpc29607f80/s0/6dc6ef57-16d0-4801-8a8c-c46a9515a77b/current
2023-02-23 08:38:29,673 [s0-impl-thread1] TRACE util.FileUtils (LogUtils.java:runAndLog(49)) - Successfully ran Files.createDirectories /home/runner/work/ratis/ratis/ratis-test/target/test/data/4cf6cf6a/MiniRaftClusterWithGrpc29607f80/s0/6dc6ef57-16d0-4801-8a8c-c46a9515a77b/sm
2023-02-23 08:38:29,688 [s0-impl-thread1] INFO  storage.RaftStorage (RaftStorageImpl.java:format(96)) - Storage directory /home/runner/work/ratis/ratis/ratis-test/target/test/data/4cf6cf6a/MiniRaftClusterWithGrpc29607f80/s0/6dc6ef57-16d0-4801-8a8c-c46a9515a77b has been successfully formatted.
2023-02-23 08:38:29,691 [s0-impl-thread1] INFO  impl.SimpleStateMachine4Testing (SimpleStateMachine4Testing.java:initialize(213)) - Initializing SimpleStateMachine4Testing:uninitialized
2023-02-23 08:38:29,697 [s0-impl-thread1] INFO  impl.SimpleStateMachine4Testing (SimpleStateMachine4Testing.java:loadSnapshot(293)) - Loading snapshot null
2023-02-23 08:38:29,699 [s0-impl-thread1] INFO  server.RaftServerConfigKeys (ConfUtils.java:logGet(46)) - raft.server.log.use.memory = false (default)
2023-02-23 08:38:29,705 [s0-impl-thread1] INFO  server.RaftServerConfigKeys (ConfUtils.java:logGet(46)) - raft.server.log.purge.gap = 1024 (default)
2023-02-23 08:38:29,705 [s0-impl-thread1] INFO  server.RaftServerConfigKeys (ConfUtils.java:logGet(46)) - raft.server.log.appender.buffer.byte-limit = 4MB (=4194304) (default)
2023-02-23 08:38:29,707 [s0-impl-thread1] INFO  server.RaftServerConfigKeys (ConfUtils.java:logGet(46)) - raft.server.log.statemachine.data.read.timeout = 1000ms (default)
2023-02-23 08:38:29,707 [s0-impl-thread1] INFO  server.RaftServerConfigKeys (ConfUtils.java:logGet(46)) - raft.server.log.purge.preservation.log.num = 0 (default)
2023-02-23 08:38:29,718 [s0-impl-thread1] INFO  server.RaftServerConfigKeys (ConfUtils.java:logGet(46)) - raft.server.log.segment.size.max = 8KB (=8192) (custom)
2023-02-23 08:38:29,723 [s0-impl-thread1] INFO  server.RaftServerConfigKeys (ConfUtils.java:logGet(46)) - raft.server.log.segment.cache.num.max = 6 (default)
2023-02-23 08:38:29,724 [s0-impl-thread1] INFO  server.RaftServerConfigKeys (ConfUtils.java:logGet(46)) - raft.server.log.segment.cache.size.max = 200MB (=209715200) (default)
2023-02-23 08:38:29,724 [s0-impl-thread1] INFO  server.RaftServerConfigKeys (ConfUtils.java:logGet(46)) - raft.server.log.appender.buffer.byte-limit = 4MB (=4194304) (default)
2023-02-23 08:38:29,727 [s0-impl-thread1] INFO  segmented.SegmentedRaftLogWorker (SegmentedRaftLogWorker.java:<init>(183)) - new s0@group-C46A9515A77B-SegmentedRaftLogWorker for RaftStorageImpl:Storage Directory /home/runner/work/ratis/ratis/ratis-test/target/test/data/4cf6cf6a/MiniRaftClusterWithGrpc29607f80/s0/6dc6ef57-16d0-4801-8a8c-c46a9515a77b
2023-02-23 08:38:29,728 [s0-impl-thread1] INFO  server.RaftServerConfigKeys (ConfUtils.java:logGet(46)) - raft.server.log.queue.byte-limit = 64MB (=67108864) (default)
2023-02-23 08:38:29,729 [s0-impl-thread1] INFO  server.RaftServerConfigKeys (ConfUtils.java:logGet(46)) - raft.server.log.queue.element-limit = 4096 (default)
2023-02-23 08:38:29,730 [s0-impl-thread1] INFO  server.RaftServerConfigKeys (ConfUtils.java:logGet(46)) - raft.server.log.segment.size.max = 8KB (=8192) (custom)
2023-02-23 08:38:29,731 [s0-impl-thread1] INFO  server.RaftServerConfigKeys (ConfUtils.java:logGet(46)) - raft.server.log.preallocated.size = 4MB (=4194304) (default)
2023-02-23 08:38:29,731 [s0-impl-thread1] INFO  server.RaftServerConfigKeys (ConfUtils.java:logGet(46)) - raft.server.log.force.sync.num = 128 (default)
2023-02-23 08:38:29,732 [s0-impl-thread1] INFO  server.RaftServerConfigKeys (ConfUtils.java:logGet(46)) - raft.server.log.statemachine.data.sync = true (default)
2023-02-23 08:38:29,732 [s0-impl-thread1] INFO  server.RaftServerConfigKeys (ConfUtils.java:logGet(46)) - raft.server.log.statemachine.data.sync.timeout = 10s (default)
2023-02-23 08:38:29,733 [s0-impl-thread1] INFO  server.RaftServerConfigKeys (ConfUtils.java:logGet(46)) - raft.server.log.statemachine.data.sync.timeout.retry = -1 (default)
2023-02-23 08:38:29,736 [s0-impl-thread1] INFO  server.RaftServerConfigKeys (ConfUtils.java:logGet(46)) - raft.server.log.write.buffer.size = 64KB (=65536) (default)
2023-02-23 08:38:29,736 [s0-impl-thread1] INFO  server.RaftServerConfigKeys (ConfUtils.java:logGet(46)) - raft.server.log.appender.buffer.byte-limit = 4MB (=4194304) (default)
2023-02-23 08:38:29,739 [s0-impl-thread1] INFO  server.RaftServerConfigKeys (ConfUtils.java:logGet(46)) - raft.server.log.unsafe-flush.enabled = false (default)
2023-02-23 08:38:29,739 [s0-impl-thread1] INFO  server.RaftServerConfigKeys (ConfUtils.java:logGet(46)) - raft.server.log.async-flush.enabled = false (default)
2023-02-23 08:38:29,740 [s0-impl-thread1] INFO  server.RaftServerConfigKeys (ConfUtils.java:logGet(46)) - raft.server.log.statemachine.data.caching.enabled = false (default)
2023-02-23 08:38:29,748 [s0-impl-thread1] INFO  segmented.SegmentedRaftLogWorker (SegmentedRaftLogWorker.java:lambda$new$0(134)) - s0@group-C46A9515A77B-SegmentedRaftLogWorker: flushIndex: setUnconditionally 0 -> -1
2023-02-23 08:38:29,748 [s0-impl-thread1] INFO  segmented.SegmentedRaftLogWorker (SegmentedRaftLogWorker.java:lambda$new$0(134)) - s0@group-C46A9515A77B-SegmentedRaftLogWorker: safeCacheEvictIndex: setUnconditionally 0 -> -1
2023-02-23 08:38:29,756 [s0-impl-thread1] INFO  impl.RoleInfo (RoleInfo.java:updateAndGet(139)) - s0: start s0@group-C46A9515A77B-FollowerState
2023-02-23 08:38:29,759 [s0@group-C46A9515A77B-FollowerState] INFO  server.RaftServerConfigKeys (ConfUtils.java:logFallback(53)) - raft.server.rpc.first-election.timeout.min = 150ms (fallback to raft.server.rpc.timeout.min)
2023-02-23 08:38:29,761 [s0@group-C46A9515A77B-FollowerState] INFO  server.RaftServerConfigKeys (ConfUtils.java:logFallback(53)) - raft.server.rpc.first-election.timeout.max = 300ms (fallback to raft.server.rpc.timeout.max)
2023-02-23 08:38:29,765 [s0-impl-thread1] INFO  util.JmxRegister (JmxRegister.java:tryRegister(44)) - Successfully registered JMX Bean with object name Ratis:service=RaftServer,group=group-C46A9515A77B,id=s0
2023-02-23 08:38:29,767 [s0-impl-thread1] INFO  server.RaftServerConfigKeys (ConfUtils.java:logGet(46)) - raft.server.snapshot.auto.trigger.enabled = false (default)
2023-02-23 08:38:29,768 [s0-impl-thread1] INFO  server.RaftServerConfigKeys (ConfUtils.java:logGet(46)) - raft.server.snapshot.retention.file.num = -1 (default)
2023-02-23 08:38:29,768 [s0-impl-thread1] INFO  server.RaftServerConfigKeys (ConfUtils.java:logGet(46)) - raft.server.log.purge.upto.snapshot.index = false (default)
2023-02-23 08:38:29,778 [Time-limited test] INFO  server.RaftServer (RaftServerProxy.java:startImpl(401)) - s0: start RPC server
2023-02-23 08:38:29,823 [Time-limited test] INFO  server.GrpcService (GrpcService.java:startImpl(302)) - s0: GrpcService started, listening on 42569
2023-02-23 08:38:29,825 [Time-limited test] INFO  server.GrpcService (GrpcService.java:startImpl(302)) - s0: GrpcService started, listening on 45389
2023-02-23 08:38:29,826 [Time-limited test] INFO  server.GrpcService (GrpcService.java:startImpl(302)) - s0: GrpcService started, listening on 34011
2023-02-23 08:38:29,830 [s1-impl-thread1] INFO  server.RaftServerConfigKeys (ConfUtils.java:logGet(46)) - raft.server.storage.free-space.min = 0MB (=0) (default)
2023-02-23 08:38:29,830 [JvmPauseMonitor0] INFO  util.JvmPauseMonitor (JvmPauseMonitor.java:run(103)) - JvmPauseMonitor-s0: Started
2023-02-23 08:38:29,830 [s1-impl-thread1] INFO  server.RaftServerConfigKeys (ConfUtils.java:logGet(46)) - raft.server.log.corruption.policy = EXCEPTION (default)
2023-02-23 08:38:29,830 [s1-impl-thread1] INFO  server.RaftServerConfigKeys (ConfUtils.java:logGet(46)) - raft.server.storage.dir = [/home/runner/work/ratis/ratis/ratis-test/target/test/data/4cf6cf6a/MiniRaftClusterWithGrpc29607f80/s1] (custom)
2023-02-23 08:38:29,830 [s1-impl-thread1] INFO  storage.RaftStorageDirectory (RaftStorageDirectoryImpl.java:analyzeStorage(138)) - The storage directory /home/runner/work/ratis/ratis/ratis-test/target/test/data/4cf6cf6a/MiniRaftClusterWithGrpc29607f80/s1/6dc6ef57-16d0-4801-8a8c-c46a9515a77b does not exist. Creating ...
2023-02-23 08:38:29,831 [s1-impl-thread1] TRACE util.FileUtils (LogUtils.java:runAndLog(49)) - Successfully ran Files.createDirectories /home/runner/work/ratis/ratis/ratis-test/target/test/data/4cf6cf6a/MiniRaftClusterWithGrpc29607f80/s1/6dc6ef57-16d0-4801-8a8c-c46a9515a77b
2023-02-23 08:38:29,833 [s1-impl-thread1] INFO  storage.RaftStorageDirectory (RaftStorageDirectoryImpl.java:tryLock(232)) - Lock on /home/runner/work/ratis/ratis/ratis-test/target/test/data/4cf6cf6a/MiniRaftClusterWithGrpc29607f80/s1/6dc6ef57-16d0-4801-8a8c-c46a9515a77b/in_use.lock acquired by nodename 6635@fv-az264-150
2023-02-23 08:38:29,834 [s1-impl-thread1] TRACE util.FileUtils (LogUtils.java:runAndLog(49)) - Successfully ran Files.createDirectories /home/runner/work/ratis/ratis/ratis-test/target/test/data/4cf6cf6a/MiniRaftClusterWithGrpc29607f80/s1/6dc6ef57-16d0-4801-8a8c-c46a9515a77b/current
2023-02-23 08:38:29,834 [s1-impl-thread1] TRACE util.FileUtils (LogUtils.java:runAndLog(49)) - Successfully ran Files.createDirectories /home/runner/work/ratis/ratis/ratis-test/target/test/data/4cf6cf6a/MiniRaftClusterWithGrpc29607f80/s1/6dc6ef57-16d0-4801-8a8c-c46a9515a77b/sm
2023-02-23 08:38:29,836 [s1-impl-thread1] INFO  storage.RaftStorage (RaftStorageImpl.java:format(96)) - Storage directory /home/runner/work/ratis/ratis/ratis-test/target/test/data/4cf6cf6a/MiniRaftClusterWithGrpc29607f80/s1/6dc6ef57-16d0-4801-8a8c-c46a9515a77b has been successfully formatted.
2023-02-23 08:38:29,837 [s1-impl-thread1] INFO  impl.SimpleStateMachine4Testing (SimpleStateMachine4Testing.java:initialize(213)) - Initializing SimpleStateMachine4Testing:uninitialized
2023-02-23 08:38:29,837 [s1-impl-thread1] INFO  impl.SimpleStateMachine4Testing (SimpleStateMachine4Testing.java:loadSnapshot(293)) - Loading snapshot null
2023-02-23 08:38:29,837 [s1-impl-thread1] INFO  server.RaftServerConfigKeys (ConfUtils.java:logGet(46)) - raft.server.log.use.memory = false (default)
2023-02-23 08:38:29,838 [s1-impl-thread1] INFO  server.RaftServerConfigKeys (ConfUtils.java:logGet(46)) - raft.server.log.purge.gap = 1024 (default)
2023-02-23 08:38:29,838 [s1-impl-thread1] INFO  server.RaftServerConfigKeys (ConfUtils.java:logGet(46)) - raft.server.log.appender.buffer.byte-limit = 4MB (=4194304) (default)
2023-02-23 08:38:29,838 [s1-impl-thread1] INFO  server.RaftServerConfigKeys (ConfUtils.java:logGet(46)) - raft.server.log.statemachine.data.read.timeout = 1000ms (default)
2023-02-23 08:38:29,838 [s1-impl-thread1] INFO  server.RaftServerConfigKeys (ConfUtils.java:logGet(46)) - raft.server.log.purge.preservation.log.num = 0 (default)
2023-02-23 08:38:29,841 [s1-impl-thread1] INFO  server.RaftServerConfigKeys (ConfUtils.java:logGet(46)) - raft.server.log.segment.size.max = 8KB (=8192) (custom)
2023-02-23 08:38:29,841 [s1-impl-thread1] INFO  server.RaftServerConfigKeys (ConfUtils.java:logGet(46)) - raft.server.log.segment.cache.num.max = 6 (default)
2023-02-23 08:38:29,841 [s1-impl-thread1] INFO  server.RaftServerConfigKeys (ConfUtils.java:logGet(46)) - raft.server.log.segment.cache.size.max = 200MB (=209715200) (default)
2023-02-23 08:38:29,842 [s1-impl-thread1] INFO  server.RaftServerConfigKeys (ConfUtils.java:logGet(46)) - raft.server.log.appender.buffer.byte-limit = 4MB (=4194304) (default)
2023-02-23 08:38:29,842 [s1-impl-thread1] INFO  segmented.SegmentedRaftLogWorker (SegmentedRaftLogWorker.java:<init>(183)) - new s1@group-C46A9515A77B-SegmentedRaftLogWorker for RaftStorageImpl:Storage Directory /home/runner/work/ratis/ratis/ratis-test/target/test/data/4cf6cf6a/MiniRaftClusterWithGrpc29607f80/s1/6dc6ef57-16d0-4801-8a8c-c46a9515a77b
2023-02-23 08:38:29,842 [s1-impl-thread1] INFO  server.RaftServerConfigKeys (ConfUtils.java:logGet(46)) - raft.server.log.queue.byte-limit = 64MB (=67108864) (default)
2023-02-23 08:38:29,842 [s1-impl-thread1] INFO  server.RaftServerConfigKeys (ConfUtils.java:logGet(46)) - raft.server.log.queue.element-limit = 4096 (default)
2023-02-23 08:38:29,843 [s1-impl-thread1] INFO  server.RaftServerConfigKeys (ConfUtils.java:logGet(46)) - raft.server.log.segment.size.max = 8KB (=8192) (custom)
2023-02-23 08:38:29,843 [s1-impl-thread1] INFO  server.RaftServerConfigKeys (ConfUtils.java:logGet(46)) - raft.server.log.preallocated.size = 4MB (=4194304) (default)
2023-02-23 08:38:29,843 [s1-impl-thread1] INFO  server.RaftServerConfigKeys (ConfUtils.java:logGet(46)) - raft.server.log.force.sync.num = 128 (default)
2023-02-23 08:38:29,843 [s1-impl-thread1] INFO  server.RaftServerConfigKeys (ConfUtils.java:logGet(46)) - raft.server.log.statemachine.data.sync = true (default)
2023-02-23 08:38:29,843 [s1-impl-thread1] INFO  server.RaftServerConfigKeys (ConfUtils.java:logGet(46)) - raft.server.log.statemachine.data.sync.timeout = 10s (default)
2023-02-23 08:38:29,849 [s1-impl-thread1] INFO  server.RaftServerConfigKeys (ConfUtils.java:logGet(46)) - raft.server.log.statemachine.data.sync.timeout.retry = -1 (default)
2023-02-23 08:38:29,850 [s1-impl-thread1] INFO  server.RaftServerConfigKeys (ConfUtils.java:logGet(46)) - raft.server.log.write.buffer.size = 64KB (=65536) (default)
2023-02-23 08:38:29,850 [s1-impl-thread1] INFO  server.RaftServerConfigKeys (ConfUtils.java:logGet(46)) - raft.server.log.appender.buffer.byte-limit = 4MB (=4194304) (default)
2023-02-23 08:38:29,852 [s1-impl-thread1] INFO  server.RaftServerConfigKeys (ConfUtils.java:logGet(46)) - raft.server.log.unsafe-flush.enabled = false (default)
2023-02-23 08:38:29,853 [s1-impl-thread1] INFO  server.RaftServerConfigKeys (ConfUtils.java:logGet(46)) - raft.server.log.async-flush.enabled = false (default)
2023-02-23 08:38:29,854 [s1-impl-thread1] INFO  server.RaftServerConfigKeys (ConfUtils.java:logGet(46)) - raft.server.log.statemachine.data.caching.enabled = false (default)
2023-02-23 08:38:29,854 [s1-impl-thread1] INFO  segmented.SegmentedRaftLogWorker (SegmentedRaftLogWorker.java:lambda$new$0(134)) - s1@group-C46A9515A77B-SegmentedRaftLogWorker: flushIndex: setUnconditionally 0 -> -1
2023-02-23 08:38:29,854 [s1-impl-thread1] INFO  segmented.SegmentedRaftLogWorker (SegmentedRaftLogWorker.java:lambda$new$0(134)) - s1@group-C46A9515A77B-SegmentedRaftLogWorker: safeCacheEvictIndex: setUnconditionally 0 -> -1
2023-02-23 08:38:29,854 [s1-impl-thread1] INFO  impl.RoleInfo (RoleInfo.java:updateAndGet(139)) - s1: start s1@group-C46A9515A77B-FollowerState
2023-02-23 08:38:29,855 [s1-impl-thread1] INFO  util.JmxRegister (JmxRegister.java:tryRegister(44)) - Successfully registered JMX Bean with object name Ratis:service=RaftServer,group=group-C46A9515A77B,id=s1
2023-02-23 08:38:29,855 [s1@group-C46A9515A77B-FollowerState] INFO  server.RaftServerConfigKeys (ConfUtils.java:logFallback(53)) - raft.server.rpc.first-election.timeout.min = 150ms (fallback to raft.server.rpc.timeout.min)
2023-02-23 08:38:29,856 [s1-impl-thread1] INFO  server.RaftServerConfigKeys (ConfUtils.java:logGet(46)) - raft.server.snapshot.auto.trigger.enabled = false (default)
2023-02-23 08:38:29,856 [s1@group-C46A9515A77B-FollowerState] INFO  server.RaftServerConfigKeys (ConfUtils.java:logFallback(53)) - raft.server.rpc.first-election.timeout.max = 300ms (fallback to raft.server.rpc.timeout.max)
2023-02-23 08:38:29,856 [s1-impl-thread1] INFO  server.RaftServerConfigKeys (ConfUtils.java:logGet(46)) - raft.server.snapshot.retention.file.num = -1 (default)
2023-02-23 08:38:29,856 [s1-impl-thread1] INFO  server.RaftServerConfigKeys (ConfUtils.java:logGet(46)) - raft.server.log.purge.upto.snapshot.index = false (default)
2023-02-23 08:38:29,857 [Time-limited test] INFO  server.RaftServer (RaftServerProxy.java:startImpl(401)) - s1: start RPC server
2023-02-23 08:38:29,858 [Time-limited test] INFO  server.GrpcService (GrpcService.java:startImpl(302)) - s1: GrpcService started, listening on 42517
2023-02-23 08:38:29,859 [Time-limited test] INFO  server.GrpcService (GrpcService.java:startImpl(302)) - s1: GrpcService started, listening on 38545
2023-02-23 08:38:29,860 [Time-limited test] INFO  server.GrpcService (GrpcService.java:startImpl(302)) - s1: GrpcService started, listening on 40535
2023-02-23 08:38:29,861 [s2-impl-thread1] INFO  server.RaftServerConfigKeys (ConfUtils.java:logGet(46)) - raft.server.storage.free-space.min = 0MB (=0) (default)
2023-02-23 08:38:29,861 [s2-impl-thread1] INFO  server.RaftServerConfigKeys (ConfUtils.java:logGet(46)) - raft.server.log.corruption.policy = EXCEPTION (default)
2023-02-23 08:38:29,862 [s2-impl-thread1] INFO  server.RaftServerConfigKeys (ConfUtils.java:logGet(46)) - raft.server.storage.dir = [/home/runner/work/ratis/ratis/ratis-test/target/test/data/4cf6cf6a/MiniRaftClusterWithGrpc29607f80/s2] (custom)
2023-02-23 08:38:29,862 [s2-impl-thread1] INFO  storage.RaftStorageDirectory (RaftStorageDirectoryImpl.java:analyzeStorage(138)) - The storage directory /home/runner/work/ratis/ratis/ratis-test/target/test/data/4cf6cf6a/MiniRaftClusterWithGrpc29607f80/s2/6dc6ef57-16d0-4801-8a8c-c46a9515a77b does not exist. Creating ...
2023-02-23 08:38:29,862 [s2-impl-thread1] TRACE util.FileUtils (LogUtils.java:runAndLog(49)) - Successfully ran Files.createDirectories /home/runner/work/ratis/ratis/ratis-test/target/test/data/4cf6cf6a/MiniRaftClusterWithGrpc29607f80/s2/6dc6ef57-16d0-4801-8a8c-c46a9515a77b
2023-02-23 08:38:29,861 [JvmPauseMonitor1] INFO  util.JvmPauseMonitor (JvmPauseMonitor.java:run(103)) - JvmPauseMonitor-s1: Started
2023-02-23 08:38:29,864 [s2-impl-thread1] INFO  storage.RaftStorageDirectory (RaftStorageDirectoryImpl.java:tryLock(232)) - Lock on /home/runner/work/ratis/ratis/ratis-test/target/test/data/4cf6cf6a/MiniRaftClusterWithGrpc29607f80/s2/6dc6ef57-16d0-4801-8a8c-c46a9515a77b/in_use.lock acquired by nodename 6635@fv-az264-150
2023-02-23 08:38:29,864 [s2-impl-thread1] TRACE util.FileUtils (LogUtils.java:runAndLog(49)) - Successfully ran Files.createDirectories /home/runner/work/ratis/ratis/ratis-test/target/test/data/4cf6cf6a/MiniRaftClusterWithGrpc29607f80/s2/6dc6ef57-16d0-4801-8a8c-c46a9515a77b/current
2023-02-23 08:38:29,864 [s2-impl-thread1] TRACE util.FileUtils (LogUtils.java:runAndLog(49)) - Successfully ran Files.createDirectories /home/runner/work/ratis/ratis/ratis-test/target/test/data/4cf6cf6a/MiniRaftClusterWithGrpc29607f80/s2/6dc6ef57-16d0-4801-8a8c-c46a9515a77b/sm
2023-02-23 08:38:29,865 [s2-impl-thread1] INFO  storage.RaftStorage (RaftStorageImpl.java:format(96)) - Storage directory /home/runner/work/ratis/ratis/ratis-test/target/test/data/4cf6cf6a/MiniRaftClusterWithGrpc29607f80/s2/6dc6ef57-16d0-4801-8a8c-c46a9515a77b has been successfully formatted.
2023-02-23 08:38:29,866 [s2-impl-thread1] INFO  impl.SimpleStateMachine4Testing (SimpleStateMachine4Testing.java:initialize(213)) - Initializing SimpleStateMachine4Testing:uninitialized
2023-02-23 08:38:29,866 [s2-impl-thread1] INFO  impl.SimpleStateMachine4Testing (SimpleStateMachine4Testing.java:loadSnapshot(293)) - Loading snapshot null
2023-02-23 08:38:29,866 [s2-impl-thread1] INFO  server.RaftServerConfigKeys (ConfUtils.java:logGet(46)) - raft.server.log.use.memory = false (default)
2023-02-23 08:38:29,866 [s2-impl-thread1] INFO  server.RaftServerConfigKeys (ConfUtils.java:logGet(46)) - raft.server.log.purge.gap = 1024 (default)
2023-02-23 08:38:29,867 [s2-impl-thread1] INFO  server.RaftServerConfigKeys (ConfUtils.java:logGet(46)) - raft.server.log.appender.buffer.byte-limit = 4MB (=4194304) (default)
2023-02-23 08:38:29,867 [s2-impl-thread1] INFO  server.RaftServerConfigKeys (ConfUtils.java:logGet(46)) - raft.server.log.statemachine.data.read.timeout = 1000ms (default)
2023-02-23 08:38:29,867 [s2-impl-thread1] INFO  server.RaftServerConfigKeys (ConfUtils.java:logGet(46)) - raft.server.log.purge.preservation.log.num = 0 (default)
2023-02-23 08:38:29,869 [s2-impl-thread1] INFO  server.RaftServerConfigKeys (ConfUtils.java:logGet(46)) - raft.server.log.segment.size.max = 8KB (=8192) (custom)
2023-02-23 08:38:29,870 [s2-impl-thread1] INFO  server.RaftServerConfigKeys (ConfUtils.java:logGet(46)) - raft.server.log.segment.cache.num.max = 6 (default)
2023-02-23 08:38:29,870 [s2-impl-thread1] INFO  server.RaftServerConfigKeys (ConfUtils.java:logGet(46)) - raft.server.log.segment.cache.size.max = 200MB (=209715200) (default)
2023-02-23 08:38:29,870 [s2-impl-thread1] INFO  server.RaftServerConfigKeys (ConfUtils.java:logGet(46)) - raft.server.log.appender.buffer.byte-limit = 4MB (=4194304) (default)
2023-02-23 08:38:29,870 [s2-impl-thread1] INFO  segmented.SegmentedRaftLogWorker (SegmentedRaftLogWorker.java:<init>(183)) - new s2@group-C46A9515A77B-SegmentedRaftLogWorker for RaftStorageImpl:Storage Directory /home/runner/work/ratis/ratis/ratis-test/target/test/data/4cf6cf6a/MiniRaftClusterWithGrpc29607f80/s2/6dc6ef57-16d0-4801-8a8c-c46a9515a77b
2023-02-23 08:38:29,870 [s2-impl-thread1] INFO  server.RaftServerConfigKeys (ConfUtils.java:logGet(46)) - raft.server.log.queue.byte-limit = 64MB (=67108864) (default)
2023-02-23 08:38:29,870 [s2-impl-thread1] INFO  server.RaftServerConfigKeys (ConfUtils.java:logGet(46)) - raft.server.log.queue.element-limit = 4096 (default)
2023-02-23 08:38:29,871 [s2-impl-thread1] INFO  server.RaftServerConfigKeys (ConfUtils.java:logGet(46)) - raft.server.log.segment.size.max = 8KB (=8192) (custom)
2023-02-23 08:38:29,871 [s2-impl-thread1] INFO  server.RaftServerConfigKeys (ConfUtils.java:logGet(46)) - raft.server.log.preallocated.size = 4MB (=4194304) (default)
2023-02-23 08:38:29,871 [s2-impl-thread1] INFO  server.RaftServerConfigKeys (ConfUtils.java:logGet(46)) - raft.server.log.force.sync.num = 128 (default)
2023-02-23 08:38:29,871 [s2-impl-thread1] INFO  server.RaftServerConfigKeys (ConfUtils.java:logGet(46)) - raft.server.log.statemachine.data.sync = true (default)
2023-02-23 08:38:29,871 [s2-impl-thread1] INFO  server.RaftServerConfigKeys (ConfUtils.java:logGet(46)) - raft.server.log.statemachine.data.sync.timeout = 10s (default)
2023-02-23 08:38:29,871 [s2-impl-thread1] INFO  server.RaftServerConfigKeys (ConfUtils.java:logGet(46)) - raft.server.log.statemachine.data.sync.timeout.retry = -1 (default)
2023-02-23 08:38:29,872 [s2-impl-thread1] INFO  server.RaftServerConfigKeys (ConfUtils.java:logGet(46)) - raft.server.log.write.buffer.size = 64KB (=65536) (default)
2023-02-23 08:38:29,872 [s2-impl-thread1] INFO  server.RaftServerConfigKeys (ConfUtils.java:logGet(46)) - raft.server.log.appender.buffer.byte-limit = 4MB (=4194304) (default)
2023-02-23 08:38:29,874 [s2-impl-thread1] INFO  server.RaftServerConfigKeys (ConfUtils.java:logGet(46)) - raft.server.log.unsafe-flush.enabled = false (default)
2023-02-23 08:38:29,874 [s2-impl-thread1] INFO  server.RaftServerConfigKeys (ConfUtils.java:logGet(46)) - raft.server.log.async-flush.enabled = false (default)
2023-02-23 08:38:29,875 [s2-impl-thread1] INFO  server.RaftServerConfigKeys (ConfUtils.java:logGet(46)) - raft.server.log.statemachine.data.caching.enabled = false (default)
2023-02-23 08:38:29,875 [s2-impl-thread1] INFO  segmented.SegmentedRaftLogWorker (SegmentedRaftLogWorker.java:lambda$new$0(134)) - s2@group-C46A9515A77B-SegmentedRaftLogWorker: flushIndex: setUnconditionally 0 -> -1
2023-02-23 08:38:29,875 [s2-impl-thread1] INFO  segmented.SegmentedRaftLogWorker (SegmentedRaftLogWorker.java:lambda$new$0(134)) - s2@group-C46A9515A77B-SegmentedRaftLogWorker: safeCacheEvictIndex: setUnconditionally 0 -> -1
2023-02-23 08:38:29,875 [s2-impl-thread1] INFO  impl.RoleInfo (RoleInfo.java:updateAndGet(139)) - s2: start s2@group-C46A9515A77B-FollowerState
2023-02-23 08:38:29,876 [s2-impl-thread1] INFO  util.JmxRegister (JmxRegister.java:tryRegister(44)) - Successfully registered JMX Bean with object name Ratis:service=RaftServer,group=group-C46A9515A77B,id=s2
2023-02-23 08:38:29,876 [s2-impl-thread1] INFO  server.RaftServerConfigKeys (ConfUtils.java:logGet(46)) - raft.server.snapshot.auto.trigger.enabled = false (default)
2023-02-23 08:38:29,876 [s2-impl-thread1] INFO  server.RaftServerConfigKeys (ConfUtils.java:logGet(46)) - raft.server.snapshot.retention.file.num = -1 (default)
2023-02-23 08:38:29,876 [s2-impl-thread1] INFO  server.RaftServerConfigKeys (ConfUtils.java:logGet(46)) - raft.server.log.purge.upto.snapshot.index = false (default)
2023-02-23 08:38:29,877 [s2@group-C46A9515A77B-FollowerState] INFO  server.RaftServerConfigKeys (ConfUtils.java:logFallback(53)) - raft.server.rpc.first-election.timeout.min = 150ms (fallback to raft.server.rpc.timeout.min)
2023-02-23 08:38:29,878 [s2@group-C46A9515A77B-FollowerState] INFO  server.RaftServerConfigKeys (ConfUtils.java:logFallback(53)) - raft.server.rpc.first-election.timeout.max = 300ms (fallback to raft.server.rpc.timeout.max)
2023-02-23 08:38:29,878 [Time-limited test] INFO  server.RaftServer (RaftServerProxy.java:startImpl(401)) - s2: start RPC server
2023-02-23 08:38:29,882 [Time-limited test] INFO  server.GrpcService (GrpcService.java:startImpl(302)) - s2: GrpcService started, listening on 38985
2023-02-23 08:38:29,883 [Time-limited test] INFO  server.GrpcService (GrpcService.java:startImpl(302)) - s2: GrpcService started, listening on 41279
2023-02-23 08:38:29,886 [Time-limited test] INFO  server.GrpcService (GrpcService.java:startImpl(302)) - s2: GrpcService started, listening on 33885
2023-02-23 08:38:29,891 [JvmPauseMonitor2] INFO  util.JvmPauseMonitor (JvmPauseMonitor.java:run(103)) - JvmPauseMonitor-s2: Started
2023-02-23 08:38:29,893 [Time-limited test] INFO  server.RaftServerConfigKeys (ConfUtils.java:logGet(46)) - raft.server.rpc.timeout.max = 300ms (default)
2023-02-23 08:38:29,895 [Time-limited test] INFO  ratis.RaftTestUtil (RaftTestUtil.java:waitForLeader(100)) - printing ALL groups
  s0:  RUNNING  FOLLOWER s0@group-C46A9515A77B:t0, leader=null, voted=, raftlog=Memoized:s0@group-C46A9515A77B-SegmentedRaftLog:OPENED:c-1, conf=-1: peers:[s0|rpc:localhost:45389|admin:localhost:34011|client:localhost:42569|dataStream:localhost:34109|priority:0|startupRole:FOLLOWER, s1|rpc:localhost:38545|admin:localhost:40535|client:localhost:42517|dataStream:localhost:32805|priority:0|startupRole:FOLLOWER, s2|rpc:localhost:41279|admin:localhost:33885|client:localhost:38985|dataStream:localhost:39561|priority:0|startupRole:FOLLOWER]|listeners:[], old=null RUNNING
  s1:  RUNNING  FOLLOWER s1@group-C46A9515A77B:t0, leader=null, voted=, raftlog=Memoized:s1@group-C46A9515A77B-SegmentedRaftLog:OPENED:c-1, conf=-1: peers:[s0|rpc:localhost:45389|admin:localhost:34011|client:localhost:42569|dataStream:localhost:34109|priority:0|startupRole:FOLLOWER, s1|rpc:localhost:38545|admin:localhost:40535|client:localhost:42517|dataStream:localhost:32805|priority:0|startupRole:FOLLOWER, s2|rpc:localhost:41279|admin:localhost:33885|client:localhost:38985|dataStream:localhost:39561|priority:0|startupRole:FOLLOWER]|listeners:[], old=null RUNNING
  s2:  RUNNING  FOLLOWER s2@group-C46A9515A77B:t0, leader=null, voted=, raftlog=Memoized:s2@group-C46A9515A77B-SegmentedRaftLog:OPENED:c-1, conf=-1: peers:[s0|rpc:localhost:45389|admin:localhost:34011|client:localhost:42569|dataStream:localhost:34109|priority:0|startupRole:FOLLOWER, s1|rpc:localhost:38545|admin:localhost:40535|client:localhost:42517|dataStream:localhost:32805|priority:0|startupRole:FOLLOWER, s2|rpc:localhost:41279|admin:localhost:33885|client:localhost:38985|dataStream:localhost:39561|priority:0|startupRole:FOLLOWER]|listeners:[], old=null RUNNING
2023-02-23 08:38:29,906 [Time-limited test] WARN  ratis.RaftTestUtil (JavaUtils.java:attempt(217)) - FAILED "waitForLeader-null-(expectLeader? true)", attempt #1/100: java.lang.IllegalStateException: No leader yet : printing ALL groups
  s0:  RUNNING  FOLLOWER s0@group-C46A9515A77B:t0, leader=null, voted=, raftlog=Memoized:s0@group-C46A9515A77B-SegmentedRaftLog:OPENED:c-1, conf=-1: peers:[s0|rpc:localhost:45389|admin:localhost:34011|client:localhost:42569|dataStream:localhost:34109|priority:0|startupRole:FOLLOWER, s1|rpc:localhost:38545|admin:localhost:40535|client:localhost:42517|dataStream:localhost:32805|priority:0|startupRole:FOLLOWER, s2|rpc:localhost:41279|admin:localhost:33885|client:localhost:38985|dataStream:localhost:39561|priority:0|startupRole:FOLLOWER]|listeners:[], old=null RUNNING
  s1:  RUNNING  FOLLOWER s1@group-C46A9515A77B:t0, leader=null, voted=, raftlog=Memoized:s1@group-C46A9515A77B-SegmentedRaftLog:OPENED:c-1, conf=-1: peers:[s0|rpc:localhost:45389|admin:localhost:34011|client:localhost:42569|dataStream:localhost:34109|priority:0|startupRole:FOLLOWER, s1|rpc:localhost:38545|admin:localhost:40535|client:localhost:42517|dataStream:localhost:32805|priority:0|startupRole:FOLLOWER, s2|rpc:localhost:41279|admin:localhost:33885|client:localhost:38985|dataStream:localhost:39561|priority:0|startupRole:FOLLOWER]|listeners:[], old=null RUNNING
  s2:  RUNNING  FOLLOWER s2@group-C46A9515A77B:t0, leader=null, voted=, raftlog=Memoized:s2@group-C46A9515A77B-SegmentedRaftLog:OPENED:c-1, conf=-1: peers:[s0|rpc:localhost:45389|admin:localhost:34011|client:localhost:42569|dataStream:localhost:34109|priority:0|startupRole:FOLLOWER, s1|rpc:localhost:38545|admin:localhost:40535|client:localhost:42517|dataStream:localhost:32805|priority:0|startupRole:FOLLOWER, s2|rpc:localhost:41279|admin:localhost:33885|client:localhost:38985|dataStream:localhost:39561|priority:0|startupRole:FOLLOWER]|listeners:[], old=null RUNNING, sleep 450ms and then retry.
java.lang.IllegalStateException: No leader yet : printing ALL groups
  s0:  RUNNING  FOLLOWER s0@group-C46A9515A77B:t0, leader=null, voted=, raftlog=Memoized:s0@group-C46A9515A77B-SegmentedRaftLog:OPENED:c-1, conf=-1: peers:[s0|rpc:localhost:45389|admin:localhost:34011|client:localhost:42569|dataStream:localhost:34109|priority:0|startupRole:FOLLOWER, s1|rpc:localhost:38545|admin:localhost:40535|client:localhost:42517|dataStream:localhost:32805|priority:0|startupRole:FOLLOWER, s2|rpc:localhost:41279|admin:localhost:33885|client:localhost:38985|dataStream:localhost:39561|priority:0|startupRole:FOLLOWER]|listeners:[], old=null RUNNING
  s1:  RUNNING  FOLLOWER s1@group-C46A9515A77B:t0, leader=null, voted=, raftlog=Memoized:s1@group-C46A9515A77B-SegmentedRaftLog:OPENED:c-1, conf=-1: peers:[s0|rpc:localhost:45389|admin:localhost:34011|client:localhost:42569|dataStream:localhost:34109|priority:0|startupRole:FOLLOWER, s1|rpc:localhost:38545|admin:localhost:40535|client:localhost:42517|dataStream:localhost:32805|priority:0|startupRole:FOLLOWER, s2|rpc:localhost:41279|admin:localhost:33885|client:localhost:38985|dataStream:localhost:39561|priority:0|startupRole:FOLLOWER]|listeners:[], old=null RUNNING
  s2:  RUNNING  FOLLOWER s2@group-C46A9515A77B:t0, leader=null, voted=, raftlog=Memoized:s2@group-C46A9515A77B-SegmentedRaftLog:OPENED:c-1, conf=-1: peers:[s0|rpc:localhost:45389|admin:localhost:34011|client:localhost:42569|dataStream:localhost:34109|priority:0|startupRole:FOLLOWER, s1|rpc:localhost:38545|admin:localhost:40535|client:localhost:42517|dataStream:localhost:32805|priority:0|startupRole:FOLLOWER, s2|rpc:localhost:41279|admin:localhost:33885|client:localhost:38985|dataStream:localhost:39561|priority:0|startupRole:FOLLOWER]|listeners:[], old=null RUNNING
	at org.apache.ratis.server.impl.MiniRaftCluster.newIllegalStateExceptionForNoLeaders(MiniRaftCluster.java:581)
	at org.apache.ratis.RaftTestUtil.lambda$waitForLeader$1(RaftTestUtil.java:104)
	at org.apache.ratis.server.impl.MiniRaftCluster.getLeader(MiniRaftCluster.java:615)
	at org.apache.ratis.server.impl.MiniRaftCluster.getLeader(MiniRaftCluster.java:608)
	at org.apache.ratis.RaftTestUtil.lambda$waitForLeader$3(RaftTestUtil.java:112)
	at org.apache.ratis.util.JavaUtils.attempt(JavaUtils.java:211)
	at org.apache.ratis.util.JavaUtils.attemptRepeatedly(JavaUtils.java:197)
	at org.apache.ratis.RaftTestUtil.waitForLeader(RaftTestUtil.java:111)
	at org.apache.ratis.RaftTestUtil.waitForLeader(RaftTestUtil.java:92)
	at org.apache.ratis.RaftTestUtil.waitForLeader(RaftTestUtil.java:87)
	at org.apache.ratis.shell.cli.sh.ElectionCommandIntegrationTest.runTestElectionTransferCommand(ElectionCommandIntegrationTest.java:61)
	at org.apache.ratis.server.impl.MiniRaftCluster$Factory$Get.runWithNewCluster(MiniRaftCluster.java:141)
	at org.apache.ratis.server.impl.MiniRaftCluster$Factory$Get.runWithNewCluster(MiniRaftCluster.java:121)
	at org.apache.ratis.shell.cli.sh.ElectionCommandIntegrationTest.testElectionTransferCommand(ElectionCommandIntegrationTest.java:57)
	at java.base/jdk.internal.reflect.NativeMethodAccessorImpl.invoke0(Native Method)
	at java.base/jdk.internal.reflect.NativeMethodAccessorImpl.invoke(NativeMethodAccessorImpl.java:62)
	at java.base/jdk.internal.reflect.DelegatingMethodAccessorImpl.invoke(DelegatingMethodAccessorImpl.java:43)
	at java.base/java.lang.reflect.Method.invoke(Method.java:566)
	at org.junit.runners.model.FrameworkMethod$1.runReflectiveCall(FrameworkMethod.java:59)
	at org.junit.internal.runners.model.ReflectiveCallable.run(ReflectiveCallable.java:12)
	at org.junit.runners.model.FrameworkMethod.invokeExplosively(FrameworkMethod.java:56)
	at org.junit.internal.runners.statements.InvokeMethod.evaluate(InvokeMethod.java:17)
	at org.junit.internal.runners.statements.RunAfters.evaluate(RunAfters.java:27)
	at org.junit.internal.runners.statements.FailOnTimeout$CallableStatement.call(FailOnTimeout.java:299)
	at org.junit.internal.runners.statements.FailOnTimeout$CallableStatement.call(FailOnTimeout.java:293)
	at java.base/java.util.concurrent.FutureTask.run(FutureTask.java:264)
	at java.base/java.lang.Thread.run(Thread.java:829)
2023-02-23 08:38:29,931 [s0@group-C46A9515A77B-FollowerState] INFO  impl.FollowerState (FollowerState.java:run(143)) - s0@group-C46A9515A77B-FollowerState: change to CANDIDATE, lastRpcElapsedTime:175448646ns, electionTimeout:169ms
2023-02-23 08:38:29,931 [s0@group-C46A9515A77B-FollowerState] INFO  impl.RoleInfo (RoleInfo.java:shutdownFollowerState(110)) - s0: shutdown s0@group-C46A9515A77B-FollowerState
2023-02-23 08:38:29,934 [s0@group-C46A9515A77B-FollowerState] INFO  server.RaftServerConfigKeys (ConfUtils.java:logGet(46)) - raft.server.leaderelection.pre-vote = true (default)
2023-02-23 08:38:29,935 [s0@group-C46A9515A77B-FollowerState] INFO  impl.RoleInfo (RoleInfo.java:updateAndGet(139)) - s0: start s0@group-C46A9515A77B-LeaderElection1
2023-02-23 08:38:29,942 [s0@group-C46A9515A77B-LeaderElection1] INFO  impl.LeaderElection (LeaderElection.java:askForVotes(309)) - s0@group-C46A9515A77B-LeaderElection1 PRE_VOTE round 0: submit vote requests at term 0 for -1: peers:[s0|rpc:localhost:45389|admin:localhost:34011|client:localhost:42569|dataStream:localhost:34109|priority:0|startupRole:FOLLOWER, s1|rpc:localhost:38545|admin:localhost:40535|client:localhost:42517|dataStream:localhost:32805|priority:0|startupRole:FOLLOWER, s2|rpc:localhost:41279|admin:localhost:33885|client:localhost:38985|dataStream:localhost:39561|priority:0|startupRole:FOLLOWER]|listeners:[], old=null
2023-02-23 08:38:29,964 [s0@group-C46A9515A77B-LeaderElection1] INFO  server.RaftServerConfigKeys (ConfUtils.java:logFallback(53)) - raft.server.rpc.first-election.timeout.min = 150ms (fallback to raft.server.rpc.timeout.min)
2023-02-23 08:38:29,965 [s0@group-C46A9515A77B-LeaderElection1] INFO  server.RaftServerConfigKeys (ConfUtils.java:logFallback(53)) - raft.server.rpc.first-election.timeout.max = 300ms (fallback to raft.server.rpc.timeout.max)
2023-02-23 08:38:29,969 [s0@group-C46A9515A77B-LeaderElection1-1] INFO  server.GrpcServerProtocolClient (GrpcServerProtocolClient.java:<init>(63)) - Build channel for s1
2023-02-23 08:38:29,973 [s0@group-C46A9515A77B-LeaderElection1-2] INFO  server.GrpcServerProtocolClient (GrpcServerProtocolClient.java:<init>(63)) - Build channel for s2
2023-02-23 08:38:30,057 [s2@group-C46A9515A77B-FollowerState] INFO  impl.FollowerState (FollowerState.java:run(143)) - s2@group-C46A9515A77B-FollowerState: change to CANDIDATE, lastRpcElapsedTime:181895669ns, electionTimeout:170ms
2023-02-23 08:38:30,063 [s2@group-C46A9515A77B-FollowerState] INFO  impl.RoleInfo (RoleInfo.java:shutdownFollowerState(110)) - s2: shutdown s2@group-C46A9515A77B-FollowerState
2023-02-23 08:38:30,067 [s2@group-C46A9515A77B-FollowerState] INFO  server.RaftServerConfigKeys (ConfUtils.java:logGet(46)) - raft.server.leaderelection.pre-vote = true (default)
2023-02-23 08:38:30,068 [s2@group-C46A9515A77B-FollowerState] INFO  impl.RoleInfo (RoleInfo.java:updateAndGet(139)) - s2: start s2@group-C46A9515A77B-LeaderElection2
2023-02-23 08:38:30,069 [s2@group-C46A9515A77B-LeaderElection2] INFO  impl.LeaderElection (LeaderElection.java:askForVotes(309)) - s2@group-C46A9515A77B-LeaderElection2 PRE_VOTE round 0: submit vote requests at term 0 for -1: peers:[s0|rpc:localhost:45389|admin:localhost:34011|client:localhost:42569|dataStream:localhost:34109|priority:0|startupRole:FOLLOWER, s1|rpc:localhost:38545|admin:localhost:40535|client:localhost:42517|dataStream:localhost:32805|priority:0|startupRole:FOLLOWER, s2|rpc:localhost:41279|admin:localhost:33885|client:localhost:38985|dataStream:localhost:39561|priority:0|startupRole:FOLLOWER]|listeners:[], old=null
2023-02-23 08:38:30,072 [s2@group-C46A9515A77B-LeaderElection2-1] INFO  server.GrpcServerProtocolClient (GrpcServerProtocolClient.java:<init>(63)) - Build channel for s0
2023-02-23 08:38:30,074 [s2@group-C46A9515A77B-LeaderElection2] INFO  server.RaftServerConfigKeys (ConfUtils.java:logFallback(53)) - raft.server.rpc.first-election.timeout.min = 150ms (fallback to raft.server.rpc.timeout.min)
2023-02-23 08:38:30,082 [s2@group-C46A9515A77B-LeaderElection2] INFO  server.RaftServerConfigKeys (ConfUtils.java:logFallback(53)) - raft.server.rpc.first-election.timeout.max = 300ms (fallback to raft.server.rpc.timeout.max)
2023-02-23 08:38:30,075 [s2@group-C46A9515A77B-LeaderElection2-2] INFO  server.GrpcServerProtocolClient (GrpcServerProtocolClient.java:<init>(63)) - Build channel for s1
2023-02-23 08:38:30,108 [s1@group-C46A9515A77B-FollowerState] INFO  impl.FollowerState (FollowerState.java:run(143)) - s1@group-C46A9515A77B-FollowerState: change to CANDIDATE, lastRpcElapsedTime:253519533ns, electionTimeout:252ms
2023-02-23 08:38:30,108 [s1@group-C46A9515A77B-FollowerState] INFO  impl.RoleInfo (RoleInfo.java:shutdownFollowerState(110)) - s1: shutdown s1@group-C46A9515A77B-FollowerState
2023-02-23 08:38:30,109 [s1@group-C46A9515A77B-FollowerState] INFO  server.RaftServerConfigKeys (ConfUtils.java:logGet(46)) - raft.server.leaderelection.pre-vote = true (default)
2023-02-23 08:38:30,109 [s1@group-C46A9515A77B-FollowerState] INFO  impl.RoleInfo (RoleInfo.java:updateAndGet(139)) - s1: start s1@group-C46A9515A77B-LeaderElection3
2023-02-23 08:38:30,126 [s1@group-C46A9515A77B-LeaderElection3] INFO  impl.LeaderElection (LeaderElection.java:askForVotes(309)) - s1@group-C46A9515A77B-LeaderElection3 PRE_VOTE round 0: submit vote requests at term 0 for -1: peers:[s0|rpc:localhost:45389|admin:localhost:34011|client:localhost:42569|dataStream:localhost:34109|priority:0|startupRole:FOLLOWER, s1|rpc:localhost:38545|admin:localhost:40535|client:localhost:42517|dataStream:localhost:32805|priority:0|startupRole:FOLLOWER, s2|rpc:localhost:41279|admin:localhost:33885|client:localhost:38985|dataStream:localhost:39561|priority:0|startupRole:FOLLOWER]|listeners:[], old=null
2023-02-23 08:38:30,153 [s1@group-C46A9515A77B-LeaderElection3] INFO  server.RaftServerConfigKeys (ConfUtils.java:logFallback(53)) - raft.server.rpc.first-election.timeout.min = 150ms (fallback to raft.server.rpc.timeout.min)
2023-02-23 08:38:30,154 [s1@group-C46A9515A77B-LeaderElection3-2] INFO  server.GrpcServerProtocolClient (GrpcServerProtocolClient.java:<init>(63)) - Build channel for s2
2023-02-23 08:38:30,153 [s1@group-C46A9515A77B-LeaderElection3-1] INFO  server.GrpcServerProtocolClient (GrpcServerProtocolClient.java:<init>(63)) - Build channel for s0
2023-02-23 08:38:30,154 [s1@group-C46A9515A77B-LeaderElection3] INFO  server.RaftServerConfigKeys (ConfUtils.java:logFallback(53)) - raft.server.rpc.first-election.timeout.max = 300ms (fallback to raft.server.rpc.timeout.max)
2023-02-23 08:38:30,173 [s0@group-C46A9515A77B-LeaderElection1] INFO  impl.LeaderElection (LeaderElection.java:logAndReturn(89)) - s0@group-C46A9515A77B-LeaderElection1: PRE_VOTE TIMEOUT received 0 response(s) and 0 exception(s):
2023-02-23 08:38:30,174 [s0@group-C46A9515A77B-LeaderElection1] INFO  impl.LeaderElection (LeaderElection.java:askForVotes(311)) - s0@group-C46A9515A77B-LeaderElection1 PRE_VOTE round 0: result TIMEOUT
2023-02-23 08:38:30,174 [s0@group-C46A9515A77B-LeaderElection1] INFO  impl.LeaderElection (LeaderElection.java:askForVotes(309)) - s0@group-C46A9515A77B-LeaderElection1 PRE_VOTE round 1: submit vote requests at term 0 for -1: peers:[s0|rpc:localhost:45389|admin:localhost:34011|client:localhost:42569|dataStream:localhost:34109|priority:0|startupRole:FOLLOWER, s1|rpc:localhost:38545|admin:localhost:40535|client:localhost:42517|dataStream:localhost:32805|priority:0|startupRole:FOLLOWER, s2|rpc:localhost:41279|admin:localhost:33885|client:localhost:38985|dataStream:localhost:39561|priority:0|startupRole:FOLLOWER]|listeners:[], old=null
2023-02-23 08:38:30,176 [s0@group-C46A9515A77B-LeaderElection1] INFO  server.RaftServerConfigKeys (ConfUtils.java:logFallback(53)) - raft.server.rpc.first-election.timeout.min = 150ms (fallback to raft.server.rpc.timeout.min)
2023-02-23 08:38:30,176 [s0@group-C46A9515A77B-LeaderElection1] INFO  server.RaftServerConfigKeys (ConfUtils.java:logFallback(53)) - raft.server.rpc.first-election.timeout.max = 300ms (fallback to raft.server.rpc.timeout.max)
2023-02-23 08:38:30,314 [s1@group-C46A9515A77B-LeaderElection3] INFO  impl.LeaderElection (LeaderElection.java:logAndReturn(89)) - s1@group-C46A9515A77B-LeaderElection3: PRE_VOTE TIMEOUT received 0 response(s) and 0 exception(s):
2023-02-23 08:38:30,314 [s1@group-C46A9515A77B-LeaderElection3] INFO  impl.LeaderElection (LeaderElection.java:askForVotes(311)) - s1@group-C46A9515A77B-LeaderElection3 PRE_VOTE round 0: result TIMEOUT
2023-02-23 08:38:30,314 [s1@group-C46A9515A77B-LeaderElection3] INFO  impl.LeaderElection (LeaderElection.java:askForVotes(309)) - s1@group-C46A9515A77B-LeaderElection3 PRE_VOTE round 1: submit vote requests at term 0 for -1: peers:[s0|rpc:localhost:45389|admin:localhost:34011|client:localhost:42569|dataStream:localhost:34109|priority:0|startupRole:FOLLOWER, s1|rpc:localhost:38545|admin:localhost:40535|client:localhost:42517|dataStream:localhost:32805|priority:0|startupRole:FOLLOWER, s2|rpc:localhost:41279|admin:localhost:33885|client:localhost:38985|dataStream:localhost:39561|priority:0|startupRole:FOLLOWER]|listeners:[], old=null
2023-02-23 08:38:30,315 [s1@group-C46A9515A77B-LeaderElection3] INFO  server.RaftServerConfigKeys (ConfUtils.java:logFallback(53)) - raft.server.rpc.first-election.timeout.min = 150ms (fallback to raft.server.rpc.timeout.min)
2023-02-23 08:38:30,315 [s1@group-C46A9515A77B-LeaderElection3] INFO  server.RaftServerConfigKeys (ConfUtils.java:logFallback(53)) - raft.server.rpc.first-election.timeout.max = 300ms (fallback to raft.server.rpc.timeout.max)
2023-02-23 08:38:30,350 [s2@group-C46A9515A77B-LeaderElection2] INFO  impl.LeaderElection (LeaderElection.java:logAndReturn(89)) - s2@group-C46A9515A77B-LeaderElection2: PRE_VOTE TIMEOUT received 0 response(s) and 0 exception(s):
2023-02-23 08:38:30,351 [s2@group-C46A9515A77B-LeaderElection2] INFO  impl.LeaderElection (LeaderElection.java:askForVotes(311)) - s2@group-C46A9515A77B-LeaderElection2 PRE_VOTE round 0: result TIMEOUT
2023-02-23 08:38:30,361 [s2@group-C46A9515A77B-LeaderElection2] INFO  impl.LeaderElection (LeaderElection.java:askForVotes(309)) - s2@group-C46A9515A77B-LeaderElection2 PRE_VOTE round 1: submit vote requests at term 0 for -1: peers:[s0|rpc:localhost:45389|admin:localhost:34011|client:localhost:42569|dataStream:localhost:34109|priority:0|startupRole:FOLLOWER, s1|rpc:localhost:38545|admin:localhost:40535|client:localhost:42517|dataStream:localhost:32805|priority:0|startupRole:FOLLOWER, s2|rpc:localhost:41279|admin:localhost:33885|client:localhost:38985|dataStream:localhost:39561|priority:0|startupRole:FOLLOWER]|listeners:[], old=null
2023-02-23 08:38:30,362 [Time-limited test] WARN  ratis.RaftTestUtil (JavaUtils.java:attempt(217)) - FAILED "waitForLeader-null-(expectLeader? true)", attempt #2/100: java.lang.IllegalStateException: No leader yet : printing ALL groups
  s0:  RUNNING CANDIDATE s0@group-C46A9515A77B:t0, leader=null, voted=, raftlog=Memoized:s0@group-C46A9515A77B-SegmentedRaftLog:OPENED:c-1, conf=-1: peers:[s0|rpc:localhost:45389|admin:localhost:34011|client:localhost:42569|dataStream:localhost:34109|priority:0|startupRole:FOLLOWER, s1|rpc:localhost:38545|admin:localhost:40535|client:localhost:42517|dataStream:localhost:32805|priority:0|startupRole:FOLLOWER, s2|rpc:localhost:41279|admin:localhost:33885|client:localhost:38985|dataStream:localhost:39561|priority:0|startupRole:FOLLOWER]|listeners:[], old=null RUNNING
  s1:  RUNNING CANDIDATE s1@group-C46A9515A77B:t0, leader=null, voted=, raftlog=Memoized:s1@group-C46A9515A77B-SegmentedRaftLog:OPENED:c-1, conf=-1: peers:[s0|rpc:localhost:45389|admin:localhost:34011|client:localhost:42569|dataStream:localhost:34109|priority:0|startupRole:FOLLOWER, s1|rpc:localhost:38545|admin:localhost:40535|client:localhost:42517|dataStream:localhost:32805|priority:0|startupRole:FOLLOWER, s2|rpc:localhost:41279|admin:localhost:33885|client:localhost:38985|dataStream:localhost:39561|priority:0|startupRole:FOLLOWER]|listeners:[], old=null RUNNING
  s2:  RUNNING CANDIDATE s2@group-C46A9515A77B:t0, leader=null, voted=, raftlog=Memoized:s2@group-C46A9515A77B-SegmentedRaftLog:OPENED:c-1, conf=-1: peers:[s0|rpc:localhost:45389|admin:localhost:34011|client:localhost:42569|dataStream:localhost:34109|priority:0|startupRole:FOLLOWER, s1|rpc:localhost:38545|admin:localhost:40535|client:localhost:42517|dataStream:localhost:32805|priority:0|startupRole:FOLLOWER, s2|rpc:localhost:41279|admin:localhost:33885|client:localhost:38985|dataStream:localhost:39561|priority:0|startupRole:FOLLOWER]|listeners:[], old=null RUNNING, sleep 450ms and then retry.
java.lang.IllegalStateException: No leader yet : printing ALL groups
  s0:  RUNNING CANDIDATE s0@group-C46A9515A77B:t0, leader=null, voted=, raftlog=Memoized:s0@group-C46A9515A77B-SegmentedRaftLog:OPENED:c-1, conf=-1: peers:[s0|rpc:localhost:45389|admin:localhost:34011|client:localhost:42569|dataStream:localhost:34109|priority:0|startupRole:FOLLOWER, s1|rpc:localhost:38545|admin:localhost:40535|client:localhost:42517|dataStream:localhost:32805|priority:0|startupRole:FOLLOWER, s2|rpc:localhost:41279|admin:localhost:33885|client:localhost:38985|dataStream:localhost:39561|priority:0|startupRole:FOLLOWER]|listeners:[], old=null RUNNING
  s1:  RUNNING CANDIDATE s1@group-C46A9515A77B:t0, leader=null, voted=, raftlog=Memoized:s1@group-C46A9515A77B-SegmentedRaftLog:OPENED:c-1, conf=-1: peers:[s0|rpc:localhost:45389|admin:localhost:34011|client:localhost:42569|dataStream:localhost:34109|priority:0|startupRole:FOLLOWER, s1|rpc:localhost:38545|admin:localhost:40535|client:localhost:42517|dataStream:localhost:32805|priority:0|startupRole:FOLLOWER, s2|rpc:localhost:41279|admin:localhost:33885|client:localhost:38985|dataStream:localhost:39561|priority:0|startupRole:FOLLOWER]|listeners:[], old=null RUNNING
  s2:  RUNNING CANDIDATE s2@group-C46A9515A77B:t0, leader=null, voted=, raftlog=Memoized:s2@group-C46A9515A77B-SegmentedRaftLog:OPENED:c-1, conf=-1: peers:[s0|rpc:localhost:45389|admin:localhost:34011|client:localhost:42569|dataStream:localhost:34109|priority:0|startupRole:FOLLOWER, s1|rpc:localhost:38545|admin:localhost:40535|client:localhost:42517|dataStream:localhost:32805|priority:0|startupRole:FOLLOWER, s2|rpc:localhost:41279|admin:localhost:33885|client:localhost:38985|dataStream:localhost:39561|priority:0|startupRole:FOLLOWER]|listeners:[], old=null RUNNING
	at org.apache.ratis.server.impl.MiniRaftCluster.newIllegalStateExceptionForNoLeaders(MiniRaftCluster.java:581)
	at org.apache.ratis.RaftTestUtil.lambda$waitForLeader$1(RaftTestUtil.java:104)
	at org.apache.ratis.server.impl.MiniRaftCluster.getLeader(MiniRaftCluster.java:615)
	at org.apache.ratis.server.impl.MiniRaftCluster.getLeader(MiniRaftCluster.java:608)
	at org.apache.ratis.RaftTestUtil.lambda$waitForLeader$3(RaftTestUtil.java:112)
	at org.apache.ratis.util.JavaUtils.attempt(JavaUtils.java:211)
	at org.apache.ratis.util.JavaUtils.attemptRepeatedly(JavaUtils.java:197)
	at org.apache.ratis.RaftTestUtil.waitForLeader(RaftTestUtil.java:111)
	at org.apache.ratis.RaftTestUtil.waitForLeader(RaftTestUtil.java:92)
	at org.apache.ratis.RaftTestUtil.waitForLeader(RaftTestUtil.java:87)
	at org.apache.ratis.shell.cli.sh.ElectionCommandIntegrationTest.runTestElectionTransferCommand(ElectionCommandIntegrationTest.java:61)
	at org.apache.ratis.server.impl.MiniRaftCluster$Factory$Get.runWithNewCluster(MiniRaftCluster.java:141)
	at org.apache.ratis.server.impl.MiniRaftCluster$Factory$Get.runWithNewCluster(MiniRaftCluster.java:121)
	at org.apache.ratis.shell.cli.sh.ElectionCommandIntegrationTest.testElectionTransferCommand(ElectionCommandIntegrationTest.java:57)
	at java.base/jdk.internal.reflect.NativeMethodAccessorImpl.invoke0(Native Method)
	at java.base/jdk.internal.reflect.NativeMethodAccessorImpl.invoke(NativeMethodAccessorImpl.java:62)
	at java.base/jdk.internal.reflect.DelegatingMethodAccessorImpl.invoke(DelegatingMethodAccessorImpl.java:43)
	at java.base/java.lang.reflect.Method.invoke(Method.java:566)
	at org.junit.runners.model.FrameworkMethod$1.runReflectiveCall(FrameworkMethod.java:59)
	at org.junit.internal.runners.model.ReflectiveCallable.run(ReflectiveCallable.java:12)
	at org.junit.runners.model.FrameworkMethod.invokeExplosively(FrameworkMethod.java:56)
	at org.junit.internal.runners.statements.InvokeMethod.evaluate(InvokeMethod.java:17)
	at org.junit.internal.runners.statements.RunAfters.evaluate(RunAfters.java:27)
	at org.junit.internal.runners.statements.FailOnTimeout$CallableStatement.call(FailOnTimeout.java:299)
	at org.junit.internal.runners.statements.FailOnTimeout$CallableStatement.call(FailOnTimeout.java:293)
	at java.base/java.util.concurrent.FutureTask.run(FutureTask.java:264)
	at java.base/java.lang.Thread.run(Thread.java:829)
2023-02-23 08:38:30,380 [s2@group-C46A9515A77B-LeaderElection2] INFO  server.RaftServerConfigKeys (ConfUtils.java:logFallback(53)) - raft.server.rpc.first-election.timeout.min = 150ms (fallback to raft.server.rpc.timeout.min)
2023-02-23 08:38:30,383 [s2@group-C46A9515A77B-LeaderElection2] INFO  server.RaftServerConfigKeys (ConfUtils.java:logFallback(53)) - raft.server.rpc.first-election.timeout.max = 300ms (fallback to raft.server.rpc.timeout.max)
2023-02-23 08:38:30,410 [s0@group-C46A9515A77B-LeaderElection1] INFO  impl.LeaderElection (LeaderElection.java:logAndReturn(89)) - s0@group-C46A9515A77B-LeaderElection1: PRE_VOTE TIMEOUT received 0 response(s) and 0 exception(s):
2023-02-23 08:38:30,410 [s0@group-C46A9515A77B-LeaderElection1] INFO  impl.LeaderElection (LeaderElection.java:askForVotes(311)) - s0@group-C46A9515A77B-LeaderElection1 PRE_VOTE round 1: result TIMEOUT
2023-02-23 08:38:30,410 [s0@group-C46A9515A77B-LeaderElection1] INFO  impl.LeaderElection (LeaderElection.java:askForVotes(309)) - s0@group-C46A9515A77B-LeaderElection1 PRE_VOTE round 2: submit vote requests at term 0 for -1: peers:[s0|rpc:localhost:45389|admin:localhost:34011|client:localhost:42569|dataStream:localhost:34109|priority:0|startupRole:FOLLOWER, s1|rpc:localhost:38545|admin:localhost:40535|client:localhost:42517|dataStream:localhost:32805|priority:0|startupRole:FOLLOWER, s2|rpc:localhost:41279|admin:localhost:33885|client:localhost:38985|dataStream:localhost:39561|priority:0|startupRole:FOLLOWER]|listeners:[], old=null
2023-02-23 08:38:30,412 [s0@group-C46A9515A77B-LeaderElection1] INFO  server.RaftServerConfigKeys (ConfUtils.java:logFallback(53)) - raft.server.rpc.first-election.timeout.min = 150ms (fallback to raft.server.rpc.timeout.min)
2023-02-23 08:38:30,412 [s0@group-C46A9515A77B-LeaderElection1] INFO  server.RaftServerConfigKeys (ConfUtils.java:logFallback(53)) - raft.server.rpc.first-election.timeout.max = 300ms (fallback to raft.server.rpc.timeout.max)
2023-02-23 08:38:30,454 [grpc-default-executor-1] INFO  impl.VoteContext (VoteContext.java:log(49)) - s0@group-C46A9515A77B-CANDIDATE: accept PRE_VOTE from s1: our priority 0 <= candidate's priority 0
2023-02-23 08:38:30,455 [grpc-default-executor-0] INFO  impl.VoteContext (VoteContext.java:log(49)) - s2@group-C46A9515A77B-CANDIDATE: accept PRE_VOTE from s1: our priority 0 <= candidate's priority 0
2023-02-23 08:38:30,455 [grpc-default-executor-5] INFO  impl.VoteContext (VoteContext.java:log(49)) - s1@group-C46A9515A77B-CANDIDATE: accept PRE_VOTE from s0: our priority 0 <= candidate's priority 0
2023-02-23 08:38:30,471 [grpc-default-executor-4] INFO  impl.VoteContext (VoteContext.java:log(49)) - s0@group-C46A9515A77B-CANDIDATE: accept PRE_VOTE from s1: our priority 0 <= candidate's priority 0
2023-02-23 08:38:30,473 [grpc-default-executor-8] INFO  impl.VoteContext (VoteContext.java:log(49)) - s0@group-C46A9515A77B-CANDIDATE: accept PRE_VOTE from s2: our priority 0 <= candidate's priority 0
2023-02-23 08:38:30,475 [grpc-default-executor-9] INFO  impl.VoteContext (VoteContext.java:log(49)) - s0@group-C46A9515A77B-CANDIDATE: accept PRE_VOTE from s2: our priority 0 <= candidate's priority 0
2023-02-23 08:38:30,483 [grpc-default-executor-6] INFO  impl.VoteContext (VoteContext.java:log(49)) - s1@group-C46A9515A77B-CANDIDATE: accept PRE_VOTE from s2: our priority 0 <= candidate's priority 0
2023-02-23 08:38:30,483 [grpc-default-executor-3] INFO  impl.VoteContext (VoteContext.java:log(49)) - s1@group-C46A9515A77B-CANDIDATE: accept PRE_VOTE from s0: our priority 0 <= candidate's priority 0
2023-02-23 08:38:30,495 [grpc-default-executor-9] INFO  impl.VoteContext (VoteContext.java:log(49)) - s1@group-C46A9515A77B-CANDIDATE: accept PRE_VOTE from s2: our priority 0 <= candidate's priority 0
2023-02-23 08:38:30,495 [grpc-default-executor-10] INFO  impl.VoteContext (VoteContext.java:log(49)) - s2@group-C46A9515A77B-CANDIDATE: accept PRE_VOTE from s0: our priority 0 <= candidate's priority 0
2023-02-23 08:38:30,496 [grpc-default-executor-1] INFO  impl.VoteContext (VoteContext.java:log(49)) - s2@group-C46A9515A77B-CANDIDATE: accept PRE_VOTE from s0: our priority 0 <= candidate's priority 0
2023-02-23 08:38:30,496 [grpc-default-executor-2] INFO  impl.VoteContext (VoteContext.java:log(49)) - s2@group-C46A9515A77B-CANDIDATE: accept PRE_VOTE from s1: our priority 0 <= candidate's priority 0
2023-02-23 08:38:30,500 [s1@group-C46A9515A77B-LeaderElection3] INFO  impl.LeaderElection (LeaderElection.java:logAndReturn(89)) - s1@group-C46A9515A77B-LeaderElection3: PRE_VOTE PASSED received 1 response(s) and 0 exception(s):
2023-02-23 08:38:30,501 [s1@group-C46A9515A77B-LeaderElection3] INFO  impl.LeaderElection (LeaderElection.java:logAndReturn(93)) -   Response 0: s1<-s0#0:OK-t0
2023-02-23 08:38:30,501 [s1@group-C46A9515A77B-LeaderElection3] INFO  impl.LeaderElection (LeaderElection.java:askForVotes(311)) - s1@group-C46A9515A77B-LeaderElection3 PRE_VOTE round 1: result PASSED
2023-02-23 08:38:30,503 [s1@group-C46A9515A77B-LeaderElection3] INFO  impl.LeaderElection (LeaderElection.java:askForVotes(309)) - s1@group-C46A9515A77B-LeaderElection3 ELECTION round 0: submit vote requests at term 1 for -1: peers:[s0|rpc:localhost:45389|admin:localhost:34011|client:localhost:42569|dataStream:localhost:34109|priority:0|startupRole:FOLLOWER, s1|rpc:localhost:38545|admin:localhost:40535|client:localhost:42517|dataStream:localhost:32805|priority:0|startupRole:FOLLOWER, s2|rpc:localhost:41279|admin:localhost:33885|client:localhost:38985|dataStream:localhost:39561|priority:0|startupRole:FOLLOWER]|listeners:[], old=null
2023-02-23 08:38:30,504 [s1@group-C46A9515A77B-LeaderElection3] INFO  server.RaftServerConfigKeys (ConfUtils.java:logFallback(53)) - raft.server.rpc.first-election.timeout.min = 150ms (fallback to raft.server.rpc.timeout.min)
2023-02-23 08:38:30,505 [s1@group-C46A9515A77B-LeaderElection3] INFO  server.RaftServerConfigKeys (ConfUtils.java:logFallback(53)) - raft.server.rpc.first-election.timeout.max = 300ms (fallback to raft.server.rpc.timeout.max)
2023-02-23 08:38:30,514 [grpc-default-executor-10] INFO  impl.VoteContext (VoteContext.java:log(49)) - s1@group-C46A9515A77B-CANDIDATE: accept PRE_VOTE from s0: our priority 0 <= candidate's priority 0
2023-02-23 08:38:30,515 [s2@group-C46A9515A77B-LeaderElection2] INFO  impl.LeaderElection (LeaderElection.java:logAndReturn(89)) - s2@group-C46A9515A77B-LeaderElection2: PRE_VOTE PASSED received 1 response(s) and 0 exception(s):
2023-02-23 08:38:30,517 [s2@group-C46A9515A77B-LeaderElection2] INFO  impl.LeaderElection (LeaderElection.java:logAndReturn(93)) -   Response 0: s2<-s1#0:OK-t0
2023-02-23 08:38:30,517 [s2@group-C46A9515A77B-LeaderElection2] INFO  impl.LeaderElection (LeaderElection.java:askForVotes(311)) - s2@group-C46A9515A77B-LeaderElection2 PRE_VOTE round 1: result PASSED
2023-02-23 08:38:30,521 [s2@group-C46A9515A77B-LeaderElection2] INFO  impl.LeaderElection (LeaderElection.java:askForVotes(309)) - s2@group-C46A9515A77B-LeaderElection2 ELECTION round 0: submit vote requests at term 1 for -1: peers:[s0|rpc:localhost:45389|admin:localhost:34011|client:localhost:42569|dataStream:localhost:34109|priority:0|startupRole:FOLLOWER, s1|rpc:localhost:38545|admin:localhost:40535|client:localhost:42517|dataStream:localhost:32805|priority:0|startupRole:FOLLOWER, s2|rpc:localhost:41279|admin:localhost:33885|client:localhost:38985|dataStream:localhost:39561|priority:0|startupRole:FOLLOWER]|listeners:[], old=null
2023-02-23 08:38:30,528 [s2@group-C46A9515A77B-LeaderElection2] INFO  server.RaftServerConfigKeys (ConfUtils.java:logFallback(53)) - raft.server.rpc.first-election.timeout.min = 150ms (fallback to raft.server.rpc.timeout.min)
2023-02-23 08:38:30,528 [s2@group-C46A9515A77B-LeaderElection2] INFO  server.RaftServerConfigKeys (ConfUtils.java:logFallback(53)) - raft.server.rpc.first-election.timeout.max = 300ms (fallback to raft.server.rpc.timeout.max)
2023-02-23 08:38:30,539 [grpc-default-executor-10] INFO  impl.VoteContext (VoteContext.java:log(49)) - s2@group-C46A9515A77B-CANDIDATE: accept PRE_VOTE from s0: our priority 0 <= candidate's priority 0
2023-02-23 08:38:30,542 [s0@group-C46A9515A77B-LeaderElection1] INFO  impl.LeaderElection (LeaderElection.java:logAndReturn(89)) - s0@group-C46A9515A77B-LeaderElection1: PRE_VOTE DISCOVERED_A_NEW_TERM (term=1) received 1 response(s) and 0 exception(s):
2023-02-23 08:38:30,542 [s0@group-C46A9515A77B-LeaderElection1] INFO  impl.LeaderElection (LeaderElection.java:logAndReturn(93)) -   Response 0: s0<-s1#0:OK-t1
2023-02-23 08:38:30,542 [s0@group-C46A9515A77B-LeaderElection1] INFO  impl.LeaderElection (LeaderElection.java:askForVotes(311)) - s0@group-C46A9515A77B-LeaderElection1 PRE_VOTE round 2: result DISCOVERED_A_NEW_TERM (term=1)
2023-02-23 08:38:30,543 [s0@group-C46A9515A77B-LeaderElection1] INFO  impl.RoleInfo (RoleInfo.java:shutdownLeaderElection(130)) - s0: shutdown s0@group-C46A9515A77B-LeaderElection1
2023-02-23 08:38:30,543 [s0@group-C46A9515A77B-LeaderElection1] INFO  impl.RoleInfo (RoleInfo.java:updateAndGet(139)) - s0: start s0@group-C46A9515A77B-FollowerState
2023-02-23 08:38:30,551 [grpc-default-executor-10] INFO  impl.VoteContext (VoteContext.java:log(49)) - s2@group-C46A9515A77B-CANDIDATE: reject ELECTION from s1: already has voted for s2 at current term 1
2023-02-23 08:38:30,552 [s0@group-C46A9515A77B-FollowerState] INFO  server.RaftServerConfigKeys (ConfUtils.java:logFallback(53)) - raft.server.rpc.first-election.timeout.min = 150ms (fallback to raft.server.rpc.timeout.min)
2023-02-23 08:38:30,552 [grpc-default-executor-9] INFO  impl.VoteContext (VoteContext.java:log(49)) - s0@group-C46A9515A77B-FOLLOWER: accept ELECTION from s1: our priority 0 <= candidate's priority 0
2023-02-23 08:38:30,552 [grpc-default-executor-9] INFO  impl.RoleInfo (RoleInfo.java:shutdownFollowerState(110)) - s0: shutdown s0@group-C46A9515A77B-FollowerState
2023-02-23 08:38:30,552 [grpc-default-executor-9] INFO  impl.RoleInfo (RoleInfo.java:updateAndGet(139)) - s0: start s0@group-C46A9515A77B-FollowerState
2023-02-23 08:38:30,553 [s0@group-C46A9515A77B-FollowerState] INFO  server.RaftServerConfigKeys (ConfUtils.java:logFallback(53)) - raft.server.rpc.first-election.timeout.max = 300ms (fallback to raft.server.rpc.timeout.max)
2023-02-23 08:38:30,553 [s0@group-C46A9515A77B-FollowerState] INFO  impl.FollowerState (FollowerState.java:run(152)) - s0@group-C46A9515A77B-FollowerState was interrupted
2023-02-23 08:38:30,568 [s1@group-C46A9515A77B-LeaderElection3] INFO  impl.LeaderElection (LeaderElection.java:logAndReturn(89)) - s1@group-C46A9515A77B-LeaderElection3: ELECTION PASSED received 2 response(s) and 0 exception(s):
2023-02-23 08:38:30,569 [s1@group-C46A9515A77B-LeaderElection3] INFO  impl.LeaderElection (LeaderElection.java:logAndReturn(93)) -   Response 0: s1<-s0#0:OK-t1
2023-02-23 08:38:30,569 [s1@group-C46A9515A77B-LeaderElection3] INFO  impl.LeaderElection (LeaderElection.java:logAndReturn(93)) -   Response 1: s1<-s2#0:FAIL-t1
2023-02-23 08:38:30,569 [s1@group-C46A9515A77B-LeaderElection3] INFO  impl.LeaderElection (LeaderElection.java:askForVotes(311)) - s1@group-C46A9515A77B-LeaderElection3 ELECTION round 0: result PASSED
2023-02-23 08:38:30,570 [grpc-default-executor-9] INFO  impl.VoteContext (VoteContext.java:log(49)) - s1@group-C46A9515A77B-CANDIDATE: reject ELECTION from s2: already has voted for s1 at current term 1
2023-02-23 08:38:30,570 [grpc-default-executor-10] INFO  impl.VoteContext (VoteContext.java:log(49)) - s0@group-C46A9515A77B-FOLLOWER: reject ELECTION from s2: already has voted for s1 at current term 1
2023-02-23 08:38:30,570 [s1@group-C46A9515A77B-LeaderElection3] INFO  impl.RoleInfo (RoleInfo.java:shutdownLeaderElection(130)) - s1: shutdown s1@group-C46A9515A77B-LeaderElection3
2023-02-23 08:38:30,573 [s0@group-C46A9515A77B-FollowerState] INFO  server.RaftServerConfigKeys (ConfUtils.java:logFallback(53)) - raft.server.rpc.first-election.timeout.min = 150ms (fallback to raft.server.rpc.timeout.min)
2023-02-23 08:38:30,574 [s0@group-C46A9515A77B-FollowerState] INFO  server.RaftServerConfigKeys (ConfUtils.java:logFallback(53)) - raft.server.rpc.first-election.timeout.max = 300ms (fallback to raft.server.rpc.timeout.max)
2023-02-23 08:38:30,576 [s1@group-C46A9515A77B-LeaderElection3] INFO  server.RaftServerConfigKeys (ConfUtils.java:logGet(46)) - raft.server.staging.catchup.gap = 1000 (default)
2023-02-23 08:38:30,579 [s2@group-C46A9515A77B-LeaderElection2] INFO  impl.LeaderElection (LeaderElection.java:logAndReturn(89)) - s2@group-C46A9515A77B-LeaderElection2: ELECTION REJECTED received 2 response(s) and 0 exception(s):
2023-02-23 08:38:30,580 [s2@group-C46A9515A77B-LeaderElection2] INFO  impl.LeaderElection (LeaderElection.java:logAndReturn(93)) -   Response 0: s2<-s0#0:FAIL-t1
2023-02-23 08:38:30,580 [s2@group-C46A9515A77B-LeaderElection2] INFO  impl.LeaderElection (LeaderElection.java:logAndReturn(93)) -   Response 1: s2<-s1#0:FAIL-t1
2023-02-23 08:38:30,580 [s2@group-C46A9515A77B-LeaderElection2] INFO  impl.LeaderElection (LeaderElection.java:askForVotes(311)) - s2@group-C46A9515A77B-LeaderElection2 ELECTION round 0: result REJECTED
2023-02-23 08:38:30,580 [s2@group-C46A9515A77B-LeaderElection2] INFO  impl.RoleInfo (RoleInfo.java:shutdownLeaderElection(130)) - s2: shutdown s2@group-C46A9515A77B-LeaderElection2
2023-02-23 08:38:30,580 [s2@group-C46A9515A77B-LeaderElection2] INFO  impl.RoleInfo (RoleInfo.java:updateAndGet(139)) - s2: start s2@group-C46A9515A77B-FollowerState
2023-02-23 08:38:30,583 [s1@group-C46A9515A77B-LeaderElection3] INFO  server.RaftServerConfigKeys (ConfUtils.java:logGet(46)) - raft.server.write.element-limit = 4096 (default)
2023-02-23 08:38:30,587 [s1@group-C46A9515A77B-LeaderElection3] INFO  server.RaftServerConfigKeys (ConfUtils.java:logGet(46)) - raft.server.write.byte-limit = 64MB (=67108864) (default)
2023-02-23 08:38:30,594 [s2@group-C46A9515A77B-FollowerState] INFO  server.RaftServerConfigKeys (ConfUtils.java:logFallback(53)) - raft.server.rpc.first-election.timeout.min = 150ms (fallback to raft.server.rpc.timeout.min)
2023-02-23 08:38:30,594 [s2@group-C46A9515A77B-FollowerState] INFO  server.RaftServerConfigKeys (ConfUtils.java:logFallback(53)) - raft.server.rpc.first-election.timeout.max = 300ms (fallback to raft.server.rpc.timeout.max)
2023-02-23 08:38:30,597 [s1@group-C46A9515A77B-LeaderElection3] INFO  server.RaftServerConfigKeys (ConfUtils.java:logGet(46)) - raft.server.watch.timeout = 10s (default)
2023-02-23 08:38:30,597 [s1@group-C46A9515A77B-LeaderElection3] INFO  server.RaftServerConfigKeys (ConfUtils.java:logGet(46)) - raft.server.watch.timeout.denomination = 1s (default)
2023-02-23 08:38:30,597 [s1@group-C46A9515A77B-LeaderElection3] INFO  server.RaftServerConfigKeys (ConfUtils.java:logGet(46)) - raft.server.watch.element-limit = 65536 (default)
2023-02-23 08:38:30,603 [s1@group-C46A9515A77B-LeaderElection3] INFO  server.RaftServerConfigKeys (ConfUtils.java:logGet(46)) - raft.server.write.element-limit = 4096 (default)
2023-02-23 08:38:30,604 [s1@group-C46A9515A77B-LeaderElection3] INFO  server.RaftServerConfigKeys (ConfUtils.java:logGet(46)) - raft.server.write.follower.gap.ratio.max = -1.0 (default)
2023-02-23 08:38:30,613 [s1@group-C46A9515A77B-LeaderElection3] INFO  server.RaftServerConfigKeys (ConfUtils.java:logGet(46)) - raft.server.log.appender.snapshot.chunk.size.max = 16MB (=16777216) (default)
2023-02-23 08:38:30,614 [s1@group-C46A9515A77B-LeaderElection3] INFO  server.RaftServerConfigKeys (ConfUtils.java:logGet(46)) - raft.server.log.appender.buffer.byte-limit = 4MB (=4194304) (default)
2023-02-23 08:38:30,614 [s1@group-C46A9515A77B-LeaderElection3] INFO  server.RaftServerConfigKeys (ConfUtils.java:logGet(46)) - raft.server.log.appender.buffer.element-limit = 0 (default)
2023-02-23 08:38:30,617 [s1@group-C46A9515A77B-LeaderElection3] INFO  grpc.GrpcConfigKeys (ConfUtils.java:logGet(46)) - raft.grpc.server.leader.outstanding.appends.max = 128 (default)
2023-02-23 08:38:30,618 [s1@group-C46A9515A77B-LeaderElection3] INFO  server.RaftServerConfigKeys (ConfUtils.java:logGet(46)) - raft.server.rpc.request.timeout = 3000ms (default)
2023-02-23 08:38:30,618 [s1@group-C46A9515A77B-LeaderElection3] INFO  server.RaftServerConfigKeys (ConfUtils.java:logGet(46)) - raft.server.log.appender.install.snapshot.enabled = true (default)
2023-02-23 08:38:30,618 [s1@group-C46A9515A77B-LeaderElection3] INFO  grpc.GrpcConfigKeys (ConfUtils.java:logGet(46)) - raft.grpc.server.heartbeat.channel = true (default)
2023-02-23 08:38:30,618 [s1@group-C46A9515A77B-LeaderElection3] INFO  server.RaftServerConfigKeys (ConfUtils.java:logGet(46)) - raft.server.log.appender.wait-time.min = 10ms (default)
2023-02-23 08:38:30,622 [s1@group-C46A9515A77B-LeaderElection3] INFO  server.RaftServerConfigKeys (ConfUtils.java:logGet(46)) - raft.server.log.appender.snapshot.chunk.size.max = 16MB (=16777216) (default)
2023-02-23 08:38:30,622 [s1@group-C46A9515A77B-LeaderElection3] INFO  server.RaftServerConfigKeys (ConfUtils.java:logGet(46)) - raft.server.log.appender.buffer.byte-limit = 4MB (=4194304) (default)
2023-02-23 08:38:30,622 [s1@group-C46A9515A77B-LeaderElection3] INFO  server.RaftServerConfigKeys (ConfUtils.java:logGet(46)) - raft.server.log.appender.buffer.element-limit = 0 (default)
2023-02-23 08:38:30,622 [s1@group-C46A9515A77B-LeaderElection3] INFO  grpc.GrpcConfigKeys (ConfUtils.java:logGet(46)) - raft.grpc.server.leader.outstanding.appends.max = 128 (default)
2023-02-23 08:38:30,623 [s1@group-C46A9515A77B-LeaderElection3] INFO  server.RaftServerConfigKeys (ConfUtils.java:logGet(46)) - raft.server.rpc.request.timeout = 3000ms (default)
2023-02-23 08:38:30,623 [s1@group-C46A9515A77B-LeaderElection3] INFO  server.RaftServerConfigKeys (ConfUtils.java:logGet(46)) - raft.server.log.appender.install.snapshot.enabled = true (default)
2023-02-23 08:38:30,623 [s1@group-C46A9515A77B-LeaderElection3] INFO  grpc.GrpcConfigKeys (ConfUtils.java:logGet(46)) - raft.grpc.server.heartbeat.channel = true (default)
2023-02-23 08:38:30,623 [s1@group-C46A9515A77B-LeaderElection3] INFO  server.RaftServerConfigKeys (ConfUtils.java:logGet(46)) - raft.server.log.appender.wait-time.min = 10ms (default)
2023-02-23 08:38:30,624 [s1@group-C46A9515A77B-LeaderElection3] INFO  impl.RoleInfo (RoleInfo.java:updateAndGet(139)) - s1: start s1@group-C46A9515A77B-LeaderStateImpl
2023-02-23 08:38:30,638 [s1@group-C46A9515A77B-LeaderElection3] INFO  segmented.SegmentedRaftLogWorker (SegmentedRaftLogWorker.java:startLogSegment(426)) - s1@group-C46A9515A77B-SegmentedRaftLogWorker: Starting segment from index:0
2023-02-23 08:38:30,752 [s1@group-C46A9515A77B-SegmentedRaftLogWorker] INFO  segmented.SegmentedRaftLogWorker (SegmentedRaftLogWorker.java:execute(630)) - s1@group-C46A9515A77B-SegmentedRaftLogWorker: created new log segment /home/runner/work/ratis/ratis/ratis-test/target/test/data/4cf6cf6a/MiniRaftClusterWithGrpc29607f80/s1/6dc6ef57-16d0-4801-8a8c-c46a9515a77b/current/log_inprogress_0
2023-02-23 08:38:30,753 [s0-server-thread3] INFO  segmented.SegmentedRaftLogWorker (SegmentedRaftLogWorker.java:startLogSegment(426)) - s0@group-C46A9515A77B-SegmentedRaftLogWorker: Starting segment from index:0
2023-02-23 08:38:30,757 [s0@group-C46A9515A77B-SegmentedRaftLogWorker] INFO  segmented.SegmentedRaftLogWorker (SegmentedRaftLogWorker.java:execute(630)) - s0@group-C46A9515A77B-SegmentedRaftLogWorker: created new log segment /home/runner/work/ratis/ratis/ratis-test/target/test/data/4cf6cf6a/MiniRaftClusterWithGrpc29607f80/s0/6dc6ef57-16d0-4801-8a8c-c46a9515a77b/current/log_inprogress_0
2023-02-23 08:38:30,769 [s2-server-thread3] INFO  segmented.SegmentedRaftLogWorker (SegmentedRaftLogWorker.java:startLogSegment(426)) - s2@group-C46A9515A77B-SegmentedRaftLogWorker: Starting segment from index:0
2023-02-23 08:38:30,770 [s2@group-C46A9515A77B-SegmentedRaftLogWorker] INFO  segmented.SegmentedRaftLogWorker (SegmentedRaftLogWorker.java:execute(630)) - s2@group-C46A9515A77B-SegmentedRaftLogWorker: created new log segment /home/runner/work/ratis/ratis/ratis-test/target/test/data/4cf6cf6a/MiniRaftClusterWithGrpc29607f80/s2/6dc6ef57-16d0-4801-8a8c-c46a9515a77b/current/log_inprogress_0
2023-02-23 08:38:30,814 [Time-limited test] INFO  ratis.RaftTestUtil (RaftTestUtil.java:waitForLeader(119)) - printing ALL groups
  s0:  RUNNING  FOLLOWER s0@group-C46A9515A77B:t1, leader=s1, voted=s1, raftlog=Memoized:s0@group-C46A9515A77B-SegmentedRaftLog:OPENED:c-1, conf=0: peers:[s0|rpc:localhost:45389|admin:localhost:34011|client:localhost:42569|dataStream:localhost:34109|priority:0|startupRole:FOLLOWER, s1|rpc:localhost:38545|admin:localhost:40535|client:localhost:42517|dataStream:localhost:32805|priority:0|startupRole:FOLLOWER, s2|rpc:localhost:41279|admin:localhost:33885|client:localhost:38985|dataStream:localhost:39561|priority:0|startupRole:FOLLOWER]|listeners:[], old=null RUNNING
  s1:  RUNNING    LEADER s1@group-C46A9515A77B:t1, leader=s1, voted=s1, raftlog=Memoized:s1@group-C46A9515A77B-SegmentedRaftLog:OPENED:c0, conf=0: peers:[s0|rpc:localhost:45389|admin:localhost:34011|client:localhost:42569|dataStream:localhost:34109|priority:0|startupRole:FOLLOWER, s1|rpc:localhost:38545|admin:localhost:40535|client:localhost:42517|dataStream:localhost:32805|priority:0|startupRole:FOLLOWER, s2|rpc:localhost:41279|admin:localhost:33885|client:localhost:38985|dataStream:localhost:39561|priority:0|startupRole:FOLLOWER]|listeners:[], old=null RUNNING
  s2:  RUNNING  FOLLOWER s2@group-C46A9515A77B:t1, leader=s1, voted=s2, raftlog=Memoized:s2@group-C46A9515A77B-SegmentedRaftLog:OPENED:c-1, conf=0: peers:[s0|rpc:localhost:45389|admin:localhost:34011|client:localhost:42569|dataStream:localhost:34109|priority:0|startupRole:FOLLOWER, s1|rpc:localhost:38545|admin:localhost:40535|client:localhost:42517|dataStream:localhost:32805|priority:0|startupRole:FOLLOWER, s2|rpc:localhost:41279|admin:localhost:33885|client:localhost:38985|dataStream:localhost:39561|priority:0|startupRole:FOLLOWER]|listeners:[], old=null RUNNING
2023-02-23 08:38:30,930 [Time-limited test] INFO  reflections.Reflections (Reflections.java:scan(219)) - Reflections took 93 ms to scan 2 urls, producing 8 keys and 27 values
2023-02-23 08:38:34,173 [s1-server-thread1] INFO  impl.TransferLeadership (TransferLeadership.java:tryTransferLeadership(107)) - s1@group-C46A9515A77B: start transferring leadership to s0
2023-02-23 08:38:34,176 [s1-server-thread1] INFO  impl.TransferLeadership (TransferLeadership.java:tryTransferLeadership(116)) - s1@group-C46A9515A77B: sent StartLeaderElection to transferee s0 immediately as it already has up-to-date log
2023-02-23 08:38:34,178 [grpc-default-executor-10] INFO  impl.RoleInfo (RoleInfo.java:shutdownFollowerState(110)) - s0: shutdown s0@group-C46A9515A77B-FollowerState
2023-02-23 08:38:34,179 [grpc-default-executor-10] INFO  impl.RoleInfo (RoleInfo.java:updateAndGet(139)) - s0: start s0@group-C46A9515A77B-LeaderElection4
2023-02-23 08:38:34,179 [s0@group-C46A9515A77B-FollowerState] INFO  impl.FollowerState (FollowerState.java:run(152)) - s0@group-C46A9515A77B-FollowerState was interrupted
2023-02-23 08:38:34,186 [s0-server-thread2] INFO  impl.RoleInfo (RoleInfo.java:shutdownLeaderElection(130)) - s0: shutdown s0@group-C46A9515A77B-LeaderElection4
2023-02-23 08:38:34,186 [s0-server-thread2] INFO  impl.RoleInfo (RoleInfo.java:updateAndGet(139)) - s0: start s0@group-C46A9515A77B-FollowerState
2023-02-23 08:38:34,188 [s0@group-C46A9515A77B-LeaderElection4] INFO  impl.LeaderElection (LeaderElection.java:run(232)) - s0@group-C46A9515A77B-LeaderElection4: skip running since this is already CLOSING
2023-02-23 08:38:37,199 [Time-limited test] INFO  impl.MiniRaftCluster (MiniRaftCluster.java:shutdown(831)) - ************************************************************** 
2023-02-23 08:38:37,200 [Time-limited test] INFO  impl.MiniRaftCluster (MiniRaftCluster.java:shutdown(832)) - *** 
2023-02-23 08:38:37,200 [Time-limited test] INFO  impl.MiniRaftCluster (MiniRaftCluster.java:shutdown(833)) - ***     Stopping MiniRaftClusterWithGrpc
2023-02-23 08:38:37,200 [Time-limited test] INFO  impl.MiniRaftCluster (MiniRaftCluster.java:shutdown(834)) - *** 
2023-02-23 08:38:37,200 [Time-limited test] INFO  impl.MiniRaftCluster (MiniRaftCluster.java:shutdown(835)) - ************************************************************** 
2023-02-23 08:38:37,200 [Time-limited test] INFO  impl.MiniRaftCluster (MiniRaftCluster.java:shutdown(836)) - printing ALL groups
  s0:  RUNNING  FOLLOWER s0@group-C46A9515A77B:t1, leader=s1, voted=s1, raftlog=Memoized:s0@group-C46A9515A77B-SegmentedRaftLog:OPENED:c0, conf=0: peers:[s0|rpc:localhost:45389|admin:localhost:34011|client:localhost:42569|dataStream:localhost:34109|priority:0|startupRole:FOLLOWER, s1|rpc:localhost:38545|admin:localhost:40535|client:localhost:42517|dataStream:localhost:32805|priority:0|startupRole:FOLLOWER, s2|rpc:localhost:41279|admin:localhost:33885|client:localhost:38985|dataStream:localhost:39561|priority:0|startupRole:FOLLOWER]|listeners:[], old=null RUNNING
  s1:  RUNNING    LEADER s1@group-C46A9515A77B:t1, leader=s1, voted=s1, raftlog=Memoized:s1@group-C46A9515A77B-SegmentedRaftLog:OPENED:c0, conf=0: peers:[s0|rpc:localhost:45389|admin:localhost:34011|client:localhost:42569|dataStream:localhost:34109|priority:0|startupRole:FOLLOWER, s1|rpc:localhost:38545|admin:localhost:40535|client:localhost:42517|dataStream:localhost:32805|priority:0|startupRole:FOLLOWER, s2|rpc:localhost:41279|admin:localhost:33885|client:localhost:38985|dataStream:localhost:39561|priority:0|startupRole:FOLLOWER]|listeners:[], old=null RUNNING
  s2:  RUNNING  FOLLOWER s2@group-C46A9515A77B:t1, leader=s1, voted=s2, raftlog=Memoized:s2@group-C46A9515A77B-SegmentedRaftLog:OPENED:c0, conf=0: peers:[s0|rpc:localhost:45389|admin:localhost:34011|client:localhost:42569|dataStream:localhost:34109|priority:0|startupRole:FOLLOWER, s1|rpc:localhost:38545|admin:localhost:40535|client:localhost:42517|dataStream:localhost:32805|priority:0|startupRole:FOLLOWER, s2|rpc:localhost:41279|admin:localhost:33885|client:localhost:38985|dataStream:localhost:39561|priority:0|startupRole:FOLLOWER]|listeners:[], old=null RUNNING
2023-02-23 08:38:37,204 [MiniRaftCluster-2] INFO  server.RaftServer (RaftServerProxy.java:lambda$close$7(417)) - s1: close
2023-02-23 08:38:37,204 [MiniRaftCluster-1] INFO  server.RaftServer (RaftServerProxy.java:lambda$close$7(417)) - s0: close
2023-02-23 08:38:37,208 [s0-impl-thread1] INFO  util.JmxRegister (JmxRegister.java:unregister(73)) - Successfully un-registered JMX Bean with object name Ratis:service=RaftServer,group=group-C46A9515A77B,id=s0
2023-02-23 08:38:37,208 [s0-impl-thread1] INFO  impl.RoleInfo (RoleInfo.java:shutdownFollowerState(110)) - s0: shutdown s0@group-C46A9515A77B-FollowerState
2023-02-23 08:38:37,208 [s0-impl-thread1] INFO  impl.StateMachineUpdater (StateMachineUpdater.java:stopAndJoin(154)) - s0@group-C46A9515A77B-StateMachineUpdater: set stopIndex = 0
2023-02-23 08:38:37,209 [MiniRaftCluster-1] INFO  server.GrpcService (GrpcService.java:closeImpl(311)) - s0: shutdown server org.apache.ratis.grpc.server.GrpcClientProtocolService now
2023-02-23 08:38:37,206 [MiniRaftCluster-3] INFO  server.RaftServer (RaftServerProxy.java:lambda$close$7(417)) - s2: close
2023-02-23 08:38:37,208 [s0@group-C46A9515A77B-FollowerState] INFO  impl.FollowerState (FollowerState.java:run(152)) - s0@group-C46A9515A77B-FollowerState was interrupted
2023-02-23 08:38:37,208 [MiniRaftCluster-2] INFO  server.GrpcService (GrpcService.java:closeImpl(311)) - s1: shutdown server org.apache.ratis.grpc.server.GrpcClientProtocolService now
2023-02-23 08:38:37,207 [s1-impl-thread1] INFO  util.JmxRegister (JmxRegister.java:unregister(73)) - Successfully un-registered JMX Bean with object name Ratis:service=RaftServer,group=group-C46A9515A77B,id=s1
2023-02-23 08:38:37,214 [s1-impl-thread1] INFO  impl.RoleInfo (RoleInfo.java:shutdownLeaderState(93)) - s1: shutdown s1@group-C46A9515A77B-LeaderStateImpl
2023-02-23 08:38:37,214 [s1-impl-thread1] INFO  impl.PendingRequests (PendingRequests.java:sendNotLeaderResponses(282)) - s1@group-C46A9515A77B-PendingRequests: sendNotLeaderResponses
2023-02-23 08:38:37,217 [s1@group-C46A9515A77B->s0-GrpcLogAppender-LogAppenderDaemon] WARN  server.GrpcLogAppender (GrpcLogAppender.java:mayWait(199)) - s1@group-C46A9515A77B->s0-GrpcLogAppender: Wait interrupted by java.lang.InterruptedException
2023-02-23 08:38:37,218 [s2-impl-thread1] INFO  util.JmxRegister (JmxRegister.java:unregister(73)) - Successfully un-registered JMX Bean with object name Ratis:service=RaftServer,group=group-C46A9515A77B,id=s2
2023-02-23 08:38:37,218 [s2-impl-thread1] INFO  impl.RoleInfo (RoleInfo.java:shutdownFollowerState(110)) - s2: shutdown s2@group-C46A9515A77B-FollowerState
2023-02-23 08:38:37,218 [s2-impl-thread1] INFO  impl.StateMachineUpdater (StateMachineUpdater.java:stopAndJoin(154)) - s2@group-C46A9515A77B-StateMachineUpdater: set stopIndex = 0
2023-02-23 08:38:37,221 [grpc-default-executor-2] INFO  server.GrpcServerProtocolService (GrpcServerProtocolService.java:onCompleted(143)) - s0: Completed APPEND_ENTRIES, lastRequest: null
2023-02-23 08:38:37,222 [grpc-default-executor-10] INFO  server.GrpcLogAppender (GrpcLogAppender.java:onCompleted(417)) - s1@group-C46A9515A77B->s0-AppendLogResponseHandler: follower responses appendEntries COMPLETED
2023-02-23 08:38:37,225 [s1-impl-thread1] INFO  impl.StateMachineUpdater (StateMachineUpdater.java:stopAndJoin(154)) - s1@group-C46A9515A77B-StateMachineUpdater: set stopIndex = 0
2023-02-23 08:38:37,224 [s1@group-C46A9515A77B->s2-GrpcLogAppender-LogAppenderDaemon] WARN  server.GrpcLogAppender (GrpcLogAppender.java:mayWait(199)) - s1@group-C46A9515A77B->s2-GrpcLogAppender: Wait interrupted by java.lang.InterruptedException
2023-02-23 08:38:37,228 [grpc-default-executor-9] INFO  server.GrpcServerProtocolService (GrpcServerProtocolService.java:onCompleted(143)) - s2: Completed APPEND_ENTRIES, lastRequest: null
2023-02-23 08:38:37,231 [grpc-default-executor-10] INFO  leader.FollowerInfo (FollowerInfoImpl.java:lambda$new$0(52)) - s1@group-C46A9515A77B->s0: nextIndex: updateUnconditionally 1 -> 0
2023-02-23 08:38:37,234 [s2@group-C46A9515A77B-FollowerState] INFO  impl.FollowerState (FollowerState.java:run(152)) - s2@group-C46A9515A77B-FollowerState was interrupted
2023-02-23 08:38:37,234 [MiniRaftCluster-3] INFO  server.GrpcService (GrpcService.java:closeImpl(311)) - s2: shutdown server org.apache.ratis.grpc.server.GrpcClientProtocolService now
2023-02-23 08:38:37,234 [grpc-default-executor-10] INFO  server.GrpcLogAppender (GrpcLogAppender.java:onCompleted(417)) - s1@group-C46A9515A77B->s2-AppendLogResponseHandler: follower responses appendEntries COMPLETED
2023-02-23 08:38:37,235 [ForkJoinPool.commonPool-worker-3] INFO  server.GrpcServerProtocolClient (GrpcServerProtocolClient.java:close(101)) - s0 Close channels
2023-02-23 08:38:37,238 [grpc-default-executor-10] INFO  leader.FollowerInfo (FollowerInfoImpl.java:lambda$new$0(52)) - s1@group-C46A9515A77B->s2: nextIndex: updateUnconditionally 1 -> 0
2023-02-23 08:38:37,246 [MiniRaftCluster-3] INFO  server.GrpcServerProtocolClient (GrpcServerProtocolClient.java:close(101)) - s0 Close channels
2023-02-23 08:38:37,248 [MiniRaftCluster-1] INFO  server.GrpcServerProtocolClient (GrpcServerProtocolClient.java:close(101)) - s1 Close channels
2023-02-23 08:38:37,251 [MiniRaftCluster-3] INFO  server.GrpcServerProtocolClient (GrpcServerProtocolClient.java:close(101)) - s1 Close channels
2023-02-23 08:38:37,252 [MiniRaftCluster-1] INFO  server.GrpcServerProtocolClient (GrpcServerProtocolClient.java:close(101)) - s2 Close channels
2023-02-23 08:38:37,252 [MiniRaftCluster-3] INFO  server.GrpcService (GrpcService.java:closeImpl(320)) - s2: shutdown server org.apache.ratis.grpc.server.GrpcClientProtocolService successfully
2023-02-23 08:38:37,252 [MiniRaftCluster-3] INFO  server.GrpcService (GrpcService.java:closeImpl(311)) - s2: shutdown server GrpcServerProtocolService now
2023-02-23 08:38:37,254 [MiniRaftCluster-1] INFO  server.GrpcService (GrpcService.java:closeImpl(320)) - s0: shutdown server org.apache.ratis.grpc.server.GrpcClientProtocolService successfully
2023-02-23 08:38:37,254 [MiniRaftCluster-1] INFO  server.GrpcService (GrpcService.java:closeImpl(311)) - s0: shutdown server GrpcServerProtocolService now
2023-02-23 08:38:37,262 [MiniRaftCluster-3] INFO  server.GrpcService (GrpcService.java:closeImpl(320)) - s2: shutdown server GrpcServerProtocolService successfully
2023-02-23 08:38:37,262 [MiniRaftCluster-3] INFO  server.GrpcService (GrpcService.java:closeImpl(311)) - s2: shutdown server org.apache.ratis.grpc.server.GrpcAdminProtocolService now
2023-02-23 08:38:37,263 [MiniRaftCluster-3] INFO  server.GrpcService (GrpcService.java:closeImpl(320)) - s2: shutdown server org.apache.ratis.grpc.server.GrpcAdminProtocolService successfully
2023-02-23 08:38:37,263 [MiniRaftCluster-1] INFO  server.GrpcService (GrpcService.java:closeImpl(320)) - s0: shutdown server GrpcServerProtocolService successfully
2023-02-23 08:38:37,263 [MiniRaftCluster-1] INFO  server.GrpcService (GrpcService.java:closeImpl(311)) - s0: shutdown server org.apache.ratis.grpc.server.GrpcAdminProtocolService now
2023-02-23 08:38:37,264 [grpc-default-executor-10] INFO  server.GrpcLogAppender (GrpcLogAppender.java:onError(406)) - s1@group-C46A9515A77B->s2-GrpcLogAppender is already stopped
2023-02-23 08:38:37,264 [MiniRaftCluster-1] INFO  server.GrpcService (GrpcService.java:closeImpl(320)) - s0: shutdown server org.apache.ratis.grpc.server.GrpcAdminProtocolService successfully
2023-02-23 08:38:37,265 [grpc-default-executor-10] INFO  server.GrpcLogAppender (GrpcLogAppender.java:onError(406)) - s1@group-C46A9515A77B->s0-GrpcLogAppender is already stopped
2023-02-23 08:38:37,266 [ForkJoinPool.commonPool-worker-3] INFO  server.GrpcServerProtocolClient (GrpcServerProtocolClient.java:close(101)) - s2 Close channels
2023-02-23 08:38:37,266 [MiniRaftCluster-2] INFO  server.GrpcService (GrpcService.java:closeImpl(320)) - s1: shutdown server org.apache.ratis.grpc.server.GrpcClientProtocolService successfully
2023-02-23 08:38:37,266 [MiniRaftCluster-2] INFO  server.GrpcService (GrpcService.java:closeImpl(311)) - s1: shutdown server GrpcServerProtocolService now
2023-02-23 08:38:37,267 [MiniRaftCluster-2] INFO  server.GrpcService (GrpcService.java:closeImpl(320)) - s1: shutdown server GrpcServerProtocolService successfully
2023-02-23 08:38:37,267 [MiniRaftCluster-2] INFO  server.GrpcService (GrpcService.java:closeImpl(311)) - s1: shutdown server org.apache.ratis.grpc.server.GrpcAdminProtocolService now
2023-02-23 08:38:37,270 [MiniRaftCluster-2] INFO  server.GrpcService (GrpcService.java:closeImpl(320)) - s1: shutdown server org.apache.ratis.grpc.server.GrpcAdminProtocolService successfully
2023-02-23 08:38:37,327 [grpc-default-executor-2] INFO  server.GrpcServerProtocolService (GrpcServerProtocolService.java:onCompleted(143)) - s2: Completed APPEND_ENTRIES, lastRequest: s1->s2#1-t1,previous=(t:0, i:0),leaderCommit=-1,initializing? true,entries: size=1, first=(t:1, i:0), CONFIGURATIONENTRY(current:id: "s0"
address: "localhost:45389"
dataStreamAddress: "localhost:34109"
clientAddress: "localhost:42569"
adminAddress: "localhost:34011"
startupRole: FOLLOWER
,id: "s1"
address: "localhost:38545"
dataStreamAddress: "localhost:32805"
clientAddress: "localhost:42517"
adminAddress: "localhost:40535"
startupRole: FOLLOWER
,id: "s2"
address: "localhost:41279"
dataStreamAddress: "localhost:39561"
clientAddress: "localhost:38985"
adminAddress: "localhost:33885"
startupRole: FOLLOWER
, old:)
2023-02-23 08:38:37,328 [grpc-default-executor-1] INFO  server.GrpcServerProtocolService (GrpcServerProtocolService.java:onCompleted(143)) - s0: Completed APPEND_ENTRIES, lastRequest: s1->s0#1-t1,previous=(t:0, i:0),leaderCommit=-1,initializing? true,entries: size=1, first=(t:1, i:0), CONFIGURATIONENTRY(current:id: "s0"
address: "localhost:45389"
dataStreamAddress: "localhost:34109"
clientAddress: "localhost:42569"
adminAddress: "localhost:34011"
startupRole: FOLLOWER
,id: "s1"
address: "localhost:38545"
dataStreamAddress: "localhost:32805"
clientAddress: "localhost:42517"
adminAddress: "localhost:40535"
startupRole: FOLLOWER
,id: "s2"
address: "localhost:41279"
dataStreamAddress: "localhost:39561"
clientAddress: "localhost:38985"
adminAddress: "localhost:33885"
startupRole: FOLLOWER
, old:)
2023-02-23 08:38:37,764 [s0-impl-thread1] INFO  segmented.SegmentedRaftLogWorker (SegmentedRaftLogWorker.java:close(242)) - s0@group-C46A9515A77B-SegmentedRaftLogWorker close()
2023-02-23 08:38:37,766 [JvmPauseMonitor0] INFO  util.JvmPauseMonitor (JvmPauseMonitor.java:run(109)) - JvmPauseMonitor-s0: Stopped
2023-02-23 08:38:37,768 [s1-impl-thread1] INFO  segmented.SegmentedRaftLogWorker (SegmentedRaftLogWorker.java:close(242)) - s1@group-C46A9515A77B-SegmentedRaftLogWorker close()
2023-02-23 08:38:37,768 [JvmPauseMonitor1] INFO  util.JvmPauseMonitor (JvmPauseMonitor.java:run(109)) - JvmPauseMonitor-s1: Stopped
2023-02-23 08:38:37,773 [s2-impl-thread1] INFO  segmented.SegmentedRaftLogWorker (SegmentedRaftLogWorker.java:close(242)) - s2@group-C46A9515A77B-SegmentedRaftLogWorker close()
2023-02-23 08:38:37,775 [JvmPauseMonitor2] INFO  util.JvmPauseMonitor (JvmPauseMonitor.java:run(109)) - JvmPauseMonitor-s2: Stopped
2023-02-23 08:38:37,776 [Time-limited test] INFO  impl.MiniRaftCluster (MiniRaftCluster.java:shutdown(855)) - MiniRaftClusterWithGrpc shutdown completed
]]></system-out>
  </testcase>
  <testcase name="testElectionStepDownCommand" classname="org.apache.ratis.grpc.cli.TestElectionCommandIntegrationWithGrpc" time="1.381"/>
  <testcase name="testElectionTransferCommandToHigherPriority" classname="org.apache.ratis.grpc.cli.TestElectionCommandIntegrationWithGrpc" time="3.324"/>
  <testcase name="testElectionPauseResumeCommand" classname="org.apache.ratis.grpc.cli.TestElectionCommandIntegrationWithGrpc" time="2.05"/>
</testsuite>