<?xml version="1.0" encoding="UTF-8"?>
<testsuite xmlns:xsi="http://www.w3.org/2001/XMLSchema-instance" xsi:noNamespaceSchemaLocation="https://maven.apache.org/surefire/maven-surefire-plugin/xsd/surefire-test-report.xsd" name="org.apache.ratis.grpc.TestLeaderInstallSnapshot" time="15.446" tests="4" errors="0" skipped="0" failures="1">
  <properties>
    <property name="awt.toolkit" value="sun.awt.X11.XToolkit"/>
    <property name="java.specification.version" value="11"/>
    <property name="sun.cpu.isalist" value=""/>
    <property name="sun.jnu.encoding" value="UTF-8"/>
    <property name="java.class.path" value="/home/runner/work/ratis/ratis/ratis-test/target/test-classes:/home/runner/work/ratis/ratis/ratis-test/target/classes:/home/runner/work/ratis/ratis/ratis-common/target/classes:/home/runner/.m2/repository/org/apache/ratis/ratis-thirdparty-misc/1.0.3/ratis-thirdparty-misc-1.0.3.jar:/home/runner/work/ratis/ratis/ratis-proto/target/ratis-proto-3.0.0-SNAPSHOT.jar:/home/runner/work/ratis/ratis/ratis-common/target/test-classes:/home/runner/work/ratis/ratis/ratis-client/target/classes:/home/runner/work/ratis/ratis/ratis-server/target/classes:/home/runner/work/ratis/ratis/ratis-server-api/target/classes:/home/runner/work/ratis/ratis/ratis-metrics-api/target/classes:/home/runner/work/ratis/ratis/ratis-server/target/test-classes:/home/runner/work/ratis/ratis/ratis-metrics-default/target/classes:/home/runner/work/ratis/ratis/ratis-netty/target/classes:/home/runner/work/ratis/ratis/ratis-netty/target/test-classes:/home/runner/work/ratis/ratis/ratis-grpc/target/classes:/home/runner/work/ratis/ratis/ratis-grpc/target/test-classes:/home/runner/work/ratis/ratis/ratis-shell/target/classes:/home/runner/.m2/repository/commons-cli/commons-cli/1.5.0/commons-cli-1.5.0.jar:/home/runner/.m2/repository/org/reflections/reflections/0.10.2/reflections-0.10.2.jar:/home/runner/.m2/repository/org/javassist/javassist/3.28.0-GA/javassist-3.28.0-GA.jar:/home/runner/.m2/repository/com/google/code/findbugs/jsr305/3.0.2/jsr305-3.0.2.jar:/home/runner/.m2/repository/org/bouncycastle/bcprov-jdk15on/1.70/bcprov-jdk15on-1.70.jar:/home/runner/.m2/repository/org/bouncycastle/bcpkix-jdk15on/1.70/bcpkix-jdk15on-1.70.jar:/home/runner/.m2/repository/org/bouncycastle/bcutil-jdk15on/1.70/bcutil-jdk15on-1.70.jar:/home/runner/.m2/repository/org/slf4j/slf4j-api/1.7.36/slf4j-api-1.7.36.jar:/home/runner/.m2/repository/org/slf4j/slf4j-reload4j/1.7.36/slf4j-reload4j-1.7.36.jar:/home/runner/.m2/repository/ch/qos/reload4j/reload4j/1.2.19/reload4j-1.2.19.jar:/home/runner/.m2/repository/junit/junit/4.13.2/junit-4.13.2.jar:/home/runner/.m2/repository/org/hamcrest/hamcrest-core/1.3/hamcrest-core-1.3.jar:/home/runner/.m2/repository/org/mockito/mockito-core/4.3.1/mockito-core-4.3.1.jar:/home/runner/.m2/repository/net/bytebuddy/byte-buddy/1.12.7/byte-buddy-1.12.7.jar:/home/runner/.m2/repository/net/bytebuddy/byte-buddy-agent/1.12.7/byte-buddy-agent-1.12.7.jar:/home/runner/.m2/repository/org/objenesis/objenesis/3.2/objenesis-3.2.jar:"/>
    <property name="java.vm.vendor" value="Eclipse Adoptium"/>
    <property name="sun.arch.data.model" value="64"/>
    <property name="java.vendor.url" value="https://adoptium.net/"/>
    <property name="user.timezone" value=""/>
    <property name="java.vm.specification.version" value="11"/>
    <property name="os.name" value="Linux"/>
    <property name="sun.java.launcher" value="SUN_STANDARD"/>
    <property name="sun.boot.library.path" value="/usr/lib/jvm/temurin-11-jdk-amd64/lib"/>
    <property name="sun.java.command" value="/home/runner/work/ratis/ratis/ratis-test/target/surefire/surefirebooter16763973274405919216.jar /home/runner/work/ratis/ratis/ratis-test/target/surefire 2023-02-23T08-33-17_647-jvmRun1 surefire702022821263006938tmp surefire_21532438610136669020tmp"/>
    <property name="jdk.debug" value="release"/>
    <property name="surefire.test.class.path" value="/home/runner/work/ratis/ratis/ratis-test/target/test-classes:/home/runner/work/ratis/ratis/ratis-test/target/classes:/home/runner/work/ratis/ratis/ratis-common/target/classes:/home/runner/.m2/repository/org/apache/ratis/ratis-thirdparty-misc/1.0.3/ratis-thirdparty-misc-1.0.3.jar:/home/runner/work/ratis/ratis/ratis-proto/target/ratis-proto-3.0.0-SNAPSHOT.jar:/home/runner/work/ratis/ratis/ratis-common/target/test-classes:/home/runner/work/ratis/ratis/ratis-client/target/classes:/home/runner/work/ratis/ratis/ratis-server/target/classes:/home/runner/work/ratis/ratis/ratis-server-api/target/classes:/home/runner/work/ratis/ratis/ratis-metrics-api/target/classes:/home/runner/work/ratis/ratis/ratis-server/target/test-classes:/home/runner/work/ratis/ratis/ratis-metrics-default/target/classes:/home/runner/work/ratis/ratis/ratis-netty/target/classes:/home/runner/work/ratis/ratis/ratis-netty/target/test-classes:/home/runner/work/ratis/ratis/ratis-grpc/target/classes:/home/runner/work/ratis/ratis/ratis-grpc/target/test-classes:/home/runner/work/ratis/ratis/ratis-shell/target/classes:/home/runner/.m2/repository/commons-cli/commons-cli/1.5.0/commons-cli-1.5.0.jar:/home/runner/.m2/repository/org/reflections/reflections/0.10.2/reflections-0.10.2.jar:/home/runner/.m2/repository/org/javassist/javassist/3.28.0-GA/javassist-3.28.0-GA.jar:/home/runner/.m2/repository/com/google/code/findbugs/jsr305/3.0.2/jsr305-3.0.2.jar:/home/runner/.m2/repository/org/bouncycastle/bcprov-jdk15on/1.70/bcprov-jdk15on-1.70.jar:/home/runner/.m2/repository/org/bouncycastle/bcpkix-jdk15on/1.70/bcpkix-jdk15on-1.70.jar:/home/runner/.m2/repository/org/bouncycastle/bcutil-jdk15on/1.70/bcutil-jdk15on-1.70.jar:/home/runner/.m2/repository/org/slf4j/slf4j-api/1.7.36/slf4j-api-1.7.36.jar:/home/runner/.m2/repository/org/slf4j/slf4j-reload4j/1.7.36/slf4j-reload4j-1.7.36.jar:/home/runner/.m2/repository/ch/qos/reload4j/reload4j/1.2.19/reload4j-1.2.19.jar:/home/runner/.m2/repository/junit/junit/4.13.2/junit-4.13.2.jar:/home/runner/.m2/repository/org/hamcrest/hamcrest-core/1.3/hamcrest-core-1.3.jar:/home/runner/.m2/repository/org/mockito/mockito-core/4.3.1/mockito-core-4.3.1.jar:/home/runner/.m2/repository/net/bytebuddy/byte-buddy/1.12.7/byte-buddy-1.12.7.jar:/home/runner/.m2/repository/net/bytebuddy/byte-buddy-agent/1.12.7/byte-buddy-agent-1.12.7.jar:/home/runner/.m2/repository/org/objenesis/objenesis/3.2/objenesis-3.2.jar:"/>
    <property name="sun.cpu.endian" value="little"/>
    <property name="user.home" value="/home/runner"/>
    <property name="user.language" value="en"/>
    <property name="java.specification.vendor" value="Oracle Corporation"/>
    <property name="java.version.date" value="2023-01-17"/>
    <property name="java.home" value="/usr/lib/jvm/temurin-11-jdk-amd64"/>
    <property name="file.separator" value="/"/>
    <property name="basedir" value="/home/runner/work/ratis/ratis/ratis-test"/>
    <property name="java.vm.compressedOopsMode" value="32-bit"/>
    <property name="line.separator" value="&#10;"/>
    <property name="java.specification.name" value="Java Platform API Specification"/>
    <property name="java.vm.specification.vendor" value="Oracle Corporation"/>
    <property name="java.awt.graphicsenv" value="sun.awt.X11GraphicsEnvironment"/>
    <property name="surefire.real.class.path" value="/home/runner/work/ratis/ratis/ratis-test/target/surefire/surefirebooter16763973274405919216.jar"/>
    <property name="sun.management.compiler" value="HotSpot 64-Bit Tiered Compilers"/>
    <property name="java.runtime.version" value="11.0.18+10"/>
    <property name="user.name" value="runner"/>
    <property name="java.net.preferIPv4Stack" value="true"/>
    <property name="path.separator" value=":"/>
    <property name="os.version" value="5.15.0-1033-azure"/>
    <property name="java.runtime.name" value="OpenJDK Runtime Environment"/>
    <property name="file.encoding" value="UTF-8"/>
    <property name="java.vm.name" value="OpenJDK 64-Bit Server VM"/>
    <property name="java.vendor.version" value="Temurin-11.0.18+10"/>
    <property name="localRepository" value="/home/runner/.m2/repository"/>
    <property name="java.vendor.url.bug" value="https://github.com/adoptium/adoptium-support/issues"/>
    <property name="java.io.tmpdir" value="/tmp"/>
    <property name="java.version" value="11.0.18"/>
    <property name="user.dir" value="/home/runner/work/ratis/ratis/ratis-test"/>
    <property name="os.arch" value="amd64"/>
    <property name="ratis.tmp.dir" value="/home/runner/work/ratis/ratis/ratis-test/target/tmp"/>
    <property name="java.vm.specification.name" value="Java Virtual Machine Specification"/>
    <property name="java.awt.printerjob" value="sun.print.PSPrinterJob"/>
    <property name="ratis.log.dir" value="/home/runner/work/ratis/ratis/ratis-test/target/log"/>
    <property name="sun.os.patch.level" value="unknown"/>
    <property name="java.library.path" value="/usr/java/packages/lib:/usr/lib64:/lib64:/lib:/usr/lib"/>
    <property name="java.vm.info" value="mixed mode"/>
    <property name="java.vendor" value="Eclipse Adoptium"/>
    <property name="java.vm.version" value="11.0.18+10"/>
    <property name="sun.io.unicode.encoding" value="UnicodeLittle"/>
    <property name="java.class.version" value="55.0"/>
  </properties>
  <testcase name="testMultiFileInstallSnapshot[0]" classname="org.apache.ratis.grpc.TestLeaderInstallSnapshot" time="4.449"/>
  <testcase name="testSeparateSnapshotInstallPath[0]" classname="org.apache.ratis.grpc.TestLeaderInstallSnapshot" time="2.265"/>
  <testcase name="testMultiFileInstallSnapshot[1]" classname="org.apache.ratis.grpc.TestLeaderInstallSnapshot" time="2.32"/>
  <testcase name="testSeparateSnapshotInstallPath[1]" classname="org.apache.ratis.grpc.TestLeaderInstallSnapshot" time="6.184">
    <failure type="java.lang.AssertionError">java.lang.AssertionError
	at org.junit.Assert.fail(Assert.java:87)
	at org.junit.Assert.assertTrue(Assert.java:42)
	at org.junit.Assert.assertNotNull(Assert.java:713)
	at org.junit.Assert.assertNotNull(Assert.java:723)
	at org.apache.ratis.InstallSnapshotFromLeaderTests.testMultiFileInstallSnapshot(InstallSnapshotFromLeaderTests.java:121)
	at org.apache.ratis.server.impl.MiniRaftCluster$Factory$Get.runWithNewCluster(MiniRaftCluster.java:141)
	at org.apache.ratis.server.impl.MiniRaftCluster$Factory$Get.runWithNewCluster(MiniRaftCluster.java:121)
	at org.apache.ratis.InstallSnapshotFromLeaderTests.testSeparateSnapshotInstallPath(InstallSnapshotFromLeaderTests.java:86)
	at java.base/jdk.internal.reflect.NativeMethodAccessorImpl.invoke0(Native Method)
	at java.base/jdk.internal.reflect.NativeMethodAccessorImpl.invoke(NativeMethodAccessorImpl.java:62)
	at java.base/jdk.internal.reflect.DelegatingMethodAccessorImpl.invoke(DelegatingMethodAccessorImpl.java:43)
	at java.base/java.lang.reflect.Method.invoke(Method.java:566)
	at org.junit.runners.model.FrameworkMethod$1.runReflectiveCall(FrameworkMethod.java:59)
	at org.junit.internal.runners.model.ReflectiveCallable.run(ReflectiveCallable.java:12)
	at org.junit.runners.model.FrameworkMethod.invokeExplosively(FrameworkMethod.java:56)
	at org.junit.internal.runners.statements.InvokeMethod.evaluate(InvokeMethod.java:17)
	at org.junit.internal.runners.statements.RunAfters.evaluate(RunAfters.java:27)
	at org.junit.internal.runners.statements.FailOnTimeout$CallableStatement.call(FailOnTimeout.java:299)
	at org.junit.internal.runners.statements.FailOnTimeout$CallableStatement.call(FailOnTimeout.java:293)
	at java.base/java.util.concurrent.FutureTask.run(FutureTask.java:264)
	at java.base/java.lang.Thread.run(Thread.java:829)
</failure>
    <system-out><![CDATA[2023-02-23 08:35:22,817 [main] INFO  util.LogUtils (Slf4jUtils.java:setLogLevel(38)) - Successfully set org.apache.ratis.conf.ConfUtils log level to WARN
2023-02-23 08:35:22,818 [main] INFO  util.LogUtils (Slf4jUtils.java:setLogLevel(38)) - Successfully set org.apache.ratis.util.FileUtils log level to TRACE
2023-02-23 08:35:22,818 [Time-limited test] INFO  impl.MiniRaftCluster (MiniRaftCluster.java:runWithNewCluster(135)) - Running runWithNewCluster
2023-02-23 08:35:22,819 [Time-limited test] INFO  impl.MiniRaftCluster (MiniRaftCluster.java:<init>(306)) - new MiniRaftClusterWithGrpc with group-CE97570DA9AE:[s0|rpc:localhost:44149|admin:localhost:35639|client:localhost:44385|dataStream:localhost:43229|priority:0|startupRole:FOLLOWER]
2023-02-23 08:35:22,819 [Time-limited test] INFO  impl.MiniRaftCluster (MiniRaftCluster.java:start(339)) - .............................................................. 
2023-02-23 08:35:22,819 [Time-limited test] INFO  impl.MiniRaftCluster (MiniRaftCluster.java:start(340)) - ... 
2023-02-23 08:35:22,819 [Time-limited test] INFO  impl.MiniRaftCluster (MiniRaftCluster.java:start(341)) - ...     Starting MiniRaftClusterWithGrpc
2023-02-23 08:35:22,819 [Time-limited test] INFO  impl.MiniRaftCluster (MiniRaftCluster.java:start(342)) - ... 
2023-02-23 08:35:22,819 [Time-limited test] INFO  impl.MiniRaftCluster (MiniRaftCluster.java:start(343)) - .............................................................. 
2023-02-23 08:35:22,819 [Time-limited test] INFO  impl.MiniRaftCluster (MiniRaftCluster.java:initServers(318)) - servers = {}
2023-02-23 08:35:22,819 [Time-limited test] INFO  impl.MiniRaftCluster (MiniRaftCluster.java:newRaftServer(382)) - newRaftServer: s0, group-CE97570DA9AE:[s0|rpc:localhost:44149|admin:localhost:35639|client:localhost:44385|dataStream:localhost:43229|priority:0|startupRole:FOLLOWER], format? true
2023-02-23 08:35:22,819 [Time-limited test] TRACE util.FileUtils (FileUtils.java:deleteFully(201)) - deleteFully target/test/data/98de01a3/MiniRaftClusterWithGrpcd59d23fd/s0
2023-02-23 08:35:22,819 [Time-limited test] TRACE util.FileUtils (FileUtils.java:deleteFully(217)) - deleteFully: target/test/data/98de01a3/MiniRaftClusterWithGrpcd59d23fd/s0 does not exist.
2023-02-23 08:35:22,819 [Time-limited test] INFO  impl.MiniRaftCluster (MiniRaftCluster.java:newRaftServer(387)) - Formatted directory target/test/data/98de01a3/MiniRaftClusterWithGrpcd59d23fd/s0
2023-02-23 08:35:22,820 [Time-limited test] INFO  server.RaftServer (ConfUtils.java:logGet(46)) - raft.rpc.type = GRPC (default)
2023-02-23 08:35:22,820 [Time-limited test] INFO  grpc.GrpcConfigKeys (ConfUtils.java:logFallback(53)) - raft.grpc.admin.host = null (fallback to raft.grpc.server.host)
2023-02-23 08:35:22,820 [Time-limited test] INFO  grpc.GrpcConfigKeys (ConfUtils.java:logGet(46)) - raft.grpc.admin.port = 35639 (custom)
2023-02-23 08:35:22,820 [Time-limited test] INFO  grpc.GrpcConfigKeys (ConfUtils.java:logFallback(53)) - raft.grpc.client.host = null (fallback to raft.grpc.server.host)
2023-02-23 08:35:22,821 [Time-limited test] INFO  grpc.GrpcConfigKeys (ConfUtils.java:logGet(46)) - raft.grpc.client.port = 44385 (custom)
2023-02-23 08:35:22,821 [Time-limited test] INFO  grpc.GrpcConfigKeys (ConfUtils.java:logGet(46)) - raft.grpc.server.host = null (default)
2023-02-23 08:35:22,821 [Time-limited test] INFO  grpc.GrpcConfigKeys (ConfUtils.java:logGet(46)) - raft.grpc.server.port = 44149 (custom)
2023-02-23 08:35:22,821 [Time-limited test] INFO  server.GrpcService (ConfUtils.java:logGet(46)) - raft.grpc.message.size.max = 64MB (=67108864) (default)
2023-02-23 08:35:22,821 [Time-limited test] INFO  server.RaftServerConfigKeys (ConfUtils.java:logGet(46)) - raft.server.log.appender.buffer.byte-limit = 4MB (=4194304) (default)
2023-02-23 08:35:22,821 [Time-limited test] INFO  server.GrpcService (ConfUtils.java:logGet(46)) - raft.grpc.flow.control.window = 1MB (=1048576) (default)
2023-02-23 08:35:22,821 [Time-limited test] INFO  server.RaftServerConfigKeys (ConfUtils.java:logGet(46)) - raft.server.rpc.request.timeout = 3000ms (default)
2023-02-23 08:35:22,821 [Time-limited test] INFO  grpc.GrpcConfigKeys (ConfUtils.java:logGet(46)) - raft.grpc.server.heartbeat.channel = true (default)
2023-02-23 08:35:22,821 [Time-limited test] INFO  grpc.GrpcConfigKeys (ConfUtils.java:logGet(46)) - raft.grpc.server.async.request.thread.pool.cached = true (default)
2023-02-23 08:35:22,821 [Time-limited test] INFO  grpc.GrpcConfigKeys (ConfUtils.java:logGet(46)) - raft.grpc.server.async.request.thread.pool.size = 32 (default)
2023-02-23 08:35:22,824 [Time-limited test] INFO  impl.DataStreamServerImpl (ConfUtils.java:logGet(46)) - raft.datastream.type = DISABLED (default)
2023-02-23 08:35:22,824 [Time-limited test] INFO  server.RaftServerConfigKeys (ConfUtils.java:logGet(46)) - raft.server.threadpool.proxy.cached = true (default)
2023-02-23 08:35:22,824 [Time-limited test] INFO  server.RaftServerConfigKeys (ConfUtils.java:logGet(46)) - raft.server.threadpool.proxy.size = 0 (default)
2023-02-23 08:35:22,824 [Time-limited test] INFO  server.RaftServerConfigKeys (ConfUtils.java:logGet(46)) - raft.server.rpc.slowness.timeout = 60s (default)
2023-02-23 08:35:22,824 [Time-limited test] INFO  server.RaftServerConfigKeys (ConfUtils.java:logGet(46)) - raft.server.leaderelection.leader.step-down.wait-time = 10s (default)
2023-02-23 08:35:22,824 [Time-limited test] INFO  server.RaftServerConfigKeys (ConfUtils.java:logGet(46)) - raft.server.storage.dir = [/home/runner/work/ratis/ratis/ratis-test/target/test/data/98de01a3/MiniRaftClusterWithGrpcd59d23fd/s0] (custom)
2023-02-23 08:35:22,825 [Time-limited test] INFO  server.RaftServer (RaftServerProxy.java:addNew(99)) - s0: addNew group-CE97570DA9AE:[s0|rpc:localhost:44149|admin:localhost:35639|client:localhost:44385|dataStream:localhost:43229|priority:0|startupRole:FOLLOWER] returns group-CE97570DA9AE:java.util.concurrent.CompletableFuture@634d9f4c[Not completed]
2023-02-23 08:35:22,825 [s0-groupManagement] INFO  server.RaftServerConfigKeys (ConfUtils.java:logGet(46)) - raft.server.log.segment.size.max = 8MB (=8388608) (default)
2023-02-23 08:35:22,825 [s0-groupManagement] INFO  server.RaftServerConfigKeys (ConfUtils.java:logGet(46)) - raft.server.log.preallocated.size = 4MB (=4194304) (default)
2023-02-23 08:35:22,825 [s0-groupManagement] INFO  server.RaftServerConfigKeys (ConfUtils.java:logGet(46)) - raft.server.log.write.buffer.size = 64KB (=65536) (default)
2023-02-23 08:35:22,825 [s0-groupManagement] INFO  server.RaftServer$Division (RaftServerImpl.java:<init>(198)) - s0: new RaftServerImpl for group-CE97570DA9AE:[s0|rpc:localhost:44149|admin:localhost:35639|client:localhost:44385|dataStream:localhost:43229|priority:0|startupRole:FOLLOWER] with StateMachineWithSeparatedSnapshotPath:uninitialized
2023-02-23 08:35:22,825 [s0-groupManagement] INFO  server.RaftServerConfigKeys (ConfUtils.java:logGet(46)) - raft.server.rpc.timeout.min = 150ms (default)
2023-02-23 08:35:22,827 [s0-groupManagement] INFO  server.RaftServerConfigKeys (ConfUtils.java:logGet(46)) - raft.server.rpc.timeout.max = 300ms (default)
2023-02-23 08:35:22,827 [s0-groupManagement] INFO  server.RaftServerConfigKeys (ConfUtils.java:logGet(46)) - raft.server.rpc.sleep.time = 25ms (default)
2023-02-23 08:35:22,827 [s0-groupManagement] INFO  server.RaftServerConfigKeys (ConfUtils.java:logGet(46)) - raft.server.rpc.slowness.timeout = 60s (default)
2023-02-23 08:35:22,827 [s0-groupManagement] INFO  server.RaftServerConfigKeys (ConfUtils.java:logGet(46)) - raft.server.leaderelection.leader.step-down.wait-time = 10s (default)
2023-02-23 08:35:22,827 [s0-groupManagement] INFO  server.RaftServerConfigKeys (ConfUtils.java:logGet(46)) - raft.server.sleep.deviation.threshold = 300ms (default)
2023-02-23 08:35:22,830 [s0-groupManagement] INFO  server.RaftServer$Division (ServerState.java:<init>(113)) - s0@group-CE97570DA9AE: ConfigurationManager, init=-1: peers:[s0|rpc:localhost:44149|admin:localhost:35639|client:localhost:44385|dataStream:localhost:43229|priority:0|startupRole:FOLLOWER]|listeners:[], old=null, confs=<EMPTY_MAP>
2023-02-23 08:35:22,830 [s0-groupManagement] INFO  server.RaftServerConfigKeys (ConfUtils.java:logGet(46)) - raft.server.notification.no-leader.timeout = 60s (default)
2023-02-23 08:35:22,830 [s0-groupManagement] INFO  server.RaftServerConfigKeys (ConfUtils.java:logGet(46)) - raft.server.read.timeout = 10s (default)
2023-02-23 08:35:22,830 [s0-groupManagement] INFO  server.RaftServerConfigKeys (ConfUtils.java:logGet(46)) - raft.server.retrycache.expirytime = 60s (default)
2023-02-23 08:35:22,830 [s0-groupManagement] INFO  server.RaftServerConfigKeys (ConfUtils.java:logGet(46)) - raft.server.retrycache.statistics.expirytime = 100μs (default)
2023-02-23 08:35:22,830 [s0-groupManagement] INFO  server.RaftServerConfigKeys (ConfUtils.java:logGet(46)) - raft.server.read.option = DEFAULT (default)
2023-02-23 08:35:22,832 [s0-groupManagement] INFO  server.RaftServerConfigKeys (ConfUtils.java:logGet(46)) - raft.server.log.appender.install.snapshot.enabled = true (default)
2023-02-23 08:35:22,832 [s0-groupManagement] INFO  server.RaftServerConfigKeys (ConfUtils.java:logGet(46)) - raft.server.threadpool.server.cached = true (default)
2023-02-23 08:35:22,832 [s0-groupManagement] INFO  server.RaftServerConfigKeys (ConfUtils.java:logGet(46)) - raft.server.threadpool.server.size = 0 (default)
2023-02-23 08:35:22,832 [s0-groupManagement] INFO  server.RaftServerConfigKeys (ConfUtils.java:logGet(46)) - raft.server.threadpool.client.cached = true (default)
2023-02-23 08:35:22,832 [s0-groupManagement] INFO  server.RaftServerConfigKeys (ConfUtils.java:logGet(46)) - raft.server.threadpool.client.size = 0 (default)
2023-02-23 08:35:22,832 [s0-impl-thread1] INFO  server.RaftServerConfigKeys (ConfUtils.java:logGet(46)) - raft.server.storage.free-space.min = 0MB (=0) (default)
2023-02-23 08:35:22,832 [s0-impl-thread1] INFO  server.RaftServerConfigKeys (ConfUtils.java:logGet(46)) - raft.server.log.corruption.policy = EXCEPTION (default)
2023-02-23 08:35:22,832 [s0-impl-thread1] INFO  server.RaftServerConfigKeys (ConfUtils.java:logGet(46)) - raft.server.storage.dir = [/home/runner/work/ratis/ratis/ratis-test/target/test/data/98de01a3/MiniRaftClusterWithGrpcd59d23fd/s0] (custom)
2023-02-23 08:35:22,833 [s0-impl-thread1] INFO  storage.RaftStorageDirectory (RaftStorageDirectoryImpl.java:analyzeStorage(138)) - The storage directory /home/runner/work/ratis/ratis/ratis-test/target/test/data/98de01a3/MiniRaftClusterWithGrpcd59d23fd/s0/6d778973-fe73-4818-86b5-ce97570da9ae does not exist. Creating ...
2023-02-23 08:35:22,833 [s0-impl-thread1] TRACE util.FileUtils (LogUtils.java:runAndLog(49)) - Successfully ran Files.createDirectories /home/runner/work/ratis/ratis/ratis-test/target/test/data/98de01a3/MiniRaftClusterWithGrpcd59d23fd/s0/6d778973-fe73-4818-86b5-ce97570da9ae
2023-02-23 08:35:22,835 [s0-impl-thread1] INFO  storage.RaftStorageDirectory (RaftStorageDirectoryImpl.java:tryLock(232)) - Lock on /home/runner/work/ratis/ratis/ratis-test/target/test/data/98de01a3/MiniRaftClusterWithGrpcd59d23fd/s0/6d778973-fe73-4818-86b5-ce97570da9ae/in_use.lock acquired by nodename 3101@fv-az264-150
2023-02-23 08:35:22,835 [s0-impl-thread1] TRACE util.FileUtils (LogUtils.java:runAndLog(49)) - Successfully ran Files.createDirectories /home/runner/work/ratis/ratis/ratis-test/target/test/data/98de01a3/MiniRaftClusterWithGrpcd59d23fd/s0/6d778973-fe73-4818-86b5-ce97570da9ae/current
2023-02-23 08:35:22,836 [s0-impl-thread1] TRACE util.FileUtils (LogUtils.java:runAndLog(49)) - Successfully ran Files.createDirectories /home/runner/work/ratis/ratis/ratis-test/target/test/data/98de01a3/MiniRaftClusterWithGrpcd59d23fd/s0/6d778973-fe73-4818-86b5-ce97570da9ae/sm
2023-02-23 08:35:22,837 [s0-impl-thread1] INFO  storage.RaftStorage (RaftStorageImpl.java:format(96)) - Storage directory /home/runner/work/ratis/ratis/ratis-test/target/test/data/98de01a3/MiniRaftClusterWithGrpcd59d23fd/s0/6d778973-fe73-4818-86b5-ce97570da9ae has been successfully formatted.
2023-02-23 08:35:22,838 [s0-impl-thread1] INFO  impl.SimpleStateMachine4Testing (SimpleStateMachine4Testing.java:initialize(213)) - Initializing StateMachineWithSeparatedSnapshotPath:uninitialized
2023-02-23 08:35:22,838 [s0-impl-thread1] INFO  impl.SimpleStateMachine4Testing (SimpleStateMachine4Testing.java:loadSnapshot(293)) - Loading snapshot null
2023-02-23 08:35:22,838 [s0-impl-thread1] TRACE util.FileUtils (FileUtils.java:deleteFully(201)) - deleteFully /tmp/ratis-tests/statemachine/s0
2023-02-23 08:35:22,838 [s0-impl-thread1] TRACE util.FileUtils (LogUtils.java:runAndLog(49)) - Successfully ran Files.delete /tmp/ratis-tests/statemachine/s0/tmp
2023-02-23 08:35:22,839 [s0-impl-thread1] TRACE util.FileUtils (LogUtils.java:runAndLog(49)) - Successfully ran Files.delete /tmp/ratis-tests/statemachine/s0/snapshot/1_127/deer
2023-02-23 08:35:22,839 [s0-impl-thread1] TRACE util.FileUtils (LogUtils.java:runAndLog(49)) - Successfully ran Files.delete /tmp/ratis-tests/statemachine/s0/snapshot/1_127/loves
2023-02-23 08:35:22,839 [s0-impl-thread1] TRACE util.FileUtils (LogUtils.java:runAndLog(49)) - Successfully ran Files.delete /tmp/ratis-tests/statemachine/s0/snapshot/1_127/vegetable
2023-02-23 08:35:22,839 [s0-impl-thread1] TRACE util.FileUtils (LogUtils.java:runAndLog(49)) - Successfully ran Files.delete /tmp/ratis-tests/statemachine/s0/snapshot/1_127
2023-02-23 08:35:22,839 [s0-impl-thread1] TRACE util.FileUtils (LogUtils.java:runAndLog(49)) - Successfully ran Files.delete /tmp/ratis-tests/statemachine/s0/snapshot/1_63/deer
2023-02-23 08:35:22,839 [s0-impl-thread1] TRACE util.FileUtils (LogUtils.java:runAndLog(49)) - Successfully ran Files.delete /tmp/ratis-tests/statemachine/s0/snapshot/1_63/loves
2023-02-23 08:35:22,839 [s0-impl-thread1] TRACE util.FileUtils (LogUtils.java:runAndLog(49)) - Successfully ran Files.delete /tmp/ratis-tests/statemachine/s0/snapshot/1_63/vegetable
2023-02-23 08:35:22,839 [s0-impl-thread1] TRACE util.FileUtils (LogUtils.java:runAndLog(49)) - Successfully ran Files.delete /tmp/ratis-tests/statemachine/s0/snapshot/1_63
2023-02-23 08:35:22,839 [s0-impl-thread1] TRACE util.FileUtils (LogUtils.java:runAndLog(49)) - Successfully ran Files.delete /tmp/ratis-tests/statemachine/s0/snapshot/1_191/deer
2023-02-23 08:35:22,839 [s0-impl-thread1] TRACE util.FileUtils (LogUtils.java:runAndLog(49)) - Successfully ran Files.delete /tmp/ratis-tests/statemachine/s0/snapshot/1_191/loves
2023-02-23 08:35:22,840 [s0-impl-thread1] TRACE util.FileUtils (LogUtils.java:runAndLog(49)) - Successfully ran Files.delete /tmp/ratis-tests/statemachine/s0/snapshot/1_191/vegetable
2023-02-23 08:35:22,840 [s0-impl-thread1] TRACE util.FileUtils (LogUtils.java:runAndLog(49)) - Successfully ran Files.delete /tmp/ratis-tests/statemachine/s0/snapshot/1_191
2023-02-23 08:35:22,840 [s0-impl-thread1] TRACE util.FileUtils (LogUtils.java:runAndLog(49)) - Successfully ran Files.delete /tmp/ratis-tests/statemachine/s0/snapshot/1_255/deer
2023-02-23 08:35:22,840 [s0-impl-thread1] TRACE util.FileUtils (LogUtils.java:runAndLog(49)) - Successfully ran Files.delete /tmp/ratis-tests/statemachine/s0/snapshot/1_255/loves
2023-02-23 08:35:22,840 [s0-impl-thread1] TRACE util.FileUtils (LogUtils.java:runAndLog(49)) - Successfully ran Files.delete /tmp/ratis-tests/statemachine/s0/snapshot/1_255/vegetable
2023-02-23 08:35:22,840 [s0-impl-thread1] TRACE util.FileUtils (LogUtils.java:runAndLog(49)) - Successfully ran Files.delete /tmp/ratis-tests/statemachine/s0/snapshot/1_255
2023-02-23 08:35:22,840 [s0-impl-thread1] TRACE util.FileUtils (LogUtils.java:runAndLog(49)) - Successfully ran Files.delete /tmp/ratis-tests/statemachine/s0/snapshot/1_258/deer
2023-02-23 08:35:22,840 [s0-impl-thread1] TRACE util.FileUtils (LogUtils.java:runAndLog(49)) - Successfully ran Files.delete /tmp/ratis-tests/statemachine/s0/snapshot/1_258/loves
2023-02-23 08:35:22,840 [s0-impl-thread1] TRACE util.FileUtils (LogUtils.java:runAndLog(49)) - Successfully ran Files.delete /tmp/ratis-tests/statemachine/s0/snapshot/1_258/vegetable
2023-02-23 08:35:22,841 [s0-impl-thread1] TRACE util.FileUtils (LogUtils.java:runAndLog(49)) - Successfully ran Files.delete /tmp/ratis-tests/statemachine/s0/snapshot/1_258
2023-02-23 08:35:22,841 [s0-impl-thread1] TRACE util.FileUtils (LogUtils.java:runAndLog(49)) - Successfully ran Files.delete /tmp/ratis-tests/statemachine/s0/snapshot
2023-02-23 08:35:22,841 [s0-impl-thread1] TRACE util.FileUtils (LogUtils.java:runAndLog(49)) - Successfully ran Files.delete /tmp/ratis-tests/statemachine/s0
2023-02-23 08:35:22,841 [s0-impl-thread1] INFO  server.RaftServerConfigKeys (ConfUtils.java:logGet(46)) - raft.server.log.use.memory = false (default)
2023-02-23 08:35:22,841 [s0-impl-thread1] INFO  server.RaftServerConfigKeys (ConfUtils.java:logGet(46)) - raft.server.log.purge.gap = 8 (custom)
2023-02-23 08:35:22,841 [s0-impl-thread1] INFO  server.RaftServerConfigKeys (ConfUtils.java:logGet(46)) - raft.server.log.appender.buffer.byte-limit = 4MB (=4194304) (default)
2023-02-23 08:35:22,841 [s0-impl-thread1] INFO  server.RaftServerConfigKeys (ConfUtils.java:logGet(46)) - raft.server.log.statemachine.data.read.timeout = 1000ms (default)
2023-02-23 08:35:22,841 [s0-impl-thread1] INFO  server.RaftServerConfigKeys (ConfUtils.java:logGet(46)) - raft.server.log.purge.preservation.log.num = 0 (default)
2023-02-23 08:35:22,842 [s0-impl-thread1] INFO  server.RaftServerConfigKeys (ConfUtils.java:logGet(46)) - raft.server.log.segment.size.max = 8MB (=8388608) (default)
2023-02-23 08:35:22,842 [s0-impl-thread1] INFO  server.RaftServerConfigKeys (ConfUtils.java:logGet(46)) - raft.server.log.segment.cache.num.max = 6 (default)
2023-02-23 08:35:22,842 [s0-impl-thread1] INFO  server.RaftServerConfigKeys (ConfUtils.java:logGet(46)) - raft.server.log.segment.cache.size.max = 200MB (=209715200) (default)
2023-02-23 08:35:22,842 [s0-impl-thread1] INFO  server.RaftServerConfigKeys (ConfUtils.java:logGet(46)) - raft.server.log.appender.buffer.byte-limit = 4MB (=4194304) (default)
2023-02-23 08:35:22,842 [s0-impl-thread1] INFO  segmented.SegmentedRaftLogWorker (SegmentedRaftLogWorker.java:<init>(183)) - new s0@group-CE97570DA9AE-SegmentedRaftLogWorker for RaftStorageImpl:Storage Directory /home/runner/work/ratis/ratis/ratis-test/target/test/data/98de01a3/MiniRaftClusterWithGrpcd59d23fd/s0/6d778973-fe73-4818-86b5-ce97570da9ae
2023-02-23 08:35:22,842 [s0-impl-thread1] INFO  server.RaftServerConfigKeys (ConfUtils.java:logGet(46)) - raft.server.log.queue.byte-limit = 64MB (=67108864) (default)
2023-02-23 08:35:22,842 [s0-impl-thread1] INFO  server.RaftServerConfigKeys (ConfUtils.java:logGet(46)) - raft.server.log.queue.element-limit = 4096 (default)
2023-02-23 08:35:22,842 [s0-impl-thread1] INFO  server.RaftServerConfigKeys (ConfUtils.java:logGet(46)) - raft.server.log.segment.size.max = 8MB (=8388608) (default)
2023-02-23 08:35:22,842 [s0-impl-thread1] INFO  server.RaftServerConfigKeys (ConfUtils.java:logGet(46)) - raft.server.log.preallocated.size = 4MB (=4194304) (default)
2023-02-23 08:35:22,842 [s0-impl-thread1] INFO  server.RaftServerConfigKeys (ConfUtils.java:logGet(46)) - raft.server.log.force.sync.num = 128 (default)
2023-02-23 08:35:22,843 [s0-impl-thread1] INFO  server.RaftServerConfigKeys (ConfUtils.java:logGet(46)) - raft.server.log.statemachine.data.sync = true (default)
2023-02-23 08:35:22,843 [s0-impl-thread1] INFO  server.RaftServerConfigKeys (ConfUtils.java:logGet(46)) - raft.server.log.statemachine.data.sync.timeout = 10s (default)
2023-02-23 08:35:22,843 [s0-impl-thread1] INFO  server.RaftServerConfigKeys (ConfUtils.java:logGet(46)) - raft.server.log.statemachine.data.sync.timeout.retry = -1 (default)
2023-02-23 08:35:22,843 [s0-impl-thread1] INFO  server.RaftServerConfigKeys (ConfUtils.java:logGet(46)) - raft.server.log.write.buffer.size = 64KB (=65536) (default)
2023-02-23 08:35:22,843 [s0-impl-thread1] INFO  server.RaftServerConfigKeys (ConfUtils.java:logGet(46)) - raft.server.log.appender.buffer.byte-limit = 4MB (=4194304) (default)
2023-02-23 08:35:22,844 [s0-impl-thread1] INFO  server.RaftServerConfigKeys (ConfUtils.java:logGet(46)) - raft.server.log.unsafe-flush.enabled = false (default)
2023-02-23 08:35:22,844 [s0-impl-thread1] INFO  server.RaftServerConfigKeys (ConfUtils.java:logGet(46)) - raft.server.log.async-flush.enabled = false (default)
2023-02-23 08:35:22,844 [s0-impl-thread1] INFO  server.RaftServerConfigKeys (ConfUtils.java:logGet(46)) - raft.server.log.statemachine.data.caching.enabled = false (default)
2023-02-23 08:35:22,844 [s0-impl-thread1] INFO  segmented.SegmentedRaftLogWorker (SegmentedRaftLogWorker.java:lambda$new$0(134)) - s0@group-CE97570DA9AE-SegmentedRaftLogWorker: flushIndex: setUnconditionally 0 -> -1
2023-02-23 08:35:22,844 [s0-impl-thread1] INFO  segmented.SegmentedRaftLogWorker (SegmentedRaftLogWorker.java:lambda$new$0(134)) - s0@group-CE97570DA9AE-SegmentedRaftLogWorker: safeCacheEvictIndex: setUnconditionally 0 -> -1
2023-02-23 08:35:22,844 [s0-impl-thread1] INFO  server.RaftServer$Division (RaftServerImpl.java:start(342)) - s0@group-CE97570DA9AE: start as a follower, conf=-1: peers:[s0|rpc:localhost:44149|admin:localhost:35639|client:localhost:44385|dataStream:localhost:43229|priority:0|startupRole:FOLLOWER]|listeners:[], old=null
2023-02-23 08:35:22,844 [s0-impl-thread1] INFO  server.RaftServer$Division (RaftServerImpl.java:setRole(329)) - s0@group-CE97570DA9AE: changes role from      null to FOLLOWER at term 0 for startAsFollower
2023-02-23 08:35:22,845 [s0-impl-thread1] INFO  impl.RoleInfo (RoleInfo.java:updateAndGet(139)) - s0: start s0@group-CE97570DA9AE-FollowerState
2023-02-23 08:35:22,854 [s0-impl-thread1] INFO  util.JmxRegister (JmxRegister.java:tryRegister(44)) - Successfully registered JMX Bean with object name Ratis:service=RaftServer,group=group-CE97570DA9AE,id=s0
2023-02-23 08:35:22,854 [s0-impl-thread1] INFO  server.RaftServerConfigKeys (ConfUtils.java:logGet(46)) - raft.server.snapshot.auto.trigger.enabled = true (custom)
2023-02-23 08:35:22,854 [s0-impl-thread1] INFO  server.RaftServerConfigKeys (ConfUtils.java:logGet(46)) - raft.server.snapshot.auto.trigger.threshold = 64 (custom)
2023-02-23 08:35:22,854 [s0-impl-thread1] INFO  server.RaftServerConfigKeys (ConfUtils.java:logGet(46)) - raft.server.snapshot.retention.file.num = -1 (default)
2023-02-23 08:35:22,854 [s0-impl-thread1] INFO  server.RaftServerConfigKeys (ConfUtils.java:logGet(46)) - raft.server.log.purge.upto.snapshot.index = false (default)
2023-02-23 08:35:22,855 [s0@group-CE97570DA9AE-FollowerState] INFO  server.RaftServerConfigKeys (ConfUtils.java:logFallback(53)) - raft.server.rpc.first-election.timeout.min = 150ms (fallback to raft.server.rpc.timeout.min)
2023-02-23 08:35:22,855 [s0@group-CE97570DA9AE-FollowerState] INFO  server.RaftServerConfigKeys (ConfUtils.java:logFallback(53)) - raft.server.rpc.first-election.timeout.max = 300ms (fallback to raft.server.rpc.timeout.max)
2023-02-23 08:35:22,855 [Time-limited test] INFO  server.RaftServer (RaftServerProxy.java:startImpl(401)) - s0: start RPC server
2023-02-23 08:35:22,857 [Time-limited test] INFO  server.GrpcService (GrpcService.java:startImpl(302)) - s0: GrpcService started, listening on 44385
2023-02-23 08:35:22,857 [Time-limited test] INFO  server.GrpcService (GrpcService.java:startImpl(302)) - s0: GrpcService started, listening on 44149
2023-02-23 08:35:22,858 [Time-limited test] INFO  server.GrpcService (GrpcService.java:startImpl(302)) - s0: GrpcService started, listening on 35639
2023-02-23 08:35:22,860 [Time-limited test] INFO  server.RaftServerConfigKeys (ConfUtils.java:logGet(46)) - raft.server.rpc.timeout.max = 300ms (default)
2023-02-23 08:35:22,860 [Time-limited test] INFO  ratis.RaftTestUtil (RaftTestUtil.java:waitForLeader(100)) - printing ALL groups
  s0:  RUNNING  FOLLOWER s0@group-CE97570DA9AE:t0, leader=null, voted=, raftlog=Memoized:s0@group-CE97570DA9AE-SegmentedRaftLog:OPENED:c-1, conf=-1: peers:[s0|rpc:localhost:44149|admin:localhost:35639|client:localhost:44385|dataStream:localhost:43229|priority:0|startupRole:FOLLOWER]|listeners:[], old=null RUNNING
2023-02-23 08:35:22,861 [Time-limited test] WARN  ratis.RaftTestUtil (JavaUtils.java:attempt(217)) - FAILED "waitForLeader-null-(expectLeader? true)", attempt #1/100: java.lang.IllegalStateException: No leader yet : printing ALL groups
  s0:  RUNNING  FOLLOWER s0@group-CE97570DA9AE:t0, leader=null, voted=, raftlog=Memoized:s0@group-CE97570DA9AE-SegmentedRaftLog:OPENED:c-1, conf=-1: peers:[s0|rpc:localhost:44149|admin:localhost:35639|client:localhost:44385|dataStream:localhost:43229|priority:0|startupRole:FOLLOWER]|listeners:[], old=null RUNNING, sleep 450ms and then retry.
java.lang.IllegalStateException: No leader yet : printing ALL groups
  s0:  RUNNING  FOLLOWER s0@group-CE97570DA9AE:t0, leader=null, voted=, raftlog=Memoized:s0@group-CE97570DA9AE-SegmentedRaftLog:OPENED:c-1, conf=-1: peers:[s0|rpc:localhost:44149|admin:localhost:35639|client:localhost:44385|dataStream:localhost:43229|priority:0|startupRole:FOLLOWER]|listeners:[], old=null RUNNING
	at org.apache.ratis.server.impl.MiniRaftCluster.newIllegalStateExceptionForNoLeaders(MiniRaftCluster.java:581)
	at org.apache.ratis.RaftTestUtil.lambda$waitForLeader$1(RaftTestUtil.java:104)
	at org.apache.ratis.server.impl.MiniRaftCluster.getLeader(MiniRaftCluster.java:615)
	at org.apache.ratis.server.impl.MiniRaftCluster.getLeader(MiniRaftCluster.java:608)
	at org.apache.ratis.RaftTestUtil.lambda$waitForLeader$3(RaftTestUtil.java:112)
	at org.apache.ratis.util.JavaUtils.attempt(JavaUtils.java:211)
	at org.apache.ratis.util.JavaUtils.attemptRepeatedly(JavaUtils.java:197)
	at org.apache.ratis.RaftTestUtil.waitForLeader(RaftTestUtil.java:111)
	at org.apache.ratis.RaftTestUtil.waitForLeader(RaftTestUtil.java:92)
	at org.apache.ratis.RaftTestUtil.waitForLeader(RaftTestUtil.java:87)
	at org.apache.ratis.InstallSnapshotFromLeaderTests.testMultiFileInstallSnapshot(InstallSnapshotFromLeaderTests.java:92)
	at org.apache.ratis.server.impl.MiniRaftCluster$Factory$Get.runWithNewCluster(MiniRaftCluster.java:141)
	at org.apache.ratis.server.impl.MiniRaftCluster$Factory$Get.runWithNewCluster(MiniRaftCluster.java:121)
	at org.apache.ratis.InstallSnapshotFromLeaderTests.testSeparateSnapshotInstallPath(InstallSnapshotFromLeaderTests.java:86)
	at java.base/jdk.internal.reflect.NativeMethodAccessorImpl.invoke0(Native Method)
	at java.base/jdk.internal.reflect.NativeMethodAccessorImpl.invoke(NativeMethodAccessorImpl.java:62)
	at java.base/jdk.internal.reflect.DelegatingMethodAccessorImpl.invoke(DelegatingMethodAccessorImpl.java:43)
	at java.base/java.lang.reflect.Method.invoke(Method.java:566)
	at org.junit.runners.model.FrameworkMethod$1.runReflectiveCall(FrameworkMethod.java:59)
	at org.junit.internal.runners.model.ReflectiveCallable.run(ReflectiveCallable.java:12)
	at org.junit.runners.model.FrameworkMethod.invokeExplosively(FrameworkMethod.java:56)
	at org.junit.internal.runners.statements.InvokeMethod.evaluate(InvokeMethod.java:17)
	at org.junit.internal.runners.statements.RunAfters.evaluate(RunAfters.java:27)
	at org.junit.internal.runners.statements.FailOnTimeout$CallableStatement.call(FailOnTimeout.java:299)
	at org.junit.internal.runners.statements.FailOnTimeout$CallableStatement.call(FailOnTimeout.java:293)
	at java.base/java.util.concurrent.FutureTask.run(FutureTask.java:264)
	at java.base/java.lang.Thread.run(Thread.java:829)
2023-02-23 08:35:22,861 [JvmPauseMonitor9] INFO  util.JvmPauseMonitor (JvmPauseMonitor.java:run(103)) - JvmPauseMonitor-s0: Started
2023-02-23 08:35:23,013 [s0@group-CE97570DA9AE-FollowerState] INFO  impl.FollowerState (FollowerState.java:run(143)) - s0@group-CE97570DA9AE-FollowerState: change to CANDIDATE, lastRpcElapsedTime:168477221ns, electionTimeout:158ms
2023-02-23 08:35:23,013 [s0@group-CE97570DA9AE-FollowerState] INFO  impl.RoleInfo (RoleInfo.java:shutdownFollowerState(110)) - s0: shutdown s0@group-CE97570DA9AE-FollowerState
2023-02-23 08:35:23,014 [s0@group-CE97570DA9AE-FollowerState] INFO  server.RaftServer$Division (RaftServerImpl.java:setRole(329)) - s0@group-CE97570DA9AE: changes role from  FOLLOWER to CANDIDATE at term 0 for changeToCandidate
2023-02-23 08:35:23,014 [s0@group-CE97570DA9AE-FollowerState] INFO  server.RaftServerConfigKeys (ConfUtils.java:logGet(46)) - raft.server.leaderelection.pre-vote = true (default)
2023-02-23 08:35:23,014 [s0@group-CE97570DA9AE-FollowerState] INFO  impl.RoleInfo (RoleInfo.java:updateAndGet(139)) - s0: start s0@group-CE97570DA9AE-LeaderElection4
2023-02-23 08:35:23,015 [s0@group-CE97570DA9AE-LeaderElection4] INFO  impl.LeaderElection (LeaderElection.java:askForVotes(309)) - s0@group-CE97570DA9AE-LeaderElection4 PRE_VOTE round 0: submit vote requests at term 0 for -1: peers:[s0|rpc:localhost:44149|admin:localhost:35639|client:localhost:44385|dataStream:localhost:43229|priority:0|startupRole:FOLLOWER]|listeners:[], old=null
2023-02-23 08:35:23,015 [s0@group-CE97570DA9AE-LeaderElection4] INFO  impl.LeaderElection (LeaderElection.java:askForVotes(311)) - s0@group-CE97570DA9AE-LeaderElection4 PRE_VOTE round 0: result PASSED (term=0)
2023-02-23 08:35:23,019 [s0@group-CE97570DA9AE-LeaderElection4] INFO  impl.LeaderElection (LeaderElection.java:askForVotes(309)) - s0@group-CE97570DA9AE-LeaderElection4 ELECTION round 0: submit vote requests at term 1 for -1: peers:[s0|rpc:localhost:44149|admin:localhost:35639|client:localhost:44385|dataStream:localhost:43229|priority:0|startupRole:FOLLOWER]|listeners:[], old=null
2023-02-23 08:35:23,020 [s0@group-CE97570DA9AE-LeaderElection4] INFO  impl.LeaderElection (LeaderElection.java:askForVotes(311)) - s0@group-CE97570DA9AE-LeaderElection4 ELECTION round 0: result PASSED (term=1)
2023-02-23 08:35:23,020 [s0@group-CE97570DA9AE-LeaderElection4] INFO  impl.RoleInfo (RoleInfo.java:shutdownLeaderElection(130)) - s0: shutdown s0@group-CE97570DA9AE-LeaderElection4
2023-02-23 08:35:23,020 [s0@group-CE97570DA9AE-LeaderElection4] INFO  server.RaftServer$Division (RaftServerImpl.java:setRole(329)) - s0@group-CE97570DA9AE: changes role from CANDIDATE to LEADER at term 1 for changeToLeader
2023-02-23 08:35:23,020 [s0@group-CE97570DA9AE-LeaderElection4] INFO  server.RaftServer$Division (ServerState.java:setLeader(260)) - s0@group-CE97570DA9AE: change Leader from null to s0 at term 1 for becomeLeader, leader elected after 189ms
2023-02-23 08:35:23,020 [s0@group-CE97570DA9AE-LeaderElection4] INFO  server.RaftServerConfigKeys (ConfUtils.java:logGet(46)) - raft.server.staging.catchup.gap = 1000 (default)
2023-02-23 08:35:23,020 [s0@group-CE97570DA9AE-LeaderElection4] INFO  server.RaftServerConfigKeys (ConfUtils.java:logGet(46)) - raft.server.write.element-limit = 4096 (default)
2023-02-23 08:35:23,020 [s0@group-CE97570DA9AE-LeaderElection4] INFO  server.RaftServerConfigKeys (ConfUtils.java:logGet(46)) - raft.server.write.byte-limit = 64MB (=67108864) (default)
2023-02-23 08:35:23,020 [s0@group-CE97570DA9AE-LeaderElection4] INFO  server.RaftServerConfigKeys (ConfUtils.java:logGet(46)) - raft.server.watch.timeout = 10s (default)
2023-02-23 08:35:23,021 [s0@group-CE97570DA9AE-LeaderElection4] INFO  server.RaftServerConfigKeys (ConfUtils.java:logGet(46)) - raft.server.watch.timeout.denomination = 1s (default)
2023-02-23 08:35:23,021 [s0@group-CE97570DA9AE-LeaderElection4] INFO  server.RaftServerConfigKeys (ConfUtils.java:logGet(46)) - raft.server.watch.element-limit = 65536 (default)
2023-02-23 08:35:23,021 [s0@group-CE97570DA9AE-LeaderElection4] INFO  server.RaftServerConfigKeys (ConfUtils.java:logGet(46)) - raft.server.write.element-limit = 4096 (default)
2023-02-23 08:35:23,021 [s0@group-CE97570DA9AE-LeaderElection4] INFO  server.RaftServerConfigKeys (ConfUtils.java:logGet(46)) - raft.server.write.follower.gap.ratio.max = -1.0 (default)
2023-02-23 08:35:23,021 [s0@group-CE97570DA9AE-LeaderElection4] INFO  impl.RoleInfo (RoleInfo.java:updateAndGet(139)) - s0: start s0@group-CE97570DA9AE-LeaderStateImpl
2023-02-23 08:35:23,022 [s0@group-CE97570DA9AE-LeaderElection4] INFO  segmented.SegmentedRaftLogWorker (SegmentedRaftLogWorker.java:startLogSegment(426)) - s0@group-CE97570DA9AE-SegmentedRaftLogWorker: Starting segment from index:0
2023-02-23 08:35:23,024 [s0@group-CE97570DA9AE-LeaderElection4] INFO  server.RaftServer$Division (ServerState.java:setRaftConf(378)) - s0@group-CE97570DA9AE: set configuration 0: peers:[s0|rpc:localhost:44149|admin:localhost:35639|client:localhost:44385|dataStream:localhost:43229|priority:0|startupRole:FOLLOWER]|listeners:[], old=null
2023-02-23 08:35:23,033 [s0@group-CE97570DA9AE-SegmentedRaftLogWorker] INFO  segmented.SegmentedRaftLogWorker (SegmentedRaftLogWorker.java:execute(630)) - s0@group-CE97570DA9AE-SegmentedRaftLogWorker: created new log segment /home/runner/work/ratis/ratis/ratis-test/target/test/data/98de01a3/MiniRaftClusterWithGrpcd59d23fd/s0/6d778973-fe73-4818-86b5-ce97570da9ae/current/log_inprogress_0
2023-02-23 08:35:23,312 [Time-limited test] INFO  ratis.RaftTestUtil (RaftTestUtil.java:waitForLeader(119)) - printing ALL groups
  s0:  RUNNING    LEADER s0@group-CE97570DA9AE:t1, leader=s0, voted=s0, raftlog=Memoized:s0@group-CE97570DA9AE-SegmentedRaftLog:OPENED:c0, conf=0: peers:[s0|rpc:localhost:44149|admin:localhost:35639|client:localhost:44385|dataStream:localhost:43229|priority:0|startupRole:FOLLOWER]|listeners:[], old=null RUNNING
2023-02-23 08:35:23,325 [s0@group-CE97570DA9AE-StateMachineUpdater] INFO  impl.SimpleStateMachine4Testing (SimpleStateMachine4Testing.java:put(205)) - s0: put 1, m0 -> (t:1, i:1), STATEMACHINELOGENTRY, 387@client-E9D4BF423A8D
2023-02-23 08:35:23,333 [s0@group-CE97570DA9AE-StateMachineUpdater] INFO  impl.SimpleStateMachine4Testing (SimpleStateMachine4Testing.java:put(205)) - s0: put 3, m1 -> (t:1, i:3), STATEMACHINELOGENTRY, 388@client-E9D4BF423A8D
2023-02-23 08:35:23,337 [s0@group-CE97570DA9AE-StateMachineUpdater] INFO  impl.SimpleStateMachine4Testing (SimpleStateMachine4Testing.java:put(205)) - s0: put 5, m2 -> (t:1, i:5), STATEMACHINELOGENTRY, 389@client-E9D4BF423A8D
2023-02-23 08:35:23,348 [s0@group-CE97570DA9AE-StateMachineUpdater] INFO  impl.SimpleStateMachine4Testing (SimpleStateMachine4Testing.java:put(205)) - s0: put 7, m3 -> (t:1, i:7), STATEMACHINELOGENTRY, 390@client-E9D4BF423A8D
2023-02-23 08:35:23,351 [s0@group-CE97570DA9AE-StateMachineUpdater] INFO  impl.SimpleStateMachine4Testing (SimpleStateMachine4Testing.java:put(205)) - s0: put 9, m4 -> (t:1, i:9), STATEMACHINELOGENTRY, 391@client-E9D4BF423A8D
2023-02-23 08:35:23,354 [s0@group-CE97570DA9AE-StateMachineUpdater] INFO  impl.SimpleStateMachine4Testing (SimpleStateMachine4Testing.java:put(205)) - s0: put 11, m5 -> (t:1, i:11), STATEMACHINELOGENTRY, 392@client-E9D4BF423A8D
2023-02-23 08:35:23,357 [s0@group-CE97570DA9AE-StateMachineUpdater] INFO  impl.SimpleStateMachine4Testing (SimpleStateMachine4Testing.java:put(205)) - s0: put 13, m6 -> (t:1, i:13), STATEMACHINELOGENTRY, 393@client-E9D4BF423A8D
2023-02-23 08:35:23,360 [s0@group-CE97570DA9AE-StateMachineUpdater] INFO  impl.SimpleStateMachine4Testing (SimpleStateMachine4Testing.java:put(205)) - s0: put 15, m7 -> (t:1, i:15), STATEMACHINELOGENTRY, 394@client-E9D4BF423A8D
2023-02-23 08:35:23,362 [s0@group-CE97570DA9AE-StateMachineUpdater] INFO  impl.SimpleStateMachine4Testing (SimpleStateMachine4Testing.java:put(205)) - s0: put 17, m8 -> (t:1, i:17), STATEMACHINELOGENTRY, 395@client-E9D4BF423A8D
2023-02-23 08:35:23,364 [s0@group-CE97570DA9AE-StateMachineUpdater] INFO  impl.SimpleStateMachine4Testing (SimpleStateMachine4Testing.java:put(205)) - s0: put 19, m9 -> (t:1, i:19), STATEMACHINELOGENTRY, 396@client-E9D4BF423A8D
2023-02-23 08:35:23,367 [s0@group-CE97570DA9AE-StateMachineUpdater] INFO  impl.SimpleStateMachine4Testing (SimpleStateMachine4Testing.java:put(205)) - s0: put 21, m10 -> (t:1, i:21), STATEMACHINELOGENTRY, 397@client-E9D4BF423A8D
2023-02-23 08:35:23,369 [s0@group-CE97570DA9AE-StateMachineUpdater] INFO  impl.SimpleStateMachine4Testing (SimpleStateMachine4Testing.java:put(205)) - s0: put 23, m11 -> (t:1, i:23), STATEMACHINELOGENTRY, 398@client-E9D4BF423A8D
2023-02-23 08:35:23,372 [s0@group-CE97570DA9AE-StateMachineUpdater] INFO  impl.SimpleStateMachine4Testing (SimpleStateMachine4Testing.java:put(205)) - s0: put 25, m12 -> (t:1, i:25), STATEMACHINELOGENTRY, 399@client-E9D4BF423A8D
2023-02-23 08:35:23,374 [s0@group-CE97570DA9AE-StateMachineUpdater] INFO  impl.SimpleStateMachine4Testing (SimpleStateMachine4Testing.java:put(205)) - s0: put 27, m13 -> (t:1, i:27), STATEMACHINELOGENTRY, 400@client-E9D4BF423A8D
2023-02-23 08:35:23,377 [s0@group-CE97570DA9AE-StateMachineUpdater] INFO  impl.SimpleStateMachine4Testing (SimpleStateMachine4Testing.java:put(205)) - s0: put 29, m14 -> (t:1, i:29), STATEMACHINELOGENTRY, 401@client-E9D4BF423A8D
2023-02-23 08:35:23,380 [s0@group-CE97570DA9AE-StateMachineUpdater] INFO  impl.SimpleStateMachine4Testing (SimpleStateMachine4Testing.java:put(205)) - s0: put 31, m15 -> (t:1, i:31), STATEMACHINELOGENTRY, 402@client-E9D4BF423A8D
2023-02-23 08:35:23,383 [s0@group-CE97570DA9AE-StateMachineUpdater] INFO  impl.SimpleStateMachine4Testing (SimpleStateMachine4Testing.java:put(205)) - s0: put 33, m16 -> (t:1, i:33), STATEMACHINELOGENTRY, 403@client-E9D4BF423A8D
2023-02-23 08:35:23,386 [s0@group-CE97570DA9AE-StateMachineUpdater] INFO  impl.SimpleStateMachine4Testing (SimpleStateMachine4Testing.java:put(205)) - s0: put 35, m17 -> (t:1, i:35), STATEMACHINELOGENTRY, 404@client-E9D4BF423A8D
2023-02-23 08:35:23,388 [s0@group-CE97570DA9AE-StateMachineUpdater] INFO  impl.SimpleStateMachine4Testing (SimpleStateMachine4Testing.java:put(205)) - s0: put 37, m18 -> (t:1, i:37), STATEMACHINELOGENTRY, 405@client-E9D4BF423A8D
2023-02-23 08:35:23,391 [s0@group-CE97570DA9AE-StateMachineUpdater] INFO  impl.SimpleStateMachine4Testing (SimpleStateMachine4Testing.java:put(205)) - s0: put 39, m19 -> (t:1, i:39), STATEMACHINELOGENTRY, 406@client-E9D4BF423A8D
2023-02-23 08:35:23,394 [s0@group-CE97570DA9AE-StateMachineUpdater] INFO  impl.SimpleStateMachine4Testing (SimpleStateMachine4Testing.java:put(205)) - s0: put 41, m20 -> (t:1, i:41), STATEMACHINELOGENTRY, 407@client-E9D4BF423A8D
2023-02-23 08:35:23,397 [s0@group-CE97570DA9AE-StateMachineUpdater] INFO  impl.SimpleStateMachine4Testing (SimpleStateMachine4Testing.java:put(205)) - s0: put 43, m21 -> (t:1, i:43), STATEMACHINELOGENTRY, 408@client-E9D4BF423A8D
2023-02-23 08:35:23,400 [s0@group-CE97570DA9AE-StateMachineUpdater] INFO  impl.SimpleStateMachine4Testing (SimpleStateMachine4Testing.java:put(205)) - s0: put 45, m22 -> (t:1, i:45), STATEMACHINELOGENTRY, 409@client-E9D4BF423A8D
2023-02-23 08:35:23,403 [s0@group-CE97570DA9AE-StateMachineUpdater] INFO  impl.SimpleStateMachine4Testing (SimpleStateMachine4Testing.java:put(205)) - s0: put 47, m23 -> (t:1, i:47), STATEMACHINELOGENTRY, 410@client-E9D4BF423A8D
2023-02-23 08:35:23,406 [s0@group-CE97570DA9AE-StateMachineUpdater] INFO  impl.SimpleStateMachine4Testing (SimpleStateMachine4Testing.java:put(205)) - s0: put 49, m24 -> (t:1, i:49), STATEMACHINELOGENTRY, 411@client-E9D4BF423A8D
2023-02-23 08:35:23,409 [s0@group-CE97570DA9AE-StateMachineUpdater] INFO  impl.SimpleStateMachine4Testing (SimpleStateMachine4Testing.java:put(205)) - s0: put 51, m25 -> (t:1, i:51), STATEMACHINELOGENTRY, 412@client-E9D4BF423A8D
2023-02-23 08:35:23,411 [s0@group-CE97570DA9AE-StateMachineUpdater] INFO  impl.SimpleStateMachine4Testing (SimpleStateMachine4Testing.java:put(205)) - s0: put 53, m26 -> (t:1, i:53), STATEMACHINELOGENTRY, 413@client-E9D4BF423A8D
2023-02-23 08:35:23,415 [s0@group-CE97570DA9AE-StateMachineUpdater] INFO  impl.SimpleStateMachine4Testing (SimpleStateMachine4Testing.java:put(205)) - s0: put 55, m27 -> (t:1, i:55), STATEMACHINELOGENTRY, 414@client-E9D4BF423A8D
2023-02-23 08:35:23,418 [s0@group-CE97570DA9AE-StateMachineUpdater] INFO  impl.SimpleStateMachine4Testing (SimpleStateMachine4Testing.java:put(205)) - s0: put 57, m28 -> (t:1, i:57), STATEMACHINELOGENTRY, 415@client-E9D4BF423A8D
2023-02-23 08:35:23,426 [s0@group-CE97570DA9AE-StateMachineUpdater] INFO  impl.SimpleStateMachine4Testing (SimpleStateMachine4Testing.java:put(205)) - s0: put 59, m29 -> (t:1, i:59), STATEMACHINELOGENTRY, 416@client-E9D4BF423A8D
2023-02-23 08:35:23,430 [s0@group-CE97570DA9AE-StateMachineUpdater] INFO  impl.SimpleStateMachine4Testing (SimpleStateMachine4Testing.java:put(205)) - s0: put 61, m30 -> (t:1, i:61), STATEMACHINELOGENTRY, 417@client-E9D4BF423A8D
2023-02-23 08:35:23,433 [s0@group-CE97570DA9AE-StateMachineUpdater] INFO  impl.SimpleStateMachine4Testing (SimpleStateMachine4Testing.java:put(205)) - s0: put 63, m31 -> (t:1, i:63), STATEMACHINELOGENTRY, 418@client-E9D4BF423A8D
2023-02-23 08:35:23,433 [s0@group-CE97570DA9AE-StateMachineUpdater] TRACE util.FileUtils (FileUtils.java:deleteFully(201)) - deleteFully /tmp/ratis-tests/statemachine/s0/snapshot/1_63
2023-02-23 08:35:23,433 [s0@group-CE97570DA9AE-StateMachineUpdater] TRACE util.FileUtils (FileUtils.java:deleteFully(217)) - deleteFully: /tmp/ratis-tests/statemachine/s0/snapshot/1_63 does not exist.
2023-02-23 08:35:23,434 [s0@group-CE97570DA9AE-StateMachineUpdater] TRACE util.FileUtils (FileUtils.java:deleteFully(201)) - deleteFully /tmp/ratis-tests/statemachine/s0/tmp/3fa6ffdd-c9b4-402f-9545-c259248ec938
2023-02-23 08:35:23,434 [s0@group-CE97570DA9AE-StateMachineUpdater] TRACE util.FileUtils (FileUtils.java:deleteFully(217)) - deleteFully: /tmp/ratis-tests/statemachine/s0/tmp/3fa6ffdd-c9b4-402f-9545-c259248ec938 does not exist.
2023-02-23 08:35:23,434 [s0@group-CE97570DA9AE-StateMachineUpdater] TRACE util.FileUtils (LogUtils.java:runAndLog(49)) - Successfully ran Atomic Files.move /tmp/ratis-tests/statemachine/s0/tmp/3fa6ffdd-c9b4-402f-9545-c259248ec938 to /tmp/ratis-tests/statemachine/s0/snapshot/1_63
2023-02-23 08:35:23,434 [s0@group-CE97570DA9AE-StateMachineUpdater] INFO  impl.StateMachineUpdater (StateMachineUpdater.java:takeSnapshot(290)) - s0@group-CE97570DA9AE-StateMachineUpdater: Took a snapshot at index 63
2023-02-23 08:35:23,434 [s0@group-CE97570DA9AE-StateMachineUpdater] INFO  impl.StateMachineUpdater (StateMachineUpdater.java:lambda$new$0(96)) - s0@group-CE97570DA9AE-StateMachineUpdater: snapshotIndex: updateIncreasingly -1 -> 63
2023-02-23 08:35:23,434 [s0@group-CE97570DA9AE-StateMachineUpdater] INFO  raftlog.RaftLog (RaftLogBase.java:purge(314)) - s0@group-CE97570DA9AE-SegmentedRaftLog: purge 63
2023-02-23 08:35:23,434 [s0@group-CE97570DA9AE-StateMachineUpdater] INFO  raftlog.RaftLog (RaftLogBase.java:lambda$new$0(53)) - s0@group-CE97570DA9AE-SegmentedRaftLog: snapshotIndex: updateIncreasingly -1 -> 63
2023-02-23 08:35:23,434 [s0@group-CE97570DA9AE-StateMachineUpdater] INFO  raftlog.RaftLog (RaftLogBase.java:lambda$new$0(53)) - s0@group-CE97570DA9AE-SegmentedRaftLog: purgeIndex: updateToMax old=-1, new=63, updated? true
2023-02-23 08:35:23,439 [s0@group-CE97570DA9AE-StateMachineUpdater] INFO  impl.SimpleStateMachine4Testing (SimpleStateMachine4Testing.java:put(205)) - s0: put 65, m32 -> (t:1, i:65), STATEMACHINELOGENTRY, 419@client-E9D4BF423A8D
2023-02-23 08:35:23,442 [s0@group-CE97570DA9AE-StateMachineUpdater] INFO  impl.SimpleStateMachine4Testing (SimpleStateMachine4Testing.java:put(205)) - s0: put 67, m33 -> (t:1, i:67), STATEMACHINELOGENTRY, 420@client-E9D4BF423A8D
2023-02-23 08:35:23,445 [s0@group-CE97570DA9AE-StateMachineUpdater] INFO  impl.SimpleStateMachine4Testing (SimpleStateMachine4Testing.java:put(205)) - s0: put 69, m34 -> (t:1, i:69), STATEMACHINELOGENTRY, 421@client-E9D4BF423A8D
2023-02-23 08:35:23,448 [s0@group-CE97570DA9AE-StateMachineUpdater] INFO  impl.SimpleStateMachine4Testing (SimpleStateMachine4Testing.java:put(205)) - s0: put 71, m35 -> (t:1, i:71), STATEMACHINELOGENTRY, 422@client-E9D4BF423A8D
2023-02-23 08:35:23,451 [s0@group-CE97570DA9AE-StateMachineUpdater] INFO  impl.SimpleStateMachine4Testing (SimpleStateMachine4Testing.java:put(205)) - s0: put 73, m36 -> (t:1, i:73), STATEMACHINELOGENTRY, 423@client-E9D4BF423A8D
2023-02-23 08:35:23,453 [s0@group-CE97570DA9AE-StateMachineUpdater] INFO  impl.SimpleStateMachine4Testing (SimpleStateMachine4Testing.java:put(205)) - s0: put 75, m37 -> (t:1, i:75), STATEMACHINELOGENTRY, 424@client-E9D4BF423A8D
2023-02-23 08:35:23,456 [s0@group-CE97570DA9AE-StateMachineUpdater] INFO  impl.SimpleStateMachine4Testing (SimpleStateMachine4Testing.java:put(205)) - s0: put 77, m38 -> (t:1, i:77), STATEMACHINELOGENTRY, 425@client-E9D4BF423A8D
2023-02-23 08:35:23,459 [s0@group-CE97570DA9AE-StateMachineUpdater] INFO  impl.SimpleStateMachine4Testing (SimpleStateMachine4Testing.java:put(205)) - s0: put 79, m39 -> (t:1, i:79), STATEMACHINELOGENTRY, 426@client-E9D4BF423A8D
2023-02-23 08:35:23,461 [s0@group-CE97570DA9AE-StateMachineUpdater] INFO  impl.SimpleStateMachine4Testing (SimpleStateMachine4Testing.java:put(205)) - s0: put 81, m40 -> (t:1, i:81), STATEMACHINELOGENTRY, 427@client-E9D4BF423A8D
2023-02-23 08:35:23,467 [s0@group-CE97570DA9AE-StateMachineUpdater] INFO  impl.SimpleStateMachine4Testing (SimpleStateMachine4Testing.java:put(205)) - s0: put 83, m41 -> (t:1, i:83), STATEMACHINELOGENTRY, 428@client-E9D4BF423A8D
2023-02-23 08:35:23,469 [s0@group-CE97570DA9AE-StateMachineUpdater] INFO  impl.SimpleStateMachine4Testing (SimpleStateMachine4Testing.java:put(205)) - s0: put 85, m42 -> (t:1, i:85), STATEMACHINELOGENTRY, 429@client-E9D4BF423A8D
2023-02-23 08:35:23,472 [s0@group-CE97570DA9AE-StateMachineUpdater] INFO  impl.SimpleStateMachine4Testing (SimpleStateMachine4Testing.java:put(205)) - s0: put 87, m43 -> (t:1, i:87), STATEMACHINELOGENTRY, 430@client-E9D4BF423A8D
2023-02-23 08:35:23,475 [s0@group-CE97570DA9AE-StateMachineUpdater] INFO  impl.SimpleStateMachine4Testing (SimpleStateMachine4Testing.java:put(205)) - s0: put 89, m44 -> (t:1, i:89), STATEMACHINELOGENTRY, 431@client-E9D4BF423A8D
2023-02-23 08:35:23,478 [s0@group-CE97570DA9AE-StateMachineUpdater] INFO  impl.SimpleStateMachine4Testing (SimpleStateMachine4Testing.java:put(205)) - s0: put 91, m45 -> (t:1, i:91), STATEMACHINELOGENTRY, 432@client-E9D4BF423A8D
2023-02-23 08:35:23,480 [s0@group-CE97570DA9AE-StateMachineUpdater] INFO  impl.SimpleStateMachine4Testing (SimpleStateMachine4Testing.java:put(205)) - s0: put 93, m46 -> (t:1, i:93), STATEMACHINELOGENTRY, 433@client-E9D4BF423A8D
2023-02-23 08:35:23,486 [s0@group-CE97570DA9AE-StateMachineUpdater] INFO  impl.SimpleStateMachine4Testing (SimpleStateMachine4Testing.java:put(205)) - s0: put 95, m47 -> (t:1, i:95), STATEMACHINELOGENTRY, 434@client-E9D4BF423A8D
2023-02-23 08:35:23,489 [s0@group-CE97570DA9AE-StateMachineUpdater] INFO  impl.SimpleStateMachine4Testing (SimpleStateMachine4Testing.java:put(205)) - s0: put 97, m48 -> (t:1, i:97), STATEMACHINELOGENTRY, 435@client-E9D4BF423A8D
2023-02-23 08:35:23,491 [s0@group-CE97570DA9AE-StateMachineUpdater] INFO  impl.SimpleStateMachine4Testing (SimpleStateMachine4Testing.java:put(205)) - s0: put 99, m49 -> (t:1, i:99), STATEMACHINELOGENTRY, 436@client-E9D4BF423A8D
2023-02-23 08:35:23,495 [s0@group-CE97570DA9AE-StateMachineUpdater] INFO  impl.SimpleStateMachine4Testing (SimpleStateMachine4Testing.java:put(205)) - s0: put 101, m50 -> (t:1, i:101), STATEMACHINELOGENTRY, 437@client-E9D4BF423A8D
2023-02-23 08:35:23,498 [s0@group-CE97570DA9AE-StateMachineUpdater] INFO  impl.SimpleStateMachine4Testing (SimpleStateMachine4Testing.java:put(205)) - s0: put 103, m51 -> (t:1, i:103), STATEMACHINELOGENTRY, 438@client-E9D4BF423A8D
2023-02-23 08:35:23,500 [s0@group-CE97570DA9AE-StateMachineUpdater] INFO  impl.SimpleStateMachine4Testing (SimpleStateMachine4Testing.java:put(205)) - s0: put 105, m52 -> (t:1, i:105), STATEMACHINELOGENTRY, 439@client-E9D4BF423A8D
2023-02-23 08:35:23,503 [s0@group-CE97570DA9AE-StateMachineUpdater] INFO  impl.SimpleStateMachine4Testing (SimpleStateMachine4Testing.java:put(205)) - s0: put 107, m53 -> (t:1, i:107), STATEMACHINELOGENTRY, 440@client-E9D4BF423A8D
2023-02-23 08:35:23,506 [s0@group-CE97570DA9AE-StateMachineUpdater] INFO  impl.SimpleStateMachine4Testing (SimpleStateMachine4Testing.java:put(205)) - s0: put 109, m54 -> (t:1, i:109), STATEMACHINELOGENTRY, 441@client-E9D4BF423A8D
2023-02-23 08:35:23,508 [s0@group-CE97570DA9AE-StateMachineUpdater] INFO  impl.SimpleStateMachine4Testing (SimpleStateMachine4Testing.java:put(205)) - s0: put 111, m55 -> (t:1, i:111), STATEMACHINELOGENTRY, 442@client-E9D4BF423A8D
2023-02-23 08:35:23,511 [s0@group-CE97570DA9AE-StateMachineUpdater] INFO  impl.SimpleStateMachine4Testing (SimpleStateMachine4Testing.java:put(205)) - s0: put 113, m56 -> (t:1, i:113), STATEMACHINELOGENTRY, 443@client-E9D4BF423A8D
2023-02-23 08:35:23,514 [s0@group-CE97570DA9AE-StateMachineUpdater] INFO  impl.SimpleStateMachine4Testing (SimpleStateMachine4Testing.java:put(205)) - s0: put 115, m57 -> (t:1, i:115), STATEMACHINELOGENTRY, 444@client-E9D4BF423A8D
2023-02-23 08:35:23,517 [s0@group-CE97570DA9AE-StateMachineUpdater] INFO  impl.SimpleStateMachine4Testing (SimpleStateMachine4Testing.java:put(205)) - s0: put 117, m58 -> (t:1, i:117), STATEMACHINELOGENTRY, 445@client-E9D4BF423A8D
2023-02-23 08:35:23,519 [s0@group-CE97570DA9AE-StateMachineUpdater] INFO  impl.SimpleStateMachine4Testing (SimpleStateMachine4Testing.java:put(205)) - s0: put 119, m59 -> (t:1, i:119), STATEMACHINELOGENTRY, 446@client-E9D4BF423A8D
2023-02-23 08:35:23,522 [s0@group-CE97570DA9AE-StateMachineUpdater] INFO  impl.SimpleStateMachine4Testing (SimpleStateMachine4Testing.java:put(205)) - s0: put 121, m60 -> (t:1, i:121), STATEMACHINELOGENTRY, 447@client-E9D4BF423A8D
2023-02-23 08:35:23,525 [s0@group-CE97570DA9AE-StateMachineUpdater] INFO  impl.SimpleStateMachine4Testing (SimpleStateMachine4Testing.java:put(205)) - s0: put 123, m61 -> (t:1, i:123), STATEMACHINELOGENTRY, 448@client-E9D4BF423A8D
2023-02-23 08:35:23,527 [s0@group-CE97570DA9AE-StateMachineUpdater] INFO  impl.SimpleStateMachine4Testing (SimpleStateMachine4Testing.java:put(205)) - s0: put 125, m62 -> (t:1, i:125), STATEMACHINELOGENTRY, 449@client-E9D4BF423A8D
2023-02-23 08:35:23,530 [s0@group-CE97570DA9AE-StateMachineUpdater] INFO  impl.SimpleStateMachine4Testing (SimpleStateMachine4Testing.java:put(205)) - s0: put 127, m63 -> (t:1, i:127), STATEMACHINELOGENTRY, 450@client-E9D4BF423A8D
2023-02-23 08:35:23,531 [s0@group-CE97570DA9AE-StateMachineUpdater] TRACE util.FileUtils (FileUtils.java:deleteFully(201)) - deleteFully /tmp/ratis-tests/statemachine/s0/snapshot/1_127
2023-02-23 08:35:23,531 [s0@group-CE97570DA9AE-StateMachineUpdater] TRACE util.FileUtils (FileUtils.java:deleteFully(217)) - deleteFully: /tmp/ratis-tests/statemachine/s0/snapshot/1_127 does not exist.
2023-02-23 08:35:23,531 [s0@group-CE97570DA9AE-StateMachineUpdater] TRACE util.FileUtils (FileUtils.java:deleteFully(201)) - deleteFully /tmp/ratis-tests/statemachine/s0/tmp/9f107965-f547-48f2-bc03-b49e642e1c4f
2023-02-23 08:35:23,531 [s0@group-CE97570DA9AE-StateMachineUpdater] TRACE util.FileUtils (FileUtils.java:deleteFully(217)) - deleteFully: /tmp/ratis-tests/statemachine/s0/tmp/9f107965-f547-48f2-bc03-b49e642e1c4f does not exist.
2023-02-23 08:35:23,531 [s0@group-CE97570DA9AE-StateMachineUpdater] TRACE util.FileUtils (LogUtils.java:runAndLog(49)) - Successfully ran Atomic Files.move /tmp/ratis-tests/statemachine/s0/tmp/9f107965-f547-48f2-bc03-b49e642e1c4f to /tmp/ratis-tests/statemachine/s0/snapshot/1_127
2023-02-23 08:35:23,531 [s0@group-CE97570DA9AE-StateMachineUpdater] INFO  impl.StateMachineUpdater (StateMachineUpdater.java:takeSnapshot(290)) - s0@group-CE97570DA9AE-StateMachineUpdater: Took a snapshot at index 127
2023-02-23 08:35:23,531 [s0@group-CE97570DA9AE-StateMachineUpdater] INFO  impl.StateMachineUpdater (StateMachineUpdater.java:lambda$new$0(96)) - s0@group-CE97570DA9AE-StateMachineUpdater: snapshotIndex: updateIncreasingly 63 -> 127
2023-02-23 08:35:23,531 [s0@group-CE97570DA9AE-StateMachineUpdater] INFO  raftlog.RaftLog (RaftLogBase.java:purge(314)) - s0@group-CE97570DA9AE-SegmentedRaftLog: purge 127
2023-02-23 08:35:23,532 [s0@group-CE97570DA9AE-StateMachineUpdater] INFO  raftlog.RaftLog (RaftLogBase.java:lambda$new$0(53)) - s0@group-CE97570DA9AE-SegmentedRaftLog: snapshotIndex: updateIncreasingly 63 -> 127
2023-02-23 08:35:23,532 [s0@group-CE97570DA9AE-StateMachineUpdater] INFO  raftlog.RaftLog (RaftLogBase.java:lambda$new$0(53)) - s0@group-CE97570DA9AE-SegmentedRaftLog: purgeIndex: updateToMax old=63, new=127, updated? true
2023-02-23 08:35:23,534 [s0@group-CE97570DA9AE-StateMachineUpdater] INFO  impl.SimpleStateMachine4Testing (SimpleStateMachine4Testing.java:put(205)) - s0: put 129, m64 -> (t:1, i:129), STATEMACHINELOGENTRY, 451@client-E9D4BF423A8D
2023-02-23 08:35:23,537 [s0@group-CE97570DA9AE-StateMachineUpdater] INFO  impl.SimpleStateMachine4Testing (SimpleStateMachine4Testing.java:put(205)) - s0: put 131, m65 -> (t:1, i:131), STATEMACHINELOGENTRY, 452@client-E9D4BF423A8D
2023-02-23 08:35:23,540 [s0@group-CE97570DA9AE-StateMachineUpdater] INFO  impl.SimpleStateMachine4Testing (SimpleStateMachine4Testing.java:put(205)) - s0: put 133, m66 -> (t:1, i:133), STATEMACHINELOGENTRY, 453@client-E9D4BF423A8D
2023-02-23 08:35:23,542 [s0@group-CE97570DA9AE-StateMachineUpdater] INFO  impl.SimpleStateMachine4Testing (SimpleStateMachine4Testing.java:put(205)) - s0: put 135, m67 -> (t:1, i:135), STATEMACHINELOGENTRY, 454@client-E9D4BF423A8D
2023-02-23 08:35:23,545 [s0@group-CE97570DA9AE-StateMachineUpdater] INFO  impl.SimpleStateMachine4Testing (SimpleStateMachine4Testing.java:put(205)) - s0: put 137, m68 -> (t:1, i:137), STATEMACHINELOGENTRY, 455@client-E9D4BF423A8D
2023-02-23 08:35:23,548 [s0@group-CE97570DA9AE-StateMachineUpdater] INFO  impl.SimpleStateMachine4Testing (SimpleStateMachine4Testing.java:put(205)) - s0: put 139, m69 -> (t:1, i:139), STATEMACHINELOGENTRY, 456@client-E9D4BF423A8D
2023-02-23 08:35:23,551 [s0@group-CE97570DA9AE-StateMachineUpdater] INFO  impl.SimpleStateMachine4Testing (SimpleStateMachine4Testing.java:put(205)) - s0: put 141, m70 -> (t:1, i:141), STATEMACHINELOGENTRY, 457@client-E9D4BF423A8D
2023-02-23 08:35:23,553 [s0@group-CE97570DA9AE-StateMachineUpdater] INFO  impl.SimpleStateMachine4Testing (SimpleStateMachine4Testing.java:put(205)) - s0: put 143, m71 -> (t:1, i:143), STATEMACHINELOGENTRY, 458@client-E9D4BF423A8D
2023-02-23 08:35:23,556 [s0@group-CE97570DA9AE-StateMachineUpdater] INFO  impl.SimpleStateMachine4Testing (SimpleStateMachine4Testing.java:put(205)) - s0: put 145, m72 -> (t:1, i:145), STATEMACHINELOGENTRY, 459@client-E9D4BF423A8D
2023-02-23 08:35:23,558 [s0@group-CE97570DA9AE-StateMachineUpdater] INFO  impl.SimpleStateMachine4Testing (SimpleStateMachine4Testing.java:put(205)) - s0: put 147, m73 -> (t:1, i:147), STATEMACHINELOGENTRY, 460@client-E9D4BF423A8D
2023-02-23 08:35:23,561 [s0@group-CE97570DA9AE-StateMachineUpdater] INFO  impl.SimpleStateMachine4Testing (SimpleStateMachine4Testing.java:put(205)) - s0: put 149, m74 -> (t:1, i:149), STATEMACHINELOGENTRY, 461@client-E9D4BF423A8D
2023-02-23 08:35:23,564 [s0@group-CE97570DA9AE-StateMachineUpdater] INFO  impl.SimpleStateMachine4Testing (SimpleStateMachine4Testing.java:put(205)) - s0: put 151, m75 -> (t:1, i:151), STATEMACHINELOGENTRY, 462@client-E9D4BF423A8D
2023-02-23 08:35:23,567 [s0@group-CE97570DA9AE-StateMachineUpdater] INFO  impl.SimpleStateMachine4Testing (SimpleStateMachine4Testing.java:put(205)) - s0: put 153, m76 -> (t:1, i:153), STATEMACHINELOGENTRY, 463@client-E9D4BF423A8D
2023-02-23 08:35:23,570 [s0@group-CE97570DA9AE-StateMachineUpdater] INFO  impl.SimpleStateMachine4Testing (SimpleStateMachine4Testing.java:put(205)) - s0: put 155, m77 -> (t:1, i:155), STATEMACHINELOGENTRY, 464@client-E9D4BF423A8D
2023-02-23 08:35:23,572 [s0@group-CE97570DA9AE-StateMachineUpdater] INFO  impl.SimpleStateMachine4Testing (SimpleStateMachine4Testing.java:put(205)) - s0: put 157, m78 -> (t:1, i:157), STATEMACHINELOGENTRY, 465@client-E9D4BF423A8D
2023-02-23 08:35:23,575 [s0@group-CE97570DA9AE-StateMachineUpdater] INFO  impl.SimpleStateMachine4Testing (SimpleStateMachine4Testing.java:put(205)) - s0: put 159, m79 -> (t:1, i:159), STATEMACHINELOGENTRY, 466@client-E9D4BF423A8D
2023-02-23 08:35:23,578 [s0@group-CE97570DA9AE-StateMachineUpdater] INFO  impl.SimpleStateMachine4Testing (SimpleStateMachine4Testing.java:put(205)) - s0: put 161, m80 -> (t:1, i:161), STATEMACHINELOGENTRY, 467@client-E9D4BF423A8D
2023-02-23 08:35:23,581 [s0@group-CE97570DA9AE-StateMachineUpdater] INFO  impl.SimpleStateMachine4Testing (SimpleStateMachine4Testing.java:put(205)) - s0: put 163, m81 -> (t:1, i:163), STATEMACHINELOGENTRY, 468@client-E9D4BF423A8D
2023-02-23 08:35:23,584 [s0@group-CE97570DA9AE-StateMachineUpdater] INFO  impl.SimpleStateMachine4Testing (SimpleStateMachine4Testing.java:put(205)) - s0: put 165, m82 -> (t:1, i:165), STATEMACHINELOGENTRY, 469@client-E9D4BF423A8D
2023-02-23 08:35:23,586 [s0@group-CE97570DA9AE-StateMachineUpdater] INFO  impl.SimpleStateMachine4Testing (SimpleStateMachine4Testing.java:put(205)) - s0: put 167, m83 -> (t:1, i:167), STATEMACHINELOGENTRY, 470@client-E9D4BF423A8D
2023-02-23 08:35:23,589 [s0@group-CE97570DA9AE-StateMachineUpdater] INFO  impl.SimpleStateMachine4Testing (SimpleStateMachine4Testing.java:put(205)) - s0: put 169, m84 -> (t:1, i:169), STATEMACHINELOGENTRY, 471@client-E9D4BF423A8D
2023-02-23 08:35:23,592 [s0@group-CE97570DA9AE-StateMachineUpdater] INFO  impl.SimpleStateMachine4Testing (SimpleStateMachine4Testing.java:put(205)) - s0: put 171, m85 -> (t:1, i:171), STATEMACHINELOGENTRY, 472@client-E9D4BF423A8D
2023-02-23 08:35:23,595 [s0@group-CE97570DA9AE-StateMachineUpdater] INFO  impl.SimpleStateMachine4Testing (SimpleStateMachine4Testing.java:put(205)) - s0: put 173, m86 -> (t:1, i:173), STATEMACHINELOGENTRY, 473@client-E9D4BF423A8D
2023-02-23 08:35:23,597 [s0@group-CE97570DA9AE-StateMachineUpdater] INFO  impl.SimpleStateMachine4Testing (SimpleStateMachine4Testing.java:put(205)) - s0: put 175, m87 -> (t:1, i:175), STATEMACHINELOGENTRY, 474@client-E9D4BF423A8D
2023-02-23 08:35:23,600 [s0@group-CE97570DA9AE-StateMachineUpdater] INFO  impl.SimpleStateMachine4Testing (SimpleStateMachine4Testing.java:put(205)) - s0: put 177, m88 -> (t:1, i:177), STATEMACHINELOGENTRY, 475@client-E9D4BF423A8D
2023-02-23 08:35:23,603 [s0@group-CE97570DA9AE-StateMachineUpdater] INFO  impl.SimpleStateMachine4Testing (SimpleStateMachine4Testing.java:put(205)) - s0: put 179, m89 -> (t:1, i:179), STATEMACHINELOGENTRY, 476@client-E9D4BF423A8D
2023-02-23 08:35:23,606 [s0@group-CE97570DA9AE-StateMachineUpdater] INFO  impl.SimpleStateMachine4Testing (SimpleStateMachine4Testing.java:put(205)) - s0: put 181, m90 -> (t:1, i:181), STATEMACHINELOGENTRY, 477@client-E9D4BF423A8D
2023-02-23 08:35:23,613 [s0@group-CE97570DA9AE-StateMachineUpdater] INFO  impl.SimpleStateMachine4Testing (SimpleStateMachine4Testing.java:put(205)) - s0: put 183, m91 -> (t:1, i:183), STATEMACHINELOGENTRY, 478@client-E9D4BF423A8D
2023-02-23 08:35:23,615 [s0@group-CE97570DA9AE-StateMachineUpdater] INFO  impl.SimpleStateMachine4Testing (SimpleStateMachine4Testing.java:put(205)) - s0: put 185, m92 -> (t:1, i:185), STATEMACHINELOGENTRY, 479@client-E9D4BF423A8D
2023-02-23 08:35:23,618 [s0@group-CE97570DA9AE-StateMachineUpdater] INFO  impl.SimpleStateMachine4Testing (SimpleStateMachine4Testing.java:put(205)) - s0: put 187, m93 -> (t:1, i:187), STATEMACHINELOGENTRY, 480@client-E9D4BF423A8D
2023-02-23 08:35:23,620 [s0@group-CE97570DA9AE-StateMachineUpdater] INFO  impl.SimpleStateMachine4Testing (SimpleStateMachine4Testing.java:put(205)) - s0: put 189, m94 -> (t:1, i:189), STATEMACHINELOGENTRY, 481@client-E9D4BF423A8D
2023-02-23 08:35:23,623 [s0@group-CE97570DA9AE-StateMachineUpdater] INFO  impl.SimpleStateMachine4Testing (SimpleStateMachine4Testing.java:put(205)) - s0: put 191, m95 -> (t:1, i:191), STATEMACHINELOGENTRY, 482@client-E9D4BF423A8D
2023-02-23 08:35:23,623 [s0@group-CE97570DA9AE-StateMachineUpdater] TRACE util.FileUtils (FileUtils.java:deleteFully(201)) - deleteFully /tmp/ratis-tests/statemachine/s0/snapshot/1_191
2023-02-23 08:35:23,623 [s0@group-CE97570DA9AE-StateMachineUpdater] TRACE util.FileUtils (FileUtils.java:deleteFully(217)) - deleteFully: /tmp/ratis-tests/statemachine/s0/snapshot/1_191 does not exist.
2023-02-23 08:35:23,623 [s0@group-CE97570DA9AE-StateMachineUpdater] TRACE util.FileUtils (FileUtils.java:deleteFully(201)) - deleteFully /tmp/ratis-tests/statemachine/s0/tmp/fc3cc05b-17ca-446a-8c6c-6e0bfcdb11a8
2023-02-23 08:35:23,624 [s0@group-CE97570DA9AE-StateMachineUpdater] TRACE util.FileUtils (FileUtils.java:deleteFully(217)) - deleteFully: /tmp/ratis-tests/statemachine/s0/tmp/fc3cc05b-17ca-446a-8c6c-6e0bfcdb11a8 does not exist.
2023-02-23 08:35:23,624 [s0@group-CE97570DA9AE-StateMachineUpdater] TRACE util.FileUtils (LogUtils.java:runAndLog(49)) - Successfully ran Atomic Files.move /tmp/ratis-tests/statemachine/s0/tmp/fc3cc05b-17ca-446a-8c6c-6e0bfcdb11a8 to /tmp/ratis-tests/statemachine/s0/snapshot/1_191
2023-02-23 08:35:23,624 [s0@group-CE97570DA9AE-StateMachineUpdater] INFO  impl.StateMachineUpdater (StateMachineUpdater.java:takeSnapshot(290)) - s0@group-CE97570DA9AE-StateMachineUpdater: Took a snapshot at index 191
2023-02-23 08:35:23,624 [s0@group-CE97570DA9AE-StateMachineUpdater] INFO  impl.StateMachineUpdater (StateMachineUpdater.java:lambda$new$0(96)) - s0@group-CE97570DA9AE-StateMachineUpdater: snapshotIndex: updateIncreasingly 127 -> 191
2023-02-23 08:35:23,624 [s0@group-CE97570DA9AE-StateMachineUpdater] INFO  raftlog.RaftLog (RaftLogBase.java:purge(314)) - s0@group-CE97570DA9AE-SegmentedRaftLog: purge 191
2023-02-23 08:35:23,624 [s0@group-CE97570DA9AE-StateMachineUpdater] INFO  raftlog.RaftLog (RaftLogBase.java:lambda$new$0(53)) - s0@group-CE97570DA9AE-SegmentedRaftLog: snapshotIndex: updateIncreasingly 127 -> 191
2023-02-23 08:35:23,624 [s0@group-CE97570DA9AE-StateMachineUpdater] INFO  raftlog.RaftLog (RaftLogBase.java:lambda$new$0(53)) - s0@group-CE97570DA9AE-SegmentedRaftLog: purgeIndex: updateToMax old=127, new=191, updated? true
2023-02-23 08:35:23,627 [s0@group-CE97570DA9AE-StateMachineUpdater] INFO  impl.SimpleStateMachine4Testing (SimpleStateMachine4Testing.java:put(205)) - s0: put 193, m96 -> (t:1, i:193), STATEMACHINELOGENTRY, 483@client-E9D4BF423A8D
2023-02-23 08:35:23,629 [s0@group-CE97570DA9AE-StateMachineUpdater] INFO  impl.SimpleStateMachine4Testing (SimpleStateMachine4Testing.java:put(205)) - s0: put 195, m97 -> (t:1, i:195), STATEMACHINELOGENTRY, 484@client-E9D4BF423A8D
2023-02-23 08:35:23,632 [s0@group-CE97570DA9AE-StateMachineUpdater] INFO  impl.SimpleStateMachine4Testing (SimpleStateMachine4Testing.java:put(205)) - s0: put 197, m98 -> (t:1, i:197), STATEMACHINELOGENTRY, 485@client-E9D4BF423A8D
2023-02-23 08:35:23,634 [s0@group-CE97570DA9AE-StateMachineUpdater] INFO  impl.SimpleStateMachine4Testing (SimpleStateMachine4Testing.java:put(205)) - s0: put 199, m99 -> (t:1, i:199), STATEMACHINELOGENTRY, 486@client-E9D4BF423A8D
2023-02-23 08:35:23,637 [s0@group-CE97570DA9AE-StateMachineUpdater] INFO  impl.SimpleStateMachine4Testing (SimpleStateMachine4Testing.java:put(205)) - s0: put 201, m100 -> (t:1, i:201), STATEMACHINELOGENTRY, 487@client-E9D4BF423A8D
2023-02-23 08:35:23,640 [s0@group-CE97570DA9AE-StateMachineUpdater] INFO  impl.SimpleStateMachine4Testing (SimpleStateMachine4Testing.java:put(205)) - s0: put 203, m101 -> (t:1, i:203), STATEMACHINELOGENTRY, 488@client-E9D4BF423A8D
2023-02-23 08:35:23,643 [s0@group-CE97570DA9AE-StateMachineUpdater] INFO  impl.SimpleStateMachine4Testing (SimpleStateMachine4Testing.java:put(205)) - s0: put 205, m102 -> (t:1, i:205), STATEMACHINELOGENTRY, 489@client-E9D4BF423A8D
2023-02-23 08:35:23,645 [s0@group-CE97570DA9AE-StateMachineUpdater] INFO  impl.SimpleStateMachine4Testing (SimpleStateMachine4Testing.java:put(205)) - s0: put 207, m103 -> (t:1, i:207), STATEMACHINELOGENTRY, 490@client-E9D4BF423A8D
2023-02-23 08:35:23,648 [s0@group-CE97570DA9AE-StateMachineUpdater] INFO  impl.SimpleStateMachine4Testing (SimpleStateMachine4Testing.java:put(205)) - s0: put 209, m104 -> (t:1, i:209), STATEMACHINELOGENTRY, 491@client-E9D4BF423A8D
2023-02-23 08:35:23,652 [s0@group-CE97570DA9AE-StateMachineUpdater] INFO  impl.SimpleStateMachine4Testing (SimpleStateMachine4Testing.java:put(205)) - s0: put 211, m105 -> (t:1, i:211), STATEMACHINELOGENTRY, 492@client-E9D4BF423A8D
2023-02-23 08:35:23,654 [s0@group-CE97570DA9AE-StateMachineUpdater] INFO  impl.SimpleStateMachine4Testing (SimpleStateMachine4Testing.java:put(205)) - s0: put 213, m106 -> (t:1, i:213), STATEMACHINELOGENTRY, 493@client-E9D4BF423A8D
2023-02-23 08:35:23,656 [s0@group-CE97570DA9AE-StateMachineUpdater] INFO  impl.SimpleStateMachine4Testing (SimpleStateMachine4Testing.java:put(205)) - s0: put 215, m107 -> (t:1, i:215), STATEMACHINELOGENTRY, 494@client-E9D4BF423A8D
2023-02-23 08:35:23,659 [s0@group-CE97570DA9AE-StateMachineUpdater] INFO  impl.SimpleStateMachine4Testing (SimpleStateMachine4Testing.java:put(205)) - s0: put 217, m108 -> (t:1, i:217), STATEMACHINELOGENTRY, 495@client-E9D4BF423A8D
2023-02-23 08:35:23,661 [s0@group-CE97570DA9AE-StateMachineUpdater] INFO  impl.SimpleStateMachine4Testing (SimpleStateMachine4Testing.java:put(205)) - s0: put 219, m109 -> (t:1, i:219), STATEMACHINELOGENTRY, 496@client-E9D4BF423A8D
2023-02-23 08:35:23,664 [s0@group-CE97570DA9AE-StateMachineUpdater] INFO  impl.SimpleStateMachine4Testing (SimpleStateMachine4Testing.java:put(205)) - s0: put 221, m110 -> (t:1, i:221), STATEMACHINELOGENTRY, 497@client-E9D4BF423A8D
2023-02-23 08:35:23,667 [s0@group-CE97570DA9AE-StateMachineUpdater] INFO  impl.SimpleStateMachine4Testing (SimpleStateMachine4Testing.java:put(205)) - s0: put 223, m111 -> (t:1, i:223), STATEMACHINELOGENTRY, 498@client-E9D4BF423A8D
2023-02-23 08:35:23,670 [s0@group-CE97570DA9AE-StateMachineUpdater] INFO  impl.SimpleStateMachine4Testing (SimpleStateMachine4Testing.java:put(205)) - s0: put 225, m112 -> (t:1, i:225), STATEMACHINELOGENTRY, 499@client-E9D4BF423A8D
2023-02-23 08:35:23,672 [s0@group-CE97570DA9AE-StateMachineUpdater] INFO  impl.SimpleStateMachine4Testing (SimpleStateMachine4Testing.java:put(205)) - s0: put 227, m113 -> (t:1, i:227), STATEMACHINELOGENTRY, 500@client-E9D4BF423A8D
2023-02-23 08:35:23,675 [s0@group-CE97570DA9AE-StateMachineUpdater] INFO  impl.SimpleStateMachine4Testing (SimpleStateMachine4Testing.java:put(205)) - s0: put 229, m114 -> (t:1, i:229), STATEMACHINELOGENTRY, 501@client-E9D4BF423A8D
2023-02-23 08:35:23,677 [s0@group-CE97570DA9AE-StateMachineUpdater] INFO  impl.SimpleStateMachine4Testing (SimpleStateMachine4Testing.java:put(205)) - s0: put 231, m115 -> (t:1, i:231), STATEMACHINELOGENTRY, 502@client-E9D4BF423A8D
2023-02-23 08:35:23,680 [s0@group-CE97570DA9AE-StateMachineUpdater] INFO  impl.SimpleStateMachine4Testing (SimpleStateMachine4Testing.java:put(205)) - s0: put 233, m116 -> (t:1, i:233), STATEMACHINELOGENTRY, 503@client-E9D4BF423A8D
2023-02-23 08:35:23,682 [s0@group-CE97570DA9AE-StateMachineUpdater] INFO  impl.SimpleStateMachine4Testing (SimpleStateMachine4Testing.java:put(205)) - s0: put 235, m117 -> (t:1, i:235), STATEMACHINELOGENTRY, 504@client-E9D4BF423A8D
2023-02-23 08:35:23,685 [s0@group-CE97570DA9AE-StateMachineUpdater] INFO  impl.SimpleStateMachine4Testing (SimpleStateMachine4Testing.java:put(205)) - s0: put 237, m118 -> (t:1, i:237), STATEMACHINELOGENTRY, 505@client-E9D4BF423A8D
2023-02-23 08:35:23,687 [s0@group-CE97570DA9AE-StateMachineUpdater] INFO  impl.SimpleStateMachine4Testing (SimpleStateMachine4Testing.java:put(205)) - s0: put 239, m119 -> (t:1, i:239), STATEMACHINELOGENTRY, 506@client-E9D4BF423A8D
2023-02-23 08:35:23,689 [s0@group-CE97570DA9AE-StateMachineUpdater] INFO  impl.SimpleStateMachine4Testing (SimpleStateMachine4Testing.java:put(205)) - s0: put 241, m120 -> (t:1, i:241), STATEMACHINELOGENTRY, 507@client-E9D4BF423A8D
2023-02-23 08:35:23,692 [s0@group-CE97570DA9AE-StateMachineUpdater] INFO  impl.SimpleStateMachine4Testing (SimpleStateMachine4Testing.java:put(205)) - s0: put 243, m121 -> (t:1, i:243), STATEMACHINELOGENTRY, 508@client-E9D4BF423A8D
2023-02-23 08:35:23,694 [s0@group-CE97570DA9AE-StateMachineUpdater] INFO  impl.SimpleStateMachine4Testing (SimpleStateMachine4Testing.java:put(205)) - s0: put 245, m122 -> (t:1, i:245), STATEMACHINELOGENTRY, 509@client-E9D4BF423A8D
2023-02-23 08:35:23,697 [s0@group-CE97570DA9AE-StateMachineUpdater] INFO  impl.SimpleStateMachine4Testing (SimpleStateMachine4Testing.java:put(205)) - s0: put 247, m123 -> (t:1, i:247), STATEMACHINELOGENTRY, 510@client-E9D4BF423A8D
2023-02-23 08:35:23,700 [s0@group-CE97570DA9AE-StateMachineUpdater] INFO  impl.SimpleStateMachine4Testing (SimpleStateMachine4Testing.java:put(205)) - s0: put 249, m124 -> (t:1, i:249), STATEMACHINELOGENTRY, 511@client-E9D4BF423A8D
2023-02-23 08:35:23,703 [s0@group-CE97570DA9AE-StateMachineUpdater] INFO  impl.SimpleStateMachine4Testing (SimpleStateMachine4Testing.java:put(205)) - s0: put 251, m125 -> (t:1, i:251), STATEMACHINELOGENTRY, 512@client-E9D4BF423A8D
2023-02-23 08:35:23,705 [s0@group-CE97570DA9AE-StateMachineUpdater] INFO  impl.SimpleStateMachine4Testing (SimpleStateMachine4Testing.java:put(205)) - s0: put 253, m126 -> (t:1, i:253), STATEMACHINELOGENTRY, 513@client-E9D4BF423A8D
2023-02-23 08:35:23,714 [s0-server-thread1] INFO  server.RaftServer$Division (RaftServerImpl.java:takeSnapshotAsync(1128)) - s0@group-CE97570DA9AE: takeSnapshotAsync SnapshotManagementRequest:client-E9D4BF423A8D->s0@group-CE97570DA9AE, cid=514, seq=0, RO, null, Create:
2023-02-23 08:35:23,714 [s0-server-thread1] INFO  server.RaftServerConfigKeys (ConfUtils.java:logGet(46)) - raft.server.snapshot.creation.gap = 1024 (default)
2023-02-23 08:35:23,723 [Time-limited test] INFO  impl.MiniRaftCluster (MiniRaftCluster.java:addNewPeers(464)) - Add new peers [s1, s2]
2023-02-23 08:35:23,723 [Time-limited test] INFO  impl.MiniRaftCluster (MiniRaftCluster.java:newRaftServer(382)) - newRaftServer: s1, group-CE97570DA9AE:[], format? true
2023-02-23 08:35:23,723 [Time-limited test] TRACE util.FileUtils (FileUtils.java:deleteFully(201)) - deleteFully target/test/data/98de01a3/MiniRaftClusterWithGrpcd59d23fd/s1
2023-02-23 08:35:23,723 [Time-limited test] TRACE util.FileUtils (FileUtils.java:deleteFully(217)) - deleteFully: target/test/data/98de01a3/MiniRaftClusterWithGrpcd59d23fd/s1 does not exist.
2023-02-23 08:35:23,723 [Time-limited test] INFO  impl.MiniRaftCluster (MiniRaftCluster.java:newRaftServer(387)) - Formatted directory target/test/data/98de01a3/MiniRaftClusterWithGrpcd59d23fd/s1
2023-02-23 08:35:23,723 [Time-limited test] INFO  server.RaftServer (ConfUtils.java:logGet(46)) - raft.rpc.type = GRPC (default)
2023-02-23 08:35:23,723 [Time-limited test] INFO  grpc.GrpcConfigKeys (ConfUtils.java:logFallback(53)) - raft.grpc.admin.host = null (fallback to raft.grpc.server.host)
2023-02-23 08:35:23,723 [Time-limited test] INFO  grpc.GrpcConfigKeys (ConfUtils.java:logFallback(53)) - raft.grpc.admin.port = 46013 (fallback to raft.grpc.server.port)
2023-02-23 08:35:23,724 [Time-limited test] INFO  grpc.GrpcConfigKeys (ConfUtils.java:logFallback(53)) - raft.grpc.client.host = null (fallback to raft.grpc.server.host)
2023-02-23 08:35:23,724 [Time-limited test] INFO  grpc.GrpcConfigKeys (ConfUtils.java:logFallback(53)) - raft.grpc.client.port = 46013 (fallback to raft.grpc.server.port)
2023-02-23 08:35:23,724 [Time-limited test] INFO  grpc.GrpcConfigKeys (ConfUtils.java:logGet(46)) - raft.grpc.server.host = null (default)
2023-02-23 08:35:23,724 [Time-limited test] INFO  grpc.GrpcConfigKeys (ConfUtils.java:logGet(46)) - raft.grpc.server.port = 46013 (custom)
2023-02-23 08:35:23,724 [Time-limited test] INFO  server.GrpcService (ConfUtils.java:logGet(46)) - raft.grpc.message.size.max = 64MB (=67108864) (default)
2023-02-23 08:35:23,724 [Time-limited test] INFO  server.RaftServerConfigKeys (ConfUtils.java:logGet(46)) - raft.server.log.appender.buffer.byte-limit = 4MB (=4194304) (default)
2023-02-23 08:35:23,724 [Time-limited test] INFO  server.GrpcService (ConfUtils.java:logGet(46)) - raft.grpc.flow.control.window = 1MB (=1048576) (default)
2023-02-23 08:35:23,724 [Time-limited test] INFO  server.RaftServerConfigKeys (ConfUtils.java:logGet(46)) - raft.server.rpc.request.timeout = 3000ms (default)
2023-02-23 08:35:23,724 [Time-limited test] INFO  grpc.GrpcConfigKeys (ConfUtils.java:logGet(46)) - raft.grpc.server.heartbeat.channel = true (default)
2023-02-23 08:35:23,724 [Time-limited test] INFO  grpc.GrpcConfigKeys (ConfUtils.java:logGet(46)) - raft.grpc.server.async.request.thread.pool.cached = true (default)
2023-02-23 08:35:23,724 [Time-limited test] INFO  grpc.GrpcConfigKeys (ConfUtils.java:logGet(46)) - raft.grpc.server.async.request.thread.pool.size = 32 (default)
2023-02-23 08:35:23,725 [Time-limited test] INFO  impl.DataStreamServerImpl (ConfUtils.java:logGet(46)) - raft.datastream.type = DISABLED (default)
2023-02-23 08:35:23,725 [Time-limited test] INFO  server.RaftServerConfigKeys (ConfUtils.java:logGet(46)) - raft.server.threadpool.proxy.cached = true (default)
2023-02-23 08:35:23,725 [Time-limited test] INFO  server.RaftServerConfigKeys (ConfUtils.java:logGet(46)) - raft.server.threadpool.proxy.size = 0 (default)
2023-02-23 08:35:23,725 [Time-limited test] INFO  server.RaftServerConfigKeys (ConfUtils.java:logGet(46)) - raft.server.rpc.slowness.timeout = 60s (default)
2023-02-23 08:35:23,725 [Time-limited test] INFO  server.RaftServerConfigKeys (ConfUtils.java:logGet(46)) - raft.server.leaderelection.leader.step-down.wait-time = 10s (default)
2023-02-23 08:35:23,726 [Time-limited test] INFO  server.RaftServerConfigKeys (ConfUtils.java:logGet(46)) - raft.server.storage.dir = [/home/runner/work/ratis/ratis/ratis-test/target/test/data/98de01a3/MiniRaftClusterWithGrpcd59d23fd/s1] (custom)
2023-02-23 08:35:23,726 [Time-limited test] INFO  server.RaftServer (RaftServerProxy.java:addNew(99)) - s1: addNew group-CE97570DA9AE:[] returns group-CE97570DA9AE:java.util.concurrent.CompletableFuture@249aee2e[Not completed]
2023-02-23 08:35:23,726 [Time-limited test] INFO  impl.MiniRaftCluster (MiniRaftCluster.java:newRaftServer(382)) - newRaftServer: s2, group-CE97570DA9AE:[], format? true
2023-02-23 08:35:23,726 [Time-limited test] TRACE util.FileUtils (FileUtils.java:deleteFully(201)) - deleteFully target/test/data/98de01a3/MiniRaftClusterWithGrpcd59d23fd/s2
2023-02-23 08:35:23,726 [Time-limited test] TRACE util.FileUtils (FileUtils.java:deleteFully(217)) - deleteFully: target/test/data/98de01a3/MiniRaftClusterWithGrpcd59d23fd/s2 does not exist.
2023-02-23 08:35:23,726 [Time-limited test] INFO  impl.MiniRaftCluster (MiniRaftCluster.java:newRaftServer(387)) - Formatted directory target/test/data/98de01a3/MiniRaftClusterWithGrpcd59d23fd/s2
2023-02-23 08:35:23,727 [Time-limited test] INFO  server.RaftServer (ConfUtils.java:logGet(46)) - raft.rpc.type = GRPC (default)
2023-02-23 08:35:23,727 [Time-limited test] INFO  grpc.GrpcConfigKeys (ConfUtils.java:logFallback(53)) - raft.grpc.admin.host = null (fallback to raft.grpc.server.host)
2023-02-23 08:35:23,727 [Time-limited test] INFO  grpc.GrpcConfigKeys (ConfUtils.java:logFallback(53)) - raft.grpc.admin.port = 37357 (fallback to raft.grpc.server.port)
2023-02-23 08:35:23,727 [Time-limited test] INFO  grpc.GrpcConfigKeys (ConfUtils.java:logFallback(53)) - raft.grpc.client.host = null (fallback to raft.grpc.server.host)
2023-02-23 08:35:23,727 [Time-limited test] INFO  grpc.GrpcConfigKeys (ConfUtils.java:logFallback(53)) - raft.grpc.client.port = 37357 (fallback to raft.grpc.server.port)
2023-02-23 08:35:23,727 [Time-limited test] INFO  grpc.GrpcConfigKeys (ConfUtils.java:logGet(46)) - raft.grpc.server.host = null (default)
2023-02-23 08:35:23,727 [Time-limited test] INFO  grpc.GrpcConfigKeys (ConfUtils.java:logGet(46)) - raft.grpc.server.port = 37357 (custom)
2023-02-23 08:35:23,727 [Time-limited test] INFO  server.GrpcService (ConfUtils.java:logGet(46)) - raft.grpc.message.size.max = 64MB (=67108864) (default)
2023-02-23 08:35:23,727 [Time-limited test] INFO  server.RaftServerConfigKeys (ConfUtils.java:logGet(46)) - raft.server.log.appender.buffer.byte-limit = 4MB (=4194304) (default)
2023-02-23 08:35:23,728 [Time-limited test] INFO  server.GrpcService (ConfUtils.java:logGet(46)) - raft.grpc.flow.control.window = 1MB (=1048576) (default)
2023-02-23 08:35:23,728 [Time-limited test] INFO  server.RaftServerConfigKeys (ConfUtils.java:logGet(46)) - raft.server.rpc.request.timeout = 3000ms (default)
2023-02-23 08:35:23,728 [Time-limited test] INFO  grpc.GrpcConfigKeys (ConfUtils.java:logGet(46)) - raft.grpc.server.heartbeat.channel = true (default)
2023-02-23 08:35:23,728 [Time-limited test] INFO  grpc.GrpcConfigKeys (ConfUtils.java:logGet(46)) - raft.grpc.server.async.request.thread.pool.cached = true (default)
2023-02-23 08:35:23,728 [Time-limited test] INFO  grpc.GrpcConfigKeys (ConfUtils.java:logGet(46)) - raft.grpc.server.async.request.thread.pool.size = 32 (default)
2023-02-23 08:35:23,729 [Time-limited test] INFO  impl.DataStreamServerImpl (ConfUtils.java:logGet(46)) - raft.datastream.type = DISABLED (default)
2023-02-23 08:35:23,729 [Time-limited test] INFO  server.RaftServerConfigKeys (ConfUtils.java:logGet(46)) - raft.server.threadpool.proxy.cached = true (default)
2023-02-23 08:35:23,729 [Time-limited test] INFO  server.RaftServerConfigKeys (ConfUtils.java:logGet(46)) - raft.server.threadpool.proxy.size = 0 (default)
2023-02-23 08:35:23,729 [Time-limited test] INFO  server.RaftServerConfigKeys (ConfUtils.java:logGet(46)) - raft.server.rpc.slowness.timeout = 60s (default)
2023-02-23 08:35:23,729 [Time-limited test] INFO  server.RaftServerConfigKeys (ConfUtils.java:logGet(46)) - raft.server.leaderelection.leader.step-down.wait-time = 10s (default)
2023-02-23 08:35:23,729 [Time-limited test] INFO  server.RaftServerConfigKeys (ConfUtils.java:logGet(46)) - raft.server.storage.dir = [/home/runner/work/ratis/ratis/ratis-test/target/test/data/98de01a3/MiniRaftClusterWithGrpcd59d23fd/s2] (custom)
2023-02-23 08:35:23,729 [s1-groupManagement] INFO  server.RaftServerConfigKeys (ConfUtils.java:logGet(46)) - raft.server.log.segment.size.max = 8MB (=8388608) (default)
2023-02-23 08:35:23,729 [s1-groupManagement] INFO  server.RaftServerConfigKeys (ConfUtils.java:logGet(46)) - raft.server.log.preallocated.size = 4MB (=4194304) (default)
2023-02-23 08:35:23,730 [s1-groupManagement] INFO  server.RaftServerConfigKeys (ConfUtils.java:logGet(46)) - raft.server.log.write.buffer.size = 64KB (=65536) (default)
2023-02-23 08:35:23,730 [s1-groupManagement] INFO  server.RaftServer$Division (RaftServerImpl.java:<init>(198)) - s1: new RaftServerImpl for group-CE97570DA9AE:[] with StateMachineWithSeparatedSnapshotPath:uninitialized
2023-02-23 08:35:23,730 [s1-groupManagement] INFO  server.RaftServerConfigKeys (ConfUtils.java:logGet(46)) - raft.server.rpc.timeout.min = 150ms (default)
2023-02-23 08:35:23,730 [s1-groupManagement] INFO  server.RaftServerConfigKeys (ConfUtils.java:logGet(46)) - raft.server.rpc.timeout.max = 300ms (default)
2023-02-23 08:35:23,730 [s1-groupManagement] INFO  server.RaftServerConfigKeys (ConfUtils.java:logGet(46)) - raft.server.rpc.sleep.time = 25ms (default)
2023-02-23 08:35:23,730 [s1-groupManagement] INFO  server.RaftServerConfigKeys (ConfUtils.java:logGet(46)) - raft.server.rpc.slowness.timeout = 60s (default)
2023-02-23 08:35:23,730 [s1-groupManagement] INFO  server.RaftServerConfigKeys (ConfUtils.java:logGet(46)) - raft.server.leaderelection.leader.step-down.wait-time = 10s (default)
2023-02-23 08:35:23,730 [s1-groupManagement] INFO  server.RaftServerConfigKeys (ConfUtils.java:logGet(46)) - raft.server.sleep.deviation.threshold = 300ms (default)
2023-02-23 08:35:23,730 [s1-groupManagement] INFO  server.RaftServer$Division (ServerState.java:<init>(113)) - s1@group-CE97570DA9AE: ConfigurationManager, init=-1: peers:[]|listeners:[], old=null, confs=<EMPTY_MAP>
2023-02-23 08:35:23,730 [s1-groupManagement] INFO  server.RaftServerConfigKeys (ConfUtils.java:logGet(46)) - raft.server.notification.no-leader.timeout = 60s (default)
2023-02-23 08:35:23,730 [s1-groupManagement] INFO  server.RaftServerConfigKeys (ConfUtils.java:logGet(46)) - raft.server.read.timeout = 10s (default)
2023-02-23 08:35:23,730 [s1-groupManagement] INFO  server.RaftServerConfigKeys (ConfUtils.java:logGet(46)) - raft.server.retrycache.expirytime = 60s (default)
2023-02-23 08:35:23,730 [s1-groupManagement] INFO  server.RaftServerConfigKeys (ConfUtils.java:logGet(46)) - raft.server.retrycache.statistics.expirytime = 100μs (default)
2023-02-23 08:35:23,731 [s1-groupManagement] INFO  server.RaftServerConfigKeys (ConfUtils.java:logGet(46)) - raft.server.read.option = DEFAULT (default)
2023-02-23 08:35:23,732 [s1-groupManagement] INFO  server.RaftServerConfigKeys (ConfUtils.java:logGet(46)) - raft.server.log.appender.install.snapshot.enabled = true (default)
2023-02-23 08:35:23,732 [s1-groupManagement] INFO  server.RaftServerConfigKeys (ConfUtils.java:logGet(46)) - raft.server.threadpool.server.cached = true (default)
2023-02-23 08:35:23,732 [s1-groupManagement] INFO  server.RaftServerConfigKeys (ConfUtils.java:logGet(46)) - raft.server.threadpool.server.size = 0 (default)
2023-02-23 08:35:23,732 [s1-groupManagement] INFO  server.RaftServerConfigKeys (ConfUtils.java:logGet(46)) - raft.server.threadpool.client.cached = true (default)
2023-02-23 08:35:23,732 [s1-groupManagement] INFO  server.RaftServerConfigKeys (ConfUtils.java:logGet(46)) - raft.server.threadpool.client.size = 0 (default)
2023-02-23 08:35:23,733 [Time-limited test] INFO  server.RaftServer (RaftServerProxy.java:addNew(99)) - s2: addNew group-CE97570DA9AE:[] returns group-CE97570DA9AE:java.util.concurrent.CompletableFuture@33647737[Not completed]
2023-02-23 08:35:23,734 [s1-impl-thread1] INFO  server.RaftServerConfigKeys (ConfUtils.java:logGet(46)) - raft.server.storage.free-space.min = 0MB (=0) (default)
2023-02-23 08:35:23,734 [s1-impl-thread1] INFO  server.RaftServerConfigKeys (ConfUtils.java:logGet(46)) - raft.server.log.corruption.policy = EXCEPTION (default)
2023-02-23 08:35:23,734 [s1-impl-thread1] INFO  server.RaftServerConfigKeys (ConfUtils.java:logGet(46)) - raft.server.storage.dir = [/home/runner/work/ratis/ratis/ratis-test/target/test/data/98de01a3/MiniRaftClusterWithGrpcd59d23fd/s1] (custom)
2023-02-23 08:35:23,734 [s1-impl-thread1] INFO  storage.RaftStorageDirectory (RaftStorageDirectoryImpl.java:analyzeStorage(138)) - The storage directory /home/runner/work/ratis/ratis/ratis-test/target/test/data/98de01a3/MiniRaftClusterWithGrpcd59d23fd/s1/6d778973-fe73-4818-86b5-ce97570da9ae does not exist. Creating ...
2023-02-23 08:35:23,734 [s1-impl-thread1] TRACE util.FileUtils (LogUtils.java:runAndLog(49)) - Successfully ran Files.createDirectories /home/runner/work/ratis/ratis/ratis-test/target/test/data/98de01a3/MiniRaftClusterWithGrpcd59d23fd/s1/6d778973-fe73-4818-86b5-ce97570da9ae
2023-02-23 08:35:23,735 [s2-groupManagement] INFO  server.RaftServerConfigKeys (ConfUtils.java:logGet(46)) - raft.server.log.segment.size.max = 8MB (=8388608) (default)
2023-02-23 08:35:23,735 [s2-groupManagement] INFO  server.RaftServerConfigKeys (ConfUtils.java:logGet(46)) - raft.server.log.preallocated.size = 4MB (=4194304) (default)
2023-02-23 08:35:23,736 [s2-groupManagement] INFO  server.RaftServerConfigKeys (ConfUtils.java:logGet(46)) - raft.server.log.write.buffer.size = 64KB (=65536) (default)
2023-02-23 08:35:23,736 [s2-groupManagement] INFO  server.RaftServer$Division (RaftServerImpl.java:<init>(198)) - s2: new RaftServerImpl for group-CE97570DA9AE:[] with StateMachineWithSeparatedSnapshotPath:uninitialized
2023-02-23 08:35:23,736 [s2-groupManagement] INFO  server.RaftServerConfigKeys (ConfUtils.java:logGet(46)) - raft.server.rpc.timeout.min = 150ms (default)
2023-02-23 08:35:23,736 [s2-groupManagement] INFO  server.RaftServerConfigKeys (ConfUtils.java:logGet(46)) - raft.server.rpc.timeout.max = 300ms (default)
2023-02-23 08:35:23,736 [s2-groupManagement] INFO  server.RaftServerConfigKeys (ConfUtils.java:logGet(46)) - raft.server.rpc.sleep.time = 25ms (default)
2023-02-23 08:35:23,736 [s2-groupManagement] INFO  server.RaftServerConfigKeys (ConfUtils.java:logGet(46)) - raft.server.rpc.slowness.timeout = 60s (default)
2023-02-23 08:35:23,736 [s2-groupManagement] INFO  server.RaftServerConfigKeys (ConfUtils.java:logGet(46)) - raft.server.leaderelection.leader.step-down.wait-time = 10s (default)
2023-02-23 08:35:23,736 [s2-groupManagement] INFO  server.RaftServerConfigKeys (ConfUtils.java:logGet(46)) - raft.server.sleep.deviation.threshold = 300ms (default)
2023-02-23 08:35:23,736 [s2-groupManagement] INFO  server.RaftServer$Division (ServerState.java:<init>(113)) - s2@group-CE97570DA9AE: ConfigurationManager, init=-1: peers:[]|listeners:[], old=null, confs=<EMPTY_MAP>
2023-02-23 08:35:23,736 [s2-groupManagement] INFO  server.RaftServerConfigKeys (ConfUtils.java:logGet(46)) - raft.server.notification.no-leader.timeout = 60s (default)
2023-02-23 08:35:23,736 [s2-groupManagement] INFO  server.RaftServerConfigKeys (ConfUtils.java:logGet(46)) - raft.server.read.timeout = 10s (default)
2023-02-23 08:35:23,737 [s1-impl-thread1] INFO  storage.RaftStorageDirectory (RaftStorageDirectoryImpl.java:tryLock(232)) - Lock on /home/runner/work/ratis/ratis/ratis-test/target/test/data/98de01a3/MiniRaftClusterWithGrpcd59d23fd/s1/6d778973-fe73-4818-86b5-ce97570da9ae/in_use.lock acquired by nodename 3101@fv-az264-150
2023-02-23 08:35:23,737 [s1-impl-thread1] TRACE util.FileUtils (LogUtils.java:runAndLog(49)) - Successfully ran Files.createDirectories /home/runner/work/ratis/ratis/ratis-test/target/test/data/98de01a3/MiniRaftClusterWithGrpcd59d23fd/s1/6d778973-fe73-4818-86b5-ce97570da9ae/current
2023-02-23 08:35:23,737 [s1-impl-thread1] TRACE util.FileUtils (LogUtils.java:runAndLog(49)) - Successfully ran Files.createDirectories /home/runner/work/ratis/ratis/ratis-test/target/test/data/98de01a3/MiniRaftClusterWithGrpcd59d23fd/s1/6d778973-fe73-4818-86b5-ce97570da9ae/sm
2023-02-23 08:35:23,737 [s2-groupManagement] INFO  server.RaftServerConfigKeys (ConfUtils.java:logGet(46)) - raft.server.retrycache.expirytime = 60s (default)
2023-02-23 08:35:23,737 [s2-groupManagement] INFO  server.RaftServerConfigKeys (ConfUtils.java:logGet(46)) - raft.server.retrycache.statistics.expirytime = 100μs (default)
2023-02-23 08:35:23,738 [s2-groupManagement] INFO  server.RaftServerConfigKeys (ConfUtils.java:logGet(46)) - raft.server.read.option = DEFAULT (default)
2023-02-23 08:35:23,739 [s1-impl-thread1] INFO  storage.RaftStorage (RaftStorageImpl.java:format(96)) - Storage directory /home/runner/work/ratis/ratis/ratis-test/target/test/data/98de01a3/MiniRaftClusterWithGrpcd59d23fd/s1/6d778973-fe73-4818-86b5-ce97570da9ae has been successfully formatted.
2023-02-23 08:35:23,739 [s1-impl-thread1] INFO  impl.SimpleStateMachine4Testing (SimpleStateMachine4Testing.java:initialize(213)) - Initializing StateMachineWithSeparatedSnapshotPath:uninitialized
2023-02-23 08:35:23,739 [s1-impl-thread1] INFO  impl.SimpleStateMachine4Testing (SimpleStateMachine4Testing.java:loadSnapshot(293)) - Loading snapshot null
2023-02-23 08:35:23,739 [s1-impl-thread1] TRACE util.FileUtils (FileUtils.java:deleteFully(201)) - deleteFully /tmp/ratis-tests/statemachine/s1
2023-02-23 08:35:23,740 [s1-impl-thread1] TRACE util.FileUtils (LogUtils.java:runAndLog(49)) - Successfully ran Files.delete /tmp/ratis-tests/statemachine/s1/tmp
2023-02-23 08:35:23,740 [s2-groupManagement] INFO  server.RaftServerConfigKeys (ConfUtils.java:logGet(46)) - raft.server.log.appender.install.snapshot.enabled = true (default)
2023-02-23 08:35:23,740 [s2-groupManagement] INFO  server.RaftServerConfigKeys (ConfUtils.java:logGet(46)) - raft.server.threadpool.server.cached = true (default)
2023-02-23 08:35:23,740 [s2-groupManagement] INFO  server.RaftServerConfigKeys (ConfUtils.java:logGet(46)) - raft.server.threadpool.server.size = 0 (default)
2023-02-23 08:35:23,740 [s1-impl-thread1] TRACE util.FileUtils (LogUtils.java:runAndLog(49)) - Successfully ran Files.delete /tmp/ratis-tests/statemachine/s1/snapshot/1_191/deer
2023-02-23 08:35:23,740 [s2-groupManagement] INFO  server.RaftServerConfigKeys (ConfUtils.java:logGet(46)) - raft.server.threadpool.client.cached = true (default)
2023-02-23 08:35:23,740 [s2-groupManagement] INFO  server.RaftServerConfigKeys (ConfUtils.java:logGet(46)) - raft.server.threadpool.client.size = 0 (default)
2023-02-23 08:35:23,740 [s1-impl-thread1] TRACE util.FileUtils (LogUtils.java:runAndLog(49)) - Successfully ran Files.delete /tmp/ratis-tests/statemachine/s1/snapshot/1_191/loves
2023-02-23 08:35:23,741 [s1-impl-thread1] TRACE util.FileUtils (LogUtils.java:runAndLog(49)) - Successfully ran Files.delete /tmp/ratis-tests/statemachine/s1/snapshot/1_191/vegetable.md5
2023-02-23 08:35:23,742 [s1-impl-thread1] TRACE util.FileUtils (LogUtils.java:runAndLog(49)) - Successfully ran Files.delete /tmp/ratis-tests/statemachine/s1/snapshot/1_191/loves.md5
2023-02-23 08:35:23,742 [s1-impl-thread1] TRACE util.FileUtils (LogUtils.java:runAndLog(49)) - Successfully ran Files.delete /tmp/ratis-tests/statemachine/s1/snapshot/1_191/deer.md5
2023-02-23 08:35:23,742 [s1-impl-thread1] TRACE util.FileUtils (LogUtils.java:runAndLog(49)) - Successfully ran Files.delete /tmp/ratis-tests/statemachine/s1/snapshot/1_191/vegetable
2023-02-23 08:35:23,742 [s1-impl-thread1] TRACE util.FileUtils (LogUtils.java:runAndLog(49)) - Successfully ran Files.delete /tmp/ratis-tests/statemachine/s1/snapshot/1_191
2023-02-23 08:35:23,742 [s1-impl-thread1] TRACE util.FileUtils (LogUtils.java:runAndLog(49)) - Successfully ran Files.delete /tmp/ratis-tests/statemachine/s1/snapshot/1_257/deer
2023-02-23 08:35:23,742 [s1-impl-thread1] TRACE util.FileUtils (LogUtils.java:runAndLog(49)) - Successfully ran Files.delete /tmp/ratis-tests/statemachine/s1/snapshot/1_257/loves
2023-02-23 08:35:23,742 [s1-impl-thread1] TRACE util.FileUtils (LogUtils.java:runAndLog(49)) - Successfully ran Files.delete /tmp/ratis-tests/statemachine/s1/snapshot/1_257/vegetable
2023-02-23 08:35:23,742 [s1-impl-thread1] TRACE util.FileUtils (LogUtils.java:runAndLog(49)) - Successfully ran Files.delete /tmp/ratis-tests/statemachine/s1/snapshot/1_257
2023-02-23 08:35:23,742 [s1-impl-thread1] TRACE util.FileUtils (LogUtils.java:runAndLog(49)) - Successfully ran Files.delete /tmp/ratis-tests/statemachine/s1/snapshot
2023-02-23 08:35:23,742 [s1-impl-thread1] TRACE util.FileUtils (LogUtils.java:runAndLog(49)) - Successfully ran Files.delete /tmp/ratis-tests/statemachine/s1
2023-02-23 08:35:23,743 [s1-impl-thread1] INFO  server.RaftServerConfigKeys (ConfUtils.java:logGet(46)) - raft.server.log.use.memory = false (default)
2023-02-23 08:35:23,743 [s1-impl-thread1] INFO  server.RaftServerConfigKeys (ConfUtils.java:logGet(46)) - raft.server.log.purge.gap = 8 (custom)
2023-02-23 08:35:23,743 [s1-impl-thread1] INFO  server.RaftServerConfigKeys (ConfUtils.java:logGet(46)) - raft.server.log.appender.buffer.byte-limit = 4MB (=4194304) (default)
2023-02-23 08:35:23,743 [s1-impl-thread1] INFO  server.RaftServerConfigKeys (ConfUtils.java:logGet(46)) - raft.server.log.statemachine.data.read.timeout = 1000ms (default)
2023-02-23 08:35:23,743 [s1-impl-thread1] INFO  server.RaftServerConfigKeys (ConfUtils.java:logGet(46)) - raft.server.log.purge.preservation.log.num = 0 (default)
2023-02-23 08:35:23,743 [s1-impl-thread1] INFO  server.RaftServerConfigKeys (ConfUtils.java:logGet(46)) - raft.server.log.segment.size.max = 8MB (=8388608) (default)
2023-02-23 08:35:23,744 [s1-impl-thread1] INFO  server.RaftServerConfigKeys (ConfUtils.java:logGet(46)) - raft.server.log.segment.cache.num.max = 6 (default)
2023-02-23 08:35:23,744 [s1-impl-thread1] INFO  server.RaftServerConfigKeys (ConfUtils.java:logGet(46)) - raft.server.log.segment.cache.size.max = 200MB (=209715200) (default)
2023-02-23 08:35:23,744 [s1-impl-thread1] INFO  server.RaftServerConfigKeys (ConfUtils.java:logGet(46)) - raft.server.log.appender.buffer.byte-limit = 4MB (=4194304) (default)
2023-02-23 08:35:23,744 [s1-impl-thread1] INFO  segmented.SegmentedRaftLogWorker (SegmentedRaftLogWorker.java:<init>(183)) - new s1@group-CE97570DA9AE-SegmentedRaftLogWorker for RaftStorageImpl:Storage Directory /home/runner/work/ratis/ratis/ratis-test/target/test/data/98de01a3/MiniRaftClusterWithGrpcd59d23fd/s1/6d778973-fe73-4818-86b5-ce97570da9ae
2023-02-23 08:35:23,744 [s1-impl-thread1] INFO  server.RaftServerConfigKeys (ConfUtils.java:logGet(46)) - raft.server.log.queue.byte-limit = 64MB (=67108864) (default)
2023-02-23 08:35:23,744 [s1-impl-thread1] INFO  server.RaftServerConfigKeys (ConfUtils.java:logGet(46)) - raft.server.log.queue.element-limit = 4096 (default)
2023-02-23 08:35:23,744 [s1-impl-thread1] INFO  server.RaftServerConfigKeys (ConfUtils.java:logGet(46)) - raft.server.log.segment.size.max = 8MB (=8388608) (default)
2023-02-23 08:35:23,744 [s1-impl-thread1] INFO  server.RaftServerConfigKeys (ConfUtils.java:logGet(46)) - raft.server.log.preallocated.size = 4MB (=4194304) (default)
2023-02-23 08:35:23,744 [s1-impl-thread1] INFO  server.RaftServerConfigKeys (ConfUtils.java:logGet(46)) - raft.server.log.force.sync.num = 128 (default)
2023-02-23 08:35:23,744 [s1-impl-thread1] INFO  server.RaftServerConfigKeys (ConfUtils.java:logGet(46)) - raft.server.log.statemachine.data.sync = true (default)
2023-02-23 08:35:23,744 [s1-impl-thread1] INFO  server.RaftServerConfigKeys (ConfUtils.java:logGet(46)) - raft.server.log.statemachine.data.sync.timeout = 10s (default)
2023-02-23 08:35:23,744 [s1-impl-thread1] INFO  server.RaftServerConfigKeys (ConfUtils.java:logGet(46)) - raft.server.log.statemachine.data.sync.timeout.retry = -1 (default)
2023-02-23 08:35:23,744 [s1-impl-thread1] INFO  server.RaftServerConfigKeys (ConfUtils.java:logGet(46)) - raft.server.log.write.buffer.size = 64KB (=65536) (default)
2023-02-23 08:35:23,745 [s1-impl-thread1] INFO  server.RaftServerConfigKeys (ConfUtils.java:logGet(46)) - raft.server.log.appender.buffer.byte-limit = 4MB (=4194304) (default)
2023-02-23 08:35:23,747 [s1-impl-thread1] INFO  server.RaftServerConfigKeys (ConfUtils.java:logGet(46)) - raft.server.log.unsafe-flush.enabled = false (default)
2023-02-23 08:35:23,747 [s1-impl-thread1] INFO  server.RaftServerConfigKeys (ConfUtils.java:logGet(46)) - raft.server.log.async-flush.enabled = false (default)
2023-02-23 08:35:23,747 [s1-impl-thread1] INFO  server.RaftServerConfigKeys (ConfUtils.java:logGet(46)) - raft.server.log.statemachine.data.caching.enabled = false (default)
2023-02-23 08:35:23,748 [s1-impl-thread1] INFO  segmented.SegmentedRaftLogWorker (SegmentedRaftLogWorker.java:lambda$new$0(134)) - s1@group-CE97570DA9AE-SegmentedRaftLogWorker: flushIndex: setUnconditionally 0 -> -1
2023-02-23 08:35:23,748 [s1-impl-thread1] INFO  segmented.SegmentedRaftLogWorker (SegmentedRaftLogWorker.java:lambda$new$0(134)) - s1@group-CE97570DA9AE-SegmentedRaftLogWorker: safeCacheEvictIndex: setUnconditionally 0 -> -1
2023-02-23 08:35:23,748 [s1-impl-thread1] INFO  server.RaftServer$Division (RaftServerImpl.java:start(348)) - s1@group-CE97570DA9AE: start with initializing state, conf=-1: peers:[]|listeners:[], old=null
2023-02-23 08:35:23,748 [s1-impl-thread1] INFO  server.RaftServer$Division (RaftServerImpl.java:setRole(329)) - s1@group-CE97570DA9AE: changes role from      null to FOLLOWER at term 0 for startInitializing
2023-02-23 08:35:23,748 [s1-impl-thread1] INFO  util.JmxRegister (JmxRegister.java:tryRegister(44)) - Successfully registered JMX Bean with object name Ratis:service=RaftServer,group=group-CE97570DA9AE,id=s1
2023-02-23 08:35:23,748 [s1-impl-thread1] INFO  server.RaftServerConfigKeys (ConfUtils.java:logGet(46)) - raft.server.snapshot.auto.trigger.enabled = true (custom)
2023-02-23 08:35:23,748 [s1-impl-thread1] INFO  server.RaftServerConfigKeys (ConfUtils.java:logGet(46)) - raft.server.snapshot.auto.trigger.threshold = 64 (custom)
2023-02-23 08:35:23,748 [s1-impl-thread1] INFO  server.RaftServerConfigKeys (ConfUtils.java:logGet(46)) - raft.server.snapshot.retention.file.num = -1 (default)
2023-02-23 08:35:23,748 [s1-impl-thread1] INFO  server.RaftServerConfigKeys (ConfUtils.java:logGet(46)) - raft.server.log.purge.upto.snapshot.index = false (default)
2023-02-23 08:35:23,749 [Time-limited test] INFO  server.RaftServer (RaftServerProxy.java:startImpl(401)) - s1: start RPC server
2023-02-23 08:35:23,750 [Time-limited test] INFO  server.GrpcService (GrpcService.java:startImpl(302)) - s1: GrpcService started, listening on 46013
2023-02-23 08:35:23,753 [s2-impl-thread1] INFO  server.RaftServerConfigKeys (ConfUtils.java:logGet(46)) - raft.server.storage.free-space.min = 0MB (=0) (default)
2023-02-23 08:35:23,753 [JvmPauseMonitor10] INFO  util.JvmPauseMonitor (JvmPauseMonitor.java:run(103)) - JvmPauseMonitor-s1: Started
2023-02-23 08:35:23,754 [s2-impl-thread1] INFO  server.RaftServerConfigKeys (ConfUtils.java:logGet(46)) - raft.server.log.corruption.policy = EXCEPTION (default)
2023-02-23 08:35:23,754 [s2-impl-thread1] INFO  server.RaftServerConfigKeys (ConfUtils.java:logGet(46)) - raft.server.storage.dir = [/home/runner/work/ratis/ratis/ratis-test/target/test/data/98de01a3/MiniRaftClusterWithGrpcd59d23fd/s2] (custom)
2023-02-23 08:35:23,754 [s2-impl-thread1] INFO  storage.RaftStorageDirectory (RaftStorageDirectoryImpl.java:analyzeStorage(138)) - The storage directory /home/runner/work/ratis/ratis/ratis-test/target/test/data/98de01a3/MiniRaftClusterWithGrpcd59d23fd/s2/6d778973-fe73-4818-86b5-ce97570da9ae does not exist. Creating ...
2023-02-23 08:35:23,754 [s2-impl-thread1] TRACE util.FileUtils (LogUtils.java:runAndLog(49)) - Successfully ran Files.createDirectories /home/runner/work/ratis/ratis/ratis-test/target/test/data/98de01a3/MiniRaftClusterWithGrpcd59d23fd/s2/6d778973-fe73-4818-86b5-ce97570da9ae
2023-02-23 08:35:23,756 [s2-impl-thread1] INFO  storage.RaftStorageDirectory (RaftStorageDirectoryImpl.java:tryLock(232)) - Lock on /home/runner/work/ratis/ratis/ratis-test/target/test/data/98de01a3/MiniRaftClusterWithGrpcd59d23fd/s2/6d778973-fe73-4818-86b5-ce97570da9ae/in_use.lock acquired by nodename 3101@fv-az264-150
2023-02-23 08:35:23,756 [s2-impl-thread1] TRACE util.FileUtils (LogUtils.java:runAndLog(49)) - Successfully ran Files.createDirectories /home/runner/work/ratis/ratis/ratis-test/target/test/data/98de01a3/MiniRaftClusterWithGrpcd59d23fd/s2/6d778973-fe73-4818-86b5-ce97570da9ae/current
2023-02-23 08:35:23,756 [s2-impl-thread1] TRACE util.FileUtils (LogUtils.java:runAndLog(49)) - Successfully ran Files.createDirectories /home/runner/work/ratis/ratis/ratis-test/target/test/data/98de01a3/MiniRaftClusterWithGrpcd59d23fd/s2/6d778973-fe73-4818-86b5-ce97570da9ae/sm
2023-02-23 08:35:23,757 [s2-impl-thread1] INFO  storage.RaftStorage (RaftStorageImpl.java:format(96)) - Storage directory /home/runner/work/ratis/ratis/ratis-test/target/test/data/98de01a3/MiniRaftClusterWithGrpcd59d23fd/s2/6d778973-fe73-4818-86b5-ce97570da9ae has been successfully formatted.
2023-02-23 08:35:23,757 [s2-impl-thread1] INFO  impl.SimpleStateMachine4Testing (SimpleStateMachine4Testing.java:initialize(213)) - Initializing StateMachineWithSeparatedSnapshotPath:uninitialized
2023-02-23 08:35:23,758 [s2-impl-thread1] INFO  impl.SimpleStateMachine4Testing (SimpleStateMachine4Testing.java:loadSnapshot(293)) - Loading snapshot null
2023-02-23 08:35:23,758 [s2-impl-thread1] TRACE util.FileUtils (FileUtils.java:deleteFully(201)) - deleteFully /tmp/ratis-tests/statemachine/s2
2023-02-23 08:35:23,758 [s2-impl-thread1] TRACE util.FileUtils (LogUtils.java:runAndLog(49)) - Successfully ran Files.delete /tmp/ratis-tests/statemachine/s2/tmp
2023-02-23 08:35:23,758 [s2-impl-thread1] TRACE util.FileUtils (LogUtils.java:runAndLog(49)) - Successfully ran Files.delete /tmp/ratis-tests/statemachine/s2/snapshot/1_191/deer
2023-02-23 08:35:23,758 [s2-impl-thread1] TRACE util.FileUtils (LogUtils.java:runAndLog(49)) - Successfully ran Files.delete /tmp/ratis-tests/statemachine/s2/snapshot/1_191/loves
2023-02-23 08:35:23,758 [s2-impl-thread1] TRACE util.FileUtils (LogUtils.java:runAndLog(49)) - Successfully ran Files.delete /tmp/ratis-tests/statemachine/s2/snapshot/1_191/vegetable.md5
2023-02-23 08:35:23,758 [s2-impl-thread1] TRACE util.FileUtils (LogUtils.java:runAndLog(49)) - Successfully ran Files.delete /tmp/ratis-tests/statemachine/s2/snapshot/1_191/loves.md5
2023-02-23 08:35:23,758 [s2-impl-thread1] TRACE util.FileUtils (LogUtils.java:runAndLog(49)) - Successfully ran Files.delete /tmp/ratis-tests/statemachine/s2/snapshot/1_191/deer.md5
2023-02-23 08:35:23,759 [s2-impl-thread1] TRACE util.FileUtils (LogUtils.java:runAndLog(49)) - Successfully ran Files.delete /tmp/ratis-tests/statemachine/s2/snapshot/1_191/vegetable
2023-02-23 08:35:23,759 [s2-impl-thread1] TRACE util.FileUtils (LogUtils.java:runAndLog(49)) - Successfully ran Files.delete /tmp/ratis-tests/statemachine/s2/snapshot/1_191
2023-02-23 08:35:23,759 [s2-impl-thread1] TRACE util.FileUtils (LogUtils.java:runAndLog(49)) - Successfully ran Files.delete /tmp/ratis-tests/statemachine/s2/snapshot/1_257/deer
2023-02-23 08:35:23,759 [s2-impl-thread1] TRACE util.FileUtils (LogUtils.java:runAndLog(49)) - Successfully ran Files.delete /tmp/ratis-tests/statemachine/s2/snapshot/1_257/loves
2023-02-23 08:35:23,759 [s2-impl-thread1] TRACE util.FileUtils (LogUtils.java:runAndLog(49)) - Successfully ran Files.delete /tmp/ratis-tests/statemachine/s2/snapshot/1_257/vegetable
2023-02-23 08:35:23,759 [s2-impl-thread1] TRACE util.FileUtils (LogUtils.java:runAndLog(49)) - Successfully ran Files.delete /tmp/ratis-tests/statemachine/s2/snapshot/1_257
2023-02-23 08:35:23,759 [s2-impl-thread1] TRACE util.FileUtils (LogUtils.java:runAndLog(49)) - Successfully ran Files.delete /tmp/ratis-tests/statemachine/s2/snapshot
2023-02-23 08:35:23,759 [s2-impl-thread1] TRACE util.FileUtils (LogUtils.java:runAndLog(49)) - Successfully ran Files.delete /tmp/ratis-tests/statemachine/s2
2023-02-23 08:35:23,760 [s2-impl-thread1] INFO  server.RaftServerConfigKeys (ConfUtils.java:logGet(46)) - raft.server.log.use.memory = false (default)
2023-02-23 08:35:23,760 [s2-impl-thread1] INFO  server.RaftServerConfigKeys (ConfUtils.java:logGet(46)) - raft.server.log.purge.gap = 8 (custom)
2023-02-23 08:35:23,760 [s2-impl-thread1] INFO  server.RaftServerConfigKeys (ConfUtils.java:logGet(46)) - raft.server.log.appender.buffer.byte-limit = 4MB (=4194304) (default)
2023-02-23 08:35:23,760 [s2-impl-thread1] INFO  server.RaftServerConfigKeys (ConfUtils.java:logGet(46)) - raft.server.log.statemachine.data.read.timeout = 1000ms (default)
2023-02-23 08:35:23,760 [s2-impl-thread1] INFO  server.RaftServerConfigKeys (ConfUtils.java:logGet(46)) - raft.server.log.purge.preservation.log.num = 0 (default)
2023-02-23 08:35:23,760 [s2-impl-thread1] INFO  server.RaftServerConfigKeys (ConfUtils.java:logGet(46)) - raft.server.log.segment.size.max = 8MB (=8388608) (default)
2023-02-23 08:35:23,760 [s2-impl-thread1] INFO  server.RaftServerConfigKeys (ConfUtils.java:logGet(46)) - raft.server.log.segment.cache.num.max = 6 (default)
2023-02-23 08:35:23,761 [s2-impl-thread1] INFO  server.RaftServerConfigKeys (ConfUtils.java:logGet(46)) - raft.server.log.segment.cache.size.max = 200MB (=209715200) (default)
2023-02-23 08:35:23,761 [s2-impl-thread1] INFO  server.RaftServerConfigKeys (ConfUtils.java:logGet(46)) - raft.server.log.appender.buffer.byte-limit = 4MB (=4194304) (default)
2023-02-23 08:35:23,761 [s2-impl-thread1] INFO  segmented.SegmentedRaftLogWorker (SegmentedRaftLogWorker.java:<init>(183)) - new s2@group-CE97570DA9AE-SegmentedRaftLogWorker for RaftStorageImpl:Storage Directory /home/runner/work/ratis/ratis/ratis-test/target/test/data/98de01a3/MiniRaftClusterWithGrpcd59d23fd/s2/6d778973-fe73-4818-86b5-ce97570da9ae
2023-02-23 08:35:23,761 [s2-impl-thread1] INFO  server.RaftServerConfigKeys (ConfUtils.java:logGet(46)) - raft.server.log.queue.byte-limit = 64MB (=67108864) (default)
2023-02-23 08:35:23,761 [s2-impl-thread1] INFO  server.RaftServerConfigKeys (ConfUtils.java:logGet(46)) - raft.server.log.queue.element-limit = 4096 (default)
2023-02-23 08:35:23,761 [s2-impl-thread1] INFO  server.RaftServerConfigKeys (ConfUtils.java:logGet(46)) - raft.server.log.segment.size.max = 8MB (=8388608) (default)
2023-02-23 08:35:23,761 [s2-impl-thread1] INFO  server.RaftServerConfigKeys (ConfUtils.java:logGet(46)) - raft.server.log.preallocated.size = 4MB (=4194304) (default)
2023-02-23 08:35:23,761 [s2-impl-thread1] INFO  server.RaftServerConfigKeys (ConfUtils.java:logGet(46)) - raft.server.log.force.sync.num = 128 (default)
2023-02-23 08:35:23,761 [s2-impl-thread1] INFO  server.RaftServerConfigKeys (ConfUtils.java:logGet(46)) - raft.server.log.statemachine.data.sync = true (default)
2023-02-23 08:35:23,761 [s2-impl-thread1] INFO  server.RaftServerConfigKeys (ConfUtils.java:logGet(46)) - raft.server.log.statemachine.data.sync.timeout = 10s (default)
2023-02-23 08:35:23,761 [s2-impl-thread1] INFO  server.RaftServerConfigKeys (ConfUtils.java:logGet(46)) - raft.server.log.statemachine.data.sync.timeout.retry = -1 (default)
2023-02-23 08:35:23,761 [s2-impl-thread1] INFO  server.RaftServerConfigKeys (ConfUtils.java:logGet(46)) - raft.server.log.write.buffer.size = 64KB (=65536) (default)
2023-02-23 08:35:23,761 [s2-impl-thread1] INFO  server.RaftServerConfigKeys (ConfUtils.java:logGet(46)) - raft.server.log.appender.buffer.byte-limit = 4MB (=4194304) (default)
2023-02-23 08:35:23,762 [s2-impl-thread1] INFO  server.RaftServerConfigKeys (ConfUtils.java:logGet(46)) - raft.server.log.unsafe-flush.enabled = false (default)
2023-02-23 08:35:23,762 [s2-impl-thread1] INFO  server.RaftServerConfigKeys (ConfUtils.java:logGet(46)) - raft.server.log.async-flush.enabled = false (default)
2023-02-23 08:35:23,762 [s2-impl-thread1] INFO  server.RaftServerConfigKeys (ConfUtils.java:logGet(46)) - raft.server.log.statemachine.data.caching.enabled = false (default)
2023-02-23 08:35:23,763 [s2-impl-thread1] INFO  segmented.SegmentedRaftLogWorker (SegmentedRaftLogWorker.java:lambda$new$0(134)) - s2@group-CE97570DA9AE-SegmentedRaftLogWorker: flushIndex: setUnconditionally 0 -> -1
2023-02-23 08:35:23,763 [s2-impl-thread1] INFO  segmented.SegmentedRaftLogWorker (SegmentedRaftLogWorker.java:lambda$new$0(134)) - s2@group-CE97570DA9AE-SegmentedRaftLogWorker: safeCacheEvictIndex: setUnconditionally 0 -> -1
2023-02-23 08:35:23,763 [s2-impl-thread1] INFO  server.RaftServer$Division (RaftServerImpl.java:start(348)) - s2@group-CE97570DA9AE: start with initializing state, conf=-1: peers:[]|listeners:[], old=null
2023-02-23 08:35:23,763 [s2-impl-thread1] INFO  server.RaftServer$Division (RaftServerImpl.java:setRole(329)) - s2@group-CE97570DA9AE: changes role from      null to FOLLOWER at term 0 for startInitializing
2023-02-23 08:35:23,763 [s2-impl-thread1] INFO  util.JmxRegister (JmxRegister.java:tryRegister(44)) - Successfully registered JMX Bean with object name Ratis:service=RaftServer,group=group-CE97570DA9AE,id=s2
2023-02-23 08:35:23,764 [s2-impl-thread1] INFO  server.RaftServerConfigKeys (ConfUtils.java:logGet(46)) - raft.server.snapshot.auto.trigger.enabled = true (custom)
2023-02-23 08:35:23,764 [s2-impl-thread1] INFO  server.RaftServerConfigKeys (ConfUtils.java:logGet(46)) - raft.server.snapshot.auto.trigger.threshold = 64 (custom)
2023-02-23 08:35:23,764 [s2-impl-thread1] INFO  server.RaftServerConfigKeys (ConfUtils.java:logGet(46)) - raft.server.snapshot.retention.file.num = -1 (default)
2023-02-23 08:35:23,764 [s2-impl-thread1] INFO  server.RaftServerConfigKeys (ConfUtils.java:logGet(46)) - raft.server.log.purge.upto.snapshot.index = false (default)
2023-02-23 08:35:23,768 [Time-limited test] INFO  server.RaftServer (RaftServerProxy.java:startImpl(401)) - s2: start RPC server
2023-02-23 08:35:23,772 [Time-limited test] INFO  server.GrpcService (GrpcService.java:startImpl(302)) - s2: GrpcService started, listening on 37357
2023-02-23 08:35:23,776 [Time-limited test] INFO  impl.MiniRaftCluster (MiniRaftCluster.java:setConfiguration(819)) - Start changing the configuration: [s1|rpc:0.0.0.0:46013|priority:0|startupRole:FOLLOWER, s2|rpc:0.0.0.0:37357|priority:0|startupRole:FOLLOWER, s0|rpc:localhost:44149|admin:localhost:35639|client:localhost:44385|dataStream:localhost:43229|priority:0|startupRole:FOLLOWER]
2023-02-23 08:35:23,788 [s0-server-thread1] INFO  server.RaftServer$Division (RaftServerImpl.java:setConfigurationAsync(1196)) - s0@group-CE97570DA9AE: receive setConfiguration SetConfigurationRequest:client-09E8AA43560E->s0@group-CE97570DA9AE, cid=515, seq=0, RW, null, SET_UNCONDITIONALLY, servers:[s1|rpc:0.0.0.0:46013|dataStream:|priority:0|startupRole:FOLLOWER, s2|rpc:0.0.0.0:37357|dataStream:|priority:0|startupRole:FOLLOWER, s0|rpc:localhost:44149|admin:localhost:35639|client:localhost:44385|dataStream:localhost:43229|priority:0|startupRole:FOLLOWER], listeners:[]
2023-02-23 08:35:23,788 [s0-server-thread1] INFO  server.RaftServer$Division (LeaderStateImpl.java:startSetConfiguration(440)) - s0@group-CE97570DA9AE-LeaderStateImpl: startSetConfiguration SetConfigurationRequest:client-09E8AA43560E->s0@group-CE97570DA9AE, cid=515, seq=0, RW, null, SET_UNCONDITIONALLY, servers:[s1|rpc:0.0.0.0:46013|dataStream:|priority:0|startupRole:FOLLOWER, s2|rpc:0.0.0.0:37357|dataStream:|priority:0|startupRole:FOLLOWER, s0|rpc:localhost:44149|admin:localhost:35639|client:localhost:44385|dataStream:localhost:43229|priority:0|startupRole:FOLLOWER], listeners:[]
2023-02-23 08:35:23,788 [s0-server-thread1] INFO  server.RaftServerConfigKeys (ConfUtils.java:logGet(46)) - raft.server.log.appender.snapshot.chunk.size.max = 1k (=1024) (custom)
2023-02-23 08:35:23,788 [s0-server-thread1] INFO  server.RaftServerConfigKeys (ConfUtils.java:logGet(46)) - raft.server.log.appender.buffer.byte-limit = 4MB (=4194304) (default)
2023-02-23 08:35:23,789 [s0-server-thread1] INFO  server.RaftServerConfigKeys (ConfUtils.java:logGet(46)) - raft.server.log.appender.buffer.element-limit = 0 (default)
2023-02-23 08:35:23,789 [s0-server-thread1] INFO  grpc.GrpcConfigKeys (ConfUtils.java:logGet(46)) - raft.grpc.server.leader.outstanding.appends.max = 128 (default)
2023-02-23 08:35:23,789 [s0-server-thread1] INFO  server.RaftServerConfigKeys (ConfUtils.java:logGet(46)) - raft.server.rpc.request.timeout = 3000ms (default)
2023-02-23 08:35:23,789 [s0-server-thread1] INFO  server.RaftServerConfigKeys (ConfUtils.java:logGet(46)) - raft.server.log.appender.install.snapshot.enabled = true (default)
2023-02-23 08:35:23,789 [s0-server-thread1] INFO  grpc.GrpcConfigKeys (ConfUtils.java:logGet(46)) - raft.grpc.server.heartbeat.channel = true (default)
2023-02-23 08:35:23,789 [s0-server-thread1] INFO  server.RaftServerConfigKeys (ConfUtils.java:logGet(46)) - raft.server.log.appender.wait-time.min = 10ms (default)
2023-02-23 08:35:23,789 [s0-server-thread1] INFO  server.RaftServerConfigKeys (ConfUtils.java:logGet(46)) - raft.server.log.appender.snapshot.chunk.size.max = 1k (=1024) (custom)
2023-02-23 08:35:23,790 [s0-server-thread1] INFO  server.RaftServerConfigKeys (ConfUtils.java:logGet(46)) - raft.server.log.appender.buffer.byte-limit = 4MB (=4194304) (default)
2023-02-23 08:35:23,790 [s0-server-thread1] INFO  server.RaftServerConfigKeys (ConfUtils.java:logGet(46)) - raft.server.log.appender.buffer.element-limit = 0 (default)
2023-02-23 08:35:23,790 [s0-server-thread1] INFO  grpc.GrpcConfigKeys (ConfUtils.java:logGet(46)) - raft.grpc.server.leader.outstanding.appends.max = 128 (default)
2023-02-23 08:35:23,790 [s0-server-thread1] INFO  server.RaftServerConfigKeys (ConfUtils.java:logGet(46)) - raft.server.rpc.request.timeout = 3000ms (default)
2023-02-23 08:35:23,790 [s0-server-thread1] INFO  server.RaftServerConfigKeys (ConfUtils.java:logGet(46)) - raft.server.log.appender.install.snapshot.enabled = true (default)
2023-02-23 08:35:23,790 [s0-server-thread1] INFO  grpc.GrpcConfigKeys (ConfUtils.java:logGet(46)) - raft.grpc.server.heartbeat.channel = true (default)
2023-02-23 08:35:23,790 [s0-server-thread1] INFO  server.RaftServerConfigKeys (ConfUtils.java:logGet(46)) - raft.server.log.appender.wait-time.min = 10ms (default)
2023-02-23 08:35:23,797 [JvmPauseMonitor11] INFO  util.JvmPauseMonitor (JvmPauseMonitor.java:run(103)) - JvmPauseMonitor-s2: Started
2023-02-23 08:35:23,806 [s0@group-CE97570DA9AE->s2-GrpcLogAppender-LogAppenderDaemon] INFO  server.GrpcLogAppender (GrpcLogAppender.java:installSnapshot(590)) - s0@group-CE97570DA9AE->s2-GrpcLogAppender: followerNextIndex = 0 but logStartIndex = 0, send snapshot FileListSnapshotInfo(t:1, i:191):[/tmp/ratis-tests/statemachine/s0/snapshot/1_191/deer, /tmp/ratis-tests/statemachine/s0/snapshot/1_191/loves, /tmp/ratis-tests/statemachine/s0/snapshot/1_191/vegetable] to follower
2023-02-23 08:35:23,807 [s0@group-CE97570DA9AE->s2-GrpcLogAppender-LogAppenderDaemon] INFO  server.GrpcServerProtocolClient (GrpcServerProtocolClient.java:<init>(63)) - Build channel for s2
2023-02-23 08:35:23,807 [s0@group-CE97570DA9AE->s1-GrpcLogAppender-LogAppenderDaemon] INFO  server.GrpcLogAppender (GrpcLogAppender.java:installSnapshot(590)) - s0@group-CE97570DA9AE->s1-GrpcLogAppender: followerNextIndex = 0 but logStartIndex = 0, send snapshot FileListSnapshotInfo(t:1, i:191):[/tmp/ratis-tests/statemachine/s0/snapshot/1_191/deer, /tmp/ratis-tests/statemachine/s0/snapshot/1_191/loves, /tmp/ratis-tests/statemachine/s0/snapshot/1_191/vegetable] to follower
2023-02-23 08:35:23,809 [s0@group-CE97570DA9AE->s1-GrpcLogAppender-LogAppenderDaemon] INFO  server.GrpcServerProtocolClient (GrpcServerProtocolClient.java:<init>(63)) - Build channel for s1
2023-02-23 08:35:23,817 [grpc-default-executor-0] INFO  impl.SnapshotInstallationHandler (SnapshotInstallationHandler.java:installSnapshot(89)) - s2@group-CE97570DA9AE: receive installSnapshot: s0->s2#0-t1,chunk:f791de3f-3cf5-43ae-bedc-6abbe46e03ce,0
2023-02-23 08:35:23,818 [grpc-default-executor-1] INFO  impl.SnapshotInstallationHandler (SnapshotInstallationHandler.java:installSnapshot(89)) - s1@group-CE97570DA9AE: receive installSnapshot: s0->s1#0-t1,chunk:d8616680-0759-4234-a40b-3267672a60a6,0
2023-02-23 08:35:23,819 [grpc-default-executor-0] INFO  server.RaftServer$Division (ServerState.java:setLeader(260)) - s2@group-CE97570DA9AE: change Leader from null to s0 at term 1 for installSnapshot, leader elected after 82ms
2023-02-23 08:35:23,820 [grpc-default-executor-0] TRACE util.FileUtils (LogUtils.java:runAndLog(49)) - Successfully ran Files.createDirectories /tmp/ratis-tests/statemachine/s2/tmp/snapshot-f791de3f-3cf5-43ae-bedc-6abbe46e03ce
2023-02-23 08:35:23,820 [grpc-default-executor-0] INFO  storage.SnapshotManager (SnapshotManager.java:installSnapshot(89)) - Installing snapshot:s0->s2#0-t1,chunk:f791de3f-3cf5-43ae-bedc-6abbe46e03ce,0, to tmp dir:/tmp/ratis-tests/statemachine/s2/tmp/snapshot-f791de3f-3cf5-43ae-bedc-6abbe46e03ce
2023-02-23 08:35:23,821 [grpc-default-executor-0] TRACE util.FileUtils (LogUtils.java:runAndLog(49)) - Successfully ran Files.createDirectories /tmp/ratis-tests/statemachine/s2/tmp/snapshot-f791de3f-3cf5-43ae-bedc-6abbe46e03ce/1_191
2023-02-23 08:35:23,821 [grpc-default-executor-1] INFO  server.RaftServer$Division (ServerState.java:setLeader(260)) - s1@group-CE97570DA9AE: change Leader from null to s0 at term 1 for installSnapshot, leader elected after 91ms
2023-02-23 08:35:23,825 [grpc-default-executor-1] TRACE util.FileUtils (LogUtils.java:runAndLog(49)) - Successfully ran Files.createDirectories /tmp/ratis-tests/statemachine/s1/tmp/snapshot-d8616680-0759-4234-a40b-3267672a60a6
2023-02-23 08:35:23,825 [grpc-default-executor-1] INFO  storage.SnapshotManager (SnapshotManager.java:installSnapshot(89)) - Installing snapshot:s0->s1#0-t1,chunk:d8616680-0759-4234-a40b-3267672a60a6,0, to tmp dir:/tmp/ratis-tests/statemachine/s1/tmp/snapshot-d8616680-0759-4234-a40b-3267672a60a6
2023-02-23 08:35:23,826 [grpc-default-executor-1] TRACE util.FileUtils (LogUtils.java:runAndLog(49)) - Successfully ran Files.createDirectories /tmp/ratis-tests/statemachine/s1/tmp/snapshot-d8616680-0759-4234-a40b-3267672a60a6/1_191
2023-02-23 08:35:23,826 [grpc-default-executor-0] INFO  segmented.SegmentedRaftLogWorker (SegmentedRaftLogWorker.java:lambda$new$0(134)) - s2@group-CE97570DA9AE-SegmentedRaftLogWorker: flushIndex: setUnconditionally -1 -> 191
2023-02-23 08:35:23,826 [grpc-default-executor-0] INFO  segmented.SegmentedRaftLogWorker (SegmentedRaftLogWorker.java:lambda$new$0(134)) - s2@group-CE97570DA9AE-SegmentedRaftLogWorker: safeCacheEvictIndex: setUnconditionally -1 -> 191
2023-02-23 08:35:23,827 [grpc-default-executor-0] INFO  impl.SnapshotInstallationHandler (SnapshotInstallationHandler.java:installSnapshotImpl(134)) - s2@group-CE97570DA9AE: set new configuration configurationEntry {
  peers {
    id: "s0"
    address: "localhost:44149"
    dataStreamAddress: "localhost:43229"
    clientAddress: "localhost:44385"
    adminAddress: "localhost:35639"
    startupRole: FOLLOWER
  }
}
 from snapshot
2023-02-23 08:35:23,829 [grpc-default-executor-1] INFO  segmented.SegmentedRaftLogWorker (SegmentedRaftLogWorker.java:lambda$new$0(134)) - s1@group-CE97570DA9AE-SegmentedRaftLogWorker: flushIndex: setUnconditionally -1 -> 191
2023-02-23 08:35:23,829 [grpc-default-executor-1] INFO  segmented.SegmentedRaftLogWorker (SegmentedRaftLogWorker.java:lambda$new$0(134)) - s1@group-CE97570DA9AE-SegmentedRaftLogWorker: safeCacheEvictIndex: setUnconditionally -1 -> 191
2023-02-23 08:35:23,830 [grpc-default-executor-0] INFO  server.RaftServer$Division (ServerState.java:setRaftConf(378)) - s2@group-CE97570DA9AE: set configuration 0: peers:[s0|rpc:localhost:44149|admin:localhost:35639|client:localhost:44385|dataStream:localhost:43229|priority:0|startupRole:FOLLOWER]|listeners:[], old=null
2023-02-23 08:35:23,831 [grpc-default-executor-0] INFO  impl.SnapshotInstallationHandler (SnapshotInstallationHandler.java:installSnapshot(100)) - s2@group-CE97570DA9AE: reply installSnapshot: s0<-s2#0:OK-t0,SUCCESS,requestIndex=0
2023-02-23 08:35:23,832 [grpc-default-executor-5] INFO  server.GrpcLogAppender (GrpcLogAppender.java:onNext(496)) - s0@group-CE97570DA9AE->s2-InstallSnapshotResponseHandler: received the first reply s0<-s2#0:OK-t0,SUCCESS,requestIndex=0
2023-02-23 08:35:23,832 [grpc-default-executor-5] INFO  server.GrpcLogAppender (GrpcLogAppender.java:onNext(509)) - s0@group-CE97570DA9AE->s2-InstallSnapshotResponseHandler: Completed InstallSnapshot. Reply: serverReply {
  requestorId: "s0"
  replyId: "s2"
  raftGroupId {
    id: "mw\211s\376sH\030\206\265\316\227W\r\251\256"
  }
  success: true
}
requestIndex: 0

2023-02-23 08:35:23,832 [grpc-default-executor-5] INFO  leader.FollowerInfo (FollowerInfoImpl.java:setAttemptedToInstallSnapshot(123)) - Follower s0@group-CE97570DA9AE->s2 acknowledged installing snapshot
2023-02-23 08:35:23,832 [grpc-default-executor-0] INFO  impl.SnapshotInstallationHandler (SnapshotInstallationHandler.java:installSnapshot(89)) - s2@group-CE97570DA9AE: receive installSnapshot: s0->s2#0-t1,chunk:f791de3f-3cf5-43ae-bedc-6abbe46e03ce,1
2023-02-23 08:35:23,833 [grpc-default-executor-0] TRACE util.FileUtils (LogUtils.java:runAndLog(49)) - Successfully ran Files.createDirectories /tmp/ratis-tests/statemachine/s2/tmp/snapshot-f791de3f-3cf5-43ae-bedc-6abbe46e03ce
2023-02-23 08:35:23,833 [grpc-default-executor-0] INFO  storage.SnapshotManager (SnapshotManager.java:installSnapshot(89)) - Installing snapshot:s0->s2#0-t1,chunk:f791de3f-3cf5-43ae-bedc-6abbe46e03ce,1, to tmp dir:/tmp/ratis-tests/statemachine/s2/tmp/snapshot-f791de3f-3cf5-43ae-bedc-6abbe46e03ce
2023-02-23 08:35:23,833 [grpc-default-executor-0] TRACE util.FileUtils (LogUtils.java:runAndLog(49)) - Successfully ran Files.createDirectories /tmp/ratis-tests/statemachine/s2/tmp/snapshot-f791de3f-3cf5-43ae-bedc-6abbe46e03ce/1_191
2023-02-23 08:35:23,831 [grpc-default-executor-1] INFO  impl.SnapshotInstallationHandler (SnapshotInstallationHandler.java:installSnapshotImpl(134)) - s1@group-CE97570DA9AE: set new configuration configurationEntry {
  peers {
    id: "s0"
    address: "localhost:44149"
    dataStreamAddress: "localhost:43229"
    clientAddress: "localhost:44385"
    adminAddress: "localhost:35639"
    startupRole: FOLLOWER
  }
}
 from snapshot
2023-02-23 08:35:23,834 [grpc-default-executor-1] INFO  server.RaftServer$Division (ServerState.java:setRaftConf(378)) - s1@group-CE97570DA9AE: set configuration 0: peers:[s0|rpc:localhost:44149|admin:localhost:35639|client:localhost:44385|dataStream:localhost:43229|priority:0|startupRole:FOLLOWER]|listeners:[], old=null
2023-02-23 08:35:23,834 [grpc-default-executor-1] INFO  impl.SnapshotInstallationHandler (SnapshotInstallationHandler.java:installSnapshot(100)) - s1@group-CE97570DA9AE: reply installSnapshot: s0<-s1#0:OK-t0,SUCCESS,requestIndex=0
2023-02-23 08:35:23,835 [grpc-default-executor-5] INFO  server.GrpcLogAppender (GrpcLogAppender.java:onNext(496)) - s0@group-CE97570DA9AE->s1-InstallSnapshotResponseHandler: received the first reply s0<-s1#0:OK-t0,SUCCESS,requestIndex=0
2023-02-23 08:35:23,835 [grpc-default-executor-5] INFO  server.GrpcLogAppender (GrpcLogAppender.java:onNext(509)) - s0@group-CE97570DA9AE->s1-InstallSnapshotResponseHandler: Completed InstallSnapshot. Reply: serverReply {
  requestorId: "s0"
  replyId: "s1"
  raftGroupId {
    id: "mw\211s\376sH\030\206\265\316\227W\r\251\256"
  }
  success: true
}
requestIndex: 0

2023-02-23 08:35:23,835 [grpc-default-executor-5] INFO  leader.FollowerInfo (FollowerInfoImpl.java:setAttemptedToInstallSnapshot(123)) - Follower s0@group-CE97570DA9AE->s1 acknowledged installing snapshot
2023-02-23 08:35:23,835 [grpc-default-executor-1] INFO  impl.SnapshotInstallationHandler (SnapshotInstallationHandler.java:installSnapshot(89)) - s1@group-CE97570DA9AE: receive installSnapshot: s0->s1#0-t1,chunk:d8616680-0759-4234-a40b-3267672a60a6,1
2023-02-23 08:35:23,835 [grpc-default-executor-1] TRACE util.FileUtils (LogUtils.java:runAndLog(49)) - Successfully ran Files.createDirectories /tmp/ratis-tests/statemachine/s1/tmp/snapshot-d8616680-0759-4234-a40b-3267672a60a6
2023-02-23 08:35:23,836 [grpc-default-executor-1] INFO  storage.SnapshotManager (SnapshotManager.java:installSnapshot(89)) - Installing snapshot:s0->s1#0-t1,chunk:d8616680-0759-4234-a40b-3267672a60a6,1, to tmp dir:/tmp/ratis-tests/statemachine/s1/tmp/snapshot-d8616680-0759-4234-a40b-3267672a60a6
2023-02-23 08:35:23,836 [grpc-default-executor-1] TRACE util.FileUtils (LogUtils.java:runAndLog(49)) - Successfully ran Files.createDirectories /tmp/ratis-tests/statemachine/s1/tmp/snapshot-d8616680-0759-4234-a40b-3267672a60a6/1_191
2023-02-23 08:35:23,837 [grpc-default-executor-0] INFO  segmented.SegmentedRaftLogWorker (SegmentedRaftLogWorker.java:lambda$new$0(134)) - s2@group-CE97570DA9AE-SegmentedRaftLogWorker: flushIndex: setUnconditionally 191 -> 191
2023-02-23 08:35:23,837 [grpc-default-executor-0] INFO  segmented.SegmentedRaftLogWorker (SegmentedRaftLogWorker.java:lambda$new$0(134)) - s2@group-CE97570DA9AE-SegmentedRaftLogWorker: safeCacheEvictIndex: setUnconditionally 191 -> 191
2023-02-23 08:35:23,837 [grpc-default-executor-0] INFO  impl.SnapshotInstallationHandler (SnapshotInstallationHandler.java:installSnapshot(100)) - s2@group-CE97570DA9AE: reply installSnapshot: s0<-s2#0:OK-t1,SUCCESS,requestIndex=1
2023-02-23 08:35:23,838 [grpc-default-executor-5] INFO  server.GrpcLogAppender (GrpcLogAppender.java:onNext(496)) - s0@group-CE97570DA9AE->s2-InstallSnapshotResponseHandler: received a reply s0<-s2#0:OK-t1,SUCCESS,requestIndex=1
2023-02-23 08:35:23,838 [grpc-default-executor-5] INFO  server.GrpcLogAppender (GrpcLogAppender.java:onNext(509)) - s0@group-CE97570DA9AE->s2-InstallSnapshotResponseHandler: Completed InstallSnapshot. Reply: serverReply {
  requestorId: "s0"
  replyId: "s2"
  raftGroupId {
    id: "mw\211s\376sH\030\206\265\316\227W\r\251\256"
  }
  success: true
}
term: 1
requestIndex: 1

2023-02-23 08:35:23,838 [grpc-default-executor-5] INFO  leader.FollowerInfo (FollowerInfoImpl.java:setAttemptedToInstallSnapshot(123)) - Follower s0@group-CE97570DA9AE->s2 acknowledged installing snapshot
2023-02-23 08:35:23,840 [grpc-default-executor-5] WARN  server.GrpcLogAppender (LogUtils.java:warn(122)) - s0@group-CE97570DA9AE->s2-InstallSnapshotResponseHandler: Failed InstallSnapshot: org.apache.ratis.thirdparty.io.grpc.StatusRuntimeException: CANCELLED: Failed to read message.
2023-02-23 08:35:23,840 [grpc-default-executor-5] INFO  leader.FollowerInfo (FollowerInfoImpl.java:lambda$new$0(52)) - s0@group-CE97570DA9AE->s2: nextIndex: updateUnconditionally 0 -> 0
2023-02-23 08:35:23,841 [grpc-default-executor-0] WARN  server.GrpcServerProtocolService (LogUtils.java:warn(122)) - s2: installSnapshot onError, lastRequest: s0->s2#0-t1,chunk:f791de3f-3cf5-43ae-bedc-6abbe46e03ce,1: org.apache.ratis.thirdparty.io.grpc.StatusRuntimeException: CANCELLED: client cancelled
2023-02-23 08:35:23,842 [grpc-default-executor-1] INFO  segmented.SegmentedRaftLogWorker (SegmentedRaftLogWorker.java:lambda$new$0(134)) - s1@group-CE97570DA9AE-SegmentedRaftLogWorker: flushIndex: setUnconditionally 191 -> 191
2023-02-23 08:35:23,842 [grpc-default-executor-1] INFO  segmented.SegmentedRaftLogWorker (SegmentedRaftLogWorker.java:lambda$new$0(134)) - s1@group-CE97570DA9AE-SegmentedRaftLogWorker: safeCacheEvictIndex: setUnconditionally 191 -> 191
2023-02-23 08:35:23,842 [grpc-default-executor-1] INFO  impl.SnapshotInstallationHandler (SnapshotInstallationHandler.java:installSnapshot(100)) - s1@group-CE97570DA9AE: reply installSnapshot: s0<-s1#0:OK-t1,SUCCESS,requestIndex=1
2023-02-23 08:35:23,843 [grpc-default-executor-0] INFO  server.GrpcLogAppender (GrpcLogAppender.java:onNext(496)) - s0@group-CE97570DA9AE->s1-InstallSnapshotResponseHandler: received a reply s0<-s1#0:OK-t1,SUCCESS,requestIndex=1
2023-02-23 08:35:23,843 [grpc-default-executor-0] INFO  server.GrpcLogAppender (GrpcLogAppender.java:onNext(509)) - s0@group-CE97570DA9AE->s1-InstallSnapshotResponseHandler: Completed InstallSnapshot. Reply: serverReply {
  requestorId: "s0"
  replyId: "s1"
  raftGroupId {
    id: "mw\211s\376sH\030\206\265\316\227W\r\251\256"
  }
  success: true
}
term: 1
requestIndex: 1

2023-02-23 08:35:23,843 [grpc-default-executor-0] INFO  leader.FollowerInfo (FollowerInfoImpl.java:setAttemptedToInstallSnapshot(123)) - Follower s0@group-CE97570DA9AE->s1 acknowledged installing snapshot
2023-02-23 08:35:23,843 [grpc-default-executor-1] INFO  impl.SnapshotInstallationHandler (SnapshotInstallationHandler.java:installSnapshot(89)) - s1@group-CE97570DA9AE: receive installSnapshot: s0->s1#0-t1,chunk:d8616680-0759-4234-a40b-3267672a60a6,2
2023-02-23 08:35:23,843 [grpc-default-executor-1] TRACE util.FileUtils (LogUtils.java:runAndLog(49)) - Successfully ran Files.createDirectories /tmp/ratis-tests/statemachine/s1/tmp/snapshot-d8616680-0759-4234-a40b-3267672a60a6
2023-02-23 08:35:23,843 [grpc-default-executor-1] INFO  storage.SnapshotManager (SnapshotManager.java:installSnapshot(89)) - Installing snapshot:s0->s1#0-t1,chunk:d8616680-0759-4234-a40b-3267672a60a6,2, to tmp dir:/tmp/ratis-tests/statemachine/s1/tmp/snapshot-d8616680-0759-4234-a40b-3267672a60a6
2023-02-23 08:35:23,844 [grpc-default-executor-1] TRACE util.FileUtils (LogUtils.java:runAndLog(49)) - Successfully ran Files.createDirectories /tmp/ratis-tests/statemachine/s1/tmp/snapshot-d8616680-0759-4234-a40b-3267672a60a6/1_191
2023-02-23 08:35:23,849 [grpc-default-executor-1] INFO  storage.SnapshotManager (SnapshotManager.java:rename(168)) - Installed snapshot, renaming temporary dir /tmp/ratis-tests/statemachine/s1/tmp/snapshot-d8616680-0759-4234-a40b-3267672a60a6 to /tmp/ratis-tests/statemachine/s1/snapshot
2023-02-23 08:35:23,856 [grpc-default-executor-1] TRACE util.FileUtils (LogUtils.java:runAndLog(49)) - Successfully ran Atomic Files.move /tmp/ratis-tests/statemachine/s1/snapshot to /tmp/ratis-tests/statemachine/s1/snapshot.tmp20230223-083523_849
2023-02-23 08:35:23,856 [grpc-default-executor-1] TRACE util.FileUtils (LogUtils.java:runAndLog(49)) - Successfully ran Atomic Files.move /tmp/ratis-tests/statemachine/s1/tmp/snapshot-d8616680-0759-4234-a40b-3267672a60a6 to /tmp/ratis-tests/statemachine/s1/snapshot
2023-02-23 08:35:23,856 [grpc-default-executor-1] TRACE util.FileUtils (FileUtils.java:deleteFully(201)) - deleteFully /tmp/ratis-tests/statemachine/s1/snapshot.tmp20230223-083523_849
2023-02-23 08:35:23,856 [grpc-default-executor-1] TRACE util.FileUtils (LogUtils.java:runAndLog(49)) - Successfully ran Files.delete /tmp/ratis-tests/statemachine/s1/snapshot.tmp20230223-083523_849
2023-02-23 08:35:23,856 [grpc-default-executor-1] INFO  segmented.SegmentedRaftLogWorker (SegmentedRaftLogWorker.java:lambda$new$0(134)) - s1@group-CE97570DA9AE-SegmentedRaftLogWorker: flushIndex: setUnconditionally 191 -> 191
2023-02-23 08:35:23,856 [grpc-default-executor-1] INFO  segmented.SegmentedRaftLogWorker (SegmentedRaftLogWorker.java:lambda$new$0(134)) - s1@group-CE97570DA9AE-SegmentedRaftLogWorker: safeCacheEvictIndex: setUnconditionally 191 -> 191
2023-02-23 08:35:23,857 [grpc-default-executor-1] INFO  raftlog.RaftLog (RaftLogBase.java:lambda$new$0(53)) - s1@group-CE97570DA9AE-SegmentedRaftLog: snapshotIndex: updateIncreasingly -1 -> 191
2023-02-23 08:35:23,857 [grpc-default-executor-1] INFO  impl.SnapshotInstallationHandler (SnapshotInstallationHandler.java:checkAndInstallSnapshot(193)) - s1@group-CE97570DA9AE: successfully install the entire snapshot-191
2023-02-23 08:35:23,857 [grpc-default-executor-1] INFO  impl.SnapshotInstallationHandler (SnapshotInstallationHandler.java:installSnapshot(100)) - s1@group-CE97570DA9AE: reply installSnapshot: s0<-s1#0:OK-t1,SUCCESS,requestIndex=2
2023-02-23 08:35:23,857 [grpc-default-executor-1] INFO  server.GrpcServerProtocolService (GrpcServerProtocolService.java:onCompleted(143)) - s1: Completed INSTALL_SNAPSHOT, lastRequest: s0->s1#0-t1,chunk:d8616680-0759-4234-a40b-3267672a60a6,2
2023-02-23 08:35:23,859 [s2-server-thread1] INFO  impl.RoleInfo (RoleInfo.java:updateAndGet(139)) - s2: start s2@group-CE97570DA9AE-FollowerState
2023-02-23 08:35:23,859 [grpc-default-executor-0] INFO  server.GrpcLogAppender (GrpcLogAppender.java:onNext(496)) - s0@group-CE97570DA9AE->s1-InstallSnapshotResponseHandler: received a reply s0<-s1#0:OK-t1,SUCCESS,requestIndex=2
2023-02-23 08:35:23,859 [grpc-default-executor-0] INFO  server.GrpcLogAppender (GrpcLogAppender.java:onNext(509)) - s0@group-CE97570DA9AE->s1-InstallSnapshotResponseHandler: Completed InstallSnapshot. Reply: serverReply {
  requestorId: "s0"
  replyId: "s1"
  raftGroupId {
    id: "mw\211s\376sH\030\206\265\316\227W\r\251\256"
  }
  success: true
}
term: 1
requestIndex: 2

2023-02-23 08:35:23,859 [grpc-default-executor-0] INFO  leader.FollowerInfo (FollowerInfoImpl.java:setAttemptedToInstallSnapshot(123)) - Follower s0@group-CE97570DA9AE->s1 acknowledged installing snapshot
2023-02-23 08:35:23,860 [grpc-default-executor-0] INFO  server.GrpcLogAppender (GrpcLogAppender.java:onCompleted(574)) - s0@group-CE97570DA9AE->s1-InstallSnapshotResponseHandler: follower responded installSnapshot COMPLETED
2023-02-23 08:35:23,860 [s0@group-CE97570DA9AE->s1-GrpcLogAppender-LogAppenderDaemon] INFO  leader.FollowerInfo (FollowerInfoImpl.java:lambda$new$0(52)) - s0@group-CE97570DA9AE->s1: snapshotIndex: setUnconditionally 0 -> 191
2023-02-23 08:35:23,860 [s0@group-CE97570DA9AE->s1-GrpcLogAppender-LogAppenderDaemon] INFO  leader.FollowerInfo (FollowerInfoImpl.java:lambda$new$0(52)) - s0@group-CE97570DA9AE->s1: matchIndex: setUnconditionally -1 -> 191
2023-02-23 08:35:23,860 [s0@group-CE97570DA9AE->s1-GrpcLogAppender-LogAppenderDaemon] INFO  leader.FollowerInfo (FollowerInfoImpl.java:lambda$new$0(52)) - s0@group-CE97570DA9AE->s1: nextIndex: setUnconditionally 0 -> 192
2023-02-23 08:35:23,860 [s0@group-CE97570DA9AE->s1-GrpcLogAppender-LogAppenderDaemon] INFO  server.GrpcLogAppender (GrpcLogAppender.java:installSnapshot(627)) - s0@group-CE97570DA9AE->s1-GrpcLogAppender: installed snapshot FileListSnapshotInfo(t:1, i:191):[/tmp/ratis-tests/statemachine/s0/snapshot/1_191/deer, /tmp/ratis-tests/statemachine/s0/snapshot/1_191/loves, /tmp/ratis-tests/statemachine/s0/snapshot/1_191/vegetable] successfully
2023-02-23 08:35:23,869 [s1@group-CE97570DA9AE-StateMachineUpdater] INFO  impl.SimpleStateMachine4Testing (SimpleStateMachine4Testing.java:reinitialize(236)) - Reinitializing StateMachineWithSeparatedSnapshotPath:s1:group-CE97570DA9AE
2023-02-23 08:35:23,869 [s1@group-CE97570DA9AE-StateMachineUpdater] INFO  impl.SimpleStateMachine4Testing (SimpleStateMachine4Testing.java:loadSnapshot(293)) - Loading snapshot null
2023-02-23 08:35:23,869 [s1@group-CE97570DA9AE-StateMachineUpdater] INFO  impl.StateMachineUpdater (StateMachineUpdater.java:lambda$new$0(96)) - s1@group-CE97570DA9AE-StateMachineUpdater: snapshotIndex: setUnconditionally -1 -> 191
2023-02-23 08:35:23,869 [s1@group-CE97570DA9AE-StateMachineUpdater] INFO  impl.StateMachineUpdater (StateMachineUpdater.java:lambda$new$0(96)) - s1@group-CE97570DA9AE-StateMachineUpdater: appliedIndex: setUnconditionally -1 -> 191
2023-02-23 08:35:23,900 [s2-server-thread2] INFO  server.RaftServer$Division (RaftServerImpl.java:checkInconsistentAppendEntries(1599)) - s2@group-CE97570DA9AE: Failed appendEntries as the first entry (index 0) already exists (snapshotIndex: 191, commitIndex: 0)
2023-02-23 08:35:23,900 [s2-server-thread2] INFO  server.RaftServer$Division (RaftServerImpl.java:checkInconsistentAppendEntries(1579)) - s2@group-CE97570DA9AE: inconsistency entries. Reply:s0<-s2#1:FAIL-t1,INCONSISTENCY,nextIndex=192,followerCommit=0,matchIndex=-1
2023-02-23 08:35:23,901 [s1-server-thread1] INFO  impl.RoleInfo (RoleInfo.java:updateAndGet(139)) - s1: start s1@group-CE97570DA9AE-FollowerState
2023-02-23 08:35:23,902 [grpc-default-executor-1] WARN  server.GrpcLogAppender (GrpcLogAppender.java:onNextImpl(390)) - s0@group-CE97570DA9AE->s2-AppendLogResponseHandler: received INCONSISTENCY reply with nextIndex 192
2023-02-23 08:35:23,903 [grpc-default-executor-1] INFO  leader.FollowerInfo (FollowerInfoImpl.java:lambda$new$0(52)) - s0@group-CE97570DA9AE->s2: nextIndex: updateUnconditionally 255 -> 192
2023-02-23 08:35:23,907 [s1-server-thread1] INFO  segmented.SegmentedRaftLogWorker (SegmentedRaftLogWorker.java:startLogSegment(426)) - s1@group-CE97570DA9AE-SegmentedRaftLogWorker: Starting segment from index:192
2023-02-23 08:35:23,917 [s2-server-thread2] INFO  segmented.SegmentedRaftLogWorker (SegmentedRaftLogWorker.java:startLogSegment(426)) - s2@group-CE97570DA9AE-SegmentedRaftLogWorker: Starting segment from index:192
2023-02-23 08:35:23,923 [s1@group-CE97570DA9AE-SegmentedRaftLogWorker] INFO  segmented.SegmentedRaftLogWorker (SegmentedRaftLogWorker.java:execute(630)) - s1@group-CE97570DA9AE-SegmentedRaftLogWorker: created new log segment /home/runner/work/ratis/ratis/ratis-test/target/test/data/98de01a3/MiniRaftClusterWithGrpcd59d23fd/s1/6d778973-fe73-4818-86b5-ce97570da9ae/current/log_inprogress_192
2023-02-23 08:35:23,938 [s1@group-CE97570DA9AE-StateMachineUpdater] INFO  impl.SimpleStateMachine4Testing (SimpleStateMachine4Testing.java:put(205)) - s1: put 193, m96 -> (t:1, i:193), STATEMACHINELOGENTRY, 483@client-E9D4BF423A8D
2023-02-23 08:35:23,938 [s1@group-CE97570DA9AE-StateMachineUpdater] INFO  impl.SimpleStateMachine4Testing (SimpleStateMachine4Testing.java:put(205)) - s1: put 195, m97 -> (t:1, i:195), STATEMACHINELOGENTRY, 484@client-E9D4BF423A8D
2023-02-23 08:35:23,938 [s1@group-CE97570DA9AE-StateMachineUpdater] INFO  impl.SimpleStateMachine4Testing (SimpleStateMachine4Testing.java:put(205)) - s1: put 197, m98 -> (t:1, i:197), STATEMACHINELOGENTRY, 485@client-E9D4BF423A8D
2023-02-23 08:35:23,938 [s1@group-CE97570DA9AE-StateMachineUpdater] INFO  impl.SimpleStateMachine4Testing (SimpleStateMachine4Testing.java:put(205)) - s1: put 199, m99 -> (t:1, i:199), STATEMACHINELOGENTRY, 486@client-E9D4BF423A8D
2023-02-23 08:35:23,938 [s1@group-CE97570DA9AE-StateMachineUpdater] INFO  impl.SimpleStateMachine4Testing (SimpleStateMachine4Testing.java:put(205)) - s1: put 201, m100 -> (t:1, i:201), STATEMACHINELOGENTRY, 487@client-E9D4BF423A8D
2023-02-23 08:35:23,939 [s1@group-CE97570DA9AE-StateMachineUpdater] INFO  impl.SimpleStateMachine4Testing (SimpleStateMachine4Testing.java:put(205)) - s1: put 203, m101 -> (t:1, i:203), STATEMACHINELOGENTRY, 488@client-E9D4BF423A8D
2023-02-23 08:35:23,939 [s1@group-CE97570DA9AE-StateMachineUpdater] INFO  impl.SimpleStateMachine4Testing (SimpleStateMachine4Testing.java:put(205)) - s1: put 205, m102 -> (t:1, i:205), STATEMACHINELOGENTRY, 489@client-E9D4BF423A8D
2023-02-23 08:35:23,939 [s1@group-CE97570DA9AE-StateMachineUpdater] INFO  impl.SimpleStateMachine4Testing (SimpleStateMachine4Testing.java:put(205)) - s1: put 207, m103 -> (t:1, i:207), STATEMACHINELOGENTRY, 490@client-E9D4BF423A8D
2023-02-23 08:35:23,939 [s1@group-CE97570DA9AE-StateMachineUpdater] INFO  impl.SimpleStateMachine4Testing (SimpleStateMachine4Testing.java:put(205)) - s1: put 209, m104 -> (t:1, i:209), STATEMACHINELOGENTRY, 491@client-E9D4BF423A8D
2023-02-23 08:35:23,939 [s1@group-CE97570DA9AE-StateMachineUpdater] INFO  impl.SimpleStateMachine4Testing (SimpleStateMachine4Testing.java:put(205)) - s1: put 211, m105 -> (t:1, i:211), STATEMACHINELOGENTRY, 492@client-E9D4BF423A8D
2023-02-23 08:35:23,939 [s1@group-CE97570DA9AE-StateMachineUpdater] INFO  impl.SimpleStateMachine4Testing (SimpleStateMachine4Testing.java:put(205)) - s1: put 213, m106 -> (t:1, i:213), STATEMACHINELOGENTRY, 493@client-E9D4BF423A8D
2023-02-23 08:35:23,939 [s1@group-CE97570DA9AE-StateMachineUpdater] INFO  impl.SimpleStateMachine4Testing (SimpleStateMachine4Testing.java:put(205)) - s1: put 215, m107 -> (t:1, i:215), STATEMACHINELOGENTRY, 494@client-E9D4BF423A8D
2023-02-23 08:35:23,940 [s1@group-CE97570DA9AE-StateMachineUpdater] INFO  impl.SimpleStateMachine4Testing (SimpleStateMachine4Testing.java:put(205)) - s1: put 217, m108 -> (t:1, i:217), STATEMACHINELOGENTRY, 495@client-E9D4BF423A8D
2023-02-23 08:35:23,940 [s1@group-CE97570DA9AE-StateMachineUpdater] INFO  impl.SimpleStateMachine4Testing (SimpleStateMachine4Testing.java:put(205)) - s1: put 219, m109 -> (t:1, i:219), STATEMACHINELOGENTRY, 496@client-E9D4BF423A8D
2023-02-23 08:35:23,940 [s1@group-CE97570DA9AE-StateMachineUpdater] INFO  impl.SimpleStateMachine4Testing (SimpleStateMachine4Testing.java:put(205)) - s1: put 221, m110 -> (t:1, i:221), STATEMACHINELOGENTRY, 497@client-E9D4BF423A8D
2023-02-23 08:35:23,940 [s1@group-CE97570DA9AE-StateMachineUpdater] INFO  impl.SimpleStateMachine4Testing (SimpleStateMachine4Testing.java:put(205)) - s1: put 223, m111 -> (t:1, i:223), STATEMACHINELOGENTRY, 498@client-E9D4BF423A8D
2023-02-23 08:35:23,940 [s1@group-CE97570DA9AE-StateMachineUpdater] INFO  impl.SimpleStateMachine4Testing (SimpleStateMachine4Testing.java:put(205)) - s1: put 225, m112 -> (t:1, i:225), STATEMACHINELOGENTRY, 499@client-E9D4BF423A8D
2023-02-23 08:35:23,940 [s1@group-CE97570DA9AE-StateMachineUpdater] INFO  impl.SimpleStateMachine4Testing (SimpleStateMachine4Testing.java:put(205)) - s1: put 227, m113 -> (t:1, i:227), STATEMACHINELOGENTRY, 500@client-E9D4BF423A8D
2023-02-23 08:35:23,944 [s1@group-CE97570DA9AE-StateMachineUpdater] INFO  impl.SimpleStateMachine4Testing (SimpleStateMachine4Testing.java:put(205)) - s1: put 229, m114 -> (t:1, i:229), STATEMACHINELOGENTRY, 501@client-E9D4BF423A8D
2023-02-23 08:35:23,944 [s1@group-CE97570DA9AE-StateMachineUpdater] INFO  impl.SimpleStateMachine4Testing (SimpleStateMachine4Testing.java:put(205)) - s1: put 231, m115 -> (t:1, i:231), STATEMACHINELOGENTRY, 502@client-E9D4BF423A8D
2023-02-23 08:35:23,944 [s1@group-CE97570DA9AE-StateMachineUpdater] INFO  impl.SimpleStateMachine4Testing (SimpleStateMachine4Testing.java:put(205)) - s1: put 233, m116 -> (t:1, i:233), STATEMACHINELOGENTRY, 503@client-E9D4BF423A8D
2023-02-23 08:35:23,944 [s1@group-CE97570DA9AE-StateMachineUpdater] INFO  impl.SimpleStateMachine4Testing (SimpleStateMachine4Testing.java:put(205)) - s1: put 235, m117 -> (t:1, i:235), STATEMACHINELOGENTRY, 504@client-E9D4BF423A8D
2023-02-23 08:35:23,944 [s1@group-CE97570DA9AE-StateMachineUpdater] INFO  impl.SimpleStateMachine4Testing (SimpleStateMachine4Testing.java:put(205)) - s1: put 237, m118 -> (t:1, i:237), STATEMACHINELOGENTRY, 505@client-E9D4BF423A8D
2023-02-23 08:35:23,945 [s1@group-CE97570DA9AE-StateMachineUpdater] INFO  impl.SimpleStateMachine4Testing (SimpleStateMachine4Testing.java:put(205)) - s1: put 239, m119 -> (t:1, i:239), STATEMACHINELOGENTRY, 506@client-E9D4BF423A8D
2023-02-23 08:35:23,945 [s1@group-CE97570DA9AE-StateMachineUpdater] INFO  impl.SimpleStateMachine4Testing (SimpleStateMachine4Testing.java:put(205)) - s1: put 241, m120 -> (t:1, i:241), STATEMACHINELOGENTRY, 507@client-E9D4BF423A8D
2023-02-23 08:35:23,945 [s1@group-CE97570DA9AE-StateMachineUpdater] INFO  impl.SimpleStateMachine4Testing (SimpleStateMachine4Testing.java:put(205)) - s1: put 243, m121 -> (t:1, i:243), STATEMACHINELOGENTRY, 508@client-E9D4BF423A8D
2023-02-23 08:35:23,945 [s1@group-CE97570DA9AE-StateMachineUpdater] INFO  impl.SimpleStateMachine4Testing (SimpleStateMachine4Testing.java:put(205)) - s1: put 245, m122 -> (t:1, i:245), STATEMACHINELOGENTRY, 509@client-E9D4BF423A8D
2023-02-23 08:35:23,945 [s1@group-CE97570DA9AE-StateMachineUpdater] INFO  impl.SimpleStateMachine4Testing (SimpleStateMachine4Testing.java:put(205)) - s1: put 247, m123 -> (t:1, i:247), STATEMACHINELOGENTRY, 510@client-E9D4BF423A8D
2023-02-23 08:35:23,943 [s2-server-thread2] INFO  server.RaftServer$Division (ServerState.java:setRaftConf(378)) - s2@group-CE97570DA9AE: set configuration 255: peers:[s0|rpc:localhost:44149|admin:localhost:35639|client:localhost:44385|dataStream:localhost:43229|priority:0|startupRole:FOLLOWER, s1|rpc:0.0.0.0:46013|dataStream:|priority:0|startupRole:FOLLOWER, s2|rpc:0.0.0.0:37357|dataStream:|priority:0|startupRole:FOLLOWER]|listeners:[], old=peers:[s0|rpc:localhost:44149|admin:localhost:35639|client:localhost:44385|dataStream:localhost:43229|priority:0|startupRole:FOLLOWER]|listeners:[]
2023-02-23 08:35:23,942 [s0@group-CE97570DA9AE-LeaderStateImpl] INFO  server.RaftServer$Division (ServerState.java:setRaftConf(378)) - s0@group-CE97570DA9AE: set configuration 255: peers:[s0|rpc:localhost:44149|admin:localhost:35639|client:localhost:44385|dataStream:localhost:43229|priority:0|startupRole:FOLLOWER, s1|rpc:0.0.0.0:46013|dataStream:|priority:0|startupRole:FOLLOWER, s2|rpc:0.0.0.0:37357|dataStream:|priority:0|startupRole:FOLLOWER]|listeners:[], old=peers:[s0|rpc:localhost:44149|admin:localhost:35639|client:localhost:44385|dataStream:localhost:43229|priority:0|startupRole:FOLLOWER]|listeners:[]
2023-02-23 08:35:23,944 [s1-server-thread2] INFO  server.RaftServer$Division (ServerState.java:setRaftConf(378)) - s1@group-CE97570DA9AE: set configuration 255: peers:[s0|rpc:localhost:44149|admin:localhost:35639|client:localhost:44385|dataStream:localhost:43229|priority:0|startupRole:FOLLOWER, s1|rpc:0.0.0.0:46013|dataStream:|priority:0|startupRole:FOLLOWER, s2|rpc:0.0.0.0:37357|dataStream:|priority:0|startupRole:FOLLOWER]|listeners:[], old=peers:[s0|rpc:localhost:44149|admin:localhost:35639|client:localhost:44385|dataStream:localhost:43229|priority:0|startupRole:FOLLOWER]|listeners:[]
2023-02-23 08:35:23,947 [s1@group-CE97570DA9AE-StateMachineUpdater] INFO  impl.SimpleStateMachine4Testing (SimpleStateMachine4Testing.java:put(205)) - s1: put 249, m124 -> (t:1, i:249), STATEMACHINELOGENTRY, 511@client-E9D4BF423A8D
2023-02-23 08:35:23,947 [s1@group-CE97570DA9AE-StateMachineUpdater] INFO  impl.SimpleStateMachine4Testing (SimpleStateMachine4Testing.java:put(205)) - s1: put 251, m125 -> (t:1, i:251), STATEMACHINELOGENTRY, 512@client-E9D4BF423A8D
2023-02-23 08:35:23,948 [s1@group-CE97570DA9AE-StateMachineUpdater] INFO  impl.SimpleStateMachine4Testing (SimpleStateMachine4Testing.java:put(205)) - s1: put 253, m126 -> (t:1, i:253), STATEMACHINELOGENTRY, 513@client-E9D4BF423A8D
2023-02-23 08:35:23,948 [s0@group-CE97570DA9AE-LeaderStateImpl] INFO  server.RaftServer$Division (ServerState.java:setRaftConf(378)) - s0@group-CE97570DA9AE: set configuration 257: peers:[s0|rpc:localhost:44149|admin:localhost:35639|client:localhost:44385|dataStream:localhost:43229|priority:0|startupRole:FOLLOWER, s1|rpc:0.0.0.0:46013|dataStream:|priority:0|startupRole:FOLLOWER, s2|rpc:0.0.0.0:37357|dataStream:|priority:0|startupRole:FOLLOWER]|listeners:[], old=null
2023-02-23 08:35:23,951 [s0@group-CE97570DA9AE-StateMachineUpdater] TRACE util.FileUtils (FileUtils.java:deleteFully(201)) - deleteFully /tmp/ratis-tests/statemachine/s0/snapshot/1_255
2023-02-23 08:35:23,951 [s2-server-thread2] INFO  server.RaftServer$Division (ServerState.java:setRaftConf(378)) - s2@group-CE97570DA9AE: set configuration 257: peers:[s0|rpc:localhost:44149|admin:localhost:35639|client:localhost:44385|dataStream:localhost:43229|priority:0|startupRole:FOLLOWER, s1|rpc:0.0.0.0:46013|dataStream:|priority:0|startupRole:FOLLOWER, s2|rpc:0.0.0.0:37357|dataStream:|priority:0|startupRole:FOLLOWER]|listeners:[], old=null
2023-02-23 08:35:23,952 [s1-server-thread2] INFO  server.RaftServer$Division (ServerState.java:setRaftConf(378)) - s1@group-CE97570DA9AE: set configuration 257: peers:[s0|rpc:localhost:44149|admin:localhost:35639|client:localhost:44385|dataStream:localhost:43229|priority:0|startupRole:FOLLOWER, s1|rpc:0.0.0.0:46013|dataStream:|priority:0|startupRole:FOLLOWER, s2|rpc:0.0.0.0:37357|dataStream:|priority:0|startupRole:FOLLOWER]|listeners:[], old=null
2023-02-23 08:35:23,951 [s0@group-CE97570DA9AE-StateMachineUpdater] TRACE util.FileUtils (FileUtils.java:deleteFully(217)) - deleteFully: /tmp/ratis-tests/statemachine/s0/snapshot/1_255 does not exist.
2023-02-23 08:35:23,952 [s0@group-CE97570DA9AE-StateMachineUpdater] TRACE util.FileUtils (FileUtils.java:deleteFully(201)) - deleteFully /tmp/ratis-tests/statemachine/s0/tmp/ba7b6945-c0ae-4856-bcde-0fb1c4b7c149
2023-02-23 08:35:23,952 [s0@group-CE97570DA9AE-StateMachineUpdater] TRACE util.FileUtils (FileUtils.java:deleteFully(217)) - deleteFully: /tmp/ratis-tests/statemachine/s0/tmp/ba7b6945-c0ae-4856-bcde-0fb1c4b7c149 does not exist.
2023-02-23 08:35:23,952 [s0@group-CE97570DA9AE-StateMachineUpdater] TRACE util.FileUtils (LogUtils.java:runAndLog(49)) - Successfully ran Atomic Files.move /tmp/ratis-tests/statemachine/s0/tmp/ba7b6945-c0ae-4856-bcde-0fb1c4b7c149 to /tmp/ratis-tests/statemachine/s0/snapshot/1_255
2023-02-23 08:35:23,952 [s0@group-CE97570DA9AE-StateMachineUpdater] INFO  impl.StateMachineUpdater (StateMachineUpdater.java:takeSnapshot(290)) - s0@group-CE97570DA9AE-StateMachineUpdater: Took a snapshot at index 255
2023-02-23 08:35:23,952 [s0@group-CE97570DA9AE-StateMachineUpdater] INFO  impl.StateMachineUpdater (StateMachineUpdater.java:lambda$new$0(96)) - s0@group-CE97570DA9AE-StateMachineUpdater: snapshotIndex: updateIncreasingly 191 -> 255
2023-02-23 08:35:23,956 [s1@group-CE97570DA9AE-StateMachineUpdater] TRACE util.FileUtils (FileUtils.java:deleteFully(201)) - deleteFully /tmp/ratis-tests/statemachine/s1/snapshot/1_255
2023-02-23 08:35:23,957 [s1@group-CE97570DA9AE-StateMachineUpdater] TRACE util.FileUtils (FileUtils.java:deleteFully(217)) - deleteFully: /tmp/ratis-tests/statemachine/s1/snapshot/1_255 does not exist.
2023-02-23 08:35:23,957 [s1@group-CE97570DA9AE-StateMachineUpdater] TRACE util.FileUtils (FileUtils.java:deleteFully(201)) - deleteFully /tmp/ratis-tests/statemachine/s1/tmp/767a13f4-cc59-48a5-aa4c-c2bd48f06e7d
2023-02-23 08:35:23,957 [s1@group-CE97570DA9AE-StateMachineUpdater] TRACE util.FileUtils (FileUtils.java:deleteFully(217)) - deleteFully: /tmp/ratis-tests/statemachine/s1/tmp/767a13f4-cc59-48a5-aa4c-c2bd48f06e7d does not exist.
2023-02-23 08:35:23,958 [s2@group-CE97570DA9AE-SegmentedRaftLogWorker] INFO  segmented.SegmentedRaftLogWorker (SegmentedRaftLogWorker.java:execute(630)) - s2@group-CE97570DA9AE-SegmentedRaftLogWorker: created new log segment /home/runner/work/ratis/ratis/ratis-test/target/test/data/98de01a3/MiniRaftClusterWithGrpcd59d23fd/s2/6d778973-fe73-4818-86b5-ce97570da9ae/current/log_inprogress_192
2023-02-23 08:35:23,962 [s1@group-CE97570DA9AE-StateMachineUpdater] TRACE util.FileUtils (LogUtils.java:runAndLog(49)) - Successfully ran Atomic Files.move /tmp/ratis-tests/statemachine/s1/tmp/767a13f4-cc59-48a5-aa4c-c2bd48f06e7d to /tmp/ratis-tests/statemachine/s1/snapshot/1_255
2023-02-23 08:35:23,962 [s1@group-CE97570DA9AE-StateMachineUpdater] INFO  impl.StateMachineUpdater (StateMachineUpdater.java:takeSnapshot(290)) - s1@group-CE97570DA9AE-StateMachineUpdater: Took a snapshot at index 255
2023-02-23 08:35:23,962 [s1@group-CE97570DA9AE-StateMachineUpdater] INFO  impl.StateMachineUpdater (StateMachineUpdater.java:lambda$new$0(96)) - s1@group-CE97570DA9AE-StateMachineUpdater: snapshotIndex: updateIncreasingly 191 -> 255
2023-02-23 08:35:23,986 [Time-limited test] INFO  server.RaftServerConfigKeys (ConfUtils.java:logGet(46)) - raft.server.rpc.timeout.max = 300ms (default)
2023-02-23 08:35:23,986 [Time-limited test] INFO  impl.RaftServerTestUtil (RaftServerTestUtil.java:waitAndCheckNewConf(87)) - waitAndCheckNewConf: peers=[s1|rpc:0.0.0.0:46013|priority:0|startupRole:FOLLOWER, s2|rpc:0.0.0.0:37357|priority:0|startupRole:FOLLOWER, s0|rpc:localhost:44149|admin:localhost:35639|client:localhost:44385|dataStream:localhost:43229|priority:0|startupRole:FOLLOWER], deadPeers=null, printing ALL groups
  s0:  RUNNING    LEADER s0@group-CE97570DA9AE:t1, leader=s0, voted=s0, raftlog=Memoized:s0@group-CE97570DA9AE-SegmentedRaftLog:OPENED:c258, conf=257: peers:[s0|rpc:localhost:44149|admin:localhost:35639|client:localhost:44385|dataStream:localhost:43229|priority:0|startupRole:FOLLOWER, s1|rpc:0.0.0.0:46013|dataStream:|priority:0|startupRole:FOLLOWER, s2|rpc:0.0.0.0:37357|dataStream:|priority:0|startupRole:FOLLOWER]|listeners:[], old=null RUNNING
  s1:  RUNNING  FOLLOWER s1@group-CE97570DA9AE:t1, leader=s0, voted=null, raftlog=Memoized:s1@group-CE97570DA9AE-SegmentedRaftLog:OPENED:c257, conf=257: peers:[s0|rpc:localhost:44149|admin:localhost:35639|client:localhost:44385|dataStream:localhost:43229|priority:0|startupRole:FOLLOWER, s1|rpc:0.0.0.0:46013|dataStream:|priority:0|startupRole:FOLLOWER, s2|rpc:0.0.0.0:37357|dataStream:|priority:0|startupRole:FOLLOWER]|listeners:[], old=null RUNNING
  s2:  RUNNING  FOLLOWER s2@group-CE97570DA9AE:t1, leader=s0, voted=null, raftlog=Memoized:s2@group-CE97570DA9AE-SegmentedRaftLog:OPENED:c257, conf=257: peers:[s0|rpc:localhost:44149|admin:localhost:35639|client:localhost:44385|dataStream:localhost:43229|priority:0|startupRole:FOLLOWER, s1|rpc:0.0.0.0:46013|dataStream:|priority:0|startupRole:FOLLOWER, s2|rpc:0.0.0.0:37357|dataStream:|priority:0|startupRole:FOLLOWER]|listeners:[], old=null RUNNING
2023-02-23 08:35:23,986 [Time-limited test] INFO  impl.RaftServerTestUtil (RaftServerTestUtil.java:waitAndCheckNewConf(96)) - checking    LEADER s0@group-CE97570DA9AE:t1, leader=s0, voted=s0, raftlog=Memoized:s0@group-CE97570DA9AE-SegmentedRaftLog:OPENED:c258, conf=257: peers:[s0|rpc:localhost:44149|admin:localhost:35639|client:localhost:44385|dataStream:localhost:43229|priority:0|startupRole:FOLLOWER, s1|rpc:0.0.0.0:46013|dataStream:|priority:0|startupRole:FOLLOWER, s2|rpc:0.0.0.0:37357|dataStream:|priority:0|startupRole:FOLLOWER]|listeners:[], old=null RUNNING
2023-02-23 08:35:23,986 [Time-limited test] INFO  impl.RaftServerTestUtil (RaftServerTestUtil.java:waitAndCheckNewConf(96)) - checking  FOLLOWER s1@group-CE97570DA9AE:t1, leader=s0, voted=null, raftlog=Memoized:s1@group-CE97570DA9AE-SegmentedRaftLog:OPENED:c257, conf=257: peers:[s0|rpc:localhost:44149|admin:localhost:35639|client:localhost:44385|dataStream:localhost:43229|priority:0|startupRole:FOLLOWER, s1|rpc:0.0.0.0:46013|dataStream:|priority:0|startupRole:FOLLOWER, s2|rpc:0.0.0.0:37357|dataStream:|priority:0|startupRole:FOLLOWER]|listeners:[], old=null RUNNING
2023-02-23 08:35:23,987 [Time-limited test] INFO  impl.RaftServerTestUtil (RaftServerTestUtil.java:waitAndCheckNewConf(96)) - checking  FOLLOWER s2@group-CE97570DA9AE:t1, leader=s0, voted=null, raftlog=Memoized:s2@group-CE97570DA9AE-SegmentedRaftLog:OPENED:c257, conf=257: peers:[s0|rpc:localhost:44149|admin:localhost:35639|client:localhost:44385|dataStream:localhost:43229|priority:0|startupRole:FOLLOWER, s1|rpc:0.0.0.0:46013|dataStream:|priority:0|startupRole:FOLLOWER, s2|rpc:0.0.0.0:37357|dataStream:|priority:0|startupRole:FOLLOWER]|listeners:[], old=null RUNNING
2023-02-23 08:35:23,987 [Time-limited test] INFO  impl.MiniRaftCluster (MiniRaftCluster.java:shutdown(831)) - ************************************************************** 
2023-02-23 08:35:23,987 [Time-limited test] INFO  impl.MiniRaftCluster (MiniRaftCluster.java:shutdown(832)) - *** 
2023-02-23 08:35:23,987 [Time-limited test] INFO  impl.MiniRaftCluster (MiniRaftCluster.java:shutdown(833)) - ***     Stopping MiniRaftClusterWithGrpc
2023-02-23 08:35:23,987 [Time-limited test] INFO  impl.MiniRaftCluster (MiniRaftCluster.java:shutdown(834)) - *** 
2023-02-23 08:35:23,987 [Time-limited test] INFO  impl.MiniRaftCluster (MiniRaftCluster.java:shutdown(835)) - ************************************************************** 
2023-02-23 08:35:23,987 [Time-limited test] INFO  impl.MiniRaftCluster (MiniRaftCluster.java:shutdown(836)) - printing ALL groups
  s0:  RUNNING    LEADER s0@group-CE97570DA9AE:t1, leader=s0, voted=s0, raftlog=Memoized:s0@group-CE97570DA9AE-SegmentedRaftLog:OPENED:c258, conf=257: peers:[s0|rpc:localhost:44149|admin:localhost:35639|client:localhost:44385|dataStream:localhost:43229|priority:0|startupRole:FOLLOWER, s1|rpc:0.0.0.0:46013|dataStream:|priority:0|startupRole:FOLLOWER, s2|rpc:0.0.0.0:37357|dataStream:|priority:0|startupRole:FOLLOWER]|listeners:[], old=null RUNNING
  s1:  RUNNING  FOLLOWER s1@group-CE97570DA9AE:t1, leader=s0, voted=null, raftlog=Memoized:s1@group-CE97570DA9AE-SegmentedRaftLog:OPENED:c257, conf=257: peers:[s0|rpc:localhost:44149|admin:localhost:35639|client:localhost:44385|dataStream:localhost:43229|priority:0|startupRole:FOLLOWER, s1|rpc:0.0.0.0:46013|dataStream:|priority:0|startupRole:FOLLOWER, s2|rpc:0.0.0.0:37357|dataStream:|priority:0|startupRole:FOLLOWER]|listeners:[], old=null RUNNING
  s2:  RUNNING  FOLLOWER s2@group-CE97570DA9AE:t1, leader=s0, voted=null, raftlog=Memoized:s2@group-CE97570DA9AE-SegmentedRaftLog:OPENED:c257, conf=257: peers:[s0|rpc:localhost:44149|admin:localhost:35639|client:localhost:44385|dataStream:localhost:43229|priority:0|startupRole:FOLLOWER, s1|rpc:0.0.0.0:46013|dataStream:|priority:0|startupRole:FOLLOWER, s2|rpc:0.0.0.0:37357|dataStream:|priority:0|startupRole:FOLLOWER]|listeners:[], old=null RUNNING
2023-02-23 08:35:23,988 [MiniRaftCluster-19] INFO  server.RaftServer (RaftServerProxy.java:lambda$close$7(417)) - s0: close
2023-02-23 08:35:23,988 [MiniRaftCluster-20] INFO  server.RaftServer (RaftServerProxy.java:lambda$close$7(417)) - s1: close
2023-02-23 08:35:23,997 [s0-impl-thread1] INFO  server.RaftServer$Division (RaftServerImpl.java:lambda$close$4(466)) - s0@group-CE97570DA9AE: shutdown
2023-02-23 08:35:23,997 [MiniRaftCluster-19] INFO  server.GrpcService (GrpcService.java:closeImpl(311)) - s0: shutdown server org.apache.ratis.grpc.server.GrpcClientProtocolService now
2023-02-23 08:35:23,998 [s0-impl-thread1] INFO  util.JmxRegister (JmxRegister.java:unregister(73)) - Successfully un-registered JMX Bean with object name Ratis:service=RaftServer,group=group-CE97570DA9AE,id=s0
2023-02-23 08:35:23,998 [s0-impl-thread1] INFO  impl.RoleInfo (RoleInfo.java:shutdownLeaderState(93)) - s0: shutdown s0@group-CE97570DA9AE-LeaderStateImpl
2023-02-23 08:35:23,998 [s0-impl-thread1] INFO  impl.PendingRequests (PendingRequests.java:sendNotLeaderResponses(282)) - s0@group-CE97570DA9AE-PendingRequests: sendNotLeaderResponses
2023-02-23 08:35:24,002 [s0@group-CE97570DA9AE->s2-GrpcLogAppender-LogAppenderDaemon] WARN  server.GrpcLogAppender (GrpcLogAppender.java:mayWait(199)) - s0@group-CE97570DA9AE->s2-GrpcLogAppender: Wait interrupted by java.lang.InterruptedException
2023-02-23 08:35:24,003 [grpc-default-executor-0] INFO  server.GrpcServerProtocolService (GrpcServerProtocolService.java:onCompleted(143)) - s2: Completed APPEND_ENTRIES, lastRequest: s0->s2#9-t1,previous=(t:1, i:257),leaderCommit=257,initializing? true,entries: size=1, first=(t:1, i:258), METADATAENTRY(c:257)
2023-02-23 08:35:24,003 [grpc-default-executor-3] INFO  server.GrpcServerProtocolService (GrpcServerProtocolService.java:onCompleted(143)) - s2: Completed APPEND_ENTRIES, lastRequest: null
2023-02-23 08:35:24,003 [s0@group-CE97570DA9AE->s1-GrpcLogAppender-LogAppenderDaemon] WARN  server.GrpcLogAppender (GrpcLogAppender.java:mayWait(199)) - s0@group-CE97570DA9AE->s1-GrpcLogAppender: Wait interrupted by java.lang.InterruptedException
2023-02-23 08:35:24,003 [s1-impl-thread1] INFO  server.RaftServer$Division (RaftServerImpl.java:lambda$close$4(466)) - s1@group-CE97570DA9AE: shutdown
2023-02-23 08:35:24,003 [s1-impl-thread1] INFO  util.JmxRegister (JmxRegister.java:unregister(73)) - Successfully un-registered JMX Bean with object name Ratis:service=RaftServer,group=group-CE97570DA9AE,id=s1
2023-02-23 08:35:24,003 [s1-impl-thread1] INFO  impl.RoleInfo (RoleInfo.java:shutdownFollowerState(110)) - s1: shutdown s1@group-CE97570DA9AE-FollowerState
2023-02-23 08:35:24,004 [s1-impl-thread1] INFO  impl.StateMachineUpdater (StateMachineUpdater.java:stopAndJoin(154)) - s1@group-CE97570DA9AE-StateMachineUpdater: set stopIndex = 257
2023-02-23 08:35:24,004 [s1@group-CE97570DA9AE-FollowerState] INFO  impl.FollowerState (FollowerState.java:run(152)) - s1@group-CE97570DA9AE-FollowerState was interrupted
2023-02-23 08:35:24,004 [MiniRaftCluster-20] INFO  server.GrpcService (GrpcService.java:closeImpl(311)) - s1: shutdown server GrpcServerProtocolService now
2023-02-23 08:35:24,004 [s1@group-CE97570DA9AE-StateMachineUpdater] TRACE util.FileUtils (FileUtils.java:deleteFully(201)) - deleteFully /tmp/ratis-tests/statemachine/s1/snapshot/1_257
2023-02-23 08:35:24,004 [s1@group-CE97570DA9AE-StateMachineUpdater] TRACE util.FileUtils (FileUtils.java:deleteFully(217)) - deleteFully: /tmp/ratis-tests/statemachine/s1/snapshot/1_257 does not exist.
2023-02-23 08:35:24,004 [s1@group-CE97570DA9AE-StateMachineUpdater] TRACE util.FileUtils (FileUtils.java:deleteFully(201)) - deleteFully /tmp/ratis-tests/statemachine/s1/tmp/1d2958e9-8744-4184-9e15-11d5b5c7f21f
2023-02-23 08:35:24,004 [s1@group-CE97570DA9AE-StateMachineUpdater] TRACE util.FileUtils (FileUtils.java:deleteFully(217)) - deleteFully: /tmp/ratis-tests/statemachine/s1/tmp/1d2958e9-8744-4184-9e15-11d5b5c7f21f does not exist.
2023-02-23 08:35:24,004 [s1@group-CE97570DA9AE-StateMachineUpdater] TRACE util.FileUtils (LogUtils.java:runAndLog(49)) - Successfully ran Atomic Files.move /tmp/ratis-tests/statemachine/s1/tmp/1d2958e9-8744-4184-9e15-11d5b5c7f21f to /tmp/ratis-tests/statemachine/s1/snapshot/1_257
2023-02-23 08:35:24,004 [s1@group-CE97570DA9AE-StateMachineUpdater] INFO  impl.StateMachineUpdater (StateMachineUpdater.java:takeSnapshot(290)) - s1@group-CE97570DA9AE-StateMachineUpdater: Took a snapshot at index 257
2023-02-23 08:35:24,004 [s1@group-CE97570DA9AE-StateMachineUpdater] INFO  impl.StateMachineUpdater (StateMachineUpdater.java:lambda$new$0(96)) - s1@group-CE97570DA9AE-StateMachineUpdater: snapshotIndex: updateIncreasingly 255 -> 257
2023-02-23 08:35:24,005 [s1-impl-thread1] INFO  server.RaftServer$Division (ServerState.java:close(414)) - s1@group-CE97570DA9AE: applyIndex: 257
2023-02-23 08:35:24,005 [grpc-default-executor-0] INFO  server.GrpcServerProtocolService (GrpcServerProtocolService.java:onCompleted(143)) - s1: Completed APPEND_ENTRIES, lastRequest: s0->s1#10-t1,previous=(t:1, i:257),leaderCommit=257,initializing? true,entries: size=1, first=(t:1, i:258), METADATAENTRY(c:257)
2023-02-23 08:35:24,006 [grpc-default-executor-1] INFO  server.GrpcLogAppender (GrpcLogAppender.java:onCompleted(417)) - s0@group-CE97570DA9AE->s1-AppendLogResponseHandler: follower responses appendEntries COMPLETED
2023-02-23 08:35:24,006 [grpc-default-executor-1] INFO  leader.FollowerInfo (FollowerInfoImpl.java:lambda$new$0(52)) - s0@group-CE97570DA9AE->s1: nextIndex: updateUnconditionally 259 -> 258
2023-02-23 08:35:24,006 [grpc-default-executor-5] INFO  server.GrpcLogAppender (GrpcLogAppender.java:onCompleted(417)) - s0@group-CE97570DA9AE->s2-AppendLogResponseHandler: follower responses appendEntries COMPLETED
2023-02-23 08:35:24,006 [grpc-default-executor-3] INFO  server.GrpcServerProtocolService (GrpcServerProtocolService.java:onCompleted(143)) - s1: Completed APPEND_ENTRIES, lastRequest: null
2023-02-23 08:35:24,007 [grpc-default-executor-5] INFO  leader.FollowerInfo (FollowerInfoImpl.java:lambda$new$0(52)) - s0@group-CE97570DA9AE->s2: nextIndex: updateUnconditionally 259 -> 258
2023-02-23 08:35:24,009 [MiniRaftCluster-21] INFO  server.RaftServer (RaftServerProxy.java:lambda$close$7(417)) - s2: close
2023-02-23 08:35:24,009 [MiniRaftCluster-19] INFO  server.GrpcServerProtocolClient (GrpcServerProtocolClient.java:close(101)) - s1 Close channels
2023-02-23 08:35:24,010 [grpc-default-executor-0] INFO  server.GrpcLogAppender (GrpcLogAppender.java:onCompleted(417)) - s0@group-CE97570DA9AE->s2-AppendLogResponseHandler: follower responses appendEntries COMPLETED
2023-02-23 08:35:24,010 [grpc-default-executor-5] INFO  server.GrpcLogAppender (GrpcLogAppender.java:onCompleted(417)) - s0@group-CE97570DA9AE->s1-AppendLogResponseHandler: follower responses appendEntries COMPLETED
2023-02-23 08:35:24,010 [grpc-default-executor-5] WARN  server.GrpcLogAppender (GrpcLogAppender.java:resetClient(136)) - s0@group-CE97570DA9AE->s1-GrpcLogAppender: Failed to getClient for s1
org.apache.ratis.protocol.exceptions.AlreadyClosedException: s0 is already CLOSED
	at org.apache.ratis.util.PeerProxyMap$PeerAndProxy.getProxy(PeerProxyMap.java:61)
	at org.apache.ratis.util.PeerProxyMap.getProxy(PeerProxyMap.java:115)
	at org.apache.ratis.grpc.server.GrpcLogAppender.getClient(GrpcLogAppender.java:114)
	at org.apache.ratis.grpc.server.GrpcLogAppender.resetClient(GrpcLogAppender.java:119)
	at org.apache.ratis.grpc.server.GrpcLogAppender.access$500(GrpcLogAppender.java:56)
	at org.apache.ratis.grpc.server.GrpcLogAppender$AppendLogResponseHandler.onCompleted(GrpcLogAppender.java:418)
	at org.apache.ratis.thirdparty.io.grpc.stub.ClientCalls$StreamObserverToCallListenerAdapter.onClose(ClientCalls.java:485)
	at org.apache.ratis.thirdparty.io.grpc.internal.DelayedClientCall$DelayedListener$3.run(DelayedClientCall.java:468)
	at org.apache.ratis.thirdparty.io.grpc.internal.DelayedClientCall$DelayedListener.delayOrExecute(DelayedClientCall.java:432)
	at org.apache.ratis.thirdparty.io.grpc.internal.DelayedClientCall$DelayedListener.onClose(DelayedClientCall.java:465)
	at org.apache.ratis.thirdparty.io.grpc.internal.ClientCallImpl.closeObserver(ClientCallImpl.java:562)
	at org.apache.ratis.thirdparty.io.grpc.internal.ClientCallImpl.access$300(ClientCallImpl.java:70)
	at org.apache.ratis.thirdparty.io.grpc.internal.ClientCallImpl$ClientStreamListenerImpl$1StreamClosed.runInternal(ClientCallImpl.java:743)
	at org.apache.ratis.thirdparty.io.grpc.internal.ClientCallImpl$ClientStreamListenerImpl$1StreamClosed.runInContext(ClientCallImpl.java:722)
	at org.apache.ratis.thirdparty.io.grpc.internal.ContextRunnable.run(ContextRunnable.java:37)
	at org.apache.ratis.thirdparty.io.grpc.internal.SerializingExecutor.run(SerializingExecutor.java:133)
	at java.base/java.util.concurrent.ThreadPoolExecutor.runWorker(ThreadPoolExecutor.java:1128)
	at java.base/java.util.concurrent.ThreadPoolExecutor$Worker.run(ThreadPoolExecutor.java:628)
	at java.base/java.lang.Thread.run(Thread.java:829)
2023-02-23 08:35:24,010 [grpc-default-executor-0] INFO  leader.FollowerInfo (FollowerInfoImpl.java:lambda$new$0(52)) - s0@group-CE97570DA9AE->s2: nextIndex: updateUnconditionally 258 -> 257
2023-02-23 08:35:24,011 [MiniRaftCluster-20] INFO  server.GrpcService (GrpcService.java:closeImpl(320)) - s1: shutdown server GrpcServerProtocolService successfully
2023-02-23 08:35:24,013 [s0-impl-thread1] INFO  impl.StateMachineUpdater (StateMachineUpdater.java:stopAndJoin(154)) - s0@group-CE97570DA9AE-StateMachineUpdater: set stopIndex = 258
2023-02-23 08:35:24,013 [s0@group-CE97570DA9AE-StateMachineUpdater] TRACE util.FileUtils (FileUtils.java:deleteFully(201)) - deleteFully /tmp/ratis-tests/statemachine/s0/snapshot/1_258
2023-02-23 08:35:24,013 [s0@group-CE97570DA9AE-StateMachineUpdater] TRACE util.FileUtils (FileUtils.java:deleteFully(217)) - deleteFully: /tmp/ratis-tests/statemachine/s0/snapshot/1_258 does not exist.
2023-02-23 08:35:24,013 [s0@group-CE97570DA9AE-StateMachineUpdater] TRACE util.FileUtils (FileUtils.java:deleteFully(201)) - deleteFully /tmp/ratis-tests/statemachine/s0/tmp/dceefc95-b04d-4edf-835f-71615f37f408
2023-02-23 08:35:24,013 [s0@group-CE97570DA9AE-StateMachineUpdater] TRACE util.FileUtils (FileUtils.java:deleteFully(217)) - deleteFully: /tmp/ratis-tests/statemachine/s0/tmp/dceefc95-b04d-4edf-835f-71615f37f408 does not exist.
2023-02-23 08:35:24,013 [s0@group-CE97570DA9AE-StateMachineUpdater] TRACE util.FileUtils (LogUtils.java:runAndLog(49)) - Successfully ran Atomic Files.move /tmp/ratis-tests/statemachine/s0/tmp/dceefc95-b04d-4edf-835f-71615f37f408 to /tmp/ratis-tests/statemachine/s0/snapshot/1_258
2023-02-23 08:35:24,013 [s0@group-CE97570DA9AE-StateMachineUpdater] INFO  impl.StateMachineUpdater (StateMachineUpdater.java:takeSnapshot(290)) - s0@group-CE97570DA9AE-StateMachineUpdater: Took a snapshot at index 258
2023-02-23 08:35:24,013 [s0@group-CE97570DA9AE-StateMachineUpdater] INFO  impl.StateMachineUpdater (StateMachineUpdater.java:lambda$new$0(96)) - s0@group-CE97570DA9AE-StateMachineUpdater: snapshotIndex: updateIncreasingly 255 -> 258
2023-02-23 08:35:24,013 [s0@group-CE97570DA9AE-StateMachineUpdater] INFO  raftlog.RaftLog (RaftLogBase.java:purge(314)) - s0@group-CE97570DA9AE-SegmentedRaftLog: purge 258
2023-02-23 08:35:24,014 [s0@group-CE97570DA9AE-StateMachineUpdater] INFO  raftlog.RaftLog (RaftLogBase.java:lambda$new$0(53)) - s0@group-CE97570DA9AE-SegmentedRaftLog: snapshotIndex: updateIncreasingly 191 -> 258
2023-02-23 08:35:24,014 [s0@group-CE97570DA9AE-StateMachineUpdater] INFO  raftlog.RaftLog (RaftLogBase.java:lambda$new$0(53)) - s0@group-CE97570DA9AE-SegmentedRaftLog: purgeIndex: updateToMax old=191, new=258, updated? true
2023-02-23 08:35:24,014 [s0-impl-thread1] INFO  server.RaftServer$Division (ServerState.java:close(414)) - s0@group-CE97570DA9AE: applyIndex: 258
2023-02-23 08:35:24,015 [MiniRaftCluster-19] INFO  server.GrpcServerProtocolClient (GrpcServerProtocolClient.java:close(101)) - s2 Close channels
2023-02-23 08:35:24,015 [MiniRaftCluster-21] INFO  server.GrpcService (GrpcService.java:closeImpl(311)) - s2: shutdown server GrpcServerProtocolService now
2023-02-23 08:35:24,015 [s2-impl-thread1] INFO  server.RaftServer$Division (RaftServerImpl.java:lambda$close$4(466)) - s2@group-CE97570DA9AE: shutdown
2023-02-23 08:35:24,016 [MiniRaftCluster-19] INFO  server.GrpcService (GrpcService.java:closeImpl(320)) - s0: shutdown server org.apache.ratis.grpc.server.GrpcClientProtocolService successfully
2023-02-23 08:35:24,016 [MiniRaftCluster-19] INFO  server.GrpcService (GrpcService.java:closeImpl(311)) - s0: shutdown server GrpcServerProtocolService now
2023-02-23 08:35:24,016 [s2-impl-thread1] INFO  util.JmxRegister (JmxRegister.java:unregister(73)) - Successfully un-registered JMX Bean with object name Ratis:service=RaftServer,group=group-CE97570DA9AE,id=s2
2023-02-23 08:35:24,017 [s2-impl-thread1] INFO  impl.RoleInfo (RoleInfo.java:shutdownFollowerState(110)) - s2: shutdown s2@group-CE97570DA9AE-FollowerState
2023-02-23 08:35:24,017 [s2-impl-thread1] INFO  impl.StateMachineUpdater (StateMachineUpdater.java:stopAndJoin(154)) - s2@group-CE97570DA9AE-StateMachineUpdater: set stopIndex = 257
2023-02-23 08:35:24,017 [s2@group-CE97570DA9AE-FollowerState] INFO  impl.FollowerState (FollowerState.java:run(152)) - s2@group-CE97570DA9AE-FollowerState was interrupted
2023-02-23 08:35:24,018 [MiniRaftCluster-21] INFO  server.GrpcService (GrpcService.java:closeImpl(320)) - s2: shutdown server GrpcServerProtocolService successfully
2023-02-23 08:35:24,018 [MiniRaftCluster-19] INFO  server.GrpcService (GrpcService.java:closeImpl(320)) - s0: shutdown server GrpcServerProtocolService successfully
2023-02-23 08:35:24,018 [MiniRaftCluster-19] INFO  server.GrpcService (GrpcService.java:closeImpl(311)) - s0: shutdown server org.apache.ratis.grpc.server.GrpcAdminProtocolService now
2023-02-23 08:35:24,019 [MiniRaftCluster-19] INFO  server.GrpcService (GrpcService.java:closeImpl(320)) - s0: shutdown server org.apache.ratis.grpc.server.GrpcAdminProtocolService successfully
2023-02-23 08:35:24,960 [s0-impl-thread1] INFO  segmented.SegmentedRaftLogWorker (SegmentedRaftLogWorker.java:close(242)) - s0@group-CE97570DA9AE-SegmentedRaftLogWorker close()
2023-02-23 08:35:24,962 [s1-impl-thread1] INFO  segmented.SegmentedRaftLogWorker (SegmentedRaftLogWorker.java:close(242)) - s1@group-CE97570DA9AE-SegmentedRaftLogWorker close()
2023-02-23 08:35:24,963 [JvmPauseMonitor9] INFO  util.JvmPauseMonitor (JvmPauseMonitor.java:run(109)) - JvmPauseMonitor-s0: Stopped
2023-02-23 08:35:24,963 [JvmPauseMonitor10] INFO  util.JvmPauseMonitor (JvmPauseMonitor.java:run(109)) - JvmPauseMonitor-s1: Stopped
2023-02-23 08:35:28,991 [Time-limited test] INFO  impl.MiniRaftCluster (MiniRaftCluster.java:shutdown(855)) - MiniRaftClusterWithGrpc shutdown completed
2023-02-23 08:35:28,991 [Time-limited test] INFO  impl.MiniRaftCluster (MiniRaftCluster.java:shutdown(831)) - ************************************************************** 
2023-02-23 08:35:28,992 [Time-limited test] INFO  impl.MiniRaftCluster (MiniRaftCluster.java:shutdown(832)) - *** 
2023-02-23 08:35:28,992 [Time-limited test] INFO  impl.MiniRaftCluster (MiniRaftCluster.java:shutdown(833)) - ***     Stopping MiniRaftClusterWithGrpc
2023-02-23 08:35:28,992 [Time-limited test] INFO  impl.MiniRaftCluster (MiniRaftCluster.java:shutdown(834)) - *** 
2023-02-23 08:35:28,992 [Time-limited test] INFO  impl.MiniRaftCluster (MiniRaftCluster.java:shutdown(835)) - ************************************************************** 
2023-02-23 08:35:28,993 [Time-limited test] INFO  impl.MiniRaftCluster (MiniRaftCluster.java:shutdown(836)) - printing ALL groups
  s0:   CLOSED    LEADER s0@group-CE97570DA9AE:t1, leader=s0, voted=s0, raftlog=Memoized:s0@group-CE97570DA9AE-SegmentedRaftLog:CLOSED:c258, conf=257: peers:[s0|rpc:localhost:44149|admin:localhost:35639|client:localhost:44385|dataStream:localhost:43229|priority:0|startupRole:FOLLOWER, s1|rpc:0.0.0.0:46013|dataStream:|priority:0|startupRole:FOLLOWER, s2|rpc:0.0.0.0:37357|dataStream:|priority:0|startupRole:FOLLOWER]|listeners:[], old=null CLOSED
  s1:   CLOSED  FOLLOWER s1@group-CE97570DA9AE:t1, leader=s0, voted=null, raftlog=Memoized:s1@group-CE97570DA9AE-SegmentedRaftLog:CLOSED:c257, conf=257: peers:[s0|rpc:localhost:44149|admin:localhost:35639|client:localhost:44385|dataStream:localhost:43229|priority:0|startupRole:FOLLOWER, s1|rpc:0.0.0.0:46013|dataStream:|priority:0|startupRole:FOLLOWER, s2|rpc:0.0.0.0:37357|dataStream:|priority:0|startupRole:FOLLOWER]|listeners:[], old=null CLOSED
  s2:  CLOSING  FOLLOWER s2@group-CE97570DA9AE:t1, leader=s0, voted=null, raftlog=Memoized:s2@group-CE97570DA9AE-SegmentedRaftLog:OPENED:c257, conf=257: peers:[s0|rpc:localhost:44149|admin:localhost:35639|client:localhost:44385|dataStream:localhost:43229|priority:0|startupRole:FOLLOWER, s1|rpc:0.0.0.0:46013|dataStream:|priority:0|startupRole:FOLLOWER, s2|rpc:0.0.0.0:37357|dataStream:|priority:0|startupRole:FOLLOWER]|listeners:[], old=null CLOSING
2023-02-23 08:35:28,995 [JvmPauseMonitor11] INFO  util.JvmPauseMonitor (JvmPauseMonitor.java:run(109)) - JvmPauseMonitor-s2: Stopped
2023-02-23 08:35:28,995 [Time-limited test] INFO  impl.MiniRaftCluster (MiniRaftCluster.java:shutdown(855)) - MiniRaftClusterWithGrpc shutdown completed
]]></system-out>
  </testcase>
</testsuite>