<?xml version="1.0" encoding="UTF-8"?>
<testsuite xmlns:xsi="http://www.w3.org/2001/XMLSchema-instance" xsi:noNamespaceSchemaLocation="https://maven.apache.org/surefire/maven-surefire-plugin/xsd/surefire-test-report.xsd" name="org.apache.ratis.TestMultiRaftGroup" time="56.744" tests="5" errors="1" skipped="0" failures="3">
  <properties>
    <property name="awt.toolkit" value="sun.awt.X11.XToolkit"/>
    <property name="java.specification.version" value="11"/>
    <property name="sun.cpu.isalist" value=""/>
    <property name="sun.jnu.encoding" value="UTF-8"/>
    <property name="java.class.path" value="/home/runner/work/ratis/ratis/ratis-examples/target/test-classes:/home/runner/work/ratis/ratis/ratis-examples/target/classes:/home/runner/.m2/repository/org/apache/ratis/ratis-thirdparty-misc/1.0.3/ratis-thirdparty-misc-1.0.3.jar:/home/runner/work/ratis/ratis/ratis-proto/target/ratis-proto-3.0.0-SNAPSHOT.jar:/home/runner/work/ratis/ratis/ratis-tools/target/classes:/home/runner/work/ratis/ratis/ratis-common/target/classes:/home/runner/work/ratis/ratis/ratis-common/target/test-classes:/home/runner/work/ratis/ratis/ratis-client/target/classes:/home/runner/work/ratis/ratis/ratis-server/target/classes:/home/runner/work/ratis/ratis/ratis-server-api/target/classes:/home/runner/work/ratis/ratis/ratis-metrics-api/target/classes:/home/runner/work/ratis/ratis/ratis-server/target/test-classes:/home/runner/work/ratis/ratis/ratis-metrics-default/target/classes:/home/runner/work/ratis/ratis/ratis-grpc/target/classes:/home/runner/work/ratis/ratis/ratis-grpc/target/test-classes:/home/runner/work/ratis/ratis/ratis-netty/target/classes:/home/runner/work/ratis/ratis/ratis-netty/target/test-classes:/home/runner/work/ratis/ratis/ratis-test/target/test-classes:/home/runner/.m2/repository/com/beust/jcommander/1.72/jcommander-1.72.jar:/home/runner/.m2/repository/org/slf4j/slf4j-api/1.7.36/slf4j-api-1.7.36.jar:/home/runner/.m2/repository/org/slf4j/slf4j-reload4j/1.7.36/slf4j-reload4j-1.7.36.jar:/home/runner/.m2/repository/ch/qos/reload4j/reload4j/1.2.19/reload4j-1.2.19.jar:/home/runner/.m2/repository/junit/junit/4.13.2/junit-4.13.2.jar:/home/runner/.m2/repository/org/hamcrest/hamcrest-core/1.3/hamcrest-core-1.3.jar:/home/runner/.m2/repository/com/github/spotbugs/spotbugs-annotations/4.2.1/spotbugs-annotations-4.2.1.jar:/home/runner/.m2/repository/com/google/code/findbugs/jsr305/3.0.2/jsr305-3.0.2.jar:"/>
    <property name="java.vm.vendor" value="Eclipse Adoptium"/>
    <property name="sun.arch.data.model" value="64"/>
    <property name="java.vendor.url" value="https://adoptium.net/"/>
    <property name="user.timezone" value=""/>
    <property name="java.vm.specification.version" value="11"/>
    <property name="os.name" value="Linux"/>
    <property name="sun.java.launcher" value="SUN_STANDARD"/>
    <property name="sun.boot.library.path" value="/usr/lib/jvm/temurin-11-jdk-amd64/lib"/>
    <property name="sun.java.command" value="/home/runner/work/ratis/ratis/ratis-examples/target/surefire/surefirebooter2228296322107954129.jar /home/runner/work/ratis/ratis/ratis-examples/target/surefire 2023-03-17T00-17-40_322-jvmRun1 surefire11487042729808385171tmp surefire_442650109877039316283tmp"/>
    <property name="jdk.debug" value="release"/>
    <property name="surefire.test.class.path" value="/home/runner/work/ratis/ratis/ratis-examples/target/test-classes:/home/runner/work/ratis/ratis/ratis-examples/target/classes:/home/runner/.m2/repository/org/apache/ratis/ratis-thirdparty-misc/1.0.3/ratis-thirdparty-misc-1.0.3.jar:/home/runner/work/ratis/ratis/ratis-proto/target/ratis-proto-3.0.0-SNAPSHOT.jar:/home/runner/work/ratis/ratis/ratis-tools/target/classes:/home/runner/work/ratis/ratis/ratis-common/target/classes:/home/runner/work/ratis/ratis/ratis-common/target/test-classes:/home/runner/work/ratis/ratis/ratis-client/target/classes:/home/runner/work/ratis/ratis/ratis-server/target/classes:/home/runner/work/ratis/ratis/ratis-server-api/target/classes:/home/runner/work/ratis/ratis/ratis-metrics-api/target/classes:/home/runner/work/ratis/ratis/ratis-server/target/test-classes:/home/runner/work/ratis/ratis/ratis-metrics-default/target/classes:/home/runner/work/ratis/ratis/ratis-grpc/target/classes:/home/runner/work/ratis/ratis/ratis-grpc/target/test-classes:/home/runner/work/ratis/ratis/ratis-netty/target/classes:/home/runner/work/ratis/ratis/ratis-netty/target/test-classes:/home/runner/work/ratis/ratis/ratis-test/target/test-classes:/home/runner/.m2/repository/com/beust/jcommander/1.72/jcommander-1.72.jar:/home/runner/.m2/repository/org/slf4j/slf4j-api/1.7.36/slf4j-api-1.7.36.jar:/home/runner/.m2/repository/org/slf4j/slf4j-reload4j/1.7.36/slf4j-reload4j-1.7.36.jar:/home/runner/.m2/repository/ch/qos/reload4j/reload4j/1.2.19/reload4j-1.2.19.jar:/home/runner/.m2/repository/junit/junit/4.13.2/junit-4.13.2.jar:/home/runner/.m2/repository/org/hamcrest/hamcrest-core/1.3/hamcrest-core-1.3.jar:/home/runner/.m2/repository/com/github/spotbugs/spotbugs-annotations/4.2.1/spotbugs-annotations-4.2.1.jar:/home/runner/.m2/repository/com/google/code/findbugs/jsr305/3.0.2/jsr305-3.0.2.jar:"/>
    <property name="sun.cpu.endian" value="little"/>
    <property name="user.home" value="/home/runner"/>
    <property name="user.language" value="en"/>
    <property name="java.specification.vendor" value="Oracle Corporation"/>
    <property name="java.version.date" value="2023-01-17"/>
    <property name="java.home" value="/usr/lib/jvm/temurin-11-jdk-amd64"/>
    <property name="file.separator" value="/"/>
    <property name="basedir" value="/home/runner/work/ratis/ratis/ratis-examples"/>
    <property name="java.vm.compressedOopsMode" value="32-bit"/>
    <property name="line.separator" value="&#10;"/>
    <property name="java.specification.name" value="Java Platform API Specification"/>
    <property name="java.vm.specification.vendor" value="Oracle Corporation"/>
    <property name="java.awt.graphicsenv" value="sun.awt.X11GraphicsEnvironment"/>
    <property name="surefire.real.class.path" value="/home/runner/work/ratis/ratis/ratis-examples/target/surefire/surefirebooter2228296322107954129.jar"/>
    <property name="sun.management.compiler" value="HotSpot 64-Bit Tiered Compilers"/>
    <property name="java.runtime.version" value="11.0.18+10"/>
    <property name="user.name" value="runner"/>
    <property name="java.net.preferIPv4Stack" value="true"/>
    <property name="path.separator" value=":"/>
    <property name="os.version" value="5.15.0-1034-azure"/>
    <property name="java.runtime.name" value="OpenJDK Runtime Environment"/>
    <property name="file.encoding" value="UTF-8"/>
    <property name="java.vm.name" value="OpenJDK 64-Bit Server VM"/>
    <property name="java.vendor.version" value="Temurin-11.0.18+10"/>
    <property name="localRepository" value="/home/runner/.m2/repository"/>
    <property name="java.vendor.url.bug" value="https://github.com/adoptium/adoptium-support/issues"/>
    <property name="java.io.tmpdir" value="/tmp"/>
    <property name="java.version" value="11.0.18"/>
    <property name="user.dir" value="/home/runner/work/ratis/ratis/ratis-examples"/>
    <property name="os.arch" value="amd64"/>
    <property name="ratis.tmp.dir" value="/home/runner/work/ratis/ratis/ratis-examples/target/tmp"/>
    <property name="java.vm.specification.name" value="Java Virtual Machine Specification"/>
    <property name="java.awt.printerjob" value="sun.print.PSPrinterJob"/>
    <property name="ratis.log.dir" value="/home/runner/work/ratis/ratis/ratis-examples/target/log"/>
    <property name="sun.os.patch.level" value="unknown"/>
    <property name="java.library.path" value="/usr/java/packages/lib:/usr/lib64:/lib64:/lib:/usr/lib"/>
    <property name="java.vm.info" value="mixed mode"/>
    <property name="java.vendor" value="Eclipse Adoptium"/>
    <property name="java.vm.version" value="11.0.18+10"/>
    <property name="sun.io.unicode.encoding" value="UnicodeLittle"/>
    <property name="java.class.version" value="55.0"/>
  </properties>
  <testcase name="testMultiRaftGroup[0]" classname="org.apache.ratis.TestMultiRaftGroup" time="32.042"/>
  <testcase name="testMultiRaftGroup[1]" classname="org.apache.ratis.TestMultiRaftGroup" time="1.557">
    <error message="Failed to start Grpc server" type="org.apache.ratis.util.ExitUtils$ExitException">org.apache.ratis.util.ExitUtils$ExitException: Failed to start Grpc server
	at org.apache.ratis.util.ExitUtils.terminate(ExitUtils.java:141)
	at org.apache.ratis.util.ExitUtils.terminate(ExitUtils.java:151)
	at org.apache.ratis.grpc.server.GrpcService.startImpl(GrpcService.java:300)
	at org.apache.ratis.util.LifeCycle.startAndTransition(LifeCycle.java:270)
	at org.apache.ratis.server.RaftServerRpcWithProxy.start(RaftServerRpcWithProxy.java:72)
	at org.apache.ratis.server.impl.RaftServerProxy.startImpl(RaftServerProxy.java:402)
	at org.apache.ratis.util.LifeCycle.startAndTransition(LifeCycle.java:270)
	at org.apache.ratis.server.impl.RaftServerProxy.start(RaftServerProxy.java:395)
	at org.apache.ratis.server.impl.MiniRaftCluster.startServers(MiniRaftCluster.java:499)
	at org.apache.ratis.server.impl.MiniRaftCluster.start(MiniRaftCluster.java:346)
	at org.apache.ratis.server.impl.GroupManagementBaseTest.runMultiGroupTest(GroupManagementBaseTest.java:263)
	at org.apache.ratis.TestMultiRaftGroup.runTestMultiRaftGroup(TestMultiRaftGroup.java:73)
	at org.apache.ratis.TestMultiRaftGroup.runTestMultiRaftGroup(TestMultiRaftGroup.java:59)
	at org.apache.ratis.TestMultiRaftGroup.testMultiRaftGroup(TestMultiRaftGroup.java:55)
	at java.base/jdk.internal.reflect.NativeMethodAccessorImpl.invoke0(Native Method)
	at java.base/jdk.internal.reflect.NativeMethodAccessorImpl.invoke(NativeMethodAccessorImpl.java:62)
	at java.base/jdk.internal.reflect.DelegatingMethodAccessorImpl.invoke(DelegatingMethodAccessorImpl.java:43)
	at java.base/java.lang.reflect.Method.invoke(Method.java:566)
	at org.junit.runners.model.FrameworkMethod$1.runReflectiveCall(FrameworkMethod.java:59)
	at org.junit.internal.runners.model.ReflectiveCallable.run(ReflectiveCallable.java:12)
	at org.junit.runners.model.FrameworkMethod.invokeExplosively(FrameworkMethod.java:56)
	at org.junit.internal.runners.statements.InvokeMethod.evaluate(InvokeMethod.java:17)
	at org.junit.internal.runners.statements.RunAfters.evaluate(RunAfters.java:27)
	at org.junit.internal.runners.statements.FailOnTimeout$CallableStatement.call(FailOnTimeout.java:299)
	at org.junit.internal.runners.statements.FailOnTimeout$CallableStatement.call(FailOnTimeout.java:293)
	at java.base/java.util.concurrent.FutureTask.run(FutureTask.java:264)
	at java.base/java.lang.Thread.run(Thread.java:829)
Caused by: java.io.IOException: Failed to bind to address 0.0.0.0/0.0.0.0:38817
	at org.apache.ratis.thirdparty.io.grpc.netty.NettyServer.start(NettyServer.java:328)
	at org.apache.ratis.thirdparty.io.grpc.internal.ServerImpl.start(ServerImpl.java:183)
	at org.apache.ratis.thirdparty.io.grpc.internal.ServerImpl.start(ServerImpl.java:92)
	at org.apache.ratis.grpc.server.GrpcService.startImpl(GrpcService.java:298)
	... 24 more
Caused by: org.apache.ratis.thirdparty.io.netty.channel.unix.Errors$NativeIoException: bind(..) failed: Address already in use
</error>
    <system-out><![CDATA[2023-03-17 00:26:04,167 INFO  util.LogUtils (Slf4jUtils.java:setLogLevel(38)) - Successfully set org.apache.ratis.conf.ConfUtils log level to WARN
2023-03-17 00:26:04,168 INFO  util.LogUtils (Slf4jUtils.java:setLogLevel(38)) - Successfully set org.apache.ratis.util.FileUtils log level to TRACE
2023-03-17 00:26:04,169 INFO  impl.GroupManagementBaseTest (GroupManagementBaseTest.java:runMultiGroupTest(251)) - 

runMultiGroupTest with MiniRaftClusterWithGrpc[3, 6, 9, 12, 15]chosen=2: printing ALL groups
2023-03-17 00:26:04,169 INFO  impl.GroupManagementBaseTest (GroupManagementBaseTest.java:runMultiGroupTest(258)) - ids: [s0, s1, s2, s3, s4, s5, s6, s7, s8, s9, s10, s11, s12, s13, s14]
2023-03-17 00:26:04,170 INFO  impl.MiniRaftCluster (MiniRaftCluster.java:newRaftServer(382)) - newRaftServer: s0, group-6C92F6220E3D:[], format? true
2023-03-17 00:26:04,170 TRACE util.FileUtils (FileUtils.java:deleteFully(201)) - deleteFully target/test/data/9a3b15da/MiniRaftClusterWithGrpc41701fe8/s0
2023-03-17 00:26:04,170 TRACE util.FileUtils (FileUtils.java:deleteFully(217)) - deleteFully: target/test/data/9a3b15da/MiniRaftClusterWithGrpc41701fe8/s0 does not exist.
2023-03-17 00:26:04,170 INFO  impl.MiniRaftCluster (MiniRaftCluster.java:newRaftServer(387)) - Formatted directory target/test/data/9a3b15da/MiniRaftClusterWithGrpc41701fe8/s0
2023-03-17 00:26:04,179 INFO  server.RaftServer (ConfUtils.java:logGet(46)) - raft.rpc.type = GRPC (default)
2023-03-17 00:26:04,230 INFO  grpc.GrpcConfigKeys (ConfUtils.java:logFallback(53)) - raft.grpc.admin.host = null (fallback to raft.grpc.server.host)
2023-03-17 00:26:04,230 INFO  grpc.GrpcConfigKeys (ConfUtils.java:logFallback(53)) - raft.grpc.admin.port = 46091 (fallback to raft.grpc.server.port)
2023-03-17 00:26:04,231 INFO  grpc.GrpcConfigKeys (ConfUtils.java:logFallback(53)) - raft.grpc.client.host = null (fallback to raft.grpc.server.host)
2023-03-17 00:26:04,231 INFO  grpc.GrpcConfigKeys (ConfUtils.java:logFallback(53)) - raft.grpc.client.port = 46091 (fallback to raft.grpc.server.port)
2023-03-17 00:26:04,231 INFO  grpc.GrpcConfigKeys (ConfUtils.java:logGet(46)) - raft.grpc.server.host = null (default)
2023-03-17 00:26:04,231 INFO  grpc.GrpcConfigKeys (ConfUtils.java:logGet(46)) - raft.grpc.server.port = 46091 (custom)
2023-03-17 00:26:04,232 INFO  server.GrpcService (ConfUtils.java:logGet(46)) - raft.grpc.message.size.max = 64MB (=67108864) (default)
2023-03-17 00:26:04,232 INFO  server.RaftServerConfigKeys (ConfUtils.java:logGet(46)) - raft.server.log.appender.buffer.byte-limit = 4MB (=4194304) (default)
2023-03-17 00:26:04,232 INFO  server.GrpcService (ConfUtils.java:logGet(46)) - raft.grpc.flow.control.window = 1MB (=1048576) (default)
2023-03-17 00:26:04,232 INFO  server.RaftServerConfigKeys (ConfUtils.java:logGet(46)) - raft.server.rpc.request.timeout = 3000ms (default)
2023-03-17 00:26:04,233 INFO  grpc.GrpcConfigKeys (ConfUtils.java:logGet(46)) - raft.grpc.server.heartbeat.channel = true (default)
2023-03-17 00:26:04,235 INFO  grpc.GrpcConfigKeys (ConfUtils.java:logGet(46)) - raft.grpc.server.async.request.thread.pool.cached = true (default)
2023-03-17 00:26:04,236 INFO  grpc.GrpcConfigKeys (ConfUtils.java:logGet(46)) - raft.grpc.server.async.request.thread.pool.size = 32 (default)
2023-03-17 00:26:04,438 INFO  impl.DataStreamServerImpl (ConfUtils.java:logGet(46)) - raft.datastream.type = DISABLED (default)
2023-03-17 00:26:04,439 INFO  server.RaftServerConfigKeys (ConfUtils.java:logGet(46)) - raft.server.threadpool.proxy.cached = true (default)
2023-03-17 00:26:04,439 INFO  server.RaftServerConfigKeys (ConfUtils.java:logGet(46)) - raft.server.threadpool.proxy.size = 0 (default)
2023-03-17 00:26:04,439 INFO  server.RaftServerConfigKeys (ConfUtils.java:logGet(46)) - raft.server.rpc.slowness.timeout = 60s (default)
2023-03-17 00:26:04,439 INFO  server.RaftServerConfigKeys (ConfUtils.java:logGet(46)) - raft.server.leaderelection.leader.step-down.wait-time = 10s (default)
2023-03-17 00:26:04,439 INFO  server.RaftServerConfigKeys (ConfUtils.java:logGet(46)) - raft.server.storage.dir = [/home/runner/work/ratis/ratis/ratis-examples/target/test/data/9a3b15da/MiniRaftClusterWithGrpc41701fe8/s0] (custom)
2023-03-17 00:26:04,440 INFO  server.RaftServer (RaftServerProxy.java:addNew(99)) - s0: addNew group-6C92F6220E3D:[] returns group-6C92F6220E3D:java.util.concurrent.CompletableFuture@6804ece7[Not completed]
2023-03-17 00:26:04,440 INFO  impl.MiniRaftCluster (MiniRaftCluster.java:newRaftServer(382)) - newRaftServer: s1, group-6C92F6220E3D:[], format? true
2023-03-17 00:26:04,440 TRACE util.FileUtils (FileUtils.java:deleteFully(201)) - deleteFully target/test/data/9a3b15da/MiniRaftClusterWithGrpc41701fe8/s1
2023-03-17 00:26:04,440 TRACE util.FileUtils (FileUtils.java:deleteFully(217)) - deleteFully: target/test/data/9a3b15da/MiniRaftClusterWithGrpc41701fe8/s1 does not exist.
2023-03-17 00:26:04,440 INFO  impl.MiniRaftCluster (MiniRaftCluster.java:newRaftServer(387)) - Formatted directory target/test/data/9a3b15da/MiniRaftClusterWithGrpc41701fe8/s1
2023-03-17 00:26:04,441 INFO  server.RaftServer (ConfUtils.java:logGet(46)) - raft.rpc.type = GRPC (default)
2023-03-17 00:26:04,441 INFO  grpc.GrpcConfigKeys (ConfUtils.java:logFallback(53)) - raft.grpc.admin.host = null (fallback to raft.grpc.server.host)
2023-03-17 00:26:04,441 INFO  grpc.GrpcConfigKeys (ConfUtils.java:logFallback(53)) - raft.grpc.admin.port = 38817 (fallback to raft.grpc.server.port)
2023-03-17 00:26:04,441 INFO  grpc.GrpcConfigKeys (ConfUtils.java:logFallback(53)) - raft.grpc.client.host = null (fallback to raft.grpc.server.host)
2023-03-17 00:26:04,441 INFO  grpc.GrpcConfigKeys (ConfUtils.java:logFallback(53)) - raft.grpc.client.port = 38817 (fallback to raft.grpc.server.port)
2023-03-17 00:26:04,441 INFO  grpc.GrpcConfigKeys (ConfUtils.java:logGet(46)) - raft.grpc.server.host = null (default)
2023-03-17 00:26:04,441 INFO  grpc.GrpcConfigKeys (ConfUtils.java:logGet(46)) - raft.grpc.server.port = 38817 (custom)
2023-03-17 00:26:04,441 INFO  server.GrpcService (ConfUtils.java:logGet(46)) - raft.grpc.message.size.max = 64MB (=67108864) (default)
2023-03-17 00:26:04,441 INFO  server.RaftServerConfigKeys (ConfUtils.java:logGet(46)) - raft.server.log.appender.buffer.byte-limit = 4MB (=4194304) (default)
2023-03-17 00:26:04,441 INFO  server.GrpcService (ConfUtils.java:logGet(46)) - raft.grpc.flow.control.window = 1MB (=1048576) (default)
2023-03-17 00:26:04,441 INFO  server.RaftServerConfigKeys (ConfUtils.java:logGet(46)) - raft.server.rpc.request.timeout = 3000ms (default)
2023-03-17 00:26:04,441 INFO  grpc.GrpcConfigKeys (ConfUtils.java:logGet(46)) - raft.grpc.server.heartbeat.channel = true (default)
2023-03-17 00:26:04,441 INFO  grpc.GrpcConfigKeys (ConfUtils.java:logGet(46)) - raft.grpc.server.async.request.thread.pool.cached = true (default)
2023-03-17 00:26:04,441 INFO  grpc.GrpcConfigKeys (ConfUtils.java:logGet(46)) - raft.grpc.server.async.request.thread.pool.size = 32 (default)
2023-03-17 00:26:04,442 INFO  impl.DataStreamServerImpl (ConfUtils.java:logGet(46)) - raft.datastream.type = DISABLED (default)
2023-03-17 00:26:04,442 INFO  server.RaftServerConfigKeys (ConfUtils.java:logGet(46)) - raft.server.threadpool.proxy.cached = true (default)
2023-03-17 00:26:04,442 INFO  server.RaftServerConfigKeys (ConfUtils.java:logGet(46)) - raft.server.threadpool.proxy.size = 0 (default)
2023-03-17 00:26:04,442 INFO  server.RaftServerConfigKeys (ConfUtils.java:logGet(46)) - raft.server.rpc.slowness.timeout = 60s (default)
2023-03-17 00:26:04,442 INFO  server.RaftServerConfigKeys (ConfUtils.java:logGet(46)) - raft.server.leaderelection.leader.step-down.wait-time = 10s (default)
2023-03-17 00:26:04,442 INFO  server.RaftServer$Division (RaftServerImpl.java:<init>(198)) - s0: new RaftServerImpl for group-6C92F6220E3D:[] with ArithmeticStateMachine:uninitialized
2023-03-17 00:26:04,443 INFO  server.RaftServerConfigKeys (ConfUtils.java:logGet(46)) - raft.server.storage.dir = [/home/runner/work/ratis/ratis/ratis-examples/target/test/data/9a3b15da/MiniRaftClusterWithGrpc41701fe8/s1] (custom)
2023-03-17 00:26:04,443 INFO  server.RaftServerConfigKeys (ConfUtils.java:logGet(46)) - raft.server.rpc.timeout.min = 300ms (custom)
2023-03-17 00:26:04,443 INFO  server.RaftServerConfigKeys (ConfUtils.java:logGet(46)) - raft.server.rpc.timeout.max = 600ms (custom)
2023-03-17 00:26:04,443 INFO  server.RaftServerConfigKeys (ConfUtils.java:logGet(46)) - raft.server.rpc.sleep.time = 25ms (default)
2023-03-17 00:26:04,444 INFO  server.RaftServerConfigKeys (ConfUtils.java:logGet(46)) - raft.server.rpc.slowness.timeout = 60s (default)
2023-03-17 00:26:04,444 INFO  server.RaftServerConfigKeys (ConfUtils.java:logGet(46)) - raft.server.leaderelection.leader.step-down.wait-time = 10s (default)
2023-03-17 00:26:04,444 INFO  server.RaftServerConfigKeys (ConfUtils.java:logGet(46)) - raft.server.sleep.deviation.threshold = 300ms (default)
2023-03-17 00:26:04,444 INFO  server.RaftServer$Division (ServerState.java:<init>(113)) - s0@group-6C92F6220E3D: ConfigurationManager, init=-1: peers:[]|listeners:[], old=null, confs=<EMPTY_MAP>
2023-03-17 00:26:04,444 INFO  server.RaftServerConfigKeys (ConfUtils.java:logGet(46)) - raft.server.notification.no-leader.timeout = 60s (default)
2023-03-17 00:26:04,444 INFO  server.RaftServerConfigKeys (ConfUtils.java:logGet(46)) - raft.server.read.timeout = 10s (default)
2023-03-17 00:26:04,444 INFO  server.RaftServerConfigKeys (ConfUtils.java:logGet(46)) - raft.server.retrycache.expirytime = 60s (default)
2023-03-17 00:26:04,444 INFO  server.RaftServerConfigKeys (ConfUtils.java:logGet(46)) - raft.server.retrycache.statistics.expirytime = 100μs (default)
2023-03-17 00:26:04,445 INFO  server.RaftServerConfigKeys (ConfUtils.java:logGet(46)) - raft.server.read.option = DEFAULT (default)
2023-03-17 00:26:04,446 INFO  server.RaftServer (RaftServerProxy.java:addNew(99)) - s1: addNew group-6C92F6220E3D:[] returns group-6C92F6220E3D:java.util.concurrent.CompletableFuture@27aac411[Not completed]
2023-03-17 00:26:04,446 INFO  impl.MiniRaftCluster (MiniRaftCluster.java:newRaftServer(382)) - newRaftServer: s2, group-6C92F6220E3D:[], format? true
2023-03-17 00:26:04,446 TRACE util.FileUtils (FileUtils.java:deleteFully(201)) - deleteFully target/test/data/9a3b15da/MiniRaftClusterWithGrpc41701fe8/s2
2023-03-17 00:26:04,446 TRACE util.FileUtils (FileUtils.java:deleteFully(217)) - deleteFully: target/test/data/9a3b15da/MiniRaftClusterWithGrpc41701fe8/s2 does not exist.
2023-03-17 00:26:04,446 INFO  impl.MiniRaftCluster (MiniRaftCluster.java:newRaftServer(387)) - Formatted directory target/test/data/9a3b15da/MiniRaftClusterWithGrpc41701fe8/s2
2023-03-17 00:26:04,446 INFO  server.RaftServer (ConfUtils.java:logGet(46)) - raft.rpc.type = GRPC (default)
2023-03-17 00:26:04,447 INFO  grpc.GrpcConfigKeys (ConfUtils.java:logFallback(53)) - raft.grpc.admin.host = null (fallback to raft.grpc.server.host)
2023-03-17 00:26:04,447 INFO  grpc.GrpcConfigKeys (ConfUtils.java:logFallback(53)) - raft.grpc.admin.port = 42177 (fallback to raft.grpc.server.port)
2023-03-17 00:26:04,447 INFO  grpc.GrpcConfigKeys (ConfUtils.java:logFallback(53)) - raft.grpc.client.host = null (fallback to raft.grpc.server.host)
2023-03-17 00:26:04,447 INFO  grpc.GrpcConfigKeys (ConfUtils.java:logFallback(53)) - raft.grpc.client.port = 42177 (fallback to raft.grpc.server.port)
2023-03-17 00:26:04,447 INFO  grpc.GrpcConfigKeys (ConfUtils.java:logGet(46)) - raft.grpc.server.host = null (default)
2023-03-17 00:26:04,447 INFO  grpc.GrpcConfigKeys (ConfUtils.java:logGet(46)) - raft.grpc.server.port = 42177 (custom)
2023-03-17 00:26:04,447 INFO  server.GrpcService (ConfUtils.java:logGet(46)) - raft.grpc.message.size.max = 64MB (=67108864) (default)
2023-03-17 00:26:04,447 INFO  server.RaftServerConfigKeys (ConfUtils.java:logGet(46)) - raft.server.log.appender.buffer.byte-limit = 4MB (=4194304) (default)
2023-03-17 00:26:04,447 INFO  server.GrpcService (ConfUtils.java:logGet(46)) - raft.grpc.flow.control.window = 1MB (=1048576) (default)
2023-03-17 00:26:04,447 INFO  server.RaftServerConfigKeys (ConfUtils.java:logGet(46)) - raft.server.rpc.request.timeout = 3000ms (default)
2023-03-17 00:26:04,447 INFO  grpc.GrpcConfigKeys (ConfUtils.java:logGet(46)) - raft.grpc.server.heartbeat.channel = true (default)
2023-03-17 00:26:04,447 INFO  grpc.GrpcConfigKeys (ConfUtils.java:logGet(46)) - raft.grpc.server.async.request.thread.pool.cached = true (default)
2023-03-17 00:26:04,447 INFO  grpc.GrpcConfigKeys (ConfUtils.java:logGet(46)) - raft.grpc.server.async.request.thread.pool.size = 32 (default)
2023-03-17 00:26:04,448 INFO  impl.DataStreamServerImpl (ConfUtils.java:logGet(46)) - raft.datastream.type = DISABLED (default)
2023-03-17 00:26:04,448 INFO  server.RaftServerConfigKeys (ConfUtils.java:logGet(46)) - raft.server.threadpool.proxy.cached = true (default)
2023-03-17 00:26:04,448 INFO  server.RaftServerConfigKeys (ConfUtils.java:logGet(46)) - raft.server.threadpool.proxy.size = 0 (default)
2023-03-17 00:26:04,448 INFO  server.RaftServerConfigKeys (ConfUtils.java:logGet(46)) - raft.server.rpc.slowness.timeout = 60s (default)
2023-03-17 00:26:04,448 INFO  server.RaftServerConfigKeys (ConfUtils.java:logGet(46)) - raft.server.leaderelection.leader.step-down.wait-time = 10s (default)
2023-03-17 00:26:04,448 INFO  server.RaftServerConfigKeys (ConfUtils.java:logGet(46)) - raft.server.storage.dir = [/home/runner/work/ratis/ratis/ratis-examples/target/test/data/9a3b15da/MiniRaftClusterWithGrpc41701fe8/s2] (custom)
2023-03-17 00:26:04,448 INFO  server.RaftServer$Division (RaftServerImpl.java:<init>(198)) - s1: new RaftServerImpl for group-6C92F6220E3D:[] with ArithmeticStateMachine:uninitialized
2023-03-17 00:26:04,448 INFO  server.RaftServerConfigKeys (ConfUtils.java:logGet(46)) - raft.server.rpc.timeout.min = 300ms (custom)
2023-03-17 00:26:04,449 INFO  server.RaftServerConfigKeys (ConfUtils.java:logGet(46)) - raft.server.rpc.timeout.max = 600ms (custom)
2023-03-17 00:26:04,449 INFO  server.RaftServerConfigKeys (ConfUtils.java:logGet(46)) - raft.server.rpc.sleep.time = 25ms (default)
2023-03-17 00:26:04,449 INFO  server.RaftServerConfigKeys (ConfUtils.java:logGet(46)) - raft.server.rpc.slowness.timeout = 60s (default)
2023-03-17 00:26:04,449 INFO  server.RaftServerConfigKeys (ConfUtils.java:logGet(46)) - raft.server.leaderelection.leader.step-down.wait-time = 10s (default)
2023-03-17 00:26:04,449 INFO  server.RaftServerConfigKeys (ConfUtils.java:logGet(46)) - raft.server.sleep.deviation.threshold = 300ms (default)
2023-03-17 00:26:04,449 INFO  server.RaftServer$Division (ServerState.java:<init>(113)) - s1@group-6C92F6220E3D: ConfigurationManager, init=-1: peers:[]|listeners:[], old=null, confs=<EMPTY_MAP>
2023-03-17 00:26:04,449 INFO  server.RaftServerConfigKeys (ConfUtils.java:logGet(46)) - raft.server.notification.no-leader.timeout = 60s (default)
2023-03-17 00:26:04,449 INFO  server.RaftServerConfigKeys (ConfUtils.java:logGet(46)) - raft.server.read.timeout = 10s (default)
2023-03-17 00:26:04,449 INFO  server.RaftServerConfigKeys (ConfUtils.java:logGet(46)) - raft.server.retrycache.expirytime = 60s (default)
2023-03-17 00:26:04,449 INFO  server.RaftServerConfigKeys (ConfUtils.java:logGet(46)) - raft.server.retrycache.statistics.expirytime = 100μs (default)
2023-03-17 00:26:04,449 INFO  server.RaftServerConfigKeys (ConfUtils.java:logGet(46)) - raft.server.read.option = DEFAULT (default)
2023-03-17 00:26:04,449 INFO  server.RaftServerConfigKeys (ConfUtils.java:logGet(46)) - raft.server.log.appender.install.snapshot.enabled = true (default)
2023-03-17 00:26:04,449 INFO  server.RaftServerConfigKeys (ConfUtils.java:logGet(46)) - raft.server.threadpool.server.cached = true (default)
2023-03-17 00:26:04,449 INFO  server.RaftServerConfigKeys (ConfUtils.java:logGet(46)) - raft.server.threadpool.server.size = 0 (default)
2023-03-17 00:26:04,449 INFO  server.RaftServerConfigKeys (ConfUtils.java:logGet(46)) - raft.server.threadpool.client.cached = true (default)
2023-03-17 00:26:04,450 INFO  server.RaftServerConfigKeys (ConfUtils.java:logGet(46)) - raft.server.threadpool.client.size = 0 (default)
2023-03-17 00:26:04,450 INFO  server.RaftServerConfigKeys (ConfUtils.java:logGet(46)) - raft.server.log.appender.install.snapshot.enabled = true (default)
2023-03-17 00:26:04,450 INFO  server.RaftServerConfigKeys (ConfUtils.java:logGet(46)) - raft.server.threadpool.server.cached = true (default)
2023-03-17 00:26:04,450 INFO  server.RaftServerConfigKeys (ConfUtils.java:logGet(46)) - raft.server.threadpool.server.size = 0 (default)
2023-03-17 00:26:04,450 INFO  server.RaftServerConfigKeys (ConfUtils.java:logGet(46)) - raft.server.threadpool.client.cached = true (default)
2023-03-17 00:26:04,450 INFO  server.RaftServerConfigKeys (ConfUtils.java:logGet(46)) - raft.server.threadpool.client.size = 0 (default)
2023-03-17 00:26:04,450 INFO  server.RaftServer (RaftServerProxy.java:addNew(99)) - s2: addNew group-6C92F6220E3D:[] returns group-6C92F6220E3D:java.util.concurrent.CompletableFuture@56a1a076[Not completed]
2023-03-17 00:26:04,450 INFO  impl.MiniRaftCluster (MiniRaftCluster.java:newRaftServer(382)) - newRaftServer: s3, group-6C92F6220E3D:[], format? true
2023-03-17 00:26:04,450 TRACE util.FileUtils (FileUtils.java:deleteFully(201)) - deleteFully target/test/data/9a3b15da/MiniRaftClusterWithGrpc41701fe8/s3
2023-03-17 00:26:04,450 TRACE util.FileUtils (FileUtils.java:deleteFully(217)) - deleteFully: target/test/data/9a3b15da/MiniRaftClusterWithGrpc41701fe8/s3 does not exist.
2023-03-17 00:26:04,450 INFO  impl.MiniRaftCluster (MiniRaftCluster.java:newRaftServer(387)) - Formatted directory target/test/data/9a3b15da/MiniRaftClusterWithGrpc41701fe8/s3
2023-03-17 00:26:04,450 INFO  server.RaftServer$Division (RaftServerImpl.java:<init>(198)) - s2: new RaftServerImpl for group-6C92F6220E3D:[] with ArithmeticStateMachine:uninitialized
2023-03-17 00:26:04,451 INFO  server.RaftServer (ConfUtils.java:logGet(46)) - raft.rpc.type = GRPC (default)
2023-03-17 00:26:04,451 INFO  grpc.GrpcConfigKeys (ConfUtils.java:logFallback(53)) - raft.grpc.admin.host = null (fallback to raft.grpc.server.host)
2023-03-17 00:26:04,451 INFO  grpc.GrpcConfigKeys (ConfUtils.java:logFallback(53)) - raft.grpc.admin.port = 35533 (fallback to raft.grpc.server.port)
2023-03-17 00:26:04,451 INFO  grpc.GrpcConfigKeys (ConfUtils.java:logFallback(53)) - raft.grpc.client.host = null (fallback to raft.grpc.server.host)
2023-03-17 00:26:04,451 INFO  grpc.GrpcConfigKeys (ConfUtils.java:logFallback(53)) - raft.grpc.client.port = 35533 (fallback to raft.grpc.server.port)
2023-03-17 00:26:04,451 INFO  grpc.GrpcConfigKeys (ConfUtils.java:logGet(46)) - raft.grpc.server.host = null (default)
2023-03-17 00:26:04,451 INFO  grpc.GrpcConfigKeys (ConfUtils.java:logGet(46)) - raft.grpc.server.port = 35533 (custom)
2023-03-17 00:26:04,451 INFO  server.GrpcService (ConfUtils.java:logGet(46)) - raft.grpc.message.size.max = 64MB (=67108864) (default)
2023-03-17 00:26:04,451 INFO  server.RaftServerConfigKeys (ConfUtils.java:logGet(46)) - raft.server.log.appender.buffer.byte-limit = 4MB (=4194304) (default)
2023-03-17 00:26:04,451 INFO  server.GrpcService (ConfUtils.java:logGet(46)) - raft.grpc.flow.control.window = 1MB (=1048576) (default)
2023-03-17 00:26:04,451 INFO  server.RaftServerConfigKeys (ConfUtils.java:logGet(46)) - raft.server.rpc.request.timeout = 3000ms (default)
2023-03-17 00:26:04,451 INFO  grpc.GrpcConfigKeys (ConfUtils.java:logGet(46)) - raft.grpc.server.heartbeat.channel = true (default)
2023-03-17 00:26:04,451 INFO  grpc.GrpcConfigKeys (ConfUtils.java:logGet(46)) - raft.grpc.server.async.request.thread.pool.cached = true (default)
2023-03-17 00:26:04,451 INFO  grpc.GrpcConfigKeys (ConfUtils.java:logGet(46)) - raft.grpc.server.async.request.thread.pool.size = 32 (default)
2023-03-17 00:26:04,452 INFO  server.RaftServerConfigKeys (ConfUtils.java:logGet(46)) - raft.server.rpc.timeout.min = 300ms (custom)
2023-03-17 00:26:04,452 INFO  server.RaftServerConfigKeys (ConfUtils.java:logGet(46)) - raft.server.rpc.timeout.max = 600ms (custom)
2023-03-17 00:26:04,452 INFO  server.RaftServerConfigKeys (ConfUtils.java:logGet(46)) - raft.server.rpc.sleep.time = 25ms (default)
2023-03-17 00:26:04,452 INFO  impl.DataStreamServerImpl (ConfUtils.java:logGet(46)) - raft.datastream.type = DISABLED (default)
2023-03-17 00:26:04,452 INFO  server.RaftServerConfigKeys (ConfUtils.java:logGet(46)) - raft.server.rpc.slowness.timeout = 60s (default)
2023-03-17 00:26:04,452 INFO  server.RaftServerConfigKeys (ConfUtils.java:logGet(46)) - raft.server.threadpool.proxy.cached = true (default)
2023-03-17 00:26:04,452 INFO  server.RaftServerConfigKeys (ConfUtils.java:logGet(46)) - raft.server.threadpool.proxy.size = 0 (default)
2023-03-17 00:26:04,452 INFO  server.RaftServerConfigKeys (ConfUtils.java:logGet(46)) - raft.server.leaderelection.leader.step-down.wait-time = 10s (default)
2023-03-17 00:26:04,452 INFO  server.RaftServerConfigKeys (ConfUtils.java:logGet(46)) - raft.server.rpc.slowness.timeout = 60s (default)
2023-03-17 00:26:04,452 INFO  server.RaftServerConfigKeys (ConfUtils.java:logGet(46)) - raft.server.leaderelection.leader.step-down.wait-time = 10s (default)
2023-03-17 00:26:04,452 INFO  server.RaftServerConfigKeys (ConfUtils.java:logGet(46)) - raft.server.sleep.deviation.threshold = 300ms (default)
2023-03-17 00:26:04,452 INFO  server.RaftServerConfigKeys (ConfUtils.java:logGet(46)) - raft.server.storage.dir = [/home/runner/work/ratis/ratis/ratis-examples/target/test/data/9a3b15da/MiniRaftClusterWithGrpc41701fe8/s3] (custom)
2023-03-17 00:26:04,453 INFO  server.RaftServer$Division (ServerState.java:<init>(113)) - s2@group-6C92F6220E3D: ConfigurationManager, init=-1: peers:[]|listeners:[], old=null, confs=<EMPTY_MAP>
2023-03-17 00:26:04,453 INFO  server.RaftServerConfigKeys (ConfUtils.java:logGet(46)) - raft.server.notification.no-leader.timeout = 60s (default)
2023-03-17 00:26:04,453 INFO  server.RaftServerConfigKeys (ConfUtils.java:logGet(46)) - raft.server.read.timeout = 10s (default)
2023-03-17 00:26:04,453 INFO  server.RaftServerConfigKeys (ConfUtils.java:logGet(46)) - raft.server.retrycache.expirytime = 60s (default)
2023-03-17 00:26:04,453 INFO  server.RaftServerConfigKeys (ConfUtils.java:logGet(46)) - raft.server.retrycache.statistics.expirytime = 100μs (default)
2023-03-17 00:26:04,453 INFO  server.RaftServerConfigKeys (ConfUtils.java:logGet(46)) - raft.server.read.option = DEFAULT (default)
2023-03-17 00:26:04,454 INFO  server.RaftServer (RaftServerProxy.java:addNew(99)) - s3: addNew group-6C92F6220E3D:[] returns group-6C92F6220E3D:java.util.concurrent.CompletableFuture@34dee667[Not completed]
2023-03-17 00:26:04,454 INFO  impl.MiniRaftCluster (MiniRaftCluster.java:newRaftServer(382)) - newRaftServer: s4, group-6C92F6220E3D:[], format? true
2023-03-17 00:26:04,454 TRACE util.FileUtils (FileUtils.java:deleteFully(201)) - deleteFully target/test/data/9a3b15da/MiniRaftClusterWithGrpc41701fe8/s4
2023-03-17 00:26:04,454 TRACE util.FileUtils (FileUtils.java:deleteFully(217)) - deleteFully: target/test/data/9a3b15da/MiniRaftClusterWithGrpc41701fe8/s4 does not exist.
2023-03-17 00:26:04,454 INFO  impl.MiniRaftCluster (MiniRaftCluster.java:newRaftServer(387)) - Formatted directory target/test/data/9a3b15da/MiniRaftClusterWithGrpc41701fe8/s4
2023-03-17 00:26:04,454 INFO  server.RaftServerConfigKeys (ConfUtils.java:logGet(46)) - raft.server.log.appender.install.snapshot.enabled = true (default)
2023-03-17 00:26:04,454 INFO  server.RaftServerConfigKeys (ConfUtils.java:logGet(46)) - raft.server.threadpool.server.cached = true (default)
2023-03-17 00:26:04,454 INFO  server.RaftServer (ConfUtils.java:logGet(46)) - raft.rpc.type = GRPC (default)
2023-03-17 00:26:04,454 INFO  server.RaftServerConfigKeys (ConfUtils.java:logGet(46)) - raft.server.threadpool.server.size = 0 (default)
2023-03-17 00:26:04,455 INFO  grpc.GrpcConfigKeys (ConfUtils.java:logFallback(53)) - raft.grpc.admin.host = null (fallback to raft.grpc.server.host)
2023-03-17 00:26:04,455 INFO  grpc.GrpcConfigKeys (ConfUtils.java:logFallback(53)) - raft.grpc.admin.port = 45791 (fallback to raft.grpc.server.port)
2023-03-17 00:26:04,455 INFO  grpc.GrpcConfigKeys (ConfUtils.java:logFallback(53)) - raft.grpc.client.host = null (fallback to raft.grpc.server.host)
2023-03-17 00:26:04,455 INFO  grpc.GrpcConfigKeys (ConfUtils.java:logFallback(53)) - raft.grpc.client.port = 45791 (fallback to raft.grpc.server.port)
2023-03-17 00:26:04,455 INFO  grpc.GrpcConfigKeys (ConfUtils.java:logGet(46)) - raft.grpc.server.host = null (default)
2023-03-17 00:26:04,455 INFO  grpc.GrpcConfigKeys (ConfUtils.java:logGet(46)) - raft.grpc.server.port = 45791 (custom)
2023-03-17 00:26:04,455 INFO  server.GrpcService (ConfUtils.java:logGet(46)) - raft.grpc.message.size.max = 64MB (=67108864) (default)
2023-03-17 00:26:04,455 INFO  server.RaftServerConfigKeys (ConfUtils.java:logGet(46)) - raft.server.log.appender.buffer.byte-limit = 4MB (=4194304) (default)
2023-03-17 00:26:04,455 INFO  server.GrpcService (ConfUtils.java:logGet(46)) - raft.grpc.flow.control.window = 1MB (=1048576) (default)
2023-03-17 00:26:04,455 INFO  server.RaftServerConfigKeys (ConfUtils.java:logGet(46)) - raft.server.rpc.request.timeout = 3000ms (default)
2023-03-17 00:26:04,455 INFO  grpc.GrpcConfigKeys (ConfUtils.java:logGet(46)) - raft.grpc.server.heartbeat.channel = true (default)
2023-03-17 00:26:04,455 INFO  grpc.GrpcConfigKeys (ConfUtils.java:logGet(46)) - raft.grpc.server.async.request.thread.pool.cached = true (default)
2023-03-17 00:26:04,455 INFO  grpc.GrpcConfigKeys (ConfUtils.java:logGet(46)) - raft.grpc.server.async.request.thread.pool.size = 32 (default)
2023-03-17 00:26:04,455 INFO  server.RaftServerConfigKeys (ConfUtils.java:logGet(46)) - raft.server.threadpool.client.cached = true (default)
2023-03-17 00:26:04,456 INFO  server.RaftServerConfigKeys (ConfUtils.java:logGet(46)) - raft.server.threadpool.client.size = 0 (default)
2023-03-17 00:26:04,456 INFO  impl.DataStreamServerImpl (ConfUtils.java:logGet(46)) - raft.datastream.type = DISABLED (default)
2023-03-17 00:26:04,456 INFO  server.RaftServerConfigKeys (ConfUtils.java:logGet(46)) - raft.server.threadpool.proxy.cached = true (default)
2023-03-17 00:26:04,456 INFO  server.RaftServerConfigKeys (ConfUtils.java:logGet(46)) - raft.server.threadpool.proxy.size = 0 (default)
2023-03-17 00:26:04,456 INFO  server.RaftServerConfigKeys (ConfUtils.java:logGet(46)) - raft.server.rpc.slowness.timeout = 60s (default)
2023-03-17 00:26:04,456 INFO  server.RaftServerConfigKeys (ConfUtils.java:logGet(46)) - raft.server.leaderelection.leader.step-down.wait-time = 10s (default)
2023-03-17 00:26:04,456 INFO  server.RaftServerConfigKeys (ConfUtils.java:logGet(46)) - raft.server.storage.dir = [/home/runner/work/ratis/ratis/ratis-examples/target/test/data/9a3b15da/MiniRaftClusterWithGrpc41701fe8/s4] (custom)
2023-03-17 00:26:04,456 INFO  server.RaftServer$Division (RaftServerImpl.java:<init>(198)) - s3: new RaftServerImpl for group-6C92F6220E3D:[] with ArithmeticStateMachine:uninitialized
2023-03-17 00:26:04,457 INFO  server.RaftServerConfigKeys (ConfUtils.java:logGet(46)) - raft.server.rpc.timeout.min = 300ms (custom)
2023-03-17 00:26:04,457 INFO  server.RaftServerConfigKeys (ConfUtils.java:logGet(46)) - raft.server.rpc.timeout.max = 600ms (custom)
2023-03-17 00:26:04,457 INFO  server.RaftServerConfigKeys (ConfUtils.java:logGet(46)) - raft.server.rpc.sleep.time = 25ms (default)
2023-03-17 00:26:04,457 INFO  server.RaftServerConfigKeys (ConfUtils.java:logGet(46)) - raft.server.rpc.slowness.timeout = 60s (default)
2023-03-17 00:26:04,457 INFO  server.RaftServerConfigKeys (ConfUtils.java:logGet(46)) - raft.server.leaderelection.leader.step-down.wait-time = 10s (default)
2023-03-17 00:26:04,457 INFO  server.RaftServerConfigKeys (ConfUtils.java:logGet(46)) - raft.server.sleep.deviation.threshold = 300ms (default)
2023-03-17 00:26:04,457 INFO  server.RaftServer$Division (ServerState.java:<init>(113)) - s3@group-6C92F6220E3D: ConfigurationManager, init=-1: peers:[]|listeners:[], old=null, confs=<EMPTY_MAP>
2023-03-17 00:26:04,457 INFO  server.RaftServerConfigKeys (ConfUtils.java:logGet(46)) - raft.server.notification.no-leader.timeout = 60s (default)
2023-03-17 00:26:04,457 INFO  server.RaftServerConfigKeys (ConfUtils.java:logGet(46)) - raft.server.read.timeout = 10s (default)
2023-03-17 00:26:04,457 INFO  server.RaftServerConfigKeys (ConfUtils.java:logGet(46)) - raft.server.retrycache.expirytime = 60s (default)
2023-03-17 00:26:04,457 INFO  server.RaftServerConfigKeys (ConfUtils.java:logGet(46)) - raft.server.retrycache.statistics.expirytime = 100μs (default)
2023-03-17 00:26:04,457 INFO  server.RaftServerConfigKeys (ConfUtils.java:logGet(46)) - raft.server.read.option = DEFAULT (default)
2023-03-17 00:26:04,458 INFO  server.RaftServerConfigKeys (ConfUtils.java:logGet(46)) - raft.server.log.appender.install.snapshot.enabled = true (default)
2023-03-17 00:26:04,458 INFO  server.RaftServerConfigKeys (ConfUtils.java:logGet(46)) - raft.server.threadpool.server.cached = true (default)
2023-03-17 00:26:04,458 INFO  server.RaftServerConfigKeys (ConfUtils.java:logGet(46)) - raft.server.threadpool.server.size = 0 (default)
2023-03-17 00:26:04,458 INFO  server.RaftServerConfigKeys (ConfUtils.java:logGet(46)) - raft.server.threadpool.client.cached = true (default)
2023-03-17 00:26:04,458 INFO  server.RaftServerConfigKeys (ConfUtils.java:logGet(46)) - raft.server.threadpool.client.size = 0 (default)
2023-03-17 00:26:04,462 INFO  server.RaftServer (RaftServerProxy.java:addNew(99)) - s4: addNew group-6C92F6220E3D:[] returns group-6C92F6220E3D:java.util.concurrent.CompletableFuture@2b9f5b8b[Not completed]
2023-03-17 00:26:04,462 INFO  impl.MiniRaftCluster (MiniRaftCluster.java:newRaftServer(382)) - newRaftServer: s5, group-6C92F6220E3D:[], format? true
2023-03-17 00:26:04,462 TRACE util.FileUtils (FileUtils.java:deleteFully(201)) - deleteFully target/test/data/9a3b15da/MiniRaftClusterWithGrpc41701fe8/s5
2023-03-17 00:26:04,462 TRACE util.FileUtils (FileUtils.java:deleteFully(217)) - deleteFully: target/test/data/9a3b15da/MiniRaftClusterWithGrpc41701fe8/s5 does not exist.
2023-03-17 00:26:04,462 INFO  impl.MiniRaftCluster (MiniRaftCluster.java:newRaftServer(387)) - Formatted directory target/test/data/9a3b15da/MiniRaftClusterWithGrpc41701fe8/s5
2023-03-17 00:26:04,462 INFO  server.RaftServer (ConfUtils.java:logGet(46)) - raft.rpc.type = GRPC (default)
2023-03-17 00:26:04,463 INFO  grpc.GrpcConfigKeys (ConfUtils.java:logFallback(53)) - raft.grpc.admin.host = null (fallback to raft.grpc.server.host)
2023-03-17 00:26:04,463 INFO  grpc.GrpcConfigKeys (ConfUtils.java:logFallback(53)) - raft.grpc.admin.port = 45851 (fallback to raft.grpc.server.port)
2023-03-17 00:26:04,463 INFO  grpc.GrpcConfigKeys (ConfUtils.java:logFallback(53)) - raft.grpc.client.host = null (fallback to raft.grpc.server.host)
2023-03-17 00:26:04,463 INFO  grpc.GrpcConfigKeys (ConfUtils.java:logFallback(53)) - raft.grpc.client.port = 45851 (fallback to raft.grpc.server.port)
2023-03-17 00:26:04,463 INFO  grpc.GrpcConfigKeys (ConfUtils.java:logGet(46)) - raft.grpc.server.host = null (default)
2023-03-17 00:26:04,463 INFO  grpc.GrpcConfigKeys (ConfUtils.java:logGet(46)) - raft.grpc.server.port = 45851 (custom)
2023-03-17 00:26:04,463 INFO  server.GrpcService (ConfUtils.java:logGet(46)) - raft.grpc.message.size.max = 64MB (=67108864) (default)
2023-03-17 00:26:04,463 INFO  server.RaftServerConfigKeys (ConfUtils.java:logGet(46)) - raft.server.log.appender.buffer.byte-limit = 4MB (=4194304) (default)
2023-03-17 00:26:04,463 INFO  server.GrpcService (ConfUtils.java:logGet(46)) - raft.grpc.flow.control.window = 1MB (=1048576) (default)
2023-03-17 00:26:04,463 INFO  server.RaftServerConfigKeys (ConfUtils.java:logGet(46)) - raft.server.rpc.request.timeout = 3000ms (default)
2023-03-17 00:26:04,463 INFO  grpc.GrpcConfigKeys (ConfUtils.java:logGet(46)) - raft.grpc.server.heartbeat.channel = true (default)
2023-03-17 00:26:04,463 INFO  grpc.GrpcConfigKeys (ConfUtils.java:logGet(46)) - raft.grpc.server.async.request.thread.pool.cached = true (default)
2023-03-17 00:26:04,463 INFO  grpc.GrpcConfigKeys (ConfUtils.java:logGet(46)) - raft.grpc.server.async.request.thread.pool.size = 32 (default)
2023-03-17 00:26:04,464 INFO  impl.DataStreamServerImpl (ConfUtils.java:logGet(46)) - raft.datastream.type = DISABLED (default)
2023-03-17 00:26:04,464 INFO  server.RaftServerConfigKeys (ConfUtils.java:logGet(46)) - raft.server.threadpool.proxy.cached = true (default)
2023-03-17 00:26:04,464 INFO  server.RaftServerConfigKeys (ConfUtils.java:logGet(46)) - raft.server.threadpool.proxy.size = 0 (default)
2023-03-17 00:26:04,464 INFO  server.RaftServerConfigKeys (ConfUtils.java:logGet(46)) - raft.server.rpc.slowness.timeout = 60s (default)
2023-03-17 00:26:04,465 INFO  server.RaftServerConfigKeys (ConfUtils.java:logGet(46)) - raft.server.leaderelection.leader.step-down.wait-time = 10s (default)
2023-03-17 00:26:04,465 INFO  server.RaftServerConfigKeys (ConfUtils.java:logGet(46)) - raft.server.storage.dir = [/home/runner/work/ratis/ratis/ratis-examples/target/test/data/9a3b15da/MiniRaftClusterWithGrpc41701fe8/s5] (custom)
2023-03-17 00:26:04,465 INFO  server.RaftServer$Division (RaftServerImpl.java:<init>(198)) - s4: new RaftServerImpl for group-6C92F6220E3D:[] with ArithmeticStateMachine:uninitialized
2023-03-17 00:26:04,465 INFO  server.RaftServerConfigKeys (ConfUtils.java:logGet(46)) - raft.server.rpc.timeout.min = 300ms (custom)
2023-03-17 00:26:04,465 INFO  server.RaftServerConfigKeys (ConfUtils.java:logGet(46)) - raft.server.rpc.timeout.max = 600ms (custom)
2023-03-17 00:26:04,465 INFO  server.RaftServerConfigKeys (ConfUtils.java:logGet(46)) - raft.server.rpc.sleep.time = 25ms (default)
2023-03-17 00:26:04,465 INFO  server.RaftServerConfigKeys (ConfUtils.java:logGet(46)) - raft.server.rpc.slowness.timeout = 60s (default)
2023-03-17 00:26:04,465 INFO  server.RaftServerConfigKeys (ConfUtils.java:logGet(46)) - raft.server.leaderelection.leader.step-down.wait-time = 10s (default)
2023-03-17 00:26:04,465 INFO  server.RaftServerConfigKeys (ConfUtils.java:logGet(46)) - raft.server.sleep.deviation.threshold = 300ms (default)
2023-03-17 00:26:04,465 INFO  server.RaftServer$Division (ServerState.java:<init>(113)) - s4@group-6C92F6220E3D: ConfigurationManager, init=-1: peers:[]|listeners:[], old=null, confs=<EMPTY_MAP>
2023-03-17 00:26:04,465 INFO  server.RaftServerConfigKeys (ConfUtils.java:logGet(46)) - raft.server.notification.no-leader.timeout = 60s (default)
2023-03-17 00:26:04,465 INFO  server.RaftServerConfigKeys (ConfUtils.java:logGet(46)) - raft.server.read.timeout = 10s (default)
2023-03-17 00:26:04,465 INFO  server.RaftServerConfigKeys (ConfUtils.java:logGet(46)) - raft.server.retrycache.expirytime = 60s (default)
2023-03-17 00:26:04,465 INFO  server.RaftServerConfigKeys (ConfUtils.java:logGet(46)) - raft.server.retrycache.statistics.expirytime = 100μs (default)
2023-03-17 00:26:04,466 INFO  server.RaftServerConfigKeys (ConfUtils.java:logGet(46)) - raft.server.read.option = DEFAULT (default)
2023-03-17 00:26:04,466 INFO  server.RaftServerConfigKeys (ConfUtils.java:logGet(46)) - raft.server.log.appender.install.snapshot.enabled = true (default)
2023-03-17 00:26:04,466 INFO  server.RaftServerConfigKeys (ConfUtils.java:logGet(46)) - raft.server.threadpool.server.cached = true (default)
2023-03-17 00:26:04,466 INFO  server.RaftServerConfigKeys (ConfUtils.java:logGet(46)) - raft.server.threadpool.server.size = 0 (default)
2023-03-17 00:26:04,466 INFO  server.RaftServerConfigKeys (ConfUtils.java:logGet(46)) - raft.server.threadpool.client.cached = true (default)
2023-03-17 00:26:04,466 INFO  server.RaftServerConfigKeys (ConfUtils.java:logGet(46)) - raft.server.threadpool.client.size = 0 (default)
2023-03-17 00:26:04,467 INFO  server.RaftServer (RaftServerProxy.java:addNew(99)) - s5: addNew group-6C92F6220E3D:[] returns group-6C92F6220E3D:java.util.concurrent.CompletableFuture@67cbb2b0[Not completed]
2023-03-17 00:26:04,467 INFO  impl.MiniRaftCluster (MiniRaftCluster.java:newRaftServer(382)) - newRaftServer: s6, group-6C92F6220E3D:[], format? true
2023-03-17 00:26:04,467 TRACE util.FileUtils (FileUtils.java:deleteFully(201)) - deleteFully target/test/data/9a3b15da/MiniRaftClusterWithGrpc41701fe8/s6
2023-03-17 00:26:04,467 TRACE util.FileUtils (FileUtils.java:deleteFully(217)) - deleteFully: target/test/data/9a3b15da/MiniRaftClusterWithGrpc41701fe8/s6 does not exist.
2023-03-17 00:26:04,467 INFO  impl.MiniRaftCluster (MiniRaftCluster.java:newRaftServer(387)) - Formatted directory target/test/data/9a3b15da/MiniRaftClusterWithGrpc41701fe8/s6
2023-03-17 00:26:04,467 INFO  server.RaftServer (ConfUtils.java:logGet(46)) - raft.rpc.type = GRPC (default)
2023-03-17 00:26:04,467 INFO  grpc.GrpcConfigKeys (ConfUtils.java:logFallback(53)) - raft.grpc.admin.host = null (fallback to raft.grpc.server.host)
2023-03-17 00:26:04,467 INFO  grpc.GrpcConfigKeys (ConfUtils.java:logFallback(53)) - raft.grpc.admin.port = 35649 (fallback to raft.grpc.server.port)
2023-03-17 00:26:04,467 INFO  grpc.GrpcConfigKeys (ConfUtils.java:logFallback(53)) - raft.grpc.client.host = null (fallback to raft.grpc.server.host)
2023-03-17 00:26:04,467 INFO  grpc.GrpcConfigKeys (ConfUtils.java:logFallback(53)) - raft.grpc.client.port = 35649 (fallback to raft.grpc.server.port)
2023-03-17 00:26:04,467 INFO  grpc.GrpcConfigKeys (ConfUtils.java:logGet(46)) - raft.grpc.server.host = null (default)
2023-03-17 00:26:04,467 INFO  grpc.GrpcConfigKeys (ConfUtils.java:logGet(46)) - raft.grpc.server.port = 35649 (custom)
2023-03-17 00:26:04,467 INFO  server.GrpcService (ConfUtils.java:logGet(46)) - raft.grpc.message.size.max = 64MB (=67108864) (default)
2023-03-17 00:26:04,467 INFO  server.RaftServerConfigKeys (ConfUtils.java:logGet(46)) - raft.server.log.appender.buffer.byte-limit = 4MB (=4194304) (default)
2023-03-17 00:26:04,468 INFO  server.GrpcService (ConfUtils.java:logGet(46)) - raft.grpc.flow.control.window = 1MB (=1048576) (default)
2023-03-17 00:26:04,468 INFO  server.RaftServerConfigKeys (ConfUtils.java:logGet(46)) - raft.server.rpc.request.timeout = 3000ms (default)
2023-03-17 00:26:04,468 INFO  grpc.GrpcConfigKeys (ConfUtils.java:logGet(46)) - raft.grpc.server.heartbeat.channel = true (default)
2023-03-17 00:26:04,468 INFO  grpc.GrpcConfigKeys (ConfUtils.java:logGet(46)) - raft.grpc.server.async.request.thread.pool.cached = true (default)
2023-03-17 00:26:04,468 INFO  grpc.GrpcConfigKeys (ConfUtils.java:logGet(46)) - raft.grpc.server.async.request.thread.pool.size = 32 (default)
2023-03-17 00:26:04,468 INFO  impl.DataStreamServerImpl (ConfUtils.java:logGet(46)) - raft.datastream.type = DISABLED (default)
2023-03-17 00:26:04,468 INFO  server.RaftServerConfigKeys (ConfUtils.java:logGet(46)) - raft.server.threadpool.proxy.cached = true (default)
2023-03-17 00:26:04,468 INFO  server.RaftServerConfigKeys (ConfUtils.java:logGet(46)) - raft.server.threadpool.proxy.size = 0 (default)
2023-03-17 00:26:04,468 INFO  server.RaftServerConfigKeys (ConfUtils.java:logGet(46)) - raft.server.rpc.slowness.timeout = 60s (default)
2023-03-17 00:26:04,469 INFO  server.RaftServerConfigKeys (ConfUtils.java:logGet(46)) - raft.server.leaderelection.leader.step-down.wait-time = 10s (default)
2023-03-17 00:26:04,469 INFO  server.RaftServerConfigKeys (ConfUtils.java:logGet(46)) - raft.server.storage.dir = [/home/runner/work/ratis/ratis/ratis-examples/target/test/data/9a3b15da/MiniRaftClusterWithGrpc41701fe8/s6] (custom)
2023-03-17 00:26:04,469 INFO  server.RaftServer$Division (RaftServerImpl.java:<init>(198)) - s5: new RaftServerImpl for group-6C92F6220E3D:[] with ArithmeticStateMachine:uninitialized
2023-03-17 00:26:04,469 INFO  server.RaftServerConfigKeys (ConfUtils.java:logGet(46)) - raft.server.rpc.timeout.min = 300ms (custom)
2023-03-17 00:26:04,469 INFO  server.RaftServerConfigKeys (ConfUtils.java:logGet(46)) - raft.server.rpc.timeout.max = 600ms (custom)
2023-03-17 00:26:04,469 INFO  server.RaftServerConfigKeys (ConfUtils.java:logGet(46)) - raft.server.rpc.sleep.time = 25ms (default)
2023-03-17 00:26:04,469 INFO  server.RaftServerConfigKeys (ConfUtils.java:logGet(46)) - raft.server.rpc.slowness.timeout = 60s (default)
2023-03-17 00:26:04,469 INFO  server.RaftServerConfigKeys (ConfUtils.java:logGet(46)) - raft.server.leaderelection.leader.step-down.wait-time = 10s (default)
2023-03-17 00:26:04,469 INFO  server.RaftServerConfigKeys (ConfUtils.java:logGet(46)) - raft.server.sleep.deviation.threshold = 300ms (default)
2023-03-17 00:26:04,469 INFO  server.RaftServer$Division (ServerState.java:<init>(113)) - s5@group-6C92F6220E3D: ConfigurationManager, init=-1: peers:[]|listeners:[], old=null, confs=<EMPTY_MAP>
2023-03-17 00:26:04,469 INFO  server.RaftServerConfigKeys (ConfUtils.java:logGet(46)) - raft.server.notification.no-leader.timeout = 60s (default)
2023-03-17 00:26:04,469 INFO  server.RaftServerConfigKeys (ConfUtils.java:logGet(46)) - raft.server.read.timeout = 10s (default)
2023-03-17 00:26:04,470 INFO  server.RaftServerConfigKeys (ConfUtils.java:logGet(46)) - raft.server.retrycache.expirytime = 60s (default)
2023-03-17 00:26:04,470 INFO  server.RaftServerConfigKeys (ConfUtils.java:logGet(46)) - raft.server.retrycache.statistics.expirytime = 100μs (default)
2023-03-17 00:26:04,470 INFO  server.RaftServerConfigKeys (ConfUtils.java:logGet(46)) - raft.server.read.option = DEFAULT (default)
2023-03-17 00:26:04,470 INFO  server.RaftServerConfigKeys (ConfUtils.java:logGet(46)) - raft.server.log.appender.install.snapshot.enabled = true (default)
2023-03-17 00:26:04,470 INFO  server.RaftServerConfigKeys (ConfUtils.java:logGet(46)) - raft.server.threadpool.server.cached = true (default)
2023-03-17 00:26:04,470 INFO  server.RaftServerConfigKeys (ConfUtils.java:logGet(46)) - raft.server.threadpool.server.size = 0 (default)
2023-03-17 00:26:04,471 INFO  server.RaftServerConfigKeys (ConfUtils.java:logGet(46)) - raft.server.threadpool.client.cached = true (default)
2023-03-17 00:26:04,471 INFO  server.RaftServerConfigKeys (ConfUtils.java:logGet(46)) - raft.server.threadpool.client.size = 0 (default)
2023-03-17 00:26:04,471 INFO  server.RaftServer (RaftServerProxy.java:addNew(99)) - s6: addNew group-6C92F6220E3D:[] returns group-6C92F6220E3D:java.util.concurrent.CompletableFuture@27156880[Not completed]
2023-03-17 00:26:04,471 INFO  server.RaftServer$Division (RaftServerImpl.java:<init>(198)) - s6: new RaftServerImpl for group-6C92F6220E3D:[] with ArithmeticStateMachine:uninitialized
2023-03-17 00:26:04,471 INFO  impl.MiniRaftCluster (MiniRaftCluster.java:newRaftServer(382)) - newRaftServer: s7, group-6C92F6220E3D:[], format? true
2023-03-17 00:26:04,471 TRACE util.FileUtils (FileUtils.java:deleteFully(201)) - deleteFully target/test/data/9a3b15da/MiniRaftClusterWithGrpc41701fe8/s7
2023-03-17 00:26:04,471 TRACE util.FileUtils (FileUtils.java:deleteFully(217)) - deleteFully: target/test/data/9a3b15da/MiniRaftClusterWithGrpc41701fe8/s7 does not exist.
2023-03-17 00:26:04,471 INFO  impl.MiniRaftCluster (MiniRaftCluster.java:newRaftServer(387)) - Formatted directory target/test/data/9a3b15da/MiniRaftClusterWithGrpc41701fe8/s7
2023-03-17 00:26:04,471 INFO  server.RaftServer (ConfUtils.java:logGet(46)) - raft.rpc.type = GRPC (default)
2023-03-17 00:26:04,471 INFO  grpc.GrpcConfigKeys (ConfUtils.java:logFallback(53)) - raft.grpc.admin.host = null (fallback to raft.grpc.server.host)
2023-03-17 00:26:04,471 INFO  grpc.GrpcConfigKeys (ConfUtils.java:logFallback(53)) - raft.grpc.admin.port = 34229 (fallback to raft.grpc.server.port)
2023-03-17 00:26:04,471 INFO  grpc.GrpcConfigKeys (ConfUtils.java:logFallback(53)) - raft.grpc.client.host = null (fallback to raft.grpc.server.host)
2023-03-17 00:26:04,472 INFO  grpc.GrpcConfigKeys (ConfUtils.java:logFallback(53)) - raft.grpc.client.port = 34229 (fallback to raft.grpc.server.port)
2023-03-17 00:26:04,472 INFO  grpc.GrpcConfigKeys (ConfUtils.java:logGet(46)) - raft.grpc.server.host = null (default)
2023-03-17 00:26:04,472 INFO  grpc.GrpcConfigKeys (ConfUtils.java:logGet(46)) - raft.grpc.server.port = 34229 (custom)
2023-03-17 00:26:04,472 INFO  server.GrpcService (ConfUtils.java:logGet(46)) - raft.grpc.message.size.max = 64MB (=67108864) (default)
2023-03-17 00:26:04,472 INFO  server.RaftServerConfigKeys (ConfUtils.java:logGet(46)) - raft.server.log.appender.buffer.byte-limit = 4MB (=4194304) (default)
2023-03-17 00:26:04,472 INFO  server.GrpcService (ConfUtils.java:logGet(46)) - raft.grpc.flow.control.window = 1MB (=1048576) (default)
2023-03-17 00:26:04,472 INFO  server.RaftServerConfigKeys (ConfUtils.java:logGet(46)) - raft.server.rpc.request.timeout = 3000ms (default)
2023-03-17 00:26:04,472 INFO  grpc.GrpcConfigKeys (ConfUtils.java:logGet(46)) - raft.grpc.server.heartbeat.channel = true (default)
2023-03-17 00:26:04,472 INFO  grpc.GrpcConfigKeys (ConfUtils.java:logGet(46)) - raft.grpc.server.async.request.thread.pool.cached = true (default)
2023-03-17 00:26:04,472 INFO  grpc.GrpcConfigKeys (ConfUtils.java:logGet(46)) - raft.grpc.server.async.request.thread.pool.size = 32 (default)
2023-03-17 00:26:04,473 INFO  impl.DataStreamServerImpl (ConfUtils.java:logGet(46)) - raft.datastream.type = DISABLED (default)
2023-03-17 00:26:04,473 INFO  server.RaftServerConfigKeys (ConfUtils.java:logGet(46)) - raft.server.threadpool.proxy.cached = true (default)
2023-03-17 00:26:04,473 INFO  server.RaftServerConfigKeys (ConfUtils.java:logGet(46)) - raft.server.threadpool.proxy.size = 0 (default)
2023-03-17 00:26:04,473 INFO  server.RaftServerConfigKeys (ConfUtils.java:logGet(46)) - raft.server.rpc.slowness.timeout = 60s (default)
2023-03-17 00:26:04,473 INFO  server.RaftServerConfigKeys (ConfUtils.java:logGet(46)) - raft.server.leaderelection.leader.step-down.wait-time = 10s (default)
2023-03-17 00:26:04,473 INFO  server.RaftServerConfigKeys (ConfUtils.java:logGet(46)) - raft.server.storage.dir = [/home/runner/work/ratis/ratis/ratis-examples/target/test/data/9a3b15da/MiniRaftClusterWithGrpc41701fe8/s7] (custom)
2023-03-17 00:26:04,473 INFO  server.RaftServerConfigKeys (ConfUtils.java:logGet(46)) - raft.server.rpc.timeout.min = 300ms (custom)
2023-03-17 00:26:04,473 INFO  server.RaftServerConfigKeys (ConfUtils.java:logGet(46)) - raft.server.rpc.timeout.max = 600ms (custom)
2023-03-17 00:26:04,473 INFO  server.RaftServerConfigKeys (ConfUtils.java:logGet(46)) - raft.server.rpc.sleep.time = 25ms (default)
2023-03-17 00:26:04,473 INFO  server.RaftServerConfigKeys (ConfUtils.java:logGet(46)) - raft.server.rpc.slowness.timeout = 60s (default)
2023-03-17 00:26:04,473 INFO  server.RaftServerConfigKeys (ConfUtils.java:logGet(46)) - raft.server.leaderelection.leader.step-down.wait-time = 10s (default)
2023-03-17 00:26:04,473 INFO  server.RaftServerConfigKeys (ConfUtils.java:logGet(46)) - raft.server.sleep.deviation.threshold = 300ms (default)
2023-03-17 00:26:04,473 INFO  server.RaftServer$Division (ServerState.java:<init>(113)) - s6@group-6C92F6220E3D: ConfigurationManager, init=-1: peers:[]|listeners:[], old=null, confs=<EMPTY_MAP>
2023-03-17 00:26:04,474 INFO  server.RaftServerConfigKeys (ConfUtils.java:logGet(46)) - raft.server.notification.no-leader.timeout = 60s (default)
2023-03-17 00:26:04,474 INFO  server.RaftServerConfigKeys (ConfUtils.java:logGet(46)) - raft.server.read.timeout = 10s (default)
2023-03-17 00:26:04,474 INFO  server.RaftServerConfigKeys (ConfUtils.java:logGet(46)) - raft.server.retrycache.expirytime = 60s (default)
2023-03-17 00:26:04,474 INFO  server.RaftServerConfigKeys (ConfUtils.java:logGet(46)) - raft.server.retrycache.statistics.expirytime = 100μs (default)
2023-03-17 00:26:04,474 INFO  server.RaftServerConfigKeys (ConfUtils.java:logGet(46)) - raft.server.read.option = DEFAULT (default)
2023-03-17 00:26:04,474 INFO  server.RaftServer (RaftServerProxy.java:addNew(99)) - s7: addNew group-6C92F6220E3D:[] returns group-6C92F6220E3D:java.util.concurrent.CompletableFuture@1d2a6891[Not completed]
2023-03-17 00:26:04,474 INFO  impl.MiniRaftCluster (MiniRaftCluster.java:newRaftServer(382)) - newRaftServer: s8, group-6C92F6220E3D:[], format? true
2023-03-17 00:26:04,474 TRACE util.FileUtils (FileUtils.java:deleteFully(201)) - deleteFully target/test/data/9a3b15da/MiniRaftClusterWithGrpc41701fe8/s8
2023-03-17 00:26:04,474 TRACE util.FileUtils (FileUtils.java:deleteFully(217)) - deleteFully: target/test/data/9a3b15da/MiniRaftClusterWithGrpc41701fe8/s8 does not exist.
2023-03-17 00:26:04,474 INFO  impl.MiniRaftCluster (MiniRaftCluster.java:newRaftServer(387)) - Formatted directory target/test/data/9a3b15da/MiniRaftClusterWithGrpc41701fe8/s8
2023-03-17 00:26:04,474 INFO  server.RaftServer (ConfUtils.java:logGet(46)) - raft.rpc.type = GRPC (default)
2023-03-17 00:26:04,474 INFO  server.RaftServerConfigKeys (ConfUtils.java:logGet(46)) - raft.server.log.appender.install.snapshot.enabled = true (default)
2023-03-17 00:26:04,474 INFO  server.RaftServerConfigKeys (ConfUtils.java:logGet(46)) - raft.server.threadpool.server.cached = true (default)
2023-03-17 00:26:04,475 INFO  server.RaftServerConfigKeys (ConfUtils.java:logGet(46)) - raft.server.threadpool.server.size = 0 (default)
2023-03-17 00:26:04,475 INFO  server.RaftServerConfigKeys (ConfUtils.java:logGet(46)) - raft.server.threadpool.client.cached = true (default)
2023-03-17 00:26:04,475 INFO  server.RaftServerConfigKeys (ConfUtils.java:logGet(46)) - raft.server.threadpool.client.size = 0 (default)
2023-03-17 00:26:04,474 INFO  grpc.GrpcConfigKeys (ConfUtils.java:logFallback(53)) - raft.grpc.admin.host = null (fallback to raft.grpc.server.host)
2023-03-17 00:26:04,475 INFO  grpc.GrpcConfigKeys (ConfUtils.java:logFallback(53)) - raft.grpc.admin.port = 40433 (fallback to raft.grpc.server.port)
2023-03-17 00:26:04,475 INFO  server.RaftServer$Division (RaftServerImpl.java:<init>(198)) - s7: new RaftServerImpl for group-6C92F6220E3D:[] with ArithmeticStateMachine:uninitialized
2023-03-17 00:26:04,475 INFO  grpc.GrpcConfigKeys (ConfUtils.java:logFallback(53)) - raft.grpc.client.host = null (fallback to raft.grpc.server.host)
2023-03-17 00:26:04,475 INFO  server.RaftServerConfigKeys (ConfUtils.java:logGet(46)) - raft.server.rpc.timeout.min = 300ms (custom)
2023-03-17 00:26:04,475 INFO  grpc.GrpcConfigKeys (ConfUtils.java:logFallback(53)) - raft.grpc.client.port = 40433 (fallback to raft.grpc.server.port)
2023-03-17 00:26:04,475 INFO  server.RaftServerConfigKeys (ConfUtils.java:logGet(46)) - raft.server.rpc.timeout.max = 600ms (custom)
2023-03-17 00:26:04,475 INFO  grpc.GrpcConfigKeys (ConfUtils.java:logGet(46)) - raft.grpc.server.host = null (default)
2023-03-17 00:26:04,475 INFO  grpc.GrpcConfigKeys (ConfUtils.java:logGet(46)) - raft.grpc.server.port = 40433 (custom)
2023-03-17 00:26:04,475 INFO  server.GrpcService (ConfUtils.java:logGet(46)) - raft.grpc.message.size.max = 64MB (=67108864) (default)
2023-03-17 00:26:04,475 INFO  server.RaftServerConfigKeys (ConfUtils.java:logGet(46)) - raft.server.log.appender.buffer.byte-limit = 4MB (=4194304) (default)
2023-03-17 00:26:04,475 INFO  server.GrpcService (ConfUtils.java:logGet(46)) - raft.grpc.flow.control.window = 1MB (=1048576) (default)
2023-03-17 00:26:04,475 INFO  server.RaftServerConfigKeys (ConfUtils.java:logGet(46)) - raft.server.rpc.request.timeout = 3000ms (default)
2023-03-17 00:26:04,475 INFO  grpc.GrpcConfigKeys (ConfUtils.java:logGet(46)) - raft.grpc.server.heartbeat.channel = true (default)
2023-03-17 00:26:04,475 INFO  grpc.GrpcConfigKeys (ConfUtils.java:logGet(46)) - raft.grpc.server.async.request.thread.pool.cached = true (default)
2023-03-17 00:26:04,475 INFO  grpc.GrpcConfigKeys (ConfUtils.java:logGet(46)) - raft.grpc.server.async.request.thread.pool.size = 32 (default)
2023-03-17 00:26:04,476 INFO  impl.DataStreamServerImpl (ConfUtils.java:logGet(46)) - raft.datastream.type = DISABLED (default)
2023-03-17 00:26:04,476 INFO  server.RaftServerConfigKeys (ConfUtils.java:logGet(46)) - raft.server.threadpool.proxy.cached = true (default)
2023-03-17 00:26:04,476 INFO  server.RaftServerConfigKeys (ConfUtils.java:logGet(46)) - raft.server.threadpool.proxy.size = 0 (default)
2023-03-17 00:26:04,476 INFO  server.RaftServerConfigKeys (ConfUtils.java:logGet(46)) - raft.server.rpc.slowness.timeout = 60s (default)
2023-03-17 00:26:04,476 INFO  server.RaftServerConfigKeys (ConfUtils.java:logGet(46)) - raft.server.leaderelection.leader.step-down.wait-time = 10s (default)
2023-03-17 00:26:04,476 INFO  server.RaftServerConfigKeys (ConfUtils.java:logGet(46)) - raft.server.storage.dir = [/home/runner/work/ratis/ratis/ratis-examples/target/test/data/9a3b15da/MiniRaftClusterWithGrpc41701fe8/s8] (custom)
2023-03-17 00:26:04,477 INFO  server.RaftServerConfigKeys (ConfUtils.java:logGet(46)) - raft.server.rpc.sleep.time = 25ms (default)
2023-03-17 00:26:04,477 INFO  server.RaftServerConfigKeys (ConfUtils.java:logGet(46)) - raft.server.rpc.slowness.timeout = 60s (default)
2023-03-17 00:26:04,477 INFO  server.RaftServerConfigKeys (ConfUtils.java:logGet(46)) - raft.server.leaderelection.leader.step-down.wait-time = 10s (default)
2023-03-17 00:26:04,477 INFO  server.RaftServerConfigKeys (ConfUtils.java:logGet(46)) - raft.server.sleep.deviation.threshold = 300ms (default)
2023-03-17 00:26:04,477 INFO  server.RaftServer$Division (ServerState.java:<init>(113)) - s7@group-6C92F6220E3D: ConfigurationManager, init=-1: peers:[]|listeners:[], old=null, confs=<EMPTY_MAP>
2023-03-17 00:26:04,477 INFO  server.RaftServerConfigKeys (ConfUtils.java:logGet(46)) - raft.server.notification.no-leader.timeout = 60s (default)
2023-03-17 00:26:04,477 INFO  server.RaftServerConfigKeys (ConfUtils.java:logGet(46)) - raft.server.read.timeout = 10s (default)
2023-03-17 00:26:04,477 INFO  server.RaftServerConfigKeys (ConfUtils.java:logGet(46)) - raft.server.retrycache.expirytime = 60s (default)
2023-03-17 00:26:04,477 INFO  server.RaftServerConfigKeys (ConfUtils.java:logGet(46)) - raft.server.retrycache.statistics.expirytime = 100μs (default)
2023-03-17 00:26:04,477 INFO  server.RaftServerConfigKeys (ConfUtils.java:logGet(46)) - raft.server.read.option = DEFAULT (default)
2023-03-17 00:26:04,477 INFO  server.RaftServerConfigKeys (ConfUtils.java:logGet(46)) - raft.server.log.appender.install.snapshot.enabled = true (default)
2023-03-17 00:26:04,477 INFO  server.RaftServerConfigKeys (ConfUtils.java:logGet(46)) - raft.server.threadpool.server.cached = true (default)
2023-03-17 00:26:04,477 INFO  server.RaftServerConfigKeys (ConfUtils.java:logGet(46)) - raft.server.threadpool.server.size = 0 (default)
2023-03-17 00:26:04,478 INFO  server.RaftServerConfigKeys (ConfUtils.java:logGet(46)) - raft.server.threadpool.client.cached = true (default)
2023-03-17 00:26:04,478 INFO  server.RaftServerConfigKeys (ConfUtils.java:logGet(46)) - raft.server.threadpool.client.size = 0 (default)
2023-03-17 00:26:04,478 INFO  server.RaftServer (RaftServerProxy.java:addNew(99)) - s8: addNew group-6C92F6220E3D:[] returns group-6C92F6220E3D:java.util.concurrent.CompletableFuture@2c493a2a[Not completed]
2023-03-17 00:26:04,478 INFO  server.RaftServer$Division (RaftServerImpl.java:<init>(198)) - s8: new RaftServerImpl for group-6C92F6220E3D:[] with ArithmeticStateMachine:uninitialized
2023-03-17 00:26:04,478 INFO  impl.MiniRaftCluster (MiniRaftCluster.java:newRaftServer(382)) - newRaftServer: s9, group-6C92F6220E3D:[], format? true
2023-03-17 00:26:04,478 TRACE util.FileUtils (FileUtils.java:deleteFully(201)) - deleteFully target/test/data/9a3b15da/MiniRaftClusterWithGrpc41701fe8/s9
2023-03-17 00:26:04,478 TRACE util.FileUtils (FileUtils.java:deleteFully(217)) - deleteFully: target/test/data/9a3b15da/MiniRaftClusterWithGrpc41701fe8/s9 does not exist.
2023-03-17 00:26:04,478 INFO  impl.MiniRaftCluster (MiniRaftCluster.java:newRaftServer(387)) - Formatted directory target/test/data/9a3b15da/MiniRaftClusterWithGrpc41701fe8/s9
2023-03-17 00:26:04,478 INFO  server.RaftServer (ConfUtils.java:logGet(46)) - raft.rpc.type = GRPC (default)
2023-03-17 00:26:04,478 INFO  grpc.GrpcConfigKeys (ConfUtils.java:logFallback(53)) - raft.grpc.admin.host = null (fallback to raft.grpc.server.host)
2023-03-17 00:26:04,478 INFO  grpc.GrpcConfigKeys (ConfUtils.java:logFallback(53)) - raft.grpc.admin.port = 40425 (fallback to raft.grpc.server.port)
2023-03-17 00:26:04,478 INFO  grpc.GrpcConfigKeys (ConfUtils.java:logFallback(53)) - raft.grpc.client.host = null (fallback to raft.grpc.server.host)
2023-03-17 00:26:04,478 INFO  grpc.GrpcConfigKeys (ConfUtils.java:logFallback(53)) - raft.grpc.client.port = 40425 (fallback to raft.grpc.server.port)
2023-03-17 00:26:04,478 INFO  grpc.GrpcConfigKeys (ConfUtils.java:logGet(46)) - raft.grpc.server.host = null (default)
2023-03-17 00:26:04,479 INFO  grpc.GrpcConfigKeys (ConfUtils.java:logGet(46)) - raft.grpc.server.port = 40425 (custom)
2023-03-17 00:26:04,479 INFO  server.GrpcService (ConfUtils.java:logGet(46)) - raft.grpc.message.size.max = 64MB (=67108864) (default)
2023-03-17 00:26:04,479 INFO  server.RaftServerConfigKeys (ConfUtils.java:logGet(46)) - raft.server.log.appender.buffer.byte-limit = 4MB (=4194304) (default)
2023-03-17 00:26:04,479 INFO  server.GrpcService (ConfUtils.java:logGet(46)) - raft.grpc.flow.control.window = 1MB (=1048576) (default)
2023-03-17 00:26:04,479 INFO  server.RaftServerConfigKeys (ConfUtils.java:logGet(46)) - raft.server.rpc.request.timeout = 3000ms (default)
2023-03-17 00:26:04,479 INFO  grpc.GrpcConfigKeys (ConfUtils.java:logGet(46)) - raft.grpc.server.heartbeat.channel = true (default)
2023-03-17 00:26:04,479 INFO  grpc.GrpcConfigKeys (ConfUtils.java:logGet(46)) - raft.grpc.server.async.request.thread.pool.cached = true (default)
2023-03-17 00:26:04,479 INFO  grpc.GrpcConfigKeys (ConfUtils.java:logGet(46)) - raft.grpc.server.async.request.thread.pool.size = 32 (default)
2023-03-17 00:26:04,479 INFO  impl.DataStreamServerImpl (ConfUtils.java:logGet(46)) - raft.datastream.type = DISABLED (default)
2023-03-17 00:26:04,480 INFO  server.RaftServerConfigKeys (ConfUtils.java:logGet(46)) - raft.server.threadpool.proxy.cached = true (default)
2023-03-17 00:26:04,480 INFO  server.RaftServerConfigKeys (ConfUtils.java:logGet(46)) - raft.server.threadpool.proxy.size = 0 (default)
2023-03-17 00:26:04,480 INFO  server.RaftServerConfigKeys (ConfUtils.java:logGet(46)) - raft.server.rpc.slowness.timeout = 60s (default)
2023-03-17 00:26:04,480 INFO  server.RaftServerConfigKeys (ConfUtils.java:logGet(46)) - raft.server.leaderelection.leader.step-down.wait-time = 10s (default)
2023-03-17 00:26:04,480 INFO  server.RaftServerConfigKeys (ConfUtils.java:logGet(46)) - raft.server.storage.dir = [/home/runner/work/ratis/ratis/ratis-examples/target/test/data/9a3b15da/MiniRaftClusterWithGrpc41701fe8/s9] (custom)
2023-03-17 00:26:04,480 INFO  server.RaftServerConfigKeys (ConfUtils.java:logGet(46)) - raft.server.rpc.timeout.min = 300ms (custom)
2023-03-17 00:26:04,480 INFO  server.RaftServerConfigKeys (ConfUtils.java:logGet(46)) - raft.server.rpc.timeout.max = 600ms (custom)
2023-03-17 00:26:04,480 INFO  server.RaftServerConfigKeys (ConfUtils.java:logGet(46)) - raft.server.rpc.sleep.time = 25ms (default)
2023-03-17 00:26:04,480 INFO  server.RaftServerConfigKeys (ConfUtils.java:logGet(46)) - raft.server.rpc.slowness.timeout = 60s (default)
2023-03-17 00:26:04,480 INFO  server.RaftServerConfigKeys (ConfUtils.java:logGet(46)) - raft.server.leaderelection.leader.step-down.wait-time = 10s (default)
2023-03-17 00:26:04,480 INFO  server.RaftServerConfigKeys (ConfUtils.java:logGet(46)) - raft.server.sleep.deviation.threshold = 300ms (default)
2023-03-17 00:26:04,480 INFO  server.RaftServer$Division (ServerState.java:<init>(113)) - s8@group-6C92F6220E3D: ConfigurationManager, init=-1: peers:[]|listeners:[], old=null, confs=<EMPTY_MAP>
2023-03-17 00:26:04,480 INFO  server.RaftServerConfigKeys (ConfUtils.java:logGet(46)) - raft.server.notification.no-leader.timeout = 60s (default)
2023-03-17 00:26:04,480 INFO  server.RaftServerConfigKeys (ConfUtils.java:logGet(46)) - raft.server.read.timeout = 10s (default)
2023-03-17 00:26:04,480 INFO  server.RaftServerConfigKeys (ConfUtils.java:logGet(46)) - raft.server.retrycache.expirytime = 60s (default)
2023-03-17 00:26:04,480 INFO  server.RaftServerConfigKeys (ConfUtils.java:logGet(46)) - raft.server.retrycache.statistics.expirytime = 100μs (default)
2023-03-17 00:26:04,480 INFO  server.RaftServerConfigKeys (ConfUtils.java:logGet(46)) - raft.server.read.option = DEFAULT (default)
2023-03-17 00:26:04,481 INFO  server.RaftServer (RaftServerProxy.java:addNew(99)) - s9: addNew group-6C92F6220E3D:[] returns group-6C92F6220E3D:java.util.concurrent.CompletableFuture@68a6e561[Not completed]
2023-03-17 00:26:04,481 INFO  impl.MiniRaftCluster (MiniRaftCluster.java:newRaftServer(382)) - newRaftServer: s10, group-6C92F6220E3D:[], format? true
2023-03-17 00:26:04,481 TRACE util.FileUtils (FileUtils.java:deleteFully(201)) - deleteFully target/test/data/9a3b15da/MiniRaftClusterWithGrpc41701fe8/s10
2023-03-17 00:26:04,481 TRACE util.FileUtils (FileUtils.java:deleteFully(217)) - deleteFully: target/test/data/9a3b15da/MiniRaftClusterWithGrpc41701fe8/s10 does not exist.
2023-03-17 00:26:04,481 INFO  impl.MiniRaftCluster (MiniRaftCluster.java:newRaftServer(387)) - Formatted directory target/test/data/9a3b15da/MiniRaftClusterWithGrpc41701fe8/s10
2023-03-17 00:26:04,481 INFO  server.RaftServerConfigKeys (ConfUtils.java:logGet(46)) - raft.server.log.appender.install.snapshot.enabled = true (default)
2023-03-17 00:26:04,481 INFO  server.RaftServerConfigKeys (ConfUtils.java:logGet(46)) - raft.server.threadpool.server.cached = true (default)
2023-03-17 00:26:04,481 INFO  server.RaftServerConfigKeys (ConfUtils.java:logGet(46)) - raft.server.threadpool.server.size = 0 (default)
2023-03-17 00:26:04,481 INFO  server.RaftServerConfigKeys (ConfUtils.java:logGet(46)) - raft.server.threadpool.client.cached = true (default)
2023-03-17 00:26:04,481 INFO  server.RaftServer (ConfUtils.java:logGet(46)) - raft.rpc.type = GRPC (default)
2023-03-17 00:26:04,481 INFO  grpc.GrpcConfigKeys (ConfUtils.java:logFallback(53)) - raft.grpc.admin.host = null (fallback to raft.grpc.server.host)
2023-03-17 00:26:04,481 INFO  grpc.GrpcConfigKeys (ConfUtils.java:logFallback(53)) - raft.grpc.admin.port = 41377 (fallback to raft.grpc.server.port)
2023-03-17 00:26:04,482 INFO  grpc.GrpcConfigKeys (ConfUtils.java:logFallback(53)) - raft.grpc.client.host = null (fallback to raft.grpc.server.host)
2023-03-17 00:26:04,482 INFO  grpc.GrpcConfigKeys (ConfUtils.java:logFallback(53)) - raft.grpc.client.port = 41377 (fallback to raft.grpc.server.port)
2023-03-17 00:26:04,482 INFO  grpc.GrpcConfigKeys (ConfUtils.java:logGet(46)) - raft.grpc.server.host = null (default)
2023-03-17 00:26:04,482 INFO  grpc.GrpcConfigKeys (ConfUtils.java:logGet(46)) - raft.grpc.server.port = 41377 (custom)
2023-03-17 00:26:04,482 INFO  server.GrpcService (ConfUtils.java:logGet(46)) - raft.grpc.message.size.max = 64MB (=67108864) (default)
2023-03-17 00:26:04,482 INFO  server.RaftServerConfigKeys (ConfUtils.java:logGet(46)) - raft.server.log.appender.buffer.byte-limit = 4MB (=4194304) (default)
2023-03-17 00:26:04,482 INFO  server.GrpcService (ConfUtils.java:logGet(46)) - raft.grpc.flow.control.window = 1MB (=1048576) (default)
2023-03-17 00:26:04,482 INFO  server.RaftServerConfigKeys (ConfUtils.java:logGet(46)) - raft.server.rpc.request.timeout = 3000ms (default)
2023-03-17 00:26:04,482 INFO  grpc.GrpcConfigKeys (ConfUtils.java:logGet(46)) - raft.grpc.server.heartbeat.channel = true (default)
2023-03-17 00:26:04,482 INFO  grpc.GrpcConfigKeys (ConfUtils.java:logGet(46)) - raft.grpc.server.async.request.thread.pool.cached = true (default)
2023-03-17 00:26:04,482 INFO  grpc.GrpcConfigKeys (ConfUtils.java:logGet(46)) - raft.grpc.server.async.request.thread.pool.size = 32 (default)
2023-03-17 00:26:04,482 INFO  server.RaftServer$Division (RaftServerImpl.java:<init>(198)) - s9: new RaftServerImpl for group-6C92F6220E3D:[] with ArithmeticStateMachine:uninitialized
2023-03-17 00:26:04,482 INFO  server.RaftServerConfigKeys (ConfUtils.java:logGet(46)) - raft.server.rpc.timeout.min = 300ms (custom)
2023-03-17 00:26:04,483 INFO  server.RaftServerConfigKeys (ConfUtils.java:logGet(46)) - raft.server.rpc.timeout.max = 600ms (custom)
2023-03-17 00:26:04,483 INFO  server.RaftServerConfigKeys (ConfUtils.java:logGet(46)) - raft.server.rpc.sleep.time = 25ms (default)
2023-03-17 00:26:04,483 INFO  server.RaftServerConfigKeys (ConfUtils.java:logGet(46)) - raft.server.rpc.slowness.timeout = 60s (default)
2023-03-17 00:26:04,483 INFO  server.RaftServerConfigKeys (ConfUtils.java:logGet(46)) - raft.server.leaderelection.leader.step-down.wait-time = 10s (default)
2023-03-17 00:26:04,483 INFO  server.RaftServerConfigKeys (ConfUtils.java:logGet(46)) - raft.server.sleep.deviation.threshold = 300ms (default)
2023-03-17 00:26:04,483 INFO  server.RaftServer$Division (ServerState.java:<init>(113)) - s9@group-6C92F6220E3D: ConfigurationManager, init=-1: peers:[]|listeners:[], old=null, confs=<EMPTY_MAP>
2023-03-17 00:26:04,483 INFO  server.RaftServerConfigKeys (ConfUtils.java:logGet(46)) - raft.server.notification.no-leader.timeout = 60s (default)
2023-03-17 00:26:04,483 INFO  server.RaftServerConfigKeys (ConfUtils.java:logGet(46)) - raft.server.read.timeout = 10s (default)
2023-03-17 00:26:04,483 INFO  server.RaftServerConfigKeys (ConfUtils.java:logGet(46)) - raft.server.retrycache.expirytime = 60s (default)
2023-03-17 00:26:04,483 INFO  server.RaftServerConfigKeys (ConfUtils.java:logGet(46)) - raft.server.retrycache.statistics.expirytime = 100μs (default)
2023-03-17 00:26:04,484 INFO  server.RaftServerConfigKeys (ConfUtils.java:logGet(46)) - raft.server.read.option = DEFAULT (default)
2023-03-17 00:26:04,483 INFO  impl.DataStreamServerImpl (ConfUtils.java:logGet(46)) - raft.datastream.type = DISABLED (default)
2023-03-17 00:26:04,485 INFO  server.RaftServerConfigKeys (ConfUtils.java:logGet(46)) - raft.server.threadpool.proxy.cached = true (default)
2023-03-17 00:26:04,485 INFO  server.RaftServerConfigKeys (ConfUtils.java:logGet(46)) - raft.server.threadpool.proxy.size = 0 (default)
2023-03-17 00:26:04,485 INFO  server.RaftServerConfigKeys (ConfUtils.java:logGet(46)) - raft.server.rpc.slowness.timeout = 60s (default)
2023-03-17 00:26:04,486 INFO  server.RaftServerConfigKeys (ConfUtils.java:logGet(46)) - raft.server.leaderelection.leader.step-down.wait-time = 10s (default)
2023-03-17 00:26:04,486 INFO  server.RaftServerConfigKeys (ConfUtils.java:logGet(46)) - raft.server.storage.dir = [/home/runner/work/ratis/ratis/ratis-examples/target/test/data/9a3b15da/MiniRaftClusterWithGrpc41701fe8/s10] (custom)
2023-03-17 00:26:04,486 INFO  server.RaftServerConfigKeys (ConfUtils.java:logGet(46)) - raft.server.threadpool.client.size = 0 (default)
2023-03-17 00:26:04,486 INFO  server.RaftServerConfigKeys (ConfUtils.java:logGet(46)) - raft.server.log.appender.install.snapshot.enabled = true (default)
2023-03-17 00:26:04,487 INFO  server.RaftServerConfigKeys (ConfUtils.java:logGet(46)) - raft.server.threadpool.server.cached = true (default)
2023-03-17 00:26:04,487 INFO  server.RaftServerConfigKeys (ConfUtils.java:logGet(46)) - raft.server.threadpool.server.size = 0 (default)
2023-03-17 00:26:04,487 INFO  server.RaftServerConfigKeys (ConfUtils.java:logGet(46)) - raft.server.threadpool.client.cached = true (default)
2023-03-17 00:26:04,487 INFO  server.RaftServerConfigKeys (ConfUtils.java:logGet(46)) - raft.server.threadpool.client.size = 0 (default)
2023-03-17 00:26:04,487 INFO  server.RaftServer (RaftServerProxy.java:addNew(99)) - s10: addNew group-6C92F6220E3D:[] returns group-6C92F6220E3D:java.util.concurrent.CompletableFuture@7411eba8[Not completed]
2023-03-17 00:26:04,487 INFO  impl.MiniRaftCluster (MiniRaftCluster.java:newRaftServer(382)) - newRaftServer: s11, group-6C92F6220E3D:[], format? true
2023-03-17 00:26:04,487 TRACE util.FileUtils (FileUtils.java:deleteFully(201)) - deleteFully target/test/data/9a3b15da/MiniRaftClusterWithGrpc41701fe8/s11
2023-03-17 00:26:04,487 TRACE util.FileUtils (FileUtils.java:deleteFully(217)) - deleteFully: target/test/data/9a3b15da/MiniRaftClusterWithGrpc41701fe8/s11 does not exist.
2023-03-17 00:26:04,487 INFO  impl.MiniRaftCluster (MiniRaftCluster.java:newRaftServer(387)) - Formatted directory target/test/data/9a3b15da/MiniRaftClusterWithGrpc41701fe8/s11
2023-03-17 00:26:04,487 INFO  server.RaftServer (ConfUtils.java:logGet(46)) - raft.rpc.type = GRPC (default)
2023-03-17 00:26:04,487 INFO  grpc.GrpcConfigKeys (ConfUtils.java:logFallback(53)) - raft.grpc.admin.host = null (fallback to raft.grpc.server.host)
2023-03-17 00:26:04,487 INFO  grpc.GrpcConfigKeys (ConfUtils.java:logFallback(53)) - raft.grpc.admin.port = 38817 (fallback to raft.grpc.server.port)
2023-03-17 00:26:04,488 INFO  grpc.GrpcConfigKeys (ConfUtils.java:logFallback(53)) - raft.grpc.client.host = null (fallback to raft.grpc.server.host)
2023-03-17 00:26:04,488 INFO  grpc.GrpcConfigKeys (ConfUtils.java:logFallback(53)) - raft.grpc.client.port = 38817 (fallback to raft.grpc.server.port)
2023-03-17 00:26:04,488 INFO  grpc.GrpcConfigKeys (ConfUtils.java:logGet(46)) - raft.grpc.server.host = null (default)
2023-03-17 00:26:04,488 INFO  grpc.GrpcConfigKeys (ConfUtils.java:logGet(46)) - raft.grpc.server.port = 38817 (custom)
2023-03-17 00:26:04,488 INFO  server.GrpcService (ConfUtils.java:logGet(46)) - raft.grpc.message.size.max = 64MB (=67108864) (default)
2023-03-17 00:26:04,488 INFO  server.RaftServerConfigKeys (ConfUtils.java:logGet(46)) - raft.server.log.appender.buffer.byte-limit = 4MB (=4194304) (default)
2023-03-17 00:26:04,488 INFO  server.GrpcService (ConfUtils.java:logGet(46)) - raft.grpc.flow.control.window = 1MB (=1048576) (default)
2023-03-17 00:26:04,488 INFO  server.RaftServerConfigKeys (ConfUtils.java:logGet(46)) - raft.server.rpc.request.timeout = 3000ms (default)
2023-03-17 00:26:04,488 INFO  grpc.GrpcConfigKeys (ConfUtils.java:logGet(46)) - raft.grpc.server.heartbeat.channel = true (default)
2023-03-17 00:26:04,488 INFO  grpc.GrpcConfigKeys (ConfUtils.java:logGet(46)) - raft.grpc.server.async.request.thread.pool.cached = true (default)
2023-03-17 00:26:04,488 INFO  grpc.GrpcConfigKeys (ConfUtils.java:logGet(46)) - raft.grpc.server.async.request.thread.pool.size = 32 (default)
2023-03-17 00:26:04,489 INFO  impl.DataStreamServerImpl (ConfUtils.java:logGet(46)) - raft.datastream.type = DISABLED (default)
2023-03-17 00:26:04,489 INFO  server.RaftServerConfigKeys (ConfUtils.java:logGet(46)) - raft.server.threadpool.proxy.cached = true (default)
2023-03-17 00:26:04,489 INFO  server.RaftServerConfigKeys (ConfUtils.java:logGet(46)) - raft.server.threadpool.proxy.size = 0 (default)
2023-03-17 00:26:04,489 INFO  server.RaftServerConfigKeys (ConfUtils.java:logGet(46)) - raft.server.rpc.slowness.timeout = 60s (default)
2023-03-17 00:26:04,489 INFO  server.RaftServerConfigKeys (ConfUtils.java:logGet(46)) - raft.server.leaderelection.leader.step-down.wait-time = 10s (default)
2023-03-17 00:26:04,489 INFO  server.RaftServerConfigKeys (ConfUtils.java:logGet(46)) - raft.server.storage.dir = [/home/runner/work/ratis/ratis/ratis-examples/target/test/data/9a3b15da/MiniRaftClusterWithGrpc41701fe8/s11] (custom)
2023-03-17 00:26:04,489 INFO  server.RaftServer$Division (RaftServerImpl.java:<init>(198)) - s10: new RaftServerImpl for group-6C92F6220E3D:[] with ArithmeticStateMachine:uninitialized
2023-03-17 00:26:04,490 INFO  server.RaftServerConfigKeys (ConfUtils.java:logGet(46)) - raft.server.rpc.timeout.min = 300ms (custom)
2023-03-17 00:26:04,490 INFO  server.RaftServerConfigKeys (ConfUtils.java:logGet(46)) - raft.server.rpc.timeout.max = 600ms (custom)
2023-03-17 00:26:04,490 INFO  server.RaftServerConfigKeys (ConfUtils.java:logGet(46)) - raft.server.rpc.sleep.time = 25ms (default)
2023-03-17 00:26:04,490 INFO  server.RaftServerConfigKeys (ConfUtils.java:logGet(46)) - raft.server.rpc.slowness.timeout = 60s (default)
2023-03-17 00:26:04,490 INFO  server.RaftServerConfigKeys (ConfUtils.java:logGet(46)) - raft.server.leaderelection.leader.step-down.wait-time = 10s (default)
2023-03-17 00:26:04,490 INFO  server.RaftServerConfigKeys (ConfUtils.java:logGet(46)) - raft.server.sleep.deviation.threshold = 300ms (default)
2023-03-17 00:26:04,490 INFO  server.RaftServer$Division (ServerState.java:<init>(113)) - s10@group-6C92F6220E3D: ConfigurationManager, init=-1: peers:[]|listeners:[], old=null, confs=<EMPTY_MAP>
2023-03-17 00:26:04,490 INFO  server.RaftServerConfigKeys (ConfUtils.java:logGet(46)) - raft.server.notification.no-leader.timeout = 60s (default)
2023-03-17 00:26:04,490 INFO  server.RaftServerConfigKeys (ConfUtils.java:logGet(46)) - raft.server.read.timeout = 10s (default)
2023-03-17 00:26:04,490 INFO  server.RaftServer (RaftServerProxy.java:addNew(99)) - s11: addNew group-6C92F6220E3D:[] returns group-6C92F6220E3D:java.util.concurrent.CompletableFuture@46dc6ac2[Not completed]
2023-03-17 00:26:04,490 INFO  impl.MiniRaftCluster (MiniRaftCluster.java:newRaftServer(382)) - newRaftServer: s12, group-6C92F6220E3D:[], format? true
2023-03-17 00:26:04,490 INFO  server.RaftServer$Division (RaftServerImpl.java:<init>(198)) - s11: new RaftServerImpl for group-6C92F6220E3D:[] with ArithmeticStateMachine:uninitialized
2023-03-17 00:26:04,491 TRACE util.FileUtils (FileUtils.java:deleteFully(201)) - deleteFully target/test/data/9a3b15da/MiniRaftClusterWithGrpc41701fe8/s12
2023-03-17 00:26:04,491 INFO  server.RaftServerConfigKeys (ConfUtils.java:logGet(46)) - raft.server.retrycache.expirytime = 60s (default)
2023-03-17 00:26:04,491 TRACE util.FileUtils (FileUtils.java:deleteFully(217)) - deleteFully: target/test/data/9a3b15da/MiniRaftClusterWithGrpc41701fe8/s12 does not exist.
2023-03-17 00:26:04,491 INFO  impl.MiniRaftCluster (MiniRaftCluster.java:newRaftServer(387)) - Formatted directory target/test/data/9a3b15da/MiniRaftClusterWithGrpc41701fe8/s12
2023-03-17 00:26:04,491 INFO  server.RaftServerConfigKeys (ConfUtils.java:logGet(46)) - raft.server.rpc.timeout.min = 300ms (custom)
2023-03-17 00:26:04,491 INFO  server.RaftServerConfigKeys (ConfUtils.java:logGet(46)) - raft.server.rpc.timeout.max = 600ms (custom)
2023-03-17 00:26:04,491 INFO  server.RaftServerConfigKeys (ConfUtils.java:logGet(46)) - raft.server.rpc.sleep.time = 25ms (default)
2023-03-17 00:26:04,491 INFO  server.RaftServer (ConfUtils.java:logGet(46)) - raft.rpc.type = GRPC (default)
2023-03-17 00:26:04,491 INFO  server.RaftServerConfigKeys (ConfUtils.java:logGet(46)) - raft.server.rpc.slowness.timeout = 60s (default)
2023-03-17 00:26:04,491 INFO  grpc.GrpcConfigKeys (ConfUtils.java:logFallback(53)) - raft.grpc.admin.host = null (fallback to raft.grpc.server.host)
2023-03-17 00:26:04,491 INFO  server.RaftServerConfigKeys (ConfUtils.java:logGet(46)) - raft.server.leaderelection.leader.step-down.wait-time = 10s (default)
2023-03-17 00:26:04,491 INFO  grpc.GrpcConfigKeys (ConfUtils.java:logFallback(53)) - raft.grpc.admin.port = 33813 (fallback to raft.grpc.server.port)
2023-03-17 00:26:04,491 INFO  grpc.GrpcConfigKeys (ConfUtils.java:logFallback(53)) - raft.grpc.client.host = null (fallback to raft.grpc.server.host)
2023-03-17 00:26:04,491 INFO  server.RaftServerConfigKeys (ConfUtils.java:logGet(46)) - raft.server.retrycache.statistics.expirytime = 100μs (default)
2023-03-17 00:26:04,491 INFO  server.RaftServerConfigKeys (ConfUtils.java:logGet(46)) - raft.server.sleep.deviation.threshold = 300ms (default)
2023-03-17 00:26:04,491 INFO  grpc.GrpcConfigKeys (ConfUtils.java:logFallback(53)) - raft.grpc.client.port = 33813 (fallback to raft.grpc.server.port)
2023-03-17 00:26:04,492 INFO  grpc.GrpcConfigKeys (ConfUtils.java:logGet(46)) - raft.grpc.server.host = null (default)
2023-03-17 00:26:04,492 INFO  grpc.GrpcConfigKeys (ConfUtils.java:logGet(46)) - raft.grpc.server.port = 33813 (custom)
2023-03-17 00:26:04,492 INFO  server.GrpcService (ConfUtils.java:logGet(46)) - raft.grpc.message.size.max = 64MB (=67108864) (default)
2023-03-17 00:26:04,492 INFO  server.RaftServerConfigKeys (ConfUtils.java:logGet(46)) - raft.server.log.appender.buffer.byte-limit = 4MB (=4194304) (default)
2023-03-17 00:26:04,492 INFO  server.GrpcService (ConfUtils.java:logGet(46)) - raft.grpc.flow.control.window = 1MB (=1048576) (default)
2023-03-17 00:26:04,492 INFO  server.RaftServerConfigKeys (ConfUtils.java:logGet(46)) - raft.server.rpc.request.timeout = 3000ms (default)
2023-03-17 00:26:04,492 INFO  grpc.GrpcConfigKeys (ConfUtils.java:logGet(46)) - raft.grpc.server.heartbeat.channel = true (default)
2023-03-17 00:26:04,492 INFO  grpc.GrpcConfigKeys (ConfUtils.java:logGet(46)) - raft.grpc.server.async.request.thread.pool.cached = true (default)
2023-03-17 00:26:04,492 INFO  grpc.GrpcConfigKeys (ConfUtils.java:logGet(46)) - raft.grpc.server.async.request.thread.pool.size = 32 (default)
2023-03-17 00:26:04,491 INFO  server.RaftServerConfigKeys (ConfUtils.java:logGet(46)) - raft.server.read.option = DEFAULT (default)
2023-03-17 00:26:04,493 INFO  impl.DataStreamServerImpl (ConfUtils.java:logGet(46)) - raft.datastream.type = DISABLED (default)
2023-03-17 00:26:04,493 INFO  server.RaftServerConfigKeys (ConfUtils.java:logGet(46)) - raft.server.threadpool.proxy.cached = true (default)
2023-03-17 00:26:04,493 INFO  server.RaftServerConfigKeys (ConfUtils.java:logGet(46)) - raft.server.threadpool.proxy.size = 0 (default)
2023-03-17 00:26:04,493 INFO  server.RaftServerConfigKeys (ConfUtils.java:logGet(46)) - raft.server.rpc.slowness.timeout = 60s (default)
2023-03-17 00:26:04,493 INFO  server.RaftServerConfigKeys (ConfUtils.java:logGet(46)) - raft.server.leaderelection.leader.step-down.wait-time = 10s (default)
2023-03-17 00:26:04,493 INFO  server.RaftServerConfigKeys (ConfUtils.java:logGet(46)) - raft.server.log.appender.install.snapshot.enabled = true (default)
2023-03-17 00:26:04,493 INFO  server.RaftServerConfigKeys (ConfUtils.java:logGet(46)) - raft.server.storage.dir = [/home/runner/work/ratis/ratis/ratis-examples/target/test/data/9a3b15da/MiniRaftClusterWithGrpc41701fe8/s12] (custom)
2023-03-17 00:26:04,493 INFO  server.RaftServer$Division (ServerState.java:<init>(113)) - s11@group-6C92F6220E3D: ConfigurationManager, init=-1: peers:[]|listeners:[], old=null, confs=<EMPTY_MAP>
2023-03-17 00:26:04,493 INFO  server.RaftServerConfigKeys (ConfUtils.java:logGet(46)) - raft.server.notification.no-leader.timeout = 60s (default)
2023-03-17 00:26:04,493 INFO  server.RaftServerConfigKeys (ConfUtils.java:logGet(46)) - raft.server.read.timeout = 10s (default)
2023-03-17 00:26:04,493 INFO  server.RaftServerConfigKeys (ConfUtils.java:logGet(46)) - raft.server.retrycache.expirytime = 60s (default)
2023-03-17 00:26:04,493 INFO  server.RaftServerConfigKeys (ConfUtils.java:logGet(46)) - raft.server.retrycache.statistics.expirytime = 100μs (default)
2023-03-17 00:26:04,493 INFO  server.RaftServerConfigKeys (ConfUtils.java:logGet(46)) - raft.server.threadpool.server.cached = true (default)
2023-03-17 00:26:04,494 INFO  server.RaftServerConfigKeys (ConfUtils.java:logGet(46)) - raft.server.threadpool.server.size = 0 (default)
2023-03-17 00:26:04,495 INFO  server.RaftServerConfigKeys (ConfUtils.java:logGet(46)) - raft.server.read.option = DEFAULT (default)
2023-03-17 00:26:04,495 INFO  server.RaftServerConfigKeys (ConfUtils.java:logGet(46)) - raft.server.threadpool.client.cached = true (default)
2023-03-17 00:26:04,495 INFO  server.RaftServerConfigKeys (ConfUtils.java:logGet(46)) - raft.server.threadpool.client.size = 0 (default)
2023-03-17 00:26:04,502 INFO  server.RaftServerConfigKeys (ConfUtils.java:logGet(46)) - raft.server.log.appender.install.snapshot.enabled = true (default)
2023-03-17 00:26:04,503 INFO  server.RaftServerConfigKeys (ConfUtils.java:logGet(46)) - raft.server.threadpool.server.cached = true (default)
2023-03-17 00:26:04,503 INFO  server.RaftServerConfigKeys (ConfUtils.java:logGet(46)) - raft.server.threadpool.server.size = 0 (default)
2023-03-17 00:26:04,503 INFO  server.RaftServerConfigKeys (ConfUtils.java:logGet(46)) - raft.server.threadpool.client.cached = true (default)
2023-03-17 00:26:04,503 INFO  server.RaftServerConfigKeys (ConfUtils.java:logGet(46)) - raft.server.threadpool.client.size = 0 (default)
2023-03-17 00:26:04,503 INFO  server.RaftServer (RaftServerProxy.java:addNew(99)) - s12: addNew group-6C92F6220E3D:[] returns group-6C92F6220E3D:java.util.concurrent.CompletableFuture@1573665b[Not completed]
2023-03-17 00:26:04,503 INFO  impl.MiniRaftCluster (MiniRaftCluster.java:newRaftServer(382)) - newRaftServer: s13, group-6C92F6220E3D:[], format? true
2023-03-17 00:26:04,503 TRACE util.FileUtils (FileUtils.java:deleteFully(201)) - deleteFully target/test/data/9a3b15da/MiniRaftClusterWithGrpc41701fe8/s13
2023-03-17 00:26:04,503 TRACE util.FileUtils (FileUtils.java:deleteFully(217)) - deleteFully: target/test/data/9a3b15da/MiniRaftClusterWithGrpc41701fe8/s13 does not exist.
2023-03-17 00:26:04,503 INFO  impl.MiniRaftCluster (MiniRaftCluster.java:newRaftServer(387)) - Formatted directory target/test/data/9a3b15da/MiniRaftClusterWithGrpc41701fe8/s13
2023-03-17 00:26:04,503 INFO  server.RaftServer (ConfUtils.java:logGet(46)) - raft.rpc.type = GRPC (default)
2023-03-17 00:26:04,503 INFO  grpc.GrpcConfigKeys (ConfUtils.java:logFallback(53)) - raft.grpc.admin.host = null (fallback to raft.grpc.server.host)
2023-03-17 00:26:04,504 INFO  grpc.GrpcConfigKeys (ConfUtils.java:logFallback(53)) - raft.grpc.admin.port = 43293 (fallback to raft.grpc.server.port)
2023-03-17 00:26:04,504 INFO  grpc.GrpcConfigKeys (ConfUtils.java:logFallback(53)) - raft.grpc.client.host = null (fallback to raft.grpc.server.host)
2023-03-17 00:26:04,504 INFO  grpc.GrpcConfigKeys (ConfUtils.java:logFallback(53)) - raft.grpc.client.port = 43293 (fallback to raft.grpc.server.port)
2023-03-17 00:26:04,504 INFO  grpc.GrpcConfigKeys (ConfUtils.java:logGet(46)) - raft.grpc.server.host = null (default)
2023-03-17 00:26:04,504 INFO  grpc.GrpcConfigKeys (ConfUtils.java:logGet(46)) - raft.grpc.server.port = 43293 (custom)
2023-03-17 00:26:04,504 INFO  server.GrpcService (ConfUtils.java:logGet(46)) - raft.grpc.message.size.max = 64MB (=67108864) (default)
2023-03-17 00:26:04,504 INFO  server.RaftServerConfigKeys (ConfUtils.java:logGet(46)) - raft.server.log.appender.buffer.byte-limit = 4MB (=4194304) (default)
2023-03-17 00:26:04,504 INFO  server.GrpcService (ConfUtils.java:logGet(46)) - raft.grpc.flow.control.window = 1MB (=1048576) (default)
2023-03-17 00:26:04,504 INFO  server.RaftServerConfigKeys (ConfUtils.java:logGet(46)) - raft.server.rpc.request.timeout = 3000ms (default)
2023-03-17 00:26:04,504 INFO  grpc.GrpcConfigKeys (ConfUtils.java:logGet(46)) - raft.grpc.server.heartbeat.channel = true (default)
2023-03-17 00:26:04,504 INFO  grpc.GrpcConfigKeys (ConfUtils.java:logGet(46)) - raft.grpc.server.async.request.thread.pool.cached = true (default)
2023-03-17 00:26:04,504 INFO  grpc.GrpcConfigKeys (ConfUtils.java:logGet(46)) - raft.grpc.server.async.request.thread.pool.size = 32 (default)
2023-03-17 00:26:04,505 INFO  impl.DataStreamServerImpl (ConfUtils.java:logGet(46)) - raft.datastream.type = DISABLED (default)
2023-03-17 00:26:04,505 INFO  server.RaftServerConfigKeys (ConfUtils.java:logGet(46)) - raft.server.threadpool.proxy.cached = true (default)
2023-03-17 00:26:04,505 INFO  server.RaftServerConfigKeys (ConfUtils.java:logGet(46)) - raft.server.threadpool.proxy.size = 0 (default)
2023-03-17 00:26:04,505 INFO  server.RaftServerConfigKeys (ConfUtils.java:logGet(46)) - raft.server.rpc.slowness.timeout = 60s (default)
2023-03-17 00:26:04,505 INFO  server.RaftServerConfigKeys (ConfUtils.java:logGet(46)) - raft.server.leaderelection.leader.step-down.wait-time = 10s (default)
2023-03-17 00:26:04,505 INFO  server.RaftServerConfigKeys (ConfUtils.java:logGet(46)) - raft.server.storage.dir = [/home/runner/work/ratis/ratis/ratis-examples/target/test/data/9a3b15da/MiniRaftClusterWithGrpc41701fe8/s13] (custom)
2023-03-17 00:26:04,507 INFO  server.RaftServer$Division (RaftServerImpl.java:<init>(198)) - s12: new RaftServerImpl for group-6C92F6220E3D:[] with ArithmeticStateMachine:uninitialized
2023-03-17 00:26:04,508 INFO  server.RaftServerConfigKeys (ConfUtils.java:logGet(46)) - raft.server.rpc.timeout.min = 300ms (custom)
2023-03-17 00:26:04,508 INFO  server.RaftServerConfigKeys (ConfUtils.java:logGet(46)) - raft.server.rpc.timeout.max = 600ms (custom)
2023-03-17 00:26:04,508 INFO  server.RaftServerConfigKeys (ConfUtils.java:logGet(46)) - raft.server.rpc.sleep.time = 25ms (default)
2023-03-17 00:26:04,508 INFO  server.RaftServerConfigKeys (ConfUtils.java:logGet(46)) - raft.server.rpc.slowness.timeout = 60s (default)
2023-03-17 00:26:04,508 INFO  server.RaftServerConfigKeys (ConfUtils.java:logGet(46)) - raft.server.leaderelection.leader.step-down.wait-time = 10s (default)
2023-03-17 00:26:04,508 INFO  server.RaftServerConfigKeys (ConfUtils.java:logGet(46)) - raft.server.sleep.deviation.threshold = 300ms (default)
2023-03-17 00:26:04,508 INFO  server.RaftServer$Division (ServerState.java:<init>(113)) - s12@group-6C92F6220E3D: ConfigurationManager, init=-1: peers:[]|listeners:[], old=null, confs=<EMPTY_MAP>
2023-03-17 00:26:04,508 INFO  server.RaftServerConfigKeys (ConfUtils.java:logGet(46)) - raft.server.notification.no-leader.timeout = 60s (default)
2023-03-17 00:26:04,508 INFO  server.RaftServerConfigKeys (ConfUtils.java:logGet(46)) - raft.server.read.timeout = 10s (default)
2023-03-17 00:26:04,508 INFO  server.RaftServerConfigKeys (ConfUtils.java:logGet(46)) - raft.server.retrycache.expirytime = 60s (default)
2023-03-17 00:26:04,508 INFO  server.RaftServerConfigKeys (ConfUtils.java:logGet(46)) - raft.server.retrycache.statistics.expirytime = 100μs (default)
2023-03-17 00:26:04,508 INFO  server.RaftServerConfigKeys (ConfUtils.java:logGet(46)) - raft.server.read.option = DEFAULT (default)
2023-03-17 00:26:04,509 INFO  server.RaftServerConfigKeys (ConfUtils.java:logGet(46)) - raft.server.log.appender.install.snapshot.enabled = true (default)
2023-03-17 00:26:04,509 INFO  server.RaftServerConfigKeys (ConfUtils.java:logGet(46)) - raft.server.threadpool.server.cached = true (default)
2023-03-17 00:26:04,509 INFO  server.RaftServerConfigKeys (ConfUtils.java:logGet(46)) - raft.server.threadpool.server.size = 0 (default)
2023-03-17 00:26:04,509 INFO  server.RaftServerConfigKeys (ConfUtils.java:logGet(46)) - raft.server.threadpool.client.cached = true (default)
2023-03-17 00:26:04,510 INFO  server.RaftServerConfigKeys (ConfUtils.java:logGet(46)) - raft.server.threadpool.client.size = 0 (default)
2023-03-17 00:26:04,510 INFO  server.RaftServer (RaftServerProxy.java:addNew(99)) - s13: addNew group-6C92F6220E3D:[] returns group-6C92F6220E3D:java.util.concurrent.CompletableFuture@499908fb[Not completed]
2023-03-17 00:26:04,510 INFO  impl.MiniRaftCluster (MiniRaftCluster.java:newRaftServer(382)) - newRaftServer: s14, group-6C92F6220E3D:[], format? true
2023-03-17 00:26:04,510 TRACE util.FileUtils (FileUtils.java:deleteFully(201)) - deleteFully target/test/data/9a3b15da/MiniRaftClusterWithGrpc41701fe8/s14
2023-03-17 00:26:04,510 TRACE util.FileUtils (FileUtils.java:deleteFully(217)) - deleteFully: target/test/data/9a3b15da/MiniRaftClusterWithGrpc41701fe8/s14 does not exist.
2023-03-17 00:26:04,510 INFO  impl.MiniRaftCluster (MiniRaftCluster.java:newRaftServer(387)) - Formatted directory target/test/data/9a3b15da/MiniRaftClusterWithGrpc41701fe8/s14
2023-03-17 00:26:04,510 INFO  server.RaftServer (ConfUtils.java:logGet(46)) - raft.rpc.type = GRPC (default)
2023-03-17 00:26:04,510 INFO  grpc.GrpcConfigKeys (ConfUtils.java:logFallback(53)) - raft.grpc.admin.host = null (fallback to raft.grpc.server.host)
2023-03-17 00:26:04,510 INFO  grpc.GrpcConfigKeys (ConfUtils.java:logFallback(53)) - raft.grpc.admin.port = 40573 (fallback to raft.grpc.server.port)
2023-03-17 00:26:04,510 INFO  grpc.GrpcConfigKeys (ConfUtils.java:logFallback(53)) - raft.grpc.client.host = null (fallback to raft.grpc.server.host)
2023-03-17 00:26:04,510 INFO  grpc.GrpcConfigKeys (ConfUtils.java:logFallback(53)) - raft.grpc.client.port = 40573 (fallback to raft.grpc.server.port)
2023-03-17 00:26:04,510 INFO  grpc.GrpcConfigKeys (ConfUtils.java:logGet(46)) - raft.grpc.server.host = null (default)
2023-03-17 00:26:04,510 INFO  grpc.GrpcConfigKeys (ConfUtils.java:logGet(46)) - raft.grpc.server.port = 40573 (custom)
2023-03-17 00:26:04,510 INFO  server.GrpcService (ConfUtils.java:logGet(46)) - raft.grpc.message.size.max = 64MB (=67108864) (default)
2023-03-17 00:26:04,511 INFO  server.RaftServerConfigKeys (ConfUtils.java:logGet(46)) - raft.server.log.appender.buffer.byte-limit = 4MB (=4194304) (default)
2023-03-17 00:26:04,511 INFO  server.GrpcService (ConfUtils.java:logGet(46)) - raft.grpc.flow.control.window = 1MB (=1048576) (default)
2023-03-17 00:26:04,511 INFO  server.RaftServerConfigKeys (ConfUtils.java:logGet(46)) - raft.server.rpc.request.timeout = 3000ms (default)
2023-03-17 00:26:04,511 INFO  grpc.GrpcConfigKeys (ConfUtils.java:logGet(46)) - raft.grpc.server.heartbeat.channel = true (default)
2023-03-17 00:26:04,511 INFO  grpc.GrpcConfigKeys (ConfUtils.java:logGet(46)) - raft.grpc.server.async.request.thread.pool.cached = true (default)
2023-03-17 00:26:04,511 INFO  grpc.GrpcConfigKeys (ConfUtils.java:logGet(46)) - raft.grpc.server.async.request.thread.pool.size = 32 (default)
2023-03-17 00:26:04,511 INFO  impl.DataStreamServerImpl (ConfUtils.java:logGet(46)) - raft.datastream.type = DISABLED (default)
2023-03-17 00:26:04,511 INFO  server.RaftServerConfigKeys (ConfUtils.java:logGet(46)) - raft.server.threadpool.proxy.cached = true (default)
2023-03-17 00:26:04,511 INFO  server.RaftServerConfigKeys (ConfUtils.java:logGet(46)) - raft.server.threadpool.proxy.size = 0 (default)
2023-03-17 00:26:04,511 INFO  server.RaftServerConfigKeys (ConfUtils.java:logGet(46)) - raft.server.rpc.slowness.timeout = 60s (default)
2023-03-17 00:26:04,511 INFO  server.RaftServerConfigKeys (ConfUtils.java:logGet(46)) - raft.server.leaderelection.leader.step-down.wait-time = 10s (default)
2023-03-17 00:26:04,512 INFO  server.RaftServerConfigKeys (ConfUtils.java:logGet(46)) - raft.server.storage.dir = [/home/runner/work/ratis/ratis/ratis-examples/target/test/data/9a3b15da/MiniRaftClusterWithGrpc41701fe8/s14] (custom)
2023-03-17 00:26:04,512 INFO  server.RaftServer$Division (RaftServerImpl.java:<init>(198)) - s13: new RaftServerImpl for group-6C92F6220E3D:[] with ArithmeticStateMachine:uninitialized
2023-03-17 00:26:04,512 INFO  server.RaftServerConfigKeys (ConfUtils.java:logGet(46)) - raft.server.rpc.timeout.min = 300ms (custom)
2023-03-17 00:26:04,512 INFO  server.RaftServerConfigKeys (ConfUtils.java:logGet(46)) - raft.server.rpc.timeout.max = 600ms (custom)
2023-03-17 00:26:04,512 INFO  server.RaftServerConfigKeys (ConfUtils.java:logGet(46)) - raft.server.rpc.sleep.time = 25ms (default)
2023-03-17 00:26:04,512 INFO  server.RaftServerConfigKeys (ConfUtils.java:logGet(46)) - raft.server.rpc.slowness.timeout = 60s (default)
2023-03-17 00:26:04,512 INFO  server.RaftServerConfigKeys (ConfUtils.java:logGet(46)) - raft.server.leaderelection.leader.step-down.wait-time = 10s (default)
2023-03-17 00:26:04,512 INFO  server.RaftServerConfigKeys (ConfUtils.java:logGet(46)) - raft.server.sleep.deviation.threshold = 300ms (default)
2023-03-17 00:26:04,513 INFO  server.RaftServer (RaftServerProxy.java:addNew(99)) - s14: addNew group-6C92F6220E3D:[] returns group-6C92F6220E3D:java.util.concurrent.CompletableFuture@360764dc[Not completed]
2023-03-17 00:26:04,514 INFO  impl.GroupManagementBaseTest (GroupManagementBaseTest.java:runMultiGroupTest(260)) - putNewServer: printing ALL groups
  s3:      NEW      null s3@group-6C92F6220E3D:t0, leader=null, voted=null, raftlog=UNINITIALIZED, conf=-1: peers:[]|listeners:[], old=null NEW
  s4:      NEW      null s4@group-6C92F6220E3D:t0, leader=null, voted=null, raftlog=UNINITIALIZED, conf=-1: peers:[]|listeners:[], old=null NEW
  s5:      NEW      null s5@group-6C92F6220E3D:t0, leader=null, voted=null, raftlog=UNINITIALIZED, conf=-1: peers:[]|listeners:[], old=null NEW
  s6:      NEW      null s6@group-6C92F6220E3D:t0, leader=null, voted=null, raftlog=UNINITIALIZED, conf=-1: peers:[]|listeners:[], old=null NEW
  s7:      NEW      null s7@group-6C92F6220E3D:t0, leader=null, voted=null, raftlog=UNINITIALIZED, conf=-1: peers:[]|listeners:[], old=null NEW
  s8:      NEW      null s8@group-6C92F6220E3D:t0, leader=null, voted=null, raftlog=UNINITIALIZED, conf=-1: peers:[]|listeners:[], old=null NEW
  s9:      NEW      null s9@group-6C92F6220E3D:t0, leader=null, voted=null, raftlog=UNINITIALIZED, conf=-1: peers:[]|listeners:[], old=null NEW
  s11:      NEW      null s11@group-6C92F6220E3D:t0, leader=null, voted=null, raftlog=UNINITIALIZED, conf=-1: peers:[]|listeners:[], old=null NEW
  s10:      NEW      null s10@group-6C92F6220E3D:t0, leader=null, voted=null, raftlog=UNINITIALIZED, conf=-1: peers:[]|listeners:[], old=null NEW
  s13:      NEW group-6C92F6220E3D:java.util.concurrent.CompletableFuture@499908fb[Not completed]
  s12:      NEW      null s12@group-6C92F6220E3D:t0, leader=null, voted=null, raftlog=UNINITIALIZED, conf=-1: peers:[]|listeners:[], old=null NEW
  s14:      NEW group-6C92F6220E3D:java.util.concurrent.CompletableFuture@360764dc[Not completed]
  s0:      NEW      null s0@group-6C92F6220E3D:t0, leader=null, voted=null, raftlog=UNINITIALIZED, conf=-1: peers:[]|listeners:[], old=null NEW
  s1:      NEW      null s1@group-6C92F6220E3D:t0, leader=null, voted=null, raftlog=UNINITIALIZED, conf=-1: peers:[]|listeners:[], old=null NEW
  s2:      NEW      null s2@group-6C92F6220E3D:t0, leader=null, voted=null, raftlog=UNINITIALIZED, conf=-1: peers:[]|listeners:[], old=null NEW
2023-03-17 00:26:04,514 INFO  server.RaftServer$Division (RaftServerImpl.java:<init>(198)) - s14: new RaftServerImpl for group-6C92F6220E3D:[] with ArithmeticStateMachine:uninitialized
2023-03-17 00:26:04,514 INFO  server.RaftServerConfigKeys (ConfUtils.java:logGet(46)) - raft.server.rpc.timeout.min = 300ms (custom)
2023-03-17 00:26:04,514 INFO  server.RaftServerConfigKeys (ConfUtils.java:logGet(46)) - raft.server.rpc.timeout.max = 600ms (custom)
2023-03-17 00:26:04,514 INFO  server.RaftServerConfigKeys (ConfUtils.java:logGet(46)) - raft.server.rpc.sleep.time = 25ms (default)
2023-03-17 00:26:04,514 INFO  server.RaftServerConfigKeys (ConfUtils.java:logGet(46)) - raft.server.rpc.slowness.timeout = 60s (default)
2023-03-17 00:26:04,514 INFO  server.RaftServerConfigKeys (ConfUtils.java:logGet(46)) - raft.server.leaderelection.leader.step-down.wait-time = 10s (default)
2023-03-17 00:26:04,514 INFO  server.RaftServerConfigKeys (ConfUtils.java:logGet(46)) - raft.server.sleep.deviation.threshold = 300ms (default)
2023-03-17 00:26:04,514 INFO  server.RaftServer$Division (ServerState.java:<init>(113)) - s14@group-6C92F6220E3D: ConfigurationManager, init=-1: peers:[]|listeners:[], old=null, confs=<EMPTY_MAP>
2023-03-17 00:26:04,514 INFO  server.RaftServerConfigKeys (ConfUtils.java:logGet(46)) - raft.server.notification.no-leader.timeout = 60s (default)
2023-03-17 00:26:04,514 INFO  server.RaftServerConfigKeys (ConfUtils.java:logGet(46)) - raft.server.read.timeout = 10s (default)
2023-03-17 00:26:04,514 INFO  server.RaftServerConfigKeys (ConfUtils.java:logGet(46)) - raft.server.retrycache.expirytime = 60s (default)
2023-03-17 00:26:04,515 INFO  server.RaftServerConfigKeys (ConfUtils.java:logGet(46)) - raft.server.retrycache.statistics.expirytime = 100μs (default)
2023-03-17 00:26:04,515 INFO  server.RaftServerConfigKeys (ConfUtils.java:logGet(46)) - raft.server.read.option = DEFAULT (default)
2023-03-17 00:26:04,518 INFO  server.RaftServer$Division (ServerState.java:<init>(113)) - s13@group-6C92F6220E3D: ConfigurationManager, init=-1: peers:[]|listeners:[], old=null, confs=<EMPTY_MAP>
2023-03-17 00:26:04,518 INFO  server.RaftServerConfigKeys (ConfUtils.java:logGet(46)) - raft.server.notification.no-leader.timeout = 60s (default)
2023-03-17 00:26:04,518 INFO  server.RaftServerConfigKeys (ConfUtils.java:logGet(46)) - raft.server.read.timeout = 10s (default)
2023-03-17 00:26:04,518 INFO  server.RaftServerConfigKeys (ConfUtils.java:logGet(46)) - raft.server.retrycache.expirytime = 60s (default)
2023-03-17 00:26:04,518 INFO  server.RaftServerConfigKeys (ConfUtils.java:logGet(46)) - raft.server.retrycache.statistics.expirytime = 100μs (default)
2023-03-17 00:26:04,518 INFO  server.RaftServerConfigKeys (ConfUtils.java:logGet(46)) - raft.server.read.option = DEFAULT (default)
2023-03-17 00:26:04,518 INFO  server.RaftServerConfigKeys (ConfUtils.java:logGet(46)) - raft.server.log.appender.install.snapshot.enabled = true (default)
2023-03-17 00:26:04,518 INFO  server.RaftServerConfigKeys (ConfUtils.java:logGet(46)) - raft.server.threadpool.server.cached = true (default)
2023-03-17 00:26:04,518 INFO  server.RaftServerConfigKeys (ConfUtils.java:logGet(46)) - raft.server.threadpool.server.size = 0 (default)
2023-03-17 00:26:04,519 INFO  server.RaftServerConfigKeys (ConfUtils.java:logGet(46)) - raft.server.threadpool.client.cached = true (default)
2023-03-17 00:26:04,519 INFO  server.RaftServerConfigKeys (ConfUtils.java:logGet(46)) - raft.server.threadpool.client.size = 0 (default)
2023-03-17 00:26:04,519 INFO  server.RaftServerConfigKeys (ConfUtils.java:logGet(46)) - raft.server.log.appender.install.snapshot.enabled = true (default)
2023-03-17 00:26:04,519 INFO  server.RaftServerConfigKeys (ConfUtils.java:logGet(46)) - raft.server.threadpool.server.cached = true (default)
2023-03-17 00:26:04,519 INFO  server.RaftServerConfigKeys (ConfUtils.java:logGet(46)) - raft.server.threadpool.server.size = 0 (default)
2023-03-17 00:26:04,519 INFO  server.RaftServerConfigKeys (ConfUtils.java:logGet(46)) - raft.server.threadpool.client.cached = true (default)
2023-03-17 00:26:04,519 INFO  server.RaftServerConfigKeys (ConfUtils.java:logGet(46)) - raft.server.threadpool.client.size = 0 (default)
2023-03-17 00:26:05,514 INFO  impl.MiniRaftCluster (MiniRaftCluster.java:start(339)) - .............................................................. 
2023-03-17 00:26:05,514 INFO  impl.MiniRaftCluster (MiniRaftCluster.java:start(340)) - ... 
2023-03-17 00:26:05,514 INFO  impl.MiniRaftCluster (MiniRaftCluster.java:start(341)) - ...     Starting MiniRaftClusterWithGrpc
2023-03-17 00:26:05,514 INFO  impl.MiniRaftCluster (MiniRaftCluster.java:start(342)) - ... 
2023-03-17 00:26:05,514 INFO  impl.MiniRaftCluster (MiniRaftCluster.java:start(343)) - .............................................................. 
2023-03-17 00:26:05,515 INFO  impl.MiniRaftCluster (MiniRaftCluster.java:initServers(318)) - servers = {s3=s3:      NEW      null s3@group-6C92F6220E3D:t0, leader=null, voted=null, raftlog=UNINITIALIZED, conf=-1: peers:[]|listeners:[], old=null NEW, s4=s4:      NEW      null s4@group-6C92F6220E3D:t0, leader=null, voted=null, raftlog=UNINITIALIZED, conf=-1: peers:[]|listeners:[], old=null NEW, s5=s5:      NEW      null s5@group-6C92F6220E3D:t0, leader=null, voted=null, raftlog=UNINITIALIZED, conf=-1: peers:[]|listeners:[], old=null NEW, s6=s6:      NEW      null s6@group-6C92F6220E3D:t0, leader=null, voted=null, raftlog=UNINITIALIZED, conf=-1: peers:[]|listeners:[], old=null NEW, s7=s7:      NEW      null s7@group-6C92F6220E3D:t0, leader=null, voted=null, raftlog=UNINITIALIZED, conf=-1: peers:[]|listeners:[], old=null NEW, s8=s8:      NEW      null s8@group-6C92F6220E3D:t0, leader=null, voted=null, raftlog=UNINITIALIZED, conf=-1: peers:[]|listeners:[], old=null NEW, s9=s9:      NEW      null s9@group-6C92F6220E3D:t0, leader=null, voted=null, raftlog=UNINITIALIZED, conf=-1: peers:[]|listeners:[], old=null NEW, s11=s11:      NEW      null s11@group-6C92F6220E3D:t0, leader=null, voted=null, raftlog=UNINITIALIZED, conf=-1: peers:[]|listeners:[], old=null NEW, s10=s10:      NEW      null s10@group-6C92F6220E3D:t0, leader=null, voted=null, raftlog=UNINITIALIZED, conf=-1: peers:[]|listeners:[], old=null NEW, s13=s13:      NEW      null s13@group-6C92F6220E3D:t0, leader=null, voted=null, raftlog=UNINITIALIZED, conf=-1: peers:[]|listeners:[], old=null NEW, s12=s12:      NEW      null s12@group-6C92F6220E3D:t0, leader=null, voted=null, raftlog=UNINITIALIZED, conf=-1: peers:[]|listeners:[], old=null NEW, s14=s14:      NEW      null s14@group-6C92F6220E3D:t0, leader=null, voted=null, raftlog=UNINITIALIZED, conf=-1: peers:[]|listeners:[], old=null NEW, s0=s0:      NEW      null s0@group-6C92F6220E3D:t0, leader=null, voted=null, raftlog=UNINITIALIZED, conf=-1: peers:[]|listeners:[], old=null NEW, s1=s1:      NEW      null s1@group-6C92F6220E3D:t0, leader=null, voted=null, raftlog=UNINITIALIZED, conf=-1: peers:[]|listeners:[], old=null NEW, s2=s2:      NEW      null s2@group-6C92F6220E3D:t0, leader=null, voted=null, raftlog=UNINITIALIZED, conf=-1: peers:[]|listeners:[], old=null NEW}
2023-03-17 00:26:05,515 INFO  server.RaftServerConfigKeys (ConfUtils.java:logGet(46)) - raft.server.storage.free-space.min = 0MB (=0) (default)
2023-03-17 00:26:05,515 INFO  server.RaftServerConfigKeys (ConfUtils.java:logGet(46)) - raft.server.log.corruption.policy = EXCEPTION (default)
2023-03-17 00:26:05,516 INFO  server.RaftServerConfigKeys (ConfUtils.java:logGet(46)) - raft.server.storage.dir = [/home/runner/work/ratis/ratis/ratis-examples/target/test/data/9a3b15da/MiniRaftClusterWithGrpc41701fe8/s3] (custom)
2023-03-17 00:26:05,516 INFO  storage.RaftStorageDirectory (RaftStorageDirectoryImpl.java:analyzeStorage(138)) - The storage directory /home/runner/work/ratis/ratis/ratis-examples/target/test/data/9a3b15da/MiniRaftClusterWithGrpc41701fe8/s3/0d694240-e337-45d8-ab03-6c92f6220e3d does not exist. Creating ...
2023-03-17 00:26:05,516 TRACE util.FileUtils (LogUtils.java:runAndLog(49)) - Successfully ran Files.createDirectories /home/runner/work/ratis/ratis/ratis-examples/target/test/data/9a3b15da/MiniRaftClusterWithGrpc41701fe8/s3/0d694240-e337-45d8-ab03-6c92f6220e3d
2023-03-17 00:26:05,519 INFO  storage.RaftStorageDirectory (RaftStorageDirectoryImpl.java:tryLock(232)) - Lock on /home/runner/work/ratis/ratis/ratis-examples/target/test/data/9a3b15da/MiniRaftClusterWithGrpc41701fe8/s3/0d694240-e337-45d8-ab03-6c92f6220e3d/in_use.lock acquired by nodename 17092@fv-az451-845
2023-03-17 00:26:05,519 TRACE util.FileUtils (LogUtils.java:runAndLog(49)) - Successfully ran Files.createDirectories /home/runner/work/ratis/ratis/ratis-examples/target/test/data/9a3b15da/MiniRaftClusterWithGrpc41701fe8/s3/0d694240-e337-45d8-ab03-6c92f6220e3d/current
2023-03-17 00:26:05,519 TRACE util.FileUtils (LogUtils.java:runAndLog(49)) - Successfully ran Files.createDirectories /home/runner/work/ratis/ratis/ratis-examples/target/test/data/9a3b15da/MiniRaftClusterWithGrpc41701fe8/s3/0d694240-e337-45d8-ab03-6c92f6220e3d/sm
2023-03-17 00:26:05,520 INFO  storage.RaftStorage (RaftStorageImpl.java:format(96)) - Storage directory /home/runner/work/ratis/ratis/ratis-examples/target/test/data/9a3b15da/MiniRaftClusterWithGrpc41701fe8/s3/0d694240-e337-45d8-ab03-6c92f6220e3d has been successfully formatted.
2023-03-17 00:26:05,521 WARN  statemachine.StateMachine (ArithmeticStateMachine.java:loadSnapshot(116)) - The snapshot info is null.
2023-03-17 00:26:05,521 INFO  server.RaftServerConfigKeys (ConfUtils.java:logGet(46)) - raft.server.log.use.memory = false (default)
2023-03-17 00:26:05,521 INFO  server.RaftServerConfigKeys (ConfUtils.java:logGet(46)) - raft.server.log.purge.gap = 1024 (default)
2023-03-17 00:26:05,521 INFO  server.RaftServerConfigKeys (ConfUtils.java:logGet(46)) - raft.server.log.appender.buffer.byte-limit = 4MB (=4194304) (default)
2023-03-17 00:26:05,521 INFO  server.RaftServerConfigKeys (ConfUtils.java:logGet(46)) - raft.server.log.statemachine.data.read.timeout = 1000ms (default)
2023-03-17 00:26:05,521 INFO  server.RaftServerConfigKeys (ConfUtils.java:logGet(46)) - raft.server.log.purge.preservation.log.num = 0 (default)
2023-03-17 00:26:05,521 INFO  server.RaftServerConfigKeys (ConfUtils.java:logGet(46)) - raft.server.log.segment.size.max = 8MB (=8388608) (default)
2023-03-17 00:26:05,523 INFO  server.RaftServerConfigKeys (ConfUtils.java:logGet(46)) - raft.server.log.segment.cache.num.max = 6 (default)
2023-03-17 00:26:05,524 INFO  server.RaftServerConfigKeys (ConfUtils.java:logGet(46)) - raft.server.log.segment.cache.size.max = 200MB (=209715200) (default)
2023-03-17 00:26:05,524 INFO  server.RaftServerConfigKeys (ConfUtils.java:logGet(46)) - raft.server.log.appender.buffer.byte-limit = 4MB (=4194304) (default)
2023-03-17 00:26:05,524 INFO  segmented.SegmentedRaftLogWorker (SegmentedRaftLogWorker.java:<init>(183)) - new s3@group-6C92F6220E3D-SegmentedRaftLogWorker for RaftStorageImpl:Storage Directory /home/runner/work/ratis/ratis/ratis-examples/target/test/data/9a3b15da/MiniRaftClusterWithGrpc41701fe8/s3/0d694240-e337-45d8-ab03-6c92f6220e3d
2023-03-17 00:26:05,524 INFO  server.RaftServerConfigKeys (ConfUtils.java:logGet(46)) - raft.server.log.queue.byte-limit = 64MB (=67108864) (default)
2023-03-17 00:26:05,524 INFO  server.RaftServerConfigKeys (ConfUtils.java:logGet(46)) - raft.server.log.queue.element-limit = 4096 (default)
2023-03-17 00:26:05,524 INFO  server.RaftServerConfigKeys (ConfUtils.java:logGet(46)) - raft.server.log.segment.size.max = 8MB (=8388608) (default)
2023-03-17 00:26:05,524 INFO  server.RaftServerConfigKeys (ConfUtils.java:logGet(46)) - raft.server.log.preallocated.size = 4MB (=4194304) (default)
2023-03-17 00:26:05,524 INFO  server.RaftServerConfigKeys (ConfUtils.java:logGet(46)) - raft.server.log.force.sync.num = 128 (default)
2023-03-17 00:26:05,524 INFO  server.RaftServerConfigKeys (ConfUtils.java:logGet(46)) - raft.server.log.statemachine.data.sync = true (default)
2023-03-17 00:26:05,524 INFO  server.RaftServerConfigKeys (ConfUtils.java:logGet(46)) - raft.server.log.statemachine.data.sync.timeout = 10s (default)
2023-03-17 00:26:05,524 INFO  server.RaftServerConfigKeys (ConfUtils.java:logGet(46)) - raft.server.log.statemachine.data.sync.timeout.retry = -1 (default)
2023-03-17 00:26:05,524 INFO  server.RaftServerConfigKeys (ConfUtils.java:logGet(46)) - raft.server.log.write.buffer.size = 64KB (=65536) (default)
2023-03-17 00:26:05,524 INFO  server.RaftServerConfigKeys (ConfUtils.java:logGet(46)) - raft.server.log.appender.buffer.byte-limit = 4MB (=4194304) (default)
2023-03-17 00:26:05,525 INFO  server.RaftServerConfigKeys (ConfUtils.java:logGet(46)) - raft.server.log.unsafe-flush.enabled = false (default)
2023-03-17 00:26:05,525 INFO  server.RaftServerConfigKeys (ConfUtils.java:logGet(46)) - raft.server.log.async-flush.enabled = false (default)
2023-03-17 00:26:05,525 INFO  server.RaftServerConfigKeys (ConfUtils.java:logGet(46)) - raft.server.log.statemachine.data.caching.enabled = false (default)
2023-03-17 00:26:05,526 INFO  segmented.SegmentedRaftLogWorker (SegmentedRaftLogWorker.java:lambda$new$0(134)) - s3@group-6C92F6220E3D-SegmentedRaftLogWorker: flushIndex: setUnconditionally 0 -> -1
2023-03-17 00:26:05,526 INFO  segmented.SegmentedRaftLogWorker (SegmentedRaftLogWorker.java:lambda$new$0(134)) - s3@group-6C92F6220E3D-SegmentedRaftLogWorker: safeCacheEvictIndex: setUnconditionally 0 -> -1
2023-03-17 00:26:05,526 INFO  server.RaftServer$Division (RaftServerImpl.java:start(348)) - s3@group-6C92F6220E3D: start with initializing state, conf=-1: peers:[]|listeners:[], old=null
2023-03-17 00:26:05,526 INFO  server.RaftServer$Division (RaftServerImpl.java:setRole(329)) - s3@group-6C92F6220E3D: changes role from      null to FOLLOWER at term 0 for startInitializing
2023-03-17 00:26:05,527 INFO  util.JmxRegister (JmxRegister.java:tryRegister(44)) - Successfully registered JMX Bean with object name Ratis:service=RaftServer,group=group-6C92F6220E3D,id=s3
2023-03-17 00:26:05,527 INFO  server.RaftServerConfigKeys (ConfUtils.java:logGet(46)) - raft.server.snapshot.auto.trigger.enabled = false (default)
2023-03-17 00:26:05,527 INFO  server.RaftServerConfigKeys (ConfUtils.java:logGet(46)) - raft.server.snapshot.retention.file.num = -1 (default)
2023-03-17 00:26:05,527 INFO  server.RaftServerConfigKeys (ConfUtils.java:logGet(46)) - raft.server.log.purge.upto.snapshot.index = false (default)
2023-03-17 00:26:05,527 INFO  server.RaftServer (RaftServerProxy.java:startImpl(401)) - s3: start RPC server
2023-03-17 00:26:05,566 INFO  server.GrpcService (GrpcService.java:startImpl(302)) - s3: GrpcService started, listening on 35533
2023-03-17 00:26:05,567 INFO  util.JvmPauseMonitor (JvmPauseMonitor.java:run(103)) - JvmPauseMonitor-s3: Started
2023-03-17 00:26:05,567 INFO  server.RaftServerConfigKeys (ConfUtils.java:logGet(46)) - raft.server.storage.free-space.min = 0MB (=0) (default)
2023-03-17 00:26:05,567 INFO  server.RaftServerConfigKeys (ConfUtils.java:logGet(46)) - raft.server.log.corruption.policy = EXCEPTION (default)
2023-03-17 00:26:05,567 INFO  server.RaftServerConfigKeys (ConfUtils.java:logGet(46)) - raft.server.storage.dir = [/home/runner/work/ratis/ratis/ratis-examples/target/test/data/9a3b15da/MiniRaftClusterWithGrpc41701fe8/s4] (custom)
2023-03-17 00:26:05,567 INFO  storage.RaftStorageDirectory (RaftStorageDirectoryImpl.java:analyzeStorage(138)) - The storage directory /home/runner/work/ratis/ratis/ratis-examples/target/test/data/9a3b15da/MiniRaftClusterWithGrpc41701fe8/s4/0d694240-e337-45d8-ab03-6c92f6220e3d does not exist. Creating ...
2023-03-17 00:26:05,567 TRACE util.FileUtils (LogUtils.java:runAndLog(49)) - Successfully ran Files.createDirectories /home/runner/work/ratis/ratis/ratis-examples/target/test/data/9a3b15da/MiniRaftClusterWithGrpc41701fe8/s4/0d694240-e337-45d8-ab03-6c92f6220e3d
2023-03-17 00:26:05,568 INFO  storage.RaftStorageDirectory (RaftStorageDirectoryImpl.java:tryLock(232)) - Lock on /home/runner/work/ratis/ratis/ratis-examples/target/test/data/9a3b15da/MiniRaftClusterWithGrpc41701fe8/s4/0d694240-e337-45d8-ab03-6c92f6220e3d/in_use.lock acquired by nodename 17092@fv-az451-845
2023-03-17 00:26:05,569 TRACE util.FileUtils (LogUtils.java:runAndLog(49)) - Successfully ran Files.createDirectories /home/runner/work/ratis/ratis/ratis-examples/target/test/data/9a3b15da/MiniRaftClusterWithGrpc41701fe8/s4/0d694240-e337-45d8-ab03-6c92f6220e3d/current
2023-03-17 00:26:05,569 TRACE util.FileUtils (LogUtils.java:runAndLog(49)) - Successfully ran Files.createDirectories /home/runner/work/ratis/ratis/ratis-examples/target/test/data/9a3b15da/MiniRaftClusterWithGrpc41701fe8/s4/0d694240-e337-45d8-ab03-6c92f6220e3d/sm
2023-03-17 00:26:05,570 INFO  storage.RaftStorage (RaftStorageImpl.java:format(96)) - Storage directory /home/runner/work/ratis/ratis/ratis-examples/target/test/data/9a3b15da/MiniRaftClusterWithGrpc41701fe8/s4/0d694240-e337-45d8-ab03-6c92f6220e3d has been successfully formatted.
2023-03-17 00:26:05,571 WARN  statemachine.StateMachine (ArithmeticStateMachine.java:loadSnapshot(116)) - The snapshot info is null.
2023-03-17 00:26:05,571 INFO  server.RaftServerConfigKeys (ConfUtils.java:logGet(46)) - raft.server.log.use.memory = false (default)
2023-03-17 00:26:05,571 INFO  server.RaftServerConfigKeys (ConfUtils.java:logGet(46)) - raft.server.log.purge.gap = 1024 (default)
2023-03-17 00:26:05,571 INFO  server.RaftServerConfigKeys (ConfUtils.java:logGet(46)) - raft.server.log.appender.buffer.byte-limit = 4MB (=4194304) (default)
2023-03-17 00:26:05,571 INFO  server.RaftServerConfigKeys (ConfUtils.java:logGet(46)) - raft.server.log.statemachine.data.read.timeout = 1000ms (default)
2023-03-17 00:26:05,571 INFO  server.RaftServerConfigKeys (ConfUtils.java:logGet(46)) - raft.server.log.purge.preservation.log.num = 0 (default)
2023-03-17 00:26:05,571 INFO  server.RaftServerConfigKeys (ConfUtils.java:logGet(46)) - raft.server.log.segment.size.max = 8MB (=8388608) (default)
2023-03-17 00:26:05,571 INFO  server.RaftServerConfigKeys (ConfUtils.java:logGet(46)) - raft.server.log.segment.cache.num.max = 6 (default)
2023-03-17 00:26:05,571 INFO  server.RaftServerConfigKeys (ConfUtils.java:logGet(46)) - raft.server.log.segment.cache.size.max = 200MB (=209715200) (default)
2023-03-17 00:26:05,572 INFO  server.RaftServerConfigKeys (ConfUtils.java:logGet(46)) - raft.server.log.appender.buffer.byte-limit = 4MB (=4194304) (default)
2023-03-17 00:26:05,572 INFO  segmented.SegmentedRaftLogWorker (SegmentedRaftLogWorker.java:<init>(183)) - new s4@group-6C92F6220E3D-SegmentedRaftLogWorker for RaftStorageImpl:Storage Directory /home/runner/work/ratis/ratis/ratis-examples/target/test/data/9a3b15da/MiniRaftClusterWithGrpc41701fe8/s4/0d694240-e337-45d8-ab03-6c92f6220e3d
2023-03-17 00:26:05,572 INFO  server.RaftServerConfigKeys (ConfUtils.java:logGet(46)) - raft.server.log.queue.byte-limit = 64MB (=67108864) (default)
2023-03-17 00:26:05,572 INFO  server.RaftServerConfigKeys (ConfUtils.java:logGet(46)) - raft.server.log.queue.element-limit = 4096 (default)
2023-03-17 00:26:05,572 INFO  server.RaftServerConfigKeys (ConfUtils.java:logGet(46)) - raft.server.log.segment.size.max = 8MB (=8388608) (default)
2023-03-17 00:26:05,572 INFO  server.RaftServerConfigKeys (ConfUtils.java:logGet(46)) - raft.server.log.preallocated.size = 4MB (=4194304) (default)
2023-03-17 00:26:05,572 INFO  server.RaftServerConfigKeys (ConfUtils.java:logGet(46)) - raft.server.log.force.sync.num = 128 (default)
2023-03-17 00:26:05,572 INFO  server.RaftServerConfigKeys (ConfUtils.java:logGet(46)) - raft.server.log.statemachine.data.sync = true (default)
2023-03-17 00:26:05,572 INFO  server.RaftServerConfigKeys (ConfUtils.java:logGet(46)) - raft.server.log.statemachine.data.sync.timeout = 10s (default)
2023-03-17 00:26:05,572 INFO  server.RaftServerConfigKeys (ConfUtils.java:logGet(46)) - raft.server.log.statemachine.data.sync.timeout.retry = -1 (default)
2023-03-17 00:26:05,572 INFO  server.RaftServerConfigKeys (ConfUtils.java:logGet(46)) - raft.server.log.write.buffer.size = 64KB (=65536) (default)
2023-03-17 00:26:05,572 INFO  server.RaftServerConfigKeys (ConfUtils.java:logGet(46)) - raft.server.log.appender.buffer.byte-limit = 4MB (=4194304) (default)
2023-03-17 00:26:05,573 INFO  server.RaftServerConfigKeys (ConfUtils.java:logGet(46)) - raft.server.log.unsafe-flush.enabled = false (default)
2023-03-17 00:26:05,573 INFO  server.RaftServerConfigKeys (ConfUtils.java:logGet(46)) - raft.server.log.async-flush.enabled = false (default)
2023-03-17 00:26:05,574 INFO  server.RaftServerConfigKeys (ConfUtils.java:logGet(46)) - raft.server.log.statemachine.data.caching.enabled = false (default)
2023-03-17 00:26:05,574 INFO  segmented.SegmentedRaftLogWorker (SegmentedRaftLogWorker.java:lambda$new$0(134)) - s4@group-6C92F6220E3D-SegmentedRaftLogWorker: flushIndex: setUnconditionally 0 -> -1
2023-03-17 00:26:05,574 INFO  segmented.SegmentedRaftLogWorker (SegmentedRaftLogWorker.java:lambda$new$0(134)) - s4@group-6C92F6220E3D-SegmentedRaftLogWorker: safeCacheEvictIndex: setUnconditionally 0 -> -1
2023-03-17 00:26:05,578 INFO  server.RaftServer$Division (RaftServerImpl.java:start(348)) - s4@group-6C92F6220E3D: start with initializing state, conf=-1: peers:[]|listeners:[], old=null
2023-03-17 00:26:05,578 INFO  server.RaftServer$Division (RaftServerImpl.java:setRole(329)) - s4@group-6C92F6220E3D: changes role from      null to FOLLOWER at term 0 for startInitializing
2023-03-17 00:26:05,578 INFO  util.JmxRegister (JmxRegister.java:tryRegister(44)) - Successfully registered JMX Bean with object name Ratis:service=RaftServer,group=group-6C92F6220E3D,id=s4
2023-03-17 00:26:05,578 INFO  server.RaftServerConfigKeys (ConfUtils.java:logGet(46)) - raft.server.snapshot.auto.trigger.enabled = false (default)
2023-03-17 00:26:05,578 INFO  server.RaftServerConfigKeys (ConfUtils.java:logGet(46)) - raft.server.snapshot.retention.file.num = -1 (default)
2023-03-17 00:26:05,578 INFO  server.RaftServerConfigKeys (ConfUtils.java:logGet(46)) - raft.server.log.purge.upto.snapshot.index = false (default)
2023-03-17 00:26:05,579 INFO  server.RaftServer (RaftServerProxy.java:startImpl(401)) - s4: start RPC server
2023-03-17 00:26:05,580 INFO  server.GrpcService (GrpcService.java:startImpl(302)) - s4: GrpcService started, listening on 45791
2023-03-17 00:26:05,580 INFO  util.JvmPauseMonitor (JvmPauseMonitor.java:run(103)) - JvmPauseMonitor-s4: Started
2023-03-17 00:26:05,580 INFO  server.RaftServerConfigKeys (ConfUtils.java:logGet(46)) - raft.server.storage.free-space.min = 0MB (=0) (default)
2023-03-17 00:26:05,581 INFO  server.RaftServerConfigKeys (ConfUtils.java:logGet(46)) - raft.server.log.corruption.policy = EXCEPTION (default)
2023-03-17 00:26:05,581 INFO  server.RaftServerConfigKeys (ConfUtils.java:logGet(46)) - raft.server.storage.dir = [/home/runner/work/ratis/ratis/ratis-examples/target/test/data/9a3b15da/MiniRaftClusterWithGrpc41701fe8/s5] (custom)
2023-03-17 00:26:05,581 INFO  storage.RaftStorageDirectory (RaftStorageDirectoryImpl.java:analyzeStorage(138)) - The storage directory /home/runner/work/ratis/ratis/ratis-examples/target/test/data/9a3b15da/MiniRaftClusterWithGrpc41701fe8/s5/0d694240-e337-45d8-ab03-6c92f6220e3d does not exist. Creating ...
2023-03-17 00:26:05,581 TRACE util.FileUtils (LogUtils.java:runAndLog(49)) - Successfully ran Files.createDirectories /home/runner/work/ratis/ratis/ratis-examples/target/test/data/9a3b15da/MiniRaftClusterWithGrpc41701fe8/s5/0d694240-e337-45d8-ab03-6c92f6220e3d
2023-03-17 00:26:05,582 INFO  storage.RaftStorageDirectory (RaftStorageDirectoryImpl.java:tryLock(232)) - Lock on /home/runner/work/ratis/ratis/ratis-examples/target/test/data/9a3b15da/MiniRaftClusterWithGrpc41701fe8/s5/0d694240-e337-45d8-ab03-6c92f6220e3d/in_use.lock acquired by nodename 17092@fv-az451-845
2023-03-17 00:26:05,582 TRACE util.FileUtils (LogUtils.java:runAndLog(49)) - Successfully ran Files.createDirectories /home/runner/work/ratis/ratis/ratis-examples/target/test/data/9a3b15da/MiniRaftClusterWithGrpc41701fe8/s5/0d694240-e337-45d8-ab03-6c92f6220e3d/current
2023-03-17 00:26:05,583 TRACE util.FileUtils (LogUtils.java:runAndLog(49)) - Successfully ran Files.createDirectories /home/runner/work/ratis/ratis/ratis-examples/target/test/data/9a3b15da/MiniRaftClusterWithGrpc41701fe8/s5/0d694240-e337-45d8-ab03-6c92f6220e3d/sm
2023-03-17 00:26:05,584 INFO  storage.RaftStorage (RaftStorageImpl.java:format(96)) - Storage directory /home/runner/work/ratis/ratis/ratis-examples/target/test/data/9a3b15da/MiniRaftClusterWithGrpc41701fe8/s5/0d694240-e337-45d8-ab03-6c92f6220e3d has been successfully formatted.
2023-03-17 00:26:05,584 WARN  statemachine.StateMachine (ArithmeticStateMachine.java:loadSnapshot(116)) - The snapshot info is null.
2023-03-17 00:26:05,584 INFO  server.RaftServerConfigKeys (ConfUtils.java:logGet(46)) - raft.server.log.use.memory = false (default)
2023-03-17 00:26:05,584 INFO  server.RaftServerConfigKeys (ConfUtils.java:logGet(46)) - raft.server.log.purge.gap = 1024 (default)
2023-03-17 00:26:05,584 INFO  server.RaftServerConfigKeys (ConfUtils.java:logGet(46)) - raft.server.log.appender.buffer.byte-limit = 4MB (=4194304) (default)
2023-03-17 00:26:05,584 INFO  server.RaftServerConfigKeys (ConfUtils.java:logGet(46)) - raft.server.log.statemachine.data.read.timeout = 1000ms (default)
2023-03-17 00:26:05,584 INFO  server.RaftServerConfigKeys (ConfUtils.java:logGet(46)) - raft.server.log.purge.preservation.log.num = 0 (default)
2023-03-17 00:26:05,585 INFO  server.RaftServerConfigKeys (ConfUtils.java:logGet(46)) - raft.server.log.segment.size.max = 8MB (=8388608) (default)
2023-03-17 00:26:05,585 INFO  server.RaftServerConfigKeys (ConfUtils.java:logGet(46)) - raft.server.log.segment.cache.num.max = 6 (default)
2023-03-17 00:26:05,585 INFO  server.RaftServerConfigKeys (ConfUtils.java:logGet(46)) - raft.server.log.segment.cache.size.max = 200MB (=209715200) (default)
2023-03-17 00:26:05,585 INFO  server.RaftServerConfigKeys (ConfUtils.java:logGet(46)) - raft.server.log.appender.buffer.byte-limit = 4MB (=4194304) (default)
2023-03-17 00:26:05,585 INFO  segmented.SegmentedRaftLogWorker (SegmentedRaftLogWorker.java:<init>(183)) - new s5@group-6C92F6220E3D-SegmentedRaftLogWorker for RaftStorageImpl:Storage Directory /home/runner/work/ratis/ratis/ratis-examples/target/test/data/9a3b15da/MiniRaftClusterWithGrpc41701fe8/s5/0d694240-e337-45d8-ab03-6c92f6220e3d
2023-03-17 00:26:05,585 INFO  server.RaftServerConfigKeys (ConfUtils.java:logGet(46)) - raft.server.log.queue.byte-limit = 64MB (=67108864) (default)
2023-03-17 00:26:05,585 INFO  server.RaftServerConfigKeys (ConfUtils.java:logGet(46)) - raft.server.log.queue.element-limit = 4096 (default)
2023-03-17 00:26:05,585 INFO  server.RaftServerConfigKeys (ConfUtils.java:logGet(46)) - raft.server.log.segment.size.max = 8MB (=8388608) (default)
2023-03-17 00:26:05,585 INFO  server.RaftServerConfigKeys (ConfUtils.java:logGet(46)) - raft.server.log.preallocated.size = 4MB (=4194304) (default)
2023-03-17 00:26:05,585 INFO  server.RaftServerConfigKeys (ConfUtils.java:logGet(46)) - raft.server.log.force.sync.num = 128 (default)
2023-03-17 00:26:05,585 INFO  server.RaftServerConfigKeys (ConfUtils.java:logGet(46)) - raft.server.log.statemachine.data.sync = true (default)
2023-03-17 00:26:05,585 INFO  server.RaftServerConfigKeys (ConfUtils.java:logGet(46)) - raft.server.log.statemachine.data.sync.timeout = 10s (default)
2023-03-17 00:26:05,585 INFO  server.RaftServerConfigKeys (ConfUtils.java:logGet(46)) - raft.server.log.statemachine.data.sync.timeout.retry = -1 (default)
2023-03-17 00:26:05,585 INFO  server.RaftServerConfigKeys (ConfUtils.java:logGet(46)) - raft.server.log.write.buffer.size = 64KB (=65536) (default)
2023-03-17 00:26:05,586 INFO  server.RaftServerConfigKeys (ConfUtils.java:logGet(46)) - raft.server.log.appender.buffer.byte-limit = 4MB (=4194304) (default)
2023-03-17 00:26:05,589 INFO  server.RaftServerConfigKeys (ConfUtils.java:logGet(46)) - raft.server.log.unsafe-flush.enabled = false (default)
2023-03-17 00:26:05,590 INFO  server.RaftServerConfigKeys (ConfUtils.java:logGet(46)) - raft.server.log.async-flush.enabled = false (default)
2023-03-17 00:26:05,590 INFO  server.RaftServerConfigKeys (ConfUtils.java:logGet(46)) - raft.server.log.statemachine.data.caching.enabled = false (default)
2023-03-17 00:26:05,590 INFO  segmented.SegmentedRaftLogWorker (SegmentedRaftLogWorker.java:lambda$new$0(134)) - s5@group-6C92F6220E3D-SegmentedRaftLogWorker: flushIndex: setUnconditionally 0 -> -1
2023-03-17 00:26:05,590 INFO  segmented.SegmentedRaftLogWorker (SegmentedRaftLogWorker.java:lambda$new$0(134)) - s5@group-6C92F6220E3D-SegmentedRaftLogWorker: safeCacheEvictIndex: setUnconditionally 0 -> -1
2023-03-17 00:26:05,590 INFO  server.RaftServer$Division (RaftServerImpl.java:start(348)) - s5@group-6C92F6220E3D: start with initializing state, conf=-1: peers:[]|listeners:[], old=null
2023-03-17 00:26:05,590 INFO  server.RaftServer$Division (RaftServerImpl.java:setRole(329)) - s5@group-6C92F6220E3D: changes role from      null to FOLLOWER at term 0 for startInitializing
2023-03-17 00:26:05,591 INFO  util.JmxRegister (JmxRegister.java:tryRegister(44)) - Successfully registered JMX Bean with object name Ratis:service=RaftServer,group=group-6C92F6220E3D,id=s5
2023-03-17 00:26:05,591 INFO  server.RaftServerConfigKeys (ConfUtils.java:logGet(46)) - raft.server.snapshot.auto.trigger.enabled = false (default)
2023-03-17 00:26:05,591 INFO  server.RaftServerConfigKeys (ConfUtils.java:logGet(46)) - raft.server.snapshot.retention.file.num = -1 (default)
2023-03-17 00:26:05,591 INFO  server.RaftServerConfigKeys (ConfUtils.java:logGet(46)) - raft.server.log.purge.upto.snapshot.index = false (default)
2023-03-17 00:26:05,592 INFO  server.RaftServer (RaftServerProxy.java:startImpl(401)) - s5: start RPC server
2023-03-17 00:26:05,596 INFO  server.GrpcService (GrpcService.java:startImpl(302)) - s5: GrpcService started, listening on 45851
2023-03-17 00:26:05,596 INFO  server.RaftServerConfigKeys (ConfUtils.java:logGet(46)) - raft.server.storage.free-space.min = 0MB (=0) (default)
2023-03-17 00:26:05,596 INFO  server.RaftServerConfigKeys (ConfUtils.java:logGet(46)) - raft.server.log.corruption.policy = EXCEPTION (default)
2023-03-17 00:26:05,596 INFO  server.RaftServerConfigKeys (ConfUtils.java:logGet(46)) - raft.server.storage.dir = [/home/runner/work/ratis/ratis/ratis-examples/target/test/data/9a3b15da/MiniRaftClusterWithGrpc41701fe8/s6] (custom)
2023-03-17 00:26:05,596 INFO  storage.RaftStorageDirectory (RaftStorageDirectoryImpl.java:analyzeStorage(138)) - The storage directory /home/runner/work/ratis/ratis/ratis-examples/target/test/data/9a3b15da/MiniRaftClusterWithGrpc41701fe8/s6/0d694240-e337-45d8-ab03-6c92f6220e3d does not exist. Creating ...
2023-03-17 00:26:05,597 TRACE util.FileUtils (LogUtils.java:runAndLog(49)) - Successfully ran Files.createDirectories /home/runner/work/ratis/ratis/ratis-examples/target/test/data/9a3b15da/MiniRaftClusterWithGrpc41701fe8/s6/0d694240-e337-45d8-ab03-6c92f6220e3d
2023-03-17 00:26:05,597 INFO  util.JvmPauseMonitor (JvmPauseMonitor.java:run(103)) - JvmPauseMonitor-s5: Started
2023-03-17 00:26:05,598 INFO  storage.RaftStorageDirectory (RaftStorageDirectoryImpl.java:tryLock(232)) - Lock on /home/runner/work/ratis/ratis/ratis-examples/target/test/data/9a3b15da/MiniRaftClusterWithGrpc41701fe8/s6/0d694240-e337-45d8-ab03-6c92f6220e3d/in_use.lock acquired by nodename 17092@fv-az451-845
2023-03-17 00:26:05,598 TRACE util.FileUtils (LogUtils.java:runAndLog(49)) - Successfully ran Files.createDirectories /home/runner/work/ratis/ratis/ratis-examples/target/test/data/9a3b15da/MiniRaftClusterWithGrpc41701fe8/s6/0d694240-e337-45d8-ab03-6c92f6220e3d/current
2023-03-17 00:26:05,598 TRACE util.FileUtils (LogUtils.java:runAndLog(49)) - Successfully ran Files.createDirectories /home/runner/work/ratis/ratis/ratis-examples/target/test/data/9a3b15da/MiniRaftClusterWithGrpc41701fe8/s6/0d694240-e337-45d8-ab03-6c92f6220e3d/sm
2023-03-17 00:26:05,599 INFO  storage.RaftStorage (RaftStorageImpl.java:format(96)) - Storage directory /home/runner/work/ratis/ratis/ratis-examples/target/test/data/9a3b15da/MiniRaftClusterWithGrpc41701fe8/s6/0d694240-e337-45d8-ab03-6c92f6220e3d has been successfully formatted.
2023-03-17 00:26:05,599 WARN  statemachine.StateMachine (ArithmeticStateMachine.java:loadSnapshot(116)) - The snapshot info is null.
2023-03-17 00:26:05,599 INFO  server.RaftServerConfigKeys (ConfUtils.java:logGet(46)) - raft.server.log.use.memory = false (default)
2023-03-17 00:26:05,600 INFO  server.RaftServerConfigKeys (ConfUtils.java:logGet(46)) - raft.server.log.purge.gap = 1024 (default)
2023-03-17 00:26:05,600 INFO  server.RaftServerConfigKeys (ConfUtils.java:logGet(46)) - raft.server.log.appender.buffer.byte-limit = 4MB (=4194304) (default)
2023-03-17 00:26:05,600 INFO  server.RaftServerConfigKeys (ConfUtils.java:logGet(46)) - raft.server.log.statemachine.data.read.timeout = 1000ms (default)
2023-03-17 00:26:05,600 INFO  server.RaftServerConfigKeys (ConfUtils.java:logGet(46)) - raft.server.log.purge.preservation.log.num = 0 (default)
2023-03-17 00:26:05,600 INFO  server.RaftServerConfigKeys (ConfUtils.java:logGet(46)) - raft.server.log.segment.size.max = 8MB (=8388608) (default)
2023-03-17 00:26:05,600 INFO  server.RaftServerConfigKeys (ConfUtils.java:logGet(46)) - raft.server.log.segment.cache.num.max = 6 (default)
2023-03-17 00:26:05,600 INFO  server.RaftServerConfigKeys (ConfUtils.java:logGet(46)) - raft.server.log.segment.cache.size.max = 200MB (=209715200) (default)
2023-03-17 00:26:05,600 INFO  server.RaftServerConfigKeys (ConfUtils.java:logGet(46)) - raft.server.log.appender.buffer.byte-limit = 4MB (=4194304) (default)
2023-03-17 00:26:05,600 INFO  segmented.SegmentedRaftLogWorker (SegmentedRaftLogWorker.java:<init>(183)) - new s6@group-6C92F6220E3D-SegmentedRaftLogWorker for RaftStorageImpl:Storage Directory /home/runner/work/ratis/ratis/ratis-examples/target/test/data/9a3b15da/MiniRaftClusterWithGrpc41701fe8/s6/0d694240-e337-45d8-ab03-6c92f6220e3d
2023-03-17 00:26:05,600 INFO  server.RaftServerConfigKeys (ConfUtils.java:logGet(46)) - raft.server.log.queue.byte-limit = 64MB (=67108864) (default)
2023-03-17 00:26:05,600 INFO  server.RaftServerConfigKeys (ConfUtils.java:logGet(46)) - raft.server.log.queue.element-limit = 4096 (default)
2023-03-17 00:26:05,601 INFO  server.RaftServerConfigKeys (ConfUtils.java:logGet(46)) - raft.server.log.segment.size.max = 8MB (=8388608) (default)
2023-03-17 00:26:05,601 INFO  server.RaftServerConfigKeys (ConfUtils.java:logGet(46)) - raft.server.log.preallocated.size = 4MB (=4194304) (default)
2023-03-17 00:26:05,601 INFO  server.RaftServerConfigKeys (ConfUtils.java:logGet(46)) - raft.server.log.force.sync.num = 128 (default)
2023-03-17 00:26:05,601 INFO  server.RaftServerConfigKeys (ConfUtils.java:logGet(46)) - raft.server.log.statemachine.data.sync = true (default)
2023-03-17 00:26:05,602 INFO  server.RaftServerConfigKeys (ConfUtils.java:logGet(46)) - raft.server.log.statemachine.data.sync.timeout = 10s (default)
2023-03-17 00:26:05,602 INFO  server.RaftServerConfigKeys (ConfUtils.java:logGet(46)) - raft.server.log.statemachine.data.sync.timeout.retry = -1 (default)
2023-03-17 00:26:05,602 INFO  server.RaftServerConfigKeys (ConfUtils.java:logGet(46)) - raft.server.log.write.buffer.size = 64KB (=65536) (default)
2023-03-17 00:26:05,602 INFO  server.RaftServerConfigKeys (ConfUtils.java:logGet(46)) - raft.server.log.appender.buffer.byte-limit = 4MB (=4194304) (default)
2023-03-17 00:26:05,603 INFO  server.RaftServerConfigKeys (ConfUtils.java:logGet(46)) - raft.server.log.unsafe-flush.enabled = false (default)
2023-03-17 00:26:05,603 INFO  server.RaftServerConfigKeys (ConfUtils.java:logGet(46)) - raft.server.log.async-flush.enabled = false (default)
2023-03-17 00:26:05,603 INFO  server.RaftServerConfigKeys (ConfUtils.java:logGet(46)) - raft.server.log.statemachine.data.caching.enabled = false (default)
2023-03-17 00:26:05,604 INFO  segmented.SegmentedRaftLogWorker (SegmentedRaftLogWorker.java:lambda$new$0(134)) - s6@group-6C92F6220E3D-SegmentedRaftLogWorker: flushIndex: setUnconditionally 0 -> -1
2023-03-17 00:26:05,604 INFO  segmented.SegmentedRaftLogWorker (SegmentedRaftLogWorker.java:lambda$new$0(134)) - s6@group-6C92F6220E3D-SegmentedRaftLogWorker: safeCacheEvictIndex: setUnconditionally 0 -> -1
2023-03-17 00:26:05,604 INFO  server.RaftServer$Division (RaftServerImpl.java:start(348)) - s6@group-6C92F6220E3D: start with initializing state, conf=-1: peers:[]|listeners:[], old=null
2023-03-17 00:26:05,604 INFO  server.RaftServer$Division (RaftServerImpl.java:setRole(329)) - s6@group-6C92F6220E3D: changes role from      null to FOLLOWER at term 0 for startInitializing
2023-03-17 00:26:05,604 INFO  util.JmxRegister (JmxRegister.java:tryRegister(44)) - Successfully registered JMX Bean with object name Ratis:service=RaftServer,group=group-6C92F6220E3D,id=s6
2023-03-17 00:26:05,604 INFO  server.RaftServerConfigKeys (ConfUtils.java:logGet(46)) - raft.server.snapshot.auto.trigger.enabled = false (default)
2023-03-17 00:26:05,604 INFO  server.RaftServerConfigKeys (ConfUtils.java:logGet(46)) - raft.server.snapshot.retention.file.num = -1 (default)
2023-03-17 00:26:05,604 INFO  server.RaftServerConfigKeys (ConfUtils.java:logGet(46)) - raft.server.log.purge.upto.snapshot.index = false (default)
2023-03-17 00:26:05,605 INFO  server.RaftServer (RaftServerProxy.java:startImpl(401)) - s6: start RPC server
2023-03-17 00:26:05,606 INFO  server.GrpcService (GrpcService.java:startImpl(302)) - s6: GrpcService started, listening on 35649
2023-03-17 00:26:05,606 INFO  util.JvmPauseMonitor (JvmPauseMonitor.java:run(103)) - JvmPauseMonitor-s6: Started
2023-03-17 00:26:05,606 INFO  server.RaftServerConfigKeys (ConfUtils.java:logGet(46)) - raft.server.storage.free-space.min = 0MB (=0) (default)
2023-03-17 00:26:05,606 INFO  server.RaftServerConfigKeys (ConfUtils.java:logGet(46)) - raft.server.log.corruption.policy = EXCEPTION (default)
2023-03-17 00:26:05,606 INFO  server.RaftServerConfigKeys (ConfUtils.java:logGet(46)) - raft.server.storage.dir = [/home/runner/work/ratis/ratis/ratis-examples/target/test/data/9a3b15da/MiniRaftClusterWithGrpc41701fe8/s7] (custom)
2023-03-17 00:26:05,607 INFO  storage.RaftStorageDirectory (RaftStorageDirectoryImpl.java:analyzeStorage(138)) - The storage directory /home/runner/work/ratis/ratis/ratis-examples/target/test/data/9a3b15da/MiniRaftClusterWithGrpc41701fe8/s7/0d694240-e337-45d8-ab03-6c92f6220e3d does not exist. Creating ...
2023-03-17 00:26:05,607 TRACE util.FileUtils (LogUtils.java:runAndLog(49)) - Successfully ran Files.createDirectories /home/runner/work/ratis/ratis/ratis-examples/target/test/data/9a3b15da/MiniRaftClusterWithGrpc41701fe8/s7/0d694240-e337-45d8-ab03-6c92f6220e3d
2023-03-17 00:26:05,608 INFO  storage.RaftStorageDirectory (RaftStorageDirectoryImpl.java:tryLock(232)) - Lock on /home/runner/work/ratis/ratis/ratis-examples/target/test/data/9a3b15da/MiniRaftClusterWithGrpc41701fe8/s7/0d694240-e337-45d8-ab03-6c92f6220e3d/in_use.lock acquired by nodename 17092@fv-az451-845
2023-03-17 00:26:05,608 TRACE util.FileUtils (LogUtils.java:runAndLog(49)) - Successfully ran Files.createDirectories /home/runner/work/ratis/ratis/ratis-examples/target/test/data/9a3b15da/MiniRaftClusterWithGrpc41701fe8/s7/0d694240-e337-45d8-ab03-6c92f6220e3d/current
2023-03-17 00:26:05,608 TRACE util.FileUtils (LogUtils.java:runAndLog(49)) - Successfully ran Files.createDirectories /home/runner/work/ratis/ratis/ratis-examples/target/test/data/9a3b15da/MiniRaftClusterWithGrpc41701fe8/s7/0d694240-e337-45d8-ab03-6c92f6220e3d/sm
2023-03-17 00:26:05,610 INFO  storage.RaftStorage (RaftStorageImpl.java:format(96)) - Storage directory /home/runner/work/ratis/ratis/ratis-examples/target/test/data/9a3b15da/MiniRaftClusterWithGrpc41701fe8/s7/0d694240-e337-45d8-ab03-6c92f6220e3d has been successfully formatted.
2023-03-17 00:26:05,610 WARN  statemachine.StateMachine (ArithmeticStateMachine.java:loadSnapshot(116)) - The snapshot info is null.
2023-03-17 00:26:05,610 INFO  server.RaftServerConfigKeys (ConfUtils.java:logGet(46)) - raft.server.log.use.memory = false (default)
2023-03-17 00:26:05,610 INFO  server.RaftServerConfigKeys (ConfUtils.java:logGet(46)) - raft.server.log.purge.gap = 1024 (default)
2023-03-17 00:26:05,610 INFO  server.RaftServerConfigKeys (ConfUtils.java:logGet(46)) - raft.server.log.appender.buffer.byte-limit = 4MB (=4194304) (default)
2023-03-17 00:26:05,610 INFO  server.RaftServerConfigKeys (ConfUtils.java:logGet(46)) - raft.server.log.statemachine.data.read.timeout = 1000ms (default)
2023-03-17 00:26:05,610 INFO  server.RaftServerConfigKeys (ConfUtils.java:logGet(46)) - raft.server.log.purge.preservation.log.num = 0 (default)
2023-03-17 00:26:05,610 INFO  server.RaftServerConfigKeys (ConfUtils.java:logGet(46)) - raft.server.log.segment.size.max = 8MB (=8388608) (default)
2023-03-17 00:26:05,610 INFO  server.RaftServerConfigKeys (ConfUtils.java:logGet(46)) - raft.server.log.segment.cache.num.max = 6 (default)
2023-03-17 00:26:05,611 INFO  server.RaftServerConfigKeys (ConfUtils.java:logGet(46)) - raft.server.log.segment.cache.size.max = 200MB (=209715200) (default)
2023-03-17 00:26:05,611 INFO  server.RaftServerConfigKeys (ConfUtils.java:logGet(46)) - raft.server.log.appender.buffer.byte-limit = 4MB (=4194304) (default)
2023-03-17 00:26:05,611 INFO  segmented.SegmentedRaftLogWorker (SegmentedRaftLogWorker.java:<init>(183)) - new s7@group-6C92F6220E3D-SegmentedRaftLogWorker for RaftStorageImpl:Storage Directory /home/runner/work/ratis/ratis/ratis-examples/target/test/data/9a3b15da/MiniRaftClusterWithGrpc41701fe8/s7/0d694240-e337-45d8-ab03-6c92f6220e3d
2023-03-17 00:26:05,611 INFO  server.RaftServerConfigKeys (ConfUtils.java:logGet(46)) - raft.server.log.queue.byte-limit = 64MB (=67108864) (default)
2023-03-17 00:26:05,611 INFO  server.RaftServerConfigKeys (ConfUtils.java:logGet(46)) - raft.server.log.queue.element-limit = 4096 (default)
2023-03-17 00:26:05,611 INFO  server.RaftServerConfigKeys (ConfUtils.java:logGet(46)) - raft.server.log.segment.size.max = 8MB (=8388608) (default)
2023-03-17 00:26:05,611 INFO  server.RaftServerConfigKeys (ConfUtils.java:logGet(46)) - raft.server.log.preallocated.size = 4MB (=4194304) (default)
2023-03-17 00:26:05,611 INFO  server.RaftServerConfigKeys (ConfUtils.java:logGet(46)) - raft.server.log.force.sync.num = 128 (default)
2023-03-17 00:26:05,611 INFO  server.RaftServerConfigKeys (ConfUtils.java:logGet(46)) - raft.server.log.statemachine.data.sync = true (default)
2023-03-17 00:26:05,611 INFO  server.RaftServerConfigKeys (ConfUtils.java:logGet(46)) - raft.server.log.statemachine.data.sync.timeout = 10s (default)
2023-03-17 00:26:05,611 INFO  server.RaftServerConfigKeys (ConfUtils.java:logGet(46)) - raft.server.log.statemachine.data.sync.timeout.retry = -1 (default)
2023-03-17 00:26:05,611 INFO  server.RaftServerConfigKeys (ConfUtils.java:logGet(46)) - raft.server.log.write.buffer.size = 64KB (=65536) (default)
2023-03-17 00:26:05,611 INFO  server.RaftServerConfigKeys (ConfUtils.java:logGet(46)) - raft.server.log.appender.buffer.byte-limit = 4MB (=4194304) (default)
2023-03-17 00:26:05,612 INFO  server.RaftServerConfigKeys (ConfUtils.java:logGet(46)) - raft.server.log.unsafe-flush.enabled = false (default)
2023-03-17 00:26:05,612 INFO  server.RaftServerConfigKeys (ConfUtils.java:logGet(46)) - raft.server.log.async-flush.enabled = false (default)
2023-03-17 00:26:05,612 INFO  server.RaftServerConfigKeys (ConfUtils.java:logGet(46)) - raft.server.log.statemachine.data.caching.enabled = false (default)
2023-03-17 00:26:05,612 INFO  segmented.SegmentedRaftLogWorker (SegmentedRaftLogWorker.java:lambda$new$0(134)) - s7@group-6C92F6220E3D-SegmentedRaftLogWorker: flushIndex: setUnconditionally 0 -> -1
2023-03-17 00:26:05,612 INFO  segmented.SegmentedRaftLogWorker (SegmentedRaftLogWorker.java:lambda$new$0(134)) - s7@group-6C92F6220E3D-SegmentedRaftLogWorker: safeCacheEvictIndex: setUnconditionally 0 -> -1
2023-03-17 00:26:05,613 INFO  server.RaftServer$Division (RaftServerImpl.java:start(348)) - s7@group-6C92F6220E3D: start with initializing state, conf=-1: peers:[]|listeners:[], old=null
2023-03-17 00:26:05,613 INFO  server.RaftServer$Division (RaftServerImpl.java:setRole(329)) - s7@group-6C92F6220E3D: changes role from      null to FOLLOWER at term 0 for startInitializing
2023-03-17 00:26:05,613 INFO  util.JmxRegister (JmxRegister.java:tryRegister(44)) - Successfully registered JMX Bean with object name Ratis:service=RaftServer,group=group-6C92F6220E3D,id=s7
2023-03-17 00:26:05,613 INFO  server.RaftServerConfigKeys (ConfUtils.java:logGet(46)) - raft.server.snapshot.auto.trigger.enabled = false (default)
2023-03-17 00:26:05,613 INFO  server.RaftServerConfigKeys (ConfUtils.java:logGet(46)) - raft.server.snapshot.retention.file.num = -1 (default)
2023-03-17 00:26:05,613 INFO  server.RaftServerConfigKeys (ConfUtils.java:logGet(46)) - raft.server.log.purge.upto.snapshot.index = false (default)
2023-03-17 00:26:05,613 INFO  server.RaftServer (RaftServerProxy.java:startImpl(401)) - s7: start RPC server
2023-03-17 00:26:05,614 INFO  server.GrpcService (GrpcService.java:startImpl(302)) - s7: GrpcService started, listening on 34229
2023-03-17 00:26:05,615 INFO  server.RaftServerConfigKeys (ConfUtils.java:logGet(46)) - raft.server.storage.free-space.min = 0MB (=0) (default)
2023-03-17 00:26:05,615 INFO  server.RaftServerConfigKeys (ConfUtils.java:logGet(46)) - raft.server.log.corruption.policy = EXCEPTION (default)
2023-03-17 00:26:05,615 INFO  util.JvmPauseMonitor (JvmPauseMonitor.java:run(103)) - JvmPauseMonitor-s7: Started
2023-03-17 00:26:05,615 INFO  server.RaftServerConfigKeys (ConfUtils.java:logGet(46)) - raft.server.storage.dir = [/home/runner/work/ratis/ratis/ratis-examples/target/test/data/9a3b15da/MiniRaftClusterWithGrpc41701fe8/s8] (custom)
2023-03-17 00:26:05,615 INFO  storage.RaftStorageDirectory (RaftStorageDirectoryImpl.java:analyzeStorage(138)) - The storage directory /home/runner/work/ratis/ratis/ratis-examples/target/test/data/9a3b15da/MiniRaftClusterWithGrpc41701fe8/s8/0d694240-e337-45d8-ab03-6c92f6220e3d does not exist. Creating ...
2023-03-17 00:26:05,615 TRACE util.FileUtils (LogUtils.java:runAndLog(49)) - Successfully ran Files.createDirectories /home/runner/work/ratis/ratis/ratis-examples/target/test/data/9a3b15da/MiniRaftClusterWithGrpc41701fe8/s8/0d694240-e337-45d8-ab03-6c92f6220e3d
2023-03-17 00:26:05,616 INFO  storage.RaftStorageDirectory (RaftStorageDirectoryImpl.java:tryLock(232)) - Lock on /home/runner/work/ratis/ratis/ratis-examples/target/test/data/9a3b15da/MiniRaftClusterWithGrpc41701fe8/s8/0d694240-e337-45d8-ab03-6c92f6220e3d/in_use.lock acquired by nodename 17092@fv-az451-845
2023-03-17 00:26:05,616 TRACE util.FileUtils (LogUtils.java:runAndLog(49)) - Successfully ran Files.createDirectories /home/runner/work/ratis/ratis/ratis-examples/target/test/data/9a3b15da/MiniRaftClusterWithGrpc41701fe8/s8/0d694240-e337-45d8-ab03-6c92f6220e3d/current
2023-03-17 00:26:05,616 TRACE util.FileUtils (LogUtils.java:runAndLog(49)) - Successfully ran Files.createDirectories /home/runner/work/ratis/ratis/ratis-examples/target/test/data/9a3b15da/MiniRaftClusterWithGrpc41701fe8/s8/0d694240-e337-45d8-ab03-6c92f6220e3d/sm
2023-03-17 00:26:05,618 INFO  storage.RaftStorage (RaftStorageImpl.java:format(96)) - Storage directory /home/runner/work/ratis/ratis/ratis-examples/target/test/data/9a3b15da/MiniRaftClusterWithGrpc41701fe8/s8/0d694240-e337-45d8-ab03-6c92f6220e3d has been successfully formatted.
2023-03-17 00:26:05,618 WARN  statemachine.StateMachine (ArithmeticStateMachine.java:loadSnapshot(116)) - The snapshot info is null.
2023-03-17 00:26:05,618 INFO  server.RaftServerConfigKeys (ConfUtils.java:logGet(46)) - raft.server.log.use.memory = false (default)
2023-03-17 00:26:05,618 INFO  server.RaftServerConfigKeys (ConfUtils.java:logGet(46)) - raft.server.log.purge.gap = 1024 (default)
2023-03-17 00:26:05,618 INFO  server.RaftServerConfigKeys (ConfUtils.java:logGet(46)) - raft.server.log.appender.buffer.byte-limit = 4MB (=4194304) (default)
2023-03-17 00:26:05,618 INFO  server.RaftServerConfigKeys (ConfUtils.java:logGet(46)) - raft.server.log.statemachine.data.read.timeout = 1000ms (default)
2023-03-17 00:26:05,618 INFO  server.RaftServerConfigKeys (ConfUtils.java:logGet(46)) - raft.server.log.purge.preservation.log.num = 0 (default)
2023-03-17 00:26:05,619 INFO  server.RaftServerConfigKeys (ConfUtils.java:logGet(46)) - raft.server.log.segment.size.max = 8MB (=8388608) (default)
2023-03-17 00:26:05,619 INFO  server.RaftServerConfigKeys (ConfUtils.java:logGet(46)) - raft.server.log.segment.cache.num.max = 6 (default)
2023-03-17 00:26:05,619 INFO  server.RaftServerConfigKeys (ConfUtils.java:logGet(46)) - raft.server.log.segment.cache.size.max = 200MB (=209715200) (default)
2023-03-17 00:26:05,619 INFO  server.RaftServerConfigKeys (ConfUtils.java:logGet(46)) - raft.server.log.appender.buffer.byte-limit = 4MB (=4194304) (default)
2023-03-17 00:26:05,619 INFO  segmented.SegmentedRaftLogWorker (SegmentedRaftLogWorker.java:<init>(183)) - new s8@group-6C92F6220E3D-SegmentedRaftLogWorker for RaftStorageImpl:Storage Directory /home/runner/work/ratis/ratis/ratis-examples/target/test/data/9a3b15da/MiniRaftClusterWithGrpc41701fe8/s8/0d694240-e337-45d8-ab03-6c92f6220e3d
2023-03-17 00:26:05,619 INFO  server.RaftServerConfigKeys (ConfUtils.java:logGet(46)) - raft.server.log.queue.byte-limit = 64MB (=67108864) (default)
2023-03-17 00:26:05,619 INFO  server.RaftServerConfigKeys (ConfUtils.java:logGet(46)) - raft.server.log.queue.element-limit = 4096 (default)
2023-03-17 00:26:05,619 INFO  server.RaftServerConfigKeys (ConfUtils.java:logGet(46)) - raft.server.log.segment.size.max = 8MB (=8388608) (default)
2023-03-17 00:26:05,619 INFO  server.RaftServerConfigKeys (ConfUtils.java:logGet(46)) - raft.server.log.preallocated.size = 4MB (=4194304) (default)
2023-03-17 00:26:05,619 INFO  server.RaftServerConfigKeys (ConfUtils.java:logGet(46)) - raft.server.log.force.sync.num = 128 (default)
2023-03-17 00:26:05,619 INFO  server.RaftServerConfigKeys (ConfUtils.java:logGet(46)) - raft.server.log.statemachine.data.sync = true (default)
2023-03-17 00:26:05,619 INFO  server.RaftServerConfigKeys (ConfUtils.java:logGet(46)) - raft.server.log.statemachine.data.sync.timeout = 10s (default)
2023-03-17 00:26:05,619 INFO  server.RaftServerConfigKeys (ConfUtils.java:logGet(46)) - raft.server.log.statemachine.data.sync.timeout.retry = -1 (default)
2023-03-17 00:26:05,619 INFO  server.RaftServerConfigKeys (ConfUtils.java:logGet(46)) - raft.server.log.write.buffer.size = 64KB (=65536) (default)
2023-03-17 00:26:05,619 INFO  server.RaftServerConfigKeys (ConfUtils.java:logGet(46)) - raft.server.log.appender.buffer.byte-limit = 4MB (=4194304) (default)
2023-03-17 00:26:05,620 INFO  server.RaftServerConfigKeys (ConfUtils.java:logGet(46)) - raft.server.log.unsafe-flush.enabled = false (default)
2023-03-17 00:26:05,620 INFO  server.RaftServerConfigKeys (ConfUtils.java:logGet(46)) - raft.server.log.async-flush.enabled = false (default)
2023-03-17 00:26:05,620 INFO  server.RaftServerConfigKeys (ConfUtils.java:logGet(46)) - raft.server.log.statemachine.data.caching.enabled = false (default)
2023-03-17 00:26:05,620 INFO  segmented.SegmentedRaftLogWorker (SegmentedRaftLogWorker.java:lambda$new$0(134)) - s8@group-6C92F6220E3D-SegmentedRaftLogWorker: flushIndex: setUnconditionally 0 -> -1
2023-03-17 00:26:05,620 INFO  segmented.SegmentedRaftLogWorker (SegmentedRaftLogWorker.java:lambda$new$0(134)) - s8@group-6C92F6220E3D-SegmentedRaftLogWorker: safeCacheEvictIndex: setUnconditionally 0 -> -1
2023-03-17 00:26:05,621 INFO  server.RaftServer$Division (RaftServerImpl.java:start(348)) - s8@group-6C92F6220E3D: start with initializing state, conf=-1: peers:[]|listeners:[], old=null
2023-03-17 00:26:05,621 INFO  server.RaftServer$Division (RaftServerImpl.java:setRole(329)) - s8@group-6C92F6220E3D: changes role from      null to FOLLOWER at term 0 for startInitializing
2023-03-17 00:26:05,621 INFO  util.JmxRegister (JmxRegister.java:tryRegister(44)) - Successfully registered JMX Bean with object name Ratis:service=RaftServer,group=group-6C92F6220E3D,id=s8
2023-03-17 00:26:05,621 INFO  server.RaftServerConfigKeys (ConfUtils.java:logGet(46)) - raft.server.snapshot.auto.trigger.enabled = false (default)
2023-03-17 00:26:05,621 INFO  server.RaftServerConfigKeys (ConfUtils.java:logGet(46)) - raft.server.snapshot.retention.file.num = -1 (default)
2023-03-17 00:26:05,621 INFO  server.RaftServerConfigKeys (ConfUtils.java:logGet(46)) - raft.server.log.purge.upto.snapshot.index = false (default)
2023-03-17 00:26:05,621 INFO  server.RaftServer (RaftServerProxy.java:startImpl(401)) - s8: start RPC server
2023-03-17 00:26:05,622 INFO  server.GrpcService (GrpcService.java:startImpl(302)) - s8: GrpcService started, listening on 40433
2023-03-17 00:26:05,623 INFO  server.RaftServerConfigKeys (ConfUtils.java:logGet(46)) - raft.server.storage.free-space.min = 0MB (=0) (default)
2023-03-17 00:26:05,623 INFO  util.JvmPauseMonitor (JvmPauseMonitor.java:run(103)) - JvmPauseMonitor-s8: Started
2023-03-17 00:26:05,623 INFO  server.RaftServerConfigKeys (ConfUtils.java:logGet(46)) - raft.server.log.corruption.policy = EXCEPTION (default)
2023-03-17 00:26:05,623 INFO  server.RaftServerConfigKeys (ConfUtils.java:logGet(46)) - raft.server.storage.dir = [/home/runner/work/ratis/ratis/ratis-examples/target/test/data/9a3b15da/MiniRaftClusterWithGrpc41701fe8/s9] (custom)
2023-03-17 00:26:05,623 INFO  storage.RaftStorageDirectory (RaftStorageDirectoryImpl.java:analyzeStorage(138)) - The storage directory /home/runner/work/ratis/ratis/ratis-examples/target/test/data/9a3b15da/MiniRaftClusterWithGrpc41701fe8/s9/0d694240-e337-45d8-ab03-6c92f6220e3d does not exist. Creating ...
2023-03-17 00:26:05,623 TRACE util.FileUtils (LogUtils.java:runAndLog(49)) - Successfully ran Files.createDirectories /home/runner/work/ratis/ratis/ratis-examples/target/test/data/9a3b15da/MiniRaftClusterWithGrpc41701fe8/s9/0d694240-e337-45d8-ab03-6c92f6220e3d
2023-03-17 00:26:05,624 INFO  storage.RaftStorageDirectory (RaftStorageDirectoryImpl.java:tryLock(232)) - Lock on /home/runner/work/ratis/ratis/ratis-examples/target/test/data/9a3b15da/MiniRaftClusterWithGrpc41701fe8/s9/0d694240-e337-45d8-ab03-6c92f6220e3d/in_use.lock acquired by nodename 17092@fv-az451-845
2023-03-17 00:26:05,625 TRACE util.FileUtils (LogUtils.java:runAndLog(49)) - Successfully ran Files.createDirectories /home/runner/work/ratis/ratis/ratis-examples/target/test/data/9a3b15da/MiniRaftClusterWithGrpc41701fe8/s9/0d694240-e337-45d8-ab03-6c92f6220e3d/current
2023-03-17 00:26:05,625 TRACE util.FileUtils (LogUtils.java:runAndLog(49)) - Successfully ran Files.createDirectories /home/runner/work/ratis/ratis/ratis-examples/target/test/data/9a3b15da/MiniRaftClusterWithGrpc41701fe8/s9/0d694240-e337-45d8-ab03-6c92f6220e3d/sm
2023-03-17 00:26:05,626 INFO  storage.RaftStorage (RaftStorageImpl.java:format(96)) - Storage directory /home/runner/work/ratis/ratis/ratis-examples/target/test/data/9a3b15da/MiniRaftClusterWithGrpc41701fe8/s9/0d694240-e337-45d8-ab03-6c92f6220e3d has been successfully formatted.
2023-03-17 00:26:05,626 WARN  statemachine.StateMachine (ArithmeticStateMachine.java:loadSnapshot(116)) - The snapshot info is null.
2023-03-17 00:26:05,626 INFO  server.RaftServerConfigKeys (ConfUtils.java:logGet(46)) - raft.server.log.use.memory = false (default)
2023-03-17 00:26:05,626 INFO  server.RaftServerConfigKeys (ConfUtils.java:logGet(46)) - raft.server.log.purge.gap = 1024 (default)
2023-03-17 00:26:05,626 INFO  server.RaftServerConfigKeys (ConfUtils.java:logGet(46)) - raft.server.log.appender.buffer.byte-limit = 4MB (=4194304) (default)
2023-03-17 00:26:05,626 INFO  server.RaftServerConfigKeys (ConfUtils.java:logGet(46)) - raft.server.log.statemachine.data.read.timeout = 1000ms (default)
2023-03-17 00:26:05,626 INFO  server.RaftServerConfigKeys (ConfUtils.java:logGet(46)) - raft.server.log.purge.preservation.log.num = 0 (default)
2023-03-17 00:26:05,627 INFO  server.RaftServerConfigKeys (ConfUtils.java:logGet(46)) - raft.server.log.segment.size.max = 8MB (=8388608) (default)
2023-03-17 00:26:05,627 INFO  server.RaftServerConfigKeys (ConfUtils.java:logGet(46)) - raft.server.log.segment.cache.num.max = 6 (default)
2023-03-17 00:26:05,627 INFO  server.RaftServerConfigKeys (ConfUtils.java:logGet(46)) - raft.server.log.segment.cache.size.max = 200MB (=209715200) (default)
2023-03-17 00:26:05,627 INFO  server.RaftServerConfigKeys (ConfUtils.java:logGet(46)) - raft.server.log.appender.buffer.byte-limit = 4MB (=4194304) (default)
2023-03-17 00:26:05,627 INFO  segmented.SegmentedRaftLogWorker (SegmentedRaftLogWorker.java:<init>(183)) - new s9@group-6C92F6220E3D-SegmentedRaftLogWorker for RaftStorageImpl:Storage Directory /home/runner/work/ratis/ratis/ratis-examples/target/test/data/9a3b15da/MiniRaftClusterWithGrpc41701fe8/s9/0d694240-e337-45d8-ab03-6c92f6220e3d
2023-03-17 00:26:05,627 INFO  server.RaftServerConfigKeys (ConfUtils.java:logGet(46)) - raft.server.log.queue.byte-limit = 64MB (=67108864) (default)
2023-03-17 00:26:05,627 INFO  server.RaftServerConfigKeys (ConfUtils.java:logGet(46)) - raft.server.log.queue.element-limit = 4096 (default)
2023-03-17 00:26:05,627 INFO  server.RaftServerConfigKeys (ConfUtils.java:logGet(46)) - raft.server.log.segment.size.max = 8MB (=8388608) (default)
2023-03-17 00:26:05,627 INFO  server.RaftServerConfigKeys (ConfUtils.java:logGet(46)) - raft.server.log.preallocated.size = 4MB (=4194304) (default)
2023-03-17 00:26:05,627 INFO  server.RaftServerConfigKeys (ConfUtils.java:logGet(46)) - raft.server.log.force.sync.num = 128 (default)
2023-03-17 00:26:05,627 INFO  server.RaftServerConfigKeys (ConfUtils.java:logGet(46)) - raft.server.log.statemachine.data.sync = true (default)
2023-03-17 00:26:05,627 INFO  server.RaftServerConfigKeys (ConfUtils.java:logGet(46)) - raft.server.log.statemachine.data.sync.timeout = 10s (default)
2023-03-17 00:26:05,627 INFO  server.RaftServerConfigKeys (ConfUtils.java:logGet(46)) - raft.server.log.statemachine.data.sync.timeout.retry = -1 (default)
2023-03-17 00:26:05,627 INFO  server.RaftServerConfigKeys (ConfUtils.java:logGet(46)) - raft.server.log.write.buffer.size = 64KB (=65536) (default)
2023-03-17 00:26:05,627 INFO  server.RaftServerConfigKeys (ConfUtils.java:logGet(46)) - raft.server.log.appender.buffer.byte-limit = 4MB (=4194304) (default)
2023-03-17 00:26:05,628 INFO  server.RaftServerConfigKeys (ConfUtils.java:logGet(46)) - raft.server.log.unsafe-flush.enabled = false (default)
2023-03-17 00:26:05,628 INFO  server.RaftServerConfigKeys (ConfUtils.java:logGet(46)) - raft.server.log.async-flush.enabled = false (default)
2023-03-17 00:26:05,628 INFO  server.RaftServerConfigKeys (ConfUtils.java:logGet(46)) - raft.server.log.statemachine.data.caching.enabled = false (default)
2023-03-17 00:26:05,628 INFO  segmented.SegmentedRaftLogWorker (SegmentedRaftLogWorker.java:lambda$new$0(134)) - s9@group-6C92F6220E3D-SegmentedRaftLogWorker: flushIndex: setUnconditionally 0 -> -1
2023-03-17 00:26:05,629 INFO  segmented.SegmentedRaftLogWorker (SegmentedRaftLogWorker.java:lambda$new$0(134)) - s9@group-6C92F6220E3D-SegmentedRaftLogWorker: safeCacheEvictIndex: setUnconditionally 0 -> -1
2023-03-17 00:26:05,629 INFO  server.RaftServer$Division (RaftServerImpl.java:start(348)) - s9@group-6C92F6220E3D: start with initializing state, conf=-1: peers:[]|listeners:[], old=null
2023-03-17 00:26:05,629 INFO  server.RaftServer$Division (RaftServerImpl.java:setRole(329)) - s9@group-6C92F6220E3D: changes role from      null to FOLLOWER at term 0 for startInitializing
2023-03-17 00:26:05,629 INFO  util.JmxRegister (JmxRegister.java:tryRegister(44)) - Successfully registered JMX Bean with object name Ratis:service=RaftServer,group=group-6C92F6220E3D,id=s9
2023-03-17 00:26:05,629 INFO  server.RaftServerConfigKeys (ConfUtils.java:logGet(46)) - raft.server.snapshot.auto.trigger.enabled = false (default)
2023-03-17 00:26:05,629 INFO  server.RaftServerConfigKeys (ConfUtils.java:logGet(46)) - raft.server.snapshot.retention.file.num = -1 (default)
2023-03-17 00:26:05,629 INFO  server.RaftServerConfigKeys (ConfUtils.java:logGet(46)) - raft.server.log.purge.upto.snapshot.index = false (default)
2023-03-17 00:26:05,629 INFO  server.RaftServer (RaftServerProxy.java:startImpl(401)) - s9: start RPC server
2023-03-17 00:26:05,634 INFO  server.GrpcService (GrpcService.java:startImpl(302)) - s9: GrpcService started, listening on 40425
2023-03-17 00:26:05,635 INFO  server.RaftServerConfigKeys (ConfUtils.java:logGet(46)) - raft.server.storage.free-space.min = 0MB (=0) (default)
2023-03-17 00:26:05,635 INFO  server.RaftServerConfigKeys (ConfUtils.java:logGet(46)) - raft.server.log.corruption.policy = EXCEPTION (default)
2023-03-17 00:26:05,635 INFO  server.RaftServerConfigKeys (ConfUtils.java:logGet(46)) - raft.server.storage.dir = [/home/runner/work/ratis/ratis/ratis-examples/target/test/data/9a3b15da/MiniRaftClusterWithGrpc41701fe8/s11] (custom)
2023-03-17 00:26:05,635 INFO  util.JvmPauseMonitor (JvmPauseMonitor.java:run(103)) - JvmPauseMonitor-s9: Started
2023-03-17 00:26:05,635 INFO  storage.RaftStorageDirectory (RaftStorageDirectoryImpl.java:analyzeStorage(138)) - The storage directory /home/runner/work/ratis/ratis/ratis-examples/target/test/data/9a3b15da/MiniRaftClusterWithGrpc41701fe8/s11/0d694240-e337-45d8-ab03-6c92f6220e3d does not exist. Creating ...
2023-03-17 00:26:05,635 TRACE util.FileUtils (LogUtils.java:runAndLog(49)) - Successfully ran Files.createDirectories /home/runner/work/ratis/ratis/ratis-examples/target/test/data/9a3b15da/MiniRaftClusterWithGrpc41701fe8/s11/0d694240-e337-45d8-ab03-6c92f6220e3d
2023-03-17 00:26:05,636 INFO  storage.RaftStorageDirectory (RaftStorageDirectoryImpl.java:tryLock(232)) - Lock on /home/runner/work/ratis/ratis/ratis-examples/target/test/data/9a3b15da/MiniRaftClusterWithGrpc41701fe8/s11/0d694240-e337-45d8-ab03-6c92f6220e3d/in_use.lock acquired by nodename 17092@fv-az451-845
2023-03-17 00:26:05,636 TRACE util.FileUtils (LogUtils.java:runAndLog(49)) - Successfully ran Files.createDirectories /home/runner/work/ratis/ratis/ratis-examples/target/test/data/9a3b15da/MiniRaftClusterWithGrpc41701fe8/s11/0d694240-e337-45d8-ab03-6c92f6220e3d/current
2023-03-17 00:26:05,636 TRACE util.FileUtils (LogUtils.java:runAndLog(49)) - Successfully ran Files.createDirectories /home/runner/work/ratis/ratis/ratis-examples/target/test/data/9a3b15da/MiniRaftClusterWithGrpc41701fe8/s11/0d694240-e337-45d8-ab03-6c92f6220e3d/sm
2023-03-17 00:26:05,637 INFO  storage.RaftStorage (RaftStorageImpl.java:format(96)) - Storage directory /home/runner/work/ratis/ratis/ratis-examples/target/test/data/9a3b15da/MiniRaftClusterWithGrpc41701fe8/s11/0d694240-e337-45d8-ab03-6c92f6220e3d has been successfully formatted.
2023-03-17 00:26:05,638 WARN  statemachine.StateMachine (ArithmeticStateMachine.java:loadSnapshot(116)) - The snapshot info is null.
2023-03-17 00:26:05,638 INFO  server.RaftServerConfigKeys (ConfUtils.java:logGet(46)) - raft.server.log.use.memory = false (default)
2023-03-17 00:26:05,638 INFO  server.RaftServerConfigKeys (ConfUtils.java:logGet(46)) - raft.server.log.purge.gap = 1024 (default)
2023-03-17 00:26:05,638 INFO  server.RaftServerConfigKeys (ConfUtils.java:logGet(46)) - raft.server.log.appender.buffer.byte-limit = 4MB (=4194304) (default)
2023-03-17 00:26:05,638 INFO  server.RaftServerConfigKeys (ConfUtils.java:logGet(46)) - raft.server.log.statemachine.data.read.timeout = 1000ms (default)
2023-03-17 00:26:05,638 INFO  server.RaftServerConfigKeys (ConfUtils.java:logGet(46)) - raft.server.log.purge.preservation.log.num = 0 (default)
2023-03-17 00:26:05,638 INFO  server.RaftServerConfigKeys (ConfUtils.java:logGet(46)) - raft.server.log.segment.size.max = 8MB (=8388608) (default)
2023-03-17 00:26:05,639 INFO  server.RaftServerConfigKeys (ConfUtils.java:logGet(46)) - raft.server.log.segment.cache.num.max = 6 (default)
2023-03-17 00:26:05,639 INFO  server.RaftServerConfigKeys (ConfUtils.java:logGet(46)) - raft.server.log.segment.cache.size.max = 200MB (=209715200) (default)
2023-03-17 00:26:05,639 INFO  server.RaftServerConfigKeys (ConfUtils.java:logGet(46)) - raft.server.log.appender.buffer.byte-limit = 4MB (=4194304) (default)
2023-03-17 00:26:05,639 INFO  segmented.SegmentedRaftLogWorker (SegmentedRaftLogWorker.java:<init>(183)) - new s11@group-6C92F6220E3D-SegmentedRaftLogWorker for RaftStorageImpl:Storage Directory /home/runner/work/ratis/ratis/ratis-examples/target/test/data/9a3b15da/MiniRaftClusterWithGrpc41701fe8/s11/0d694240-e337-45d8-ab03-6c92f6220e3d
2023-03-17 00:26:05,639 INFO  server.RaftServerConfigKeys (ConfUtils.java:logGet(46)) - raft.server.log.queue.byte-limit = 64MB (=67108864) (default)
2023-03-17 00:26:05,639 INFO  server.RaftServerConfigKeys (ConfUtils.java:logGet(46)) - raft.server.log.queue.element-limit = 4096 (default)
2023-03-17 00:26:05,639 INFO  server.RaftServerConfigKeys (ConfUtils.java:logGet(46)) - raft.server.log.segment.size.max = 8MB (=8388608) (default)
2023-03-17 00:26:05,639 INFO  server.RaftServerConfigKeys (ConfUtils.java:logGet(46)) - raft.server.log.preallocated.size = 4MB (=4194304) (default)
2023-03-17 00:26:05,639 INFO  server.RaftServerConfigKeys (ConfUtils.java:logGet(46)) - raft.server.log.force.sync.num = 128 (default)
2023-03-17 00:26:05,639 INFO  server.RaftServerConfigKeys (ConfUtils.java:logGet(46)) - raft.server.log.statemachine.data.sync = true (default)
2023-03-17 00:26:05,639 INFO  server.RaftServerConfigKeys (ConfUtils.java:logGet(46)) - raft.server.log.statemachine.data.sync.timeout = 10s (default)
2023-03-17 00:26:05,639 INFO  server.RaftServerConfigKeys (ConfUtils.java:logGet(46)) - raft.server.log.statemachine.data.sync.timeout.retry = -1 (default)
2023-03-17 00:26:05,639 INFO  server.RaftServerConfigKeys (ConfUtils.java:logGet(46)) - raft.server.log.write.buffer.size = 64KB (=65536) (default)
2023-03-17 00:26:05,639 INFO  server.RaftServerConfigKeys (ConfUtils.java:logGet(46)) - raft.server.log.appender.buffer.byte-limit = 4MB (=4194304) (default)
2023-03-17 00:26:05,640 INFO  server.RaftServerConfigKeys (ConfUtils.java:logGet(46)) - raft.server.log.unsafe-flush.enabled = false (default)
2023-03-17 00:26:05,640 INFO  server.RaftServerConfigKeys (ConfUtils.java:logGet(46)) - raft.server.log.async-flush.enabled = false (default)
2023-03-17 00:26:05,640 INFO  server.RaftServerConfigKeys (ConfUtils.java:logGet(46)) - raft.server.log.statemachine.data.caching.enabled = false (default)
2023-03-17 00:26:05,640 INFO  segmented.SegmentedRaftLogWorker (SegmentedRaftLogWorker.java:lambda$new$0(134)) - s11@group-6C92F6220E3D-SegmentedRaftLogWorker: flushIndex: setUnconditionally 0 -> -1
2023-03-17 00:26:05,640 INFO  segmented.SegmentedRaftLogWorker (SegmentedRaftLogWorker.java:lambda$new$0(134)) - s11@group-6C92F6220E3D-SegmentedRaftLogWorker: safeCacheEvictIndex: setUnconditionally 0 -> -1
2023-03-17 00:26:05,641 INFO  server.RaftServer$Division (RaftServerImpl.java:start(348)) - s11@group-6C92F6220E3D: start with initializing state, conf=-1: peers:[]|listeners:[], old=null
2023-03-17 00:26:05,641 INFO  server.RaftServer$Division (RaftServerImpl.java:setRole(329)) - s11@group-6C92F6220E3D: changes role from      null to FOLLOWER at term 0 for startInitializing
2023-03-17 00:26:05,641 INFO  util.JmxRegister (JmxRegister.java:tryRegister(44)) - Successfully registered JMX Bean with object name Ratis:service=RaftServer,group=group-6C92F6220E3D,id=s11
2023-03-17 00:26:05,641 INFO  server.RaftServerConfigKeys (ConfUtils.java:logGet(46)) - raft.server.snapshot.auto.trigger.enabled = false (default)
2023-03-17 00:26:05,641 INFO  server.RaftServerConfigKeys (ConfUtils.java:logGet(46)) - raft.server.snapshot.retention.file.num = -1 (default)
2023-03-17 00:26:05,641 INFO  server.RaftServerConfigKeys (ConfUtils.java:logGet(46)) - raft.server.log.purge.upto.snapshot.index = false (default)
2023-03-17 00:26:05,641 INFO  server.RaftServer (RaftServerProxy.java:startImpl(401)) - s11: start RPC server
2023-03-17 00:26:05,642 INFO  server.GrpcService (GrpcService.java:startImpl(302)) - s11: GrpcService started, listening on 38817
2023-03-17 00:26:05,642 INFO  util.JvmPauseMonitor (JvmPauseMonitor.java:run(103)) - JvmPauseMonitor-s11: Started
2023-03-17 00:26:05,642 INFO  server.RaftServerConfigKeys (ConfUtils.java:logGet(46)) - raft.server.storage.free-space.min = 0MB (=0) (default)
2023-03-17 00:26:05,643 INFO  server.RaftServerConfigKeys (ConfUtils.java:logGet(46)) - raft.server.log.corruption.policy = EXCEPTION (default)
2023-03-17 00:26:05,643 INFO  server.RaftServerConfigKeys (ConfUtils.java:logGet(46)) - raft.server.storage.dir = [/home/runner/work/ratis/ratis/ratis-examples/target/test/data/9a3b15da/MiniRaftClusterWithGrpc41701fe8/s10] (custom)
2023-03-17 00:26:05,643 INFO  storage.RaftStorageDirectory (RaftStorageDirectoryImpl.java:analyzeStorage(138)) - The storage directory /home/runner/work/ratis/ratis/ratis-examples/target/test/data/9a3b15da/MiniRaftClusterWithGrpc41701fe8/s10/0d694240-e337-45d8-ab03-6c92f6220e3d does not exist. Creating ...
2023-03-17 00:26:05,643 TRACE util.FileUtils (LogUtils.java:runAndLog(49)) - Successfully ran Files.createDirectories /home/runner/work/ratis/ratis/ratis-examples/target/test/data/9a3b15da/MiniRaftClusterWithGrpc41701fe8/s10/0d694240-e337-45d8-ab03-6c92f6220e3d
2023-03-17 00:26:05,644 INFO  storage.RaftStorageDirectory (RaftStorageDirectoryImpl.java:tryLock(232)) - Lock on /home/runner/work/ratis/ratis/ratis-examples/target/test/data/9a3b15da/MiniRaftClusterWithGrpc41701fe8/s10/0d694240-e337-45d8-ab03-6c92f6220e3d/in_use.lock acquired by nodename 17092@fv-az451-845
2023-03-17 00:26:05,644 TRACE util.FileUtils (LogUtils.java:runAndLog(49)) - Successfully ran Files.createDirectories /home/runner/work/ratis/ratis/ratis-examples/target/test/data/9a3b15da/MiniRaftClusterWithGrpc41701fe8/s10/0d694240-e337-45d8-ab03-6c92f6220e3d/current
2023-03-17 00:26:05,645 TRACE util.FileUtils (LogUtils.java:runAndLog(49)) - Successfully ran Files.createDirectories /home/runner/work/ratis/ratis/ratis-examples/target/test/data/9a3b15da/MiniRaftClusterWithGrpc41701fe8/s10/0d694240-e337-45d8-ab03-6c92f6220e3d/sm
2023-03-17 00:26:05,646 INFO  storage.RaftStorage (RaftStorageImpl.java:format(96)) - Storage directory /home/runner/work/ratis/ratis/ratis-examples/target/test/data/9a3b15da/MiniRaftClusterWithGrpc41701fe8/s10/0d694240-e337-45d8-ab03-6c92f6220e3d has been successfully formatted.
2023-03-17 00:26:05,646 WARN  statemachine.StateMachine (ArithmeticStateMachine.java:loadSnapshot(116)) - The snapshot info is null.
2023-03-17 00:26:05,646 INFO  server.RaftServerConfigKeys (ConfUtils.java:logGet(46)) - raft.server.log.use.memory = false (default)
2023-03-17 00:26:05,646 INFO  server.RaftServerConfigKeys (ConfUtils.java:logGet(46)) - raft.server.log.purge.gap = 1024 (default)
2023-03-17 00:26:05,646 INFO  server.RaftServerConfigKeys (ConfUtils.java:logGet(46)) - raft.server.log.appender.buffer.byte-limit = 4MB (=4194304) (default)
2023-03-17 00:26:05,646 INFO  server.RaftServerConfigKeys (ConfUtils.java:logGet(46)) - raft.server.log.statemachine.data.read.timeout = 1000ms (default)
2023-03-17 00:26:05,646 INFO  server.RaftServerConfigKeys (ConfUtils.java:logGet(46)) - raft.server.log.purge.preservation.log.num = 0 (default)
2023-03-17 00:26:05,646 INFO  server.RaftServerConfigKeys (ConfUtils.java:logGet(46)) - raft.server.log.segment.size.max = 8MB (=8388608) (default)
2023-03-17 00:26:05,646 INFO  server.RaftServerConfigKeys (ConfUtils.java:logGet(46)) - raft.server.log.segment.cache.num.max = 6 (default)
2023-03-17 00:26:05,646 INFO  server.RaftServerConfigKeys (ConfUtils.java:logGet(46)) - raft.server.log.segment.cache.size.max = 200MB (=209715200) (default)
2023-03-17 00:26:05,647 INFO  server.RaftServerConfigKeys (ConfUtils.java:logGet(46)) - raft.server.log.appender.buffer.byte-limit = 4MB (=4194304) (default)
2023-03-17 00:26:05,647 INFO  segmented.SegmentedRaftLogWorker (SegmentedRaftLogWorker.java:<init>(183)) - new s10@group-6C92F6220E3D-SegmentedRaftLogWorker for RaftStorageImpl:Storage Directory /home/runner/work/ratis/ratis/ratis-examples/target/test/data/9a3b15da/MiniRaftClusterWithGrpc41701fe8/s10/0d694240-e337-45d8-ab03-6c92f6220e3d
2023-03-17 00:26:05,647 INFO  server.RaftServerConfigKeys (ConfUtils.java:logGet(46)) - raft.server.log.queue.byte-limit = 64MB (=67108864) (default)
2023-03-17 00:26:05,647 INFO  server.RaftServerConfigKeys (ConfUtils.java:logGet(46)) - raft.server.log.queue.element-limit = 4096 (default)
2023-03-17 00:26:05,647 INFO  server.RaftServerConfigKeys (ConfUtils.java:logGet(46)) - raft.server.log.segment.size.max = 8MB (=8388608) (default)
2023-03-17 00:26:05,647 INFO  server.RaftServerConfigKeys (ConfUtils.java:logGet(46)) - raft.server.log.preallocated.size = 4MB (=4194304) (default)
2023-03-17 00:26:05,647 INFO  server.RaftServerConfigKeys (ConfUtils.java:logGet(46)) - raft.server.log.force.sync.num = 128 (default)
2023-03-17 00:26:05,647 INFO  server.RaftServerConfigKeys (ConfUtils.java:logGet(46)) - raft.server.log.statemachine.data.sync = true (default)
2023-03-17 00:26:05,647 INFO  server.RaftServerConfigKeys (ConfUtils.java:logGet(46)) - raft.server.log.statemachine.data.sync.timeout = 10s (default)
2023-03-17 00:26:05,647 INFO  server.RaftServerConfigKeys (ConfUtils.java:logGet(46)) - raft.server.log.statemachine.data.sync.timeout.retry = -1 (default)
2023-03-17 00:26:05,647 INFO  server.RaftServerConfigKeys (ConfUtils.java:logGet(46)) - raft.server.log.write.buffer.size = 64KB (=65536) (default)
2023-03-17 00:26:05,647 INFO  server.RaftServerConfigKeys (ConfUtils.java:logGet(46)) - raft.server.log.appender.buffer.byte-limit = 4MB (=4194304) (default)
2023-03-17 00:26:05,648 INFO  server.RaftServerConfigKeys (ConfUtils.java:logGet(46)) - raft.server.log.unsafe-flush.enabled = false (default)
2023-03-17 00:26:05,648 INFO  server.RaftServerConfigKeys (ConfUtils.java:logGet(46)) - raft.server.log.async-flush.enabled = false (default)
2023-03-17 00:26:05,648 INFO  server.RaftServerConfigKeys (ConfUtils.java:logGet(46)) - raft.server.log.statemachine.data.caching.enabled = false (default)
2023-03-17 00:26:05,648 INFO  segmented.SegmentedRaftLogWorker (SegmentedRaftLogWorker.java:lambda$new$0(134)) - s10@group-6C92F6220E3D-SegmentedRaftLogWorker: flushIndex: setUnconditionally 0 -> -1
2023-03-17 00:26:05,648 INFO  segmented.SegmentedRaftLogWorker (SegmentedRaftLogWorker.java:lambda$new$0(134)) - s10@group-6C92F6220E3D-SegmentedRaftLogWorker: safeCacheEvictIndex: setUnconditionally 0 -> -1
2023-03-17 00:26:05,648 INFO  server.RaftServer$Division (RaftServerImpl.java:start(348)) - s10@group-6C92F6220E3D: start with initializing state, conf=-1: peers:[]|listeners:[], old=null
2023-03-17 00:26:05,648 INFO  server.RaftServer$Division (RaftServerImpl.java:setRole(329)) - s10@group-6C92F6220E3D: changes role from      null to FOLLOWER at term 0 for startInitializing
2023-03-17 00:26:05,648 INFO  util.JmxRegister (JmxRegister.java:tryRegister(44)) - Successfully registered JMX Bean with object name Ratis:service=RaftServer,group=group-6C92F6220E3D,id=s10
2023-03-17 00:26:05,649 INFO  server.RaftServerConfigKeys (ConfUtils.java:logGet(46)) - raft.server.snapshot.auto.trigger.enabled = false (default)
2023-03-17 00:26:05,649 INFO  server.RaftServerConfigKeys (ConfUtils.java:logGet(46)) - raft.server.snapshot.retention.file.num = -1 (default)
2023-03-17 00:26:05,649 INFO  server.RaftServerConfigKeys (ConfUtils.java:logGet(46)) - raft.server.log.purge.upto.snapshot.index = false (default)
2023-03-17 00:26:05,649 INFO  server.RaftServer (RaftServerProxy.java:startImpl(401)) - s10: start RPC server
2023-03-17 00:26:05,651 INFO  server.GrpcService (GrpcService.java:startImpl(302)) - s10: GrpcService started, listening on 41377
2023-03-17 00:26:05,651 INFO  server.RaftServerConfigKeys (ConfUtils.java:logGet(46)) - raft.server.storage.free-space.min = 0MB (=0) (default)
2023-03-17 00:26:05,651 INFO  server.RaftServerConfigKeys (ConfUtils.java:logGet(46)) - raft.server.log.corruption.policy = EXCEPTION (default)
2023-03-17 00:26:05,651 INFO  server.RaftServerConfigKeys (ConfUtils.java:logGet(46)) - raft.server.storage.dir = [/home/runner/work/ratis/ratis/ratis-examples/target/test/data/9a3b15da/MiniRaftClusterWithGrpc41701fe8/s13] (custom)
2023-03-17 00:26:05,651 INFO  storage.RaftStorageDirectory (RaftStorageDirectoryImpl.java:analyzeStorage(138)) - The storage directory /home/runner/work/ratis/ratis/ratis-examples/target/test/data/9a3b15da/MiniRaftClusterWithGrpc41701fe8/s13/0d694240-e337-45d8-ab03-6c92f6220e3d does not exist. Creating ...
2023-03-17 00:26:05,651 TRACE util.FileUtils (LogUtils.java:runAndLog(49)) - Successfully ran Files.createDirectories /home/runner/work/ratis/ratis/ratis-examples/target/test/data/9a3b15da/MiniRaftClusterWithGrpc41701fe8/s13/0d694240-e337-45d8-ab03-6c92f6220e3d
2023-03-17 00:26:05,652 INFO  util.JvmPauseMonitor (JvmPauseMonitor.java:run(103)) - JvmPauseMonitor-s10: Started
2023-03-17 00:26:05,652 INFO  storage.RaftStorageDirectory (RaftStorageDirectoryImpl.java:tryLock(232)) - Lock on /home/runner/work/ratis/ratis/ratis-examples/target/test/data/9a3b15da/MiniRaftClusterWithGrpc41701fe8/s13/0d694240-e337-45d8-ab03-6c92f6220e3d/in_use.lock acquired by nodename 17092@fv-az451-845
2023-03-17 00:26:05,653 TRACE util.FileUtils (LogUtils.java:runAndLog(49)) - Successfully ran Files.createDirectories /home/runner/work/ratis/ratis/ratis-examples/target/test/data/9a3b15da/MiniRaftClusterWithGrpc41701fe8/s13/0d694240-e337-45d8-ab03-6c92f6220e3d/current
2023-03-17 00:26:05,653 TRACE util.FileUtils (LogUtils.java:runAndLog(49)) - Successfully ran Files.createDirectories /home/runner/work/ratis/ratis/ratis-examples/target/test/data/9a3b15da/MiniRaftClusterWithGrpc41701fe8/s13/0d694240-e337-45d8-ab03-6c92f6220e3d/sm
2023-03-17 00:26:05,655 INFO  storage.RaftStorage (RaftStorageImpl.java:format(96)) - Storage directory /home/runner/work/ratis/ratis/ratis-examples/target/test/data/9a3b15da/MiniRaftClusterWithGrpc41701fe8/s13/0d694240-e337-45d8-ab03-6c92f6220e3d has been successfully formatted.
2023-03-17 00:26:05,655 WARN  statemachine.StateMachine (ArithmeticStateMachine.java:loadSnapshot(116)) - The snapshot info is null.
2023-03-17 00:26:05,655 INFO  server.RaftServerConfigKeys (ConfUtils.java:logGet(46)) - raft.server.log.use.memory = false (default)
2023-03-17 00:26:05,655 INFO  server.RaftServerConfigKeys (ConfUtils.java:logGet(46)) - raft.server.log.purge.gap = 1024 (default)
2023-03-17 00:26:05,655 INFO  server.RaftServerConfigKeys (ConfUtils.java:logGet(46)) - raft.server.log.appender.buffer.byte-limit = 4MB (=4194304) (default)
2023-03-17 00:26:05,655 INFO  server.RaftServerConfigKeys (ConfUtils.java:logGet(46)) - raft.server.log.statemachine.data.read.timeout = 1000ms (default)
2023-03-17 00:26:05,655 INFO  server.RaftServerConfigKeys (ConfUtils.java:logGet(46)) - raft.server.log.purge.preservation.log.num = 0 (default)
2023-03-17 00:26:05,656 INFO  server.RaftServerConfigKeys (ConfUtils.java:logGet(46)) - raft.server.log.segment.size.max = 8MB (=8388608) (default)
2023-03-17 00:26:05,656 INFO  server.RaftServerConfigKeys (ConfUtils.java:logGet(46)) - raft.server.log.segment.cache.num.max = 6 (default)
2023-03-17 00:26:05,656 INFO  server.RaftServerConfigKeys (ConfUtils.java:logGet(46)) - raft.server.log.segment.cache.size.max = 200MB (=209715200) (default)
2023-03-17 00:26:05,656 INFO  server.RaftServerConfigKeys (ConfUtils.java:logGet(46)) - raft.server.log.appender.buffer.byte-limit = 4MB (=4194304) (default)
2023-03-17 00:26:05,656 INFO  segmented.SegmentedRaftLogWorker (SegmentedRaftLogWorker.java:<init>(183)) - new s13@group-6C92F6220E3D-SegmentedRaftLogWorker for RaftStorageImpl:Storage Directory /home/runner/work/ratis/ratis/ratis-examples/target/test/data/9a3b15da/MiniRaftClusterWithGrpc41701fe8/s13/0d694240-e337-45d8-ab03-6c92f6220e3d
2023-03-17 00:26:05,656 INFO  server.RaftServerConfigKeys (ConfUtils.java:logGet(46)) - raft.server.log.queue.byte-limit = 64MB (=67108864) (default)
2023-03-17 00:26:05,656 INFO  server.RaftServerConfigKeys (ConfUtils.java:logGet(46)) - raft.server.log.queue.element-limit = 4096 (default)
2023-03-17 00:26:05,656 INFO  server.RaftServerConfigKeys (ConfUtils.java:logGet(46)) - raft.server.log.segment.size.max = 8MB (=8388608) (default)
2023-03-17 00:26:05,656 INFO  server.RaftServerConfigKeys (ConfUtils.java:logGet(46)) - raft.server.log.preallocated.size = 4MB (=4194304) (default)
2023-03-17 00:26:05,656 INFO  server.RaftServerConfigKeys (ConfUtils.java:logGet(46)) - raft.server.log.force.sync.num = 128 (default)
2023-03-17 00:26:05,656 INFO  server.RaftServerConfigKeys (ConfUtils.java:logGet(46)) - raft.server.log.statemachine.data.sync = true (default)
2023-03-17 00:26:05,657 INFO  server.RaftServerConfigKeys (ConfUtils.java:logGet(46)) - raft.server.log.statemachine.data.sync.timeout = 10s (default)
2023-03-17 00:26:05,657 INFO  server.RaftServerConfigKeys (ConfUtils.java:logGet(46)) - raft.server.log.statemachine.data.sync.timeout.retry = -1 (default)
2023-03-17 00:26:05,657 INFO  server.RaftServerConfigKeys (ConfUtils.java:logGet(46)) - raft.server.log.write.buffer.size = 64KB (=65536) (default)
2023-03-17 00:26:05,657 INFO  server.RaftServerConfigKeys (ConfUtils.java:logGet(46)) - raft.server.log.appender.buffer.byte-limit = 4MB (=4194304) (default)
2023-03-17 00:26:05,658 INFO  server.RaftServerConfigKeys (ConfUtils.java:logGet(46)) - raft.server.log.unsafe-flush.enabled = false (default)
2023-03-17 00:26:05,658 INFO  server.RaftServerConfigKeys (ConfUtils.java:logGet(46)) - raft.server.log.async-flush.enabled = false (default)
2023-03-17 00:26:05,658 INFO  server.RaftServerConfigKeys (ConfUtils.java:logGet(46)) - raft.server.log.statemachine.data.caching.enabled = false (default)
2023-03-17 00:26:05,658 INFO  segmented.SegmentedRaftLogWorker (SegmentedRaftLogWorker.java:lambda$new$0(134)) - s13@group-6C92F6220E3D-SegmentedRaftLogWorker: flushIndex: setUnconditionally 0 -> -1
2023-03-17 00:26:05,658 INFO  segmented.SegmentedRaftLogWorker (SegmentedRaftLogWorker.java:lambda$new$0(134)) - s13@group-6C92F6220E3D-SegmentedRaftLogWorker: safeCacheEvictIndex: setUnconditionally 0 -> -1
2023-03-17 00:26:05,658 INFO  server.RaftServer$Division (RaftServerImpl.java:start(348)) - s13@group-6C92F6220E3D: start with initializing state, conf=-1: peers:[]|listeners:[], old=null
2023-03-17 00:26:05,658 INFO  server.RaftServer$Division (RaftServerImpl.java:setRole(329)) - s13@group-6C92F6220E3D: changes role from      null to FOLLOWER at term 0 for startInitializing
2023-03-17 00:26:05,658 INFO  util.JmxRegister (JmxRegister.java:tryRegister(44)) - Successfully registered JMX Bean with object name Ratis:service=RaftServer,group=group-6C92F6220E3D,id=s13
2023-03-17 00:26:05,659 INFO  server.RaftServerConfigKeys (ConfUtils.java:logGet(46)) - raft.server.snapshot.auto.trigger.enabled = false (default)
2023-03-17 00:26:05,659 INFO  server.RaftServerConfigKeys (ConfUtils.java:logGet(46)) - raft.server.snapshot.retention.file.num = -1 (default)
2023-03-17 00:26:05,659 INFO  server.RaftServerConfigKeys (ConfUtils.java:logGet(46)) - raft.server.log.purge.upto.snapshot.index = false (default)
2023-03-17 00:26:05,662 INFO  server.RaftServer (RaftServerProxy.java:startImpl(401)) - s13: start RPC server
2023-03-17 00:26:05,667 INFO  server.GrpcService (GrpcService.java:startImpl(302)) - s13: GrpcService started, listening on 43293
2023-03-17 00:26:05,670 INFO  server.RaftServerConfigKeys (ConfUtils.java:logGet(46)) - raft.server.storage.free-space.min = 0MB (=0) (default)
2023-03-17 00:26:05,671 INFO  server.RaftServerConfigKeys (ConfUtils.java:logGet(46)) - raft.server.log.corruption.policy = EXCEPTION (default)
2023-03-17 00:26:05,672 INFO  server.RaftServerConfigKeys (ConfUtils.java:logGet(46)) - raft.server.storage.dir = [/home/runner/work/ratis/ratis/ratis-examples/target/test/data/9a3b15da/MiniRaftClusterWithGrpc41701fe8/s12] (custom)
2023-03-17 00:26:05,672 INFO  storage.RaftStorageDirectory (RaftStorageDirectoryImpl.java:analyzeStorage(138)) - The storage directory /home/runner/work/ratis/ratis/ratis-examples/target/test/data/9a3b15da/MiniRaftClusterWithGrpc41701fe8/s12/0d694240-e337-45d8-ab03-6c92f6220e3d does not exist. Creating ...
2023-03-17 00:26:05,673 TRACE util.FileUtils (LogUtils.java:runAndLog(49)) - Successfully ran Files.createDirectories /home/runner/work/ratis/ratis/ratis-examples/target/test/data/9a3b15da/MiniRaftClusterWithGrpc41701fe8/s12/0d694240-e337-45d8-ab03-6c92f6220e3d
2023-03-17 00:26:05,673 INFO  util.JvmPauseMonitor (JvmPauseMonitor.java:run(103)) - JvmPauseMonitor-s13: Started
2023-03-17 00:26:05,674 INFO  storage.RaftStorageDirectory (RaftStorageDirectoryImpl.java:tryLock(232)) - Lock on /home/runner/work/ratis/ratis/ratis-examples/target/test/data/9a3b15da/MiniRaftClusterWithGrpc41701fe8/s12/0d694240-e337-45d8-ab03-6c92f6220e3d/in_use.lock acquired by nodename 17092@fv-az451-845
2023-03-17 00:26:05,674 TRACE util.FileUtils (LogUtils.java:runAndLog(49)) - Successfully ran Files.createDirectories /home/runner/work/ratis/ratis/ratis-examples/target/test/data/9a3b15da/MiniRaftClusterWithGrpc41701fe8/s12/0d694240-e337-45d8-ab03-6c92f6220e3d/current
2023-03-17 00:26:05,674 TRACE util.FileUtils (LogUtils.java:runAndLog(49)) - Successfully ran Files.createDirectories /home/runner/work/ratis/ratis/ratis-examples/target/test/data/9a3b15da/MiniRaftClusterWithGrpc41701fe8/s12/0d694240-e337-45d8-ab03-6c92f6220e3d/sm
2023-03-17 00:26:05,676 INFO  storage.RaftStorage (RaftStorageImpl.java:format(96)) - Storage directory /home/runner/work/ratis/ratis/ratis-examples/target/test/data/9a3b15da/MiniRaftClusterWithGrpc41701fe8/s12/0d694240-e337-45d8-ab03-6c92f6220e3d has been successfully formatted.
2023-03-17 00:26:05,676 WARN  statemachine.StateMachine (ArithmeticStateMachine.java:loadSnapshot(116)) - The snapshot info is null.
2023-03-17 00:26:05,676 INFO  server.RaftServerConfigKeys (ConfUtils.java:logGet(46)) - raft.server.log.use.memory = false (default)
2023-03-17 00:26:05,676 INFO  server.RaftServerConfigKeys (ConfUtils.java:logGet(46)) - raft.server.log.purge.gap = 1024 (default)
2023-03-17 00:26:05,676 INFO  server.RaftServerConfigKeys (ConfUtils.java:logGet(46)) - raft.server.log.appender.buffer.byte-limit = 4MB (=4194304) (default)
2023-03-17 00:26:05,676 INFO  server.RaftServerConfigKeys (ConfUtils.java:logGet(46)) - raft.server.log.statemachine.data.read.timeout = 1000ms (default)
2023-03-17 00:26:05,676 INFO  server.RaftServerConfigKeys (ConfUtils.java:logGet(46)) - raft.server.log.purge.preservation.log.num = 0 (default)
2023-03-17 00:26:05,677 INFO  server.RaftServerConfigKeys (ConfUtils.java:logGet(46)) - raft.server.log.segment.size.max = 8MB (=8388608) (default)
2023-03-17 00:26:05,677 INFO  server.RaftServerConfigKeys (ConfUtils.java:logGet(46)) - raft.server.log.segment.cache.num.max = 6 (default)
2023-03-17 00:26:05,677 INFO  server.RaftServerConfigKeys (ConfUtils.java:logGet(46)) - raft.server.log.segment.cache.size.max = 200MB (=209715200) (default)
2023-03-17 00:26:05,677 INFO  server.RaftServerConfigKeys (ConfUtils.java:logGet(46)) - raft.server.log.appender.buffer.byte-limit = 4MB (=4194304) (default)
2023-03-17 00:26:05,678 INFO  segmented.SegmentedRaftLogWorker (SegmentedRaftLogWorker.java:<init>(183)) - new s12@group-6C92F6220E3D-SegmentedRaftLogWorker for RaftStorageImpl:Storage Directory /home/runner/work/ratis/ratis/ratis-examples/target/test/data/9a3b15da/MiniRaftClusterWithGrpc41701fe8/s12/0d694240-e337-45d8-ab03-6c92f6220e3d
2023-03-17 00:26:05,678 INFO  server.RaftServerConfigKeys (ConfUtils.java:logGet(46)) - raft.server.log.queue.byte-limit = 64MB (=67108864) (default)
2023-03-17 00:26:05,678 INFO  server.RaftServerConfigKeys (ConfUtils.java:logGet(46)) - raft.server.log.queue.element-limit = 4096 (default)
2023-03-17 00:26:05,678 INFO  server.RaftServerConfigKeys (ConfUtils.java:logGet(46)) - raft.server.log.segment.size.max = 8MB (=8388608) (default)
2023-03-17 00:26:05,678 INFO  server.RaftServerConfigKeys (ConfUtils.java:logGet(46)) - raft.server.log.preallocated.size = 4MB (=4194304) (default)
2023-03-17 00:26:05,678 INFO  server.RaftServerConfigKeys (ConfUtils.java:logGet(46)) - raft.server.log.force.sync.num = 128 (default)
2023-03-17 00:26:05,678 INFO  server.RaftServerConfigKeys (ConfUtils.java:logGet(46)) - raft.server.log.statemachine.data.sync = true (default)
2023-03-17 00:26:05,678 INFO  server.RaftServerConfigKeys (ConfUtils.java:logGet(46)) - raft.server.log.statemachine.data.sync.timeout = 10s (default)
2023-03-17 00:26:05,678 INFO  server.RaftServerConfigKeys (ConfUtils.java:logGet(46)) - raft.server.log.statemachine.data.sync.timeout.retry = -1 (default)
2023-03-17 00:26:05,678 INFO  server.RaftServerConfigKeys (ConfUtils.java:logGet(46)) - raft.server.log.write.buffer.size = 64KB (=65536) (default)
2023-03-17 00:26:05,678 INFO  server.RaftServerConfigKeys (ConfUtils.java:logGet(46)) - raft.server.log.appender.buffer.byte-limit = 4MB (=4194304) (default)
2023-03-17 00:26:05,679 INFO  server.RaftServerConfigKeys (ConfUtils.java:logGet(46)) - raft.server.log.unsafe-flush.enabled = false (default)
2023-03-17 00:26:05,679 INFO  server.RaftServerConfigKeys (ConfUtils.java:logGet(46)) - raft.server.log.async-flush.enabled = false (default)
2023-03-17 00:26:05,679 INFO  server.RaftServerConfigKeys (ConfUtils.java:logGet(46)) - raft.server.log.statemachine.data.caching.enabled = false (default)
2023-03-17 00:26:05,680 INFO  segmented.SegmentedRaftLogWorker (SegmentedRaftLogWorker.java:lambda$new$0(134)) - s12@group-6C92F6220E3D-SegmentedRaftLogWorker: flushIndex: setUnconditionally 0 -> -1
2023-03-17 00:26:05,680 INFO  segmented.SegmentedRaftLogWorker (SegmentedRaftLogWorker.java:lambda$new$0(134)) - s12@group-6C92F6220E3D-SegmentedRaftLogWorker: safeCacheEvictIndex: setUnconditionally 0 -> -1
2023-03-17 00:26:05,680 INFO  server.RaftServer$Division (RaftServerImpl.java:start(348)) - s12@group-6C92F6220E3D: start with initializing state, conf=-1: peers:[]|listeners:[], old=null
2023-03-17 00:26:05,680 INFO  server.RaftServer$Division (RaftServerImpl.java:setRole(329)) - s12@group-6C92F6220E3D: changes role from      null to FOLLOWER at term 0 for startInitializing
2023-03-17 00:26:05,680 INFO  util.JmxRegister (JmxRegister.java:tryRegister(44)) - Successfully registered JMX Bean with object name Ratis:service=RaftServer,group=group-6C92F6220E3D,id=s12
2023-03-17 00:26:05,681 INFO  server.RaftServerConfigKeys (ConfUtils.java:logGet(46)) - raft.server.snapshot.auto.trigger.enabled = false (default)
2023-03-17 00:26:05,681 INFO  server.RaftServerConfigKeys (ConfUtils.java:logGet(46)) - raft.server.snapshot.retention.file.num = -1 (default)
2023-03-17 00:26:05,681 INFO  server.RaftServerConfigKeys (ConfUtils.java:logGet(46)) - raft.server.log.purge.upto.snapshot.index = false (default)
2023-03-17 00:26:05,682 INFO  server.RaftServer (RaftServerProxy.java:startImpl(401)) - s12: start RPC server
2023-03-17 00:26:05,687 INFO  server.GrpcService (GrpcService.java:startImpl(302)) - s12: GrpcService started, listening on 33813
2023-03-17 00:26:05,687 INFO  util.JvmPauseMonitor (JvmPauseMonitor.java:run(103)) - JvmPauseMonitor-s12: Started
2023-03-17 00:26:05,687 INFO  server.RaftServerConfigKeys (ConfUtils.java:logGet(46)) - raft.server.storage.free-space.min = 0MB (=0) (default)
2023-03-17 00:26:05,687 INFO  server.RaftServerConfigKeys (ConfUtils.java:logGet(46)) - raft.server.log.corruption.policy = EXCEPTION (default)
2023-03-17 00:26:05,687 INFO  server.RaftServerConfigKeys (ConfUtils.java:logGet(46)) - raft.server.storage.dir = [/home/runner/work/ratis/ratis/ratis-examples/target/test/data/9a3b15da/MiniRaftClusterWithGrpc41701fe8/s14] (custom)
2023-03-17 00:26:05,687 INFO  storage.RaftStorageDirectory (RaftStorageDirectoryImpl.java:analyzeStorage(138)) - The storage directory /home/runner/work/ratis/ratis/ratis-examples/target/test/data/9a3b15da/MiniRaftClusterWithGrpc41701fe8/s14/0d694240-e337-45d8-ab03-6c92f6220e3d does not exist. Creating ...
2023-03-17 00:26:05,688 TRACE util.FileUtils (LogUtils.java:runAndLog(49)) - Successfully ran Files.createDirectories /home/runner/work/ratis/ratis/ratis-examples/target/test/data/9a3b15da/MiniRaftClusterWithGrpc41701fe8/s14/0d694240-e337-45d8-ab03-6c92f6220e3d
2023-03-17 00:26:05,689 INFO  storage.RaftStorageDirectory (RaftStorageDirectoryImpl.java:tryLock(232)) - Lock on /home/runner/work/ratis/ratis/ratis-examples/target/test/data/9a3b15da/MiniRaftClusterWithGrpc41701fe8/s14/0d694240-e337-45d8-ab03-6c92f6220e3d/in_use.lock acquired by nodename 17092@fv-az451-845
2023-03-17 00:26:05,689 TRACE util.FileUtils (LogUtils.java:runAndLog(49)) - Successfully ran Files.createDirectories /home/runner/work/ratis/ratis/ratis-examples/target/test/data/9a3b15da/MiniRaftClusterWithGrpc41701fe8/s14/0d694240-e337-45d8-ab03-6c92f6220e3d/current
2023-03-17 00:26:05,689 TRACE util.FileUtils (LogUtils.java:runAndLog(49)) - Successfully ran Files.createDirectories /home/runner/work/ratis/ratis/ratis-examples/target/test/data/9a3b15da/MiniRaftClusterWithGrpc41701fe8/s14/0d694240-e337-45d8-ab03-6c92f6220e3d/sm
2023-03-17 00:26:05,690 INFO  storage.RaftStorage (RaftStorageImpl.java:format(96)) - Storage directory /home/runner/work/ratis/ratis/ratis-examples/target/test/data/9a3b15da/MiniRaftClusterWithGrpc41701fe8/s14/0d694240-e337-45d8-ab03-6c92f6220e3d has been successfully formatted.
2023-03-17 00:26:05,690 WARN  statemachine.StateMachine (ArithmeticStateMachine.java:loadSnapshot(116)) - The snapshot info is null.
2023-03-17 00:26:05,690 INFO  server.RaftServerConfigKeys (ConfUtils.java:logGet(46)) - raft.server.log.use.memory = false (default)
2023-03-17 00:26:05,690 INFO  server.RaftServerConfigKeys (ConfUtils.java:logGet(46)) - raft.server.log.purge.gap = 1024 (default)
2023-03-17 00:26:05,690 INFO  server.RaftServerConfigKeys (ConfUtils.java:logGet(46)) - raft.server.log.appender.buffer.byte-limit = 4MB (=4194304) (default)
2023-03-17 00:26:05,690 INFO  server.RaftServerConfigKeys (ConfUtils.java:logGet(46)) - raft.server.log.statemachine.data.read.timeout = 1000ms (default)
2023-03-17 00:26:05,691 INFO  server.RaftServerConfigKeys (ConfUtils.java:logGet(46)) - raft.server.log.purge.preservation.log.num = 0 (default)
2023-03-17 00:26:05,691 INFO  server.RaftServerConfigKeys (ConfUtils.java:logGet(46)) - raft.server.log.segment.size.max = 8MB (=8388608) (default)
2023-03-17 00:26:05,691 INFO  server.RaftServerConfigKeys (ConfUtils.java:logGet(46)) - raft.server.log.segment.cache.num.max = 6 (default)
2023-03-17 00:26:05,691 INFO  server.RaftServerConfigKeys (ConfUtils.java:logGet(46)) - raft.server.log.segment.cache.size.max = 200MB (=209715200) (default)
2023-03-17 00:26:05,691 INFO  server.RaftServerConfigKeys (ConfUtils.java:logGet(46)) - raft.server.log.appender.buffer.byte-limit = 4MB (=4194304) (default)
2023-03-17 00:26:05,691 INFO  segmented.SegmentedRaftLogWorker (SegmentedRaftLogWorker.java:<init>(183)) - new s14@group-6C92F6220E3D-SegmentedRaftLogWorker for RaftStorageImpl:Storage Directory /home/runner/work/ratis/ratis/ratis-examples/target/test/data/9a3b15da/MiniRaftClusterWithGrpc41701fe8/s14/0d694240-e337-45d8-ab03-6c92f6220e3d
2023-03-17 00:26:05,691 INFO  server.RaftServerConfigKeys (ConfUtils.java:logGet(46)) - raft.server.log.queue.byte-limit = 64MB (=67108864) (default)
2023-03-17 00:26:05,691 INFO  server.RaftServerConfigKeys (ConfUtils.java:logGet(46)) - raft.server.log.queue.element-limit = 4096 (default)
2023-03-17 00:26:05,691 INFO  server.RaftServerConfigKeys (ConfUtils.java:logGet(46)) - raft.server.log.segment.size.max = 8MB (=8388608) (default)
2023-03-17 00:26:05,691 INFO  server.RaftServerConfigKeys (ConfUtils.java:logGet(46)) - raft.server.log.preallocated.size = 4MB (=4194304) (default)
2023-03-17 00:26:05,691 INFO  server.RaftServerConfigKeys (ConfUtils.java:logGet(46)) - raft.server.log.force.sync.num = 128 (default)
2023-03-17 00:26:05,691 INFO  server.RaftServerConfigKeys (ConfUtils.java:logGet(46)) - raft.server.log.statemachine.data.sync = true (default)
2023-03-17 00:26:05,691 INFO  server.RaftServerConfigKeys (ConfUtils.java:logGet(46)) - raft.server.log.statemachine.data.sync.timeout = 10s (default)
2023-03-17 00:26:05,691 INFO  server.RaftServerConfigKeys (ConfUtils.java:logGet(46)) - raft.server.log.statemachine.data.sync.timeout.retry = -1 (default)
2023-03-17 00:26:05,691 INFO  server.RaftServerConfigKeys (ConfUtils.java:logGet(46)) - raft.server.log.write.buffer.size = 64KB (=65536) (default)
2023-03-17 00:26:05,691 INFO  server.RaftServerConfigKeys (ConfUtils.java:logGet(46)) - raft.server.log.appender.buffer.byte-limit = 4MB (=4194304) (default)
2023-03-17 00:26:05,692 INFO  server.RaftServerConfigKeys (ConfUtils.java:logGet(46)) - raft.server.log.unsafe-flush.enabled = false (default)
2023-03-17 00:26:05,692 INFO  server.RaftServerConfigKeys (ConfUtils.java:logGet(46)) - raft.server.log.async-flush.enabled = false (default)
2023-03-17 00:26:05,692 INFO  server.RaftServerConfigKeys (ConfUtils.java:logGet(46)) - raft.server.log.statemachine.data.caching.enabled = false (default)
2023-03-17 00:26:05,693 INFO  segmented.SegmentedRaftLogWorker (SegmentedRaftLogWorker.java:lambda$new$0(134)) - s14@group-6C92F6220E3D-SegmentedRaftLogWorker: flushIndex: setUnconditionally 0 -> -1
2023-03-17 00:26:05,693 INFO  segmented.SegmentedRaftLogWorker (SegmentedRaftLogWorker.java:lambda$new$0(134)) - s14@group-6C92F6220E3D-SegmentedRaftLogWorker: safeCacheEvictIndex: setUnconditionally 0 -> -1
2023-03-17 00:26:05,693 INFO  server.RaftServer$Division (RaftServerImpl.java:start(348)) - s14@group-6C92F6220E3D: start with initializing state, conf=-1: peers:[]|listeners:[], old=null
2023-03-17 00:26:05,693 INFO  server.RaftServer$Division (RaftServerImpl.java:setRole(329)) - s14@group-6C92F6220E3D: changes role from      null to FOLLOWER at term 0 for startInitializing
2023-03-17 00:26:05,693 INFO  util.JmxRegister (JmxRegister.java:tryRegister(44)) - Successfully registered JMX Bean with object name Ratis:service=RaftServer,group=group-6C92F6220E3D,id=s14
2023-03-17 00:26:05,693 INFO  server.RaftServerConfigKeys (ConfUtils.java:logGet(46)) - raft.server.snapshot.auto.trigger.enabled = false (default)
2023-03-17 00:26:05,693 INFO  server.RaftServerConfigKeys (ConfUtils.java:logGet(46)) - raft.server.snapshot.retention.file.num = -1 (default)
2023-03-17 00:26:05,693 INFO  server.RaftServerConfigKeys (ConfUtils.java:logGet(46)) - raft.server.log.purge.upto.snapshot.index = false (default)
2023-03-17 00:26:05,694 INFO  server.RaftServer (RaftServerProxy.java:startImpl(401)) - s14: start RPC server
2023-03-17 00:26:05,697 INFO  server.GrpcService (GrpcService.java:startImpl(302)) - s14: GrpcService started, listening on 40573
2023-03-17 00:26:05,697 INFO  server.RaftServerConfigKeys (ConfUtils.java:logGet(46)) - raft.server.storage.free-space.min = 0MB (=0) (default)
2023-03-17 00:26:05,697 INFO  server.RaftServerConfigKeys (ConfUtils.java:logGet(46)) - raft.server.log.corruption.policy = EXCEPTION (default)
2023-03-17 00:26:05,697 INFO  server.RaftServerConfigKeys (ConfUtils.java:logGet(46)) - raft.server.storage.dir = [/home/runner/work/ratis/ratis/ratis-examples/target/test/data/9a3b15da/MiniRaftClusterWithGrpc41701fe8/s0] (custom)
2023-03-17 00:26:05,697 INFO  storage.RaftStorageDirectory (RaftStorageDirectoryImpl.java:analyzeStorage(138)) - The storage directory /home/runner/work/ratis/ratis/ratis-examples/target/test/data/9a3b15da/MiniRaftClusterWithGrpc41701fe8/s0/0d694240-e337-45d8-ab03-6c92f6220e3d does not exist. Creating ...
2023-03-17 00:26:05,698 TRACE util.FileUtils (LogUtils.java:runAndLog(49)) - Successfully ran Files.createDirectories /home/runner/work/ratis/ratis/ratis-examples/target/test/data/9a3b15da/MiniRaftClusterWithGrpc41701fe8/s0/0d694240-e337-45d8-ab03-6c92f6220e3d
2023-03-17 00:26:05,698 INFO  util.JvmPauseMonitor (JvmPauseMonitor.java:run(103)) - JvmPauseMonitor-s14: Started
2023-03-17 00:26:05,699 INFO  storage.RaftStorageDirectory (RaftStorageDirectoryImpl.java:tryLock(232)) - Lock on /home/runner/work/ratis/ratis/ratis-examples/target/test/data/9a3b15da/MiniRaftClusterWithGrpc41701fe8/s0/0d694240-e337-45d8-ab03-6c92f6220e3d/in_use.lock acquired by nodename 17092@fv-az451-845
2023-03-17 00:26:05,699 TRACE util.FileUtils (LogUtils.java:runAndLog(49)) - Successfully ran Files.createDirectories /home/runner/work/ratis/ratis/ratis-examples/target/test/data/9a3b15da/MiniRaftClusterWithGrpc41701fe8/s0/0d694240-e337-45d8-ab03-6c92f6220e3d/current
2023-03-17 00:26:05,699 TRACE util.FileUtils (LogUtils.java:runAndLog(49)) - Successfully ran Files.createDirectories /home/runner/work/ratis/ratis/ratis-examples/target/test/data/9a3b15da/MiniRaftClusterWithGrpc41701fe8/s0/0d694240-e337-45d8-ab03-6c92f6220e3d/sm
2023-03-17 00:26:05,700 INFO  storage.RaftStorage (RaftStorageImpl.java:format(96)) - Storage directory /home/runner/work/ratis/ratis/ratis-examples/target/test/data/9a3b15da/MiniRaftClusterWithGrpc41701fe8/s0/0d694240-e337-45d8-ab03-6c92f6220e3d has been successfully formatted.
2023-03-17 00:26:05,700 WARN  statemachine.StateMachine (ArithmeticStateMachine.java:loadSnapshot(116)) - The snapshot info is null.
2023-03-17 00:26:05,700 INFO  server.RaftServerConfigKeys (ConfUtils.java:logGet(46)) - raft.server.log.use.memory = false (default)
2023-03-17 00:26:05,700 INFO  server.RaftServerConfigKeys (ConfUtils.java:logGet(46)) - raft.server.log.purge.gap = 1024 (default)
2023-03-17 00:26:05,700 INFO  server.RaftServerConfigKeys (ConfUtils.java:logGet(46)) - raft.server.log.appender.buffer.byte-limit = 4MB (=4194304) (default)
2023-03-17 00:26:05,700 INFO  server.RaftServerConfigKeys (ConfUtils.java:logGet(46)) - raft.server.log.statemachine.data.read.timeout = 1000ms (default)
2023-03-17 00:26:05,700 INFO  server.RaftServerConfigKeys (ConfUtils.java:logGet(46)) - raft.server.log.purge.preservation.log.num = 0 (default)
2023-03-17 00:26:05,701 INFO  server.RaftServerConfigKeys (ConfUtils.java:logGet(46)) - raft.server.log.segment.size.max = 8MB (=8388608) (default)
2023-03-17 00:26:05,701 INFO  server.RaftServerConfigKeys (ConfUtils.java:logGet(46)) - raft.server.log.segment.cache.num.max = 6 (default)
2023-03-17 00:26:05,701 INFO  server.RaftServerConfigKeys (ConfUtils.java:logGet(46)) - raft.server.log.segment.cache.size.max = 200MB (=209715200) (default)
2023-03-17 00:26:05,701 INFO  server.RaftServerConfigKeys (ConfUtils.java:logGet(46)) - raft.server.log.appender.buffer.byte-limit = 4MB (=4194304) (default)
2023-03-17 00:26:05,701 INFO  segmented.SegmentedRaftLogWorker (SegmentedRaftLogWorker.java:<init>(183)) - new s0@group-6C92F6220E3D-SegmentedRaftLogWorker for RaftStorageImpl:Storage Directory /home/runner/work/ratis/ratis/ratis-examples/target/test/data/9a3b15da/MiniRaftClusterWithGrpc41701fe8/s0/0d694240-e337-45d8-ab03-6c92f6220e3d
2023-03-17 00:26:05,701 INFO  server.RaftServerConfigKeys (ConfUtils.java:logGet(46)) - raft.server.log.queue.byte-limit = 64MB (=67108864) (default)
2023-03-17 00:26:05,701 INFO  server.RaftServerConfigKeys (ConfUtils.java:logGet(46)) - raft.server.log.queue.element-limit = 4096 (default)
2023-03-17 00:26:05,701 INFO  server.RaftServerConfigKeys (ConfUtils.java:logGet(46)) - raft.server.log.segment.size.max = 8MB (=8388608) (default)
2023-03-17 00:26:05,701 INFO  server.RaftServerConfigKeys (ConfUtils.java:logGet(46)) - raft.server.log.preallocated.size = 4MB (=4194304) (default)
2023-03-17 00:26:05,701 INFO  server.RaftServerConfigKeys (ConfUtils.java:logGet(46)) - raft.server.log.force.sync.num = 128 (default)
2023-03-17 00:26:05,701 INFO  server.RaftServerConfigKeys (ConfUtils.java:logGet(46)) - raft.server.log.statemachine.data.sync = true (default)
2023-03-17 00:26:05,701 INFO  server.RaftServerConfigKeys (ConfUtils.java:logGet(46)) - raft.server.log.statemachine.data.sync.timeout = 10s (default)
2023-03-17 00:26:05,701 INFO  server.RaftServerConfigKeys (ConfUtils.java:logGet(46)) - raft.server.log.statemachine.data.sync.timeout.retry = -1 (default)
2023-03-17 00:26:05,701 INFO  server.RaftServerConfigKeys (ConfUtils.java:logGet(46)) - raft.server.log.write.buffer.size = 64KB (=65536) (default)
2023-03-17 00:26:05,701 INFO  server.RaftServerConfigKeys (ConfUtils.java:logGet(46)) - raft.server.log.appender.buffer.byte-limit = 4MB (=4194304) (default)
2023-03-17 00:26:05,702 INFO  server.RaftServerConfigKeys (ConfUtils.java:logGet(46)) - raft.server.log.unsafe-flush.enabled = false (default)
2023-03-17 00:26:05,702 INFO  server.RaftServerConfigKeys (ConfUtils.java:logGet(46)) - raft.server.log.async-flush.enabled = false (default)
2023-03-17 00:26:05,702 INFO  server.RaftServerConfigKeys (ConfUtils.java:logGet(46)) - raft.server.log.statemachine.data.caching.enabled = false (default)
2023-03-17 00:26:05,702 INFO  segmented.SegmentedRaftLogWorker (SegmentedRaftLogWorker.java:lambda$new$0(134)) - s0@group-6C92F6220E3D-SegmentedRaftLogWorker: flushIndex: setUnconditionally 0 -> -1
2023-03-17 00:26:05,702 INFO  segmented.SegmentedRaftLogWorker (SegmentedRaftLogWorker.java:lambda$new$0(134)) - s0@group-6C92F6220E3D-SegmentedRaftLogWorker: safeCacheEvictIndex: setUnconditionally 0 -> -1
2023-03-17 00:26:05,706 INFO  server.RaftServer$Division (RaftServerImpl.java:start(348)) - s0@group-6C92F6220E3D: start with initializing state, conf=-1: peers:[]|listeners:[], old=null
2023-03-17 00:26:05,706 INFO  server.RaftServer$Division (RaftServerImpl.java:setRole(329)) - s0@group-6C92F6220E3D: changes role from      null to FOLLOWER at term 0 for startInitializing
2023-03-17 00:26:05,706 INFO  util.JmxRegister (JmxRegister.java:tryRegister(44)) - Successfully registered JMX Bean with object name Ratis:service=RaftServer,group=group-6C92F6220E3D,id=s0
2023-03-17 00:26:05,706 INFO  server.RaftServerConfigKeys (ConfUtils.java:logGet(46)) - raft.server.snapshot.auto.trigger.enabled = false (default)
2023-03-17 00:26:05,706 INFO  server.RaftServerConfigKeys (ConfUtils.java:logGet(46)) - raft.server.snapshot.retention.file.num = -1 (default)
2023-03-17 00:26:05,706 INFO  server.RaftServerConfigKeys (ConfUtils.java:logGet(46)) - raft.server.log.purge.upto.snapshot.index = false (default)
2023-03-17 00:26:05,707 INFO  server.RaftServer (RaftServerProxy.java:startImpl(401)) - s0: start RPC server
2023-03-17 00:26:05,707 INFO  server.GrpcService (GrpcService.java:startImpl(302)) - s0: GrpcService started, listening on 46091
2023-03-17 00:26:05,708 INFO  server.RaftServerConfigKeys (ConfUtils.java:logGet(46)) - raft.server.storage.free-space.min = 0MB (=0) (default)
2023-03-17 00:26:05,708 INFO  server.RaftServerConfigKeys (ConfUtils.java:logGet(46)) - raft.server.log.corruption.policy = EXCEPTION (default)
2023-03-17 00:26:05,708 INFO  util.JvmPauseMonitor (JvmPauseMonitor.java:run(103)) - JvmPauseMonitor-s0: Started
2023-03-17 00:26:05,708 INFO  server.RaftServerConfigKeys (ConfUtils.java:logGet(46)) - raft.server.storage.dir = [/home/runner/work/ratis/ratis/ratis-examples/target/test/data/9a3b15da/MiniRaftClusterWithGrpc41701fe8/s1] (custom)
2023-03-17 00:26:05,708 INFO  storage.RaftStorageDirectory (RaftStorageDirectoryImpl.java:analyzeStorage(138)) - The storage directory /home/runner/work/ratis/ratis/ratis-examples/target/test/data/9a3b15da/MiniRaftClusterWithGrpc41701fe8/s1/0d694240-e337-45d8-ab03-6c92f6220e3d does not exist. Creating ...
2023-03-17 00:26:05,708 TRACE util.FileUtils (LogUtils.java:runAndLog(49)) - Successfully ran Files.createDirectories /home/runner/work/ratis/ratis/ratis-examples/target/test/data/9a3b15da/MiniRaftClusterWithGrpc41701fe8/s1/0d694240-e337-45d8-ab03-6c92f6220e3d
2023-03-17 00:26:05,709 INFO  storage.RaftStorageDirectory (RaftStorageDirectoryImpl.java:tryLock(232)) - Lock on /home/runner/work/ratis/ratis/ratis-examples/target/test/data/9a3b15da/MiniRaftClusterWithGrpc41701fe8/s1/0d694240-e337-45d8-ab03-6c92f6220e3d/in_use.lock acquired by nodename 17092@fv-az451-845
2023-03-17 00:26:05,709 TRACE util.FileUtils (LogUtils.java:runAndLog(49)) - Successfully ran Files.createDirectories /home/runner/work/ratis/ratis/ratis-examples/target/test/data/9a3b15da/MiniRaftClusterWithGrpc41701fe8/s1/0d694240-e337-45d8-ab03-6c92f6220e3d/current
2023-03-17 00:26:05,710 TRACE util.FileUtils (LogUtils.java:runAndLog(49)) - Successfully ran Files.createDirectories /home/runner/work/ratis/ratis/ratis-examples/target/test/data/9a3b15da/MiniRaftClusterWithGrpc41701fe8/s1/0d694240-e337-45d8-ab03-6c92f6220e3d/sm
2023-03-17 00:26:05,711 INFO  storage.RaftStorage (RaftStorageImpl.java:format(96)) - Storage directory /home/runner/work/ratis/ratis/ratis-examples/target/test/data/9a3b15da/MiniRaftClusterWithGrpc41701fe8/s1/0d694240-e337-45d8-ab03-6c92f6220e3d has been successfully formatted.
2023-03-17 00:26:05,711 WARN  statemachine.StateMachine (ArithmeticStateMachine.java:loadSnapshot(116)) - The snapshot info is null.
2023-03-17 00:26:05,711 INFO  server.RaftServerConfigKeys (ConfUtils.java:logGet(46)) - raft.server.log.use.memory = false (default)
2023-03-17 00:26:05,711 INFO  server.RaftServerConfigKeys (ConfUtils.java:logGet(46)) - raft.server.log.purge.gap = 1024 (default)
2023-03-17 00:26:05,711 INFO  server.RaftServerConfigKeys (ConfUtils.java:logGet(46)) - raft.server.log.appender.buffer.byte-limit = 4MB (=4194304) (default)
2023-03-17 00:26:05,711 INFO  server.RaftServerConfigKeys (ConfUtils.java:logGet(46)) - raft.server.log.statemachine.data.read.timeout = 1000ms (default)
2023-03-17 00:26:05,711 INFO  server.RaftServerConfigKeys (ConfUtils.java:logGet(46)) - raft.server.log.purge.preservation.log.num = 0 (default)
2023-03-17 00:26:05,712 INFO  server.RaftServerConfigKeys (ConfUtils.java:logGet(46)) - raft.server.log.segment.size.max = 8MB (=8388608) (default)
2023-03-17 00:26:05,712 INFO  server.RaftServerConfigKeys (ConfUtils.java:logGet(46)) - raft.server.log.segment.cache.num.max = 6 (default)
2023-03-17 00:26:05,712 INFO  server.RaftServerConfigKeys (ConfUtils.java:logGet(46)) - raft.server.log.segment.cache.size.max = 200MB (=209715200) (default)
2023-03-17 00:26:05,712 INFO  server.RaftServerConfigKeys (ConfUtils.java:logGet(46)) - raft.server.log.appender.buffer.byte-limit = 4MB (=4194304) (default)
2023-03-17 00:26:05,712 INFO  segmented.SegmentedRaftLogWorker (SegmentedRaftLogWorker.java:<init>(183)) - new s1@group-6C92F6220E3D-SegmentedRaftLogWorker for RaftStorageImpl:Storage Directory /home/runner/work/ratis/ratis/ratis-examples/target/test/data/9a3b15da/MiniRaftClusterWithGrpc41701fe8/s1/0d694240-e337-45d8-ab03-6c92f6220e3d
2023-03-17 00:26:05,712 INFO  server.RaftServerConfigKeys (ConfUtils.java:logGet(46)) - raft.server.log.queue.byte-limit = 64MB (=67108864) (default)
2023-03-17 00:26:05,712 INFO  server.RaftServerConfigKeys (ConfUtils.java:logGet(46)) - raft.server.log.queue.element-limit = 4096 (default)
2023-03-17 00:26:05,712 INFO  server.RaftServerConfigKeys (ConfUtils.java:logGet(46)) - raft.server.log.segment.size.max = 8MB (=8388608) (default)
2023-03-17 00:26:05,712 INFO  server.RaftServerConfigKeys (ConfUtils.java:logGet(46)) - raft.server.log.preallocated.size = 4MB (=4194304) (default)
2023-03-17 00:26:05,712 INFO  server.RaftServerConfigKeys (ConfUtils.java:logGet(46)) - raft.server.log.force.sync.num = 128 (default)
2023-03-17 00:26:05,712 INFO  server.RaftServerConfigKeys (ConfUtils.java:logGet(46)) - raft.server.log.statemachine.data.sync = true (default)
2023-03-17 00:26:05,712 INFO  server.RaftServerConfigKeys (ConfUtils.java:logGet(46)) - raft.server.log.statemachine.data.sync.timeout = 10s (default)
2023-03-17 00:26:05,712 INFO  server.RaftServerConfigKeys (ConfUtils.java:logGet(46)) - raft.server.log.statemachine.data.sync.timeout.retry = -1 (default)
2023-03-17 00:26:05,712 INFO  server.RaftServerConfigKeys (ConfUtils.java:logGet(46)) - raft.server.log.write.buffer.size = 64KB (=65536) (default)
2023-03-17 00:26:05,712 INFO  server.RaftServerConfigKeys (ConfUtils.java:logGet(46)) - raft.server.log.appender.buffer.byte-limit = 4MB (=4194304) (default)
2023-03-17 00:26:05,713 INFO  server.RaftServerConfigKeys (ConfUtils.java:logGet(46)) - raft.server.log.unsafe-flush.enabled = false (default)
2023-03-17 00:26:05,713 INFO  server.RaftServerConfigKeys (ConfUtils.java:logGet(46)) - raft.server.log.async-flush.enabled = false (default)
2023-03-17 00:26:05,713 INFO  server.RaftServerConfigKeys (ConfUtils.java:logGet(46)) - raft.server.log.statemachine.data.caching.enabled = false (default)
2023-03-17 00:26:05,713 INFO  segmented.SegmentedRaftLogWorker (SegmentedRaftLogWorker.java:lambda$new$0(134)) - s1@group-6C92F6220E3D-SegmentedRaftLogWorker: flushIndex: setUnconditionally 0 -> -1
2023-03-17 00:26:05,713 INFO  segmented.SegmentedRaftLogWorker (SegmentedRaftLogWorker.java:lambda$new$0(134)) - s1@group-6C92F6220E3D-SegmentedRaftLogWorker: safeCacheEvictIndex: setUnconditionally 0 -> -1
2023-03-17 00:26:05,714 INFO  server.RaftServer$Division (RaftServerImpl.java:start(348)) - s1@group-6C92F6220E3D: start with initializing state, conf=-1: peers:[]|listeners:[], old=null
2023-03-17 00:26:05,714 INFO  server.RaftServer$Division (RaftServerImpl.java:setRole(329)) - s1@group-6C92F6220E3D: changes role from      null to FOLLOWER at term 0 for startInitializing
2023-03-17 00:26:05,714 INFO  util.JmxRegister (JmxRegister.java:tryRegister(44)) - Successfully registered JMX Bean with object name Ratis:service=RaftServer,group=group-6C92F6220E3D,id=s1
2023-03-17 00:26:05,714 INFO  server.RaftServerConfigKeys (ConfUtils.java:logGet(46)) - raft.server.snapshot.auto.trigger.enabled = false (default)
2023-03-17 00:26:05,714 INFO  server.RaftServerConfigKeys (ConfUtils.java:logGet(46)) - raft.server.snapshot.retention.file.num = -1 (default)
2023-03-17 00:26:05,714 INFO  server.RaftServerConfigKeys (ConfUtils.java:logGet(46)) - raft.server.log.purge.upto.snapshot.index = false (default)
2023-03-17 00:26:05,714 INFO  server.RaftServer (RaftServerProxy.java:startImpl(401)) - s1: start RPC server
2023-03-17 00:26:05,718 ERROR server.GrpcService (ExitUtils.java:terminate(133)) - Terminating with exit status 1: Failed to start Grpc server
java.io.IOException: Failed to bind to address 0.0.0.0/0.0.0.0:38817
	at org.apache.ratis.thirdparty.io.grpc.netty.NettyServer.start(NettyServer.java:328)
	at org.apache.ratis.thirdparty.io.grpc.internal.ServerImpl.start(ServerImpl.java:183)
	at org.apache.ratis.thirdparty.io.grpc.internal.ServerImpl.start(ServerImpl.java:92)
	at org.apache.ratis.grpc.server.GrpcService.startImpl(GrpcService.java:298)
	at org.apache.ratis.util.LifeCycle.startAndTransition(LifeCycle.java:270)
	at org.apache.ratis.server.RaftServerRpcWithProxy.start(RaftServerRpcWithProxy.java:72)
	at org.apache.ratis.server.impl.RaftServerProxy.startImpl(RaftServerProxy.java:402)
	at org.apache.ratis.util.LifeCycle.startAndTransition(LifeCycle.java:270)
	at org.apache.ratis.server.impl.RaftServerProxy.start(RaftServerProxy.java:395)
	at org.apache.ratis.server.impl.MiniRaftCluster.startServers(MiniRaftCluster.java:499)
	at org.apache.ratis.server.impl.MiniRaftCluster.start(MiniRaftCluster.java:346)
	at org.apache.ratis.server.impl.GroupManagementBaseTest.runMultiGroupTest(GroupManagementBaseTest.java:263)
	at org.apache.ratis.TestMultiRaftGroup.runTestMultiRaftGroup(TestMultiRaftGroup.java:73)
	at org.apache.ratis.TestMultiRaftGroup.runTestMultiRaftGroup(TestMultiRaftGroup.java:59)
	at org.apache.ratis.TestMultiRaftGroup.testMultiRaftGroup(TestMultiRaftGroup.java:55)
	at java.base/jdk.internal.reflect.NativeMethodAccessorImpl.invoke0(Native Method)
	at java.base/jdk.internal.reflect.NativeMethodAccessorImpl.invoke(NativeMethodAccessorImpl.java:62)
	at java.base/jdk.internal.reflect.DelegatingMethodAccessorImpl.invoke(DelegatingMethodAccessorImpl.java:43)
	at java.base/java.lang.reflect.Method.invoke(Method.java:566)
	at org.junit.runners.model.FrameworkMethod$1.runReflectiveCall(FrameworkMethod.java:59)
	at org.junit.internal.runners.model.ReflectiveCallable.run(ReflectiveCallable.java:12)
	at org.junit.runners.model.FrameworkMethod.invokeExplosively(FrameworkMethod.java:56)
	at org.junit.internal.runners.statements.InvokeMethod.evaluate(InvokeMethod.java:17)
	at org.junit.internal.runners.statements.RunAfters.evaluate(RunAfters.java:27)
	at org.junit.internal.runners.statements.FailOnTimeout$CallableStatement.call(FailOnTimeout.java:299)
	at org.junit.internal.runners.statements.FailOnTimeout$CallableStatement.call(FailOnTimeout.java:293)
	at java.base/java.util.concurrent.FutureTask.run(FutureTask.java:264)
	at java.base/java.lang.Thread.run(Thread.java:829)
Caused by: org.apache.ratis.thirdparty.io.netty.channel.unix.Errors$NativeIoException: bind(..) failed: Address already in use
]]></system-out>
  </testcase>
  <testcase name="testMultiRaftGroup[1]" classname="org.apache.ratis.TestMultiRaftGroup" time="1.558">
    <failure message="Unexpected exit." type="java.lang.AssertionError">java.lang.AssertionError: Unexpected exit.
	at org.apache.ratis.util.ExitUtils.assertNotTerminated(ExitUtils.java:109)
	at org.apache.ratis.BaseTest.assertNoFailures(BaseTest.java:89)
	at java.base/jdk.internal.reflect.NativeMethodAccessorImpl.invoke0(Native Method)
	at java.base/jdk.internal.reflect.NativeMethodAccessorImpl.invoke(NativeMethodAccessorImpl.java:62)
	at java.base/jdk.internal.reflect.DelegatingMethodAccessorImpl.invoke(DelegatingMethodAccessorImpl.java:43)
	at java.base/java.lang.reflect.Method.invoke(Method.java:566)
	at org.junit.runners.model.FrameworkMethod$1.runReflectiveCall(FrameworkMethod.java:59)
	at org.junit.internal.runners.model.ReflectiveCallable.run(ReflectiveCallable.java:12)
	at org.junit.runners.model.FrameworkMethod.invokeExplosively(FrameworkMethod.java:56)
	at org.junit.internal.runners.statements.RunAfters.invokeMethod(RunAfters.java:46)
	at org.junit.internal.runners.statements.RunAfters.evaluate(RunAfters.java:33)
	at org.junit.internal.runners.statements.FailOnTimeout$CallableStatement.call(FailOnTimeout.java:299)
	at org.junit.internal.runners.statements.FailOnTimeout$CallableStatement.call(FailOnTimeout.java:293)
	at java.base/java.util.concurrent.FutureTask.run(FutureTask.java:264)
	at java.base/java.lang.Thread.run(Thread.java:829)
Caused by: org.apache.ratis.util.ExitUtils$ExitException: Failed to start Grpc server
	at org.apache.ratis.util.ExitUtils.terminate(ExitUtils.java:141)
	at org.apache.ratis.util.ExitUtils.terminate(ExitUtils.java:151)
	at org.apache.ratis.grpc.server.GrpcService.startImpl(GrpcService.java:300)
	at org.apache.ratis.util.LifeCycle.startAndTransition(LifeCycle.java:270)
	at org.apache.ratis.server.RaftServerRpcWithProxy.start(RaftServerRpcWithProxy.java:72)
	at org.apache.ratis.server.impl.RaftServerProxy.startImpl(RaftServerProxy.java:402)
	at org.apache.ratis.util.LifeCycle.startAndTransition(LifeCycle.java:270)
	at org.apache.ratis.server.impl.RaftServerProxy.start(RaftServerProxy.java:395)
	at org.apache.ratis.server.impl.MiniRaftCluster.startServers(MiniRaftCluster.java:499)
	at org.apache.ratis.server.impl.MiniRaftCluster.start(MiniRaftCluster.java:346)
	at org.apache.ratis.server.impl.GroupManagementBaseTest.runMultiGroupTest(GroupManagementBaseTest.java:263)
	at org.apache.ratis.TestMultiRaftGroup.runTestMultiRaftGroup(TestMultiRaftGroup.java:73)
	at org.apache.ratis.TestMultiRaftGroup.runTestMultiRaftGroup(TestMultiRaftGroup.java:59)
	at org.apache.ratis.TestMultiRaftGroup.testMultiRaftGroup(TestMultiRaftGroup.java:55)
	at java.base/jdk.internal.reflect.NativeMethodAccessorImpl.invoke0(Native Method)
	at java.base/jdk.internal.reflect.NativeMethodAccessorImpl.invoke(NativeMethodAccessorImpl.java:62)
	at java.base/jdk.internal.reflect.DelegatingMethodAccessorImpl.invoke(DelegatingMethodAccessorImpl.java:43)
	at java.base/java.lang.reflect.Method.invoke(Method.java:566)
	at org.junit.runners.model.FrameworkMethod$1.runReflectiveCall(FrameworkMethod.java:59)
	at org.junit.internal.runners.model.ReflectiveCallable.run(ReflectiveCallable.java:12)
	at org.junit.runners.model.FrameworkMethod.invokeExplosively(FrameworkMethod.java:56)
	at org.junit.internal.runners.statements.InvokeMethod.evaluate(InvokeMethod.java:17)
	at org.junit.internal.runners.statements.RunAfters.evaluate(RunAfters.java:27)
	... 4 more
Caused by: java.io.IOException: Failed to bind to address 0.0.0.0/0.0.0.0:38817
	at org.apache.ratis.thirdparty.io.grpc.netty.NettyServer.start(NettyServer.java:328)
	at org.apache.ratis.thirdparty.io.grpc.internal.ServerImpl.start(ServerImpl.java:183)
	at org.apache.ratis.thirdparty.io.grpc.internal.ServerImpl.start(ServerImpl.java:92)
	at org.apache.ratis.grpc.server.GrpcService.startImpl(GrpcService.java:298)
	... 24 more
Caused by: org.apache.ratis.thirdparty.io.netty.channel.unix.Errors$NativeIoException: bind(..) failed: Address already in use
</failure>
  </testcase>
  <testcase name="testMultiRaftGroup[2]" classname="org.apache.ratis.TestMultiRaftGroup" time="22.75">
    <failure message="Unexpected exit." type="java.lang.AssertionError">java.lang.AssertionError: Unexpected exit.
	at org.apache.ratis.util.ExitUtils.assertNotTerminated(ExitUtils.java:109)
	at org.apache.ratis.server.impl.MiniRaftCluster.shutdown(MiniRaftCluster.java:854)
	at org.apache.ratis.server.impl.GroupManagementBaseTest.runMultiGroupTest(GroupManagementBaseTest.java:340)
	at org.apache.ratis.TestMultiRaftGroup.runTestMultiRaftGroup(TestMultiRaftGroup.java:73)
	at org.apache.ratis.TestMultiRaftGroup.runTestMultiRaftGroup(TestMultiRaftGroup.java:59)
	at org.apache.ratis.TestMultiRaftGroup.testMultiRaftGroup(TestMultiRaftGroup.java:55)
	at java.base/jdk.internal.reflect.NativeMethodAccessorImpl.invoke0(Native Method)
	at java.base/jdk.internal.reflect.NativeMethodAccessorImpl.invoke(NativeMethodAccessorImpl.java:62)
	at java.base/jdk.internal.reflect.DelegatingMethodAccessorImpl.invoke(DelegatingMethodAccessorImpl.java:43)
	at java.base/java.lang.reflect.Method.invoke(Method.java:566)
	at org.junit.runners.model.FrameworkMethod$1.runReflectiveCall(FrameworkMethod.java:59)
	at org.junit.internal.runners.model.ReflectiveCallable.run(ReflectiveCallable.java:12)
	at org.junit.runners.model.FrameworkMethod.invokeExplosively(FrameworkMethod.java:56)
	at org.junit.internal.runners.statements.InvokeMethod.evaluate(InvokeMethod.java:17)
	at org.junit.internal.runners.statements.RunAfters.evaluate(RunAfters.java:27)
	at org.junit.internal.runners.statements.FailOnTimeout$CallableStatement.call(FailOnTimeout.java:299)
	at org.junit.internal.runners.statements.FailOnTimeout$CallableStatement.call(FailOnTimeout.java:293)
	at java.base/java.util.concurrent.FutureTask.run(FutureTask.java:264)
	at java.base/java.lang.Thread.run(Thread.java:829)
Caused by: org.apache.ratis.util.ExitUtils$ExitException: Failed to start Grpc server
	at org.apache.ratis.util.ExitUtils.terminate(ExitUtils.java:141)
	at org.apache.ratis.util.ExitUtils.terminate(ExitUtils.java:151)
	at org.apache.ratis.grpc.server.GrpcService.startImpl(GrpcService.java:300)
	at org.apache.ratis.util.LifeCycle.startAndTransition(LifeCycle.java:270)
	at org.apache.ratis.server.RaftServerRpcWithProxy.start(RaftServerRpcWithProxy.java:72)
	at org.apache.ratis.server.impl.RaftServerProxy.startImpl(RaftServerProxy.java:402)
	at org.apache.ratis.util.LifeCycle.startAndTransition(LifeCycle.java:270)
	at org.apache.ratis.server.impl.RaftServerProxy.start(RaftServerProxy.java:395)
	at org.apache.ratis.server.impl.MiniRaftCluster.startServers(MiniRaftCluster.java:499)
	at org.apache.ratis.server.impl.MiniRaftCluster.start(MiniRaftCluster.java:346)
	at org.apache.ratis.server.impl.GroupManagementBaseTest.runMultiGroupTest(GroupManagementBaseTest.java:263)
	... 16 more
Caused by: java.io.IOException: Failed to bind to address 0.0.0.0/0.0.0.0:38817
	at org.apache.ratis.thirdparty.io.grpc.netty.NettyServer.start(NettyServer.java:328)
	at org.apache.ratis.thirdparty.io.grpc.internal.ServerImpl.start(ServerImpl.java:183)
	at org.apache.ratis.thirdparty.io.grpc.internal.ServerImpl.start(ServerImpl.java:92)
	at org.apache.ratis.grpc.server.GrpcService.startImpl(GrpcService.java:298)
	... 24 more
Caused by: org.apache.ratis.thirdparty.io.netty.channel.unix.Errors$NativeIoException: bind(..) failed: Address already in use
</failure>
    <system-out><![CDATA[2023-03-17 00:26:05,725 INFO  util.LogUtils (Slf4jUtils.java:setLogLevel(38)) - Successfully set org.apache.ratis.conf.ConfUtils log level to WARN
2023-03-17 00:26:05,725 INFO  util.LogUtils (Slf4jUtils.java:setLogLevel(38)) - Successfully set org.apache.ratis.util.FileUtils log level to TRACE
2023-03-17 00:26:05,726 INFO  impl.GroupManagementBaseTest (GroupManagementBaseTest.java:runMultiGroupTest(251)) - 

runMultiGroupTest with MiniRaftClusterWithNetty[3, 6, 9, 12, 15]chosen=0: printing ALL groups
2023-03-17 00:26:05,726 INFO  impl.GroupManagementBaseTest (GroupManagementBaseTest.java:runMultiGroupTest(258)) - ids: [s0, s1, s2, s3, s4, s5, s6, s7, s8, s9, s10, s11, s12, s13, s14]
2023-03-17 00:26:05,726 INFO  impl.MiniRaftCluster (MiniRaftCluster.java:newRaftServer(382)) - newRaftServer: s0, group-38FE90E113AE:[], format? true
2023-03-17 00:26:05,726 TRACE util.FileUtils (FileUtils.java:deleteFully(201)) - deleteFully target/test/data/9a3b15da/MiniRaftClusterWithNettyce94e709/s0
2023-03-17 00:26:05,726 TRACE util.FileUtils (FileUtils.java:deleteFully(217)) - deleteFully: target/test/data/9a3b15da/MiniRaftClusterWithNettyce94e709/s0 does not exist.
2023-03-17 00:26:05,726 INFO  impl.MiniRaftCluster (MiniRaftCluster.java:newRaftServer(387)) - Formatted directory target/test/data/9a3b15da/MiniRaftClusterWithNettyce94e709/s0
2023-03-17 00:26:05,727 INFO  server.RaftServer (ConfUtils.java:logGet(46)) - raft.rpc.type = NETTY (custom)
2023-03-17 00:26:05,733 INFO  netty.NettyConfigKeys$Server (ConfUtils.java:logGet(46)) - raft.netty.server.host = null (default)
2023-03-17 00:26:05,733 INFO  netty.NettyConfigKeys$Server (ConfUtils.java:logGet(46)) - raft.netty.server.port = 43787 (custom)
2023-03-17 00:26:05,734 INFO  impl.DataStreamServerImpl (ConfUtils.java:logGet(46)) - raft.datastream.type = DISABLED (default)
2023-03-17 00:26:05,734 INFO  server.RaftServerConfigKeys (ConfUtils.java:logGet(46)) - raft.server.threadpool.proxy.cached = true (default)
2023-03-17 00:26:05,734 INFO  server.RaftServerConfigKeys (ConfUtils.java:logGet(46)) - raft.server.threadpool.proxy.size = 0 (default)
2023-03-17 00:26:05,734 INFO  server.RaftServerConfigKeys (ConfUtils.java:logGet(46)) - raft.server.rpc.slowness.timeout = 60s (default)
2023-03-17 00:26:05,734 INFO  server.RaftServerConfigKeys (ConfUtils.java:logGet(46)) - raft.server.leaderelection.leader.step-down.wait-time = 10s (default)
2023-03-17 00:26:05,734 INFO  server.RaftServerConfigKeys (ConfUtils.java:logGet(46)) - raft.server.storage.dir = [/home/runner/work/ratis/ratis/ratis-examples/target/test/data/9a3b15da/MiniRaftClusterWithNettyce94e709/s0] (custom)
2023-03-17 00:26:05,738 INFO  server.RaftServer (RaftServerProxy.java:addNew(99)) - s0: addNew group-38FE90E113AE:[] returns group-38FE90E113AE:java.util.concurrent.CompletableFuture@45fd2d14[Not completed]
2023-03-17 00:26:05,738 INFO  impl.MiniRaftCluster (MiniRaftCluster.java:newRaftServer(382)) - newRaftServer: s1, group-38FE90E113AE:[], format? true
2023-03-17 00:26:05,738 TRACE util.FileUtils (FileUtils.java:deleteFully(201)) - deleteFully target/test/data/9a3b15da/MiniRaftClusterWithNettyce94e709/s1
2023-03-17 00:26:05,738 TRACE util.FileUtils (FileUtils.java:deleteFully(217)) - deleteFully: target/test/data/9a3b15da/MiniRaftClusterWithNettyce94e709/s1 does not exist.
2023-03-17 00:26:05,738 INFO  impl.MiniRaftCluster (MiniRaftCluster.java:newRaftServer(387)) - Formatted directory target/test/data/9a3b15da/MiniRaftClusterWithNettyce94e709/s1
2023-03-17 00:26:05,738 INFO  server.RaftServer (ConfUtils.java:logGet(46)) - raft.rpc.type = NETTY (custom)
2023-03-17 00:26:05,739 INFO  netty.NettyConfigKeys$Server (ConfUtils.java:logGet(46)) - raft.netty.server.host = null (default)
2023-03-17 00:26:05,739 INFO  netty.NettyConfigKeys$Server (ConfUtils.java:logGet(46)) - raft.netty.server.port = 45531 (custom)
2023-03-17 00:26:05,739 INFO  impl.DataStreamServerImpl (ConfUtils.java:logGet(46)) - raft.datastream.type = DISABLED (default)
2023-03-17 00:26:05,739 INFO  server.RaftServerConfigKeys (ConfUtils.java:logGet(46)) - raft.server.threadpool.proxy.cached = true (default)
2023-03-17 00:26:05,739 INFO  server.RaftServerConfigKeys (ConfUtils.java:logGet(46)) - raft.server.threadpool.proxy.size = 0 (default)
2023-03-17 00:26:05,739 INFO  server.RaftServerConfigKeys (ConfUtils.java:logGet(46)) - raft.server.rpc.slowness.timeout = 60s (default)
2023-03-17 00:26:05,739 INFO  server.RaftServerConfigKeys (ConfUtils.java:logGet(46)) - raft.server.leaderelection.leader.step-down.wait-time = 10s (default)
2023-03-17 00:26:05,739 INFO  server.RaftServerConfigKeys (ConfUtils.java:logGet(46)) - raft.server.storage.dir = [/home/runner/work/ratis/ratis/ratis-examples/target/test/data/9a3b15da/MiniRaftClusterWithNettyce94e709/s1] (custom)
2023-03-17 00:26:05,740 INFO  server.RaftServer$Division (RaftServerImpl.java:<init>(198)) - s0: new RaftServerImpl for group-38FE90E113AE:[] with ArithmeticStateMachine:uninitialized
2023-03-17 00:26:05,740 INFO  server.RaftServerConfigKeys (ConfUtils.java:logGet(46)) - raft.server.rpc.timeout.min = 300ms (custom)
2023-03-17 00:26:05,740 INFO  server.RaftServerConfigKeys (ConfUtils.java:logGet(46)) - raft.server.rpc.timeout.max = 600ms (custom)
2023-03-17 00:26:05,740 INFO  server.RaftServerConfigKeys (ConfUtils.java:logGet(46)) - raft.server.rpc.sleep.time = 25ms (default)
2023-03-17 00:26:05,741 INFO  server.RaftServerConfigKeys (ConfUtils.java:logGet(46)) - raft.server.rpc.slowness.timeout = 60s (default)
2023-03-17 00:26:05,741 INFO  server.RaftServerConfigKeys (ConfUtils.java:logGet(46)) - raft.server.leaderelection.leader.step-down.wait-time = 10s (default)
2023-03-17 00:26:05,741 INFO  server.RaftServerConfigKeys (ConfUtils.java:logGet(46)) - raft.server.sleep.deviation.threshold = 300ms (default)
2023-03-17 00:26:05,741 INFO  server.RaftServer$Division (ServerState.java:<init>(113)) - s0@group-38FE90E113AE: ConfigurationManager, init=-1: peers:[]|listeners:[], old=null, confs=<EMPTY_MAP>
2023-03-17 00:26:05,741 INFO  server.RaftServerConfigKeys (ConfUtils.java:logGet(46)) - raft.server.notification.no-leader.timeout = 60s (default)
2023-03-17 00:26:05,741 INFO  server.RaftServerConfigKeys (ConfUtils.java:logGet(46)) - raft.server.read.timeout = 10s (default)
2023-03-17 00:26:05,741 INFO  server.RaftServerConfigKeys (ConfUtils.java:logGet(46)) - raft.server.retrycache.expirytime = 60s (default)
2023-03-17 00:26:05,741 INFO  server.RaftServerConfigKeys (ConfUtils.java:logGet(46)) - raft.server.retrycache.statistics.expirytime = 100μs (default)
2023-03-17 00:26:05,741 INFO  server.RaftServerConfigKeys (ConfUtils.java:logGet(46)) - raft.server.read.option = DEFAULT (default)
2023-03-17 00:26:05,742 INFO  server.RaftServerConfigKeys (ConfUtils.java:logGet(46)) - raft.server.log.appender.install.snapshot.enabled = true (default)
2023-03-17 00:26:05,742 INFO  server.RaftServerConfigKeys (ConfUtils.java:logGet(46)) - raft.server.threadpool.server.cached = true (default)
2023-03-17 00:26:05,742 INFO  server.RaftServerConfigKeys (ConfUtils.java:logGet(46)) - raft.server.threadpool.server.size = 0 (default)
2023-03-17 00:26:05,742 INFO  server.RaftServerConfigKeys (ConfUtils.java:logGet(46)) - raft.server.threadpool.client.cached = true (default)
2023-03-17 00:26:05,742 INFO  server.RaftServerConfigKeys (ConfUtils.java:logGet(46)) - raft.server.threadpool.client.size = 0 (default)
2023-03-17 00:26:05,742 INFO  server.RaftServer (RaftServerProxy.java:addNew(99)) - s1: addNew group-38FE90E113AE:[] returns group-38FE90E113AE:java.util.concurrent.CompletableFuture@45b15037[Not completed]
2023-03-17 00:26:05,742 INFO  impl.MiniRaftCluster (MiniRaftCluster.java:newRaftServer(382)) - newRaftServer: s2, group-38FE90E113AE:[], format? true
2023-03-17 00:26:05,743 TRACE util.FileUtils (FileUtils.java:deleteFully(201)) - deleteFully target/test/data/9a3b15da/MiniRaftClusterWithNettyce94e709/s2
2023-03-17 00:26:05,743 TRACE util.FileUtils (FileUtils.java:deleteFully(217)) - deleteFully: target/test/data/9a3b15da/MiniRaftClusterWithNettyce94e709/s2 does not exist.
2023-03-17 00:26:05,743 INFO  impl.MiniRaftCluster (MiniRaftCluster.java:newRaftServer(387)) - Formatted directory target/test/data/9a3b15da/MiniRaftClusterWithNettyce94e709/s2
2023-03-17 00:26:05,743 INFO  server.RaftServer (ConfUtils.java:logGet(46)) - raft.rpc.type = NETTY (custom)
2023-03-17 00:26:05,758 INFO  netty.NettyConfigKeys$Server (ConfUtils.java:logGet(46)) - raft.netty.server.host = null (default)
2023-03-17 00:26:05,758 INFO  netty.NettyConfigKeys$Server (ConfUtils.java:logGet(46)) - raft.netty.server.port = 39635 (custom)
2023-03-17 00:26:05,758 INFO  impl.DataStreamServerImpl (ConfUtils.java:logGet(46)) - raft.datastream.type = DISABLED (default)
2023-03-17 00:26:05,758 INFO  server.RaftServerConfigKeys (ConfUtils.java:logGet(46)) - raft.server.threadpool.proxy.cached = true (default)
2023-03-17 00:26:05,758 INFO  server.RaftServerConfigKeys (ConfUtils.java:logGet(46)) - raft.server.threadpool.proxy.size = 0 (default)
2023-03-17 00:26:05,758 INFO  server.RaftServerConfigKeys (ConfUtils.java:logGet(46)) - raft.server.rpc.slowness.timeout = 60s (default)
2023-03-17 00:26:05,759 INFO  server.RaftServerConfigKeys (ConfUtils.java:logGet(46)) - raft.server.leaderelection.leader.step-down.wait-time = 10s (default)
2023-03-17 00:26:05,759 INFO  server.RaftServerConfigKeys (ConfUtils.java:logGet(46)) - raft.server.storage.dir = [/home/runner/work/ratis/ratis/ratis-examples/target/test/data/9a3b15da/MiniRaftClusterWithNettyce94e709/s2] (custom)
2023-03-17 00:26:05,759 INFO  server.RaftServer$Division (RaftServerImpl.java:<init>(198)) - s1: new RaftServerImpl for group-38FE90E113AE:[] with ArithmeticStateMachine:uninitialized
2023-03-17 00:26:05,759 INFO  server.RaftServerConfigKeys (ConfUtils.java:logGet(46)) - raft.server.rpc.timeout.min = 300ms (custom)
2023-03-17 00:26:05,759 INFO  server.RaftServerConfigKeys (ConfUtils.java:logGet(46)) - raft.server.rpc.timeout.max = 600ms (custom)
2023-03-17 00:26:05,759 INFO  server.RaftServerConfigKeys (ConfUtils.java:logGet(46)) - raft.server.rpc.sleep.time = 25ms (default)
2023-03-17 00:26:05,759 INFO  server.RaftServerConfigKeys (ConfUtils.java:logGet(46)) - raft.server.rpc.slowness.timeout = 60s (default)
2023-03-17 00:26:05,759 INFO  server.RaftServerConfigKeys (ConfUtils.java:logGet(46)) - raft.server.leaderelection.leader.step-down.wait-time = 10s (default)
2023-03-17 00:26:05,759 INFO  server.RaftServerConfigKeys (ConfUtils.java:logGet(46)) - raft.server.sleep.deviation.threshold = 300ms (default)
2023-03-17 00:26:05,759 INFO  server.RaftServer$Division (ServerState.java:<init>(113)) - s1@group-38FE90E113AE: ConfigurationManager, init=-1: peers:[]|listeners:[], old=null, confs=<EMPTY_MAP>
2023-03-17 00:26:05,760 INFO  server.RaftServerConfigKeys (ConfUtils.java:logGet(46)) - raft.server.notification.no-leader.timeout = 60s (default)
2023-03-17 00:26:05,760 INFO  server.RaftServerConfigKeys (ConfUtils.java:logGet(46)) - raft.server.read.timeout = 10s (default)
2023-03-17 00:26:05,760 INFO  server.RaftServerConfigKeys (ConfUtils.java:logGet(46)) - raft.server.retrycache.expirytime = 60s (default)
2023-03-17 00:26:05,760 INFO  server.RaftServerConfigKeys (ConfUtils.java:logGet(46)) - raft.server.retrycache.statistics.expirytime = 100μs (default)
2023-03-17 00:26:05,760 INFO  server.RaftServerConfigKeys (ConfUtils.java:logGet(46)) - raft.server.read.option = DEFAULT (default)
2023-03-17 00:26:05,760 INFO  server.RaftServerConfigKeys (ConfUtils.java:logGet(46)) - raft.server.log.appender.install.snapshot.enabled = true (default)
2023-03-17 00:26:05,760 INFO  server.RaftServerConfigKeys (ConfUtils.java:logGet(46)) - raft.server.threadpool.server.cached = true (default)
2023-03-17 00:26:05,761 INFO  server.RaftServerConfigKeys (ConfUtils.java:logGet(46)) - raft.server.threadpool.server.size = 0 (default)
2023-03-17 00:26:05,761 INFO  server.RaftServerConfigKeys (ConfUtils.java:logGet(46)) - raft.server.threadpool.client.cached = true (default)
2023-03-17 00:26:05,761 INFO  server.RaftServerConfigKeys (ConfUtils.java:logGet(46)) - raft.server.threadpool.client.size = 0 (default)
2023-03-17 00:26:05,761 INFO  server.RaftServer (RaftServerProxy.java:addNew(99)) - s2: addNew group-38FE90E113AE:[] returns group-38FE90E113AE:java.util.concurrent.CompletableFuture@cb9c6e5[Not completed]
2023-03-17 00:26:05,761 INFO  impl.MiniRaftCluster (MiniRaftCluster.java:newRaftServer(382)) - newRaftServer: s3, group-38FE90E113AE:[], format? true
2023-03-17 00:26:05,761 TRACE util.FileUtils (FileUtils.java:deleteFully(201)) - deleteFully target/test/data/9a3b15da/MiniRaftClusterWithNettyce94e709/s3
2023-03-17 00:26:05,761 TRACE util.FileUtils (FileUtils.java:deleteFully(217)) - deleteFully: target/test/data/9a3b15da/MiniRaftClusterWithNettyce94e709/s3 does not exist.
2023-03-17 00:26:05,761 INFO  impl.MiniRaftCluster (MiniRaftCluster.java:newRaftServer(387)) - Formatted directory target/test/data/9a3b15da/MiniRaftClusterWithNettyce94e709/s3
2023-03-17 00:26:05,761 INFO  server.RaftServer (ConfUtils.java:logGet(46)) - raft.rpc.type = NETTY (custom)
2023-03-17 00:26:05,762 INFO  netty.NettyConfigKeys$Server (ConfUtils.java:logGet(46)) - raft.netty.server.host = null (default)
2023-03-17 00:26:05,762 INFO  netty.NettyConfigKeys$Server (ConfUtils.java:logGet(46)) - raft.netty.server.port = 36277 (custom)
2023-03-17 00:26:05,762 INFO  impl.DataStreamServerImpl (ConfUtils.java:logGet(46)) - raft.datastream.type = DISABLED (default)
2023-03-17 00:26:05,762 INFO  server.RaftServerConfigKeys (ConfUtils.java:logGet(46)) - raft.server.threadpool.proxy.cached = true (default)
2023-03-17 00:26:05,762 INFO  server.RaftServerConfigKeys (ConfUtils.java:logGet(46)) - raft.server.threadpool.proxy.size = 0 (default)
2023-03-17 00:26:05,762 INFO  server.RaftServerConfigKeys (ConfUtils.java:logGet(46)) - raft.server.rpc.slowness.timeout = 60s (default)
2023-03-17 00:26:05,762 INFO  server.RaftServerConfigKeys (ConfUtils.java:logGet(46)) - raft.server.leaderelection.leader.step-down.wait-time = 10s (default)
2023-03-17 00:26:05,762 INFO  server.RaftServerConfigKeys (ConfUtils.java:logGet(46)) - raft.server.storage.dir = [/home/runner/work/ratis/ratis/ratis-examples/target/test/data/9a3b15da/MiniRaftClusterWithNettyce94e709/s3] (custom)
2023-03-17 00:26:05,763 INFO  server.RaftServer$Division (RaftServerImpl.java:<init>(198)) - s2: new RaftServerImpl for group-38FE90E113AE:[] with ArithmeticStateMachine:uninitialized
2023-03-17 00:26:05,763 INFO  server.RaftServerConfigKeys (ConfUtils.java:logGet(46)) - raft.server.rpc.timeout.min = 300ms (custom)
2023-03-17 00:26:05,763 INFO  server.RaftServerConfigKeys (ConfUtils.java:logGet(46)) - raft.server.rpc.timeout.max = 600ms (custom)
2023-03-17 00:26:05,763 INFO  server.RaftServerConfigKeys (ConfUtils.java:logGet(46)) - raft.server.rpc.sleep.time = 25ms (default)
2023-03-17 00:26:05,763 INFO  server.RaftServerConfigKeys (ConfUtils.java:logGet(46)) - raft.server.rpc.slowness.timeout = 60s (default)
2023-03-17 00:26:05,763 INFO  server.RaftServerConfigKeys (ConfUtils.java:logGet(46)) - raft.server.leaderelection.leader.step-down.wait-time = 10s (default)
2023-03-17 00:26:05,763 INFO  server.RaftServerConfigKeys (ConfUtils.java:logGet(46)) - raft.server.sleep.deviation.threshold = 300ms (default)
2023-03-17 00:26:05,763 INFO  server.RaftServer$Division (ServerState.java:<init>(113)) - s2@group-38FE90E113AE: ConfigurationManager, init=-1: peers:[]|listeners:[], old=null, confs=<EMPTY_MAP>
2023-03-17 00:26:05,763 INFO  server.RaftServerConfigKeys (ConfUtils.java:logGet(46)) - raft.server.notification.no-leader.timeout = 60s (default)
2023-03-17 00:26:05,763 INFO  server.RaftServerConfigKeys (ConfUtils.java:logGet(46)) - raft.server.read.timeout = 10s (default)
2023-03-17 00:26:05,763 INFO  server.RaftServerConfigKeys (ConfUtils.java:logGet(46)) - raft.server.retrycache.expirytime = 60s (default)
2023-03-17 00:26:05,763 INFO  server.RaftServerConfigKeys (ConfUtils.java:logGet(46)) - raft.server.retrycache.statistics.expirytime = 100μs (default)
2023-03-17 00:26:05,764 INFO  server.RaftServerConfigKeys (ConfUtils.java:logGet(46)) - raft.server.read.option = DEFAULT (default)
2023-03-17 00:26:05,764 INFO  server.RaftServerConfigKeys (ConfUtils.java:logGet(46)) - raft.server.log.appender.install.snapshot.enabled = true (default)
2023-03-17 00:26:05,764 INFO  server.RaftServerConfigKeys (ConfUtils.java:logGet(46)) - raft.server.threadpool.server.cached = true (default)
2023-03-17 00:26:05,764 INFO  server.RaftServerConfigKeys (ConfUtils.java:logGet(46)) - raft.server.threadpool.server.size = 0 (default)
2023-03-17 00:26:05,764 INFO  server.RaftServerConfigKeys (ConfUtils.java:logGet(46)) - raft.server.threadpool.client.cached = true (default)
2023-03-17 00:26:05,764 INFO  server.RaftServerConfigKeys (ConfUtils.java:logGet(46)) - raft.server.threadpool.client.size = 0 (default)
2023-03-17 00:26:05,765 INFO  server.RaftServer (RaftServerProxy.java:addNew(99)) - s3: addNew group-38FE90E113AE:[] returns group-38FE90E113AE:java.util.concurrent.CompletableFuture@52915b07[Not completed]
2023-03-17 00:26:05,765 INFO  impl.MiniRaftCluster (MiniRaftCluster.java:newRaftServer(382)) - newRaftServer: s4, group-38FE90E113AE:[], format? true
2023-03-17 00:26:05,765 TRACE util.FileUtils (FileUtils.java:deleteFully(201)) - deleteFully target/test/data/9a3b15da/MiniRaftClusterWithNettyce94e709/s4
2023-03-17 00:26:05,765 TRACE util.FileUtils (FileUtils.java:deleteFully(217)) - deleteFully: target/test/data/9a3b15da/MiniRaftClusterWithNettyce94e709/s4 does not exist.
2023-03-17 00:26:05,765 INFO  impl.MiniRaftCluster (MiniRaftCluster.java:newRaftServer(387)) - Formatted directory target/test/data/9a3b15da/MiniRaftClusterWithNettyce94e709/s4
2023-03-17 00:26:05,765 INFO  server.RaftServer (ConfUtils.java:logGet(46)) - raft.rpc.type = NETTY (custom)
2023-03-17 00:26:05,766 INFO  netty.NettyConfigKeys$Server (ConfUtils.java:logGet(46)) - raft.netty.server.host = null (default)
2023-03-17 00:26:05,766 INFO  netty.NettyConfigKeys$Server (ConfUtils.java:logGet(46)) - raft.netty.server.port = 39523 (custom)
2023-03-17 00:26:05,766 INFO  impl.DataStreamServerImpl (ConfUtils.java:logGet(46)) - raft.datastream.type = DISABLED (default)
2023-03-17 00:26:05,766 INFO  server.RaftServerConfigKeys (ConfUtils.java:logGet(46)) - raft.server.threadpool.proxy.cached = true (default)
2023-03-17 00:26:05,766 INFO  server.RaftServerConfigKeys (ConfUtils.java:logGet(46)) - raft.server.threadpool.proxy.size = 0 (default)
2023-03-17 00:26:05,766 INFO  server.RaftServerConfigKeys (ConfUtils.java:logGet(46)) - raft.server.rpc.slowness.timeout = 60s (default)
2023-03-17 00:26:05,766 INFO  server.RaftServerConfigKeys (ConfUtils.java:logGet(46)) - raft.server.leaderelection.leader.step-down.wait-time = 10s (default)
2023-03-17 00:26:05,767 INFO  server.RaftServerConfigKeys (ConfUtils.java:logGet(46)) - raft.server.storage.dir = [/home/runner/work/ratis/ratis/ratis-examples/target/test/data/9a3b15da/MiniRaftClusterWithNettyce94e709/s4] (custom)
2023-03-17 00:26:05,767 INFO  server.RaftServer$Division (RaftServerImpl.java:<init>(198)) - s3: new RaftServerImpl for group-38FE90E113AE:[] with ArithmeticStateMachine:uninitialized
2023-03-17 00:26:05,767 INFO  server.RaftServerConfigKeys (ConfUtils.java:logGet(46)) - raft.server.rpc.timeout.min = 300ms (custom)
2023-03-17 00:26:05,767 INFO  server.RaftServerConfigKeys (ConfUtils.java:logGet(46)) - raft.server.rpc.timeout.max = 600ms (custom)
2023-03-17 00:26:05,768 INFO  server.RaftServerConfigKeys (ConfUtils.java:logGet(46)) - raft.server.rpc.sleep.time = 25ms (default)
2023-03-17 00:26:05,768 INFO  server.RaftServerConfigKeys (ConfUtils.java:logGet(46)) - raft.server.rpc.slowness.timeout = 60s (default)
2023-03-17 00:26:05,768 INFO  server.RaftServerConfigKeys (ConfUtils.java:logGet(46)) - raft.server.leaderelection.leader.step-down.wait-time = 10s (default)
2023-03-17 00:26:05,768 INFO  server.RaftServerConfigKeys (ConfUtils.java:logGet(46)) - raft.server.sleep.deviation.threshold = 300ms (default)
2023-03-17 00:26:05,768 INFO  server.RaftServer$Division (ServerState.java:<init>(113)) - s3@group-38FE90E113AE: ConfigurationManager, init=-1: peers:[]|listeners:[], old=null, confs=<EMPTY_MAP>
2023-03-17 00:26:05,768 INFO  server.RaftServerConfigKeys (ConfUtils.java:logGet(46)) - raft.server.notification.no-leader.timeout = 60s (default)
2023-03-17 00:26:05,768 INFO  server.RaftServerConfigKeys (ConfUtils.java:logGet(46)) - raft.server.read.timeout = 10s (default)
2023-03-17 00:26:05,768 INFO  server.RaftServerConfigKeys (ConfUtils.java:logGet(46)) - raft.server.retrycache.expirytime = 60s (default)
2023-03-17 00:26:05,768 INFO  server.RaftServerConfigKeys (ConfUtils.java:logGet(46)) - raft.server.retrycache.statistics.expirytime = 100μs (default)
2023-03-17 00:26:05,768 INFO  server.RaftServerConfigKeys (ConfUtils.java:logGet(46)) - raft.server.read.option = DEFAULT (default)
2023-03-17 00:26:05,769 INFO  server.RaftServerConfigKeys (ConfUtils.java:logGet(46)) - raft.server.log.appender.install.snapshot.enabled = true (default)
2023-03-17 00:26:05,769 INFO  server.RaftServerConfigKeys (ConfUtils.java:logGet(46)) - raft.server.threadpool.server.cached = true (default)
2023-03-17 00:26:05,769 INFO  server.RaftServerConfigKeys (ConfUtils.java:logGet(46)) - raft.server.threadpool.server.size = 0 (default)
2023-03-17 00:26:05,769 INFO  server.RaftServerConfigKeys (ConfUtils.java:logGet(46)) - raft.server.threadpool.client.cached = true (default)
2023-03-17 00:26:05,769 INFO  server.RaftServerConfigKeys (ConfUtils.java:logGet(46)) - raft.server.threadpool.client.size = 0 (default)
2023-03-17 00:26:05,770 INFO  server.RaftServer (RaftServerProxy.java:addNew(99)) - s4: addNew group-38FE90E113AE:[] returns group-38FE90E113AE:java.util.concurrent.CompletableFuture@6f8994dc[Not completed]
2023-03-17 00:26:05,770 INFO  impl.MiniRaftCluster (MiniRaftCluster.java:newRaftServer(382)) - newRaftServer: s5, group-38FE90E113AE:[], format? true
2023-03-17 00:26:05,770 TRACE util.FileUtils (FileUtils.java:deleteFully(201)) - deleteFully target/test/data/9a3b15da/MiniRaftClusterWithNettyce94e709/s5
2023-03-17 00:26:05,770 TRACE util.FileUtils (FileUtils.java:deleteFully(217)) - deleteFully: target/test/data/9a3b15da/MiniRaftClusterWithNettyce94e709/s5 does not exist.
2023-03-17 00:26:05,770 INFO  impl.MiniRaftCluster (MiniRaftCluster.java:newRaftServer(387)) - Formatted directory target/test/data/9a3b15da/MiniRaftClusterWithNettyce94e709/s5
2023-03-17 00:26:05,770 INFO  server.RaftServer (ConfUtils.java:logGet(46)) - raft.rpc.type = NETTY (custom)
2023-03-17 00:26:05,771 INFO  netty.NettyConfigKeys$Server (ConfUtils.java:logGet(46)) - raft.netty.server.host = null (default)
2023-03-17 00:26:05,771 INFO  netty.NettyConfigKeys$Server (ConfUtils.java:logGet(46)) - raft.netty.server.port = 38791 (custom)
2023-03-17 00:26:05,771 INFO  impl.DataStreamServerImpl (ConfUtils.java:logGet(46)) - raft.datastream.type = DISABLED (default)
2023-03-17 00:26:05,771 INFO  server.RaftServerConfigKeys (ConfUtils.java:logGet(46)) - raft.server.threadpool.proxy.cached = true (default)
2023-03-17 00:26:05,771 INFO  server.RaftServerConfigKeys (ConfUtils.java:logGet(46)) - raft.server.threadpool.proxy.size = 0 (default)
2023-03-17 00:26:05,771 INFO  server.RaftServerConfigKeys (ConfUtils.java:logGet(46)) - raft.server.rpc.slowness.timeout = 60s (default)
2023-03-17 00:26:05,771 INFO  server.RaftServerConfigKeys (ConfUtils.java:logGet(46)) - raft.server.leaderelection.leader.step-down.wait-time = 10s (default)
2023-03-17 00:26:05,771 INFO  server.RaftServerConfigKeys (ConfUtils.java:logGet(46)) - raft.server.storage.dir = [/home/runner/work/ratis/ratis/ratis-examples/target/test/data/9a3b15da/MiniRaftClusterWithNettyce94e709/s5] (custom)
2023-03-17 00:26:05,790 INFO  server.RaftServer$Division (RaftServerImpl.java:<init>(198)) - s4: new RaftServerImpl for group-38FE90E113AE:[] with ArithmeticStateMachine:uninitialized
2023-03-17 00:26:05,790 INFO  server.RaftServerConfigKeys (ConfUtils.java:logGet(46)) - raft.server.rpc.timeout.min = 300ms (custom)
2023-03-17 00:26:05,791 INFO  server.RaftServerConfigKeys (ConfUtils.java:logGet(46)) - raft.server.rpc.timeout.max = 600ms (custom)
2023-03-17 00:26:05,791 INFO  server.RaftServerConfigKeys (ConfUtils.java:logGet(46)) - raft.server.rpc.sleep.time = 25ms (default)
2023-03-17 00:26:05,791 INFO  server.RaftServerConfigKeys (ConfUtils.java:logGet(46)) - raft.server.rpc.slowness.timeout = 60s (default)
2023-03-17 00:26:05,791 INFO  server.RaftServerConfigKeys (ConfUtils.java:logGet(46)) - raft.server.leaderelection.leader.step-down.wait-time = 10s (default)
2023-03-17 00:26:05,791 INFO  server.RaftServerConfigKeys (ConfUtils.java:logGet(46)) - raft.server.sleep.deviation.threshold = 300ms (default)
2023-03-17 00:26:05,791 INFO  server.RaftServer$Division (ServerState.java:<init>(113)) - s4@group-38FE90E113AE: ConfigurationManager, init=-1: peers:[]|listeners:[], old=null, confs=<EMPTY_MAP>
2023-03-17 00:26:05,791 INFO  server.RaftServerConfigKeys (ConfUtils.java:logGet(46)) - raft.server.notification.no-leader.timeout = 60s (default)
2023-03-17 00:26:05,791 INFO  server.RaftServerConfigKeys (ConfUtils.java:logGet(46)) - raft.server.read.timeout = 10s (default)
2023-03-17 00:26:05,791 INFO  server.RaftServerConfigKeys (ConfUtils.java:logGet(46)) - raft.server.retrycache.expirytime = 60s (default)
2023-03-17 00:26:05,791 INFO  server.RaftServerConfigKeys (ConfUtils.java:logGet(46)) - raft.server.retrycache.statistics.expirytime = 100μs (default)
2023-03-17 00:26:05,791 INFO  server.RaftServerConfigKeys (ConfUtils.java:logGet(46)) - raft.server.read.option = DEFAULT (default)
2023-03-17 00:26:05,792 INFO  server.RaftServerConfigKeys (ConfUtils.java:logGet(46)) - raft.server.log.appender.install.snapshot.enabled = true (default)
2023-03-17 00:26:05,792 INFO  server.RaftServerConfigKeys (ConfUtils.java:logGet(46)) - raft.server.threadpool.server.cached = true (default)
2023-03-17 00:26:05,792 INFO  server.RaftServerConfigKeys (ConfUtils.java:logGet(46)) - raft.server.threadpool.server.size = 0 (default)
2023-03-17 00:26:05,792 INFO  server.RaftServerConfigKeys (ConfUtils.java:logGet(46)) - raft.server.threadpool.client.cached = true (default)
2023-03-17 00:26:05,792 INFO  server.RaftServer (RaftServerProxy.java:addNew(99)) - s5: addNew group-38FE90E113AE:[] returns group-38FE90E113AE:java.util.concurrent.CompletableFuture@11000ea7[Not completed]
2023-03-17 00:26:05,793 INFO  server.RaftServerConfigKeys (ConfUtils.java:logGet(46)) - raft.server.threadpool.client.size = 0 (default)
2023-03-17 00:26:05,793 INFO  impl.MiniRaftCluster (MiniRaftCluster.java:newRaftServer(382)) - newRaftServer: s6, group-38FE90E113AE:[], format? true
2023-03-17 00:26:05,793 TRACE util.FileUtils (FileUtils.java:deleteFully(201)) - deleteFully target/test/data/9a3b15da/MiniRaftClusterWithNettyce94e709/s6
2023-03-17 00:26:05,793 TRACE util.FileUtils (FileUtils.java:deleteFully(217)) - deleteFully: target/test/data/9a3b15da/MiniRaftClusterWithNettyce94e709/s6 does not exist.
2023-03-17 00:26:05,793 INFO  impl.MiniRaftCluster (MiniRaftCluster.java:newRaftServer(387)) - Formatted directory target/test/data/9a3b15da/MiniRaftClusterWithNettyce94e709/s6
2023-03-17 00:26:05,793 INFO  server.RaftServer$Division (RaftServerImpl.java:<init>(198)) - s5: new RaftServerImpl for group-38FE90E113AE:[] with ArithmeticStateMachine:uninitialized
2023-03-17 00:26:05,793 INFO  server.RaftServer (ConfUtils.java:logGet(46)) - raft.rpc.type = NETTY (custom)
2023-03-17 00:26:05,793 INFO  server.RaftServerConfigKeys (ConfUtils.java:logGet(46)) - raft.server.rpc.timeout.min = 300ms (custom)
2023-03-17 00:26:05,793 INFO  server.RaftServerConfigKeys (ConfUtils.java:logGet(46)) - raft.server.rpc.timeout.max = 600ms (custom)
2023-03-17 00:26:05,793 INFO  server.RaftServerConfigKeys (ConfUtils.java:logGet(46)) - raft.server.rpc.sleep.time = 25ms (default)
2023-03-17 00:26:05,794 INFO  server.RaftServerConfigKeys (ConfUtils.java:logGet(46)) - raft.server.rpc.slowness.timeout = 60s (default)
2023-03-17 00:26:05,794 INFO  server.RaftServerConfigKeys (ConfUtils.java:logGet(46)) - raft.server.leaderelection.leader.step-down.wait-time = 10s (default)
2023-03-17 00:26:05,794 INFO  server.RaftServerConfigKeys (ConfUtils.java:logGet(46)) - raft.server.sleep.deviation.threshold = 300ms (default)
2023-03-17 00:26:05,794 INFO  server.RaftServer$Division (ServerState.java:<init>(113)) - s5@group-38FE90E113AE: ConfigurationManager, init=-1: peers:[]|listeners:[], old=null, confs=<EMPTY_MAP>
2023-03-17 00:26:05,794 INFO  server.RaftServerConfigKeys (ConfUtils.java:logGet(46)) - raft.server.notification.no-leader.timeout = 60s (default)
2023-03-17 00:26:05,794 INFO  server.RaftServerConfigKeys (ConfUtils.java:logGet(46)) - raft.server.read.timeout = 10s (default)
2023-03-17 00:26:05,794 INFO  server.RaftServerConfigKeys (ConfUtils.java:logGet(46)) - raft.server.retrycache.expirytime = 60s (default)
2023-03-17 00:26:05,794 INFO  server.RaftServerConfigKeys (ConfUtils.java:logGet(46)) - raft.server.retrycache.statistics.expirytime = 100μs (default)
2023-03-17 00:26:05,794 INFO  server.RaftServerConfigKeys (ConfUtils.java:logGet(46)) - raft.server.read.option = DEFAULT (default)
2023-03-17 00:26:05,795 INFO  netty.NettyConfigKeys$Server (ConfUtils.java:logGet(46)) - raft.netty.server.host = null (default)
2023-03-17 00:26:05,795 INFO  netty.NettyConfigKeys$Server (ConfUtils.java:logGet(46)) - raft.netty.server.port = 34503 (custom)
2023-03-17 00:26:05,796 INFO  impl.DataStreamServerImpl (ConfUtils.java:logGet(46)) - raft.datastream.type = DISABLED (default)
2023-03-17 00:26:05,796 INFO  server.RaftServerConfigKeys (ConfUtils.java:logGet(46)) - raft.server.threadpool.proxy.cached = true (default)
2023-03-17 00:26:05,796 INFO  server.RaftServerConfigKeys (ConfUtils.java:logGet(46)) - raft.server.threadpool.proxy.size = 0 (default)
2023-03-17 00:26:05,796 INFO  server.RaftServerConfigKeys (ConfUtils.java:logGet(46)) - raft.server.rpc.slowness.timeout = 60s (default)
2023-03-17 00:26:05,796 INFO  server.RaftServerConfigKeys (ConfUtils.java:logGet(46)) - raft.server.leaderelection.leader.step-down.wait-time = 10s (default)
2023-03-17 00:26:05,796 INFO  server.RaftServerConfigKeys (ConfUtils.java:logGet(46)) - raft.server.storage.dir = [/home/runner/work/ratis/ratis/ratis-examples/target/test/data/9a3b15da/MiniRaftClusterWithNettyce94e709/s6] (custom)
2023-03-17 00:26:05,796 INFO  server.RaftServer (RaftServerProxy.java:addNew(99)) - s6: addNew group-38FE90E113AE:[] returns group-38FE90E113AE:java.util.concurrent.CompletableFuture@2af46e99[Not completed]
2023-03-17 00:26:05,796 INFO  impl.MiniRaftCluster (MiniRaftCluster.java:newRaftServer(382)) - newRaftServer: s7, group-38FE90E113AE:[], format? true
2023-03-17 00:26:05,797 TRACE util.FileUtils (FileUtils.java:deleteFully(201)) - deleteFully target/test/data/9a3b15da/MiniRaftClusterWithNettyce94e709/s7
2023-03-17 00:26:05,797 TRACE util.FileUtils (FileUtils.java:deleteFully(217)) - deleteFully: target/test/data/9a3b15da/MiniRaftClusterWithNettyce94e709/s7 does not exist.
2023-03-17 00:26:05,797 INFO  impl.MiniRaftCluster (MiniRaftCluster.java:newRaftServer(387)) - Formatted directory target/test/data/9a3b15da/MiniRaftClusterWithNettyce94e709/s7
2023-03-17 00:26:05,797 INFO  server.RaftServerConfigKeys (ConfUtils.java:logGet(46)) - raft.server.log.appender.install.snapshot.enabled = true (default)
2023-03-17 00:26:05,797 INFO  server.RaftServerConfigKeys (ConfUtils.java:logGet(46)) - raft.server.threadpool.server.cached = true (default)
2023-03-17 00:26:05,797 INFO  server.RaftServerConfigKeys (ConfUtils.java:logGet(46)) - raft.server.threadpool.server.size = 0 (default)
2023-03-17 00:26:05,797 INFO  server.RaftServer (ConfUtils.java:logGet(46)) - raft.rpc.type = NETTY (custom)
2023-03-17 00:26:05,797 INFO  server.RaftServerConfigKeys (ConfUtils.java:logGet(46)) - raft.server.threadpool.client.cached = true (default)
2023-03-17 00:26:05,797 INFO  server.RaftServerConfigKeys (ConfUtils.java:logGet(46)) - raft.server.threadpool.client.size = 0 (default)
2023-03-17 00:26:05,798 INFO  netty.NettyConfigKeys$Server (ConfUtils.java:logGet(46)) - raft.netty.server.host = null (default)
2023-03-17 00:26:05,798 INFO  netty.NettyConfigKeys$Server (ConfUtils.java:logGet(46)) - raft.netty.server.port = 44573 (custom)
2023-03-17 00:26:05,798 INFO  impl.DataStreamServerImpl (ConfUtils.java:logGet(46)) - raft.datastream.type = DISABLED (default)
2023-03-17 00:26:05,798 INFO  server.RaftServerConfigKeys (ConfUtils.java:logGet(46)) - raft.server.threadpool.proxy.cached = true (default)
2023-03-17 00:26:05,798 INFO  server.RaftServerConfigKeys (ConfUtils.java:logGet(46)) - raft.server.threadpool.proxy.size = 0 (default)
2023-03-17 00:26:05,798 INFO  server.RaftServerConfigKeys (ConfUtils.java:logGet(46)) - raft.server.rpc.slowness.timeout = 60s (default)
2023-03-17 00:26:05,798 INFO  server.RaftServerConfigKeys (ConfUtils.java:logGet(46)) - raft.server.leaderelection.leader.step-down.wait-time = 10s (default)
2023-03-17 00:26:05,798 INFO  server.RaftServer$Division (RaftServerImpl.java:<init>(198)) - s6: new RaftServerImpl for group-38FE90E113AE:[] with ArithmeticStateMachine:uninitialized
2023-03-17 00:26:05,798 INFO  server.RaftServerConfigKeys (ConfUtils.java:logGet(46)) - raft.server.rpc.timeout.min = 300ms (custom)
2023-03-17 00:26:05,798 INFO  server.RaftServerConfigKeys (ConfUtils.java:logGet(46)) - raft.server.rpc.timeout.max = 600ms (custom)
2023-03-17 00:26:05,798 INFO  server.RaftServerConfigKeys (ConfUtils.java:logGet(46)) - raft.server.rpc.sleep.time = 25ms (default)
2023-03-17 00:26:05,799 INFO  server.RaftServerConfigKeys (ConfUtils.java:logGet(46)) - raft.server.rpc.slowness.timeout = 60s (default)
2023-03-17 00:26:05,798 INFO  server.RaftServerConfigKeys (ConfUtils.java:logGet(46)) - raft.server.storage.dir = [/home/runner/work/ratis/ratis/ratis-examples/target/test/data/9a3b15da/MiniRaftClusterWithNettyce94e709/s7] (custom)
2023-03-17 00:26:05,799 INFO  server.RaftServerConfigKeys (ConfUtils.java:logGet(46)) - raft.server.leaderelection.leader.step-down.wait-time = 10s (default)
2023-03-17 00:26:05,799 INFO  server.RaftServerConfigKeys (ConfUtils.java:logGet(46)) - raft.server.sleep.deviation.threshold = 300ms (default)
2023-03-17 00:26:05,799 INFO  server.RaftServer$Division (ServerState.java:<init>(113)) - s6@group-38FE90E113AE: ConfigurationManager, init=-1: peers:[]|listeners:[], old=null, confs=<EMPTY_MAP>
2023-03-17 00:26:05,799 INFO  server.RaftServerConfigKeys (ConfUtils.java:logGet(46)) - raft.server.notification.no-leader.timeout = 60s (default)
2023-03-17 00:26:05,799 INFO  server.RaftServerConfigKeys (ConfUtils.java:logGet(46)) - raft.server.read.timeout = 10s (default)
2023-03-17 00:26:05,799 INFO  server.RaftServerConfigKeys (ConfUtils.java:logGet(46)) - raft.server.retrycache.expirytime = 60s (default)
2023-03-17 00:26:05,799 INFO  server.RaftServerConfigKeys (ConfUtils.java:logGet(46)) - raft.server.retrycache.statistics.expirytime = 100μs (default)
2023-03-17 00:26:05,799 INFO  server.RaftServerConfigKeys (ConfUtils.java:logGet(46)) - raft.server.read.option = DEFAULT (default)
2023-03-17 00:26:05,802 INFO  server.RaftServer (RaftServerProxy.java:addNew(99)) - s7: addNew group-38FE90E113AE:[] returns group-38FE90E113AE:java.util.concurrent.CompletableFuture@504ffaa1[Not completed]
2023-03-17 00:26:05,802 INFO  impl.MiniRaftCluster (MiniRaftCluster.java:newRaftServer(382)) - newRaftServer: s8, group-38FE90E113AE:[], format? true
2023-03-17 00:26:05,802 TRACE util.FileUtils (FileUtils.java:deleteFully(201)) - deleteFully target/test/data/9a3b15da/MiniRaftClusterWithNettyce94e709/s8
2023-03-17 00:26:05,802 TRACE util.FileUtils (FileUtils.java:deleteFully(217)) - deleteFully: target/test/data/9a3b15da/MiniRaftClusterWithNettyce94e709/s8 does not exist.
2023-03-17 00:26:05,802 INFO  impl.MiniRaftCluster (MiniRaftCluster.java:newRaftServer(387)) - Formatted directory target/test/data/9a3b15da/MiniRaftClusterWithNettyce94e709/s8
2023-03-17 00:26:05,802 INFO  server.RaftServer (ConfUtils.java:logGet(46)) - raft.rpc.type = NETTY (custom)
2023-03-17 00:26:05,803 INFO  netty.NettyConfigKeys$Server (ConfUtils.java:logGet(46)) - raft.netty.server.host = null (default)
2023-03-17 00:26:05,803 INFO  netty.NettyConfigKeys$Server (ConfUtils.java:logGet(46)) - raft.netty.server.port = 45461 (custom)
2023-03-17 00:26:05,803 INFO  impl.DataStreamServerImpl (ConfUtils.java:logGet(46)) - raft.datastream.type = DISABLED (default)
2023-03-17 00:26:05,803 INFO  server.RaftServerConfigKeys (ConfUtils.java:logGet(46)) - raft.server.threadpool.proxy.cached = true (default)
2023-03-17 00:26:05,803 INFO  server.RaftServerConfigKeys (ConfUtils.java:logGet(46)) - raft.server.threadpool.proxy.size = 0 (default)
2023-03-17 00:26:05,803 INFO  server.RaftServerConfigKeys (ConfUtils.java:logGet(46)) - raft.server.rpc.slowness.timeout = 60s (default)
2023-03-17 00:26:05,803 INFO  server.RaftServerConfigKeys (ConfUtils.java:logGet(46)) - raft.server.leaderelection.leader.step-down.wait-time = 10s (default)
2023-03-17 00:26:05,803 INFO  server.RaftServerConfigKeys (ConfUtils.java:logGet(46)) - raft.server.storage.dir = [/home/runner/work/ratis/ratis/ratis-examples/target/test/data/9a3b15da/MiniRaftClusterWithNettyce94e709/s8] (custom)
2023-03-17 00:26:05,805 INFO  server.RaftServer$Division (RaftServerImpl.java:<init>(198)) - s7: new RaftServerImpl for group-38FE90E113AE:[] with ArithmeticStateMachine:uninitialized
2023-03-17 00:26:05,805 INFO  server.RaftServerConfigKeys (ConfUtils.java:logGet(46)) - raft.server.rpc.timeout.min = 300ms (custom)
2023-03-17 00:26:05,805 INFO  server.RaftServerConfigKeys (ConfUtils.java:logGet(46)) - raft.server.rpc.timeout.max = 600ms (custom)
2023-03-17 00:26:05,805 INFO  server.RaftServerConfigKeys (ConfUtils.java:logGet(46)) - raft.server.rpc.sleep.time = 25ms (default)
2023-03-17 00:26:05,805 INFO  server.RaftServerConfigKeys (ConfUtils.java:logGet(46)) - raft.server.rpc.slowness.timeout = 60s (default)
2023-03-17 00:26:05,805 INFO  server.RaftServerConfigKeys (ConfUtils.java:logGet(46)) - raft.server.leaderelection.leader.step-down.wait-time = 10s (default)
2023-03-17 00:26:05,805 INFO  server.RaftServerConfigKeys (ConfUtils.java:logGet(46)) - raft.server.sleep.deviation.threshold = 300ms (default)
2023-03-17 00:26:05,805 INFO  server.RaftServer$Division (ServerState.java:<init>(113)) - s7@group-38FE90E113AE: ConfigurationManager, init=-1: peers:[]|listeners:[], old=null, confs=<EMPTY_MAP>
2023-03-17 00:26:05,805 INFO  server.RaftServerConfigKeys (ConfUtils.java:logGet(46)) - raft.server.notification.no-leader.timeout = 60s (default)
2023-03-17 00:26:05,805 INFO  server.RaftServerConfigKeys (ConfUtils.java:logGet(46)) - raft.server.read.timeout = 10s (default)
2023-03-17 00:26:05,806 INFO  server.RaftServerConfigKeys (ConfUtils.java:logGet(46)) - raft.server.retrycache.expirytime = 60s (default)
2023-03-17 00:26:05,806 INFO  server.RaftServerConfigKeys (ConfUtils.java:logGet(46)) - raft.server.retrycache.statistics.expirytime = 100μs (default)
2023-03-17 00:26:05,806 INFO  server.RaftServerConfigKeys (ConfUtils.java:logGet(46)) - raft.server.read.option = DEFAULT (default)
2023-03-17 00:26:05,807 INFO  server.RaftServerConfigKeys (ConfUtils.java:logGet(46)) - raft.server.log.appender.install.snapshot.enabled = true (default)
2023-03-17 00:26:05,807 INFO  server.RaftServerConfigKeys (ConfUtils.java:logGet(46)) - raft.server.threadpool.server.cached = true (default)
2023-03-17 00:26:05,807 INFO  server.RaftServerConfigKeys (ConfUtils.java:logGet(46)) - raft.server.threadpool.server.size = 0 (default)
2023-03-17 00:26:05,808 INFO  server.RaftServerConfigKeys (ConfUtils.java:logGet(46)) - raft.server.threadpool.client.cached = true (default)
2023-03-17 00:26:05,808 INFO  server.RaftServerConfigKeys (ConfUtils.java:logGet(46)) - raft.server.threadpool.client.size = 0 (default)
2023-03-17 00:26:05,808 INFO  server.RaftServerConfigKeys (ConfUtils.java:logGet(46)) - raft.server.log.appender.install.snapshot.enabled = true (default)
2023-03-17 00:26:05,808 INFO  server.RaftServer (RaftServerProxy.java:addNew(99)) - s8: addNew group-38FE90E113AE:[] returns group-38FE90E113AE:java.util.concurrent.CompletableFuture@7c7131cf[Not completed]
2023-03-17 00:26:05,808 INFO  impl.MiniRaftCluster (MiniRaftCluster.java:newRaftServer(382)) - newRaftServer: s9, group-38FE90E113AE:[], format? true
2023-03-17 00:26:05,808 TRACE util.FileUtils (FileUtils.java:deleteFully(201)) - deleteFully target/test/data/9a3b15da/MiniRaftClusterWithNettyce94e709/s9
2023-03-17 00:26:05,808 TRACE util.FileUtils (FileUtils.java:deleteFully(217)) - deleteFully: target/test/data/9a3b15da/MiniRaftClusterWithNettyce94e709/s9 does not exist.
2023-03-17 00:26:05,808 INFO  impl.MiniRaftCluster (MiniRaftCluster.java:newRaftServer(387)) - Formatted directory target/test/data/9a3b15da/MiniRaftClusterWithNettyce94e709/s9
2023-03-17 00:26:05,808 INFO  server.RaftServer (ConfUtils.java:logGet(46)) - raft.rpc.type = NETTY (custom)
2023-03-17 00:26:05,809 INFO  netty.NettyConfigKeys$Server (ConfUtils.java:logGet(46)) - raft.netty.server.host = null (default)
2023-03-17 00:26:05,809 INFO  netty.NettyConfigKeys$Server (ConfUtils.java:logGet(46)) - raft.netty.server.port = 42413 (custom)
2023-03-17 00:26:05,809 INFO  impl.DataStreamServerImpl (ConfUtils.java:logGet(46)) - raft.datastream.type = DISABLED (default)
2023-03-17 00:26:05,809 INFO  server.RaftServerConfigKeys (ConfUtils.java:logGet(46)) - raft.server.threadpool.proxy.cached = true (default)
2023-03-17 00:26:05,809 INFO  server.RaftServerConfigKeys (ConfUtils.java:logGet(46)) - raft.server.threadpool.proxy.size = 0 (default)
2023-03-17 00:26:05,809 INFO  server.RaftServerConfigKeys (ConfUtils.java:logGet(46)) - raft.server.rpc.slowness.timeout = 60s (default)
2023-03-17 00:26:05,809 INFO  server.RaftServerConfigKeys (ConfUtils.java:logGet(46)) - raft.server.leaderelection.leader.step-down.wait-time = 10s (default)
2023-03-17 00:26:05,809 INFO  server.RaftServerConfigKeys (ConfUtils.java:logGet(46)) - raft.server.storage.dir = [/home/runner/work/ratis/ratis/ratis-examples/target/test/data/9a3b15da/MiniRaftClusterWithNettyce94e709/s9] (custom)
2023-03-17 00:26:05,810 INFO  server.RaftServer$Division (RaftServerImpl.java:<init>(198)) - s8: new RaftServerImpl for group-38FE90E113AE:[] with ArithmeticStateMachine:uninitialized
2023-03-17 00:26:05,808 INFO  server.RaftServerConfigKeys (ConfUtils.java:logGet(46)) - raft.server.threadpool.server.cached = true (default)
2023-03-17 00:26:05,810 INFO  server.RaftServerConfigKeys (ConfUtils.java:logGet(46)) - raft.server.threadpool.server.size = 0 (default)
2023-03-17 00:26:05,810 INFO  server.RaftServerConfigKeys (ConfUtils.java:logGet(46)) - raft.server.threadpool.client.cached = true (default)
2023-03-17 00:26:05,810 INFO  server.RaftServerConfigKeys (ConfUtils.java:logGet(46)) - raft.server.threadpool.client.size = 0 (default)
2023-03-17 00:26:05,810 INFO  server.RaftServerConfigKeys (ConfUtils.java:logGet(46)) - raft.server.rpc.timeout.min = 300ms (custom)
2023-03-17 00:26:05,810 INFO  server.RaftServerConfigKeys (ConfUtils.java:logGet(46)) - raft.server.rpc.timeout.max = 600ms (custom)
2023-03-17 00:26:05,811 INFO  server.RaftServerConfigKeys (ConfUtils.java:logGet(46)) - raft.server.rpc.sleep.time = 25ms (default)
2023-03-17 00:26:05,811 INFO  server.RaftServerConfigKeys (ConfUtils.java:logGet(46)) - raft.server.rpc.slowness.timeout = 60s (default)
2023-03-17 00:26:05,811 INFO  server.RaftServerConfigKeys (ConfUtils.java:logGet(46)) - raft.server.leaderelection.leader.step-down.wait-time = 10s (default)
2023-03-17 00:26:05,811 INFO  server.RaftServerConfigKeys (ConfUtils.java:logGet(46)) - raft.server.sleep.deviation.threshold = 300ms (default)
2023-03-17 00:26:05,811 INFO  server.RaftServer$Division (ServerState.java:<init>(113)) - s8@group-38FE90E113AE: ConfigurationManager, init=-1: peers:[]|listeners:[], old=null, confs=<EMPTY_MAP>
2023-03-17 00:26:05,811 INFO  server.RaftServerConfigKeys (ConfUtils.java:logGet(46)) - raft.server.notification.no-leader.timeout = 60s (default)
2023-03-17 00:26:05,811 INFO  server.RaftServerConfigKeys (ConfUtils.java:logGet(46)) - raft.server.read.timeout = 10s (default)
2023-03-17 00:26:05,811 INFO  server.RaftServerConfigKeys (ConfUtils.java:logGet(46)) - raft.server.retrycache.expirytime = 60s (default)
2023-03-17 00:26:05,811 INFO  server.RaftServerConfigKeys (ConfUtils.java:logGet(46)) - raft.server.retrycache.statistics.expirytime = 100μs (default)
2023-03-17 00:26:05,811 INFO  server.RaftServerConfigKeys (ConfUtils.java:logGet(46)) - raft.server.read.option = DEFAULT (default)
2023-03-17 00:26:05,812 INFO  server.RaftServerConfigKeys (ConfUtils.java:logGet(46)) - raft.server.log.appender.install.snapshot.enabled = true (default)
2023-03-17 00:26:05,812 INFO  server.RaftServerConfigKeys (ConfUtils.java:logGet(46)) - raft.server.threadpool.server.cached = true (default)
2023-03-17 00:26:05,812 INFO  server.RaftServerConfigKeys (ConfUtils.java:logGet(46)) - raft.server.threadpool.server.size = 0 (default)
2023-03-17 00:26:05,812 INFO  server.RaftServerConfigKeys (ConfUtils.java:logGet(46)) - raft.server.threadpool.client.cached = true (default)
2023-03-17 00:26:05,812 INFO  server.RaftServerConfigKeys (ConfUtils.java:logGet(46)) - raft.server.threadpool.client.size = 0 (default)
2023-03-17 00:26:05,813 INFO  server.RaftServer (RaftServerProxy.java:addNew(99)) - s9: addNew group-38FE90E113AE:[] returns group-38FE90E113AE:java.util.concurrent.CompletableFuture@44afd3de[Not completed]
2023-03-17 00:26:05,813 INFO  impl.MiniRaftCluster (MiniRaftCluster.java:newRaftServer(382)) - newRaftServer: s10, group-38FE90E113AE:[], format? true
2023-03-17 00:26:05,813 TRACE util.FileUtils (FileUtils.java:deleteFully(201)) - deleteFully target/test/data/9a3b15da/MiniRaftClusterWithNettyce94e709/s10
2023-03-17 00:26:05,813 TRACE util.FileUtils (FileUtils.java:deleteFully(217)) - deleteFully: target/test/data/9a3b15da/MiniRaftClusterWithNettyce94e709/s10 does not exist.
2023-03-17 00:26:05,813 INFO  impl.MiniRaftCluster (MiniRaftCluster.java:newRaftServer(387)) - Formatted directory target/test/data/9a3b15da/MiniRaftClusterWithNettyce94e709/s10
2023-03-17 00:26:05,813 INFO  server.RaftServer (ConfUtils.java:logGet(46)) - raft.rpc.type = NETTY (custom)
2023-03-17 00:26:05,814 INFO  netty.NettyConfigKeys$Server (ConfUtils.java:logGet(46)) - raft.netty.server.host = null (default)
2023-03-17 00:26:05,814 INFO  netty.NettyConfigKeys$Server (ConfUtils.java:logGet(46)) - raft.netty.server.port = 37585 (custom)
2023-03-17 00:26:05,814 INFO  impl.DataStreamServerImpl (ConfUtils.java:logGet(46)) - raft.datastream.type = DISABLED (default)
2023-03-17 00:26:05,814 INFO  server.RaftServerConfigKeys (ConfUtils.java:logGet(46)) - raft.server.threadpool.proxy.cached = true (default)
2023-03-17 00:26:05,814 INFO  server.RaftServerConfigKeys (ConfUtils.java:logGet(46)) - raft.server.threadpool.proxy.size = 0 (default)
2023-03-17 00:26:05,814 INFO  server.RaftServerConfigKeys (ConfUtils.java:logGet(46)) - raft.server.rpc.slowness.timeout = 60s (default)
2023-03-17 00:26:05,814 INFO  server.RaftServerConfigKeys (ConfUtils.java:logGet(46)) - raft.server.leaderelection.leader.step-down.wait-time = 10s (default)
2023-03-17 00:26:05,815 INFO  server.RaftServerConfigKeys (ConfUtils.java:logGet(46)) - raft.server.storage.dir = [/home/runner/work/ratis/ratis/ratis-examples/target/test/data/9a3b15da/MiniRaftClusterWithNettyce94e709/s10] (custom)
2023-03-17 00:26:05,819 INFO  server.RaftServer$Division (RaftServerImpl.java:<init>(198)) - s9: new RaftServerImpl for group-38FE90E113AE:[] with ArithmeticStateMachine:uninitialized
2023-03-17 00:26:05,819 INFO  server.RaftServerConfigKeys (ConfUtils.java:logGet(46)) - raft.server.rpc.timeout.min = 300ms (custom)
2023-03-17 00:26:05,819 INFO  server.RaftServerConfigKeys (ConfUtils.java:logGet(46)) - raft.server.rpc.timeout.max = 600ms (custom)
2023-03-17 00:26:05,820 INFO  server.RaftServerConfigKeys (ConfUtils.java:logGet(46)) - raft.server.rpc.sleep.time = 25ms (default)
2023-03-17 00:26:05,820 INFO  server.RaftServerConfigKeys (ConfUtils.java:logGet(46)) - raft.server.rpc.slowness.timeout = 60s (default)
2023-03-17 00:26:05,820 INFO  server.RaftServerConfigKeys (ConfUtils.java:logGet(46)) - raft.server.leaderelection.leader.step-down.wait-time = 10s (default)
2023-03-17 00:26:05,820 INFO  server.RaftServerConfigKeys (ConfUtils.java:logGet(46)) - raft.server.sleep.deviation.threshold = 300ms (default)
2023-03-17 00:26:05,820 INFO  server.RaftServer$Division (ServerState.java:<init>(113)) - s9@group-38FE90E113AE: ConfigurationManager, init=-1: peers:[]|listeners:[], old=null, confs=<EMPTY_MAP>
2023-03-17 00:26:05,820 INFO  server.RaftServerConfigKeys (ConfUtils.java:logGet(46)) - raft.server.notification.no-leader.timeout = 60s (default)
2023-03-17 00:26:05,820 INFO  server.RaftServerConfigKeys (ConfUtils.java:logGet(46)) - raft.server.read.timeout = 10s (default)
2023-03-17 00:26:05,820 INFO  server.RaftServerConfigKeys (ConfUtils.java:logGet(46)) - raft.server.retrycache.expirytime = 60s (default)
2023-03-17 00:26:05,820 INFO  server.RaftServerConfigKeys (ConfUtils.java:logGet(46)) - raft.server.retrycache.statistics.expirytime = 100μs (default)
2023-03-17 00:26:05,820 INFO  server.RaftServerConfigKeys (ConfUtils.java:logGet(46)) - raft.server.read.option = DEFAULT (default)
2023-03-17 00:26:05,821 INFO  server.RaftServerConfigKeys (ConfUtils.java:logGet(46)) - raft.server.log.appender.install.snapshot.enabled = true (default)
2023-03-17 00:26:05,821 INFO  server.RaftServerConfigKeys (ConfUtils.java:logGet(46)) - raft.server.threadpool.server.cached = true (default)
2023-03-17 00:26:05,821 INFO  server.RaftServerConfigKeys (ConfUtils.java:logGet(46)) - raft.server.threadpool.server.size = 0 (default)
2023-03-17 00:26:05,821 INFO  server.RaftServerConfigKeys (ConfUtils.java:logGet(46)) - raft.server.threadpool.client.cached = true (default)
2023-03-17 00:26:05,821 INFO  server.RaftServerConfigKeys (ConfUtils.java:logGet(46)) - raft.server.threadpool.client.size = 0 (default)
2023-03-17 00:26:05,821 INFO  server.RaftServer (RaftServerProxy.java:addNew(99)) - s10: addNew group-38FE90E113AE:[] returns group-38FE90E113AE:java.util.concurrent.CompletableFuture@52e96676[Not completed]
2023-03-17 00:26:05,822 INFO  impl.MiniRaftCluster (MiniRaftCluster.java:newRaftServer(382)) - newRaftServer: s11, group-38FE90E113AE:[], format? true
2023-03-17 00:26:05,822 TRACE util.FileUtils (FileUtils.java:deleteFully(201)) - deleteFully target/test/data/9a3b15da/MiniRaftClusterWithNettyce94e709/s11
2023-03-17 00:26:05,822 TRACE util.FileUtils (FileUtils.java:deleteFully(217)) - deleteFully: target/test/data/9a3b15da/MiniRaftClusterWithNettyce94e709/s11 does not exist.
2023-03-17 00:26:05,822 INFO  impl.MiniRaftCluster (MiniRaftCluster.java:newRaftServer(387)) - Formatted directory target/test/data/9a3b15da/MiniRaftClusterWithNettyce94e709/s11
2023-03-17 00:26:05,822 INFO  server.RaftServer (ConfUtils.java:logGet(46)) - raft.rpc.type = NETTY (custom)
2023-03-17 00:26:05,823 INFO  netty.NettyConfigKeys$Server (ConfUtils.java:logGet(46)) - raft.netty.server.host = null (default)
2023-03-17 00:26:05,823 INFO  netty.NettyConfigKeys$Server (ConfUtils.java:logGet(46)) - raft.netty.server.port = 37111 (custom)
2023-03-17 00:26:05,823 INFO  impl.DataStreamServerImpl (ConfUtils.java:logGet(46)) - raft.datastream.type = DISABLED (default)
2023-03-17 00:26:05,823 INFO  server.RaftServerConfigKeys (ConfUtils.java:logGet(46)) - raft.server.threadpool.proxy.cached = true (default)
2023-03-17 00:26:05,823 INFO  server.RaftServerConfigKeys (ConfUtils.java:logGet(46)) - raft.server.threadpool.proxy.size = 0 (default)
2023-03-17 00:26:05,823 INFO  server.RaftServerConfigKeys (ConfUtils.java:logGet(46)) - raft.server.rpc.slowness.timeout = 60s (default)
2023-03-17 00:26:05,823 INFO  server.RaftServerConfigKeys (ConfUtils.java:logGet(46)) - raft.server.leaderelection.leader.step-down.wait-time = 10s (default)
2023-03-17 00:26:05,823 INFO  server.RaftServerConfigKeys (ConfUtils.java:logGet(46)) - raft.server.storage.dir = [/home/runner/work/ratis/ratis/ratis-examples/target/test/data/9a3b15da/MiniRaftClusterWithNettyce94e709/s11] (custom)
2023-03-17 00:26:05,824 INFO  server.RaftServer$Division (RaftServerImpl.java:<init>(198)) - s10: new RaftServerImpl for group-38FE90E113AE:[] with ArithmeticStateMachine:uninitialized
2023-03-17 00:26:05,824 INFO  server.RaftServerConfigKeys (ConfUtils.java:logGet(46)) - raft.server.rpc.timeout.min = 300ms (custom)
2023-03-17 00:26:05,824 INFO  server.RaftServerConfigKeys (ConfUtils.java:logGet(46)) - raft.server.rpc.timeout.max = 600ms (custom)
2023-03-17 00:26:05,824 INFO  server.RaftServerConfigKeys (ConfUtils.java:logGet(46)) - raft.server.rpc.sleep.time = 25ms (default)
2023-03-17 00:26:05,824 INFO  server.RaftServerConfigKeys (ConfUtils.java:logGet(46)) - raft.server.rpc.slowness.timeout = 60s (default)
2023-03-17 00:26:05,824 INFO  server.RaftServerConfigKeys (ConfUtils.java:logGet(46)) - raft.server.leaderelection.leader.step-down.wait-time = 10s (default)
2023-03-17 00:26:05,825 INFO  server.RaftServerConfigKeys (ConfUtils.java:logGet(46)) - raft.server.sleep.deviation.threshold = 300ms (default)
2023-03-17 00:26:05,825 INFO  server.RaftServer$Division (ServerState.java:<init>(113)) - s10@group-38FE90E113AE: ConfigurationManager, init=-1: peers:[]|listeners:[], old=null, confs=<EMPTY_MAP>
2023-03-17 00:26:05,825 INFO  server.RaftServerConfigKeys (ConfUtils.java:logGet(46)) - raft.server.notification.no-leader.timeout = 60s (default)
2023-03-17 00:26:05,825 INFO  server.RaftServerConfigKeys (ConfUtils.java:logGet(46)) - raft.server.read.timeout = 10s (default)
2023-03-17 00:26:05,825 INFO  server.RaftServerConfigKeys (ConfUtils.java:logGet(46)) - raft.server.retrycache.expirytime = 60s (default)
2023-03-17 00:26:05,825 INFO  server.RaftServerConfigKeys (ConfUtils.java:logGet(46)) - raft.server.retrycache.statistics.expirytime = 100μs (default)
2023-03-17 00:26:05,825 INFO  server.RaftServerConfigKeys (ConfUtils.java:logGet(46)) - raft.server.read.option = DEFAULT (default)
2023-03-17 00:26:05,826 INFO  server.RaftServerConfigKeys (ConfUtils.java:logGet(46)) - raft.server.log.appender.install.snapshot.enabled = true (default)
2023-03-17 00:26:05,826 INFO  server.RaftServerConfigKeys (ConfUtils.java:logGet(46)) - raft.server.threadpool.server.cached = true (default)
2023-03-17 00:26:05,826 INFO  server.RaftServerConfigKeys (ConfUtils.java:logGet(46)) - raft.server.threadpool.server.size = 0 (default)
2023-03-17 00:26:05,826 INFO  server.RaftServerConfigKeys (ConfUtils.java:logGet(46)) - raft.server.threadpool.client.cached = true (default)
2023-03-17 00:26:05,826 INFO  server.RaftServerConfigKeys (ConfUtils.java:logGet(46)) - raft.server.threadpool.client.size = 0 (default)
2023-03-17 00:26:05,828 INFO  server.RaftServer (RaftServerProxy.java:addNew(99)) - s11: addNew group-38FE90E113AE:[] returns group-38FE90E113AE:java.util.concurrent.CompletableFuture@69556a8b[Not completed]
2023-03-17 00:26:05,828 INFO  impl.MiniRaftCluster (MiniRaftCluster.java:newRaftServer(382)) - newRaftServer: s12, group-38FE90E113AE:[], format? true
2023-03-17 00:26:05,828 TRACE util.FileUtils (FileUtils.java:deleteFully(201)) - deleteFully target/test/data/9a3b15da/MiniRaftClusterWithNettyce94e709/s12
2023-03-17 00:26:05,828 TRACE util.FileUtils (FileUtils.java:deleteFully(217)) - deleteFully: target/test/data/9a3b15da/MiniRaftClusterWithNettyce94e709/s12 does not exist.
2023-03-17 00:26:05,828 INFO  impl.MiniRaftCluster (MiniRaftCluster.java:newRaftServer(387)) - Formatted directory target/test/data/9a3b15da/MiniRaftClusterWithNettyce94e709/s12
2023-03-17 00:26:05,828 INFO  server.RaftServer (ConfUtils.java:logGet(46)) - raft.rpc.type = NETTY (custom)
2023-03-17 00:26:05,829 INFO  netty.NettyConfigKeys$Server (ConfUtils.java:logGet(46)) - raft.netty.server.host = null (default)
2023-03-17 00:26:05,829 INFO  netty.NettyConfigKeys$Server (ConfUtils.java:logGet(46)) - raft.netty.server.port = 36717 (custom)
2023-03-17 00:26:05,829 INFO  impl.DataStreamServerImpl (ConfUtils.java:logGet(46)) - raft.datastream.type = DISABLED (default)
2023-03-17 00:26:05,829 INFO  server.RaftServerConfigKeys (ConfUtils.java:logGet(46)) - raft.server.threadpool.proxy.cached = true (default)
2023-03-17 00:26:05,829 INFO  server.RaftServerConfigKeys (ConfUtils.java:logGet(46)) - raft.server.threadpool.proxy.size = 0 (default)
2023-03-17 00:26:05,829 INFO  server.RaftServerConfigKeys (ConfUtils.java:logGet(46)) - raft.server.rpc.slowness.timeout = 60s (default)
2023-03-17 00:26:05,829 INFO  server.RaftServerConfigKeys (ConfUtils.java:logGet(46)) - raft.server.leaderelection.leader.step-down.wait-time = 10s (default)
2023-03-17 00:26:05,830 INFO  server.RaftServerConfigKeys (ConfUtils.java:logGet(46)) - raft.server.storage.dir = [/home/runner/work/ratis/ratis/ratis-examples/target/test/data/9a3b15da/MiniRaftClusterWithNettyce94e709/s12] (custom)
2023-03-17 00:26:05,846 INFO  server.RaftServer$Division (RaftServerImpl.java:<init>(198)) - s11: new RaftServerImpl for group-38FE90E113AE:[] with ArithmeticStateMachine:uninitialized
2023-03-17 00:26:05,846 INFO  server.RaftServerConfigKeys (ConfUtils.java:logGet(46)) - raft.server.rpc.timeout.min = 300ms (custom)
2023-03-17 00:26:05,846 INFO  server.RaftServerConfigKeys (ConfUtils.java:logGet(46)) - raft.server.rpc.timeout.max = 600ms (custom)
2023-03-17 00:26:05,846 INFO  server.RaftServerConfigKeys (ConfUtils.java:logGet(46)) - raft.server.rpc.sleep.time = 25ms (default)
2023-03-17 00:26:05,846 INFO  server.RaftServerConfigKeys (ConfUtils.java:logGet(46)) - raft.server.rpc.slowness.timeout = 60s (default)
2023-03-17 00:26:05,846 INFO  server.RaftServerConfigKeys (ConfUtils.java:logGet(46)) - raft.server.leaderelection.leader.step-down.wait-time = 10s (default)
2023-03-17 00:26:05,846 INFO  server.RaftServerConfigKeys (ConfUtils.java:logGet(46)) - raft.server.sleep.deviation.threshold = 300ms (default)
2023-03-17 00:26:05,846 INFO  server.RaftServer$Division (ServerState.java:<init>(113)) - s11@group-38FE90E113AE: ConfigurationManager, init=-1: peers:[]|listeners:[], old=null, confs=<EMPTY_MAP>
2023-03-17 00:26:05,847 INFO  server.RaftServerConfigKeys (ConfUtils.java:logGet(46)) - raft.server.notification.no-leader.timeout = 60s (default)
2023-03-17 00:26:05,847 INFO  server.RaftServerConfigKeys (ConfUtils.java:logGet(46)) - raft.server.read.timeout = 10s (default)
2023-03-17 00:26:05,847 INFO  server.RaftServerConfigKeys (ConfUtils.java:logGet(46)) - raft.server.retrycache.expirytime = 60s (default)
2023-03-17 00:26:05,847 INFO  server.RaftServerConfigKeys (ConfUtils.java:logGet(46)) - raft.server.retrycache.statistics.expirytime = 100μs (default)
2023-03-17 00:26:05,847 INFO  server.RaftServerConfigKeys (ConfUtils.java:logGet(46)) - raft.server.read.option = DEFAULT (default)
2023-03-17 00:26:05,850 INFO  server.RaftServer (RaftServerProxy.java:addNew(99)) - s12: addNew group-38FE90E113AE:[] returns group-38FE90E113AE:java.util.concurrent.CompletableFuture@57f256e2[Not completed]
2023-03-17 00:26:05,851 INFO  impl.MiniRaftCluster (MiniRaftCluster.java:newRaftServer(382)) - newRaftServer: s13, group-38FE90E113AE:[], format? true
2023-03-17 00:26:05,851 TRACE util.FileUtils (FileUtils.java:deleteFully(201)) - deleteFully target/test/data/9a3b15da/MiniRaftClusterWithNettyce94e709/s13
2023-03-17 00:26:05,851 TRACE util.FileUtils (FileUtils.java:deleteFully(217)) - deleteFully: target/test/data/9a3b15da/MiniRaftClusterWithNettyce94e709/s13 does not exist.
2023-03-17 00:26:05,851 INFO  impl.MiniRaftCluster (MiniRaftCluster.java:newRaftServer(387)) - Formatted directory target/test/data/9a3b15da/MiniRaftClusterWithNettyce94e709/s13
2023-03-17 00:26:05,851 INFO  server.RaftServer$Division (RaftServerImpl.java:<init>(198)) - s12: new RaftServerImpl for group-38FE90E113AE:[] with ArithmeticStateMachine:uninitialized
2023-03-17 00:26:05,851 INFO  server.RaftServerConfigKeys (ConfUtils.java:logGet(46)) - raft.server.rpc.timeout.min = 300ms (custom)
2023-03-17 00:26:05,851 INFO  server.RaftServer (ConfUtils.java:logGet(46)) - raft.rpc.type = NETTY (custom)
2023-03-17 00:26:05,851 INFO  server.RaftServerConfigKeys (ConfUtils.java:logGet(46)) - raft.server.rpc.timeout.max = 600ms (custom)
2023-03-17 00:26:05,851 INFO  server.RaftServerConfigKeys (ConfUtils.java:logGet(46)) - raft.server.rpc.sleep.time = 25ms (default)
2023-03-17 00:26:05,851 INFO  server.RaftServerConfigKeys (ConfUtils.java:logGet(46)) - raft.server.rpc.slowness.timeout = 60s (default)
2023-03-17 00:26:05,851 INFO  server.RaftServerConfigKeys (ConfUtils.java:logGet(46)) - raft.server.leaderelection.leader.step-down.wait-time = 10s (default)
2023-03-17 00:26:05,852 INFO  server.RaftServerConfigKeys (ConfUtils.java:logGet(46)) - raft.server.sleep.deviation.threshold = 300ms (default)
2023-03-17 00:26:05,852 INFO  server.RaftServer$Division (ServerState.java:<init>(113)) - s12@group-38FE90E113AE: ConfigurationManager, init=-1: peers:[]|listeners:[], old=null, confs=<EMPTY_MAP>
2023-03-17 00:26:05,852 INFO  server.RaftServerConfigKeys (ConfUtils.java:logGet(46)) - raft.server.notification.no-leader.timeout = 60s (default)
2023-03-17 00:26:05,852 INFO  server.RaftServerConfigKeys (ConfUtils.java:logGet(46)) - raft.server.read.timeout = 10s (default)
2023-03-17 00:26:05,852 INFO  netty.NettyConfigKeys$Server (ConfUtils.java:logGet(46)) - raft.netty.server.host = null (default)
2023-03-17 00:26:05,852 INFO  netty.NettyConfigKeys$Server (ConfUtils.java:logGet(46)) - raft.netty.server.port = 39411 (custom)
2023-03-17 00:26:05,852 INFO  impl.DataStreamServerImpl (ConfUtils.java:logGet(46)) - raft.datastream.type = DISABLED (default)
2023-03-17 00:26:05,852 INFO  server.RaftServerConfigKeys (ConfUtils.java:logGet(46)) - raft.server.threadpool.proxy.cached = true (default)
2023-03-17 00:26:05,852 INFO  server.RaftServerConfigKeys (ConfUtils.java:logGet(46)) - raft.server.threadpool.proxy.size = 0 (default)
2023-03-17 00:26:05,852 INFO  server.RaftServerConfigKeys (ConfUtils.java:logGet(46)) - raft.server.rpc.slowness.timeout = 60s (default)
2023-03-17 00:26:05,852 INFO  server.RaftServerConfigKeys (ConfUtils.java:logGet(46)) - raft.server.leaderelection.leader.step-down.wait-time = 10s (default)
2023-03-17 00:26:05,852 INFO  server.RaftServerConfigKeys (ConfUtils.java:logGet(46)) - raft.server.storage.dir = [/home/runner/work/ratis/ratis/ratis-examples/target/test/data/9a3b15da/MiniRaftClusterWithNettyce94e709/s13] (custom)
2023-03-17 00:26:05,852 INFO  server.RaftServerConfigKeys (ConfUtils.java:logGet(46)) - raft.server.retrycache.expirytime = 60s (default)
2023-03-17 00:26:05,853 INFO  server.RaftServerConfigKeys (ConfUtils.java:logGet(46)) - raft.server.retrycache.statistics.expirytime = 100μs (default)
2023-03-17 00:26:05,853 INFO  server.RaftServerConfigKeys (ConfUtils.java:logGet(46)) - raft.server.read.option = DEFAULT (default)
2023-03-17 00:26:05,853 INFO  server.RaftServerConfigKeys (ConfUtils.java:logGet(46)) - raft.server.log.appender.install.snapshot.enabled = true (default)
2023-03-17 00:26:05,853 INFO  server.RaftServerConfigKeys (ConfUtils.java:logGet(46)) - raft.server.threadpool.server.cached = true (default)
2023-03-17 00:26:05,854 INFO  server.RaftServerConfigKeys (ConfUtils.java:logGet(46)) - raft.server.threadpool.server.size = 0 (default)
2023-03-17 00:26:05,854 INFO  server.RaftServerConfigKeys (ConfUtils.java:logGet(46)) - raft.server.threadpool.client.cached = true (default)
2023-03-17 00:26:05,854 INFO  server.RaftServerConfigKeys (ConfUtils.java:logGet(46)) - raft.server.log.appender.install.snapshot.enabled = true (default)
2023-03-17 00:26:05,854 INFO  server.RaftServerConfigKeys (ConfUtils.java:logGet(46)) - raft.server.threadpool.server.cached = true (default)
2023-03-17 00:26:05,854 INFO  server.RaftServerConfigKeys (ConfUtils.java:logGet(46)) - raft.server.threadpool.server.size = 0 (default)
2023-03-17 00:26:05,854 INFO  server.RaftServerConfigKeys (ConfUtils.java:logGet(46)) - raft.server.threadpool.client.size = 0 (default)
2023-03-17 00:26:05,854 INFO  server.RaftServerConfigKeys (ConfUtils.java:logGet(46)) - raft.server.threadpool.client.cached = true (default)
2023-03-17 00:26:05,854 INFO  server.RaftServerConfigKeys (ConfUtils.java:logGet(46)) - raft.server.threadpool.client.size = 0 (default)
2023-03-17 00:26:05,855 INFO  server.RaftServer (RaftServerProxy.java:addNew(99)) - s13: addNew group-38FE90E113AE:[] returns group-38FE90E113AE:java.util.concurrent.CompletableFuture@437e12f2[Not completed]
2023-03-17 00:26:05,855 INFO  impl.MiniRaftCluster (MiniRaftCluster.java:newRaftServer(382)) - newRaftServer: s14, group-38FE90E113AE:[], format? true
2023-03-17 00:26:05,855 TRACE util.FileUtils (FileUtils.java:deleteFully(201)) - deleteFully target/test/data/9a3b15da/MiniRaftClusterWithNettyce94e709/s14
2023-03-17 00:26:05,855 TRACE util.FileUtils (FileUtils.java:deleteFully(217)) - deleteFully: target/test/data/9a3b15da/MiniRaftClusterWithNettyce94e709/s14 does not exist.
2023-03-17 00:26:05,855 INFO  impl.MiniRaftCluster (MiniRaftCluster.java:newRaftServer(387)) - Formatted directory target/test/data/9a3b15da/MiniRaftClusterWithNettyce94e709/s14
2023-03-17 00:26:05,855 INFO  server.RaftServer (ConfUtils.java:logGet(46)) - raft.rpc.type = NETTY (custom)
2023-03-17 00:26:05,855 INFO  server.RaftServer$Division (RaftServerImpl.java:<init>(198)) - s13: new RaftServerImpl for group-38FE90E113AE:[] with ArithmeticStateMachine:uninitialized
2023-03-17 00:26:05,856 INFO  server.RaftServerConfigKeys (ConfUtils.java:logGet(46)) - raft.server.rpc.timeout.min = 300ms (custom)
2023-03-17 00:26:05,856 INFO  server.RaftServerConfigKeys (ConfUtils.java:logGet(46)) - raft.server.rpc.timeout.max = 600ms (custom)
2023-03-17 00:26:05,856 INFO  server.RaftServerConfigKeys (ConfUtils.java:logGet(46)) - raft.server.rpc.sleep.time = 25ms (default)
2023-03-17 00:26:05,856 INFO  server.RaftServerConfigKeys (ConfUtils.java:logGet(46)) - raft.server.rpc.slowness.timeout = 60s (default)
2023-03-17 00:26:05,856 INFO  server.RaftServerConfigKeys (ConfUtils.java:logGet(46)) - raft.server.leaderelection.leader.step-down.wait-time = 10s (default)
2023-03-17 00:26:05,856 INFO  server.RaftServerConfigKeys (ConfUtils.java:logGet(46)) - raft.server.sleep.deviation.threshold = 300ms (default)
2023-03-17 00:26:05,856 INFO  netty.NettyConfigKeys$Server (ConfUtils.java:logGet(46)) - raft.netty.server.host = null (default)
2023-03-17 00:26:05,856 INFO  server.RaftServer$Division (ServerState.java:<init>(113)) - s13@group-38FE90E113AE: ConfigurationManager, init=-1: peers:[]|listeners:[], old=null, confs=<EMPTY_MAP>
2023-03-17 00:26:05,856 INFO  netty.NettyConfigKeys$Server (ConfUtils.java:logGet(46)) - raft.netty.server.port = 36477 (custom)
2023-03-17 00:26:05,856 INFO  impl.DataStreamServerImpl (ConfUtils.java:logGet(46)) - raft.datastream.type = DISABLED (default)
2023-03-17 00:26:05,856 INFO  server.RaftServerConfigKeys (ConfUtils.java:logGet(46)) - raft.server.threadpool.proxy.cached = true (default)
2023-03-17 00:26:05,856 INFO  server.RaftServerConfigKeys (ConfUtils.java:logGet(46)) - raft.server.threadpool.proxy.size = 0 (default)
2023-03-17 00:26:05,856 INFO  server.RaftServerConfigKeys (ConfUtils.java:logGet(46)) - raft.server.rpc.slowness.timeout = 60s (default)
2023-03-17 00:26:05,856 INFO  server.RaftServerConfigKeys (ConfUtils.java:logGet(46)) - raft.server.leaderelection.leader.step-down.wait-time = 10s (default)
2023-03-17 00:26:05,856 INFO  server.RaftServerConfigKeys (ConfUtils.java:logGet(46)) - raft.server.storage.dir = [/home/runner/work/ratis/ratis/ratis-examples/target/test/data/9a3b15da/MiniRaftClusterWithNettyce94e709/s14] (custom)
2023-03-17 00:26:05,857 INFO  server.RaftServer (RaftServerProxy.java:addNew(99)) - s14: addNew group-38FE90E113AE:[] returns group-38FE90E113AE:java.util.concurrent.CompletableFuture@4246c2c4[Not completed]
2023-03-17 00:26:05,857 INFO  impl.GroupManagementBaseTest (GroupManagementBaseTest.java:runMultiGroupTest(260)) - putNewServer: printing ALL groups
  s3:      NEW      null s3@group-38FE90E113AE:t0, leader=null, voted=null, raftlog=UNINITIALIZED, conf=-1: peers:[]|listeners:[], old=null NEW
  s4:      NEW      null s4@group-38FE90E113AE:t0, leader=null, voted=null, raftlog=UNINITIALIZED, conf=-1: peers:[]|listeners:[], old=null NEW
  s5:      NEW      null s5@group-38FE90E113AE:t0, leader=null, voted=null, raftlog=UNINITIALIZED, conf=-1: peers:[]|listeners:[], old=null NEW
  s6:      NEW      null s6@group-38FE90E113AE:t0, leader=null, voted=null, raftlog=UNINITIALIZED, conf=-1: peers:[]|listeners:[], old=null NEW
  s7:      NEW      null s7@group-38FE90E113AE:t0, leader=null, voted=null, raftlog=UNINITIALIZED, conf=-1: peers:[]|listeners:[], old=null NEW
  s8:      NEW      null s8@group-38FE90E113AE:t0, leader=null, voted=null, raftlog=UNINITIALIZED, conf=-1: peers:[]|listeners:[], old=null NEW
  s9:      NEW      null s9@group-38FE90E113AE:t0, leader=null, voted=null, raftlog=UNINITIALIZED, conf=-1: peers:[]|listeners:[], old=null NEW
  s11:      NEW      null s11@group-38FE90E113AE:t0, leader=null, voted=null, raftlog=UNINITIALIZED, conf=-1: peers:[]|listeners:[], old=null NEW
  s10:      NEW      null s10@group-38FE90E113AE:t0, leader=null, voted=null, raftlog=UNINITIALIZED, conf=-1: peers:[]|listeners:[], old=null NEW
  s13:      NEW group-38FE90E113AE:java.util.concurrent.CompletableFuture@437e12f2[Not completed]
  s12:      NEW      null s12@group-38FE90E113AE:t0, leader=null, voted=null, raftlog=UNINITIALIZED, conf=-1: peers:[]|listeners:[], old=null NEW
  s14:      NEW group-38FE90E113AE:java.util.concurrent.CompletableFuture@4246c2c4[Not completed]
  s0:      NEW      null s0@group-38FE90E113AE:t0, leader=null, voted=null, raftlog=UNINITIALIZED, conf=-1: peers:[]|listeners:[], old=null NEW
  s1:      NEW      null s1@group-38FE90E113AE:t0, leader=null, voted=null, raftlog=UNINITIALIZED, conf=-1: peers:[]|listeners:[], old=null NEW
  s2:      NEW      null s2@group-38FE90E113AE:t0, leader=null, voted=null, raftlog=UNINITIALIZED, conf=-1: peers:[]|listeners:[], old=null NEW
2023-03-17 00:26:05,857 INFO  server.RaftServer$Division (RaftServerImpl.java:<init>(198)) - s14: new RaftServerImpl for group-38FE90E113AE:[] with ArithmeticStateMachine:uninitialized
2023-03-17 00:26:05,858 INFO  server.RaftServerConfigKeys (ConfUtils.java:logGet(46)) - raft.server.rpc.timeout.min = 300ms (custom)
2023-03-17 00:26:05,858 INFO  server.RaftServerConfigKeys (ConfUtils.java:logGet(46)) - raft.server.rpc.timeout.max = 600ms (custom)
2023-03-17 00:26:05,858 INFO  server.RaftServerConfigKeys (ConfUtils.java:logGet(46)) - raft.server.rpc.sleep.time = 25ms (default)
2023-03-17 00:26:05,858 INFO  server.RaftServerConfigKeys (ConfUtils.java:logGet(46)) - raft.server.rpc.slowness.timeout = 60s (default)
2023-03-17 00:26:05,858 INFO  server.RaftServerConfigKeys (ConfUtils.java:logGet(46)) - raft.server.leaderelection.leader.step-down.wait-time = 10s (default)
2023-03-17 00:26:05,858 INFO  server.RaftServerConfigKeys (ConfUtils.java:logGet(46)) - raft.server.sleep.deviation.threshold = 300ms (default)
2023-03-17 00:26:05,858 INFO  server.RaftServer$Division (ServerState.java:<init>(113)) - s14@group-38FE90E113AE: ConfigurationManager, init=-1: peers:[]|listeners:[], old=null, confs=<EMPTY_MAP>
2023-03-17 00:26:05,858 INFO  server.RaftServerConfigKeys (ConfUtils.java:logGet(46)) - raft.server.notification.no-leader.timeout = 60s (default)
2023-03-17 00:26:05,858 INFO  server.RaftServerConfigKeys (ConfUtils.java:logGet(46)) - raft.server.read.timeout = 10s (default)
2023-03-17 00:26:05,858 INFO  server.RaftServerConfigKeys (ConfUtils.java:logGet(46)) - raft.server.retrycache.expirytime = 60s (default)
2023-03-17 00:26:05,858 INFO  server.RaftServerConfigKeys (ConfUtils.java:logGet(46)) - raft.server.retrycache.statistics.expirytime = 100μs (default)
2023-03-17 00:26:05,858 INFO  server.RaftServerConfigKeys (ConfUtils.java:logGet(46)) - raft.server.read.option = DEFAULT (default)
2023-03-17 00:26:05,856 INFO  server.RaftServerConfigKeys (ConfUtils.java:logGet(46)) - raft.server.notification.no-leader.timeout = 60s (default)
2023-03-17 00:26:05,858 INFO  server.RaftServerConfigKeys (ConfUtils.java:logGet(46)) - raft.server.read.timeout = 10s (default)
2023-03-17 00:26:05,858 INFO  server.RaftServerConfigKeys (ConfUtils.java:logGet(46)) - raft.server.retrycache.expirytime = 60s (default)
2023-03-17 00:26:05,858 INFO  server.RaftServerConfigKeys (ConfUtils.java:logGet(46)) - raft.server.retrycache.statistics.expirytime = 100μs (default)
2023-03-17 00:26:05,858 INFO  server.RaftServerConfigKeys (ConfUtils.java:logGet(46)) - raft.server.read.option = DEFAULT (default)
2023-03-17 00:26:05,858 INFO  server.RaftServerConfigKeys (ConfUtils.java:logGet(46)) - raft.server.log.appender.install.snapshot.enabled = true (default)
2023-03-17 00:26:05,859 INFO  server.RaftServerConfigKeys (ConfUtils.java:logGet(46)) - raft.server.threadpool.server.cached = true (default)
2023-03-17 00:26:05,859 INFO  server.RaftServerConfigKeys (ConfUtils.java:logGet(46)) - raft.server.threadpool.server.size = 0 (default)
2023-03-17 00:26:05,859 INFO  server.RaftServerConfigKeys (ConfUtils.java:logGet(46)) - raft.server.threadpool.client.cached = true (default)
2023-03-17 00:26:05,859 INFO  server.RaftServerConfigKeys (ConfUtils.java:logGet(46)) - raft.server.threadpool.client.size = 0 (default)
2023-03-17 00:26:05,859 INFO  server.RaftServerConfigKeys (ConfUtils.java:logGet(46)) - raft.server.log.appender.install.snapshot.enabled = true (default)
2023-03-17 00:26:05,859 INFO  server.RaftServerConfigKeys (ConfUtils.java:logGet(46)) - raft.server.threadpool.server.cached = true (default)
2023-03-17 00:26:05,859 INFO  server.RaftServerConfigKeys (ConfUtils.java:logGet(46)) - raft.server.threadpool.server.size = 0 (default)
2023-03-17 00:26:05,859 INFO  server.RaftServerConfigKeys (ConfUtils.java:logGet(46)) - raft.server.threadpool.client.cached = true (default)
2023-03-17 00:26:05,859 INFO  server.RaftServerConfigKeys (ConfUtils.java:logGet(46)) - raft.server.threadpool.client.size = 0 (default)
2023-03-17 00:26:06,857 INFO  impl.MiniRaftCluster (MiniRaftCluster.java:start(339)) - .............................................................. 
2023-03-17 00:26:06,857 INFO  impl.MiniRaftCluster (MiniRaftCluster.java:start(340)) - ... 
2023-03-17 00:26:06,858 INFO  impl.MiniRaftCluster (MiniRaftCluster.java:start(341)) - ...     Starting MiniRaftClusterWithNetty
2023-03-17 00:26:06,858 INFO  impl.MiniRaftCluster (MiniRaftCluster.java:start(342)) - ... 
2023-03-17 00:26:06,858 INFO  impl.MiniRaftCluster (MiniRaftCluster.java:start(343)) - .............................................................. 
2023-03-17 00:26:06,858 INFO  impl.MiniRaftCluster (MiniRaftCluster.java:initServers(318)) - servers = {s3=s3:      NEW      null s3@group-38FE90E113AE:t0, leader=null, voted=null, raftlog=UNINITIALIZED, conf=-1: peers:[]|listeners:[], old=null NEW, s4=s4:      NEW      null s4@group-38FE90E113AE:t0, leader=null, voted=null, raftlog=UNINITIALIZED, conf=-1: peers:[]|listeners:[], old=null NEW, s5=s5:      NEW      null s5@group-38FE90E113AE:t0, leader=null, voted=null, raftlog=UNINITIALIZED, conf=-1: peers:[]|listeners:[], old=null NEW, s6=s6:      NEW      null s6@group-38FE90E113AE:t0, leader=null, voted=null, raftlog=UNINITIALIZED, conf=-1: peers:[]|listeners:[], old=null NEW, s7=s7:      NEW      null s7@group-38FE90E113AE:t0, leader=null, voted=null, raftlog=UNINITIALIZED, conf=-1: peers:[]|listeners:[], old=null NEW, s8=s8:      NEW      null s8@group-38FE90E113AE:t0, leader=null, voted=null, raftlog=UNINITIALIZED, conf=-1: peers:[]|listeners:[], old=null NEW, s9=s9:      NEW      null s9@group-38FE90E113AE:t0, leader=null, voted=null, raftlog=UNINITIALIZED, conf=-1: peers:[]|listeners:[], old=null NEW, s11=s11:      NEW      null s11@group-38FE90E113AE:t0, leader=null, voted=null, raftlog=UNINITIALIZED, conf=-1: peers:[]|listeners:[], old=null NEW, s10=s10:      NEW      null s10@group-38FE90E113AE:t0, leader=null, voted=null, raftlog=UNINITIALIZED, conf=-1: peers:[]|listeners:[], old=null NEW, s13=s13:      NEW      null s13@group-38FE90E113AE:t0, leader=null, voted=null, raftlog=UNINITIALIZED, conf=-1: peers:[]|listeners:[], old=null NEW, s12=s12:      NEW      null s12@group-38FE90E113AE:t0, leader=null, voted=null, raftlog=UNINITIALIZED, conf=-1: peers:[]|listeners:[], old=null NEW, s14=s14:      NEW      null s14@group-38FE90E113AE:t0, leader=null, voted=null, raftlog=UNINITIALIZED, conf=-1: peers:[]|listeners:[], old=null NEW, s0=s0:      NEW      null s0@group-38FE90E113AE:t0, leader=null, voted=null, raftlog=UNINITIALIZED, conf=-1: peers:[]|listeners:[], old=null NEW, s1=s1:      NEW      null s1@group-38FE90E113AE:t0, leader=null, voted=null, raftlog=UNINITIALIZED, conf=-1: peers:[]|listeners:[], old=null NEW, s2=s2:      NEW      null s2@group-38FE90E113AE:t0, leader=null, voted=null, raftlog=UNINITIALIZED, conf=-1: peers:[]|listeners:[], old=null NEW}
2023-03-17 00:26:06,858 INFO  server.RaftServerConfigKeys (ConfUtils.java:logGet(46)) - raft.server.storage.free-space.min = 0MB (=0) (default)
2023-03-17 00:26:06,858 INFO  server.RaftServerConfigKeys (ConfUtils.java:logGet(46)) - raft.server.log.corruption.policy = EXCEPTION (default)
2023-03-17 00:26:06,858 INFO  server.RaftServerConfigKeys (ConfUtils.java:logGet(46)) - raft.server.storage.dir = [/home/runner/work/ratis/ratis/ratis-examples/target/test/data/9a3b15da/MiniRaftClusterWithNettyce94e709/s3] (custom)
2023-03-17 00:26:06,859 INFO  storage.RaftStorageDirectory (RaftStorageDirectoryImpl.java:analyzeStorage(138)) - The storage directory /home/runner/work/ratis/ratis/ratis-examples/target/test/data/9a3b15da/MiniRaftClusterWithNettyce94e709/s3/e754177e-6e56-420b-8459-38fe90e113ae does not exist. Creating ...
2023-03-17 00:26:06,859 TRACE util.FileUtils (LogUtils.java:runAndLog(49)) - Successfully ran Files.createDirectories /home/runner/work/ratis/ratis/ratis-examples/target/test/data/9a3b15da/MiniRaftClusterWithNettyce94e709/s3/e754177e-6e56-420b-8459-38fe90e113ae
2023-03-17 00:26:06,861 INFO  storage.RaftStorageDirectory (RaftStorageDirectoryImpl.java:tryLock(232)) - Lock on /home/runner/work/ratis/ratis/ratis-examples/target/test/data/9a3b15da/MiniRaftClusterWithNettyce94e709/s3/e754177e-6e56-420b-8459-38fe90e113ae/in_use.lock acquired by nodename 17092@fv-az451-845
2023-03-17 00:26:06,861 TRACE util.FileUtils (LogUtils.java:runAndLog(49)) - Successfully ran Files.createDirectories /home/runner/work/ratis/ratis/ratis-examples/target/test/data/9a3b15da/MiniRaftClusterWithNettyce94e709/s3/e754177e-6e56-420b-8459-38fe90e113ae/current
2023-03-17 00:26:06,861 TRACE util.FileUtils (LogUtils.java:runAndLog(49)) - Successfully ran Files.createDirectories /home/runner/work/ratis/ratis/ratis-examples/target/test/data/9a3b15da/MiniRaftClusterWithNettyce94e709/s3/e754177e-6e56-420b-8459-38fe90e113ae/sm
2023-03-17 00:26:06,863 INFO  storage.RaftStorage (RaftStorageImpl.java:format(96)) - Storage directory /home/runner/work/ratis/ratis/ratis-examples/target/test/data/9a3b15da/MiniRaftClusterWithNettyce94e709/s3/e754177e-6e56-420b-8459-38fe90e113ae has been successfully formatted.
2023-03-17 00:26:06,863 WARN  statemachine.StateMachine (ArithmeticStateMachine.java:loadSnapshot(116)) - The snapshot info is null.
2023-03-17 00:26:06,863 INFO  server.RaftServerConfigKeys (ConfUtils.java:logGet(46)) - raft.server.log.use.memory = false (default)
2023-03-17 00:26:06,863 INFO  server.RaftServerConfigKeys (ConfUtils.java:logGet(46)) - raft.server.log.purge.gap = 1024 (default)
2023-03-17 00:26:06,863 INFO  server.RaftServerConfigKeys (ConfUtils.java:logGet(46)) - raft.server.log.appender.buffer.byte-limit = 4MB (=4194304) (default)
2023-03-17 00:26:06,863 INFO  server.RaftServerConfigKeys (ConfUtils.java:logGet(46)) - raft.server.log.statemachine.data.read.timeout = 1000ms (default)
2023-03-17 00:26:06,863 INFO  server.RaftServerConfigKeys (ConfUtils.java:logGet(46)) - raft.server.log.purge.preservation.log.num = 0 (default)
2023-03-17 00:26:06,864 INFO  server.RaftServerConfigKeys (ConfUtils.java:logGet(46)) - raft.server.log.segment.size.max = 8MB (=8388608) (default)
2023-03-17 00:26:06,864 INFO  server.RaftServerConfigKeys (ConfUtils.java:logGet(46)) - raft.server.log.segment.cache.num.max = 6 (default)
2023-03-17 00:26:06,864 INFO  server.RaftServerConfigKeys (ConfUtils.java:logGet(46)) - raft.server.log.segment.cache.size.max = 200MB (=209715200) (default)
2023-03-17 00:26:06,864 INFO  server.RaftServerConfigKeys (ConfUtils.java:logGet(46)) - raft.server.log.appender.buffer.byte-limit = 4MB (=4194304) (default)
2023-03-17 00:26:06,864 INFO  segmented.SegmentedRaftLogWorker (SegmentedRaftLogWorker.java:<init>(183)) - new s3@group-38FE90E113AE-SegmentedRaftLogWorker for RaftStorageImpl:Storage Directory /home/runner/work/ratis/ratis/ratis-examples/target/test/data/9a3b15da/MiniRaftClusterWithNettyce94e709/s3/e754177e-6e56-420b-8459-38fe90e113ae
2023-03-17 00:26:06,864 INFO  server.RaftServerConfigKeys (ConfUtils.java:logGet(46)) - raft.server.log.queue.byte-limit = 64MB (=67108864) (default)
2023-03-17 00:26:06,864 INFO  server.RaftServerConfigKeys (ConfUtils.java:logGet(46)) - raft.server.log.queue.element-limit = 4096 (default)
2023-03-17 00:26:06,864 INFO  server.RaftServerConfigKeys (ConfUtils.java:logGet(46)) - raft.server.log.segment.size.max = 8MB (=8388608) (default)
2023-03-17 00:26:06,864 INFO  server.RaftServerConfigKeys (ConfUtils.java:logGet(46)) - raft.server.log.preallocated.size = 4MB (=4194304) (default)
2023-03-17 00:26:06,864 INFO  server.RaftServerConfigKeys (ConfUtils.java:logGet(46)) - raft.server.log.force.sync.num = 128 (default)
2023-03-17 00:26:06,864 INFO  server.RaftServerConfigKeys (ConfUtils.java:logGet(46)) - raft.server.log.statemachine.data.sync = true (default)
2023-03-17 00:26:06,864 INFO  server.RaftServerConfigKeys (ConfUtils.java:logGet(46)) - raft.server.log.statemachine.data.sync.timeout = 10s (default)
2023-03-17 00:26:06,864 INFO  server.RaftServerConfigKeys (ConfUtils.java:logGet(46)) - raft.server.log.statemachine.data.sync.timeout.retry = -1 (default)
2023-03-17 00:26:06,865 INFO  server.RaftServerConfigKeys (ConfUtils.java:logGet(46)) - raft.server.log.write.buffer.size = 64KB (=65536) (default)
2023-03-17 00:26:06,865 INFO  server.RaftServerConfigKeys (ConfUtils.java:logGet(46)) - raft.server.log.appender.buffer.byte-limit = 4MB (=4194304) (default)
2023-03-17 00:26:06,865 INFO  server.RaftServerConfigKeys (ConfUtils.java:logGet(46)) - raft.server.log.unsafe-flush.enabled = false (default)
2023-03-17 00:26:06,866 INFO  server.RaftServerConfigKeys (ConfUtils.java:logGet(46)) - raft.server.log.async-flush.enabled = false (default)
2023-03-17 00:26:06,866 INFO  server.RaftServerConfigKeys (ConfUtils.java:logGet(46)) - raft.server.log.statemachine.data.caching.enabled = false (default)
2023-03-17 00:26:06,866 INFO  segmented.SegmentedRaftLogWorker (SegmentedRaftLogWorker.java:lambda$new$0(134)) - s3@group-38FE90E113AE-SegmentedRaftLogWorker: flushIndex: setUnconditionally 0 -> -1
2023-03-17 00:26:06,866 INFO  segmented.SegmentedRaftLogWorker (SegmentedRaftLogWorker.java:lambda$new$0(134)) - s3@group-38FE90E113AE-SegmentedRaftLogWorker: safeCacheEvictIndex: setUnconditionally 0 -> -1
2023-03-17 00:26:06,866 INFO  server.RaftServer$Division (RaftServerImpl.java:start(348)) - s3@group-38FE90E113AE: start with initializing state, conf=-1: peers:[]|listeners:[], old=null
2023-03-17 00:26:06,866 INFO  server.RaftServer$Division (RaftServerImpl.java:setRole(329)) - s3@group-38FE90E113AE: changes role from      null to FOLLOWER at term 0 for startInitializing
2023-03-17 00:26:06,866 INFO  util.JmxRegister (JmxRegister.java:tryRegister(44)) - Successfully registered JMX Bean with object name Ratis:service=RaftServer,group=group-38FE90E113AE,id=s3
2023-03-17 00:26:06,866 INFO  server.RaftServerConfigKeys (ConfUtils.java:logGet(46)) - raft.server.snapshot.auto.trigger.enabled = false (default)
2023-03-17 00:26:06,866 INFO  server.RaftServerConfigKeys (ConfUtils.java:logGet(46)) - raft.server.snapshot.retention.file.num = -1 (default)
2023-03-17 00:26:06,866 INFO  server.RaftServerConfigKeys (ConfUtils.java:logGet(46)) - raft.server.log.purge.upto.snapshot.index = false (default)
2023-03-17 00:26:06,868 INFO  server.RaftServer (RaftServerProxy.java:startImpl(401)) - s3: start RPC server
2023-03-17 00:26:06,887 INFO  logging.LoggingHandler (AbstractInternalLogger.java:log(148)) - [id: 0x537f870e] REGISTERED
2023-03-17 00:26:06,887 INFO  logging.LoggingHandler (AbstractInternalLogger.java:log(148)) - [id: 0x537f870e] BIND: 0.0.0.0/0.0.0.0:36277
2023-03-17 00:26:06,888 INFO  logging.LoggingHandler (AbstractInternalLogger.java:log(148)) - [id: 0x537f870e, L:/0.0.0.0:36277] ACTIVE
2023-03-17 00:26:06,890 INFO  server.RaftServerConfigKeys (ConfUtils.java:logGet(46)) - raft.server.storage.free-space.min = 0MB (=0) (default)
2023-03-17 00:26:06,890 INFO  server.RaftServerConfigKeys (ConfUtils.java:logGet(46)) - raft.server.log.corruption.policy = EXCEPTION (default)
2023-03-17 00:26:06,890 INFO  server.RaftServerConfigKeys (ConfUtils.java:logGet(46)) - raft.server.storage.dir = [/home/runner/work/ratis/ratis/ratis-examples/target/test/data/9a3b15da/MiniRaftClusterWithNettyce94e709/s4] (custom)
2023-03-17 00:26:06,890 INFO  storage.RaftStorageDirectory (RaftStorageDirectoryImpl.java:analyzeStorage(138)) - The storage directory /home/runner/work/ratis/ratis/ratis-examples/target/test/data/9a3b15da/MiniRaftClusterWithNettyce94e709/s4/e754177e-6e56-420b-8459-38fe90e113ae does not exist. Creating ...
2023-03-17 00:26:06,891 TRACE util.FileUtils (LogUtils.java:runAndLog(49)) - Successfully ran Files.createDirectories /home/runner/work/ratis/ratis/ratis-examples/target/test/data/9a3b15da/MiniRaftClusterWithNettyce94e709/s4/e754177e-6e56-420b-8459-38fe90e113ae
2023-03-17 00:26:06,890 INFO  util.JvmPauseMonitor (JvmPauseMonitor.java:run(103)) - JvmPauseMonitor-s3: Started
2023-03-17 00:26:06,892 INFO  storage.RaftStorageDirectory (RaftStorageDirectoryImpl.java:tryLock(232)) - Lock on /home/runner/work/ratis/ratis/ratis-examples/target/test/data/9a3b15da/MiniRaftClusterWithNettyce94e709/s4/e754177e-6e56-420b-8459-38fe90e113ae/in_use.lock acquired by nodename 17092@fv-az451-845
2023-03-17 00:26:06,892 TRACE util.FileUtils (LogUtils.java:runAndLog(49)) - Successfully ran Files.createDirectories /home/runner/work/ratis/ratis/ratis-examples/target/test/data/9a3b15da/MiniRaftClusterWithNettyce94e709/s4/e754177e-6e56-420b-8459-38fe90e113ae/current
2023-03-17 00:26:06,892 TRACE util.FileUtils (LogUtils.java:runAndLog(49)) - Successfully ran Files.createDirectories /home/runner/work/ratis/ratis/ratis-examples/target/test/data/9a3b15da/MiniRaftClusterWithNettyce94e709/s4/e754177e-6e56-420b-8459-38fe90e113ae/sm
2023-03-17 00:26:06,894 INFO  storage.RaftStorage (RaftStorageImpl.java:format(96)) - Storage directory /home/runner/work/ratis/ratis/ratis-examples/target/test/data/9a3b15da/MiniRaftClusterWithNettyce94e709/s4/e754177e-6e56-420b-8459-38fe90e113ae has been successfully formatted.
2023-03-17 00:26:06,894 WARN  statemachine.StateMachine (ArithmeticStateMachine.java:loadSnapshot(116)) - The snapshot info is null.
2023-03-17 00:26:06,894 INFO  server.RaftServerConfigKeys (ConfUtils.java:logGet(46)) - raft.server.log.use.memory = false (default)
2023-03-17 00:26:06,894 INFO  server.RaftServerConfigKeys (ConfUtils.java:logGet(46)) - raft.server.log.purge.gap = 1024 (default)
2023-03-17 00:26:06,894 INFO  server.RaftServerConfigKeys (ConfUtils.java:logGet(46)) - raft.server.log.appender.buffer.byte-limit = 4MB (=4194304) (default)
2023-03-17 00:26:06,894 INFO  server.RaftServerConfigKeys (ConfUtils.java:logGet(46)) - raft.server.log.statemachine.data.read.timeout = 1000ms (default)
2023-03-17 00:26:06,894 INFO  server.RaftServerConfigKeys (ConfUtils.java:logGet(46)) - raft.server.log.purge.preservation.log.num = 0 (default)
2023-03-17 00:26:06,895 INFO  server.RaftServerConfigKeys (ConfUtils.java:logGet(46)) - raft.server.log.segment.size.max = 8MB (=8388608) (default)
2023-03-17 00:26:06,895 INFO  server.RaftServerConfigKeys (ConfUtils.java:logGet(46)) - raft.server.log.segment.cache.num.max = 6 (default)
2023-03-17 00:26:06,895 INFO  server.RaftServerConfigKeys (ConfUtils.java:logGet(46)) - raft.server.log.segment.cache.size.max = 200MB (=209715200) (default)
2023-03-17 00:26:06,895 INFO  server.RaftServerConfigKeys (ConfUtils.java:logGet(46)) - raft.server.log.appender.buffer.byte-limit = 4MB (=4194304) (default)
2023-03-17 00:26:06,895 INFO  segmented.SegmentedRaftLogWorker (SegmentedRaftLogWorker.java:<init>(183)) - new s4@group-38FE90E113AE-SegmentedRaftLogWorker for RaftStorageImpl:Storage Directory /home/runner/work/ratis/ratis/ratis-examples/target/test/data/9a3b15da/MiniRaftClusterWithNettyce94e709/s4/e754177e-6e56-420b-8459-38fe90e113ae
2023-03-17 00:26:06,895 INFO  server.RaftServerConfigKeys (ConfUtils.java:logGet(46)) - raft.server.log.queue.byte-limit = 64MB (=67108864) (default)
2023-03-17 00:26:06,895 INFO  server.RaftServerConfigKeys (ConfUtils.java:logGet(46)) - raft.server.log.queue.element-limit = 4096 (default)
2023-03-17 00:26:06,895 INFO  server.RaftServerConfigKeys (ConfUtils.java:logGet(46)) - raft.server.log.segment.size.max = 8MB (=8388608) (default)
2023-03-17 00:26:06,895 INFO  server.RaftServerConfigKeys (ConfUtils.java:logGet(46)) - raft.server.log.preallocated.size = 4MB (=4194304) (default)
2023-03-17 00:26:06,895 INFO  server.RaftServerConfigKeys (ConfUtils.java:logGet(46)) - raft.server.log.force.sync.num = 128 (default)
2023-03-17 00:26:06,895 INFO  server.RaftServerConfigKeys (ConfUtils.java:logGet(46)) - raft.server.log.statemachine.data.sync = true (default)
2023-03-17 00:26:06,895 INFO  server.RaftServerConfigKeys (ConfUtils.java:logGet(46)) - raft.server.log.statemachine.data.sync.timeout = 10s (default)
2023-03-17 00:26:06,895 INFO  server.RaftServerConfigKeys (ConfUtils.java:logGet(46)) - raft.server.log.statemachine.data.sync.timeout.retry = -1 (default)
2023-03-17 00:26:06,896 INFO  server.RaftServerConfigKeys (ConfUtils.java:logGet(46)) - raft.server.log.write.buffer.size = 64KB (=65536) (default)
2023-03-17 00:26:06,896 INFO  server.RaftServerConfigKeys (ConfUtils.java:logGet(46)) - raft.server.log.appender.buffer.byte-limit = 4MB (=4194304) (default)
2023-03-17 00:26:06,897 INFO  server.RaftServerConfigKeys (ConfUtils.java:logGet(46)) - raft.server.log.unsafe-flush.enabled = false (default)
2023-03-17 00:26:06,897 INFO  server.RaftServerConfigKeys (ConfUtils.java:logGet(46)) - raft.server.log.async-flush.enabled = false (default)
2023-03-17 00:26:06,897 INFO  server.RaftServerConfigKeys (ConfUtils.java:logGet(46)) - raft.server.log.statemachine.data.caching.enabled = false (default)
2023-03-17 00:26:06,897 INFO  segmented.SegmentedRaftLogWorker (SegmentedRaftLogWorker.java:lambda$new$0(134)) - s4@group-38FE90E113AE-SegmentedRaftLogWorker: flushIndex: setUnconditionally 0 -> -1
2023-03-17 00:26:06,897 INFO  segmented.SegmentedRaftLogWorker (SegmentedRaftLogWorker.java:lambda$new$0(134)) - s4@group-38FE90E113AE-SegmentedRaftLogWorker: safeCacheEvictIndex: setUnconditionally 0 -> -1
2023-03-17 00:26:06,897 INFO  server.RaftServer$Division (RaftServerImpl.java:start(348)) - s4@group-38FE90E113AE: start with initializing state, conf=-1: peers:[]|listeners:[], old=null
2023-03-17 00:26:06,897 INFO  server.RaftServer$Division (RaftServerImpl.java:setRole(329)) - s4@group-38FE90E113AE: changes role from      null to FOLLOWER at term 0 for startInitializing
2023-03-17 00:26:06,897 INFO  util.JmxRegister (JmxRegister.java:tryRegister(44)) - Successfully registered JMX Bean with object name Ratis:service=RaftServer,group=group-38FE90E113AE,id=s4
2023-03-17 00:26:06,897 INFO  server.RaftServerConfigKeys (ConfUtils.java:logGet(46)) - raft.server.snapshot.auto.trigger.enabled = false (default)
2023-03-17 00:26:06,898 INFO  server.RaftServerConfigKeys (ConfUtils.java:logGet(46)) - raft.server.snapshot.retention.file.num = -1 (default)
2023-03-17 00:26:06,898 INFO  server.RaftServerConfigKeys (ConfUtils.java:logGet(46)) - raft.server.log.purge.upto.snapshot.index = false (default)
2023-03-17 00:26:06,898 INFO  server.RaftServer (RaftServerProxy.java:startImpl(401)) - s4: start RPC server
2023-03-17 00:26:06,902 INFO  logging.LoggingHandler (AbstractInternalLogger.java:log(148)) - [id: 0x8f5e74f5] REGISTERED
2023-03-17 00:26:06,902 INFO  logging.LoggingHandler (AbstractInternalLogger.java:log(148)) - [id: 0x8f5e74f5] BIND: 0.0.0.0/0.0.0.0:39523
2023-03-17 00:26:06,902 INFO  logging.LoggingHandler (AbstractInternalLogger.java:log(148)) - [id: 0x8f5e74f5, L:/0.0.0.0:39523] ACTIVE
2023-03-17 00:26:06,903 INFO  server.RaftServerConfigKeys (ConfUtils.java:logGet(46)) - raft.server.storage.free-space.min = 0MB (=0) (default)
2023-03-17 00:26:06,903 INFO  util.JvmPauseMonitor (JvmPauseMonitor.java:run(103)) - JvmPauseMonitor-s4: Started
2023-03-17 00:26:06,903 INFO  server.RaftServerConfigKeys (ConfUtils.java:logGet(46)) - raft.server.log.corruption.policy = EXCEPTION (default)
2023-03-17 00:26:06,903 INFO  server.RaftServerConfigKeys (ConfUtils.java:logGet(46)) - raft.server.storage.dir = [/home/runner/work/ratis/ratis/ratis-examples/target/test/data/9a3b15da/MiniRaftClusterWithNettyce94e709/s5] (custom)
2023-03-17 00:26:06,903 INFO  storage.RaftStorageDirectory (RaftStorageDirectoryImpl.java:analyzeStorage(138)) - The storage directory /home/runner/work/ratis/ratis/ratis-examples/target/test/data/9a3b15da/MiniRaftClusterWithNettyce94e709/s5/e754177e-6e56-420b-8459-38fe90e113ae does not exist. Creating ...
2023-03-17 00:26:06,903 TRACE util.FileUtils (LogUtils.java:runAndLog(49)) - Successfully ran Files.createDirectories /home/runner/work/ratis/ratis/ratis-examples/target/test/data/9a3b15da/MiniRaftClusterWithNettyce94e709/s5/e754177e-6e56-420b-8459-38fe90e113ae
2023-03-17 00:26:06,904 INFO  storage.RaftStorageDirectory (RaftStorageDirectoryImpl.java:tryLock(232)) - Lock on /home/runner/work/ratis/ratis/ratis-examples/target/test/data/9a3b15da/MiniRaftClusterWithNettyce94e709/s5/e754177e-6e56-420b-8459-38fe90e113ae/in_use.lock acquired by nodename 17092@fv-az451-845
2023-03-17 00:26:06,905 TRACE util.FileUtils (LogUtils.java:runAndLog(49)) - Successfully ran Files.createDirectories /home/runner/work/ratis/ratis/ratis-examples/target/test/data/9a3b15da/MiniRaftClusterWithNettyce94e709/s5/e754177e-6e56-420b-8459-38fe90e113ae/current
2023-03-17 00:26:06,905 TRACE util.FileUtils (LogUtils.java:runAndLog(49)) - Successfully ran Files.createDirectories /home/runner/work/ratis/ratis/ratis-examples/target/test/data/9a3b15da/MiniRaftClusterWithNettyce94e709/s5/e754177e-6e56-420b-8459-38fe90e113ae/sm
2023-03-17 00:26:06,906 INFO  storage.RaftStorage (RaftStorageImpl.java:format(96)) - Storage directory /home/runner/work/ratis/ratis/ratis-examples/target/test/data/9a3b15da/MiniRaftClusterWithNettyce94e709/s5/e754177e-6e56-420b-8459-38fe90e113ae has been successfully formatted.
2023-03-17 00:26:06,906 WARN  statemachine.StateMachine (ArithmeticStateMachine.java:loadSnapshot(116)) - The snapshot info is null.
2023-03-17 00:26:06,906 INFO  server.RaftServerConfigKeys (ConfUtils.java:logGet(46)) - raft.server.log.use.memory = false (default)
2023-03-17 00:26:06,906 INFO  server.RaftServerConfigKeys (ConfUtils.java:logGet(46)) - raft.server.log.purge.gap = 1024 (default)
2023-03-17 00:26:06,906 INFO  server.RaftServerConfigKeys (ConfUtils.java:logGet(46)) - raft.server.log.appender.buffer.byte-limit = 4MB (=4194304) (default)
2023-03-17 00:26:06,906 INFO  server.RaftServerConfigKeys (ConfUtils.java:logGet(46)) - raft.server.log.statemachine.data.read.timeout = 1000ms (default)
2023-03-17 00:26:06,907 INFO  server.RaftServerConfigKeys (ConfUtils.java:logGet(46)) - raft.server.log.purge.preservation.log.num = 0 (default)
2023-03-17 00:26:06,914 INFO  server.RaftServerConfigKeys (ConfUtils.java:logGet(46)) - raft.server.log.segment.size.max = 8MB (=8388608) (default)
2023-03-17 00:26:06,914 INFO  server.RaftServerConfigKeys (ConfUtils.java:logGet(46)) - raft.server.log.segment.cache.num.max = 6 (default)
2023-03-17 00:26:06,914 INFO  server.RaftServerConfigKeys (ConfUtils.java:logGet(46)) - raft.server.log.segment.cache.size.max = 200MB (=209715200) (default)
2023-03-17 00:26:06,914 INFO  server.RaftServerConfigKeys (ConfUtils.java:logGet(46)) - raft.server.log.appender.buffer.byte-limit = 4MB (=4194304) (default)
2023-03-17 00:26:06,915 INFO  segmented.SegmentedRaftLogWorker (SegmentedRaftLogWorker.java:<init>(183)) - new s5@group-38FE90E113AE-SegmentedRaftLogWorker for RaftStorageImpl:Storage Directory /home/runner/work/ratis/ratis/ratis-examples/target/test/data/9a3b15da/MiniRaftClusterWithNettyce94e709/s5/e754177e-6e56-420b-8459-38fe90e113ae
2023-03-17 00:26:06,915 INFO  server.RaftServerConfigKeys (ConfUtils.java:logGet(46)) - raft.server.log.queue.byte-limit = 64MB (=67108864) (default)
2023-03-17 00:26:06,915 INFO  server.RaftServerConfigKeys (ConfUtils.java:logGet(46)) - raft.server.log.queue.element-limit = 4096 (default)
2023-03-17 00:26:06,915 INFO  server.RaftServerConfigKeys (ConfUtils.java:logGet(46)) - raft.server.log.segment.size.max = 8MB (=8388608) (default)
2023-03-17 00:26:06,915 INFO  server.RaftServerConfigKeys (ConfUtils.java:logGet(46)) - raft.server.log.preallocated.size = 4MB (=4194304) (default)
2023-03-17 00:26:06,915 INFO  server.RaftServerConfigKeys (ConfUtils.java:logGet(46)) - raft.server.log.force.sync.num = 128 (default)
2023-03-17 00:26:06,915 INFO  server.RaftServerConfigKeys (ConfUtils.java:logGet(46)) - raft.server.log.statemachine.data.sync = true (default)
2023-03-17 00:26:06,916 INFO  server.RaftServerConfigKeys (ConfUtils.java:logGet(46)) - raft.server.log.statemachine.data.sync.timeout = 10s (default)
2023-03-17 00:26:06,916 INFO  server.RaftServerConfigKeys (ConfUtils.java:logGet(46)) - raft.server.log.statemachine.data.sync.timeout.retry = -1 (default)
2023-03-17 00:26:06,916 INFO  server.RaftServerConfigKeys (ConfUtils.java:logGet(46)) - raft.server.log.write.buffer.size = 64KB (=65536) (default)
2023-03-17 00:26:06,916 INFO  server.RaftServerConfigKeys (ConfUtils.java:logGet(46)) - raft.server.log.appender.buffer.byte-limit = 4MB (=4194304) (default)
2023-03-17 00:26:06,917 INFO  server.RaftServerConfigKeys (ConfUtils.java:logGet(46)) - raft.server.log.unsafe-flush.enabled = false (default)
2023-03-17 00:26:06,917 INFO  server.RaftServerConfigKeys (ConfUtils.java:logGet(46)) - raft.server.log.async-flush.enabled = false (default)
2023-03-17 00:26:06,917 INFO  server.RaftServerConfigKeys (ConfUtils.java:logGet(46)) - raft.server.log.statemachine.data.caching.enabled = false (default)
2023-03-17 00:26:06,917 INFO  segmented.SegmentedRaftLogWorker (SegmentedRaftLogWorker.java:lambda$new$0(134)) - s5@group-38FE90E113AE-SegmentedRaftLogWorker: flushIndex: setUnconditionally 0 -> -1
2023-03-17 00:26:06,917 INFO  segmented.SegmentedRaftLogWorker (SegmentedRaftLogWorker.java:lambda$new$0(134)) - s5@group-38FE90E113AE-SegmentedRaftLogWorker: safeCacheEvictIndex: setUnconditionally 0 -> -1
2023-03-17 00:26:06,917 INFO  server.RaftServer$Division (RaftServerImpl.java:start(348)) - s5@group-38FE90E113AE: start with initializing state, conf=-1: peers:[]|listeners:[], old=null
2023-03-17 00:26:06,917 INFO  server.RaftServer$Division (RaftServerImpl.java:setRole(329)) - s5@group-38FE90E113AE: changes role from      null to FOLLOWER at term 0 for startInitializing
2023-03-17 00:26:06,917 INFO  util.JmxRegister (JmxRegister.java:tryRegister(44)) - Successfully registered JMX Bean with object name Ratis:service=RaftServer,group=group-38FE90E113AE,id=s5
2023-03-17 00:26:06,917 INFO  server.RaftServerConfigKeys (ConfUtils.java:logGet(46)) - raft.server.snapshot.auto.trigger.enabled = false (default)
2023-03-17 00:26:06,917 INFO  server.RaftServerConfigKeys (ConfUtils.java:logGet(46)) - raft.server.snapshot.retention.file.num = -1 (default)
2023-03-17 00:26:06,917 INFO  server.RaftServerConfigKeys (ConfUtils.java:logGet(46)) - raft.server.log.purge.upto.snapshot.index = false (default)
2023-03-17 00:26:06,918 INFO  server.RaftServer (RaftServerProxy.java:startImpl(401)) - s5: start RPC server
2023-03-17 00:26:06,919 INFO  logging.LoggingHandler (AbstractInternalLogger.java:log(148)) - [id: 0x571c5d97] REGISTERED
2023-03-17 00:26:06,919 INFO  logging.LoggingHandler (AbstractInternalLogger.java:log(148)) - [id: 0x571c5d97] BIND: 0.0.0.0/0.0.0.0:38791
2023-03-17 00:26:06,919 INFO  logging.LoggingHandler (AbstractInternalLogger.java:log(148)) - [id: 0x571c5d97, L:/0.0.0.0:38791] ACTIVE
2023-03-17 00:26:06,922 INFO  server.RaftServerConfigKeys (ConfUtils.java:logGet(46)) - raft.server.storage.free-space.min = 0MB (=0) (default)
2023-03-17 00:26:06,922 INFO  util.JvmPauseMonitor (JvmPauseMonitor.java:run(103)) - JvmPauseMonitor-s5: Started
2023-03-17 00:26:06,922 INFO  server.RaftServerConfigKeys (ConfUtils.java:logGet(46)) - raft.server.log.corruption.policy = EXCEPTION (default)
2023-03-17 00:26:06,922 INFO  server.RaftServerConfigKeys (ConfUtils.java:logGet(46)) - raft.server.storage.dir = [/home/runner/work/ratis/ratis/ratis-examples/target/test/data/9a3b15da/MiniRaftClusterWithNettyce94e709/s6] (custom)
2023-03-17 00:26:06,922 INFO  storage.RaftStorageDirectory (RaftStorageDirectoryImpl.java:analyzeStorage(138)) - The storage directory /home/runner/work/ratis/ratis/ratis-examples/target/test/data/9a3b15da/MiniRaftClusterWithNettyce94e709/s6/e754177e-6e56-420b-8459-38fe90e113ae does not exist. Creating ...
2023-03-17 00:26:06,923 TRACE util.FileUtils (LogUtils.java:runAndLog(49)) - Successfully ran Files.createDirectories /home/runner/work/ratis/ratis/ratis-examples/target/test/data/9a3b15da/MiniRaftClusterWithNettyce94e709/s6/e754177e-6e56-420b-8459-38fe90e113ae
2023-03-17 00:26:06,924 INFO  storage.RaftStorageDirectory (RaftStorageDirectoryImpl.java:tryLock(232)) - Lock on /home/runner/work/ratis/ratis/ratis-examples/target/test/data/9a3b15da/MiniRaftClusterWithNettyce94e709/s6/e754177e-6e56-420b-8459-38fe90e113ae/in_use.lock acquired by nodename 17092@fv-az451-845
2023-03-17 00:26:06,924 TRACE util.FileUtils (LogUtils.java:runAndLog(49)) - Successfully ran Files.createDirectories /home/runner/work/ratis/ratis/ratis-examples/target/test/data/9a3b15da/MiniRaftClusterWithNettyce94e709/s6/e754177e-6e56-420b-8459-38fe90e113ae/current
2023-03-17 00:26:06,924 TRACE util.FileUtils (LogUtils.java:runAndLog(49)) - Successfully ran Files.createDirectories /home/runner/work/ratis/ratis/ratis-examples/target/test/data/9a3b15da/MiniRaftClusterWithNettyce94e709/s6/e754177e-6e56-420b-8459-38fe90e113ae/sm
2023-03-17 00:26:06,926 INFO  storage.RaftStorage (RaftStorageImpl.java:format(96)) - Storage directory /home/runner/work/ratis/ratis/ratis-examples/target/test/data/9a3b15da/MiniRaftClusterWithNettyce94e709/s6/e754177e-6e56-420b-8459-38fe90e113ae has been successfully formatted.
2023-03-17 00:26:06,927 WARN  statemachine.StateMachine (ArithmeticStateMachine.java:loadSnapshot(116)) - The snapshot info is null.
2023-03-17 00:26:06,927 INFO  server.RaftServerConfigKeys (ConfUtils.java:logGet(46)) - raft.server.log.use.memory = false (default)
2023-03-17 00:26:06,927 INFO  server.RaftServerConfigKeys (ConfUtils.java:logGet(46)) - raft.server.log.purge.gap = 1024 (default)
2023-03-17 00:26:06,927 INFO  server.RaftServerConfigKeys (ConfUtils.java:logGet(46)) - raft.server.log.appender.buffer.byte-limit = 4MB (=4194304) (default)
2023-03-17 00:26:06,927 INFO  server.RaftServerConfigKeys (ConfUtils.java:logGet(46)) - raft.server.log.statemachine.data.read.timeout = 1000ms (default)
2023-03-17 00:26:06,927 INFO  server.RaftServerConfigKeys (ConfUtils.java:logGet(46)) - raft.server.log.purge.preservation.log.num = 0 (default)
2023-03-17 00:26:06,927 INFO  server.RaftServerConfigKeys (ConfUtils.java:logGet(46)) - raft.server.log.segment.size.max = 8MB (=8388608) (default)
2023-03-17 00:26:06,927 INFO  server.RaftServerConfigKeys (ConfUtils.java:logGet(46)) - raft.server.log.segment.cache.num.max = 6 (default)
2023-03-17 00:26:06,927 INFO  server.RaftServerConfigKeys (ConfUtils.java:logGet(46)) - raft.server.log.segment.cache.size.max = 200MB (=209715200) (default)
2023-03-17 00:26:06,927 INFO  server.RaftServerConfigKeys (ConfUtils.java:logGet(46)) - raft.server.log.appender.buffer.byte-limit = 4MB (=4194304) (default)
2023-03-17 00:26:06,927 INFO  segmented.SegmentedRaftLogWorker (SegmentedRaftLogWorker.java:<init>(183)) - new s6@group-38FE90E113AE-SegmentedRaftLogWorker for RaftStorageImpl:Storage Directory /home/runner/work/ratis/ratis/ratis-examples/target/test/data/9a3b15da/MiniRaftClusterWithNettyce94e709/s6/e754177e-6e56-420b-8459-38fe90e113ae
2023-03-17 00:26:06,927 INFO  server.RaftServerConfigKeys (ConfUtils.java:logGet(46)) - raft.server.log.queue.byte-limit = 64MB (=67108864) (default)
2023-03-17 00:26:06,927 INFO  server.RaftServerConfigKeys (ConfUtils.java:logGet(46)) - raft.server.log.queue.element-limit = 4096 (default)
2023-03-17 00:26:06,927 INFO  server.RaftServerConfigKeys (ConfUtils.java:logGet(46)) - raft.server.log.segment.size.max = 8MB (=8388608) (default)
2023-03-17 00:26:06,927 INFO  server.RaftServerConfigKeys (ConfUtils.java:logGet(46)) - raft.server.log.preallocated.size = 4MB (=4194304) (default)
2023-03-17 00:26:06,928 INFO  server.RaftServerConfigKeys (ConfUtils.java:logGet(46)) - raft.server.log.force.sync.num = 128 (default)
2023-03-17 00:26:06,928 INFO  server.RaftServerConfigKeys (ConfUtils.java:logGet(46)) - raft.server.log.statemachine.data.sync = true (default)
2023-03-17 00:26:06,928 INFO  server.RaftServerConfigKeys (ConfUtils.java:logGet(46)) - raft.server.log.statemachine.data.sync.timeout = 10s (default)
2023-03-17 00:26:06,928 INFO  server.RaftServerConfigKeys (ConfUtils.java:logGet(46)) - raft.server.log.statemachine.data.sync.timeout.retry = -1 (default)
2023-03-17 00:26:06,928 INFO  server.RaftServerConfigKeys (ConfUtils.java:logGet(46)) - raft.server.log.write.buffer.size = 64KB (=65536) (default)
2023-03-17 00:26:06,928 INFO  server.RaftServerConfigKeys (ConfUtils.java:logGet(46)) - raft.server.log.appender.buffer.byte-limit = 4MB (=4194304) (default)
2023-03-17 00:26:06,929 INFO  server.RaftServerConfigKeys (ConfUtils.java:logGet(46)) - raft.server.log.unsafe-flush.enabled = false (default)
2023-03-17 00:26:06,929 INFO  server.RaftServerConfigKeys (ConfUtils.java:logGet(46)) - raft.server.log.async-flush.enabled = false (default)
2023-03-17 00:26:06,929 INFO  server.RaftServerConfigKeys (ConfUtils.java:logGet(46)) - raft.server.log.statemachine.data.caching.enabled = false (default)
2023-03-17 00:26:06,929 INFO  segmented.SegmentedRaftLogWorker (SegmentedRaftLogWorker.java:lambda$new$0(134)) - s6@group-38FE90E113AE-SegmentedRaftLogWorker: flushIndex: setUnconditionally 0 -> -1
2023-03-17 00:26:06,929 INFO  segmented.SegmentedRaftLogWorker (SegmentedRaftLogWorker.java:lambda$new$0(134)) - s6@group-38FE90E113AE-SegmentedRaftLogWorker: safeCacheEvictIndex: setUnconditionally 0 -> -1
2023-03-17 00:26:06,929 INFO  server.RaftServer$Division (RaftServerImpl.java:start(348)) - s6@group-38FE90E113AE: start with initializing state, conf=-1: peers:[]|listeners:[], old=null
2023-03-17 00:26:06,929 INFO  server.RaftServer$Division (RaftServerImpl.java:setRole(329)) - s6@group-38FE90E113AE: changes role from      null to FOLLOWER at term 0 for startInitializing
2023-03-17 00:26:06,929 INFO  util.JmxRegister (JmxRegister.java:tryRegister(44)) - Successfully registered JMX Bean with object name Ratis:service=RaftServer,group=group-38FE90E113AE,id=s6
2023-03-17 00:26:06,929 INFO  server.RaftServerConfigKeys (ConfUtils.java:logGet(46)) - raft.server.snapshot.auto.trigger.enabled = false (default)
2023-03-17 00:26:06,929 INFO  server.RaftServerConfigKeys (ConfUtils.java:logGet(46)) - raft.server.snapshot.retention.file.num = -1 (default)
2023-03-17 00:26:06,929 INFO  server.RaftServerConfigKeys (ConfUtils.java:logGet(46)) - raft.server.log.purge.upto.snapshot.index = false (default)
2023-03-17 00:26:06,930 INFO  server.RaftServer (RaftServerProxy.java:startImpl(401)) - s6: start RPC server
2023-03-17 00:26:06,931 INFO  logging.LoggingHandler (AbstractInternalLogger.java:log(148)) - [id: 0x2a54c005] REGISTERED
2023-03-17 00:26:06,931 INFO  logging.LoggingHandler (AbstractInternalLogger.java:log(148)) - [id: 0x2a54c005] BIND: 0.0.0.0/0.0.0.0:34503
2023-03-17 00:26:06,932 INFO  logging.LoggingHandler (AbstractInternalLogger.java:log(148)) - [id: 0x2a54c005, L:/0.0.0.0:34503] ACTIVE
2023-03-17 00:26:06,932 INFO  server.RaftServerConfigKeys (ConfUtils.java:logGet(46)) - raft.server.storage.free-space.min = 0MB (=0) (default)
2023-03-17 00:26:06,932 INFO  server.RaftServerConfigKeys (ConfUtils.java:logGet(46)) - raft.server.log.corruption.policy = EXCEPTION (default)
2023-03-17 00:26:06,932 INFO  server.RaftServerConfigKeys (ConfUtils.java:logGet(46)) - raft.server.storage.dir = [/home/runner/work/ratis/ratis/ratis-examples/target/test/data/9a3b15da/MiniRaftClusterWithNettyce94e709/s7] (custom)
2023-03-17 00:26:06,932 INFO  storage.RaftStorageDirectory (RaftStorageDirectoryImpl.java:analyzeStorage(138)) - The storage directory /home/runner/work/ratis/ratis/ratis-examples/target/test/data/9a3b15da/MiniRaftClusterWithNettyce94e709/s7/e754177e-6e56-420b-8459-38fe90e113ae does not exist. Creating ...
2023-03-17 00:26:06,933 TRACE util.FileUtils (LogUtils.java:runAndLog(49)) - Successfully ran Files.createDirectories /home/runner/work/ratis/ratis/ratis-examples/target/test/data/9a3b15da/MiniRaftClusterWithNettyce94e709/s7/e754177e-6e56-420b-8459-38fe90e113ae
2023-03-17 00:26:06,933 INFO  util.JvmPauseMonitor (JvmPauseMonitor.java:run(103)) - JvmPauseMonitor-s6: Started
2023-03-17 00:26:06,934 INFO  storage.RaftStorageDirectory (RaftStorageDirectoryImpl.java:tryLock(232)) - Lock on /home/runner/work/ratis/ratis/ratis-examples/target/test/data/9a3b15da/MiniRaftClusterWithNettyce94e709/s7/e754177e-6e56-420b-8459-38fe90e113ae/in_use.lock acquired by nodename 17092@fv-az451-845
2023-03-17 00:26:06,934 TRACE util.FileUtils (LogUtils.java:runAndLog(49)) - Successfully ran Files.createDirectories /home/runner/work/ratis/ratis/ratis-examples/target/test/data/9a3b15da/MiniRaftClusterWithNettyce94e709/s7/e754177e-6e56-420b-8459-38fe90e113ae/current
2023-03-17 00:26:06,934 TRACE util.FileUtils (LogUtils.java:runAndLog(49)) - Successfully ran Files.createDirectories /home/runner/work/ratis/ratis/ratis-examples/target/test/data/9a3b15da/MiniRaftClusterWithNettyce94e709/s7/e754177e-6e56-420b-8459-38fe90e113ae/sm
2023-03-17 00:26:06,935 INFO  storage.RaftStorage (RaftStorageImpl.java:format(96)) - Storage directory /home/runner/work/ratis/ratis/ratis-examples/target/test/data/9a3b15da/MiniRaftClusterWithNettyce94e709/s7/e754177e-6e56-420b-8459-38fe90e113ae has been successfully formatted.
2023-03-17 00:26:06,936 WARN  statemachine.StateMachine (ArithmeticStateMachine.java:loadSnapshot(116)) - The snapshot info is null.
2023-03-17 00:26:06,936 INFO  server.RaftServerConfigKeys (ConfUtils.java:logGet(46)) - raft.server.log.use.memory = false (default)
2023-03-17 00:26:06,936 INFO  server.RaftServerConfigKeys (ConfUtils.java:logGet(46)) - raft.server.log.purge.gap = 1024 (default)
2023-03-17 00:26:06,936 INFO  server.RaftServerConfigKeys (ConfUtils.java:logGet(46)) - raft.server.log.appender.buffer.byte-limit = 4MB (=4194304) (default)
2023-03-17 00:26:06,936 INFO  server.RaftServerConfigKeys (ConfUtils.java:logGet(46)) - raft.server.log.statemachine.data.read.timeout = 1000ms (default)
2023-03-17 00:26:06,936 INFO  server.RaftServerConfigKeys (ConfUtils.java:logGet(46)) - raft.server.log.purge.preservation.log.num = 0 (default)
2023-03-17 00:26:06,936 INFO  server.RaftServerConfigKeys (ConfUtils.java:logGet(46)) - raft.server.log.segment.size.max = 8MB (=8388608) (default)
2023-03-17 00:26:06,936 INFO  server.RaftServerConfigKeys (ConfUtils.java:logGet(46)) - raft.server.log.segment.cache.num.max = 6 (default)
2023-03-17 00:26:06,937 INFO  server.RaftServerConfigKeys (ConfUtils.java:logGet(46)) - raft.server.log.segment.cache.size.max = 200MB (=209715200) (default)
2023-03-17 00:26:06,937 INFO  server.RaftServerConfigKeys (ConfUtils.java:logGet(46)) - raft.server.log.appender.buffer.byte-limit = 4MB (=4194304) (default)
2023-03-17 00:26:06,937 INFO  segmented.SegmentedRaftLogWorker (SegmentedRaftLogWorker.java:<init>(183)) - new s7@group-38FE90E113AE-SegmentedRaftLogWorker for RaftStorageImpl:Storage Directory /home/runner/work/ratis/ratis/ratis-examples/target/test/data/9a3b15da/MiniRaftClusterWithNettyce94e709/s7/e754177e-6e56-420b-8459-38fe90e113ae
2023-03-17 00:26:06,937 INFO  server.RaftServerConfigKeys (ConfUtils.java:logGet(46)) - raft.server.log.queue.byte-limit = 64MB (=67108864) (default)
2023-03-17 00:26:06,937 INFO  server.RaftServerConfigKeys (ConfUtils.java:logGet(46)) - raft.server.log.queue.element-limit = 4096 (default)
2023-03-17 00:26:06,937 INFO  server.RaftServerConfigKeys (ConfUtils.java:logGet(46)) - raft.server.log.segment.size.max = 8MB (=8388608) (default)
2023-03-17 00:26:06,937 INFO  server.RaftServerConfigKeys (ConfUtils.java:logGet(46)) - raft.server.log.preallocated.size = 4MB (=4194304) (default)
2023-03-17 00:26:06,937 INFO  server.RaftServerConfigKeys (ConfUtils.java:logGet(46)) - raft.server.log.force.sync.num = 128 (default)
2023-03-17 00:26:06,937 INFO  server.RaftServerConfigKeys (ConfUtils.java:logGet(46)) - raft.server.log.statemachine.data.sync = true (default)
2023-03-17 00:26:06,937 INFO  server.RaftServerConfigKeys (ConfUtils.java:logGet(46)) - raft.server.log.statemachine.data.sync.timeout = 10s (default)
2023-03-17 00:26:06,937 INFO  server.RaftServerConfigKeys (ConfUtils.java:logGet(46)) - raft.server.log.statemachine.data.sync.timeout.retry = -1 (default)
2023-03-17 00:26:06,937 INFO  server.RaftServerConfigKeys (ConfUtils.java:logGet(46)) - raft.server.log.write.buffer.size = 64KB (=65536) (default)
2023-03-17 00:26:06,937 INFO  server.RaftServerConfigKeys (ConfUtils.java:logGet(46)) - raft.server.log.appender.buffer.byte-limit = 4MB (=4194304) (default)
2023-03-17 00:26:06,958 INFO  server.RaftServerConfigKeys (ConfUtils.java:logGet(46)) - raft.server.log.unsafe-flush.enabled = false (default)
2023-03-17 00:26:06,958 INFO  server.RaftServerConfigKeys (ConfUtils.java:logGet(46)) - raft.server.log.async-flush.enabled = false (default)
2023-03-17 00:26:06,958 INFO  server.RaftServerConfigKeys (ConfUtils.java:logGet(46)) - raft.server.log.statemachine.data.caching.enabled = false (default)
2023-03-17 00:26:06,958 INFO  segmented.SegmentedRaftLogWorker (SegmentedRaftLogWorker.java:lambda$new$0(134)) - s7@group-38FE90E113AE-SegmentedRaftLogWorker: flushIndex: setUnconditionally 0 -> -1
2023-03-17 00:26:06,958 INFO  segmented.SegmentedRaftLogWorker (SegmentedRaftLogWorker.java:lambda$new$0(134)) - s7@group-38FE90E113AE-SegmentedRaftLogWorker: safeCacheEvictIndex: setUnconditionally 0 -> -1
2023-03-17 00:26:06,963 INFO  server.RaftServer$Division (RaftServerImpl.java:start(348)) - s7@group-38FE90E113AE: start with initializing state, conf=-1: peers:[]|listeners:[], old=null
2023-03-17 00:26:06,963 INFO  server.RaftServer$Division (RaftServerImpl.java:setRole(329)) - s7@group-38FE90E113AE: changes role from      null to FOLLOWER at term 0 for startInitializing
2023-03-17 00:26:06,963 INFO  util.JmxRegister (JmxRegister.java:tryRegister(44)) - Successfully registered JMX Bean with object name Ratis:service=RaftServer,group=group-38FE90E113AE,id=s7
2023-03-17 00:26:06,964 INFO  server.RaftServerConfigKeys (ConfUtils.java:logGet(46)) - raft.server.snapshot.auto.trigger.enabled = false (default)
2023-03-17 00:26:06,964 INFO  server.RaftServerConfigKeys (ConfUtils.java:logGet(46)) - raft.server.snapshot.retention.file.num = -1 (default)
2023-03-17 00:26:06,964 INFO  server.RaftServerConfigKeys (ConfUtils.java:logGet(46)) - raft.server.log.purge.upto.snapshot.index = false (default)
2023-03-17 00:26:06,964 INFO  server.RaftServer (RaftServerProxy.java:startImpl(401)) - s7: start RPC server
2023-03-17 00:26:06,966 INFO  logging.LoggingHandler (AbstractInternalLogger.java:log(148)) - [id: 0xdc48b285] REGISTERED
2023-03-17 00:26:06,966 INFO  logging.LoggingHandler (AbstractInternalLogger.java:log(148)) - [id: 0xdc48b285] BIND: 0.0.0.0/0.0.0.0:44573
2023-03-17 00:26:06,966 INFO  logging.LoggingHandler (AbstractInternalLogger.java:log(148)) - [id: 0xdc48b285, L:/0.0.0.0:44573] ACTIVE
2023-03-17 00:26:06,970 INFO  util.JvmPauseMonitor (JvmPauseMonitor.java:run(103)) - JvmPauseMonitor-s7: Started
2023-03-17 00:26:06,970 INFO  server.RaftServerConfigKeys (ConfUtils.java:logGet(46)) - raft.server.storage.free-space.min = 0MB (=0) (default)
2023-03-17 00:26:06,970 INFO  server.RaftServerConfigKeys (ConfUtils.java:logGet(46)) - raft.server.log.corruption.policy = EXCEPTION (default)
2023-03-17 00:26:06,970 INFO  server.RaftServerConfigKeys (ConfUtils.java:logGet(46)) - raft.server.storage.dir = [/home/runner/work/ratis/ratis/ratis-examples/target/test/data/9a3b15da/MiniRaftClusterWithNettyce94e709/s8] (custom)
2023-03-17 00:26:06,970 INFO  storage.RaftStorageDirectory (RaftStorageDirectoryImpl.java:analyzeStorage(138)) - The storage directory /home/runner/work/ratis/ratis/ratis-examples/target/test/data/9a3b15da/MiniRaftClusterWithNettyce94e709/s8/e754177e-6e56-420b-8459-38fe90e113ae does not exist. Creating ...
2023-03-17 00:26:06,971 TRACE util.FileUtils (LogUtils.java:runAndLog(49)) - Successfully ran Files.createDirectories /home/runner/work/ratis/ratis/ratis-examples/target/test/data/9a3b15da/MiniRaftClusterWithNettyce94e709/s8/e754177e-6e56-420b-8459-38fe90e113ae
2023-03-17 00:26:06,973 INFO  storage.RaftStorageDirectory (RaftStorageDirectoryImpl.java:tryLock(232)) - Lock on /home/runner/work/ratis/ratis/ratis-examples/target/test/data/9a3b15da/MiniRaftClusterWithNettyce94e709/s8/e754177e-6e56-420b-8459-38fe90e113ae/in_use.lock acquired by nodename 17092@fv-az451-845
2023-03-17 00:26:06,973 TRACE util.FileUtils (LogUtils.java:runAndLog(49)) - Successfully ran Files.createDirectories /home/runner/work/ratis/ratis/ratis-examples/target/test/data/9a3b15da/MiniRaftClusterWithNettyce94e709/s8/e754177e-6e56-420b-8459-38fe90e113ae/current
2023-03-17 00:26:06,973 TRACE util.FileUtils (LogUtils.java:runAndLog(49)) - Successfully ran Files.createDirectories /home/runner/work/ratis/ratis/ratis-examples/target/test/data/9a3b15da/MiniRaftClusterWithNettyce94e709/s8/e754177e-6e56-420b-8459-38fe90e113ae/sm
2023-03-17 00:26:06,974 INFO  storage.RaftStorage (RaftStorageImpl.java:format(96)) - Storage directory /home/runner/work/ratis/ratis/ratis-examples/target/test/data/9a3b15da/MiniRaftClusterWithNettyce94e709/s8/e754177e-6e56-420b-8459-38fe90e113ae has been successfully formatted.
2023-03-17 00:26:06,975 WARN  statemachine.StateMachine (ArithmeticStateMachine.java:loadSnapshot(116)) - The snapshot info is null.
2023-03-17 00:26:06,975 INFO  server.RaftServerConfigKeys (ConfUtils.java:logGet(46)) - raft.server.log.use.memory = false (default)
2023-03-17 00:26:06,975 INFO  server.RaftServerConfigKeys (ConfUtils.java:logGet(46)) - raft.server.log.purge.gap = 1024 (default)
2023-03-17 00:26:06,975 INFO  server.RaftServerConfigKeys (ConfUtils.java:logGet(46)) - raft.server.log.appender.buffer.byte-limit = 4MB (=4194304) (default)
2023-03-17 00:26:06,975 INFO  server.RaftServerConfigKeys (ConfUtils.java:logGet(46)) - raft.server.log.statemachine.data.read.timeout = 1000ms (default)
2023-03-17 00:26:06,975 INFO  server.RaftServerConfigKeys (ConfUtils.java:logGet(46)) - raft.server.log.purge.preservation.log.num = 0 (default)
2023-03-17 00:26:06,975 INFO  server.RaftServerConfigKeys (ConfUtils.java:logGet(46)) - raft.server.log.segment.size.max = 8MB (=8388608) (default)
2023-03-17 00:26:06,976 INFO  server.RaftServerConfigKeys (ConfUtils.java:logGet(46)) - raft.server.log.segment.cache.num.max = 6 (default)
2023-03-17 00:26:06,976 INFO  server.RaftServerConfigKeys (ConfUtils.java:logGet(46)) - raft.server.log.segment.cache.size.max = 200MB (=209715200) (default)
2023-03-17 00:26:06,976 INFO  server.RaftServerConfigKeys (ConfUtils.java:logGet(46)) - raft.server.log.appender.buffer.byte-limit = 4MB (=4194304) (default)
2023-03-17 00:26:06,976 INFO  segmented.SegmentedRaftLogWorker (SegmentedRaftLogWorker.java:<init>(183)) - new s8@group-38FE90E113AE-SegmentedRaftLogWorker for RaftStorageImpl:Storage Directory /home/runner/work/ratis/ratis/ratis-examples/target/test/data/9a3b15da/MiniRaftClusterWithNettyce94e709/s8/e754177e-6e56-420b-8459-38fe90e113ae
2023-03-17 00:26:06,976 INFO  server.RaftServerConfigKeys (ConfUtils.java:logGet(46)) - raft.server.log.queue.byte-limit = 64MB (=67108864) (default)
2023-03-17 00:26:06,976 INFO  server.RaftServerConfigKeys (ConfUtils.java:logGet(46)) - raft.server.log.queue.element-limit = 4096 (default)
2023-03-17 00:26:06,976 INFO  server.RaftServerConfigKeys (ConfUtils.java:logGet(46)) - raft.server.log.segment.size.max = 8MB (=8388608) (default)
2023-03-17 00:26:06,976 INFO  server.RaftServerConfigKeys (ConfUtils.java:logGet(46)) - raft.server.log.preallocated.size = 4MB (=4194304) (default)
2023-03-17 00:26:06,976 INFO  server.RaftServerConfigKeys (ConfUtils.java:logGet(46)) - raft.server.log.force.sync.num = 128 (default)
2023-03-17 00:26:06,976 INFO  server.RaftServerConfigKeys (ConfUtils.java:logGet(46)) - raft.server.log.statemachine.data.sync = true (default)
2023-03-17 00:26:06,976 INFO  server.RaftServerConfigKeys (ConfUtils.java:logGet(46)) - raft.server.log.statemachine.data.sync.timeout = 10s (default)
2023-03-17 00:26:06,976 INFO  server.RaftServerConfigKeys (ConfUtils.java:logGet(46)) - raft.server.log.statemachine.data.sync.timeout.retry = -1 (default)
2023-03-17 00:26:06,976 INFO  server.RaftServerConfigKeys (ConfUtils.java:logGet(46)) - raft.server.log.write.buffer.size = 64KB (=65536) (default)
2023-03-17 00:26:06,977 INFO  server.RaftServerConfigKeys (ConfUtils.java:logGet(46)) - raft.server.log.appender.buffer.byte-limit = 4MB (=4194304) (default)
2023-03-17 00:26:06,977 INFO  server.RaftServerConfigKeys (ConfUtils.java:logGet(46)) - raft.server.log.unsafe-flush.enabled = false (default)
2023-03-17 00:26:06,977 INFO  server.RaftServerConfigKeys (ConfUtils.java:logGet(46)) - raft.server.log.async-flush.enabled = false (default)
2023-03-17 00:26:06,977 INFO  server.RaftServerConfigKeys (ConfUtils.java:logGet(46)) - raft.server.log.statemachine.data.caching.enabled = false (default)
2023-03-17 00:26:06,978 INFO  segmented.SegmentedRaftLogWorker (SegmentedRaftLogWorker.java:lambda$new$0(134)) - s8@group-38FE90E113AE-SegmentedRaftLogWorker: flushIndex: setUnconditionally 0 -> -1
2023-03-17 00:26:06,978 INFO  segmented.SegmentedRaftLogWorker (SegmentedRaftLogWorker.java:lambda$new$0(134)) - s8@group-38FE90E113AE-SegmentedRaftLogWorker: safeCacheEvictIndex: setUnconditionally 0 -> -1
2023-03-17 00:26:06,978 INFO  server.RaftServer$Division (RaftServerImpl.java:start(348)) - s8@group-38FE90E113AE: start with initializing state, conf=-1: peers:[]|listeners:[], old=null
2023-03-17 00:26:06,978 INFO  server.RaftServer$Division (RaftServerImpl.java:setRole(329)) - s8@group-38FE90E113AE: changes role from      null to FOLLOWER at term 0 for startInitializing
2023-03-17 00:26:06,978 INFO  util.JmxRegister (JmxRegister.java:tryRegister(44)) - Successfully registered JMX Bean with object name Ratis:service=RaftServer,group=group-38FE90E113AE,id=s8
2023-03-17 00:26:06,978 INFO  server.RaftServerConfigKeys (ConfUtils.java:logGet(46)) - raft.server.snapshot.auto.trigger.enabled = false (default)
2023-03-17 00:26:06,978 INFO  server.RaftServerConfigKeys (ConfUtils.java:logGet(46)) - raft.server.snapshot.retention.file.num = -1 (default)
2023-03-17 00:26:06,978 INFO  server.RaftServerConfigKeys (ConfUtils.java:logGet(46)) - raft.server.log.purge.upto.snapshot.index = false (default)
2023-03-17 00:26:06,979 INFO  server.RaftServer (RaftServerProxy.java:startImpl(401)) - s8: start RPC server
2023-03-17 00:26:06,983 INFO  logging.LoggingHandler (AbstractInternalLogger.java:log(148)) - [id: 0xd69245ec] REGISTERED
2023-03-17 00:26:06,983 INFO  logging.LoggingHandler (AbstractInternalLogger.java:log(148)) - [id: 0xd69245ec] BIND: 0.0.0.0/0.0.0.0:45461
2023-03-17 00:26:06,984 INFO  logging.LoggingHandler (AbstractInternalLogger.java:log(148)) - [id: 0xd69245ec, L:/0.0.0.0:45461] ACTIVE
2023-03-17 00:26:06,986 INFO  server.RaftServerConfigKeys (ConfUtils.java:logGet(46)) - raft.server.storage.free-space.min = 0MB (=0) (default)
2023-03-17 00:26:06,986 INFO  server.RaftServerConfigKeys (ConfUtils.java:logGet(46)) - raft.server.log.corruption.policy = EXCEPTION (default)
2023-03-17 00:26:06,986 INFO  server.RaftServerConfigKeys (ConfUtils.java:logGet(46)) - raft.server.storage.dir = [/home/runner/work/ratis/ratis/ratis-examples/target/test/data/9a3b15da/MiniRaftClusterWithNettyce94e709/s9] (custom)
2023-03-17 00:26:06,987 INFO  storage.RaftStorageDirectory (RaftStorageDirectoryImpl.java:analyzeStorage(138)) - The storage directory /home/runner/work/ratis/ratis/ratis-examples/target/test/data/9a3b15da/MiniRaftClusterWithNettyce94e709/s9/e754177e-6e56-420b-8459-38fe90e113ae does not exist. Creating ...
2023-03-17 00:26:06,987 TRACE util.FileUtils (LogUtils.java:runAndLog(49)) - Successfully ran Files.createDirectories /home/runner/work/ratis/ratis/ratis-examples/target/test/data/9a3b15da/MiniRaftClusterWithNettyce94e709/s9/e754177e-6e56-420b-8459-38fe90e113ae
2023-03-17 00:26:06,988 INFO  util.JvmPauseMonitor (JvmPauseMonitor.java:run(103)) - JvmPauseMonitor-s8: Started
2023-03-17 00:26:06,989 INFO  storage.RaftStorageDirectory (RaftStorageDirectoryImpl.java:tryLock(232)) - Lock on /home/runner/work/ratis/ratis/ratis-examples/target/test/data/9a3b15da/MiniRaftClusterWithNettyce94e709/s9/e754177e-6e56-420b-8459-38fe90e113ae/in_use.lock acquired by nodename 17092@fv-az451-845
2023-03-17 00:26:06,989 TRACE util.FileUtils (LogUtils.java:runAndLog(49)) - Successfully ran Files.createDirectories /home/runner/work/ratis/ratis/ratis-examples/target/test/data/9a3b15da/MiniRaftClusterWithNettyce94e709/s9/e754177e-6e56-420b-8459-38fe90e113ae/current
2023-03-17 00:26:06,990 TRACE util.FileUtils (LogUtils.java:runAndLog(49)) - Successfully ran Files.createDirectories /home/runner/work/ratis/ratis/ratis-examples/target/test/data/9a3b15da/MiniRaftClusterWithNettyce94e709/s9/e754177e-6e56-420b-8459-38fe90e113ae/sm
2023-03-17 00:26:06,998 INFO  storage.RaftStorage (RaftStorageImpl.java:format(96)) - Storage directory /home/runner/work/ratis/ratis/ratis-examples/target/test/data/9a3b15da/MiniRaftClusterWithNettyce94e709/s9/e754177e-6e56-420b-8459-38fe90e113ae has been successfully formatted.
2023-03-17 00:26:06,998 WARN  statemachine.StateMachine (ArithmeticStateMachine.java:loadSnapshot(116)) - The snapshot info is null.
2023-03-17 00:26:06,998 INFO  server.RaftServerConfigKeys (ConfUtils.java:logGet(46)) - raft.server.log.use.memory = false (default)
2023-03-17 00:26:06,998 INFO  server.RaftServerConfigKeys (ConfUtils.java:logGet(46)) - raft.server.log.purge.gap = 1024 (default)
2023-03-17 00:26:06,998 INFO  server.RaftServerConfigKeys (ConfUtils.java:logGet(46)) - raft.server.log.appender.buffer.byte-limit = 4MB (=4194304) (default)
2023-03-17 00:26:06,998 INFO  server.RaftServerConfigKeys (ConfUtils.java:logGet(46)) - raft.server.log.statemachine.data.read.timeout = 1000ms (default)
2023-03-17 00:26:06,998 INFO  server.RaftServerConfigKeys (ConfUtils.java:logGet(46)) - raft.server.log.purge.preservation.log.num = 0 (default)
2023-03-17 00:26:06,999 INFO  server.RaftServerConfigKeys (ConfUtils.java:logGet(46)) - raft.server.log.segment.size.max = 8MB (=8388608) (default)
2023-03-17 00:26:06,999 INFO  server.RaftServerConfigKeys (ConfUtils.java:logGet(46)) - raft.server.log.segment.cache.num.max = 6 (default)
2023-03-17 00:26:06,999 INFO  server.RaftServerConfigKeys (ConfUtils.java:logGet(46)) - raft.server.log.segment.cache.size.max = 200MB (=209715200) (default)
2023-03-17 00:26:06,999 INFO  server.RaftServerConfigKeys (ConfUtils.java:logGet(46)) - raft.server.log.appender.buffer.byte-limit = 4MB (=4194304) (default)
2023-03-17 00:26:06,999 INFO  segmented.SegmentedRaftLogWorker (SegmentedRaftLogWorker.java:<init>(183)) - new s9@group-38FE90E113AE-SegmentedRaftLogWorker for RaftStorageImpl:Storage Directory /home/runner/work/ratis/ratis/ratis-examples/target/test/data/9a3b15da/MiniRaftClusterWithNettyce94e709/s9/e754177e-6e56-420b-8459-38fe90e113ae
2023-03-17 00:26:06,999 INFO  server.RaftServerConfigKeys (ConfUtils.java:logGet(46)) - raft.server.log.queue.byte-limit = 64MB (=67108864) (default)
2023-03-17 00:26:06,999 INFO  server.RaftServerConfigKeys (ConfUtils.java:logGet(46)) - raft.server.log.queue.element-limit = 4096 (default)
2023-03-17 00:26:06,999 INFO  server.RaftServerConfigKeys (ConfUtils.java:logGet(46)) - raft.server.log.segment.size.max = 8MB (=8388608) (default)
2023-03-17 00:26:06,999 INFO  server.RaftServerConfigKeys (ConfUtils.java:logGet(46)) - raft.server.log.preallocated.size = 4MB (=4194304) (default)
2023-03-17 00:26:06,999 INFO  server.RaftServerConfigKeys (ConfUtils.java:logGet(46)) - raft.server.log.force.sync.num = 128 (default)
2023-03-17 00:26:06,999 INFO  server.RaftServerConfigKeys (ConfUtils.java:logGet(46)) - raft.server.log.statemachine.data.sync = true (default)
2023-03-17 00:26:07,001 INFO  server.RaftServerConfigKeys (ConfUtils.java:logGet(46)) - raft.server.log.statemachine.data.sync.timeout = 10s (default)
2023-03-17 00:26:07,001 INFO  server.RaftServerConfigKeys (ConfUtils.java:logGet(46)) - raft.server.log.statemachine.data.sync.timeout.retry = -1 (default)
2023-03-17 00:26:07,001 INFO  server.RaftServerConfigKeys (ConfUtils.java:logGet(46)) - raft.server.log.write.buffer.size = 64KB (=65536) (default)
2023-03-17 00:26:07,001 INFO  server.RaftServerConfigKeys (ConfUtils.java:logGet(46)) - raft.server.log.appender.buffer.byte-limit = 4MB (=4194304) (default)
2023-03-17 00:26:07,002 INFO  server.RaftServerConfigKeys (ConfUtils.java:logGet(46)) - raft.server.log.unsafe-flush.enabled = false (default)
2023-03-17 00:26:07,002 INFO  server.RaftServerConfigKeys (ConfUtils.java:logGet(46)) - raft.server.log.async-flush.enabled = false (default)
2023-03-17 00:26:07,002 INFO  server.RaftServerConfigKeys (ConfUtils.java:logGet(46)) - raft.server.log.statemachine.data.caching.enabled = false (default)
2023-03-17 00:26:07,003 INFO  segmented.SegmentedRaftLogWorker (SegmentedRaftLogWorker.java:lambda$new$0(134)) - s9@group-38FE90E113AE-SegmentedRaftLogWorker: flushIndex: setUnconditionally 0 -> -1
2023-03-17 00:26:07,003 INFO  segmented.SegmentedRaftLogWorker (SegmentedRaftLogWorker.java:lambda$new$0(134)) - s9@group-38FE90E113AE-SegmentedRaftLogWorker: safeCacheEvictIndex: setUnconditionally 0 -> -1
2023-03-17 00:26:07,003 INFO  server.RaftServer$Division (RaftServerImpl.java:start(348)) - s9@group-38FE90E113AE: start with initializing state, conf=-1: peers:[]|listeners:[], old=null
2023-03-17 00:26:07,003 INFO  server.RaftServer$Division (RaftServerImpl.java:setRole(329)) - s9@group-38FE90E113AE: changes role from      null to FOLLOWER at term 0 for startInitializing
2023-03-17 00:26:07,003 INFO  util.JmxRegister (JmxRegister.java:tryRegister(44)) - Successfully registered JMX Bean with object name Ratis:service=RaftServer,group=group-38FE90E113AE,id=s9
2023-03-17 00:26:07,003 INFO  server.RaftServerConfigKeys (ConfUtils.java:logGet(46)) - raft.server.snapshot.auto.trigger.enabled = false (default)
2023-03-17 00:26:07,003 INFO  server.RaftServerConfigKeys (ConfUtils.java:logGet(46)) - raft.server.snapshot.retention.file.num = -1 (default)
2023-03-17 00:26:07,003 INFO  server.RaftServerConfigKeys (ConfUtils.java:logGet(46)) - raft.server.log.purge.upto.snapshot.index = false (default)
2023-03-17 00:26:07,004 INFO  server.RaftServer (RaftServerProxy.java:startImpl(401)) - s9: start RPC server
2023-03-17 00:26:07,009 INFO  logging.LoggingHandler (AbstractInternalLogger.java:log(148)) - [id: 0xb86cf2de] REGISTERED
2023-03-17 00:26:07,009 INFO  logging.LoggingHandler (AbstractInternalLogger.java:log(148)) - [id: 0xb86cf2de] BIND: 0.0.0.0/0.0.0.0:42413
2023-03-17 00:26:07,010 INFO  logging.LoggingHandler (AbstractInternalLogger.java:log(148)) - [id: 0xb86cf2de, L:/0.0.0.0:42413] ACTIVE
2023-03-17 00:26:07,010 INFO  util.JvmPauseMonitor (JvmPauseMonitor.java:run(103)) - JvmPauseMonitor-s9: Started
2023-03-17 00:26:07,010 INFO  server.RaftServerConfigKeys (ConfUtils.java:logGet(46)) - raft.server.storage.free-space.min = 0MB (=0) (default)
2023-03-17 00:26:07,011 INFO  server.RaftServerConfigKeys (ConfUtils.java:logGet(46)) - raft.server.log.corruption.policy = EXCEPTION (default)
2023-03-17 00:26:07,011 INFO  server.RaftServerConfigKeys (ConfUtils.java:logGet(46)) - raft.server.storage.dir = [/home/runner/work/ratis/ratis/ratis-examples/target/test/data/9a3b15da/MiniRaftClusterWithNettyce94e709/s11] (custom)
2023-03-17 00:26:07,011 INFO  storage.RaftStorageDirectory (RaftStorageDirectoryImpl.java:analyzeStorage(138)) - The storage directory /home/runner/work/ratis/ratis/ratis-examples/target/test/data/9a3b15da/MiniRaftClusterWithNettyce94e709/s11/e754177e-6e56-420b-8459-38fe90e113ae does not exist. Creating ...
2023-03-17 00:26:07,011 TRACE util.FileUtils (LogUtils.java:runAndLog(49)) - Successfully ran Files.createDirectories /home/runner/work/ratis/ratis/ratis-examples/target/test/data/9a3b15da/MiniRaftClusterWithNettyce94e709/s11/e754177e-6e56-420b-8459-38fe90e113ae
2023-03-17 00:26:07,012 INFO  storage.RaftStorageDirectory (RaftStorageDirectoryImpl.java:tryLock(232)) - Lock on /home/runner/work/ratis/ratis/ratis-examples/target/test/data/9a3b15da/MiniRaftClusterWithNettyce94e709/s11/e754177e-6e56-420b-8459-38fe90e113ae/in_use.lock acquired by nodename 17092@fv-az451-845
2023-03-17 00:26:07,012 TRACE util.FileUtils (LogUtils.java:runAndLog(49)) - Successfully ran Files.createDirectories /home/runner/work/ratis/ratis/ratis-examples/target/test/data/9a3b15da/MiniRaftClusterWithNettyce94e709/s11/e754177e-6e56-420b-8459-38fe90e113ae/current
2023-03-17 00:26:07,012 TRACE util.FileUtils (LogUtils.java:runAndLog(49)) - Successfully ran Files.createDirectories /home/runner/work/ratis/ratis/ratis-examples/target/test/data/9a3b15da/MiniRaftClusterWithNettyce94e709/s11/e754177e-6e56-420b-8459-38fe90e113ae/sm
2023-03-17 00:26:07,014 INFO  storage.RaftStorage (RaftStorageImpl.java:format(96)) - Storage directory /home/runner/work/ratis/ratis/ratis-examples/target/test/data/9a3b15da/MiniRaftClusterWithNettyce94e709/s11/e754177e-6e56-420b-8459-38fe90e113ae has been successfully formatted.
2023-03-17 00:26:07,014 WARN  statemachine.StateMachine (ArithmeticStateMachine.java:loadSnapshot(116)) - The snapshot info is null.
2023-03-17 00:26:07,014 INFO  server.RaftServerConfigKeys (ConfUtils.java:logGet(46)) - raft.server.log.use.memory = false (default)
2023-03-17 00:26:07,014 INFO  server.RaftServerConfigKeys (ConfUtils.java:logGet(46)) - raft.server.log.purge.gap = 1024 (default)
2023-03-17 00:26:07,014 INFO  server.RaftServerConfigKeys (ConfUtils.java:logGet(46)) - raft.server.log.appender.buffer.byte-limit = 4MB (=4194304) (default)
2023-03-17 00:26:07,014 INFO  server.RaftServerConfigKeys (ConfUtils.java:logGet(46)) - raft.server.log.statemachine.data.read.timeout = 1000ms (default)
2023-03-17 00:26:07,014 INFO  server.RaftServerConfigKeys (ConfUtils.java:logGet(46)) - raft.server.log.purge.preservation.log.num = 0 (default)
2023-03-17 00:26:07,014 INFO  server.RaftServerConfigKeys (ConfUtils.java:logGet(46)) - raft.server.log.segment.size.max = 8MB (=8388608) (default)
2023-03-17 00:26:07,015 INFO  server.RaftServerConfigKeys (ConfUtils.java:logGet(46)) - raft.server.log.segment.cache.num.max = 6 (default)
2023-03-17 00:26:07,015 INFO  server.RaftServerConfigKeys (ConfUtils.java:logGet(46)) - raft.server.log.segment.cache.size.max = 200MB (=209715200) (default)
2023-03-17 00:26:07,015 INFO  server.RaftServerConfigKeys (ConfUtils.java:logGet(46)) - raft.server.log.appender.buffer.byte-limit = 4MB (=4194304) (default)
2023-03-17 00:26:07,015 INFO  segmented.SegmentedRaftLogWorker (SegmentedRaftLogWorker.java:<init>(183)) - new s11@group-38FE90E113AE-SegmentedRaftLogWorker for RaftStorageImpl:Storage Directory /home/runner/work/ratis/ratis/ratis-examples/target/test/data/9a3b15da/MiniRaftClusterWithNettyce94e709/s11/e754177e-6e56-420b-8459-38fe90e113ae
2023-03-17 00:26:07,015 INFO  server.RaftServerConfigKeys (ConfUtils.java:logGet(46)) - raft.server.log.queue.byte-limit = 64MB (=67108864) (default)
2023-03-17 00:26:07,015 INFO  server.RaftServerConfigKeys (ConfUtils.java:logGet(46)) - raft.server.log.queue.element-limit = 4096 (default)
2023-03-17 00:26:07,015 INFO  server.RaftServerConfigKeys (ConfUtils.java:logGet(46)) - raft.server.log.segment.size.max = 8MB (=8388608) (default)
2023-03-17 00:26:07,015 INFO  server.RaftServerConfigKeys (ConfUtils.java:logGet(46)) - raft.server.log.preallocated.size = 4MB (=4194304) (default)
2023-03-17 00:26:07,015 INFO  server.RaftServerConfigKeys (ConfUtils.java:logGet(46)) - raft.server.log.force.sync.num = 128 (default)
2023-03-17 00:26:07,015 INFO  server.RaftServerConfigKeys (ConfUtils.java:logGet(46)) - raft.server.log.statemachine.data.sync = true (default)
2023-03-17 00:26:07,015 INFO  server.RaftServerConfigKeys (ConfUtils.java:logGet(46)) - raft.server.log.statemachine.data.sync.timeout = 10s (default)
2023-03-17 00:26:07,015 INFO  server.RaftServerConfigKeys (ConfUtils.java:logGet(46)) - raft.server.log.statemachine.data.sync.timeout.retry = -1 (default)
2023-03-17 00:26:07,015 INFO  server.RaftServerConfigKeys (ConfUtils.java:logGet(46)) - raft.server.log.write.buffer.size = 64KB (=65536) (default)
2023-03-17 00:26:07,015 INFO  server.RaftServerConfigKeys (ConfUtils.java:logGet(46)) - raft.server.log.appender.buffer.byte-limit = 4MB (=4194304) (default)
2023-03-17 00:26:07,039 INFO  server.RaftServerConfigKeys (ConfUtils.java:logGet(46)) - raft.server.log.unsafe-flush.enabled = false (default)
2023-03-17 00:26:07,040 INFO  server.RaftServerConfigKeys (ConfUtils.java:logGet(46)) - raft.server.log.async-flush.enabled = false (default)
2023-03-17 00:26:07,040 INFO  server.RaftServerConfigKeys (ConfUtils.java:logGet(46)) - raft.server.log.statemachine.data.caching.enabled = false (default)
2023-03-17 00:26:07,040 INFO  segmented.SegmentedRaftLogWorker (SegmentedRaftLogWorker.java:lambda$new$0(134)) - s11@group-38FE90E113AE-SegmentedRaftLogWorker: flushIndex: setUnconditionally 0 -> -1
2023-03-17 00:26:07,040 INFO  segmented.SegmentedRaftLogWorker (SegmentedRaftLogWorker.java:lambda$new$0(134)) - s11@group-38FE90E113AE-SegmentedRaftLogWorker: safeCacheEvictIndex: setUnconditionally 0 -> -1
2023-03-17 00:26:07,047 INFO  server.RaftServer$Division (RaftServerImpl.java:start(348)) - s11@group-38FE90E113AE: start with initializing state, conf=-1: peers:[]|listeners:[], old=null
2023-03-17 00:26:07,047 INFO  server.RaftServer$Division (RaftServerImpl.java:setRole(329)) - s11@group-38FE90E113AE: changes role from      null to FOLLOWER at term 0 for startInitializing
2023-03-17 00:26:07,047 INFO  util.JmxRegister (JmxRegister.java:tryRegister(44)) - Successfully registered JMX Bean with object name Ratis:service=RaftServer,group=group-38FE90E113AE,id=s11
2023-03-17 00:26:07,047 INFO  server.RaftServerConfigKeys (ConfUtils.java:logGet(46)) - raft.server.snapshot.auto.trigger.enabled = false (default)
2023-03-17 00:26:07,047 INFO  server.RaftServerConfigKeys (ConfUtils.java:logGet(46)) - raft.server.snapshot.retention.file.num = -1 (default)
2023-03-17 00:26:07,047 INFO  server.RaftServerConfigKeys (ConfUtils.java:logGet(46)) - raft.server.log.purge.upto.snapshot.index = false (default)
2023-03-17 00:26:07,057 INFO  server.RaftServer (RaftServerProxy.java:startImpl(401)) - s11: start RPC server
2023-03-17 00:26:07,070 INFO  logging.LoggingHandler (AbstractInternalLogger.java:log(148)) - [id: 0x0bedeedd] REGISTERED
2023-03-17 00:26:07,070 INFO  logging.LoggingHandler (AbstractInternalLogger.java:log(148)) - [id: 0x0bedeedd] BIND: 0.0.0.0/0.0.0.0:37111
2023-03-17 00:26:07,070 INFO  logging.LoggingHandler (AbstractInternalLogger.java:log(148)) - [id: 0x0bedeedd, L:/0.0.0.0:37111] ACTIVE
2023-03-17 00:26:07,077 INFO  util.JvmPauseMonitor (JvmPauseMonitor.java:run(103)) - JvmPauseMonitor-s11: Started
2023-03-17 00:26:07,078 INFO  server.RaftServerConfigKeys (ConfUtils.java:logGet(46)) - raft.server.storage.free-space.min = 0MB (=0) (default)
2023-03-17 00:26:07,085 INFO  server.RaftServerConfigKeys (ConfUtils.java:logGet(46)) - raft.server.log.corruption.policy = EXCEPTION (default)
2023-03-17 00:26:07,085 INFO  server.RaftServerConfigKeys (ConfUtils.java:logGet(46)) - raft.server.storage.dir = [/home/runner/work/ratis/ratis/ratis-examples/target/test/data/9a3b15da/MiniRaftClusterWithNettyce94e709/s10] (custom)
2023-03-17 00:26:07,086 INFO  storage.RaftStorageDirectory (RaftStorageDirectoryImpl.java:analyzeStorage(138)) - The storage directory /home/runner/work/ratis/ratis/ratis-examples/target/test/data/9a3b15da/MiniRaftClusterWithNettyce94e709/s10/e754177e-6e56-420b-8459-38fe90e113ae does not exist. Creating ...
2023-03-17 00:26:07,086 TRACE util.FileUtils (LogUtils.java:runAndLog(49)) - Successfully ran Files.createDirectories /home/runner/work/ratis/ratis/ratis-examples/target/test/data/9a3b15da/MiniRaftClusterWithNettyce94e709/s10/e754177e-6e56-420b-8459-38fe90e113ae
2023-03-17 00:26:07,087 INFO  storage.RaftStorageDirectory (RaftStorageDirectoryImpl.java:tryLock(232)) - Lock on /home/runner/work/ratis/ratis/ratis-examples/target/test/data/9a3b15da/MiniRaftClusterWithNettyce94e709/s10/e754177e-6e56-420b-8459-38fe90e113ae/in_use.lock acquired by nodename 17092@fv-az451-845
2023-03-17 00:26:07,087 TRACE util.FileUtils (LogUtils.java:runAndLog(49)) - Successfully ran Files.createDirectories /home/runner/work/ratis/ratis/ratis-examples/target/test/data/9a3b15da/MiniRaftClusterWithNettyce94e709/s10/e754177e-6e56-420b-8459-38fe90e113ae/current
2023-03-17 00:26:07,088 TRACE util.FileUtils (LogUtils.java:runAndLog(49)) - Successfully ran Files.createDirectories /home/runner/work/ratis/ratis/ratis-examples/target/test/data/9a3b15da/MiniRaftClusterWithNettyce94e709/s10/e754177e-6e56-420b-8459-38fe90e113ae/sm
2023-03-17 00:26:07,089 INFO  storage.RaftStorage (RaftStorageImpl.java:format(96)) - Storage directory /home/runner/work/ratis/ratis/ratis-examples/target/test/data/9a3b15da/MiniRaftClusterWithNettyce94e709/s10/e754177e-6e56-420b-8459-38fe90e113ae has been successfully formatted.
2023-03-17 00:26:07,089 WARN  statemachine.StateMachine (ArithmeticStateMachine.java:loadSnapshot(116)) - The snapshot info is null.
2023-03-17 00:26:07,089 INFO  server.RaftServerConfigKeys (ConfUtils.java:logGet(46)) - raft.server.log.use.memory = false (default)
2023-03-17 00:26:07,089 INFO  server.RaftServerConfigKeys (ConfUtils.java:logGet(46)) - raft.server.log.purge.gap = 1024 (default)
2023-03-17 00:26:07,089 INFO  server.RaftServerConfigKeys (ConfUtils.java:logGet(46)) - raft.server.log.appender.buffer.byte-limit = 4MB (=4194304) (default)
2023-03-17 00:26:07,090 INFO  server.RaftServerConfigKeys (ConfUtils.java:logGet(46)) - raft.server.log.statemachine.data.read.timeout = 1000ms (default)
2023-03-17 00:26:07,090 INFO  server.RaftServerConfigKeys (ConfUtils.java:logGet(46)) - raft.server.log.purge.preservation.log.num = 0 (default)
2023-03-17 00:26:07,090 INFO  server.RaftServerConfigKeys (ConfUtils.java:logGet(46)) - raft.server.log.segment.size.max = 8MB (=8388608) (default)
2023-03-17 00:26:07,090 INFO  server.RaftServerConfigKeys (ConfUtils.java:logGet(46)) - raft.server.log.segment.cache.num.max = 6 (default)
2023-03-17 00:26:07,090 INFO  server.RaftServerConfigKeys (ConfUtils.java:logGet(46)) - raft.server.log.segment.cache.size.max = 200MB (=209715200) (default)
2023-03-17 00:26:07,090 INFO  server.RaftServerConfigKeys (ConfUtils.java:logGet(46)) - raft.server.log.appender.buffer.byte-limit = 4MB (=4194304) (default)
2023-03-17 00:26:07,090 INFO  segmented.SegmentedRaftLogWorker (SegmentedRaftLogWorker.java:<init>(183)) - new s10@group-38FE90E113AE-SegmentedRaftLogWorker for RaftStorageImpl:Storage Directory /home/runner/work/ratis/ratis/ratis-examples/target/test/data/9a3b15da/MiniRaftClusterWithNettyce94e709/s10/e754177e-6e56-420b-8459-38fe90e113ae
2023-03-17 00:26:07,090 INFO  server.RaftServerConfigKeys (ConfUtils.java:logGet(46)) - raft.server.log.queue.byte-limit = 64MB (=67108864) (default)
2023-03-17 00:26:07,090 INFO  server.RaftServerConfigKeys (ConfUtils.java:logGet(46)) - raft.server.log.queue.element-limit = 4096 (default)
2023-03-17 00:26:07,090 INFO  server.RaftServerConfigKeys (ConfUtils.java:logGet(46)) - raft.server.log.segment.size.max = 8MB (=8388608) (default)
2023-03-17 00:26:07,090 INFO  server.RaftServerConfigKeys (ConfUtils.java:logGet(46)) - raft.server.log.preallocated.size = 4MB (=4194304) (default)
2023-03-17 00:26:07,090 INFO  server.RaftServerConfigKeys (ConfUtils.java:logGet(46)) - raft.server.log.force.sync.num = 128 (default)
2023-03-17 00:26:07,091 INFO  server.RaftServerConfigKeys (ConfUtils.java:logGet(46)) - raft.server.log.statemachine.data.sync = true (default)
2023-03-17 00:26:07,091 INFO  server.RaftServerConfigKeys (ConfUtils.java:logGet(46)) - raft.server.log.statemachine.data.sync.timeout = 10s (default)
2023-03-17 00:26:07,091 INFO  server.RaftServerConfigKeys (ConfUtils.java:logGet(46)) - raft.server.log.statemachine.data.sync.timeout.retry = -1 (default)
2023-03-17 00:26:07,091 INFO  server.RaftServerConfigKeys (ConfUtils.java:logGet(46)) - raft.server.log.write.buffer.size = 64KB (=65536) (default)
2023-03-17 00:26:07,091 INFO  server.RaftServerConfigKeys (ConfUtils.java:logGet(46)) - raft.server.log.appender.buffer.byte-limit = 4MB (=4194304) (default)
2023-03-17 00:26:07,092 INFO  server.RaftServerConfigKeys (ConfUtils.java:logGet(46)) - raft.server.log.unsafe-flush.enabled = false (default)
2023-03-17 00:26:07,092 INFO  server.RaftServerConfigKeys (ConfUtils.java:logGet(46)) - raft.server.log.async-flush.enabled = false (default)
2023-03-17 00:26:07,092 INFO  server.RaftServerConfigKeys (ConfUtils.java:logGet(46)) - raft.server.log.statemachine.data.caching.enabled = false (default)
2023-03-17 00:26:07,092 INFO  segmented.SegmentedRaftLogWorker (SegmentedRaftLogWorker.java:lambda$new$0(134)) - s10@group-38FE90E113AE-SegmentedRaftLogWorker: flushIndex: setUnconditionally 0 -> -1
2023-03-17 00:26:07,092 INFO  segmented.SegmentedRaftLogWorker (SegmentedRaftLogWorker.java:lambda$new$0(134)) - s10@group-38FE90E113AE-SegmentedRaftLogWorker: safeCacheEvictIndex: setUnconditionally 0 -> -1
2023-03-17 00:26:07,098 INFO  server.RaftServer$Division (RaftServerImpl.java:start(348)) - s10@group-38FE90E113AE: start with initializing state, conf=-1: peers:[]|listeners:[], old=null
2023-03-17 00:26:07,098 INFO  server.RaftServer$Division (RaftServerImpl.java:setRole(329)) - s10@group-38FE90E113AE: changes role from      null to FOLLOWER at term 0 for startInitializing
2023-03-17 00:26:07,098 INFO  util.JmxRegister (JmxRegister.java:tryRegister(44)) - Successfully registered JMX Bean with object name Ratis:service=RaftServer,group=group-38FE90E113AE,id=s10
2023-03-17 00:26:07,098 INFO  server.RaftServerConfigKeys (ConfUtils.java:logGet(46)) - raft.server.snapshot.auto.trigger.enabled = false (default)
2023-03-17 00:26:07,098 INFO  server.RaftServerConfigKeys (ConfUtils.java:logGet(46)) - raft.server.snapshot.retention.file.num = -1 (default)
2023-03-17 00:26:07,098 INFO  server.RaftServerConfigKeys (ConfUtils.java:logGet(46)) - raft.server.log.purge.upto.snapshot.index = false (default)
2023-03-17 00:26:07,104 INFO  server.RaftServer (RaftServerProxy.java:startImpl(401)) - s10: start RPC server
2023-03-17 00:26:07,109 INFO  logging.LoggingHandler (AbstractInternalLogger.java:log(148)) - [id: 0xfb868b71] REGISTERED
2023-03-17 00:26:07,109 INFO  logging.LoggingHandler (AbstractInternalLogger.java:log(148)) - [id: 0xfb868b71] BIND: 0.0.0.0/0.0.0.0:37585
2023-03-17 00:26:07,110 INFO  logging.LoggingHandler (AbstractInternalLogger.java:log(148)) - [id: 0xfb868b71, L:/0.0.0.0:37585] ACTIVE
2023-03-17 00:26:07,118 INFO  server.RaftServerConfigKeys (ConfUtils.java:logGet(46)) - raft.server.storage.free-space.min = 0MB (=0) (default)
2023-03-17 00:26:07,119 INFO  server.RaftServerConfigKeys (ConfUtils.java:logGet(46)) - raft.server.log.corruption.policy = EXCEPTION (default)
2023-03-17 00:26:07,119 INFO  server.RaftServerConfigKeys (ConfUtils.java:logGet(46)) - raft.server.storage.dir = [/home/runner/work/ratis/ratis/ratis-examples/target/test/data/9a3b15da/MiniRaftClusterWithNettyce94e709/s13] (custom)
2023-03-17 00:26:07,119 INFO  storage.RaftStorageDirectory (RaftStorageDirectoryImpl.java:analyzeStorage(138)) - The storage directory /home/runner/work/ratis/ratis/ratis-examples/target/test/data/9a3b15da/MiniRaftClusterWithNettyce94e709/s13/e754177e-6e56-420b-8459-38fe90e113ae does not exist. Creating ...
2023-03-17 00:26:07,119 TRACE util.FileUtils (LogUtils.java:runAndLog(49)) - Successfully ran Files.createDirectories /home/runner/work/ratis/ratis/ratis-examples/target/test/data/9a3b15da/MiniRaftClusterWithNettyce94e709/s13/e754177e-6e56-420b-8459-38fe90e113ae
2023-03-17 00:26:07,120 INFO  util.JvmPauseMonitor (JvmPauseMonitor.java:run(103)) - JvmPauseMonitor-s10: Started
2023-03-17 00:26:07,120 INFO  storage.RaftStorageDirectory (RaftStorageDirectoryImpl.java:tryLock(232)) - Lock on /home/runner/work/ratis/ratis/ratis-examples/target/test/data/9a3b15da/MiniRaftClusterWithNettyce94e709/s13/e754177e-6e56-420b-8459-38fe90e113ae/in_use.lock acquired by nodename 17092@fv-az451-845
2023-03-17 00:26:07,121 TRACE util.FileUtils (LogUtils.java:runAndLog(49)) - Successfully ran Files.createDirectories /home/runner/work/ratis/ratis/ratis-examples/target/test/data/9a3b15da/MiniRaftClusterWithNettyce94e709/s13/e754177e-6e56-420b-8459-38fe90e113ae/current
2023-03-17 00:26:07,121 TRACE util.FileUtils (LogUtils.java:runAndLog(49)) - Successfully ran Files.createDirectories /home/runner/work/ratis/ratis/ratis-examples/target/test/data/9a3b15da/MiniRaftClusterWithNettyce94e709/s13/e754177e-6e56-420b-8459-38fe90e113ae/sm
2023-03-17 00:26:07,122 INFO  storage.RaftStorage (RaftStorageImpl.java:format(96)) - Storage directory /home/runner/work/ratis/ratis/ratis-examples/target/test/data/9a3b15da/MiniRaftClusterWithNettyce94e709/s13/e754177e-6e56-420b-8459-38fe90e113ae has been successfully formatted.
2023-03-17 00:26:07,122 WARN  statemachine.StateMachine (ArithmeticStateMachine.java:loadSnapshot(116)) - The snapshot info is null.
2023-03-17 00:26:07,122 INFO  server.RaftServerConfigKeys (ConfUtils.java:logGet(46)) - raft.server.log.use.memory = false (default)
2023-03-17 00:26:07,122 INFO  server.RaftServerConfigKeys (ConfUtils.java:logGet(46)) - raft.server.log.purge.gap = 1024 (default)
2023-03-17 00:26:07,122 INFO  server.RaftServerConfigKeys (ConfUtils.java:logGet(46)) - raft.server.log.appender.buffer.byte-limit = 4MB (=4194304) (default)
2023-03-17 00:26:07,123 INFO  server.RaftServerConfigKeys (ConfUtils.java:logGet(46)) - raft.server.log.statemachine.data.read.timeout = 1000ms (default)
2023-03-17 00:26:07,123 INFO  server.RaftServerConfigKeys (ConfUtils.java:logGet(46)) - raft.server.log.purge.preservation.log.num = 0 (default)
2023-03-17 00:26:07,123 INFO  server.RaftServerConfigKeys (ConfUtils.java:logGet(46)) - raft.server.log.segment.size.max = 8MB (=8388608) (default)
2023-03-17 00:26:07,123 INFO  server.RaftServerConfigKeys (ConfUtils.java:logGet(46)) - raft.server.log.segment.cache.num.max = 6 (default)
2023-03-17 00:26:07,123 INFO  server.RaftServerConfigKeys (ConfUtils.java:logGet(46)) - raft.server.log.segment.cache.size.max = 200MB (=209715200) (default)
2023-03-17 00:26:07,123 INFO  server.RaftServerConfigKeys (ConfUtils.java:logGet(46)) - raft.server.log.appender.buffer.byte-limit = 4MB (=4194304) (default)
2023-03-17 00:26:07,123 INFO  segmented.SegmentedRaftLogWorker (SegmentedRaftLogWorker.java:<init>(183)) - new s13@group-38FE90E113AE-SegmentedRaftLogWorker for RaftStorageImpl:Storage Directory /home/runner/work/ratis/ratis/ratis-examples/target/test/data/9a3b15da/MiniRaftClusterWithNettyce94e709/s13/e754177e-6e56-420b-8459-38fe90e113ae
2023-03-17 00:26:07,123 INFO  server.RaftServerConfigKeys (ConfUtils.java:logGet(46)) - raft.server.log.queue.byte-limit = 64MB (=67108864) (default)
2023-03-17 00:26:07,123 INFO  server.RaftServerConfigKeys (ConfUtils.java:logGet(46)) - raft.server.log.queue.element-limit = 4096 (default)
2023-03-17 00:26:07,123 INFO  server.RaftServerConfigKeys (ConfUtils.java:logGet(46)) - raft.server.log.segment.size.max = 8MB (=8388608) (default)
2023-03-17 00:26:07,123 INFO  server.RaftServerConfigKeys (ConfUtils.java:logGet(46)) - raft.server.log.preallocated.size = 4MB (=4194304) (default)
2023-03-17 00:26:07,123 INFO  server.RaftServerConfigKeys (ConfUtils.java:logGet(46)) - raft.server.log.force.sync.num = 128 (default)
2023-03-17 00:26:07,124 INFO  server.RaftServerConfigKeys (ConfUtils.java:logGet(46)) - raft.server.log.statemachine.data.sync = true (default)
2023-03-17 00:26:07,124 INFO  server.RaftServerConfigKeys (ConfUtils.java:logGet(46)) - raft.server.log.statemachine.data.sync.timeout = 10s (default)
2023-03-17 00:26:07,124 INFO  server.RaftServerConfigKeys (ConfUtils.java:logGet(46)) - raft.server.log.statemachine.data.sync.timeout.retry = -1 (default)
2023-03-17 00:26:07,124 INFO  server.RaftServerConfigKeys (ConfUtils.java:logGet(46)) - raft.server.log.write.buffer.size = 64KB (=65536) (default)
2023-03-17 00:26:07,124 INFO  server.RaftServerConfigKeys (ConfUtils.java:logGet(46)) - raft.server.log.appender.buffer.byte-limit = 4MB (=4194304) (default)
2023-03-17 00:26:07,129 INFO  server.RaftServerConfigKeys (ConfUtils.java:logGet(46)) - raft.server.log.unsafe-flush.enabled = false (default)
2023-03-17 00:26:07,129 INFO  server.RaftServerConfigKeys (ConfUtils.java:logGet(46)) - raft.server.log.async-flush.enabled = false (default)
2023-03-17 00:26:07,129 INFO  server.RaftServerConfigKeys (ConfUtils.java:logGet(46)) - raft.server.log.statemachine.data.caching.enabled = false (default)
2023-03-17 00:26:07,129 INFO  segmented.SegmentedRaftLogWorker (SegmentedRaftLogWorker.java:lambda$new$0(134)) - s13@group-38FE90E113AE-SegmentedRaftLogWorker: flushIndex: setUnconditionally 0 -> -1
2023-03-17 00:26:07,129 INFO  segmented.SegmentedRaftLogWorker (SegmentedRaftLogWorker.java:lambda$new$0(134)) - s13@group-38FE90E113AE-SegmentedRaftLogWorker: safeCacheEvictIndex: setUnconditionally 0 -> -1
2023-03-17 00:26:07,134 INFO  server.RaftServer$Division (RaftServerImpl.java:start(348)) - s13@group-38FE90E113AE: start with initializing state, conf=-1: peers:[]|listeners:[], old=null
2023-03-17 00:26:07,134 INFO  server.RaftServer$Division (RaftServerImpl.java:setRole(329)) - s13@group-38FE90E113AE: changes role from      null to FOLLOWER at term 0 for startInitializing
2023-03-17 00:26:07,134 INFO  util.JmxRegister (JmxRegister.java:tryRegister(44)) - Successfully registered JMX Bean with object name Ratis:service=RaftServer,group=group-38FE90E113AE,id=s13
2023-03-17 00:26:07,134 INFO  server.RaftServerConfigKeys (ConfUtils.java:logGet(46)) - raft.server.snapshot.auto.trigger.enabled = false (default)
2023-03-17 00:26:07,135 INFO  server.RaftServerConfigKeys (ConfUtils.java:logGet(46)) - raft.server.snapshot.retention.file.num = -1 (default)
2023-03-17 00:26:07,135 INFO  server.RaftServerConfigKeys (ConfUtils.java:logGet(46)) - raft.server.log.purge.upto.snapshot.index = false (default)
2023-03-17 00:26:07,136 INFO  server.RaftServer (RaftServerProxy.java:startImpl(401)) - s13: start RPC server
2023-03-17 00:26:07,138 INFO  logging.LoggingHandler (AbstractInternalLogger.java:log(148)) - [id: 0xc495072a] REGISTERED
2023-03-17 00:26:07,139 INFO  logging.LoggingHandler (AbstractInternalLogger.java:log(148)) - [id: 0xc495072a] BIND: 0.0.0.0/0.0.0.0:39411
2023-03-17 00:26:07,139 INFO  logging.LoggingHandler (AbstractInternalLogger.java:log(148)) - [id: 0xc495072a, L:/0.0.0.0:39411] ACTIVE
2023-03-17 00:26:07,140 INFO  util.JvmPauseMonitor (JvmPauseMonitor.java:run(103)) - JvmPauseMonitor-s13: Started
2023-03-17 00:26:07,141 INFO  server.RaftServerConfigKeys (ConfUtils.java:logGet(46)) - raft.server.storage.free-space.min = 0MB (=0) (default)
2023-03-17 00:26:07,141 INFO  server.RaftServerConfigKeys (ConfUtils.java:logGet(46)) - raft.server.log.corruption.policy = EXCEPTION (default)
2023-03-17 00:26:07,141 INFO  server.RaftServerConfigKeys (ConfUtils.java:logGet(46)) - raft.server.storage.dir = [/home/runner/work/ratis/ratis/ratis-examples/target/test/data/9a3b15da/MiniRaftClusterWithNettyce94e709/s12] (custom)
2023-03-17 00:26:07,141 INFO  storage.RaftStorageDirectory (RaftStorageDirectoryImpl.java:analyzeStorage(138)) - The storage directory /home/runner/work/ratis/ratis/ratis-examples/target/test/data/9a3b15da/MiniRaftClusterWithNettyce94e709/s12/e754177e-6e56-420b-8459-38fe90e113ae does not exist. Creating ...
2023-03-17 00:26:07,141 TRACE util.FileUtils (LogUtils.java:runAndLog(49)) - Successfully ran Files.createDirectories /home/runner/work/ratis/ratis/ratis-examples/target/test/data/9a3b15da/MiniRaftClusterWithNettyce94e709/s12/e754177e-6e56-420b-8459-38fe90e113ae
2023-03-17 00:26:07,143 INFO  storage.RaftStorageDirectory (RaftStorageDirectoryImpl.java:tryLock(232)) - Lock on /home/runner/work/ratis/ratis/ratis-examples/target/test/data/9a3b15da/MiniRaftClusterWithNettyce94e709/s12/e754177e-6e56-420b-8459-38fe90e113ae/in_use.lock acquired by nodename 17092@fv-az451-845
2023-03-17 00:26:07,143 TRACE util.FileUtils (LogUtils.java:runAndLog(49)) - Successfully ran Files.createDirectories /home/runner/work/ratis/ratis/ratis-examples/target/test/data/9a3b15da/MiniRaftClusterWithNettyce94e709/s12/e754177e-6e56-420b-8459-38fe90e113ae/current
2023-03-17 00:26:07,143 TRACE util.FileUtils (LogUtils.java:runAndLog(49)) - Successfully ran Files.createDirectories /home/runner/work/ratis/ratis/ratis-examples/target/test/data/9a3b15da/MiniRaftClusterWithNettyce94e709/s12/e754177e-6e56-420b-8459-38fe90e113ae/sm
2023-03-17 00:26:07,145 INFO  storage.RaftStorage (RaftStorageImpl.java:format(96)) - Storage directory /home/runner/work/ratis/ratis/ratis-examples/target/test/data/9a3b15da/MiniRaftClusterWithNettyce94e709/s12/e754177e-6e56-420b-8459-38fe90e113ae has been successfully formatted.
2023-03-17 00:26:07,145 WARN  statemachine.StateMachine (ArithmeticStateMachine.java:loadSnapshot(116)) - The snapshot info is null.
2023-03-17 00:26:07,145 INFO  server.RaftServerConfigKeys (ConfUtils.java:logGet(46)) - raft.server.log.use.memory = false (default)
2023-03-17 00:26:07,145 INFO  server.RaftServerConfigKeys (ConfUtils.java:logGet(46)) - raft.server.log.purge.gap = 1024 (default)
2023-03-17 00:26:07,145 INFO  server.RaftServerConfigKeys (ConfUtils.java:logGet(46)) - raft.server.log.appender.buffer.byte-limit = 4MB (=4194304) (default)
2023-03-17 00:26:07,145 INFO  server.RaftServerConfigKeys (ConfUtils.java:logGet(46)) - raft.server.log.statemachine.data.read.timeout = 1000ms (default)
2023-03-17 00:26:07,145 INFO  server.RaftServerConfigKeys (ConfUtils.java:logGet(46)) - raft.server.log.purge.preservation.log.num = 0 (default)
2023-03-17 00:26:07,145 INFO  server.RaftServerConfigKeys (ConfUtils.java:logGet(46)) - raft.server.log.segment.size.max = 8MB (=8388608) (default)
2023-03-17 00:26:07,146 INFO  server.RaftServerConfigKeys (ConfUtils.java:logGet(46)) - raft.server.log.segment.cache.num.max = 6 (default)
2023-03-17 00:26:07,146 INFO  server.RaftServerConfigKeys (ConfUtils.java:logGet(46)) - raft.server.log.segment.cache.size.max = 200MB (=209715200) (default)
2023-03-17 00:26:07,146 INFO  server.RaftServerConfigKeys (ConfUtils.java:logGet(46)) - raft.server.log.appender.buffer.byte-limit = 4MB (=4194304) (default)
2023-03-17 00:26:07,146 INFO  segmented.SegmentedRaftLogWorker (SegmentedRaftLogWorker.java:<init>(183)) - new s12@group-38FE90E113AE-SegmentedRaftLogWorker for RaftStorageImpl:Storage Directory /home/runner/work/ratis/ratis/ratis-examples/target/test/data/9a3b15da/MiniRaftClusterWithNettyce94e709/s12/e754177e-6e56-420b-8459-38fe90e113ae
2023-03-17 00:26:07,146 INFO  server.RaftServerConfigKeys (ConfUtils.java:logGet(46)) - raft.server.log.queue.byte-limit = 64MB (=67108864) (default)
2023-03-17 00:26:07,146 INFO  server.RaftServerConfigKeys (ConfUtils.java:logGet(46)) - raft.server.log.queue.element-limit = 4096 (default)
2023-03-17 00:26:07,146 INFO  server.RaftServerConfigKeys (ConfUtils.java:logGet(46)) - raft.server.log.segment.size.max = 8MB (=8388608) (default)
2023-03-17 00:26:07,146 INFO  server.RaftServerConfigKeys (ConfUtils.java:logGet(46)) - raft.server.log.preallocated.size = 4MB (=4194304) (default)
2023-03-17 00:26:07,146 INFO  server.RaftServerConfigKeys (ConfUtils.java:logGet(46)) - raft.server.log.force.sync.num = 128 (default)
2023-03-17 00:26:07,146 INFO  server.RaftServerConfigKeys (ConfUtils.java:logGet(46)) - raft.server.log.statemachine.data.sync = true (default)
2023-03-17 00:26:07,146 INFO  server.RaftServerConfigKeys (ConfUtils.java:logGet(46)) - raft.server.log.statemachine.data.sync.timeout = 10s (default)
2023-03-17 00:26:07,146 INFO  server.RaftServerConfigKeys (ConfUtils.java:logGet(46)) - raft.server.log.statemachine.data.sync.timeout.retry = -1 (default)
2023-03-17 00:26:07,146 INFO  server.RaftServerConfigKeys (ConfUtils.java:logGet(46)) - raft.server.log.write.buffer.size = 64KB (=65536) (default)
2023-03-17 00:26:07,146 INFO  server.RaftServerConfigKeys (ConfUtils.java:logGet(46)) - raft.server.log.appender.buffer.byte-limit = 4MB (=4194304) (default)
2023-03-17 00:26:07,148 INFO  server.RaftServerConfigKeys (ConfUtils.java:logGet(46)) - raft.server.log.unsafe-flush.enabled = false (default)
2023-03-17 00:26:07,148 INFO  server.RaftServerConfigKeys (ConfUtils.java:logGet(46)) - raft.server.log.async-flush.enabled = false (default)
2023-03-17 00:26:07,148 INFO  server.RaftServerConfigKeys (ConfUtils.java:logGet(46)) - raft.server.log.statemachine.data.caching.enabled = false (default)
2023-03-17 00:26:07,148 INFO  segmented.SegmentedRaftLogWorker (SegmentedRaftLogWorker.java:lambda$new$0(134)) - s12@group-38FE90E113AE-SegmentedRaftLogWorker: flushIndex: setUnconditionally 0 -> -1
2023-03-17 00:26:07,148 INFO  segmented.SegmentedRaftLogWorker (SegmentedRaftLogWorker.java:lambda$new$0(134)) - s12@group-38FE90E113AE-SegmentedRaftLogWorker: safeCacheEvictIndex: setUnconditionally 0 -> -1
2023-03-17 00:26:07,148 INFO  server.RaftServer$Division (RaftServerImpl.java:start(348)) - s12@group-38FE90E113AE: start with initializing state, conf=-1: peers:[]|listeners:[], old=null
2023-03-17 00:26:07,148 INFO  server.RaftServer$Division (RaftServerImpl.java:setRole(329)) - s12@group-38FE90E113AE: changes role from      null to FOLLOWER at term 0 for startInitializing
2023-03-17 00:26:07,148 INFO  util.JmxRegister (JmxRegister.java:tryRegister(44)) - Successfully registered JMX Bean with object name Ratis:service=RaftServer,group=group-38FE90E113AE,id=s12
2023-03-17 00:26:07,149 INFO  server.RaftServerConfigKeys (ConfUtils.java:logGet(46)) - raft.server.snapshot.auto.trigger.enabled = false (default)
2023-03-17 00:26:07,149 INFO  server.RaftServerConfigKeys (ConfUtils.java:logGet(46)) - raft.server.snapshot.retention.file.num = -1 (default)
2023-03-17 00:26:07,149 INFO  server.RaftServerConfigKeys (ConfUtils.java:logGet(46)) - raft.server.log.purge.upto.snapshot.index = false (default)
2023-03-17 00:26:07,150 INFO  server.RaftServer (RaftServerProxy.java:startImpl(401)) - s12: start RPC server
2023-03-17 00:26:07,155 INFO  logging.LoggingHandler (AbstractInternalLogger.java:log(148)) - [id: 0x07f7011d] REGISTERED
2023-03-17 00:26:07,155 INFO  logging.LoggingHandler (AbstractInternalLogger.java:log(148)) - [id: 0x07f7011d] BIND: 0.0.0.0/0.0.0.0:36717
2023-03-17 00:26:07,155 INFO  logging.LoggingHandler (AbstractInternalLogger.java:log(148)) - [id: 0x07f7011d, L:/0.0.0.0:36717] ACTIVE
2023-03-17 00:26:07,158 INFO  server.RaftServerConfigKeys (ConfUtils.java:logGet(46)) - raft.server.storage.free-space.min = 0MB (=0) (default)
2023-03-17 00:26:07,158 INFO  server.RaftServerConfigKeys (ConfUtils.java:logGet(46)) - raft.server.log.corruption.policy = EXCEPTION (default)
2023-03-17 00:26:07,158 INFO  server.RaftServerConfigKeys (ConfUtils.java:logGet(46)) - raft.server.storage.dir = [/home/runner/work/ratis/ratis/ratis-examples/target/test/data/9a3b15da/MiniRaftClusterWithNettyce94e709/s14] (custom)
2023-03-17 00:26:07,158 INFO  storage.RaftStorageDirectory (RaftStorageDirectoryImpl.java:analyzeStorage(138)) - The storage directory /home/runner/work/ratis/ratis/ratis-examples/target/test/data/9a3b15da/MiniRaftClusterWithNettyce94e709/s14/e754177e-6e56-420b-8459-38fe90e113ae does not exist. Creating ...
2023-03-17 00:26:07,159 TRACE util.FileUtils (LogUtils.java:runAndLog(49)) - Successfully ran Files.createDirectories /home/runner/work/ratis/ratis/ratis-examples/target/test/data/9a3b15da/MiniRaftClusterWithNettyce94e709/s14/e754177e-6e56-420b-8459-38fe90e113ae
2023-03-17 00:26:07,159 INFO  util.JvmPauseMonitor (JvmPauseMonitor.java:run(103)) - JvmPauseMonitor-s12: Started
2023-03-17 00:26:07,160 INFO  storage.RaftStorageDirectory (RaftStorageDirectoryImpl.java:tryLock(232)) - Lock on /home/runner/work/ratis/ratis/ratis-examples/target/test/data/9a3b15da/MiniRaftClusterWithNettyce94e709/s14/e754177e-6e56-420b-8459-38fe90e113ae/in_use.lock acquired by nodename 17092@fv-az451-845
2023-03-17 00:26:07,160 TRACE util.FileUtils (LogUtils.java:runAndLog(49)) - Successfully ran Files.createDirectories /home/runner/work/ratis/ratis/ratis-examples/target/test/data/9a3b15da/MiniRaftClusterWithNettyce94e709/s14/e754177e-6e56-420b-8459-38fe90e113ae/current
2023-03-17 00:26:07,160 TRACE util.FileUtils (LogUtils.java:runAndLog(49)) - Successfully ran Files.createDirectories /home/runner/work/ratis/ratis/ratis-examples/target/test/data/9a3b15da/MiniRaftClusterWithNettyce94e709/s14/e754177e-6e56-420b-8459-38fe90e113ae/sm
2023-03-17 00:26:07,167 INFO  storage.RaftStorage (RaftStorageImpl.java:format(96)) - Storage directory /home/runner/work/ratis/ratis/ratis-examples/target/test/data/9a3b15da/MiniRaftClusterWithNettyce94e709/s14/e754177e-6e56-420b-8459-38fe90e113ae has been successfully formatted.
2023-03-17 00:26:07,167 WARN  statemachine.StateMachine (ArithmeticStateMachine.java:loadSnapshot(116)) - The snapshot info is null.
2023-03-17 00:26:07,167 INFO  server.RaftServerConfigKeys (ConfUtils.java:logGet(46)) - raft.server.log.use.memory = false (default)
2023-03-17 00:26:07,167 INFO  server.RaftServerConfigKeys (ConfUtils.java:logGet(46)) - raft.server.log.purge.gap = 1024 (default)
2023-03-17 00:26:07,167 INFO  server.RaftServerConfigKeys (ConfUtils.java:logGet(46)) - raft.server.log.appender.buffer.byte-limit = 4MB (=4194304) (default)
2023-03-17 00:26:07,167 INFO  server.RaftServerConfigKeys (ConfUtils.java:logGet(46)) - raft.server.log.statemachine.data.read.timeout = 1000ms (default)
2023-03-17 00:26:07,167 INFO  server.RaftServerConfigKeys (ConfUtils.java:logGet(46)) - raft.server.log.purge.preservation.log.num = 0 (default)
2023-03-17 00:26:07,168 INFO  server.RaftServerConfigKeys (ConfUtils.java:logGet(46)) - raft.server.log.segment.size.max = 8MB (=8388608) (default)
2023-03-17 00:26:07,168 INFO  server.RaftServerConfigKeys (ConfUtils.java:logGet(46)) - raft.server.log.segment.cache.num.max = 6 (default)
2023-03-17 00:26:07,168 INFO  server.RaftServerConfigKeys (ConfUtils.java:logGet(46)) - raft.server.log.segment.cache.size.max = 200MB (=209715200) (default)
2023-03-17 00:26:07,168 INFO  server.RaftServerConfigKeys (ConfUtils.java:logGet(46)) - raft.server.log.appender.buffer.byte-limit = 4MB (=4194304) (default)
2023-03-17 00:26:07,168 INFO  segmented.SegmentedRaftLogWorker (SegmentedRaftLogWorker.java:<init>(183)) - new s14@group-38FE90E113AE-SegmentedRaftLogWorker for RaftStorageImpl:Storage Directory /home/runner/work/ratis/ratis/ratis-examples/target/test/data/9a3b15da/MiniRaftClusterWithNettyce94e709/s14/e754177e-6e56-420b-8459-38fe90e113ae
2023-03-17 00:26:07,168 INFO  server.RaftServerConfigKeys (ConfUtils.java:logGet(46)) - raft.server.log.queue.byte-limit = 64MB (=67108864) (default)
2023-03-17 00:26:07,168 INFO  server.RaftServerConfigKeys (ConfUtils.java:logGet(46)) - raft.server.log.queue.element-limit = 4096 (default)
2023-03-17 00:26:07,168 INFO  server.RaftServerConfigKeys (ConfUtils.java:logGet(46)) - raft.server.log.segment.size.max = 8MB (=8388608) (default)
2023-03-17 00:26:07,169 INFO  server.RaftServerConfigKeys (ConfUtils.java:logGet(46)) - raft.server.log.preallocated.size = 4MB (=4194304) (default)
2023-03-17 00:26:07,169 INFO  server.RaftServerConfigKeys (ConfUtils.java:logGet(46)) - raft.server.log.force.sync.num = 128 (default)
2023-03-17 00:26:07,169 INFO  server.RaftServerConfigKeys (ConfUtils.java:logGet(46)) - raft.server.log.statemachine.data.sync = true (default)
2023-03-17 00:26:07,169 INFO  server.RaftServerConfigKeys (ConfUtils.java:logGet(46)) - raft.server.log.statemachine.data.sync.timeout = 10s (default)
2023-03-17 00:26:07,169 INFO  server.RaftServerConfigKeys (ConfUtils.java:logGet(46)) - raft.server.log.statemachine.data.sync.timeout.retry = -1 (default)
2023-03-17 00:26:07,169 INFO  server.RaftServerConfigKeys (ConfUtils.java:logGet(46)) - raft.server.log.write.buffer.size = 64KB (=65536) (default)
2023-03-17 00:26:07,169 INFO  server.RaftServerConfigKeys (ConfUtils.java:logGet(46)) - raft.server.log.appender.buffer.byte-limit = 4MB (=4194304) (default)
2023-03-17 00:26:07,170 INFO  server.RaftServerConfigKeys (ConfUtils.java:logGet(46)) - raft.server.log.unsafe-flush.enabled = false (default)
2023-03-17 00:26:07,170 INFO  server.RaftServerConfigKeys (ConfUtils.java:logGet(46)) - raft.server.log.async-flush.enabled = false (default)
2023-03-17 00:26:07,170 INFO  server.RaftServerConfigKeys (ConfUtils.java:logGet(46)) - raft.server.log.statemachine.data.caching.enabled = false (default)
2023-03-17 00:26:07,171 INFO  segmented.SegmentedRaftLogWorker (SegmentedRaftLogWorker.java:lambda$new$0(134)) - s14@group-38FE90E113AE-SegmentedRaftLogWorker: flushIndex: setUnconditionally 0 -> -1
2023-03-17 00:26:07,171 INFO  segmented.SegmentedRaftLogWorker (SegmentedRaftLogWorker.java:lambda$new$0(134)) - s14@group-38FE90E113AE-SegmentedRaftLogWorker: safeCacheEvictIndex: setUnconditionally 0 -> -1
2023-03-17 00:26:07,171 INFO  server.RaftServer$Division (RaftServerImpl.java:start(348)) - s14@group-38FE90E113AE: start with initializing state, conf=-1: peers:[]|listeners:[], old=null
2023-03-17 00:26:07,171 INFO  server.RaftServer$Division (RaftServerImpl.java:setRole(329)) - s14@group-38FE90E113AE: changes role from      null to FOLLOWER at term 0 for startInitializing
2023-03-17 00:26:07,171 INFO  util.JmxRegister (JmxRegister.java:tryRegister(44)) - Successfully registered JMX Bean with object name Ratis:service=RaftServer,group=group-38FE90E113AE,id=s14
2023-03-17 00:26:07,171 INFO  server.RaftServerConfigKeys (ConfUtils.java:logGet(46)) - raft.server.snapshot.auto.trigger.enabled = false (default)
2023-03-17 00:26:07,171 INFO  server.RaftServerConfigKeys (ConfUtils.java:logGet(46)) - raft.server.snapshot.retention.file.num = -1 (default)
2023-03-17 00:26:07,171 INFO  server.RaftServerConfigKeys (ConfUtils.java:logGet(46)) - raft.server.log.purge.upto.snapshot.index = false (default)
2023-03-17 00:26:07,172 INFO  server.RaftServer (RaftServerProxy.java:startImpl(401)) - s14: start RPC server
2023-03-17 00:26:07,178 INFO  logging.LoggingHandler (AbstractInternalLogger.java:log(148)) - [id: 0x051b97c8] REGISTERED
2023-03-17 00:26:07,178 INFO  logging.LoggingHandler (AbstractInternalLogger.java:log(148)) - [id: 0x051b97c8] BIND: 0.0.0.0/0.0.0.0:36477
2023-03-17 00:26:07,178 INFO  logging.LoggingHandler (AbstractInternalLogger.java:log(148)) - [id: 0x051b97c8, L:/0.0.0.0:36477] ACTIVE
2023-03-17 00:26:07,198 INFO  server.RaftServerConfigKeys (ConfUtils.java:logGet(46)) - raft.server.storage.free-space.min = 0MB (=0) (default)
2023-03-17 00:26:07,198 INFO  server.RaftServerConfigKeys (ConfUtils.java:logGet(46)) - raft.server.log.corruption.policy = EXCEPTION (default)
2023-03-17 00:26:07,198 INFO  util.JvmPauseMonitor (JvmPauseMonitor.java:run(103)) - JvmPauseMonitor-s14: Started
2023-03-17 00:26:07,199 INFO  server.RaftServerConfigKeys (ConfUtils.java:logGet(46)) - raft.server.storage.dir = [/home/runner/work/ratis/ratis/ratis-examples/target/test/data/9a3b15da/MiniRaftClusterWithNettyce94e709/s0] (custom)
2023-03-17 00:26:07,199 INFO  storage.RaftStorageDirectory (RaftStorageDirectoryImpl.java:analyzeStorage(138)) - The storage directory /home/runner/work/ratis/ratis/ratis-examples/target/test/data/9a3b15da/MiniRaftClusterWithNettyce94e709/s0/e754177e-6e56-420b-8459-38fe90e113ae does not exist. Creating ...
2023-03-17 00:26:07,199 TRACE util.FileUtils (LogUtils.java:runAndLog(49)) - Successfully ran Files.createDirectories /home/runner/work/ratis/ratis/ratis-examples/target/test/data/9a3b15da/MiniRaftClusterWithNettyce94e709/s0/e754177e-6e56-420b-8459-38fe90e113ae
2023-03-17 00:26:07,201 INFO  storage.RaftStorageDirectory (RaftStorageDirectoryImpl.java:tryLock(232)) - Lock on /home/runner/work/ratis/ratis/ratis-examples/target/test/data/9a3b15da/MiniRaftClusterWithNettyce94e709/s0/e754177e-6e56-420b-8459-38fe90e113ae/in_use.lock acquired by nodename 17092@fv-az451-845
2023-03-17 00:26:07,201 TRACE util.FileUtils (LogUtils.java:runAndLog(49)) - Successfully ran Files.createDirectories /home/runner/work/ratis/ratis/ratis-examples/target/test/data/9a3b15da/MiniRaftClusterWithNettyce94e709/s0/e754177e-6e56-420b-8459-38fe90e113ae/current
2023-03-17 00:26:07,202 TRACE util.FileUtils (LogUtils.java:runAndLog(49)) - Successfully ran Files.createDirectories /home/runner/work/ratis/ratis/ratis-examples/target/test/data/9a3b15da/MiniRaftClusterWithNettyce94e709/s0/e754177e-6e56-420b-8459-38fe90e113ae/sm
2023-03-17 00:26:07,203 INFO  storage.RaftStorage (RaftStorageImpl.java:format(96)) - Storage directory /home/runner/work/ratis/ratis/ratis-examples/target/test/data/9a3b15da/MiniRaftClusterWithNettyce94e709/s0/e754177e-6e56-420b-8459-38fe90e113ae has been successfully formatted.
2023-03-17 00:26:07,203 WARN  statemachine.StateMachine (ArithmeticStateMachine.java:loadSnapshot(116)) - The snapshot info is null.
2023-03-17 00:26:07,203 INFO  server.RaftServerConfigKeys (ConfUtils.java:logGet(46)) - raft.server.log.use.memory = false (default)
2023-03-17 00:26:07,203 INFO  server.RaftServerConfigKeys (ConfUtils.java:logGet(46)) - raft.server.log.purge.gap = 1024 (default)
2023-03-17 00:26:07,204 INFO  server.RaftServerConfigKeys (ConfUtils.java:logGet(46)) - raft.server.log.appender.buffer.byte-limit = 4MB (=4194304) (default)
2023-03-17 00:26:07,204 INFO  server.RaftServerConfigKeys (ConfUtils.java:logGet(46)) - raft.server.log.statemachine.data.read.timeout = 1000ms (default)
2023-03-17 00:26:07,204 INFO  server.RaftServerConfigKeys (ConfUtils.java:logGet(46)) - raft.server.log.purge.preservation.log.num = 0 (default)
2023-03-17 00:26:07,204 INFO  server.RaftServerConfigKeys (ConfUtils.java:logGet(46)) - raft.server.log.segment.size.max = 8MB (=8388608) (default)
2023-03-17 00:26:07,204 INFO  server.RaftServerConfigKeys (ConfUtils.java:logGet(46)) - raft.server.log.segment.cache.num.max = 6 (default)
2023-03-17 00:26:07,204 INFO  server.RaftServerConfigKeys (ConfUtils.java:logGet(46)) - raft.server.log.segment.cache.size.max = 200MB (=209715200) (default)
2023-03-17 00:26:07,204 INFO  server.RaftServerConfigKeys (ConfUtils.java:logGet(46)) - raft.server.log.appender.buffer.byte-limit = 4MB (=4194304) (default)
2023-03-17 00:26:07,204 INFO  segmented.SegmentedRaftLogWorker (SegmentedRaftLogWorker.java:<init>(183)) - new s0@group-38FE90E113AE-SegmentedRaftLogWorker for RaftStorageImpl:Storage Directory /home/runner/work/ratis/ratis/ratis-examples/target/test/data/9a3b15da/MiniRaftClusterWithNettyce94e709/s0/e754177e-6e56-420b-8459-38fe90e113ae
2023-03-17 00:26:07,204 INFO  server.RaftServerConfigKeys (ConfUtils.java:logGet(46)) - raft.server.log.queue.byte-limit = 64MB (=67108864) (default)
2023-03-17 00:26:07,204 INFO  server.RaftServerConfigKeys (ConfUtils.java:logGet(46)) - raft.server.log.queue.element-limit = 4096 (default)
2023-03-17 00:26:07,205 INFO  server.RaftServerConfigKeys (ConfUtils.java:logGet(46)) - raft.server.log.segment.size.max = 8MB (=8388608) (default)
2023-03-17 00:26:07,205 INFO  server.RaftServerConfigKeys (ConfUtils.java:logGet(46)) - raft.server.log.preallocated.size = 4MB (=4194304) (default)
2023-03-17 00:26:07,205 INFO  server.RaftServerConfigKeys (ConfUtils.java:logGet(46)) - raft.server.log.force.sync.num = 128 (default)
2023-03-17 00:26:07,205 INFO  server.RaftServerConfigKeys (ConfUtils.java:logGet(46)) - raft.server.log.statemachine.data.sync = true (default)
2023-03-17 00:26:07,205 INFO  server.RaftServerConfigKeys (ConfUtils.java:logGet(46)) - raft.server.log.statemachine.data.sync.timeout = 10s (default)
2023-03-17 00:26:07,205 INFO  server.RaftServerConfigKeys (ConfUtils.java:logGet(46)) - raft.server.log.statemachine.data.sync.timeout.retry = -1 (default)
2023-03-17 00:26:07,205 INFO  server.RaftServerConfigKeys (ConfUtils.java:logGet(46)) - raft.server.log.write.buffer.size = 64KB (=65536) (default)
2023-03-17 00:26:07,205 INFO  server.RaftServerConfigKeys (ConfUtils.java:logGet(46)) - raft.server.log.appender.buffer.byte-limit = 4MB (=4194304) (default)
2023-03-17 00:26:07,206 INFO  server.RaftServerConfigKeys (ConfUtils.java:logGet(46)) - raft.server.log.unsafe-flush.enabled = false (default)
2023-03-17 00:26:07,206 INFO  server.RaftServerConfigKeys (ConfUtils.java:logGet(46)) - raft.server.log.async-flush.enabled = false (default)
2023-03-17 00:26:07,206 INFO  server.RaftServerConfigKeys (ConfUtils.java:logGet(46)) - raft.server.log.statemachine.data.caching.enabled = false (default)
2023-03-17 00:26:07,206 INFO  segmented.SegmentedRaftLogWorker (SegmentedRaftLogWorker.java:lambda$new$0(134)) - s0@group-38FE90E113AE-SegmentedRaftLogWorker: flushIndex: setUnconditionally 0 -> -1
2023-03-17 00:26:07,206 INFO  segmented.SegmentedRaftLogWorker (SegmentedRaftLogWorker.java:lambda$new$0(134)) - s0@group-38FE90E113AE-SegmentedRaftLogWorker: safeCacheEvictIndex: setUnconditionally 0 -> -1
2023-03-17 00:26:07,214 INFO  server.RaftServer$Division (RaftServerImpl.java:start(348)) - s0@group-38FE90E113AE: start with initializing state, conf=-1: peers:[]|listeners:[], old=null
2023-03-17 00:26:07,214 INFO  server.RaftServer$Division (RaftServerImpl.java:setRole(329)) - s0@group-38FE90E113AE: changes role from      null to FOLLOWER at term 0 for startInitializing
2023-03-17 00:26:07,214 INFO  util.JmxRegister (JmxRegister.java:tryRegister(44)) - Successfully registered JMX Bean with object name Ratis:service=RaftServer,group=group-38FE90E113AE,id=s0
2023-03-17 00:26:07,214 INFO  server.RaftServerConfigKeys (ConfUtils.java:logGet(46)) - raft.server.snapshot.auto.trigger.enabled = false (default)
2023-03-17 00:26:07,214 INFO  server.RaftServerConfigKeys (ConfUtils.java:logGet(46)) - raft.server.snapshot.retention.file.num = -1 (default)
2023-03-17 00:26:07,214 INFO  server.RaftServerConfigKeys (ConfUtils.java:logGet(46)) - raft.server.log.purge.upto.snapshot.index = false (default)
2023-03-17 00:26:07,215 INFO  server.RaftServer (RaftServerProxy.java:startImpl(401)) - s0: start RPC server
2023-03-17 00:26:07,216 INFO  logging.LoggingHandler (AbstractInternalLogger.java:log(148)) - [id: 0x9f1ce20a] REGISTERED
2023-03-17 00:26:07,216 INFO  logging.LoggingHandler (AbstractInternalLogger.java:log(148)) - [id: 0x9f1ce20a] BIND: 0.0.0.0/0.0.0.0:43787
2023-03-17 00:26:07,217 INFO  logging.LoggingHandler (AbstractInternalLogger.java:log(148)) - [id: 0x9f1ce20a, L:/0.0.0.0:43787] ACTIVE
2023-03-17 00:26:07,218 INFO  server.RaftServerConfigKeys (ConfUtils.java:logGet(46)) - raft.server.storage.free-space.min = 0MB (=0) (default)
2023-03-17 00:26:07,218 INFO  server.RaftServerConfigKeys (ConfUtils.java:logGet(46)) - raft.server.log.corruption.policy = EXCEPTION (default)
2023-03-17 00:26:07,218 INFO  server.RaftServerConfigKeys (ConfUtils.java:logGet(46)) - raft.server.storage.dir = [/home/runner/work/ratis/ratis/ratis-examples/target/test/data/9a3b15da/MiniRaftClusterWithNettyce94e709/s1] (custom)
2023-03-17 00:26:07,218 INFO  storage.RaftStorageDirectory (RaftStorageDirectoryImpl.java:analyzeStorage(138)) - The storage directory /home/runner/work/ratis/ratis/ratis-examples/target/test/data/9a3b15da/MiniRaftClusterWithNettyce94e709/s1/e754177e-6e56-420b-8459-38fe90e113ae does not exist. Creating ...
2023-03-17 00:26:07,219 TRACE util.FileUtils (LogUtils.java:runAndLog(49)) - Successfully ran Files.createDirectories /home/runner/work/ratis/ratis/ratis-examples/target/test/data/9a3b15da/MiniRaftClusterWithNettyce94e709/s1/e754177e-6e56-420b-8459-38fe90e113ae
2023-03-17 00:26:07,220 INFO  util.JvmPauseMonitor (JvmPauseMonitor.java:run(103)) - JvmPauseMonitor-s0: Started
2023-03-17 00:26:07,220 INFO  storage.RaftStorageDirectory (RaftStorageDirectoryImpl.java:tryLock(232)) - Lock on /home/runner/work/ratis/ratis/ratis-examples/target/test/data/9a3b15da/MiniRaftClusterWithNettyce94e709/s1/e754177e-6e56-420b-8459-38fe90e113ae/in_use.lock acquired by nodename 17092@fv-az451-845
2023-03-17 00:26:07,220 TRACE util.FileUtils (LogUtils.java:runAndLog(49)) - Successfully ran Files.createDirectories /home/runner/work/ratis/ratis/ratis-examples/target/test/data/9a3b15da/MiniRaftClusterWithNettyce94e709/s1/e754177e-6e56-420b-8459-38fe90e113ae/current
2023-03-17 00:26:07,221 TRACE util.FileUtils (LogUtils.java:runAndLog(49)) - Successfully ran Files.createDirectories /home/runner/work/ratis/ratis/ratis-examples/target/test/data/9a3b15da/MiniRaftClusterWithNettyce94e709/s1/e754177e-6e56-420b-8459-38fe90e113ae/sm
2023-03-17 00:26:07,222 INFO  storage.RaftStorage (RaftStorageImpl.java:format(96)) - Storage directory /home/runner/work/ratis/ratis/ratis-examples/target/test/data/9a3b15da/MiniRaftClusterWithNettyce94e709/s1/e754177e-6e56-420b-8459-38fe90e113ae has been successfully formatted.
2023-03-17 00:26:07,222 WARN  statemachine.StateMachine (ArithmeticStateMachine.java:loadSnapshot(116)) - The snapshot info is null.
2023-03-17 00:26:07,222 INFO  server.RaftServerConfigKeys (ConfUtils.java:logGet(46)) - raft.server.log.use.memory = false (default)
2023-03-17 00:26:07,222 INFO  server.RaftServerConfigKeys (ConfUtils.java:logGet(46)) - raft.server.log.purge.gap = 1024 (default)
2023-03-17 00:26:07,222 INFO  server.RaftServerConfigKeys (ConfUtils.java:logGet(46)) - raft.server.log.appender.buffer.byte-limit = 4MB (=4194304) (default)
2023-03-17 00:26:07,222 INFO  server.RaftServerConfigKeys (ConfUtils.java:logGet(46)) - raft.server.log.statemachine.data.read.timeout = 1000ms (default)
2023-03-17 00:26:07,222 INFO  server.RaftServerConfigKeys (ConfUtils.java:logGet(46)) - raft.server.log.purge.preservation.log.num = 0 (default)
2023-03-17 00:26:07,223 INFO  server.RaftServerConfigKeys (ConfUtils.java:logGet(46)) - raft.server.log.segment.size.max = 8MB (=8388608) (default)
2023-03-17 00:26:07,223 INFO  server.RaftServerConfigKeys (ConfUtils.java:logGet(46)) - raft.server.log.segment.cache.num.max = 6 (default)
2023-03-17 00:26:07,223 INFO  server.RaftServerConfigKeys (ConfUtils.java:logGet(46)) - raft.server.log.segment.cache.size.max = 200MB (=209715200) (default)
2023-03-17 00:26:07,223 INFO  server.RaftServerConfigKeys (ConfUtils.java:logGet(46)) - raft.server.log.appender.buffer.byte-limit = 4MB (=4194304) (default)
2023-03-17 00:26:07,223 INFO  segmented.SegmentedRaftLogWorker (SegmentedRaftLogWorker.java:<init>(183)) - new s1@group-38FE90E113AE-SegmentedRaftLogWorker for RaftStorageImpl:Storage Directory /home/runner/work/ratis/ratis/ratis-examples/target/test/data/9a3b15da/MiniRaftClusterWithNettyce94e709/s1/e754177e-6e56-420b-8459-38fe90e113ae
2023-03-17 00:26:07,223 INFO  server.RaftServerConfigKeys (ConfUtils.java:logGet(46)) - raft.server.log.queue.byte-limit = 64MB (=67108864) (default)
2023-03-17 00:26:07,223 INFO  server.RaftServerConfigKeys (ConfUtils.java:logGet(46)) - raft.server.log.queue.element-limit = 4096 (default)
2023-03-17 00:26:07,223 INFO  server.RaftServerConfigKeys (ConfUtils.java:logGet(46)) - raft.server.log.segment.size.max = 8MB (=8388608) (default)
2023-03-17 00:26:07,223 INFO  server.RaftServerConfigKeys (ConfUtils.java:logGet(46)) - raft.server.log.preallocated.size = 4MB (=4194304) (default)
2023-03-17 00:26:07,223 INFO  server.RaftServerConfigKeys (ConfUtils.java:logGet(46)) - raft.server.log.force.sync.num = 128 (default)
2023-03-17 00:26:07,223 INFO  server.RaftServerConfigKeys (ConfUtils.java:logGet(46)) - raft.server.log.statemachine.data.sync = true (default)
2023-03-17 00:26:07,223 INFO  server.RaftServerConfigKeys (ConfUtils.java:logGet(46)) - raft.server.log.statemachine.data.sync.timeout = 10s (default)
2023-03-17 00:26:07,223 INFO  server.RaftServerConfigKeys (ConfUtils.java:logGet(46)) - raft.server.log.statemachine.data.sync.timeout.retry = -1 (default)
2023-03-17 00:26:07,223 INFO  server.RaftServerConfigKeys (ConfUtils.java:logGet(46)) - raft.server.log.write.buffer.size = 64KB (=65536) (default)
2023-03-17 00:26:07,224 INFO  server.RaftServerConfigKeys (ConfUtils.java:logGet(46)) - raft.server.log.appender.buffer.byte-limit = 4MB (=4194304) (default)
2023-03-17 00:26:07,227 INFO  server.RaftServerConfigKeys (ConfUtils.java:logGet(46)) - raft.server.log.unsafe-flush.enabled = false (default)
2023-03-17 00:26:07,227 INFO  server.RaftServerConfigKeys (ConfUtils.java:logGet(46)) - raft.server.log.async-flush.enabled = false (default)
2023-03-17 00:26:07,227 INFO  server.RaftServerConfigKeys (ConfUtils.java:logGet(46)) - raft.server.log.statemachine.data.caching.enabled = false (default)
2023-03-17 00:26:07,228 INFO  segmented.SegmentedRaftLogWorker (SegmentedRaftLogWorker.java:lambda$new$0(134)) - s1@group-38FE90E113AE-SegmentedRaftLogWorker: flushIndex: setUnconditionally 0 -> -1
2023-03-17 00:26:07,228 INFO  segmented.SegmentedRaftLogWorker (SegmentedRaftLogWorker.java:lambda$new$0(134)) - s1@group-38FE90E113AE-SegmentedRaftLogWorker: safeCacheEvictIndex: setUnconditionally 0 -> -1
2023-03-17 00:26:07,228 INFO  server.RaftServer$Division (RaftServerImpl.java:start(348)) - s1@group-38FE90E113AE: start with initializing state, conf=-1: peers:[]|listeners:[], old=null
2023-03-17 00:26:07,228 INFO  server.RaftServer$Division (RaftServerImpl.java:setRole(329)) - s1@group-38FE90E113AE: changes role from      null to FOLLOWER at term 0 for startInitializing
2023-03-17 00:26:07,228 INFO  util.JmxRegister (JmxRegister.java:tryRegister(44)) - Successfully registered JMX Bean with object name Ratis:service=RaftServer,group=group-38FE90E113AE,id=s1
2023-03-17 00:26:07,228 INFO  server.RaftServerConfigKeys (ConfUtils.java:logGet(46)) - raft.server.snapshot.auto.trigger.enabled = false (default)
2023-03-17 00:26:07,228 INFO  server.RaftServerConfigKeys (ConfUtils.java:logGet(46)) - raft.server.snapshot.retention.file.num = -1 (default)
2023-03-17 00:26:07,228 INFO  server.RaftServerConfigKeys (ConfUtils.java:logGet(46)) - raft.server.log.purge.upto.snapshot.index = false (default)
2023-03-17 00:26:07,230 INFO  server.RaftServer (RaftServerProxy.java:startImpl(401)) - s1: start RPC server
2023-03-17 00:26:07,235 INFO  logging.LoggingHandler (AbstractInternalLogger.java:log(148)) - [id: 0xbdd8d28e] REGISTERED
2023-03-17 00:26:07,235 INFO  logging.LoggingHandler (AbstractInternalLogger.java:log(148)) - [id: 0xbdd8d28e] BIND: 0.0.0.0/0.0.0.0:45531
2023-03-17 00:26:07,235 INFO  logging.LoggingHandler (AbstractInternalLogger.java:log(148)) - [id: 0xbdd8d28e, L:/0.0.0.0:45531] ACTIVE
2023-03-17 00:26:07,238 INFO  server.RaftServerConfigKeys (ConfUtils.java:logGet(46)) - raft.server.storage.free-space.min = 0MB (=0) (default)
2023-03-17 00:26:07,238 INFO  server.RaftServerConfigKeys (ConfUtils.java:logGet(46)) - raft.server.log.corruption.policy = EXCEPTION (default)
2023-03-17 00:26:07,238 INFO  server.RaftServerConfigKeys (ConfUtils.java:logGet(46)) - raft.server.storage.dir = [/home/runner/work/ratis/ratis/ratis-examples/target/test/data/9a3b15da/MiniRaftClusterWithNettyce94e709/s2] (custom)
2023-03-17 00:26:07,238 INFO  storage.RaftStorageDirectory (RaftStorageDirectoryImpl.java:analyzeStorage(138)) - The storage directory /home/runner/work/ratis/ratis/ratis-examples/target/test/data/9a3b15da/MiniRaftClusterWithNettyce94e709/s2/e754177e-6e56-420b-8459-38fe90e113ae does not exist. Creating ...
2023-03-17 00:26:07,239 TRACE util.FileUtils (LogUtils.java:runAndLog(49)) - Successfully ran Files.createDirectories /home/runner/work/ratis/ratis/ratis-examples/target/test/data/9a3b15da/MiniRaftClusterWithNettyce94e709/s2/e754177e-6e56-420b-8459-38fe90e113ae
2023-03-17 00:26:07,239 INFO  util.JvmPauseMonitor (JvmPauseMonitor.java:run(103)) - JvmPauseMonitor-s1: Started
2023-03-17 00:26:07,240 INFO  storage.RaftStorageDirectory (RaftStorageDirectoryImpl.java:tryLock(232)) - Lock on /home/runner/work/ratis/ratis/ratis-examples/target/test/data/9a3b15da/MiniRaftClusterWithNettyce94e709/s2/e754177e-6e56-420b-8459-38fe90e113ae/in_use.lock acquired by nodename 17092@fv-az451-845
2023-03-17 00:26:07,240 TRACE util.FileUtils (LogUtils.java:runAndLog(49)) - Successfully ran Files.createDirectories /home/runner/work/ratis/ratis/ratis-examples/target/test/data/9a3b15da/MiniRaftClusterWithNettyce94e709/s2/e754177e-6e56-420b-8459-38fe90e113ae/current
2023-03-17 00:26:07,240 TRACE util.FileUtils (LogUtils.java:runAndLog(49)) - Successfully ran Files.createDirectories /home/runner/work/ratis/ratis/ratis-examples/target/test/data/9a3b15da/MiniRaftClusterWithNettyce94e709/s2/e754177e-6e56-420b-8459-38fe90e113ae/sm
2023-03-17 00:26:07,242 INFO  storage.RaftStorage (RaftStorageImpl.java:format(96)) - Storage directory /home/runner/work/ratis/ratis/ratis-examples/target/test/data/9a3b15da/MiniRaftClusterWithNettyce94e709/s2/e754177e-6e56-420b-8459-38fe90e113ae has been successfully formatted.
2023-03-17 00:26:07,242 WARN  statemachine.StateMachine (ArithmeticStateMachine.java:loadSnapshot(116)) - The snapshot info is null.
2023-03-17 00:26:07,242 INFO  server.RaftServerConfigKeys (ConfUtils.java:logGet(46)) - raft.server.log.use.memory = false (default)
2023-03-17 00:26:07,242 INFO  server.RaftServerConfigKeys (ConfUtils.java:logGet(46)) - raft.server.log.purge.gap = 1024 (default)
2023-03-17 00:26:07,242 INFO  server.RaftServerConfigKeys (ConfUtils.java:logGet(46)) - raft.server.log.appender.buffer.byte-limit = 4MB (=4194304) (default)
2023-03-17 00:26:07,242 INFO  server.RaftServerConfigKeys (ConfUtils.java:logGet(46)) - raft.server.log.statemachine.data.read.timeout = 1000ms (default)
2023-03-17 00:26:07,242 INFO  server.RaftServerConfigKeys (ConfUtils.java:logGet(46)) - raft.server.log.purge.preservation.log.num = 0 (default)
2023-03-17 00:26:07,243 INFO  server.RaftServerConfigKeys (ConfUtils.java:logGet(46)) - raft.server.log.segment.size.max = 8MB (=8388608) (default)
2023-03-17 00:26:07,243 INFO  server.RaftServerConfigKeys (ConfUtils.java:logGet(46)) - raft.server.log.segment.cache.num.max = 6 (default)
2023-03-17 00:26:07,243 INFO  server.RaftServerConfigKeys (ConfUtils.java:logGet(46)) - raft.server.log.segment.cache.size.max = 200MB (=209715200) (default)
2023-03-17 00:26:07,243 INFO  server.RaftServerConfigKeys (ConfUtils.java:logGet(46)) - raft.server.log.appender.buffer.byte-limit = 4MB (=4194304) (default)
2023-03-17 00:26:07,243 INFO  segmented.SegmentedRaftLogWorker (SegmentedRaftLogWorker.java:<init>(183)) - new s2@group-38FE90E113AE-SegmentedRaftLogWorker for RaftStorageImpl:Storage Directory /home/runner/work/ratis/ratis/ratis-examples/target/test/data/9a3b15da/MiniRaftClusterWithNettyce94e709/s2/e754177e-6e56-420b-8459-38fe90e113ae
2023-03-17 00:26:07,243 INFO  server.RaftServerConfigKeys (ConfUtils.java:logGet(46)) - raft.server.log.queue.byte-limit = 64MB (=67108864) (default)
2023-03-17 00:26:07,243 INFO  server.RaftServerConfigKeys (ConfUtils.java:logGet(46)) - raft.server.log.queue.element-limit = 4096 (default)
2023-03-17 00:26:07,243 INFO  server.RaftServerConfigKeys (ConfUtils.java:logGet(46)) - raft.server.log.segment.size.max = 8MB (=8388608) (default)
2023-03-17 00:26:07,243 INFO  server.RaftServerConfigKeys (ConfUtils.java:logGet(46)) - raft.server.log.preallocated.size = 4MB (=4194304) (default)
2023-03-17 00:26:07,243 INFO  server.RaftServerConfigKeys (ConfUtils.java:logGet(46)) - raft.server.log.force.sync.num = 128 (default)
2023-03-17 00:26:07,243 INFO  server.RaftServerConfigKeys (ConfUtils.java:logGet(46)) - raft.server.log.statemachine.data.sync = true (default)
2023-03-17 00:26:07,243 INFO  server.RaftServerConfigKeys (ConfUtils.java:logGet(46)) - raft.server.log.statemachine.data.sync.timeout = 10s (default)
2023-03-17 00:26:07,243 INFO  server.RaftServerConfigKeys (ConfUtils.java:logGet(46)) - raft.server.log.statemachine.data.sync.timeout.retry = -1 (default)
2023-03-17 00:26:07,244 INFO  server.RaftServerConfigKeys (ConfUtils.java:logGet(46)) - raft.server.log.write.buffer.size = 64KB (=65536) (default)
2023-03-17 00:26:07,244 INFO  server.RaftServerConfigKeys (ConfUtils.java:logGet(46)) - raft.server.log.appender.buffer.byte-limit = 4MB (=4194304) (default)
2023-03-17 00:26:07,245 INFO  server.RaftServerConfigKeys (ConfUtils.java:logGet(46)) - raft.server.log.unsafe-flush.enabled = false (default)
2023-03-17 00:26:07,245 INFO  server.RaftServerConfigKeys (ConfUtils.java:logGet(46)) - raft.server.log.async-flush.enabled = false (default)
2023-03-17 00:26:07,245 INFO  server.RaftServerConfigKeys (ConfUtils.java:logGet(46)) - raft.server.log.statemachine.data.caching.enabled = false (default)
2023-03-17 00:26:07,245 INFO  segmented.SegmentedRaftLogWorker (SegmentedRaftLogWorker.java:lambda$new$0(134)) - s2@group-38FE90E113AE-SegmentedRaftLogWorker: flushIndex: setUnconditionally 0 -> -1
2023-03-17 00:26:07,245 INFO  segmented.SegmentedRaftLogWorker (SegmentedRaftLogWorker.java:lambda$new$0(134)) - s2@group-38FE90E113AE-SegmentedRaftLogWorker: safeCacheEvictIndex: setUnconditionally 0 -> -1
2023-03-17 00:26:07,245 INFO  server.RaftServer$Division (RaftServerImpl.java:start(348)) - s2@group-38FE90E113AE: start with initializing state, conf=-1: peers:[]|listeners:[], old=null
2023-03-17 00:26:07,245 INFO  server.RaftServer$Division (RaftServerImpl.java:setRole(329)) - s2@group-38FE90E113AE: changes role from      null to FOLLOWER at term 0 for startInitializing
2023-03-17 00:26:07,246 INFO  util.JmxRegister (JmxRegister.java:tryRegister(44)) - Successfully registered JMX Bean with object name Ratis:service=RaftServer,group=group-38FE90E113AE,id=s2
2023-03-17 00:26:07,246 INFO  server.RaftServerConfigKeys (ConfUtils.java:logGet(46)) - raft.server.snapshot.auto.trigger.enabled = false (default)
2023-03-17 00:26:07,246 INFO  server.RaftServerConfigKeys (ConfUtils.java:logGet(46)) - raft.server.snapshot.retention.file.num = -1 (default)
2023-03-17 00:26:07,246 INFO  server.RaftServerConfigKeys (ConfUtils.java:logGet(46)) - raft.server.log.purge.upto.snapshot.index = false (default)
2023-03-17 00:26:07,250 INFO  server.RaftServer (RaftServerProxy.java:startImpl(401)) - s2: start RPC server
2023-03-17 00:26:07,258 INFO  logging.LoggingHandler (AbstractInternalLogger.java:log(148)) - [id: 0x673f0f41] REGISTERED
2023-03-17 00:26:07,258 INFO  logging.LoggingHandler (AbstractInternalLogger.java:log(148)) - [id: 0x673f0f41] BIND: 0.0.0.0/0.0.0.0:39635
2023-03-17 00:26:07,259 INFO  logging.LoggingHandler (AbstractInternalLogger.java:log(148)) - [id: 0x673f0f41, L:/0.0.0.0:39635] ACTIVE
2023-03-17 00:26:07,265 INFO  util.JvmPauseMonitor (JvmPauseMonitor.java:run(103)) - JvmPauseMonitor-s2: Started
2023-03-17 00:26:08,273 INFO  impl.GroupManagementBaseTest (GroupManagementBaseTest.java:runMultiGroupTest(267)) - start: printing ALL groups
  s3:  RUNNING  FOLLOWER s3@group-38FE90E113AE:t0, leader=null, voted=, raftlog=Memoized:s3@group-38FE90E113AE-SegmentedRaftLog:OPENED:c-1, conf=-1: peers:[]|listeners:[], old=null STARTING
  s4:  RUNNING  FOLLOWER s4@group-38FE90E113AE:t0, leader=null, voted=, raftlog=Memoized:s4@group-38FE90E113AE-SegmentedRaftLog:OPENED:c-1, conf=-1: peers:[]|listeners:[], old=null STARTING
  s5:  RUNNING  FOLLOWER s5@group-38FE90E113AE:t0, leader=null, voted=, raftlog=Memoized:s5@group-38FE90E113AE-SegmentedRaftLog:OPENED:c-1, conf=-1: peers:[]|listeners:[], old=null STARTING
  s6:  RUNNING  FOLLOWER s6@group-38FE90E113AE:t0, leader=null, voted=, raftlog=Memoized:s6@group-38FE90E113AE-SegmentedRaftLog:OPENED:c-1, conf=-1: peers:[]|listeners:[], old=null STARTING
  s7:  RUNNING  FOLLOWER s7@group-38FE90E113AE:t0, leader=null, voted=, raftlog=Memoized:s7@group-38FE90E113AE-SegmentedRaftLog:OPENED:c-1, conf=-1: peers:[]|listeners:[], old=null STARTING
  s8:  RUNNING  FOLLOWER s8@group-38FE90E113AE:t0, leader=null, voted=, raftlog=Memoized:s8@group-38FE90E113AE-SegmentedRaftLog:OPENED:c-1, conf=-1: peers:[]|listeners:[], old=null STARTING
  s9:  RUNNING  FOLLOWER s9@group-38FE90E113AE:t0, leader=null, voted=, raftlog=Memoized:s9@group-38FE90E113AE-SegmentedRaftLog:OPENED:c-1, conf=-1: peers:[]|listeners:[], old=null STARTING
  s11:  RUNNING  FOLLOWER s11@group-38FE90E113AE:t0, leader=null, voted=, raftlog=Memoized:s11@group-38FE90E113AE-SegmentedRaftLog:OPENED:c-1, conf=-1: peers:[]|listeners:[], old=null STARTING
  s10:  RUNNING  FOLLOWER s10@group-38FE90E113AE:t0, leader=null, voted=, raftlog=Memoized:s10@group-38FE90E113AE-SegmentedRaftLog:OPENED:c-1, conf=-1: peers:[]|listeners:[], old=null STARTING
  s13:  RUNNING  FOLLOWER s13@group-38FE90E113AE:t0, leader=null, voted=, raftlog=Memoized:s13@group-38FE90E113AE-SegmentedRaftLog:OPENED:c-1, conf=-1: peers:[]|listeners:[], old=null STARTING
  s12:  RUNNING  FOLLOWER s12@group-38FE90E113AE:t0, leader=null, voted=, raftlog=Memoized:s12@group-38FE90E113AE-SegmentedRaftLog:OPENED:c-1, conf=-1: peers:[]|listeners:[], old=null STARTING
  s14:  RUNNING  FOLLOWER s14@group-38FE90E113AE:t0, leader=null, voted=, raftlog=Memoized:s14@group-38FE90E113AE-SegmentedRaftLog:OPENED:c-1, conf=-1: peers:[]|listeners:[], old=null STARTING
  s0:  RUNNING  FOLLOWER s0@group-38FE90E113AE:t0, leader=null, voted=, raftlog=Memoized:s0@group-38FE90E113AE-SegmentedRaftLog:OPENED:c-1, conf=-1: peers:[]|listeners:[], old=null STARTING
  s1:  RUNNING  FOLLOWER s1@group-38FE90E113AE:t0, leader=null, voted=, raftlog=Memoized:s1@group-38FE90E113AE-SegmentedRaftLog:OPENED:c-1, conf=-1: peers:[]|listeners:[], old=null STARTING
  s2:  RUNNING  FOLLOWER s2@group-38FE90E113AE:t0, leader=null, voted=, raftlog=Memoized:s2@group-38FE90E113AE-SegmentedRaftLog:OPENED:c-1, conf=-1: peers:[]|listeners:[], old=null STARTING
2023-03-17 00:26:08,274 INFO  impl.GroupManagementBaseTest (GroupManagementBaseTest.java:runMultiGroupTest(281)) - 0) starting group-6E994AD85659:[s10|rpc:0.0.0.0:37585|priority:0|startupRole:FOLLOWER, s0|rpc:0.0.0.0:43787|priority:0|startupRole:FOLLOWER, s1|rpc:0.0.0.0:45531|priority:0|startupRole:FOLLOWER]
2023-03-17 00:26:08,316 INFO  logging.LoggingHandler (AbstractInternalLogger.java:log(148)) - [id: 0x9f1ce20a, L:/0.0.0.0:43787] READ: [id: 0xe2a3e422, L:/10.1.0.17:43787 - R:/10.1.0.17:55278]
2023-03-17 00:26:08,321 INFO  logging.LoggingHandler (AbstractInternalLogger.java:log(148)) - [id: 0x9f1ce20a, L:/0.0.0.0:43787] READ COMPLETE
2023-03-17 00:26:08,361 INFO  server.RaftServer$Division (RaftServerImpl.java:<init>(198)) - s0: new RaftServerImpl for group-6E994AD85659:[s10|rpc:0.0.0.0:37585|dataStream:|priority:0|startupRole:FOLLOWER, s0|rpc:0.0.0.0:43787|dataStream:|priority:0|startupRole:FOLLOWER, s1|rpc:0.0.0.0:45531|dataStream:|priority:0|startupRole:FOLLOWER] with ArithmeticStateMachine:uninitialized
2023-03-17 00:26:08,361 INFO  server.RaftServerConfigKeys (ConfUtils.java:logGet(46)) - raft.server.rpc.timeout.min = 300ms (custom)
2023-03-17 00:26:08,361 INFO  server.RaftServerConfigKeys (ConfUtils.java:logGet(46)) - raft.server.rpc.timeout.max = 600ms (custom)
2023-03-17 00:26:08,361 INFO  server.RaftServerConfigKeys (ConfUtils.java:logGet(46)) - raft.server.rpc.sleep.time = 25ms (default)
2023-03-17 00:26:08,361 INFO  server.RaftServerConfigKeys (ConfUtils.java:logGet(46)) - raft.server.rpc.slowness.timeout = 60s (default)
2023-03-17 00:26:08,361 INFO  server.RaftServerConfigKeys (ConfUtils.java:logGet(46)) - raft.server.leaderelection.leader.step-down.wait-time = 10s (default)
2023-03-17 00:26:08,362 INFO  server.RaftServerConfigKeys (ConfUtils.java:logGet(46)) - raft.server.sleep.deviation.threshold = 300ms (default)
2023-03-17 00:26:08,362 INFO  server.RaftServer (RaftServerProxy.java:addNew(99)) - s0: addNew group-6E994AD85659:[s10|rpc:0.0.0.0:37585|dataStream:|priority:0|startupRole:FOLLOWER, s0|rpc:0.0.0.0:43787|dataStream:|priority:0|startupRole:FOLLOWER, s1|rpc:0.0.0.0:45531|dataStream:|priority:0|startupRole:FOLLOWER] returns group-6E994AD85659:java.util.concurrent.CompletableFuture@26c559cd[Not completed]
2023-03-17 00:26:08,362 INFO  server.RaftServer$Division (ServerState.java:<init>(113)) - s0@group-6E994AD85659: ConfigurationManager, init=-1: peers:[s10|rpc:0.0.0.0:37585|dataStream:|priority:0|startupRole:FOLLOWER, s0|rpc:0.0.0.0:43787|dataStream:|priority:0|startupRole:FOLLOWER, s1|rpc:0.0.0.0:45531|dataStream:|priority:0|startupRole:FOLLOWER]|listeners:[], old=null, confs=<EMPTY_MAP>
2023-03-17 00:26:08,362 INFO  server.RaftServerConfigKeys (ConfUtils.java:logGet(46)) - raft.server.notification.no-leader.timeout = 60s (default)
2023-03-17 00:26:08,362 INFO  server.RaftServerConfigKeys (ConfUtils.java:logGet(46)) - raft.server.read.timeout = 10s (default)
2023-03-17 00:26:08,362 INFO  server.RaftServerConfigKeys (ConfUtils.java:logGet(46)) - raft.server.retrycache.expirytime = 60s (default)
2023-03-17 00:26:08,362 INFO  server.RaftServerConfigKeys (ConfUtils.java:logGet(46)) - raft.server.retrycache.statistics.expirytime = 100μs (default)
2023-03-17 00:26:08,362 INFO  server.RaftServerConfigKeys (ConfUtils.java:logGet(46)) - raft.server.read.option = DEFAULT (default)
2023-03-17 00:26:08,363 INFO  server.RaftServerConfigKeys (ConfUtils.java:logGet(46)) - raft.server.log.appender.install.snapshot.enabled = true (default)
2023-03-17 00:26:08,363 INFO  server.RaftServerConfigKeys (ConfUtils.java:logGet(46)) - raft.server.threadpool.server.cached = true (default)
2023-03-17 00:26:08,363 INFO  server.RaftServerConfigKeys (ConfUtils.java:logGet(46)) - raft.server.threadpool.server.size = 0 (default)
2023-03-17 00:26:08,363 INFO  server.RaftServerConfigKeys (ConfUtils.java:logGet(46)) - raft.server.threadpool.client.cached = true (default)
2023-03-17 00:26:08,363 INFO  server.RaftServerConfigKeys (ConfUtils.java:logGet(46)) - raft.server.threadpool.client.size = 0 (default)
2023-03-17 00:26:08,363 INFO  server.RaftServerConfigKeys (ConfUtils.java:logGet(46)) - raft.server.storage.free-space.min = 0MB (=0) (default)
2023-03-17 00:26:08,363 INFO  server.RaftServerConfigKeys (ConfUtils.java:logGet(46)) - raft.server.log.corruption.policy = EXCEPTION (default)
2023-03-17 00:26:08,363 INFO  server.RaftServerConfigKeys (ConfUtils.java:logGet(46)) - raft.server.storage.dir = [/home/runner/work/ratis/ratis/ratis-examples/target/test/data/9a3b15da/MiniRaftClusterWithNettyce94e709/s0] (custom)
2023-03-17 00:26:08,363 INFO  storage.RaftStorageDirectory (RaftStorageDirectoryImpl.java:analyzeStorage(138)) - The storage directory /home/runner/work/ratis/ratis/ratis-examples/target/test/data/9a3b15da/MiniRaftClusterWithNettyce94e709/s0/a909ca09-e6ce-4d78-8d38-6e994ad85659 does not exist. Creating ...
2023-03-17 00:26:08,364 TRACE util.FileUtils (LogUtils.java:runAndLog(49)) - Successfully ran Files.createDirectories /home/runner/work/ratis/ratis/ratis-examples/target/test/data/9a3b15da/MiniRaftClusterWithNettyce94e709/s0/a909ca09-e6ce-4d78-8d38-6e994ad85659
2023-03-17 00:26:08,365 INFO  storage.RaftStorageDirectory (RaftStorageDirectoryImpl.java:tryLock(232)) - Lock on /home/runner/work/ratis/ratis/ratis-examples/target/test/data/9a3b15da/MiniRaftClusterWithNettyce94e709/s0/a909ca09-e6ce-4d78-8d38-6e994ad85659/in_use.lock acquired by nodename 17092@fv-az451-845
2023-03-17 00:26:08,365 TRACE util.FileUtils (LogUtils.java:runAndLog(49)) - Successfully ran Files.createDirectories /home/runner/work/ratis/ratis/ratis-examples/target/test/data/9a3b15da/MiniRaftClusterWithNettyce94e709/s0/a909ca09-e6ce-4d78-8d38-6e994ad85659/current
2023-03-17 00:26:08,365 TRACE util.FileUtils (LogUtils.java:runAndLog(49)) - Successfully ran Files.createDirectories /home/runner/work/ratis/ratis/ratis-examples/target/test/data/9a3b15da/MiniRaftClusterWithNettyce94e709/s0/a909ca09-e6ce-4d78-8d38-6e994ad85659/sm
2023-03-17 00:26:08,366 INFO  storage.RaftStorage (RaftStorageImpl.java:format(96)) - Storage directory /home/runner/work/ratis/ratis/ratis-examples/target/test/data/9a3b15da/MiniRaftClusterWithNettyce94e709/s0/a909ca09-e6ce-4d78-8d38-6e994ad85659 has been successfully formatted.
2023-03-17 00:26:08,367 WARN  statemachine.StateMachine (ArithmeticStateMachine.java:loadSnapshot(116)) - The snapshot info is null.
2023-03-17 00:26:08,367 INFO  server.RaftServerConfigKeys (ConfUtils.java:logGet(46)) - raft.server.log.use.memory = false (default)
2023-03-17 00:26:08,367 INFO  server.RaftServerConfigKeys (ConfUtils.java:logGet(46)) - raft.server.log.purge.gap = 1024 (default)
2023-03-17 00:26:08,367 INFO  server.RaftServerConfigKeys (ConfUtils.java:logGet(46)) - raft.server.log.appender.buffer.byte-limit = 4MB (=4194304) (default)
2023-03-17 00:26:08,367 INFO  server.RaftServerConfigKeys (ConfUtils.java:logGet(46)) - raft.server.log.statemachine.data.read.timeout = 1000ms (default)
2023-03-17 00:26:08,367 INFO  server.RaftServerConfigKeys (ConfUtils.java:logGet(46)) - raft.server.log.purge.preservation.log.num = 0 (default)
2023-03-17 00:26:08,367 INFO  server.RaftServerConfigKeys (ConfUtils.java:logGet(46)) - raft.server.log.segment.size.max = 8MB (=8388608) (default)
2023-03-17 00:26:08,367 INFO  server.RaftServerConfigKeys (ConfUtils.java:logGet(46)) - raft.server.log.segment.cache.num.max = 6 (default)
2023-03-17 00:26:08,367 INFO  server.RaftServerConfigKeys (ConfUtils.java:logGet(46)) - raft.server.log.segment.cache.size.max = 200MB (=209715200) (default)
2023-03-17 00:26:08,367 INFO  server.RaftServerConfigKeys (ConfUtils.java:logGet(46)) - raft.server.log.appender.buffer.byte-limit = 4MB (=4194304) (default)
2023-03-17 00:26:08,367 INFO  segmented.SegmentedRaftLogWorker (SegmentedRaftLogWorker.java:<init>(183)) - new s0@group-6E994AD85659-SegmentedRaftLogWorker for RaftStorageImpl:Storage Directory /home/runner/work/ratis/ratis/ratis-examples/target/test/data/9a3b15da/MiniRaftClusterWithNettyce94e709/s0/a909ca09-e6ce-4d78-8d38-6e994ad85659
2023-03-17 00:26:08,367 INFO  server.RaftServerConfigKeys (ConfUtils.java:logGet(46)) - raft.server.log.queue.byte-limit = 64MB (=67108864) (default)
2023-03-17 00:26:08,367 INFO  server.RaftServerConfigKeys (ConfUtils.java:logGet(46)) - raft.server.log.queue.element-limit = 4096 (default)
2023-03-17 00:26:08,367 INFO  server.RaftServerConfigKeys (ConfUtils.java:logGet(46)) - raft.server.log.segment.size.max = 8MB (=8388608) (default)
2023-03-17 00:26:08,368 INFO  server.RaftServerConfigKeys (ConfUtils.java:logGet(46)) - raft.server.log.preallocated.size = 4MB (=4194304) (default)
2023-03-17 00:26:08,368 INFO  server.RaftServerConfigKeys (ConfUtils.java:logGet(46)) - raft.server.log.force.sync.num = 128 (default)
2023-03-17 00:26:08,368 INFO  server.RaftServerConfigKeys (ConfUtils.java:logGet(46)) - raft.server.log.statemachine.data.sync = true (default)
2023-03-17 00:26:08,368 INFO  server.RaftServerConfigKeys (ConfUtils.java:logGet(46)) - raft.server.log.statemachine.data.sync.timeout = 10s (default)
2023-03-17 00:26:08,368 INFO  server.RaftServerConfigKeys (ConfUtils.java:logGet(46)) - raft.server.log.statemachine.data.sync.timeout.retry = -1 (default)
2023-03-17 00:26:08,368 INFO  server.RaftServerConfigKeys (ConfUtils.java:logGet(46)) - raft.server.log.write.buffer.size = 64KB (=65536) (default)
2023-03-17 00:26:08,368 INFO  server.RaftServerConfigKeys (ConfUtils.java:logGet(46)) - raft.server.log.appender.buffer.byte-limit = 4MB (=4194304) (default)
2023-03-17 00:26:08,376 INFO  server.RaftServerConfigKeys (ConfUtils.java:logGet(46)) - raft.server.log.unsafe-flush.enabled = false (default)
2023-03-17 00:26:08,376 INFO  server.RaftServerConfigKeys (ConfUtils.java:logGet(46)) - raft.server.log.async-flush.enabled = false (default)
2023-03-17 00:26:08,377 INFO  server.RaftServerConfigKeys (ConfUtils.java:logGet(46)) - raft.server.log.statemachine.data.caching.enabled = false (default)
2023-03-17 00:26:08,377 INFO  segmented.SegmentedRaftLogWorker (SegmentedRaftLogWorker.java:lambda$new$0(134)) - s0@group-6E994AD85659-SegmentedRaftLogWorker: flushIndex: setUnconditionally 0 -> -1
2023-03-17 00:26:08,377 INFO  segmented.SegmentedRaftLogWorker (SegmentedRaftLogWorker.java:lambda$new$0(134)) - s0@group-6E994AD85659-SegmentedRaftLogWorker: safeCacheEvictIndex: setUnconditionally 0 -> -1
2023-03-17 00:26:08,377 INFO  server.RaftServer$Division (RaftServerImpl.java:start(342)) - s0@group-6E994AD85659: start as a follower, conf=-1: peers:[s10|rpc:0.0.0.0:37585|dataStream:|priority:0|startupRole:FOLLOWER, s0|rpc:0.0.0.0:43787|dataStream:|priority:0|startupRole:FOLLOWER, s1|rpc:0.0.0.0:45531|dataStream:|priority:0|startupRole:FOLLOWER]|listeners:[], old=null
2023-03-17 00:26:08,377 INFO  server.RaftServer$Division (RaftServerImpl.java:setRole(329)) - s0@group-6E994AD85659: changes role from      null to FOLLOWER at term 0 for startAsFollower
2023-03-17 00:26:08,377 INFO  impl.RoleInfo (RoleInfo.java:updateAndGet(139)) - s0: start s0@group-6E994AD85659-FollowerState
2023-03-17 00:26:08,378 INFO  util.JmxRegister (JmxRegister.java:tryRegister(44)) - Successfully registered JMX Bean with object name Ratis:service=RaftServer,group=group-6E994AD85659,id=s0
2023-03-17 00:26:08,378 INFO  server.RaftServerConfigKeys (ConfUtils.java:logGet(46)) - raft.server.snapshot.auto.trigger.enabled = false (default)
2023-03-17 00:26:08,378 INFO  server.RaftServerConfigKeys (ConfUtils.java:logGet(46)) - raft.server.snapshot.retention.file.num = -1 (default)
2023-03-17 00:26:08,378 INFO  server.RaftServerConfigKeys (ConfUtils.java:logGet(46)) - raft.server.log.purge.upto.snapshot.index = false (default)
2023-03-17 00:26:08,378 INFO  server.RaftServerConfigKeys (ConfUtils.java:logFallback(53)) - raft.server.rpc.first-election.timeout.min = 300ms (fallback to raft.server.rpc.timeout.min)
2023-03-17 00:26:08,378 INFO  server.RaftServerConfigKeys (ConfUtils.java:logFallback(53)) - raft.server.rpc.first-election.timeout.max = 600ms (fallback to raft.server.rpc.timeout.max)
2023-03-17 00:26:08,415 INFO  logging.LoggingHandler (AbstractInternalLogger.java:log(148)) - [id: 0xbdd8d28e, L:/0.0.0.0:45531] READ: [id: 0xa778edf2, L:/10.1.0.17:45531 - R:/10.1.0.17:34194]
2023-03-17 00:26:08,417 INFO  logging.LoggingHandler (AbstractInternalLogger.java:log(148)) - [id: 0xbdd8d28e, L:/0.0.0.0:45531] READ COMPLETE
2023-03-17 00:26:08,439 INFO  server.RaftServer (RaftServerProxy.java:addNew(99)) - s1: addNew group-6E994AD85659:[s10|rpc:0.0.0.0:37585|dataStream:|priority:0|startupRole:FOLLOWER, s0|rpc:0.0.0.0:43787|dataStream:|priority:0|startupRole:FOLLOWER, s1|rpc:0.0.0.0:45531|dataStream:|priority:0|startupRole:FOLLOWER] returns group-6E994AD85659:java.util.concurrent.CompletableFuture@11313e83[Not completed]
2023-03-17 00:26:08,439 INFO  server.RaftServer$Division (RaftServerImpl.java:<init>(198)) - s1: new RaftServerImpl for group-6E994AD85659:[s10|rpc:0.0.0.0:37585|dataStream:|priority:0|startupRole:FOLLOWER, s0|rpc:0.0.0.0:43787|dataStream:|priority:0|startupRole:FOLLOWER, s1|rpc:0.0.0.0:45531|dataStream:|priority:0|startupRole:FOLLOWER] with ArithmeticStateMachine:uninitialized
2023-03-17 00:26:08,439 INFO  server.RaftServerConfigKeys (ConfUtils.java:logGet(46)) - raft.server.rpc.timeout.min = 300ms (custom)
2023-03-17 00:26:08,440 INFO  server.RaftServerConfigKeys (ConfUtils.java:logGet(46)) - raft.server.rpc.timeout.max = 600ms (custom)
2023-03-17 00:26:08,440 INFO  server.RaftServerConfigKeys (ConfUtils.java:logGet(46)) - raft.server.rpc.sleep.time = 25ms (default)
2023-03-17 00:26:08,440 INFO  server.RaftServerConfigKeys (ConfUtils.java:logGet(46)) - raft.server.rpc.slowness.timeout = 60s (default)
2023-03-17 00:26:08,440 INFO  server.RaftServerConfigKeys (ConfUtils.java:logGet(46)) - raft.server.leaderelection.leader.step-down.wait-time = 10s (default)
2023-03-17 00:26:08,440 INFO  server.RaftServerConfigKeys (ConfUtils.java:logGet(46)) - raft.server.sleep.deviation.threshold = 300ms (default)
2023-03-17 00:26:08,440 INFO  server.RaftServer$Division (ServerState.java:<init>(113)) - s1@group-6E994AD85659: ConfigurationManager, init=-1: peers:[s10|rpc:0.0.0.0:37585|dataStream:|priority:0|startupRole:FOLLOWER, s0|rpc:0.0.0.0:43787|dataStream:|priority:0|startupRole:FOLLOWER, s1|rpc:0.0.0.0:45531|dataStream:|priority:0|startupRole:FOLLOWER]|listeners:[], old=null, confs=<EMPTY_MAP>
2023-03-17 00:26:08,440 INFO  server.RaftServerConfigKeys (ConfUtils.java:logGet(46)) - raft.server.notification.no-leader.timeout = 60s (default)
2023-03-17 00:26:08,440 INFO  server.RaftServerConfigKeys (ConfUtils.java:logGet(46)) - raft.server.read.timeout = 10s (default)
2023-03-17 00:26:08,440 INFO  server.RaftServerConfigKeys (ConfUtils.java:logGet(46)) - raft.server.retrycache.expirytime = 60s (default)
2023-03-17 00:26:08,440 INFO  server.RaftServerConfigKeys (ConfUtils.java:logGet(46)) - raft.server.retrycache.statistics.expirytime = 100μs (default)
2023-03-17 00:26:08,440 INFO  server.RaftServerConfigKeys (ConfUtils.java:logGet(46)) - raft.server.read.option = DEFAULT (default)
2023-03-17 00:26:08,441 INFO  server.RaftServerConfigKeys (ConfUtils.java:logGet(46)) - raft.server.log.appender.install.snapshot.enabled = true (default)
2023-03-17 00:26:08,441 INFO  server.RaftServerConfigKeys (ConfUtils.java:logGet(46)) - raft.server.threadpool.server.cached = true (default)
2023-03-17 00:26:08,441 INFO  server.RaftServerConfigKeys (ConfUtils.java:logGet(46)) - raft.server.threadpool.server.size = 0 (default)
2023-03-17 00:26:08,441 INFO  server.RaftServerConfigKeys (ConfUtils.java:logGet(46)) - raft.server.threadpool.client.cached = true (default)
2023-03-17 00:26:08,441 INFO  server.RaftServerConfigKeys (ConfUtils.java:logGet(46)) - raft.server.threadpool.client.size = 0 (default)
2023-03-17 00:26:08,441 INFO  server.RaftServerConfigKeys (ConfUtils.java:logGet(46)) - raft.server.storage.free-space.min = 0MB (=0) (default)
2023-03-17 00:26:08,441 INFO  server.RaftServerConfigKeys (ConfUtils.java:logGet(46)) - raft.server.log.corruption.policy = EXCEPTION (default)
2023-03-17 00:26:08,441 INFO  server.RaftServerConfigKeys (ConfUtils.java:logGet(46)) - raft.server.storage.dir = [/home/runner/work/ratis/ratis/ratis-examples/target/test/data/9a3b15da/MiniRaftClusterWithNettyce94e709/s1] (custom)
2023-03-17 00:26:08,442 INFO  storage.RaftStorageDirectory (RaftStorageDirectoryImpl.java:analyzeStorage(138)) - The storage directory /home/runner/work/ratis/ratis/ratis-examples/target/test/data/9a3b15da/MiniRaftClusterWithNettyce94e709/s1/a909ca09-e6ce-4d78-8d38-6e994ad85659 does not exist. Creating ...
2023-03-17 00:26:08,442 TRACE util.FileUtils (LogUtils.java:runAndLog(49)) - Successfully ran Files.createDirectories /home/runner/work/ratis/ratis/ratis-examples/target/test/data/9a3b15da/MiniRaftClusterWithNettyce94e709/s1/a909ca09-e6ce-4d78-8d38-6e994ad85659
2023-03-17 00:26:08,444 INFO  storage.RaftStorageDirectory (RaftStorageDirectoryImpl.java:tryLock(232)) - Lock on /home/runner/work/ratis/ratis/ratis-examples/target/test/data/9a3b15da/MiniRaftClusterWithNettyce94e709/s1/a909ca09-e6ce-4d78-8d38-6e994ad85659/in_use.lock acquired by nodename 17092@fv-az451-845
2023-03-17 00:26:08,444 TRACE util.FileUtils (LogUtils.java:runAndLog(49)) - Successfully ran Files.createDirectories /home/runner/work/ratis/ratis/ratis-examples/target/test/data/9a3b15da/MiniRaftClusterWithNettyce94e709/s1/a909ca09-e6ce-4d78-8d38-6e994ad85659/current
2023-03-17 00:26:08,444 TRACE util.FileUtils (LogUtils.java:runAndLog(49)) - Successfully ran Files.createDirectories /home/runner/work/ratis/ratis/ratis-examples/target/test/data/9a3b15da/MiniRaftClusterWithNettyce94e709/s1/a909ca09-e6ce-4d78-8d38-6e994ad85659/sm
2023-03-17 00:26:08,445 INFO  storage.RaftStorage (RaftStorageImpl.java:format(96)) - Storage directory /home/runner/work/ratis/ratis/ratis-examples/target/test/data/9a3b15da/MiniRaftClusterWithNettyce94e709/s1/a909ca09-e6ce-4d78-8d38-6e994ad85659 has been successfully formatted.
2023-03-17 00:26:08,446 WARN  statemachine.StateMachine (ArithmeticStateMachine.java:loadSnapshot(116)) - The snapshot info is null.
2023-03-17 00:26:08,446 INFO  server.RaftServerConfigKeys (ConfUtils.java:logGet(46)) - raft.server.log.use.memory = false (default)
2023-03-17 00:26:08,446 INFO  server.RaftServerConfigKeys (ConfUtils.java:logGet(46)) - raft.server.log.purge.gap = 1024 (default)
2023-03-17 00:26:08,446 INFO  server.RaftServerConfigKeys (ConfUtils.java:logGet(46)) - raft.server.log.appender.buffer.byte-limit = 4MB (=4194304) (default)
2023-03-17 00:26:08,446 INFO  server.RaftServerConfigKeys (ConfUtils.java:logGet(46)) - raft.server.log.statemachine.data.read.timeout = 1000ms (default)
2023-03-17 00:26:08,446 INFO  server.RaftServerConfigKeys (ConfUtils.java:logGet(46)) - raft.server.log.purge.preservation.log.num = 0 (default)
2023-03-17 00:26:08,447 INFO  server.RaftServerConfigKeys (ConfUtils.java:logGet(46)) - raft.server.log.segment.size.max = 8MB (=8388608) (default)
2023-03-17 00:26:08,447 INFO  server.RaftServerConfigKeys (ConfUtils.java:logGet(46)) - raft.server.log.segment.cache.num.max = 6 (default)
2023-03-17 00:26:08,447 INFO  server.RaftServerConfigKeys (ConfUtils.java:logGet(46)) - raft.server.log.segment.cache.size.max = 200MB (=209715200) (default)
2023-03-17 00:26:08,447 INFO  server.RaftServerConfigKeys (ConfUtils.java:logGet(46)) - raft.server.log.appender.buffer.byte-limit = 4MB (=4194304) (default)
2023-03-17 00:26:08,447 INFO  segmented.SegmentedRaftLogWorker (SegmentedRaftLogWorker.java:<init>(183)) - new s1@group-6E994AD85659-SegmentedRaftLogWorker for RaftStorageImpl:Storage Directory /home/runner/work/ratis/ratis/ratis-examples/target/test/data/9a3b15da/MiniRaftClusterWithNettyce94e709/s1/a909ca09-e6ce-4d78-8d38-6e994ad85659
2023-03-17 00:26:08,447 INFO  server.RaftServerConfigKeys (ConfUtils.java:logGet(46)) - raft.server.log.queue.byte-limit = 64MB (=67108864) (default)
2023-03-17 00:26:08,448 INFO  server.RaftServerConfigKeys (ConfUtils.java:logGet(46)) - raft.server.log.queue.element-limit = 4096 (default)
2023-03-17 00:26:08,448 INFO  server.RaftServerConfigKeys (ConfUtils.java:logGet(46)) - raft.server.log.segment.size.max = 8MB (=8388608) (default)
2023-03-17 00:26:08,448 INFO  server.RaftServerConfigKeys (ConfUtils.java:logGet(46)) - raft.server.log.preallocated.size = 4MB (=4194304) (default)
2023-03-17 00:26:08,448 INFO  server.RaftServerConfigKeys (ConfUtils.java:logGet(46)) - raft.server.log.force.sync.num = 128 (default)
2023-03-17 00:26:08,448 INFO  server.RaftServerConfigKeys (ConfUtils.java:logGet(46)) - raft.server.log.statemachine.data.sync = true (default)
2023-03-17 00:26:08,448 INFO  server.RaftServerConfigKeys (ConfUtils.java:logGet(46)) - raft.server.log.statemachine.data.sync.timeout = 10s (default)
2023-03-17 00:26:08,448 INFO  server.RaftServerConfigKeys (ConfUtils.java:logGet(46)) - raft.server.log.statemachine.data.sync.timeout.retry = -1 (default)
2023-03-17 00:26:08,448 INFO  server.RaftServerConfigKeys (ConfUtils.java:logGet(46)) - raft.server.log.write.buffer.size = 64KB (=65536) (default)
2023-03-17 00:26:08,449 INFO  server.RaftServerConfigKeys (ConfUtils.java:logGet(46)) - raft.server.log.appender.buffer.byte-limit = 4MB (=4194304) (default)
2023-03-17 00:26:08,451 INFO  server.RaftServerConfigKeys (ConfUtils.java:logGet(46)) - raft.server.log.unsafe-flush.enabled = false (default)
2023-03-17 00:26:08,451 INFO  server.RaftServerConfigKeys (ConfUtils.java:logGet(46)) - raft.server.log.async-flush.enabled = false (default)
2023-03-17 00:26:08,451 INFO  server.RaftServerConfigKeys (ConfUtils.java:logGet(46)) - raft.server.log.statemachine.data.caching.enabled = false (default)
2023-03-17 00:26:08,451 INFO  segmented.SegmentedRaftLogWorker (SegmentedRaftLogWorker.java:lambda$new$0(134)) - s1@group-6E994AD85659-SegmentedRaftLogWorker: flushIndex: setUnconditionally 0 -> -1
2023-03-17 00:26:08,451 INFO  segmented.SegmentedRaftLogWorker (SegmentedRaftLogWorker.java:lambda$new$0(134)) - s1@group-6E994AD85659-SegmentedRaftLogWorker: safeCacheEvictIndex: setUnconditionally 0 -> -1
2023-03-17 00:26:08,451 INFO  server.RaftServer$Division (RaftServerImpl.java:start(342)) - s1@group-6E994AD85659: start as a follower, conf=-1: peers:[s10|rpc:0.0.0.0:37585|dataStream:|priority:0|startupRole:FOLLOWER, s0|rpc:0.0.0.0:43787|dataStream:|priority:0|startupRole:FOLLOWER, s1|rpc:0.0.0.0:45531|dataStream:|priority:0|startupRole:FOLLOWER]|listeners:[], old=null
2023-03-17 00:26:08,451 INFO  server.RaftServer$Division (RaftServerImpl.java:setRole(329)) - s1@group-6E994AD85659: changes role from      null to FOLLOWER at term 0 for startAsFollower
2023-03-17 00:26:08,452 INFO  impl.RoleInfo (RoleInfo.java:updateAndGet(139)) - s1: start s1@group-6E994AD85659-FollowerState
2023-03-17 00:26:08,452 INFO  util.JmxRegister (JmxRegister.java:tryRegister(44)) - Successfully registered JMX Bean with object name Ratis:service=RaftServer,group=group-6E994AD85659,id=s1
2023-03-17 00:26:08,452 INFO  server.RaftServerConfigKeys (ConfUtils.java:logGet(46)) - raft.server.snapshot.auto.trigger.enabled = false (default)
2023-03-17 00:26:08,452 INFO  server.RaftServerConfigKeys (ConfUtils.java:logGet(46)) - raft.server.snapshot.retention.file.num = -1 (default)
2023-03-17 00:26:08,452 INFO  server.RaftServerConfigKeys (ConfUtils.java:logGet(46)) - raft.server.log.purge.upto.snapshot.index = false (default)
2023-03-17 00:26:08,453 INFO  server.RaftServerConfigKeys (ConfUtils.java:logFallback(53)) - raft.server.rpc.first-election.timeout.min = 300ms (fallback to raft.server.rpc.timeout.min)
2023-03-17 00:26:08,453 INFO  server.RaftServerConfigKeys (ConfUtils.java:logFallback(53)) - raft.server.rpc.first-election.timeout.max = 600ms (fallback to raft.server.rpc.timeout.max)
2023-03-17 00:26:08,469 INFO  logging.LoggingHandler (AbstractInternalLogger.java:log(148)) - [id: 0xfb868b71, L:/0.0.0.0:37585] READ: [id: 0x739aa69b, L:/10.1.0.17:37585 - R:/10.1.0.17:57278]
2023-03-17 00:26:08,470 INFO  logging.LoggingHandler (AbstractInternalLogger.java:log(148)) - [id: 0xfb868b71, L:/0.0.0.0:37585] READ COMPLETE
2023-03-17 00:26:08,475 INFO  server.RaftServer (RaftServerProxy.java:addNew(99)) - s10: addNew group-6E994AD85659:[s10|rpc:0.0.0.0:37585|dataStream:|priority:0|startupRole:FOLLOWER, s0|rpc:0.0.0.0:43787|dataStream:|priority:0|startupRole:FOLLOWER, s1|rpc:0.0.0.0:45531|dataStream:|priority:0|startupRole:FOLLOWER] returns group-6E994AD85659:java.util.concurrent.CompletableFuture@410acddb[Not completed]
2023-03-17 00:26:08,475 INFO  server.RaftServer$Division (RaftServerImpl.java:<init>(198)) - s10: new RaftServerImpl for group-6E994AD85659:[s10|rpc:0.0.0.0:37585|dataStream:|priority:0|startupRole:FOLLOWER, s0|rpc:0.0.0.0:43787|dataStream:|priority:0|startupRole:FOLLOWER, s1|rpc:0.0.0.0:45531|dataStream:|priority:0|startupRole:FOLLOWER] with ArithmeticStateMachine:uninitialized
2023-03-17 00:26:08,475 INFO  server.RaftServerConfigKeys (ConfUtils.java:logGet(46)) - raft.server.rpc.timeout.min = 300ms (custom)
2023-03-17 00:26:08,475 INFO  server.RaftServerConfigKeys (ConfUtils.java:logGet(46)) - raft.server.rpc.timeout.max = 600ms (custom)
2023-03-17 00:26:08,475 INFO  server.RaftServerConfigKeys (ConfUtils.java:logGet(46)) - raft.server.rpc.sleep.time = 25ms (default)
2023-03-17 00:26:08,475 INFO  server.RaftServerConfigKeys (ConfUtils.java:logGet(46)) - raft.server.rpc.slowness.timeout = 60s (default)
2023-03-17 00:26:08,475 INFO  server.RaftServerConfigKeys (ConfUtils.java:logGet(46)) - raft.server.leaderelection.leader.step-down.wait-time = 10s (default)
2023-03-17 00:26:08,475 INFO  server.RaftServerConfigKeys (ConfUtils.java:logGet(46)) - raft.server.sleep.deviation.threshold = 300ms (default)
2023-03-17 00:26:08,475 INFO  server.RaftServer$Division (ServerState.java:<init>(113)) - s10@group-6E994AD85659: ConfigurationManager, init=-1: peers:[s10|rpc:0.0.0.0:37585|dataStream:|priority:0|startupRole:FOLLOWER, s0|rpc:0.0.0.0:43787|dataStream:|priority:0|startupRole:FOLLOWER, s1|rpc:0.0.0.0:45531|dataStream:|priority:0|startupRole:FOLLOWER]|listeners:[], old=null, confs=<EMPTY_MAP>
2023-03-17 00:26:08,475 INFO  server.RaftServerConfigKeys (ConfUtils.java:logGet(46)) - raft.server.notification.no-leader.timeout = 60s (default)
2023-03-17 00:26:08,475 INFO  server.RaftServerConfigKeys (ConfUtils.java:logGet(46)) - raft.server.read.timeout = 10s (default)
2023-03-17 00:26:08,475 INFO  server.RaftServerConfigKeys (ConfUtils.java:logGet(46)) - raft.server.retrycache.expirytime = 60s (default)
2023-03-17 00:26:08,475 INFO  server.RaftServerConfigKeys (ConfUtils.java:logGet(46)) - raft.server.retrycache.statistics.expirytime = 100μs (default)
2023-03-17 00:26:08,475 INFO  server.RaftServerConfigKeys (ConfUtils.java:logGet(46)) - raft.server.read.option = DEFAULT (default)
2023-03-17 00:26:08,476 INFO  server.RaftServerConfigKeys (ConfUtils.java:logGet(46)) - raft.server.log.appender.install.snapshot.enabled = true (default)
2023-03-17 00:26:08,476 INFO  server.RaftServerConfigKeys (ConfUtils.java:logGet(46)) - raft.server.threadpool.server.cached = true (default)
2023-03-17 00:26:08,476 INFO  server.RaftServerConfigKeys (ConfUtils.java:logGet(46)) - raft.server.threadpool.server.size = 0 (default)
2023-03-17 00:26:08,476 INFO  server.RaftServerConfigKeys (ConfUtils.java:logGet(46)) - raft.server.threadpool.client.cached = true (default)
2023-03-17 00:26:08,476 INFO  server.RaftServerConfigKeys (ConfUtils.java:logGet(46)) - raft.server.threadpool.client.size = 0 (default)
2023-03-17 00:26:08,477 INFO  server.RaftServerConfigKeys (ConfUtils.java:logGet(46)) - raft.server.storage.free-space.min = 0MB (=0) (default)
2023-03-17 00:26:08,478 INFO  server.RaftServerConfigKeys (ConfUtils.java:logGet(46)) - raft.server.log.corruption.policy = EXCEPTION (default)
2023-03-17 00:26:08,478 INFO  server.RaftServerConfigKeys (ConfUtils.java:logGet(46)) - raft.server.storage.dir = [/home/runner/work/ratis/ratis/ratis-examples/target/test/data/9a3b15da/MiniRaftClusterWithNettyce94e709/s10] (custom)
2023-03-17 00:26:08,478 INFO  storage.RaftStorageDirectory (RaftStorageDirectoryImpl.java:analyzeStorage(138)) - The storage directory /home/runner/work/ratis/ratis/ratis-examples/target/test/data/9a3b15da/MiniRaftClusterWithNettyce94e709/s10/a909ca09-e6ce-4d78-8d38-6e994ad85659 does not exist. Creating ...
2023-03-17 00:26:08,478 TRACE util.FileUtils (LogUtils.java:runAndLog(49)) - Successfully ran Files.createDirectories /home/runner/work/ratis/ratis/ratis-examples/target/test/data/9a3b15da/MiniRaftClusterWithNettyce94e709/s10/a909ca09-e6ce-4d78-8d38-6e994ad85659
2023-03-17 00:26:08,479 INFO  storage.RaftStorageDirectory (RaftStorageDirectoryImpl.java:tryLock(232)) - Lock on /home/runner/work/ratis/ratis/ratis-examples/target/test/data/9a3b15da/MiniRaftClusterWithNettyce94e709/s10/a909ca09-e6ce-4d78-8d38-6e994ad85659/in_use.lock acquired by nodename 17092@fv-az451-845
2023-03-17 00:26:08,479 TRACE util.FileUtils (LogUtils.java:runAndLog(49)) - Successfully ran Files.createDirectories /home/runner/work/ratis/ratis/ratis-examples/target/test/data/9a3b15da/MiniRaftClusterWithNettyce94e709/s10/a909ca09-e6ce-4d78-8d38-6e994ad85659/current
2023-03-17 00:26:08,480 TRACE util.FileUtils (LogUtils.java:runAndLog(49)) - Successfully ran Files.createDirectories /home/runner/work/ratis/ratis/ratis-examples/target/test/data/9a3b15da/MiniRaftClusterWithNettyce94e709/s10/a909ca09-e6ce-4d78-8d38-6e994ad85659/sm
2023-03-17 00:26:08,481 INFO  storage.RaftStorage (RaftStorageImpl.java:format(96)) - Storage directory /home/runner/work/ratis/ratis/ratis-examples/target/test/data/9a3b15da/MiniRaftClusterWithNettyce94e709/s10/a909ca09-e6ce-4d78-8d38-6e994ad85659 has been successfully formatted.
2023-03-17 00:26:08,481 WARN  statemachine.StateMachine (ArithmeticStateMachine.java:loadSnapshot(116)) - The snapshot info is null.
2023-03-17 00:26:08,481 INFO  server.RaftServerConfigKeys (ConfUtils.java:logGet(46)) - raft.server.log.use.memory = false (default)
2023-03-17 00:26:08,481 INFO  server.RaftServerConfigKeys (ConfUtils.java:logGet(46)) - raft.server.log.purge.gap = 1024 (default)
2023-03-17 00:26:08,482 INFO  server.RaftServerConfigKeys (ConfUtils.java:logGet(46)) - raft.server.log.appender.buffer.byte-limit = 4MB (=4194304) (default)
2023-03-17 00:26:08,482 INFO  server.RaftServerConfigKeys (ConfUtils.java:logGet(46)) - raft.server.log.statemachine.data.read.timeout = 1000ms (default)
2023-03-17 00:26:08,482 INFO  server.RaftServerConfigKeys (ConfUtils.java:logGet(46)) - raft.server.log.purge.preservation.log.num = 0 (default)
2023-03-17 00:26:08,482 INFO  server.RaftServerConfigKeys (ConfUtils.java:logGet(46)) - raft.server.log.segment.size.max = 8MB (=8388608) (default)
2023-03-17 00:26:08,485 INFO  server.RaftServerConfigKeys (ConfUtils.java:logGet(46)) - raft.server.log.segment.cache.num.max = 6 (default)
2023-03-17 00:26:08,485 INFO  server.RaftServerConfigKeys (ConfUtils.java:logGet(46)) - raft.server.log.segment.cache.size.max = 200MB (=209715200) (default)
2023-03-17 00:26:08,485 INFO  server.RaftServerConfigKeys (ConfUtils.java:logGet(46)) - raft.server.log.appender.buffer.byte-limit = 4MB (=4194304) (default)
2023-03-17 00:26:08,485 INFO  segmented.SegmentedRaftLogWorker (SegmentedRaftLogWorker.java:<init>(183)) - new s10@group-6E994AD85659-SegmentedRaftLogWorker for RaftStorageImpl:Storage Directory /home/runner/work/ratis/ratis/ratis-examples/target/test/data/9a3b15da/MiniRaftClusterWithNettyce94e709/s10/a909ca09-e6ce-4d78-8d38-6e994ad85659
2023-03-17 00:26:08,485 INFO  server.RaftServerConfigKeys (ConfUtils.java:logGet(46)) - raft.server.log.queue.byte-limit = 64MB (=67108864) (default)
2023-03-17 00:26:08,485 INFO  server.RaftServerConfigKeys (ConfUtils.java:logGet(46)) - raft.server.log.queue.element-limit = 4096 (default)
2023-03-17 00:26:08,485 INFO  server.RaftServerConfigKeys (ConfUtils.java:logGet(46)) - raft.server.log.segment.size.max = 8MB (=8388608) (default)
2023-03-17 00:26:08,485 INFO  server.RaftServerConfigKeys (ConfUtils.java:logGet(46)) - raft.server.log.preallocated.size = 4MB (=4194304) (default)
2023-03-17 00:26:08,486 INFO  server.RaftServerConfigKeys (ConfUtils.java:logGet(46)) - raft.server.log.force.sync.num = 128 (default)
2023-03-17 00:26:08,486 INFO  server.RaftServerConfigKeys (ConfUtils.java:logGet(46)) - raft.server.log.statemachine.data.sync = true (default)
2023-03-17 00:26:08,486 INFO  server.RaftServerConfigKeys (ConfUtils.java:logGet(46)) - raft.server.log.statemachine.data.sync.timeout = 10s (default)
2023-03-17 00:26:08,486 INFO  server.RaftServerConfigKeys (ConfUtils.java:logGet(46)) - raft.server.log.statemachine.data.sync.timeout.retry = -1 (default)
2023-03-17 00:26:08,486 INFO  server.RaftServerConfigKeys (ConfUtils.java:logGet(46)) - raft.server.log.write.buffer.size = 64KB (=65536) (default)
2023-03-17 00:26:08,486 INFO  server.RaftServerConfigKeys (ConfUtils.java:logGet(46)) - raft.server.log.appender.buffer.byte-limit = 4MB (=4194304) (default)
2023-03-17 00:26:08,495 INFO  server.RaftServerConfigKeys (ConfUtils.java:logGet(46)) - raft.server.log.unsafe-flush.enabled = false (default)
2023-03-17 00:26:08,495 INFO  server.RaftServerConfigKeys (ConfUtils.java:logGet(46)) - raft.server.log.async-flush.enabled = false (default)
2023-03-17 00:26:08,495 INFO  server.RaftServerConfigKeys (ConfUtils.java:logGet(46)) - raft.server.log.statemachine.data.caching.enabled = false (default)
2023-03-17 00:26:08,495 INFO  segmented.SegmentedRaftLogWorker (SegmentedRaftLogWorker.java:lambda$new$0(134)) - s10@group-6E994AD85659-SegmentedRaftLogWorker: flushIndex: setUnconditionally 0 -> -1
2023-03-17 00:26:08,495 INFO  segmented.SegmentedRaftLogWorker (SegmentedRaftLogWorker.java:lambda$new$0(134)) - s10@group-6E994AD85659-SegmentedRaftLogWorker: safeCacheEvictIndex: setUnconditionally 0 -> -1
2023-03-17 00:26:08,498 INFO  server.RaftServer$Division (RaftServerImpl.java:start(342)) - s10@group-6E994AD85659: start as a follower, conf=-1: peers:[s10|rpc:0.0.0.0:37585|dataStream:|priority:0|startupRole:FOLLOWER, s0|rpc:0.0.0.0:43787|dataStream:|priority:0|startupRole:FOLLOWER, s1|rpc:0.0.0.0:45531|dataStream:|priority:0|startupRole:FOLLOWER]|listeners:[], old=null
2023-03-17 00:26:08,498 INFO  server.RaftServer$Division (RaftServerImpl.java:setRole(329)) - s10@group-6E994AD85659: changes role from      null to FOLLOWER at term 0 for startAsFollower
2023-03-17 00:26:08,498 INFO  impl.RoleInfo (RoleInfo.java:updateAndGet(139)) - s10: start s10@group-6E994AD85659-FollowerState
2023-03-17 00:26:08,498 INFO  util.JmxRegister (JmxRegister.java:tryRegister(44)) - Successfully registered JMX Bean with object name Ratis:service=RaftServer,group=group-6E994AD85659,id=s10
2023-03-17 00:26:08,498 INFO  server.RaftServerConfigKeys (ConfUtils.java:logGet(46)) - raft.server.snapshot.auto.trigger.enabled = false (default)
2023-03-17 00:26:08,498 INFO  server.RaftServerConfigKeys (ConfUtils.java:logGet(46)) - raft.server.snapshot.retention.file.num = -1 (default)
2023-03-17 00:26:08,499 INFO  server.RaftServerConfigKeys (ConfUtils.java:logGet(46)) - raft.server.log.purge.upto.snapshot.index = false (default)
2023-03-17 00:26:08,499 INFO  server.RaftServerConfigKeys (ConfUtils.java:logFallback(53)) - raft.server.rpc.first-election.timeout.min = 300ms (fallback to raft.server.rpc.timeout.min)
2023-03-17 00:26:08,499 INFO  server.RaftServerConfigKeys (ConfUtils.java:logFallback(53)) - raft.server.rpc.first-election.timeout.max = 600ms (fallback to raft.server.rpc.timeout.max)
2023-03-17 00:26:08,514 INFO  server.RaftServerConfigKeys (ConfUtils.java:logGet(46)) - raft.server.rpc.timeout.max = 600ms (custom)
2023-03-17 00:26:08,515 INFO  ratis.RaftTestUtil (RaftTestUtil.java:waitForLeader(100)) - printing group-6E994AD85659
  s10:  RUNNING [
   FOLLOWER s10@group-6E994AD85659:t0, leader=null, voted=, raftlog=Memoized:s10@group-6E994AD85659-SegmentedRaftLog:OPENED:c-1, conf=-1: peers:[s10|rpc:0.0.0.0:37585|dataStream:|priority:0|startupRole:FOLLOWER, s0|rpc:0.0.0.0:43787|dataStream:|priority:0|startupRole:FOLLOWER, s1|rpc:0.0.0.0:45531|dataStream:|priority:0|startupRole:FOLLOWER]|listeners:[], old=null RUNNING
   FOLLOWER s10@group-38FE90E113AE:t0, leader=null, voted=, raftlog=Memoized:s10@group-38FE90E113AE-SegmentedRaftLog:OPENED:c-1, conf=-1: peers:[]|listeners:[], old=null STARTING] size=2
  s0:  RUNNING [
   FOLLOWER s0@group-6E994AD85659:t0, leader=null, voted=, raftlog=Memoized:s0@group-6E994AD85659-SegmentedRaftLog:OPENED:c-1, conf=-1: peers:[s10|rpc:0.0.0.0:37585|dataStream:|priority:0|startupRole:FOLLOWER, s0|rpc:0.0.0.0:43787|dataStream:|priority:0|startupRole:FOLLOWER, s1|rpc:0.0.0.0:45531|dataStream:|priority:0|startupRole:FOLLOWER]|listeners:[], old=null RUNNING
   FOLLOWER s0@group-38FE90E113AE:t0, leader=null, voted=, raftlog=Memoized:s0@group-38FE90E113AE-SegmentedRaftLog:OPENED:c-1, conf=-1: peers:[]|listeners:[], old=null STARTING] size=2
  s1:  RUNNING [
   FOLLOWER s1@group-6E994AD85659:t0, leader=null, voted=, raftlog=Memoized:s1@group-6E994AD85659-SegmentedRaftLog:OPENED:c-1, conf=-1: peers:[s10|rpc:0.0.0.0:37585|dataStream:|priority:0|startupRole:FOLLOWER, s0|rpc:0.0.0.0:43787|dataStream:|priority:0|startupRole:FOLLOWER, s1|rpc:0.0.0.0:45531|dataStream:|priority:0|startupRole:FOLLOWER]|listeners:[], old=null RUNNING
   FOLLOWER s1@group-38FE90E113AE:t0, leader=null, voted=, raftlog=Memoized:s1@group-38FE90E113AE-SegmentedRaftLog:OPENED:c-1, conf=-1: peers:[]|listeners:[], old=null STARTING] size=2
2023-03-17 00:26:08,515 WARN  ratis.RaftTestUtil (JavaUtils.java:attempt(217)) - FAILED "waitForLeader-group-6E994AD85659-(expectLeader? true)", attempt #1/100: java.lang.IllegalStateException: No leader yet  for group-6E994AD85659: printing group-6E994AD85659
  s10:  RUNNING [
   FOLLOWER s10@group-6E994AD85659:t0, leader=null, voted=, raftlog=Memoized:s10@group-6E994AD85659-SegmentedRaftLog:OPENED:c-1, conf=-1: peers:[s10|rpc:0.0.0.0:37585|dataStream:|priority:0|startupRole:FOLLOWER, s0|rpc:0.0.0.0:43787|dataStream:|priority:0|startupRole:FOLLOWER, s1|rpc:0.0.0.0:45531|dataStream:|priority:0|startupRole:FOLLOWER]|listeners:[], old=null RUNNING
   FOLLOWER s10@group-38FE90E113AE:t0, leader=null, voted=, raftlog=Memoized:s10@group-38FE90E113AE-SegmentedRaftLog:OPENED:c-1, conf=-1: peers:[]|listeners:[], old=null STARTING] size=2
  s0:  RUNNING [
   FOLLOWER s0@group-6E994AD85659:t0, leader=null, voted=, raftlog=Memoized:s0@group-6E994AD85659-SegmentedRaftLog:OPENED:c-1, conf=-1: peers:[s10|rpc:0.0.0.0:37585|dataStream:|priority:0|startupRole:FOLLOWER, s0|rpc:0.0.0.0:43787|dataStream:|priority:0|startupRole:FOLLOWER, s1|rpc:0.0.0.0:45531|dataStream:|priority:0|startupRole:FOLLOWER]|listeners:[], old=null RUNNING
   FOLLOWER s0@group-38FE90E113AE:t0, leader=null, voted=, raftlog=Memoized:s0@group-38FE90E113AE-SegmentedRaftLog:OPENED:c-1, conf=-1: peers:[]|listeners:[], old=null STARTING] size=2
  s1:  RUNNING [
   FOLLOWER s1@group-6E994AD85659:t0, leader=null, voted=, raftlog=Memoized:s1@group-6E994AD85659-SegmentedRaftLog:OPENED:c-1, conf=-1: peers:[s10|rpc:0.0.0.0:37585|dataStream:|priority:0|startupRole:FOLLOWER, s0|rpc:0.0.0.0:43787|dataStream:|priority:0|startupRole:FOLLOWER, s1|rpc:0.0.0.0:45531|dataStream:|priority:0|startupRole:FOLLOWER]|listeners:[], old=null RUNNING
   FOLLOWER s1@group-38FE90E113AE:t0, leader=null, voted=, raftlog=Memoized:s1@group-38FE90E113AE-SegmentedRaftLog:OPENED:c-1, conf=-1: peers:[]|listeners:[], old=null STARTING] size=2, sleep 900ms and then retry.
java.lang.IllegalStateException: No leader yet  for group-6E994AD85659: printing group-6E994AD85659
  s10:  RUNNING [
   FOLLOWER s10@group-6E994AD85659:t0, leader=null, voted=, raftlog=Memoized:s10@group-6E994AD85659-SegmentedRaftLog:OPENED:c-1, conf=-1: peers:[s10|rpc:0.0.0.0:37585|dataStream:|priority:0|startupRole:FOLLOWER, s0|rpc:0.0.0.0:43787|dataStream:|priority:0|startupRole:FOLLOWER, s1|rpc:0.0.0.0:45531|dataStream:|priority:0|startupRole:FOLLOWER]|listeners:[], old=null RUNNING
   FOLLOWER s10@group-38FE90E113AE:t0, leader=null, voted=, raftlog=Memoized:s10@group-38FE90E113AE-SegmentedRaftLog:OPENED:c-1, conf=-1: peers:[]|listeners:[], old=null STARTING] size=2
  s0:  RUNNING [
   FOLLOWER s0@group-6E994AD85659:t0, leader=null, voted=, raftlog=Memoized:s0@group-6E994AD85659-SegmentedRaftLog:OPENED:c-1, conf=-1: peers:[s10|rpc:0.0.0.0:37585|dataStream:|priority:0|startupRole:FOLLOWER, s0|rpc:0.0.0.0:43787|dataStream:|priority:0|startupRole:FOLLOWER, s1|rpc:0.0.0.0:45531|dataStream:|priority:0|startupRole:FOLLOWER]|listeners:[], old=null RUNNING
   FOLLOWER s0@group-38FE90E113AE:t0, leader=null, voted=, raftlog=Memoized:s0@group-38FE90E113AE-SegmentedRaftLog:OPENED:c-1, conf=-1: peers:[]|listeners:[], old=null STARTING] size=2
  s1:  RUNNING [
   FOLLOWER s1@group-6E994AD85659:t0, leader=null, voted=, raftlog=Memoized:s1@group-6E994AD85659-SegmentedRaftLog:OPENED:c-1, conf=-1: peers:[s10|rpc:0.0.0.0:37585|dataStream:|priority:0|startupRole:FOLLOWER, s0|rpc:0.0.0.0:43787|dataStream:|priority:0|startupRole:FOLLOWER, s1|rpc:0.0.0.0:45531|dataStream:|priority:0|startupRole:FOLLOWER]|listeners:[], old=null RUNNING
   FOLLOWER s1@group-38FE90E113AE:t0, leader=null, voted=, raftlog=Memoized:s1@group-38FE90E113AE-SegmentedRaftLog:OPENED:c-1, conf=-1: peers:[]|listeners:[], old=null STARTING] size=2
	at org.apache.ratis.server.impl.MiniRaftCluster.newIllegalStateExceptionForNoLeaders(MiniRaftCluster.java:581)
	at org.apache.ratis.RaftTestUtil.lambda$waitForLeader$1(RaftTestUtil.java:104)
	at org.apache.ratis.server.impl.MiniRaftCluster.getLeader(MiniRaftCluster.java:615)
	at org.apache.ratis.server.impl.MiniRaftCluster.getLeader(MiniRaftCluster.java:608)
	at org.apache.ratis.RaftTestUtil.lambda$waitForLeader$3(RaftTestUtil.java:112)
	at org.apache.ratis.util.JavaUtils.attempt(JavaUtils.java:211)
	at org.apache.ratis.util.JavaUtils.attemptRepeatedly(JavaUtils.java:197)
	at org.apache.ratis.RaftTestUtil.waitForLeader(RaftTestUtil.java:111)
	at org.apache.ratis.RaftTestUtil.waitForLeader(RaftTestUtil.java:92)
	at org.apache.ratis.server.impl.GroupManagementBaseTest.runMultiGroupTest(GroupManagementBaseTest.java:287)
	at org.apache.ratis.TestMultiRaftGroup.runTestMultiRaftGroup(TestMultiRaftGroup.java:73)
	at org.apache.ratis.TestMultiRaftGroup.runTestMultiRaftGroup(TestMultiRaftGroup.java:59)
	at org.apache.ratis.TestMultiRaftGroup.testMultiRaftGroup(TestMultiRaftGroup.java:55)
	at java.base/jdk.internal.reflect.NativeMethodAccessorImpl.invoke0(Native Method)
	at java.base/jdk.internal.reflect.NativeMethodAccessorImpl.invoke(NativeMethodAccessorImpl.java:62)
	at java.base/jdk.internal.reflect.DelegatingMethodAccessorImpl.invoke(DelegatingMethodAccessorImpl.java:43)
	at java.base/java.lang.reflect.Method.invoke(Method.java:566)
	at org.junit.runners.model.FrameworkMethod$1.runReflectiveCall(FrameworkMethod.java:59)
	at org.junit.internal.runners.model.ReflectiveCallable.run(ReflectiveCallable.java:12)
	at org.junit.runners.model.FrameworkMethod.invokeExplosively(FrameworkMethod.java:56)
	at org.junit.internal.runners.statements.InvokeMethod.evaluate(InvokeMethod.java:17)
	at org.junit.internal.runners.statements.RunAfters.evaluate(RunAfters.java:27)
	at org.junit.internal.runners.statements.FailOnTimeout$CallableStatement.call(FailOnTimeout.java:299)
	at org.junit.internal.runners.statements.FailOnTimeout$CallableStatement.call(FailOnTimeout.java:293)
	at java.base/java.util.concurrent.FutureTask.run(FutureTask.java:264)
	at java.base/java.lang.Thread.run(Thread.java:829)
2023-03-17 00:26:08,872 INFO  impl.FollowerState (FollowerState.java:run(143)) - s1@group-6E994AD85659-FollowerState: change to CANDIDATE, lastRpcElapsedTime:420489009ns, electionTimeout:419ms
2023-03-17 00:26:08,872 INFO  impl.RoleInfo (RoleInfo.java:shutdownFollowerState(110)) - s1: shutdown s1@group-6E994AD85659-FollowerState
2023-03-17 00:26:08,872 INFO  server.RaftServer$Division (RaftServerImpl.java:setRole(329)) - s1@group-6E994AD85659: changes role from  FOLLOWER to CANDIDATE at term 0 for changeToCandidate
2023-03-17 00:26:08,872 INFO  server.RaftServerConfigKeys (ConfUtils.java:logGet(46)) - raft.server.leaderelection.pre-vote = true (default)
2023-03-17 00:26:08,872 INFO  impl.RoleInfo (RoleInfo.java:updateAndGet(139)) - s1: start s1@group-6E994AD85659-LeaderElection11
2023-03-17 00:26:08,874 INFO  impl.LeaderElection (LeaderElection.java:askForVotes(320)) - s1@group-6E994AD85659-LeaderElection11 PRE_VOTE round 0: submit vote requests at term 0 for -1: peers:[s10|rpc:0.0.0.0:37585|dataStream:|priority:0|startupRole:FOLLOWER, s0|rpc:0.0.0.0:43787|dataStream:|priority:0|startupRole:FOLLOWER, s1|rpc:0.0.0.0:45531|dataStream:|priority:0|startupRole:FOLLOWER]|listeners:[], old=null
2023-03-17 00:26:08,875 INFO  server.RaftServerConfigKeys (ConfUtils.java:logFallback(53)) - raft.server.rpc.first-election.timeout.min = 300ms (fallback to raft.server.rpc.timeout.min)
2023-03-17 00:26:08,875 INFO  server.RaftServerConfigKeys (ConfUtils.java:logFallback(53)) - raft.server.rpc.first-election.timeout.max = 600ms (fallback to raft.server.rpc.timeout.max)
2023-03-17 00:26:08,886 INFO  logging.LoggingHandler (AbstractInternalLogger.java:log(148)) - [id: 0x9f1ce20a, L:/0.0.0.0:43787] READ: [id: 0x94f3059d, L:/10.1.0.17:43787 - R:/10.1.0.17:55284]
2023-03-17 00:26:08,887 INFO  logging.LoggingHandler (AbstractInternalLogger.java:log(148)) - [id: 0x9f1ce20a, L:/0.0.0.0:43787] READ COMPLETE
2023-03-17 00:26:08,889 INFO  logging.LoggingHandler (AbstractInternalLogger.java:log(148)) - [id: 0xfb868b71, L:/0.0.0.0:37585] READ: [id: 0x738bae05, L:/10.1.0.17:37585 - R:/10.1.0.17:57290]
2023-03-17 00:26:08,890 INFO  logging.LoggingHandler (AbstractInternalLogger.java:log(148)) - [id: 0xfb868b71, L:/0.0.0.0:37585] READ COMPLETE
2023-03-17 00:26:08,893 INFO  server.RaftServer$Division (RaftServerImpl.java:requestVote(1303)) - s0@group-6E994AD85659: receive requestVote(PRE_VOTE, s1, group-6E994AD85659, 0, (t:0, i:0))
2023-03-17 00:26:08,893 INFO  impl.VoteContext (VoteContext.java:log(49)) - s0@group-6E994AD85659-FOLLOWER: accept PRE_VOTE from s1: our priority 0 <= candidate's priority 0
2023-03-17 00:26:08,893 INFO  server.RaftServer$Division (RaftServerImpl.java:requestVote(1336)) - s0@group-6E994AD85659 replies to PRE_VOTE vote request: s1<-s0#0:OK-t0. Peer's state: s0@group-6E994AD85659:t0, leader=null, voted=, raftlog=Memoized:s0@group-6E994AD85659-SegmentedRaftLog:OPENED:c-1, conf=-1: peers:[s10|rpc:0.0.0.0:37585|dataStream:|priority:0|startupRole:FOLLOWER, s0|rpc:0.0.0.0:43787|dataStream:|priority:0|startupRole:FOLLOWER, s1|rpc:0.0.0.0:45531|dataStream:|priority:0|startupRole:FOLLOWER]|listeners:[], old=null
2023-03-17 00:26:08,894 INFO  server.RaftServer$Division (RaftServerImpl.java:requestVote(1303)) - s10@group-6E994AD85659: receive requestVote(PRE_VOTE, s1, group-6E994AD85659, 0, (t:0, i:0))
2023-03-17 00:26:08,895 INFO  impl.VoteContext (VoteContext.java:log(49)) - s10@group-6E994AD85659-FOLLOWER: accept PRE_VOTE from s1: our priority 0 <= candidate's priority 0
2023-03-17 00:26:08,895 INFO  server.RaftServer$Division (RaftServerImpl.java:requestVote(1336)) - s10@group-6E994AD85659 replies to PRE_VOTE vote request: s1<-s10#0:OK-t0. Peer's state: s10@group-6E994AD85659:t0, leader=null, voted=, raftlog=Memoized:s10@group-6E994AD85659-SegmentedRaftLog:OPENED:c-1, conf=-1: peers:[s10|rpc:0.0.0.0:37585|dataStream:|priority:0|startupRole:FOLLOWER, s0|rpc:0.0.0.0:43787|dataStream:|priority:0|startupRole:FOLLOWER, s1|rpc:0.0.0.0:45531|dataStream:|priority:0|startupRole:FOLLOWER]|listeners:[], old=null
2023-03-17 00:26:08,896 INFO  impl.LeaderElection (LeaderElection.java:logAndReturn(89)) - s1@group-6E994AD85659-LeaderElection11: PRE_VOTE PASSED received 1 response(s) and 0 exception(s):
2023-03-17 00:26:08,896 INFO  impl.LeaderElection (LeaderElection.java:logAndReturn(93)) -   Response 0: s1<-s0#0:OK-t0
2023-03-17 00:26:08,896 INFO  impl.LeaderElection (LeaderElection.java:askForVotes(322)) - s1@group-6E994AD85659-LeaderElection11 PRE_VOTE round 0: result PASSED
2023-03-17 00:26:08,898 INFO  impl.LeaderElection (LeaderElection.java:askForVotes(320)) - s1@group-6E994AD85659-LeaderElection11 ELECTION round 0: submit vote requests at term 1 for -1: peers:[s10|rpc:0.0.0.0:37585|dataStream:|priority:0|startupRole:FOLLOWER, s0|rpc:0.0.0.0:43787|dataStream:|priority:0|startupRole:FOLLOWER, s1|rpc:0.0.0.0:45531|dataStream:|priority:0|startupRole:FOLLOWER]|listeners:[], old=null
2023-03-17 00:26:08,899 INFO  server.RaftServerConfigKeys (ConfUtils.java:logFallback(53)) - raft.server.rpc.first-election.timeout.min = 300ms (fallback to raft.server.rpc.timeout.min)
2023-03-17 00:26:08,899 INFO  server.RaftServerConfigKeys (ConfUtils.java:logFallback(53)) - raft.server.rpc.first-election.timeout.max = 600ms (fallback to raft.server.rpc.timeout.max)
2023-03-17 00:26:08,900 INFO  server.RaftServer$Division (RaftServerImpl.java:requestVote(1303)) - s0@group-6E994AD85659: receive requestVote(ELECTION, s1, group-6E994AD85659, 1, (t:0, i:0))
2023-03-17 00:26:08,900 INFO  impl.VoteContext (VoteContext.java:log(49)) - s0@group-6E994AD85659-FOLLOWER: accept ELECTION from s1: our priority 0 <= candidate's priority 0
2023-03-17 00:26:08,900 INFO  server.RaftServer$Division (RaftServerImpl.java:setRole(329)) - s0@group-6E994AD85659: changes role from  FOLLOWER to FOLLOWER at term 1 for candidate:s1
2023-03-17 00:26:08,900 INFO  impl.RoleInfo (RoleInfo.java:shutdownFollowerState(110)) - s0: shutdown s0@group-6E994AD85659-FollowerState
2023-03-17 00:26:08,900 INFO  impl.RoleInfo (RoleInfo.java:updateAndGet(139)) - s0: start s0@group-6E994AD85659-FollowerState
2023-03-17 00:26:08,901 INFO  server.RaftServerConfigKeys (ConfUtils.java:logFallback(53)) - raft.server.rpc.first-election.timeout.min = 300ms (fallback to raft.server.rpc.timeout.min)
2023-03-17 00:26:08,901 INFO  server.RaftServerConfigKeys (ConfUtils.java:logFallback(53)) - raft.server.rpc.first-election.timeout.max = 600ms (fallback to raft.server.rpc.timeout.max)
2023-03-17 00:26:08,902 INFO  server.RaftServer$Division (RaftServerImpl.java:requestVote(1336)) - s0@group-6E994AD85659 replies to ELECTION vote request: s1<-s0#0:OK-t1. Peer's state: s0@group-6E994AD85659:t1, leader=null, voted=s1, raftlog=Memoized:s0@group-6E994AD85659-SegmentedRaftLog:OPENED:c-1, conf=-1: peers:[s10|rpc:0.0.0.0:37585|dataStream:|priority:0|startupRole:FOLLOWER, s0|rpc:0.0.0.0:43787|dataStream:|priority:0|startupRole:FOLLOWER, s1|rpc:0.0.0.0:45531|dataStream:|priority:0|startupRole:FOLLOWER]|listeners:[], old=null
2023-03-17 00:26:08,902 INFO  impl.FollowerState (FollowerState.java:run(152)) - s0@group-6E994AD85659-FollowerState was interrupted
2023-03-17 00:26:08,907 INFO  server.RaftServer$Division (RaftServerImpl.java:requestVote(1303)) - s10@group-6E994AD85659: receive requestVote(ELECTION, s1, group-6E994AD85659, 1, (t:0, i:0))
2023-03-17 00:26:08,907 INFO  impl.VoteContext (VoteContext.java:log(49)) - s10@group-6E994AD85659-FOLLOWER: accept ELECTION from s1: our priority 0 <= candidate's priority 0
2023-03-17 00:26:08,907 INFO  server.RaftServer$Division (RaftServerImpl.java:setRole(329)) - s10@group-6E994AD85659: changes role from  FOLLOWER to FOLLOWER at term 1 for candidate:s1
2023-03-17 00:26:08,907 INFO  impl.RoleInfo (RoleInfo.java:shutdownFollowerState(110)) - s10: shutdown s10@group-6E994AD85659-FollowerState
2023-03-17 00:26:08,907 INFO  impl.FollowerState (FollowerState.java:run(152)) - s10@group-6E994AD85659-FollowerState was interrupted
2023-03-17 00:26:08,908 INFO  impl.RoleInfo (RoleInfo.java:updateAndGet(139)) - s10: start s10@group-6E994AD85659-FollowerState
2023-03-17 00:26:08,908 INFO  server.RaftServerConfigKeys (ConfUtils.java:logFallback(53)) - raft.server.rpc.first-election.timeout.min = 300ms (fallback to raft.server.rpc.timeout.min)
2023-03-17 00:26:08,908 INFO  server.RaftServerConfigKeys (ConfUtils.java:logFallback(53)) - raft.server.rpc.first-election.timeout.max = 600ms (fallback to raft.server.rpc.timeout.max)
2023-03-17 00:26:08,908 INFO  impl.LeaderElection (LeaderElection.java:logAndReturn(89)) - s1@group-6E994AD85659-LeaderElection11: ELECTION PASSED received 1 response(s) and 0 exception(s):
2023-03-17 00:26:08,908 INFO  impl.LeaderElection (LeaderElection.java:logAndReturn(93)) -   Response 0: s1<-s0#0:OK-t1
2023-03-17 00:26:08,908 INFO  impl.LeaderElection (LeaderElection.java:askForVotes(322)) - s1@group-6E994AD85659-LeaderElection11 ELECTION round 0: result PASSED
2023-03-17 00:26:08,908 INFO  impl.RoleInfo (RoleInfo.java:shutdownLeaderElection(130)) - s1: shutdown s1@group-6E994AD85659-LeaderElection11
2023-03-17 00:26:08,909 INFO  server.RaftServer$Division (RaftServerImpl.java:setRole(329)) - s1@group-6E994AD85659: changes role from CANDIDATE to LEADER at term 1 for changeToLeader
2023-03-17 00:26:08,909 INFO  server.RaftServer$Division (ServerState.java:setLeader(260)) - s1@group-6E994AD85659: change Leader from null to s1 at term 1 for becomeLeader, leader elected after 468ms
2023-03-17 00:26:08,909 INFO  server.RaftServerConfigKeys (ConfUtils.java:logGet(46)) - raft.server.staging.catchup.gap = 1000 (default)
2023-03-17 00:26:08,909 INFO  server.RaftServerConfigKeys (ConfUtils.java:logGet(46)) - raft.server.write.element-limit = 4096 (default)
2023-03-17 00:26:08,909 INFO  server.RaftServerConfigKeys (ConfUtils.java:logGet(46)) - raft.server.write.byte-limit = 64MB (=67108864) (default)
2023-03-17 00:26:08,909 INFO  server.RaftServer$Division (RaftServerImpl.java:requestVote(1336)) - s10@group-6E994AD85659 replies to ELECTION vote request: s1<-s10#0:OK-t1. Peer's state: s10@group-6E994AD85659:t1, leader=null, voted=s1, raftlog=Memoized:s10@group-6E994AD85659-SegmentedRaftLog:OPENED:c-1, conf=-1: peers:[s10|rpc:0.0.0.0:37585|dataStream:|priority:0|startupRole:FOLLOWER, s0|rpc:0.0.0.0:43787|dataStream:|priority:0|startupRole:FOLLOWER, s1|rpc:0.0.0.0:45531|dataStream:|priority:0|startupRole:FOLLOWER]|listeners:[], old=null
2023-03-17 00:26:08,909 INFO  server.RaftServerConfigKeys (ConfUtils.java:logGet(46)) - raft.server.watch.timeout = 10s (default)
2023-03-17 00:26:08,909 INFO  server.RaftServerConfigKeys (ConfUtils.java:logGet(46)) - raft.server.watch.timeout.denomination = 1s (default)
2023-03-17 00:26:08,909 INFO  server.RaftServerConfigKeys (ConfUtils.java:logGet(46)) - raft.server.watch.element-limit = 65536 (default)
2023-03-17 00:26:08,909 INFO  server.RaftServerConfigKeys (ConfUtils.java:logGet(46)) - raft.server.write.element-limit = 4096 (default)
2023-03-17 00:26:08,909 INFO  server.RaftServerConfigKeys (ConfUtils.java:logGet(46)) - raft.server.write.follower.gap.ratio.max = -1.0 (default)
2023-03-17 00:26:08,910 INFO  server.RaftServerConfigKeys (ConfUtils.java:logGet(46)) - raft.server.log.appender.snapshot.chunk.size.max = 16MB (=16777216) (default)
2023-03-17 00:26:08,910 INFO  server.RaftServerConfigKeys (ConfUtils.java:logGet(46)) - raft.server.log.appender.buffer.byte-limit = 4MB (=4194304) (default)
2023-03-17 00:26:08,910 INFO  server.RaftServerConfigKeys (ConfUtils.java:logGet(46)) - raft.server.log.appender.buffer.element-limit = 0 (default)
2023-03-17 00:26:08,910 INFO  server.RaftServerConfigKeys (ConfUtils.java:logGet(46)) - raft.server.log.appender.wait-time.min = 10ms (default)
2023-03-17 00:26:08,910 INFO  server.RaftServerConfigKeys (ConfUtils.java:logGet(46)) - raft.server.log.appender.snapshot.chunk.size.max = 16MB (=16777216) (default)
2023-03-17 00:26:08,910 INFO  server.RaftServerConfigKeys (ConfUtils.java:logGet(46)) - raft.server.log.appender.buffer.byte-limit = 4MB (=4194304) (default)
2023-03-17 00:26:08,910 INFO  server.RaftServerConfigKeys (ConfUtils.java:logGet(46)) - raft.server.log.appender.buffer.element-limit = 0 (default)
2023-03-17 00:26:08,910 INFO  server.RaftServerConfigKeys (ConfUtils.java:logGet(46)) - raft.server.log.appender.wait-time.min = 10ms (default)
2023-03-17 00:26:08,910 INFO  impl.RoleInfo (RoleInfo.java:updateAndGet(139)) - s1: start s1@group-6E994AD85659-LeaderStateImpl
2023-03-17 00:26:08,911 INFO  segmented.SegmentedRaftLogWorker (SegmentedRaftLogWorker.java:startLogSegment(426)) - s1@group-6E994AD85659-SegmentedRaftLogWorker: Starting segment from index:0
2023-03-17 00:26:08,918 INFO  server.RaftServer$Division (ServerState.java:setRaftConf(378)) - s1@group-6E994AD85659: set configuration 0: peers:[s10|rpc:0.0.0.0:37585|dataStream:|priority:0|startupRole:FOLLOWER, s0|rpc:0.0.0.0:43787|dataStream:|priority:0|startupRole:FOLLOWER, s1|rpc:0.0.0.0:45531|dataStream:|priority:0|startupRole:FOLLOWER]|listeners:[], old=null
2023-03-17 00:26:08,918 INFO  server.RaftServer$Division (ServerState.java:setLeader(260)) - s10@group-6E994AD85659: change Leader from null to s1 at term 1 for appendEntries, leader elected after 443ms
2023-03-17 00:26:08,925 INFO  server.RaftServer$Division (ServerState.java:setLeader(260)) - s0@group-6E994AD85659: change Leader from null to s1 at term 1 for appendEntries, leader elected after 562ms
2023-03-17 00:26:08,925 INFO  segmented.SegmentedRaftLogWorker (SegmentedRaftLogWorker.java:execute(630)) - s1@group-6E994AD85659-SegmentedRaftLogWorker: created new log segment /home/runner/work/ratis/ratis/ratis-examples/target/test/data/9a3b15da/MiniRaftClusterWithNettyce94e709/s1/a909ca09-e6ce-4d78-8d38-6e994ad85659/current/log_inprogress_0
2023-03-17 00:26:08,933 DEBUG server.RaftServer$Division (RaftServerImpl.java:logAppendEntries(1430)) - s10@group-6E994AD85659: receive appendEntries(s1, 1, null, -1, true, commits:[s1:c-1, s10:c-1, s0:c-1], cId:4890, entries: [(t:1, i:0), CONFIGURATIONENTRY(current:id: "s10"
address: "0.0.0.0:37585"
clientAddress: "0.0.0.0:37585"
adminAddress: "0.0.0.0:37585"
startupRole: FOLLOWER
,id: "s0"
address: "0.0.0.0:43787"
clientAddress: "0.0.0.0:43787"
adminAddress: "0.0.0.0:43787"
startupRole: FOLLOWER
,id: "s1"
address: "0.0.0.0:45531"
clientAddress: "0.0.0.0:45531"
adminAddress: "0.0.0.0:45531"
startupRole: FOLLOWER
, old:)]
2023-03-17 00:26:08,935 DEBUG server.RaftServer$Division (RaftServerImpl.java:logAppendEntries(1430)) - s0@group-6E994AD85659: receive appendEntries(s1, 1, null, -1, true, commits:[s1:c-1, s10:c-1, s0:c-1], cId:4891, entries: [(t:1, i:0), CONFIGURATIONENTRY(current:id: "s10"
address: "0.0.0.0:37585"
clientAddress: "0.0.0.0:37585"
adminAddress: "0.0.0.0:37585"
startupRole: FOLLOWER
,id: "s0"
address: "0.0.0.0:43787"
clientAddress: "0.0.0.0:43787"
adminAddress: "0.0.0.0:43787"
startupRole: FOLLOWER
,id: "s1"
address: "0.0.0.0:45531"
clientAddress: "0.0.0.0:45531"
adminAddress: "0.0.0.0:45531"
startupRole: FOLLOWER
, old:)]
2023-03-17 00:26:08,936 INFO  server.RaftServer$Division (ServerState.java:setRaftConf(378)) - s10@group-6E994AD85659: set configuration 0: peers:[s10|rpc:0.0.0.0:37585|dataStream:|priority:0|startupRole:FOLLOWER, s0|rpc:0.0.0.0:43787|dataStream:|priority:0|startupRole:FOLLOWER, s1|rpc:0.0.0.0:45531|dataStream:|priority:0|startupRole:FOLLOWER]|listeners:[], old=null
2023-03-17 00:26:08,936 INFO  server.RaftServer$Division (ServerState.java:setRaftConf(378)) - s0@group-6E994AD85659: set configuration 0: peers:[s10|rpc:0.0.0.0:37585|dataStream:|priority:0|startupRole:FOLLOWER, s0|rpc:0.0.0.0:43787|dataStream:|priority:0|startupRole:FOLLOWER, s1|rpc:0.0.0.0:45531|dataStream:|priority:0|startupRole:FOLLOWER]|listeners:[], old=null
2023-03-17 00:26:08,936 INFO  segmented.SegmentedRaftLogWorker (SegmentedRaftLogWorker.java:startLogSegment(426)) - s0@group-6E994AD85659-SegmentedRaftLogWorker: Starting segment from index:0
2023-03-17 00:26:08,936 INFO  segmented.SegmentedRaftLogWorker (SegmentedRaftLogWorker.java:startLogSegment(426)) - s10@group-6E994AD85659-SegmentedRaftLogWorker: Starting segment from index:0
2023-03-17 00:26:08,953 INFO  segmented.SegmentedRaftLogWorker (SegmentedRaftLogWorker.java:execute(630)) - s0@group-6E994AD85659-SegmentedRaftLogWorker: created new log segment /home/runner/work/ratis/ratis/ratis-examples/target/test/data/9a3b15da/MiniRaftClusterWithNettyce94e709/s0/a909ca09-e6ce-4d78-8d38-6e994ad85659/current/log_inprogress_0
2023-03-17 00:26:08,953 DEBUG server.RaftServer$Division (RaftServerImpl.java:logAppendEntries(1430)) - s0@group-6E994AD85659: succeeded to handle AppendEntries. Reply: s1<-s0#4891:OK-t1,SUCCESS,nextIndex=1,followerCommit=-1,matchIndex=0
2023-03-17 00:26:08,954 INFO  segmented.SegmentedRaftLogWorker (SegmentedRaftLogWorker.java:execute(630)) - s10@group-6E994AD85659-SegmentedRaftLogWorker: created new log segment /home/runner/work/ratis/ratis/ratis-examples/target/test/data/9a3b15da/MiniRaftClusterWithNettyce94e709/s10/a909ca09-e6ce-4d78-8d38-6e994ad85659/current/log_inprogress_0
2023-03-17 00:26:08,955 DEBUG server.RaftServer$Division (RaftServerImpl.java:logAppendEntries(1430)) - s10@group-6E994AD85659: succeeded to handle AppendEntries. Reply: s1<-s10#4890:OK-t1,SUCCESS,nextIndex=1,followerCommit=-1,matchIndex=0
2023-03-17 00:26:09,417 INFO  ratis.RaftTestUtil (RaftTestUtil.java:waitForLeader(119)) - printing group-6E994AD85659
  s10:  RUNNING [
   FOLLOWER s10@group-6E994AD85659:t1, leader=s1, voted=s1, raftlog=Memoized:s10@group-6E994AD85659-SegmentedRaftLog:OPENED:c0, conf=0: peers:[s10|rpc:0.0.0.0:37585|dataStream:|priority:0|startupRole:FOLLOWER, s0|rpc:0.0.0.0:43787|dataStream:|priority:0|startupRole:FOLLOWER, s1|rpc:0.0.0.0:45531|dataStream:|priority:0|startupRole:FOLLOWER]|listeners:[], old=null RUNNING
   FOLLOWER s10@group-38FE90E113AE:t0, leader=null, voted=, raftlog=Memoized:s10@group-38FE90E113AE-SegmentedRaftLog:OPENED:c-1, conf=-1: peers:[]|listeners:[], old=null STARTING] size=2
  s0:  RUNNING [
   FOLLOWER s0@group-6E994AD85659:t1, leader=s1, voted=s1, raftlog=Memoized:s0@group-6E994AD85659-SegmentedRaftLog:OPENED:c0, conf=0: peers:[s10|rpc:0.0.0.0:37585|dataStream:|priority:0|startupRole:FOLLOWER, s0|rpc:0.0.0.0:43787|dataStream:|priority:0|startupRole:FOLLOWER, s1|rpc:0.0.0.0:45531|dataStream:|priority:0|startupRole:FOLLOWER]|listeners:[], old=null RUNNING
   FOLLOWER s0@group-38FE90E113AE:t0, leader=null, voted=, raftlog=Memoized:s0@group-38FE90E113AE-SegmentedRaftLog:OPENED:c-1, conf=-1: peers:[]|listeners:[], old=null STARTING] size=2
  s1:  RUNNING [
     LEADER s1@group-6E994AD85659:t1, leader=s1, voted=s1, raftlog=Memoized:s1@group-6E994AD85659-SegmentedRaftLog:OPENED:c0, conf=0: peers:[s10|rpc:0.0.0.0:37585|dataStream:|priority:0|startupRole:FOLLOWER, s0|rpc:0.0.0.0:43787|dataStream:|priority:0|startupRole:FOLLOWER, s1|rpc:0.0.0.0:45531|dataStream:|priority:0|startupRole:FOLLOWER]|listeners:[], old=null RUNNING
   FOLLOWER s1@group-38FE90E113AE:t0, leader=null, voted=, raftlog=Memoized:s1@group-38FE90E113AE-SegmentedRaftLog:OPENED:c-1, conf=-1: peers:[]|listeners:[], old=null STARTING] size=2
2023-03-17 00:26:09,423 INFO  logging.LoggingHandler (AbstractInternalLogger.java:log(148)) - [id: 0xfb868b71, L:/0.0.0.0:37585] READ: [id: 0xd8ba48f2, L:/10.1.0.17:37585 - R:/10.1.0.17:52088]
2023-03-17 00:26:09,426 INFO  logging.LoggingHandler (AbstractInternalLogger.java:log(148)) - [id: 0xfb868b71, L:/0.0.0.0:37585] READ COMPLETE
2023-03-17 00:26:09,429 DEBUG server.RaftServer$Division (RaftServerImpl.java:submitClientRequestAsync(835)) - s10@group-6E994AD85659: receive client request(RaftClientRequest:client-2337B1250970->s10@group-6E994AD85659, cid=4904, seq=0, RW, Message:01016102400800000000...(size=12))
2023-03-17 00:26:09,542 INFO  logging.LoggingHandler (AbstractInternalLogger.java:log(148)) - [id: 0xbdd8d28e, L:/0.0.0.0:45531] READ: [id: 0xc19dfa7f, L:/10.1.0.17:45531 - R:/10.1.0.17:34500]
2023-03-17 00:26:09,542 INFO  logging.LoggingHandler (AbstractInternalLogger.java:log(148)) - [id: 0xbdd8d28e, L:/0.0.0.0:45531] READ COMPLETE
2023-03-17 00:26:09,545 DEBUG server.RaftServer$Division (RaftServerImpl.java:submitClientRequestAsync(835)) - s1@group-6E994AD85659: receive client request(RaftClientRequest:client-2337B1250970->s1@group-6E994AD85659, cid=4904, seq=0, RW, Message:01016102400800000000...(size=12))
2023-03-17 00:26:09,546 DEBUG server.RaftServer$Division (LeaderStateImpl.java:addPendingRequest(474)) - s1@group-6E994AD85659-LeaderStateImpl: addPendingRequest at RaftClientRequest:client-2337B1250970->s1@group-6E994AD85659, cid=4904, seq=0, RW, Message:01016102400800000000...(size=12), entry=(t:1, i:1), STATEMACHINELOGENTRY, 4904@client-2337B1250970
2023-03-17 00:26:09,547 DEBUG server.RaftServer$Division (RaftServerImpl.java:logAppendEntries(1430)) - s0@group-6E994AD85659: receive appendEntries(s1, 1, (t:1, i:0), 0, true, commits:[s1:c0, s10:c0, s0:c0], cId:4905, entries: [(t:1, i:1), STATEMACHINELOGENTRY, 4904@client-2337B1250970]
2023-03-17 00:26:09,548 DEBUG server.RaftServer$Division (RaftServerImpl.java:logAppendEntries(1430)) - s0@group-6E994AD85659: succeeded to handle AppendEntries. Reply: s1<-s0#4905:OK-t1,SUCCESS,nextIndex=2,followerCommit=0,matchIndex=1
2023-03-17 00:26:09,550 INFO  statemachine.StateMachine (ArithmeticStateMachine.java:applyTransaction(182)) - LEADER:s1-1: a = 3 = 3
2023-03-17 00:26:09,551 DEBUG server.RaftServer$Division (RaftServerImpl.java:logAppendEntries(1430)) - s0@group-6E994AD85659: receive appendEntries(s1, 1, (t:1, i:1), 1, true, commits:[s1:c1, s10:c0, s0:c0], cId:4907, entries: [(t:1, i:2), METADATAENTRY(c:1)]
2023-03-17 00:26:09,551 DEBUG server.RaftServer$Division (RaftServerImpl.java:logAppendEntries(1430)) - s10@group-6E994AD85659: receive appendEntries(s1, 1, (t:1, i:0), 1, true, commits:[s1:c1, s10:c0, s0:c0], cId:4906, entries: [(t:1, i:1), STATEMACHINELOGENTRY, 4904@client-2337B1250970, (t:1, i:2), METADATAENTRY(c:1)]
2023-03-17 00:26:09,551 DEBUG server.RaftServer$Division (RaftServerImpl.java:logAppendEntries(1430)) - s0@group-6E994AD85659: succeeded to handle AppendEntries. Reply: s1<-s0#4907:OK-t1,SUCCESS,nextIndex=3,followerCommit=1,matchIndex=2
2023-03-17 00:26:09,552 DEBUG server.RaftServer$Division (RaftServerImpl.java:logAppendEntries(1430)) - s10@group-6E994AD85659: succeeded to handle AppendEntries. Reply: s1<-s10#4906:OK-t1,SUCCESS,nextIndex=3,followerCommit=1,matchIndex=2
2023-03-17 00:26:09,558 DEBUG server.RaftServer$Division (RaftServerImpl.java:submitClientRequestAsync(835)) - s1@group-6E994AD85659: receive client request(RaftClientRequest:client-2337B1250970->s1@group-6E994AD85659, cid=4908, seq=0, RW, Message:01016202401000000000...(size=12))
2023-03-17 00:26:09,559 DEBUG server.RaftServer$Division (LeaderStateImpl.java:addPendingRequest(474)) - s1@group-6E994AD85659-LeaderStateImpl: addPendingRequest at RaftClientRequest:client-2337B1250970->s1@group-6E994AD85659, cid=4908, seq=0, RW, Message:01016202401000000000...(size=12), entry=(t:1, i:3), STATEMACHINELOGENTRY, 4908@client-2337B1250970
2023-03-17 00:26:09,560 DEBUG server.RaftServer$Division (RaftServerImpl.java:logAppendEntries(1430)) - s10@group-6E994AD85659: receive appendEntries(s1, 1, (t:1, i:2), 2, true, commits:[s1:c2, s10:c1, s0:c1], cId:4909, entries: [(t:1, i:3), STATEMACHINELOGENTRY, 4908@client-2337B1250970]
2023-03-17 00:26:09,560 DEBUG server.RaftServer$Division (RaftServerImpl.java:logAppendEntries(1430)) - s0@group-6E994AD85659: receive appendEntries(s1, 1, (t:1, i:2), 2, true, commits:[s1:c2, s10:c1, s0:c1], cId:4910, entries: [(t:1, i:3), STATEMACHINELOGENTRY, 4908@client-2337B1250970]
2023-03-17 00:26:09,560 DEBUG server.RaftServer$Division (RaftServerImpl.java:logAppendEntries(1430)) - s10@group-6E994AD85659: succeeded to handle AppendEntries. Reply: s1<-s10#4909:OK-t1,SUCCESS,nextIndex=4,followerCommit=2,matchIndex=3
2023-03-17 00:26:09,561 DEBUG server.RaftServer$Division (RaftServerImpl.java:logAppendEntries(1430)) - s0@group-6E994AD85659: succeeded to handle AppendEntries. Reply: s1<-s0#4910:OK-t1,SUCCESS,nextIndex=4,followerCommit=2,matchIndex=3
2023-03-17 00:26:09,561 INFO  statemachine.StateMachine (ArithmeticStateMachine.java:applyTransaction(182)) - LEADER:s1-3: b = 4 = 4
2023-03-17 00:26:09,562 DEBUG server.RaftServer$Division (RaftServerImpl.java:logAppendEntries(1430)) - s0@group-6E994AD85659: receive appendEntries(s1, 1, (t:1, i:3), 3, true, commits:[s1:c3, s10:c2, s0:c2], cId:4911, entries: [(t:1, i:4), METADATAENTRY(c:3)]
2023-03-17 00:26:09,562 DEBUG server.RaftServer$Division (RaftServerImpl.java:logAppendEntries(1430)) - s10@group-6E994AD85659: receive appendEntries(s1, 1, (t:1, i:3), 3, true, commits:[s1:c3, s10:c2, s0:c2], cId:4912, entries: [(t:1, i:4), METADATAENTRY(c:3)]
2023-03-17 00:26:09,563 DEBUG server.RaftServer$Division (RaftServerImpl.java:logAppendEntries(1430)) - s0@group-6E994AD85659: succeeded to handle AppendEntries. Reply: s1<-s0#4911:OK-t1,SUCCESS,nextIndex=5,followerCommit=3,matchIndex=4
2023-03-17 00:26:09,563 DEBUG server.RaftServer$Division (RaftServerImpl.java:logAppendEntries(1430)) - s10@group-6E994AD85659: succeeded to handle AppendEntries. Reply: s1<-s10#4912:OK-t1,SUCCESS,nextIndex=5,followerCommit=3,matchIndex=4
2023-03-17 00:26:09,570 DEBUG server.RaftServer$Division (RaftServerImpl.java:submitClientRequestAsync(835)) - s1@group-6E994AD85659: receive client request(RaftClientRequest:client-2337B1250970->s1@group-6E994AD85659, cid=4913, seq=0, RW, Message:01016304010300040201...(size=17))
2023-03-17 00:26:09,570 DEBUG server.RaftServer$Division (LeaderStateImpl.java:addPendingRequest(474)) - s1@group-6E994AD85659-LeaderStateImpl: addPendingRequest at RaftClientRequest:client-2337B1250970->s1@group-6E994AD85659, cid=4913, seq=0, RW, Message:01016304010300040201...(size=17), entry=(t:1, i:5), STATEMACHINELOGENTRY, 4913@client-2337B1250970
2023-03-17 00:26:09,571 DEBUG server.RaftServer$Division (RaftServerImpl.java:logAppendEntries(1430)) - s10@group-6E994AD85659: receive appendEntries(s1, 1, (t:1, i:4), 4, true, commits:[s1:c4, s10:c3, s0:c3], cId:4914, entries: [(t:1, i:5), STATEMACHINELOGENTRY, 4913@client-2337B1250970]
2023-03-17 00:26:09,571 DEBUG server.RaftServer$Division (RaftServerImpl.java:logAppendEntries(1430)) - s0@group-6E994AD85659: receive appendEntries(s1, 1, (t:1, i:4), 4, true, commits:[s1:c4, s10:c3, s0:c3], cId:4915, entries: [(t:1, i:5), STATEMACHINELOGENTRY, 4913@client-2337B1250970]
2023-03-17 00:26:09,572 DEBUG server.RaftServer$Division (RaftServerImpl.java:logAppendEntries(1430)) - s0@group-6E994AD85659: succeeded to handle AppendEntries. Reply: s1<-s0#4915:OK-t1,SUCCESS,nextIndex=6,followerCommit=4,matchIndex=5
2023-03-17 00:26:09,572 DEBUG server.RaftServer$Division (RaftServerImpl.java:logAppendEntries(1430)) - s10@group-6E994AD85659: succeeded to handle AppendEntries. Reply: s1<-s10#4914:OK-t1,SUCCESS,nextIndex=6,followerCommit=4,matchIndex=5
2023-03-17 00:26:09,573 INFO  statemachine.StateMachine (ArithmeticStateMachine.java:applyTransaction(182)) - LEADER:s1-5: c = √(a^2 + b^2) = 5
2023-03-17 00:26:09,574 DEBUG server.RaftServer$Division (RaftServerImpl.java:logAppendEntries(1430)) - s0@group-6E994AD85659: receive appendEntries(s1, 1, (t:1, i:5), 5, true, commits:[s1:c5, s10:c4, s0:c4], cId:4916, entries: [(t:1, i:6), METADATAENTRY(c:5)]
2023-03-17 00:26:09,574 DEBUG server.RaftServer$Division (RaftServerImpl.java:logAppendEntries(1430)) - s10@group-6E994AD85659: receive appendEntries(s1, 1, (t:1, i:5), 5, true, commits:[s1:c5, s10:c4, s0:c4], cId:4917, entries: [(t:1, i:6), METADATAENTRY(c:5)]
2023-03-17 00:26:09,575 DEBUG server.RaftServer$Division (RaftServerImpl.java:submitClientRequestAsync(835)) - s1@group-6E994AD85659: receive client request(RaftClientRequest:client-2337B1250970->s1@group-6E994AD85659, cid=4918, seq=0, RW, Message:01016100)
2023-03-17 00:26:09,575 DEBUG server.RaftServer$Division (LeaderStateImpl.java:addPendingRequest(474)) - s1@group-6E994AD85659-LeaderStateImpl: addPendingRequest at RaftClientRequest:client-2337B1250970->s1@group-6E994AD85659, cid=4918, seq=0, RW, Message:01016100, entry=(t:1, i:7), STATEMACHINELOGENTRY, 4918@client-2337B1250970
2023-03-17 00:26:09,576 DEBUG server.RaftServer$Division (RaftServerImpl.java:logAppendEntries(1430)) - s10@group-6E994AD85659: succeeded to handle AppendEntries. Reply: s1<-s10#4917:OK-t1,SUCCESS,nextIndex=7,followerCommit=5,matchIndex=6
2023-03-17 00:26:09,576 DEBUG server.RaftServer$Division (RaftServerImpl.java:logAppendEntries(1430)) - s0@group-6E994AD85659: succeeded to handle AppendEntries. Reply: s1<-s0#4916:OK-t1,SUCCESS,nextIndex=7,followerCommit=5,matchIndex=6
2023-03-17 00:26:09,577 DEBUG server.RaftServer$Division (RaftServerImpl.java:logAppendEntries(1430)) - s10@group-6E994AD85659: receive appendEntries(s1, 1, (t:1, i:6), 6, true, commits:[s1:c6, s10:c5, s0:c4], cId:4919, entries: [(t:1, i:7), STATEMACHINELOGENTRY, 4918@client-2337B1250970]
2023-03-17 00:26:09,578 DEBUG server.RaftServer$Division (RaftServerImpl.java:logAppendEntries(1430)) - s0@group-6E994AD85659: receive appendEntries(s1, 1, (t:1, i:6), 6, true, commits:[s1:c6, s10:c5, s0:c5], cId:4920, entries: [(t:1, i:7), STATEMACHINELOGENTRY, 4918@client-2337B1250970]
2023-03-17 00:26:09,578 DEBUG server.RaftServer$Division (RaftServerImpl.java:logAppendEntries(1430)) - s10@group-6E994AD85659: succeeded to handle AppendEntries. Reply: s1<-s10#4919:OK-t1,SUCCESS,nextIndex=8,followerCommit=6,matchIndex=7
2023-03-17 00:26:09,579 DEBUG server.RaftServer$Division (RaftServerImpl.java:logAppendEntries(1430)) - s0@group-6E994AD85659: succeeded to handle AppendEntries. Reply: s1<-s0#4920:OK-t1,SUCCESS,nextIndex=8,followerCommit=6,matchIndex=7
2023-03-17 00:26:09,579 INFO  statemachine.StateMachine (ArithmeticStateMachine.java:applyTransaction(182)) - LEADER:s1-7: a = null = null
2023-03-17 00:26:09,580 DEBUG server.RaftServer$Division (RaftServerImpl.java:logAppendEntries(1430)) - s0@group-6E994AD85659: receive appendEntries(s1, 1, (t:1, i:7), 7, true, commits:[s1:c7, s10:c6, s0:c6], cId:4921, entries: [(t:1, i:8), METADATAENTRY(c:7)]
2023-03-17 00:26:09,580 DEBUG server.RaftServer$Division (RaftServerImpl.java:logAppendEntries(1430)) - s10@group-6E994AD85659: receive appendEntries(s1, 1, (t:1, i:7), 7, true, commits:[s1:c7, s10:c6, s0:c6], cId:4922, entries: [(t:1, i:8), METADATAENTRY(c:7)]
2023-03-17 00:26:09,581 DEBUG server.RaftServer$Division (RaftServerImpl.java:logAppendEntries(1430)) - s0@group-6E994AD85659: succeeded to handle AppendEntries. Reply: s1<-s0#4921:OK-t1,SUCCESS,nextIndex=9,followerCommit=7,matchIndex=8
2023-03-17 00:26:09,582 DEBUG server.RaftServer$Division (RaftServerImpl.java:submitClientRequestAsync(835)) - s1@group-6E994AD85659: receive client request(RaftClientRequest:client-2337B1250970->s1@group-6E994AD85659, cid=4923, seq=0, RW, Message:01016200)
2023-03-17 00:26:09,582 DEBUG server.RaftServer$Division (LeaderStateImpl.java:addPendingRequest(474)) - s1@group-6E994AD85659-LeaderStateImpl: addPendingRequest at RaftClientRequest:client-2337B1250970->s1@group-6E994AD85659, cid=4923, seq=0, RW, Message:01016200, entry=(t:1, i:9), STATEMACHINELOGENTRY, 4923@client-2337B1250970
2023-03-17 00:26:09,583 DEBUG server.RaftServer$Division (RaftServerImpl.java:logAppendEntries(1430)) - s10@group-6E994AD85659: succeeded to handle AppendEntries. Reply: s1<-s10#4922:OK-t1,SUCCESS,nextIndex=9,followerCommit=7,matchIndex=8
2023-03-17 00:26:09,584 DEBUG server.RaftServer$Division (RaftServerImpl.java:logAppendEntries(1430)) - s0@group-6E994AD85659: receive appendEntries(s1, 1, (t:1, i:8), 8, true, commits:[s1:c8, s10:c6, s0:c7], cId:4924, entries: [(t:1, i:9), STATEMACHINELOGENTRY, 4923@client-2337B1250970]
2023-03-17 00:26:09,584 DEBUG server.RaftServer$Division (RaftServerImpl.java:logAppendEntries(1430)) - s0@group-6E994AD85659: succeeded to handle AppendEntries. Reply: s1<-s0#4924:OK-t1,SUCCESS,nextIndex=10,followerCommit=8,matchIndex=9
2023-03-17 00:26:09,585 INFO  statemachine.StateMachine (ArithmeticStateMachine.java:applyTransaction(182)) - LEADER:s1-9: b = null = null
2023-03-17 00:26:09,586 DEBUG server.RaftServer$Division (RaftServerImpl.java:logAppendEntries(1430)) - s0@group-6E994AD85659: receive appendEntries(s1, 1, (t:1, i:9), 9, true, commits:[s1:c9, s10:c7, s0:c8], cId:4926, entries: [(t:1, i:10), METADATAENTRY(c:9)]
2023-03-17 00:26:09,586 DEBUG server.RaftServer$Division (RaftServerImpl.java:logAppendEntries(1430)) - s10@group-6E994AD85659: receive appendEntries(s1, 1, (t:1, i:8), 8, true, commits:[s1:c8, s10:c7, s0:c7], cId:4925, entries: [(t:1, i:9), STATEMACHINELOGENTRY, 4923@client-2337B1250970]
2023-03-17 00:26:09,587 DEBUG server.RaftServer$Division (RaftServerImpl.java:logAppendEntries(1430)) - s0@group-6E994AD85659: succeeded to handle AppendEntries. Reply: s1<-s0#4926:OK-t1,SUCCESS,nextIndex=11,followerCommit=9,matchIndex=10
2023-03-17 00:26:09,587 DEBUG server.RaftServer$Division (RaftServerImpl.java:logAppendEntries(1430)) - s10@group-6E994AD85659: succeeded to handle AppendEntries. Reply: s1<-s10#4925:OK-t1,SUCCESS,nextIndex=10,followerCommit=8,matchIndex=9
2023-03-17 00:26:09,588 DEBUG server.RaftServer$Division (RaftServerImpl.java:submitClientRequestAsync(835)) - s1@group-6E994AD85659: receive client request(RaftClientRequest:client-2337B1250970->s1@group-6E994AD85659, cid=4927, seq=0, RW, Message:01016300)
2023-03-17 00:26:09,588 DEBUG server.RaftServer$Division (LeaderStateImpl.java:addPendingRequest(474)) - s1@group-6E994AD85659-LeaderStateImpl: addPendingRequest at RaftClientRequest:client-2337B1250970->s1@group-6E994AD85659, cid=4927, seq=0, RW, Message:01016300, entry=(t:1, i:11), STATEMACHINELOGENTRY, 4927@client-2337B1250970
2023-03-17 00:26:09,589 DEBUG server.RaftServer$Division (RaftServerImpl.java:logAppendEntries(1430)) - s0@group-6E994AD85659: receive appendEntries(s1, 1, (t:1, i:10), 10, true, commits:[s1:c10, s10:c8, s0:c9], cId:4929, entries: [(t:1, i:11), STATEMACHINELOGENTRY, 4927@client-2337B1250970]
2023-03-17 00:26:09,589 DEBUG server.RaftServer$Division (RaftServerImpl.java:logAppendEntries(1430)) - s10@group-6E994AD85659: receive appendEntries(s1, 1, (t:1, i:9), 10, true, commits:[s1:c10, s10:c8, s0:c9], cId:4928, entries: [(t:1, i:10), METADATAENTRY(c:9)]
2023-03-17 00:26:09,589 DEBUG server.RaftServer$Division (RaftServerImpl.java:logAppendEntries(1430)) - s0@group-6E994AD85659: succeeded to handle AppendEntries. Reply: s1<-s0#4929:OK-t1,SUCCESS,nextIndex=12,followerCommit=10,matchIndex=11
2023-03-17 00:26:09,590 DEBUG server.RaftServer$Division (RaftServerImpl.java:logAppendEntries(1430)) - s10@group-6E994AD85659: succeeded to handle AppendEntries. Reply: s1<-s10#4928:OK-t1,SUCCESS,nextIndex=11,followerCommit=10,matchIndex=10
2023-03-17 00:26:09,590 INFO  statemachine.StateMachine (ArithmeticStateMachine.java:applyTransaction(182)) - LEADER:s1-11: c = null = null
2023-03-17 00:26:09,591 DEBUG server.RaftServer$Division (RaftServerImpl.java:logAppendEntries(1430)) - s0@group-6E994AD85659: receive appendEntries(s1, 1, (t:1, i:11), 11, true, commits:[s1:c11, s10:c8, s0:c10], cId:4930, entries: [(t:1, i:12), METADATAENTRY(c:11)]
2023-03-17 00:26:09,592 DEBUG server.RaftServer$Division (RaftServerImpl.java:logAppendEntries(1430)) - s0@group-6E994AD85659: succeeded to handle AppendEntries. Reply: s1<-s0#4930:OK-t1,SUCCESS,nextIndex=13,followerCommit=11,matchIndex=12
2023-03-17 00:26:09,592 DEBUG server.RaftServer$Division (RaftServerImpl.java:logAppendEntries(1430)) - s10@group-6E994AD85659: receive appendEntries(s1, 1, (t:1, i:10), 11, true, commits:[s1:c11, s10:c10, s0:c10], cId:4931, entries: [(t:1, i:11), STATEMACHINELOGENTRY, 4927@client-2337B1250970, (t:1, i:12), METADATAENTRY(c:11)]
2023-03-17 00:26:09,593 DEBUG server.RaftServer$Division (RaftServerImpl.java:logAppendEntries(1430)) - s10@group-6E994AD85659: succeeded to handle AppendEntries. Reply: s1<-s10#4931:OK-t1,SUCCESS,nextIndex=13,followerCommit=11,matchIndex=12
2023-03-17 00:26:09,593 DEBUG server.RaftServer$Division (RaftServerImpl.java:submitClientRequestAsync(835)) - s1@group-6E994AD85659: receive client request(RaftClientRequest:client-2337B1250970->s1@group-6E994AD85659, cid=4932, seq=0, RW, Message:01016102401400000000...(size=12))
2023-03-17 00:26:09,593 DEBUG server.RaftServer$Division (LeaderStateImpl.java:addPendingRequest(474)) - s1@group-6E994AD85659-LeaderStateImpl: addPendingRequest at RaftClientRequest:client-2337B1250970->s1@group-6E994AD85659, cid=4932, seq=0, RW, Message:01016102401400000000...(size=12), entry=(t:1, i:13), STATEMACHINELOGENTRY, 4932@client-2337B1250970
2023-03-17 00:26:09,594 DEBUG server.RaftServer$Division (RaftServerImpl.java:logAppendEntries(1430)) - s0@group-6E994AD85659: receive appendEntries(s1, 1, (t:1, i:12), 12, true, commits:[s1:c12, s10:c10, s0:c11], cId:4933, entries: [(t:1, i:13), STATEMACHINELOGENTRY, 4932@client-2337B1250970]
2023-03-17 00:26:09,595 DEBUG server.RaftServer$Division (RaftServerImpl.java:logAppendEntries(1430)) - s0@group-6E994AD85659: succeeded to handle AppendEntries. Reply: s1<-s0#4933:OK-t1,SUCCESS,nextIndex=14,followerCommit=12,matchIndex=13
2023-03-17 00:26:09,596 DEBUG server.RaftServer$Division (RaftServerImpl.java:logAppendEntries(1430)) - s10@group-6E994AD85659: receive appendEntries(s1, 1, (t:1, i:12), 12, true, commits:[s1:c12, s10:c11, s0:c11], cId:4934, entries: [(t:1, i:13), STATEMACHINELOGENTRY, 4932@client-2337B1250970]
2023-03-17 00:26:09,596 INFO  statemachine.StateMachine (ArithmeticStateMachine.java:applyTransaction(182)) - LEADER:s1-13: a = 5 = 5
2023-03-17 00:26:09,596 DEBUG server.RaftServer$Division (RaftServerImpl.java:logAppendEntries(1430)) - s10@group-6E994AD85659: succeeded to handle AppendEntries. Reply: s1<-s10#4934:OK-t1,SUCCESS,nextIndex=14,followerCommit=12,matchIndex=13
2023-03-17 00:26:09,598 DEBUG server.RaftServer$Division (RaftServerImpl.java:logAppendEntries(1430)) - s0@group-6E994AD85659: receive appendEntries(s1, 1, (t:1, i:13), 13, true, commits:[s1:c13, s10:c11, s0:c12], cId:4935, entries: [(t:1, i:14), METADATAENTRY(c:13)]
2023-03-17 00:26:09,598 DEBUG server.RaftServer$Division (RaftServerImpl.java:submitClientRequestAsync(835)) - s1@group-6E994AD85659: receive client request(RaftClientRequest:client-2337B1250970->s1@group-6E994AD85659, cid=4936, seq=0, RW, Message:01016202402800000000...(size=12))
2023-03-17 00:26:09,598 DEBUG server.RaftServer$Division (LeaderStateImpl.java:addPendingRequest(474)) - s1@group-6E994AD85659-LeaderStateImpl: addPendingRequest at RaftClientRequest:client-2337B1250970->s1@group-6E994AD85659, cid=4936, seq=0, RW, Message:01016202402800000000...(size=12), entry=(t:1, i:15), STATEMACHINELOGENTRY, 4936@client-2337B1250970
2023-03-17 00:26:09,598 DEBUG server.RaftServer$Division (RaftServerImpl.java:logAppendEntries(1430)) - s0@group-6E994AD85659: succeeded to handle AppendEntries. Reply: s1<-s0#4935:OK-t1,SUCCESS,nextIndex=15,followerCommit=13,matchIndex=14
2023-03-17 00:26:09,599 DEBUG server.RaftServer$Division (RaftServerImpl.java:logAppendEntries(1430)) - s10@group-6E994AD85659: receive appendEntries(s1, 1, (t:1, i:13), 13, true, commits:[s1:c13, s10:c12, s0:c12], cId:4937, entries: [(t:1, i:14), METADATAENTRY(c:13)]
2023-03-17 00:26:09,599 DEBUG server.RaftServer$Division (RaftServerImpl.java:logAppendEntries(1430)) - s10@group-6E994AD85659: succeeded to handle AppendEntries. Reply: s1<-s10#4937:OK-t1,SUCCESS,nextIndex=15,followerCommit=13,matchIndex=14
2023-03-17 00:26:09,600 DEBUG server.RaftServer$Division (RaftServerImpl.java:logAppendEntries(1430)) - s0@group-6E994AD85659: receive appendEntries(s1, 1, (t:1, i:14), 13, true, commits:[s1:c13, s10:c12, s0:c13], cId:4938, entries: [(t:1, i:15), STATEMACHINELOGENTRY, 4936@client-2337B1250970]
2023-03-17 00:26:09,600 DEBUG server.RaftServer$Division (RaftServerImpl.java:logAppendEntries(1430)) - s0@group-6E994AD85659: succeeded to handle AppendEntries. Reply: s1<-s0#4938:OK-t1,SUCCESS,nextIndex=16,followerCommit=13,matchIndex=15
2023-03-17 00:26:09,601 DEBUG server.RaftServer$Division (RaftServerImpl.java:logAppendEntries(1430)) - s10@group-6E994AD85659: receive appendEntries(s1, 1, (t:1, i:14), 14, true, commits:[s1:c14, s10:c13, s0:c13], cId:4939, entries: [(t:1, i:15), STATEMACHINELOGENTRY, 4936@client-2337B1250970]
2023-03-17 00:26:09,601 INFO  statemachine.StateMachine (ArithmeticStateMachine.java:applyTransaction(182)) - LEADER:s1-15: b = 12 = 12
2023-03-17 00:26:09,602 DEBUG server.RaftServer$Division (RaftServerImpl.java:logAppendEntries(1430)) - s10@group-6E994AD85659: succeeded to handle AppendEntries. Reply: s1<-s10#4939:OK-t1,SUCCESS,nextIndex=16,followerCommit=14,matchIndex=15
2023-03-17 00:26:09,603 DEBUG server.RaftServer$Division (RaftServerImpl.java:submitClientRequestAsync(835)) - s1@group-6E994AD85659: receive client request(RaftClientRequest:client-2337B1250970->s1@group-6E994AD85659, cid=4941, seq=0, RW, Message:01016304010300040201...(size=17))
2023-03-17 00:26:09,603 DEBUG server.RaftServer$Division (RaftServerImpl.java:logAppendEntries(1430)) - s0@group-6E994AD85659: receive appendEntries(s1, 1, (t:1, i:15), 15, true, commits:[s1:c15, s10:c13, s0:c13], cId:4940, entries: [(t:1, i:16), METADATAENTRY(c:15)]
2023-03-17 00:26:09,603 DEBUG server.RaftServer$Division (LeaderStateImpl.java:addPendingRequest(474)) - s1@group-6E994AD85659-LeaderStateImpl: addPendingRequest at RaftClientRequest:client-2337B1250970->s1@group-6E994AD85659, cid=4941, seq=0, RW, Message:01016304010300040201...(size=17), entry=(t:1, i:17), STATEMACHINELOGENTRY, 4941@client-2337B1250970
2023-03-17 00:26:09,604 DEBUG server.RaftServer$Division (RaftServerImpl.java:logAppendEntries(1430)) - s0@group-6E994AD85659: succeeded to handle AppendEntries. Reply: s1<-s0#4940:OK-t1,SUCCESS,nextIndex=17,followerCommit=15,matchIndex=16
2023-03-17 00:26:09,604 DEBUG server.RaftServer$Division (RaftServerImpl.java:logAppendEntries(1430)) - s10@group-6E994AD85659: receive appendEntries(s1, 1, (t:1, i:15), 15, true, commits:[s1:c15, s10:c14, s0:c13], cId:4942, entries: [(t:1, i:16), METADATAENTRY(c:15)]
2023-03-17 00:26:09,605 DEBUG server.RaftServer$Division (RaftServerImpl.java:logAppendEntries(1430)) - s0@group-6E994AD85659: receive appendEntries(s1, 1, (t:1, i:16), 15, true, commits:[s1:c15, s10:c14, s0:c15], cId:4943, entries: [(t:1, i:17), STATEMACHINELOGENTRY, 4941@client-2337B1250970]
2023-03-17 00:26:09,606 DEBUG server.RaftServer$Division (RaftServerImpl.java:logAppendEntries(1430)) - s10@group-6E994AD85659: succeeded to handle AppendEntries. Reply: s1<-s10#4942:OK-t1,SUCCESS,nextIndex=17,followerCommit=15,matchIndex=16
2023-03-17 00:26:09,606 DEBUG server.RaftServer$Division (RaftServerImpl.java:logAppendEntries(1430)) - s0@group-6E994AD85659: succeeded to handle AppendEntries. Reply: s1<-s0#4943:OK-t1,SUCCESS,nextIndex=18,followerCommit=15,matchIndex=17
2023-03-17 00:26:09,606 INFO  statemachine.StateMachine (ArithmeticStateMachine.java:applyTransaction(182)) - LEADER:s1-17: c = √(a^2 + b^2) = 13
2023-03-17 00:26:09,608 DEBUG server.RaftServer$Division (RaftServerImpl.java:logAppendEntries(1430)) - s10@group-6E994AD85659: receive appendEntries(s1, 1, (t:1, i:16), 17, true, commits:[s1:c17, s10:c15, s0:c15], cId:4944, entries: [(t:1, i:17), STATEMACHINELOGENTRY, 4941@client-2337B1250970, (t:1, i:18), METADATAENTRY(c:17)]
2023-03-17 00:26:09,609 DEBUG server.RaftServer$Division (RaftServerImpl.java:logAppendEntries(1430)) - s0@group-6E994AD85659: receive appendEntries(s1, 1, (t:1, i:17), 17, true, commits:[s1:c17, s10:c15, s0:c15], cId:4945, entries: [(t:1, i:18), METADATAENTRY(c:17)]
2023-03-17 00:26:09,608 DEBUG server.RaftServer$Division (RaftServerImpl.java:submitClientRequestAsync(835)) - s1@group-6E994AD85659: receive client request(RaftClientRequest:client-2337B1250970->s1@group-6E994AD85659, cid=4946, seq=0, RW, Message:01016100)
2023-03-17 00:26:09,610 DEBUG server.RaftServer$Division (RaftServerImpl.java:logAppendEntries(1430)) - s0@group-6E994AD85659: succeeded to handle AppendEntries. Reply: s1<-s0#4945:OK-t1,SUCCESS,nextIndex=19,followerCommit=17,matchIndex=18
2023-03-17 00:26:09,610 DEBUG server.RaftServer$Division (LeaderStateImpl.java:addPendingRequest(474)) - s1@group-6E994AD85659-LeaderStateImpl: addPendingRequest at RaftClientRequest:client-2337B1250970->s1@group-6E994AD85659, cid=4946, seq=0, RW, Message:01016100, entry=(t:1, i:19), STATEMACHINELOGENTRY, 4946@client-2337B1250970
2023-03-17 00:26:09,611 DEBUG server.RaftServer$Division (RaftServerImpl.java:logAppendEntries(1430)) - s10@group-6E994AD85659: succeeded to handle AppendEntries. Reply: s1<-s10#4944:OK-t1,SUCCESS,nextIndex=19,followerCommit=17,matchIndex=18
2023-03-17 00:26:09,611 DEBUG server.RaftServer$Division (RaftServerImpl.java:logAppendEntries(1430)) - s0@group-6E994AD85659: receive appendEntries(s1, 1, (t:1, i:18), 17, true, commits:[s1:c17, s10:c15, s0:c17], cId:4947, entries: [(t:1, i:19), STATEMACHINELOGENTRY, 4946@client-2337B1250970]
2023-03-17 00:26:09,612 DEBUG server.RaftServer$Division (RaftServerImpl.java:logAppendEntries(1430)) - s0@group-6E994AD85659: succeeded to handle AppendEntries. Reply: s1<-s0#4947:OK-t1,SUCCESS,nextIndex=20,followerCommit=17,matchIndex=19
2023-03-17 00:26:09,612 DEBUG server.RaftServer$Division (RaftServerImpl.java:logAppendEntries(1430)) - s10@group-6E994AD85659: receive appendEntries(s1, 1, (t:1, i:18), 18, true, commits:[s1:c18, s10:c17, s0:c17], cId:4948, entries: [(t:1, i:19), STATEMACHINELOGENTRY, 4946@client-2337B1250970]
2023-03-17 00:26:09,613 INFO  statemachine.StateMachine (ArithmeticStateMachine.java:applyTransaction(182)) - LEADER:s1-19: a = null = null
2023-03-17 00:26:09,614 DEBUG server.RaftServer$Division (RaftServerImpl.java:logAppendEntries(1430)) - s10@group-6E994AD85659: succeeded to handle AppendEntries. Reply: s1<-s10#4948:OK-t1,SUCCESS,nextIndex=20,followerCommit=18,matchIndex=19
2023-03-17 00:26:09,615 DEBUG server.RaftServer$Division (RaftServerImpl.java:logAppendEntries(1430)) - s0@group-6E994AD85659: receive appendEntries(s1, 1, (t:1, i:19), 19, true, commits:[s1:c19, s10:c17, s0:c17], cId:4949, entries: [(t:1, i:20), METADATAENTRY(c:19)]
2023-03-17 00:26:09,615 DEBUG server.RaftServer$Division (RaftServerImpl.java:submitClientRequestAsync(835)) - s1@group-6E994AD85659: receive client request(RaftClientRequest:client-2337B1250970->s1@group-6E994AD85659, cid=4950, seq=0, RW, Message:01016200)
2023-03-17 00:26:09,615 DEBUG server.RaftServer$Division (LeaderStateImpl.java:addPendingRequest(474)) - s1@group-6E994AD85659-LeaderStateImpl: addPendingRequest at RaftClientRequest:client-2337B1250970->s1@group-6E994AD85659, cid=4950, seq=0, RW, Message:01016200, entry=(t:1, i:21), STATEMACHINELOGENTRY, 4950@client-2337B1250970
2023-03-17 00:26:09,615 DEBUG server.RaftServer$Division (RaftServerImpl.java:logAppendEntries(1430)) - s0@group-6E994AD85659: succeeded to handle AppendEntries. Reply: s1<-s0#4949:OK-t1,SUCCESS,nextIndex=21,followerCommit=19,matchIndex=20
2023-03-17 00:26:09,616 DEBUG server.RaftServer$Division (RaftServerImpl.java:logAppendEntries(1430)) - s10@group-6E994AD85659: receive appendEntries(s1, 1, (t:1, i:19), 19, true, commits:[s1:c19, s10:c18, s0:c17], cId:4951, entries: [(t:1, i:20), METADATAENTRY(c:19)]
2023-03-17 00:26:09,617 DEBUG server.RaftServer$Division (RaftServerImpl.java:logAppendEntries(1430)) - s0@group-6E994AD85659: receive appendEntries(s1, 1, (t:1, i:20), 19, true, commits:[s1:c19, s10:c18, s0:c19], cId:4952, entries: [(t:1, i:21), STATEMACHINELOGENTRY, 4950@client-2337B1250970]
2023-03-17 00:26:09,620 DEBUG server.RaftServer$Division (RaftServerImpl.java:logAppendEntries(1430)) - s10@group-6E994AD85659: succeeded to handle AppendEntries. Reply: s1<-s10#4951:OK-t1,SUCCESS,nextIndex=21,followerCommit=19,matchIndex=20
2023-03-17 00:26:09,620 DEBUG server.RaftServer$Division (RaftServerImpl.java:logAppendEntries(1430)) - s0@group-6E994AD85659: succeeded to handle AppendEntries. Reply: s1<-s0#4952:OK-t1,SUCCESS,nextIndex=22,followerCommit=19,matchIndex=21
2023-03-17 00:26:09,621 DEBUG server.RaftServer$Division (RaftServerImpl.java:logAppendEntries(1430)) - s10@group-6E994AD85659: receive appendEntries(s1, 1, (t:1, i:20), 20, true, commits:[s1:c20, s10:c19, s0:c19], cId:4953, entries: [(t:1, i:21), STATEMACHINELOGENTRY, 4950@client-2337B1250970]
2023-03-17 00:26:09,621 INFO  statemachine.StateMachine (ArithmeticStateMachine.java:applyTransaction(182)) - LEADER:s1-21: b = null = null
2023-03-17 00:26:09,622 DEBUG server.RaftServer$Division (RaftServerImpl.java:logAppendEntries(1430)) - s10@group-6E994AD85659: succeeded to handle AppendEntries. Reply: s1<-s10#4953:OK-t1,SUCCESS,nextIndex=22,followerCommit=20,matchIndex=21
2023-03-17 00:26:09,623 DEBUG server.RaftServer$Division (RaftServerImpl.java:submitClientRequestAsync(835)) - s1@group-6E994AD85659: receive client request(RaftClientRequest:client-2337B1250970->s1@group-6E994AD85659, cid=4955, seq=0, RW, Message:01016300)
2023-03-17 00:26:09,623 DEBUG server.RaftServer$Division (RaftServerImpl.java:logAppendEntries(1430)) - s0@group-6E994AD85659: receive appendEntries(s1, 1, (t:1, i:21), 21, true, commits:[s1:c21, s10:c19, s0:c19], cId:4954, entries: [(t:1, i:22), METADATAENTRY(c:21)]
2023-03-17 00:26:09,623 DEBUG server.RaftServer$Division (LeaderStateImpl.java:addPendingRequest(474)) - s1@group-6E994AD85659-LeaderStateImpl: addPendingRequest at RaftClientRequest:client-2337B1250970->s1@group-6E994AD85659, cid=4955, seq=0, RW, Message:01016300, entry=(t:1, i:23), STATEMACHINELOGENTRY, 4955@client-2337B1250970
2023-03-17 00:26:09,624 DEBUG server.RaftServer$Division (RaftServerImpl.java:logAppendEntries(1430)) - s0@group-6E994AD85659: succeeded to handle AppendEntries. Reply: s1<-s0#4954:OK-t1,SUCCESS,nextIndex=23,followerCommit=21,matchIndex=22
2023-03-17 00:26:09,624 DEBUG server.RaftServer$Division (RaftServerImpl.java:logAppendEntries(1430)) - s10@group-6E994AD85659: receive appendEntries(s1, 1, (t:1, i:21), 21, true, commits:[s1:c21, s10:c20, s0:c19], cId:4956, entries: [(t:1, i:22), METADATAENTRY(c:21)]
2023-03-17 00:26:09,625 DEBUG server.RaftServer$Division (RaftServerImpl.java:logAppendEntries(1430)) - s10@group-6E994AD85659: succeeded to handle AppendEntries. Reply: s1<-s10#4956:OK-t1,SUCCESS,nextIndex=23,followerCommit=21,matchIndex=22
2023-03-17 00:26:09,625 DEBUG server.RaftServer$Division (RaftServerImpl.java:logAppendEntries(1430)) - s0@group-6E994AD85659: receive appendEntries(s1, 1, (t:1, i:22), 21, true, commits:[s1:c21, s10:c20, s0:c21], cId:4957, entries: [(t:1, i:23), STATEMACHINELOGENTRY, 4955@client-2337B1250970]
2023-03-17 00:26:09,626 DEBUG server.RaftServer$Division (RaftServerImpl.java:logAppendEntries(1430)) - s0@group-6E994AD85659: succeeded to handle AppendEntries. Reply: s1<-s0#4957:OK-t1,SUCCESS,nextIndex=24,followerCommit=21,matchIndex=23
2023-03-17 00:26:09,627 INFO  statemachine.StateMachine (ArithmeticStateMachine.java:applyTransaction(182)) - LEADER:s1-23: c = null = null
2023-03-17 00:26:09,628 DEBUG server.RaftServer$Division (RaftServerImpl.java:logAppendEntries(1430)) - s10@group-6E994AD85659: receive appendEntries(s1, 1, (t:1, i:22), 22, true, commits:[s1:c22, s10:c21, s0:c21], cId:4958, entries: [(t:1, i:23), STATEMACHINELOGENTRY, 4955@client-2337B1250970]
2023-03-17 00:26:09,628 DEBUG server.RaftServer$Division (RaftServerImpl.java:logAppendEntries(1430)) - s10@group-6E994AD85659: succeeded to handle AppendEntries. Reply: s1<-s10#4958:OK-t1,SUCCESS,nextIndex=24,followerCommit=22,matchIndex=23
2023-03-17 00:26:09,629 DEBUG server.RaftServer$Division (RaftServerImpl.java:submitClientRequestAsync(835)) - s1@group-6E994AD85659: receive client request(RaftClientRequest:client-2337B1250970->s1@group-6E994AD85659, cid=4960, seq=0, RW, Message:01016102401c00000000...(size=12))
2023-03-17 00:26:09,629 DEBUG server.RaftServer$Division (RaftServerImpl.java:logAppendEntries(1430)) - s0@group-6E994AD85659: receive appendEntries(s1, 1, (t:1, i:23), 23, true, commits:[s1:c23, s10:c21, s0:c21], cId:4959, entries: [(t:1, i:24), METADATAENTRY(c:23)]
2023-03-17 00:26:09,629 DEBUG server.RaftServer$Division (LeaderStateImpl.java:addPendingRequest(474)) - s1@group-6E994AD85659-LeaderStateImpl: addPendingRequest at RaftClientRequest:client-2337B1250970->s1@group-6E994AD85659, cid=4960, seq=0, RW, Message:01016102401c00000000...(size=12), entry=(t:1, i:25), STATEMACHINELOGENTRY, 4960@client-2337B1250970
2023-03-17 00:26:09,629 DEBUG server.RaftServer$Division (RaftServerImpl.java:logAppendEntries(1430)) - s0@group-6E994AD85659: succeeded to handle AppendEntries. Reply: s1<-s0#4959:OK-t1,SUCCESS,nextIndex=25,followerCommit=23,matchIndex=24
2023-03-17 00:26:09,631 DEBUG server.RaftServer$Division (RaftServerImpl.java:logAppendEntries(1430)) - s10@group-6E994AD85659: receive appendEntries(s1, 1, (t:1, i:23), 23, true, commits:[s1:c23, s10:c22, s0:c21], cId:4961, entries: [(t:1, i:24), METADATAENTRY(c:23), (t:1, i:25), STATEMACHINELOGENTRY, 4960@client-2337B1250970]
2023-03-17 00:26:09,631 DEBUG server.RaftServer$Division (RaftServerImpl.java:logAppendEntries(1430)) - s0@group-6E994AD85659: receive appendEntries(s1, 1, (t:1, i:24), 23, true, commits:[s1:c23, s10:c22, s0:c23], cId:4962, entries: [(t:1, i:25), STATEMACHINELOGENTRY, 4960@client-2337B1250970]
2023-03-17 00:26:09,637 DEBUG server.RaftServer$Division (RaftServerImpl.java:logAppendEntries(1430)) - s0@group-6E994AD85659: succeeded to handle AppendEntries. Reply: s1<-s0#4962:OK-t1,SUCCESS,nextIndex=26,followerCommit=23,matchIndex=25
2023-03-17 00:26:09,637 DEBUG server.RaftServer$Division (RaftServerImpl.java:logAppendEntries(1430)) - s10@group-6E994AD85659: succeeded to handle AppendEntries. Reply: s1<-s10#4961:OK-t1,SUCCESS,nextIndex=26,followerCommit=23,matchIndex=25
2023-03-17 00:26:09,637 INFO  statemachine.StateMachine (ArithmeticStateMachine.java:applyTransaction(182)) - LEADER:s1-25: a = 7 = 7
2023-03-17 00:26:09,640 DEBUG server.RaftServer$Division (RaftServerImpl.java:submitClientRequestAsync(835)) - s1@group-6E994AD85659: receive client request(RaftClientRequest:client-2337B1250970->s1@group-6E994AD85659, cid=4965, seq=0, RW, Message:01016202403800000000...(size=12))
2023-03-17 00:26:09,640 DEBUG server.RaftServer$Division (LeaderStateImpl.java:addPendingRequest(474)) - s1@group-6E994AD85659-LeaderStateImpl: addPendingRequest at RaftClientRequest:client-2337B1250970->s1@group-6E994AD85659, cid=4965, seq=0, RW, Message:01016202403800000000...(size=12), entry=(t:1, i:27), STATEMACHINELOGENTRY, 4965@client-2337B1250970
2023-03-17 00:26:09,640 DEBUG server.RaftServer$Division (RaftServerImpl.java:logAppendEntries(1430)) - s0@group-6E994AD85659: receive appendEntries(s1, 1, (t:1, i:25), 25, true, commits:[s1:c25, s10:c23, s0:c23], cId:4964, entries: [(t:1, i:26), METADATAENTRY(c:25)]
2023-03-17 00:26:09,640 DEBUG server.RaftServer$Division (RaftServerImpl.java:logAppendEntries(1430)) - s10@group-6E994AD85659: receive appendEntries(s1, 1, (t:1, i:25), 25, true, commits:[s1:c25, s10:c23, s0:c23], cId:4963, entries: [(t:1, i:26), METADATAENTRY(c:25)]
2023-03-17 00:26:09,641 DEBUG server.RaftServer$Division (RaftServerImpl.java:logAppendEntries(1430)) - s0@group-6E994AD85659: succeeded to handle AppendEntries. Reply: s1<-s0#4964:OK-t1,SUCCESS,nextIndex=27,followerCommit=25,matchIndex=26
2023-03-17 00:26:09,641 DEBUG server.RaftServer$Division (RaftServerImpl.java:logAppendEntries(1430)) - s10@group-6E994AD85659: succeeded to handle AppendEntries. Reply: s1<-s10#4963:OK-t1,SUCCESS,nextIndex=27,followerCommit=25,matchIndex=26
2023-03-17 00:26:09,643 DEBUG server.RaftServer$Division (RaftServerImpl.java:logAppendEntries(1430)) - s0@group-6E994AD85659: receive appendEntries(s1, 1, (t:1, i:26), 25, true, commits:[s1:c25, s10:c23, s0:c25], cId:4966, entries: [(t:1, i:27), STATEMACHINELOGENTRY, 4965@client-2337B1250970]
2023-03-17 00:26:09,644 DEBUG server.RaftServer$Division (RaftServerImpl.java:logAppendEntries(1430)) - s10@group-6E994AD85659: receive appendEntries(s1, 1, (t:1, i:26), 26, true, commits:[s1:c26, s10:c25, s0:c25], cId:4967, entries: [(t:1, i:27), STATEMACHINELOGENTRY, 4965@client-2337B1250970]
2023-03-17 00:26:09,644 DEBUG server.RaftServer$Division (RaftServerImpl.java:logAppendEntries(1430)) - s0@group-6E994AD85659: succeeded to handle AppendEntries. Reply: s1<-s0#4966:OK-t1,SUCCESS,nextIndex=28,followerCommit=25,matchIndex=27
2023-03-17 00:26:09,644 DEBUG server.RaftServer$Division (RaftServerImpl.java:logAppendEntries(1430)) - s10@group-6E994AD85659: succeeded to handle AppendEntries. Reply: s1<-s10#4967:OK-t1,SUCCESS,nextIndex=28,followerCommit=26,matchIndex=27
2023-03-17 00:26:09,645 INFO  statemachine.StateMachine (ArithmeticStateMachine.java:applyTransaction(182)) - LEADER:s1-27: b = 24 = 24
2023-03-17 00:26:09,646 DEBUG server.RaftServer$Division (RaftServerImpl.java:logAppendEntries(1430)) - s10@group-6E994AD85659: receive appendEntries(s1, 1, (t:1, i:27), 27, true, commits:[s1:c27, s10:c26, s0:c25], cId:4968, entries: [(t:1, i:28), METADATAENTRY(c:27)]
2023-03-17 00:26:09,646 DEBUG server.RaftServer$Division (RaftServerImpl.java:submitClientRequestAsync(835)) - s1@group-6E994AD85659: receive client request(RaftClientRequest:client-2337B1250970->s1@group-6E994AD85659, cid=4969, seq=0, RW, Message:01016304010300040201...(size=17))
2023-03-17 00:26:09,646 DEBUG server.RaftServer$Division (LeaderStateImpl.java:addPendingRequest(474)) - s1@group-6E994AD85659-LeaderStateImpl: addPendingRequest at RaftClientRequest:client-2337B1250970->s1@group-6E994AD85659, cid=4969, seq=0, RW, Message:01016304010300040201...(size=17), entry=(t:1, i:29), STATEMACHINELOGENTRY, 4969@client-2337B1250970
2023-03-17 00:26:09,647 DEBUG server.RaftServer$Division (RaftServerImpl.java:logAppendEntries(1430)) - s0@group-6E994AD85659: receive appendEntries(s1, 1, (t:1, i:27), 27, true, commits:[s1:c27, s10:c26, s0:c25], cId:4970, entries: [(t:1, i:28), METADATAENTRY(c:27)]
2023-03-17 00:26:09,647 DEBUG server.RaftServer$Division (RaftServerImpl.java:logAppendEntries(1430)) - s10@group-6E994AD85659: succeeded to handle AppendEntries. Reply: s1<-s10#4968:OK-t1,SUCCESS,nextIndex=29,followerCommit=27,matchIndex=28
2023-03-17 00:26:09,648 DEBUG server.RaftServer$Division (RaftServerImpl.java:logAppendEntries(1430)) - s0@group-6E994AD85659: succeeded to handle AppendEntries. Reply: s1<-s0#4970:OK-t1,SUCCESS,nextIndex=29,followerCommit=27,matchIndex=28
2023-03-17 00:26:09,648 DEBUG server.RaftServer$Division (RaftServerImpl.java:logAppendEntries(1430)) - s10@group-6E994AD85659: receive appendEntries(s1, 1, (t:1, i:28), 27, true, commits:[s1:c27, s10:c27, s0:c25], cId:4971, entries: [(t:1, i:29), STATEMACHINELOGENTRY, 4969@client-2337B1250970]
2023-03-17 00:26:09,649 DEBUG server.RaftServer$Division (RaftServerImpl.java:logAppendEntries(1430)) - s0@group-6E994AD85659: receive appendEntries(s1, 1, (t:1, i:28), 28, true, commits:[s1:c28, s10:c27, s0:c27], cId:4972, entries: [(t:1, i:29), STATEMACHINELOGENTRY, 4969@client-2337B1250970]
2023-03-17 00:26:09,649 DEBUG server.RaftServer$Division (RaftServerImpl.java:logAppendEntries(1430)) - s10@group-6E994AD85659: succeeded to handle AppendEntries. Reply: s1<-s10#4971:OK-t1,SUCCESS,nextIndex=30,followerCommit=27,matchIndex=29
2023-03-17 00:26:09,650 DEBUG server.RaftServer$Division (RaftServerImpl.java:logAppendEntries(1430)) - s0@group-6E994AD85659: succeeded to handle AppendEntries. Reply: s1<-s0#4972:OK-t1,SUCCESS,nextIndex=30,followerCommit=28,matchIndex=29
2023-03-17 00:26:09,650 INFO  statemachine.StateMachine (ArithmeticStateMachine.java:applyTransaction(182)) - LEADER:s1-29: c = √(a^2 + b^2) = 25
2023-03-17 00:26:09,651 DEBUG server.RaftServer$Division (RaftServerImpl.java:logAppendEntries(1430)) - s10@group-6E994AD85659: receive appendEntries(s1, 1, (t:1, i:29), 29, true, commits:[s1:c29, s10:c27, s0:c27], cId:4973, entries: [(t:1, i:30), METADATAENTRY(c:29)]
2023-03-17 00:26:09,651 DEBUG server.RaftServer$Division (RaftServerImpl.java:submitClientRequestAsync(835)) - s1@group-6E994AD85659: receive client request(RaftClientRequest:client-2337B1250970->s1@group-6E994AD85659, cid=4975, seq=0, RW, Message:01016100)
2023-03-17 00:26:09,652 DEBUG server.RaftServer$Division (LeaderStateImpl.java:addPendingRequest(474)) - s1@group-6E994AD85659-LeaderStateImpl: addPendingRequest at RaftClientRequest:client-2337B1250970->s1@group-6E994AD85659, cid=4975, seq=0, RW, Message:01016100, entry=(t:1, i:31), STATEMACHINELOGENTRY, 4975@client-2337B1250970
2023-03-17 00:26:09,652 DEBUG server.RaftServer$Division (RaftServerImpl.java:logAppendEntries(1430)) - s10@group-6E994AD85659: succeeded to handle AppendEntries. Reply: s1<-s10#4973:OK-t1,SUCCESS,nextIndex=31,followerCommit=29,matchIndex=30
2023-03-17 00:26:09,652 DEBUG server.RaftServer$Division (RaftServerImpl.java:logAppendEntries(1430)) - s0@group-6E994AD85659: receive appendEntries(s1, 1, (t:1, i:29), 29, true, commits:[s1:c29, s10:c27, s0:c28], cId:4974, entries: [(t:1, i:30), METADATAENTRY(c:29)]
2023-03-17 00:26:09,653 DEBUG server.RaftServer$Division (RaftServerImpl.java:logAppendEntries(1430)) - s0@group-6E994AD85659: succeeded to handle AppendEntries. Reply: s1<-s0#4974:OK-t1,SUCCESS,nextIndex=31,followerCommit=29,matchIndex=30
2023-03-17 00:26:09,653 DEBUG server.RaftServer$Division (RaftServerImpl.java:logAppendEntries(1430)) - s10@group-6E994AD85659: receive appendEntries(s1, 1, (t:1, i:30), 29, true, commits:[s1:c29, s10:c29, s0:c28], cId:4976, entries: [(t:1, i:31), STATEMACHINELOGENTRY, 4975@client-2337B1250970]
2023-03-17 00:26:09,654 DEBUG server.RaftServer$Division (RaftServerImpl.java:logAppendEntries(1430)) - s10@group-6E994AD85659: succeeded to handle AppendEntries. Reply: s1<-s10#4976:OK-t1,SUCCESS,nextIndex=32,followerCommit=29,matchIndex=31
2023-03-17 00:26:09,654 INFO  statemachine.StateMachine (ArithmeticStateMachine.java:applyTransaction(182)) - LEADER:s1-31: a = null = null
2023-03-17 00:26:09,655 DEBUG server.RaftServer$Division (RaftServerImpl.java:logAppendEntries(1430)) - s0@group-6E994AD85659: receive appendEntries(s1, 1, (t:1, i:30), 30, true, commits:[s1:c30, s10:c29, s0:c29], cId:4977, entries: [(t:1, i:31), STATEMACHINELOGENTRY, 4975@client-2337B1250970]
2023-03-17 00:26:09,656 DEBUG server.RaftServer$Division (RaftServerImpl.java:logAppendEntries(1430)) - s10@group-6E994AD85659: receive appendEntries(s1, 1, (t:1, i:31), 31, true, commits:[s1:c31, s10:c29, s0:c29], cId:4978, entries: [(t:1, i:32), METADATAENTRY(c:31)]
2023-03-17 00:26:09,656 DEBUG server.RaftServer$Division (RaftServerImpl.java:logAppendEntries(1430)) - s0@group-6E994AD85659: succeeded to handle AppendEntries. Reply: s1<-s0#4977:OK-t1,SUCCESS,nextIndex=32,followerCommit=30,matchIndex=31
2023-03-17 00:26:09,657 DEBUG server.RaftServer$Division (RaftServerImpl.java:submitClientRequestAsync(835)) - s1@group-6E994AD85659: receive client request(RaftClientRequest:client-2337B1250970->s1@group-6E994AD85659, cid=4979, seq=0, RW, Message:01016200)
2023-03-17 00:26:09,658 DEBUG server.RaftServer$Division (LeaderStateImpl.java:addPendingRequest(474)) - s1@group-6E994AD85659-LeaderStateImpl: addPendingRequest at RaftClientRequest:client-2337B1250970->s1@group-6E994AD85659, cid=4979, seq=0, RW, Message:01016200, entry=(t:1, i:33), STATEMACHINELOGENTRY, 4979@client-2337B1250970
2023-03-17 00:26:09,658 DEBUG server.RaftServer$Division (RaftServerImpl.java:logAppendEntries(1430)) - s10@group-6E994AD85659: succeeded to handle AppendEntries. Reply: s1<-s10#4978:OK-t1,SUCCESS,nextIndex=33,followerCommit=31,matchIndex=32
2023-03-17 00:26:09,659 DEBUG server.RaftServer$Division (RaftServerImpl.java:logAppendEntries(1430)) - s0@group-6E994AD85659: receive appendEntries(s1, 1, (t:1, i:31), 31, true, commits:[s1:c31, s10:c29, s0:c30], cId:4980, entries: [(t:1, i:32), METADATAENTRY(c:31), (t:1, i:33), STATEMACHINELOGENTRY, 4979@client-2337B1250970]
2023-03-17 00:26:09,659 DEBUG server.RaftServer$Division (RaftServerImpl.java:logAppendEntries(1430)) - s10@group-6E994AD85659: receive appendEntries(s1, 1, (t:1, i:32), 31, true, commits:[s1:c31, s10:c31, s0:c30], cId:4981, entries: [(t:1, i:33), STATEMACHINELOGENTRY, 4979@client-2337B1250970]
2023-03-17 00:26:09,660 DEBUG server.RaftServer$Division (RaftServerImpl.java:logAppendEntries(1430)) - s0@group-6E994AD85659: succeeded to handle AppendEntries. Reply: s1<-s0#4980:OK-t1,SUCCESS,nextIndex=34,followerCommit=31,matchIndex=33
2023-03-17 00:26:09,660 DEBUG server.RaftServer$Division (RaftServerImpl.java:logAppendEntries(1430)) - s10@group-6E994AD85659: succeeded to handle AppendEntries. Reply: s1<-s10#4981:OK-t1,SUCCESS,nextIndex=34,followerCommit=31,matchIndex=33
2023-03-17 00:26:09,660 INFO  statemachine.StateMachine (ArithmeticStateMachine.java:applyTransaction(182)) - LEADER:s1-33: b = null = null
2023-03-17 00:26:09,662 DEBUG server.RaftServer$Division (RaftServerImpl.java:logAppendEntries(1430)) - s10@group-6E994AD85659: receive appendEntries(s1, 1, (t:1, i:33), 33, true, commits:[s1:c33, s10:c31, s0:c31], cId:4983, entries: [(t:1, i:34), METADATAENTRY(c:33)]
2023-03-17 00:26:09,662 DEBUG server.RaftServer$Division (RaftServerImpl.java:submitClientRequestAsync(835)) - s1@group-6E994AD85659: receive client request(RaftClientRequest:client-2337B1250970->s1@group-6E994AD85659, cid=4984, seq=0, RW, Message:01016300)
2023-03-17 00:26:09,662 DEBUG server.RaftServer$Division (LeaderStateImpl.java:addPendingRequest(474)) - s1@group-6E994AD85659-LeaderStateImpl: addPendingRequest at RaftClientRequest:client-2337B1250970->s1@group-6E994AD85659, cid=4984, seq=0, RW, Message:01016300, entry=(t:1, i:35), STATEMACHINELOGENTRY, 4984@client-2337B1250970
2023-03-17 00:26:09,662 DEBUG server.RaftServer$Division (RaftServerImpl.java:logAppendEntries(1430)) - s10@group-6E994AD85659: succeeded to handle AppendEntries. Reply: s1<-s10#4983:OK-t1,SUCCESS,nextIndex=35,followerCommit=33,matchIndex=34
2023-03-17 00:26:09,663 DEBUG server.RaftServer$Division (RaftServerImpl.java:logAppendEntries(1430)) - s0@group-6E994AD85659: receive appendEntries(s1, 1, (t:1, i:33), 33, true, commits:[s1:c33, s10:c31, s0:c31], cId:4982, entries: [(t:1, i:34), METADATAENTRY(c:33)]
2023-03-17 00:26:09,663 DEBUG server.RaftServer$Division (RaftServerImpl.java:logAppendEntries(1430)) - s0@group-6E994AD85659: succeeded to handle AppendEntries. Reply: s1<-s0#4982:OK-t1,SUCCESS,nextIndex=35,followerCommit=33,matchIndex=34
2023-03-17 00:26:09,664 DEBUG server.RaftServer$Division (RaftServerImpl.java:logAppendEntries(1430)) - s10@group-6E994AD85659: receive appendEntries(s1, 1, (t:1, i:34), 33, true, commits:[s1:c33, s10:c33, s0:c31], cId:4985, entries: [(t:1, i:35), STATEMACHINELOGENTRY, 4984@client-2337B1250970]
2023-03-17 00:26:09,665 DEBUG server.RaftServer$Division (RaftServerImpl.java:logAppendEntries(1430)) - s0@group-6E994AD85659: receive appendEntries(s1, 1, (t:1, i:34), 34, true, commits:[s1:c34, s10:c33, s0:c33], cId:4986, entries: [(t:1, i:35), STATEMACHINELOGENTRY, 4984@client-2337B1250970]
2023-03-17 00:26:09,665 DEBUG server.RaftServer$Division (RaftServerImpl.java:logAppendEntries(1430)) - s10@group-6E994AD85659: succeeded to handle AppendEntries. Reply: s1<-s10#4985:OK-t1,SUCCESS,nextIndex=36,followerCommit=33,matchIndex=35
2023-03-17 00:26:09,665 DEBUG server.RaftServer$Division (RaftServerImpl.java:logAppendEntries(1430)) - s0@group-6E994AD85659: succeeded to handle AppendEntries. Reply: s1<-s0#4986:OK-t1,SUCCESS,nextIndex=36,followerCommit=34,matchIndex=35
2023-03-17 00:26:09,666 INFO  statemachine.StateMachine (ArithmeticStateMachine.java:applyTransaction(182)) - LEADER:s1-35: c = null = null
2023-03-17 00:26:09,667 DEBUG server.RaftServer$Division (RaftServerImpl.java:logAppendEntries(1430)) - s10@group-6E994AD85659: receive appendEntries(s1, 1, (t:1, i:35), 35, true, commits:[s1:c35, s10:c33, s0:c34], cId:4988, entries: [(t:1, i:36), METADATAENTRY(c:35)]
2023-03-17 00:26:09,667 DEBUG server.RaftServer$Division (RaftServerImpl.java:submitClientRequestAsync(835)) - s1@group-6E994AD85659: receive client request(RaftClientRequest:client-2337B1250970->s1@group-6E994AD85659, cid=4989, seq=0, RW, Message:01016102402200000000...(size=12))
2023-03-17 00:26:09,667 DEBUG server.RaftServer$Division (RaftServerImpl.java:logAppendEntries(1430)) - s10@group-6E994AD85659: succeeded to handle AppendEntries. Reply: s1<-s10#4988:OK-t1,SUCCESS,nextIndex=37,followerCommit=35,matchIndex=36
2023-03-17 00:26:09,668 DEBUG server.RaftServer$Division (LeaderStateImpl.java:addPendingRequest(474)) - s1@group-6E994AD85659-LeaderStateImpl: addPendingRequest at RaftClientRequest:client-2337B1250970->s1@group-6E994AD85659, cid=4989, seq=0, RW, Message:01016102402200000000...(size=12), entry=(t:1, i:37), STATEMACHINELOGENTRY, 4989@client-2337B1250970
2023-03-17 00:26:09,668 DEBUG server.RaftServer$Division (RaftServerImpl.java:logAppendEntries(1430)) - s0@group-6E994AD85659: receive appendEntries(s1, 1, (t:1, i:35), 35, true, commits:[s1:c35, s10:c33, s0:c34], cId:4987, entries: [(t:1, i:36), METADATAENTRY(c:35)]
2023-03-17 00:26:09,669 DEBUG server.RaftServer$Division (RaftServerImpl.java:logAppendEntries(1430)) - s0@group-6E994AD85659: succeeded to handle AppendEntries. Reply: s1<-s0#4987:OK-t1,SUCCESS,nextIndex=37,followerCommit=35,matchIndex=36
2023-03-17 00:26:09,670 DEBUG server.RaftServer$Division (RaftServerImpl.java:logAppendEntries(1430)) - s10@group-6E994AD85659: receive appendEntries(s1, 1, (t:1, i:36), 35, true, commits:[s1:c35, s10:c35, s0:c34], cId:4990, entries: [(t:1, i:37), STATEMACHINELOGENTRY, 4989@client-2337B1250970]
2023-03-17 00:26:09,670 DEBUG server.RaftServer$Division (RaftServerImpl.java:logAppendEntries(1430)) - s10@group-6E994AD85659: succeeded to handle AppendEntries. Reply: s1<-s10#4990:OK-t1,SUCCESS,nextIndex=38,followerCommit=35,matchIndex=37
2023-03-17 00:26:09,671 DEBUG server.RaftServer$Division (RaftServerImpl.java:logAppendEntries(1430)) - s0@group-6E994AD85659: receive appendEntries(s1, 1, (t:1, i:36), 36, true, commits:[s1:c36, s10:c35, s0:c35], cId:4991, entries: [(t:1, i:37), STATEMACHINELOGENTRY, 4989@client-2337B1250970]
2023-03-17 00:26:09,671 INFO  statemachine.StateMachine (ArithmeticStateMachine.java:applyTransaction(182)) - LEADER:s1-37: a = 9 = 9
2023-03-17 00:26:09,671 DEBUG server.RaftServer$Division (RaftServerImpl.java:logAppendEntries(1430)) - s0@group-6E994AD85659: succeeded to handle AppendEntries. Reply: s1<-s0#4991:OK-t1,SUCCESS,nextIndex=38,followerCommit=36,matchIndex=37
2023-03-17 00:26:09,672 DEBUG server.RaftServer$Division (RaftServerImpl.java:logAppendEntries(1430)) - s10@group-6E994AD85659: receive appendEntries(s1, 1, (t:1, i:37), 37, true, commits:[s1:c37, s10:c35, s0:c35], cId:4992, entries: [(t:1, i:38), METADATAENTRY(c:37)]
2023-03-17 00:26:09,673 DEBUG server.RaftServer$Division (RaftServerImpl.java:logAppendEntries(1430)) - s10@group-6E994AD85659: succeeded to handle AppendEntries. Reply: s1<-s10#4992:OK-t1,SUCCESS,nextIndex=39,followerCommit=37,matchIndex=38
2023-03-17 00:26:09,672 DEBUG server.RaftServer$Division (RaftServerImpl.java:submitClientRequestAsync(835)) - s1@group-6E994AD85659: receive client request(RaftClientRequest:client-2337B1250970->s1@group-6E994AD85659, cid=4993, seq=0, RW, Message:01016202404400000000...(size=12))
2023-03-17 00:26:09,673 DEBUG server.RaftServer$Division (LeaderStateImpl.java:addPendingRequest(474)) - s1@group-6E994AD85659-LeaderStateImpl: addPendingRequest at RaftClientRequest:client-2337B1250970->s1@group-6E994AD85659, cid=4993, seq=0, RW, Message:01016202404400000000...(size=12), entry=(t:1, i:39), STATEMACHINELOGENTRY, 4993@client-2337B1250970
2023-03-17 00:26:09,674 DEBUG server.RaftServer$Division (RaftServerImpl.java:logAppendEntries(1430)) - s0@group-6E994AD85659: receive appendEntries(s1, 1, (t:1, i:37), 37, true, commits:[s1:c37, s10:c35, s0:c36], cId:4994, entries: [(t:1, i:38), METADATAENTRY(c:37)]
2023-03-17 00:26:09,675 DEBUG server.RaftServer$Division (RaftServerImpl.java:logAppendEntries(1430)) - s0@group-6E994AD85659: succeeded to handle AppendEntries. Reply: s1<-s0#4994:OK-t1,SUCCESS,nextIndex=39,followerCommit=37,matchIndex=38
2023-03-17 00:26:09,675 DEBUG server.RaftServer$Division (RaftServerImpl.java:logAppendEntries(1430)) - s10@group-6E994AD85659: receive appendEntries(s1, 1, (t:1, i:38), 37, true, commits:[s1:c37, s10:c37, s0:c36], cId:4995, entries: [(t:1, i:39), STATEMACHINELOGENTRY, 4993@client-2337B1250970]
2023-03-17 00:26:09,675 DEBUG server.RaftServer$Division (RaftServerImpl.java:logAppendEntries(1430)) - s10@group-6E994AD85659: succeeded to handle AppendEntries. Reply: s1<-s10#4995:OK-t1,SUCCESS,nextIndex=40,followerCommit=37,matchIndex=39
2023-03-17 00:26:09,676 INFO  statemachine.StateMachine (ArithmeticStateMachine.java:applyTransaction(182)) - LEADER:s1-39: b = 40 = 40
2023-03-17 00:26:09,676 DEBUG server.RaftServer$Division (RaftServerImpl.java:logAppendEntries(1430)) - s0@group-6E994AD85659: receive appendEntries(s1, 1, (t:1, i:38), 38, true, commits:[s1:c38, s10:c37, s0:c37], cId:4996, entries: [(t:1, i:39), STATEMACHINELOGENTRY, 4993@client-2337B1250970]
2023-03-17 00:26:09,677 DEBUG server.RaftServer$Division (RaftServerImpl.java:logAppendEntries(1430)) - s10@group-6E994AD85659: receive appendEntries(s1, 1, (t:1, i:39), 39, true, commits:[s1:c39, s10:c37, s0:c37], cId:4997, entries: [(t:1, i:40), METADATAENTRY(c:39)]
2023-03-17 00:26:09,678 DEBUG server.RaftServer$Division (RaftServerImpl.java:submitClientRequestAsync(835)) - s1@group-6E994AD85659: receive client request(RaftClientRequest:client-2337B1250970->s1@group-6E994AD85659, cid=4998, seq=0, RW, Message:01016304010300040201...(size=17))
2023-03-17 00:26:09,678 DEBUG server.RaftServer$Division (RaftServerImpl.java:logAppendEntries(1430)) - s10@group-6E994AD85659: succeeded to handle AppendEntries. Reply: s1<-s10#4997:OK-t1,SUCCESS,nextIndex=41,followerCommit=39,matchIndex=40
2023-03-17 00:26:09,678 DEBUG server.RaftServer$Division (LeaderStateImpl.java:addPendingRequest(474)) - s1@group-6E994AD85659-LeaderStateImpl: addPendingRequest at RaftClientRequest:client-2337B1250970->s1@group-6E994AD85659, cid=4998, seq=0, RW, Message:01016304010300040201...(size=17), entry=(t:1, i:41), STATEMACHINELOGENTRY, 4998@client-2337B1250970
2023-03-17 00:26:09,678 DEBUG server.RaftServer$Division (RaftServerImpl.java:logAppendEntries(1430)) - s0@group-6E994AD85659: succeeded to handle AppendEntries. Reply: s1<-s0#4996:OK-t1,SUCCESS,nextIndex=40,followerCommit=38,matchIndex=39
2023-03-17 00:26:09,679 DEBUG server.RaftServer$Division (RaftServerImpl.java:logAppendEntries(1430)) - s0@group-6E994AD85659: receive appendEntries(s1, 1, (t:1, i:39), 39, true, commits:[s1:c39, s10:c37, s0:c38], cId:4999, entries: [(t:1, i:40), METADATAENTRY(c:39), (t:1, i:41), STATEMACHINELOGENTRY, 4998@client-2337B1250970]
2023-03-17 00:26:09,680 DEBUG server.RaftServer$Division (RaftServerImpl.java:logAppendEntries(1430)) - s0@group-6E994AD85659: succeeded to handle AppendEntries. Reply: s1<-s0#4999:OK-t1,SUCCESS,nextIndex=42,followerCommit=39,matchIndex=41
2023-03-17 00:26:09,682 INFO  statemachine.StateMachine (ArithmeticStateMachine.java:applyTransaction(182)) - LEADER:s1-41: c = √(a^2 + b^2) = 41
2023-03-17 00:26:09,682 DEBUG server.RaftServer$Division (RaftServerImpl.java:logAppendEntries(1430)) - s10@group-6E994AD85659: receive appendEntries(s1, 1, (t:1, i:40), 39, true, commits:[s1:c39, s10:c39, s0:c38], cId:5000, entries: [(t:1, i:41), STATEMACHINELOGENTRY, 4998@client-2337B1250970]
2023-03-17 00:26:09,684 DEBUG server.RaftServer$Division (RaftServerImpl.java:logAppendEntries(1430)) - s0@group-6E994AD85659: receive appendEntries(s1, 1, (t:1, i:41), 41, true, commits:[s1:c41, s10:c39, s0:c39], cId:5001, entries: [(t:1, i:42), METADATAENTRY(c:41)]
2023-03-17 00:26:09,685 DEBUG server.RaftServer$Division (RaftServerImpl.java:submitClientRequestAsync(835)) - s1@group-6E994AD85659: receive client request(RaftClientRequest:client-2337B1250970->s1@group-6E994AD85659, cid=5002, seq=0, RW, Message:01016100)
2023-03-17 00:26:09,685 DEBUG server.RaftServer$Division (RaftServerImpl.java:logAppendEntries(1430)) - s10@group-6E994AD85659: succeeded to handle AppendEntries. Reply: s1<-s10#5000:OK-t1,SUCCESS,nextIndex=42,followerCommit=39,matchIndex=41
2023-03-17 00:26:09,685 DEBUG server.RaftServer$Division (LeaderStateImpl.java:addPendingRequest(474)) - s1@group-6E994AD85659-LeaderStateImpl: addPendingRequest at RaftClientRequest:client-2337B1250970->s1@group-6E994AD85659, cid=5002, seq=0, RW, Message:01016100, entry=(t:1, i:43), STATEMACHINELOGENTRY, 5002@client-2337B1250970
2023-03-17 00:26:09,686 DEBUG server.RaftServer$Division (RaftServerImpl.java:logAppendEntries(1430)) - s0@group-6E994AD85659: succeeded to handle AppendEntries. Reply: s1<-s0#5001:OK-t1,SUCCESS,nextIndex=43,followerCommit=41,matchIndex=42
2023-03-17 00:26:09,687 DEBUG server.RaftServer$Division (RaftServerImpl.java:logAppendEntries(1430)) - s10@group-6E994AD85659: receive appendEntries(s1, 1, (t:1, i:41), 41, true, commits:[s1:c41, s10:c39, s0:c39], cId:5003, entries: [(t:1, i:42), METADATAENTRY(c:41), (t:1, i:43), STATEMACHINELOGENTRY, 5002@client-2337B1250970]
2023-03-17 00:26:09,687 DEBUG server.RaftServer$Division (RaftServerImpl.java:logAppendEntries(1430)) - s0@group-6E994AD85659: receive appendEntries(s1, 1, (t:1, i:42), 41, true, commits:[s1:c41, s10:c39, s0:c41], cId:5004, entries: [(t:1, i:43), STATEMACHINELOGENTRY, 5002@client-2337B1250970]
2023-03-17 00:26:09,687 DEBUG server.RaftServer$Division (RaftServerImpl.java:logAppendEntries(1430)) - s10@group-6E994AD85659: succeeded to handle AppendEntries. Reply: s1<-s10#5003:OK-t1,SUCCESS,nextIndex=44,followerCommit=41,matchIndex=43
2023-03-17 00:26:09,688 DEBUG server.RaftServer$Division (RaftServerImpl.java:logAppendEntries(1430)) - s0@group-6E994AD85659: succeeded to handle AppendEntries. Reply: s1<-s0#5004:OK-t1,SUCCESS,nextIndex=44,followerCommit=41,matchIndex=43
2023-03-17 00:26:09,688 INFO  statemachine.StateMachine (ArithmeticStateMachine.java:applyTransaction(182)) - LEADER:s1-43: a = null = null
2023-03-17 00:26:09,689 DEBUG server.RaftServer$Division (RaftServerImpl.java:logAppendEntries(1430)) - s10@group-6E994AD85659: receive appendEntries(s1, 1, (t:1, i:43), 43, true, commits:[s1:c43, s10:c41, s0:c41], cId:5005, entries: [(t:1, i:44), METADATAENTRY(c:43)]
2023-03-17 00:26:09,690 DEBUG server.RaftServer$Division (RaftServerImpl.java:submitClientRequestAsync(835)) - s1@group-6E994AD85659: receive client request(RaftClientRequest:client-2337B1250970->s1@group-6E994AD85659, cid=5006, seq=0, RW, Message:01016200)
2023-03-17 00:26:09,690 DEBUG server.RaftServer$Division (RaftServerImpl.java:logAppendEntries(1430)) - s10@group-6E994AD85659: succeeded to handle AppendEntries. Reply: s1<-s10#5005:OK-t1,SUCCESS,nextIndex=45,followerCommit=43,matchIndex=44
2023-03-17 00:26:09,690 DEBUG server.RaftServer$Division (LeaderStateImpl.java:addPendingRequest(474)) - s1@group-6E994AD85659-LeaderStateImpl: addPendingRequest at RaftClientRequest:client-2337B1250970->s1@group-6E994AD85659, cid=5006, seq=0, RW, Message:01016200, entry=(t:1, i:45), STATEMACHINELOGENTRY, 5006@client-2337B1250970
2023-03-17 00:26:09,691 DEBUG server.RaftServer$Division (RaftServerImpl.java:logAppendEntries(1430)) - s0@group-6E994AD85659: receive appendEntries(s1, 1, (t:1, i:43), 43, true, commits:[s1:c43, s10:c43, s0:c41], cId:5008, entries: [(t:1, i:44), METADATAENTRY(c:43), (t:1, i:45), STATEMACHINELOGENTRY, 5006@client-2337B1250970]
2023-03-17 00:26:09,691 DEBUG server.RaftServer$Division (RaftServerImpl.java:logAppendEntries(1430)) - s10@group-6E994AD85659: receive appendEntries(s1, 1, (t:1, i:44), 43, true, commits:[s1:c43, s10:c43, s0:c41], cId:5007, entries: [(t:1, i:45), STATEMACHINELOGENTRY, 5006@client-2337B1250970]
2023-03-17 00:26:09,692 DEBUG server.RaftServer$Division (RaftServerImpl.java:logAppendEntries(1430)) - s0@group-6E994AD85659: succeeded to handle AppendEntries. Reply: s1<-s0#5008:OK-t1,SUCCESS,nextIndex=46,followerCommit=43,matchIndex=45
2023-03-17 00:26:09,692 DEBUG server.RaftServer$Division (RaftServerImpl.java:logAppendEntries(1430)) - s10@group-6E994AD85659: succeeded to handle AppendEntries. Reply: s1<-s10#5007:OK-t1,SUCCESS,nextIndex=46,followerCommit=43,matchIndex=45
2023-03-17 00:26:09,692 INFO  statemachine.StateMachine (ArithmeticStateMachine.java:applyTransaction(182)) - LEADER:s1-45: b = null = null
2023-03-17 00:26:09,694 DEBUG server.RaftServer$Division (RaftServerImpl.java:logAppendEntries(1430)) - s10@group-6E994AD85659: receive appendEntries(s1, 1, (t:1, i:45), 45, true, commits:[s1:c45, s10:c43, s0:c43], cId:5010, entries: [(t:1, i:46), METADATAENTRY(c:45)]
2023-03-17 00:26:09,694 DEBUG server.RaftServer$Division (RaftServerImpl.java:submitClientRequestAsync(835)) - s1@group-6E994AD85659: receive client request(RaftClientRequest:client-2337B1250970->s1@group-6E994AD85659, cid=5011, seq=0, RW, Message:01016300)
2023-03-17 00:26:09,695 DEBUG server.RaftServer$Division (LeaderStateImpl.java:addPendingRequest(474)) - s1@group-6E994AD85659-LeaderStateImpl: addPendingRequest at RaftClientRequest:client-2337B1250970->s1@group-6E994AD85659, cid=5011, seq=0, RW, Message:01016300, entry=(t:1, i:47), STATEMACHINELOGENTRY, 5011@client-2337B1250970
2023-03-17 00:26:09,695 DEBUG server.RaftServer$Division (RaftServerImpl.java:logAppendEntries(1430)) - s10@group-6E994AD85659: succeeded to handle AppendEntries. Reply: s1<-s10#5010:OK-t1,SUCCESS,nextIndex=47,followerCommit=45,matchIndex=46
2023-03-17 00:26:09,695 DEBUG server.RaftServer$Division (RaftServerImpl.java:logAppendEntries(1430)) - s0@group-6E994AD85659: receive appendEntries(s1, 1, (t:1, i:45), 45, true, commits:[s1:c45, s10:c43, s0:c43], cId:5009, entries: [(t:1, i:46), METADATAENTRY(c:45)]
2023-03-17 00:26:09,699 DEBUG server.RaftServer$Division (RaftServerImpl.java:logAppendEntries(1430)) - s0@group-6E994AD85659: succeeded to handle AppendEntries. Reply: s1<-s0#5009:OK-t1,SUCCESS,nextIndex=47,followerCommit=45,matchIndex=46
2023-03-17 00:26:09,699 DEBUG server.RaftServer$Division (RaftServerImpl.java:logAppendEntries(1430)) - s10@group-6E994AD85659: receive appendEntries(s1, 1, (t:1, i:46), 46, true, commits:[s1:c46, s10:c45, s0:c43], cId:5012, entries: [(t:1, i:47), STATEMACHINELOGENTRY, 5011@client-2337B1250970]
2023-03-17 00:26:09,700 DEBUG server.RaftServer$Division (RaftServerImpl.java:logAppendEntries(1430)) - s10@group-6E994AD85659: succeeded to handle AppendEntries. Reply: s1<-s10#5012:OK-t1,SUCCESS,nextIndex=48,followerCommit=46,matchIndex=47
2023-03-17 00:26:09,700 DEBUG server.RaftServer$Division (RaftServerImpl.java:logAppendEntries(1430)) - s0@group-6E994AD85659: receive appendEntries(s1, 1, (t:1, i:46), 46, true, commits:[s1:c46, s10:c45, s0:c45], cId:5013, entries: [(t:1, i:47), STATEMACHINELOGENTRY, 5011@client-2337B1250970]
2023-03-17 00:26:09,701 INFO  statemachine.StateMachine (ArithmeticStateMachine.java:applyTransaction(182)) - LEADER:s1-47: c = null = null
2023-03-17 00:26:09,701 DEBUG server.RaftServer$Division (RaftServerImpl.java:logAppendEntries(1430)) - s0@group-6E994AD85659: succeeded to handle AppendEntries. Reply: s1<-s0#5013:OK-t1,SUCCESS,nextIndex=48,followerCommit=46,matchIndex=47
2023-03-17 00:26:09,702 DEBUG server.RaftServer$Division (RaftServerImpl.java:logAppendEntries(1430)) - s10@group-6E994AD85659: receive appendEntries(s1, 1, (t:1, i:47), 47, true, commits:[s1:c47, s10:c46, s0:c45], cId:5014, entries: [(t:1, i:48), METADATAENTRY(c:47)]
2023-03-17 00:26:09,702 DEBUG server.RaftServer$Division (RaftServerImpl.java:submitClientRequestAsync(835)) - s1@group-6E994AD85659: receive client request(RaftClientRequest:client-2337B1250970->s1@group-6E994AD85659, cid=5015, seq=0, RW, Message:01016102402600000000...(size=12))
2023-03-17 00:26:09,702 DEBUG server.RaftServer$Division (LeaderStateImpl.java:addPendingRequest(474)) - s1@group-6E994AD85659-LeaderStateImpl: addPendingRequest at RaftClientRequest:client-2337B1250970->s1@group-6E994AD85659, cid=5015, seq=0, RW, Message:01016102402600000000...(size=12), entry=(t:1, i:49), STATEMACHINELOGENTRY, 5015@client-2337B1250970
2023-03-17 00:26:09,703 DEBUG server.RaftServer$Division (RaftServerImpl.java:logAppendEntries(1430)) - s10@group-6E994AD85659: succeeded to handle AppendEntries. Reply: s1<-s10#5014:OK-t1,SUCCESS,nextIndex=49,followerCommit=47,matchIndex=48
2023-03-17 00:26:09,704 DEBUG server.RaftServer$Division (RaftServerImpl.java:logAppendEntries(1430)) - s0@group-6E994AD85659: receive appendEntries(s1, 1, (t:1, i:47), 47, true, commits:[s1:c47, s10:c46, s0:c46], cId:5016, entries: [(t:1, i:48), METADATAENTRY(c:47), (t:1, i:49), STATEMACHINELOGENTRY, 5015@client-2337B1250970]
2023-03-17 00:26:09,705 DEBUG server.RaftServer$Division (RaftServerImpl.java:logAppendEntries(1430)) - s10@group-6E994AD85659: receive appendEntries(s1, 1, (t:1, i:48), 47, true, commits:[s1:c47, s10:c47, s0:c46], cId:5017, entries: [(t:1, i:49), STATEMACHINELOGENTRY, 5015@client-2337B1250970]
2023-03-17 00:26:09,705 DEBUG server.RaftServer$Division (RaftServerImpl.java:logAppendEntries(1430)) - s0@group-6E994AD85659: succeeded to handle AppendEntries. Reply: s1<-s0#5016:OK-t1,SUCCESS,nextIndex=50,followerCommit=47,matchIndex=49
2023-03-17 00:26:09,706 DEBUG server.RaftServer$Division (RaftServerImpl.java:logAppendEntries(1430)) - s10@group-6E994AD85659: succeeded to handle AppendEntries. Reply: s1<-s10#5017:OK-t1,SUCCESS,nextIndex=50,followerCommit=47,matchIndex=49
2023-03-17 00:26:09,706 INFO  statemachine.StateMachine (ArithmeticStateMachine.java:applyTransaction(182)) - LEADER:s1-49: a = 11 = 11
2023-03-17 00:26:09,707 DEBUG server.RaftServer$Division (RaftServerImpl.java:logAppendEntries(1430)) - s10@group-6E994AD85659: receive appendEntries(s1, 1, (t:1, i:49), 49, true, commits:[s1:c49, s10:c47, s0:c47], cId:5019, entries: [(t:1, i:50), METADATAENTRY(c:49)]
2023-03-17 00:26:09,707 DEBUG server.RaftServer$Division (RaftServerImpl.java:submitClientRequestAsync(835)) - s1@group-6E994AD85659: receive client request(RaftClientRequest:client-2337B1250970->s1@group-6E994AD85659, cid=5020, seq=0, RW, Message:01016202404e00000000...(size=12))
2023-03-17 00:26:09,708 DEBUG server.RaftServer$Division (RaftServerImpl.java:logAppendEntries(1430)) - s10@group-6E994AD85659: succeeded to handle AppendEntries. Reply: s1<-s10#5019:OK-t1,SUCCESS,nextIndex=51,followerCommit=49,matchIndex=50
2023-03-17 00:26:09,708 DEBUG server.RaftServer$Division (LeaderStateImpl.java:addPendingRequest(474)) - s1@group-6E994AD85659-LeaderStateImpl: addPendingRequest at RaftClientRequest:client-2337B1250970->s1@group-6E994AD85659, cid=5020, seq=0, RW, Message:01016202404e00000000...(size=12), entry=(t:1, i:51), STATEMACHINELOGENTRY, 5020@client-2337B1250970
2023-03-17 00:26:09,708 DEBUG server.RaftServer$Division (RaftServerImpl.java:logAppendEntries(1430)) - s0@group-6E994AD85659: receive appendEntries(s1, 1, (t:1, i:49), 49, true, commits:[s1:c49, s10:c47, s0:c47], cId:5018, entries: [(t:1, i:50), METADATAENTRY(c:49)]
2023-03-17 00:26:09,709 DEBUG server.RaftServer$Division (RaftServerImpl.java:logAppendEntries(1430)) - s0@group-6E994AD85659: succeeded to handle AppendEntries. Reply: s1<-s0#5018:OK-t1,SUCCESS,nextIndex=51,followerCommit=49,matchIndex=50
2023-03-17 00:26:09,709 DEBUG server.RaftServer$Division (RaftServerImpl.java:logAppendEntries(1430)) - s10@group-6E994AD85659: receive appendEntries(s1, 1, (t:1, i:50), 50, true, commits:[s1:c50, s10:c49, s0:c47], cId:5021, entries: [(t:1, i:51), STATEMACHINELOGENTRY, 5020@client-2337B1250970]
2023-03-17 00:26:09,710 DEBUG server.RaftServer$Division (RaftServerImpl.java:logAppendEntries(1430)) - s0@group-6E994AD85659: receive appendEntries(s1, 1, (t:1, i:50), 50, true, commits:[s1:c50, s10:c49, s0:c49], cId:5022, entries: [(t:1, i:51), STATEMACHINELOGENTRY, 5020@client-2337B1250970]
2023-03-17 00:26:09,710 DEBUG server.RaftServer$Division (RaftServerImpl.java:logAppendEntries(1430)) - s10@group-6E994AD85659: succeeded to handle AppendEntries. Reply: s1<-s10#5021:OK-t1,SUCCESS,nextIndex=52,followerCommit=50,matchIndex=51
2023-03-17 00:26:09,710 DEBUG server.RaftServer$Division (RaftServerImpl.java:logAppendEntries(1430)) - s0@group-6E994AD85659: succeeded to handle AppendEntries. Reply: s1<-s0#5022:OK-t1,SUCCESS,nextIndex=52,followerCommit=50,matchIndex=51
2023-03-17 00:26:09,711 INFO  statemachine.StateMachine (ArithmeticStateMachine.java:applyTransaction(182)) - LEADER:s1-51: b = 60 = 60
2023-03-17 00:26:09,712 DEBUG server.RaftServer$Division (RaftServerImpl.java:logAppendEntries(1430)) - s10@group-6E994AD85659: receive appendEntries(s1, 1, (t:1, i:51), 51, true, commits:[s1:c51, s10:c50, s0:c49], cId:5023, entries: [(t:1, i:52), METADATAENTRY(c:51)]
2023-03-17 00:26:09,713 DEBUG server.RaftServer$Division (RaftServerImpl.java:logAppendEntries(1430)) - s0@group-6E994AD85659: receive appendEntries(s1, 1, (t:1, i:51), 51, true, commits:[s1:c51, s10:c50, s0:c50], cId:5025, entries: [(t:1, i:52), METADATAENTRY(c:51)]
2023-03-17 00:26:09,712 DEBUG server.RaftServer$Division (RaftServerImpl.java:submitClientRequestAsync(835)) - s1@group-6E994AD85659: receive client request(RaftClientRequest:client-2337B1250970->s1@group-6E994AD85659, cid=5024, seq=0, RW, Message:01016304010300040201...(size=17))
2023-03-17 00:26:09,717 DEBUG server.RaftServer$Division (RaftServerImpl.java:logAppendEntries(1430)) - s10@group-6E994AD85659: succeeded to handle AppendEntries. Reply: s1<-s10#5023:OK-t1,SUCCESS,nextIndex=53,followerCommit=51,matchIndex=52
2023-03-17 00:26:09,717 DEBUG server.RaftServer$Division (LeaderStateImpl.java:addPendingRequest(474)) - s1@group-6E994AD85659-LeaderStateImpl: addPendingRequest at RaftClientRequest:client-2337B1250970->s1@group-6E994AD85659, cid=5024, seq=0, RW, Message:01016304010300040201...(size=17), entry=(t:1, i:53), STATEMACHINELOGENTRY, 5024@client-2337B1250970
2023-03-17 00:26:09,717 DEBUG server.RaftServer$Division (RaftServerImpl.java:logAppendEntries(1430)) - s0@group-6E994AD85659: succeeded to handle AppendEntries. Reply: s1<-s0#5025:OK-t1,SUCCESS,nextIndex=53,followerCommit=51,matchIndex=52
2023-03-17 00:26:09,719 DEBUG server.RaftServer$Division (RaftServerImpl.java:logAppendEntries(1430)) - s0@group-6E994AD85659: receive appendEntries(s1, 1, (t:1, i:52), 51, true, commits:[s1:c51, s10:c51, s0:c51], cId:5027, entries: [(t:1, i:53), STATEMACHINELOGENTRY, 5024@client-2337B1250970]
2023-03-17 00:26:09,719 DEBUG server.RaftServer$Division (RaftServerImpl.java:logAppendEntries(1430)) - s10@group-6E994AD85659: receive appendEntries(s1, 1, (t:1, i:52), 51, true, commits:[s1:c51, s10:c51, s0:c50], cId:5026, entries: [(t:1, i:53), STATEMACHINELOGENTRY, 5024@client-2337B1250970]
2023-03-17 00:26:09,719 DEBUG server.RaftServer$Division (RaftServerImpl.java:logAppendEntries(1430)) - s0@group-6E994AD85659: succeeded to handle AppendEntries. Reply: s1<-s0#5027:OK-t1,SUCCESS,nextIndex=54,followerCommit=51,matchIndex=53
2023-03-17 00:26:09,719 DEBUG server.RaftServer$Division (RaftServerImpl.java:logAppendEntries(1430)) - s10@group-6E994AD85659: succeeded to handle AppendEntries. Reply: s1<-s10#5026:OK-t1,SUCCESS,nextIndex=54,followerCommit=51,matchIndex=53
2023-03-17 00:26:09,720 INFO  statemachine.StateMachine (ArithmeticStateMachine.java:applyTransaction(182)) - LEADER:s1-53: c = √(a^2 + b^2) = 61
2023-03-17 00:26:09,722 DEBUG server.RaftServer$Division (RaftServerImpl.java:logAppendEntries(1430)) - s10@group-6E994AD85659: receive appendEntries(s1, 1, (t:1, i:53), 53, true, commits:[s1:c53, s10:c51, s0:c51], cId:5029, entries: [(t:1, i:54), METADATAENTRY(c:53)]
2023-03-17 00:26:09,722 DEBUG server.RaftServer$Division (RaftServerImpl.java:logAppendEntries(1430)) - s10@group-6E994AD85659: succeeded to handle AppendEntries. Reply: s1<-s10#5029:OK-t1,SUCCESS,nextIndex=55,followerCommit=53,matchIndex=54
2023-03-17 00:26:09,722 DEBUG server.RaftServer$Division (RaftServerImpl.java:submitClientRequestAsync(835)) - s1@group-6E994AD85659: receive client request(RaftClientRequest:client-2337B1250970->s1@group-6E994AD85659, cid=5030, seq=0, RW, Message:01016100)
2023-03-17 00:26:09,722 DEBUG server.RaftServer$Division (LeaderStateImpl.java:addPendingRequest(474)) - s1@group-6E994AD85659-LeaderStateImpl: addPendingRequest at RaftClientRequest:client-2337B1250970->s1@group-6E994AD85659, cid=5030, seq=0, RW, Message:01016100, entry=(t:1, i:55), STATEMACHINELOGENTRY, 5030@client-2337B1250970
2023-03-17 00:26:09,723 DEBUG server.RaftServer$Division (RaftServerImpl.java:logAppendEntries(1430)) - s0@group-6E994AD85659: receive appendEntries(s1, 1, (t:1, i:53), 53, true, commits:[s1:c53, s10:c51, s0:c51], cId:5028, entries: [(t:1, i:54), METADATAENTRY(c:53)]
2023-03-17 00:26:09,723 DEBUG server.RaftServer$Division (RaftServerImpl.java:logAppendEntries(1430)) - s0@group-6E994AD85659: succeeded to handle AppendEntries. Reply: s1<-s0#5028:OK-t1,SUCCESS,nextIndex=55,followerCommit=53,matchIndex=54
2023-03-17 00:26:09,724 DEBUG server.RaftServer$Division (RaftServerImpl.java:logAppendEntries(1430)) - s10@group-6E994AD85659: receive appendEntries(s1, 1, (t:1, i:54), 53, true, commits:[s1:c53, s10:c53, s0:c51], cId:5031, entries: [(t:1, i:55), STATEMACHINELOGENTRY, 5030@client-2337B1250970]
2023-03-17 00:26:09,724 DEBUG server.RaftServer$Division (RaftServerImpl.java:logAppendEntries(1430)) - s10@group-6E994AD85659: succeeded to handle AppendEntries. Reply: s1<-s10#5031:OK-t1,SUCCESS,nextIndex=56,followerCommit=53,matchIndex=55
2023-03-17 00:26:09,725 DEBUG server.RaftServer$Division (RaftServerImpl.java:logAppendEntries(1430)) - s0@group-6E994AD85659: receive appendEntries(s1, 1, (t:1, i:54), 54, true, commits:[s1:c54, s10:c53, s0:c53], cId:5032, entries: [(t:1, i:55), STATEMACHINELOGENTRY, 5030@client-2337B1250970]
2023-03-17 00:26:09,725 INFO  statemachine.StateMachine (ArithmeticStateMachine.java:applyTransaction(182)) - LEADER:s1-55: a = null = null
2023-03-17 00:26:09,726 DEBUG server.RaftServer$Division (RaftServerImpl.java:logAppendEntries(1430)) - s0@group-6E994AD85659: succeeded to handle AppendEntries. Reply: s1<-s0#5032:OK-t1,SUCCESS,nextIndex=56,followerCommit=54,matchIndex=55
2023-03-17 00:26:09,726 DEBUG server.RaftServer$Division (RaftServerImpl.java:logAppendEntries(1430)) - s10@group-6E994AD85659: receive appendEntries(s1, 1, (t:1, i:55), 55, true, commits:[s1:c55, s10:c53, s0:c53], cId:5033, entries: [(t:1, i:56), METADATAENTRY(c:55)]
2023-03-17 00:26:09,727 DEBUG server.RaftServer$Division (RaftServerImpl.java:submitClientRequestAsync(835)) - s1@group-6E994AD85659: receive client request(RaftClientRequest:client-2337B1250970->s1@group-6E994AD85659, cid=5034, seq=0, RW, Message:01016200)
2023-03-17 00:26:09,727 DEBUG server.RaftServer$Division (LeaderStateImpl.java:addPendingRequest(474)) - s1@group-6E994AD85659-LeaderStateImpl: addPendingRequest at RaftClientRequest:client-2337B1250970->s1@group-6E994AD85659, cid=5034, seq=0, RW, Message:01016200, entry=(t:1, i:57), STATEMACHINELOGENTRY, 5034@client-2337B1250970
2023-03-17 00:26:09,727 DEBUG server.RaftServer$Division (RaftServerImpl.java:logAppendEntries(1430)) - s10@group-6E994AD85659: succeeded to handle AppendEntries. Reply: s1<-s10#5033:OK-t1,SUCCESS,nextIndex=57,followerCommit=55,matchIndex=56
2023-03-17 00:26:09,728 DEBUG server.RaftServer$Division (RaftServerImpl.java:logAppendEntries(1430)) - s0@group-6E994AD85659: receive appendEntries(s1, 1, (t:1, i:55), 55, true, commits:[s1:c55, s10:c53, s0:c54], cId:5035, entries: [(t:1, i:56), METADATAENTRY(c:55), (t:1, i:57), STATEMACHINELOGENTRY, 5034@client-2337B1250970]
2023-03-17 00:26:09,729 DEBUG server.RaftServer$Division (RaftServerImpl.java:logAppendEntries(1430)) - s0@group-6E994AD85659: succeeded to handle AppendEntries. Reply: s1<-s0#5035:OK-t1,SUCCESS,nextIndex=58,followerCommit=55,matchIndex=57
2023-03-17 00:26:09,729 DEBUG server.RaftServer$Division (RaftServerImpl.java:logAppendEntries(1430)) - s10@group-6E994AD85659: receive appendEntries(s1, 1, (t:1, i:56), 55, true, commits:[s1:c55, s10:c55, s0:c54], cId:5036, entries: [(t:1, i:57), STATEMACHINELOGENTRY, 5034@client-2337B1250970]
2023-03-17 00:26:09,729 INFO  statemachine.StateMachine (ArithmeticStateMachine.java:applyTransaction(182)) - LEADER:s1-57: b = null = null
2023-03-17 00:26:09,730 DEBUG server.RaftServer$Division (RaftServerImpl.java:logAppendEntries(1430)) - s10@group-6E994AD85659: succeeded to handle AppendEntries. Reply: s1<-s10#5036:OK-t1,SUCCESS,nextIndex=58,followerCommit=55,matchIndex=57
2023-03-17 00:26:09,731 DEBUG server.RaftServer$Division (RaftServerImpl.java:submitClientRequestAsync(835)) - s1@group-6E994AD85659: receive client request(RaftClientRequest:client-2337B1250970->s1@group-6E994AD85659, cid=5038, seq=0, RW, Message:01016300)
2023-03-17 00:26:09,731 DEBUG server.RaftServer$Division (LeaderStateImpl.java:addPendingRequest(474)) - s1@group-6E994AD85659-LeaderStateImpl: addPendingRequest at RaftClientRequest:client-2337B1250970->s1@group-6E994AD85659, cid=5038, seq=0, RW, Message:01016300, entry=(t:1, i:59), STATEMACHINELOGENTRY, 5038@client-2337B1250970
2023-03-17 00:26:09,731 DEBUG server.RaftServer$Division (RaftServerImpl.java:logAppendEntries(1430)) - s0@group-6E994AD85659: receive appendEntries(s1, 1, (t:1, i:57), 57, true, commits:[s1:c57, s10:c55, s0:c55], cId:5037, entries: [(t:1, i:58), METADATAENTRY(c:57)]
2023-03-17 00:26:09,732 DEBUG server.RaftServer$Division (RaftServerImpl.java:logAppendEntries(1430)) - s0@group-6E994AD85659: succeeded to handle AppendEntries. Reply: s1<-s0#5037:OK-t1,SUCCESS,nextIndex=59,followerCommit=57,matchIndex=58
2023-03-17 00:26:09,733 DEBUG server.RaftServer$Division (RaftServerImpl.java:logAppendEntries(1430)) - s10@group-6E994AD85659: receive appendEntries(s1, 1, (t:1, i:57), 57, true, commits:[s1:c57, s10:c55, s0:c55], cId:5039, entries: [(t:1, i:58), METADATAENTRY(c:57), (t:1, i:59), STATEMACHINELOGENTRY, 5038@client-2337B1250970]
2023-03-17 00:26:09,733 DEBUG server.RaftServer$Division (RaftServerImpl.java:logAppendEntries(1430)) - s10@group-6E994AD85659: succeeded to handle AppendEntries. Reply: s1<-s10#5039:OK-t1,SUCCESS,nextIndex=60,followerCommit=57,matchIndex=59
2023-03-17 00:26:09,734 DEBUG server.RaftServer$Division (RaftServerImpl.java:logAppendEntries(1430)) - s0@group-6E994AD85659: receive appendEntries(s1, 1, (t:1, i:58), 57, true, commits:[s1:c57, s10:c55, s0:c57], cId:5040, entries: [(t:1, i:59), STATEMACHINELOGENTRY, 5038@client-2337B1250970]
2023-03-17 00:26:09,735 INFO  statemachine.StateMachine (ArithmeticStateMachine.java:applyTransaction(182)) - LEADER:s1-59: c = null = null
2023-03-17 00:26:09,735 DEBUG server.RaftServer$Division (RaftServerImpl.java:logAppendEntries(1430)) - s0@group-6E994AD85659: succeeded to handle AppendEntries. Reply: s1<-s0#5040:OK-t1,SUCCESS,nextIndex=60,followerCommit=57,matchIndex=59
2023-03-17 00:26:09,736 DEBUG server.RaftServer$Division (RaftServerImpl.java:logAppendEntries(1430)) - s10@group-6E994AD85659: receive appendEntries(s1, 1, (t:1, i:59), 59, true, commits:[s1:c59, s10:c57, s0:c57], cId:5041, entries: [(t:1, i:60), METADATAENTRY(c:59)]
2023-03-17 00:26:09,737 DEBUG server.RaftServer$Division (RaftServerImpl.java:logAppendEntries(1430)) - s0@group-6E994AD85659: receive appendEntries(s1, 1, (t:1, i:59), 59, true, commits:[s1:c59, s10:c57, s0:c57], cId:5043, entries: [(t:1, i:60), METADATAENTRY(c:59)]
2023-03-17 00:26:09,742 DEBUG server.RaftServer$Division (RaftServerImpl.java:logAppendEntries(1430)) - s10@group-6E994AD85659: succeeded to handle AppendEntries. Reply: s1<-s10#5041:OK-t1,SUCCESS,nextIndex=61,followerCommit=59,matchIndex=60
2023-03-17 00:26:09,736 DEBUG server.RaftServer$Division (RaftServerImpl.java:submitClientRequestAsync(835)) - s1@group-6E994AD85659: receive client request(RaftClientRequest:client-2337B1250970->s1@group-6E994AD85659, cid=5042, seq=0, RW, Message:01016102402a00000000...(size=12))
2023-03-17 00:26:09,743 DEBUG server.RaftServer$Division (LeaderStateImpl.java:addPendingRequest(474)) - s1@group-6E994AD85659-LeaderStateImpl: addPendingRequest at RaftClientRequest:client-2337B1250970->s1@group-6E994AD85659, cid=5042, seq=0, RW, Message:01016102402a00000000...(size=12), entry=(t:1, i:61), STATEMACHINELOGENTRY, 5042@client-2337B1250970
2023-03-17 00:26:09,744 DEBUG server.RaftServer$Division (RaftServerImpl.java:logAppendEntries(1430)) - s0@group-6E994AD85659: succeeded to handle AppendEntries. Reply: s1<-s0#5043:OK-t1,SUCCESS,nextIndex=61,followerCommit=59,matchIndex=60
2023-03-17 00:26:09,745 DEBUG server.RaftServer$Division (RaftServerImpl.java:logAppendEntries(1430)) - s10@group-6E994AD85659: receive appendEntries(s1, 1, (t:1, i:60), 59, true, commits:[s1:c59, s10:c59, s0:c57], cId:5044, entries: [(t:1, i:61), STATEMACHINELOGENTRY, 5042@client-2337B1250970]
2023-03-17 00:26:09,746 DEBUG server.RaftServer$Division (RaftServerImpl.java:logAppendEntries(1430)) - s10@group-6E994AD85659: succeeded to handle AppendEntries. Reply: s1<-s10#5044:OK-t1,SUCCESS,nextIndex=62,followerCommit=59,matchIndex=61
2023-03-17 00:26:09,747 INFO  statemachine.StateMachine (ArithmeticStateMachine.java:applyTransaction(182)) - LEADER:s1-61: a = 13 = 13
2023-03-17 00:26:09,748 DEBUG server.RaftServer$Division (RaftServerImpl.java:logAppendEntries(1430)) - s10@group-6E994AD85659: receive appendEntries(s1, 1, (t:1, i:61), 61, true, commits:[s1:c61, s10:c59, s0:c59], cId:5046, entries: [(t:1, i:62), METADATAENTRY(c:61)]
2023-03-17 00:26:09,748 DEBUG server.RaftServer$Division (RaftServerImpl.java:logAppendEntries(1430)) - s0@group-6E994AD85659: receive appendEntries(s1, 1, (t:1, i:60), 60, true, commits:[s1:c60, s10:c59, s0:c59], cId:5045, entries: [(t:1, i:61), STATEMACHINELOGENTRY, 5042@client-2337B1250970]
2023-03-17 00:26:09,748 DEBUG server.RaftServer$Division (RaftServerImpl.java:logAppendEntries(1430)) - s10@group-6E994AD85659: succeeded to handle AppendEntries. Reply: s1<-s10#5046:OK-t1,SUCCESS,nextIndex=63,followerCommit=61,matchIndex=62
2023-03-17 00:26:09,749 DEBUG server.RaftServer$Division (RaftServerImpl.java:submitClientRequestAsync(835)) - s1@group-6E994AD85659: receive client request(RaftClientRequest:client-2337B1250970->s1@group-6E994AD85659, cid=5047, seq=0, RW, Message:01016202405500000000...(size=12))
2023-03-17 00:26:09,749 DEBUG server.RaftServer$Division (LeaderStateImpl.java:addPendingRequest(474)) - s1@group-6E994AD85659-LeaderStateImpl: addPendingRequest at RaftClientRequest:client-2337B1250970->s1@group-6E994AD85659, cid=5047, seq=0, RW, Message:01016202405500000000...(size=12), entry=(t:1, i:63), STATEMACHINELOGENTRY, 5047@client-2337B1250970
2023-03-17 00:26:09,749 DEBUG server.RaftServer$Division (RaftServerImpl.java:logAppendEntries(1430)) - s0@group-6E994AD85659: succeeded to handle AppendEntries. Reply: s1<-s0#5045:OK-t1,SUCCESS,nextIndex=62,followerCommit=60,matchIndex=61
2023-03-17 00:26:09,750 DEBUG server.RaftServer$Division (RaftServerImpl.java:logAppendEntries(1430)) - s10@group-6E994AD85659: receive appendEntries(s1, 1, (t:1, i:62), 61, true, commits:[s1:c61, s10:c61, s0:c59], cId:5048, entries: [(t:1, i:63), STATEMACHINELOGENTRY, 5047@client-2337B1250970]
2023-03-17 00:26:09,750 DEBUG server.RaftServer$Division (RaftServerImpl.java:logAppendEntries(1430)) - s0@group-6E994AD85659: receive appendEntries(s1, 1, (t:1, i:61), 62, true, commits:[s1:c62, s10:c61, s0:c60], cId:5049, entries: [(t:1, i:62), METADATAENTRY(c:61), (t:1, i:63), STATEMACHINELOGENTRY, 5047@client-2337B1250970]
2023-03-17 00:26:09,751 DEBUG server.RaftServer$Division (RaftServerImpl.java:logAppendEntries(1430)) - s10@group-6E994AD85659: succeeded to handle AppendEntries. Reply: s1<-s10#5048:OK-t1,SUCCESS,nextIndex=64,followerCommit=61,matchIndex=63
2023-03-17 00:26:09,751 DEBUG server.RaftServer$Division (RaftServerImpl.java:logAppendEntries(1430)) - s0@group-6E994AD85659: succeeded to handle AppendEntries. Reply: s1<-s0#5049:OK-t1,SUCCESS,nextIndex=64,followerCommit=62,matchIndex=63
2023-03-17 00:26:09,752 INFO  statemachine.StateMachine (ArithmeticStateMachine.java:applyTransaction(182)) - LEADER:s1-63: b = 84 = 84
2023-03-17 00:26:09,753 DEBUG server.RaftServer$Division (RaftServerImpl.java:logAppendEntries(1430)) - s10@group-6E994AD85659: receive appendEntries(s1, 1, (t:1, i:63), 63, true, commits:[s1:c63, s10:c61, s0:c62], cId:5051, entries: [(t:1, i:64), METADATAENTRY(c:63)]
2023-03-17 00:26:09,753 DEBUG server.RaftServer$Division (RaftServerImpl.java:logAppendEntries(1430)) - s10@group-6E994AD85659: succeeded to handle AppendEntries. Reply: s1<-s10#5051:OK-t1,SUCCESS,nextIndex=65,followerCommit=63,matchIndex=64
2023-03-17 00:26:09,753 DEBUG server.RaftServer$Division (RaftServerImpl.java:submitClientRequestAsync(835)) - s1@group-6E994AD85659: receive client request(RaftClientRequest:client-2337B1250970->s1@group-6E994AD85659, cid=5052, seq=0, RW, Message:01016304010300040201...(size=17))
2023-03-17 00:26:09,754 DEBUG server.RaftServer$Division (LeaderStateImpl.java:addPendingRequest(474)) - s1@group-6E994AD85659-LeaderStateImpl: addPendingRequest at RaftClientRequest:client-2337B1250970->s1@group-6E994AD85659, cid=5052, seq=0, RW, Message:01016304010300040201...(size=17), entry=(t:1, i:65), STATEMACHINELOGENTRY, 5052@client-2337B1250970
2023-03-17 00:26:09,754 DEBUG server.RaftServer$Division (RaftServerImpl.java:logAppendEntries(1430)) - s0@group-6E994AD85659: receive appendEntries(s1, 1, (t:1, i:63), 63, true, commits:[s1:c63, s10:c61, s0:c62], cId:5050, entries: [(t:1, i:64), METADATAENTRY(c:63)]
2023-03-17 00:26:09,755 DEBUG server.RaftServer$Division (RaftServerImpl.java:logAppendEntries(1430)) - s0@group-6E994AD85659: succeeded to handle AppendEntries. Reply: s1<-s0#5050:OK-t1,SUCCESS,nextIndex=65,followerCommit=63,matchIndex=64
2023-03-17 00:26:09,755 DEBUG server.RaftServer$Division (RaftServerImpl.java:logAppendEntries(1430)) - s10@group-6E994AD85659: receive appendEntries(s1, 1, (t:1, i:64), 63, true, commits:[s1:c63, s10:c63, s0:c62], cId:5053, entries: [(t:1, i:65), STATEMACHINELOGENTRY, 5052@client-2337B1250970]
2023-03-17 00:26:09,756 DEBUG server.RaftServer$Division (RaftServerImpl.java:logAppendEntries(1430)) - s10@group-6E994AD85659: succeeded to handle AppendEntries. Reply: s1<-s10#5053:OK-t1,SUCCESS,nextIndex=66,followerCommit=63,matchIndex=65
2023-03-17 00:26:09,756 DEBUG server.RaftServer$Division (RaftServerImpl.java:logAppendEntries(1430)) - s0@group-6E994AD85659: receive appendEntries(s1, 1, (t:1, i:64), 64, true, commits:[s1:c64, s10:c63, s0:c63], cId:5054, entries: [(t:1, i:65), STATEMACHINELOGENTRY, 5052@client-2337B1250970]
2023-03-17 00:26:09,756 INFO  statemachine.StateMachine (ArithmeticStateMachine.java:applyTransaction(182)) - LEADER:s1-65: c = √(a^2 + b^2) = 85
2023-03-17 00:26:09,757 DEBUG server.RaftServer$Division (RaftServerImpl.java:logAppendEntries(1430)) - s0@group-6E994AD85659: succeeded to handle AppendEntries. Reply: s1<-s0#5054:OK-t1,SUCCESS,nextIndex=66,followerCommit=64,matchIndex=65
2023-03-17 00:26:09,757 DEBUG server.RaftServer$Division (RaftServerImpl.java:logAppendEntries(1430)) - s10@group-6E994AD85659: receive appendEntries(s1, 1, (t:1, i:65), 65, true, commits:[s1:c65, s10:c63, s0:c63], cId:5055, entries: [(t:1, i:66), METADATAENTRY(c:65)]
2023-03-17 00:26:09,758 DEBUG server.RaftServer$Division (RaftServerImpl.java:submitClientRequestAsync(835)) - s1@group-6E994AD85659: receive client request(RaftClientRequest:client-2337B1250970->s1@group-6E994AD85659, cid=5056, seq=0, RW, Message:01016100)
2023-03-17 00:26:09,758 DEBUG server.RaftServer$Division (RaftServerImpl.java:logAppendEntries(1430)) - s10@group-6E994AD85659: succeeded to handle AppendEntries. Reply: s1<-s10#5055:OK-t1,SUCCESS,nextIndex=67,followerCommit=65,matchIndex=66
2023-03-17 00:26:09,758 DEBUG server.RaftServer$Division (LeaderStateImpl.java:addPendingRequest(474)) - s1@group-6E994AD85659-LeaderStateImpl: addPendingRequest at RaftClientRequest:client-2337B1250970->s1@group-6E994AD85659, cid=5056, seq=0, RW, Message:01016100, entry=(t:1, i:67), STATEMACHINELOGENTRY, 5056@client-2337B1250970
2023-03-17 00:26:09,759 DEBUG server.RaftServer$Division (RaftServerImpl.java:logAppendEntries(1430)) - s0@group-6E994AD85659: receive appendEntries(s1, 1, (t:1, i:65), 65, true, commits:[s1:c65, s10:c63, s0:c64], cId:5057, entries: [(t:1, i:66), METADATAENTRY(c:65), (t:1, i:67), STATEMACHINELOGENTRY, 5056@client-2337B1250970]
2023-03-17 00:26:09,759 DEBUG server.RaftServer$Division (RaftServerImpl.java:logAppendEntries(1430)) - s10@group-6E994AD85659: receive appendEntries(s1, 1, (t:1, i:66), 65, true, commits:[s1:c65, s10:c65, s0:c64], cId:5058, entries: [(t:1, i:67), STATEMACHINELOGENTRY, 5056@client-2337B1250970]
2023-03-17 00:26:09,760 DEBUG server.RaftServer$Division (RaftServerImpl.java:logAppendEntries(1430)) - s0@group-6E994AD85659: succeeded to handle AppendEntries. Reply: s1<-s0#5057:OK-t1,SUCCESS,nextIndex=68,followerCommit=65,matchIndex=67
2023-03-17 00:26:09,760 DEBUG server.RaftServer$Division (RaftServerImpl.java:logAppendEntries(1430)) - s10@group-6E994AD85659: succeeded to handle AppendEntries. Reply: s1<-s10#5058:OK-t1,SUCCESS,nextIndex=68,followerCommit=65,matchIndex=67
2023-03-17 00:26:09,760 INFO  statemachine.StateMachine (ArithmeticStateMachine.java:applyTransaction(182)) - LEADER:s1-67: a = null = null
2023-03-17 00:26:09,761 DEBUG server.RaftServer$Division (RaftServerImpl.java:logAppendEntries(1430)) - s10@group-6E994AD85659: receive appendEntries(s1, 1, (t:1, i:67), 67, true, commits:[s1:c67, s10:c65, s0:c65], cId:5060, entries: [(t:1, i:68), METADATAENTRY(c:67)]
2023-03-17 00:26:09,762 DEBUG server.RaftServer$Division (RaftServerImpl.java:logAppendEntries(1430)) - s10@group-6E994AD85659: succeeded to handle AppendEntries. Reply: s1<-s10#5060:OK-t1,SUCCESS,nextIndex=69,followerCommit=67,matchIndex=68
2023-03-17 00:26:09,762 DEBUG server.RaftServer$Division (RaftServerImpl.java:submitClientRequestAsync(835)) - s1@group-6E994AD85659: receive client request(RaftClientRequest:client-2337B1250970->s1@group-6E994AD85659, cid=5061, seq=0, RW, Message:01016200)
2023-03-17 00:26:09,762 DEBUG server.RaftServer$Division (LeaderStateImpl.java:addPendingRequest(474)) - s1@group-6E994AD85659-LeaderStateImpl: addPendingRequest at RaftClientRequest:client-2337B1250970->s1@group-6E994AD85659, cid=5061, seq=0, RW, Message:01016200, entry=(t:1, i:69), STATEMACHINELOGENTRY, 5061@client-2337B1250970
2023-03-17 00:26:09,763 DEBUG server.RaftServer$Division (RaftServerImpl.java:logAppendEntries(1430)) - s0@group-6E994AD85659: receive appendEntries(s1, 1, (t:1, i:67), 67, true, commits:[s1:c67, s10:c65, s0:c65], cId:5059, entries: [(t:1, i:68), METADATAENTRY(c:67)]
2023-03-17 00:26:09,763 DEBUG server.RaftServer$Division (RaftServerImpl.java:logAppendEntries(1430)) - s0@group-6E994AD85659: succeeded to handle AppendEntries. Reply: s1<-s0#5059:OK-t1,SUCCESS,nextIndex=69,followerCommit=67,matchIndex=68
2023-03-17 00:26:09,764 DEBUG server.RaftServer$Division (RaftServerImpl.java:logAppendEntries(1430)) - s10@group-6E994AD85659: receive appendEntries(s1, 1, (t:1, i:68), 67, true, commits:[s1:c67, s10:c67, s0:c65], cId:5062, entries: [(t:1, i:69), STATEMACHINELOGENTRY, 5061@client-2337B1250970]
2023-03-17 00:26:09,764 DEBUG server.RaftServer$Division (RaftServerImpl.java:logAppendEntries(1430)) - s10@group-6E994AD85659: succeeded to handle AppendEntries. Reply: s1<-s10#5062:OK-t1,SUCCESS,nextIndex=70,followerCommit=67,matchIndex=69
2023-03-17 00:26:09,765 DEBUG server.RaftServer$Division (RaftServerImpl.java:logAppendEntries(1430)) - s0@group-6E994AD85659: receive appendEntries(s1, 1, (t:1, i:68), 68, true, commits:[s1:c68, s10:c67, s0:c67], cId:5063, entries: [(t:1, i:69), STATEMACHINELOGENTRY, 5061@client-2337B1250970]
2023-03-17 00:26:09,765 DEBUG server.RaftServer$Division (RaftServerImpl.java:logAppendEntries(1430)) - s0@group-6E994AD85659: succeeded to handle AppendEntries. Reply: s1<-s0#5063:OK-t1,SUCCESS,nextIndex=70,followerCommit=68,matchIndex=69
2023-03-17 00:26:09,765 INFO  statemachine.StateMachine (ArithmeticStateMachine.java:applyTransaction(182)) - LEADER:s1-69: b = null = null
2023-03-17 00:26:09,766 DEBUG server.RaftServer$Division (RaftServerImpl.java:logAppendEntries(1430)) - s10@group-6E994AD85659: receive appendEntries(s1, 1, (t:1, i:69), 69, true, commits:[s1:c69, s10:c67, s0:c67], cId:5064, entries: [(t:1, i:70), METADATAENTRY(c:69)]
2023-03-17 00:26:09,767 DEBUG server.RaftServer$Division (RaftServerImpl.java:logAppendEntries(1430)) - s10@group-6E994AD85659: succeeded to handle AppendEntries. Reply: s1<-s10#5064:OK-t1,SUCCESS,nextIndex=71,followerCommit=69,matchIndex=70
2023-03-17 00:26:09,768 DEBUG server.RaftServer$Division (RaftServerImpl.java:submitClientRequestAsync(835)) - s1@group-6E994AD85659: receive client request(RaftClientRequest:client-2337B1250970->s1@group-6E994AD85659, cid=5065, seq=0, RW, Message:01016300)
2023-03-17 00:26:09,769 DEBUG server.RaftServer$Division (LeaderStateImpl.java:addPendingRequest(474)) - s1@group-6E994AD85659-LeaderStateImpl: addPendingRequest at RaftClientRequest:client-2337B1250970->s1@group-6E994AD85659, cid=5065, seq=0, RW, Message:01016300, entry=(t:1, i:71), STATEMACHINELOGENTRY, 5065@client-2337B1250970
2023-03-17 00:26:09,770 DEBUG server.RaftServer$Division (RaftServerImpl.java:logAppendEntries(1430)) - s10@group-6E994AD85659: receive appendEntries(s1, 1, (t:1, i:70), 70, true, commits:[s1:c70, s10:c69, s0:c67], cId:5066, entries: [(t:1, i:71), STATEMACHINELOGENTRY, 5065@client-2337B1250970]
2023-03-17 00:26:09,771 DEBUG server.RaftServer$Division (RaftServerImpl.java:logAppendEntries(1430)) - s10@group-6E994AD85659: succeeded to handle AppendEntries. Reply: s1<-s10#5066:OK-t1,SUCCESS,nextIndex=72,followerCommit=70,matchIndex=71
2023-03-17 00:26:09,771 INFO  statemachine.StateMachine (ArithmeticStateMachine.java:applyTransaction(182)) - LEADER:s1-71: c = null = null
2023-03-17 00:26:09,772 DEBUG server.RaftServer$Division (RaftServerImpl.java:logAppendEntries(1430)) - s10@group-6E994AD85659: receive appendEntries(s1, 1, (t:1, i:71), 71, true, commits:[s1:c71, s10:c70, s0:c68], cId:5068, entries: [(t:1, i:72), METADATAENTRY(c:71)]
2023-03-17 00:26:09,773 DEBUG server.RaftServer$Division (RaftServerImpl.java:submitClientRequestAsync(835)) - s1@group-6E994AD85659: receive client request(RaftClientRequest:client-2337B1250970->s1@group-6E994AD85659, cid=5069, seq=0, RW, Message:01016102402e00000000...(size=12))
2023-03-17 00:26:09,773 DEBUG server.RaftServer$Division (RaftServerImpl.java:logAppendEntries(1430)) - s10@group-6E994AD85659: succeeded to handle AppendEntries. Reply: s1<-s10#5068:OK-t1,SUCCESS,nextIndex=73,followerCommit=71,matchIndex=72
2023-03-17 00:26:09,773 DEBUG server.RaftServer$Division (LeaderStateImpl.java:addPendingRequest(474)) - s1@group-6E994AD85659-LeaderStateImpl: addPendingRequest at RaftClientRequest:client-2337B1250970->s1@group-6E994AD85659, cid=5069, seq=0, RW, Message:01016102402e00000000...(size=12), entry=(t:1, i:73), STATEMACHINELOGENTRY, 5069@client-2337B1250970
2023-03-17 00:26:09,771 DEBUG server.RaftServer$Division (RaftServerImpl.java:logAppendEntries(1430)) - s0@group-6E994AD85659: receive appendEntries(s1, 1, (t:1, i:69), 70, true, commits:[s1:c70, s10:c69, s0:c68], cId:5067, entries: [(t:1, i:70), METADATAENTRY(c:69), (t:1, i:71), STATEMACHINELOGENTRY, 5065@client-2337B1250970]
2023-03-17 00:26:09,773 DEBUG server.RaftServer$Division (RaftServerImpl.java:logAppendEntries(1430)) - s0@group-6E994AD85659: succeeded to handle AppendEntries. Reply: s1<-s0#5067:OK-t1,SUCCESS,nextIndex=72,followerCommit=70,matchIndex=71
2023-03-17 00:26:09,775 DEBUG server.RaftServer$Division (RaftServerImpl.java:logAppendEntries(1430)) - s10@group-6E994AD85659: receive appendEntries(s1, 1, (t:1, i:72), 71, true, commits:[s1:c71, s10:c71, s0:c68], cId:5070, entries: [(t:1, i:73), STATEMACHINELOGENTRY, 5069@client-2337B1250970]
2023-03-17 00:26:09,775 DEBUG server.RaftServer$Division (RaftServerImpl.java:logAppendEntries(1430)) - s0@group-6E994AD85659: receive appendEntries(s1, 1, (t:1, i:71), 72, true, commits:[s1:c72, s10:c71, s0:c70], cId:5071, entries: [(t:1, i:72), METADATAENTRY(c:71), (t:1, i:73), STATEMACHINELOGENTRY, 5069@client-2337B1250970]
2023-03-17 00:26:09,775 DEBUG server.RaftServer$Division (RaftServerImpl.java:logAppendEntries(1430)) - s10@group-6E994AD85659: succeeded to handle AppendEntries. Reply: s1<-s10#5070:OK-t1,SUCCESS,nextIndex=74,followerCommit=71,matchIndex=73
2023-03-17 00:26:09,775 DEBUG server.RaftServer$Division (RaftServerImpl.java:logAppendEntries(1430)) - s0@group-6E994AD85659: succeeded to handle AppendEntries. Reply: s1<-s0#5071:OK-t1,SUCCESS,nextIndex=74,followerCommit=72,matchIndex=73
2023-03-17 00:26:09,776 INFO  statemachine.StateMachine (ArithmeticStateMachine.java:applyTransaction(182)) - LEADER:s1-73: a = 15 = 15
2023-03-17 00:26:09,777 DEBUG server.RaftServer$Division (RaftServerImpl.java:logAppendEntries(1430)) - s10@group-6E994AD85659: receive appendEntries(s1, 1, (t:1, i:73), 73, true, commits:[s1:c73, s10:c71, s0:c72], cId:5073, entries: [(t:1, i:74), METADATAENTRY(c:73)]
2023-03-17 00:26:09,778 DEBUG server.RaftServer$Division (RaftServerImpl.java:submitClientRequestAsync(835)) - s1@group-6E994AD85659: receive client request(RaftClientRequest:client-2337B1250970->s1@group-6E994AD85659, cid=5074, seq=0, RW, Message:01016202405c00000000...(size=12))
2023-03-17 00:26:09,778 DEBUG server.RaftServer$Division (RaftServerImpl.java:logAppendEntries(1430)) - s0@group-6E994AD85659: receive appendEntries(s1, 1, (t:1, i:73), 73, true, commits:[s1:c73, s10:c71, s0:c72], cId:5072, entries: [(t:1, i:74), METADATAENTRY(c:73)]
2023-03-17 00:26:09,778 DEBUG server.RaftServer$Division (LeaderStateImpl.java:addPendingRequest(474)) - s1@group-6E994AD85659-LeaderStateImpl: addPendingRequest at RaftClientRequest:client-2337B1250970->s1@group-6E994AD85659, cid=5074, seq=0, RW, Message:01016202405c00000000...(size=12), entry=(t:1, i:75), STATEMACHINELOGENTRY, 5074@client-2337B1250970
2023-03-17 00:26:09,778 DEBUG server.RaftServer$Division (RaftServerImpl.java:logAppendEntries(1430)) - s0@group-6E994AD85659: succeeded to handle AppendEntries. Reply: s1<-s0#5072:OK-t1,SUCCESS,nextIndex=75,followerCommit=73,matchIndex=74
2023-03-17 00:26:09,779 DEBUG server.RaftServer$Division (RaftServerImpl.java:logAppendEntries(1430)) - s10@group-6E994AD85659: succeeded to handle AppendEntries. Reply: s1<-s10#5073:OK-t1,SUCCESS,nextIndex=75,followerCommit=73,matchIndex=74
2023-03-17 00:26:09,780 DEBUG server.RaftServer$Division (RaftServerImpl.java:logAppendEntries(1430)) - s10@group-6E994AD85659: receive appendEntries(s1, 1, (t:1, i:74), 74, true, commits:[s1:c74, s10:c73, s0:c72], cId:5075, entries: [(t:1, i:75), STATEMACHINELOGENTRY, 5074@client-2337B1250970]
2023-03-17 00:26:09,784 DEBUG server.RaftServer$Division (RaftServerImpl.java:logAppendEntries(1430)) - s10@group-6E994AD85659: succeeded to handle AppendEntries. Reply: s1<-s10#5075:OK-t1,SUCCESS,nextIndex=76,followerCommit=74,matchIndex=75
2023-03-17 00:26:09,785 INFO  statemachine.StateMachine (ArithmeticStateMachine.java:applyTransaction(182)) - LEADER:s1-75: b = 112 = 112
2023-03-17 00:26:09,785 DEBUG server.RaftServer$Division (RaftServerImpl.java:logAppendEntries(1430)) - s10@group-6E994AD85659: receive appendEntries(s1, 1, (t:1, i:75), 75, true, commits:[s1:c75, s10:c74, s0:c73], cId:5077, entries: [(t:1, i:76), METADATAENTRY(c:75)]
2023-03-17 00:26:09,780 DEBUG server.RaftServer$Division (RaftServerImpl.java:logAppendEntries(1430)) - s0@group-6E994AD85659: receive appendEntries(s1, 1, (t:1, i:74), 74, true, commits:[s1:c74, s10:c73, s0:c73], cId:5076, entries: [(t:1, i:75), STATEMACHINELOGENTRY, 5074@client-2337B1250970]
2023-03-17 00:26:09,786 DEBUG server.RaftServer$Division (RaftServerImpl.java:logAppendEntries(1430)) - s10@group-6E994AD85659: succeeded to handle AppendEntries. Reply: s1<-s10#5077:OK-t1,SUCCESS,nextIndex=77,followerCommit=75,matchIndex=76
2023-03-17 00:26:09,787 DEBUG server.RaftServer$Division (RaftServerImpl.java:logAppendEntries(1430)) - s0@group-6E994AD85659: succeeded to handle AppendEntries. Reply: s1<-s0#5076:OK-t1,SUCCESS,nextIndex=76,followerCommit=74,matchIndex=75
2023-03-17 00:26:09,787 DEBUG server.RaftServer$Division (RaftServerImpl.java:submitClientRequestAsync(835)) - s1@group-6E994AD85659: receive client request(RaftClientRequest:client-2337B1250970->s1@group-6E994AD85659, cid=5078, seq=0, RW, Message:01016304010300040201...(size=17))
2023-03-17 00:26:09,787 DEBUG server.RaftServer$Division (LeaderStateImpl.java:addPendingRequest(474)) - s1@group-6E994AD85659-LeaderStateImpl: addPendingRequest at RaftClientRequest:client-2337B1250970->s1@group-6E994AD85659, cid=5078, seq=0, RW, Message:01016304010300040201...(size=17), entry=(t:1, i:77), STATEMACHINELOGENTRY, 5078@client-2337B1250970
2023-03-17 00:26:09,788 DEBUG server.RaftServer$Division (RaftServerImpl.java:logAppendEntries(1430)) - s10@group-6E994AD85659: receive appendEntries(s1, 1, (t:1, i:76), 75, true, commits:[s1:c75, s10:c75, s0:c74], cId:5080, entries: [(t:1, i:77), STATEMACHINELOGENTRY, 5078@client-2337B1250970]
2023-03-17 00:26:09,789 DEBUG server.RaftServer$Division (RaftServerImpl.java:logAppendEntries(1430)) - s10@group-6E994AD85659: succeeded to handle AppendEntries. Reply: s1<-s10#5080:OK-t1,SUCCESS,nextIndex=78,followerCommit=75,matchIndex=77
2023-03-17 00:26:09,789 DEBUG server.RaftServer$Division (RaftServerImpl.java:logAppendEntries(1430)) - s0@group-6E994AD85659: receive appendEntries(s1, 1, (t:1, i:75), 75, true, commits:[s1:c75, s10:c74, s0:c74], cId:5079, entries: [(t:1, i:76), METADATAENTRY(c:75), (t:1, i:77), STATEMACHINELOGENTRY, 5078@client-2337B1250970]
2023-03-17 00:26:09,790 INFO  statemachine.StateMachine (ArithmeticStateMachine.java:applyTransaction(182)) - LEADER:s1-77: c = √(a^2 + b^2) = 113
2023-03-17 00:26:09,790 DEBUG server.RaftServer$Division (RaftServerImpl.java:logAppendEntries(1430)) - s0@group-6E994AD85659: succeeded to handle AppendEntries. Reply: s1<-s0#5079:OK-t1,SUCCESS,nextIndex=78,followerCommit=75,matchIndex=77
2023-03-17 00:26:09,791 DEBUG server.RaftServer$Division (RaftServerImpl.java:submitClientRequestAsync(835)) - s1@group-6E994AD85659: receive client request(RaftClientRequest:client-2337B1250970->s1@group-6E994AD85659, cid=5082, seq=0, RW, Message:01016100)
2023-03-17 00:26:09,791 DEBUG server.RaftServer$Division (LeaderStateImpl.java:addPendingRequest(474)) - s1@group-6E994AD85659-LeaderStateImpl: addPendingRequest at RaftClientRequest:client-2337B1250970->s1@group-6E994AD85659, cid=5082, seq=0, RW, Message:01016100, entry=(t:1, i:79), STATEMACHINELOGENTRY, 5082@client-2337B1250970
2023-03-17 00:26:09,792 DEBUG server.RaftServer$Division (RaftServerImpl.java:logAppendEntries(1430)) - s10@group-6E994AD85659: receive appendEntries(s1, 1, (t:1, i:77), 77, true, commits:[s1:c77, s10:c75, s0:c74], cId:5081, entries: [(t:1, i:78), METADATAENTRY(c:77)]
2023-03-17 00:26:09,792 DEBUG server.RaftServer$Division (RaftServerImpl.java:logAppendEntries(1430)) - s0@group-6E994AD85659: receive appendEntries(s1, 1, (t:1, i:77), 77, true, commits:[s1:c77, s10:c75, s0:c75], cId:5083, entries: [(t:1, i:78), METADATAENTRY(c:77)]
2023-03-17 00:26:09,792 DEBUG server.RaftServer$Division (RaftServerImpl.java:logAppendEntries(1430)) - s10@group-6E994AD85659: succeeded to handle AppendEntries. Reply: s1<-s10#5081:OK-t1,SUCCESS,nextIndex=79,followerCommit=77,matchIndex=78
2023-03-17 00:26:09,792 DEBUG server.RaftServer$Division (RaftServerImpl.java:logAppendEntries(1430)) - s0@group-6E994AD85659: succeeded to handle AppendEntries. Reply: s1<-s0#5083:OK-t1,SUCCESS,nextIndex=79,followerCommit=77,matchIndex=78
2023-03-17 00:26:09,794 DEBUG server.RaftServer$Division (RaftServerImpl.java:logAppendEntries(1430)) - s10@group-6E994AD85659: receive appendEntries(s1, 1, (t:1, i:78), 77, true, commits:[s1:c77, s10:c77, s0:c75], cId:5084, entries: [(t:1, i:79), STATEMACHINELOGENTRY, 5082@client-2337B1250970]
2023-03-17 00:26:09,794 DEBUG server.RaftServer$Division (RaftServerImpl.java:logAppendEntries(1430)) - s0@group-6E994AD85659: receive appendEntries(s1, 1, (t:1, i:78), 78, true, commits:[s1:c78, s10:c77, s0:c77], cId:5085, entries: [(t:1, i:79), STATEMACHINELOGENTRY, 5082@client-2337B1250970]
2023-03-17 00:26:09,795 DEBUG server.RaftServer$Division (RaftServerImpl.java:logAppendEntries(1430)) - s10@group-6E994AD85659: succeeded to handle AppendEntries. Reply: s1<-s10#5084:OK-t1,SUCCESS,nextIndex=80,followerCommit=77,matchIndex=79
2023-03-17 00:26:09,795 DEBUG server.RaftServer$Division (RaftServerImpl.java:logAppendEntries(1430)) - s0@group-6E994AD85659: succeeded to handle AppendEntries. Reply: s1<-s0#5085:OK-t1,SUCCESS,nextIndex=80,followerCommit=78,matchIndex=79
2023-03-17 00:26:09,796 INFO  statemachine.StateMachine (ArithmeticStateMachine.java:applyTransaction(182)) - LEADER:s1-79: a = null = null
2023-03-17 00:26:09,797 DEBUG server.RaftServer$Division (RaftServerImpl.java:submitClientRequestAsync(835)) - s1@group-6E994AD85659: receive client request(RaftClientRequest:client-2337B1250970->s1@group-6E994AD85659, cid=5087, seq=0, RW, Message:01016200)
2023-03-17 00:26:09,797 DEBUG server.RaftServer$Division (LeaderStateImpl.java:addPendingRequest(474)) - s1@group-6E994AD85659-LeaderStateImpl: addPendingRequest at RaftClientRequest:client-2337B1250970->s1@group-6E994AD85659, cid=5087, seq=0, RW, Message:01016200, entry=(t:1, i:81), STATEMACHINELOGENTRY, 5087@client-2337B1250970
2023-03-17 00:26:09,797 DEBUG server.RaftServer$Division (RaftServerImpl.java:logAppendEntries(1430)) - s0@group-6E994AD85659: receive appendEntries(s1, 1, (t:1, i:79), 79, true, commits:[s1:c79, s10:c77, s0:c78], cId:5088, entries: [(t:1, i:80), METADATAENTRY(c:79)]
2023-03-17 00:26:09,798 DEBUG server.RaftServer$Division (RaftServerImpl.java:logAppendEntries(1430)) - s10@group-6E994AD85659: receive appendEntries(s1, 1, (t:1, i:79), 79, true, commits:[s1:c79, s10:c77, s0:c77], cId:5086, entries: [(t:1, i:80), METADATAENTRY(c:79)]
2023-03-17 00:26:09,798 DEBUG server.RaftServer$Division (RaftServerImpl.java:logAppendEntries(1430)) - s0@group-6E994AD85659: succeeded to handle AppendEntries. Reply: s1<-s0#5088:OK-t1,SUCCESS,nextIndex=81,followerCommit=79,matchIndex=80
2023-03-17 00:26:09,798 DEBUG server.RaftServer$Division (RaftServerImpl.java:logAppendEntries(1430)) - s10@group-6E994AD85659: succeeded to handle AppendEntries. Reply: s1<-s10#5086:OK-t1,SUCCESS,nextIndex=81,followerCommit=79,matchIndex=80
2023-03-17 00:26:09,801 DEBUG server.RaftServer$Division (RaftServerImpl.java:logAppendEntries(1430)) - s0@group-6E994AD85659: receive appendEntries(s1, 1, (t:1, i:80), 80, true, commits:[s1:c80, s10:c79, s0:c79], cId:5090, entries: [(t:1, i:81), STATEMACHINELOGENTRY, 5087@client-2337B1250970]
2023-03-17 00:26:09,801 DEBUG server.RaftServer$Division (RaftServerImpl.java:logAppendEntries(1430)) - s0@group-6E994AD85659: succeeded to handle AppendEntries. Reply: s1<-s0#5090:OK-t1,SUCCESS,nextIndex=82,followerCommit=80,matchIndex=81
2023-03-17 00:26:09,802 DEBUG server.RaftServer$Division (RaftServerImpl.java:logAppendEntries(1430)) - s10@group-6E994AD85659: receive appendEntries(s1, 1, (t:1, i:80), 79, true, commits:[s1:c79, s10:c79, s0:c78], cId:5089, entries: [(t:1, i:81), STATEMACHINELOGENTRY, 5087@client-2337B1250970]
2023-03-17 00:26:09,802 DEBUG server.RaftServer$Division (RaftServerImpl.java:logAppendEntries(1430)) - s10@group-6E994AD85659: succeeded to handle AppendEntries. Reply: s1<-s10#5089:OK-t1,SUCCESS,nextIndex=82,followerCommit=79,matchIndex=81
2023-03-17 00:26:09,803 INFO  statemachine.StateMachine (ArithmeticStateMachine.java:applyTransaction(182)) - LEADER:s1-81: b = null = null
2023-03-17 00:26:09,804 DEBUG server.RaftServer$Division (RaftServerImpl.java:submitClientRequestAsync(835)) - s1@group-6E994AD85659: receive client request(RaftClientRequest:client-2337B1250970->s1@group-6E994AD85659, cid=5093, seq=0, RW, Message:01016300)
2023-03-17 00:26:09,804 DEBUG server.RaftServer$Division (LeaderStateImpl.java:addPendingRequest(474)) - s1@group-6E994AD85659-LeaderStateImpl: addPendingRequest at RaftClientRequest:client-2337B1250970->s1@group-6E994AD85659, cid=5093, seq=0, RW, Message:01016300, entry=(t:1, i:83), STATEMACHINELOGENTRY, 5093@client-2337B1250970
2023-03-17 00:26:09,804 DEBUG server.RaftServer$Division (RaftServerImpl.java:logAppendEntries(1430)) - s0@group-6E994AD85659: receive appendEntries(s1, 1, (t:1, i:81), 81, true, commits:[s1:c81, s10:c79, s0:c80], cId:5091, entries: [(t:1, i:82), METADATAENTRY(c:81)]
2023-03-17 00:26:09,805 DEBUG server.RaftServer$Division (RaftServerImpl.java:logAppendEntries(1430)) - s0@group-6E994AD85659: succeeded to handle AppendEntries. Reply: s1<-s0#5091:OK-t1,SUCCESS,nextIndex=83,followerCommit=81,matchIndex=82
2023-03-17 00:26:09,805 DEBUG server.RaftServer$Division (RaftServerImpl.java:logAppendEntries(1430)) - s10@group-6E994AD85659: receive appendEntries(s1, 1, (t:1, i:81), 81, true, commits:[s1:c81, s10:c79, s0:c80], cId:5092, entries: [(t:1, i:82), METADATAENTRY(c:81)]
2023-03-17 00:26:09,805 DEBUG server.RaftServer$Division (RaftServerImpl.java:logAppendEntries(1430)) - s10@group-6E994AD85659: succeeded to handle AppendEntries. Reply: s1<-s10#5092:OK-t1,SUCCESS,nextIndex=83,followerCommit=81,matchIndex=82
2023-03-17 00:26:09,807 DEBUG server.RaftServer$Division (RaftServerImpl.java:logAppendEntries(1430)) - s0@group-6E994AD85659: receive appendEntries(s1, 1, (t:1, i:82), 81, true, commits:[s1:c81, s10:c79, s0:c81], cId:5094, entries: [(t:1, i:83), STATEMACHINELOGENTRY, 5093@client-2337B1250970]
2023-03-17 00:26:09,807 DEBUG server.RaftServer$Division (RaftServerImpl.java:logAppendEntries(1430)) - s10@group-6E994AD85659: receive appendEntries(s1, 1, (t:1, i:82), 82, true, commits:[s1:c82, s10:c81, s0:c81], cId:5095, entries: [(t:1, i:83), STATEMACHINELOGENTRY, 5093@client-2337B1250970]
2023-03-17 00:26:09,807 DEBUG server.RaftServer$Division (RaftServerImpl.java:logAppendEntries(1430)) - s0@group-6E994AD85659: succeeded to handle AppendEntries. Reply: s1<-s0#5094:OK-t1,SUCCESS,nextIndex=84,followerCommit=81,matchIndex=83
2023-03-17 00:26:09,808 DEBUG server.RaftServer$Division (RaftServerImpl.java:logAppendEntries(1430)) - s10@group-6E994AD85659: succeeded to handle AppendEntries. Reply: s1<-s10#5095:OK-t1,SUCCESS,nextIndex=84,followerCommit=82,matchIndex=83
2023-03-17 00:26:09,808 INFO  statemachine.StateMachine (ArithmeticStateMachine.java:applyTransaction(182)) - LEADER:s1-83: c = null = null
2023-03-17 00:26:09,810 DEBUG server.RaftServer$Division (RaftServerImpl.java:submitClientRequestAsync(835)) - s1@group-6E994AD85659: receive client request(RaftClientRequest:client-2337B1250970->s1@group-6E994AD85659, cid=5097, seq=0, RW, Message:01016102403100000000...(size=12))
2023-03-17 00:26:09,810 DEBUG server.RaftServer$Division (LeaderStateImpl.java:addPendingRequest(474)) - s1@group-6E994AD85659-LeaderStateImpl: addPendingRequest at RaftClientRequest:client-2337B1250970->s1@group-6E994AD85659, cid=5097, seq=0, RW, Message:01016102403100000000...(size=12), entry=(t:1, i:85), STATEMACHINELOGENTRY, 5097@client-2337B1250970
2023-03-17 00:26:09,811 DEBUG server.RaftServer$Division (RaftServerImpl.java:logAppendEntries(1430)) - s0@group-6E994AD85659: receive appendEntries(s1, 1, (t:1, i:83), 83, true, commits:[s1:c83, s10:c82, s0:c81], cId:5098, entries: [(t:1, i:84), METADATAENTRY(c:83)]
2023-03-17 00:26:09,811 DEBUG server.RaftServer$Division (RaftServerImpl.java:logAppendEntries(1430)) - s10@group-6E994AD85659: receive appendEntries(s1, 1, (t:1, i:83), 83, true, commits:[s1:c83, s10:c82, s0:c81], cId:5096, entries: [(t:1, i:84), METADATAENTRY(c:83)]
2023-03-17 00:26:09,811 DEBUG server.RaftServer$Division (RaftServerImpl.java:logAppendEntries(1430)) - s0@group-6E994AD85659: succeeded to handle AppendEntries. Reply: s1<-s0#5098:OK-t1,SUCCESS,nextIndex=85,followerCommit=83,matchIndex=84
2023-03-17 00:26:09,812 DEBUG server.RaftServer$Division (RaftServerImpl.java:logAppendEntries(1430)) - s10@group-6E994AD85659: succeeded to handle AppendEntries. Reply: s1<-s10#5096:OK-t1,SUCCESS,nextIndex=85,followerCommit=83,matchIndex=84
2023-03-17 00:26:09,813 DEBUG server.RaftServer$Division (RaftServerImpl.java:logAppendEntries(1430)) - s0@group-6E994AD85659: receive appendEntries(s1, 1, (t:1, i:84), 83, true, commits:[s1:c83, s10:c82, s0:c83], cId:5099, entries: [(t:1, i:85), STATEMACHINELOGENTRY, 5097@client-2337B1250970]
2023-03-17 00:26:09,814 DEBUG server.RaftServer$Division (RaftServerImpl.java:logAppendEntries(1430)) - s0@group-6E994AD85659: succeeded to handle AppendEntries. Reply: s1<-s0#5099:OK-t1,SUCCESS,nextIndex=86,followerCommit=83,matchIndex=85
2023-03-17 00:26:09,814 DEBUG server.RaftServer$Division (RaftServerImpl.java:logAppendEntries(1430)) - s10@group-6E994AD85659: receive appendEntries(s1, 1, (t:1, i:84), 84, true, commits:[s1:c84, s10:c83, s0:c83], cId:5100, entries: [(t:1, i:85), STATEMACHINELOGENTRY, 5097@client-2337B1250970]
2023-03-17 00:26:09,815 DEBUG server.RaftServer$Division (RaftServerImpl.java:logAppendEntries(1430)) - s10@group-6E994AD85659: succeeded to handle AppendEntries. Reply: s1<-s10#5100:OK-t1,SUCCESS,nextIndex=86,followerCommit=84,matchIndex=85
2023-03-17 00:26:09,815 INFO  statemachine.StateMachine (ArithmeticStateMachine.java:applyTransaction(182)) - LEADER:s1-85: a = 17 = 17
2023-03-17 00:26:09,817 DEBUG server.RaftServer$Division (RaftServerImpl.java:submitClientRequestAsync(835)) - s1@group-6E994AD85659: receive client request(RaftClientRequest:client-2337B1250970->s1@group-6E994AD85659, cid=5102, seq=0, RW, Message:01016202406200000000...(size=12))
2023-03-17 00:26:09,817 DEBUG server.RaftServer$Division (LeaderStateImpl.java:addPendingRequest(474)) - s1@group-6E994AD85659-LeaderStateImpl: addPendingRequest at RaftClientRequest:client-2337B1250970->s1@group-6E994AD85659, cid=5102, seq=0, RW, Message:01016202406200000000...(size=12), entry=(t:1, i:87), STATEMACHINELOGENTRY, 5102@client-2337B1250970
2023-03-17 00:26:09,817 DEBUG server.RaftServer$Division (RaftServerImpl.java:logAppendEntries(1430)) - s0@group-6E994AD85659: receive appendEntries(s1, 1, (t:1, i:85), 85, true, commits:[s1:c85, s10:c84, s0:c83], cId:5103, entries: [(t:1, i:86), METADATAENTRY(c:85)]
2023-03-17 00:26:09,818 DEBUG server.RaftServer$Division (RaftServerImpl.java:logAppendEntries(1430)) - s10@group-6E994AD85659: receive appendEntries(s1, 1, (t:1, i:85), 85, true, commits:[s1:c85, s10:c84, s0:c83], cId:5101, entries: [(t:1, i:86), METADATAENTRY(c:85)]
2023-03-17 00:26:09,818 DEBUG server.RaftServer$Division (RaftServerImpl.java:logAppendEntries(1430)) - s0@group-6E994AD85659: succeeded to handle AppendEntries. Reply: s1<-s0#5103:OK-t1,SUCCESS,nextIndex=87,followerCommit=85,matchIndex=86
2023-03-17 00:26:09,818 DEBUG server.RaftServer$Division (RaftServerImpl.java:logAppendEntries(1430)) - s10@group-6E994AD85659: succeeded to handle AppendEntries. Reply: s1<-s10#5101:OK-t1,SUCCESS,nextIndex=87,followerCommit=85,matchIndex=86
2023-03-17 00:26:09,820 DEBUG server.RaftServer$Division (RaftServerImpl.java:logAppendEntries(1430)) - s10@group-6E994AD85659: receive appendEntries(s1, 1, (t:1, i:86), 86, true, commits:[s1:c86, s10:c85, s0:c85], cId:5105, entries: [(t:1, i:87), STATEMACHINELOGENTRY, 5102@client-2337B1250970]
2023-03-17 00:26:09,820 DEBUG server.RaftServer$Division (RaftServerImpl.java:logAppendEntries(1430)) - s10@group-6E994AD85659: succeeded to handle AppendEntries. Reply: s1<-s10#5105:OK-t1,SUCCESS,nextIndex=88,followerCommit=86,matchIndex=87
2023-03-17 00:26:09,821 INFO  statemachine.StateMachine (ArithmeticStateMachine.java:applyTransaction(182)) - LEADER:s1-87: b = 144 = 144
2023-03-17 00:26:09,822 DEBUG server.RaftServer$Division (RaftServerImpl.java:logAppendEntries(1430)) - s10@group-6E994AD85659: receive appendEntries(s1, 1, (t:1, i:87), 87, true, commits:[s1:c87, s10:c86, s0:c85], cId:5107, entries: [(t:1, i:88), METADATAENTRY(c:87)]
2023-03-17 00:26:09,820 DEBUG server.RaftServer$Division (RaftServerImpl.java:logAppendEntries(1430)) - s0@group-6E994AD85659: receive appendEntries(s1, 1, (t:1, i:86), 85, true, commits:[s1:c85, s10:c84, s0:c85], cId:5104, entries: [(t:1, i:87), STATEMACHINELOGENTRY, 5102@client-2337B1250970]
2023-03-17 00:26:09,822 DEBUG server.RaftServer$Division (RaftServerImpl.java:submitClientRequestAsync(835)) - s1@group-6E994AD85659: receive client request(RaftClientRequest:client-2337B1250970->s1@group-6E994AD85659, cid=5106, seq=0, RW, Message:01016304010300040201...(size=17))
2023-03-17 00:26:09,823 DEBUG server.RaftServer$Division (LeaderStateImpl.java:addPendingRequest(474)) - s1@group-6E994AD85659-LeaderStateImpl: addPendingRequest at RaftClientRequest:client-2337B1250970->s1@group-6E994AD85659, cid=5106, seq=0, RW, Message:01016304010300040201...(size=17), entry=(t:1, i:89), STATEMACHINELOGENTRY, 5106@client-2337B1250970
2023-03-17 00:26:09,823 DEBUG server.RaftServer$Division (RaftServerImpl.java:logAppendEntries(1430)) - s10@group-6E994AD85659: succeeded to handle AppendEntries. Reply: s1<-s10#5107:OK-t1,SUCCESS,nextIndex=89,followerCommit=87,matchIndex=88
2023-03-17 00:26:09,824 DEBUG server.RaftServer$Division (RaftServerImpl.java:logAppendEntries(1430)) - s0@group-6E994AD85659: succeeded to handle AppendEntries. Reply: s1<-s0#5104:OK-t1,SUCCESS,nextIndex=88,followerCommit=85,matchIndex=87
2023-03-17 00:26:09,825 DEBUG server.RaftServer$Division (RaftServerImpl.java:logAppendEntries(1430)) - s10@group-6E994AD85659: receive appendEntries(s1, 1, (t:1, i:88), 87, true, commits:[s1:c87, s10:c87, s0:c85], cId:5108, entries: [(t:1, i:89), STATEMACHINELOGENTRY, 5106@client-2337B1250970]
2023-03-17 00:26:09,825 DEBUG server.RaftServer$Division (RaftServerImpl.java:logAppendEntries(1430)) - s0@group-6E994AD85659: receive appendEntries(s1, 1, (t:1, i:87), 87, true, commits:[s1:c87, s10:c87, s0:c85], cId:5109, entries: [(t:1, i:88), METADATAENTRY(c:87), (t:1, i:89), STATEMACHINELOGENTRY, 5106@client-2337B1250970]
2023-03-17 00:26:09,825 DEBUG server.RaftServer$Division (RaftServerImpl.java:logAppendEntries(1430)) - s10@group-6E994AD85659: succeeded to handle AppendEntries. Reply: s1<-s10#5108:OK-t1,SUCCESS,nextIndex=90,followerCommit=87,matchIndex=89
2023-03-17 00:26:09,826 DEBUG server.RaftServer$Division (RaftServerImpl.java:logAppendEntries(1430)) - s0@group-6E994AD85659: succeeded to handle AppendEntries. Reply: s1<-s0#5109:OK-t1,SUCCESS,nextIndex=90,followerCommit=87,matchIndex=89
2023-03-17 00:26:09,826 INFO  statemachine.StateMachine (ArithmeticStateMachine.java:applyTransaction(182)) - LEADER:s1-89: c = √(a^2 + b^2) = 145
2023-03-17 00:26:09,827 DEBUG server.RaftServer$Division (RaftServerImpl.java:submitClientRequestAsync(835)) - s1@group-6E994AD85659: receive client request(RaftClientRequest:client-2337B1250970->s1@group-6E994AD85659, cid=5110, seq=0, RW, Message:01016100)
2023-03-17 00:26:09,827 DEBUG server.RaftServer$Division (RaftServerImpl.java:logAppendEntries(1430)) - s10@group-6E994AD85659: receive appendEntries(s1, 1, (t:1, i:89), 89, true, commits:[s1:c89, s10:c87, s0:c85], cId:5111, entries: [(t:1, i:90), METADATAENTRY(c:89)]
2023-03-17 00:26:09,828 DEBUG server.RaftServer$Division (LeaderStateImpl.java:addPendingRequest(474)) - s1@group-6E994AD85659-LeaderStateImpl: addPendingRequest at RaftClientRequest:client-2337B1250970->s1@group-6E994AD85659, cid=5110, seq=0, RW, Message:01016100, entry=(t:1, i:91), STATEMACHINELOGENTRY, 5110@client-2337B1250970
2023-03-17 00:26:09,828 DEBUG server.RaftServer$Division (RaftServerImpl.java:logAppendEntries(1430)) - s10@group-6E994AD85659: succeeded to handle AppendEntries. Reply: s1<-s10#5111:OK-t1,SUCCESS,nextIndex=91,followerCommit=89,matchIndex=90
2023-03-17 00:26:09,829 DEBUG server.RaftServer$Division (RaftServerImpl.java:logAppendEntries(1430)) - s0@group-6E994AD85659: receive appendEntries(s1, 1, (t:1, i:89), 89, true, commits:[s1:c89, s10:c87, s0:c87], cId:5112, entries: [(t:1, i:90), METADATAENTRY(c:89), (t:1, i:91), STATEMACHINELOGENTRY, 5110@client-2337B1250970]
2023-03-17 00:26:09,830 DEBUG server.RaftServer$Division (RaftServerImpl.java:logAppendEntries(1430)) - s0@group-6E994AD85659: succeeded to handle AppendEntries. Reply: s1<-s0#5112:OK-t1,SUCCESS,nextIndex=92,followerCommit=89,matchIndex=91
2023-03-17 00:26:09,830 DEBUG server.RaftServer$Division (RaftServerImpl.java:logAppendEntries(1430)) - s10@group-6E994AD85659: receive appendEntries(s1, 1, (t:1, i:90), 90, true, commits:[s1:c90, s10:c89, s0:c87], cId:5113, entries: [(t:1, i:91), STATEMACHINELOGENTRY, 5110@client-2337B1250970]
2023-03-17 00:26:09,830 INFO  statemachine.StateMachine (ArithmeticStateMachine.java:applyTransaction(182)) - LEADER:s1-91: a = null = null
2023-03-17 00:26:09,831 DEBUG server.RaftServer$Division (RaftServerImpl.java:logAppendEntries(1430)) - s10@group-6E994AD85659: succeeded to handle AppendEntries. Reply: s1<-s10#5113:OK-t1,SUCCESS,nextIndex=92,followerCommit=90,matchIndex=91
2023-03-17 00:26:09,832 DEBUG server.RaftServer$Division (RaftServerImpl.java:submitClientRequestAsync(835)) - s1@group-6E994AD85659: receive client request(RaftClientRequest:client-2337B1250970->s1@group-6E994AD85659, cid=5115, seq=0, RW, Message:01016200)
2023-03-17 00:26:09,832 DEBUG server.RaftServer$Division (LeaderStateImpl.java:addPendingRequest(474)) - s1@group-6E994AD85659-LeaderStateImpl: addPendingRequest at RaftClientRequest:client-2337B1250970->s1@group-6E994AD85659, cid=5115, seq=0, RW, Message:01016200, entry=(t:1, i:93), STATEMACHINELOGENTRY, 5115@client-2337B1250970
2023-03-17 00:26:09,832 DEBUG server.RaftServer$Division (RaftServerImpl.java:logAppendEntries(1430)) - s10@group-6E994AD85659: receive appendEntries(s1, 1, (t:1, i:91), 91, true, commits:[s1:c91, s10:c90, s0:c89], cId:5116, entries: [(t:1, i:92), METADATAENTRY(c:91)]
2023-03-17 00:26:09,832 DEBUG server.RaftServer$Division (RaftServerImpl.java:logAppendEntries(1430)) - s0@group-6E994AD85659: receive appendEntries(s1, 1, (t:1, i:91), 91, true, commits:[s1:c91, s10:c89, s0:c89], cId:5114, entries: [(t:1, i:92), METADATAENTRY(c:91)]
2023-03-17 00:26:09,833 DEBUG server.RaftServer$Division (RaftServerImpl.java:logAppendEntries(1430)) - s10@group-6E994AD85659: succeeded to handle AppendEntries. Reply: s1<-s10#5116:OK-t1,SUCCESS,nextIndex=93,followerCommit=91,matchIndex=92
2023-03-17 00:26:09,833 DEBUG server.RaftServer$Division (RaftServerImpl.java:logAppendEntries(1430)) - s0@group-6E994AD85659: succeeded to handle AppendEntries. Reply: s1<-s0#5114:OK-t1,SUCCESS,nextIndex=93,followerCommit=91,matchIndex=92
2023-03-17 00:26:09,834 DEBUG server.RaftServer$Division (RaftServerImpl.java:logAppendEntries(1430)) - s0@group-6E994AD85659: receive appendEntries(s1, 1, (t:1, i:92), 91, true, commits:[s1:c91, s10:c90, s0:c91], cId:5117, entries: [(t:1, i:93), STATEMACHINELOGENTRY, 5115@client-2337B1250970]
2023-03-17 00:26:09,835 DEBUG server.RaftServer$Division (RaftServerImpl.java:logAppendEntries(1430)) - s0@group-6E994AD85659: succeeded to handle AppendEntries. Reply: s1<-s0#5117:OK-t1,SUCCESS,nextIndex=94,followerCommit=91,matchIndex=93
2023-03-17 00:26:09,834 DEBUG server.RaftServer$Division (RaftServerImpl.java:logAppendEntries(1430)) - s10@group-6E994AD85659: receive appendEntries(s1, 1, (t:1, i:92), 91, true, commits:[s1:c91, s10:c91, s0:c91], cId:5118, entries: [(t:1, i:93), STATEMACHINELOGENTRY, 5115@client-2337B1250970]
2023-03-17 00:26:09,838 DEBUG server.RaftServer$Division (RaftServerImpl.java:logAppendEntries(1430)) - s10@group-6E994AD85659: succeeded to handle AppendEntries. Reply: s1<-s10#5118:OK-t1,SUCCESS,nextIndex=94,followerCommit=91,matchIndex=93
2023-03-17 00:26:09,839 INFO  statemachine.StateMachine (ArithmeticStateMachine.java:applyTransaction(182)) - LEADER:s1-93: b = null = null
2023-03-17 00:26:09,840 DEBUG server.RaftServer$Division (RaftServerImpl.java:logAppendEntries(1430)) - s10@group-6E994AD85659: receive appendEntries(s1, 1, (t:1, i:93), 93, true, commits:[s1:c93, s10:c91, s0:c91], cId:5119, entries: [(t:1, i:94), METADATAENTRY(c:93)]
2023-03-17 00:26:09,840 DEBUG server.RaftServer$Division (RaftServerImpl.java:logAppendEntries(1430)) - s10@group-6E994AD85659: succeeded to handle AppendEntries. Reply: s1<-s10#5119:OK-t1,SUCCESS,nextIndex=95,followerCommit=93,matchIndex=94
2023-03-17 00:26:09,841 DEBUG server.RaftServer$Division (RaftServerImpl.java:submitClientRequestAsync(835)) - s1@group-6E994AD85659: receive client request(RaftClientRequest:client-2337B1250970->s1@group-6E994AD85659, cid=5120, seq=0, RW, Message:01016300)
2023-03-17 00:26:09,841 DEBUG server.RaftServer$Division (LeaderStateImpl.java:addPendingRequest(474)) - s1@group-6E994AD85659-LeaderStateImpl: addPendingRequest at RaftClientRequest:client-2337B1250970->s1@group-6E994AD85659, cid=5120, seq=0, RW, Message:01016300, entry=(t:1, i:95), STATEMACHINELOGENTRY, 5120@client-2337B1250970
2023-03-17 00:26:09,842 DEBUG server.RaftServer$Division (RaftServerImpl.java:logAppendEntries(1430)) - s0@group-6E994AD85659: receive appendEntries(s1, 1, (t:1, i:93), 93, true, commits:[s1:c93, s10:c91, s0:c91], cId:5121, entries: [(t:1, i:94), METADATAENTRY(c:93)]
2023-03-17 00:26:09,842 DEBUG server.RaftServer$Division (RaftServerImpl.java:logAppendEntries(1430)) - s10@group-6E994AD85659: receive appendEntries(s1, 1, (t:1, i:94), 93, true, commits:[s1:c93, s10:c93, s0:c91], cId:5122, entries: [(t:1, i:95), STATEMACHINELOGENTRY, 5120@client-2337B1250970]
2023-03-17 00:26:09,842 DEBUG server.RaftServer$Division (RaftServerImpl.java:logAppendEntries(1430)) - s0@group-6E994AD85659: succeeded to handle AppendEntries. Reply: s1<-s0#5121:OK-t1,SUCCESS,nextIndex=95,followerCommit=93,matchIndex=94
2023-03-17 00:26:09,843 DEBUG server.RaftServer$Division (RaftServerImpl.java:logAppendEntries(1430)) - s10@group-6E994AD85659: succeeded to handle AppendEntries. Reply: s1<-s10#5122:OK-t1,SUCCESS,nextIndex=96,followerCommit=93,matchIndex=95
2023-03-17 00:26:09,843 INFO  statemachine.StateMachine (ArithmeticStateMachine.java:applyTransaction(182)) - LEADER:s1-95: c = null = null
2023-03-17 00:26:09,844 DEBUG server.RaftServer$Division (RaftServerImpl.java:logAppendEntries(1430)) - s0@group-6E994AD85659: receive appendEntries(s1, 1, (t:1, i:94), 94, true, commits:[s1:c94, s10:c93, s0:c93], cId:5123, entries: [(t:1, i:95), STATEMACHINELOGENTRY, 5120@client-2337B1250970]
2023-03-17 00:26:09,844 DEBUG server.RaftServer$Division (RaftServerImpl.java:logAppendEntries(1430)) - s10@group-6E994AD85659: receive appendEntries(s1, 1, (t:1, i:95), 95, true, commits:[s1:c95, s10:c93, s0:c93], cId:5124, entries: [(t:1, i:96), METADATAENTRY(c:95)]
2023-03-17 00:26:09,845 DEBUG server.RaftServer$Division (RaftServerImpl.java:logAppendEntries(1430)) - s0@group-6E994AD85659: succeeded to handle AppendEntries. Reply: s1<-s0#5123:OK-t1,SUCCESS,nextIndex=96,followerCommit=94,matchIndex=95
2023-03-17 00:26:09,845 DEBUG server.RaftServer$Division (RaftServerImpl.java:submitClientRequestAsync(835)) - s1@group-6E994AD85659: receive client request(RaftClientRequest:client-2337B1250970->s1@group-6E994AD85659, cid=5125, seq=0, RW, Message:01016102403300000000...(size=12))
2023-03-17 00:26:09,845 DEBUG server.RaftServer$Division (LeaderStateImpl.java:addPendingRequest(474)) - s1@group-6E994AD85659-LeaderStateImpl: addPendingRequest at RaftClientRequest:client-2337B1250970->s1@group-6E994AD85659, cid=5125, seq=0, RW, Message:01016102403300000000...(size=12), entry=(t:1, i:97), STATEMACHINELOGENTRY, 5125@client-2337B1250970
2023-03-17 00:26:09,845 DEBUG server.RaftServer$Division (RaftServerImpl.java:logAppendEntries(1430)) - s10@group-6E994AD85659: succeeded to handle AppendEntries. Reply: s1<-s10#5124:OK-t1,SUCCESS,nextIndex=97,followerCommit=95,matchIndex=96
2023-03-17 00:26:09,847 DEBUG server.RaftServer$Division (RaftServerImpl.java:logAppendEntries(1430)) - s0@group-6E994AD85659: receive appendEntries(s1, 1, (t:1, i:95), 95, true, commits:[s1:c95, s10:c93, s0:c94], cId:5126, entries: [(t:1, i:96), METADATAENTRY(c:95), (t:1, i:97), STATEMACHINELOGENTRY, 5125@client-2337B1250970]
2023-03-17 00:26:09,848 DEBUG server.RaftServer$Division (RaftServerImpl.java:logAppendEntries(1430)) - s0@group-6E994AD85659: succeeded to handle AppendEntries. Reply: s1<-s0#5126:OK-t1,SUCCESS,nextIndex=98,followerCommit=95,matchIndex=97
2023-03-17 00:26:09,848 DEBUG server.RaftServer$Division (RaftServerImpl.java:logAppendEntries(1430)) - s10@group-6E994AD85659: receive appendEntries(s1, 1, (t:1, i:96), 95, true, commits:[s1:c95, s10:c95, s0:c94], cId:5127, entries: [(t:1, i:97), STATEMACHINELOGENTRY, 5125@client-2337B1250970]
2023-03-17 00:26:09,849 INFO  statemachine.StateMachine (ArithmeticStateMachine.java:applyTransaction(182)) - LEADER:s1-97: a = 19 = 19
2023-03-17 00:26:09,850 DEBUG server.RaftServer$Division (RaftServerImpl.java:submitClientRequestAsync(835)) - s1@group-6E994AD85659: receive client request(RaftClientRequest:client-2337B1250970->s1@group-6E994AD85659, cid=5129, seq=0, RW, Message:01016202406680000000...(size=12))
2023-03-17 00:26:09,850 DEBUG server.RaftServer$Division (RaftServerImpl.java:logAppendEntries(1430)) - s10@group-6E994AD85659: succeeded to handle AppendEntries. Reply: s1<-s10#5127:OK-t1,SUCCESS,nextIndex=98,followerCommit=95,matchIndex=97
2023-03-17 00:26:09,850 DEBUG server.RaftServer$Division (LeaderStateImpl.java:addPendingRequest(474)) - s1@group-6E994AD85659-LeaderStateImpl: addPendingRequest at RaftClientRequest:client-2337B1250970->s1@group-6E994AD85659, cid=5129, seq=0, RW, Message:01016202406680000000...(size=12), entry=(t:1, i:99), STATEMACHINELOGENTRY, 5129@client-2337B1250970
2023-03-17 00:26:09,851 DEBUG server.RaftServer$Division (RaftServerImpl.java:logAppendEntries(1430)) - s0@group-6E994AD85659: receive appendEntries(s1, 1, (t:1, i:97), 97, true, commits:[s1:c97, s10:c95, s0:c95], cId:5128, entries: [(t:1, i:98), METADATAENTRY(c:97)]
2023-03-17 00:26:09,852 DEBUG server.RaftServer$Division (RaftServerImpl.java:logAppendEntries(1430)) - s0@group-6E994AD85659: succeeded to handle AppendEntries. Reply: s1<-s0#5128:OK-t1,SUCCESS,nextIndex=99,followerCommit=97,matchIndex=98
2023-03-17 00:26:09,852 DEBUG server.RaftServer$Division (RaftServerImpl.java:logAppendEntries(1430)) - s10@group-6E994AD85659: receive appendEntries(s1, 1, (t:1, i:97), 97, true, commits:[s1:c97, s10:c95, s0:c95], cId:5130, entries: [(t:1, i:98), METADATAENTRY(c:97), (t:1, i:99), STATEMACHINELOGENTRY, 5129@client-2337B1250970]
2023-03-17 00:26:09,853 DEBUG server.RaftServer$Division (RaftServerImpl.java:logAppendEntries(1430)) - s10@group-6E994AD85659: succeeded to handle AppendEntries. Reply: s1<-s10#5130:OK-t1,SUCCESS,nextIndex=100,followerCommit=97,matchIndex=99
2023-03-17 00:26:09,853 DEBUG server.RaftServer$Division (RaftServerImpl.java:logAppendEntries(1430)) - s0@group-6E994AD85659: receive appendEntries(s1, 1, (t:1, i:98), 97, true, commits:[s1:c97, s10:c95, s0:c97], cId:5131, entries: [(t:1, i:99), STATEMACHINELOGENTRY, 5129@client-2337B1250970]
2023-03-17 00:26:09,853 DEBUG server.RaftServer$Division (RaftServerImpl.java:logAppendEntries(1430)) - s0@group-6E994AD85659: succeeded to handle AppendEntries. Reply: s1<-s0#5131:OK-t1,SUCCESS,nextIndex=100,followerCommit=97,matchIndex=99
2023-03-17 00:26:09,854 INFO  statemachine.StateMachine (ArithmeticStateMachine.java:applyTransaction(182)) - LEADER:s1-99: b = 180 = 180
2023-03-17 00:26:09,855 DEBUG server.RaftServer$Division (RaftServerImpl.java:logAppendEntries(1430)) - s10@group-6E994AD85659: receive appendEntries(s1, 1, (t:1, i:99), 99, true, commits:[s1:c99, s10:c97, s0:c97], cId:5132, entries: [(t:1, i:100), METADATAENTRY(c:99)]
2023-03-17 00:26:09,855 DEBUG server.RaftServer$Division (RaftServerImpl.java:logAppendEntries(1430)) - s10@group-6E994AD85659: succeeded to handle AppendEntries. Reply: s1<-s10#5132:OK-t1,SUCCESS,nextIndex=101,followerCommit=99,matchIndex=100
2023-03-17 00:26:09,856 DEBUG server.RaftServer$Division (RaftServerImpl.java:submitClientRequestAsync(835)) - s1@group-6E994AD85659: receive client request(RaftClientRequest:client-2337B1250970->s1@group-6E994AD85659, cid=5134, seq=0, RW, Message:01016304010300040201...(size=17))
2023-03-17 00:26:09,857 DEBUG server.RaftServer$Division (LeaderStateImpl.java:addPendingRequest(474)) - s1@group-6E994AD85659-LeaderStateImpl: addPendingRequest at RaftClientRequest:client-2337B1250970->s1@group-6E994AD85659, cid=5134, seq=0, RW, Message:01016304010300040201...(size=17), entry=(t:1, i:101), STATEMACHINELOGENTRY, 5134@client-2337B1250970
2023-03-17 00:26:09,857 DEBUG server.RaftServer$Division (RaftServerImpl.java:logAppendEntries(1430)) - s0@group-6E994AD85659: receive appendEntries(s1, 1, (t:1, i:99), 99, true, commits:[s1:c99, s10:c97, s0:c97], cId:5133, entries: [(t:1, i:100), METADATAENTRY(c:99)]
2023-03-17 00:26:09,858 DEBUG server.RaftServer$Division (RaftServerImpl.java:logAppendEntries(1430)) - s0@group-6E994AD85659: succeeded to handle AppendEntries. Reply: s1<-s0#5133:OK-t1,SUCCESS,nextIndex=101,followerCommit=99,matchIndex=100
2023-03-17 00:26:09,858 DEBUG server.RaftServer$Division (RaftServerImpl.java:logAppendEntries(1430)) - s10@group-6E994AD85659: receive appendEntries(s1, 1, (t:1, i:100), 100, true, commits:[s1:c100, s10:c99, s0:c97], cId:5135, entries: [(t:1, i:101), STATEMACHINELOGENTRY, 5134@client-2337B1250970]
2023-03-17 00:26:09,858 DEBUG server.RaftServer$Division (RaftServerImpl.java:logAppendEntries(1430)) - s10@group-6E994AD85659: succeeded to handle AppendEntries. Reply: s1<-s10#5135:OK-t1,SUCCESS,nextIndex=102,followerCommit=100,matchIndex=101
2023-03-17 00:26:09,859 INFO  statemachine.StateMachine (ArithmeticStateMachine.java:applyTransaction(182)) - LEADER:s1-101: c = √(a^2 + b^2) = 181
2023-03-17 00:26:09,860 DEBUG server.RaftServer$Division (RaftServerImpl.java:logAppendEntries(1430)) - s10@group-6E994AD85659: receive appendEntries(s1, 1, (t:1, i:101), 101, true, commits:[s1:c101, s10:c100, s0:c99], cId:5137, entries: [(t:1, i:102), METADATAENTRY(c:101)]
2023-03-17 00:26:09,860 DEBUG server.RaftServer$Division (RaftServerImpl.java:logAppendEntries(1430)) - s0@group-6E994AD85659: receive appendEntries(s1, 1, (t:1, i:100), 100, true, commits:[s1:c100, s10:c99, s0:c99], cId:5136, entries: [(t:1, i:101), STATEMACHINELOGENTRY, 5134@client-2337B1250970]
2023-03-17 00:26:09,860 DEBUG server.RaftServer$Division (RaftServerImpl.java:submitClientRequestAsync(835)) - s1@group-6E994AD85659: receive client request(RaftClientRequest:client-2337B1250970->s1@group-6E994AD85659, cid=5138, seq=0, RW, Message:01016100)
2023-03-17 00:26:09,861 DEBUG server.RaftServer$Division (RaftServerImpl.java:logAppendEntries(1430)) - s10@group-6E994AD85659: succeeded to handle AppendEntries. Reply: s1<-s10#5137:OK-t1,SUCCESS,nextIndex=103,followerCommit=101,matchIndex=102
2023-03-17 00:26:09,861 DEBUG server.RaftServer$Division (LeaderStateImpl.java:addPendingRequest(474)) - s1@group-6E994AD85659-LeaderStateImpl: addPendingRequest at RaftClientRequest:client-2337B1250970->s1@group-6E994AD85659, cid=5138, seq=0, RW, Message:01016100, entry=(t:1, i:103), STATEMACHINELOGENTRY, 5138@client-2337B1250970
2023-03-17 00:26:09,861 DEBUG server.RaftServer$Division (RaftServerImpl.java:logAppendEntries(1430)) - s0@group-6E994AD85659: succeeded to handle AppendEntries. Reply: s1<-s0#5136:OK-t1,SUCCESS,nextIndex=102,followerCommit=100,matchIndex=101
2023-03-17 00:26:09,862 DEBUG server.RaftServer$Division (RaftServerImpl.java:logAppendEntries(1430)) - s10@group-6E994AD85659: receive appendEntries(s1, 1, (t:1, i:102), 101, true, commits:[s1:c101, s10:c101, s0:c100], cId:5140, entries: [(t:1, i:103), STATEMACHINELOGENTRY, 5138@client-2337B1250970]
2023-03-17 00:26:09,862 DEBUG server.RaftServer$Division (RaftServerImpl.java:logAppendEntries(1430)) - s0@group-6E994AD85659: receive appendEntries(s1, 1, (t:1, i:101), 101, true, commits:[s1:c101, s10:c101, s0:c100], cId:5139, entries: [(t:1, i:102), METADATAENTRY(c:101), (t:1, i:103), STATEMACHINELOGENTRY, 5138@client-2337B1250970]
2023-03-17 00:26:09,864 DEBUG server.RaftServer$Division (RaftServerImpl.java:logAppendEntries(1430)) - s0@group-6E994AD85659: succeeded to handle AppendEntries. Reply: s1<-s0#5139:OK-t1,SUCCESS,nextIndex=104,followerCommit=101,matchIndex=103
2023-03-17 00:26:09,864 DEBUG server.RaftServer$Division (RaftServerImpl.java:logAppendEntries(1430)) - s10@group-6E994AD85659: succeeded to handle AppendEntries. Reply: s1<-s10#5140:OK-t1,SUCCESS,nextIndex=104,followerCommit=101,matchIndex=103
2023-03-17 00:26:09,864 INFO  statemachine.StateMachine (ArithmeticStateMachine.java:applyTransaction(182)) - LEADER:s1-103: a = null = null
2023-03-17 00:26:09,865 DEBUG server.RaftServer$Division (RaftServerImpl.java:logAppendEntries(1430)) - s10@group-6E994AD85659: receive appendEntries(s1, 1, (t:1, i:103), 103, true, commits:[s1:c103, s10:c101, s0:c101], cId:5142, entries: [(t:1, i:104), METADATAENTRY(c:103)]
2023-03-17 00:26:09,866 DEBUG server.RaftServer$Division (RaftServerImpl.java:logAppendEntries(1430)) - s0@group-6E994AD85659: receive appendEntries(s1, 1, (t:1, i:103), 103, true, commits:[s1:c103, s10:c101, s0:c101], cId:5141, entries: [(t:1, i:104), METADATAENTRY(c:103)]
2023-03-17 00:26:09,866 DEBUG server.RaftServer$Division (RaftServerImpl.java:submitClientRequestAsync(835)) - s1@group-6E994AD85659: receive client request(RaftClientRequest:client-2337B1250970->s1@group-6E994AD85659, cid=5143, seq=0, RW, Message:01016200)
2023-03-17 00:26:09,868 DEBUG server.RaftServer$Division (RaftServerImpl.java:logAppendEntries(1430)) - s10@group-6E994AD85659: succeeded to handle AppendEntries. Reply: s1<-s10#5142:OK-t1,SUCCESS,nextIndex=105,followerCommit=103,matchIndex=104
2023-03-17 00:26:09,868 DEBUG server.RaftServer$Division (LeaderStateImpl.java:addPendingRequest(474)) - s1@group-6E994AD85659-LeaderStateImpl: addPendingRequest at RaftClientRequest:client-2337B1250970->s1@group-6E994AD85659, cid=5143, seq=0, RW, Message:01016200, entry=(t:1, i:105), STATEMACHINELOGENTRY, 5143@client-2337B1250970
2023-03-17 00:26:09,869 DEBUG server.RaftServer$Division (RaftServerImpl.java:logAppendEntries(1430)) - s0@group-6E994AD85659: succeeded to handle AppendEntries. Reply: s1<-s0#5141:OK-t1,SUCCESS,nextIndex=105,followerCommit=103,matchIndex=104
2023-03-17 00:26:09,870 DEBUG server.RaftServer$Division (RaftServerImpl.java:logAppendEntries(1430)) - s0@group-6E994AD85659: receive appendEntries(s1, 1, (t:1, i:104), 103, true, commits:[s1:c103, s10:c101, s0:c103], cId:5144, entries: [(t:1, i:105), STATEMACHINELOGENTRY, 5143@client-2337B1250970]
2023-03-17 00:26:09,870 DEBUG server.RaftServer$Division (RaftServerImpl.java:logAppendEntries(1430)) - s10@group-6E994AD85659: receive appendEntries(s1, 1, (t:1, i:104), 104, true, commits:[s1:c104, s10:c103, s0:c103], cId:5145, entries: [(t:1, i:105), STATEMACHINELOGENTRY, 5143@client-2337B1250970]
2023-03-17 00:26:09,870 DEBUG server.RaftServer$Division (RaftServerImpl.java:logAppendEntries(1430)) - s0@group-6E994AD85659: succeeded to handle AppendEntries. Reply: s1<-s0#5144:OK-t1,SUCCESS,nextIndex=106,followerCommit=103,matchIndex=105
2023-03-17 00:26:09,871 DEBUG server.RaftServer$Division (RaftServerImpl.java:logAppendEntries(1430)) - s10@group-6E994AD85659: succeeded to handle AppendEntries. Reply: s1<-s10#5145:OK-t1,SUCCESS,nextIndex=106,followerCommit=104,matchIndex=105
2023-03-17 00:26:09,871 INFO  statemachine.StateMachine (ArithmeticStateMachine.java:applyTransaction(182)) - LEADER:s1-105: b = null = null
2023-03-17 00:26:09,872 DEBUG server.RaftServer$Division (RaftServerImpl.java:logAppendEntries(1430)) - s10@group-6E994AD85659: receive appendEntries(s1, 1, (t:1, i:105), 105, true, commits:[s1:c105, s10:c104, s0:c103], cId:5147, entries: [(t:1, i:106), METADATAENTRY(c:105)]
2023-03-17 00:26:09,872 DEBUG server.RaftServer$Division (RaftServerImpl.java:submitClientRequestAsync(835)) - s1@group-6E994AD85659: receive client request(RaftClientRequest:client-2337B1250970->s1@group-6E994AD85659, cid=5148, seq=0, RW, Message:01016300)
2023-03-17 00:26:09,872 DEBUG server.RaftServer$Division (RaftServerImpl.java:logAppendEntries(1430)) - s10@group-6E994AD85659: succeeded to handle AppendEntries. Reply: s1<-s10#5147:OK-t1,SUCCESS,nextIndex=107,followerCommit=105,matchIndex=106
2023-03-17 00:26:09,873 DEBUG server.RaftServer$Division (RaftServerImpl.java:logAppendEntries(1430)) - s0@group-6E994AD85659: receive appendEntries(s1, 1, (t:1, i:105), 105, true, commits:[s1:c105, s10:c103, s0:c103], cId:5146, entries: [(t:1, i:106), METADATAENTRY(c:105)]
2023-03-17 00:26:09,872 DEBUG server.RaftServer$Division (LeaderStateImpl.java:addPendingRequest(474)) - s1@group-6E994AD85659-LeaderStateImpl: addPendingRequest at RaftClientRequest:client-2337B1250970->s1@group-6E994AD85659, cid=5148, seq=0, RW, Message:01016300, entry=(t:1, i:107), STATEMACHINELOGENTRY, 5148@client-2337B1250970
2023-03-17 00:26:09,874 DEBUG server.RaftServer$Division (RaftServerImpl.java:logAppendEntries(1430)) - s0@group-6E994AD85659: succeeded to handle AppendEntries. Reply: s1<-s0#5146:OK-t1,SUCCESS,nextIndex=107,followerCommit=105,matchIndex=106
2023-03-17 00:26:09,874 DEBUG server.RaftServer$Division (RaftServerImpl.java:logAppendEntries(1430)) - s10@group-6E994AD85659: receive appendEntries(s1, 1, (t:1, i:106), 106, true, commits:[s1:c106, s10:c105, s0:c103], cId:5149, entries: [(t:1, i:107), STATEMACHINELOGENTRY, 5148@client-2337B1250970]
2023-03-17 00:26:09,875 DEBUG server.RaftServer$Division (RaftServerImpl.java:logAppendEntries(1430)) - s10@group-6E994AD85659: succeeded to handle AppendEntries. Reply: s1<-s10#5149:OK-t1,SUCCESS,nextIndex=108,followerCommit=106,matchIndex=107
2023-03-17 00:26:09,875 DEBUG server.RaftServer$Division (RaftServerImpl.java:logAppendEntries(1430)) - s0@group-6E994AD85659: receive appendEntries(s1, 1, (t:1, i:106), 106, true, commits:[s1:c106, s10:c105, s0:c105], cId:5150, entries: [(t:1, i:107), STATEMACHINELOGENTRY, 5148@client-2337B1250970]
2023-03-17 00:26:09,875 DEBUG server.RaftServer$Division (RaftServerImpl.java:logAppendEntries(1430)) - s0@group-6E994AD85659: succeeded to handle AppendEntries. Reply: s1<-s0#5150:OK-t1,SUCCESS,nextIndex=108,followerCommit=106,matchIndex=107
2023-03-17 00:26:09,875 INFO  statemachine.StateMachine (ArithmeticStateMachine.java:applyTransaction(182)) - LEADER:s1-107: c = null = null
2023-03-17 00:26:09,876 DEBUG server.RaftServer$Division (RaftServerImpl.java:logAppendEntries(1430)) - s10@group-6E994AD85659: receive appendEntries(s1, 1, (t:1, i:107), 107, true, commits:[s1:c107, s10:c106, s0:c105], cId:5151, entries: [(t:1, i:108), METADATAENTRY(c:107)]
2023-03-17 00:26:09,877 DEBUG server.RaftServer$Division (RaftServerImpl.java:submitClientRequestAsync(835)) - s1@group-6E994AD85659: receive client request(RaftClientRequest:client-2337B1250970->s1@group-6E994AD85659, cid=5152, seq=0, RW, Message:01016102403500000000...(size=12))
2023-03-17 00:26:09,877 DEBUG server.RaftServer$Division (RaftServerImpl.java:logAppendEntries(1430)) - s10@group-6E994AD85659: succeeded to handle AppendEntries. Reply: s1<-s10#5151:OK-t1,SUCCESS,nextIndex=109,followerCommit=107,matchIndex=108
2023-03-17 00:26:09,878 DEBUG server.RaftServer$Division (RaftServerImpl.java:logAppendEntries(1430)) - s0@group-6E994AD85659: receive appendEntries(s1, 1, (t:1, i:107), 107, true, commits:[s1:c107, s10:c106, s0:c106], cId:5153, entries: [(t:1, i:108), METADATAENTRY(c:107), (t:1, i:109), STATEMACHINELOGENTRY, 5152@client-2337B1250970]
2023-03-17 00:26:09,877 DEBUG server.RaftServer$Division (LeaderStateImpl.java:addPendingRequest(474)) - s1@group-6E994AD85659-LeaderStateImpl: addPendingRequest at RaftClientRequest:client-2337B1250970->s1@group-6E994AD85659, cid=5152, seq=0, RW, Message:01016102403500000000...(size=12), entry=(t:1, i:109), STATEMACHINELOGENTRY, 5152@client-2337B1250970
2023-03-17 00:26:09,879 DEBUG server.RaftServer$Division (RaftServerImpl.java:logAppendEntries(1430)) - s0@group-6E994AD85659: succeeded to handle AppendEntries. Reply: s1<-s0#5153:OK-t1,SUCCESS,nextIndex=110,followerCommit=107,matchIndex=109
2023-03-17 00:26:09,880 DEBUG server.RaftServer$Division (RaftServerImpl.java:logAppendEntries(1430)) - s10@group-6E994AD85659: receive appendEntries(s1, 1, (t:1, i:108), 108, true, commits:[s1:c108, s10:c107, s0:c106], cId:5154, entries: [(t:1, i:109), STATEMACHINELOGENTRY, 5152@client-2337B1250970]
2023-03-17 00:26:09,880 INFO  statemachine.StateMachine (ArithmeticStateMachine.java:applyTransaction(182)) - LEADER:s1-109: a = 21 = 21
2023-03-17 00:26:09,881 DEBUG server.RaftServer$Division (RaftServerImpl.java:logAppendEntries(1430)) - s10@group-6E994AD85659: succeeded to handle AppendEntries. Reply: s1<-s10#5154:OK-t1,SUCCESS,nextIndex=110,followerCommit=108,matchIndex=109
2023-03-17 00:26:09,882 DEBUG server.RaftServer$Division (RaftServerImpl.java:logAppendEntries(1430)) - s10@group-6E994AD85659: receive appendEntries(s1, 1, (t:1, i:109), 109, true, commits:[s1:c109, s10:c108, s0:c107], cId:5156, entries: [(t:1, i:110), METADATAENTRY(c:109)]
2023-03-17 00:26:09,882 DEBUG server.RaftServer$Division (RaftServerImpl.java:submitClientRequestAsync(835)) - s1@group-6E994AD85659: receive client request(RaftClientRequest:client-2337B1250970->s1@group-6E994AD85659, cid=5157, seq=0, RW, Message:01016202406b80000000...(size=12))
2023-03-17 00:26:09,882 DEBUG server.RaftServer$Division (LeaderStateImpl.java:addPendingRequest(474)) - s1@group-6E994AD85659-LeaderStateImpl: addPendingRequest at RaftClientRequest:client-2337B1250970->s1@group-6E994AD85659, cid=5157, seq=0, RW, Message:01016202406b80000000...(size=12), entry=(t:1, i:111), STATEMACHINELOGENTRY, 5157@client-2337B1250970
2023-03-17 00:26:09,882 DEBUG server.RaftServer$Division (RaftServerImpl.java:logAppendEntries(1430)) - s10@group-6E994AD85659: succeeded to handle AppendEntries. Reply: s1<-s10#5156:OK-t1,SUCCESS,nextIndex=111,followerCommit=109,matchIndex=110
2023-03-17 00:26:09,883 DEBUG server.RaftServer$Division (RaftServerImpl.java:logAppendEntries(1430)) - s0@group-6E994AD85659: receive appendEntries(s1, 1, (t:1, i:109), 109, true, commits:[s1:c109, s10:c107, s0:c107], cId:5155, entries: [(t:1, i:110), METADATAENTRY(c:109)]
2023-03-17 00:26:09,883 DEBUG server.RaftServer$Division (RaftServerImpl.java:logAppendEntries(1430)) - s0@group-6E994AD85659: succeeded to handle AppendEntries. Reply: s1<-s0#5155:OK-t1,SUCCESS,nextIndex=111,followerCommit=109,matchIndex=110
2023-03-17 00:26:09,884 DEBUG server.RaftServer$Division (RaftServerImpl.java:logAppendEntries(1430)) - s10@group-6E994AD85659: receive appendEntries(s1, 1, (t:1, i:110), 109, true, commits:[s1:c109, s10:c109, s0:c109], cId:5158, entries: [(t:1, i:111), STATEMACHINELOGENTRY, 5157@client-2337B1250970]
2023-03-17 00:26:09,884 DEBUG server.RaftServer$Division (RaftServerImpl.java:logAppendEntries(1430)) - s0@group-6E994AD85659: receive appendEntries(s1, 1, (t:1, i:110), 109, true, commits:[s1:c109, s10:c109, s0:c109], cId:5159, entries: [(t:1, i:111), STATEMACHINELOGENTRY, 5157@client-2337B1250970]
2023-03-17 00:26:09,888 DEBUG server.RaftServer$Division (RaftServerImpl.java:logAppendEntries(1430)) - s10@group-6E994AD85659: succeeded to handle AppendEntries. Reply: s1<-s10#5158:OK-t1,SUCCESS,nextIndex=112,followerCommit=109,matchIndex=111
2023-03-17 00:26:09,888 DEBUG server.RaftServer$Division (RaftServerImpl.java:logAppendEntries(1430)) - s0@group-6E994AD85659: succeeded to handle AppendEntries. Reply: s1<-s0#5159:OK-t1,SUCCESS,nextIndex=112,followerCommit=109,matchIndex=111
2023-03-17 00:26:09,889 INFO  statemachine.StateMachine (ArithmeticStateMachine.java:applyTransaction(182)) - LEADER:s1-111: b = 220 = 220
2023-03-17 00:26:09,890 DEBUG server.RaftServer$Division (RaftServerImpl.java:logAppendEntries(1430)) - s10@group-6E994AD85659: receive appendEntries(s1, 1, (t:1, i:111), 111, true, commits:[s1:c111, s10:c109, s0:c109], cId:5160, entries: [(t:1, i:112), METADATAENTRY(c:111)]
2023-03-17 00:26:09,890 DEBUG server.RaftServer$Division (RaftServerImpl.java:submitClientRequestAsync(835)) - s1@group-6E994AD85659: receive client request(RaftClientRequest:client-2337B1250970->s1@group-6E994AD85659, cid=5161, seq=0, RW, Message:01016304010300040201...(size=17))
2023-03-17 00:26:09,890 DEBUG server.RaftServer$Division (RaftServerImpl.java:logAppendEntries(1430)) - s10@group-6E994AD85659: succeeded to handle AppendEntries. Reply: s1<-s10#5160:OK-t1,SUCCESS,nextIndex=113,followerCommit=111,matchIndex=112
2023-03-17 00:26:09,890 DEBUG server.RaftServer$Division (LeaderStateImpl.java:addPendingRequest(474)) - s1@group-6E994AD85659-LeaderStateImpl: addPendingRequest at RaftClientRequest:client-2337B1250970->s1@group-6E994AD85659, cid=5161, seq=0, RW, Message:01016304010300040201...(size=17), entry=(t:1, i:113), STATEMACHINELOGENTRY, 5161@client-2337B1250970
2023-03-17 00:26:09,891 DEBUG server.RaftServer$Division (RaftServerImpl.java:logAppendEntries(1430)) - s0@group-6E994AD85659: receive appendEntries(s1, 1, (t:1, i:111), 111, true, commits:[s1:c111, s10:c109, s0:c109], cId:5162, entries: [(t:1, i:112), METADATAENTRY(c:111)]
2023-03-17 00:26:09,892 DEBUG server.RaftServer$Division (RaftServerImpl.java:logAppendEntries(1430)) - s0@group-6E994AD85659: succeeded to handle AppendEntries. Reply: s1<-s0#5162:OK-t1,SUCCESS,nextIndex=113,followerCommit=111,matchIndex=112
2023-03-17 00:26:09,893 DEBUG server.RaftServer$Division (RaftServerImpl.java:logAppendEntries(1430)) - s10@group-6E994AD85659: receive appendEntries(s1, 1, (t:1, i:112), 111, true, commits:[s1:c111, s10:c111, s0:c109], cId:5163, entries: [(t:1, i:113), STATEMACHINELOGENTRY, 5161@client-2337B1250970]
2023-03-17 00:26:09,893 DEBUG server.RaftServer$Division (RaftServerImpl.java:logAppendEntries(1430)) - s0@group-6E994AD85659: receive appendEntries(s1, 1, (t:1, i:112), 112, true, commits:[s1:c112, s10:c111, s0:c111], cId:5164, entries: [(t:1, i:113), STATEMACHINELOGENTRY, 5161@client-2337B1250970]
2023-03-17 00:26:09,893 DEBUG server.RaftServer$Division (RaftServerImpl.java:logAppendEntries(1430)) - s10@group-6E994AD85659: succeeded to handle AppendEntries. Reply: s1<-s10#5163:OK-t1,SUCCESS,nextIndex=114,followerCommit=111,matchIndex=113
2023-03-17 00:26:09,894 DEBUG server.RaftServer$Division (RaftServerImpl.java:logAppendEntries(1430)) - s0@group-6E994AD85659: succeeded to handle AppendEntries. Reply: s1<-s0#5164:OK-t1,SUCCESS,nextIndex=114,followerCommit=112,matchIndex=113
2023-03-17 00:26:09,894 INFO  statemachine.StateMachine (ArithmeticStateMachine.java:applyTransaction(182)) - LEADER:s1-113: c = √(a^2 + b^2) = 221
2023-03-17 00:26:09,895 DEBUG server.RaftServer$Division (RaftServerImpl.java:logAppendEntries(1430)) - s10@group-6E994AD85659: receive appendEntries(s1, 1, (t:1, i:113), 113, true, commits:[s1:c113, s10:c111, s0:c112], cId:5165, entries: [(t:1, i:114), METADATAENTRY(c:113)]
2023-03-17 00:26:09,896 DEBUG server.RaftServer$Division (RaftServerImpl.java:logAppendEntries(1430)) - s10@group-6E994AD85659: succeeded to handle AppendEntries. Reply: s1<-s10#5165:OK-t1,SUCCESS,nextIndex=115,followerCommit=113,matchIndex=114
2023-03-17 00:26:09,896 DEBUG server.RaftServer$Division (RaftServerImpl.java:submitClientRequestAsync(835)) - s1@group-6E994AD85659: receive client request(RaftClientRequest:client-2337B1250970->s1@group-6E994AD85659, cid=5167, seq=0, RW, Message:01016100)
2023-03-17 00:26:09,896 DEBUG server.RaftServer$Division (LeaderStateImpl.java:addPendingRequest(474)) - s1@group-6E994AD85659-LeaderStateImpl: addPendingRequest at RaftClientRequest:client-2337B1250970->s1@group-6E994AD85659, cid=5167, seq=0, RW, Message:01016100, entry=(t:1, i:115), STATEMACHINELOGENTRY, 5167@client-2337B1250970
2023-03-17 00:26:09,897 DEBUG server.RaftServer$Division (RaftServerImpl.java:logAppendEntries(1430)) - s0@group-6E994AD85659: receive appendEntries(s1, 1, (t:1, i:113), 113, true, commits:[s1:c113, s10:c111, s0:c112], cId:5166, entries: [(t:1, i:114), METADATAENTRY(c:113)]
2023-03-17 00:26:09,897 DEBUG server.RaftServer$Division (RaftServerImpl.java:logAppendEntries(1430)) - s0@group-6E994AD85659: succeeded to handle AppendEntries. Reply: s1<-s0#5166:OK-t1,SUCCESS,nextIndex=115,followerCommit=113,matchIndex=114
2023-03-17 00:26:09,898 DEBUG server.RaftServer$Division (RaftServerImpl.java:logAppendEntries(1430)) - s10@group-6E994AD85659: receive appendEntries(s1, 1, (t:1, i:114), 114, true, commits:[s1:c114, s10:c113, s0:c112], cId:5168, entries: [(t:1, i:115), STATEMACHINELOGENTRY, 5167@client-2337B1250970]
2023-03-17 00:26:09,898 DEBUG server.RaftServer$Division (RaftServerImpl.java:logAppendEntries(1430)) - s10@group-6E994AD85659: succeeded to handle AppendEntries. Reply: s1<-s10#5168:OK-t1,SUCCESS,nextIndex=116,followerCommit=114,matchIndex=115
2023-03-17 00:26:09,899 DEBUG server.RaftServer$Division (RaftServerImpl.java:logAppendEntries(1430)) - s0@group-6E994AD85659: receive appendEntries(s1, 1, (t:1, i:114), 114, true, commits:[s1:c114, s10:c113, s0:c113], cId:5169, entries: [(t:1, i:115), STATEMACHINELOGENTRY, 5167@client-2337B1250970]
2023-03-17 00:26:09,899 INFO  statemachine.StateMachine (ArithmeticStateMachine.java:applyTransaction(182)) - LEADER:s1-115: a = null = null
2023-03-17 00:26:09,899 DEBUG server.RaftServer$Division (RaftServerImpl.java:logAppendEntries(1430)) - s0@group-6E994AD85659: succeeded to handle AppendEntries. Reply: s1<-s0#5169:OK-t1,SUCCESS,nextIndex=116,followerCommit=114,matchIndex=115
2023-03-17 00:26:09,900 DEBUG server.RaftServer$Division (RaftServerImpl.java:logAppendEntries(1430)) - s10@group-6E994AD85659: receive appendEntries(s1, 1, (t:1, i:115), 115, true, commits:[s1:c115, s10:c114, s0:c113], cId:5170, entries: [(t:1, i:116), METADATAENTRY(c:115)]
2023-03-17 00:26:09,900 DEBUG server.RaftServer$Division (RaftServerImpl.java:submitClientRequestAsync(835)) - s1@group-6E994AD85659: receive client request(RaftClientRequest:client-2337B1250970->s1@group-6E994AD85659, cid=5171, seq=0, RW, Message:01016200)
2023-03-17 00:26:09,901 DEBUG server.RaftServer$Division (LeaderStateImpl.java:addPendingRequest(474)) - s1@group-6E994AD85659-LeaderStateImpl: addPendingRequest at RaftClientRequest:client-2337B1250970->s1@group-6E994AD85659, cid=5171, seq=0, RW, Message:01016200, entry=(t:1, i:117), STATEMACHINELOGENTRY, 5171@client-2337B1250970
2023-03-17 00:26:09,901 DEBUG server.RaftServer$Division (RaftServerImpl.java:logAppendEntries(1430)) - s10@group-6E994AD85659: succeeded to handle AppendEntries. Reply: s1<-s10#5170:OK-t1,SUCCESS,nextIndex=117,followerCommit=115,matchIndex=116
2023-03-17 00:26:09,902 DEBUG server.RaftServer$Division (RaftServerImpl.java:logAppendEntries(1430)) - s0@group-6E994AD85659: receive appendEntries(s1, 1, (t:1, i:115), 115, true, commits:[s1:c115, s10:c114, s0:c114], cId:5172, entries: [(t:1, i:116), METADATAENTRY(c:115), (t:1, i:117), STATEMACHINELOGENTRY, 5171@client-2337B1250970]
2023-03-17 00:26:09,904 DEBUG server.RaftServer$Division (RaftServerImpl.java:logAppendEntries(1430)) - s0@group-6E994AD85659: succeeded to handle AppendEntries. Reply: s1<-s0#5172:OK-t1,SUCCESS,nextIndex=118,followerCommit=115,matchIndex=117
2023-03-17 00:26:09,905 INFO  statemachine.StateMachine (ArithmeticStateMachine.java:applyTransaction(182)) - LEADER:s1-117: b = null = null
2023-03-17 00:26:09,905 DEBUG server.RaftServer$Division (RaftServerImpl.java:logAppendEntries(1430)) - s10@group-6E994AD85659: receive appendEntries(s1, 1, (t:1, i:116), 115, true, commits:[s1:c115, s10:c115, s0:c114], cId:5173, entries: [(t:1, i:117), STATEMACHINELOGENTRY, 5171@client-2337B1250970]
2023-03-17 00:26:09,906 DEBUG server.RaftServer$Division (RaftServerImpl.java:logAppendEntries(1430)) - s10@group-6E994AD85659: succeeded to handle AppendEntries. Reply: s1<-s10#5173:OK-t1,SUCCESS,nextIndex=118,followerCommit=115,matchIndex=117
2023-03-17 00:26:09,906 DEBUG server.RaftServer$Division (RaftServerImpl.java:submitClientRequestAsync(835)) - s1@group-6E994AD85659: receive client request(RaftClientRequest:client-2337B1250970->s1@group-6E994AD85659, cid=5174, seq=0, RW, Message:01016300)
2023-03-17 00:26:09,906 DEBUG server.RaftServer$Division (LeaderStateImpl.java:addPendingRequest(474)) - s1@group-6E994AD85659-LeaderStateImpl: addPendingRequest at RaftClientRequest:client-2337B1250970->s1@group-6E994AD85659, cid=5174, seq=0, RW, Message:01016300, entry=(t:1, i:119), STATEMACHINELOGENTRY, 5174@client-2337B1250970
2023-03-17 00:26:09,908 DEBUG server.RaftServer$Division (RaftServerImpl.java:logAppendEntries(1430)) - s0@group-6E994AD85659: receive appendEntries(s1, 1, (t:1, i:117), 117, true, commits:[s1:c117, s10:c115, s0:c115], cId:5175, entries: [(t:1, i:118), METADATAENTRY(c:117)]
2023-03-17 00:26:09,908 DEBUG server.RaftServer$Division (RaftServerImpl.java:logAppendEntries(1430)) - s10@group-6E994AD85659: receive appendEntries(s1, 1, (t:1, i:117), 117, true, commits:[s1:c117, s10:c115, s0:c115], cId:5176, entries: [(t:1, i:118), METADATAENTRY(c:117)]
2023-03-17 00:26:09,908 DEBUG server.RaftServer$Division (RaftServerImpl.java:logAppendEntries(1430)) - s0@group-6E994AD85659: succeeded to handle AppendEntries. Reply: s1<-s0#5175:OK-t1,SUCCESS,nextIndex=119,followerCommit=117,matchIndex=118
2023-03-17 00:26:09,908 DEBUG server.RaftServer$Division (RaftServerImpl.java:logAppendEntries(1430)) - s10@group-6E994AD85659: succeeded to handle AppendEntries. Reply: s1<-s10#5176:OK-t1,SUCCESS,nextIndex=119,followerCommit=117,matchIndex=118
2023-03-17 00:26:09,909 DEBUG server.RaftServer$Division (RaftServerImpl.java:logAppendEntries(1430)) - s0@group-6E994AD85659: receive appendEntries(s1, 1, (t:1, i:118), 117, true, commits:[s1:c117, s10:c115, s0:c117], cId:5177, entries: [(t:1, i:119), STATEMACHINELOGENTRY, 5174@client-2337B1250970]
2023-03-17 00:26:09,909 DEBUG server.RaftServer$Division (RaftServerImpl.java:logAppendEntries(1430)) - s10@group-6E994AD85659: receive appendEntries(s1, 1, (t:1, i:118), 118, true, commits:[s1:c118, s10:c117, s0:c117], cId:5178, entries: [(t:1, i:119), STATEMACHINELOGENTRY, 5174@client-2337B1250970]
2023-03-17 00:26:09,910 DEBUG server.RaftServer$Division (RaftServerImpl.java:logAppendEntries(1430)) - s0@group-6E994AD85659: succeeded to handle AppendEntries. Reply: s1<-s0#5177:OK-t1,SUCCESS,nextIndex=120,followerCommit=117,matchIndex=119
2023-03-17 00:26:09,910 DEBUG server.RaftServer$Division (RaftServerImpl.java:logAppendEntries(1430)) - s10@group-6E994AD85659: succeeded to handle AppendEntries. Reply: s1<-s10#5178:OK-t1,SUCCESS,nextIndex=120,followerCommit=118,matchIndex=119
2023-03-17 00:26:09,910 INFO  statemachine.StateMachine (ArithmeticStateMachine.java:applyTransaction(182)) - LEADER:s1-119: c = null = null
2023-03-17 00:26:09,911 DEBUG server.RaftServer$Division (RaftServerImpl.java:logAppendEntries(1430)) - s10@group-6E994AD85659: receive appendEntries(s1, 1, (t:1, i:119), 119, true, commits:[s1:c119, s10:c118, s0:c117], cId:5180, entries: [(t:1, i:120), METADATAENTRY(c:119)]
2023-03-17 00:26:09,912 DEBUG server.RaftServer$Division (RaftServerImpl.java:logAppendEntries(1430)) - s0@group-6E994AD85659: receive appendEntries(s1, 1, (t:1, i:119), 119, true, commits:[s1:c119, s10:c117, s0:c117], cId:5179, entries: [(t:1, i:120), METADATAENTRY(c:119)]
2023-03-17 00:26:09,913 DEBUG server.RaftServer$Division (RaftServerImpl.java:logAppendEntries(1430)) - s10@group-6E994AD85659: succeeded to handle AppendEntries. Reply: s1<-s10#5180:OK-t1,SUCCESS,nextIndex=121,followerCommit=119,matchIndex=120
2023-03-17 00:26:09,913 DEBUG server.RaftServer$Division (RaftServerImpl.java:logAppendEntries(1430)) - s0@group-6E994AD85659: succeeded to handle AppendEntries. Reply: s1<-s0#5179:OK-t1,SUCCESS,nextIndex=121,followerCommit=119,matchIndex=120
2023-03-17 00:26:09,926 INFO  impl.GroupManagementBaseTest (GroupManagementBaseTest.java:runMultiGroupTest(281)) - 1) starting group-307DF1E8AB17:[s11|rpc:0.0.0.0:37111|priority:0|startupRole:FOLLOWER, s13|rpc:0.0.0.0:39411|priority:0|startupRole:FOLLOWER, s12|rpc:0.0.0.0:36717|priority:0|startupRole:FOLLOWER]
2023-03-17 00:26:09,930 INFO  logging.LoggingHandler (AbstractInternalLogger.java:log(148)) - [id: 0x0bedeedd, L:/0.0.0.0:37111] READ: [id: 0xbed0a95c, L:/10.1.0.17:37111 - R:/10.1.0.17:36474]
2023-03-17 00:26:09,931 INFO  logging.LoggingHandler (AbstractInternalLogger.java:log(148)) - [id: 0x0bedeedd, L:/0.0.0.0:37111] READ COMPLETE
2023-03-17 00:26:09,934 INFO  server.RaftServer$Division (RaftServerImpl.java:<init>(198)) - s11: new RaftServerImpl for group-307DF1E8AB17:[s11|rpc:0.0.0.0:37111|dataStream:|priority:0|startupRole:FOLLOWER, s13|rpc:0.0.0.0:39411|dataStream:|priority:0|startupRole:FOLLOWER, s12|rpc:0.0.0.0:36717|dataStream:|priority:0|startupRole:FOLLOWER] with ArithmeticStateMachine:uninitialized
2023-03-17 00:26:09,934 INFO  server.RaftServerConfigKeys (ConfUtils.java:logGet(46)) - raft.server.rpc.timeout.min = 300ms (custom)
2023-03-17 00:26:09,934 INFO  server.RaftServerConfigKeys (ConfUtils.java:logGet(46)) - raft.server.rpc.timeout.max = 600ms (custom)
2023-03-17 00:26:09,934 INFO  server.RaftServerConfigKeys (ConfUtils.java:logGet(46)) - raft.server.rpc.sleep.time = 25ms (default)
2023-03-17 00:26:09,934 INFO  server.RaftServerConfigKeys (ConfUtils.java:logGet(46)) - raft.server.rpc.slowness.timeout = 60s (default)
2023-03-17 00:26:09,934 INFO  server.RaftServerConfigKeys (ConfUtils.java:logGet(46)) - raft.server.leaderelection.leader.step-down.wait-time = 10s (default)
2023-03-17 00:26:09,934 INFO  server.RaftServerConfigKeys (ConfUtils.java:logGet(46)) - raft.server.sleep.deviation.threshold = 300ms (default)
2023-03-17 00:26:09,934 INFO  server.RaftServer$Division (ServerState.java:<init>(113)) - s11@group-307DF1E8AB17: ConfigurationManager, init=-1: peers:[s11|rpc:0.0.0.0:37111|dataStream:|priority:0|startupRole:FOLLOWER, s13|rpc:0.0.0.0:39411|dataStream:|priority:0|startupRole:FOLLOWER, s12|rpc:0.0.0.0:36717|dataStream:|priority:0|startupRole:FOLLOWER]|listeners:[], old=null, confs=<EMPTY_MAP>
2023-03-17 00:26:09,934 INFO  server.RaftServerConfigKeys (ConfUtils.java:logGet(46)) - raft.server.notification.no-leader.timeout = 60s (default)
2023-03-17 00:26:09,934 INFO  server.RaftServerConfigKeys (ConfUtils.java:logGet(46)) - raft.server.read.timeout = 10s (default)
2023-03-17 00:26:09,934 INFO  server.RaftServerConfigKeys (ConfUtils.java:logGet(46)) - raft.server.retrycache.expirytime = 60s (default)
2023-03-17 00:26:09,934 INFO  server.RaftServerConfigKeys (ConfUtils.java:logGet(46)) - raft.server.retrycache.statistics.expirytime = 100μs (default)
2023-03-17 00:26:09,934 INFO  server.RaftServerConfigKeys (ConfUtils.java:logGet(46)) - raft.server.read.option = DEFAULT (default)
2023-03-17 00:26:09,935 INFO  server.RaftServerConfigKeys (ConfUtils.java:logGet(46)) - raft.server.log.appender.install.snapshot.enabled = true (default)
2023-03-17 00:26:09,935 INFO  server.RaftServerConfigKeys (ConfUtils.java:logGet(46)) - raft.server.threadpool.server.cached = true (default)
2023-03-17 00:26:09,935 INFO  server.RaftServerConfigKeys (ConfUtils.java:logGet(46)) - raft.server.threadpool.server.size = 0 (default)
2023-03-17 00:26:09,935 INFO  server.RaftServerConfigKeys (ConfUtils.java:logGet(46)) - raft.server.threadpool.client.cached = true (default)
2023-03-17 00:26:09,935 INFO  server.RaftServerConfigKeys (ConfUtils.java:logGet(46)) - raft.server.threadpool.client.size = 0 (default)
2023-03-17 00:26:09,935 INFO  server.RaftServer (RaftServerProxy.java:addNew(99)) - s11: addNew group-307DF1E8AB17:[s11|rpc:0.0.0.0:37111|dataStream:|priority:0|startupRole:FOLLOWER, s13|rpc:0.0.0.0:39411|dataStream:|priority:0|startupRole:FOLLOWER, s12|rpc:0.0.0.0:36717|dataStream:|priority:0|startupRole:FOLLOWER] returns      null s11@group-307DF1E8AB17:t0, leader=null, voted=null, raftlog=UNINITIALIZED, conf=-1: peers:[s11|rpc:0.0.0.0:37111|dataStream:|priority:0|startupRole:FOLLOWER, s13|rpc:0.0.0.0:39411|dataStream:|priority:0|startupRole:FOLLOWER, s12|rpc:0.0.0.0:36717|dataStream:|priority:0|startupRole:FOLLOWER]|listeners:[], old=null NEW
2023-03-17 00:26:09,936 INFO  server.RaftServerConfigKeys (ConfUtils.java:logGet(46)) - raft.server.storage.free-space.min = 0MB (=0) (default)
2023-03-17 00:26:09,936 INFO  server.RaftServerConfigKeys (ConfUtils.java:logGet(46)) - raft.server.log.corruption.policy = EXCEPTION (default)
2023-03-17 00:26:09,936 INFO  server.RaftServerConfigKeys (ConfUtils.java:logGet(46)) - raft.server.storage.dir = [/home/runner/work/ratis/ratis/ratis-examples/target/test/data/9a3b15da/MiniRaftClusterWithNettyce94e709/s11] (custom)
2023-03-17 00:26:09,936 INFO  storage.RaftStorageDirectory (RaftStorageDirectoryImpl.java:analyzeStorage(138)) - The storage directory /home/runner/work/ratis/ratis/ratis-examples/target/test/data/9a3b15da/MiniRaftClusterWithNettyce94e709/s11/888c57f2-0bbd-4df6-b406-307df1e8ab17 does not exist. Creating ...
2023-03-17 00:26:09,936 TRACE util.FileUtils (LogUtils.java:runAndLog(49)) - Successfully ran Files.createDirectories /home/runner/work/ratis/ratis/ratis-examples/target/test/data/9a3b15da/MiniRaftClusterWithNettyce94e709/s11/888c57f2-0bbd-4df6-b406-307df1e8ab17
2023-03-17 00:26:09,938 INFO  storage.RaftStorageDirectory (RaftStorageDirectoryImpl.java:tryLock(232)) - Lock on /home/runner/work/ratis/ratis/ratis-examples/target/test/data/9a3b15da/MiniRaftClusterWithNettyce94e709/s11/888c57f2-0bbd-4df6-b406-307df1e8ab17/in_use.lock acquired by nodename 17092@fv-az451-845
2023-03-17 00:26:09,938 TRACE util.FileUtils (LogUtils.java:runAndLog(49)) - Successfully ran Files.createDirectories /home/runner/work/ratis/ratis/ratis-examples/target/test/data/9a3b15da/MiniRaftClusterWithNettyce94e709/s11/888c57f2-0bbd-4df6-b406-307df1e8ab17/current
2023-03-17 00:26:09,938 TRACE util.FileUtils (LogUtils.java:runAndLog(49)) - Successfully ran Files.createDirectories /home/runner/work/ratis/ratis/ratis-examples/target/test/data/9a3b15da/MiniRaftClusterWithNettyce94e709/s11/888c57f2-0bbd-4df6-b406-307df1e8ab17/sm
2023-03-17 00:26:09,940 INFO  storage.RaftStorage (RaftStorageImpl.java:format(96)) - Storage directory /home/runner/work/ratis/ratis/ratis-examples/target/test/data/9a3b15da/MiniRaftClusterWithNettyce94e709/s11/888c57f2-0bbd-4df6-b406-307df1e8ab17 has been successfully formatted.
2023-03-17 00:26:09,940 WARN  statemachine.StateMachine (ArithmeticStateMachine.java:loadSnapshot(116)) - The snapshot info is null.
2023-03-17 00:26:09,940 INFO  server.RaftServerConfigKeys (ConfUtils.java:logGet(46)) - raft.server.log.use.memory = false (default)
2023-03-17 00:26:09,940 INFO  server.RaftServerConfigKeys (ConfUtils.java:logGet(46)) - raft.server.log.purge.gap = 1024 (default)
2023-03-17 00:26:09,941 INFO  server.RaftServerConfigKeys (ConfUtils.java:logGet(46)) - raft.server.log.appender.buffer.byte-limit = 4MB (=4194304) (default)
2023-03-17 00:26:09,941 INFO  server.RaftServerConfigKeys (ConfUtils.java:logGet(46)) - raft.server.log.statemachine.data.read.timeout = 1000ms (default)
2023-03-17 00:26:09,941 INFO  server.RaftServerConfigKeys (ConfUtils.java:logGet(46)) - raft.server.log.purge.preservation.log.num = 0 (default)
2023-03-17 00:26:09,941 INFO  server.RaftServerConfigKeys (ConfUtils.java:logGet(46)) - raft.server.log.segment.size.max = 8MB (=8388608) (default)
2023-03-17 00:26:09,941 INFO  server.RaftServerConfigKeys (ConfUtils.java:logGet(46)) - raft.server.log.segment.cache.num.max = 6 (default)
2023-03-17 00:26:09,941 INFO  server.RaftServerConfigKeys (ConfUtils.java:logGet(46)) - raft.server.log.segment.cache.size.max = 200MB (=209715200) (default)
2023-03-17 00:26:09,941 INFO  server.RaftServerConfigKeys (ConfUtils.java:logGet(46)) - raft.server.log.appender.buffer.byte-limit = 4MB (=4194304) (default)
2023-03-17 00:26:09,941 INFO  segmented.SegmentedRaftLogWorker (SegmentedRaftLogWorker.java:<init>(183)) - new s11@group-307DF1E8AB17-SegmentedRaftLogWorker for RaftStorageImpl:Storage Directory /home/runner/work/ratis/ratis/ratis-examples/target/test/data/9a3b15da/MiniRaftClusterWithNettyce94e709/s11/888c57f2-0bbd-4df6-b406-307df1e8ab17
2023-03-17 00:26:09,941 INFO  server.RaftServerConfigKeys (ConfUtils.java:logGet(46)) - raft.server.log.queue.byte-limit = 64MB (=67108864) (default)
2023-03-17 00:26:09,941 INFO  server.RaftServerConfigKeys (ConfUtils.java:logGet(46)) - raft.server.log.queue.element-limit = 4096 (default)
2023-03-17 00:26:09,942 INFO  server.RaftServerConfigKeys (ConfUtils.java:logGet(46)) - raft.server.log.segment.size.max = 8MB (=8388608) (default)
2023-03-17 00:26:09,942 INFO  server.RaftServerConfigKeys (ConfUtils.java:logGet(46)) - raft.server.log.preallocated.size = 4MB (=4194304) (default)
2023-03-17 00:26:09,942 INFO  server.RaftServerConfigKeys (ConfUtils.java:logGet(46)) - raft.server.log.force.sync.num = 128 (default)
2023-03-17 00:26:09,942 INFO  server.RaftServerConfigKeys (ConfUtils.java:logGet(46)) - raft.server.log.statemachine.data.sync = true (default)
2023-03-17 00:26:09,942 INFO  server.RaftServerConfigKeys (ConfUtils.java:logGet(46)) - raft.server.log.statemachine.data.sync.timeout = 10s (default)
2023-03-17 00:26:09,942 INFO  server.RaftServerConfigKeys (ConfUtils.java:logGet(46)) - raft.server.log.statemachine.data.sync.timeout.retry = -1 (default)
2023-03-17 00:26:09,942 INFO  server.RaftServerConfigKeys (ConfUtils.java:logGet(46)) - raft.server.log.write.buffer.size = 64KB (=65536) (default)
2023-03-17 00:26:09,942 INFO  server.RaftServerConfigKeys (ConfUtils.java:logGet(46)) - raft.server.log.appender.buffer.byte-limit = 4MB (=4194304) (default)
2023-03-17 00:26:09,962 INFO  server.RaftServerConfigKeys (ConfUtils.java:logGet(46)) - raft.server.log.unsafe-flush.enabled = false (default)
2023-03-17 00:26:09,962 INFO  server.RaftServerConfigKeys (ConfUtils.java:logGet(46)) - raft.server.log.async-flush.enabled = false (default)
2023-03-17 00:26:09,962 INFO  server.RaftServerConfigKeys (ConfUtils.java:logGet(46)) - raft.server.log.statemachine.data.caching.enabled = false (default)
2023-03-17 00:26:09,962 INFO  segmented.SegmentedRaftLogWorker (SegmentedRaftLogWorker.java:lambda$new$0(134)) - s11@group-307DF1E8AB17-SegmentedRaftLogWorker: flushIndex: setUnconditionally 0 -> -1
2023-03-17 00:26:09,962 INFO  segmented.SegmentedRaftLogWorker (SegmentedRaftLogWorker.java:lambda$new$0(134)) - s11@group-307DF1E8AB17-SegmentedRaftLogWorker: safeCacheEvictIndex: setUnconditionally 0 -> -1
2023-03-17 00:26:09,966 INFO  server.RaftServer$Division (RaftServerImpl.java:start(342)) - s11@group-307DF1E8AB17: start as a follower, conf=-1: peers:[s11|rpc:0.0.0.0:37111|dataStream:|priority:0|startupRole:FOLLOWER, s13|rpc:0.0.0.0:39411|dataStream:|priority:0|startupRole:FOLLOWER, s12|rpc:0.0.0.0:36717|dataStream:|priority:0|startupRole:FOLLOWER]|listeners:[], old=null
2023-03-17 00:26:09,966 INFO  server.RaftServer$Division (RaftServerImpl.java:setRole(329)) - s11@group-307DF1E8AB17: changes role from      null to FOLLOWER at term 0 for startAsFollower
2023-03-17 00:26:09,966 INFO  impl.RoleInfo (RoleInfo.java:updateAndGet(139)) - s11: start s11@group-307DF1E8AB17-FollowerState
2023-03-17 00:26:09,970 INFO  util.JmxRegister (JmxRegister.java:tryRegister(44)) - Successfully registered JMX Bean with object name Ratis:service=RaftServer,group=group-307DF1E8AB17,id=s11
2023-03-17 00:26:09,970 INFO  server.RaftServerConfigKeys (ConfUtils.java:logGet(46)) - raft.server.snapshot.auto.trigger.enabled = false (default)
2023-03-17 00:26:09,970 INFO  server.RaftServerConfigKeys (ConfUtils.java:logGet(46)) - raft.server.snapshot.retention.file.num = -1 (default)
2023-03-17 00:26:09,970 INFO  server.RaftServerConfigKeys (ConfUtils.java:logGet(46)) - raft.server.log.purge.upto.snapshot.index = false (default)
2023-03-17 00:26:09,970 INFO  server.RaftServerConfigKeys (ConfUtils.java:logFallback(53)) - raft.server.rpc.first-election.timeout.min = 300ms (fallback to raft.server.rpc.timeout.min)
2023-03-17 00:26:09,971 INFO  server.RaftServerConfigKeys (ConfUtils.java:logFallback(53)) - raft.server.rpc.first-election.timeout.max = 600ms (fallback to raft.server.rpc.timeout.max)
2023-03-17 00:26:10,023 INFO  logging.LoggingHandler (AbstractInternalLogger.java:log(148)) - [id: 0x07f7011d, L:/0.0.0.0:36717] READ: [id: 0x94e872b4, L:/10.1.0.17:36717 - R:/10.1.0.17:43820]
2023-03-17 00:26:10,025 INFO  logging.LoggingHandler (AbstractInternalLogger.java:log(148)) - [id: 0x07f7011d, L:/0.0.0.0:36717] READ COMPLETE
2023-03-17 00:26:10,035 INFO  server.RaftServer$Division (RaftServerImpl.java:<init>(198)) - s12: new RaftServerImpl for group-307DF1E8AB17:[s11|rpc:0.0.0.0:37111|dataStream:|priority:0|startupRole:FOLLOWER, s13|rpc:0.0.0.0:39411|dataStream:|priority:0|startupRole:FOLLOWER, s12|rpc:0.0.0.0:36717|dataStream:|priority:0|startupRole:FOLLOWER] with ArithmeticStateMachine:uninitialized
2023-03-17 00:26:10,036 INFO  server.RaftServerConfigKeys (ConfUtils.java:logGet(46)) - raft.server.rpc.timeout.min = 300ms (custom)
2023-03-17 00:26:10,036 INFO  server.RaftServerConfigKeys (ConfUtils.java:logGet(46)) - raft.server.rpc.timeout.max = 600ms (custom)
2023-03-17 00:26:10,036 INFO  server.RaftServerConfigKeys (ConfUtils.java:logGet(46)) - raft.server.rpc.sleep.time = 25ms (default)
2023-03-17 00:26:10,036 INFO  server.RaftServerConfigKeys (ConfUtils.java:logGet(46)) - raft.server.rpc.slowness.timeout = 60s (default)
2023-03-17 00:26:10,036 INFO  server.RaftServerConfigKeys (ConfUtils.java:logGet(46)) - raft.server.leaderelection.leader.step-down.wait-time = 10s (default)
2023-03-17 00:26:10,036 INFO  server.RaftServerConfigKeys (ConfUtils.java:logGet(46)) - raft.server.sleep.deviation.threshold = 300ms (default)
2023-03-17 00:26:10,036 INFO  server.RaftServer$Division (ServerState.java:<init>(113)) - s12@group-307DF1E8AB17: ConfigurationManager, init=-1: peers:[s11|rpc:0.0.0.0:37111|dataStream:|priority:0|startupRole:FOLLOWER, s13|rpc:0.0.0.0:39411|dataStream:|priority:0|startupRole:FOLLOWER, s12|rpc:0.0.0.0:36717|dataStream:|priority:0|startupRole:FOLLOWER]|listeners:[], old=null, confs=<EMPTY_MAP>
2023-03-17 00:26:10,036 INFO  server.RaftServerConfigKeys (ConfUtils.java:logGet(46)) - raft.server.notification.no-leader.timeout = 60s (default)
2023-03-17 00:26:10,036 INFO  server.RaftServerConfigKeys (ConfUtils.java:logGet(46)) - raft.server.read.timeout = 10s (default)
2023-03-17 00:26:10,036 INFO  server.RaftServerConfigKeys (ConfUtils.java:logGet(46)) - raft.server.retrycache.expirytime = 60s (default)
2023-03-17 00:26:10,036 INFO  server.RaftServerConfigKeys (ConfUtils.java:logGet(46)) - raft.server.retrycache.statistics.expirytime = 100μs (default)
2023-03-17 00:26:10,036 INFO  server.RaftServerConfigKeys (ConfUtils.java:logGet(46)) - raft.server.read.option = DEFAULT (default)
2023-03-17 00:26:10,037 INFO  server.RaftServerConfigKeys (ConfUtils.java:logGet(46)) - raft.server.log.appender.install.snapshot.enabled = true (default)
2023-03-17 00:26:10,037 INFO  server.RaftServerConfigKeys (ConfUtils.java:logGet(46)) - raft.server.threadpool.server.cached = true (default)
2023-03-17 00:26:10,038 INFO  server.RaftServerConfigKeys (ConfUtils.java:logGet(46)) - raft.server.threadpool.server.size = 0 (default)
2023-03-17 00:26:10,038 INFO  server.RaftServerConfigKeys (ConfUtils.java:logGet(46)) - raft.server.threadpool.client.cached = true (default)
2023-03-17 00:26:10,038 INFO  server.RaftServerConfigKeys (ConfUtils.java:logGet(46)) - raft.server.threadpool.client.size = 0 (default)
2023-03-17 00:26:10,039 INFO  server.RaftServer (RaftServerProxy.java:addNew(99)) - s12: addNew group-307DF1E8AB17:[s11|rpc:0.0.0.0:37111|dataStream:|priority:0|startupRole:FOLLOWER, s13|rpc:0.0.0.0:39411|dataStream:|priority:0|startupRole:FOLLOWER, s12|rpc:0.0.0.0:36717|dataStream:|priority:0|startupRole:FOLLOWER] returns      null s12@group-307DF1E8AB17:t0, leader=null, voted=null, raftlog=UNINITIALIZED, conf=-1: peers:[s11|rpc:0.0.0.0:37111|dataStream:|priority:0|startupRole:FOLLOWER, s13|rpc:0.0.0.0:39411|dataStream:|priority:0|startupRole:FOLLOWER, s12|rpc:0.0.0.0:36717|dataStream:|priority:0|startupRole:FOLLOWER]|listeners:[], old=null NEW
2023-03-17 00:26:10,039 INFO  server.RaftServerConfigKeys (ConfUtils.java:logGet(46)) - raft.server.storage.free-space.min = 0MB (=0) (default)
2023-03-17 00:26:10,039 INFO  server.RaftServerConfigKeys (ConfUtils.java:logGet(46)) - raft.server.log.corruption.policy = EXCEPTION (default)
2023-03-17 00:26:10,039 INFO  server.RaftServerConfigKeys (ConfUtils.java:logGet(46)) - raft.server.storage.dir = [/home/runner/work/ratis/ratis/ratis-examples/target/test/data/9a3b15da/MiniRaftClusterWithNettyce94e709/s12] (custom)
2023-03-17 00:26:10,040 INFO  storage.RaftStorageDirectory (RaftStorageDirectoryImpl.java:analyzeStorage(138)) - The storage directory /home/runner/work/ratis/ratis/ratis-examples/target/test/data/9a3b15da/MiniRaftClusterWithNettyce94e709/s12/888c57f2-0bbd-4df6-b406-307df1e8ab17 does not exist. Creating ...
2023-03-17 00:26:10,040 TRACE util.FileUtils (LogUtils.java:runAndLog(49)) - Successfully ran Files.createDirectories /home/runner/work/ratis/ratis/ratis-examples/target/test/data/9a3b15da/MiniRaftClusterWithNettyce94e709/s12/888c57f2-0bbd-4df6-b406-307df1e8ab17
2023-03-17 00:26:10,041 INFO  storage.RaftStorageDirectory (RaftStorageDirectoryImpl.java:tryLock(232)) - Lock on /home/runner/work/ratis/ratis/ratis-examples/target/test/data/9a3b15da/MiniRaftClusterWithNettyce94e709/s12/888c57f2-0bbd-4df6-b406-307df1e8ab17/in_use.lock acquired by nodename 17092@fv-az451-845
2023-03-17 00:26:10,042 TRACE util.FileUtils (LogUtils.java:runAndLog(49)) - Successfully ran Files.createDirectories /home/runner/work/ratis/ratis/ratis-examples/target/test/data/9a3b15da/MiniRaftClusterWithNettyce94e709/s12/888c57f2-0bbd-4df6-b406-307df1e8ab17/current
2023-03-17 00:26:10,042 TRACE util.FileUtils (LogUtils.java:runAndLog(49)) - Successfully ran Files.createDirectories /home/runner/work/ratis/ratis/ratis-examples/target/test/data/9a3b15da/MiniRaftClusterWithNettyce94e709/s12/888c57f2-0bbd-4df6-b406-307df1e8ab17/sm
2023-03-17 00:26:10,043 INFO  storage.RaftStorage (RaftStorageImpl.java:format(96)) - Storage directory /home/runner/work/ratis/ratis/ratis-examples/target/test/data/9a3b15da/MiniRaftClusterWithNettyce94e709/s12/888c57f2-0bbd-4df6-b406-307df1e8ab17 has been successfully formatted.
2023-03-17 00:26:10,043 WARN  statemachine.StateMachine (ArithmeticStateMachine.java:loadSnapshot(116)) - The snapshot info is null.
2023-03-17 00:26:10,044 INFO  server.RaftServerConfigKeys (ConfUtils.java:logGet(46)) - raft.server.log.use.memory = false (default)
2023-03-17 00:26:10,044 INFO  server.RaftServerConfigKeys (ConfUtils.java:logGet(46)) - raft.server.log.purge.gap = 1024 (default)
2023-03-17 00:26:10,044 INFO  server.RaftServerConfigKeys (ConfUtils.java:logGet(46)) - raft.server.log.appender.buffer.byte-limit = 4MB (=4194304) (default)
2023-03-17 00:26:10,044 INFO  server.RaftServerConfigKeys (ConfUtils.java:logGet(46)) - raft.server.log.statemachine.data.read.timeout = 1000ms (default)
2023-03-17 00:26:10,044 INFO  server.RaftServerConfigKeys (ConfUtils.java:logGet(46)) - raft.server.log.purge.preservation.log.num = 0 (default)
2023-03-17 00:26:10,045 INFO  server.RaftServerConfigKeys (ConfUtils.java:logGet(46)) - raft.server.log.segment.size.max = 8MB (=8388608) (default)
2023-03-17 00:26:10,046 INFO  server.RaftServerConfigKeys (ConfUtils.java:logGet(46)) - raft.server.log.segment.cache.num.max = 6 (default)
2023-03-17 00:26:10,046 INFO  server.RaftServerConfigKeys (ConfUtils.java:logGet(46)) - raft.server.log.segment.cache.size.max = 200MB (=209715200) (default)
2023-03-17 00:26:10,046 INFO  server.RaftServerConfigKeys (ConfUtils.java:logGet(46)) - raft.server.log.appender.buffer.byte-limit = 4MB (=4194304) (default)
2023-03-17 00:26:10,047 INFO  segmented.SegmentedRaftLogWorker (SegmentedRaftLogWorker.java:<init>(183)) - new s12@group-307DF1E8AB17-SegmentedRaftLogWorker for RaftStorageImpl:Storage Directory /home/runner/work/ratis/ratis/ratis-examples/target/test/data/9a3b15da/MiniRaftClusterWithNettyce94e709/s12/888c57f2-0bbd-4df6-b406-307df1e8ab17
2023-03-17 00:26:10,047 INFO  server.RaftServerConfigKeys (ConfUtils.java:logGet(46)) - raft.server.log.queue.byte-limit = 64MB (=67108864) (default)
2023-03-17 00:26:10,047 INFO  server.RaftServerConfigKeys (ConfUtils.java:logGet(46)) - raft.server.log.queue.element-limit = 4096 (default)
2023-03-17 00:26:10,047 INFO  server.RaftServerConfigKeys (ConfUtils.java:logGet(46)) - raft.server.log.segment.size.max = 8MB (=8388608) (default)
2023-03-17 00:26:10,047 INFO  server.RaftServerConfigKeys (ConfUtils.java:logGet(46)) - raft.server.log.preallocated.size = 4MB (=4194304) (default)
2023-03-17 00:26:10,047 INFO  server.RaftServerConfigKeys (ConfUtils.java:logGet(46)) - raft.server.log.force.sync.num = 128 (default)
2023-03-17 00:26:10,047 INFO  server.RaftServerConfigKeys (ConfUtils.java:logGet(46)) - raft.server.log.statemachine.data.sync = true (default)
2023-03-17 00:26:10,047 INFO  server.RaftServerConfigKeys (ConfUtils.java:logGet(46)) - raft.server.log.statemachine.data.sync.timeout = 10s (default)
2023-03-17 00:26:10,047 INFO  server.RaftServerConfigKeys (ConfUtils.java:logGet(46)) - raft.server.log.statemachine.data.sync.timeout.retry = -1 (default)
2023-03-17 00:26:10,048 INFO  server.RaftServerConfigKeys (ConfUtils.java:logGet(46)) - raft.server.log.write.buffer.size = 64KB (=65536) (default)
2023-03-17 00:26:10,048 INFO  server.RaftServerConfigKeys (ConfUtils.java:logGet(46)) - raft.server.log.appender.buffer.byte-limit = 4MB (=4194304) (default)
2023-03-17 00:26:10,060 INFO  server.RaftServerConfigKeys (ConfUtils.java:logGet(46)) - raft.server.log.unsafe-flush.enabled = false (default)
2023-03-17 00:26:10,060 INFO  server.RaftServerConfigKeys (ConfUtils.java:logGet(46)) - raft.server.log.async-flush.enabled = false (default)
2023-03-17 00:26:10,060 INFO  server.RaftServerConfigKeys (ConfUtils.java:logGet(46)) - raft.server.log.statemachine.data.caching.enabled = false (default)
2023-03-17 00:26:10,060 INFO  segmented.SegmentedRaftLogWorker (SegmentedRaftLogWorker.java:lambda$new$0(134)) - s12@group-307DF1E8AB17-SegmentedRaftLogWorker: flushIndex: setUnconditionally 0 -> -1
2023-03-17 00:26:10,061 INFO  segmented.SegmentedRaftLogWorker (SegmentedRaftLogWorker.java:lambda$new$0(134)) - s12@group-307DF1E8AB17-SegmentedRaftLogWorker: safeCacheEvictIndex: setUnconditionally 0 -> -1
2023-03-17 00:26:10,061 INFO  server.RaftServer$Division (RaftServerImpl.java:start(342)) - s12@group-307DF1E8AB17: start as a follower, conf=-1: peers:[s11|rpc:0.0.0.0:37111|dataStream:|priority:0|startupRole:FOLLOWER, s13|rpc:0.0.0.0:39411|dataStream:|priority:0|startupRole:FOLLOWER, s12|rpc:0.0.0.0:36717|dataStream:|priority:0|startupRole:FOLLOWER]|listeners:[], old=null
2023-03-17 00:26:10,061 INFO  server.RaftServer$Division (RaftServerImpl.java:setRole(329)) - s12@group-307DF1E8AB17: changes role from      null to FOLLOWER at term 0 for startAsFollower
2023-03-17 00:26:10,061 INFO  impl.RoleInfo (RoleInfo.java:updateAndGet(139)) - s12: start s12@group-307DF1E8AB17-FollowerState
2023-03-17 00:26:10,062 INFO  util.JmxRegister (JmxRegister.java:tryRegister(44)) - Successfully registered JMX Bean with object name Ratis:service=RaftServer,group=group-307DF1E8AB17,id=s12
2023-03-17 00:26:10,062 INFO  server.RaftServerConfigKeys (ConfUtils.java:logGet(46)) - raft.server.snapshot.auto.trigger.enabled = false (default)
2023-03-17 00:26:10,062 INFO  server.RaftServerConfigKeys (ConfUtils.java:logGet(46)) - raft.server.snapshot.retention.file.num = -1 (default)
2023-03-17 00:26:10,062 INFO  server.RaftServerConfigKeys (ConfUtils.java:logGet(46)) - raft.server.log.purge.upto.snapshot.index = false (default)
2023-03-17 00:26:10,062 INFO  server.RaftServerConfigKeys (ConfUtils.java:logFallback(53)) - raft.server.rpc.first-election.timeout.min = 300ms (fallback to raft.server.rpc.timeout.min)
2023-03-17 00:26:10,062 INFO  server.RaftServerConfigKeys (ConfUtils.java:logFallback(53)) - raft.server.rpc.first-election.timeout.max = 600ms (fallback to raft.server.rpc.timeout.max)
2023-03-17 00:26:10,106 INFO  logging.LoggingHandler (AbstractInternalLogger.java:log(148)) - [id: 0xc495072a, L:/0.0.0.0:39411] READ: [id: 0x89af454d, L:/10.1.0.17:39411 - R:/10.1.0.17:58376]
2023-03-17 00:26:10,112 INFO  logging.LoggingHandler (AbstractInternalLogger.java:log(148)) - [id: 0xc495072a, L:/0.0.0.0:39411] READ COMPLETE
2023-03-17 00:26:10,113 INFO  server.RaftServer$Division (RaftServerImpl.java:<init>(198)) - s13: new RaftServerImpl for group-307DF1E8AB17:[s11|rpc:0.0.0.0:37111|dataStream:|priority:0|startupRole:FOLLOWER, s13|rpc:0.0.0.0:39411|dataStream:|priority:0|startupRole:FOLLOWER, s12|rpc:0.0.0.0:36717|dataStream:|priority:0|startupRole:FOLLOWER] with ArithmeticStateMachine:uninitialized
2023-03-17 00:26:10,135 INFO  server.RaftServer (RaftServerProxy.java:addNew(99)) - s13: addNew group-307DF1E8AB17:[s11|rpc:0.0.0.0:37111|dataStream:|priority:0|startupRole:FOLLOWER, s13|rpc:0.0.0.0:39411|dataStream:|priority:0|startupRole:FOLLOWER, s12|rpc:0.0.0.0:36717|dataStream:|priority:0|startupRole:FOLLOWER] returns group-307DF1E8AB17:java.util.concurrent.CompletableFuture@796103b4[Not completed]
2023-03-17 00:26:10,135 INFO  server.RaftServerConfigKeys (ConfUtils.java:logGet(46)) - raft.server.rpc.timeout.min = 300ms (custom)
2023-03-17 00:26:10,135 INFO  server.RaftServerConfigKeys (ConfUtils.java:logGet(46)) - raft.server.rpc.timeout.max = 600ms (custom)
2023-03-17 00:26:10,135 INFO  server.RaftServerConfigKeys (ConfUtils.java:logGet(46)) - raft.server.rpc.sleep.time = 25ms (default)
2023-03-17 00:26:10,135 INFO  server.RaftServerConfigKeys (ConfUtils.java:logGet(46)) - raft.server.rpc.slowness.timeout = 60s (default)
2023-03-17 00:26:10,135 INFO  server.RaftServerConfigKeys (ConfUtils.java:logGet(46)) - raft.server.leaderelection.leader.step-down.wait-time = 10s (default)
2023-03-17 00:26:10,135 INFO  server.RaftServerConfigKeys (ConfUtils.java:logGet(46)) - raft.server.sleep.deviation.threshold = 300ms (default)
2023-03-17 00:26:10,136 INFO  server.RaftServer$Division (ServerState.java:<init>(113)) - s13@group-307DF1E8AB17: ConfigurationManager, init=-1: peers:[s11|rpc:0.0.0.0:37111|dataStream:|priority:0|startupRole:FOLLOWER, s13|rpc:0.0.0.0:39411|dataStream:|priority:0|startupRole:FOLLOWER, s12|rpc:0.0.0.0:36717|dataStream:|priority:0|startupRole:FOLLOWER]|listeners:[], old=null, confs=<EMPTY_MAP>
2023-03-17 00:26:10,136 INFO  server.RaftServerConfigKeys (ConfUtils.java:logGet(46)) - raft.server.notification.no-leader.timeout = 60s (default)
2023-03-17 00:26:10,136 INFO  server.RaftServerConfigKeys (ConfUtils.java:logGet(46)) - raft.server.read.timeout = 10s (default)
2023-03-17 00:26:10,136 INFO  server.RaftServerConfigKeys (ConfUtils.java:logGet(46)) - raft.server.retrycache.expirytime = 60s (default)
2023-03-17 00:26:10,136 INFO  server.RaftServerConfigKeys (ConfUtils.java:logGet(46)) - raft.server.retrycache.statistics.expirytime = 100μs (default)
2023-03-17 00:26:10,136 INFO  server.RaftServerConfigKeys (ConfUtils.java:logGet(46)) - raft.server.read.option = DEFAULT (default)
2023-03-17 00:26:10,137 INFO  server.RaftServerConfigKeys (ConfUtils.java:logGet(46)) - raft.server.log.appender.install.snapshot.enabled = true (default)
2023-03-17 00:26:10,137 INFO  server.RaftServerConfigKeys (ConfUtils.java:logGet(46)) - raft.server.threadpool.server.cached = true (default)
2023-03-17 00:26:10,137 INFO  server.RaftServerConfigKeys (ConfUtils.java:logGet(46)) - raft.server.threadpool.server.size = 0 (default)
2023-03-17 00:26:10,137 INFO  server.RaftServerConfigKeys (ConfUtils.java:logGet(46)) - raft.server.threadpool.client.cached = true (default)
2023-03-17 00:26:10,137 INFO  server.RaftServerConfigKeys (ConfUtils.java:logGet(46)) - raft.server.threadpool.client.size = 0 (default)
2023-03-17 00:26:10,137 INFO  server.RaftServerConfigKeys (ConfUtils.java:logGet(46)) - raft.server.storage.free-space.min = 0MB (=0) (default)
2023-03-17 00:26:10,137 INFO  server.RaftServerConfigKeys (ConfUtils.java:logGet(46)) - raft.server.log.corruption.policy = EXCEPTION (default)
2023-03-17 00:26:10,137 INFO  server.RaftServerConfigKeys (ConfUtils.java:logGet(46)) - raft.server.storage.dir = [/home/runner/work/ratis/ratis/ratis-examples/target/test/data/9a3b15da/MiniRaftClusterWithNettyce94e709/s13] (custom)
2023-03-17 00:26:10,137 INFO  storage.RaftStorageDirectory (RaftStorageDirectoryImpl.java:analyzeStorage(138)) - The storage directory /home/runner/work/ratis/ratis/ratis-examples/target/test/data/9a3b15da/MiniRaftClusterWithNettyce94e709/s13/888c57f2-0bbd-4df6-b406-307df1e8ab17 does not exist. Creating ...
2023-03-17 00:26:10,138 TRACE util.FileUtils (LogUtils.java:runAndLog(49)) - Successfully ran Files.createDirectories /home/runner/work/ratis/ratis/ratis-examples/target/test/data/9a3b15da/MiniRaftClusterWithNettyce94e709/s13/888c57f2-0bbd-4df6-b406-307df1e8ab17
2023-03-17 00:26:10,139 INFO  storage.RaftStorageDirectory (RaftStorageDirectoryImpl.java:tryLock(232)) - Lock on /home/runner/work/ratis/ratis/ratis-examples/target/test/data/9a3b15da/MiniRaftClusterWithNettyce94e709/s13/888c57f2-0bbd-4df6-b406-307df1e8ab17/in_use.lock acquired by nodename 17092@fv-az451-845
2023-03-17 00:26:10,139 TRACE util.FileUtils (LogUtils.java:runAndLog(49)) - Successfully ran Files.createDirectories /home/runner/work/ratis/ratis/ratis-examples/target/test/data/9a3b15da/MiniRaftClusterWithNettyce94e709/s13/888c57f2-0bbd-4df6-b406-307df1e8ab17/current
2023-03-17 00:26:10,139 TRACE util.FileUtils (LogUtils.java:runAndLog(49)) - Successfully ran Files.createDirectories /home/runner/work/ratis/ratis/ratis-examples/target/test/data/9a3b15da/MiniRaftClusterWithNettyce94e709/s13/888c57f2-0bbd-4df6-b406-307df1e8ab17/sm
2023-03-17 00:26:10,140 INFO  storage.RaftStorage (RaftStorageImpl.java:format(96)) - Storage directory /home/runner/work/ratis/ratis/ratis-examples/target/test/data/9a3b15da/MiniRaftClusterWithNettyce94e709/s13/888c57f2-0bbd-4df6-b406-307df1e8ab17 has been successfully formatted.
2023-03-17 00:26:10,141 WARN  statemachine.StateMachine (ArithmeticStateMachine.java:loadSnapshot(116)) - The snapshot info is null.
2023-03-17 00:26:10,141 INFO  server.RaftServerConfigKeys (ConfUtils.java:logGet(46)) - raft.server.log.use.memory = false (default)
2023-03-17 00:26:10,141 INFO  server.RaftServerConfigKeys (ConfUtils.java:logGet(46)) - raft.server.log.purge.gap = 1024 (default)
2023-03-17 00:26:10,141 INFO  server.RaftServerConfigKeys (ConfUtils.java:logGet(46)) - raft.server.log.appender.buffer.byte-limit = 4MB (=4194304) (default)
2023-03-17 00:26:10,141 INFO  server.RaftServerConfigKeys (ConfUtils.java:logGet(46)) - raft.server.log.statemachine.data.read.timeout = 1000ms (default)
2023-03-17 00:26:10,141 INFO  server.RaftServerConfigKeys (ConfUtils.java:logGet(46)) - raft.server.log.purge.preservation.log.num = 0 (default)
2023-03-17 00:26:10,142 INFO  server.RaftServerConfigKeys (ConfUtils.java:logGet(46)) - raft.server.log.segment.size.max = 8MB (=8388608) (default)
2023-03-17 00:26:10,142 INFO  server.RaftServerConfigKeys (ConfUtils.java:logGet(46)) - raft.server.log.segment.cache.num.max = 6 (default)
2023-03-17 00:26:10,143 INFO  server.RaftServerConfigKeys (ConfUtils.java:logGet(46)) - raft.server.log.segment.cache.size.max = 200MB (=209715200) (default)
2023-03-17 00:26:10,143 INFO  server.RaftServerConfigKeys (ConfUtils.java:logGet(46)) - raft.server.log.appender.buffer.byte-limit = 4MB (=4194304) (default)
2023-03-17 00:26:10,143 INFO  segmented.SegmentedRaftLogWorker (SegmentedRaftLogWorker.java:<init>(183)) - new s13@group-307DF1E8AB17-SegmentedRaftLogWorker for RaftStorageImpl:Storage Directory /home/runner/work/ratis/ratis/ratis-examples/target/test/data/9a3b15da/MiniRaftClusterWithNettyce94e709/s13/888c57f2-0bbd-4df6-b406-307df1e8ab17
2023-03-17 00:26:10,143 INFO  server.RaftServerConfigKeys (ConfUtils.java:logGet(46)) - raft.server.log.queue.byte-limit = 64MB (=67108864) (default)
2023-03-17 00:26:10,143 INFO  server.RaftServerConfigKeys (ConfUtils.java:logGet(46)) - raft.server.log.queue.element-limit = 4096 (default)
2023-03-17 00:26:10,143 INFO  server.RaftServerConfigKeys (ConfUtils.java:logGet(46)) - raft.server.log.segment.size.max = 8MB (=8388608) (default)
2023-03-17 00:26:10,143 INFO  server.RaftServerConfigKeys (ConfUtils.java:logGet(46)) - raft.server.log.preallocated.size = 4MB (=4194304) (default)
2023-03-17 00:26:10,143 INFO  server.RaftServerConfigKeys (ConfUtils.java:logGet(46)) - raft.server.log.force.sync.num = 128 (default)
2023-03-17 00:26:10,143 INFO  server.RaftServerConfigKeys (ConfUtils.java:logGet(46)) - raft.server.log.statemachine.data.sync = true (default)
2023-03-17 00:26:10,143 INFO  server.RaftServerConfigKeys (ConfUtils.java:logGet(46)) - raft.server.log.statemachine.data.sync.timeout = 10s (default)
2023-03-17 00:26:10,144 INFO  server.RaftServerConfigKeys (ConfUtils.java:logGet(46)) - raft.server.log.statemachine.data.sync.timeout.retry = -1 (default)
2023-03-17 00:26:10,144 INFO  server.RaftServerConfigKeys (ConfUtils.java:logGet(46)) - raft.server.log.write.buffer.size = 64KB (=65536) (default)
2023-03-17 00:26:10,144 INFO  server.RaftServerConfigKeys (ConfUtils.java:logGet(46)) - raft.server.log.appender.buffer.byte-limit = 4MB (=4194304) (default)
2023-03-17 00:26:10,145 INFO  server.RaftServerConfigKeys (ConfUtils.java:logGet(46)) - raft.server.log.unsafe-flush.enabled = false (default)
2023-03-17 00:26:10,145 INFO  server.RaftServerConfigKeys (ConfUtils.java:logGet(46)) - raft.server.log.async-flush.enabled = false (default)
2023-03-17 00:26:10,145 INFO  server.RaftServerConfigKeys (ConfUtils.java:logGet(46)) - raft.server.log.statemachine.data.caching.enabled = false (default)
2023-03-17 00:26:10,145 INFO  segmented.SegmentedRaftLogWorker (SegmentedRaftLogWorker.java:lambda$new$0(134)) - s13@group-307DF1E8AB17-SegmentedRaftLogWorker: flushIndex: setUnconditionally 0 -> -1
2023-03-17 00:26:10,145 INFO  segmented.SegmentedRaftLogWorker (SegmentedRaftLogWorker.java:lambda$new$0(134)) - s13@group-307DF1E8AB17-SegmentedRaftLogWorker: safeCacheEvictIndex: setUnconditionally 0 -> -1
2023-03-17 00:26:10,156 INFO  server.RaftServer$Division (RaftServerImpl.java:start(342)) - s13@group-307DF1E8AB17: start as a follower, conf=-1: peers:[s11|rpc:0.0.0.0:37111|dataStream:|priority:0|startupRole:FOLLOWER, s13|rpc:0.0.0.0:39411|dataStream:|priority:0|startupRole:FOLLOWER, s12|rpc:0.0.0.0:36717|dataStream:|priority:0|startupRole:FOLLOWER]|listeners:[], old=null
2023-03-17 00:26:10,156 INFO  server.RaftServer$Division (RaftServerImpl.java:setRole(329)) - s13@group-307DF1E8AB17: changes role from      null to FOLLOWER at term 0 for startAsFollower
2023-03-17 00:26:10,156 INFO  impl.RoleInfo (RoleInfo.java:updateAndGet(139)) - s13: start s13@group-307DF1E8AB17-FollowerState
2023-03-17 00:26:10,161 INFO  util.JmxRegister (JmxRegister.java:tryRegister(44)) - Successfully registered JMX Bean with object name Ratis:service=RaftServer,group=group-307DF1E8AB17,id=s13
2023-03-17 00:26:10,161 INFO  server.RaftServerConfigKeys (ConfUtils.java:logFallback(53)) - raft.server.rpc.first-election.timeout.min = 300ms (fallback to raft.server.rpc.timeout.min)
2023-03-17 00:26:10,161 INFO  server.RaftServerConfigKeys (ConfUtils.java:logFallback(53)) - raft.server.rpc.first-election.timeout.max = 600ms (fallback to raft.server.rpc.timeout.max)
2023-03-17 00:26:10,161 INFO  server.RaftServerConfigKeys (ConfUtils.java:logGet(46)) - raft.server.snapshot.auto.trigger.enabled = false (default)
2023-03-17 00:26:10,162 INFO  server.RaftServerConfigKeys (ConfUtils.java:logGet(46)) - raft.server.snapshot.retention.file.num = -1 (default)
2023-03-17 00:26:10,162 INFO  server.RaftServerConfigKeys (ConfUtils.java:logGet(46)) - raft.server.log.purge.upto.snapshot.index = false (default)
2023-03-17 00:26:10,183 INFO  server.RaftServerConfigKeys (ConfUtils.java:logGet(46)) - raft.server.rpc.timeout.max = 600ms (custom)
2023-03-17 00:26:10,189 INFO  ratis.RaftTestUtil (RaftTestUtil.java:waitForLeader(100)) - printing group-307DF1E8AB17
  s11:  RUNNING [
   FOLLOWER s11@group-307DF1E8AB17:t0, leader=null, voted=, raftlog=Memoized:s11@group-307DF1E8AB17-SegmentedRaftLog:OPENED:c-1, conf=-1: peers:[s11|rpc:0.0.0.0:37111|dataStream:|priority:0|startupRole:FOLLOWER, s13|rpc:0.0.0.0:39411|dataStream:|priority:0|startupRole:FOLLOWER, s12|rpc:0.0.0.0:36717|dataStream:|priority:0|startupRole:FOLLOWER]|listeners:[], old=null RUNNING
   FOLLOWER s11@group-38FE90E113AE:t0, leader=null, voted=, raftlog=Memoized:s11@group-38FE90E113AE-SegmentedRaftLog:OPENED:c-1, conf=-1: peers:[]|listeners:[], old=null STARTING] size=2
  s13:  RUNNING [
   FOLLOWER s13@group-307DF1E8AB17:t0, leader=null, voted=, raftlog=Memoized:s13@group-307DF1E8AB17-SegmentedRaftLog:OPENED:c-1, conf=-1: peers:[s11|rpc:0.0.0.0:37111|dataStream:|priority:0|startupRole:FOLLOWER, s13|rpc:0.0.0.0:39411|dataStream:|priority:0|startupRole:FOLLOWER, s12|rpc:0.0.0.0:36717|dataStream:|priority:0|startupRole:FOLLOWER]|listeners:[], old=null RUNNING
   FOLLOWER s13@group-38FE90E113AE:t0, leader=null, voted=, raftlog=Memoized:s13@group-38FE90E113AE-SegmentedRaftLog:OPENED:c-1, conf=-1: peers:[]|listeners:[], old=null STARTING] size=2
  s12:  RUNNING [
   FOLLOWER s12@group-307DF1E8AB17:t0, leader=null, voted=, raftlog=Memoized:s12@group-307DF1E8AB17-SegmentedRaftLog:OPENED:c-1, conf=-1: peers:[s11|rpc:0.0.0.0:37111|dataStream:|priority:0|startupRole:FOLLOWER, s13|rpc:0.0.0.0:39411|dataStream:|priority:0|startupRole:FOLLOWER, s12|rpc:0.0.0.0:36717|dataStream:|priority:0|startupRole:FOLLOWER]|listeners:[], old=null RUNNING
   FOLLOWER s12@group-38FE90E113AE:t0, leader=null, voted=, raftlog=Memoized:s12@group-38FE90E113AE-SegmentedRaftLog:OPENED:c-1, conf=-1: peers:[]|listeners:[], old=null STARTING] size=2
2023-03-17 00:26:10,189 WARN  ratis.RaftTestUtil (JavaUtils.java:attempt(217)) - FAILED "waitForLeader-group-307DF1E8AB17-(expectLeader? true)", attempt #1/100: java.lang.IllegalStateException: No leader yet  for group-307DF1E8AB17: printing group-307DF1E8AB17
  s11:  RUNNING [
   FOLLOWER s11@group-307DF1E8AB17:t0, leader=null, voted=, raftlog=Memoized:s11@group-307DF1E8AB17-SegmentedRaftLog:OPENED:c-1, conf=-1: peers:[s11|rpc:0.0.0.0:37111|dataStream:|priority:0|startupRole:FOLLOWER, s13|rpc:0.0.0.0:39411|dataStream:|priority:0|startupRole:FOLLOWER, s12|rpc:0.0.0.0:36717|dataStream:|priority:0|startupRole:FOLLOWER]|listeners:[], old=null RUNNING
   FOLLOWER s11@group-38FE90E113AE:t0, leader=null, voted=, raftlog=Memoized:s11@group-38FE90E113AE-SegmentedRaftLog:OPENED:c-1, conf=-1: peers:[]|listeners:[], old=null STARTING] size=2
  s13:  RUNNING [
   FOLLOWER s13@group-307DF1E8AB17:t0, leader=null, voted=, raftlog=Memoized:s13@group-307DF1E8AB17-SegmentedRaftLog:OPENED:c-1, conf=-1: peers:[s11|rpc:0.0.0.0:37111|dataStream:|priority:0|startupRole:FOLLOWER, s13|rpc:0.0.0.0:39411|dataStream:|priority:0|startupRole:FOLLOWER, s12|rpc:0.0.0.0:36717|dataStream:|priority:0|startupRole:FOLLOWER]|listeners:[], old=null RUNNING
   FOLLOWER s13@group-38FE90E113AE:t0, leader=null, voted=, raftlog=Memoized:s13@group-38FE90E113AE-SegmentedRaftLog:OPENED:c-1, conf=-1: peers:[]|listeners:[], old=null STARTING] size=2
  s12:  RUNNING [
   FOLLOWER s12@group-307DF1E8AB17:t0, leader=null, voted=, raftlog=Memoized:s12@group-307DF1E8AB17-SegmentedRaftLog:OPENED:c-1, conf=-1: peers:[s11|rpc:0.0.0.0:37111|dataStream:|priority:0|startupRole:FOLLOWER, s13|rpc:0.0.0.0:39411|dataStream:|priority:0|startupRole:FOLLOWER, s12|rpc:0.0.0.0:36717|dataStream:|priority:0|startupRole:FOLLOWER]|listeners:[], old=null RUNNING
   FOLLOWER s12@group-38FE90E113AE:t0, leader=null, voted=, raftlog=Memoized:s12@group-38FE90E113AE-SegmentedRaftLog:OPENED:c-1, conf=-1: peers:[]|listeners:[], old=null STARTING] size=2, sleep 900ms and then retry.
java.lang.IllegalStateException: No leader yet  for group-307DF1E8AB17: printing group-307DF1E8AB17
  s11:  RUNNING [
   FOLLOWER s11@group-307DF1E8AB17:t0, leader=null, voted=, raftlog=Memoized:s11@group-307DF1E8AB17-SegmentedRaftLog:OPENED:c-1, conf=-1: peers:[s11|rpc:0.0.0.0:37111|dataStream:|priority:0|startupRole:FOLLOWER, s13|rpc:0.0.0.0:39411|dataStream:|priority:0|startupRole:FOLLOWER, s12|rpc:0.0.0.0:36717|dataStream:|priority:0|startupRole:FOLLOWER]|listeners:[], old=null RUNNING
   FOLLOWER s11@group-38FE90E113AE:t0, leader=null, voted=, raftlog=Memoized:s11@group-38FE90E113AE-SegmentedRaftLog:OPENED:c-1, conf=-1: peers:[]|listeners:[], old=null STARTING] size=2
  s13:  RUNNING [
   FOLLOWER s13@group-307DF1E8AB17:t0, leader=null, voted=, raftlog=Memoized:s13@group-307DF1E8AB17-SegmentedRaftLog:OPENED:c-1, conf=-1: peers:[s11|rpc:0.0.0.0:37111|dataStream:|priority:0|startupRole:FOLLOWER, s13|rpc:0.0.0.0:39411|dataStream:|priority:0|startupRole:FOLLOWER, s12|rpc:0.0.0.0:36717|dataStream:|priority:0|startupRole:FOLLOWER]|listeners:[], old=null RUNNING
   FOLLOWER s13@group-38FE90E113AE:t0, leader=null, voted=, raftlog=Memoized:s13@group-38FE90E113AE-SegmentedRaftLog:OPENED:c-1, conf=-1: peers:[]|listeners:[], old=null STARTING] size=2
  s12:  RUNNING [
   FOLLOWER s12@group-307DF1E8AB17:t0, leader=null, voted=, raftlog=Memoized:s12@group-307DF1E8AB17-SegmentedRaftLog:OPENED:c-1, conf=-1: peers:[s11|rpc:0.0.0.0:37111|dataStream:|priority:0|startupRole:FOLLOWER, s13|rpc:0.0.0.0:39411|dataStream:|priority:0|startupRole:FOLLOWER, s12|rpc:0.0.0.0:36717|dataStream:|priority:0|startupRole:FOLLOWER]|listeners:[], old=null RUNNING
   FOLLOWER s12@group-38FE90E113AE:t0, leader=null, voted=, raftlog=Memoized:s12@group-38FE90E113AE-SegmentedRaftLog:OPENED:c-1, conf=-1: peers:[]|listeners:[], old=null STARTING] size=2
	at org.apache.ratis.server.impl.MiniRaftCluster.newIllegalStateExceptionForNoLeaders(MiniRaftCluster.java:581)
	at org.apache.ratis.RaftTestUtil.lambda$waitForLeader$1(RaftTestUtil.java:104)
	at org.apache.ratis.server.impl.MiniRaftCluster.getLeader(MiniRaftCluster.java:615)
	at org.apache.ratis.server.impl.MiniRaftCluster.getLeader(MiniRaftCluster.java:608)
	at org.apache.ratis.RaftTestUtil.lambda$waitForLeader$3(RaftTestUtil.java:112)
	at org.apache.ratis.util.JavaUtils.attempt(JavaUtils.java:211)
	at org.apache.ratis.util.JavaUtils.attemptRepeatedly(JavaUtils.java:197)
	at org.apache.ratis.RaftTestUtil.waitForLeader(RaftTestUtil.java:111)
	at org.apache.ratis.RaftTestUtil.waitForLeader(RaftTestUtil.java:92)
	at org.apache.ratis.server.impl.GroupManagementBaseTest.runMultiGroupTest(GroupManagementBaseTest.java:287)
	at org.apache.ratis.TestMultiRaftGroup.runTestMultiRaftGroup(TestMultiRaftGroup.java:73)
	at org.apache.ratis.TestMultiRaftGroup.runTestMultiRaftGroup(TestMultiRaftGroup.java:59)
	at org.apache.ratis.TestMultiRaftGroup.testMultiRaftGroup(TestMultiRaftGroup.java:55)
	at java.base/jdk.internal.reflect.NativeMethodAccessorImpl.invoke0(Native Method)
	at java.base/jdk.internal.reflect.NativeMethodAccessorImpl.invoke(NativeMethodAccessorImpl.java:62)
	at java.base/jdk.internal.reflect.DelegatingMethodAccessorImpl.invoke(DelegatingMethodAccessorImpl.java:43)
	at java.base/java.lang.reflect.Method.invoke(Method.java:566)
	at org.junit.runners.model.FrameworkMethod$1.runReflectiveCall(FrameworkMethod.java:59)
	at org.junit.internal.runners.model.ReflectiveCallable.run(ReflectiveCallable.java:12)
	at org.junit.runners.model.FrameworkMethod.invokeExplosively(FrameworkMethod.java:56)
	at org.junit.internal.runners.statements.InvokeMethod.evaluate(InvokeMethod.java:17)
	at org.junit.internal.runners.statements.RunAfters.evaluate(RunAfters.java:27)
	at org.junit.internal.runners.statements.FailOnTimeout$CallableStatement.call(FailOnTimeout.java:299)
	at org.junit.internal.runners.statements.FailOnTimeout$CallableStatement.call(FailOnTimeout.java:293)
	at java.base/java.util.concurrent.FutureTask.run(FutureTask.java:264)
	at java.base/java.lang.Thread.run(Thread.java:829)
2023-03-17 00:26:10,297 INFO  impl.FollowerState (FollowerState.java:run(143)) - s11@group-307DF1E8AB17-FollowerState: change to CANDIDATE, lastRpcElapsedTime:330709059ns, electionTimeout:326ms
2023-03-17 00:26:10,297 INFO  impl.RoleInfo (RoleInfo.java:shutdownFollowerState(110)) - s11: shutdown s11@group-307DF1E8AB17-FollowerState
2023-03-17 00:26:10,297 INFO  server.RaftServer$Division (RaftServerImpl.java:setRole(329)) - s11@group-307DF1E8AB17: changes role from  FOLLOWER to CANDIDATE at term 0 for changeToCandidate
2023-03-17 00:26:10,297 INFO  server.RaftServerConfigKeys (ConfUtils.java:logGet(46)) - raft.server.leaderelection.pre-vote = true (default)
2023-03-17 00:26:10,297 INFO  impl.RoleInfo (RoleInfo.java:updateAndGet(139)) - s11: start s11@group-307DF1E8AB17-LeaderElection12
2023-03-17 00:26:10,303 INFO  impl.LeaderElection (LeaderElection.java:askForVotes(320)) - s11@group-307DF1E8AB17-LeaderElection12 PRE_VOTE round 0: submit vote requests at term 0 for -1: peers:[s11|rpc:0.0.0.0:37111|dataStream:|priority:0|startupRole:FOLLOWER, s13|rpc:0.0.0.0:39411|dataStream:|priority:0|startupRole:FOLLOWER, s12|rpc:0.0.0.0:36717|dataStream:|priority:0|startupRole:FOLLOWER]|listeners:[], old=null
2023-03-17 00:26:10,304 INFO  server.RaftServerConfigKeys (ConfUtils.java:logFallback(53)) - raft.server.rpc.first-election.timeout.min = 300ms (fallback to raft.server.rpc.timeout.min)
2023-03-17 00:26:10,305 INFO  server.RaftServerConfigKeys (ConfUtils.java:logFallback(53)) - raft.server.rpc.first-election.timeout.max = 600ms (fallback to raft.server.rpc.timeout.max)
2023-03-17 00:26:10,311 INFO  logging.LoggingHandler (AbstractInternalLogger.java:log(148)) - [id: 0xc495072a, L:/0.0.0.0:39411] READ: [id: 0x29343357, L:/10.1.0.17:39411 - R:/10.1.0.17:58386]
2023-03-17 00:26:10,312 INFO  logging.LoggingHandler (AbstractInternalLogger.java:log(148)) - [id: 0xc495072a, L:/0.0.0.0:39411] READ COMPLETE
2023-03-17 00:26:10,315 INFO  logging.LoggingHandler (AbstractInternalLogger.java:log(148)) - [id: 0x07f7011d, L:/0.0.0.0:36717] READ: [id: 0x201913d2, L:/10.1.0.17:36717 - R:/10.1.0.17:43822]
2023-03-17 00:26:10,317 INFO  logging.LoggingHandler (AbstractInternalLogger.java:log(148)) - [id: 0x07f7011d, L:/0.0.0.0:36717] READ COMPLETE
2023-03-17 00:26:10,321 INFO  server.RaftServer$Division (RaftServerImpl.java:requestVote(1303)) - s13@group-307DF1E8AB17: receive requestVote(PRE_VOTE, s11, group-307DF1E8AB17, 0, (t:0, i:0))
2023-03-17 00:26:10,321 INFO  impl.VoteContext (VoteContext.java:log(49)) - s13@group-307DF1E8AB17-FOLLOWER: accept PRE_VOTE from s11: our priority 0 <= candidate's priority 0
2023-03-17 00:26:10,321 INFO  server.RaftServer$Division (RaftServerImpl.java:requestVote(1336)) - s13@group-307DF1E8AB17 replies to PRE_VOTE vote request: s11<-s13#0:OK-t0. Peer's state: s13@group-307DF1E8AB17:t0, leader=null, voted=, raftlog=Memoized:s13@group-307DF1E8AB17-SegmentedRaftLog:OPENED:c-1, conf=-1: peers:[s11|rpc:0.0.0.0:37111|dataStream:|priority:0|startupRole:FOLLOWER, s13|rpc:0.0.0.0:39411|dataStream:|priority:0|startupRole:FOLLOWER, s12|rpc:0.0.0.0:36717|dataStream:|priority:0|startupRole:FOLLOWER]|listeners:[], old=null
2023-03-17 00:26:10,322 INFO  impl.LeaderElection (LeaderElection.java:logAndReturn(89)) - s11@group-307DF1E8AB17-LeaderElection12: PRE_VOTE PASSED received 1 response(s) and 0 exception(s):
2023-03-17 00:26:10,322 INFO  impl.LeaderElection (LeaderElection.java:logAndReturn(93)) -   Response 0: s11<-s13#0:OK-t0
2023-03-17 00:26:10,322 INFO  impl.LeaderElection (LeaderElection.java:askForVotes(322)) - s11@group-307DF1E8AB17-LeaderElection12 PRE_VOTE round 0: result PASSED
2023-03-17 00:26:10,324 INFO  impl.LeaderElection (LeaderElection.java:askForVotes(320)) - s11@group-307DF1E8AB17-LeaderElection12 ELECTION round 0: submit vote requests at term 1 for -1: peers:[s11|rpc:0.0.0.0:37111|dataStream:|priority:0|startupRole:FOLLOWER, s13|rpc:0.0.0.0:39411|dataStream:|priority:0|startupRole:FOLLOWER, s12|rpc:0.0.0.0:36717|dataStream:|priority:0|startupRole:FOLLOWER]|listeners:[], old=null
2023-03-17 00:26:10,324 INFO  server.RaftServer$Division (RaftServerImpl.java:requestVote(1303)) - s12@group-307DF1E8AB17: receive requestVote(PRE_VOTE, s11, group-307DF1E8AB17, 0, (t:0, i:0))
2023-03-17 00:26:10,324 INFO  impl.VoteContext (VoteContext.java:log(49)) - s12@group-307DF1E8AB17-FOLLOWER: accept PRE_VOTE from s11: our priority 0 <= candidate's priority 0
2023-03-17 00:26:10,325 INFO  server.RaftServer$Division (RaftServerImpl.java:requestVote(1336)) - s12@group-307DF1E8AB17 replies to PRE_VOTE vote request: s11<-s12#0:OK-t0. Peer's state: s12@group-307DF1E8AB17:t0, leader=null, voted=, raftlog=Memoized:s12@group-307DF1E8AB17-SegmentedRaftLog:OPENED:c-1, conf=-1: peers:[s11|rpc:0.0.0.0:37111|dataStream:|priority:0|startupRole:FOLLOWER, s13|rpc:0.0.0.0:39411|dataStream:|priority:0|startupRole:FOLLOWER, s12|rpc:0.0.0.0:36717|dataStream:|priority:0|startupRole:FOLLOWER]|listeners:[], old=null
2023-03-17 00:26:10,327 INFO  server.RaftServer$Division (RaftServerImpl.java:requestVote(1303)) - s13@group-307DF1E8AB17: receive requestVote(ELECTION, s11, group-307DF1E8AB17, 1, (t:0, i:0))
2023-03-17 00:26:10,327 INFO  impl.VoteContext (VoteContext.java:log(49)) - s13@group-307DF1E8AB17-FOLLOWER: accept ELECTION from s11: our priority 0 <= candidate's priority 0
2023-03-17 00:26:10,327 INFO  server.RaftServer$Division (RaftServerImpl.java:setRole(329)) - s13@group-307DF1E8AB17: changes role from  FOLLOWER to FOLLOWER at term 1 for candidate:s11
2023-03-17 00:26:10,327 INFO  impl.RoleInfo (RoleInfo.java:shutdownFollowerState(110)) - s13: shutdown s13@group-307DF1E8AB17-FollowerState
2023-03-17 00:26:10,327 INFO  impl.FollowerState (FollowerState.java:run(152)) - s13@group-307DF1E8AB17-FollowerState was interrupted
2023-03-17 00:26:10,327 INFO  impl.RoleInfo (RoleInfo.java:updateAndGet(139)) - s13: start s13@group-307DF1E8AB17-FollowerState
2023-03-17 00:26:10,329 INFO  server.RaftServerConfigKeys (ConfUtils.java:logFallback(53)) - raft.server.rpc.first-election.timeout.min = 300ms (fallback to raft.server.rpc.timeout.min)
2023-03-17 00:26:10,329 INFO  server.RaftServerConfigKeys (ConfUtils.java:logFallback(53)) - raft.server.rpc.first-election.timeout.max = 600ms (fallback to raft.server.rpc.timeout.max)
2023-03-17 00:26:10,333 INFO  server.RaftServer$Division (RaftServerImpl.java:requestVote(1303)) - s12@group-307DF1E8AB17: receive requestVote(ELECTION, s11, group-307DF1E8AB17, 1, (t:0, i:0))
2023-03-17 00:26:10,333 INFO  impl.VoteContext (VoteContext.java:log(49)) - s12@group-307DF1E8AB17-FOLLOWER: accept ELECTION from s11: our priority 0 <= candidate's priority 0
2023-03-17 00:26:10,333 INFO  server.RaftServer$Division (RaftServerImpl.java:setRole(329)) - s12@group-307DF1E8AB17: changes role from  FOLLOWER to FOLLOWER at term 1 for candidate:s11
2023-03-17 00:26:10,334 INFO  impl.RoleInfo (RoleInfo.java:shutdownFollowerState(110)) - s12: shutdown s12@group-307DF1E8AB17-FollowerState
2023-03-17 00:26:10,334 INFO  impl.RoleInfo (RoleInfo.java:updateAndGet(139)) - s12: start s12@group-307DF1E8AB17-FollowerState
2023-03-17 00:26:10,334 INFO  impl.FollowerState (FollowerState.java:run(152)) - s12@group-307DF1E8AB17-FollowerState was interrupted
2023-03-17 00:26:10,335 INFO  server.RaftServerConfigKeys (ConfUtils.java:logFallback(53)) - raft.server.rpc.first-election.timeout.min = 300ms (fallback to raft.server.rpc.timeout.min)
2023-03-17 00:26:10,335 INFO  server.RaftServerConfigKeys (ConfUtils.java:logFallback(53)) - raft.server.rpc.first-election.timeout.max = 600ms (fallback to raft.server.rpc.timeout.max)
2023-03-17 00:26:10,335 INFO  server.RaftServer$Division (RaftServerImpl.java:requestVote(1336)) - s13@group-307DF1E8AB17 replies to ELECTION vote request: s11<-s13#0:OK-t1. Peer's state: s13@group-307DF1E8AB17:t1, leader=null, voted=s11, raftlog=Memoized:s13@group-307DF1E8AB17-SegmentedRaftLog:OPENED:c-1, conf=-1: peers:[s11|rpc:0.0.0.0:37111|dataStream:|priority:0|startupRole:FOLLOWER, s13|rpc:0.0.0.0:39411|dataStream:|priority:0|startupRole:FOLLOWER, s12|rpc:0.0.0.0:36717|dataStream:|priority:0|startupRole:FOLLOWER]|listeners:[], old=null
2023-03-17 00:26:10,336 INFO  impl.LeaderElection (LeaderElection.java:logAndReturn(89)) - s11@group-307DF1E8AB17-LeaderElection12: ELECTION PASSED received 1 response(s) and 0 exception(s):
2023-03-17 00:26:10,336 INFO  impl.LeaderElection (LeaderElection.java:logAndReturn(93)) -   Response 0: s11<-s13#0:OK-t1
2023-03-17 00:26:10,336 INFO  impl.LeaderElection (LeaderElection.java:askForVotes(322)) - s11@group-307DF1E8AB17-LeaderElection12 ELECTION round 0: result PASSED
2023-03-17 00:26:10,336 INFO  impl.RoleInfo (RoleInfo.java:shutdownLeaderElection(130)) - s11: shutdown s11@group-307DF1E8AB17-LeaderElection12
2023-03-17 00:26:10,336 INFO  server.RaftServer$Division (RaftServerImpl.java:setRole(329)) - s11@group-307DF1E8AB17: changes role from CANDIDATE to LEADER at term 1 for changeToLeader
2023-03-17 00:26:10,336 INFO  server.RaftServer$Division (ServerState.java:setLeader(260)) - s11@group-307DF1E8AB17: change Leader from null to s11 at term 1 for becomeLeader, leader elected after 402ms
2023-03-17 00:26:10,336 INFO  server.RaftServerConfigKeys (ConfUtils.java:logGet(46)) - raft.server.staging.catchup.gap = 1000 (default)
2023-03-17 00:26:10,337 INFO  server.RaftServerConfigKeys (ConfUtils.java:logGet(46)) - raft.server.write.element-limit = 4096 (default)
2023-03-17 00:26:10,337 INFO  server.RaftServerConfigKeys (ConfUtils.java:logGet(46)) - raft.server.write.byte-limit = 64MB (=67108864) (default)
2023-03-17 00:26:10,337 INFO  server.RaftServerConfigKeys (ConfUtils.java:logGet(46)) - raft.server.watch.timeout = 10s (default)
2023-03-17 00:26:10,337 INFO  server.RaftServerConfigKeys (ConfUtils.java:logGet(46)) - raft.server.watch.timeout.denomination = 1s (default)
2023-03-17 00:26:10,337 INFO  server.RaftServerConfigKeys (ConfUtils.java:logGet(46)) - raft.server.watch.element-limit = 65536 (default)
2023-03-17 00:26:10,337 INFO  server.RaftServerConfigKeys (ConfUtils.java:logGet(46)) - raft.server.write.element-limit = 4096 (default)
2023-03-17 00:26:10,337 INFO  server.RaftServerConfigKeys (ConfUtils.java:logGet(46)) - raft.server.write.follower.gap.ratio.max = -1.0 (default)
2023-03-17 00:26:10,337 INFO  server.RaftServerConfigKeys (ConfUtils.java:logGet(46)) - raft.server.log.appender.snapshot.chunk.size.max = 16MB (=16777216) (default)
2023-03-17 00:26:10,337 INFO  server.RaftServerConfigKeys (ConfUtils.java:logGet(46)) - raft.server.log.appender.buffer.byte-limit = 4MB (=4194304) (default)
2023-03-17 00:26:10,337 INFO  server.RaftServerConfigKeys (ConfUtils.java:logGet(46)) - raft.server.log.appender.buffer.element-limit = 0 (default)
2023-03-17 00:26:10,337 INFO  server.RaftServerConfigKeys (ConfUtils.java:logGet(46)) - raft.server.log.appender.wait-time.min = 10ms (default)
2023-03-17 00:26:10,338 INFO  server.RaftServerConfigKeys (ConfUtils.java:logGet(46)) - raft.server.log.appender.snapshot.chunk.size.max = 16MB (=16777216) (default)
2023-03-17 00:26:10,338 INFO  server.RaftServerConfigKeys (ConfUtils.java:logGet(46)) - raft.server.log.appender.buffer.byte-limit = 4MB (=4194304) (default)
2023-03-17 00:26:10,338 INFO  server.RaftServerConfigKeys (ConfUtils.java:logGet(46)) - raft.server.log.appender.buffer.element-limit = 0 (default)
2023-03-17 00:26:10,338 INFO  server.RaftServerConfigKeys (ConfUtils.java:logGet(46)) - raft.server.log.appender.wait-time.min = 10ms (default)
2023-03-17 00:26:10,338 INFO  impl.RoleInfo (RoleInfo.java:updateAndGet(139)) - s11: start s11@group-307DF1E8AB17-LeaderStateImpl
2023-03-17 00:26:10,338 INFO  segmented.SegmentedRaftLogWorker (SegmentedRaftLogWorker.java:startLogSegment(426)) - s11@group-307DF1E8AB17-SegmentedRaftLogWorker: Starting segment from index:0
2023-03-17 00:26:10,338 INFO  server.RaftServerConfigKeys (ConfUtils.java:logFallback(53)) - raft.server.rpc.first-election.timeout.min = 300ms (fallback to raft.server.rpc.timeout.min)
2023-03-17 00:26:10,339 INFO  server.RaftServerConfigKeys (ConfUtils.java:logFallback(53)) - raft.server.rpc.first-election.timeout.max = 600ms (fallback to raft.server.rpc.timeout.max)
2023-03-17 00:26:10,339 INFO  server.RaftServer$Division (RaftServerImpl.java:requestVote(1336)) - s12@group-307DF1E8AB17 replies to ELECTION vote request: s11<-s12#0:OK-t1. Peer's state: s12@group-307DF1E8AB17:t1, leader=null, voted=s11, raftlog=Memoized:s12@group-307DF1E8AB17-SegmentedRaftLog:OPENED:c-1, conf=-1: peers:[s11|rpc:0.0.0.0:37111|dataStream:|priority:0|startupRole:FOLLOWER, s13|rpc:0.0.0.0:39411|dataStream:|priority:0|startupRole:FOLLOWER, s12|rpc:0.0.0.0:36717|dataStream:|priority:0|startupRole:FOLLOWER]|listeners:[], old=null
2023-03-17 00:26:10,346 INFO  server.RaftServer$Division (ServerState.java:setRaftConf(378)) - s11@group-307DF1E8AB17: set configuration 0: peers:[s11|rpc:0.0.0.0:37111|dataStream:|priority:0|startupRole:FOLLOWER, s13|rpc:0.0.0.0:39411|dataStream:|priority:0|startupRole:FOLLOWER, s12|rpc:0.0.0.0:36717|dataStream:|priority:0|startupRole:FOLLOWER]|listeners:[], old=null
2023-03-17 00:26:10,350 INFO  server.RaftServer$Division (ServerState.java:setLeader(260)) - s12@group-307DF1E8AB17: change Leader from null to s11 at term 1 for appendEntries, leader elected after 313ms
2023-03-17 00:26:10,351 INFO  segmented.SegmentedRaftLogWorker (SegmentedRaftLogWorker.java:execute(630)) - s11@group-307DF1E8AB17-SegmentedRaftLogWorker: created new log segment /home/runner/work/ratis/ratis/ratis-examples/target/test/data/9a3b15da/MiniRaftClusterWithNettyce94e709/s11/888c57f2-0bbd-4df6-b406-307df1e8ab17/current/log_inprogress_0
2023-03-17 00:26:10,352 INFO  server.RaftServer$Division (ServerState.java:setLeader(260)) - s13@group-307DF1E8AB17: change Leader from null to s11 at term 1 for appendEntries, leader elected after 216ms
2023-03-17 00:26:10,359 DEBUG server.RaftServer$Division (RaftServerImpl.java:logAppendEntries(1430)) - s12@group-307DF1E8AB17: receive appendEntries(s11, 1, null, -1, true, commits:[s11:c-1, s13:c-1, s12:c-1], cId:5196, entries: [(t:1, i:0), CONFIGURATIONENTRY(current:id: "s11"
address: "0.0.0.0:37111"
clientAddress: "0.0.0.0:37111"
adminAddress: "0.0.0.0:37111"
startupRole: FOLLOWER
,id: "s13"
address: "0.0.0.0:39411"
clientAddress: "0.0.0.0:39411"
adminAddress: "0.0.0.0:39411"
startupRole: FOLLOWER
,id: "s12"
address: "0.0.0.0:36717"
clientAddress: "0.0.0.0:36717"
adminAddress: "0.0.0.0:36717"
startupRole: FOLLOWER
, old:)]
2023-03-17 00:26:10,360 INFO  server.RaftServer$Division (ServerState.java:setRaftConf(378)) - s12@group-307DF1E8AB17: set configuration 0: peers:[s11|rpc:0.0.0.0:37111|dataStream:|priority:0|startupRole:FOLLOWER, s13|rpc:0.0.0.0:39411|dataStream:|priority:0|startupRole:FOLLOWER, s12|rpc:0.0.0.0:36717|dataStream:|priority:0|startupRole:FOLLOWER]|listeners:[], old=null
2023-03-17 00:26:10,360 INFO  segmented.SegmentedRaftLogWorker (SegmentedRaftLogWorker.java:startLogSegment(426)) - s12@group-307DF1E8AB17-SegmentedRaftLogWorker: Starting segment from index:0
2023-03-17 00:26:10,363 DEBUG server.RaftServer$Division (RaftServerImpl.java:logAppendEntries(1430)) - s13@group-307DF1E8AB17: receive appendEntries(s11, 1, null, -1, true, commits:[s11:c-1, s13:c-1, s12:c-1], cId:5197, entries: [(t:1, i:0), CONFIGURATIONENTRY(current:id: "s11"
address: "0.0.0.0:37111"
clientAddress: "0.0.0.0:37111"
adminAddress: "0.0.0.0:37111"
startupRole: FOLLOWER
,id: "s13"
address: "0.0.0.0:39411"
clientAddress: "0.0.0.0:39411"
adminAddress: "0.0.0.0:39411"
startupRole: FOLLOWER
,id: "s12"
address: "0.0.0.0:36717"
clientAddress: "0.0.0.0:36717"
adminAddress: "0.0.0.0:36717"
startupRole: FOLLOWER
, old:)]
2023-03-17 00:26:10,363 INFO  server.RaftServer$Division (ServerState.java:setRaftConf(378)) - s13@group-307DF1E8AB17: set configuration 0: peers:[s11|rpc:0.0.0.0:37111|dataStream:|priority:0|startupRole:FOLLOWER, s13|rpc:0.0.0.0:39411|dataStream:|priority:0|startupRole:FOLLOWER, s12|rpc:0.0.0.0:36717|dataStream:|priority:0|startupRole:FOLLOWER]|listeners:[], old=null
2023-03-17 00:26:10,363 INFO  segmented.SegmentedRaftLogWorker (SegmentedRaftLogWorker.java:startLogSegment(426)) - s13@group-307DF1E8AB17-SegmentedRaftLogWorker: Starting segment from index:0
2023-03-17 00:26:10,380 INFO  segmented.SegmentedRaftLogWorker (SegmentedRaftLogWorker.java:execute(630)) - s13@group-307DF1E8AB17-SegmentedRaftLogWorker: created new log segment /home/runner/work/ratis/ratis/ratis-examples/target/test/data/9a3b15da/MiniRaftClusterWithNettyce94e709/s13/888c57f2-0bbd-4df6-b406-307df1e8ab17/current/log_inprogress_0
2023-03-17 00:26:10,381 DEBUG server.RaftServer$Division (RaftServerImpl.java:logAppendEntries(1430)) - s13@group-307DF1E8AB17: succeeded to handle AppendEntries. Reply: s11<-s13#5197:OK-t1,SUCCESS,nextIndex=1,followerCommit=-1,matchIndex=0
2023-03-17 00:26:10,382 INFO  segmented.SegmentedRaftLogWorker (SegmentedRaftLogWorker.java:execute(630)) - s12@group-307DF1E8AB17-SegmentedRaftLogWorker: created new log segment /home/runner/work/ratis/ratis/ratis-examples/target/test/data/9a3b15da/MiniRaftClusterWithNettyce94e709/s12/888c57f2-0bbd-4df6-b406-307df1e8ab17/current/log_inprogress_0
2023-03-17 00:26:10,382 DEBUG server.RaftServer$Division (RaftServerImpl.java:logAppendEntries(1430)) - s12@group-307DF1E8AB17: succeeded to handle AppendEntries. Reply: s11<-s12#5196:OK-t1,SUCCESS,nextIndex=1,followerCommit=-1,matchIndex=0
2023-03-17 00:26:11,090 INFO  ratis.RaftTestUtil (RaftTestUtil.java:waitForLeader(119)) - printing group-307DF1E8AB17
  s11:  RUNNING [
     LEADER s11@group-307DF1E8AB17:t1, leader=s11, voted=s11, raftlog=Memoized:s11@group-307DF1E8AB17-SegmentedRaftLog:OPENED:c0, conf=0: peers:[s11|rpc:0.0.0.0:37111|dataStream:|priority:0|startupRole:FOLLOWER, s13|rpc:0.0.0.0:39411|dataStream:|priority:0|startupRole:FOLLOWER, s12|rpc:0.0.0.0:36717|dataStream:|priority:0|startupRole:FOLLOWER]|listeners:[], old=null RUNNING
   FOLLOWER s11@group-38FE90E113AE:t0, leader=null, voted=, raftlog=Memoized:s11@group-38FE90E113AE-SegmentedRaftLog:OPENED:c-1, conf=-1: peers:[]|listeners:[], old=null STARTING] size=2
  s13:  RUNNING [
   FOLLOWER s13@group-307DF1E8AB17:t1, leader=s11, voted=s11, raftlog=Memoized:s13@group-307DF1E8AB17-SegmentedRaftLog:OPENED:c0, conf=0: peers:[s11|rpc:0.0.0.0:37111|dataStream:|priority:0|startupRole:FOLLOWER, s13|rpc:0.0.0.0:39411|dataStream:|priority:0|startupRole:FOLLOWER, s12|rpc:0.0.0.0:36717|dataStream:|priority:0|startupRole:FOLLOWER]|listeners:[], old=null RUNNING
   FOLLOWER s13@group-38FE90E113AE:t0, leader=null, voted=, raftlog=Memoized:s13@group-38FE90E113AE-SegmentedRaftLog:OPENED:c-1, conf=-1: peers:[]|listeners:[], old=null STARTING] size=2
  s12:  RUNNING [
   FOLLOWER s12@group-307DF1E8AB17:t1, leader=s11, voted=s11, raftlog=Memoized:s12@group-307DF1E8AB17-SegmentedRaftLog:OPENED:c0, conf=0: peers:[s11|rpc:0.0.0.0:37111|dataStream:|priority:0|startupRole:FOLLOWER, s13|rpc:0.0.0.0:39411|dataStream:|priority:0|startupRole:FOLLOWER, s12|rpc:0.0.0.0:36717|dataStream:|priority:0|startupRole:FOLLOWER]|listeners:[], old=null RUNNING
   FOLLOWER s12@group-38FE90E113AE:t0, leader=null, voted=, raftlog=Memoized:s12@group-38FE90E113AE-SegmentedRaftLog:OPENED:c-1, conf=-1: peers:[]|listeners:[], old=null STARTING] size=2
2023-03-17 00:26:11,097 INFO  logging.LoggingHandler (AbstractInternalLogger.java:log(148)) - [id: 0x0bedeedd, L:/0.0.0.0:37111] READ: [id: 0xbaa8caa9, L:/10.1.0.17:37111 - R:/10.1.0.17:36476]
2023-03-17 00:26:11,097 INFO  logging.LoggingHandler (AbstractInternalLogger.java:log(148)) - [id: 0x0bedeedd, L:/0.0.0.0:37111] READ COMPLETE
2023-03-17 00:26:11,099 DEBUG server.RaftServer$Division (RaftServerImpl.java:submitClientRequestAsync(835)) - s11@group-307DF1E8AB17: receive client request(RaftClientRequest:client-D0E0E253CE84->s11@group-307DF1E8AB17, cid=5234, seq=0, RW, Message:01016102403700000000...(size=12))
2023-03-17 00:26:11,099 DEBUG server.RaftServer$Division (LeaderStateImpl.java:addPendingRequest(474)) - s11@group-307DF1E8AB17-LeaderStateImpl: addPendingRequest at RaftClientRequest:client-D0E0E253CE84->s11@group-307DF1E8AB17, cid=5234, seq=0, RW, Message:01016102403700000000...(size=12), entry=(t:1, i:1), STATEMACHINELOGENTRY, 5234@client-D0E0E253CE84
2023-03-17 00:26:11,100 DEBUG server.RaftServer$Division (RaftServerImpl.java:logAppendEntries(1430)) - s12@group-307DF1E8AB17: receive appendEntries(s11, 1, (t:1, i:0), 0, true, commits:[s11:c0, s13:c0, s12:c0], cId:5235, entries: [(t:1, i:1), STATEMACHINELOGENTRY, 5234@client-D0E0E253CE84]
2023-03-17 00:26:11,100 DEBUG server.RaftServer$Division (RaftServerImpl.java:logAppendEntries(1430)) - s13@group-307DF1E8AB17: receive appendEntries(s11, 1, (t:1, i:0), 0, true, commits:[s11:c0, s13:c0, s12:c0], cId:5236, entries: [(t:1, i:1), STATEMACHINELOGENTRY, 5234@client-D0E0E253CE84]
2023-03-17 00:26:11,101 DEBUG server.RaftServer$Division (RaftServerImpl.java:logAppendEntries(1430)) - s12@group-307DF1E8AB17: succeeded to handle AppendEntries. Reply: s11<-s12#5235:OK-t1,SUCCESS,nextIndex=2,followerCommit=0,matchIndex=1
2023-03-17 00:26:11,101 DEBUG server.RaftServer$Division (RaftServerImpl.java:logAppendEntries(1430)) - s13@group-307DF1E8AB17: succeeded to handle AppendEntries. Reply: s11<-s13#5236:OK-t1,SUCCESS,nextIndex=2,followerCommit=0,matchIndex=1
2023-03-17 00:26:11,101 INFO  statemachine.StateMachine (ArithmeticStateMachine.java:applyTransaction(182)) - LEADER:s11-1: a = 23 = 23
2023-03-17 00:26:11,102 DEBUG server.RaftServer$Division (RaftServerImpl.java:logAppendEntries(1430)) - s12@group-307DF1E8AB17: receive appendEntries(s11, 1, (t:1, i:1), 1, true, commits:[s11:c1, s13:c0, s12:c0], cId:5237, entries: [(t:1, i:2), METADATAENTRY(c:1)]
2023-03-17 00:26:11,102 DEBUG server.RaftServer$Division (RaftServerImpl.java:logAppendEntries(1430)) - s13@group-307DF1E8AB17: receive appendEntries(s11, 1, (t:1, i:1), 1, true, commits:[s11:c1, s13:c0, s12:c0], cId:5238, entries: [(t:1, i:2), METADATAENTRY(c:1)]
2023-03-17 00:26:11,102 DEBUG server.RaftServer$Division (RaftServerImpl.java:logAppendEntries(1430)) - s12@group-307DF1E8AB17: succeeded to handle AppendEntries. Reply: s11<-s12#5237:OK-t1,SUCCESS,nextIndex=3,followerCommit=1,matchIndex=2
2023-03-17 00:26:11,104 DEBUG server.RaftServer$Division (RaftServerImpl.java:logAppendEntries(1430)) - s13@group-307DF1E8AB17: succeeded to handle AppendEntries. Reply: s11<-s13#5238:OK-t1,SUCCESS,nextIndex=3,followerCommit=1,matchIndex=2
2023-03-17 00:26:11,107 DEBUG server.RaftServer$Division (RaftServerImpl.java:submitClientRequestAsync(835)) - s11@group-307DF1E8AB17: receive client request(RaftClientRequest:client-D0E0E253CE84->s11@group-307DF1E8AB17, cid=5239, seq=0, RW, Message:01016202407080000000...(size=12))
2023-03-17 00:26:11,107 DEBUG server.RaftServer$Division (LeaderStateImpl.java:addPendingRequest(474)) - s11@group-307DF1E8AB17-LeaderStateImpl: addPendingRequest at RaftClientRequest:client-D0E0E253CE84->s11@group-307DF1E8AB17, cid=5239, seq=0, RW, Message:01016202407080000000...(size=12), entry=(t:1, i:3), STATEMACHINELOGENTRY, 5239@client-D0E0E253CE84
2023-03-17 00:26:11,108 DEBUG server.RaftServer$Division (RaftServerImpl.java:logAppendEntries(1430)) - s12@group-307DF1E8AB17: receive appendEntries(s11, 1, (t:1, i:2), 2, true, commits:[s11:c2, s13:c1, s12:c1], cId:5241, entries: [(t:1, i:3), STATEMACHINELOGENTRY, 5239@client-D0E0E253CE84]
2023-03-17 00:26:11,109 DEBUG server.RaftServer$Division (RaftServerImpl.java:logAppendEntries(1430)) - s12@group-307DF1E8AB17: succeeded to handle AppendEntries. Reply: s11<-s12#5241:OK-t1,SUCCESS,nextIndex=4,followerCommit=2,matchIndex=3
2023-03-17 00:26:11,110 INFO  statemachine.StateMachine (ArithmeticStateMachine.java:applyTransaction(182)) - LEADER:s11-3: b = 264 = 264
2023-03-17 00:26:11,110 DEBUG server.RaftServer$Division (RaftServerImpl.java:logAppendEntries(1430)) - s12@group-307DF1E8AB17: receive appendEntries(s11, 1, (t:1, i:3), 3, true, commits:[s11:c3, s13:c1, s12:c2], cId:5242, entries: [(t:1, i:4), METADATAENTRY(c:3)]
2023-03-17 00:26:11,111 DEBUG server.RaftServer$Division (RaftServerImpl.java:logAppendEntries(1430)) - s12@group-307DF1E8AB17: succeeded to handle AppendEntries. Reply: s11<-s12#5242:OK-t1,SUCCESS,nextIndex=5,followerCommit=3,matchIndex=4
2023-03-17 00:26:11,112 DEBUG server.RaftServer$Division (RaftServerImpl.java:submitClientRequestAsync(835)) - s11@group-307DF1E8AB17: receive client request(RaftClientRequest:client-D0E0E253CE84->s11@group-307DF1E8AB17, cid=5243, seq=0, RW, Message:01016304010300040201...(size=17))
2023-03-17 00:26:11,112 DEBUG server.RaftServer$Division (LeaderStateImpl.java:addPendingRequest(474)) - s11@group-307DF1E8AB17-LeaderStateImpl: addPendingRequest at RaftClientRequest:client-D0E0E253CE84->s11@group-307DF1E8AB17, cid=5243, seq=0, RW, Message:01016304010300040201...(size=17), entry=(t:1, i:5), STATEMACHINELOGENTRY, 5243@client-D0E0E253CE84
2023-03-17 00:26:11,113 DEBUG server.RaftServer$Division (RaftServerImpl.java:logAppendEntries(1430)) - s12@group-307DF1E8AB17: receive appendEntries(s11, 1, (t:1, i:4), 4, true, commits:[s11:c4, s13:c1, s12:c3], cId:5244, entries: [(t:1, i:5), STATEMACHINELOGENTRY, 5243@client-D0E0E253CE84]
2023-03-17 00:26:11,113 DEBUG server.RaftServer$Division (RaftServerImpl.java:logAppendEntries(1430)) - s13@group-307DF1E8AB17: receive appendEntries(s11, 1, (t:1, i:2), 2, true, commits:[s11:c2, s13:c1, s12:c1], cId:5240, entries: [(t:1, i:3), STATEMACHINELOGENTRY, 5239@client-D0E0E253CE84]
2023-03-17 00:26:11,114 DEBUG server.RaftServer$Division (RaftServerImpl.java:logAppendEntries(1430)) - s12@group-307DF1E8AB17: succeeded to handle AppendEntries. Reply: s11<-s12#5244:OK-t1,SUCCESS,nextIndex=6,followerCommit=4,matchIndex=5
2023-03-17 00:26:11,114 DEBUG server.RaftServer$Division (RaftServerImpl.java:logAppendEntries(1430)) - s13@group-307DF1E8AB17: succeeded to handle AppendEntries. Reply: s11<-s13#5240:OK-t1,SUCCESS,nextIndex=4,followerCommit=2,matchIndex=3
2023-03-17 00:26:11,114 INFO  statemachine.StateMachine (ArithmeticStateMachine.java:applyTransaction(182)) - LEADER:s11-5: c = √(a^2 + b^2) = 265
2023-03-17 00:26:11,115 DEBUG server.RaftServer$Division (RaftServerImpl.java:logAppendEntries(1430)) - s12@group-307DF1E8AB17: receive appendEntries(s11, 1, (t:1, i:5), 5, true, commits:[s11:c5, s13:c2, s12:c4], cId:5245, entries: [(t:1, i:6), METADATAENTRY(c:5)]
2023-03-17 00:26:11,116 DEBUG server.RaftServer$Division (RaftServerImpl.java:logAppendEntries(1430)) - s13@group-307DF1E8AB17: receive appendEntries(s11, 1, (t:1, i:3), 5, true, commits:[s11:c5, s13:c2, s12:c4], cId:5246, entries: [(t:1, i:4), METADATAENTRY(c:3), (t:1, i:5), STATEMACHINELOGENTRY, 5243@client-D0E0E253CE84, (t:1, i:6), METADATAENTRY(c:5)]
2023-03-17 00:26:11,116 DEBUG server.RaftServer$Division (RaftServerImpl.java:logAppendEntries(1430)) - s12@group-307DF1E8AB17: succeeded to handle AppendEntries. Reply: s11<-s12#5245:OK-t1,SUCCESS,nextIndex=7,followerCommit=5,matchIndex=6
2023-03-17 00:26:11,116 DEBUG server.RaftServer$Division (RaftServerImpl.java:logAppendEntries(1430)) - s13@group-307DF1E8AB17: succeeded to handle AppendEntries. Reply: s11<-s13#5246:OK-t1,SUCCESS,nextIndex=7,followerCommit=5,matchIndex=6
2023-03-17 00:26:11,117 DEBUG server.RaftServer$Division (RaftServerImpl.java:submitClientRequestAsync(835)) - s11@group-307DF1E8AB17: receive client request(RaftClientRequest:client-D0E0E253CE84->s11@group-307DF1E8AB17, cid=5247, seq=0, RW, Message:01016100)
2023-03-17 00:26:11,117 DEBUG server.RaftServer$Division (LeaderStateImpl.java:addPendingRequest(474)) - s11@group-307DF1E8AB17-LeaderStateImpl: addPendingRequest at RaftClientRequest:client-D0E0E253CE84->s11@group-307DF1E8AB17, cid=5247, seq=0, RW, Message:01016100, entry=(t:1, i:7), STATEMACHINELOGENTRY, 5247@client-D0E0E253CE84
2023-03-17 00:26:11,118 DEBUG server.RaftServer$Division (RaftServerImpl.java:logAppendEntries(1430)) - s12@group-307DF1E8AB17: receive appendEntries(s11, 1, (t:1, i:6), 6, true, commits:[s11:c6, s13:c5, s12:c5], cId:5249, entries: [(t:1, i:7), STATEMACHINELOGENTRY, 5247@client-D0E0E253CE84]
2023-03-17 00:26:11,118 DEBUG server.RaftServer$Division (RaftServerImpl.java:logAppendEntries(1430)) - s13@group-307DF1E8AB17: receive appendEntries(s11, 1, (t:1, i:6), 6, true, commits:[s11:c6, s13:c5, s12:c5], cId:5248, entries: [(t:1, i:7), STATEMACHINELOGENTRY, 5247@client-D0E0E253CE84]
2023-03-17 00:26:11,119 DEBUG server.RaftServer$Division (RaftServerImpl.java:logAppendEntries(1430)) - s12@group-307DF1E8AB17: succeeded to handle AppendEntries. Reply: s11<-s12#5249:OK-t1,SUCCESS,nextIndex=8,followerCommit=6,matchIndex=7
2023-03-17 00:26:11,119 DEBUG server.RaftServer$Division (RaftServerImpl.java:logAppendEntries(1430)) - s13@group-307DF1E8AB17: succeeded to handle AppendEntries. Reply: s11<-s13#5248:OK-t1,SUCCESS,nextIndex=8,followerCommit=6,matchIndex=7
2023-03-17 00:26:11,120 INFO  statemachine.StateMachine (ArithmeticStateMachine.java:applyTransaction(182)) - LEADER:s11-7: a = null = null
2023-03-17 00:26:11,121 DEBUG server.RaftServer$Division (RaftServerImpl.java:logAppendEntries(1430)) - s12@group-307DF1E8AB17: receive appendEntries(s11, 1, (t:1, i:7), 7, true, commits:[s11:c7, s13:c6, s12:c6], cId:5250, entries: [(t:1, i:8), METADATAENTRY(c:7)]
2023-03-17 00:26:11,121 DEBUG server.RaftServer$Division (RaftServerImpl.java:submitClientRequestAsync(835)) - s11@group-307DF1E8AB17: receive client request(RaftClientRequest:client-D0E0E253CE84->s11@group-307DF1E8AB17, cid=5252, seq=0, RW, Message:01016200)
2023-03-17 00:26:11,121 DEBUG server.RaftServer$Division (RaftServerImpl.java:logAppendEntries(1430)) - s12@group-307DF1E8AB17: succeeded to handle AppendEntries. Reply: s11<-s12#5250:OK-t1,SUCCESS,nextIndex=9,followerCommit=7,matchIndex=8
2023-03-17 00:26:11,121 DEBUG server.RaftServer$Division (LeaderStateImpl.java:addPendingRequest(474)) - s11@group-307DF1E8AB17-LeaderStateImpl: addPendingRequest at RaftClientRequest:client-D0E0E253CE84->s11@group-307DF1E8AB17, cid=5252, seq=0, RW, Message:01016200, entry=(t:1, i:9), STATEMACHINELOGENTRY, 5252@client-D0E0E253CE84
2023-03-17 00:26:11,121 DEBUG server.RaftServer$Division (RaftServerImpl.java:logAppendEntries(1430)) - s13@group-307DF1E8AB17: receive appendEntries(s11, 1, (t:1, i:7), 7, true, commits:[s11:c7, s13:c6, s12:c6], cId:5251, entries: [(t:1, i:8), METADATAENTRY(c:7)]
2023-03-17 00:26:11,122 DEBUG server.RaftServer$Division (RaftServerImpl.java:logAppendEntries(1430)) - s13@group-307DF1E8AB17: succeeded to handle AppendEntries. Reply: s11<-s13#5251:OK-t1,SUCCESS,nextIndex=9,followerCommit=7,matchIndex=8
2023-03-17 00:26:11,123 DEBUG server.RaftServer$Division (RaftServerImpl.java:logAppendEntries(1430)) - s12@group-307DF1E8AB17: receive appendEntries(s11, 1, (t:1, i:8), 7, true, commits:[s11:c7, s13:c6, s12:c7], cId:5253, entries: [(t:1, i:9), STATEMACHINELOGENTRY, 5252@client-D0E0E253CE84]
2023-03-17 00:26:11,124 DEBUG server.RaftServer$Division (RaftServerImpl.java:logAppendEntries(1430)) - s13@group-307DF1E8AB17: receive appendEntries(s11, 1, (t:1, i:8), 8, true, commits:[s11:c8, s13:c7, s12:c7], cId:5254, entries: [(t:1, i:9), STATEMACHINELOGENTRY, 5252@client-D0E0E253CE84]
2023-03-17 00:26:11,124 DEBUG server.RaftServer$Division (RaftServerImpl.java:logAppendEntries(1430)) - s12@group-307DF1E8AB17: succeeded to handle AppendEntries. Reply: s11<-s12#5253:OK-t1,SUCCESS,nextIndex=10,followerCommit=7,matchIndex=9
2023-03-17 00:26:11,125 DEBUG server.RaftServer$Division (RaftServerImpl.java:logAppendEntries(1430)) - s13@group-307DF1E8AB17: succeeded to handle AppendEntries. Reply: s11<-s13#5254:OK-t1,SUCCESS,nextIndex=10,followerCommit=8,matchIndex=9
2023-03-17 00:26:11,126 INFO  statemachine.StateMachine (ArithmeticStateMachine.java:applyTransaction(182)) - LEADER:s11-9: b = null = null
2023-03-17 00:26:11,126 DEBUG server.RaftServer$Division (RaftServerImpl.java:logAppendEntries(1430)) - s13@group-307DF1E8AB17: receive appendEntries(s11, 1, (t:1, i:9), 9, true, commits:[s11:c9, s13:c8, s12:c7], cId:5255, entries: [(t:1, i:10), METADATAENTRY(c:9)]
2023-03-17 00:26:11,127 DEBUG server.RaftServer$Division (RaftServerImpl.java:submitClientRequestAsync(835)) - s11@group-307DF1E8AB17: receive client request(RaftClientRequest:client-D0E0E253CE84->s11@group-307DF1E8AB17, cid=5256, seq=0, RW, Message:01016300)
2023-03-17 00:26:11,127 DEBUG server.RaftServer$Division (RaftServerImpl.java:logAppendEntries(1430)) - s13@group-307DF1E8AB17: succeeded to handle AppendEntries. Reply: s11<-s13#5255:OK-t1,SUCCESS,nextIndex=11,followerCommit=9,matchIndex=10
2023-03-17 00:26:11,127 DEBUG server.RaftServer$Division (LeaderStateImpl.java:addPendingRequest(474)) - s11@group-307DF1E8AB17-LeaderStateImpl: addPendingRequest at RaftClientRequest:client-D0E0E253CE84->s11@group-307DF1E8AB17, cid=5256, seq=0, RW, Message:01016300, entry=(t:1, i:11), STATEMACHINELOGENTRY, 5256@client-D0E0E253CE84
2023-03-17 00:26:11,128 DEBUG server.RaftServer$Division (RaftServerImpl.java:logAppendEntries(1430)) - s12@group-307DF1E8AB17: receive appendEntries(s11, 1, (t:1, i:9), 9, true, commits:[s11:c9, s13:c8, s12:c7], cId:5257, entries: [(t:1, i:10), METADATAENTRY(c:9), (t:1, i:11), STATEMACHINELOGENTRY, 5256@client-D0E0E253CE84]
2023-03-17 00:26:11,128 DEBUG server.RaftServer$Division (RaftServerImpl.java:logAppendEntries(1430)) - s12@group-307DF1E8AB17: succeeded to handle AppendEntries. Reply: s11<-s12#5257:OK-t1,SUCCESS,nextIndex=12,followerCommit=9,matchIndex=11
2023-03-17 00:26:11,130 INFO  statemachine.StateMachine (ArithmeticStateMachine.java:applyTransaction(182)) - LEADER:s11-11: c = null = null
2023-03-17 00:26:11,130 DEBUG server.RaftServer$Division (RaftServerImpl.java:logAppendEntries(1430)) - s12@group-307DF1E8AB17: receive appendEntries(s11, 1, (t:1, i:11), 11, true, commits:[s11:c11, s13:c9, s12:c9], cId:5259, entries: [(t:1, i:12), METADATAENTRY(c:11)]
2023-03-17 00:26:11,131 DEBUG server.RaftServer$Division (RaftServerImpl.java:submitClientRequestAsync(835)) - s11@group-307DF1E8AB17: receive client request(RaftClientRequest:client-D0E0E253CE84->s11@group-307DF1E8AB17, cid=5260, seq=0, RW, Message:01016102403900000000...(size=12))
2023-03-17 00:26:11,131 DEBUG server.RaftServer$Division (LeaderStateImpl.java:addPendingRequest(474)) - s11@group-307DF1E8AB17-LeaderStateImpl: addPendingRequest at RaftClientRequest:client-D0E0E253CE84->s11@group-307DF1E8AB17, cid=5260, seq=0, RW, Message:01016102403900000000...(size=12), entry=(t:1, i:13), STATEMACHINELOGENTRY, 5260@client-D0E0E253CE84
2023-03-17 00:26:11,131 DEBUG server.RaftServer$Division (RaftServerImpl.java:logAppendEntries(1430)) - s12@group-307DF1E8AB17: succeeded to handle AppendEntries. Reply: s11<-s12#5259:OK-t1,SUCCESS,nextIndex=13,followerCommit=11,matchIndex=12
2023-03-17 00:26:11,131 DEBUG server.RaftServer$Division (RaftServerImpl.java:logAppendEntries(1430)) - s13@group-307DF1E8AB17: receive appendEntries(s11, 1, (t:1, i:10), 9, true, commits:[s11:c9, s13:c9, s12:c7], cId:5258, entries: [(t:1, i:11), STATEMACHINELOGENTRY, 5256@client-D0E0E253CE84]
2023-03-17 00:26:11,133 DEBUG server.RaftServer$Division (RaftServerImpl.java:logAppendEntries(1430)) - s13@group-307DF1E8AB17: succeeded to handle AppendEntries. Reply: s11<-s13#5258:OK-t1,SUCCESS,nextIndex=12,followerCommit=9,matchIndex=11
2023-03-17 00:26:11,134 DEBUG server.RaftServer$Division (RaftServerImpl.java:logAppendEntries(1430)) - s12@group-307DF1E8AB17: receive appendEntries(s11, 1, (t:1, i:12), 11, true, commits:[s11:c11, s13:c9, s12:c11], cId:5261, entries: [(t:1, i:13), STATEMACHINELOGENTRY, 5260@client-D0E0E253CE84]
2023-03-17 00:26:11,135 DEBUG server.RaftServer$Division (RaftServerImpl.java:logAppendEntries(1430)) - s13@group-307DF1E8AB17: receive appendEntries(s11, 1, (t:1, i:11), 12, true, commits:[s11:c12, s13:c9, s12:c11], cId:5264, entries: [(t:1, i:12), METADATAENTRY(c:11), (t:1, i:13), STATEMACHINELOGENTRY, 5260@client-D0E0E253CE84]
2023-03-17 00:26:11,135 DEBUG server.RaftServer$Division (RaftServerImpl.java:logAppendEntries(1430)) - s12@group-307DF1E8AB17: succeeded to handle AppendEntries. Reply: s11<-s12#5261:OK-t1,SUCCESS,nextIndex=14,followerCommit=11,matchIndex=13
2023-03-17 00:26:11,136 INFO  statemachine.StateMachine (ArithmeticStateMachine.java:applyTransaction(182)) - LEADER:s11-13: a = 25 = 25
2023-03-17 00:26:11,137 DEBUG server.RaftServer$Division (RaftServerImpl.java:logAppendEntries(1430)) - s12@group-307DF1E8AB17: receive appendEntries(s11, 1, (t:1, i:13), 13, true, commits:[s11:c13, s13:c9, s12:c11], cId:5267, entries: [(t:1, i:14), METADATAENTRY(c:13)]
2023-03-17 00:26:11,137 DEBUG server.RaftServer$Division (RaftServerImpl.java:submitClientRequestAsync(835)) - s11@group-307DF1E8AB17: receive client request(RaftClientRequest:client-D0E0E253CE84->s11@group-307DF1E8AB17, cid=5268, seq=0, RW, Message:01016202407380000000...(size=12))
2023-03-17 00:26:11,137 DEBUG server.RaftServer$Division (LeaderStateImpl.java:addPendingRequest(474)) - s11@group-307DF1E8AB17-LeaderStateImpl: addPendingRequest at RaftClientRequest:client-D0E0E253CE84->s11@group-307DF1E8AB17, cid=5268, seq=0, RW, Message:01016202407380000000...(size=12), entry=(t:1, i:15), STATEMACHINELOGENTRY, 5268@client-D0E0E253CE84
2023-03-17 00:26:11,137 DEBUG server.RaftServer$Division (RaftServerImpl.java:logAppendEntries(1430)) - s13@group-307DF1E8AB17: succeeded to handle AppendEntries. Reply: s11<-s13#5264:OK-t1,SUCCESS,nextIndex=14,followerCommit=12,matchIndex=13
2023-03-17 00:26:11,137 DEBUG server.RaftServer$Division (RaftServerImpl.java:logAppendEntries(1430)) - s12@group-307DF1E8AB17: succeeded to handle AppendEntries. Reply: s11<-s12#5267:OK-t1,SUCCESS,nextIndex=15,followerCommit=13,matchIndex=14
2023-03-17 00:26:11,139 DEBUG server.RaftServer$Division (RaftServerImpl.java:logAppendEntries(1430)) - s13@group-307DF1E8AB17: receive appendEntries(s11, 1, (t:1, i:13), 13, true, commits:[s11:c13, s13:c12, s12:c11], cId:5269, entries: [(t:1, i:14), METADATAENTRY(c:13), (t:1, i:15), STATEMACHINELOGENTRY, 5268@client-D0E0E253CE84]
2023-03-17 00:26:11,140 DEBUG server.RaftServer$Division (RaftServerImpl.java:logAppendEntries(1430)) - s12@group-307DF1E8AB17: receive appendEntries(s11, 1, (t:1, i:14), 13, true, commits:[s11:c13, s13:c12, s12:c13], cId:5270, entries: [(t:1, i:15), STATEMACHINELOGENTRY, 5268@client-D0E0E253CE84]
2023-03-17 00:26:11,140 DEBUG server.RaftServer$Division (RaftServerImpl.java:logAppendEntries(1430)) - s13@group-307DF1E8AB17: succeeded to handle AppendEntries. Reply: s11<-s13#5269:OK-t1,SUCCESS,nextIndex=16,followerCommit=13,matchIndex=15
2023-03-17 00:26:11,141 DEBUG server.RaftServer$Division (RaftServerImpl.java:logAppendEntries(1430)) - s12@group-307DF1E8AB17: succeeded to handle AppendEntries. Reply: s11<-s12#5270:OK-t1,SUCCESS,nextIndex=16,followerCommit=13,matchIndex=15
2023-03-17 00:26:11,141 INFO  statemachine.StateMachine (ArithmeticStateMachine.java:applyTransaction(182)) - LEADER:s11-15: b = 312 = 312
2023-03-17 00:26:11,142 DEBUG server.RaftServer$Division (RaftServerImpl.java:logAppendEntries(1430)) - s13@group-307DF1E8AB17: receive appendEntries(s11, 1, (t:1, i:15), 15, true, commits:[s11:c15, s13:c13, s12:c13], cId:5271, entries: [(t:1, i:16), METADATAENTRY(c:15)]
2023-03-17 00:26:11,143 DEBUG server.RaftServer$Division (RaftServerImpl.java:logAppendEntries(1430)) - s12@group-307DF1E8AB17: receive appendEntries(s11, 1, (t:1, i:15), 15, true, commits:[s11:c15, s13:c13, s12:c13], cId:5273, entries: [(t:1, i:16), METADATAENTRY(c:15)]
2023-03-17 00:26:11,142 DEBUG server.RaftServer$Division (RaftServerImpl.java:submitClientRequestAsync(835)) - s11@group-307DF1E8AB17: receive client request(RaftClientRequest:client-D0E0E253CE84->s11@group-307DF1E8AB17, cid=5272, seq=0, RW, Message:01016304010300040201...(size=17))
2023-03-17 00:26:11,143 DEBUG server.RaftServer$Division (LeaderStateImpl.java:addPendingRequest(474)) - s11@group-307DF1E8AB17-LeaderStateImpl: addPendingRequest at RaftClientRequest:client-D0E0E253CE84->s11@group-307DF1E8AB17, cid=5272, seq=0, RW, Message:01016304010300040201...(size=17), entry=(t:1, i:17), STATEMACHINELOGENTRY, 5272@client-D0E0E253CE84
2023-03-17 00:26:11,143 DEBUG server.RaftServer$Division (RaftServerImpl.java:logAppendEntries(1430)) - s13@group-307DF1E8AB17: succeeded to handle AppendEntries. Reply: s11<-s13#5271:OK-t1,SUCCESS,nextIndex=17,followerCommit=15,matchIndex=16
2023-03-17 00:26:11,144 DEBUG server.RaftServer$Division (RaftServerImpl.java:logAppendEntries(1430)) - s12@group-307DF1E8AB17: succeeded to handle AppendEntries. Reply: s11<-s12#5273:OK-t1,SUCCESS,nextIndex=17,followerCommit=15,matchIndex=16
2023-03-17 00:26:11,145 DEBUG server.RaftServer$Division (RaftServerImpl.java:logAppendEntries(1430)) - s13@group-307DF1E8AB17: receive appendEntries(s11, 1, (t:1, i:16), 15, true, commits:[s11:c15, s13:c15, s12:c13], cId:5274, entries: [(t:1, i:17), STATEMACHINELOGENTRY, 5272@client-D0E0E253CE84]
2023-03-17 00:26:11,146 DEBUG server.RaftServer$Division (RaftServerImpl.java:logAppendEntries(1430)) - s13@group-307DF1E8AB17: succeeded to handle AppendEntries. Reply: s11<-s13#5274:OK-t1,SUCCESS,nextIndex=18,followerCommit=15,matchIndex=17
2023-03-17 00:26:11,147 INFO  statemachine.StateMachine (ArithmeticStateMachine.java:applyTransaction(182)) - LEADER:s11-17: c = √(a^2 + b^2) = 313
2023-03-17 00:26:11,147 DEBUG server.RaftServer$Division (RaftServerImpl.java:logAppendEntries(1430)) - s12@group-307DF1E8AB17: receive appendEntries(s11, 1, (t:1, i:16), 16, true, commits:[s11:c16, s13:c15, s12:c15], cId:5275, entries: [(t:1, i:17), STATEMACHINELOGENTRY, 5272@client-D0E0E253CE84]
2023-03-17 00:26:11,148 DEBUG server.RaftServer$Division (RaftServerImpl.java:submitClientRequestAsync(835)) - s11@group-307DF1E8AB17: receive client request(RaftClientRequest:client-D0E0E253CE84->s11@group-307DF1E8AB17, cid=5277, seq=0, RW, Message:01016100)
2023-03-17 00:26:11,148 DEBUG server.RaftServer$Division (RaftServerImpl.java:logAppendEntries(1430)) - s13@group-307DF1E8AB17: receive appendEntries(s11, 1, (t:1, i:17), 17, true, commits:[s11:c17, s13:c15, s12:c15], cId:5276, entries: [(t:1, i:18), METADATAENTRY(c:17)]
2023-03-17 00:26:11,148 DEBUG server.RaftServer$Division (RaftServerImpl.java:logAppendEntries(1430)) - s12@group-307DF1E8AB17: succeeded to handle AppendEntries. Reply: s11<-s12#5275:OK-t1,SUCCESS,nextIndex=18,followerCommit=16,matchIndex=17
2023-03-17 00:26:11,148 DEBUG server.RaftServer$Division (LeaderStateImpl.java:addPendingRequest(474)) - s11@group-307DF1E8AB17-LeaderStateImpl: addPendingRequest at RaftClientRequest:client-D0E0E253CE84->s11@group-307DF1E8AB17, cid=5277, seq=0, RW, Message:01016100, entry=(t:1, i:19), STATEMACHINELOGENTRY, 5277@client-D0E0E253CE84
2023-03-17 00:26:11,149 DEBUG server.RaftServer$Division (RaftServerImpl.java:logAppendEntries(1430)) - s13@group-307DF1E8AB17: succeeded to handle AppendEntries. Reply: s11<-s13#5276:OK-t1,SUCCESS,nextIndex=19,followerCommit=17,matchIndex=18
2023-03-17 00:26:11,150 DEBUG server.RaftServer$Division (RaftServerImpl.java:logAppendEntries(1430)) - s13@group-307DF1E8AB17: receive appendEntries(s11, 1, (t:1, i:18), 17, true, commits:[s11:c17, s13:c17, s12:c15], cId:5278, entries: [(t:1, i:19), STATEMACHINELOGENTRY, 5277@client-D0E0E253CE84]
2023-03-17 00:26:11,151 DEBUG server.RaftServer$Division (RaftServerImpl.java:logAppendEntries(1430)) - s12@group-307DF1E8AB17: receive appendEntries(s11, 1, (t:1, i:17), 18, true, commits:[s11:c18, s13:c17, s12:c16], cId:5279, entries: [(t:1, i:18), METADATAENTRY(c:17), (t:1, i:19), STATEMACHINELOGENTRY, 5277@client-D0E0E253CE84]
2023-03-17 00:26:11,151 DEBUG server.RaftServer$Division (RaftServerImpl.java:logAppendEntries(1430)) - s13@group-307DF1E8AB17: succeeded to handle AppendEntries. Reply: s11<-s13#5278:OK-t1,SUCCESS,nextIndex=20,followerCommit=17,matchIndex=19
2023-03-17 00:26:11,152 INFO  statemachine.StateMachine (ArithmeticStateMachine.java:applyTransaction(182)) - LEADER:s11-19: a = null = null
2023-03-17 00:26:11,153 DEBUG server.RaftServer$Division (RaftServerImpl.java:submitClientRequestAsync(835)) - s11@group-307DF1E8AB17: receive client request(RaftClientRequest:client-D0E0E253CE84->s11@group-307DF1E8AB17, cid=5281, seq=0, RW, Message:01016200)
2023-03-17 00:26:11,153 DEBUG server.RaftServer$Division (LeaderStateImpl.java:addPendingRequest(474)) - s11@group-307DF1E8AB17-LeaderStateImpl: addPendingRequest at RaftClientRequest:client-D0E0E253CE84->s11@group-307DF1E8AB17, cid=5281, seq=0, RW, Message:01016200, entry=(t:1, i:21), STATEMACHINELOGENTRY, 5281@client-D0E0E253CE84
2023-03-17 00:26:11,153 DEBUG server.RaftServer$Division (RaftServerImpl.java:logAppendEntries(1430)) - s13@group-307DF1E8AB17: receive appendEntries(s11, 1, (t:1, i:19), 19, true, commits:[s11:c19, s13:c17, s12:c16], cId:5280, entries: [(t:1, i:20), METADATAENTRY(c:19)]
2023-03-17 00:26:11,153 DEBUG server.RaftServer$Division (RaftServerImpl.java:logAppendEntries(1430)) - s12@group-307DF1E8AB17: succeeded to handle AppendEntries. Reply: s11<-s12#5279:OK-t1,SUCCESS,nextIndex=20,followerCommit=18,matchIndex=19
2023-03-17 00:26:11,154 DEBUG server.RaftServer$Division (RaftServerImpl.java:logAppendEntries(1430)) - s12@group-307DF1E8AB17: receive appendEntries(s11, 1, (t:1, i:19), 19, true, commits:[s11:c19, s13:c17, s12:c18], cId:5282, entries: [(t:1, i:20), METADATAENTRY(c:19), (t:1, i:21), STATEMACHINELOGENTRY, 5281@client-D0E0E253CE84]
2023-03-17 00:26:11,155 DEBUG server.RaftServer$Division (RaftServerImpl.java:logAppendEntries(1430)) - s13@group-307DF1E8AB17: succeeded to handle AppendEntries. Reply: s11<-s13#5280:OK-t1,SUCCESS,nextIndex=21,followerCommit=19,matchIndex=20
2023-03-17 00:26:11,155 DEBUG server.RaftServer$Division (RaftServerImpl.java:logAppendEntries(1430)) - s12@group-307DF1E8AB17: succeeded to handle AppendEntries. Reply: s11<-s12#5282:OK-t1,SUCCESS,nextIndex=22,followerCommit=19,matchIndex=21
2023-03-17 00:26:11,156 DEBUG server.RaftServer$Division (RaftServerImpl.java:logAppendEntries(1430)) - s13@group-307DF1E8AB17: receive appendEntries(s11, 1, (t:1, i:20), 19, true, commits:[s11:c19, s13:c19, s12:c18], cId:5283, entries: [(t:1, i:21), STATEMACHINELOGENTRY, 5281@client-D0E0E253CE84]
2023-03-17 00:26:11,157 DEBUG server.RaftServer$Division (RaftServerImpl.java:logAppendEntries(1430)) - s12@group-307DF1E8AB17: receive appendEntries(s11, 1, (t:1, i:21), 21, true, commits:[s11:c21, s13:c19, s12:c19], cId:5284, entries: [(t:1, i:22), METADATAENTRY(c:21)]
2023-03-17 00:26:11,157 INFO  statemachine.StateMachine (ArithmeticStateMachine.java:applyTransaction(182)) - LEADER:s11-21: b = null = null
2023-03-17 00:26:11,158 DEBUG server.RaftServer$Division (RaftServerImpl.java:logAppendEntries(1430)) - s13@group-307DF1E8AB17: succeeded to handle AppendEntries. Reply: s11<-s13#5283:OK-t1,SUCCESS,nextIndex=22,followerCommit=19,matchIndex=21
2023-03-17 00:26:11,158 DEBUG server.RaftServer$Division (RaftServerImpl.java:logAppendEntries(1430)) - s12@group-307DF1E8AB17: succeeded to handle AppendEntries. Reply: s11<-s12#5284:OK-t1,SUCCESS,nextIndex=23,followerCommit=21,matchIndex=22
2023-03-17 00:26:11,159 DEBUG server.RaftServer$Division (RaftServerImpl.java:submitClientRequestAsync(835)) - s11@group-307DF1E8AB17: receive client request(RaftClientRequest:client-D0E0E253CE84->s11@group-307DF1E8AB17, cid=5285, seq=0, RW, Message:01016300)
2023-03-17 00:26:11,159 DEBUG server.RaftServer$Division (LeaderStateImpl.java:addPendingRequest(474)) - s11@group-307DF1E8AB17-LeaderStateImpl: addPendingRequest at RaftClientRequest:client-D0E0E253CE84->s11@group-307DF1E8AB17, cid=5285, seq=0, RW, Message:01016300, entry=(t:1, i:23), STATEMACHINELOGENTRY, 5285@client-D0E0E253CE84
2023-03-17 00:26:11,160 DEBUG server.RaftServer$Division (RaftServerImpl.java:logAppendEntries(1430)) - s13@group-307DF1E8AB17: receive appendEntries(s11, 1, (t:1, i:21), 21, true, commits:[s11:c21, s13:c19, s12:c19], cId:5286, entries: [(t:1, i:22), METADATAENTRY(c:21)]
2023-03-17 00:26:11,160 DEBUG server.RaftServer$Division (RaftServerImpl.java:logAppendEntries(1430)) - s12@group-307DF1E8AB17: receive appendEntries(s11, 1, (t:1, i:22), 21, true, commits:[s11:c21, s13:c19, s12:c21], cId:5287, entries: [(t:1, i:23), STATEMACHINELOGENTRY, 5285@client-D0E0E253CE84]
2023-03-17 00:26:11,161 DEBUG server.RaftServer$Division (RaftServerImpl.java:logAppendEntries(1430)) - s13@group-307DF1E8AB17: succeeded to handle AppendEntries. Reply: s11<-s13#5286:OK-t1,SUCCESS,nextIndex=23,followerCommit=21,matchIndex=22
2023-03-17 00:26:11,161 DEBUG server.RaftServer$Division (RaftServerImpl.java:logAppendEntries(1430)) - s12@group-307DF1E8AB17: succeeded to handle AppendEntries. Reply: s11<-s12#5287:OK-t1,SUCCESS,nextIndex=24,followerCommit=21,matchIndex=23
2023-03-17 00:26:11,162 INFO  statemachine.StateMachine (ArithmeticStateMachine.java:applyTransaction(182)) - LEADER:s11-23: c = null = null
2023-03-17 00:26:11,163 DEBUG server.RaftServer$Division (RaftServerImpl.java:submitClientRequestAsync(835)) - s11@group-307DF1E8AB17: receive client request(RaftClientRequest:client-D0E0E253CE84->s11@group-307DF1E8AB17, cid=5290, seq=0, RW, Message:01016102403b00000000...(size=12))
2023-03-17 00:26:11,163 DEBUG server.RaftServer$Division (LeaderStateImpl.java:addPendingRequest(474)) - s11@group-307DF1E8AB17-LeaderStateImpl: addPendingRequest at RaftClientRequest:client-D0E0E253CE84->s11@group-307DF1E8AB17, cid=5290, seq=0, RW, Message:01016102403b00000000...(size=12), entry=(t:1, i:25), STATEMACHINELOGENTRY, 5290@client-D0E0E253CE84
2023-03-17 00:26:11,163 DEBUG server.RaftServer$Division (RaftServerImpl.java:logAppendEntries(1430)) - s12@group-307DF1E8AB17: receive appendEntries(s11, 1, (t:1, i:23), 23, true, commits:[s11:c23, s13:c21, s12:c21], cId:5289, entries: [(t:1, i:24), METADATAENTRY(c:23)]
2023-03-17 00:26:11,164 DEBUG server.RaftServer$Division (RaftServerImpl.java:logAppendEntries(1430)) - s13@group-307DF1E8AB17: receive appendEntries(s11, 1, (t:1, i:22), 22, true, commits:[s11:c22, s13:c21, s12:c21], cId:5288, entries: [(t:1, i:23), STATEMACHINELOGENTRY, 5285@client-D0E0E253CE84]
2023-03-17 00:26:11,164 DEBUG server.RaftServer$Division (RaftServerImpl.java:logAppendEntries(1430)) - s12@group-307DF1E8AB17: succeeded to handle AppendEntries. Reply: s11<-s12#5289:OK-t1,SUCCESS,nextIndex=25,followerCommit=23,matchIndex=24
2023-03-17 00:26:11,164 DEBUG server.RaftServer$Division (RaftServerImpl.java:logAppendEntries(1430)) - s13@group-307DF1E8AB17: succeeded to handle AppendEntries. Reply: s11<-s13#5288:OK-t1,SUCCESS,nextIndex=24,followerCommit=22,matchIndex=23
2023-03-17 00:26:11,166 DEBUG server.RaftServer$Division (RaftServerImpl.java:logAppendEntries(1430)) - s12@group-307DF1E8AB17: receive appendEntries(s11, 1, (t:1, i:24), 23, true, commits:[s11:c23, s13:c22, s12:c23], cId:5292, entries: [(t:1, i:25), STATEMACHINELOGENTRY, 5290@client-D0E0E253CE84]
2023-03-17 00:26:11,167 DEBUG server.RaftServer$Division (RaftServerImpl.java:logAppendEntries(1430)) - s13@group-307DF1E8AB17: receive appendEntries(s11, 1, (t:1, i:23), 23, true, commits:[s11:c23, s13:c22, s12:c21], cId:5291, entries: [(t:1, i:24), METADATAENTRY(c:23), (t:1, i:25), STATEMACHINELOGENTRY, 5290@client-D0E0E253CE84]
2023-03-17 00:26:11,167 DEBUG server.RaftServer$Division (RaftServerImpl.java:logAppendEntries(1430)) - s12@group-307DF1E8AB17: succeeded to handle AppendEntries. Reply: s11<-s12#5292:OK-t1,SUCCESS,nextIndex=26,followerCommit=23,matchIndex=25
2023-03-17 00:26:11,168 INFO  statemachine.StateMachine (ArithmeticStateMachine.java:applyTransaction(182)) - LEADER:s11-25: a = 27 = 27
2023-03-17 00:26:11,168 DEBUG server.RaftServer$Division (RaftServerImpl.java:logAppendEntries(1430)) - s13@group-307DF1E8AB17: succeeded to handle AppendEntries. Reply: s11<-s13#5291:OK-t1,SUCCESS,nextIndex=26,followerCommit=23,matchIndex=25
2023-03-17 00:26:11,169 DEBUG server.RaftServer$Division (RaftServerImpl.java:submitClientRequestAsync(835)) - s11@group-307DF1E8AB17: receive client request(RaftClientRequest:client-D0E0E253CE84->s11@group-307DF1E8AB17, cid=5294, seq=0, RW, Message:010162024076c0000000...(size=12))
2023-03-17 00:26:11,169 DEBUG server.RaftServer$Division (LeaderStateImpl.java:addPendingRequest(474)) - s11@group-307DF1E8AB17-LeaderStateImpl: addPendingRequest at RaftClientRequest:client-D0E0E253CE84->s11@group-307DF1E8AB17, cid=5294, seq=0, RW, Message:010162024076c0000000...(size=12), entry=(t:1, i:27), STATEMACHINELOGENTRY, 5294@client-D0E0E253CE84
2023-03-17 00:26:11,170 DEBUG server.RaftServer$Division (RaftServerImpl.java:logAppendEntries(1430)) - s12@group-307DF1E8AB17: receive appendEntries(s11, 1, (t:1, i:25), 25, true, commits:[s11:c25, s13:c22, s12:c23], cId:5293, entries: [(t:1, i:26), METADATAENTRY(c:25)]
2023-03-17 00:26:11,170 DEBUG server.RaftServer$Division (RaftServerImpl.java:logAppendEntries(1430)) - s13@group-307DF1E8AB17: receive appendEntries(s11, 1, (t:1, i:25), 25, true, commits:[s11:c25, s13:c23, s12:c23], cId:5295, entries: [(t:1, i:26), METADATAENTRY(c:25), (t:1, i:27), STATEMACHINELOGENTRY, 5294@client-D0E0E253CE84]
2023-03-17 00:26:11,171 DEBUG server.RaftServer$Division (RaftServerImpl.java:logAppendEntries(1430)) - s12@group-307DF1E8AB17: succeeded to handle AppendEntries. Reply: s11<-s12#5293:OK-t1,SUCCESS,nextIndex=27,followerCommit=25,matchIndex=26
2023-03-17 00:26:11,171 DEBUG server.RaftServer$Division (RaftServerImpl.java:logAppendEntries(1430)) - s13@group-307DF1E8AB17: succeeded to handle AppendEntries. Reply: s11<-s13#5295:OK-t1,SUCCESS,nextIndex=28,followerCommit=25,matchIndex=27
2023-03-17 00:26:11,172 DEBUG server.RaftServer$Division (RaftServerImpl.java:logAppendEntries(1430)) - s12@group-307DF1E8AB17: receive appendEntries(s11, 1, (t:1, i:26), 25, true, commits:[s11:c25, s13:c23, s12:c25], cId:5296, entries: [(t:1, i:27), STATEMACHINELOGENTRY, 5294@client-D0E0E253CE84]
2023-03-17 00:26:11,173 DEBUG server.RaftServer$Division (RaftServerImpl.java:logAppendEntries(1430)) - s13@group-307DF1E8AB17: receive appendEntries(s11, 1, (t:1, i:27), 27, true, commits:[s11:c27, s13:c25, s12:c25], cId:5297, entries: [(t:1, i:28), METADATAENTRY(c:27)]
2023-03-17 00:26:11,172 INFO  statemachine.StateMachine (ArithmeticStateMachine.java:applyTransaction(182)) - LEADER:s11-27: b = 364 = 364
2023-03-17 00:26:11,173 DEBUG server.RaftServer$Division (RaftServerImpl.java:logAppendEntries(1430)) - s12@group-307DF1E8AB17: succeeded to handle AppendEntries. Reply: s11<-s12#5296:OK-t1,SUCCESS,nextIndex=28,followerCommit=25,matchIndex=27
2023-03-17 00:26:11,174 DEBUG server.RaftServer$Division (RaftServerImpl.java:submitClientRequestAsync(835)) - s11@group-307DF1E8AB17: receive client request(RaftClientRequest:client-D0E0E253CE84->s11@group-307DF1E8AB17, cid=5298, seq=0, RW, Message:01016304010300040201...(size=17))
2023-03-17 00:26:11,175 DEBUG server.RaftServer$Division (LeaderStateImpl.java:addPendingRequest(474)) - s11@group-307DF1E8AB17-LeaderStateImpl: addPendingRequest at RaftClientRequest:client-D0E0E253CE84->s11@group-307DF1E8AB17, cid=5298, seq=0, RW, Message:01016304010300040201...(size=17), entry=(t:1, i:29), STATEMACHINELOGENTRY, 5298@client-D0E0E253CE84
2023-03-17 00:26:11,175 DEBUG server.RaftServer$Division (RaftServerImpl.java:logAppendEntries(1430)) - s13@group-307DF1E8AB17: succeeded to handle AppendEntries. Reply: s11<-s13#5297:OK-t1,SUCCESS,nextIndex=29,followerCommit=27,matchIndex=28
2023-03-17 00:26:11,176 DEBUG server.RaftServer$Division (RaftServerImpl.java:logAppendEntries(1430)) - s12@group-307DF1E8AB17: receive appendEntries(s11, 1, (t:1, i:27), 27, true, commits:[s11:c27, s13:c25, s12:c25], cId:5299, entries: [(t:1, i:28), METADATAENTRY(c:27)]
2023-03-17 00:26:11,176 DEBUG server.RaftServer$Division (RaftServerImpl.java:logAppendEntries(1430)) - s13@group-307DF1E8AB17: receive appendEntries(s11, 1, (t:1, i:28), 27, true, commits:[s11:c27, s13:c27, s12:c25], cId:5300, entries: [(t:1, i:29), STATEMACHINELOGENTRY, 5298@client-D0E0E253CE84]
2023-03-17 00:26:11,177 DEBUG server.RaftServer$Division (RaftServerImpl.java:logAppendEntries(1430)) - s12@group-307DF1E8AB17: succeeded to handle AppendEntries. Reply: s11<-s12#5299:OK-t1,SUCCESS,nextIndex=29,followerCommit=27,matchIndex=28
2023-03-17 00:26:11,178 DEBUG server.RaftServer$Division (RaftServerImpl.java:logAppendEntries(1430)) - s13@group-307DF1E8AB17: succeeded to handle AppendEntries. Reply: s11<-s13#5300:OK-t1,SUCCESS,nextIndex=30,followerCommit=27,matchIndex=29
2023-03-17 00:26:11,178 INFO  statemachine.StateMachine (ArithmeticStateMachine.java:applyTransaction(182)) - LEADER:s11-29: c = √(a^2 + b^2) = 365
2023-03-17 00:26:11,179 DEBUG server.RaftServer$Division (RaftServerImpl.java:logAppendEntries(1430)) - s13@group-307DF1E8AB17: receive appendEntries(s11, 1, (t:1, i:29), 29, true, commits:[s11:c29, s13:c27, s12:c27], cId:5302, entries: [(t:1, i:30), METADATAENTRY(c:29)]
2023-03-17 00:26:11,179 DEBUG server.RaftServer$Division (RaftServerImpl.java:logAppendEntries(1430)) - s12@group-307DF1E8AB17: receive appendEntries(s11, 1, (t:1, i:28), 28, true, commits:[s11:c28, s13:c27, s12:c27], cId:5301, entries: [(t:1, i:29), STATEMACHINELOGENTRY, 5298@client-D0E0E253CE84]
2023-03-17 00:26:11,179 DEBUG server.RaftServer$Division (RaftServerImpl.java:submitClientRequestAsync(835)) - s11@group-307DF1E8AB17: receive client request(RaftClientRequest:client-D0E0E253CE84->s11@group-307DF1E8AB17, cid=5303, seq=0, RW, Message:01016100)
2023-03-17 00:26:11,180 DEBUG server.RaftServer$Division (LeaderStateImpl.java:addPendingRequest(474)) - s11@group-307DF1E8AB17-LeaderStateImpl: addPendingRequest at RaftClientRequest:client-D0E0E253CE84->s11@group-307DF1E8AB17, cid=5303, seq=0, RW, Message:01016100, entry=(t:1, i:31), STATEMACHINELOGENTRY, 5303@client-D0E0E253CE84
2023-03-17 00:26:11,180 DEBUG server.RaftServer$Division (RaftServerImpl.java:logAppendEntries(1430)) - s13@group-307DF1E8AB17: succeeded to handle AppendEntries. Reply: s11<-s13#5302:OK-t1,SUCCESS,nextIndex=31,followerCommit=29,matchIndex=30
2023-03-17 00:26:11,180 DEBUG server.RaftServer$Division (RaftServerImpl.java:logAppendEntries(1430)) - s12@group-307DF1E8AB17: succeeded to handle AppendEntries. Reply: s11<-s12#5301:OK-t1,SUCCESS,nextIndex=30,followerCommit=28,matchIndex=29
2023-03-17 00:26:11,181 DEBUG server.RaftServer$Division (RaftServerImpl.java:logAppendEntries(1430)) - s12@group-307DF1E8AB17: receive appendEntries(s11, 1, (t:1, i:29), 29, true, commits:[s11:c29, s13:c27, s12:c28], cId:5304, entries: [(t:1, i:30), METADATAENTRY(c:29), (t:1, i:31), STATEMACHINELOGENTRY, 5303@client-D0E0E253CE84]
2023-03-17 00:26:11,182 DEBUG server.RaftServer$Division (RaftServerImpl.java:logAppendEntries(1430)) - s13@group-307DF1E8AB17: receive appendEntries(s11, 1, (t:1, i:30), 29, true, commits:[s11:c29, s13:c29, s12:c28], cId:5305, entries: [(t:1, i:31), STATEMACHINELOGENTRY, 5303@client-D0E0E253CE84]
2023-03-17 00:26:11,182 DEBUG server.RaftServer$Division (RaftServerImpl.java:logAppendEntries(1430)) - s12@group-307DF1E8AB17: succeeded to handle AppendEntries. Reply: s11<-s12#5304:OK-t1,SUCCESS,nextIndex=32,followerCommit=29,matchIndex=31
2023-03-17 00:26:11,183 DEBUG server.RaftServer$Division (RaftServerImpl.java:logAppendEntries(1430)) - s13@group-307DF1E8AB17: succeeded to handle AppendEntries. Reply: s11<-s13#5305:OK-t1,SUCCESS,nextIndex=32,followerCommit=29,matchIndex=31
2023-03-17 00:26:11,183 INFO  statemachine.StateMachine (ArithmeticStateMachine.java:applyTransaction(182)) - LEADER:s11-31: a = null = null
2023-03-17 00:26:11,184 DEBUG server.RaftServer$Division (RaftServerImpl.java:submitClientRequestAsync(835)) - s11@group-307DF1E8AB17: receive client request(RaftClientRequest:client-D0E0E253CE84->s11@group-307DF1E8AB17, cid=5307, seq=0, RW, Message:01016200)
2023-03-17 00:26:11,184 DEBUG server.RaftServer$Division (LeaderStateImpl.java:addPendingRequest(474)) - s11@group-307DF1E8AB17-LeaderStateImpl: addPendingRequest at RaftClientRequest:client-D0E0E253CE84->s11@group-307DF1E8AB17, cid=5307, seq=0, RW, Message:01016200, entry=(t:1, i:33), STATEMACHINELOGENTRY, 5307@client-D0E0E253CE84
2023-03-17 00:26:11,185 DEBUG server.RaftServer$Division (RaftServerImpl.java:logAppendEntries(1430)) - s12@group-307DF1E8AB17: receive appendEntries(s11, 1, (t:1, i:31), 31, true, commits:[s11:c31, s13:c29, s12:c29], cId:5308, entries: [(t:1, i:32), METADATAENTRY(c:31)]
2023-03-17 00:26:11,185 DEBUG server.RaftServer$Division (RaftServerImpl.java:logAppendEntries(1430)) - s13@group-307DF1E8AB17: receive appendEntries(s11, 1, (t:1, i:31), 31, true, commits:[s11:c31, s13:c29, s12:c28], cId:5306, entries: [(t:1, i:32), METADATAENTRY(c:31)]
2023-03-17 00:26:11,185 DEBUG server.RaftServer$Division (RaftServerImpl.java:logAppendEntries(1430)) - s12@group-307DF1E8AB17: succeeded to handle AppendEntries. Reply: s11<-s12#5308:OK-t1,SUCCESS,nextIndex=33,followerCommit=31,matchIndex=32
2023-03-17 00:26:11,186 DEBUG server.RaftServer$Division (RaftServerImpl.java:logAppendEntries(1430)) - s13@group-307DF1E8AB17: succeeded to handle AppendEntries. Reply: s11<-s13#5306:OK-t1,SUCCESS,nextIndex=33,followerCommit=31,matchIndex=32
2023-03-17 00:26:11,187 DEBUG server.RaftServer$Division (RaftServerImpl.java:logAppendEntries(1430)) - s13@group-307DF1E8AB17: receive appendEntries(s11, 1, (t:1, i:32), 32, true, commits:[s11:c32, s13:c31, s12:c31], cId:5310, entries: [(t:1, i:33), STATEMACHINELOGENTRY, 5307@client-D0E0E253CE84]
2023-03-17 00:26:11,188 DEBUG server.RaftServer$Division (RaftServerImpl.java:logAppendEntries(1430)) - s12@group-307DF1E8AB17: receive appendEntries(s11, 1, (t:1, i:32), 31, true, commits:[s11:c31, s13:c29, s12:c31], cId:5309, entries: [(t:1, i:33), STATEMACHINELOGENTRY, 5307@client-D0E0E253CE84]
2023-03-17 00:26:11,188 DEBUG server.RaftServer$Division (RaftServerImpl.java:logAppendEntries(1430)) - s13@group-307DF1E8AB17: succeeded to handle AppendEntries. Reply: s11<-s13#5310:OK-t1,SUCCESS,nextIndex=34,followerCommit=32,matchIndex=33
2023-03-17 00:26:11,188 DEBUG server.RaftServer$Division (RaftServerImpl.java:logAppendEntries(1430)) - s12@group-307DF1E8AB17: succeeded to handle AppendEntries. Reply: s11<-s12#5309:OK-t1,SUCCESS,nextIndex=34,followerCommit=31,matchIndex=33
2023-03-17 00:26:11,189 INFO  statemachine.StateMachine (ArithmeticStateMachine.java:applyTransaction(182)) - LEADER:s11-33: b = null = null
2023-03-17 00:26:11,190 DEBUG server.RaftServer$Division (RaftServerImpl.java:submitClientRequestAsync(835)) - s11@group-307DF1E8AB17: receive client request(RaftClientRequest:client-D0E0E253CE84->s11@group-307DF1E8AB17, cid=5312, seq=0, RW, Message:01016300)
2023-03-17 00:26:11,190 DEBUG server.RaftServer$Division (LeaderStateImpl.java:addPendingRequest(474)) - s11@group-307DF1E8AB17-LeaderStateImpl: addPendingRequest at RaftClientRequest:client-D0E0E253CE84->s11@group-307DF1E8AB17, cid=5312, seq=0, RW, Message:01016300, entry=(t:1, i:35), STATEMACHINELOGENTRY, 5312@client-D0E0E253CE84
2023-03-17 00:26:11,190 DEBUG server.RaftServer$Division (RaftServerImpl.java:logAppendEntries(1430)) - s13@group-307DF1E8AB17: receive appendEntries(s11, 1, (t:1, i:33), 33, true, commits:[s11:c33, s13:c32, s12:c31], cId:5313, entries: [(t:1, i:34), METADATAENTRY(c:33)]
2023-03-17 00:26:11,190 DEBUG server.RaftServer$Division (RaftServerImpl.java:logAppendEntries(1430)) - s12@group-307DF1E8AB17: receive appendEntries(s11, 1, (t:1, i:33), 33, true, commits:[s11:c33, s13:c31, s12:c31], cId:5311, entries: [(t:1, i:34), METADATAENTRY(c:33)]
2023-03-17 00:26:11,191 DEBUG server.RaftServer$Division (RaftServerImpl.java:logAppendEntries(1430)) - s13@group-307DF1E8AB17: succeeded to handle AppendEntries. Reply: s11<-s13#5313:OK-t1,SUCCESS,nextIndex=35,followerCommit=33,matchIndex=34
2023-03-17 00:26:11,191 DEBUG server.RaftServer$Division (RaftServerImpl.java:logAppendEntries(1430)) - s12@group-307DF1E8AB17: succeeded to handle AppendEntries. Reply: s11<-s12#5311:OK-t1,SUCCESS,nextIndex=35,followerCommit=33,matchIndex=34
2023-03-17 00:26:11,192 DEBUG server.RaftServer$Division (RaftServerImpl.java:logAppendEntries(1430)) - s12@group-307DF1E8AB17: receive appendEntries(s11, 1, (t:1, i:34), 34, true, commits:[s11:c34, s13:c33, s12:c33], cId:5315, entries: [(t:1, i:35), STATEMACHINELOGENTRY, 5312@client-D0E0E253CE84]
2023-03-17 00:26:11,193 DEBUG server.RaftServer$Division (RaftServerImpl.java:logAppendEntries(1430)) - s13@group-307DF1E8AB17: receive appendEntries(s11, 1, (t:1, i:34), 33, true, commits:[s11:c33, s13:c33, s12:c31], cId:5314, entries: [(t:1, i:35), STATEMACHINELOGENTRY, 5312@client-D0E0E253CE84]
2023-03-17 00:26:11,193 DEBUG server.RaftServer$Division (RaftServerImpl.java:logAppendEntries(1430)) - s12@group-307DF1E8AB17: succeeded to handle AppendEntries. Reply: s11<-s12#5315:OK-t1,SUCCESS,nextIndex=36,followerCommit=34,matchIndex=35
2023-03-17 00:26:11,193 DEBUG server.RaftServer$Division (RaftServerImpl.java:logAppendEntries(1430)) - s13@group-307DF1E8AB17: succeeded to handle AppendEntries. Reply: s11<-s13#5314:OK-t1,SUCCESS,nextIndex=36,followerCommit=33,matchIndex=35
2023-03-17 00:26:11,194 INFO  statemachine.StateMachine (ArithmeticStateMachine.java:applyTransaction(182)) - LEADER:s11-35: c = null = null
2023-03-17 00:26:11,195 DEBUG server.RaftServer$Division (RaftServerImpl.java:submitClientRequestAsync(835)) - s11@group-307DF1E8AB17: receive client request(RaftClientRequest:client-D0E0E253CE84->s11@group-307DF1E8AB17, cid=5317, seq=0, RW, Message:01016102403d00000000...(size=12))
2023-03-17 00:26:11,195 DEBUG server.RaftServer$Division (LeaderStateImpl.java:addPendingRequest(474)) - s11@group-307DF1E8AB17-LeaderStateImpl: addPendingRequest at RaftClientRequest:client-D0E0E253CE84->s11@group-307DF1E8AB17, cid=5317, seq=0, RW, Message:01016102403d00000000...(size=12), entry=(t:1, i:37), STATEMACHINELOGENTRY, 5317@client-D0E0E253CE84
2023-03-17 00:26:11,195 DEBUG server.RaftServer$Division (RaftServerImpl.java:logAppendEntries(1430)) - s12@group-307DF1E8AB17: receive appendEntries(s11, 1, (t:1, i:35), 35, true, commits:[s11:c35, s13:c33, s12:c34], cId:5318, entries: [(t:1, i:36), METADATAENTRY(c:35)]
2023-03-17 00:26:11,195 DEBUG server.RaftServer$Division (RaftServerImpl.java:logAppendEntries(1430)) - s13@group-307DF1E8AB17: receive appendEntries(s11, 1, (t:1, i:35), 35, true, commits:[s11:c35, s13:c33, s12:c33], cId:5316, entries: [(t:1, i:36), METADATAENTRY(c:35)]
2023-03-17 00:26:11,196 DEBUG server.RaftServer$Division (RaftServerImpl.java:logAppendEntries(1430)) - s12@group-307DF1E8AB17: succeeded to handle AppendEntries. Reply: s11<-s12#5318:OK-t1,SUCCESS,nextIndex=37,followerCommit=35,matchIndex=36
2023-03-17 00:26:11,196 DEBUG server.RaftServer$Division (RaftServerImpl.java:logAppendEntries(1430)) - s13@group-307DF1E8AB17: succeeded to handle AppendEntries. Reply: s11<-s13#5316:OK-t1,SUCCESS,nextIndex=37,followerCommit=35,matchIndex=36
2023-03-17 00:26:11,198 DEBUG server.RaftServer$Division (RaftServerImpl.java:logAppendEntries(1430)) - s12@group-307DF1E8AB17: receive appendEntries(s11, 1, (t:1, i:36), 35, true, commits:[s11:c35, s13:c33, s12:c35], cId:5319, entries: [(t:1, i:37), STATEMACHINELOGENTRY, 5317@client-D0E0E253CE84]
2023-03-17 00:26:11,198 DEBUG server.RaftServer$Division (RaftServerImpl.java:logAppendEntries(1430)) - s13@group-307DF1E8AB17: receive appendEntries(s11, 1, (t:1, i:36), 36, true, commits:[s11:c36, s13:c35, s12:c35], cId:5320, entries: [(t:1, i:37), STATEMACHINELOGENTRY, 5317@client-D0E0E253CE84]
2023-03-17 00:26:11,198 DEBUG server.RaftServer$Division (RaftServerImpl.java:logAppendEntries(1430)) - s12@group-307DF1E8AB17: succeeded to handle AppendEntries. Reply: s11<-s12#5319:OK-t1,SUCCESS,nextIndex=38,followerCommit=35,matchIndex=37
2023-03-17 00:26:11,199 DEBUG server.RaftServer$Division (RaftServerImpl.java:logAppendEntries(1430)) - s13@group-307DF1E8AB17: succeeded to handle AppendEntries. Reply: s11<-s13#5320:OK-t1,SUCCESS,nextIndex=38,followerCommit=36,matchIndex=37
2023-03-17 00:26:11,199 INFO  statemachine.StateMachine (ArithmeticStateMachine.java:applyTransaction(182)) - LEADER:s11-37: a = 29 = 29
2023-03-17 00:26:11,200 DEBUG server.RaftServer$Division (RaftServerImpl.java:submitClientRequestAsync(835)) - s11@group-307DF1E8AB17: receive client request(RaftClientRequest:client-D0E0E253CE84->s11@group-307DF1E8AB17, cid=5322, seq=0, RW, Message:01016202407a40000000...(size=12))
2023-03-17 00:26:11,201 DEBUG server.RaftServer$Division (LeaderStateImpl.java:addPendingRequest(474)) - s11@group-307DF1E8AB17-LeaderStateImpl: addPendingRequest at RaftClientRequest:client-D0E0E253CE84->s11@group-307DF1E8AB17, cid=5322, seq=0, RW, Message:01016202407a40000000...(size=12), entry=(t:1, i:39), STATEMACHINELOGENTRY, 5322@client-D0E0E253CE84
2023-03-17 00:26:11,201 DEBUG server.RaftServer$Division (RaftServerImpl.java:logAppendEntries(1430)) - s13@group-307DF1E8AB17: receive appendEntries(s11, 1, (t:1, i:37), 37, true, commits:[s11:c37, s13:c36, s12:c35], cId:5321, entries: [(t:1, i:38), METADATAENTRY(c:37)]
2023-03-17 00:26:11,201 DEBUG server.RaftServer$Division (RaftServerImpl.java:logAppendEntries(1430)) - s12@group-307DF1E8AB17: receive appendEntries(s11, 1, (t:1, i:37), 37, true, commits:[s11:c37, s13:c36, s12:c35], cId:5323, entries: [(t:1, i:38), METADATAENTRY(c:37)]
2023-03-17 00:26:11,201 DEBUG server.RaftServer$Division (RaftServerImpl.java:logAppendEntries(1430)) - s13@group-307DF1E8AB17: succeeded to handle AppendEntries. Reply: s11<-s13#5321:OK-t1,SUCCESS,nextIndex=39,followerCommit=37,matchIndex=38
2023-03-17 00:26:11,201 DEBUG server.RaftServer$Division (RaftServerImpl.java:logAppendEntries(1430)) - s12@group-307DF1E8AB17: succeeded to handle AppendEntries. Reply: s11<-s12#5323:OK-t1,SUCCESS,nextIndex=39,followerCommit=37,matchIndex=38
2023-03-17 00:26:11,203 DEBUG server.RaftServer$Division (RaftServerImpl.java:logAppendEntries(1430)) - s13@group-307DF1E8AB17: receive appendEntries(s11, 1, (t:1, i:38), 37, true, commits:[s11:c37, s13:c37, s12:c35], cId:5324, entries: [(t:1, i:39), STATEMACHINELOGENTRY, 5322@client-D0E0E253CE84]
2023-03-17 00:26:11,203 DEBUG server.RaftServer$Division (RaftServerImpl.java:logAppendEntries(1430)) - s12@group-307DF1E8AB17: receive appendEntries(s11, 1, (t:1, i:38), 38, true, commits:[s11:c38, s13:c37, s12:c37], cId:5325, entries: [(t:1, i:39), STATEMACHINELOGENTRY, 5322@client-D0E0E253CE84]
2023-03-17 00:26:11,204 DEBUG server.RaftServer$Division (RaftServerImpl.java:logAppendEntries(1430)) - s13@group-307DF1E8AB17: succeeded to handle AppendEntries. Reply: s11<-s13#5324:OK-t1,SUCCESS,nextIndex=40,followerCommit=37,matchIndex=39
2023-03-17 00:26:11,204 DEBUG server.RaftServer$Division (RaftServerImpl.java:logAppendEntries(1430)) - s12@group-307DF1E8AB17: succeeded to handle AppendEntries. Reply: s11<-s12#5325:OK-t1,SUCCESS,nextIndex=40,followerCommit=38,matchIndex=39
2023-03-17 00:26:11,205 INFO  statemachine.StateMachine (ArithmeticStateMachine.java:applyTransaction(182)) - LEADER:s11-39: b = 420 = 420
2023-03-17 00:26:11,206 DEBUG server.RaftServer$Division (RaftServerImpl.java:submitClientRequestAsync(835)) - s11@group-307DF1E8AB17: receive client request(RaftClientRequest:client-D0E0E253CE84->s11@group-307DF1E8AB17, cid=5327, seq=0, RW, Message:01016304010300040201...(size=17))
2023-03-17 00:26:11,206 DEBUG server.RaftServer$Division (LeaderStateImpl.java:addPendingRequest(474)) - s11@group-307DF1E8AB17-LeaderStateImpl: addPendingRequest at RaftClientRequest:client-D0E0E253CE84->s11@group-307DF1E8AB17, cid=5327, seq=0, RW, Message:01016304010300040201...(size=17), entry=(t:1, i:41), STATEMACHINELOGENTRY, 5327@client-D0E0E253CE84
2023-03-17 00:26:11,206 DEBUG server.RaftServer$Division (RaftServerImpl.java:logAppendEntries(1430)) - s12@group-307DF1E8AB17: receive appendEntries(s11, 1, (t:1, i:39), 39, true, commits:[s11:c39, s13:c37, s12:c38], cId:5328, entries: [(t:1, i:40), METADATAENTRY(c:39)]
2023-03-17 00:26:11,207 DEBUG server.RaftServer$Division (RaftServerImpl.java:logAppendEntries(1430)) - s13@group-307DF1E8AB17: receive appendEntries(s11, 1, (t:1, i:39), 39, true, commits:[s11:c39, s13:c37, s12:c37], cId:5326, entries: [(t:1, i:40), METADATAENTRY(c:39)]
2023-03-17 00:26:11,207 DEBUG server.RaftServer$Division (RaftServerImpl.java:logAppendEntries(1430)) - s12@group-307DF1E8AB17: succeeded to handle AppendEntries. Reply: s11<-s12#5328:OK-t1,SUCCESS,nextIndex=41,followerCommit=39,matchIndex=40
2023-03-17 00:26:11,208 DEBUG server.RaftServer$Division (RaftServerImpl.java:logAppendEntries(1430)) - s13@group-307DF1E8AB17: succeeded to handle AppendEntries. Reply: s11<-s13#5326:OK-t1,SUCCESS,nextIndex=41,followerCommit=39,matchIndex=40
2023-03-17 00:26:11,209 DEBUG server.RaftServer$Division (RaftServerImpl.java:logAppendEntries(1430)) - s13@group-307DF1E8AB17: receive appendEntries(s11, 1, (t:1, i:40), 40, true, commits:[s11:c40, s13:c39, s12:c39], cId:5330, entries: [(t:1, i:41), STATEMACHINELOGENTRY, 5327@client-D0E0E253CE84]
2023-03-17 00:26:11,209 DEBUG server.RaftServer$Division (RaftServerImpl.java:logAppendEntries(1430)) - s12@group-307DF1E8AB17: receive appendEntries(s11, 1, (t:1, i:40), 39, true, commits:[s11:c39, s13:c37, s12:c39], cId:5329, entries: [(t:1, i:41), STATEMACHINELOGENTRY, 5327@client-D0E0E253CE84]
2023-03-17 00:26:11,210 DEBUG server.RaftServer$Division (RaftServerImpl.java:logAppendEntries(1430)) - s13@group-307DF1E8AB17: succeeded to handle AppendEntries. Reply: s11<-s13#5330:OK-t1,SUCCESS,nextIndex=42,followerCommit=40,matchIndex=41
2023-03-17 00:26:11,210 INFO  statemachine.StateMachine (ArithmeticStateMachine.java:applyTransaction(182)) - LEADER:s11-41: c = √(a^2 + b^2) = 421
2023-03-17 00:26:11,211 DEBUG server.RaftServer$Division (RaftServerImpl.java:logAppendEntries(1430)) - s13@group-307DF1E8AB17: receive appendEntries(s11, 1, (t:1, i:41), 41, true, commits:[s11:c41, s13:c40, s12:c39], cId:5331, entries: [(t:1, i:42), METADATAENTRY(c:41)]
2023-03-17 00:26:11,211 DEBUG server.RaftServer$Division (RaftServerImpl.java:logAppendEntries(1430)) - s12@group-307DF1E8AB17: succeeded to handle AppendEntries. Reply: s11<-s12#5329:OK-t1,SUCCESS,nextIndex=42,followerCommit=39,matchIndex=41
2023-03-17 00:26:11,211 DEBUG server.RaftServer$Division (RaftServerImpl.java:submitClientRequestAsync(835)) - s11@group-307DF1E8AB17: receive client request(RaftClientRequest:client-D0E0E253CE84->s11@group-307DF1E8AB17, cid=5332, seq=0, RW, Message:01016100)
2023-03-17 00:26:11,212 DEBUG server.RaftServer$Division (LeaderStateImpl.java:addPendingRequest(474)) - s11@group-307DF1E8AB17-LeaderStateImpl: addPendingRequest at RaftClientRequest:client-D0E0E253CE84->s11@group-307DF1E8AB17, cid=5332, seq=0, RW, Message:01016100, entry=(t:1, i:43), STATEMACHINELOGENTRY, 5332@client-D0E0E253CE84
2023-03-17 00:26:11,213 DEBUG server.RaftServer$Division (RaftServerImpl.java:logAppendEntries(1430)) - s12@group-307DF1E8AB17: receive appendEntries(s11, 1, (t:1, i:41), 41, true, commits:[s11:c41, s13:c40, s12:c39], cId:5333, entries: [(t:1, i:42), METADATAENTRY(c:41), (t:1, i:43), STATEMACHINELOGENTRY, 5332@client-D0E0E253CE84]
2023-03-17 00:26:11,214 DEBUG server.RaftServer$Division (RaftServerImpl.java:logAppendEntries(1430)) - s13@group-307DF1E8AB17: succeeded to handle AppendEntries. Reply: s11<-s13#5331:OK-t1,SUCCESS,nextIndex=43,followerCommit=41,matchIndex=42
2023-03-17 00:26:11,214 DEBUG server.RaftServer$Division (RaftServerImpl.java:logAppendEntries(1430)) - s12@group-307DF1E8AB17: succeeded to handle AppendEntries. Reply: s11<-s12#5333:OK-t1,SUCCESS,nextIndex=44,followerCommit=41,matchIndex=43
2023-03-17 00:26:11,215 DEBUG server.RaftServer$Division (RaftServerImpl.java:logAppendEntries(1430)) - s13@group-307DF1E8AB17: receive appendEntries(s11, 1, (t:1, i:42), 41, true, commits:[s11:c41, s13:c41, s12:c39], cId:5334, entries: [(t:1, i:43), STATEMACHINELOGENTRY, 5332@client-D0E0E253CE84]
2023-03-17 00:26:11,216 DEBUG server.RaftServer$Division (RaftServerImpl.java:logAppendEntries(1430)) - s12@group-307DF1E8AB17: receive appendEntries(s11, 1, (t:1, i:43), 43, true, commits:[s11:c43, s13:c41, s12:c41], cId:5335, entries: [(t:1, i:44), METADATAENTRY(c:43)]
2023-03-17 00:26:11,215 INFO  statemachine.StateMachine (ArithmeticStateMachine.java:applyTransaction(182)) - LEADER:s11-43: a = null = null
2023-03-17 00:26:11,216 DEBUG server.RaftServer$Division (RaftServerImpl.java:logAppendEntries(1430)) - s13@group-307DF1E8AB17: succeeded to handle AppendEntries. Reply: s11<-s13#5334:OK-t1,SUCCESS,nextIndex=44,followerCommit=41,matchIndex=43
2023-03-17 00:26:11,217 DEBUG server.RaftServer$Division (RaftServerImpl.java:submitClientRequestAsync(835)) - s11@group-307DF1E8AB17: receive client request(RaftClientRequest:client-D0E0E253CE84->s11@group-307DF1E8AB17, cid=5336, seq=0, RW, Message:01016200)
2023-03-17 00:26:11,217 DEBUG server.RaftServer$Division (LeaderStateImpl.java:addPendingRequest(474)) - s11@group-307DF1E8AB17-LeaderStateImpl: addPendingRequest at RaftClientRequest:client-D0E0E253CE84->s11@group-307DF1E8AB17, cid=5336, seq=0, RW, Message:01016200, entry=(t:1, i:45), STATEMACHINELOGENTRY, 5336@client-D0E0E253CE84
2023-03-17 00:26:11,217 DEBUG server.RaftServer$Division (RaftServerImpl.java:logAppendEntries(1430)) - s13@group-307DF1E8AB17: receive appendEntries(s11, 1, (t:1, i:43), 43, true, commits:[s11:c43, s13:c41, s12:c41], cId:5337, entries: [(t:1, i:44), METADATAENTRY(c:43)]
2023-03-17 00:26:11,218 DEBUG server.RaftServer$Division (RaftServerImpl.java:logAppendEntries(1430)) - s12@group-307DF1E8AB17: succeeded to handle AppendEntries. Reply: s11<-s12#5335:OK-t1,SUCCESS,nextIndex=45,followerCommit=43,matchIndex=44
2023-03-17 00:26:11,218 DEBUG server.RaftServer$Division (RaftServerImpl.java:logAppendEntries(1430)) - s13@group-307DF1E8AB17: succeeded to handle AppendEntries. Reply: s11<-s13#5337:OK-t1,SUCCESS,nextIndex=45,followerCommit=43,matchIndex=44
2023-03-17 00:26:11,219 DEBUG server.RaftServer$Division (RaftServerImpl.java:logAppendEntries(1430)) - s12@group-307DF1E8AB17: receive appendEntries(s11, 1, (t:1, i:44), 43, true, commits:[s11:c43, s13:c41, s12:c43], cId:5338, entries: [(t:1, i:45), STATEMACHINELOGENTRY, 5336@client-D0E0E253CE84]
2023-03-17 00:26:11,221 DEBUG server.RaftServer$Division (RaftServerImpl.java:logAppendEntries(1430)) - s13@group-307DF1E8AB17: receive appendEntries(s11, 1, (t:1, i:44), 44, true, commits:[s11:c44, s13:c43, s12:c43], cId:5339, entries: [(t:1, i:45), STATEMACHINELOGENTRY, 5336@client-D0E0E253CE84]
2023-03-17 00:26:11,222 DEBUG server.RaftServer$Division (RaftServerImpl.java:logAppendEntries(1430)) - s12@group-307DF1E8AB17: succeeded to handle AppendEntries. Reply: s11<-s12#5338:OK-t1,SUCCESS,nextIndex=46,followerCommit=43,matchIndex=45
2023-03-17 00:26:11,222 DEBUG server.RaftServer$Division (RaftServerImpl.java:logAppendEntries(1430)) - s13@group-307DF1E8AB17: succeeded to handle AppendEntries. Reply: s11<-s13#5339:OK-t1,SUCCESS,nextIndex=46,followerCommit=44,matchIndex=45
2023-03-17 00:26:11,222 INFO  statemachine.StateMachine (ArithmeticStateMachine.java:applyTransaction(182)) - LEADER:s11-45: b = null = null
2023-03-17 00:26:11,223 DEBUG server.RaftServer$Division (RaftServerImpl.java:logAppendEntries(1430)) - s12@group-307DF1E8AB17: receive appendEntries(s11, 1, (t:1, i:45), 45, true, commits:[s11:c45, s13:c43, s12:c43], cId:5340, entries: [(t:1, i:46), METADATAENTRY(c:45)]
2023-03-17 00:26:11,224 DEBUG server.RaftServer$Division (RaftServerImpl.java:logAppendEntries(1430)) - s13@group-307DF1E8AB17: receive appendEntries(s11, 1, (t:1, i:45), 45, true, commits:[s11:c45, s13:c44, s12:c43], cId:5342, entries: [(t:1, i:46), METADATAENTRY(c:45)]
2023-03-17 00:26:11,223 DEBUG server.RaftServer$Division (RaftServerImpl.java:submitClientRequestAsync(835)) - s11@group-307DF1E8AB17: receive client request(RaftClientRequest:client-D0E0E253CE84->s11@group-307DF1E8AB17, cid=5341, seq=0, RW, Message:01016300)
2023-03-17 00:26:11,224 DEBUG server.RaftServer$Division (LeaderStateImpl.java:addPendingRequest(474)) - s11@group-307DF1E8AB17-LeaderStateImpl: addPendingRequest at RaftClientRequest:client-D0E0E253CE84->s11@group-307DF1E8AB17, cid=5341, seq=0, RW, Message:01016300, entry=(t:1, i:47), STATEMACHINELOGENTRY, 5341@client-D0E0E253CE84
2023-03-17 00:26:11,225 DEBUG server.RaftServer$Division (RaftServerImpl.java:logAppendEntries(1430)) - s12@group-307DF1E8AB17: succeeded to handle AppendEntries. Reply: s11<-s12#5340:OK-t1,SUCCESS,nextIndex=47,followerCommit=45,matchIndex=46
2023-03-17 00:26:11,225 DEBUG server.RaftServer$Division (RaftServerImpl.java:logAppendEntries(1430)) - s13@group-307DF1E8AB17: succeeded to handle AppendEntries. Reply: s11<-s13#5342:OK-t1,SUCCESS,nextIndex=47,followerCommit=45,matchIndex=46
2023-03-17 00:26:11,226 DEBUG server.RaftServer$Division (RaftServerImpl.java:logAppendEntries(1430)) - s12@group-307DF1E8AB17: receive appendEntries(s11, 1, (t:1, i:46), 45, true, commits:[s11:c45, s13:c44, s12:c45], cId:5343, entries: [(t:1, i:47), STATEMACHINELOGENTRY, 5341@client-D0E0E253CE84]
2023-03-17 00:26:11,227 DEBUG server.RaftServer$Division (RaftServerImpl.java:logAppendEntries(1430)) - s13@group-307DF1E8AB17: receive appendEntries(s11, 1, (t:1, i:46), 46, true, commits:[s11:c46, s13:c45, s12:c45], cId:5344, entries: [(t:1, i:47), STATEMACHINELOGENTRY, 5341@client-D0E0E253CE84]
2023-03-17 00:26:11,227 DEBUG server.RaftServer$Division (RaftServerImpl.java:logAppendEntries(1430)) - s12@group-307DF1E8AB17: succeeded to handle AppendEntries. Reply: s11<-s12#5343:OK-t1,SUCCESS,nextIndex=48,followerCommit=45,matchIndex=47
2023-03-17 00:26:11,227 DEBUG server.RaftServer$Division (RaftServerImpl.java:logAppendEntries(1430)) - s13@group-307DF1E8AB17: succeeded to handle AppendEntries. Reply: s11<-s13#5344:OK-t1,SUCCESS,nextIndex=48,followerCommit=46,matchIndex=47
2023-03-17 00:26:11,228 INFO  statemachine.StateMachine (ArithmeticStateMachine.java:applyTransaction(182)) - LEADER:s11-47: c = null = null
2023-03-17 00:26:11,228 DEBUG server.RaftServer$Division (RaftServerImpl.java:logAppendEntries(1430)) - s12@group-307DF1E8AB17: receive appendEntries(s11, 1, (t:1, i:47), 47, true, commits:[s11:c47, s13:c45, s12:c45], cId:5345, entries: [(t:1, i:48), METADATAENTRY(c:47)]
2023-03-17 00:26:11,229 DEBUG server.RaftServer$Division (RaftServerImpl.java:submitClientRequestAsync(835)) - s11@group-307DF1E8AB17: receive client request(RaftClientRequest:client-D0E0E253CE84->s11@group-307DF1E8AB17, cid=5346, seq=0, RW, Message:01016102403f00000000...(size=12))
2023-03-17 00:26:11,230 DEBUG server.RaftServer$Division (LeaderStateImpl.java:addPendingRequest(474)) - s11@group-307DF1E8AB17-LeaderStateImpl: addPendingRequest at RaftClientRequest:client-D0E0E253CE84->s11@group-307DF1E8AB17, cid=5346, seq=0, RW, Message:01016102403f00000000...(size=12), entry=(t:1, i:49), STATEMACHINELOGENTRY, 5346@client-D0E0E253CE84
2023-03-17 00:26:11,230 DEBUG server.RaftServer$Division (RaftServerImpl.java:logAppendEntries(1430)) - s13@group-307DF1E8AB17: receive appendEntries(s11, 1, (t:1, i:47), 47, true, commits:[s11:c47, s13:c46, s12:c45], cId:5347, entries: [(t:1, i:48), METADATAENTRY(c:47)]
2023-03-17 00:26:11,231 DEBUG server.RaftServer$Division (RaftServerImpl.java:logAppendEntries(1430)) - s12@group-307DF1E8AB17: succeeded to handle AppendEntries. Reply: s11<-s12#5345:OK-t1,SUCCESS,nextIndex=49,followerCommit=47,matchIndex=48
2023-03-17 00:26:11,231 DEBUG server.RaftServer$Division (RaftServerImpl.java:logAppendEntries(1430)) - s13@group-307DF1E8AB17: succeeded to handle AppendEntries. Reply: s11<-s13#5347:OK-t1,SUCCESS,nextIndex=49,followerCommit=47,matchIndex=48
2023-03-17 00:26:11,232 DEBUG server.RaftServer$Division (RaftServerImpl.java:logAppendEntries(1430)) - s12@group-307DF1E8AB17: receive appendEntries(s11, 1, (t:1, i:48), 47, true, commits:[s11:c47, s13:c46, s12:c47], cId:5348, entries: [(t:1, i:49), STATEMACHINELOGENTRY, 5346@client-D0E0E253CE84]
2023-03-17 00:26:11,233 DEBUG server.RaftServer$Division (RaftServerImpl.java:logAppendEntries(1430)) - s13@group-307DF1E8AB17: receive appendEntries(s11, 1, (t:1, i:48), 48, true, commits:[s11:c48, s13:c47, s12:c47], cId:5349, entries: [(t:1, i:49), STATEMACHINELOGENTRY, 5346@client-D0E0E253CE84]
2023-03-17 00:26:11,237 DEBUG server.RaftServer$Division (RaftServerImpl.java:logAppendEntries(1430)) - s13@group-307DF1E8AB17: succeeded to handle AppendEntries. Reply: s11<-s13#5349:OK-t1,SUCCESS,nextIndex=50,followerCommit=48,matchIndex=49
2023-03-17 00:26:11,240 INFO  statemachine.StateMachine (ArithmeticStateMachine.java:applyTransaction(182)) - LEADER:s11-49: a = 31 = 31
2023-03-17 00:26:11,241 DEBUG server.RaftServer$Division (RaftServerImpl.java:logAppendEntries(1430)) - s12@group-307DF1E8AB17: succeeded to handle AppendEntries. Reply: s11<-s12#5348:OK-t1,SUCCESS,nextIndex=50,followerCommit=47,matchIndex=49
2023-03-17 00:26:11,241 DEBUG server.RaftServer$Division (RaftServerImpl.java:submitClientRequestAsync(835)) - s11@group-307DF1E8AB17: receive client request(RaftClientRequest:client-D0E0E253CE84->s11@group-307DF1E8AB17, cid=5351, seq=0, RW, Message:01016202407e00000000...(size=12))
2023-03-17 00:26:11,241 DEBUG server.RaftServer$Division (LeaderStateImpl.java:addPendingRequest(474)) - s11@group-307DF1E8AB17-LeaderStateImpl: addPendingRequest at RaftClientRequest:client-D0E0E253CE84->s11@group-307DF1E8AB17, cid=5351, seq=0, RW, Message:01016202407e00000000...(size=12), entry=(t:1, i:51), STATEMACHINELOGENTRY, 5351@client-D0E0E253CE84
2023-03-17 00:26:11,242 DEBUG server.RaftServer$Division (RaftServerImpl.java:logAppendEntries(1430)) - s12@group-307DF1E8AB17: receive appendEntries(s11, 1, (t:1, i:49), 49, true, commits:[s11:c49, s13:c48, s12:c47], cId:5352, entries: [(t:1, i:50), METADATAENTRY(c:49)]
2023-03-17 00:26:11,246 DEBUG server.RaftServer$Division (RaftServerImpl.java:logAppendEntries(1430)) - s12@group-307DF1E8AB17: succeeded to handle AppendEntries. Reply: s11<-s12#5352:OK-t1,SUCCESS,nextIndex=51,followerCommit=49,matchIndex=50
2023-03-17 00:26:11,247 DEBUG server.RaftServer$Division (RaftServerImpl.java:logAppendEntries(1430)) - s13@group-307DF1E8AB17: receive appendEntries(s11, 1, (t:1, i:49), 49, true, commits:[s11:c49, s13:c48, s12:c47], cId:5350, entries: [(t:1, i:50), METADATAENTRY(c:49)]
2023-03-17 00:26:11,247 DEBUG server.RaftServer$Division (RaftServerImpl.java:logAppendEntries(1430)) - s12@group-307DF1E8AB17: receive appendEntries(s11, 1, (t:1, i:50), 49, true, commits:[s11:c49, s13:c48, s12:c49], cId:5353, entries: [(t:1, i:51), STATEMACHINELOGENTRY, 5351@client-D0E0E253CE84]
2023-03-17 00:26:11,248 DEBUG server.RaftServer$Division (RaftServerImpl.java:logAppendEntries(1430)) - s12@group-307DF1E8AB17: succeeded to handle AppendEntries. Reply: s11<-s12#5353:OK-t1,SUCCESS,nextIndex=52,followerCommit=49,matchIndex=51
2023-03-17 00:26:11,248 DEBUG server.RaftServer$Division (RaftServerImpl.java:logAppendEntries(1430)) - s13@group-307DF1E8AB17: succeeded to handle AppendEntries. Reply: s11<-s13#5350:OK-t1,SUCCESS,nextIndex=51,followerCommit=49,matchIndex=50
2023-03-17 00:26:11,248 INFO  statemachine.StateMachine (ArithmeticStateMachine.java:applyTransaction(182)) - LEADER:s11-51: b = 480 = 480
2023-03-17 00:26:11,249 DEBUG server.RaftServer$Division (RaftServerImpl.java:submitClientRequestAsync(835)) - s11@group-307DF1E8AB17: receive client request(RaftClientRequest:client-D0E0E253CE84->s11@group-307DF1E8AB17, cid=5355, seq=0, RW, Message:01016304010300040201...(size=17))
2023-03-17 00:26:11,249 DEBUG server.RaftServer$Division (LeaderStateImpl.java:addPendingRequest(474)) - s11@group-307DF1E8AB17-LeaderStateImpl: addPendingRequest at RaftClientRequest:client-D0E0E253CE84->s11@group-307DF1E8AB17, cid=5355, seq=0, RW, Message:01016304010300040201...(size=17), entry=(t:1, i:53), STATEMACHINELOGENTRY, 5355@client-D0E0E253CE84
2023-03-17 00:26:11,249 DEBUG server.RaftServer$Division (RaftServerImpl.java:logAppendEntries(1430)) - s12@group-307DF1E8AB17: receive appendEntries(s11, 1, (t:1, i:51), 51, true, commits:[s11:c51, s13:c48, s12:c49], cId:5354, entries: [(t:1, i:52), METADATAENTRY(c:51)]
2023-03-17 00:26:11,250 DEBUG server.RaftServer$Division (RaftServerImpl.java:logAppendEntries(1430)) - s13@group-307DF1E8AB17: receive appendEntries(s11, 1, (t:1, i:50), 51, true, commits:[s11:c51, s13:c49, s12:c49], cId:5356, entries: [(t:1, i:51), STATEMACHINELOGENTRY, 5351@client-D0E0E253CE84, (t:1, i:52), METADATAENTRY(c:51)]
2023-03-17 00:26:11,250 DEBUG server.RaftServer$Division (RaftServerImpl.java:logAppendEntries(1430)) - s12@group-307DF1E8AB17: succeeded to handle AppendEntries. Reply: s11<-s12#5354:OK-t1,SUCCESS,nextIndex=53,followerCommit=51,matchIndex=52
2023-03-17 00:26:11,252 DEBUG server.RaftServer$Division (RaftServerImpl.java:logAppendEntries(1430)) - s13@group-307DF1E8AB17: succeeded to handle AppendEntries. Reply: s11<-s13#5356:OK-t1,SUCCESS,nextIndex=53,followerCommit=51,matchIndex=52
2023-03-17 00:26:11,253 DEBUG server.RaftServer$Division (RaftServerImpl.java:logAppendEntries(1430)) - s13@group-307DF1E8AB17: receive appendEntries(s11, 1, (t:1, i:52), 52, true, commits:[s11:c52, s13:c51, s12:c51], cId:5358, entries: [(t:1, i:53), STATEMACHINELOGENTRY, 5355@client-D0E0E253CE84]
2023-03-17 00:26:11,253 DEBUG server.RaftServer$Division (RaftServerImpl.java:logAppendEntries(1430)) - s12@group-307DF1E8AB17: receive appendEntries(s11, 1, (t:1, i:52), 51, true, commits:[s11:c51, s13:c49, s12:c51], cId:5357, entries: [(t:1, i:53), STATEMACHINELOGENTRY, 5355@client-D0E0E253CE84]
2023-03-17 00:26:11,253 DEBUG server.RaftServer$Division (RaftServerImpl.java:logAppendEntries(1430)) - s13@group-307DF1E8AB17: succeeded to handle AppendEntries. Reply: s11<-s13#5358:OK-t1,SUCCESS,nextIndex=54,followerCommit=52,matchIndex=53
2023-03-17 00:26:11,253 DEBUG server.RaftServer$Division (RaftServerImpl.java:logAppendEntries(1430)) - s12@group-307DF1E8AB17: succeeded to handle AppendEntries. Reply: s11<-s12#5357:OK-t1,SUCCESS,nextIndex=54,followerCommit=51,matchIndex=53
2023-03-17 00:26:11,254 INFO  statemachine.StateMachine (ArithmeticStateMachine.java:applyTransaction(182)) - LEADER:s11-53: c = √(a^2 + b^2) = 481
2023-03-17 00:26:11,255 DEBUG server.RaftServer$Division (RaftServerImpl.java:submitClientRequestAsync(835)) - s11@group-307DF1E8AB17: receive client request(RaftClientRequest:client-D0E0E253CE84->s11@group-307DF1E8AB17, cid=5360, seq=0, RW, Message:01016100)
2023-03-17 00:26:11,255 DEBUG server.RaftServer$Division (LeaderStateImpl.java:addPendingRequest(474)) - s11@group-307DF1E8AB17-LeaderStateImpl: addPendingRequest at RaftClientRequest:client-D0E0E253CE84->s11@group-307DF1E8AB17, cid=5360, seq=0, RW, Message:01016100, entry=(t:1, i:55), STATEMACHINELOGENTRY, 5360@client-D0E0E253CE84
2023-03-17 00:26:11,255 DEBUG server.RaftServer$Division (RaftServerImpl.java:logAppendEntries(1430)) - s13@group-307DF1E8AB17: receive appendEntries(s11, 1, (t:1, i:53), 53, true, commits:[s11:c53, s13:c52, s12:c51], cId:5359, entries: [(t:1, i:54), METADATAENTRY(c:53)]
2023-03-17 00:26:11,256 DEBUG server.RaftServer$Division (RaftServerImpl.java:logAppendEntries(1430)) - s12@group-307DF1E8AB17: receive appendEntries(s11, 1, (t:1, i:53), 53, true, commits:[s11:c53, s13:c52, s12:c51], cId:5361, entries: [(t:1, i:54), METADATAENTRY(c:53)]
2023-03-17 00:26:11,256 DEBUG server.RaftServer$Division (RaftServerImpl.java:logAppendEntries(1430)) - s13@group-307DF1E8AB17: succeeded to handle AppendEntries. Reply: s11<-s13#5359:OK-t1,SUCCESS,nextIndex=55,followerCommit=53,matchIndex=54
2023-03-17 00:26:11,256 DEBUG server.RaftServer$Division (RaftServerImpl.java:logAppendEntries(1430)) - s12@group-307DF1E8AB17: succeeded to handle AppendEntries. Reply: s11<-s12#5361:OK-t1,SUCCESS,nextIndex=55,followerCommit=53,matchIndex=54
2023-03-17 00:26:11,258 DEBUG server.RaftServer$Division (RaftServerImpl.java:logAppendEntries(1430)) - s13@group-307DF1E8AB17: receive appendEntries(s11, 1, (t:1, i:54), 53, true, commits:[s11:c53, s13:c53, s12:c51], cId:5362, entries: [(t:1, i:55), STATEMACHINELOGENTRY, 5360@client-D0E0E253CE84]
2023-03-17 00:26:11,258 DEBUG server.RaftServer$Division (RaftServerImpl.java:logAppendEntries(1430)) - s12@group-307DF1E8AB17: receive appendEntries(s11, 1, (t:1, i:54), 54, true, commits:[s11:c54, s13:c53, s12:c53], cId:5363, entries: [(t:1, i:55), STATEMACHINELOGENTRY, 5360@client-D0E0E253CE84]
2023-03-17 00:26:11,258 DEBUG server.RaftServer$Division (RaftServerImpl.java:logAppendEntries(1430)) - s13@group-307DF1E8AB17: succeeded to handle AppendEntries. Reply: s11<-s13#5362:OK-t1,SUCCESS,nextIndex=56,followerCommit=53,matchIndex=55
2023-03-17 00:26:11,259 DEBUG server.RaftServer$Division (RaftServerImpl.java:logAppendEntries(1430)) - s12@group-307DF1E8AB17: succeeded to handle AppendEntries. Reply: s11<-s12#5363:OK-t1,SUCCESS,nextIndex=56,followerCommit=54,matchIndex=55
2023-03-17 00:26:11,259 INFO  statemachine.StateMachine (ArithmeticStateMachine.java:applyTransaction(182)) - LEADER:s11-55: a = null = null
2023-03-17 00:26:11,260 DEBUG server.RaftServer$Division (RaftServerImpl.java:submitClientRequestAsync(835)) - s11@group-307DF1E8AB17: receive client request(RaftClientRequest:client-D0E0E253CE84->s11@group-307DF1E8AB17, cid=5365, seq=0, RW, Message:01016200)
2023-03-17 00:26:11,260 DEBUG server.RaftServer$Division (LeaderStateImpl.java:addPendingRequest(474)) - s11@group-307DF1E8AB17-LeaderStateImpl: addPendingRequest at RaftClientRequest:client-D0E0E253CE84->s11@group-307DF1E8AB17, cid=5365, seq=0, RW, Message:01016200, entry=(t:1, i:57), STATEMACHINELOGENTRY, 5365@client-D0E0E253CE84
2023-03-17 00:26:11,260 DEBUG server.RaftServer$Division (RaftServerImpl.java:logAppendEntries(1430)) - s12@group-307DF1E8AB17: receive appendEntries(s11, 1, (t:1, i:55), 55, true, commits:[s11:c55, s13:c53, s12:c54], cId:5366, entries: [(t:1, i:56), METADATAENTRY(c:55)]
2023-03-17 00:26:11,261 DEBUG server.RaftServer$Division (RaftServerImpl.java:logAppendEntries(1430)) - s13@group-307DF1E8AB17: receive appendEntries(s11, 1, (t:1, i:55), 55, true, commits:[s11:c55, s13:c53, s12:c53], cId:5364, entries: [(t:1, i:56), METADATAENTRY(c:55)]
2023-03-17 00:26:11,261 DEBUG server.RaftServer$Division (RaftServerImpl.java:logAppendEntries(1430)) - s12@group-307DF1E8AB17: succeeded to handle AppendEntries. Reply: s11<-s12#5366:OK-t1,SUCCESS,nextIndex=57,followerCommit=55,matchIndex=56
2023-03-17 00:26:11,261 DEBUG server.RaftServer$Division (RaftServerImpl.java:logAppendEntries(1430)) - s13@group-307DF1E8AB17: succeeded to handle AppendEntries. Reply: s11<-s13#5364:OK-t1,SUCCESS,nextIndex=57,followerCommit=55,matchIndex=56
2023-03-17 00:26:11,263 DEBUG server.RaftServer$Division (RaftServerImpl.java:logAppendEntries(1430)) - s12@group-307DF1E8AB17: receive appendEntries(s11, 1, (t:1, i:56), 55, true, commits:[s11:c55, s13:c53, s12:c55], cId:5367, entries: [(t:1, i:57), STATEMACHINELOGENTRY, 5365@client-D0E0E253CE84]
2023-03-17 00:26:11,263 DEBUG server.RaftServer$Division (RaftServerImpl.java:logAppendEntries(1430)) - s13@group-307DF1E8AB17: receive appendEntries(s11, 1, (t:1, i:56), 56, true, commits:[s11:c56, s13:c55, s12:c55], cId:5368, entries: [(t:1, i:57), STATEMACHINELOGENTRY, 5365@client-D0E0E253CE84]
2023-03-17 00:26:11,263 DEBUG server.RaftServer$Division (RaftServerImpl.java:logAppendEntries(1430)) - s12@group-307DF1E8AB17: succeeded to handle AppendEntries. Reply: s11<-s12#5367:OK-t1,SUCCESS,nextIndex=58,followerCommit=55,matchIndex=57
2023-03-17 00:26:11,264 INFO  statemachine.StateMachine (ArithmeticStateMachine.java:applyTransaction(182)) - LEADER:s11-57: b = null = null
2023-03-17 00:26:11,265 DEBUG server.RaftServer$Division (RaftServerImpl.java:logAppendEntries(1430)) - s12@group-307DF1E8AB17: receive appendEntries(s11, 1, (t:1, i:57), 57, true, commits:[s11:c57, s13:c55, s12:c55], cId:5369, entries: [(t:1, i:58), METADATAENTRY(c:57)]
2023-03-17 00:26:11,265 DEBUG server.RaftServer$Division (RaftServerImpl.java:logAppendEntries(1430)) - s13@group-307DF1E8AB17: succeeded to handle AppendEntries. Reply: s11<-s13#5368:OK-t1,SUCCESS,nextIndex=58,followerCommit=56,matchIndex=57
2023-03-17 00:26:11,265 DEBUG server.RaftServer$Division (RaftServerImpl.java:submitClientRequestAsync(835)) - s11@group-307DF1E8AB17: receive client request(RaftClientRequest:client-D0E0E253CE84->s11@group-307DF1E8AB17, cid=5370, seq=0, RW, Message:01016300)
2023-03-17 00:26:11,265 DEBUG server.RaftServer$Division (LeaderStateImpl.java:addPendingRequest(474)) - s11@group-307DF1E8AB17-LeaderStateImpl: addPendingRequest at RaftClientRequest:client-D0E0E253CE84->s11@group-307DF1E8AB17, cid=5370, seq=0, RW, Message:01016300, entry=(t:1, i:59), STATEMACHINELOGENTRY, 5370@client-D0E0E253CE84
2023-03-17 00:26:11,266 DEBUG server.RaftServer$Division (RaftServerImpl.java:logAppendEntries(1430)) - s13@group-307DF1E8AB17: receive appendEntries(s11, 1, (t:1, i:57), 57, true, commits:[s11:c57, s13:c56, s12:c55], cId:5371, entries: [(t:1, i:58), METADATAENTRY(c:57), (t:1, i:59), STATEMACHINELOGENTRY, 5370@client-D0E0E253CE84]
2023-03-17 00:26:11,266 DEBUG server.RaftServer$Division (RaftServerImpl.java:logAppendEntries(1430)) - s12@group-307DF1E8AB17: succeeded to handle AppendEntries. Reply: s11<-s12#5369:OK-t1,SUCCESS,nextIndex=59,followerCommit=57,matchIndex=58
2023-03-17 00:26:11,267 DEBUG server.RaftServer$Division (RaftServerImpl.java:logAppendEntries(1430)) - s13@group-307DF1E8AB17: succeeded to handle AppendEntries. Reply: s11<-s13#5371:OK-t1,SUCCESS,nextIndex=60,followerCommit=57,matchIndex=59
2023-03-17 00:26:11,268 INFO  statemachine.StateMachine (ArithmeticStateMachine.java:applyTransaction(182)) - LEADER:s11-59: c = null = null
2023-03-17 00:26:11,269 DEBUG server.RaftServer$Division (RaftServerImpl.java:logAppendEntries(1430)) - s13@group-307DF1E8AB17: receive appendEntries(s11, 1, (t:1, i:59), 59, true, commits:[s11:c59, s13:c57, s12:c57], cId:5373, entries: [(t:1, i:60), METADATAENTRY(c:59)]
2023-03-17 00:26:11,269 DEBUG server.RaftServer$Division (RaftServerImpl.java:logAppendEntries(1430)) - s12@group-307DF1E8AB17: receive appendEntries(s11, 1, (t:1, i:58), 57, true, commits:[s11:c57, s13:c56, s12:c57], cId:5372, entries: [(t:1, i:59), STATEMACHINELOGENTRY, 5370@client-D0E0E253CE84]
2023-03-17 00:26:11,269 DEBUG server.RaftServer$Division (RaftServerImpl.java:submitClientRequestAsync(835)) - s11@group-307DF1E8AB17: receive client request(RaftClientRequest:client-D0E0E253CE84->s11@group-307DF1E8AB17, cid=5374, seq=0, RW, Message:01016102404080000000...(size=12))
2023-03-17 00:26:11,269 DEBUG server.RaftServer$Division (LeaderStateImpl.java:addPendingRequest(474)) - s11@group-307DF1E8AB17-LeaderStateImpl: addPendingRequest at RaftClientRequest:client-D0E0E253CE84->s11@group-307DF1E8AB17, cid=5374, seq=0, RW, Message:01016102404080000000...(size=12), entry=(t:1, i:61), STATEMACHINELOGENTRY, 5374@client-D0E0E253CE84
2023-03-17 00:26:11,270 DEBUG server.RaftServer$Division (RaftServerImpl.java:logAppendEntries(1430)) - s13@group-307DF1E8AB17: succeeded to handle AppendEntries. Reply: s11<-s13#5373:OK-t1,SUCCESS,nextIndex=61,followerCommit=59,matchIndex=60
2023-03-17 00:26:11,270 DEBUG server.RaftServer$Division (RaftServerImpl.java:logAppendEntries(1430)) - s12@group-307DF1E8AB17: succeeded to handle AppendEntries. Reply: s11<-s12#5372:OK-t1,SUCCESS,nextIndex=60,followerCommit=57,matchIndex=59
2023-03-17 00:26:11,271 DEBUG server.RaftServer$Division (RaftServerImpl.java:logAppendEntries(1430)) - s13@group-307DF1E8AB17: receive appendEntries(s11, 1, (t:1, i:60), 59, true, commits:[s11:c59, s13:c59, s12:c57], cId:5376, entries: [(t:1, i:61), STATEMACHINELOGENTRY, 5374@client-D0E0E253CE84]
2023-03-17 00:26:11,272 DEBUG server.RaftServer$Division (RaftServerImpl.java:logAppendEntries(1430)) - s12@group-307DF1E8AB17: receive appendEntries(s11, 1, (t:1, i:59), 59, true, commits:[s11:c59, s13:c57, s12:c57], cId:5375, entries: [(t:1, i:60), METADATAENTRY(c:59), (t:1, i:61), STATEMACHINELOGENTRY, 5374@client-D0E0E253CE84]
2023-03-17 00:26:11,272 DEBUG server.RaftServer$Division (RaftServerImpl.java:logAppendEntries(1430)) - s13@group-307DF1E8AB17: succeeded to handle AppendEntries. Reply: s11<-s13#5376:OK-t1,SUCCESS,nextIndex=62,followerCommit=59,matchIndex=61
2023-03-17 00:26:11,272 DEBUG server.RaftServer$Division (RaftServerImpl.java:logAppendEntries(1430)) - s12@group-307DF1E8AB17: succeeded to handle AppendEntries. Reply: s11<-s12#5375:OK-t1,SUCCESS,nextIndex=62,followerCommit=59,matchIndex=61
2023-03-17 00:26:11,273 INFO  statemachine.StateMachine (ArithmeticStateMachine.java:applyTransaction(182)) - LEADER:s11-61: a = 33 = 33
2023-03-17 00:26:11,273 DEBUG server.RaftServer$Division (RaftServerImpl.java:submitClientRequestAsync(835)) - s11@group-307DF1E8AB17: receive client request(RaftClientRequest:client-D0E0E253CE84->s11@group-307DF1E8AB17, cid=5378, seq=0, RW, Message:01016202408100000000...(size=12))
2023-03-17 00:26:11,274 DEBUG server.RaftServer$Division (LeaderStateImpl.java:addPendingRequest(474)) - s11@group-307DF1E8AB17-LeaderStateImpl: addPendingRequest at RaftClientRequest:client-D0E0E253CE84->s11@group-307DF1E8AB17, cid=5378, seq=0, RW, Message:01016202408100000000...(size=12), entry=(t:1, i:63), STATEMACHINELOGENTRY, 5378@client-D0E0E253CE84
2023-03-17 00:26:11,274 DEBUG server.RaftServer$Division (RaftServerImpl.java:logAppendEntries(1430)) - s13@group-307DF1E8AB17: receive appendEntries(s11, 1, (t:1, i:61), 61, true, commits:[s11:c61, s13:c59, s12:c57], cId:5377, entries: [(t:1, i:62), METADATAENTRY(c:61)]
2023-03-17 00:26:11,274 DEBUG server.RaftServer$Division (RaftServerImpl.java:logAppendEntries(1430)) - s12@group-307DF1E8AB17: receive appendEntries(s11, 1, (t:1, i:61), 61, true, commits:[s11:c61, s13:c59, s12:c59], cId:5379, entries: [(t:1, i:62), METADATAENTRY(c:61)]
2023-03-17 00:26:11,275 DEBUG server.RaftServer$Division (RaftServerImpl.java:logAppendEntries(1430)) - s13@group-307DF1E8AB17: succeeded to handle AppendEntries. Reply: s11<-s13#5377:OK-t1,SUCCESS,nextIndex=63,followerCommit=61,matchIndex=62
2023-03-17 00:26:11,275 DEBUG server.RaftServer$Division (RaftServerImpl.java:logAppendEntries(1430)) - s12@group-307DF1E8AB17: succeeded to handle AppendEntries. Reply: s11<-s12#5379:OK-t1,SUCCESS,nextIndex=63,followerCommit=61,matchIndex=62
2023-03-17 00:26:11,276 DEBUG server.RaftServer$Division (RaftServerImpl.java:logAppendEntries(1430)) - s13@group-307DF1E8AB17: receive appendEntries(s11, 1, (t:1, i:62), 61, true, commits:[s11:c61, s13:c61, s12:c59], cId:5380, entries: [(t:1, i:63), STATEMACHINELOGENTRY, 5378@client-D0E0E253CE84]
2023-03-17 00:26:11,277 DEBUG server.RaftServer$Division (RaftServerImpl.java:logAppendEntries(1430)) - s12@group-307DF1E8AB17: receive appendEntries(s11, 1, (t:1, i:62), 62, true, commits:[s11:c62, s13:c61, s12:c61], cId:5381, entries: [(t:1, i:63), STATEMACHINELOGENTRY, 5378@client-D0E0E253CE84]
2023-03-17 00:26:11,277 DEBUG server.RaftServer$Division (RaftServerImpl.java:logAppendEntries(1430)) - s13@group-307DF1E8AB17: succeeded to handle AppendEntries. Reply: s11<-s13#5380:OK-t1,SUCCESS,nextIndex=64,followerCommit=61,matchIndex=63
2023-03-17 00:26:11,277 DEBUG server.RaftServer$Division (RaftServerImpl.java:logAppendEntries(1430)) - s12@group-307DF1E8AB17: succeeded to handle AppendEntries. Reply: s11<-s12#5381:OK-t1,SUCCESS,nextIndex=64,followerCommit=62,matchIndex=63
2023-03-17 00:26:11,278 INFO  statemachine.StateMachine (ArithmeticStateMachine.java:applyTransaction(182)) - LEADER:s11-63: b = 544 = 544
2023-03-17 00:26:11,279 DEBUG server.RaftServer$Division (RaftServerImpl.java:submitClientRequestAsync(835)) - s11@group-307DF1E8AB17: receive client request(RaftClientRequest:client-D0E0E253CE84->s11@group-307DF1E8AB17, cid=5383, seq=0, RW, Message:01016304010300040201...(size=17))
2023-03-17 00:26:11,279 DEBUG server.RaftServer$Division (LeaderStateImpl.java:addPendingRequest(474)) - s11@group-307DF1E8AB17-LeaderStateImpl: addPendingRequest at RaftClientRequest:client-D0E0E253CE84->s11@group-307DF1E8AB17, cid=5383, seq=0, RW, Message:01016304010300040201...(size=17), entry=(t:1, i:65), STATEMACHINELOGENTRY, 5383@client-D0E0E253CE84
2023-03-17 00:26:11,279 DEBUG server.RaftServer$Division (RaftServerImpl.java:logAppendEntries(1430)) - s13@group-307DF1E8AB17: receive appendEntries(s11, 1, (t:1, i:63), 63, true, commits:[s11:c63, s13:c61, s12:c61], cId:5382, entries: [(t:1, i:64), METADATAENTRY(c:63)]
2023-03-17 00:26:11,279 DEBUG server.RaftServer$Division (RaftServerImpl.java:logAppendEntries(1430)) - s12@group-307DF1E8AB17: receive appendEntries(s11, 1, (t:1, i:63), 63, true, commits:[s11:c63, s13:c61, s12:c62], cId:5384, entries: [(t:1, i:64), METADATAENTRY(c:63)]
2023-03-17 00:26:11,280 DEBUG server.RaftServer$Division (RaftServerImpl.java:logAppendEntries(1430)) - s13@group-307DF1E8AB17: succeeded to handle AppendEntries. Reply: s11<-s13#5382:OK-t1,SUCCESS,nextIndex=65,followerCommit=63,matchIndex=64
2023-03-17 00:26:11,280 DEBUG server.RaftServer$Division (RaftServerImpl.java:logAppendEntries(1430)) - s12@group-307DF1E8AB17: succeeded to handle AppendEntries. Reply: s11<-s12#5384:OK-t1,SUCCESS,nextIndex=65,followerCommit=63,matchIndex=64
2023-03-17 00:26:11,281 DEBUG server.RaftServer$Division (RaftServerImpl.java:logAppendEntries(1430)) - s13@group-307DF1E8AB17: receive appendEntries(s11, 1, (t:1, i:64), 63, true, commits:[s11:c63, s13:c63, s12:c62], cId:5385, entries: [(t:1, i:65), STATEMACHINELOGENTRY, 5383@client-D0E0E253CE84]
2023-03-17 00:26:11,282 DEBUG server.RaftServer$Division (RaftServerImpl.java:logAppendEntries(1430)) - s12@group-307DF1E8AB17: receive appendEntries(s11, 1, (t:1, i:64), 64, true, commits:[s11:c64, s13:c63, s12:c63], cId:5386, entries: [(t:1, i:65), STATEMACHINELOGENTRY, 5383@client-D0E0E253CE84]
2023-03-17 00:26:11,282 DEBUG server.RaftServer$Division (RaftServerImpl.java:logAppendEntries(1430)) - s13@group-307DF1E8AB17: succeeded to handle AppendEntries. Reply: s11<-s13#5385:OK-t1,SUCCESS,nextIndex=66,followerCommit=63,matchIndex=65
2023-03-17 00:26:11,283 DEBUG server.RaftServer$Division (RaftServerImpl.java:logAppendEntries(1430)) - s12@group-307DF1E8AB17: succeeded to handle AppendEntries. Reply: s11<-s12#5386:OK-t1,SUCCESS,nextIndex=66,followerCommit=64,matchIndex=65
2023-03-17 00:26:11,283 INFO  statemachine.StateMachine (ArithmeticStateMachine.java:applyTransaction(182)) - LEADER:s11-65: c = √(a^2 + b^2) = 545
2023-03-17 00:26:11,284 DEBUG server.RaftServer$Division (RaftServerImpl.java:submitClientRequestAsync(835)) - s11@group-307DF1E8AB17: receive client request(RaftClientRequest:client-D0E0E253CE84->s11@group-307DF1E8AB17, cid=5388, seq=0, RW, Message:01016100)
2023-03-17 00:26:11,284 DEBUG server.RaftServer$Division (LeaderStateImpl.java:addPendingRequest(474)) - s11@group-307DF1E8AB17-LeaderStateImpl: addPendingRequest at RaftClientRequest:client-D0E0E253CE84->s11@group-307DF1E8AB17, cid=5388, seq=0, RW, Message:01016100, entry=(t:1, i:67), STATEMACHINELOGENTRY, 5388@client-D0E0E253CE84
2023-03-17 00:26:11,285 DEBUG server.RaftServer$Division (RaftServerImpl.java:logAppendEntries(1430)) - s12@group-307DF1E8AB17: receive appendEntries(s11, 1, (t:1, i:65), 65, true, commits:[s11:c65, s13:c63, s12:c64], cId:5391, entries: [(t:1, i:66), METADATAENTRY(c:65), (t:1, i:67), STATEMACHINELOGENTRY, 5388@client-D0E0E253CE84]
2023-03-17 00:26:11,285 DEBUG server.RaftServer$Division (RaftServerImpl.java:logAppendEntries(1430)) - s13@group-307DF1E8AB17: receive appendEntries(s11, 1, (t:1, i:65), 65, true, commits:[s11:c65, s13:c63, s12:c63], cId:5387, entries: [(t:1, i:66), METADATAENTRY(c:65)]
2023-03-17 00:26:11,286 DEBUG server.RaftServer$Division (RaftServerImpl.java:logAppendEntries(1430)) - s13@group-307DF1E8AB17: succeeded to handle AppendEntries. Reply: s11<-s13#5387:OK-t1,SUCCESS,nextIndex=67,followerCommit=65,matchIndex=66
2023-03-17 00:26:11,286 DEBUG server.RaftServer$Division (RaftServerImpl.java:logAppendEntries(1430)) - s12@group-307DF1E8AB17: succeeded to handle AppendEntries. Reply: s11<-s12#5391:OK-t1,SUCCESS,nextIndex=68,followerCommit=65,matchIndex=67
2023-03-17 00:26:11,287 DEBUG server.RaftServer$Division (RaftServerImpl.java:logAppendEntries(1430)) - s13@group-307DF1E8AB17: receive appendEntries(s11, 1, (t:1, i:66), 65, true, commits:[s11:c65, s13:c65, s12:c64], cId:5394, entries: [(t:1, i:67), STATEMACHINELOGENTRY, 5388@client-D0E0E253CE84]
2023-03-17 00:26:11,288 DEBUG server.RaftServer$Division (RaftServerImpl.java:logAppendEntries(1430)) - s12@group-307DF1E8AB17: receive appendEntries(s11, 1, (t:1, i:67), 67, true, commits:[s11:c67, s13:c65, s12:c65], cId:5395, entries: [(t:1, i:68), METADATAENTRY(c:67)]
2023-03-17 00:26:11,288 INFO  statemachine.StateMachine (ArithmeticStateMachine.java:applyTransaction(182)) - LEADER:s11-67: a = null = null
2023-03-17 00:26:11,289 DEBUG server.RaftServer$Division (RaftServerImpl.java:logAppendEntries(1430)) - s13@group-307DF1E8AB17: succeeded to handle AppendEntries. Reply: s11<-s13#5394:OK-t1,SUCCESS,nextIndex=68,followerCommit=65,matchIndex=67
2023-03-17 00:26:11,289 DEBUG server.RaftServer$Division (RaftServerImpl.java:logAppendEntries(1430)) - s12@group-307DF1E8AB17: succeeded to handle AppendEntries. Reply: s11<-s12#5395:OK-t1,SUCCESS,nextIndex=69,followerCommit=67,matchIndex=68
2023-03-17 00:26:11,289 DEBUG server.RaftServer$Division (RaftServerImpl.java:submitClientRequestAsync(835)) - s11@group-307DF1E8AB17: receive client request(RaftClientRequest:client-D0E0E253CE84->s11@group-307DF1E8AB17, cid=5396, seq=0, RW, Message:01016200)
2023-03-17 00:26:11,290 DEBUG server.RaftServer$Division (LeaderStateImpl.java:addPendingRequest(474)) - s11@group-307DF1E8AB17-LeaderStateImpl: addPendingRequest at RaftClientRequest:client-D0E0E253CE84->s11@group-307DF1E8AB17, cid=5396, seq=0, RW, Message:01016200, entry=(t:1, i:69), STATEMACHINELOGENTRY, 5396@client-D0E0E253CE84
2023-03-17 00:26:11,290 DEBUG server.RaftServer$Division (RaftServerImpl.java:logAppendEntries(1430)) - s13@group-307DF1E8AB17: receive appendEntries(s11, 1, (t:1, i:67), 67, true, commits:[s11:c67, s13:c65, s12:c65], cId:5397, entries: [(t:1, i:68), METADATAENTRY(c:67)]
2023-03-17 00:26:11,291 DEBUG server.RaftServer$Division (RaftServerImpl.java:logAppendEntries(1430)) - s12@group-307DF1E8AB17: receive appendEntries(s11, 1, (t:1, i:68), 67, true, commits:[s11:c67, s13:c65, s12:c67], cId:5398, entries: [(t:1, i:69), STATEMACHINELOGENTRY, 5396@client-D0E0E253CE84]
2023-03-17 00:26:11,291 DEBUG server.RaftServer$Division (RaftServerImpl.java:logAppendEntries(1430)) - s13@group-307DF1E8AB17: succeeded to handle AppendEntries. Reply: s11<-s13#5397:OK-t1,SUCCESS,nextIndex=69,followerCommit=67,matchIndex=68
2023-03-17 00:26:11,292 DEBUG server.RaftServer$Division (RaftServerImpl.java:logAppendEntries(1430)) - s12@group-307DF1E8AB17: succeeded to handle AppendEntries. Reply: s11<-s12#5398:OK-t1,SUCCESS,nextIndex=70,followerCommit=67,matchIndex=69
2023-03-17 00:26:11,292 DEBUG server.RaftServer$Division (RaftServerImpl.java:logAppendEntries(1430)) - s13@group-307DF1E8AB17: receive appendEntries(s11, 1, (t:1, i:68), 68, true, commits:[s11:c68, s13:c67, s12:c67], cId:5399, entries: [(t:1, i:69), STATEMACHINELOGENTRY, 5396@client-D0E0E253CE84]
2023-03-17 00:26:11,293 DEBUG server.RaftServer$Division (RaftServerImpl.java:logAppendEntries(1430)) - s12@group-307DF1E8AB17: receive appendEntries(s11, 1, (t:1, i:69), 69, true, commits:[s11:c69, s13:c67, s12:c67], cId:5400, entries: [(t:1, i:70), METADATAENTRY(c:69)]
2023-03-17 00:26:11,293 INFO  statemachine.StateMachine (ArithmeticStateMachine.java:applyTransaction(182)) - LEADER:s11-69: b = null = null
2023-03-17 00:26:11,294 DEBUG server.RaftServer$Division (RaftServerImpl.java:logAppendEntries(1430)) - s13@group-307DF1E8AB17: succeeded to handle AppendEntries. Reply: s11<-s13#5399:OK-t1,SUCCESS,nextIndex=70,followerCommit=68,matchIndex=69
2023-03-17 00:26:11,294 DEBUG server.RaftServer$Division (RaftServerImpl.java:submitClientRequestAsync(835)) - s11@group-307DF1E8AB17: receive client request(RaftClientRequest:client-D0E0E253CE84->s11@group-307DF1E8AB17, cid=5401, seq=0, RW, Message:01016300)
2023-03-17 00:26:11,295 DEBUG server.RaftServer$Division (LeaderStateImpl.java:addPendingRequest(474)) - s11@group-307DF1E8AB17-LeaderStateImpl: addPendingRequest at RaftClientRequest:client-D0E0E253CE84->s11@group-307DF1E8AB17, cid=5401, seq=0, RW, Message:01016300, entry=(t:1, i:71), STATEMACHINELOGENTRY, 5401@client-D0E0E253CE84
2023-03-17 00:26:11,295 DEBUG server.RaftServer$Division (RaftServerImpl.java:logAppendEntries(1430)) - s13@group-307DF1E8AB17: receive appendEntries(s11, 1, (t:1, i:69), 69, true, commits:[s11:c69, s13:c68, s12:c67], cId:5402, entries: [(t:1, i:70), METADATAENTRY(c:69)]
2023-03-17 00:26:11,295 DEBUG server.RaftServer$Division (RaftServerImpl.java:logAppendEntries(1430)) - s12@group-307DF1E8AB17: succeeded to handle AppendEntries. Reply: s11<-s12#5400:OK-t1,SUCCESS,nextIndex=71,followerCommit=69,matchIndex=70
2023-03-17 00:26:11,295 DEBUG server.RaftServer$Division (RaftServerImpl.java:logAppendEntries(1430)) - s13@group-307DF1E8AB17: succeeded to handle AppendEntries. Reply: s11<-s13#5402:OK-t1,SUCCESS,nextIndex=71,followerCommit=69,matchIndex=70
2023-03-17 00:26:11,296 DEBUG server.RaftServer$Division (RaftServerImpl.java:logAppendEntries(1430)) - s12@group-307DF1E8AB17: receive appendEntries(s11, 1, (t:1, i:70), 69, true, commits:[s11:c69, s13:c68, s12:c69], cId:5403, entries: [(t:1, i:71), STATEMACHINELOGENTRY, 5401@client-D0E0E253CE84]
2023-03-17 00:26:11,297 DEBUG server.RaftServer$Division (RaftServerImpl.java:logAppendEntries(1430)) - s12@group-307DF1E8AB17: succeeded to handle AppendEntries. Reply: s11<-s12#5403:OK-t1,SUCCESS,nextIndex=72,followerCommit=69,matchIndex=71
2023-03-17 00:26:11,298 DEBUG server.RaftServer$Division (RaftServerImpl.java:logAppendEntries(1430)) - s13@group-307DF1E8AB17: receive appendEntries(s11, 1, (t:1, i:70), 70, true, commits:[s11:c70, s13:c69, s12:c69], cId:5404, entries: [(t:1, i:71), STATEMACHINELOGENTRY, 5401@client-D0E0E253CE84]
2023-03-17 00:26:11,299 DEBUG server.RaftServer$Division (RaftServerImpl.java:logAppendEntries(1430)) - s12@group-307DF1E8AB17: receive appendEntries(s11, 1, (t:1, i:71), 71, true, commits:[s11:c71, s13:c69, s12:c69], cId:5405, entries: [(t:1, i:72), METADATAENTRY(c:71)]
2023-03-17 00:26:11,298 INFO  statemachine.StateMachine (ArithmeticStateMachine.java:applyTransaction(182)) - LEADER:s11-71: c = null = null
2023-03-17 00:26:11,299 DEBUG server.RaftServer$Division (RaftServerImpl.java:logAppendEntries(1430)) - s13@group-307DF1E8AB17: succeeded to handle AppendEntries. Reply: s11<-s13#5404:OK-t1,SUCCESS,nextIndex=72,followerCommit=70,matchIndex=71
2023-03-17 00:26:11,300 DEBUG server.RaftServer$Division (RaftServerImpl.java:logAppendEntries(1430)) - s12@group-307DF1E8AB17: succeeded to handle AppendEntries. Reply: s11<-s12#5405:OK-t1,SUCCESS,nextIndex=73,followerCommit=71,matchIndex=72
2023-03-17 00:26:11,300 DEBUG server.RaftServer$Division (RaftServerImpl.java:submitClientRequestAsync(835)) - s11@group-307DF1E8AB17: receive client request(RaftClientRequest:client-D0E0E253CE84->s11@group-307DF1E8AB17, cid=5406, seq=0, RW, Message:01016102404180000000...(size=12))
2023-03-17 00:26:11,300 DEBUG server.RaftServer$Division (LeaderStateImpl.java:addPendingRequest(474)) - s11@group-307DF1E8AB17-LeaderStateImpl: addPendingRequest at RaftClientRequest:client-D0E0E253CE84->s11@group-307DF1E8AB17, cid=5406, seq=0, RW, Message:01016102404180000000...(size=12), entry=(t:1, i:73), STATEMACHINELOGENTRY, 5406@client-D0E0E253CE84
2023-03-17 00:26:11,301 DEBUG server.RaftServer$Division (RaftServerImpl.java:logAppendEntries(1430)) - s13@group-307DF1E8AB17: receive appendEntries(s11, 1, (t:1, i:71), 71, true, commits:[s11:c71, s13:c70, s12:c69], cId:5407, entries: [(t:1, i:72), METADATAENTRY(c:71)]
2023-03-17 00:26:11,301 DEBUG server.RaftServer$Division (RaftServerImpl.java:logAppendEntries(1430)) - s12@group-307DF1E8AB17: receive appendEntries(s11, 1, (t:1, i:72), 71, true, commits:[s11:c71, s13:c70, s12:c71], cId:5408, entries: [(t:1, i:73), STATEMACHINELOGENTRY, 5406@client-D0E0E253CE84]
2023-03-17 00:26:11,302 DEBUG server.RaftServer$Division (RaftServerImpl.java:logAppendEntries(1430)) - s13@group-307DF1E8AB17: succeeded to handle AppendEntries. Reply: s11<-s13#5407:OK-t1,SUCCESS,nextIndex=73,followerCommit=71,matchIndex=72
2023-03-17 00:26:11,303 DEBUG server.RaftServer$Division (RaftServerImpl.java:logAppendEntries(1430)) - s13@group-307DF1E8AB17: receive appendEntries(s11, 1, (t:1, i:72), 72, true, commits:[s11:c72, s13:c71, s12:c71], cId:5409, entries: [(t:1, i:73), STATEMACHINELOGENTRY, 5406@client-D0E0E253CE84]
2023-03-17 00:26:11,304 DEBUG server.RaftServer$Division (RaftServerImpl.java:logAppendEntries(1430)) - s12@group-307DF1E8AB17: succeeded to handle AppendEntries. Reply: s11<-s12#5408:OK-t1,SUCCESS,nextIndex=74,followerCommit=71,matchIndex=73
2023-03-17 00:26:11,304 INFO  statemachine.StateMachine (ArithmeticStateMachine.java:applyTransaction(182)) - LEADER:s11-73: a = 35 = 35
2023-03-17 00:26:11,305 DEBUG server.RaftServer$Division (RaftServerImpl.java:logAppendEntries(1430)) - s12@group-307DF1E8AB17: receive appendEntries(s11, 1, (t:1, i:73), 73, true, commits:[s11:c73, s13:c71, s12:c71], cId:5410, entries: [(t:1, i:74), METADATAENTRY(c:73)]
2023-03-17 00:26:11,305 DEBUG server.RaftServer$Division (RaftServerImpl.java:submitClientRequestAsync(835)) - s11@group-307DF1E8AB17: receive client request(RaftClientRequest:client-D0E0E253CE84->s11@group-307DF1E8AB17, cid=5411, seq=0, RW, Message:01016202408320000000...(size=12))
2023-03-17 00:26:11,305 DEBUG server.RaftServer$Division (LeaderStateImpl.java:addPendingRequest(474)) - s11@group-307DF1E8AB17-LeaderStateImpl: addPendingRequest at RaftClientRequest:client-D0E0E253CE84->s11@group-307DF1E8AB17, cid=5411, seq=0, RW, Message:01016202408320000000...(size=12), entry=(t:1, i:75), STATEMACHINELOGENTRY, 5411@client-D0E0E253CE84
2023-03-17 00:26:11,306 DEBUG server.RaftServer$Division (RaftServerImpl.java:logAppendEntries(1430)) - s13@group-307DF1E8AB17: succeeded to handle AppendEntries. Reply: s11<-s13#5409:OK-t1,SUCCESS,nextIndex=74,followerCommit=72,matchIndex=73
2023-03-17 00:26:11,307 DEBUG server.RaftServer$Division (RaftServerImpl.java:logAppendEntries(1430)) - s13@group-307DF1E8AB17: receive appendEntries(s11, 1, (t:1, i:73), 73, true, commits:[s11:c73, s13:c72, s12:c71], cId:5412, entries: [(t:1, i:74), METADATAENTRY(c:73), (t:1, i:75), STATEMACHINELOGENTRY, 5411@client-D0E0E253CE84]
2023-03-17 00:26:11,307 DEBUG server.RaftServer$Division (RaftServerImpl.java:logAppendEntries(1430)) - s12@group-307DF1E8AB17: succeeded to handle AppendEntries. Reply: s11<-s12#5410:OK-t1,SUCCESS,nextIndex=75,followerCommit=73,matchIndex=74
2023-03-17 00:26:11,307 DEBUG server.RaftServer$Division (RaftServerImpl.java:logAppendEntries(1430)) - s13@group-307DF1E8AB17: succeeded to handle AppendEntries. Reply: s11<-s13#5412:OK-t1,SUCCESS,nextIndex=76,followerCommit=73,matchIndex=75
2023-03-17 00:26:11,308 DEBUG server.RaftServer$Division (RaftServerImpl.java:logAppendEntries(1430)) - s12@group-307DF1E8AB17: receive appendEntries(s11, 1, (t:1, i:74), 73, true, commits:[s11:c73, s13:c72, s12:c73], cId:5413, entries: [(t:1, i:75), STATEMACHINELOGENTRY, 5411@client-D0E0E253CE84]
2023-03-17 00:26:11,309 INFO  statemachine.StateMachine (ArithmeticStateMachine.java:applyTransaction(182)) - LEADER:s11-75: b = 612 = 612
2023-03-17 00:26:11,310 DEBUG server.RaftServer$Division (RaftServerImpl.java:submitClientRequestAsync(835)) - s11@group-307DF1E8AB17: receive client request(RaftClientRequest:client-D0E0E253CE84->s11@group-307DF1E8AB17, cid=5415, seq=0, RW, Message:01016304010300040201...(size=17))
2023-03-17 00:26:11,310 DEBUG server.RaftServer$Division (LeaderStateImpl.java:addPendingRequest(474)) - s11@group-307DF1E8AB17-LeaderStateImpl: addPendingRequest at RaftClientRequest:client-D0E0E253CE84->s11@group-307DF1E8AB17, cid=5415, seq=0, RW, Message:01016304010300040201...(size=17), entry=(t:1, i:77), STATEMACHINELOGENTRY, 5415@client-D0E0E253CE84
2023-03-17 00:26:11,310 DEBUG server.RaftServer$Division (RaftServerImpl.java:logAppendEntries(1430)) - s12@group-307DF1E8AB17: succeeded to handle AppendEntries. Reply: s11<-s12#5413:OK-t1,SUCCESS,nextIndex=76,followerCommit=73,matchIndex=75
2023-03-17 00:26:11,311 DEBUG server.RaftServer$Division (RaftServerImpl.java:logAppendEntries(1430)) - s13@group-307DF1E8AB17: receive appendEntries(s11, 1, (t:1, i:75), 75, true, commits:[s11:c75, s13:c73, s12:c73], cId:5414, entries: [(t:1, i:76), METADATAENTRY(c:75)]
2023-03-17 00:26:11,312 DEBUG server.RaftServer$Division (RaftServerImpl.java:logAppendEntries(1430)) - s12@group-307DF1E8AB17: receive appendEntries(s11, 1, (t:1, i:75), 75, true, commits:[s11:c75, s13:c73, s12:c73], cId:5416, entries: [(t:1, i:76), METADATAENTRY(c:75), (t:1, i:77), STATEMACHINELOGENTRY, 5415@client-D0E0E253CE84]
2023-03-17 00:26:11,312 DEBUG server.RaftServer$Division (RaftServerImpl.java:logAppendEntries(1430)) - s13@group-307DF1E8AB17: succeeded to handle AppendEntries. Reply: s11<-s13#5414:OK-t1,SUCCESS,nextIndex=77,followerCommit=75,matchIndex=76
2023-03-17 00:26:11,312 DEBUG server.RaftServer$Division (RaftServerImpl.java:logAppendEntries(1430)) - s12@group-307DF1E8AB17: succeeded to handle AppendEntries. Reply: s11<-s12#5416:OK-t1,SUCCESS,nextIndex=78,followerCommit=75,matchIndex=77
2023-03-17 00:26:11,313 DEBUG server.RaftServer$Division (RaftServerImpl.java:logAppendEntries(1430)) - s13@group-307DF1E8AB17: receive appendEntries(s11, 1, (t:1, i:76), 75, true, commits:[s11:c75, s13:c75, s12:c73], cId:5417, entries: [(t:1, i:77), STATEMACHINELOGENTRY, 5415@client-D0E0E253CE84]
2023-03-17 00:26:11,314 DEBUG server.RaftServer$Division (RaftServerImpl.java:logAppendEntries(1430)) - s12@group-307DF1E8AB17: receive appendEntries(s11, 1, (t:1, i:77), 77, true, commits:[s11:c77, s13:c75, s12:c75], cId:5418, entries: [(t:1, i:78), METADATAENTRY(c:77)]
2023-03-17 00:26:11,314 INFO  statemachine.StateMachine (ArithmeticStateMachine.java:applyTransaction(182)) - LEADER:s11-77: c = √(a^2 + b^2) = 613
2023-03-17 00:26:11,315 DEBUG server.RaftServer$Division (RaftServerImpl.java:logAppendEntries(1430)) - s13@group-307DF1E8AB17: succeeded to handle AppendEntries. Reply: s11<-s13#5417:OK-t1,SUCCESS,nextIndex=78,followerCommit=75,matchIndex=77
2023-03-17 00:26:11,315 DEBUG server.RaftServer$Division (RaftServerImpl.java:submitClientRequestAsync(835)) - s11@group-307DF1E8AB17: receive client request(RaftClientRequest:client-D0E0E253CE84->s11@group-307DF1E8AB17, cid=5419, seq=0, RW, Message:01016100)
2023-03-17 00:26:11,316 DEBUG server.RaftServer$Division (LeaderStateImpl.java:addPendingRequest(474)) - s11@group-307DF1E8AB17-LeaderStateImpl: addPendingRequest at RaftClientRequest:client-D0E0E253CE84->s11@group-307DF1E8AB17, cid=5419, seq=0, RW, Message:01016100, entry=(t:1, i:79), STATEMACHINELOGENTRY, 5419@client-D0E0E253CE84
2023-03-17 00:26:11,316 DEBUG server.RaftServer$Division (RaftServerImpl.java:logAppendEntries(1430)) - s13@group-307DF1E8AB17: receive appendEntries(s11, 1, (t:1, i:77), 77, true, commits:[s11:c77, s13:c75, s12:c75], cId:5420, entries: [(t:1, i:78), METADATAENTRY(c:77)]
2023-03-17 00:26:11,316 DEBUG server.RaftServer$Division (RaftServerImpl.java:logAppendEntries(1430)) - s12@group-307DF1E8AB17: succeeded to handle AppendEntries. Reply: s11<-s12#5418:OK-t1,SUCCESS,nextIndex=79,followerCommit=77,matchIndex=78
2023-03-17 00:26:11,317 DEBUG server.RaftServer$Division (RaftServerImpl.java:logAppendEntries(1430)) - s12@group-307DF1E8AB17: receive appendEntries(s11, 1, (t:1, i:78), 77, true, commits:[s11:c77, s13:c75, s12:c77], cId:5421, entries: [(t:1, i:79), STATEMACHINELOGENTRY, 5419@client-D0E0E253CE84]
2023-03-17 00:26:11,318 DEBUG server.RaftServer$Division (RaftServerImpl.java:logAppendEntries(1430)) - s12@group-307DF1E8AB17: succeeded to handle AppendEntries. Reply: s11<-s12#5421:OK-t1,SUCCESS,nextIndex=80,followerCommit=77,matchIndex=79
2023-03-17 00:26:11,318 DEBUG server.RaftServer$Division (RaftServerImpl.java:logAppendEntries(1430)) - s13@group-307DF1E8AB17: succeeded to handle AppendEntries. Reply: s11<-s13#5420:OK-t1,SUCCESS,nextIndex=79,followerCommit=77,matchIndex=78
2023-03-17 00:26:11,319 DEBUG server.RaftServer$Division (RaftServerImpl.java:logAppendEntries(1430)) - s13@group-307DF1E8AB17: receive appendEntries(s11, 1, (t:1, i:78), 78, true, commits:[s11:c78, s13:c77, s12:c77], cId:5422, entries: [(t:1, i:79), STATEMACHINELOGENTRY, 5419@client-D0E0E253CE84]
2023-03-17 00:26:11,320 DEBUG server.RaftServer$Division (RaftServerImpl.java:logAppendEntries(1430)) - s12@group-307DF1E8AB17: receive appendEntries(s11, 1, (t:1, i:79), 79, true, commits:[s11:c79, s13:c77, s12:c77], cId:5423, entries: [(t:1, i:80), METADATAENTRY(c:79)]
2023-03-17 00:26:11,319 INFO  statemachine.StateMachine (ArithmeticStateMachine.java:applyTransaction(182)) - LEADER:s11-79: a = null = null
2023-03-17 00:26:11,320 DEBUG server.RaftServer$Division (RaftServerImpl.java:logAppendEntries(1430)) - s13@group-307DF1E8AB17: succeeded to handle AppendEntries. Reply: s11<-s13#5422:OK-t1,SUCCESS,nextIndex=80,followerCommit=78,matchIndex=79
2023-03-17 00:26:11,321 DEBUG server.RaftServer$Division (RaftServerImpl.java:logAppendEntries(1430)) - s12@group-307DF1E8AB17: succeeded to handle AppendEntries. Reply: s11<-s12#5423:OK-t1,SUCCESS,nextIndex=81,followerCommit=79,matchIndex=80
2023-03-17 00:26:11,321 DEBUG server.RaftServer$Division (RaftServerImpl.java:submitClientRequestAsync(835)) - s11@group-307DF1E8AB17: receive client request(RaftClientRequest:client-D0E0E253CE84->s11@group-307DF1E8AB17, cid=5424, seq=0, RW, Message:01016200)
2023-03-17 00:26:11,321 DEBUG server.RaftServer$Division (LeaderStateImpl.java:addPendingRequest(474)) - s11@group-307DF1E8AB17-LeaderStateImpl: addPendingRequest at RaftClientRequest:client-D0E0E253CE84->s11@group-307DF1E8AB17, cid=5424, seq=0, RW, Message:01016200, entry=(t:1, i:81), STATEMACHINELOGENTRY, 5424@client-D0E0E253CE84
2023-03-17 00:26:11,322 DEBUG server.RaftServer$Division (RaftServerImpl.java:logAppendEntries(1430)) - s13@group-307DF1E8AB17: receive appendEntries(s11, 1, (t:1, i:79), 79, true, commits:[s11:c79, s13:c78, s12:c77], cId:5425, entries: [(t:1, i:80), METADATAENTRY(c:79)]
2023-03-17 00:26:11,322 DEBUG server.RaftServer$Division (RaftServerImpl.java:logAppendEntries(1430)) - s12@group-307DF1E8AB17: receive appendEntries(s11, 1, (t:1, i:80), 79, true, commits:[s11:c79, s13:c78, s12:c79], cId:5426, entries: [(t:1, i:81), STATEMACHINELOGENTRY, 5424@client-D0E0E253CE84]
2023-03-17 00:26:11,323 DEBUG server.RaftServer$Division (RaftServerImpl.java:logAppendEntries(1430)) - s13@group-307DF1E8AB17: succeeded to handle AppendEntries. Reply: s11<-s13#5425:OK-t1,SUCCESS,nextIndex=81,followerCommit=79,matchIndex=80
2023-03-17 00:26:11,323 DEBUG server.RaftServer$Division (RaftServerImpl.java:logAppendEntries(1430)) - s12@group-307DF1E8AB17: succeeded to handle AppendEntries. Reply: s11<-s12#5426:OK-t1,SUCCESS,nextIndex=82,followerCommit=79,matchIndex=81
2023-03-17 00:26:11,324 DEBUG server.RaftServer$Division (RaftServerImpl.java:logAppendEntries(1430)) - s13@group-307DF1E8AB17: receive appendEntries(s11, 1, (t:1, i:80), 80, true, commits:[s11:c80, s13:c79, s12:c79], cId:5427, entries: [(t:1, i:81), STATEMACHINELOGENTRY, 5424@client-D0E0E253CE84]
2023-03-17 00:26:11,325 DEBUG server.RaftServer$Division (RaftServerImpl.java:logAppendEntries(1430)) - s12@group-307DF1E8AB17: receive appendEntries(s11, 1, (t:1, i:81), 81, true, commits:[s11:c81, s13:c79, s12:c79], cId:5428, entries: [(t:1, i:82), METADATAENTRY(c:81)]
2023-03-17 00:26:11,324 INFO  statemachine.StateMachine (ArithmeticStateMachine.java:applyTransaction(182)) - LEADER:s11-81: b = null = null
2023-03-17 00:26:11,325 DEBUG server.RaftServer$Division (RaftServerImpl.java:logAppendEntries(1430)) - s13@group-307DF1E8AB17: succeeded to handle AppendEntries. Reply: s11<-s13#5427:OK-t1,SUCCESS,nextIndex=82,followerCommit=80,matchIndex=81
2023-03-17 00:26:11,326 DEBUG server.RaftServer$Division (RaftServerImpl.java:logAppendEntries(1430)) - s12@group-307DF1E8AB17: succeeded to handle AppendEntries. Reply: s11<-s12#5428:OK-t1,SUCCESS,nextIndex=83,followerCommit=81,matchIndex=82
2023-03-17 00:26:11,326 DEBUG server.RaftServer$Division (RaftServerImpl.java:submitClientRequestAsync(835)) - s11@group-307DF1E8AB17: receive client request(RaftClientRequest:client-D0E0E253CE84->s11@group-307DF1E8AB17, cid=5429, seq=0, RW, Message:01016300)
2023-03-17 00:26:11,326 DEBUG server.RaftServer$Division (LeaderStateImpl.java:addPendingRequest(474)) - s11@group-307DF1E8AB17-LeaderStateImpl: addPendingRequest at RaftClientRequest:client-D0E0E253CE84->s11@group-307DF1E8AB17, cid=5429, seq=0, RW, Message:01016300, entry=(t:1, i:83), STATEMACHINELOGENTRY, 5429@client-D0E0E253CE84
2023-03-17 00:26:11,327 DEBUG server.RaftServer$Division (RaftServerImpl.java:logAppendEntries(1430)) - s13@group-307DF1E8AB17: receive appendEntries(s11, 1, (t:1, i:81), 81, true, commits:[s11:c81, s13:c80, s12:c79], cId:5430, entries: [(t:1, i:82), METADATAENTRY(c:81)]
2023-03-17 00:26:11,328 DEBUG server.RaftServer$Division (RaftServerImpl.java:logAppendEntries(1430)) - s12@group-307DF1E8AB17: receive appendEntries(s11, 1, (t:1, i:82), 81, true, commits:[s11:c81, s13:c80, s12:c81], cId:5431, entries: [(t:1, i:83), STATEMACHINELOGENTRY, 5429@client-D0E0E253CE84]
2023-03-17 00:26:11,328 DEBUG server.RaftServer$Division (RaftServerImpl.java:logAppendEntries(1430)) - s13@group-307DF1E8AB17: succeeded to handle AppendEntries. Reply: s11<-s13#5430:OK-t1,SUCCESS,nextIndex=83,followerCommit=81,matchIndex=82
2023-03-17 00:26:11,328 DEBUG server.RaftServer$Division (RaftServerImpl.java:logAppendEntries(1430)) - s12@group-307DF1E8AB17: succeeded to handle AppendEntries. Reply: s11<-s12#5431:OK-t1,SUCCESS,nextIndex=84,followerCommit=81,matchIndex=83
2023-03-17 00:26:11,329 DEBUG server.RaftServer$Division (RaftServerImpl.java:logAppendEntries(1430)) - s13@group-307DF1E8AB17: receive appendEntries(s11, 1, (t:1, i:82), 82, true, commits:[s11:c82, s13:c81, s12:c81], cId:5432, entries: [(t:1, i:83), STATEMACHINELOGENTRY, 5429@client-D0E0E253CE84]
2023-03-17 00:26:11,330 DEBUG server.RaftServer$Division (RaftServerImpl.java:logAppendEntries(1430)) - s12@group-307DF1E8AB17: receive appendEntries(s11, 1, (t:1, i:83), 83, true, commits:[s11:c83, s13:c81, s12:c81], cId:5433, entries: [(t:1, i:84), METADATAENTRY(c:83)]
2023-03-17 00:26:11,329 INFO  statemachine.StateMachine (ArithmeticStateMachine.java:applyTransaction(182)) - LEADER:s11-83: c = null = null
2023-03-17 00:26:11,331 DEBUG server.RaftServer$Division (RaftServerImpl.java:logAppendEntries(1430)) - s13@group-307DF1E8AB17: succeeded to handle AppendEntries. Reply: s11<-s13#5432:OK-t1,SUCCESS,nextIndex=84,followerCommit=82,matchIndex=83
2023-03-17 00:26:11,331 DEBUG server.RaftServer$Division (RaftServerImpl.java:logAppendEntries(1430)) - s12@group-307DF1E8AB17: succeeded to handle AppendEntries. Reply: s11<-s12#5433:OK-t1,SUCCESS,nextIndex=85,followerCommit=83,matchIndex=84
2023-03-17 00:26:11,331 DEBUG server.RaftServer$Division (RaftServerImpl.java:submitClientRequestAsync(835)) - s11@group-307DF1E8AB17: receive client request(RaftClientRequest:client-D0E0E253CE84->s11@group-307DF1E8AB17, cid=5434, seq=0, RW, Message:01016102404280000000...(size=12))
2023-03-17 00:26:11,332 DEBUG server.RaftServer$Division (LeaderStateImpl.java:addPendingRequest(474)) - s11@group-307DF1E8AB17-LeaderStateImpl: addPendingRequest at RaftClientRequest:client-D0E0E253CE84->s11@group-307DF1E8AB17, cid=5434, seq=0, RW, Message:01016102404280000000...(size=12), entry=(t:1, i:85), STATEMACHINELOGENTRY, 5434@client-D0E0E253CE84
2023-03-17 00:26:11,332 DEBUG server.RaftServer$Division (RaftServerImpl.java:logAppendEntries(1430)) - s13@group-307DF1E8AB17: receive appendEntries(s11, 1, (t:1, i:83), 83, true, commits:[s11:c83, s13:c82, s12:c81], cId:5435, entries: [(t:1, i:84), METADATAENTRY(c:83)]
2023-03-17 00:26:11,333 DEBUG server.RaftServer$Division (RaftServerImpl.java:logAppendEntries(1430)) - s12@group-307DF1E8AB17: receive appendEntries(s11, 1, (t:1, i:84), 83, true, commits:[s11:c83, s13:c82, s12:c83], cId:5436, entries: [(t:1, i:85), STATEMACHINELOGENTRY, 5434@client-D0E0E253CE84]
2023-03-17 00:26:11,333 DEBUG server.RaftServer$Division (RaftServerImpl.java:logAppendEntries(1430)) - s13@group-307DF1E8AB17: succeeded to handle AppendEntries. Reply: s11<-s13#5435:OK-t1,SUCCESS,nextIndex=85,followerCommit=83,matchIndex=84
2023-03-17 00:26:11,333 DEBUG server.RaftServer$Division (RaftServerImpl.java:logAppendEntries(1430)) - s12@group-307DF1E8AB17: succeeded to handle AppendEntries. Reply: s11<-s12#5436:OK-t1,SUCCESS,nextIndex=86,followerCommit=83,matchIndex=85
2023-03-17 00:26:11,334 DEBUG server.RaftServer$Division (RaftServerImpl.java:logAppendEntries(1430)) - s13@group-307DF1E8AB17: receive appendEntries(s11, 1, (t:1, i:84), 84, true, commits:[s11:c84, s13:c83, s12:c83], cId:5437, entries: [(t:1, i:85), STATEMACHINELOGENTRY, 5434@client-D0E0E253CE84]
2023-03-17 00:26:11,335 DEBUG server.RaftServer$Division (RaftServerImpl.java:logAppendEntries(1430)) - s12@group-307DF1E8AB17: receive appendEntries(s11, 1, (t:1, i:85), 85, true, commits:[s11:c85, s13:c83, s12:c83], cId:5438, entries: [(t:1, i:86), METADATAENTRY(c:85)]
2023-03-17 00:26:11,335 INFO  statemachine.StateMachine (ArithmeticStateMachine.java:applyTransaction(182)) - LEADER:s11-85: a = 37 = 37
2023-03-17 00:26:11,336 DEBUG server.RaftServer$Division (RaftServerImpl.java:logAppendEntries(1430)) - s13@group-307DF1E8AB17: succeeded to handle AppendEntries. Reply: s11<-s13#5437:OK-t1,SUCCESS,nextIndex=86,followerCommit=84,matchIndex=85
2023-03-17 00:26:11,337 DEBUG server.RaftServer$Division (RaftServerImpl.java:submitClientRequestAsync(835)) - s11@group-307DF1E8AB17: receive client request(RaftClientRequest:client-D0E0E253CE84->s11@group-307DF1E8AB17, cid=5439, seq=0, RW, Message:01016202408560000000...(size=12))
2023-03-17 00:26:11,337 DEBUG server.RaftServer$Division (RaftServerImpl.java:logAppendEntries(1430)) - s13@group-307DF1E8AB17: receive appendEntries(s11, 1, (t:1, i:85), 85, true, commits:[s11:c85, s13:c84, s12:c83], cId:5440, entries: [(t:1, i:86), METADATAENTRY(c:85)]
2023-03-17 00:26:11,337 DEBUG server.RaftServer$Division (LeaderStateImpl.java:addPendingRequest(474)) - s11@group-307DF1E8AB17-LeaderStateImpl: addPendingRequest at RaftClientRequest:client-D0E0E253CE84->s11@group-307DF1E8AB17, cid=5439, seq=0, RW, Message:01016202408560000000...(size=12), entry=(t:1, i:87), STATEMACHINELOGENTRY, 5439@client-D0E0E253CE84
2023-03-17 00:26:11,337 DEBUG server.RaftServer$Division (RaftServerImpl.java:logAppendEntries(1430)) - s12@group-307DF1E8AB17: succeeded to handle AppendEntries. Reply: s11<-s12#5438:OK-t1,SUCCESS,nextIndex=87,followerCommit=85,matchIndex=86
2023-03-17 00:26:11,337 DEBUG server.RaftServer$Division (RaftServerImpl.java:logAppendEntries(1430)) - s13@group-307DF1E8AB17: succeeded to handle AppendEntries. Reply: s11<-s13#5440:OK-t1,SUCCESS,nextIndex=87,followerCommit=85,matchIndex=86
2023-03-17 00:26:11,338 DEBUG server.RaftServer$Division (RaftServerImpl.java:logAppendEntries(1430)) - s12@group-307DF1E8AB17: receive appendEntries(s11, 1, (t:1, i:86), 85, true, commits:[s11:c85, s13:c84, s12:c85], cId:5441, entries: [(t:1, i:87), STATEMACHINELOGENTRY, 5439@client-D0E0E253CE84]
2023-03-17 00:26:11,339 DEBUG server.RaftServer$Division (RaftServerImpl.java:logAppendEntries(1430)) - s13@group-307DF1E8AB17: receive appendEntries(s11, 1, (t:1, i:86), 86, true, commits:[s11:c86, s13:c85, s12:c85], cId:5442, entries: [(t:1, i:87), STATEMACHINELOGENTRY, 5439@client-D0E0E253CE84]
2023-03-17 00:26:11,339 DEBUG server.RaftServer$Division (RaftServerImpl.java:logAppendEntries(1430)) - s12@group-307DF1E8AB17: succeeded to handle AppendEntries. Reply: s11<-s12#5441:OK-t1,SUCCESS,nextIndex=88,followerCommit=85,matchIndex=87
2023-03-17 00:26:11,340 INFO  statemachine.StateMachine (ArithmeticStateMachine.java:applyTransaction(182)) - LEADER:s11-87: b = 684 = 684
2023-03-17 00:26:11,341 DEBUG server.RaftServer$Division (RaftServerImpl.java:logAppendEntries(1430)) - s12@group-307DF1E8AB17: receive appendEntries(s11, 1, (t:1, i:87), 87, true, commits:[s11:c87, s13:c85, s12:c85], cId:5443, entries: [(t:1, i:88), METADATAENTRY(c:87)]
2023-03-17 00:26:11,346 DEBUG server.RaftServer$Division (RaftServerImpl.java:submitClientRequestAsync(835)) - s11@group-307DF1E8AB17: receive client request(RaftClientRequest:client-D0E0E253CE84->s11@group-307DF1E8AB17, cid=5444, seq=0, RW, Message:01016304010300040201...(size=17))
2023-03-17 00:26:11,346 DEBUG server.RaftServer$Division (LeaderStateImpl.java:addPendingRequest(474)) - s11@group-307DF1E8AB17-LeaderStateImpl: addPendingRequest at RaftClientRequest:client-D0E0E253CE84->s11@group-307DF1E8AB17, cid=5444, seq=0, RW, Message:01016304010300040201...(size=17), entry=(t:1, i:89), STATEMACHINELOGENTRY, 5444@client-D0E0E253CE84
2023-03-17 00:26:11,347 DEBUG server.RaftServer$Division (RaftServerImpl.java:logAppendEntries(1430)) - s13@group-307DF1E8AB17: succeeded to handle AppendEntries. Reply: s11<-s13#5442:OK-t1,SUCCESS,nextIndex=88,followerCommit=86,matchIndex=87
2023-03-17 00:26:11,347 DEBUG server.RaftServer$Division (RaftServerImpl.java:logAppendEntries(1430)) - s12@group-307DF1E8AB17: succeeded to handle AppendEntries. Reply: s11<-s12#5443:OK-t1,SUCCESS,nextIndex=89,followerCommit=87,matchIndex=88
2023-03-17 00:26:11,348 DEBUG server.RaftServer$Division (RaftServerImpl.java:logAppendEntries(1430)) - s12@group-307DF1E8AB17: receive appendEntries(s11, 1, (t:1, i:88), 87, true, commits:[s11:c87, s13:c86, s12:c87], cId:5446, entries: [(t:1, i:89), STATEMACHINELOGENTRY, 5444@client-D0E0E253CE84]
2023-03-17 00:26:11,349 DEBUG server.RaftServer$Division (RaftServerImpl.java:logAppendEntries(1430)) - s13@group-307DF1E8AB17: receive appendEntries(s11, 1, (t:1, i:87), 87, true, commits:[s11:c87, s13:c86, s12:c85], cId:5445, entries: [(t:1, i:88), METADATAENTRY(c:87), (t:1, i:89), STATEMACHINELOGENTRY, 5444@client-D0E0E253CE84]
2023-03-17 00:26:11,349 DEBUG server.RaftServer$Division (RaftServerImpl.java:logAppendEntries(1430)) - s12@group-307DF1E8AB17: succeeded to handle AppendEntries. Reply: s11<-s12#5446:OK-t1,SUCCESS,nextIndex=90,followerCommit=87,matchIndex=89
2023-03-17 00:26:11,349 DEBUG server.RaftServer$Division (RaftServerImpl.java:logAppendEntries(1430)) - s13@group-307DF1E8AB17: succeeded to handle AppendEntries. Reply: s11<-s13#5445:OK-t1,SUCCESS,nextIndex=90,followerCommit=87,matchIndex=89
2023-03-17 00:26:11,350 INFO  statemachine.StateMachine (ArithmeticStateMachine.java:applyTransaction(182)) - LEADER:s11-89: c = √(a^2 + b^2) = 685
2023-03-17 00:26:11,351 DEBUG server.RaftServer$Division (RaftServerImpl.java:submitClientRequestAsync(835)) - s11@group-307DF1E8AB17: receive client request(RaftClientRequest:client-D0E0E253CE84->s11@group-307DF1E8AB17, cid=5448, seq=0, RW, Message:01016100)
2023-03-17 00:26:11,351 DEBUG server.RaftServer$Division (LeaderStateImpl.java:addPendingRequest(474)) - s11@group-307DF1E8AB17-LeaderStateImpl: addPendingRequest at RaftClientRequest:client-D0E0E253CE84->s11@group-307DF1E8AB17, cid=5448, seq=0, RW, Message:01016100, entry=(t:1, i:91), STATEMACHINELOGENTRY, 5448@client-D0E0E253CE84
2023-03-17 00:26:11,351 DEBUG server.RaftServer$Division (RaftServerImpl.java:logAppendEntries(1430)) - s13@group-307DF1E8AB17: receive appendEntries(s11, 1, (t:1, i:89), 89, true, commits:[s11:c89, s13:c87, s12:c87], cId:5449, entries: [(t:1, i:90), METADATAENTRY(c:89)]
2023-03-17 00:26:11,351 DEBUG server.RaftServer$Division (RaftServerImpl.java:logAppendEntries(1430)) - s12@group-307DF1E8AB17: receive appendEntries(s11, 1, (t:1, i:89), 89, true, commits:[s11:c89, s13:c86, s12:c87], cId:5447, entries: [(t:1, i:90), METADATAENTRY(c:89)]
2023-03-17 00:26:11,352 DEBUG server.RaftServer$Division (RaftServerImpl.java:logAppendEntries(1430)) - s13@group-307DF1E8AB17: succeeded to handle AppendEntries. Reply: s11<-s13#5449:OK-t1,SUCCESS,nextIndex=91,followerCommit=89,matchIndex=90
2023-03-17 00:26:11,352 DEBUG server.RaftServer$Division (RaftServerImpl.java:logAppendEntries(1430)) - s12@group-307DF1E8AB17: succeeded to handle AppendEntries. Reply: s11<-s12#5447:OK-t1,SUCCESS,nextIndex=91,followerCommit=89,matchIndex=90
2023-03-17 00:26:11,353 DEBUG server.RaftServer$Division (RaftServerImpl.java:logAppendEntries(1430)) - s12@group-307DF1E8AB17: receive appendEntries(s11, 1, (t:1, i:90), 89, true, commits:[s11:c89, s13:c87, s12:c89], cId:5450, entries: [(t:1, i:91), STATEMACHINELOGENTRY, 5448@client-D0E0E253CE84]
2023-03-17 00:26:11,354 DEBUG server.RaftServer$Division (RaftServerImpl.java:logAppendEntries(1430)) - s13@group-307DF1E8AB17: receive appendEntries(s11, 1, (t:1, i:90), 90, true, commits:[s11:c90, s13:c89, s12:c89], cId:5451, entries: [(t:1, i:91), STATEMACHINELOGENTRY, 5448@client-D0E0E253CE84]
2023-03-17 00:26:11,354 DEBUG server.RaftServer$Division (RaftServerImpl.java:logAppendEntries(1430)) - s12@group-307DF1E8AB17: succeeded to handle AppendEntries. Reply: s11<-s12#5450:OK-t1,SUCCESS,nextIndex=92,followerCommit=89,matchIndex=91
2023-03-17 00:26:11,354 DEBUG server.RaftServer$Division (RaftServerImpl.java:logAppendEntries(1430)) - s13@group-307DF1E8AB17: succeeded to handle AppendEntries. Reply: s11<-s13#5451:OK-t1,SUCCESS,nextIndex=92,followerCommit=90,matchIndex=91
2023-03-17 00:26:11,355 INFO  statemachine.StateMachine (ArithmeticStateMachine.java:applyTransaction(182)) - LEADER:s11-91: a = null = null
2023-03-17 00:26:11,355 DEBUG server.RaftServer$Division (RaftServerImpl.java:logAppendEntries(1430)) - s12@group-307DF1E8AB17: receive appendEntries(s11, 1, (t:1, i:91), 91, true, commits:[s11:c91, s13:c89, s12:c89], cId:5452, entries: [(t:1, i:92), METADATAENTRY(c:91)]
2023-03-17 00:26:11,356 DEBUG server.RaftServer$Division (RaftServerImpl.java:logAppendEntries(1430)) - s13@group-307DF1E8AB17: receive appendEntries(s11, 1, (t:1, i:91), 91, true, commits:[s11:c91, s13:c90, s12:c89], cId:5454, entries: [(t:1, i:92), METADATAENTRY(c:91)]
2023-03-17 00:26:11,356 DEBUG server.RaftServer$Division (RaftServerImpl.java:submitClientRequestAsync(835)) - s11@group-307DF1E8AB17: receive client request(RaftClientRequest:client-D0E0E253CE84->s11@group-307DF1E8AB17, cid=5453, seq=0, RW, Message:01016200)
2023-03-17 00:26:11,357 DEBUG server.RaftServer$Division (LeaderStateImpl.java:addPendingRequest(474)) - s11@group-307DF1E8AB17-LeaderStateImpl: addPendingRequest at RaftClientRequest:client-D0E0E253CE84->s11@group-307DF1E8AB17, cid=5453, seq=0, RW, Message:01016200, entry=(t:1, i:93), STATEMACHINELOGENTRY, 5453@client-D0E0E253CE84
2023-03-17 00:26:11,357 DEBUG server.RaftServer$Division (RaftServerImpl.java:logAppendEntries(1430)) - s12@group-307DF1E8AB17: succeeded to handle AppendEntries. Reply: s11<-s12#5452:OK-t1,SUCCESS,nextIndex=93,followerCommit=91,matchIndex=92
2023-03-17 00:26:11,358 DEBUG server.RaftServer$Division (RaftServerImpl.java:logAppendEntries(1430)) - s12@group-307DF1E8AB17: receive appendEntries(s11, 1, (t:1, i:92), 91, true, commits:[s11:c91, s13:c90, s12:c91], cId:5455, entries: [(t:1, i:93), STATEMACHINELOGENTRY, 5453@client-D0E0E253CE84]
2023-03-17 00:26:11,358 DEBUG server.RaftServer$Division (RaftServerImpl.java:logAppendEntries(1430)) - s13@group-307DF1E8AB17: succeeded to handle AppendEntries. Reply: s11<-s13#5454:OK-t1,SUCCESS,nextIndex=93,followerCommit=91,matchIndex=92
2023-03-17 00:26:11,359 DEBUG server.RaftServer$Division (RaftServerImpl.java:logAppendEntries(1430)) - s13@group-307DF1E8AB17: receive appendEntries(s11, 1, (t:1, i:92), 92, true, commits:[s11:c92, s13:c91, s12:c91], cId:5456, entries: [(t:1, i:93), STATEMACHINELOGENTRY, 5453@client-D0E0E253CE84]
2023-03-17 00:26:11,360 DEBUG server.RaftServer$Division (RaftServerImpl.java:logAppendEntries(1430)) - s12@group-307DF1E8AB17: succeeded to handle AppendEntries. Reply: s11<-s12#5455:OK-t1,SUCCESS,nextIndex=94,followerCommit=91,matchIndex=93
2023-03-17 00:26:11,360 DEBUG server.RaftServer$Division (RaftServerImpl.java:logAppendEntries(1430)) - s13@group-307DF1E8AB17: succeeded to handle AppendEntries. Reply: s11<-s13#5456:OK-t1,SUCCESS,nextIndex=94,followerCommit=92,matchIndex=93
2023-03-17 00:26:11,360 INFO  statemachine.StateMachine (ArithmeticStateMachine.java:applyTransaction(182)) - LEADER:s11-93: b = null = null
2023-03-17 00:26:11,361 DEBUG server.RaftServer$Division (RaftServerImpl.java:logAppendEntries(1430)) - s12@group-307DF1E8AB17: receive appendEntries(s11, 1, (t:1, i:93), 93, true, commits:[s11:c93, s13:c91, s12:c91], cId:5457, entries: [(t:1, i:94), METADATAENTRY(c:93)]
2023-03-17 00:26:11,362 DEBUG server.RaftServer$Division (RaftServerImpl.java:logAppendEntries(1430)) - s13@group-307DF1E8AB17: receive appendEntries(s11, 1, (t:1, i:93), 93, true, commits:[s11:c93, s13:c92, s12:c91], cId:5459, entries: [(t:1, i:94), METADATAENTRY(c:93)]
2023-03-17 00:26:11,361 DEBUG server.RaftServer$Division (RaftServerImpl.java:submitClientRequestAsync(835)) - s11@group-307DF1E8AB17: receive client request(RaftClientRequest:client-D0E0E253CE84->s11@group-307DF1E8AB17, cid=5458, seq=0, RW, Message:01016300)
2023-03-17 00:26:11,362 DEBUG server.RaftServer$Division (LeaderStateImpl.java:addPendingRequest(474)) - s11@group-307DF1E8AB17-LeaderStateImpl: addPendingRequest at RaftClientRequest:client-D0E0E253CE84->s11@group-307DF1E8AB17, cid=5458, seq=0, RW, Message:01016300, entry=(t:1, i:95), STATEMACHINELOGENTRY, 5458@client-D0E0E253CE84
2023-03-17 00:26:11,363 DEBUG server.RaftServer$Division (RaftServerImpl.java:logAppendEntries(1430)) - s12@group-307DF1E8AB17: succeeded to handle AppendEntries. Reply: s11<-s12#5457:OK-t1,SUCCESS,nextIndex=95,followerCommit=93,matchIndex=94
2023-03-17 00:26:11,363 DEBUG server.RaftServer$Division (RaftServerImpl.java:logAppendEntries(1430)) - s13@group-307DF1E8AB17: succeeded to handle AppendEntries. Reply: s11<-s13#5459:OK-t1,SUCCESS,nextIndex=95,followerCommit=93,matchIndex=94
2023-03-17 00:26:11,364 DEBUG server.RaftServer$Division (RaftServerImpl.java:logAppendEntries(1430)) - s12@group-307DF1E8AB17: receive appendEntries(s11, 1, (t:1, i:94), 93, true, commits:[s11:c93, s13:c92, s12:c93], cId:5460, entries: [(t:1, i:95), STATEMACHINELOGENTRY, 5458@client-D0E0E253CE84]
2023-03-17 00:26:11,364 DEBUG server.RaftServer$Division (RaftServerImpl.java:logAppendEntries(1430)) - s13@group-307DF1E8AB17: receive appendEntries(s11, 1, (t:1, i:94), 94, true, commits:[s11:c94, s13:c93, s12:c93], cId:5461, entries: [(t:1, i:95), STATEMACHINELOGENTRY, 5458@client-D0E0E253CE84]
2023-03-17 00:26:11,365 DEBUG server.RaftServer$Division (RaftServerImpl.java:logAppendEntries(1430)) - s12@group-307DF1E8AB17: succeeded to handle AppendEntries. Reply: s11<-s12#5460:OK-t1,SUCCESS,nextIndex=96,followerCommit=93,matchIndex=95
2023-03-17 00:26:11,365 DEBUG server.RaftServer$Division (RaftServerImpl.java:logAppendEntries(1430)) - s13@group-307DF1E8AB17: succeeded to handle AppendEntries. Reply: s11<-s13#5461:OK-t1,SUCCESS,nextIndex=96,followerCommit=94,matchIndex=95
2023-03-17 00:26:11,366 INFO  statemachine.StateMachine (ArithmeticStateMachine.java:applyTransaction(182)) - LEADER:s11-95: c = null = null
2023-03-17 00:26:11,367 DEBUG server.RaftServer$Division (RaftServerImpl.java:submitClientRequestAsync(835)) - s11@group-307DF1E8AB17: receive client request(RaftClientRequest:client-D0E0E253CE84->s11@group-307DF1E8AB17, cid=5463, seq=0, RW, Message:01016102404380000000...(size=12))
2023-03-17 00:26:11,368 DEBUG server.RaftServer$Division (LeaderStateImpl.java:addPendingRequest(474)) - s11@group-307DF1E8AB17-LeaderStateImpl: addPendingRequest at RaftClientRequest:client-D0E0E253CE84->s11@group-307DF1E8AB17, cid=5463, seq=0, RW, Message:01016102404380000000...(size=12), entry=(t:1, i:97), STATEMACHINELOGENTRY, 5463@client-D0E0E253CE84
2023-03-17 00:26:11,368 DEBUG server.RaftServer$Division (RaftServerImpl.java:logAppendEntries(1430)) - s12@group-307DF1E8AB17: receive appendEntries(s11, 1, (t:1, i:95), 95, true, commits:[s11:c95, s13:c93, s12:c93], cId:5462, entries: [(t:1, i:96), METADATAENTRY(c:95)]
2023-03-17 00:26:11,368 DEBUG server.RaftServer$Division (RaftServerImpl.java:logAppendEntries(1430)) - s13@group-307DF1E8AB17: receive appendEntries(s11, 1, (t:1, i:95), 95, true, commits:[s11:c95, s13:c94, s12:c93], cId:5464, entries: [(t:1, i:96), METADATAENTRY(c:95)]
2023-03-17 00:26:11,369 DEBUG server.RaftServer$Division (RaftServerImpl.java:logAppendEntries(1430)) - s12@group-307DF1E8AB17: succeeded to handle AppendEntries. Reply: s11<-s12#5462:OK-t1,SUCCESS,nextIndex=97,followerCommit=95,matchIndex=96
2023-03-17 00:26:11,369 DEBUG server.RaftServer$Division (RaftServerImpl.java:logAppendEntries(1430)) - s13@group-307DF1E8AB17: succeeded to handle AppendEntries. Reply: s11<-s13#5464:OK-t1,SUCCESS,nextIndex=97,followerCommit=95,matchIndex=96
2023-03-17 00:26:11,370 DEBUG server.RaftServer$Division (RaftServerImpl.java:logAppendEntries(1430)) - s12@group-307DF1E8AB17: receive appendEntries(s11, 1, (t:1, i:96), 95, true, commits:[s11:c95, s13:c94, s12:c95], cId:5465, entries: [(t:1, i:97), STATEMACHINELOGENTRY, 5463@client-D0E0E253CE84]
2023-03-17 00:26:11,371 DEBUG server.RaftServer$Division (RaftServerImpl.java:logAppendEntries(1430)) - s13@group-307DF1E8AB17: receive appendEntries(s11, 1, (t:1, i:96), 96, true, commits:[s11:c96, s13:c95, s12:c95], cId:5466, entries: [(t:1, i:97), STATEMACHINELOGENTRY, 5463@client-D0E0E253CE84]
2023-03-17 00:26:11,371 DEBUG server.RaftServer$Division (RaftServerImpl.java:logAppendEntries(1430)) - s12@group-307DF1E8AB17: succeeded to handle AppendEntries. Reply: s11<-s12#5465:OK-t1,SUCCESS,nextIndex=98,followerCommit=95,matchIndex=97
2023-03-17 00:26:11,371 DEBUG server.RaftServer$Division (RaftServerImpl.java:logAppendEntries(1430)) - s13@group-307DF1E8AB17: succeeded to handle AppendEntries. Reply: s11<-s13#5466:OK-t1,SUCCESS,nextIndex=98,followerCommit=96,matchIndex=97
2023-03-17 00:26:11,372 INFO  statemachine.StateMachine (ArithmeticStateMachine.java:applyTransaction(182)) - LEADER:s11-97: a = 39 = 39
2023-03-17 00:26:11,373 DEBUG server.RaftServer$Division (RaftServerImpl.java:submitClientRequestAsync(835)) - s11@group-307DF1E8AB17: receive client request(RaftClientRequest:client-D0E0E253CE84->s11@group-307DF1E8AB17, cid=5468, seq=0, RW, Message:010162024087c0000000...(size=12))
2023-03-17 00:26:11,373 DEBUG server.RaftServer$Division (LeaderStateImpl.java:addPendingRequest(474)) - s11@group-307DF1E8AB17-LeaderStateImpl: addPendingRequest at RaftClientRequest:client-D0E0E253CE84->s11@group-307DF1E8AB17, cid=5468, seq=0, RW, Message:010162024087c0000000...(size=12), entry=(t:1, i:99), STATEMACHINELOGENTRY, 5468@client-D0E0E253CE84
2023-03-17 00:26:11,373 DEBUG server.RaftServer$Division (RaftServerImpl.java:logAppendEntries(1430)) - s13@group-307DF1E8AB17: receive appendEntries(s11, 1, (t:1, i:97), 97, true, commits:[s11:c97, s13:c96, s12:c95], cId:5469, entries: [(t:1, i:98), METADATAENTRY(c:97)]
2023-03-17 00:26:11,373 DEBUG server.RaftServer$Division (RaftServerImpl.java:logAppendEntries(1430)) - s12@group-307DF1E8AB17: receive appendEntries(s11, 1, (t:1, i:97), 97, true, commits:[s11:c97, s13:c95, s12:c95], cId:5467, entries: [(t:1, i:98), METADATAENTRY(c:97)]
2023-03-17 00:26:11,374 DEBUG server.RaftServer$Division (RaftServerImpl.java:logAppendEntries(1430)) - s13@group-307DF1E8AB17: succeeded to handle AppendEntries. Reply: s11<-s13#5469:OK-t1,SUCCESS,nextIndex=99,followerCommit=97,matchIndex=98
2023-03-17 00:26:11,375 DEBUG server.RaftServer$Division (RaftServerImpl.java:logAppendEntries(1430)) - s13@group-307DF1E8AB17: receive appendEntries(s11, 1, (t:1, i:98), 97, true, commits:[s11:c97, s13:c97, s12:c95], cId:5470, entries: [(t:1, i:99), STATEMACHINELOGENTRY, 5468@client-D0E0E253CE84]
2023-03-17 00:26:11,375 DEBUG server.RaftServer$Division (RaftServerImpl.java:logAppendEntries(1430)) - s12@group-307DF1E8AB17: succeeded to handle AppendEntries. Reply: s11<-s12#5467:OK-t1,SUCCESS,nextIndex=99,followerCommit=97,matchIndex=98
2023-03-17 00:26:11,376 DEBUG server.RaftServer$Division (RaftServerImpl.java:logAppendEntries(1430)) - s13@group-307DF1E8AB17: succeeded to handle AppendEntries. Reply: s11<-s13#5470:OK-t1,SUCCESS,nextIndex=100,followerCommit=97,matchIndex=99
2023-03-17 00:26:11,376 DEBUG server.RaftServer$Division (RaftServerImpl.java:logAppendEntries(1430)) - s12@group-307DF1E8AB17: receive appendEntries(s11, 1, (t:1, i:98), 98, true, commits:[s11:c98, s13:c97, s12:c97], cId:5471, entries: [(t:1, i:99), STATEMACHINELOGENTRY, 5468@client-D0E0E253CE84]
2023-03-17 00:26:11,377 DEBUG server.RaftServer$Division (RaftServerImpl.java:logAppendEntries(1430)) - s13@group-307DF1E8AB17: receive appendEntries(s11, 1, (t:1, i:99), 99, true, commits:[s11:c99, s13:c97, s12:c97], cId:5472, entries: [(t:1, i:100), METADATAENTRY(c:99)]
2023-03-17 00:26:11,377 INFO  statemachine.StateMachine (ArithmeticStateMachine.java:applyTransaction(182)) - LEADER:s11-99: b = 760 = 760
2023-03-17 00:26:11,380 DEBUG server.RaftServer$Division (RaftServerImpl.java:logAppendEntries(1430)) - s12@group-307DF1E8AB17: succeeded to handle AppendEntries. Reply: s11<-s12#5471:OK-t1,SUCCESS,nextIndex=100,followerCommit=98,matchIndex=99
2023-03-17 00:26:11,381 DEBUG server.RaftServer$Division (RaftServerImpl.java:logAppendEntries(1430)) - s13@group-307DF1E8AB17: succeeded to handle AppendEntries. Reply: s11<-s13#5472:OK-t1,SUCCESS,nextIndex=101,followerCommit=99,matchIndex=100
2023-03-17 00:26:11,381 DEBUG server.RaftServer$Division (RaftServerImpl.java:submitClientRequestAsync(835)) - s11@group-307DF1E8AB17: receive client request(RaftClientRequest:client-D0E0E253CE84->s11@group-307DF1E8AB17, cid=5473, seq=0, RW, Message:01016304010300040201...(size=17))
2023-03-17 00:26:11,381 DEBUG server.RaftServer$Division (LeaderStateImpl.java:addPendingRequest(474)) - s11@group-307DF1E8AB17-LeaderStateImpl: addPendingRequest at RaftClientRequest:client-D0E0E253CE84->s11@group-307DF1E8AB17, cid=5473, seq=0, RW, Message:01016304010300040201...(size=17), entry=(t:1, i:101), STATEMACHINELOGENTRY, 5473@client-D0E0E253CE84
2023-03-17 00:26:11,381 DEBUG server.RaftServer$Division (RaftServerImpl.java:logAppendEntries(1430)) - s12@group-307DF1E8AB17: receive appendEntries(s11, 1, (t:1, i:99), 99, true, commits:[s11:c99, s13:c97, s12:c98], cId:5474, entries: [(t:1, i:100), METADATAENTRY(c:99)]
2023-03-17 00:26:11,382 DEBUG server.RaftServer$Division (RaftServerImpl.java:logAppendEntries(1430)) - s13@group-307DF1E8AB17: receive appendEntries(s11, 1, (t:1, i:100), 99, true, commits:[s11:c99, s13:c99, s12:c98], cId:5475, entries: [(t:1, i:101), STATEMACHINELOGENTRY, 5473@client-D0E0E253CE84]
2023-03-17 00:26:11,383 DEBUG server.RaftServer$Division (RaftServerImpl.java:logAppendEntries(1430)) - s12@group-307DF1E8AB17: succeeded to handle AppendEntries. Reply: s11<-s12#5474:OK-t1,SUCCESS,nextIndex=101,followerCommit=99,matchIndex=100
2023-03-17 00:26:11,384 DEBUG server.RaftServer$Division (RaftServerImpl.java:logAppendEntries(1430)) - s12@group-307DF1E8AB17: receive appendEntries(s11, 1, (t:1, i:100), 100, true, commits:[s11:c100, s13:c99, s12:c99], cId:5476, entries: [(t:1, i:101), STATEMACHINELOGENTRY, 5473@client-D0E0E253CE84]
2023-03-17 00:26:11,384 DEBUG server.RaftServer$Division (RaftServerImpl.java:logAppendEntries(1430)) - s13@group-307DF1E8AB17: succeeded to handle AppendEntries. Reply: s11<-s13#5475:OK-t1,SUCCESS,nextIndex=102,followerCommit=99,matchIndex=101
2023-03-17 00:26:11,385 DEBUG server.RaftServer$Division (RaftServerImpl.java:logAppendEntries(1430)) - s12@group-307DF1E8AB17: succeeded to handle AppendEntries. Reply: s11<-s12#5476:OK-t1,SUCCESS,nextIndex=102,followerCommit=100,matchIndex=101
2023-03-17 00:26:11,385 INFO  statemachine.StateMachine (ArithmeticStateMachine.java:applyTransaction(182)) - LEADER:s11-101: c = √(a^2 + b^2) = 761
2023-03-17 00:26:11,386 DEBUG server.RaftServer$Division (RaftServerImpl.java:logAppendEntries(1430)) - s13@group-307DF1E8AB17: receive appendEntries(s11, 1, (t:1, i:101), 101, true, commits:[s11:c101, s13:c99, s12:c99], cId:5477, entries: [(t:1, i:102), METADATAENTRY(c:101)]
2023-03-17 00:26:11,387 DEBUG server.RaftServer$Division (RaftServerImpl.java:logAppendEntries(1430)) - s12@group-307DF1E8AB17: receive appendEntries(s11, 1, (t:1, i:101), 101, true, commits:[s11:c101, s13:c99, s12:c100], cId:5479, entries: [(t:1, i:102), METADATAENTRY(c:101)]
2023-03-17 00:26:11,386 DEBUG server.RaftServer$Division (RaftServerImpl.java:submitClientRequestAsync(835)) - s11@group-307DF1E8AB17: receive client request(RaftClientRequest:client-D0E0E253CE84->s11@group-307DF1E8AB17, cid=5478, seq=0, RW, Message:01016100)
2023-03-17 00:26:11,387 DEBUG server.RaftServer$Division (LeaderStateImpl.java:addPendingRequest(474)) - s11@group-307DF1E8AB17-LeaderStateImpl: addPendingRequest at RaftClientRequest:client-D0E0E253CE84->s11@group-307DF1E8AB17, cid=5478, seq=0, RW, Message:01016100, entry=(t:1, i:103), STATEMACHINELOGENTRY, 5478@client-D0E0E253CE84
2023-03-17 00:26:11,388 DEBUG server.RaftServer$Division (RaftServerImpl.java:logAppendEntries(1430)) - s13@group-307DF1E8AB17: succeeded to handle AppendEntries. Reply: s11<-s13#5477:OK-t1,SUCCESS,nextIndex=103,followerCommit=101,matchIndex=102
2023-03-17 00:26:11,388 DEBUG server.RaftServer$Division (RaftServerImpl.java:logAppendEntries(1430)) - s12@group-307DF1E8AB17: succeeded to handle AppendEntries. Reply: s11<-s12#5479:OK-t1,SUCCESS,nextIndex=103,followerCommit=101,matchIndex=102
2023-03-17 00:26:11,389 DEBUG server.RaftServer$Division (RaftServerImpl.java:logAppendEntries(1430)) - s13@group-307DF1E8AB17: receive appendEntries(s11, 1, (t:1, i:102), 101, true, commits:[s11:c101, s13:c101, s12:c100], cId:5480, entries: [(t:1, i:103), STATEMACHINELOGENTRY, 5478@client-D0E0E253CE84]
2023-03-17 00:26:11,390 DEBUG server.RaftServer$Division (RaftServerImpl.java:logAppendEntries(1430)) - s12@group-307DF1E8AB17: receive appendEntries(s11, 1, (t:1, i:102), 102, true, commits:[s11:c102, s13:c101, s12:c101], cId:5481, entries: [(t:1, i:103), STATEMACHINELOGENTRY, 5478@client-D0E0E253CE84]
2023-03-17 00:26:11,390 DEBUG server.RaftServer$Division (RaftServerImpl.java:logAppendEntries(1430)) - s13@group-307DF1E8AB17: succeeded to handle AppendEntries. Reply: s11<-s13#5480:OK-t1,SUCCESS,nextIndex=104,followerCommit=101,matchIndex=103
2023-03-17 00:26:11,390 INFO  statemachine.StateMachine (ArithmeticStateMachine.java:applyTransaction(182)) - LEADER:s11-103: a = null = null
2023-03-17 00:26:11,391 DEBUG server.RaftServer$Division (RaftServerImpl.java:logAppendEntries(1430)) - s12@group-307DF1E8AB17: succeeded to handle AppendEntries. Reply: s11<-s12#5481:OK-t1,SUCCESS,nextIndex=104,followerCommit=102,matchIndex=103
2023-03-17 00:26:11,392 DEBUG server.RaftServer$Division (RaftServerImpl.java:submitClientRequestAsync(835)) - s11@group-307DF1E8AB17: receive client request(RaftClientRequest:client-D0E0E253CE84->s11@group-307DF1E8AB17, cid=5483, seq=0, RW, Message:01016200)
2023-03-17 00:26:11,392 DEBUG server.RaftServer$Division (LeaderStateImpl.java:addPendingRequest(474)) - s11@group-307DF1E8AB17-LeaderStateImpl: addPendingRequest at RaftClientRequest:client-D0E0E253CE84->s11@group-307DF1E8AB17, cid=5483, seq=0, RW, Message:01016200, entry=(t:1, i:105), STATEMACHINELOGENTRY, 5483@client-D0E0E253CE84
2023-03-17 00:26:11,392 DEBUG server.RaftServer$Division (RaftServerImpl.java:logAppendEntries(1430)) - s12@group-307DF1E8AB17: receive appendEntries(s11, 1, (t:1, i:103), 103, true, commits:[s11:c103, s13:c101, s12:c102], cId:5484, entries: [(t:1, i:104), METADATAENTRY(c:103)]
2023-03-17 00:26:11,393 DEBUG server.RaftServer$Division (RaftServerImpl.java:logAppendEntries(1430)) - s13@group-307DF1E8AB17: receive appendEntries(s11, 1, (t:1, i:103), 103, true, commits:[s11:c103, s13:c101, s12:c101], cId:5482, entries: [(t:1, i:104), METADATAENTRY(c:103)]
2023-03-17 00:26:11,393 DEBUG server.RaftServer$Division (RaftServerImpl.java:logAppendEntries(1430)) - s12@group-307DF1E8AB17: succeeded to handle AppendEntries. Reply: s11<-s12#5484:OK-t1,SUCCESS,nextIndex=105,followerCommit=103,matchIndex=104
2023-03-17 00:26:11,393 DEBUG server.RaftServer$Division (RaftServerImpl.java:logAppendEntries(1430)) - s13@group-307DF1E8AB17: succeeded to handle AppendEntries. Reply: s11<-s13#5482:OK-t1,SUCCESS,nextIndex=105,followerCommit=103,matchIndex=104
2023-03-17 00:26:11,394 DEBUG server.RaftServer$Division (RaftServerImpl.java:logAppendEntries(1430)) - s13@group-307DF1E8AB17: receive appendEntries(s11, 1, (t:1, i:104), 103, true, commits:[s11:c103, s13:c103, s12:c102], cId:5485, entries: [(t:1, i:105), STATEMACHINELOGENTRY, 5483@client-D0E0E253CE84]
2023-03-17 00:26:11,395 DEBUG server.RaftServer$Division (RaftServerImpl.java:logAppendEntries(1430)) - s12@group-307DF1E8AB17: receive appendEntries(s11, 1, (t:1, i:104), 104, true, commits:[s11:c104, s13:c103, s12:c103], cId:5486, entries: [(t:1, i:105), STATEMACHINELOGENTRY, 5483@client-D0E0E253CE84]
2023-03-17 00:26:11,396 DEBUG server.RaftServer$Division (RaftServerImpl.java:logAppendEntries(1430)) - s13@group-307DF1E8AB17: succeeded to handle AppendEntries. Reply: s11<-s13#5485:OK-t1,SUCCESS,nextIndex=106,followerCommit=103,matchIndex=105
2023-03-17 00:26:11,396 DEBUG server.RaftServer$Division (RaftServerImpl.java:logAppendEntries(1430)) - s12@group-307DF1E8AB17: succeeded to handle AppendEntries. Reply: s11<-s12#5486:OK-t1,SUCCESS,nextIndex=106,followerCommit=104,matchIndex=105
2023-03-17 00:26:11,396 INFO  statemachine.StateMachine (ArithmeticStateMachine.java:applyTransaction(182)) - LEADER:s11-105: b = null = null
2023-03-17 00:26:11,397 DEBUG server.RaftServer$Division (RaftServerImpl.java:logAppendEntries(1430)) - s13@group-307DF1E8AB17: receive appendEntries(s11, 1, (t:1, i:105), 105, true, commits:[s11:c105, s13:c103, s12:c104], cId:5488, entries: [(t:1, i:106), METADATAENTRY(c:105)]
2023-03-17 00:26:11,398 DEBUG server.RaftServer$Division (RaftServerImpl.java:logAppendEntries(1430)) - s12@group-307DF1E8AB17: receive appendEntries(s11, 1, (t:1, i:105), 105, true, commits:[s11:c105, s13:c103, s12:c104], cId:5487, entries: [(t:1, i:106), METADATAENTRY(c:105)]
2023-03-17 00:26:11,402 DEBUG server.RaftServer$Division (RaftServerImpl.java:logAppendEntries(1430)) - s12@group-307DF1E8AB17: succeeded to handle AppendEntries. Reply: s11<-s12#5487:OK-t1,SUCCESS,nextIndex=107,followerCommit=105,matchIndex=106
2023-03-17 00:26:11,402 DEBUG server.RaftServer$Division (RaftServerImpl.java:logAppendEntries(1430)) - s13@group-307DF1E8AB17: succeeded to handle AppendEntries. Reply: s11<-s13#5488:OK-t1,SUCCESS,nextIndex=107,followerCommit=105,matchIndex=106
2023-03-17 00:26:11,402 DEBUG server.RaftServer$Division (RaftServerImpl.java:submitClientRequestAsync(835)) - s11@group-307DF1E8AB17: receive client request(RaftClientRequest:client-D0E0E253CE84->s11@group-307DF1E8AB17, cid=5489, seq=0, RW, Message:01016300)
2023-03-17 00:26:11,402 DEBUG server.RaftServer$Division (LeaderStateImpl.java:addPendingRequest(474)) - s11@group-307DF1E8AB17-LeaderStateImpl: addPendingRequest at RaftClientRequest:client-D0E0E253CE84->s11@group-307DF1E8AB17, cid=5489, seq=0, RW, Message:01016300, entry=(t:1, i:107), STATEMACHINELOGENTRY, 5489@client-D0E0E253CE84
2023-03-17 00:26:11,405 DEBUG server.RaftServer$Division (RaftServerImpl.java:logAppendEntries(1430)) - s12@group-307DF1E8AB17: receive appendEntries(s11, 1, (t:1, i:106), 106, true, commits:[s11:c106, s13:c105, s12:c105], cId:5491, entries: [(t:1, i:107), STATEMACHINELOGENTRY, 5489@client-D0E0E253CE84]
2023-03-17 00:26:11,405 DEBUG server.RaftServer$Division (RaftServerImpl.java:logAppendEntries(1430)) - s12@group-307DF1E8AB17: succeeded to handle AppendEntries. Reply: s11<-s12#5491:OK-t1,SUCCESS,nextIndex=108,followerCommit=106,matchIndex=107
2023-03-17 00:26:11,405 DEBUG server.RaftServer$Division (RaftServerImpl.java:logAppendEntries(1430)) - s13@group-307DF1E8AB17: receive appendEntries(s11, 1, (t:1, i:106), 105, true, commits:[s11:c105, s13:c105, s12:c104], cId:5490, entries: [(t:1, i:107), STATEMACHINELOGENTRY, 5489@client-D0E0E253CE84]
2023-03-17 00:26:11,406 INFO  statemachine.StateMachine (ArithmeticStateMachine.java:applyTransaction(182)) - LEADER:s11-107: c = null = null
2023-03-17 00:26:11,406 DEBUG server.RaftServer$Division (RaftServerImpl.java:logAppendEntries(1430)) - s12@group-307DF1E8AB17: receive appendEntries(s11, 1, (t:1, i:107), 107, true, commits:[s11:c107, s13:c105, s12:c106], cId:5492, entries: [(t:1, i:108), METADATAENTRY(c:107)]
2023-03-17 00:26:11,408 DEBUG server.RaftServer$Division (RaftServerImpl.java:submitClientRequestAsync(835)) - s11@group-307DF1E8AB17: receive client request(RaftClientRequest:client-D0E0E253CE84->s11@group-307DF1E8AB17, cid=5493, seq=0, RW, Message:01016102404480000000...(size=12))
2023-03-17 00:26:11,408 DEBUG server.RaftServer$Division (RaftServerImpl.java:logAppendEntries(1430)) - s13@group-307DF1E8AB17: succeeded to handle AppendEntries. Reply: s11<-s13#5490:OK-t1,SUCCESS,nextIndex=108,followerCommit=105,matchIndex=107
2023-03-17 00:26:11,409 DEBUG server.RaftServer$Division (LeaderStateImpl.java:addPendingRequest(474)) - s11@group-307DF1E8AB17-LeaderStateImpl: addPendingRequest at RaftClientRequest:client-D0E0E253CE84->s11@group-307DF1E8AB17, cid=5493, seq=0, RW, Message:01016102404480000000...(size=12), entry=(t:1, i:109), STATEMACHINELOGENTRY, 5493@client-D0E0E253CE84
2023-03-17 00:26:11,409 DEBUG server.RaftServer$Division (RaftServerImpl.java:logAppendEntries(1430)) - s13@group-307DF1E8AB17: receive appendEntries(s11, 1, (t:1, i:107), 107, true, commits:[s11:c107, s13:c105, s12:c106], cId:5494, entries: [(t:1, i:108), METADATAENTRY(c:107), (t:1, i:109), STATEMACHINELOGENTRY, 5493@client-D0E0E253CE84]
2023-03-17 00:26:11,410 DEBUG server.RaftServer$Division (RaftServerImpl.java:logAppendEntries(1430)) - s13@group-307DF1E8AB17: succeeded to handle AppendEntries. Reply: s11<-s13#5494:OK-t1,SUCCESS,nextIndex=110,followerCommit=107,matchIndex=109
2023-03-17 00:26:11,410 DEBUG server.RaftServer$Division (RaftServerImpl.java:logAppendEntries(1430)) - s12@group-307DF1E8AB17: succeeded to handle AppendEntries. Reply: s11<-s12#5492:OK-t1,SUCCESS,nextIndex=109,followerCommit=107,matchIndex=108
2023-03-17 00:26:11,411 INFO  statemachine.StateMachine (ArithmeticStateMachine.java:applyTransaction(182)) - LEADER:s11-109: a = 41 = 41
2023-03-17 00:26:11,412 DEBUG server.RaftServer$Division (RaftServerImpl.java:logAppendEntries(1430)) - s13@group-307DF1E8AB17: receive appendEntries(s11, 1, (t:1, i:109), 109, true, commits:[s11:c109, s13:c107, s12:c107], cId:5496, entries: [(t:1, i:110), METADATAENTRY(c:109)]
2023-03-17 00:26:11,412 DEBUG server.RaftServer$Division (RaftServerImpl.java:submitClientRequestAsync(835)) - s11@group-307DF1E8AB17: receive client request(RaftClientRequest:client-D0E0E253CE84->s11@group-307DF1E8AB17, cid=5497, seq=0, RW, Message:01016202408a40000000...(size=12))
2023-03-17 00:26:11,412 DEBUG server.RaftServer$Division (LeaderStateImpl.java:addPendingRequest(474)) - s11@group-307DF1E8AB17-LeaderStateImpl: addPendingRequest at RaftClientRequest:client-D0E0E253CE84->s11@group-307DF1E8AB17, cid=5497, seq=0, RW, Message:01016202408a40000000...(size=12), entry=(t:1, i:111), STATEMACHINELOGENTRY, 5497@client-D0E0E253CE84
2023-03-17 00:26:11,413 DEBUG server.RaftServer$Division (RaftServerImpl.java:logAppendEntries(1430)) - s13@group-307DF1E8AB17: succeeded to handle AppendEntries. Reply: s11<-s13#5496:OK-t1,SUCCESS,nextIndex=111,followerCommit=109,matchIndex=110
2023-03-17 00:26:11,413 DEBUG server.RaftServer$Division (RaftServerImpl.java:logAppendEntries(1430)) - s12@group-307DF1E8AB17: receive appendEntries(s11, 1, (t:1, i:108), 107, true, commits:[s11:c107, s13:c105, s12:c107], cId:5495, entries: [(t:1, i:109), STATEMACHINELOGENTRY, 5493@client-D0E0E253CE84]
2023-03-17 00:26:11,413 DEBUG server.RaftServer$Division (RaftServerImpl.java:logAppendEntries(1430)) - s12@group-307DF1E8AB17: succeeded to handle AppendEntries. Reply: s11<-s12#5495:OK-t1,SUCCESS,nextIndex=110,followerCommit=107,matchIndex=109
2023-03-17 00:26:11,414 DEBUG server.RaftServer$Division (RaftServerImpl.java:logAppendEntries(1430)) - s13@group-307DF1E8AB17: receive appendEntries(s11, 1, (t:1, i:110), 109, true, commits:[s11:c109, s13:c109, s12:c107], cId:5498, entries: [(t:1, i:111), STATEMACHINELOGENTRY, 5497@client-D0E0E253CE84]
2023-03-17 00:26:11,415 DEBUG server.RaftServer$Division (RaftServerImpl.java:logAppendEntries(1430)) - s13@group-307DF1E8AB17: succeeded to handle AppendEntries. Reply: s11<-s13#5498:OK-t1,SUCCESS,nextIndex=112,followerCommit=109,matchIndex=111
2023-03-17 00:26:11,415 INFO  statemachine.StateMachine (ArithmeticStateMachine.java:applyTransaction(182)) - LEADER:s11-111: b = 840 = 840
2023-03-17 00:26:11,417 DEBUG server.RaftServer$Division (RaftServerImpl.java:submitClientRequestAsync(835)) - s11@group-307DF1E8AB17: receive client request(RaftClientRequest:client-D0E0E253CE84->s11@group-307DF1E8AB17, cid=5501, seq=0, RW, Message:01016304010300040201...(size=17))
2023-03-17 00:26:11,417 DEBUG server.RaftServer$Division (LeaderStateImpl.java:addPendingRequest(474)) - s11@group-307DF1E8AB17-LeaderStateImpl: addPendingRequest at RaftClientRequest:client-D0E0E253CE84->s11@group-307DF1E8AB17, cid=5501, seq=0, RW, Message:01016304010300040201...(size=17), entry=(t:1, i:113), STATEMACHINELOGENTRY, 5501@client-D0E0E253CE84
2023-03-17 00:26:11,418 DEBUG server.RaftServer$Division (RaftServerImpl.java:logAppendEntries(1430)) - s12@group-307DF1E8AB17: receive appendEntries(s11, 1, (t:1, i:109), 110, true, commits:[s11:c110, s13:c109, s12:c107], cId:5499, entries: [(t:1, i:110), METADATAENTRY(c:109), (t:1, i:111), STATEMACHINELOGENTRY, 5497@client-D0E0E253CE84]
2023-03-17 00:26:11,418 DEBUG server.RaftServer$Division (RaftServerImpl.java:logAppendEntries(1430)) - s13@group-307DF1E8AB17: receive appendEntries(s11, 1, (t:1, i:111), 111, true, commits:[s11:c111, s13:c109, s12:c107], cId:5500, entries: [(t:1, i:112), METADATAENTRY(c:111)]
2023-03-17 00:26:11,418 DEBUG server.RaftServer$Division (RaftServerImpl.java:logAppendEntries(1430)) - s12@group-307DF1E8AB17: succeeded to handle AppendEntries. Reply: s11<-s12#5499:OK-t1,SUCCESS,nextIndex=112,followerCommit=110,matchIndex=111
2023-03-17 00:26:11,419 DEBUG server.RaftServer$Division (RaftServerImpl.java:logAppendEntries(1430)) - s13@group-307DF1E8AB17: succeeded to handle AppendEntries. Reply: s11<-s13#5500:OK-t1,SUCCESS,nextIndex=113,followerCommit=111,matchIndex=112
2023-03-17 00:26:11,419 DEBUG server.RaftServer$Division (RaftServerImpl.java:logAppendEntries(1430)) - s12@group-307DF1E8AB17: receive appendEntries(s11, 1, (t:1, i:111), 111, true, commits:[s11:c111, s13:c109, s12:c110], cId:5502, entries: [(t:1, i:112), METADATAENTRY(c:111), (t:1, i:113), STATEMACHINELOGENTRY, 5501@client-D0E0E253CE84]
2023-03-17 00:26:11,420 DEBUG server.RaftServer$Division (RaftServerImpl.java:logAppendEntries(1430)) - s12@group-307DF1E8AB17: succeeded to handle AppendEntries. Reply: s11<-s12#5502:OK-t1,SUCCESS,nextIndex=114,followerCommit=111,matchIndex=113
2023-03-17 00:26:11,420 INFO  statemachine.StateMachine (ArithmeticStateMachine.java:applyTransaction(182)) - LEADER:s11-113: c = √(a^2 + b^2) = 841
2023-03-17 00:26:11,420 DEBUG server.RaftServer$Division (RaftServerImpl.java:logAppendEntries(1430)) - s13@group-307DF1E8AB17: receive appendEntries(s11, 1, (t:1, i:112), 111, true, commits:[s11:c111, s13:c111, s12:c110], cId:5503, entries: [(t:1, i:113), STATEMACHINELOGENTRY, 5501@client-D0E0E253CE84]
2023-03-17 00:26:11,422 DEBUG server.RaftServer$Division (RaftServerImpl.java:logAppendEntries(1430)) - s12@group-307DF1E8AB17: receive appendEntries(s11, 1, (t:1, i:113), 113, true, commits:[s11:c113, s13:c111, s12:c111], cId:5504, entries: [(t:1, i:114), METADATAENTRY(c:113)]
2023-03-17 00:26:11,421 DEBUG server.RaftServer$Division (RaftServerImpl.java:submitClientRequestAsync(835)) - s11@group-307DF1E8AB17: receive client request(RaftClientRequest:client-D0E0E253CE84->s11@group-307DF1E8AB17, cid=5505, seq=0, RW, Message:01016100)
2023-03-17 00:26:11,422 DEBUG server.RaftServer$Division (LeaderStateImpl.java:addPendingRequest(474)) - s11@group-307DF1E8AB17-LeaderStateImpl: addPendingRequest at RaftClientRequest:client-D0E0E253CE84->s11@group-307DF1E8AB17, cid=5505, seq=0, RW, Message:01016100, entry=(t:1, i:115), STATEMACHINELOGENTRY, 5505@client-D0E0E253CE84
2023-03-17 00:26:11,423 DEBUG server.RaftServer$Division (RaftServerImpl.java:logAppendEntries(1430)) - s12@group-307DF1E8AB17: succeeded to handle AppendEntries. Reply: s11<-s12#5504:OK-t1,SUCCESS,nextIndex=115,followerCommit=113,matchIndex=114
2023-03-17 00:26:11,424 DEBUG server.RaftServer$Division (RaftServerImpl.java:logAppendEntries(1430)) - s13@group-307DF1E8AB17: succeeded to handle AppendEntries. Reply: s11<-s13#5503:OK-t1,SUCCESS,nextIndex=114,followerCommit=111,matchIndex=113
2023-03-17 00:26:11,424 DEBUG server.RaftServer$Division (RaftServerImpl.java:logAppendEntries(1430)) - s12@group-307DF1E8AB17: receive appendEntries(s11, 1, (t:1, i:114), 113, true, commits:[s11:c113, s13:c111, s12:c113], cId:5506, entries: [(t:1, i:115), STATEMACHINELOGENTRY, 5505@client-D0E0E253CE84]
2023-03-17 00:26:11,424 DEBUG server.RaftServer$Division (RaftServerImpl.java:logAppendEntries(1430)) - s12@group-307DF1E8AB17: succeeded to handle AppendEntries. Reply: s11<-s12#5506:OK-t1,SUCCESS,nextIndex=116,followerCommit=113,matchIndex=115
2023-03-17 00:26:11,425 INFO  statemachine.StateMachine (ArithmeticStateMachine.java:applyTransaction(182)) - LEADER:s11-115: a = null = null
2023-03-17 00:26:11,426 DEBUG server.RaftServer$Division (RaftServerImpl.java:submitClientRequestAsync(835)) - s11@group-307DF1E8AB17: receive client request(RaftClientRequest:client-D0E0E253CE84->s11@group-307DF1E8AB17, cid=5509, seq=0, RW, Message:01016200)
2023-03-17 00:26:11,426 DEBUG server.RaftServer$Division (LeaderStateImpl.java:addPendingRequest(474)) - s11@group-307DF1E8AB17-LeaderStateImpl: addPendingRequest at RaftClientRequest:client-D0E0E253CE84->s11@group-307DF1E8AB17, cid=5509, seq=0, RW, Message:01016200, entry=(t:1, i:117), STATEMACHINELOGENTRY, 5509@client-D0E0E253CE84
2023-03-17 00:26:11,426 DEBUG server.RaftServer$Division (RaftServerImpl.java:logAppendEntries(1430)) - s12@group-307DF1E8AB17: receive appendEntries(s11, 1, (t:1, i:115), 115, true, commits:[s11:c115, s13:c111, s12:c113], cId:5508, entries: [(t:1, i:116), METADATAENTRY(c:115)]
2023-03-17 00:26:11,427 DEBUG server.RaftServer$Division (RaftServerImpl.java:logAppendEntries(1430)) - s12@group-307DF1E8AB17: succeeded to handle AppendEntries. Reply: s11<-s12#5508:OK-t1,SUCCESS,nextIndex=117,followerCommit=115,matchIndex=116
2023-03-17 00:26:11,427 DEBUG server.RaftServer$Division (RaftServerImpl.java:logAppendEntries(1430)) - s13@group-307DF1E8AB17: receive appendEntries(s11, 1, (t:1, i:113), 114, true, commits:[s11:c114, s13:c111, s12:c113], cId:5507, entries: [(t:1, i:114), METADATAENTRY(c:113), (t:1, i:115), STATEMACHINELOGENTRY, 5505@client-D0E0E253CE84]
2023-03-17 00:26:11,428 DEBUG server.RaftServer$Division (RaftServerImpl.java:logAppendEntries(1430)) - s13@group-307DF1E8AB17: succeeded to handle AppendEntries. Reply: s11<-s13#5507:OK-t1,SUCCESS,nextIndex=116,followerCommit=114,matchIndex=115
2023-03-17 00:26:11,430 DEBUG server.RaftServer$Division (RaftServerImpl.java:logAppendEntries(1430)) - s12@group-307DF1E8AB17: receive appendEntries(s11, 1, (t:1, i:116), 115, true, commits:[s11:c115, s13:c111, s12:c115], cId:5510, entries: [(t:1, i:117), STATEMACHINELOGENTRY, 5509@client-D0E0E253CE84]
2023-03-17 00:26:11,430 DEBUG server.RaftServer$Division (RaftServerImpl.java:logAppendEntries(1430)) - s12@group-307DF1E8AB17: succeeded to handle AppendEntries. Reply: s11<-s12#5510:OK-t1,SUCCESS,nextIndex=118,followerCommit=115,matchIndex=117
2023-03-17 00:26:11,431 INFO  statemachine.StateMachine (ArithmeticStateMachine.java:applyTransaction(182)) - LEADER:s11-117: b = null = null
2023-03-17 00:26:11,431 DEBUG server.RaftServer$Division (RaftServerImpl.java:submitClientRequestAsync(835)) - s11@group-307DF1E8AB17: receive client request(RaftClientRequest:client-D0E0E253CE84->s11@group-307DF1E8AB17, cid=5513, seq=0, RW, Message:01016300)
2023-03-17 00:26:11,432 DEBUG server.RaftServer$Division (LeaderStateImpl.java:addPendingRequest(474)) - s11@group-307DF1E8AB17-LeaderStateImpl: addPendingRequest at RaftClientRequest:client-D0E0E253CE84->s11@group-307DF1E8AB17, cid=5513, seq=0, RW, Message:01016300, entry=(t:1, i:119), STATEMACHINELOGENTRY, 5513@client-D0E0E253CE84
2023-03-17 00:26:11,432 DEBUG server.RaftServer$Division (RaftServerImpl.java:logAppendEntries(1430)) - s12@group-307DF1E8AB17: receive appendEntries(s11, 1, (t:1, i:117), 117, true, commits:[s11:c117, s13:c114, s12:c115], cId:5512, entries: [(t:1, i:118), METADATAENTRY(c:117)]
2023-03-17 00:26:11,432 DEBUG server.RaftServer$Division (RaftServerImpl.java:logAppendEntries(1430)) - s12@group-307DF1E8AB17: succeeded to handle AppendEntries. Reply: s11<-s12#5512:OK-t1,SUCCESS,nextIndex=119,followerCommit=117,matchIndex=118
2023-03-17 00:26:11,433 DEBUG server.RaftServer$Division (RaftServerImpl.java:logAppendEntries(1430)) - s13@group-307DF1E8AB17: receive appendEntries(s11, 1, (t:1, i:115), 116, true, commits:[s11:c116, s13:c114, s12:c115], cId:5511, entries: [(t:1, i:116), METADATAENTRY(c:115), (t:1, i:117), STATEMACHINELOGENTRY, 5509@client-D0E0E253CE84]
2023-03-17 00:26:11,433 DEBUG server.RaftServer$Division (RaftServerImpl.java:logAppendEntries(1430)) - s13@group-307DF1E8AB17: succeeded to handle AppendEntries. Reply: s11<-s13#5511:OK-t1,SUCCESS,nextIndex=118,followerCommit=116,matchIndex=117
2023-03-17 00:26:11,433 DEBUG server.RaftServer$Division (RaftServerImpl.java:logAppendEntries(1430)) - s12@group-307DF1E8AB17: receive appendEntries(s11, 1, (t:1, i:118), 117, true, commits:[s11:c117, s13:c114, s12:c117], cId:5514, entries: [(t:1, i:119), STATEMACHINELOGENTRY, 5513@client-D0E0E253CE84]
2023-03-17 00:26:11,434 DEBUG server.RaftServer$Division (RaftServerImpl.java:logAppendEntries(1430)) - s12@group-307DF1E8AB17: succeeded to handle AppendEntries. Reply: s11<-s12#5514:OK-t1,SUCCESS,nextIndex=120,followerCommit=117,matchIndex=119
2023-03-17 00:26:11,434 INFO  statemachine.StateMachine (ArithmeticStateMachine.java:applyTransaction(182)) - LEADER:s11-119: c = null = null
2023-03-17 00:26:11,435 DEBUG server.RaftServer$Division (RaftServerImpl.java:logAppendEntries(1430)) - s12@group-307DF1E8AB17: receive appendEntries(s11, 1, (t:1, i:119), 119, true, commits:[s11:c119, s13:c116, s12:c117], cId:5516, entries: [(t:1, i:120), METADATAENTRY(c:119)]
2023-03-17 00:26:11,436 DEBUG server.RaftServer$Division (RaftServerImpl.java:logAppendEntries(1430)) - s12@group-307DF1E8AB17: succeeded to handle AppendEntries. Reply: s11<-s12#5516:OK-t1,SUCCESS,nextIndex=121,followerCommit=119,matchIndex=120
2023-03-17 00:26:11,436 DEBUG server.RaftServer$Division (RaftServerImpl.java:logAppendEntries(1430)) - s13@group-307DF1E8AB17: receive appendEntries(s11, 1, (t:1, i:117), 118, true, commits:[s11:c118, s13:c116, s12:c117], cId:5515, entries: [(t:1, i:118), METADATAENTRY(c:117), (t:1, i:119), STATEMACHINELOGENTRY, 5513@client-D0E0E253CE84]
2023-03-17 00:26:11,437 DEBUG server.RaftServer$Division (RaftServerImpl.java:logAppendEntries(1430)) - s13@group-307DF1E8AB17: succeeded to handle AppendEntries. Reply: s11<-s13#5515:OK-t1,SUCCESS,nextIndex=120,followerCommit=118,matchIndex=119
2023-03-17 00:26:11,438 DEBUG server.RaftServer$Division (RaftServerImpl.java:logAppendEntries(1430)) - s13@group-307DF1E8AB17: receive appendEntries(s11, 1, (t:1, i:119), 120, true, commits:[s11:c120, s13:c118, s12:c119], cId:5521, entries: [(t:1, i:120), METADATAENTRY(c:119)]
2023-03-17 00:26:11,438 DEBUG server.RaftServer$Division (RaftServerImpl.java:logAppendEntries(1430)) - s13@group-307DF1E8AB17: succeeded to handle AppendEntries. Reply: s11<-s13#5521:OK-t1,SUCCESS,nextIndex=121,followerCommit=120,matchIndex=120
2023-03-17 00:26:11,450 INFO  impl.GroupManagementBaseTest (GroupManagementBaseTest.java:runMultiGroupTest(281)) - 2) starting group-08C85AF2C45E:[s3|rpc:0.0.0.0:36277|priority:0|startupRole:FOLLOWER, s14|rpc:0.0.0.0:36477|priority:0|startupRole:FOLLOWER, s2|rpc:0.0.0.0:39635|priority:0|startupRole:FOLLOWER]
2023-03-17 00:26:11,454 INFO  logging.LoggingHandler (AbstractInternalLogger.java:log(148)) - [id: 0x051b97c8, L:/0.0.0.0:36477] READ: [id: 0x18d5e09c, L:/10.1.0.17:36477 - R:/10.1.0.17:35700]
2023-03-17 00:26:11,457 INFO  logging.LoggingHandler (AbstractInternalLogger.java:log(148)) - [id: 0x051b97c8, L:/0.0.0.0:36477] READ COMPLETE
2023-03-17 00:26:11,460 INFO  server.RaftServer (RaftServerProxy.java:addNew(99)) - s14: addNew group-08C85AF2C45E:[s3|rpc:0.0.0.0:36277|dataStream:|priority:0|startupRole:FOLLOWER, s14|rpc:0.0.0.0:36477|dataStream:|priority:0|startupRole:FOLLOWER, s2|rpc:0.0.0.0:39635|dataStream:|priority:0|startupRole:FOLLOWER] returns group-08C85AF2C45E:java.util.concurrent.CompletableFuture@5cd9618e[Not completed]
2023-03-17 00:26:11,460 INFO  server.RaftServer$Division (RaftServerImpl.java:<init>(198)) - s14: new RaftServerImpl for group-08C85AF2C45E:[s3|rpc:0.0.0.0:36277|dataStream:|priority:0|startupRole:FOLLOWER, s14|rpc:0.0.0.0:36477|dataStream:|priority:0|startupRole:FOLLOWER, s2|rpc:0.0.0.0:39635|dataStream:|priority:0|startupRole:FOLLOWER] with ArithmeticStateMachine:uninitialized
2023-03-17 00:26:11,460 INFO  server.RaftServerConfigKeys (ConfUtils.java:logGet(46)) - raft.server.rpc.timeout.min = 300ms (custom)
2023-03-17 00:26:11,460 INFO  server.RaftServerConfigKeys (ConfUtils.java:logGet(46)) - raft.server.rpc.timeout.max = 600ms (custom)
2023-03-17 00:26:11,460 INFO  server.RaftServerConfigKeys (ConfUtils.java:logGet(46)) - raft.server.rpc.sleep.time = 25ms (default)
2023-03-17 00:26:11,460 INFO  server.RaftServerConfigKeys (ConfUtils.java:logGet(46)) - raft.server.rpc.slowness.timeout = 60s (default)
2023-03-17 00:26:11,461 INFO  server.RaftServerConfigKeys (ConfUtils.java:logGet(46)) - raft.server.leaderelection.leader.step-down.wait-time = 10s (default)
2023-03-17 00:26:11,461 INFO  server.RaftServerConfigKeys (ConfUtils.java:logGet(46)) - raft.server.sleep.deviation.threshold = 300ms (default)
2023-03-17 00:26:11,461 INFO  server.RaftServer$Division (ServerState.java:<init>(113)) - s14@group-08C85AF2C45E: ConfigurationManager, init=-1: peers:[s3|rpc:0.0.0.0:36277|dataStream:|priority:0|startupRole:FOLLOWER, s14|rpc:0.0.0.0:36477|dataStream:|priority:0|startupRole:FOLLOWER, s2|rpc:0.0.0.0:39635|dataStream:|priority:0|startupRole:FOLLOWER]|listeners:[], old=null, confs=<EMPTY_MAP>
2023-03-17 00:26:11,461 INFO  server.RaftServerConfigKeys (ConfUtils.java:logGet(46)) - raft.server.notification.no-leader.timeout = 60s (default)
2023-03-17 00:26:11,461 INFO  server.RaftServerConfigKeys (ConfUtils.java:logGet(46)) - raft.server.read.timeout = 10s (default)
2023-03-17 00:26:11,461 INFO  server.RaftServerConfigKeys (ConfUtils.java:logGet(46)) - raft.server.retrycache.expirytime = 60s (default)
2023-03-17 00:26:11,461 INFO  server.RaftServerConfigKeys (ConfUtils.java:logGet(46)) - raft.server.retrycache.statistics.expirytime = 100μs (default)
2023-03-17 00:26:11,461 INFO  server.RaftServerConfigKeys (ConfUtils.java:logGet(46)) - raft.server.read.option = DEFAULT (default)
2023-03-17 00:26:11,462 INFO  server.RaftServerConfigKeys (ConfUtils.java:logGet(46)) - raft.server.log.appender.install.snapshot.enabled = true (default)
2023-03-17 00:26:11,462 INFO  server.RaftServerConfigKeys (ConfUtils.java:logGet(46)) - raft.server.threadpool.server.cached = true (default)
2023-03-17 00:26:11,462 INFO  server.RaftServerConfigKeys (ConfUtils.java:logGet(46)) - raft.server.threadpool.server.size = 0 (default)
2023-03-17 00:26:11,462 INFO  server.RaftServerConfigKeys (ConfUtils.java:logGet(46)) - raft.server.threadpool.client.cached = true (default)
2023-03-17 00:26:11,462 INFO  server.RaftServerConfigKeys (ConfUtils.java:logGet(46)) - raft.server.threadpool.client.size = 0 (default)
2023-03-17 00:26:11,462 INFO  server.RaftServerConfigKeys (ConfUtils.java:logGet(46)) - raft.server.storage.free-space.min = 0MB (=0) (default)
2023-03-17 00:26:11,462 INFO  server.RaftServerConfigKeys (ConfUtils.java:logGet(46)) - raft.server.log.corruption.policy = EXCEPTION (default)
2023-03-17 00:26:11,462 INFO  server.RaftServerConfigKeys (ConfUtils.java:logGet(46)) - raft.server.storage.dir = [/home/runner/work/ratis/ratis/ratis-examples/target/test/data/9a3b15da/MiniRaftClusterWithNettyce94e709/s14] (custom)
2023-03-17 00:26:11,463 INFO  storage.RaftStorageDirectory (RaftStorageDirectoryImpl.java:analyzeStorage(138)) - The storage directory /home/runner/work/ratis/ratis/ratis-examples/target/test/data/9a3b15da/MiniRaftClusterWithNettyce94e709/s14/5fee4758-8350-41ed-b228-08c85af2c45e does not exist. Creating ...
2023-03-17 00:26:11,463 TRACE util.FileUtils (LogUtils.java:runAndLog(49)) - Successfully ran Files.createDirectories /home/runner/work/ratis/ratis/ratis-examples/target/test/data/9a3b15da/MiniRaftClusterWithNettyce94e709/s14/5fee4758-8350-41ed-b228-08c85af2c45e
2023-03-17 00:26:11,464 INFO  storage.RaftStorageDirectory (RaftStorageDirectoryImpl.java:tryLock(232)) - Lock on /home/runner/work/ratis/ratis/ratis-examples/target/test/data/9a3b15da/MiniRaftClusterWithNettyce94e709/s14/5fee4758-8350-41ed-b228-08c85af2c45e/in_use.lock acquired by nodename 17092@fv-az451-845
2023-03-17 00:26:11,464 TRACE util.FileUtils (LogUtils.java:runAndLog(49)) - Successfully ran Files.createDirectories /home/runner/work/ratis/ratis/ratis-examples/target/test/data/9a3b15da/MiniRaftClusterWithNettyce94e709/s14/5fee4758-8350-41ed-b228-08c85af2c45e/current
2023-03-17 00:26:11,464 TRACE util.FileUtils (LogUtils.java:runAndLog(49)) - Successfully ran Files.createDirectories /home/runner/work/ratis/ratis/ratis-examples/target/test/data/9a3b15da/MiniRaftClusterWithNettyce94e709/s14/5fee4758-8350-41ed-b228-08c85af2c45e/sm
2023-03-17 00:26:11,466 INFO  storage.RaftStorage (RaftStorageImpl.java:format(96)) - Storage directory /home/runner/work/ratis/ratis/ratis-examples/target/test/data/9a3b15da/MiniRaftClusterWithNettyce94e709/s14/5fee4758-8350-41ed-b228-08c85af2c45e has been successfully formatted.
2023-03-17 00:26:11,466 WARN  statemachine.StateMachine (ArithmeticStateMachine.java:loadSnapshot(116)) - The snapshot info is null.
2023-03-17 00:26:11,466 INFO  server.RaftServerConfigKeys (ConfUtils.java:logGet(46)) - raft.server.log.use.memory = false (default)
2023-03-17 00:26:11,466 INFO  server.RaftServerConfigKeys (ConfUtils.java:logGet(46)) - raft.server.log.purge.gap = 1024 (default)
2023-03-17 00:26:11,466 INFO  server.RaftServerConfigKeys (ConfUtils.java:logGet(46)) - raft.server.log.appender.buffer.byte-limit = 4MB (=4194304) (default)
2023-03-17 00:26:11,466 INFO  server.RaftServerConfigKeys (ConfUtils.java:logGet(46)) - raft.server.log.statemachine.data.read.timeout = 1000ms (default)
2023-03-17 00:26:11,467 INFO  server.RaftServerConfigKeys (ConfUtils.java:logGet(46)) - raft.server.log.purge.preservation.log.num = 0 (default)
2023-03-17 00:26:11,467 INFO  server.RaftServerConfigKeys (ConfUtils.java:logGet(46)) - raft.server.log.segment.size.max = 8MB (=8388608) (default)
2023-03-17 00:26:11,467 INFO  server.RaftServerConfigKeys (ConfUtils.java:logGet(46)) - raft.server.log.segment.cache.num.max = 6 (default)
2023-03-17 00:26:11,467 INFO  server.RaftServerConfigKeys (ConfUtils.java:logGet(46)) - raft.server.log.segment.cache.size.max = 200MB (=209715200) (default)
2023-03-17 00:26:11,467 INFO  server.RaftServerConfigKeys (ConfUtils.java:logGet(46)) - raft.server.log.appender.buffer.byte-limit = 4MB (=4194304) (default)
2023-03-17 00:26:11,467 INFO  segmented.SegmentedRaftLogWorker (SegmentedRaftLogWorker.java:<init>(183)) - new s14@group-08C85AF2C45E-SegmentedRaftLogWorker for RaftStorageImpl:Storage Directory /home/runner/work/ratis/ratis/ratis-examples/target/test/data/9a3b15da/MiniRaftClusterWithNettyce94e709/s14/5fee4758-8350-41ed-b228-08c85af2c45e
2023-03-17 00:26:11,467 INFO  server.RaftServerConfigKeys (ConfUtils.java:logGet(46)) - raft.server.log.queue.byte-limit = 64MB (=67108864) (default)
2023-03-17 00:26:11,468 INFO  server.RaftServerConfigKeys (ConfUtils.java:logGet(46)) - raft.server.log.queue.element-limit = 4096 (default)
2023-03-17 00:26:11,468 INFO  server.RaftServerConfigKeys (ConfUtils.java:logGet(46)) - raft.server.log.segment.size.max = 8MB (=8388608) (default)
2023-03-17 00:26:11,468 INFO  server.RaftServerConfigKeys (ConfUtils.java:logGet(46)) - raft.server.log.preallocated.size = 4MB (=4194304) (default)
2023-03-17 00:26:11,468 INFO  server.RaftServerConfigKeys (ConfUtils.java:logGet(46)) - raft.server.log.force.sync.num = 128 (default)
2023-03-17 00:26:11,468 INFO  server.RaftServerConfigKeys (ConfUtils.java:logGet(46)) - raft.server.log.statemachine.data.sync = true (default)
2023-03-17 00:26:11,468 INFO  server.RaftServerConfigKeys (ConfUtils.java:logGet(46)) - raft.server.log.statemachine.data.sync.timeout = 10s (default)
2023-03-17 00:26:11,468 INFO  server.RaftServerConfigKeys (ConfUtils.java:logGet(46)) - raft.server.log.statemachine.data.sync.timeout.retry = -1 (default)
2023-03-17 00:26:11,468 INFO  server.RaftServerConfigKeys (ConfUtils.java:logGet(46)) - raft.server.log.write.buffer.size = 64KB (=65536) (default)
2023-03-17 00:26:11,468 INFO  server.RaftServerConfigKeys (ConfUtils.java:logGet(46)) - raft.server.log.appender.buffer.byte-limit = 4MB (=4194304) (default)
2023-03-17 00:26:11,483 INFO  server.RaftServerConfigKeys (ConfUtils.java:logGet(46)) - raft.server.log.unsafe-flush.enabled = false (default)
2023-03-17 00:26:11,485 INFO  server.RaftServerConfigKeys (ConfUtils.java:logGet(46)) - raft.server.log.async-flush.enabled = false (default)
2023-03-17 00:26:11,485 INFO  server.RaftServerConfigKeys (ConfUtils.java:logGet(46)) - raft.server.log.statemachine.data.caching.enabled = false (default)
2023-03-17 00:26:11,485 INFO  segmented.SegmentedRaftLogWorker (SegmentedRaftLogWorker.java:lambda$new$0(134)) - s14@group-08C85AF2C45E-SegmentedRaftLogWorker: flushIndex: setUnconditionally 0 -> -1
2023-03-17 00:26:11,485 INFO  segmented.SegmentedRaftLogWorker (SegmentedRaftLogWorker.java:lambda$new$0(134)) - s14@group-08C85AF2C45E-SegmentedRaftLogWorker: safeCacheEvictIndex: setUnconditionally 0 -> -1
2023-03-17 00:26:11,491 INFO  server.RaftServer$Division (RaftServerImpl.java:start(342)) - s14@group-08C85AF2C45E: start as a follower, conf=-1: peers:[s3|rpc:0.0.0.0:36277|dataStream:|priority:0|startupRole:FOLLOWER, s14|rpc:0.0.0.0:36477|dataStream:|priority:0|startupRole:FOLLOWER, s2|rpc:0.0.0.0:39635|dataStream:|priority:0|startupRole:FOLLOWER]|listeners:[], old=null
2023-03-17 00:26:11,491 INFO  server.RaftServer$Division (RaftServerImpl.java:setRole(329)) - s14@group-08C85AF2C45E: changes role from      null to FOLLOWER at term 0 for startAsFollower
2023-03-17 00:26:11,492 INFO  impl.RoleInfo (RoleInfo.java:updateAndGet(139)) - s14: start s14@group-08C85AF2C45E-FollowerState
2023-03-17 00:26:11,498 INFO  util.JmxRegister (JmxRegister.java:tryRegister(44)) - Successfully registered JMX Bean with object name Ratis:service=RaftServer,group=group-08C85AF2C45E,id=s14
2023-03-17 00:26:11,498 INFO  server.RaftServerConfigKeys (ConfUtils.java:logGet(46)) - raft.server.snapshot.auto.trigger.enabled = false (default)
2023-03-17 00:26:11,498 INFO  server.RaftServerConfigKeys (ConfUtils.java:logGet(46)) - raft.server.snapshot.retention.file.num = -1 (default)
2023-03-17 00:26:11,498 INFO  server.RaftServerConfigKeys (ConfUtils.java:logGet(46)) - raft.server.log.purge.upto.snapshot.index = false (default)
2023-03-17 00:26:11,499 INFO  server.RaftServerConfigKeys (ConfUtils.java:logFallback(53)) - raft.server.rpc.first-election.timeout.min = 300ms (fallback to raft.server.rpc.timeout.min)
2023-03-17 00:26:11,499 INFO  server.RaftServerConfigKeys (ConfUtils.java:logFallback(53)) - raft.server.rpc.first-election.timeout.max = 600ms (fallback to raft.server.rpc.timeout.max)
2023-03-17 00:26:11,520 INFO  logging.LoggingHandler (AbstractInternalLogger.java:log(148)) - [id: 0x673f0f41, L:/0.0.0.0:39635] READ: [id: 0x5695cefe, L:/10.1.0.17:39635 - R:/10.1.0.17:49304]
2023-03-17 00:26:11,521 INFO  logging.LoggingHandler (AbstractInternalLogger.java:log(148)) - [id: 0x673f0f41, L:/0.0.0.0:39635] READ COMPLETE
2023-03-17 00:26:11,522 INFO  server.RaftServer (RaftServerProxy.java:addNew(99)) - s2: addNew group-08C85AF2C45E:[s3|rpc:0.0.0.0:36277|dataStream:|priority:0|startupRole:FOLLOWER, s14|rpc:0.0.0.0:36477|dataStream:|priority:0|startupRole:FOLLOWER, s2|rpc:0.0.0.0:39635|dataStream:|priority:0|startupRole:FOLLOWER] returns group-08C85AF2C45E:java.util.concurrent.CompletableFuture@5a83c07b[Not completed]
2023-03-17 00:26:11,523 INFO  server.RaftServer$Division (RaftServerImpl.java:<init>(198)) - s2: new RaftServerImpl for group-08C85AF2C45E:[s3|rpc:0.0.0.0:36277|dataStream:|priority:0|startupRole:FOLLOWER, s14|rpc:0.0.0.0:36477|dataStream:|priority:0|startupRole:FOLLOWER, s2|rpc:0.0.0.0:39635|dataStream:|priority:0|startupRole:FOLLOWER] with ArithmeticStateMachine:uninitialized
2023-03-17 00:26:11,523 INFO  server.RaftServerConfigKeys (ConfUtils.java:logGet(46)) - raft.server.rpc.timeout.min = 300ms (custom)
2023-03-17 00:26:11,523 INFO  server.RaftServerConfigKeys (ConfUtils.java:logGet(46)) - raft.server.rpc.timeout.max = 600ms (custom)
2023-03-17 00:26:11,523 INFO  server.RaftServerConfigKeys (ConfUtils.java:logGet(46)) - raft.server.rpc.sleep.time = 25ms (default)
2023-03-17 00:26:11,523 INFO  server.RaftServerConfigKeys (ConfUtils.java:logGet(46)) - raft.server.rpc.slowness.timeout = 60s (default)
2023-03-17 00:26:11,523 INFO  server.RaftServerConfigKeys (ConfUtils.java:logGet(46)) - raft.server.leaderelection.leader.step-down.wait-time = 10s (default)
2023-03-17 00:26:11,523 INFO  server.RaftServerConfigKeys (ConfUtils.java:logGet(46)) - raft.server.sleep.deviation.threshold = 300ms (default)
2023-03-17 00:26:11,523 INFO  server.RaftServer$Division (ServerState.java:<init>(113)) - s2@group-08C85AF2C45E: ConfigurationManager, init=-1: peers:[s3|rpc:0.0.0.0:36277|dataStream:|priority:0|startupRole:FOLLOWER, s14|rpc:0.0.0.0:36477|dataStream:|priority:0|startupRole:FOLLOWER, s2|rpc:0.0.0.0:39635|dataStream:|priority:0|startupRole:FOLLOWER]|listeners:[], old=null, confs=<EMPTY_MAP>
2023-03-17 00:26:11,523 INFO  server.RaftServerConfigKeys (ConfUtils.java:logGet(46)) - raft.server.notification.no-leader.timeout = 60s (default)
2023-03-17 00:26:11,523 INFO  server.RaftServerConfigKeys (ConfUtils.java:logGet(46)) - raft.server.read.timeout = 10s (default)
2023-03-17 00:26:11,523 INFO  server.RaftServerConfigKeys (ConfUtils.java:logGet(46)) - raft.server.retrycache.expirytime = 60s (default)
2023-03-17 00:26:11,523 INFO  server.RaftServerConfigKeys (ConfUtils.java:logGet(46)) - raft.server.retrycache.statistics.expirytime = 100μs (default)
2023-03-17 00:26:11,523 INFO  server.RaftServerConfigKeys (ConfUtils.java:logGet(46)) - raft.server.read.option = DEFAULT (default)
2023-03-17 00:26:11,524 INFO  server.RaftServerConfigKeys (ConfUtils.java:logGet(46)) - raft.server.log.appender.install.snapshot.enabled = true (default)
2023-03-17 00:26:11,524 INFO  server.RaftServerConfigKeys (ConfUtils.java:logGet(46)) - raft.server.threadpool.server.cached = true (default)
2023-03-17 00:26:11,524 INFO  server.RaftServerConfigKeys (ConfUtils.java:logGet(46)) - raft.server.threadpool.server.size = 0 (default)
2023-03-17 00:26:11,524 INFO  server.RaftServerConfigKeys (ConfUtils.java:logGet(46)) - raft.server.threadpool.client.cached = true (default)
2023-03-17 00:26:11,524 INFO  server.RaftServerConfigKeys (ConfUtils.java:logGet(46)) - raft.server.threadpool.client.size = 0 (default)
2023-03-17 00:26:11,524 INFO  server.RaftServerConfigKeys (ConfUtils.java:logGet(46)) - raft.server.storage.free-space.min = 0MB (=0) (default)
2023-03-17 00:26:11,524 INFO  server.RaftServerConfigKeys (ConfUtils.java:logGet(46)) - raft.server.log.corruption.policy = EXCEPTION (default)
2023-03-17 00:26:11,525 INFO  server.RaftServerConfigKeys (ConfUtils.java:logGet(46)) - raft.server.storage.dir = [/home/runner/work/ratis/ratis/ratis-examples/target/test/data/9a3b15da/MiniRaftClusterWithNettyce94e709/s2] (custom)
2023-03-17 00:26:11,525 INFO  storage.RaftStorageDirectory (RaftStorageDirectoryImpl.java:analyzeStorage(138)) - The storage directory /home/runner/work/ratis/ratis/ratis-examples/target/test/data/9a3b15da/MiniRaftClusterWithNettyce94e709/s2/5fee4758-8350-41ed-b228-08c85af2c45e does not exist. Creating ...
2023-03-17 00:26:11,525 TRACE util.FileUtils (LogUtils.java:runAndLog(49)) - Successfully ran Files.createDirectories /home/runner/work/ratis/ratis/ratis-examples/target/test/data/9a3b15da/MiniRaftClusterWithNettyce94e709/s2/5fee4758-8350-41ed-b228-08c85af2c45e
2023-03-17 00:26:11,526 INFO  storage.RaftStorageDirectory (RaftStorageDirectoryImpl.java:tryLock(232)) - Lock on /home/runner/work/ratis/ratis/ratis-examples/target/test/data/9a3b15da/MiniRaftClusterWithNettyce94e709/s2/5fee4758-8350-41ed-b228-08c85af2c45e/in_use.lock acquired by nodename 17092@fv-az451-845
2023-03-17 00:26:11,526 TRACE util.FileUtils (LogUtils.java:runAndLog(49)) - Successfully ran Files.createDirectories /home/runner/work/ratis/ratis/ratis-examples/target/test/data/9a3b15da/MiniRaftClusterWithNettyce94e709/s2/5fee4758-8350-41ed-b228-08c85af2c45e/current
2023-03-17 00:26:11,527 TRACE util.FileUtils (LogUtils.java:runAndLog(49)) - Successfully ran Files.createDirectories /home/runner/work/ratis/ratis/ratis-examples/target/test/data/9a3b15da/MiniRaftClusterWithNettyce94e709/s2/5fee4758-8350-41ed-b228-08c85af2c45e/sm
2023-03-17 00:26:11,528 INFO  storage.RaftStorage (RaftStorageImpl.java:format(96)) - Storage directory /home/runner/work/ratis/ratis/ratis-examples/target/test/data/9a3b15da/MiniRaftClusterWithNettyce94e709/s2/5fee4758-8350-41ed-b228-08c85af2c45e has been successfully formatted.
2023-03-17 00:26:11,528 WARN  statemachine.StateMachine (ArithmeticStateMachine.java:loadSnapshot(116)) - The snapshot info is null.
2023-03-17 00:26:11,528 INFO  server.RaftServerConfigKeys (ConfUtils.java:logGet(46)) - raft.server.log.use.memory = false (default)
2023-03-17 00:26:11,529 INFO  server.RaftServerConfigKeys (ConfUtils.java:logGet(46)) - raft.server.log.purge.gap = 1024 (default)
2023-03-17 00:26:11,529 INFO  server.RaftServerConfigKeys (ConfUtils.java:logGet(46)) - raft.server.log.appender.buffer.byte-limit = 4MB (=4194304) (default)
2023-03-17 00:26:11,529 INFO  server.RaftServerConfigKeys (ConfUtils.java:logGet(46)) - raft.server.log.statemachine.data.read.timeout = 1000ms (default)
2023-03-17 00:26:11,529 INFO  server.RaftServerConfigKeys (ConfUtils.java:logGet(46)) - raft.server.log.purge.preservation.log.num = 0 (default)
2023-03-17 00:26:11,529 INFO  server.RaftServerConfigKeys (ConfUtils.java:logGet(46)) - raft.server.log.segment.size.max = 8MB (=8388608) (default)
2023-03-17 00:26:11,530 INFO  server.RaftServerConfigKeys (ConfUtils.java:logGet(46)) - raft.server.log.segment.cache.num.max = 6 (default)
2023-03-17 00:26:11,530 INFO  server.RaftServerConfigKeys (ConfUtils.java:logGet(46)) - raft.server.log.segment.cache.size.max = 200MB (=209715200) (default)
2023-03-17 00:26:11,530 INFO  server.RaftServerConfigKeys (ConfUtils.java:logGet(46)) - raft.server.log.appender.buffer.byte-limit = 4MB (=4194304) (default)
2023-03-17 00:26:11,530 INFO  segmented.SegmentedRaftLogWorker (SegmentedRaftLogWorker.java:<init>(183)) - new s2@group-08C85AF2C45E-SegmentedRaftLogWorker for RaftStorageImpl:Storage Directory /home/runner/work/ratis/ratis/ratis-examples/target/test/data/9a3b15da/MiniRaftClusterWithNettyce94e709/s2/5fee4758-8350-41ed-b228-08c85af2c45e
2023-03-17 00:26:11,530 INFO  server.RaftServerConfigKeys (ConfUtils.java:logGet(46)) - raft.server.log.queue.byte-limit = 64MB (=67108864) (default)
2023-03-17 00:26:11,530 INFO  server.RaftServerConfigKeys (ConfUtils.java:logGet(46)) - raft.server.log.queue.element-limit = 4096 (default)
2023-03-17 00:26:11,530 INFO  server.RaftServerConfigKeys (ConfUtils.java:logGet(46)) - raft.server.log.segment.size.max = 8MB (=8388608) (default)
2023-03-17 00:26:11,530 INFO  server.RaftServerConfigKeys (ConfUtils.java:logGet(46)) - raft.server.log.preallocated.size = 4MB (=4194304) (default)
2023-03-17 00:26:11,530 INFO  server.RaftServerConfigKeys (ConfUtils.java:logGet(46)) - raft.server.log.force.sync.num = 128 (default)
2023-03-17 00:26:11,531 INFO  server.RaftServerConfigKeys (ConfUtils.java:logGet(46)) - raft.server.log.statemachine.data.sync = true (default)
2023-03-17 00:26:11,531 INFO  server.RaftServerConfigKeys (ConfUtils.java:logGet(46)) - raft.server.log.statemachine.data.sync.timeout = 10s (default)
2023-03-17 00:26:11,531 INFO  server.RaftServerConfigKeys (ConfUtils.java:logGet(46)) - raft.server.log.statemachine.data.sync.timeout.retry = -1 (default)
2023-03-17 00:26:11,531 INFO  server.RaftServerConfigKeys (ConfUtils.java:logGet(46)) - raft.server.log.write.buffer.size = 64KB (=65536) (default)
2023-03-17 00:26:11,532 INFO  server.RaftServerConfigKeys (ConfUtils.java:logGet(46)) - raft.server.log.appender.buffer.byte-limit = 4MB (=4194304) (default)
2023-03-17 00:26:11,532 INFO  server.RaftServerConfigKeys (ConfUtils.java:logGet(46)) - raft.server.log.unsafe-flush.enabled = false (default)
2023-03-17 00:26:11,533 INFO  server.RaftServerConfigKeys (ConfUtils.java:logGet(46)) - raft.server.log.async-flush.enabled = false (default)
2023-03-17 00:26:11,533 INFO  server.RaftServerConfigKeys (ConfUtils.java:logGet(46)) - raft.server.log.statemachine.data.caching.enabled = false (default)
2023-03-17 00:26:11,533 INFO  segmented.SegmentedRaftLogWorker (SegmentedRaftLogWorker.java:lambda$new$0(134)) - s2@group-08C85AF2C45E-SegmentedRaftLogWorker: flushIndex: setUnconditionally 0 -> -1
2023-03-17 00:26:11,536 INFO  segmented.SegmentedRaftLogWorker (SegmentedRaftLogWorker.java:lambda$new$0(134)) - s2@group-08C85AF2C45E-SegmentedRaftLogWorker: safeCacheEvictIndex: setUnconditionally 0 -> -1
2023-03-17 00:26:11,554 INFO  server.RaftServer$Division (RaftServerImpl.java:start(342)) - s2@group-08C85AF2C45E: start as a follower, conf=-1: peers:[s3|rpc:0.0.0.0:36277|dataStream:|priority:0|startupRole:FOLLOWER, s14|rpc:0.0.0.0:36477|dataStream:|priority:0|startupRole:FOLLOWER, s2|rpc:0.0.0.0:39635|dataStream:|priority:0|startupRole:FOLLOWER]|listeners:[], old=null
2023-03-17 00:26:11,554 INFO  server.RaftServer$Division (RaftServerImpl.java:setRole(329)) - s2@group-08C85AF2C45E: changes role from      null to FOLLOWER at term 0 for startAsFollower
2023-03-17 00:26:11,554 INFO  impl.RoleInfo (RoleInfo.java:updateAndGet(139)) - s2: start s2@group-08C85AF2C45E-FollowerState
2023-03-17 00:26:11,558 INFO  util.JmxRegister (JmxRegister.java:tryRegister(44)) - Successfully registered JMX Bean with object name Ratis:service=RaftServer,group=group-08C85AF2C45E,id=s2
2023-03-17 00:26:11,558 INFO  server.RaftServerConfigKeys (ConfUtils.java:logGet(46)) - raft.server.snapshot.auto.trigger.enabled = false (default)
2023-03-17 00:26:11,558 INFO  server.RaftServerConfigKeys (ConfUtils.java:logGet(46)) - raft.server.snapshot.retention.file.num = -1 (default)
2023-03-17 00:26:11,558 INFO  server.RaftServerConfigKeys (ConfUtils.java:logGet(46)) - raft.server.log.purge.upto.snapshot.index = false (default)
2023-03-17 00:26:11,559 INFO  server.RaftServerConfigKeys (ConfUtils.java:logFallback(53)) - raft.server.rpc.first-election.timeout.min = 300ms (fallback to raft.server.rpc.timeout.min)
2023-03-17 00:26:11,559 INFO  server.RaftServerConfigKeys (ConfUtils.java:logFallback(53)) - raft.server.rpc.first-election.timeout.max = 600ms (fallback to raft.server.rpc.timeout.max)
2023-03-17 00:26:11,605 INFO  logging.LoggingHandler (AbstractInternalLogger.java:log(148)) - [id: 0x537f870e, L:/0.0.0.0:36277] READ: [id: 0x3fc4eb7e, L:/10.1.0.17:36277 - R:/10.1.0.17:34228]
2023-03-17 00:26:11,605 INFO  logging.LoggingHandler (AbstractInternalLogger.java:log(148)) - [id: 0x537f870e, L:/0.0.0.0:36277] READ COMPLETE
2023-03-17 00:26:11,610 INFO  server.RaftServer (RaftServerProxy.java:addNew(99)) - s3: addNew group-08C85AF2C45E:[s3|rpc:0.0.0.0:36277|dataStream:|priority:0|startupRole:FOLLOWER, s14|rpc:0.0.0.0:36477|dataStream:|priority:0|startupRole:FOLLOWER, s2|rpc:0.0.0.0:39635|dataStream:|priority:0|startupRole:FOLLOWER] returns group-08C85AF2C45E:java.util.concurrent.CompletableFuture@4f1ccf2d[Not completed]
2023-03-17 00:26:11,610 INFO  server.RaftServer$Division (RaftServerImpl.java:<init>(198)) - s3: new RaftServerImpl for group-08C85AF2C45E:[s3|rpc:0.0.0.0:36277|dataStream:|priority:0|startupRole:FOLLOWER, s14|rpc:0.0.0.0:36477|dataStream:|priority:0|startupRole:FOLLOWER, s2|rpc:0.0.0.0:39635|dataStream:|priority:0|startupRole:FOLLOWER] with ArithmeticStateMachine:uninitialized
2023-03-17 00:26:11,610 INFO  server.RaftServerConfigKeys (ConfUtils.java:logGet(46)) - raft.server.rpc.timeout.min = 300ms (custom)
2023-03-17 00:26:11,610 INFO  server.RaftServerConfigKeys (ConfUtils.java:logGet(46)) - raft.server.rpc.timeout.max = 600ms (custom)
2023-03-17 00:26:11,610 INFO  server.RaftServerConfigKeys (ConfUtils.java:logGet(46)) - raft.server.rpc.sleep.time = 25ms (default)
2023-03-17 00:26:11,610 INFO  server.RaftServerConfigKeys (ConfUtils.java:logGet(46)) - raft.server.rpc.slowness.timeout = 60s (default)
2023-03-17 00:26:11,610 INFO  server.RaftServerConfigKeys (ConfUtils.java:logGet(46)) - raft.server.leaderelection.leader.step-down.wait-time = 10s (default)
2023-03-17 00:26:11,610 INFO  server.RaftServerConfigKeys (ConfUtils.java:logGet(46)) - raft.server.sleep.deviation.threshold = 300ms (default)
2023-03-17 00:26:11,610 INFO  server.RaftServer$Division (ServerState.java:<init>(113)) - s3@group-08C85AF2C45E: ConfigurationManager, init=-1: peers:[s3|rpc:0.0.0.0:36277|dataStream:|priority:0|startupRole:FOLLOWER, s14|rpc:0.0.0.0:36477|dataStream:|priority:0|startupRole:FOLLOWER, s2|rpc:0.0.0.0:39635|dataStream:|priority:0|startupRole:FOLLOWER]|listeners:[], old=null, confs=<EMPTY_MAP>
2023-03-17 00:26:11,611 INFO  server.RaftServerConfigKeys (ConfUtils.java:logGet(46)) - raft.server.notification.no-leader.timeout = 60s (default)
2023-03-17 00:26:11,611 INFO  server.RaftServerConfigKeys (ConfUtils.java:logGet(46)) - raft.server.read.timeout = 10s (default)
2023-03-17 00:26:11,611 INFO  server.RaftServerConfigKeys (ConfUtils.java:logGet(46)) - raft.server.retrycache.expirytime = 60s (default)
2023-03-17 00:26:11,611 INFO  server.RaftServerConfigKeys (ConfUtils.java:logGet(46)) - raft.server.retrycache.statistics.expirytime = 100μs (default)
2023-03-17 00:26:11,611 INFO  server.RaftServerConfigKeys (ConfUtils.java:logGet(46)) - raft.server.read.option = DEFAULT (default)
2023-03-17 00:26:11,611 INFO  server.RaftServerConfigKeys (ConfUtils.java:logGet(46)) - raft.server.log.appender.install.snapshot.enabled = true (default)
2023-03-17 00:26:11,612 INFO  server.RaftServerConfigKeys (ConfUtils.java:logGet(46)) - raft.server.threadpool.server.cached = true (default)
2023-03-17 00:26:11,612 INFO  server.RaftServerConfigKeys (ConfUtils.java:logGet(46)) - raft.server.threadpool.server.size = 0 (default)
2023-03-17 00:26:11,612 INFO  server.RaftServerConfigKeys (ConfUtils.java:logGet(46)) - raft.server.threadpool.client.cached = true (default)
2023-03-17 00:26:11,612 INFO  server.RaftServerConfigKeys (ConfUtils.java:logGet(46)) - raft.server.threadpool.client.size = 0 (default)
2023-03-17 00:26:11,612 INFO  server.RaftServerConfigKeys (ConfUtils.java:logGet(46)) - raft.server.storage.free-space.min = 0MB (=0) (default)
2023-03-17 00:26:11,612 INFO  server.RaftServerConfigKeys (ConfUtils.java:logGet(46)) - raft.server.log.corruption.policy = EXCEPTION (default)
2023-03-17 00:26:11,612 INFO  server.RaftServerConfigKeys (ConfUtils.java:logGet(46)) - raft.server.storage.dir = [/home/runner/work/ratis/ratis/ratis-examples/target/test/data/9a3b15da/MiniRaftClusterWithNettyce94e709/s3] (custom)
2023-03-17 00:26:11,612 INFO  storage.RaftStorageDirectory (RaftStorageDirectoryImpl.java:analyzeStorage(138)) - The storage directory /home/runner/work/ratis/ratis/ratis-examples/target/test/data/9a3b15da/MiniRaftClusterWithNettyce94e709/s3/5fee4758-8350-41ed-b228-08c85af2c45e does not exist. Creating ...
2023-03-17 00:26:11,613 TRACE util.FileUtils (LogUtils.java:runAndLog(49)) - Successfully ran Files.createDirectories /home/runner/work/ratis/ratis/ratis-examples/target/test/data/9a3b15da/MiniRaftClusterWithNettyce94e709/s3/5fee4758-8350-41ed-b228-08c85af2c45e
2023-03-17 00:26:11,614 INFO  storage.RaftStorageDirectory (RaftStorageDirectoryImpl.java:tryLock(232)) - Lock on /home/runner/work/ratis/ratis/ratis-examples/target/test/data/9a3b15da/MiniRaftClusterWithNettyce94e709/s3/5fee4758-8350-41ed-b228-08c85af2c45e/in_use.lock acquired by nodename 17092@fv-az451-845
2023-03-17 00:26:11,614 TRACE util.FileUtils (LogUtils.java:runAndLog(49)) - Successfully ran Files.createDirectories /home/runner/work/ratis/ratis/ratis-examples/target/test/data/9a3b15da/MiniRaftClusterWithNettyce94e709/s3/5fee4758-8350-41ed-b228-08c85af2c45e/current
2023-03-17 00:26:11,614 TRACE util.FileUtils (LogUtils.java:runAndLog(49)) - Successfully ran Files.createDirectories /home/runner/work/ratis/ratis/ratis-examples/target/test/data/9a3b15da/MiniRaftClusterWithNettyce94e709/s3/5fee4758-8350-41ed-b228-08c85af2c45e/sm
2023-03-17 00:26:11,615 INFO  storage.RaftStorage (RaftStorageImpl.java:format(96)) - Storage directory /home/runner/work/ratis/ratis/ratis-examples/target/test/data/9a3b15da/MiniRaftClusterWithNettyce94e709/s3/5fee4758-8350-41ed-b228-08c85af2c45e has been successfully formatted.
2023-03-17 00:26:11,616 WARN  statemachine.StateMachine (ArithmeticStateMachine.java:loadSnapshot(116)) - The snapshot info is null.
2023-03-17 00:26:11,616 INFO  server.RaftServerConfigKeys (ConfUtils.java:logGet(46)) - raft.server.log.use.memory = false (default)
2023-03-17 00:26:11,616 INFO  server.RaftServerConfigKeys (ConfUtils.java:logGet(46)) - raft.server.log.purge.gap = 1024 (default)
2023-03-17 00:26:11,616 INFO  server.RaftServerConfigKeys (ConfUtils.java:logGet(46)) - raft.server.log.appender.buffer.byte-limit = 4MB (=4194304) (default)
2023-03-17 00:26:11,616 INFO  server.RaftServerConfigKeys (ConfUtils.java:logGet(46)) - raft.server.log.statemachine.data.read.timeout = 1000ms (default)
2023-03-17 00:26:11,616 INFO  server.RaftServerConfigKeys (ConfUtils.java:logGet(46)) - raft.server.log.purge.preservation.log.num = 0 (default)
2023-03-17 00:26:11,617 INFO  server.RaftServerConfigKeys (ConfUtils.java:logGet(46)) - raft.server.log.segment.size.max = 8MB (=8388608) (default)
2023-03-17 00:26:11,617 INFO  server.RaftServerConfigKeys (ConfUtils.java:logGet(46)) - raft.server.log.segment.cache.num.max = 6 (default)
2023-03-17 00:26:11,617 INFO  server.RaftServerConfigKeys (ConfUtils.java:logGet(46)) - raft.server.log.segment.cache.size.max = 200MB (=209715200) (default)
2023-03-17 00:26:11,617 INFO  server.RaftServerConfigKeys (ConfUtils.java:logGet(46)) - raft.server.log.appender.buffer.byte-limit = 4MB (=4194304) (default)
2023-03-17 00:26:11,617 INFO  segmented.SegmentedRaftLogWorker (SegmentedRaftLogWorker.java:<init>(183)) - new s3@group-08C85AF2C45E-SegmentedRaftLogWorker for RaftStorageImpl:Storage Directory /home/runner/work/ratis/ratis/ratis-examples/target/test/data/9a3b15da/MiniRaftClusterWithNettyce94e709/s3/5fee4758-8350-41ed-b228-08c85af2c45e
2023-03-17 00:26:11,617 INFO  server.RaftServerConfigKeys (ConfUtils.java:logGet(46)) - raft.server.log.queue.byte-limit = 64MB (=67108864) (default)
2023-03-17 00:26:11,617 INFO  server.RaftServerConfigKeys (ConfUtils.java:logGet(46)) - raft.server.log.queue.element-limit = 4096 (default)
2023-03-17 00:26:11,617 INFO  server.RaftServerConfigKeys (ConfUtils.java:logGet(46)) - raft.server.log.segment.size.max = 8MB (=8388608) (default)
2023-03-17 00:26:11,617 INFO  server.RaftServerConfigKeys (ConfUtils.java:logGet(46)) - raft.server.log.preallocated.size = 4MB (=4194304) (default)
2023-03-17 00:26:11,617 INFO  server.RaftServerConfigKeys (ConfUtils.java:logGet(46)) - raft.server.log.force.sync.num = 128 (default)
2023-03-17 00:26:11,617 INFO  server.RaftServerConfigKeys (ConfUtils.java:logGet(46)) - raft.server.log.statemachine.data.sync = true (default)
2023-03-17 00:26:11,617 INFO  server.RaftServerConfigKeys (ConfUtils.java:logGet(46)) - raft.server.log.statemachine.data.sync.timeout = 10s (default)
2023-03-17 00:26:11,618 INFO  server.RaftServerConfigKeys (ConfUtils.java:logGet(46)) - raft.server.log.statemachine.data.sync.timeout.retry = -1 (default)
2023-03-17 00:26:11,618 INFO  server.RaftServerConfigKeys (ConfUtils.java:logGet(46)) - raft.server.log.write.buffer.size = 64KB (=65536) (default)
2023-03-17 00:26:11,618 INFO  server.RaftServerConfigKeys (ConfUtils.java:logGet(46)) - raft.server.log.appender.buffer.byte-limit = 4MB (=4194304) (default)
2023-03-17 00:26:11,624 INFO  server.RaftServerConfigKeys (ConfUtils.java:logGet(46)) - raft.server.log.unsafe-flush.enabled = false (default)
2023-03-17 00:26:11,624 INFO  server.RaftServerConfigKeys (ConfUtils.java:logGet(46)) - raft.server.log.async-flush.enabled = false (default)
2023-03-17 00:26:11,625 INFO  server.RaftServerConfigKeys (ConfUtils.java:logGet(46)) - raft.server.log.statemachine.data.caching.enabled = false (default)
2023-03-17 00:26:11,625 INFO  segmented.SegmentedRaftLogWorker (SegmentedRaftLogWorker.java:lambda$new$0(134)) - s3@group-08C85AF2C45E-SegmentedRaftLogWorker: flushIndex: setUnconditionally 0 -> -1
2023-03-17 00:26:11,625 INFO  segmented.SegmentedRaftLogWorker (SegmentedRaftLogWorker.java:lambda$new$0(134)) - s3@group-08C85AF2C45E-SegmentedRaftLogWorker: safeCacheEvictIndex: setUnconditionally 0 -> -1
2023-03-17 00:26:11,625 INFO  server.RaftServer$Division (RaftServerImpl.java:start(342)) - s3@group-08C85AF2C45E: start as a follower, conf=-1: peers:[s3|rpc:0.0.0.0:36277|dataStream:|priority:0|startupRole:FOLLOWER, s14|rpc:0.0.0.0:36477|dataStream:|priority:0|startupRole:FOLLOWER, s2|rpc:0.0.0.0:39635|dataStream:|priority:0|startupRole:FOLLOWER]|listeners:[], old=null
2023-03-17 00:26:11,625 INFO  server.RaftServer$Division (RaftServerImpl.java:setRole(329)) - s3@group-08C85AF2C45E: changes role from      null to FOLLOWER at term 0 for startAsFollower
2023-03-17 00:26:11,625 INFO  impl.RoleInfo (RoleInfo.java:updateAndGet(139)) - s3: start s3@group-08C85AF2C45E-FollowerState
2023-03-17 00:26:11,626 INFO  util.JmxRegister (JmxRegister.java:tryRegister(44)) - Successfully registered JMX Bean with object name Ratis:service=RaftServer,group=group-08C85AF2C45E,id=s3
2023-03-17 00:26:11,626 INFO  server.RaftServerConfigKeys (ConfUtils.java:logGet(46)) - raft.server.snapshot.auto.trigger.enabled = false (default)
2023-03-17 00:26:11,626 INFO  server.RaftServerConfigKeys (ConfUtils.java:logGet(46)) - raft.server.snapshot.retention.file.num = -1 (default)
2023-03-17 00:26:11,626 INFO  server.RaftServerConfigKeys (ConfUtils.java:logGet(46)) - raft.server.log.purge.upto.snapshot.index = false (default)
2023-03-17 00:26:11,626 INFO  server.RaftServerConfigKeys (ConfUtils.java:logFallback(53)) - raft.server.rpc.first-election.timeout.min = 300ms (fallback to raft.server.rpc.timeout.min)
2023-03-17 00:26:11,627 INFO  server.RaftServerConfigKeys (ConfUtils.java:logFallback(53)) - raft.server.rpc.first-election.timeout.max = 600ms (fallback to raft.server.rpc.timeout.max)
2023-03-17 00:26:11,666 INFO  server.RaftServerConfigKeys (ConfUtils.java:logGet(46)) - raft.server.rpc.timeout.max = 600ms (custom)
2023-03-17 00:26:11,666 INFO  ratis.RaftTestUtil (RaftTestUtil.java:waitForLeader(100)) - printing group-08C85AF2C45E
  s3:  RUNNING [
   FOLLOWER s3@group-08C85AF2C45E:t0, leader=null, voted=, raftlog=Memoized:s3@group-08C85AF2C45E-SegmentedRaftLog:OPENED:c-1, conf=-1: peers:[s3|rpc:0.0.0.0:36277|dataStream:|priority:0|startupRole:FOLLOWER, s14|rpc:0.0.0.0:36477|dataStream:|priority:0|startupRole:FOLLOWER, s2|rpc:0.0.0.0:39635|dataStream:|priority:0|startupRole:FOLLOWER]|listeners:[], old=null RUNNING
   FOLLOWER s3@group-38FE90E113AE:t0, leader=null, voted=, raftlog=Memoized:s3@group-38FE90E113AE-SegmentedRaftLog:OPENED:c-1, conf=-1: peers:[]|listeners:[], old=null STARTING] size=2
  s14:  RUNNING [
   FOLLOWER s14@group-08C85AF2C45E:t0, leader=null, voted=, raftlog=Memoized:s14@group-08C85AF2C45E-SegmentedRaftLog:OPENED:c-1, conf=-1: peers:[s3|rpc:0.0.0.0:36277|dataStream:|priority:0|startupRole:FOLLOWER, s14|rpc:0.0.0.0:36477|dataStream:|priority:0|startupRole:FOLLOWER, s2|rpc:0.0.0.0:39635|dataStream:|priority:0|startupRole:FOLLOWER]|listeners:[], old=null RUNNING
   FOLLOWER s14@group-38FE90E113AE:t0, leader=null, voted=, raftlog=Memoized:s14@group-38FE90E113AE-SegmentedRaftLog:OPENED:c-1, conf=-1: peers:[]|listeners:[], old=null STARTING] size=2
  s2:  RUNNING [
   FOLLOWER s2@group-08C85AF2C45E:t0, leader=null, voted=, raftlog=Memoized:s2@group-08C85AF2C45E-SegmentedRaftLog:OPENED:c-1, conf=-1: peers:[s3|rpc:0.0.0.0:36277|dataStream:|priority:0|startupRole:FOLLOWER, s14|rpc:0.0.0.0:36477|dataStream:|priority:0|startupRole:FOLLOWER, s2|rpc:0.0.0.0:39635|dataStream:|priority:0|startupRole:FOLLOWER]|listeners:[], old=null RUNNING
   FOLLOWER s2@group-38FE90E113AE:t0, leader=null, voted=, raftlog=Memoized:s2@group-38FE90E113AE-SegmentedRaftLog:OPENED:c-1, conf=-1: peers:[]|listeners:[], old=null STARTING] size=2
2023-03-17 00:26:11,666 WARN  ratis.RaftTestUtil (JavaUtils.java:attempt(217)) - FAILED "waitForLeader-group-08C85AF2C45E-(expectLeader? true)", attempt #1/100: java.lang.IllegalStateException: No leader yet  for group-08C85AF2C45E: printing group-08C85AF2C45E
  s3:  RUNNING [
   FOLLOWER s3@group-08C85AF2C45E:t0, leader=null, voted=, raftlog=Memoized:s3@group-08C85AF2C45E-SegmentedRaftLog:OPENED:c-1, conf=-1: peers:[s3|rpc:0.0.0.0:36277|dataStream:|priority:0|startupRole:FOLLOWER, s14|rpc:0.0.0.0:36477|dataStream:|priority:0|startupRole:FOLLOWER, s2|rpc:0.0.0.0:39635|dataStream:|priority:0|startupRole:FOLLOWER]|listeners:[], old=null RUNNING
   FOLLOWER s3@group-38FE90E113AE:t0, leader=null, voted=, raftlog=Memoized:s3@group-38FE90E113AE-SegmentedRaftLog:OPENED:c-1, conf=-1: peers:[]|listeners:[], old=null STARTING] size=2
  s14:  RUNNING [
   FOLLOWER s14@group-08C85AF2C45E:t0, leader=null, voted=, raftlog=Memoized:s14@group-08C85AF2C45E-SegmentedRaftLog:OPENED:c-1, conf=-1: peers:[s3|rpc:0.0.0.0:36277|dataStream:|priority:0|startupRole:FOLLOWER, s14|rpc:0.0.0.0:36477|dataStream:|priority:0|startupRole:FOLLOWER, s2|rpc:0.0.0.0:39635|dataStream:|priority:0|startupRole:FOLLOWER]|listeners:[], old=null RUNNING
   FOLLOWER s14@group-38FE90E113AE:t0, leader=null, voted=, raftlog=Memoized:s14@group-38FE90E113AE-SegmentedRaftLog:OPENED:c-1, conf=-1: peers:[]|listeners:[], old=null STARTING] size=2
  s2:  RUNNING [
   FOLLOWER s2@group-08C85AF2C45E:t0, leader=null, voted=, raftlog=Memoized:s2@group-08C85AF2C45E-SegmentedRaftLog:OPENED:c-1, conf=-1: peers:[s3|rpc:0.0.0.0:36277|dataStream:|priority:0|startupRole:FOLLOWER, s14|rpc:0.0.0.0:36477|dataStream:|priority:0|startupRole:FOLLOWER, s2|rpc:0.0.0.0:39635|dataStream:|priority:0|startupRole:FOLLOWER]|listeners:[], old=null RUNNING
   FOLLOWER s2@group-38FE90E113AE:t0, leader=null, voted=, raftlog=Memoized:s2@group-38FE90E113AE-SegmentedRaftLog:OPENED:c-1, conf=-1: peers:[]|listeners:[], old=null STARTING] size=2, sleep 900ms and then retry.
java.lang.IllegalStateException: No leader yet  for group-08C85AF2C45E: printing group-08C85AF2C45E
  s3:  RUNNING [
   FOLLOWER s3@group-08C85AF2C45E:t0, leader=null, voted=, raftlog=Memoized:s3@group-08C85AF2C45E-SegmentedRaftLog:OPENED:c-1, conf=-1: peers:[s3|rpc:0.0.0.0:36277|dataStream:|priority:0|startupRole:FOLLOWER, s14|rpc:0.0.0.0:36477|dataStream:|priority:0|startupRole:FOLLOWER, s2|rpc:0.0.0.0:39635|dataStream:|priority:0|startupRole:FOLLOWER]|listeners:[], old=null RUNNING
   FOLLOWER s3@group-38FE90E113AE:t0, leader=null, voted=, raftlog=Memoized:s3@group-38FE90E113AE-SegmentedRaftLog:OPENED:c-1, conf=-1: peers:[]|listeners:[], old=null STARTING] size=2
  s14:  RUNNING [
   FOLLOWER s14@group-08C85AF2C45E:t0, leader=null, voted=, raftlog=Memoized:s14@group-08C85AF2C45E-SegmentedRaftLog:OPENED:c-1, conf=-1: peers:[s3|rpc:0.0.0.0:36277|dataStream:|priority:0|startupRole:FOLLOWER, s14|rpc:0.0.0.0:36477|dataStream:|priority:0|startupRole:FOLLOWER, s2|rpc:0.0.0.0:39635|dataStream:|priority:0|startupRole:FOLLOWER]|listeners:[], old=null RUNNING
   FOLLOWER s14@group-38FE90E113AE:t0, leader=null, voted=, raftlog=Memoized:s14@group-38FE90E113AE-SegmentedRaftLog:OPENED:c-1, conf=-1: peers:[]|listeners:[], old=null STARTING] size=2
  s2:  RUNNING [
   FOLLOWER s2@group-08C85AF2C45E:t0, leader=null, voted=, raftlog=Memoized:s2@group-08C85AF2C45E-SegmentedRaftLog:OPENED:c-1, conf=-1: peers:[s3|rpc:0.0.0.0:36277|dataStream:|priority:0|startupRole:FOLLOWER, s14|rpc:0.0.0.0:36477|dataStream:|priority:0|startupRole:FOLLOWER, s2|rpc:0.0.0.0:39635|dataStream:|priority:0|startupRole:FOLLOWER]|listeners:[], old=null RUNNING
   FOLLOWER s2@group-38FE90E113AE:t0, leader=null, voted=, raftlog=Memoized:s2@group-38FE90E113AE-SegmentedRaftLog:OPENED:c-1, conf=-1: peers:[]|listeners:[], old=null STARTING] size=2
	at org.apache.ratis.server.impl.MiniRaftCluster.newIllegalStateExceptionForNoLeaders(MiniRaftCluster.java:581)
	at org.apache.ratis.RaftTestUtil.lambda$waitForLeader$1(RaftTestUtil.java:104)
	at org.apache.ratis.server.impl.MiniRaftCluster.getLeader(MiniRaftCluster.java:615)
	at org.apache.ratis.server.impl.MiniRaftCluster.getLeader(MiniRaftCluster.java:608)
	at org.apache.ratis.RaftTestUtil.lambda$waitForLeader$3(RaftTestUtil.java:112)
	at org.apache.ratis.util.JavaUtils.attempt(JavaUtils.java:211)
	at org.apache.ratis.util.JavaUtils.attemptRepeatedly(JavaUtils.java:197)
	at org.apache.ratis.RaftTestUtil.waitForLeader(RaftTestUtil.java:111)
	at org.apache.ratis.RaftTestUtil.waitForLeader(RaftTestUtil.java:92)
	at org.apache.ratis.server.impl.GroupManagementBaseTest.runMultiGroupTest(GroupManagementBaseTest.java:287)
	at org.apache.ratis.TestMultiRaftGroup.runTestMultiRaftGroup(TestMultiRaftGroup.java:73)
	at org.apache.ratis.TestMultiRaftGroup.runTestMultiRaftGroup(TestMultiRaftGroup.java:59)
	at org.apache.ratis.TestMultiRaftGroup.testMultiRaftGroup(TestMultiRaftGroup.java:55)
	at java.base/jdk.internal.reflect.NativeMethodAccessorImpl.invoke0(Native Method)
	at java.base/jdk.internal.reflect.NativeMethodAccessorImpl.invoke(NativeMethodAccessorImpl.java:62)
	at java.base/jdk.internal.reflect.DelegatingMethodAccessorImpl.invoke(DelegatingMethodAccessorImpl.java:43)
	at java.base/java.lang.reflect.Method.invoke(Method.java:566)
	at org.junit.runners.model.FrameworkMethod$1.runReflectiveCall(FrameworkMethod.java:59)
	at org.junit.internal.runners.model.ReflectiveCallable.run(ReflectiveCallable.java:12)
	at org.junit.runners.model.FrameworkMethod.invokeExplosively(FrameworkMethod.java:56)
	at org.junit.internal.runners.statements.InvokeMethod.evaluate(InvokeMethod.java:17)
	at org.junit.internal.runners.statements.RunAfters.evaluate(RunAfters.java:27)
	at org.junit.internal.runners.statements.FailOnTimeout$CallableStatement.call(FailOnTimeout.java:299)
	at org.junit.internal.runners.statements.FailOnTimeout$CallableStatement.call(FailOnTimeout.java:293)
	at java.base/java.util.concurrent.FutureTask.run(FutureTask.java:264)
	at java.base/java.lang.Thread.run(Thread.java:829)
2023-03-17 00:26:11,970 INFO  impl.FollowerState (FollowerState.java:run(143)) - s2@group-08C85AF2C45E-FollowerState: change to CANDIDATE, lastRpcElapsedTime:416026192ns, electionTimeout:411ms
2023-03-17 00:26:11,970 INFO  impl.RoleInfo (RoleInfo.java:shutdownFollowerState(110)) - s2: shutdown s2@group-08C85AF2C45E-FollowerState
2023-03-17 00:26:11,970 INFO  server.RaftServer$Division (RaftServerImpl.java:setRole(329)) - s2@group-08C85AF2C45E: changes role from  FOLLOWER to CANDIDATE at term 0 for changeToCandidate
2023-03-17 00:26:11,970 INFO  server.RaftServerConfigKeys (ConfUtils.java:logGet(46)) - raft.server.leaderelection.pre-vote = true (default)
2023-03-17 00:26:11,970 INFO  impl.RoleInfo (RoleInfo.java:updateAndGet(139)) - s2: start s2@group-08C85AF2C45E-LeaderElection13
2023-03-17 00:26:11,971 INFO  impl.LeaderElection (LeaderElection.java:askForVotes(320)) - s2@group-08C85AF2C45E-LeaderElection13 PRE_VOTE round 0: submit vote requests at term 0 for -1: peers:[s3|rpc:0.0.0.0:36277|dataStream:|priority:0|startupRole:FOLLOWER, s14|rpc:0.0.0.0:36477|dataStream:|priority:0|startupRole:FOLLOWER, s2|rpc:0.0.0.0:39635|dataStream:|priority:0|startupRole:FOLLOWER]|listeners:[], old=null
2023-03-17 00:26:11,972 INFO  server.RaftServerConfigKeys (ConfUtils.java:logFallback(53)) - raft.server.rpc.first-election.timeout.min = 300ms (fallback to raft.server.rpc.timeout.min)
2023-03-17 00:26:11,972 INFO  server.RaftServerConfigKeys (ConfUtils.java:logFallback(53)) - raft.server.rpc.first-election.timeout.max = 600ms (fallback to raft.server.rpc.timeout.max)
2023-03-17 00:26:11,973 INFO  logging.LoggingHandler (AbstractInternalLogger.java:log(148)) - [id: 0x051b97c8, L:/0.0.0.0:36477] READ: [id: 0x59cdd784, L:/10.1.0.17:36477 - R:/10.1.0.17:35704]
2023-03-17 00:26:11,982 INFO  logging.LoggingHandler (AbstractInternalLogger.java:log(148)) - [id: 0x051b97c8, L:/0.0.0.0:36477] READ COMPLETE
2023-03-17 00:26:11,983 INFO  server.RaftServer$Division (RaftServerImpl.java:requestVote(1303)) - s14@group-08C85AF2C45E: receive requestVote(PRE_VOTE, s2, group-08C85AF2C45E, 0, (t:0, i:0))
2023-03-17 00:26:11,983 INFO  impl.VoteContext (VoteContext.java:log(49)) - s14@group-08C85AF2C45E-FOLLOWER: accept PRE_VOTE from s2: our priority 0 <= candidate's priority 0
2023-03-17 00:26:11,983 INFO  server.RaftServer$Division (RaftServerImpl.java:requestVote(1336)) - s14@group-08C85AF2C45E replies to PRE_VOTE vote request: s2<-s14#0:OK-t0. Peer's state: s14@group-08C85AF2C45E:t0, leader=null, voted=, raftlog=Memoized:s14@group-08C85AF2C45E-SegmentedRaftLog:OPENED:c-1, conf=-1: peers:[s3|rpc:0.0.0.0:36277|dataStream:|priority:0|startupRole:FOLLOWER, s14|rpc:0.0.0.0:36477|dataStream:|priority:0|startupRole:FOLLOWER, s2|rpc:0.0.0.0:39635|dataStream:|priority:0|startupRole:FOLLOWER]|listeners:[], old=null
2023-03-17 00:26:11,984 INFO  impl.LeaderElection (LeaderElection.java:logAndReturn(89)) - s2@group-08C85AF2C45E-LeaderElection13: PRE_VOTE PASSED received 1 response(s) and 0 exception(s):
2023-03-17 00:26:11,984 INFO  impl.LeaderElection (LeaderElection.java:logAndReturn(93)) -   Response 0: s2<-s14#0:OK-t0
2023-03-17 00:26:11,984 INFO  impl.LeaderElection (LeaderElection.java:askForVotes(322)) - s2@group-08C85AF2C45E-LeaderElection13 PRE_VOTE round 0: result PASSED
2023-03-17 00:26:11,986 INFO  impl.LeaderElection (LeaderElection.java:askForVotes(320)) - s2@group-08C85AF2C45E-LeaderElection13 ELECTION round 0: submit vote requests at term 1 for -1: peers:[s3|rpc:0.0.0.0:36277|dataStream:|priority:0|startupRole:FOLLOWER, s14|rpc:0.0.0.0:36477|dataStream:|priority:0|startupRole:FOLLOWER, s2|rpc:0.0.0.0:39635|dataStream:|priority:0|startupRole:FOLLOWER]|listeners:[], old=null
2023-03-17 00:26:11,987 INFO  logging.LoggingHandler (AbstractInternalLogger.java:log(148)) - [id: 0x537f870e, L:/0.0.0.0:36277] READ: [id: 0xc1a30e1f, L:/10.1.0.17:36277 - R:/10.1.0.17:34244]
2023-03-17 00:26:11,990 INFO  server.RaftServerConfigKeys (ConfUtils.java:logFallback(53)) - raft.server.rpc.first-election.timeout.min = 300ms (fallback to raft.server.rpc.timeout.min)
2023-03-17 00:26:11,990 INFO  server.RaftServerConfigKeys (ConfUtils.java:logFallback(53)) - raft.server.rpc.first-election.timeout.max = 600ms (fallback to raft.server.rpc.timeout.max)
2023-03-17 00:26:11,991 INFO  logging.LoggingHandler (AbstractInternalLogger.java:log(148)) - [id: 0x537f870e, L:/0.0.0.0:36277] READ COMPLETE
2023-03-17 00:26:11,997 INFO  server.RaftServer$Division (RaftServerImpl.java:requestVote(1303)) - s14@group-08C85AF2C45E: receive requestVote(ELECTION, s2, group-08C85AF2C45E, 1, (t:0, i:0))
2023-03-17 00:26:11,997 INFO  impl.VoteContext (VoteContext.java:log(49)) - s14@group-08C85AF2C45E-FOLLOWER: accept ELECTION from s2: our priority 0 <= candidate's priority 0
2023-03-17 00:26:11,997 INFO  server.RaftServer$Division (RaftServerImpl.java:setRole(329)) - s14@group-08C85AF2C45E: changes role from  FOLLOWER to FOLLOWER at term 1 for candidate:s2
2023-03-17 00:26:11,997 INFO  impl.RoleInfo (RoleInfo.java:shutdownFollowerState(110)) - s14: shutdown s14@group-08C85AF2C45E-FollowerState
2023-03-17 00:26:11,997 INFO  impl.RoleInfo (RoleInfo.java:updateAndGet(139)) - s14: start s14@group-08C85AF2C45E-FollowerState
2023-03-17 00:26:11,998 INFO  impl.FollowerState (FollowerState.java:run(152)) - s14@group-08C85AF2C45E-FollowerState was interrupted
2023-03-17 00:26:11,999 INFO  server.RaftServer$Division (RaftServerImpl.java:requestVote(1303)) - s3@group-08C85AF2C45E: receive requestVote(PRE_VOTE, s2, group-08C85AF2C45E, 0, (t:0, i:0))
2023-03-17 00:26:11,999 INFO  impl.VoteContext (VoteContext.java:log(49)) - s3@group-08C85AF2C45E-FOLLOWER: accept PRE_VOTE from s2: our priority 0 <= candidate's priority 0
2023-03-17 00:26:12,001 INFO  server.RaftServer$Division (RaftServerImpl.java:requestVote(1336)) - s3@group-08C85AF2C45E replies to PRE_VOTE vote request: s2<-s3#0:OK-t0. Peer's state: s3@group-08C85AF2C45E:t0, leader=null, voted=, raftlog=Memoized:s3@group-08C85AF2C45E-SegmentedRaftLog:OPENED:c-1, conf=-1: peers:[s3|rpc:0.0.0.0:36277|dataStream:|priority:0|startupRole:FOLLOWER, s14|rpc:0.0.0.0:36477|dataStream:|priority:0|startupRole:FOLLOWER, s2|rpc:0.0.0.0:39635|dataStream:|priority:0|startupRole:FOLLOWER]|listeners:[], old=null
2023-03-17 00:26:12,003 INFO  server.RaftServerConfigKeys (ConfUtils.java:logFallback(53)) - raft.server.rpc.first-election.timeout.min = 300ms (fallback to raft.server.rpc.timeout.min)
2023-03-17 00:26:12,003 INFO  server.RaftServer$Division (RaftServerImpl.java:requestVote(1303)) - s3@group-08C85AF2C45E: receive requestVote(ELECTION, s2, group-08C85AF2C45E, 1, (t:0, i:0))
2023-03-17 00:26:12,004 INFO  server.RaftServer$Division (RaftServerImpl.java:requestVote(1336)) - s14@group-08C85AF2C45E replies to ELECTION vote request: s2<-s14#0:OK-t1. Peer's state: s14@group-08C85AF2C45E:t1, leader=null, voted=s2, raftlog=Memoized:s14@group-08C85AF2C45E-SegmentedRaftLog:OPENED:c-1, conf=-1: peers:[s3|rpc:0.0.0.0:36277|dataStream:|priority:0|startupRole:FOLLOWER, s14|rpc:0.0.0.0:36477|dataStream:|priority:0|startupRole:FOLLOWER, s2|rpc:0.0.0.0:39635|dataStream:|priority:0|startupRole:FOLLOWER]|listeners:[], old=null
2023-03-17 00:26:12,005 INFO  impl.VoteContext (VoteContext.java:log(49)) - s3@group-08C85AF2C45E-FOLLOWER: accept ELECTION from s2: our priority 0 <= candidate's priority 0
2023-03-17 00:26:12,006 INFO  server.RaftServer$Division (RaftServerImpl.java:setRole(329)) - s3@group-08C85AF2C45E: changes role from  FOLLOWER to FOLLOWER at term 1 for candidate:s2
2023-03-17 00:26:12,009 INFO  impl.RoleInfo (RoleInfo.java:shutdownFollowerState(110)) - s3: shutdown s3@group-08C85AF2C45E-FollowerState
2023-03-17 00:26:12,009 INFO  impl.RoleInfo (RoleInfo.java:updateAndGet(139)) - s3: start s3@group-08C85AF2C45E-FollowerState
2023-03-17 00:26:12,006 INFO  server.RaftServerConfigKeys (ConfUtils.java:logFallback(53)) - raft.server.rpc.first-election.timeout.max = 600ms (fallback to raft.server.rpc.timeout.max)
2023-03-17 00:26:12,005 INFO  impl.LeaderElection (LeaderElection.java:logAndReturn(89)) - s2@group-08C85AF2C45E-LeaderElection13: ELECTION PASSED received 1 response(s) and 0 exception(s):
2023-03-17 00:26:12,009 INFO  impl.LeaderElection (LeaderElection.java:logAndReturn(93)) -   Response 0: s2<-s14#0:OK-t1
2023-03-17 00:26:12,010 INFO  impl.LeaderElection (LeaderElection.java:askForVotes(322)) - s2@group-08C85AF2C45E-LeaderElection13 ELECTION round 0: result PASSED
2023-03-17 00:26:12,010 INFO  impl.RoleInfo (RoleInfo.java:shutdownLeaderElection(130)) - s2: shutdown s2@group-08C85AF2C45E-LeaderElection13
2023-03-17 00:26:12,010 INFO  server.RaftServer$Division (RaftServerImpl.java:setRole(329)) - s2@group-08C85AF2C45E: changes role from CANDIDATE to LEADER at term 1 for changeToLeader
2023-03-17 00:26:12,010 INFO  server.RaftServer$Division (ServerState.java:setLeader(260)) - s2@group-08C85AF2C45E: change Leader from null to s2 at term 1 for becomeLeader, leader elected after 486ms
2023-03-17 00:26:12,010 INFO  server.RaftServerConfigKeys (ConfUtils.java:logGet(46)) - raft.server.staging.catchup.gap = 1000 (default)
2023-03-17 00:26:12,010 INFO  server.RaftServerConfigKeys (ConfUtils.java:logGet(46)) - raft.server.write.element-limit = 4096 (default)
2023-03-17 00:26:12,010 INFO  server.RaftServerConfigKeys (ConfUtils.java:logGet(46)) - raft.server.write.byte-limit = 64MB (=67108864) (default)
2023-03-17 00:26:12,010 INFO  server.RaftServerConfigKeys (ConfUtils.java:logGet(46)) - raft.server.watch.timeout = 10s (default)
2023-03-17 00:26:12,010 INFO  server.RaftServerConfigKeys (ConfUtils.java:logGet(46)) - raft.server.watch.timeout.denomination = 1s (default)
2023-03-17 00:26:12,010 INFO  server.RaftServerConfigKeys (ConfUtils.java:logGet(46)) - raft.server.watch.element-limit = 65536 (default)
2023-03-17 00:26:12,010 INFO  server.RaftServerConfigKeys (ConfUtils.java:logGet(46)) - raft.server.write.element-limit = 4096 (default)
2023-03-17 00:26:12,010 INFO  server.RaftServerConfigKeys (ConfUtils.java:logGet(46)) - raft.server.write.follower.gap.ratio.max = -1.0 (default)
2023-03-17 00:26:12,011 INFO  server.RaftServerConfigKeys (ConfUtils.java:logGet(46)) - raft.server.log.appender.snapshot.chunk.size.max = 16MB (=16777216) (default)
2023-03-17 00:26:12,011 INFO  server.RaftServerConfigKeys (ConfUtils.java:logGet(46)) - raft.server.log.appender.buffer.byte-limit = 4MB (=4194304) (default)
2023-03-17 00:26:12,011 INFO  server.RaftServerConfigKeys (ConfUtils.java:logGet(46)) - raft.server.log.appender.buffer.element-limit = 0 (default)
2023-03-17 00:26:12,011 INFO  server.RaftServerConfigKeys (ConfUtils.java:logGet(46)) - raft.server.log.appender.wait-time.min = 10ms (default)
2023-03-17 00:26:12,011 INFO  server.RaftServerConfigKeys (ConfUtils.java:logGet(46)) - raft.server.log.appender.snapshot.chunk.size.max = 16MB (=16777216) (default)
2023-03-17 00:26:12,011 INFO  server.RaftServerConfigKeys (ConfUtils.java:logGet(46)) - raft.server.log.appender.buffer.byte-limit = 4MB (=4194304) (default)
2023-03-17 00:26:12,011 INFO  server.RaftServerConfigKeys (ConfUtils.java:logGet(46)) - raft.server.log.appender.buffer.element-limit = 0 (default)
2023-03-17 00:26:12,011 INFO  server.RaftServerConfigKeys (ConfUtils.java:logGet(46)) - raft.server.log.appender.wait-time.min = 10ms (default)
2023-03-17 00:26:12,011 INFO  impl.RoleInfo (RoleInfo.java:updateAndGet(139)) - s2: start s2@group-08C85AF2C45E-LeaderStateImpl
2023-03-17 00:26:12,012 INFO  segmented.SegmentedRaftLogWorker (SegmentedRaftLogWorker.java:startLogSegment(426)) - s2@group-08C85AF2C45E-SegmentedRaftLogWorker: Starting segment from index:0
2023-03-17 00:26:12,009 INFO  impl.FollowerState (FollowerState.java:run(152)) - s3@group-08C85AF2C45E-FollowerState was interrupted
2023-03-17 00:26:12,011 INFO  server.RaftServer$Division (RaftServerImpl.java:requestVote(1336)) - s3@group-08C85AF2C45E replies to ELECTION vote request: s2<-s3#0:OK-t1. Peer's state: s3@group-08C85AF2C45E:t1, leader=null, voted=s2, raftlog=Memoized:s3@group-08C85AF2C45E-SegmentedRaftLog:OPENED:c-1, conf=-1: peers:[s3|rpc:0.0.0.0:36277|dataStream:|priority:0|startupRole:FOLLOWER, s14|rpc:0.0.0.0:36477|dataStream:|priority:0|startupRole:FOLLOWER, s2|rpc:0.0.0.0:39635|dataStream:|priority:0|startupRole:FOLLOWER]|listeners:[], old=null
2023-03-17 00:26:12,017 INFO  server.RaftServerConfigKeys (ConfUtils.java:logFallback(53)) - raft.server.rpc.first-election.timeout.min = 300ms (fallback to raft.server.rpc.timeout.min)
2023-03-17 00:26:12,017 INFO  server.RaftServerConfigKeys (ConfUtils.java:logFallback(53)) - raft.server.rpc.first-election.timeout.max = 600ms (fallback to raft.server.rpc.timeout.max)
2023-03-17 00:26:12,018 INFO  server.RaftServer$Division (ServerState.java:setLeader(260)) - s3@group-08C85AF2C45E: change Leader from null to s2 at term 1 for appendEntries, leader elected after 407ms
2023-03-17 00:26:12,022 INFO  server.RaftServer$Division (ServerState.java:setLeader(260)) - s14@group-08C85AF2C45E: change Leader from null to s2 at term 1 for appendEntries, leader elected after 561ms
2023-03-17 00:26:12,026 INFO  segmented.SegmentedRaftLogWorker (SegmentedRaftLogWorker.java:execute(630)) - s2@group-08C85AF2C45E-SegmentedRaftLogWorker: created new log segment /home/runner/work/ratis/ratis/ratis-examples/target/test/data/9a3b15da/MiniRaftClusterWithNettyce94e709/s2/5fee4758-8350-41ed-b228-08c85af2c45e/current/log_inprogress_0
2023-03-17 00:26:12,030 INFO  server.RaftServer$Division (ServerState.java:setRaftConf(378)) - s2@group-08C85AF2C45E: set configuration 0: peers:[s3|rpc:0.0.0.0:36277|dataStream:|priority:0|startupRole:FOLLOWER, s14|rpc:0.0.0.0:36477|dataStream:|priority:0|startupRole:FOLLOWER, s2|rpc:0.0.0.0:39635|dataStream:|priority:0|startupRole:FOLLOWER]|listeners:[], old=null
2023-03-17 00:26:12,032 DEBUG server.RaftServer$Division (RaftServerImpl.java:logAppendEntries(1430)) - s3@group-08C85AF2C45E: receive appendEntries(s2, 1, null, -1, true, commits:[s2:c-1, s3:c-1, s14:c-1], cId:5553, entries: [(t:1, i:0), CONFIGURATIONENTRY(current:id: "s3"
address: "0.0.0.0:36277"
clientAddress: "0.0.0.0:36277"
adminAddress: "0.0.0.0:36277"
startupRole: FOLLOWER
,id: "s14"
address: "0.0.0.0:36477"
clientAddress: "0.0.0.0:36477"
adminAddress: "0.0.0.0:36477"
startupRole: FOLLOWER
,id: "s2"
address: "0.0.0.0:39635"
clientAddress: "0.0.0.0:39635"
adminAddress: "0.0.0.0:39635"
startupRole: FOLLOWER
, old:)]
2023-03-17 00:26:12,034 INFO  server.RaftServer$Division (ServerState.java:setRaftConf(378)) - s3@group-08C85AF2C45E: set configuration 0: peers:[s3|rpc:0.0.0.0:36277|dataStream:|priority:0|startupRole:FOLLOWER, s14|rpc:0.0.0.0:36477|dataStream:|priority:0|startupRole:FOLLOWER, s2|rpc:0.0.0.0:39635|dataStream:|priority:0|startupRole:FOLLOWER]|listeners:[], old=null
2023-03-17 00:26:12,034 INFO  segmented.SegmentedRaftLogWorker (SegmentedRaftLogWorker.java:startLogSegment(426)) - s3@group-08C85AF2C45E-SegmentedRaftLogWorker: Starting segment from index:0
2023-03-17 00:26:12,039 DEBUG server.RaftServer$Division (RaftServerImpl.java:logAppendEntries(1430)) - s14@group-08C85AF2C45E: receive appendEntries(s2, 1, null, -1, true, commits:[s2:c-1, s3:c-1, s14:c-1], cId:5554, entries: [(t:1, i:0), CONFIGURATIONENTRY(current:id: "s3"
address: "0.0.0.0:36277"
clientAddress: "0.0.0.0:36277"
adminAddress: "0.0.0.0:36277"
startupRole: FOLLOWER
,id: "s14"
address: "0.0.0.0:36477"
clientAddress: "0.0.0.0:36477"
adminAddress: "0.0.0.0:36477"
startupRole: FOLLOWER
,id: "s2"
address: "0.0.0.0:39635"
clientAddress: "0.0.0.0:39635"
adminAddress: "0.0.0.0:39635"
startupRole: FOLLOWER
, old:)]
2023-03-17 00:26:12,039 INFO  server.RaftServer$Division (ServerState.java:setRaftConf(378)) - s14@group-08C85AF2C45E: set configuration 0: peers:[s3|rpc:0.0.0.0:36277|dataStream:|priority:0|startupRole:FOLLOWER, s14|rpc:0.0.0.0:36477|dataStream:|priority:0|startupRole:FOLLOWER, s2|rpc:0.0.0.0:39635|dataStream:|priority:0|startupRole:FOLLOWER]|listeners:[], old=null
2023-03-17 00:26:12,040 INFO  segmented.SegmentedRaftLogWorker (SegmentedRaftLogWorker.java:startLogSegment(426)) - s14@group-08C85AF2C45E-SegmentedRaftLogWorker: Starting segment from index:0
2023-03-17 00:26:12,054 INFO  segmented.SegmentedRaftLogWorker (SegmentedRaftLogWorker.java:execute(630)) - s3@group-08C85AF2C45E-SegmentedRaftLogWorker: created new log segment /home/runner/work/ratis/ratis/ratis-examples/target/test/data/9a3b15da/MiniRaftClusterWithNettyce94e709/s3/5fee4758-8350-41ed-b228-08c85af2c45e/current/log_inprogress_0
2023-03-17 00:26:12,055 INFO  segmented.SegmentedRaftLogWorker (SegmentedRaftLogWorker.java:execute(630)) - s14@group-08C85AF2C45E-SegmentedRaftLogWorker: created new log segment /home/runner/work/ratis/ratis/ratis-examples/target/test/data/9a3b15da/MiniRaftClusterWithNettyce94e709/s14/5fee4758-8350-41ed-b228-08c85af2c45e/current/log_inprogress_0
2023-03-17 00:26:12,055 DEBUG server.RaftServer$Division (RaftServerImpl.java:logAppendEntries(1430)) - s3@group-08C85AF2C45E: succeeded to handle AppendEntries. Reply: s2<-s3#5553:OK-t1,SUCCESS,nextIndex=1,followerCommit=-1,matchIndex=0
2023-03-17 00:26:12,055 DEBUG server.RaftServer$Division (RaftServerImpl.java:logAppendEntries(1430)) - s14@group-08C85AF2C45E: succeeded to handle AppendEntries. Reply: s2<-s14#5554:OK-t1,SUCCESS,nextIndex=1,followerCommit=-1,matchIndex=0
2023-03-17 00:26:12,567 INFO  ratis.RaftTestUtil (RaftTestUtil.java:waitForLeader(119)) - printing group-08C85AF2C45E
  s3:  RUNNING [
   FOLLOWER s3@group-08C85AF2C45E:t1, leader=s2, voted=s2, raftlog=Memoized:s3@group-08C85AF2C45E-SegmentedRaftLog:OPENED:c0, conf=0: peers:[s3|rpc:0.0.0.0:36277|dataStream:|priority:0|startupRole:FOLLOWER, s14|rpc:0.0.0.0:36477|dataStream:|priority:0|startupRole:FOLLOWER, s2|rpc:0.0.0.0:39635|dataStream:|priority:0|startupRole:FOLLOWER]|listeners:[], old=null RUNNING
   FOLLOWER s3@group-38FE90E113AE:t0, leader=null, voted=, raftlog=Memoized:s3@group-38FE90E113AE-SegmentedRaftLog:OPENED:c-1, conf=-1: peers:[]|listeners:[], old=null STARTING] size=2
  s14:  RUNNING [
   FOLLOWER s14@group-08C85AF2C45E:t1, leader=s2, voted=s2, raftlog=Memoized:s14@group-08C85AF2C45E-SegmentedRaftLog:OPENED:c0, conf=0: peers:[s3|rpc:0.0.0.0:36277|dataStream:|priority:0|startupRole:FOLLOWER, s14|rpc:0.0.0.0:36477|dataStream:|priority:0|startupRole:FOLLOWER, s2|rpc:0.0.0.0:39635|dataStream:|priority:0|startupRole:FOLLOWER]|listeners:[], old=null RUNNING
   FOLLOWER s14@group-38FE90E113AE:t0, leader=null, voted=, raftlog=Memoized:s14@group-38FE90E113AE-SegmentedRaftLog:OPENED:c-1, conf=-1: peers:[]|listeners:[], old=null STARTING] size=2
  s2:  RUNNING [
     LEADER s2@group-08C85AF2C45E:t1, leader=s2, voted=s2, raftlog=Memoized:s2@group-08C85AF2C45E-SegmentedRaftLog:OPENED:c0, conf=0: peers:[s3|rpc:0.0.0.0:36277|dataStream:|priority:0|startupRole:FOLLOWER, s14|rpc:0.0.0.0:36477|dataStream:|priority:0|startupRole:FOLLOWER, s2|rpc:0.0.0.0:39635|dataStream:|priority:0|startupRole:FOLLOWER]|listeners:[], old=null RUNNING
   FOLLOWER s2@group-38FE90E113AE:t0, leader=null, voted=, raftlog=Memoized:s2@group-38FE90E113AE-SegmentedRaftLog:OPENED:c-1, conf=-1: peers:[]|listeners:[], old=null STARTING] size=2
2023-03-17 00:26:12,570 INFO  logging.LoggingHandler (AbstractInternalLogger.java:log(148)) - [id: 0x537f870e, L:/0.0.0.0:36277] READ: [id: 0x989e4a61, L:/10.1.0.17:36277 - R:/10.1.0.17:34246]
2023-03-17 00:26:12,570 INFO  logging.LoggingHandler (AbstractInternalLogger.java:log(148)) - [id: 0x537f870e, L:/0.0.0.0:36277] READ COMPLETE
2023-03-17 00:26:12,571 DEBUG server.RaftServer$Division (RaftServerImpl.java:submitClientRequestAsync(835)) - s3@group-08C85AF2C45E: receive client request(RaftClientRequest:client-D0569DAC76C3->s3@group-08C85AF2C45E, cid=5599, seq=0, RW, Message:01016102404580000000...(size=12))
2023-03-17 00:26:12,675 INFO  logging.LoggingHandler (AbstractInternalLogger.java:log(148)) - [id: 0x673f0f41, L:/0.0.0.0:39635] READ: [id: 0xdbd425f3, L:/10.1.0.17:39635 - R:/10.1.0.17:49318]
2023-03-17 00:26:12,675 INFO  logging.LoggingHandler (AbstractInternalLogger.java:log(148)) - [id: 0x673f0f41, L:/0.0.0.0:39635] READ COMPLETE
2023-03-17 00:26:12,676 DEBUG server.RaftServer$Division (RaftServerImpl.java:submitClientRequestAsync(835)) - s2@group-08C85AF2C45E: receive client request(RaftClientRequest:client-D0569DAC76C3->s2@group-08C85AF2C45E, cid=5599, seq=0, RW, Message:01016102404580000000...(size=12))
2023-03-17 00:26:12,677 DEBUG server.RaftServer$Division (LeaderStateImpl.java:addPendingRequest(474)) - s2@group-08C85AF2C45E-LeaderStateImpl: addPendingRequest at RaftClientRequest:client-D0569DAC76C3->s2@group-08C85AF2C45E, cid=5599, seq=0, RW, Message:01016102404580000000...(size=12), entry=(t:1, i:1), STATEMACHINELOGENTRY, 5599@client-D0569DAC76C3
2023-03-17 00:26:12,677 DEBUG server.RaftServer$Division (RaftServerImpl.java:logAppendEntries(1430)) - s3@group-08C85AF2C45E: receive appendEntries(s2, 1, (t:1, i:0), 0, true, commits:[s2:c0, s3:c0, s14:c0], cId:5612, entries: [(t:1, i:1), STATEMACHINELOGENTRY, 5599@client-D0569DAC76C3]
2023-03-17 00:26:12,678 DEBUG server.RaftServer$Division (RaftServerImpl.java:logAppendEntries(1430)) - s3@group-08C85AF2C45E: succeeded to handle AppendEntries. Reply: s2<-s3#5612:OK-t1,SUCCESS,nextIndex=2,followerCommit=0,matchIndex=1
2023-03-17 00:26:12,678 DEBUG server.RaftServer$Division (RaftServerImpl.java:logAppendEntries(1430)) - s14@group-08C85AF2C45E: receive appendEntries(s2, 1, (t:1, i:0), 0, true, commits:[s2:c0, s3:c0, s14:c0], cId:5613, entries: [(t:1, i:1), STATEMACHINELOGENTRY, 5599@client-D0569DAC76C3]
2023-03-17 00:26:12,678 INFO  statemachine.StateMachine (ArithmeticStateMachine.java:applyTransaction(182)) - LEADER:s2-1: a = 43 = 43
2023-03-17 00:26:12,678 DEBUG server.RaftServer$Division (RaftServerImpl.java:logAppendEntries(1430)) - s14@group-08C85AF2C45E: succeeded to handle AppendEntries. Reply: s2<-s14#5613:OK-t1,SUCCESS,nextIndex=2,followerCommit=0,matchIndex=1
2023-03-17 00:26:12,679 DEBUG server.RaftServer$Division (RaftServerImpl.java:logAppendEntries(1430)) - s3@group-08C85AF2C45E: receive appendEntries(s2, 1, (t:1, i:1), 1, true, commits:[s2:c1, s3:c0, s14:c0], cId:5614, entries: [(t:1, i:2), METADATAENTRY(c:1)]
2023-03-17 00:26:12,680 DEBUG server.RaftServer$Division (RaftServerImpl.java:logAppendEntries(1430)) - s14@group-08C85AF2C45E: receive appendEntries(s2, 1, (t:1, i:1), 1, true, commits:[s2:c1, s3:c0, s14:c0], cId:5615, entries: [(t:1, i:2), METADATAENTRY(c:1)]
2023-03-17 00:26:12,680 DEBUG server.RaftServer$Division (RaftServerImpl.java:submitClientRequestAsync(835)) - s2@group-08C85AF2C45E: receive client request(RaftClientRequest:client-D0569DAC76C3->s2@group-08C85AF2C45E, cid=5616, seq=0, RW, Message:01016202408ce0000000...(size=12))
2023-03-17 00:26:12,680 DEBUG server.RaftServer$Division (RaftServerImpl.java:logAppendEntries(1430)) - s3@group-08C85AF2C45E: succeeded to handle AppendEntries. Reply: s2<-s3#5614:OK-t1,SUCCESS,nextIndex=3,followerCommit=1,matchIndex=2
2023-03-17 00:26:12,680 DEBUG server.RaftServer$Division (LeaderStateImpl.java:addPendingRequest(474)) - s2@group-08C85AF2C45E-LeaderStateImpl: addPendingRequest at RaftClientRequest:client-D0569DAC76C3->s2@group-08C85AF2C45E, cid=5616, seq=0, RW, Message:01016202408ce0000000...(size=12), entry=(t:1, i:3), STATEMACHINELOGENTRY, 5616@client-D0569DAC76C3
2023-03-17 00:26:12,680 DEBUG server.RaftServer$Division (RaftServerImpl.java:logAppendEntries(1430)) - s14@group-08C85AF2C45E: succeeded to handle AppendEntries. Reply: s2<-s14#5615:OK-t1,SUCCESS,nextIndex=3,followerCommit=1,matchIndex=2
2023-03-17 00:26:12,681 DEBUG server.RaftServer$Division (RaftServerImpl.java:logAppendEntries(1430)) - s14@group-08C85AF2C45E: receive appendEntries(s2, 1, (t:1, i:2), 2, true, commits:[s2:c2, s3:c0, s14:c1], cId:5617, entries: [(t:1, i:3), STATEMACHINELOGENTRY, 5616@client-D0569DAC76C3]
2023-03-17 00:26:12,682 DEBUG server.RaftServer$Division (RaftServerImpl.java:logAppendEntries(1430)) - s3@group-08C85AF2C45E: receive appendEntries(s2, 1, (t:1, i:2), 2, true, commits:[s2:c2, s3:c1, s14:c1], cId:5618, entries: [(t:1, i:3), STATEMACHINELOGENTRY, 5616@client-D0569DAC76C3]
2023-03-17 00:26:12,685 DEBUG server.RaftServer$Division (RaftServerImpl.java:logAppendEntries(1430)) - s14@group-08C85AF2C45E: succeeded to handle AppendEntries. Reply: s2<-s14#5617:OK-t1,SUCCESS,nextIndex=4,followerCommit=2,matchIndex=3
2023-03-17 00:26:12,685 DEBUG server.RaftServer$Division (RaftServerImpl.java:logAppendEntries(1430)) - s3@group-08C85AF2C45E: succeeded to handle AppendEntries. Reply: s2<-s3#5618:OK-t1,SUCCESS,nextIndex=4,followerCommit=2,matchIndex=3
2023-03-17 00:26:12,685 INFO  statemachine.StateMachine (ArithmeticStateMachine.java:applyTransaction(182)) - LEADER:s2-3: b = 924 = 924
2023-03-17 00:26:12,686 DEBUG server.RaftServer$Division (RaftServerImpl.java:logAppendEntries(1430)) - s14@group-08C85AF2C45E: receive appendEntries(s2, 1, (t:1, i:3), 3, true, commits:[s2:c3, s3:c1, s14:c2], cId:5619, entries: [(t:1, i:4), METADATAENTRY(c:3)]
2023-03-17 00:26:12,687 DEBUG server.RaftServer$Division (RaftServerImpl.java:logAppendEntries(1430)) - s3@group-08C85AF2C45E: receive appendEntries(s2, 1, (t:1, i:3), 3, true, commits:[s2:c3, s3:c2, s14:c2], cId:5620, entries: [(t:1, i:4), METADATAENTRY(c:3)]
2023-03-17 00:26:12,687 DEBUG server.RaftServer$Division (RaftServerImpl.java:submitClientRequestAsync(835)) - s2@group-08C85AF2C45E: receive client request(RaftClientRequest:client-D0569DAC76C3->s2@group-08C85AF2C45E, cid=5621, seq=0, RW, Message:01016304010300040201...(size=17))
2023-03-17 00:26:12,687 DEBUG server.RaftServer$Division (RaftServerImpl.java:logAppendEntries(1430)) - s3@group-08C85AF2C45E: succeeded to handle AppendEntries. Reply: s2<-s3#5620:OK-t1,SUCCESS,nextIndex=5,followerCommit=3,matchIndex=4
2023-03-17 00:26:12,687 DEBUG server.RaftServer$Division (RaftServerImpl.java:logAppendEntries(1430)) - s14@group-08C85AF2C45E: succeeded to handle AppendEntries. Reply: s2<-s14#5619:OK-t1,SUCCESS,nextIndex=5,followerCommit=3,matchIndex=4
2023-03-17 00:26:12,688 DEBUG server.RaftServer$Division (LeaderStateImpl.java:addPendingRequest(474)) - s2@group-08C85AF2C45E-LeaderStateImpl: addPendingRequest at RaftClientRequest:client-D0569DAC76C3->s2@group-08C85AF2C45E, cid=5621, seq=0, RW, Message:01016304010300040201...(size=17), entry=(t:1, i:5), STATEMACHINELOGENTRY, 5621@client-D0569DAC76C3
2023-03-17 00:26:12,689 DEBUG server.RaftServer$Division (RaftServerImpl.java:logAppendEntries(1430)) - s3@group-08C85AF2C45E: receive appendEntries(s2, 1, (t:1, i:4), 4, true, commits:[s2:c4, s3:c3, s14:c2], cId:5622, entries: [(t:1, i:5), STATEMACHINELOGENTRY, 5621@client-D0569DAC76C3]
2023-03-17 00:26:12,690 DEBUG server.RaftServer$Division (RaftServerImpl.java:logAppendEntries(1430)) - s14@group-08C85AF2C45E: receive appendEntries(s2, 1, (t:1, i:4), 4, true, commits:[s2:c4, s3:c3, s14:c3], cId:5623, entries: [(t:1, i:5), STATEMACHINELOGENTRY, 5621@client-D0569DAC76C3]
2023-03-17 00:26:12,690 DEBUG server.RaftServer$Division (RaftServerImpl.java:logAppendEntries(1430)) - s3@group-08C85AF2C45E: succeeded to handle AppendEntries. Reply: s2<-s3#5622:OK-t1,SUCCESS,nextIndex=6,followerCommit=4,matchIndex=5
2023-03-17 00:26:12,691 INFO  statemachine.StateMachine (ArithmeticStateMachine.java:applyTransaction(182)) - LEADER:s2-5: c = √(a^2 + b^2) = 925
2023-03-17 00:26:12,691 DEBUG server.RaftServer$Division (RaftServerImpl.java:logAppendEntries(1430)) - s14@group-08C85AF2C45E: succeeded to handle AppendEntries. Reply: s2<-s14#5623:OK-t1,SUCCESS,nextIndex=6,followerCommit=4,matchIndex=5
2023-03-17 00:26:12,692 DEBUG server.RaftServer$Division (RaftServerImpl.java:logAppendEntries(1430)) - s14@group-08C85AF2C45E: receive appendEntries(s2, 1, (t:1, i:5), 5, true, commits:[s2:c5, s3:c4, s14:c4], cId:5625, entries: [(t:1, i:6), METADATAENTRY(c:5)]
2023-03-17 00:26:12,692 DEBUG server.RaftServer$Division (RaftServerImpl.java:logAppendEntries(1430)) - s14@group-08C85AF2C45E: succeeded to handle AppendEntries. Reply: s2<-s14#5625:OK-t1,SUCCESS,nextIndex=7,followerCommit=5,matchIndex=6
2023-03-17 00:26:12,694 DEBUG server.RaftServer$Division (RaftServerImpl.java:logAppendEntries(1430)) - s3@group-08C85AF2C45E: receive appendEntries(s2, 1, (t:1, i:5), 5, true, commits:[s2:c5, s3:c4, s14:c3], cId:5624, entries: [(t:1, i:6), METADATAENTRY(c:5)]
2023-03-17 00:26:12,695 DEBUG server.RaftServer$Division (RaftServerImpl.java:logAppendEntries(1430)) - s3@group-08C85AF2C45E: succeeded to handle AppendEntries. Reply: s2<-s3#5624:OK-t1,SUCCESS,nextIndex=7,followerCommit=5,matchIndex=6
2023-03-17 00:26:12,698 DEBUG server.RaftServer$Division (RaftServerImpl.java:submitClientRequestAsync(835)) - s2@group-08C85AF2C45E: receive client request(RaftClientRequest:client-D0569DAC76C3->s2@group-08C85AF2C45E, cid=5626, seq=0, RW, Message:01016100)
2023-03-17 00:26:12,699 DEBUG server.RaftServer$Division (LeaderStateImpl.java:addPendingRequest(474)) - s2@group-08C85AF2C45E-LeaderStateImpl: addPendingRequest at RaftClientRequest:client-D0569DAC76C3->s2@group-08C85AF2C45E, cid=5626, seq=0, RW, Message:01016100, entry=(t:1, i:7), STATEMACHINELOGENTRY, 5626@client-D0569DAC76C3
2023-03-17 00:26:12,699 DEBUG server.RaftServer$Division (RaftServerImpl.java:logAppendEntries(1430)) - s3@group-08C85AF2C45E: receive appendEntries(s2, 1, (t:1, i:6), 6, true, commits:[s2:c6, s3:c5, s14:c5], cId:5627, entries: [(t:1, i:7), STATEMACHINELOGENTRY, 5626@client-D0569DAC76C3]
2023-03-17 00:26:12,700 DEBUG server.RaftServer$Division (RaftServerImpl.java:logAppendEntries(1430)) - s3@group-08C85AF2C45E: succeeded to handle AppendEntries. Reply: s2<-s3#5627:OK-t1,SUCCESS,nextIndex=8,followerCommit=6,matchIndex=7
2023-03-17 00:26:12,700 DEBUG server.RaftServer$Division (RaftServerImpl.java:logAppendEntries(1430)) - s14@group-08C85AF2C45E: receive appendEntries(s2, 1, (t:1, i:6), 6, true, commits:[s2:c6, s3:c5, s14:c5], cId:5628, entries: [(t:1, i:7), STATEMACHINELOGENTRY, 5626@client-D0569DAC76C3]
2023-03-17 00:26:12,701 INFO  statemachine.StateMachine (ArithmeticStateMachine.java:applyTransaction(182)) - LEADER:s2-7: a = null = null
2023-03-17 00:26:12,701 DEBUG server.RaftServer$Division (RaftServerImpl.java:logAppendEntries(1430)) - s14@group-08C85AF2C45E: succeeded to handle AppendEntries. Reply: s2<-s14#5628:OK-t1,SUCCESS,nextIndex=8,followerCommit=6,matchIndex=7
2023-03-17 00:26:12,702 DEBUG server.RaftServer$Division (RaftServerImpl.java:logAppendEntries(1430)) - s3@group-08C85AF2C45E: receive appendEntries(s2, 1, (t:1, i:7), 7, true, commits:[s2:c7, s3:c6, s14:c5], cId:5629, entries: [(t:1, i:8), METADATAENTRY(c:7)]
2023-03-17 00:26:12,703 DEBUG server.RaftServer$Division (RaftServerImpl.java:logAppendEntries(1430)) - s3@group-08C85AF2C45E: succeeded to handle AppendEntries. Reply: s2<-s3#5629:OK-t1,SUCCESS,nextIndex=9,followerCommit=7,matchIndex=8
2023-03-17 00:26:12,703 DEBUG server.RaftServer$Division (RaftServerImpl.java:submitClientRequestAsync(835)) - s2@group-08C85AF2C45E: receive client request(RaftClientRequest:client-D0569DAC76C3->s2@group-08C85AF2C45E, cid=5630, seq=0, RW, Message:01016200)
2023-03-17 00:26:12,703 DEBUG server.RaftServer$Division (RaftServerImpl.java:logAppendEntries(1430)) - s14@group-08C85AF2C45E: receive appendEntries(s2, 1, (t:1, i:7), 7, true, commits:[s2:c7, s3:c6, s14:c6], cId:5631, entries: [(t:1, i:8), METADATAENTRY(c:7)]
2023-03-17 00:26:12,704 DEBUG server.RaftServer$Division (RaftServerImpl.java:logAppendEntries(1430)) - s14@group-08C85AF2C45E: succeeded to handle AppendEntries. Reply: s2<-s14#5631:OK-t1,SUCCESS,nextIndex=9,followerCommit=7,matchIndex=8
2023-03-17 00:26:12,703 DEBUG server.RaftServer$Division (LeaderStateImpl.java:addPendingRequest(474)) - s2@group-08C85AF2C45E-LeaderStateImpl: addPendingRequest at RaftClientRequest:client-D0569DAC76C3->s2@group-08C85AF2C45E, cid=5630, seq=0, RW, Message:01016200, entry=(t:1, i:9), STATEMACHINELOGENTRY, 5630@client-D0569DAC76C3
2023-03-17 00:26:12,705 DEBUG server.RaftServer$Division (RaftServerImpl.java:logAppendEntries(1430)) - s3@group-08C85AF2C45E: receive appendEntries(s2, 1, (t:1, i:8), 8, true, commits:[s2:c8, s3:c7, s14:c6], cId:5632, entries: [(t:1, i:9), STATEMACHINELOGENTRY, 5630@client-D0569DAC76C3]
2023-03-17 00:26:12,705 DEBUG server.RaftServer$Division (RaftServerImpl.java:logAppendEntries(1430)) - s14@group-08C85AF2C45E: receive appendEntries(s2, 1, (t:1, i:8), 8, true, commits:[s2:c8, s3:c7, s14:c7], cId:5633, entries: [(t:1, i:9), STATEMACHINELOGENTRY, 5630@client-D0569DAC76C3]
2023-03-17 00:26:12,705 DEBUG server.RaftServer$Division (RaftServerImpl.java:logAppendEntries(1430)) - s3@group-08C85AF2C45E: succeeded to handle AppendEntries. Reply: s2<-s3#5632:OK-t1,SUCCESS,nextIndex=10,followerCommit=8,matchIndex=9
2023-03-17 00:26:12,706 INFO  statemachine.StateMachine (ArithmeticStateMachine.java:applyTransaction(182)) - LEADER:s2-9: b = null = null
2023-03-17 00:26:12,706 DEBUG server.RaftServer$Division (RaftServerImpl.java:logAppendEntries(1430)) - s3@group-08C85AF2C45E: receive appendEntries(s2, 1, (t:1, i:9), 9, true, commits:[s2:c9, s3:c8, s14:c7], cId:5634, entries: [(t:1, i:10), METADATAENTRY(c:9)]
2023-03-17 00:26:12,707 DEBUG server.RaftServer$Division (RaftServerImpl.java:logAppendEntries(1430)) - s14@group-08C85AF2C45E: succeeded to handle AppendEntries. Reply: s2<-s14#5633:OK-t1,SUCCESS,nextIndex=10,followerCommit=8,matchIndex=9
2023-03-17 00:26:12,708 DEBUG server.RaftServer$Division (RaftServerImpl.java:logAppendEntries(1430)) - s14@group-08C85AF2C45E: receive appendEntries(s2, 1, (t:1, i:9), 9, true, commits:[s2:c9, s3:c8, s14:c8], cId:5635, entries: [(t:1, i:10), METADATAENTRY(c:9)]
2023-03-17 00:26:12,708 DEBUG server.RaftServer$Division (RaftServerImpl.java:logAppendEntries(1430)) - s3@group-08C85AF2C45E: succeeded to handle AppendEntries. Reply: s2<-s3#5634:OK-t1,SUCCESS,nextIndex=11,followerCommit=9,matchIndex=10
2023-03-17 00:26:12,709 DEBUG server.RaftServer$Division (RaftServerImpl.java:logAppendEntries(1430)) - s14@group-08C85AF2C45E: succeeded to handle AppendEntries. Reply: s2<-s14#5635:OK-t1,SUCCESS,nextIndex=11,followerCommit=9,matchIndex=10
2023-03-17 00:26:12,710 DEBUG server.RaftServer$Division (RaftServerImpl.java:submitClientRequestAsync(835)) - s2@group-08C85AF2C45E: receive client request(RaftClientRequest:client-D0569DAC76C3->s2@group-08C85AF2C45E, cid=5636, seq=0, RW, Message:01016300)
2023-03-17 00:26:12,710 DEBUG server.RaftServer$Division (LeaderStateImpl.java:addPendingRequest(474)) - s2@group-08C85AF2C45E-LeaderStateImpl: addPendingRequest at RaftClientRequest:client-D0569DAC76C3->s2@group-08C85AF2C45E, cid=5636, seq=0, RW, Message:01016300, entry=(t:1, i:11), STATEMACHINELOGENTRY, 5636@client-D0569DAC76C3
2023-03-17 00:26:12,711 DEBUG server.RaftServer$Division (RaftServerImpl.java:logAppendEntries(1430)) - s3@group-08C85AF2C45E: receive appendEntries(s2, 1, (t:1, i:10), 10, true, commits:[s2:c10, s3:c9, s14:c9], cId:5637, entries: [(t:1, i:11), STATEMACHINELOGENTRY, 5636@client-D0569DAC76C3]
2023-03-17 00:26:12,711 DEBUG server.RaftServer$Division (RaftServerImpl.java:logAppendEntries(1430)) - s14@group-08C85AF2C45E: receive appendEntries(s2, 1, (t:1, i:10), 10, true, commits:[s2:c10, s3:c9, s14:c9], cId:5638, entries: [(t:1, i:11), STATEMACHINELOGENTRY, 5636@client-D0569DAC76C3]
2023-03-17 00:26:12,711 DEBUG server.RaftServer$Division (RaftServerImpl.java:logAppendEntries(1430)) - s3@group-08C85AF2C45E: succeeded to handle AppendEntries. Reply: s2<-s3#5637:OK-t1,SUCCESS,nextIndex=12,followerCommit=10,matchIndex=11
2023-03-17 00:26:12,712 INFO  statemachine.StateMachine (ArithmeticStateMachine.java:applyTransaction(182)) - LEADER:s2-11: c = null = null
2023-03-17 00:26:12,712 DEBUG server.RaftServer$Division (RaftServerImpl.java:logAppendEntries(1430)) - s3@group-08C85AF2C45E: receive appendEntries(s2, 1, (t:1, i:11), 11, true, commits:[s2:c11, s3:c10, s14:c9], cId:5639, entries: [(t:1, i:12), METADATAENTRY(c:11)]
2023-03-17 00:26:12,712 DEBUG server.RaftServer$Division (RaftServerImpl.java:submitClientRequestAsync(835)) - s2@group-08C85AF2C45E: receive client request(RaftClientRequest:client-D0569DAC76C3->s2@group-08C85AF2C45E, cid=5640, seq=0, RW, Message:01016102404680000000...(size=12))
2023-03-17 00:26:12,713 DEBUG server.RaftServer$Division (RaftServerImpl.java:logAppendEntries(1430)) - s14@group-08C85AF2C45E: succeeded to handle AppendEntries. Reply: s2<-s14#5638:OK-t1,SUCCESS,nextIndex=12,followerCommit=10,matchIndex=11
2023-03-17 00:26:12,713 DEBUG server.RaftServer$Division (LeaderStateImpl.java:addPendingRequest(474)) - s2@group-08C85AF2C45E-LeaderStateImpl: addPendingRequest at RaftClientRequest:client-D0569DAC76C3->s2@group-08C85AF2C45E, cid=5640, seq=0, RW, Message:01016102404680000000...(size=12), entry=(t:1, i:13), STATEMACHINELOGENTRY, 5640@client-D0569DAC76C3
2023-03-17 00:26:12,714 DEBUG server.RaftServer$Division (RaftServerImpl.java:logAppendEntries(1430)) - s14@group-08C85AF2C45E: receive appendEntries(s2, 1, (t:1, i:11), 11, true, commits:[s2:c11, s3:c10, s14:c10], cId:5641, entries: [(t:1, i:12), METADATAENTRY(c:11), (t:1, i:13), STATEMACHINELOGENTRY, 5640@client-D0569DAC76C3]
2023-03-17 00:26:12,714 DEBUG server.RaftServer$Division (RaftServerImpl.java:logAppendEntries(1430)) - s3@group-08C85AF2C45E: succeeded to handle AppendEntries. Reply: s2<-s3#5639:OK-t1,SUCCESS,nextIndex=13,followerCommit=11,matchIndex=12
2023-03-17 00:26:12,715 DEBUG server.RaftServer$Division (RaftServerImpl.java:logAppendEntries(1430)) - s3@group-08C85AF2C45E: receive appendEntries(s2, 1, (t:1, i:12), 11, true, commits:[s2:c11, s3:c11, s14:c10], cId:5642, entries: [(t:1, i:13), STATEMACHINELOGENTRY, 5640@client-D0569DAC76C3]
2023-03-17 00:26:12,715 DEBUG server.RaftServer$Division (RaftServerImpl.java:logAppendEntries(1430)) - s14@group-08C85AF2C45E: succeeded to handle AppendEntries. Reply: s2<-s14#5641:OK-t1,SUCCESS,nextIndex=14,followerCommit=11,matchIndex=13
2023-03-17 00:26:12,716 INFO  statemachine.StateMachine (ArithmeticStateMachine.java:applyTransaction(182)) - LEADER:s2-13: a = 45 = 45
2023-03-17 00:26:12,717 DEBUG server.RaftServer$Division (RaftServerImpl.java:logAppendEntries(1430)) - s14@group-08C85AF2C45E: receive appendEntries(s2, 1, (t:1, i:13), 13, true, commits:[s2:c13, s3:c11, s14:c11], cId:5643, entries: [(t:1, i:14), METADATAENTRY(c:13)]
2023-03-17 00:26:12,717 DEBUG server.RaftServer$Division (RaftServerImpl.java:logAppendEntries(1430)) - s3@group-08C85AF2C45E: succeeded to handle AppendEntries. Reply: s2<-s3#5642:OK-t1,SUCCESS,nextIndex=14,followerCommit=11,matchIndex=13
2023-03-17 00:26:12,717 DEBUG server.RaftServer$Division (RaftServerImpl.java:submitClientRequestAsync(835)) - s2@group-08C85AF2C45E: receive client request(RaftClientRequest:client-D0569DAC76C3->s2@group-08C85AF2C45E, cid=5644, seq=0, RW, Message:01016202408fa0000000...(size=12))
2023-03-17 00:26:12,718 DEBUG server.RaftServer$Division (LeaderStateImpl.java:addPendingRequest(474)) - s2@group-08C85AF2C45E-LeaderStateImpl: addPendingRequest at RaftClientRequest:client-D0569DAC76C3->s2@group-08C85AF2C45E, cid=5644, seq=0, RW, Message:01016202408fa0000000...(size=12), entry=(t:1, i:15), STATEMACHINELOGENTRY, 5644@client-D0569DAC76C3
2023-03-17 00:26:12,719 DEBUG server.RaftServer$Division (RaftServerImpl.java:logAppendEntries(1430)) - s3@group-08C85AF2C45E: receive appendEntries(s2, 1, (t:1, i:13), 13, true, commits:[s2:c13, s3:c11, s14:c11], cId:5645, entries: [(t:1, i:14), METADATAENTRY(c:13), (t:1, i:15), STATEMACHINELOGENTRY, 5644@client-D0569DAC76C3]
2023-03-17 00:26:12,719 DEBUG server.RaftServer$Division (RaftServerImpl.java:logAppendEntries(1430)) - s14@group-08C85AF2C45E: succeeded to handle AppendEntries. Reply: s2<-s14#5643:OK-t1,SUCCESS,nextIndex=15,followerCommit=13,matchIndex=14
2023-03-17 00:26:12,724 DEBUG server.RaftServer$Division (RaftServerImpl.java:logAppendEntries(1430)) - s14@group-08C85AF2C45E: receive appendEntries(s2, 1, (t:1, i:14), 13, true, commits:[s2:c13, s3:c11, s14:c13], cId:5646, entries: [(t:1, i:15), STATEMACHINELOGENTRY, 5644@client-D0569DAC76C3]
2023-03-17 00:26:12,724 DEBUG server.RaftServer$Division (RaftServerImpl.java:logAppendEntries(1430)) - s3@group-08C85AF2C45E: succeeded to handle AppendEntries. Reply: s2<-s3#5645:OK-t1,SUCCESS,nextIndex=16,followerCommit=13,matchIndex=15
2023-03-17 00:26:12,724 DEBUG server.RaftServer$Division (RaftServerImpl.java:logAppendEntries(1430)) - s14@group-08C85AF2C45E: succeeded to handle AppendEntries. Reply: s2<-s14#5646:OK-t1,SUCCESS,nextIndex=16,followerCommit=13,matchIndex=15
2023-03-17 00:26:12,725 INFO  statemachine.StateMachine (ArithmeticStateMachine.java:applyTransaction(182)) - LEADER:s2-15: b = 1012 = 1012
2023-03-17 00:26:12,725 DEBUG server.RaftServer$Division (RaftServerImpl.java:logAppendEntries(1430)) - s3@group-08C85AF2C45E: receive appendEntries(s2, 1, (t:1, i:15), 15, true, commits:[s2:c15, s3:c13, s14:c13], cId:5647, entries: [(t:1, i:16), METADATAENTRY(c:15)]
2023-03-17 00:26:12,726 DEBUG server.RaftServer$Division (RaftServerImpl.java:logAppendEntries(1430)) - s14@group-08C85AF2C45E: receive appendEntries(s2, 1, (t:1, i:15), 15, true, commits:[s2:c15, s3:c13, s14:c13], cId:5649, entries: [(t:1, i:16), METADATAENTRY(c:15)]
2023-03-17 00:26:12,726 DEBUG server.RaftServer$Division (RaftServerImpl.java:submitClientRequestAsync(835)) - s2@group-08C85AF2C45E: receive client request(RaftClientRequest:client-D0569DAC76C3->s2@group-08C85AF2C45E, cid=5648, seq=0, RW, Message:01016304010300040201...(size=17))
2023-03-17 00:26:12,727 DEBUG server.RaftServer$Division (RaftServerImpl.java:logAppendEntries(1430)) - s3@group-08C85AF2C45E: succeeded to handle AppendEntries. Reply: s2<-s3#5647:OK-t1,SUCCESS,nextIndex=17,followerCommit=15,matchIndex=16
2023-03-17 00:26:12,727 DEBUG server.RaftServer$Division (LeaderStateImpl.java:addPendingRequest(474)) - s2@group-08C85AF2C45E-LeaderStateImpl: addPendingRequest at RaftClientRequest:client-D0569DAC76C3->s2@group-08C85AF2C45E, cid=5648, seq=0, RW, Message:01016304010300040201...(size=17), entry=(t:1, i:17), STATEMACHINELOGENTRY, 5648@client-D0569DAC76C3
2023-03-17 00:26:12,728 DEBUG server.RaftServer$Division (RaftServerImpl.java:logAppendEntries(1430)) - s3@group-08C85AF2C45E: receive appendEntries(s2, 1, (t:1, i:16), 15, true, commits:[s2:c15, s3:c15, s14:c13], cId:5650, entries: [(t:1, i:17), STATEMACHINELOGENTRY, 5648@client-D0569DAC76C3]
2023-03-17 00:26:12,728 DEBUG server.RaftServer$Division (RaftServerImpl.java:logAppendEntries(1430)) - s14@group-08C85AF2C45E: succeeded to handle AppendEntries. Reply: s2<-s14#5649:OK-t1,SUCCESS,nextIndex=17,followerCommit=15,matchIndex=16
2023-03-17 00:26:12,729 DEBUG server.RaftServer$Division (RaftServerImpl.java:logAppendEntries(1430)) - s14@group-08C85AF2C45E: receive appendEntries(s2, 1, (t:1, i:16), 16, true, commits:[s2:c16, s3:c15, s14:c15], cId:5651, entries: [(t:1, i:17), STATEMACHINELOGENTRY, 5648@client-D0569DAC76C3]
2023-03-17 00:26:12,729 DEBUG server.RaftServer$Division (RaftServerImpl.java:logAppendEntries(1430)) - s3@group-08C85AF2C45E: succeeded to handle AppendEntries. Reply: s2<-s3#5650:OK-t1,SUCCESS,nextIndex=18,followerCommit=15,matchIndex=17
2023-03-17 00:26:12,730 INFO  statemachine.StateMachine (ArithmeticStateMachine.java:applyTransaction(182)) - LEADER:s2-17: c = √(a^2 + b^2) = 1013
2023-03-17 00:26:12,731 DEBUG server.RaftServer$Division (RaftServerImpl.java:logAppendEntries(1430)) - s3@group-08C85AF2C45E: receive appendEntries(s2, 1, (t:1, i:17), 17, true, commits:[s2:c17, s3:c15, s14:c15], cId:5652, entries: [(t:1, i:18), METADATAENTRY(c:17)]
2023-03-17 00:26:12,731 DEBUG server.RaftServer$Division (RaftServerImpl.java:logAppendEntries(1430)) - s14@group-08C85AF2C45E: succeeded to handle AppendEntries. Reply: s2<-s14#5651:OK-t1,SUCCESS,nextIndex=18,followerCommit=16,matchIndex=17
2023-03-17 00:26:12,731 DEBUG server.RaftServer$Division (RaftServerImpl.java:submitClientRequestAsync(835)) - s2@group-08C85AF2C45E: receive client request(RaftClientRequest:client-D0569DAC76C3->s2@group-08C85AF2C45E, cid=5653, seq=0, RW, Message:01016100)
2023-03-17 00:26:12,731 DEBUG server.RaftServer$Division (LeaderStateImpl.java:addPendingRequest(474)) - s2@group-08C85AF2C45E-LeaderStateImpl: addPendingRequest at RaftClientRequest:client-D0569DAC76C3->s2@group-08C85AF2C45E, cid=5653, seq=0, RW, Message:01016100, entry=(t:1, i:19), STATEMACHINELOGENTRY, 5653@client-D0569DAC76C3
2023-03-17 00:26:12,732 DEBUG server.RaftServer$Division (RaftServerImpl.java:logAppendEntries(1430)) - s14@group-08C85AF2C45E: receive appendEntries(s2, 1, (t:1, i:17), 17, true, commits:[s2:c17, s3:c15, s14:c16], cId:5654, entries: [(t:1, i:18), METADATAENTRY(c:17), (t:1, i:19), STATEMACHINELOGENTRY, 5653@client-D0569DAC76C3]
2023-03-17 00:26:12,732 DEBUG server.RaftServer$Division (RaftServerImpl.java:logAppendEntries(1430)) - s3@group-08C85AF2C45E: succeeded to handle AppendEntries. Reply: s2<-s3#5652:OK-t1,SUCCESS,nextIndex=19,followerCommit=17,matchIndex=18
2023-03-17 00:26:12,733 DEBUG server.RaftServer$Division (RaftServerImpl.java:logAppendEntries(1430)) - s3@group-08C85AF2C45E: receive appendEntries(s2, 1, (t:1, i:18), 17, true, commits:[s2:c17, s3:c17, s14:c16], cId:5655, entries: [(t:1, i:19), STATEMACHINELOGENTRY, 5653@client-D0569DAC76C3]
2023-03-17 00:26:12,734 DEBUG server.RaftServer$Division (RaftServerImpl.java:logAppendEntries(1430)) - s14@group-08C85AF2C45E: succeeded to handle AppendEntries. Reply: s2<-s14#5654:OK-t1,SUCCESS,nextIndex=20,followerCommit=17,matchIndex=19
2023-03-17 00:26:12,734 DEBUG server.RaftServer$Division (RaftServerImpl.java:logAppendEntries(1430)) - s3@group-08C85AF2C45E: succeeded to handle AppendEntries. Reply: s2<-s3#5655:OK-t1,SUCCESS,nextIndex=20,followerCommit=17,matchIndex=19
2023-03-17 00:26:12,734 INFO  statemachine.StateMachine (ArithmeticStateMachine.java:applyTransaction(182)) - LEADER:s2-19: a = null = null
2023-03-17 00:26:12,735 DEBUG server.RaftServer$Division (RaftServerImpl.java:logAppendEntries(1430)) - s14@group-08C85AF2C45E: receive appendEntries(s2, 1, (t:1, i:19), 19, true, commits:[s2:c19, s3:c17, s14:c17], cId:5656, entries: [(t:1, i:20), METADATAENTRY(c:19)]
2023-03-17 00:26:12,736 DEBUG server.RaftServer$Division (RaftServerImpl.java:logAppendEntries(1430)) - s3@group-08C85AF2C45E: receive appendEntries(s2, 1, (t:1, i:19), 19, true, commits:[s2:c19, s3:c17, s14:c17], cId:5658, entries: [(t:1, i:20), METADATAENTRY(c:19)]
2023-03-17 00:26:12,735 DEBUG server.RaftServer$Division (RaftServerImpl.java:submitClientRequestAsync(835)) - s2@group-08C85AF2C45E: receive client request(RaftClientRequest:client-D0569DAC76C3->s2@group-08C85AF2C45E, cid=5657, seq=0, RW, Message:01016200)
2023-03-17 00:26:12,736 DEBUG server.RaftServer$Division (LeaderStateImpl.java:addPendingRequest(474)) - s2@group-08C85AF2C45E-LeaderStateImpl: addPendingRequest at RaftClientRequest:client-D0569DAC76C3->s2@group-08C85AF2C45E, cid=5657, seq=0, RW, Message:01016200, entry=(t:1, i:21), STATEMACHINELOGENTRY, 5657@client-D0569DAC76C3
2023-03-17 00:26:12,736 DEBUG server.RaftServer$Division (RaftServerImpl.java:logAppendEntries(1430)) - s14@group-08C85AF2C45E: succeeded to handle AppendEntries. Reply: s2<-s14#5656:OK-t1,SUCCESS,nextIndex=21,followerCommit=19,matchIndex=20
2023-03-17 00:26:12,736 DEBUG server.RaftServer$Division (RaftServerImpl.java:logAppendEntries(1430)) - s3@group-08C85AF2C45E: succeeded to handle AppendEntries. Reply: s2<-s3#5658:OK-t1,SUCCESS,nextIndex=21,followerCommit=19,matchIndex=20
2023-03-17 00:26:12,738 DEBUG server.RaftServer$Division (RaftServerImpl.java:logAppendEntries(1430)) - s14@group-08C85AF2C45E: receive appendEntries(s2, 1, (t:1, i:20), 20, true, commits:[s2:c20, s3:c19, s14:c19], cId:5660, entries: [(t:1, i:21), STATEMACHINELOGENTRY, 5657@client-D0569DAC76C3]
2023-03-17 00:26:12,738 DEBUG server.RaftServer$Division (RaftServerImpl.java:logAppendEntries(1430)) - s3@group-08C85AF2C45E: receive appendEntries(s2, 1, (t:1, i:20), 19, true, commits:[s2:c19, s3:c19, s14:c17], cId:5659, entries: [(t:1, i:21), STATEMACHINELOGENTRY, 5657@client-D0569DAC76C3]
2023-03-17 00:26:12,738 DEBUG server.RaftServer$Division (RaftServerImpl.java:logAppendEntries(1430)) - s14@group-08C85AF2C45E: succeeded to handle AppendEntries. Reply: s2<-s14#5660:OK-t1,SUCCESS,nextIndex=22,followerCommit=20,matchIndex=21
2023-03-17 00:26:12,739 DEBUG server.RaftServer$Division (RaftServerImpl.java:logAppendEntries(1430)) - s3@group-08C85AF2C45E: succeeded to handle AppendEntries. Reply: s2<-s3#5659:OK-t1,SUCCESS,nextIndex=22,followerCommit=19,matchIndex=21
2023-03-17 00:26:12,739 INFO  statemachine.StateMachine (ArithmeticStateMachine.java:applyTransaction(182)) - LEADER:s2-21: b = null = null
2023-03-17 00:26:12,740 DEBUG server.RaftServer$Division (RaftServerImpl.java:logAppendEntries(1430)) - s3@group-08C85AF2C45E: receive appendEntries(s2, 1, (t:1, i:21), 21, true, commits:[s2:c21, s3:c19, s14:c19], cId:5661, entries: [(t:1, i:22), METADATAENTRY(c:21)]
2023-03-17 00:26:12,741 DEBUG server.RaftServer$Division (RaftServerImpl.java:logAppendEntries(1430)) - s14@group-08C85AF2C45E: receive appendEntries(s2, 1, (t:1, i:21), 21, true, commits:[s2:c21, s3:c19, s14:c20], cId:5663, entries: [(t:1, i:22), METADATAENTRY(c:21)]
2023-03-17 00:26:12,740 DEBUG server.RaftServer$Division (RaftServerImpl.java:submitClientRequestAsync(835)) - s2@group-08C85AF2C45E: receive client request(RaftClientRequest:client-D0569DAC76C3->s2@group-08C85AF2C45E, cid=5662, seq=0, RW, Message:01016300)
2023-03-17 00:26:12,742 DEBUG server.RaftServer$Division (RaftServerImpl.java:logAppendEntries(1430)) - s3@group-08C85AF2C45E: succeeded to handle AppendEntries. Reply: s2<-s3#5661:OK-t1,SUCCESS,nextIndex=23,followerCommit=21,matchIndex=22
2023-03-17 00:26:12,742 DEBUG server.RaftServer$Division (LeaderStateImpl.java:addPendingRequest(474)) - s2@group-08C85AF2C45E-LeaderStateImpl: addPendingRequest at RaftClientRequest:client-D0569DAC76C3->s2@group-08C85AF2C45E, cid=5662, seq=0, RW, Message:01016300, entry=(t:1, i:23), STATEMACHINELOGENTRY, 5662@client-D0569DAC76C3
2023-03-17 00:26:12,743 DEBUG server.RaftServer$Division (RaftServerImpl.java:logAppendEntries(1430)) - s3@group-08C85AF2C45E: receive appendEntries(s2, 1, (t:1, i:22), 21, true, commits:[s2:c21, s3:c21, s14:c20], cId:5664, entries: [(t:1, i:23), STATEMACHINELOGENTRY, 5662@client-D0569DAC76C3]
2023-03-17 00:26:12,744 DEBUG server.RaftServer$Division (RaftServerImpl.java:logAppendEntries(1430)) - s14@group-08C85AF2C45E: succeeded to handle AppendEntries. Reply: s2<-s14#5663:OK-t1,SUCCESS,nextIndex=23,followerCommit=21,matchIndex=22
2023-03-17 00:26:12,744 DEBUG server.RaftServer$Division (RaftServerImpl.java:logAppendEntries(1430)) - s14@group-08C85AF2C45E: receive appendEntries(s2, 1, (t:1, i:22), 22, true, commits:[s2:c22, s3:c21, s14:c21], cId:5665, entries: [(t:1, i:23), STATEMACHINELOGENTRY, 5662@client-D0569DAC76C3]
2023-03-17 00:26:12,750 DEBUG server.RaftServer$Division (RaftServerImpl.java:logAppendEntries(1430)) - s3@group-08C85AF2C45E: succeeded to handle AppendEntries. Reply: s2<-s3#5664:OK-t1,SUCCESS,nextIndex=24,followerCommit=21,matchIndex=23
2023-03-17 00:26:12,750 INFO  statemachine.StateMachine (ArithmeticStateMachine.java:applyTransaction(182)) - LEADER:s2-23: c = null = null
2023-03-17 00:26:12,752 DEBUG server.RaftServer$Division (RaftServerImpl.java:submitClientRequestAsync(835)) - s2@group-08C85AF2C45E: receive client request(RaftClientRequest:client-D0569DAC76C3->s2@group-08C85AF2C45E, cid=5667, seq=0, RW, Message:01016102404780000000...(size=12))
2023-03-17 00:26:12,752 DEBUG server.RaftServer$Division (LeaderStateImpl.java:addPendingRequest(474)) - s2@group-08C85AF2C45E-LeaderStateImpl: addPendingRequest at RaftClientRequest:client-D0569DAC76C3->s2@group-08C85AF2C45E, cid=5667, seq=0, RW, Message:01016102404780000000...(size=12), entry=(t:1, i:25), STATEMACHINELOGENTRY, 5667@client-D0569DAC76C3
2023-03-17 00:26:12,752 DEBUG server.RaftServer$Division (RaftServerImpl.java:logAppendEntries(1430)) - s14@group-08C85AF2C45E: succeeded to handle AppendEntries. Reply: s2<-s14#5665:OK-t1,SUCCESS,nextIndex=24,followerCommit=22,matchIndex=23
2023-03-17 00:26:12,753 DEBUG server.RaftServer$Division (RaftServerImpl.java:logAppendEntries(1430)) - s14@group-08C85AF2C45E: receive appendEntries(s2, 1, (t:1, i:23), 23, true, commits:[s2:c23, s3:c21, s14:c22], cId:5668, entries: [(t:1, i:24), METADATAENTRY(c:23), (t:1, i:25), STATEMACHINELOGENTRY, 5667@client-D0569DAC76C3]
2023-03-17 00:26:12,753 DEBUG server.RaftServer$Division (RaftServerImpl.java:logAppendEntries(1430)) - s3@group-08C85AF2C45E: receive appendEntries(s2, 1, (t:1, i:23), 23, true, commits:[s2:c23, s3:c21, s14:c21], cId:5666, entries: [(t:1, i:24), METADATAENTRY(c:23)]
2023-03-17 00:26:12,754 DEBUG server.RaftServer$Division (RaftServerImpl.java:logAppendEntries(1430)) - s14@group-08C85AF2C45E: succeeded to handle AppendEntries. Reply: s2<-s14#5668:OK-t1,SUCCESS,nextIndex=26,followerCommit=23,matchIndex=25
2023-03-17 00:26:12,754 DEBUG server.RaftServer$Division (RaftServerImpl.java:logAppendEntries(1430)) - s3@group-08C85AF2C45E: succeeded to handle AppendEntries. Reply: s2<-s3#5666:OK-t1,SUCCESS,nextIndex=25,followerCommit=23,matchIndex=24
2023-03-17 00:26:12,756 INFO  statemachine.StateMachine (ArithmeticStateMachine.java:applyTransaction(182)) - LEADER:s2-25: a = 47 = 47
2023-03-17 00:26:12,756 DEBUG server.RaftServer$Division (RaftServerImpl.java:logAppendEntries(1430)) - s14@group-08C85AF2C45E: receive appendEntries(s2, 1, (t:1, i:25), 25, true, commits:[s2:c25, s3:c23, s14:c23], cId:5670, entries: [(t:1, i:26), METADATAENTRY(c:25)]
2023-03-17 00:26:12,756 DEBUG server.RaftServer$Division (RaftServerImpl.java:logAppendEntries(1430)) - s3@group-08C85AF2C45E: receive appendEntries(s2, 1, (t:1, i:24), 23, true, commits:[s2:c23, s3:c23, s14:c22], cId:5669, entries: [(t:1, i:25), STATEMACHINELOGENTRY, 5667@client-D0569DAC76C3]
2023-03-17 00:26:12,756 DEBUG server.RaftServer$Division (RaftServerImpl.java:submitClientRequestAsync(835)) - s2@group-08C85AF2C45E: receive client request(RaftClientRequest:client-D0569DAC76C3->s2@group-08C85AF2C45E, cid=5671, seq=0, RW, Message:01016202409140000000...(size=12))
2023-03-17 00:26:12,757 DEBUG server.RaftServer$Division (LeaderStateImpl.java:addPendingRequest(474)) - s2@group-08C85AF2C45E-LeaderStateImpl: addPendingRequest at RaftClientRequest:client-D0569DAC76C3->s2@group-08C85AF2C45E, cid=5671, seq=0, RW, Message:01016202409140000000...(size=12), entry=(t:1, i:27), STATEMACHINELOGENTRY, 5671@client-D0569DAC76C3
2023-03-17 00:26:12,757 DEBUG server.RaftServer$Division (RaftServerImpl.java:logAppendEntries(1430)) - s3@group-08C85AF2C45E: succeeded to handle AppendEntries. Reply: s2<-s3#5669:OK-t1,SUCCESS,nextIndex=26,followerCommit=23,matchIndex=25
2023-03-17 00:26:12,758 DEBUG server.RaftServer$Division (RaftServerImpl.java:logAppendEntries(1430)) - s14@group-08C85AF2C45E: succeeded to handle AppendEntries. Reply: s2<-s14#5670:OK-t1,SUCCESS,nextIndex=27,followerCommit=25,matchIndex=26
2023-03-17 00:26:12,759 DEBUG server.RaftServer$Division (RaftServerImpl.java:logAppendEntries(1430)) - s14@group-08C85AF2C45E: receive appendEntries(s2, 1, (t:1, i:26), 25, true, commits:[s2:c25, s3:c23, s14:c25], cId:5673, entries: [(t:1, i:27), STATEMACHINELOGENTRY, 5671@client-D0569DAC76C3]
2023-03-17 00:26:12,758 DEBUG server.RaftServer$Division (RaftServerImpl.java:logAppendEntries(1430)) - s3@group-08C85AF2C45E: receive appendEntries(s2, 1, (t:1, i:25), 25, true, commits:[s2:c25, s3:c23, s14:c23], cId:5672, entries: [(t:1, i:26), METADATAENTRY(c:25), (t:1, i:27), STATEMACHINELOGENTRY, 5671@client-D0569DAC76C3]
2023-03-17 00:26:12,759 DEBUG server.RaftServer$Division (RaftServerImpl.java:logAppendEntries(1430)) - s14@group-08C85AF2C45E: succeeded to handle AppendEntries. Reply: s2<-s14#5673:OK-t1,SUCCESS,nextIndex=28,followerCommit=25,matchIndex=27
2023-03-17 00:26:12,760 DEBUG server.RaftServer$Division (RaftServerImpl.java:logAppendEntries(1430)) - s3@group-08C85AF2C45E: succeeded to handle AppendEntries. Reply: s2<-s3#5672:OK-t1,SUCCESS,nextIndex=28,followerCommit=25,matchIndex=27
2023-03-17 00:26:12,760 INFO  statemachine.StateMachine (ArithmeticStateMachine.java:applyTransaction(182)) - LEADER:s2-27: b = 1104 = 1104
2023-03-17 00:26:12,761 DEBUG server.RaftServer$Division (RaftServerImpl.java:submitClientRequestAsync(835)) - s2@group-08C85AF2C45E: receive client request(RaftClientRequest:client-D0569DAC76C3->s2@group-08C85AF2C45E, cid=5675, seq=0, RW, Message:01016304010300040201...(size=17))
2023-03-17 00:26:12,761 DEBUG server.RaftServer$Division (LeaderStateImpl.java:addPendingRequest(474)) - s2@group-08C85AF2C45E-LeaderStateImpl: addPendingRequest at RaftClientRequest:client-D0569DAC76C3->s2@group-08C85AF2C45E, cid=5675, seq=0, RW, Message:01016304010300040201...(size=17), entry=(t:1, i:29), STATEMACHINELOGENTRY, 5675@client-D0569DAC76C3
2023-03-17 00:26:12,761 DEBUG server.RaftServer$Division (RaftServerImpl.java:logAppendEntries(1430)) - s14@group-08C85AF2C45E: receive appendEntries(s2, 1, (t:1, i:27), 27, true, commits:[s2:c27, s3:c23, s14:c25], cId:5674, entries: [(t:1, i:28), METADATAENTRY(c:27)]
2023-03-17 00:26:12,761 DEBUG server.RaftServer$Division (RaftServerImpl.java:logAppendEntries(1430)) - s3@group-08C85AF2C45E: receive appendEntries(s2, 1, (t:1, i:27), 27, true, commits:[s2:c27, s3:c25, s14:c25], cId:5676, entries: [(t:1, i:28), METADATAENTRY(c:27)]
2023-03-17 00:26:12,762 DEBUG server.RaftServer$Division (RaftServerImpl.java:logAppendEntries(1430)) - s14@group-08C85AF2C45E: succeeded to handle AppendEntries. Reply: s2<-s14#5674:OK-t1,SUCCESS,nextIndex=29,followerCommit=27,matchIndex=28
2023-03-17 00:26:12,762 DEBUG server.RaftServer$Division (RaftServerImpl.java:logAppendEntries(1430)) - s3@group-08C85AF2C45E: succeeded to handle AppendEntries. Reply: s2<-s3#5676:OK-t1,SUCCESS,nextIndex=29,followerCommit=27,matchIndex=28
2023-03-17 00:26:12,764 DEBUG server.RaftServer$Division (RaftServerImpl.java:logAppendEntries(1430)) - s3@group-08C85AF2C45E: receive appendEntries(s2, 1, (t:1, i:28), 28, true, commits:[s2:c28, s3:c27, s14:c27], cId:5678, entries: [(t:1, i:29), STATEMACHINELOGENTRY, 5675@client-D0569DAC76C3]
2023-03-17 00:26:12,764 DEBUG server.RaftServer$Division (RaftServerImpl.java:logAppendEntries(1430)) - s14@group-08C85AF2C45E: receive appendEntries(s2, 1, (t:1, i:28), 27, true, commits:[s2:c27, s3:c25, s14:c27], cId:5677, entries: [(t:1, i:29), STATEMACHINELOGENTRY, 5675@client-D0569DAC76C3]
2023-03-17 00:26:12,765 DEBUG server.RaftServer$Division (RaftServerImpl.java:logAppendEntries(1430)) - s14@group-08C85AF2C45E: succeeded to handle AppendEntries. Reply: s2<-s14#5677:OK-t1,SUCCESS,nextIndex=30,followerCommit=27,matchIndex=29
2023-03-17 00:26:12,765 DEBUG server.RaftServer$Division (RaftServerImpl.java:logAppendEntries(1430)) - s3@group-08C85AF2C45E: succeeded to handle AppendEntries. Reply: s2<-s3#5678:OK-t1,SUCCESS,nextIndex=30,followerCommit=28,matchIndex=29
2023-03-17 00:26:12,765 INFO  statemachine.StateMachine (ArithmeticStateMachine.java:applyTransaction(182)) - LEADER:s2-29: c = √(a^2 + b^2) = 1105
2023-03-17 00:26:12,766 DEBUG server.RaftServer$Division (RaftServerImpl.java:submitClientRequestAsync(835)) - s2@group-08C85AF2C45E: receive client request(RaftClientRequest:client-D0569DAC76C3->s2@group-08C85AF2C45E, cid=5680, seq=0, RW, Message:01016100)
2023-03-17 00:26:12,766 DEBUG server.RaftServer$Division (LeaderStateImpl.java:addPendingRequest(474)) - s2@group-08C85AF2C45E-LeaderStateImpl: addPendingRequest at RaftClientRequest:client-D0569DAC76C3->s2@group-08C85AF2C45E, cid=5680, seq=0, RW, Message:01016100, entry=(t:1, i:31), STATEMACHINELOGENTRY, 5680@client-D0569DAC76C3
2023-03-17 00:26:12,767 DEBUG server.RaftServer$Division (RaftServerImpl.java:logAppendEntries(1430)) - s14@group-08C85AF2C45E: receive appendEntries(s2, 1, (t:1, i:29), 29, true, commits:[s2:c29, s3:c27, s14:c27], cId:5679, entries: [(t:1, i:30), METADATAENTRY(c:29)]
2023-03-17 00:26:12,767 DEBUG server.RaftServer$Division (RaftServerImpl.java:logAppendEntries(1430)) - s3@group-08C85AF2C45E: receive appendEntries(s2, 1, (t:1, i:29), 29, true, commits:[s2:c29, s3:c28, s14:c27], cId:5681, entries: [(t:1, i:30), METADATAENTRY(c:29)]
2023-03-17 00:26:12,767 DEBUG server.RaftServer$Division (RaftServerImpl.java:logAppendEntries(1430)) - s14@group-08C85AF2C45E: succeeded to handle AppendEntries. Reply: s2<-s14#5679:OK-t1,SUCCESS,nextIndex=31,followerCommit=29,matchIndex=30
2023-03-17 00:26:12,768 DEBUG server.RaftServer$Division (RaftServerImpl.java:logAppendEntries(1430)) - s14@group-08C85AF2C45E: receive appendEntries(s2, 1, (t:1, i:30), 29, true, commits:[s2:c29, s3:c28, s14:c29], cId:5682, entries: [(t:1, i:31), STATEMACHINELOGENTRY, 5680@client-D0569DAC76C3]
2023-03-17 00:26:12,768 DEBUG server.RaftServer$Division (RaftServerImpl.java:logAppendEntries(1430)) - s3@group-08C85AF2C45E: succeeded to handle AppendEntries. Reply: s2<-s3#5681:OK-t1,SUCCESS,nextIndex=31,followerCommit=29,matchIndex=30
2023-03-17 00:26:12,769 DEBUG server.RaftServer$Division (RaftServerImpl.java:logAppendEntries(1430)) - s3@group-08C85AF2C45E: receive appendEntries(s2, 1, (t:1, i:30), 30, true, commits:[s2:c30, s3:c29, s14:c29], cId:5683, entries: [(t:1, i:31), STATEMACHINELOGENTRY, 5680@client-D0569DAC76C3]
2023-03-17 00:26:12,770 DEBUG server.RaftServer$Division (RaftServerImpl.java:logAppendEntries(1430)) - s14@group-08C85AF2C45E: succeeded to handle AppendEntries. Reply: s2<-s14#5682:OK-t1,SUCCESS,nextIndex=32,followerCommit=29,matchIndex=31
2023-03-17 00:26:12,770 INFO  statemachine.StateMachine (ArithmeticStateMachine.java:applyTransaction(182)) - LEADER:s2-31: a = null = null
2023-03-17 00:26:12,771 DEBUG server.RaftServer$Division (RaftServerImpl.java:logAppendEntries(1430)) - s14@group-08C85AF2C45E: receive appendEntries(s2, 1, (t:1, i:31), 31, true, commits:[s2:c31, s3:c29, s14:c29], cId:5684, entries: [(t:1, i:32), METADATAENTRY(c:31)]
2023-03-17 00:26:12,771 DEBUG server.RaftServer$Division (RaftServerImpl.java:logAppendEntries(1430)) - s3@group-08C85AF2C45E: succeeded to handle AppendEntries. Reply: s2<-s3#5683:OK-t1,SUCCESS,nextIndex=32,followerCommit=30,matchIndex=31
2023-03-17 00:26:12,771 DEBUG server.RaftServer$Division (RaftServerImpl.java:submitClientRequestAsync(835)) - s2@group-08C85AF2C45E: receive client request(RaftClientRequest:client-D0569DAC76C3->s2@group-08C85AF2C45E, cid=5685, seq=0, RW, Message:01016200)
2023-03-17 00:26:12,772 DEBUG server.RaftServer$Division (LeaderStateImpl.java:addPendingRequest(474)) - s2@group-08C85AF2C45E-LeaderStateImpl: addPendingRequest at RaftClientRequest:client-D0569DAC76C3->s2@group-08C85AF2C45E, cid=5685, seq=0, RW, Message:01016200, entry=(t:1, i:33), STATEMACHINELOGENTRY, 5685@client-D0569DAC76C3
2023-03-17 00:26:12,773 DEBUG server.RaftServer$Division (RaftServerImpl.java:logAppendEntries(1430)) - s14@group-08C85AF2C45E: succeeded to handle AppendEntries. Reply: s2<-s14#5684:OK-t1,SUCCESS,nextIndex=33,followerCommit=31,matchIndex=32
2023-03-17 00:26:12,774 DEBUG server.RaftServer$Division (RaftServerImpl.java:logAppendEntries(1430)) - s14@group-08C85AF2C45E: receive appendEntries(s2, 1, (t:1, i:32), 31, true, commits:[s2:c31, s3:c30, s14:c31], cId:5687, entries: [(t:1, i:33), STATEMACHINELOGENTRY, 5685@client-D0569DAC76C3]
2023-03-17 00:26:12,773 DEBUG server.RaftServer$Division (RaftServerImpl.java:logAppendEntries(1430)) - s3@group-08C85AF2C45E: receive appendEntries(s2, 1, (t:1, i:31), 31, true, commits:[s2:c31, s3:c30, s14:c29], cId:5686, entries: [(t:1, i:32), METADATAENTRY(c:31), (t:1, i:33), STATEMACHINELOGENTRY, 5685@client-D0569DAC76C3]
2023-03-17 00:26:12,774 DEBUG server.RaftServer$Division (RaftServerImpl.java:logAppendEntries(1430)) - s14@group-08C85AF2C45E: succeeded to handle AppendEntries. Reply: s2<-s14#5687:OK-t1,SUCCESS,nextIndex=34,followerCommit=31,matchIndex=33
2023-03-17 00:26:12,775 INFO  statemachine.StateMachine (ArithmeticStateMachine.java:applyTransaction(182)) - LEADER:s2-33: b = null = null
2023-03-17 00:26:12,775 DEBUG server.RaftServer$Division (RaftServerImpl.java:logAppendEntries(1430)) - s3@group-08C85AF2C45E: succeeded to handle AppendEntries. Reply: s2<-s3#5686:OK-t1,SUCCESS,nextIndex=34,followerCommit=31,matchIndex=33
2023-03-17 00:26:12,776 DEBUG server.RaftServer$Division (RaftServerImpl.java:submitClientRequestAsync(835)) - s2@group-08C85AF2C45E: receive client request(RaftClientRequest:client-D0569DAC76C3->s2@group-08C85AF2C45E, cid=5688, seq=0, RW, Message:01016300)
2023-03-17 00:26:12,776 DEBUG server.RaftServer$Division (LeaderStateImpl.java:addPendingRequest(474)) - s2@group-08C85AF2C45E-LeaderStateImpl: addPendingRequest at RaftClientRequest:client-D0569DAC76C3->s2@group-08C85AF2C45E, cid=5688, seq=0, RW, Message:01016300, entry=(t:1, i:35), STATEMACHINELOGENTRY, 5688@client-D0569DAC76C3
2023-03-17 00:26:12,777 DEBUG server.RaftServer$Division (RaftServerImpl.java:logAppendEntries(1430)) - s14@group-08C85AF2C45E: receive appendEntries(s2, 1, (t:1, i:33), 33, true, commits:[s2:c33, s3:c30, s14:c31], cId:5689, entries: [(t:1, i:34), METADATAENTRY(c:33)]
2023-03-17 00:26:12,777 DEBUG server.RaftServer$Division (RaftServerImpl.java:logAppendEntries(1430)) - s3@group-08C85AF2C45E: receive appendEntries(s2, 1, (t:1, i:33), 33, true, commits:[s2:c33, s3:c31, s14:c31], cId:5690, entries: [(t:1, i:34), METADATAENTRY(c:33), (t:1, i:35), STATEMACHINELOGENTRY, 5688@client-D0569DAC76C3]
2023-03-17 00:26:12,777 DEBUG server.RaftServer$Division (RaftServerImpl.java:logAppendEntries(1430)) - s14@group-08C85AF2C45E: succeeded to handle AppendEntries. Reply: s2<-s14#5689:OK-t1,SUCCESS,nextIndex=35,followerCommit=33,matchIndex=34
2023-03-17 00:26:12,778 DEBUG server.RaftServer$Division (RaftServerImpl.java:logAppendEntries(1430)) - s3@group-08C85AF2C45E: succeeded to handle AppendEntries. Reply: s2<-s3#5690:OK-t1,SUCCESS,nextIndex=36,followerCommit=33,matchIndex=35
2023-03-17 00:26:12,778 INFO  statemachine.StateMachine (ArithmeticStateMachine.java:applyTransaction(182)) - LEADER:s2-35: c = null = null
2023-03-17 00:26:12,779 DEBUG server.RaftServer$Division (RaftServerImpl.java:logAppendEntries(1430)) - s3@group-08C85AF2C45E: receive appendEntries(s2, 1, (t:1, i:35), 35, true, commits:[s2:c35, s3:c33, s14:c33], cId:5692, entries: [(t:1, i:36), METADATAENTRY(c:35)]
2023-03-17 00:26:12,779 DEBUG server.RaftServer$Division (RaftServerImpl.java:submitClientRequestAsync(835)) - s2@group-08C85AF2C45E: receive client request(RaftClientRequest:client-D0569DAC76C3->s2@group-08C85AF2C45E, cid=5693, seq=0, RW, Message:01016102404880000000...(size=12))
2023-03-17 00:26:12,779 DEBUG server.RaftServer$Division (LeaderStateImpl.java:addPendingRequest(474)) - s2@group-08C85AF2C45E-LeaderStateImpl: addPendingRequest at RaftClientRequest:client-D0569DAC76C3->s2@group-08C85AF2C45E, cid=5693, seq=0, RW, Message:01016102404880000000...(size=12), entry=(t:1, i:37), STATEMACHINELOGENTRY, 5693@client-D0569DAC76C3
2023-03-17 00:26:12,779 DEBUG server.RaftServer$Division (RaftServerImpl.java:logAppendEntries(1430)) - s3@group-08C85AF2C45E: succeeded to handle AppendEntries. Reply: s2<-s3#5692:OK-t1,SUCCESS,nextIndex=37,followerCommit=35,matchIndex=36
2023-03-17 00:26:12,780 DEBUG server.RaftServer$Division (RaftServerImpl.java:logAppendEntries(1430)) - s14@group-08C85AF2C45E: receive appendEntries(s2, 1, (t:1, i:34), 33, true, commits:[s2:c33, s3:c31, s14:c33], cId:5691, entries: [(t:1, i:35), STATEMACHINELOGENTRY, 5688@client-D0569DAC76C3]
2023-03-17 00:26:12,781 DEBUG server.RaftServer$Division (RaftServerImpl.java:logAppendEntries(1430)) - s3@group-08C85AF2C45E: receive appendEntries(s2, 1, (t:1, i:36), 35, true, commits:[s2:c35, s3:c35, s14:c33], cId:5694, entries: [(t:1, i:37), STATEMACHINELOGENTRY, 5693@client-D0569DAC76C3]
2023-03-17 00:26:12,781 DEBUG server.RaftServer$Division (RaftServerImpl.java:logAppendEntries(1430)) - s14@group-08C85AF2C45E: succeeded to handle AppendEntries. Reply: s2<-s14#5691:OK-t1,SUCCESS,nextIndex=36,followerCommit=33,matchIndex=35
2023-03-17 00:26:12,782 DEBUG server.RaftServer$Division (RaftServerImpl.java:logAppendEntries(1430)) - s3@group-08C85AF2C45E: succeeded to handle AppendEntries. Reply: s2<-s3#5694:OK-t1,SUCCESS,nextIndex=38,followerCommit=35,matchIndex=37
2023-03-17 00:26:12,783 INFO  statemachine.StateMachine (ArithmeticStateMachine.java:applyTransaction(182)) - LEADER:s2-37: a = 49 = 49
2023-03-17 00:26:12,784 DEBUG server.RaftServer$Division (RaftServerImpl.java:logAppendEntries(1430)) - s3@group-08C85AF2C45E: receive appendEntries(s2, 1, (t:1, i:37), 37, true, commits:[s2:c37, s3:c35, s14:c33], cId:5696, entries: [(t:1, i:38), METADATAENTRY(c:37)]
2023-03-17 00:26:12,784 DEBUG server.RaftServer$Division (RaftServerImpl.java:submitClientRequestAsync(835)) - s2@group-08C85AF2C45E: receive client request(RaftClientRequest:client-D0569DAC76C3->s2@group-08C85AF2C45E, cid=5697, seq=0, RW, Message:010162024092c0000000...(size=12))
2023-03-17 00:26:12,784 DEBUG server.RaftServer$Division (RaftServerImpl.java:logAppendEntries(1430)) - s14@group-08C85AF2C45E: receive appendEntries(s2, 1, (t:1, i:35), 36, true, commits:[s2:c36, s3:c35, s14:c33], cId:5695, entries: [(t:1, i:36), METADATAENTRY(c:35), (t:1, i:37), STATEMACHINELOGENTRY, 5693@client-D0569DAC76C3]
2023-03-17 00:26:12,784 DEBUG server.RaftServer$Division (LeaderStateImpl.java:addPendingRequest(474)) - s2@group-08C85AF2C45E-LeaderStateImpl: addPendingRequest at RaftClientRequest:client-D0569DAC76C3->s2@group-08C85AF2C45E, cid=5697, seq=0, RW, Message:010162024092c0000000...(size=12), entry=(t:1, i:39), STATEMACHINELOGENTRY, 5697@client-D0569DAC76C3
2023-03-17 00:26:12,785 DEBUG server.RaftServer$Division (RaftServerImpl.java:logAppendEntries(1430)) - s3@group-08C85AF2C45E: succeeded to handle AppendEntries. Reply: s2<-s3#5696:OK-t1,SUCCESS,nextIndex=39,followerCommit=37,matchIndex=38
2023-03-17 00:26:12,785 DEBUG server.RaftServer$Division (RaftServerImpl.java:logAppendEntries(1430)) - s14@group-08C85AF2C45E: succeeded to handle AppendEntries. Reply: s2<-s14#5695:OK-t1,SUCCESS,nextIndex=38,followerCommit=36,matchIndex=37
2023-03-17 00:26:12,786 DEBUG server.RaftServer$Division (RaftServerImpl.java:logAppendEntries(1430)) - s14@group-08C85AF2C45E: receive appendEntries(s2, 1, (t:1, i:37), 37, true, commits:[s2:c37, s3:c35, s14:c36], cId:5698, entries: [(t:1, i:38), METADATAENTRY(c:37), (t:1, i:39), STATEMACHINELOGENTRY, 5697@client-D0569DAC76C3]
2023-03-17 00:26:12,787 DEBUG server.RaftServer$Division (RaftServerImpl.java:logAppendEntries(1430)) - s3@group-08C85AF2C45E: receive appendEntries(s2, 1, (t:1, i:38), 37, true, commits:[s2:c37, s3:c37, s14:c36], cId:5699, entries: [(t:1, i:39), STATEMACHINELOGENTRY, 5697@client-D0569DAC76C3]
2023-03-17 00:26:12,787 DEBUG server.RaftServer$Division (RaftServerImpl.java:logAppendEntries(1430)) - s14@group-08C85AF2C45E: succeeded to handle AppendEntries. Reply: s2<-s14#5698:OK-t1,SUCCESS,nextIndex=40,followerCommit=37,matchIndex=39
2023-03-17 00:26:12,788 DEBUG server.RaftServer$Division (RaftServerImpl.java:logAppendEntries(1430)) - s3@group-08C85AF2C45E: succeeded to handle AppendEntries. Reply: s2<-s3#5699:OK-t1,SUCCESS,nextIndex=40,followerCommit=37,matchIndex=39
2023-03-17 00:26:12,788 INFO  statemachine.StateMachine (ArithmeticStateMachine.java:applyTransaction(182)) - LEADER:s2-39: b = 1200 = 1200
2023-03-17 00:26:12,789 DEBUG server.RaftServer$Division (RaftServerImpl.java:submitClientRequestAsync(835)) - s2@group-08C85AF2C45E: receive client request(RaftClientRequest:client-D0569DAC76C3->s2@group-08C85AF2C45E, cid=5701, seq=0, RW, Message:01016304010300040201...(size=17))
2023-03-17 00:26:12,790 DEBUG server.RaftServer$Division (LeaderStateImpl.java:addPendingRequest(474)) - s2@group-08C85AF2C45E-LeaderStateImpl: addPendingRequest at RaftClientRequest:client-D0569DAC76C3->s2@group-08C85AF2C45E, cid=5701, seq=0, RW, Message:01016304010300040201...(size=17), entry=(t:1, i:41), STATEMACHINELOGENTRY, 5701@client-D0569DAC76C3
2023-03-17 00:26:12,790 DEBUG server.RaftServer$Division (RaftServerImpl.java:logAppendEntries(1430)) - s3@group-08C85AF2C45E: receive appendEntries(s2, 1, (t:1, i:39), 39, true, commits:[s2:c39, s3:c37, s14:c37], cId:5702, entries: [(t:1, i:40), METADATAENTRY(c:39)]
2023-03-17 00:26:12,789 DEBUG server.RaftServer$Division (RaftServerImpl.java:logAppendEntries(1430)) - s14@group-08C85AF2C45E: receive appendEntries(s2, 1, (t:1, i:39), 39, true, commits:[s2:c39, s3:c37, s14:c37], cId:5700, entries: [(t:1, i:40), METADATAENTRY(c:39)]
2023-03-17 00:26:12,791 DEBUG server.RaftServer$Division (RaftServerImpl.java:logAppendEntries(1430)) - s3@group-08C85AF2C45E: succeeded to handle AppendEntries. Reply: s2<-s3#5702:OK-t1,SUCCESS,nextIndex=41,followerCommit=39,matchIndex=40
2023-03-17 00:26:12,791 DEBUG server.RaftServer$Division (RaftServerImpl.java:logAppendEntries(1430)) - s14@group-08C85AF2C45E: succeeded to handle AppendEntries. Reply: s2<-s14#5700:OK-t1,SUCCESS,nextIndex=41,followerCommit=39,matchIndex=40
2023-03-17 00:26:12,792 DEBUG server.RaftServer$Division (RaftServerImpl.java:logAppendEntries(1430)) - s14@group-08C85AF2C45E: receive appendEntries(s2, 1, (t:1, i:40), 39, true, commits:[s2:c39, s3:c37, s14:c39], cId:5703, entries: [(t:1, i:41), STATEMACHINELOGENTRY, 5701@client-D0569DAC76C3]
2023-03-17 00:26:12,793 DEBUG server.RaftServer$Division (RaftServerImpl.java:logAppendEntries(1430)) - s3@group-08C85AF2C45E: receive appendEntries(s2, 1, (t:1, i:40), 40, true, commits:[s2:c40, s3:c39, s14:c39], cId:5704, entries: [(t:1, i:41), STATEMACHINELOGENTRY, 5701@client-D0569DAC76C3]
2023-03-17 00:26:12,793 DEBUG server.RaftServer$Division (RaftServerImpl.java:logAppendEntries(1430)) - s14@group-08C85AF2C45E: succeeded to handle AppendEntries. Reply: s2<-s14#5703:OK-t1,SUCCESS,nextIndex=42,followerCommit=39,matchIndex=41
2023-03-17 00:26:12,794 INFO  statemachine.StateMachine (ArithmeticStateMachine.java:applyTransaction(182)) - LEADER:s2-41: c = √(a^2 + b^2) = 1201
2023-03-17 00:26:12,794 DEBUG server.RaftServer$Division (RaftServerImpl.java:logAppendEntries(1430)) - s14@group-08C85AF2C45E: receive appendEntries(s2, 1, (t:1, i:41), 41, true, commits:[s2:c41, s3:c39, s14:c39], cId:5705, entries: [(t:1, i:42), METADATAENTRY(c:41)]
2023-03-17 00:26:12,795 DEBUG server.RaftServer$Division (RaftServerImpl.java:logAppendEntries(1430)) - s3@group-08C85AF2C45E: succeeded to handle AppendEntries. Reply: s2<-s3#5704:OK-t1,SUCCESS,nextIndex=42,followerCommit=40,matchIndex=41
2023-03-17 00:26:12,794 DEBUG server.RaftServer$Division (RaftServerImpl.java:submitClientRequestAsync(835)) - s2@group-08C85AF2C45E: receive client request(RaftClientRequest:client-D0569DAC76C3->s2@group-08C85AF2C45E, cid=5706, seq=0, RW, Message:01016100)
2023-03-17 00:26:12,795 DEBUG server.RaftServer$Division (LeaderStateImpl.java:addPendingRequest(474)) - s2@group-08C85AF2C45E-LeaderStateImpl: addPendingRequest at RaftClientRequest:client-D0569DAC76C3->s2@group-08C85AF2C45E, cid=5706, seq=0, RW, Message:01016100, entry=(t:1, i:43), STATEMACHINELOGENTRY, 5706@client-D0569DAC76C3
2023-03-17 00:26:12,801 DEBUG server.RaftServer$Division (RaftServerImpl.java:logAppendEntries(1430)) - s14@group-08C85AF2C45E: succeeded to handle AppendEntries. Reply: s2<-s14#5705:OK-t1,SUCCESS,nextIndex=43,followerCommit=41,matchIndex=42
2023-03-17 00:26:12,804 DEBUG server.RaftServer$Division (RaftServerImpl.java:logAppendEntries(1430)) - s3@group-08C85AF2C45E: receive appendEntries(s2, 1, (t:1, i:41), 41, true, commits:[s2:c41, s3:c40, s14:c39], cId:5707, entries: [(t:1, i:42), METADATAENTRY(c:41), (t:1, i:43), STATEMACHINELOGENTRY, 5706@client-D0569DAC76C3]
2023-03-17 00:26:12,804 DEBUG server.RaftServer$Division (RaftServerImpl.java:logAppendEntries(1430)) - s3@group-08C85AF2C45E: succeeded to handle AppendEntries. Reply: s2<-s3#5707:OK-t1,SUCCESS,nextIndex=44,followerCommit=41,matchIndex=43
2023-03-17 00:26:12,805 INFO  statemachine.StateMachine (ArithmeticStateMachine.java:applyTransaction(182)) - LEADER:s2-43: a = null = null
2023-03-17 00:26:12,806 DEBUG server.RaftServer$Division (RaftServerImpl.java:logAppendEntries(1430)) - s3@group-08C85AF2C45E: receive appendEntries(s2, 1, (t:1, i:43), 43, true, commits:[s2:c43, s3:c41, s14:c41], cId:5717, entries: [(t:1, i:44), METADATAENTRY(c:43)]
2023-03-17 00:26:12,806 DEBUG server.RaftServer$Division (RaftServerImpl.java:submitClientRequestAsync(835)) - s2@group-08C85AF2C45E: receive client request(RaftClientRequest:client-D0569DAC76C3->s2@group-08C85AF2C45E, cid=5718, seq=0, RW, Message:01016200)
2023-03-17 00:26:12,806 DEBUG server.RaftServer$Division (LeaderStateImpl.java:addPendingRequest(474)) - s2@group-08C85AF2C45E-LeaderStateImpl: addPendingRequest at RaftClientRequest:client-D0569DAC76C3->s2@group-08C85AF2C45E, cid=5718, seq=0, RW, Message:01016200, entry=(t:1, i:45), STATEMACHINELOGENTRY, 5718@client-D0569DAC76C3
2023-03-17 00:26:12,806 DEBUG server.RaftServer$Division (RaftServerImpl.java:logAppendEntries(1430)) - s14@group-08C85AF2C45E: receive appendEntries(s2, 1, (t:1, i:42), 41, true, commits:[s2:c41, s3:c40, s14:c41], cId:5716, entries: [(t:1, i:43), STATEMACHINELOGENTRY, 5706@client-D0569DAC76C3]
2023-03-17 00:26:12,806 DEBUG server.RaftServer$Division (RaftServerImpl.java:logAppendEntries(1430)) - s3@group-08C85AF2C45E: succeeded to handle AppendEntries. Reply: s2<-s3#5717:OK-t1,SUCCESS,nextIndex=45,followerCommit=43,matchIndex=44
2023-03-17 00:26:12,807 DEBUG server.RaftServer$Division (RaftServerImpl.java:logAppendEntries(1430)) - s3@group-08C85AF2C45E: receive appendEntries(s2, 1, (t:1, i:44), 43, true, commits:[s2:c43, s3:c43, s14:c41], cId:5719, entries: [(t:1, i:45), STATEMACHINELOGENTRY, 5718@client-D0569DAC76C3]
2023-03-17 00:26:12,808 DEBUG server.RaftServer$Division (RaftServerImpl.java:logAppendEntries(1430)) - s14@group-08C85AF2C45E: succeeded to handle AppendEntries. Reply: s2<-s14#5716:OK-t1,SUCCESS,nextIndex=44,followerCommit=41,matchIndex=43
2023-03-17 00:26:12,808 DEBUG server.RaftServer$Division (RaftServerImpl.java:logAppendEntries(1430)) - s3@group-08C85AF2C45E: succeeded to handle AppendEntries. Reply: s2<-s3#5719:OK-t1,SUCCESS,nextIndex=46,followerCommit=43,matchIndex=45
2023-03-17 00:26:12,809 INFO  statemachine.StateMachine (ArithmeticStateMachine.java:applyTransaction(182)) - LEADER:s2-45: b = null = null
2023-03-17 00:26:12,810 DEBUG server.RaftServer$Division (RaftServerImpl.java:logAppendEntries(1430)) - s3@group-08C85AF2C45E: receive appendEntries(s2, 1, (t:1, i:45), 45, true, commits:[s2:c45, s3:c43, s14:c41], cId:5721, entries: [(t:1, i:46), METADATAENTRY(c:45)]
2023-03-17 00:26:12,810 DEBUG server.RaftServer$Division (RaftServerImpl.java:logAppendEntries(1430)) - s14@group-08C85AF2C45E: receive appendEntries(s2, 1, (t:1, i:43), 44, true, commits:[s2:c44, s3:c43, s14:c41], cId:5720, entries: [(t:1, i:44), METADATAENTRY(c:43), (t:1, i:45), STATEMACHINELOGENTRY, 5718@client-D0569DAC76C3]
2023-03-17 00:26:12,812 DEBUG server.RaftServer$Division (RaftServerImpl.java:logAppendEntries(1430)) - s3@group-08C85AF2C45E: succeeded to handle AppendEntries. Reply: s2<-s3#5721:OK-t1,SUCCESS,nextIndex=47,followerCommit=45,matchIndex=46
2023-03-17 00:26:12,812 DEBUG server.RaftServer$Division (RaftServerImpl.java:logAppendEntries(1430)) - s14@group-08C85AF2C45E: succeeded to handle AppendEntries. Reply: s2<-s14#5720:OK-t1,SUCCESS,nextIndex=46,followerCommit=44,matchIndex=45
2023-03-17 00:26:12,812 DEBUG server.RaftServer$Division (RaftServerImpl.java:submitClientRequestAsync(835)) - s2@group-08C85AF2C45E: receive client request(RaftClientRequest:client-D0569DAC76C3->s2@group-08C85AF2C45E, cid=5722, seq=0, RW, Message:01016300)
2023-03-17 00:26:12,812 DEBUG server.RaftServer$Division (LeaderStateImpl.java:addPendingRequest(474)) - s2@group-08C85AF2C45E-LeaderStateImpl: addPendingRequest at RaftClientRequest:client-D0569DAC76C3->s2@group-08C85AF2C45E, cid=5722, seq=0, RW, Message:01016300, entry=(t:1, i:47), STATEMACHINELOGENTRY, 5722@client-D0569DAC76C3
2023-03-17 00:26:12,814 DEBUG server.RaftServer$Division (RaftServerImpl.java:logAppendEntries(1430)) - s14@group-08C85AF2C45E: receive appendEntries(s2, 1, (t:1, i:45), 45, true, commits:[s2:c45, s3:c43, s14:c44], cId:5723, entries: [(t:1, i:46), METADATAENTRY(c:45), (t:1, i:47), STATEMACHINELOGENTRY, 5722@client-D0569DAC76C3]
2023-03-17 00:26:12,814 DEBUG server.RaftServer$Division (RaftServerImpl.java:logAppendEntries(1430)) - s3@group-08C85AF2C45E: receive appendEntries(s2, 1, (t:1, i:46), 45, true, commits:[s2:c45, s3:c45, s14:c44], cId:5724, entries: [(t:1, i:47), STATEMACHINELOGENTRY, 5722@client-D0569DAC76C3]
2023-03-17 00:26:12,815 DEBUG server.RaftServer$Division (RaftServerImpl.java:logAppendEntries(1430)) - s14@group-08C85AF2C45E: succeeded to handle AppendEntries. Reply: s2<-s14#5723:OK-t1,SUCCESS,nextIndex=48,followerCommit=45,matchIndex=47
2023-03-17 00:26:12,815 DEBUG server.RaftServer$Division (RaftServerImpl.java:logAppendEntries(1430)) - s3@group-08C85AF2C45E: succeeded to handle AppendEntries. Reply: s2<-s3#5724:OK-t1,SUCCESS,nextIndex=48,followerCommit=45,matchIndex=47
2023-03-17 00:26:12,816 INFO  statemachine.StateMachine (ArithmeticStateMachine.java:applyTransaction(182)) - LEADER:s2-47: c = null = null
2023-03-17 00:26:12,816 DEBUG server.RaftServer$Division (RaftServerImpl.java:logAppendEntries(1430)) - s14@group-08C85AF2C45E: receive appendEntries(s2, 1, (t:1, i:47), 47, true, commits:[s2:c47, s3:c45, s14:c45], cId:5725, entries: [(t:1, i:48), METADATAENTRY(c:47)]
2023-03-17 00:26:12,817 DEBUG server.RaftServer$Division (RaftServerImpl.java:logAppendEntries(1430)) - s3@group-08C85AF2C45E: receive appendEntries(s2, 1, (t:1, i:47), 47, true, commits:[s2:c47, s3:c45, s14:c45], cId:5727, entries: [(t:1, i:48), METADATAENTRY(c:47)]
2023-03-17 00:26:12,816 DEBUG server.RaftServer$Division (RaftServerImpl.java:submitClientRequestAsync(835)) - s2@group-08C85AF2C45E: receive client request(RaftClientRequest:client-D0569DAC76C3->s2@group-08C85AF2C45E, cid=5726, seq=0, RW, Message:01016102404980000000...(size=12))
2023-03-17 00:26:12,818 DEBUG server.RaftServer$Division (LeaderStateImpl.java:addPendingRequest(474)) - s2@group-08C85AF2C45E-LeaderStateImpl: addPendingRequest at RaftClientRequest:client-D0569DAC76C3->s2@group-08C85AF2C45E, cid=5726, seq=0, RW, Message:01016102404980000000...(size=12), entry=(t:1, i:49), STATEMACHINELOGENTRY, 5726@client-D0569DAC76C3
2023-03-17 00:26:12,818 DEBUG server.RaftServer$Division (RaftServerImpl.java:logAppendEntries(1430)) - s14@group-08C85AF2C45E: succeeded to handle AppendEntries. Reply: s2<-s14#5725:OK-t1,SUCCESS,nextIndex=49,followerCommit=47,matchIndex=48
2023-03-17 00:26:12,818 DEBUG server.RaftServer$Division (RaftServerImpl.java:logAppendEntries(1430)) - s3@group-08C85AF2C45E: succeeded to handle AppendEntries. Reply: s2<-s3#5727:OK-t1,SUCCESS,nextIndex=49,followerCommit=47,matchIndex=48
2023-03-17 00:26:12,819 DEBUG server.RaftServer$Division (RaftServerImpl.java:logAppendEntries(1430)) - s14@group-08C85AF2C45E: receive appendEntries(s2, 1, (t:1, i:48), 47, true, commits:[s2:c47, s3:c45, s14:c47], cId:5728, entries: [(t:1, i:49), STATEMACHINELOGENTRY, 5726@client-D0569DAC76C3]
2023-03-17 00:26:12,820 DEBUG server.RaftServer$Division (RaftServerImpl.java:logAppendEntries(1430)) - s3@group-08C85AF2C45E: receive appendEntries(s2, 1, (t:1, i:48), 48, true, commits:[s2:c48, s3:c47, s14:c47], cId:5729, entries: [(t:1, i:49), STATEMACHINELOGENTRY, 5726@client-D0569DAC76C3]
2023-03-17 00:26:12,820 DEBUG server.RaftServer$Division (RaftServerImpl.java:logAppendEntries(1430)) - s14@group-08C85AF2C45E: succeeded to handle AppendEntries. Reply: s2<-s14#5728:OK-t1,SUCCESS,nextIndex=50,followerCommit=47,matchIndex=49
2023-03-17 00:26:12,821 DEBUG server.RaftServer$Division (RaftServerImpl.java:logAppendEntries(1430)) - s3@group-08C85AF2C45E: succeeded to handle AppendEntries. Reply: s2<-s3#5729:OK-t1,SUCCESS,nextIndex=50,followerCommit=48,matchIndex=49
2023-03-17 00:26:12,821 INFO  statemachine.StateMachine (ArithmeticStateMachine.java:applyTransaction(182)) - LEADER:s2-49: a = 51 = 51
2023-03-17 00:26:12,822 DEBUG server.RaftServer$Division (RaftServerImpl.java:submitClientRequestAsync(835)) - s2@group-08C85AF2C45E: receive client request(RaftClientRequest:client-D0569DAC76C3->s2@group-08C85AF2C45E, cid=5731, seq=0, RW, Message:01016202409450000000...(size=12))
2023-03-17 00:26:12,822 DEBUG server.RaftServer$Division (LeaderStateImpl.java:addPendingRequest(474)) - s2@group-08C85AF2C45E-LeaderStateImpl: addPendingRequest at RaftClientRequest:client-D0569DAC76C3->s2@group-08C85AF2C45E, cid=5731, seq=0, RW, Message:01016202409450000000...(size=12), entry=(t:1, i:51), STATEMACHINELOGENTRY, 5731@client-D0569DAC76C3
2023-03-17 00:26:12,822 DEBUG server.RaftServer$Division (RaftServerImpl.java:logAppendEntries(1430)) - s14@group-08C85AF2C45E: receive appendEntries(s2, 1, (t:1, i:49), 49, true, commits:[s2:c49, s3:c47, s14:c47], cId:5730, entries: [(t:1, i:50), METADATAENTRY(c:49)]
2023-03-17 00:26:12,822 DEBUG server.RaftServer$Division (RaftServerImpl.java:logAppendEntries(1430)) - s3@group-08C85AF2C45E: receive appendEntries(s2, 1, (t:1, i:49), 49, true, commits:[s2:c49, s3:c48, s14:c47], cId:5732, entries: [(t:1, i:50), METADATAENTRY(c:49)]
2023-03-17 00:26:12,823 DEBUG server.RaftServer$Division (RaftServerImpl.java:logAppendEntries(1430)) - s3@group-08C85AF2C45E: succeeded to handle AppendEntries. Reply: s2<-s3#5732:OK-t1,SUCCESS,nextIndex=51,followerCommit=49,matchIndex=50
2023-03-17 00:26:12,828 DEBUG server.RaftServer$Division (RaftServerImpl.java:logAppendEntries(1430)) - s14@group-08C85AF2C45E: succeeded to handle AppendEntries. Reply: s2<-s14#5730:OK-t1,SUCCESS,nextIndex=51,followerCommit=49,matchIndex=50
2023-03-17 00:26:12,829 DEBUG server.RaftServer$Division (RaftServerImpl.java:logAppendEntries(1430)) - s14@group-08C85AF2C45E: receive appendEntries(s2, 1, (t:1, i:50), 50, true, commits:[s2:c50, s3:c49, s14:c49], cId:5734, entries: [(t:1, i:51), STATEMACHINELOGENTRY, 5731@client-D0569DAC76C3]
2023-03-17 00:26:12,828 DEBUG server.RaftServer$Division (RaftServerImpl.java:logAppendEntries(1430)) - s3@group-08C85AF2C45E: receive appendEntries(s2, 1, (t:1, i:50), 49, true, commits:[s2:c49, s3:c49, s14:c47], cId:5733, entries: [(t:1, i:51), STATEMACHINELOGENTRY, 5731@client-D0569DAC76C3]
2023-03-17 00:26:12,830 DEBUG server.RaftServer$Division (RaftServerImpl.java:logAppendEntries(1430)) - s14@group-08C85AF2C45E: succeeded to handle AppendEntries. Reply: s2<-s14#5734:OK-t1,SUCCESS,nextIndex=52,followerCommit=50,matchIndex=51
2023-03-17 00:26:12,830 DEBUG server.RaftServer$Division (RaftServerImpl.java:logAppendEntries(1430)) - s3@group-08C85AF2C45E: succeeded to handle AppendEntries. Reply: s2<-s3#5733:OK-t1,SUCCESS,nextIndex=52,followerCommit=49,matchIndex=51
2023-03-17 00:26:12,830 INFO  statemachine.StateMachine (ArithmeticStateMachine.java:applyTransaction(182)) - LEADER:s2-51: b = 1300 = 1300
2023-03-17 00:26:12,831 DEBUG server.RaftServer$Division (RaftServerImpl.java:logAppendEntries(1430)) - s3@group-08C85AF2C45E: receive appendEntries(s2, 1, (t:1, i:51), 51, true, commits:[s2:c51, s3:c49, s14:c49], cId:5735, entries: [(t:1, i:52), METADATAENTRY(c:51)]
2023-03-17 00:26:12,831 DEBUG server.RaftServer$Division (RaftServerImpl.java:submitClientRequestAsync(835)) - s2@group-08C85AF2C45E: receive client request(RaftClientRequest:client-D0569DAC76C3->s2@group-08C85AF2C45E, cid=5736, seq=0, RW, Message:01016304010300040201...(size=17))
2023-03-17 00:26:12,832 DEBUG server.RaftServer$Division (LeaderStateImpl.java:addPendingRequest(474)) - s2@group-08C85AF2C45E-LeaderStateImpl: addPendingRequest at RaftClientRequest:client-D0569DAC76C3->s2@group-08C85AF2C45E, cid=5736, seq=0, RW, Message:01016304010300040201...(size=17), entry=(t:1, i:53), STATEMACHINELOGENTRY, 5736@client-D0569DAC76C3
2023-03-17 00:26:12,832 DEBUG server.RaftServer$Division (RaftServerImpl.java:logAppendEntries(1430)) - s14@group-08C85AF2C45E: receive appendEntries(s2, 1, (t:1, i:51), 51, true, commits:[s2:c51, s3:c49, s14:c50], cId:5737, entries: [(t:1, i:52), METADATAENTRY(c:51)]
2023-03-17 00:26:12,833 DEBUG server.RaftServer$Division (RaftServerImpl.java:logAppendEntries(1430)) - s3@group-08C85AF2C45E: succeeded to handle AppendEntries. Reply: s2<-s3#5735:OK-t1,SUCCESS,nextIndex=53,followerCommit=51,matchIndex=52
2023-03-17 00:26:12,836 DEBUG server.RaftServer$Division (RaftServerImpl.java:logAppendEntries(1430)) - s14@group-08C85AF2C45E: succeeded to handle AppendEntries. Reply: s2<-s14#5737:OK-t1,SUCCESS,nextIndex=53,followerCommit=51,matchIndex=52
2023-03-17 00:26:12,837 DEBUG server.RaftServer$Division (RaftServerImpl.java:logAppendEntries(1430)) - s14@group-08C85AF2C45E: receive appendEntries(s2, 1, (t:1, i:52), 52, true, commits:[s2:c52, s3:c51, s14:c51], cId:5739, entries: [(t:1, i:53), STATEMACHINELOGENTRY, 5736@client-D0569DAC76C3]
2023-03-17 00:26:12,838 DEBUG server.RaftServer$Division (RaftServerImpl.java:logAppendEntries(1430)) - s14@group-08C85AF2C45E: succeeded to handle AppendEntries. Reply: s2<-s14#5739:OK-t1,SUCCESS,nextIndex=54,followerCommit=52,matchIndex=53
2023-03-17 00:26:12,838 INFO  statemachine.StateMachine (ArithmeticStateMachine.java:applyTransaction(182)) - LEADER:s2-53: c = √(a^2 + b^2) = 1301
2023-03-17 00:26:12,839 DEBUG server.RaftServer$Division (RaftServerImpl.java:submitClientRequestAsync(835)) - s2@group-08C85AF2C45E: receive client request(RaftClientRequest:client-D0569DAC76C3->s2@group-08C85AF2C45E, cid=5741, seq=0, RW, Message:01016100)
2023-03-17 00:26:12,839 DEBUG server.RaftServer$Division (LeaderStateImpl.java:addPendingRequest(474)) - s2@group-08C85AF2C45E-LeaderStateImpl: addPendingRequest at RaftClientRequest:client-D0569DAC76C3->s2@group-08C85AF2C45E, cid=5741, seq=0, RW, Message:01016100, entry=(t:1, i:55), STATEMACHINELOGENTRY, 5741@client-D0569DAC76C3
2023-03-17 00:26:12,840 DEBUG server.RaftServer$Division (RaftServerImpl.java:logAppendEntries(1430)) - s3@group-08C85AF2C45E: receive appendEntries(s2, 1, (t:1, i:52), 51, true, commits:[s2:c51, s3:c51, s14:c50], cId:5738, entries: [(t:1, i:53), STATEMACHINELOGENTRY, 5736@client-D0569DAC76C3]
2023-03-17 00:26:12,842 DEBUG server.RaftServer$Division (RaftServerImpl.java:logAppendEntries(1430)) - s3@group-08C85AF2C45E: succeeded to handle AppendEntries. Reply: s2<-s3#5738:OK-t1,SUCCESS,nextIndex=54,followerCommit=51,matchIndex=53
2023-03-17 00:26:12,843 DEBUG server.RaftServer$Division (RaftServerImpl.java:logAppendEntries(1430)) - s3@group-08C85AF2C45E: receive appendEntries(s2, 1, (t:1, i:53), 53, true, commits:[s2:c53, s3:c51, s14:c52], cId:5742, entries: [(t:1, i:54), METADATAENTRY(c:53), (t:1, i:55), STATEMACHINELOGENTRY, 5741@client-D0569DAC76C3]
2023-03-17 00:26:12,843 DEBUG server.RaftServer$Division (RaftServerImpl.java:logAppendEntries(1430)) - s3@group-08C85AF2C45E: succeeded to handle AppendEntries. Reply: s2<-s3#5742:OK-t1,SUCCESS,nextIndex=56,followerCommit=53,matchIndex=55
2023-03-17 00:26:12,844 INFO  statemachine.StateMachine (ArithmeticStateMachine.java:applyTransaction(182)) - LEADER:s2-55: a = null = null
2023-03-17 00:26:12,844 DEBUG server.RaftServer$Division (RaftServerImpl.java:submitClientRequestAsync(835)) - s2@group-08C85AF2C45E: receive client request(RaftClientRequest:client-D0569DAC76C3->s2@group-08C85AF2C45E, cid=5744, seq=0, RW, Message:01016200)
2023-03-17 00:26:12,845 DEBUG server.RaftServer$Division (LeaderStateImpl.java:addPendingRequest(474)) - s2@group-08C85AF2C45E-LeaderStateImpl: addPendingRequest at RaftClientRequest:client-D0569DAC76C3->s2@group-08C85AF2C45E, cid=5744, seq=0, RW, Message:01016200, entry=(t:1, i:57), STATEMACHINELOGENTRY, 5744@client-D0569DAC76C3
2023-03-17 00:26:12,845 DEBUG server.RaftServer$Division (RaftServerImpl.java:logAppendEntries(1430)) - s3@group-08C85AF2C45E: receive appendEntries(s2, 1, (t:1, i:55), 55, true, commits:[s2:c55, s3:c53, s14:c52], cId:5743, entries: [(t:1, i:56), METADATAENTRY(c:55)]
2023-03-17 00:26:12,845 DEBUG server.RaftServer$Division (RaftServerImpl.java:logAppendEntries(1430)) - s3@group-08C85AF2C45E: succeeded to handle AppendEntries. Reply: s2<-s3#5743:OK-t1,SUCCESS,nextIndex=57,followerCommit=55,matchIndex=56
2023-03-17 00:26:12,846 DEBUG server.RaftServer$Division (RaftServerImpl.java:logAppendEntries(1430)) - s3@group-08C85AF2C45E: receive appendEntries(s2, 1, (t:1, i:56), 55, true, commits:[s2:c55, s3:c55, s14:c52], cId:5745, entries: [(t:1, i:57), STATEMACHINELOGENTRY, 5744@client-D0569DAC76C3]
2023-03-17 00:26:12,847 DEBUG server.RaftServer$Division (RaftServerImpl.java:logAppendEntries(1430)) - s3@group-08C85AF2C45E: succeeded to handle AppendEntries. Reply: s2<-s3#5745:OK-t1,SUCCESS,nextIndex=58,followerCommit=55,matchIndex=57
2023-03-17 00:26:12,847 INFO  statemachine.StateMachine (ArithmeticStateMachine.java:applyTransaction(182)) - LEADER:s2-57: b = null = null
2023-03-17 00:26:12,848 DEBUG server.RaftServer$Division (RaftServerImpl.java:submitClientRequestAsync(835)) - s2@group-08C85AF2C45E: receive client request(RaftClientRequest:client-D0569DAC76C3->s2@group-08C85AF2C45E, cid=5747, seq=0, RW, Message:01016300)
2023-03-17 00:26:12,848 DEBUG server.RaftServer$Division (LeaderStateImpl.java:addPendingRequest(474)) - s2@group-08C85AF2C45E-LeaderStateImpl: addPendingRequest at RaftClientRequest:client-D0569DAC76C3->s2@group-08C85AF2C45E, cid=5747, seq=0, RW, Message:01016300, entry=(t:1, i:59), STATEMACHINELOGENTRY, 5747@client-D0569DAC76C3
2023-03-17 00:26:12,849 DEBUG server.RaftServer$Division (RaftServerImpl.java:logAppendEntries(1430)) - s3@group-08C85AF2C45E: receive appendEntries(s2, 1, (t:1, i:57), 57, true, commits:[s2:c57, s3:c55, s14:c52], cId:5746, entries: [(t:1, i:58), METADATAENTRY(c:57)]
2023-03-17 00:26:12,849 DEBUG server.RaftServer$Division (RaftServerImpl.java:logAppendEntries(1430)) - s3@group-08C85AF2C45E: succeeded to handle AppendEntries. Reply: s2<-s3#5746:OK-t1,SUCCESS,nextIndex=59,followerCommit=57,matchIndex=58
2023-03-17 00:26:12,850 DEBUG server.RaftServer$Division (RaftServerImpl.java:logAppendEntries(1430)) - s3@group-08C85AF2C45E: receive appendEntries(s2, 1, (t:1, i:58), 58, true, commits:[s2:c58, s3:c57, s14:c52], cId:5748, entries: [(t:1, i:59), STATEMACHINELOGENTRY, 5747@client-D0569DAC76C3]
2023-03-17 00:26:12,850 DEBUG server.RaftServer$Division (RaftServerImpl.java:logAppendEntries(1430)) - s3@group-08C85AF2C45E: succeeded to handle AppendEntries. Reply: s2<-s3#5748:OK-t1,SUCCESS,nextIndex=60,followerCommit=58,matchIndex=59
2023-03-17 00:26:12,850 DEBUG server.RaftServer$Division (RaftServerImpl.java:logAppendEntries(1430)) - s14@group-08C85AF2C45E: receive appendEntries(s2, 1, (t:1, i:53), 53, true, commits:[s2:c53, s3:c51, s14:c52], cId:5740, entries: [(t:1, i:54), METADATAENTRY(c:53)]
2023-03-17 00:26:12,851 INFO  statemachine.StateMachine (ArithmeticStateMachine.java:applyTransaction(182)) - LEADER:s2-59: c = null = null
2023-03-17 00:26:12,851 DEBUG server.RaftServer$Division (RaftServerImpl.java:logAppendEntries(1430)) - s14@group-08C85AF2C45E: succeeded to handle AppendEntries. Reply: s2<-s14#5740:OK-t1,SUCCESS,nextIndex=55,followerCommit=53,matchIndex=54
2023-03-17 00:26:12,852 DEBUG server.RaftServer$Division (RaftServerImpl.java:submitClientRequestAsync(835)) - s2@group-08C85AF2C45E: receive client request(RaftClientRequest:client-D0569DAC76C3->s2@group-08C85AF2C45E, cid=5750, seq=0, RW, Message:01016102404a80000000...(size=12))
2023-03-17 00:26:12,852 DEBUG server.RaftServer$Division (LeaderStateImpl.java:addPendingRequest(474)) - s2@group-08C85AF2C45E-LeaderStateImpl: addPendingRequest at RaftClientRequest:client-D0569DAC76C3->s2@group-08C85AF2C45E, cid=5750, seq=0, RW, Message:01016102404a80000000...(size=12), entry=(t:1, i:61), STATEMACHINELOGENTRY, 5750@client-D0569DAC76C3
2023-03-17 00:26:12,852 DEBUG server.RaftServer$Division (RaftServerImpl.java:logAppendEntries(1430)) - s3@group-08C85AF2C45E: receive appendEntries(s2, 1, (t:1, i:59), 59, true, commits:[s2:c59, s3:c58, s14:c52], cId:5749, entries: [(t:1, i:60), METADATAENTRY(c:59)]
2023-03-17 00:26:12,852 DEBUG server.RaftServer$Division (RaftServerImpl.java:logAppendEntries(1430)) - s3@group-08C85AF2C45E: succeeded to handle AppendEntries. Reply: s2<-s3#5749:OK-t1,SUCCESS,nextIndex=61,followerCommit=59,matchIndex=60
2023-03-17 00:26:12,853 DEBUG server.RaftServer$Division (RaftServerImpl.java:logAppendEntries(1430)) - s14@group-08C85AF2C45E: receive appendEntries(s2, 1, (t:1, i:54), 59, true, commits:[s2:c59, s3:c58, s14:c53], cId:5751, entries: [(t:1, i:55), STATEMACHINELOGENTRY, 5741@client-D0569DAC76C3, (t:1, i:56), METADATAENTRY(c:55), (t:1, i:57), STATEMACHINELOGENTRY, 5744@client-D0569DAC76C3, (t:1, i:58), METADATAENTRY(c:57), (t:1, i:59), STATEMACHINELOGENTRY, 5747@client-D0569DAC76C3, (t:1, i:60), METADATAENTRY(c:59), (t:1, i:61), STATEMACHINELOGENTRY, 5750@client-D0569DAC76C3]
2023-03-17 00:26:12,853 DEBUG server.RaftServer$Division (RaftServerImpl.java:logAppendEntries(1430)) - s3@group-08C85AF2C45E: receive appendEntries(s2, 1, (t:1, i:60), 59, true, commits:[s2:c59, s3:c59, s14:c53], cId:5752, entries: [(t:1, i:61), STATEMACHINELOGENTRY, 5750@client-D0569DAC76C3]
2023-03-17 00:26:12,854 DEBUG server.RaftServer$Division (RaftServerImpl.java:logAppendEntries(1430)) - s3@group-08C85AF2C45E: succeeded to handle AppendEntries. Reply: s2<-s3#5752:OK-t1,SUCCESS,nextIndex=62,followerCommit=59,matchIndex=61
2023-03-17 00:26:12,855 DEBUG server.RaftServer$Division (RaftServerImpl.java:logAppendEntries(1430)) - s14@group-08C85AF2C45E: succeeded to handle AppendEntries. Reply: s2<-s14#5751:OK-t1,SUCCESS,nextIndex=62,followerCommit=59,matchIndex=61
2023-03-17 00:26:12,855 INFO  statemachine.StateMachine (ArithmeticStateMachine.java:applyTransaction(182)) - LEADER:s2-61: a = 53 = 53
2023-03-17 00:26:12,856 DEBUG server.RaftServer$Division (RaftServerImpl.java:logAppendEntries(1430)) - s14@group-08C85AF2C45E: receive appendEntries(s2, 1, (t:1, i:61), 61, true, commits:[s2:c61, s3:c59, s14:c59], cId:5755, entries: [(t:1, i:62), METADATAENTRY(c:61)]
2023-03-17 00:26:12,856 DEBUG server.RaftServer$Division (RaftServerImpl.java:submitClientRequestAsync(835)) - s2@group-08C85AF2C45E: receive client request(RaftClientRequest:client-D0569DAC76C3->s2@group-08C85AF2C45E, cid=5754, seq=0, RW, Message:010162024095f0000000...(size=12))
2023-03-17 00:26:12,856 DEBUG server.RaftServer$Division (RaftServerImpl.java:logAppendEntries(1430)) - s3@group-08C85AF2C45E: receive appendEntries(s2, 1, (t:1, i:61), 61, true, commits:[s2:c61, s3:c59, s14:c53], cId:5753, entries: [(t:1, i:62), METADATAENTRY(c:61)]
2023-03-17 00:26:12,856 DEBUG server.RaftServer$Division (LeaderStateImpl.java:addPendingRequest(474)) - s2@group-08C85AF2C45E-LeaderStateImpl: addPendingRequest at RaftClientRequest:client-D0569DAC76C3->s2@group-08C85AF2C45E, cid=5754, seq=0, RW, Message:010162024095f0000000...(size=12), entry=(t:1, i:63), STATEMACHINELOGENTRY, 5754@client-D0569DAC76C3
2023-03-17 00:26:12,857 DEBUG server.RaftServer$Division (RaftServerImpl.java:logAppendEntries(1430)) - s3@group-08C85AF2C45E: succeeded to handle AppendEntries. Reply: s2<-s3#5753:OK-t1,SUCCESS,nextIndex=63,followerCommit=61,matchIndex=62
2023-03-17 00:26:12,857 DEBUG server.RaftServer$Division (RaftServerImpl.java:logAppendEntries(1430)) - s3@group-08C85AF2C45E: receive appendEntries(s2, 1, (t:1, i:62), 61, true, commits:[s2:c61, s3:c61, s14:c59], cId:5756, entries: [(t:1, i:63), STATEMACHINELOGENTRY, 5754@client-D0569DAC76C3]
2023-03-17 00:26:12,858 DEBUG server.RaftServer$Division (RaftServerImpl.java:logAppendEntries(1430)) - s14@group-08C85AF2C45E: succeeded to handle AppendEntries. Reply: s2<-s14#5755:OK-t1,SUCCESS,nextIndex=63,followerCommit=61,matchIndex=62
2023-03-17 00:26:12,858 DEBUG server.RaftServer$Division (RaftServerImpl.java:logAppendEntries(1430)) - s3@group-08C85AF2C45E: succeeded to handle AppendEntries. Reply: s2<-s3#5756:OK-t1,SUCCESS,nextIndex=64,followerCommit=61,matchIndex=63
2023-03-17 00:26:12,858 INFO  statemachine.StateMachine (ArithmeticStateMachine.java:applyTransaction(182)) - LEADER:s2-63: b = 1404 = 1404
2023-03-17 00:26:12,859 DEBUG server.RaftServer$Division (RaftServerImpl.java:submitClientRequestAsync(835)) - s2@group-08C85AF2C45E: receive client request(RaftClientRequest:client-D0569DAC76C3->s2@group-08C85AF2C45E, cid=5759, seq=0, RW, Message:01016304010300040201...(size=17))
2023-03-17 00:26:12,859 DEBUG server.RaftServer$Division (RaftServerImpl.java:logAppendEntries(1430)) - s3@group-08C85AF2C45E: receive appendEntries(s2, 1, (t:1, i:63), 63, true, commits:[s2:c63, s3:c61, s14:c61], cId:5758, entries: [(t:1, i:64), METADATAENTRY(c:63)]
2023-03-17 00:26:12,859 DEBUG server.RaftServer$Division (LeaderStateImpl.java:addPendingRequest(474)) - s2@group-08C85AF2C45E-LeaderStateImpl: addPendingRequest at RaftClientRequest:client-D0569DAC76C3->s2@group-08C85AF2C45E, cid=5759, seq=0, RW, Message:01016304010300040201...(size=17), entry=(t:1, i:65), STATEMACHINELOGENTRY, 5759@client-D0569DAC76C3
2023-03-17 00:26:12,859 DEBUG server.RaftServer$Division (RaftServerImpl.java:logAppendEntries(1430)) - s14@group-08C85AF2C45E: receive appendEntries(s2, 1, (t:1, i:62), 63, true, commits:[s2:c63, s3:c61, s14:c61], cId:5757, entries: [(t:1, i:63), STATEMACHINELOGENTRY, 5754@client-D0569DAC76C3, (t:1, i:64), METADATAENTRY(c:63)]
2023-03-17 00:26:12,860 DEBUG server.RaftServer$Division (RaftServerImpl.java:logAppendEntries(1430)) - s3@group-08C85AF2C45E: succeeded to handle AppendEntries. Reply: s2<-s3#5758:OK-t1,SUCCESS,nextIndex=65,followerCommit=63,matchIndex=64
2023-03-17 00:26:12,861 DEBUG server.RaftServer$Division (RaftServerImpl.java:logAppendEntries(1430)) - s14@group-08C85AF2C45E: succeeded to handle AppendEntries. Reply: s2<-s14#5757:OK-t1,SUCCESS,nextIndex=65,followerCommit=63,matchIndex=64
2023-03-17 00:26:12,861 DEBUG server.RaftServer$Division (RaftServerImpl.java:logAppendEntries(1430)) - s3@group-08C85AF2C45E: receive appendEntries(s2, 1, (t:1, i:64), 63, true, commits:[s2:c63, s3:c63, s14:c61], cId:5760, entries: [(t:1, i:65), STATEMACHINELOGENTRY, 5759@client-D0569DAC76C3]
2023-03-17 00:26:12,861 DEBUG server.RaftServer$Division (RaftServerImpl.java:logAppendEntries(1430)) - s3@group-08C85AF2C45E: succeeded to handle AppendEntries. Reply: s2<-s3#5760:OK-t1,SUCCESS,nextIndex=66,followerCommit=63,matchIndex=65
2023-03-17 00:26:12,861 INFO  statemachine.StateMachine (ArithmeticStateMachine.java:applyTransaction(182)) - LEADER:s2-65: c = √(a^2 + b^2) = 1405
2023-03-17 00:26:12,862 DEBUG server.RaftServer$Division (RaftServerImpl.java:logAppendEntries(1430)) - s14@group-08C85AF2C45E: receive appendEntries(s2, 1, (t:1, i:64), 64, true, commits:[s2:c64, s3:c63, s14:c63], cId:5761, entries: [(t:1, i:65), STATEMACHINELOGENTRY, 5759@client-D0569DAC76C3]
2023-03-17 00:26:12,862 DEBUG server.RaftServer$Division (RaftServerImpl.java:submitClientRequestAsync(835)) - s2@group-08C85AF2C45E: receive client request(RaftClientRequest:client-D0569DAC76C3->s2@group-08C85AF2C45E, cid=5763, seq=0, RW, Message:01016100)
2023-03-17 00:26:12,862 DEBUG server.RaftServer$Division (RaftServerImpl.java:logAppendEntries(1430)) - s3@group-08C85AF2C45E: receive appendEntries(s2, 1, (t:1, i:65), 65, true, commits:[s2:c65, s3:c63, s14:c63], cId:5762, entries: [(t:1, i:66), METADATAENTRY(c:65)]
2023-03-17 00:26:12,862 DEBUG server.RaftServer$Division (LeaderStateImpl.java:addPendingRequest(474)) - s2@group-08C85AF2C45E-LeaderStateImpl: addPendingRequest at RaftClientRequest:client-D0569DAC76C3->s2@group-08C85AF2C45E, cid=5763, seq=0, RW, Message:01016100, entry=(t:1, i:67), STATEMACHINELOGENTRY, 5763@client-D0569DAC76C3
2023-03-17 00:26:12,863 DEBUG server.RaftServer$Division (RaftServerImpl.java:logAppendEntries(1430)) - s14@group-08C85AF2C45E: succeeded to handle AppendEntries. Reply: s2<-s14#5761:OK-t1,SUCCESS,nextIndex=66,followerCommit=64,matchIndex=65
2023-03-17 00:26:12,863 DEBUG server.RaftServer$Division (RaftServerImpl.java:logAppendEntries(1430)) - s3@group-08C85AF2C45E: succeeded to handle AppendEntries. Reply: s2<-s3#5762:OK-t1,SUCCESS,nextIndex=67,followerCommit=65,matchIndex=66
2023-03-17 00:26:12,865 DEBUG server.RaftServer$Division (RaftServerImpl.java:logAppendEntries(1430)) - s14@group-08C85AF2C45E: receive appendEntries(s2, 1, (t:1, i:65), 65, true, commits:[s2:c65, s3:c65, s14:c64], cId:5765, entries: [(t:1, i:66), METADATAENTRY(c:65), (t:1, i:67), STATEMACHINELOGENTRY, 5763@client-D0569DAC76C3]
2023-03-17 00:26:12,865 DEBUG server.RaftServer$Division (RaftServerImpl.java:logAppendEntries(1430)) - s3@group-08C85AF2C45E: receive appendEntries(s2, 1, (t:1, i:66), 65, true, commits:[s2:c65, s3:c65, s14:c63], cId:5764, entries: [(t:1, i:67), STATEMACHINELOGENTRY, 5763@client-D0569DAC76C3]
2023-03-17 00:26:12,866 DEBUG server.RaftServer$Division (RaftServerImpl.java:logAppendEntries(1430)) - s3@group-08C85AF2C45E: succeeded to handle AppendEntries. Reply: s2<-s3#5764:OK-t1,SUCCESS,nextIndex=68,followerCommit=65,matchIndex=67
2023-03-17 00:26:12,866 DEBUG server.RaftServer$Division (RaftServerImpl.java:logAppendEntries(1430)) - s14@group-08C85AF2C45E: succeeded to handle AppendEntries. Reply: s2<-s14#5765:OK-t1,SUCCESS,nextIndex=68,followerCommit=65,matchIndex=67
2023-03-17 00:26:12,866 INFO  statemachine.StateMachine (ArithmeticStateMachine.java:applyTransaction(182)) - LEADER:s2-67: a = null = null
2023-03-17 00:26:12,867 DEBUG server.RaftServer$Division (RaftServerImpl.java:submitClientRequestAsync(835)) - s2@group-08C85AF2C45E: receive client request(RaftClientRequest:client-D0569DAC76C3->s2@group-08C85AF2C45E, cid=5767, seq=0, RW, Message:01016200)
2023-03-17 00:26:12,867 DEBUG server.RaftServer$Division (RaftServerImpl.java:logAppendEntries(1430)) - s3@group-08C85AF2C45E: receive appendEntries(s2, 1, (t:1, i:67), 67, true, commits:[s2:c67, s3:c65, s14:c64], cId:5766, entries: [(t:1, i:68), METADATAENTRY(c:67)]
2023-03-17 00:26:12,867 DEBUG server.RaftServer$Division (LeaderStateImpl.java:addPendingRequest(474)) - s2@group-08C85AF2C45E-LeaderStateImpl: addPendingRequest at RaftClientRequest:client-D0569DAC76C3->s2@group-08C85AF2C45E, cid=5767, seq=0, RW, Message:01016200, entry=(t:1, i:69), STATEMACHINELOGENTRY, 5767@client-D0569DAC76C3
2023-03-17 00:26:12,868 DEBUG server.RaftServer$Division (RaftServerImpl.java:logAppendEntries(1430)) - s3@group-08C85AF2C45E: succeeded to handle AppendEntries. Reply: s2<-s3#5766:OK-t1,SUCCESS,nextIndex=69,followerCommit=67,matchIndex=68
2023-03-17 00:26:12,868 DEBUG server.RaftServer$Division (RaftServerImpl.java:logAppendEntries(1430)) - s14@group-08C85AF2C45E: receive appendEntries(s2, 1, (t:1, i:67), 67, true, commits:[s2:c67, s3:c65, s14:c65], cId:5768, entries: [(t:1, i:68), METADATAENTRY(c:67)]
2023-03-17 00:26:12,868 DEBUG server.RaftServer$Division (RaftServerImpl.java:logAppendEntries(1430)) - s3@group-08C85AF2C45E: receive appendEntries(s2, 1, (t:1, i:68), 67, true, commits:[s2:c67, s3:c67, s14:c65], cId:5769, entries: [(t:1, i:69), STATEMACHINELOGENTRY, 5767@client-D0569DAC76C3]
2023-03-17 00:26:12,869 DEBUG server.RaftServer$Division (RaftServerImpl.java:logAppendEntries(1430)) - s14@group-08C85AF2C45E: succeeded to handle AppendEntries. Reply: s2<-s14#5768:OK-t1,SUCCESS,nextIndex=69,followerCommit=67,matchIndex=68
2023-03-17 00:26:12,869 DEBUG server.RaftServer$Division (RaftServerImpl.java:logAppendEntries(1430)) - s3@group-08C85AF2C45E: succeeded to handle AppendEntries. Reply: s2<-s3#5769:OK-t1,SUCCESS,nextIndex=70,followerCommit=67,matchIndex=69
2023-03-17 00:26:12,870 DEBUG server.RaftServer$Division (RaftServerImpl.java:logAppendEntries(1430)) - s14@group-08C85AF2C45E: receive appendEntries(s2, 1, (t:1, i:68), 68, true, commits:[s2:c68, s3:c67, s14:c67], cId:5770, entries: [(t:1, i:69), STATEMACHINELOGENTRY, 5767@client-D0569DAC76C3]
2023-03-17 00:26:12,870 INFO  statemachine.StateMachine (ArithmeticStateMachine.java:applyTransaction(182)) - LEADER:s2-69: b = null = null
2023-03-17 00:26:12,870 DEBUG server.RaftServer$Division (RaftServerImpl.java:logAppendEntries(1430)) - s3@group-08C85AF2C45E: receive appendEntries(s2, 1, (t:1, i:69), 69, true, commits:[s2:c69, s3:c67, s14:c67], cId:5771, entries: [(t:1, i:70), METADATAENTRY(c:69)]
2023-03-17 00:26:12,870 DEBUG server.RaftServer$Division (RaftServerImpl.java:logAppendEntries(1430)) - s14@group-08C85AF2C45E: succeeded to handle AppendEntries. Reply: s2<-s14#5770:OK-t1,SUCCESS,nextIndex=70,followerCommit=68,matchIndex=69
2023-03-17 00:26:12,871 DEBUG server.RaftServer$Division (RaftServerImpl.java:submitClientRequestAsync(835)) - s2@group-08C85AF2C45E: receive client request(RaftClientRequest:client-D0569DAC76C3->s2@group-08C85AF2C45E, cid=5772, seq=0, RW, Message:01016300)
2023-03-17 00:26:12,871 DEBUG server.RaftServer$Division (LeaderStateImpl.java:addPendingRequest(474)) - s2@group-08C85AF2C45E-LeaderStateImpl: addPendingRequest at RaftClientRequest:client-D0569DAC76C3->s2@group-08C85AF2C45E, cid=5772, seq=0, RW, Message:01016300, entry=(t:1, i:71), STATEMACHINELOGENTRY, 5772@client-D0569DAC76C3
2023-03-17 00:26:12,871 DEBUG server.RaftServer$Division (RaftServerImpl.java:logAppendEntries(1430)) - s3@group-08C85AF2C45E: succeeded to handle AppendEntries. Reply: s2<-s3#5771:OK-t1,SUCCESS,nextIndex=71,followerCommit=69,matchIndex=70
2023-03-17 00:26:12,872 DEBUG server.RaftServer$Division (RaftServerImpl.java:logAppendEntries(1430)) - s3@group-08C85AF2C45E: receive appendEntries(s2, 1, (t:1, i:70), 70, true, commits:[s2:c70, s3:c69, s14:c68], cId:5774, entries: [(t:1, i:71), STATEMACHINELOGENTRY, 5772@client-D0569DAC76C3]
2023-03-17 00:26:12,872 DEBUG server.RaftServer$Division (RaftServerImpl.java:logAppendEntries(1430)) - s14@group-08C85AF2C45E: receive appendEntries(s2, 1, (t:1, i:69), 69, true, commits:[s2:c69, s3:c67, s14:c68], cId:5773, entries: [(t:1, i:70), METADATAENTRY(c:69)]
2023-03-17 00:26:12,873 DEBUG server.RaftServer$Division (RaftServerImpl.java:logAppendEntries(1430)) - s3@group-08C85AF2C45E: succeeded to handle AppendEntries. Reply: s2<-s3#5774:OK-t1,SUCCESS,nextIndex=72,followerCommit=70,matchIndex=71
2023-03-17 00:26:12,873 INFO  statemachine.StateMachine (ArithmeticStateMachine.java:applyTransaction(182)) - LEADER:s2-71: c = null = null
2023-03-17 00:26:12,873 DEBUG server.RaftServer$Division (RaftServerImpl.java:logAppendEntries(1430)) - s14@group-08C85AF2C45E: succeeded to handle AppendEntries. Reply: s2<-s14#5773:OK-t1,SUCCESS,nextIndex=71,followerCommit=69,matchIndex=70
2023-03-17 00:26:12,874 DEBUG server.RaftServer$Division (RaftServerImpl.java:submitClientRequestAsync(835)) - s2@group-08C85AF2C45E: receive client request(RaftClientRequest:client-D0569DAC76C3->s2@group-08C85AF2C45E, cid=5777, seq=0, RW, Message:01016102404b80000000...(size=12))
2023-03-17 00:26:12,874 DEBUG server.RaftServer$Division (LeaderStateImpl.java:addPendingRequest(474)) - s2@group-08C85AF2C45E-LeaderStateImpl: addPendingRequest at RaftClientRequest:client-D0569DAC76C3->s2@group-08C85AF2C45E, cid=5777, seq=0, RW, Message:01016102404b80000000...(size=12), entry=(t:1, i:73), STATEMACHINELOGENTRY, 5777@client-D0569DAC76C3
2023-03-17 00:26:12,875 DEBUG server.RaftServer$Division (RaftServerImpl.java:logAppendEntries(1430)) - s3@group-08C85AF2C45E: receive appendEntries(s2, 1, (t:1, i:71), 71, true, commits:[s2:c71, s3:c70, s14:c68], cId:5775, entries: [(t:1, i:72), METADATAENTRY(c:71)]
2023-03-17 00:26:12,874 DEBUG server.RaftServer$Division (RaftServerImpl.java:logAppendEntries(1430)) - s14@group-08C85AF2C45E: receive appendEntries(s2, 1, (t:1, i:70), 71, true, commits:[s2:c71, s3:c70, s14:c69], cId:5776, entries: [(t:1, i:71), STATEMACHINELOGENTRY, 5772@client-D0569DAC76C3, (t:1, i:72), METADATAENTRY(c:71)]
2023-03-17 00:26:12,875 DEBUG server.RaftServer$Division (RaftServerImpl.java:logAppendEntries(1430)) - s3@group-08C85AF2C45E: succeeded to handle AppendEntries. Reply: s2<-s3#5775:OK-t1,SUCCESS,nextIndex=73,followerCommit=71,matchIndex=72
2023-03-17 00:26:12,876 DEBUG server.RaftServer$Division (RaftServerImpl.java:logAppendEntries(1430)) - s14@group-08C85AF2C45E: succeeded to handle AppendEntries. Reply: s2<-s14#5776:OK-t1,SUCCESS,nextIndex=73,followerCommit=71,matchIndex=72
2023-03-17 00:26:12,876 DEBUG server.RaftServer$Division (RaftServerImpl.java:logAppendEntries(1430)) - s3@group-08C85AF2C45E: receive appendEntries(s2, 1, (t:1, i:72), 71, true, commits:[s2:c71, s3:c71, s14:c69], cId:5778, entries: [(t:1, i:73), STATEMACHINELOGENTRY, 5777@client-D0569DAC76C3]
2023-03-17 00:26:12,877 DEBUG server.RaftServer$Division (RaftServerImpl.java:logAppendEntries(1430)) - s3@group-08C85AF2C45E: succeeded to handle AppendEntries. Reply: s2<-s3#5778:OK-t1,SUCCESS,nextIndex=74,followerCommit=71,matchIndex=73
2023-03-17 00:26:12,877 INFO  statemachine.StateMachine (ArithmeticStateMachine.java:applyTransaction(182)) - LEADER:s2-73: a = 55 = 55
2023-03-17 00:26:12,877 DEBUG server.RaftServer$Division (RaftServerImpl.java:logAppendEntries(1430)) - s14@group-08C85AF2C45E: receive appendEntries(s2, 1, (t:1, i:72), 72, true, commits:[s2:c72, s3:c71, s14:c71], cId:5779, entries: [(t:1, i:73), STATEMACHINELOGENTRY, 5777@client-D0569DAC76C3]
2023-03-17 00:26:12,878 DEBUG server.RaftServer$Division (RaftServerImpl.java:submitClientRequestAsync(835)) - s2@group-08C85AF2C45E: receive client request(RaftClientRequest:client-D0569DAC76C3->s2@group-08C85AF2C45E, cid=5781, seq=0, RW, Message:010162024097a0000000...(size=12))
2023-03-17 00:26:12,878 DEBUG server.RaftServer$Division (LeaderStateImpl.java:addPendingRequest(474)) - s2@group-08C85AF2C45E-LeaderStateImpl: addPendingRequest at RaftClientRequest:client-D0569DAC76C3->s2@group-08C85AF2C45E, cid=5781, seq=0, RW, Message:010162024097a0000000...(size=12), entry=(t:1, i:75), STATEMACHINELOGENTRY, 5781@client-D0569DAC76C3
2023-03-17 00:26:12,878 DEBUG server.RaftServer$Division (RaftServerImpl.java:logAppendEntries(1430)) - s14@group-08C85AF2C45E: succeeded to handle AppendEntries. Reply: s2<-s14#5779:OK-t1,SUCCESS,nextIndex=74,followerCommit=72,matchIndex=73
2023-03-17 00:26:12,878 DEBUG server.RaftServer$Division (RaftServerImpl.java:logAppendEntries(1430)) - s3@group-08C85AF2C45E: receive appendEntries(s2, 1, (t:1, i:73), 73, true, commits:[s2:c73, s3:c71, s14:c71], cId:5780, entries: [(t:1, i:74), METADATAENTRY(c:73)]
2023-03-17 00:26:12,879 DEBUG server.RaftServer$Division (RaftServerImpl.java:logAppendEntries(1430)) - s3@group-08C85AF2C45E: succeeded to handle AppendEntries. Reply: s2<-s3#5780:OK-t1,SUCCESS,nextIndex=75,followerCommit=73,matchIndex=74
2023-03-17 00:26:12,879 DEBUG server.RaftServer$Division (RaftServerImpl.java:logAppendEntries(1430)) - s14@group-08C85AF2C45E: receive appendEntries(s2, 1, (t:1, i:73), 73, true, commits:[s2:c73, s3:c71, s14:c72], cId:5782, entries: [(t:1, i:74), METADATAENTRY(c:73), (t:1, i:75), STATEMACHINELOGENTRY, 5781@client-D0569DAC76C3]
2023-03-17 00:26:12,879 DEBUG server.RaftServer$Division (RaftServerImpl.java:logAppendEntries(1430)) - s3@group-08C85AF2C45E: receive appendEntries(s2, 1, (t:1, i:74), 74, true, commits:[s2:c74, s3:c73, s14:c72], cId:5783, entries: [(t:1, i:75), STATEMACHINELOGENTRY, 5781@client-D0569DAC76C3]
2023-03-17 00:26:12,882 DEBUG server.RaftServer$Division (RaftServerImpl.java:logAppendEntries(1430)) - s3@group-08C85AF2C45E: succeeded to handle AppendEntries. Reply: s2<-s3#5783:OK-t1,SUCCESS,nextIndex=76,followerCommit=74,matchIndex=75
2023-03-17 00:26:12,883 DEBUG server.RaftServer$Division (RaftServerImpl.java:logAppendEntries(1430)) - s14@group-08C85AF2C45E: succeeded to handle AppendEntries. Reply: s2<-s14#5782:OK-t1,SUCCESS,nextIndex=76,followerCommit=73,matchIndex=75
2023-03-17 00:26:12,883 INFO  statemachine.StateMachine (ArithmeticStateMachine.java:applyTransaction(182)) - LEADER:s2-75: b = 1512 = 1512
2023-03-17 00:26:12,884 DEBUG server.RaftServer$Division (RaftServerImpl.java:submitClientRequestAsync(835)) - s2@group-08C85AF2C45E: receive client request(RaftClientRequest:client-D0569DAC76C3->s2@group-08C85AF2C45E, cid=5785, seq=0, RW, Message:01016304010300040201...(size=17))
2023-03-17 00:26:12,884 DEBUG server.RaftServer$Division (LeaderStateImpl.java:addPendingRequest(474)) - s2@group-08C85AF2C45E-LeaderStateImpl: addPendingRequest at RaftClientRequest:client-D0569DAC76C3->s2@group-08C85AF2C45E, cid=5785, seq=0, RW, Message:01016304010300040201...(size=17), entry=(t:1, i:77), STATEMACHINELOGENTRY, 5785@client-D0569DAC76C3
2023-03-17 00:26:12,884 DEBUG server.RaftServer$Division (RaftServerImpl.java:logAppendEntries(1430)) - s14@group-08C85AF2C45E: receive appendEntries(s2, 1, (t:1, i:75), 75, true, commits:[s2:c75, s3:c74, s14:c73], cId:5786, entries: [(t:1, i:76), METADATAENTRY(c:75)]
2023-03-17 00:26:12,884 DEBUG server.RaftServer$Division (RaftServerImpl.java:logAppendEntries(1430)) - s3@group-08C85AF2C45E: receive appendEntries(s2, 1, (t:1, i:75), 75, true, commits:[s2:c75, s3:c74, s14:c72], cId:5784, entries: [(t:1, i:76), METADATAENTRY(c:75)]
2023-03-17 00:26:12,884 DEBUG server.RaftServer$Division (RaftServerImpl.java:logAppendEntries(1430)) - s14@group-08C85AF2C45E: succeeded to handle AppendEntries. Reply: s2<-s14#5786:OK-t1,SUCCESS,nextIndex=77,followerCommit=75,matchIndex=76
2023-03-17 00:26:12,885 DEBUG server.RaftServer$Division (RaftServerImpl.java:logAppendEntries(1430)) - s3@group-08C85AF2C45E: succeeded to handle AppendEntries. Reply: s2<-s3#5784:OK-t1,SUCCESS,nextIndex=77,followerCommit=75,matchIndex=76
2023-03-17 00:26:12,885 DEBUG server.RaftServer$Division (RaftServerImpl.java:logAppendEntries(1430)) - s3@group-08C85AF2C45E: receive appendEntries(s2, 1, (t:1, i:76), 75, true, commits:[s2:c75, s3:c75, s14:c75], cId:5788, entries: [(t:1, i:77), STATEMACHINELOGENTRY, 5785@client-D0569DAC76C3]
2023-03-17 00:26:12,885 DEBUG server.RaftServer$Division (RaftServerImpl.java:logAppendEntries(1430)) - s14@group-08C85AF2C45E: receive appendEntries(s2, 1, (t:1, i:76), 75, true, commits:[s2:c75, s3:c75, s14:c75], cId:5787, entries: [(t:1, i:77), STATEMACHINELOGENTRY, 5785@client-D0569DAC76C3]
2023-03-17 00:26:12,886 DEBUG server.RaftServer$Division (RaftServerImpl.java:logAppendEntries(1430)) - s3@group-08C85AF2C45E: succeeded to handle AppendEntries. Reply: s2<-s3#5788:OK-t1,SUCCESS,nextIndex=78,followerCommit=75,matchIndex=77
2023-03-17 00:26:12,886 DEBUG server.RaftServer$Division (RaftServerImpl.java:logAppendEntries(1430)) - s14@group-08C85AF2C45E: succeeded to handle AppendEntries. Reply: s2<-s14#5787:OK-t1,SUCCESS,nextIndex=78,followerCommit=75,matchIndex=77
2023-03-17 00:26:12,886 INFO  statemachine.StateMachine (ArithmeticStateMachine.java:applyTransaction(182)) - LEADER:s2-77: c = √(a^2 + b^2) = 1513
2023-03-17 00:26:12,887 DEBUG server.RaftServer$Division (RaftServerImpl.java:submitClientRequestAsync(835)) - s2@group-08C85AF2C45E: receive client request(RaftClientRequest:client-D0569DAC76C3->s2@group-08C85AF2C45E, cid=5791, seq=0, RW, Message:01016100)
2023-03-17 00:26:12,888 DEBUG server.RaftServer$Division (LeaderStateImpl.java:addPendingRequest(474)) - s2@group-08C85AF2C45E-LeaderStateImpl: addPendingRequest at RaftClientRequest:client-D0569DAC76C3->s2@group-08C85AF2C45E, cid=5791, seq=0, RW, Message:01016100, entry=(t:1, i:79), STATEMACHINELOGENTRY, 5791@client-D0569DAC76C3
2023-03-17 00:26:12,888 DEBUG server.RaftServer$Division (RaftServerImpl.java:logAppendEntries(1430)) - s14@group-08C85AF2C45E: receive appendEntries(s2, 1, (t:1, i:77), 77, true, commits:[s2:c77, s3:c75, s14:c75], cId:5789, entries: [(t:1, i:78), METADATAENTRY(c:77)]
2023-03-17 00:26:12,888 DEBUG server.RaftServer$Division (RaftServerImpl.java:logAppendEntries(1430)) - s3@group-08C85AF2C45E: receive appendEntries(s2, 1, (t:1, i:77), 77, true, commits:[s2:c77, s3:c75, s14:c75], cId:5790, entries: [(t:1, i:78), METADATAENTRY(c:77)]
2023-03-17 00:26:12,888 DEBUG server.RaftServer$Division (RaftServerImpl.java:logAppendEntries(1430)) - s3@group-08C85AF2C45E: succeeded to handle AppendEntries. Reply: s2<-s3#5790:OK-t1,SUCCESS,nextIndex=79,followerCommit=77,matchIndex=78
2023-03-17 00:26:12,888 DEBUG server.RaftServer$Division (RaftServerImpl.java:logAppendEntries(1430)) - s14@group-08C85AF2C45E: succeeded to handle AppendEntries. Reply: s2<-s14#5789:OK-t1,SUCCESS,nextIndex=79,followerCommit=77,matchIndex=78
2023-03-17 00:26:12,889 DEBUG server.RaftServer$Division (RaftServerImpl.java:logAppendEntries(1430)) - s3@group-08C85AF2C45E: receive appendEntries(s2, 1, (t:1, i:78), 78, true, commits:[s2:c78, s3:c77, s14:c75], cId:5792, entries: [(t:1, i:79), STATEMACHINELOGENTRY, 5791@client-D0569DAC76C3]
2023-03-17 00:26:12,889 DEBUG server.RaftServer$Division (RaftServerImpl.java:logAppendEntries(1430)) - s14@group-08C85AF2C45E: receive appendEntries(s2, 1, (t:1, i:78), 78, true, commits:[s2:c78, s3:c77, s14:c77], cId:5793, entries: [(t:1, i:79), STATEMACHINELOGENTRY, 5791@client-D0569DAC76C3]
2023-03-17 00:26:12,890 DEBUG server.RaftServer$Division (RaftServerImpl.java:logAppendEntries(1430)) - s3@group-08C85AF2C45E: succeeded to handle AppendEntries. Reply: s2<-s3#5792:OK-t1,SUCCESS,nextIndex=80,followerCommit=78,matchIndex=79
2023-03-17 00:26:12,890 INFO  statemachine.StateMachine (ArithmeticStateMachine.java:applyTransaction(182)) - LEADER:s2-79: a = null = null
2023-03-17 00:26:12,890 DEBUG server.RaftServer$Division (RaftServerImpl.java:logAppendEntries(1430)) - s14@group-08C85AF2C45E: succeeded to handle AppendEntries. Reply: s2<-s14#5793:OK-t1,SUCCESS,nextIndex=80,followerCommit=78,matchIndex=79
2023-03-17 00:26:12,891 DEBUG server.RaftServer$Division (RaftServerImpl.java:submitClientRequestAsync(835)) - s2@group-08C85AF2C45E: receive client request(RaftClientRequest:client-D0569DAC76C3->s2@group-08C85AF2C45E, cid=5795, seq=0, RW, Message:01016200)
2023-03-17 00:26:12,891 DEBUG server.RaftServer$Division (LeaderStateImpl.java:addPendingRequest(474)) - s2@group-08C85AF2C45E-LeaderStateImpl: addPendingRequest at RaftClientRequest:client-D0569DAC76C3->s2@group-08C85AF2C45E, cid=5795, seq=0, RW, Message:01016200, entry=(t:1, i:81), STATEMACHINELOGENTRY, 5795@client-D0569DAC76C3
2023-03-17 00:26:12,891 DEBUG server.RaftServer$Division (RaftServerImpl.java:logAppendEntries(1430)) - s3@group-08C85AF2C45E: receive appendEntries(s2, 1, (t:1, i:79), 79, true, commits:[s2:c79, s3:c78, s14:c77], cId:5794, entries: [(t:1, i:80), METADATAENTRY(c:79)]
2023-03-17 00:26:12,892 DEBUG server.RaftServer$Division (RaftServerImpl.java:logAppendEntries(1430)) - s14@group-08C85AF2C45E: receive appendEntries(s2, 1, (t:1, i:79), 79, true, commits:[s2:c79, s3:c78, s14:c78], cId:5796, entries: [(t:1, i:80), METADATAENTRY(c:79)]
2023-03-17 00:26:12,892 DEBUG server.RaftServer$Division (RaftServerImpl.java:logAppendEntries(1430)) - s3@group-08C85AF2C45E: succeeded to handle AppendEntries. Reply: s2<-s3#5794:OK-t1,SUCCESS,nextIndex=81,followerCommit=79,matchIndex=80
2023-03-17 00:26:12,893 DEBUG server.RaftServer$Division (RaftServerImpl.java:logAppendEntries(1430)) - s14@group-08C85AF2C45E: succeeded to handle AppendEntries. Reply: s2<-s14#5796:OK-t1,SUCCESS,nextIndex=81,followerCommit=79,matchIndex=80
2023-03-17 00:26:12,893 DEBUG server.RaftServer$Division (RaftServerImpl.java:logAppendEntries(1430)) - s3@group-08C85AF2C45E: receive appendEntries(s2, 1, (t:1, i:80), 79, true, commits:[s2:c79, s3:c79, s14:c78], cId:5797, entries: [(t:1, i:81), STATEMACHINELOGENTRY, 5795@client-D0569DAC76C3]
2023-03-17 00:26:12,893 DEBUG server.RaftServer$Division (RaftServerImpl.java:logAppendEntries(1430)) - s3@group-08C85AF2C45E: succeeded to handle AppendEntries. Reply: s2<-s3#5797:OK-t1,SUCCESS,nextIndex=82,followerCommit=79,matchIndex=81
2023-03-17 00:26:12,894 DEBUG server.RaftServer$Division (RaftServerImpl.java:logAppendEntries(1430)) - s14@group-08C85AF2C45E: receive appendEntries(s2, 1, (t:1, i:80), 80, true, commits:[s2:c80, s3:c79, s14:c79], cId:5798, entries: [(t:1, i:81), STATEMACHINELOGENTRY, 5795@client-D0569DAC76C3]
2023-03-17 00:26:12,894 INFO  statemachine.StateMachine (ArithmeticStateMachine.java:applyTransaction(182)) - LEADER:s2-81: b = null = null
2023-03-17 00:26:12,894 DEBUG server.RaftServer$Division (RaftServerImpl.java:logAppendEntries(1430)) - s14@group-08C85AF2C45E: succeeded to handle AppendEntries. Reply: s2<-s14#5798:OK-t1,SUCCESS,nextIndex=82,followerCommit=80,matchIndex=81
2023-03-17 00:26:12,895 DEBUG server.RaftServer$Division (RaftServerImpl.java:submitClientRequestAsync(835)) - s2@group-08C85AF2C45E: receive client request(RaftClientRequest:client-D0569DAC76C3->s2@group-08C85AF2C45E, cid=5800, seq=0, RW, Message:01016300)
2023-03-17 00:26:12,895 DEBUG server.RaftServer$Division (LeaderStateImpl.java:addPendingRequest(474)) - s2@group-08C85AF2C45E-LeaderStateImpl: addPendingRequest at RaftClientRequest:client-D0569DAC76C3->s2@group-08C85AF2C45E, cid=5800, seq=0, RW, Message:01016300, entry=(t:1, i:83), STATEMACHINELOGENTRY, 5800@client-D0569DAC76C3
2023-03-17 00:26:12,895 DEBUG server.RaftServer$Division (RaftServerImpl.java:logAppendEntries(1430)) - s3@group-08C85AF2C45E: receive appendEntries(s2, 1, (t:1, i:81), 81, true, commits:[s2:c81, s3:c79, s14:c79], cId:5799, entries: [(t:1, i:82), METADATAENTRY(c:81)]
2023-03-17 00:26:12,895 DEBUG server.RaftServer$Division (RaftServerImpl.java:logAppendEntries(1430)) - s14@group-08C85AF2C45E: receive appendEntries(s2, 1, (t:1, i:81), 81, true, commits:[s2:c81, s3:c79, s14:c80], cId:5801, entries: [(t:1, i:82), METADATAENTRY(c:81)]
2023-03-17 00:26:12,896 DEBUG server.RaftServer$Division (RaftServerImpl.java:logAppendEntries(1430)) - s3@group-08C85AF2C45E: succeeded to handle AppendEntries. Reply: s2<-s3#5799:OK-t1,SUCCESS,nextIndex=83,followerCommit=81,matchIndex=82
2023-03-17 00:26:12,897 DEBUG server.RaftServer$Division (RaftServerImpl.java:logAppendEntries(1430)) - s14@group-08C85AF2C45E: succeeded to handle AppendEntries. Reply: s2<-s14#5801:OK-t1,SUCCESS,nextIndex=83,followerCommit=81,matchIndex=82
2023-03-17 00:26:12,897 DEBUG server.RaftServer$Division (RaftServerImpl.java:logAppendEntries(1430)) - s3@group-08C85AF2C45E: receive appendEntries(s2, 1, (t:1, i:82), 81, true, commits:[s2:c81, s3:c81, s14:c80], cId:5802, entries: [(t:1, i:83), STATEMACHINELOGENTRY, 5800@client-D0569DAC76C3]
2023-03-17 00:26:12,898 DEBUG server.RaftServer$Division (RaftServerImpl.java:logAppendEntries(1430)) - s14@group-08C85AF2C45E: receive appendEntries(s2, 1, (t:1, i:82), 82, true, commits:[s2:c82, s3:c81, s14:c81], cId:5803, entries: [(t:1, i:83), STATEMACHINELOGENTRY, 5800@client-D0569DAC76C3]
2023-03-17 00:26:12,898 DEBUG server.RaftServer$Division (RaftServerImpl.java:logAppendEntries(1430)) - s3@group-08C85AF2C45E: succeeded to handle AppendEntries. Reply: s2<-s3#5802:OK-t1,SUCCESS,nextIndex=84,followerCommit=81,matchIndex=83
2023-03-17 00:26:12,899 INFO  statemachine.StateMachine (ArithmeticStateMachine.java:applyTransaction(182)) - LEADER:s2-83: c = null = null
2023-03-17 00:26:12,899 DEBUG server.RaftServer$Division (RaftServerImpl.java:logAppendEntries(1430)) - s14@group-08C85AF2C45E: succeeded to handle AppendEntries. Reply: s2<-s14#5803:OK-t1,SUCCESS,nextIndex=84,followerCommit=82,matchIndex=83
2023-03-17 00:26:12,900 DEBUG server.RaftServer$Division (RaftServerImpl.java:logAppendEntries(1430)) - s3@group-08C85AF2C45E: receive appendEntries(s2, 1, (t:1, i:83), 83, true, commits:[s2:c83, s3:c81, s14:c82], cId:5806, entries: [(t:1, i:84), METADATAENTRY(c:83)]
2023-03-17 00:26:12,900 DEBUG server.RaftServer$Division (RaftServerImpl.java:logAppendEntries(1430)) - s14@group-08C85AF2C45E: receive appendEntries(s2, 1, (t:1, i:83), 83, true, commits:[s2:c83, s3:c81, s14:c82], cId:5805, entries: [(t:1, i:84), METADATAENTRY(c:83)]
2023-03-17 00:26:12,900 DEBUG server.RaftServer$Division (RaftServerImpl.java:logAppendEntries(1430)) - s3@group-08C85AF2C45E: succeeded to handle AppendEntries. Reply: s2<-s3#5806:OK-t1,SUCCESS,nextIndex=85,followerCommit=83,matchIndex=84
2023-03-17 00:26:12,900 DEBUG server.RaftServer$Division (RaftServerImpl.java:submitClientRequestAsync(835)) - s2@group-08C85AF2C45E: receive client request(RaftClientRequest:client-D0569DAC76C3->s2@group-08C85AF2C45E, cid=5804, seq=0, RW, Message:01016102404c80000000...(size=12))
2023-03-17 00:26:12,902 DEBUG server.RaftServer$Division (LeaderStateImpl.java:addPendingRequest(474)) - s2@group-08C85AF2C45E-LeaderStateImpl: addPendingRequest at RaftClientRequest:client-D0569DAC76C3->s2@group-08C85AF2C45E, cid=5804, seq=0, RW, Message:01016102404c80000000...(size=12), entry=(t:1, i:85), STATEMACHINELOGENTRY, 5804@client-D0569DAC76C3
2023-03-17 00:26:12,902 DEBUG server.RaftServer$Division (RaftServerImpl.java:logAppendEntries(1430)) - s3@group-08C85AF2C45E: receive appendEntries(s2, 1, (t:1, i:84), 83, true, commits:[s2:c83, s3:c83, s14:c82], cId:5807, entries: [(t:1, i:85), STATEMACHINELOGENTRY, 5804@client-D0569DAC76C3]
2023-03-17 00:26:12,903 DEBUG server.RaftServer$Division (RaftServerImpl.java:logAppendEntries(1430)) - s14@group-08C85AF2C45E: succeeded to handle AppendEntries. Reply: s2<-s14#5805:OK-t1,SUCCESS,nextIndex=85,followerCommit=83,matchIndex=84
2023-03-17 00:26:12,903 DEBUG server.RaftServer$Division (RaftServerImpl.java:logAppendEntries(1430)) - s3@group-08C85AF2C45E: succeeded to handle AppendEntries. Reply: s2<-s3#5807:OK-t1,SUCCESS,nextIndex=86,followerCommit=83,matchIndex=85
2023-03-17 00:26:12,903 INFO  statemachine.StateMachine (ArithmeticStateMachine.java:applyTransaction(182)) - LEADER:s2-85: a = 57 = 57
2023-03-17 00:26:12,904 DEBUG server.RaftServer$Division (RaftServerImpl.java:logAppendEntries(1430)) - s14@group-08C85AF2C45E: receive appendEntries(s2, 1, (t:1, i:84), 84, true, commits:[s2:c84, s3:c83, s14:c83], cId:5808, entries: [(t:1, i:85), STATEMACHINELOGENTRY, 5804@client-D0569DAC76C3]
2023-03-17 00:26:12,904 DEBUG server.RaftServer$Division (RaftServerImpl.java:logAppendEntries(1430)) - s3@group-08C85AF2C45E: receive appendEntries(s2, 1, (t:1, i:85), 85, true, commits:[s2:c85, s3:c83, s14:c83], cId:5809, entries: [(t:1, i:86), METADATAENTRY(c:85)]
2023-03-17 00:26:12,904 DEBUG server.RaftServer$Division (RaftServerImpl.java:submitClientRequestAsync(835)) - s2@group-08C85AF2C45E: receive client request(RaftClientRequest:client-D0569DAC76C3->s2@group-08C85AF2C45E, cid=5810, seq=0, RW, Message:01016202409960000000...(size=12))
2023-03-17 00:26:12,904 DEBUG server.RaftServer$Division (LeaderStateImpl.java:addPendingRequest(474)) - s2@group-08C85AF2C45E-LeaderStateImpl: addPendingRequest at RaftClientRequest:client-D0569DAC76C3->s2@group-08C85AF2C45E, cid=5810, seq=0, RW, Message:01016202409960000000...(size=12), entry=(t:1, i:87), STATEMACHINELOGENTRY, 5810@client-D0569DAC76C3
2023-03-17 00:26:12,905 DEBUG server.RaftServer$Division (RaftServerImpl.java:logAppendEntries(1430)) - s3@group-08C85AF2C45E: succeeded to handle AppendEntries. Reply: s2<-s3#5809:OK-t1,SUCCESS,nextIndex=87,followerCommit=85,matchIndex=86
2023-03-17 00:26:12,905 DEBUG server.RaftServer$Division (RaftServerImpl.java:logAppendEntries(1430)) - s14@group-08C85AF2C45E: succeeded to handle AppendEntries. Reply: s2<-s14#5808:OK-t1,SUCCESS,nextIndex=86,followerCommit=84,matchIndex=85
2023-03-17 00:26:12,906 DEBUG server.RaftServer$Division (RaftServerImpl.java:logAppendEntries(1430)) - s3@group-08C85AF2C45E: receive appendEntries(s2, 1, (t:1, i:86), 85, true, commits:[s2:c85, s3:c85, s14:c83], cId:5811, entries: [(t:1, i:87), STATEMACHINELOGENTRY, 5810@client-D0569DAC76C3]
2023-03-17 00:26:12,906 DEBUG server.RaftServer$Division (RaftServerImpl.java:logAppendEntries(1430)) - s14@group-08C85AF2C45E: receive appendEntries(s2, 1, (t:1, i:85), 86, true, commits:[s2:c86, s3:c85, s14:c84], cId:5812, entries: [(t:1, i:86), METADATAENTRY(c:85), (t:1, i:87), STATEMACHINELOGENTRY, 5810@client-D0569DAC76C3]
2023-03-17 00:26:12,907 DEBUG server.RaftServer$Division (RaftServerImpl.java:logAppendEntries(1430)) - s3@group-08C85AF2C45E: succeeded to handle AppendEntries. Reply: s2<-s3#5811:OK-t1,SUCCESS,nextIndex=88,followerCommit=85,matchIndex=87
2023-03-17 00:26:12,907 DEBUG server.RaftServer$Division (RaftServerImpl.java:logAppendEntries(1430)) - s14@group-08C85AF2C45E: succeeded to handle AppendEntries. Reply: s2<-s14#5812:OK-t1,SUCCESS,nextIndex=88,followerCommit=86,matchIndex=87
2023-03-17 00:26:12,907 INFO  statemachine.StateMachine (ArithmeticStateMachine.java:applyTransaction(182)) - LEADER:s2-87: b = 1624 = 1624
2023-03-17 00:26:12,908 DEBUG server.RaftServer$Division (RaftServerImpl.java:logAppendEntries(1430)) - s3@group-08C85AF2C45E: receive appendEntries(s2, 1, (t:1, i:87), 87, true, commits:[s2:c87, s3:c85, s14:c84], cId:5813, entries: [(t:1, i:88), METADATAENTRY(c:87)]
2023-03-17 00:26:12,908 DEBUG server.RaftServer$Division (RaftServerImpl.java:submitClientRequestAsync(835)) - s2@group-08C85AF2C45E: receive client request(RaftClientRequest:client-D0569DAC76C3->s2@group-08C85AF2C45E, cid=5815, seq=0, RW, Message:01016304010300040201...(size=17))
2023-03-17 00:26:12,908 DEBUG server.RaftServer$Division (LeaderStateImpl.java:addPendingRequest(474)) - s2@group-08C85AF2C45E-LeaderStateImpl: addPendingRequest at RaftClientRequest:client-D0569DAC76C3->s2@group-08C85AF2C45E, cid=5815, seq=0, RW, Message:01016304010300040201...(size=17), entry=(t:1, i:89), STATEMACHINELOGENTRY, 5815@client-D0569DAC76C3
2023-03-17 00:26:12,909 DEBUG server.RaftServer$Division (RaftServerImpl.java:logAppendEntries(1430)) - s3@group-08C85AF2C45E: succeeded to handle AppendEntries. Reply: s2<-s3#5813:OK-t1,SUCCESS,nextIndex=89,followerCommit=87,matchIndex=88
2023-03-17 00:26:12,909 DEBUG server.RaftServer$Division (RaftServerImpl.java:logAppendEntries(1430)) - s14@group-08C85AF2C45E: receive appendEntries(s2, 1, (t:1, i:87), 87, true, commits:[s2:c87, s3:c85, s14:c86], cId:5814, entries: [(t:1, i:88), METADATAENTRY(c:87)]
2023-03-17 00:26:12,909 DEBUG server.RaftServer$Division (RaftServerImpl.java:logAppendEntries(1430)) - s3@group-08C85AF2C45E: receive appendEntries(s2, 1, (t:1, i:88), 87, true, commits:[s2:c87, s3:c87, s14:c86], cId:5816, entries: [(t:1, i:89), STATEMACHINELOGENTRY, 5815@client-D0569DAC76C3]
2023-03-17 00:26:12,910 DEBUG server.RaftServer$Division (RaftServerImpl.java:logAppendEntries(1430)) - s3@group-08C85AF2C45E: succeeded to handle AppendEntries. Reply: s2<-s3#5816:OK-t1,SUCCESS,nextIndex=90,followerCommit=87,matchIndex=89
2023-03-17 00:26:12,910 DEBUG server.RaftServer$Division (RaftServerImpl.java:logAppendEntries(1430)) - s14@group-08C85AF2C45E: succeeded to handle AppendEntries. Reply: s2<-s14#5814:OK-t1,SUCCESS,nextIndex=89,followerCommit=87,matchIndex=88
2023-03-17 00:26:12,911 INFO  statemachine.StateMachine (ArithmeticStateMachine.java:applyTransaction(182)) - LEADER:s2-89: c = √(a^2 + b^2) = 1625
2023-03-17 00:26:12,912 DEBUG server.RaftServer$Division (RaftServerImpl.java:logAppendEntries(1430)) - s3@group-08C85AF2C45E: receive appendEntries(s2, 1, (t:1, i:89), 89, true, commits:[s2:c89, s3:c87, s14:c87], cId:5818, entries: [(t:1, i:90), METADATAENTRY(c:89)]
2023-03-17 00:26:12,912 DEBUG server.RaftServer$Division (RaftServerImpl.java:logAppendEntries(1430)) - s14@group-08C85AF2C45E: receive appendEntries(s2, 1, (t:1, i:88), 89, true, commits:[s2:c89, s3:c87, s14:c87], cId:5817, entries: [(t:1, i:89), STATEMACHINELOGENTRY, 5815@client-D0569DAC76C3, (t:1, i:90), METADATAENTRY(c:89)]
2023-03-17 00:26:12,913 DEBUG server.RaftServer$Division (RaftServerImpl.java:logAppendEntries(1430)) - s3@group-08C85AF2C45E: succeeded to handle AppendEntries. Reply: s2<-s3#5818:OK-t1,SUCCESS,nextIndex=91,followerCommit=89,matchIndex=90
2023-03-17 00:26:12,913 DEBUG server.RaftServer$Division (RaftServerImpl.java:submitClientRequestAsync(835)) - s2@group-08C85AF2C45E: receive client request(RaftClientRequest:client-D0569DAC76C3->s2@group-08C85AF2C45E, cid=5819, seq=0, RW, Message:01016100)
2023-03-17 00:26:12,913 DEBUG server.RaftServer$Division (LeaderStateImpl.java:addPendingRequest(474)) - s2@group-08C85AF2C45E-LeaderStateImpl: addPendingRequest at RaftClientRequest:client-D0569DAC76C3->s2@group-08C85AF2C45E, cid=5819, seq=0, RW, Message:01016100, entry=(t:1, i:91), STATEMACHINELOGENTRY, 5819@client-D0569DAC76C3
2023-03-17 00:26:12,914 DEBUG server.RaftServer$Division (RaftServerImpl.java:logAppendEntries(1430)) - s3@group-08C85AF2C45E: receive appendEntries(s2, 1, (t:1, i:90), 89, true, commits:[s2:c89, s3:c89, s14:c87], cId:5820, entries: [(t:1, i:91), STATEMACHINELOGENTRY, 5819@client-D0569DAC76C3]
2023-03-17 00:26:12,914 DEBUG server.RaftServer$Division (RaftServerImpl.java:logAppendEntries(1430)) - s14@group-08C85AF2C45E: succeeded to handle AppendEntries. Reply: s2<-s14#5817:OK-t1,SUCCESS,nextIndex=91,followerCommit=89,matchIndex=90
2023-03-17 00:26:12,914 DEBUG server.RaftServer$Division (RaftServerImpl.java:logAppendEntries(1430)) - s3@group-08C85AF2C45E: succeeded to handle AppendEntries. Reply: s2<-s3#5820:OK-t1,SUCCESS,nextIndex=92,followerCommit=89,matchIndex=91
2023-03-17 00:26:12,915 INFO  statemachine.StateMachine (ArithmeticStateMachine.java:applyTransaction(182)) - LEADER:s2-91: a = null = null
2023-03-17 00:26:12,915 DEBUG server.RaftServer$Division (RaftServerImpl.java:logAppendEntries(1430)) - s3@group-08C85AF2C45E: receive appendEntries(s2, 1, (t:1, i:91), 91, true, commits:[s2:c91, s3:c89, s14:c89], cId:5822, entries: [(t:1, i:92), METADATAENTRY(c:91)]
2023-03-17 00:26:12,916 DEBUG server.RaftServer$Division (RaftServerImpl.java:submitClientRequestAsync(835)) - s2@group-08C85AF2C45E: receive client request(RaftClientRequest:client-D0569DAC76C3->s2@group-08C85AF2C45E, cid=5823, seq=0, RW, Message:01016200)
2023-03-17 00:26:12,916 DEBUG server.RaftServer$Division (LeaderStateImpl.java:addPendingRequest(474)) - s2@group-08C85AF2C45E-LeaderStateImpl: addPendingRequest at RaftClientRequest:client-D0569DAC76C3->s2@group-08C85AF2C45E, cid=5823, seq=0, RW, Message:01016200, entry=(t:1, i:93), STATEMACHINELOGENTRY, 5823@client-D0569DAC76C3
2023-03-17 00:26:12,916 DEBUG server.RaftServer$Division (RaftServerImpl.java:logAppendEntries(1430)) - s3@group-08C85AF2C45E: succeeded to handle AppendEntries. Reply: s2<-s3#5822:OK-t1,SUCCESS,nextIndex=93,followerCommit=91,matchIndex=92
2023-03-17 00:26:12,916 DEBUG server.RaftServer$Division (RaftServerImpl.java:logAppendEntries(1430)) - s14@group-08C85AF2C45E: receive appendEntries(s2, 1, (t:1, i:90), 91, true, commits:[s2:c91, s3:c89, s14:c89], cId:5821, entries: [(t:1, i:91), STATEMACHINELOGENTRY, 5819@client-D0569DAC76C3, (t:1, i:92), METADATAENTRY(c:91)]
2023-03-17 00:26:12,917 DEBUG server.RaftServer$Division (RaftServerImpl.java:logAppendEntries(1430)) - s3@group-08C85AF2C45E: receive appendEntries(s2, 1, (t:1, i:92), 91, true, commits:[s2:c91, s3:c91, s14:c89], cId:5824, entries: [(t:1, i:93), STATEMACHINELOGENTRY, 5823@client-D0569DAC76C3]
2023-03-17 00:26:12,917 DEBUG server.RaftServer$Division (RaftServerImpl.java:logAppendEntries(1430)) - s3@group-08C85AF2C45E: succeeded to handle AppendEntries. Reply: s2<-s3#5824:OK-t1,SUCCESS,nextIndex=94,followerCommit=91,matchIndex=93
2023-03-17 00:26:12,917 DEBUG server.RaftServer$Division (RaftServerImpl.java:logAppendEntries(1430)) - s14@group-08C85AF2C45E: succeeded to handle AppendEntries. Reply: s2<-s14#5821:OK-t1,SUCCESS,nextIndex=93,followerCommit=91,matchIndex=92
2023-03-17 00:26:12,918 INFO  statemachine.StateMachine (ArithmeticStateMachine.java:applyTransaction(182)) - LEADER:s2-93: b = null = null
2023-03-17 00:26:12,919 DEBUG server.RaftServer$Division (RaftServerImpl.java:logAppendEntries(1430)) - s3@group-08C85AF2C45E: receive appendEntries(s2, 1, (t:1, i:93), 93, true, commits:[s2:c93, s3:c91, s14:c91], cId:5826, entries: [(t:1, i:94), METADATAENTRY(c:93)]
2023-03-17 00:26:12,919 DEBUG server.RaftServer$Division (RaftServerImpl.java:submitClientRequestAsync(835)) - s2@group-08C85AF2C45E: receive client request(RaftClientRequest:client-D0569DAC76C3->s2@group-08C85AF2C45E, cid=5827, seq=0, RW, Message:01016300)
2023-03-17 00:26:12,919 DEBUG server.RaftServer$Division (LeaderStateImpl.java:addPendingRequest(474)) - s2@group-08C85AF2C45E-LeaderStateImpl: addPendingRequest at RaftClientRequest:client-D0569DAC76C3->s2@group-08C85AF2C45E, cid=5827, seq=0, RW, Message:01016300, entry=(t:1, i:95), STATEMACHINELOGENTRY, 5827@client-D0569DAC76C3
2023-03-17 00:26:12,919 DEBUG server.RaftServer$Division (RaftServerImpl.java:logAppendEntries(1430)) - s3@group-08C85AF2C45E: succeeded to handle AppendEntries. Reply: s2<-s3#5826:OK-t1,SUCCESS,nextIndex=95,followerCommit=93,matchIndex=94
2023-03-17 00:26:12,920 DEBUG server.RaftServer$Division (RaftServerImpl.java:logAppendEntries(1430)) - s3@group-08C85AF2C45E: receive appendEntries(s2, 1, (t:1, i:94), 93, true, commits:[s2:c93, s3:c93, s14:c91], cId:5828, entries: [(t:1, i:95), STATEMACHINELOGENTRY, 5827@client-D0569DAC76C3]
2023-03-17 00:26:12,920 DEBUG server.RaftServer$Division (RaftServerImpl.java:logAppendEntries(1430)) - s14@group-08C85AF2C45E: receive appendEntries(s2, 1, (t:1, i:92), 93, true, commits:[s2:c93, s3:c91, s14:c91], cId:5825, entries: [(t:1, i:93), STATEMACHINELOGENTRY, 5823@client-D0569DAC76C3, (t:1, i:94), METADATAENTRY(c:93)]
2023-03-17 00:26:12,920 DEBUG server.RaftServer$Division (RaftServerImpl.java:logAppendEntries(1430)) - s3@group-08C85AF2C45E: succeeded to handle AppendEntries. Reply: s2<-s3#5828:OK-t1,SUCCESS,nextIndex=96,followerCommit=93,matchIndex=95
2023-03-17 00:26:12,921 INFO  statemachine.StateMachine (ArithmeticStateMachine.java:applyTransaction(182)) - LEADER:s2-95: c = null = null
2023-03-17 00:26:12,921 DEBUG server.RaftServer$Division (RaftServerImpl.java:logAppendEntries(1430)) - s14@group-08C85AF2C45E: succeeded to handle AppendEntries. Reply: s2<-s14#5825:OK-t1,SUCCESS,nextIndex=95,followerCommit=93,matchIndex=94
2023-03-17 00:26:12,921 DEBUG server.RaftServer$Division (RaftServerImpl.java:logAppendEntries(1430)) - s3@group-08C85AF2C45E: receive appendEntries(s2, 1, (t:1, i:95), 95, true, commits:[s2:c95, s3:c93, s14:c91], cId:5829, entries: [(t:1, i:96), METADATAENTRY(c:95)]
2023-03-17 00:26:12,922 DEBUG server.RaftServer$Division (RaftServerImpl.java:submitClientRequestAsync(835)) - s2@group-08C85AF2C45E: receive client request(RaftClientRequest:client-D0569DAC76C3->s2@group-08C85AF2C45E, cid=5830, seq=0, RW, Message:01016102404d80000000...(size=12))
2023-03-17 00:26:12,922 DEBUG server.RaftServer$Division (LeaderStateImpl.java:addPendingRequest(474)) - s2@group-08C85AF2C45E-LeaderStateImpl: addPendingRequest at RaftClientRequest:client-D0569DAC76C3->s2@group-08C85AF2C45E, cid=5830, seq=0, RW, Message:01016102404d80000000...(size=12), entry=(t:1, i:97), STATEMACHINELOGENTRY, 5830@client-D0569DAC76C3
2023-03-17 00:26:12,922 DEBUG server.RaftServer$Division (RaftServerImpl.java:logAppendEntries(1430)) - s3@group-08C85AF2C45E: succeeded to handle AppendEntries. Reply: s2<-s3#5829:OK-t1,SUCCESS,nextIndex=97,followerCommit=95,matchIndex=96
2023-03-17 00:26:12,923 DEBUG server.RaftServer$Division (RaftServerImpl.java:logAppendEntries(1430)) - s14@group-08C85AF2C45E: receive appendEntries(s2, 1, (t:1, i:94), 95, true, commits:[s2:c95, s3:c93, s14:c93], cId:5831, entries: [(t:1, i:95), STATEMACHINELOGENTRY, 5827@client-D0569DAC76C3, (t:1, i:96), METADATAENTRY(c:95)]
2023-03-17 00:26:12,923 DEBUG server.RaftServer$Division (RaftServerImpl.java:logAppendEntries(1430)) - s3@group-08C85AF2C45E: receive appendEntries(s2, 1, (t:1, i:96), 95, true, commits:[s2:c95, s3:c95, s14:c93], cId:5832, entries: [(t:1, i:97), STATEMACHINELOGENTRY, 5830@client-D0569DAC76C3]
2023-03-17 00:26:12,924 DEBUG server.RaftServer$Division (RaftServerImpl.java:logAppendEntries(1430)) - s3@group-08C85AF2C45E: succeeded to handle AppendEntries. Reply: s2<-s3#5832:OK-t1,SUCCESS,nextIndex=98,followerCommit=95,matchIndex=97
2023-03-17 00:26:12,924 DEBUG server.RaftServer$Division (RaftServerImpl.java:logAppendEntries(1430)) - s14@group-08C85AF2C45E: succeeded to handle AppendEntries. Reply: s2<-s14#5831:OK-t1,SUCCESS,nextIndex=97,followerCommit=95,matchIndex=96
2023-03-17 00:26:12,924 INFO  statemachine.StateMachine (ArithmeticStateMachine.java:applyTransaction(182)) - LEADER:s2-97: a = 59 = 59
2023-03-17 00:26:12,925 DEBUG server.RaftServer$Division (RaftServerImpl.java:submitClientRequestAsync(835)) - s2@group-08C85AF2C45E: receive client request(RaftClientRequest:client-D0569DAC76C3->s2@group-08C85AF2C45E, cid=5835, seq=0, RW, Message:01016202409b30000000...(size=12))
2023-03-17 00:26:12,925 DEBUG server.RaftServer$Division (RaftServerImpl.java:logAppendEntries(1430)) - s3@group-08C85AF2C45E: receive appendEntries(s2, 1, (t:1, i:97), 97, true, commits:[s2:c97, s3:c95, s14:c93], cId:5833, entries: [(t:1, i:98), METADATAENTRY(c:97)]
2023-03-17 00:26:12,925 DEBUG server.RaftServer$Division (LeaderStateImpl.java:addPendingRequest(474)) - s2@group-08C85AF2C45E-LeaderStateImpl: addPendingRequest at RaftClientRequest:client-D0569DAC76C3->s2@group-08C85AF2C45E, cid=5835, seq=0, RW, Message:01016202409b30000000...(size=12), entry=(t:1, i:99), STATEMACHINELOGENTRY, 5835@client-D0569DAC76C3
2023-03-17 00:26:12,925 DEBUG server.RaftServer$Division (RaftServerImpl.java:logAppendEntries(1430)) - s3@group-08C85AF2C45E: succeeded to handle AppendEntries. Reply: s2<-s3#5833:OK-t1,SUCCESS,nextIndex=99,followerCommit=97,matchIndex=98
2023-03-17 00:26:12,926 DEBUG server.RaftServer$Division (RaftServerImpl.java:logAppendEntries(1430)) - s14@group-08C85AF2C45E: receive appendEntries(s2, 1, (t:1, i:96), 97, true, commits:[s2:c97, s3:c95, s14:c95], cId:5834, entries: [(t:1, i:97), STATEMACHINELOGENTRY, 5830@client-D0569DAC76C3, (t:1, i:98), METADATAENTRY(c:97)]
2023-03-17 00:26:12,926 DEBUG server.RaftServer$Division (RaftServerImpl.java:logAppendEntries(1430)) - s3@group-08C85AF2C45E: receive appendEntries(s2, 1, (t:1, i:98), 97, true, commits:[s2:c97, s3:c97, s14:c95], cId:5836, entries: [(t:1, i:99), STATEMACHINELOGENTRY, 5835@client-D0569DAC76C3]
2023-03-17 00:26:12,926 DEBUG server.RaftServer$Division (RaftServerImpl.java:logAppendEntries(1430)) - s14@group-08C85AF2C45E: succeeded to handle AppendEntries. Reply: s2<-s14#5834:OK-t1,SUCCESS,nextIndex=99,followerCommit=97,matchIndex=98
2023-03-17 00:26:12,927 DEBUG server.RaftServer$Division (RaftServerImpl.java:logAppendEntries(1430)) - s3@group-08C85AF2C45E: succeeded to handle AppendEntries. Reply: s2<-s3#5836:OK-t1,SUCCESS,nextIndex=100,followerCommit=97,matchIndex=99
2023-03-17 00:26:12,927 INFO  statemachine.StateMachine (ArithmeticStateMachine.java:applyTransaction(182)) - LEADER:s2-99: b = 1740 = 1740
2023-03-17 00:26:12,928 DEBUG server.RaftServer$Division (RaftServerImpl.java:logAppendEntries(1430)) - s3@group-08C85AF2C45E: receive appendEntries(s2, 1, (t:1, i:99), 99, true, commits:[s2:c99, s3:c97, s14:c95], cId:5837, entries: [(t:1, i:100), METADATAENTRY(c:99)]
2023-03-17 00:26:12,928 DEBUG server.RaftServer$Division (RaftServerImpl.java:submitClientRequestAsync(835)) - s2@group-08C85AF2C45E: receive client request(RaftClientRequest:client-D0569DAC76C3->s2@group-08C85AF2C45E, cid=5838, seq=0, RW, Message:01016304010300040201...(size=17))
2023-03-17 00:26:12,928 DEBUG server.RaftServer$Division (LeaderStateImpl.java:addPendingRequest(474)) - s2@group-08C85AF2C45E-LeaderStateImpl: addPendingRequest at RaftClientRequest:client-D0569DAC76C3->s2@group-08C85AF2C45E, cid=5838, seq=0, RW, Message:01016304010300040201...(size=17), entry=(t:1, i:101), STATEMACHINELOGENTRY, 5838@client-D0569DAC76C3
2023-03-17 00:26:12,929 DEBUG server.RaftServer$Division (RaftServerImpl.java:logAppendEntries(1430)) - s3@group-08C85AF2C45E: succeeded to handle AppendEntries. Reply: s2<-s3#5837:OK-t1,SUCCESS,nextIndex=101,followerCommit=99,matchIndex=100
2023-03-17 00:26:12,929 DEBUG server.RaftServer$Division (RaftServerImpl.java:logAppendEntries(1430)) - s3@group-08C85AF2C45E: receive appendEntries(s2, 1, (t:1, i:100), 99, true, commits:[s2:c99, s3:c99, s14:c95], cId:5839, entries: [(t:1, i:101), STATEMACHINELOGENTRY, 5838@client-D0569DAC76C3]
2023-03-17 00:26:12,930 DEBUG server.RaftServer$Division (RaftServerImpl.java:logAppendEntries(1430)) - s3@group-08C85AF2C45E: succeeded to handle AppendEntries. Reply: s2<-s3#5839:OK-t1,SUCCESS,nextIndex=102,followerCommit=99,matchIndex=101
2023-03-17 00:26:12,930 DEBUG server.RaftServer$Division (RaftServerImpl.java:logAppendEntries(1430)) - s14@group-08C85AF2C45E: receive appendEntries(s2, 1, (t:1, i:98), 100, true, commits:[s2:c100, s3:c99, s14:c97], cId:5840, entries: [(t:1, i:99), STATEMACHINELOGENTRY, 5835@client-D0569DAC76C3, (t:1, i:100), METADATAENTRY(c:99), (t:1, i:101), STATEMACHINELOGENTRY, 5838@client-D0569DAC76C3]
2023-03-17 00:26:12,930 INFO  statemachine.StateMachine (ArithmeticStateMachine.java:applyTransaction(182)) - LEADER:s2-101: c = √(a^2 + b^2) = 1741
2023-03-17 00:26:12,931 DEBUG server.RaftServer$Division (RaftServerImpl.java:submitClientRequestAsync(835)) - s2@group-08C85AF2C45E: receive client request(RaftClientRequest:client-D0569DAC76C3->s2@group-08C85AF2C45E, cid=5842, seq=0, RW, Message:01016100)
2023-03-17 00:26:12,931 DEBUG server.RaftServer$Division (RaftServerImpl.java:logAppendEntries(1430)) - s3@group-08C85AF2C45E: receive appendEntries(s2, 1, (t:1, i:101), 101, true, commits:[s2:c101, s3:c99, s14:c97], cId:5841, entries: [(t:1, i:102), METADATAENTRY(c:101)]
2023-03-17 00:26:12,931 DEBUG server.RaftServer$Division (LeaderStateImpl.java:addPendingRequest(474)) - s2@group-08C85AF2C45E-LeaderStateImpl: addPendingRequest at RaftClientRequest:client-D0569DAC76C3->s2@group-08C85AF2C45E, cid=5842, seq=0, RW, Message:01016100, entry=(t:1, i:103), STATEMACHINELOGENTRY, 5842@client-D0569DAC76C3
2023-03-17 00:26:12,932 DEBUG server.RaftServer$Division (RaftServerImpl.java:logAppendEntries(1430)) - s3@group-08C85AF2C45E: succeeded to handle AppendEntries. Reply: s2<-s3#5841:OK-t1,SUCCESS,nextIndex=103,followerCommit=101,matchIndex=102
2023-03-17 00:26:12,932 DEBUG server.RaftServer$Division (RaftServerImpl.java:logAppendEntries(1430)) - s14@group-08C85AF2C45E: succeeded to handle AppendEntries. Reply: s2<-s14#5840:OK-t1,SUCCESS,nextIndex=102,followerCommit=100,matchIndex=101
2023-03-17 00:26:12,933 DEBUG server.RaftServer$Division (RaftServerImpl.java:logAppendEntries(1430)) - s3@group-08C85AF2C45E: receive appendEntries(s2, 1, (t:1, i:102), 101, true, commits:[s2:c101, s3:c101, s14:c97], cId:5843, entries: [(t:1, i:103), STATEMACHINELOGENTRY, 5842@client-D0569DAC76C3]
2023-03-17 00:26:12,933 DEBUG server.RaftServer$Division (RaftServerImpl.java:logAppendEntries(1430)) - s14@group-08C85AF2C45E: receive appendEntries(s2, 1, (t:1, i:101), 102, true, commits:[s2:c102, s3:c101, s14:c100], cId:5844, entries: [(t:1, i:102), METADATAENTRY(c:101), (t:1, i:103), STATEMACHINELOGENTRY, 5842@client-D0569DAC76C3]
2023-03-17 00:26:12,933 DEBUG server.RaftServer$Division (RaftServerImpl.java:logAppendEntries(1430)) - s3@group-08C85AF2C45E: succeeded to handle AppendEntries. Reply: s2<-s3#5843:OK-t1,SUCCESS,nextIndex=104,followerCommit=101,matchIndex=103
2023-03-17 00:26:12,933 INFO  statemachine.StateMachine (ArithmeticStateMachine.java:applyTransaction(182)) - LEADER:s2-103: a = null = null
2023-03-17 00:26:12,934 DEBUG server.RaftServer$Division (RaftServerImpl.java:logAppendEntries(1430)) - s14@group-08C85AF2C45E: succeeded to handle AppendEntries. Reply: s2<-s14#5844:OK-t1,SUCCESS,nextIndex=104,followerCommit=102,matchIndex=103
2023-03-17 00:26:12,934 DEBUG server.RaftServer$Division (RaftServerImpl.java:logAppendEntries(1430)) - s3@group-08C85AF2C45E: receive appendEntries(s2, 1, (t:1, i:103), 103, true, commits:[s2:c103, s3:c101, s14:c100], cId:5845, entries: [(t:1, i:104), METADATAENTRY(c:103)]
2023-03-17 00:26:12,934 DEBUG server.RaftServer$Division (RaftServerImpl.java:submitClientRequestAsync(835)) - s2@group-08C85AF2C45E: receive client request(RaftClientRequest:client-D0569DAC76C3->s2@group-08C85AF2C45E, cid=5846, seq=0, RW, Message:01016200)
2023-03-17 00:26:12,935 DEBUG server.RaftServer$Division (LeaderStateImpl.java:addPendingRequest(474)) - s2@group-08C85AF2C45E-LeaderStateImpl: addPendingRequest at RaftClientRequest:client-D0569DAC76C3->s2@group-08C85AF2C45E, cid=5846, seq=0, RW, Message:01016200, entry=(t:1, i:105), STATEMACHINELOGENTRY, 5846@client-D0569DAC76C3
2023-03-17 00:26:12,935 DEBUG server.RaftServer$Division (RaftServerImpl.java:logAppendEntries(1430)) - s3@group-08C85AF2C45E: succeeded to handle AppendEntries. Reply: s2<-s3#5845:OK-t1,SUCCESS,nextIndex=105,followerCommit=103,matchIndex=104
2023-03-17 00:26:12,936 DEBUG server.RaftServer$Division (RaftServerImpl.java:logAppendEntries(1430)) - s3@group-08C85AF2C45E: receive appendEntries(s2, 1, (t:1, i:104), 103, true, commits:[s2:c103, s3:c103, s14:c100], cId:5847, entries: [(t:1, i:105), STATEMACHINELOGENTRY, 5846@client-D0569DAC76C3]
2023-03-17 00:26:12,936 DEBUG server.RaftServer$Division (RaftServerImpl.java:logAppendEntries(1430)) - s3@group-08C85AF2C45E: succeeded to handle AppendEntries. Reply: s2<-s3#5847:OK-t1,SUCCESS,nextIndex=106,followerCommit=103,matchIndex=105
2023-03-17 00:26:12,936 INFO  statemachine.StateMachine (ArithmeticStateMachine.java:applyTransaction(182)) - LEADER:s2-105: b = null = null
2023-03-17 00:26:12,937 DEBUG server.RaftServer$Division (RaftServerImpl.java:logAppendEntries(1430)) - s3@group-08C85AF2C45E: receive appendEntries(s2, 1, (t:1, i:105), 105, true, commits:[s2:c105, s3:c103, s14:c102], cId:5849, entries: [(t:1, i:106), METADATAENTRY(c:105)]
2023-03-17 00:26:12,938 DEBUG server.RaftServer$Division (RaftServerImpl.java:logAppendEntries(1430)) - s3@group-08C85AF2C45E: succeeded to handle AppendEntries. Reply: s2<-s3#5849:OK-t1,SUCCESS,nextIndex=107,followerCommit=105,matchIndex=106
2023-03-17 00:26:12,936 DEBUG server.RaftServer$Division (RaftServerImpl.java:logAppendEntries(1430)) - s14@group-08C85AF2C45E: receive appendEntries(s2, 1, (t:1, i:103), 104, true, commits:[s2:c104, s3:c103, s14:c102], cId:5848, entries: [(t:1, i:104), METADATAENTRY(c:103), (t:1, i:105), STATEMACHINELOGENTRY, 5846@client-D0569DAC76C3]
2023-03-17 00:26:12,937 DEBUG server.RaftServer$Division (RaftServerImpl.java:submitClientRequestAsync(835)) - s2@group-08C85AF2C45E: receive client request(RaftClientRequest:client-D0569DAC76C3->s2@group-08C85AF2C45E, cid=5850, seq=0, RW, Message:01016300)
2023-03-17 00:26:12,942 DEBUG server.RaftServer$Division (LeaderStateImpl.java:addPendingRequest(474)) - s2@group-08C85AF2C45E-LeaderStateImpl: addPendingRequest at RaftClientRequest:client-D0569DAC76C3->s2@group-08C85AF2C45E, cid=5850, seq=0, RW, Message:01016300, entry=(t:1, i:107), STATEMACHINELOGENTRY, 5850@client-D0569DAC76C3
2023-03-17 00:26:12,943 DEBUG server.RaftServer$Division (RaftServerImpl.java:logAppendEntries(1430)) - s3@group-08C85AF2C45E: receive appendEntries(s2, 1, (t:1, i:106), 106, true, commits:[s2:c106, s3:c105, s14:c102], cId:5851, entries: [(t:1, i:107), STATEMACHINELOGENTRY, 5850@client-D0569DAC76C3]
2023-03-17 00:26:12,943 DEBUG server.RaftServer$Division (RaftServerImpl.java:logAppendEntries(1430)) - s14@group-08C85AF2C45E: succeeded to handle AppendEntries. Reply: s2<-s14#5848:OK-t1,SUCCESS,nextIndex=106,followerCommit=104,matchIndex=105
2023-03-17 00:26:12,943 DEBUG server.RaftServer$Division (RaftServerImpl.java:logAppendEntries(1430)) - s3@group-08C85AF2C45E: succeeded to handle AppendEntries. Reply: s2<-s3#5851:OK-t1,SUCCESS,nextIndex=108,followerCommit=106,matchIndex=107
2023-03-17 00:26:12,944 INFO  statemachine.StateMachine (ArithmeticStateMachine.java:applyTransaction(182)) - LEADER:s2-107: c = null = null
2023-03-17 00:26:12,944 DEBUG server.RaftServer$Division (RaftServerImpl.java:logAppendEntries(1430)) - s3@group-08C85AF2C45E: receive appendEntries(s2, 1, (t:1, i:107), 107, true, commits:[s2:c107, s3:c106, s14:c104], cId:5853, entries: [(t:1, i:108), METADATAENTRY(c:107)]
2023-03-17 00:26:12,945 DEBUG server.RaftServer$Division (RaftServerImpl.java:logAppendEntries(1430)) - s14@group-08C85AF2C45E: receive appendEntries(s2, 1, (t:1, i:105), 106, true, commits:[s2:c106, s3:c106, s14:c104], cId:5852, entries: [(t:1, i:106), METADATAENTRY(c:105), (t:1, i:107), STATEMACHINELOGENTRY, 5850@client-D0569DAC76C3]
2023-03-17 00:26:12,945 DEBUG server.RaftServer$Division (RaftServerImpl.java:logAppendEntries(1430)) - s3@group-08C85AF2C45E: succeeded to handle AppendEntries. Reply: s2<-s3#5853:OK-t1,SUCCESS,nextIndex=109,followerCommit=107,matchIndex=108
2023-03-17 00:26:12,945 DEBUG server.RaftServer$Division (RaftServerImpl.java:submitClientRequestAsync(835)) - s2@group-08C85AF2C45E: receive client request(RaftClientRequest:client-D0569DAC76C3->s2@group-08C85AF2C45E, cid=5854, seq=0, RW, Message:01016102404e80000000...(size=12))
2023-03-17 00:26:12,946 DEBUG server.RaftServer$Division (LeaderStateImpl.java:addPendingRequest(474)) - s2@group-08C85AF2C45E-LeaderStateImpl: addPendingRequest at RaftClientRequest:client-D0569DAC76C3->s2@group-08C85AF2C45E, cid=5854, seq=0, RW, Message:01016102404e80000000...(size=12), entry=(t:1, i:109), STATEMACHINELOGENTRY, 5854@client-D0569DAC76C3
2023-03-17 00:26:12,946 DEBUG server.RaftServer$Division (RaftServerImpl.java:logAppendEntries(1430)) - s3@group-08C85AF2C45E: receive appendEntries(s2, 1, (t:1, i:108), 107, true, commits:[s2:c107, s3:c107, s14:c104], cId:5855, entries: [(t:1, i:109), STATEMACHINELOGENTRY, 5854@client-D0569DAC76C3]
2023-03-17 00:26:12,947 DEBUG server.RaftServer$Division (RaftServerImpl.java:logAppendEntries(1430)) - s14@group-08C85AF2C45E: succeeded to handle AppendEntries. Reply: s2<-s14#5852:OK-t1,SUCCESS,nextIndex=108,followerCommit=106,matchIndex=107
2023-03-17 00:26:12,947 DEBUG server.RaftServer$Division (RaftServerImpl.java:logAppendEntries(1430)) - s3@group-08C85AF2C45E: succeeded to handle AppendEntries. Reply: s2<-s3#5855:OK-t1,SUCCESS,nextIndex=110,followerCommit=107,matchIndex=109
2023-03-17 00:26:12,947 INFO  statemachine.StateMachine (ArithmeticStateMachine.java:applyTransaction(182)) - LEADER:s2-109: a = 61 = 61
2023-03-17 00:26:12,948 DEBUG server.RaftServer$Division (RaftServerImpl.java:logAppendEntries(1430)) - s3@group-08C85AF2C45E: receive appendEntries(s2, 1, (t:1, i:109), 109, true, commits:[s2:c109, s3:c107, s14:c106], cId:5857, entries: [(t:1, i:110), METADATAENTRY(c:109)]
2023-03-17 00:26:12,948 DEBUG server.RaftServer$Division (RaftServerImpl.java:logAppendEntries(1430)) - s14@group-08C85AF2C45E: receive appendEntries(s2, 1, (t:1, i:107), 108, true, commits:[s2:c108, s3:c107, s14:c106], cId:5856, entries: [(t:1, i:108), METADATAENTRY(c:107), (t:1, i:109), STATEMACHINELOGENTRY, 5854@client-D0569DAC76C3]
2023-03-17 00:26:12,948 DEBUG server.RaftServer$Division (RaftServerImpl.java:submitClientRequestAsync(835)) - s2@group-08C85AF2C45E: receive client request(RaftClientRequest:client-D0569DAC76C3->s2@group-08C85AF2C45E, cid=5858, seq=0, RW, Message:01016202409d10000000...(size=12))
2023-03-17 00:26:12,948 DEBUG server.RaftServer$Division (LeaderStateImpl.java:addPendingRequest(474)) - s2@group-08C85AF2C45E-LeaderStateImpl: addPendingRequest at RaftClientRequest:client-D0569DAC76C3->s2@group-08C85AF2C45E, cid=5858, seq=0, RW, Message:01016202409d10000000...(size=12), entry=(t:1, i:111), STATEMACHINELOGENTRY, 5858@client-D0569DAC76C3
2023-03-17 00:26:12,949 DEBUG server.RaftServer$Division (RaftServerImpl.java:logAppendEntries(1430)) - s3@group-08C85AF2C45E: succeeded to handle AppendEntries. Reply: s2<-s3#5857:OK-t1,SUCCESS,nextIndex=111,followerCommit=109,matchIndex=110
2023-03-17 00:26:12,949 DEBUG server.RaftServer$Division (RaftServerImpl.java:logAppendEntries(1430)) - s14@group-08C85AF2C45E: succeeded to handle AppendEntries. Reply: s2<-s14#5856:OK-t1,SUCCESS,nextIndex=110,followerCommit=108,matchIndex=109
2023-03-17 00:26:12,949 DEBUG server.RaftServer$Division (RaftServerImpl.java:logAppendEntries(1430)) - s3@group-08C85AF2C45E: receive appendEntries(s2, 1, (t:1, i:110), 109, true, commits:[s2:c109, s3:c109, s14:c106], cId:5859, entries: [(t:1, i:111), STATEMACHINELOGENTRY, 5858@client-D0569DAC76C3]
2023-03-17 00:26:12,950 DEBUG server.RaftServer$Division (RaftServerImpl.java:logAppendEntries(1430)) - s14@group-08C85AF2C45E: receive appendEntries(s2, 1, (t:1, i:109), 110, true, commits:[s2:c110, s3:c109, s14:c108], cId:5862, entries: [(t:1, i:110), METADATAENTRY(c:109), (t:1, i:111), STATEMACHINELOGENTRY, 5858@client-D0569DAC76C3]
2023-03-17 00:26:12,950 DEBUG server.RaftServer$Division (RaftServerImpl.java:logAppendEntries(1430)) - s3@group-08C85AF2C45E: succeeded to handle AppendEntries. Reply: s2<-s3#5859:OK-t1,SUCCESS,nextIndex=112,followerCommit=109,matchIndex=111
2023-03-17 00:26:12,951 INFO  statemachine.StateMachine (ArithmeticStateMachine.java:applyTransaction(182)) - LEADER:s2-111: b = 1860 = 1860
2023-03-17 00:26:12,951 DEBUG server.RaftServer$Division (RaftServerImpl.java:logAppendEntries(1430)) - s14@group-08C85AF2C45E: succeeded to handle AppendEntries. Reply: s2<-s14#5862:OK-t1,SUCCESS,nextIndex=112,followerCommit=110,matchIndex=111
2023-03-17 00:26:12,951 DEBUG server.RaftServer$Division (RaftServerImpl.java:logAppendEntries(1430)) - s3@group-08C85AF2C45E: receive appendEntries(s2, 1, (t:1, i:111), 111, true, commits:[s2:c111, s3:c109, s14:c108], cId:5863, entries: [(t:1, i:112), METADATAENTRY(c:111)]
2023-03-17 00:26:12,952 DEBUG server.RaftServer$Division (RaftServerImpl.java:logAppendEntries(1430)) - s3@group-08C85AF2C45E: succeeded to handle AppendEntries. Reply: s2<-s3#5863:OK-t1,SUCCESS,nextIndex=113,followerCommit=111,matchIndex=112
2023-03-17 00:26:12,953 DEBUG server.RaftServer$Division (RaftServerImpl.java:submitClientRequestAsync(835)) - s2@group-08C85AF2C45E: receive client request(RaftClientRequest:client-D0569DAC76C3->s2@group-08C85AF2C45E, cid=5870, seq=0, RW, Message:01016304010300040201...(size=17))
2023-03-17 00:26:12,953 DEBUG server.RaftServer$Division (LeaderStateImpl.java:addPendingRequest(474)) - s2@group-08C85AF2C45E-LeaderStateImpl: addPendingRequest at RaftClientRequest:client-D0569DAC76C3->s2@group-08C85AF2C45E, cid=5870, seq=0, RW, Message:01016304010300040201...(size=17), entry=(t:1, i:113), STATEMACHINELOGENTRY, 5870@client-D0569DAC76C3
2023-03-17 00:26:12,954 DEBUG server.RaftServer$Division (RaftServerImpl.java:logAppendEntries(1430)) - s3@group-08C85AF2C45E: receive appendEntries(s2, 1, (t:1, i:112), 112, true, commits:[s2:c112, s3:c111, s14:c108], cId:5871, entries: [(t:1, i:113), STATEMACHINELOGENTRY, 5870@client-D0569DAC76C3]
2023-03-17 00:26:12,954 DEBUG server.RaftServer$Division (RaftServerImpl.java:logAppendEntries(1430)) - s14@group-08C85AF2C45E: receive appendEntries(s2, 1, (t:1, i:111), 112, true, commits:[s2:c112, s3:c111, s14:c110], cId:5872, entries: [(t:1, i:112), METADATAENTRY(c:111), (t:1, i:113), STATEMACHINELOGENTRY, 5870@client-D0569DAC76C3]
2023-03-17 00:26:12,955 DEBUG server.RaftServer$Division (RaftServerImpl.java:logAppendEntries(1430)) - s14@group-08C85AF2C45E: succeeded to handle AppendEntries. Reply: s2<-s14#5872:OK-t1,SUCCESS,nextIndex=114,followerCommit=112,matchIndex=113
2023-03-17 00:26:12,955 INFO  statemachine.StateMachine (ArithmeticStateMachine.java:applyTransaction(182)) - LEADER:s2-113: c = √(a^2 + b^2) = 1861
2023-03-17 00:26:12,956 DEBUG server.RaftServer$Division (RaftServerImpl.java:submitClientRequestAsync(835)) - s2@group-08C85AF2C45E: receive client request(RaftClientRequest:client-D0569DAC76C3->s2@group-08C85AF2C45E, cid=5874, seq=0, RW, Message:01016100)
2023-03-17 00:26:12,956 DEBUG server.RaftServer$Division (LeaderStateImpl.java:addPendingRequest(474)) - s2@group-08C85AF2C45E-LeaderStateImpl: addPendingRequest at RaftClientRequest:client-D0569DAC76C3->s2@group-08C85AF2C45E, cid=5874, seq=0, RW, Message:01016100, entry=(t:1, i:115), STATEMACHINELOGENTRY, 5874@client-D0569DAC76C3
2023-03-17 00:26:12,957 DEBUG server.RaftServer$Division (RaftServerImpl.java:logAppendEntries(1430)) - s14@group-08C85AF2C45E: receive appendEntries(s2, 1, (t:1, i:113), 113, true, commits:[s2:c113, s3:c111, s14:c112], cId:5873, entries: [(t:1, i:114), METADATAENTRY(c:113)]
2023-03-17 00:26:12,957 DEBUG server.RaftServer$Division (RaftServerImpl.java:logAppendEntries(1430)) - s3@group-08C85AF2C45E: succeeded to handle AppendEntries. Reply: s2<-s3#5871:OK-t1,SUCCESS,nextIndex=114,followerCommit=112,matchIndex=113
2023-03-17 00:26:12,958 DEBUG server.RaftServer$Division (RaftServerImpl.java:logAppendEntries(1430)) - s3@group-08C85AF2C45E: receive appendEntries(s2, 1, (t:1, i:113), 113, true, commits:[s2:c113, s3:c112, s14:c112], cId:5875, entries: [(t:1, i:114), METADATAENTRY(c:113), (t:1, i:115), STATEMACHINELOGENTRY, 5874@client-D0569DAC76C3]
2023-03-17 00:26:12,958 DEBUG server.RaftServer$Division (RaftServerImpl.java:logAppendEntries(1430)) - s14@group-08C85AF2C45E: succeeded to handle AppendEntries. Reply: s2<-s14#5873:OK-t1,SUCCESS,nextIndex=115,followerCommit=113,matchIndex=114
2023-03-17 00:26:12,958 DEBUG server.RaftServer$Division (RaftServerImpl.java:logAppendEntries(1430)) - s3@group-08C85AF2C45E: succeeded to handle AppendEntries. Reply: s2<-s3#5875:OK-t1,SUCCESS,nextIndex=116,followerCommit=113,matchIndex=115
2023-03-17 00:26:12,959 INFO  statemachine.StateMachine (ArithmeticStateMachine.java:applyTransaction(182)) - LEADER:s2-115: a = null = null
2023-03-17 00:26:12,959 DEBUG server.RaftServer$Division (RaftServerImpl.java:submitClientRequestAsync(835)) - s2@group-08C85AF2C45E: receive client request(RaftClientRequest:client-D0569DAC76C3->s2@group-08C85AF2C45E, cid=5878, seq=0, RW, Message:01016200)
2023-03-17 00:26:12,959 DEBUG server.RaftServer$Division (RaftServerImpl.java:logAppendEntries(1430)) - s3@group-08C85AF2C45E: receive appendEntries(s2, 1, (t:1, i:115), 115, true, commits:[s2:c115, s3:c113, s14:c113], cId:5877, entries: [(t:1, i:116), METADATAENTRY(c:115)]
2023-03-17 00:26:12,960 DEBUG server.RaftServer$Division (LeaderStateImpl.java:addPendingRequest(474)) - s2@group-08C85AF2C45E-LeaderStateImpl: addPendingRequest at RaftClientRequest:client-D0569DAC76C3->s2@group-08C85AF2C45E, cid=5878, seq=0, RW, Message:01016200, entry=(t:1, i:117), STATEMACHINELOGENTRY, 5878@client-D0569DAC76C3
2023-03-17 00:26:12,960 DEBUG server.RaftServer$Division (RaftServerImpl.java:logAppendEntries(1430)) - s3@group-08C85AF2C45E: succeeded to handle AppendEntries. Reply: s2<-s3#5877:OK-t1,SUCCESS,nextIndex=117,followerCommit=115,matchIndex=116
2023-03-17 00:26:12,960 DEBUG server.RaftServer$Division (RaftServerImpl.java:logAppendEntries(1430)) - s14@group-08C85AF2C45E: receive appendEntries(s2, 1, (t:1, i:114), 115, true, commits:[s2:c115, s3:c113, s14:c113], cId:5876, entries: [(t:1, i:115), STATEMACHINELOGENTRY, 5874@client-D0569DAC76C3, (t:1, i:116), METADATAENTRY(c:115)]
2023-03-17 00:26:12,961 DEBUG server.RaftServer$Division (RaftServerImpl.java:logAppendEntries(1430)) - s3@group-08C85AF2C45E: receive appendEntries(s2, 1, (t:1, i:116), 115, true, commits:[s2:c115, s3:c115, s14:c113], cId:5879, entries: [(t:1, i:117), STATEMACHINELOGENTRY, 5878@client-D0569DAC76C3]
2023-03-17 00:26:12,961 DEBUG server.RaftServer$Division (RaftServerImpl.java:logAppendEntries(1430)) - s14@group-08C85AF2C45E: succeeded to handle AppendEntries. Reply: s2<-s14#5876:OK-t1,SUCCESS,nextIndex=117,followerCommit=115,matchIndex=116
2023-03-17 00:26:12,961 DEBUG server.RaftServer$Division (RaftServerImpl.java:logAppendEntries(1430)) - s3@group-08C85AF2C45E: succeeded to handle AppendEntries. Reply: s2<-s3#5879:OK-t1,SUCCESS,nextIndex=118,followerCommit=115,matchIndex=117
2023-03-17 00:26:12,962 INFO  statemachine.StateMachine (ArithmeticStateMachine.java:applyTransaction(182)) - LEADER:s2-117: b = null = null
2023-03-17 00:26:12,963 DEBUG server.RaftServer$Division (RaftServerImpl.java:logAppendEntries(1430)) - s3@group-08C85AF2C45E: receive appendEntries(s2, 1, (t:1, i:117), 117, true, commits:[s2:c117, s3:c115, s14:c115], cId:5881, entries: [(t:1, i:118), METADATAENTRY(c:117)]
2023-03-17 00:26:12,963 DEBUG server.RaftServer$Division (RaftServerImpl.java:submitClientRequestAsync(835)) - s2@group-08C85AF2C45E: receive client request(RaftClientRequest:client-D0569DAC76C3->s2@group-08C85AF2C45E, cid=5882, seq=0, RW, Message:01016300)
2023-03-17 00:26:12,963 DEBUG server.RaftServer$Division (LeaderStateImpl.java:addPendingRequest(474)) - s2@group-08C85AF2C45E-LeaderStateImpl: addPendingRequest at RaftClientRequest:client-D0569DAC76C3->s2@group-08C85AF2C45E, cid=5882, seq=0, RW, Message:01016300, entry=(t:1, i:119), STATEMACHINELOGENTRY, 5882@client-D0569DAC76C3
2023-03-17 00:26:12,963 DEBUG server.RaftServer$Division (RaftServerImpl.java:logAppendEntries(1430)) - s3@group-08C85AF2C45E: succeeded to handle AppendEntries. Reply: s2<-s3#5881:OK-t1,SUCCESS,nextIndex=119,followerCommit=117,matchIndex=118
2023-03-17 00:26:12,964 DEBUG server.RaftServer$Division (RaftServerImpl.java:logAppendEntries(1430)) - s14@group-08C85AF2C45E: receive appendEntries(s2, 1, (t:1, i:116), 116, true, commits:[s2:c116, s3:c115, s14:c115], cId:5880, entries: [(t:1, i:117), STATEMACHINELOGENTRY, 5878@client-D0569DAC76C3]
2023-03-17 00:26:12,964 DEBUG server.RaftServer$Division (RaftServerImpl.java:logAppendEntries(1430)) - s3@group-08C85AF2C45E: receive appendEntries(s2, 1, (t:1, i:118), 117, true, commits:[s2:c117, s3:c117, s14:c115], cId:5883, entries: [(t:1, i:119), STATEMACHINELOGENTRY, 5882@client-D0569DAC76C3]
2023-03-17 00:26:12,965 DEBUG server.RaftServer$Division (RaftServerImpl.java:logAppendEntries(1430)) - s14@group-08C85AF2C45E: succeeded to handle AppendEntries. Reply: s2<-s14#5880:OK-t1,SUCCESS,nextIndex=118,followerCommit=116,matchIndex=117
2023-03-17 00:26:12,965 DEBUG server.RaftServer$Division (RaftServerImpl.java:logAppendEntries(1430)) - s3@group-08C85AF2C45E: succeeded to handle AppendEntries. Reply: s2<-s3#5883:OK-t1,SUCCESS,nextIndex=120,followerCommit=117,matchIndex=119
2023-03-17 00:26:12,965 INFO  statemachine.StateMachine (ArithmeticStateMachine.java:applyTransaction(182)) - LEADER:s2-119: c = null = null
2023-03-17 00:26:12,966 DEBUG server.RaftServer$Division (RaftServerImpl.java:logAppendEntries(1430)) - s3@group-08C85AF2C45E: receive appendEntries(s2, 1, (t:1, i:119), 119, true, commits:[s2:c119, s3:c117, s14:c116], cId:5885, entries: [(t:1, i:120), METADATAENTRY(c:119)]
2023-03-17 00:26:12,966 DEBUG server.RaftServer$Division (RaftServerImpl.java:logAppendEntries(1430)) - s14@group-08C85AF2C45E: receive appendEntries(s2, 1, (t:1, i:117), 119, true, commits:[s2:c119, s3:c117, s14:c116], cId:5884, entries: [(t:1, i:118), METADATAENTRY(c:117), (t:1, i:119), STATEMACHINELOGENTRY, 5882@client-D0569DAC76C3, (t:1, i:120), METADATAENTRY(c:119)]
2023-03-17 00:26:12,966 DEBUG server.RaftServer$Division (RaftServerImpl.java:logAppendEntries(1430)) - s3@group-08C85AF2C45E: succeeded to handle AppendEntries. Reply: s2<-s3#5885:OK-t1,SUCCESS,nextIndex=121,followerCommit=119,matchIndex=120
2023-03-17 00:26:12,967 DEBUG server.RaftServer$Division (RaftServerImpl.java:logAppendEntries(1430)) - s14@group-08C85AF2C45E: succeeded to handle AppendEntries. Reply: s2<-s14#5884:OK-t1,SUCCESS,nextIndex=121,followerCommit=119,matchIndex=120
2023-03-17 00:26:12,981 INFO  impl.GroupManagementBaseTest (GroupManagementBaseTest.java:runMultiGroupTest(281)) - 3) starting group-04A534573A2A:[s4|rpc:0.0.0.0:39523|priority:0|startupRole:FOLLOWER, s5|rpc:0.0.0.0:38791|priority:0|startupRole:FOLLOWER, s6|rpc:0.0.0.0:34503|priority:0|startupRole:FOLLOWER]
2023-03-17 00:26:13,000 INFO  logging.LoggingHandler (AbstractInternalLogger.java:log(148)) - [id: 0x8f5e74f5, L:/0.0.0.0:39523] READ: [id: 0x05f90cc9, L:/10.1.0.17:39523 - R:/10.1.0.17:52564]
2023-03-17 00:26:13,000 INFO  logging.LoggingHandler (AbstractInternalLogger.java:log(148)) - [id: 0x8f5e74f5, L:/0.0.0.0:39523] READ COMPLETE
2023-03-17 00:26:13,006 INFO  server.RaftServer$Division (RaftServerImpl.java:<init>(198)) - s4: new RaftServerImpl for group-04A534573A2A:[s4|rpc:0.0.0.0:39523|dataStream:|priority:0|startupRole:FOLLOWER, s5|rpc:0.0.0.0:38791|dataStream:|priority:0|startupRole:FOLLOWER, s6|rpc:0.0.0.0:34503|dataStream:|priority:0|startupRole:FOLLOWER] with ArithmeticStateMachine:uninitialized
2023-03-17 00:26:13,006 INFO  server.RaftServerConfigKeys (ConfUtils.java:logGet(46)) - raft.server.rpc.timeout.min = 300ms (custom)
2023-03-17 00:26:13,007 INFO  server.RaftServerConfigKeys (ConfUtils.java:logGet(46)) - raft.server.rpc.timeout.max = 600ms (custom)
2023-03-17 00:26:13,007 INFO  server.RaftServerConfigKeys (ConfUtils.java:logGet(46)) - raft.server.rpc.sleep.time = 25ms (default)
2023-03-17 00:26:13,007 INFO  server.RaftServerConfigKeys (ConfUtils.java:logGet(46)) - raft.server.rpc.slowness.timeout = 60s (default)
2023-03-17 00:26:13,007 INFO  server.RaftServerConfigKeys (ConfUtils.java:logGet(46)) - raft.server.leaderelection.leader.step-down.wait-time = 10s (default)
2023-03-17 00:26:13,007 INFO  server.RaftServerConfigKeys (ConfUtils.java:logGet(46)) - raft.server.sleep.deviation.threshold = 300ms (default)
2023-03-17 00:26:13,007 INFO  server.RaftServer$Division (ServerState.java:<init>(113)) - s4@group-04A534573A2A: ConfigurationManager, init=-1: peers:[s4|rpc:0.0.0.0:39523|dataStream:|priority:0|startupRole:FOLLOWER, s5|rpc:0.0.0.0:38791|dataStream:|priority:0|startupRole:FOLLOWER, s6|rpc:0.0.0.0:34503|dataStream:|priority:0|startupRole:FOLLOWER]|listeners:[], old=null, confs=<EMPTY_MAP>
2023-03-17 00:26:13,007 INFO  server.RaftServerConfigKeys (ConfUtils.java:logGet(46)) - raft.server.notification.no-leader.timeout = 60s (default)
2023-03-17 00:26:13,007 INFO  server.RaftServerConfigKeys (ConfUtils.java:logGet(46)) - raft.server.read.timeout = 10s (default)
2023-03-17 00:26:13,007 INFO  server.RaftServerConfigKeys (ConfUtils.java:logGet(46)) - raft.server.retrycache.expirytime = 60s (default)
2023-03-17 00:26:13,007 INFO  server.RaftServerConfigKeys (ConfUtils.java:logGet(46)) - raft.server.retrycache.statistics.expirytime = 100μs (default)
2023-03-17 00:26:13,007 INFO  server.RaftServerConfigKeys (ConfUtils.java:logGet(46)) - raft.server.read.option = DEFAULT (default)
2023-03-17 00:26:13,008 INFO  server.RaftServerConfigKeys (ConfUtils.java:logGet(46)) - raft.server.log.appender.install.snapshot.enabled = true (default)
2023-03-17 00:26:13,008 INFO  server.RaftServerConfigKeys (ConfUtils.java:logGet(46)) - raft.server.threadpool.server.cached = true (default)
2023-03-17 00:26:13,008 INFO  server.RaftServerConfigKeys (ConfUtils.java:logGet(46)) - raft.server.threadpool.server.size = 0 (default)
2023-03-17 00:26:13,008 INFO  server.RaftServerConfigKeys (ConfUtils.java:logGet(46)) - raft.server.threadpool.client.cached = true (default)
2023-03-17 00:26:13,009 INFO  server.RaftServerConfigKeys (ConfUtils.java:logGet(46)) - raft.server.threadpool.client.size = 0 (default)
2023-03-17 00:26:13,009 INFO  server.RaftServer (RaftServerProxy.java:addNew(99)) - s4: addNew group-04A534573A2A:[s4|rpc:0.0.0.0:39523|dataStream:|priority:0|startupRole:FOLLOWER, s5|rpc:0.0.0.0:38791|dataStream:|priority:0|startupRole:FOLLOWER, s6|rpc:0.0.0.0:34503|dataStream:|priority:0|startupRole:FOLLOWER] returns      null s4@group-04A534573A2A:t0, leader=null, voted=null, raftlog=UNINITIALIZED, conf=-1: peers:[s4|rpc:0.0.0.0:39523|dataStream:|priority:0|startupRole:FOLLOWER, s5|rpc:0.0.0.0:38791|dataStream:|priority:0|startupRole:FOLLOWER, s6|rpc:0.0.0.0:34503|dataStream:|priority:0|startupRole:FOLLOWER]|listeners:[], old=null NEW
2023-03-17 00:26:13,009 INFO  server.RaftServerConfigKeys (ConfUtils.java:logGet(46)) - raft.server.storage.free-space.min = 0MB (=0) (default)
2023-03-17 00:26:13,009 INFO  server.RaftServerConfigKeys (ConfUtils.java:logGet(46)) - raft.server.log.corruption.policy = EXCEPTION (default)
2023-03-17 00:26:13,010 INFO  server.RaftServerConfigKeys (ConfUtils.java:logGet(46)) - raft.server.storage.dir = [/home/runner/work/ratis/ratis/ratis-examples/target/test/data/9a3b15da/MiniRaftClusterWithNettyce94e709/s4] (custom)
2023-03-17 00:26:13,010 INFO  storage.RaftStorageDirectory (RaftStorageDirectoryImpl.java:analyzeStorage(138)) - The storage directory /home/runner/work/ratis/ratis/ratis-examples/target/test/data/9a3b15da/MiniRaftClusterWithNettyce94e709/s4/f28826ba-1d00-4c4b-87a4-04a534573a2a does not exist. Creating ...
2023-03-17 00:26:13,010 TRACE util.FileUtils (LogUtils.java:runAndLog(49)) - Successfully ran Files.createDirectories /home/runner/work/ratis/ratis/ratis-examples/target/test/data/9a3b15da/MiniRaftClusterWithNettyce94e709/s4/f28826ba-1d00-4c4b-87a4-04a534573a2a
2023-03-17 00:26:13,012 INFO  storage.RaftStorageDirectory (RaftStorageDirectoryImpl.java:tryLock(232)) - Lock on /home/runner/work/ratis/ratis/ratis-examples/target/test/data/9a3b15da/MiniRaftClusterWithNettyce94e709/s4/f28826ba-1d00-4c4b-87a4-04a534573a2a/in_use.lock acquired by nodename 17092@fv-az451-845
2023-03-17 00:26:13,012 TRACE util.FileUtils (LogUtils.java:runAndLog(49)) - Successfully ran Files.createDirectories /home/runner/work/ratis/ratis/ratis-examples/target/test/data/9a3b15da/MiniRaftClusterWithNettyce94e709/s4/f28826ba-1d00-4c4b-87a4-04a534573a2a/current
2023-03-17 00:26:13,012 TRACE util.FileUtils (LogUtils.java:runAndLog(49)) - Successfully ran Files.createDirectories /home/runner/work/ratis/ratis/ratis-examples/target/test/data/9a3b15da/MiniRaftClusterWithNettyce94e709/s4/f28826ba-1d00-4c4b-87a4-04a534573a2a/sm
2023-03-17 00:26:13,014 INFO  storage.RaftStorage (RaftStorageImpl.java:format(96)) - Storage directory /home/runner/work/ratis/ratis/ratis-examples/target/test/data/9a3b15da/MiniRaftClusterWithNettyce94e709/s4/f28826ba-1d00-4c4b-87a4-04a534573a2a has been successfully formatted.
2023-03-17 00:26:13,014 WARN  statemachine.StateMachine (ArithmeticStateMachine.java:loadSnapshot(116)) - The snapshot info is null.
2023-03-17 00:26:13,014 INFO  server.RaftServerConfigKeys (ConfUtils.java:logGet(46)) - raft.server.log.use.memory = false (default)
2023-03-17 00:26:13,014 INFO  server.RaftServerConfigKeys (ConfUtils.java:logGet(46)) - raft.server.log.purge.gap = 1024 (default)
2023-03-17 00:26:13,014 INFO  server.RaftServerConfigKeys (ConfUtils.java:logGet(46)) - raft.server.log.appender.buffer.byte-limit = 4MB (=4194304) (default)
2023-03-17 00:26:13,015 INFO  server.RaftServerConfigKeys (ConfUtils.java:logGet(46)) - raft.server.log.statemachine.data.read.timeout = 1000ms (default)
2023-03-17 00:26:13,015 INFO  server.RaftServerConfigKeys (ConfUtils.java:logGet(46)) - raft.server.log.purge.preservation.log.num = 0 (default)
2023-03-17 00:26:13,015 INFO  server.RaftServerConfigKeys (ConfUtils.java:logGet(46)) - raft.server.log.segment.size.max = 8MB (=8388608) (default)
2023-03-17 00:26:13,015 INFO  server.RaftServerConfigKeys (ConfUtils.java:logGet(46)) - raft.server.log.segment.cache.num.max = 6 (default)
2023-03-17 00:26:13,015 INFO  server.RaftServerConfigKeys (ConfUtils.java:logGet(46)) - raft.server.log.segment.cache.size.max = 200MB (=209715200) (default)
2023-03-17 00:26:13,015 INFO  server.RaftServerConfigKeys (ConfUtils.java:logGet(46)) - raft.server.log.appender.buffer.byte-limit = 4MB (=4194304) (default)
2023-03-17 00:26:13,016 INFO  segmented.SegmentedRaftLogWorker (SegmentedRaftLogWorker.java:<init>(183)) - new s4@group-04A534573A2A-SegmentedRaftLogWorker for RaftStorageImpl:Storage Directory /home/runner/work/ratis/ratis/ratis-examples/target/test/data/9a3b15da/MiniRaftClusterWithNettyce94e709/s4/f28826ba-1d00-4c4b-87a4-04a534573a2a
2023-03-17 00:26:13,016 INFO  server.RaftServerConfigKeys (ConfUtils.java:logGet(46)) - raft.server.log.queue.byte-limit = 64MB (=67108864) (default)
2023-03-17 00:26:13,016 INFO  server.RaftServerConfigKeys (ConfUtils.java:logGet(46)) - raft.server.log.queue.element-limit = 4096 (default)
2023-03-17 00:26:13,016 INFO  server.RaftServerConfigKeys (ConfUtils.java:logGet(46)) - raft.server.log.segment.size.max = 8MB (=8388608) (default)
2023-03-17 00:26:13,016 INFO  server.RaftServerConfigKeys (ConfUtils.java:logGet(46)) - raft.server.log.preallocated.size = 4MB (=4194304) (default)
2023-03-17 00:26:13,016 INFO  server.RaftServerConfigKeys (ConfUtils.java:logGet(46)) - raft.server.log.force.sync.num = 128 (default)
2023-03-17 00:26:13,016 INFO  server.RaftServerConfigKeys (ConfUtils.java:logGet(46)) - raft.server.log.statemachine.data.sync = true (default)
2023-03-17 00:26:13,016 INFO  server.RaftServerConfigKeys (ConfUtils.java:logGet(46)) - raft.server.log.statemachine.data.sync.timeout = 10s (default)
2023-03-17 00:26:13,016 INFO  server.RaftServerConfigKeys (ConfUtils.java:logGet(46)) - raft.server.log.statemachine.data.sync.timeout.retry = -1 (default)
2023-03-17 00:26:13,017 INFO  server.RaftServerConfigKeys (ConfUtils.java:logGet(46)) - raft.server.log.write.buffer.size = 64KB (=65536) (default)
2023-03-17 00:26:13,017 INFO  server.RaftServerConfigKeys (ConfUtils.java:logGet(46)) - raft.server.log.appender.buffer.byte-limit = 4MB (=4194304) (default)
2023-03-17 00:26:13,027 INFO  server.RaftServerConfigKeys (ConfUtils.java:logGet(46)) - raft.server.log.unsafe-flush.enabled = false (default)
2023-03-17 00:26:13,027 INFO  server.RaftServerConfigKeys (ConfUtils.java:logGet(46)) - raft.server.log.async-flush.enabled = false (default)
2023-03-17 00:26:13,027 INFO  server.RaftServerConfigKeys (ConfUtils.java:logGet(46)) - raft.server.log.statemachine.data.caching.enabled = false (default)
2023-03-17 00:26:13,028 INFO  segmented.SegmentedRaftLogWorker (SegmentedRaftLogWorker.java:lambda$new$0(134)) - s4@group-04A534573A2A-SegmentedRaftLogWorker: flushIndex: setUnconditionally 0 -> -1
2023-03-17 00:26:13,028 INFO  segmented.SegmentedRaftLogWorker (SegmentedRaftLogWorker.java:lambda$new$0(134)) - s4@group-04A534573A2A-SegmentedRaftLogWorker: safeCacheEvictIndex: setUnconditionally 0 -> -1
2023-03-17 00:26:13,028 INFO  server.RaftServer$Division (RaftServerImpl.java:start(342)) - s4@group-04A534573A2A: start as a follower, conf=-1: peers:[s4|rpc:0.0.0.0:39523|dataStream:|priority:0|startupRole:FOLLOWER, s5|rpc:0.0.0.0:38791|dataStream:|priority:0|startupRole:FOLLOWER, s6|rpc:0.0.0.0:34503|dataStream:|priority:0|startupRole:FOLLOWER]|listeners:[], old=null
2023-03-17 00:26:13,028 INFO  server.RaftServer$Division (RaftServerImpl.java:setRole(329)) - s4@group-04A534573A2A: changes role from      null to FOLLOWER at term 0 for startAsFollower
2023-03-17 00:26:13,028 INFO  impl.RoleInfo (RoleInfo.java:updateAndGet(139)) - s4: start s4@group-04A534573A2A-FollowerState
2023-03-17 00:26:13,042 INFO  util.JmxRegister (JmxRegister.java:tryRegister(44)) - Successfully registered JMX Bean with object name Ratis:service=RaftServer,group=group-04A534573A2A,id=s4
2023-03-17 00:26:13,042 INFO  server.RaftServerConfigKeys (ConfUtils.java:logGet(46)) - raft.server.snapshot.auto.trigger.enabled = false (default)
2023-03-17 00:26:13,042 INFO  server.RaftServerConfigKeys (ConfUtils.java:logGet(46)) - raft.server.snapshot.retention.file.num = -1 (default)
2023-03-17 00:26:13,042 INFO  server.RaftServerConfigKeys (ConfUtils.java:logGet(46)) - raft.server.log.purge.upto.snapshot.index = false (default)
2023-03-17 00:26:13,043 INFO  server.RaftServerConfigKeys (ConfUtils.java:logFallback(53)) - raft.server.rpc.first-election.timeout.min = 300ms (fallback to raft.server.rpc.timeout.min)
2023-03-17 00:26:13,043 INFO  server.RaftServerConfigKeys (ConfUtils.java:logFallback(53)) - raft.server.rpc.first-election.timeout.max = 600ms (fallback to raft.server.rpc.timeout.max)
2023-03-17 00:26:13,082 INFO  logging.LoggingHandler (AbstractInternalLogger.java:log(148)) - [id: 0x571c5d97, L:/0.0.0.0:38791] READ: [id: 0x30a8f683, L:/10.1.0.17:38791 - R:/10.1.0.17:51436]
2023-03-17 00:26:13,086 INFO  logging.LoggingHandler (AbstractInternalLogger.java:log(148)) - [id: 0x571c5d97, L:/0.0.0.0:38791] READ COMPLETE
2023-03-17 00:26:13,126 INFO  server.RaftServer (RaftServerProxy.java:addNew(99)) - s5: addNew group-04A534573A2A:[s4|rpc:0.0.0.0:39523|dataStream:|priority:0|startupRole:FOLLOWER, s5|rpc:0.0.0.0:38791|dataStream:|priority:0|startupRole:FOLLOWER, s6|rpc:0.0.0.0:34503|dataStream:|priority:0|startupRole:FOLLOWER] returns group-04A534573A2A:java.util.concurrent.CompletableFuture@27cf19c[Not completed]
2023-03-17 00:26:13,126 INFO  server.RaftServer$Division (RaftServerImpl.java:<init>(198)) - s5: new RaftServerImpl for group-04A534573A2A:[s4|rpc:0.0.0.0:39523|dataStream:|priority:0|startupRole:FOLLOWER, s5|rpc:0.0.0.0:38791|dataStream:|priority:0|startupRole:FOLLOWER, s6|rpc:0.0.0.0:34503|dataStream:|priority:0|startupRole:FOLLOWER] with ArithmeticStateMachine:uninitialized
2023-03-17 00:26:13,126 INFO  server.RaftServerConfigKeys (ConfUtils.java:logGet(46)) - raft.server.rpc.timeout.min = 300ms (custom)
2023-03-17 00:26:13,126 INFO  server.RaftServerConfigKeys (ConfUtils.java:logGet(46)) - raft.server.rpc.timeout.max = 600ms (custom)
2023-03-17 00:26:13,127 INFO  server.RaftServerConfigKeys (ConfUtils.java:logGet(46)) - raft.server.rpc.sleep.time = 25ms (default)
2023-03-17 00:26:13,127 INFO  server.RaftServerConfigKeys (ConfUtils.java:logGet(46)) - raft.server.rpc.slowness.timeout = 60s (default)
2023-03-17 00:26:13,127 INFO  server.RaftServerConfigKeys (ConfUtils.java:logGet(46)) - raft.server.leaderelection.leader.step-down.wait-time = 10s (default)
2023-03-17 00:26:13,127 INFO  server.RaftServerConfigKeys (ConfUtils.java:logGet(46)) - raft.server.sleep.deviation.threshold = 300ms (default)
2023-03-17 00:26:13,127 INFO  server.RaftServer$Division (ServerState.java:<init>(113)) - s5@group-04A534573A2A: ConfigurationManager, init=-1: peers:[s4|rpc:0.0.0.0:39523|dataStream:|priority:0|startupRole:FOLLOWER, s5|rpc:0.0.0.0:38791|dataStream:|priority:0|startupRole:FOLLOWER, s6|rpc:0.0.0.0:34503|dataStream:|priority:0|startupRole:FOLLOWER]|listeners:[], old=null, confs=<EMPTY_MAP>
2023-03-17 00:26:13,127 INFO  server.RaftServerConfigKeys (ConfUtils.java:logGet(46)) - raft.server.notification.no-leader.timeout = 60s (default)
2023-03-17 00:26:13,127 INFO  server.RaftServerConfigKeys (ConfUtils.java:logGet(46)) - raft.server.read.timeout = 10s (default)
2023-03-17 00:26:13,127 INFO  server.RaftServerConfigKeys (ConfUtils.java:logGet(46)) - raft.server.retrycache.expirytime = 60s (default)
2023-03-17 00:26:13,127 INFO  server.RaftServerConfigKeys (ConfUtils.java:logGet(46)) - raft.server.retrycache.statistics.expirytime = 100μs (default)
2023-03-17 00:26:13,127 INFO  server.RaftServerConfigKeys (ConfUtils.java:logGet(46)) - raft.server.read.option = DEFAULT (default)
2023-03-17 00:26:13,128 INFO  server.RaftServerConfigKeys (ConfUtils.java:logGet(46)) - raft.server.log.appender.install.snapshot.enabled = true (default)
2023-03-17 00:26:13,128 INFO  server.RaftServerConfigKeys (ConfUtils.java:logGet(46)) - raft.server.threadpool.server.cached = true (default)
2023-03-17 00:26:13,128 INFO  server.RaftServerConfigKeys (ConfUtils.java:logGet(46)) - raft.server.threadpool.server.size = 0 (default)
2023-03-17 00:26:13,128 INFO  server.RaftServerConfigKeys (ConfUtils.java:logGet(46)) - raft.server.threadpool.client.cached = true (default)
2023-03-17 00:26:13,128 INFO  server.RaftServerConfigKeys (ConfUtils.java:logGet(46)) - raft.server.threadpool.client.size = 0 (default)
2023-03-17 00:26:13,128 INFO  server.RaftServerConfigKeys (ConfUtils.java:logGet(46)) - raft.server.storage.free-space.min = 0MB (=0) (default)
2023-03-17 00:26:13,128 INFO  server.RaftServerConfigKeys (ConfUtils.java:logGet(46)) - raft.server.log.corruption.policy = EXCEPTION (default)
2023-03-17 00:26:13,128 INFO  server.RaftServerConfigKeys (ConfUtils.java:logGet(46)) - raft.server.storage.dir = [/home/runner/work/ratis/ratis/ratis-examples/target/test/data/9a3b15da/MiniRaftClusterWithNettyce94e709/s5] (custom)
2023-03-17 00:26:13,129 INFO  storage.RaftStorageDirectory (RaftStorageDirectoryImpl.java:analyzeStorage(138)) - The storage directory /home/runner/work/ratis/ratis/ratis-examples/target/test/data/9a3b15da/MiniRaftClusterWithNettyce94e709/s5/f28826ba-1d00-4c4b-87a4-04a534573a2a does not exist. Creating ...
2023-03-17 00:26:13,129 TRACE util.FileUtils (LogUtils.java:runAndLog(49)) - Successfully ran Files.createDirectories /home/runner/work/ratis/ratis/ratis-examples/target/test/data/9a3b15da/MiniRaftClusterWithNettyce94e709/s5/f28826ba-1d00-4c4b-87a4-04a534573a2a
2023-03-17 00:26:13,132 INFO  storage.RaftStorageDirectory (RaftStorageDirectoryImpl.java:tryLock(232)) - Lock on /home/runner/work/ratis/ratis/ratis-examples/target/test/data/9a3b15da/MiniRaftClusterWithNettyce94e709/s5/f28826ba-1d00-4c4b-87a4-04a534573a2a/in_use.lock acquired by nodename 17092@fv-az451-845
2023-03-17 00:26:13,133 TRACE util.FileUtils (LogUtils.java:runAndLog(49)) - Successfully ran Files.createDirectories /home/runner/work/ratis/ratis/ratis-examples/target/test/data/9a3b15da/MiniRaftClusterWithNettyce94e709/s5/f28826ba-1d00-4c4b-87a4-04a534573a2a/current
2023-03-17 00:26:13,133 TRACE util.FileUtils (LogUtils.java:runAndLog(49)) - Successfully ran Files.createDirectories /home/runner/work/ratis/ratis/ratis-examples/target/test/data/9a3b15da/MiniRaftClusterWithNettyce94e709/s5/f28826ba-1d00-4c4b-87a4-04a534573a2a/sm
2023-03-17 00:26:13,134 INFO  storage.RaftStorage (RaftStorageImpl.java:format(96)) - Storage directory /home/runner/work/ratis/ratis/ratis-examples/target/test/data/9a3b15da/MiniRaftClusterWithNettyce94e709/s5/f28826ba-1d00-4c4b-87a4-04a534573a2a has been successfully formatted.
2023-03-17 00:26:13,134 WARN  statemachine.StateMachine (ArithmeticStateMachine.java:loadSnapshot(116)) - The snapshot info is null.
2023-03-17 00:26:13,134 INFO  server.RaftServerConfigKeys (ConfUtils.java:logGet(46)) - raft.server.log.use.memory = false (default)
2023-03-17 00:26:13,134 INFO  server.RaftServerConfigKeys (ConfUtils.java:logGet(46)) - raft.server.log.purge.gap = 1024 (default)
2023-03-17 00:26:13,134 INFO  server.RaftServerConfigKeys (ConfUtils.java:logGet(46)) - raft.server.log.appender.buffer.byte-limit = 4MB (=4194304) (default)
2023-03-17 00:26:13,134 INFO  server.RaftServerConfigKeys (ConfUtils.java:logGet(46)) - raft.server.log.statemachine.data.read.timeout = 1000ms (default)
2023-03-17 00:26:13,134 INFO  server.RaftServerConfigKeys (ConfUtils.java:logGet(46)) - raft.server.log.purge.preservation.log.num = 0 (default)
2023-03-17 00:26:13,135 INFO  server.RaftServerConfigKeys (ConfUtils.java:logGet(46)) - raft.server.log.segment.size.max = 8MB (=8388608) (default)
2023-03-17 00:26:13,135 INFO  server.RaftServerConfigKeys (ConfUtils.java:logGet(46)) - raft.server.log.segment.cache.num.max = 6 (default)
2023-03-17 00:26:13,135 INFO  server.RaftServerConfigKeys (ConfUtils.java:logGet(46)) - raft.server.log.segment.cache.size.max = 200MB (=209715200) (default)
2023-03-17 00:26:13,135 INFO  server.RaftServerConfigKeys (ConfUtils.java:logGet(46)) - raft.server.log.appender.buffer.byte-limit = 4MB (=4194304) (default)
2023-03-17 00:26:13,135 INFO  segmented.SegmentedRaftLogWorker (SegmentedRaftLogWorker.java:<init>(183)) - new s5@group-04A534573A2A-SegmentedRaftLogWorker for RaftStorageImpl:Storage Directory /home/runner/work/ratis/ratis/ratis-examples/target/test/data/9a3b15da/MiniRaftClusterWithNettyce94e709/s5/f28826ba-1d00-4c4b-87a4-04a534573a2a
2023-03-17 00:26:13,135 INFO  server.RaftServerConfigKeys (ConfUtils.java:logGet(46)) - raft.server.log.queue.byte-limit = 64MB (=67108864) (default)
2023-03-17 00:26:13,135 INFO  server.RaftServerConfigKeys (ConfUtils.java:logGet(46)) - raft.server.log.queue.element-limit = 4096 (default)
2023-03-17 00:26:13,135 INFO  server.RaftServerConfigKeys (ConfUtils.java:logGet(46)) - raft.server.log.segment.size.max = 8MB (=8388608) (default)
2023-03-17 00:26:13,135 INFO  server.RaftServerConfigKeys (ConfUtils.java:logGet(46)) - raft.server.log.preallocated.size = 4MB (=4194304) (default)
2023-03-17 00:26:13,136 INFO  server.RaftServerConfigKeys (ConfUtils.java:logGet(46)) - raft.server.log.force.sync.num = 128 (default)
2023-03-17 00:26:13,136 INFO  server.RaftServerConfigKeys (ConfUtils.java:logGet(46)) - raft.server.log.statemachine.data.sync = true (default)
2023-03-17 00:26:13,136 INFO  server.RaftServerConfigKeys (ConfUtils.java:logGet(46)) - raft.server.log.statemachine.data.sync.timeout = 10s (default)
2023-03-17 00:26:13,136 INFO  server.RaftServerConfigKeys (ConfUtils.java:logGet(46)) - raft.server.log.statemachine.data.sync.timeout.retry = -1 (default)
2023-03-17 00:26:13,136 INFO  server.RaftServerConfigKeys (ConfUtils.java:logGet(46)) - raft.server.log.write.buffer.size = 64KB (=65536) (default)
2023-03-17 00:26:13,136 INFO  server.RaftServerConfigKeys (ConfUtils.java:logGet(46)) - raft.server.log.appender.buffer.byte-limit = 4MB (=4194304) (default)
2023-03-17 00:26:13,137 INFO  server.RaftServerConfigKeys (ConfUtils.java:logGet(46)) - raft.server.log.unsafe-flush.enabled = false (default)
2023-03-17 00:26:13,137 INFO  server.RaftServerConfigKeys (ConfUtils.java:logGet(46)) - raft.server.log.async-flush.enabled = false (default)
2023-03-17 00:26:13,137 INFO  server.RaftServerConfigKeys (ConfUtils.java:logGet(46)) - raft.server.log.statemachine.data.caching.enabled = false (default)
2023-03-17 00:26:13,137 INFO  segmented.SegmentedRaftLogWorker (SegmentedRaftLogWorker.java:lambda$new$0(134)) - s5@group-04A534573A2A-SegmentedRaftLogWorker: flushIndex: setUnconditionally 0 -> -1
2023-03-17 00:26:13,137 INFO  segmented.SegmentedRaftLogWorker (SegmentedRaftLogWorker.java:lambda$new$0(134)) - s5@group-04A534573A2A-SegmentedRaftLogWorker: safeCacheEvictIndex: setUnconditionally 0 -> -1
2023-03-17 00:26:13,142 INFO  server.RaftServer$Division (RaftServerImpl.java:start(342)) - s5@group-04A534573A2A: start as a follower, conf=-1: peers:[s4|rpc:0.0.0.0:39523|dataStream:|priority:0|startupRole:FOLLOWER, s5|rpc:0.0.0.0:38791|dataStream:|priority:0|startupRole:FOLLOWER, s6|rpc:0.0.0.0:34503|dataStream:|priority:0|startupRole:FOLLOWER]|listeners:[], old=null
2023-03-17 00:26:13,142 INFO  server.RaftServer$Division (RaftServerImpl.java:setRole(329)) - s5@group-04A534573A2A: changes role from      null to FOLLOWER at term 0 for startAsFollower
2023-03-17 00:26:13,142 INFO  impl.RoleInfo (RoleInfo.java:updateAndGet(139)) - s5: start s5@group-04A534573A2A-FollowerState
2023-03-17 00:26:13,147 INFO  util.JmxRegister (JmxRegister.java:tryRegister(44)) - Successfully registered JMX Bean with object name Ratis:service=RaftServer,group=group-04A534573A2A,id=s5
2023-03-17 00:26:13,147 INFO  server.RaftServerConfigKeys (ConfUtils.java:logGet(46)) - raft.server.snapshot.auto.trigger.enabled = false (default)
2023-03-17 00:26:13,147 INFO  server.RaftServerConfigKeys (ConfUtils.java:logGet(46)) - raft.server.snapshot.retention.file.num = -1 (default)
2023-03-17 00:26:13,147 INFO  server.RaftServerConfigKeys (ConfUtils.java:logGet(46)) - raft.server.log.purge.upto.snapshot.index = false (default)
2023-03-17 00:26:13,148 INFO  server.RaftServerConfigKeys (ConfUtils.java:logFallback(53)) - raft.server.rpc.first-election.timeout.min = 300ms (fallback to raft.server.rpc.timeout.min)
2023-03-17 00:26:13,148 INFO  server.RaftServerConfigKeys (ConfUtils.java:logFallback(53)) - raft.server.rpc.first-election.timeout.max = 600ms (fallback to raft.server.rpc.timeout.max)
2023-03-17 00:26:13,172 INFO  logging.LoggingHandler (AbstractInternalLogger.java:log(148)) - [id: 0x2a54c005, L:/0.0.0.0:34503] READ: [id: 0x9eed46ca, L:/10.1.0.17:34503 - R:/10.1.0.17:42324]
2023-03-17 00:26:13,173 INFO  logging.LoggingHandler (AbstractInternalLogger.java:log(148)) - [id: 0x2a54c005, L:/0.0.0.0:34503] READ COMPLETE
2023-03-17 00:26:13,174 INFO  server.RaftServer (RaftServerProxy.java:addNew(99)) - s6: addNew group-04A534573A2A:[s4|rpc:0.0.0.0:39523|dataStream:|priority:0|startupRole:FOLLOWER, s5|rpc:0.0.0.0:38791|dataStream:|priority:0|startupRole:FOLLOWER, s6|rpc:0.0.0.0:34503|dataStream:|priority:0|startupRole:FOLLOWER] returns group-04A534573A2A:java.util.concurrent.CompletableFuture@3863281d[Not completed]
2023-03-17 00:26:13,175 INFO  server.RaftServer$Division (RaftServerImpl.java:<init>(198)) - s6: new RaftServerImpl for group-04A534573A2A:[s4|rpc:0.0.0.0:39523|dataStream:|priority:0|startupRole:FOLLOWER, s5|rpc:0.0.0.0:38791|dataStream:|priority:0|startupRole:FOLLOWER, s6|rpc:0.0.0.0:34503|dataStream:|priority:0|startupRole:FOLLOWER] with ArithmeticStateMachine:uninitialized
2023-03-17 00:26:13,175 INFO  server.RaftServerConfigKeys (ConfUtils.java:logGet(46)) - raft.server.rpc.timeout.min = 300ms (custom)
2023-03-17 00:26:13,175 INFO  server.RaftServerConfigKeys (ConfUtils.java:logGet(46)) - raft.server.rpc.timeout.max = 600ms (custom)
2023-03-17 00:26:13,175 INFO  server.RaftServerConfigKeys (ConfUtils.java:logGet(46)) - raft.server.rpc.sleep.time = 25ms (default)
2023-03-17 00:26:13,175 INFO  server.RaftServerConfigKeys (ConfUtils.java:logGet(46)) - raft.server.rpc.slowness.timeout = 60s (default)
2023-03-17 00:26:13,175 INFO  server.RaftServerConfigKeys (ConfUtils.java:logGet(46)) - raft.server.leaderelection.leader.step-down.wait-time = 10s (default)
2023-03-17 00:26:13,175 INFO  server.RaftServerConfigKeys (ConfUtils.java:logGet(46)) - raft.server.sleep.deviation.threshold = 300ms (default)
2023-03-17 00:26:13,175 INFO  server.RaftServer$Division (ServerState.java:<init>(113)) - s6@group-04A534573A2A: ConfigurationManager, init=-1: peers:[s4|rpc:0.0.0.0:39523|dataStream:|priority:0|startupRole:FOLLOWER, s5|rpc:0.0.0.0:38791|dataStream:|priority:0|startupRole:FOLLOWER, s6|rpc:0.0.0.0:34503|dataStream:|priority:0|startupRole:FOLLOWER]|listeners:[], old=null, confs=<EMPTY_MAP>
2023-03-17 00:26:13,175 INFO  server.RaftServerConfigKeys (ConfUtils.java:logGet(46)) - raft.server.notification.no-leader.timeout = 60s (default)
2023-03-17 00:26:13,175 INFO  server.RaftServerConfigKeys (ConfUtils.java:logGet(46)) - raft.server.read.timeout = 10s (default)
2023-03-17 00:26:13,175 INFO  server.RaftServerConfigKeys (ConfUtils.java:logGet(46)) - raft.server.retrycache.expirytime = 60s (default)
2023-03-17 00:26:13,175 INFO  server.RaftServerConfigKeys (ConfUtils.java:logGet(46)) - raft.server.retrycache.statistics.expirytime = 100μs (default)
2023-03-17 00:26:13,175 INFO  server.RaftServerConfigKeys (ConfUtils.java:logGet(46)) - raft.server.read.option = DEFAULT (default)
2023-03-17 00:26:13,176 INFO  server.RaftServerConfigKeys (ConfUtils.java:logGet(46)) - raft.server.log.appender.install.snapshot.enabled = true (default)
2023-03-17 00:26:13,176 INFO  server.RaftServerConfigKeys (ConfUtils.java:logGet(46)) - raft.server.threadpool.server.cached = true (default)
2023-03-17 00:26:13,176 INFO  server.RaftServerConfigKeys (ConfUtils.java:logGet(46)) - raft.server.threadpool.server.size = 0 (default)
2023-03-17 00:26:13,176 INFO  server.RaftServerConfigKeys (ConfUtils.java:logGet(46)) - raft.server.threadpool.client.cached = true (default)
2023-03-17 00:26:13,176 INFO  server.RaftServerConfigKeys (ConfUtils.java:logGet(46)) - raft.server.threadpool.client.size = 0 (default)
2023-03-17 00:26:13,176 INFO  server.RaftServerConfigKeys (ConfUtils.java:logGet(46)) - raft.server.storage.free-space.min = 0MB (=0) (default)
2023-03-17 00:26:13,176 INFO  server.RaftServerConfigKeys (ConfUtils.java:logGet(46)) - raft.server.log.corruption.policy = EXCEPTION (default)
2023-03-17 00:26:13,177 INFO  server.RaftServerConfigKeys (ConfUtils.java:logGet(46)) - raft.server.storage.dir = [/home/runner/work/ratis/ratis/ratis-examples/target/test/data/9a3b15da/MiniRaftClusterWithNettyce94e709/s6] (custom)
2023-03-17 00:26:13,177 INFO  storage.RaftStorageDirectory (RaftStorageDirectoryImpl.java:analyzeStorage(138)) - The storage directory /home/runner/work/ratis/ratis/ratis-examples/target/test/data/9a3b15da/MiniRaftClusterWithNettyce94e709/s6/f28826ba-1d00-4c4b-87a4-04a534573a2a does not exist. Creating ...
2023-03-17 00:26:13,177 TRACE util.FileUtils (LogUtils.java:runAndLog(49)) - Successfully ran Files.createDirectories /home/runner/work/ratis/ratis/ratis-examples/target/test/data/9a3b15da/MiniRaftClusterWithNettyce94e709/s6/f28826ba-1d00-4c4b-87a4-04a534573a2a
2023-03-17 00:26:13,178 INFO  storage.RaftStorageDirectory (RaftStorageDirectoryImpl.java:tryLock(232)) - Lock on /home/runner/work/ratis/ratis/ratis-examples/target/test/data/9a3b15da/MiniRaftClusterWithNettyce94e709/s6/f28826ba-1d00-4c4b-87a4-04a534573a2a/in_use.lock acquired by nodename 17092@fv-az451-845
2023-03-17 00:26:13,178 TRACE util.FileUtils (LogUtils.java:runAndLog(49)) - Successfully ran Files.createDirectories /home/runner/work/ratis/ratis/ratis-examples/target/test/data/9a3b15da/MiniRaftClusterWithNettyce94e709/s6/f28826ba-1d00-4c4b-87a4-04a534573a2a/current
2023-03-17 00:26:13,179 TRACE util.FileUtils (LogUtils.java:runAndLog(49)) - Successfully ran Files.createDirectories /home/runner/work/ratis/ratis/ratis-examples/target/test/data/9a3b15da/MiniRaftClusterWithNettyce94e709/s6/f28826ba-1d00-4c4b-87a4-04a534573a2a/sm
2023-03-17 00:26:13,180 INFO  storage.RaftStorage (RaftStorageImpl.java:format(96)) - Storage directory /home/runner/work/ratis/ratis/ratis-examples/target/test/data/9a3b15da/MiniRaftClusterWithNettyce94e709/s6/f28826ba-1d00-4c4b-87a4-04a534573a2a has been successfully formatted.
2023-03-17 00:26:13,180 WARN  statemachine.StateMachine (ArithmeticStateMachine.java:loadSnapshot(116)) - The snapshot info is null.
2023-03-17 00:26:13,180 INFO  server.RaftServerConfigKeys (ConfUtils.java:logGet(46)) - raft.server.log.use.memory = false (default)
2023-03-17 00:26:13,180 INFO  server.RaftServerConfigKeys (ConfUtils.java:logGet(46)) - raft.server.log.purge.gap = 1024 (default)
2023-03-17 00:26:13,180 INFO  server.RaftServerConfigKeys (ConfUtils.java:logGet(46)) - raft.server.log.appender.buffer.byte-limit = 4MB (=4194304) (default)
2023-03-17 00:26:13,180 INFO  server.RaftServerConfigKeys (ConfUtils.java:logGet(46)) - raft.server.log.statemachine.data.read.timeout = 1000ms (default)
2023-03-17 00:26:13,180 INFO  server.RaftServerConfigKeys (ConfUtils.java:logGet(46)) - raft.server.log.purge.preservation.log.num = 0 (default)
2023-03-17 00:26:13,181 INFO  server.RaftServerConfigKeys (ConfUtils.java:logGet(46)) - raft.server.log.segment.size.max = 8MB (=8388608) (default)
2023-03-17 00:26:13,181 INFO  server.RaftServerConfigKeys (ConfUtils.java:logGet(46)) - raft.server.log.segment.cache.num.max = 6 (default)
2023-03-17 00:26:13,181 INFO  server.RaftServerConfigKeys (ConfUtils.java:logGet(46)) - raft.server.log.segment.cache.size.max = 200MB (=209715200) (default)
2023-03-17 00:26:13,181 INFO  server.RaftServerConfigKeys (ConfUtils.java:logGet(46)) - raft.server.log.appender.buffer.byte-limit = 4MB (=4194304) (default)
2023-03-17 00:26:13,181 INFO  segmented.SegmentedRaftLogWorker (SegmentedRaftLogWorker.java:<init>(183)) - new s6@group-04A534573A2A-SegmentedRaftLogWorker for RaftStorageImpl:Storage Directory /home/runner/work/ratis/ratis/ratis-examples/target/test/data/9a3b15da/MiniRaftClusterWithNettyce94e709/s6/f28826ba-1d00-4c4b-87a4-04a534573a2a
2023-03-17 00:26:13,181 INFO  server.RaftServerConfigKeys (ConfUtils.java:logGet(46)) - raft.server.log.queue.byte-limit = 64MB (=67108864) (default)
2023-03-17 00:26:13,181 INFO  server.RaftServerConfigKeys (ConfUtils.java:logGet(46)) - raft.server.log.queue.element-limit = 4096 (default)
2023-03-17 00:26:13,181 INFO  server.RaftServerConfigKeys (ConfUtils.java:logGet(46)) - raft.server.log.segment.size.max = 8MB (=8388608) (default)
2023-03-17 00:26:13,181 INFO  server.RaftServerConfigKeys (ConfUtils.java:logGet(46)) - raft.server.log.preallocated.size = 4MB (=4194304) (default)
2023-03-17 00:26:13,181 INFO  server.RaftServerConfigKeys (ConfUtils.java:logGet(46)) - raft.server.log.force.sync.num = 128 (default)
2023-03-17 00:26:13,181 INFO  server.RaftServerConfigKeys (ConfUtils.java:logGet(46)) - raft.server.log.statemachine.data.sync = true (default)
2023-03-17 00:26:13,182 INFO  server.RaftServerConfigKeys (ConfUtils.java:logGet(46)) - raft.server.log.statemachine.data.sync.timeout = 10s (default)
2023-03-17 00:26:13,182 INFO  server.RaftServerConfigKeys (ConfUtils.java:logGet(46)) - raft.server.log.statemachine.data.sync.timeout.retry = -1 (default)
2023-03-17 00:26:13,182 INFO  server.RaftServerConfigKeys (ConfUtils.java:logGet(46)) - raft.server.log.write.buffer.size = 64KB (=65536) (default)
2023-03-17 00:26:13,182 INFO  server.RaftServerConfigKeys (ConfUtils.java:logGet(46)) - raft.server.log.appender.buffer.byte-limit = 4MB (=4194304) (default)
2023-03-17 00:26:13,196 INFO  server.RaftServerConfigKeys (ConfUtils.java:logGet(46)) - raft.server.log.unsafe-flush.enabled = false (default)
2023-03-17 00:26:13,196 INFO  server.RaftServerConfigKeys (ConfUtils.java:logGet(46)) - raft.server.log.async-flush.enabled = false (default)
2023-03-17 00:26:13,196 INFO  server.RaftServerConfigKeys (ConfUtils.java:logGet(46)) - raft.server.log.statemachine.data.caching.enabled = false (default)
2023-03-17 00:26:13,196 INFO  segmented.SegmentedRaftLogWorker (SegmentedRaftLogWorker.java:lambda$new$0(134)) - s6@group-04A534573A2A-SegmentedRaftLogWorker: flushIndex: setUnconditionally 0 -> -1
2023-03-17 00:26:13,196 INFO  segmented.SegmentedRaftLogWorker (SegmentedRaftLogWorker.java:lambda$new$0(134)) - s6@group-04A534573A2A-SegmentedRaftLogWorker: safeCacheEvictIndex: setUnconditionally 0 -> -1
2023-03-17 00:26:13,201 INFO  server.RaftServer$Division (RaftServerImpl.java:start(342)) - s6@group-04A534573A2A: start as a follower, conf=-1: peers:[s4|rpc:0.0.0.0:39523|dataStream:|priority:0|startupRole:FOLLOWER, s5|rpc:0.0.0.0:38791|dataStream:|priority:0|startupRole:FOLLOWER, s6|rpc:0.0.0.0:34503|dataStream:|priority:0|startupRole:FOLLOWER]|listeners:[], old=null
2023-03-17 00:26:13,201 INFO  server.RaftServer$Division (RaftServerImpl.java:setRole(329)) - s6@group-04A534573A2A: changes role from      null to FOLLOWER at term 0 for startAsFollower
2023-03-17 00:26:13,201 INFO  impl.RoleInfo (RoleInfo.java:updateAndGet(139)) - s6: start s6@group-04A534573A2A-FollowerState
2023-03-17 00:26:13,206 INFO  util.JmxRegister (JmxRegister.java:tryRegister(44)) - Successfully registered JMX Bean with object name Ratis:service=RaftServer,group=group-04A534573A2A,id=s6
2023-03-17 00:26:13,206 INFO  server.RaftServerConfigKeys (ConfUtils.java:logGet(46)) - raft.server.snapshot.auto.trigger.enabled = false (default)
2023-03-17 00:26:13,206 INFO  server.RaftServerConfigKeys (ConfUtils.java:logGet(46)) - raft.server.snapshot.retention.file.num = -1 (default)
2023-03-17 00:26:13,206 INFO  server.RaftServerConfigKeys (ConfUtils.java:logGet(46)) - raft.server.log.purge.upto.snapshot.index = false (default)
2023-03-17 00:26:13,207 INFO  server.RaftServerConfigKeys (ConfUtils.java:logFallback(53)) - raft.server.rpc.first-election.timeout.min = 300ms (fallback to raft.server.rpc.timeout.min)
2023-03-17 00:26:13,207 INFO  server.RaftServerConfigKeys (ConfUtils.java:logFallback(53)) - raft.server.rpc.first-election.timeout.max = 600ms (fallback to raft.server.rpc.timeout.max)
2023-03-17 00:26:13,247 INFO  server.RaftServerConfigKeys (ConfUtils.java:logGet(46)) - raft.server.rpc.timeout.max = 600ms (custom)
2023-03-17 00:26:13,247 INFO  ratis.RaftTestUtil (RaftTestUtil.java:waitForLeader(100)) - printing group-04A534573A2A
  s4:  RUNNING [
   FOLLOWER s4@group-04A534573A2A:t0, leader=null, voted=, raftlog=Memoized:s4@group-04A534573A2A-SegmentedRaftLog:OPENED:c-1, conf=-1: peers:[s4|rpc:0.0.0.0:39523|dataStream:|priority:0|startupRole:FOLLOWER, s5|rpc:0.0.0.0:38791|dataStream:|priority:0|startupRole:FOLLOWER, s6|rpc:0.0.0.0:34503|dataStream:|priority:0|startupRole:FOLLOWER]|listeners:[], old=null RUNNING
   FOLLOWER s4@group-38FE90E113AE:t0, leader=null, voted=, raftlog=Memoized:s4@group-38FE90E113AE-SegmentedRaftLog:OPENED:c-1, conf=-1: peers:[]|listeners:[], old=null STARTING] size=2
  s5:  RUNNING [
   FOLLOWER s5@group-04A534573A2A:t0, leader=null, voted=, raftlog=Memoized:s5@group-04A534573A2A-SegmentedRaftLog:OPENED:c-1, conf=-1: peers:[s4|rpc:0.0.0.0:39523|dataStream:|priority:0|startupRole:FOLLOWER, s5|rpc:0.0.0.0:38791|dataStream:|priority:0|startupRole:FOLLOWER, s6|rpc:0.0.0.0:34503|dataStream:|priority:0|startupRole:FOLLOWER]|listeners:[], old=null RUNNING
   FOLLOWER s5@group-38FE90E113AE:t0, leader=null, voted=, raftlog=Memoized:s5@group-38FE90E113AE-SegmentedRaftLog:OPENED:c-1, conf=-1: peers:[]|listeners:[], old=null STARTING] size=2
  s6:  RUNNING [
   FOLLOWER s6@group-04A534573A2A:t0, leader=null, voted=, raftlog=Memoized:s6@group-04A534573A2A-SegmentedRaftLog:OPENED:c-1, conf=-1: peers:[s4|rpc:0.0.0.0:39523|dataStream:|priority:0|startupRole:FOLLOWER, s5|rpc:0.0.0.0:38791|dataStream:|priority:0|startupRole:FOLLOWER, s6|rpc:0.0.0.0:34503|dataStream:|priority:0|startupRole:FOLLOWER]|listeners:[], old=null RUNNING
   FOLLOWER s6@group-38FE90E113AE:t0, leader=null, voted=, raftlog=Memoized:s6@group-38FE90E113AE-SegmentedRaftLog:OPENED:c-1, conf=-1: peers:[]|listeners:[], old=null STARTING] size=2
2023-03-17 00:26:13,247 WARN  ratis.RaftTestUtil (JavaUtils.java:attempt(217)) - FAILED "waitForLeader-group-04A534573A2A-(expectLeader? true)", attempt #1/100: java.lang.IllegalStateException: No leader yet  for group-04A534573A2A: printing group-04A534573A2A
  s4:  RUNNING [
   FOLLOWER s4@group-04A534573A2A:t0, leader=null, voted=, raftlog=Memoized:s4@group-04A534573A2A-SegmentedRaftLog:OPENED:c-1, conf=-1: peers:[s4|rpc:0.0.0.0:39523|dataStream:|priority:0|startupRole:FOLLOWER, s5|rpc:0.0.0.0:38791|dataStream:|priority:0|startupRole:FOLLOWER, s6|rpc:0.0.0.0:34503|dataStream:|priority:0|startupRole:FOLLOWER]|listeners:[], old=null RUNNING
   FOLLOWER s4@group-38FE90E113AE:t0, leader=null, voted=, raftlog=Memoized:s4@group-38FE90E113AE-SegmentedRaftLog:OPENED:c-1, conf=-1: peers:[]|listeners:[], old=null STARTING] size=2
  s5:  RUNNING [
   FOLLOWER s5@group-04A534573A2A:t0, leader=null, voted=, raftlog=Memoized:s5@group-04A534573A2A-SegmentedRaftLog:OPENED:c-1, conf=-1: peers:[s4|rpc:0.0.0.0:39523|dataStream:|priority:0|startupRole:FOLLOWER, s5|rpc:0.0.0.0:38791|dataStream:|priority:0|startupRole:FOLLOWER, s6|rpc:0.0.0.0:34503|dataStream:|priority:0|startupRole:FOLLOWER]|listeners:[], old=null RUNNING
   FOLLOWER s5@group-38FE90E113AE:t0, leader=null, voted=, raftlog=Memoized:s5@group-38FE90E113AE-SegmentedRaftLog:OPENED:c-1, conf=-1: peers:[]|listeners:[], old=null STARTING] size=2
  s6:  RUNNING [
   FOLLOWER s6@group-04A534573A2A:t0, leader=null, voted=, raftlog=Memoized:s6@group-04A534573A2A-SegmentedRaftLog:OPENED:c-1, conf=-1: peers:[s4|rpc:0.0.0.0:39523|dataStream:|priority:0|startupRole:FOLLOWER, s5|rpc:0.0.0.0:38791|dataStream:|priority:0|startupRole:FOLLOWER, s6|rpc:0.0.0.0:34503|dataStream:|priority:0|startupRole:FOLLOWER]|listeners:[], old=null RUNNING
   FOLLOWER s6@group-38FE90E113AE:t0, leader=null, voted=, raftlog=Memoized:s6@group-38FE90E113AE-SegmentedRaftLog:OPENED:c-1, conf=-1: peers:[]|listeners:[], old=null STARTING] size=2, sleep 900ms and then retry.
java.lang.IllegalStateException: No leader yet  for group-04A534573A2A: printing group-04A534573A2A
  s4:  RUNNING [
   FOLLOWER s4@group-04A534573A2A:t0, leader=null, voted=, raftlog=Memoized:s4@group-04A534573A2A-SegmentedRaftLog:OPENED:c-1, conf=-1: peers:[s4|rpc:0.0.0.0:39523|dataStream:|priority:0|startupRole:FOLLOWER, s5|rpc:0.0.0.0:38791|dataStream:|priority:0|startupRole:FOLLOWER, s6|rpc:0.0.0.0:34503|dataStream:|priority:0|startupRole:FOLLOWER]|listeners:[], old=null RUNNING
   FOLLOWER s4@group-38FE90E113AE:t0, leader=null, voted=, raftlog=Memoized:s4@group-38FE90E113AE-SegmentedRaftLog:OPENED:c-1, conf=-1: peers:[]|listeners:[], old=null STARTING] size=2
  s5:  RUNNING [
   FOLLOWER s5@group-04A534573A2A:t0, leader=null, voted=, raftlog=Memoized:s5@group-04A534573A2A-SegmentedRaftLog:OPENED:c-1, conf=-1: peers:[s4|rpc:0.0.0.0:39523|dataStream:|priority:0|startupRole:FOLLOWER, s5|rpc:0.0.0.0:38791|dataStream:|priority:0|startupRole:FOLLOWER, s6|rpc:0.0.0.0:34503|dataStream:|priority:0|startupRole:FOLLOWER]|listeners:[], old=null RUNNING
   FOLLOWER s5@group-38FE90E113AE:t0, leader=null, voted=, raftlog=Memoized:s5@group-38FE90E113AE-SegmentedRaftLog:OPENED:c-1, conf=-1: peers:[]|listeners:[], old=null STARTING] size=2
  s6:  RUNNING [
   FOLLOWER s6@group-04A534573A2A:t0, leader=null, voted=, raftlog=Memoized:s6@group-04A534573A2A-SegmentedRaftLog:OPENED:c-1, conf=-1: peers:[s4|rpc:0.0.0.0:39523|dataStream:|priority:0|startupRole:FOLLOWER, s5|rpc:0.0.0.0:38791|dataStream:|priority:0|startupRole:FOLLOWER, s6|rpc:0.0.0.0:34503|dataStream:|priority:0|startupRole:FOLLOWER]|listeners:[], old=null RUNNING
   FOLLOWER s6@group-38FE90E113AE:t0, leader=null, voted=, raftlog=Memoized:s6@group-38FE90E113AE-SegmentedRaftLog:OPENED:c-1, conf=-1: peers:[]|listeners:[], old=null STARTING] size=2
	at org.apache.ratis.server.impl.MiniRaftCluster.newIllegalStateExceptionForNoLeaders(MiniRaftCluster.java:581)
	at org.apache.ratis.RaftTestUtil.lambda$waitForLeader$1(RaftTestUtil.java:104)
	at org.apache.ratis.server.impl.MiniRaftCluster.getLeader(MiniRaftCluster.java:615)
	at org.apache.ratis.server.impl.MiniRaftCluster.getLeader(MiniRaftCluster.java:608)
	at org.apache.ratis.RaftTestUtil.lambda$waitForLeader$3(RaftTestUtil.java:112)
	at org.apache.ratis.util.JavaUtils.attempt(JavaUtils.java:211)
	at org.apache.ratis.util.JavaUtils.attemptRepeatedly(JavaUtils.java:197)
	at org.apache.ratis.RaftTestUtil.waitForLeader(RaftTestUtil.java:111)
	at org.apache.ratis.RaftTestUtil.waitForLeader(RaftTestUtil.java:92)
	at org.apache.ratis.server.impl.GroupManagementBaseTest.runMultiGroupTest(GroupManagementBaseTest.java:287)
	at org.apache.ratis.TestMultiRaftGroup.runTestMultiRaftGroup(TestMultiRaftGroup.java:73)
	at org.apache.ratis.TestMultiRaftGroup.runTestMultiRaftGroup(TestMultiRaftGroup.java:59)
	at org.apache.ratis.TestMultiRaftGroup.testMultiRaftGroup(TestMultiRaftGroup.java:55)
	at java.base/jdk.internal.reflect.NativeMethodAccessorImpl.invoke0(Native Method)
	at java.base/jdk.internal.reflect.NativeMethodAccessorImpl.invoke(NativeMethodAccessorImpl.java:62)
	at java.base/jdk.internal.reflect.DelegatingMethodAccessorImpl.invoke(DelegatingMethodAccessorImpl.java:43)
	at java.base/java.lang.reflect.Method.invoke(Method.java:566)
	at org.junit.runners.model.FrameworkMethod$1.runReflectiveCall(FrameworkMethod.java:59)
	at org.junit.internal.runners.model.ReflectiveCallable.run(ReflectiveCallable.java:12)
	at org.junit.runners.model.FrameworkMethod.invokeExplosively(FrameworkMethod.java:56)
	at org.junit.internal.runners.statements.InvokeMethod.evaluate(InvokeMethod.java:17)
	at org.junit.internal.runners.statements.RunAfters.evaluate(RunAfters.java:27)
	at org.junit.internal.runners.statements.FailOnTimeout$CallableStatement.call(FailOnTimeout.java:299)
	at org.junit.internal.runners.statements.FailOnTimeout$CallableStatement.call(FailOnTimeout.java:293)
	at java.base/java.util.concurrent.FutureTask.run(FutureTask.java:264)
	at java.base/java.lang.Thread.run(Thread.java:829)
2023-03-17 00:26:13,460 INFO  impl.FollowerState (FollowerState.java:run(143)) - s4@group-04A534573A2A-FollowerState: change to CANDIDATE, lastRpcElapsedTime:431730704ns, electionTimeout:417ms
2023-03-17 00:26:13,460 INFO  impl.RoleInfo (RoleInfo.java:shutdownFollowerState(110)) - s4: shutdown s4@group-04A534573A2A-FollowerState
2023-03-17 00:26:13,460 INFO  server.RaftServer$Division (RaftServerImpl.java:setRole(329)) - s4@group-04A534573A2A: changes role from  FOLLOWER to CANDIDATE at term 0 for changeToCandidate
2023-03-17 00:26:13,460 INFO  server.RaftServerConfigKeys (ConfUtils.java:logGet(46)) - raft.server.leaderelection.pre-vote = true (default)
2023-03-17 00:26:13,460 INFO  impl.RoleInfo (RoleInfo.java:updateAndGet(139)) - s4: start s4@group-04A534573A2A-LeaderElection14
2023-03-17 00:26:13,461 INFO  impl.LeaderElection (LeaderElection.java:askForVotes(320)) - s4@group-04A534573A2A-LeaderElection14 PRE_VOTE round 0: submit vote requests at term 0 for -1: peers:[s4|rpc:0.0.0.0:39523|dataStream:|priority:0|startupRole:FOLLOWER, s5|rpc:0.0.0.0:38791|dataStream:|priority:0|startupRole:FOLLOWER, s6|rpc:0.0.0.0:34503|dataStream:|priority:0|startupRole:FOLLOWER]|listeners:[], old=null
2023-03-17 00:26:13,462 INFO  server.RaftServerConfigKeys (ConfUtils.java:logFallback(53)) - raft.server.rpc.first-election.timeout.min = 300ms (fallback to raft.server.rpc.timeout.min)
2023-03-17 00:26:13,462 INFO  server.RaftServerConfigKeys (ConfUtils.java:logFallback(53)) - raft.server.rpc.first-election.timeout.max = 600ms (fallback to raft.server.rpc.timeout.max)
2023-03-17 00:26:13,464 INFO  logging.LoggingHandler (AbstractInternalLogger.java:log(148)) - [id: 0x571c5d97, L:/0.0.0.0:38791] READ: [id: 0x634be247, L:/10.1.0.17:38791 - R:/10.1.0.17:51440]
2023-03-17 00:26:13,472 INFO  logging.LoggingHandler (AbstractInternalLogger.java:log(148)) - [id: 0x571c5d97, L:/0.0.0.0:38791] READ COMPLETE
2023-03-17 00:26:13,472 INFO  logging.LoggingHandler (AbstractInternalLogger.java:log(148)) - [id: 0x2a54c005, L:/0.0.0.0:34503] READ: [id: 0xf8ce929e, L:/10.1.0.17:34503 - R:/10.1.0.17:42332]
2023-03-17 00:26:13,473 INFO  logging.LoggingHandler (AbstractInternalLogger.java:log(148)) - [id: 0x2a54c005, L:/0.0.0.0:34503] READ COMPLETE
2023-03-17 00:26:13,474 INFO  server.RaftServer$Division (RaftServerImpl.java:requestVote(1303)) - s6@group-04A534573A2A: receive requestVote(PRE_VOTE, s4, group-04A534573A2A, 0, (t:0, i:0))
2023-03-17 00:26:13,475 INFO  impl.VoteContext (VoteContext.java:log(49)) - s6@group-04A534573A2A-FOLLOWER: accept PRE_VOTE from s4: our priority 0 <= candidate's priority 0
2023-03-17 00:26:13,475 INFO  server.RaftServer$Division (RaftServerImpl.java:requestVote(1336)) - s6@group-04A534573A2A replies to PRE_VOTE vote request: s4<-s6#0:OK-t0. Peer's state: s6@group-04A534573A2A:t0, leader=null, voted=, raftlog=Memoized:s6@group-04A534573A2A-SegmentedRaftLog:OPENED:c-1, conf=-1: peers:[s4|rpc:0.0.0.0:39523|dataStream:|priority:0|startupRole:FOLLOWER, s5|rpc:0.0.0.0:38791|dataStream:|priority:0|startupRole:FOLLOWER, s6|rpc:0.0.0.0:34503|dataStream:|priority:0|startupRole:FOLLOWER]|listeners:[], old=null
2023-03-17 00:26:13,475 INFO  server.RaftServer$Division (RaftServerImpl.java:requestVote(1303)) - s5@group-04A534573A2A: receive requestVote(PRE_VOTE, s4, group-04A534573A2A, 0, (t:0, i:0))
2023-03-17 00:26:13,476 INFO  impl.LeaderElection (LeaderElection.java:logAndReturn(89)) - s4@group-04A534573A2A-LeaderElection14: PRE_VOTE PASSED received 1 response(s) and 0 exception(s):
2023-03-17 00:26:13,476 INFO  impl.LeaderElection (LeaderElection.java:logAndReturn(93)) -   Response 0: s4<-s6#0:OK-t0
2023-03-17 00:26:13,476 INFO  impl.LeaderElection (LeaderElection.java:askForVotes(322)) - s4@group-04A534573A2A-LeaderElection14 PRE_VOTE round 0: result PASSED
2023-03-17 00:26:13,477 INFO  impl.VoteContext (VoteContext.java:log(49)) - s5@group-04A534573A2A-FOLLOWER: accept PRE_VOTE from s4: our priority 0 <= candidate's priority 0
2023-03-17 00:26:13,477 INFO  server.RaftServer$Division (RaftServerImpl.java:requestVote(1336)) - s5@group-04A534573A2A replies to PRE_VOTE vote request: s4<-s5#0:OK-t0. Peer's state: s5@group-04A534573A2A:t0, leader=null, voted=, raftlog=Memoized:s5@group-04A534573A2A-SegmentedRaftLog:OPENED:c-1, conf=-1: peers:[s4|rpc:0.0.0.0:39523|dataStream:|priority:0|startupRole:FOLLOWER, s5|rpc:0.0.0.0:38791|dataStream:|priority:0|startupRole:FOLLOWER, s6|rpc:0.0.0.0:34503|dataStream:|priority:0|startupRole:FOLLOWER]|listeners:[], old=null
2023-03-17 00:26:13,477 INFO  impl.LeaderElection (LeaderElection.java:askForVotes(320)) - s4@group-04A534573A2A-LeaderElection14 ELECTION round 0: submit vote requests at term 1 for -1: peers:[s4|rpc:0.0.0.0:39523|dataStream:|priority:0|startupRole:FOLLOWER, s5|rpc:0.0.0.0:38791|dataStream:|priority:0|startupRole:FOLLOWER, s6|rpc:0.0.0.0:34503|dataStream:|priority:0|startupRole:FOLLOWER]|listeners:[], old=null
2023-03-17 00:26:13,478 INFO  server.RaftServerConfigKeys (ConfUtils.java:logFallback(53)) - raft.server.rpc.first-election.timeout.min = 300ms (fallback to raft.server.rpc.timeout.min)
2023-03-17 00:26:13,478 INFO  server.RaftServerConfigKeys (ConfUtils.java:logFallback(53)) - raft.server.rpc.first-election.timeout.max = 600ms (fallback to raft.server.rpc.timeout.max)
2023-03-17 00:26:13,479 INFO  server.RaftServer$Division (RaftServerImpl.java:requestVote(1303)) - s5@group-04A534573A2A: receive requestVote(ELECTION, s4, group-04A534573A2A, 1, (t:0, i:0))
2023-03-17 00:26:13,480 INFO  impl.VoteContext (VoteContext.java:log(49)) - s5@group-04A534573A2A-FOLLOWER: accept ELECTION from s4: our priority 0 <= candidate's priority 0
2023-03-17 00:26:13,480 INFO  server.RaftServer$Division (RaftServerImpl.java:setRole(329)) - s5@group-04A534573A2A: changes role from  FOLLOWER to FOLLOWER at term 1 for candidate:s4
2023-03-17 00:26:13,480 INFO  impl.RoleInfo (RoleInfo.java:shutdownFollowerState(110)) - s5: shutdown s5@group-04A534573A2A-FollowerState
2023-03-17 00:26:13,480 INFO  impl.RoleInfo (RoleInfo.java:updateAndGet(139)) - s5: start s5@group-04A534573A2A-FollowerState
2023-03-17 00:26:13,480 INFO  impl.FollowerState (FollowerState.java:run(152)) - s5@group-04A534573A2A-FollowerState was interrupted
2023-03-17 00:26:13,483 INFO  server.RaftServer$Division (RaftServerImpl.java:requestVote(1303)) - s6@group-04A534573A2A: receive requestVote(ELECTION, s4, group-04A534573A2A, 1, (t:0, i:0))
2023-03-17 00:26:13,483 INFO  impl.VoteContext (VoteContext.java:log(49)) - s6@group-04A534573A2A-FOLLOWER: accept ELECTION from s4: our priority 0 <= candidate's priority 0
2023-03-17 00:26:13,483 INFO  server.RaftServer$Division (RaftServerImpl.java:setRole(329)) - s6@group-04A534573A2A: changes role from  FOLLOWER to FOLLOWER at term 1 for candidate:s4
2023-03-17 00:26:13,483 INFO  impl.RoleInfo (RoleInfo.java:shutdownFollowerState(110)) - s6: shutdown s6@group-04A534573A2A-FollowerState
2023-03-17 00:26:13,483 INFO  impl.RoleInfo (RoleInfo.java:updateAndGet(139)) - s6: start s6@group-04A534573A2A-FollowerState
2023-03-17 00:26:13,483 INFO  impl.FollowerState (FollowerState.java:run(152)) - s6@group-04A534573A2A-FollowerState was interrupted
2023-03-17 00:26:13,484 INFO  server.RaftServer$Division (RaftServerImpl.java:requestVote(1336)) - s5@group-04A534573A2A replies to ELECTION vote request: s4<-s5#0:OK-t1. Peer's state: s5@group-04A534573A2A:t1, leader=null, voted=s4, raftlog=Memoized:s5@group-04A534573A2A-SegmentedRaftLog:OPENED:c-1, conf=-1: peers:[s4|rpc:0.0.0.0:39523|dataStream:|priority:0|startupRole:FOLLOWER, s5|rpc:0.0.0.0:38791|dataStream:|priority:0|startupRole:FOLLOWER, s6|rpc:0.0.0.0:34503|dataStream:|priority:0|startupRole:FOLLOWER]|listeners:[], old=null
2023-03-17 00:26:13,485 INFO  impl.LeaderElection (LeaderElection.java:logAndReturn(89)) - s4@group-04A534573A2A-LeaderElection14: ELECTION PASSED received 1 response(s) and 0 exception(s):
2023-03-17 00:26:13,485 INFO  impl.LeaderElection (LeaderElection.java:logAndReturn(93)) -   Response 0: s4<-s5#0:OK-t1
2023-03-17 00:26:13,485 INFO  impl.LeaderElection (LeaderElection.java:askForVotes(322)) - s4@group-04A534573A2A-LeaderElection14 ELECTION round 0: result PASSED
2023-03-17 00:26:13,485 INFO  impl.RoleInfo (RoleInfo.java:shutdownLeaderElection(130)) - s4: shutdown s4@group-04A534573A2A-LeaderElection14
2023-03-17 00:26:13,485 INFO  server.RaftServer$Division (RaftServerImpl.java:setRole(329)) - s4@group-04A534573A2A: changes role from CANDIDATE to LEADER at term 1 for changeToLeader
2023-03-17 00:26:13,485 INFO  server.RaftServer$Division (ServerState.java:setLeader(260)) - s4@group-04A534573A2A: change Leader from null to s4 at term 1 for becomeLeader, leader elected after 477ms
2023-03-17 00:26:13,485 INFO  server.RaftServerConfigKeys (ConfUtils.java:logGet(46)) - raft.server.staging.catchup.gap = 1000 (default)
2023-03-17 00:26:13,485 INFO  server.RaftServerConfigKeys (ConfUtils.java:logGet(46)) - raft.server.write.element-limit = 4096 (default)
2023-03-17 00:26:13,485 INFO  server.RaftServerConfigKeys (ConfUtils.java:logGet(46)) - raft.server.write.byte-limit = 64MB (=67108864) (default)
2023-03-17 00:26:13,485 INFO  server.RaftServerConfigKeys (ConfUtils.java:logGet(46)) - raft.server.watch.timeout = 10s (default)
2023-03-17 00:26:13,485 INFO  server.RaftServerConfigKeys (ConfUtils.java:logGet(46)) - raft.server.watch.timeout.denomination = 1s (default)
2023-03-17 00:26:13,485 INFO  server.RaftServerConfigKeys (ConfUtils.java:logGet(46)) - raft.server.watch.element-limit = 65536 (default)
2023-03-17 00:26:13,485 INFO  server.RaftServerConfigKeys (ConfUtils.java:logGet(46)) - raft.server.write.element-limit = 4096 (default)
2023-03-17 00:26:13,485 INFO  server.RaftServerConfigKeys (ConfUtils.java:logGet(46)) - raft.server.write.follower.gap.ratio.max = -1.0 (default)
2023-03-17 00:26:13,486 INFO  server.RaftServerConfigKeys (ConfUtils.java:logGet(46)) - raft.server.log.appender.snapshot.chunk.size.max = 16MB (=16777216) (default)
2023-03-17 00:26:13,486 INFO  server.RaftServerConfigKeys (ConfUtils.java:logGet(46)) - raft.server.log.appender.buffer.byte-limit = 4MB (=4194304) (default)
2023-03-17 00:26:13,486 INFO  server.RaftServerConfigKeys (ConfUtils.java:logGet(46)) - raft.server.log.appender.buffer.element-limit = 0 (default)
2023-03-17 00:26:13,486 INFO  server.RaftServerConfigKeys (ConfUtils.java:logFallback(53)) - raft.server.rpc.first-election.timeout.min = 300ms (fallback to raft.server.rpc.timeout.min)
2023-03-17 00:26:13,486 INFO  server.RaftServerConfigKeys (ConfUtils.java:logFallback(53)) - raft.server.rpc.first-election.timeout.max = 600ms (fallback to raft.server.rpc.timeout.max)
2023-03-17 00:26:13,487 INFO  server.RaftServerConfigKeys (ConfUtils.java:logFallback(53)) - raft.server.rpc.first-election.timeout.min = 300ms (fallback to raft.server.rpc.timeout.min)
2023-03-17 00:26:13,487 INFO  server.RaftServerConfigKeys (ConfUtils.java:logFallback(53)) - raft.server.rpc.first-election.timeout.max = 600ms (fallback to raft.server.rpc.timeout.max)
2023-03-17 00:26:13,486 INFO  server.RaftServerConfigKeys (ConfUtils.java:logGet(46)) - raft.server.log.appender.wait-time.min = 10ms (default)
2023-03-17 00:26:13,487 INFO  server.RaftServerConfigKeys (ConfUtils.java:logGet(46)) - raft.server.log.appender.snapshot.chunk.size.max = 16MB (=16777216) (default)
2023-03-17 00:26:13,487 INFO  server.RaftServerConfigKeys (ConfUtils.java:logGet(46)) - raft.server.log.appender.buffer.byte-limit = 4MB (=4194304) (default)
2023-03-17 00:26:13,487 INFO  server.RaftServerConfigKeys (ConfUtils.java:logGet(46)) - raft.server.log.appender.buffer.element-limit = 0 (default)
2023-03-17 00:26:13,487 INFO  server.RaftServerConfigKeys (ConfUtils.java:logGet(46)) - raft.server.log.appender.wait-time.min = 10ms (default)
2023-03-17 00:26:13,487 INFO  impl.RoleInfo (RoleInfo.java:updateAndGet(139)) - s4: start s4@group-04A534573A2A-LeaderStateImpl
2023-03-17 00:26:13,487 INFO  segmented.SegmentedRaftLogWorker (SegmentedRaftLogWorker.java:startLogSegment(426)) - s4@group-04A534573A2A-SegmentedRaftLogWorker: Starting segment from index:0
2023-03-17 00:26:13,490 INFO  server.RaftServer$Division (RaftServerImpl.java:requestVote(1336)) - s6@group-04A534573A2A replies to ELECTION vote request: s4<-s6#0:OK-t1. Peer's state: s6@group-04A534573A2A:t1, leader=null, voted=s4, raftlog=Memoized:s6@group-04A534573A2A-SegmentedRaftLog:OPENED:c-1, conf=-1: peers:[s4|rpc:0.0.0.0:39523|dataStream:|priority:0|startupRole:FOLLOWER, s5|rpc:0.0.0.0:38791|dataStream:|priority:0|startupRole:FOLLOWER, s6|rpc:0.0.0.0:34503|dataStream:|priority:0|startupRole:FOLLOWER]|listeners:[], old=null
2023-03-17 00:26:13,498 INFO  server.RaftServer$Division (ServerState.java:setLeader(260)) - s5@group-04A534573A2A: change Leader from null to s4 at term 1 for appendEntries, leader elected after 371ms
2023-03-17 00:26:13,499 INFO  server.RaftServer$Division (ServerState.java:setLeader(260)) - s6@group-04A534573A2A: change Leader from null to s4 at term 1 for appendEntries, leader elected after 323ms
2023-03-17 00:26:13,500 INFO  server.RaftServer$Division (ServerState.java:setRaftConf(378)) - s4@group-04A534573A2A: set configuration 0: peers:[s4|rpc:0.0.0.0:39523|dataStream:|priority:0|startupRole:FOLLOWER, s5|rpc:0.0.0.0:38791|dataStream:|priority:0|startupRole:FOLLOWER, s6|rpc:0.0.0.0:34503|dataStream:|priority:0|startupRole:FOLLOWER]|listeners:[], old=null
2023-03-17 00:26:13,501 INFO  segmented.SegmentedRaftLogWorker (SegmentedRaftLogWorker.java:execute(630)) - s4@group-04A534573A2A-SegmentedRaftLogWorker: created new log segment /home/runner/work/ratis/ratis/ratis-examples/target/test/data/9a3b15da/MiniRaftClusterWithNettyce94e709/s4/f28826ba-1d00-4c4b-87a4-04a534573a2a/current/log_inprogress_0
2023-03-17 00:26:13,502 DEBUG server.RaftServer$Division (RaftServerImpl.java:logAppendEntries(1430)) - s5@group-04A534573A2A: receive appendEntries(s4, 1, null, -1, true, commits:[s4:c-1, s5:c-1, s6:c-1], cId:5929, entries: [(t:1, i:0), CONFIGURATIONENTRY(current:id: "s4"
address: "0.0.0.0:39523"
clientAddress: "0.0.0.0:39523"
adminAddress: "0.0.0.0:39523"
startupRole: FOLLOWER
,id: "s5"
address: "0.0.0.0:38791"
clientAddress: "0.0.0.0:38791"
adminAddress: "0.0.0.0:38791"
startupRole: FOLLOWER
,id: "s6"
address: "0.0.0.0:34503"
clientAddress: "0.0.0.0:34503"
adminAddress: "0.0.0.0:34503"
startupRole: FOLLOWER
, old:)]
2023-03-17 00:26:13,509 INFO  server.RaftServer$Division (ServerState.java:setRaftConf(378)) - s5@group-04A534573A2A: set configuration 0: peers:[s4|rpc:0.0.0.0:39523|dataStream:|priority:0|startupRole:FOLLOWER, s5|rpc:0.0.0.0:38791|dataStream:|priority:0|startupRole:FOLLOWER, s6|rpc:0.0.0.0:34503|dataStream:|priority:0|startupRole:FOLLOWER]|listeners:[], old=null
2023-03-17 00:26:13,509 INFO  segmented.SegmentedRaftLogWorker (SegmentedRaftLogWorker.java:startLogSegment(426)) - s5@group-04A534573A2A-SegmentedRaftLogWorker: Starting segment from index:0
2023-03-17 00:26:13,515 DEBUG server.RaftServer$Division (RaftServerImpl.java:logAppendEntries(1430)) - s6@group-04A534573A2A: receive appendEntries(s4, 1, null, -1, true, commits:[s4:c-1, s5:c-1, s6:c-1], cId:5930, entries: [(t:1, i:0), CONFIGURATIONENTRY(current:id: "s4"
address: "0.0.0.0:39523"
clientAddress: "0.0.0.0:39523"
adminAddress: "0.0.0.0:39523"
startupRole: FOLLOWER
,id: "s5"
address: "0.0.0.0:38791"
clientAddress: "0.0.0.0:38791"
adminAddress: "0.0.0.0:38791"
startupRole: FOLLOWER
,id: "s6"
address: "0.0.0.0:34503"
clientAddress: "0.0.0.0:34503"
adminAddress: "0.0.0.0:34503"
startupRole: FOLLOWER
, old:)]
2023-03-17 00:26:13,520 INFO  server.RaftServer$Division (ServerState.java:setRaftConf(378)) - s6@group-04A534573A2A: set configuration 0: peers:[s4|rpc:0.0.0.0:39523|dataStream:|priority:0|startupRole:FOLLOWER, s5|rpc:0.0.0.0:38791|dataStream:|priority:0|startupRole:FOLLOWER, s6|rpc:0.0.0.0:34503|dataStream:|priority:0|startupRole:FOLLOWER]|listeners:[], old=null
2023-03-17 00:26:13,520 INFO  segmented.SegmentedRaftLogWorker (SegmentedRaftLogWorker.java:startLogSegment(426)) - s6@group-04A534573A2A-SegmentedRaftLogWorker: Starting segment from index:0
2023-03-17 00:26:13,527 INFO  segmented.SegmentedRaftLogWorker (SegmentedRaftLogWorker.java:execute(630)) - s5@group-04A534573A2A-SegmentedRaftLogWorker: created new log segment /home/runner/work/ratis/ratis/ratis-examples/target/test/data/9a3b15da/MiniRaftClusterWithNettyce94e709/s5/f28826ba-1d00-4c4b-87a4-04a534573a2a/current/log_inprogress_0
2023-03-17 00:26:13,533 DEBUG server.RaftServer$Division (RaftServerImpl.java:logAppendEntries(1430)) - s5@group-04A534573A2A: succeeded to handle AppendEntries. Reply: s4<-s5#5929:OK-t1,SUCCESS,nextIndex=1,followerCommit=-1,matchIndex=0
2023-03-17 00:26:13,534 INFO  segmented.SegmentedRaftLogWorker (SegmentedRaftLogWorker.java:execute(630)) - s6@group-04A534573A2A-SegmentedRaftLogWorker: created new log segment /home/runner/work/ratis/ratis/ratis-examples/target/test/data/9a3b15da/MiniRaftClusterWithNettyce94e709/s6/f28826ba-1d00-4c4b-87a4-04a534573a2a/current/log_inprogress_0
2023-03-17 00:26:13,534 DEBUG server.RaftServer$Division (RaftServerImpl.java:logAppendEntries(1430)) - s6@group-04A534573A2A: succeeded to handle AppendEntries. Reply: s4<-s6#5930:OK-t1,SUCCESS,nextIndex=1,followerCommit=-1,matchIndex=0
2023-03-17 00:26:14,148 INFO  ratis.RaftTestUtil (RaftTestUtil.java:waitForLeader(119)) - printing group-04A534573A2A
  s4:  RUNNING [
     LEADER s4@group-04A534573A2A:t1, leader=s4, voted=s4, raftlog=Memoized:s4@group-04A534573A2A-SegmentedRaftLog:OPENED:c0, conf=0: peers:[s4|rpc:0.0.0.0:39523|dataStream:|priority:0|startupRole:FOLLOWER, s5|rpc:0.0.0.0:38791|dataStream:|priority:0|startupRole:FOLLOWER, s6|rpc:0.0.0.0:34503|dataStream:|priority:0|startupRole:FOLLOWER]|listeners:[], old=null RUNNING
   FOLLOWER s4@group-38FE90E113AE:t0, leader=null, voted=, raftlog=Memoized:s4@group-38FE90E113AE-SegmentedRaftLog:OPENED:c-1, conf=-1: peers:[]|listeners:[], old=null STARTING] size=2
  s5:  RUNNING [
   FOLLOWER s5@group-04A534573A2A:t1, leader=s4, voted=s4, raftlog=Memoized:s5@group-04A534573A2A-SegmentedRaftLog:OPENED:c0, conf=0: peers:[s4|rpc:0.0.0.0:39523|dataStream:|priority:0|startupRole:FOLLOWER, s5|rpc:0.0.0.0:38791|dataStream:|priority:0|startupRole:FOLLOWER, s6|rpc:0.0.0.0:34503|dataStream:|priority:0|startupRole:FOLLOWER]|listeners:[], old=null RUNNING
   FOLLOWER s5@group-38FE90E113AE:t0, leader=null, voted=, raftlog=Memoized:s5@group-38FE90E113AE-SegmentedRaftLog:OPENED:c-1, conf=-1: peers:[]|listeners:[], old=null STARTING] size=2
  s6:  RUNNING [
   FOLLOWER s6@group-04A534573A2A:t1, leader=s4, voted=s4, raftlog=Memoized:s6@group-04A534573A2A-SegmentedRaftLog:OPENED:c0, conf=0: peers:[s4|rpc:0.0.0.0:39523|dataStream:|priority:0|startupRole:FOLLOWER, s5|rpc:0.0.0.0:38791|dataStream:|priority:0|startupRole:FOLLOWER, s6|rpc:0.0.0.0:34503|dataStream:|priority:0|startupRole:FOLLOWER]|listeners:[], old=null RUNNING
   FOLLOWER s6@group-38FE90E113AE:t0, leader=null, voted=, raftlog=Memoized:s6@group-38FE90E113AE-SegmentedRaftLog:OPENED:c-1, conf=-1: peers:[]|listeners:[], old=null STARTING] size=2
2023-03-17 00:26:14,151 INFO  logging.LoggingHandler (AbstractInternalLogger.java:log(148)) - [id: 0x8f5e74f5, L:/0.0.0.0:39523] READ: [id: 0x5787ca1b, L:/10.1.0.17:39523 - R:/10.1.0.17:52574]
2023-03-17 00:26:14,152 INFO  logging.LoggingHandler (AbstractInternalLogger.java:log(148)) - [id: 0x8f5e74f5, L:/0.0.0.0:39523] READ COMPLETE
2023-03-17 00:26:14,159 DEBUG server.RaftServer$Division (RaftServerImpl.java:submitClientRequestAsync(835)) - s4@group-04A534573A2A: receive client request(RaftClientRequest:client-E90C079F570D->s4@group-04A534573A2A, cid=5995, seq=0, RW, Message:01016102404f80000000...(size=12))
2023-03-17 00:26:14,159 DEBUG server.RaftServer$Division (LeaderStateImpl.java:addPendingRequest(474)) - s4@group-04A534573A2A-LeaderStateImpl: addPendingRequest at RaftClientRequest:client-E90C079F570D->s4@group-04A534573A2A, cid=5995, seq=0, RW, Message:01016102404f80000000...(size=12), entry=(t:1, i:1), STATEMACHINELOGENTRY, 5995@client-E90C079F570D
2023-03-17 00:26:14,160 DEBUG server.RaftServer$Division (RaftServerImpl.java:logAppendEntries(1430)) - s5@group-04A534573A2A: receive appendEntries(s4, 1, (t:1, i:0), 0, true, commits:[s4:c0, s5:c0, s6:c0], cId:5996, entries: [(t:1, i:1), STATEMACHINELOGENTRY, 5995@client-E90C079F570D]
2023-03-17 00:26:14,161 DEBUG server.RaftServer$Division (RaftServerImpl.java:logAppendEntries(1430)) - s6@group-04A534573A2A: receive appendEntries(s4, 1, (t:1, i:0), 0, true, commits:[s4:c0, s5:c0, s6:c0], cId:5997, entries: [(t:1, i:1), STATEMACHINELOGENTRY, 5995@client-E90C079F570D]
2023-03-17 00:26:14,161 DEBUG server.RaftServer$Division (RaftServerImpl.java:logAppendEntries(1430)) - s5@group-04A534573A2A: succeeded to handle AppendEntries. Reply: s4<-s5#5996:OK-t1,SUCCESS,nextIndex=2,followerCommit=0,matchIndex=1
2023-03-17 00:26:14,162 INFO  statemachine.StateMachine (ArithmeticStateMachine.java:applyTransaction(182)) - LEADER:s4-1: a = 63 = 63
2023-03-17 00:26:14,164 DEBUG server.RaftServer$Division (RaftServerImpl.java:logAppendEntries(1430)) - s6@group-04A534573A2A: succeeded to handle AppendEntries. Reply: s4<-s6#5997:OK-t1,SUCCESS,nextIndex=2,followerCommit=0,matchIndex=1
2023-03-17 00:26:14,164 DEBUG server.RaftServer$Division (RaftServerImpl.java:logAppendEntries(1430)) - s5@group-04A534573A2A: receive appendEntries(s4, 1, (t:1, i:1), 1, true, commits:[s4:c1, s5:c0, s6:c0], cId:5998, entries: [(t:1, i:2), METADATAENTRY(c:1)]
2023-03-17 00:26:14,164 DEBUG server.RaftServer$Division (RaftServerImpl.java:submitClientRequestAsync(835)) - s4@group-04A534573A2A: receive client request(RaftClientRequest:client-E90C079F570D->s4@group-04A534573A2A, cid=5999, seq=0, RW, Message:01016202409f00000000...(size=12))
2023-03-17 00:26:14,165 DEBUG server.RaftServer$Division (LeaderStateImpl.java:addPendingRequest(474)) - s4@group-04A534573A2A-LeaderStateImpl: addPendingRequest at RaftClientRequest:client-E90C079F570D->s4@group-04A534573A2A, cid=5999, seq=0, RW, Message:01016202409f00000000...(size=12), entry=(t:1, i:3), STATEMACHINELOGENTRY, 5999@client-E90C079F570D
2023-03-17 00:26:14,165 DEBUG server.RaftServer$Division (RaftServerImpl.java:logAppendEntries(1430)) - s5@group-04A534573A2A: succeeded to handle AppendEntries. Reply: s4<-s5#5998:OK-t1,SUCCESS,nextIndex=3,followerCommit=1,matchIndex=2
2023-03-17 00:26:14,165 DEBUG server.RaftServer$Division (RaftServerImpl.java:logAppendEntries(1430)) - s6@group-04A534573A2A: receive appendEntries(s4, 1, (t:1, i:1), 1, true, commits:[s4:c1, s5:c0, s6:c0], cId:6000, entries: [(t:1, i:2), METADATAENTRY(c:1)]
2023-03-17 00:26:14,166 DEBUG server.RaftServer$Division (RaftServerImpl.java:logAppendEntries(1430)) - s6@group-04A534573A2A: succeeded to handle AppendEntries. Reply: s4<-s6#6000:OK-t1,SUCCESS,nextIndex=3,followerCommit=1,matchIndex=2
2023-03-17 00:26:14,166 DEBUG server.RaftServer$Division (RaftServerImpl.java:logAppendEntries(1430)) - s5@group-04A534573A2A: receive appendEntries(s4, 1, (t:1, i:2), 1, true, commits:[s4:c1, s5:c1, s6:c0], cId:6001, entries: [(t:1, i:3), STATEMACHINELOGENTRY, 5999@client-E90C079F570D]
2023-03-17 00:26:14,166 DEBUG server.RaftServer$Division (RaftServerImpl.java:logAppendEntries(1430)) - s6@group-04A534573A2A: receive appendEntries(s4, 1, (t:1, i:2), 1, true, commits:[s4:c1, s5:c1, s6:c1], cId:6002, entries: [(t:1, i:3), STATEMACHINELOGENTRY, 5999@client-E90C079F570D]
2023-03-17 00:26:14,167 DEBUG server.RaftServer$Division (RaftServerImpl.java:logAppendEntries(1430)) - s5@group-04A534573A2A: succeeded to handle AppendEntries. Reply: s4<-s5#6001:OK-t1,SUCCESS,nextIndex=4,followerCommit=1,matchIndex=3
2023-03-17 00:26:14,167 INFO  statemachine.StateMachine (ArithmeticStateMachine.java:applyTransaction(182)) - LEADER:s4-3: b = 1984 = 1984
2023-03-17 00:26:14,168 DEBUG server.RaftServer$Division (RaftServerImpl.java:logAppendEntries(1430)) - s6@group-04A534573A2A: succeeded to handle AppendEntries. Reply: s4<-s6#6002:OK-t1,SUCCESS,nextIndex=4,followerCommit=1,matchIndex=3
2023-03-17 00:26:14,168 DEBUG server.RaftServer$Division (RaftServerImpl.java:logAppendEntries(1430)) - s5@group-04A534573A2A: receive appendEntries(s4, 1, (t:1, i:3), 3, true, commits:[s4:c3, s5:c1, s6:c1], cId:6003, entries: [(t:1, i:4), METADATAENTRY(c:3)]
2023-03-17 00:26:14,168 DEBUG server.RaftServer$Division (RaftServerImpl.java:logAppendEntries(1430)) - s6@group-04A534573A2A: receive appendEntries(s4, 1, (t:1, i:3), 3, true, commits:[s4:c3, s5:c1, s6:c1], cId:6004, entries: [(t:1, i:4), METADATAENTRY(c:3)]
2023-03-17 00:26:14,169 DEBUG server.RaftServer$Division (RaftServerImpl.java:logAppendEntries(1430)) - s5@group-04A534573A2A: succeeded to handle AppendEntries. Reply: s4<-s5#6003:OK-t1,SUCCESS,nextIndex=5,followerCommit=3,matchIndex=4
2023-03-17 00:26:14,169 DEBUG server.RaftServer$Division (RaftServerImpl.java:logAppendEntries(1430)) - s6@group-04A534573A2A: succeeded to handle AppendEntries. Reply: s4<-s6#6004:OK-t1,SUCCESS,nextIndex=5,followerCommit=3,matchIndex=4
2023-03-17 00:26:14,170 DEBUG server.RaftServer$Division (RaftServerImpl.java:submitClientRequestAsync(835)) - s4@group-04A534573A2A: receive client request(RaftClientRequest:client-E90C079F570D->s4@group-04A534573A2A, cid=6005, seq=0, RW, Message:01016304010300040201...(size=17))
2023-03-17 00:26:14,171 DEBUG server.RaftServer$Division (LeaderStateImpl.java:addPendingRequest(474)) - s4@group-04A534573A2A-LeaderStateImpl: addPendingRequest at RaftClientRequest:client-E90C079F570D->s4@group-04A534573A2A, cid=6005, seq=0, RW, Message:01016304010300040201...(size=17), entry=(t:1, i:5), STATEMACHINELOGENTRY, 6005@client-E90C079F570D
2023-03-17 00:26:14,171 DEBUG server.RaftServer$Division (RaftServerImpl.java:logAppendEntries(1430)) - s5@group-04A534573A2A: receive appendEntries(s4, 1, (t:1, i:4), 4, true, commits:[s4:c4, s5:c3, s6:c3], cId:6006, entries: [(t:1, i:5), STATEMACHINELOGENTRY, 6005@client-E90C079F570D]
2023-03-17 00:26:14,172 DEBUG server.RaftServer$Division (RaftServerImpl.java:logAppendEntries(1430)) - s6@group-04A534573A2A: receive appendEntries(s4, 1, (t:1, i:4), 4, true, commits:[s4:c4, s5:c3, s6:c3], cId:6007, entries: [(t:1, i:5), STATEMACHINELOGENTRY, 6005@client-E90C079F570D]
2023-03-17 00:26:14,172 DEBUG server.RaftServer$Division (RaftServerImpl.java:logAppendEntries(1430)) - s5@group-04A534573A2A: succeeded to handle AppendEntries. Reply: s4<-s5#6006:OK-t1,SUCCESS,nextIndex=6,followerCommit=4,matchIndex=5
2023-03-17 00:26:14,172 DEBUG server.RaftServer$Division (RaftServerImpl.java:logAppendEntries(1430)) - s6@group-04A534573A2A: succeeded to handle AppendEntries. Reply: s4<-s6#6007:OK-t1,SUCCESS,nextIndex=6,followerCommit=4,matchIndex=5
2023-03-17 00:26:14,173 INFO  statemachine.StateMachine (ArithmeticStateMachine.java:applyTransaction(182)) - LEADER:s4-5: c = √(a^2 + b^2) = 1985
2023-03-17 00:26:14,174 DEBUG server.RaftServer$Division (RaftServerImpl.java:logAppendEntries(1430)) - s6@group-04A534573A2A: receive appendEntries(s4, 1, (t:1, i:5), 5, true, commits:[s4:c5, s5:c4, s6:c4], cId:6008, entries: [(t:1, i:6), METADATAENTRY(c:5)]
2023-03-17 00:26:14,174 DEBUG server.RaftServer$Division (RaftServerImpl.java:logAppendEntries(1430)) - s5@group-04A534573A2A: receive appendEntries(s4, 1, (t:1, i:5), 5, true, commits:[s4:c5, s5:c4, s6:c4], cId:6009, entries: [(t:1, i:6), METADATAENTRY(c:5)]
2023-03-17 00:26:14,174 DEBUG server.RaftServer$Division (RaftServerImpl.java:logAppendEntries(1430)) - s6@group-04A534573A2A: succeeded to handle AppendEntries. Reply: s4<-s6#6008:OK-t1,SUCCESS,nextIndex=7,followerCommit=5,matchIndex=6
2023-03-17 00:26:14,175 DEBUG server.RaftServer$Division (RaftServerImpl.java:logAppendEntries(1430)) - s5@group-04A534573A2A: succeeded to handle AppendEntries. Reply: s4<-s5#6009:OK-t1,SUCCESS,nextIndex=7,followerCommit=5,matchIndex=6
2023-03-17 00:26:14,176 DEBUG server.RaftServer$Division (RaftServerImpl.java:submitClientRequestAsync(835)) - s4@group-04A534573A2A: receive client request(RaftClientRequest:client-E90C079F570D->s4@group-04A534573A2A, cid=6010, seq=0, RW, Message:01016100)
2023-03-17 00:26:14,177 DEBUG server.RaftServer$Division (LeaderStateImpl.java:addPendingRequest(474)) - s4@group-04A534573A2A-LeaderStateImpl: addPendingRequest at RaftClientRequest:client-E90C079F570D->s4@group-04A534573A2A, cid=6010, seq=0, RW, Message:01016100, entry=(t:1, i:7), STATEMACHINELOGENTRY, 6010@client-E90C079F570D
2023-03-17 00:26:14,177 DEBUG server.RaftServer$Division (RaftServerImpl.java:logAppendEntries(1430)) - s5@group-04A534573A2A: receive appendEntries(s4, 1, (t:1, i:6), 6, true, commits:[s4:c6, s5:c5, s6:c5], cId:6015, entries: [(t:1, i:7), STATEMACHINELOGENTRY, 6010@client-E90C079F570D]
2023-03-17 00:26:14,178 DEBUG server.RaftServer$Division (RaftServerImpl.java:logAppendEntries(1430)) - s6@group-04A534573A2A: receive appendEntries(s4, 1, (t:1, i:6), 6, true, commits:[s4:c6, s5:c5, s6:c5], cId:6016, entries: [(t:1, i:7), STATEMACHINELOGENTRY, 6010@client-E90C079F570D]
2023-03-17 00:26:14,178 DEBUG server.RaftServer$Division (RaftServerImpl.java:logAppendEntries(1430)) - s5@group-04A534573A2A: succeeded to handle AppendEntries. Reply: s4<-s5#6015:OK-t1,SUCCESS,nextIndex=8,followerCommit=6,matchIndex=7
2023-03-17 00:26:14,179 INFO  statemachine.StateMachine (ArithmeticStateMachine.java:applyTransaction(182)) - LEADER:s4-7: a = null = null
2023-03-17 00:26:14,179 DEBUG server.RaftServer$Division (RaftServerImpl.java:logAppendEntries(1430)) - s6@group-04A534573A2A: succeeded to handle AppendEntries. Reply: s4<-s6#6016:OK-t1,SUCCESS,nextIndex=8,followerCommit=6,matchIndex=7
2023-03-17 00:26:14,180 DEBUG server.RaftServer$Division (RaftServerImpl.java:logAppendEntries(1430)) - s6@group-04A534573A2A: receive appendEntries(s4, 1, (t:1, i:7), 7, true, commits:[s4:c7, s5:c6, s6:c6], cId:6018, entries: [(t:1, i:8), METADATAENTRY(c:7)]
2023-03-17 00:26:14,180 DEBUG server.RaftServer$Division (RaftServerImpl.java:logAppendEntries(1430)) - s5@group-04A534573A2A: receive appendEntries(s4, 1, (t:1, i:7), 7, true, commits:[s4:c7, s5:c6, s6:c5], cId:6017, entries: [(t:1, i:8), METADATAENTRY(c:7)]
2023-03-17 00:26:14,180 DEBUG server.RaftServer$Division (RaftServerImpl.java:logAppendEntries(1430)) - s6@group-04A534573A2A: succeeded to handle AppendEntries. Reply: s4<-s6#6018:OK-t1,SUCCESS,nextIndex=9,followerCommit=7,matchIndex=8
2023-03-17 00:26:14,181 DEBUG server.RaftServer$Division (RaftServerImpl.java:logAppendEntries(1430)) - s5@group-04A534573A2A: succeeded to handle AppendEntries. Reply: s4<-s5#6017:OK-t1,SUCCESS,nextIndex=9,followerCommit=7,matchIndex=8
2023-03-17 00:26:14,183 DEBUG server.RaftServer$Division (RaftServerImpl.java:submitClientRequestAsync(835)) - s4@group-04A534573A2A: receive client request(RaftClientRequest:client-E90C079F570D->s4@group-04A534573A2A, cid=6019, seq=0, RW, Message:01016200)
2023-03-17 00:26:14,184 DEBUG server.RaftServer$Division (LeaderStateImpl.java:addPendingRequest(474)) - s4@group-04A534573A2A-LeaderStateImpl: addPendingRequest at RaftClientRequest:client-E90C079F570D->s4@group-04A534573A2A, cid=6019, seq=0, RW, Message:01016200, entry=(t:1, i:9), STATEMACHINELOGENTRY, 6019@client-E90C079F570D
2023-03-17 00:26:14,184 DEBUG server.RaftServer$Division (RaftServerImpl.java:logAppendEntries(1430)) - s5@group-04A534573A2A: receive appendEntries(s4, 1, (t:1, i:8), 8, true, commits:[s4:c8, s5:c7, s6:c7], cId:6028, entries: [(t:1, i:9), STATEMACHINELOGENTRY, 6019@client-E90C079F570D]
2023-03-17 00:26:14,186 DEBUG server.RaftServer$Division (RaftServerImpl.java:logAppendEntries(1430)) - s5@group-04A534573A2A: succeeded to handle AppendEntries. Reply: s4<-s5#6028:OK-t1,SUCCESS,nextIndex=10,followerCommit=8,matchIndex=9
2023-03-17 00:26:14,186 DEBUG server.RaftServer$Division (RaftServerImpl.java:logAppendEntries(1430)) - s6@group-04A534573A2A: receive appendEntries(s4, 1, (t:1, i:8), 8, true, commits:[s4:c8, s5:c7, s6:c7], cId:6029, entries: [(t:1, i:9), STATEMACHINELOGENTRY, 6019@client-E90C079F570D]
2023-03-17 00:26:14,187 INFO  statemachine.StateMachine (ArithmeticStateMachine.java:applyTransaction(182)) - LEADER:s4-9: b = null = null
2023-03-17 00:26:14,187 DEBUG server.RaftServer$Division (RaftServerImpl.java:logAppendEntries(1430)) - s6@group-04A534573A2A: succeeded to handle AppendEntries. Reply: s4<-s6#6029:OK-t1,SUCCESS,nextIndex=10,followerCommit=8,matchIndex=9
2023-03-17 00:26:14,188 DEBUG server.RaftServer$Division (RaftServerImpl.java:logAppendEntries(1430)) - s6@group-04A534573A2A: receive appendEntries(s4, 1, (t:1, i:9), 9, true, commits:[s4:c9, s5:c8, s6:c8], cId:6031, entries: [(t:1, i:10), METADATAENTRY(c:9)]
2023-03-17 00:26:14,188 DEBUG server.RaftServer$Division (RaftServerImpl.java:logAppendEntries(1430)) - s5@group-04A534573A2A: receive appendEntries(s4, 1, (t:1, i:9), 9, true, commits:[s4:c9, s5:c8, s6:c7], cId:6030, entries: [(t:1, i:10), METADATAENTRY(c:9)]
2023-03-17 00:26:14,188 DEBUG server.RaftServer$Division (RaftServerImpl.java:logAppendEntries(1430)) - s6@group-04A534573A2A: succeeded to handle AppendEntries. Reply: s4<-s6#6031:OK-t1,SUCCESS,nextIndex=11,followerCommit=9,matchIndex=10
2023-03-17 00:26:14,189 DEBUG server.RaftServer$Division (RaftServerImpl.java:logAppendEntries(1430)) - s5@group-04A534573A2A: succeeded to handle AppendEntries. Reply: s4<-s5#6030:OK-t1,SUCCESS,nextIndex=11,followerCommit=9,matchIndex=10
2023-03-17 00:26:14,190 DEBUG server.RaftServer$Division (RaftServerImpl.java:submitClientRequestAsync(835)) - s4@group-04A534573A2A: receive client request(RaftClientRequest:client-E90C079F570D->s4@group-04A534573A2A, cid=6032, seq=0, RW, Message:01016300)
2023-03-17 00:26:14,190 DEBUG server.RaftServer$Division (LeaderStateImpl.java:addPendingRequest(474)) - s4@group-04A534573A2A-LeaderStateImpl: addPendingRequest at RaftClientRequest:client-E90C079F570D->s4@group-04A534573A2A, cid=6032, seq=0, RW, Message:01016300, entry=(t:1, i:11), STATEMACHINELOGENTRY, 6032@client-E90C079F570D
2023-03-17 00:26:14,191 DEBUG server.RaftServer$Division (RaftServerImpl.java:logAppendEntries(1430)) - s5@group-04A534573A2A: receive appendEntries(s4, 1, (t:1, i:10), 10, true, commits:[s4:c10, s5:c9, s6:c9], cId:6033, entries: [(t:1, i:11), STATEMACHINELOGENTRY, 6032@client-E90C079F570D]
2023-03-17 00:26:14,191 DEBUG server.RaftServer$Division (RaftServerImpl.java:logAppendEntries(1430)) - s5@group-04A534573A2A: succeeded to handle AppendEntries. Reply: s4<-s5#6033:OK-t1,SUCCESS,nextIndex=12,followerCommit=10,matchIndex=11
2023-03-17 00:26:14,191 DEBUG server.RaftServer$Division (RaftServerImpl.java:logAppendEntries(1430)) - s6@group-04A534573A2A: receive appendEntries(s4, 1, (t:1, i:10), 10, true, commits:[s4:c10, s5:c9, s6:c9], cId:6034, entries: [(t:1, i:11), STATEMACHINELOGENTRY, 6032@client-E90C079F570D]
2023-03-17 00:26:14,192 DEBUG server.RaftServer$Division (RaftServerImpl.java:logAppendEntries(1430)) - s6@group-04A534573A2A: succeeded to handle AppendEntries. Reply: s4<-s6#6034:OK-t1,SUCCESS,nextIndex=12,followerCommit=10,matchIndex=11
2023-03-17 00:26:14,192 INFO  statemachine.StateMachine (ArithmeticStateMachine.java:applyTransaction(182)) - LEADER:s4-11: c = null = null
2023-03-17 00:26:14,193 DEBUG server.RaftServer$Division (RaftServerImpl.java:logAppendEntries(1430)) - s6@group-04A534573A2A: receive appendEntries(s4, 1, (t:1, i:11), 11, true, commits:[s4:c11, s5:c10, s6:c10], cId:6035, entries: [(t:1, i:12), METADATAENTRY(c:11)]
2023-03-17 00:26:14,193 DEBUG server.RaftServer$Division (RaftServerImpl.java:logAppendEntries(1430)) - s5@group-04A534573A2A: receive appendEntries(s4, 1, (t:1, i:11), 11, true, commits:[s4:c11, s5:c10, s6:c10], cId:6036, entries: [(t:1, i:12), METADATAENTRY(c:11)]
2023-03-17 00:26:14,193 DEBUG server.RaftServer$Division (RaftServerImpl.java:logAppendEntries(1430)) - s6@group-04A534573A2A: succeeded to handle AppendEntries. Reply: s4<-s6#6035:OK-t1,SUCCESS,nextIndex=13,followerCommit=11,matchIndex=12
2023-03-17 00:26:14,194 DEBUG server.RaftServer$Division (RaftServerImpl.java:logAppendEntries(1430)) - s5@group-04A534573A2A: succeeded to handle AppendEntries. Reply: s4<-s5#6036:OK-t1,SUCCESS,nextIndex=13,followerCommit=11,matchIndex=12
2023-03-17 00:26:14,195 DEBUG server.RaftServer$Division (RaftServerImpl.java:submitClientRequestAsync(835)) - s4@group-04A534573A2A: receive client request(RaftClientRequest:client-E90C079F570D->s4@group-04A534573A2A, cid=6037, seq=0, RW, Message:01016102405040000000...(size=12))
2023-03-17 00:26:14,195 DEBUG server.RaftServer$Division (LeaderStateImpl.java:addPendingRequest(474)) - s4@group-04A534573A2A-LeaderStateImpl: addPendingRequest at RaftClientRequest:client-E90C079F570D->s4@group-04A534573A2A, cid=6037, seq=0, RW, Message:01016102405040000000...(size=12), entry=(t:1, i:13), STATEMACHINELOGENTRY, 6037@client-E90C079F570D
2023-03-17 00:26:14,196 DEBUG server.RaftServer$Division (RaftServerImpl.java:logAppendEntries(1430)) - s5@group-04A534573A2A: receive appendEntries(s4, 1, (t:1, i:12), 12, true, commits:[s4:c12, s5:c11, s6:c11], cId:6038, entries: [(t:1, i:13), STATEMACHINELOGENTRY, 6037@client-E90C079F570D]
2023-03-17 00:26:14,196 DEBUG server.RaftServer$Division (RaftServerImpl.java:logAppendEntries(1430)) - s5@group-04A534573A2A: succeeded to handle AppendEntries. Reply: s4<-s5#6038:OK-t1,SUCCESS,nextIndex=14,followerCommit=12,matchIndex=13
2023-03-17 00:26:14,197 DEBUG server.RaftServer$Division (RaftServerImpl.java:logAppendEntries(1430)) - s6@group-04A534573A2A: receive appendEntries(s4, 1, (t:1, i:12), 12, true, commits:[s4:c12, s5:c11, s6:c11], cId:6039, entries: [(t:1, i:13), STATEMACHINELOGENTRY, 6037@client-E90C079F570D]
2023-03-17 00:26:14,197 DEBUG server.RaftServer$Division (RaftServerImpl.java:logAppendEntries(1430)) - s6@group-04A534573A2A: succeeded to handle AppendEntries. Reply: s4<-s6#6039:OK-t1,SUCCESS,nextIndex=14,followerCommit=12,matchIndex=13
2023-03-17 00:26:14,198 INFO  statemachine.StateMachine (ArithmeticStateMachine.java:applyTransaction(182)) - LEADER:s4-13: a = 65 = 65
2023-03-17 00:26:14,198 DEBUG server.RaftServer$Division (RaftServerImpl.java:logAppendEntries(1430)) - s6@group-04A534573A2A: receive appendEntries(s4, 1, (t:1, i:13), 13, true, commits:[s4:c13, s5:c12, s6:c12], cId:6040, entries: [(t:1, i:14), METADATAENTRY(c:13)]
2023-03-17 00:26:14,199 DEBUG server.RaftServer$Division (RaftServerImpl.java:logAppendEntries(1430)) - s5@group-04A534573A2A: receive appendEntries(s4, 1, (t:1, i:13), 13, true, commits:[s4:c13, s5:c12, s6:c12], cId:6041, entries: [(t:1, i:14), METADATAENTRY(c:13)]
2023-03-17 00:26:14,199 DEBUG server.RaftServer$Division (RaftServerImpl.java:logAppendEntries(1430)) - s6@group-04A534573A2A: succeeded to handle AppendEntries. Reply: s4<-s6#6040:OK-t1,SUCCESS,nextIndex=15,followerCommit=13,matchIndex=14
2023-03-17 00:26:14,200 DEBUG server.RaftServer$Division (RaftServerImpl.java:logAppendEntries(1430)) - s5@group-04A534573A2A: succeeded to handle AppendEntries. Reply: s4<-s5#6041:OK-t1,SUCCESS,nextIndex=15,followerCommit=13,matchIndex=14
2023-03-17 00:26:14,201 DEBUG server.RaftServer$Division (RaftServerImpl.java:submitClientRequestAsync(835)) - s4@group-04A534573A2A: receive client request(RaftClientRequest:client-E90C079F570D->s4@group-04A534573A2A, cid=6042, seq=0, RW, Message:0101620240a080000000...(size=12))
2023-03-17 00:26:14,210 DEBUG server.RaftServer$Division (LeaderStateImpl.java:addPendingRequest(474)) - s4@group-04A534573A2A-LeaderStateImpl: addPendingRequest at RaftClientRequest:client-E90C079F570D->s4@group-04A534573A2A, cid=6042, seq=0, RW, Message:0101620240a080000000...(size=12), entry=(t:1, i:15), STATEMACHINELOGENTRY, 6042@client-E90C079F570D
2023-03-17 00:26:14,211 DEBUG server.RaftServer$Division (RaftServerImpl.java:logAppendEntries(1430)) - s5@group-04A534573A2A: receive appendEntries(s4, 1, (t:1, i:14), 14, true, commits:[s4:c14, s5:c13, s6:c13], cId:6043, entries: [(t:1, i:15), STATEMACHINELOGENTRY, 6042@client-E90C079F570D]
2023-03-17 00:26:14,211 DEBUG server.RaftServer$Division (RaftServerImpl.java:logAppendEntries(1430)) - s6@group-04A534573A2A: receive appendEntries(s4, 1, (t:1, i:14), 14, true, commits:[s4:c14, s5:c13, s6:c13], cId:6044, entries: [(t:1, i:15), STATEMACHINELOGENTRY, 6042@client-E90C079F570D]
2023-03-17 00:26:14,211 DEBUG server.RaftServer$Division (RaftServerImpl.java:logAppendEntries(1430)) - s5@group-04A534573A2A: succeeded to handle AppendEntries. Reply: s4<-s5#6043:OK-t1,SUCCESS,nextIndex=16,followerCommit=14,matchIndex=15
2023-03-17 00:26:14,212 DEBUG server.RaftServer$Division (RaftServerImpl.java:logAppendEntries(1430)) - s6@group-04A534573A2A: succeeded to handle AppendEntries. Reply: s4<-s6#6044:OK-t1,SUCCESS,nextIndex=16,followerCommit=14,matchIndex=15
2023-03-17 00:26:14,212 INFO  statemachine.StateMachine (ArithmeticStateMachine.java:applyTransaction(182)) - LEADER:s4-15: b = 2112 = 2112
2023-03-17 00:26:14,213 DEBUG server.RaftServer$Division (RaftServerImpl.java:submitClientRequestAsync(835)) - s4@group-04A534573A2A: receive client request(RaftClientRequest:client-E90C079F570D->s4@group-04A534573A2A, cid=6046, seq=0, RW, Message:01016304010300040201...(size=17))
2023-03-17 00:26:14,213 DEBUG server.RaftServer$Division (RaftServerImpl.java:logAppendEntries(1430)) - s6@group-04A534573A2A: receive appendEntries(s4, 1, (t:1, i:15), 15, true, commits:[s4:c15, s5:c13, s6:c14], cId:6045, entries: [(t:1, i:16), METADATAENTRY(c:15)]
2023-03-17 00:26:14,213 DEBUG server.RaftServer$Division (LeaderStateImpl.java:addPendingRequest(474)) - s4@group-04A534573A2A-LeaderStateImpl: addPendingRequest at RaftClientRequest:client-E90C079F570D->s4@group-04A534573A2A, cid=6046, seq=0, RW, Message:01016304010300040201...(size=17), entry=(t:1, i:17), STATEMACHINELOGENTRY, 6046@client-E90C079F570D
2023-03-17 00:26:14,213 DEBUG server.RaftServer$Division (RaftServerImpl.java:logAppendEntries(1430)) - s5@group-04A534573A2A: receive appendEntries(s4, 1, (t:1, i:15), 15, true, commits:[s4:c15, s5:c14, s6:c14], cId:6047, entries: [(t:1, i:16), METADATAENTRY(c:15)]
2023-03-17 00:26:14,214 DEBUG server.RaftServer$Division (RaftServerImpl.java:logAppendEntries(1430)) - s6@group-04A534573A2A: succeeded to handle AppendEntries. Reply: s4<-s6#6045:OK-t1,SUCCESS,nextIndex=17,followerCommit=15,matchIndex=16
2023-03-17 00:26:14,214 DEBUG server.RaftServer$Division (RaftServerImpl.java:logAppendEntries(1430)) - s5@group-04A534573A2A: succeeded to handle AppendEntries. Reply: s4<-s5#6047:OK-t1,SUCCESS,nextIndex=17,followerCommit=15,matchIndex=16
2023-03-17 00:26:14,215 DEBUG server.RaftServer$Division (RaftServerImpl.java:logAppendEntries(1430)) - s6@group-04A534573A2A: receive appendEntries(s4, 1, (t:1, i:16), 15, true, commits:[s4:c15, s5:c14, s6:c15], cId:6048, entries: [(t:1, i:17), STATEMACHINELOGENTRY, 6046@client-E90C079F570D]
2023-03-17 00:26:14,216 DEBUG server.RaftServer$Division (RaftServerImpl.java:logAppendEntries(1430)) - s5@group-04A534573A2A: receive appendEntries(s4, 1, (t:1, i:16), 16, true, commits:[s4:c16, s5:c15, s6:c15], cId:6049, entries: [(t:1, i:17), STATEMACHINELOGENTRY, 6046@client-E90C079F570D]
2023-03-17 00:26:14,216 DEBUG server.RaftServer$Division (RaftServerImpl.java:logAppendEntries(1430)) - s6@group-04A534573A2A: succeeded to handle AppendEntries. Reply: s4<-s6#6048:OK-t1,SUCCESS,nextIndex=18,followerCommit=15,matchIndex=17
2023-03-17 00:26:14,216 DEBUG server.RaftServer$Division (RaftServerImpl.java:logAppendEntries(1430)) - s5@group-04A534573A2A: succeeded to handle AppendEntries. Reply: s4<-s5#6049:OK-t1,SUCCESS,nextIndex=18,followerCommit=16,matchIndex=17
2023-03-17 00:26:14,216 INFO  statemachine.StateMachine (ArithmeticStateMachine.java:applyTransaction(182)) - LEADER:s4-17: c = √(a^2 + b^2) = 2113
2023-03-17 00:26:14,217 DEBUG server.RaftServer$Division (RaftServerImpl.java:logAppendEntries(1430)) - s6@group-04A534573A2A: receive appendEntries(s4, 1, (t:1, i:17), 17, true, commits:[s4:c17, s5:c15, s6:c15], cId:6050, entries: [(t:1, i:18), METADATAENTRY(c:17)]
2023-03-17 00:26:14,217 DEBUG server.RaftServer$Division (RaftServerImpl.java:submitClientRequestAsync(835)) - s4@group-04A534573A2A: receive client request(RaftClientRequest:client-E90C079F570D->s4@group-04A534573A2A, cid=6051, seq=0, RW, Message:01016100)
2023-03-17 00:26:14,217 DEBUG server.RaftServer$Division (LeaderStateImpl.java:addPendingRequest(474)) - s4@group-04A534573A2A-LeaderStateImpl: addPendingRequest at RaftClientRequest:client-E90C079F570D->s4@group-04A534573A2A, cid=6051, seq=0, RW, Message:01016100, entry=(t:1, i:19), STATEMACHINELOGENTRY, 6051@client-E90C079F570D
2023-03-17 00:26:14,217 DEBUG server.RaftServer$Division (RaftServerImpl.java:logAppendEntries(1430)) - s6@group-04A534573A2A: succeeded to handle AppendEntries. Reply: s4<-s6#6050:OK-t1,SUCCESS,nextIndex=19,followerCommit=17,matchIndex=18
2023-03-17 00:26:14,218 DEBUG server.RaftServer$Division (RaftServerImpl.java:logAppendEntries(1430)) - s5@group-04A534573A2A: receive appendEntries(s4, 1, (t:1, i:17), 17, true, commits:[s4:c17, s5:c16, s6:c15], cId:6052, entries: [(t:1, i:18), METADATAENTRY(c:17), (t:1, i:19), STATEMACHINELOGENTRY, 6051@client-E90C079F570D]
2023-03-17 00:26:14,219 DEBUG server.RaftServer$Division (RaftServerImpl.java:logAppendEntries(1430)) - s5@group-04A534573A2A: succeeded to handle AppendEntries. Reply: s4<-s5#6052:OK-t1,SUCCESS,nextIndex=20,followerCommit=17,matchIndex=19
2023-03-17 00:26:14,219 DEBUG server.RaftServer$Division (RaftServerImpl.java:logAppendEntries(1430)) - s6@group-04A534573A2A: receive appendEntries(s4, 1, (t:1, i:18), 17, true, commits:[s4:c17, s5:c16, s6:c17], cId:6053, entries: [(t:1, i:19), STATEMACHINELOGENTRY, 6051@client-E90C079F570D]
2023-03-17 00:26:14,219 INFO  statemachine.StateMachine (ArithmeticStateMachine.java:applyTransaction(182)) - LEADER:s4-19: a = null = null
2023-03-17 00:26:14,220 DEBUG server.RaftServer$Division (RaftServerImpl.java:logAppendEntries(1430)) - s6@group-04A534573A2A: succeeded to handle AppendEntries. Reply: s4<-s6#6053:OK-t1,SUCCESS,nextIndex=20,followerCommit=17,matchIndex=19
2023-03-17 00:26:14,220 DEBUG server.RaftServer$Division (RaftServerImpl.java:logAppendEntries(1430)) - s5@group-04A534573A2A: receive appendEntries(s4, 1, (t:1, i:19), 19, true, commits:[s4:c19, s5:c17, s6:c17], cId:6054, entries: [(t:1, i:20), METADATAENTRY(c:19)]
2023-03-17 00:26:14,220 DEBUG server.RaftServer$Division (RaftServerImpl.java:submitClientRequestAsync(835)) - s4@group-04A534573A2A: receive client request(RaftClientRequest:client-E90C079F570D->s4@group-04A534573A2A, cid=6055, seq=0, RW, Message:01016200)
2023-03-17 00:26:14,220 DEBUG server.RaftServer$Division (LeaderStateImpl.java:addPendingRequest(474)) - s4@group-04A534573A2A-LeaderStateImpl: addPendingRequest at RaftClientRequest:client-E90C079F570D->s4@group-04A534573A2A, cid=6055, seq=0, RW, Message:01016200, entry=(t:1, i:21), STATEMACHINELOGENTRY, 6055@client-E90C079F570D
2023-03-17 00:26:14,221 DEBUG server.RaftServer$Division (RaftServerImpl.java:logAppendEntries(1430)) - s5@group-04A534573A2A: succeeded to handle AppendEntries. Reply: s4<-s5#6054:OK-t1,SUCCESS,nextIndex=21,followerCommit=19,matchIndex=20
2023-03-17 00:26:14,221 DEBUG server.RaftServer$Division (RaftServerImpl.java:logAppendEntries(1430)) - s6@group-04A534573A2A: receive appendEntries(s4, 1, (t:1, i:19), 19, true, commits:[s4:c19, s5:c17, s6:c17], cId:6056, entries: [(t:1, i:20), METADATAENTRY(c:19), (t:1, i:21), STATEMACHINELOGENTRY, 6055@client-E90C079F570D]
2023-03-17 00:26:14,222 DEBUG server.RaftServer$Division (RaftServerImpl.java:logAppendEntries(1430)) - s5@group-04A534573A2A: receive appendEntries(s4, 1, (t:1, i:20), 20, true, commits:[s4:c20, s5:c19, s6:c17], cId:6057, entries: [(t:1, i:21), STATEMACHINELOGENTRY, 6055@client-E90C079F570D]
2023-03-17 00:26:14,223 DEBUG server.RaftServer$Division (RaftServerImpl.java:logAppendEntries(1430)) - s5@group-04A534573A2A: succeeded to handle AppendEntries. Reply: s4<-s5#6057:OK-t1,SUCCESS,nextIndex=22,followerCommit=20,matchIndex=21
2023-03-17 00:26:14,223 INFO  statemachine.StateMachine (ArithmeticStateMachine.java:applyTransaction(182)) - LEADER:s4-21: b = null = null
2023-03-17 00:26:14,224 DEBUG server.RaftServer$Division (RaftServerImpl.java:logAppendEntries(1430)) - s6@group-04A534573A2A: succeeded to handle AppendEntries. Reply: s4<-s6#6056:OK-t1,SUCCESS,nextIndex=22,followerCommit=19,matchIndex=21
2023-03-17 00:26:14,224 DEBUG server.RaftServer$Division (RaftServerImpl.java:submitClientRequestAsync(835)) - s4@group-04A534573A2A: receive client request(RaftClientRequest:client-E90C079F570D->s4@group-04A534573A2A, cid=6058, seq=0, RW, Message:01016300)
2023-03-17 00:26:14,224 DEBUG server.RaftServer$Division (LeaderStateImpl.java:addPendingRequest(474)) - s4@group-04A534573A2A-LeaderStateImpl: addPendingRequest at RaftClientRequest:client-E90C079F570D->s4@group-04A534573A2A, cid=6058, seq=0, RW, Message:01016300, entry=(t:1, i:23), STATEMACHINELOGENTRY, 6058@client-E90C079F570D
2023-03-17 00:26:14,224 DEBUG server.RaftServer$Division (RaftServerImpl.java:logAppendEntries(1430)) - s5@group-04A534573A2A: receive appendEntries(s4, 1, (t:1, i:21), 21, true, commits:[s4:c21, s5:c20, s6:c17], cId:6059, entries: [(t:1, i:22), METADATAENTRY(c:21)]
2023-03-17 00:26:14,225 DEBUG server.RaftServer$Division (RaftServerImpl.java:logAppendEntries(1430)) - s6@group-04A534573A2A: receive appendEntries(s4, 1, (t:1, i:21), 21, true, commits:[s4:c21, s5:c20, s6:c19], cId:6060, entries: [(t:1, i:22), METADATAENTRY(c:21), (t:1, i:23), STATEMACHINELOGENTRY, 6058@client-E90C079F570D]
2023-03-17 00:26:14,226 DEBUG server.RaftServer$Division (RaftServerImpl.java:logAppendEntries(1430)) - s5@group-04A534573A2A: succeeded to handle AppendEntries. Reply: s4<-s5#6059:OK-t1,SUCCESS,nextIndex=23,followerCommit=21,matchIndex=22
2023-03-17 00:26:14,227 DEBUG server.RaftServer$Division (RaftServerImpl.java:logAppendEntries(1430)) - s5@group-04A534573A2A: receive appendEntries(s4, 1, (t:1, i:22), 21, true, commits:[s4:c21, s5:c21, s6:c19], cId:6061, entries: [(t:1, i:23), STATEMACHINELOGENTRY, 6058@client-E90C079F570D]
2023-03-17 00:26:14,227 DEBUG server.RaftServer$Division (RaftServerImpl.java:logAppendEntries(1430)) - s6@group-04A534573A2A: succeeded to handle AppendEntries. Reply: s4<-s6#6060:OK-t1,SUCCESS,nextIndex=24,followerCommit=21,matchIndex=23
2023-03-17 00:26:14,228 DEBUG server.RaftServer$Division (RaftServerImpl.java:logAppendEntries(1430)) - s5@group-04A534573A2A: succeeded to handle AppendEntries. Reply: s4<-s5#6061:OK-t1,SUCCESS,nextIndex=24,followerCommit=21,matchIndex=23
2023-03-17 00:26:14,228 INFO  statemachine.StateMachine (ArithmeticStateMachine.java:applyTransaction(182)) - LEADER:s4-23: c = null = null
2023-03-17 00:26:14,229 DEBUG server.RaftServer$Division (RaftServerImpl.java:logAppendEntries(1430)) - s6@group-04A534573A2A: receive appendEntries(s4, 1, (t:1, i:23), 23, true, commits:[s4:c23, s5:c21, s6:c21], cId:6062, entries: [(t:1, i:24), METADATAENTRY(c:23)]
2023-03-17 00:26:14,229 DEBUG server.RaftServer$Division (RaftServerImpl.java:submitClientRequestAsync(835)) - s4@group-04A534573A2A: receive client request(RaftClientRequest:client-E90C079F570D->s4@group-04A534573A2A, cid=6063, seq=0, RW, Message:010161024050c0000000...(size=12))
2023-03-17 00:26:14,229 DEBUG server.RaftServer$Division (LeaderStateImpl.java:addPendingRequest(474)) - s4@group-04A534573A2A-LeaderStateImpl: addPendingRequest at RaftClientRequest:client-E90C079F570D->s4@group-04A534573A2A, cid=6063, seq=0, RW, Message:010161024050c0000000...(size=12), entry=(t:1, i:25), STATEMACHINELOGENTRY, 6063@client-E90C079F570D
2023-03-17 00:26:14,230 DEBUG server.RaftServer$Division (RaftServerImpl.java:logAppendEntries(1430)) - s6@group-04A534573A2A: succeeded to handle AppendEntries. Reply: s4<-s6#6062:OK-t1,SUCCESS,nextIndex=25,followerCommit=23,matchIndex=24
2023-03-17 00:26:14,230 DEBUG server.RaftServer$Division (RaftServerImpl.java:logAppendEntries(1430)) - s5@group-04A534573A2A: receive appendEntries(s4, 1, (t:1, i:23), 23, true, commits:[s4:c23, s5:c21, s6:c21], cId:6064, entries: [(t:1, i:24), METADATAENTRY(c:23)]
2023-03-17 00:26:14,231 DEBUG server.RaftServer$Division (RaftServerImpl.java:logAppendEntries(1430)) - s6@group-04A534573A2A: receive appendEntries(s4, 1, (t:1, i:24), 23, true, commits:[s4:c23, s5:c21, s6:c23], cId:6065, entries: [(t:1, i:25), STATEMACHINELOGENTRY, 6063@client-E90C079F570D]
2023-03-17 00:26:14,231 DEBUG server.RaftServer$Division (RaftServerImpl.java:logAppendEntries(1430)) - s5@group-04A534573A2A: succeeded to handle AppendEntries. Reply: s4<-s5#6064:OK-t1,SUCCESS,nextIndex=25,followerCommit=23,matchIndex=24
2023-03-17 00:26:14,231 DEBUG server.RaftServer$Division (RaftServerImpl.java:logAppendEntries(1430)) - s5@group-04A534573A2A: receive appendEntries(s4, 1, (t:1, i:24), 24, true, commits:[s4:c24, s5:c23, s6:c23], cId:6066, entries: [(t:1, i:25), STATEMACHINELOGENTRY, 6063@client-E90C079F570D]
2023-03-17 00:26:14,232 DEBUG server.RaftServer$Division (RaftServerImpl.java:logAppendEntries(1430)) - s6@group-04A534573A2A: succeeded to handle AppendEntries. Reply: s4<-s6#6065:OK-t1,SUCCESS,nextIndex=26,followerCommit=23,matchIndex=25
2023-03-17 00:26:14,232 DEBUG server.RaftServer$Division (RaftServerImpl.java:logAppendEntries(1430)) - s5@group-04A534573A2A: succeeded to handle AppendEntries. Reply: s4<-s5#6066:OK-t1,SUCCESS,nextIndex=26,followerCommit=24,matchIndex=25
2023-03-17 00:26:14,232 INFO  statemachine.StateMachine (ArithmeticStateMachine.java:applyTransaction(182)) - LEADER:s4-25: a = 67 = 67
2023-03-17 00:26:14,233 DEBUG server.RaftServer$Division (RaftServerImpl.java:submitClientRequestAsync(835)) - s4@group-04A534573A2A: receive client request(RaftClientRequest:client-E90C079F570D->s4@group-04A534573A2A, cid=6068, seq=0, RW, Message:0101620240a188000000...(size=12))
2023-03-17 00:26:14,233 DEBUG server.RaftServer$Division (LeaderStateImpl.java:addPendingRequest(474)) - s4@group-04A534573A2A-LeaderStateImpl: addPendingRequest at RaftClientRequest:client-E90C079F570D->s4@group-04A534573A2A, cid=6068, seq=0, RW, Message:0101620240a188000000...(size=12), entry=(t:1, i:27), STATEMACHINELOGENTRY, 6068@client-E90C079F570D
2023-03-17 00:26:14,234 DEBUG server.RaftServer$Division (RaftServerImpl.java:logAppendEntries(1430)) - s5@group-04A534573A2A: receive appendEntries(s4, 1, (t:1, i:25), 25, true, commits:[s4:c25, s5:c24, s6:c23], cId:6069, entries: [(t:1, i:26), METADATAENTRY(c:25)]
2023-03-17 00:26:14,233 DEBUG server.RaftServer$Division (RaftServerImpl.java:logAppendEntries(1430)) - s6@group-04A534573A2A: receive appendEntries(s4, 1, (t:1, i:25), 25, true, commits:[s4:c25, s5:c23, s6:c23], cId:6067, entries: [(t:1, i:26), METADATAENTRY(c:25)]
2023-03-17 00:26:14,234 DEBUG server.RaftServer$Division (RaftServerImpl.java:logAppendEntries(1430)) - s6@group-04A534573A2A: succeeded to handle AppendEntries. Reply: s4<-s6#6067:OK-t1,SUCCESS,nextIndex=27,followerCommit=25,matchIndex=26
2023-03-17 00:26:14,235 DEBUG server.RaftServer$Division (RaftServerImpl.java:logAppendEntries(1430)) - s6@group-04A534573A2A: receive appendEntries(s4, 1, (t:1, i:26), 25, true, commits:[s4:c25, s5:c24, s6:c25], cId:6070, entries: [(t:1, i:27), STATEMACHINELOGENTRY, 6068@client-E90C079F570D]
2023-03-17 00:26:14,235 DEBUG server.RaftServer$Division (RaftServerImpl.java:logAppendEntries(1430)) - s5@group-04A534573A2A: succeeded to handle AppendEntries. Reply: s4<-s5#6069:OK-t1,SUCCESS,nextIndex=27,followerCommit=25,matchIndex=26
2023-03-17 00:26:14,236 DEBUG server.RaftServer$Division (RaftServerImpl.java:logAppendEntries(1430)) - s5@group-04A534573A2A: receive appendEntries(s4, 1, (t:1, i:26), 26, true, commits:[s4:c26, s5:c25, s6:c25], cId:6071, entries: [(t:1, i:27), STATEMACHINELOGENTRY, 6068@client-E90C079F570D]
2023-03-17 00:26:14,236 DEBUG server.RaftServer$Division (RaftServerImpl.java:logAppendEntries(1430)) - s6@group-04A534573A2A: succeeded to handle AppendEntries. Reply: s4<-s6#6070:OK-t1,SUCCESS,nextIndex=28,followerCommit=25,matchIndex=27
2023-03-17 00:26:14,237 INFO  statemachine.StateMachine (ArithmeticStateMachine.java:applyTransaction(182)) - LEADER:s4-27: b = 2244 = 2244
2023-03-17 00:26:14,237 DEBUG server.RaftServer$Division (RaftServerImpl.java:logAppendEntries(1430)) - s5@group-04A534573A2A: succeeded to handle AppendEntries. Reply: s4<-s5#6071:OK-t1,SUCCESS,nextIndex=28,followerCommit=26,matchIndex=27
2023-03-17 00:26:14,238 DEBUG server.RaftServer$Division (RaftServerImpl.java:logAppendEntries(1430)) - s6@group-04A534573A2A: receive appendEntries(s4, 1, (t:1, i:27), 27, true, commits:[s4:c27, s5:c25, s6:c25], cId:6072, entries: [(t:1, i:28), METADATAENTRY(c:27)]
2023-03-17 00:26:14,238 DEBUG server.RaftServer$Division (RaftServerImpl.java:submitClientRequestAsync(835)) - s4@group-04A534573A2A: receive client request(RaftClientRequest:client-E90C079F570D->s4@group-04A534573A2A, cid=6073, seq=0, RW, Message:01016304010300040201...(size=17))
2023-03-17 00:26:14,238 DEBUG server.RaftServer$Division (LeaderStateImpl.java:addPendingRequest(474)) - s4@group-04A534573A2A-LeaderStateImpl: addPendingRequest at RaftClientRequest:client-E90C079F570D->s4@group-04A534573A2A, cid=6073, seq=0, RW, Message:01016304010300040201...(size=17), entry=(t:1, i:29), STATEMACHINELOGENTRY, 6073@client-E90C079F570D
2023-03-17 00:26:14,239 DEBUG server.RaftServer$Division (RaftServerImpl.java:logAppendEntries(1430)) - s6@group-04A534573A2A: succeeded to handle AppendEntries. Reply: s4<-s6#6072:OK-t1,SUCCESS,nextIndex=29,followerCommit=27,matchIndex=28
2023-03-17 00:26:14,239 DEBUG server.RaftServer$Division (RaftServerImpl.java:logAppendEntries(1430)) - s5@group-04A534573A2A: receive appendEntries(s4, 1, (t:1, i:27), 27, true, commits:[s4:c27, s5:c26, s6:c25], cId:6074, entries: [(t:1, i:28), METADATAENTRY(c:27)]
2023-03-17 00:26:14,239 DEBUG server.RaftServer$Division (RaftServerImpl.java:logAppendEntries(1430)) - s6@group-04A534573A2A: receive appendEntries(s4, 1, (t:1, i:28), 27, true, commits:[s4:c27, s5:c26, s6:c27], cId:6075, entries: [(t:1, i:29), STATEMACHINELOGENTRY, 6073@client-E90C079F570D]
2023-03-17 00:26:14,240 DEBUG server.RaftServer$Division (RaftServerImpl.java:logAppendEntries(1430)) - s5@group-04A534573A2A: succeeded to handle AppendEntries. Reply: s4<-s5#6074:OK-t1,SUCCESS,nextIndex=29,followerCommit=27,matchIndex=28
2023-03-17 00:26:14,241 DEBUG server.RaftServer$Division (RaftServerImpl.java:logAppendEntries(1430)) - s5@group-04A534573A2A: receive appendEntries(s4, 1, (t:1, i:28), 28, true, commits:[s4:c28, s5:c27, s6:c27], cId:6076, entries: [(t:1, i:29), STATEMACHINELOGENTRY, 6073@client-E90C079F570D]
2023-03-17 00:26:14,241 DEBUG server.RaftServer$Division (RaftServerImpl.java:logAppendEntries(1430)) - s6@group-04A534573A2A: succeeded to handle AppendEntries. Reply: s4<-s6#6075:OK-t1,SUCCESS,nextIndex=30,followerCommit=27,matchIndex=29
2023-03-17 00:26:14,242 INFO  statemachine.StateMachine (ArithmeticStateMachine.java:applyTransaction(182)) - LEADER:s4-29: c = √(a^2 + b^2) = 2245
2023-03-17 00:26:14,242 DEBUG server.RaftServer$Division (RaftServerImpl.java:logAppendEntries(1430)) - s6@group-04A534573A2A: receive appendEntries(s4, 1, (t:1, i:29), 29, true, commits:[s4:c29, s5:c27, s6:c27], cId:6077, entries: [(t:1, i:30), METADATAENTRY(c:29)]
2023-03-17 00:26:14,242 DEBUG server.RaftServer$Division (RaftServerImpl.java:logAppendEntries(1430)) - s5@group-04A534573A2A: succeeded to handle AppendEntries. Reply: s4<-s5#6076:OK-t1,SUCCESS,nextIndex=30,followerCommit=28,matchIndex=29
2023-03-17 00:26:14,242 DEBUG server.RaftServer$Division (RaftServerImpl.java:submitClientRequestAsync(835)) - s4@group-04A534573A2A: receive client request(RaftClientRequest:client-E90C079F570D->s4@group-04A534573A2A, cid=6078, seq=0, RW, Message:01016100)
2023-03-17 00:26:14,243 DEBUG server.RaftServer$Division (LeaderStateImpl.java:addPendingRequest(474)) - s4@group-04A534573A2A-LeaderStateImpl: addPendingRequest at RaftClientRequest:client-E90C079F570D->s4@group-04A534573A2A, cid=6078, seq=0, RW, Message:01016100, entry=(t:1, i:31), STATEMACHINELOGENTRY, 6078@client-E90C079F570D
2023-03-17 00:26:14,244 DEBUG server.RaftServer$Division (RaftServerImpl.java:logAppendEntries(1430)) - s5@group-04A534573A2A: receive appendEntries(s4, 1, (t:1, i:29), 29, true, commits:[s4:c29, s5:c28, s6:c27], cId:6079, entries: [(t:1, i:30), METADATAENTRY(c:29), (t:1, i:31), STATEMACHINELOGENTRY, 6078@client-E90C079F570D]
2023-03-17 00:26:14,244 DEBUG server.RaftServer$Division (RaftServerImpl.java:logAppendEntries(1430)) - s6@group-04A534573A2A: succeeded to handle AppendEntries. Reply: s4<-s6#6077:OK-t1,SUCCESS,nextIndex=31,followerCommit=29,matchIndex=30
2023-03-17 00:26:14,245 DEBUG server.RaftServer$Division (RaftServerImpl.java:logAppendEntries(1430)) - s5@group-04A534573A2A: succeeded to handle AppendEntries. Reply: s4<-s5#6079:OK-t1,SUCCESS,nextIndex=32,followerCommit=29,matchIndex=31
2023-03-17 00:26:14,245 INFO  statemachine.StateMachine (ArithmeticStateMachine.java:applyTransaction(182)) - LEADER:s4-31: a = null = null
2023-03-17 00:26:14,246 DEBUG server.RaftServer$Division (RaftServerImpl.java:submitClientRequestAsync(835)) - s4@group-04A534573A2A: receive client request(RaftClientRequest:client-E90C079F570D->s4@group-04A534573A2A, cid=6081, seq=0, RW, Message:01016200)
2023-03-17 00:26:14,246 DEBUG server.RaftServer$Division (LeaderStateImpl.java:addPendingRequest(474)) - s4@group-04A534573A2A-LeaderStateImpl: addPendingRequest at RaftClientRequest:client-E90C079F570D->s4@group-04A534573A2A, cid=6081, seq=0, RW, Message:01016200, entry=(t:1, i:33), STATEMACHINELOGENTRY, 6081@client-E90C079F570D
2023-03-17 00:26:14,246 DEBUG server.RaftServer$Division (RaftServerImpl.java:logAppendEntries(1430)) - s5@group-04A534573A2A: receive appendEntries(s4, 1, (t:1, i:31), 31, true, commits:[s4:c31, s5:c29, s6:c27], cId:6080, entries: [(t:1, i:32), METADATAENTRY(c:31)]
2023-03-17 00:26:14,247 DEBUG server.RaftServer$Division (RaftServerImpl.java:logAppendEntries(1430)) - s6@group-04A534573A2A: receive appendEntries(s4, 1, (t:1, i:30), 31, true, commits:[s4:c31, s5:c29, s6:c29], cId:6082, entries: [(t:1, i:31), STATEMACHINELOGENTRY, 6078@client-E90C079F570D, (t:1, i:32), METADATAENTRY(c:31)]
2023-03-17 00:26:14,250 DEBUG server.RaftServer$Division (RaftServerImpl.java:logAppendEntries(1430)) - s5@group-04A534573A2A: succeeded to handle AppendEntries. Reply: s4<-s5#6080:OK-t1,SUCCESS,nextIndex=33,followerCommit=31,matchIndex=32
2023-03-17 00:26:14,251 DEBUG server.RaftServer$Division (RaftServerImpl.java:logAppendEntries(1430)) - s6@group-04A534573A2A: succeeded to handle AppendEntries. Reply: s4<-s6#6082:OK-t1,SUCCESS,nextIndex=33,followerCommit=31,matchIndex=32
2023-03-17 00:26:14,252 DEBUG server.RaftServer$Division (RaftServerImpl.java:logAppendEntries(1430)) - s6@group-04A534573A2A: receive appendEntries(s4, 1, (t:1, i:32), 32, true, commits:[s4:c32, s5:c31, s6:c31], cId:6084, entries: [(t:1, i:33), STATEMACHINELOGENTRY, 6081@client-E90C079F570D]
2023-03-17 00:26:14,252 DEBUG server.RaftServer$Division (RaftServerImpl.java:logAppendEntries(1430)) - s5@group-04A534573A2A: receive appendEntries(s4, 1, (t:1, i:32), 31, true, commits:[s4:c31, s5:c31, s6:c29], cId:6083, entries: [(t:1, i:33), STATEMACHINELOGENTRY, 6081@client-E90C079F570D]
2023-03-17 00:26:14,253 DEBUG server.RaftServer$Division (RaftServerImpl.java:logAppendEntries(1430)) - s6@group-04A534573A2A: succeeded to handle AppendEntries. Reply: s4<-s6#6084:OK-t1,SUCCESS,nextIndex=34,followerCommit=32,matchIndex=33
2023-03-17 00:26:14,253 DEBUG server.RaftServer$Division (RaftServerImpl.java:logAppendEntries(1430)) - s5@group-04A534573A2A: succeeded to handle AppendEntries. Reply: s4<-s5#6083:OK-t1,SUCCESS,nextIndex=34,followerCommit=31,matchIndex=33
2023-03-17 00:26:14,253 INFO  statemachine.StateMachine (ArithmeticStateMachine.java:applyTransaction(182)) - LEADER:s4-33: b = null = null
2023-03-17 00:26:14,254 DEBUG server.RaftServer$Division (RaftServerImpl.java:logAppendEntries(1430)) - s6@group-04A534573A2A: receive appendEntries(s4, 1, (t:1, i:33), 33, true, commits:[s4:c33, s5:c31, s6:c32], cId:6085, entries: [(t:1, i:34), METADATAENTRY(c:33)]
2023-03-17 00:26:14,254 DEBUG server.RaftServer$Division (RaftServerImpl.java:submitClientRequestAsync(835)) - s4@group-04A534573A2A: receive client request(RaftClientRequest:client-E90C079F570D->s4@group-04A534573A2A, cid=6086, seq=0, RW, Message:01016300)
2023-03-17 00:26:14,254 DEBUG server.RaftServer$Division (LeaderStateImpl.java:addPendingRequest(474)) - s4@group-04A534573A2A-LeaderStateImpl: addPendingRequest at RaftClientRequest:client-E90C079F570D->s4@group-04A534573A2A, cid=6086, seq=0, RW, Message:01016300, entry=(t:1, i:35), STATEMACHINELOGENTRY, 6086@client-E90C079F570D
2023-03-17 00:26:14,255 DEBUG server.RaftServer$Division (RaftServerImpl.java:logAppendEntries(1430)) - s6@group-04A534573A2A: succeeded to handle AppendEntries. Reply: s4<-s6#6085:OK-t1,SUCCESS,nextIndex=35,followerCommit=33,matchIndex=34
2023-03-17 00:26:14,255 DEBUG server.RaftServer$Division (RaftServerImpl.java:logAppendEntries(1430)) - s5@group-04A534573A2A: receive appendEntries(s4, 1, (t:1, i:33), 33, true, commits:[s4:c33, s5:c31, s6:c32], cId:6087, entries: [(t:1, i:34), METADATAENTRY(c:33)]
2023-03-17 00:26:14,256 DEBUG server.RaftServer$Division (RaftServerImpl.java:logAppendEntries(1430)) - s6@group-04A534573A2A: receive appendEntries(s4, 1, (t:1, i:34), 33, true, commits:[s4:c33, s5:c31, s6:c33], cId:6088, entries: [(t:1, i:35), STATEMACHINELOGENTRY, 6086@client-E90C079F570D]
2023-03-17 00:26:14,256 DEBUG server.RaftServer$Division (RaftServerImpl.java:logAppendEntries(1430)) - s5@group-04A534573A2A: succeeded to handle AppendEntries. Reply: s4<-s5#6087:OK-t1,SUCCESS,nextIndex=35,followerCommit=33,matchIndex=34
2023-03-17 00:26:14,257 DEBUG server.RaftServer$Division (RaftServerImpl.java:logAppendEntries(1430)) - s5@group-04A534573A2A: receive appendEntries(s4, 1, (t:1, i:34), 34, true, commits:[s4:c34, s5:c33, s6:c33], cId:6089, entries: [(t:1, i:35), STATEMACHINELOGENTRY, 6086@client-E90C079F570D]
2023-03-17 00:26:14,257 DEBUG server.RaftServer$Division (RaftServerImpl.java:logAppendEntries(1430)) - s6@group-04A534573A2A: succeeded to handle AppendEntries. Reply: s4<-s6#6088:OK-t1,SUCCESS,nextIndex=36,followerCommit=33,matchIndex=35
2023-03-17 00:26:14,257 DEBUG server.RaftServer$Division (RaftServerImpl.java:logAppendEntries(1430)) - s5@group-04A534573A2A: succeeded to handle AppendEntries. Reply: s4<-s5#6089:OK-t1,SUCCESS,nextIndex=36,followerCommit=34,matchIndex=35
2023-03-17 00:26:14,258 INFO  statemachine.StateMachine (ArithmeticStateMachine.java:applyTransaction(182)) - LEADER:s4-35: c = null = null
2023-03-17 00:26:14,259 DEBUG server.RaftServer$Division (RaftServerImpl.java:submitClientRequestAsync(835)) - s4@group-04A534573A2A: receive client request(RaftClientRequest:client-E90C079F570D->s4@group-04A534573A2A, cid=6091, seq=0, RW, Message:01016102405140000000...(size=12))
2023-03-17 00:26:14,259 DEBUG server.RaftServer$Division (LeaderStateImpl.java:addPendingRequest(474)) - s4@group-04A534573A2A-LeaderStateImpl: addPendingRequest at RaftClientRequest:client-E90C079F570D->s4@group-04A534573A2A, cid=6091, seq=0, RW, Message:01016102405140000000...(size=12), entry=(t:1, i:37), STATEMACHINELOGENTRY, 6091@client-E90C079F570D
2023-03-17 00:26:14,259 DEBUG server.RaftServer$Division (RaftServerImpl.java:logAppendEntries(1430)) - s5@group-04A534573A2A: receive appendEntries(s4, 1, (t:1, i:35), 35, true, commits:[s4:c35, s5:c34, s6:c33], cId:6092, entries: [(t:1, i:36), METADATAENTRY(c:35)]
2023-03-17 00:26:14,259 DEBUG server.RaftServer$Division (RaftServerImpl.java:logAppendEntries(1430)) - s6@group-04A534573A2A: receive appendEntries(s4, 1, (t:1, i:35), 35, true, commits:[s4:c35, s5:c33, s6:c33], cId:6090, entries: [(t:1, i:36), METADATAENTRY(c:35)]
2023-03-17 00:26:14,260 DEBUG server.RaftServer$Division (RaftServerImpl.java:logAppendEntries(1430)) - s5@group-04A534573A2A: succeeded to handle AppendEntries. Reply: s4<-s5#6092:OK-t1,SUCCESS,nextIndex=37,followerCommit=35,matchIndex=36
2023-03-17 00:26:14,260 DEBUG server.RaftServer$Division (RaftServerImpl.java:logAppendEntries(1430)) - s6@group-04A534573A2A: succeeded to handle AppendEntries. Reply: s4<-s6#6090:OK-t1,SUCCESS,nextIndex=37,followerCommit=35,matchIndex=36
2023-03-17 00:26:14,261 DEBUG server.RaftServer$Division (RaftServerImpl.java:logAppendEntries(1430)) - s6@group-04A534573A2A: receive appendEntries(s4, 1, (t:1, i:36), 36, true, commits:[s4:c36, s5:c35, s6:c35], cId:6094, entries: [(t:1, i:37), STATEMACHINELOGENTRY, 6091@client-E90C079F570D]
2023-03-17 00:26:14,261 DEBUG server.RaftServer$Division (RaftServerImpl.java:logAppendEntries(1430)) - s5@group-04A534573A2A: receive appendEntries(s4, 1, (t:1, i:36), 36, true, commits:[s4:c36, s5:c35, s6:c33], cId:6093, entries: [(t:1, i:37), STATEMACHINELOGENTRY, 6091@client-E90C079F570D]
2023-03-17 00:26:14,262 DEBUG server.RaftServer$Division (RaftServerImpl.java:logAppendEntries(1430)) - s6@group-04A534573A2A: succeeded to handle AppendEntries. Reply: s4<-s6#6094:OK-t1,SUCCESS,nextIndex=38,followerCommit=36,matchIndex=37
2023-03-17 00:26:14,262 DEBUG server.RaftServer$Division (RaftServerImpl.java:logAppendEntries(1430)) - s5@group-04A534573A2A: succeeded to handle AppendEntries. Reply: s4<-s5#6093:OK-t1,SUCCESS,nextIndex=38,followerCommit=36,matchIndex=37
2023-03-17 00:26:14,262 INFO  statemachine.StateMachine (ArithmeticStateMachine.java:applyTransaction(182)) - LEADER:s4-37: a = 69 = 69
2023-03-17 00:26:14,263 DEBUG server.RaftServer$Division (RaftServerImpl.java:logAppendEntries(1430)) - s5@group-04A534573A2A: receive appendEntries(s4, 1, (t:1, i:37), 37, true, commits:[s4:c37, s5:c36, s6:c35], cId:6095, entries: [(t:1, i:38), METADATAENTRY(c:37)]
2023-03-17 00:26:14,263 DEBUG server.RaftServer$Division (RaftServerImpl.java:logAppendEntries(1430)) - s6@group-04A534573A2A: receive appendEntries(s4, 1, (t:1, i:37), 37, true, commits:[s4:c37, s5:c36, s6:c36], cId:6097, entries: [(t:1, i:38), METADATAENTRY(c:37)]
2023-03-17 00:26:14,263 DEBUG server.RaftServer$Division (RaftServerImpl.java:submitClientRequestAsync(835)) - s4@group-04A534573A2A: receive client request(RaftClientRequest:client-E90C079F570D->s4@group-04A534573A2A, cid=6096, seq=0, RW, Message:0101620240a298000000...(size=12))
2023-03-17 00:26:14,264 DEBUG server.RaftServer$Division (LeaderStateImpl.java:addPendingRequest(474)) - s4@group-04A534573A2A-LeaderStateImpl: addPendingRequest at RaftClientRequest:client-E90C079F570D->s4@group-04A534573A2A, cid=6096, seq=0, RW, Message:0101620240a298000000...(size=12), entry=(t:1, i:39), STATEMACHINELOGENTRY, 6096@client-E90C079F570D
2023-03-17 00:26:14,264 DEBUG server.RaftServer$Division (RaftServerImpl.java:logAppendEntries(1430)) - s5@group-04A534573A2A: succeeded to handle AppendEntries. Reply: s4<-s5#6095:OK-t1,SUCCESS,nextIndex=39,followerCommit=37,matchIndex=38
2023-03-17 00:26:14,265 DEBUG server.RaftServer$Division (RaftServerImpl.java:logAppendEntries(1430)) - s5@group-04A534573A2A: receive appendEntries(s4, 1, (t:1, i:38), 37, true, commits:[s4:c37, s5:c37, s6:c36], cId:6098, entries: [(t:1, i:39), STATEMACHINELOGENTRY, 6096@client-E90C079F570D]
2023-03-17 00:26:14,265 DEBUG server.RaftServer$Division (RaftServerImpl.java:logAppendEntries(1430)) - s6@group-04A534573A2A: succeeded to handle AppendEntries. Reply: s4<-s6#6097:OK-t1,SUCCESS,nextIndex=39,followerCommit=37,matchIndex=38
2023-03-17 00:26:14,265 DEBUG server.RaftServer$Division (RaftServerImpl.java:logAppendEntries(1430)) - s5@group-04A534573A2A: succeeded to handle AppendEntries. Reply: s4<-s5#6098:OK-t1,SUCCESS,nextIndex=40,followerCommit=37,matchIndex=39
2023-03-17 00:26:14,266 DEBUG server.RaftServer$Division (RaftServerImpl.java:logAppendEntries(1430)) - s6@group-04A534573A2A: receive appendEntries(s4, 1, (t:1, i:38), 38, true, commits:[s4:c38, s5:c37, s6:c37], cId:6099, entries: [(t:1, i:39), STATEMACHINELOGENTRY, 6096@client-E90C079F570D]
2023-03-17 00:26:14,266 INFO  statemachine.StateMachine (ArithmeticStateMachine.java:applyTransaction(182)) - LEADER:s4-39: b = 2380 = 2380
2023-03-17 00:26:14,267 DEBUG server.RaftServer$Division (RaftServerImpl.java:logAppendEntries(1430)) - s6@group-04A534573A2A: succeeded to handle AppendEntries. Reply: s4<-s6#6099:OK-t1,SUCCESS,nextIndex=40,followerCommit=38,matchIndex=39
2023-03-17 00:26:14,267 DEBUG server.RaftServer$Division (RaftServerImpl.java:submitClientRequestAsync(835)) - s4@group-04A534573A2A: receive client request(RaftClientRequest:client-E90C079F570D->s4@group-04A534573A2A, cid=6100, seq=0, RW, Message:01016304010300040201...(size=17))
2023-03-17 00:26:14,267 DEBUG server.RaftServer$Division (LeaderStateImpl.java:addPendingRequest(474)) - s4@group-04A534573A2A-LeaderStateImpl: addPendingRequest at RaftClientRequest:client-E90C079F570D->s4@group-04A534573A2A, cid=6100, seq=0, RW, Message:01016304010300040201...(size=17), entry=(t:1, i:41), STATEMACHINELOGENTRY, 6100@client-E90C079F570D
2023-03-17 00:26:14,268 DEBUG server.RaftServer$Division (RaftServerImpl.java:logAppendEntries(1430)) - s5@group-04A534573A2A: receive appendEntries(s4, 1, (t:1, i:39), 39, true, commits:[s4:c39, s5:c37, s6:c37], cId:6101, entries: [(t:1, i:40), METADATAENTRY(c:39)]
2023-03-17 00:26:14,268 DEBUG server.RaftServer$Division (RaftServerImpl.java:logAppendEntries(1430)) - s6@group-04A534573A2A: receive appendEntries(s4, 1, (t:1, i:39), 39, true, commits:[s4:c39, s5:c37, s6:c38], cId:6102, entries: [(t:1, i:40), METADATAENTRY(c:39)]
2023-03-17 00:26:14,269 DEBUG server.RaftServer$Division (RaftServerImpl.java:logAppendEntries(1430)) - s5@group-04A534573A2A: succeeded to handle AppendEntries. Reply: s4<-s5#6101:OK-t1,SUCCESS,nextIndex=41,followerCommit=39,matchIndex=40
2023-03-17 00:26:14,269 DEBUG server.RaftServer$Division (RaftServerImpl.java:logAppendEntries(1430)) - s6@group-04A534573A2A: succeeded to handle AppendEntries. Reply: s4<-s6#6102:OK-t1,SUCCESS,nextIndex=41,followerCommit=39,matchIndex=40
2023-03-17 00:26:14,270 DEBUG server.RaftServer$Division (RaftServerImpl.java:logAppendEntries(1430)) - s6@group-04A534573A2A: receive appendEntries(s4, 1, (t:1, i:40), 40, true, commits:[s4:c40, s5:c39, s6:c39], cId:6104, entries: [(t:1, i:41), STATEMACHINELOGENTRY, 6100@client-E90C079F570D]
2023-03-17 00:26:14,271 DEBUG server.RaftServer$Division (RaftServerImpl.java:logAppendEntries(1430)) - s5@group-04A534573A2A: receive appendEntries(s4, 1, (t:1, i:40), 39, true, commits:[s4:c39, s5:c39, s6:c38], cId:6103, entries: [(t:1, i:41), STATEMACHINELOGENTRY, 6100@client-E90C079F570D]
2023-03-17 00:26:14,271 DEBUG server.RaftServer$Division (RaftServerImpl.java:logAppendEntries(1430)) - s6@group-04A534573A2A: succeeded to handle AppendEntries. Reply: s4<-s6#6104:OK-t1,SUCCESS,nextIndex=42,followerCommit=40,matchIndex=41
2023-03-17 00:26:14,271 DEBUG server.RaftServer$Division (RaftServerImpl.java:logAppendEntries(1430)) - s5@group-04A534573A2A: succeeded to handle AppendEntries. Reply: s4<-s5#6103:OK-t1,SUCCESS,nextIndex=42,followerCommit=39,matchIndex=41
2023-03-17 00:26:14,272 INFO  statemachine.StateMachine (ArithmeticStateMachine.java:applyTransaction(182)) - LEADER:s4-41: c = √(a^2 + b^2) = 2381
2023-03-17 00:26:14,272 DEBUG server.RaftServer$Division (RaftServerImpl.java:logAppendEntries(1430)) - s6@group-04A534573A2A: receive appendEntries(s4, 1, (t:1, i:41), 41, true, commits:[s4:c41, s5:c39, s6:c40], cId:6105, entries: [(t:1, i:42), METADATAENTRY(c:41)]
2023-03-17 00:26:14,272 DEBUG server.RaftServer$Division (RaftServerImpl.java:logAppendEntries(1430)) - s5@group-04A534573A2A: receive appendEntries(s4, 1, (t:1, i:41), 41, true, commits:[s4:c41, s5:c39, s6:c40], cId:6107, entries: [(t:1, i:42), METADATAENTRY(c:41)]
2023-03-17 00:26:14,272 DEBUG server.RaftServer$Division (RaftServerImpl.java:submitClientRequestAsync(835)) - s4@group-04A534573A2A: receive client request(RaftClientRequest:client-E90C079F570D->s4@group-04A534573A2A, cid=6106, seq=0, RW, Message:01016100)
2023-03-17 00:26:14,273 DEBUG server.RaftServer$Division (LeaderStateImpl.java:addPendingRequest(474)) - s4@group-04A534573A2A-LeaderStateImpl: addPendingRequest at RaftClientRequest:client-E90C079F570D->s4@group-04A534573A2A, cid=6106, seq=0, RW, Message:01016100, entry=(t:1, i:43), STATEMACHINELOGENTRY, 6106@client-E90C079F570D
2023-03-17 00:26:14,273 DEBUG server.RaftServer$Division (RaftServerImpl.java:logAppendEntries(1430)) - s6@group-04A534573A2A: succeeded to handle AppendEntries. Reply: s4<-s6#6105:OK-t1,SUCCESS,nextIndex=43,followerCommit=41,matchIndex=42
2023-03-17 00:26:14,273 DEBUG server.RaftServer$Division (RaftServerImpl.java:logAppendEntries(1430)) - s5@group-04A534573A2A: succeeded to handle AppendEntries. Reply: s4<-s5#6107:OK-t1,SUCCESS,nextIndex=43,followerCommit=41,matchIndex=42
2023-03-17 00:26:14,274 DEBUG server.RaftServer$Division (RaftServerImpl.java:logAppendEntries(1430)) - s5@group-04A534573A2A: receive appendEntries(s4, 1, (t:1, i:42), 41, true, commits:[s4:c41, s5:c41, s6:c40], cId:6108, entries: [(t:1, i:43), STATEMACHINELOGENTRY, 6106@client-E90C079F570D]
2023-03-17 00:26:14,275 DEBUG server.RaftServer$Division (RaftServerImpl.java:logAppendEntries(1430)) - s6@group-04A534573A2A: receive appendEntries(s4, 1, (t:1, i:42), 42, true, commits:[s4:c42, s5:c41, s6:c41], cId:6109, entries: [(t:1, i:43), STATEMACHINELOGENTRY, 6106@client-E90C079F570D]
2023-03-17 00:26:14,275 DEBUG server.RaftServer$Division (RaftServerImpl.java:logAppendEntries(1430)) - s5@group-04A534573A2A: succeeded to handle AppendEntries. Reply: s4<-s5#6108:OK-t1,SUCCESS,nextIndex=44,followerCommit=41,matchIndex=43
2023-03-17 00:26:14,276 INFO  statemachine.StateMachine (ArithmeticStateMachine.java:applyTransaction(182)) - LEADER:s4-43: a = null = null
2023-03-17 00:26:14,276 DEBUG server.RaftServer$Division (RaftServerImpl.java:logAppendEntries(1430)) - s6@group-04A534573A2A: succeeded to handle AppendEntries. Reply: s4<-s6#6109:OK-t1,SUCCESS,nextIndex=44,followerCommit=42,matchIndex=43
2023-03-17 00:26:14,277 DEBUG server.RaftServer$Division (RaftServerImpl.java:submitClientRequestAsync(835)) - s4@group-04A534573A2A: receive client request(RaftClientRequest:client-E90C079F570D->s4@group-04A534573A2A, cid=6110, seq=0, RW, Message:01016200)
2023-03-17 00:26:14,277 DEBUG server.RaftServer$Division (LeaderStateImpl.java:addPendingRequest(474)) - s4@group-04A534573A2A-LeaderStateImpl: addPendingRequest at RaftClientRequest:client-E90C079F570D->s4@group-04A534573A2A, cid=6110, seq=0, RW, Message:01016200, entry=(t:1, i:45), STATEMACHINELOGENTRY, 6110@client-E90C079F570D
2023-03-17 00:26:14,278 DEBUG server.RaftServer$Division (RaftServerImpl.java:logAppendEntries(1430)) - s6@group-04A534573A2A: receive appendEntries(s4, 1, (t:1, i:43), 43, true, commits:[s4:c43, s5:c41, s6:c42], cId:6112, entries: [(t:1, i:44), METADATAENTRY(c:43)]
2023-03-17 00:26:14,277 DEBUG server.RaftServer$Division (RaftServerImpl.java:logAppendEntries(1430)) - s5@group-04A534573A2A: receive appendEntries(s4, 1, (t:1, i:43), 43, true, commits:[s4:c43, s5:c41, s6:c41], cId:6111, entries: [(t:1, i:44), METADATAENTRY(c:43)]
2023-03-17 00:26:14,279 DEBUG server.RaftServer$Division (RaftServerImpl.java:logAppendEntries(1430)) - s6@group-04A534573A2A: succeeded to handle AppendEntries. Reply: s4<-s6#6112:OK-t1,SUCCESS,nextIndex=45,followerCommit=43,matchIndex=44
2023-03-17 00:26:14,279 DEBUG server.RaftServer$Division (RaftServerImpl.java:logAppendEntries(1430)) - s5@group-04A534573A2A: succeeded to handle AppendEntries. Reply: s4<-s5#6111:OK-t1,SUCCESS,nextIndex=45,followerCommit=43,matchIndex=44
2023-03-17 00:26:14,280 DEBUG server.RaftServer$Division (RaftServerImpl.java:logAppendEntries(1430)) - s5@group-04A534573A2A: receive appendEntries(s4, 1, (t:1, i:44), 44, true, commits:[s4:c44, s5:c43, s6:c43], cId:6114, entries: [(t:1, i:45), STATEMACHINELOGENTRY, 6110@client-E90C079F570D]
2023-03-17 00:26:14,280 DEBUG server.RaftServer$Division (RaftServerImpl.java:logAppendEntries(1430)) - s6@group-04A534573A2A: receive appendEntries(s4, 1, (t:1, i:44), 43, true, commits:[s4:c43, s5:c41, s6:c43], cId:6113, entries: [(t:1, i:45), STATEMACHINELOGENTRY, 6110@client-E90C079F570D]
2023-03-17 00:26:14,280 DEBUG server.RaftServer$Division (RaftServerImpl.java:logAppendEntries(1430)) - s5@group-04A534573A2A: succeeded to handle AppendEntries. Reply: s4<-s5#6114:OK-t1,SUCCESS,nextIndex=46,followerCommit=44,matchIndex=45
2023-03-17 00:26:14,281 INFO  statemachine.StateMachine (ArithmeticStateMachine.java:applyTransaction(182)) - LEADER:s4-45: b = null = null
2023-03-17 00:26:14,281 DEBUG server.RaftServer$Division (RaftServerImpl.java:logAppendEntries(1430)) - s6@group-04A534573A2A: succeeded to handle AppendEntries. Reply: s4<-s6#6113:OK-t1,SUCCESS,nextIndex=46,followerCommit=43,matchIndex=45
2023-03-17 00:26:14,282 DEBUG server.RaftServer$Division (RaftServerImpl.java:submitClientRequestAsync(835)) - s4@group-04A534573A2A: receive client request(RaftClientRequest:client-E90C079F570D->s4@group-04A534573A2A, cid=6115, seq=0, RW, Message:01016300)
2023-03-17 00:26:14,282 DEBUG server.RaftServer$Division (RaftServerImpl.java:logAppendEntries(1430)) - s5@group-04A534573A2A: receive appendEntries(s4, 1, (t:1, i:45), 45, true, commits:[s4:c45, s5:c44, s6:c43], cId:6116, entries: [(t:1, i:46), METADATAENTRY(c:45)]
2023-03-17 00:26:14,282 DEBUG server.RaftServer$Division (RaftServerImpl.java:logAppendEntries(1430)) - s6@group-04A534573A2A: receive appendEntries(s4, 1, (t:1, i:45), 45, true, commits:[s4:c45, s5:c44, s6:c43], cId:6117, entries: [(t:1, i:46), METADATAENTRY(c:45)]
2023-03-17 00:26:14,282 DEBUG server.RaftServer$Division (LeaderStateImpl.java:addPendingRequest(474)) - s4@group-04A534573A2A-LeaderStateImpl: addPendingRequest at RaftClientRequest:client-E90C079F570D->s4@group-04A534573A2A, cid=6115, seq=0, RW, Message:01016300, entry=(t:1, i:47), STATEMACHINELOGENTRY, 6115@client-E90C079F570D
2023-03-17 00:26:14,282 DEBUG server.RaftServer$Division (RaftServerImpl.java:logAppendEntries(1430)) - s5@group-04A534573A2A: succeeded to handle AppendEntries. Reply: s4<-s5#6116:OK-t1,SUCCESS,nextIndex=47,followerCommit=45,matchIndex=46
2023-03-17 00:26:14,283 DEBUG server.RaftServer$Division (RaftServerImpl.java:logAppendEntries(1430)) - s6@group-04A534573A2A: succeeded to handle AppendEntries. Reply: s4<-s6#6117:OK-t1,SUCCESS,nextIndex=47,followerCommit=45,matchIndex=46
2023-03-17 00:26:14,283 DEBUG server.RaftServer$Division (RaftServerImpl.java:logAppendEntries(1430)) - s5@group-04A534573A2A: receive appendEntries(s4, 1, (t:1, i:46), 45, true, commits:[s4:c45, s5:c45, s6:c43], cId:6118, entries: [(t:1, i:47), STATEMACHINELOGENTRY, 6115@client-E90C079F570D]
2023-03-17 00:26:14,284 DEBUG server.RaftServer$Division (RaftServerImpl.java:logAppendEntries(1430)) - s6@group-04A534573A2A: receive appendEntries(s4, 1, (t:1, i:46), 46, true, commits:[s4:c46, s5:c45, s6:c45], cId:6119, entries: [(t:1, i:47), STATEMACHINELOGENTRY, 6115@client-E90C079F570D]
2023-03-17 00:26:14,284 DEBUG server.RaftServer$Division (RaftServerImpl.java:logAppendEntries(1430)) - s5@group-04A534573A2A: succeeded to handle AppendEntries. Reply: s4<-s5#6118:OK-t1,SUCCESS,nextIndex=48,followerCommit=45,matchIndex=47
2023-03-17 00:26:14,285 DEBUG server.RaftServer$Division (RaftServerImpl.java:logAppendEntries(1430)) - s6@group-04A534573A2A: succeeded to handle AppendEntries. Reply: s4<-s6#6119:OK-t1,SUCCESS,nextIndex=48,followerCommit=46,matchIndex=47
2023-03-17 00:26:14,285 INFO  statemachine.StateMachine (ArithmeticStateMachine.java:applyTransaction(182)) - LEADER:s4-47: c = null = null
2023-03-17 00:26:14,286 DEBUG server.RaftServer$Division (RaftServerImpl.java:logAppendEntries(1430)) - s6@group-04A534573A2A: receive appendEntries(s4, 1, (t:1, i:47), 47, true, commits:[s4:c47, s5:c45, s6:c46], cId:6121, entries: [(t:1, i:48), METADATAENTRY(c:47)]
2023-03-17 00:26:14,286 DEBUG server.RaftServer$Division (RaftServerImpl.java:submitClientRequestAsync(835)) - s4@group-04A534573A2A: receive client request(RaftClientRequest:client-E90C079F570D->s4@group-04A534573A2A, cid=6122, seq=0, RW, Message:010161024051c0000000...(size=12))
2023-03-17 00:26:14,286 DEBUG server.RaftServer$Division (RaftServerImpl.java:logAppendEntries(1430)) - s5@group-04A534573A2A: receive appendEntries(s4, 1, (t:1, i:47), 47, true, commits:[s4:c47, s5:c45, s6:c45], cId:6120, entries: [(t:1, i:48), METADATAENTRY(c:47)]
2023-03-17 00:26:14,286 DEBUG server.RaftServer$Division (LeaderStateImpl.java:addPendingRequest(474)) - s4@group-04A534573A2A-LeaderStateImpl: addPendingRequest at RaftClientRequest:client-E90C079F570D->s4@group-04A534573A2A, cid=6122, seq=0, RW, Message:010161024051c0000000...(size=12), entry=(t:1, i:49), STATEMACHINELOGENTRY, 6122@client-E90C079F570D
2023-03-17 00:26:14,286 DEBUG server.RaftServer$Division (RaftServerImpl.java:logAppendEntries(1430)) - s6@group-04A534573A2A: succeeded to handle AppendEntries. Reply: s4<-s6#6121:OK-t1,SUCCESS,nextIndex=49,followerCommit=47,matchIndex=48
2023-03-17 00:26:14,287 DEBUG server.RaftServer$Division (RaftServerImpl.java:logAppendEntries(1430)) - s5@group-04A534573A2A: succeeded to handle AppendEntries. Reply: s4<-s5#6120:OK-t1,SUCCESS,nextIndex=49,followerCommit=47,matchIndex=48
2023-03-17 00:26:14,287 DEBUG server.RaftServer$Division (RaftServerImpl.java:logAppendEntries(1430)) - s5@group-04A534573A2A: receive appendEntries(s4, 1, (t:1, i:48), 47, true, commits:[s4:c47, s5:c47, s6:c47], cId:6123, entries: [(t:1, i:49), STATEMACHINELOGENTRY, 6122@client-E90C079F570D]
2023-03-17 00:26:14,288 DEBUG server.RaftServer$Division (RaftServerImpl.java:logAppendEntries(1430)) - s6@group-04A534573A2A: receive appendEntries(s4, 1, (t:1, i:48), 47, true, commits:[s4:c48, s5:c47, s6:c47], cId:6124, entries: [(t:1, i:49), STATEMACHINELOGENTRY, 6122@client-E90C079F570D]
2023-03-17 00:26:14,288 DEBUG server.RaftServer$Division (RaftServerImpl.java:logAppendEntries(1430)) - s5@group-04A534573A2A: succeeded to handle AppendEntries. Reply: s4<-s5#6123:OK-t1,SUCCESS,nextIndex=50,followerCommit=47,matchIndex=49
2023-03-17 00:26:14,288 INFO  statemachine.StateMachine (ArithmeticStateMachine.java:applyTransaction(182)) - LEADER:s4-49: a = 71 = 71
2023-03-17 00:26:14,288 DEBUG server.RaftServer$Division (RaftServerImpl.java:logAppendEntries(1430)) - s6@group-04A534573A2A: succeeded to handle AppendEntries. Reply: s4<-s6#6124:OK-t1,SUCCESS,nextIndex=50,followerCommit=47,matchIndex=49
2023-03-17 00:26:14,289 DEBUG server.RaftServer$Division (RaftServerImpl.java:logAppendEntries(1430)) - s5@group-04A534573A2A: receive appendEntries(s4, 1, (t:1, i:49), 49, true, commits:[s4:c49, s5:c47, s6:c47], cId:6127, entries: [(t:1, i:50), METADATAENTRY(c:49)]
2023-03-17 00:26:14,289 DEBUG server.RaftServer$Division (RaftServerImpl.java:submitClientRequestAsync(835)) - s4@group-04A534573A2A: receive client request(RaftClientRequest:client-E90C079F570D->s4@group-04A534573A2A, cid=6125, seq=0, RW, Message:0101620240a3b0000000...(size=12))
2023-03-17 00:26:14,289 DEBUG server.RaftServer$Division (LeaderStateImpl.java:addPendingRequest(474)) - s4@group-04A534573A2A-LeaderStateImpl: addPendingRequest at RaftClientRequest:client-E90C079F570D->s4@group-04A534573A2A, cid=6125, seq=0, RW, Message:0101620240a3b0000000...(size=12), entry=(t:1, i:51), STATEMACHINELOGENTRY, 6125@client-E90C079F570D
2023-03-17 00:26:14,289 DEBUG server.RaftServer$Division (RaftServerImpl.java:logAppendEntries(1430)) - s6@group-04A534573A2A: receive appendEntries(s4, 1, (t:1, i:49), 49, true, commits:[s4:c49, s5:c47, s6:c47], cId:6126, entries: [(t:1, i:50), METADATAENTRY(c:49)]
2023-03-17 00:26:14,290 DEBUG server.RaftServer$Division (RaftServerImpl.java:logAppendEntries(1430)) - s5@group-04A534573A2A: succeeded to handle AppendEntries. Reply: s4<-s5#6127:OK-t1,SUCCESS,nextIndex=51,followerCommit=49,matchIndex=50
2023-03-17 00:26:14,290 DEBUG server.RaftServer$Division (RaftServerImpl.java:logAppendEntries(1430)) - s6@group-04A534573A2A: succeeded to handle AppendEntries. Reply: s4<-s6#6126:OK-t1,SUCCESS,nextIndex=51,followerCommit=49,matchIndex=50
2023-03-17 00:26:14,291 DEBUG server.RaftServer$Division (RaftServerImpl.java:logAppendEntries(1430)) - s5@group-04A534573A2A: receive appendEntries(s4, 1, (t:1, i:50), 49, true, commits:[s4:c49, s5:c49, s6:c47], cId:6128, entries: [(t:1, i:51), STATEMACHINELOGENTRY, 6125@client-E90C079F570D]
2023-03-17 00:26:14,291 DEBUG server.RaftServer$Division (RaftServerImpl.java:logAppendEntries(1430)) - s5@group-04A534573A2A: succeeded to handle AppendEntries. Reply: s4<-s5#6128:OK-t1,SUCCESS,nextIndex=52,followerCommit=49,matchIndex=51
2023-03-17 00:26:14,291 DEBUG server.RaftServer$Division (RaftServerImpl.java:logAppendEntries(1430)) - s6@group-04A534573A2A: receive appendEntries(s4, 1, (t:1, i:50), 50, true, commits:[s4:c50, s5:c49, s6:c49], cId:6129, entries: [(t:1, i:51), STATEMACHINELOGENTRY, 6125@client-E90C079F570D]
2023-03-17 00:26:14,292 INFO  statemachine.StateMachine (ArithmeticStateMachine.java:applyTransaction(182)) - LEADER:s4-51: b = 2520 = 2520
2023-03-17 00:26:14,292 DEBUG server.RaftServer$Division (RaftServerImpl.java:logAppendEntries(1430)) - s6@group-04A534573A2A: succeeded to handle AppendEntries. Reply: s4<-s6#6129:OK-t1,SUCCESS,nextIndex=52,followerCommit=50,matchIndex=51
2023-03-17 00:26:14,293 DEBUG server.RaftServer$Division (RaftServerImpl.java:submitClientRequestAsync(835)) - s4@group-04A534573A2A: receive client request(RaftClientRequest:client-E90C079F570D->s4@group-04A534573A2A, cid=6130, seq=0, RW, Message:01016304010300040201...(size=17))
2023-03-17 00:26:14,293 DEBUG server.RaftServer$Division (LeaderStateImpl.java:addPendingRequest(474)) - s4@group-04A534573A2A-LeaderStateImpl: addPendingRequest at RaftClientRequest:client-E90C079F570D->s4@group-04A534573A2A, cid=6130, seq=0, RW, Message:01016304010300040201...(size=17), entry=(t:1, i:53), STATEMACHINELOGENTRY, 6130@client-E90C079F570D
2023-03-17 00:26:14,293 DEBUG server.RaftServer$Division (RaftServerImpl.java:logAppendEntries(1430)) - s5@group-04A534573A2A: receive appendEntries(s4, 1, (t:1, i:51), 51, true, commits:[s4:c51, s5:c49, s6:c49], cId:6131, entries: [(t:1, i:52), METADATAENTRY(c:51)]
2023-03-17 00:26:14,293 DEBUG server.RaftServer$Division (RaftServerImpl.java:logAppendEntries(1430)) - s6@group-04A534573A2A: receive appendEntries(s4, 1, (t:1, i:51), 51, true, commits:[s4:c51, s5:c49, s6:c50], cId:6132, entries: [(t:1, i:52), METADATAENTRY(c:51)]
2023-03-17 00:26:14,294 DEBUG server.RaftServer$Division (RaftServerImpl.java:logAppendEntries(1430)) - s5@group-04A534573A2A: succeeded to handle AppendEntries. Reply: s4<-s5#6131:OK-t1,SUCCESS,nextIndex=53,followerCommit=51,matchIndex=52
2023-03-17 00:26:14,294 DEBUG server.RaftServer$Division (RaftServerImpl.java:logAppendEntries(1430)) - s6@group-04A534573A2A: succeeded to handle AppendEntries. Reply: s4<-s6#6132:OK-t1,SUCCESS,nextIndex=53,followerCommit=51,matchIndex=52
2023-03-17 00:26:14,295 DEBUG server.RaftServer$Division (RaftServerImpl.java:logAppendEntries(1430)) - s5@group-04A534573A2A: receive appendEntries(s4, 1, (t:1, i:52), 51, true, commits:[s4:c51, s5:c51, s6:c50], cId:6133, entries: [(t:1, i:53), STATEMACHINELOGENTRY, 6130@client-E90C079F570D]
2023-03-17 00:26:14,297 DEBUG server.RaftServer$Division (RaftServerImpl.java:logAppendEntries(1430)) - s6@group-04A534573A2A: receive appendEntries(s4, 1, (t:1, i:52), 52, true, commits:[s4:c52, s5:c51, s6:c51], cId:6134, entries: [(t:1, i:53), STATEMACHINELOGENTRY, 6130@client-E90C079F570D]
2023-03-17 00:26:14,297 DEBUG server.RaftServer$Division (RaftServerImpl.java:logAppendEntries(1430)) - s5@group-04A534573A2A: succeeded to handle AppendEntries. Reply: s4<-s5#6133:OK-t1,SUCCESS,nextIndex=54,followerCommit=51,matchIndex=53
2023-03-17 00:26:14,298 DEBUG server.RaftServer$Division (RaftServerImpl.java:logAppendEntries(1430)) - s6@group-04A534573A2A: succeeded to handle AppendEntries. Reply: s4<-s6#6134:OK-t1,SUCCESS,nextIndex=54,followerCommit=52,matchIndex=53
2023-03-17 00:26:14,298 INFO  statemachine.StateMachine (ArithmeticStateMachine.java:applyTransaction(182)) - LEADER:s4-53: c = √(a^2 + b^2) = 2521
2023-03-17 00:26:14,298 DEBUG server.RaftServer$Division (RaftServerImpl.java:logAppendEntries(1430)) - s6@group-04A534573A2A: receive appendEntries(s4, 1, (t:1, i:53), 53, true, commits:[s4:c53, s5:c51, s6:c52], cId:6135, entries: [(t:1, i:54), METADATAENTRY(c:53)]
2023-03-17 00:26:14,299 DEBUG server.RaftServer$Division (RaftServerImpl.java:logAppendEntries(1430)) - s6@group-04A534573A2A: succeeded to handle AppendEntries. Reply: s4<-s6#6135:OK-t1,SUCCESS,nextIndex=55,followerCommit=53,matchIndex=54
2023-03-17 00:26:14,299 DEBUG server.RaftServer$Division (RaftServerImpl.java:submitClientRequestAsync(835)) - s4@group-04A534573A2A: receive client request(RaftClientRequest:client-E90C079F570D->s4@group-04A534573A2A, cid=6136, seq=0, RW, Message:01016100)
2023-03-17 00:26:14,299 DEBUG server.RaftServer$Division (LeaderStateImpl.java:addPendingRequest(474)) - s4@group-04A534573A2A-LeaderStateImpl: addPendingRequest at RaftClientRequest:client-E90C079F570D->s4@group-04A534573A2A, cid=6136, seq=0, RW, Message:01016100, entry=(t:1, i:55), STATEMACHINELOGENTRY, 6136@client-E90C079F570D
2023-03-17 00:26:14,299 DEBUG server.RaftServer$Division (RaftServerImpl.java:logAppendEntries(1430)) - s5@group-04A534573A2A: receive appendEntries(s4, 1, (t:1, i:53), 53, true, commits:[s4:c53, s5:c51, s6:c52], cId:6137, entries: [(t:1, i:54), METADATAENTRY(c:53)]
2023-03-17 00:26:14,300 DEBUG server.RaftServer$Division (RaftServerImpl.java:logAppendEntries(1430)) - s5@group-04A534573A2A: succeeded to handle AppendEntries. Reply: s4<-s5#6137:OK-t1,SUCCESS,nextIndex=55,followerCommit=53,matchIndex=54
2023-03-17 00:26:14,300 DEBUG server.RaftServer$Division (RaftServerImpl.java:logAppendEntries(1430)) - s6@group-04A534573A2A: receive appendEntries(s4, 1, (t:1, i:54), 54, true, commits:[s4:c54, s5:c51, s6:c53], cId:6138, entries: [(t:1, i:55), STATEMACHINELOGENTRY, 6136@client-E90C079F570D]
2023-03-17 00:26:14,300 DEBUG server.RaftServer$Division (RaftServerImpl.java:logAppendEntries(1430)) - s5@group-04A534573A2A: receive appendEntries(s4, 1, (t:1, i:54), 54, true, commits:[s4:c54, s5:c53, s6:c53], cId:6139, entries: [(t:1, i:55), STATEMACHINELOGENTRY, 6136@client-E90C079F570D]
2023-03-17 00:26:14,301 DEBUG server.RaftServer$Division (RaftServerImpl.java:logAppendEntries(1430)) - s5@group-04A534573A2A: succeeded to handle AppendEntries. Reply: s4<-s5#6139:OK-t1,SUCCESS,nextIndex=56,followerCommit=54,matchIndex=55
2023-03-17 00:26:14,301 DEBUG server.RaftServer$Division (RaftServerImpl.java:logAppendEntries(1430)) - s6@group-04A534573A2A: succeeded to handle AppendEntries. Reply: s4<-s6#6138:OK-t1,SUCCESS,nextIndex=56,followerCommit=54,matchIndex=55
2023-03-17 00:26:14,302 INFO  statemachine.StateMachine (ArithmeticStateMachine.java:applyTransaction(182)) - LEADER:s4-55: a = null = null
2023-03-17 00:26:14,302 DEBUG server.RaftServer$Division (RaftServerImpl.java:logAppendEntries(1430)) - s6@group-04A534573A2A: receive appendEntries(s4, 1, (t:1, i:55), 55, true, commits:[s4:c55, s5:c54, s6:c54], cId:6140, entries: [(t:1, i:56), METADATAENTRY(c:55)]
2023-03-17 00:26:14,303 DEBUG server.RaftServer$Division (RaftServerImpl.java:logAppendEntries(1430)) - s5@group-04A534573A2A: receive appendEntries(s4, 1, (t:1, i:55), 55, true, commits:[s4:c55, s5:c54, s6:c54], cId:6142, entries: [(t:1, i:56), METADATAENTRY(c:55)]
2023-03-17 00:26:14,302 DEBUG server.RaftServer$Division (RaftServerImpl.java:submitClientRequestAsync(835)) - s4@group-04A534573A2A: receive client request(RaftClientRequest:client-E90C079F570D->s4@group-04A534573A2A, cid=6141, seq=0, RW, Message:01016200)
2023-03-17 00:26:14,303 DEBUG server.RaftServer$Division (LeaderStateImpl.java:addPendingRequest(474)) - s4@group-04A534573A2A-LeaderStateImpl: addPendingRequest at RaftClientRequest:client-E90C079F570D->s4@group-04A534573A2A, cid=6141, seq=0, RW, Message:01016200, entry=(t:1, i:57), STATEMACHINELOGENTRY, 6141@client-E90C079F570D
2023-03-17 00:26:14,303 DEBUG server.RaftServer$Division (RaftServerImpl.java:logAppendEntries(1430)) - s6@group-04A534573A2A: succeeded to handle AppendEntries. Reply: s4<-s6#6140:OK-t1,SUCCESS,nextIndex=57,followerCommit=55,matchIndex=56
2023-03-17 00:26:14,304 DEBUG server.RaftServer$Division (RaftServerImpl.java:logAppendEntries(1430)) - s5@group-04A534573A2A: succeeded to handle AppendEntries. Reply: s4<-s5#6142:OK-t1,SUCCESS,nextIndex=57,followerCommit=55,matchIndex=56
2023-03-17 00:26:14,304 DEBUG server.RaftServer$Division (RaftServerImpl.java:logAppendEntries(1430)) - s6@group-04A534573A2A: receive appendEntries(s4, 1, (t:1, i:56), 56, true, commits:[s4:c56, s5:c54, s6:c55], cId:6143, entries: [(t:1, i:57), STATEMACHINELOGENTRY, 6141@client-E90C079F570D]
2023-03-17 00:26:14,304 DEBUG server.RaftServer$Division (RaftServerImpl.java:logAppendEntries(1430)) - s5@group-04A534573A2A: receive appendEntries(s4, 1, (t:1, i:56), 56, true, commits:[s4:c56, s5:c55, s6:c55], cId:6144, entries: [(t:1, i:57), STATEMACHINELOGENTRY, 6141@client-E90C079F570D]
2023-03-17 00:26:14,305 DEBUG server.RaftServer$Division (RaftServerImpl.java:logAppendEntries(1430)) - s6@group-04A534573A2A: succeeded to handle AppendEntries. Reply: s4<-s6#6143:OK-t1,SUCCESS,nextIndex=58,followerCommit=56,matchIndex=57
2023-03-17 00:26:14,305 INFO  statemachine.StateMachine (ArithmeticStateMachine.java:applyTransaction(182)) - LEADER:s4-57: b = null = null
2023-03-17 00:26:14,305 DEBUG server.RaftServer$Division (RaftServerImpl.java:logAppendEntries(1430)) - s5@group-04A534573A2A: succeeded to handle AppendEntries. Reply: s4<-s5#6144:OK-t1,SUCCESS,nextIndex=58,followerCommit=56,matchIndex=57
2023-03-17 00:26:14,306 DEBUG server.RaftServer$Division (RaftServerImpl.java:logAppendEntries(1430)) - s6@group-04A534573A2A: receive appendEntries(s4, 1, (t:1, i:57), 57, true, commits:[s4:c57, s5:c55, s6:c56], cId:6145, entries: [(t:1, i:58), METADATAENTRY(c:57)]
2023-03-17 00:26:14,307 DEBUG server.RaftServer$Division (RaftServerImpl.java:logAppendEntries(1430)) - s6@group-04A534573A2A: succeeded to handle AppendEntries. Reply: s4<-s6#6145:OK-t1,SUCCESS,nextIndex=59,followerCommit=57,matchIndex=58
2023-03-17 00:26:14,307 DEBUG server.RaftServer$Division (RaftServerImpl.java:submitClientRequestAsync(835)) - s4@group-04A534573A2A: receive client request(RaftClientRequest:client-E90C079F570D->s4@group-04A534573A2A, cid=6146, seq=0, RW, Message:01016300)
2023-03-17 00:26:14,307 DEBUG server.RaftServer$Division (LeaderStateImpl.java:addPendingRequest(474)) - s4@group-04A534573A2A-LeaderStateImpl: addPendingRequest at RaftClientRequest:client-E90C079F570D->s4@group-04A534573A2A, cid=6146, seq=0, RW, Message:01016300, entry=(t:1, i:59), STATEMACHINELOGENTRY, 6146@client-E90C079F570D
2023-03-17 00:26:14,308 DEBUG server.RaftServer$Division (RaftServerImpl.java:logAppendEntries(1430)) - s6@group-04A534573A2A: receive appendEntries(s4, 1, (t:1, i:58), 57, true, commits:[s4:c57, s5:c55, s6:c57], cId:6147, entries: [(t:1, i:59), STATEMACHINELOGENTRY, 6146@client-E90C079F570D]
2023-03-17 00:26:14,308 DEBUG server.RaftServer$Division (RaftServerImpl.java:logAppendEntries(1430)) - s6@group-04A534573A2A: succeeded to handle AppendEntries. Reply: s4<-s6#6147:OK-t1,SUCCESS,nextIndex=60,followerCommit=57,matchIndex=59
2023-03-17 00:26:14,309 INFO  statemachine.StateMachine (ArithmeticStateMachine.java:applyTransaction(182)) - LEADER:s4-59: c = null = null
2023-03-17 00:26:14,309 DEBUG server.RaftServer$Division (RaftServerImpl.java:logAppendEntries(1430)) - s6@group-04A534573A2A: receive appendEntries(s4, 1, (t:1, i:59), 59, true, commits:[s4:c59, s5:c56, s6:c57], cId:6149, entries: [(t:1, i:60), METADATAENTRY(c:59)]
2023-03-17 00:26:14,309 DEBUG server.RaftServer$Division (RaftServerImpl.java:submitClientRequestAsync(835)) - s4@group-04A534573A2A: receive client request(RaftClientRequest:client-E90C079F570D->s4@group-04A534573A2A, cid=6150, seq=0, RW, Message:01016102405240000000...(size=12))
2023-03-17 00:26:14,309 DEBUG server.RaftServer$Division (LeaderStateImpl.java:addPendingRequest(474)) - s4@group-04A534573A2A-LeaderStateImpl: addPendingRequest at RaftClientRequest:client-E90C079F570D->s4@group-04A534573A2A, cid=6150, seq=0, RW, Message:01016102405240000000...(size=12), entry=(t:1, i:61), STATEMACHINELOGENTRY, 6150@client-E90C079F570D
2023-03-17 00:26:14,308 DEBUG server.RaftServer$Division (RaftServerImpl.java:logAppendEntries(1430)) - s5@group-04A534573A2A: receive appendEntries(s4, 1, (t:1, i:57), 58, true, commits:[s4:c58, s5:c56, s6:c57], cId:6148, entries: [(t:1, i:58), METADATAENTRY(c:57), (t:1, i:59), STATEMACHINELOGENTRY, 6146@client-E90C079F570D]
2023-03-17 00:26:14,310 DEBUG server.RaftServer$Division (RaftServerImpl.java:logAppendEntries(1430)) - s6@group-04A534573A2A: succeeded to handle AppendEntries. Reply: s4<-s6#6149:OK-t1,SUCCESS,nextIndex=61,followerCommit=59,matchIndex=60
2023-03-17 00:26:14,310 DEBUG server.RaftServer$Division (RaftServerImpl.java:logAppendEntries(1430)) - s5@group-04A534573A2A: succeeded to handle AppendEntries. Reply: s4<-s5#6148:OK-t1,SUCCESS,nextIndex=60,followerCommit=58,matchIndex=59
2023-03-17 00:26:14,311 DEBUG server.RaftServer$Division (RaftServerImpl.java:logAppendEntries(1430)) - s6@group-04A534573A2A: receive appendEntries(s4, 1, (t:1, i:60), 59, true, commits:[s4:c59, s5:c56, s6:c59], cId:6151, entries: [(t:1, i:61), STATEMACHINELOGENTRY, 6150@client-E90C079F570D]
2023-03-17 00:26:14,311 DEBUG server.RaftServer$Division (RaftServerImpl.java:logAppendEntries(1430)) - s5@group-04A534573A2A: receive appendEntries(s4, 1, (t:1, i:59), 60, true, commits:[s4:c60, s5:c58, s6:c59], cId:6152, entries: [(t:1, i:60), METADATAENTRY(c:59), (t:1, i:61), STATEMACHINELOGENTRY, 6150@client-E90C079F570D]
2023-03-17 00:26:14,311 DEBUG server.RaftServer$Division (RaftServerImpl.java:logAppendEntries(1430)) - s6@group-04A534573A2A: succeeded to handle AppendEntries. Reply: s4<-s6#6151:OK-t1,SUCCESS,nextIndex=62,followerCommit=59,matchIndex=61
2023-03-17 00:26:14,312 DEBUG server.RaftServer$Division (RaftServerImpl.java:logAppendEntries(1430)) - s5@group-04A534573A2A: succeeded to handle AppendEntries. Reply: s4<-s5#6152:OK-t1,SUCCESS,nextIndex=62,followerCommit=60,matchIndex=61
2023-03-17 00:26:14,312 INFO  statemachine.StateMachine (ArithmeticStateMachine.java:applyTransaction(182)) - LEADER:s4-61: a = 73 = 73
2023-03-17 00:26:14,313 DEBUG server.RaftServer$Division (RaftServerImpl.java:logAppendEntries(1430)) - s6@group-04A534573A2A: receive appendEntries(s4, 1, (t:1, i:61), 61, true, commits:[s4:c61, s5:c60, s6:c59], cId:6154, entries: [(t:1, i:62), METADATAENTRY(c:61)]
2023-03-17 00:26:14,313 DEBUG server.RaftServer$Division (RaftServerImpl.java:logAppendEntries(1430)) - s5@group-04A534573A2A: receive appendEntries(s4, 1, (t:1, i:61), 61, true, commits:[s4:c61, s5:c60, s6:c59], cId:6153, entries: [(t:1, i:62), METADATAENTRY(c:61)]
2023-03-17 00:26:14,313 DEBUG server.RaftServer$Division (RaftServerImpl.java:submitClientRequestAsync(835)) - s4@group-04A534573A2A: receive client request(RaftClientRequest:client-E90C079F570D->s4@group-04A534573A2A, cid=6155, seq=0, RW, Message:0101620240a4d0000000...(size=12))
2023-03-17 00:26:14,313 DEBUG server.RaftServer$Division (LeaderStateImpl.java:addPendingRequest(474)) - s4@group-04A534573A2A-LeaderStateImpl: addPendingRequest at RaftClientRequest:client-E90C079F570D->s4@group-04A534573A2A, cid=6155, seq=0, RW, Message:0101620240a4d0000000...(size=12), entry=(t:1, i:63), STATEMACHINELOGENTRY, 6155@client-E90C079F570D
2023-03-17 00:26:14,314 DEBUG server.RaftServer$Division (RaftServerImpl.java:logAppendEntries(1430)) - s6@group-04A534573A2A: succeeded to handle AppendEntries. Reply: s4<-s6#6154:OK-t1,SUCCESS,nextIndex=63,followerCommit=61,matchIndex=62
2023-03-17 00:26:14,314 DEBUG server.RaftServer$Division (RaftServerImpl.java:logAppendEntries(1430)) - s5@group-04A534573A2A: succeeded to handle AppendEntries. Reply: s4<-s5#6153:OK-t1,SUCCESS,nextIndex=63,followerCommit=61,matchIndex=62
2023-03-17 00:26:14,315 DEBUG server.RaftServer$Division (RaftServerImpl.java:logAppendEntries(1430)) - s5@group-04A534573A2A: receive appendEntries(s4, 1, (t:1, i:62), 61, true, commits:[s4:c61, s5:c61, s6:c59], cId:6156, entries: [(t:1, i:63), STATEMACHINELOGENTRY, 6155@client-E90C079F570D]
2023-03-17 00:26:14,315 DEBUG server.RaftServer$Division (RaftServerImpl.java:logAppendEntries(1430)) - s5@group-04A534573A2A: succeeded to handle AppendEntries. Reply: s4<-s5#6156:OK-t1,SUCCESS,nextIndex=64,followerCommit=61,matchIndex=63
2023-03-17 00:26:14,315 INFO  statemachine.StateMachine (ArithmeticStateMachine.java:applyTransaction(182)) - LEADER:s4-63: b = 2664 = 2664
2023-03-17 00:26:14,316 DEBUG server.RaftServer$Division (RaftServerImpl.java:submitClientRequestAsync(835)) - s4@group-04A534573A2A: receive client request(RaftClientRequest:client-E90C079F570D->s4@group-04A534573A2A, cid=6159, seq=0, RW, Message:01016304010300040201...(size=17))
2023-03-17 00:26:14,316 DEBUG server.RaftServer$Division (LeaderStateImpl.java:addPendingRequest(474)) - s4@group-04A534573A2A-LeaderStateImpl: addPendingRequest at RaftClientRequest:client-E90C079F570D->s4@group-04A534573A2A, cid=6159, seq=0, RW, Message:01016304010300040201...(size=17), entry=(t:1, i:65), STATEMACHINELOGENTRY, 6159@client-E90C079F570D
2023-03-17 00:26:14,317 DEBUG server.RaftServer$Division (RaftServerImpl.java:logAppendEntries(1430)) - s5@group-04A534573A2A: receive appendEntries(s4, 1, (t:1, i:63), 63, true, commits:[s4:c63, s5:c61, s6:c61], cId:6158, entries: [(t:1, i:64), METADATAENTRY(c:63)]
2023-03-17 00:26:14,317 DEBUG server.RaftServer$Division (RaftServerImpl.java:logAppendEntries(1430)) - s6@group-04A534573A2A: receive appendEntries(s4, 1, (t:1, i:62), 62, true, commits:[s4:c62, s5:c61, s6:c61], cId:6157, entries: [(t:1, i:63), STATEMACHINELOGENTRY, 6155@client-E90C079F570D]
2023-03-17 00:26:14,317 DEBUG server.RaftServer$Division (RaftServerImpl.java:logAppendEntries(1430)) - s5@group-04A534573A2A: succeeded to handle AppendEntries. Reply: s4<-s5#6158:OK-t1,SUCCESS,nextIndex=65,followerCommit=63,matchIndex=64
2023-03-17 00:26:14,318 DEBUG server.RaftServer$Division (RaftServerImpl.java:logAppendEntries(1430)) - s5@group-04A534573A2A: receive appendEntries(s4, 1, (t:1, i:64), 63, true, commits:[s4:c63, s5:c63, s6:c61], cId:6160, entries: [(t:1, i:65), STATEMACHINELOGENTRY, 6159@client-E90C079F570D]
2023-03-17 00:26:14,318 DEBUG server.RaftServer$Division (RaftServerImpl.java:logAppendEntries(1430)) - s6@group-04A534573A2A: succeeded to handle AppendEntries. Reply: s4<-s6#6157:OK-t1,SUCCESS,nextIndex=64,followerCommit=62,matchIndex=63
2023-03-17 00:26:14,318 DEBUG server.RaftServer$Division (RaftServerImpl.java:logAppendEntries(1430)) - s5@group-04A534573A2A: succeeded to handle AppendEntries. Reply: s4<-s5#6160:OK-t1,SUCCESS,nextIndex=66,followerCommit=63,matchIndex=65
2023-03-17 00:26:14,319 DEBUG server.RaftServer$Division (RaftServerImpl.java:logAppendEntries(1430)) - s6@group-04A534573A2A: receive appendEntries(s4, 1, (t:1, i:63), 64, true, commits:[s4:c64, s5:c63, s6:c62], cId:6161, entries: [(t:1, i:64), METADATAENTRY(c:63), (t:1, i:65), STATEMACHINELOGENTRY, 6159@client-E90C079F570D]
2023-03-17 00:26:14,320 DEBUG server.RaftServer$Division (RaftServerImpl.java:logAppendEntries(1430)) - s6@group-04A534573A2A: succeeded to handle AppendEntries. Reply: s4<-s6#6161:OK-t1,SUCCESS,nextIndex=66,followerCommit=64,matchIndex=65
2023-03-17 00:26:14,320 INFO  statemachine.StateMachine (ArithmeticStateMachine.java:applyTransaction(182)) - LEADER:s4-65: c = √(a^2 + b^2) = 2665
2023-03-17 00:26:14,321 DEBUG server.RaftServer$Division (RaftServerImpl.java:logAppendEntries(1430)) - s6@group-04A534573A2A: receive appendEntries(s4, 1, (t:1, i:65), 65, true, commits:[s4:c65, s5:c63, s6:c64], cId:6162, entries: [(t:1, i:66), METADATAENTRY(c:65)]
2023-03-17 00:26:14,321 DEBUG server.RaftServer$Division (RaftServerImpl.java:submitClientRequestAsync(835)) - s4@group-04A534573A2A: receive client request(RaftClientRequest:client-E90C079F570D->s4@group-04A534573A2A, cid=6164, seq=0, RW, Message:01016100)
2023-03-17 00:26:14,321 DEBUG server.RaftServer$Division (RaftServerImpl.java:logAppendEntries(1430)) - s6@group-04A534573A2A: succeeded to handle AppendEntries. Reply: s4<-s6#6162:OK-t1,SUCCESS,nextIndex=67,followerCommit=65,matchIndex=66
2023-03-17 00:26:14,322 DEBUG server.RaftServer$Division (LeaderStateImpl.java:addPendingRequest(474)) - s4@group-04A534573A2A-LeaderStateImpl: addPendingRequest at RaftClientRequest:client-E90C079F570D->s4@group-04A534573A2A, cid=6164, seq=0, RW, Message:01016100, entry=(t:1, i:67), STATEMACHINELOGENTRY, 6164@client-E90C079F570D
2023-03-17 00:26:14,322 DEBUG server.RaftServer$Division (RaftServerImpl.java:logAppendEntries(1430)) - s5@group-04A534573A2A: receive appendEntries(s4, 1, (t:1, i:65), 65, true, commits:[s4:c65, s5:c63, s6:c64], cId:6163, entries: [(t:1, i:66), METADATAENTRY(c:65)]
2023-03-17 00:26:14,322 DEBUG server.RaftServer$Division (RaftServerImpl.java:logAppendEntries(1430)) - s6@group-04A534573A2A: receive appendEntries(s4, 1, (t:1, i:66), 65, true, commits:[s4:c65, s5:c63, s6:c65], cId:6165, entries: [(t:1, i:67), STATEMACHINELOGENTRY, 6164@client-E90C079F570D]
2023-03-17 00:26:14,323 DEBUG server.RaftServer$Division (RaftServerImpl.java:logAppendEntries(1430)) - s5@group-04A534573A2A: succeeded to handle AppendEntries. Reply: s4<-s5#6163:OK-t1,SUCCESS,nextIndex=67,followerCommit=65,matchIndex=66
2023-03-17 00:26:14,323 DEBUG server.RaftServer$Division (RaftServerImpl.java:logAppendEntries(1430)) - s6@group-04A534573A2A: succeeded to handle AppendEntries. Reply: s4<-s6#6165:OK-t1,SUCCESS,nextIndex=68,followerCommit=65,matchIndex=67
2023-03-17 00:26:14,323 DEBUG server.RaftServer$Division (RaftServerImpl.java:logAppendEntries(1430)) - s5@group-04A534573A2A: receive appendEntries(s4, 1, (t:1, i:66), 66, true, commits:[s4:c66, s5:c65, s6:c65], cId:6166, entries: [(t:1, i:67), STATEMACHINELOGENTRY, 6164@client-E90C079F570D]
2023-03-17 00:26:14,324 INFO  statemachine.StateMachine (ArithmeticStateMachine.java:applyTransaction(182)) - LEADER:s4-67: a = null = null
2023-03-17 00:26:14,324 DEBUG server.RaftServer$Division (RaftServerImpl.java:logAppendEntries(1430)) - s6@group-04A534573A2A: receive appendEntries(s4, 1, (t:1, i:67), 67, true, commits:[s4:c67, s5:c65, s6:c65], cId:6167, entries: [(t:1, i:68), METADATAENTRY(c:67)]
2023-03-17 00:26:14,325 DEBUG server.RaftServer$Division (RaftServerImpl.java:submitClientRequestAsync(835)) - s4@group-04A534573A2A: receive client request(RaftClientRequest:client-E90C079F570D->s4@group-04A534573A2A, cid=6168, seq=0, RW, Message:01016200)
2023-03-17 00:26:14,331 DEBUG server.RaftServer$Division (RaftServerImpl.java:logAppendEntries(1430)) - s6@group-04A534573A2A: succeeded to handle AppendEntries. Reply: s4<-s6#6167:OK-t1,SUCCESS,nextIndex=69,followerCommit=67,matchIndex=68
2023-03-17 00:26:14,331 DEBUG server.RaftServer$Division (LeaderStateImpl.java:addPendingRequest(474)) - s4@group-04A534573A2A-LeaderStateImpl: addPendingRequest at RaftClientRequest:client-E90C079F570D->s4@group-04A534573A2A, cid=6168, seq=0, RW, Message:01016200, entry=(t:1, i:69), STATEMACHINELOGENTRY, 6168@client-E90C079F570D
2023-03-17 00:26:14,331 DEBUG server.RaftServer$Division (RaftServerImpl.java:logAppendEntries(1430)) - s5@group-04A534573A2A: succeeded to handle AppendEntries. Reply: s4<-s5#6166:OK-t1,SUCCESS,nextIndex=68,followerCommit=66,matchIndex=67
2023-03-17 00:26:14,332 DEBUG server.RaftServer$Division (RaftServerImpl.java:logAppendEntries(1430)) - s6@group-04A534573A2A: receive appendEntries(s4, 1, (t:1, i:68), 67, true, commits:[s4:c67, s5:c66, s6:c67], cId:6173, entries: [(t:1, i:69), STATEMACHINELOGENTRY, 6168@client-E90C079F570D]
2023-03-17 00:26:14,332 DEBUG server.RaftServer$Division (RaftServerImpl.java:logAppendEntries(1430)) - s5@group-04A534573A2A: receive appendEntries(s4, 1, (t:1, i:67), 68, true, commits:[s4:c68, s5:c66, s6:c67], cId:6174, entries: [(t:1, i:68), METADATAENTRY(c:67), (t:1, i:69), STATEMACHINELOGENTRY, 6168@client-E90C079F570D]
2023-03-17 00:26:14,333 DEBUG server.RaftServer$Division (RaftServerImpl.java:logAppendEntries(1430)) - s6@group-04A534573A2A: succeeded to handle AppendEntries. Reply: s4<-s6#6173:OK-t1,SUCCESS,nextIndex=70,followerCommit=67,matchIndex=69
2023-03-17 00:26:14,333 DEBUG server.RaftServer$Division (RaftServerImpl.java:logAppendEntries(1430)) - s5@group-04A534573A2A: succeeded to handle AppendEntries. Reply: s4<-s5#6174:OK-t1,SUCCESS,nextIndex=70,followerCommit=68,matchIndex=69
2023-03-17 00:26:14,333 INFO  statemachine.StateMachine (ArithmeticStateMachine.java:applyTransaction(182)) - LEADER:s4-69: b = null = null
2023-03-17 00:26:14,334 DEBUG server.RaftServer$Division (RaftServerImpl.java:logAppendEntries(1430)) - s6@group-04A534573A2A: receive appendEntries(s4, 1, (t:1, i:69), 69, true, commits:[s4:c69, s5:c68, s6:c67], cId:6183, entries: [(t:1, i:70), METADATAENTRY(c:69)]
2023-03-17 00:26:14,335 DEBUG server.RaftServer$Division (RaftServerImpl.java:logAppendEntries(1430)) - s6@group-04A534573A2A: succeeded to handle AppendEntries. Reply: s4<-s6#6183:OK-t1,SUCCESS,nextIndex=71,followerCommit=69,matchIndex=70
2023-03-17 00:26:14,335 DEBUG server.RaftServer$Division (RaftServerImpl.java:submitClientRequestAsync(835)) - s4@group-04A534573A2A: receive client request(RaftClientRequest:client-E90C079F570D->s4@group-04A534573A2A, cid=6184, seq=0, RW, Message:01016300)
2023-03-17 00:26:14,336 DEBUG server.RaftServer$Division (LeaderStateImpl.java:addPendingRequest(474)) - s4@group-04A534573A2A-LeaderStateImpl: addPendingRequest at RaftClientRequest:client-E90C079F570D->s4@group-04A534573A2A, cid=6184, seq=0, RW, Message:01016300, entry=(t:1, i:71), STATEMACHINELOGENTRY, 6184@client-E90C079F570D
2023-03-17 00:26:14,336 DEBUG server.RaftServer$Division (RaftServerImpl.java:logAppendEntries(1430)) - s6@group-04A534573A2A: receive appendEntries(s4, 1, (t:1, i:70), 70, true, commits:[s4:c70, s5:c68, s6:c69], cId:6186, entries: [(t:1, i:71), STATEMACHINELOGENTRY, 6184@client-E90C079F570D]
2023-03-17 00:26:14,337 DEBUG server.RaftServer$Division (RaftServerImpl.java:logAppendEntries(1430)) - s6@group-04A534573A2A: succeeded to handle AppendEntries. Reply: s4<-s6#6186:OK-t1,SUCCESS,nextIndex=72,followerCommit=70,matchIndex=71
2023-03-17 00:26:14,338 DEBUG server.RaftServer$Division (RaftServerImpl.java:logAppendEntries(1430)) - s5@group-04A534573A2A: receive appendEntries(s4, 1, (t:1, i:69), 69, true, commits:[s4:c69, s5:c68, s6:c67], cId:6185, entries: [(t:1, i:70), METADATAENTRY(c:69)]
2023-03-17 00:26:14,338 INFO  statemachine.StateMachine (ArithmeticStateMachine.java:applyTransaction(182)) - LEADER:s4-71: c = null = null
2023-03-17 00:26:14,338 DEBUG server.RaftServer$Division (RaftServerImpl.java:logAppendEntries(1430)) - s5@group-04A534573A2A: succeeded to handle AppendEntries. Reply: s4<-s5#6185:OK-t1,SUCCESS,nextIndex=71,followerCommit=69,matchIndex=70
2023-03-17 00:26:14,339 DEBUG server.RaftServer$Division (RaftServerImpl.java:submitClientRequestAsync(835)) - s4@group-04A534573A2A: receive client request(RaftClientRequest:client-E90C079F570D->s4@group-04A534573A2A, cid=6188, seq=0, RW, Message:010161024052c0000000...(size=12))
2023-03-17 00:26:14,339 DEBUG server.RaftServer$Division (RaftServerImpl.java:logAppendEntries(1430)) - s6@group-04A534573A2A: receive appendEntries(s4, 1, (t:1, i:71), 71, true, commits:[s4:c71, s5:c68, s6:c70], cId:6187, entries: [(t:1, i:72), METADATAENTRY(c:71)]
2023-03-17 00:26:14,339 DEBUG server.RaftServer$Division (LeaderStateImpl.java:addPendingRequest(474)) - s4@group-04A534573A2A-LeaderStateImpl: addPendingRequest at RaftClientRequest:client-E90C079F570D->s4@group-04A534573A2A, cid=6188, seq=0, RW, Message:010161024052c0000000...(size=12), entry=(t:1, i:73), STATEMACHINELOGENTRY, 6188@client-E90C079F570D
2023-03-17 00:26:14,339 DEBUG server.RaftServer$Division (RaftServerImpl.java:logAppendEntries(1430)) - s5@group-04A534573A2A: receive appendEntries(s4, 1, (t:1, i:70), 71, true, commits:[s4:c71, s5:c69, s6:c70], cId:6189, entries: [(t:1, i:71), STATEMACHINELOGENTRY, 6184@client-E90C079F570D, (t:1, i:72), METADATAENTRY(c:71), (t:1, i:73), STATEMACHINELOGENTRY, 6188@client-E90C079F570D]
2023-03-17 00:26:14,340 DEBUG server.RaftServer$Division (RaftServerImpl.java:logAppendEntries(1430)) - s6@group-04A534573A2A: succeeded to handle AppendEntries. Reply: s4<-s6#6187:OK-t1,SUCCESS,nextIndex=73,followerCommit=71,matchIndex=72
2023-03-17 00:26:14,340 DEBUG server.RaftServer$Division (RaftServerImpl.java:logAppendEntries(1430)) - s5@group-04A534573A2A: succeeded to handle AppendEntries. Reply: s4<-s5#6189:OK-t1,SUCCESS,nextIndex=74,followerCommit=71,matchIndex=73
2023-03-17 00:26:14,340 INFO  statemachine.StateMachine (ArithmeticStateMachine.java:applyTransaction(182)) - LEADER:s4-73: a = 75 = 75
2023-03-17 00:26:14,341 DEBUG server.RaftServer$Division (RaftServerImpl.java:submitClientRequestAsync(835)) - s4@group-04A534573A2A: receive client request(RaftClientRequest:client-E90C079F570D->s4@group-04A534573A2A, cid=6192, seq=0, RW, Message:0101620240a5f8000000...(size=12))
2023-03-17 00:26:14,342 DEBUG server.RaftServer$Division (LeaderStateImpl.java:addPendingRequest(474)) - s4@group-04A534573A2A-LeaderStateImpl: addPendingRequest at RaftClientRequest:client-E90C079F570D->s4@group-04A534573A2A, cid=6192, seq=0, RW, Message:0101620240a5f8000000...(size=12), entry=(t:1, i:75), STATEMACHINELOGENTRY, 6192@client-E90C079F570D
2023-03-17 00:26:14,342 DEBUG server.RaftServer$Division (RaftServerImpl.java:logAppendEntries(1430)) - s6@group-04A534573A2A: receive appendEntries(s4, 1, (t:1, i:72), 73, true, commits:[s4:c73, s5:c71, s6:c71], cId:6191, entries: [(t:1, i:73), STATEMACHINELOGENTRY, 6188@client-E90C079F570D, (t:1, i:74), METADATAENTRY(c:73)]
2023-03-17 00:26:14,342 DEBUG server.RaftServer$Division (RaftServerImpl.java:logAppendEntries(1430)) - s5@group-04A534573A2A: receive appendEntries(s4, 1, (t:1, i:73), 73, true, commits:[s4:c73, s5:c71, s6:c70], cId:6190, entries: [(t:1, i:74), METADATAENTRY(c:73)]
2023-03-17 00:26:14,342 DEBUG server.RaftServer$Division (RaftServerImpl.java:logAppendEntries(1430)) - s5@group-04A534573A2A: succeeded to handle AppendEntries. Reply: s4<-s5#6190:OK-t1,SUCCESS,nextIndex=75,followerCommit=73,matchIndex=74
2023-03-17 00:26:14,343 DEBUG server.RaftServer$Division (RaftServerImpl.java:logAppendEntries(1430)) - s6@group-04A534573A2A: succeeded to handle AppendEntries. Reply: s4<-s6#6191:OK-t1,SUCCESS,nextIndex=75,followerCommit=73,matchIndex=74
2023-03-17 00:26:14,343 DEBUG server.RaftServer$Division (RaftServerImpl.java:logAppendEntries(1430)) - s5@group-04A534573A2A: receive appendEntries(s4, 1, (t:1, i:74), 73, true, commits:[s4:c73, s5:c73, s6:c71], cId:6193, entries: [(t:1, i:75), STATEMACHINELOGENTRY, 6192@client-E90C079F570D]
2023-03-17 00:26:14,343 DEBUG server.RaftServer$Division (RaftServerImpl.java:logAppendEntries(1430)) - s6@group-04A534573A2A: receive appendEntries(s4, 1, (t:1, i:74), 74, true, commits:[s4:c74, s5:c73, s6:c73], cId:6194, entries: [(t:1, i:75), STATEMACHINELOGENTRY, 6192@client-E90C079F570D]
2023-03-17 00:26:14,344 DEBUG server.RaftServer$Division (RaftServerImpl.java:logAppendEntries(1430)) - s5@group-04A534573A2A: succeeded to handle AppendEntries. Reply: s4<-s5#6193:OK-t1,SUCCESS,nextIndex=76,followerCommit=73,matchIndex=75
2023-03-17 00:26:14,344 INFO  statemachine.StateMachine (ArithmeticStateMachine.java:applyTransaction(182)) - LEADER:s4-75: b = 2812 = 2812
2023-03-17 00:26:14,344 DEBUG server.RaftServer$Division (RaftServerImpl.java:logAppendEntries(1430)) - s6@group-04A534573A2A: succeeded to handle AppendEntries. Reply: s4<-s6#6194:OK-t1,SUCCESS,nextIndex=76,followerCommit=74,matchIndex=75
2023-03-17 00:26:14,345 DEBUG server.RaftServer$Division (RaftServerImpl.java:logAppendEntries(1430)) - s6@group-04A534573A2A: receive appendEntries(s4, 1, (t:1, i:75), 75, true, commits:[s4:c75, s5:c73, s6:c74], cId:6197, entries: [(t:1, i:76), METADATAENTRY(c:75)]
2023-03-17 00:26:14,345 DEBUG server.RaftServer$Division (RaftServerImpl.java:submitClientRequestAsync(835)) - s4@group-04A534573A2A: receive client request(RaftClientRequest:client-E90C079F570D->s4@group-04A534573A2A, cid=6196, seq=0, RW, Message:01016304010300040201...(size=17))
2023-03-17 00:26:14,345 DEBUG server.RaftServer$Division (RaftServerImpl.java:logAppendEntries(1430)) - s5@group-04A534573A2A: receive appendEntries(s4, 1, (t:1, i:75), 75, true, commits:[s4:c75, s5:c73, s6:c73], cId:6195, entries: [(t:1, i:76), METADATAENTRY(c:75)]
2023-03-17 00:26:14,345 DEBUG server.RaftServer$Division (LeaderStateImpl.java:addPendingRequest(474)) - s4@group-04A534573A2A-LeaderStateImpl: addPendingRequest at RaftClientRequest:client-E90C079F570D->s4@group-04A534573A2A, cid=6196, seq=0, RW, Message:01016304010300040201...(size=17), entry=(t:1, i:77), STATEMACHINELOGENTRY, 6196@client-E90C079F570D
2023-03-17 00:26:14,346 DEBUG server.RaftServer$Division (RaftServerImpl.java:logAppendEntries(1430)) - s5@group-04A534573A2A: succeeded to handle AppendEntries. Reply: s4<-s5#6195:OK-t1,SUCCESS,nextIndex=77,followerCommit=75,matchIndex=76
2023-03-17 00:26:14,346 DEBUG server.RaftServer$Division (RaftServerImpl.java:logAppendEntries(1430)) - s6@group-04A534573A2A: succeeded to handle AppendEntries. Reply: s4<-s6#6197:OK-t1,SUCCESS,nextIndex=77,followerCommit=75,matchIndex=76
2023-03-17 00:26:14,347 DEBUG server.RaftServer$Division (RaftServerImpl.java:logAppendEntries(1430)) - s5@group-04A534573A2A: receive appendEntries(s4, 1, (t:1, i:76), 75, true, commits:[s4:c75, s5:c75, s6:c74], cId:6198, entries: [(t:1, i:77), STATEMACHINELOGENTRY, 6196@client-E90C079F570D]
2023-03-17 00:26:14,347 DEBUG server.RaftServer$Division (RaftServerImpl.java:logAppendEntries(1430)) - s5@group-04A534573A2A: succeeded to handle AppendEntries. Reply: s4<-s5#6198:OK-t1,SUCCESS,nextIndex=78,followerCommit=75,matchIndex=77
2023-03-17 00:26:14,347 DEBUG server.RaftServer$Division (RaftServerImpl.java:logAppendEntries(1430)) - s6@group-04A534573A2A: receive appendEntries(s4, 1, (t:1, i:76), 76, true, commits:[s4:c76, s5:c75, s6:c75], cId:6199, entries: [(t:1, i:77), STATEMACHINELOGENTRY, 6196@client-E90C079F570D]
2023-03-17 00:26:14,347 INFO  statemachine.StateMachine (ArithmeticStateMachine.java:applyTransaction(182)) - LEADER:s4-77: c = √(a^2 + b^2) = 2813
2023-03-17 00:26:14,348 DEBUG server.RaftServer$Division (RaftServerImpl.java:logAppendEntries(1430)) - s6@group-04A534573A2A: succeeded to handle AppendEntries. Reply: s4<-s6#6199:OK-t1,SUCCESS,nextIndex=78,followerCommit=76,matchIndex=77
2023-03-17 00:26:14,348 DEBUG server.RaftServer$Division (RaftServerImpl.java:logAppendEntries(1430)) - s5@group-04A534573A2A: receive appendEntries(s4, 1, (t:1, i:77), 77, true, commits:[s4:c77, s5:c75, s6:c75], cId:6200, entries: [(t:1, i:78), METADATAENTRY(c:77)]
2023-03-17 00:26:14,349 DEBUG server.RaftServer$Division (RaftServerImpl.java:submitClientRequestAsync(835)) - s4@group-04A534573A2A: receive client request(RaftClientRequest:client-E90C079F570D->s4@group-04A534573A2A, cid=6201, seq=0, RW, Message:01016100)
2023-03-17 00:26:14,349 DEBUG server.RaftServer$Division (LeaderStateImpl.java:addPendingRequest(474)) - s4@group-04A534573A2A-LeaderStateImpl: addPendingRequest at RaftClientRequest:client-E90C079F570D->s4@group-04A534573A2A, cid=6201, seq=0, RW, Message:01016100, entry=(t:1, i:79), STATEMACHINELOGENTRY, 6201@client-E90C079F570D
2023-03-17 00:26:14,349 DEBUG server.RaftServer$Division (RaftServerImpl.java:logAppendEntries(1430)) - s5@group-04A534573A2A: succeeded to handle AppendEntries. Reply: s4<-s5#6200:OK-t1,SUCCESS,nextIndex=79,followerCommit=77,matchIndex=78
2023-03-17 00:26:14,350 DEBUG server.RaftServer$Division (RaftServerImpl.java:logAppendEntries(1430)) - s5@group-04A534573A2A: receive appendEntries(s4, 1, (t:1, i:78), 77, true, commits:[s4:c77, s5:c77, s6:c75], cId:6202, entries: [(t:1, i:79), STATEMACHINELOGENTRY, 6201@client-E90C079F570D]
2023-03-17 00:26:14,352 DEBUG server.RaftServer$Division (RaftServerImpl.java:logAppendEntries(1430)) - s5@group-04A534573A2A: succeeded to handle AppendEntries. Reply: s4<-s5#6202:OK-t1,SUCCESS,nextIndex=80,followerCommit=77,matchIndex=79
2023-03-17 00:26:14,352 DEBUG server.RaftServer$Division (RaftServerImpl.java:logAppendEntries(1430)) - s6@group-04A534573A2A: receive appendEntries(s4, 1, (t:1, i:77), 78, true, commits:[s4:c78, s5:c77, s6:c76], cId:6203, entries: [(t:1, i:78), METADATAENTRY(c:77), (t:1, i:79), STATEMACHINELOGENTRY, 6201@client-E90C079F570D]
2023-03-17 00:26:14,352 INFO  statemachine.StateMachine (ArithmeticStateMachine.java:applyTransaction(182)) - LEADER:s4-79: a = null = null
2023-03-17 00:26:14,353 DEBUG server.RaftServer$Division (RaftServerImpl.java:logAppendEntries(1430)) - s6@group-04A534573A2A: succeeded to handle AppendEntries. Reply: s4<-s6#6203:OK-t1,SUCCESS,nextIndex=80,followerCommit=78,matchIndex=79
2023-03-17 00:26:14,353 DEBUG server.RaftServer$Division (RaftServerImpl.java:logAppendEntries(1430)) - s5@group-04A534573A2A: receive appendEntries(s4, 1, (t:1, i:79), 79, true, commits:[s4:c79, s5:c77, s6:c76], cId:6204, entries: [(t:1, i:80), METADATAENTRY(c:79)]
2023-03-17 00:26:14,354 DEBUG server.RaftServer$Division (RaftServerImpl.java:submitClientRequestAsync(835)) - s4@group-04A534573A2A: receive client request(RaftClientRequest:client-E90C079F570D->s4@group-04A534573A2A, cid=6205, seq=0, RW, Message:01016200)
2023-03-17 00:26:14,354 DEBUG server.RaftServer$Division (RaftServerImpl.java:logAppendEntries(1430)) - s5@group-04A534573A2A: succeeded to handle AppendEntries. Reply: s4<-s5#6204:OK-t1,SUCCESS,nextIndex=81,followerCommit=79,matchIndex=80
2023-03-17 00:26:14,354 DEBUG server.RaftServer$Division (RaftServerImpl.java:logAppendEntries(1430)) - s6@group-04A534573A2A: receive appendEntries(s4, 1, (t:1, i:79), 79, true, commits:[s4:c79, s5:c77, s6:c78], cId:6206, entries: [(t:1, i:80), METADATAENTRY(c:79)]
2023-03-17 00:26:14,354 DEBUG server.RaftServer$Division (RaftServerImpl.java:logAppendEntries(1430)) - s5@group-04A534573A2A: receive appendEntries(s4, 1, (t:1, i:80), 79, true, commits:[s4:c79, s5:c79, s6:c78], cId:6207, entries: [(t:1, i:81), STATEMACHINELOGENTRY, 6205@client-E90C079F570D]
2023-03-17 00:26:14,354 DEBUG server.RaftServer$Division (LeaderStateImpl.java:addPendingRequest(474)) - s4@group-04A534573A2A-LeaderStateImpl: addPendingRequest at RaftClientRequest:client-E90C079F570D->s4@group-04A534573A2A, cid=6205, seq=0, RW, Message:01016200, entry=(t:1, i:81), STATEMACHINELOGENTRY, 6205@client-E90C079F570D
2023-03-17 00:26:14,355 DEBUG server.RaftServer$Division (RaftServerImpl.java:logAppendEntries(1430)) - s5@group-04A534573A2A: succeeded to handle AppendEntries. Reply: s4<-s5#6207:OK-t1,SUCCESS,nextIndex=82,followerCommit=79,matchIndex=81
2023-03-17 00:26:14,355 DEBUG server.RaftServer$Division (RaftServerImpl.java:logAppendEntries(1430)) - s6@group-04A534573A2A: succeeded to handle AppendEntries. Reply: s4<-s6#6206:OK-t1,SUCCESS,nextIndex=81,followerCommit=79,matchIndex=80
2023-03-17 00:26:14,355 INFO  statemachine.StateMachine (ArithmeticStateMachine.java:applyTransaction(182)) - LEADER:s4-81: b = null = null
2023-03-17 00:26:14,356 DEBUG server.RaftServer$Division (RaftServerImpl.java:logAppendEntries(1430)) - s6@group-04A534573A2A: receive appendEntries(s4, 1, (t:1, i:80), 81, true, commits:[s4:c81, s5:c79, s6:c79], cId:6209, entries: [(t:1, i:81), STATEMACHINELOGENTRY, 6205@client-E90C079F570D, (t:1, i:82), METADATAENTRY(c:81)]
2023-03-17 00:26:14,356 DEBUG server.RaftServer$Division (RaftServerImpl.java:submitClientRequestAsync(835)) - s4@group-04A534573A2A: receive client request(RaftClientRequest:client-E90C079F570D->s4@group-04A534573A2A, cid=6210, seq=0, RW, Message:01016300)
2023-03-17 00:26:14,357 DEBUG server.RaftServer$Division (LeaderStateImpl.java:addPendingRequest(474)) - s4@group-04A534573A2A-LeaderStateImpl: addPendingRequest at RaftClientRequest:client-E90C079F570D->s4@group-04A534573A2A, cid=6210, seq=0, RW, Message:01016300, entry=(t:1, i:83), STATEMACHINELOGENTRY, 6210@client-E90C079F570D
2023-03-17 00:26:14,356 DEBUG server.RaftServer$Division (RaftServerImpl.java:logAppendEntries(1430)) - s5@group-04A534573A2A: receive appendEntries(s4, 1, (t:1, i:81), 81, true, commits:[s4:c81, s5:c79, s6:c78], cId:6208, entries: [(t:1, i:82), METADATAENTRY(c:81)]
2023-03-17 00:26:14,357 DEBUG server.RaftServer$Division (RaftServerImpl.java:logAppendEntries(1430)) - s6@group-04A534573A2A: succeeded to handle AppendEntries. Reply: s4<-s6#6209:OK-t1,SUCCESS,nextIndex=83,followerCommit=81,matchIndex=82
2023-03-17 00:26:14,357 DEBUG server.RaftServer$Division (RaftServerImpl.java:logAppendEntries(1430)) - s5@group-04A534573A2A: succeeded to handle AppendEntries. Reply: s4<-s5#6208:OK-t1,SUCCESS,nextIndex=83,followerCommit=81,matchIndex=82
2023-03-17 00:26:14,358 DEBUG server.RaftServer$Division (RaftServerImpl.java:logAppendEntries(1430)) - s5@group-04A534573A2A: receive appendEntries(s4, 1, (t:1, i:82), 81, true, commits:[s4:c81, s5:c81, s6:c79], cId:6211, entries: [(t:1, i:83), STATEMACHINELOGENTRY, 6210@client-E90C079F570D]
2023-03-17 00:26:14,358 DEBUG server.RaftServer$Division (RaftServerImpl.java:logAppendEntries(1430)) - s6@group-04A534573A2A: receive appendEntries(s4, 1, (t:1, i:82), 82, true, commits:[s4:c82, s5:c81, s6:c81], cId:6212, entries: [(t:1, i:83), STATEMACHINELOGENTRY, 6210@client-E90C079F570D]
2023-03-17 00:26:14,358 DEBUG server.RaftServer$Division (RaftServerImpl.java:logAppendEntries(1430)) - s5@group-04A534573A2A: succeeded to handle AppendEntries. Reply: s4<-s5#6211:OK-t1,SUCCESS,nextIndex=84,followerCommit=81,matchIndex=83
2023-03-17 00:26:14,359 INFO  statemachine.StateMachine (ArithmeticStateMachine.java:applyTransaction(182)) - LEADER:s4-83: c = null = null
2023-03-17 00:26:14,359 DEBUG server.RaftServer$Division (RaftServerImpl.java:logAppendEntries(1430)) - s6@group-04A534573A2A: succeeded to handle AppendEntries. Reply: s4<-s6#6212:OK-t1,SUCCESS,nextIndex=84,followerCommit=82,matchIndex=83
2023-03-17 00:26:14,359 DEBUG server.RaftServer$Division (RaftServerImpl.java:submitClientRequestAsync(835)) - s4@group-04A534573A2A: receive client request(RaftClientRequest:client-E90C079F570D->s4@group-04A534573A2A, cid=6214, seq=0, RW, Message:01016102405340000000...(size=12))
2023-03-17 00:26:14,360 DEBUG server.RaftServer$Division (LeaderStateImpl.java:addPendingRequest(474)) - s4@group-04A534573A2A-LeaderStateImpl: addPendingRequest at RaftClientRequest:client-E90C079F570D->s4@group-04A534573A2A, cid=6214, seq=0, RW, Message:01016102405340000000...(size=12), entry=(t:1, i:85), STATEMACHINELOGENTRY, 6214@client-E90C079F570D
2023-03-17 00:26:14,360 DEBUG server.RaftServer$Division (RaftServerImpl.java:logAppendEntries(1430)) - s5@group-04A534573A2A: receive appendEntries(s4, 1, (t:1, i:83), 83, true, commits:[s4:c83, s5:c81, s6:c81], cId:6213, entries: [(t:1, i:84), METADATAENTRY(c:83)]
2023-03-17 00:26:14,360 DEBUG server.RaftServer$Division (RaftServerImpl.java:logAppendEntries(1430)) - s6@group-04A534573A2A: receive appendEntries(s4, 1, (t:1, i:83), 83, true, commits:[s4:c83, s5:c81, s6:c82], cId:6215, entries: [(t:1, i:84), METADATAENTRY(c:83)]
2023-03-17 00:26:14,361 DEBUG server.RaftServer$Division (RaftServerImpl.java:logAppendEntries(1430)) - s5@group-04A534573A2A: succeeded to handle AppendEntries. Reply: s4<-s5#6213:OK-t1,SUCCESS,nextIndex=85,followerCommit=83,matchIndex=84
2023-03-17 00:26:14,361 DEBUG server.RaftServer$Division (RaftServerImpl.java:logAppendEntries(1430)) - s6@group-04A534573A2A: succeeded to handle AppendEntries. Reply: s4<-s6#6215:OK-t1,SUCCESS,nextIndex=85,followerCommit=83,matchIndex=84
2023-03-17 00:26:14,361 DEBUG server.RaftServer$Division (RaftServerImpl.java:logAppendEntries(1430)) - s5@group-04A534573A2A: receive appendEntries(s4, 1, (t:1, i:84), 84, true, commits:[s4:c84, s5:c83, s6:c82], cId:6216, entries: [(t:1, i:85), STATEMACHINELOGENTRY, 6214@client-E90C079F570D]
2023-03-17 00:26:14,362 DEBUG server.RaftServer$Division (RaftServerImpl.java:logAppendEntries(1430)) - s5@group-04A534573A2A: succeeded to handle AppendEntries. Reply: s4<-s5#6216:OK-t1,SUCCESS,nextIndex=86,followerCommit=84,matchIndex=85
2023-03-17 00:26:14,362 DEBUG server.RaftServer$Division (RaftServerImpl.java:logAppendEntries(1430)) - s6@group-04A534573A2A: receive appendEntries(s4, 1, (t:1, i:84), 84, true, commits:[s4:c84, s5:c83, s6:c83], cId:6217, entries: [(t:1, i:85), STATEMACHINELOGENTRY, 6214@client-E90C079F570D]
2023-03-17 00:26:14,362 INFO  statemachine.StateMachine (ArithmeticStateMachine.java:applyTransaction(182)) - LEADER:s4-85: a = 77 = 77
2023-03-17 00:26:14,363 DEBUG server.RaftServer$Division (RaftServerImpl.java:submitClientRequestAsync(835)) - s4@group-04A534573A2A: receive client request(RaftClientRequest:client-E90C079F570D->s4@group-04A534573A2A, cid=6219, seq=0, RW, Message:0101620240a728000000...(size=12))
2023-03-17 00:26:14,363 DEBUG server.RaftServer$Division (LeaderStateImpl.java:addPendingRequest(474)) - s4@group-04A534573A2A-LeaderStateImpl: addPendingRequest at RaftClientRequest:client-E90C079F570D->s4@group-04A534573A2A, cid=6219, seq=0, RW, Message:0101620240a728000000...(size=12), entry=(t:1, i:87), STATEMACHINELOGENTRY, 6219@client-E90C079F570D
2023-03-17 00:26:14,363 DEBUG server.RaftServer$Division (RaftServerImpl.java:logAppendEntries(1430)) - s5@group-04A534573A2A: receive appendEntries(s4, 1, (t:1, i:85), 85, true, commits:[s4:c85, s5:c84, s6:c83], cId:6218, entries: [(t:1, i:86), METADATAENTRY(c:85)]
2023-03-17 00:26:14,364 DEBUG server.RaftServer$Division (RaftServerImpl.java:logAppendEntries(1430)) - s6@group-04A534573A2A: succeeded to handle AppendEntries. Reply: s4<-s6#6217:OK-t1,SUCCESS,nextIndex=86,followerCommit=84,matchIndex=85
2023-03-17 00:26:14,364 DEBUG server.RaftServer$Division (RaftServerImpl.java:logAppendEntries(1430)) - s5@group-04A534573A2A: succeeded to handle AppendEntries. Reply: s4<-s5#6218:OK-t1,SUCCESS,nextIndex=87,followerCommit=85,matchIndex=86
2023-03-17 00:26:14,365 DEBUG server.RaftServer$Division (RaftServerImpl.java:logAppendEntries(1430)) - s5@group-04A534573A2A: receive appendEntries(s4, 1, (t:1, i:86), 86, true, commits:[s4:c86, s5:c85, s6:c83], cId:6220, entries: [(t:1, i:87), STATEMACHINELOGENTRY, 6219@client-E90C079F570D]
2023-03-17 00:26:14,366 DEBUG server.RaftServer$Division (RaftServerImpl.java:logAppendEntries(1430)) - s5@group-04A534573A2A: succeeded to handle AppendEntries. Reply: s4<-s5#6220:OK-t1,SUCCESS,nextIndex=88,followerCommit=86,matchIndex=87
2023-03-17 00:26:14,366 INFO  statemachine.StateMachine (ArithmeticStateMachine.java:applyTransaction(182)) - LEADER:s4-87: b = 2964 = 2964
2023-03-17 00:26:14,367 DEBUG server.RaftServer$Division (RaftServerImpl.java:submitClientRequestAsync(835)) - s4@group-04A534573A2A: receive client request(RaftClientRequest:client-E90C079F570D->s4@group-04A534573A2A, cid=6223, seq=0, RW, Message:01016304010300040201...(size=17))
2023-03-17 00:26:14,367 DEBUG server.RaftServer$Division (LeaderStateImpl.java:addPendingRequest(474)) - s4@group-04A534573A2A-LeaderStateImpl: addPendingRequest at RaftClientRequest:client-E90C079F570D->s4@group-04A534573A2A, cid=6223, seq=0, RW, Message:01016304010300040201...(size=17), entry=(t:1, i:89), STATEMACHINELOGENTRY, 6223@client-E90C079F570D
2023-03-17 00:26:14,367 DEBUG server.RaftServer$Division (RaftServerImpl.java:logAppendEntries(1430)) - s6@group-04A534573A2A: receive appendEntries(s4, 1, (t:1, i:85), 86, true, commits:[s4:c86, s5:c85, s6:c84], cId:6221, entries: [(t:1, i:86), METADATAENTRY(c:85), (t:1, i:87), STATEMACHINELOGENTRY, 6219@client-E90C079F570D]
2023-03-17 00:26:14,367 DEBUG server.RaftServer$Division (RaftServerImpl.java:logAppendEntries(1430)) - s5@group-04A534573A2A: receive appendEntries(s4, 1, (t:1, i:87), 87, true, commits:[s4:c87, s5:c86, s6:c84], cId:6222, entries: [(t:1, i:88), METADATAENTRY(c:87)]
2023-03-17 00:26:14,368 DEBUG server.RaftServer$Division (RaftServerImpl.java:logAppendEntries(1430)) - s6@group-04A534573A2A: succeeded to handle AppendEntries. Reply: s4<-s6#6221:OK-t1,SUCCESS,nextIndex=88,followerCommit=86,matchIndex=87
2023-03-17 00:26:14,368 DEBUG server.RaftServer$Division (RaftServerImpl.java:logAppendEntries(1430)) - s5@group-04A534573A2A: succeeded to handle AppendEntries. Reply: s4<-s5#6222:OK-t1,SUCCESS,nextIndex=89,followerCommit=87,matchIndex=88
2023-03-17 00:26:14,369 DEBUG server.RaftServer$Division (RaftServerImpl.java:logAppendEntries(1430)) - s5@group-04A534573A2A: receive appendEntries(s4, 1, (t:1, i:88), 88, true, commits:[s4:c88, s5:c87, s6:c84], cId:6224, entries: [(t:1, i:89), STATEMACHINELOGENTRY, 6223@client-E90C079F570D]
2023-03-17 00:26:14,369 DEBUG server.RaftServer$Division (RaftServerImpl.java:logAppendEntries(1430)) - s6@group-04A534573A2A: receive appendEntries(s4, 1, (t:1, i:87), 88, true, commits:[s4:c88, s5:c87, s6:c86], cId:6225, entries: [(t:1, i:88), METADATAENTRY(c:87), (t:1, i:89), STATEMACHINELOGENTRY, 6223@client-E90C079F570D]
2023-03-17 00:26:14,369 DEBUG server.RaftServer$Division (RaftServerImpl.java:logAppendEntries(1430)) - s5@group-04A534573A2A: succeeded to handle AppendEntries. Reply: s4<-s5#6224:OK-t1,SUCCESS,nextIndex=90,followerCommit=88,matchIndex=89
2023-03-17 00:26:14,370 INFO  statemachine.StateMachine (ArithmeticStateMachine.java:applyTransaction(182)) - LEADER:s4-89: c = √(a^2 + b^2) = 2965
2023-03-17 00:26:14,370 DEBUG server.RaftServer$Division (RaftServerImpl.java:logAppendEntries(1430)) - s6@group-04A534573A2A: succeeded to handle AppendEntries. Reply: s4<-s6#6225:OK-t1,SUCCESS,nextIndex=90,followerCommit=88,matchIndex=89
2023-03-17 00:26:14,371 DEBUG server.RaftServer$Division (RaftServerImpl.java:submitClientRequestAsync(835)) - s4@group-04A534573A2A: receive client request(RaftClientRequest:client-E90C079F570D->s4@group-04A534573A2A, cid=6226, seq=0, RW, Message:01016100)
2023-03-17 00:26:14,371 DEBUG server.RaftServer$Division (LeaderStateImpl.java:addPendingRequest(474)) - s4@group-04A534573A2A-LeaderStateImpl: addPendingRequest at RaftClientRequest:client-E90C079F570D->s4@group-04A534573A2A, cid=6226, seq=0, RW, Message:01016100, entry=(t:1, i:91), STATEMACHINELOGENTRY, 6226@client-E90C079F570D
2023-03-17 00:26:14,371 DEBUG server.RaftServer$Division (RaftServerImpl.java:logAppendEntries(1430)) - s5@group-04A534573A2A: receive appendEntries(s4, 1, (t:1, i:89), 89, true, commits:[s4:c89, s5:c88, s6:c88], cId:6228, entries: [(t:1, i:90), METADATAENTRY(c:89), (t:1, i:91), STATEMACHINELOGENTRY, 6226@client-E90C079F570D]
2023-03-17 00:26:14,371 DEBUG server.RaftServer$Division (RaftServerImpl.java:logAppendEntries(1430)) - s6@group-04A534573A2A: receive appendEntries(s4, 1, (t:1, i:89), 89, true, commits:[s4:c89, s5:c88, s6:c88], cId:6227, entries: [(t:1, i:90), METADATAENTRY(c:89), (t:1, i:91), STATEMACHINELOGENTRY, 6226@client-E90C079F570D]
2023-03-17 00:26:14,372 DEBUG server.RaftServer$Division (RaftServerImpl.java:logAppendEntries(1430)) - s5@group-04A534573A2A: succeeded to handle AppendEntries. Reply: s4<-s5#6228:OK-t1,SUCCESS,nextIndex=92,followerCommit=89,matchIndex=91
2023-03-17 00:26:14,372 DEBUG server.RaftServer$Division (RaftServerImpl.java:logAppendEntries(1430)) - s6@group-04A534573A2A: succeeded to handle AppendEntries. Reply: s4<-s6#6227:OK-t1,SUCCESS,nextIndex=92,followerCommit=89,matchIndex=91
2023-03-17 00:26:14,372 INFO  statemachine.StateMachine (ArithmeticStateMachine.java:applyTransaction(182)) - LEADER:s4-91: a = null = null
2023-03-17 00:26:14,373 DEBUG server.RaftServer$Division (RaftServerImpl.java:logAppendEntries(1430)) - s6@group-04A534573A2A: receive appendEntries(s4, 1, (t:1, i:91), 91, true, commits:[s4:c91, s5:c89, s6:c89], cId:6230, entries: [(t:1, i:92), METADATAENTRY(c:91)]
2023-03-17 00:26:14,373 DEBUG server.RaftServer$Division (RaftServerImpl.java:submitClientRequestAsync(835)) - s4@group-04A534573A2A: receive client request(RaftClientRequest:client-E90C079F570D->s4@group-04A534573A2A, cid=6231, seq=0, RW, Message:01016200)
2023-03-17 00:26:14,373 DEBUG server.RaftServer$Division (RaftServerImpl.java:logAppendEntries(1430)) - s5@group-04A534573A2A: receive appendEntries(s4, 1, (t:1, i:91), 91, true, commits:[s4:c91, s5:c89, s6:c88], cId:6229, entries: [(t:1, i:92), METADATAENTRY(c:91)]
2023-03-17 00:26:14,373 DEBUG server.RaftServer$Division (LeaderStateImpl.java:addPendingRequest(474)) - s4@group-04A534573A2A-LeaderStateImpl: addPendingRequest at RaftClientRequest:client-E90C079F570D->s4@group-04A534573A2A, cid=6231, seq=0, RW, Message:01016200, entry=(t:1, i:93), STATEMACHINELOGENTRY, 6231@client-E90C079F570D
2023-03-17 00:26:14,374 DEBUG server.RaftServer$Division (RaftServerImpl.java:logAppendEntries(1430)) - s5@group-04A534573A2A: succeeded to handle AppendEntries. Reply: s4<-s5#6229:OK-t1,SUCCESS,nextIndex=93,followerCommit=91,matchIndex=92
2023-03-17 00:26:14,374 DEBUG server.RaftServer$Division (RaftServerImpl.java:logAppendEntries(1430)) - s6@group-04A534573A2A: succeeded to handle AppendEntries. Reply: s4<-s6#6230:OK-t1,SUCCESS,nextIndex=93,followerCommit=91,matchIndex=92
2023-03-17 00:26:14,375 DEBUG server.RaftServer$Division (RaftServerImpl.java:logAppendEntries(1430)) - s5@group-04A534573A2A: receive appendEntries(s4, 1, (t:1, i:92), 91, true, commits:[s4:c91, s5:c91, s6:c89], cId:6232, entries: [(t:1, i:93), STATEMACHINELOGENTRY, 6231@client-E90C079F570D]
2023-03-17 00:26:14,375 DEBUG server.RaftServer$Division (RaftServerImpl.java:logAppendEntries(1430)) - s6@group-04A534573A2A: receive appendEntries(s4, 1, (t:1, i:92), 92, true, commits:[s4:c92, s5:c91, s6:c91], cId:6233, entries: [(t:1, i:93), STATEMACHINELOGENTRY, 6231@client-E90C079F570D]
2023-03-17 00:26:14,375 DEBUG server.RaftServer$Division (RaftServerImpl.java:logAppendEntries(1430)) - s5@group-04A534573A2A: succeeded to handle AppendEntries. Reply: s4<-s5#6232:OK-t1,SUCCESS,nextIndex=94,followerCommit=91,matchIndex=93
2023-03-17 00:26:14,376 INFO  statemachine.StateMachine (ArithmeticStateMachine.java:applyTransaction(182)) - LEADER:s4-93: b = null = null
2023-03-17 00:26:14,376 DEBUG server.RaftServer$Division (RaftServerImpl.java:logAppendEntries(1430)) - s6@group-04A534573A2A: succeeded to handle AppendEntries. Reply: s4<-s6#6233:OK-t1,SUCCESS,nextIndex=94,followerCommit=92,matchIndex=93
2023-03-17 00:26:14,377 DEBUG server.RaftServer$Division (RaftServerImpl.java:submitClientRequestAsync(835)) - s4@group-04A534573A2A: receive client request(RaftClientRequest:client-E90C079F570D->s4@group-04A534573A2A, cid=6235, seq=0, RW, Message:01016300)
2023-03-17 00:26:14,377 DEBUG server.RaftServer$Division (LeaderStateImpl.java:addPendingRequest(474)) - s4@group-04A534573A2A-LeaderStateImpl: addPendingRequest at RaftClientRequest:client-E90C079F570D->s4@group-04A534573A2A, cid=6235, seq=0, RW, Message:01016300, entry=(t:1, i:95), STATEMACHINELOGENTRY, 6235@client-E90C079F570D
2023-03-17 00:26:14,377 DEBUG server.RaftServer$Division (RaftServerImpl.java:logAppendEntries(1430)) - s6@group-04A534573A2A: receive appendEntries(s4, 1, (t:1, i:93), 93, true, commits:[s4:c93, s5:c91, s6:c92], cId:6236, entries: [(t:1, i:94), METADATAENTRY(c:93)]
2023-03-17 00:26:14,377 DEBUG server.RaftServer$Division (RaftServerImpl.java:logAppendEntries(1430)) - s5@group-04A534573A2A: receive appendEntries(s4, 1, (t:1, i:93), 93, true, commits:[s4:c93, s5:c91, s6:c91], cId:6234, entries: [(t:1, i:94), METADATAENTRY(c:93)]
2023-03-17 00:26:14,378 DEBUG server.RaftServer$Division (RaftServerImpl.java:logAppendEntries(1430)) - s5@group-04A534573A2A: succeeded to handle AppendEntries. Reply: s4<-s5#6234:OK-t1,SUCCESS,nextIndex=95,followerCommit=93,matchIndex=94
2023-03-17 00:26:14,378 DEBUG server.RaftServer$Division (RaftServerImpl.java:logAppendEntries(1430)) - s6@group-04A534573A2A: succeeded to handle AppendEntries. Reply: s4<-s6#6236:OK-t1,SUCCESS,nextIndex=95,followerCommit=93,matchIndex=94
2023-03-17 00:26:14,379 DEBUG server.RaftServer$Division (RaftServerImpl.java:logAppendEntries(1430)) - s5@group-04A534573A2A: receive appendEntries(s4, 1, (t:1, i:94), 93, true, commits:[s4:c93, s5:c93, s6:c92], cId:6237, entries: [(t:1, i:95), STATEMACHINELOGENTRY, 6235@client-E90C079F570D]
2023-03-17 00:26:14,379 DEBUG server.RaftServer$Division (RaftServerImpl.java:logAppendEntries(1430)) - s5@group-04A534573A2A: succeeded to handle AppendEntries. Reply: s4<-s5#6237:OK-t1,SUCCESS,nextIndex=96,followerCommit=93,matchIndex=95
2023-03-17 00:26:14,379 DEBUG server.RaftServer$Division (RaftServerImpl.java:logAppendEntries(1430)) - s6@group-04A534573A2A: receive appendEntries(s4, 1, (t:1, i:94), 94, true, commits:[s4:c94, s5:c93, s6:c93], cId:6238, entries: [(t:1, i:95), STATEMACHINELOGENTRY, 6235@client-E90C079F570D]
2023-03-17 00:26:14,379 INFO  statemachine.StateMachine (ArithmeticStateMachine.java:applyTransaction(182)) - LEADER:s4-95: c = null = null
2023-03-17 00:26:14,380 DEBUG server.RaftServer$Division (RaftServerImpl.java:logAppendEntries(1430)) - s6@group-04A534573A2A: succeeded to handle AppendEntries. Reply: s4<-s6#6238:OK-t1,SUCCESS,nextIndex=96,followerCommit=94,matchIndex=95
2023-03-17 00:26:14,380 DEBUG server.RaftServer$Division (RaftServerImpl.java:logAppendEntries(1430)) - s5@group-04A534573A2A: receive appendEntries(s4, 1, (t:1, i:95), 95, true, commits:[s4:c95, s5:c93, s6:c93], cId:6240, entries: [(t:1, i:96), METADATAENTRY(c:95)]
2023-03-17 00:26:14,380 DEBUG server.RaftServer$Division (RaftServerImpl.java:submitClientRequestAsync(835)) - s4@group-04A534573A2A: receive client request(RaftClientRequest:client-E90C079F570D->s4@group-04A534573A2A, cid=6239, seq=0, RW, Message:010161024053c0000000...(size=12))
2023-03-17 00:26:14,380 DEBUG server.RaftServer$Division (LeaderStateImpl.java:addPendingRequest(474)) - s4@group-04A534573A2A-LeaderStateImpl: addPendingRequest at RaftClientRequest:client-E90C079F570D->s4@group-04A534573A2A, cid=6239, seq=0, RW, Message:010161024053c0000000...(size=12), entry=(t:1, i:97), STATEMACHINELOGENTRY, 6239@client-E90C079F570D
2023-03-17 00:26:14,381 DEBUG server.RaftServer$Division (RaftServerImpl.java:logAppendEntries(1430)) - s5@group-04A534573A2A: succeeded to handle AppendEntries. Reply: s4<-s5#6240:OK-t1,SUCCESS,nextIndex=97,followerCommit=95,matchIndex=96
2023-03-17 00:26:14,381 DEBUG server.RaftServer$Division (RaftServerImpl.java:logAppendEntries(1430)) - s6@group-04A534573A2A: receive appendEntries(s4, 1, (t:1, i:95), 95, true, commits:[s4:c95, s5:c93, s6:c94], cId:6241, entries: [(t:1, i:96), METADATAENTRY(c:95), (t:1, i:97), STATEMACHINELOGENTRY, 6239@client-E90C079F570D]
2023-03-17 00:26:14,381 DEBUG server.RaftServer$Division (RaftServerImpl.java:logAppendEntries(1430)) - s5@group-04A534573A2A: receive appendEntries(s4, 1, (t:1, i:96), 95, true, commits:[s4:c95, s5:c95, s6:c94], cId:6242, entries: [(t:1, i:97), STATEMACHINELOGENTRY, 6239@client-E90C079F570D]
2023-03-17 00:26:14,382 DEBUG server.RaftServer$Division (RaftServerImpl.java:logAppendEntries(1430)) - s5@group-04A534573A2A: succeeded to handle AppendEntries. Reply: s4<-s5#6242:OK-t1,SUCCESS,nextIndex=98,followerCommit=95,matchIndex=97
2023-03-17 00:26:14,382 DEBUG server.RaftServer$Division (RaftServerImpl.java:logAppendEntries(1430)) - s6@group-04A534573A2A: succeeded to handle AppendEntries. Reply: s4<-s6#6241:OK-t1,SUCCESS,nextIndex=98,followerCommit=95,matchIndex=97
2023-03-17 00:26:14,383 INFO  statemachine.StateMachine (ArithmeticStateMachine.java:applyTransaction(182)) - LEADER:s4-97: a = 79 = 79
2023-03-17 00:26:14,383 DEBUG server.RaftServer$Division (RaftServerImpl.java:logAppendEntries(1430)) - s6@group-04A534573A2A: receive appendEntries(s4, 1, (t:1, i:97), 97, true, commits:[s4:c97, s5:c95, s6:c95], cId:6243, entries: [(t:1, i:98), METADATAENTRY(c:97)]
2023-03-17 00:26:14,384 DEBUG server.RaftServer$Division (RaftServerImpl.java:logAppendEntries(1430)) - s6@group-04A534573A2A: succeeded to handle AppendEntries. Reply: s4<-s6#6243:OK-t1,SUCCESS,nextIndex=99,followerCommit=97,matchIndex=98
2023-03-17 00:26:14,384 DEBUG server.RaftServer$Division (RaftServerImpl.java:submitClientRequestAsync(835)) - s4@group-04A534573A2A: receive client request(RaftClientRequest:client-E90C079F570D->s4@group-04A534573A2A, cid=6244, seq=0, RW, Message:0101620240a860000000...(size=12))
2023-03-17 00:26:14,384 DEBUG server.RaftServer$Division (LeaderStateImpl.java:addPendingRequest(474)) - s4@group-04A534573A2A-LeaderStateImpl: addPendingRequest at RaftClientRequest:client-E90C079F570D->s4@group-04A534573A2A, cid=6244, seq=0, RW, Message:0101620240a860000000...(size=12), entry=(t:1, i:99), STATEMACHINELOGENTRY, 6244@client-E90C079F570D
2023-03-17 00:26:14,384 DEBUG server.RaftServer$Division (RaftServerImpl.java:logAppendEntries(1430)) - s5@group-04A534573A2A: receive appendEntries(s4, 1, (t:1, i:97), 97, true, commits:[s4:c97, s5:c95, s6:c95], cId:6245, entries: [(t:1, i:98), METADATAENTRY(c:97)]
2023-03-17 00:26:14,385 DEBUG server.RaftServer$Division (RaftServerImpl.java:logAppendEntries(1430)) - s5@group-04A534573A2A: succeeded to handle AppendEntries. Reply: s4<-s5#6245:OK-t1,SUCCESS,nextIndex=99,followerCommit=97,matchIndex=98
2023-03-17 00:26:14,387 DEBUG server.RaftServer$Division (RaftServerImpl.java:logAppendEntries(1430)) - s6@group-04A534573A2A: receive appendEntries(s4, 1, (t:1, i:98), 98, true, commits:[s4:c98, s5:c95, s6:c97], cId:6246, entries: [(t:1, i:99), STATEMACHINELOGENTRY, 6244@client-E90C079F570D]
2023-03-17 00:26:14,387 DEBUG server.RaftServer$Division (RaftServerImpl.java:logAppendEntries(1430)) - s5@group-04A534573A2A: receive appendEntries(s4, 1, (t:1, i:98), 98, true, commits:[s4:c98, s5:c97, s6:c97], cId:6247, entries: [(t:1, i:99), STATEMACHINELOGENTRY, 6244@client-E90C079F570D]
2023-03-17 00:26:14,389 DEBUG server.RaftServer$Division (RaftServerImpl.java:logAppendEntries(1430)) - s6@group-04A534573A2A: succeeded to handle AppendEntries. Reply: s4<-s6#6246:OK-t1,SUCCESS,nextIndex=100,followerCommit=98,matchIndex=99
2023-03-17 00:26:14,389 DEBUG server.RaftServer$Division (RaftServerImpl.java:logAppendEntries(1430)) - s5@group-04A534573A2A: succeeded to handle AppendEntries. Reply: s4<-s5#6247:OK-t1,SUCCESS,nextIndex=100,followerCommit=98,matchIndex=99
2023-03-17 00:26:14,389 INFO  statemachine.StateMachine (ArithmeticStateMachine.java:applyTransaction(182)) - LEADER:s4-99: b = 3120 = 3120
2023-03-17 00:26:14,390 DEBUG server.RaftServer$Division (RaftServerImpl.java:logAppendEntries(1430)) - s5@group-04A534573A2A: receive appendEntries(s4, 1, (t:1, i:99), 99, true, commits:[s4:c99, s5:c98, s6:c97], cId:6248, entries: [(t:1, i:100), METADATAENTRY(c:99)]
2023-03-17 00:26:14,390 DEBUG server.RaftServer$Division (RaftServerImpl.java:submitClientRequestAsync(835)) - s4@group-04A534573A2A: receive client request(RaftClientRequest:client-E90C079F570D->s4@group-04A534573A2A, cid=6249, seq=0, RW, Message:01016304010300040201...(size=17))
2023-03-17 00:26:14,390 DEBUG server.RaftServer$Division (LeaderStateImpl.java:addPendingRequest(474)) - s4@group-04A534573A2A-LeaderStateImpl: addPendingRequest at RaftClientRequest:client-E90C079F570D->s4@group-04A534573A2A, cid=6249, seq=0, RW, Message:01016304010300040201...(size=17), entry=(t:1, i:101), STATEMACHINELOGENTRY, 6249@client-E90C079F570D
2023-03-17 00:26:14,390 DEBUG server.RaftServer$Division (RaftServerImpl.java:logAppendEntries(1430)) - s5@group-04A534573A2A: succeeded to handle AppendEntries. Reply: s4<-s5#6248:OK-t1,SUCCESS,nextIndex=101,followerCommit=99,matchIndex=100
2023-03-17 00:26:14,391 DEBUG server.RaftServer$Division (RaftServerImpl.java:logAppendEntries(1430)) - s5@group-04A534573A2A: receive appendEntries(s4, 1, (t:1, i:100), 99, true, commits:[s4:c99, s5:c99, s6:c98], cId:6251, entries: [(t:1, i:101), STATEMACHINELOGENTRY, 6249@client-E90C079F570D]
2023-03-17 00:26:14,392 DEBUG server.RaftServer$Division (RaftServerImpl.java:logAppendEntries(1430)) - s6@group-04A534573A2A: receive appendEntries(s4, 1, (t:1, i:99), 99, true, commits:[s4:c99, s5:c98, s6:c98], cId:6250, entries: [(t:1, i:100), METADATAENTRY(c:99), (t:1, i:101), STATEMACHINELOGENTRY, 6249@client-E90C079F570D]
2023-03-17 00:26:14,392 DEBUG server.RaftServer$Division (RaftServerImpl.java:logAppendEntries(1430)) - s5@group-04A534573A2A: succeeded to handle AppendEntries. Reply: s4<-s5#6251:OK-t1,SUCCESS,nextIndex=102,followerCommit=99,matchIndex=101
2023-03-17 00:26:14,392 INFO  statemachine.StateMachine (ArithmeticStateMachine.java:applyTransaction(182)) - LEADER:s4-101: c = √(a^2 + b^2) = 3121
2023-03-17 00:26:14,393 DEBUG server.RaftServer$Division (RaftServerImpl.java:logAppendEntries(1430)) - s5@group-04A534573A2A: receive appendEntries(s4, 1, (t:1, i:101), 101, true, commits:[s4:c101, s5:c99, s6:c98], cId:6252, entries: [(t:1, i:102), METADATAENTRY(c:101)]
2023-03-17 00:26:14,393 DEBUG server.RaftServer$Division (RaftServerImpl.java:submitClientRequestAsync(835)) - s4@group-04A534573A2A: receive client request(RaftClientRequest:client-E90C079F570D->s4@group-04A534573A2A, cid=6253, seq=0, RW, Message:01016100)
2023-03-17 00:26:14,393 DEBUG server.RaftServer$Division (LeaderStateImpl.java:addPendingRequest(474)) - s4@group-04A534573A2A-LeaderStateImpl: addPendingRequest at RaftClientRequest:client-E90C079F570D->s4@group-04A534573A2A, cid=6253, seq=0, RW, Message:01016100, entry=(t:1, i:103), STATEMACHINELOGENTRY, 6253@client-E90C079F570D
2023-03-17 00:26:14,393 DEBUG server.RaftServer$Division (RaftServerImpl.java:logAppendEntries(1430)) - s6@group-04A534573A2A: succeeded to handle AppendEntries. Reply: s4<-s6#6250:OK-t1,SUCCESS,nextIndex=102,followerCommit=99,matchIndex=101
2023-03-17 00:26:14,394 DEBUG server.RaftServer$Division (RaftServerImpl.java:logAppendEntries(1430)) - s5@group-04A534573A2A: succeeded to handle AppendEntries. Reply: s4<-s5#6252:OK-t1,SUCCESS,nextIndex=103,followerCommit=101,matchIndex=102
2023-03-17 00:26:14,395 DEBUG server.RaftServer$Division (RaftServerImpl.java:logAppendEntries(1430)) - s5@group-04A534573A2A: receive appendEntries(s4, 1, (t:1, i:102), 101, true, commits:[s4:c101, s5:c101, s6:c98], cId:6254, entries: [(t:1, i:103), STATEMACHINELOGENTRY, 6253@client-E90C079F570D]
2023-03-17 00:26:14,395 DEBUG server.RaftServer$Division (RaftServerImpl.java:logAppendEntries(1430)) - s5@group-04A534573A2A: succeeded to handle AppendEntries. Reply: s4<-s5#6254:OK-t1,SUCCESS,nextIndex=104,followerCommit=101,matchIndex=103
2023-03-17 00:26:14,395 INFO  statemachine.StateMachine (ArithmeticStateMachine.java:applyTransaction(182)) - LEADER:s4-103: a = null = null
2023-03-17 00:26:14,396 DEBUG server.RaftServer$Division (RaftServerImpl.java:logAppendEntries(1430)) - s5@group-04A534573A2A: receive appendEntries(s4, 1, (t:1, i:103), 103, true, commits:[s4:c103, s5:c101, s6:c99], cId:6256, entries: [(t:1, i:104), METADATAENTRY(c:103)]
2023-03-17 00:26:14,396 DEBUG server.RaftServer$Division (RaftServerImpl.java:submitClientRequestAsync(835)) - s4@group-04A534573A2A: receive client request(RaftClientRequest:client-E90C079F570D->s4@group-04A534573A2A, cid=6257, seq=0, RW, Message:01016200)
2023-03-17 00:26:14,396 DEBUG server.RaftServer$Division (LeaderStateImpl.java:addPendingRequest(474)) - s4@group-04A534573A2A-LeaderStateImpl: addPendingRequest at RaftClientRequest:client-E90C079F570D->s4@group-04A534573A2A, cid=6257, seq=0, RW, Message:01016200, entry=(t:1, i:105), STATEMACHINELOGENTRY, 6257@client-E90C079F570D
2023-03-17 00:26:14,397 DEBUG server.RaftServer$Division (RaftServerImpl.java:logAppendEntries(1430)) - s6@group-04A534573A2A: receive appendEntries(s4, 1, (t:1, i:101), 102, true, commits:[s4:c102, s5:c101, s6:c99], cId:6255, entries: [(t:1, i:102), METADATAENTRY(c:101), (t:1, i:103), STATEMACHINELOGENTRY, 6253@client-E90C079F570D]
2023-03-17 00:26:14,397 DEBUG server.RaftServer$Division (RaftServerImpl.java:logAppendEntries(1430)) - s5@group-04A534573A2A: succeeded to handle AppendEntries. Reply: s4<-s5#6256:OK-t1,SUCCESS,nextIndex=105,followerCommit=103,matchIndex=104
2023-03-17 00:26:14,398 DEBUG server.RaftServer$Division (RaftServerImpl.java:logAppendEntries(1430)) - s5@group-04A534573A2A: receive appendEntries(s4, 1, (t:1, i:104), 103, true, commits:[s4:c103, s5:c103, s6:c99], cId:6258, entries: [(t:1, i:105), STATEMACHINELOGENTRY, 6257@client-E90C079F570D]
2023-03-17 00:26:14,398 DEBUG server.RaftServer$Division (RaftServerImpl.java:logAppendEntries(1430)) - s5@group-04A534573A2A: succeeded to handle AppendEntries. Reply: s4<-s5#6258:OK-t1,SUCCESS,nextIndex=106,followerCommit=103,matchIndex=105
2023-03-17 00:26:14,398 DEBUG server.RaftServer$Division (RaftServerImpl.java:logAppendEntries(1430)) - s6@group-04A534573A2A: succeeded to handle AppendEntries. Reply: s4<-s6#6255:OK-t1,SUCCESS,nextIndex=104,followerCommit=102,matchIndex=103
2023-03-17 00:26:14,398 INFO  statemachine.StateMachine (ArithmeticStateMachine.java:applyTransaction(182)) - LEADER:s4-105: b = null = null
2023-03-17 00:26:14,399 DEBUG server.RaftServer$Division (RaftServerImpl.java:logAppendEntries(1430)) - s5@group-04A534573A2A: receive appendEntries(s4, 1, (t:1, i:105), 105, true, commits:[s4:c105, s5:c103, s6:c99], cId:6259, entries: [(t:1, i:106), METADATAENTRY(c:105)]
2023-03-17 00:26:14,399 DEBUG server.RaftServer$Division (RaftServerImpl.java:submitClientRequestAsync(835)) - s4@group-04A534573A2A: receive client request(RaftClientRequest:client-E90C079F570D->s4@group-04A534573A2A, cid=6260, seq=0, RW, Message:01016300)
2023-03-17 00:26:14,399 DEBUG server.RaftServer$Division (LeaderStateImpl.java:addPendingRequest(474)) - s4@group-04A534573A2A-LeaderStateImpl: addPendingRequest at RaftClientRequest:client-E90C079F570D->s4@group-04A534573A2A, cid=6260, seq=0, RW, Message:01016300, entry=(t:1, i:107), STATEMACHINELOGENTRY, 6260@client-E90C079F570D
2023-03-17 00:26:14,400 DEBUG server.RaftServer$Division (RaftServerImpl.java:logAppendEntries(1430)) - s5@group-04A534573A2A: succeeded to handle AppendEntries. Reply: s4<-s5#6259:OK-t1,SUCCESS,nextIndex=107,followerCommit=105,matchIndex=106
2023-03-17 00:26:14,401 DEBUG server.RaftServer$Division (RaftServerImpl.java:logAppendEntries(1430)) - s5@group-04A534573A2A: receive appendEntries(s4, 1, (t:1, i:106), 105, true, commits:[s4:c105, s5:c105, s6:c102], cId:6262, entries: [(t:1, i:107), STATEMACHINELOGENTRY, 6260@client-E90C079F570D]
2023-03-17 00:26:14,401 DEBUG server.RaftServer$Division (RaftServerImpl.java:logAppendEntries(1430)) - s6@group-04A534573A2A: receive appendEntries(s4, 1, (t:1, i:103), 105, true, commits:[s4:c105, s5:c103, s6:c102], cId:6261, entries: [(t:1, i:104), METADATAENTRY(c:103), (t:1, i:105), STATEMACHINELOGENTRY, 6257@client-E90C079F570D, (t:1, i:106), METADATAENTRY(c:105), (t:1, i:107), STATEMACHINELOGENTRY, 6260@client-E90C079F570D]
2023-03-17 00:26:14,401 DEBUG server.RaftServer$Division (RaftServerImpl.java:logAppendEntries(1430)) - s5@group-04A534573A2A: succeeded to handle AppendEntries. Reply: s4<-s5#6262:OK-t1,SUCCESS,nextIndex=108,followerCommit=105,matchIndex=107
2023-03-17 00:26:14,402 INFO  statemachine.StateMachine (ArithmeticStateMachine.java:applyTransaction(182)) - LEADER:s4-107: c = null = null
2023-03-17 00:26:14,402 DEBUG server.RaftServer$Division (RaftServerImpl.java:logAppendEntries(1430)) - s5@group-04A534573A2A: receive appendEntries(s4, 1, (t:1, i:107), 107, true, commits:[s4:c107, s5:c105, s6:c102], cId:6263, entries: [(t:1, i:108), METADATAENTRY(c:107)]
2023-03-17 00:26:14,402 DEBUG server.RaftServer$Division (RaftServerImpl.java:submitClientRequestAsync(835)) - s4@group-04A534573A2A: receive client request(RaftClientRequest:client-E90C079F570D->s4@group-04A534573A2A, cid=6264, seq=0, RW, Message:01016102405440000000...(size=12))
2023-03-17 00:26:14,403 DEBUG server.RaftServer$Division (LeaderStateImpl.java:addPendingRequest(474)) - s4@group-04A534573A2A-LeaderStateImpl: addPendingRequest at RaftClientRequest:client-E90C079F570D->s4@group-04A534573A2A, cid=6264, seq=0, RW, Message:01016102405440000000...(size=12), entry=(t:1, i:109), STATEMACHINELOGENTRY, 6264@client-E90C079F570D
2023-03-17 00:26:14,403 DEBUG server.RaftServer$Division (RaftServerImpl.java:logAppendEntries(1430)) - s5@group-04A534573A2A: succeeded to handle AppendEntries. Reply: s4<-s5#6263:OK-t1,SUCCESS,nextIndex=109,followerCommit=107,matchIndex=108
2023-03-17 00:26:14,403 DEBUG server.RaftServer$Division (RaftServerImpl.java:logAppendEntries(1430)) - s6@group-04A534573A2A: succeeded to handle AppendEntries. Reply: s4<-s6#6261:OK-t1,SUCCESS,nextIndex=108,followerCommit=105,matchIndex=107
2023-03-17 00:26:14,404 DEBUG server.RaftServer$Division (RaftServerImpl.java:logAppendEntries(1430)) - s5@group-04A534573A2A: receive appendEntries(s4, 1, (t:1, i:108), 107, true, commits:[s4:c107, s5:c107, s6:c102], cId:6265, entries: [(t:1, i:109), STATEMACHINELOGENTRY, 6264@client-E90C079F570D]
2023-03-17 00:26:14,404 DEBUG server.RaftServer$Division (RaftServerImpl.java:logAppendEntries(1430)) - s5@group-04A534573A2A: succeeded to handle AppendEntries. Reply: s4<-s5#6265:OK-t1,SUCCESS,nextIndex=110,followerCommit=107,matchIndex=109
2023-03-17 00:26:14,405 INFO  statemachine.StateMachine (ArithmeticStateMachine.java:applyTransaction(182)) - LEADER:s4-109: a = 81 = 81
2023-03-17 00:26:14,405 DEBUG server.RaftServer$Division (RaftServerImpl.java:logAppendEntries(1430)) - s5@group-04A534573A2A: receive appendEntries(s4, 1, (t:1, i:109), 109, true, commits:[s4:c109, s5:c107, s6:c105], cId:6267, entries: [(t:1, i:110), METADATAENTRY(c:109)]
2023-03-17 00:26:14,405 DEBUG server.RaftServer$Division (RaftServerImpl.java:submitClientRequestAsync(835)) - s4@group-04A534573A2A: receive client request(RaftClientRequest:client-E90C079F570D->s4@group-04A534573A2A, cid=6268, seq=0, RW, Message:0101620240a9a0000000...(size=12))
2023-03-17 00:26:14,406 DEBUG server.RaftServer$Division (LeaderStateImpl.java:addPendingRequest(474)) - s4@group-04A534573A2A-LeaderStateImpl: addPendingRequest at RaftClientRequest:client-E90C079F570D->s4@group-04A534573A2A, cid=6268, seq=0, RW, Message:0101620240a9a0000000...(size=12), entry=(t:1, i:111), STATEMACHINELOGENTRY, 6268@client-E90C079F570D
2023-03-17 00:26:14,406 DEBUG server.RaftServer$Division (RaftServerImpl.java:logAppendEntries(1430)) - s5@group-04A534573A2A: succeeded to handle AppendEntries. Reply: s4<-s5#6267:OK-t1,SUCCESS,nextIndex=111,followerCommit=109,matchIndex=110
2023-03-17 00:26:14,408 DEBUG server.RaftServer$Division (RaftServerImpl.java:logAppendEntries(1430)) - s5@group-04A534573A2A: receive appendEntries(s4, 1, (t:1, i:110), 109, true, commits:[s4:c109, s5:c109, s6:c105], cId:6269, entries: [(t:1, i:111), STATEMACHINELOGENTRY, 6268@client-E90C079F570D]
2023-03-17 00:26:14,408 DEBUG server.RaftServer$Division (RaftServerImpl.java:logAppendEntries(1430)) - s6@group-04A534573A2A: receive appendEntries(s4, 1, (t:1, i:107), 108, true, commits:[s4:c108, s5:c107, s6:c105], cId:6266, entries: [(t:1, i:108), METADATAENTRY(c:107), (t:1, i:109), STATEMACHINELOGENTRY, 6264@client-E90C079F570D]
2023-03-17 00:26:14,408 DEBUG server.RaftServer$Division (RaftServerImpl.java:logAppendEntries(1430)) - s5@group-04A534573A2A: succeeded to handle AppendEntries. Reply: s4<-s5#6269:OK-t1,SUCCESS,nextIndex=112,followerCommit=109,matchIndex=111
2023-03-17 00:26:14,408 INFO  statemachine.StateMachine (ArithmeticStateMachine.java:applyTransaction(182)) - LEADER:s4-111: b = 3280 = 3280
2023-03-17 00:26:14,409 DEBUG server.RaftServer$Division (RaftServerImpl.java:logAppendEntries(1430)) - s5@group-04A534573A2A: receive appendEntries(s4, 1, (t:1, i:111), 111, true, commits:[s4:c111, s5:c109, s6:c105], cId:6270, entries: [(t:1, i:112), METADATAENTRY(c:111)]
2023-03-17 00:26:14,409 DEBUG server.RaftServer$Division (RaftServerImpl.java:submitClientRequestAsync(835)) - s4@group-04A534573A2A: receive client request(RaftClientRequest:client-E90C079F570D->s4@group-04A534573A2A, cid=6271, seq=0, RW, Message:01016304010300040201...(size=17))
2023-03-17 00:26:14,409 DEBUG server.RaftServer$Division (LeaderStateImpl.java:addPendingRequest(474)) - s4@group-04A534573A2A-LeaderStateImpl: addPendingRequest at RaftClientRequest:client-E90C079F570D->s4@group-04A534573A2A, cid=6271, seq=0, RW, Message:01016304010300040201...(size=17), entry=(t:1, i:113), STATEMACHINELOGENTRY, 6271@client-E90C079F570D
2023-03-17 00:26:14,410 DEBUG server.RaftServer$Division (RaftServerImpl.java:logAppendEntries(1430)) - s5@group-04A534573A2A: succeeded to handle AppendEntries. Reply: s4<-s5#6270:OK-t1,SUCCESS,nextIndex=113,followerCommit=111,matchIndex=112
2023-03-17 00:26:14,410 DEBUG server.RaftServer$Division (RaftServerImpl.java:logAppendEntries(1430)) - s6@group-04A534573A2A: succeeded to handle AppendEntries. Reply: s4<-s6#6266:OK-t1,SUCCESS,nextIndex=110,followerCommit=108,matchIndex=109
2023-03-17 00:26:14,411 DEBUG server.RaftServer$Division (RaftServerImpl.java:logAppendEntries(1430)) - s5@group-04A534573A2A: receive appendEntries(s4, 1, (t:1, i:112), 111, true, commits:[s4:c111, s5:c111, s6:c105], cId:6272, entries: [(t:1, i:113), STATEMACHINELOGENTRY, 6271@client-E90C079F570D]
2023-03-17 00:26:14,411 DEBUG server.RaftServer$Division (RaftServerImpl.java:logAppendEntries(1430)) - s5@group-04A534573A2A: succeeded to handle AppendEntries. Reply: s4<-s5#6272:OK-t1,SUCCESS,nextIndex=114,followerCommit=111,matchIndex=113
2023-03-17 00:26:14,412 INFO  statemachine.StateMachine (ArithmeticStateMachine.java:applyTransaction(182)) - LEADER:s4-113: c = √(a^2 + b^2) = 3281
2023-03-17 00:26:14,412 DEBUG server.RaftServer$Division (RaftServerImpl.java:logAppendEntries(1430)) - s5@group-04A534573A2A: receive appendEntries(s4, 1, (t:1, i:113), 113, true, commits:[s4:c113, s5:c111, s6:c108], cId:6274, entries: [(t:1, i:114), METADATAENTRY(c:113)]
2023-03-17 00:26:14,412 DEBUG server.RaftServer$Division (RaftServerImpl.java:submitClientRequestAsync(835)) - s4@group-04A534573A2A: receive client request(RaftClientRequest:client-E90C079F570D->s4@group-04A534573A2A, cid=6275, seq=0, RW, Message:01016100)
2023-03-17 00:26:14,413 DEBUG server.RaftServer$Division (LeaderStateImpl.java:addPendingRequest(474)) - s4@group-04A534573A2A-LeaderStateImpl: addPendingRequest at RaftClientRequest:client-E90C079F570D->s4@group-04A534573A2A, cid=6275, seq=0, RW, Message:01016100, entry=(t:1, i:115), STATEMACHINELOGENTRY, 6275@client-E90C079F570D
2023-03-17 00:26:14,413 DEBUG server.RaftServer$Division (RaftServerImpl.java:logAppendEntries(1430)) - s6@group-04A534573A2A: receive appendEntries(s4, 1, (t:1, i:109), 112, true, commits:[s4:c112, s5:c111, s6:c108], cId:6273, entries: [(t:1, i:110), METADATAENTRY(c:109), (t:1, i:111), STATEMACHINELOGENTRY, 6268@client-E90C079F570D, (t:1, i:112), METADATAENTRY(c:111), (t:1, i:113), STATEMACHINELOGENTRY, 6271@client-E90C079F570D]
2023-03-17 00:26:14,413 DEBUG server.RaftServer$Division (RaftServerImpl.java:logAppendEntries(1430)) - s5@group-04A534573A2A: succeeded to handle AppendEntries. Reply: s4<-s5#6274:OK-t1,SUCCESS,nextIndex=115,followerCommit=113,matchIndex=114
2023-03-17 00:26:14,414 DEBUG server.RaftServer$Division (RaftServerImpl.java:logAppendEntries(1430)) - s5@group-04A534573A2A: receive appendEntries(s4, 1, (t:1, i:114), 113, true, commits:[s4:c113, s5:c113, s6:c108], cId:6276, entries: [(t:1, i:115), STATEMACHINELOGENTRY, 6275@client-E90C079F570D]
2023-03-17 00:26:14,414 DEBUG server.RaftServer$Division (RaftServerImpl.java:logAppendEntries(1430)) - s5@group-04A534573A2A: succeeded to handle AppendEntries. Reply: s4<-s5#6276:OK-t1,SUCCESS,nextIndex=116,followerCommit=113,matchIndex=115
2023-03-17 00:26:14,415 DEBUG server.RaftServer$Division (RaftServerImpl.java:logAppendEntries(1430)) - s6@group-04A534573A2A: succeeded to handle AppendEntries. Reply: s4<-s6#6273:OK-t1,SUCCESS,nextIndex=114,followerCommit=112,matchIndex=113
2023-03-17 00:26:14,415 INFO  statemachine.StateMachine (ArithmeticStateMachine.java:applyTransaction(182)) - LEADER:s4-115: a = null = null
2023-03-17 00:26:14,416 DEBUG server.RaftServer$Division (RaftServerImpl.java:submitClientRequestAsync(835)) - s4@group-04A534573A2A: receive client request(RaftClientRequest:client-E90C079F570D->s4@group-04A534573A2A, cid=6278, seq=0, RW, Message:01016200)
2023-03-17 00:26:14,416 DEBUG server.RaftServer$Division (LeaderStateImpl.java:addPendingRequest(474)) - s4@group-04A534573A2A-LeaderStateImpl: addPendingRequest at RaftClientRequest:client-E90C079F570D->s4@group-04A534573A2A, cid=6278, seq=0, RW, Message:01016200, entry=(t:1, i:117), STATEMACHINELOGENTRY, 6278@client-E90C079F570D
2023-03-17 00:26:14,416 DEBUG server.RaftServer$Division (RaftServerImpl.java:logAppendEntries(1430)) - s6@group-04A534573A2A: receive appendEntries(s4, 1, (t:1, i:113), 115, true, commits:[s4:c115, s5:c113, s6:c112], cId:6279, entries: [(t:1, i:114), METADATAENTRY(c:113), (t:1, i:115), STATEMACHINELOGENTRY, 6275@client-E90C079F570D, (t:1, i:116), METADATAENTRY(c:115)]
2023-03-17 00:26:14,416 DEBUG server.RaftServer$Division (RaftServerImpl.java:logAppendEntries(1430)) - s5@group-04A534573A2A: receive appendEntries(s4, 1, (t:1, i:115), 115, true, commits:[s4:c115, s5:c113, s6:c108], cId:6277, entries: [(t:1, i:116), METADATAENTRY(c:115)]
2023-03-17 00:26:14,417 DEBUG server.RaftServer$Division (RaftServerImpl.java:logAppendEntries(1430)) - s6@group-04A534573A2A: succeeded to handle AppendEntries. Reply: s4<-s6#6279:OK-t1,SUCCESS,nextIndex=117,followerCommit=115,matchIndex=116
2023-03-17 00:26:14,417 DEBUG server.RaftServer$Division (RaftServerImpl.java:logAppendEntries(1430)) - s5@group-04A534573A2A: succeeded to handle AppendEntries. Reply: s4<-s5#6277:OK-t1,SUCCESS,nextIndex=117,followerCommit=115,matchIndex=116
2023-03-17 00:26:14,419 DEBUG server.RaftServer$Division (RaftServerImpl.java:logAppendEntries(1430)) - s5@group-04A534573A2A: receive appendEntries(s4, 1, (t:1, i:116), 115, true, commits:[s4:c115, s5:c115, s6:c112], cId:6280, entries: [(t:1, i:117), STATEMACHINELOGENTRY, 6278@client-E90C079F570D]
2023-03-17 00:26:14,419 DEBUG server.RaftServer$Division (RaftServerImpl.java:logAppendEntries(1430)) - s6@group-04A534573A2A: receive appendEntries(s4, 1, (t:1, i:116), 116, true, commits:[s4:c116, s5:c115, s6:c115], cId:6281, entries: [(t:1, i:117), STATEMACHINELOGENTRY, 6278@client-E90C079F570D]
2023-03-17 00:26:14,419 DEBUG server.RaftServer$Division (RaftServerImpl.java:logAppendEntries(1430)) - s5@group-04A534573A2A: succeeded to handle AppendEntries. Reply: s4<-s5#6280:OK-t1,SUCCESS,nextIndex=118,followerCommit=115,matchIndex=117
2023-03-17 00:26:14,420 INFO  statemachine.StateMachine (ArithmeticStateMachine.java:applyTransaction(182)) - LEADER:s4-117: b = null = null
2023-03-17 00:26:14,420 DEBUG server.RaftServer$Division (RaftServerImpl.java:logAppendEntries(1430)) - s6@group-04A534573A2A: succeeded to handle AppendEntries. Reply: s4<-s6#6281:OK-t1,SUCCESS,nextIndex=118,followerCommit=116,matchIndex=117
2023-03-17 00:26:14,420 DEBUG server.RaftServer$Division (RaftServerImpl.java:submitClientRequestAsync(835)) - s4@group-04A534573A2A: receive client request(RaftClientRequest:client-E90C079F570D->s4@group-04A534573A2A, cid=6283, seq=0, RW, Message:01016300)
2023-03-17 00:26:14,420 DEBUG server.RaftServer$Division (LeaderStateImpl.java:addPendingRequest(474)) - s4@group-04A534573A2A-LeaderStateImpl: addPendingRequest at RaftClientRequest:client-E90C079F570D->s4@group-04A534573A2A, cid=6283, seq=0, RW, Message:01016300, entry=(t:1, i:119), STATEMACHINELOGENTRY, 6283@client-E90C079F570D
2023-03-17 00:26:14,421 DEBUG server.RaftServer$Division (RaftServerImpl.java:logAppendEntries(1430)) - s6@group-04A534573A2A: receive appendEntries(s4, 1, (t:1, i:117), 117, true, commits:[s4:c117, s5:c115, s6:c116], cId:6284, entries: [(t:1, i:118), METADATAENTRY(c:117)]
2023-03-17 00:26:14,420 DEBUG server.RaftServer$Division (RaftServerImpl.java:logAppendEntries(1430)) - s5@group-04A534573A2A: receive appendEntries(s4, 1, (t:1, i:117), 117, true, commits:[s4:c117, s5:c115, s6:c115], cId:6282, entries: [(t:1, i:118), METADATAENTRY(c:117)]
2023-03-17 00:26:14,421 DEBUG server.RaftServer$Division (RaftServerImpl.java:logAppendEntries(1430)) - s6@group-04A534573A2A: succeeded to handle AppendEntries. Reply: s4<-s6#6284:OK-t1,SUCCESS,nextIndex=119,followerCommit=117,matchIndex=118
2023-03-17 00:26:14,422 DEBUG server.RaftServer$Division (RaftServerImpl.java:logAppendEntries(1430)) - s5@group-04A534573A2A: succeeded to handle AppendEntries. Reply: s4<-s5#6282:OK-t1,SUCCESS,nextIndex=119,followerCommit=117,matchIndex=118
2023-03-17 00:26:14,423 DEBUG server.RaftServer$Division (RaftServerImpl.java:logAppendEntries(1430)) - s5@group-04A534573A2A: receive appendEntries(s4, 1, (t:1, i:118), 118, true, commits:[s4:c118, s5:c117, s6:c117], cId:6286, entries: [(t:1, i:119), STATEMACHINELOGENTRY, 6283@client-E90C079F570D]
2023-03-17 00:26:14,423 DEBUG server.RaftServer$Division (RaftServerImpl.java:logAppendEntries(1430)) - s6@group-04A534573A2A: receive appendEntries(s4, 1, (t:1, i:118), 118, true, commits:[s4:c118, s5:c115, s6:c117], cId:6285, entries: [(t:1, i:119), STATEMACHINELOGENTRY, 6283@client-E90C079F570D]
2023-03-17 00:26:14,423 DEBUG server.RaftServer$Division (RaftServerImpl.java:logAppendEntries(1430)) - s5@group-04A534573A2A: succeeded to handle AppendEntries. Reply: s4<-s5#6286:OK-t1,SUCCESS,nextIndex=120,followerCommit=118,matchIndex=119
2023-03-17 00:26:14,424 INFO  statemachine.StateMachine (ArithmeticStateMachine.java:applyTransaction(182)) - LEADER:s4-119: c = null = null
2023-03-17 00:26:14,424 DEBUG server.RaftServer$Division (RaftServerImpl.java:logAppendEntries(1430)) - s5@group-04A534573A2A: receive appendEntries(s4, 1, (t:1, i:119), 119, true, commits:[s4:c119, s5:c118, s6:c117], cId:6287, entries: [(t:1, i:120), METADATAENTRY(c:119)]
2023-03-17 00:26:14,424 DEBUG server.RaftServer$Division (RaftServerImpl.java:logAppendEntries(1430)) - s6@group-04A534573A2A: succeeded to handle AppendEntries. Reply: s4<-s6#6285:OK-t1,SUCCESS,nextIndex=120,followerCommit=118,matchIndex=119
2023-03-17 00:26:14,425 DEBUG server.RaftServer$Division (RaftServerImpl.java:logAppendEntries(1430)) - s6@group-04A534573A2A: receive appendEntries(s4, 1, (t:1, i:119), 119, true, commits:[s4:c119, s5:c118, s6:c118], cId:6288, entries: [(t:1, i:120), METADATAENTRY(c:119)]
2023-03-17 00:26:14,428 DEBUG server.RaftServer$Division (RaftServerImpl.java:logAppendEntries(1430)) - s5@group-04A534573A2A: succeeded to handle AppendEntries. Reply: s4<-s5#6287:OK-t1,SUCCESS,nextIndex=121,followerCommit=119,matchIndex=120
2023-03-17 00:26:14,428 DEBUG server.RaftServer$Division (RaftServerImpl.java:logAppendEntries(1430)) - s6@group-04A534573A2A: succeeded to handle AppendEntries. Reply: s4<-s6#6288:OK-t1,SUCCESS,nextIndex=121,followerCommit=119,matchIndex=120
2023-03-17 00:26:14,438 INFO  impl.GroupManagementBaseTest (GroupManagementBaseTest.java:runMultiGroupTest(281)) - 4) starting group-69A93867D6DE:[s7|rpc:0.0.0.0:44573|priority:0|startupRole:FOLLOWER, s8|rpc:0.0.0.0:45461|priority:0|startupRole:FOLLOWER, s9|rpc:0.0.0.0:42413|priority:0|startupRole:FOLLOWER]
2023-03-17 00:26:14,440 INFO  logging.LoggingHandler (AbstractInternalLogger.java:log(148)) - [id: 0xdc48b285, L:/0.0.0.0:44573] READ: [id: 0x2491837e, L:/10.1.0.17:44573 - R:/10.1.0.17:39846]
2023-03-17 00:26:14,443 INFO  logging.LoggingHandler (AbstractInternalLogger.java:log(148)) - [id: 0xdc48b285, L:/0.0.0.0:44573] READ COMPLETE
2023-03-17 00:26:14,446 INFO  server.RaftServer$Division (RaftServerImpl.java:<init>(198)) - s7: new RaftServerImpl for group-69A93867D6DE:[s7|rpc:0.0.0.0:44573|dataStream:|priority:0|startupRole:FOLLOWER, s8|rpc:0.0.0.0:45461|dataStream:|priority:0|startupRole:FOLLOWER, s9|rpc:0.0.0.0:42413|dataStream:|priority:0|startupRole:FOLLOWER] with ArithmeticStateMachine:uninitialized
2023-03-17 00:26:14,446 INFO  server.RaftServerConfigKeys (ConfUtils.java:logGet(46)) - raft.server.rpc.timeout.min = 300ms (custom)
2023-03-17 00:26:14,446 INFO  server.RaftServerConfigKeys (ConfUtils.java:logGet(46)) - raft.server.rpc.timeout.max = 600ms (custom)
2023-03-17 00:26:14,447 INFO  server.RaftServerConfigKeys (ConfUtils.java:logGet(46)) - raft.server.rpc.sleep.time = 25ms (default)
2023-03-17 00:26:14,447 INFO  server.RaftServerConfigKeys (ConfUtils.java:logGet(46)) - raft.server.rpc.slowness.timeout = 60s (default)
2023-03-17 00:26:14,447 INFO  server.RaftServerConfigKeys (ConfUtils.java:logGet(46)) - raft.server.leaderelection.leader.step-down.wait-time = 10s (default)
2023-03-17 00:26:14,447 INFO  server.RaftServerConfigKeys (ConfUtils.java:logGet(46)) - raft.server.sleep.deviation.threshold = 300ms (default)
2023-03-17 00:26:14,447 INFO  server.RaftServer$Division (ServerState.java:<init>(113)) - s7@group-69A93867D6DE: ConfigurationManager, init=-1: peers:[s7|rpc:0.0.0.0:44573|dataStream:|priority:0|startupRole:FOLLOWER, s8|rpc:0.0.0.0:45461|dataStream:|priority:0|startupRole:FOLLOWER, s9|rpc:0.0.0.0:42413|dataStream:|priority:0|startupRole:FOLLOWER]|listeners:[], old=null, confs=<EMPTY_MAP>
2023-03-17 00:26:14,447 INFO  server.RaftServerConfigKeys (ConfUtils.java:logGet(46)) - raft.server.notification.no-leader.timeout = 60s (default)
2023-03-17 00:26:14,447 INFO  server.RaftServerConfigKeys (ConfUtils.java:logGet(46)) - raft.server.read.timeout = 10s (default)
2023-03-17 00:26:14,447 INFO  server.RaftServerConfigKeys (ConfUtils.java:logGet(46)) - raft.server.retrycache.expirytime = 60s (default)
2023-03-17 00:26:14,447 INFO  server.RaftServerConfigKeys (ConfUtils.java:logGet(46)) - raft.server.retrycache.statistics.expirytime = 100μs (default)
2023-03-17 00:26:14,447 INFO  server.RaftServerConfigKeys (ConfUtils.java:logGet(46)) - raft.server.read.option = DEFAULT (default)
2023-03-17 00:26:14,448 INFO  server.RaftServerConfigKeys (ConfUtils.java:logGet(46)) - raft.server.log.appender.install.snapshot.enabled = true (default)
2023-03-17 00:26:14,448 INFO  server.RaftServerConfigKeys (ConfUtils.java:logGet(46)) - raft.server.threadpool.server.cached = true (default)
2023-03-17 00:26:14,448 INFO  server.RaftServerConfigKeys (ConfUtils.java:logGet(46)) - raft.server.threadpool.server.size = 0 (default)
2023-03-17 00:26:14,448 INFO  server.RaftServerConfigKeys (ConfUtils.java:logGet(46)) - raft.server.threadpool.client.cached = true (default)
2023-03-17 00:26:14,448 INFO  server.RaftServerConfigKeys (ConfUtils.java:logGet(46)) - raft.server.threadpool.client.size = 0 (default)
2023-03-17 00:26:14,449 INFO  server.RaftServer (RaftServerProxy.java:addNew(99)) - s7: addNew group-69A93867D6DE:[s7|rpc:0.0.0.0:44573|dataStream:|priority:0|startupRole:FOLLOWER, s8|rpc:0.0.0.0:45461|dataStream:|priority:0|startupRole:FOLLOWER, s9|rpc:0.0.0.0:42413|dataStream:|priority:0|startupRole:FOLLOWER] returns      null s7@group-69A93867D6DE:t0, leader=null, voted=null, raftlog=UNINITIALIZED, conf=-1: peers:[s7|rpc:0.0.0.0:44573|dataStream:|priority:0|startupRole:FOLLOWER, s8|rpc:0.0.0.0:45461|dataStream:|priority:0|startupRole:FOLLOWER, s9|rpc:0.0.0.0:42413|dataStream:|priority:0|startupRole:FOLLOWER]|listeners:[], old=null NEW
2023-03-17 00:26:14,450 INFO  server.RaftServerConfigKeys (ConfUtils.java:logGet(46)) - raft.server.storage.free-space.min = 0MB (=0) (default)
2023-03-17 00:26:14,450 INFO  server.RaftServerConfigKeys (ConfUtils.java:logGet(46)) - raft.server.log.corruption.policy = EXCEPTION (default)
2023-03-17 00:26:14,451 INFO  server.RaftServerConfigKeys (ConfUtils.java:logGet(46)) - raft.server.storage.dir = [/home/runner/work/ratis/ratis/ratis-examples/target/test/data/9a3b15da/MiniRaftClusterWithNettyce94e709/s7] (custom)
2023-03-17 00:26:14,451 INFO  storage.RaftStorageDirectory (RaftStorageDirectoryImpl.java:analyzeStorage(138)) - The storage directory /home/runner/work/ratis/ratis/ratis-examples/target/test/data/9a3b15da/MiniRaftClusterWithNettyce94e709/s7/5bddf1e9-aa65-44c6-8a15-69a93867d6de does not exist. Creating ...
2023-03-17 00:26:14,451 TRACE util.FileUtils (LogUtils.java:runAndLog(49)) - Successfully ran Files.createDirectories /home/runner/work/ratis/ratis/ratis-examples/target/test/data/9a3b15da/MiniRaftClusterWithNettyce94e709/s7/5bddf1e9-aa65-44c6-8a15-69a93867d6de
2023-03-17 00:26:14,452 INFO  storage.RaftStorageDirectory (RaftStorageDirectoryImpl.java:tryLock(232)) - Lock on /home/runner/work/ratis/ratis/ratis-examples/target/test/data/9a3b15da/MiniRaftClusterWithNettyce94e709/s7/5bddf1e9-aa65-44c6-8a15-69a93867d6de/in_use.lock acquired by nodename 17092@fv-az451-845
2023-03-17 00:26:14,453 TRACE util.FileUtils (LogUtils.java:runAndLog(49)) - Successfully ran Files.createDirectories /home/runner/work/ratis/ratis/ratis-examples/target/test/data/9a3b15da/MiniRaftClusterWithNettyce94e709/s7/5bddf1e9-aa65-44c6-8a15-69a93867d6de/current
2023-03-17 00:26:14,453 TRACE util.FileUtils (LogUtils.java:runAndLog(49)) - Successfully ran Files.createDirectories /home/runner/work/ratis/ratis/ratis-examples/target/test/data/9a3b15da/MiniRaftClusterWithNettyce94e709/s7/5bddf1e9-aa65-44c6-8a15-69a93867d6de/sm
2023-03-17 00:26:14,454 INFO  storage.RaftStorage (RaftStorageImpl.java:format(96)) - Storage directory /home/runner/work/ratis/ratis/ratis-examples/target/test/data/9a3b15da/MiniRaftClusterWithNettyce94e709/s7/5bddf1e9-aa65-44c6-8a15-69a93867d6de has been successfully formatted.
2023-03-17 00:26:14,454 WARN  statemachine.StateMachine (ArithmeticStateMachine.java:loadSnapshot(116)) - The snapshot info is null.
2023-03-17 00:26:14,454 INFO  server.RaftServerConfigKeys (ConfUtils.java:logGet(46)) - raft.server.log.use.memory = false (default)
2023-03-17 00:26:14,455 INFO  server.RaftServerConfigKeys (ConfUtils.java:logGet(46)) - raft.server.log.purge.gap = 1024 (default)
2023-03-17 00:26:14,455 INFO  server.RaftServerConfigKeys (ConfUtils.java:logGet(46)) - raft.server.log.appender.buffer.byte-limit = 4MB (=4194304) (default)
2023-03-17 00:26:14,455 INFO  server.RaftServerConfigKeys (ConfUtils.java:logGet(46)) - raft.server.log.statemachine.data.read.timeout = 1000ms (default)
2023-03-17 00:26:14,455 INFO  server.RaftServerConfigKeys (ConfUtils.java:logGet(46)) - raft.server.log.purge.preservation.log.num = 0 (default)
2023-03-17 00:26:14,455 INFO  server.RaftServerConfigKeys (ConfUtils.java:logGet(46)) - raft.server.log.segment.size.max = 8MB (=8388608) (default)
2023-03-17 00:26:14,455 INFO  server.RaftServerConfigKeys (ConfUtils.java:logGet(46)) - raft.server.log.segment.cache.num.max = 6 (default)
2023-03-17 00:26:14,456 INFO  server.RaftServerConfigKeys (ConfUtils.java:logGet(46)) - raft.server.log.segment.cache.size.max = 200MB (=209715200) (default)
2023-03-17 00:26:14,456 INFO  server.RaftServerConfigKeys (ConfUtils.java:logGet(46)) - raft.server.log.appender.buffer.byte-limit = 4MB (=4194304) (default)
2023-03-17 00:26:14,456 INFO  segmented.SegmentedRaftLogWorker (SegmentedRaftLogWorker.java:<init>(183)) - new s7@group-69A93867D6DE-SegmentedRaftLogWorker for RaftStorageImpl:Storage Directory /home/runner/work/ratis/ratis/ratis-examples/target/test/data/9a3b15da/MiniRaftClusterWithNettyce94e709/s7/5bddf1e9-aa65-44c6-8a15-69a93867d6de
2023-03-17 00:26:14,456 INFO  server.RaftServerConfigKeys (ConfUtils.java:logGet(46)) - raft.server.log.queue.byte-limit = 64MB (=67108864) (default)
2023-03-17 00:26:14,456 INFO  server.RaftServerConfigKeys (ConfUtils.java:logGet(46)) - raft.server.log.queue.element-limit = 4096 (default)
2023-03-17 00:26:14,456 INFO  server.RaftServerConfigKeys (ConfUtils.java:logGet(46)) - raft.server.log.segment.size.max = 8MB (=8388608) (default)
2023-03-17 00:26:14,456 INFO  server.RaftServerConfigKeys (ConfUtils.java:logGet(46)) - raft.server.log.preallocated.size = 4MB (=4194304) (default)
2023-03-17 00:26:14,456 INFO  server.RaftServerConfigKeys (ConfUtils.java:logGet(46)) - raft.server.log.force.sync.num = 128 (default)
2023-03-17 00:26:14,456 INFO  server.RaftServerConfigKeys (ConfUtils.java:logGet(46)) - raft.server.log.statemachine.data.sync = true (default)
2023-03-17 00:26:14,456 INFO  server.RaftServerConfigKeys (ConfUtils.java:logGet(46)) - raft.server.log.statemachine.data.sync.timeout = 10s (default)
2023-03-17 00:26:14,456 INFO  server.RaftServerConfigKeys (ConfUtils.java:logGet(46)) - raft.server.log.statemachine.data.sync.timeout.retry = -1 (default)
2023-03-17 00:26:14,457 INFO  server.RaftServerConfigKeys (ConfUtils.java:logGet(46)) - raft.server.log.write.buffer.size = 64KB (=65536) (default)
2023-03-17 00:26:14,457 INFO  server.RaftServerConfigKeys (ConfUtils.java:logGet(46)) - raft.server.log.appender.buffer.byte-limit = 4MB (=4194304) (default)
2023-03-17 00:26:14,471 INFO  server.RaftServerConfigKeys (ConfUtils.java:logGet(46)) - raft.server.log.unsafe-flush.enabled = false (default)
2023-03-17 00:26:14,471 INFO  server.RaftServerConfigKeys (ConfUtils.java:logGet(46)) - raft.server.log.async-flush.enabled = false (default)
2023-03-17 00:26:14,471 INFO  server.RaftServerConfigKeys (ConfUtils.java:logGet(46)) - raft.server.log.statemachine.data.caching.enabled = false (default)
2023-03-17 00:26:14,471 INFO  segmented.SegmentedRaftLogWorker (SegmentedRaftLogWorker.java:lambda$new$0(134)) - s7@group-69A93867D6DE-SegmentedRaftLogWorker: flushIndex: setUnconditionally 0 -> -1
2023-03-17 00:26:14,471 INFO  segmented.SegmentedRaftLogWorker (SegmentedRaftLogWorker.java:lambda$new$0(134)) - s7@group-69A93867D6DE-SegmentedRaftLogWorker: safeCacheEvictIndex: setUnconditionally 0 -> -1
2023-03-17 00:26:14,482 INFO  server.RaftServer$Division (RaftServerImpl.java:start(342)) - s7@group-69A93867D6DE: start as a follower, conf=-1: peers:[s7|rpc:0.0.0.0:44573|dataStream:|priority:0|startupRole:FOLLOWER, s8|rpc:0.0.0.0:45461|dataStream:|priority:0|startupRole:FOLLOWER, s9|rpc:0.0.0.0:42413|dataStream:|priority:0|startupRole:FOLLOWER]|listeners:[], old=null
2023-03-17 00:26:14,482 INFO  server.RaftServer$Division (RaftServerImpl.java:setRole(329)) - s7@group-69A93867D6DE: changes role from      null to FOLLOWER at term 0 for startAsFollower
2023-03-17 00:26:14,482 INFO  impl.RoleInfo (RoleInfo.java:updateAndGet(139)) - s7: start s7@group-69A93867D6DE-FollowerState
2023-03-17 00:26:14,487 INFO  util.JmxRegister (JmxRegister.java:tryRegister(44)) - Successfully registered JMX Bean with object name Ratis:service=RaftServer,group=group-69A93867D6DE,id=s7
2023-03-17 00:26:14,487 INFO  server.RaftServerConfigKeys (ConfUtils.java:logGet(46)) - raft.server.snapshot.auto.trigger.enabled = false (default)
2023-03-17 00:26:14,488 INFO  server.RaftServerConfigKeys (ConfUtils.java:logGet(46)) - raft.server.snapshot.retention.file.num = -1 (default)
2023-03-17 00:26:14,488 INFO  server.RaftServerConfigKeys (ConfUtils.java:logGet(46)) - raft.server.log.purge.upto.snapshot.index = false (default)
2023-03-17 00:26:14,489 INFO  server.RaftServerConfigKeys (ConfUtils.java:logFallback(53)) - raft.server.rpc.first-election.timeout.min = 300ms (fallback to raft.server.rpc.timeout.min)
2023-03-17 00:26:14,489 INFO  server.RaftServerConfigKeys (ConfUtils.java:logFallback(53)) - raft.server.rpc.first-election.timeout.max = 600ms (fallback to raft.server.rpc.timeout.max)
2023-03-17 00:26:14,526 INFO  logging.LoggingHandler (AbstractInternalLogger.java:log(148)) - [id: 0xd69245ec, L:/0.0.0.0:45461] READ: [id: 0x70e26ccd, L:/10.1.0.17:45461 - R:/10.1.0.17:52712]
2023-03-17 00:26:14,527 INFO  logging.LoggingHandler (AbstractInternalLogger.java:log(148)) - [id: 0xd69245ec, L:/0.0.0.0:45461] READ COMPLETE
2023-03-17 00:26:14,543 INFO  server.RaftServer$Division (RaftServerImpl.java:<init>(198)) - s8: new RaftServerImpl for group-69A93867D6DE:[s7|rpc:0.0.0.0:44573|dataStream:|priority:0|startupRole:FOLLOWER, s8|rpc:0.0.0.0:45461|dataStream:|priority:0|startupRole:FOLLOWER, s9|rpc:0.0.0.0:42413|dataStream:|priority:0|startupRole:FOLLOWER] with ArithmeticStateMachine:uninitialized
2023-03-17 00:26:14,543 INFO  server.RaftServerConfigKeys (ConfUtils.java:logGet(46)) - raft.server.rpc.timeout.min = 300ms (custom)
2023-03-17 00:26:14,543 INFO  server.RaftServerConfigKeys (ConfUtils.java:logGet(46)) - raft.server.rpc.timeout.max = 600ms (custom)
2023-03-17 00:26:14,543 INFO  server.RaftServerConfigKeys (ConfUtils.java:logGet(46)) - raft.server.rpc.sleep.time = 25ms (default)
2023-03-17 00:26:14,543 INFO  server.RaftServerConfigKeys (ConfUtils.java:logGet(46)) - raft.server.rpc.slowness.timeout = 60s (default)
2023-03-17 00:26:14,543 INFO  server.RaftServerConfigKeys (ConfUtils.java:logGet(46)) - raft.server.leaderelection.leader.step-down.wait-time = 10s (default)
2023-03-17 00:26:14,544 INFO  server.RaftServerConfigKeys (ConfUtils.java:logGet(46)) - raft.server.sleep.deviation.threshold = 300ms (default)
2023-03-17 00:26:14,544 INFO  server.RaftServer$Division (ServerState.java:<init>(113)) - s8@group-69A93867D6DE: ConfigurationManager, init=-1: peers:[s7|rpc:0.0.0.0:44573|dataStream:|priority:0|startupRole:FOLLOWER, s8|rpc:0.0.0.0:45461|dataStream:|priority:0|startupRole:FOLLOWER, s9|rpc:0.0.0.0:42413|dataStream:|priority:0|startupRole:FOLLOWER]|listeners:[], old=null, confs=<EMPTY_MAP>
2023-03-17 00:26:14,544 INFO  server.RaftServerConfigKeys (ConfUtils.java:logGet(46)) - raft.server.notification.no-leader.timeout = 60s (default)
2023-03-17 00:26:14,544 INFO  server.RaftServerConfigKeys (ConfUtils.java:logGet(46)) - raft.server.read.timeout = 10s (default)
2023-03-17 00:26:14,544 INFO  server.RaftServerConfigKeys (ConfUtils.java:logGet(46)) - raft.server.retrycache.expirytime = 60s (default)
2023-03-17 00:26:14,544 INFO  server.RaftServerConfigKeys (ConfUtils.java:logGet(46)) - raft.server.retrycache.statistics.expirytime = 100μs (default)
2023-03-17 00:26:14,544 INFO  server.RaftServerConfigKeys (ConfUtils.java:logGet(46)) - raft.server.read.option = DEFAULT (default)
2023-03-17 00:26:14,545 INFO  server.RaftServerConfigKeys (ConfUtils.java:logGet(46)) - raft.server.log.appender.install.snapshot.enabled = true (default)
2023-03-17 00:26:14,545 INFO  server.RaftServerConfigKeys (ConfUtils.java:logGet(46)) - raft.server.threadpool.server.cached = true (default)
2023-03-17 00:26:14,545 INFO  server.RaftServerConfigKeys (ConfUtils.java:logGet(46)) - raft.server.threadpool.server.size = 0 (default)
2023-03-17 00:26:14,545 INFO  server.RaftServerConfigKeys (ConfUtils.java:logGet(46)) - raft.server.threadpool.client.cached = true (default)
2023-03-17 00:26:14,545 INFO  server.RaftServerConfigKeys (ConfUtils.java:logGet(46)) - raft.server.threadpool.client.size = 0 (default)
2023-03-17 00:26:14,545 INFO  server.RaftServer (RaftServerProxy.java:addNew(99)) - s8: addNew group-69A93867D6DE:[s7|rpc:0.0.0.0:44573|dataStream:|priority:0|startupRole:FOLLOWER, s8|rpc:0.0.0.0:45461|dataStream:|priority:0|startupRole:FOLLOWER, s9|rpc:0.0.0.0:42413|dataStream:|priority:0|startupRole:FOLLOWER] returns      null s8@group-69A93867D6DE:t0, leader=null, voted=null, raftlog=UNINITIALIZED, conf=-1: peers:[s7|rpc:0.0.0.0:44573|dataStream:|priority:0|startupRole:FOLLOWER, s8|rpc:0.0.0.0:45461|dataStream:|priority:0|startupRole:FOLLOWER, s9|rpc:0.0.0.0:42413|dataStream:|priority:0|startupRole:FOLLOWER]|listeners:[], old=null NEW
2023-03-17 00:26:14,546 INFO  server.RaftServerConfigKeys (ConfUtils.java:logGet(46)) - raft.server.storage.free-space.min = 0MB (=0) (default)
2023-03-17 00:26:14,546 INFO  server.RaftServerConfigKeys (ConfUtils.java:logGet(46)) - raft.server.log.corruption.policy = EXCEPTION (default)
2023-03-17 00:26:14,546 INFO  server.RaftServerConfigKeys (ConfUtils.java:logGet(46)) - raft.server.storage.dir = [/home/runner/work/ratis/ratis/ratis-examples/target/test/data/9a3b15da/MiniRaftClusterWithNettyce94e709/s8] (custom)
2023-03-17 00:26:14,546 INFO  storage.RaftStorageDirectory (RaftStorageDirectoryImpl.java:analyzeStorage(138)) - The storage directory /home/runner/work/ratis/ratis/ratis-examples/target/test/data/9a3b15da/MiniRaftClusterWithNettyce94e709/s8/5bddf1e9-aa65-44c6-8a15-69a93867d6de does not exist. Creating ...
2023-03-17 00:26:14,547 TRACE util.FileUtils (LogUtils.java:runAndLog(49)) - Successfully ran Files.createDirectories /home/runner/work/ratis/ratis/ratis-examples/target/test/data/9a3b15da/MiniRaftClusterWithNettyce94e709/s8/5bddf1e9-aa65-44c6-8a15-69a93867d6de
2023-03-17 00:26:14,548 INFO  storage.RaftStorageDirectory (RaftStorageDirectoryImpl.java:tryLock(232)) - Lock on /home/runner/work/ratis/ratis/ratis-examples/target/test/data/9a3b15da/MiniRaftClusterWithNettyce94e709/s8/5bddf1e9-aa65-44c6-8a15-69a93867d6de/in_use.lock acquired by nodename 17092@fv-az451-845
2023-03-17 00:26:14,548 TRACE util.FileUtils (LogUtils.java:runAndLog(49)) - Successfully ran Files.createDirectories /home/runner/work/ratis/ratis/ratis-examples/target/test/data/9a3b15da/MiniRaftClusterWithNettyce94e709/s8/5bddf1e9-aa65-44c6-8a15-69a93867d6de/current
2023-03-17 00:26:14,548 TRACE util.FileUtils (LogUtils.java:runAndLog(49)) - Successfully ran Files.createDirectories /home/runner/work/ratis/ratis/ratis-examples/target/test/data/9a3b15da/MiniRaftClusterWithNettyce94e709/s8/5bddf1e9-aa65-44c6-8a15-69a93867d6de/sm
2023-03-17 00:26:14,549 INFO  storage.RaftStorage (RaftStorageImpl.java:format(96)) - Storage directory /home/runner/work/ratis/ratis/ratis-examples/target/test/data/9a3b15da/MiniRaftClusterWithNettyce94e709/s8/5bddf1e9-aa65-44c6-8a15-69a93867d6de has been successfully formatted.
2023-03-17 00:26:14,550 WARN  statemachine.StateMachine (ArithmeticStateMachine.java:loadSnapshot(116)) - The snapshot info is null.
2023-03-17 00:26:14,550 INFO  server.RaftServerConfigKeys (ConfUtils.java:logGet(46)) - raft.server.log.use.memory = false (default)
2023-03-17 00:26:14,550 INFO  server.RaftServerConfigKeys (ConfUtils.java:logGet(46)) - raft.server.log.purge.gap = 1024 (default)
2023-03-17 00:26:14,550 INFO  server.RaftServerConfigKeys (ConfUtils.java:logGet(46)) - raft.server.log.appender.buffer.byte-limit = 4MB (=4194304) (default)
2023-03-17 00:26:14,550 INFO  server.RaftServerConfigKeys (ConfUtils.java:logGet(46)) - raft.server.log.statemachine.data.read.timeout = 1000ms (default)
2023-03-17 00:26:14,550 INFO  server.RaftServerConfigKeys (ConfUtils.java:logGet(46)) - raft.server.log.purge.preservation.log.num = 0 (default)
2023-03-17 00:26:14,550 INFO  server.RaftServerConfigKeys (ConfUtils.java:logGet(46)) - raft.server.log.segment.size.max = 8MB (=8388608) (default)
2023-03-17 00:26:14,551 INFO  server.RaftServerConfigKeys (ConfUtils.java:logGet(46)) - raft.server.log.segment.cache.num.max = 6 (default)
2023-03-17 00:26:14,551 INFO  server.RaftServerConfigKeys (ConfUtils.java:logGet(46)) - raft.server.log.segment.cache.size.max = 200MB (=209715200) (default)
2023-03-17 00:26:14,551 INFO  server.RaftServerConfigKeys (ConfUtils.java:logGet(46)) - raft.server.log.appender.buffer.byte-limit = 4MB (=4194304) (default)
2023-03-17 00:26:14,551 INFO  segmented.SegmentedRaftLogWorker (SegmentedRaftLogWorker.java:<init>(183)) - new s8@group-69A93867D6DE-SegmentedRaftLogWorker for RaftStorageImpl:Storage Directory /home/runner/work/ratis/ratis/ratis-examples/target/test/data/9a3b15da/MiniRaftClusterWithNettyce94e709/s8/5bddf1e9-aa65-44c6-8a15-69a93867d6de
2023-03-17 00:26:14,551 INFO  server.RaftServerConfigKeys (ConfUtils.java:logGet(46)) - raft.server.log.queue.byte-limit = 64MB (=67108864) (default)
2023-03-17 00:26:14,551 INFO  server.RaftServerConfigKeys (ConfUtils.java:logGet(46)) - raft.server.log.queue.element-limit = 4096 (default)
2023-03-17 00:26:14,551 INFO  server.RaftServerConfigKeys (ConfUtils.java:logGet(46)) - raft.server.log.segment.size.max = 8MB (=8388608) (default)
2023-03-17 00:26:14,551 INFO  server.RaftServerConfigKeys (ConfUtils.java:logGet(46)) - raft.server.log.preallocated.size = 4MB (=4194304) (default)
2023-03-17 00:26:14,551 INFO  server.RaftServerConfigKeys (ConfUtils.java:logGet(46)) - raft.server.log.force.sync.num = 128 (default)
2023-03-17 00:26:14,551 INFO  server.RaftServerConfigKeys (ConfUtils.java:logGet(46)) - raft.server.log.statemachine.data.sync = true (default)
2023-03-17 00:26:14,552 INFO  server.RaftServerConfigKeys (ConfUtils.java:logGet(46)) - raft.server.log.statemachine.data.sync.timeout = 10s (default)
2023-03-17 00:26:14,552 INFO  server.RaftServerConfigKeys (ConfUtils.java:logGet(46)) - raft.server.log.statemachine.data.sync.timeout.retry = -1 (default)
2023-03-17 00:26:14,552 INFO  server.RaftServerConfigKeys (ConfUtils.java:logGet(46)) - raft.server.log.write.buffer.size = 64KB (=65536) (default)
2023-03-17 00:26:14,552 INFO  server.RaftServerConfigKeys (ConfUtils.java:logGet(46)) - raft.server.log.appender.buffer.byte-limit = 4MB (=4194304) (default)
2023-03-17 00:26:14,554 INFO  server.RaftServerConfigKeys (ConfUtils.java:logGet(46)) - raft.server.log.unsafe-flush.enabled = false (default)
2023-03-17 00:26:14,554 INFO  server.RaftServerConfigKeys (ConfUtils.java:logGet(46)) - raft.server.log.async-flush.enabled = false (default)
2023-03-17 00:26:14,555 INFO  server.RaftServerConfigKeys (ConfUtils.java:logGet(46)) - raft.server.log.statemachine.data.caching.enabled = false (default)
2023-03-17 00:26:14,555 INFO  segmented.SegmentedRaftLogWorker (SegmentedRaftLogWorker.java:lambda$new$0(134)) - s8@group-69A93867D6DE-SegmentedRaftLogWorker: flushIndex: setUnconditionally 0 -> -1
2023-03-17 00:26:14,555 INFO  segmented.SegmentedRaftLogWorker (SegmentedRaftLogWorker.java:lambda$new$0(134)) - s8@group-69A93867D6DE-SegmentedRaftLogWorker: safeCacheEvictIndex: setUnconditionally 0 -> -1
2023-03-17 00:26:14,555 INFO  server.RaftServer$Division (RaftServerImpl.java:start(342)) - s8@group-69A93867D6DE: start as a follower, conf=-1: peers:[s7|rpc:0.0.0.0:44573|dataStream:|priority:0|startupRole:FOLLOWER, s8|rpc:0.0.0.0:45461|dataStream:|priority:0|startupRole:FOLLOWER, s9|rpc:0.0.0.0:42413|dataStream:|priority:0|startupRole:FOLLOWER]|listeners:[], old=null
2023-03-17 00:26:14,555 INFO  server.RaftServer$Division (RaftServerImpl.java:setRole(329)) - s8@group-69A93867D6DE: changes role from      null to FOLLOWER at term 0 for startAsFollower
2023-03-17 00:26:14,555 INFO  impl.RoleInfo (RoleInfo.java:updateAndGet(139)) - s8: start s8@group-69A93867D6DE-FollowerState
2023-03-17 00:26:14,558 INFO  util.JmxRegister (JmxRegister.java:tryRegister(44)) - Successfully registered JMX Bean with object name Ratis:service=RaftServer,group=group-69A93867D6DE,id=s8
2023-03-17 00:26:14,558 INFO  server.RaftServerConfigKeys (ConfUtils.java:logGet(46)) - raft.server.snapshot.auto.trigger.enabled = false (default)
2023-03-17 00:26:14,558 INFO  server.RaftServerConfigKeys (ConfUtils.java:logGet(46)) - raft.server.snapshot.retention.file.num = -1 (default)
2023-03-17 00:26:14,558 INFO  server.RaftServerConfigKeys (ConfUtils.java:logGet(46)) - raft.server.log.purge.upto.snapshot.index = false (default)
2023-03-17 00:26:14,559 INFO  server.RaftServerConfigKeys (ConfUtils.java:logFallback(53)) - raft.server.rpc.first-election.timeout.min = 300ms (fallback to raft.server.rpc.timeout.min)
2023-03-17 00:26:14,559 INFO  server.RaftServerConfigKeys (ConfUtils.java:logFallback(53)) - raft.server.rpc.first-election.timeout.max = 600ms (fallback to raft.server.rpc.timeout.max)
2023-03-17 00:26:14,570 INFO  logging.LoggingHandler (AbstractInternalLogger.java:log(148)) - [id: 0xb86cf2de, L:/0.0.0.0:42413] READ: [id: 0x12894443, L:/10.1.0.17:42413 - R:/10.1.0.17:34990]
2023-03-17 00:26:14,583 INFO  logging.LoggingHandler (AbstractInternalLogger.java:log(148)) - [id: 0xb86cf2de, L:/0.0.0.0:42413] READ COMPLETE
2023-03-17 00:26:14,593 INFO  server.RaftServer (RaftServerProxy.java:addNew(99)) - s9: addNew group-69A93867D6DE:[s7|rpc:0.0.0.0:44573|dataStream:|priority:0|startupRole:FOLLOWER, s8|rpc:0.0.0.0:45461|dataStream:|priority:0|startupRole:FOLLOWER, s9|rpc:0.0.0.0:42413|dataStream:|priority:0|startupRole:FOLLOWER] returns group-69A93867D6DE:java.util.concurrent.CompletableFuture@7c386d8b[Not completed]
2023-03-17 00:26:14,593 INFO  server.RaftServer$Division (RaftServerImpl.java:<init>(198)) - s9: new RaftServerImpl for group-69A93867D6DE:[s7|rpc:0.0.0.0:44573|dataStream:|priority:0|startupRole:FOLLOWER, s8|rpc:0.0.0.0:45461|dataStream:|priority:0|startupRole:FOLLOWER, s9|rpc:0.0.0.0:42413|dataStream:|priority:0|startupRole:FOLLOWER] with ArithmeticStateMachine:uninitialized
2023-03-17 00:26:14,593 INFO  server.RaftServerConfigKeys (ConfUtils.java:logGet(46)) - raft.server.rpc.timeout.min = 300ms (custom)
2023-03-17 00:26:14,593 INFO  server.RaftServerConfigKeys (ConfUtils.java:logGet(46)) - raft.server.rpc.timeout.max = 600ms (custom)
2023-03-17 00:26:14,593 INFO  server.RaftServerConfigKeys (ConfUtils.java:logGet(46)) - raft.server.rpc.sleep.time = 25ms (default)
2023-03-17 00:26:14,594 INFO  server.RaftServerConfigKeys (ConfUtils.java:logGet(46)) - raft.server.rpc.slowness.timeout = 60s (default)
2023-03-17 00:26:14,594 INFO  server.RaftServerConfigKeys (ConfUtils.java:logGet(46)) - raft.server.leaderelection.leader.step-down.wait-time = 10s (default)
2023-03-17 00:26:14,594 INFO  server.RaftServerConfigKeys (ConfUtils.java:logGet(46)) - raft.server.sleep.deviation.threshold = 300ms (default)
2023-03-17 00:26:14,594 INFO  server.RaftServer$Division (ServerState.java:<init>(113)) - s9@group-69A93867D6DE: ConfigurationManager, init=-1: peers:[s7|rpc:0.0.0.0:44573|dataStream:|priority:0|startupRole:FOLLOWER, s8|rpc:0.0.0.0:45461|dataStream:|priority:0|startupRole:FOLLOWER, s9|rpc:0.0.0.0:42413|dataStream:|priority:0|startupRole:FOLLOWER]|listeners:[], old=null, confs=<EMPTY_MAP>
2023-03-17 00:26:14,594 INFO  server.RaftServerConfigKeys (ConfUtils.java:logGet(46)) - raft.server.notification.no-leader.timeout = 60s (default)
2023-03-17 00:26:14,594 INFO  server.RaftServerConfigKeys (ConfUtils.java:logGet(46)) - raft.server.read.timeout = 10s (default)
2023-03-17 00:26:14,594 INFO  server.RaftServerConfigKeys (ConfUtils.java:logGet(46)) - raft.server.retrycache.expirytime = 60s (default)
2023-03-17 00:26:14,594 INFO  server.RaftServerConfigKeys (ConfUtils.java:logGet(46)) - raft.server.retrycache.statistics.expirytime = 100μs (default)
2023-03-17 00:26:14,594 INFO  server.RaftServerConfigKeys (ConfUtils.java:logGet(46)) - raft.server.read.option = DEFAULT (default)
2023-03-17 00:26:14,595 INFO  server.RaftServerConfigKeys (ConfUtils.java:logGet(46)) - raft.server.log.appender.install.snapshot.enabled = true (default)
2023-03-17 00:26:14,595 INFO  server.RaftServerConfigKeys (ConfUtils.java:logGet(46)) - raft.server.threadpool.server.cached = true (default)
2023-03-17 00:26:14,595 INFO  server.RaftServerConfigKeys (ConfUtils.java:logGet(46)) - raft.server.threadpool.server.size = 0 (default)
2023-03-17 00:26:14,595 INFO  server.RaftServerConfigKeys (ConfUtils.java:logGet(46)) - raft.server.threadpool.client.cached = true (default)
2023-03-17 00:26:14,595 INFO  server.RaftServerConfigKeys (ConfUtils.java:logGet(46)) - raft.server.threadpool.client.size = 0 (default)
2023-03-17 00:26:14,595 INFO  server.RaftServerConfigKeys (ConfUtils.java:logGet(46)) - raft.server.storage.free-space.min = 0MB (=0) (default)
2023-03-17 00:26:14,595 INFO  server.RaftServerConfigKeys (ConfUtils.java:logGet(46)) - raft.server.log.corruption.policy = EXCEPTION (default)
2023-03-17 00:26:14,595 INFO  server.RaftServerConfigKeys (ConfUtils.java:logGet(46)) - raft.server.storage.dir = [/home/runner/work/ratis/ratis/ratis-examples/target/test/data/9a3b15da/MiniRaftClusterWithNettyce94e709/s9] (custom)
2023-03-17 00:26:14,596 INFO  storage.RaftStorageDirectory (RaftStorageDirectoryImpl.java:analyzeStorage(138)) - The storage directory /home/runner/work/ratis/ratis/ratis-examples/target/test/data/9a3b15da/MiniRaftClusterWithNettyce94e709/s9/5bddf1e9-aa65-44c6-8a15-69a93867d6de does not exist. Creating ...
2023-03-17 00:26:14,596 TRACE util.FileUtils (LogUtils.java:runAndLog(49)) - Successfully ran Files.createDirectories /home/runner/work/ratis/ratis/ratis-examples/target/test/data/9a3b15da/MiniRaftClusterWithNettyce94e709/s9/5bddf1e9-aa65-44c6-8a15-69a93867d6de
2023-03-17 00:26:14,597 INFO  storage.RaftStorageDirectory (RaftStorageDirectoryImpl.java:tryLock(232)) - Lock on /home/runner/work/ratis/ratis/ratis-examples/target/test/data/9a3b15da/MiniRaftClusterWithNettyce94e709/s9/5bddf1e9-aa65-44c6-8a15-69a93867d6de/in_use.lock acquired by nodename 17092@fv-az451-845
2023-03-17 00:26:14,598 TRACE util.FileUtils (LogUtils.java:runAndLog(49)) - Successfully ran Files.createDirectories /home/runner/work/ratis/ratis/ratis-examples/target/test/data/9a3b15da/MiniRaftClusterWithNettyce94e709/s9/5bddf1e9-aa65-44c6-8a15-69a93867d6de/current
2023-03-17 00:26:14,598 TRACE util.FileUtils (LogUtils.java:runAndLog(49)) - Successfully ran Files.createDirectories /home/runner/work/ratis/ratis/ratis-examples/target/test/data/9a3b15da/MiniRaftClusterWithNettyce94e709/s9/5bddf1e9-aa65-44c6-8a15-69a93867d6de/sm
2023-03-17 00:26:14,601 INFO  storage.RaftStorage (RaftStorageImpl.java:format(96)) - Storage directory /home/runner/work/ratis/ratis/ratis-examples/target/test/data/9a3b15da/MiniRaftClusterWithNettyce94e709/s9/5bddf1e9-aa65-44c6-8a15-69a93867d6de has been successfully formatted.
2023-03-17 00:26:14,601 WARN  statemachine.StateMachine (ArithmeticStateMachine.java:loadSnapshot(116)) - The snapshot info is null.
2023-03-17 00:26:14,601 INFO  server.RaftServerConfigKeys (ConfUtils.java:logGet(46)) - raft.server.log.use.memory = false (default)
2023-03-17 00:26:14,601 INFO  server.RaftServerConfigKeys (ConfUtils.java:logGet(46)) - raft.server.log.purge.gap = 1024 (default)
2023-03-17 00:26:14,601 INFO  server.RaftServerConfigKeys (ConfUtils.java:logGet(46)) - raft.server.log.appender.buffer.byte-limit = 4MB (=4194304) (default)
2023-03-17 00:26:14,602 INFO  server.RaftServerConfigKeys (ConfUtils.java:logGet(46)) - raft.server.log.statemachine.data.read.timeout = 1000ms (default)
2023-03-17 00:26:14,602 INFO  server.RaftServerConfigKeys (ConfUtils.java:logGet(46)) - raft.server.log.purge.preservation.log.num = 0 (default)
2023-03-17 00:26:14,602 INFO  server.RaftServerConfigKeys (ConfUtils.java:logGet(46)) - raft.server.log.segment.size.max = 8MB (=8388608) (default)
2023-03-17 00:26:14,602 INFO  server.RaftServerConfigKeys (ConfUtils.java:logGet(46)) - raft.server.log.segment.cache.num.max = 6 (default)
2023-03-17 00:26:14,602 INFO  server.RaftServerConfigKeys (ConfUtils.java:logGet(46)) - raft.server.log.segment.cache.size.max = 200MB (=209715200) (default)
2023-03-17 00:26:14,602 INFO  server.RaftServerConfigKeys (ConfUtils.java:logGet(46)) - raft.server.log.appender.buffer.byte-limit = 4MB (=4194304) (default)
2023-03-17 00:26:14,602 INFO  segmented.SegmentedRaftLogWorker (SegmentedRaftLogWorker.java:<init>(183)) - new s9@group-69A93867D6DE-SegmentedRaftLogWorker for RaftStorageImpl:Storage Directory /home/runner/work/ratis/ratis/ratis-examples/target/test/data/9a3b15da/MiniRaftClusterWithNettyce94e709/s9/5bddf1e9-aa65-44c6-8a15-69a93867d6de
2023-03-17 00:26:14,602 INFO  server.RaftServerConfigKeys (ConfUtils.java:logGet(46)) - raft.server.log.queue.byte-limit = 64MB (=67108864) (default)
2023-03-17 00:26:14,603 INFO  server.RaftServerConfigKeys (ConfUtils.java:logGet(46)) - raft.server.log.queue.element-limit = 4096 (default)
2023-03-17 00:26:14,603 INFO  server.RaftServerConfigKeys (ConfUtils.java:logGet(46)) - raft.server.log.segment.size.max = 8MB (=8388608) (default)
2023-03-17 00:26:14,603 INFO  server.RaftServerConfigKeys (ConfUtils.java:logGet(46)) - raft.server.log.preallocated.size = 4MB (=4194304) (default)
2023-03-17 00:26:14,603 INFO  server.RaftServerConfigKeys (ConfUtils.java:logGet(46)) - raft.server.log.force.sync.num = 128 (default)
2023-03-17 00:26:14,603 INFO  server.RaftServerConfigKeys (ConfUtils.java:logGet(46)) - raft.server.log.statemachine.data.sync = true (default)
2023-03-17 00:26:14,603 INFO  server.RaftServerConfigKeys (ConfUtils.java:logGet(46)) - raft.server.log.statemachine.data.sync.timeout = 10s (default)
2023-03-17 00:26:14,603 INFO  server.RaftServerConfigKeys (ConfUtils.java:logGet(46)) - raft.server.log.statemachine.data.sync.timeout.retry = -1 (default)
2023-03-17 00:26:14,603 INFO  server.RaftServerConfigKeys (ConfUtils.java:logGet(46)) - raft.server.log.write.buffer.size = 64KB (=65536) (default)
2023-03-17 00:26:14,603 INFO  server.RaftServerConfigKeys (ConfUtils.java:logGet(46)) - raft.server.log.appender.buffer.byte-limit = 4MB (=4194304) (default)
2023-03-17 00:26:14,610 INFO  server.RaftServerConfigKeys (ConfUtils.java:logGet(46)) - raft.server.log.unsafe-flush.enabled = false (default)
2023-03-17 00:26:14,610 INFO  server.RaftServerConfigKeys (ConfUtils.java:logGet(46)) - raft.server.log.async-flush.enabled = false (default)
2023-03-17 00:26:14,610 INFO  server.RaftServerConfigKeys (ConfUtils.java:logGet(46)) - raft.server.log.statemachine.data.caching.enabled = false (default)
2023-03-17 00:26:14,611 INFO  segmented.SegmentedRaftLogWorker (SegmentedRaftLogWorker.java:lambda$new$0(134)) - s9@group-69A93867D6DE-SegmentedRaftLogWorker: flushIndex: setUnconditionally 0 -> -1
2023-03-17 00:26:14,611 INFO  segmented.SegmentedRaftLogWorker (SegmentedRaftLogWorker.java:lambda$new$0(134)) - s9@group-69A93867D6DE-SegmentedRaftLogWorker: safeCacheEvictIndex: setUnconditionally 0 -> -1
2023-03-17 00:26:14,611 INFO  server.RaftServer$Division (RaftServerImpl.java:start(342)) - s9@group-69A93867D6DE: start as a follower, conf=-1: peers:[s7|rpc:0.0.0.0:44573|dataStream:|priority:0|startupRole:FOLLOWER, s8|rpc:0.0.0.0:45461|dataStream:|priority:0|startupRole:FOLLOWER, s9|rpc:0.0.0.0:42413|dataStream:|priority:0|startupRole:FOLLOWER]|listeners:[], old=null
2023-03-17 00:26:14,611 INFO  server.RaftServer$Division (RaftServerImpl.java:setRole(329)) - s9@group-69A93867D6DE: changes role from      null to FOLLOWER at term 0 for startAsFollower
2023-03-17 00:26:14,611 INFO  impl.RoleInfo (RoleInfo.java:updateAndGet(139)) - s9: start s9@group-69A93867D6DE-FollowerState
2023-03-17 00:26:14,611 INFO  util.JmxRegister (JmxRegister.java:tryRegister(44)) - Successfully registered JMX Bean with object name Ratis:service=RaftServer,group=group-69A93867D6DE,id=s9
2023-03-17 00:26:14,612 INFO  server.RaftServerConfigKeys (ConfUtils.java:logGet(46)) - raft.server.snapshot.auto.trigger.enabled = false (default)
2023-03-17 00:26:14,612 INFO  server.RaftServerConfigKeys (ConfUtils.java:logGet(46)) - raft.server.snapshot.retention.file.num = -1 (default)
2023-03-17 00:26:14,612 INFO  server.RaftServerConfigKeys (ConfUtils.java:logGet(46)) - raft.server.log.purge.upto.snapshot.index = false (default)
2023-03-17 00:26:14,612 INFO  server.RaftServerConfigKeys (ConfUtils.java:logFallback(53)) - raft.server.rpc.first-election.timeout.min = 300ms (fallback to raft.server.rpc.timeout.min)
2023-03-17 00:26:14,612 INFO  server.RaftServerConfigKeys (ConfUtils.java:logFallback(53)) - raft.server.rpc.first-election.timeout.max = 600ms (fallback to raft.server.rpc.timeout.max)
2023-03-17 00:26:14,652 INFO  server.RaftServerConfigKeys (ConfUtils.java:logGet(46)) - raft.server.rpc.timeout.max = 600ms (custom)
2023-03-17 00:26:14,652 INFO  ratis.RaftTestUtil (RaftTestUtil.java:waitForLeader(100)) - printing group-69A93867D6DE
  s7:  RUNNING [
   FOLLOWER s7@group-69A93867D6DE:t0, leader=null, voted=, raftlog=Memoized:s7@group-69A93867D6DE-SegmentedRaftLog:OPENED:c-1, conf=-1: peers:[s7|rpc:0.0.0.0:44573|dataStream:|priority:0|startupRole:FOLLOWER, s8|rpc:0.0.0.0:45461|dataStream:|priority:0|startupRole:FOLLOWER, s9|rpc:0.0.0.0:42413|dataStream:|priority:0|startupRole:FOLLOWER]|listeners:[], old=null RUNNING
   FOLLOWER s7@group-38FE90E113AE:t0, leader=null, voted=, raftlog=Memoized:s7@group-38FE90E113AE-SegmentedRaftLog:OPENED:c-1, conf=-1: peers:[]|listeners:[], old=null STARTING] size=2
  s8:  RUNNING [
   FOLLOWER s8@group-69A93867D6DE:t0, leader=null, voted=, raftlog=Memoized:s8@group-69A93867D6DE-SegmentedRaftLog:OPENED:c-1, conf=-1: peers:[s7|rpc:0.0.0.0:44573|dataStream:|priority:0|startupRole:FOLLOWER, s8|rpc:0.0.0.0:45461|dataStream:|priority:0|startupRole:FOLLOWER, s9|rpc:0.0.0.0:42413|dataStream:|priority:0|startupRole:FOLLOWER]|listeners:[], old=null RUNNING
   FOLLOWER s8@group-38FE90E113AE:t0, leader=null, voted=, raftlog=Memoized:s8@group-38FE90E113AE-SegmentedRaftLog:OPENED:c-1, conf=-1: peers:[]|listeners:[], old=null STARTING] size=2
  s9:  RUNNING [
   FOLLOWER s9@group-69A93867D6DE:t0, leader=null, voted=, raftlog=Memoized:s9@group-69A93867D6DE-SegmentedRaftLog:OPENED:c-1, conf=-1: peers:[s7|rpc:0.0.0.0:44573|dataStream:|priority:0|startupRole:FOLLOWER, s8|rpc:0.0.0.0:45461|dataStream:|priority:0|startupRole:FOLLOWER, s9|rpc:0.0.0.0:42413|dataStream:|priority:0|startupRole:FOLLOWER]|listeners:[], old=null RUNNING
   FOLLOWER s9@group-38FE90E113AE:t0, leader=null, voted=, raftlog=Memoized:s9@group-38FE90E113AE-SegmentedRaftLog:OPENED:c-1, conf=-1: peers:[]|listeners:[], old=null STARTING] size=2
2023-03-17 00:26:14,652 WARN  ratis.RaftTestUtil (JavaUtils.java:attempt(217)) - FAILED "waitForLeader-group-69A93867D6DE-(expectLeader? true)", attempt #1/100: java.lang.IllegalStateException: No leader yet  for group-69A93867D6DE: printing group-69A93867D6DE
  s7:  RUNNING [
   FOLLOWER s7@group-69A93867D6DE:t0, leader=null, voted=, raftlog=Memoized:s7@group-69A93867D6DE-SegmentedRaftLog:OPENED:c-1, conf=-1: peers:[s7|rpc:0.0.0.0:44573|dataStream:|priority:0|startupRole:FOLLOWER, s8|rpc:0.0.0.0:45461|dataStream:|priority:0|startupRole:FOLLOWER, s9|rpc:0.0.0.0:42413|dataStream:|priority:0|startupRole:FOLLOWER]|listeners:[], old=null RUNNING
   FOLLOWER s7@group-38FE90E113AE:t0, leader=null, voted=, raftlog=Memoized:s7@group-38FE90E113AE-SegmentedRaftLog:OPENED:c-1, conf=-1: peers:[]|listeners:[], old=null STARTING] size=2
  s8:  RUNNING [
   FOLLOWER s8@group-69A93867D6DE:t0, leader=null, voted=, raftlog=Memoized:s8@group-69A93867D6DE-SegmentedRaftLog:OPENED:c-1, conf=-1: peers:[s7|rpc:0.0.0.0:44573|dataStream:|priority:0|startupRole:FOLLOWER, s8|rpc:0.0.0.0:45461|dataStream:|priority:0|startupRole:FOLLOWER, s9|rpc:0.0.0.0:42413|dataStream:|priority:0|startupRole:FOLLOWER]|listeners:[], old=null RUNNING
   FOLLOWER s8@group-38FE90E113AE:t0, leader=null, voted=, raftlog=Memoized:s8@group-38FE90E113AE-SegmentedRaftLog:OPENED:c-1, conf=-1: peers:[]|listeners:[], old=null STARTING] size=2
  s9:  RUNNING [
   FOLLOWER s9@group-69A93867D6DE:t0, leader=null, voted=, raftlog=Memoized:s9@group-69A93867D6DE-SegmentedRaftLog:OPENED:c-1, conf=-1: peers:[s7|rpc:0.0.0.0:44573|dataStream:|priority:0|startupRole:FOLLOWER, s8|rpc:0.0.0.0:45461|dataStream:|priority:0|startupRole:FOLLOWER, s9|rpc:0.0.0.0:42413|dataStream:|priority:0|startupRole:FOLLOWER]|listeners:[], old=null RUNNING
   FOLLOWER s9@group-38FE90E113AE:t0, leader=null, voted=, raftlog=Memoized:s9@group-38FE90E113AE-SegmentedRaftLog:OPENED:c-1, conf=-1: peers:[]|listeners:[], old=null STARTING] size=2, sleep 900ms and then retry.
java.lang.IllegalStateException: No leader yet  for group-69A93867D6DE: printing group-69A93867D6DE
  s7:  RUNNING [
   FOLLOWER s7@group-69A93867D6DE:t0, leader=null, voted=, raftlog=Memoized:s7@group-69A93867D6DE-SegmentedRaftLog:OPENED:c-1, conf=-1: peers:[s7|rpc:0.0.0.0:44573|dataStream:|priority:0|startupRole:FOLLOWER, s8|rpc:0.0.0.0:45461|dataStream:|priority:0|startupRole:FOLLOWER, s9|rpc:0.0.0.0:42413|dataStream:|priority:0|startupRole:FOLLOWER]|listeners:[], old=null RUNNING
   FOLLOWER s7@group-38FE90E113AE:t0, leader=null, voted=, raftlog=Memoized:s7@group-38FE90E113AE-SegmentedRaftLog:OPENED:c-1, conf=-1: peers:[]|listeners:[], old=null STARTING] size=2
  s8:  RUNNING [
   FOLLOWER s8@group-69A93867D6DE:t0, leader=null, voted=, raftlog=Memoized:s8@group-69A93867D6DE-SegmentedRaftLog:OPENED:c-1, conf=-1: peers:[s7|rpc:0.0.0.0:44573|dataStream:|priority:0|startupRole:FOLLOWER, s8|rpc:0.0.0.0:45461|dataStream:|priority:0|startupRole:FOLLOWER, s9|rpc:0.0.0.0:42413|dataStream:|priority:0|startupRole:FOLLOWER]|listeners:[], old=null RUNNING
   FOLLOWER s8@group-38FE90E113AE:t0, leader=null, voted=, raftlog=Memoized:s8@group-38FE90E113AE-SegmentedRaftLog:OPENED:c-1, conf=-1: peers:[]|listeners:[], old=null STARTING] size=2
  s9:  RUNNING [
   FOLLOWER s9@group-69A93867D6DE:t0, leader=null, voted=, raftlog=Memoized:s9@group-69A93867D6DE-SegmentedRaftLog:OPENED:c-1, conf=-1: peers:[s7|rpc:0.0.0.0:44573|dataStream:|priority:0|startupRole:FOLLOWER, s8|rpc:0.0.0.0:45461|dataStream:|priority:0|startupRole:FOLLOWER, s9|rpc:0.0.0.0:42413|dataStream:|priority:0|startupRole:FOLLOWER]|listeners:[], old=null RUNNING
   FOLLOWER s9@group-38FE90E113AE:t0, leader=null, voted=, raftlog=Memoized:s9@group-38FE90E113AE-SegmentedRaftLog:OPENED:c-1, conf=-1: peers:[]|listeners:[], old=null STARTING] size=2
	at org.apache.ratis.server.impl.MiniRaftCluster.newIllegalStateExceptionForNoLeaders(MiniRaftCluster.java:581)
	at org.apache.ratis.RaftTestUtil.lambda$waitForLeader$1(RaftTestUtil.java:104)
	at org.apache.ratis.server.impl.MiniRaftCluster.getLeader(MiniRaftCluster.java:615)
	at org.apache.ratis.server.impl.MiniRaftCluster.getLeader(MiniRaftCluster.java:608)
	at org.apache.ratis.RaftTestUtil.lambda$waitForLeader$3(RaftTestUtil.java:112)
	at org.apache.ratis.util.JavaUtils.attempt(JavaUtils.java:211)
	at org.apache.ratis.util.JavaUtils.attemptRepeatedly(JavaUtils.java:197)
	at org.apache.ratis.RaftTestUtil.waitForLeader(RaftTestUtil.java:111)
	at org.apache.ratis.RaftTestUtil.waitForLeader(RaftTestUtil.java:92)
	at org.apache.ratis.server.impl.GroupManagementBaseTest.runMultiGroupTest(GroupManagementBaseTest.java:287)
	at org.apache.ratis.TestMultiRaftGroup.runTestMultiRaftGroup(TestMultiRaftGroup.java:73)
	at org.apache.ratis.TestMultiRaftGroup.runTestMultiRaftGroup(TestMultiRaftGroup.java:59)
	at org.apache.ratis.TestMultiRaftGroup.testMultiRaftGroup(TestMultiRaftGroup.java:55)
	at java.base/jdk.internal.reflect.NativeMethodAccessorImpl.invoke0(Native Method)
	at java.base/jdk.internal.reflect.NativeMethodAccessorImpl.invoke(NativeMethodAccessorImpl.java:62)
	at java.base/jdk.internal.reflect.DelegatingMethodAccessorImpl.invoke(DelegatingMethodAccessorImpl.java:43)
	at java.base/java.lang.reflect.Method.invoke(Method.java:566)
	at org.junit.runners.model.FrameworkMethod$1.runReflectiveCall(FrameworkMethod.java:59)
	at org.junit.internal.runners.model.ReflectiveCallable.run(ReflectiveCallable.java:12)
	at org.junit.runners.model.FrameworkMethod.invokeExplosively(FrameworkMethod.java:56)
	at org.junit.internal.runners.statements.InvokeMethod.evaluate(InvokeMethod.java:17)
	at org.junit.internal.runners.statements.RunAfters.evaluate(RunAfters.java:27)
	at org.junit.internal.runners.statements.FailOnTimeout$CallableStatement.call(FailOnTimeout.java:299)
	at org.junit.internal.runners.statements.FailOnTimeout$CallableStatement.call(FailOnTimeout.java:293)
	at java.base/java.util.concurrent.FutureTask.run(FutureTask.java:264)
	at java.base/java.lang.Thread.run(Thread.java:829)
2023-03-17 00:26:14,872 INFO  impl.FollowerState (FollowerState.java:run(143)) - s7@group-69A93867D6DE-FollowerState: change to CANDIDATE, lastRpcElapsedTime:389865453ns, electionTimeout:383ms
2023-03-17 00:26:14,872 INFO  impl.RoleInfo (RoleInfo.java:shutdownFollowerState(110)) - s7: shutdown s7@group-69A93867D6DE-FollowerState
2023-03-17 00:26:14,872 INFO  server.RaftServer$Division (RaftServerImpl.java:setRole(329)) - s7@group-69A93867D6DE: changes role from  FOLLOWER to CANDIDATE at term 0 for changeToCandidate
2023-03-17 00:26:14,872 INFO  server.RaftServerConfigKeys (ConfUtils.java:logGet(46)) - raft.server.leaderelection.pre-vote = true (default)
2023-03-17 00:26:14,872 INFO  impl.RoleInfo (RoleInfo.java:updateAndGet(139)) - s7: start s7@group-69A93867D6DE-LeaderElection15
2023-03-17 00:26:14,873 INFO  impl.LeaderElection (LeaderElection.java:askForVotes(320)) - s7@group-69A93867D6DE-LeaderElection15 PRE_VOTE round 0: submit vote requests at term 0 for -1: peers:[s7|rpc:0.0.0.0:44573|dataStream:|priority:0|startupRole:FOLLOWER, s8|rpc:0.0.0.0:45461|dataStream:|priority:0|startupRole:FOLLOWER, s9|rpc:0.0.0.0:42413|dataStream:|priority:0|startupRole:FOLLOWER]|listeners:[], old=null
2023-03-17 00:26:14,874 INFO  server.RaftServerConfigKeys (ConfUtils.java:logFallback(53)) - raft.server.rpc.first-election.timeout.min = 300ms (fallback to raft.server.rpc.timeout.min)
2023-03-17 00:26:14,875 INFO  server.RaftServerConfigKeys (ConfUtils.java:logFallback(53)) - raft.server.rpc.first-election.timeout.max = 600ms (fallback to raft.server.rpc.timeout.max)
2023-03-17 00:26:14,876 INFO  logging.LoggingHandler (AbstractInternalLogger.java:log(148)) - [id: 0xd69245ec, L:/0.0.0.0:45461] READ: [id: 0xced82432, L:/10.1.0.17:45461 - R:/10.1.0.17:52714]
2023-03-17 00:26:14,878 INFO  logging.LoggingHandler (AbstractInternalLogger.java:log(148)) - [id: 0xb86cf2de, L:/0.0.0.0:42413] READ: [id: 0x134ab8bf, L:/10.1.0.17:42413 - R:/10.1.0.17:34994]
2023-03-17 00:26:14,880 INFO  logging.LoggingHandler (AbstractInternalLogger.java:log(148)) - [id: 0xd69245ec, L:/0.0.0.0:45461] READ COMPLETE
2023-03-17 00:26:14,881 INFO  server.RaftServer$Division (RaftServerImpl.java:requestVote(1303)) - s8@group-69A93867D6DE: receive requestVote(PRE_VOTE, s7, group-69A93867D6DE, 0, (t:0, i:0))
2023-03-17 00:26:14,881 INFO  impl.VoteContext (VoteContext.java:log(49)) - s8@group-69A93867D6DE-FOLLOWER: accept PRE_VOTE from s7: our priority 0 <= candidate's priority 0
2023-03-17 00:26:14,881 INFO  server.RaftServer$Division (RaftServerImpl.java:requestVote(1336)) - s8@group-69A93867D6DE replies to PRE_VOTE vote request: s7<-s8#0:OK-t0. Peer's state: s8@group-69A93867D6DE:t0, leader=null, voted=, raftlog=Memoized:s8@group-69A93867D6DE-SegmentedRaftLog:OPENED:c-1, conf=-1: peers:[s7|rpc:0.0.0.0:44573|dataStream:|priority:0|startupRole:FOLLOWER, s8|rpc:0.0.0.0:45461|dataStream:|priority:0|startupRole:FOLLOWER, s9|rpc:0.0.0.0:42413|dataStream:|priority:0|startupRole:FOLLOWER]|listeners:[], old=null
2023-03-17 00:26:14,884 INFO  logging.LoggingHandler (AbstractInternalLogger.java:log(148)) - [id: 0xb86cf2de, L:/0.0.0.0:42413] READ COMPLETE
2023-03-17 00:26:14,884 INFO  impl.LeaderElection (LeaderElection.java:logAndReturn(89)) - s7@group-69A93867D6DE-LeaderElection15: PRE_VOTE PASSED received 1 response(s) and 0 exception(s):
2023-03-17 00:26:14,884 INFO  impl.LeaderElection (LeaderElection.java:logAndReturn(93)) -   Response 0: s7<-s8#0:OK-t0
2023-03-17 00:26:14,884 INFO  impl.LeaderElection (LeaderElection.java:askForVotes(322)) - s7@group-69A93867D6DE-LeaderElection15 PRE_VOTE round 0: result PASSED
2023-03-17 00:26:14,885 INFO  server.RaftServer$Division (RaftServerImpl.java:requestVote(1303)) - s9@group-69A93867D6DE: receive requestVote(PRE_VOTE, s7, group-69A93867D6DE, 0, (t:0, i:0))
2023-03-17 00:26:14,885 INFO  impl.VoteContext (VoteContext.java:log(49)) - s9@group-69A93867D6DE-FOLLOWER: accept PRE_VOTE from s7: our priority 0 <= candidate's priority 0
2023-03-17 00:26:14,885 INFO  server.RaftServer$Division (RaftServerImpl.java:requestVote(1336)) - s9@group-69A93867D6DE replies to PRE_VOTE vote request: s7<-s9#0:OK-t0. Peer's state: s9@group-69A93867D6DE:t0, leader=null, voted=, raftlog=Memoized:s9@group-69A93867D6DE-SegmentedRaftLog:OPENED:c-1, conf=-1: peers:[s7|rpc:0.0.0.0:44573|dataStream:|priority:0|startupRole:FOLLOWER, s8|rpc:0.0.0.0:45461|dataStream:|priority:0|startupRole:FOLLOWER, s9|rpc:0.0.0.0:42413|dataStream:|priority:0|startupRole:FOLLOWER]|listeners:[], old=null
2023-03-17 00:26:14,887 INFO  impl.LeaderElection (LeaderElection.java:askForVotes(320)) - s7@group-69A93867D6DE-LeaderElection15 ELECTION round 0: submit vote requests at term 1 for -1: peers:[s7|rpc:0.0.0.0:44573|dataStream:|priority:0|startupRole:FOLLOWER, s8|rpc:0.0.0.0:45461|dataStream:|priority:0|startupRole:FOLLOWER, s9|rpc:0.0.0.0:42413|dataStream:|priority:0|startupRole:FOLLOWER]|listeners:[], old=null
2023-03-17 00:26:14,888 INFO  server.RaftServerConfigKeys (ConfUtils.java:logFallback(53)) - raft.server.rpc.first-election.timeout.min = 300ms (fallback to raft.server.rpc.timeout.min)
2023-03-17 00:26:14,888 INFO  server.RaftServerConfigKeys (ConfUtils.java:logFallback(53)) - raft.server.rpc.first-election.timeout.max = 600ms (fallback to raft.server.rpc.timeout.max)
2023-03-17 00:26:14,888 INFO  server.RaftServer$Division (RaftServerImpl.java:requestVote(1303)) - s8@group-69A93867D6DE: receive requestVote(ELECTION, s7, group-69A93867D6DE, 1, (t:0, i:0))
2023-03-17 00:26:14,888 INFO  impl.VoteContext (VoteContext.java:log(49)) - s8@group-69A93867D6DE-FOLLOWER: accept ELECTION from s7: our priority 0 <= candidate's priority 0
2023-03-17 00:26:14,888 INFO  server.RaftServer$Division (RaftServerImpl.java:setRole(329)) - s8@group-69A93867D6DE: changes role from  FOLLOWER to FOLLOWER at term 1 for candidate:s7
2023-03-17 00:26:14,888 INFO  impl.RoleInfo (RoleInfo.java:shutdownFollowerState(110)) - s8: shutdown s8@group-69A93867D6DE-FollowerState
2023-03-17 00:26:14,888 INFO  impl.FollowerState (FollowerState.java:run(152)) - s8@group-69A93867D6DE-FollowerState was interrupted
2023-03-17 00:26:14,889 INFO  impl.RoleInfo (RoleInfo.java:updateAndGet(139)) - s8: start s8@group-69A93867D6DE-FollowerState
2023-03-17 00:26:14,889 INFO  server.RaftServer$Division (RaftServerImpl.java:requestVote(1303)) - s9@group-69A93867D6DE: receive requestVote(ELECTION, s7, group-69A93867D6DE, 1, (t:0, i:0))
2023-03-17 00:26:14,889 INFO  impl.VoteContext (VoteContext.java:log(49)) - s9@group-69A93867D6DE-FOLLOWER: accept ELECTION from s7: our priority 0 <= candidate's priority 0
2023-03-17 00:26:14,889 INFO  server.RaftServer$Division (RaftServerImpl.java:setRole(329)) - s9@group-69A93867D6DE: changes role from  FOLLOWER to FOLLOWER at term 1 for candidate:s7
2023-03-17 00:26:14,889 INFO  impl.RoleInfo (RoleInfo.java:shutdownFollowerState(110)) - s9: shutdown s9@group-69A93867D6DE-FollowerState
2023-03-17 00:26:14,889 INFO  impl.RoleInfo (RoleInfo.java:updateAndGet(139)) - s9: start s9@group-69A93867D6DE-FollowerState
2023-03-17 00:26:14,889 INFO  impl.FollowerState (FollowerState.java:run(152)) - s9@group-69A93867D6DE-FollowerState was interrupted
2023-03-17 00:26:14,890 INFO  server.RaftServerConfigKeys (ConfUtils.java:logFallback(53)) - raft.server.rpc.first-election.timeout.min = 300ms (fallback to raft.server.rpc.timeout.min)
2023-03-17 00:26:14,890 INFO  server.RaftServerConfigKeys (ConfUtils.java:logFallback(53)) - raft.server.rpc.first-election.timeout.max = 600ms (fallback to raft.server.rpc.timeout.max)
2023-03-17 00:26:14,891 INFO  server.RaftServerConfigKeys (ConfUtils.java:logFallback(53)) - raft.server.rpc.first-election.timeout.min = 300ms (fallback to raft.server.rpc.timeout.min)
2023-03-17 00:26:14,891 INFO  server.RaftServerConfigKeys (ConfUtils.java:logFallback(53)) - raft.server.rpc.first-election.timeout.max = 600ms (fallback to raft.server.rpc.timeout.max)
2023-03-17 00:26:14,891 INFO  server.RaftServer$Division (RaftServerImpl.java:requestVote(1336)) - s9@group-69A93867D6DE replies to ELECTION vote request: s7<-s9#0:OK-t1. Peer's state: s9@group-69A93867D6DE:t1, leader=null, voted=s7, raftlog=Memoized:s9@group-69A93867D6DE-SegmentedRaftLog:OPENED:c-1, conf=-1: peers:[s7|rpc:0.0.0.0:44573|dataStream:|priority:0|startupRole:FOLLOWER, s8|rpc:0.0.0.0:45461|dataStream:|priority:0|startupRole:FOLLOWER, s9|rpc:0.0.0.0:42413|dataStream:|priority:0|startupRole:FOLLOWER]|listeners:[], old=null
2023-03-17 00:26:14,892 INFO  impl.LeaderElection (LeaderElection.java:logAndReturn(89)) - s7@group-69A93867D6DE-LeaderElection15: ELECTION PASSED received 1 response(s) and 0 exception(s):
2023-03-17 00:26:14,892 INFO  impl.LeaderElection (LeaderElection.java:logAndReturn(93)) -   Response 0: s7<-s9#0:OK-t1
2023-03-17 00:26:14,892 INFO  impl.LeaderElection (LeaderElection.java:askForVotes(322)) - s7@group-69A93867D6DE-LeaderElection15 ELECTION round 0: result PASSED
2023-03-17 00:26:14,892 INFO  impl.RoleInfo (RoleInfo.java:shutdownLeaderElection(130)) - s7: shutdown s7@group-69A93867D6DE-LeaderElection15
2023-03-17 00:26:14,892 INFO  server.RaftServer$Division (RaftServerImpl.java:setRole(329)) - s7@group-69A93867D6DE: changes role from CANDIDATE to LEADER at term 1 for changeToLeader
2023-03-17 00:26:14,892 INFO  server.RaftServer$Division (ServerState.java:setLeader(260)) - s7@group-69A93867D6DE: change Leader from null to s7 at term 1 for becomeLeader, leader elected after 445ms
2023-03-17 00:26:14,892 INFO  server.RaftServer$Division (RaftServerImpl.java:requestVote(1336)) - s8@group-69A93867D6DE replies to ELECTION vote request: s7<-s8#0:OK-t1. Peer's state: s8@group-69A93867D6DE:t1, leader=null, voted=s7, raftlog=Memoized:s8@group-69A93867D6DE-SegmentedRaftLog:OPENED:c-1, conf=-1: peers:[s7|rpc:0.0.0.0:44573|dataStream:|priority:0|startupRole:FOLLOWER, s8|rpc:0.0.0.0:45461|dataStream:|priority:0|startupRole:FOLLOWER, s9|rpc:0.0.0.0:42413|dataStream:|priority:0|startupRole:FOLLOWER]|listeners:[], old=null
2023-03-17 00:26:14,892 INFO  server.RaftServerConfigKeys (ConfUtils.java:logGet(46)) - raft.server.staging.catchup.gap = 1000 (default)
2023-03-17 00:26:14,892 INFO  server.RaftServerConfigKeys (ConfUtils.java:logGet(46)) - raft.server.write.element-limit = 4096 (default)
2023-03-17 00:26:14,892 INFO  server.RaftServerConfigKeys (ConfUtils.java:logGet(46)) - raft.server.write.byte-limit = 64MB (=67108864) (default)
2023-03-17 00:26:14,892 INFO  server.RaftServerConfigKeys (ConfUtils.java:logGet(46)) - raft.server.watch.timeout = 10s (default)
2023-03-17 00:26:14,892 INFO  server.RaftServerConfigKeys (ConfUtils.java:logGet(46)) - raft.server.watch.timeout.denomination = 1s (default)
2023-03-17 00:26:14,893 INFO  server.RaftServerConfigKeys (ConfUtils.java:logGet(46)) - raft.server.watch.element-limit = 65536 (default)
2023-03-17 00:26:14,893 INFO  server.RaftServerConfigKeys (ConfUtils.java:logGet(46)) - raft.server.write.element-limit = 4096 (default)
2023-03-17 00:26:14,893 INFO  server.RaftServerConfigKeys (ConfUtils.java:logGet(46)) - raft.server.write.follower.gap.ratio.max = -1.0 (default)
2023-03-17 00:26:14,893 INFO  server.RaftServerConfigKeys (ConfUtils.java:logGet(46)) - raft.server.log.appender.snapshot.chunk.size.max = 16MB (=16777216) (default)
2023-03-17 00:26:14,893 INFO  server.RaftServerConfigKeys (ConfUtils.java:logGet(46)) - raft.server.log.appender.buffer.byte-limit = 4MB (=4194304) (default)
2023-03-17 00:26:14,893 INFO  server.RaftServerConfigKeys (ConfUtils.java:logGet(46)) - raft.server.log.appender.buffer.element-limit = 0 (default)
2023-03-17 00:26:14,893 INFO  server.RaftServerConfigKeys (ConfUtils.java:logGet(46)) - raft.server.log.appender.wait-time.min = 10ms (default)
2023-03-17 00:26:14,893 INFO  server.RaftServerConfigKeys (ConfUtils.java:logGet(46)) - raft.server.log.appender.snapshot.chunk.size.max = 16MB (=16777216) (default)
2023-03-17 00:26:14,893 INFO  server.RaftServerConfigKeys (ConfUtils.java:logGet(46)) - raft.server.log.appender.buffer.byte-limit = 4MB (=4194304) (default)
2023-03-17 00:26:14,893 INFO  server.RaftServerConfigKeys (ConfUtils.java:logGet(46)) - raft.server.log.appender.buffer.element-limit = 0 (default)
2023-03-17 00:26:14,894 INFO  server.RaftServerConfigKeys (ConfUtils.java:logGet(46)) - raft.server.log.appender.wait-time.min = 10ms (default)
2023-03-17 00:26:14,894 INFO  impl.RoleInfo (RoleInfo.java:updateAndGet(139)) - s7: start s7@group-69A93867D6DE-LeaderStateImpl
2023-03-17 00:26:14,894 INFO  segmented.SegmentedRaftLogWorker (SegmentedRaftLogWorker.java:startLogSegment(426)) - s7@group-69A93867D6DE-SegmentedRaftLogWorker: Starting segment from index:0
2023-03-17 00:26:14,905 INFO  server.RaftServer$Division (ServerState.java:setLeader(260)) - s8@group-69A93867D6DE: change Leader from null to s7 at term 1 for appendEntries, leader elected after 361ms
2023-03-17 00:26:14,905 INFO  server.RaftServer$Division (ServerState.java:setRaftConf(378)) - s7@group-69A93867D6DE: set configuration 0: peers:[s7|rpc:0.0.0.0:44573|dataStream:|priority:0|startupRole:FOLLOWER, s8|rpc:0.0.0.0:45461|dataStream:|priority:0|startupRole:FOLLOWER, s9|rpc:0.0.0.0:42413|dataStream:|priority:0|startupRole:FOLLOWER]|listeners:[], old=null
2023-03-17 00:26:14,906 INFO  segmented.SegmentedRaftLogWorker (SegmentedRaftLogWorker.java:execute(630)) - s7@group-69A93867D6DE-SegmentedRaftLogWorker: created new log segment /home/runner/work/ratis/ratis/ratis-examples/target/test/data/9a3b15da/MiniRaftClusterWithNettyce94e709/s7/5bddf1e9-aa65-44c6-8a15-69a93867d6de/current/log_inprogress_0
2023-03-17 00:26:14,906 INFO  server.RaftServer$Division (ServerState.java:setLeader(260)) - s9@group-69A93867D6DE: change Leader from null to s7 at term 1 for appendEntries, leader elected after 312ms
2023-03-17 00:26:14,908 DEBUG server.RaftServer$Division (RaftServerImpl.java:logAppendEntries(1430)) - s9@group-69A93867D6DE: receive appendEntries(s7, 1, null, -1, true, commits:[s7:c-1, s8:c-1, s9:c-1], cId:6344, entries: [(t:1, i:0), CONFIGURATIONENTRY(current:id: "s7"
address: "0.0.0.0:44573"
clientAddress: "0.0.0.0:44573"
adminAddress: "0.0.0.0:44573"
startupRole: FOLLOWER
,id: "s8"
address: "0.0.0.0:45461"
clientAddress: "0.0.0.0:45461"
adminAddress: "0.0.0.0:45461"
startupRole: FOLLOWER
,id: "s9"
address: "0.0.0.0:42413"
clientAddress: "0.0.0.0:42413"
adminAddress: "0.0.0.0:42413"
startupRole: FOLLOWER
, old:)]
2023-03-17 00:26:14,908 INFO  server.RaftServer$Division (ServerState.java:setRaftConf(378)) - s9@group-69A93867D6DE: set configuration 0: peers:[s7|rpc:0.0.0.0:44573|dataStream:|priority:0|startupRole:FOLLOWER, s8|rpc:0.0.0.0:45461|dataStream:|priority:0|startupRole:FOLLOWER, s9|rpc:0.0.0.0:42413|dataStream:|priority:0|startupRole:FOLLOWER]|listeners:[], old=null
2023-03-17 00:26:14,908 INFO  segmented.SegmentedRaftLogWorker (SegmentedRaftLogWorker.java:startLogSegment(426)) - s9@group-69A93867D6DE-SegmentedRaftLogWorker: Starting segment from index:0
2023-03-17 00:26:14,908 DEBUG server.RaftServer$Division (RaftServerImpl.java:logAppendEntries(1430)) - s8@group-69A93867D6DE: receive appendEntries(s7, 1, null, -1, true, commits:[s7:c-1, s8:c-1, s9:c-1], cId:6345, entries: [(t:1, i:0), CONFIGURATIONENTRY(current:id: "s7"
address: "0.0.0.0:44573"
clientAddress: "0.0.0.0:44573"
adminAddress: "0.0.0.0:44573"
startupRole: FOLLOWER
,id: "s8"
address: "0.0.0.0:45461"
clientAddress: "0.0.0.0:45461"
adminAddress: "0.0.0.0:45461"
startupRole: FOLLOWER
,id: "s9"
address: "0.0.0.0:42413"
clientAddress: "0.0.0.0:42413"
adminAddress: "0.0.0.0:42413"
startupRole: FOLLOWER
, old:)]
2023-03-17 00:26:14,909 INFO  server.RaftServer$Division (ServerState.java:setRaftConf(378)) - s8@group-69A93867D6DE: set configuration 0: peers:[s7|rpc:0.0.0.0:44573|dataStream:|priority:0|startupRole:FOLLOWER, s8|rpc:0.0.0.0:45461|dataStream:|priority:0|startupRole:FOLLOWER, s9|rpc:0.0.0.0:42413|dataStream:|priority:0|startupRole:FOLLOWER]|listeners:[], old=null
2023-03-17 00:26:14,909 INFO  segmented.SegmentedRaftLogWorker (SegmentedRaftLogWorker.java:startLogSegment(426)) - s8@group-69A93867D6DE-SegmentedRaftLogWorker: Starting segment from index:0
2023-03-17 00:26:14,929 INFO  segmented.SegmentedRaftLogWorker (SegmentedRaftLogWorker.java:execute(630)) - s9@group-69A93867D6DE-SegmentedRaftLogWorker: created new log segment /home/runner/work/ratis/ratis/ratis-examples/target/test/data/9a3b15da/MiniRaftClusterWithNettyce94e709/s9/5bddf1e9-aa65-44c6-8a15-69a93867d6de/current/log_inprogress_0
2023-03-17 00:26:14,930 DEBUG server.RaftServer$Division (RaftServerImpl.java:logAppendEntries(1430)) - s9@group-69A93867D6DE: succeeded to handle AppendEntries. Reply: s7<-s9#6344:OK-t1,SUCCESS,nextIndex=1,followerCommit=-1,matchIndex=0
2023-03-17 00:26:14,930 INFO  segmented.SegmentedRaftLogWorker (SegmentedRaftLogWorker.java:execute(630)) - s8@group-69A93867D6DE-SegmentedRaftLogWorker: created new log segment /home/runner/work/ratis/ratis/ratis-examples/target/test/data/9a3b15da/MiniRaftClusterWithNettyce94e709/s8/5bddf1e9-aa65-44c6-8a15-69a93867d6de/current/log_inprogress_0
2023-03-17 00:26:14,931 DEBUG server.RaftServer$Division (RaftServerImpl.java:logAppendEntries(1430)) - s8@group-69A93867D6DE: succeeded to handle AppendEntries. Reply: s7<-s8#6345:OK-t1,SUCCESS,nextIndex=1,followerCommit=-1,matchIndex=0
2023-03-17 00:26:15,553 INFO  ratis.RaftTestUtil (RaftTestUtil.java:waitForLeader(119)) - printing group-69A93867D6DE
  s7:  RUNNING [
     LEADER s7@group-69A93867D6DE:t1, leader=s7, voted=s7, raftlog=Memoized:s7@group-69A93867D6DE-SegmentedRaftLog:OPENED:c0, conf=0: peers:[s7|rpc:0.0.0.0:44573|dataStream:|priority:0|startupRole:FOLLOWER, s8|rpc:0.0.0.0:45461|dataStream:|priority:0|startupRole:FOLLOWER, s9|rpc:0.0.0.0:42413|dataStream:|priority:0|startupRole:FOLLOWER]|listeners:[], old=null RUNNING
   FOLLOWER s7@group-38FE90E113AE:t0, leader=null, voted=, raftlog=Memoized:s7@group-38FE90E113AE-SegmentedRaftLog:OPENED:c-1, conf=-1: peers:[]|listeners:[], old=null STARTING] size=2
  s8:  RUNNING [
   FOLLOWER s8@group-69A93867D6DE:t1, leader=s7, voted=s7, raftlog=Memoized:s8@group-69A93867D6DE-SegmentedRaftLog:OPENED:c0, conf=0: peers:[s7|rpc:0.0.0.0:44573|dataStream:|priority:0|startupRole:FOLLOWER, s8|rpc:0.0.0.0:45461|dataStream:|priority:0|startupRole:FOLLOWER, s9|rpc:0.0.0.0:42413|dataStream:|priority:0|startupRole:FOLLOWER]|listeners:[], old=null RUNNING
   FOLLOWER s8@group-38FE90E113AE:t0, leader=null, voted=, raftlog=Memoized:s8@group-38FE90E113AE-SegmentedRaftLog:OPENED:c-1, conf=-1: peers:[]|listeners:[], old=null STARTING] size=2
  s9:  RUNNING [
   FOLLOWER s9@group-69A93867D6DE:t1, leader=s7, voted=s7, raftlog=Memoized:s9@group-69A93867D6DE-SegmentedRaftLog:OPENED:c0, conf=0: peers:[s7|rpc:0.0.0.0:44573|dataStream:|priority:0|startupRole:FOLLOWER, s8|rpc:0.0.0.0:45461|dataStream:|priority:0|startupRole:FOLLOWER, s9|rpc:0.0.0.0:42413|dataStream:|priority:0|startupRole:FOLLOWER]|listeners:[], old=null RUNNING
   FOLLOWER s9@group-38FE90E113AE:t0, leader=null, voted=, raftlog=Memoized:s9@group-38FE90E113AE-SegmentedRaftLog:OPENED:c-1, conf=-1: peers:[]|listeners:[], old=null STARTING] size=2
2023-03-17 00:26:15,555 INFO  logging.LoggingHandler (AbstractInternalLogger.java:log(148)) - [id: 0xdc48b285, L:/0.0.0.0:44573] READ: [id: 0x0134967b, L:/10.1.0.17:44573 - R:/10.1.0.17:39860]
2023-03-17 00:26:15,556 INFO  logging.LoggingHandler (AbstractInternalLogger.java:log(148)) - [id: 0xdc48b285, L:/0.0.0.0:44573] READ COMPLETE
2023-03-17 00:26:15,558 DEBUG server.RaftServer$Division (RaftServerImpl.java:submitClientRequestAsync(835)) - s7@group-69A93867D6DE: receive client request(RaftClientRequest:client-A3ACAD49A318->s7@group-69A93867D6DE, cid=6438, seq=0, RW, Message:010161024054c0000000...(size=12))
2023-03-17 00:26:15,559 DEBUG server.RaftServer$Division (LeaderStateImpl.java:addPendingRequest(474)) - s7@group-69A93867D6DE-LeaderStateImpl: addPendingRequest at RaftClientRequest:client-A3ACAD49A318->s7@group-69A93867D6DE, cid=6438, seq=0, RW, Message:010161024054c0000000...(size=12), entry=(t:1, i:1), STATEMACHINELOGENTRY, 6438@client-A3ACAD49A318
2023-03-17 00:26:15,559 DEBUG server.RaftServer$Division (RaftServerImpl.java:logAppendEntries(1430)) - s8@group-69A93867D6DE: receive appendEntries(s7, 1, (t:1, i:0), 0, true, commits:[s7:c0, s8:c0, s9:c0], cId:6439, entries: [(t:1, i:1), STATEMACHINELOGENTRY, 6438@client-A3ACAD49A318]
2023-03-17 00:26:15,559 DEBUG server.RaftServer$Division (RaftServerImpl.java:logAppendEntries(1430)) - s9@group-69A93867D6DE: receive appendEntries(s7, 1, (t:1, i:0), 0, true, commits:[s7:c0, s8:c0, s9:c0], cId:6440, entries: [(t:1, i:1), STATEMACHINELOGENTRY, 6438@client-A3ACAD49A318]
2023-03-17 00:26:15,560 DEBUG server.RaftServer$Division (RaftServerImpl.java:logAppendEntries(1430)) - s8@group-69A93867D6DE: succeeded to handle AppendEntries. Reply: s7<-s8#6439:OK-t1,SUCCESS,nextIndex=2,followerCommit=0,matchIndex=1
2023-03-17 00:26:15,560 DEBUG server.RaftServer$Division (RaftServerImpl.java:logAppendEntries(1430)) - s9@group-69A93867D6DE: succeeded to handle AppendEntries. Reply: s7<-s9#6440:OK-t1,SUCCESS,nextIndex=2,followerCommit=0,matchIndex=1
2023-03-17 00:26:15,560 INFO  statemachine.StateMachine (ArithmeticStateMachine.java:applyTransaction(182)) - LEADER:s7-1: a = 83 = 83
2023-03-17 00:26:15,561 DEBUG server.RaftServer$Division (RaftServerImpl.java:logAppendEntries(1430)) - s8@group-69A93867D6DE: receive appendEntries(s7, 1, (t:1, i:1), 1, true, commits:[s7:c1, s8:c0, s9:c0], cId:6441, entries: [(t:1, i:2), METADATAENTRY(c:1)]
2023-03-17 00:26:15,561 DEBUG server.RaftServer$Division (RaftServerImpl.java:logAppendEntries(1430)) - s9@group-69A93867D6DE: receive appendEntries(s7, 1, (t:1, i:1), 1, true, commits:[s7:c1, s8:c0, s9:c0], cId:6442, entries: [(t:1, i:2), METADATAENTRY(c:1)]
2023-03-17 00:26:15,562 DEBUG server.RaftServer$Division (RaftServerImpl.java:logAppendEntries(1430)) - s8@group-69A93867D6DE: succeeded to handle AppendEntries. Reply: s7<-s8#6441:OK-t1,SUCCESS,nextIndex=3,followerCommit=1,matchIndex=2
2023-03-17 00:26:15,563 DEBUG server.RaftServer$Division (RaftServerImpl.java:logAppendEntries(1430)) - s9@group-69A93867D6DE: succeeded to handle AppendEntries. Reply: s7<-s9#6442:OK-t1,SUCCESS,nextIndex=3,followerCommit=1,matchIndex=2
2023-03-17 00:26:15,563 DEBUG server.RaftServer$Division (RaftServerImpl.java:submitClientRequestAsync(835)) - s7@group-69A93867D6DE: receive client request(RaftClientRequest:client-A3ACAD49A318->s7@group-69A93867D6DE, cid=6443, seq=0, RW, Message:0101620240aae8000000...(size=12))
2023-03-17 00:26:15,566 DEBUG server.RaftServer$Division (LeaderStateImpl.java:addPendingRequest(474)) - s7@group-69A93867D6DE-LeaderStateImpl: addPendingRequest at RaftClientRequest:client-A3ACAD49A318->s7@group-69A93867D6DE, cid=6443, seq=0, RW, Message:0101620240aae8000000...(size=12), entry=(t:1, i:3), STATEMACHINELOGENTRY, 6443@client-A3ACAD49A318
2023-03-17 00:26:15,567 DEBUG server.RaftServer$Division (RaftServerImpl.java:logAppendEntries(1430)) - s8@group-69A93867D6DE: receive appendEntries(s7, 1, (t:1, i:2), 2, true, commits:[s7:c2, s8:c1, s9:c1], cId:6444, entries: [(t:1, i:3), STATEMACHINELOGENTRY, 6443@client-A3ACAD49A318]
2023-03-17 00:26:15,567 DEBUG server.RaftServer$Division (RaftServerImpl.java:logAppendEntries(1430)) - s9@group-69A93867D6DE: receive appendEntries(s7, 1, (t:1, i:2), 2, true, commits:[s7:c2, s8:c1, s9:c1], cId:6445, entries: [(t:1, i:3), STATEMACHINELOGENTRY, 6443@client-A3ACAD49A318]
2023-03-17 00:26:15,567 DEBUG server.RaftServer$Division (RaftServerImpl.java:logAppendEntries(1430)) - s8@group-69A93867D6DE: succeeded to handle AppendEntries. Reply: s7<-s8#6444:OK-t1,SUCCESS,nextIndex=4,followerCommit=2,matchIndex=3
2023-03-17 00:26:15,568 DEBUG server.RaftServer$Division (RaftServerImpl.java:logAppendEntries(1430)) - s9@group-69A93867D6DE: succeeded to handle AppendEntries. Reply: s7<-s9#6445:OK-t1,SUCCESS,nextIndex=4,followerCommit=2,matchIndex=3
2023-03-17 00:26:15,568 INFO  statemachine.StateMachine (ArithmeticStateMachine.java:applyTransaction(182)) - LEADER:s7-3: b = 3444 = 3444
2023-03-17 00:26:15,569 DEBUG server.RaftServer$Division (RaftServerImpl.java:logAppendEntries(1430)) - s9@group-69A93867D6DE: receive appendEntries(s7, 1, (t:1, i:3), 3, true, commits:[s7:c3, s8:c2, s9:c2], cId:6446, entries: [(t:1, i:4), METADATAENTRY(c:3)]
2023-03-17 00:26:15,569 DEBUG server.RaftServer$Division (RaftServerImpl.java:logAppendEntries(1430)) - s8@group-69A93867D6DE: receive appendEntries(s7, 1, (t:1, i:3), 3, true, commits:[s7:c3, s8:c2, s9:c2], cId:6447, entries: [(t:1, i:4), METADATAENTRY(c:3)]
2023-03-17 00:26:15,569 DEBUG server.RaftServer$Division (RaftServerImpl.java:logAppendEntries(1430)) - s9@group-69A93867D6DE: succeeded to handle AppendEntries. Reply: s7<-s9#6446:OK-t1,SUCCESS,nextIndex=5,followerCommit=3,matchIndex=4
2023-03-17 00:26:15,570 DEBUG server.RaftServer$Division (RaftServerImpl.java:logAppendEntries(1430)) - s8@group-69A93867D6DE: succeeded to handle AppendEntries. Reply: s7<-s8#6447:OK-t1,SUCCESS,nextIndex=5,followerCommit=3,matchIndex=4
2023-03-17 00:26:15,571 DEBUG server.RaftServer$Division (RaftServerImpl.java:submitClientRequestAsync(835)) - s7@group-69A93867D6DE: receive client request(RaftClientRequest:client-A3ACAD49A318->s7@group-69A93867D6DE, cid=6448, seq=0, RW, Message:01016304010300040201...(size=17))
2023-03-17 00:26:15,571 DEBUG server.RaftServer$Division (LeaderStateImpl.java:addPendingRequest(474)) - s7@group-69A93867D6DE-LeaderStateImpl: addPendingRequest at RaftClientRequest:client-A3ACAD49A318->s7@group-69A93867D6DE, cid=6448, seq=0, RW, Message:01016304010300040201...(size=17), entry=(t:1, i:5), STATEMACHINELOGENTRY, 6448@client-A3ACAD49A318
2023-03-17 00:26:15,572 DEBUG server.RaftServer$Division (RaftServerImpl.java:logAppendEntries(1430)) - s8@group-69A93867D6DE: receive appendEntries(s7, 1, (t:1, i:4), 4, true, commits:[s7:c4, s8:c3, s9:c3], cId:6449, entries: [(t:1, i:5), STATEMACHINELOGENTRY, 6448@client-A3ACAD49A318]
2023-03-17 00:26:15,572 DEBUG server.RaftServer$Division (RaftServerImpl.java:logAppendEntries(1430)) - s8@group-69A93867D6DE: succeeded to handle AppendEntries. Reply: s7<-s8#6449:OK-t1,SUCCESS,nextIndex=6,followerCommit=4,matchIndex=5
2023-03-17 00:26:15,572 DEBUG server.RaftServer$Division (RaftServerImpl.java:logAppendEntries(1430)) - s9@group-69A93867D6DE: receive appendEntries(s7, 1, (t:1, i:4), 4, true, commits:[s7:c4, s8:c3, s9:c3], cId:6450, entries: [(t:1, i:5), STATEMACHINELOGENTRY, 6448@client-A3ACAD49A318]
2023-03-17 00:26:15,573 DEBUG server.RaftServer$Division (RaftServerImpl.java:logAppendEntries(1430)) - s9@group-69A93867D6DE: succeeded to handle AppendEntries. Reply: s7<-s9#6450:OK-t1,SUCCESS,nextIndex=6,followerCommit=4,matchIndex=5
2023-03-17 00:26:15,574 INFO  statemachine.StateMachine (ArithmeticStateMachine.java:applyTransaction(182)) - LEADER:s7-5: c = √(a^2 + b^2) = 3445
2023-03-17 00:26:15,575 DEBUG server.RaftServer$Division (RaftServerImpl.java:logAppendEntries(1430)) - s8@group-69A93867D6DE: receive appendEntries(s7, 1, (t:1, i:5), 5, true, commits:[s7:c5, s8:c4, s9:c4], cId:6451, entries: [(t:1, i:6), METADATAENTRY(c:5)]
2023-03-17 00:26:15,575 DEBUG server.RaftServer$Division (RaftServerImpl.java:logAppendEntries(1430)) - s9@group-69A93867D6DE: receive appendEntries(s7, 1, (t:1, i:5), 5, true, commits:[s7:c5, s8:c4, s9:c4], cId:6452, entries: [(t:1, i:6), METADATAENTRY(c:5)]
2023-03-17 00:26:15,575 DEBUG server.RaftServer$Division (RaftServerImpl.java:logAppendEntries(1430)) - s8@group-69A93867D6DE: succeeded to handle AppendEntries. Reply: s7<-s8#6451:OK-t1,SUCCESS,nextIndex=7,followerCommit=5,matchIndex=6
2023-03-17 00:26:15,575 DEBUG server.RaftServer$Division (RaftServerImpl.java:logAppendEntries(1430)) - s9@group-69A93867D6DE: succeeded to handle AppendEntries. Reply: s7<-s9#6452:OK-t1,SUCCESS,nextIndex=7,followerCommit=5,matchIndex=6
2023-03-17 00:26:15,577 DEBUG server.RaftServer$Division (RaftServerImpl.java:submitClientRequestAsync(835)) - s7@group-69A93867D6DE: receive client request(RaftClientRequest:client-A3ACAD49A318->s7@group-69A93867D6DE, cid=6453, seq=0, RW, Message:01016100)
2023-03-17 00:26:15,578 DEBUG server.RaftServer$Division (LeaderStateImpl.java:addPendingRequest(474)) - s7@group-69A93867D6DE-LeaderStateImpl: addPendingRequest at RaftClientRequest:client-A3ACAD49A318->s7@group-69A93867D6DE, cid=6453, seq=0, RW, Message:01016100, entry=(t:1, i:7), STATEMACHINELOGENTRY, 6453@client-A3ACAD49A318
2023-03-17 00:26:15,578 DEBUG server.RaftServer$Division (RaftServerImpl.java:logAppendEntries(1430)) - s8@group-69A93867D6DE: receive appendEntries(s7, 1, (t:1, i:6), 6, true, commits:[s7:c6, s8:c5, s9:c5], cId:6454, entries: [(t:1, i:7), STATEMACHINELOGENTRY, 6453@client-A3ACAD49A318]
2023-03-17 00:26:15,579 DEBUG server.RaftServer$Division (RaftServerImpl.java:logAppendEntries(1430)) - s9@group-69A93867D6DE: receive appendEntries(s7, 1, (t:1, i:6), 6, true, commits:[s7:c6, s8:c5, s9:c5], cId:6455, entries: [(t:1, i:7), STATEMACHINELOGENTRY, 6453@client-A3ACAD49A318]
2023-03-17 00:26:15,579 DEBUG server.RaftServer$Division (RaftServerImpl.java:logAppendEntries(1430)) - s8@group-69A93867D6DE: succeeded to handle AppendEntries. Reply: s7<-s8#6454:OK-t1,SUCCESS,nextIndex=8,followerCommit=6,matchIndex=7
2023-03-17 00:26:15,579 DEBUG server.RaftServer$Division (RaftServerImpl.java:logAppendEntries(1430)) - s9@group-69A93867D6DE: succeeded to handle AppendEntries. Reply: s7<-s9#6455:OK-t1,SUCCESS,nextIndex=8,followerCommit=6,matchIndex=7
2023-03-17 00:26:15,580 INFO  statemachine.StateMachine (ArithmeticStateMachine.java:applyTransaction(182)) - LEADER:s7-7: a = null = null
2023-03-17 00:26:15,581 DEBUG server.RaftServer$Division (RaftServerImpl.java:logAppendEntries(1430)) - s9@group-69A93867D6DE: receive appendEntries(s7, 1, (t:1, i:7), 7, true, commits:[s7:c7, s8:c6, s9:c6], cId:6456, entries: [(t:1, i:8), METADATAENTRY(c:7)]
2023-03-17 00:26:15,581 DEBUG server.RaftServer$Division (RaftServerImpl.java:logAppendEntries(1430)) - s8@group-69A93867D6DE: receive appendEntries(s7, 1, (t:1, i:7), 7, true, commits:[s7:c7, s8:c6, s9:c6], cId:6457, entries: [(t:1, i:8), METADATAENTRY(c:7)]
2023-03-17 00:26:15,581 DEBUG server.RaftServer$Division (RaftServerImpl.java:logAppendEntries(1430)) - s9@group-69A93867D6DE: succeeded to handle AppendEntries. Reply: s7<-s9#6456:OK-t1,SUCCESS,nextIndex=9,followerCommit=7,matchIndex=8
2023-03-17 00:26:15,581 DEBUG server.RaftServer$Division (RaftServerImpl.java:logAppendEntries(1430)) - s8@group-69A93867D6DE: succeeded to handle AppendEntries. Reply: s7<-s8#6457:OK-t1,SUCCESS,nextIndex=9,followerCommit=7,matchIndex=8
2023-03-17 00:26:15,588 DEBUG server.RaftServer$Division (RaftServerImpl.java:submitClientRequestAsync(835)) - s7@group-69A93867D6DE: receive client request(RaftClientRequest:client-A3ACAD49A318->s7@group-69A93867D6DE, cid=6458, seq=0, RW, Message:01016200)
2023-03-17 00:26:15,588 DEBUG server.RaftServer$Division (LeaderStateImpl.java:addPendingRequest(474)) - s7@group-69A93867D6DE-LeaderStateImpl: addPendingRequest at RaftClientRequest:client-A3ACAD49A318->s7@group-69A93867D6DE, cid=6458, seq=0, RW, Message:01016200, entry=(t:1, i:9), STATEMACHINELOGENTRY, 6458@client-A3ACAD49A318
2023-03-17 00:26:15,589 DEBUG server.RaftServer$Division (RaftServerImpl.java:logAppendEntries(1430)) - s8@group-69A93867D6DE: receive appendEntries(s7, 1, (t:1, i:8), 8, true, commits:[s7:c8, s8:c7, s9:c7], cId:6459, entries: [(t:1, i:9), STATEMACHINELOGENTRY, 6458@client-A3ACAD49A318]
2023-03-17 00:26:15,589 DEBUG server.RaftServer$Division (RaftServerImpl.java:logAppendEntries(1430)) - s9@group-69A93867D6DE: receive appendEntries(s7, 1, (t:1, i:8), 8, true, commits:[s7:c8, s8:c7, s9:c7], cId:6460, entries: [(t:1, i:9), STATEMACHINELOGENTRY, 6458@client-A3ACAD49A318]
2023-03-17 00:26:15,589 DEBUG server.RaftServer$Division (RaftServerImpl.java:logAppendEntries(1430)) - s8@group-69A93867D6DE: succeeded to handle AppendEntries. Reply: s7<-s8#6459:OK-t1,SUCCESS,nextIndex=10,followerCommit=8,matchIndex=9
2023-03-17 00:26:15,590 DEBUG server.RaftServer$Division (RaftServerImpl.java:logAppendEntries(1430)) - s9@group-69A93867D6DE: succeeded to handle AppendEntries. Reply: s7<-s9#6460:OK-t1,SUCCESS,nextIndex=10,followerCommit=8,matchIndex=9
2023-03-17 00:26:15,590 INFO  statemachine.StateMachine (ArithmeticStateMachine.java:applyTransaction(182)) - LEADER:s7-9: b = null = null
2023-03-17 00:26:15,594 DEBUG server.RaftServer$Division (RaftServerImpl.java:logAppendEntries(1430)) - s9@group-69A93867D6DE: receive appendEntries(s7, 1, (t:1, i:9), 9, true, commits:[s7:c9, s8:c8, s9:c8], cId:6462, entries: [(t:1, i:10), METADATAENTRY(c:9)]
2023-03-17 00:26:15,594 DEBUG server.RaftServer$Division (RaftServerImpl.java:logAppendEntries(1430)) - s8@group-69A93867D6DE: receive appendEntries(s7, 1, (t:1, i:9), 9, true, commits:[s7:c9, s8:c8, s9:c8], cId:6461, entries: [(t:1, i:10), METADATAENTRY(c:9)]
2023-03-17 00:26:15,594 DEBUG server.RaftServer$Division (RaftServerImpl.java:logAppendEntries(1430)) - s9@group-69A93867D6DE: succeeded to handle AppendEntries. Reply: s7<-s9#6462:OK-t1,SUCCESS,nextIndex=11,followerCommit=9,matchIndex=10
2023-03-17 00:26:15,594 DEBUG server.RaftServer$Division (RaftServerImpl.java:logAppendEntries(1430)) - s8@group-69A93867D6DE: succeeded to handle AppendEntries. Reply: s7<-s8#6461:OK-t1,SUCCESS,nextIndex=11,followerCommit=9,matchIndex=10
2023-03-17 00:26:15,596 DEBUG server.RaftServer$Division (RaftServerImpl.java:submitClientRequestAsync(835)) - s7@group-69A93867D6DE: receive client request(RaftClientRequest:client-A3ACAD49A318->s7@group-69A93867D6DE, cid=6463, seq=0, RW, Message:01016300)
2023-03-17 00:26:15,596 DEBUG server.RaftServer$Division (LeaderStateImpl.java:addPendingRequest(474)) - s7@group-69A93867D6DE-LeaderStateImpl: addPendingRequest at RaftClientRequest:client-A3ACAD49A318->s7@group-69A93867D6DE, cid=6463, seq=0, RW, Message:01016300, entry=(t:1, i:11), STATEMACHINELOGENTRY, 6463@client-A3ACAD49A318
2023-03-17 00:26:15,597 DEBUG server.RaftServer$Division (RaftServerImpl.java:logAppendEntries(1430)) - s8@group-69A93867D6DE: receive appendEntries(s7, 1, (t:1, i:10), 10, true, commits:[s7:c10, s8:c9, s9:c9], cId:6464, entries: [(t:1, i:11), STATEMACHINELOGENTRY, 6463@client-A3ACAD49A318]
2023-03-17 00:26:15,597 DEBUG server.RaftServer$Division (RaftServerImpl.java:logAppendEntries(1430)) - s8@group-69A93867D6DE: succeeded to handle AppendEntries. Reply: s7<-s8#6464:OK-t1,SUCCESS,nextIndex=12,followerCommit=10,matchIndex=11
2023-03-17 00:26:15,597 DEBUG server.RaftServer$Division (RaftServerImpl.java:logAppendEntries(1430)) - s9@group-69A93867D6DE: receive appendEntries(s7, 1, (t:1, i:10), 10, true, commits:[s7:c10, s8:c9, s9:c9], cId:6465, entries: [(t:1, i:11), STATEMACHINELOGENTRY, 6463@client-A3ACAD49A318]
2023-03-17 00:26:15,598 DEBUG server.RaftServer$Division (RaftServerImpl.java:logAppendEntries(1430)) - s9@group-69A93867D6DE: succeeded to handle AppendEntries. Reply: s7<-s9#6465:OK-t1,SUCCESS,nextIndex=12,followerCommit=10,matchIndex=11
2023-03-17 00:26:15,598 INFO  statemachine.StateMachine (ArithmeticStateMachine.java:applyTransaction(182)) - LEADER:s7-11: c = null = null
2023-03-17 00:26:15,599 DEBUG server.RaftServer$Division (RaftServerImpl.java:logAppendEntries(1430)) - s9@group-69A93867D6DE: receive appendEntries(s7, 1, (t:1, i:11), 11, true, commits:[s7:c11, s8:c10, s9:c10], cId:6467, entries: [(t:1, i:12), METADATAENTRY(c:11)]
2023-03-17 00:26:15,599 DEBUG server.RaftServer$Division (RaftServerImpl.java:logAppendEntries(1430)) - s8@group-69A93867D6DE: receive appendEntries(s7, 1, (t:1, i:11), 11, true, commits:[s7:c11, s8:c10, s9:c10], cId:6466, entries: [(t:1, i:12), METADATAENTRY(c:11)]
2023-03-17 00:26:15,600 DEBUG server.RaftServer$Division (RaftServerImpl.java:logAppendEntries(1430)) - s9@group-69A93867D6DE: succeeded to handle AppendEntries. Reply: s7<-s9#6467:OK-t1,SUCCESS,nextIndex=13,followerCommit=11,matchIndex=12
2023-03-17 00:26:15,600 DEBUG server.RaftServer$Division (RaftServerImpl.java:logAppendEntries(1430)) - s8@group-69A93867D6DE: succeeded to handle AppendEntries. Reply: s7<-s8#6466:OK-t1,SUCCESS,nextIndex=13,followerCommit=11,matchIndex=12
2023-03-17 00:26:15,602 DEBUG server.RaftServer$Division (RaftServerImpl.java:submitClientRequestAsync(835)) - s7@group-69A93867D6DE: receive client request(RaftClientRequest:client-A3ACAD49A318->s7@group-69A93867D6DE, cid=6468, seq=0, RW, Message:01016102405540000000...(size=12))
2023-03-17 00:26:15,603 DEBUG server.RaftServer$Division (LeaderStateImpl.java:addPendingRequest(474)) - s7@group-69A93867D6DE-LeaderStateImpl: addPendingRequest at RaftClientRequest:client-A3ACAD49A318->s7@group-69A93867D6DE, cid=6468, seq=0, RW, Message:01016102405540000000...(size=12), entry=(t:1, i:13), STATEMACHINELOGENTRY, 6468@client-A3ACAD49A318
2023-03-17 00:26:15,603 DEBUG server.RaftServer$Division (RaftServerImpl.java:logAppendEntries(1430)) - s8@group-69A93867D6DE: receive appendEntries(s7, 1, (t:1, i:12), 12, true, commits:[s7:c12, s8:c11, s9:c11], cId:6469, entries: [(t:1, i:13), STATEMACHINELOGENTRY, 6468@client-A3ACAD49A318]
2023-03-17 00:26:15,604 DEBUG server.RaftServer$Division (RaftServerImpl.java:logAppendEntries(1430)) - s8@group-69A93867D6DE: succeeded to handle AppendEntries. Reply: s7<-s8#6469:OK-t1,SUCCESS,nextIndex=14,followerCommit=12,matchIndex=13
2023-03-17 00:26:15,605 DEBUG server.RaftServer$Division (RaftServerImpl.java:logAppendEntries(1430)) - s9@group-69A93867D6DE: receive appendEntries(s7, 1, (t:1, i:12), 12, true, commits:[s7:c12, s8:c12, s9:c11], cId:6470, entries: [(t:1, i:13), STATEMACHINELOGENTRY, 6468@client-A3ACAD49A318]
2023-03-17 00:26:15,605 DEBUG server.RaftServer$Division (RaftServerImpl.java:logAppendEntries(1430)) - s9@group-69A93867D6DE: succeeded to handle AppendEntries. Reply: s7<-s9#6470:OK-t1,SUCCESS,nextIndex=14,followerCommit=12,matchIndex=13
2023-03-17 00:26:15,607 INFO  statemachine.StateMachine (ArithmeticStateMachine.java:applyTransaction(182)) - LEADER:s7-13: a = 85 = 85
2023-03-17 00:26:15,608 DEBUG server.RaftServer$Division (RaftServerImpl.java:logAppendEntries(1430)) - s9@group-69A93867D6DE: receive appendEntries(s7, 1, (t:1, i:13), 13, true, commits:[s7:c13, s8:c12, s9:c12], cId:6472, entries: [(t:1, i:14), METADATAENTRY(c:13)]
2023-03-17 00:26:15,608 DEBUG server.RaftServer$Division (RaftServerImpl.java:logAppendEntries(1430)) - s8@group-69A93867D6DE: receive appendEntries(s7, 1, (t:1, i:13), 13, true, commits:[s7:c13, s8:c12, s9:c12], cId:6471, entries: [(t:1, i:14), METADATAENTRY(c:13)]
2023-03-17 00:26:15,608 DEBUG server.RaftServer$Division (RaftServerImpl.java:logAppendEntries(1430)) - s9@group-69A93867D6DE: succeeded to handle AppendEntries. Reply: s7<-s9#6472:OK-t1,SUCCESS,nextIndex=15,followerCommit=13,matchIndex=14
2023-03-17 00:26:15,609 DEBUG server.RaftServer$Division (RaftServerImpl.java:logAppendEntries(1430)) - s8@group-69A93867D6DE: succeeded to handle AppendEntries. Reply: s7<-s8#6471:OK-t1,SUCCESS,nextIndex=15,followerCommit=13,matchIndex=14
2023-03-17 00:26:15,610 DEBUG server.RaftServer$Division (RaftServerImpl.java:submitClientRequestAsync(835)) - s7@group-69A93867D6DE: receive client request(RaftClientRequest:client-A3ACAD49A318->s7@group-69A93867D6DE, cid=6473, seq=0, RW, Message:0101620240ac38000000...(size=12))
2023-03-17 00:26:15,610 DEBUG server.RaftServer$Division (LeaderStateImpl.java:addPendingRequest(474)) - s7@group-69A93867D6DE-LeaderStateImpl: addPendingRequest at RaftClientRequest:client-A3ACAD49A318->s7@group-69A93867D6DE, cid=6473, seq=0, RW, Message:0101620240ac38000000...(size=12), entry=(t:1, i:15), STATEMACHINELOGENTRY, 6473@client-A3ACAD49A318
2023-03-17 00:26:15,611 DEBUG server.RaftServer$Division (RaftServerImpl.java:logAppendEntries(1430)) - s8@group-69A93867D6DE: receive appendEntries(s7, 1, (t:1, i:14), 14, true, commits:[s7:c14, s8:c13, s9:c13], cId:6474, entries: [(t:1, i:15), STATEMACHINELOGENTRY, 6473@client-A3ACAD49A318]
2023-03-17 00:26:15,611 DEBUG server.RaftServer$Division (RaftServerImpl.java:logAppendEntries(1430)) - s8@group-69A93867D6DE: succeeded to handle AppendEntries. Reply: s7<-s8#6474:OK-t1,SUCCESS,nextIndex=16,followerCommit=14,matchIndex=15
2023-03-17 00:26:15,611 DEBUG server.RaftServer$Division (RaftServerImpl.java:logAppendEntries(1430)) - s9@group-69A93867D6DE: receive appendEntries(s7, 1, (t:1, i:14), 14, true, commits:[s7:c14, s8:c13, s9:c13], cId:6475, entries: [(t:1, i:15), STATEMACHINELOGENTRY, 6473@client-A3ACAD49A318]
2023-03-17 00:26:15,612 INFO  statemachine.StateMachine (ArithmeticStateMachine.java:applyTransaction(182)) - LEADER:s7-15: b = 3612 = 3612
2023-03-17 00:26:15,612 DEBUG server.RaftServer$Division (RaftServerImpl.java:logAppendEntries(1430)) - s9@group-69A93867D6DE: succeeded to handle AppendEntries. Reply: s7<-s9#6475:OK-t1,SUCCESS,nextIndex=16,followerCommit=14,matchIndex=15
2023-03-17 00:26:15,613 DEBUG server.RaftServer$Division (RaftServerImpl.java:logAppendEntries(1430)) - s9@group-69A93867D6DE: receive appendEntries(s7, 1, (t:1, i:15), 15, true, commits:[s7:c15, s8:c14, s9:c14], cId:6477, entries: [(t:1, i:16), METADATAENTRY(c:15)]
2023-03-17 00:26:15,613 DEBUG server.RaftServer$Division (RaftServerImpl.java:logAppendEntries(1430)) - s8@group-69A93867D6DE: receive appendEntries(s7, 1, (t:1, i:15), 15, true, commits:[s7:c15, s8:c14, s9:c13], cId:6476, entries: [(t:1, i:16), METADATAENTRY(c:15)]
2023-03-17 00:26:15,614 DEBUG server.RaftServer$Division (RaftServerImpl.java:logAppendEntries(1430)) - s9@group-69A93867D6DE: succeeded to handle AppendEntries. Reply: s7<-s9#6477:OK-t1,SUCCESS,nextIndex=17,followerCommit=15,matchIndex=16
2023-03-17 00:26:15,614 DEBUG server.RaftServer$Division (RaftServerImpl.java:logAppendEntries(1430)) - s8@group-69A93867D6DE: succeeded to handle AppendEntries. Reply: s7<-s8#6476:OK-t1,SUCCESS,nextIndex=17,followerCommit=15,matchIndex=16
2023-03-17 00:26:15,615 DEBUG server.RaftServer$Division (RaftServerImpl.java:submitClientRequestAsync(835)) - s7@group-69A93867D6DE: receive client request(RaftClientRequest:client-A3ACAD49A318->s7@group-69A93867D6DE, cid=6478, seq=0, RW, Message:01016304010300040201...(size=17))
2023-03-17 00:26:15,616 DEBUG server.RaftServer$Division (LeaderStateImpl.java:addPendingRequest(474)) - s7@group-69A93867D6DE-LeaderStateImpl: addPendingRequest at RaftClientRequest:client-A3ACAD49A318->s7@group-69A93867D6DE, cid=6478, seq=0, RW, Message:01016304010300040201...(size=17), entry=(t:1, i:17), STATEMACHINELOGENTRY, 6478@client-A3ACAD49A318
2023-03-17 00:26:15,616 DEBUG server.RaftServer$Division (RaftServerImpl.java:logAppendEntries(1430)) - s8@group-69A93867D6DE: receive appendEntries(s7, 1, (t:1, i:16), 16, true, commits:[s7:c16, s8:c15, s9:c15], cId:6479, entries: [(t:1, i:17), STATEMACHINELOGENTRY, 6478@client-A3ACAD49A318]
2023-03-17 00:26:15,617 DEBUG server.RaftServer$Division (RaftServerImpl.java:logAppendEntries(1430)) - s8@group-69A93867D6DE: succeeded to handle AppendEntries. Reply: s7<-s8#6479:OK-t1,SUCCESS,nextIndex=18,followerCommit=16,matchIndex=17
2023-03-17 00:26:15,617 DEBUG server.RaftServer$Division (RaftServerImpl.java:logAppendEntries(1430)) - s9@group-69A93867D6DE: receive appendEntries(s7, 1, (t:1, i:16), 16, true, commits:[s7:c16, s8:c16, s9:c15], cId:6480, entries: [(t:1, i:17), STATEMACHINELOGENTRY, 6478@client-A3ACAD49A318]
2023-03-17 00:26:15,618 DEBUG server.RaftServer$Division (RaftServerImpl.java:logAppendEntries(1430)) - s9@group-69A93867D6DE: succeeded to handle AppendEntries. Reply: s7<-s9#6480:OK-t1,SUCCESS,nextIndex=18,followerCommit=16,matchIndex=17
2023-03-17 00:26:15,619 INFO  statemachine.StateMachine (ArithmeticStateMachine.java:applyTransaction(182)) - LEADER:s7-17: c = √(a^2 + b^2) = 3613
2023-03-17 00:26:15,619 DEBUG server.RaftServer$Division (RaftServerImpl.java:logAppendEntries(1430)) - s8@group-69A93867D6DE: receive appendEntries(s7, 1, (t:1, i:17), 17, true, commits:[s7:c17, s8:c16, s9:c16], cId:6481, entries: [(t:1, i:18), METADATAENTRY(c:17)]
2023-03-17 00:26:15,620 DEBUG server.RaftServer$Division (RaftServerImpl.java:logAppendEntries(1430)) - s9@group-69A93867D6DE: receive appendEntries(s7, 1, (t:1, i:17), 17, true, commits:[s7:c17, s8:c16, s9:c16], cId:6482, entries: [(t:1, i:18), METADATAENTRY(c:17)]
2023-03-17 00:26:15,620 DEBUG server.RaftServer$Division (RaftServerImpl.java:logAppendEntries(1430)) - s9@group-69A93867D6DE: succeeded to handle AppendEntries. Reply: s7<-s9#6482:OK-t1,SUCCESS,nextIndex=19,followerCommit=17,matchIndex=18
2023-03-17 00:26:15,620 DEBUG server.RaftServer$Division (RaftServerImpl.java:logAppendEntries(1430)) - s8@group-69A93867D6DE: succeeded to handle AppendEntries. Reply: s7<-s8#6481:OK-t1,SUCCESS,nextIndex=19,followerCommit=17,matchIndex=18
2023-03-17 00:26:15,621 DEBUG server.RaftServer$Division (RaftServerImpl.java:submitClientRequestAsync(835)) - s7@group-69A93867D6DE: receive client request(RaftClientRequest:client-A3ACAD49A318->s7@group-69A93867D6DE, cid=6483, seq=0, RW, Message:01016100)
2023-03-17 00:26:15,622 DEBUG server.RaftServer$Division (LeaderStateImpl.java:addPendingRequest(474)) - s7@group-69A93867D6DE-LeaderStateImpl: addPendingRequest at RaftClientRequest:client-A3ACAD49A318->s7@group-69A93867D6DE, cid=6483, seq=0, RW, Message:01016100, entry=(t:1, i:19), STATEMACHINELOGENTRY, 6483@client-A3ACAD49A318
2023-03-17 00:26:15,622 DEBUG server.RaftServer$Division (RaftServerImpl.java:logAppendEntries(1430)) - s8@group-69A93867D6DE: receive appendEntries(s7, 1, (t:1, i:18), 18, true, commits:[s7:c18, s8:c17, s9:c17], cId:6484, entries: [(t:1, i:19), STATEMACHINELOGENTRY, 6483@client-A3ACAD49A318]
2023-03-17 00:26:15,623 DEBUG server.RaftServer$Division (RaftServerImpl.java:logAppendEntries(1430)) - s9@group-69A93867D6DE: receive appendEntries(s7, 1, (t:1, i:18), 18, true, commits:[s7:c18, s8:c17, s9:c17], cId:6485, entries: [(t:1, i:19), STATEMACHINELOGENTRY, 6483@client-A3ACAD49A318]
2023-03-17 00:26:15,623 DEBUG server.RaftServer$Division (RaftServerImpl.java:logAppendEntries(1430)) - s8@group-69A93867D6DE: succeeded to handle AppendEntries. Reply: s7<-s8#6484:OK-t1,SUCCESS,nextIndex=20,followerCommit=18,matchIndex=19
2023-03-17 00:26:15,623 DEBUG server.RaftServer$Division (RaftServerImpl.java:logAppendEntries(1430)) - s9@group-69A93867D6DE: succeeded to handle AppendEntries. Reply: s7<-s9#6485:OK-t1,SUCCESS,nextIndex=20,followerCommit=18,matchIndex=19
2023-03-17 00:26:15,624 INFO  statemachine.StateMachine (ArithmeticStateMachine.java:applyTransaction(182)) - LEADER:s7-19: a = null = null
2023-03-17 00:26:15,624 DEBUG server.RaftServer$Division (RaftServerImpl.java:logAppendEntries(1430)) - s9@group-69A93867D6DE: receive appendEntries(s7, 1, (t:1, i:19), 19, true, commits:[s7:c19, s8:c18, s9:c18], cId:6486, entries: [(t:1, i:20), METADATAENTRY(c:19)]
2023-03-17 00:26:15,625 DEBUG server.RaftServer$Division (RaftServerImpl.java:logAppendEntries(1430)) - s8@group-69A93867D6DE: receive appendEntries(s7, 1, (t:1, i:19), 19, true, commits:[s7:c19, s8:c18, s9:c18], cId:6487, entries: [(t:1, i:20), METADATAENTRY(c:19)]
2023-03-17 00:26:15,625 DEBUG server.RaftServer$Division (RaftServerImpl.java:logAppendEntries(1430)) - s9@group-69A93867D6DE: succeeded to handle AppendEntries. Reply: s7<-s9#6486:OK-t1,SUCCESS,nextIndex=21,followerCommit=19,matchIndex=20
2023-03-17 00:26:15,625 DEBUG server.RaftServer$Division (RaftServerImpl.java:logAppendEntries(1430)) - s8@group-69A93867D6DE: succeeded to handle AppendEntries. Reply: s7<-s8#6487:OK-t1,SUCCESS,nextIndex=21,followerCommit=19,matchIndex=20
2023-03-17 00:26:15,626 DEBUG server.RaftServer$Division (RaftServerImpl.java:submitClientRequestAsync(835)) - s7@group-69A93867D6DE: receive client request(RaftClientRequest:client-A3ACAD49A318->s7@group-69A93867D6DE, cid=6488, seq=0, RW, Message:01016200)
2023-03-17 00:26:15,627 DEBUG server.RaftServer$Division (LeaderStateImpl.java:addPendingRequest(474)) - s7@group-69A93867D6DE-LeaderStateImpl: addPendingRequest at RaftClientRequest:client-A3ACAD49A318->s7@group-69A93867D6DE, cid=6488, seq=0, RW, Message:01016200, entry=(t:1, i:21), STATEMACHINELOGENTRY, 6488@client-A3ACAD49A318
2023-03-17 00:26:15,627 DEBUG server.RaftServer$Division (RaftServerImpl.java:logAppendEntries(1430)) - s8@group-69A93867D6DE: receive appendEntries(s7, 1, (t:1, i:20), 20, true, commits:[s7:c20, s8:c19, s9:c19], cId:6489, entries: [(t:1, i:21), STATEMACHINELOGENTRY, 6488@client-A3ACAD49A318]
2023-03-17 00:26:15,628 DEBUG server.RaftServer$Division (RaftServerImpl.java:logAppendEntries(1430)) - s9@group-69A93867D6DE: receive appendEntries(s7, 1, (t:1, i:20), 20, true, commits:[s7:c20, s8:c19, s9:c19], cId:6490, entries: [(t:1, i:21), STATEMACHINELOGENTRY, 6488@client-A3ACAD49A318]
2023-03-17 00:26:15,628 DEBUG server.RaftServer$Division (RaftServerImpl.java:logAppendEntries(1430)) - s8@group-69A93867D6DE: succeeded to handle AppendEntries. Reply: s7<-s8#6489:OK-t1,SUCCESS,nextIndex=22,followerCommit=20,matchIndex=21
2023-03-17 00:26:15,629 DEBUG server.RaftServer$Division (RaftServerImpl.java:logAppendEntries(1430)) - s9@group-69A93867D6DE: succeeded to handle AppendEntries. Reply: s7<-s9#6490:OK-t1,SUCCESS,nextIndex=22,followerCommit=20,matchIndex=21
2023-03-17 00:26:15,629 INFO  statemachine.StateMachine (ArithmeticStateMachine.java:applyTransaction(182)) - LEADER:s7-21: b = null = null
2023-03-17 00:26:15,630 DEBUG server.RaftServer$Division (RaftServerImpl.java:logAppendEntries(1430)) - s8@group-69A93867D6DE: receive appendEntries(s7, 1, (t:1, i:21), 21, true, commits:[s7:c21, s8:c20, s9:c20], cId:6492, entries: [(t:1, i:22), METADATAENTRY(c:21)]
2023-03-17 00:26:15,630 DEBUG server.RaftServer$Division (RaftServerImpl.java:logAppendEntries(1430)) - s9@group-69A93867D6DE: receive appendEntries(s7, 1, (t:1, i:21), 21, true, commits:[s7:c21, s8:c20, s9:c20], cId:6491, entries: [(t:1, i:22), METADATAENTRY(c:21)]
2023-03-17 00:26:15,630 DEBUG server.RaftServer$Division (RaftServerImpl.java:logAppendEntries(1430)) - s8@group-69A93867D6DE: succeeded to handle AppendEntries. Reply: s7<-s8#6492:OK-t1,SUCCESS,nextIndex=23,followerCommit=21,matchIndex=22
2023-03-17 00:26:15,630 DEBUG server.RaftServer$Division (RaftServerImpl.java:logAppendEntries(1430)) - s9@group-69A93867D6DE: succeeded to handle AppendEntries. Reply: s7<-s9#6491:OK-t1,SUCCESS,nextIndex=23,followerCommit=21,matchIndex=22
2023-03-17 00:26:15,632 DEBUG server.RaftServer$Division (RaftServerImpl.java:submitClientRequestAsync(835)) - s7@group-69A93867D6DE: receive client request(RaftClientRequest:client-A3ACAD49A318->s7@group-69A93867D6DE, cid=6493, seq=0, RW, Message:01016300)
2023-03-17 00:26:15,632 DEBUG server.RaftServer$Division (LeaderStateImpl.java:addPendingRequest(474)) - s7@group-69A93867D6DE-LeaderStateImpl: addPendingRequest at RaftClientRequest:client-A3ACAD49A318->s7@group-69A93867D6DE, cid=6493, seq=0, RW, Message:01016300, entry=(t:1, i:23), STATEMACHINELOGENTRY, 6493@client-A3ACAD49A318
2023-03-17 00:26:15,632 DEBUG server.RaftServer$Division (RaftServerImpl.java:logAppendEntries(1430)) - s8@group-69A93867D6DE: receive appendEntries(s7, 1, (t:1, i:22), 22, true, commits:[s7:c22, s8:c21, s9:c21], cId:6494, entries: [(t:1, i:23), STATEMACHINELOGENTRY, 6493@client-A3ACAD49A318]
2023-03-17 00:26:15,633 DEBUG server.RaftServer$Division (RaftServerImpl.java:logAppendEntries(1430)) - s8@group-69A93867D6DE: succeeded to handle AppendEntries. Reply: s7<-s8#6494:OK-t1,SUCCESS,nextIndex=24,followerCommit=22,matchIndex=23
2023-03-17 00:26:15,633 DEBUG server.RaftServer$Division (RaftServerImpl.java:logAppendEntries(1430)) - s9@group-69A93867D6DE: receive appendEntries(s7, 1, (t:1, i:22), 22, true, commits:[s7:c22, s8:c21, s9:c21], cId:6495, entries: [(t:1, i:23), STATEMACHINELOGENTRY, 6493@client-A3ACAD49A318]
2023-03-17 00:26:15,633 INFO  statemachine.StateMachine (ArithmeticStateMachine.java:applyTransaction(182)) - LEADER:s7-23: c = null = null
2023-03-17 00:26:15,634 DEBUG server.RaftServer$Division (RaftServerImpl.java:logAppendEntries(1430)) - s9@group-69A93867D6DE: succeeded to handle AppendEntries. Reply: s7<-s9#6495:OK-t1,SUCCESS,nextIndex=24,followerCommit=22,matchIndex=23
2023-03-17 00:26:15,634 DEBUG server.RaftServer$Division (RaftServerImpl.java:logAppendEntries(1430)) - s8@group-69A93867D6DE: receive appendEntries(s7, 1, (t:1, i:23), 23, true, commits:[s7:c23, s8:c22, s9:c21], cId:6496, entries: [(t:1, i:24), METADATAENTRY(c:23)]
2023-03-17 00:26:15,635 DEBUG server.RaftServer$Division (RaftServerImpl.java:logAppendEntries(1430)) - s9@group-69A93867D6DE: receive appendEntries(s7, 1, (t:1, i:23), 23, true, commits:[s7:c23, s8:c22, s9:c22], cId:6497, entries: [(t:1, i:24), METADATAENTRY(c:23)]
2023-03-17 00:26:15,635 DEBUG server.RaftServer$Division (RaftServerImpl.java:logAppendEntries(1430)) - s8@group-69A93867D6DE: succeeded to handle AppendEntries. Reply: s7<-s8#6496:OK-t1,SUCCESS,nextIndex=25,followerCommit=23,matchIndex=24
2023-03-17 00:26:15,636 DEBUG server.RaftServer$Division (RaftServerImpl.java:logAppendEntries(1430)) - s9@group-69A93867D6DE: succeeded to handle AppendEntries. Reply: s7<-s9#6497:OK-t1,SUCCESS,nextIndex=25,followerCommit=23,matchIndex=24
2023-03-17 00:26:15,636 DEBUG server.RaftServer$Division (RaftServerImpl.java:submitClientRequestAsync(835)) - s7@group-69A93867D6DE: receive client request(RaftClientRequest:client-A3ACAD49A318->s7@group-69A93867D6DE, cid=6498, seq=0, RW, Message:010161024055c0000000...(size=12))
2023-03-17 00:26:15,637 DEBUG server.RaftServer$Division (LeaderStateImpl.java:addPendingRequest(474)) - s7@group-69A93867D6DE-LeaderStateImpl: addPendingRequest at RaftClientRequest:client-A3ACAD49A318->s7@group-69A93867D6DE, cid=6498, seq=0, RW, Message:010161024055c0000000...(size=12), entry=(t:1, i:25), STATEMACHINELOGENTRY, 6498@client-A3ACAD49A318
2023-03-17 00:26:15,637 DEBUG server.RaftServer$Division (RaftServerImpl.java:logAppendEntries(1430)) - s8@group-69A93867D6DE: receive appendEntries(s7, 1, (t:1, i:24), 24, true, commits:[s7:c24, s8:c23, s9:c23], cId:6499, entries: [(t:1, i:25), STATEMACHINELOGENTRY, 6498@client-A3ACAD49A318]
2023-03-17 00:26:15,638 DEBUG server.RaftServer$Division (RaftServerImpl.java:logAppendEntries(1430)) - s8@group-69A93867D6DE: succeeded to handle AppendEntries. Reply: s7<-s8#6499:OK-t1,SUCCESS,nextIndex=26,followerCommit=24,matchIndex=25
2023-03-17 00:26:15,638 DEBUG server.RaftServer$Division (RaftServerImpl.java:logAppendEntries(1430)) - s9@group-69A93867D6DE: receive appendEntries(s7, 1, (t:1, i:24), 24, true, commits:[s7:c24, s8:c23, s9:c23], cId:6500, entries: [(t:1, i:25), STATEMACHINELOGENTRY, 6498@client-A3ACAD49A318]
2023-03-17 00:26:15,639 INFO  statemachine.StateMachine (ArithmeticStateMachine.java:applyTransaction(182)) - LEADER:s7-25: a = 87 = 87
2023-03-17 00:26:15,639 DEBUG server.RaftServer$Division (RaftServerImpl.java:logAppendEntries(1430)) - s9@group-69A93867D6DE: succeeded to handle AppendEntries. Reply: s7<-s9#6500:OK-t1,SUCCESS,nextIndex=26,followerCommit=24,matchIndex=25
2023-03-17 00:26:15,639 DEBUG server.RaftServer$Division (RaftServerImpl.java:logAppendEntries(1430)) - s8@group-69A93867D6DE: receive appendEntries(s7, 1, (t:1, i:25), 25, true, commits:[s7:c25, s8:c24, s9:c23], cId:6501, entries: [(t:1, i:26), METADATAENTRY(c:25)]
2023-03-17 00:26:15,640 DEBUG server.RaftServer$Division (RaftServerImpl.java:logAppendEntries(1430)) - s9@group-69A93867D6DE: receive appendEntries(s7, 1, (t:1, i:25), 25, true, commits:[s7:c25, s8:c24, s9:c24], cId:6502, entries: [(t:1, i:26), METADATAENTRY(c:25)]
2023-03-17 00:26:15,640 DEBUG server.RaftServer$Division (RaftServerImpl.java:logAppendEntries(1430)) - s8@group-69A93867D6DE: succeeded to handle AppendEntries. Reply: s7<-s8#6501:OK-t1,SUCCESS,nextIndex=27,followerCommit=25,matchIndex=26
2023-03-17 00:26:15,641 DEBUG server.RaftServer$Division (RaftServerImpl.java:logAppendEntries(1430)) - s9@group-69A93867D6DE: succeeded to handle AppendEntries. Reply: s7<-s9#6502:OK-t1,SUCCESS,nextIndex=27,followerCommit=25,matchIndex=26
2023-03-17 00:26:15,643 DEBUG server.RaftServer$Division (RaftServerImpl.java:submitClientRequestAsync(835)) - s7@group-69A93867D6DE: receive client request(RaftClientRequest:client-A3ACAD49A318->s7@group-69A93867D6DE, cid=6503, seq=0, RW, Message:0101620240ad90000000...(size=12))
2023-03-17 00:26:15,644 DEBUG server.RaftServer$Division (LeaderStateImpl.java:addPendingRequest(474)) - s7@group-69A93867D6DE-LeaderStateImpl: addPendingRequest at RaftClientRequest:client-A3ACAD49A318->s7@group-69A93867D6DE, cid=6503, seq=0, RW, Message:0101620240ad90000000...(size=12), entry=(t:1, i:27), STATEMACHINELOGENTRY, 6503@client-A3ACAD49A318
2023-03-17 00:26:15,645 DEBUG server.RaftServer$Division (RaftServerImpl.java:logAppendEntries(1430)) - s8@group-69A93867D6DE: receive appendEntries(s7, 1, (t:1, i:26), 26, true, commits:[s7:c26, s8:c25, s9:c25], cId:6506, entries: [(t:1, i:27), STATEMACHINELOGENTRY, 6503@client-A3ACAD49A318]
2023-03-17 00:26:15,646 DEBUG server.RaftServer$Division (RaftServerImpl.java:logAppendEntries(1430)) - s8@group-69A93867D6DE: succeeded to handle AppendEntries. Reply: s7<-s8#6506:OK-t1,SUCCESS,nextIndex=28,followerCommit=26,matchIndex=27
2023-03-17 00:26:15,646 DEBUG server.RaftServer$Division (RaftServerImpl.java:logAppendEntries(1430)) - s9@group-69A93867D6DE: receive appendEntries(s7, 1, (t:1, i:26), 26, true, commits:[s7:c26, s8:c25, s9:c25], cId:6507, entries: [(t:1, i:27), STATEMACHINELOGENTRY, 6503@client-A3ACAD49A318]
2023-03-17 00:26:15,647 INFO  statemachine.StateMachine (ArithmeticStateMachine.java:applyTransaction(182)) - LEADER:s7-27: b = 3784 = 3784
2023-03-17 00:26:15,647 DEBUG server.RaftServer$Division (RaftServerImpl.java:logAppendEntries(1430)) - s9@group-69A93867D6DE: succeeded to handle AppendEntries. Reply: s7<-s9#6507:OK-t1,SUCCESS,nextIndex=28,followerCommit=26,matchIndex=27
2023-03-17 00:26:15,648 DEBUG server.RaftServer$Division (RaftServerImpl.java:logAppendEntries(1430)) - s8@group-69A93867D6DE: receive appendEntries(s7, 1, (t:1, i:27), 27, true, commits:[s7:c27, s8:c26, s9:c25], cId:6510, entries: [(t:1, i:28), METADATAENTRY(c:27)]
2023-03-17 00:26:15,648 DEBUG server.RaftServer$Division (RaftServerImpl.java:logAppendEntries(1430)) - s9@group-69A93867D6DE: receive appendEntries(s7, 1, (t:1, i:27), 27, true, commits:[s7:c27, s8:c26, s9:c26], cId:6511, entries: [(t:1, i:28), METADATAENTRY(c:27)]
2023-03-17 00:26:15,649 DEBUG server.RaftServer$Division (RaftServerImpl.java:logAppendEntries(1430)) - s8@group-69A93867D6DE: succeeded to handle AppendEntries. Reply: s7<-s8#6510:OK-t1,SUCCESS,nextIndex=29,followerCommit=27,matchIndex=28
2023-03-17 00:26:15,650 DEBUG server.RaftServer$Division (RaftServerImpl.java:logAppendEntries(1430)) - s9@group-69A93867D6DE: succeeded to handle AppendEntries. Reply: s7<-s9#6511:OK-t1,SUCCESS,nextIndex=29,followerCommit=27,matchIndex=28
2023-03-17 00:26:15,650 DEBUG server.RaftServer$Division (RaftServerImpl.java:submitClientRequestAsync(835)) - s7@group-69A93867D6DE: receive client request(RaftClientRequest:client-A3ACAD49A318->s7@group-69A93867D6DE, cid=6512, seq=0, RW, Message:01016304010300040201...(size=17))
2023-03-17 00:26:15,651 DEBUG server.RaftServer$Division (LeaderStateImpl.java:addPendingRequest(474)) - s7@group-69A93867D6DE-LeaderStateImpl: addPendingRequest at RaftClientRequest:client-A3ACAD49A318->s7@group-69A93867D6DE, cid=6512, seq=0, RW, Message:01016304010300040201...(size=17), entry=(t:1, i:29), STATEMACHINELOGENTRY, 6512@client-A3ACAD49A318
2023-03-17 00:26:15,652 DEBUG server.RaftServer$Division (RaftServerImpl.java:logAppendEntries(1430)) - s8@group-69A93867D6DE: receive appendEntries(s7, 1, (t:1, i:28), 28, true, commits:[s7:c28, s8:c27, s9:c27], cId:6513, entries: [(t:1, i:29), STATEMACHINELOGENTRY, 6512@client-A3ACAD49A318]
2023-03-17 00:26:15,652 DEBUG server.RaftServer$Division (RaftServerImpl.java:logAppendEntries(1430)) - s8@group-69A93867D6DE: succeeded to handle AppendEntries. Reply: s7<-s8#6513:OK-t1,SUCCESS,nextIndex=30,followerCommit=28,matchIndex=29
2023-03-17 00:26:15,653 INFO  statemachine.StateMachine (ArithmeticStateMachine.java:applyTransaction(182)) - LEADER:s7-29: c = √(a^2 + b^2) = 3785
2023-03-17 00:26:15,653 DEBUG server.RaftServer$Division (RaftServerImpl.java:logAppendEntries(1430)) - s9@group-69A93867D6DE: receive appendEntries(s7, 1, (t:1, i:28), 28, true, commits:[s7:c28, s8:c27, s9:c27], cId:6514, entries: [(t:1, i:29), STATEMACHINELOGENTRY, 6512@client-A3ACAD49A318]
2023-03-17 00:26:15,654 DEBUG server.RaftServer$Division (RaftServerImpl.java:logAppendEntries(1430)) - s8@group-69A93867D6DE: receive appendEntries(s7, 1, (t:1, i:29), 29, true, commits:[s7:c29, s8:c28, s9:c27], cId:6515, entries: [(t:1, i:30), METADATAENTRY(c:29)]
2023-03-17 00:26:15,654 DEBUG server.RaftServer$Division (RaftServerImpl.java:logAppendEntries(1430)) - s9@group-69A93867D6DE: succeeded to handle AppendEntries. Reply: s7<-s9#6514:OK-t1,SUCCESS,nextIndex=30,followerCommit=28,matchIndex=29
2023-03-17 00:26:15,654 DEBUG server.RaftServer$Division (RaftServerImpl.java:logAppendEntries(1430)) - s8@group-69A93867D6DE: succeeded to handle AppendEntries. Reply: s7<-s8#6515:OK-t1,SUCCESS,nextIndex=31,followerCommit=29,matchIndex=30
2023-03-17 00:26:15,655 DEBUG server.RaftServer$Division (RaftServerImpl.java:logAppendEntries(1430)) - s9@group-69A93867D6DE: receive appendEntries(s7, 1, (t:1, i:29), 29, true, commits:[s7:c29, s8:c28, s9:c28], cId:6516, entries: [(t:1, i:30), METADATAENTRY(c:29)]
2023-03-17 00:26:15,656 DEBUG server.RaftServer$Division (RaftServerImpl.java:logAppendEntries(1430)) - s9@group-69A93867D6DE: succeeded to handle AppendEntries. Reply: s7<-s9#6516:OK-t1,SUCCESS,nextIndex=31,followerCommit=29,matchIndex=30
2023-03-17 00:26:15,656 DEBUG server.RaftServer$Division (RaftServerImpl.java:submitClientRequestAsync(835)) - s7@group-69A93867D6DE: receive client request(RaftClientRequest:client-A3ACAD49A318->s7@group-69A93867D6DE, cid=6517, seq=0, RW, Message:01016100)
2023-03-17 00:26:15,656 DEBUG server.RaftServer$Division (LeaderStateImpl.java:addPendingRequest(474)) - s7@group-69A93867D6DE-LeaderStateImpl: addPendingRequest at RaftClientRequest:client-A3ACAD49A318->s7@group-69A93867D6DE, cid=6517, seq=0, RW, Message:01016100, entry=(t:1, i:31), STATEMACHINELOGENTRY, 6517@client-A3ACAD49A318
2023-03-17 00:26:15,658 DEBUG server.RaftServer$Division (RaftServerImpl.java:logAppendEntries(1430)) - s8@group-69A93867D6DE: receive appendEntries(s7, 1, (t:1, i:30), 30, true, commits:[s7:c30, s8:c29, s9:c29], cId:6518, entries: [(t:1, i:31), STATEMACHINELOGENTRY, 6517@client-A3ACAD49A318]
2023-03-17 00:26:15,659 DEBUG server.RaftServer$Division (RaftServerImpl.java:logAppendEntries(1430)) - s8@group-69A93867D6DE: succeeded to handle AppendEntries. Reply: s7<-s8#6518:OK-t1,SUCCESS,nextIndex=32,followerCommit=30,matchIndex=31
2023-03-17 00:26:15,660 INFO  statemachine.StateMachine (ArithmeticStateMachine.java:applyTransaction(182)) - LEADER:s7-31: a = null = null
2023-03-17 00:26:15,660 DEBUG server.RaftServer$Division (RaftServerImpl.java:logAppendEntries(1430)) - s8@group-69A93867D6DE: receive appendEntries(s7, 1, (t:1, i:31), 31, true, commits:[s7:c31, s8:c30, s9:c29], cId:6520, entries: [(t:1, i:32), METADATAENTRY(c:31)]
2023-03-17 00:26:15,661 DEBUG server.RaftServer$Division (RaftServerImpl.java:logAppendEntries(1430)) - s9@group-69A93867D6DE: receive appendEntries(s7, 1, (t:1, i:30), 30, true, commits:[s7:c30, s8:c29, s9:c29], cId:6519, entries: [(t:1, i:31), STATEMACHINELOGENTRY, 6517@client-A3ACAD49A318]
2023-03-17 00:26:15,661 DEBUG server.RaftServer$Division (RaftServerImpl.java:logAppendEntries(1430)) - s8@group-69A93867D6DE: succeeded to handle AppendEntries. Reply: s7<-s8#6520:OK-t1,SUCCESS,nextIndex=33,followerCommit=31,matchIndex=32
2023-03-17 00:26:15,662 DEBUG server.RaftServer$Division (RaftServerImpl.java:logAppendEntries(1430)) - s9@group-69A93867D6DE: succeeded to handle AppendEntries. Reply: s7<-s9#6519:OK-t1,SUCCESS,nextIndex=32,followerCommit=30,matchIndex=31
2023-03-17 00:26:15,663 DEBUG server.RaftServer$Division (RaftServerImpl.java:submitClientRequestAsync(835)) - s7@group-69A93867D6DE: receive client request(RaftClientRequest:client-A3ACAD49A318->s7@group-69A93867D6DE, cid=6521, seq=0, RW, Message:01016200)
2023-03-17 00:26:15,663 DEBUG server.RaftServer$Division (RaftServerImpl.java:logAppendEntries(1430)) - s9@group-69A93867D6DE: receive appendEntries(s7, 1, (t:1, i:31), 32, true, commits:[s7:c32, s8:c31, s9:c30], cId:6522, entries: [(t:1, i:32), METADATAENTRY(c:31)]
2023-03-17 00:26:15,664 DEBUG server.RaftServer$Division (LeaderStateImpl.java:addPendingRequest(474)) - s7@group-69A93867D6DE-LeaderStateImpl: addPendingRequest at RaftClientRequest:client-A3ACAD49A318->s7@group-69A93867D6DE, cid=6521, seq=0, RW, Message:01016200, entry=(t:1, i:33), STATEMACHINELOGENTRY, 6521@client-A3ACAD49A318
2023-03-17 00:26:15,664 DEBUG server.RaftServer$Division (RaftServerImpl.java:logAppendEntries(1430)) - s9@group-69A93867D6DE: succeeded to handle AppendEntries. Reply: s7<-s9#6522:OK-t1,SUCCESS,nextIndex=33,followerCommit=32,matchIndex=32
2023-03-17 00:26:15,665 DEBUG server.RaftServer$Division (RaftServerImpl.java:logAppendEntries(1430)) - s8@group-69A93867D6DE: receive appendEntries(s7, 1, (t:1, i:32), 32, true, commits:[s7:c32, s8:c31, s9:c32], cId:6524, entries: [(t:1, i:33), STATEMACHINELOGENTRY, 6521@client-A3ACAD49A318]
2023-03-17 00:26:15,666 DEBUG server.RaftServer$Division (RaftServerImpl.java:logAppendEntries(1430)) - s9@group-69A93867D6DE: receive appendEntries(s7, 1, (t:1, i:32), 32, true, commits:[s7:c32, s8:c31, s9:c32], cId:6523, entries: [(t:1, i:33), STATEMACHINELOGENTRY, 6521@client-A3ACAD49A318]
2023-03-17 00:26:15,666 DEBUG server.RaftServer$Division (RaftServerImpl.java:logAppendEntries(1430)) - s8@group-69A93867D6DE: succeeded to handle AppendEntries. Reply: s7<-s8#6524:OK-t1,SUCCESS,nextIndex=34,followerCommit=32,matchIndex=33
2023-03-17 00:26:15,666 DEBUG server.RaftServer$Division (RaftServerImpl.java:logAppendEntries(1430)) - s9@group-69A93867D6DE: succeeded to handle AppendEntries. Reply: s7<-s9#6523:OK-t1,SUCCESS,nextIndex=34,followerCommit=32,matchIndex=33
2023-03-17 00:26:15,666 INFO  statemachine.StateMachine (ArithmeticStateMachine.java:applyTransaction(182)) - LEADER:s7-33: b = null = null
2023-03-17 00:26:15,667 DEBUG server.RaftServer$Division (RaftServerImpl.java:logAppendEntries(1430)) - s8@group-69A93867D6DE: receive appendEntries(s7, 1, (t:1, i:33), 33, true, commits:[s7:c33, s8:c32, s9:c32], cId:6525, entries: [(t:1, i:34), METADATAENTRY(c:33)]
2023-03-17 00:26:15,667 DEBUG server.RaftServer$Division (RaftServerImpl.java:logAppendEntries(1430)) - s8@group-69A93867D6DE: succeeded to handle AppendEntries. Reply: s7<-s8#6525:OK-t1,SUCCESS,nextIndex=35,followerCommit=33,matchIndex=34
2023-03-17 00:26:15,668 DEBUG server.RaftServer$Division (RaftServerImpl.java:logAppendEntries(1430)) - s9@group-69A93867D6DE: receive appendEntries(s7, 1, (t:1, i:33), 33, true, commits:[s7:c33, s8:c32, s9:c32], cId:6526, entries: [(t:1, i:34), METADATAENTRY(c:33)]
2023-03-17 00:26:15,668 DEBUG server.RaftServer$Division (RaftServerImpl.java:logAppendEntries(1430)) - s9@group-69A93867D6DE: succeeded to handle AppendEntries. Reply: s7<-s9#6526:OK-t1,SUCCESS,nextIndex=35,followerCommit=33,matchIndex=34
2023-03-17 00:26:15,669 DEBUG server.RaftServer$Division (RaftServerImpl.java:submitClientRequestAsync(835)) - s7@group-69A93867D6DE: receive client request(RaftClientRequest:client-A3ACAD49A318->s7@group-69A93867D6DE, cid=6527, seq=0, RW, Message:01016300)
2023-03-17 00:26:15,669 DEBUG server.RaftServer$Division (LeaderStateImpl.java:addPendingRequest(474)) - s7@group-69A93867D6DE-LeaderStateImpl: addPendingRequest at RaftClientRequest:client-A3ACAD49A318->s7@group-69A93867D6DE, cid=6527, seq=0, RW, Message:01016300, entry=(t:1, i:35), STATEMACHINELOGENTRY, 6527@client-A3ACAD49A318
2023-03-17 00:26:15,670 DEBUG server.RaftServer$Division (RaftServerImpl.java:logAppendEntries(1430)) - s8@group-69A93867D6DE: receive appendEntries(s7, 1, (t:1, i:34), 34, true, commits:[s7:c34, s8:c33, s9:c33], cId:6529, entries: [(t:1, i:35), STATEMACHINELOGENTRY, 6527@client-A3ACAD49A318]
2023-03-17 00:26:15,670 DEBUG server.RaftServer$Division (RaftServerImpl.java:logAppendEntries(1430)) - s9@group-69A93867D6DE: receive appendEntries(s7, 1, (t:1, i:34), 34, true, commits:[s7:c34, s8:c33, s9:c33], cId:6528, entries: [(t:1, i:35), STATEMACHINELOGENTRY, 6527@client-A3ACAD49A318]
2023-03-17 00:26:15,670 DEBUG server.RaftServer$Division (RaftServerImpl.java:logAppendEntries(1430)) - s8@group-69A93867D6DE: succeeded to handle AppendEntries. Reply: s7<-s8#6529:OK-t1,SUCCESS,nextIndex=36,followerCommit=34,matchIndex=35
2023-03-17 00:26:15,671 INFO  statemachine.StateMachine (ArithmeticStateMachine.java:applyTransaction(182)) - LEADER:s7-35: c = null = null
2023-03-17 00:26:15,671 DEBUG server.RaftServer$Division (RaftServerImpl.java:logAppendEntries(1430)) - s9@group-69A93867D6DE: succeeded to handle AppendEntries. Reply: s7<-s9#6528:OK-t1,SUCCESS,nextIndex=36,followerCommit=34,matchIndex=35
2023-03-17 00:26:15,671 DEBUG server.RaftServer$Division (RaftServerImpl.java:logAppendEntries(1430)) - s8@group-69A93867D6DE: receive appendEntries(s7, 1, (t:1, i:35), 35, true, commits:[s7:c35, s8:c34, s9:c33], cId:6530, entries: [(t:1, i:36), METADATAENTRY(c:35)]
2023-03-17 00:26:15,672 DEBUG server.RaftServer$Division (RaftServerImpl.java:logAppendEntries(1430)) - s9@group-69A93867D6DE: receive appendEntries(s7, 1, (t:1, i:35), 35, true, commits:[s7:c35, s8:c34, s9:c34], cId:6531, entries: [(t:1, i:36), METADATAENTRY(c:35)]
2023-03-17 00:26:15,672 DEBUG server.RaftServer$Division (RaftServerImpl.java:logAppendEntries(1430)) - s8@group-69A93867D6DE: succeeded to handle AppendEntries. Reply: s7<-s8#6530:OK-t1,SUCCESS,nextIndex=37,followerCommit=35,matchIndex=36
2023-03-17 00:26:15,673 DEBUG server.RaftServer$Division (RaftServerImpl.java:logAppendEntries(1430)) - s9@group-69A93867D6DE: succeeded to handle AppendEntries. Reply: s7<-s9#6531:OK-t1,SUCCESS,nextIndex=37,followerCommit=35,matchIndex=36
2023-03-17 00:26:15,674 DEBUG server.RaftServer$Division (RaftServerImpl.java:submitClientRequestAsync(835)) - s7@group-69A93867D6DE: receive client request(RaftClientRequest:client-A3ACAD49A318->s7@group-69A93867D6DE, cid=6532, seq=0, RW, Message:01016102405640000000...(size=12))
2023-03-17 00:26:15,674 DEBUG server.RaftServer$Division (LeaderStateImpl.java:addPendingRequest(474)) - s7@group-69A93867D6DE-LeaderStateImpl: addPendingRequest at RaftClientRequest:client-A3ACAD49A318->s7@group-69A93867D6DE, cid=6532, seq=0, RW, Message:01016102405640000000...(size=12), entry=(t:1, i:37), STATEMACHINELOGENTRY, 6532@client-A3ACAD49A318
2023-03-17 00:26:15,675 DEBUG server.RaftServer$Division (RaftServerImpl.java:logAppendEntries(1430)) - s8@group-69A93867D6DE: receive appendEntries(s7, 1, (t:1, i:36), 36, true, commits:[s7:c36, s8:c35, s9:c35], cId:6533, entries: [(t:1, i:37), STATEMACHINELOGENTRY, 6532@client-A3ACAD49A318]
2023-03-17 00:26:15,675 DEBUG server.RaftServer$Division (RaftServerImpl.java:logAppendEntries(1430)) - s9@group-69A93867D6DE: receive appendEntries(s7, 1, (t:1, i:36), 36, true, commits:[s7:c36, s8:c35, s9:c35], cId:6534, entries: [(t:1, i:37), STATEMACHINELOGENTRY, 6532@client-A3ACAD49A318]
2023-03-17 00:26:15,676 DEBUG server.RaftServer$Division (RaftServerImpl.java:logAppendEntries(1430)) - s8@group-69A93867D6DE: succeeded to handle AppendEntries. Reply: s7<-s8#6533:OK-t1,SUCCESS,nextIndex=38,followerCommit=36,matchIndex=37
2023-03-17 00:26:15,676 INFO  statemachine.StateMachine (ArithmeticStateMachine.java:applyTransaction(182)) - LEADER:s7-37: a = 89 = 89
2023-03-17 00:26:15,676 DEBUG server.RaftServer$Division (RaftServerImpl.java:logAppendEntries(1430)) - s9@group-69A93867D6DE: succeeded to handle AppendEntries. Reply: s7<-s9#6534:OK-t1,SUCCESS,nextIndex=38,followerCommit=36,matchIndex=37
2023-03-17 00:26:15,677 DEBUG server.RaftServer$Division (RaftServerImpl.java:logAppendEntries(1430)) - s8@group-69A93867D6DE: receive appendEntries(s7, 1, (t:1, i:37), 37, true, commits:[s7:c37, s8:c36, s9:c35], cId:6535, entries: [(t:1, i:38), METADATAENTRY(c:37)]
2023-03-17 00:26:15,677 DEBUG server.RaftServer$Division (RaftServerImpl.java:logAppendEntries(1430)) - s8@group-69A93867D6DE: succeeded to handle AppendEntries. Reply: s7<-s8#6535:OK-t1,SUCCESS,nextIndex=39,followerCommit=37,matchIndex=38
2023-03-17 00:26:15,678 DEBUG server.RaftServer$Division (RaftServerImpl.java:logAppendEntries(1430)) - s9@group-69A93867D6DE: receive appendEntries(s7, 1, (t:1, i:37), 37, true, commits:[s7:c37, s8:c36, s9:c36], cId:6536, entries: [(t:1, i:38), METADATAENTRY(c:37)]
2023-03-17 00:26:15,678 DEBUG server.RaftServer$Division (RaftServerImpl.java:logAppendEntries(1430)) - s9@group-69A93867D6DE: succeeded to handle AppendEntries. Reply: s7<-s9#6536:OK-t1,SUCCESS,nextIndex=39,followerCommit=37,matchIndex=38
2023-03-17 00:26:15,679 DEBUG server.RaftServer$Division (RaftServerImpl.java:submitClientRequestAsync(835)) - s7@group-69A93867D6DE: receive client request(RaftClientRequest:client-A3ACAD49A318->s7@group-69A93867D6DE, cid=6537, seq=0, RW, Message:0101620240aef0000000...(size=12))
2023-03-17 00:26:15,680 DEBUG server.RaftServer$Division (LeaderStateImpl.java:addPendingRequest(474)) - s7@group-69A93867D6DE-LeaderStateImpl: addPendingRequest at RaftClientRequest:client-A3ACAD49A318->s7@group-69A93867D6DE, cid=6537, seq=0, RW, Message:0101620240aef0000000...(size=12), entry=(t:1, i:39), STATEMACHINELOGENTRY, 6537@client-A3ACAD49A318
2023-03-17 00:26:15,681 DEBUG server.RaftServer$Division (RaftServerImpl.java:logAppendEntries(1430)) - s8@group-69A93867D6DE: receive appendEntries(s7, 1, (t:1, i:38), 38, true, commits:[s7:c38, s8:c37, s9:c37], cId:6539, entries: [(t:1, i:39), STATEMACHINELOGENTRY, 6537@client-A3ACAD49A318]
2023-03-17 00:26:15,681 DEBUG server.RaftServer$Division (RaftServerImpl.java:logAppendEntries(1430)) - s9@group-69A93867D6DE: receive appendEntries(s7, 1, (t:1, i:38), 38, true, commits:[s7:c38, s8:c37, s9:c37], cId:6538, entries: [(t:1, i:39), STATEMACHINELOGENTRY, 6537@client-A3ACAD49A318]
2023-03-17 00:26:15,681 DEBUG server.RaftServer$Division (RaftServerImpl.java:logAppendEntries(1430)) - s8@group-69A93867D6DE: succeeded to handle AppendEntries. Reply: s7<-s8#6539:OK-t1,SUCCESS,nextIndex=40,followerCommit=38,matchIndex=39
2023-03-17 00:26:15,682 INFO  statemachine.StateMachine (ArithmeticStateMachine.java:applyTransaction(182)) - LEADER:s7-39: b = 3960 = 3960
2023-03-17 00:26:15,682 DEBUG server.RaftServer$Division (RaftServerImpl.java:logAppendEntries(1430)) - s9@group-69A93867D6DE: succeeded to handle AppendEntries. Reply: s7<-s9#6538:OK-t1,SUCCESS,nextIndex=40,followerCommit=38,matchIndex=39
2023-03-17 00:26:15,682 DEBUG server.RaftServer$Division (RaftServerImpl.java:logAppendEntries(1430)) - s8@group-69A93867D6DE: receive appendEntries(s7, 1, (t:1, i:39), 39, true, commits:[s7:c39, s8:c38, s9:c37], cId:6540, entries: [(t:1, i:40), METADATAENTRY(c:39)]
2023-03-17 00:26:15,683 DEBUG server.RaftServer$Division (RaftServerImpl.java:logAppendEntries(1430)) - s8@group-69A93867D6DE: succeeded to handle AppendEntries. Reply: s7<-s8#6540:OK-t1,SUCCESS,nextIndex=41,followerCommit=39,matchIndex=40
2023-03-17 00:26:15,683 DEBUG server.RaftServer$Division (RaftServerImpl.java:logAppendEntries(1430)) - s9@group-69A93867D6DE: receive appendEntries(s7, 1, (t:1, i:39), 39, true, commits:[s7:c39, s8:c38, s9:c38], cId:6541, entries: [(t:1, i:40), METADATAENTRY(c:39)]
2023-03-17 00:26:15,684 DEBUG server.RaftServer$Division (RaftServerImpl.java:logAppendEntries(1430)) - s9@group-69A93867D6DE: succeeded to handle AppendEntries. Reply: s7<-s9#6541:OK-t1,SUCCESS,nextIndex=41,followerCommit=39,matchIndex=40
2023-03-17 00:26:15,684 DEBUG server.RaftServer$Division (RaftServerImpl.java:submitClientRequestAsync(835)) - s7@group-69A93867D6DE: receive client request(RaftClientRequest:client-A3ACAD49A318->s7@group-69A93867D6DE, cid=6542, seq=0, RW, Message:01016304010300040201...(size=17))
2023-03-17 00:26:15,685 DEBUG server.RaftServer$Division (LeaderStateImpl.java:addPendingRequest(474)) - s7@group-69A93867D6DE-LeaderStateImpl: addPendingRequest at RaftClientRequest:client-A3ACAD49A318->s7@group-69A93867D6DE, cid=6542, seq=0, RW, Message:01016304010300040201...(size=17), entry=(t:1, i:41), STATEMACHINELOGENTRY, 6542@client-A3ACAD49A318
2023-03-17 00:26:15,686 DEBUG server.RaftServer$Division (RaftServerImpl.java:logAppendEntries(1430)) - s8@group-69A93867D6DE: receive appendEntries(s7, 1, (t:1, i:40), 40, true, commits:[s7:c40, s8:c39, s9:c39], cId:6543, entries: [(t:1, i:41), STATEMACHINELOGENTRY, 6542@client-A3ACAD49A318]
2023-03-17 00:26:15,686 DEBUG server.RaftServer$Division (RaftServerImpl.java:logAppendEntries(1430)) - s8@group-69A93867D6DE: succeeded to handle AppendEntries. Reply: s7<-s8#6543:OK-t1,SUCCESS,nextIndex=42,followerCommit=40,matchIndex=41
2023-03-17 00:26:15,687 DEBUG server.RaftServer$Division (RaftServerImpl.java:logAppendEntries(1430)) - s9@group-69A93867D6DE: receive appendEntries(s7, 1, (t:1, i:40), 40, true, commits:[s7:c40, s8:c39, s9:c39], cId:6544, entries: [(t:1, i:41), STATEMACHINELOGENTRY, 6542@client-A3ACAD49A318]
2023-03-17 00:26:15,687 INFO  statemachine.StateMachine (ArithmeticStateMachine.java:applyTransaction(182)) - LEADER:s7-41: c = √(a^2 + b^2) = 3961
2023-03-17 00:26:15,687 DEBUG server.RaftServer$Division (RaftServerImpl.java:logAppendEntries(1430)) - s9@group-69A93867D6DE: succeeded to handle AppendEntries. Reply: s7<-s9#6544:OK-t1,SUCCESS,nextIndex=42,followerCommit=40,matchIndex=41
2023-03-17 00:26:15,688 DEBUG server.RaftServer$Division (RaftServerImpl.java:logAppendEntries(1430)) - s8@group-69A93867D6DE: receive appendEntries(s7, 1, (t:1, i:41), 41, true, commits:[s7:c41, s8:c40, s9:c39], cId:6545, entries: [(t:1, i:42), METADATAENTRY(c:41)]
2023-03-17 00:26:15,688 DEBUG server.RaftServer$Division (RaftServerImpl.java:logAppendEntries(1430)) - s8@group-69A93867D6DE: succeeded to handle AppendEntries. Reply: s7<-s8#6545:OK-t1,SUCCESS,nextIndex=43,followerCommit=41,matchIndex=42
2023-03-17 00:26:15,690 DEBUG server.RaftServer$Division (RaftServerImpl.java:logAppendEntries(1430)) - s9@group-69A93867D6DE: receive appendEntries(s7, 1, (t:1, i:41), 41, true, commits:[s7:c41, s8:c40, s9:c40], cId:6546, entries: [(t:1, i:42), METADATAENTRY(c:41)]
2023-03-17 00:26:15,690 DEBUG server.RaftServer$Division (RaftServerImpl.java:logAppendEntries(1430)) - s9@group-69A93867D6DE: succeeded to handle AppendEntries. Reply: s7<-s9#6546:OK-t1,SUCCESS,nextIndex=43,followerCommit=41,matchIndex=42
2023-03-17 00:26:15,691 DEBUG server.RaftServer$Division (RaftServerImpl.java:submitClientRequestAsync(835)) - s7@group-69A93867D6DE: receive client request(RaftClientRequest:client-A3ACAD49A318->s7@group-69A93867D6DE, cid=6551, seq=0, RW, Message:01016100)
2023-03-17 00:26:15,692 DEBUG server.RaftServer$Division (LeaderStateImpl.java:addPendingRequest(474)) - s7@group-69A93867D6DE-LeaderStateImpl: addPendingRequest at RaftClientRequest:client-A3ACAD49A318->s7@group-69A93867D6DE, cid=6551, seq=0, RW, Message:01016100, entry=(t:1, i:43), STATEMACHINELOGENTRY, 6551@client-A3ACAD49A318
2023-03-17 00:26:15,692 DEBUG server.RaftServer$Division (RaftServerImpl.java:logAppendEntries(1430)) - s8@group-69A93867D6DE: receive appendEntries(s7, 1, (t:1, i:42), 42, true, commits:[s7:c42, s8:c41, s9:c41], cId:6554, entries: [(t:1, i:43), STATEMACHINELOGENTRY, 6551@client-A3ACAD49A318]
2023-03-17 00:26:15,693 DEBUG server.RaftServer$Division (RaftServerImpl.java:logAppendEntries(1430)) - s8@group-69A93867D6DE: succeeded to handle AppendEntries. Reply: s7<-s8#6554:OK-t1,SUCCESS,nextIndex=44,followerCommit=42,matchIndex=43
2023-03-17 00:26:15,693 DEBUG server.RaftServer$Division (RaftServerImpl.java:logAppendEntries(1430)) - s9@group-69A93867D6DE: receive appendEntries(s7, 1, (t:1, i:42), 42, true, commits:[s7:c42, s8:c41, s9:c41], cId:6555, entries: [(t:1, i:43), STATEMACHINELOGENTRY, 6551@client-A3ACAD49A318]
2023-03-17 00:26:15,693 INFO  statemachine.StateMachine (ArithmeticStateMachine.java:applyTransaction(182)) - LEADER:s7-43: a = null = null
2023-03-17 00:26:15,694 DEBUG server.RaftServer$Division (RaftServerImpl.java:logAppendEntries(1430)) - s9@group-69A93867D6DE: succeeded to handle AppendEntries. Reply: s7<-s9#6555:OK-t1,SUCCESS,nextIndex=44,followerCommit=42,matchIndex=43
2023-03-17 00:26:15,694 DEBUG server.RaftServer$Division (RaftServerImpl.java:logAppendEntries(1430)) - s8@group-69A93867D6DE: receive appendEntries(s7, 1, (t:1, i:43), 43, true, commits:[s7:c43, s8:c42, s9:c41], cId:6556, entries: [(t:1, i:44), METADATAENTRY(c:43)]
2023-03-17 00:26:15,695 DEBUG server.RaftServer$Division (RaftServerImpl.java:logAppendEntries(1430)) - s9@group-69A93867D6DE: receive appendEntries(s7, 1, (t:1, i:43), 43, true, commits:[s7:c43, s8:c42, s9:c42], cId:6559, entries: [(t:1, i:44), METADATAENTRY(c:43)]
2023-03-17 00:26:15,695 DEBUG server.RaftServer$Division (RaftServerImpl.java:logAppendEntries(1430)) - s8@group-69A93867D6DE: succeeded to handle AppendEntries. Reply: s7<-s8#6556:OK-t1,SUCCESS,nextIndex=45,followerCommit=43,matchIndex=44
2023-03-17 00:26:15,696 DEBUG server.RaftServer$Division (RaftServerImpl.java:logAppendEntries(1430)) - s9@group-69A93867D6DE: succeeded to handle AppendEntries. Reply: s7<-s9#6559:OK-t1,SUCCESS,nextIndex=45,followerCommit=43,matchIndex=44
2023-03-17 00:26:15,696 DEBUG server.RaftServer$Division (RaftServerImpl.java:submitClientRequestAsync(835)) - s7@group-69A93867D6DE: receive client request(RaftClientRequest:client-A3ACAD49A318->s7@group-69A93867D6DE, cid=6560, seq=0, RW, Message:01016200)
2023-03-17 00:26:15,697 DEBUG server.RaftServer$Division (LeaderStateImpl.java:addPendingRequest(474)) - s7@group-69A93867D6DE-LeaderStateImpl: addPendingRequest at RaftClientRequest:client-A3ACAD49A318->s7@group-69A93867D6DE, cid=6560, seq=0, RW, Message:01016200, entry=(t:1, i:45), STATEMACHINELOGENTRY, 6560@client-A3ACAD49A318
2023-03-17 00:26:15,697 DEBUG server.RaftServer$Division (RaftServerImpl.java:logAppendEntries(1430)) - s8@group-69A93867D6DE: receive appendEntries(s7, 1, (t:1, i:44), 44, true, commits:[s7:c44, s8:c43, s9:c43], cId:6563, entries: [(t:1, i:45), STATEMACHINELOGENTRY, 6560@client-A3ACAD49A318]
2023-03-17 00:26:15,698 DEBUG server.RaftServer$Division (RaftServerImpl.java:logAppendEntries(1430)) - s8@group-69A93867D6DE: succeeded to handle AppendEntries. Reply: s7<-s8#6563:OK-t1,SUCCESS,nextIndex=46,followerCommit=44,matchIndex=45
2023-03-17 00:26:15,698 DEBUG server.RaftServer$Division (RaftServerImpl.java:logAppendEntries(1430)) - s9@group-69A93867D6DE: receive appendEntries(s7, 1, (t:1, i:44), 44, true, commits:[s7:c44, s8:c43, s9:c43], cId:6566, entries: [(t:1, i:45), STATEMACHINELOGENTRY, 6560@client-A3ACAD49A318]
2023-03-17 00:26:15,698 INFO  statemachine.StateMachine (ArithmeticStateMachine.java:applyTransaction(182)) - LEADER:s7-45: b = null = null
2023-03-17 00:26:15,699 DEBUG server.RaftServer$Division (RaftServerImpl.java:logAppendEntries(1430)) - s9@group-69A93867D6DE: succeeded to handle AppendEntries. Reply: s7<-s9#6566:OK-t1,SUCCESS,nextIndex=46,followerCommit=44,matchIndex=45
2023-03-17 00:26:15,699 DEBUG server.RaftServer$Division (RaftServerImpl.java:logAppendEntries(1430)) - s8@group-69A93867D6DE: receive appendEntries(s7, 1, (t:1, i:45), 45, true, commits:[s7:c45, s8:c44, s9:c43], cId:6567, entries: [(t:1, i:46), METADATAENTRY(c:45)]
2023-03-17 00:26:15,700 DEBUG server.RaftServer$Division (RaftServerImpl.java:logAppendEntries(1430)) - s8@group-69A93867D6DE: succeeded to handle AppendEntries. Reply: s7<-s8#6567:OK-t1,SUCCESS,nextIndex=47,followerCommit=45,matchIndex=46
2023-03-17 00:26:15,700 DEBUG server.RaftServer$Division (RaftServerImpl.java:logAppendEntries(1430)) - s9@group-69A93867D6DE: receive appendEntries(s7, 1, (t:1, i:45), 45, true, commits:[s7:c45, s8:c44, s9:c44], cId:6568, entries: [(t:1, i:46), METADATAENTRY(c:45)]
2023-03-17 00:26:15,701 DEBUG server.RaftServer$Division (RaftServerImpl.java:logAppendEntries(1430)) - s9@group-69A93867D6DE: succeeded to handle AppendEntries. Reply: s7<-s9#6568:OK-t1,SUCCESS,nextIndex=47,followerCommit=45,matchIndex=46
2023-03-17 00:26:15,701 DEBUG server.RaftServer$Division (RaftServerImpl.java:submitClientRequestAsync(835)) - s7@group-69A93867D6DE: receive client request(RaftClientRequest:client-A3ACAD49A318->s7@group-69A93867D6DE, cid=6569, seq=0, RW, Message:01016300)
2023-03-17 00:26:15,702 DEBUG server.RaftServer$Division (LeaderStateImpl.java:addPendingRequest(474)) - s7@group-69A93867D6DE-LeaderStateImpl: addPendingRequest at RaftClientRequest:client-A3ACAD49A318->s7@group-69A93867D6DE, cid=6569, seq=0, RW, Message:01016300, entry=(t:1, i:47), STATEMACHINELOGENTRY, 6569@client-A3ACAD49A318
2023-03-17 00:26:15,702 DEBUG server.RaftServer$Division (RaftServerImpl.java:logAppendEntries(1430)) - s8@group-69A93867D6DE: receive appendEntries(s7, 1, (t:1, i:46), 46, true, commits:[s7:c46, s8:c45, s9:c45], cId:6570, entries: [(t:1, i:47), STATEMACHINELOGENTRY, 6569@client-A3ACAD49A318]
2023-03-17 00:26:15,703 DEBUG server.RaftServer$Division (RaftServerImpl.java:logAppendEntries(1430)) - s8@group-69A93867D6DE: succeeded to handle AppendEntries. Reply: s7<-s8#6570:OK-t1,SUCCESS,nextIndex=48,followerCommit=46,matchIndex=47
2023-03-17 00:26:15,703 DEBUG server.RaftServer$Division (RaftServerImpl.java:logAppendEntries(1430)) - s9@group-69A93867D6DE: receive appendEntries(s7, 1, (t:1, i:46), 46, true, commits:[s7:c46, s8:c45, s9:c45], cId:6571, entries: [(t:1, i:47), STATEMACHINELOGENTRY, 6569@client-A3ACAD49A318]
2023-03-17 00:26:15,703 INFO  statemachine.StateMachine (ArithmeticStateMachine.java:applyTransaction(182)) - LEADER:s7-47: c = null = null
2023-03-17 00:26:15,704 DEBUG server.RaftServer$Division (RaftServerImpl.java:logAppendEntries(1430)) - s9@group-69A93867D6DE: succeeded to handle AppendEntries. Reply: s7<-s9#6571:OK-t1,SUCCESS,nextIndex=48,followerCommit=46,matchIndex=47
2023-03-17 00:26:15,704 DEBUG server.RaftServer$Division (RaftServerImpl.java:logAppendEntries(1430)) - s8@group-69A93867D6DE: receive appendEntries(s7, 1, (t:1, i:47), 47, true, commits:[s7:c47, s8:c46, s9:c45], cId:6572, entries: [(t:1, i:48), METADATAENTRY(c:47)]
2023-03-17 00:26:15,705 DEBUG server.RaftServer$Division (RaftServerImpl.java:logAppendEntries(1430)) - s8@group-69A93867D6DE: succeeded to handle AppendEntries. Reply: s7<-s8#6572:OK-t1,SUCCESS,nextIndex=49,followerCommit=47,matchIndex=48
2023-03-17 00:26:15,705 DEBUG server.RaftServer$Division (RaftServerImpl.java:logAppendEntries(1430)) - s9@group-69A93867D6DE: receive appendEntries(s7, 1, (t:1, i:47), 47, true, commits:[s7:c47, s8:c46, s9:c46], cId:6573, entries: [(t:1, i:48), METADATAENTRY(c:47)]
2023-03-17 00:26:15,706 DEBUG server.RaftServer$Division (RaftServerImpl.java:logAppendEntries(1430)) - s9@group-69A93867D6DE: succeeded to handle AppendEntries. Reply: s7<-s9#6573:OK-t1,SUCCESS,nextIndex=49,followerCommit=47,matchIndex=48
2023-03-17 00:26:15,707 DEBUG server.RaftServer$Division (RaftServerImpl.java:submitClientRequestAsync(835)) - s7@group-69A93867D6DE: receive client request(RaftClientRequest:client-A3ACAD49A318->s7@group-69A93867D6DE, cid=6574, seq=0, RW, Message:010161024056c0000000...(size=12))
2023-03-17 00:26:15,707 DEBUG server.RaftServer$Division (LeaderStateImpl.java:addPendingRequest(474)) - s7@group-69A93867D6DE-LeaderStateImpl: addPendingRequest at RaftClientRequest:client-A3ACAD49A318->s7@group-69A93867D6DE, cid=6574, seq=0, RW, Message:010161024056c0000000...(size=12), entry=(t:1, i:49), STATEMACHINELOGENTRY, 6574@client-A3ACAD49A318
2023-03-17 00:26:15,708 DEBUG server.RaftServer$Division (RaftServerImpl.java:logAppendEntries(1430)) - s8@group-69A93867D6DE: receive appendEntries(s7, 1, (t:1, i:48), 48, true, commits:[s7:c48, s8:c47, s9:c47], cId:6575, entries: [(t:1, i:49), STATEMACHINELOGENTRY, 6574@client-A3ACAD49A318]
2023-03-17 00:26:15,708 DEBUG server.RaftServer$Division (RaftServerImpl.java:logAppendEntries(1430)) - s8@group-69A93867D6DE: succeeded to handle AppendEntries. Reply: s7<-s8#6575:OK-t1,SUCCESS,nextIndex=50,followerCommit=48,matchIndex=49
2023-03-17 00:26:15,709 DEBUG server.RaftServer$Division (RaftServerImpl.java:logAppendEntries(1430)) - s9@group-69A93867D6DE: receive appendEntries(s7, 1, (t:1, i:48), 48, true, commits:[s7:c48, s8:c47, s9:c47], cId:6576, entries: [(t:1, i:49), STATEMACHINELOGENTRY, 6574@client-A3ACAD49A318]
2023-03-17 00:26:15,710 INFO  statemachine.StateMachine (ArithmeticStateMachine.java:applyTransaction(182)) - LEADER:s7-49: a = 91 = 91
2023-03-17 00:26:15,710 DEBUG server.RaftServer$Division (RaftServerImpl.java:logAppendEntries(1430)) - s9@group-69A93867D6DE: succeeded to handle AppendEntries. Reply: s7<-s9#6576:OK-t1,SUCCESS,nextIndex=50,followerCommit=48,matchIndex=49
2023-03-17 00:26:15,710 DEBUG server.RaftServer$Division (RaftServerImpl.java:logAppendEntries(1430)) - s8@group-69A93867D6DE: receive appendEntries(s7, 1, (t:1, i:49), 49, true, commits:[s7:c49, s8:c48, s9:c47], cId:6577, entries: [(t:1, i:50), METADATAENTRY(c:49)]
2023-03-17 00:26:15,711 DEBUG server.RaftServer$Division (RaftServerImpl.java:logAppendEntries(1430)) - s8@group-69A93867D6DE: succeeded to handle AppendEntries. Reply: s7<-s8#6577:OK-t1,SUCCESS,nextIndex=51,followerCommit=49,matchIndex=50
2023-03-17 00:26:15,711 DEBUG server.RaftServer$Division (RaftServerImpl.java:logAppendEntries(1430)) - s9@group-69A93867D6DE: receive appendEntries(s7, 1, (t:1, i:49), 49, true, commits:[s7:c49, s8:c48, s9:c48], cId:6578, entries: [(t:1, i:50), METADATAENTRY(c:49)]
2023-03-17 00:26:15,712 DEBUG server.RaftServer$Division (RaftServerImpl.java:logAppendEntries(1430)) - s9@group-69A93867D6DE: succeeded to handle AppendEntries. Reply: s7<-s9#6578:OK-t1,SUCCESS,nextIndex=51,followerCommit=49,matchIndex=50
2023-03-17 00:26:15,713 DEBUG server.RaftServer$Division (RaftServerImpl.java:submitClientRequestAsync(835)) - s7@group-69A93867D6DE: receive client request(RaftClientRequest:client-A3ACAD49A318->s7@group-69A93867D6DE, cid=6579, seq=0, RW, Message:0101620240b02c000000...(size=12))
2023-03-17 00:26:15,713 DEBUG server.RaftServer$Division (LeaderStateImpl.java:addPendingRequest(474)) - s7@group-69A93867D6DE-LeaderStateImpl: addPendingRequest at RaftClientRequest:client-A3ACAD49A318->s7@group-69A93867D6DE, cid=6579, seq=0, RW, Message:0101620240b02c000000...(size=12), entry=(t:1, i:51), STATEMACHINELOGENTRY, 6579@client-A3ACAD49A318
2023-03-17 00:26:15,713 DEBUG server.RaftServer$Division (RaftServerImpl.java:logAppendEntries(1430)) - s8@group-69A93867D6DE: receive appendEntries(s7, 1, (t:1, i:50), 50, true, commits:[s7:c50, s8:c49, s9:c49], cId:6580, entries: [(t:1, i:51), STATEMACHINELOGENTRY, 6579@client-A3ACAD49A318]
2023-03-17 00:26:15,714 DEBUG server.RaftServer$Division (RaftServerImpl.java:logAppendEntries(1430)) - s8@group-69A93867D6DE: succeeded to handle AppendEntries. Reply: s7<-s8#6580:OK-t1,SUCCESS,nextIndex=52,followerCommit=50,matchIndex=51
2023-03-17 00:26:15,714 DEBUG server.RaftServer$Division (RaftServerImpl.java:logAppendEntries(1430)) - s9@group-69A93867D6DE: receive appendEntries(s7, 1, (t:1, i:50), 50, true, commits:[s7:c50, s8:c49, s9:c49], cId:6581, entries: [(t:1, i:51), STATEMACHINELOGENTRY, 6579@client-A3ACAD49A318]
2023-03-17 00:26:15,715 INFO  statemachine.StateMachine (ArithmeticStateMachine.java:applyTransaction(182)) - LEADER:s7-51: b = 4140 = 4140
2023-03-17 00:26:15,715 DEBUG server.RaftServer$Division (RaftServerImpl.java:logAppendEntries(1430)) - s9@group-69A93867D6DE: succeeded to handle AppendEntries. Reply: s7<-s9#6581:OK-t1,SUCCESS,nextIndex=52,followerCommit=50,matchIndex=51
2023-03-17 00:26:15,715 DEBUG server.RaftServer$Division (RaftServerImpl.java:logAppendEntries(1430)) - s8@group-69A93867D6DE: receive appendEntries(s7, 1, (t:1, i:51), 51, true, commits:[s7:c51, s8:c50, s9:c49], cId:6582, entries: [(t:1, i:52), METADATAENTRY(c:51)]
2023-03-17 00:26:15,716 DEBUG server.RaftServer$Division (RaftServerImpl.java:logAppendEntries(1430)) - s8@group-69A93867D6DE: succeeded to handle AppendEntries. Reply: s7<-s8#6582:OK-t1,SUCCESS,nextIndex=53,followerCommit=51,matchIndex=52
2023-03-17 00:26:15,716 DEBUG server.RaftServer$Division (RaftServerImpl.java:logAppendEntries(1430)) - s9@group-69A93867D6DE: receive appendEntries(s7, 1, (t:1, i:51), 51, true, commits:[s7:c51, s8:c50, s9:c50], cId:6583, entries: [(t:1, i:52), METADATAENTRY(c:51)]
2023-03-17 00:26:15,717 DEBUG server.RaftServer$Division (RaftServerImpl.java:logAppendEntries(1430)) - s9@group-69A93867D6DE: succeeded to handle AppendEntries. Reply: s7<-s9#6583:OK-t1,SUCCESS,nextIndex=53,followerCommit=51,matchIndex=52
2023-03-17 00:26:15,717 DEBUG server.RaftServer$Division (RaftServerImpl.java:submitClientRequestAsync(835)) - s7@group-69A93867D6DE: receive client request(RaftClientRequest:client-A3ACAD49A318->s7@group-69A93867D6DE, cid=6584, seq=0, RW, Message:01016304010300040201...(size=17))
2023-03-17 00:26:15,718 DEBUG server.RaftServer$Division (LeaderStateImpl.java:addPendingRequest(474)) - s7@group-69A93867D6DE-LeaderStateImpl: addPendingRequest at RaftClientRequest:client-A3ACAD49A318->s7@group-69A93867D6DE, cid=6584, seq=0, RW, Message:01016304010300040201...(size=17), entry=(t:1, i:53), STATEMACHINELOGENTRY, 6584@client-A3ACAD49A318
2023-03-17 00:26:15,718 DEBUG server.RaftServer$Division (RaftServerImpl.java:logAppendEntries(1430)) - s8@group-69A93867D6DE: receive appendEntries(s7, 1, (t:1, i:52), 52, true, commits:[s7:c52, s8:c51, s9:c51], cId:6585, entries: [(t:1, i:53), STATEMACHINELOGENTRY, 6584@client-A3ACAD49A318]
2023-03-17 00:26:15,719 DEBUG server.RaftServer$Division (RaftServerImpl.java:logAppendEntries(1430)) - s8@group-69A93867D6DE: succeeded to handle AppendEntries. Reply: s7<-s8#6585:OK-t1,SUCCESS,nextIndex=54,followerCommit=52,matchIndex=53
2023-03-17 00:26:15,719 DEBUG server.RaftServer$Division (RaftServerImpl.java:logAppendEntries(1430)) - s9@group-69A93867D6DE: receive appendEntries(s7, 1, (t:1, i:52), 52, true, commits:[s7:c52, s8:c51, s9:c51], cId:6586, entries: [(t:1, i:53), STATEMACHINELOGENTRY, 6584@client-A3ACAD49A318]
2023-03-17 00:26:15,720 INFO  statemachine.StateMachine (ArithmeticStateMachine.java:applyTransaction(182)) - LEADER:s7-53: c = √(a^2 + b^2) = 4141
2023-03-17 00:26:15,720 DEBUG server.RaftServer$Division (RaftServerImpl.java:logAppendEntries(1430)) - s9@group-69A93867D6DE: succeeded to handle AppendEntries. Reply: s7<-s9#6586:OK-t1,SUCCESS,nextIndex=54,followerCommit=52,matchIndex=53
2023-03-17 00:26:15,720 DEBUG server.RaftServer$Division (RaftServerImpl.java:logAppendEntries(1430)) - s8@group-69A93867D6DE: receive appendEntries(s7, 1, (t:1, i:53), 53, true, commits:[s7:c53, s8:c52, s9:c51], cId:6587, entries: [(t:1, i:54), METADATAENTRY(c:53)]
2023-03-17 00:26:15,721 DEBUG server.RaftServer$Division (RaftServerImpl.java:logAppendEntries(1430)) - s8@group-69A93867D6DE: succeeded to handle AppendEntries. Reply: s7<-s8#6587:OK-t1,SUCCESS,nextIndex=55,followerCommit=53,matchIndex=54
2023-03-17 00:26:15,721 DEBUG server.RaftServer$Division (RaftServerImpl.java:logAppendEntries(1430)) - s9@group-69A93867D6DE: receive appendEntries(s7, 1, (t:1, i:53), 53, true, commits:[s7:c53, s8:c52, s9:c52], cId:6588, entries: [(t:1, i:54), METADATAENTRY(c:53)]
2023-03-17 00:26:15,722 DEBUG server.RaftServer$Division (RaftServerImpl.java:logAppendEntries(1430)) - s9@group-69A93867D6DE: succeeded to handle AppendEntries. Reply: s7<-s9#6588:OK-t1,SUCCESS,nextIndex=55,followerCommit=53,matchIndex=54
2023-03-17 00:26:15,722 DEBUG server.RaftServer$Division (RaftServerImpl.java:submitClientRequestAsync(835)) - s7@group-69A93867D6DE: receive client request(RaftClientRequest:client-A3ACAD49A318->s7@group-69A93867D6DE, cid=6589, seq=0, RW, Message:01016100)
2023-03-17 00:26:15,723 DEBUG server.RaftServer$Division (LeaderStateImpl.java:addPendingRequest(474)) - s7@group-69A93867D6DE-LeaderStateImpl: addPendingRequest at RaftClientRequest:client-A3ACAD49A318->s7@group-69A93867D6DE, cid=6589, seq=0, RW, Message:01016100, entry=(t:1, i:55), STATEMACHINELOGENTRY, 6589@client-A3ACAD49A318
2023-03-17 00:26:15,723 DEBUG server.RaftServer$Division (RaftServerImpl.java:logAppendEntries(1430)) - s8@group-69A93867D6DE: receive appendEntries(s7, 1, (t:1, i:54), 54, true, commits:[s7:c54, s8:c53, s9:c53], cId:6590, entries: [(t:1, i:55), STATEMACHINELOGENTRY, 6589@client-A3ACAD49A318]
2023-03-17 00:26:15,724 DEBUG server.RaftServer$Division (RaftServerImpl.java:logAppendEntries(1430)) - s8@group-69A93867D6DE: succeeded to handle AppendEntries. Reply: s7<-s8#6590:OK-t1,SUCCESS,nextIndex=56,followerCommit=54,matchIndex=55
2023-03-17 00:26:15,724 DEBUG server.RaftServer$Division (RaftServerImpl.java:logAppendEntries(1430)) - s9@group-69A93867D6DE: receive appendEntries(s7, 1, (t:1, i:54), 54, true, commits:[s7:c54, s8:c53, s9:c53], cId:6591, entries: [(t:1, i:55), STATEMACHINELOGENTRY, 6589@client-A3ACAD49A318]
2023-03-17 00:26:15,725 INFO  statemachine.StateMachine (ArithmeticStateMachine.java:applyTransaction(182)) - LEADER:s7-55: a = null = null
2023-03-17 00:26:15,725 DEBUG server.RaftServer$Division (RaftServerImpl.java:logAppendEntries(1430)) - s9@group-69A93867D6DE: succeeded to handle AppendEntries. Reply: s7<-s9#6591:OK-t1,SUCCESS,nextIndex=56,followerCommit=54,matchIndex=55
2023-03-17 00:26:15,725 DEBUG server.RaftServer$Division (RaftServerImpl.java:logAppendEntries(1430)) - s8@group-69A93867D6DE: receive appendEntries(s7, 1, (t:1, i:55), 55, true, commits:[s7:c55, s8:c54, s9:c53], cId:6592, entries: [(t:1, i:56), METADATAENTRY(c:55)]
2023-03-17 00:26:15,726 DEBUG server.RaftServer$Division (RaftServerImpl.java:logAppendEntries(1430)) - s8@group-69A93867D6DE: succeeded to handle AppendEntries. Reply: s7<-s8#6592:OK-t1,SUCCESS,nextIndex=57,followerCommit=55,matchIndex=56
2023-03-17 00:26:15,726 DEBUG server.RaftServer$Division (RaftServerImpl.java:logAppendEntries(1430)) - s9@group-69A93867D6DE: receive appendEntries(s7, 1, (t:1, i:55), 55, true, commits:[s7:c55, s8:c54, s9:c54], cId:6593, entries: [(t:1, i:56), METADATAENTRY(c:55)]
2023-03-17 00:26:15,727 DEBUG server.RaftServer$Division (RaftServerImpl.java:logAppendEntries(1430)) - s9@group-69A93867D6DE: succeeded to handle AppendEntries. Reply: s7<-s9#6593:OK-t1,SUCCESS,nextIndex=57,followerCommit=55,matchIndex=56
2023-03-17 00:26:15,727 DEBUG server.RaftServer$Division (RaftServerImpl.java:submitClientRequestAsync(835)) - s7@group-69A93867D6DE: receive client request(RaftClientRequest:client-A3ACAD49A318->s7@group-69A93867D6DE, cid=6594, seq=0, RW, Message:01016200)
2023-03-17 00:26:15,728 DEBUG server.RaftServer$Division (LeaderStateImpl.java:addPendingRequest(474)) - s7@group-69A93867D6DE-LeaderStateImpl: addPendingRequest at RaftClientRequest:client-A3ACAD49A318->s7@group-69A93867D6DE, cid=6594, seq=0, RW, Message:01016200, entry=(t:1, i:57), STATEMACHINELOGENTRY, 6594@client-A3ACAD49A318
2023-03-17 00:26:15,728 DEBUG server.RaftServer$Division (RaftServerImpl.java:logAppendEntries(1430)) - s8@group-69A93867D6DE: receive appendEntries(s7, 1, (t:1, i:56), 56, true, commits:[s7:c56, s8:c55, s9:c55], cId:6595, entries: [(t:1, i:57), STATEMACHINELOGENTRY, 6594@client-A3ACAD49A318]
2023-03-17 00:26:15,729 DEBUG server.RaftServer$Division (RaftServerImpl.java:logAppendEntries(1430)) - s8@group-69A93867D6DE: succeeded to handle AppendEntries. Reply: s7<-s8#6595:OK-t1,SUCCESS,nextIndex=58,followerCommit=56,matchIndex=57
2023-03-17 00:26:15,729 DEBUG server.RaftServer$Division (RaftServerImpl.java:logAppendEntries(1430)) - s9@group-69A93867D6DE: receive appendEntries(s7, 1, (t:1, i:56), 56, true, commits:[s7:c56, s8:c55, s9:c55], cId:6596, entries: [(t:1, i:57), STATEMACHINELOGENTRY, 6594@client-A3ACAD49A318]
2023-03-17 00:26:15,729 INFO  statemachine.StateMachine (ArithmeticStateMachine.java:applyTransaction(182)) - LEADER:s7-57: b = null = null
2023-03-17 00:26:15,730 DEBUG server.RaftServer$Division (RaftServerImpl.java:logAppendEntries(1430)) - s9@group-69A93867D6DE: succeeded to handle AppendEntries. Reply: s7<-s9#6596:OK-t1,SUCCESS,nextIndex=58,followerCommit=56,matchIndex=57
2023-03-17 00:26:15,730 DEBUG server.RaftServer$Division (RaftServerImpl.java:logAppendEntries(1430)) - s8@group-69A93867D6DE: receive appendEntries(s7, 1, (t:1, i:57), 57, true, commits:[s7:c57, s8:c56, s9:c55], cId:6597, entries: [(t:1, i:58), METADATAENTRY(c:57)]
2023-03-17 00:26:15,731 DEBUG server.RaftServer$Division (RaftServerImpl.java:logAppendEntries(1430)) - s8@group-69A93867D6DE: succeeded to handle AppendEntries. Reply: s7<-s8#6597:OK-t1,SUCCESS,nextIndex=59,followerCommit=57,matchIndex=58
2023-03-17 00:26:15,731 DEBUG server.RaftServer$Division (RaftServerImpl.java:logAppendEntries(1430)) - s9@group-69A93867D6DE: receive appendEntries(s7, 1, (t:1, i:57), 57, true, commits:[s7:c57, s8:c56, s9:c56], cId:6598, entries: [(t:1, i:58), METADATAENTRY(c:57)]
2023-03-17 00:26:15,732 DEBUG server.RaftServer$Division (RaftServerImpl.java:logAppendEntries(1430)) - s9@group-69A93867D6DE: succeeded to handle AppendEntries. Reply: s7<-s9#6598:OK-t1,SUCCESS,nextIndex=59,followerCommit=57,matchIndex=58
2023-03-17 00:26:15,732 DEBUG server.RaftServer$Division (RaftServerImpl.java:submitClientRequestAsync(835)) - s7@group-69A93867D6DE: receive client request(RaftClientRequest:client-A3ACAD49A318->s7@group-69A93867D6DE, cid=6599, seq=0, RW, Message:01016300)
2023-03-17 00:26:15,733 DEBUG server.RaftServer$Division (LeaderStateImpl.java:addPendingRequest(474)) - s7@group-69A93867D6DE-LeaderStateImpl: addPendingRequest at RaftClientRequest:client-A3ACAD49A318->s7@group-69A93867D6DE, cid=6599, seq=0, RW, Message:01016300, entry=(t:1, i:59), STATEMACHINELOGENTRY, 6599@client-A3ACAD49A318
2023-03-17 00:26:15,733 DEBUG server.RaftServer$Division (RaftServerImpl.java:logAppendEntries(1430)) - s8@group-69A93867D6DE: receive appendEntries(s7, 1, (t:1, i:58), 58, true, commits:[s7:c58, s8:c57, s9:c57], cId:6600, entries: [(t:1, i:59), STATEMACHINELOGENTRY, 6599@client-A3ACAD49A318]
2023-03-17 00:26:15,734 DEBUG server.RaftServer$Division (RaftServerImpl.java:logAppendEntries(1430)) - s8@group-69A93867D6DE: succeeded to handle AppendEntries. Reply: s7<-s8#6600:OK-t1,SUCCESS,nextIndex=60,followerCommit=58,matchIndex=59
2023-03-17 00:26:15,734 DEBUG server.RaftServer$Division (RaftServerImpl.java:logAppendEntries(1430)) - s9@group-69A93867D6DE: receive appendEntries(s7, 1, (t:1, i:58), 58, true, commits:[s7:c58, s8:c57, s9:c57], cId:6601, entries: [(t:1, i:59), STATEMACHINELOGENTRY, 6599@client-A3ACAD49A318]
2023-03-17 00:26:15,734 INFO  statemachine.StateMachine (ArithmeticStateMachine.java:applyTransaction(182)) - LEADER:s7-59: c = null = null
2023-03-17 00:26:15,735 DEBUG server.RaftServer$Division (RaftServerImpl.java:logAppendEntries(1430)) - s9@group-69A93867D6DE: succeeded to handle AppendEntries. Reply: s7<-s9#6601:OK-t1,SUCCESS,nextIndex=60,followerCommit=58,matchIndex=59
2023-03-17 00:26:15,735 DEBUG server.RaftServer$Division (RaftServerImpl.java:logAppendEntries(1430)) - s8@group-69A93867D6DE: receive appendEntries(s7, 1, (t:1, i:59), 59, true, commits:[s7:c59, s8:c58, s9:c57], cId:6602, entries: [(t:1, i:60), METADATAENTRY(c:59)]
2023-03-17 00:26:15,735 DEBUG server.RaftServer$Division (RaftServerImpl.java:logAppendEntries(1430)) - s8@group-69A93867D6DE: succeeded to handle AppendEntries. Reply: s7<-s8#6602:OK-t1,SUCCESS,nextIndex=61,followerCommit=59,matchIndex=60
2023-03-17 00:26:15,736 DEBUG server.RaftServer$Division (RaftServerImpl.java:logAppendEntries(1430)) - s9@group-69A93867D6DE: receive appendEntries(s7, 1, (t:1, i:59), 59, true, commits:[s7:c59, s8:c58, s9:c58], cId:6603, entries: [(t:1, i:60), METADATAENTRY(c:59)]
2023-03-17 00:26:15,736 DEBUG server.RaftServer$Division (RaftServerImpl.java:logAppendEntries(1430)) - s9@group-69A93867D6DE: succeeded to handle AppendEntries. Reply: s7<-s9#6603:OK-t1,SUCCESS,nextIndex=61,followerCommit=59,matchIndex=60
2023-03-17 00:26:15,738 DEBUG server.RaftServer$Division (RaftServerImpl.java:submitClientRequestAsync(835)) - s7@group-69A93867D6DE: receive client request(RaftClientRequest:client-A3ACAD49A318->s7@group-69A93867D6DE, cid=6604, seq=0, RW, Message:01016102405740000000...(size=12))
2023-03-17 00:26:15,738 DEBUG server.RaftServer$Division (LeaderStateImpl.java:addPendingRequest(474)) - s7@group-69A93867D6DE-LeaderStateImpl: addPendingRequest at RaftClientRequest:client-A3ACAD49A318->s7@group-69A93867D6DE, cid=6604, seq=0, RW, Message:01016102405740000000...(size=12), entry=(t:1, i:61), STATEMACHINELOGENTRY, 6604@client-A3ACAD49A318
2023-03-17 00:26:15,739 DEBUG server.RaftServer$Division (RaftServerImpl.java:logAppendEntries(1430)) - s8@group-69A93867D6DE: receive appendEntries(s7, 1, (t:1, i:60), 60, true, commits:[s7:c60, s8:c59, s9:c59], cId:6605, entries: [(t:1, i:61), STATEMACHINELOGENTRY, 6604@client-A3ACAD49A318]
2023-03-17 00:26:15,740 DEBUG server.RaftServer$Division (RaftServerImpl.java:logAppendEntries(1430)) - s8@group-69A93867D6DE: succeeded to handle AppendEntries. Reply: s7<-s8#6605:OK-t1,SUCCESS,nextIndex=62,followerCommit=60,matchIndex=61
2023-03-17 00:26:15,740 DEBUG server.RaftServer$Division (RaftServerImpl.java:logAppendEntries(1430)) - s9@group-69A93867D6DE: receive appendEntries(s7, 1, (t:1, i:60), 60, true, commits:[s7:c60, s8:c59, s9:c59], cId:6606, entries: [(t:1, i:61), STATEMACHINELOGENTRY, 6604@client-A3ACAD49A318]
2023-03-17 00:26:15,740 INFO  statemachine.StateMachine (ArithmeticStateMachine.java:applyTransaction(182)) - LEADER:s7-61: a = 93 = 93
2023-03-17 00:26:15,741 DEBUG server.RaftServer$Division (RaftServerImpl.java:logAppendEntries(1430)) - s9@group-69A93867D6DE: succeeded to handle AppendEntries. Reply: s7<-s9#6606:OK-t1,SUCCESS,nextIndex=62,followerCommit=60,matchIndex=61
2023-03-17 00:26:15,741 DEBUG server.RaftServer$Division (RaftServerImpl.java:logAppendEntries(1430)) - s8@group-69A93867D6DE: receive appendEntries(s7, 1, (t:1, i:61), 61, true, commits:[s7:c61, s8:c60, s9:c59], cId:6607, entries: [(t:1, i:62), METADATAENTRY(c:61)]
2023-03-17 00:26:15,742 DEBUG server.RaftServer$Division (RaftServerImpl.java:logAppendEntries(1430)) - s8@group-69A93867D6DE: succeeded to handle AppendEntries. Reply: s7<-s8#6607:OK-t1,SUCCESS,nextIndex=63,followerCommit=61,matchIndex=62
2023-03-17 00:26:15,742 DEBUG server.RaftServer$Division (RaftServerImpl.java:logAppendEntries(1430)) - s9@group-69A93867D6DE: receive appendEntries(s7, 1, (t:1, i:61), 61, true, commits:[s7:c61, s8:c60, s9:c60], cId:6608, entries: [(t:1, i:62), METADATAENTRY(c:61)]
2023-03-17 00:26:15,743 DEBUG server.RaftServer$Division (RaftServerImpl.java:logAppendEntries(1430)) - s9@group-69A93867D6DE: succeeded to handle AppendEntries. Reply: s7<-s9#6608:OK-t1,SUCCESS,nextIndex=63,followerCommit=61,matchIndex=62
2023-03-17 00:26:15,743 DEBUG server.RaftServer$Division (RaftServerImpl.java:submitClientRequestAsync(835)) - s7@group-69A93867D6DE: receive client request(RaftClientRequest:client-A3ACAD49A318->s7@group-69A93867D6DE, cid=6609, seq=0, RW, Message:0101620240b0e4000000...(size=12))
2023-03-17 00:26:15,744 DEBUG server.RaftServer$Division (LeaderStateImpl.java:addPendingRequest(474)) - s7@group-69A93867D6DE-LeaderStateImpl: addPendingRequest at RaftClientRequest:client-A3ACAD49A318->s7@group-69A93867D6DE, cid=6609, seq=0, RW, Message:0101620240b0e4000000...(size=12), entry=(t:1, i:63), STATEMACHINELOGENTRY, 6609@client-A3ACAD49A318
2023-03-17 00:26:15,744 DEBUG server.RaftServer$Division (RaftServerImpl.java:logAppendEntries(1430)) - s8@group-69A93867D6DE: receive appendEntries(s7, 1, (t:1, i:62), 62, true, commits:[s7:c62, s8:c61, s9:c61], cId:6610, entries: [(t:1, i:63), STATEMACHINELOGENTRY, 6609@client-A3ACAD49A318]
2023-03-17 00:26:15,750 DEBUG server.RaftServer$Division (RaftServerImpl.java:logAppendEntries(1430)) - s9@group-69A93867D6DE: receive appendEntries(s7, 1, (t:1, i:62), 62, true, commits:[s7:c62, s8:c61, s9:c61], cId:6611, entries: [(t:1, i:63), STATEMACHINELOGENTRY, 6609@client-A3ACAD49A318]
2023-03-17 00:26:15,751 DEBUG server.RaftServer$Division (RaftServerImpl.java:logAppendEntries(1430)) - s8@group-69A93867D6DE: succeeded to handle AppendEntries. Reply: s7<-s8#6610:OK-t1,SUCCESS,nextIndex=64,followerCommit=62,matchIndex=63
2023-03-17 00:26:15,751 INFO  statemachine.StateMachine (ArithmeticStateMachine.java:applyTransaction(182)) - LEADER:s7-63: b = 4324 = 4324
2023-03-17 00:26:15,751 DEBUG server.RaftServer$Division (RaftServerImpl.java:logAppendEntries(1430)) - s9@group-69A93867D6DE: succeeded to handle AppendEntries. Reply: s7<-s9#6611:OK-t1,SUCCESS,nextIndex=64,followerCommit=62,matchIndex=63
2023-03-17 00:26:15,752 DEBUG server.RaftServer$Division (RaftServerImpl.java:logAppendEntries(1430)) - s8@group-69A93867D6DE: receive appendEntries(s7, 1, (t:1, i:63), 63, true, commits:[s7:c63, s8:c62, s9:c61], cId:6612, entries: [(t:1, i:64), METADATAENTRY(c:63)]
2023-03-17 00:26:15,752 DEBUG server.RaftServer$Division (RaftServerImpl.java:logAppendEntries(1430)) - s8@group-69A93867D6DE: succeeded to handle AppendEntries. Reply: s7<-s8#6612:OK-t1,SUCCESS,nextIndex=65,followerCommit=63,matchIndex=64
2023-03-17 00:26:15,753 DEBUG server.RaftServer$Division (RaftServerImpl.java:logAppendEntries(1430)) - s9@group-69A93867D6DE: receive appendEntries(s7, 1, (t:1, i:63), 63, true, commits:[s7:c63, s8:c62, s9:c62], cId:6613, entries: [(t:1, i:64), METADATAENTRY(c:63)]
2023-03-17 00:26:15,753 DEBUG server.RaftServer$Division (RaftServerImpl.java:submitClientRequestAsync(835)) - s7@group-69A93867D6DE: receive client request(RaftClientRequest:client-A3ACAD49A318->s7@group-69A93867D6DE, cid=6614, seq=0, RW, Message:01016304010300040201...(size=17))
2023-03-17 00:26:15,754 DEBUG server.RaftServer$Division (RaftServerImpl.java:logAppendEntries(1430)) - s9@group-69A93867D6DE: succeeded to handle AppendEntries. Reply: s7<-s9#6613:OK-t1,SUCCESS,nextIndex=65,followerCommit=63,matchIndex=64
2023-03-17 00:26:15,755 DEBUG server.RaftServer$Division (RaftServerImpl.java:logAppendEntries(1430)) - s8@group-69A93867D6DE: receive appendEntries(s7, 1, (t:1, i:64), 64, true, commits:[s7:c64, s8:c63, s9:c63], cId:6615, entries: [(t:1, i:65), STATEMACHINELOGENTRY, 6614@client-A3ACAD49A318]
2023-03-17 00:26:15,755 DEBUG server.RaftServer$Division (RaftServerImpl.java:logAppendEntries(1430)) - s9@group-69A93867D6DE: receive appendEntries(s7, 1, (t:1, i:64), 64, true, commits:[s7:c64, s8:c63, s9:c63], cId:6616, entries: [(t:1, i:65), STATEMACHINELOGENTRY, 6614@client-A3ACAD49A318]
2023-03-17 00:26:15,755 DEBUG server.RaftServer$Division (RaftServerImpl.java:logAppendEntries(1430)) - s8@group-69A93867D6DE: succeeded to handle AppendEntries. Reply: s7<-s8#6615:OK-t1,SUCCESS,nextIndex=66,followerCommit=64,matchIndex=65
2023-03-17 00:26:15,755 DEBUG server.RaftServer$Division (LeaderStateImpl.java:addPendingRequest(474)) - s7@group-69A93867D6DE-LeaderStateImpl: addPendingRequest at RaftClientRequest:client-A3ACAD49A318->s7@group-69A93867D6DE, cid=6614, seq=0, RW, Message:01016304010300040201...(size=17), entry=(t:1, i:65), STATEMACHINELOGENTRY, 6614@client-A3ACAD49A318
2023-03-17 00:26:15,756 INFO  statemachine.StateMachine (ArithmeticStateMachine.java:applyTransaction(182)) - LEADER:s7-65: c = √(a^2 + b^2) = 4325
2023-03-17 00:26:15,756 DEBUG server.RaftServer$Division (RaftServerImpl.java:logAppendEntries(1430)) - s9@group-69A93867D6DE: succeeded to handle AppendEntries. Reply: s7<-s9#6616:OK-t1,SUCCESS,nextIndex=66,followerCommit=64,matchIndex=65
2023-03-17 00:26:15,757 DEBUG server.RaftServer$Division (RaftServerImpl.java:logAppendEntries(1430)) - s8@group-69A93867D6DE: receive appendEntries(s7, 1, (t:1, i:65), 65, true, commits:[s7:c65, s8:c64, s9:c63], cId:6617, entries: [(t:1, i:66), METADATAENTRY(c:65)]
2023-03-17 00:26:15,757 DEBUG server.RaftServer$Division (RaftServerImpl.java:logAppendEntries(1430)) - s8@group-69A93867D6DE: succeeded to handle AppendEntries. Reply: s7<-s8#6617:OK-t1,SUCCESS,nextIndex=67,followerCommit=65,matchIndex=66
2023-03-17 00:26:15,758 DEBUG server.RaftServer$Division (RaftServerImpl.java:logAppendEntries(1430)) - s9@group-69A93867D6DE: receive appendEntries(s7, 1, (t:1, i:65), 66, true, commits:[s7:c66, s8:c65, s9:c64], cId:6619, entries: [(t:1, i:66), METADATAENTRY(c:65)]
2023-03-17 00:26:15,759 DEBUG server.RaftServer$Division (RaftServerImpl.java:submitClientRequestAsync(835)) - s7@group-69A93867D6DE: receive client request(RaftClientRequest:client-A3ACAD49A318->s7@group-69A93867D6DE, cid=6618, seq=0, RW, Message:01016100)
2023-03-17 00:26:15,759 DEBUG server.RaftServer$Division (LeaderStateImpl.java:addPendingRequest(474)) - s7@group-69A93867D6DE-LeaderStateImpl: addPendingRequest at RaftClientRequest:client-A3ACAD49A318->s7@group-69A93867D6DE, cid=6618, seq=0, RW, Message:01016100, entry=(t:1, i:67), STATEMACHINELOGENTRY, 6618@client-A3ACAD49A318
2023-03-17 00:26:15,759 DEBUG server.RaftServer$Division (RaftServerImpl.java:logAppendEntries(1430)) - s9@group-69A93867D6DE: succeeded to handle AppendEntries. Reply: s7<-s9#6619:OK-t1,SUCCESS,nextIndex=67,followerCommit=66,matchIndex=66
2023-03-17 00:26:15,760 DEBUG server.RaftServer$Division (RaftServerImpl.java:logAppendEntries(1430)) - s8@group-69A93867D6DE: receive appendEntries(s7, 1, (t:1, i:66), 66, true, commits:[s7:c66, s8:c65, s9:c66], cId:6621, entries: [(t:1, i:67), STATEMACHINELOGENTRY, 6618@client-A3ACAD49A318]
2023-03-17 00:26:15,761 DEBUG server.RaftServer$Division (RaftServerImpl.java:logAppendEntries(1430)) - s9@group-69A93867D6DE: receive appendEntries(s7, 1, (t:1, i:66), 66, true, commits:[s7:c66, s8:c65, s9:c66], cId:6620, entries: [(t:1, i:67), STATEMACHINELOGENTRY, 6618@client-A3ACAD49A318]
2023-03-17 00:26:15,761 DEBUG server.RaftServer$Division (RaftServerImpl.java:logAppendEntries(1430)) - s8@group-69A93867D6DE: succeeded to handle AppendEntries. Reply: s7<-s8#6621:OK-t1,SUCCESS,nextIndex=68,followerCommit=66,matchIndex=67
2023-03-17 00:26:15,761 INFO  statemachine.StateMachine (ArithmeticStateMachine.java:applyTransaction(182)) - LEADER:s7-67: a = null = null
2023-03-17 00:26:15,762 DEBUG server.RaftServer$Division (RaftServerImpl.java:logAppendEntries(1430)) - s8@group-69A93867D6DE: receive appendEntries(s7, 1, (t:1, i:67), 67, true, commits:[s7:c67, s8:c66, s9:c66], cId:6622, entries: [(t:1, i:68), METADATAENTRY(c:67)]
2023-03-17 00:26:15,763 DEBUG server.RaftServer$Division (RaftServerImpl.java:submitClientRequestAsync(835)) - s7@group-69A93867D6DE: receive client request(RaftClientRequest:client-A3ACAD49A318->s7@group-69A93867D6DE, cid=6623, seq=0, RW, Message:01016200)
2023-03-17 00:26:15,763 DEBUG server.RaftServer$Division (RaftServerImpl.java:logAppendEntries(1430)) - s8@group-69A93867D6DE: succeeded to handle AppendEntries. Reply: s7<-s8#6622:OK-t1,SUCCESS,nextIndex=69,followerCommit=67,matchIndex=68
2023-03-17 00:26:15,763 DEBUG server.RaftServer$Division (RaftServerImpl.java:logAppendEntries(1430)) - s9@group-69A93867D6DE: succeeded to handle AppendEntries. Reply: s7<-s9#6620:OK-t1,SUCCESS,nextIndex=68,followerCommit=66,matchIndex=67
2023-03-17 00:26:15,764 DEBUG server.RaftServer$Division (LeaderStateImpl.java:addPendingRequest(474)) - s7@group-69A93867D6DE-LeaderStateImpl: addPendingRequest at RaftClientRequest:client-A3ACAD49A318->s7@group-69A93867D6DE, cid=6623, seq=0, RW, Message:01016200, entry=(t:1, i:69), STATEMACHINELOGENTRY, 6623@client-A3ACAD49A318
2023-03-17 00:26:15,765 DEBUG server.RaftServer$Division (RaftServerImpl.java:logAppendEntries(1430)) - s8@group-69A93867D6DE: receive appendEntries(s7, 1, (t:1, i:68), 68, true, commits:[s7:c68, s8:c67, s9:c66], cId:6625, entries: [(t:1, i:69), STATEMACHINELOGENTRY, 6623@client-A3ACAD49A318]
2023-03-17 00:26:15,764 DEBUG server.RaftServer$Division (RaftServerImpl.java:logAppendEntries(1430)) - s9@group-69A93867D6DE: receive appendEntries(s7, 1, (t:1, i:67), 68, true, commits:[s7:c68, s8:c67, s9:c66], cId:6624, entries: [(t:1, i:68), METADATAENTRY(c:67)]
2023-03-17 00:26:15,765 DEBUG server.RaftServer$Division (RaftServerImpl.java:logAppendEntries(1430)) - s8@group-69A93867D6DE: succeeded to handle AppendEntries. Reply: s7<-s8#6625:OK-t1,SUCCESS,nextIndex=70,followerCommit=68,matchIndex=69
2023-03-17 00:26:15,766 DEBUG server.RaftServer$Division (RaftServerImpl.java:logAppendEntries(1430)) - s9@group-69A93867D6DE: succeeded to handle AppendEntries. Reply: s7<-s9#6624:OK-t1,SUCCESS,nextIndex=69,followerCommit=68,matchIndex=68
2023-03-17 00:26:15,766 INFO  statemachine.StateMachine (ArithmeticStateMachine.java:applyTransaction(182)) - LEADER:s7-69: b = null = null
2023-03-17 00:26:15,767 DEBUG server.RaftServer$Division (RaftServerImpl.java:logAppendEntries(1430)) - s8@group-69A93867D6DE: receive appendEntries(s7, 1, (t:1, i:69), 69, true, commits:[s7:c69, s8:c68, s9:c66], cId:6626, entries: [(t:1, i:70), METADATAENTRY(c:69)]
2023-03-17 00:26:15,772 DEBUG server.RaftServer$Division (RaftServerImpl.java:submitClientRequestAsync(835)) - s7@group-69A93867D6DE: receive client request(RaftClientRequest:client-A3ACAD49A318->s7@group-69A93867D6DE, cid=6627, seq=0, RW, Message:01016300)
2023-03-17 00:26:15,772 DEBUG server.RaftServer$Division (RaftServerImpl.java:logAppendEntries(1430)) - s8@group-69A93867D6DE: succeeded to handle AppendEntries. Reply: s7<-s8#6626:OK-t1,SUCCESS,nextIndex=71,followerCommit=69,matchIndex=70
2023-03-17 00:26:15,772 DEBUG server.RaftServer$Division (RaftServerImpl.java:logAppendEntries(1430)) - s9@group-69A93867D6DE: receive appendEntries(s7, 1, (t:1, i:68), 69, true, commits:[s7:c69, s8:c68, s9:c68], cId:6628, entries: [(t:1, i:69), STATEMACHINELOGENTRY, 6623@client-A3ACAD49A318, (t:1, i:70), METADATAENTRY(c:69)]
2023-03-17 00:26:15,777 DEBUG server.RaftServer$Division (RaftServerImpl.java:logAppendEntries(1430)) - s8@group-69A93867D6DE: receive appendEntries(s7, 1, (t:1, i:70), 69, true, commits:[s7:c69, s8:c69, s9:c68], cId:6629, entries: [(t:1, i:71), STATEMACHINELOGENTRY, 6627@client-A3ACAD49A318]
2023-03-17 00:26:15,776 DEBUG server.RaftServer$Division (LeaderStateImpl.java:addPendingRequest(474)) - s7@group-69A93867D6DE-LeaderStateImpl: addPendingRequest at RaftClientRequest:client-A3ACAD49A318->s7@group-69A93867D6DE, cid=6627, seq=0, RW, Message:01016300, entry=(t:1, i:71), STATEMACHINELOGENTRY, 6627@client-A3ACAD49A318
2023-03-17 00:26:15,777 DEBUG server.RaftServer$Division (RaftServerImpl.java:logAppendEntries(1430)) - s9@group-69A93867D6DE: succeeded to handle AppendEntries. Reply: s7<-s9#6628:OK-t1,SUCCESS,nextIndex=71,followerCommit=69,matchIndex=70
2023-03-17 00:26:15,778 DEBUG server.RaftServer$Division (RaftServerImpl.java:logAppendEntries(1430)) - s8@group-69A93867D6DE: succeeded to handle AppendEntries. Reply: s7<-s8#6629:OK-t1,SUCCESS,nextIndex=72,followerCommit=69,matchIndex=71
2023-03-17 00:26:15,778 DEBUG server.RaftServer$Division (RaftServerImpl.java:logAppendEntries(1430)) - s9@group-69A93867D6DE: receive appendEntries(s7, 1, (t:1, i:70), 69, true, commits:[s7:c69, s8:c69, s9:c69], cId:6630, entries: [(t:1, i:71), STATEMACHINELOGENTRY, 6627@client-A3ACAD49A318]
2023-03-17 00:26:15,779 DEBUG server.RaftServer$Division (RaftServerImpl.java:logAppendEntries(1430)) - s9@group-69A93867D6DE: succeeded to handle AppendEntries. Reply: s7<-s9#6630:OK-t1,SUCCESS,nextIndex=72,followerCommit=69,matchIndex=71
2023-03-17 00:26:15,779 INFO  statemachine.StateMachine (ArithmeticStateMachine.java:applyTransaction(182)) - LEADER:s7-71: c = null = null
2023-03-17 00:26:15,780 DEBUG server.RaftServer$Division (RaftServerImpl.java:submitClientRequestAsync(835)) - s7@group-69A93867D6DE: receive client request(RaftClientRequest:client-A3ACAD49A318->s7@group-69A93867D6DE, cid=6632, seq=0, RW, Message:010161024057c0000000...(size=12))
2023-03-17 00:26:15,780 DEBUG server.RaftServer$Division (LeaderStateImpl.java:addPendingRequest(474)) - s7@group-69A93867D6DE-LeaderStateImpl: addPendingRequest at RaftClientRequest:client-A3ACAD49A318->s7@group-69A93867D6DE, cid=6632, seq=0, RW, Message:010161024057c0000000...(size=12), entry=(t:1, i:73), STATEMACHINELOGENTRY, 6632@client-A3ACAD49A318
2023-03-17 00:26:15,781 DEBUG server.RaftServer$Division (RaftServerImpl.java:logAppendEntries(1430)) - s8@group-69A93867D6DE: receive appendEntries(s7, 1, (t:1, i:71), 71, true, commits:[s7:c71, s8:c69, s9:c69], cId:6631, entries: [(t:1, i:72), METADATAENTRY(c:71)]
2023-03-17 00:26:15,781 DEBUG server.RaftServer$Division (RaftServerImpl.java:logAppendEntries(1430)) - s9@group-69A93867D6DE: receive appendEntries(s7, 1, (t:1, i:71), 71, true, commits:[s7:c71, s8:c69, s9:c69], cId:6633, entries: [(t:1, i:72), METADATAENTRY(c:71)]
2023-03-17 00:26:15,781 DEBUG server.RaftServer$Division (RaftServerImpl.java:logAppendEntries(1430)) - s8@group-69A93867D6DE: succeeded to handle AppendEntries. Reply: s7<-s8#6631:OK-t1,SUCCESS,nextIndex=73,followerCommit=71,matchIndex=72
2023-03-17 00:26:15,781 DEBUG server.RaftServer$Division (RaftServerImpl.java:logAppendEntries(1430)) - s9@group-69A93867D6DE: succeeded to handle AppendEntries. Reply: s7<-s9#6633:OK-t1,SUCCESS,nextIndex=73,followerCommit=71,matchIndex=72
2023-03-17 00:26:15,782 DEBUG server.RaftServer$Division (RaftServerImpl.java:logAppendEntries(1430)) - s9@group-69A93867D6DE: receive appendEntries(s7, 1, (t:1, i:72), 71, true, commits:[s7:c71, s8:c69, s9:c71], cId:6634, entries: [(t:1, i:73), STATEMACHINELOGENTRY, 6632@client-A3ACAD49A318]
2023-03-17 00:26:15,783 DEBUG server.RaftServer$Division (RaftServerImpl.java:logAppendEntries(1430)) - s8@group-69A93867D6DE: receive appendEntries(s7, 1, (t:1, i:72), 72, true, commits:[s7:c72, s8:c71, s9:c71], cId:6635, entries: [(t:1, i:73), STATEMACHINELOGENTRY, 6632@client-A3ACAD49A318]
2023-03-17 00:26:15,786 DEBUG server.RaftServer$Division (RaftServerImpl.java:logAppendEntries(1430)) - s9@group-69A93867D6DE: succeeded to handle AppendEntries. Reply: s7<-s9#6634:OK-t1,SUCCESS,nextIndex=74,followerCommit=71,matchIndex=73
2023-03-17 00:26:15,786 DEBUG server.RaftServer$Division (RaftServerImpl.java:logAppendEntries(1430)) - s8@group-69A93867D6DE: succeeded to handle AppendEntries. Reply: s7<-s8#6635:OK-t1,SUCCESS,nextIndex=74,followerCommit=72,matchIndex=73
2023-03-17 00:26:15,787 INFO  statemachine.StateMachine (ArithmeticStateMachine.java:applyTransaction(182)) - LEADER:s7-73: a = 95 = 95
2023-03-17 00:26:15,788 DEBUG server.RaftServer$Division (RaftServerImpl.java:submitClientRequestAsync(835)) - s7@group-69A93867D6DE: receive client request(RaftClientRequest:client-A3ACAD49A318->s7@group-69A93867D6DE, cid=6637, seq=0, RW, Message:0101620240b1a0000000...(size=12))
2023-03-17 00:26:15,788 DEBUG server.RaftServer$Division (LeaderStateImpl.java:addPendingRequest(474)) - s7@group-69A93867D6DE-LeaderStateImpl: addPendingRequest at RaftClientRequest:client-A3ACAD49A318->s7@group-69A93867D6DE, cid=6637, seq=0, RW, Message:0101620240b1a0000000...(size=12), entry=(t:1, i:75), STATEMACHINELOGENTRY, 6637@client-A3ACAD49A318
2023-03-17 00:26:15,789 DEBUG server.RaftServer$Division (RaftServerImpl.java:logAppendEntries(1430)) - s9@group-69A93867D6DE: receive appendEntries(s7, 1, (t:1, i:73), 73, true, commits:[s7:c73, s8:c72, s9:c71], cId:6638, entries: [(t:1, i:74), METADATAENTRY(c:73), (t:1, i:75), STATEMACHINELOGENTRY, 6637@client-A3ACAD49A318]
2023-03-17 00:26:15,789 DEBUG server.RaftServer$Division (RaftServerImpl.java:logAppendEntries(1430)) - s8@group-69A93867D6DE: receive appendEntries(s7, 1, (t:1, i:73), 73, true, commits:[s7:c73, s8:c72, s9:c71], cId:6636, entries: [(t:1, i:74), METADATAENTRY(c:73)]
2023-03-17 00:26:15,789 DEBUG server.RaftServer$Division (RaftServerImpl.java:logAppendEntries(1430)) - s9@group-69A93867D6DE: succeeded to handle AppendEntries. Reply: s7<-s9#6638:OK-t1,SUCCESS,nextIndex=76,followerCommit=73,matchIndex=75
2023-03-17 00:26:15,790 DEBUG server.RaftServer$Division (RaftServerImpl.java:logAppendEntries(1430)) - s8@group-69A93867D6DE: succeeded to handle AppendEntries. Reply: s7<-s8#6636:OK-t1,SUCCESS,nextIndex=75,followerCommit=73,matchIndex=74
2023-03-17 00:26:15,790 INFO  statemachine.StateMachine (ArithmeticStateMachine.java:applyTransaction(182)) - LEADER:s7-75: b = 4512 = 4512
2023-03-17 00:26:15,791 DEBUG server.RaftServer$Division (RaftServerImpl.java:submitClientRequestAsync(835)) - s7@group-69A93867D6DE: receive client request(RaftClientRequest:client-A3ACAD49A318->s7@group-69A93867D6DE, cid=6641, seq=0, RW, Message:01016304010300040201...(size=17))
2023-03-17 00:26:15,791 DEBUG server.RaftServer$Division (LeaderStateImpl.java:addPendingRequest(474)) - s7@group-69A93867D6DE-LeaderStateImpl: addPendingRequest at RaftClientRequest:client-A3ACAD49A318->s7@group-69A93867D6DE, cid=6641, seq=0, RW, Message:01016304010300040201...(size=17), entry=(t:1, i:77), STATEMACHINELOGENTRY, 6641@client-A3ACAD49A318
2023-03-17 00:26:15,792 DEBUG server.RaftServer$Division (RaftServerImpl.java:logAppendEntries(1430)) - s8@group-69A93867D6DE: receive appendEntries(s7, 1, (t:1, i:74), 73, true, commits:[s7:c73, s8:c73, s9:c71], cId:6639, entries: [(t:1, i:75), STATEMACHINELOGENTRY, 6637@client-A3ACAD49A318]
2023-03-17 00:26:15,792 DEBUG server.RaftServer$Division (RaftServerImpl.java:logAppendEntries(1430)) - s9@group-69A93867D6DE: receive appendEntries(s7, 1, (t:1, i:75), 75, true, commits:[s7:c75, s8:c73, s9:c73], cId:6640, entries: [(t:1, i:76), METADATAENTRY(c:75)]
2023-03-17 00:26:15,792 DEBUG server.RaftServer$Division (RaftServerImpl.java:logAppendEntries(1430)) - s8@group-69A93867D6DE: succeeded to handle AppendEntries. Reply: s7<-s8#6639:OK-t1,SUCCESS,nextIndex=76,followerCommit=73,matchIndex=75
2023-03-17 00:26:15,793 DEBUG server.RaftServer$Division (RaftServerImpl.java:logAppendEntries(1430)) - s9@group-69A93867D6DE: succeeded to handle AppendEntries. Reply: s7<-s9#6640:OK-t1,SUCCESS,nextIndex=77,followerCommit=75,matchIndex=76
2023-03-17 00:26:15,794 DEBUG server.RaftServer$Division (RaftServerImpl.java:logAppendEntries(1430)) - s8@group-69A93867D6DE: receive appendEntries(s7, 1, (t:1, i:75), 76, true, commits:[s7:c76, s8:c73, s9:c75], cId:6643, entries: [(t:1, i:76), METADATAENTRY(c:75), (t:1, i:77), STATEMACHINELOGENTRY, 6641@client-A3ACAD49A318]
2023-03-17 00:26:15,794 DEBUG server.RaftServer$Division (RaftServerImpl.java:logAppendEntries(1430)) - s9@group-69A93867D6DE: receive appendEntries(s7, 1, (t:1, i:76), 75, true, commits:[s7:c75, s8:c73, s9:c75], cId:6642, entries: [(t:1, i:77), STATEMACHINELOGENTRY, 6641@client-A3ACAD49A318]
2023-03-17 00:26:15,794 DEBUG server.RaftServer$Division (RaftServerImpl.java:logAppendEntries(1430)) - s8@group-69A93867D6DE: succeeded to handle AppendEntries. Reply: s7<-s8#6643:OK-t1,SUCCESS,nextIndex=78,followerCommit=76,matchIndex=77
2023-03-17 00:26:15,795 INFO  statemachine.StateMachine (ArithmeticStateMachine.java:applyTransaction(182)) - LEADER:s7-77: c = √(a^2 + b^2) = 4513
2023-03-17 00:26:15,795 DEBUG server.RaftServer$Division (RaftServerImpl.java:logAppendEntries(1430)) - s9@group-69A93867D6DE: succeeded to handle AppendEntries. Reply: s7<-s9#6642:OK-t1,SUCCESS,nextIndex=78,followerCommit=75,matchIndex=77
2023-03-17 00:26:15,796 DEBUG server.RaftServer$Division (RaftServerImpl.java:submitClientRequestAsync(835)) - s7@group-69A93867D6DE: receive client request(RaftClientRequest:client-A3ACAD49A318->s7@group-69A93867D6DE, cid=6647, seq=0, RW, Message:01016100)
2023-03-17 00:26:15,796 DEBUG server.RaftServer$Division (LeaderStateImpl.java:addPendingRequest(474)) - s7@group-69A93867D6DE-LeaderStateImpl: addPendingRequest at RaftClientRequest:client-A3ACAD49A318->s7@group-69A93867D6DE, cid=6647, seq=0, RW, Message:01016100, entry=(t:1, i:79), STATEMACHINELOGENTRY, 6647@client-A3ACAD49A318
2023-03-17 00:26:15,797 DEBUG server.RaftServer$Division (RaftServerImpl.java:logAppendEntries(1430)) - s8@group-69A93867D6DE: receive appendEntries(s7, 1, (t:1, i:77), 77, true, commits:[s7:c77, s8:c76, s9:c75], cId:6646, entries: [(t:1, i:78), METADATAENTRY(c:77)]
2023-03-17 00:26:15,797 DEBUG server.RaftServer$Division (RaftServerImpl.java:logAppendEntries(1430)) - s9@group-69A93867D6DE: receive appendEntries(s7, 1, (t:1, i:77), 77, true, commits:[s7:c77, s8:c76, s9:c75], cId:6648, entries: [(t:1, i:78), METADATAENTRY(c:77), (t:1, i:79), STATEMACHINELOGENTRY, 6647@client-A3ACAD49A318]
2023-03-17 00:26:15,798 DEBUG server.RaftServer$Division (RaftServerImpl.java:logAppendEntries(1430)) - s8@group-69A93867D6DE: succeeded to handle AppendEntries. Reply: s7<-s8#6646:OK-t1,SUCCESS,nextIndex=79,followerCommit=77,matchIndex=78
2023-03-17 00:26:15,798 DEBUG server.RaftServer$Division (RaftServerImpl.java:logAppendEntries(1430)) - s9@group-69A93867D6DE: succeeded to handle AppendEntries. Reply: s7<-s9#6648:OK-t1,SUCCESS,nextIndex=80,followerCommit=77,matchIndex=79
2023-03-17 00:26:15,799 INFO  statemachine.StateMachine (ArithmeticStateMachine.java:applyTransaction(182)) - LEADER:s7-79: a = null = null
2023-03-17 00:26:15,800 DEBUG server.RaftServer$Division (RaftServerImpl.java:submitClientRequestAsync(835)) - s7@group-69A93867D6DE: receive client request(RaftClientRequest:client-A3ACAD49A318->s7@group-69A93867D6DE, cid=6653, seq=0, RW, Message:01016200)
2023-03-17 00:26:15,800 DEBUG server.RaftServer$Division (LeaderStateImpl.java:addPendingRequest(474)) - s7@group-69A93867D6DE-LeaderStateImpl: addPendingRequest at RaftClientRequest:client-A3ACAD49A318->s7@group-69A93867D6DE, cid=6653, seq=0, RW, Message:01016200, entry=(t:1, i:81), STATEMACHINELOGENTRY, 6653@client-A3ACAD49A318
2023-03-17 00:26:15,800 DEBUG server.RaftServer$Division (RaftServerImpl.java:logAppendEntries(1430)) - s9@group-69A93867D6DE: receive appendEntries(s7, 1, (t:1, i:79), 79, true, commits:[s7:c79, s8:c77, s9:c77], cId:6652, entries: [(t:1, i:80), METADATAENTRY(c:79)]
2023-03-17 00:26:15,800 DEBUG server.RaftServer$Division (RaftServerImpl.java:logAppendEntries(1430)) - s8@group-69A93867D6DE: receive appendEntries(s7, 1, (t:1, i:78), 77, true, commits:[s7:c77, s8:c77, s9:c75], cId:6651, entries: [(t:1, i:79), STATEMACHINELOGENTRY, 6647@client-A3ACAD49A318]
2023-03-17 00:26:15,801 DEBUG server.RaftServer$Division (RaftServerImpl.java:logAppendEntries(1430)) - s9@group-69A93867D6DE: succeeded to handle AppendEntries. Reply: s7<-s9#6652:OK-t1,SUCCESS,nextIndex=81,followerCommit=79,matchIndex=80
2023-03-17 00:26:15,801 DEBUG server.RaftServer$Division (RaftServerImpl.java:logAppendEntries(1430)) - s8@group-69A93867D6DE: succeeded to handle AppendEntries. Reply: s7<-s8#6651:OK-t1,SUCCESS,nextIndex=80,followerCommit=77,matchIndex=79
2023-03-17 00:26:15,802 DEBUG server.RaftServer$Division (RaftServerImpl.java:logAppendEntries(1430)) - s9@group-69A93867D6DE: receive appendEntries(s7, 1, (t:1, i:80), 79, true, commits:[s7:c79, s8:c77, s9:c79], cId:6655, entries: [(t:1, i:81), STATEMACHINELOGENTRY, 6653@client-A3ACAD49A318]
2023-03-17 00:26:15,802 DEBUG server.RaftServer$Division (RaftServerImpl.java:logAppendEntries(1430)) - s8@group-69A93867D6DE: receive appendEntries(s7, 1, (t:1, i:79), 79, true, commits:[s7:c79, s8:c77, s9:c77], cId:6654, entries: [(t:1, i:80), METADATAENTRY(c:79), (t:1, i:81), STATEMACHINELOGENTRY, 6653@client-A3ACAD49A318]
2023-03-17 00:26:15,802 DEBUG server.RaftServer$Division (RaftServerImpl.java:logAppendEntries(1430)) - s9@group-69A93867D6DE: succeeded to handle AppendEntries. Reply: s7<-s9#6655:OK-t1,SUCCESS,nextIndex=82,followerCommit=79,matchIndex=81
2023-03-17 00:26:15,803 DEBUG server.RaftServer$Division (RaftServerImpl.java:logAppendEntries(1430)) - s8@group-69A93867D6DE: succeeded to handle AppendEntries. Reply: s7<-s8#6654:OK-t1,SUCCESS,nextIndex=82,followerCommit=79,matchIndex=81
2023-03-17 00:26:15,803 INFO  statemachine.StateMachine (ArithmeticStateMachine.java:applyTransaction(182)) - LEADER:s7-81: b = null = null
2023-03-17 00:26:15,804 DEBUG server.RaftServer$Division (RaftServerImpl.java:submitClientRequestAsync(835)) - s7@group-69A93867D6DE: receive client request(RaftClientRequest:client-A3ACAD49A318->s7@group-69A93867D6DE, cid=6657, seq=0, RW, Message:01016300)
2023-03-17 00:26:15,804 DEBUG server.RaftServer$Division (LeaderStateImpl.java:addPendingRequest(474)) - s7@group-69A93867D6DE-LeaderStateImpl: addPendingRequest at RaftClientRequest:client-A3ACAD49A318->s7@group-69A93867D6DE, cid=6657, seq=0, RW, Message:01016300, entry=(t:1, i:83), STATEMACHINELOGENTRY, 6657@client-A3ACAD49A318
2023-03-17 00:26:15,805 DEBUG server.RaftServer$Division (RaftServerImpl.java:logAppendEntries(1430)) - s8@group-69A93867D6DE: receive appendEntries(s7, 1, (t:1, i:81), 81, true, commits:[s7:c81, s8:c79, s9:c79], cId:6658, entries: [(t:1, i:82), METADATAENTRY(c:81), (t:1, i:83), STATEMACHINELOGENTRY, 6657@client-A3ACAD49A318]
2023-03-17 00:26:15,804 DEBUG server.RaftServer$Division (RaftServerImpl.java:logAppendEntries(1430)) - s9@group-69A93867D6DE: receive appendEntries(s7, 1, (t:1, i:81), 81, true, commits:[s7:c81, s8:c77, s9:c79], cId:6656, entries: [(t:1, i:82), METADATAENTRY(c:81)]
2023-03-17 00:26:15,805 DEBUG server.RaftServer$Division (RaftServerImpl.java:logAppendEntries(1430)) - s8@group-69A93867D6DE: succeeded to handle AppendEntries. Reply: s7<-s8#6658:OK-t1,SUCCESS,nextIndex=84,followerCommit=81,matchIndex=83
2023-03-17 00:26:15,805 DEBUG server.RaftServer$Division (RaftServerImpl.java:logAppendEntries(1430)) - s9@group-69A93867D6DE: succeeded to handle AppendEntries. Reply: s7<-s9#6656:OK-t1,SUCCESS,nextIndex=83,followerCommit=81,matchIndex=82
2023-03-17 00:26:15,806 INFO  statemachine.StateMachine (ArithmeticStateMachine.java:applyTransaction(182)) - LEADER:s7-83: c = null = null
2023-03-17 00:26:15,806 DEBUG server.RaftServer$Division (RaftServerImpl.java:submitClientRequestAsync(835)) - s7@group-69A93867D6DE: receive client request(RaftClientRequest:client-A3ACAD49A318->s7@group-69A93867D6DE, cid=6660, seq=0, RW, Message:01016102405840000000...(size=12))
2023-03-17 00:26:15,807 DEBUG server.RaftServer$Division (LeaderStateImpl.java:addPendingRequest(474)) - s7@group-69A93867D6DE-LeaderStateImpl: addPendingRequest at RaftClientRequest:client-A3ACAD49A318->s7@group-69A93867D6DE, cid=6660, seq=0, RW, Message:01016102405840000000...(size=12), entry=(t:1, i:85), STATEMACHINELOGENTRY, 6660@client-A3ACAD49A318
2023-03-17 00:26:15,807 DEBUG server.RaftServer$Division (RaftServerImpl.java:logAppendEntries(1430)) - s9@group-69A93867D6DE: receive appendEntries(s7, 1, (t:1, i:82), 83, true, commits:[s7:c83, s8:c81, s9:c81], cId:6661, entries: [(t:1, i:83), STATEMACHINELOGENTRY, 6657@client-A3ACAD49A318, (t:1, i:84), METADATAENTRY(c:83)]
2023-03-17 00:26:15,807 DEBUG server.RaftServer$Division (RaftServerImpl.java:logAppendEntries(1430)) - s8@group-69A93867D6DE: receive appendEntries(s7, 1, (t:1, i:83), 83, true, commits:[s7:c83, s8:c81, s9:c79], cId:6659, entries: [(t:1, i:84), METADATAENTRY(c:83)]
2023-03-17 00:26:15,808 DEBUG server.RaftServer$Division (RaftServerImpl.java:logAppendEntries(1430)) - s9@group-69A93867D6DE: succeeded to handle AppendEntries. Reply: s7<-s9#6661:OK-t1,SUCCESS,nextIndex=85,followerCommit=83,matchIndex=84
2023-03-17 00:26:15,808 DEBUG server.RaftServer$Division (RaftServerImpl.java:logAppendEntries(1430)) - s8@group-69A93867D6DE: succeeded to handle AppendEntries. Reply: s7<-s8#6659:OK-t1,SUCCESS,nextIndex=85,followerCommit=83,matchIndex=84
2023-03-17 00:26:15,809 DEBUG server.RaftServer$Division (RaftServerImpl.java:logAppendEntries(1430)) - s9@group-69A93867D6DE: receive appendEntries(s7, 1, (t:1, i:84), 83, true, commits:[s7:c83, s8:c81, s9:c83], cId:6662, entries: [(t:1, i:85), STATEMACHINELOGENTRY, 6660@client-A3ACAD49A318]
2023-03-17 00:26:15,810 DEBUG server.RaftServer$Division (RaftServerImpl.java:logAppendEntries(1430)) - s8@group-69A93867D6DE: receive appendEntries(s7, 1, (t:1, i:84), 84, true, commits:[s7:c84, s8:c83, s9:c83], cId:6663, entries: [(t:1, i:85), STATEMACHINELOGENTRY, 6660@client-A3ACAD49A318]
2023-03-17 00:26:15,810 DEBUG server.RaftServer$Division (RaftServerImpl.java:logAppendEntries(1430)) - s9@group-69A93867D6DE: succeeded to handle AppendEntries. Reply: s7<-s9#6662:OK-t1,SUCCESS,nextIndex=86,followerCommit=83,matchIndex=85
2023-03-17 00:26:15,810 INFO  statemachine.StateMachine (ArithmeticStateMachine.java:applyTransaction(182)) - LEADER:s7-85: a = 97 = 97
2023-03-17 00:26:15,811 DEBUG server.RaftServer$Division (RaftServerImpl.java:submitClientRequestAsync(835)) - s7@group-69A93867D6DE: receive client request(RaftClientRequest:client-A3ACAD49A318->s7@group-69A93867D6DE, cid=6665, seq=0, RW, Message:0101620240b260000000...(size=12))
2023-03-17 00:26:15,811 DEBUG server.RaftServer$Division (LeaderStateImpl.java:addPendingRequest(474)) - s7@group-69A93867D6DE-LeaderStateImpl: addPendingRequest at RaftClientRequest:client-A3ACAD49A318->s7@group-69A93867D6DE, cid=6665, seq=0, RW, Message:0101620240b260000000...(size=12), entry=(t:1, i:87), STATEMACHINELOGENTRY, 6665@client-A3ACAD49A318
2023-03-17 00:26:15,812 DEBUG server.RaftServer$Division (RaftServerImpl.java:logAppendEntries(1430)) - s9@group-69A93867D6DE: receive appendEntries(s7, 1, (t:1, i:85), 85, true, commits:[s7:c85, s8:c83, s9:c83], cId:6664, entries: [(t:1, i:86), METADATAENTRY(c:85)]
2023-03-17 00:26:15,812 DEBUG server.RaftServer$Division (RaftServerImpl.java:logAppendEntries(1430)) - s8@group-69A93867D6DE: succeeded to handle AppendEntries. Reply: s7<-s8#6663:OK-t1,SUCCESS,nextIndex=86,followerCommit=84,matchIndex=85
2023-03-17 00:26:15,814 DEBUG server.RaftServer$Division (RaftServerImpl.java:logAppendEntries(1430)) - s8@group-69A93867D6DE: receive appendEntries(s7, 1, (t:1, i:85), 85, true, commits:[s7:c85, s8:c84, s9:c83], cId:6666, entries: [(t:1, i:86), METADATAENTRY(c:85), (t:1, i:87), STATEMACHINELOGENTRY, 6665@client-A3ACAD49A318]
2023-03-17 00:26:15,814 DEBUG server.RaftServer$Division (RaftServerImpl.java:logAppendEntries(1430)) - s9@group-69A93867D6DE: succeeded to handle AppendEntries. Reply: s7<-s9#6664:OK-t1,SUCCESS,nextIndex=87,followerCommit=85,matchIndex=86
2023-03-17 00:26:15,815 DEBUG server.RaftServer$Division (RaftServerImpl.java:logAppendEntries(1430)) - s8@group-69A93867D6DE: succeeded to handle AppendEntries. Reply: s7<-s8#6666:OK-t1,SUCCESS,nextIndex=88,followerCommit=85,matchIndex=87
2023-03-17 00:26:15,815 DEBUG server.RaftServer$Division (RaftServerImpl.java:logAppendEntries(1430)) - s9@group-69A93867D6DE: receive appendEntries(s7, 1, (t:1, i:86), 85, true, commits:[s7:c85, s8:c84, s9:c85], cId:6667, entries: [(t:1, i:87), STATEMACHINELOGENTRY, 6665@client-A3ACAD49A318]
2023-03-17 00:26:15,816 INFO  statemachine.StateMachine (ArithmeticStateMachine.java:applyTransaction(182)) - LEADER:s7-87: b = 4704 = 4704
2023-03-17 00:26:15,817 DEBUG server.RaftServer$Division (RaftServerImpl.java:submitClientRequestAsync(835)) - s7@group-69A93867D6DE: receive client request(RaftClientRequest:client-A3ACAD49A318->s7@group-69A93867D6DE, cid=6669, seq=0, RW, Message:01016304010300040201...(size=17))
2023-03-17 00:26:15,817 DEBUG server.RaftServer$Division (LeaderStateImpl.java:addPendingRequest(474)) - s7@group-69A93867D6DE-LeaderStateImpl: addPendingRequest at RaftClientRequest:client-A3ACAD49A318->s7@group-69A93867D6DE, cid=6669, seq=0, RW, Message:01016304010300040201...(size=17), entry=(t:1, i:89), STATEMACHINELOGENTRY, 6669@client-A3ACAD49A318
2023-03-17 00:26:15,817 DEBUG server.RaftServer$Division (RaftServerImpl.java:logAppendEntries(1430)) - s8@group-69A93867D6DE: receive appendEntries(s7, 1, (t:1, i:87), 87, true, commits:[s7:c87, s8:c85, s9:c85], cId:6668, entries: [(t:1, i:88), METADATAENTRY(c:87)]
2023-03-17 00:26:15,817 DEBUG server.RaftServer$Division (RaftServerImpl.java:logAppendEntries(1430)) - s9@group-69A93867D6DE: succeeded to handle AppendEntries. Reply: s7<-s9#6667:OK-t1,SUCCESS,nextIndex=88,followerCommit=85,matchIndex=87
2023-03-17 00:26:15,818 DEBUG server.RaftServer$Division (RaftServerImpl.java:logAppendEntries(1430)) - s9@group-69A93867D6DE: receive appendEntries(s7, 1, (t:1, i:87), 87, true, commits:[s7:c87, s8:c85, s9:c85], cId:6670, entries: [(t:1, i:88), METADATAENTRY(c:87), (t:1, i:89), STATEMACHINELOGENTRY, 6669@client-A3ACAD49A318]
2023-03-17 00:26:15,818 DEBUG server.RaftServer$Division (RaftServerImpl.java:logAppendEntries(1430)) - s8@group-69A93867D6DE: succeeded to handle AppendEntries. Reply: s7<-s8#6668:OK-t1,SUCCESS,nextIndex=89,followerCommit=87,matchIndex=88
2023-03-17 00:26:15,819 DEBUG server.RaftServer$Division (RaftServerImpl.java:logAppendEntries(1430)) - s9@group-69A93867D6DE: succeeded to handle AppendEntries. Reply: s7<-s9#6670:OK-t1,SUCCESS,nextIndex=90,followerCommit=87,matchIndex=89
2023-03-17 00:26:15,819 DEBUG server.RaftServer$Division (RaftServerImpl.java:logAppendEntries(1430)) - s8@group-69A93867D6DE: receive appendEntries(s7, 1, (t:1, i:88), 87, true, commits:[s7:c87, s8:c87, s9:c85], cId:6671, entries: [(t:1, i:89), STATEMACHINELOGENTRY, 6669@client-A3ACAD49A318]
2023-03-17 00:26:15,820 DEBUG server.RaftServer$Division (RaftServerImpl.java:logAppendEntries(1430)) - s9@group-69A93867D6DE: receive appendEntries(s7, 1, (t:1, i:89), 89, true, commits:[s7:c89, s8:c87, s9:c87], cId:6672, entries: [(t:1, i:90), METADATAENTRY(c:89)]
2023-03-17 00:26:15,820 INFO  statemachine.StateMachine (ArithmeticStateMachine.java:applyTransaction(182)) - LEADER:s7-89: c = √(a^2 + b^2) = 4705
2023-03-17 00:26:15,821 DEBUG server.RaftServer$Division (RaftServerImpl.java:logAppendEntries(1430)) - s8@group-69A93867D6DE: succeeded to handle AppendEntries. Reply: s7<-s8#6671:OK-t1,SUCCESS,nextIndex=90,followerCommit=87,matchIndex=89
2023-03-17 00:26:15,821 DEBUG server.RaftServer$Division (RaftServerImpl.java:submitClientRequestAsync(835)) - s7@group-69A93867D6DE: receive client request(RaftClientRequest:client-A3ACAD49A318->s7@group-69A93867D6DE, cid=6673, seq=0, RW, Message:01016100)
2023-03-17 00:26:15,821 DEBUG server.RaftServer$Division (LeaderStateImpl.java:addPendingRequest(474)) - s7@group-69A93867D6DE-LeaderStateImpl: addPendingRequest at RaftClientRequest:client-A3ACAD49A318->s7@group-69A93867D6DE, cid=6673, seq=0, RW, Message:01016100, entry=(t:1, i:91), STATEMACHINELOGENTRY, 6673@client-A3ACAD49A318
2023-03-17 00:26:15,822 DEBUG server.RaftServer$Division (RaftServerImpl.java:logAppendEntries(1430)) - s8@group-69A93867D6DE: receive appendEntries(s7, 1, (t:1, i:89), 89, true, commits:[s7:c89, s8:c87, s9:c87], cId:6674, entries: [(t:1, i:90), METADATAENTRY(c:89), (t:1, i:91), STATEMACHINELOGENTRY, 6673@client-A3ACAD49A318]
2023-03-17 00:26:15,823 DEBUG server.RaftServer$Division (RaftServerImpl.java:logAppendEntries(1430)) - s9@group-69A93867D6DE: succeeded to handle AppendEntries. Reply: s7<-s9#6672:OK-t1,SUCCESS,nextIndex=91,followerCommit=89,matchIndex=90
2023-03-17 00:26:15,823 DEBUG server.RaftServer$Division (RaftServerImpl.java:logAppendEntries(1430)) - s8@group-69A93867D6DE: succeeded to handle AppendEntries. Reply: s7<-s8#6674:OK-t1,SUCCESS,nextIndex=92,followerCommit=89,matchIndex=91
2023-03-17 00:26:15,823 DEBUG server.RaftServer$Division (RaftServerImpl.java:logAppendEntries(1430)) - s9@group-69A93867D6DE: receive appendEntries(s7, 1, (t:1, i:90), 89, true, commits:[s7:c89, s8:c87, s9:c89], cId:6675, entries: [(t:1, i:91), STATEMACHINELOGENTRY, 6673@client-A3ACAD49A318]
2023-03-17 00:26:15,824 DEBUG server.RaftServer$Division (RaftServerImpl.java:logAppendEntries(1430)) - s8@group-69A93867D6DE: receive appendEntries(s7, 1, (t:1, i:91), 91, true, commits:[s7:c91, s8:c89, s9:c89], cId:6676, entries: [(t:1, i:92), METADATAENTRY(c:91)]
2023-03-17 00:26:15,824 INFO  statemachine.StateMachine (ArithmeticStateMachine.java:applyTransaction(182)) - LEADER:s7-91: a = null = null
2023-03-17 00:26:15,825 DEBUG server.RaftServer$Division (RaftServerImpl.java:logAppendEntries(1430)) - s9@group-69A93867D6DE: succeeded to handle AppendEntries. Reply: s7<-s9#6675:OK-t1,SUCCESS,nextIndex=92,followerCommit=89,matchIndex=91
2023-03-17 00:26:15,825 DEBUG server.RaftServer$Division (RaftServerImpl.java:submitClientRequestAsync(835)) - s7@group-69A93867D6DE: receive client request(RaftClientRequest:client-A3ACAD49A318->s7@group-69A93867D6DE, cid=6677, seq=0, RW, Message:01016200)
2023-03-17 00:26:15,826 DEBUG server.RaftServer$Division (LeaderStateImpl.java:addPendingRequest(474)) - s7@group-69A93867D6DE-LeaderStateImpl: addPendingRequest at RaftClientRequest:client-A3ACAD49A318->s7@group-69A93867D6DE, cid=6677, seq=0, RW, Message:01016200, entry=(t:1, i:93), STATEMACHINELOGENTRY, 6677@client-A3ACAD49A318
2023-03-17 00:26:15,826 DEBUG server.RaftServer$Division (RaftServerImpl.java:logAppendEntries(1430)) - s9@group-69A93867D6DE: receive appendEntries(s7, 1, (t:1, i:91), 91, true, commits:[s7:c91, s8:c89, s9:c89], cId:6678, entries: [(t:1, i:92), METADATAENTRY(c:91), (t:1, i:93), STATEMACHINELOGENTRY, 6677@client-A3ACAD49A318]
2023-03-17 00:26:15,827 DEBUG server.RaftServer$Division (RaftServerImpl.java:logAppendEntries(1430)) - s8@group-69A93867D6DE: succeeded to handle AppendEntries. Reply: s7<-s8#6676:OK-t1,SUCCESS,nextIndex=93,followerCommit=91,matchIndex=92
2023-03-17 00:26:15,827 DEBUG server.RaftServer$Division (RaftServerImpl.java:logAppendEntries(1430)) - s9@group-69A93867D6DE: succeeded to handle AppendEntries. Reply: s7<-s9#6678:OK-t1,SUCCESS,nextIndex=94,followerCommit=91,matchIndex=93
2023-03-17 00:26:15,828 DEBUG server.RaftServer$Division (RaftServerImpl.java:logAppendEntries(1430)) - s8@group-69A93867D6DE: receive appendEntries(s7, 1, (t:1, i:92), 91, true, commits:[s7:c91, s8:c91, s9:c89], cId:6679, entries: [(t:1, i:93), STATEMACHINELOGENTRY, 6677@client-A3ACAD49A318]
2023-03-17 00:26:15,828 INFO  statemachine.StateMachine (ArithmeticStateMachine.java:applyTransaction(182)) - LEADER:s7-93: b = null = null
2023-03-17 00:26:15,829 DEBUG server.RaftServer$Division (RaftServerImpl.java:submitClientRequestAsync(835)) - s7@group-69A93867D6DE: receive client request(RaftClientRequest:client-A3ACAD49A318->s7@group-69A93867D6DE, cid=6681, seq=0, RW, Message:01016300)
2023-03-17 00:26:15,829 DEBUG server.RaftServer$Division (LeaderStateImpl.java:addPendingRequest(474)) - s7@group-69A93867D6DE-LeaderStateImpl: addPendingRequest at RaftClientRequest:client-A3ACAD49A318->s7@group-69A93867D6DE, cid=6681, seq=0, RW, Message:01016300, entry=(t:1, i:95), STATEMACHINELOGENTRY, 6681@client-A3ACAD49A318
2023-03-17 00:26:15,829 DEBUG server.RaftServer$Division (RaftServerImpl.java:logAppendEntries(1430)) - s9@group-69A93867D6DE: receive appendEntries(s7, 1, (t:1, i:93), 93, true, commits:[s7:c93, s8:c91, s9:c91], cId:6680, entries: [(t:1, i:94), METADATAENTRY(c:93)]
2023-03-17 00:26:15,830 DEBUG server.RaftServer$Division (RaftServerImpl.java:logAppendEntries(1430)) - s8@group-69A93867D6DE: succeeded to handle AppendEntries. Reply: s7<-s8#6679:OK-t1,SUCCESS,nextIndex=94,followerCommit=91,matchIndex=93
2023-03-17 00:26:15,830 DEBUG server.RaftServer$Division (RaftServerImpl.java:logAppendEntries(1430)) - s9@group-69A93867D6DE: succeeded to handle AppendEntries. Reply: s7<-s9#6680:OK-t1,SUCCESS,nextIndex=95,followerCommit=93,matchIndex=94
2023-03-17 00:26:15,831 DEBUG server.RaftServer$Division (RaftServerImpl.java:logAppendEntries(1430)) - s8@group-69A93867D6DE: receive appendEntries(s7, 1, (t:1, i:93), 93, true, commits:[s7:c93, s8:c91, s9:c91], cId:6682, entries: [(t:1, i:94), METADATAENTRY(c:93), (t:1, i:95), STATEMACHINELOGENTRY, 6681@client-A3ACAD49A318]
2023-03-17 00:26:15,831 DEBUG server.RaftServer$Division (RaftServerImpl.java:logAppendEntries(1430)) - s9@group-69A93867D6DE: receive appendEntries(s7, 1, (t:1, i:94), 93, true, commits:[s7:c93, s8:c91, s9:c93], cId:6683, entries: [(t:1, i:95), STATEMACHINELOGENTRY, 6681@client-A3ACAD49A318]
2023-03-17 00:26:15,832 DEBUG server.RaftServer$Division (RaftServerImpl.java:logAppendEntries(1430)) - s8@group-69A93867D6DE: succeeded to handle AppendEntries. Reply: s7<-s8#6682:OK-t1,SUCCESS,nextIndex=96,followerCommit=93,matchIndex=95
2023-03-17 00:26:15,832 DEBUG server.RaftServer$Division (RaftServerImpl.java:logAppendEntries(1430)) - s9@group-69A93867D6DE: succeeded to handle AppendEntries. Reply: s7<-s9#6683:OK-t1,SUCCESS,nextIndex=96,followerCommit=93,matchIndex=95
2023-03-17 00:26:15,832 INFO  statemachine.StateMachine (ArithmeticStateMachine.java:applyTransaction(182)) - LEADER:s7-95: c = null = null
2023-03-17 00:26:15,833 DEBUG server.RaftServer$Division (RaftServerImpl.java:submitClientRequestAsync(835)) - s7@group-69A93867D6DE: receive client request(RaftClientRequest:client-A3ACAD49A318->s7@group-69A93867D6DE, cid=6685, seq=0, RW, Message:010161024058c0000000...(size=12))
2023-03-17 00:26:15,833 DEBUG server.RaftServer$Division (LeaderStateImpl.java:addPendingRequest(474)) - s7@group-69A93867D6DE-LeaderStateImpl: addPendingRequest at RaftClientRequest:client-A3ACAD49A318->s7@group-69A93867D6DE, cid=6685, seq=0, RW, Message:010161024058c0000000...(size=12), entry=(t:1, i:97), STATEMACHINELOGENTRY, 6685@client-A3ACAD49A318
2023-03-17 00:26:15,834 DEBUG server.RaftServer$Division (RaftServerImpl.java:logAppendEntries(1430)) - s8@group-69A93867D6DE: receive appendEntries(s7, 1, (t:1, i:95), 95, true, commits:[s7:c95, s8:c93, s9:c93], cId:6684, entries: [(t:1, i:96), METADATAENTRY(c:95)]
2023-03-17 00:26:15,835 DEBUG server.RaftServer$Division (RaftServerImpl.java:logAppendEntries(1430)) - s9@group-69A93867D6DE: receive appendEntries(s7, 1, (t:1, i:95), 95, true, commits:[s7:c95, s8:c93, s9:c93], cId:6686, entries: [(t:1, i:96), METADATAENTRY(c:95), (t:1, i:97), STATEMACHINELOGENTRY, 6685@client-A3ACAD49A318]
2023-03-17 00:26:15,835 DEBUG server.RaftServer$Division (RaftServerImpl.java:logAppendEntries(1430)) - s8@group-69A93867D6DE: succeeded to handle AppendEntries. Reply: s7<-s8#6684:OK-t1,SUCCESS,nextIndex=97,followerCommit=95,matchIndex=96
2023-03-17 00:26:15,835 DEBUG server.RaftServer$Division (RaftServerImpl.java:logAppendEntries(1430)) - s9@group-69A93867D6DE: succeeded to handle AppendEntries. Reply: s7<-s9#6686:OK-t1,SUCCESS,nextIndex=98,followerCommit=95,matchIndex=97
2023-03-17 00:26:15,836 DEBUG server.RaftServer$Division (RaftServerImpl.java:logAppendEntries(1430)) - s8@group-69A93867D6DE: receive appendEntries(s7, 1, (t:1, i:96), 95, true, commits:[s7:c95, s8:c95, s9:c93], cId:6687, entries: [(t:1, i:97), STATEMACHINELOGENTRY, 6685@client-A3ACAD49A318]
2023-03-17 00:26:15,836 INFO  statemachine.StateMachine (ArithmeticStateMachine.java:applyTransaction(182)) - LEADER:s7-97: a = 99 = 99
2023-03-17 00:26:15,837 DEBUG server.RaftServer$Division (RaftServerImpl.java:submitClientRequestAsync(835)) - s7@group-69A93867D6DE: receive client request(RaftClientRequest:client-A3ACAD49A318->s7@group-69A93867D6DE, cid=6689, seq=0, RW, Message:0101620240b324000000...(size=12))
2023-03-17 00:26:15,838 DEBUG server.RaftServer$Division (LeaderStateImpl.java:addPendingRequest(474)) - s7@group-69A93867D6DE-LeaderStateImpl: addPendingRequest at RaftClientRequest:client-A3ACAD49A318->s7@group-69A93867D6DE, cid=6689, seq=0, RW, Message:0101620240b324000000...(size=12), entry=(t:1, i:99), STATEMACHINELOGENTRY, 6689@client-A3ACAD49A318
2023-03-17 00:26:15,838 DEBUG server.RaftServer$Division (RaftServerImpl.java:logAppendEntries(1430)) - s9@group-69A93867D6DE: receive appendEntries(s7, 1, (t:1, i:97), 97, true, commits:[s7:c97, s8:c95, s9:c95], cId:6688, entries: [(t:1, i:98), METADATAENTRY(c:97)]
2023-03-17 00:26:15,838 DEBUG server.RaftServer$Division (RaftServerImpl.java:logAppendEntries(1430)) - s8@group-69A93867D6DE: succeeded to handle AppendEntries. Reply: s7<-s8#6687:OK-t1,SUCCESS,nextIndex=98,followerCommit=95,matchIndex=97
2023-03-17 00:26:15,839 DEBUG server.RaftServer$Division (RaftServerImpl.java:logAppendEntries(1430)) - s8@group-69A93867D6DE: receive appendEntries(s7, 1, (t:1, i:97), 97, true, commits:[s7:c97, s8:c95, s9:c95], cId:6690, entries: [(t:1, i:98), METADATAENTRY(c:97), (t:1, i:99), STATEMACHINELOGENTRY, 6689@client-A3ACAD49A318]
2023-03-17 00:26:15,839 DEBUG server.RaftServer$Division (RaftServerImpl.java:logAppendEntries(1430)) - s9@group-69A93867D6DE: succeeded to handle AppendEntries. Reply: s7<-s9#6688:OK-t1,SUCCESS,nextIndex=99,followerCommit=97,matchIndex=98
2023-03-17 00:26:15,840 DEBUG server.RaftServer$Division (RaftServerImpl.java:logAppendEntries(1430)) - s8@group-69A93867D6DE: succeeded to handle AppendEntries. Reply: s7<-s8#6690:OK-t1,SUCCESS,nextIndex=100,followerCommit=97,matchIndex=99
2023-03-17 00:26:15,841 DEBUG server.RaftServer$Division (RaftServerImpl.java:logAppendEntries(1430)) - s9@group-69A93867D6DE: receive appendEntries(s7, 1, (t:1, i:98), 97, true, commits:[s7:c97, s8:c95, s9:c97], cId:6695, entries: [(t:1, i:99), STATEMACHINELOGENTRY, 6689@client-A3ACAD49A318]
2023-03-17 00:26:15,841 INFO  statemachine.StateMachine (ArithmeticStateMachine.java:applyTransaction(182)) - LEADER:s7-99: b = 4900 = 4900
2023-03-17 00:26:15,842 DEBUG server.RaftServer$Division (RaftServerImpl.java:logAppendEntries(1430)) - s9@group-69A93867D6DE: succeeded to handle AppendEntries. Reply: s7<-s9#6695:OK-t1,SUCCESS,nextIndex=100,followerCommit=97,matchIndex=99
2023-03-17 00:26:15,843 DEBUG server.RaftServer$Division (RaftServerImpl.java:submitClientRequestAsync(835)) - s7@group-69A93867D6DE: receive client request(RaftClientRequest:client-A3ACAD49A318->s7@group-69A93867D6DE, cid=6699, seq=0, RW, Message:01016304010300040201...(size=17))
2023-03-17 00:26:15,843 DEBUG server.RaftServer$Division (LeaderStateImpl.java:addPendingRequest(474)) - s7@group-69A93867D6DE-LeaderStateImpl: addPendingRequest at RaftClientRequest:client-A3ACAD49A318->s7@group-69A93867D6DE, cid=6699, seq=0, RW, Message:01016304010300040201...(size=17), entry=(t:1, i:101), STATEMACHINELOGENTRY, 6699@client-A3ACAD49A318
2023-03-17 00:26:15,844 DEBUG server.RaftServer$Division (RaftServerImpl.java:logAppendEntries(1430)) - s9@group-69A93867D6DE: receive appendEntries(s7, 1, (t:1, i:99), 99, true, commits:[s7:c99, s8:c97, s9:c97], cId:6700, entries: [(t:1, i:100), METADATAENTRY(c:99), (t:1, i:101), STATEMACHINELOGENTRY, 6699@client-A3ACAD49A318]
2023-03-17 00:26:15,844 DEBUG server.RaftServer$Division (RaftServerImpl.java:logAppendEntries(1430)) - s8@group-69A93867D6DE: receive appendEntries(s7, 1, (t:1, i:99), 99, true, commits:[s7:c99, s8:c97, s9:c97], cId:6698, entries: [(t:1, i:100), METADATAENTRY(c:99)]
2023-03-17 00:26:15,845 DEBUG server.RaftServer$Division (RaftServerImpl.java:logAppendEntries(1430)) - s9@group-69A93867D6DE: succeeded to handle AppendEntries. Reply: s7<-s9#6700:OK-t1,SUCCESS,nextIndex=102,followerCommit=99,matchIndex=101
2023-03-17 00:26:15,845 DEBUG server.RaftServer$Division (RaftServerImpl.java:logAppendEntries(1430)) - s8@group-69A93867D6DE: succeeded to handle AppendEntries. Reply: s7<-s8#6698:OK-t1,SUCCESS,nextIndex=101,followerCommit=99,matchIndex=100
2023-03-17 00:26:15,846 INFO  statemachine.StateMachine (ArithmeticStateMachine.java:applyTransaction(182)) - LEADER:s7-101: c = √(a^2 + b^2) = 4901
2023-03-17 00:26:15,847 DEBUG server.RaftServer$Division (RaftServerImpl.java:submitClientRequestAsync(835)) - s7@group-69A93867D6DE: receive client request(RaftClientRequest:client-A3ACAD49A318->s7@group-69A93867D6DE, cid=6705, seq=0, RW, Message:01016100)
2023-03-17 00:26:15,848 DEBUG server.RaftServer$Division (LeaderStateImpl.java:addPendingRequest(474)) - s7@group-69A93867D6DE-LeaderStateImpl: addPendingRequest at RaftClientRequest:client-A3ACAD49A318->s7@group-69A93867D6DE, cid=6705, seq=0, RW, Message:01016100, entry=(t:1, i:103), STATEMACHINELOGENTRY, 6705@client-A3ACAD49A318
2023-03-17 00:26:15,848 DEBUG server.RaftServer$Division (RaftServerImpl.java:logAppendEntries(1430)) - s9@group-69A93867D6DE: receive appendEntries(s7, 1, (t:1, i:101), 101, true, commits:[s7:c101, s8:c99, s9:c99], cId:6704, entries: [(t:1, i:102), METADATAENTRY(c:101)]
2023-03-17 00:26:15,847 DEBUG server.RaftServer$Division (RaftServerImpl.java:logAppendEntries(1430)) - s8@group-69A93867D6DE: receive appendEntries(s7, 1, (t:1, i:100), 99, true, commits:[s7:c99, s8:c99, s9:c97], cId:6703, entries: [(t:1, i:101), STATEMACHINELOGENTRY, 6699@client-A3ACAD49A318]
2023-03-17 00:26:15,849 DEBUG server.RaftServer$Division (RaftServerImpl.java:logAppendEntries(1430)) - s9@group-69A93867D6DE: succeeded to handle AppendEntries. Reply: s7<-s9#6704:OK-t1,SUCCESS,nextIndex=103,followerCommit=101,matchIndex=102
2023-03-17 00:26:15,849 DEBUG server.RaftServer$Division (RaftServerImpl.java:logAppendEntries(1430)) - s8@group-69A93867D6DE: succeeded to handle AppendEntries. Reply: s7<-s8#6703:OK-t1,SUCCESS,nextIndex=102,followerCommit=99,matchIndex=101
2023-03-17 00:26:15,850 DEBUG server.RaftServer$Division (RaftServerImpl.java:logAppendEntries(1430)) - s8@group-69A93867D6DE: receive appendEntries(s7, 1, (t:1, i:101), 102, true, commits:[s7:c102, s8:c99, s9:c101], cId:6711, entries: [(t:1, i:102), METADATAENTRY(c:101), (t:1, i:103), STATEMACHINELOGENTRY, 6705@client-A3ACAD49A318]
2023-03-17 00:26:15,850 DEBUG server.RaftServer$Division (RaftServerImpl.java:logAppendEntries(1430)) - s9@group-69A93867D6DE: receive appendEntries(s7, 1, (t:1, i:102), 101, true, commits:[s7:c101, s8:c99, s9:c101], cId:6710, entries: [(t:1, i:103), STATEMACHINELOGENTRY, 6705@client-A3ACAD49A318]
2023-03-17 00:26:15,851 DEBUG server.RaftServer$Division (RaftServerImpl.java:logAppendEntries(1430)) - s8@group-69A93867D6DE: succeeded to handle AppendEntries. Reply: s7<-s8#6711:OK-t1,SUCCESS,nextIndex=104,followerCommit=102,matchIndex=103
2023-03-17 00:26:15,851 DEBUG server.RaftServer$Division (RaftServerImpl.java:logAppendEntries(1430)) - s9@group-69A93867D6DE: succeeded to handle AppendEntries. Reply: s7<-s9#6710:OK-t1,SUCCESS,nextIndex=104,followerCommit=101,matchIndex=103
2023-03-17 00:26:15,851 INFO  statemachine.StateMachine (ArithmeticStateMachine.java:applyTransaction(182)) - LEADER:s7-103: a = null = null
2023-03-17 00:26:15,852 DEBUG server.RaftServer$Division (RaftServerImpl.java:submitClientRequestAsync(835)) - s7@group-69A93867D6DE: receive client request(RaftClientRequest:client-A3ACAD49A318->s7@group-69A93867D6DE, cid=6713, seq=0, RW, Message:01016200)
2023-03-17 00:26:15,853 DEBUG server.RaftServer$Division (LeaderStateImpl.java:addPendingRequest(474)) - s7@group-69A93867D6DE-LeaderStateImpl: addPendingRequest at RaftClientRequest:client-A3ACAD49A318->s7@group-69A93867D6DE, cid=6713, seq=0, RW, Message:01016200, entry=(t:1, i:105), STATEMACHINELOGENTRY, 6713@client-A3ACAD49A318
2023-03-17 00:26:15,854 DEBUG server.RaftServer$Division (RaftServerImpl.java:logAppendEntries(1430)) - s9@group-69A93867D6DE: receive appendEntries(s7, 1, (t:1, i:103), 103, true, commits:[s7:c103, s8:c102, s9:c101], cId:6714, entries: [(t:1, i:104), METADATAENTRY(c:103), (t:1, i:105), STATEMACHINELOGENTRY, 6713@client-A3ACAD49A318]
2023-03-17 00:26:15,853 DEBUG server.RaftServer$Division (RaftServerImpl.java:logAppendEntries(1430)) - s8@group-69A93867D6DE: receive appendEntries(s7, 1, (t:1, i:103), 103, true, commits:[s7:c103, s8:c102, s9:c101], cId:6712, entries: [(t:1, i:104), METADATAENTRY(c:103)]
2023-03-17 00:26:15,854 DEBUG server.RaftServer$Division (RaftServerImpl.java:logAppendEntries(1430)) - s8@group-69A93867D6DE: succeeded to handle AppendEntries. Reply: s7<-s8#6712:OK-t1,SUCCESS,nextIndex=105,followerCommit=103,matchIndex=104
2023-03-17 00:26:15,854 DEBUG server.RaftServer$Division (RaftServerImpl.java:logAppendEntries(1430)) - s9@group-69A93867D6DE: succeeded to handle AppendEntries. Reply: s7<-s9#6714:OK-t1,SUCCESS,nextIndex=106,followerCommit=103,matchIndex=105
2023-03-17 00:26:15,855 DEBUG server.RaftServer$Division (RaftServerImpl.java:logAppendEntries(1430)) - s8@group-69A93867D6DE: receive appendEntries(s7, 1, (t:1, i:104), 103, true, commits:[s7:c103, s8:c103, s9:c101], cId:6715, entries: [(t:1, i:105), STATEMACHINELOGENTRY, 6713@client-A3ACAD49A318]
2023-03-17 00:26:15,856 DEBUG server.RaftServer$Division (RaftServerImpl.java:logAppendEntries(1430)) - s9@group-69A93867D6DE: receive appendEntries(s7, 1, (t:1, i:105), 105, true, commits:[s7:c105, s8:c103, s9:c103], cId:6716, entries: [(t:1, i:106), METADATAENTRY(c:105)]
2023-03-17 00:26:15,856 INFO  statemachine.StateMachine (ArithmeticStateMachine.java:applyTransaction(182)) - LEADER:s7-105: b = null = null
2023-03-17 00:26:15,856 DEBUG server.RaftServer$Division (RaftServerImpl.java:logAppendEntries(1430)) - s8@group-69A93867D6DE: succeeded to handle AppendEntries. Reply: s7<-s8#6715:OK-t1,SUCCESS,nextIndex=106,followerCommit=103,matchIndex=105
2023-03-17 00:26:15,857 DEBUG server.RaftServer$Division (RaftServerImpl.java:submitClientRequestAsync(835)) - s7@group-69A93867D6DE: receive client request(RaftClientRequest:client-A3ACAD49A318->s7@group-69A93867D6DE, cid=6717, seq=0, RW, Message:01016300)
2023-03-17 00:26:15,857 DEBUG server.RaftServer$Division (LeaderStateImpl.java:addPendingRequest(474)) - s7@group-69A93867D6DE-LeaderStateImpl: addPendingRequest at RaftClientRequest:client-A3ACAD49A318->s7@group-69A93867D6DE, cid=6717, seq=0, RW, Message:01016300, entry=(t:1, i:107), STATEMACHINELOGENTRY, 6717@client-A3ACAD49A318
2023-03-17 00:26:15,858 DEBUG server.RaftServer$Division (RaftServerImpl.java:logAppendEntries(1430)) - s9@group-69A93867D6DE: succeeded to handle AppendEntries. Reply: s7<-s9#6716:OK-t1,SUCCESS,nextIndex=107,followerCommit=105,matchIndex=106
2023-03-17 00:26:15,858 DEBUG server.RaftServer$Division (RaftServerImpl.java:logAppendEntries(1430)) - s9@group-69A93867D6DE: receive appendEntries(s7, 1, (t:1, i:106), 105, true, commits:[s7:c105, s8:c103, s9:c105], cId:6719, entries: [(t:1, i:107), STATEMACHINELOGENTRY, 6717@client-A3ACAD49A318]
2023-03-17 00:26:15,859 DEBUG server.RaftServer$Division (RaftServerImpl.java:logAppendEntries(1430)) - s8@group-69A93867D6DE: receive appendEntries(s7, 1, (t:1, i:105), 105, true, commits:[s7:c105, s8:c103, s9:c103], cId:6718, entries: [(t:1, i:106), METADATAENTRY(c:105), (t:1, i:107), STATEMACHINELOGENTRY, 6717@client-A3ACAD49A318]
2023-03-17 00:26:15,859 DEBUG server.RaftServer$Division (RaftServerImpl.java:logAppendEntries(1430)) - s9@group-69A93867D6DE: succeeded to handle AppendEntries. Reply: s7<-s9#6719:OK-t1,SUCCESS,nextIndex=108,followerCommit=105,matchIndex=107
2023-03-17 00:26:15,859 INFO  statemachine.StateMachine (ArithmeticStateMachine.java:applyTransaction(182)) - LEADER:s7-107: c = null = null
2023-03-17 00:26:15,860 DEBUG server.RaftServer$Division (RaftServerImpl.java:submitClientRequestAsync(835)) - s7@group-69A93867D6DE: receive client request(RaftClientRequest:client-A3ACAD49A318->s7@group-69A93867D6DE, cid=6721, seq=0, RW, Message:01016102405940000000...(size=12))
2023-03-17 00:26:15,861 DEBUG server.RaftServer$Division (LeaderStateImpl.java:addPendingRequest(474)) - s7@group-69A93867D6DE-LeaderStateImpl: addPendingRequest at RaftClientRequest:client-A3ACAD49A318->s7@group-69A93867D6DE, cid=6721, seq=0, RW, Message:01016102405940000000...(size=12), entry=(t:1, i:109), STATEMACHINELOGENTRY, 6721@client-A3ACAD49A318
2023-03-17 00:26:15,861 DEBUG server.RaftServer$Division (RaftServerImpl.java:logAppendEntries(1430)) - s9@group-69A93867D6DE: receive appendEntries(s7, 1, (t:1, i:107), 107, true, commits:[s7:c107, s8:c103, s9:c105], cId:6720, entries: [(t:1, i:108), METADATAENTRY(c:107)]
2023-03-17 00:26:15,861 DEBUG server.RaftServer$Division (RaftServerImpl.java:logAppendEntries(1430)) - s8@group-69A93867D6DE: succeeded to handle AppendEntries. Reply: s7<-s8#6718:OK-t1,SUCCESS,nextIndex=108,followerCommit=105,matchIndex=107
2023-03-17 00:26:15,862 DEBUG server.RaftServer$Division (RaftServerImpl.java:logAppendEntries(1430)) - s8@group-69A93867D6DE: receive appendEntries(s7, 1, (t:1, i:107), 107, true, commits:[s7:c107, s8:c105, s9:c105], cId:6722, entries: [(t:1, i:108), METADATAENTRY(c:107), (t:1, i:109), STATEMACHINELOGENTRY, 6721@client-A3ACAD49A318]
2023-03-17 00:26:15,862 DEBUG server.RaftServer$Division (RaftServerImpl.java:logAppendEntries(1430)) - s9@group-69A93867D6DE: succeeded to handle AppendEntries. Reply: s7<-s9#6720:OK-t1,SUCCESS,nextIndex=109,followerCommit=107,matchIndex=108
2023-03-17 00:26:15,863 DEBUG server.RaftServer$Division (RaftServerImpl.java:logAppendEntries(1430)) - s9@group-69A93867D6DE: receive appendEntries(s7, 1, (t:1, i:108), 107, true, commits:[s7:c107, s8:c105, s9:c107], cId:6723, entries: [(t:1, i:109), STATEMACHINELOGENTRY, 6721@client-A3ACAD49A318]
2023-03-17 00:26:15,864 DEBUG server.RaftServer$Division (RaftServerImpl.java:logAppendEntries(1430)) - s8@group-69A93867D6DE: succeeded to handle AppendEntries. Reply: s7<-s8#6722:OK-t1,SUCCESS,nextIndex=110,followerCommit=107,matchIndex=109
2023-03-17 00:26:15,864 DEBUG server.RaftServer$Division (RaftServerImpl.java:logAppendEntries(1430)) - s9@group-69A93867D6DE: succeeded to handle AppendEntries. Reply: s7<-s9#6723:OK-t1,SUCCESS,nextIndex=110,followerCommit=107,matchIndex=109
2023-03-17 00:26:15,864 INFO  statemachine.StateMachine (ArithmeticStateMachine.java:applyTransaction(182)) - LEADER:s7-109: a = 101 = 101
2023-03-17 00:26:15,865 DEBUG server.RaftServer$Division (RaftServerImpl.java:submitClientRequestAsync(835)) - s7@group-69A93867D6DE: receive client request(RaftClientRequest:client-A3ACAD49A318->s7@group-69A93867D6DE, cid=6725, seq=0, RW, Message:0101620240b3ec000000...(size=12))
2023-03-17 00:26:15,865 DEBUG server.RaftServer$Division (LeaderStateImpl.java:addPendingRequest(474)) - s7@group-69A93867D6DE-LeaderStateImpl: addPendingRequest at RaftClientRequest:client-A3ACAD49A318->s7@group-69A93867D6DE, cid=6725, seq=0, RW, Message:0101620240b3ec000000...(size=12), entry=(t:1, i:111), STATEMACHINELOGENTRY, 6725@client-A3ACAD49A318
2023-03-17 00:26:15,865 DEBUG server.RaftServer$Division (RaftServerImpl.java:logAppendEntries(1430)) - s8@group-69A93867D6DE: receive appendEntries(s7, 1, (t:1, i:109), 109, true, commits:[s7:c109, s8:c107, s9:c107], cId:6724, entries: [(t:1, i:110), METADATAENTRY(c:109)]
2023-03-17 00:26:15,866 DEBUG server.RaftServer$Division (RaftServerImpl.java:logAppendEntries(1430)) - s9@group-69A93867D6DE: receive appendEntries(s7, 1, (t:1, i:109), 109, true, commits:[s7:c109, s8:c107, s9:c107], cId:6726, entries: [(t:1, i:110), METADATAENTRY(c:109), (t:1, i:111), STATEMACHINELOGENTRY, 6725@client-A3ACAD49A318]
2023-03-17 00:26:15,867 DEBUG server.RaftServer$Division (RaftServerImpl.java:logAppendEntries(1430)) - s8@group-69A93867D6DE: succeeded to handle AppendEntries. Reply: s7<-s8#6724:OK-t1,SUCCESS,nextIndex=111,followerCommit=109,matchIndex=110
2023-03-17 00:26:15,867 DEBUG server.RaftServer$Division (RaftServerImpl.java:logAppendEntries(1430)) - s9@group-69A93867D6DE: succeeded to handle AppendEntries. Reply: s7<-s9#6726:OK-t1,SUCCESS,nextIndex=112,followerCommit=109,matchIndex=111
2023-03-17 00:26:15,868 DEBUG server.RaftServer$Division (RaftServerImpl.java:logAppendEntries(1430)) - s8@group-69A93867D6DE: receive appendEntries(s7, 1, (t:1, i:110), 109, true, commits:[s7:c109, s8:c109, s9:c107], cId:6727, entries: [(t:1, i:111), STATEMACHINELOGENTRY, 6725@client-A3ACAD49A318]
2023-03-17 00:26:15,868 DEBUG server.RaftServer$Division (RaftServerImpl.java:logAppendEntries(1430)) - s9@group-69A93867D6DE: receive appendEntries(s7, 1, (t:1, i:111), 111, true, commits:[s7:c111, s8:c109, s9:c109], cId:6728, entries: [(t:1, i:112), METADATAENTRY(c:111)]
2023-03-17 00:26:15,868 INFO  statemachine.StateMachine (ArithmeticStateMachine.java:applyTransaction(182)) - LEADER:s7-111: b = 5100 = 5100
2023-03-17 00:26:15,869 DEBUG server.RaftServer$Division (RaftServerImpl.java:logAppendEntries(1430)) - s8@group-69A93867D6DE: succeeded to handle AppendEntries. Reply: s7<-s8#6727:OK-t1,SUCCESS,nextIndex=112,followerCommit=109,matchIndex=111
2023-03-17 00:26:15,870 DEBUG server.RaftServer$Division (RaftServerImpl.java:submitClientRequestAsync(835)) - s7@group-69A93867D6DE: receive client request(RaftClientRequest:client-A3ACAD49A318->s7@group-69A93867D6DE, cid=6729, seq=0, RW, Message:01016304010300040201...(size=17))
2023-03-17 00:26:15,870 DEBUG server.RaftServer$Division (LeaderStateImpl.java:addPendingRequest(474)) - s7@group-69A93867D6DE-LeaderStateImpl: addPendingRequest at RaftClientRequest:client-A3ACAD49A318->s7@group-69A93867D6DE, cid=6729, seq=0, RW, Message:01016304010300040201...(size=17), entry=(t:1, i:113), STATEMACHINELOGENTRY, 6729@client-A3ACAD49A318
2023-03-17 00:26:15,871 DEBUG server.RaftServer$Division (RaftServerImpl.java:logAppendEntries(1430)) - s8@group-69A93867D6DE: receive appendEntries(s7, 1, (t:1, i:111), 111, true, commits:[s7:c111, s8:c109, s9:c109], cId:6730, entries: [(t:1, i:112), METADATAENTRY(c:111), (t:1, i:113), STATEMACHINELOGENTRY, 6729@client-A3ACAD49A318]
2023-03-17 00:26:15,871 DEBUG server.RaftServer$Division (RaftServerImpl.java:logAppendEntries(1430)) - s9@group-69A93867D6DE: succeeded to handle AppendEntries. Reply: s7<-s9#6728:OK-t1,SUCCESS,nextIndex=113,followerCommit=111,matchIndex=112
2023-03-17 00:26:15,871 DEBUG server.RaftServer$Division (RaftServerImpl.java:logAppendEntries(1430)) - s8@group-69A93867D6DE: succeeded to handle AppendEntries. Reply: s7<-s8#6730:OK-t1,SUCCESS,nextIndex=114,followerCommit=111,matchIndex=113
2023-03-17 00:26:15,872 DEBUG server.RaftServer$Division (RaftServerImpl.java:logAppendEntries(1430)) - s9@group-69A93867D6DE: receive appendEntries(s7, 1, (t:1, i:112), 111, true, commits:[s7:c111, s8:c109, s9:c111], cId:6731, entries: [(t:1, i:113), STATEMACHINELOGENTRY, 6729@client-A3ACAD49A318]
2023-03-17 00:26:15,872 INFO  statemachine.StateMachine (ArithmeticStateMachine.java:applyTransaction(182)) - LEADER:s7-113: c = √(a^2 + b^2) = 5101
2023-03-17 00:26:15,873 DEBUG server.RaftServer$Division (RaftServerImpl.java:submitClientRequestAsync(835)) - s7@group-69A93867D6DE: receive client request(RaftClientRequest:client-A3ACAD49A318->s7@group-69A93867D6DE, cid=6733, seq=0, RW, Message:01016100)
2023-03-17 00:26:15,874 DEBUG server.RaftServer$Division (LeaderStateImpl.java:addPendingRequest(474)) - s7@group-69A93867D6DE-LeaderStateImpl: addPendingRequest at RaftClientRequest:client-A3ACAD49A318->s7@group-69A93867D6DE, cid=6733, seq=0, RW, Message:01016100, entry=(t:1, i:115), STATEMACHINELOGENTRY, 6733@client-A3ACAD49A318
2023-03-17 00:26:15,874 DEBUG server.RaftServer$Division (RaftServerImpl.java:logAppendEntries(1430)) - s8@group-69A93867D6DE: receive appendEntries(s7, 1, (t:1, i:113), 113, true, commits:[s7:c113, s8:c111, s9:c111], cId:6732, entries: [(t:1, i:114), METADATAENTRY(c:113)]
2023-03-17 00:26:15,874 DEBUG server.RaftServer$Division (RaftServerImpl.java:logAppendEntries(1430)) - s9@group-69A93867D6DE: succeeded to handle AppendEntries. Reply: s7<-s9#6731:OK-t1,SUCCESS,nextIndex=114,followerCommit=111,matchIndex=113
2023-03-17 00:26:15,875 DEBUG server.RaftServer$Division (RaftServerImpl.java:logAppendEntries(1430)) - s9@group-69A93867D6DE: receive appendEntries(s7, 1, (t:1, i:113), 113, true, commits:[s7:c113, s8:c111, s9:c111], cId:6734, entries: [(t:1, i:114), METADATAENTRY(c:113), (t:1, i:115), STATEMACHINELOGENTRY, 6733@client-A3ACAD49A318]
2023-03-17 00:26:15,876 DEBUG server.RaftServer$Division (RaftServerImpl.java:logAppendEntries(1430)) - s8@group-69A93867D6DE: succeeded to handle AppendEntries. Reply: s7<-s8#6732:OK-t1,SUCCESS,nextIndex=115,followerCommit=113,matchIndex=114
2023-03-17 00:26:15,876 DEBUG server.RaftServer$Division (RaftServerImpl.java:logAppendEntries(1430)) - s9@group-69A93867D6DE: succeeded to handle AppendEntries. Reply: s7<-s9#6734:OK-t1,SUCCESS,nextIndex=116,followerCommit=113,matchIndex=115
2023-03-17 00:26:15,876 DEBUG server.RaftServer$Division (RaftServerImpl.java:logAppendEntries(1430)) - s8@group-69A93867D6DE: receive appendEntries(s7, 1, (t:1, i:114), 113, true, commits:[s7:c113, s8:c113, s9:c111], cId:6735, entries: [(t:1, i:115), STATEMACHINELOGENTRY, 6733@client-A3ACAD49A318]
2023-03-17 00:26:15,877 DEBUG server.RaftServer$Division (RaftServerImpl.java:logAppendEntries(1430)) - s9@group-69A93867D6DE: receive appendEntries(s7, 1, (t:1, i:115), 115, true, commits:[s7:c115, s8:c113, s9:c113], cId:6736, entries: [(t:1, i:116), METADATAENTRY(c:115)]
2023-03-17 00:26:15,877 INFO  statemachine.StateMachine (ArithmeticStateMachine.java:applyTransaction(182)) - LEADER:s7-115: a = null = null
2023-03-17 00:26:15,878 DEBUG server.RaftServer$Division (RaftServerImpl.java:logAppendEntries(1430)) - s8@group-69A93867D6DE: succeeded to handle AppendEntries. Reply: s7<-s8#6735:OK-t1,SUCCESS,nextIndex=116,followerCommit=113,matchIndex=115
2023-03-17 00:26:15,878 DEBUG server.RaftServer$Division (RaftServerImpl.java:submitClientRequestAsync(835)) - s7@group-69A93867D6DE: receive client request(RaftClientRequest:client-A3ACAD49A318->s7@group-69A93867D6DE, cid=6737, seq=0, RW, Message:01016200)
2023-03-17 00:26:15,878 DEBUG server.RaftServer$Division (LeaderStateImpl.java:addPendingRequest(474)) - s7@group-69A93867D6DE-LeaderStateImpl: addPendingRequest at RaftClientRequest:client-A3ACAD49A318->s7@group-69A93867D6DE, cid=6737, seq=0, RW, Message:01016200, entry=(t:1, i:117), STATEMACHINELOGENTRY, 6737@client-A3ACAD49A318
2023-03-17 00:26:15,879 DEBUG server.RaftServer$Division (RaftServerImpl.java:logAppendEntries(1430)) - s9@group-69A93867D6DE: succeeded to handle AppendEntries. Reply: s7<-s9#6736:OK-t1,SUCCESS,nextIndex=117,followerCommit=115,matchIndex=116
2023-03-17 00:26:15,880 DEBUG server.RaftServer$Division (RaftServerImpl.java:logAppendEntries(1430)) - s8@group-69A93867D6DE: receive appendEntries(s7, 1, (t:1, i:115), 115, true, commits:[s7:c115, s8:c113, s9:c113], cId:6738, entries: [(t:1, i:116), METADATAENTRY(c:115), (t:1, i:117), STATEMACHINELOGENTRY, 6737@client-A3ACAD49A318]
2023-03-17 00:26:15,880 DEBUG server.RaftServer$Division (RaftServerImpl.java:logAppendEntries(1430)) - s9@group-69A93867D6DE: receive appendEntries(s7, 1, (t:1, i:116), 115, true, commits:[s7:c115, s8:c113, s9:c115], cId:6739, entries: [(t:1, i:117), STATEMACHINELOGENTRY, 6737@client-A3ACAD49A318]
2023-03-17 00:26:15,881 DEBUG server.RaftServer$Division (RaftServerImpl.java:logAppendEntries(1430)) - s9@group-69A93867D6DE: succeeded to handle AppendEntries. Reply: s7<-s9#6739:OK-t1,SUCCESS,nextIndex=118,followerCommit=115,matchIndex=117
2023-03-17 00:26:15,881 DEBUG server.RaftServer$Division (RaftServerImpl.java:logAppendEntries(1430)) - s8@group-69A93867D6DE: succeeded to handle AppendEntries. Reply: s7<-s8#6738:OK-t1,SUCCESS,nextIndex=118,followerCommit=115,matchIndex=117
2023-03-17 00:26:15,882 INFO  statemachine.StateMachine (ArithmeticStateMachine.java:applyTransaction(182)) - LEADER:s7-117: b = null = null
2023-03-17 00:26:15,883 DEBUG server.RaftServer$Division (RaftServerImpl.java:submitClientRequestAsync(835)) - s7@group-69A93867D6DE: receive client request(RaftClientRequest:client-A3ACAD49A318->s7@group-69A93867D6DE, cid=6741, seq=0, RW, Message:01016300)
2023-03-17 00:26:15,883 DEBUG server.RaftServer$Division (LeaderStateImpl.java:addPendingRequest(474)) - s7@group-69A93867D6DE-LeaderStateImpl: addPendingRequest at RaftClientRequest:client-A3ACAD49A318->s7@group-69A93867D6DE, cid=6741, seq=0, RW, Message:01016300, entry=(t:1, i:119), STATEMACHINELOGENTRY, 6741@client-A3ACAD49A318
2023-03-17 00:26:15,883 DEBUG server.RaftServer$Division (RaftServerImpl.java:logAppendEntries(1430)) - s8@group-69A93867D6DE: receive appendEntries(s7, 1, (t:1, i:117), 117, true, commits:[s7:c117, s8:c115, s9:c115], cId:6740, entries: [(t:1, i:118), METADATAENTRY(c:117)]
2023-03-17 00:26:15,884 DEBUG server.RaftServer$Division (RaftServerImpl.java:logAppendEntries(1430)) - s9@group-69A93867D6DE: receive appendEntries(s7, 1, (t:1, i:117), 117, true, commits:[s7:c117, s8:c115, s9:c115], cId:6742, entries: [(t:1, i:118), METADATAENTRY(c:117), (t:1, i:119), STATEMACHINELOGENTRY, 6741@client-A3ACAD49A318]
2023-03-17 00:26:15,885 DEBUG server.RaftServer$Division (RaftServerImpl.java:logAppendEntries(1430)) - s8@group-69A93867D6DE: succeeded to handle AppendEntries. Reply: s7<-s8#6740:OK-t1,SUCCESS,nextIndex=119,followerCommit=117,matchIndex=118
2023-03-17 00:26:15,885 DEBUG server.RaftServer$Division (RaftServerImpl.java:logAppendEntries(1430)) - s9@group-69A93867D6DE: succeeded to handle AppendEntries. Reply: s7<-s9#6742:OK-t1,SUCCESS,nextIndex=120,followerCommit=117,matchIndex=119
2023-03-17 00:26:15,886 DEBUG server.RaftServer$Division (RaftServerImpl.java:logAppendEntries(1430)) - s8@group-69A93867D6DE: receive appendEntries(s7, 1, (t:1, i:118), 117, true, commits:[s7:c117, s8:c117, s9:c115], cId:6743, entries: [(t:1, i:119), STATEMACHINELOGENTRY, 6741@client-A3ACAD49A318]
2023-03-17 00:26:15,886 DEBUG server.RaftServer$Division (RaftServerImpl.java:logAppendEntries(1430)) - s9@group-69A93867D6DE: receive appendEntries(s7, 1, (t:1, i:119), 119, true, commits:[s7:c119, s8:c117, s9:c117], cId:6744, entries: [(t:1, i:120), METADATAENTRY(c:119)]
2023-03-17 00:26:15,886 INFO  statemachine.StateMachine (ArithmeticStateMachine.java:applyTransaction(182)) - LEADER:s7-119: c = null = null
2023-03-17 00:26:15,887 DEBUG server.RaftServer$Division (RaftServerImpl.java:logAppendEntries(1430)) - s8@group-69A93867D6DE: succeeded to handle AppendEntries. Reply: s7<-s8#6743:OK-t1,SUCCESS,nextIndex=120,followerCommit=117,matchIndex=119
2023-03-17 00:26:15,888 DEBUG server.RaftServer$Division (RaftServerImpl.java:logAppendEntries(1430)) - s8@group-69A93867D6DE: receive appendEntries(s7, 1, (t:1, i:119), 119, true, commits:[s7:c119, s8:c117, s9:c117], cId:6745, entries: [(t:1, i:120), METADATAENTRY(c:119)]
2023-03-17 00:26:15,888 DEBUG server.RaftServer$Division (RaftServerImpl.java:logAppendEntries(1430)) - s9@group-69A93867D6DE: succeeded to handle AppendEntries. Reply: s7<-s9#6744:OK-t1,SUCCESS,nextIndex=121,followerCommit=119,matchIndex=120
2023-03-17 00:26:15,888 DEBUG server.RaftServer$Division (RaftServerImpl.java:logAppendEntries(1430)) - s8@group-69A93867D6DE: succeeded to handle AppendEntries. Reply: s7<-s8#6745:OK-t1,SUCCESS,nextIndex=121,followerCommit=119,matchIndex=120
| MiniRaftClusterWithNetty[3, 6, 9, 12, 15]chosen=0 | start groups | 299 |
2023-03-17 00:26:15,914 INFO  impl.GroupManagementBaseTest (GroupManagementBaseTest.java:runMultiGroupTest(291)) - start groups: printing ALL groups
  s3:  RUNNING [
   FOLLOWER s3@group-08C85AF2C45E:t1, leader=s2, voted=s2, raftlog=Memoized:s3@group-08C85AF2C45E-SegmentedRaftLog:OPENED:c120, conf=0: peers:[s3|rpc:0.0.0.0:36277|dataStream:|priority:0|startupRole:FOLLOWER, s14|rpc:0.0.0.0:36477|dataStream:|priority:0|startupRole:FOLLOWER, s2|rpc:0.0.0.0:39635|dataStream:|priority:0|startupRole:FOLLOWER]|listeners:[], old=null RUNNING
   FOLLOWER s3@group-38FE90E113AE:t0, leader=null, voted=, raftlog=Memoized:s3@group-38FE90E113AE-SegmentedRaftLog:OPENED:c-1, conf=-1: peers:[]|listeners:[], old=null STARTING] size=2
  s4:  RUNNING [
     LEADER s4@group-04A534573A2A:t1, leader=s4, voted=s4, raftlog=Memoized:s4@group-04A534573A2A-SegmentedRaftLog:OPENED:c120, conf=0: peers:[s4|rpc:0.0.0.0:39523|dataStream:|priority:0|startupRole:FOLLOWER, s5|rpc:0.0.0.0:38791|dataStream:|priority:0|startupRole:FOLLOWER, s6|rpc:0.0.0.0:34503|dataStream:|priority:0|startupRole:FOLLOWER]|listeners:[], old=null RUNNING
   FOLLOWER s4@group-38FE90E113AE:t0, leader=null, voted=, raftlog=Memoized:s4@group-38FE90E113AE-SegmentedRaftLog:OPENED:c-1, conf=-1: peers:[]|listeners:[], old=null STARTING] size=2
  s5:  RUNNING [
   FOLLOWER s5@group-04A534573A2A:t1, leader=s4, voted=s4, raftlog=Memoized:s5@group-04A534573A2A-SegmentedRaftLog:OPENED:c120, conf=0: peers:[s4|rpc:0.0.0.0:39523|dataStream:|priority:0|startupRole:FOLLOWER, s5|rpc:0.0.0.0:38791|dataStream:|priority:0|startupRole:FOLLOWER, s6|rpc:0.0.0.0:34503|dataStream:|priority:0|startupRole:FOLLOWER]|listeners:[], old=null RUNNING
   FOLLOWER s5@group-38FE90E113AE:t0, leader=null, voted=, raftlog=Memoized:s5@group-38FE90E113AE-SegmentedRaftLog:OPENED:c-1, conf=-1: peers:[]|listeners:[], old=null STARTING] size=2
  s6:  RUNNING [
   FOLLOWER s6@group-04A534573A2A:t1, leader=s4, voted=s4, raftlog=Memoized:s6@group-04A534573A2A-SegmentedRaftLog:OPENED:c120, conf=0: peers:[s4|rpc:0.0.0.0:39523|dataStream:|priority:0|startupRole:FOLLOWER, s5|rpc:0.0.0.0:38791|dataStream:|priority:0|startupRole:FOLLOWER, s6|rpc:0.0.0.0:34503|dataStream:|priority:0|startupRole:FOLLOWER]|listeners:[], old=null RUNNING
   FOLLOWER s6@group-38FE90E113AE:t0, leader=null, voted=, raftlog=Memoized:s6@group-38FE90E113AE-SegmentedRaftLog:OPENED:c-1, conf=-1: peers:[]|listeners:[], old=null STARTING] size=2
  s7:  RUNNING [
     LEADER s7@group-69A93867D6DE:t1, leader=s7, voted=s7, raftlog=Memoized:s7@group-69A93867D6DE-SegmentedRaftLog:OPENED:c120, conf=0: peers:[s7|rpc:0.0.0.0:44573|dataStream:|priority:0|startupRole:FOLLOWER, s8|rpc:0.0.0.0:45461|dataStream:|priority:0|startupRole:FOLLOWER, s9|rpc:0.0.0.0:42413|dataStream:|priority:0|startupRole:FOLLOWER]|listeners:[], old=null RUNNING
   FOLLOWER s7@group-38FE90E113AE:t0, leader=null, voted=, raftlog=Memoized:s7@group-38FE90E113AE-SegmentedRaftLog:OPENED:c-1, conf=-1: peers:[]|listeners:[], old=null STARTING] size=2
  s8:  RUNNING [
   FOLLOWER s8@group-69A93867D6DE:t1, leader=s7, voted=s7, raftlog=Memoized:s8@group-69A93867D6DE-SegmentedRaftLog:OPENED:c119, conf=0: peers:[s7|rpc:0.0.0.0:44573|dataStream:|priority:0|startupRole:FOLLOWER, s8|rpc:0.0.0.0:45461|dataStream:|priority:0|startupRole:FOLLOWER, s9|rpc:0.0.0.0:42413|dataStream:|priority:0|startupRole:FOLLOWER]|listeners:[], old=null RUNNING
   FOLLOWER s8@group-38FE90E113AE:t0, leader=null, voted=, raftlog=Memoized:s8@group-38FE90E113AE-SegmentedRaftLog:OPENED:c-1, conf=-1: peers:[]|listeners:[], old=null STARTING] size=2
  s9:  RUNNING [
   FOLLOWER s9@group-69A93867D6DE:t1, leader=s7, voted=s7, raftlog=Memoized:s9@group-69A93867D6DE-SegmentedRaftLog:OPENED:c119, conf=0: peers:[s7|rpc:0.0.0.0:44573|dataStream:|priority:0|startupRole:FOLLOWER, s8|rpc:0.0.0.0:45461|dataStream:|priority:0|startupRole:FOLLOWER, s9|rpc:0.0.0.0:42413|dataStream:|priority:0|startupRole:FOLLOWER]|listeners:[], old=null RUNNING
   FOLLOWER s9@group-38FE90E113AE:t0, leader=null, voted=, raftlog=Memoized:s9@group-38FE90E113AE-SegmentedRaftLog:OPENED:c-1, conf=-1: peers:[]|listeners:[], old=null STARTING] size=2
  s11:  RUNNING [
     LEADER s11@group-307DF1E8AB17:t1, leader=s11, voted=s11, raftlog=Memoized:s11@group-307DF1E8AB17-SegmentedRaftLog:OPENED:c120, conf=0: peers:[s11|rpc:0.0.0.0:37111|dataStream:|priority:0|startupRole:FOLLOWER, s13|rpc:0.0.0.0:39411|dataStream:|priority:0|startupRole:FOLLOWER, s12|rpc:0.0.0.0:36717|dataStream:|priority:0|startupRole:FOLLOWER]|listeners:[], old=null RUNNING
   FOLLOWER s11@group-38FE90E113AE:t0, leader=null, voted=, raftlog=Memoized:s11@group-38FE90E113AE-SegmentedRaftLog:OPENED:c-1, conf=-1: peers:[]|listeners:[], old=null STARTING] size=2
  s10:  RUNNING [
   FOLLOWER s10@group-6E994AD85659:t1, leader=s1, voted=s1, raftlog=Memoized:s10@group-6E994AD85659-SegmentedRaftLog:OPENED:c120, conf=0: peers:[s10|rpc:0.0.0.0:37585|dataStream:|priority:0|startupRole:FOLLOWER, s0|rpc:0.0.0.0:43787|dataStream:|priority:0|startupRole:FOLLOWER, s1|rpc:0.0.0.0:45531|dataStream:|priority:0|startupRole:FOLLOWER]|listeners:[], old=null RUNNING
   FOLLOWER s10@group-38FE90E113AE:t0, leader=null, voted=, raftlog=Memoized:s10@group-38FE90E113AE-SegmentedRaftLog:OPENED:c-1, conf=-1: peers:[]|listeners:[], old=null STARTING] size=2
  s13:  RUNNING [
   FOLLOWER s13@group-307DF1E8AB17:t1, leader=s11, voted=s11, raftlog=Memoized:s13@group-307DF1E8AB17-SegmentedRaftLog:OPENED:c120, conf=0: peers:[s11|rpc:0.0.0.0:37111|dataStream:|priority:0|startupRole:FOLLOWER, s13|rpc:0.0.0.0:39411|dataStream:|priority:0|startupRole:FOLLOWER, s12|rpc:0.0.0.0:36717|dataStream:|priority:0|startupRole:FOLLOWER]|listeners:[], old=null RUNNING
   FOLLOWER s13@group-38FE90E113AE:t0, leader=null, voted=, raftlog=Memoized:s13@group-38FE90E113AE-SegmentedRaftLog:OPENED:c-1, conf=-1: peers:[]|listeners:[], old=null STARTING] size=2
  s12:  RUNNING [
   FOLLOWER s12@group-307DF1E8AB17:t1, leader=s11, voted=s11, raftlog=Memoized:s12@group-307DF1E8AB17-SegmentedRaftLog:OPENED:c120, conf=0: peers:[s11|rpc:0.0.0.0:37111|dataStream:|priority:0|startupRole:FOLLOWER, s13|rpc:0.0.0.0:39411|dataStream:|priority:0|startupRole:FOLLOWER, s12|rpc:0.0.0.0:36717|dataStream:|priority:0|startupRole:FOLLOWER]|listeners:[], old=null RUNNING
   FOLLOWER s12@group-38FE90E113AE:t0, leader=null, voted=, raftlog=Memoized:s12@group-38FE90E113AE-SegmentedRaftLog:OPENED:c-1, conf=-1: peers:[]|listeners:[], old=null STARTING] size=2
  s14:  RUNNING [
   FOLLOWER s14@group-08C85AF2C45E:t1, leader=s2, voted=s2, raftlog=Memoized:s14@group-08C85AF2C45E-SegmentedRaftLog:OPENED:c120, conf=0: peers:[s3|rpc:0.0.0.0:36277|dataStream:|priority:0|startupRole:FOLLOWER, s14|rpc:0.0.0.0:36477|dataStream:|priority:0|startupRole:FOLLOWER, s2|rpc:0.0.0.0:39635|dataStream:|priority:0|startupRole:FOLLOWER]|listeners:[], old=null RUNNING
   FOLLOWER s14@group-38FE90E113AE:t0, leader=null, voted=, raftlog=Memoized:s14@group-38FE90E113AE-SegmentedRaftLog:OPENED:c-1, conf=-1: peers:[]|listeners:[], old=null STARTING] size=2
  s0:  RUNNING [
   FOLLOWER s0@group-6E994AD85659:t1, leader=s1, voted=s1, raftlog=Memoized:s0@group-6E994AD85659-SegmentedRaftLog:OPENED:c120, conf=0: peers:[s10|rpc:0.0.0.0:37585|dataStream:|priority:0|startupRole:FOLLOWER, s0|rpc:0.0.0.0:43787|dataStream:|priority:0|startupRole:FOLLOWER, s1|rpc:0.0.0.0:45531|dataStream:|priority:0|startupRole:FOLLOWER]|listeners:[], old=null RUNNING
   FOLLOWER s0@group-38FE90E113AE:t0, leader=null, voted=, raftlog=Memoized:s0@group-38FE90E113AE-SegmentedRaftLog:OPENED:c-1, conf=-1: peers:[]|listeners:[], old=null STARTING] size=2
  s1:  RUNNING [
     LEADER s1@group-6E994AD85659:t1, leader=s1, voted=s1, raftlog=Memoized:s1@group-6E994AD85659-SegmentedRaftLog:OPENED:c120, conf=0: peers:[s10|rpc:0.0.0.0:37585|dataStream:|priority:0|startupRole:FOLLOWER, s0|rpc:0.0.0.0:43787|dataStream:|priority:0|startupRole:FOLLOWER, s1|rpc:0.0.0.0:45531|dataStream:|priority:0|startupRole:FOLLOWER]|listeners:[], old=null RUNNING
   FOLLOWER s1@group-38FE90E113AE:t0, leader=null, voted=, raftlog=Memoized:s1@group-38FE90E113AE-SegmentedRaftLog:OPENED:c-1, conf=-1: peers:[]|listeners:[], old=null STARTING] size=2
  s2:  RUNNING [
     LEADER s2@group-08C85AF2C45E:t1, leader=s2, voted=s2, raftlog=Memoized:s2@group-08C85AF2C45E-SegmentedRaftLog:OPENED:c120, conf=0: peers:[s3|rpc:0.0.0.0:36277|dataStream:|priority:0|startupRole:FOLLOWER, s14|rpc:0.0.0.0:36477|dataStream:|priority:0|startupRole:FOLLOWER, s2|rpc:0.0.0.0:39635|dataStream:|priority:0|startupRole:FOLLOWER]|listeners:[], old=null RUNNING
   FOLLOWER s2@group-38FE90E113AE:t0, leader=null, voted=, raftlog=Memoized:s2@group-38FE90E113AE-SegmentedRaftLog:OPENED:c-1, conf=-1: peers:[]|listeners:[], old=null STARTING] size=2
2023-03-17 00:26:15,915 INFO  impl.GroupManagementBaseTest (GroupManagementBaseTest.java:runMultiGroupTest(294)) - chosen = 0, group-6E994AD85659:[s10|rpc:0.0.0.0:37585|priority:0|startupRole:FOLLOWER, s0|rpc:0.0.0.0:43787|priority:0|startupRole:FOLLOWER, s1|rpc:0.0.0.0:45531|priority:0|startupRole:FOLLOWER]
2023-03-17 00:26:15,915 INFO  impl.GroupManagementBaseTest (GroupManagementBaseTest.java:runMultiGroupTest(299)) - 1) close printing group-307DF1E8AB17
  s11:  RUNNING [
     LEADER s11@group-307DF1E8AB17:t1, leader=s11, voted=s11, raftlog=Memoized:s11@group-307DF1E8AB17-SegmentedRaftLog:OPENED:c120, conf=0: peers:[s11|rpc:0.0.0.0:37111|dataStream:|priority:0|startupRole:FOLLOWER, s13|rpc:0.0.0.0:39411|dataStream:|priority:0|startupRole:FOLLOWER, s12|rpc:0.0.0.0:36717|dataStream:|priority:0|startupRole:FOLLOWER]|listeners:[], old=null RUNNING
   FOLLOWER s11@group-38FE90E113AE:t0, leader=null, voted=, raftlog=Memoized:s11@group-38FE90E113AE-SegmentedRaftLog:OPENED:c-1, conf=-1: peers:[]|listeners:[], old=null STARTING] size=2
  s13:  RUNNING [
   FOLLOWER s13@group-307DF1E8AB17:t1, leader=s11, voted=s11, raftlog=Memoized:s13@group-307DF1E8AB17-SegmentedRaftLog:OPENED:c120, conf=0: peers:[s11|rpc:0.0.0.0:37111|dataStream:|priority:0|startupRole:FOLLOWER, s13|rpc:0.0.0.0:39411|dataStream:|priority:0|startupRole:FOLLOWER, s12|rpc:0.0.0.0:36717|dataStream:|priority:0|startupRole:FOLLOWER]|listeners:[], old=null RUNNING
   FOLLOWER s13@group-38FE90E113AE:t0, leader=null, voted=, raftlog=Memoized:s13@group-38FE90E113AE-SegmentedRaftLog:OPENED:c-1, conf=-1: peers:[]|listeners:[], old=null STARTING] size=2
  s12:  RUNNING [
   FOLLOWER s12@group-307DF1E8AB17:t1, leader=s11, voted=s11, raftlog=Memoized:s12@group-307DF1E8AB17-SegmentedRaftLog:OPENED:c120, conf=0: peers:[s11|rpc:0.0.0.0:37111|dataStream:|priority:0|startupRole:FOLLOWER, s13|rpc:0.0.0.0:39411|dataStream:|priority:0|startupRole:FOLLOWER, s12|rpc:0.0.0.0:36717|dataStream:|priority:0|startupRole:FOLLOWER]|listeners:[], old=null RUNNING
   FOLLOWER s12@group-38FE90E113AE:t0, leader=null, voted=, raftlog=Memoized:s12@group-38FE90E113AE-SegmentedRaftLog:OPENED:c-1, conf=-1: peers:[]|listeners:[], old=null STARTING] size=2
2023-03-17 00:26:15,917 INFO  logging.LoggingHandler (AbstractInternalLogger.java:log(148)) - [id: 0x0bedeedd, L:/0.0.0.0:37111] READ: [id: 0xa72ea4ab, L:/10.1.0.17:37111 - R:/10.1.0.17:36488]
2023-03-17 00:26:15,920 INFO  logging.LoggingHandler (AbstractInternalLogger.java:log(148)) - [id: 0x0bedeedd, L:/0.0.0.0:37111] READ COMPLETE
2023-03-17 00:26:15,921 INFO  server.RaftServer (RaftServerProxy.java:remove(110)) - s11: remove    LEADER s11@group-307DF1E8AB17:t1, leader=s11, voted=s11, raftlog=Memoized:s11@group-307DF1E8AB17-SegmentedRaftLog:OPENED:c120, conf=0: peers:[s11|rpc:0.0.0.0:37111|dataStream:|priority:0|startupRole:FOLLOWER, s13|rpc:0.0.0.0:39411|dataStream:|priority:0|startupRole:FOLLOWER, s12|rpc:0.0.0.0:36717|dataStream:|priority:0|startupRole:FOLLOWER]|listeners:[], old=null RUNNING
2023-03-17 00:26:15,921 INFO  server.RaftServer$Division (RaftServerImpl.java:lambda$close$4(466)) - s11@group-307DF1E8AB17: shutdown
2023-03-17 00:26:15,922 INFO  util.JmxRegister (JmxRegister.java:unregister(73)) - Successfully un-registered JMX Bean with object name Ratis:service=RaftServer,group=group-307DF1E8AB17,id=s11
2023-03-17 00:26:15,922 INFO  impl.RoleInfo (RoleInfo.java:shutdownLeaderState(93)) - s11: shutdown s11@group-307DF1E8AB17-LeaderStateImpl
2023-03-17 00:26:15,922 INFO  leader.LogAppenderDaemon (LogAppenderDaemon.java:run(83)) - s11@group-307DF1E8AB17->s13-LogAppenderDefault-LogAppenderDaemon was interrupted: java.lang.InterruptedException
2023-03-17 00:26:15,922 INFO  impl.PendingRequests (PendingRequests.java:sendNotLeaderResponses(289)) - s11@group-307DF1E8AB17-PendingRequests: sendNotLeaderResponses
2023-03-17 00:26:15,922 INFO  leader.LogAppenderDaemon (LogAppenderDaemon.java:run(83)) - s11@group-307DF1E8AB17->s12-LogAppenderDefault-LogAppenderDaemon was interrupted: java.lang.InterruptedException
2023-03-17 00:26:15,924 INFO  impl.StateMachineUpdater (StateMachineUpdater.java:stopAndJoin(154)) - s11@group-307DF1E8AB17-StateMachineUpdater: set stopIndex = 120
2023-03-17 00:26:15,924 INFO  server.RaftServer$Division (ServerState.java:close(414)) - s11@group-307DF1E8AB17: applyIndex: -1
2023-03-17 00:26:16,341 INFO  impl.FollowerState (FollowerState.java:run(143)) - s12@group-307DF1E8AB17-FollowerState: change to CANDIDATE, lastRpcElapsedTime:501294253ns, electionTimeout:460ms
2023-03-17 00:26:16,341 INFO  impl.RoleInfo (RoleInfo.java:shutdownFollowerState(110)) - s12: shutdown s12@group-307DF1E8AB17-FollowerState
2023-03-17 00:26:16,342 INFO  server.RaftServer$Division (RaftServerImpl.java:setRole(329)) - s12@group-307DF1E8AB17: changes role from  FOLLOWER to CANDIDATE at term 1 for changeToCandidate
2023-03-17 00:26:16,342 INFO  server.RaftServerConfigKeys (ConfUtils.java:logGet(46)) - raft.server.leaderelection.pre-vote = true (default)
2023-03-17 00:26:16,342 INFO  impl.RoleInfo (RoleInfo.java:updateAndGet(139)) - s12: start s12@group-307DF1E8AB17-LeaderElection16
2023-03-17 00:26:16,342 INFO  server.RaftServer$Division (ServerState.java:setLeader(260)) - s12@group-307DF1E8AB17: change Leader from s11 to null at term 1 for PRE_VOTE
2023-03-17 00:26:16,342 INFO  impl.LeaderElection (LeaderElection.java:askForVotes(320)) - s12@group-307DF1E8AB17-LeaderElection16 PRE_VOTE round 0: submit vote requests at term 1 for 0: peers:[s11|rpc:0.0.0.0:37111|dataStream:|priority:0|startupRole:FOLLOWER, s13|rpc:0.0.0.0:39411|dataStream:|priority:0|startupRole:FOLLOWER, s12|rpc:0.0.0.0:36717|dataStream:|priority:0|startupRole:FOLLOWER]|listeners:[], old=null
2023-03-17 00:26:16,344 INFO  logging.LoggingHandler (AbstractInternalLogger.java:log(148)) - [id: 0xc495072a, L:/0.0.0.0:39411] READ: [id: 0xebef8e6b, L:/10.1.0.17:39411 - R:/10.1.0.17:58390]
2023-03-17 00:26:16,345 INFO  logging.LoggingHandler (AbstractInternalLogger.java:log(148)) - [id: 0xc495072a, L:/0.0.0.0:39411] READ COMPLETE
2023-03-17 00:26:16,346 INFO  logging.LoggingHandler (AbstractInternalLogger.java:log(148)) - [id: 0x0bedeedd, L:/0.0.0.0:37111] READ: [id: 0x37c6e526, L:/10.1.0.17:37111 - R:/10.1.0.17:36502]
2023-03-17 00:26:16,346 INFO  logging.LoggingHandler (AbstractInternalLogger.java:log(148)) - [id: 0x0bedeedd, L:/0.0.0.0:37111] READ COMPLETE
2023-03-17 00:26:16,347 INFO  server.RaftServer$Division (RaftServerImpl.java:requestVote(1303)) - s13@group-307DF1E8AB17: receive requestVote(PRE_VOTE, s12, group-307DF1E8AB17, 1, (t:1, i:120))
2023-03-17 00:26:16,347 INFO  impl.VoteContext (VoteContext.java:log(49)) - s13@group-307DF1E8AB17-FOLLOWER: accept PRE_VOTE from s12: our priority 0 <= candidate's priority 0
2023-03-17 00:26:16,347 INFO  server.RaftServer$Division (RaftServerImpl.java:requestVote(1336)) - s13@group-307DF1E8AB17 replies to PRE_VOTE vote request: s12<-s13#0:OK-t1. Peer's state: s13@group-307DF1E8AB17:t1, leader=s11, voted=s11, raftlog=Memoized:s13@group-307DF1E8AB17-SegmentedRaftLog:OPENED:c120, conf=0: peers:[s11|rpc:0.0.0.0:37111|dataStream:|priority:0|startupRole:FOLLOWER, s13|rpc:0.0.0.0:39411|dataStream:|priority:0|startupRole:FOLLOWER, s12|rpc:0.0.0.0:36717|dataStream:|priority:0|startupRole:FOLLOWER]|listeners:[], old=null
2023-03-17 00:26:16,348 INFO  impl.LeaderElection (LeaderElection.java:logAndReturn(89)) - s12@group-307DF1E8AB17-LeaderElection16: PRE_VOTE PASSED received 1 response(s) and 0 exception(s):
2023-03-17 00:26:16,348 INFO  impl.LeaderElection (LeaderElection.java:logAndReturn(93)) -   Response 0: s12<-s13#0:OK-t1
2023-03-17 00:26:16,348 INFO  impl.LeaderElection (LeaderElection.java:askForVotes(322)) - s12@group-307DF1E8AB17-LeaderElection16 PRE_VOTE round 0: result PASSED
2023-03-17 00:26:16,350 INFO  impl.LeaderElection (LeaderElection.java:askForVotes(320)) - s12@group-307DF1E8AB17-LeaderElection16 ELECTION round 0: submit vote requests at term 2 for 0: peers:[s11|rpc:0.0.0.0:37111|dataStream:|priority:0|startupRole:FOLLOWER, s13|rpc:0.0.0.0:39411|dataStream:|priority:0|startupRole:FOLLOWER, s12|rpc:0.0.0.0:36717|dataStream:|priority:0|startupRole:FOLLOWER]|listeners:[], old=null
2023-03-17 00:26:16,352 INFO  server.RaftServer$Division (RaftServerImpl.java:requestVote(1303)) - s13@group-307DF1E8AB17: receive requestVote(ELECTION, s12, group-307DF1E8AB17, 2, (t:1, i:120))
2023-03-17 00:26:16,352 INFO  impl.VoteContext (VoteContext.java:log(49)) - s13@group-307DF1E8AB17-FOLLOWER: accept ELECTION from s12: our priority 0 <= candidate's priority 0
2023-03-17 00:26:16,352 INFO  server.RaftServer$Division (ServerState.java:setLeader(260)) - s13@group-307DF1E8AB17: change Leader from s11 to null at term 2 for updateCurrentTerm
2023-03-17 00:26:16,352 INFO  server.RaftServer$Division (RaftServerImpl.java:setRole(329)) - s13@group-307DF1E8AB17: changes role from  FOLLOWER to FOLLOWER at term 2 for candidate:s12
2023-03-17 00:26:16,352 INFO  impl.RoleInfo (RoleInfo.java:shutdownFollowerState(110)) - s13: shutdown s13@group-307DF1E8AB17-FollowerState
2023-03-17 00:26:16,352 INFO  impl.RoleInfo (RoleInfo.java:updateAndGet(139)) - s13: start s13@group-307DF1E8AB17-FollowerState
2023-03-17 00:26:16,352 INFO  impl.FollowerState (FollowerState.java:run(152)) - s13@group-307DF1E8AB17-FollowerState was interrupted
2023-03-17 00:26:16,363 INFO  server.RaftServer$Division (RaftServerImpl.java:requestVote(1336)) - s13@group-307DF1E8AB17 replies to ELECTION vote request: s12<-s13#0:OK-t2. Peer's state: s13@group-307DF1E8AB17:t2, leader=null, voted=s12, raftlog=Memoized:s13@group-307DF1E8AB17-SegmentedRaftLog:OPENED:c120, conf=0: peers:[s11|rpc:0.0.0.0:37111|dataStream:|priority:0|startupRole:FOLLOWER, s13|rpc:0.0.0.0:39411|dataStream:|priority:0|startupRole:FOLLOWER, s12|rpc:0.0.0.0:36717|dataStream:|priority:0|startupRole:FOLLOWER]|listeners:[], old=null
2023-03-17 00:26:16,364 INFO  impl.LeaderElection (LeaderElection.java:logAndReturn(89)) - s12@group-307DF1E8AB17-LeaderElection16: ELECTION PASSED received 1 response(s) and 0 exception(s):
2023-03-17 00:26:16,364 INFO  impl.LeaderElection (LeaderElection.java:logAndReturn(93)) -   Response 0: s12<-s13#0:OK-t2
2023-03-17 00:26:16,364 INFO  impl.LeaderElection (LeaderElection.java:askForVotes(322)) - s12@group-307DF1E8AB17-LeaderElection16 ELECTION round 0: result PASSED
2023-03-17 00:26:16,365 INFO  impl.RoleInfo (RoleInfo.java:shutdownLeaderElection(130)) - s12: shutdown s12@group-307DF1E8AB17-LeaderElection16
2023-03-17 00:26:16,365 INFO  server.RaftServer$Division (RaftServerImpl.java:setRole(329)) - s12@group-307DF1E8AB17: changes role from CANDIDATE to LEADER at term 2 for changeToLeader
2023-03-17 00:26:16,365 INFO  server.RaftServer$Division (ServerState.java:setLeader(260)) - s12@group-307DF1E8AB17: change Leader from null to s12 at term 2 for becomeLeader, leader elected after 22ms
2023-03-17 00:26:16,365 INFO  server.RaftServerConfigKeys (ConfUtils.java:logGet(46)) - raft.server.staging.catchup.gap = 1000 (default)
2023-03-17 00:26:16,365 INFO  server.RaftServerConfigKeys (ConfUtils.java:logGet(46)) - raft.server.write.element-limit = 4096 (default)
2023-03-17 00:26:16,365 INFO  server.RaftServerConfigKeys (ConfUtils.java:logGet(46)) - raft.server.write.byte-limit = 64MB (=67108864) (default)
2023-03-17 00:26:16,365 INFO  server.RaftServerConfigKeys (ConfUtils.java:logGet(46)) - raft.server.watch.timeout = 10s (default)
2023-03-17 00:26:16,365 INFO  server.RaftServerConfigKeys (ConfUtils.java:logGet(46)) - raft.server.watch.timeout.denomination = 1s (default)
2023-03-17 00:26:16,365 INFO  server.RaftServerConfigKeys (ConfUtils.java:logGet(46)) - raft.server.watch.element-limit = 65536 (default)
2023-03-17 00:26:16,365 INFO  server.RaftServerConfigKeys (ConfUtils.java:logGet(46)) - raft.server.write.element-limit = 4096 (default)
2023-03-17 00:26:16,365 INFO  server.RaftServerConfigKeys (ConfUtils.java:logGet(46)) - raft.server.write.follower.gap.ratio.max = -1.0 (default)
2023-03-17 00:26:16,365 INFO  server.RaftServerConfigKeys (ConfUtils.java:logGet(46)) - raft.server.log.appender.snapshot.chunk.size.max = 16MB (=16777216) (default)
2023-03-17 00:26:16,366 INFO  server.RaftServerConfigKeys (ConfUtils.java:logGet(46)) - raft.server.log.appender.buffer.byte-limit = 4MB (=4194304) (default)
2023-03-17 00:26:16,366 INFO  server.RaftServerConfigKeys (ConfUtils.java:logGet(46)) - raft.server.log.appender.buffer.element-limit = 0 (default)
2023-03-17 00:26:16,366 INFO  server.RaftServerConfigKeys (ConfUtils.java:logGet(46)) - raft.server.log.appender.wait-time.min = 10ms (default)
2023-03-17 00:26:16,366 INFO  server.RaftServerConfigKeys (ConfUtils.java:logGet(46)) - raft.server.log.appender.snapshot.chunk.size.max = 16MB (=16777216) (default)
2023-03-17 00:26:16,366 INFO  server.RaftServerConfigKeys (ConfUtils.java:logGet(46)) - raft.server.log.appender.buffer.byte-limit = 4MB (=4194304) (default)
2023-03-17 00:26:16,366 INFO  server.RaftServerConfigKeys (ConfUtils.java:logGet(46)) - raft.server.log.appender.buffer.element-limit = 0 (default)
2023-03-17 00:26:16,366 INFO  server.RaftServerConfigKeys (ConfUtils.java:logGet(46)) - raft.server.log.appender.wait-time.min = 10ms (default)
2023-03-17 00:26:16,366 INFO  impl.RoleInfo (RoleInfo.java:updateAndGet(139)) - s12: start s12@group-307DF1E8AB17-LeaderStateImpl
2023-03-17 00:26:16,366 INFO  segmented.SegmentedRaftLogWorker (SegmentedRaftLogWorker.java:rollLogSegment(431)) - s12@group-307DF1E8AB17-SegmentedRaftLogWorker: Rolling segment log-0_120 to index:120
2023-03-17 00:26:16,368 TRACE util.FileUtils (LogUtils.java:runAndLog(49)) - Successfully ran Atomic Files.move /home/runner/work/ratis/ratis/ratis-examples/target/test/data/9a3b15da/MiniRaftClusterWithNettyce94e709/s12/888c57f2-0bbd-4df6-b406-307df1e8ab17/current/log_inprogress_0 to /home/runner/work/ratis/ratis/ratis-examples/target/test/data/9a3b15da/MiniRaftClusterWithNettyce94e709/s12/888c57f2-0bbd-4df6-b406-307df1e8ab17/current/log_0-120
2023-03-17 00:26:16,368 INFO  segmented.SegmentedRaftLogWorker (SegmentedRaftLogWorker.java:execute(587)) - s12@group-307DF1E8AB17-SegmentedRaftLogWorker: Rolled log segment from /home/runner/work/ratis/ratis/ratis-examples/target/test/data/9a3b15da/MiniRaftClusterWithNettyce94e709/s12/888c57f2-0bbd-4df6-b406-307df1e8ab17/current/log_inprogress_0 to /home/runner/work/ratis/ratis/ratis-examples/target/test/data/9a3b15da/MiniRaftClusterWithNettyce94e709/s12/888c57f2-0bbd-4df6-b406-307df1e8ab17/current/log_0-120
2023-03-17 00:26:16,373 INFO  server.RaftServer$Division (ServerState.java:setRaftConf(378)) - s12@group-307DF1E8AB17: set configuration 121: peers:[s11|rpc:0.0.0.0:37111|dataStream:|priority:0|startupRole:FOLLOWER, s13|rpc:0.0.0.0:39411|dataStream:|priority:0|startupRole:FOLLOWER, s12|rpc:0.0.0.0:36717|dataStream:|priority:0|startupRole:FOLLOWER]|listeners:[], old=null
2023-03-17 00:26:16,374 INFO  server.RaftServer$Division (ServerState.java:setLeader(260)) - s13@group-307DF1E8AB17: change Leader from null to s12 at term 2 for appendEntries, leader elected after 21ms
2023-03-17 00:26:16,380 INFO  segmented.SegmentedRaftLogWorker (SegmentedRaftLogWorker.java:execute(630)) - s12@group-307DF1E8AB17-SegmentedRaftLogWorker: created new log segment /home/runner/work/ratis/ratis/ratis-examples/target/test/data/9a3b15da/MiniRaftClusterWithNettyce94e709/s12/888c57f2-0bbd-4df6-b406-307df1e8ab17/current/log_inprogress_121
2023-03-17 00:26:16,380 DEBUG server.RaftServer$Division (RaftServerImpl.java:logAppendEntries(1430)) - s13@group-307DF1E8AB17: receive appendEntries(s12, 2, (t:1, i:120), 120, true, commits:[s12:c120, s11:c120, s13:c120], cId:6799, entries: [(t:2, i:121), CONFIGURATIONENTRY(current:id: "s11"
address: "0.0.0.0:37111"
clientAddress: "0.0.0.0:37111"
adminAddress: "0.0.0.0:37111"
startupRole: FOLLOWER
,id: "s13"
address: "0.0.0.0:39411"
clientAddress: "0.0.0.0:39411"
adminAddress: "0.0.0.0:39411"
startupRole: FOLLOWER
,id: "s12"
address: "0.0.0.0:36717"
clientAddress: "0.0.0.0:36717"
adminAddress: "0.0.0.0:36717"
startupRole: FOLLOWER
, old:)]
2023-03-17 00:26:16,380 INFO  server.RaftServer$Division (ServerState.java:setRaftConf(378)) - s13@group-307DF1E8AB17: set configuration 121: peers:[s11|rpc:0.0.0.0:37111|dataStream:|priority:0|startupRole:FOLLOWER, s13|rpc:0.0.0.0:39411|dataStream:|priority:0|startupRole:FOLLOWER, s12|rpc:0.0.0.0:36717|dataStream:|priority:0|startupRole:FOLLOWER]|listeners:[], old=null
2023-03-17 00:26:16,380 INFO  segmented.SegmentedRaftLogWorker (SegmentedRaftLogWorker.java:rollLogSegment(431)) - s13@group-307DF1E8AB17-SegmentedRaftLogWorker: Rolling segment log-0_120 to index:120
2023-03-17 00:26:16,388 TRACE util.FileUtils (LogUtils.java:runAndLog(49)) - Successfully ran Atomic Files.move /home/runner/work/ratis/ratis/ratis-examples/target/test/data/9a3b15da/MiniRaftClusterWithNettyce94e709/s13/888c57f2-0bbd-4df6-b406-307df1e8ab17/current/log_inprogress_0 to /home/runner/work/ratis/ratis/ratis-examples/target/test/data/9a3b15da/MiniRaftClusterWithNettyce94e709/s13/888c57f2-0bbd-4df6-b406-307df1e8ab17/current/log_0-120
2023-03-17 00:26:16,388 INFO  segmented.SegmentedRaftLogWorker (SegmentedRaftLogWorker.java:execute(587)) - s13@group-307DF1E8AB17-SegmentedRaftLogWorker: Rolled log segment from /home/runner/work/ratis/ratis/ratis-examples/target/test/data/9a3b15da/MiniRaftClusterWithNettyce94e709/s13/888c57f2-0bbd-4df6-b406-307df1e8ab17/current/log_inprogress_0 to /home/runner/work/ratis/ratis/ratis-examples/target/test/data/9a3b15da/MiniRaftClusterWithNettyce94e709/s13/888c57f2-0bbd-4df6-b406-307df1e8ab17/current/log_0-120
2023-03-17 00:26:16,402 INFO  segmented.SegmentedRaftLogWorker (SegmentedRaftLogWorker.java:execute(630)) - s13@group-307DF1E8AB17-SegmentedRaftLogWorker: created new log segment /home/runner/work/ratis/ratis/ratis-examples/target/test/data/9a3b15da/MiniRaftClusterWithNettyce94e709/s13/888c57f2-0bbd-4df6-b406-307df1e8ab17/current/log_inprogress_121
2023-03-17 00:26:16,405 DEBUG server.RaftServer$Division (RaftServerImpl.java:logAppendEntries(1430)) - s13@group-307DF1E8AB17: succeeded to handle AppendEntries. Reply: s12<-s13#6799:OK-t2,SUCCESS,nextIndex=122,followerCommit=120,matchIndex=121
2023-03-17 00:26:16,406 DEBUG server.RaftServer$Division (RaftServerImpl.java:logAppendEntries(1430)) - s13@group-307DF1E8AB17: receive appendEntries(s12, 2, (t:2, i:121), 121, true, commits:[s12:c121, s11:c120, s13:c120], cId:6804, entries: [(t:2, i:122), METADATAENTRY(c:121)]
2023-03-17 00:26:16,407 DEBUG server.RaftServer$Division (RaftServerImpl.java:logAppendEntries(1430)) - s13@group-307DF1E8AB17: succeeded to handle AppendEntries. Reply: s12<-s13#6804:OK-t2,SUCCESS,nextIndex=123,followerCommit=121,matchIndex=122
2023-03-17 00:26:16,417 WARN  leader.LogAppender (LogAppenderDefault.java:sendAppendEntriesWithRetries(87)) - s12@group-307DF1E8AB17->s11-LogAppenderDefault: Failed to appendEntries (retry=1): {}
org.apache.ratis.protocol.exceptions.GroupMismatchException: s11: group-307DF1E8AB17 not found.
	at org.apache.ratis.server.impl.RaftServerProxy$ImplMap.get(RaftServerProxy.java:153)
	at org.apache.ratis.server.impl.RaftServerProxy.getImplFuture(RaftServerProxy.java:359)
	at org.apache.ratis.server.impl.RaftServerProxy.getImpl(RaftServerProxy.java:368)
	at org.apache.ratis.server.impl.RaftServerProxy.getImpl(RaftServerProxy.java:363)
	at org.apache.ratis.server.impl.RaftServerProxy.appendEntries(RaftServerProxy.java:651)
	at org.apache.ratis.netty.server.NettyRpcService.handle(NettyRpcService.java:231)
	at org.apache.ratis.netty.server.NettyRpcService$InboundHandler.channelRead0(NettyRpcService.java:95)
	at org.apache.ratis.netty.server.NettyRpcService$InboundHandler.channelRead0(NettyRpcService.java:91)
	at org.apache.ratis.thirdparty.io.netty.channel.SimpleChannelInboundHandler.channelRead(SimpleChannelInboundHandler.java:99)
	at org.apache.ratis.thirdparty.io.netty.channel.AbstractChannelHandlerContext.invokeChannelRead(AbstractChannelHandlerContext.java:379)
	at org.apache.ratis.thirdparty.io.netty.channel.AbstractChannelHandlerContext.invokeChannelRead(AbstractChannelHandlerContext.java:365)
	at org.apache.ratis.thirdparty.io.netty.channel.AbstractChannelHandlerContext.fireChannelRead(AbstractChannelHandlerContext.java:357)
	at org.apache.ratis.thirdparty.io.netty.handler.codec.MessageToMessageDecoder.channelRead(MessageToMessageDecoder.java:103)
	at org.apache.ratis.thirdparty.io.netty.channel.AbstractChannelHandlerContext.invokeChannelRead(AbstractChannelHandlerContext.java:379)
	at org.apache.ratis.thirdparty.io.netty.channel.AbstractChannelHandlerContext.invokeChannelRead(AbstractChannelHandlerContext.java:365)
	at org.apache.ratis.thirdparty.io.netty.channel.AbstractChannelHandlerContext.fireChannelRead(AbstractChannelHandlerContext.java:357)
	at org.apache.ratis.thirdparty.io.netty.handler.codec.ByteToMessageDecoder.fireChannelRead(ByteToMessageDecoder.java:327)
	at org.apache.ratis.thirdparty.io.netty.handler.codec.ByteToMessageDecoder.channelRead(ByteToMessageDecoder.java:299)
	at org.apache.ratis.thirdparty.io.netty.channel.AbstractChannelHandlerContext.invokeChannelRead(AbstractChannelHandlerContext.java:379)
	at org.apache.ratis.thirdparty.io.netty.channel.AbstractChannelHandlerContext.invokeChannelRead(AbstractChannelHandlerContext.java:365)
	at org.apache.ratis.thirdparty.io.netty.channel.AbstractChannelHandlerContext.fireChannelRead(AbstractChannelHandlerContext.java:357)
	at org.apache.ratis.thirdparty.io.netty.channel.DefaultChannelPipeline$HeadContext.channelRead(DefaultChannelPipeline.java:1410)
	at org.apache.ratis.thirdparty.io.netty.channel.AbstractChannelHandlerContext.invokeChannelRead(AbstractChannelHandlerContext.java:379)
	at org.apache.ratis.thirdparty.io.netty.channel.AbstractChannelHandlerContext.invokeChannelRead(AbstractChannelHandlerContext.java:365)
	at org.apache.ratis.thirdparty.io.netty.channel.DefaultChannelPipeline.fireChannelRead(DefaultChannelPipeline.java:919)
	at org.apache.ratis.thirdparty.io.netty.channel.nio.AbstractNioByteChannel$NioByteUnsafe.read(AbstractNioByteChannel.java:166)
	at org.apache.ratis.thirdparty.io.netty.channel.nio.NioEventLoop.processSelectedKey(NioEventLoop.java:722)
	at org.apache.ratis.thirdparty.io.netty.channel.nio.NioEventLoop.processSelectedKeysOptimized(NioEventLoop.java:658)
	at org.apache.ratis.thirdparty.io.netty.channel.nio.NioEventLoop.processSelectedKeys(NioEventLoop.java:584)
	at org.apache.ratis.thirdparty.io.netty.channel.nio.NioEventLoop.run(NioEventLoop.java:496)
	at org.apache.ratis.thirdparty.io.netty.util.concurrent.SingleThreadEventExecutor$4.run(SingleThreadEventExecutor.java:995)
	at org.apache.ratis.thirdparty.io.netty.util.internal.ThreadExecutorMap$2.run(ThreadExecutorMap.java:74)
	at org.apache.ratis.thirdparty.io.netty.util.concurrent.FastThreadLocalRunnable.run(FastThreadLocalRunnable.java:30)
	at java.base/java.lang.Thread.run(Thread.java:829)
2023-03-17 00:26:16,436 INFO  segmented.SegmentedRaftLogWorker (SegmentedRaftLogWorker.java:close(242)) - s11@group-307DF1E8AB17-SegmentedRaftLogWorker close()
2023-03-17 00:26:16,437 TRACE util.FileUtils (FileUtils.java:deleteFully(201)) - deleteFully /home/runner/work/ratis/ratis/ratis-examples/target/test/data/9a3b15da/MiniRaftClusterWithNettyce94e709/s11/888c57f2-0bbd-4df6-b406-307df1e8ab17
2023-03-17 00:26:16,437 TRACE util.FileUtils (LogUtils.java:runAndLog(49)) - Successfully ran Files.delete /home/runner/work/ratis/ratis/ratis-examples/target/test/data/9a3b15da/MiniRaftClusterWithNettyce94e709/s11/888c57f2-0bbd-4df6-b406-307df1e8ab17/in_use.lock
2023-03-17 00:26:16,437 TRACE util.FileUtils (LogUtils.java:runAndLog(49)) - Successfully ran Files.delete /home/runner/work/ratis/ratis/ratis-examples/target/test/data/9a3b15da/MiniRaftClusterWithNettyce94e709/s11/888c57f2-0bbd-4df6-b406-307df1e8ab17/sm
2023-03-17 00:26:16,437 TRACE util.FileUtils (LogUtils.java:runAndLog(49)) - Successfully ran Files.delete /home/runner/work/ratis/ratis/ratis-examples/target/test/data/9a3b15da/MiniRaftClusterWithNettyce94e709/s11/888c57f2-0bbd-4df6-b406-307df1e8ab17/current/raft-meta.conf
2023-03-17 00:26:16,438 TRACE util.FileUtils (LogUtils.java:runAndLog(49)) - Successfully ran Files.delete /home/runner/work/ratis/ratis/ratis-examples/target/test/data/9a3b15da/MiniRaftClusterWithNettyce94e709/s11/888c57f2-0bbd-4df6-b406-307df1e8ab17/current/raft-meta
2023-03-17 00:26:16,438 TRACE util.FileUtils (LogUtils.java:runAndLog(49)) - Successfully ran Files.delete /home/runner/work/ratis/ratis/ratis-examples/target/test/data/9a3b15da/MiniRaftClusterWithNettyce94e709/s11/888c57f2-0bbd-4df6-b406-307df1e8ab17/current/log_inprogress_0
2023-03-17 00:26:16,438 TRACE util.FileUtils (LogUtils.java:runAndLog(49)) - Successfully ran Files.delete /home/runner/work/ratis/ratis/ratis-examples/target/test/data/9a3b15da/MiniRaftClusterWithNettyce94e709/s11/888c57f2-0bbd-4df6-b406-307df1e8ab17/current
2023-03-17 00:26:16,438 TRACE util.FileUtils (LogUtils.java:runAndLog(49)) - Successfully ran Files.delete /home/runner/work/ratis/ratis/ratis-examples/target/test/data/9a3b15da/MiniRaftClusterWithNettyce94e709/s11/888c57f2-0bbd-4df6-b406-307df1e8ab17
2023-03-17 00:26:16,438 INFO  server.RaftServer$Division (RaftServerImpl.java:groupRemove(436)) - s11@group-307DF1E8AB17: Succeed to remove RaftStorageDirectory Storage Directory /home/runner/work/ratis/ratis/ratis-examples/target/test/data/9a3b15da/MiniRaftClusterWithNettyce94e709/s11/888c57f2-0bbd-4df6-b406-307df1e8ab17
2023-03-17 00:26:16,449 INFO  logging.LoggingHandler (AbstractInternalLogger.java:log(148)) - [id: 0xc495072a, L:/0.0.0.0:39411] READ: [id: 0x7c297733, L:/10.1.0.17:39411 - R:/10.1.0.17:58404]
2023-03-17 00:26:16,451 INFO  logging.LoggingHandler (AbstractInternalLogger.java:log(148)) - [id: 0xc495072a, L:/0.0.0.0:39411] READ COMPLETE
2023-03-17 00:26:16,452 INFO  server.RaftServer (RaftServerProxy.java:remove(110)) - s13: remove  FOLLOWER s13@group-307DF1E8AB17:t2, leader=s12, voted=s12, raftlog=Memoized:s13@group-307DF1E8AB17-SegmentedRaftLog:OPENED:c121, conf=121: peers:[s11|rpc:0.0.0.0:37111|dataStream:|priority:0|startupRole:FOLLOWER, s13|rpc:0.0.0.0:39411|dataStream:|priority:0|startupRole:FOLLOWER, s12|rpc:0.0.0.0:36717|dataStream:|priority:0|startupRole:FOLLOWER]|listeners:[], old=null RUNNING
2023-03-17 00:26:16,452 INFO  server.RaftServer$Division (RaftServerImpl.java:lambda$close$4(466)) - s13@group-307DF1E8AB17: shutdown
2023-03-17 00:26:16,453 INFO  util.JmxRegister (JmxRegister.java:unregister(73)) - Successfully un-registered JMX Bean with object name Ratis:service=RaftServer,group=group-307DF1E8AB17,id=s13
2023-03-17 00:26:16,453 INFO  impl.RoleInfo (RoleInfo.java:shutdownFollowerState(110)) - s13: shutdown s13@group-307DF1E8AB17-FollowerState
2023-03-17 00:26:16,453 INFO  impl.FollowerState (FollowerState.java:run(152)) - s13@group-307DF1E8AB17-FollowerState was interrupted
2023-03-17 00:26:16,454 INFO  impl.StateMachineUpdater (StateMachineUpdater.java:stopAndJoin(154)) - s13@group-307DF1E8AB17-StateMachineUpdater: set stopIndex = 121
2023-03-17 00:26:16,454 INFO  server.RaftServer$Division (ServerState.java:close(414)) - s13@group-307DF1E8AB17: applyIndex: -1
2023-03-17 00:26:16,560 WARN  leader.LogAppender (LogAppenderDefault.java:sendAppendEntriesWithRetries(87)) - s12@group-307DF1E8AB17->s13-LogAppenderDefault: Failed to appendEntries (retry=1): {}
org.apache.ratis.protocol.exceptions.GroupMismatchException: s13: group-307DF1E8AB17 not found.
	at org.apache.ratis.server.impl.RaftServerProxy$ImplMap.get(RaftServerProxy.java:153)
	at org.apache.ratis.server.impl.RaftServerProxy.getImplFuture(RaftServerProxy.java:359)
	at org.apache.ratis.server.impl.RaftServerProxy.getImpl(RaftServerProxy.java:368)
	at org.apache.ratis.server.impl.RaftServerProxy.getImpl(RaftServerProxy.java:363)
	at org.apache.ratis.server.impl.RaftServerProxy.appendEntries(RaftServerProxy.java:651)
	at org.apache.ratis.netty.server.NettyRpcService.handle(NettyRpcService.java:231)
	at org.apache.ratis.netty.server.NettyRpcService$InboundHandler.channelRead0(NettyRpcService.java:95)
	at org.apache.ratis.netty.server.NettyRpcService$InboundHandler.channelRead0(NettyRpcService.java:91)
	at org.apache.ratis.thirdparty.io.netty.channel.SimpleChannelInboundHandler.channelRead(SimpleChannelInboundHandler.java:99)
	at org.apache.ratis.thirdparty.io.netty.channel.AbstractChannelHandlerContext.invokeChannelRead(AbstractChannelHandlerContext.java:379)
	at org.apache.ratis.thirdparty.io.netty.channel.AbstractChannelHandlerContext.invokeChannelRead(AbstractChannelHandlerContext.java:365)
	at org.apache.ratis.thirdparty.io.netty.channel.AbstractChannelHandlerContext.fireChannelRead(AbstractChannelHandlerContext.java:357)
	at org.apache.ratis.thirdparty.io.netty.handler.codec.MessageToMessageDecoder.channelRead(MessageToMessageDecoder.java:103)
	at org.apache.ratis.thirdparty.io.netty.channel.AbstractChannelHandlerContext.invokeChannelRead(AbstractChannelHandlerContext.java:379)
	at org.apache.ratis.thirdparty.io.netty.channel.AbstractChannelHandlerContext.invokeChannelRead(AbstractChannelHandlerContext.java:365)
	at org.apache.ratis.thirdparty.io.netty.channel.AbstractChannelHandlerContext.fireChannelRead(AbstractChannelHandlerContext.java:357)
	at org.apache.ratis.thirdparty.io.netty.handler.codec.ByteToMessageDecoder.fireChannelRead(ByteToMessageDecoder.java:327)
	at org.apache.ratis.thirdparty.io.netty.handler.codec.ByteToMessageDecoder.channelRead(ByteToMessageDecoder.java:299)
	at org.apache.ratis.thirdparty.io.netty.channel.AbstractChannelHandlerContext.invokeChannelRead(AbstractChannelHandlerContext.java:379)
	at org.apache.ratis.thirdparty.io.netty.channel.AbstractChannelHandlerContext.invokeChannelRead(AbstractChannelHandlerContext.java:365)
	at org.apache.ratis.thirdparty.io.netty.channel.AbstractChannelHandlerContext.fireChannelRead(AbstractChannelHandlerContext.java:357)
	at org.apache.ratis.thirdparty.io.netty.channel.DefaultChannelPipeline$HeadContext.channelRead(DefaultChannelPipeline.java:1410)
	at org.apache.ratis.thirdparty.io.netty.channel.AbstractChannelHandlerContext.invokeChannelRead(AbstractChannelHandlerContext.java:379)
	at org.apache.ratis.thirdparty.io.netty.channel.AbstractChannelHandlerContext.invokeChannelRead(AbstractChannelHandlerContext.java:365)
	at org.apache.ratis.thirdparty.io.netty.channel.DefaultChannelPipeline.fireChannelRead(DefaultChannelPipeline.java:919)
	at org.apache.ratis.thirdparty.io.netty.channel.nio.AbstractNioByteChannel$NioByteUnsafe.read(AbstractNioByteChannel.java:166)
	at org.apache.ratis.thirdparty.io.netty.channel.nio.NioEventLoop.processSelectedKey(NioEventLoop.java:722)
	at org.apache.ratis.thirdparty.io.netty.channel.nio.NioEventLoop.processSelectedKeysOptimized(NioEventLoop.java:658)
	at org.apache.ratis.thirdparty.io.netty.channel.nio.NioEventLoop.processSelectedKeys(NioEventLoop.java:584)
	at org.apache.ratis.thirdparty.io.netty.channel.nio.NioEventLoop.run(NioEventLoop.java:496)
	at org.apache.ratis.thirdparty.io.netty.util.concurrent.SingleThreadEventExecutor$4.run(SingleThreadEventExecutor.java:995)
	at org.apache.ratis.thirdparty.io.netty.util.internal.ThreadExecutorMap$2.run(ThreadExecutorMap.java:74)
	at org.apache.ratis.thirdparty.io.netty.util.concurrent.FastThreadLocalRunnable.run(FastThreadLocalRunnable.java:30)
	at java.base/java.lang.Thread.run(Thread.java:829)
2023-03-17 00:26:16,635 WARN  leader.LogAppender (LogAppenderDefault.java:sendAppendEntriesWithRetries(87)) - s12@group-307DF1E8AB17->s13-LogAppenderDefault: Failed to appendEntries (retry=1): {}
org.apache.ratis.protocol.exceptions.GroupMismatchException: s13: group-307DF1E8AB17 not found.
	at org.apache.ratis.server.impl.RaftServerProxy$ImplMap.get(RaftServerProxy.java:153)
	at org.apache.ratis.server.impl.RaftServerProxy.getImplFuture(RaftServerProxy.java:359)
	at org.apache.ratis.server.impl.RaftServerProxy.getImpl(RaftServerProxy.java:368)
	at org.apache.ratis.server.impl.RaftServerProxy.getImpl(RaftServerProxy.java:363)
	at org.apache.ratis.server.impl.RaftServerProxy.appendEntries(RaftServerProxy.java:651)
	at org.apache.ratis.netty.server.NettyRpcService.handle(NettyRpcService.java:231)
	at org.apache.ratis.netty.server.NettyRpcService$InboundHandler.channelRead0(NettyRpcService.java:95)
	at org.apache.ratis.netty.server.NettyRpcService$InboundHandler.channelRead0(NettyRpcService.java:91)
	at org.apache.ratis.thirdparty.io.netty.channel.SimpleChannelInboundHandler.channelRead(SimpleChannelInboundHandler.java:99)
	at org.apache.ratis.thirdparty.io.netty.channel.AbstractChannelHandlerContext.invokeChannelRead(AbstractChannelHandlerContext.java:379)
	at org.apache.ratis.thirdparty.io.netty.channel.AbstractChannelHandlerContext.invokeChannelRead(AbstractChannelHandlerContext.java:365)
	at org.apache.ratis.thirdparty.io.netty.channel.AbstractChannelHandlerContext.fireChannelRead(AbstractChannelHandlerContext.java:357)
	at org.apache.ratis.thirdparty.io.netty.handler.codec.MessageToMessageDecoder.channelRead(MessageToMessageDecoder.java:103)
	at org.apache.ratis.thirdparty.io.netty.channel.AbstractChannelHandlerContext.invokeChannelRead(AbstractChannelHandlerContext.java:379)
	at org.apache.ratis.thirdparty.io.netty.channel.AbstractChannelHandlerContext.invokeChannelRead(AbstractChannelHandlerContext.java:365)
	at org.apache.ratis.thirdparty.io.netty.channel.AbstractChannelHandlerContext.fireChannelRead(AbstractChannelHandlerContext.java:357)
	at org.apache.ratis.thirdparty.io.netty.handler.codec.ByteToMessageDecoder.fireChannelRead(ByteToMessageDecoder.java:327)
	at org.apache.ratis.thirdparty.io.netty.handler.codec.ByteToMessageDecoder.channelRead(ByteToMessageDecoder.java:299)
	at org.apache.ratis.thirdparty.io.netty.channel.AbstractChannelHandlerContext.invokeChannelRead(AbstractChannelHandlerContext.java:379)
	at org.apache.ratis.thirdparty.io.netty.channel.AbstractChannelHandlerContext.invokeChannelRead(AbstractChannelHandlerContext.java:365)
	at org.apache.ratis.thirdparty.io.netty.channel.AbstractChannelHandlerContext.fireChannelRead(AbstractChannelHandlerContext.java:357)
	at org.apache.ratis.thirdparty.io.netty.channel.DefaultChannelPipeline$HeadContext.channelRead(DefaultChannelPipeline.java:1410)
	at org.apache.ratis.thirdparty.io.netty.channel.AbstractChannelHandlerContext.invokeChannelRead(AbstractChannelHandlerContext.java:379)
	at org.apache.ratis.thirdparty.io.netty.channel.AbstractChannelHandlerContext.invokeChannelRead(AbstractChannelHandlerContext.java:365)
	at org.apache.ratis.thirdparty.io.netty.channel.DefaultChannelPipeline.fireChannelRead(DefaultChannelPipeline.java:919)
	at org.apache.ratis.thirdparty.io.netty.channel.nio.AbstractNioByteChannel$NioByteUnsafe.read(AbstractNioByteChannel.java:166)
	at org.apache.ratis.thirdparty.io.netty.channel.nio.NioEventLoop.processSelectedKey(NioEventLoop.java:722)
	at org.apache.ratis.thirdparty.io.netty.channel.nio.NioEventLoop.processSelectedKeysOptimized(NioEventLoop.java:658)
	at org.apache.ratis.thirdparty.io.netty.channel.nio.NioEventLoop.processSelectedKeys(NioEventLoop.java:584)
	at org.apache.ratis.thirdparty.io.netty.channel.nio.NioEventLoop.run(NioEventLoop.java:496)
	at org.apache.ratis.thirdparty.io.netty.util.concurrent.SingleThreadEventExecutor$4.run(SingleThreadEventExecutor.java:995)
	at org.apache.ratis.thirdparty.io.netty.util.internal.ThreadExecutorMap$2.run(ThreadExecutorMap.java:74)
	at org.apache.ratis.thirdparty.io.netty.util.concurrent.FastThreadLocalRunnable.run(FastThreadLocalRunnable.java:30)
	at java.base/java.lang.Thread.run(Thread.java:829)
2023-03-17 00:26:16,678 WARN  leader.LogAppender (LogAppenderDefault.java:sendAppendEntriesWithRetries(87)) - s12@group-307DF1E8AB17->s11-LogAppenderDefault: Failed to appendEntries (retry=11): {}
org.apache.ratis.protocol.exceptions.GroupMismatchException: s11: group-307DF1E8AB17 not found.
	at org.apache.ratis.server.impl.RaftServerProxy$ImplMap.get(RaftServerProxy.java:153)
	at org.apache.ratis.server.impl.RaftServerProxy.getImplFuture(RaftServerProxy.java:359)
	at org.apache.ratis.server.impl.RaftServerProxy.getImpl(RaftServerProxy.java:368)
	at org.apache.ratis.server.impl.RaftServerProxy.getImpl(RaftServerProxy.java:363)
	at org.apache.ratis.server.impl.RaftServerProxy.appendEntries(RaftServerProxy.java:651)
	at org.apache.ratis.netty.server.NettyRpcService.handle(NettyRpcService.java:231)
	at org.apache.ratis.netty.server.NettyRpcService$InboundHandler.channelRead0(NettyRpcService.java:95)
	at org.apache.ratis.netty.server.NettyRpcService$InboundHandler.channelRead0(NettyRpcService.java:91)
	at org.apache.ratis.thirdparty.io.netty.channel.SimpleChannelInboundHandler.channelRead(SimpleChannelInboundHandler.java:99)
	at org.apache.ratis.thirdparty.io.netty.channel.AbstractChannelHandlerContext.invokeChannelRead(AbstractChannelHandlerContext.java:379)
	at org.apache.ratis.thirdparty.io.netty.channel.AbstractChannelHandlerContext.invokeChannelRead(AbstractChannelHandlerContext.java:365)
	at org.apache.ratis.thirdparty.io.netty.channel.AbstractChannelHandlerContext.fireChannelRead(AbstractChannelHandlerContext.java:357)
	at org.apache.ratis.thirdparty.io.netty.handler.codec.MessageToMessageDecoder.channelRead(MessageToMessageDecoder.java:103)
	at org.apache.ratis.thirdparty.io.netty.channel.AbstractChannelHandlerContext.invokeChannelRead(AbstractChannelHandlerContext.java:379)
	at org.apache.ratis.thirdparty.io.netty.channel.AbstractChannelHandlerContext.invokeChannelRead(AbstractChannelHandlerContext.java:365)
	at org.apache.ratis.thirdparty.io.netty.channel.AbstractChannelHandlerContext.fireChannelRead(AbstractChannelHandlerContext.java:357)
	at org.apache.ratis.thirdparty.io.netty.handler.codec.ByteToMessageDecoder.fireChannelRead(ByteToMessageDecoder.java:327)
	at org.apache.ratis.thirdparty.io.netty.handler.codec.ByteToMessageDecoder.channelRead(ByteToMessageDecoder.java:299)
	at org.apache.ratis.thirdparty.io.netty.channel.AbstractChannelHandlerContext.invokeChannelRead(AbstractChannelHandlerContext.java:379)
	at org.apache.ratis.thirdparty.io.netty.channel.AbstractChannelHandlerContext.invokeChannelRead(AbstractChannelHandlerContext.java:365)
	at org.apache.ratis.thirdparty.io.netty.channel.AbstractChannelHandlerContext.fireChannelRead(AbstractChannelHandlerContext.java:357)
	at org.apache.ratis.thirdparty.io.netty.channel.DefaultChannelPipeline$HeadContext.channelRead(DefaultChannelPipeline.java:1410)
	at org.apache.ratis.thirdparty.io.netty.channel.AbstractChannelHandlerContext.invokeChannelRead(AbstractChannelHandlerContext.java:379)
	at org.apache.ratis.thirdparty.io.netty.channel.AbstractChannelHandlerContext.invokeChannelRead(AbstractChannelHandlerContext.java:365)
	at org.apache.ratis.thirdparty.io.netty.channel.DefaultChannelPipeline.fireChannelRead(DefaultChannelPipeline.java:919)
	at org.apache.ratis.thirdparty.io.netty.channel.nio.AbstractNioByteChannel$NioByteUnsafe.read(AbstractNioByteChannel.java:166)
	at org.apache.ratis.thirdparty.io.netty.channel.nio.NioEventLoop.processSelectedKey(NioEventLoop.java:722)
	at org.apache.ratis.thirdparty.io.netty.channel.nio.NioEventLoop.processSelectedKeysOptimized(NioEventLoop.java:658)
	at org.apache.ratis.thirdparty.io.netty.channel.nio.NioEventLoop.processSelectedKeys(NioEventLoop.java:584)
	at org.apache.ratis.thirdparty.io.netty.channel.nio.NioEventLoop.run(NioEventLoop.java:496)
	at org.apache.ratis.thirdparty.io.netty.util.concurrent.SingleThreadEventExecutor$4.run(SingleThreadEventExecutor.java:995)
	at org.apache.ratis.thirdparty.io.netty.util.internal.ThreadExecutorMap$2.run(ThreadExecutorMap.java:74)
	at org.apache.ratis.thirdparty.io.netty.util.concurrent.FastThreadLocalRunnable.run(FastThreadLocalRunnable.java:30)
	at java.base/java.lang.Thread.run(Thread.java:829)
2023-03-17 00:26:16,711 WARN  leader.LogAppender (LogAppenderDefault.java:sendAppendEntriesWithRetries(87)) - s12@group-307DF1E8AB17->s13-LogAppenderDefault: Failed to appendEntries (retry=1): {}
org.apache.ratis.protocol.exceptions.GroupMismatchException: s13: group-307DF1E8AB17 not found.
	at org.apache.ratis.server.impl.RaftServerProxy$ImplMap.get(RaftServerProxy.java:153)
	at org.apache.ratis.server.impl.RaftServerProxy.getImplFuture(RaftServerProxy.java:359)
	at org.apache.ratis.server.impl.RaftServerProxy.getImpl(RaftServerProxy.java:368)
	at org.apache.ratis.server.impl.RaftServerProxy.getImpl(RaftServerProxy.java:363)
	at org.apache.ratis.server.impl.RaftServerProxy.appendEntries(RaftServerProxy.java:651)
	at org.apache.ratis.netty.server.NettyRpcService.handle(NettyRpcService.java:231)
	at org.apache.ratis.netty.server.NettyRpcService$InboundHandler.channelRead0(NettyRpcService.java:95)
	at org.apache.ratis.netty.server.NettyRpcService$InboundHandler.channelRead0(NettyRpcService.java:91)
	at org.apache.ratis.thirdparty.io.netty.channel.SimpleChannelInboundHandler.channelRead(SimpleChannelInboundHandler.java:99)
	at org.apache.ratis.thirdparty.io.netty.channel.AbstractChannelHandlerContext.invokeChannelRead(AbstractChannelHandlerContext.java:379)
	at org.apache.ratis.thirdparty.io.netty.channel.AbstractChannelHandlerContext.invokeChannelRead(AbstractChannelHandlerContext.java:365)
	at org.apache.ratis.thirdparty.io.netty.channel.AbstractChannelHandlerContext.fireChannelRead(AbstractChannelHandlerContext.java:357)
	at org.apache.ratis.thirdparty.io.netty.handler.codec.MessageToMessageDecoder.channelRead(MessageToMessageDecoder.java:103)
	at org.apache.ratis.thirdparty.io.netty.channel.AbstractChannelHandlerContext.invokeChannelRead(AbstractChannelHandlerContext.java:379)
	at org.apache.ratis.thirdparty.io.netty.channel.AbstractChannelHandlerContext.invokeChannelRead(AbstractChannelHandlerContext.java:365)
	at org.apache.ratis.thirdparty.io.netty.channel.AbstractChannelHandlerContext.fireChannelRead(AbstractChannelHandlerContext.java:357)
	at org.apache.ratis.thirdparty.io.netty.handler.codec.ByteToMessageDecoder.fireChannelRead(ByteToMessageDecoder.java:327)
	at org.apache.ratis.thirdparty.io.netty.handler.codec.ByteToMessageDecoder.channelRead(ByteToMessageDecoder.java:299)
	at org.apache.ratis.thirdparty.io.netty.channel.AbstractChannelHandlerContext.invokeChannelRead(AbstractChannelHandlerContext.java:379)
	at org.apache.ratis.thirdparty.io.netty.channel.AbstractChannelHandlerContext.invokeChannelRead(AbstractChannelHandlerContext.java:365)
	at org.apache.ratis.thirdparty.io.netty.channel.AbstractChannelHandlerContext.fireChannelRead(AbstractChannelHandlerContext.java:357)
	at org.apache.ratis.thirdparty.io.netty.channel.DefaultChannelPipeline$HeadContext.channelRead(DefaultChannelPipeline.java:1410)
	at org.apache.ratis.thirdparty.io.netty.channel.AbstractChannelHandlerContext.invokeChannelRead(AbstractChannelHandlerContext.java:379)
	at org.apache.ratis.thirdparty.io.netty.channel.AbstractChannelHandlerContext.invokeChannelRead(AbstractChannelHandlerContext.java:365)
	at org.apache.ratis.thirdparty.io.netty.channel.DefaultChannelPipeline.fireChannelRead(DefaultChannelPipeline.java:919)
	at org.apache.ratis.thirdparty.io.netty.channel.nio.AbstractNioByteChannel$NioByteUnsafe.read(AbstractNioByteChannel.java:166)
	at org.apache.ratis.thirdparty.io.netty.channel.nio.NioEventLoop.processSelectedKey(NioEventLoop.java:722)
	at org.apache.ratis.thirdparty.io.netty.channel.nio.NioEventLoop.processSelectedKeysOptimized(NioEventLoop.java:658)
	at org.apache.ratis.thirdparty.io.netty.channel.nio.NioEventLoop.processSelectedKeys(NioEventLoop.java:584)
	at org.apache.ratis.thirdparty.io.netty.channel.nio.NioEventLoop.run(NioEventLoop.java:496)
	at org.apache.ratis.thirdparty.io.netty.util.concurrent.SingleThreadEventExecutor$4.run(SingleThreadEventExecutor.java:995)
	at org.apache.ratis.thirdparty.io.netty.util.internal.ThreadExecutorMap$2.run(ThreadExecutorMap.java:74)
	at org.apache.ratis.thirdparty.io.netty.util.concurrent.FastThreadLocalRunnable.run(FastThreadLocalRunnable.java:30)
	at java.base/java.lang.Thread.run(Thread.java:829)
2023-03-17 00:26:16,786 WARN  leader.LogAppender (LogAppenderDefault.java:sendAppendEntriesWithRetries(87)) - s12@group-307DF1E8AB17->s13-LogAppenderDefault: Failed to appendEntries (retry=1): {}
org.apache.ratis.protocol.exceptions.GroupMismatchException: s13: group-307DF1E8AB17 not found.
	at org.apache.ratis.server.impl.RaftServerProxy$ImplMap.get(RaftServerProxy.java:153)
	at org.apache.ratis.server.impl.RaftServerProxy.getImplFuture(RaftServerProxy.java:359)
	at org.apache.ratis.server.impl.RaftServerProxy.getImpl(RaftServerProxy.java:368)
	at org.apache.ratis.server.impl.RaftServerProxy.getImpl(RaftServerProxy.java:363)
	at org.apache.ratis.server.impl.RaftServerProxy.appendEntries(RaftServerProxy.java:651)
	at org.apache.ratis.netty.server.NettyRpcService.handle(NettyRpcService.java:231)
	at org.apache.ratis.netty.server.NettyRpcService$InboundHandler.channelRead0(NettyRpcService.java:95)
	at org.apache.ratis.netty.server.NettyRpcService$InboundHandler.channelRead0(NettyRpcService.java:91)
	at org.apache.ratis.thirdparty.io.netty.channel.SimpleChannelInboundHandler.channelRead(SimpleChannelInboundHandler.java:99)
	at org.apache.ratis.thirdparty.io.netty.channel.AbstractChannelHandlerContext.invokeChannelRead(AbstractChannelHandlerContext.java:379)
	at org.apache.ratis.thirdparty.io.netty.channel.AbstractChannelHandlerContext.invokeChannelRead(AbstractChannelHandlerContext.java:365)
	at org.apache.ratis.thirdparty.io.netty.channel.AbstractChannelHandlerContext.fireChannelRead(AbstractChannelHandlerContext.java:357)
	at org.apache.ratis.thirdparty.io.netty.handler.codec.MessageToMessageDecoder.channelRead(MessageToMessageDecoder.java:103)
	at org.apache.ratis.thirdparty.io.netty.channel.AbstractChannelHandlerContext.invokeChannelRead(AbstractChannelHandlerContext.java:379)
	at org.apache.ratis.thirdparty.io.netty.channel.AbstractChannelHandlerContext.invokeChannelRead(AbstractChannelHandlerContext.java:365)
	at org.apache.ratis.thirdparty.io.netty.channel.AbstractChannelHandlerContext.fireChannelRead(AbstractChannelHandlerContext.java:357)
	at org.apache.ratis.thirdparty.io.netty.handler.codec.ByteToMessageDecoder.fireChannelRead(ByteToMessageDecoder.java:327)
	at org.apache.ratis.thirdparty.io.netty.handler.codec.ByteToMessageDecoder.channelRead(ByteToMessageDecoder.java:299)
	at org.apache.ratis.thirdparty.io.netty.channel.AbstractChannelHandlerContext.invokeChannelRead(AbstractChannelHandlerContext.java:379)
	at org.apache.ratis.thirdparty.io.netty.channel.AbstractChannelHandlerContext.invokeChannelRead(AbstractChannelHandlerContext.java:365)
	at org.apache.ratis.thirdparty.io.netty.channel.AbstractChannelHandlerContext.fireChannelRead(AbstractChannelHandlerContext.java:357)
	at org.apache.ratis.thirdparty.io.netty.channel.DefaultChannelPipeline$HeadContext.channelRead(DefaultChannelPipeline.java:1410)
	at org.apache.ratis.thirdparty.io.netty.channel.AbstractChannelHandlerContext.invokeChannelRead(AbstractChannelHandlerContext.java:379)
	at org.apache.ratis.thirdparty.io.netty.channel.AbstractChannelHandlerContext.invokeChannelRead(AbstractChannelHandlerContext.java:365)
	at org.apache.ratis.thirdparty.io.netty.channel.DefaultChannelPipeline.fireChannelRead(DefaultChannelPipeline.java:919)
	at org.apache.ratis.thirdparty.io.netty.channel.nio.AbstractNioByteChannel$NioByteUnsafe.read(AbstractNioByteChannel.java:166)
	at org.apache.ratis.thirdparty.io.netty.channel.nio.NioEventLoop.processSelectedKey(NioEventLoop.java:722)
	at org.apache.ratis.thirdparty.io.netty.channel.nio.NioEventLoop.processSelectedKeysOptimized(NioEventLoop.java:658)
	at org.apache.ratis.thirdparty.io.netty.channel.nio.NioEventLoop.processSelectedKeys(NioEventLoop.java:584)
	at org.apache.ratis.thirdparty.io.netty.channel.nio.NioEventLoop.run(NioEventLoop.java:496)
	at org.apache.ratis.thirdparty.io.netty.util.concurrent.SingleThreadEventExecutor$4.run(SingleThreadEventExecutor.java:995)
	at org.apache.ratis.thirdparty.io.netty.util.internal.ThreadExecutorMap$2.run(ThreadExecutorMap.java:74)
	at org.apache.ratis.thirdparty.io.netty.util.concurrent.FastThreadLocalRunnable.run(FastThreadLocalRunnable.java:30)
	at java.base/java.lang.Thread.run(Thread.java:829)
2023-03-17 00:26:16,862 WARN  leader.LogAppender (LogAppenderDefault.java:sendAppendEntriesWithRetries(87)) - s12@group-307DF1E8AB17->s13-LogAppenderDefault: Failed to appendEntries (retry=1): {}
org.apache.ratis.protocol.exceptions.GroupMismatchException: s13: group-307DF1E8AB17 not found.
	at org.apache.ratis.server.impl.RaftServerProxy$ImplMap.get(RaftServerProxy.java:153)
	at org.apache.ratis.server.impl.RaftServerProxy.getImplFuture(RaftServerProxy.java:359)
	at org.apache.ratis.server.impl.RaftServerProxy.getImpl(RaftServerProxy.java:368)
	at org.apache.ratis.server.impl.RaftServerProxy.getImpl(RaftServerProxy.java:363)
	at org.apache.ratis.server.impl.RaftServerProxy.appendEntries(RaftServerProxy.java:651)
	at org.apache.ratis.netty.server.NettyRpcService.handle(NettyRpcService.java:231)
	at org.apache.ratis.netty.server.NettyRpcService$InboundHandler.channelRead0(NettyRpcService.java:95)
	at org.apache.ratis.netty.server.NettyRpcService$InboundHandler.channelRead0(NettyRpcService.java:91)
	at org.apache.ratis.thirdparty.io.netty.channel.SimpleChannelInboundHandler.channelRead(SimpleChannelInboundHandler.java:99)
	at org.apache.ratis.thirdparty.io.netty.channel.AbstractChannelHandlerContext.invokeChannelRead(AbstractChannelHandlerContext.java:379)
	at org.apache.ratis.thirdparty.io.netty.channel.AbstractChannelHandlerContext.invokeChannelRead(AbstractChannelHandlerContext.java:365)
	at org.apache.ratis.thirdparty.io.netty.channel.AbstractChannelHandlerContext.fireChannelRead(AbstractChannelHandlerContext.java:357)
	at org.apache.ratis.thirdparty.io.netty.handler.codec.MessageToMessageDecoder.channelRead(MessageToMessageDecoder.java:103)
	at org.apache.ratis.thirdparty.io.netty.channel.AbstractChannelHandlerContext.invokeChannelRead(AbstractChannelHandlerContext.java:379)
	at org.apache.ratis.thirdparty.io.netty.channel.AbstractChannelHandlerContext.invokeChannelRead(AbstractChannelHandlerContext.java:365)
	at org.apache.ratis.thirdparty.io.netty.channel.AbstractChannelHandlerContext.fireChannelRead(AbstractChannelHandlerContext.java:357)
	at org.apache.ratis.thirdparty.io.netty.handler.codec.ByteToMessageDecoder.fireChannelRead(ByteToMessageDecoder.java:327)
	at org.apache.ratis.thirdparty.io.netty.handler.codec.ByteToMessageDecoder.channelRead(ByteToMessageDecoder.java:299)
	at org.apache.ratis.thirdparty.io.netty.channel.AbstractChannelHandlerContext.invokeChannelRead(AbstractChannelHandlerContext.java:379)
	at org.apache.ratis.thirdparty.io.netty.channel.AbstractChannelHandlerContext.invokeChannelRead(AbstractChannelHandlerContext.java:365)
	at org.apache.ratis.thirdparty.io.netty.channel.AbstractChannelHandlerContext.fireChannelRead(AbstractChannelHandlerContext.java:357)
	at org.apache.ratis.thirdparty.io.netty.channel.DefaultChannelPipeline$HeadContext.channelRead(DefaultChannelPipeline.java:1410)
	at org.apache.ratis.thirdparty.io.netty.channel.AbstractChannelHandlerContext.invokeChannelRead(AbstractChannelHandlerContext.java:379)
	at org.apache.ratis.thirdparty.io.netty.channel.AbstractChannelHandlerContext.invokeChannelRead(AbstractChannelHandlerContext.java:365)
	at org.apache.ratis.thirdparty.io.netty.channel.DefaultChannelPipeline.fireChannelRead(DefaultChannelPipeline.java:919)
	at org.apache.ratis.thirdparty.io.netty.channel.nio.AbstractNioByteChannel$NioByteUnsafe.read(AbstractNioByteChannel.java:166)
	at org.apache.ratis.thirdparty.io.netty.channel.nio.NioEventLoop.processSelectedKey(NioEventLoop.java:722)
	at org.apache.ratis.thirdparty.io.netty.channel.nio.NioEventLoop.processSelectedKeysOptimized(NioEventLoop.java:658)
	at org.apache.ratis.thirdparty.io.netty.channel.nio.NioEventLoop.processSelectedKeys(NioEventLoop.java:584)
	at org.apache.ratis.thirdparty.io.netty.channel.nio.NioEventLoop.run(NioEventLoop.java:496)
	at org.apache.ratis.thirdparty.io.netty.util.concurrent.SingleThreadEventExecutor$4.run(SingleThreadEventExecutor.java:995)
	at org.apache.ratis.thirdparty.io.netty.util.internal.ThreadExecutorMap$2.run(ThreadExecutorMap.java:74)
	at org.apache.ratis.thirdparty.io.netty.util.concurrent.FastThreadLocalRunnable.run(FastThreadLocalRunnable.java:30)
	at java.base/java.lang.Thread.run(Thread.java:829)
2023-03-17 00:26:16,929 WARN  leader.LogAppender (LogAppenderDefault.java:sendAppendEntriesWithRetries(87)) - s12@group-307DF1E8AB17->s11-LogAppenderDefault: Failed to appendEntries (retry=21): {}
org.apache.ratis.protocol.exceptions.GroupMismatchException: s11: group-307DF1E8AB17 not found.
	at org.apache.ratis.server.impl.RaftServerProxy$ImplMap.get(RaftServerProxy.java:153)
	at org.apache.ratis.server.impl.RaftServerProxy.getImplFuture(RaftServerProxy.java:359)
	at org.apache.ratis.server.impl.RaftServerProxy.getImpl(RaftServerProxy.java:368)
	at org.apache.ratis.server.impl.RaftServerProxy.getImpl(RaftServerProxy.java:363)
	at org.apache.ratis.server.impl.RaftServerProxy.appendEntries(RaftServerProxy.java:651)
	at org.apache.ratis.netty.server.NettyRpcService.handle(NettyRpcService.java:231)
	at org.apache.ratis.netty.server.NettyRpcService$InboundHandler.channelRead0(NettyRpcService.java:95)
	at org.apache.ratis.netty.server.NettyRpcService$InboundHandler.channelRead0(NettyRpcService.java:91)
	at org.apache.ratis.thirdparty.io.netty.channel.SimpleChannelInboundHandler.channelRead(SimpleChannelInboundHandler.java:99)
	at org.apache.ratis.thirdparty.io.netty.channel.AbstractChannelHandlerContext.invokeChannelRead(AbstractChannelHandlerContext.java:379)
	at org.apache.ratis.thirdparty.io.netty.channel.AbstractChannelHandlerContext.invokeChannelRead(AbstractChannelHandlerContext.java:365)
	at org.apache.ratis.thirdparty.io.netty.channel.AbstractChannelHandlerContext.fireChannelRead(AbstractChannelHandlerContext.java:357)
	at org.apache.ratis.thirdparty.io.netty.handler.codec.MessageToMessageDecoder.channelRead(MessageToMessageDecoder.java:103)
	at org.apache.ratis.thirdparty.io.netty.channel.AbstractChannelHandlerContext.invokeChannelRead(AbstractChannelHandlerContext.java:379)
	at org.apache.ratis.thirdparty.io.netty.channel.AbstractChannelHandlerContext.invokeChannelRead(AbstractChannelHandlerContext.java:365)
	at org.apache.ratis.thirdparty.io.netty.channel.AbstractChannelHandlerContext.fireChannelRead(AbstractChannelHandlerContext.java:357)
	at org.apache.ratis.thirdparty.io.netty.handler.codec.ByteToMessageDecoder.fireChannelRead(ByteToMessageDecoder.java:327)
	at org.apache.ratis.thirdparty.io.netty.handler.codec.ByteToMessageDecoder.channelRead(ByteToMessageDecoder.java:299)
	at org.apache.ratis.thirdparty.io.netty.channel.AbstractChannelHandlerContext.invokeChannelRead(AbstractChannelHandlerContext.java:379)
	at org.apache.ratis.thirdparty.io.netty.channel.AbstractChannelHandlerContext.invokeChannelRead(AbstractChannelHandlerContext.java:365)
	at org.apache.ratis.thirdparty.io.netty.channel.AbstractChannelHandlerContext.fireChannelRead(AbstractChannelHandlerContext.java:357)
	at org.apache.ratis.thirdparty.io.netty.channel.DefaultChannelPipeline$HeadContext.channelRead(DefaultChannelPipeline.java:1410)
	at org.apache.ratis.thirdparty.io.netty.channel.AbstractChannelHandlerContext.invokeChannelRead(AbstractChannelHandlerContext.java:379)
	at org.apache.ratis.thirdparty.io.netty.channel.AbstractChannelHandlerContext.invokeChannelRead(AbstractChannelHandlerContext.java:365)
	at org.apache.ratis.thirdparty.io.netty.channel.DefaultChannelPipeline.fireChannelRead(DefaultChannelPipeline.java:919)
	at org.apache.ratis.thirdparty.io.netty.channel.nio.AbstractNioByteChannel$NioByteUnsafe.read(AbstractNioByteChannel.java:166)
	at org.apache.ratis.thirdparty.io.netty.channel.nio.NioEventLoop.processSelectedKey(NioEventLoop.java:722)
	at org.apache.ratis.thirdparty.io.netty.channel.nio.NioEventLoop.processSelectedKeysOptimized(NioEventLoop.java:658)
	at org.apache.ratis.thirdparty.io.netty.channel.nio.NioEventLoop.processSelectedKeys(NioEventLoop.java:584)
	at org.apache.ratis.thirdparty.io.netty.channel.nio.NioEventLoop.run(NioEventLoop.java:496)
	at org.apache.ratis.thirdparty.io.netty.util.concurrent.SingleThreadEventExecutor$4.run(SingleThreadEventExecutor.java:995)
	at org.apache.ratis.thirdparty.io.netty.util.internal.ThreadExecutorMap$2.run(ThreadExecutorMap.java:74)
	at org.apache.ratis.thirdparty.io.netty.util.concurrent.FastThreadLocalRunnable.run(FastThreadLocalRunnable.java:30)
	at java.base/java.lang.Thread.run(Thread.java:829)
2023-03-17 00:26:16,938 WARN  leader.LogAppender (LogAppenderDefault.java:sendAppendEntriesWithRetries(87)) - s12@group-307DF1E8AB17->s13-LogAppenderDefault: Failed to appendEntries (retry=1): {}
org.apache.ratis.protocol.exceptions.GroupMismatchException: s13: group-307DF1E8AB17 not found.
	at org.apache.ratis.server.impl.RaftServerProxy$ImplMap.get(RaftServerProxy.java:153)
	at org.apache.ratis.server.impl.RaftServerProxy.getImplFuture(RaftServerProxy.java:359)
	at org.apache.ratis.server.impl.RaftServerProxy.getImpl(RaftServerProxy.java:368)
	at org.apache.ratis.server.impl.RaftServerProxy.getImpl(RaftServerProxy.java:363)
	at org.apache.ratis.server.impl.RaftServerProxy.appendEntries(RaftServerProxy.java:651)
	at org.apache.ratis.netty.server.NettyRpcService.handle(NettyRpcService.java:231)
	at org.apache.ratis.netty.server.NettyRpcService$InboundHandler.channelRead0(NettyRpcService.java:95)
	at org.apache.ratis.netty.server.NettyRpcService$InboundHandler.channelRead0(NettyRpcService.java:91)
	at org.apache.ratis.thirdparty.io.netty.channel.SimpleChannelInboundHandler.channelRead(SimpleChannelInboundHandler.java:99)
	at org.apache.ratis.thirdparty.io.netty.channel.AbstractChannelHandlerContext.invokeChannelRead(AbstractChannelHandlerContext.java:379)
	at org.apache.ratis.thirdparty.io.netty.channel.AbstractChannelHandlerContext.invokeChannelRead(AbstractChannelHandlerContext.java:365)
	at org.apache.ratis.thirdparty.io.netty.channel.AbstractChannelHandlerContext.fireChannelRead(AbstractChannelHandlerContext.java:357)
	at org.apache.ratis.thirdparty.io.netty.handler.codec.MessageToMessageDecoder.channelRead(MessageToMessageDecoder.java:103)
	at org.apache.ratis.thirdparty.io.netty.channel.AbstractChannelHandlerContext.invokeChannelRead(AbstractChannelHandlerContext.java:379)
	at org.apache.ratis.thirdparty.io.netty.channel.AbstractChannelHandlerContext.invokeChannelRead(AbstractChannelHandlerContext.java:365)
	at org.apache.ratis.thirdparty.io.netty.channel.AbstractChannelHandlerContext.fireChannelRead(AbstractChannelHandlerContext.java:357)
	at org.apache.ratis.thirdparty.io.netty.handler.codec.ByteToMessageDecoder.fireChannelRead(ByteToMessageDecoder.java:327)
	at org.apache.ratis.thirdparty.io.netty.handler.codec.ByteToMessageDecoder.channelRead(ByteToMessageDecoder.java:299)
	at org.apache.ratis.thirdparty.io.netty.channel.AbstractChannelHandlerContext.invokeChannelRead(AbstractChannelHandlerContext.java:379)
	at org.apache.ratis.thirdparty.io.netty.channel.AbstractChannelHandlerContext.invokeChannelRead(AbstractChannelHandlerContext.java:365)
	at org.apache.ratis.thirdparty.io.netty.channel.AbstractChannelHandlerContext.fireChannelRead(AbstractChannelHandlerContext.java:357)
	at org.apache.ratis.thirdparty.io.netty.channel.DefaultChannelPipeline$HeadContext.channelRead(DefaultChannelPipeline.java:1410)
	at org.apache.ratis.thirdparty.io.netty.channel.AbstractChannelHandlerContext.invokeChannelRead(AbstractChannelHandlerContext.java:379)
	at org.apache.ratis.thirdparty.io.netty.channel.AbstractChannelHandlerContext.invokeChannelRead(AbstractChannelHandlerContext.java:365)
	at org.apache.ratis.thirdparty.io.netty.channel.DefaultChannelPipeline.fireChannelRead(DefaultChannelPipeline.java:919)
	at org.apache.ratis.thirdparty.io.netty.channel.nio.AbstractNioByteChannel$NioByteUnsafe.read(AbstractNioByteChannel.java:166)
	at org.apache.ratis.thirdparty.io.netty.channel.nio.NioEventLoop.processSelectedKey(NioEventLoop.java:722)
	at org.apache.ratis.thirdparty.io.netty.channel.nio.NioEventLoop.processSelectedKeysOptimized(NioEventLoop.java:658)
	at org.apache.ratis.thirdparty.io.netty.channel.nio.NioEventLoop.processSelectedKeys(NioEventLoop.java:584)
	at org.apache.ratis.thirdparty.io.netty.channel.nio.NioEventLoop.run(NioEventLoop.java:496)
	at org.apache.ratis.thirdparty.io.netty.util.concurrent.SingleThreadEventExecutor$4.run(SingleThreadEventExecutor.java:995)
	at org.apache.ratis.thirdparty.io.netty.util.internal.ThreadExecutorMap$2.run(ThreadExecutorMap.java:74)
	at org.apache.ratis.thirdparty.io.netty.util.concurrent.FastThreadLocalRunnable.run(FastThreadLocalRunnable.java:30)
	at java.base/java.lang.Thread.run(Thread.java:829)
2023-03-17 00:26:17,013 WARN  leader.LogAppender (LogAppenderDefault.java:sendAppendEntriesWithRetries(87)) - s12@group-307DF1E8AB17->s13-LogAppenderDefault: Failed to appendEntries (retry=1): {}
org.apache.ratis.protocol.exceptions.GroupMismatchException: s13: group-307DF1E8AB17 not found.
	at org.apache.ratis.server.impl.RaftServerProxy$ImplMap.get(RaftServerProxy.java:153)
	at org.apache.ratis.server.impl.RaftServerProxy.getImplFuture(RaftServerProxy.java:359)
	at org.apache.ratis.server.impl.RaftServerProxy.getImpl(RaftServerProxy.java:368)
	at org.apache.ratis.server.impl.RaftServerProxy.getImpl(RaftServerProxy.java:363)
	at org.apache.ratis.server.impl.RaftServerProxy.appendEntries(RaftServerProxy.java:651)
	at org.apache.ratis.netty.server.NettyRpcService.handle(NettyRpcService.java:231)
	at org.apache.ratis.netty.server.NettyRpcService$InboundHandler.channelRead0(NettyRpcService.java:95)
	at org.apache.ratis.netty.server.NettyRpcService$InboundHandler.channelRead0(NettyRpcService.java:91)
	at org.apache.ratis.thirdparty.io.netty.channel.SimpleChannelInboundHandler.channelRead(SimpleChannelInboundHandler.java:99)
	at org.apache.ratis.thirdparty.io.netty.channel.AbstractChannelHandlerContext.invokeChannelRead(AbstractChannelHandlerContext.java:379)
	at org.apache.ratis.thirdparty.io.netty.channel.AbstractChannelHandlerContext.invokeChannelRead(AbstractChannelHandlerContext.java:365)
	at org.apache.ratis.thirdparty.io.netty.channel.AbstractChannelHandlerContext.fireChannelRead(AbstractChannelHandlerContext.java:357)
	at org.apache.ratis.thirdparty.io.netty.handler.codec.MessageToMessageDecoder.channelRead(MessageToMessageDecoder.java:103)
	at org.apache.ratis.thirdparty.io.netty.channel.AbstractChannelHandlerContext.invokeChannelRead(AbstractChannelHandlerContext.java:379)
	at org.apache.ratis.thirdparty.io.netty.channel.AbstractChannelHandlerContext.invokeChannelRead(AbstractChannelHandlerContext.java:365)
	at org.apache.ratis.thirdparty.io.netty.channel.AbstractChannelHandlerContext.fireChannelRead(AbstractChannelHandlerContext.java:357)
	at org.apache.ratis.thirdparty.io.netty.handler.codec.ByteToMessageDecoder.fireChannelRead(ByteToMessageDecoder.java:327)
	at org.apache.ratis.thirdparty.io.netty.handler.codec.ByteToMessageDecoder.channelRead(ByteToMessageDecoder.java:299)
	at org.apache.ratis.thirdparty.io.netty.channel.AbstractChannelHandlerContext.invokeChannelRead(AbstractChannelHandlerContext.java:379)
	at org.apache.ratis.thirdparty.io.netty.channel.AbstractChannelHandlerContext.invokeChannelRead(AbstractChannelHandlerContext.java:365)
	at org.apache.ratis.thirdparty.io.netty.channel.AbstractChannelHandlerContext.fireChannelRead(AbstractChannelHandlerContext.java:357)
	at org.apache.ratis.thirdparty.io.netty.channel.DefaultChannelPipeline$HeadContext.channelRead(DefaultChannelPipeline.java:1410)
	at org.apache.ratis.thirdparty.io.netty.channel.AbstractChannelHandlerContext.invokeChannelRead(AbstractChannelHandlerContext.java:379)
	at org.apache.ratis.thirdparty.io.netty.channel.AbstractChannelHandlerContext.invokeChannelRead(AbstractChannelHandlerContext.java:365)
	at org.apache.ratis.thirdparty.io.netty.channel.DefaultChannelPipeline.fireChannelRead(DefaultChannelPipeline.java:919)
	at org.apache.ratis.thirdparty.io.netty.channel.nio.AbstractNioByteChannel$NioByteUnsafe.read(AbstractNioByteChannel.java:166)
	at org.apache.ratis.thirdparty.io.netty.channel.nio.NioEventLoop.processSelectedKey(NioEventLoop.java:722)
	at org.apache.ratis.thirdparty.io.netty.channel.nio.NioEventLoop.processSelectedKeysOptimized(NioEventLoop.java:658)
	at org.apache.ratis.thirdparty.io.netty.channel.nio.NioEventLoop.processSelectedKeys(NioEventLoop.java:584)
	at org.apache.ratis.thirdparty.io.netty.channel.nio.NioEventLoop.run(NioEventLoop.java:496)
	at org.apache.ratis.thirdparty.io.netty.util.concurrent.SingleThreadEventExecutor$4.run(SingleThreadEventExecutor.java:995)
	at org.apache.ratis.thirdparty.io.netty.util.internal.ThreadExecutorMap$2.run(ThreadExecutorMap.java:74)
	at org.apache.ratis.thirdparty.io.netty.util.concurrent.FastThreadLocalRunnable.run(FastThreadLocalRunnable.java:30)
	at java.base/java.lang.Thread.run(Thread.java:829)
2023-03-17 00:26:17,018 WARN  server.RaftServer$Division (LeaderStateImpl.java:checkLeadership(1098)) - s12@group-307DF1E8AB17-LeaderStateImpl: Lost leadership on term: 2. Election timeout: 600ms. In charge for: 653ms. Conf: 121: peers:[s11|rpc:0.0.0.0:37111|dataStream:|priority:0|startupRole:FOLLOWER, s13|rpc:0.0.0.0:39411|dataStream:|priority:0|startupRole:FOLLOWER, s12|rpc:0.0.0.0:36717|dataStream:|priority:0|startupRole:FOLLOWER]|listeners:[], old=null
2023-03-17 00:26:17,018 WARN  server.RaftServer$Division (LeaderStateImpl.java:lambda$checkLeadership$20(1102)) - Follower s12@group-307DF1E8AB17->s11(c-1,m-1,n121, attendVote=true, lastRpcSendTime=10, lastRpcResponseTime=1253)
2023-03-17 00:26:17,018 WARN  server.RaftServer$Division (LeaderStateImpl.java:lambda$checkLeadership$20(1102)) - Follower s12@group-307DF1E8AB17->s13(c121,m122,n123, attendVote=true, lastRpcSendTime=6, lastRpcResponseTime=610)
2023-03-17 00:26:17,018 INFO  server.RaftServer$Division (RaftServerImpl.java:setRole(329)) - s12@group-307DF1E8AB17: changes role from    LEADER to FOLLOWER at term 2 for StepDownReason:LOST_MAJORITY_HEARTBEATS
2023-03-17 00:26:17,019 INFO  impl.RoleInfo (RoleInfo.java:shutdownLeaderState(93)) - s12: shutdown s12@group-307DF1E8AB17-LeaderStateImpl
2023-03-17 00:26:17,019 INFO  leader.LogAppenderDaemon (LogAppenderDaemon.java:run(83)) - s12@group-307DF1E8AB17->s11-LogAppenderDefault-LogAppenderDaemon was interrupted: java.lang.InterruptedException: sleep interrupted
2023-03-17 00:26:17,019 INFO  leader.LogAppenderDaemon (LogAppenderDaemon.java:run(83)) - s12@group-307DF1E8AB17->s13-LogAppenderDefault-LogAppenderDaemon was interrupted: java.lang.InterruptedException: sleep interrupted
2023-03-17 00:26:17,019 INFO  impl.PendingRequests (PendingRequests.java:sendNotLeaderResponses(289)) - s12@group-307DF1E8AB17-PendingRequests: sendNotLeaderResponses
2023-03-17 00:26:17,020 INFO  server.RaftServer$Division (ServerState.java:setLeader(260)) - s12@group-307DF1E8AB17: change Leader from s12 to null at term 2 for StepDownReason:LOST_MAJORITY_HEARTBEATS
2023-03-17 00:26:17,020 INFO  impl.RoleInfo (RoleInfo.java:updateAndGet(139)) - s12: start s12@group-307DF1E8AB17-FollowerState
2023-03-17 00:26:17,274 INFO  impl.MiniRaftCluster (MiniRaftCluster.java:lambda$start$6(349)) - TIMED-PRINT: printing ALL groups
  s3:  RUNNING [
   FOLLOWER s3@group-08C85AF2C45E:t1, leader=s2, voted=s2, raftlog=Memoized:s3@group-08C85AF2C45E-SegmentedRaftLog:OPENED:c120, conf=0: peers:[s3|rpc:0.0.0.0:36277|dataStream:|priority:0|startupRole:FOLLOWER, s14|rpc:0.0.0.0:36477|dataStream:|priority:0|startupRole:FOLLOWER, s2|rpc:0.0.0.0:39635|dataStream:|priority:0|startupRole:FOLLOWER]|listeners:[], old=null RUNNING
   FOLLOWER s3@group-38FE90E113AE:t0, leader=null, voted=, raftlog=Memoized:s3@group-38FE90E113AE-SegmentedRaftLog:OPENED:c-1, conf=-1: peers:[]|listeners:[], old=null STARTING] size=2
  s4:  RUNNING [
     LEADER s4@group-04A534573A2A:t1, leader=s4, voted=s4, raftlog=Memoized:s4@group-04A534573A2A-SegmentedRaftLog:OPENED:c120, conf=0: peers:[s4|rpc:0.0.0.0:39523|dataStream:|priority:0|startupRole:FOLLOWER, s5|rpc:0.0.0.0:38791|dataStream:|priority:0|startupRole:FOLLOWER, s6|rpc:0.0.0.0:34503|dataStream:|priority:0|startupRole:FOLLOWER]|listeners:[], old=null RUNNING
   FOLLOWER s4@group-38FE90E113AE:t0, leader=null, voted=, raftlog=Memoized:s4@group-38FE90E113AE-SegmentedRaftLog:OPENED:c-1, conf=-1: peers:[]|listeners:[], old=null STARTING] size=2
  s5:  RUNNING [
   FOLLOWER s5@group-04A534573A2A:t1, leader=s4, voted=s4, raftlog=Memoized:s5@group-04A534573A2A-SegmentedRaftLog:OPENED:c120, conf=0: peers:[s4|rpc:0.0.0.0:39523|dataStream:|priority:0|startupRole:FOLLOWER, s5|rpc:0.0.0.0:38791|dataStream:|priority:0|startupRole:FOLLOWER, s6|rpc:0.0.0.0:34503|dataStream:|priority:0|startupRole:FOLLOWER]|listeners:[], old=null RUNNING
   FOLLOWER s5@group-38FE90E113AE:t0, leader=null, voted=, raftlog=Memoized:s5@group-38FE90E113AE-SegmentedRaftLog:OPENED:c-1, conf=-1: peers:[]|listeners:[], old=null STARTING] size=2
  s6:  RUNNING [
   FOLLOWER s6@group-04A534573A2A:t1, leader=s4, voted=s4, raftlog=Memoized:s6@group-04A534573A2A-SegmentedRaftLog:OPENED:c120, conf=0: peers:[s4|rpc:0.0.0.0:39523|dataStream:|priority:0|startupRole:FOLLOWER, s5|rpc:0.0.0.0:38791|dataStream:|priority:0|startupRole:FOLLOWER, s6|rpc:0.0.0.0:34503|dataStream:|priority:0|startupRole:FOLLOWER]|listeners:[], old=null RUNNING
   FOLLOWER s6@group-38FE90E113AE:t0, leader=null, voted=, raftlog=Memoized:s6@group-38FE90E113AE-SegmentedRaftLog:OPENED:c-1, conf=-1: peers:[]|listeners:[], old=null STARTING] size=2
  s7:  RUNNING [
     LEADER s7@group-69A93867D6DE:t1, leader=s7, voted=s7, raftlog=Memoized:s7@group-69A93867D6DE-SegmentedRaftLog:OPENED:c120, conf=0: peers:[s7|rpc:0.0.0.0:44573|dataStream:|priority:0|startupRole:FOLLOWER, s8|rpc:0.0.0.0:45461|dataStream:|priority:0|startupRole:FOLLOWER, s9|rpc:0.0.0.0:42413|dataStream:|priority:0|startupRole:FOLLOWER]|listeners:[], old=null RUNNING
   FOLLOWER s7@group-38FE90E113AE:t0, leader=null, voted=, raftlog=Memoized:s7@group-38FE90E113AE-SegmentedRaftLog:OPENED:c-1, conf=-1: peers:[]|listeners:[], old=null STARTING] size=2
  s8:  RUNNING [
   FOLLOWER s8@group-69A93867D6DE:t1, leader=s7, voted=s7, raftlog=Memoized:s8@group-69A93867D6DE-SegmentedRaftLog:OPENED:c120, conf=0: peers:[s7|rpc:0.0.0.0:44573|dataStream:|priority:0|startupRole:FOLLOWER, s8|rpc:0.0.0.0:45461|dataStream:|priority:0|startupRole:FOLLOWER, s9|rpc:0.0.0.0:42413|dataStream:|priority:0|startupRole:FOLLOWER]|listeners:[], old=null RUNNING
   FOLLOWER s8@group-38FE90E113AE:t0, leader=null, voted=, raftlog=Memoized:s8@group-38FE90E113AE-SegmentedRaftLog:OPENED:c-1, conf=-1: peers:[]|listeners:[], old=null STARTING] size=2
  s9:  RUNNING [
   FOLLOWER s9@group-69A93867D6DE:t1, leader=s7, voted=s7, raftlog=Memoized:s9@group-69A93867D6DE-SegmentedRaftLog:OPENED:c120, conf=0: peers:[s7|rpc:0.0.0.0:44573|dataStream:|priority:0|startupRole:FOLLOWER, s8|rpc:0.0.0.0:45461|dataStream:|priority:0|startupRole:FOLLOWER, s9|rpc:0.0.0.0:42413|dataStream:|priority:0|startupRole:FOLLOWER]|listeners:[], old=null RUNNING
   FOLLOWER s9@group-38FE90E113AE:t0, leader=null, voted=, raftlog=Memoized:s9@group-38FE90E113AE-SegmentedRaftLog:OPENED:c-1, conf=-1: peers:[]|listeners:[], old=null STARTING] size=2
  s11:  RUNNING  FOLLOWER s11@group-38FE90E113AE:t0, leader=null, voted=, raftlog=Memoized:s11@group-38FE90E113AE-SegmentedRaftLog:OPENED:c-1, conf=-1: peers:[]|listeners:[], old=null STARTING
  s10:  RUNNING [
   FOLLOWER s10@group-6E994AD85659:t1, leader=s1, voted=s1, raftlog=Memoized:s10@group-6E994AD85659-SegmentedRaftLog:OPENED:c120, conf=0: peers:[s10|rpc:0.0.0.0:37585|dataStream:|priority:0|startupRole:FOLLOWER, s0|rpc:0.0.0.0:43787|dataStream:|priority:0|startupRole:FOLLOWER, s1|rpc:0.0.0.0:45531|dataStream:|priority:0|startupRole:FOLLOWER]|listeners:[], old=null RUNNING
   FOLLOWER s10@group-38FE90E113AE:t0, leader=null, voted=, raftlog=Memoized:s10@group-38FE90E113AE-SegmentedRaftLog:OPENED:c-1, conf=-1: peers:[]|listeners:[], old=null STARTING] size=2
  s13:  RUNNING  FOLLOWER s13@group-38FE90E113AE:t0, leader=null, voted=, raftlog=Memoized:s13@group-38FE90E113AE-SegmentedRaftLog:OPENED:c-1, conf=-1: peers:[]|listeners:[], old=null STARTING
  s12:  RUNNING [
   FOLLOWER s12@group-307DF1E8AB17:t2, leader=null, voted=s12, raftlog=Memoized:s12@group-307DF1E8AB17-SegmentedRaftLog:OPENED:c122, conf=121: peers:[s11|rpc:0.0.0.0:37111|dataStream:|priority:0|startupRole:FOLLOWER, s13|rpc:0.0.0.0:39411|dataStream:|priority:0|startupRole:FOLLOWER, s12|rpc:0.0.0.0:36717|dataStream:|priority:0|startupRole:FOLLOWER]|listeners:[], old=null RUNNING
   FOLLOWER s12@group-38FE90E113AE:t0, leader=null, voted=, raftlog=Memoized:s12@group-38FE90E113AE-SegmentedRaftLog:OPENED:c-1, conf=-1: peers:[]|listeners:[], old=null STARTING] size=2
  s14:  RUNNING [
   FOLLOWER s14@group-08C85AF2C45E:t1, leader=s2, voted=s2, raftlog=Memoized:s14@group-08C85AF2C45E-SegmentedRaftLog:OPENED:c120, conf=0: peers:[s3|rpc:0.0.0.0:36277|dataStream:|priority:0|startupRole:FOLLOWER, s14|rpc:0.0.0.0:36477|dataStream:|priority:0|startupRole:FOLLOWER, s2|rpc:0.0.0.0:39635|dataStream:|priority:0|startupRole:FOLLOWER]|listeners:[], old=null RUNNING
   FOLLOWER s14@group-38FE90E113AE:t0, leader=null, voted=, raftlog=Memoized:s14@group-38FE90E113AE-SegmentedRaftLog:OPENED:c-1, conf=-1: peers:[]|listeners:[], old=null STARTING] size=2
  s0:  RUNNING [
   FOLLOWER s0@group-6E994AD85659:t1, leader=s1, voted=s1, raftlog=Memoized:s0@group-6E994AD85659-SegmentedRaftLog:OPENED:c120, conf=0: peers:[s10|rpc:0.0.0.0:37585|dataStream:|priority:0|startupRole:FOLLOWER, s0|rpc:0.0.0.0:43787|dataStream:|priority:0|startupRole:FOLLOWER, s1|rpc:0.0.0.0:45531|dataStream:|priority:0|startupRole:FOLLOWER]|listeners:[], old=null RUNNING
   FOLLOWER s0@group-38FE90E113AE:t0, leader=null, voted=, raftlog=Memoized:s0@group-38FE90E113AE-SegmentedRaftLog:OPENED:c-1, conf=-1: peers:[]|listeners:[], old=null STARTING] size=2
  s1:  RUNNING [
     LEADER s1@group-6E994AD85659:t1, leader=s1, voted=s1, raftlog=Memoized:s1@group-6E994AD85659-SegmentedRaftLog:OPENED:c120, conf=0: peers:[s10|rpc:0.0.0.0:37585|dataStream:|priority:0|startupRole:FOLLOWER, s0|rpc:0.0.0.0:43787|dataStream:|priority:0|startupRole:FOLLOWER, s1|rpc:0.0.0.0:45531|dataStream:|priority:0|startupRole:FOLLOWER]|listeners:[], old=null RUNNING
   FOLLOWER s1@group-38FE90E113AE:t0, leader=null, voted=, raftlog=Memoized:s1@group-38FE90E113AE-SegmentedRaftLog:OPENED:c-1, conf=-1: peers:[]|listeners:[], old=null STARTING] size=2
  s2:  RUNNING [
     LEADER s2@group-08C85AF2C45E:t1, leader=s2, voted=s2, raftlog=Memoized:s2@group-08C85AF2C45E-SegmentedRaftLog:OPENED:c120, conf=0: peers:[s3|rpc:0.0.0.0:36277|dataStream:|priority:0|startupRole:FOLLOWER, s14|rpc:0.0.0.0:36477|dataStream:|priority:0|startupRole:FOLLOWER, s2|rpc:0.0.0.0:39635|dataStream:|priority:0|startupRole:FOLLOWER]|listeners:[], old=null RUNNING
   FOLLOWER s2@group-38FE90E113AE:t0, leader=null, voted=, raftlog=Memoized:s2@group-38FE90E113AE-SegmentedRaftLog:OPENED:c-1, conf=-1: peers:[]|listeners:[], old=null STARTING] size=2
2023-03-17 00:26:17,408 INFO  segmented.SegmentedRaftLogWorker (SegmentedRaftLogWorker.java:close(242)) - s13@group-307DF1E8AB17-SegmentedRaftLogWorker close()
2023-03-17 00:26:17,409 TRACE util.FileUtils (FileUtils.java:deleteFully(201)) - deleteFully /home/runner/work/ratis/ratis/ratis-examples/target/test/data/9a3b15da/MiniRaftClusterWithNettyce94e709/s13/888c57f2-0bbd-4df6-b406-307df1e8ab17
2023-03-17 00:26:17,409 TRACE util.FileUtils (LogUtils.java:runAndLog(49)) - Successfully ran Files.delete /home/runner/work/ratis/ratis/ratis-examples/target/test/data/9a3b15da/MiniRaftClusterWithNettyce94e709/s13/888c57f2-0bbd-4df6-b406-307df1e8ab17/in_use.lock
2023-03-17 00:26:17,409 TRACE util.FileUtils (LogUtils.java:runAndLog(49)) - Successfully ran Files.delete /home/runner/work/ratis/ratis/ratis-examples/target/test/data/9a3b15da/MiniRaftClusterWithNettyce94e709/s13/888c57f2-0bbd-4df6-b406-307df1e8ab17/sm
2023-03-17 00:26:17,410 TRACE util.FileUtils (LogUtils.java:runAndLog(49)) - Successfully ran Files.delete /home/runner/work/ratis/ratis/ratis-examples/target/test/data/9a3b15da/MiniRaftClusterWithNettyce94e709/s13/888c57f2-0bbd-4df6-b406-307df1e8ab17/current/log_inprogress_121
2023-03-17 00:26:17,410 TRACE util.FileUtils (LogUtils.java:runAndLog(49)) - Successfully ran Files.delete /home/runner/work/ratis/ratis/ratis-examples/target/test/data/9a3b15da/MiniRaftClusterWithNettyce94e709/s13/888c57f2-0bbd-4df6-b406-307df1e8ab17/current/log_0-120
2023-03-17 00:26:17,410 TRACE util.FileUtils (LogUtils.java:runAndLog(49)) - Successfully ran Files.delete /home/runner/work/ratis/ratis/ratis-examples/target/test/data/9a3b15da/MiniRaftClusterWithNettyce94e709/s13/888c57f2-0bbd-4df6-b406-307df1e8ab17/current/raft-meta.conf
2023-03-17 00:26:17,410 TRACE util.FileUtils (LogUtils.java:runAndLog(49)) - Successfully ran Files.delete /home/runner/work/ratis/ratis/ratis-examples/target/test/data/9a3b15da/MiniRaftClusterWithNettyce94e709/s13/888c57f2-0bbd-4df6-b406-307df1e8ab17/current/raft-meta
2023-03-17 00:26:17,410 TRACE util.FileUtils (LogUtils.java:runAndLog(49)) - Successfully ran Files.delete /home/runner/work/ratis/ratis/ratis-examples/target/test/data/9a3b15da/MiniRaftClusterWithNettyce94e709/s13/888c57f2-0bbd-4df6-b406-307df1e8ab17/current
2023-03-17 00:26:17,410 TRACE util.FileUtils (LogUtils.java:runAndLog(49)) - Successfully ran Files.delete /home/runner/work/ratis/ratis/ratis-examples/target/test/data/9a3b15da/MiniRaftClusterWithNettyce94e709/s13/888c57f2-0bbd-4df6-b406-307df1e8ab17
2023-03-17 00:26:17,410 INFO  server.RaftServer$Division (RaftServerImpl.java:groupRemove(436)) - s13@group-307DF1E8AB17: Succeed to remove RaftStorageDirectory Storage Directory /home/runner/work/ratis/ratis/ratis-examples/target/test/data/9a3b15da/MiniRaftClusterWithNettyce94e709/s13/888c57f2-0bbd-4df6-b406-307df1e8ab17
2023-03-17 00:26:17,419 INFO  logging.LoggingHandler (AbstractInternalLogger.java:log(148)) - [id: 0x07f7011d, L:/0.0.0.0:36717] READ: [id: 0xee2cfcac, L:/10.1.0.17:36717 - R:/10.1.0.17:43832]
2023-03-17 00:26:17,421 INFO  logging.LoggingHandler (AbstractInternalLogger.java:log(148)) - [id: 0x07f7011d, L:/0.0.0.0:36717] READ COMPLETE
2023-03-17 00:26:17,422 INFO  server.RaftServer (RaftServerProxy.java:remove(110)) - s12: remove  FOLLOWER s12@group-307DF1E8AB17:t2, leader=null, voted=s12, raftlog=Memoized:s12@group-307DF1E8AB17-SegmentedRaftLog:OPENED:c122, conf=121: peers:[s11|rpc:0.0.0.0:37111|dataStream:|priority:0|startupRole:FOLLOWER, s13|rpc:0.0.0.0:39411|dataStream:|priority:0|startupRole:FOLLOWER, s12|rpc:0.0.0.0:36717|dataStream:|priority:0|startupRole:FOLLOWER]|listeners:[], old=null RUNNING
2023-03-17 00:26:17,422 INFO  server.RaftServer$Division (RaftServerImpl.java:lambda$close$4(466)) - s12@group-307DF1E8AB17: shutdown
2023-03-17 00:26:17,422 INFO  util.JmxRegister (JmxRegister.java:unregister(73)) - Successfully un-registered JMX Bean with object name Ratis:service=RaftServer,group=group-307DF1E8AB17,id=s12
2023-03-17 00:26:17,422 INFO  impl.RoleInfo (RoleInfo.java:shutdownFollowerState(110)) - s12: shutdown s12@group-307DF1E8AB17-FollowerState
2023-03-17 00:26:17,422 INFO  impl.FollowerState (FollowerState.java:run(152)) - s12@group-307DF1E8AB17-FollowerState was interrupted
2023-03-17 00:26:17,423 INFO  impl.StateMachineUpdater (StateMachineUpdater.java:stopAndJoin(154)) - s12@group-307DF1E8AB17-StateMachineUpdater: set stopIndex = 122
2023-03-17 00:26:17,423 INFO  server.RaftServer$Division (ServerState.java:close(414)) - s12@group-307DF1E8AB17: applyIndex: -1
2023-03-17 00:26:18,407 INFO  segmented.SegmentedRaftLogWorker (SegmentedRaftLogWorker.java:close(242)) - s12@group-307DF1E8AB17-SegmentedRaftLogWorker close()
2023-03-17 00:26:18,408 TRACE util.FileUtils (FileUtils.java:deleteFully(201)) - deleteFully /home/runner/work/ratis/ratis/ratis-examples/target/test/data/9a3b15da/MiniRaftClusterWithNettyce94e709/s12/888c57f2-0bbd-4df6-b406-307df1e8ab17
2023-03-17 00:26:18,408 TRACE util.FileUtils (LogUtils.java:runAndLog(49)) - Successfully ran Files.delete /home/runner/work/ratis/ratis/ratis-examples/target/test/data/9a3b15da/MiniRaftClusterWithNettyce94e709/s12/888c57f2-0bbd-4df6-b406-307df1e8ab17/in_use.lock
2023-03-17 00:26:18,408 TRACE util.FileUtils (LogUtils.java:runAndLog(49)) - Successfully ran Files.delete /home/runner/work/ratis/ratis/ratis-examples/target/test/data/9a3b15da/MiniRaftClusterWithNettyce94e709/s12/888c57f2-0bbd-4df6-b406-307df1e8ab17/sm
2023-03-17 00:26:18,408 TRACE util.FileUtils (LogUtils.java:runAndLog(49)) - Successfully ran Files.delete /home/runner/work/ratis/ratis/ratis-examples/target/test/data/9a3b15da/MiniRaftClusterWithNettyce94e709/s12/888c57f2-0bbd-4df6-b406-307df1e8ab17/current/log_inprogress_121
2023-03-17 00:26:18,409 TRACE util.FileUtils (LogUtils.java:runAndLog(49)) - Successfully ran Files.delete /home/runner/work/ratis/ratis/ratis-examples/target/test/data/9a3b15da/MiniRaftClusterWithNettyce94e709/s12/888c57f2-0bbd-4df6-b406-307df1e8ab17/current/log_0-120
2023-03-17 00:26:18,409 TRACE util.FileUtils (LogUtils.java:runAndLog(49)) - Successfully ran Files.delete /home/runner/work/ratis/ratis/ratis-examples/target/test/data/9a3b15da/MiniRaftClusterWithNettyce94e709/s12/888c57f2-0bbd-4df6-b406-307df1e8ab17/current/raft-meta.conf
2023-03-17 00:26:18,409 TRACE util.FileUtils (LogUtils.java:runAndLog(49)) - Successfully ran Files.delete /home/runner/work/ratis/ratis/ratis-examples/target/test/data/9a3b15da/MiniRaftClusterWithNettyce94e709/s12/888c57f2-0bbd-4df6-b406-307df1e8ab17/current/raft-meta
2023-03-17 00:26:18,409 TRACE util.FileUtils (LogUtils.java:runAndLog(49)) - Successfully ran Files.delete /home/runner/work/ratis/ratis/ratis-examples/target/test/data/9a3b15da/MiniRaftClusterWithNettyce94e709/s12/888c57f2-0bbd-4df6-b406-307df1e8ab17/current
2023-03-17 00:26:18,409 TRACE util.FileUtils (LogUtils.java:runAndLog(49)) - Successfully ran Files.delete /home/runner/work/ratis/ratis/ratis-examples/target/test/data/9a3b15da/MiniRaftClusterWithNettyce94e709/s12/888c57f2-0bbd-4df6-b406-307df1e8ab17
2023-03-17 00:26:18,409 INFO  server.RaftServer$Division (RaftServerImpl.java:groupRemove(436)) - s12@group-307DF1E8AB17: Succeed to remove RaftStorageDirectory Storage Directory /home/runner/work/ratis/ratis/ratis-examples/target/test/data/9a3b15da/MiniRaftClusterWithNettyce94e709/s12/888c57f2-0bbd-4df6-b406-307df1e8ab17
2023-03-17 00:26:18,418 INFO  impl.GroupManagementBaseTest (GroupManagementBaseTest.java:runMultiGroupTest(299)) - 2) close printing group-08C85AF2C45E
  s3:  RUNNING [
   FOLLOWER s3@group-08C85AF2C45E:t1, leader=s2, voted=s2, raftlog=Memoized:s3@group-08C85AF2C45E-SegmentedRaftLog:OPENED:c120, conf=0: peers:[s3|rpc:0.0.0.0:36277|dataStream:|priority:0|startupRole:FOLLOWER, s14|rpc:0.0.0.0:36477|dataStream:|priority:0|startupRole:FOLLOWER, s2|rpc:0.0.0.0:39635|dataStream:|priority:0|startupRole:FOLLOWER]|listeners:[], old=null RUNNING
   FOLLOWER s3@group-38FE90E113AE:t0, leader=null, voted=, raftlog=Memoized:s3@group-38FE90E113AE-SegmentedRaftLog:OPENED:c-1, conf=-1: peers:[]|listeners:[], old=null STARTING] size=2
  s14:  RUNNING [
   FOLLOWER s14@group-08C85AF2C45E:t1, leader=s2, voted=s2, raftlog=Memoized:s14@group-08C85AF2C45E-SegmentedRaftLog:OPENED:c120, conf=0: peers:[s3|rpc:0.0.0.0:36277|dataStream:|priority:0|startupRole:FOLLOWER, s14|rpc:0.0.0.0:36477|dataStream:|priority:0|startupRole:FOLLOWER, s2|rpc:0.0.0.0:39635|dataStream:|priority:0|startupRole:FOLLOWER]|listeners:[], old=null RUNNING
   FOLLOWER s14@group-38FE90E113AE:t0, leader=null, voted=, raftlog=Memoized:s14@group-38FE90E113AE-SegmentedRaftLog:OPENED:c-1, conf=-1: peers:[]|listeners:[], old=null STARTING] size=2
  s2:  RUNNING [
     LEADER s2@group-08C85AF2C45E:t1, leader=s2, voted=s2, raftlog=Memoized:s2@group-08C85AF2C45E-SegmentedRaftLog:OPENED:c120, conf=0: peers:[s3|rpc:0.0.0.0:36277|dataStream:|priority:0|startupRole:FOLLOWER, s14|rpc:0.0.0.0:36477|dataStream:|priority:0|startupRole:FOLLOWER, s2|rpc:0.0.0.0:39635|dataStream:|priority:0|startupRole:FOLLOWER]|listeners:[], old=null RUNNING
   FOLLOWER s2@group-38FE90E113AE:t0, leader=null, voted=, raftlog=Memoized:s2@group-38FE90E113AE-SegmentedRaftLog:OPENED:c-1, conf=-1: peers:[]|listeners:[], old=null STARTING] size=2
2023-03-17 00:26:18,420 INFO  logging.LoggingHandler (AbstractInternalLogger.java:log(148)) - [id: 0x537f870e, L:/0.0.0.0:36277] READ: [id: 0x1bf5a147, L:/10.1.0.17:36277 - R:/10.1.0.17:34260]
2023-03-17 00:26:18,420 INFO  logging.LoggingHandler (AbstractInternalLogger.java:log(148)) - [id: 0x537f870e, L:/0.0.0.0:36277] READ COMPLETE
2023-03-17 00:26:18,424 INFO  server.RaftServer (RaftServerProxy.java:remove(110)) - s3: remove  FOLLOWER s3@group-08C85AF2C45E:t1, leader=s2, voted=s2, raftlog=Memoized:s3@group-08C85AF2C45E-SegmentedRaftLog:OPENED:c120, conf=0: peers:[s3|rpc:0.0.0.0:36277|dataStream:|priority:0|startupRole:FOLLOWER, s14|rpc:0.0.0.0:36477|dataStream:|priority:0|startupRole:FOLLOWER, s2|rpc:0.0.0.0:39635|dataStream:|priority:0|startupRole:FOLLOWER]|listeners:[], old=null RUNNING
2023-03-17 00:26:18,424 INFO  server.RaftServer$Division (RaftServerImpl.java:lambda$close$4(466)) - s3@group-08C85AF2C45E: shutdown
2023-03-17 00:26:18,425 INFO  util.JmxRegister (JmxRegister.java:unregister(73)) - Successfully un-registered JMX Bean with object name Ratis:service=RaftServer,group=group-08C85AF2C45E,id=s3
2023-03-17 00:26:18,425 INFO  impl.RoleInfo (RoleInfo.java:shutdownFollowerState(110)) - s3: shutdown s3@group-08C85AF2C45E-FollowerState
2023-03-17 00:26:18,425 INFO  impl.FollowerState (FollowerState.java:run(152)) - s3@group-08C85AF2C45E-FollowerState was interrupted
2023-03-17 00:26:18,425 INFO  impl.StateMachineUpdater (StateMachineUpdater.java:stopAndJoin(154)) - s3@group-08C85AF2C45E-StateMachineUpdater: set stopIndex = 120
2023-03-17 00:26:18,425 INFO  server.RaftServer$Division (ServerState.java:close(414)) - s3@group-08C85AF2C45E: applyIndex: -1
2023-03-17 00:26:18,564 WARN  leader.LogAppender (LogAppenderDefault.java:sendAppendEntriesWithRetries(87)) - s2@group-08C85AF2C45E->s3-LogAppenderDefault: Failed to appendEntries (retry=1): {}
org.apache.ratis.protocol.exceptions.GroupMismatchException: s3: group-08C85AF2C45E not found.
	at org.apache.ratis.server.impl.RaftServerProxy$ImplMap.get(RaftServerProxy.java:153)
	at org.apache.ratis.server.impl.RaftServerProxy.getImplFuture(RaftServerProxy.java:359)
	at org.apache.ratis.server.impl.RaftServerProxy.getImpl(RaftServerProxy.java:368)
	at org.apache.ratis.server.impl.RaftServerProxy.getImpl(RaftServerProxy.java:363)
	at org.apache.ratis.server.impl.RaftServerProxy.appendEntries(RaftServerProxy.java:651)
	at org.apache.ratis.netty.server.NettyRpcService.handle(NettyRpcService.java:231)
	at org.apache.ratis.netty.server.NettyRpcService$InboundHandler.channelRead0(NettyRpcService.java:95)
	at org.apache.ratis.netty.server.NettyRpcService$InboundHandler.channelRead0(NettyRpcService.java:91)
	at org.apache.ratis.thirdparty.io.netty.channel.SimpleChannelInboundHandler.channelRead(SimpleChannelInboundHandler.java:99)
	at org.apache.ratis.thirdparty.io.netty.channel.AbstractChannelHandlerContext.invokeChannelRead(AbstractChannelHandlerContext.java:379)
	at org.apache.ratis.thirdparty.io.netty.channel.AbstractChannelHandlerContext.invokeChannelRead(AbstractChannelHandlerContext.java:365)
	at org.apache.ratis.thirdparty.io.netty.channel.AbstractChannelHandlerContext.fireChannelRead(AbstractChannelHandlerContext.java:357)
	at org.apache.ratis.thirdparty.io.netty.handler.codec.MessageToMessageDecoder.channelRead(MessageToMessageDecoder.java:103)
	at org.apache.ratis.thirdparty.io.netty.channel.AbstractChannelHandlerContext.invokeChannelRead(AbstractChannelHandlerContext.java:379)
	at org.apache.ratis.thirdparty.io.netty.channel.AbstractChannelHandlerContext.invokeChannelRead(AbstractChannelHandlerContext.java:365)
	at org.apache.ratis.thirdparty.io.netty.channel.AbstractChannelHandlerContext.fireChannelRead(AbstractChannelHandlerContext.java:357)
	at org.apache.ratis.thirdparty.io.netty.handler.codec.ByteToMessageDecoder.fireChannelRead(ByteToMessageDecoder.java:327)
	at org.apache.ratis.thirdparty.io.netty.handler.codec.ByteToMessageDecoder.channelRead(ByteToMessageDecoder.java:299)
	at org.apache.ratis.thirdparty.io.netty.channel.AbstractChannelHandlerContext.invokeChannelRead(AbstractChannelHandlerContext.java:379)
	at org.apache.ratis.thirdparty.io.netty.channel.AbstractChannelHandlerContext.invokeChannelRead(AbstractChannelHandlerContext.java:365)
	at org.apache.ratis.thirdparty.io.netty.channel.AbstractChannelHandlerContext.fireChannelRead(AbstractChannelHandlerContext.java:357)
	at org.apache.ratis.thirdparty.io.netty.channel.DefaultChannelPipeline$HeadContext.channelRead(DefaultChannelPipeline.java:1410)
	at org.apache.ratis.thirdparty.io.netty.channel.AbstractChannelHandlerContext.invokeChannelRead(AbstractChannelHandlerContext.java:379)
	at org.apache.ratis.thirdparty.io.netty.channel.AbstractChannelHandlerContext.invokeChannelRead(AbstractChannelHandlerContext.java:365)
	at org.apache.ratis.thirdparty.io.netty.channel.DefaultChannelPipeline.fireChannelRead(DefaultChannelPipeline.java:919)
	at org.apache.ratis.thirdparty.io.netty.channel.nio.AbstractNioByteChannel$NioByteUnsafe.read(AbstractNioByteChannel.java:166)
	at org.apache.ratis.thirdparty.io.netty.channel.nio.NioEventLoop.processSelectedKey(NioEventLoop.java:722)
	at org.apache.ratis.thirdparty.io.netty.channel.nio.NioEventLoop.processSelectedKeysOptimized(NioEventLoop.java:658)
	at org.apache.ratis.thirdparty.io.netty.channel.nio.NioEventLoop.processSelectedKeys(NioEventLoop.java:584)
	at org.apache.ratis.thirdparty.io.netty.channel.nio.NioEventLoop.run(NioEventLoop.java:496)
	at org.apache.ratis.thirdparty.io.netty.util.concurrent.SingleThreadEventExecutor$4.run(SingleThreadEventExecutor.java:995)
	at org.apache.ratis.thirdparty.io.netty.util.internal.ThreadExecutorMap$2.run(ThreadExecutorMap.java:74)
	at org.apache.ratis.thirdparty.io.netty.util.concurrent.FastThreadLocalRunnable.run(FastThreadLocalRunnable.java:30)
	at java.base/java.lang.Thread.run(Thread.java:829)
2023-03-17 00:26:18,639 WARN  leader.LogAppender (LogAppenderDefault.java:sendAppendEntriesWithRetries(87)) - s2@group-08C85AF2C45E->s3-LogAppenderDefault: Failed to appendEntries (retry=1): {}
org.apache.ratis.protocol.exceptions.GroupMismatchException: s3: group-08C85AF2C45E not found.
	at org.apache.ratis.server.impl.RaftServerProxy$ImplMap.get(RaftServerProxy.java:153)
	at org.apache.ratis.server.impl.RaftServerProxy.getImplFuture(RaftServerProxy.java:359)
	at org.apache.ratis.server.impl.RaftServerProxy.getImpl(RaftServerProxy.java:368)
	at org.apache.ratis.server.impl.RaftServerProxy.getImpl(RaftServerProxy.java:363)
	at org.apache.ratis.server.impl.RaftServerProxy.appendEntries(RaftServerProxy.java:651)
	at org.apache.ratis.netty.server.NettyRpcService.handle(NettyRpcService.java:231)
	at org.apache.ratis.netty.server.NettyRpcService$InboundHandler.channelRead0(NettyRpcService.java:95)
	at org.apache.ratis.netty.server.NettyRpcService$InboundHandler.channelRead0(NettyRpcService.java:91)
	at org.apache.ratis.thirdparty.io.netty.channel.SimpleChannelInboundHandler.channelRead(SimpleChannelInboundHandler.java:99)
	at org.apache.ratis.thirdparty.io.netty.channel.AbstractChannelHandlerContext.invokeChannelRead(AbstractChannelHandlerContext.java:379)
	at org.apache.ratis.thirdparty.io.netty.channel.AbstractChannelHandlerContext.invokeChannelRead(AbstractChannelHandlerContext.java:365)
	at org.apache.ratis.thirdparty.io.netty.channel.AbstractChannelHandlerContext.fireChannelRead(AbstractChannelHandlerContext.java:357)
	at org.apache.ratis.thirdparty.io.netty.handler.codec.MessageToMessageDecoder.channelRead(MessageToMessageDecoder.java:103)
	at org.apache.ratis.thirdparty.io.netty.channel.AbstractChannelHandlerContext.invokeChannelRead(AbstractChannelHandlerContext.java:379)
	at org.apache.ratis.thirdparty.io.netty.channel.AbstractChannelHandlerContext.invokeChannelRead(AbstractChannelHandlerContext.java:365)
	at org.apache.ratis.thirdparty.io.netty.channel.AbstractChannelHandlerContext.fireChannelRead(AbstractChannelHandlerContext.java:357)
	at org.apache.ratis.thirdparty.io.netty.handler.codec.ByteToMessageDecoder.fireChannelRead(ByteToMessageDecoder.java:327)
	at org.apache.ratis.thirdparty.io.netty.handler.codec.ByteToMessageDecoder.channelRead(ByteToMessageDecoder.java:299)
	at org.apache.ratis.thirdparty.io.netty.channel.AbstractChannelHandlerContext.invokeChannelRead(AbstractChannelHandlerContext.java:379)
	at org.apache.ratis.thirdparty.io.netty.channel.AbstractChannelHandlerContext.invokeChannelRead(AbstractChannelHandlerContext.java:365)
	at org.apache.ratis.thirdparty.io.netty.channel.AbstractChannelHandlerContext.fireChannelRead(AbstractChannelHandlerContext.java:357)
	at org.apache.ratis.thirdparty.io.netty.channel.DefaultChannelPipeline$HeadContext.channelRead(DefaultChannelPipeline.java:1410)
	at org.apache.ratis.thirdparty.io.netty.channel.AbstractChannelHandlerContext.invokeChannelRead(AbstractChannelHandlerContext.java:379)
	at org.apache.ratis.thirdparty.io.netty.channel.AbstractChannelHandlerContext.invokeChannelRead(AbstractChannelHandlerContext.java:365)
	at org.apache.ratis.thirdparty.io.netty.channel.DefaultChannelPipeline.fireChannelRead(DefaultChannelPipeline.java:919)
	at org.apache.ratis.thirdparty.io.netty.channel.nio.AbstractNioByteChannel$NioByteUnsafe.read(AbstractNioByteChannel.java:166)
	at org.apache.ratis.thirdparty.io.netty.channel.nio.NioEventLoop.processSelectedKey(NioEventLoop.java:722)
	at org.apache.ratis.thirdparty.io.netty.channel.nio.NioEventLoop.processSelectedKeysOptimized(NioEventLoop.java:658)
	at org.apache.ratis.thirdparty.io.netty.channel.nio.NioEventLoop.processSelectedKeys(NioEventLoop.java:584)
	at org.apache.ratis.thirdparty.io.netty.channel.nio.NioEventLoop.run(NioEventLoop.java:496)
	at org.apache.ratis.thirdparty.io.netty.util.concurrent.SingleThreadEventExecutor$4.run(SingleThreadEventExecutor.java:995)
	at org.apache.ratis.thirdparty.io.netty.util.internal.ThreadExecutorMap$2.run(ThreadExecutorMap.java:74)
	at org.apache.ratis.thirdparty.io.netty.util.concurrent.FastThreadLocalRunnable.run(FastThreadLocalRunnable.java:30)
	at java.base/java.lang.Thread.run(Thread.java:829)
2023-03-17 00:26:18,715 WARN  leader.LogAppender (LogAppenderDefault.java:sendAppendEntriesWithRetries(87)) - s2@group-08C85AF2C45E->s3-LogAppenderDefault: Failed to appendEntries (retry=1): {}
org.apache.ratis.protocol.exceptions.GroupMismatchException: s3: group-08C85AF2C45E not found.
	at org.apache.ratis.server.impl.RaftServerProxy$ImplMap.get(RaftServerProxy.java:153)
	at org.apache.ratis.server.impl.RaftServerProxy.getImplFuture(RaftServerProxy.java:359)
	at org.apache.ratis.server.impl.RaftServerProxy.getImpl(RaftServerProxy.java:368)
	at org.apache.ratis.server.impl.RaftServerProxy.getImpl(RaftServerProxy.java:363)
	at org.apache.ratis.server.impl.RaftServerProxy.appendEntries(RaftServerProxy.java:651)
	at org.apache.ratis.netty.server.NettyRpcService.handle(NettyRpcService.java:231)
	at org.apache.ratis.netty.server.NettyRpcService$InboundHandler.channelRead0(NettyRpcService.java:95)
	at org.apache.ratis.netty.server.NettyRpcService$InboundHandler.channelRead0(NettyRpcService.java:91)
	at org.apache.ratis.thirdparty.io.netty.channel.SimpleChannelInboundHandler.channelRead(SimpleChannelInboundHandler.java:99)
	at org.apache.ratis.thirdparty.io.netty.channel.AbstractChannelHandlerContext.invokeChannelRead(AbstractChannelHandlerContext.java:379)
	at org.apache.ratis.thirdparty.io.netty.channel.AbstractChannelHandlerContext.invokeChannelRead(AbstractChannelHandlerContext.java:365)
	at org.apache.ratis.thirdparty.io.netty.channel.AbstractChannelHandlerContext.fireChannelRead(AbstractChannelHandlerContext.java:357)
	at org.apache.ratis.thirdparty.io.netty.handler.codec.MessageToMessageDecoder.channelRead(MessageToMessageDecoder.java:103)
	at org.apache.ratis.thirdparty.io.netty.channel.AbstractChannelHandlerContext.invokeChannelRead(AbstractChannelHandlerContext.java:379)
	at org.apache.ratis.thirdparty.io.netty.channel.AbstractChannelHandlerContext.invokeChannelRead(AbstractChannelHandlerContext.java:365)
	at org.apache.ratis.thirdparty.io.netty.channel.AbstractChannelHandlerContext.fireChannelRead(AbstractChannelHandlerContext.java:357)
	at org.apache.ratis.thirdparty.io.netty.handler.codec.ByteToMessageDecoder.fireChannelRead(ByteToMessageDecoder.java:327)
	at org.apache.ratis.thirdparty.io.netty.handler.codec.ByteToMessageDecoder.channelRead(ByteToMessageDecoder.java:299)
	at org.apache.ratis.thirdparty.io.netty.channel.AbstractChannelHandlerContext.invokeChannelRead(AbstractChannelHandlerContext.java:379)
	at org.apache.ratis.thirdparty.io.netty.channel.AbstractChannelHandlerContext.invokeChannelRead(AbstractChannelHandlerContext.java:365)
	at org.apache.ratis.thirdparty.io.netty.channel.AbstractChannelHandlerContext.fireChannelRead(AbstractChannelHandlerContext.java:357)
	at org.apache.ratis.thirdparty.io.netty.channel.DefaultChannelPipeline$HeadContext.channelRead(DefaultChannelPipeline.java:1410)
	at org.apache.ratis.thirdparty.io.netty.channel.AbstractChannelHandlerContext.invokeChannelRead(AbstractChannelHandlerContext.java:379)
	at org.apache.ratis.thirdparty.io.netty.channel.AbstractChannelHandlerContext.invokeChannelRead(AbstractChannelHandlerContext.java:365)
	at org.apache.ratis.thirdparty.io.netty.channel.DefaultChannelPipeline.fireChannelRead(DefaultChannelPipeline.java:919)
	at org.apache.ratis.thirdparty.io.netty.channel.nio.AbstractNioByteChannel$NioByteUnsafe.read(AbstractNioByteChannel.java:166)
	at org.apache.ratis.thirdparty.io.netty.channel.nio.NioEventLoop.processSelectedKey(NioEventLoop.java:722)
	at org.apache.ratis.thirdparty.io.netty.channel.nio.NioEventLoop.processSelectedKeysOptimized(NioEventLoop.java:658)
	at org.apache.ratis.thirdparty.io.netty.channel.nio.NioEventLoop.processSelectedKeys(NioEventLoop.java:584)
	at org.apache.ratis.thirdparty.io.netty.channel.nio.NioEventLoop.run(NioEventLoop.java:496)
	at org.apache.ratis.thirdparty.io.netty.util.concurrent.SingleThreadEventExecutor$4.run(SingleThreadEventExecutor.java:995)
	at org.apache.ratis.thirdparty.io.netty.util.internal.ThreadExecutorMap$2.run(ThreadExecutorMap.java:74)
	at org.apache.ratis.thirdparty.io.netty.util.concurrent.FastThreadLocalRunnable.run(FastThreadLocalRunnable.java:30)
	at java.base/java.lang.Thread.run(Thread.java:829)
2023-03-17 00:26:18,791 WARN  leader.LogAppender (LogAppenderDefault.java:sendAppendEntriesWithRetries(87)) - s2@group-08C85AF2C45E->s3-LogAppenderDefault: Failed to appendEntries (retry=1): {}
org.apache.ratis.protocol.exceptions.GroupMismatchException: s3: group-08C85AF2C45E not found.
	at org.apache.ratis.server.impl.RaftServerProxy$ImplMap.get(RaftServerProxy.java:153)
	at org.apache.ratis.server.impl.RaftServerProxy.getImplFuture(RaftServerProxy.java:359)
	at org.apache.ratis.server.impl.RaftServerProxy.getImpl(RaftServerProxy.java:368)
	at org.apache.ratis.server.impl.RaftServerProxy.getImpl(RaftServerProxy.java:363)
	at org.apache.ratis.server.impl.RaftServerProxy.appendEntries(RaftServerProxy.java:651)
	at org.apache.ratis.netty.server.NettyRpcService.handle(NettyRpcService.java:231)
	at org.apache.ratis.netty.server.NettyRpcService$InboundHandler.channelRead0(NettyRpcService.java:95)
	at org.apache.ratis.netty.server.NettyRpcService$InboundHandler.channelRead0(NettyRpcService.java:91)
	at org.apache.ratis.thirdparty.io.netty.channel.SimpleChannelInboundHandler.channelRead(SimpleChannelInboundHandler.java:99)
	at org.apache.ratis.thirdparty.io.netty.channel.AbstractChannelHandlerContext.invokeChannelRead(AbstractChannelHandlerContext.java:379)
	at org.apache.ratis.thirdparty.io.netty.channel.AbstractChannelHandlerContext.invokeChannelRead(AbstractChannelHandlerContext.java:365)
	at org.apache.ratis.thirdparty.io.netty.channel.AbstractChannelHandlerContext.fireChannelRead(AbstractChannelHandlerContext.java:357)
	at org.apache.ratis.thirdparty.io.netty.handler.codec.MessageToMessageDecoder.channelRead(MessageToMessageDecoder.java:103)
	at org.apache.ratis.thirdparty.io.netty.channel.AbstractChannelHandlerContext.invokeChannelRead(AbstractChannelHandlerContext.java:379)
	at org.apache.ratis.thirdparty.io.netty.channel.AbstractChannelHandlerContext.invokeChannelRead(AbstractChannelHandlerContext.java:365)
	at org.apache.ratis.thirdparty.io.netty.channel.AbstractChannelHandlerContext.fireChannelRead(AbstractChannelHandlerContext.java:357)
	at org.apache.ratis.thirdparty.io.netty.handler.codec.ByteToMessageDecoder.fireChannelRead(ByteToMessageDecoder.java:327)
	at org.apache.ratis.thirdparty.io.netty.handler.codec.ByteToMessageDecoder.channelRead(ByteToMessageDecoder.java:299)
	at org.apache.ratis.thirdparty.io.netty.channel.AbstractChannelHandlerContext.invokeChannelRead(AbstractChannelHandlerContext.java:379)
	at org.apache.ratis.thirdparty.io.netty.channel.AbstractChannelHandlerContext.invokeChannelRead(AbstractChannelHandlerContext.java:365)
	at org.apache.ratis.thirdparty.io.netty.channel.AbstractChannelHandlerContext.fireChannelRead(AbstractChannelHandlerContext.java:357)
	at org.apache.ratis.thirdparty.io.netty.channel.DefaultChannelPipeline$HeadContext.channelRead(DefaultChannelPipeline.java:1410)
	at org.apache.ratis.thirdparty.io.netty.channel.AbstractChannelHandlerContext.invokeChannelRead(AbstractChannelHandlerContext.java:379)
	at org.apache.ratis.thirdparty.io.netty.channel.AbstractChannelHandlerContext.invokeChannelRead(AbstractChannelHandlerContext.java:365)
	at org.apache.ratis.thirdparty.io.netty.channel.DefaultChannelPipeline.fireChannelRead(DefaultChannelPipeline.java:919)
	at org.apache.ratis.thirdparty.io.netty.channel.nio.AbstractNioByteChannel$NioByteUnsafe.read(AbstractNioByteChannel.java:166)
	at org.apache.ratis.thirdparty.io.netty.channel.nio.NioEventLoop.processSelectedKey(NioEventLoop.java:722)
	at org.apache.ratis.thirdparty.io.netty.channel.nio.NioEventLoop.processSelectedKeysOptimized(NioEventLoop.java:658)
	at org.apache.ratis.thirdparty.io.netty.channel.nio.NioEventLoop.processSelectedKeys(NioEventLoop.java:584)
	at org.apache.ratis.thirdparty.io.netty.channel.nio.NioEventLoop.run(NioEventLoop.java:496)
	at org.apache.ratis.thirdparty.io.netty.util.concurrent.SingleThreadEventExecutor$4.run(SingleThreadEventExecutor.java:995)
	at org.apache.ratis.thirdparty.io.netty.util.internal.ThreadExecutorMap$2.run(ThreadExecutorMap.java:74)
	at org.apache.ratis.thirdparty.io.netty.util.concurrent.FastThreadLocalRunnable.run(FastThreadLocalRunnable.java:30)
	at java.base/java.lang.Thread.run(Thread.java:829)
2023-03-17 00:26:18,866 WARN  leader.LogAppender (LogAppenderDefault.java:sendAppendEntriesWithRetries(87)) - s2@group-08C85AF2C45E->s3-LogAppenderDefault: Failed to appendEntries (retry=1): {}
org.apache.ratis.protocol.exceptions.GroupMismatchException: s3: group-08C85AF2C45E not found.
	at org.apache.ratis.server.impl.RaftServerProxy$ImplMap.get(RaftServerProxy.java:153)
	at org.apache.ratis.server.impl.RaftServerProxy.getImplFuture(RaftServerProxy.java:359)
	at org.apache.ratis.server.impl.RaftServerProxy.getImpl(RaftServerProxy.java:368)
	at org.apache.ratis.server.impl.RaftServerProxy.getImpl(RaftServerProxy.java:363)
	at org.apache.ratis.server.impl.RaftServerProxy.appendEntries(RaftServerProxy.java:651)
	at org.apache.ratis.netty.server.NettyRpcService.handle(NettyRpcService.java:231)
	at org.apache.ratis.netty.server.NettyRpcService$InboundHandler.channelRead0(NettyRpcService.java:95)
	at org.apache.ratis.netty.server.NettyRpcService$InboundHandler.channelRead0(NettyRpcService.java:91)
	at org.apache.ratis.thirdparty.io.netty.channel.SimpleChannelInboundHandler.channelRead(SimpleChannelInboundHandler.java:99)
	at org.apache.ratis.thirdparty.io.netty.channel.AbstractChannelHandlerContext.invokeChannelRead(AbstractChannelHandlerContext.java:379)
	at org.apache.ratis.thirdparty.io.netty.channel.AbstractChannelHandlerContext.invokeChannelRead(AbstractChannelHandlerContext.java:365)
	at org.apache.ratis.thirdparty.io.netty.channel.AbstractChannelHandlerContext.fireChannelRead(AbstractChannelHandlerContext.java:357)
	at org.apache.ratis.thirdparty.io.netty.handler.codec.MessageToMessageDecoder.channelRead(MessageToMessageDecoder.java:103)
	at org.apache.ratis.thirdparty.io.netty.channel.AbstractChannelHandlerContext.invokeChannelRead(AbstractChannelHandlerContext.java:379)
	at org.apache.ratis.thirdparty.io.netty.channel.AbstractChannelHandlerContext.invokeChannelRead(AbstractChannelHandlerContext.java:365)
	at org.apache.ratis.thirdparty.io.netty.channel.AbstractChannelHandlerContext.fireChannelRead(AbstractChannelHandlerContext.java:357)
	at org.apache.ratis.thirdparty.io.netty.handler.codec.ByteToMessageDecoder.fireChannelRead(ByteToMessageDecoder.java:327)
	at org.apache.ratis.thirdparty.io.netty.handler.codec.ByteToMessageDecoder.channelRead(ByteToMessageDecoder.java:299)
	at org.apache.ratis.thirdparty.io.netty.channel.AbstractChannelHandlerContext.invokeChannelRead(AbstractChannelHandlerContext.java:379)
	at org.apache.ratis.thirdparty.io.netty.channel.AbstractChannelHandlerContext.invokeChannelRead(AbstractChannelHandlerContext.java:365)
	at org.apache.ratis.thirdparty.io.netty.channel.AbstractChannelHandlerContext.fireChannelRead(AbstractChannelHandlerContext.java:357)
	at org.apache.ratis.thirdparty.io.netty.channel.DefaultChannelPipeline$HeadContext.channelRead(DefaultChannelPipeline.java:1410)
	at org.apache.ratis.thirdparty.io.netty.channel.AbstractChannelHandlerContext.invokeChannelRead(AbstractChannelHandlerContext.java:379)
	at org.apache.ratis.thirdparty.io.netty.channel.AbstractChannelHandlerContext.invokeChannelRead(AbstractChannelHandlerContext.java:365)
	at org.apache.ratis.thirdparty.io.netty.channel.DefaultChannelPipeline.fireChannelRead(DefaultChannelPipeline.java:919)
	at org.apache.ratis.thirdparty.io.netty.channel.nio.AbstractNioByteChannel$NioByteUnsafe.read(AbstractNioByteChannel.java:166)
	at org.apache.ratis.thirdparty.io.netty.channel.nio.NioEventLoop.processSelectedKey(NioEventLoop.java:722)
	at org.apache.ratis.thirdparty.io.netty.channel.nio.NioEventLoop.processSelectedKeysOptimized(NioEventLoop.java:658)
	at org.apache.ratis.thirdparty.io.netty.channel.nio.NioEventLoop.processSelectedKeys(NioEventLoop.java:584)
	at org.apache.ratis.thirdparty.io.netty.channel.nio.NioEventLoop.run(NioEventLoop.java:496)
	at org.apache.ratis.thirdparty.io.netty.util.concurrent.SingleThreadEventExecutor$4.run(SingleThreadEventExecutor.java:995)
	at org.apache.ratis.thirdparty.io.netty.util.internal.ThreadExecutorMap$2.run(ThreadExecutorMap.java:74)
	at org.apache.ratis.thirdparty.io.netty.util.concurrent.FastThreadLocalRunnable.run(FastThreadLocalRunnable.java:30)
	at java.base/java.lang.Thread.run(Thread.java:829)
2023-03-17 00:26:18,942 WARN  leader.LogAppender (LogAppenderDefault.java:sendAppendEntriesWithRetries(87)) - s2@group-08C85AF2C45E->s3-LogAppenderDefault: Failed to appendEntries (retry=1): {}
org.apache.ratis.protocol.exceptions.GroupMismatchException: s3: group-08C85AF2C45E not found.
	at org.apache.ratis.server.impl.RaftServerProxy$ImplMap.get(RaftServerProxy.java:153)
	at org.apache.ratis.server.impl.RaftServerProxy.getImplFuture(RaftServerProxy.java:359)
	at org.apache.ratis.server.impl.RaftServerProxy.getImpl(RaftServerProxy.java:368)
	at org.apache.ratis.server.impl.RaftServerProxy.getImpl(RaftServerProxy.java:363)
	at org.apache.ratis.server.impl.RaftServerProxy.appendEntries(RaftServerProxy.java:651)
	at org.apache.ratis.netty.server.NettyRpcService.handle(NettyRpcService.java:231)
	at org.apache.ratis.netty.server.NettyRpcService$InboundHandler.channelRead0(NettyRpcService.java:95)
	at org.apache.ratis.netty.server.NettyRpcService$InboundHandler.channelRead0(NettyRpcService.java:91)
	at org.apache.ratis.thirdparty.io.netty.channel.SimpleChannelInboundHandler.channelRead(SimpleChannelInboundHandler.java:99)
	at org.apache.ratis.thirdparty.io.netty.channel.AbstractChannelHandlerContext.invokeChannelRead(AbstractChannelHandlerContext.java:379)
	at org.apache.ratis.thirdparty.io.netty.channel.AbstractChannelHandlerContext.invokeChannelRead(AbstractChannelHandlerContext.java:365)
	at org.apache.ratis.thirdparty.io.netty.channel.AbstractChannelHandlerContext.fireChannelRead(AbstractChannelHandlerContext.java:357)
	at org.apache.ratis.thirdparty.io.netty.handler.codec.MessageToMessageDecoder.channelRead(MessageToMessageDecoder.java:103)
	at org.apache.ratis.thirdparty.io.netty.channel.AbstractChannelHandlerContext.invokeChannelRead(AbstractChannelHandlerContext.java:379)
	at org.apache.ratis.thirdparty.io.netty.channel.AbstractChannelHandlerContext.invokeChannelRead(AbstractChannelHandlerContext.java:365)
	at org.apache.ratis.thirdparty.io.netty.channel.AbstractChannelHandlerContext.fireChannelRead(AbstractChannelHandlerContext.java:357)
	at org.apache.ratis.thirdparty.io.netty.handler.codec.ByteToMessageDecoder.fireChannelRead(ByteToMessageDecoder.java:327)
	at org.apache.ratis.thirdparty.io.netty.handler.codec.ByteToMessageDecoder.channelRead(ByteToMessageDecoder.java:299)
	at org.apache.ratis.thirdparty.io.netty.channel.AbstractChannelHandlerContext.invokeChannelRead(AbstractChannelHandlerContext.java:379)
	at org.apache.ratis.thirdparty.io.netty.channel.AbstractChannelHandlerContext.invokeChannelRead(AbstractChannelHandlerContext.java:365)
	at org.apache.ratis.thirdparty.io.netty.channel.AbstractChannelHandlerContext.fireChannelRead(AbstractChannelHandlerContext.java:357)
	at org.apache.ratis.thirdparty.io.netty.channel.DefaultChannelPipeline$HeadContext.channelRead(DefaultChannelPipeline.java:1410)
	at org.apache.ratis.thirdparty.io.netty.channel.AbstractChannelHandlerContext.invokeChannelRead(AbstractChannelHandlerContext.java:379)
	at org.apache.ratis.thirdparty.io.netty.channel.AbstractChannelHandlerContext.invokeChannelRead(AbstractChannelHandlerContext.java:365)
	at org.apache.ratis.thirdparty.io.netty.channel.DefaultChannelPipeline.fireChannelRead(DefaultChannelPipeline.java:919)
	at org.apache.ratis.thirdparty.io.netty.channel.nio.AbstractNioByteChannel$NioByteUnsafe.read(AbstractNioByteChannel.java:166)
	at org.apache.ratis.thirdparty.io.netty.channel.nio.NioEventLoop.processSelectedKey(NioEventLoop.java:722)
	at org.apache.ratis.thirdparty.io.netty.channel.nio.NioEventLoop.processSelectedKeysOptimized(NioEventLoop.java:658)
	at org.apache.ratis.thirdparty.io.netty.channel.nio.NioEventLoop.processSelectedKeys(NioEventLoop.java:584)
	at org.apache.ratis.thirdparty.io.netty.channel.nio.NioEventLoop.run(NioEventLoop.java:496)
	at org.apache.ratis.thirdparty.io.netty.util.concurrent.SingleThreadEventExecutor$4.run(SingleThreadEventExecutor.java:995)
	at org.apache.ratis.thirdparty.io.netty.util.internal.ThreadExecutorMap$2.run(ThreadExecutorMap.java:74)
	at org.apache.ratis.thirdparty.io.netty.util.concurrent.FastThreadLocalRunnable.run(FastThreadLocalRunnable.java:30)
	at java.base/java.lang.Thread.run(Thread.java:829)
2023-03-17 00:26:18,968 INFO  segmented.SegmentedRaftLogWorker (SegmentedRaftLogWorker.java:close(242)) - s3@group-08C85AF2C45E-SegmentedRaftLogWorker close()
2023-03-17 00:26:18,969 TRACE util.FileUtils (FileUtils.java:deleteFully(201)) - deleteFully /home/runner/work/ratis/ratis/ratis-examples/target/test/data/9a3b15da/MiniRaftClusterWithNettyce94e709/s3/5fee4758-8350-41ed-b228-08c85af2c45e
2023-03-17 00:26:18,970 TRACE util.FileUtils (LogUtils.java:runAndLog(49)) - Successfully ran Files.delete /home/runner/work/ratis/ratis/ratis-examples/target/test/data/9a3b15da/MiniRaftClusterWithNettyce94e709/s3/5fee4758-8350-41ed-b228-08c85af2c45e/in_use.lock
2023-03-17 00:26:18,970 TRACE util.FileUtils (LogUtils.java:runAndLog(49)) - Successfully ran Files.delete /home/runner/work/ratis/ratis/ratis-examples/target/test/data/9a3b15da/MiniRaftClusterWithNettyce94e709/s3/5fee4758-8350-41ed-b228-08c85af2c45e/sm
2023-03-17 00:26:18,970 TRACE util.FileUtils (LogUtils.java:runAndLog(49)) - Successfully ran Files.delete /home/runner/work/ratis/ratis/ratis-examples/target/test/data/9a3b15da/MiniRaftClusterWithNettyce94e709/s3/5fee4758-8350-41ed-b228-08c85af2c45e/current/raft-meta.conf
2023-03-17 00:26:18,970 TRACE util.FileUtils (LogUtils.java:runAndLog(49)) - Successfully ran Files.delete /home/runner/work/ratis/ratis/ratis-examples/target/test/data/9a3b15da/MiniRaftClusterWithNettyce94e709/s3/5fee4758-8350-41ed-b228-08c85af2c45e/current/raft-meta
2023-03-17 00:26:18,970 TRACE util.FileUtils (LogUtils.java:runAndLog(49)) - Successfully ran Files.delete /home/runner/work/ratis/ratis/ratis-examples/target/test/data/9a3b15da/MiniRaftClusterWithNettyce94e709/s3/5fee4758-8350-41ed-b228-08c85af2c45e/current/log_inprogress_0
2023-03-17 00:26:18,970 TRACE util.FileUtils (LogUtils.java:runAndLog(49)) - Successfully ran Files.delete /home/runner/work/ratis/ratis/ratis-examples/target/test/data/9a3b15da/MiniRaftClusterWithNettyce94e709/s3/5fee4758-8350-41ed-b228-08c85af2c45e/current
2023-03-17 00:26:18,970 TRACE util.FileUtils (LogUtils.java:runAndLog(49)) - Successfully ran Files.delete /home/runner/work/ratis/ratis/ratis-examples/target/test/data/9a3b15da/MiniRaftClusterWithNettyce94e709/s3/5fee4758-8350-41ed-b228-08c85af2c45e
2023-03-17 00:26:18,970 INFO  server.RaftServer$Division (RaftServerImpl.java:groupRemove(436)) - s3@group-08C85AF2C45E: Succeed to remove RaftStorageDirectory Storage Directory /home/runner/work/ratis/ratis/ratis-examples/target/test/data/9a3b15da/MiniRaftClusterWithNettyce94e709/s3/5fee4758-8350-41ed-b228-08c85af2c45e
2023-03-17 00:26:18,978 INFO  logging.LoggingHandler (AbstractInternalLogger.java:log(148)) - [id: 0x051b97c8, L:/0.0.0.0:36477] READ: [id: 0x9a7cd724, L:/10.1.0.17:36477 - R:/10.1.0.17:35706]
2023-03-17 00:26:18,978 INFO  logging.LoggingHandler (AbstractInternalLogger.java:log(148)) - [id: 0x051b97c8, L:/0.0.0.0:36477] READ COMPLETE
2023-03-17 00:26:18,979 INFO  server.RaftServer (RaftServerProxy.java:remove(110)) - s14: remove  FOLLOWER s14@group-08C85AF2C45E:t1, leader=s2, voted=s2, raftlog=Memoized:s14@group-08C85AF2C45E-SegmentedRaftLog:OPENED:c120, conf=0: peers:[s3|rpc:0.0.0.0:36277|dataStream:|priority:0|startupRole:FOLLOWER, s14|rpc:0.0.0.0:36477|dataStream:|priority:0|startupRole:FOLLOWER, s2|rpc:0.0.0.0:39635|dataStream:|priority:0|startupRole:FOLLOWER]|listeners:[], old=null RUNNING
2023-03-17 00:26:18,979 INFO  server.RaftServer$Division (RaftServerImpl.java:lambda$close$4(466)) - s14@group-08C85AF2C45E: shutdown
2023-03-17 00:26:18,979 INFO  util.JmxRegister (JmxRegister.java:unregister(73)) - Successfully un-registered JMX Bean with object name Ratis:service=RaftServer,group=group-08C85AF2C45E,id=s14
2023-03-17 00:26:18,979 INFO  impl.RoleInfo (RoleInfo.java:shutdownFollowerState(110)) - s14: shutdown s14@group-08C85AF2C45E-FollowerState
2023-03-17 00:26:18,979 INFO  impl.StateMachineUpdater (StateMachineUpdater.java:stopAndJoin(154)) - s14@group-08C85AF2C45E-StateMachineUpdater: set stopIndex = 120
2023-03-17 00:26:18,979 INFO  impl.FollowerState (FollowerState.java:run(152)) - s14@group-08C85AF2C45E-FollowerState was interrupted
2023-03-17 00:26:18,979 INFO  server.RaftServer$Division (ServerState.java:close(414)) - s14@group-08C85AF2C45E: applyIndex: -1
2023-03-17 00:26:19,014 WARN  leader.LogAppender (LogAppenderDefault.java:sendAppendEntriesWithRetries(87)) - s2@group-08C85AF2C45E->s14-LogAppenderDefault: Failed to appendEntries (retry=1): {}
org.apache.ratis.protocol.exceptions.GroupMismatchException: s14: group-08C85AF2C45E not found.
	at org.apache.ratis.server.impl.RaftServerProxy$ImplMap.get(RaftServerProxy.java:153)
	at org.apache.ratis.server.impl.RaftServerProxy.getImplFuture(RaftServerProxy.java:359)
	at org.apache.ratis.server.impl.RaftServerProxy.getImpl(RaftServerProxy.java:368)
	at org.apache.ratis.server.impl.RaftServerProxy.getImpl(RaftServerProxy.java:363)
	at org.apache.ratis.server.impl.RaftServerProxy.appendEntries(RaftServerProxy.java:651)
	at org.apache.ratis.netty.server.NettyRpcService.handle(NettyRpcService.java:231)
	at org.apache.ratis.netty.server.NettyRpcService$InboundHandler.channelRead0(NettyRpcService.java:95)
	at org.apache.ratis.netty.server.NettyRpcService$InboundHandler.channelRead0(NettyRpcService.java:91)
	at org.apache.ratis.thirdparty.io.netty.channel.SimpleChannelInboundHandler.channelRead(SimpleChannelInboundHandler.java:99)
	at org.apache.ratis.thirdparty.io.netty.channel.AbstractChannelHandlerContext.invokeChannelRead(AbstractChannelHandlerContext.java:379)
	at org.apache.ratis.thirdparty.io.netty.channel.AbstractChannelHandlerContext.invokeChannelRead(AbstractChannelHandlerContext.java:365)
	at org.apache.ratis.thirdparty.io.netty.channel.AbstractChannelHandlerContext.fireChannelRead(AbstractChannelHandlerContext.java:357)
	at org.apache.ratis.thirdparty.io.netty.handler.codec.MessageToMessageDecoder.channelRead(MessageToMessageDecoder.java:103)
	at org.apache.ratis.thirdparty.io.netty.channel.AbstractChannelHandlerContext.invokeChannelRead(AbstractChannelHandlerContext.java:379)
	at org.apache.ratis.thirdparty.io.netty.channel.AbstractChannelHandlerContext.invokeChannelRead(AbstractChannelHandlerContext.java:365)
	at org.apache.ratis.thirdparty.io.netty.channel.AbstractChannelHandlerContext.fireChannelRead(AbstractChannelHandlerContext.java:357)
	at org.apache.ratis.thirdparty.io.netty.handler.codec.ByteToMessageDecoder.fireChannelRead(ByteToMessageDecoder.java:327)
	at org.apache.ratis.thirdparty.io.netty.handler.codec.ByteToMessageDecoder.channelRead(ByteToMessageDecoder.java:299)
	at org.apache.ratis.thirdparty.io.netty.channel.AbstractChannelHandlerContext.invokeChannelRead(AbstractChannelHandlerContext.java:379)
	at org.apache.ratis.thirdparty.io.netty.channel.AbstractChannelHandlerContext.invokeChannelRead(AbstractChannelHandlerContext.java:365)
	at org.apache.ratis.thirdparty.io.netty.channel.AbstractChannelHandlerContext.fireChannelRead(AbstractChannelHandlerContext.java:357)
	at org.apache.ratis.thirdparty.io.netty.channel.DefaultChannelPipeline$HeadContext.channelRead(DefaultChannelPipeline.java:1410)
	at org.apache.ratis.thirdparty.io.netty.channel.AbstractChannelHandlerContext.invokeChannelRead(AbstractChannelHandlerContext.java:379)
	at org.apache.ratis.thirdparty.io.netty.channel.AbstractChannelHandlerContext.invokeChannelRead(AbstractChannelHandlerContext.java:365)
	at org.apache.ratis.thirdparty.io.netty.channel.DefaultChannelPipeline.fireChannelRead(DefaultChannelPipeline.java:919)
	at org.apache.ratis.thirdparty.io.netty.channel.nio.AbstractNioByteChannel$NioByteUnsafe.read(AbstractNioByteChannel.java:166)
	at org.apache.ratis.thirdparty.io.netty.channel.nio.NioEventLoop.processSelectedKey(NioEventLoop.java:722)
	at org.apache.ratis.thirdparty.io.netty.channel.nio.NioEventLoop.processSelectedKeysOptimized(NioEventLoop.java:658)
	at org.apache.ratis.thirdparty.io.netty.channel.nio.NioEventLoop.processSelectedKeys(NioEventLoop.java:584)
	at org.apache.ratis.thirdparty.io.netty.channel.nio.NioEventLoop.run(NioEventLoop.java:496)
	at org.apache.ratis.thirdparty.io.netty.util.concurrent.SingleThreadEventExecutor$4.run(SingleThreadEventExecutor.java:995)
	at org.apache.ratis.thirdparty.io.netty.util.internal.ThreadExecutorMap$2.run(ThreadExecutorMap.java:74)
	at org.apache.ratis.thirdparty.io.netty.util.concurrent.FastThreadLocalRunnable.run(FastThreadLocalRunnable.java:30)
	at java.base/java.lang.Thread.run(Thread.java:829)
2023-03-17 00:26:19,017 WARN  leader.LogAppender (LogAppenderDefault.java:sendAppendEntriesWithRetries(87)) - s2@group-08C85AF2C45E->s3-LogAppenderDefault: Failed to appendEntries (retry=1): {}
org.apache.ratis.protocol.exceptions.GroupMismatchException: s3: group-08C85AF2C45E not found.
	at org.apache.ratis.server.impl.RaftServerProxy$ImplMap.get(RaftServerProxy.java:153)
	at org.apache.ratis.server.impl.RaftServerProxy.getImplFuture(RaftServerProxy.java:359)
	at org.apache.ratis.server.impl.RaftServerProxy.getImpl(RaftServerProxy.java:368)
	at org.apache.ratis.server.impl.RaftServerProxy.getImpl(RaftServerProxy.java:363)
	at org.apache.ratis.server.impl.RaftServerProxy.appendEntries(RaftServerProxy.java:651)
	at org.apache.ratis.netty.server.NettyRpcService.handle(NettyRpcService.java:231)
	at org.apache.ratis.netty.server.NettyRpcService$InboundHandler.channelRead0(NettyRpcService.java:95)
	at org.apache.ratis.netty.server.NettyRpcService$InboundHandler.channelRead0(NettyRpcService.java:91)
	at org.apache.ratis.thirdparty.io.netty.channel.SimpleChannelInboundHandler.channelRead(SimpleChannelInboundHandler.java:99)
	at org.apache.ratis.thirdparty.io.netty.channel.AbstractChannelHandlerContext.invokeChannelRead(AbstractChannelHandlerContext.java:379)
	at org.apache.ratis.thirdparty.io.netty.channel.AbstractChannelHandlerContext.invokeChannelRead(AbstractChannelHandlerContext.java:365)
	at org.apache.ratis.thirdparty.io.netty.channel.AbstractChannelHandlerContext.fireChannelRead(AbstractChannelHandlerContext.java:357)
	at org.apache.ratis.thirdparty.io.netty.handler.codec.MessageToMessageDecoder.channelRead(MessageToMessageDecoder.java:103)
	at org.apache.ratis.thirdparty.io.netty.channel.AbstractChannelHandlerContext.invokeChannelRead(AbstractChannelHandlerContext.java:379)
	at org.apache.ratis.thirdparty.io.netty.channel.AbstractChannelHandlerContext.invokeChannelRead(AbstractChannelHandlerContext.java:365)
	at org.apache.ratis.thirdparty.io.netty.channel.AbstractChannelHandlerContext.fireChannelRead(AbstractChannelHandlerContext.java:357)
	at org.apache.ratis.thirdparty.io.netty.handler.codec.ByteToMessageDecoder.fireChannelRead(ByteToMessageDecoder.java:327)
	at org.apache.ratis.thirdparty.io.netty.handler.codec.ByteToMessageDecoder.channelRead(ByteToMessageDecoder.java:299)
	at org.apache.ratis.thirdparty.io.netty.channel.AbstractChannelHandlerContext.invokeChannelRead(AbstractChannelHandlerContext.java:379)
	at org.apache.ratis.thirdparty.io.netty.channel.AbstractChannelHandlerContext.invokeChannelRead(AbstractChannelHandlerContext.java:365)
	at org.apache.ratis.thirdparty.io.netty.channel.AbstractChannelHandlerContext.fireChannelRead(AbstractChannelHandlerContext.java:357)
	at org.apache.ratis.thirdparty.io.netty.channel.DefaultChannelPipeline$HeadContext.channelRead(DefaultChannelPipeline.java:1410)
	at org.apache.ratis.thirdparty.io.netty.channel.AbstractChannelHandlerContext.invokeChannelRead(AbstractChannelHandlerContext.java:379)
	at org.apache.ratis.thirdparty.io.netty.channel.AbstractChannelHandlerContext.invokeChannelRead(AbstractChannelHandlerContext.java:365)
	at org.apache.ratis.thirdparty.io.netty.channel.DefaultChannelPipeline.fireChannelRead(DefaultChannelPipeline.java:919)
	at org.apache.ratis.thirdparty.io.netty.channel.nio.AbstractNioByteChannel$NioByteUnsafe.read(AbstractNioByteChannel.java:166)
	at org.apache.ratis.thirdparty.io.netty.channel.nio.NioEventLoop.processSelectedKey(NioEventLoop.java:722)
	at org.apache.ratis.thirdparty.io.netty.channel.nio.NioEventLoop.processSelectedKeysOptimized(NioEventLoop.java:658)
	at org.apache.ratis.thirdparty.io.netty.channel.nio.NioEventLoop.processSelectedKeys(NioEventLoop.java:584)
	at org.apache.ratis.thirdparty.io.netty.channel.nio.NioEventLoop.run(NioEventLoop.java:496)
	at org.apache.ratis.thirdparty.io.netty.util.concurrent.SingleThreadEventExecutor$4.run(SingleThreadEventExecutor.java:995)
	at org.apache.ratis.thirdparty.io.netty.util.internal.ThreadExecutorMap$2.run(ThreadExecutorMap.java:74)
	at org.apache.ratis.thirdparty.io.netty.util.concurrent.FastThreadLocalRunnable.run(FastThreadLocalRunnable.java:30)
	at java.base/java.lang.Thread.run(Thread.java:829)
2023-03-17 00:26:19,090 WARN  leader.LogAppender (LogAppenderDefault.java:sendAppendEntriesWithRetries(87)) - s2@group-08C85AF2C45E->s14-LogAppenderDefault: Failed to appendEntries (retry=1): {}
org.apache.ratis.protocol.exceptions.GroupMismatchException: s14: group-08C85AF2C45E not found.
	at org.apache.ratis.server.impl.RaftServerProxy$ImplMap.get(RaftServerProxy.java:153)
	at org.apache.ratis.server.impl.RaftServerProxy.getImplFuture(RaftServerProxy.java:359)
	at org.apache.ratis.server.impl.RaftServerProxy.getImpl(RaftServerProxy.java:368)
	at org.apache.ratis.server.impl.RaftServerProxy.getImpl(RaftServerProxy.java:363)
	at org.apache.ratis.server.impl.RaftServerProxy.appendEntries(RaftServerProxy.java:651)
	at org.apache.ratis.netty.server.NettyRpcService.handle(NettyRpcService.java:231)
	at org.apache.ratis.netty.server.NettyRpcService$InboundHandler.channelRead0(NettyRpcService.java:95)
	at org.apache.ratis.netty.server.NettyRpcService$InboundHandler.channelRead0(NettyRpcService.java:91)
	at org.apache.ratis.thirdparty.io.netty.channel.SimpleChannelInboundHandler.channelRead(SimpleChannelInboundHandler.java:99)
	at org.apache.ratis.thirdparty.io.netty.channel.AbstractChannelHandlerContext.invokeChannelRead(AbstractChannelHandlerContext.java:379)
	at org.apache.ratis.thirdparty.io.netty.channel.AbstractChannelHandlerContext.invokeChannelRead(AbstractChannelHandlerContext.java:365)
	at org.apache.ratis.thirdparty.io.netty.channel.AbstractChannelHandlerContext.fireChannelRead(AbstractChannelHandlerContext.java:357)
	at org.apache.ratis.thirdparty.io.netty.handler.codec.MessageToMessageDecoder.channelRead(MessageToMessageDecoder.java:103)
	at org.apache.ratis.thirdparty.io.netty.channel.AbstractChannelHandlerContext.invokeChannelRead(AbstractChannelHandlerContext.java:379)
	at org.apache.ratis.thirdparty.io.netty.channel.AbstractChannelHandlerContext.invokeChannelRead(AbstractChannelHandlerContext.java:365)
	at org.apache.ratis.thirdparty.io.netty.channel.AbstractChannelHandlerContext.fireChannelRead(AbstractChannelHandlerContext.java:357)
	at org.apache.ratis.thirdparty.io.netty.handler.codec.ByteToMessageDecoder.fireChannelRead(ByteToMessageDecoder.java:327)
	at org.apache.ratis.thirdparty.io.netty.handler.codec.ByteToMessageDecoder.channelRead(ByteToMessageDecoder.java:299)
	at org.apache.ratis.thirdparty.io.netty.channel.AbstractChannelHandlerContext.invokeChannelRead(AbstractChannelHandlerContext.java:379)
	at org.apache.ratis.thirdparty.io.netty.channel.AbstractChannelHandlerContext.invokeChannelRead(AbstractChannelHandlerContext.java:365)
	at org.apache.ratis.thirdparty.io.netty.channel.AbstractChannelHandlerContext.fireChannelRead(AbstractChannelHandlerContext.java:357)
	at org.apache.ratis.thirdparty.io.netty.channel.DefaultChannelPipeline$HeadContext.channelRead(DefaultChannelPipeline.java:1410)
	at org.apache.ratis.thirdparty.io.netty.channel.AbstractChannelHandlerContext.invokeChannelRead(AbstractChannelHandlerContext.java:379)
	at org.apache.ratis.thirdparty.io.netty.channel.AbstractChannelHandlerContext.invokeChannelRead(AbstractChannelHandlerContext.java:365)
	at org.apache.ratis.thirdparty.io.netty.channel.DefaultChannelPipeline.fireChannelRead(DefaultChannelPipeline.java:919)
	at org.apache.ratis.thirdparty.io.netty.channel.nio.AbstractNioByteChannel$NioByteUnsafe.read(AbstractNioByteChannel.java:166)
	at org.apache.ratis.thirdparty.io.netty.channel.nio.NioEventLoop.processSelectedKey(NioEventLoop.java:722)
	at org.apache.ratis.thirdparty.io.netty.channel.nio.NioEventLoop.processSelectedKeysOptimized(NioEventLoop.java:658)
	at org.apache.ratis.thirdparty.io.netty.channel.nio.NioEventLoop.processSelectedKeys(NioEventLoop.java:584)
	at org.apache.ratis.thirdparty.io.netty.channel.nio.NioEventLoop.run(NioEventLoop.java:496)
	at org.apache.ratis.thirdparty.io.netty.util.concurrent.SingleThreadEventExecutor$4.run(SingleThreadEventExecutor.java:995)
	at org.apache.ratis.thirdparty.io.netty.util.internal.ThreadExecutorMap$2.run(ThreadExecutorMap.java:74)
	at org.apache.ratis.thirdparty.io.netty.util.concurrent.FastThreadLocalRunnable.run(FastThreadLocalRunnable.java:30)
	at java.base/java.lang.Thread.run(Thread.java:829)
2023-03-17 00:26:19,093 WARN  leader.LogAppender (LogAppenderDefault.java:sendAppendEntriesWithRetries(87)) - s2@group-08C85AF2C45E->s3-LogAppenderDefault: Failed to appendEntries (retry=1): {}
org.apache.ratis.protocol.exceptions.GroupMismatchException: s3: group-08C85AF2C45E not found.
	at org.apache.ratis.server.impl.RaftServerProxy$ImplMap.get(RaftServerProxy.java:153)
	at org.apache.ratis.server.impl.RaftServerProxy.getImplFuture(RaftServerProxy.java:359)
	at org.apache.ratis.server.impl.RaftServerProxy.getImpl(RaftServerProxy.java:368)
	at org.apache.ratis.server.impl.RaftServerProxy.getImpl(RaftServerProxy.java:363)
	at org.apache.ratis.server.impl.RaftServerProxy.appendEntries(RaftServerProxy.java:651)
	at org.apache.ratis.netty.server.NettyRpcService.handle(NettyRpcService.java:231)
	at org.apache.ratis.netty.server.NettyRpcService$InboundHandler.channelRead0(NettyRpcService.java:95)
	at org.apache.ratis.netty.server.NettyRpcService$InboundHandler.channelRead0(NettyRpcService.java:91)
	at org.apache.ratis.thirdparty.io.netty.channel.SimpleChannelInboundHandler.channelRead(SimpleChannelInboundHandler.java:99)
	at org.apache.ratis.thirdparty.io.netty.channel.AbstractChannelHandlerContext.invokeChannelRead(AbstractChannelHandlerContext.java:379)
	at org.apache.ratis.thirdparty.io.netty.channel.AbstractChannelHandlerContext.invokeChannelRead(AbstractChannelHandlerContext.java:365)
	at org.apache.ratis.thirdparty.io.netty.channel.AbstractChannelHandlerContext.fireChannelRead(AbstractChannelHandlerContext.java:357)
	at org.apache.ratis.thirdparty.io.netty.handler.codec.MessageToMessageDecoder.channelRead(MessageToMessageDecoder.java:103)
	at org.apache.ratis.thirdparty.io.netty.channel.AbstractChannelHandlerContext.invokeChannelRead(AbstractChannelHandlerContext.java:379)
	at org.apache.ratis.thirdparty.io.netty.channel.AbstractChannelHandlerContext.invokeChannelRead(AbstractChannelHandlerContext.java:365)
	at org.apache.ratis.thirdparty.io.netty.channel.AbstractChannelHandlerContext.fireChannelRead(AbstractChannelHandlerContext.java:357)
	at org.apache.ratis.thirdparty.io.netty.handler.codec.ByteToMessageDecoder.fireChannelRead(ByteToMessageDecoder.java:327)
	at org.apache.ratis.thirdparty.io.netty.handler.codec.ByteToMessageDecoder.channelRead(ByteToMessageDecoder.java:299)
	at org.apache.ratis.thirdparty.io.netty.channel.AbstractChannelHandlerContext.invokeChannelRead(AbstractChannelHandlerContext.java:379)
	at org.apache.ratis.thirdparty.io.netty.channel.AbstractChannelHandlerContext.invokeChannelRead(AbstractChannelHandlerContext.java:365)
	at org.apache.ratis.thirdparty.io.netty.channel.AbstractChannelHandlerContext.fireChannelRead(AbstractChannelHandlerContext.java:357)
	at org.apache.ratis.thirdparty.io.netty.channel.DefaultChannelPipeline$HeadContext.channelRead(DefaultChannelPipeline.java:1410)
	at org.apache.ratis.thirdparty.io.netty.channel.AbstractChannelHandlerContext.invokeChannelRead(AbstractChannelHandlerContext.java:379)
	at org.apache.ratis.thirdparty.io.netty.channel.AbstractChannelHandlerContext.invokeChannelRead(AbstractChannelHandlerContext.java:365)
	at org.apache.ratis.thirdparty.io.netty.channel.DefaultChannelPipeline.fireChannelRead(DefaultChannelPipeline.java:919)
	at org.apache.ratis.thirdparty.io.netty.channel.nio.AbstractNioByteChannel$NioByteUnsafe.read(AbstractNioByteChannel.java:166)
	at org.apache.ratis.thirdparty.io.netty.channel.nio.NioEventLoop.processSelectedKey(NioEventLoop.java:722)
	at org.apache.ratis.thirdparty.io.netty.channel.nio.NioEventLoop.processSelectedKeysOptimized(NioEventLoop.java:658)
	at org.apache.ratis.thirdparty.io.netty.channel.nio.NioEventLoop.processSelectedKeys(NioEventLoop.java:584)
	at org.apache.ratis.thirdparty.io.netty.channel.nio.NioEventLoop.run(NioEventLoop.java:496)
	at org.apache.ratis.thirdparty.io.netty.util.concurrent.SingleThreadEventExecutor$4.run(SingleThreadEventExecutor.java:995)
	at org.apache.ratis.thirdparty.io.netty.util.internal.ThreadExecutorMap$2.run(ThreadExecutorMap.java:74)
	at org.apache.ratis.thirdparty.io.netty.util.concurrent.FastThreadLocalRunnable.run(FastThreadLocalRunnable.java:30)
	at java.base/java.lang.Thread.run(Thread.java:829)
2023-03-17 00:26:19,166 WARN  leader.LogAppender (LogAppenderDefault.java:sendAppendEntriesWithRetries(87)) - s2@group-08C85AF2C45E->s14-LogAppenderDefault: Failed to appendEntries (retry=1): {}
org.apache.ratis.protocol.exceptions.GroupMismatchException: s14: group-08C85AF2C45E not found.
	at org.apache.ratis.server.impl.RaftServerProxy$ImplMap.get(RaftServerProxy.java:153)
	at org.apache.ratis.server.impl.RaftServerProxy.getImplFuture(RaftServerProxy.java:359)
	at org.apache.ratis.server.impl.RaftServerProxy.getImpl(RaftServerProxy.java:368)
	at org.apache.ratis.server.impl.RaftServerProxy.getImpl(RaftServerProxy.java:363)
	at org.apache.ratis.server.impl.RaftServerProxy.appendEntries(RaftServerProxy.java:651)
	at org.apache.ratis.netty.server.NettyRpcService.handle(NettyRpcService.java:231)
	at org.apache.ratis.netty.server.NettyRpcService$InboundHandler.channelRead0(NettyRpcService.java:95)
	at org.apache.ratis.netty.server.NettyRpcService$InboundHandler.channelRead0(NettyRpcService.java:91)
	at org.apache.ratis.thirdparty.io.netty.channel.SimpleChannelInboundHandler.channelRead(SimpleChannelInboundHandler.java:99)
	at org.apache.ratis.thirdparty.io.netty.channel.AbstractChannelHandlerContext.invokeChannelRead(AbstractChannelHandlerContext.java:379)
	at org.apache.ratis.thirdparty.io.netty.channel.AbstractChannelHandlerContext.invokeChannelRead(AbstractChannelHandlerContext.java:365)
	at org.apache.ratis.thirdparty.io.netty.channel.AbstractChannelHandlerContext.fireChannelRead(AbstractChannelHandlerContext.java:357)
	at org.apache.ratis.thirdparty.io.netty.handler.codec.MessageToMessageDecoder.channelRead(MessageToMessageDecoder.java:103)
	at org.apache.ratis.thirdparty.io.netty.channel.AbstractChannelHandlerContext.invokeChannelRead(AbstractChannelHandlerContext.java:379)
	at org.apache.ratis.thirdparty.io.netty.channel.AbstractChannelHandlerContext.invokeChannelRead(AbstractChannelHandlerContext.java:365)
	at org.apache.ratis.thirdparty.io.netty.channel.AbstractChannelHandlerContext.fireChannelRead(AbstractChannelHandlerContext.java:357)
	at org.apache.ratis.thirdparty.io.netty.handler.codec.ByteToMessageDecoder.fireChannelRead(ByteToMessageDecoder.java:327)
	at org.apache.ratis.thirdparty.io.netty.handler.codec.ByteToMessageDecoder.channelRead(ByteToMessageDecoder.java:299)
	at org.apache.ratis.thirdparty.io.netty.channel.AbstractChannelHandlerContext.invokeChannelRead(AbstractChannelHandlerContext.java:379)
	at org.apache.ratis.thirdparty.io.netty.channel.AbstractChannelHandlerContext.invokeChannelRead(AbstractChannelHandlerContext.java:365)
	at org.apache.ratis.thirdparty.io.netty.channel.AbstractChannelHandlerContext.fireChannelRead(AbstractChannelHandlerContext.java:357)
	at org.apache.ratis.thirdparty.io.netty.channel.DefaultChannelPipeline$HeadContext.channelRead(DefaultChannelPipeline.java:1410)
	at org.apache.ratis.thirdparty.io.netty.channel.AbstractChannelHandlerContext.invokeChannelRead(AbstractChannelHandlerContext.java:379)
	at org.apache.ratis.thirdparty.io.netty.channel.AbstractChannelHandlerContext.invokeChannelRead(AbstractChannelHandlerContext.java:365)
	at org.apache.ratis.thirdparty.io.netty.channel.DefaultChannelPipeline.fireChannelRead(DefaultChannelPipeline.java:919)
	at org.apache.ratis.thirdparty.io.netty.channel.nio.AbstractNioByteChannel$NioByteUnsafe.read(AbstractNioByteChannel.java:166)
	at org.apache.ratis.thirdparty.io.netty.channel.nio.NioEventLoop.processSelectedKey(NioEventLoop.java:722)
	at org.apache.ratis.thirdparty.io.netty.channel.nio.NioEventLoop.processSelectedKeysOptimized(NioEventLoop.java:658)
	at org.apache.ratis.thirdparty.io.netty.channel.nio.NioEventLoop.processSelectedKeys(NioEventLoop.java:584)
	at org.apache.ratis.thirdparty.io.netty.channel.nio.NioEventLoop.run(NioEventLoop.java:496)
	at org.apache.ratis.thirdparty.io.netty.util.concurrent.SingleThreadEventExecutor$4.run(SingleThreadEventExecutor.java:995)
	at org.apache.ratis.thirdparty.io.netty.util.internal.ThreadExecutorMap$2.run(ThreadExecutorMap.java:74)
	at org.apache.ratis.thirdparty.io.netty.util.concurrent.FastThreadLocalRunnable.run(FastThreadLocalRunnable.java:30)
	at java.base/java.lang.Thread.run(Thread.java:829)
2023-03-17 00:26:19,169 WARN  leader.LogAppender (LogAppenderDefault.java:sendAppendEntriesWithRetries(87)) - s2@group-08C85AF2C45E->s3-LogAppenderDefault: Failed to appendEntries (retry=1): {}
org.apache.ratis.protocol.exceptions.GroupMismatchException: s3: group-08C85AF2C45E not found.
	at org.apache.ratis.server.impl.RaftServerProxy$ImplMap.get(RaftServerProxy.java:153)
	at org.apache.ratis.server.impl.RaftServerProxy.getImplFuture(RaftServerProxy.java:359)
	at org.apache.ratis.server.impl.RaftServerProxy.getImpl(RaftServerProxy.java:368)
	at org.apache.ratis.server.impl.RaftServerProxy.getImpl(RaftServerProxy.java:363)
	at org.apache.ratis.server.impl.RaftServerProxy.appendEntries(RaftServerProxy.java:651)
	at org.apache.ratis.netty.server.NettyRpcService.handle(NettyRpcService.java:231)
	at org.apache.ratis.netty.server.NettyRpcService$InboundHandler.channelRead0(NettyRpcService.java:95)
	at org.apache.ratis.netty.server.NettyRpcService$InboundHandler.channelRead0(NettyRpcService.java:91)
	at org.apache.ratis.thirdparty.io.netty.channel.SimpleChannelInboundHandler.channelRead(SimpleChannelInboundHandler.java:99)
	at org.apache.ratis.thirdparty.io.netty.channel.AbstractChannelHandlerContext.invokeChannelRead(AbstractChannelHandlerContext.java:379)
	at org.apache.ratis.thirdparty.io.netty.channel.AbstractChannelHandlerContext.invokeChannelRead(AbstractChannelHandlerContext.java:365)
	at org.apache.ratis.thirdparty.io.netty.channel.AbstractChannelHandlerContext.fireChannelRead(AbstractChannelHandlerContext.java:357)
	at org.apache.ratis.thirdparty.io.netty.handler.codec.MessageToMessageDecoder.channelRead(MessageToMessageDecoder.java:103)
	at org.apache.ratis.thirdparty.io.netty.channel.AbstractChannelHandlerContext.invokeChannelRead(AbstractChannelHandlerContext.java:379)
	at org.apache.ratis.thirdparty.io.netty.channel.AbstractChannelHandlerContext.invokeChannelRead(AbstractChannelHandlerContext.java:365)
	at org.apache.ratis.thirdparty.io.netty.channel.AbstractChannelHandlerContext.fireChannelRead(AbstractChannelHandlerContext.java:357)
	at org.apache.ratis.thirdparty.io.netty.handler.codec.ByteToMessageDecoder.fireChannelRead(ByteToMessageDecoder.java:327)
	at org.apache.ratis.thirdparty.io.netty.handler.codec.ByteToMessageDecoder.channelRead(ByteToMessageDecoder.java:299)
	at org.apache.ratis.thirdparty.io.netty.channel.AbstractChannelHandlerContext.invokeChannelRead(AbstractChannelHandlerContext.java:379)
	at org.apache.ratis.thirdparty.io.netty.channel.AbstractChannelHandlerContext.invokeChannelRead(AbstractChannelHandlerContext.java:365)
	at org.apache.ratis.thirdparty.io.netty.channel.AbstractChannelHandlerContext.fireChannelRead(AbstractChannelHandlerContext.java:357)
	at org.apache.ratis.thirdparty.io.netty.channel.DefaultChannelPipeline$HeadContext.channelRead(DefaultChannelPipeline.java:1410)
	at org.apache.ratis.thirdparty.io.netty.channel.AbstractChannelHandlerContext.invokeChannelRead(AbstractChannelHandlerContext.java:379)
	at org.apache.ratis.thirdparty.io.netty.channel.AbstractChannelHandlerContext.invokeChannelRead(AbstractChannelHandlerContext.java:365)
	at org.apache.ratis.thirdparty.io.netty.channel.DefaultChannelPipeline.fireChannelRead(DefaultChannelPipeline.java:919)
	at org.apache.ratis.thirdparty.io.netty.channel.nio.AbstractNioByteChannel$NioByteUnsafe.read(AbstractNioByteChannel.java:166)
	at org.apache.ratis.thirdparty.io.netty.channel.nio.NioEventLoop.processSelectedKey(NioEventLoop.java:722)
	at org.apache.ratis.thirdparty.io.netty.channel.nio.NioEventLoop.processSelectedKeysOptimized(NioEventLoop.java:658)
	at org.apache.ratis.thirdparty.io.netty.channel.nio.NioEventLoop.processSelectedKeys(NioEventLoop.java:584)
	at org.apache.ratis.thirdparty.io.netty.channel.nio.NioEventLoop.run(NioEventLoop.java:496)
	at org.apache.ratis.thirdparty.io.netty.util.concurrent.SingleThreadEventExecutor$4.run(SingleThreadEventExecutor.java:995)
	at org.apache.ratis.thirdparty.io.netty.util.internal.ThreadExecutorMap$2.run(ThreadExecutorMap.java:74)
	at org.apache.ratis.thirdparty.io.netty.util.concurrent.FastThreadLocalRunnable.run(FastThreadLocalRunnable.java:30)
	at java.base/java.lang.Thread.run(Thread.java:829)
2023-03-17 00:26:19,242 WARN  leader.LogAppender (LogAppenderDefault.java:sendAppendEntriesWithRetries(87)) - s2@group-08C85AF2C45E->s14-LogAppenderDefault: Failed to appendEntries (retry=1): {}
org.apache.ratis.protocol.exceptions.GroupMismatchException: s14: group-08C85AF2C45E not found.
	at org.apache.ratis.server.impl.RaftServerProxy$ImplMap.get(RaftServerProxy.java:153)
	at org.apache.ratis.server.impl.RaftServerProxy.getImplFuture(RaftServerProxy.java:359)
	at org.apache.ratis.server.impl.RaftServerProxy.getImpl(RaftServerProxy.java:368)
	at org.apache.ratis.server.impl.RaftServerProxy.getImpl(RaftServerProxy.java:363)
	at org.apache.ratis.server.impl.RaftServerProxy.appendEntries(RaftServerProxy.java:651)
	at org.apache.ratis.netty.server.NettyRpcService.handle(NettyRpcService.java:231)
	at org.apache.ratis.netty.server.NettyRpcService$InboundHandler.channelRead0(NettyRpcService.java:95)
	at org.apache.ratis.netty.server.NettyRpcService$InboundHandler.channelRead0(NettyRpcService.java:91)
	at org.apache.ratis.thirdparty.io.netty.channel.SimpleChannelInboundHandler.channelRead(SimpleChannelInboundHandler.java:99)
	at org.apache.ratis.thirdparty.io.netty.channel.AbstractChannelHandlerContext.invokeChannelRead(AbstractChannelHandlerContext.java:379)
	at org.apache.ratis.thirdparty.io.netty.channel.AbstractChannelHandlerContext.invokeChannelRead(AbstractChannelHandlerContext.java:365)
	at org.apache.ratis.thirdparty.io.netty.channel.AbstractChannelHandlerContext.fireChannelRead(AbstractChannelHandlerContext.java:357)
	at org.apache.ratis.thirdparty.io.netty.handler.codec.MessageToMessageDecoder.channelRead(MessageToMessageDecoder.java:103)
	at org.apache.ratis.thirdparty.io.netty.channel.AbstractChannelHandlerContext.invokeChannelRead(AbstractChannelHandlerContext.java:379)
	at org.apache.ratis.thirdparty.io.netty.channel.AbstractChannelHandlerContext.invokeChannelRead(AbstractChannelHandlerContext.java:365)
	at org.apache.ratis.thirdparty.io.netty.channel.AbstractChannelHandlerContext.fireChannelRead(AbstractChannelHandlerContext.java:357)
	at org.apache.ratis.thirdparty.io.netty.handler.codec.ByteToMessageDecoder.fireChannelRead(ByteToMessageDecoder.java:327)
	at org.apache.ratis.thirdparty.io.netty.handler.codec.ByteToMessageDecoder.channelRead(ByteToMessageDecoder.java:299)
	at org.apache.ratis.thirdparty.io.netty.channel.AbstractChannelHandlerContext.invokeChannelRead(AbstractChannelHandlerContext.java:379)
	at org.apache.ratis.thirdparty.io.netty.channel.AbstractChannelHandlerContext.invokeChannelRead(AbstractChannelHandlerContext.java:365)
	at org.apache.ratis.thirdparty.io.netty.channel.AbstractChannelHandlerContext.fireChannelRead(AbstractChannelHandlerContext.java:357)
	at org.apache.ratis.thirdparty.io.netty.channel.DefaultChannelPipeline$HeadContext.channelRead(DefaultChannelPipeline.java:1410)
	at org.apache.ratis.thirdparty.io.netty.channel.AbstractChannelHandlerContext.invokeChannelRead(AbstractChannelHandlerContext.java:379)
	at org.apache.ratis.thirdparty.io.netty.channel.AbstractChannelHandlerContext.invokeChannelRead(AbstractChannelHandlerContext.java:365)
	at org.apache.ratis.thirdparty.io.netty.channel.DefaultChannelPipeline.fireChannelRead(DefaultChannelPipeline.java:919)
	at org.apache.ratis.thirdparty.io.netty.channel.nio.AbstractNioByteChannel$NioByteUnsafe.read(AbstractNioByteChannel.java:166)
	at org.apache.ratis.thirdparty.io.netty.channel.nio.NioEventLoop.processSelectedKey(NioEventLoop.java:722)
	at org.apache.ratis.thirdparty.io.netty.channel.nio.NioEventLoop.processSelectedKeysOptimized(NioEventLoop.java:658)
	at org.apache.ratis.thirdparty.io.netty.channel.nio.NioEventLoop.processSelectedKeys(NioEventLoop.java:584)
	at org.apache.ratis.thirdparty.io.netty.channel.nio.NioEventLoop.run(NioEventLoop.java:496)
	at org.apache.ratis.thirdparty.io.netty.util.concurrent.SingleThreadEventExecutor$4.run(SingleThreadEventExecutor.java:995)
	at org.apache.ratis.thirdparty.io.netty.util.internal.ThreadExecutorMap$2.run(ThreadExecutorMap.java:74)
	at org.apache.ratis.thirdparty.io.netty.util.concurrent.FastThreadLocalRunnable.run(FastThreadLocalRunnable.java:30)
	at java.base/java.lang.Thread.run(Thread.java:829)
2023-03-17 00:26:19,244 WARN  leader.LogAppender (LogAppenderDefault.java:sendAppendEntriesWithRetries(87)) - s2@group-08C85AF2C45E->s3-LogAppenderDefault: Failed to appendEntries (retry=1): {}
org.apache.ratis.protocol.exceptions.GroupMismatchException: s3: group-08C85AF2C45E not found.
	at org.apache.ratis.server.impl.RaftServerProxy$ImplMap.get(RaftServerProxy.java:153)
	at org.apache.ratis.server.impl.RaftServerProxy.getImplFuture(RaftServerProxy.java:359)
	at org.apache.ratis.server.impl.RaftServerProxy.getImpl(RaftServerProxy.java:368)
	at org.apache.ratis.server.impl.RaftServerProxy.getImpl(RaftServerProxy.java:363)
	at org.apache.ratis.server.impl.RaftServerProxy.appendEntries(RaftServerProxy.java:651)
	at org.apache.ratis.netty.server.NettyRpcService.handle(NettyRpcService.java:231)
	at org.apache.ratis.netty.server.NettyRpcService$InboundHandler.channelRead0(NettyRpcService.java:95)
	at org.apache.ratis.netty.server.NettyRpcService$InboundHandler.channelRead0(NettyRpcService.java:91)
	at org.apache.ratis.thirdparty.io.netty.channel.SimpleChannelInboundHandler.channelRead(SimpleChannelInboundHandler.java:99)
	at org.apache.ratis.thirdparty.io.netty.channel.AbstractChannelHandlerContext.invokeChannelRead(AbstractChannelHandlerContext.java:379)
	at org.apache.ratis.thirdparty.io.netty.channel.AbstractChannelHandlerContext.invokeChannelRead(AbstractChannelHandlerContext.java:365)
	at org.apache.ratis.thirdparty.io.netty.channel.AbstractChannelHandlerContext.fireChannelRead(AbstractChannelHandlerContext.java:357)
	at org.apache.ratis.thirdparty.io.netty.handler.codec.MessageToMessageDecoder.channelRead(MessageToMessageDecoder.java:103)
	at org.apache.ratis.thirdparty.io.netty.channel.AbstractChannelHandlerContext.invokeChannelRead(AbstractChannelHandlerContext.java:379)
	at org.apache.ratis.thirdparty.io.netty.channel.AbstractChannelHandlerContext.invokeChannelRead(AbstractChannelHandlerContext.java:365)
	at org.apache.ratis.thirdparty.io.netty.channel.AbstractChannelHandlerContext.fireChannelRead(AbstractChannelHandlerContext.java:357)
	at org.apache.ratis.thirdparty.io.netty.handler.codec.ByteToMessageDecoder.fireChannelRead(ByteToMessageDecoder.java:327)
	at org.apache.ratis.thirdparty.io.netty.handler.codec.ByteToMessageDecoder.channelRead(ByteToMessageDecoder.java:299)
	at org.apache.ratis.thirdparty.io.netty.channel.AbstractChannelHandlerContext.invokeChannelRead(AbstractChannelHandlerContext.java:379)
	at org.apache.ratis.thirdparty.io.netty.channel.AbstractChannelHandlerContext.invokeChannelRead(AbstractChannelHandlerContext.java:365)
	at org.apache.ratis.thirdparty.io.netty.channel.AbstractChannelHandlerContext.fireChannelRead(AbstractChannelHandlerContext.java:357)
	at org.apache.ratis.thirdparty.io.netty.channel.DefaultChannelPipeline$HeadContext.channelRead(DefaultChannelPipeline.java:1410)
	at org.apache.ratis.thirdparty.io.netty.channel.AbstractChannelHandlerContext.invokeChannelRead(AbstractChannelHandlerContext.java:379)
	at org.apache.ratis.thirdparty.io.netty.channel.AbstractChannelHandlerContext.invokeChannelRead(AbstractChannelHandlerContext.java:365)
	at org.apache.ratis.thirdparty.io.netty.channel.DefaultChannelPipeline.fireChannelRead(DefaultChannelPipeline.java:919)
	at org.apache.ratis.thirdparty.io.netty.channel.nio.AbstractNioByteChannel$NioByteUnsafe.read(AbstractNioByteChannel.java:166)
	at org.apache.ratis.thirdparty.io.netty.channel.nio.NioEventLoop.processSelectedKey(NioEventLoop.java:722)
	at org.apache.ratis.thirdparty.io.netty.channel.nio.NioEventLoop.processSelectedKeysOptimized(NioEventLoop.java:658)
	at org.apache.ratis.thirdparty.io.netty.channel.nio.NioEventLoop.processSelectedKeys(NioEventLoop.java:584)
	at org.apache.ratis.thirdparty.io.netty.channel.nio.NioEventLoop.run(NioEventLoop.java:496)
	at org.apache.ratis.thirdparty.io.netty.util.concurrent.SingleThreadEventExecutor$4.run(SingleThreadEventExecutor.java:995)
	at org.apache.ratis.thirdparty.io.netty.util.internal.ThreadExecutorMap$2.run(ThreadExecutorMap.java:74)
	at org.apache.ratis.thirdparty.io.netty.util.concurrent.FastThreadLocalRunnable.run(FastThreadLocalRunnable.java:30)
	at java.base/java.lang.Thread.run(Thread.java:829)
2023-03-17 00:26:19,318 WARN  leader.LogAppender (LogAppenderDefault.java:sendAppendEntriesWithRetries(87)) - s2@group-08C85AF2C45E->s14-LogAppenderDefault: Failed to appendEntries (retry=1): {}
org.apache.ratis.protocol.exceptions.GroupMismatchException: s14: group-08C85AF2C45E not found.
	at org.apache.ratis.server.impl.RaftServerProxy$ImplMap.get(RaftServerProxy.java:153)
	at org.apache.ratis.server.impl.RaftServerProxy.getImplFuture(RaftServerProxy.java:359)
	at org.apache.ratis.server.impl.RaftServerProxy.getImpl(RaftServerProxy.java:368)
	at org.apache.ratis.server.impl.RaftServerProxy.getImpl(RaftServerProxy.java:363)
	at org.apache.ratis.server.impl.RaftServerProxy.appendEntries(RaftServerProxy.java:651)
	at org.apache.ratis.netty.server.NettyRpcService.handle(NettyRpcService.java:231)
	at org.apache.ratis.netty.server.NettyRpcService$InboundHandler.channelRead0(NettyRpcService.java:95)
	at org.apache.ratis.netty.server.NettyRpcService$InboundHandler.channelRead0(NettyRpcService.java:91)
	at org.apache.ratis.thirdparty.io.netty.channel.SimpleChannelInboundHandler.channelRead(SimpleChannelInboundHandler.java:99)
	at org.apache.ratis.thirdparty.io.netty.channel.AbstractChannelHandlerContext.invokeChannelRead(AbstractChannelHandlerContext.java:379)
	at org.apache.ratis.thirdparty.io.netty.channel.AbstractChannelHandlerContext.invokeChannelRead(AbstractChannelHandlerContext.java:365)
	at org.apache.ratis.thirdparty.io.netty.channel.AbstractChannelHandlerContext.fireChannelRead(AbstractChannelHandlerContext.java:357)
	at org.apache.ratis.thirdparty.io.netty.handler.codec.MessageToMessageDecoder.channelRead(MessageToMessageDecoder.java:103)
	at org.apache.ratis.thirdparty.io.netty.channel.AbstractChannelHandlerContext.invokeChannelRead(AbstractChannelHandlerContext.java:379)
	at org.apache.ratis.thirdparty.io.netty.channel.AbstractChannelHandlerContext.invokeChannelRead(AbstractChannelHandlerContext.java:365)
	at org.apache.ratis.thirdparty.io.netty.channel.AbstractChannelHandlerContext.fireChannelRead(AbstractChannelHandlerContext.java:357)
	at org.apache.ratis.thirdparty.io.netty.handler.codec.ByteToMessageDecoder.fireChannelRead(ByteToMessageDecoder.java:327)
	at org.apache.ratis.thirdparty.io.netty.handler.codec.ByteToMessageDecoder.channelRead(ByteToMessageDecoder.java:299)
	at org.apache.ratis.thirdparty.io.netty.channel.AbstractChannelHandlerContext.invokeChannelRead(AbstractChannelHandlerContext.java:379)
	at org.apache.ratis.thirdparty.io.netty.channel.AbstractChannelHandlerContext.invokeChannelRead(AbstractChannelHandlerContext.java:365)
	at org.apache.ratis.thirdparty.io.netty.channel.AbstractChannelHandlerContext.fireChannelRead(AbstractChannelHandlerContext.java:357)
	at org.apache.ratis.thirdparty.io.netty.channel.DefaultChannelPipeline$HeadContext.channelRead(DefaultChannelPipeline.java:1410)
	at org.apache.ratis.thirdparty.io.netty.channel.AbstractChannelHandlerContext.invokeChannelRead(AbstractChannelHandlerContext.java:379)
	at org.apache.ratis.thirdparty.io.netty.channel.AbstractChannelHandlerContext.invokeChannelRead(AbstractChannelHandlerContext.java:365)
	at org.apache.ratis.thirdparty.io.netty.channel.DefaultChannelPipeline.fireChannelRead(DefaultChannelPipeline.java:919)
	at org.apache.ratis.thirdparty.io.netty.channel.nio.AbstractNioByteChannel$NioByteUnsafe.read(AbstractNioByteChannel.java:166)
	at org.apache.ratis.thirdparty.io.netty.channel.nio.NioEventLoop.processSelectedKey(NioEventLoop.java:722)
	at org.apache.ratis.thirdparty.io.netty.channel.nio.NioEventLoop.processSelectedKeysOptimized(NioEventLoop.java:658)
	at org.apache.ratis.thirdparty.io.netty.channel.nio.NioEventLoop.processSelectedKeys(NioEventLoop.java:584)
	at org.apache.ratis.thirdparty.io.netty.channel.nio.NioEventLoop.run(NioEventLoop.java:496)
	at org.apache.ratis.thirdparty.io.netty.util.concurrent.SingleThreadEventExecutor$4.run(SingleThreadEventExecutor.java:995)
	at org.apache.ratis.thirdparty.io.netty.util.internal.ThreadExecutorMap$2.run(ThreadExecutorMap.java:74)
	at org.apache.ratis.thirdparty.io.netty.util.concurrent.FastThreadLocalRunnable.run(FastThreadLocalRunnable.java:30)
	at java.base/java.lang.Thread.run(Thread.java:829)
2023-03-17 00:26:19,320 WARN  leader.LogAppender (LogAppenderDefault.java:sendAppendEntriesWithRetries(87)) - s2@group-08C85AF2C45E->s3-LogAppenderDefault: Failed to appendEntries (retry=1): {}
org.apache.ratis.protocol.exceptions.GroupMismatchException: s3: group-08C85AF2C45E not found.
	at org.apache.ratis.server.impl.RaftServerProxy$ImplMap.get(RaftServerProxy.java:153)
	at org.apache.ratis.server.impl.RaftServerProxy.getImplFuture(RaftServerProxy.java:359)
	at org.apache.ratis.server.impl.RaftServerProxy.getImpl(RaftServerProxy.java:368)
	at org.apache.ratis.server.impl.RaftServerProxy.getImpl(RaftServerProxy.java:363)
	at org.apache.ratis.server.impl.RaftServerProxy.appendEntries(RaftServerProxy.java:651)
	at org.apache.ratis.netty.server.NettyRpcService.handle(NettyRpcService.java:231)
	at org.apache.ratis.netty.server.NettyRpcService$InboundHandler.channelRead0(NettyRpcService.java:95)
	at org.apache.ratis.netty.server.NettyRpcService$InboundHandler.channelRead0(NettyRpcService.java:91)
	at org.apache.ratis.thirdparty.io.netty.channel.SimpleChannelInboundHandler.channelRead(SimpleChannelInboundHandler.java:99)
	at org.apache.ratis.thirdparty.io.netty.channel.AbstractChannelHandlerContext.invokeChannelRead(AbstractChannelHandlerContext.java:379)
	at org.apache.ratis.thirdparty.io.netty.channel.AbstractChannelHandlerContext.invokeChannelRead(AbstractChannelHandlerContext.java:365)
	at org.apache.ratis.thirdparty.io.netty.channel.AbstractChannelHandlerContext.fireChannelRead(AbstractChannelHandlerContext.java:357)
	at org.apache.ratis.thirdparty.io.netty.handler.codec.MessageToMessageDecoder.channelRead(MessageToMessageDecoder.java:103)
	at org.apache.ratis.thirdparty.io.netty.channel.AbstractChannelHandlerContext.invokeChannelRead(AbstractChannelHandlerContext.java:379)
	at org.apache.ratis.thirdparty.io.netty.channel.AbstractChannelHandlerContext.invokeChannelRead(AbstractChannelHandlerContext.java:365)
	at org.apache.ratis.thirdparty.io.netty.channel.AbstractChannelHandlerContext.fireChannelRead(AbstractChannelHandlerContext.java:357)
	at org.apache.ratis.thirdparty.io.netty.handler.codec.ByteToMessageDecoder.fireChannelRead(ByteToMessageDecoder.java:327)
	at org.apache.ratis.thirdparty.io.netty.handler.codec.ByteToMessageDecoder.channelRead(ByteToMessageDecoder.java:299)
	at org.apache.ratis.thirdparty.io.netty.channel.AbstractChannelHandlerContext.invokeChannelRead(AbstractChannelHandlerContext.java:379)
	at org.apache.ratis.thirdparty.io.netty.channel.AbstractChannelHandlerContext.invokeChannelRead(AbstractChannelHandlerContext.java:365)
	at org.apache.ratis.thirdparty.io.netty.channel.AbstractChannelHandlerContext.fireChannelRead(AbstractChannelHandlerContext.java:357)
	at org.apache.ratis.thirdparty.io.netty.channel.DefaultChannelPipeline$HeadContext.channelRead(DefaultChannelPipeline.java:1410)
	at org.apache.ratis.thirdparty.io.netty.channel.AbstractChannelHandlerContext.invokeChannelRead(AbstractChannelHandlerContext.java:379)
	at org.apache.ratis.thirdparty.io.netty.channel.AbstractChannelHandlerContext.invokeChannelRead(AbstractChannelHandlerContext.java:365)
	at org.apache.ratis.thirdparty.io.netty.channel.DefaultChannelPipeline.fireChannelRead(DefaultChannelPipeline.java:919)
	at org.apache.ratis.thirdparty.io.netty.channel.nio.AbstractNioByteChannel$NioByteUnsafe.read(AbstractNioByteChannel.java:166)
	at org.apache.ratis.thirdparty.io.netty.channel.nio.NioEventLoop.processSelectedKey(NioEventLoop.java:722)
	at org.apache.ratis.thirdparty.io.netty.channel.nio.NioEventLoop.processSelectedKeysOptimized(NioEventLoop.java:658)
	at org.apache.ratis.thirdparty.io.netty.channel.nio.NioEventLoop.processSelectedKeys(NioEventLoop.java:584)
	at org.apache.ratis.thirdparty.io.netty.channel.nio.NioEventLoop.run(NioEventLoop.java:496)
	at org.apache.ratis.thirdparty.io.netty.util.concurrent.SingleThreadEventExecutor$4.run(SingleThreadEventExecutor.java:995)
	at org.apache.ratis.thirdparty.io.netty.util.internal.ThreadExecutorMap$2.run(ThreadExecutorMap.java:74)
	at org.apache.ratis.thirdparty.io.netty.util.concurrent.FastThreadLocalRunnable.run(FastThreadLocalRunnable.java:30)
	at java.base/java.lang.Thread.run(Thread.java:829)
2023-03-17 00:26:19,395 WARN  leader.LogAppender (LogAppenderDefault.java:sendAppendEntriesWithRetries(87)) - s2@group-08C85AF2C45E->s14-LogAppenderDefault: Failed to appendEntries (retry=1): {}
org.apache.ratis.protocol.exceptions.GroupMismatchException: s14: group-08C85AF2C45E not found.
	at org.apache.ratis.server.impl.RaftServerProxy$ImplMap.get(RaftServerProxy.java:153)
	at org.apache.ratis.server.impl.RaftServerProxy.getImplFuture(RaftServerProxy.java:359)
	at org.apache.ratis.server.impl.RaftServerProxy.getImpl(RaftServerProxy.java:368)
	at org.apache.ratis.server.impl.RaftServerProxy.getImpl(RaftServerProxy.java:363)
	at org.apache.ratis.server.impl.RaftServerProxy.appendEntries(RaftServerProxy.java:651)
	at org.apache.ratis.netty.server.NettyRpcService.handle(NettyRpcService.java:231)
	at org.apache.ratis.netty.server.NettyRpcService$InboundHandler.channelRead0(NettyRpcService.java:95)
	at org.apache.ratis.netty.server.NettyRpcService$InboundHandler.channelRead0(NettyRpcService.java:91)
	at org.apache.ratis.thirdparty.io.netty.channel.SimpleChannelInboundHandler.channelRead(SimpleChannelInboundHandler.java:99)
	at org.apache.ratis.thirdparty.io.netty.channel.AbstractChannelHandlerContext.invokeChannelRead(AbstractChannelHandlerContext.java:379)
	at org.apache.ratis.thirdparty.io.netty.channel.AbstractChannelHandlerContext.invokeChannelRead(AbstractChannelHandlerContext.java:365)
	at org.apache.ratis.thirdparty.io.netty.channel.AbstractChannelHandlerContext.fireChannelRead(AbstractChannelHandlerContext.java:357)
	at org.apache.ratis.thirdparty.io.netty.handler.codec.MessageToMessageDecoder.channelRead(MessageToMessageDecoder.java:103)
	at org.apache.ratis.thirdparty.io.netty.channel.AbstractChannelHandlerContext.invokeChannelRead(AbstractChannelHandlerContext.java:379)
	at org.apache.ratis.thirdparty.io.netty.channel.AbstractChannelHandlerContext.invokeChannelRead(AbstractChannelHandlerContext.java:365)
	at org.apache.ratis.thirdparty.io.netty.channel.AbstractChannelHandlerContext.fireChannelRead(AbstractChannelHandlerContext.java:357)
	at org.apache.ratis.thirdparty.io.netty.handler.codec.ByteToMessageDecoder.fireChannelRead(ByteToMessageDecoder.java:327)
	at org.apache.ratis.thirdparty.io.netty.handler.codec.ByteToMessageDecoder.channelRead(ByteToMessageDecoder.java:299)
	at org.apache.ratis.thirdparty.io.netty.channel.AbstractChannelHandlerContext.invokeChannelRead(AbstractChannelHandlerContext.java:379)
	at org.apache.ratis.thirdparty.io.netty.channel.AbstractChannelHandlerContext.invokeChannelRead(AbstractChannelHandlerContext.java:365)
	at org.apache.ratis.thirdparty.io.netty.channel.AbstractChannelHandlerContext.fireChannelRead(AbstractChannelHandlerContext.java:357)
	at org.apache.ratis.thirdparty.io.netty.channel.DefaultChannelPipeline$HeadContext.channelRead(DefaultChannelPipeline.java:1410)
	at org.apache.ratis.thirdparty.io.netty.channel.AbstractChannelHandlerContext.invokeChannelRead(AbstractChannelHandlerContext.java:379)
	at org.apache.ratis.thirdparty.io.netty.channel.AbstractChannelHandlerContext.invokeChannelRead(AbstractChannelHandlerContext.java:365)
	at org.apache.ratis.thirdparty.io.netty.channel.DefaultChannelPipeline.fireChannelRead(DefaultChannelPipeline.java:919)
	at org.apache.ratis.thirdparty.io.netty.channel.nio.AbstractNioByteChannel$NioByteUnsafe.read(AbstractNioByteChannel.java:166)
	at org.apache.ratis.thirdparty.io.netty.channel.nio.NioEventLoop.processSelectedKey(NioEventLoop.java:722)
	at org.apache.ratis.thirdparty.io.netty.channel.nio.NioEventLoop.processSelectedKeysOptimized(NioEventLoop.java:658)
	at org.apache.ratis.thirdparty.io.netty.channel.nio.NioEventLoop.processSelectedKeys(NioEventLoop.java:584)
	at org.apache.ratis.thirdparty.io.netty.channel.nio.NioEventLoop.run(NioEventLoop.java:496)
	at org.apache.ratis.thirdparty.io.netty.util.concurrent.SingleThreadEventExecutor$4.run(SingleThreadEventExecutor.java:995)
	at org.apache.ratis.thirdparty.io.netty.util.internal.ThreadExecutorMap$2.run(ThreadExecutorMap.java:74)
	at org.apache.ratis.thirdparty.io.netty.util.concurrent.FastThreadLocalRunnable.run(FastThreadLocalRunnable.java:30)
	at java.base/java.lang.Thread.run(Thread.java:829)
2023-03-17 00:26:19,396 WARN  leader.LogAppender (LogAppenderDefault.java:sendAppendEntriesWithRetries(87)) - s2@group-08C85AF2C45E->s3-LogAppenderDefault: Failed to appendEntries (retry=1): {}
org.apache.ratis.protocol.exceptions.GroupMismatchException: s3: group-08C85AF2C45E not found.
	at org.apache.ratis.server.impl.RaftServerProxy$ImplMap.get(RaftServerProxy.java:153)
	at org.apache.ratis.server.impl.RaftServerProxy.getImplFuture(RaftServerProxy.java:359)
	at org.apache.ratis.server.impl.RaftServerProxy.getImpl(RaftServerProxy.java:368)
	at org.apache.ratis.server.impl.RaftServerProxy.getImpl(RaftServerProxy.java:363)
	at org.apache.ratis.server.impl.RaftServerProxy.appendEntries(RaftServerProxy.java:651)
	at org.apache.ratis.netty.server.NettyRpcService.handle(NettyRpcService.java:231)
	at org.apache.ratis.netty.server.NettyRpcService$InboundHandler.channelRead0(NettyRpcService.java:95)
	at org.apache.ratis.netty.server.NettyRpcService$InboundHandler.channelRead0(NettyRpcService.java:91)
	at org.apache.ratis.thirdparty.io.netty.channel.SimpleChannelInboundHandler.channelRead(SimpleChannelInboundHandler.java:99)
	at org.apache.ratis.thirdparty.io.netty.channel.AbstractChannelHandlerContext.invokeChannelRead(AbstractChannelHandlerContext.java:379)
	at org.apache.ratis.thirdparty.io.netty.channel.AbstractChannelHandlerContext.invokeChannelRead(AbstractChannelHandlerContext.java:365)
	at org.apache.ratis.thirdparty.io.netty.channel.AbstractChannelHandlerContext.fireChannelRead(AbstractChannelHandlerContext.java:357)
	at org.apache.ratis.thirdparty.io.netty.handler.codec.MessageToMessageDecoder.channelRead(MessageToMessageDecoder.java:103)
	at org.apache.ratis.thirdparty.io.netty.channel.AbstractChannelHandlerContext.invokeChannelRead(AbstractChannelHandlerContext.java:379)
	at org.apache.ratis.thirdparty.io.netty.channel.AbstractChannelHandlerContext.invokeChannelRead(AbstractChannelHandlerContext.java:365)
	at org.apache.ratis.thirdparty.io.netty.channel.AbstractChannelHandlerContext.fireChannelRead(AbstractChannelHandlerContext.java:357)
	at org.apache.ratis.thirdparty.io.netty.handler.codec.ByteToMessageDecoder.fireChannelRead(ByteToMessageDecoder.java:327)
	at org.apache.ratis.thirdparty.io.netty.handler.codec.ByteToMessageDecoder.channelRead(ByteToMessageDecoder.java:299)
	at org.apache.ratis.thirdparty.io.netty.channel.AbstractChannelHandlerContext.invokeChannelRead(AbstractChannelHandlerContext.java:379)
	at org.apache.ratis.thirdparty.io.netty.channel.AbstractChannelHandlerContext.invokeChannelRead(AbstractChannelHandlerContext.java:365)
	at org.apache.ratis.thirdparty.io.netty.channel.AbstractChannelHandlerContext.fireChannelRead(AbstractChannelHandlerContext.java:357)
	at org.apache.ratis.thirdparty.io.netty.channel.DefaultChannelPipeline$HeadContext.channelRead(DefaultChannelPipeline.java:1410)
	at org.apache.ratis.thirdparty.io.netty.channel.AbstractChannelHandlerContext.invokeChannelRead(AbstractChannelHandlerContext.java:379)
	at org.apache.ratis.thirdparty.io.netty.channel.AbstractChannelHandlerContext.invokeChannelRead(AbstractChannelHandlerContext.java:365)
	at org.apache.ratis.thirdparty.io.netty.channel.DefaultChannelPipeline.fireChannelRead(DefaultChannelPipeline.java:919)
	at org.apache.ratis.thirdparty.io.netty.channel.nio.AbstractNioByteChannel$NioByteUnsafe.read(AbstractNioByteChannel.java:166)
	at org.apache.ratis.thirdparty.io.netty.channel.nio.NioEventLoop.processSelectedKey(NioEventLoop.java:722)
	at org.apache.ratis.thirdparty.io.netty.channel.nio.NioEventLoop.processSelectedKeysOptimized(NioEventLoop.java:658)
	at org.apache.ratis.thirdparty.io.netty.channel.nio.NioEventLoop.processSelectedKeys(NioEventLoop.java:584)
	at org.apache.ratis.thirdparty.io.netty.channel.nio.NioEventLoop.run(NioEventLoop.java:496)
	at org.apache.ratis.thirdparty.io.netty.util.concurrent.SingleThreadEventExecutor$4.run(SingleThreadEventExecutor.java:995)
	at org.apache.ratis.thirdparty.io.netty.util.internal.ThreadExecutorMap$2.run(ThreadExecutorMap.java:74)
	at org.apache.ratis.thirdparty.io.netty.util.concurrent.FastThreadLocalRunnable.run(FastThreadLocalRunnable.java:30)
	at java.base/java.lang.Thread.run(Thread.java:829)
2023-03-17 00:26:19,470 WARN  leader.LogAppender (LogAppenderDefault.java:sendAppendEntriesWithRetries(87)) - s2@group-08C85AF2C45E->s14-LogAppenderDefault: Failed to appendEntries (retry=1): {}
org.apache.ratis.protocol.exceptions.GroupMismatchException: s14: group-08C85AF2C45E not found.
	at org.apache.ratis.server.impl.RaftServerProxy$ImplMap.get(RaftServerProxy.java:153)
	at org.apache.ratis.server.impl.RaftServerProxy.getImplFuture(RaftServerProxy.java:359)
	at org.apache.ratis.server.impl.RaftServerProxy.getImpl(RaftServerProxy.java:368)
	at org.apache.ratis.server.impl.RaftServerProxy.getImpl(RaftServerProxy.java:363)
	at org.apache.ratis.server.impl.RaftServerProxy.appendEntries(RaftServerProxy.java:651)
	at org.apache.ratis.netty.server.NettyRpcService.handle(NettyRpcService.java:231)
	at org.apache.ratis.netty.server.NettyRpcService$InboundHandler.channelRead0(NettyRpcService.java:95)
	at org.apache.ratis.netty.server.NettyRpcService$InboundHandler.channelRead0(NettyRpcService.java:91)
	at org.apache.ratis.thirdparty.io.netty.channel.SimpleChannelInboundHandler.channelRead(SimpleChannelInboundHandler.java:99)
	at org.apache.ratis.thirdparty.io.netty.channel.AbstractChannelHandlerContext.invokeChannelRead(AbstractChannelHandlerContext.java:379)
	at org.apache.ratis.thirdparty.io.netty.channel.AbstractChannelHandlerContext.invokeChannelRead(AbstractChannelHandlerContext.java:365)
	at org.apache.ratis.thirdparty.io.netty.channel.AbstractChannelHandlerContext.fireChannelRead(AbstractChannelHandlerContext.java:357)
	at org.apache.ratis.thirdparty.io.netty.handler.codec.MessageToMessageDecoder.channelRead(MessageToMessageDecoder.java:103)
	at org.apache.ratis.thirdparty.io.netty.channel.AbstractChannelHandlerContext.invokeChannelRead(AbstractChannelHandlerContext.java:379)
	at org.apache.ratis.thirdparty.io.netty.channel.AbstractChannelHandlerContext.invokeChannelRead(AbstractChannelHandlerContext.java:365)
	at org.apache.ratis.thirdparty.io.netty.channel.AbstractChannelHandlerContext.fireChannelRead(AbstractChannelHandlerContext.java:357)
	at org.apache.ratis.thirdparty.io.netty.handler.codec.ByteToMessageDecoder.fireChannelRead(ByteToMessageDecoder.java:327)
	at org.apache.ratis.thirdparty.io.netty.handler.codec.ByteToMessageDecoder.channelRead(ByteToMessageDecoder.java:299)
	at org.apache.ratis.thirdparty.io.netty.channel.AbstractChannelHandlerContext.invokeChannelRead(AbstractChannelHandlerContext.java:379)
	at org.apache.ratis.thirdparty.io.netty.channel.AbstractChannelHandlerContext.invokeChannelRead(AbstractChannelHandlerContext.java:365)
	at org.apache.ratis.thirdparty.io.netty.channel.AbstractChannelHandlerContext.fireChannelRead(AbstractChannelHandlerContext.java:357)
	at org.apache.ratis.thirdparty.io.netty.channel.DefaultChannelPipeline$HeadContext.channelRead(DefaultChannelPipeline.java:1410)
	at org.apache.ratis.thirdparty.io.netty.channel.AbstractChannelHandlerContext.invokeChannelRead(AbstractChannelHandlerContext.java:379)
	at org.apache.ratis.thirdparty.io.netty.channel.AbstractChannelHandlerContext.invokeChannelRead(AbstractChannelHandlerContext.java:365)
	at org.apache.ratis.thirdparty.io.netty.channel.DefaultChannelPipeline.fireChannelRead(DefaultChannelPipeline.java:919)
	at org.apache.ratis.thirdparty.io.netty.channel.nio.AbstractNioByteChannel$NioByteUnsafe.read(AbstractNioByteChannel.java:166)
	at org.apache.ratis.thirdparty.io.netty.channel.nio.NioEventLoop.processSelectedKey(NioEventLoop.java:722)
	at org.apache.ratis.thirdparty.io.netty.channel.nio.NioEventLoop.processSelectedKeysOptimized(NioEventLoop.java:658)
	at org.apache.ratis.thirdparty.io.netty.channel.nio.NioEventLoop.processSelectedKeys(NioEventLoop.java:584)
	at org.apache.ratis.thirdparty.io.netty.channel.nio.NioEventLoop.run(NioEventLoop.java:496)
	at org.apache.ratis.thirdparty.io.netty.util.concurrent.SingleThreadEventExecutor$4.run(SingleThreadEventExecutor.java:995)
	at org.apache.ratis.thirdparty.io.netty.util.internal.ThreadExecutorMap$2.run(ThreadExecutorMap.java:74)
	at org.apache.ratis.thirdparty.io.netty.util.concurrent.FastThreadLocalRunnable.run(FastThreadLocalRunnable.java:30)
	at java.base/java.lang.Thread.run(Thread.java:829)
2023-03-17 00:26:19,471 WARN  leader.LogAppender (LogAppenderDefault.java:sendAppendEntriesWithRetries(87)) - s2@group-08C85AF2C45E->s3-LogAppenderDefault: Failed to appendEntries (retry=1): {}
org.apache.ratis.protocol.exceptions.GroupMismatchException: s3: group-08C85AF2C45E not found.
	at org.apache.ratis.server.impl.RaftServerProxy$ImplMap.get(RaftServerProxy.java:153)
	at org.apache.ratis.server.impl.RaftServerProxy.getImplFuture(RaftServerProxy.java:359)
	at org.apache.ratis.server.impl.RaftServerProxy.getImpl(RaftServerProxy.java:368)
	at org.apache.ratis.server.impl.RaftServerProxy.getImpl(RaftServerProxy.java:363)
	at org.apache.ratis.server.impl.RaftServerProxy.appendEntries(RaftServerProxy.java:651)
	at org.apache.ratis.netty.server.NettyRpcService.handle(NettyRpcService.java:231)
	at org.apache.ratis.netty.server.NettyRpcService$InboundHandler.channelRead0(NettyRpcService.java:95)
	at org.apache.ratis.netty.server.NettyRpcService$InboundHandler.channelRead0(NettyRpcService.java:91)
	at org.apache.ratis.thirdparty.io.netty.channel.SimpleChannelInboundHandler.channelRead(SimpleChannelInboundHandler.java:99)
	at org.apache.ratis.thirdparty.io.netty.channel.AbstractChannelHandlerContext.invokeChannelRead(AbstractChannelHandlerContext.java:379)
	at org.apache.ratis.thirdparty.io.netty.channel.AbstractChannelHandlerContext.invokeChannelRead(AbstractChannelHandlerContext.java:365)
	at org.apache.ratis.thirdparty.io.netty.channel.AbstractChannelHandlerContext.fireChannelRead(AbstractChannelHandlerContext.java:357)
	at org.apache.ratis.thirdparty.io.netty.handler.codec.MessageToMessageDecoder.channelRead(MessageToMessageDecoder.java:103)
	at org.apache.ratis.thirdparty.io.netty.channel.AbstractChannelHandlerContext.invokeChannelRead(AbstractChannelHandlerContext.java:379)
	at org.apache.ratis.thirdparty.io.netty.channel.AbstractChannelHandlerContext.invokeChannelRead(AbstractChannelHandlerContext.java:365)
	at org.apache.ratis.thirdparty.io.netty.channel.AbstractChannelHandlerContext.fireChannelRead(AbstractChannelHandlerContext.java:357)
	at org.apache.ratis.thirdparty.io.netty.handler.codec.ByteToMessageDecoder.fireChannelRead(ByteToMessageDecoder.java:327)
	at org.apache.ratis.thirdparty.io.netty.handler.codec.ByteToMessageDecoder.channelRead(ByteToMessageDecoder.java:299)
	at org.apache.ratis.thirdparty.io.netty.channel.AbstractChannelHandlerContext.invokeChannelRead(AbstractChannelHandlerContext.java:379)
	at org.apache.ratis.thirdparty.io.netty.channel.AbstractChannelHandlerContext.invokeChannelRead(AbstractChannelHandlerContext.java:365)
	at org.apache.ratis.thirdparty.io.netty.channel.AbstractChannelHandlerContext.fireChannelRead(AbstractChannelHandlerContext.java:357)
	at org.apache.ratis.thirdparty.io.netty.channel.DefaultChannelPipeline$HeadContext.channelRead(DefaultChannelPipeline.java:1410)
	at org.apache.ratis.thirdparty.io.netty.channel.AbstractChannelHandlerContext.invokeChannelRead(AbstractChannelHandlerContext.java:379)
	at org.apache.ratis.thirdparty.io.netty.channel.AbstractChannelHandlerContext.invokeChannelRead(AbstractChannelHandlerContext.java:365)
	at org.apache.ratis.thirdparty.io.netty.channel.DefaultChannelPipeline.fireChannelRead(DefaultChannelPipeline.java:919)
	at org.apache.ratis.thirdparty.io.netty.channel.nio.AbstractNioByteChannel$NioByteUnsafe.read(AbstractNioByteChannel.java:166)
	at org.apache.ratis.thirdparty.io.netty.channel.nio.NioEventLoop.processSelectedKey(NioEventLoop.java:722)
	at org.apache.ratis.thirdparty.io.netty.channel.nio.NioEventLoop.processSelectedKeysOptimized(NioEventLoop.java:658)
	at org.apache.ratis.thirdparty.io.netty.channel.nio.NioEventLoop.processSelectedKeys(NioEventLoop.java:584)
	at org.apache.ratis.thirdparty.io.netty.channel.nio.NioEventLoop.run(NioEventLoop.java:496)
	at org.apache.ratis.thirdparty.io.netty.util.concurrent.SingleThreadEventExecutor$4.run(SingleThreadEventExecutor.java:995)
	at org.apache.ratis.thirdparty.io.netty.util.internal.ThreadExecutorMap$2.run(ThreadExecutorMap.java:74)
	at org.apache.ratis.thirdparty.io.netty.util.concurrent.FastThreadLocalRunnable.run(FastThreadLocalRunnable.java:30)
	at java.base/java.lang.Thread.run(Thread.java:829)
2023-03-17 00:26:19,551 WARN  leader.LogAppender (LogAppenderDefault.java:sendAppendEntriesWithRetries(87)) - s2@group-08C85AF2C45E->s14-LogAppenderDefault: Failed to appendEntries (retry=1): {}
org.apache.ratis.protocol.exceptions.GroupMismatchException: s14: group-08C85AF2C45E not found.
	at org.apache.ratis.server.impl.RaftServerProxy$ImplMap.get(RaftServerProxy.java:153)
	at org.apache.ratis.server.impl.RaftServerProxy.getImplFuture(RaftServerProxy.java:359)
	at org.apache.ratis.server.impl.RaftServerProxy.getImpl(RaftServerProxy.java:368)
	at org.apache.ratis.server.impl.RaftServerProxy.getImpl(RaftServerProxy.java:363)
	at org.apache.ratis.server.impl.RaftServerProxy.appendEntries(RaftServerProxy.java:651)
	at org.apache.ratis.netty.server.NettyRpcService.handle(NettyRpcService.java:231)
	at org.apache.ratis.netty.server.NettyRpcService$InboundHandler.channelRead0(NettyRpcService.java:95)
	at org.apache.ratis.netty.server.NettyRpcService$InboundHandler.channelRead0(NettyRpcService.java:91)
	at org.apache.ratis.thirdparty.io.netty.channel.SimpleChannelInboundHandler.channelRead(SimpleChannelInboundHandler.java:99)
	at org.apache.ratis.thirdparty.io.netty.channel.AbstractChannelHandlerContext.invokeChannelRead(AbstractChannelHandlerContext.java:379)
	at org.apache.ratis.thirdparty.io.netty.channel.AbstractChannelHandlerContext.invokeChannelRead(AbstractChannelHandlerContext.java:365)
	at org.apache.ratis.thirdparty.io.netty.channel.AbstractChannelHandlerContext.fireChannelRead(AbstractChannelHandlerContext.java:357)
	at org.apache.ratis.thirdparty.io.netty.handler.codec.MessageToMessageDecoder.channelRead(MessageToMessageDecoder.java:103)
	at org.apache.ratis.thirdparty.io.netty.channel.AbstractChannelHandlerContext.invokeChannelRead(AbstractChannelHandlerContext.java:379)
	at org.apache.ratis.thirdparty.io.netty.channel.AbstractChannelHandlerContext.invokeChannelRead(AbstractChannelHandlerContext.java:365)
	at org.apache.ratis.thirdparty.io.netty.channel.AbstractChannelHandlerContext.fireChannelRead(AbstractChannelHandlerContext.java:357)
	at org.apache.ratis.thirdparty.io.netty.handler.codec.ByteToMessageDecoder.fireChannelRead(ByteToMessageDecoder.java:327)
	at org.apache.ratis.thirdparty.io.netty.handler.codec.ByteToMessageDecoder.channelRead(ByteToMessageDecoder.java:299)
	at org.apache.ratis.thirdparty.io.netty.channel.AbstractChannelHandlerContext.invokeChannelRead(AbstractChannelHandlerContext.java:379)
	at org.apache.ratis.thirdparty.io.netty.channel.AbstractChannelHandlerContext.invokeChannelRead(AbstractChannelHandlerContext.java:365)
	at org.apache.ratis.thirdparty.io.netty.channel.AbstractChannelHandlerContext.fireChannelRead(AbstractChannelHandlerContext.java:357)
	at org.apache.ratis.thirdparty.io.netty.channel.DefaultChannelPipeline$HeadContext.channelRead(DefaultChannelPipeline.java:1410)
	at org.apache.ratis.thirdparty.io.netty.channel.AbstractChannelHandlerContext.invokeChannelRead(AbstractChannelHandlerContext.java:379)
	at org.apache.ratis.thirdparty.io.netty.channel.AbstractChannelHandlerContext.invokeChannelRead(AbstractChannelHandlerContext.java:365)
	at org.apache.ratis.thirdparty.io.netty.channel.DefaultChannelPipeline.fireChannelRead(DefaultChannelPipeline.java:919)
	at org.apache.ratis.thirdparty.io.netty.channel.nio.AbstractNioByteChannel$NioByteUnsafe.read(AbstractNioByteChannel.java:166)
	at org.apache.ratis.thirdparty.io.netty.channel.nio.NioEventLoop.processSelectedKey(NioEventLoop.java:722)
	at org.apache.ratis.thirdparty.io.netty.channel.nio.NioEventLoop.processSelectedKeysOptimized(NioEventLoop.java:658)
	at org.apache.ratis.thirdparty.io.netty.channel.nio.NioEventLoop.processSelectedKeys(NioEventLoop.java:584)
	at org.apache.ratis.thirdparty.io.netty.channel.nio.NioEventLoop.run(NioEventLoop.java:496)
	at org.apache.ratis.thirdparty.io.netty.util.concurrent.SingleThreadEventExecutor$4.run(SingleThreadEventExecutor.java:995)
	at org.apache.ratis.thirdparty.io.netty.util.internal.ThreadExecutorMap$2.run(ThreadExecutorMap.java:74)
	at org.apache.ratis.thirdparty.io.netty.util.concurrent.FastThreadLocalRunnable.run(FastThreadLocalRunnable.java:30)
	at java.base/java.lang.Thread.run(Thread.java:829)
2023-03-17 00:26:19,552 WARN  leader.LogAppender (LogAppenderDefault.java:sendAppendEntriesWithRetries(87)) - s2@group-08C85AF2C45E->s3-LogAppenderDefault: Failed to appendEntries (retry=1): {}
org.apache.ratis.protocol.exceptions.GroupMismatchException: s3: group-08C85AF2C45E not found.
	at org.apache.ratis.server.impl.RaftServerProxy$ImplMap.get(RaftServerProxy.java:153)
	at org.apache.ratis.server.impl.RaftServerProxy.getImplFuture(RaftServerProxy.java:359)
	at org.apache.ratis.server.impl.RaftServerProxy.getImpl(RaftServerProxy.java:368)
	at org.apache.ratis.server.impl.RaftServerProxy.getImpl(RaftServerProxy.java:363)
	at org.apache.ratis.server.impl.RaftServerProxy.appendEntries(RaftServerProxy.java:651)
	at org.apache.ratis.netty.server.NettyRpcService.handle(NettyRpcService.java:231)
	at org.apache.ratis.netty.server.NettyRpcService$InboundHandler.channelRead0(NettyRpcService.java:95)
	at org.apache.ratis.netty.server.NettyRpcService$InboundHandler.channelRead0(NettyRpcService.java:91)
	at org.apache.ratis.thirdparty.io.netty.channel.SimpleChannelInboundHandler.channelRead(SimpleChannelInboundHandler.java:99)
	at org.apache.ratis.thirdparty.io.netty.channel.AbstractChannelHandlerContext.invokeChannelRead(AbstractChannelHandlerContext.java:379)
	at org.apache.ratis.thirdparty.io.netty.channel.AbstractChannelHandlerContext.invokeChannelRead(AbstractChannelHandlerContext.java:365)
	at org.apache.ratis.thirdparty.io.netty.channel.AbstractChannelHandlerContext.fireChannelRead(AbstractChannelHandlerContext.java:357)
	at org.apache.ratis.thirdparty.io.netty.handler.codec.MessageToMessageDecoder.channelRead(MessageToMessageDecoder.java:103)
	at org.apache.ratis.thirdparty.io.netty.channel.AbstractChannelHandlerContext.invokeChannelRead(AbstractChannelHandlerContext.java:379)
	at org.apache.ratis.thirdparty.io.netty.channel.AbstractChannelHandlerContext.invokeChannelRead(AbstractChannelHandlerContext.java:365)
	at org.apache.ratis.thirdparty.io.netty.channel.AbstractChannelHandlerContext.fireChannelRead(AbstractChannelHandlerContext.java:357)
	at org.apache.ratis.thirdparty.io.netty.handler.codec.ByteToMessageDecoder.fireChannelRead(ByteToMessageDecoder.java:327)
	at org.apache.ratis.thirdparty.io.netty.handler.codec.ByteToMessageDecoder.channelRead(ByteToMessageDecoder.java:299)
	at org.apache.ratis.thirdparty.io.netty.channel.AbstractChannelHandlerContext.invokeChannelRead(AbstractChannelHandlerContext.java:379)
	at org.apache.ratis.thirdparty.io.netty.channel.AbstractChannelHandlerContext.invokeChannelRead(AbstractChannelHandlerContext.java:365)
	at org.apache.ratis.thirdparty.io.netty.channel.AbstractChannelHandlerContext.fireChannelRead(AbstractChannelHandlerContext.java:357)
	at org.apache.ratis.thirdparty.io.netty.channel.DefaultChannelPipeline$HeadContext.channelRead(DefaultChannelPipeline.java:1410)
	at org.apache.ratis.thirdparty.io.netty.channel.AbstractChannelHandlerContext.invokeChannelRead(AbstractChannelHandlerContext.java:379)
	at org.apache.ratis.thirdparty.io.netty.channel.AbstractChannelHandlerContext.invokeChannelRead(AbstractChannelHandlerContext.java:365)
	at org.apache.ratis.thirdparty.io.netty.channel.DefaultChannelPipeline.fireChannelRead(DefaultChannelPipeline.java:919)
	at org.apache.ratis.thirdparty.io.netty.channel.nio.AbstractNioByteChannel$NioByteUnsafe.read(AbstractNioByteChannel.java:166)
	at org.apache.ratis.thirdparty.io.netty.channel.nio.NioEventLoop.processSelectedKey(NioEventLoop.java:722)
	at org.apache.ratis.thirdparty.io.netty.channel.nio.NioEventLoop.processSelectedKeysOptimized(NioEventLoop.java:658)
	at org.apache.ratis.thirdparty.io.netty.channel.nio.NioEventLoop.processSelectedKeys(NioEventLoop.java:584)
	at org.apache.ratis.thirdparty.io.netty.channel.nio.NioEventLoop.run(NioEventLoop.java:496)
	at org.apache.ratis.thirdparty.io.netty.util.concurrent.SingleThreadEventExecutor$4.run(SingleThreadEventExecutor.java:995)
	at org.apache.ratis.thirdparty.io.netty.util.internal.ThreadExecutorMap$2.run(ThreadExecutorMap.java:74)
	at org.apache.ratis.thirdparty.io.netty.util.concurrent.FastThreadLocalRunnable.run(FastThreadLocalRunnable.java:30)
	at java.base/java.lang.Thread.run(Thread.java:829)
2023-03-17 00:26:19,569 WARN  server.RaftServer$Division (LeaderStateImpl.java:checkLeadership(1098)) - s2@group-08C85AF2C45E-LeaderStateImpl: Lost leadership on term: 1. Election timeout: 600ms. In charge for: 7559ms. Conf: 0: peers:[s3|rpc:0.0.0.0:36277|dataStream:|priority:0|startupRole:FOLLOWER, s14|rpc:0.0.0.0:36477|dataStream:|priority:0|startupRole:FOLLOWER, s2|rpc:0.0.0.0:39635|dataStream:|priority:0|startupRole:FOLLOWER]|listeners:[], old=null
2023-03-17 00:26:19,569 WARN  server.RaftServer$Division (LeaderStateImpl.java:lambda$checkLeadership$20(1102)) - Follower s2@group-08C85AF2C45E->s3(c120,m120,n121, attendVote=true, lastRpcSendTime=18, lastRpcResponseTime=1156)
2023-03-17 00:26:19,569 WARN  server.RaftServer$Division (LeaderStateImpl.java:lambda$checkLeadership$20(1102)) - Follower s2@group-08C85AF2C45E->s14(c120,m120,n121, attendVote=true, lastRpcSendTime=25, lastRpcResponseTime=706)
2023-03-17 00:26:19,569 INFO  server.RaftServer$Division (RaftServerImpl.java:setRole(329)) - s2@group-08C85AF2C45E: changes role from    LEADER to FOLLOWER at term 1 for StepDownReason:LOST_MAJORITY_HEARTBEATS
2023-03-17 00:26:19,569 INFO  impl.RoleInfo (RoleInfo.java:shutdownLeaderState(93)) - s2: shutdown s2@group-08C85AF2C45E-LeaderStateImpl
2023-03-17 00:26:19,570 INFO  impl.PendingRequests (PendingRequests.java:sendNotLeaderResponses(289)) - s2@group-08C85AF2C45E-PendingRequests: sendNotLeaderResponses
2023-03-17 00:26:19,570 INFO  leader.LogAppenderDaemon (LogAppenderDaemon.java:run(83)) - s2@group-08C85AF2C45E->s3-LogAppenderDefault-LogAppenderDaemon was interrupted: java.lang.InterruptedException: sleep interrupted
2023-03-17 00:26:19,570 INFO  leader.LogAppenderDaemon (LogAppenderDaemon.java:run(83)) - s2@group-08C85AF2C45E->s14-LogAppenderDefault-LogAppenderDaemon was interrupted: java.lang.InterruptedException: sleep interrupted
2023-03-17 00:26:19,570 INFO  server.RaftServer$Division (ServerState.java:setLeader(260)) - s2@group-08C85AF2C45E: change Leader from s2 to null at term 1 for StepDownReason:LOST_MAJORITY_HEARTBEATS
2023-03-17 00:26:19,571 INFO  impl.RoleInfo (RoleInfo.java:updateAndGet(139)) - s2: start s2@group-08C85AF2C45E-FollowerState
2023-03-17 00:26:19,902 INFO  impl.FollowerState (FollowerState.java:lostMajorityHeartbeatsRecently(108)) - s2@group-08C85AF2C45E-FollowerState: Skipping leader election since it stepped down recently (elapsed = 331ms < waitTime = 10s)
2023-03-17 00:26:19,968 INFO  segmented.SegmentedRaftLogWorker (SegmentedRaftLogWorker.java:close(242)) - s14@group-08C85AF2C45E-SegmentedRaftLogWorker close()
2023-03-17 00:26:19,969 TRACE util.FileUtils (FileUtils.java:deleteFully(201)) - deleteFully /home/runner/work/ratis/ratis/ratis-examples/target/test/data/9a3b15da/MiniRaftClusterWithNettyce94e709/s14/5fee4758-8350-41ed-b228-08c85af2c45e
2023-03-17 00:26:19,970 TRACE util.FileUtils (LogUtils.java:runAndLog(49)) - Successfully ran Files.delete /home/runner/work/ratis/ratis/ratis-examples/target/test/data/9a3b15da/MiniRaftClusterWithNettyce94e709/s14/5fee4758-8350-41ed-b228-08c85af2c45e/in_use.lock
2023-03-17 00:26:19,970 TRACE util.FileUtils (LogUtils.java:runAndLog(49)) - Successfully ran Files.delete /home/runner/work/ratis/ratis/ratis-examples/target/test/data/9a3b15da/MiniRaftClusterWithNettyce94e709/s14/5fee4758-8350-41ed-b228-08c85af2c45e/sm
2023-03-17 00:26:19,970 TRACE util.FileUtils (LogUtils.java:runAndLog(49)) - Successfully ran Files.delete /home/runner/work/ratis/ratis/ratis-examples/target/test/data/9a3b15da/MiniRaftClusterWithNettyce94e709/s14/5fee4758-8350-41ed-b228-08c85af2c45e/current/raft-meta.conf
2023-03-17 00:26:19,970 TRACE util.FileUtils (LogUtils.java:runAndLog(49)) - Successfully ran Files.delete /home/runner/work/ratis/ratis/ratis-examples/target/test/data/9a3b15da/MiniRaftClusterWithNettyce94e709/s14/5fee4758-8350-41ed-b228-08c85af2c45e/current/raft-meta
2023-03-17 00:26:19,970 TRACE util.FileUtils (LogUtils.java:runAndLog(49)) - Successfully ran Files.delete /home/runner/work/ratis/ratis/ratis-examples/target/test/data/9a3b15da/MiniRaftClusterWithNettyce94e709/s14/5fee4758-8350-41ed-b228-08c85af2c45e/current/log_inprogress_0
2023-03-17 00:26:19,971 TRACE util.FileUtils (LogUtils.java:runAndLog(49)) - Successfully ran Files.delete /home/runner/work/ratis/ratis/ratis-examples/target/test/data/9a3b15da/MiniRaftClusterWithNettyce94e709/s14/5fee4758-8350-41ed-b228-08c85af2c45e/current
2023-03-17 00:26:19,971 TRACE util.FileUtils (LogUtils.java:runAndLog(49)) - Successfully ran Files.delete /home/runner/work/ratis/ratis/ratis-examples/target/test/data/9a3b15da/MiniRaftClusterWithNettyce94e709/s14/5fee4758-8350-41ed-b228-08c85af2c45e
2023-03-17 00:26:19,971 INFO  server.RaftServer$Division (RaftServerImpl.java:groupRemove(436)) - s14@group-08C85AF2C45E: Succeed to remove RaftStorageDirectory Storage Directory /home/runner/work/ratis/ratis/ratis-examples/target/test/data/9a3b15da/MiniRaftClusterWithNettyce94e709/s14/5fee4758-8350-41ed-b228-08c85af2c45e
2023-03-17 00:26:19,977 INFO  logging.LoggingHandler (AbstractInternalLogger.java:log(148)) - [id: 0x673f0f41, L:/0.0.0.0:39635] READ: [id: 0xedfaa710, L:/10.1.0.17:39635 - R:/10.1.0.17:34372]
2023-03-17 00:26:19,978 INFO  logging.LoggingHandler (AbstractInternalLogger.java:log(148)) - [id: 0x673f0f41, L:/0.0.0.0:39635] READ COMPLETE
2023-03-17 00:26:19,978 INFO  server.RaftServer (RaftServerProxy.java:remove(110)) - s2: remove  FOLLOWER s2@group-08C85AF2C45E:t1, leader=null, voted=s2, raftlog=Memoized:s2@group-08C85AF2C45E-SegmentedRaftLog:OPENED:c120, conf=0: peers:[s3|rpc:0.0.0.0:36277|dataStream:|priority:0|startupRole:FOLLOWER, s14|rpc:0.0.0.0:36477|dataStream:|priority:0|startupRole:FOLLOWER, s2|rpc:0.0.0.0:39635|dataStream:|priority:0|startupRole:FOLLOWER]|listeners:[], old=null RUNNING
2023-03-17 00:26:19,979 INFO  server.RaftServer$Division (RaftServerImpl.java:lambda$close$4(466)) - s2@group-08C85AF2C45E: shutdown
2023-03-17 00:26:19,979 INFO  util.JmxRegister (JmxRegister.java:unregister(73)) - Successfully un-registered JMX Bean with object name Ratis:service=RaftServer,group=group-08C85AF2C45E,id=s2
2023-03-17 00:26:19,979 INFO  impl.RoleInfo (RoleInfo.java:shutdownFollowerState(110)) - s2: shutdown s2@group-08C85AF2C45E-FollowerState
2023-03-17 00:26:19,979 INFO  impl.StateMachineUpdater (StateMachineUpdater.java:stopAndJoin(154)) - s2@group-08C85AF2C45E-StateMachineUpdater: set stopIndex = 120
2023-03-17 00:26:19,979 INFO  server.RaftServer$Division (ServerState.java:close(414)) - s2@group-08C85AF2C45E: applyIndex: -1
2023-03-17 00:26:19,979 INFO  impl.FollowerState (FollowerState.java:run(152)) - s2@group-08C85AF2C45E-FollowerState was interrupted
2023-03-17 00:26:20,967 INFO  segmented.SegmentedRaftLogWorker (SegmentedRaftLogWorker.java:close(242)) - s2@group-08C85AF2C45E-SegmentedRaftLogWorker close()
2023-03-17 00:26:20,969 TRACE util.FileUtils (FileUtils.java:deleteFully(201)) - deleteFully /home/runner/work/ratis/ratis/ratis-examples/target/test/data/9a3b15da/MiniRaftClusterWithNettyce94e709/s2/5fee4758-8350-41ed-b228-08c85af2c45e
2023-03-17 00:26:20,969 TRACE util.FileUtils (LogUtils.java:runAndLog(49)) - Successfully ran Files.delete /home/runner/work/ratis/ratis/ratis-examples/target/test/data/9a3b15da/MiniRaftClusterWithNettyce94e709/s2/5fee4758-8350-41ed-b228-08c85af2c45e/in_use.lock
2023-03-17 00:26:20,969 TRACE util.FileUtils (LogUtils.java:runAndLog(49)) - Successfully ran Files.delete /home/runner/work/ratis/ratis/ratis-examples/target/test/data/9a3b15da/MiniRaftClusterWithNettyce94e709/s2/5fee4758-8350-41ed-b228-08c85af2c45e/sm
2023-03-17 00:26:20,969 TRACE util.FileUtils (LogUtils.java:runAndLog(49)) - Successfully ran Files.delete /home/runner/work/ratis/ratis/ratis-examples/target/test/data/9a3b15da/MiniRaftClusterWithNettyce94e709/s2/5fee4758-8350-41ed-b228-08c85af2c45e/current/raft-meta.conf
2023-03-17 00:26:20,970 TRACE util.FileUtils (LogUtils.java:runAndLog(49)) - Successfully ran Files.delete /home/runner/work/ratis/ratis/ratis-examples/target/test/data/9a3b15da/MiniRaftClusterWithNettyce94e709/s2/5fee4758-8350-41ed-b228-08c85af2c45e/current/raft-meta
2023-03-17 00:26:20,970 TRACE util.FileUtils (LogUtils.java:runAndLog(49)) - Successfully ran Files.delete /home/runner/work/ratis/ratis/ratis-examples/target/test/data/9a3b15da/MiniRaftClusterWithNettyce94e709/s2/5fee4758-8350-41ed-b228-08c85af2c45e/current/log_inprogress_0
2023-03-17 00:26:20,970 TRACE util.FileUtils (LogUtils.java:runAndLog(49)) - Successfully ran Files.delete /home/runner/work/ratis/ratis/ratis-examples/target/test/data/9a3b15da/MiniRaftClusterWithNettyce94e709/s2/5fee4758-8350-41ed-b228-08c85af2c45e/current
2023-03-17 00:26:20,970 TRACE util.FileUtils (LogUtils.java:runAndLog(49)) - Successfully ran Files.delete /home/runner/work/ratis/ratis/ratis-examples/target/test/data/9a3b15da/MiniRaftClusterWithNettyce94e709/s2/5fee4758-8350-41ed-b228-08c85af2c45e
2023-03-17 00:26:20,970 INFO  server.RaftServer$Division (RaftServerImpl.java:groupRemove(436)) - s2@group-08C85AF2C45E: Succeed to remove RaftStorageDirectory Storage Directory /home/runner/work/ratis/ratis/ratis-examples/target/test/data/9a3b15da/MiniRaftClusterWithNettyce94e709/s2/5fee4758-8350-41ed-b228-08c85af2c45e
2023-03-17 00:26:20,972 INFO  impl.GroupManagementBaseTest (GroupManagementBaseTest.java:runMultiGroupTest(299)) - 3) close printing group-04A534573A2A
  s4:  RUNNING [
     LEADER s4@group-04A534573A2A:t1, leader=s4, voted=s4, raftlog=Memoized:s4@group-04A534573A2A-SegmentedRaftLog:OPENED:c120, conf=0: peers:[s4|rpc:0.0.0.0:39523|dataStream:|priority:0|startupRole:FOLLOWER, s5|rpc:0.0.0.0:38791|dataStream:|priority:0|startupRole:FOLLOWER, s6|rpc:0.0.0.0:34503|dataStream:|priority:0|startupRole:FOLLOWER]|listeners:[], old=null RUNNING
   FOLLOWER s4@group-38FE90E113AE:t0, leader=null, voted=, raftlog=Memoized:s4@group-38FE90E113AE-SegmentedRaftLog:OPENED:c-1, conf=-1: peers:[]|listeners:[], old=null STARTING] size=2
  s5:  RUNNING [
   FOLLOWER s5@group-04A534573A2A:t1, leader=s4, voted=s4, raftlog=Memoized:s5@group-04A534573A2A-SegmentedRaftLog:OPENED:c120, conf=0: peers:[s4|rpc:0.0.0.0:39523|dataStream:|priority:0|startupRole:FOLLOWER, s5|rpc:0.0.0.0:38791|dataStream:|priority:0|startupRole:FOLLOWER, s6|rpc:0.0.0.0:34503|dataStream:|priority:0|startupRole:FOLLOWER]|listeners:[], old=null RUNNING
   FOLLOWER s5@group-38FE90E113AE:t0, leader=null, voted=, raftlog=Memoized:s5@group-38FE90E113AE-SegmentedRaftLog:OPENED:c-1, conf=-1: peers:[]|listeners:[], old=null STARTING] size=2
  s6:  RUNNING [
   FOLLOWER s6@group-04A534573A2A:t1, leader=s4, voted=s4, raftlog=Memoized:s6@group-04A534573A2A-SegmentedRaftLog:OPENED:c120, conf=0: peers:[s4|rpc:0.0.0.0:39523|dataStream:|priority:0|startupRole:FOLLOWER, s5|rpc:0.0.0.0:38791|dataStream:|priority:0|startupRole:FOLLOWER, s6|rpc:0.0.0.0:34503|dataStream:|priority:0|startupRole:FOLLOWER]|listeners:[], old=null RUNNING
   FOLLOWER s6@group-38FE90E113AE:t0, leader=null, voted=, raftlog=Memoized:s6@group-38FE90E113AE-SegmentedRaftLog:OPENED:c-1, conf=-1: peers:[]|listeners:[], old=null STARTING] size=2
2023-03-17 00:26:20,974 INFO  logging.LoggingHandler (AbstractInternalLogger.java:log(148)) - [id: 0x8f5e74f5, L:/0.0.0.0:39523] READ: [id: 0x2c0e0155, L:/10.1.0.17:39523 - R:/10.1.0.17:37872]
2023-03-17 00:26:20,974 INFO  logging.LoggingHandler (AbstractInternalLogger.java:log(148)) - [id: 0x8f5e74f5, L:/0.0.0.0:39523] READ COMPLETE
2023-03-17 00:26:20,976 INFO  server.RaftServer (RaftServerProxy.java:remove(110)) - s4: remove    LEADER s4@group-04A534573A2A:t1, leader=s4, voted=s4, raftlog=Memoized:s4@group-04A534573A2A-SegmentedRaftLog:OPENED:c120, conf=0: peers:[s4|rpc:0.0.0.0:39523|dataStream:|priority:0|startupRole:FOLLOWER, s5|rpc:0.0.0.0:38791|dataStream:|priority:0|startupRole:FOLLOWER, s6|rpc:0.0.0.0:34503|dataStream:|priority:0|startupRole:FOLLOWER]|listeners:[], old=null RUNNING
2023-03-17 00:26:20,976 INFO  server.RaftServer$Division (RaftServerImpl.java:lambda$close$4(466)) - s4@group-04A534573A2A: shutdown
2023-03-17 00:26:20,976 INFO  util.JmxRegister (JmxRegister.java:unregister(73)) - Successfully un-registered JMX Bean with object name Ratis:service=RaftServer,group=group-04A534573A2A,id=s4
2023-03-17 00:26:20,976 INFO  impl.RoleInfo (RoleInfo.java:shutdownLeaderState(93)) - s4: shutdown s4@group-04A534573A2A-LeaderStateImpl
2023-03-17 00:26:20,976 INFO  leader.LogAppenderDaemon (LogAppenderDaemon.java:run(83)) - s4@group-04A534573A2A->s6-LogAppenderDefault-LogAppenderDaemon was interrupted: java.lang.InterruptedException
2023-03-17 00:26:20,977 INFO  leader.LogAppenderDaemon (LogAppenderDaemon.java:run(83)) - s4@group-04A534573A2A->s5-LogAppenderDefault-LogAppenderDaemon was interrupted: java.lang.InterruptedException
2023-03-17 00:26:20,977 INFO  impl.PendingRequests (PendingRequests.java:sendNotLeaderResponses(289)) - s4@group-04A534573A2A-PendingRequests: sendNotLeaderResponses
2023-03-17 00:26:20,985 INFO  impl.StateMachineUpdater (StateMachineUpdater.java:stopAndJoin(154)) - s4@group-04A534573A2A-StateMachineUpdater: set stopIndex = 120
2023-03-17 00:26:20,985 INFO  server.RaftServer$Division (ServerState.java:close(414)) - s4@group-04A534573A2A: applyIndex: -1
2023-03-17 00:26:21,428 INFO  segmented.SegmentedRaftLogWorker (SegmentedRaftLogWorker.java:close(242)) - s4@group-04A534573A2A-SegmentedRaftLogWorker close()
2023-03-17 00:26:21,429 TRACE util.FileUtils (FileUtils.java:deleteFully(201)) - deleteFully /home/runner/work/ratis/ratis/ratis-examples/target/test/data/9a3b15da/MiniRaftClusterWithNettyce94e709/s4/f28826ba-1d00-4c4b-87a4-04a534573a2a
2023-03-17 00:26:21,430 TRACE util.FileUtils (LogUtils.java:runAndLog(49)) - Successfully ran Files.delete /home/runner/work/ratis/ratis/ratis-examples/target/test/data/9a3b15da/MiniRaftClusterWithNettyce94e709/s4/f28826ba-1d00-4c4b-87a4-04a534573a2a/in_use.lock
2023-03-17 00:26:21,430 TRACE util.FileUtils (LogUtils.java:runAndLog(49)) - Successfully ran Files.delete /home/runner/work/ratis/ratis/ratis-examples/target/test/data/9a3b15da/MiniRaftClusterWithNettyce94e709/s4/f28826ba-1d00-4c4b-87a4-04a534573a2a/sm
2023-03-17 00:26:21,431 TRACE util.FileUtils (LogUtils.java:runAndLog(49)) - Successfully ran Files.delete /home/runner/work/ratis/ratis/ratis-examples/target/test/data/9a3b15da/MiniRaftClusterWithNettyce94e709/s4/f28826ba-1d00-4c4b-87a4-04a534573a2a/current/raft-meta.conf
2023-03-17 00:26:21,431 TRACE util.FileUtils (LogUtils.java:runAndLog(49)) - Successfully ran Files.delete /home/runner/work/ratis/ratis/ratis-examples/target/test/data/9a3b15da/MiniRaftClusterWithNettyce94e709/s4/f28826ba-1d00-4c4b-87a4-04a534573a2a/current/raft-meta
2023-03-17 00:26:21,431 TRACE util.FileUtils (LogUtils.java:runAndLog(49)) - Successfully ran Files.delete /home/runner/work/ratis/ratis/ratis-examples/target/test/data/9a3b15da/MiniRaftClusterWithNettyce94e709/s4/f28826ba-1d00-4c4b-87a4-04a534573a2a/current/log_inprogress_0
2023-03-17 00:26:21,431 TRACE util.FileUtils (LogUtils.java:runAndLog(49)) - Successfully ran Files.delete /home/runner/work/ratis/ratis/ratis-examples/target/test/data/9a3b15da/MiniRaftClusterWithNettyce94e709/s4/f28826ba-1d00-4c4b-87a4-04a534573a2a/current
2023-03-17 00:26:21,431 TRACE util.FileUtils (LogUtils.java:runAndLog(49)) - Successfully ran Files.delete /home/runner/work/ratis/ratis/ratis-examples/target/test/data/9a3b15da/MiniRaftClusterWithNettyce94e709/s4/f28826ba-1d00-4c4b-87a4-04a534573a2a
2023-03-17 00:26:21,432 INFO  server.RaftServer$Division (RaftServerImpl.java:groupRemove(436)) - s4@group-04A534573A2A: Succeed to remove RaftStorageDirectory Storage Directory /home/runner/work/ratis/ratis/ratis-examples/target/test/data/9a3b15da/MiniRaftClusterWithNettyce94e709/s4/f28826ba-1d00-4c4b-87a4-04a534573a2a
2023-03-17 00:26:21,438 INFO  logging.LoggingHandler (AbstractInternalLogger.java:log(148)) - [id: 0x571c5d97, L:/0.0.0.0:38791] READ: [id: 0xa740241f, L:/10.1.0.17:38791 - R:/10.1.0.17:58186]
2023-03-17 00:26:21,439 INFO  logging.LoggingHandler (AbstractInternalLogger.java:log(148)) - [id: 0x571c5d97, L:/0.0.0.0:38791] READ COMPLETE
2023-03-17 00:26:21,445 INFO  server.RaftServer (RaftServerProxy.java:remove(110)) - s5: remove  FOLLOWER s5@group-04A534573A2A:t1, leader=s4, voted=s4, raftlog=Memoized:s5@group-04A534573A2A-SegmentedRaftLog:OPENED:c120, conf=0: peers:[s4|rpc:0.0.0.0:39523|dataStream:|priority:0|startupRole:FOLLOWER, s5|rpc:0.0.0.0:38791|dataStream:|priority:0|startupRole:FOLLOWER, s6|rpc:0.0.0.0:34503|dataStream:|priority:0|startupRole:FOLLOWER]|listeners:[], old=null RUNNING
2023-03-17 00:26:21,445 INFO  server.RaftServer$Division (RaftServerImpl.java:lambda$close$4(466)) - s5@group-04A534573A2A: shutdown
2023-03-17 00:26:21,446 INFO  util.JmxRegister (JmxRegister.java:unregister(73)) - Successfully un-registered JMX Bean with object name Ratis:service=RaftServer,group=group-04A534573A2A,id=s5
2023-03-17 00:26:21,446 INFO  impl.RoleInfo (RoleInfo.java:shutdownFollowerState(110)) - s5: shutdown s5@group-04A534573A2A-FollowerState
2023-03-17 00:26:21,446 INFO  impl.StateMachineUpdater (StateMachineUpdater.java:stopAndJoin(154)) - s5@group-04A534573A2A-StateMachineUpdater: set stopIndex = 120
2023-03-17 00:26:21,446 INFO  server.RaftServer$Division (ServerState.java:close(414)) - s5@group-04A534573A2A: applyIndex: -1
2023-03-17 00:26:21,446 INFO  impl.FollowerState (FollowerState.java:run(152)) - s5@group-04A534573A2A-FollowerState was interrupted
2023-03-17 00:26:21,775 INFO  impl.FollowerState (FollowerState.java:run(143)) - s6@group-04A534573A2A-FollowerState: change to CANDIDATE, lastRpcElapsedTime:844181014ns, electionTimeout:405ms
2023-03-17 00:26:21,775 INFO  impl.RoleInfo (RoleInfo.java:shutdownFollowerState(110)) - s6: shutdown s6@group-04A534573A2A-FollowerState
2023-03-17 00:26:21,775 INFO  server.RaftServer$Division (RaftServerImpl.java:setRole(329)) - s6@group-04A534573A2A: changes role from  FOLLOWER to CANDIDATE at term 1 for changeToCandidate
2023-03-17 00:26:21,775 INFO  server.RaftServerConfigKeys (ConfUtils.java:logGet(46)) - raft.server.leaderelection.pre-vote = true (default)
2023-03-17 00:26:21,775 INFO  impl.RoleInfo (RoleInfo.java:updateAndGet(139)) - s6: start s6@group-04A534573A2A-LeaderElection17
2023-03-17 00:26:21,776 INFO  server.RaftServer$Division (ServerState.java:setLeader(260)) - s6@group-04A534573A2A: change Leader from s4 to null at term 1 for PRE_VOTE
2023-03-17 00:26:21,776 INFO  impl.LeaderElection (LeaderElection.java:askForVotes(320)) - s6@group-04A534573A2A-LeaderElection17 PRE_VOTE round 0: submit vote requests at term 1 for 0: peers:[s4|rpc:0.0.0.0:39523|dataStream:|priority:0|startupRole:FOLLOWER, s5|rpc:0.0.0.0:38791|dataStream:|priority:0|startupRole:FOLLOWER, s6|rpc:0.0.0.0:34503|dataStream:|priority:0|startupRole:FOLLOWER]|listeners:[], old=null
2023-03-17 00:26:21,777 INFO  logging.LoggingHandler (AbstractInternalLogger.java:log(148)) - [id: 0x571c5d97, L:/0.0.0.0:38791] READ: [id: 0x0a65b9c7, L:/10.1.0.17:38791 - R:/10.1.0.17:58200]
2023-03-17 00:26:21,778 INFO  logging.LoggingHandler (AbstractInternalLogger.java:log(148)) - [id: 0x8f5e74f5, L:/0.0.0.0:39523] READ: [id: 0xebce4919, L:/10.1.0.17:39523 - R:/10.1.0.17:37884]
2023-03-17 00:26:21,778 INFO  logging.LoggingHandler (AbstractInternalLogger.java:log(148)) - [id: 0x571c5d97, L:/0.0.0.0:38791] READ COMPLETE
2023-03-17 00:26:21,779 INFO  logging.LoggingHandler (AbstractInternalLogger.java:log(148)) - [id: 0x8f5e74f5, L:/0.0.0.0:39523] READ COMPLETE
2023-03-17 00:26:21,784 INFO  impl.LeaderElection (LogUtils.java:infoOrTrace(137)) - s6@group-04A534573A2A-LeaderElection17 got exception when requesting votes: java.util.concurrent.ExecutionException: org.apache.ratis.protocol.exceptions.GroupMismatchException: s5: group-04A534573A2A not found.
2023-03-17 00:26:21,786 INFO  impl.LeaderElection (LogUtils.java:infoOrTrace(137)) - s6@group-04A534573A2A-LeaderElection17 got exception when requesting votes: java.util.concurrent.ExecutionException: org.apache.ratis.protocol.exceptions.GroupMismatchException: s4: group-04A534573A2A not found.
2023-03-17 00:26:21,787 INFO  impl.LeaderElection (LeaderElection.java:logAndReturn(89)) - s6@group-04A534573A2A-LeaderElection17: PRE_VOTE REJECTED received 0 response(s) and 2 exception(s):
2023-03-17 00:26:21,787 INFO  impl.LeaderElection (LogUtils.java:infoOrTrace(137)) -   Exception 0: java.util.concurrent.ExecutionException: org.apache.ratis.protocol.exceptions.GroupMismatchException: s5: group-04A534573A2A not found.
2023-03-17 00:26:21,787 INFO  impl.LeaderElection (LogUtils.java:infoOrTrace(137)) -   Exception 1: java.util.concurrent.ExecutionException: org.apache.ratis.protocol.exceptions.GroupMismatchException: s4: group-04A534573A2A not found.
2023-03-17 00:26:21,787 INFO  impl.LeaderElection (LeaderElection.java:askForVotes(322)) - s6@group-04A534573A2A-LeaderElection17 PRE_VOTE round 0: result REJECTED
2023-03-17 00:26:21,787 INFO  server.RaftServer$Division (RaftServerImpl.java:setRole(329)) - s6@group-04A534573A2A: changes role from CANDIDATE to FOLLOWER at term 1 for REJECTED
2023-03-17 00:26:21,787 INFO  impl.RoleInfo (RoleInfo.java:shutdownLeaderElection(130)) - s6: shutdown s6@group-04A534573A2A-LeaderElection17
2023-03-17 00:26:21,787 INFO  impl.RoleInfo (RoleInfo.java:updateAndGet(139)) - s6: start s6@group-04A534573A2A-FollowerState
2023-03-17 00:26:22,265 INFO  impl.FollowerState (FollowerState.java:run(143)) - s6@group-04A534573A2A-FollowerState: change to CANDIDATE, lastRpcElapsedTime:478106455ns, electionTimeout:475ms
2023-03-17 00:26:22,265 INFO  impl.RoleInfo (RoleInfo.java:shutdownFollowerState(110)) - s6: shutdown s6@group-04A534573A2A-FollowerState
2023-03-17 00:26:22,265 INFO  server.RaftServer$Division (RaftServerImpl.java:setRole(329)) - s6@group-04A534573A2A: changes role from  FOLLOWER to CANDIDATE at term 1 for changeToCandidate
2023-03-17 00:26:22,265 INFO  server.RaftServerConfigKeys (ConfUtils.java:logGet(46)) - raft.server.leaderelection.pre-vote = true (default)
2023-03-17 00:26:22,265 INFO  impl.RoleInfo (RoleInfo.java:updateAndGet(139)) - s6: start s6@group-04A534573A2A-LeaderElection18
2023-03-17 00:26:22,266 INFO  impl.LeaderElection (LeaderElection.java:askForVotes(320)) - s6@group-04A534573A2A-LeaderElection18 PRE_VOTE round 0: submit vote requests at term 1 for 0: peers:[s4|rpc:0.0.0.0:39523|dataStream:|priority:0|startupRole:FOLLOWER, s5|rpc:0.0.0.0:38791|dataStream:|priority:0|startupRole:FOLLOWER, s6|rpc:0.0.0.0:34503|dataStream:|priority:0|startupRole:FOLLOWER]|listeners:[], old=null
2023-03-17 00:26:22,268 INFO  impl.LeaderElection (LogUtils.java:infoOrTrace(137)) - s6@group-04A534573A2A-LeaderElection18 got exception when requesting votes: java.util.concurrent.ExecutionException: org.apache.ratis.protocol.exceptions.GroupMismatchException: s5: group-04A534573A2A not found.
2023-03-17 00:26:22,268 INFO  impl.LeaderElection (LogUtils.java:infoOrTrace(137)) - s6@group-04A534573A2A-LeaderElection18 got exception when requesting votes: java.util.concurrent.ExecutionException: org.apache.ratis.protocol.exceptions.GroupMismatchException: s4: group-04A534573A2A not found.
2023-03-17 00:26:22,268 INFO  impl.LeaderElection (LeaderElection.java:logAndReturn(89)) - s6@group-04A534573A2A-LeaderElection18: PRE_VOTE REJECTED received 0 response(s) and 2 exception(s):
2023-03-17 00:26:22,268 INFO  impl.LeaderElection (LogUtils.java:infoOrTrace(137)) -   Exception 0: java.util.concurrent.ExecutionException: org.apache.ratis.protocol.exceptions.GroupMismatchException: s5: group-04A534573A2A not found.
2023-03-17 00:26:22,268 INFO  impl.LeaderElection (LogUtils.java:infoOrTrace(137)) -   Exception 1: java.util.concurrent.ExecutionException: org.apache.ratis.protocol.exceptions.GroupMismatchException: s4: group-04A534573A2A not found.
2023-03-17 00:26:22,268 INFO  impl.LeaderElection (LeaderElection.java:askForVotes(322)) - s6@group-04A534573A2A-LeaderElection18 PRE_VOTE round 0: result REJECTED
2023-03-17 00:26:22,268 INFO  server.RaftServer$Division (RaftServerImpl.java:setRole(329)) - s6@group-04A534573A2A: changes role from CANDIDATE to FOLLOWER at term 1 for REJECTED
2023-03-17 00:26:22,268 INFO  impl.RoleInfo (RoleInfo.java:shutdownLeaderElection(130)) - s6: shutdown s6@group-04A534573A2A-LeaderElection18
2023-03-17 00:26:22,268 INFO  impl.RoleInfo (RoleInfo.java:updateAndGet(139)) - s6: start s6@group-04A534573A2A-FollowerState
2023-03-17 00:26:22,430 INFO  segmented.SegmentedRaftLogWorker (SegmentedRaftLogWorker.java:close(242)) - s5@group-04A534573A2A-SegmentedRaftLogWorker close()
2023-03-17 00:26:22,431 TRACE util.FileUtils (FileUtils.java:deleteFully(201)) - deleteFully /home/runner/work/ratis/ratis/ratis-examples/target/test/data/9a3b15da/MiniRaftClusterWithNettyce94e709/s5/f28826ba-1d00-4c4b-87a4-04a534573a2a
2023-03-17 00:26:22,432 TRACE util.FileUtils (LogUtils.java:runAndLog(49)) - Successfully ran Files.delete /home/runner/work/ratis/ratis/ratis-examples/target/test/data/9a3b15da/MiniRaftClusterWithNettyce94e709/s5/f28826ba-1d00-4c4b-87a4-04a534573a2a/in_use.lock
2023-03-17 00:26:22,432 TRACE util.FileUtils (LogUtils.java:runAndLog(49)) - Successfully ran Files.delete /home/runner/work/ratis/ratis/ratis-examples/target/test/data/9a3b15da/MiniRaftClusterWithNettyce94e709/s5/f28826ba-1d00-4c4b-87a4-04a534573a2a/sm
2023-03-17 00:26:22,432 TRACE util.FileUtils (LogUtils.java:runAndLog(49)) - Successfully ran Files.delete /home/runner/work/ratis/ratis/ratis-examples/target/test/data/9a3b15da/MiniRaftClusterWithNettyce94e709/s5/f28826ba-1d00-4c4b-87a4-04a534573a2a/current/raft-meta.conf
2023-03-17 00:26:22,432 TRACE util.FileUtils (LogUtils.java:runAndLog(49)) - Successfully ran Files.delete /home/runner/work/ratis/ratis/ratis-examples/target/test/data/9a3b15da/MiniRaftClusterWithNettyce94e709/s5/f28826ba-1d00-4c4b-87a4-04a534573a2a/current/raft-meta
2023-03-17 00:26:22,433 TRACE util.FileUtils (LogUtils.java:runAndLog(49)) - Successfully ran Files.delete /home/runner/work/ratis/ratis/ratis-examples/target/test/data/9a3b15da/MiniRaftClusterWithNettyce94e709/s5/f28826ba-1d00-4c4b-87a4-04a534573a2a/current/log_inprogress_0
2023-03-17 00:26:22,433 TRACE util.FileUtils (LogUtils.java:runAndLog(49)) - Successfully ran Files.delete /home/runner/work/ratis/ratis/ratis-examples/target/test/data/9a3b15da/MiniRaftClusterWithNettyce94e709/s5/f28826ba-1d00-4c4b-87a4-04a534573a2a/current
2023-03-17 00:26:22,433 TRACE util.FileUtils (LogUtils.java:runAndLog(49)) - Successfully ran Files.delete /home/runner/work/ratis/ratis/ratis-examples/target/test/data/9a3b15da/MiniRaftClusterWithNettyce94e709/s5/f28826ba-1d00-4c4b-87a4-04a534573a2a
2023-03-17 00:26:22,433 INFO  server.RaftServer$Division (RaftServerImpl.java:groupRemove(436)) - s5@group-04A534573A2A: Succeed to remove RaftStorageDirectory Storage Directory /home/runner/work/ratis/ratis/ratis-examples/target/test/data/9a3b15da/MiniRaftClusterWithNettyce94e709/s5/f28826ba-1d00-4c4b-87a4-04a534573a2a
2023-03-17 00:26:22,439 INFO  logging.LoggingHandler (AbstractInternalLogger.java:log(148)) - [id: 0x2a54c005, L:/0.0.0.0:34503] READ: [id: 0x29ad4c74, L:/10.1.0.17:34503 - R:/10.1.0.17:42558]
2023-03-17 00:26:22,442 INFO  logging.LoggingHandler (AbstractInternalLogger.java:log(148)) - [id: 0x2a54c005, L:/0.0.0.0:34503] READ COMPLETE
2023-03-17 00:26:22,442 INFO  server.RaftServer (RaftServerProxy.java:remove(110)) - s6: remove  FOLLOWER s6@group-04A534573A2A:t1, leader=null, voted=s4, raftlog=Memoized:s6@group-04A534573A2A-SegmentedRaftLog:OPENED:c120, conf=0: peers:[s4|rpc:0.0.0.0:39523|dataStream:|priority:0|startupRole:FOLLOWER, s5|rpc:0.0.0.0:38791|dataStream:|priority:0|startupRole:FOLLOWER, s6|rpc:0.0.0.0:34503|dataStream:|priority:0|startupRole:FOLLOWER]|listeners:[], old=null RUNNING
2023-03-17 00:26:22,442 INFO  server.RaftServer$Division (RaftServerImpl.java:lambda$close$4(466)) - s6@group-04A534573A2A: shutdown
2023-03-17 00:26:22,442 INFO  util.JmxRegister (JmxRegister.java:unregister(73)) - Successfully un-registered JMX Bean with object name Ratis:service=RaftServer,group=group-04A534573A2A,id=s6
2023-03-17 00:26:22,443 INFO  impl.RoleInfo (RoleInfo.java:shutdownFollowerState(110)) - s6: shutdown s6@group-04A534573A2A-FollowerState
2023-03-17 00:26:22,443 INFO  impl.FollowerState (FollowerState.java:run(152)) - s6@group-04A534573A2A-FollowerState was interrupted
2023-03-17 00:26:22,443 INFO  impl.StateMachineUpdater (StateMachineUpdater.java:stopAndJoin(154)) - s6@group-04A534573A2A-StateMachineUpdater: set stopIndex = 120
2023-03-17 00:26:22,443 INFO  server.RaftServer$Division (ServerState.java:close(414)) - s6@group-04A534573A2A: applyIndex: -1
2023-03-17 00:26:23,430 INFO  segmented.SegmentedRaftLogWorker (SegmentedRaftLogWorker.java:close(242)) - s6@group-04A534573A2A-SegmentedRaftLogWorker close()
2023-03-17 00:26:23,431 TRACE util.FileUtils (FileUtils.java:deleteFully(201)) - deleteFully /home/runner/work/ratis/ratis/ratis-examples/target/test/data/9a3b15da/MiniRaftClusterWithNettyce94e709/s6/f28826ba-1d00-4c4b-87a4-04a534573a2a
2023-03-17 00:26:23,432 TRACE util.FileUtils (LogUtils.java:runAndLog(49)) - Successfully ran Files.delete /home/runner/work/ratis/ratis/ratis-examples/target/test/data/9a3b15da/MiniRaftClusterWithNettyce94e709/s6/f28826ba-1d00-4c4b-87a4-04a534573a2a/in_use.lock
2023-03-17 00:26:23,432 TRACE util.FileUtils (LogUtils.java:runAndLog(49)) - Successfully ran Files.delete /home/runner/work/ratis/ratis/ratis-examples/target/test/data/9a3b15da/MiniRaftClusterWithNettyce94e709/s6/f28826ba-1d00-4c4b-87a4-04a534573a2a/sm
2023-03-17 00:26:23,432 TRACE util.FileUtils (LogUtils.java:runAndLog(49)) - Successfully ran Files.delete /home/runner/work/ratis/ratis/ratis-examples/target/test/data/9a3b15da/MiniRaftClusterWithNettyce94e709/s6/f28826ba-1d00-4c4b-87a4-04a534573a2a/current/raft-meta.conf
2023-03-17 00:26:23,432 TRACE util.FileUtils (LogUtils.java:runAndLog(49)) - Successfully ran Files.delete /home/runner/work/ratis/ratis/ratis-examples/target/test/data/9a3b15da/MiniRaftClusterWithNettyce94e709/s6/f28826ba-1d00-4c4b-87a4-04a534573a2a/current/raft-meta
2023-03-17 00:26:23,432 TRACE util.FileUtils (LogUtils.java:runAndLog(49)) - Successfully ran Files.delete /home/runner/work/ratis/ratis/ratis-examples/target/test/data/9a3b15da/MiniRaftClusterWithNettyce94e709/s6/f28826ba-1d00-4c4b-87a4-04a534573a2a/current/log_inprogress_0
2023-03-17 00:26:23,433 TRACE util.FileUtils (LogUtils.java:runAndLog(49)) - Successfully ran Files.delete /home/runner/work/ratis/ratis/ratis-examples/target/test/data/9a3b15da/MiniRaftClusterWithNettyce94e709/s6/f28826ba-1d00-4c4b-87a4-04a534573a2a/current
2023-03-17 00:26:23,433 TRACE util.FileUtils (LogUtils.java:runAndLog(49)) - Successfully ran Files.delete /home/runner/work/ratis/ratis/ratis-examples/target/test/data/9a3b15da/MiniRaftClusterWithNettyce94e709/s6/f28826ba-1d00-4c4b-87a4-04a534573a2a
2023-03-17 00:26:23,433 INFO  server.RaftServer$Division (RaftServerImpl.java:groupRemove(436)) - s6@group-04A534573A2A: Succeed to remove RaftStorageDirectory Storage Directory /home/runner/work/ratis/ratis/ratis-examples/target/test/data/9a3b15da/MiniRaftClusterWithNettyce94e709/s6/f28826ba-1d00-4c4b-87a4-04a534573a2a
2023-03-17 00:26:23,437 INFO  impl.GroupManagementBaseTest (GroupManagementBaseTest.java:runMultiGroupTest(299)) - 4) close printing group-69A93867D6DE
  s7:  RUNNING [
     LEADER s7@group-69A93867D6DE:t1, leader=s7, voted=s7, raftlog=Memoized:s7@group-69A93867D6DE-SegmentedRaftLog:OPENED:c120, conf=0: peers:[s7|rpc:0.0.0.0:44573|dataStream:|priority:0|startupRole:FOLLOWER, s8|rpc:0.0.0.0:45461|dataStream:|priority:0|startupRole:FOLLOWER, s9|rpc:0.0.0.0:42413|dataStream:|priority:0|startupRole:FOLLOWER]|listeners:[], old=null RUNNING
   FOLLOWER s7@group-38FE90E113AE:t0, leader=null, voted=, raftlog=Memoized:s7@group-38FE90E113AE-SegmentedRaftLog:OPENED:c-1, conf=-1: peers:[]|listeners:[], old=null STARTING] size=2
  s8:  RUNNING [
   FOLLOWER s8@group-69A93867D6DE:t1, leader=s7, voted=s7, raftlog=Memoized:s8@group-69A93867D6DE-SegmentedRaftLog:OPENED:c120, conf=0: peers:[s7|rpc:0.0.0.0:44573|dataStream:|priority:0|startupRole:FOLLOWER, s8|rpc:0.0.0.0:45461|dataStream:|priority:0|startupRole:FOLLOWER, s9|rpc:0.0.0.0:42413|dataStream:|priority:0|startupRole:FOLLOWER]|listeners:[], old=null RUNNING
   FOLLOWER s8@group-38FE90E113AE:t0, leader=null, voted=, raftlog=Memoized:s8@group-38FE90E113AE-SegmentedRaftLog:OPENED:c-1, conf=-1: peers:[]|listeners:[], old=null STARTING] size=2
  s9:  RUNNING [
   FOLLOWER s9@group-69A93867D6DE:t1, leader=s7, voted=s7, raftlog=Memoized:s9@group-69A93867D6DE-SegmentedRaftLog:OPENED:c120, conf=0: peers:[s7|rpc:0.0.0.0:44573|dataStream:|priority:0|startupRole:FOLLOWER, s8|rpc:0.0.0.0:45461|dataStream:|priority:0|startupRole:FOLLOWER, s9|rpc:0.0.0.0:42413|dataStream:|priority:0|startupRole:FOLLOWER]|listeners:[], old=null RUNNING
   FOLLOWER s9@group-38FE90E113AE:t0, leader=null, voted=, raftlog=Memoized:s9@group-38FE90E113AE-SegmentedRaftLog:OPENED:c-1, conf=-1: peers:[]|listeners:[], old=null STARTING] size=2
2023-03-17 00:26:23,439 INFO  logging.LoggingHandler (AbstractInternalLogger.java:log(148)) - [id: 0xdc48b285, L:/0.0.0.0:44573] READ: [id: 0x4d85d82a, L:/10.1.0.17:44573 - R:/10.1.0.17:49614]
2023-03-17 00:26:23,439 INFO  logging.LoggingHandler (AbstractInternalLogger.java:log(148)) - [id: 0xdc48b285, L:/0.0.0.0:44573] READ COMPLETE
2023-03-17 00:26:23,440 INFO  server.RaftServer (RaftServerProxy.java:remove(110)) - s7: remove    LEADER s7@group-69A93867D6DE:t1, leader=s7, voted=s7, raftlog=Memoized:s7@group-69A93867D6DE-SegmentedRaftLog:OPENED:c120, conf=0: peers:[s7|rpc:0.0.0.0:44573|dataStream:|priority:0|startupRole:FOLLOWER, s8|rpc:0.0.0.0:45461|dataStream:|priority:0|startupRole:FOLLOWER, s9|rpc:0.0.0.0:42413|dataStream:|priority:0|startupRole:FOLLOWER]|listeners:[], old=null RUNNING
2023-03-17 00:26:23,440 INFO  server.RaftServer$Division (RaftServerImpl.java:lambda$close$4(466)) - s7@group-69A93867D6DE: shutdown
2023-03-17 00:26:23,441 INFO  util.JmxRegister (JmxRegister.java:unregister(73)) - Successfully un-registered JMX Bean with object name Ratis:service=RaftServer,group=group-69A93867D6DE,id=s7
2023-03-17 00:26:23,441 INFO  impl.RoleInfo (RoleInfo.java:shutdownLeaderState(93)) - s7: shutdown s7@group-69A93867D6DE-LeaderStateImpl
2023-03-17 00:26:23,441 INFO  leader.LogAppenderDaemon (LogAppenderDaemon.java:run(83)) - s7@group-69A93867D6DE->s9-LogAppenderDefault-LogAppenderDaemon was interrupted: java.lang.InterruptedException
2023-03-17 00:26:23,441 INFO  leader.LogAppenderDaemon (LogAppenderDaemon.java:run(83)) - s7@group-69A93867D6DE->s8-LogAppenderDefault-LogAppenderDaemon was interrupted: java.lang.InterruptedException
2023-03-17 00:26:23,441 INFO  impl.PendingRequests (PendingRequests.java:sendNotLeaderResponses(289)) - s7@group-69A93867D6DE-PendingRequests: sendNotLeaderResponses
2023-03-17 00:26:23,446 INFO  impl.StateMachineUpdater (StateMachineUpdater.java:stopAndJoin(154)) - s7@group-69A93867D6DE-StateMachineUpdater: set stopIndex = 120
2023-03-17 00:26:23,446 INFO  server.RaftServer$Division (ServerState.java:close(414)) - s7@group-69A93867D6DE: applyIndex: -1
2023-03-17 00:26:23,888 INFO  segmented.SegmentedRaftLogWorker (SegmentedRaftLogWorker.java:close(242)) - s7@group-69A93867D6DE-SegmentedRaftLogWorker close()
2023-03-17 00:26:23,889 TRACE util.FileUtils (FileUtils.java:deleteFully(201)) - deleteFully /home/runner/work/ratis/ratis/ratis-examples/target/test/data/9a3b15da/MiniRaftClusterWithNettyce94e709/s7/5bddf1e9-aa65-44c6-8a15-69a93867d6de
2023-03-17 00:26:23,890 TRACE util.FileUtils (LogUtils.java:runAndLog(49)) - Successfully ran Files.delete /home/runner/work/ratis/ratis/ratis-examples/target/test/data/9a3b15da/MiniRaftClusterWithNettyce94e709/s7/5bddf1e9-aa65-44c6-8a15-69a93867d6de/in_use.lock
2023-03-17 00:26:23,890 TRACE util.FileUtils (LogUtils.java:runAndLog(49)) - Successfully ran Files.delete /home/runner/work/ratis/ratis/ratis-examples/target/test/data/9a3b15da/MiniRaftClusterWithNettyce94e709/s7/5bddf1e9-aa65-44c6-8a15-69a93867d6de/sm
2023-03-17 00:26:23,890 TRACE util.FileUtils (LogUtils.java:runAndLog(49)) - Successfully ran Files.delete /home/runner/work/ratis/ratis/ratis-examples/target/test/data/9a3b15da/MiniRaftClusterWithNettyce94e709/s7/5bddf1e9-aa65-44c6-8a15-69a93867d6de/current/raft-meta.conf
2023-03-17 00:26:23,890 TRACE util.FileUtils (LogUtils.java:runAndLog(49)) - Successfully ran Files.delete /home/runner/work/ratis/ratis/ratis-examples/target/test/data/9a3b15da/MiniRaftClusterWithNettyce94e709/s7/5bddf1e9-aa65-44c6-8a15-69a93867d6de/current/raft-meta
2023-03-17 00:26:23,890 TRACE util.FileUtils (LogUtils.java:runAndLog(49)) - Successfully ran Files.delete /home/runner/work/ratis/ratis/ratis-examples/target/test/data/9a3b15da/MiniRaftClusterWithNettyce94e709/s7/5bddf1e9-aa65-44c6-8a15-69a93867d6de/current/log_inprogress_0
2023-03-17 00:26:23,890 TRACE util.FileUtils (LogUtils.java:runAndLog(49)) - Successfully ran Files.delete /home/runner/work/ratis/ratis/ratis-examples/target/test/data/9a3b15da/MiniRaftClusterWithNettyce94e709/s7/5bddf1e9-aa65-44c6-8a15-69a93867d6de/current
2023-03-17 00:26:23,890 TRACE util.FileUtils (LogUtils.java:runAndLog(49)) - Successfully ran Files.delete /home/runner/work/ratis/ratis/ratis-examples/target/test/data/9a3b15da/MiniRaftClusterWithNettyce94e709/s7/5bddf1e9-aa65-44c6-8a15-69a93867d6de
2023-03-17 00:26:23,891 INFO  server.RaftServer$Division (RaftServerImpl.java:groupRemove(436)) - s7@group-69A93867D6DE: Succeed to remove RaftStorageDirectory Storage Directory /home/runner/work/ratis/ratis/ratis-examples/target/test/data/9a3b15da/MiniRaftClusterWithNettyce94e709/s7/5bddf1e9-aa65-44c6-8a15-69a93867d6de
2023-03-17 00:26:23,897 INFO  logging.LoggingHandler (AbstractInternalLogger.java:log(148)) - [id: 0xd69245ec, L:/0.0.0.0:45461] READ: [id: 0x9b0702d2, L:/10.1.0.17:45461 - R:/10.1.0.17:53532]
2023-03-17 00:26:23,898 INFO  logging.LoggingHandler (AbstractInternalLogger.java:log(148)) - [id: 0xd69245ec, L:/0.0.0.0:45461] READ COMPLETE
2023-03-17 00:26:23,898 INFO  server.RaftServer (RaftServerProxy.java:remove(110)) - s8: remove  FOLLOWER s8@group-69A93867D6DE:t1, leader=s7, voted=s7, raftlog=Memoized:s8@group-69A93867D6DE-SegmentedRaftLog:OPENED:c120, conf=0: peers:[s7|rpc:0.0.0.0:44573|dataStream:|priority:0|startupRole:FOLLOWER, s8|rpc:0.0.0.0:45461|dataStream:|priority:0|startupRole:FOLLOWER, s9|rpc:0.0.0.0:42413|dataStream:|priority:0|startupRole:FOLLOWER]|listeners:[], old=null RUNNING
2023-03-17 00:26:23,899 INFO  server.RaftServer$Division (RaftServerImpl.java:lambda$close$4(466)) - s8@group-69A93867D6DE: shutdown
2023-03-17 00:26:23,899 INFO  util.JmxRegister (JmxRegister.java:unregister(73)) - Successfully un-registered JMX Bean with object name Ratis:service=RaftServer,group=group-69A93867D6DE,id=s8
2023-03-17 00:26:23,899 INFO  impl.RoleInfo (RoleInfo.java:shutdownFollowerState(110)) - s8: shutdown s8@group-69A93867D6DE-FollowerState
2023-03-17 00:26:23,899 INFO  impl.FollowerState (FollowerState.java:run(152)) - s8@group-69A93867D6DE-FollowerState was interrupted
2023-03-17 00:26:23,899 INFO  impl.StateMachineUpdater (StateMachineUpdater.java:stopAndJoin(154)) - s8@group-69A93867D6DE-StateMachineUpdater: set stopIndex = 120
2023-03-17 00:26:23,899 INFO  server.RaftServer$Division (ServerState.java:close(414)) - s8@group-69A93867D6DE: applyIndex: -1
2023-03-17 00:26:24,071 INFO  impl.FollowerState (FollowerState.java:run(143)) - s9@group-69A93867D6DE-FollowerState: change to CANDIDATE, lastRpcElapsedTime:641101856ns, electionTimeout:427ms
2023-03-17 00:26:24,071 INFO  impl.RoleInfo (RoleInfo.java:shutdownFollowerState(110)) - s9: shutdown s9@group-69A93867D6DE-FollowerState
2023-03-17 00:26:24,072 INFO  server.RaftServer$Division (RaftServerImpl.java:setRole(329)) - s9@group-69A93867D6DE: changes role from  FOLLOWER to CANDIDATE at term 1 for changeToCandidate
2023-03-17 00:26:24,072 INFO  server.RaftServerConfigKeys (ConfUtils.java:logGet(46)) - raft.server.leaderelection.pre-vote = true (default)
2023-03-17 00:26:24,072 INFO  impl.RoleInfo (RoleInfo.java:updateAndGet(139)) - s9: start s9@group-69A93867D6DE-LeaderElection19
2023-03-17 00:26:24,072 INFO  server.RaftServer$Division (ServerState.java:setLeader(260)) - s9@group-69A93867D6DE: change Leader from s7 to null at term 1 for PRE_VOTE
2023-03-17 00:26:24,072 INFO  impl.LeaderElection (LeaderElection.java:askForVotes(320)) - s9@group-69A93867D6DE-LeaderElection19 PRE_VOTE round 0: submit vote requests at term 1 for 0: peers:[s7|rpc:0.0.0.0:44573|dataStream:|priority:0|startupRole:FOLLOWER, s8|rpc:0.0.0.0:45461|dataStream:|priority:0|startupRole:FOLLOWER, s9|rpc:0.0.0.0:42413|dataStream:|priority:0|startupRole:FOLLOWER]|listeners:[], old=null
2023-03-17 00:26:24,074 INFO  logging.LoggingHandler (AbstractInternalLogger.java:log(148)) - [id: 0xdc48b285, L:/0.0.0.0:44573] READ: [id: 0xfc46ab2c, L:/10.1.0.17:44573 - R:/10.1.0.17:49620]
2023-03-17 00:26:24,074 INFO  logging.LoggingHandler (AbstractInternalLogger.java:log(148)) - [id: 0xd69245ec, L:/0.0.0.0:45461] READ: [id: 0x06dba8c6, L:/10.1.0.17:45461 - R:/10.1.0.17:53534]
2023-03-17 00:26:24,075 INFO  logging.LoggingHandler (AbstractInternalLogger.java:log(148)) - [id: 0xdc48b285, L:/0.0.0.0:44573] READ COMPLETE
2023-03-17 00:26:24,075 INFO  logging.LoggingHandler (AbstractInternalLogger.java:log(148)) - [id: 0xd69245ec, L:/0.0.0.0:45461] READ COMPLETE
2023-03-17 00:26:24,078 INFO  impl.LeaderElection (LogUtils.java:infoOrTrace(137)) - s9@group-69A93867D6DE-LeaderElection19 got exception when requesting votes: java.util.concurrent.ExecutionException: org.apache.ratis.protocol.exceptions.GroupMismatchException: s8: group-69A93867D6DE not found.
2023-03-17 00:26:24,080 INFO  impl.LeaderElection (LogUtils.java:infoOrTrace(137)) - s9@group-69A93867D6DE-LeaderElection19 got exception when requesting votes: java.util.concurrent.ExecutionException: org.apache.ratis.protocol.exceptions.GroupMismatchException: s7: group-69A93867D6DE not found.
2023-03-17 00:26:24,080 INFO  impl.LeaderElection (LeaderElection.java:logAndReturn(89)) - s9@group-69A93867D6DE-LeaderElection19: PRE_VOTE REJECTED received 0 response(s) and 2 exception(s):
2023-03-17 00:26:24,080 INFO  impl.LeaderElection (LogUtils.java:infoOrTrace(137)) -   Exception 0: java.util.concurrent.ExecutionException: org.apache.ratis.protocol.exceptions.GroupMismatchException: s8: group-69A93867D6DE not found.
2023-03-17 00:26:24,080 INFO  impl.LeaderElection (LogUtils.java:infoOrTrace(137)) -   Exception 1: java.util.concurrent.ExecutionException: org.apache.ratis.protocol.exceptions.GroupMismatchException: s7: group-69A93867D6DE not found.
2023-03-17 00:26:24,080 INFO  impl.LeaderElection (LeaderElection.java:askForVotes(322)) - s9@group-69A93867D6DE-LeaderElection19 PRE_VOTE round 0: result REJECTED
2023-03-17 00:26:24,080 INFO  server.RaftServer$Division (RaftServerImpl.java:setRole(329)) - s9@group-69A93867D6DE: changes role from CANDIDATE to FOLLOWER at term 1 for REJECTED
2023-03-17 00:26:24,080 INFO  impl.RoleInfo (RoleInfo.java:shutdownLeaderElection(130)) - s9: shutdown s9@group-69A93867D6DE-LeaderElection19
2023-03-17 00:26:24,080 INFO  impl.RoleInfo (RoleInfo.java:updateAndGet(139)) - s9: start s9@group-69A93867D6DE-FollowerState
2023-03-17 00:26:24,507 INFO  impl.FollowerState (FollowerState.java:run(143)) - s9@group-69A93867D6DE-FollowerState: change to CANDIDATE, lastRpcElapsedTime:426358143ns, electionTimeout:426ms
2023-03-17 00:26:24,507 INFO  impl.RoleInfo (RoleInfo.java:shutdownFollowerState(110)) - s9: shutdown s9@group-69A93867D6DE-FollowerState
2023-03-17 00:26:24,507 INFO  server.RaftServer$Division (RaftServerImpl.java:setRole(329)) - s9@group-69A93867D6DE: changes role from  FOLLOWER to CANDIDATE at term 1 for changeToCandidate
2023-03-17 00:26:24,507 INFO  server.RaftServerConfigKeys (ConfUtils.java:logGet(46)) - raft.server.leaderelection.pre-vote = true (default)
2023-03-17 00:26:24,507 INFO  impl.RoleInfo (RoleInfo.java:updateAndGet(139)) - s9: start s9@group-69A93867D6DE-LeaderElection20
2023-03-17 00:26:24,507 INFO  impl.LeaderElection (LeaderElection.java:askForVotes(320)) - s9@group-69A93867D6DE-LeaderElection20 PRE_VOTE round 0: submit vote requests at term 1 for 0: peers:[s7|rpc:0.0.0.0:44573|dataStream:|priority:0|startupRole:FOLLOWER, s8|rpc:0.0.0.0:45461|dataStream:|priority:0|startupRole:FOLLOWER, s9|rpc:0.0.0.0:42413|dataStream:|priority:0|startupRole:FOLLOWER]|listeners:[], old=null
2023-03-17 00:26:24,510 INFO  impl.LeaderElection (LogUtils.java:infoOrTrace(137)) - s9@group-69A93867D6DE-LeaderElection20 got exception when requesting votes: java.util.concurrent.ExecutionException: org.apache.ratis.protocol.exceptions.GroupMismatchException: s8: group-69A93867D6DE not found.
2023-03-17 00:26:24,510 INFO  impl.LeaderElection (LogUtils.java:infoOrTrace(137)) - s9@group-69A93867D6DE-LeaderElection20 got exception when requesting votes: java.util.concurrent.ExecutionException: org.apache.ratis.protocol.exceptions.GroupMismatchException: s7: group-69A93867D6DE not found.
2023-03-17 00:26:24,510 INFO  impl.LeaderElection (LeaderElection.java:logAndReturn(89)) - s9@group-69A93867D6DE-LeaderElection20: PRE_VOTE REJECTED received 0 response(s) and 2 exception(s):
2023-03-17 00:26:24,510 INFO  impl.LeaderElection (LogUtils.java:infoOrTrace(137)) -   Exception 0: java.util.concurrent.ExecutionException: org.apache.ratis.protocol.exceptions.GroupMismatchException: s8: group-69A93867D6DE not found.
2023-03-17 00:26:24,510 INFO  impl.LeaderElection (LogUtils.java:infoOrTrace(137)) -   Exception 1: java.util.concurrent.ExecutionException: org.apache.ratis.protocol.exceptions.GroupMismatchException: s7: group-69A93867D6DE not found.
2023-03-17 00:26:24,510 INFO  impl.LeaderElection (LeaderElection.java:askForVotes(322)) - s9@group-69A93867D6DE-LeaderElection20 PRE_VOTE round 0: result REJECTED
2023-03-17 00:26:24,510 INFO  server.RaftServer$Division (RaftServerImpl.java:setRole(329)) - s9@group-69A93867D6DE: changes role from CANDIDATE to FOLLOWER at term 1 for REJECTED
2023-03-17 00:26:24,510 INFO  impl.RoleInfo (RoleInfo.java:shutdownLeaderElection(130)) - s9: shutdown s9@group-69A93867D6DE-LeaderElection20
2023-03-17 00:26:24,510 INFO  impl.RoleInfo (RoleInfo.java:updateAndGet(139)) - s9: start s9@group-69A93867D6DE-FollowerState
2023-03-17 00:26:24,877 INFO  impl.FollowerState (FollowerState.java:run(143)) - s9@group-69A93867D6DE-FollowerState: change to CANDIDATE, lastRpcElapsedTime:367367902ns, electionTimeout:365ms
2023-03-17 00:26:24,878 INFO  impl.RoleInfo (RoleInfo.java:shutdownFollowerState(110)) - s9: shutdown s9@group-69A93867D6DE-FollowerState
2023-03-17 00:26:24,878 INFO  server.RaftServer$Division (RaftServerImpl.java:setRole(329)) - s9@group-69A93867D6DE: changes role from  FOLLOWER to CANDIDATE at term 1 for changeToCandidate
2023-03-17 00:26:24,878 INFO  server.RaftServerConfigKeys (ConfUtils.java:logGet(46)) - raft.server.leaderelection.pre-vote = true (default)
2023-03-17 00:26:24,878 INFO  impl.RoleInfo (RoleInfo.java:updateAndGet(139)) - s9: start s9@group-69A93867D6DE-LeaderElection21
2023-03-17 00:26:24,878 INFO  impl.LeaderElection (LeaderElection.java:askForVotes(320)) - s9@group-69A93867D6DE-LeaderElection21 PRE_VOTE round 0: submit vote requests at term 1 for 0: peers:[s7|rpc:0.0.0.0:44573|dataStream:|priority:0|startupRole:FOLLOWER, s8|rpc:0.0.0.0:45461|dataStream:|priority:0|startupRole:FOLLOWER, s9|rpc:0.0.0.0:42413|dataStream:|priority:0|startupRole:FOLLOWER]|listeners:[], old=null
2023-03-17 00:26:24,880 INFO  impl.LeaderElection (LogUtils.java:infoOrTrace(137)) - s9@group-69A93867D6DE-LeaderElection21 got exception when requesting votes: java.util.concurrent.ExecutionException: org.apache.ratis.protocol.exceptions.GroupMismatchException: s8: group-69A93867D6DE not found.
2023-03-17 00:26:24,881 INFO  impl.LeaderElection (LogUtils.java:infoOrTrace(137)) - s9@group-69A93867D6DE-LeaderElection21 got exception when requesting votes: java.util.concurrent.ExecutionException: org.apache.ratis.protocol.exceptions.GroupMismatchException: s7: group-69A93867D6DE not found.
2023-03-17 00:26:24,881 INFO  impl.LeaderElection (LeaderElection.java:logAndReturn(89)) - s9@group-69A93867D6DE-LeaderElection21: PRE_VOTE REJECTED received 0 response(s) and 2 exception(s):
2023-03-17 00:26:24,881 INFO  impl.LeaderElection (LogUtils.java:infoOrTrace(137)) -   Exception 0: java.util.concurrent.ExecutionException: org.apache.ratis.protocol.exceptions.GroupMismatchException: s8: group-69A93867D6DE not found.
2023-03-17 00:26:24,881 INFO  impl.LeaderElection (LogUtils.java:infoOrTrace(137)) -   Exception 1: java.util.concurrent.ExecutionException: org.apache.ratis.protocol.exceptions.GroupMismatchException: s7: group-69A93867D6DE not found.
2023-03-17 00:26:24,881 INFO  impl.LeaderElection (LeaderElection.java:askForVotes(322)) - s9@group-69A93867D6DE-LeaderElection21 PRE_VOTE round 0: result REJECTED
2023-03-17 00:26:24,881 INFO  server.RaftServer$Division (RaftServerImpl.java:setRole(329)) - s9@group-69A93867D6DE: changes role from CANDIDATE to FOLLOWER at term 1 for REJECTED
2023-03-17 00:26:24,881 INFO  impl.RoleInfo (RoleInfo.java:shutdownLeaderElection(130)) - s9: shutdown s9@group-69A93867D6DE-LeaderElection21
2023-03-17 00:26:24,881 INFO  impl.RoleInfo (RoleInfo.java:updateAndGet(139)) - s9: start s9@group-69A93867D6DE-FollowerState
2023-03-17 00:26:24,890 INFO  segmented.SegmentedRaftLogWorker (SegmentedRaftLogWorker.java:close(242)) - s8@group-69A93867D6DE-SegmentedRaftLogWorker close()
2023-03-17 00:26:24,891 TRACE util.FileUtils (FileUtils.java:deleteFully(201)) - deleteFully /home/runner/work/ratis/ratis/ratis-examples/target/test/data/9a3b15da/MiniRaftClusterWithNettyce94e709/s8/5bddf1e9-aa65-44c6-8a15-69a93867d6de
2023-03-17 00:26:24,892 TRACE util.FileUtils (LogUtils.java:runAndLog(49)) - Successfully ran Files.delete /home/runner/work/ratis/ratis/ratis-examples/target/test/data/9a3b15da/MiniRaftClusterWithNettyce94e709/s8/5bddf1e9-aa65-44c6-8a15-69a93867d6de/in_use.lock
2023-03-17 00:26:24,892 TRACE util.FileUtils (LogUtils.java:runAndLog(49)) - Successfully ran Files.delete /home/runner/work/ratis/ratis/ratis-examples/target/test/data/9a3b15da/MiniRaftClusterWithNettyce94e709/s8/5bddf1e9-aa65-44c6-8a15-69a93867d6de/sm
2023-03-17 00:26:24,892 TRACE util.FileUtils (LogUtils.java:runAndLog(49)) - Successfully ran Files.delete /home/runner/work/ratis/ratis/ratis-examples/target/test/data/9a3b15da/MiniRaftClusterWithNettyce94e709/s8/5bddf1e9-aa65-44c6-8a15-69a93867d6de/current/raft-meta.conf
2023-03-17 00:26:24,892 TRACE util.FileUtils (LogUtils.java:runAndLog(49)) - Successfully ran Files.delete /home/runner/work/ratis/ratis/ratis-examples/target/test/data/9a3b15da/MiniRaftClusterWithNettyce94e709/s8/5bddf1e9-aa65-44c6-8a15-69a93867d6de/current/raft-meta
2023-03-17 00:26:24,892 TRACE util.FileUtils (LogUtils.java:runAndLog(49)) - Successfully ran Files.delete /home/runner/work/ratis/ratis/ratis-examples/target/test/data/9a3b15da/MiniRaftClusterWithNettyce94e709/s8/5bddf1e9-aa65-44c6-8a15-69a93867d6de/current/log_inprogress_0
2023-03-17 00:26:24,892 TRACE util.FileUtils (LogUtils.java:runAndLog(49)) - Successfully ran Files.delete /home/runner/work/ratis/ratis/ratis-examples/target/test/data/9a3b15da/MiniRaftClusterWithNettyce94e709/s8/5bddf1e9-aa65-44c6-8a15-69a93867d6de/current
2023-03-17 00:26:24,893 TRACE util.FileUtils (LogUtils.java:runAndLog(49)) - Successfully ran Files.delete /home/runner/work/ratis/ratis/ratis-examples/target/test/data/9a3b15da/MiniRaftClusterWithNettyce94e709/s8/5bddf1e9-aa65-44c6-8a15-69a93867d6de
2023-03-17 00:26:24,893 INFO  server.RaftServer$Division (RaftServerImpl.java:groupRemove(436)) - s8@group-69A93867D6DE: Succeed to remove RaftStorageDirectory Storage Directory /home/runner/work/ratis/ratis/ratis-examples/target/test/data/9a3b15da/MiniRaftClusterWithNettyce94e709/s8/5bddf1e9-aa65-44c6-8a15-69a93867d6de
2023-03-17 00:26:24,906 INFO  logging.LoggingHandler (AbstractInternalLogger.java:log(148)) - [id: 0xb86cf2de, L:/0.0.0.0:42413] READ: [id: 0xf03b84f3, L:/10.1.0.17:42413 - R:/10.1.0.17:46290]
2023-03-17 00:26:24,906 INFO  logging.LoggingHandler (AbstractInternalLogger.java:log(148)) - [id: 0xb86cf2de, L:/0.0.0.0:42413] READ COMPLETE
2023-03-17 00:26:24,912 INFO  server.RaftServer (RaftServerProxy.java:remove(110)) - s9: remove  FOLLOWER s9@group-69A93867D6DE:t1, leader=null, voted=s7, raftlog=Memoized:s9@group-69A93867D6DE-SegmentedRaftLog:OPENED:c120, conf=0: peers:[s7|rpc:0.0.0.0:44573|dataStream:|priority:0|startupRole:FOLLOWER, s8|rpc:0.0.0.0:45461|dataStream:|priority:0|startupRole:FOLLOWER, s9|rpc:0.0.0.0:42413|dataStream:|priority:0|startupRole:FOLLOWER]|listeners:[], old=null RUNNING
2023-03-17 00:26:24,912 INFO  server.RaftServer$Division (RaftServerImpl.java:lambda$close$4(466)) - s9@group-69A93867D6DE: shutdown
2023-03-17 00:26:24,912 INFO  util.JmxRegister (JmxRegister.java:unregister(73)) - Successfully un-registered JMX Bean with object name Ratis:service=RaftServer,group=group-69A93867D6DE,id=s9
2023-03-17 00:26:24,912 INFO  impl.RoleInfo (RoleInfo.java:shutdownFollowerState(110)) - s9: shutdown s9@group-69A93867D6DE-FollowerState
2023-03-17 00:26:24,913 INFO  impl.FollowerState (FollowerState.java:run(152)) - s9@group-69A93867D6DE-FollowerState was interrupted
2023-03-17 00:26:24,913 INFO  impl.StateMachineUpdater (StateMachineUpdater.java:stopAndJoin(154)) - s9@group-69A93867D6DE-StateMachineUpdater: set stopIndex = 120
2023-03-17 00:26:24,913 INFO  server.RaftServer$Division (ServerState.java:close(414)) - s9@group-69A93867D6DE: applyIndex: -1
2023-03-17 00:26:25,890 INFO  segmented.SegmentedRaftLogWorker (SegmentedRaftLogWorker.java:close(242)) - s9@group-69A93867D6DE-SegmentedRaftLogWorker close()
2023-03-17 00:26:25,892 TRACE util.FileUtils (FileUtils.java:deleteFully(201)) - deleteFully /home/runner/work/ratis/ratis/ratis-examples/target/test/data/9a3b15da/MiniRaftClusterWithNettyce94e709/s9/5bddf1e9-aa65-44c6-8a15-69a93867d6de
2023-03-17 00:26:25,892 TRACE util.FileUtils (LogUtils.java:runAndLog(49)) - Successfully ran Files.delete /home/runner/work/ratis/ratis/ratis-examples/target/test/data/9a3b15da/MiniRaftClusterWithNettyce94e709/s9/5bddf1e9-aa65-44c6-8a15-69a93867d6de/in_use.lock
2023-03-17 00:26:25,893 TRACE util.FileUtils (LogUtils.java:runAndLog(49)) - Successfully ran Files.delete /home/runner/work/ratis/ratis/ratis-examples/target/test/data/9a3b15da/MiniRaftClusterWithNettyce94e709/s9/5bddf1e9-aa65-44c6-8a15-69a93867d6de/sm
2023-03-17 00:26:25,893 TRACE util.FileUtils (LogUtils.java:runAndLog(49)) - Successfully ran Files.delete /home/runner/work/ratis/ratis/ratis-examples/target/test/data/9a3b15da/MiniRaftClusterWithNettyce94e709/s9/5bddf1e9-aa65-44c6-8a15-69a93867d6de/current/raft-meta.conf
2023-03-17 00:26:25,893 TRACE util.FileUtils (LogUtils.java:runAndLog(49)) - Successfully ran Files.delete /home/runner/work/ratis/ratis/ratis-examples/target/test/data/9a3b15da/MiniRaftClusterWithNettyce94e709/s9/5bddf1e9-aa65-44c6-8a15-69a93867d6de/current/raft-meta
2023-03-17 00:26:25,893 TRACE util.FileUtils (LogUtils.java:runAndLog(49)) - Successfully ran Files.delete /home/runner/work/ratis/ratis/ratis-examples/target/test/data/9a3b15da/MiniRaftClusterWithNettyce94e709/s9/5bddf1e9-aa65-44c6-8a15-69a93867d6de/current/log_inprogress_0
2023-03-17 00:26:25,893 TRACE util.FileUtils (LogUtils.java:runAndLog(49)) - Successfully ran Files.delete /home/runner/work/ratis/ratis/ratis-examples/target/test/data/9a3b15da/MiniRaftClusterWithNettyce94e709/s9/5bddf1e9-aa65-44c6-8a15-69a93867d6de/current
2023-03-17 00:26:25,893 TRACE util.FileUtils (LogUtils.java:runAndLog(49)) - Successfully ran Files.delete /home/runner/work/ratis/ratis/ratis-examples/target/test/data/9a3b15da/MiniRaftClusterWithNettyce94e709/s9/5bddf1e9-aa65-44c6-8a15-69a93867d6de
2023-03-17 00:26:25,893 INFO  server.RaftServer$Division (RaftServerImpl.java:groupRemove(436)) - s9@group-69A93867D6DE: Succeed to remove RaftStorageDirectory Storage Directory /home/runner/work/ratis/ratis/ratis-examples/target/test/data/9a3b15da/MiniRaftClusterWithNettyce94e709/s9/5bddf1e9-aa65-44c6-8a15-69a93867d6de
| MiniRaftClusterWithNetty[3, 6, 9, 12, 15]chosen=0 | close groups | 263 |
2023-03-17 00:26:25,896 INFO  impl.GroupManagementBaseTest (GroupManagementBaseTest.java:runMultiGroupTest(316)) - close groups: printing ALL groups
  s3:  RUNNING  FOLLOWER s3@group-38FE90E113AE:t0, leader=null, voted=, raftlog=Memoized:s3@group-38FE90E113AE-SegmentedRaftLog:OPENED:c-1, conf=-1: peers:[]|listeners:[], old=null STARTING
  s4:  RUNNING  FOLLOWER s4@group-38FE90E113AE:t0, leader=null, voted=, raftlog=Memoized:s4@group-38FE90E113AE-SegmentedRaftLog:OPENED:c-1, conf=-1: peers:[]|listeners:[], old=null STARTING
  s5:  RUNNING  FOLLOWER s5@group-38FE90E113AE:t0, leader=null, voted=, raftlog=Memoized:s5@group-38FE90E113AE-SegmentedRaftLog:OPENED:c-1, conf=-1: peers:[]|listeners:[], old=null STARTING
  s6:  RUNNING  FOLLOWER s6@group-38FE90E113AE:t0, leader=null, voted=, raftlog=Memoized:s6@group-38FE90E113AE-SegmentedRaftLog:OPENED:c-1, conf=-1: peers:[]|listeners:[], old=null STARTING
  s7:  RUNNING  FOLLOWER s7@group-38FE90E113AE:t0, leader=null, voted=, raftlog=Memoized:s7@group-38FE90E113AE-SegmentedRaftLog:OPENED:c-1, conf=-1: peers:[]|listeners:[], old=null STARTING
  s8:  RUNNING  FOLLOWER s8@group-38FE90E113AE:t0, leader=null, voted=, raftlog=Memoized:s8@group-38FE90E113AE-SegmentedRaftLog:OPENED:c-1, conf=-1: peers:[]|listeners:[], old=null STARTING
  s9:  RUNNING  FOLLOWER s9@group-38FE90E113AE:t0, leader=null, voted=, raftlog=Memoized:s9@group-38FE90E113AE-SegmentedRaftLog:OPENED:c-1, conf=-1: peers:[]|listeners:[], old=null STARTING
  s11:  RUNNING  FOLLOWER s11@group-38FE90E113AE:t0, leader=null, voted=, raftlog=Memoized:s11@group-38FE90E113AE-SegmentedRaftLog:OPENED:c-1, conf=-1: peers:[]|listeners:[], old=null STARTING
  s10:  RUNNING [
   FOLLOWER s10@group-6E994AD85659:t1, leader=s1, voted=s1, raftlog=Memoized:s10@group-6E994AD85659-SegmentedRaftLog:OPENED:c120, conf=0: peers:[s10|rpc:0.0.0.0:37585|dataStream:|priority:0|startupRole:FOLLOWER, s0|rpc:0.0.0.0:43787|dataStream:|priority:0|startupRole:FOLLOWER, s1|rpc:0.0.0.0:45531|dataStream:|priority:0|startupRole:FOLLOWER]|listeners:[], old=null RUNNING
   FOLLOWER s10@group-38FE90E113AE:t0, leader=null, voted=, raftlog=Memoized:s10@group-38FE90E113AE-SegmentedRaftLog:OPENED:c-1, conf=-1: peers:[]|listeners:[], old=null STARTING] size=2
  s13:  RUNNING  FOLLOWER s13@group-38FE90E113AE:t0, leader=null, voted=, raftlog=Memoized:s13@group-38FE90E113AE-SegmentedRaftLog:OPENED:c-1, conf=-1: peers:[]|listeners:[], old=null STARTING
  s12:  RUNNING  FOLLOWER s12@group-38FE90E113AE:t0, leader=null, voted=, raftlog=Memoized:s12@group-38FE90E113AE-SegmentedRaftLog:OPENED:c-1, conf=-1: peers:[]|listeners:[], old=null STARTING
  s14:  RUNNING  FOLLOWER s14@group-38FE90E113AE:t0, leader=null, voted=, raftlog=Memoized:s14@group-38FE90E113AE-SegmentedRaftLog:OPENED:c-1, conf=-1: peers:[]|listeners:[], old=null STARTING
  s0:  RUNNING [
   FOLLOWER s0@group-6E994AD85659:t1, leader=s1, voted=s1, raftlog=Memoized:s0@group-6E994AD85659-SegmentedRaftLog:OPENED:c120, conf=0: peers:[s10|rpc:0.0.0.0:37585|dataStream:|priority:0|startupRole:FOLLOWER, s0|rpc:0.0.0.0:43787|dataStream:|priority:0|startupRole:FOLLOWER, s1|rpc:0.0.0.0:45531|dataStream:|priority:0|startupRole:FOLLOWER]|listeners:[], old=null RUNNING
   FOLLOWER s0@group-38FE90E113AE:t0, leader=null, voted=, raftlog=Memoized:s0@group-38FE90E113AE-SegmentedRaftLog:OPENED:c-1, conf=-1: peers:[]|listeners:[], old=null STARTING] size=2
  s1:  RUNNING [
     LEADER s1@group-6E994AD85659:t1, leader=s1, voted=s1, raftlog=Memoized:s1@group-6E994AD85659-SegmentedRaftLog:OPENED:c120, conf=0: peers:[s10|rpc:0.0.0.0:37585|dataStream:|priority:0|startupRole:FOLLOWER, s0|rpc:0.0.0.0:43787|dataStream:|priority:0|startupRole:FOLLOWER, s1|rpc:0.0.0.0:45531|dataStream:|priority:0|startupRole:FOLLOWER]|listeners:[], old=null RUNNING
   FOLLOWER s1@group-38FE90E113AE:t0, leader=null, voted=, raftlog=Memoized:s1@group-38FE90E113AE-SegmentedRaftLog:OPENED:c-1, conf=-1: peers:[]|listeners:[], old=null STARTING] size=2
  s2:  RUNNING  FOLLOWER s2@group-38FE90E113AE:t0, leader=null, voted=, raftlog=Memoized:s2@group-38FE90E113AE-SegmentedRaftLog:OPENED:c-1, conf=-1: peers:[]|listeners:[], old=null STARTING
2023-03-17 00:26:25,896 INFO  impl.GroupManagementBaseTest (GroupManagementBaseTest.java:runMultiGroupTest(322)) - 1) groupAdd: printing group-307DF1E8AB17
2023-03-17 00:26:25,898 INFO  logging.LoggingHandler (AbstractInternalLogger.java:log(148)) - [id: 0x0bedeedd, L:/0.0.0.0:37111] READ: [id: 0x711154fb, L:/10.1.0.17:37111 - R:/10.1.0.17:60156]
2023-03-17 00:26:25,898 INFO  logging.LoggingHandler (AbstractInternalLogger.java:log(148)) - [id: 0x0bedeedd, L:/0.0.0.0:37111] READ COMPLETE
2023-03-17 00:26:25,900 INFO  server.RaftServer (RaftServerProxy.java:addNew(99)) - s11: addNew group-6E994AD85659:[] returns group-6E994AD85659:java.util.concurrent.CompletableFuture@2a64f8ce[Not completed]
2023-03-17 00:26:25,900 INFO  server.RaftServer$Division (RaftServerImpl.java:<init>(198)) - s11: new RaftServerImpl for group-6E994AD85659:[] with ArithmeticStateMachine:uninitialized
2023-03-17 00:26:25,900 INFO  server.RaftServerConfigKeys (ConfUtils.java:logGet(46)) - raft.server.rpc.timeout.min = 300ms (custom)
2023-03-17 00:26:25,900 INFO  server.RaftServerConfigKeys (ConfUtils.java:logGet(46)) - raft.server.rpc.timeout.max = 600ms (custom)
2023-03-17 00:26:25,900 INFO  server.RaftServerConfigKeys (ConfUtils.java:logGet(46)) - raft.server.rpc.sleep.time = 25ms (default)
2023-03-17 00:26:25,900 INFO  server.RaftServerConfigKeys (ConfUtils.java:logGet(46)) - raft.server.rpc.slowness.timeout = 60s (default)
2023-03-17 00:26:25,900 INFO  server.RaftServerConfigKeys (ConfUtils.java:logGet(46)) - raft.server.leaderelection.leader.step-down.wait-time = 10s (default)
2023-03-17 00:26:25,900 INFO  server.RaftServerConfigKeys (ConfUtils.java:logGet(46)) - raft.server.sleep.deviation.threshold = 300ms (default)
2023-03-17 00:26:25,901 INFO  server.RaftServer$Division (ServerState.java:<init>(113)) - s11@group-6E994AD85659: ConfigurationManager, init=-1: peers:[]|listeners:[], old=null, confs=<EMPTY_MAP>
2023-03-17 00:26:25,901 INFO  server.RaftServerConfigKeys (ConfUtils.java:logGet(46)) - raft.server.notification.no-leader.timeout = 60s (default)
2023-03-17 00:26:25,901 INFO  server.RaftServerConfigKeys (ConfUtils.java:logGet(46)) - raft.server.read.timeout = 10s (default)
2023-03-17 00:26:25,901 INFO  server.RaftServerConfigKeys (ConfUtils.java:logGet(46)) - raft.server.retrycache.expirytime = 60s (default)
2023-03-17 00:26:25,901 INFO  server.RaftServerConfigKeys (ConfUtils.java:logGet(46)) - raft.server.retrycache.statistics.expirytime = 100μs (default)
2023-03-17 00:26:25,901 INFO  server.RaftServerConfigKeys (ConfUtils.java:logGet(46)) - raft.server.read.option = DEFAULT (default)
2023-03-17 00:26:25,901 INFO  server.RaftServerConfigKeys (ConfUtils.java:logGet(46)) - raft.server.log.appender.install.snapshot.enabled = true (default)
2023-03-17 00:26:25,901 INFO  server.RaftServerConfigKeys (ConfUtils.java:logGet(46)) - raft.server.threadpool.server.cached = true (default)
2023-03-17 00:26:25,902 INFO  server.RaftServerConfigKeys (ConfUtils.java:logGet(46)) - raft.server.threadpool.server.size = 0 (default)
2023-03-17 00:26:25,902 INFO  server.RaftServerConfigKeys (ConfUtils.java:logGet(46)) - raft.server.threadpool.client.cached = true (default)
2023-03-17 00:26:25,902 INFO  server.RaftServerConfigKeys (ConfUtils.java:logGet(46)) - raft.server.threadpool.client.size = 0 (default)
2023-03-17 00:26:25,903 INFO  server.RaftServerConfigKeys (ConfUtils.java:logGet(46)) - raft.server.storage.free-space.min = 0MB (=0) (default)
2023-03-17 00:26:25,904 INFO  server.RaftServerConfigKeys (ConfUtils.java:logGet(46)) - raft.server.log.corruption.policy = EXCEPTION (default)
2023-03-17 00:26:25,904 INFO  server.RaftServerConfigKeys (ConfUtils.java:logGet(46)) - raft.server.storage.dir = [/home/runner/work/ratis/ratis/ratis-examples/target/test/data/9a3b15da/MiniRaftClusterWithNettyce94e709/s11] (custom)
2023-03-17 00:26:25,904 INFO  storage.RaftStorageDirectory (RaftStorageDirectoryImpl.java:analyzeStorage(138)) - The storage directory /home/runner/work/ratis/ratis/ratis-examples/target/test/data/9a3b15da/MiniRaftClusterWithNettyce94e709/s11/a909ca09-e6ce-4d78-8d38-6e994ad85659 does not exist. Creating ...
2023-03-17 00:26:25,904 TRACE util.FileUtils (LogUtils.java:runAndLog(49)) - Successfully ran Files.createDirectories /home/runner/work/ratis/ratis/ratis-examples/target/test/data/9a3b15da/MiniRaftClusterWithNettyce94e709/s11/a909ca09-e6ce-4d78-8d38-6e994ad85659
2023-03-17 00:26:25,906 INFO  storage.RaftStorageDirectory (RaftStorageDirectoryImpl.java:tryLock(232)) - Lock on /home/runner/work/ratis/ratis/ratis-examples/target/test/data/9a3b15da/MiniRaftClusterWithNettyce94e709/s11/a909ca09-e6ce-4d78-8d38-6e994ad85659/in_use.lock acquired by nodename 17092@fv-az451-845
2023-03-17 00:26:25,906 TRACE util.FileUtils (LogUtils.java:runAndLog(49)) - Successfully ran Files.createDirectories /home/runner/work/ratis/ratis/ratis-examples/target/test/data/9a3b15da/MiniRaftClusterWithNettyce94e709/s11/a909ca09-e6ce-4d78-8d38-6e994ad85659/current
2023-03-17 00:26:25,906 TRACE util.FileUtils (LogUtils.java:runAndLog(49)) - Successfully ran Files.createDirectories /home/runner/work/ratis/ratis/ratis-examples/target/test/data/9a3b15da/MiniRaftClusterWithNettyce94e709/s11/a909ca09-e6ce-4d78-8d38-6e994ad85659/sm
2023-03-17 00:26:25,907 INFO  storage.RaftStorage (RaftStorageImpl.java:format(96)) - Storage directory /home/runner/work/ratis/ratis/ratis-examples/target/test/data/9a3b15da/MiniRaftClusterWithNettyce94e709/s11/a909ca09-e6ce-4d78-8d38-6e994ad85659 has been successfully formatted.
2023-03-17 00:26:25,908 WARN  statemachine.StateMachine (ArithmeticStateMachine.java:loadSnapshot(116)) - The snapshot info is null.
2023-03-17 00:26:25,908 INFO  server.RaftServerConfigKeys (ConfUtils.java:logGet(46)) - raft.server.log.use.memory = false (default)
2023-03-17 00:26:25,908 INFO  server.RaftServerConfigKeys (ConfUtils.java:logGet(46)) - raft.server.log.purge.gap = 1024 (default)
2023-03-17 00:26:25,908 INFO  server.RaftServerConfigKeys (ConfUtils.java:logGet(46)) - raft.server.log.appender.buffer.byte-limit = 4MB (=4194304) (default)
2023-03-17 00:26:25,908 INFO  server.RaftServerConfigKeys (ConfUtils.java:logGet(46)) - raft.server.log.statemachine.data.read.timeout = 1000ms (default)
2023-03-17 00:26:25,908 INFO  server.RaftServerConfigKeys (ConfUtils.java:logGet(46)) - raft.server.log.purge.preservation.log.num = 0 (default)
2023-03-17 00:26:25,909 INFO  server.RaftServerConfigKeys (ConfUtils.java:logGet(46)) - raft.server.log.segment.size.max = 8MB (=8388608) (default)
2023-03-17 00:26:25,909 INFO  server.RaftServerConfigKeys (ConfUtils.java:logGet(46)) - raft.server.log.segment.cache.num.max = 6 (default)
2023-03-17 00:26:25,909 INFO  server.RaftServerConfigKeys (ConfUtils.java:logGet(46)) - raft.server.log.segment.cache.size.max = 200MB (=209715200) (default)
2023-03-17 00:26:25,909 INFO  server.RaftServerConfigKeys (ConfUtils.java:logGet(46)) - raft.server.log.appender.buffer.byte-limit = 4MB (=4194304) (default)
2023-03-17 00:26:25,909 INFO  segmented.SegmentedRaftLogWorker (SegmentedRaftLogWorker.java:<init>(183)) - new s11@group-6E994AD85659-SegmentedRaftLogWorker for RaftStorageImpl:Storage Directory /home/runner/work/ratis/ratis/ratis-examples/target/test/data/9a3b15da/MiniRaftClusterWithNettyce94e709/s11/a909ca09-e6ce-4d78-8d38-6e994ad85659
2023-03-17 00:26:25,910 INFO  server.RaftServerConfigKeys (ConfUtils.java:logGet(46)) - raft.server.log.queue.byte-limit = 64MB (=67108864) (default)
2023-03-17 00:26:25,910 INFO  server.RaftServerConfigKeys (ConfUtils.java:logGet(46)) - raft.server.log.queue.element-limit = 4096 (default)
2023-03-17 00:26:25,910 INFO  server.RaftServerConfigKeys (ConfUtils.java:logGet(46)) - raft.server.log.segment.size.max = 8MB (=8388608) (default)
2023-03-17 00:26:25,910 INFO  server.RaftServerConfigKeys (ConfUtils.java:logGet(46)) - raft.server.log.preallocated.size = 4MB (=4194304) (default)
2023-03-17 00:26:25,910 INFO  server.RaftServerConfigKeys (ConfUtils.java:logGet(46)) - raft.server.log.force.sync.num = 128 (default)
2023-03-17 00:26:25,910 INFO  server.RaftServerConfigKeys (ConfUtils.java:logGet(46)) - raft.server.log.statemachine.data.sync = true (default)
2023-03-17 00:26:25,910 INFO  server.RaftServerConfigKeys (ConfUtils.java:logGet(46)) - raft.server.log.statemachine.data.sync.timeout = 10s (default)
2023-03-17 00:26:25,910 INFO  server.RaftServerConfigKeys (ConfUtils.java:logGet(46)) - raft.server.log.statemachine.data.sync.timeout.retry = -1 (default)
2023-03-17 00:26:25,911 INFO  server.RaftServerConfigKeys (ConfUtils.java:logGet(46)) - raft.server.log.write.buffer.size = 64KB (=65536) (default)
2023-03-17 00:26:25,911 INFO  server.RaftServerConfigKeys (ConfUtils.java:logGet(46)) - raft.server.log.appender.buffer.byte-limit = 4MB (=4194304) (default)
2023-03-17 00:26:25,916 INFO  server.RaftServerConfigKeys (ConfUtils.java:logGet(46)) - raft.server.log.unsafe-flush.enabled = false (default)
2023-03-17 00:26:25,916 INFO  server.RaftServerConfigKeys (ConfUtils.java:logGet(46)) - raft.server.log.async-flush.enabled = false (default)
2023-03-17 00:26:25,916 INFO  server.RaftServerConfigKeys (ConfUtils.java:logGet(46)) - raft.server.log.statemachine.data.caching.enabled = false (default)
2023-03-17 00:26:25,916 INFO  segmented.SegmentedRaftLogWorker (SegmentedRaftLogWorker.java:lambda$new$0(134)) - s11@group-6E994AD85659-SegmentedRaftLogWorker: flushIndex: setUnconditionally 0 -> -1
2023-03-17 00:26:25,916 INFO  segmented.SegmentedRaftLogWorker (SegmentedRaftLogWorker.java:lambda$new$0(134)) - s11@group-6E994AD85659-SegmentedRaftLogWorker: safeCacheEvictIndex: setUnconditionally 0 -> -1
2023-03-17 00:26:25,917 INFO  server.RaftServer$Division (RaftServerImpl.java:start(348)) - s11@group-6E994AD85659: start with initializing state, conf=-1: peers:[]|listeners:[], old=null
2023-03-17 00:26:25,917 INFO  server.RaftServer$Division (RaftServerImpl.java:setRole(329)) - s11@group-6E994AD85659: changes role from      null to FOLLOWER at term 0 for startInitializing
2023-03-17 00:26:25,917 INFO  util.JmxRegister (JmxRegister.java:tryRegister(44)) - Successfully registered JMX Bean with object name Ratis:service=RaftServer,group=group-6E994AD85659,id=s11
2023-03-17 00:26:25,917 INFO  server.RaftServerConfigKeys (ConfUtils.java:logGet(46)) - raft.server.snapshot.auto.trigger.enabled = false (default)
2023-03-17 00:26:25,917 INFO  server.RaftServerConfigKeys (ConfUtils.java:logGet(46)) - raft.server.snapshot.retention.file.num = -1 (default)
2023-03-17 00:26:25,917 INFO  server.RaftServerConfigKeys (ConfUtils.java:logGet(46)) - raft.server.log.purge.upto.snapshot.index = false (default)
2023-03-17 00:26:25,963 INFO  logging.LoggingHandler (AbstractInternalLogger.java:log(148)) - [id: 0xc495072a, L:/0.0.0.0:39411] READ: [id: 0x8ba6d88c, L:/10.1.0.17:39411 - R:/10.1.0.17:59680]
2023-03-17 00:26:25,963 INFO  logging.LoggingHandler (AbstractInternalLogger.java:log(148)) - [id: 0xc495072a, L:/0.0.0.0:39411] READ COMPLETE
2023-03-17 00:26:25,964 INFO  server.RaftServer (RaftServerProxy.java:addNew(99)) - s13: addNew group-6E994AD85659:[] returns group-6E994AD85659:java.util.concurrent.CompletableFuture@d952a1b[Not completed]
2023-03-17 00:26:25,964 INFO  server.RaftServer$Division (RaftServerImpl.java:<init>(198)) - s13: new RaftServerImpl for group-6E994AD85659:[] with ArithmeticStateMachine:uninitialized
2023-03-17 00:26:25,964 INFO  server.RaftServerConfigKeys (ConfUtils.java:logGet(46)) - raft.server.rpc.timeout.min = 300ms (custom)
2023-03-17 00:26:25,964 INFO  server.RaftServerConfigKeys (ConfUtils.java:logGet(46)) - raft.server.rpc.timeout.max = 600ms (custom)
2023-03-17 00:26:25,964 INFO  server.RaftServerConfigKeys (ConfUtils.java:logGet(46)) - raft.server.rpc.sleep.time = 25ms (default)
2023-03-17 00:26:25,964 INFO  server.RaftServerConfigKeys (ConfUtils.java:logGet(46)) - raft.server.rpc.slowness.timeout = 60s (default)
2023-03-17 00:26:25,964 INFO  server.RaftServerConfigKeys (ConfUtils.java:logGet(46)) - raft.server.leaderelection.leader.step-down.wait-time = 10s (default)
2023-03-17 00:26:25,964 INFO  server.RaftServerConfigKeys (ConfUtils.java:logGet(46)) - raft.server.sleep.deviation.threshold = 300ms (default)
2023-03-17 00:26:25,964 INFO  server.RaftServer$Division (ServerState.java:<init>(113)) - s13@group-6E994AD85659: ConfigurationManager, init=-1: peers:[]|listeners:[], old=null, confs=<EMPTY_MAP>
2023-03-17 00:26:25,964 INFO  server.RaftServerConfigKeys (ConfUtils.java:logGet(46)) - raft.server.notification.no-leader.timeout = 60s (default)
2023-03-17 00:26:25,964 INFO  server.RaftServerConfigKeys (ConfUtils.java:logGet(46)) - raft.server.read.timeout = 10s (default)
2023-03-17 00:26:25,964 INFO  server.RaftServerConfigKeys (ConfUtils.java:logGet(46)) - raft.server.retrycache.expirytime = 60s (default)
2023-03-17 00:26:25,965 INFO  server.RaftServerConfigKeys (ConfUtils.java:logGet(46)) - raft.server.retrycache.statistics.expirytime = 100μs (default)
2023-03-17 00:26:25,965 INFO  server.RaftServerConfigKeys (ConfUtils.java:logGet(46)) - raft.server.read.option = DEFAULT (default)
2023-03-17 00:26:25,965 INFO  server.RaftServerConfigKeys (ConfUtils.java:logGet(46)) - raft.server.log.appender.install.snapshot.enabled = true (default)
2023-03-17 00:26:25,965 INFO  server.RaftServerConfigKeys (ConfUtils.java:logGet(46)) - raft.server.threadpool.server.cached = true (default)
2023-03-17 00:26:25,965 INFO  server.RaftServerConfigKeys (ConfUtils.java:logGet(46)) - raft.server.threadpool.server.size = 0 (default)
2023-03-17 00:26:25,966 INFO  server.RaftServerConfigKeys (ConfUtils.java:logGet(46)) - raft.server.threadpool.client.cached = true (default)
2023-03-17 00:26:25,966 INFO  server.RaftServerConfigKeys (ConfUtils.java:logGet(46)) - raft.server.threadpool.client.size = 0 (default)
2023-03-17 00:26:25,966 INFO  server.RaftServerConfigKeys (ConfUtils.java:logGet(46)) - raft.server.storage.free-space.min = 0MB (=0) (default)
2023-03-17 00:26:25,966 INFO  server.RaftServerConfigKeys (ConfUtils.java:logGet(46)) - raft.server.log.corruption.policy = EXCEPTION (default)
2023-03-17 00:26:25,966 INFO  server.RaftServerConfigKeys (ConfUtils.java:logGet(46)) - raft.server.storage.dir = [/home/runner/work/ratis/ratis/ratis-examples/target/test/data/9a3b15da/MiniRaftClusterWithNettyce94e709/s13] (custom)
2023-03-17 00:26:25,966 INFO  storage.RaftStorageDirectory (RaftStorageDirectoryImpl.java:analyzeStorage(138)) - The storage directory /home/runner/work/ratis/ratis/ratis-examples/target/test/data/9a3b15da/MiniRaftClusterWithNettyce94e709/s13/a909ca09-e6ce-4d78-8d38-6e994ad85659 does not exist. Creating ...
2023-03-17 00:26:25,966 TRACE util.FileUtils (LogUtils.java:runAndLog(49)) - Successfully ran Files.createDirectories /home/runner/work/ratis/ratis/ratis-examples/target/test/data/9a3b15da/MiniRaftClusterWithNettyce94e709/s13/a909ca09-e6ce-4d78-8d38-6e994ad85659
2023-03-17 00:26:25,967 INFO  storage.RaftStorageDirectory (RaftStorageDirectoryImpl.java:tryLock(232)) - Lock on /home/runner/work/ratis/ratis/ratis-examples/target/test/data/9a3b15da/MiniRaftClusterWithNettyce94e709/s13/a909ca09-e6ce-4d78-8d38-6e994ad85659/in_use.lock acquired by nodename 17092@fv-az451-845
2023-03-17 00:26:25,968 TRACE util.FileUtils (LogUtils.java:runAndLog(49)) - Successfully ran Files.createDirectories /home/runner/work/ratis/ratis/ratis-examples/target/test/data/9a3b15da/MiniRaftClusterWithNettyce94e709/s13/a909ca09-e6ce-4d78-8d38-6e994ad85659/current
2023-03-17 00:26:25,968 TRACE util.FileUtils (LogUtils.java:runAndLog(49)) - Successfully ran Files.createDirectories /home/runner/work/ratis/ratis/ratis-examples/target/test/data/9a3b15da/MiniRaftClusterWithNettyce94e709/s13/a909ca09-e6ce-4d78-8d38-6e994ad85659/sm
2023-03-17 00:26:25,969 INFO  storage.RaftStorage (RaftStorageImpl.java:format(96)) - Storage directory /home/runner/work/ratis/ratis/ratis-examples/target/test/data/9a3b15da/MiniRaftClusterWithNettyce94e709/s13/a909ca09-e6ce-4d78-8d38-6e994ad85659 has been successfully formatted.
2023-03-17 00:26:25,969 WARN  statemachine.StateMachine (ArithmeticStateMachine.java:loadSnapshot(116)) - The snapshot info is null.
2023-03-17 00:26:25,969 INFO  server.RaftServerConfigKeys (ConfUtils.java:logGet(46)) - raft.server.log.use.memory = false (default)
2023-03-17 00:26:25,969 INFO  server.RaftServerConfigKeys (ConfUtils.java:logGet(46)) - raft.server.log.purge.gap = 1024 (default)
2023-03-17 00:26:25,969 INFO  server.RaftServerConfigKeys (ConfUtils.java:logGet(46)) - raft.server.log.appender.buffer.byte-limit = 4MB (=4194304) (default)
2023-03-17 00:26:25,970 INFO  server.RaftServerConfigKeys (ConfUtils.java:logGet(46)) - raft.server.log.statemachine.data.read.timeout = 1000ms (default)
2023-03-17 00:26:25,970 INFO  server.RaftServerConfigKeys (ConfUtils.java:logGet(46)) - raft.server.log.purge.preservation.log.num = 0 (default)
2023-03-17 00:26:25,970 INFO  server.RaftServerConfigKeys (ConfUtils.java:logGet(46)) - raft.server.log.segment.size.max = 8MB (=8388608) (default)
2023-03-17 00:26:25,970 INFO  server.RaftServerConfigKeys (ConfUtils.java:logGet(46)) - raft.server.log.segment.cache.num.max = 6 (default)
2023-03-17 00:26:25,970 INFO  server.RaftServerConfigKeys (ConfUtils.java:logGet(46)) - raft.server.log.segment.cache.size.max = 200MB (=209715200) (default)
2023-03-17 00:26:25,970 INFO  server.RaftServerConfigKeys (ConfUtils.java:logGet(46)) - raft.server.log.appender.buffer.byte-limit = 4MB (=4194304) (default)
2023-03-17 00:26:25,971 INFO  segmented.SegmentedRaftLogWorker (SegmentedRaftLogWorker.java:<init>(183)) - new s13@group-6E994AD85659-SegmentedRaftLogWorker for RaftStorageImpl:Storage Directory /home/runner/work/ratis/ratis/ratis-examples/target/test/data/9a3b15da/MiniRaftClusterWithNettyce94e709/s13/a909ca09-e6ce-4d78-8d38-6e994ad85659
2023-03-17 00:26:25,971 INFO  server.RaftServerConfigKeys (ConfUtils.java:logGet(46)) - raft.server.log.queue.byte-limit = 64MB (=67108864) (default)
2023-03-17 00:26:25,971 INFO  server.RaftServerConfigKeys (ConfUtils.java:logGet(46)) - raft.server.log.queue.element-limit = 4096 (default)
2023-03-17 00:26:25,971 INFO  server.RaftServerConfigKeys (ConfUtils.java:logGet(46)) - raft.server.log.segment.size.max = 8MB (=8388608) (default)
2023-03-17 00:26:25,971 INFO  server.RaftServerConfigKeys (ConfUtils.java:logGet(46)) - raft.server.log.preallocated.size = 4MB (=4194304) (default)
2023-03-17 00:26:25,971 INFO  server.RaftServerConfigKeys (ConfUtils.java:logGet(46)) - raft.server.log.force.sync.num = 128 (default)
2023-03-17 00:26:25,971 INFO  server.RaftServerConfigKeys (ConfUtils.java:logGet(46)) - raft.server.log.statemachine.data.sync = true (default)
2023-03-17 00:26:25,971 INFO  server.RaftServerConfigKeys (ConfUtils.java:logGet(46)) - raft.server.log.statemachine.data.sync.timeout = 10s (default)
2023-03-17 00:26:25,971 INFO  server.RaftServerConfigKeys (ConfUtils.java:logGet(46)) - raft.server.log.statemachine.data.sync.timeout.retry = -1 (default)
2023-03-17 00:26:25,971 INFO  server.RaftServerConfigKeys (ConfUtils.java:logGet(46)) - raft.server.log.write.buffer.size = 64KB (=65536) (default)
2023-03-17 00:26:25,972 INFO  server.RaftServerConfigKeys (ConfUtils.java:logGet(46)) - raft.server.log.appender.buffer.byte-limit = 4MB (=4194304) (default)
2023-03-17 00:26:25,972 INFO  server.RaftServerConfigKeys (ConfUtils.java:logGet(46)) - raft.server.log.unsafe-flush.enabled = false (default)
2023-03-17 00:26:25,973 INFO  server.RaftServerConfigKeys (ConfUtils.java:logGet(46)) - raft.server.log.async-flush.enabled = false (default)
2023-03-17 00:26:25,973 INFO  server.RaftServerConfigKeys (ConfUtils.java:logGet(46)) - raft.server.log.statemachine.data.caching.enabled = false (default)
2023-03-17 00:26:25,973 INFO  segmented.SegmentedRaftLogWorker (SegmentedRaftLogWorker.java:lambda$new$0(134)) - s13@group-6E994AD85659-SegmentedRaftLogWorker: flushIndex: setUnconditionally 0 -> -1
2023-03-17 00:26:25,973 INFO  segmented.SegmentedRaftLogWorker (SegmentedRaftLogWorker.java:lambda$new$0(134)) - s13@group-6E994AD85659-SegmentedRaftLogWorker: safeCacheEvictIndex: setUnconditionally 0 -> -1
2023-03-17 00:26:25,973 INFO  server.RaftServer$Division (RaftServerImpl.java:start(348)) - s13@group-6E994AD85659: start with initializing state, conf=-1: peers:[]|listeners:[], old=null
2023-03-17 00:26:25,973 INFO  server.RaftServer$Division (RaftServerImpl.java:setRole(329)) - s13@group-6E994AD85659: changes role from      null to FOLLOWER at term 0 for startInitializing
2023-03-17 00:26:25,973 INFO  util.JmxRegister (JmxRegister.java:tryRegister(44)) - Successfully registered JMX Bean with object name Ratis:service=RaftServer,group=group-6E994AD85659,id=s13
2023-03-17 00:26:25,973 INFO  server.RaftServerConfigKeys (ConfUtils.java:logGet(46)) - raft.server.snapshot.auto.trigger.enabled = false (default)
2023-03-17 00:26:25,974 INFO  server.RaftServerConfigKeys (ConfUtils.java:logGet(46)) - raft.server.snapshot.retention.file.num = -1 (default)
2023-03-17 00:26:25,974 INFO  server.RaftServerConfigKeys (ConfUtils.java:logGet(46)) - raft.server.log.purge.upto.snapshot.index = false (default)
2023-03-17 00:26:25,981 INFO  logging.LoggingHandler (AbstractInternalLogger.java:log(148)) - [id: 0x07f7011d, L:/0.0.0.0:36717] READ: [id: 0x078784c7, L:/10.1.0.17:36717 - R:/10.1.0.17:46082]
2023-03-17 00:26:25,982 INFO  logging.LoggingHandler (AbstractInternalLogger.java:log(148)) - [id: 0x07f7011d, L:/0.0.0.0:36717] READ COMPLETE
2023-03-17 00:26:25,983 INFO  server.RaftServer$Division (RaftServerImpl.java:<init>(198)) - s12: new RaftServerImpl for group-6E994AD85659:[] with ArithmeticStateMachine:uninitialized
2023-03-17 00:26:25,983 INFO  server.RaftServerConfigKeys (ConfUtils.java:logGet(46)) - raft.server.rpc.timeout.min = 300ms (custom)
2023-03-17 00:26:25,983 INFO  server.RaftServerConfigKeys (ConfUtils.java:logGet(46)) - raft.server.rpc.timeout.max = 600ms (custom)
2023-03-17 00:26:25,983 INFO  server.RaftServerConfigKeys (ConfUtils.java:logGet(46)) - raft.server.rpc.sleep.time = 25ms (default)
2023-03-17 00:26:25,983 INFO  server.RaftServerConfigKeys (ConfUtils.java:logGet(46)) - raft.server.rpc.slowness.timeout = 60s (default)
2023-03-17 00:26:25,983 INFO  server.RaftServerConfigKeys (ConfUtils.java:logGet(46)) - raft.server.leaderelection.leader.step-down.wait-time = 10s (default)
2023-03-17 00:26:25,983 INFO  server.RaftServerConfigKeys (ConfUtils.java:logGet(46)) - raft.server.sleep.deviation.threshold = 300ms (default)
2023-03-17 00:26:25,983 INFO  server.RaftServer$Division (ServerState.java:<init>(113)) - s12@group-6E994AD85659: ConfigurationManager, init=-1: peers:[]|listeners:[], old=null, confs=<EMPTY_MAP>
2023-03-17 00:26:25,983 INFO  server.RaftServerConfigKeys (ConfUtils.java:logGet(46)) - raft.server.notification.no-leader.timeout = 60s (default)
2023-03-17 00:26:25,983 INFO  server.RaftServerConfigKeys (ConfUtils.java:logGet(46)) - raft.server.read.timeout = 10s (default)
2023-03-17 00:26:25,983 INFO  server.RaftServerConfigKeys (ConfUtils.java:logGet(46)) - raft.server.retrycache.expirytime = 60s (default)
2023-03-17 00:26:25,983 INFO  server.RaftServerConfigKeys (ConfUtils.java:logGet(46)) - raft.server.retrycache.statistics.expirytime = 100μs (default)
2023-03-17 00:26:25,983 INFO  server.RaftServerConfigKeys (ConfUtils.java:logGet(46)) - raft.server.read.option = DEFAULT (default)
2023-03-17 00:26:25,984 INFO  server.RaftServerConfigKeys (ConfUtils.java:logGet(46)) - raft.server.log.appender.install.snapshot.enabled = true (default)
2023-03-17 00:26:25,984 INFO  server.RaftServerConfigKeys (ConfUtils.java:logGet(46)) - raft.server.threadpool.server.cached = true (default)
2023-03-17 00:26:25,984 INFO  server.RaftServerConfigKeys (ConfUtils.java:logGet(46)) - raft.server.threadpool.server.size = 0 (default)
2023-03-17 00:26:25,984 INFO  server.RaftServerConfigKeys (ConfUtils.java:logGet(46)) - raft.server.threadpool.client.cached = true (default)
2023-03-17 00:26:25,984 INFO  server.RaftServerConfigKeys (ConfUtils.java:logGet(46)) - raft.server.threadpool.client.size = 0 (default)
2023-03-17 00:26:26,001 INFO  server.RaftServer (RaftServerProxy.java:addNew(99)) - s12: addNew group-6E994AD85659:[] returns      null s12@group-6E994AD85659:t0, leader=null, voted=null, raftlog=UNINITIALIZED, conf=-1: peers:[]|listeners:[], old=null NEW
2023-03-17 00:26:26,002 INFO  server.RaftServerConfigKeys (ConfUtils.java:logGet(46)) - raft.server.storage.free-space.min = 0MB (=0) (default)
2023-03-17 00:26:26,002 INFO  server.RaftServerConfigKeys (ConfUtils.java:logGet(46)) - raft.server.log.corruption.policy = EXCEPTION (default)
2023-03-17 00:26:26,002 INFO  server.RaftServerConfigKeys (ConfUtils.java:logGet(46)) - raft.server.storage.dir = [/home/runner/work/ratis/ratis/ratis-examples/target/test/data/9a3b15da/MiniRaftClusterWithNettyce94e709/s12] (custom)
2023-03-17 00:26:26,002 INFO  storage.RaftStorageDirectory (RaftStorageDirectoryImpl.java:analyzeStorage(138)) - The storage directory /home/runner/work/ratis/ratis/ratis-examples/target/test/data/9a3b15da/MiniRaftClusterWithNettyce94e709/s12/a909ca09-e6ce-4d78-8d38-6e994ad85659 does not exist. Creating ...
2023-03-17 00:26:26,002 TRACE util.FileUtils (LogUtils.java:runAndLog(49)) - Successfully ran Files.createDirectories /home/runner/work/ratis/ratis/ratis-examples/target/test/data/9a3b15da/MiniRaftClusterWithNettyce94e709/s12/a909ca09-e6ce-4d78-8d38-6e994ad85659
2023-03-17 00:26:26,003 INFO  storage.RaftStorageDirectory (RaftStorageDirectoryImpl.java:tryLock(232)) - Lock on /home/runner/work/ratis/ratis/ratis-examples/target/test/data/9a3b15da/MiniRaftClusterWithNettyce94e709/s12/a909ca09-e6ce-4d78-8d38-6e994ad85659/in_use.lock acquired by nodename 17092@fv-az451-845
2023-03-17 00:26:26,003 TRACE util.FileUtils (LogUtils.java:runAndLog(49)) - Successfully ran Files.createDirectories /home/runner/work/ratis/ratis/ratis-examples/target/test/data/9a3b15da/MiniRaftClusterWithNettyce94e709/s12/a909ca09-e6ce-4d78-8d38-6e994ad85659/current
2023-03-17 00:26:26,003 TRACE util.FileUtils (LogUtils.java:runAndLog(49)) - Successfully ran Files.createDirectories /home/runner/work/ratis/ratis/ratis-examples/target/test/data/9a3b15da/MiniRaftClusterWithNettyce94e709/s12/a909ca09-e6ce-4d78-8d38-6e994ad85659/sm
2023-03-17 00:26:26,005 INFO  storage.RaftStorage (RaftStorageImpl.java:format(96)) - Storage directory /home/runner/work/ratis/ratis/ratis-examples/target/test/data/9a3b15da/MiniRaftClusterWithNettyce94e709/s12/a909ca09-e6ce-4d78-8d38-6e994ad85659 has been successfully formatted.
2023-03-17 00:26:26,005 WARN  statemachine.StateMachine (ArithmeticStateMachine.java:loadSnapshot(116)) - The snapshot info is null.
2023-03-17 00:26:26,005 INFO  server.RaftServerConfigKeys (ConfUtils.java:logGet(46)) - raft.server.log.use.memory = false (default)
2023-03-17 00:26:26,005 INFO  server.RaftServerConfigKeys (ConfUtils.java:logGet(46)) - raft.server.log.purge.gap = 1024 (default)
2023-03-17 00:26:26,005 INFO  server.RaftServerConfigKeys (ConfUtils.java:logGet(46)) - raft.server.log.appender.buffer.byte-limit = 4MB (=4194304) (default)
2023-03-17 00:26:26,005 INFO  server.RaftServerConfigKeys (ConfUtils.java:logGet(46)) - raft.server.log.statemachine.data.read.timeout = 1000ms (default)
2023-03-17 00:26:26,005 INFO  server.RaftServerConfigKeys (ConfUtils.java:logGet(46)) - raft.server.log.purge.preservation.log.num = 0 (default)
2023-03-17 00:26:26,005 INFO  server.RaftServerConfigKeys (ConfUtils.java:logGet(46)) - raft.server.log.segment.size.max = 8MB (=8388608) (default)
2023-03-17 00:26:26,006 INFO  server.RaftServerConfigKeys (ConfUtils.java:logGet(46)) - raft.server.log.segment.cache.num.max = 6 (default)
2023-03-17 00:26:26,006 INFO  server.RaftServerConfigKeys (ConfUtils.java:logGet(46)) - raft.server.log.segment.cache.size.max = 200MB (=209715200) (default)
2023-03-17 00:26:26,006 INFO  server.RaftServerConfigKeys (ConfUtils.java:logGet(46)) - raft.server.log.appender.buffer.byte-limit = 4MB (=4194304) (default)
2023-03-17 00:26:26,006 INFO  segmented.SegmentedRaftLogWorker (SegmentedRaftLogWorker.java:<init>(183)) - new s12@group-6E994AD85659-SegmentedRaftLogWorker for RaftStorageImpl:Storage Directory /home/runner/work/ratis/ratis/ratis-examples/target/test/data/9a3b15da/MiniRaftClusterWithNettyce94e709/s12/a909ca09-e6ce-4d78-8d38-6e994ad85659
2023-03-17 00:26:26,006 INFO  server.RaftServerConfigKeys (ConfUtils.java:logGet(46)) - raft.server.log.queue.byte-limit = 64MB (=67108864) (default)
2023-03-17 00:26:26,006 INFO  server.RaftServerConfigKeys (ConfUtils.java:logGet(46)) - raft.server.log.queue.element-limit = 4096 (default)
2023-03-17 00:26:26,006 INFO  server.RaftServerConfigKeys (ConfUtils.java:logGet(46)) - raft.server.log.segment.size.max = 8MB (=8388608) (default)
2023-03-17 00:26:26,006 INFO  server.RaftServerConfigKeys (ConfUtils.java:logGet(46)) - raft.server.log.preallocated.size = 4MB (=4194304) (default)
2023-03-17 00:26:26,006 INFO  server.RaftServerConfigKeys (ConfUtils.java:logGet(46)) - raft.server.log.force.sync.num = 128 (default)
2023-03-17 00:26:26,006 INFO  server.RaftServerConfigKeys (ConfUtils.java:logGet(46)) - raft.server.log.statemachine.data.sync = true (default)
2023-03-17 00:26:26,006 INFO  server.RaftServerConfigKeys (ConfUtils.java:logGet(46)) - raft.server.log.statemachine.data.sync.timeout = 10s (default)
2023-03-17 00:26:26,007 INFO  server.RaftServerConfigKeys (ConfUtils.java:logGet(46)) - raft.server.log.statemachine.data.sync.timeout.retry = -1 (default)
2023-03-17 00:26:26,007 INFO  server.RaftServerConfigKeys (ConfUtils.java:logGet(46)) - raft.server.log.write.buffer.size = 64KB (=65536) (default)
2023-03-17 00:26:26,007 INFO  server.RaftServerConfigKeys (ConfUtils.java:logGet(46)) - raft.server.log.appender.buffer.byte-limit = 4MB (=4194304) (default)
2023-03-17 00:26:26,008 INFO  server.RaftServerConfigKeys (ConfUtils.java:logGet(46)) - raft.server.log.unsafe-flush.enabled = false (default)
2023-03-17 00:26:26,008 INFO  server.RaftServerConfigKeys (ConfUtils.java:logGet(46)) - raft.server.log.async-flush.enabled = false (default)
2023-03-17 00:26:26,008 INFO  server.RaftServerConfigKeys (ConfUtils.java:logGet(46)) - raft.server.log.statemachine.data.caching.enabled = false (default)
2023-03-17 00:26:26,008 INFO  segmented.SegmentedRaftLogWorker (SegmentedRaftLogWorker.java:lambda$new$0(134)) - s12@group-6E994AD85659-SegmentedRaftLogWorker: flushIndex: setUnconditionally 0 -> -1
2023-03-17 00:26:26,008 INFO  segmented.SegmentedRaftLogWorker (SegmentedRaftLogWorker.java:lambda$new$0(134)) - s12@group-6E994AD85659-SegmentedRaftLogWorker: safeCacheEvictIndex: setUnconditionally 0 -> -1
2023-03-17 00:26:26,008 INFO  server.RaftServer$Division (RaftServerImpl.java:start(348)) - s12@group-6E994AD85659: start with initializing state, conf=-1: peers:[]|listeners:[], old=null
2023-03-17 00:26:26,008 INFO  server.RaftServer$Division (RaftServerImpl.java:setRole(329)) - s12@group-6E994AD85659: changes role from      null to FOLLOWER at term 0 for startInitializing
2023-03-17 00:26:26,009 INFO  util.JmxRegister (JmxRegister.java:tryRegister(44)) - Successfully registered JMX Bean with object name Ratis:service=RaftServer,group=group-6E994AD85659,id=s12
2023-03-17 00:26:26,009 INFO  server.RaftServerConfigKeys (ConfUtils.java:logGet(46)) - raft.server.snapshot.auto.trigger.enabled = false (default)
2023-03-17 00:26:26,009 INFO  server.RaftServerConfigKeys (ConfUtils.java:logGet(46)) - raft.server.snapshot.retention.file.num = -1 (default)
2023-03-17 00:26:26,009 INFO  server.RaftServerConfigKeys (ConfUtils.java:logGet(46)) - raft.server.log.purge.upto.snapshot.index = false (default)
2023-03-17 00:26:26,018 INFO  impl.GroupManagementBaseTest (GroupManagementBaseTest.java:runMultiGroupTest(322)) - 2) groupAdd: printing group-08C85AF2C45E
2023-03-17 00:26:26,020 INFO  logging.LoggingHandler (AbstractInternalLogger.java:log(148)) - [id: 0x537f870e, L:/0.0.0.0:36277] READ: [id: 0xc984dae5, L:/10.1.0.17:36277 - R:/10.1.0.17:40542]
2023-03-17 00:26:26,020 INFO  logging.LoggingHandler (AbstractInternalLogger.java:log(148)) - [id: 0x537f870e, L:/0.0.0.0:36277] READ COMPLETE
2023-03-17 00:26:26,021 INFO  server.RaftServer (RaftServerProxy.java:addNew(99)) - s3: addNew group-6E994AD85659:[] returns group-6E994AD85659:java.util.concurrent.CompletableFuture@3b5e23e4[Not completed]
2023-03-17 00:26:26,021 INFO  server.RaftServer$Division (RaftServerImpl.java:<init>(198)) - s3: new RaftServerImpl for group-6E994AD85659:[] with ArithmeticStateMachine:uninitialized
2023-03-17 00:26:26,021 INFO  server.RaftServerConfigKeys (ConfUtils.java:logGet(46)) - raft.server.rpc.timeout.min = 300ms (custom)
2023-03-17 00:26:26,021 INFO  server.RaftServerConfigKeys (ConfUtils.java:logGet(46)) - raft.server.rpc.timeout.max = 600ms (custom)
2023-03-17 00:26:26,021 INFO  server.RaftServerConfigKeys (ConfUtils.java:logGet(46)) - raft.server.rpc.sleep.time = 25ms (default)
2023-03-17 00:26:26,021 INFO  server.RaftServerConfigKeys (ConfUtils.java:logGet(46)) - raft.server.rpc.slowness.timeout = 60s (default)
2023-03-17 00:26:26,021 INFO  server.RaftServerConfigKeys (ConfUtils.java:logGet(46)) - raft.server.leaderelection.leader.step-down.wait-time = 10s (default)
2023-03-17 00:26:26,021 INFO  server.RaftServerConfigKeys (ConfUtils.java:logGet(46)) - raft.server.sleep.deviation.threshold = 300ms (default)
2023-03-17 00:26:26,021 INFO  server.RaftServer$Division (ServerState.java:<init>(113)) - s3@group-6E994AD85659: ConfigurationManager, init=-1: peers:[]|listeners:[], old=null, confs=<EMPTY_MAP>
2023-03-17 00:26:26,021 INFO  server.RaftServerConfigKeys (ConfUtils.java:logGet(46)) - raft.server.notification.no-leader.timeout = 60s (default)
2023-03-17 00:26:26,021 INFO  server.RaftServerConfigKeys (ConfUtils.java:logGet(46)) - raft.server.read.timeout = 10s (default)
2023-03-17 00:26:26,021 INFO  server.RaftServerConfigKeys (ConfUtils.java:logGet(46)) - raft.server.retrycache.expirytime = 60s (default)
2023-03-17 00:26:26,021 INFO  server.RaftServerConfigKeys (ConfUtils.java:logGet(46)) - raft.server.retrycache.statistics.expirytime = 100μs (default)
2023-03-17 00:26:26,021 INFO  server.RaftServerConfigKeys (ConfUtils.java:logGet(46)) - raft.server.read.option = DEFAULT (default)
2023-03-17 00:26:26,025 INFO  server.RaftServerConfigKeys (ConfUtils.java:logGet(46)) - raft.server.log.appender.install.snapshot.enabled = true (default)
2023-03-17 00:26:26,026 INFO  server.RaftServerConfigKeys (ConfUtils.java:logGet(46)) - raft.server.threadpool.server.cached = true (default)
2023-03-17 00:26:26,026 INFO  server.RaftServerConfigKeys (ConfUtils.java:logGet(46)) - raft.server.threadpool.server.size = 0 (default)
2023-03-17 00:26:26,026 INFO  server.RaftServerConfigKeys (ConfUtils.java:logGet(46)) - raft.server.threadpool.client.cached = true (default)
2023-03-17 00:26:26,026 INFO  server.RaftServerConfigKeys (ConfUtils.java:logGet(46)) - raft.server.threadpool.client.size = 0 (default)
2023-03-17 00:26:26,026 INFO  server.RaftServerConfigKeys (ConfUtils.java:logGet(46)) - raft.server.storage.free-space.min = 0MB (=0) (default)
2023-03-17 00:26:26,026 INFO  server.RaftServerConfigKeys (ConfUtils.java:logGet(46)) - raft.server.log.corruption.policy = EXCEPTION (default)
2023-03-17 00:26:26,026 INFO  server.RaftServerConfigKeys (ConfUtils.java:logGet(46)) - raft.server.storage.dir = [/home/runner/work/ratis/ratis/ratis-examples/target/test/data/9a3b15da/MiniRaftClusterWithNettyce94e709/s3] (custom)
2023-03-17 00:26:26,026 INFO  storage.RaftStorageDirectory (RaftStorageDirectoryImpl.java:analyzeStorage(138)) - The storage directory /home/runner/work/ratis/ratis/ratis-examples/target/test/data/9a3b15da/MiniRaftClusterWithNettyce94e709/s3/a909ca09-e6ce-4d78-8d38-6e994ad85659 does not exist. Creating ...
2023-03-17 00:26:26,026 TRACE util.FileUtils (LogUtils.java:runAndLog(49)) - Successfully ran Files.createDirectories /home/runner/work/ratis/ratis/ratis-examples/target/test/data/9a3b15da/MiniRaftClusterWithNettyce94e709/s3/a909ca09-e6ce-4d78-8d38-6e994ad85659
2023-03-17 00:26:26,030 INFO  storage.RaftStorageDirectory (RaftStorageDirectoryImpl.java:tryLock(232)) - Lock on /home/runner/work/ratis/ratis/ratis-examples/target/test/data/9a3b15da/MiniRaftClusterWithNettyce94e709/s3/a909ca09-e6ce-4d78-8d38-6e994ad85659/in_use.lock acquired by nodename 17092@fv-az451-845
2023-03-17 00:26:26,031 TRACE util.FileUtils (LogUtils.java:runAndLog(49)) - Successfully ran Files.createDirectories /home/runner/work/ratis/ratis/ratis-examples/target/test/data/9a3b15da/MiniRaftClusterWithNettyce94e709/s3/a909ca09-e6ce-4d78-8d38-6e994ad85659/current
2023-03-17 00:26:26,031 TRACE util.FileUtils (LogUtils.java:runAndLog(49)) - Successfully ran Files.createDirectories /home/runner/work/ratis/ratis/ratis-examples/target/test/data/9a3b15da/MiniRaftClusterWithNettyce94e709/s3/a909ca09-e6ce-4d78-8d38-6e994ad85659/sm
2023-03-17 00:26:26,032 INFO  storage.RaftStorage (RaftStorageImpl.java:format(96)) - Storage directory /home/runner/work/ratis/ratis/ratis-examples/target/test/data/9a3b15da/MiniRaftClusterWithNettyce94e709/s3/a909ca09-e6ce-4d78-8d38-6e994ad85659 has been successfully formatted.
2023-03-17 00:26:26,032 WARN  statemachine.StateMachine (ArithmeticStateMachine.java:loadSnapshot(116)) - The snapshot info is null.
2023-03-17 00:26:26,033 INFO  server.RaftServerConfigKeys (ConfUtils.java:logGet(46)) - raft.server.log.use.memory = false (default)
2023-03-17 00:26:26,033 INFO  server.RaftServerConfigKeys (ConfUtils.java:logGet(46)) - raft.server.log.purge.gap = 1024 (default)
2023-03-17 00:26:26,033 INFO  server.RaftServerConfigKeys (ConfUtils.java:logGet(46)) - raft.server.log.appender.buffer.byte-limit = 4MB (=4194304) (default)
2023-03-17 00:26:26,033 INFO  server.RaftServerConfigKeys (ConfUtils.java:logGet(46)) - raft.server.log.statemachine.data.read.timeout = 1000ms (default)
2023-03-17 00:26:26,033 INFO  server.RaftServerConfigKeys (ConfUtils.java:logGet(46)) - raft.server.log.purge.preservation.log.num = 0 (default)
2023-03-17 00:26:26,033 INFO  server.RaftServerConfigKeys (ConfUtils.java:logGet(46)) - raft.server.log.segment.size.max = 8MB (=8388608) (default)
2023-03-17 00:26:26,034 INFO  server.RaftServerConfigKeys (ConfUtils.java:logGet(46)) - raft.server.log.segment.cache.num.max = 6 (default)
2023-03-17 00:26:26,034 INFO  server.RaftServerConfigKeys (ConfUtils.java:logGet(46)) - raft.server.log.segment.cache.size.max = 200MB (=209715200) (default)
2023-03-17 00:26:26,034 INFO  server.RaftServerConfigKeys (ConfUtils.java:logGet(46)) - raft.server.log.appender.buffer.byte-limit = 4MB (=4194304) (default)
2023-03-17 00:26:26,034 INFO  segmented.SegmentedRaftLogWorker (SegmentedRaftLogWorker.java:<init>(183)) - new s3@group-6E994AD85659-SegmentedRaftLogWorker for RaftStorageImpl:Storage Directory /home/runner/work/ratis/ratis/ratis-examples/target/test/data/9a3b15da/MiniRaftClusterWithNettyce94e709/s3/a909ca09-e6ce-4d78-8d38-6e994ad85659
2023-03-17 00:26:26,034 INFO  server.RaftServerConfigKeys (ConfUtils.java:logGet(46)) - raft.server.log.queue.byte-limit = 64MB (=67108864) (default)
2023-03-17 00:26:26,034 INFO  server.RaftServerConfigKeys (ConfUtils.java:logGet(46)) - raft.server.log.queue.element-limit = 4096 (default)
2023-03-17 00:26:26,034 INFO  server.RaftServerConfigKeys (ConfUtils.java:logGet(46)) - raft.server.log.segment.size.max = 8MB (=8388608) (default)
2023-03-17 00:26:26,034 INFO  server.RaftServerConfigKeys (ConfUtils.java:logGet(46)) - raft.server.log.preallocated.size = 4MB (=4194304) (default)
2023-03-17 00:26:26,034 INFO  server.RaftServerConfigKeys (ConfUtils.java:logGet(46)) - raft.server.log.force.sync.num = 128 (default)
2023-03-17 00:26:26,034 INFO  server.RaftServerConfigKeys (ConfUtils.java:logGet(46)) - raft.server.log.statemachine.data.sync = true (default)
2023-03-17 00:26:26,034 INFO  server.RaftServerConfigKeys (ConfUtils.java:logGet(46)) - raft.server.log.statemachine.data.sync.timeout = 10s (default)
2023-03-17 00:26:26,034 INFO  server.RaftServerConfigKeys (ConfUtils.java:logGet(46)) - raft.server.log.statemachine.data.sync.timeout.retry = -1 (default)
2023-03-17 00:26:26,035 INFO  server.RaftServerConfigKeys (ConfUtils.java:logGet(46)) - raft.server.log.write.buffer.size = 64KB (=65536) (default)
2023-03-17 00:26:26,035 INFO  server.RaftServerConfigKeys (ConfUtils.java:logGet(46)) - raft.server.log.appender.buffer.byte-limit = 4MB (=4194304) (default)
2023-03-17 00:26:26,036 INFO  server.RaftServerConfigKeys (ConfUtils.java:logGet(46)) - raft.server.log.unsafe-flush.enabled = false (default)
2023-03-17 00:26:26,036 INFO  server.RaftServerConfigKeys (ConfUtils.java:logGet(46)) - raft.server.log.async-flush.enabled = false (default)
2023-03-17 00:26:26,036 INFO  server.RaftServerConfigKeys (ConfUtils.java:logGet(46)) - raft.server.log.statemachine.data.caching.enabled = false (default)
2023-03-17 00:26:26,036 INFO  segmented.SegmentedRaftLogWorker (SegmentedRaftLogWorker.java:lambda$new$0(134)) - s3@group-6E994AD85659-SegmentedRaftLogWorker: flushIndex: setUnconditionally 0 -> -1
2023-03-17 00:26:26,036 INFO  segmented.SegmentedRaftLogWorker (SegmentedRaftLogWorker.java:lambda$new$0(134)) - s3@group-6E994AD85659-SegmentedRaftLogWorker: safeCacheEvictIndex: setUnconditionally 0 -> -1
2023-03-17 00:26:26,036 INFO  server.RaftServer$Division (RaftServerImpl.java:start(348)) - s3@group-6E994AD85659: start with initializing state, conf=-1: peers:[]|listeners:[], old=null
2023-03-17 00:26:26,036 INFO  server.RaftServer$Division (RaftServerImpl.java:setRole(329)) - s3@group-6E994AD85659: changes role from      null to FOLLOWER at term 0 for startInitializing
2023-03-17 00:26:26,037 INFO  util.JmxRegister (JmxRegister.java:tryRegister(44)) - Successfully registered JMX Bean with object name Ratis:service=RaftServer,group=group-6E994AD85659,id=s3
2023-03-17 00:26:26,037 INFO  server.RaftServerConfigKeys (ConfUtils.java:logGet(46)) - raft.server.snapshot.auto.trigger.enabled = false (default)
2023-03-17 00:26:26,037 INFO  server.RaftServerConfigKeys (ConfUtils.java:logGet(46)) - raft.server.snapshot.retention.file.num = -1 (default)
2023-03-17 00:26:26,037 INFO  server.RaftServerConfigKeys (ConfUtils.java:logGet(46)) - raft.server.log.purge.upto.snapshot.index = false (default)
2023-03-17 00:26:26,046 INFO  logging.LoggingHandler (AbstractInternalLogger.java:log(148)) - [id: 0x051b97c8, L:/0.0.0.0:36477] READ: [id: 0x9dac4f2a, L:/10.1.0.17:36477 - R:/10.1.0.17:47454]
2023-03-17 00:26:26,046 INFO  logging.LoggingHandler (AbstractInternalLogger.java:log(148)) - [id: 0x051b97c8, L:/0.0.0.0:36477] READ COMPLETE
2023-03-17 00:26:26,047 INFO  server.RaftServer (RaftServerProxy.java:addNew(99)) - s14: addNew group-6E994AD85659:[] returns group-6E994AD85659:java.util.concurrent.CompletableFuture@7eeaa577[Not completed]
2023-03-17 00:26:26,047 INFO  server.RaftServer$Division (RaftServerImpl.java:<init>(198)) - s14: new RaftServerImpl for group-6E994AD85659:[] with ArithmeticStateMachine:uninitialized
2023-03-17 00:26:26,047 INFO  server.RaftServerConfigKeys (ConfUtils.java:logGet(46)) - raft.server.rpc.timeout.min = 300ms (custom)
2023-03-17 00:26:26,047 INFO  server.RaftServerConfigKeys (ConfUtils.java:logGet(46)) - raft.server.rpc.timeout.max = 600ms (custom)
2023-03-17 00:26:26,047 INFO  server.RaftServerConfigKeys (ConfUtils.java:logGet(46)) - raft.server.rpc.sleep.time = 25ms (default)
2023-03-17 00:26:26,047 INFO  server.RaftServerConfigKeys (ConfUtils.java:logGet(46)) - raft.server.rpc.slowness.timeout = 60s (default)
2023-03-17 00:26:26,048 INFO  server.RaftServerConfigKeys (ConfUtils.java:logGet(46)) - raft.server.leaderelection.leader.step-down.wait-time = 10s (default)
2023-03-17 00:26:26,048 INFO  server.RaftServerConfigKeys (ConfUtils.java:logGet(46)) - raft.server.sleep.deviation.threshold = 300ms (default)
2023-03-17 00:26:26,048 INFO  server.RaftServer$Division (ServerState.java:<init>(113)) - s14@group-6E994AD85659: ConfigurationManager, init=-1: peers:[]|listeners:[], old=null, confs=<EMPTY_MAP>
2023-03-17 00:26:26,048 INFO  server.RaftServerConfigKeys (ConfUtils.java:logGet(46)) - raft.server.notification.no-leader.timeout = 60s (default)
2023-03-17 00:26:26,048 INFO  server.RaftServerConfigKeys (ConfUtils.java:logGet(46)) - raft.server.read.timeout = 10s (default)
2023-03-17 00:26:26,048 INFO  server.RaftServerConfigKeys (ConfUtils.java:logGet(46)) - raft.server.retrycache.expirytime = 60s (default)
2023-03-17 00:26:26,048 INFO  server.RaftServerConfigKeys (ConfUtils.java:logGet(46)) - raft.server.retrycache.statistics.expirytime = 100μs (default)
2023-03-17 00:26:26,048 INFO  server.RaftServerConfigKeys (ConfUtils.java:logGet(46)) - raft.server.read.option = DEFAULT (default)
2023-03-17 00:26:26,049 INFO  server.RaftServerConfigKeys (ConfUtils.java:logGet(46)) - raft.server.log.appender.install.snapshot.enabled = true (default)
2023-03-17 00:26:26,049 INFO  server.RaftServerConfigKeys (ConfUtils.java:logGet(46)) - raft.server.threadpool.server.cached = true (default)
2023-03-17 00:26:26,049 INFO  server.RaftServerConfigKeys (ConfUtils.java:logGet(46)) - raft.server.threadpool.server.size = 0 (default)
2023-03-17 00:26:26,049 INFO  server.RaftServerConfigKeys (ConfUtils.java:logGet(46)) - raft.server.threadpool.client.cached = true (default)
2023-03-17 00:26:26,049 INFO  server.RaftServerConfigKeys (ConfUtils.java:logGet(46)) - raft.server.threadpool.client.size = 0 (default)
2023-03-17 00:26:26,049 INFO  server.RaftServerConfigKeys (ConfUtils.java:logGet(46)) - raft.server.storage.free-space.min = 0MB (=0) (default)
2023-03-17 00:26:26,049 INFO  server.RaftServerConfigKeys (ConfUtils.java:logGet(46)) - raft.server.log.corruption.policy = EXCEPTION (default)
2023-03-17 00:26:26,049 INFO  server.RaftServerConfigKeys (ConfUtils.java:logGet(46)) - raft.server.storage.dir = [/home/runner/work/ratis/ratis/ratis-examples/target/test/data/9a3b15da/MiniRaftClusterWithNettyce94e709/s14] (custom)
2023-03-17 00:26:26,049 INFO  storage.RaftStorageDirectory (RaftStorageDirectoryImpl.java:analyzeStorage(138)) - The storage directory /home/runner/work/ratis/ratis/ratis-examples/target/test/data/9a3b15da/MiniRaftClusterWithNettyce94e709/s14/a909ca09-e6ce-4d78-8d38-6e994ad85659 does not exist. Creating ...
2023-03-17 00:26:26,049 TRACE util.FileUtils (LogUtils.java:runAndLog(49)) - Successfully ran Files.createDirectories /home/runner/work/ratis/ratis/ratis-examples/target/test/data/9a3b15da/MiniRaftClusterWithNettyce94e709/s14/a909ca09-e6ce-4d78-8d38-6e994ad85659
2023-03-17 00:26:26,053 INFO  storage.RaftStorageDirectory (RaftStorageDirectoryImpl.java:tryLock(232)) - Lock on /home/runner/work/ratis/ratis/ratis-examples/target/test/data/9a3b15da/MiniRaftClusterWithNettyce94e709/s14/a909ca09-e6ce-4d78-8d38-6e994ad85659/in_use.lock acquired by nodename 17092@fv-az451-845
2023-03-17 00:26:26,053 TRACE util.FileUtils (LogUtils.java:runAndLog(49)) - Successfully ran Files.createDirectories /home/runner/work/ratis/ratis/ratis-examples/target/test/data/9a3b15da/MiniRaftClusterWithNettyce94e709/s14/a909ca09-e6ce-4d78-8d38-6e994ad85659/current
2023-03-17 00:26:26,054 TRACE util.FileUtils (LogUtils.java:runAndLog(49)) - Successfully ran Files.createDirectories /home/runner/work/ratis/ratis/ratis-examples/target/test/data/9a3b15da/MiniRaftClusterWithNettyce94e709/s14/a909ca09-e6ce-4d78-8d38-6e994ad85659/sm
2023-03-17 00:26:26,055 INFO  storage.RaftStorage (RaftStorageImpl.java:format(96)) - Storage directory /home/runner/work/ratis/ratis/ratis-examples/target/test/data/9a3b15da/MiniRaftClusterWithNettyce94e709/s14/a909ca09-e6ce-4d78-8d38-6e994ad85659 has been successfully formatted.
2023-03-17 00:26:26,055 WARN  statemachine.StateMachine (ArithmeticStateMachine.java:loadSnapshot(116)) - The snapshot info is null.
2023-03-17 00:26:26,055 INFO  server.RaftServerConfigKeys (ConfUtils.java:logGet(46)) - raft.server.log.use.memory = false (default)
2023-03-17 00:26:26,055 INFO  server.RaftServerConfigKeys (ConfUtils.java:logGet(46)) - raft.server.log.purge.gap = 1024 (default)
2023-03-17 00:26:26,056 INFO  server.RaftServerConfigKeys (ConfUtils.java:logGet(46)) - raft.server.log.appender.buffer.byte-limit = 4MB (=4194304) (default)
2023-03-17 00:26:26,056 INFO  server.RaftServerConfigKeys (ConfUtils.java:logGet(46)) - raft.server.log.statemachine.data.read.timeout = 1000ms (default)
2023-03-17 00:26:26,056 INFO  server.RaftServerConfigKeys (ConfUtils.java:logGet(46)) - raft.server.log.purge.preservation.log.num = 0 (default)
2023-03-17 00:26:26,056 INFO  server.RaftServerConfigKeys (ConfUtils.java:logGet(46)) - raft.server.log.segment.size.max = 8MB (=8388608) (default)
2023-03-17 00:26:26,056 INFO  server.RaftServerConfigKeys (ConfUtils.java:logGet(46)) - raft.server.log.segment.cache.num.max = 6 (default)
2023-03-17 00:26:26,057 INFO  server.RaftServerConfigKeys (ConfUtils.java:logGet(46)) - raft.server.log.segment.cache.size.max = 200MB (=209715200) (default)
2023-03-17 00:26:26,057 INFO  server.RaftServerConfigKeys (ConfUtils.java:logGet(46)) - raft.server.log.appender.buffer.byte-limit = 4MB (=4194304) (default)
2023-03-17 00:26:26,057 INFO  segmented.SegmentedRaftLogWorker (SegmentedRaftLogWorker.java:<init>(183)) - new s14@group-6E994AD85659-SegmentedRaftLogWorker for RaftStorageImpl:Storage Directory /home/runner/work/ratis/ratis/ratis-examples/target/test/data/9a3b15da/MiniRaftClusterWithNettyce94e709/s14/a909ca09-e6ce-4d78-8d38-6e994ad85659
2023-03-17 00:26:26,057 INFO  server.RaftServerConfigKeys (ConfUtils.java:logGet(46)) - raft.server.log.queue.byte-limit = 64MB (=67108864) (default)
2023-03-17 00:26:26,057 INFO  server.RaftServerConfigKeys (ConfUtils.java:logGet(46)) - raft.server.log.queue.element-limit = 4096 (default)
2023-03-17 00:26:26,057 INFO  server.RaftServerConfigKeys (ConfUtils.java:logGet(46)) - raft.server.log.segment.size.max = 8MB (=8388608) (default)
2023-03-17 00:26:26,057 INFO  server.RaftServerConfigKeys (ConfUtils.java:logGet(46)) - raft.server.log.preallocated.size = 4MB (=4194304) (default)
2023-03-17 00:26:26,057 INFO  server.RaftServerConfigKeys (ConfUtils.java:logGet(46)) - raft.server.log.force.sync.num = 128 (default)
2023-03-17 00:26:26,057 INFO  server.RaftServerConfigKeys (ConfUtils.java:logGet(46)) - raft.server.log.statemachine.data.sync = true (default)
2023-03-17 00:26:26,057 INFO  server.RaftServerConfigKeys (ConfUtils.java:logGet(46)) - raft.server.log.statemachine.data.sync.timeout = 10s (default)
2023-03-17 00:26:26,058 INFO  server.RaftServerConfigKeys (ConfUtils.java:logGet(46)) - raft.server.log.statemachine.data.sync.timeout.retry = -1 (default)
2023-03-17 00:26:26,058 INFO  server.RaftServerConfigKeys (ConfUtils.java:logGet(46)) - raft.server.log.write.buffer.size = 64KB (=65536) (default)
2023-03-17 00:26:26,058 INFO  server.RaftServerConfigKeys (ConfUtils.java:logGet(46)) - raft.server.log.appender.buffer.byte-limit = 4MB (=4194304) (default)
2023-03-17 00:26:26,059 INFO  server.RaftServerConfigKeys (ConfUtils.java:logGet(46)) - raft.server.log.unsafe-flush.enabled = false (default)
2023-03-17 00:26:26,059 INFO  server.RaftServerConfigKeys (ConfUtils.java:logGet(46)) - raft.server.log.async-flush.enabled = false (default)
2023-03-17 00:26:26,059 INFO  server.RaftServerConfigKeys (ConfUtils.java:logGet(46)) - raft.server.log.statemachine.data.caching.enabled = false (default)
2023-03-17 00:26:26,059 INFO  segmented.SegmentedRaftLogWorker (SegmentedRaftLogWorker.java:lambda$new$0(134)) - s14@group-6E994AD85659-SegmentedRaftLogWorker: flushIndex: setUnconditionally 0 -> -1
2023-03-17 00:26:26,059 INFO  segmented.SegmentedRaftLogWorker (SegmentedRaftLogWorker.java:lambda$new$0(134)) - s14@group-6E994AD85659-SegmentedRaftLogWorker: safeCacheEvictIndex: setUnconditionally 0 -> -1
2023-03-17 00:26:26,059 INFO  server.RaftServer$Division (RaftServerImpl.java:start(348)) - s14@group-6E994AD85659: start with initializing state, conf=-1: peers:[]|listeners:[], old=null
2023-03-17 00:26:26,059 INFO  server.RaftServer$Division (RaftServerImpl.java:setRole(329)) - s14@group-6E994AD85659: changes role from      null to FOLLOWER at term 0 for startInitializing
2023-03-17 00:26:26,060 INFO  util.JmxRegister (JmxRegister.java:tryRegister(44)) - Successfully registered JMX Bean with object name Ratis:service=RaftServer,group=group-6E994AD85659,id=s14
2023-03-17 00:26:26,060 INFO  server.RaftServerConfigKeys (ConfUtils.java:logGet(46)) - raft.server.snapshot.auto.trigger.enabled = false (default)
2023-03-17 00:26:26,060 INFO  server.RaftServerConfigKeys (ConfUtils.java:logGet(46)) - raft.server.snapshot.retention.file.num = -1 (default)
2023-03-17 00:26:26,060 INFO  server.RaftServerConfigKeys (ConfUtils.java:logGet(46)) - raft.server.log.purge.upto.snapshot.index = false (default)
2023-03-17 00:26:26,074 INFO  logging.LoggingHandler (AbstractInternalLogger.java:log(148)) - [id: 0x673f0f41, L:/0.0.0.0:39635] READ: [id: 0x57de28c6, L:/10.1.0.17:39635 - R:/10.1.0.17:34376]
2023-03-17 00:26:26,075 INFO  logging.LoggingHandler (AbstractInternalLogger.java:log(148)) - [id: 0x673f0f41, L:/0.0.0.0:39635] READ COMPLETE
2023-03-17 00:26:26,075 INFO  server.RaftServer (RaftServerProxy.java:addNew(99)) - s2: addNew group-6E994AD85659:[] returns group-6E994AD85659:java.util.concurrent.CompletableFuture@446ec65b[Not completed]
2023-03-17 00:26:26,075 INFO  server.RaftServer$Division (RaftServerImpl.java:<init>(198)) - s2: new RaftServerImpl for group-6E994AD85659:[] with ArithmeticStateMachine:uninitialized
2023-03-17 00:26:26,075 INFO  server.RaftServerConfigKeys (ConfUtils.java:logGet(46)) - raft.server.rpc.timeout.min = 300ms (custom)
2023-03-17 00:26:26,076 INFO  server.RaftServerConfigKeys (ConfUtils.java:logGet(46)) - raft.server.rpc.timeout.max = 600ms (custom)
2023-03-17 00:26:26,076 INFO  server.RaftServerConfigKeys (ConfUtils.java:logGet(46)) - raft.server.rpc.sleep.time = 25ms (default)
2023-03-17 00:26:26,076 INFO  server.RaftServerConfigKeys (ConfUtils.java:logGet(46)) - raft.server.rpc.slowness.timeout = 60s (default)
2023-03-17 00:26:26,076 INFO  server.RaftServerConfigKeys (ConfUtils.java:logGet(46)) - raft.server.leaderelection.leader.step-down.wait-time = 10s (default)
2023-03-17 00:26:26,076 INFO  server.RaftServerConfigKeys (ConfUtils.java:logGet(46)) - raft.server.sleep.deviation.threshold = 300ms (default)
2023-03-17 00:26:26,076 INFO  server.RaftServer$Division (ServerState.java:<init>(113)) - s2@group-6E994AD85659: ConfigurationManager, init=-1: peers:[]|listeners:[], old=null, confs=<EMPTY_MAP>
2023-03-17 00:26:26,076 INFO  server.RaftServerConfigKeys (ConfUtils.java:logGet(46)) - raft.server.notification.no-leader.timeout = 60s (default)
2023-03-17 00:26:26,076 INFO  server.RaftServerConfigKeys (ConfUtils.java:logGet(46)) - raft.server.read.timeout = 10s (default)
2023-03-17 00:26:26,076 INFO  server.RaftServerConfigKeys (ConfUtils.java:logGet(46)) - raft.server.retrycache.expirytime = 60s (default)
2023-03-17 00:26:26,076 INFO  server.RaftServerConfigKeys (ConfUtils.java:logGet(46)) - raft.server.retrycache.statistics.expirytime = 100μs (default)
2023-03-17 00:26:26,076 INFO  server.RaftServerConfigKeys (ConfUtils.java:logGet(46)) - raft.server.read.option = DEFAULT (default)
2023-03-17 00:26:26,077 INFO  server.RaftServerConfigKeys (ConfUtils.java:logGet(46)) - raft.server.log.appender.install.snapshot.enabled = true (default)
2023-03-17 00:26:26,077 INFO  server.RaftServerConfigKeys (ConfUtils.java:logGet(46)) - raft.server.threadpool.server.cached = true (default)
2023-03-17 00:26:26,077 INFO  server.RaftServerConfigKeys (ConfUtils.java:logGet(46)) - raft.server.threadpool.server.size = 0 (default)
2023-03-17 00:26:26,077 INFO  server.RaftServerConfigKeys (ConfUtils.java:logGet(46)) - raft.server.threadpool.client.cached = true (default)
2023-03-17 00:26:26,077 INFO  server.RaftServerConfigKeys (ConfUtils.java:logGet(46)) - raft.server.threadpool.client.size = 0 (default)
2023-03-17 00:26:26,077 INFO  server.RaftServerConfigKeys (ConfUtils.java:logGet(46)) - raft.server.storage.free-space.min = 0MB (=0) (default)
2023-03-17 00:26:26,077 INFO  server.RaftServerConfigKeys (ConfUtils.java:logGet(46)) - raft.server.log.corruption.policy = EXCEPTION (default)
2023-03-17 00:26:26,077 INFO  server.RaftServerConfigKeys (ConfUtils.java:logGet(46)) - raft.server.storage.dir = [/home/runner/work/ratis/ratis/ratis-examples/target/test/data/9a3b15da/MiniRaftClusterWithNettyce94e709/s2] (custom)
2023-03-17 00:26:26,077 INFO  storage.RaftStorageDirectory (RaftStorageDirectoryImpl.java:analyzeStorage(138)) - The storage directory /home/runner/work/ratis/ratis/ratis-examples/target/test/data/9a3b15da/MiniRaftClusterWithNettyce94e709/s2/a909ca09-e6ce-4d78-8d38-6e994ad85659 does not exist. Creating ...
2023-03-17 00:26:26,078 TRACE util.FileUtils (LogUtils.java:runAndLog(49)) - Successfully ran Files.createDirectories /home/runner/work/ratis/ratis/ratis-examples/target/test/data/9a3b15da/MiniRaftClusterWithNettyce94e709/s2/a909ca09-e6ce-4d78-8d38-6e994ad85659
2023-03-17 00:26:26,079 INFO  storage.RaftStorageDirectory (RaftStorageDirectoryImpl.java:tryLock(232)) - Lock on /home/runner/work/ratis/ratis/ratis-examples/target/test/data/9a3b15da/MiniRaftClusterWithNettyce94e709/s2/a909ca09-e6ce-4d78-8d38-6e994ad85659/in_use.lock acquired by nodename 17092@fv-az451-845
2023-03-17 00:26:26,079 TRACE util.FileUtils (LogUtils.java:runAndLog(49)) - Successfully ran Files.createDirectories /home/runner/work/ratis/ratis/ratis-examples/target/test/data/9a3b15da/MiniRaftClusterWithNettyce94e709/s2/a909ca09-e6ce-4d78-8d38-6e994ad85659/current
2023-03-17 00:26:26,079 TRACE util.FileUtils (LogUtils.java:runAndLog(49)) - Successfully ran Files.createDirectories /home/runner/work/ratis/ratis/ratis-examples/target/test/data/9a3b15da/MiniRaftClusterWithNettyce94e709/s2/a909ca09-e6ce-4d78-8d38-6e994ad85659/sm
2023-03-17 00:26:26,080 INFO  storage.RaftStorage (RaftStorageImpl.java:format(96)) - Storage directory /home/runner/work/ratis/ratis/ratis-examples/target/test/data/9a3b15da/MiniRaftClusterWithNettyce94e709/s2/a909ca09-e6ce-4d78-8d38-6e994ad85659 has been successfully formatted.
2023-03-17 00:26:26,081 WARN  statemachine.StateMachine (ArithmeticStateMachine.java:loadSnapshot(116)) - The snapshot info is null.
2023-03-17 00:26:26,081 INFO  server.RaftServerConfigKeys (ConfUtils.java:logGet(46)) - raft.server.log.use.memory = false (default)
2023-03-17 00:26:26,081 INFO  server.RaftServerConfigKeys (ConfUtils.java:logGet(46)) - raft.server.log.purge.gap = 1024 (default)
2023-03-17 00:26:26,081 INFO  server.RaftServerConfigKeys (ConfUtils.java:logGet(46)) - raft.server.log.appender.buffer.byte-limit = 4MB (=4194304) (default)
2023-03-17 00:26:26,082 INFO  server.RaftServerConfigKeys (ConfUtils.java:logGet(46)) - raft.server.log.statemachine.data.read.timeout = 1000ms (default)
2023-03-17 00:26:26,082 INFO  server.RaftServerConfigKeys (ConfUtils.java:logGet(46)) - raft.server.log.purge.preservation.log.num = 0 (default)
2023-03-17 00:26:26,082 INFO  server.RaftServerConfigKeys (ConfUtils.java:logGet(46)) - raft.server.log.segment.size.max = 8MB (=8388608) (default)
2023-03-17 00:26:26,082 INFO  server.RaftServerConfigKeys (ConfUtils.java:logGet(46)) - raft.server.log.segment.cache.num.max = 6 (default)
2023-03-17 00:26:26,082 INFO  server.RaftServerConfigKeys (ConfUtils.java:logGet(46)) - raft.server.log.segment.cache.size.max = 200MB (=209715200) (default)
2023-03-17 00:26:26,082 INFO  server.RaftServerConfigKeys (ConfUtils.java:logGet(46)) - raft.server.log.appender.buffer.byte-limit = 4MB (=4194304) (default)
2023-03-17 00:26:26,083 INFO  segmented.SegmentedRaftLogWorker (SegmentedRaftLogWorker.java:<init>(183)) - new s2@group-6E994AD85659-SegmentedRaftLogWorker for RaftStorageImpl:Storage Directory /home/runner/work/ratis/ratis/ratis-examples/target/test/data/9a3b15da/MiniRaftClusterWithNettyce94e709/s2/a909ca09-e6ce-4d78-8d38-6e994ad85659
2023-03-17 00:26:26,083 INFO  server.RaftServerConfigKeys (ConfUtils.java:logGet(46)) - raft.server.log.queue.byte-limit = 64MB (=67108864) (default)
2023-03-17 00:26:26,083 INFO  server.RaftServerConfigKeys (ConfUtils.java:logGet(46)) - raft.server.log.queue.element-limit = 4096 (default)
2023-03-17 00:26:26,083 INFO  server.RaftServerConfigKeys (ConfUtils.java:logGet(46)) - raft.server.log.segment.size.max = 8MB (=8388608) (default)
2023-03-17 00:26:26,083 INFO  server.RaftServerConfigKeys (ConfUtils.java:logGet(46)) - raft.server.log.preallocated.size = 4MB (=4194304) (default)
2023-03-17 00:26:26,083 INFO  server.RaftServerConfigKeys (ConfUtils.java:logGet(46)) - raft.server.log.force.sync.num = 128 (default)
2023-03-17 00:26:26,083 INFO  server.RaftServerConfigKeys (ConfUtils.java:logGet(46)) - raft.server.log.statemachine.data.sync = true (default)
2023-03-17 00:26:26,083 INFO  server.RaftServerConfigKeys (ConfUtils.java:logGet(46)) - raft.server.log.statemachine.data.sync.timeout = 10s (default)
2023-03-17 00:26:26,083 INFO  server.RaftServerConfigKeys (ConfUtils.java:logGet(46)) - raft.server.log.statemachine.data.sync.timeout.retry = -1 (default)
2023-03-17 00:26:26,083 INFO  server.RaftServerConfigKeys (ConfUtils.java:logGet(46)) - raft.server.log.write.buffer.size = 64KB (=65536) (default)
2023-03-17 00:26:26,084 INFO  server.RaftServerConfigKeys (ConfUtils.java:logGet(46)) - raft.server.log.appender.buffer.byte-limit = 4MB (=4194304) (default)
2023-03-17 00:26:26,084 INFO  server.RaftServerConfigKeys (ConfUtils.java:logGet(46)) - raft.server.log.unsafe-flush.enabled = false (default)
2023-03-17 00:26:26,084 INFO  server.RaftServerConfigKeys (ConfUtils.java:logGet(46)) - raft.server.log.async-flush.enabled = false (default)
2023-03-17 00:26:26,085 INFO  server.RaftServerConfigKeys (ConfUtils.java:logGet(46)) - raft.server.log.statemachine.data.caching.enabled = false (default)
2023-03-17 00:26:26,085 INFO  segmented.SegmentedRaftLogWorker (SegmentedRaftLogWorker.java:lambda$new$0(134)) - s2@group-6E994AD85659-SegmentedRaftLogWorker: flushIndex: setUnconditionally 0 -> -1
2023-03-17 00:26:26,085 INFO  segmented.SegmentedRaftLogWorker (SegmentedRaftLogWorker.java:lambda$new$0(134)) - s2@group-6E994AD85659-SegmentedRaftLogWorker: safeCacheEvictIndex: setUnconditionally 0 -> -1
2023-03-17 00:26:26,085 INFO  server.RaftServer$Division (RaftServerImpl.java:start(348)) - s2@group-6E994AD85659: start with initializing state, conf=-1: peers:[]|listeners:[], old=null
2023-03-17 00:26:26,085 INFO  server.RaftServer$Division (RaftServerImpl.java:setRole(329)) - s2@group-6E994AD85659: changes role from      null to FOLLOWER at term 0 for startInitializing
2023-03-17 00:26:26,085 INFO  util.JmxRegister (JmxRegister.java:tryRegister(44)) - Successfully registered JMX Bean with object name Ratis:service=RaftServer,group=group-6E994AD85659,id=s2
2023-03-17 00:26:26,085 INFO  server.RaftServerConfigKeys (ConfUtils.java:logGet(46)) - raft.server.snapshot.auto.trigger.enabled = false (default)
2023-03-17 00:26:26,085 INFO  server.RaftServerConfigKeys (ConfUtils.java:logGet(46)) - raft.server.snapshot.retention.file.num = -1 (default)
2023-03-17 00:26:26,085 INFO  server.RaftServerConfigKeys (ConfUtils.java:logGet(46)) - raft.server.log.purge.upto.snapshot.index = false (default)
2023-03-17 00:26:26,091 INFO  impl.GroupManagementBaseTest (GroupManagementBaseTest.java:runMultiGroupTest(322)) - 3) groupAdd: printing group-04A534573A2A
2023-03-17 00:26:26,093 INFO  logging.LoggingHandler (AbstractInternalLogger.java:log(148)) - [id: 0x8f5e74f5, L:/0.0.0.0:39523] READ: [id: 0x3c9eebc6, L:/10.1.0.17:39523 - R:/10.1.0.17:37892]
2023-03-17 00:26:26,093 INFO  logging.LoggingHandler (AbstractInternalLogger.java:log(148)) - [id: 0x8f5e74f5, L:/0.0.0.0:39523] READ COMPLETE
2023-03-17 00:26:26,094 INFO  server.RaftServer (RaftServerProxy.java:addNew(99)) - s4: addNew group-6E994AD85659:[] returns group-6E994AD85659:java.util.concurrent.CompletableFuture@58dcdd20[Not completed]
2023-03-17 00:26:26,094 INFO  server.RaftServer$Division (RaftServerImpl.java:<init>(198)) - s4: new RaftServerImpl for group-6E994AD85659:[] with ArithmeticStateMachine:uninitialized
2023-03-17 00:26:26,094 INFO  server.RaftServerConfigKeys (ConfUtils.java:logGet(46)) - raft.server.rpc.timeout.min = 300ms (custom)
2023-03-17 00:26:26,094 INFO  server.RaftServerConfigKeys (ConfUtils.java:logGet(46)) - raft.server.rpc.timeout.max = 600ms (custom)
2023-03-17 00:26:26,094 INFO  server.RaftServerConfigKeys (ConfUtils.java:logGet(46)) - raft.server.rpc.sleep.time = 25ms (default)
2023-03-17 00:26:26,094 INFO  server.RaftServerConfigKeys (ConfUtils.java:logGet(46)) - raft.server.rpc.slowness.timeout = 60s (default)
2023-03-17 00:26:26,094 INFO  server.RaftServerConfigKeys (ConfUtils.java:logGet(46)) - raft.server.leaderelection.leader.step-down.wait-time = 10s (default)
2023-03-17 00:26:26,094 INFO  server.RaftServerConfigKeys (ConfUtils.java:logGet(46)) - raft.server.sleep.deviation.threshold = 300ms (default)
2023-03-17 00:26:26,094 INFO  server.RaftServer$Division (ServerState.java:<init>(113)) - s4@group-6E994AD85659: ConfigurationManager, init=-1: peers:[]|listeners:[], old=null, confs=<EMPTY_MAP>
2023-03-17 00:26:26,094 INFO  server.RaftServerConfigKeys (ConfUtils.java:logGet(46)) - raft.server.notification.no-leader.timeout = 60s (default)
2023-03-17 00:26:26,094 INFO  server.RaftServerConfigKeys (ConfUtils.java:logGet(46)) - raft.server.read.timeout = 10s (default)
2023-03-17 00:26:26,094 INFO  server.RaftServerConfigKeys (ConfUtils.java:logGet(46)) - raft.server.retrycache.expirytime = 60s (default)
2023-03-17 00:26:26,095 INFO  server.RaftServerConfigKeys (ConfUtils.java:logGet(46)) - raft.server.retrycache.statistics.expirytime = 100μs (default)
2023-03-17 00:26:26,095 INFO  server.RaftServerConfigKeys (ConfUtils.java:logGet(46)) - raft.server.read.option = DEFAULT (default)
2023-03-17 00:26:26,095 INFO  server.RaftServerConfigKeys (ConfUtils.java:logGet(46)) - raft.server.log.appender.install.snapshot.enabled = true (default)
2023-03-17 00:26:26,095 INFO  server.RaftServerConfigKeys (ConfUtils.java:logGet(46)) - raft.server.threadpool.server.cached = true (default)
2023-03-17 00:26:26,095 INFO  server.RaftServerConfigKeys (ConfUtils.java:logGet(46)) - raft.server.threadpool.server.size = 0 (default)
2023-03-17 00:26:26,095 INFO  server.RaftServerConfigKeys (ConfUtils.java:logGet(46)) - raft.server.threadpool.client.cached = true (default)
2023-03-17 00:26:26,095 INFO  server.RaftServerConfigKeys (ConfUtils.java:logGet(46)) - raft.server.threadpool.client.size = 0 (default)
2023-03-17 00:26:26,095 INFO  server.RaftServerConfigKeys (ConfUtils.java:logGet(46)) - raft.server.storage.free-space.min = 0MB (=0) (default)
2023-03-17 00:26:26,096 INFO  server.RaftServerConfigKeys (ConfUtils.java:logGet(46)) - raft.server.log.corruption.policy = EXCEPTION (default)
2023-03-17 00:26:26,096 INFO  server.RaftServerConfigKeys (ConfUtils.java:logGet(46)) - raft.server.storage.dir = [/home/runner/work/ratis/ratis/ratis-examples/target/test/data/9a3b15da/MiniRaftClusterWithNettyce94e709/s4] (custom)
2023-03-17 00:26:26,096 INFO  storage.RaftStorageDirectory (RaftStorageDirectoryImpl.java:analyzeStorage(138)) - The storage directory /home/runner/work/ratis/ratis/ratis-examples/target/test/data/9a3b15da/MiniRaftClusterWithNettyce94e709/s4/a909ca09-e6ce-4d78-8d38-6e994ad85659 does not exist. Creating ...
2023-03-17 00:26:26,096 TRACE util.FileUtils (LogUtils.java:runAndLog(49)) - Successfully ran Files.createDirectories /home/runner/work/ratis/ratis/ratis-examples/target/test/data/9a3b15da/MiniRaftClusterWithNettyce94e709/s4/a909ca09-e6ce-4d78-8d38-6e994ad85659
2023-03-17 00:26:26,100 INFO  storage.RaftStorageDirectory (RaftStorageDirectoryImpl.java:tryLock(232)) - Lock on /home/runner/work/ratis/ratis/ratis-examples/target/test/data/9a3b15da/MiniRaftClusterWithNettyce94e709/s4/a909ca09-e6ce-4d78-8d38-6e994ad85659/in_use.lock acquired by nodename 17092@fv-az451-845
2023-03-17 00:26:26,100 TRACE util.FileUtils (LogUtils.java:runAndLog(49)) - Successfully ran Files.createDirectories /home/runner/work/ratis/ratis/ratis-examples/target/test/data/9a3b15da/MiniRaftClusterWithNettyce94e709/s4/a909ca09-e6ce-4d78-8d38-6e994ad85659/current
2023-03-17 00:26:26,100 TRACE util.FileUtils (LogUtils.java:runAndLog(49)) - Successfully ran Files.createDirectories /home/runner/work/ratis/ratis/ratis-examples/target/test/data/9a3b15da/MiniRaftClusterWithNettyce94e709/s4/a909ca09-e6ce-4d78-8d38-6e994ad85659/sm
2023-03-17 00:26:26,101 INFO  storage.RaftStorage (RaftStorageImpl.java:format(96)) - Storage directory /home/runner/work/ratis/ratis/ratis-examples/target/test/data/9a3b15da/MiniRaftClusterWithNettyce94e709/s4/a909ca09-e6ce-4d78-8d38-6e994ad85659 has been successfully formatted.
2023-03-17 00:26:26,101 WARN  statemachine.StateMachine (ArithmeticStateMachine.java:loadSnapshot(116)) - The snapshot info is null.
2023-03-17 00:26:26,101 INFO  server.RaftServerConfigKeys (ConfUtils.java:logGet(46)) - raft.server.log.use.memory = false (default)
2023-03-17 00:26:26,102 INFO  server.RaftServerConfigKeys (ConfUtils.java:logGet(46)) - raft.server.log.purge.gap = 1024 (default)
2023-03-17 00:26:26,102 INFO  server.RaftServerConfigKeys (ConfUtils.java:logGet(46)) - raft.server.log.appender.buffer.byte-limit = 4MB (=4194304) (default)
2023-03-17 00:26:26,102 INFO  server.RaftServerConfigKeys (ConfUtils.java:logGet(46)) - raft.server.log.statemachine.data.read.timeout = 1000ms (default)
2023-03-17 00:26:26,102 INFO  server.RaftServerConfigKeys (ConfUtils.java:logGet(46)) - raft.server.log.purge.preservation.log.num = 0 (default)
2023-03-17 00:26:26,102 INFO  server.RaftServerConfigKeys (ConfUtils.java:logGet(46)) - raft.server.log.segment.size.max = 8MB (=8388608) (default)
2023-03-17 00:26:26,102 INFO  server.RaftServerConfigKeys (ConfUtils.java:logGet(46)) - raft.server.log.segment.cache.num.max = 6 (default)
2023-03-17 00:26:26,102 INFO  server.RaftServerConfigKeys (ConfUtils.java:logGet(46)) - raft.server.log.segment.cache.size.max = 200MB (=209715200) (default)
2023-03-17 00:26:26,102 INFO  server.RaftServerConfigKeys (ConfUtils.java:logGet(46)) - raft.server.log.appender.buffer.byte-limit = 4MB (=4194304) (default)
2023-03-17 00:26:26,102 INFO  segmented.SegmentedRaftLogWorker (SegmentedRaftLogWorker.java:<init>(183)) - new s4@group-6E994AD85659-SegmentedRaftLogWorker for RaftStorageImpl:Storage Directory /home/runner/work/ratis/ratis/ratis-examples/target/test/data/9a3b15da/MiniRaftClusterWithNettyce94e709/s4/a909ca09-e6ce-4d78-8d38-6e994ad85659
2023-03-17 00:26:26,102 INFO  server.RaftServerConfigKeys (ConfUtils.java:logGet(46)) - raft.server.log.queue.byte-limit = 64MB (=67108864) (default)
2023-03-17 00:26:26,102 INFO  server.RaftServerConfigKeys (ConfUtils.java:logGet(46)) - raft.server.log.queue.element-limit = 4096 (default)
2023-03-17 00:26:26,102 INFO  server.RaftServerConfigKeys (ConfUtils.java:logGet(46)) - raft.server.log.segment.size.max = 8MB (=8388608) (default)
2023-03-17 00:26:26,103 INFO  server.RaftServerConfigKeys (ConfUtils.java:logGet(46)) - raft.server.log.preallocated.size = 4MB (=4194304) (default)
2023-03-17 00:26:26,103 INFO  server.RaftServerConfigKeys (ConfUtils.java:logGet(46)) - raft.server.log.force.sync.num = 128 (default)
2023-03-17 00:26:26,103 INFO  server.RaftServerConfigKeys (ConfUtils.java:logGet(46)) - raft.server.log.statemachine.data.sync = true (default)
2023-03-17 00:26:26,103 INFO  server.RaftServerConfigKeys (ConfUtils.java:logGet(46)) - raft.server.log.statemachine.data.sync.timeout = 10s (default)
2023-03-17 00:26:26,103 INFO  server.RaftServerConfigKeys (ConfUtils.java:logGet(46)) - raft.server.log.statemachine.data.sync.timeout.retry = -1 (default)
2023-03-17 00:26:26,103 INFO  server.RaftServerConfigKeys (ConfUtils.java:logGet(46)) - raft.server.log.write.buffer.size = 64KB (=65536) (default)
2023-03-17 00:26:26,103 INFO  server.RaftServerConfigKeys (ConfUtils.java:logGet(46)) - raft.server.log.appender.buffer.byte-limit = 4MB (=4194304) (default)
2023-03-17 00:26:26,104 INFO  server.RaftServerConfigKeys (ConfUtils.java:logGet(46)) - raft.server.log.unsafe-flush.enabled = false (default)
2023-03-17 00:26:26,104 INFO  server.RaftServerConfigKeys (ConfUtils.java:logGet(46)) - raft.server.log.async-flush.enabled = false (default)
2023-03-17 00:26:26,104 INFO  server.RaftServerConfigKeys (ConfUtils.java:logGet(46)) - raft.server.log.statemachine.data.caching.enabled = false (default)
2023-03-17 00:26:26,104 INFO  segmented.SegmentedRaftLogWorker (SegmentedRaftLogWorker.java:lambda$new$0(134)) - s4@group-6E994AD85659-SegmentedRaftLogWorker: flushIndex: setUnconditionally 0 -> -1
2023-03-17 00:26:26,104 INFO  segmented.SegmentedRaftLogWorker (SegmentedRaftLogWorker.java:lambda$new$0(134)) - s4@group-6E994AD85659-SegmentedRaftLogWorker: safeCacheEvictIndex: setUnconditionally 0 -> -1
2023-03-17 00:26:26,105 INFO  server.RaftServer$Division (RaftServerImpl.java:start(348)) - s4@group-6E994AD85659: start with initializing state, conf=-1: peers:[]|listeners:[], old=null
2023-03-17 00:26:26,105 INFO  server.RaftServer$Division (RaftServerImpl.java:setRole(329)) - s4@group-6E994AD85659: changes role from      null to FOLLOWER at term 0 for startInitializing
2023-03-17 00:26:26,105 INFO  util.JmxRegister (JmxRegister.java:tryRegister(44)) - Successfully registered JMX Bean with object name Ratis:service=RaftServer,group=group-6E994AD85659,id=s4
2023-03-17 00:26:26,105 INFO  server.RaftServerConfigKeys (ConfUtils.java:logGet(46)) - raft.server.snapshot.auto.trigger.enabled = false (default)
2023-03-17 00:26:26,105 INFO  server.RaftServerConfigKeys (ConfUtils.java:logGet(46)) - raft.server.snapshot.retention.file.num = -1 (default)
2023-03-17 00:26:26,105 INFO  server.RaftServerConfigKeys (ConfUtils.java:logGet(46)) - raft.server.log.purge.upto.snapshot.index = false (default)
2023-03-17 00:26:26,115 INFO  logging.LoggingHandler (AbstractInternalLogger.java:log(148)) - [id: 0x571c5d97, L:/0.0.0.0:38791] READ: [id: 0x6b9a122d, L:/10.1.0.17:38791 - R:/10.1.0.17:58216]
2023-03-17 00:26:26,115 INFO  logging.LoggingHandler (AbstractInternalLogger.java:log(148)) - [id: 0x571c5d97, L:/0.0.0.0:38791] READ COMPLETE
2023-03-17 00:26:26,115 INFO  server.RaftServer (RaftServerProxy.java:addNew(99)) - s5: addNew group-6E994AD85659:[] returns group-6E994AD85659:java.util.concurrent.CompletableFuture@76f3a9a7[Not completed]
2023-03-17 00:26:26,115 INFO  server.RaftServer$Division (RaftServerImpl.java:<init>(198)) - s5: new RaftServerImpl for group-6E994AD85659:[] with ArithmeticStateMachine:uninitialized
2023-03-17 00:26:26,115 INFO  server.RaftServerConfigKeys (ConfUtils.java:logGet(46)) - raft.server.rpc.timeout.min = 300ms (custom)
2023-03-17 00:26:26,115 INFO  server.RaftServerConfigKeys (ConfUtils.java:logGet(46)) - raft.server.rpc.timeout.max = 600ms (custom)
2023-03-17 00:26:26,115 INFO  server.RaftServerConfigKeys (ConfUtils.java:logGet(46)) - raft.server.rpc.sleep.time = 25ms (default)
2023-03-17 00:26:26,115 INFO  server.RaftServerConfigKeys (ConfUtils.java:logGet(46)) - raft.server.rpc.slowness.timeout = 60s (default)
2023-03-17 00:26:26,115 INFO  server.RaftServerConfigKeys (ConfUtils.java:logGet(46)) - raft.server.leaderelection.leader.step-down.wait-time = 10s (default)
2023-03-17 00:26:26,115 INFO  server.RaftServerConfigKeys (ConfUtils.java:logGet(46)) - raft.server.sleep.deviation.threshold = 300ms (default)
2023-03-17 00:26:26,116 INFO  server.RaftServer$Division (ServerState.java:<init>(113)) - s5@group-6E994AD85659: ConfigurationManager, init=-1: peers:[]|listeners:[], old=null, confs=<EMPTY_MAP>
2023-03-17 00:26:26,116 INFO  server.RaftServerConfigKeys (ConfUtils.java:logGet(46)) - raft.server.notification.no-leader.timeout = 60s (default)
2023-03-17 00:26:26,116 INFO  server.RaftServerConfigKeys (ConfUtils.java:logGet(46)) - raft.server.read.timeout = 10s (default)
2023-03-17 00:26:26,116 INFO  server.RaftServerConfigKeys (ConfUtils.java:logGet(46)) - raft.server.retrycache.expirytime = 60s (default)
2023-03-17 00:26:26,116 INFO  server.RaftServerConfigKeys (ConfUtils.java:logGet(46)) - raft.server.retrycache.statistics.expirytime = 100μs (default)
2023-03-17 00:26:26,116 INFO  server.RaftServerConfigKeys (ConfUtils.java:logGet(46)) - raft.server.read.option = DEFAULT (default)
2023-03-17 00:26:26,116 INFO  server.RaftServerConfigKeys (ConfUtils.java:logGet(46)) - raft.server.log.appender.install.snapshot.enabled = true (default)
2023-03-17 00:26:26,116 INFO  server.RaftServerConfigKeys (ConfUtils.java:logGet(46)) - raft.server.threadpool.server.cached = true (default)
2023-03-17 00:26:26,117 INFO  server.RaftServerConfigKeys (ConfUtils.java:logGet(46)) - raft.server.threadpool.server.size = 0 (default)
2023-03-17 00:26:26,117 INFO  server.RaftServerConfigKeys (ConfUtils.java:logGet(46)) - raft.server.threadpool.client.cached = true (default)
2023-03-17 00:26:26,117 INFO  server.RaftServerConfigKeys (ConfUtils.java:logGet(46)) - raft.server.threadpool.client.size = 0 (default)
2023-03-17 00:26:26,117 INFO  server.RaftServerConfigKeys (ConfUtils.java:logGet(46)) - raft.server.storage.free-space.min = 0MB (=0) (default)
2023-03-17 00:26:26,117 INFO  server.RaftServerConfigKeys (ConfUtils.java:logGet(46)) - raft.server.log.corruption.policy = EXCEPTION (default)
2023-03-17 00:26:26,117 INFO  server.RaftServerConfigKeys (ConfUtils.java:logGet(46)) - raft.server.storage.dir = [/home/runner/work/ratis/ratis/ratis-examples/target/test/data/9a3b15da/MiniRaftClusterWithNettyce94e709/s5] (custom)
2023-03-17 00:26:26,117 INFO  storage.RaftStorageDirectory (RaftStorageDirectoryImpl.java:analyzeStorage(138)) - The storage directory /home/runner/work/ratis/ratis/ratis-examples/target/test/data/9a3b15da/MiniRaftClusterWithNettyce94e709/s5/a909ca09-e6ce-4d78-8d38-6e994ad85659 does not exist. Creating ...
2023-03-17 00:26:26,117 TRACE util.FileUtils (LogUtils.java:runAndLog(49)) - Successfully ran Files.createDirectories /home/runner/work/ratis/ratis/ratis-examples/target/test/data/9a3b15da/MiniRaftClusterWithNettyce94e709/s5/a909ca09-e6ce-4d78-8d38-6e994ad85659
2023-03-17 00:26:26,121 INFO  storage.RaftStorageDirectory (RaftStorageDirectoryImpl.java:tryLock(232)) - Lock on /home/runner/work/ratis/ratis/ratis-examples/target/test/data/9a3b15da/MiniRaftClusterWithNettyce94e709/s5/a909ca09-e6ce-4d78-8d38-6e994ad85659/in_use.lock acquired by nodename 17092@fv-az451-845
2023-03-17 00:26:26,121 TRACE util.FileUtils (LogUtils.java:runAndLog(49)) - Successfully ran Files.createDirectories /home/runner/work/ratis/ratis/ratis-examples/target/test/data/9a3b15da/MiniRaftClusterWithNettyce94e709/s5/a909ca09-e6ce-4d78-8d38-6e994ad85659/current
2023-03-17 00:26:26,121 TRACE util.FileUtils (LogUtils.java:runAndLog(49)) - Successfully ran Files.createDirectories /home/runner/work/ratis/ratis/ratis-examples/target/test/data/9a3b15da/MiniRaftClusterWithNettyce94e709/s5/a909ca09-e6ce-4d78-8d38-6e994ad85659/sm
2023-03-17 00:26:26,122 INFO  storage.RaftStorage (RaftStorageImpl.java:format(96)) - Storage directory /home/runner/work/ratis/ratis/ratis-examples/target/test/data/9a3b15da/MiniRaftClusterWithNettyce94e709/s5/a909ca09-e6ce-4d78-8d38-6e994ad85659 has been successfully formatted.
2023-03-17 00:26:26,122 WARN  statemachine.StateMachine (ArithmeticStateMachine.java:loadSnapshot(116)) - The snapshot info is null.
2023-03-17 00:26:26,122 INFO  server.RaftServerConfigKeys (ConfUtils.java:logGet(46)) - raft.server.log.use.memory = false (default)
2023-03-17 00:26:26,123 INFO  server.RaftServerConfigKeys (ConfUtils.java:logGet(46)) - raft.server.log.purge.gap = 1024 (default)
2023-03-17 00:26:26,123 INFO  server.RaftServerConfigKeys (ConfUtils.java:logGet(46)) - raft.server.log.appender.buffer.byte-limit = 4MB (=4194304) (default)
2023-03-17 00:26:26,123 INFO  server.RaftServerConfigKeys (ConfUtils.java:logGet(46)) - raft.server.log.statemachine.data.read.timeout = 1000ms (default)
2023-03-17 00:26:26,123 INFO  server.RaftServerConfigKeys (ConfUtils.java:logGet(46)) - raft.server.log.purge.preservation.log.num = 0 (default)
2023-03-17 00:26:26,123 INFO  server.RaftServerConfigKeys (ConfUtils.java:logGet(46)) - raft.server.log.segment.size.max = 8MB (=8388608) (default)
2023-03-17 00:26:26,123 INFO  server.RaftServerConfigKeys (ConfUtils.java:logGet(46)) - raft.server.log.segment.cache.num.max = 6 (default)
2023-03-17 00:26:26,123 INFO  server.RaftServerConfigKeys (ConfUtils.java:logGet(46)) - raft.server.log.segment.cache.size.max = 200MB (=209715200) (default)
2023-03-17 00:26:26,123 INFO  server.RaftServerConfigKeys (ConfUtils.java:logGet(46)) - raft.server.log.appender.buffer.byte-limit = 4MB (=4194304) (default)
2023-03-17 00:26:26,123 INFO  segmented.SegmentedRaftLogWorker (SegmentedRaftLogWorker.java:<init>(183)) - new s5@group-6E994AD85659-SegmentedRaftLogWorker for RaftStorageImpl:Storage Directory /home/runner/work/ratis/ratis/ratis-examples/target/test/data/9a3b15da/MiniRaftClusterWithNettyce94e709/s5/a909ca09-e6ce-4d78-8d38-6e994ad85659
2023-03-17 00:26:26,123 INFO  server.RaftServerConfigKeys (ConfUtils.java:logGet(46)) - raft.server.log.queue.byte-limit = 64MB (=67108864) (default)
2023-03-17 00:26:26,124 INFO  server.RaftServerConfigKeys (ConfUtils.java:logGet(46)) - raft.server.log.queue.element-limit = 4096 (default)
2023-03-17 00:26:26,124 INFO  server.RaftServerConfigKeys (ConfUtils.java:logGet(46)) - raft.server.log.segment.size.max = 8MB (=8388608) (default)
2023-03-17 00:26:26,124 INFO  server.RaftServerConfigKeys (ConfUtils.java:logGet(46)) - raft.server.log.preallocated.size = 4MB (=4194304) (default)
2023-03-17 00:26:26,124 INFO  server.RaftServerConfigKeys (ConfUtils.java:logGet(46)) - raft.server.log.force.sync.num = 128 (default)
2023-03-17 00:26:26,124 INFO  server.RaftServerConfigKeys (ConfUtils.java:logGet(46)) - raft.server.log.statemachine.data.sync = true (default)
2023-03-17 00:26:26,124 INFO  server.RaftServerConfigKeys (ConfUtils.java:logGet(46)) - raft.server.log.statemachine.data.sync.timeout = 10s (default)
2023-03-17 00:26:26,124 INFO  server.RaftServerConfigKeys (ConfUtils.java:logGet(46)) - raft.server.log.statemachine.data.sync.timeout.retry = -1 (default)
2023-03-17 00:26:26,124 INFO  server.RaftServerConfigKeys (ConfUtils.java:logGet(46)) - raft.server.log.write.buffer.size = 64KB (=65536) (default)
2023-03-17 00:26:26,124 INFO  server.RaftServerConfigKeys (ConfUtils.java:logGet(46)) - raft.server.log.appender.buffer.byte-limit = 4MB (=4194304) (default)
2023-03-17 00:26:26,125 INFO  server.RaftServerConfigKeys (ConfUtils.java:logGet(46)) - raft.server.log.unsafe-flush.enabled = false (default)
2023-03-17 00:26:26,125 INFO  server.RaftServerConfigKeys (ConfUtils.java:logGet(46)) - raft.server.log.async-flush.enabled = false (default)
2023-03-17 00:26:26,125 INFO  server.RaftServerConfigKeys (ConfUtils.java:logGet(46)) - raft.server.log.statemachine.data.caching.enabled = false (default)
2023-03-17 00:26:26,125 INFO  segmented.SegmentedRaftLogWorker (SegmentedRaftLogWorker.java:lambda$new$0(134)) - s5@group-6E994AD85659-SegmentedRaftLogWorker: flushIndex: setUnconditionally 0 -> -1
2023-03-17 00:26:26,125 INFO  segmented.SegmentedRaftLogWorker (SegmentedRaftLogWorker.java:lambda$new$0(134)) - s5@group-6E994AD85659-SegmentedRaftLogWorker: safeCacheEvictIndex: setUnconditionally 0 -> -1
2023-03-17 00:26:26,125 INFO  server.RaftServer$Division (RaftServerImpl.java:start(348)) - s5@group-6E994AD85659: start with initializing state, conf=-1: peers:[]|listeners:[], old=null
2023-03-17 00:26:26,125 INFO  server.RaftServer$Division (RaftServerImpl.java:setRole(329)) - s5@group-6E994AD85659: changes role from      null to FOLLOWER at term 0 for startInitializing
2023-03-17 00:26:26,126 INFO  util.JmxRegister (JmxRegister.java:tryRegister(44)) - Successfully registered JMX Bean with object name Ratis:service=RaftServer,group=group-6E994AD85659,id=s5
2023-03-17 00:26:26,126 INFO  server.RaftServerConfigKeys (ConfUtils.java:logGet(46)) - raft.server.snapshot.auto.trigger.enabled = false (default)
2023-03-17 00:26:26,126 INFO  server.RaftServerConfigKeys (ConfUtils.java:logGet(46)) - raft.server.snapshot.retention.file.num = -1 (default)
2023-03-17 00:26:26,126 INFO  server.RaftServerConfigKeys (ConfUtils.java:logGet(46)) - raft.server.log.purge.upto.snapshot.index = false (default)
2023-03-17 00:26:26,142 INFO  logging.LoggingHandler (AbstractInternalLogger.java:log(148)) - [id: 0x2a54c005, L:/0.0.0.0:34503] READ: [id: 0xdb68f66b, L:/10.1.0.17:34503 - R:/10.1.0.17:42566]
2023-03-17 00:26:26,143 INFO  logging.LoggingHandler (AbstractInternalLogger.java:log(148)) - [id: 0x2a54c005, L:/0.0.0.0:34503] READ COMPLETE
2023-03-17 00:26:26,143 INFO  server.RaftServer$Division (RaftServerImpl.java:<init>(198)) - s6: new RaftServerImpl for group-6E994AD85659:[] with ArithmeticStateMachine:uninitialized
2023-03-17 00:26:26,143 INFO  server.RaftServerConfigKeys (ConfUtils.java:logGet(46)) - raft.server.rpc.timeout.min = 300ms (custom)
2023-03-17 00:26:26,144 INFO  server.RaftServerConfigKeys (ConfUtils.java:logGet(46)) - raft.server.rpc.timeout.max = 600ms (custom)
2023-03-17 00:26:26,144 INFO  server.RaftServerConfigKeys (ConfUtils.java:logGet(46)) - raft.server.rpc.sleep.time = 25ms (default)
2023-03-17 00:26:26,144 INFO  server.RaftServerConfigKeys (ConfUtils.java:logGet(46)) - raft.server.rpc.slowness.timeout = 60s (default)
2023-03-17 00:26:26,144 INFO  server.RaftServerConfigKeys (ConfUtils.java:logGet(46)) - raft.server.leaderelection.leader.step-down.wait-time = 10s (default)
2023-03-17 00:26:26,144 INFO  server.RaftServerConfigKeys (ConfUtils.java:logGet(46)) - raft.server.sleep.deviation.threshold = 300ms (default)
2023-03-17 00:26:26,144 INFO  server.RaftServer$Division (ServerState.java:<init>(113)) - s6@group-6E994AD85659: ConfigurationManager, init=-1: peers:[]|listeners:[], old=null, confs=<EMPTY_MAP>
2023-03-17 00:26:26,144 INFO  server.RaftServerConfigKeys (ConfUtils.java:logGet(46)) - raft.server.notification.no-leader.timeout = 60s (default)
2023-03-17 00:26:26,144 INFO  server.RaftServerConfigKeys (ConfUtils.java:logGet(46)) - raft.server.read.timeout = 10s (default)
2023-03-17 00:26:26,144 INFO  server.RaftServerConfigKeys (ConfUtils.java:logGet(46)) - raft.server.retrycache.expirytime = 60s (default)
2023-03-17 00:26:26,144 INFO  server.RaftServerConfigKeys (ConfUtils.java:logGet(46)) - raft.server.retrycache.statistics.expirytime = 100μs (default)
2023-03-17 00:26:26,144 INFO  server.RaftServerConfigKeys (ConfUtils.java:logGet(46)) - raft.server.read.option = DEFAULT (default)
2023-03-17 00:26:26,145 INFO  server.RaftServerConfigKeys (ConfUtils.java:logGet(46)) - raft.server.log.appender.install.snapshot.enabled = true (default)
2023-03-17 00:26:26,145 INFO  server.RaftServerConfigKeys (ConfUtils.java:logGet(46)) - raft.server.threadpool.server.cached = true (default)
2023-03-17 00:26:26,145 INFO  server.RaftServerConfigKeys (ConfUtils.java:logGet(46)) - raft.server.threadpool.server.size = 0 (default)
2023-03-17 00:26:26,145 INFO  server.RaftServerConfigKeys (ConfUtils.java:logGet(46)) - raft.server.threadpool.client.cached = true (default)
2023-03-17 00:26:26,145 INFO  server.RaftServerConfigKeys (ConfUtils.java:logGet(46)) - raft.server.threadpool.client.size = 0 (default)
2023-03-17 00:26:26,145 INFO  server.RaftServer (RaftServerProxy.java:addNew(99)) - s6: addNew group-6E994AD85659:[] returns      null s6@group-6E994AD85659:t0, leader=null, voted=null, raftlog=UNINITIALIZED, conf=-1: peers:[]|listeners:[], old=null NEW
2023-03-17 00:26:26,145 INFO  server.RaftServerConfigKeys (ConfUtils.java:logGet(46)) - raft.server.storage.free-space.min = 0MB (=0) (default)
2023-03-17 00:26:26,145 INFO  server.RaftServerConfigKeys (ConfUtils.java:logGet(46)) - raft.server.log.corruption.policy = EXCEPTION (default)
2023-03-17 00:26:26,145 INFO  server.RaftServerConfigKeys (ConfUtils.java:logGet(46)) - raft.server.storage.dir = [/home/runner/work/ratis/ratis/ratis-examples/target/test/data/9a3b15da/MiniRaftClusterWithNettyce94e709/s6] (custom)
2023-03-17 00:26:26,145 INFO  storage.RaftStorageDirectory (RaftStorageDirectoryImpl.java:analyzeStorage(138)) - The storage directory /home/runner/work/ratis/ratis/ratis-examples/target/test/data/9a3b15da/MiniRaftClusterWithNettyce94e709/s6/a909ca09-e6ce-4d78-8d38-6e994ad85659 does not exist. Creating ...
2023-03-17 00:26:26,146 TRACE util.FileUtils (LogUtils.java:runAndLog(49)) - Successfully ran Files.createDirectories /home/runner/work/ratis/ratis/ratis-examples/target/test/data/9a3b15da/MiniRaftClusterWithNettyce94e709/s6/a909ca09-e6ce-4d78-8d38-6e994ad85659
2023-03-17 00:26:26,147 INFO  storage.RaftStorageDirectory (RaftStorageDirectoryImpl.java:tryLock(232)) - Lock on /home/runner/work/ratis/ratis/ratis-examples/target/test/data/9a3b15da/MiniRaftClusterWithNettyce94e709/s6/a909ca09-e6ce-4d78-8d38-6e994ad85659/in_use.lock acquired by nodename 17092@fv-az451-845
2023-03-17 00:26:26,147 TRACE util.FileUtils (LogUtils.java:runAndLog(49)) - Successfully ran Files.createDirectories /home/runner/work/ratis/ratis/ratis-examples/target/test/data/9a3b15da/MiniRaftClusterWithNettyce94e709/s6/a909ca09-e6ce-4d78-8d38-6e994ad85659/current
2023-03-17 00:26:26,147 TRACE util.FileUtils (LogUtils.java:runAndLog(49)) - Successfully ran Files.createDirectories /home/runner/work/ratis/ratis/ratis-examples/target/test/data/9a3b15da/MiniRaftClusterWithNettyce94e709/s6/a909ca09-e6ce-4d78-8d38-6e994ad85659/sm
2023-03-17 00:26:26,148 INFO  storage.RaftStorage (RaftStorageImpl.java:format(96)) - Storage directory /home/runner/work/ratis/ratis/ratis-examples/target/test/data/9a3b15da/MiniRaftClusterWithNettyce94e709/s6/a909ca09-e6ce-4d78-8d38-6e994ad85659 has been successfully formatted.
2023-03-17 00:26:26,148 WARN  statemachine.StateMachine (ArithmeticStateMachine.java:loadSnapshot(116)) - The snapshot info is null.
2023-03-17 00:26:26,148 INFO  server.RaftServerConfigKeys (ConfUtils.java:logGet(46)) - raft.server.log.use.memory = false (default)
2023-03-17 00:26:26,149 INFO  server.RaftServerConfigKeys (ConfUtils.java:logGet(46)) - raft.server.log.purge.gap = 1024 (default)
2023-03-17 00:26:26,149 INFO  server.RaftServerConfigKeys (ConfUtils.java:logGet(46)) - raft.server.log.appender.buffer.byte-limit = 4MB (=4194304) (default)
2023-03-17 00:26:26,149 INFO  server.RaftServerConfigKeys (ConfUtils.java:logGet(46)) - raft.server.log.statemachine.data.read.timeout = 1000ms (default)
2023-03-17 00:26:26,149 INFO  server.RaftServerConfigKeys (ConfUtils.java:logGet(46)) - raft.server.log.purge.preservation.log.num = 0 (default)
2023-03-17 00:26:26,149 INFO  server.RaftServerConfigKeys (ConfUtils.java:logGet(46)) - raft.server.log.segment.size.max = 8MB (=8388608) (default)
2023-03-17 00:26:26,149 INFO  server.RaftServerConfigKeys (ConfUtils.java:logGet(46)) - raft.server.log.segment.cache.num.max = 6 (default)
2023-03-17 00:26:26,149 INFO  server.RaftServerConfigKeys (ConfUtils.java:logGet(46)) - raft.server.log.segment.cache.size.max = 200MB (=209715200) (default)
2023-03-17 00:26:26,149 INFO  server.RaftServerConfigKeys (ConfUtils.java:logGet(46)) - raft.server.log.appender.buffer.byte-limit = 4MB (=4194304) (default)
2023-03-17 00:26:26,149 INFO  segmented.SegmentedRaftLogWorker (SegmentedRaftLogWorker.java:<init>(183)) - new s6@group-6E994AD85659-SegmentedRaftLogWorker for RaftStorageImpl:Storage Directory /home/runner/work/ratis/ratis/ratis-examples/target/test/data/9a3b15da/MiniRaftClusterWithNettyce94e709/s6/a909ca09-e6ce-4d78-8d38-6e994ad85659
2023-03-17 00:26:26,149 INFO  server.RaftServerConfigKeys (ConfUtils.java:logGet(46)) - raft.server.log.queue.byte-limit = 64MB (=67108864) (default)
2023-03-17 00:26:26,149 INFO  server.RaftServerConfigKeys (ConfUtils.java:logGet(46)) - raft.server.log.queue.element-limit = 4096 (default)
2023-03-17 00:26:26,149 INFO  server.RaftServerConfigKeys (ConfUtils.java:logGet(46)) - raft.server.log.segment.size.max = 8MB (=8388608) (default)
2023-03-17 00:26:26,149 INFO  server.RaftServerConfigKeys (ConfUtils.java:logGet(46)) - raft.server.log.preallocated.size = 4MB (=4194304) (default)
2023-03-17 00:26:26,149 INFO  server.RaftServerConfigKeys (ConfUtils.java:logGet(46)) - raft.server.log.force.sync.num = 128 (default)
2023-03-17 00:26:26,149 INFO  server.RaftServerConfigKeys (ConfUtils.java:logGet(46)) - raft.server.log.statemachine.data.sync = true (default)
2023-03-17 00:26:26,149 INFO  server.RaftServerConfigKeys (ConfUtils.java:logGet(46)) - raft.server.log.statemachine.data.sync.timeout = 10s (default)
2023-03-17 00:26:26,149 INFO  server.RaftServerConfigKeys (ConfUtils.java:logGet(46)) - raft.server.log.statemachine.data.sync.timeout.retry = -1 (default)
2023-03-17 00:26:26,150 INFO  server.RaftServerConfigKeys (ConfUtils.java:logGet(46)) - raft.server.log.write.buffer.size = 64KB (=65536) (default)
2023-03-17 00:26:26,150 INFO  server.RaftServerConfigKeys (ConfUtils.java:logGet(46)) - raft.server.log.appender.buffer.byte-limit = 4MB (=4194304) (default)
2023-03-17 00:26:26,151 INFO  server.RaftServerConfigKeys (ConfUtils.java:logGet(46)) - raft.server.log.unsafe-flush.enabled = false (default)
2023-03-17 00:26:26,151 INFO  server.RaftServerConfigKeys (ConfUtils.java:logGet(46)) - raft.server.log.async-flush.enabled = false (default)
2023-03-17 00:26:26,151 INFO  server.RaftServerConfigKeys (ConfUtils.java:logGet(46)) - raft.server.log.statemachine.data.caching.enabled = false (default)
2023-03-17 00:26:26,151 INFO  segmented.SegmentedRaftLogWorker (SegmentedRaftLogWorker.java:lambda$new$0(134)) - s6@group-6E994AD85659-SegmentedRaftLogWorker: flushIndex: setUnconditionally 0 -> -1
2023-03-17 00:26:26,151 INFO  segmented.SegmentedRaftLogWorker (SegmentedRaftLogWorker.java:lambda$new$0(134)) - s6@group-6E994AD85659-SegmentedRaftLogWorker: safeCacheEvictIndex: setUnconditionally 0 -> -1
2023-03-17 00:26:26,156 INFO  server.RaftServer$Division (RaftServerImpl.java:start(348)) - s6@group-6E994AD85659: start with initializing state, conf=-1: peers:[]|listeners:[], old=null
2023-03-17 00:26:26,156 INFO  server.RaftServer$Division (RaftServerImpl.java:setRole(329)) - s6@group-6E994AD85659: changes role from      null to FOLLOWER at term 0 for startInitializing
2023-03-17 00:26:26,156 INFO  util.JmxRegister (JmxRegister.java:tryRegister(44)) - Successfully registered JMX Bean with object name Ratis:service=RaftServer,group=group-6E994AD85659,id=s6
2023-03-17 00:26:26,156 INFO  server.RaftServerConfigKeys (ConfUtils.java:logGet(46)) - raft.server.snapshot.auto.trigger.enabled = false (default)
2023-03-17 00:26:26,156 INFO  server.RaftServerConfigKeys (ConfUtils.java:logGet(46)) - raft.server.snapshot.retention.file.num = -1 (default)
2023-03-17 00:26:26,156 INFO  server.RaftServerConfigKeys (ConfUtils.java:logGet(46)) - raft.server.log.purge.upto.snapshot.index = false (default)
2023-03-17 00:26:26,160 INFO  impl.GroupManagementBaseTest (GroupManagementBaseTest.java:runMultiGroupTest(322)) - 4) groupAdd: printing group-69A93867D6DE
2023-03-17 00:26:26,162 INFO  logging.LoggingHandler (AbstractInternalLogger.java:log(148)) - [id: 0xdc48b285, L:/0.0.0.0:44573] READ: [id: 0x8437f8a3, L:/10.1.0.17:44573 - R:/10.1.0.17:49632]
2023-03-17 00:26:26,162 INFO  logging.LoggingHandler (AbstractInternalLogger.java:log(148)) - [id: 0xdc48b285, L:/0.0.0.0:44573] READ COMPLETE
2023-03-17 00:26:26,163 INFO  server.RaftServer (RaftServerProxy.java:addNew(99)) - s7: addNew group-6E994AD85659:[] returns group-6E994AD85659:java.util.concurrent.CompletableFuture@526de7d9[Not completed]
2023-03-17 00:26:26,163 INFO  server.RaftServer$Division (RaftServerImpl.java:<init>(198)) - s7: new RaftServerImpl for group-6E994AD85659:[] with ArithmeticStateMachine:uninitialized
2023-03-17 00:26:26,163 INFO  server.RaftServerConfigKeys (ConfUtils.java:logGet(46)) - raft.server.rpc.timeout.min = 300ms (custom)
2023-03-17 00:26:26,163 INFO  server.RaftServerConfigKeys (ConfUtils.java:logGet(46)) - raft.server.rpc.timeout.max = 600ms (custom)
2023-03-17 00:26:26,163 INFO  server.RaftServerConfigKeys (ConfUtils.java:logGet(46)) - raft.server.rpc.sleep.time = 25ms (default)
2023-03-17 00:26:26,163 INFO  server.RaftServerConfigKeys (ConfUtils.java:logGet(46)) - raft.server.rpc.slowness.timeout = 60s (default)
2023-03-17 00:26:26,163 INFO  server.RaftServerConfigKeys (ConfUtils.java:logGet(46)) - raft.server.leaderelection.leader.step-down.wait-time = 10s (default)
2023-03-17 00:26:26,163 INFO  server.RaftServerConfigKeys (ConfUtils.java:logGet(46)) - raft.server.sleep.deviation.threshold = 300ms (default)
2023-03-17 00:26:26,164 INFO  server.RaftServer$Division (ServerState.java:<init>(113)) - s7@group-6E994AD85659: ConfigurationManager, init=-1: peers:[]|listeners:[], old=null, confs=<EMPTY_MAP>
2023-03-17 00:26:26,164 INFO  server.RaftServerConfigKeys (ConfUtils.java:logGet(46)) - raft.server.notification.no-leader.timeout = 60s (default)
2023-03-17 00:26:26,164 INFO  server.RaftServerConfigKeys (ConfUtils.java:logGet(46)) - raft.server.read.timeout = 10s (default)
2023-03-17 00:26:26,164 INFO  server.RaftServerConfigKeys (ConfUtils.java:logGet(46)) - raft.server.retrycache.expirytime = 60s (default)
2023-03-17 00:26:26,164 INFO  server.RaftServerConfigKeys (ConfUtils.java:logGet(46)) - raft.server.retrycache.statistics.expirytime = 100μs (default)
2023-03-17 00:26:26,164 INFO  server.RaftServerConfigKeys (ConfUtils.java:logGet(46)) - raft.server.read.option = DEFAULT (default)
2023-03-17 00:26:26,164 INFO  server.RaftServerConfigKeys (ConfUtils.java:logGet(46)) - raft.server.log.appender.install.snapshot.enabled = true (default)
2023-03-17 00:26:26,164 INFO  server.RaftServerConfigKeys (ConfUtils.java:logGet(46)) - raft.server.threadpool.server.cached = true (default)
2023-03-17 00:26:26,164 INFO  server.RaftServerConfigKeys (ConfUtils.java:logGet(46)) - raft.server.threadpool.server.size = 0 (default)
2023-03-17 00:26:26,164 INFO  server.RaftServerConfigKeys (ConfUtils.java:logGet(46)) - raft.server.threadpool.client.cached = true (default)
2023-03-17 00:26:26,164 INFO  server.RaftServerConfigKeys (ConfUtils.java:logGet(46)) - raft.server.threadpool.client.size = 0 (default)
2023-03-17 00:26:26,165 INFO  server.RaftServerConfigKeys (ConfUtils.java:logGet(46)) - raft.server.storage.free-space.min = 0MB (=0) (default)
2023-03-17 00:26:26,165 INFO  server.RaftServerConfigKeys (ConfUtils.java:logGet(46)) - raft.server.log.corruption.policy = EXCEPTION (default)
2023-03-17 00:26:26,165 INFO  server.RaftServerConfigKeys (ConfUtils.java:logGet(46)) - raft.server.storage.dir = [/home/runner/work/ratis/ratis/ratis-examples/target/test/data/9a3b15da/MiniRaftClusterWithNettyce94e709/s7] (custom)
2023-03-17 00:26:26,165 INFO  storage.RaftStorageDirectory (RaftStorageDirectoryImpl.java:analyzeStorage(138)) - The storage directory /home/runner/work/ratis/ratis/ratis-examples/target/test/data/9a3b15da/MiniRaftClusterWithNettyce94e709/s7/a909ca09-e6ce-4d78-8d38-6e994ad85659 does not exist. Creating ...
2023-03-17 00:26:26,165 TRACE util.FileUtils (LogUtils.java:runAndLog(49)) - Successfully ran Files.createDirectories /home/runner/work/ratis/ratis/ratis-examples/target/test/data/9a3b15da/MiniRaftClusterWithNettyce94e709/s7/a909ca09-e6ce-4d78-8d38-6e994ad85659
2023-03-17 00:26:26,166 INFO  storage.RaftStorageDirectory (RaftStorageDirectoryImpl.java:tryLock(232)) - Lock on /home/runner/work/ratis/ratis/ratis-examples/target/test/data/9a3b15da/MiniRaftClusterWithNettyce94e709/s7/a909ca09-e6ce-4d78-8d38-6e994ad85659/in_use.lock acquired by nodename 17092@fv-az451-845
2023-03-17 00:26:26,166 TRACE util.FileUtils (LogUtils.java:runAndLog(49)) - Successfully ran Files.createDirectories /home/runner/work/ratis/ratis/ratis-examples/target/test/data/9a3b15da/MiniRaftClusterWithNettyce94e709/s7/a909ca09-e6ce-4d78-8d38-6e994ad85659/current
2023-03-17 00:26:26,167 TRACE util.FileUtils (LogUtils.java:runAndLog(49)) - Successfully ran Files.createDirectories /home/runner/work/ratis/ratis/ratis-examples/target/test/data/9a3b15da/MiniRaftClusterWithNettyce94e709/s7/a909ca09-e6ce-4d78-8d38-6e994ad85659/sm
2023-03-17 00:26:26,168 INFO  storage.RaftStorage (RaftStorageImpl.java:format(96)) - Storage directory /home/runner/work/ratis/ratis/ratis-examples/target/test/data/9a3b15da/MiniRaftClusterWithNettyce94e709/s7/a909ca09-e6ce-4d78-8d38-6e994ad85659 has been successfully formatted.
2023-03-17 00:26:26,168 WARN  statemachine.StateMachine (ArithmeticStateMachine.java:loadSnapshot(116)) - The snapshot info is null.
2023-03-17 00:26:26,168 INFO  server.RaftServerConfigKeys (ConfUtils.java:logGet(46)) - raft.server.log.use.memory = false (default)
2023-03-17 00:26:26,168 INFO  server.RaftServerConfigKeys (ConfUtils.java:logGet(46)) - raft.server.log.purge.gap = 1024 (default)
2023-03-17 00:26:26,169 INFO  server.RaftServerConfigKeys (ConfUtils.java:logGet(46)) - raft.server.log.appender.buffer.byte-limit = 4MB (=4194304) (default)
2023-03-17 00:26:26,169 INFO  server.RaftServerConfigKeys (ConfUtils.java:logGet(46)) - raft.server.log.statemachine.data.read.timeout = 1000ms (default)
2023-03-17 00:26:26,169 INFO  server.RaftServerConfigKeys (ConfUtils.java:logGet(46)) - raft.server.log.purge.preservation.log.num = 0 (default)
2023-03-17 00:26:26,169 INFO  server.RaftServerConfigKeys (ConfUtils.java:logGet(46)) - raft.server.log.segment.size.max = 8MB (=8388608) (default)
2023-03-17 00:26:26,169 INFO  server.RaftServerConfigKeys (ConfUtils.java:logGet(46)) - raft.server.log.segment.cache.num.max = 6 (default)
2023-03-17 00:26:26,169 INFO  server.RaftServerConfigKeys (ConfUtils.java:logGet(46)) - raft.server.log.segment.cache.size.max = 200MB (=209715200) (default)
2023-03-17 00:26:26,169 INFO  server.RaftServerConfigKeys (ConfUtils.java:logGet(46)) - raft.server.log.appender.buffer.byte-limit = 4MB (=4194304) (default)
2023-03-17 00:26:26,169 INFO  segmented.SegmentedRaftLogWorker (SegmentedRaftLogWorker.java:<init>(183)) - new s7@group-6E994AD85659-SegmentedRaftLogWorker for RaftStorageImpl:Storage Directory /home/runner/work/ratis/ratis/ratis-examples/target/test/data/9a3b15da/MiniRaftClusterWithNettyce94e709/s7/a909ca09-e6ce-4d78-8d38-6e994ad85659
2023-03-17 00:26:26,170 INFO  server.RaftServerConfigKeys (ConfUtils.java:logGet(46)) - raft.server.log.queue.byte-limit = 64MB (=67108864) (default)
2023-03-17 00:26:26,170 INFO  server.RaftServerConfigKeys (ConfUtils.java:logGet(46)) - raft.server.log.queue.element-limit = 4096 (default)
2023-03-17 00:26:26,170 INFO  server.RaftServerConfigKeys (ConfUtils.java:logGet(46)) - raft.server.log.segment.size.max = 8MB (=8388608) (default)
2023-03-17 00:26:26,170 INFO  server.RaftServerConfigKeys (ConfUtils.java:logGet(46)) - raft.server.log.preallocated.size = 4MB (=4194304) (default)
2023-03-17 00:26:26,170 INFO  server.RaftServerConfigKeys (ConfUtils.java:logGet(46)) - raft.server.log.force.sync.num = 128 (default)
2023-03-17 00:26:26,170 INFO  server.RaftServerConfigKeys (ConfUtils.java:logGet(46)) - raft.server.log.statemachine.data.sync = true (default)
2023-03-17 00:26:26,170 INFO  server.RaftServerConfigKeys (ConfUtils.java:logGet(46)) - raft.server.log.statemachine.data.sync.timeout = 10s (default)
2023-03-17 00:26:26,170 INFO  server.RaftServerConfigKeys (ConfUtils.java:logGet(46)) - raft.server.log.statemachine.data.sync.timeout.retry = -1 (default)
2023-03-17 00:26:26,170 INFO  server.RaftServerConfigKeys (ConfUtils.java:logGet(46)) - raft.server.log.write.buffer.size = 64KB (=65536) (default)
2023-03-17 00:26:26,170 INFO  server.RaftServerConfigKeys (ConfUtils.java:logGet(46)) - raft.server.log.appender.buffer.byte-limit = 4MB (=4194304) (default)
2023-03-17 00:26:26,171 INFO  server.RaftServerConfigKeys (ConfUtils.java:logGet(46)) - raft.server.log.unsafe-flush.enabled = false (default)
2023-03-17 00:26:26,171 INFO  server.RaftServerConfigKeys (ConfUtils.java:logGet(46)) - raft.server.log.async-flush.enabled = false (default)
2023-03-17 00:26:26,171 INFO  server.RaftServerConfigKeys (ConfUtils.java:logGet(46)) - raft.server.log.statemachine.data.caching.enabled = false (default)
2023-03-17 00:26:26,172 INFO  segmented.SegmentedRaftLogWorker (SegmentedRaftLogWorker.java:lambda$new$0(134)) - s7@group-6E994AD85659-SegmentedRaftLogWorker: flushIndex: setUnconditionally 0 -> -1
2023-03-17 00:26:26,172 INFO  segmented.SegmentedRaftLogWorker (SegmentedRaftLogWorker.java:lambda$new$0(134)) - s7@group-6E994AD85659-SegmentedRaftLogWorker: safeCacheEvictIndex: setUnconditionally 0 -> -1
2023-03-17 00:26:26,172 INFO  server.RaftServer$Division (RaftServerImpl.java:start(348)) - s7@group-6E994AD85659: start with initializing state, conf=-1: peers:[]|listeners:[], old=null
2023-03-17 00:26:26,172 INFO  server.RaftServer$Division (RaftServerImpl.java:setRole(329)) - s7@group-6E994AD85659: changes role from      null to FOLLOWER at term 0 for startInitializing
2023-03-17 00:26:26,172 INFO  util.JmxRegister (JmxRegister.java:tryRegister(44)) - Successfully registered JMX Bean with object name Ratis:service=RaftServer,group=group-6E994AD85659,id=s7
2023-03-17 00:26:26,172 INFO  server.RaftServerConfigKeys (ConfUtils.java:logGet(46)) - raft.server.snapshot.auto.trigger.enabled = false (default)
2023-03-17 00:26:26,172 INFO  server.RaftServerConfigKeys (ConfUtils.java:logGet(46)) - raft.server.snapshot.retention.file.num = -1 (default)
2023-03-17 00:26:26,172 INFO  server.RaftServerConfigKeys (ConfUtils.java:logGet(46)) - raft.server.log.purge.upto.snapshot.index = false (default)
2023-03-17 00:26:26,180 INFO  logging.LoggingHandler (AbstractInternalLogger.java:log(148)) - [id: 0xd69245ec, L:/0.0.0.0:45461] READ: [id: 0xc7ed8d38, L:/10.1.0.17:45461 - R:/10.1.0.17:53538]
2023-03-17 00:26:26,180 INFO  logging.LoggingHandler (AbstractInternalLogger.java:log(148)) - [id: 0xd69245ec, L:/0.0.0.0:45461] READ COMPLETE
2023-03-17 00:26:26,182 INFO  server.RaftServer (RaftServerProxy.java:addNew(99)) - s8: addNew group-6E994AD85659:[] returns group-6E994AD85659:java.util.concurrent.CompletableFuture@d5ac131[Not completed]
2023-03-17 00:26:26,183 INFO  server.RaftServer$Division (RaftServerImpl.java:<init>(198)) - s8: new RaftServerImpl for group-6E994AD85659:[] with ArithmeticStateMachine:uninitialized
2023-03-17 00:26:26,183 INFO  server.RaftServerConfigKeys (ConfUtils.java:logGet(46)) - raft.server.rpc.timeout.min = 300ms (custom)
2023-03-17 00:26:26,183 INFO  server.RaftServerConfigKeys (ConfUtils.java:logGet(46)) - raft.server.rpc.timeout.max = 600ms (custom)
2023-03-17 00:26:26,183 INFO  server.RaftServerConfigKeys (ConfUtils.java:logGet(46)) - raft.server.rpc.sleep.time = 25ms (default)
2023-03-17 00:26:26,183 INFO  server.RaftServerConfigKeys (ConfUtils.java:logGet(46)) - raft.server.rpc.slowness.timeout = 60s (default)
2023-03-17 00:26:26,183 INFO  server.RaftServerConfigKeys (ConfUtils.java:logGet(46)) - raft.server.leaderelection.leader.step-down.wait-time = 10s (default)
2023-03-17 00:26:26,183 INFO  server.RaftServerConfigKeys (ConfUtils.java:logGet(46)) - raft.server.sleep.deviation.threshold = 300ms (default)
2023-03-17 00:26:26,183 INFO  server.RaftServer$Division (ServerState.java:<init>(113)) - s8@group-6E994AD85659: ConfigurationManager, init=-1: peers:[]|listeners:[], old=null, confs=<EMPTY_MAP>
2023-03-17 00:26:26,183 INFO  server.RaftServerConfigKeys (ConfUtils.java:logGet(46)) - raft.server.notification.no-leader.timeout = 60s (default)
2023-03-17 00:26:26,183 INFO  server.RaftServerConfigKeys (ConfUtils.java:logGet(46)) - raft.server.read.timeout = 10s (default)
2023-03-17 00:26:26,183 INFO  server.RaftServerConfigKeys (ConfUtils.java:logGet(46)) - raft.server.retrycache.expirytime = 60s (default)
2023-03-17 00:26:26,183 INFO  server.RaftServerConfigKeys (ConfUtils.java:logGet(46)) - raft.server.retrycache.statistics.expirytime = 100μs (default)
2023-03-17 00:26:26,183 INFO  server.RaftServerConfigKeys (ConfUtils.java:logGet(46)) - raft.server.read.option = DEFAULT (default)
2023-03-17 00:26:26,184 INFO  server.RaftServerConfigKeys (ConfUtils.java:logGet(46)) - raft.server.log.appender.install.snapshot.enabled = true (default)
2023-03-17 00:26:26,184 INFO  server.RaftServerConfigKeys (ConfUtils.java:logGet(46)) - raft.server.threadpool.server.cached = true (default)
2023-03-17 00:26:26,184 INFO  server.RaftServerConfigKeys (ConfUtils.java:logGet(46)) - raft.server.threadpool.server.size = 0 (default)
2023-03-17 00:26:26,184 INFO  server.RaftServerConfigKeys (ConfUtils.java:logGet(46)) - raft.server.threadpool.client.cached = true (default)
2023-03-17 00:26:26,184 INFO  server.RaftServerConfigKeys (ConfUtils.java:logGet(46)) - raft.server.threadpool.client.size = 0 (default)
2023-03-17 00:26:26,184 INFO  server.RaftServerConfigKeys (ConfUtils.java:logGet(46)) - raft.server.storage.free-space.min = 0MB (=0) (default)
2023-03-17 00:26:26,184 INFO  server.RaftServerConfigKeys (ConfUtils.java:logGet(46)) - raft.server.log.corruption.policy = EXCEPTION (default)
2023-03-17 00:26:26,184 INFO  server.RaftServerConfigKeys (ConfUtils.java:logGet(46)) - raft.server.storage.dir = [/home/runner/work/ratis/ratis/ratis-examples/target/test/data/9a3b15da/MiniRaftClusterWithNettyce94e709/s8] (custom)
2023-03-17 00:26:26,185 INFO  storage.RaftStorageDirectory (RaftStorageDirectoryImpl.java:analyzeStorage(138)) - The storage directory /home/runner/work/ratis/ratis/ratis-examples/target/test/data/9a3b15da/MiniRaftClusterWithNettyce94e709/s8/a909ca09-e6ce-4d78-8d38-6e994ad85659 does not exist. Creating ...
2023-03-17 00:26:26,185 TRACE util.FileUtils (LogUtils.java:runAndLog(49)) - Successfully ran Files.createDirectories /home/runner/work/ratis/ratis/ratis-examples/target/test/data/9a3b15da/MiniRaftClusterWithNettyce94e709/s8/a909ca09-e6ce-4d78-8d38-6e994ad85659
2023-03-17 00:26:26,188 INFO  storage.RaftStorageDirectory (RaftStorageDirectoryImpl.java:tryLock(232)) - Lock on /home/runner/work/ratis/ratis/ratis-examples/target/test/data/9a3b15da/MiniRaftClusterWithNettyce94e709/s8/a909ca09-e6ce-4d78-8d38-6e994ad85659/in_use.lock acquired by nodename 17092@fv-az451-845
2023-03-17 00:26:26,188 TRACE util.FileUtils (LogUtils.java:runAndLog(49)) - Successfully ran Files.createDirectories /home/runner/work/ratis/ratis/ratis-examples/target/test/data/9a3b15da/MiniRaftClusterWithNettyce94e709/s8/a909ca09-e6ce-4d78-8d38-6e994ad85659/current
2023-03-17 00:26:26,188 TRACE util.FileUtils (LogUtils.java:runAndLog(49)) - Successfully ran Files.createDirectories /home/runner/work/ratis/ratis/ratis-examples/target/test/data/9a3b15da/MiniRaftClusterWithNettyce94e709/s8/a909ca09-e6ce-4d78-8d38-6e994ad85659/sm
2023-03-17 00:26:26,190 INFO  storage.RaftStorage (RaftStorageImpl.java:format(96)) - Storage directory /home/runner/work/ratis/ratis/ratis-examples/target/test/data/9a3b15da/MiniRaftClusterWithNettyce94e709/s8/a909ca09-e6ce-4d78-8d38-6e994ad85659 has been successfully formatted.
2023-03-17 00:26:26,190 WARN  statemachine.StateMachine (ArithmeticStateMachine.java:loadSnapshot(116)) - The snapshot info is null.
2023-03-17 00:26:26,191 INFO  server.RaftServerConfigKeys (ConfUtils.java:logGet(46)) - raft.server.log.use.memory = false (default)
2023-03-17 00:26:26,191 INFO  server.RaftServerConfigKeys (ConfUtils.java:logGet(46)) - raft.server.log.purge.gap = 1024 (default)
2023-03-17 00:26:26,191 INFO  server.RaftServerConfigKeys (ConfUtils.java:logGet(46)) - raft.server.log.appender.buffer.byte-limit = 4MB (=4194304) (default)
2023-03-17 00:26:26,191 INFO  server.RaftServerConfigKeys (ConfUtils.java:logGet(46)) - raft.server.log.statemachine.data.read.timeout = 1000ms (default)
2023-03-17 00:26:26,191 INFO  server.RaftServerConfigKeys (ConfUtils.java:logGet(46)) - raft.server.log.purge.preservation.log.num = 0 (default)
2023-03-17 00:26:26,191 INFO  server.RaftServerConfigKeys (ConfUtils.java:logGet(46)) - raft.server.log.segment.size.max = 8MB (=8388608) (default)
2023-03-17 00:26:26,192 INFO  server.RaftServerConfigKeys (ConfUtils.java:logGet(46)) - raft.server.log.segment.cache.num.max = 6 (default)
2023-03-17 00:26:26,192 INFO  server.RaftServerConfigKeys (ConfUtils.java:logGet(46)) - raft.server.log.segment.cache.size.max = 200MB (=209715200) (default)
2023-03-17 00:26:26,192 INFO  server.RaftServerConfigKeys (ConfUtils.java:logGet(46)) - raft.server.log.appender.buffer.byte-limit = 4MB (=4194304) (default)
2023-03-17 00:26:26,192 INFO  segmented.SegmentedRaftLogWorker (SegmentedRaftLogWorker.java:<init>(183)) - new s8@group-6E994AD85659-SegmentedRaftLogWorker for RaftStorageImpl:Storage Directory /home/runner/work/ratis/ratis/ratis-examples/target/test/data/9a3b15da/MiniRaftClusterWithNettyce94e709/s8/a909ca09-e6ce-4d78-8d38-6e994ad85659
2023-03-17 00:26:26,192 INFO  server.RaftServerConfigKeys (ConfUtils.java:logGet(46)) - raft.server.log.queue.byte-limit = 64MB (=67108864) (default)
2023-03-17 00:26:26,192 INFO  server.RaftServerConfigKeys (ConfUtils.java:logGet(46)) - raft.server.log.queue.element-limit = 4096 (default)
2023-03-17 00:26:26,192 INFO  server.RaftServerConfigKeys (ConfUtils.java:logGet(46)) - raft.server.log.segment.size.max = 8MB (=8388608) (default)
2023-03-17 00:26:26,192 INFO  server.RaftServerConfigKeys (ConfUtils.java:logGet(46)) - raft.server.log.preallocated.size = 4MB (=4194304) (default)
2023-03-17 00:26:26,192 INFO  server.RaftServerConfigKeys (ConfUtils.java:logGet(46)) - raft.server.log.force.sync.num = 128 (default)
2023-03-17 00:26:26,192 INFO  server.RaftServerConfigKeys (ConfUtils.java:logGet(46)) - raft.server.log.statemachine.data.sync = true (default)
2023-03-17 00:26:26,192 INFO  server.RaftServerConfigKeys (ConfUtils.java:logGet(46)) - raft.server.log.statemachine.data.sync.timeout = 10s (default)
2023-03-17 00:26:26,192 INFO  server.RaftServerConfigKeys (ConfUtils.java:logGet(46)) - raft.server.log.statemachine.data.sync.timeout.retry = -1 (default)
2023-03-17 00:26:26,193 INFO  server.RaftServerConfigKeys (ConfUtils.java:logGet(46)) - raft.server.log.write.buffer.size = 64KB (=65536) (default)
2023-03-17 00:26:26,193 INFO  server.RaftServerConfigKeys (ConfUtils.java:logGet(46)) - raft.server.log.appender.buffer.byte-limit = 4MB (=4194304) (default)
2023-03-17 00:26:26,194 INFO  server.RaftServerConfigKeys (ConfUtils.java:logGet(46)) - raft.server.log.unsafe-flush.enabled = false (default)
2023-03-17 00:26:26,194 INFO  server.RaftServerConfigKeys (ConfUtils.java:logGet(46)) - raft.server.log.async-flush.enabled = false (default)
2023-03-17 00:26:26,195 INFO  server.RaftServerConfigKeys (ConfUtils.java:logGet(46)) - raft.server.log.statemachine.data.caching.enabled = false (default)
2023-03-17 00:26:26,195 INFO  segmented.SegmentedRaftLogWorker (SegmentedRaftLogWorker.java:lambda$new$0(134)) - s8@group-6E994AD85659-SegmentedRaftLogWorker: flushIndex: setUnconditionally 0 -> -1
2023-03-17 00:26:26,195 INFO  segmented.SegmentedRaftLogWorker (SegmentedRaftLogWorker.java:lambda$new$0(134)) - s8@group-6E994AD85659-SegmentedRaftLogWorker: safeCacheEvictIndex: setUnconditionally 0 -> -1
2023-03-17 00:26:26,195 INFO  server.RaftServer$Division (RaftServerImpl.java:start(348)) - s8@group-6E994AD85659: start with initializing state, conf=-1: peers:[]|listeners:[], old=null
2023-03-17 00:26:26,195 INFO  server.RaftServer$Division (RaftServerImpl.java:setRole(329)) - s8@group-6E994AD85659: changes role from      null to FOLLOWER at term 0 for startInitializing
2023-03-17 00:26:26,195 INFO  util.JmxRegister (JmxRegister.java:tryRegister(44)) - Successfully registered JMX Bean with object name Ratis:service=RaftServer,group=group-6E994AD85659,id=s8
2023-03-17 00:26:26,195 INFO  server.RaftServerConfigKeys (ConfUtils.java:logGet(46)) - raft.server.snapshot.auto.trigger.enabled = false (default)
2023-03-17 00:26:26,195 INFO  server.RaftServerConfigKeys (ConfUtils.java:logGet(46)) - raft.server.snapshot.retention.file.num = -1 (default)
2023-03-17 00:26:26,195 INFO  server.RaftServerConfigKeys (ConfUtils.java:logGet(46)) - raft.server.log.purge.upto.snapshot.index = false (default)
2023-03-17 00:26:26,208 INFO  logging.LoggingHandler (AbstractInternalLogger.java:log(148)) - [id: 0xb86cf2de, L:/0.0.0.0:42413] READ: [id: 0xd8341314, L:/10.1.0.17:42413 - R:/10.1.0.17:46304]
2023-03-17 00:26:26,209 INFO  logging.LoggingHandler (AbstractInternalLogger.java:log(148)) - [id: 0xb86cf2de, L:/0.0.0.0:42413] READ COMPLETE
2023-03-17 00:26:26,210 INFO  server.RaftServer (RaftServerProxy.java:addNew(99)) - s9: addNew group-6E994AD85659:[] returns group-6E994AD85659:java.util.concurrent.CompletableFuture@267723eb[Not completed]
2023-03-17 00:26:26,210 INFO  server.RaftServer$Division (RaftServerImpl.java:<init>(198)) - s9: new RaftServerImpl for group-6E994AD85659:[] with ArithmeticStateMachine:uninitialized
2023-03-17 00:26:26,210 INFO  server.RaftServerConfigKeys (ConfUtils.java:logGet(46)) - raft.server.rpc.timeout.min = 300ms (custom)
2023-03-17 00:26:26,210 INFO  server.RaftServerConfigKeys (ConfUtils.java:logGet(46)) - raft.server.rpc.timeout.max = 600ms (custom)
2023-03-17 00:26:26,210 INFO  server.RaftServerConfigKeys (ConfUtils.java:logGet(46)) - raft.server.rpc.sleep.time = 25ms (default)
2023-03-17 00:26:26,210 INFO  server.RaftServerConfigKeys (ConfUtils.java:logGet(46)) - raft.server.rpc.slowness.timeout = 60s (default)
2023-03-17 00:26:26,210 INFO  server.RaftServerConfigKeys (ConfUtils.java:logGet(46)) - raft.server.leaderelection.leader.step-down.wait-time = 10s (default)
2023-03-17 00:26:26,210 INFO  server.RaftServerConfigKeys (ConfUtils.java:logGet(46)) - raft.server.sleep.deviation.threshold = 300ms (default)
2023-03-17 00:26:26,210 INFO  server.RaftServer$Division (ServerState.java:<init>(113)) - s9@group-6E994AD85659: ConfigurationManager, init=-1: peers:[]|listeners:[], old=null, confs=<EMPTY_MAP>
2023-03-17 00:26:26,210 INFO  server.RaftServerConfigKeys (ConfUtils.java:logGet(46)) - raft.server.notification.no-leader.timeout = 60s (default)
2023-03-17 00:26:26,210 INFO  server.RaftServerConfigKeys (ConfUtils.java:logGet(46)) - raft.server.read.timeout = 10s (default)
2023-03-17 00:26:26,210 INFO  server.RaftServerConfigKeys (ConfUtils.java:logGet(46)) - raft.server.retrycache.expirytime = 60s (default)
2023-03-17 00:26:26,210 INFO  server.RaftServerConfigKeys (ConfUtils.java:logGet(46)) - raft.server.retrycache.statistics.expirytime = 100μs (default)
2023-03-17 00:26:26,211 INFO  server.RaftServerConfigKeys (ConfUtils.java:logGet(46)) - raft.server.read.option = DEFAULT (default)
2023-03-17 00:26:26,211 INFO  server.RaftServerConfigKeys (ConfUtils.java:logGet(46)) - raft.server.log.appender.install.snapshot.enabled = true (default)
2023-03-17 00:26:26,211 INFO  server.RaftServerConfigKeys (ConfUtils.java:logGet(46)) - raft.server.threadpool.server.cached = true (default)
2023-03-17 00:26:26,211 INFO  server.RaftServerConfigKeys (ConfUtils.java:logGet(46)) - raft.server.threadpool.server.size = 0 (default)
2023-03-17 00:26:26,211 INFO  server.RaftServerConfigKeys (ConfUtils.java:logGet(46)) - raft.server.threadpool.client.cached = true (default)
2023-03-17 00:26:26,211 INFO  server.RaftServerConfigKeys (ConfUtils.java:logGet(46)) - raft.server.threadpool.client.size = 0 (default)
2023-03-17 00:26:26,211 INFO  server.RaftServerConfigKeys (ConfUtils.java:logGet(46)) - raft.server.storage.free-space.min = 0MB (=0) (default)
2023-03-17 00:26:26,211 INFO  server.RaftServerConfigKeys (ConfUtils.java:logGet(46)) - raft.server.log.corruption.policy = EXCEPTION (default)
2023-03-17 00:26:26,211 INFO  server.RaftServerConfigKeys (ConfUtils.java:logGet(46)) - raft.server.storage.dir = [/home/runner/work/ratis/ratis/ratis-examples/target/test/data/9a3b15da/MiniRaftClusterWithNettyce94e709/s9] (custom)
2023-03-17 00:26:26,212 INFO  storage.RaftStorageDirectory (RaftStorageDirectoryImpl.java:analyzeStorage(138)) - The storage directory /home/runner/work/ratis/ratis/ratis-examples/target/test/data/9a3b15da/MiniRaftClusterWithNettyce94e709/s9/a909ca09-e6ce-4d78-8d38-6e994ad85659 does not exist. Creating ...
2023-03-17 00:26:26,212 TRACE util.FileUtils (LogUtils.java:runAndLog(49)) - Successfully ran Files.createDirectories /home/runner/work/ratis/ratis/ratis-examples/target/test/data/9a3b15da/MiniRaftClusterWithNettyce94e709/s9/a909ca09-e6ce-4d78-8d38-6e994ad85659
2023-03-17 00:26:26,213 INFO  storage.RaftStorageDirectory (RaftStorageDirectoryImpl.java:tryLock(232)) - Lock on /home/runner/work/ratis/ratis/ratis-examples/target/test/data/9a3b15da/MiniRaftClusterWithNettyce94e709/s9/a909ca09-e6ce-4d78-8d38-6e994ad85659/in_use.lock acquired by nodename 17092@fv-az451-845
2023-03-17 00:26:26,213 TRACE util.FileUtils (LogUtils.java:runAndLog(49)) - Successfully ran Files.createDirectories /home/runner/work/ratis/ratis/ratis-examples/target/test/data/9a3b15da/MiniRaftClusterWithNettyce94e709/s9/a909ca09-e6ce-4d78-8d38-6e994ad85659/current
2023-03-17 00:26:26,213 TRACE util.FileUtils (LogUtils.java:runAndLog(49)) - Successfully ran Files.createDirectories /home/runner/work/ratis/ratis/ratis-examples/target/test/data/9a3b15da/MiniRaftClusterWithNettyce94e709/s9/a909ca09-e6ce-4d78-8d38-6e994ad85659/sm
2023-03-17 00:26:26,214 INFO  storage.RaftStorage (RaftStorageImpl.java:format(96)) - Storage directory /home/runner/work/ratis/ratis/ratis-examples/target/test/data/9a3b15da/MiniRaftClusterWithNettyce94e709/s9/a909ca09-e6ce-4d78-8d38-6e994ad85659 has been successfully formatted.
2023-03-17 00:26:26,214 WARN  statemachine.StateMachine (ArithmeticStateMachine.java:loadSnapshot(116)) - The snapshot info is null.
2023-03-17 00:26:26,215 INFO  server.RaftServerConfigKeys (ConfUtils.java:logGet(46)) - raft.server.log.use.memory = false (default)
2023-03-17 00:26:26,215 INFO  server.RaftServerConfigKeys (ConfUtils.java:logGet(46)) - raft.server.log.purge.gap = 1024 (default)
2023-03-17 00:26:26,215 INFO  server.RaftServerConfigKeys (ConfUtils.java:logGet(46)) - raft.server.log.appender.buffer.byte-limit = 4MB (=4194304) (default)
2023-03-17 00:26:26,215 INFO  server.RaftServerConfigKeys (ConfUtils.java:logGet(46)) - raft.server.log.statemachine.data.read.timeout = 1000ms (default)
2023-03-17 00:26:26,215 INFO  server.RaftServerConfigKeys (ConfUtils.java:logGet(46)) - raft.server.log.purge.preservation.log.num = 0 (default)
2023-03-17 00:26:26,215 INFO  server.RaftServerConfigKeys (ConfUtils.java:logGet(46)) - raft.server.log.segment.size.max = 8MB (=8388608) (default)
2023-03-17 00:26:26,216 INFO  server.RaftServerConfigKeys (ConfUtils.java:logGet(46)) - raft.server.log.segment.cache.num.max = 6 (default)
2023-03-17 00:26:26,216 INFO  server.RaftServerConfigKeys (ConfUtils.java:logGet(46)) - raft.server.log.segment.cache.size.max = 200MB (=209715200) (default)
2023-03-17 00:26:26,216 INFO  server.RaftServerConfigKeys (ConfUtils.java:logGet(46)) - raft.server.log.appender.buffer.byte-limit = 4MB (=4194304) (default)
2023-03-17 00:26:26,216 INFO  segmented.SegmentedRaftLogWorker (SegmentedRaftLogWorker.java:<init>(183)) - new s9@group-6E994AD85659-SegmentedRaftLogWorker for RaftStorageImpl:Storage Directory /home/runner/work/ratis/ratis/ratis-examples/target/test/data/9a3b15da/MiniRaftClusterWithNettyce94e709/s9/a909ca09-e6ce-4d78-8d38-6e994ad85659
2023-03-17 00:26:26,216 INFO  server.RaftServerConfigKeys (ConfUtils.java:logGet(46)) - raft.server.log.queue.byte-limit = 64MB (=67108864) (default)
2023-03-17 00:26:26,216 INFO  server.RaftServerConfigKeys (ConfUtils.java:logGet(46)) - raft.server.log.queue.element-limit = 4096 (default)
2023-03-17 00:26:26,219 INFO  server.RaftServerConfigKeys (ConfUtils.java:logGet(46)) - raft.server.log.segment.size.max = 8MB (=8388608) (default)
2023-03-17 00:26:26,219 INFO  server.RaftServerConfigKeys (ConfUtils.java:logGet(46)) - raft.server.log.preallocated.size = 4MB (=4194304) (default)
2023-03-17 00:26:26,219 INFO  server.RaftServerConfigKeys (ConfUtils.java:logGet(46)) - raft.server.log.force.sync.num = 128 (default)
2023-03-17 00:26:26,219 INFO  server.RaftServerConfigKeys (ConfUtils.java:logGet(46)) - raft.server.log.statemachine.data.sync = true (default)
2023-03-17 00:26:26,219 INFO  server.RaftServerConfigKeys (ConfUtils.java:logGet(46)) - raft.server.log.statemachine.data.sync.timeout = 10s (default)
2023-03-17 00:26:26,219 INFO  server.RaftServerConfigKeys (ConfUtils.java:logGet(46)) - raft.server.log.statemachine.data.sync.timeout.retry = -1 (default)
2023-03-17 00:26:26,220 INFO  server.RaftServerConfigKeys (ConfUtils.java:logGet(46)) - raft.server.log.write.buffer.size = 64KB (=65536) (default)
2023-03-17 00:26:26,220 INFO  server.RaftServerConfigKeys (ConfUtils.java:logGet(46)) - raft.server.log.appender.buffer.byte-limit = 4MB (=4194304) (default)
2023-03-17 00:26:26,222 INFO  server.RaftServerConfigKeys (ConfUtils.java:logGet(46)) - raft.server.log.unsafe-flush.enabled = false (default)
2023-03-17 00:26:26,222 INFO  server.RaftServerConfigKeys (ConfUtils.java:logGet(46)) - raft.server.log.async-flush.enabled = false (default)
2023-03-17 00:26:26,222 INFO  server.RaftServerConfigKeys (ConfUtils.java:logGet(46)) - raft.server.log.statemachine.data.caching.enabled = false (default)
2023-03-17 00:26:26,223 INFO  segmented.SegmentedRaftLogWorker (SegmentedRaftLogWorker.java:lambda$new$0(134)) - s9@group-6E994AD85659-SegmentedRaftLogWorker: flushIndex: setUnconditionally 0 -> -1
2023-03-17 00:26:26,223 INFO  segmented.SegmentedRaftLogWorker (SegmentedRaftLogWorker.java:lambda$new$0(134)) - s9@group-6E994AD85659-SegmentedRaftLogWorker: safeCacheEvictIndex: setUnconditionally 0 -> -1
2023-03-17 00:26:26,223 INFO  server.RaftServer$Division (RaftServerImpl.java:start(348)) - s9@group-6E994AD85659: start with initializing state, conf=-1: peers:[]|listeners:[], old=null
2023-03-17 00:26:26,223 INFO  server.RaftServer$Division (RaftServerImpl.java:setRole(329)) - s9@group-6E994AD85659: changes role from      null to FOLLOWER at term 0 for startInitializing
2023-03-17 00:26:26,223 INFO  util.JmxRegister (JmxRegister.java:tryRegister(44)) - Successfully registered JMX Bean with object name Ratis:service=RaftServer,group=group-6E994AD85659,id=s9
2023-03-17 00:26:26,223 INFO  server.RaftServerConfigKeys (ConfUtils.java:logGet(46)) - raft.server.snapshot.auto.trigger.enabled = false (default)
2023-03-17 00:26:26,223 INFO  server.RaftServerConfigKeys (ConfUtils.java:logGet(46)) - raft.server.snapshot.retention.file.num = -1 (default)
2023-03-17 00:26:26,223 INFO  server.RaftServerConfigKeys (ConfUtils.java:logGet(46)) - raft.server.log.purge.upto.snapshot.index = false (default)
2023-03-17 00:26:26,227 INFO  impl.GroupManagementBaseTest (GroupManagementBaseTest.java:runMultiGroupTest(330)) - 0) setConfiguration: printing group-6E994AD85659
  s3:  RUNNING [
   FOLLOWER s3@group-6E994AD85659:t0, leader=null, voted=, raftlog=Memoized:s3@group-6E994AD85659-SegmentedRaftLog:OPENED:c-1, conf=-1: peers:[]|listeners:[], old=null STARTING
   FOLLOWER s3@group-38FE90E113AE:t0, leader=null, voted=, raftlog=Memoized:s3@group-38FE90E113AE-SegmentedRaftLog:OPENED:c-1, conf=-1: peers:[]|listeners:[], old=null STARTING] size=2
  s4:  RUNNING [
   FOLLOWER s4@group-6E994AD85659:t0, leader=null, voted=, raftlog=Memoized:s4@group-6E994AD85659-SegmentedRaftLog:OPENED:c-1, conf=-1: peers:[]|listeners:[], old=null STARTING
   FOLLOWER s4@group-38FE90E113AE:t0, leader=null, voted=, raftlog=Memoized:s4@group-38FE90E113AE-SegmentedRaftLog:OPENED:c-1, conf=-1: peers:[]|listeners:[], old=null STARTING] size=2
  s5:  RUNNING [
   FOLLOWER s5@group-6E994AD85659:t0, leader=null, voted=, raftlog=Memoized:s5@group-6E994AD85659-SegmentedRaftLog:OPENED:c-1, conf=-1: peers:[]|listeners:[], old=null STARTING
   FOLLOWER s5@group-38FE90E113AE:t0, leader=null, voted=, raftlog=Memoized:s5@group-38FE90E113AE-SegmentedRaftLog:OPENED:c-1, conf=-1: peers:[]|listeners:[], old=null STARTING] size=2
  s6:  RUNNING [
   FOLLOWER s6@group-6E994AD85659:t0, leader=null, voted=, raftlog=Memoized:s6@group-6E994AD85659-SegmentedRaftLog:OPENED:c-1, conf=-1: peers:[]|listeners:[], old=null STARTING
   FOLLOWER s6@group-38FE90E113AE:t0, leader=null, voted=, raftlog=Memoized:s6@group-38FE90E113AE-SegmentedRaftLog:OPENED:c-1, conf=-1: peers:[]|listeners:[], old=null STARTING] size=2
  s7:  RUNNING [
   FOLLOWER s7@group-6E994AD85659:t0, leader=null, voted=, raftlog=Memoized:s7@group-6E994AD85659-SegmentedRaftLog:OPENED:c-1, conf=-1: peers:[]|listeners:[], old=null STARTING
   FOLLOWER s7@group-38FE90E113AE:t0, leader=null, voted=, raftlog=Memoized:s7@group-38FE90E113AE-SegmentedRaftLog:OPENED:c-1, conf=-1: peers:[]|listeners:[], old=null STARTING] size=2
  s8:  RUNNING [
   FOLLOWER s8@group-6E994AD85659:t0, leader=null, voted=, raftlog=Memoized:s8@group-6E994AD85659-SegmentedRaftLog:OPENED:c-1, conf=-1: peers:[]|listeners:[], old=null STARTING
   FOLLOWER s8@group-38FE90E113AE:t0, leader=null, voted=, raftlog=Memoized:s8@group-38FE90E113AE-SegmentedRaftLog:OPENED:c-1, conf=-1: peers:[]|listeners:[], old=null STARTING] size=2
  s9:  RUNNING [
   FOLLOWER s9@group-6E994AD85659:t0, leader=null, voted=, raftlog=Memoized:s9@group-6E994AD85659-SegmentedRaftLog:OPENED:c-1, conf=-1: peers:[]|listeners:[], old=null STARTING
   FOLLOWER s9@group-38FE90E113AE:t0, leader=null, voted=, raftlog=Memoized:s9@group-38FE90E113AE-SegmentedRaftLog:OPENED:c-1, conf=-1: peers:[]|listeners:[], old=null STARTING] size=2
  s11:  RUNNING [
   FOLLOWER s11@group-6E994AD85659:t0, leader=null, voted=, raftlog=Memoized:s11@group-6E994AD85659-SegmentedRaftLog:OPENED:c-1, conf=-1: peers:[]|listeners:[], old=null STARTING
   FOLLOWER s11@group-38FE90E113AE:t0, leader=null, voted=, raftlog=Memoized:s11@group-38FE90E113AE-SegmentedRaftLog:OPENED:c-1, conf=-1: peers:[]|listeners:[], old=null STARTING] size=2
  s10:  RUNNING [
   FOLLOWER s10@group-6E994AD85659:t1, leader=s1, voted=s1, raftlog=Memoized:s10@group-6E994AD85659-SegmentedRaftLog:OPENED:c120, conf=0: peers:[s10|rpc:0.0.0.0:37585|dataStream:|priority:0|startupRole:FOLLOWER, s0|rpc:0.0.0.0:43787|dataStream:|priority:0|startupRole:FOLLOWER, s1|rpc:0.0.0.0:45531|dataStream:|priority:0|startupRole:FOLLOWER]|listeners:[], old=null RUNNING
   FOLLOWER s10@group-38FE90E113AE:t0, leader=null, voted=, raftlog=Memoized:s10@group-38FE90E113AE-SegmentedRaftLog:OPENED:c-1, conf=-1: peers:[]|listeners:[], old=null STARTING] size=2
  s13:  RUNNING [
   FOLLOWER s13@group-6E994AD85659:t0, leader=null, voted=, raftlog=Memoized:s13@group-6E994AD85659-SegmentedRaftLog:OPENED:c-1, conf=-1: peers:[]|listeners:[], old=null STARTING
   FOLLOWER s13@group-38FE90E113AE:t0, leader=null, voted=, raftlog=Memoized:s13@group-38FE90E113AE-SegmentedRaftLog:OPENED:c-1, conf=-1: peers:[]|listeners:[], old=null STARTING] size=2
  s12:  RUNNING [
   FOLLOWER s12@group-6E994AD85659:t0, leader=null, voted=, raftlog=Memoized:s12@group-6E994AD85659-SegmentedRaftLog:OPENED:c-1, conf=-1: peers:[]|listeners:[], old=null STARTING
   FOLLOWER s12@group-38FE90E113AE:t0, leader=null, voted=, raftlog=Memoized:s12@group-38FE90E113AE-SegmentedRaftLog:OPENED:c-1, conf=-1: peers:[]|listeners:[], old=null STARTING] size=2
  s14:  RUNNING [
   FOLLOWER s14@group-6E994AD85659:t0, leader=null, voted=, raftlog=Memoized:s14@group-6E994AD85659-SegmentedRaftLog:OPENED:c-1, conf=-1: peers:[]|listeners:[], old=null STARTING
   FOLLOWER s14@group-38FE90E113AE:t0, leader=null, voted=, raftlog=Memoized:s14@group-38FE90E113AE-SegmentedRaftLog:OPENED:c-1, conf=-1: peers:[]|listeners:[], old=null STARTING] size=2
  s0:  RUNNING [
   FOLLOWER s0@group-6E994AD85659:t1, leader=s1, voted=s1, raftlog=Memoized:s0@group-6E994AD85659-SegmentedRaftLog:OPENED:c120, conf=0: peers:[s10|rpc:0.0.0.0:37585|dataStream:|priority:0|startupRole:FOLLOWER, s0|rpc:0.0.0.0:43787|dataStream:|priority:0|startupRole:FOLLOWER, s1|rpc:0.0.0.0:45531|dataStream:|priority:0|startupRole:FOLLOWER]|listeners:[], old=null RUNNING
   FOLLOWER s0@group-38FE90E113AE:t0, leader=null, voted=, raftlog=Memoized:s0@group-38FE90E113AE-SegmentedRaftLog:OPENED:c-1, conf=-1: peers:[]|listeners:[], old=null STARTING] size=2
  s1:  RUNNING [
     LEADER s1@group-6E994AD85659:t1, leader=s1, voted=s1, raftlog=Memoized:s1@group-6E994AD85659-SegmentedRaftLog:OPENED:c120, conf=0: peers:[s10|rpc:0.0.0.0:37585|dataStream:|priority:0|startupRole:FOLLOWER, s0|rpc:0.0.0.0:43787|dataStream:|priority:0|startupRole:FOLLOWER, s1|rpc:0.0.0.0:45531|dataStream:|priority:0|startupRole:FOLLOWER]|listeners:[], old=null RUNNING
   FOLLOWER s1@group-38FE90E113AE:t0, leader=null, voted=, raftlog=Memoized:s1@group-38FE90E113AE-SegmentedRaftLog:OPENED:c-1, conf=-1: peers:[]|listeners:[], old=null STARTING] size=2
  s2:  RUNNING [
   FOLLOWER s2@group-6E994AD85659:t0, leader=null, voted=, raftlog=Memoized:s2@group-6E994AD85659-SegmentedRaftLog:OPENED:c-1, conf=-1: peers:[]|listeners:[], old=null STARTING
   FOLLOWER s2@group-38FE90E113AE:t0, leader=null, voted=, raftlog=Memoized:s2@group-38FE90E113AE-SegmentedRaftLog:OPENED:c-1, conf=-1: peers:[]|listeners:[], old=null STARTING] size=2
2023-03-17 00:26:26,229 INFO  logging.LoggingHandler (AbstractInternalLogger.java:log(148)) - [id: 0xbdd8d28e, L:/0.0.0.0:45531] READ: [id: 0x59e17806, L:/10.1.0.17:45531 - R:/10.1.0.17:40426]
2023-03-17 00:26:26,232 INFO  logging.LoggingHandler (AbstractInternalLogger.java:log(148)) - [id: 0xbdd8d28e, L:/0.0.0.0:45531] READ COMPLETE
2023-03-17 00:26:26,233 INFO  server.RaftServer$Division (RaftServerImpl.java:setConfigurationAsync(1197)) - s1@group-6E994AD85659: receive setConfiguration SetConfigurationRequest:client-AD97224477BC->s1@group-6E994AD85659, cid=7543, seq=0, RW, null, SET_UNCONDITIONALLY, servers:[s0|rpc:0.0.0.0:43787|dataStream:|priority:0|startupRole:FOLLOWER, s1|rpc:0.0.0.0:45531|dataStream:|priority:0|startupRole:FOLLOWER, s10|rpc:0.0.0.0:37585|dataStream:|priority:0|startupRole:FOLLOWER, s11|rpc:0.0.0.0:37111|dataStream:|priority:0|startupRole:FOLLOWER, s12|rpc:0.0.0.0:36717|dataStream:|priority:0|startupRole:FOLLOWER, s13|rpc:0.0.0.0:39411|dataStream:|priority:0|startupRole:FOLLOWER, s14|rpc:0.0.0.0:36477|dataStream:|priority:0|startupRole:FOLLOWER, s2|rpc:0.0.0.0:39635|dataStream:|priority:0|startupRole:FOLLOWER, s3|rpc:0.0.0.0:36277|dataStream:|priority:0|startupRole:FOLLOWER, s4|rpc:0.0.0.0:39523|dataStream:|priority:0|startupRole:FOLLOWER, s5|rpc:0.0.0.0:38791|dataStream:|priority:0|startupRole:FOLLOWER, s6|rpc:0.0.0.0:34503|dataStream:|priority:0|startupRole:FOLLOWER, s7|rpc:0.0.0.0:44573|dataStream:|priority:0|startupRole:FOLLOWER, s8|rpc:0.0.0.0:45461|dataStream:|priority:0|startupRole:FOLLOWER, s9|rpc:0.0.0.0:42413|dataStream:|priority:0|startupRole:FOLLOWER], listeners:[]
2023-03-17 00:26:26,233 INFO  server.RaftServer$Division (LeaderStateImpl.java:startSetConfiguration(440)) - s1@group-6E994AD85659-LeaderStateImpl: startSetConfiguration SetConfigurationRequest:client-AD97224477BC->s1@group-6E994AD85659, cid=7543, seq=0, RW, null, SET_UNCONDITIONALLY, servers:[s0|rpc:0.0.0.0:43787|dataStream:|priority:0|startupRole:FOLLOWER, s1|rpc:0.0.0.0:45531|dataStream:|priority:0|startupRole:FOLLOWER, s10|rpc:0.0.0.0:37585|dataStream:|priority:0|startupRole:FOLLOWER, s11|rpc:0.0.0.0:37111|dataStream:|priority:0|startupRole:FOLLOWER, s12|rpc:0.0.0.0:36717|dataStream:|priority:0|startupRole:FOLLOWER, s13|rpc:0.0.0.0:39411|dataStream:|priority:0|startupRole:FOLLOWER, s14|rpc:0.0.0.0:36477|dataStream:|priority:0|startupRole:FOLLOWER, s2|rpc:0.0.0.0:39635|dataStream:|priority:0|startupRole:FOLLOWER, s3|rpc:0.0.0.0:36277|dataStream:|priority:0|startupRole:FOLLOWER, s4|rpc:0.0.0.0:39523|dataStream:|priority:0|startupRole:FOLLOWER, s5|rpc:0.0.0.0:38791|dataStream:|priority:0|startupRole:FOLLOWER, s6|rpc:0.0.0.0:34503|dataStream:|priority:0|startupRole:FOLLOWER, s7|rpc:0.0.0.0:44573|dataStream:|priority:0|startupRole:FOLLOWER, s8|rpc:0.0.0.0:45461|dataStream:|priority:0|startupRole:FOLLOWER, s9|rpc:0.0.0.0:42413|dataStream:|priority:0|startupRole:FOLLOWER], listeners:[]
2023-03-17 00:26:26,234 INFO  server.RaftServerConfigKeys (ConfUtils.java:logGet(46)) - raft.server.log.appender.snapshot.chunk.size.max = 16MB (=16777216) (default)
2023-03-17 00:26:26,234 INFO  server.RaftServerConfigKeys (ConfUtils.java:logGet(46)) - raft.server.log.appender.buffer.byte-limit = 4MB (=4194304) (default)
2023-03-17 00:26:26,234 INFO  server.RaftServerConfigKeys (ConfUtils.java:logGet(46)) - raft.server.log.appender.buffer.element-limit = 0 (default)
2023-03-17 00:26:26,234 INFO  server.RaftServerConfigKeys (ConfUtils.java:logGet(46)) - raft.server.log.appender.wait-time.min = 10ms (default)
2023-03-17 00:26:26,235 INFO  server.RaftServerConfigKeys (ConfUtils.java:logGet(46)) - raft.server.log.appender.snapshot.chunk.size.max = 16MB (=16777216) (default)
2023-03-17 00:26:26,235 INFO  server.RaftServerConfigKeys (ConfUtils.java:logGet(46)) - raft.server.log.appender.buffer.byte-limit = 4MB (=4194304) (default)
2023-03-17 00:26:26,235 INFO  server.RaftServerConfigKeys (ConfUtils.java:logGet(46)) - raft.server.log.appender.buffer.element-limit = 0 (default)
2023-03-17 00:26:26,235 INFO  server.RaftServerConfigKeys (ConfUtils.java:logGet(46)) - raft.server.log.appender.wait-time.min = 10ms (default)
2023-03-17 00:26:26,235 INFO  server.RaftServerConfigKeys (ConfUtils.java:logGet(46)) - raft.server.log.appender.snapshot.chunk.size.max = 16MB (=16777216) (default)
2023-03-17 00:26:26,235 INFO  server.RaftServerConfigKeys (ConfUtils.java:logGet(46)) - raft.server.log.appender.buffer.byte-limit = 4MB (=4194304) (default)
2023-03-17 00:26:26,235 INFO  server.RaftServerConfigKeys (ConfUtils.java:logGet(46)) - raft.server.log.appender.buffer.element-limit = 0 (default)
2023-03-17 00:26:26,235 INFO  server.RaftServerConfigKeys (ConfUtils.java:logGet(46)) - raft.server.log.appender.wait-time.min = 10ms (default)
2023-03-17 00:26:26,236 INFO  server.RaftServerConfigKeys (ConfUtils.java:logGet(46)) - raft.server.log.appender.snapshot.chunk.size.max = 16MB (=16777216) (default)
2023-03-17 00:26:26,236 INFO  server.RaftServerConfigKeys (ConfUtils.java:logGet(46)) - raft.server.log.appender.buffer.byte-limit = 4MB (=4194304) (default)
2023-03-17 00:26:26,236 INFO  server.RaftServerConfigKeys (ConfUtils.java:logGet(46)) - raft.server.log.appender.buffer.element-limit = 0 (default)
2023-03-17 00:26:26,236 INFO  server.RaftServerConfigKeys (ConfUtils.java:logGet(46)) - raft.server.log.appender.wait-time.min = 10ms (default)
2023-03-17 00:26:26,236 INFO  server.RaftServerConfigKeys (ConfUtils.java:logGet(46)) - raft.server.log.appender.snapshot.chunk.size.max = 16MB (=16777216) (default)
2023-03-17 00:26:26,236 INFO  server.RaftServerConfigKeys (ConfUtils.java:logGet(46)) - raft.server.log.appender.buffer.byte-limit = 4MB (=4194304) (default)
2023-03-17 00:26:26,236 INFO  server.RaftServerConfigKeys (ConfUtils.java:logGet(46)) - raft.server.log.appender.buffer.element-limit = 0 (default)
2023-03-17 00:26:26,237 INFO  server.RaftServerConfigKeys (ConfUtils.java:logGet(46)) - raft.server.log.appender.wait-time.min = 10ms (default)
2023-03-17 00:26:26,237 INFO  server.RaftServerConfigKeys (ConfUtils.java:logGet(46)) - raft.server.log.appender.snapshot.chunk.size.max = 16MB (=16777216) (default)
2023-03-17 00:26:26,237 INFO  server.RaftServerConfigKeys (ConfUtils.java:logGet(46)) - raft.server.log.appender.buffer.byte-limit = 4MB (=4194304) (default)
2023-03-17 00:26:26,237 INFO  server.RaftServerConfigKeys (ConfUtils.java:logGet(46)) - raft.server.log.appender.buffer.element-limit = 0 (default)
2023-03-17 00:26:26,237 INFO  server.RaftServerConfigKeys (ConfUtils.java:logGet(46)) - raft.server.log.appender.wait-time.min = 10ms (default)
2023-03-17 00:26:26,237 INFO  server.RaftServerConfigKeys (ConfUtils.java:logGet(46)) - raft.server.log.appender.snapshot.chunk.size.max = 16MB (=16777216) (default)
2023-03-17 00:26:26,237 INFO  server.RaftServerConfigKeys (ConfUtils.java:logGet(46)) - raft.server.log.appender.buffer.byte-limit = 4MB (=4194304) (default)
2023-03-17 00:26:26,237 INFO  server.RaftServerConfigKeys (ConfUtils.java:logGet(46)) - raft.server.log.appender.buffer.element-limit = 0 (default)
2023-03-17 00:26:26,237 INFO  server.RaftServerConfigKeys (ConfUtils.java:logGet(46)) - raft.server.log.appender.wait-time.min = 10ms (default)
2023-03-17 00:26:26,238 INFO  server.RaftServerConfigKeys (ConfUtils.java:logGet(46)) - raft.server.log.appender.snapshot.chunk.size.max = 16MB (=16777216) (default)
2023-03-17 00:26:26,238 INFO  server.RaftServerConfigKeys (ConfUtils.java:logGet(46)) - raft.server.log.appender.buffer.byte-limit = 4MB (=4194304) (default)
2023-03-17 00:26:26,238 INFO  server.RaftServerConfigKeys (ConfUtils.java:logGet(46)) - raft.server.log.appender.buffer.element-limit = 0 (default)
2023-03-17 00:26:26,238 INFO  server.RaftServerConfigKeys (ConfUtils.java:logGet(46)) - raft.server.log.appender.wait-time.min = 10ms (default)
2023-03-17 00:26:26,238 INFO  server.RaftServerConfigKeys (ConfUtils.java:logGet(46)) - raft.server.log.appender.snapshot.chunk.size.max = 16MB (=16777216) (default)
2023-03-17 00:26:26,238 INFO  server.RaftServerConfigKeys (ConfUtils.java:logGet(46)) - raft.server.log.appender.buffer.byte-limit = 4MB (=4194304) (default)
2023-03-17 00:26:26,238 INFO  server.RaftServerConfigKeys (ConfUtils.java:logGet(46)) - raft.server.log.appender.buffer.element-limit = 0 (default)
2023-03-17 00:26:26,239 INFO  server.RaftServerConfigKeys (ConfUtils.java:logGet(46)) - raft.server.log.appender.wait-time.min = 10ms (default)
2023-03-17 00:26:26,239 INFO  server.RaftServerConfigKeys (ConfUtils.java:logGet(46)) - raft.server.log.appender.snapshot.chunk.size.max = 16MB (=16777216) (default)
2023-03-17 00:26:26,239 INFO  server.RaftServerConfigKeys (ConfUtils.java:logGet(46)) - raft.server.log.appender.buffer.byte-limit = 4MB (=4194304) (default)
2023-03-17 00:26:26,239 INFO  server.RaftServerConfigKeys (ConfUtils.java:logGet(46)) - raft.server.log.appender.buffer.element-limit = 0 (default)
2023-03-17 00:26:26,239 INFO  server.RaftServerConfigKeys (ConfUtils.java:logGet(46)) - raft.server.log.appender.wait-time.min = 10ms (default)
2023-03-17 00:26:26,239 INFO  server.RaftServerConfigKeys (ConfUtils.java:logGet(46)) - raft.server.log.appender.snapshot.chunk.size.max = 16MB (=16777216) (default)
2023-03-17 00:26:26,239 INFO  server.RaftServerConfigKeys (ConfUtils.java:logGet(46)) - raft.server.log.appender.buffer.byte-limit = 4MB (=4194304) (default)
2023-03-17 00:26:26,239 INFO  server.RaftServerConfigKeys (ConfUtils.java:logGet(46)) - raft.server.log.appender.buffer.element-limit = 0 (default)
2023-03-17 00:26:26,240 INFO  server.RaftServerConfigKeys (ConfUtils.java:logGet(46)) - raft.server.log.appender.wait-time.min = 10ms (default)
2023-03-17 00:26:26,240 INFO  server.RaftServerConfigKeys (ConfUtils.java:logGet(46)) - raft.server.log.appender.snapshot.chunk.size.max = 16MB (=16777216) (default)
2023-03-17 00:26:26,240 INFO  server.RaftServerConfigKeys (ConfUtils.java:logGet(46)) - raft.server.log.appender.buffer.byte-limit = 4MB (=4194304) (default)
2023-03-17 00:26:26,240 INFO  server.RaftServerConfigKeys (ConfUtils.java:logGet(46)) - raft.server.log.appender.buffer.element-limit = 0 (default)
2023-03-17 00:26:26,240 INFO  server.RaftServerConfigKeys (ConfUtils.java:logGet(46)) - raft.server.log.appender.wait-time.min = 10ms (default)
2023-03-17 00:26:26,241 INFO  leader.FollowerInfo (FollowerInfoImpl.java:setAttemptedToInstallSnapshot(126)) - Follower s1@group-6E994AD85659->s3 acknowledged installing snapshot
2023-03-17 00:26:26,242 INFO  leader.FollowerInfo (FollowerInfoImpl.java:setAttemptedToInstallSnapshot(126)) - Follower s1@group-6E994AD85659->s4 acknowledged installing snapshot
2023-03-17 00:26:26,242 INFO  leader.FollowerInfo (FollowerInfoImpl.java:setAttemptedToInstallSnapshot(126)) - Follower s1@group-6E994AD85659->s11 acknowledged installing snapshot
2023-03-17 00:26:26,246 INFO  logging.LoggingHandler (AbstractInternalLogger.java:log(148)) - [id: 0x0bedeedd, L:/0.0.0.0:37111] READ: [id: 0x24c7fb07, L:/10.1.0.17:37111 - R:/10.1.0.17:60172]
2023-03-17 00:26:26,247 INFO  logging.LoggingHandler (AbstractInternalLogger.java:log(148)) - [id: 0x0bedeedd, L:/0.0.0.0:37111] READ COMPLETE
2023-03-17 00:26:26,250 INFO  leader.FollowerInfo (FollowerInfoImpl.java:setAttemptedToInstallSnapshot(126)) - Follower s1@group-6E994AD85659->s5 acknowledged installing snapshot
2023-03-17 00:26:26,251 INFO  server.RaftServer$Division (ServerState.java:setLeader(260)) - s11@group-6E994AD85659: change Leader from null to s1 at term 1 for appendEntries, leader elected after 350ms
2023-03-17 00:26:26,251 INFO  impl.RoleInfo (RoleInfo.java:updateAndGet(139)) - s11: start s11@group-6E994AD85659-FollowerState
2023-03-17 00:26:26,252 INFO  logging.LoggingHandler (AbstractInternalLogger.java:log(148)) - [id: 0x571c5d97, L:/0.0.0.0:38791] READ: [id: 0x288629f6, L:/10.1.0.17:38791 - R:/10.1.0.17:58222]
2023-03-17 00:26:26,252 INFO  logging.LoggingHandler (AbstractInternalLogger.java:log(148)) - [id: 0x571c5d97, L:/0.0.0.0:38791] READ COMPLETE
2023-03-17 00:26:26,254 INFO  leader.FollowerInfo (FollowerInfoImpl.java:setAttemptedToInstallSnapshot(126)) - Follower s1@group-6E994AD85659->s6 acknowledged installing snapshot
2023-03-17 00:26:26,255 INFO  server.RaftServer$Division (ServerState.java:setLeader(260)) - s5@group-6E994AD85659: change Leader from null to s1 at term 1 for appendEntries, leader elected after 139ms
2023-03-17 00:26:26,255 INFO  impl.RoleInfo (RoleInfo.java:updateAndGet(139)) - s5: start s5@group-6E994AD85659-FollowerState
2023-03-17 00:26:26,256 INFO  leader.FollowerInfo (FollowerInfoImpl.java:setAttemptedToInstallSnapshot(126)) - Follower s1@group-6E994AD85659->s13 acknowledged installing snapshot
2023-03-17 00:26:26,258 INFO  leader.FollowerInfo (FollowerInfoImpl.java:setAttemptedToInstallSnapshot(126)) - Follower s1@group-6E994AD85659->s7 acknowledged installing snapshot
2023-03-17 00:26:26,260 INFO  logging.LoggingHandler (AbstractInternalLogger.java:log(148)) - [id: 0xdc48b285, L:/0.0.0.0:44573] READ: [id: 0x930210f4, L:/10.1.0.17:44573 - R:/10.1.0.17:49644]
2023-03-17 00:26:26,260 INFO  logging.LoggingHandler (AbstractInternalLogger.java:log(148)) - [id: 0xdc48b285, L:/0.0.0.0:44573] READ COMPLETE
2023-03-17 00:26:26,262 INFO  leader.FollowerInfo (FollowerInfoImpl.java:setAttemptedToInstallSnapshot(126)) - Follower s1@group-6E994AD85659->s12 acknowledged installing snapshot
2023-03-17 00:26:26,263 INFO  server.RaftServer$Division (ServerState.java:setLeader(260)) - s7@group-6E994AD85659: change Leader from null to s1 at term 1 for appendEntries, leader elected after 98ms
2023-03-17 00:26:26,263 INFO  impl.RoleInfo (RoleInfo.java:updateAndGet(139)) - s7: start s7@group-6E994AD85659-FollowerState
2023-03-17 00:26:26,268 INFO  leader.FollowerInfo (FollowerInfoImpl.java:setAttemptedToInstallSnapshot(126)) - Follower s1@group-6E994AD85659->s8 acknowledged installing snapshot
2023-03-17 00:26:26,269 INFO  logging.LoggingHandler (AbstractInternalLogger.java:log(148)) - [id: 0xd69245ec, L:/0.0.0.0:45461] READ: [id: 0x3241e7ae, L:/10.1.0.17:45461 - R:/10.1.0.17:53548]
2023-03-17 00:26:26,269 INFO  logging.LoggingHandler (AbstractInternalLogger.java:log(148)) - [id: 0xd69245ec, L:/0.0.0.0:45461] READ COMPLETE
2023-03-17 00:26:26,270 INFO  leader.FollowerInfo (FollowerInfoImpl.java:setAttemptedToInstallSnapshot(126)) - Follower s1@group-6E994AD85659->s9 acknowledged installing snapshot
2023-03-17 00:26:26,271 INFO  server.RaftServer$Division (ServerState.java:setLeader(260)) - s8@group-6E994AD85659: change Leader from null to s1 at term 1 for appendEntries, leader elected after 87ms
2023-03-17 00:26:26,271 INFO  impl.RoleInfo (RoleInfo.java:updateAndGet(139)) - s8: start s8@group-6E994AD85659-FollowerState
2023-03-17 00:26:26,273 INFO  leader.FollowerInfo (FollowerInfoImpl.java:setAttemptedToInstallSnapshot(126)) - Follower s1@group-6E994AD85659->s14 acknowledged installing snapshot
2023-03-17 00:26:26,277 INFO  leader.FollowerInfo (FollowerInfoImpl.java:setAttemptedToInstallSnapshot(126)) - Follower s1@group-6E994AD85659->s2 acknowledged installing snapshot
2023-03-17 00:26:26,278 INFO  logging.LoggingHandler (AbstractInternalLogger.java:log(148)) - [id: 0x051b97c8, L:/0.0.0.0:36477] READ: [id: 0xf9140c20, L:/10.1.0.17:36477 - R:/10.1.0.17:47464]
2023-03-17 00:26:26,278 INFO  logging.LoggingHandler (AbstractInternalLogger.java:log(148)) - [id: 0x051b97c8, L:/0.0.0.0:36477] READ COMPLETE
2023-03-17 00:26:26,278 INFO  logging.LoggingHandler (AbstractInternalLogger.java:log(148)) - [id: 0x673f0f41, L:/0.0.0.0:39635] READ: [id: 0xb3c981db, L:/10.1.0.17:39635 - R:/10.1.0.17:34388]
2023-03-17 00:26:26,278 INFO  logging.LoggingHandler (AbstractInternalLogger.java:log(148)) - [id: 0x673f0f41, L:/0.0.0.0:39635] READ COMPLETE
2023-03-17 00:26:26,281 INFO  server.RaftServer$Division (ServerState.java:setLeader(260)) - s2@group-6E994AD85659: change Leader from null to s1 at term 1 for appendEntries, leader elected after 205ms
2023-03-17 00:26:26,281 INFO  impl.RoleInfo (RoleInfo.java:updateAndGet(139)) - s2: start s2@group-6E994AD85659-FollowerState
2023-03-17 00:26:26,281 INFO  logging.LoggingHandler (AbstractInternalLogger.java:log(148)) - [id: 0x537f870e, L:/0.0.0.0:36277] READ: [id: 0x4156c920, L:/10.1.0.17:36277 - R:/10.1.0.17:40554]
2023-03-17 00:26:26,281 INFO  logging.LoggingHandler (AbstractInternalLogger.java:log(148)) - [id: 0x537f870e, L:/0.0.0.0:36277] READ COMPLETE
2023-03-17 00:26:26,282 INFO  logging.LoggingHandler (AbstractInternalLogger.java:log(148)) - [id: 0x2a54c005, L:/0.0.0.0:34503] READ: [id: 0xfb11422b, L:/10.1.0.17:34503 - R:/10.1.0.17:42576]
2023-03-17 00:26:26,282 INFO  logging.LoggingHandler (AbstractInternalLogger.java:log(148)) - [id: 0x2a54c005, L:/0.0.0.0:34503] READ COMPLETE
2023-03-17 00:26:26,282 INFO  server.RaftServer$Division (ServerState.java:setLeader(260)) - s14@group-6E994AD85659: change Leader from null to s1 at term 1 for appendEntries, leader elected after 234ms
2023-03-17 00:26:26,282 INFO  impl.RoleInfo (RoleInfo.java:updateAndGet(139)) - s14: start s14@group-6E994AD85659-FollowerState
2023-03-17 00:26:26,285 INFO  logging.LoggingHandler (AbstractInternalLogger.java:log(148)) - [id: 0x07f7011d, L:/0.0.0.0:36717] READ: [id: 0x75888678, L:/10.1.0.17:36717 - R:/10.1.0.17:46088]
2023-03-17 00:26:26,285 INFO  logging.LoggingHandler (AbstractInternalLogger.java:log(148)) - [id: 0x07f7011d, L:/0.0.0.0:36717] READ COMPLETE
2023-03-17 00:26:26,287 INFO  server.RaftServer$Division (ServerState.java:setLeader(260)) - s3@group-6E994AD85659: change Leader from null to s1 at term 1 for appendEntries, leader elected after 265ms
2023-03-17 00:26:26,287 INFO  impl.RoleInfo (RoleInfo.java:updateAndGet(139)) - s3: start s3@group-6E994AD85659-FollowerState
2023-03-17 00:26:26,288 INFO  server.RaftServer$Division (ServerState.java:setLeader(260)) - s12@group-6E994AD85659: change Leader from null to s1 at term 1 for appendEntries, leader elected after 304ms
2023-03-17 00:26:26,288 INFO  impl.RoleInfo (RoleInfo.java:updateAndGet(139)) - s12: start s12@group-6E994AD85659-FollowerState
2023-03-17 00:26:26,288 INFO  server.RaftServer$Division (ServerState.java:setLeader(260)) - s6@group-6E994AD85659: change Leader from null to s1 at term 1 for appendEntries, leader elected after 144ms
2023-03-17 00:26:26,288 INFO  impl.RoleInfo (RoleInfo.java:updateAndGet(139)) - s6: start s6@group-6E994AD85659-FollowerState
2023-03-17 00:26:26,291 DEBUG server.RaftServer$Division (RaftServerImpl.java:logAppendEntries(1430)) - s7@group-6E994AD85659: receive appendEntries(s1, 1, null, 120, false, commits:[s1:c120, s10:c120, s0:c120, s3:c-1, s4:c-1, s11:c-1, s5:c-1, s6:c-1, s13:c-1, s7:c-1, s12:c-1, s8:c-1, s9:c-1, s14:c-1, s2:c-1], cId:7572, entries: [(t:1, i:0), CONFIGURATIONENTRY(current:id: "s10"
address: "0.0.0.0:37585"
clientAddress: "0.0.0.0:37585"
adminAddress: "0.0.0.0:37585"
startupRole: FOLLOWER
,id: "s0"
address: "0.0.0.0:43787"
clientAddress: "0.0.0.0:43787"
adminAddress: "0.0.0.0:43787"
startupRole: FOLLOWER
,id: "s1"
address: "0.0.0.0:45531"
clientAddress: "0.0.0.0:45531"
adminAddress: "0.0.0.0:45531"
startupRole: FOLLOWER
, old:), (t:1, i:1), STATEMACHINELOGENTRY, 4904@client-2337B1250970, (t:1, i:2), METADATAENTRY(c:1), (t:1, i:3), STATEMACHINELOGENTRY, 4908@client-2337B1250970, (t:1, i:4), METADATAENTRY(c:3), (t:1, i:5), STATEMACHINELOGENTRY, 4913@client-2337B1250970, (t:1, i:6), METADATAENTRY(c:5), (t:1, i:7), STATEMACHINELOGENTRY, 4918@client-2337B1250970, (t:1, i:8), METADATAENTRY(c:7), (t:1, i:9), STATEMACHINELOGENTRY, 4923@client-2337B1250970, (t:1, i:10), METADATAENTRY(c:9), (t:1, i:11), STATEMACHINELOGENTRY, 4927@client-2337B1250970, (t:1, i:12), METADATAENTRY(c:11), (t:1, i:13), STATEMACHINELOGENTRY, 4932@client-2337B1250970, (t:1, i:14), METADATAENTRY(c:13), (t:1, i:15), STATEMACHINELOGENTRY, 4936@client-2337B1250970, (t:1, i:16), METADATAENTRY(c:15), (t:1, i:17), STATEMACHINELOGENTRY, 4941@client-2337B1250970, (t:1, i:18), METADATAENTRY(c:17), (t:1, i:19), STATEMACHINELOGENTRY, 4946@client-2337B1250970, (t:1, i:20), METADATAENTRY(c:19), (t:1, i:21), STATEMACHINELOGENTRY, 4950@client-2337B1250970, (t:1, i:22), METADATAENTRY(c:21), (t:1, i:23), STATEMACHINELOGENTRY, 4955@client-2337B1250970, (t:1, i:24), METADATAENTRY(c:23), (t:1, i:25), STATEMACHINELOGENTRY, 4960@client-2337B1250970, (t:1, i:26), METADATAENTRY(c:25), (t:1, i:27), STATEMACHINELOGENTRY, 4965@client-2337B1250970, (t:1, i:28), METADATAENTRY(c:27), (t:1, i:29), STATEMACHINELOGENTRY, 4969@client-2337B1250970, (t:1, i:30), METADATAENTRY(c:29), (t:1, i:31), STATEMACHINELOGENTRY, 4975@client-2337B1250970, (t:1, i:32), METADATAENTRY(c:31), (t:1, i:33), STATEMACHINELOGENTRY, 4979@client-2337B1250970, (t:1, i:34), METADATAENTRY(c:33), (t:1, i:35), STATEMACHINELOGENTRY, 4984@client-2337B1250970, (t:1, i:36), METADATAENTRY(c:35), (t:1, i:37), STATEMACHINELOGENTRY, 4989@client-2337B1250970, (t:1, i:38), METADATAENTRY(c:37), (t:1, i:39), STATEMACHINELOGENTRY, 4993@client-2337B1250970, (t:1, i:40), METADATAENTRY(c:39), (t:1, i:41), STATEMACHINELOGENTRY, 4998@client-2337B1250970, (t:1, i:42), METADATAENTRY(c:41), (t:1, i:43), STATEMACHINELOGENTRY, 5002@client-2337B1250970, (t:1, i:44), METADATAENTRY(c:43), (t:1, i:45), STATEMACHINELOGENTRY, 5006@client-2337B1250970, (t:1, i:46), METADATAENTRY(c:45), (t:1, i:47), STATEMACHINELOGENTRY, 5011@client-2337B1250970, (t:1, i:48), METADATAENTRY(c:47), (t:1, i:49), STATEMACHINELOGENTRY, 5015@client-2337B1250970, (t:1, i:50), METADATAENTRY(c:49), (t:1, i:51), STATEMACHINELOGENTRY, 5020@client-2337B1250970, (t:1, i:52), METADATAENTRY(c:51), (t:1, i:53), STATEMACHINELOGENTRY, 5024@client-2337B1250970, (t:1, i:54), METADATAENTRY(c:53), (t:1, i:55), STATEMACHINELOGENTRY, 5030@client-2337B1250970, (t:1, i:56), METADATAENTRY(c:55), (t:1, i:57), STATEMACHINELOGENTRY, 5034@client-2337B1250970, (t:1, i:58), METADATAENTRY(c:57), (t:1, i:59), STATEMACHINELOGENTRY, 5038@client-2337B1250970, (t:1, i:60), METADATAENTRY(c:59), (t:1, i:61), STATEMACHINELOGENTRY, 5042@client-2337B1250970, (t:1, i:62), METADATAENTRY(c:61), (t:1, i:63), STATEMACHINELOGENTRY, 5047@client-2337B1250970, (t:1, i:64), METADATAENTRY(c:63), (t:1, i:65), STATEMACHINELOGENTRY, 5052@client-2337B1250970, (t:1, i:66), METADATAENTRY(c:65), (t:1, i:67), STATEMACHINELOGENTRY, 5056@client-2337B1250970, (t:1, i:68), METADATAENTRY(c:67), (t:1, i:69), STATEMACHINELOGENTRY, 5061@client-2337B1250970, (t:1, i:70), METADATAENTRY(c:69), (t:1, i:71), STATEMACHINELOGENTRY, 5065@client-2337B1250970, (t:1, i:72), METADATAENTRY(c:71), (t:1, i:73), STATEMACHINELOGENTRY, 5069@client-2337B1250970, (t:1, i:74), METADATAENTRY(c:73), (t:1, i:75), STATEMACHINELOGENTRY, 5074@client-2337B1250970, (t:1, i:76), METADATAENTRY(c:75), (t:1, i:77), STATEMACHINELOGENTRY, 5078@client-2337B1250970, (t:1, i:78), METADATAENTRY(c:77), (t:1, i:79), STATEMACHINELOGENTRY, 5082@client-2337B1250970, (t:1, i:80), METADATAENTRY(c:79), (t:1, i:81), STATEMACHINELOGENTRY, 5087@client-2337B1250970, (t:1, i:82), METADATAENTRY(c:81), (t:1, i:83), STATEMACHINELOGENTRY, 5093@client-2337B1250970, (t:1, i:84), METADATAENTRY(c:83), (t:1, i:85), STATEMACHINELOGENTRY, 5097@client-2337B1250970, (t:1, i:86), METADATAENTRY(c:85), (t:1, i:87), STATEMACHINELOGENTRY, 5102@client-2337B1250970, (t:1, i:88), METADATAENTRY(c:87), (t:1, i:89), STATEMACHINELOGENTRY, 5106@client-2337B1250970, (t:1, i:90), METADATAENTRY(c:89), (t:1, i:91), STATEMACHINELOGENTRY, 5110@client-2337B1250970, (t:1, i:92), METADATAENTRY(c:91), (t:1, i:93), STATEMACHINELOGENTRY, 5115@client-2337B1250970, (t:1, i:94), METADATAENTRY(c:93), (t:1, i:95), STATEMACHINELOGENTRY, 5120@client-2337B1250970, (t:1, i:96), METADATAENTRY(c:95), (t:1, i:97), STATEMACHINELOGENTRY, 5125@client-2337B1250970, (t:1, i:98), METADATAENTRY(c:97), (t:1, i:99), STATEMACHINELOGENTRY, 5129@client-2337B1250970, (t:1, i:100), METADATAENTRY(c:99), (t:1, i:101), STATEMACHINELOGENTRY, 5134@client-2337B1250970, (t:1, i:102), METADATAENTRY(c:101), (t:1, i:103), STATEMACHINELOGENTRY, 5138@client-2337B1250970, (t:1, i:104), METADATAENTRY(c:103), (t:1, i:105), STATEMACHINELOGENTRY, 5143@client-2337B1250970, (t:1, i:106), METADATAENTRY(c:105), (t:1, i:107), STATEMACHINELOGENTRY, 5148@client-2337B1250970, (t:1, i:108), METADATAENTRY(c:107), (t:1, i:109), STATEMACHINELOGENTRY, 5152@client-2337B1250970, (t:1, i:110), METADATAENTRY(c:109), (t:1, i:111), STATEMACHINELOGENTRY, 5157@client-2337B1250970, (t:1, i:112), METADATAENTRY(c:111), (t:1, i:113), STATEMACHINELOGENTRY, 5161@client-2337B1250970, (t:1, i:114), METADATAENTRY(c:113), (t:1, i:115), STATEMACHINELOGENTRY, 5167@client-2337B1250970, (t:1, i:116), METADATAENTRY(c:115), (t:1, i:117), STATEMACHINELOGENTRY, 5171@client-2337B1250970, (t:1, i:118), METADATAENTRY(c:117), (t:1, i:119), STATEMACHINELOGENTRY, 5174@client-2337B1250970, (t:1, i:120), METADATAENTRY(c:119)]
2023-03-17 00:26:26,291 INFO  server.RaftServer$Division (ServerState.java:setRaftConf(378)) - s7@group-6E994AD85659: set configuration 0: peers:[s10|rpc:0.0.0.0:37585|dataStream:|priority:0|startupRole:FOLLOWER, s0|rpc:0.0.0.0:43787|dataStream:|priority:0|startupRole:FOLLOWER, s1|rpc:0.0.0.0:45531|dataStream:|priority:0|startupRole:FOLLOWER]|listeners:[], old=null
2023-03-17 00:26:26,292 INFO  segmented.SegmentedRaftLogWorker (SegmentedRaftLogWorker.java:startLogSegment(426)) - s7@group-6E994AD85659-SegmentedRaftLogWorker: Starting segment from index:0
2023-03-17 00:26:26,300 DEBUG server.RaftServer$Division (RaftServerImpl.java:logAppendEntries(1430)) - s5@group-6E994AD85659: receive appendEntries(s1, 1, null, 120, false, commits:[s1:c120, s10:c120, s0:c120, s3:c-1, s4:c-1, s11:c-1, s5:c-1, s6:c-1, s13:c-1, s7:c-1, s12:c-1, s8:c-1, s9:c-1, s14:c-1, s2:c-1], cId:7573, entries: [(t:1, i:0), CONFIGURATIONENTRY(current:id: "s10"
address: "0.0.0.0:37585"
clientAddress: "0.0.0.0:37585"
adminAddress: "0.0.0.0:37585"
startupRole: FOLLOWER
,id: "s0"
address: "0.0.0.0:43787"
clientAddress: "0.0.0.0:43787"
adminAddress: "0.0.0.0:43787"
startupRole: FOLLOWER
,id: "s1"
address: "0.0.0.0:45531"
clientAddress: "0.0.0.0:45531"
adminAddress: "0.0.0.0:45531"
startupRole: FOLLOWER
, old:), (t:1, i:1), STATEMACHINELOGENTRY, 4904@client-2337B1250970, (t:1, i:2), METADATAENTRY(c:1), (t:1, i:3), STATEMACHINELOGENTRY, 4908@client-2337B1250970, (t:1, i:4), METADATAENTRY(c:3), (t:1, i:5), STATEMACHINELOGENTRY, 4913@client-2337B1250970, (t:1, i:6), METADATAENTRY(c:5), (t:1, i:7), STATEMACHINELOGENTRY, 4918@client-2337B1250970, (t:1, i:8), METADATAENTRY(c:7), (t:1, i:9), STATEMACHINELOGENTRY, 4923@client-2337B1250970, (t:1, i:10), METADATAENTRY(c:9), (t:1, i:11), STATEMACHINELOGENTRY, 4927@client-2337B1250970, (t:1, i:12), METADATAENTRY(c:11), (t:1, i:13), STATEMACHINELOGENTRY, 4932@client-2337B1250970, (t:1, i:14), METADATAENTRY(c:13), (t:1, i:15), STATEMACHINELOGENTRY, 4936@client-2337B1250970, (t:1, i:16), METADATAENTRY(c:15), (t:1, i:17), STATEMACHINELOGENTRY, 4941@client-2337B1250970, (t:1, i:18), METADATAENTRY(c:17), (t:1, i:19), STATEMACHINELOGENTRY, 4946@client-2337B1250970, (t:1, i:20), METADATAENTRY(c:19), (t:1, i:21), STATEMACHINELOGENTRY, 4950@client-2337B1250970, (t:1, i:22), METADATAENTRY(c:21), (t:1, i:23), STATEMACHINELOGENTRY, 4955@client-2337B1250970, (t:1, i:24), METADATAENTRY(c:23), (t:1, i:25), STATEMACHINELOGENTRY, 4960@client-2337B1250970, (t:1, i:26), METADATAENTRY(c:25), (t:1, i:27), STATEMACHINELOGENTRY, 4965@client-2337B1250970, (t:1, i:28), METADATAENTRY(c:27), (t:1, i:29), STATEMACHINELOGENTRY, 4969@client-2337B1250970, (t:1, i:30), METADATAENTRY(c:29), (t:1, i:31), STATEMACHINELOGENTRY, 4975@client-2337B1250970, (t:1, i:32), METADATAENTRY(c:31), (t:1, i:33), STATEMACHINELOGENTRY, 4979@client-2337B1250970, (t:1, i:34), METADATAENTRY(c:33), (t:1, i:35), STATEMACHINELOGENTRY, 4984@client-2337B1250970, (t:1, i:36), METADATAENTRY(c:35), (t:1, i:37), STATEMACHINELOGENTRY, 4989@client-2337B1250970, (t:1, i:38), METADATAENTRY(c:37), (t:1, i:39), STATEMACHINELOGENTRY, 4993@client-2337B1250970, (t:1, i:40), METADATAENTRY(c:39), (t:1, i:41), STATEMACHINELOGENTRY, 4998@client-2337B1250970, (t:1, i:42), METADATAENTRY(c:41), (t:1, i:43), STATEMACHINELOGENTRY, 5002@client-2337B1250970, (t:1, i:44), METADATAENTRY(c:43), (t:1, i:45), STATEMACHINELOGENTRY, 5006@client-2337B1250970, (t:1, i:46), METADATAENTRY(c:45), (t:1, i:47), STATEMACHINELOGENTRY, 5011@client-2337B1250970, (t:1, i:48), METADATAENTRY(c:47), (t:1, i:49), STATEMACHINELOGENTRY, 5015@client-2337B1250970, (t:1, i:50), METADATAENTRY(c:49), (t:1, i:51), STATEMACHINELOGENTRY, 5020@client-2337B1250970, (t:1, i:52), METADATAENTRY(c:51), (t:1, i:53), STATEMACHINELOGENTRY, 5024@client-2337B1250970, (t:1, i:54), METADATAENTRY(c:53), (t:1, i:55), STATEMACHINELOGENTRY, 5030@client-2337B1250970, (t:1, i:56), METADATAENTRY(c:55), (t:1, i:57), STATEMACHINELOGENTRY, 5034@client-2337B1250970, (t:1, i:58), METADATAENTRY(c:57), (t:1, i:59), STATEMACHINELOGENTRY, 5038@client-2337B1250970, (t:1, i:60), METADATAENTRY(c:59), (t:1, i:61), STATEMACHINELOGENTRY, 5042@client-2337B1250970, (t:1, i:62), METADATAENTRY(c:61), (t:1, i:63), STATEMACHINELOGENTRY, 5047@client-2337B1250970, (t:1, i:64), METADATAENTRY(c:63), (t:1, i:65), STATEMACHINELOGENTRY, 5052@client-2337B1250970, (t:1, i:66), METADATAENTRY(c:65), (t:1, i:67), STATEMACHINELOGENTRY, 5056@client-2337B1250970, (t:1, i:68), METADATAENTRY(c:67), (t:1, i:69), STATEMACHINELOGENTRY, 5061@client-2337B1250970, (t:1, i:70), METADATAENTRY(c:69), (t:1, i:71), STATEMACHINELOGENTRY, 5065@client-2337B1250970, (t:1, i:72), METADATAENTRY(c:71), (t:1, i:73), STATEMACHINELOGENTRY, 5069@client-2337B1250970, (t:1, i:74), METADATAENTRY(c:73), (t:1, i:75), STATEMACHINELOGENTRY, 5074@client-2337B1250970, (t:1, i:76), METADATAENTRY(c:75), (t:1, i:77), STATEMACHINELOGENTRY, 5078@client-2337B1250970, (t:1, i:78), METADATAENTRY(c:77), (t:1, i:79), STATEMACHINELOGENTRY, 5082@client-2337B1250970, (t:1, i:80), METADATAENTRY(c:79), (t:1, i:81), STATEMACHINELOGENTRY, 5087@client-2337B1250970, (t:1, i:82), METADATAENTRY(c:81), (t:1, i:83), STATEMACHINELOGENTRY, 5093@client-2337B1250970, (t:1, i:84), METADATAENTRY(c:83), (t:1, i:85), STATEMACHINELOGENTRY, 5097@client-2337B1250970, (t:1, i:86), METADATAENTRY(c:85), (t:1, i:87), STATEMACHINELOGENTRY, 5102@client-2337B1250970, (t:1, i:88), METADATAENTRY(c:87), (t:1, i:89), STATEMACHINELOGENTRY, 5106@client-2337B1250970, (t:1, i:90), METADATAENTRY(c:89), (t:1, i:91), STATEMACHINELOGENTRY, 5110@client-2337B1250970, (t:1, i:92), METADATAENTRY(c:91), (t:1, i:93), STATEMACHINELOGENTRY, 5115@client-2337B1250970, (t:1, i:94), METADATAENTRY(c:93), (t:1, i:95), STATEMACHINELOGENTRY, 5120@client-2337B1250970, (t:1, i:96), METADATAENTRY(c:95), (t:1, i:97), STATEMACHINELOGENTRY, 5125@client-2337B1250970, (t:1, i:98), METADATAENTRY(c:97), (t:1, i:99), STATEMACHINELOGENTRY, 5129@client-2337B1250970, (t:1, i:100), METADATAENTRY(c:99), (t:1, i:101), STATEMACHINELOGENTRY, 5134@client-2337B1250970, (t:1, i:102), METADATAENTRY(c:101), (t:1, i:103), STATEMACHINELOGENTRY, 5138@client-2337B1250970, (t:1, i:104), METADATAENTRY(c:103), (t:1, i:105), STATEMACHINELOGENTRY, 5143@client-2337B1250970, (t:1, i:106), METADATAENTRY(c:105), (t:1, i:107), STATEMACHINELOGENTRY, 5148@client-2337B1250970, (t:1, i:108), METADATAENTRY(c:107), (t:1, i:109), STATEMACHINELOGENTRY, 5152@client-2337B1250970, (t:1, i:110), METADATAENTRY(c:109), (t:1, i:111), STATEMACHINELOGENTRY, 5157@client-2337B1250970, (t:1, i:112), METADATAENTRY(c:111), (t:1, i:113), STATEMACHINELOGENTRY, 5161@client-2337B1250970, (t:1, i:114), METADATAENTRY(c:113), (t:1, i:115), STATEMACHINELOGENTRY, 5167@client-2337B1250970, (t:1, i:116), METADATAENTRY(c:115), (t:1, i:117), STATEMACHINELOGENTRY, 5171@client-2337B1250970, (t:1, i:118), METADATAENTRY(c:117), (t:1, i:119), STATEMACHINELOGENTRY, 5174@client-2337B1250970, (t:1, i:120), METADATAENTRY(c:119)]
2023-03-17 00:26:26,300 INFO  server.RaftServer$Division (ServerState.java:setRaftConf(378)) - s5@group-6E994AD85659: set configuration 0: peers:[s10|rpc:0.0.0.0:37585|dataStream:|priority:0|startupRole:FOLLOWER, s0|rpc:0.0.0.0:43787|dataStream:|priority:0|startupRole:FOLLOWER, s1|rpc:0.0.0.0:45531|dataStream:|priority:0|startupRole:FOLLOWER]|listeners:[], old=null
2023-03-17 00:26:26,301 INFO  segmented.SegmentedRaftLogWorker (SegmentedRaftLogWorker.java:startLogSegment(426)) - s5@group-6E994AD85659-SegmentedRaftLogWorker: Starting segment from index:0
2023-03-17 00:26:26,327 DEBUG server.RaftServer$Division (RaftServerImpl.java:logAppendEntries(1430)) - s11@group-6E994AD85659: receive appendEntries(s1, 1, null, 120, false, commits:[s1:c120, s10:c120, s0:c120, s3:c-1, s4:c-1, s11:c-1, s5:c-1, s6:c-1, s13:c-1, s7:c-1, s12:c-1, s8:c-1, s9:c-1, s14:c-1, s2:c-1], cId:7574, entries: [(t:1, i:0), CONFIGURATIONENTRY(current:id: "s10"
address: "0.0.0.0:37585"
clientAddress: "0.0.0.0:37585"
adminAddress: "0.0.0.0:37585"
startupRole: FOLLOWER
,id: "s0"
address: "0.0.0.0:43787"
clientAddress: "0.0.0.0:43787"
adminAddress: "0.0.0.0:43787"
startupRole: FOLLOWER
,id: "s1"
address: "0.0.0.0:45531"
clientAddress: "0.0.0.0:45531"
adminAddress: "0.0.0.0:45531"
startupRole: FOLLOWER
, old:), (t:1, i:1), STATEMACHINELOGENTRY, 4904@client-2337B1250970, (t:1, i:2), METADATAENTRY(c:1), (t:1, i:3), STATEMACHINELOGENTRY, 4908@client-2337B1250970, (t:1, i:4), METADATAENTRY(c:3), (t:1, i:5), STATEMACHINELOGENTRY, 4913@client-2337B1250970, (t:1, i:6), METADATAENTRY(c:5), (t:1, i:7), STATEMACHINELOGENTRY, 4918@client-2337B1250970, (t:1, i:8), METADATAENTRY(c:7), (t:1, i:9), STATEMACHINELOGENTRY, 4923@client-2337B1250970, (t:1, i:10), METADATAENTRY(c:9), (t:1, i:11), STATEMACHINELOGENTRY, 4927@client-2337B1250970, (t:1, i:12), METADATAENTRY(c:11), (t:1, i:13), STATEMACHINELOGENTRY, 4932@client-2337B1250970, (t:1, i:14), METADATAENTRY(c:13), (t:1, i:15), STATEMACHINELOGENTRY, 4936@client-2337B1250970, (t:1, i:16), METADATAENTRY(c:15), (t:1, i:17), STATEMACHINELOGENTRY, 4941@client-2337B1250970, (t:1, i:18), METADATAENTRY(c:17), (t:1, i:19), STATEMACHINELOGENTRY, 4946@client-2337B1250970, (t:1, i:20), METADATAENTRY(c:19), (t:1, i:21), STATEMACHINELOGENTRY, 4950@client-2337B1250970, (t:1, i:22), METADATAENTRY(c:21), (t:1, i:23), STATEMACHINELOGENTRY, 4955@client-2337B1250970, (t:1, i:24), METADATAENTRY(c:23), (t:1, i:25), STATEMACHINELOGENTRY, 4960@client-2337B1250970, (t:1, i:26), METADATAENTRY(c:25), (t:1, i:27), STATEMACHINELOGENTRY, 4965@client-2337B1250970, (t:1, i:28), METADATAENTRY(c:27), (t:1, i:29), STATEMACHINELOGENTRY, 4969@client-2337B1250970, (t:1, i:30), METADATAENTRY(c:29), (t:1, i:31), STATEMACHINELOGENTRY, 4975@client-2337B1250970, (t:1, i:32), METADATAENTRY(c:31), (t:1, i:33), STATEMACHINELOGENTRY, 4979@client-2337B1250970, (t:1, i:34), METADATAENTRY(c:33), (t:1, i:35), STATEMACHINELOGENTRY, 4984@client-2337B1250970, (t:1, i:36), METADATAENTRY(c:35), (t:1, i:37), STATEMACHINELOGENTRY, 4989@client-2337B1250970, (t:1, i:38), METADATAENTRY(c:37), (t:1, i:39), STATEMACHINELOGENTRY, 4993@client-2337B1250970, (t:1, i:40), METADATAENTRY(c:39), (t:1, i:41), STATEMACHINELOGENTRY, 4998@client-2337B1250970, (t:1, i:42), METADATAENTRY(c:41), (t:1, i:43), STATEMACHINELOGENTRY, 5002@client-2337B1250970, (t:1, i:44), METADATAENTRY(c:43), (t:1, i:45), STATEMACHINELOGENTRY, 5006@client-2337B1250970, (t:1, i:46), METADATAENTRY(c:45), (t:1, i:47), STATEMACHINELOGENTRY, 5011@client-2337B1250970, (t:1, i:48), METADATAENTRY(c:47), (t:1, i:49), STATEMACHINELOGENTRY, 5015@client-2337B1250970, (t:1, i:50), METADATAENTRY(c:49), (t:1, i:51), STATEMACHINELOGENTRY, 5020@client-2337B1250970, (t:1, i:52), METADATAENTRY(c:51), (t:1, i:53), STATEMACHINELOGENTRY, 5024@client-2337B1250970, (t:1, i:54), METADATAENTRY(c:53), (t:1, i:55), STATEMACHINELOGENTRY, 5030@client-2337B1250970, (t:1, i:56), METADATAENTRY(c:55), (t:1, i:57), STATEMACHINELOGENTRY, 5034@client-2337B1250970, (t:1, i:58), METADATAENTRY(c:57), (t:1, i:59), STATEMACHINELOGENTRY, 5038@client-2337B1250970, (t:1, i:60), METADATAENTRY(c:59), (t:1, i:61), STATEMACHINELOGENTRY, 5042@client-2337B1250970, (t:1, i:62), METADATAENTRY(c:61), (t:1, i:63), STATEMACHINELOGENTRY, 5047@client-2337B1250970, (t:1, i:64), METADATAENTRY(c:63), (t:1, i:65), STATEMACHINELOGENTRY, 5052@client-2337B1250970, (t:1, i:66), METADATAENTRY(c:65), (t:1, i:67), STATEMACHINELOGENTRY, 5056@client-2337B1250970, (t:1, i:68), METADATAENTRY(c:67), (t:1, i:69), STATEMACHINELOGENTRY, 5061@client-2337B1250970, (t:1, i:70), METADATAENTRY(c:69), (t:1, i:71), STATEMACHINELOGENTRY, 5065@client-2337B1250970, (t:1, i:72), METADATAENTRY(c:71), (t:1, i:73), STATEMACHINELOGENTRY, 5069@client-2337B1250970, (t:1, i:74), METADATAENTRY(c:73), (t:1, i:75), STATEMACHINELOGENTRY, 5074@client-2337B1250970, (t:1, i:76), METADATAENTRY(c:75), (t:1, i:77), STATEMACHINELOGENTRY, 5078@client-2337B1250970, (t:1, i:78), METADATAENTRY(c:77), (t:1, i:79), STATEMACHINELOGENTRY, 5082@client-2337B1250970, (t:1, i:80), METADATAENTRY(c:79), (t:1, i:81), STATEMACHINELOGENTRY, 5087@client-2337B1250970, (t:1, i:82), METADATAENTRY(c:81), (t:1, i:83), STATEMACHINELOGENTRY, 5093@client-2337B1250970, (t:1, i:84), METADATAENTRY(c:83), (t:1, i:85), STATEMACHINELOGENTRY, 5097@client-2337B1250970, (t:1, i:86), METADATAENTRY(c:85), (t:1, i:87), STATEMACHINELOGENTRY, 5102@client-2337B1250970, (t:1, i:88), METADATAENTRY(c:87), (t:1, i:89), STATEMACHINELOGENTRY, 5106@client-2337B1250970, (t:1, i:90), METADATAENTRY(c:89), (t:1, i:91), STATEMACHINELOGENTRY, 5110@client-2337B1250970, (t:1, i:92), METADATAENTRY(c:91), (t:1, i:93), STATEMACHINELOGENTRY, 5115@client-2337B1250970, (t:1, i:94), METADATAENTRY(c:93), (t:1, i:95), STATEMACHINELOGENTRY, 5120@client-2337B1250970, (t:1, i:96), METADATAENTRY(c:95), (t:1, i:97), STATEMACHINELOGENTRY, 5125@client-2337B1250970, (t:1, i:98), METADATAENTRY(c:97), (t:1, i:99), STATEMACHINELOGENTRY, 5129@client-2337B1250970, (t:1, i:100), METADATAENTRY(c:99), (t:1, i:101), STATEMACHINELOGENTRY, 5134@client-2337B1250970, (t:1, i:102), METADATAENTRY(c:101), (t:1, i:103), STATEMACHINELOGENTRY, 5138@client-2337B1250970, (t:1, i:104), METADATAENTRY(c:103), (t:1, i:105), STATEMACHINELOGENTRY, 5143@client-2337B1250970, (t:1, i:106), METADATAENTRY(c:105), (t:1, i:107), STATEMACHINELOGENTRY, 5148@client-2337B1250970, (t:1, i:108), METADATAENTRY(c:107), (t:1, i:109), STATEMACHINELOGENTRY, 5152@client-2337B1250970, (t:1, i:110), METADATAENTRY(c:109), (t:1, i:111), STATEMACHINELOGENTRY, 5157@client-2337B1250970, (t:1, i:112), METADATAENTRY(c:111), (t:1, i:113), STATEMACHINELOGENTRY, 5161@client-2337B1250970, (t:1, i:114), METADATAENTRY(c:113), (t:1, i:115), STATEMACHINELOGENTRY, 5167@client-2337B1250970, (t:1, i:116), METADATAENTRY(c:115), (t:1, i:117), STATEMACHINELOGENTRY, 5171@client-2337B1250970, (t:1, i:118), METADATAENTRY(c:117), (t:1, i:119), STATEMACHINELOGENTRY, 5174@client-2337B1250970, (t:1, i:120), METADATAENTRY(c:119)]
2023-03-17 00:26:26,328 INFO  server.RaftServer$Division (ServerState.java:setRaftConf(378)) - s11@group-6E994AD85659: set configuration 0: peers:[s10|rpc:0.0.0.0:37585|dataStream:|priority:0|startupRole:FOLLOWER, s0|rpc:0.0.0.0:43787|dataStream:|priority:0|startupRole:FOLLOWER, s1|rpc:0.0.0.0:45531|dataStream:|priority:0|startupRole:FOLLOWER]|listeners:[], old=null
2023-03-17 00:26:26,328 INFO  segmented.SegmentedRaftLogWorker (SegmentedRaftLogWorker.java:startLogSegment(426)) - s11@group-6E994AD85659-SegmentedRaftLogWorker: Starting segment from index:0
2023-03-17 00:26:26,331 INFO  logging.LoggingHandler (AbstractInternalLogger.java:log(148)) - [id: 0x8f5e74f5, L:/0.0.0.0:39523] READ: [id: 0x97c42a1c, L:/10.1.0.17:39523 - R:/10.1.0.17:37900]
2023-03-17 00:26:26,331 INFO  logging.LoggingHandler (AbstractInternalLogger.java:log(148)) - [id: 0x8f5e74f5, L:/0.0.0.0:39523] READ COMPLETE
2023-03-17 00:26:26,331 INFO  logging.LoggingHandler (AbstractInternalLogger.java:log(148)) - [id: 0xc495072a, L:/0.0.0.0:39411] READ: [id: 0xc9dcc128, L:/10.1.0.17:39411 - R:/10.1.0.17:59696]
2023-03-17 00:26:26,331 INFO  logging.LoggingHandler (AbstractInternalLogger.java:log(148)) - [id: 0xc495072a, L:/0.0.0.0:39411] READ COMPLETE
2023-03-17 00:26:26,331 INFO  logging.LoggingHandler (AbstractInternalLogger.java:log(148)) - [id: 0xb86cf2de, L:/0.0.0.0:42413] READ: [id: 0xf771e32c, L:/10.1.0.17:42413 - R:/10.1.0.17:46308]
2023-03-17 00:26:26,331 INFO  logging.LoggingHandler (AbstractInternalLogger.java:log(148)) - [id: 0xb86cf2de, L:/0.0.0.0:42413] READ COMPLETE
2023-03-17 00:26:26,333 DEBUG server.RaftServer$Division (RaftServerImpl.java:logAppendEntries(1430)) - s8@group-6E994AD85659: receive appendEntries(s1, 1, null, 120, false, commits:[s1:c120, s10:c120, s0:c120, s3:c-1, s4:c-1, s11:c-1, s5:c-1, s6:c-1, s13:c-1, s7:c-1, s12:c-1, s8:c-1, s9:c-1, s14:c-1, s2:c-1], cId:7575, entries: [(t:1, i:0), CONFIGURATIONENTRY(current:id: "s10"
address: "0.0.0.0:37585"
clientAddress: "0.0.0.0:37585"
adminAddress: "0.0.0.0:37585"
startupRole: FOLLOWER
,id: "s0"
address: "0.0.0.0:43787"
clientAddress: "0.0.0.0:43787"
adminAddress: "0.0.0.0:43787"
startupRole: FOLLOWER
,id: "s1"
address: "0.0.0.0:45531"
clientAddress: "0.0.0.0:45531"
adminAddress: "0.0.0.0:45531"
startupRole: FOLLOWER
, old:), (t:1, i:1), STATEMACHINELOGENTRY, 4904@client-2337B1250970, (t:1, i:2), METADATAENTRY(c:1), (t:1, i:3), STATEMACHINELOGENTRY, 4908@client-2337B1250970, (t:1, i:4), METADATAENTRY(c:3), (t:1, i:5), STATEMACHINELOGENTRY, 4913@client-2337B1250970, (t:1, i:6), METADATAENTRY(c:5), (t:1, i:7), STATEMACHINELOGENTRY, 4918@client-2337B1250970, (t:1, i:8), METADATAENTRY(c:7), (t:1, i:9), STATEMACHINELOGENTRY, 4923@client-2337B1250970, (t:1, i:10), METADATAENTRY(c:9), (t:1, i:11), STATEMACHINELOGENTRY, 4927@client-2337B1250970, (t:1, i:12), METADATAENTRY(c:11), (t:1, i:13), STATEMACHINELOGENTRY, 4932@client-2337B1250970, (t:1, i:14), METADATAENTRY(c:13), (t:1, i:15), STATEMACHINELOGENTRY, 4936@client-2337B1250970, (t:1, i:16), METADATAENTRY(c:15), (t:1, i:17), STATEMACHINELOGENTRY, 4941@client-2337B1250970, (t:1, i:18), METADATAENTRY(c:17), (t:1, i:19), STATEMACHINELOGENTRY, 4946@client-2337B1250970, (t:1, i:20), METADATAENTRY(c:19), (t:1, i:21), STATEMACHINELOGENTRY, 4950@client-2337B1250970, (t:1, i:22), METADATAENTRY(c:21), (t:1, i:23), STATEMACHINELOGENTRY, 4955@client-2337B1250970, (t:1, i:24), METADATAENTRY(c:23), (t:1, i:25), STATEMACHINELOGENTRY, 4960@client-2337B1250970, (t:1, i:26), METADATAENTRY(c:25), (t:1, i:27), STATEMACHINELOGENTRY, 4965@client-2337B1250970, (t:1, i:28), METADATAENTRY(c:27), (t:1, i:29), STATEMACHINELOGENTRY, 4969@client-2337B1250970, (t:1, i:30), METADATAENTRY(c:29), (t:1, i:31), STATEMACHINELOGENTRY, 4975@client-2337B1250970, (t:1, i:32), METADATAENTRY(c:31), (t:1, i:33), STATEMACHINELOGENTRY, 4979@client-2337B1250970, (t:1, i:34), METADATAENTRY(c:33), (t:1, i:35), STATEMACHINELOGENTRY, 4984@client-2337B1250970, (t:1, i:36), METADATAENTRY(c:35), (t:1, i:37), STATEMACHINELOGENTRY, 4989@client-2337B1250970, (t:1, i:38), METADATAENTRY(c:37), (t:1, i:39), STATEMACHINELOGENTRY, 4993@client-2337B1250970, (t:1, i:40), METADATAENTRY(c:39), (t:1, i:41), STATEMACHINELOGENTRY, 4998@client-2337B1250970, (t:1, i:42), METADATAENTRY(c:41), (t:1, i:43), STATEMACHINELOGENTRY, 5002@client-2337B1250970, (t:1, i:44), METADATAENTRY(c:43), (t:1, i:45), STATEMACHINELOGENTRY, 5006@client-2337B1250970, (t:1, i:46), METADATAENTRY(c:45), (t:1, i:47), STATEMACHINELOGENTRY, 5011@client-2337B1250970, (t:1, i:48), METADATAENTRY(c:47), (t:1, i:49), STATEMACHINELOGENTRY, 5015@client-2337B1250970, (t:1, i:50), METADATAENTRY(c:49), (t:1, i:51), STATEMACHINELOGENTRY, 5020@client-2337B1250970, (t:1, i:52), METADATAENTRY(c:51), (t:1, i:53), STATEMACHINELOGENTRY, 5024@client-2337B1250970, (t:1, i:54), METADATAENTRY(c:53), (t:1, i:55), STATEMACHINELOGENTRY, 5030@client-2337B1250970, (t:1, i:56), METADATAENTRY(c:55), (t:1, i:57), STATEMACHINELOGENTRY, 5034@client-2337B1250970, (t:1, i:58), METADATAENTRY(c:57), (t:1, i:59), STATEMACHINELOGENTRY, 5038@client-2337B1250970, (t:1, i:60), METADATAENTRY(c:59), (t:1, i:61), STATEMACHINELOGENTRY, 5042@client-2337B1250970, (t:1, i:62), METADATAENTRY(c:61), (t:1, i:63), STATEMACHINELOGENTRY, 5047@client-2337B1250970, (t:1, i:64), METADATAENTRY(c:63), (t:1, i:65), STATEMACHINELOGENTRY, 5052@client-2337B1250970, (t:1, i:66), METADATAENTRY(c:65), (t:1, i:67), STATEMACHINELOGENTRY, 5056@client-2337B1250970, (t:1, i:68), METADATAENTRY(c:67), (t:1, i:69), STATEMACHINELOGENTRY, 5061@client-2337B1250970, (t:1, i:70), METADATAENTRY(c:69), (t:1, i:71), STATEMACHINELOGENTRY, 5065@client-2337B1250970, (t:1, i:72), METADATAENTRY(c:71), (t:1, i:73), STATEMACHINELOGENTRY, 5069@client-2337B1250970, (t:1, i:74), METADATAENTRY(c:73), (t:1, i:75), STATEMACHINELOGENTRY, 5074@client-2337B1250970, (t:1, i:76), METADATAENTRY(c:75), (t:1, i:77), STATEMACHINELOGENTRY, 5078@client-2337B1250970, (t:1, i:78), METADATAENTRY(c:77), (t:1, i:79), STATEMACHINELOGENTRY, 5082@client-2337B1250970, (t:1, i:80), METADATAENTRY(c:79), (t:1, i:81), STATEMACHINELOGENTRY, 5087@client-2337B1250970, (t:1, i:82), METADATAENTRY(c:81), (t:1, i:83), STATEMACHINELOGENTRY, 5093@client-2337B1250970, (t:1, i:84), METADATAENTRY(c:83), (t:1, i:85), STATEMACHINELOGENTRY, 5097@client-2337B1250970, (t:1, i:86), METADATAENTRY(c:85), (t:1, i:87), STATEMACHINELOGENTRY, 5102@client-2337B1250970, (t:1, i:88), METADATAENTRY(c:87), (t:1, i:89), STATEMACHINELOGENTRY, 5106@client-2337B1250970, (t:1, i:90), METADATAENTRY(c:89), (t:1, i:91), STATEMACHINELOGENTRY, 5110@client-2337B1250970, (t:1, i:92), METADATAENTRY(c:91), (t:1, i:93), STATEMACHINELOGENTRY, 5115@client-2337B1250970, (t:1, i:94), METADATAENTRY(c:93), (t:1, i:95), STATEMACHINELOGENTRY, 5120@client-2337B1250970, (t:1, i:96), METADATAENTRY(c:95), (t:1, i:97), STATEMACHINELOGENTRY, 5125@client-2337B1250970, (t:1, i:98), METADATAENTRY(c:97), (t:1, i:99), STATEMACHINELOGENTRY, 5129@client-2337B1250970, (t:1, i:100), METADATAENTRY(c:99), (t:1, i:101), STATEMACHINELOGENTRY, 5134@client-2337B1250970, (t:1, i:102), METADATAENTRY(c:101), (t:1, i:103), STATEMACHINELOGENTRY, 5138@client-2337B1250970, (t:1, i:104), METADATAENTRY(c:103), (t:1, i:105), STATEMACHINELOGENTRY, 5143@client-2337B1250970, (t:1, i:106), METADATAENTRY(c:105), (t:1, i:107), STATEMACHINELOGENTRY, 5148@client-2337B1250970, (t:1, i:108), METADATAENTRY(c:107), (t:1, i:109), STATEMACHINELOGENTRY, 5152@client-2337B1250970, (t:1, i:110), METADATAENTRY(c:109), (t:1, i:111), STATEMACHINELOGENTRY, 5157@client-2337B1250970, (t:1, i:112), METADATAENTRY(c:111), (t:1, i:113), STATEMACHINELOGENTRY, 5161@client-2337B1250970, (t:1, i:114), METADATAENTRY(c:113), (t:1, i:115), STATEMACHINELOGENTRY, 5167@client-2337B1250970, (t:1, i:116), METADATAENTRY(c:115), (t:1, i:117), STATEMACHINELOGENTRY, 5171@client-2337B1250970, (t:1, i:118), METADATAENTRY(c:117), (t:1, i:119), STATEMACHINELOGENTRY, 5174@client-2337B1250970, (t:1, i:120), METADATAENTRY(c:119)]
2023-03-17 00:26:26,333 INFO  server.RaftServer$Division (ServerState.java:setRaftConf(378)) - s8@group-6E994AD85659: set configuration 0: peers:[s10|rpc:0.0.0.0:37585|dataStream:|priority:0|startupRole:FOLLOWER, s0|rpc:0.0.0.0:43787|dataStream:|priority:0|startupRole:FOLLOWER, s1|rpc:0.0.0.0:45531|dataStream:|priority:0|startupRole:FOLLOWER]|listeners:[], old=null
2023-03-17 00:26:26,333 INFO  segmented.SegmentedRaftLogWorker (SegmentedRaftLogWorker.java:startLogSegment(426)) - s8@group-6E994AD85659-SegmentedRaftLogWorker: Starting segment from index:0
2023-03-17 00:26:26,334 DEBUG server.RaftServer$Division (RaftServerImpl.java:logAppendEntries(1430)) - s3@group-6E994AD85659: receive appendEntries(s1, 1, null, 120, false, commits:[s1:c120, s10:c120, s0:c120, s3:c-1, s4:c-1, s11:c-1, s5:c-1, s6:c-1, s13:c-1, s7:c-1, s12:c-1, s8:c-1, s9:c-1, s14:c-1, s2:c-1], cId:7576, entries: [(t:1, i:0), CONFIGURATIONENTRY(current:id: "s10"
address: "0.0.0.0:37585"
clientAddress: "0.0.0.0:37585"
adminAddress: "0.0.0.0:37585"
startupRole: FOLLOWER
,id: "s0"
address: "0.0.0.0:43787"
clientAddress: "0.0.0.0:43787"
adminAddress: "0.0.0.0:43787"
startupRole: FOLLOWER
,id: "s1"
address: "0.0.0.0:45531"
clientAddress: "0.0.0.0:45531"
adminAddress: "0.0.0.0:45531"
startupRole: FOLLOWER
, old:), (t:1, i:1), STATEMACHINELOGENTRY, 4904@client-2337B1250970, (t:1, i:2), METADATAENTRY(c:1), (t:1, i:3), STATEMACHINELOGENTRY, 4908@client-2337B1250970, (t:1, i:4), METADATAENTRY(c:3), (t:1, i:5), STATEMACHINELOGENTRY, 4913@client-2337B1250970, (t:1, i:6), METADATAENTRY(c:5), (t:1, i:7), STATEMACHINELOGENTRY, 4918@client-2337B1250970, (t:1, i:8), METADATAENTRY(c:7), (t:1, i:9), STATEMACHINELOGENTRY, 4923@client-2337B1250970, (t:1, i:10), METADATAENTRY(c:9), (t:1, i:11), STATEMACHINELOGENTRY, 4927@client-2337B1250970, (t:1, i:12), METADATAENTRY(c:11), (t:1, i:13), STATEMACHINELOGENTRY, 4932@client-2337B1250970, (t:1, i:14), METADATAENTRY(c:13), (t:1, i:15), STATEMACHINELOGENTRY, 4936@client-2337B1250970, (t:1, i:16), METADATAENTRY(c:15), (t:1, i:17), STATEMACHINELOGENTRY, 4941@client-2337B1250970, (t:1, i:18), METADATAENTRY(c:17), (t:1, i:19), STATEMACHINELOGENTRY, 4946@client-2337B1250970, (t:1, i:20), METADATAENTRY(c:19), (t:1, i:21), STATEMACHINELOGENTRY, 4950@client-2337B1250970, (t:1, i:22), METADATAENTRY(c:21), (t:1, i:23), STATEMACHINELOGENTRY, 4955@client-2337B1250970, (t:1, i:24), METADATAENTRY(c:23), (t:1, i:25), STATEMACHINELOGENTRY, 4960@client-2337B1250970, (t:1, i:26), METADATAENTRY(c:25), (t:1, i:27), STATEMACHINELOGENTRY, 4965@client-2337B1250970, (t:1, i:28), METADATAENTRY(c:27), (t:1, i:29), STATEMACHINELOGENTRY, 4969@client-2337B1250970, (t:1, i:30), METADATAENTRY(c:29), (t:1, i:31), STATEMACHINELOGENTRY, 4975@client-2337B1250970, (t:1, i:32), METADATAENTRY(c:31), (t:1, i:33), STATEMACHINELOGENTRY, 4979@client-2337B1250970, (t:1, i:34), METADATAENTRY(c:33), (t:1, i:35), STATEMACHINELOGENTRY, 4984@client-2337B1250970, (t:1, i:36), METADATAENTRY(c:35), (t:1, i:37), STATEMACHINELOGENTRY, 4989@client-2337B1250970, (t:1, i:38), METADATAENTRY(c:37), (t:1, i:39), STATEMACHINELOGENTRY, 4993@client-2337B1250970, (t:1, i:40), METADATAENTRY(c:39), (t:1, i:41), STATEMACHINELOGENTRY, 4998@client-2337B1250970, (t:1, i:42), METADATAENTRY(c:41), (t:1, i:43), STATEMACHINELOGENTRY, 5002@client-2337B1250970, (t:1, i:44), METADATAENTRY(c:43), (t:1, i:45), STATEMACHINELOGENTRY, 5006@client-2337B1250970, (t:1, i:46), METADATAENTRY(c:45), (t:1, i:47), STATEMACHINELOGENTRY, 5011@client-2337B1250970, (t:1, i:48), METADATAENTRY(c:47), (t:1, i:49), STATEMACHINELOGENTRY, 5015@client-2337B1250970, (t:1, i:50), METADATAENTRY(c:49), (t:1, i:51), STATEMACHINELOGENTRY, 5020@client-2337B1250970, (t:1, i:52), METADATAENTRY(c:51), (t:1, i:53), STATEMACHINELOGENTRY, 5024@client-2337B1250970, (t:1, i:54), METADATAENTRY(c:53), (t:1, i:55), STATEMACHINELOGENTRY, 5030@client-2337B1250970, (t:1, i:56), METADATAENTRY(c:55), (t:1, i:57), STATEMACHINELOGENTRY, 5034@client-2337B1250970, (t:1, i:58), METADATAENTRY(c:57), (t:1, i:59), STATEMACHINELOGENTRY, 5038@client-2337B1250970, (t:1, i:60), METADATAENTRY(c:59), (t:1, i:61), STATEMACHINELOGENTRY, 5042@client-2337B1250970, (t:1, i:62), METADATAENTRY(c:61), (t:1, i:63), STATEMACHINELOGENTRY, 5047@client-2337B1250970, (t:1, i:64), METADATAENTRY(c:63), (t:1, i:65), STATEMACHINELOGENTRY, 5052@client-2337B1250970, (t:1, i:66), METADATAENTRY(c:65), (t:1, i:67), STATEMACHINELOGENTRY, 5056@client-2337B1250970, (t:1, i:68), METADATAENTRY(c:67), (t:1, i:69), STATEMACHINELOGENTRY, 5061@client-2337B1250970, (t:1, i:70), METADATAENTRY(c:69), (t:1, i:71), STATEMACHINELOGENTRY, 5065@client-2337B1250970, (t:1, i:72), METADATAENTRY(c:71), (t:1, i:73), STATEMACHINELOGENTRY, 5069@client-2337B1250970, (t:1, i:74), METADATAENTRY(c:73), (t:1, i:75), STATEMACHINELOGENTRY, 5074@client-2337B1250970, (t:1, i:76), METADATAENTRY(c:75), (t:1, i:77), STATEMACHINELOGENTRY, 5078@client-2337B1250970, (t:1, i:78), METADATAENTRY(c:77), (t:1, i:79), STATEMACHINELOGENTRY, 5082@client-2337B1250970, (t:1, i:80), METADATAENTRY(c:79), (t:1, i:81), STATEMACHINELOGENTRY, 5087@client-2337B1250970, (t:1, i:82), METADATAENTRY(c:81), (t:1, i:83), STATEMACHINELOGENTRY, 5093@client-2337B1250970, (t:1, i:84), METADATAENTRY(c:83), (t:1, i:85), STATEMACHINELOGENTRY, 5097@client-2337B1250970, (t:1, i:86), METADATAENTRY(c:85), (t:1, i:87), STATEMACHINELOGENTRY, 5102@client-2337B1250970, (t:1, i:88), METADATAENTRY(c:87), (t:1, i:89), STATEMACHINELOGENTRY, 5106@client-2337B1250970, (t:1, i:90), METADATAENTRY(c:89), (t:1, i:91), STATEMACHINELOGENTRY, 5110@client-2337B1250970, (t:1, i:92), METADATAENTRY(c:91), (t:1, i:93), STATEMACHINELOGENTRY, 5115@client-2337B1250970, (t:1, i:94), METADATAENTRY(c:93), (t:1, i:95), STATEMACHINELOGENTRY, 5120@client-2337B1250970, (t:1, i:96), METADATAENTRY(c:95), (t:1, i:97), STATEMACHINELOGENTRY, 5125@client-2337B1250970, (t:1, i:98), METADATAENTRY(c:97), (t:1, i:99), STATEMACHINELOGENTRY, 5129@client-2337B1250970, (t:1, i:100), METADATAENTRY(c:99), (t:1, i:101), STATEMACHINELOGENTRY, 5134@client-2337B1250970, (t:1, i:102), METADATAENTRY(c:101), (t:1, i:103), STATEMACHINELOGENTRY, 5138@client-2337B1250970, (t:1, i:104), METADATAENTRY(c:103), (t:1, i:105), STATEMACHINELOGENTRY, 5143@client-2337B1250970, (t:1, i:106), METADATAENTRY(c:105), (t:1, i:107), STATEMACHINELOGENTRY, 5148@client-2337B1250970, (t:1, i:108), METADATAENTRY(c:107), (t:1, i:109), STATEMACHINELOGENTRY, 5152@client-2337B1250970, (t:1, i:110), METADATAENTRY(c:109), (t:1, i:111), STATEMACHINELOGENTRY, 5157@client-2337B1250970, (t:1, i:112), METADATAENTRY(c:111), (t:1, i:113), STATEMACHINELOGENTRY, 5161@client-2337B1250970, (t:1, i:114), METADATAENTRY(c:113), (t:1, i:115), STATEMACHINELOGENTRY, 5167@client-2337B1250970, (t:1, i:116), METADATAENTRY(c:115), (t:1, i:117), STATEMACHINELOGENTRY, 5171@client-2337B1250970, (t:1, i:118), METADATAENTRY(c:117), (t:1, i:119), STATEMACHINELOGENTRY, 5174@client-2337B1250970, (t:1, i:120), METADATAENTRY(c:119)]
2023-03-17 00:26:26,335 INFO  server.RaftServer$Division (ServerState.java:setRaftConf(378)) - s3@group-6E994AD85659: set configuration 0: peers:[s10|rpc:0.0.0.0:37585|dataStream:|priority:0|startupRole:FOLLOWER, s0|rpc:0.0.0.0:43787|dataStream:|priority:0|startupRole:FOLLOWER, s1|rpc:0.0.0.0:45531|dataStream:|priority:0|startupRole:FOLLOWER]|listeners:[], old=null
2023-03-17 00:26:26,335 INFO  segmented.SegmentedRaftLogWorker (SegmentedRaftLogWorker.java:startLogSegment(426)) - s3@group-6E994AD85659-SegmentedRaftLogWorker: Starting segment from index:0
2023-03-17 00:26:26,342 INFO  segmented.SegmentedRaftLogWorker (SegmentedRaftLogWorker.java:execute(630)) - s5@group-6E994AD85659-SegmentedRaftLogWorker: created new log segment /home/runner/work/ratis/ratis/ratis-examples/target/test/data/9a3b15da/MiniRaftClusterWithNettyce94e709/s5/a909ca09-e6ce-4d78-8d38-6e994ad85659/current/log_inprogress_0
2023-03-17 00:26:26,342 INFO  segmented.SegmentedRaftLogWorker (SegmentedRaftLogWorker.java:execute(630)) - s7@group-6E994AD85659-SegmentedRaftLogWorker: created new log segment /home/runner/work/ratis/ratis/ratis-examples/target/test/data/9a3b15da/MiniRaftClusterWithNettyce94e709/s7/a909ca09-e6ce-4d78-8d38-6e994ad85659/current/log_inprogress_0
2023-03-17 00:26:26,352 DEBUG server.RaftServer$Division (RaftServerImpl.java:logAppendEntries(1430)) - s14@group-6E994AD85659: receive appendEntries(s1, 1, null, 120, false, commits:[s1:c120, s10:c120, s0:c120, s3:c-1, s4:c-1, s11:c-1, s5:c-1, s6:c-1, s13:c-1, s7:c-1, s12:c-1, s8:c-1, s9:c-1, s14:c-1, s2:c-1], cId:7580, entries: [(t:1, i:0), CONFIGURATIONENTRY(current:id: "s10"
address: "0.0.0.0:37585"
clientAddress: "0.0.0.0:37585"
adminAddress: "0.0.0.0:37585"
startupRole: FOLLOWER
,id: "s0"
address: "0.0.0.0:43787"
clientAddress: "0.0.0.0:43787"
adminAddress: "0.0.0.0:43787"
startupRole: FOLLOWER
,id: "s1"
address: "0.0.0.0:45531"
clientAddress: "0.0.0.0:45531"
adminAddress: "0.0.0.0:45531"
startupRole: FOLLOWER
, old:), (t:1, i:1), STATEMACHINELOGENTRY, 4904@client-2337B1250970, (t:1, i:2), METADATAENTRY(c:1), (t:1, i:3), STATEMACHINELOGENTRY, 4908@client-2337B1250970, (t:1, i:4), METADATAENTRY(c:3), (t:1, i:5), STATEMACHINELOGENTRY, 4913@client-2337B1250970, (t:1, i:6), METADATAENTRY(c:5), (t:1, i:7), STATEMACHINELOGENTRY, 4918@client-2337B1250970, (t:1, i:8), METADATAENTRY(c:7), (t:1, i:9), STATEMACHINELOGENTRY, 4923@client-2337B1250970, (t:1, i:10), METADATAENTRY(c:9), (t:1, i:11), STATEMACHINELOGENTRY, 4927@client-2337B1250970, (t:1, i:12), METADATAENTRY(c:11), (t:1, i:13), STATEMACHINELOGENTRY, 4932@client-2337B1250970, (t:1, i:14), METADATAENTRY(c:13), (t:1, i:15), STATEMACHINELOGENTRY, 4936@client-2337B1250970, (t:1, i:16), METADATAENTRY(c:15), (t:1, i:17), STATEMACHINELOGENTRY, 4941@client-2337B1250970, (t:1, i:18), METADATAENTRY(c:17), (t:1, i:19), STATEMACHINELOGENTRY, 4946@client-2337B1250970, (t:1, i:20), METADATAENTRY(c:19), (t:1, i:21), STATEMACHINELOGENTRY, 4950@client-2337B1250970, (t:1, i:22), METADATAENTRY(c:21), (t:1, i:23), STATEMACHINELOGENTRY, 4955@client-2337B1250970, (t:1, i:24), METADATAENTRY(c:23), (t:1, i:25), STATEMACHINELOGENTRY, 4960@client-2337B1250970, (t:1, i:26), METADATAENTRY(c:25), (t:1, i:27), STATEMACHINELOGENTRY, 4965@client-2337B1250970, (t:1, i:28), METADATAENTRY(c:27), (t:1, i:29), STATEMACHINELOGENTRY, 4969@client-2337B1250970, (t:1, i:30), METADATAENTRY(c:29), (t:1, i:31), STATEMACHINELOGENTRY, 4975@client-2337B1250970, (t:1, i:32), METADATAENTRY(c:31), (t:1, i:33), STATEMACHINELOGENTRY, 4979@client-2337B1250970, (t:1, i:34), METADATAENTRY(c:33), (t:1, i:35), STATEMACHINELOGENTRY, 4984@client-2337B1250970, (t:1, i:36), METADATAENTRY(c:35), (t:1, i:37), STATEMACHINELOGENTRY, 4989@client-2337B1250970, (t:1, i:38), METADATAENTRY(c:37), (t:1, i:39), STATEMACHINELOGENTRY, 4993@client-2337B1250970, (t:1, i:40), METADATAENTRY(c:39), (t:1, i:41), STATEMACHINELOGENTRY, 4998@client-2337B1250970, (t:1, i:42), METADATAENTRY(c:41), (t:1, i:43), STATEMACHINELOGENTRY, 5002@client-2337B1250970, (t:1, i:44), METADATAENTRY(c:43), (t:1, i:45), STATEMACHINELOGENTRY, 5006@client-2337B1250970, (t:1, i:46), METADATAENTRY(c:45), (t:1, i:47), STATEMACHINELOGENTRY, 5011@client-2337B1250970, (t:1, i:48), METADATAENTRY(c:47), (t:1, i:49), STATEMACHINELOGENTRY, 5015@client-2337B1250970, (t:1, i:50), METADATAENTRY(c:49), (t:1, i:51), STATEMACHINELOGENTRY, 5020@client-2337B1250970, (t:1, i:52), METADATAENTRY(c:51), (t:1, i:53), STATEMACHINELOGENTRY, 5024@client-2337B1250970, (t:1, i:54), METADATAENTRY(c:53), (t:1, i:55), STATEMACHINELOGENTRY, 5030@client-2337B1250970, (t:1, i:56), METADATAENTRY(c:55), (t:1, i:57), STATEMACHINELOGENTRY, 5034@client-2337B1250970, (t:1, i:58), METADATAENTRY(c:57), (t:1, i:59), STATEMACHINELOGENTRY, 5038@client-2337B1250970, (t:1, i:60), METADATAENTRY(c:59), (t:1, i:61), STATEMACHINELOGENTRY, 5042@client-2337B1250970, (t:1, i:62), METADATAENTRY(c:61), (t:1, i:63), STATEMACHINELOGENTRY, 5047@client-2337B1250970, (t:1, i:64), METADATAENTRY(c:63), (t:1, i:65), STATEMACHINELOGENTRY, 5052@client-2337B1250970, (t:1, i:66), METADATAENTRY(c:65), (t:1, i:67), STATEMACHINELOGENTRY, 5056@client-2337B1250970, (t:1, i:68), METADATAENTRY(c:67), (t:1, i:69), STATEMACHINELOGENTRY, 5061@client-2337B1250970, (t:1, i:70), METADATAENTRY(c:69), (t:1, i:71), STATEMACHINELOGENTRY, 5065@client-2337B1250970, (t:1, i:72), METADATAENTRY(c:71), (t:1, i:73), STATEMACHINELOGENTRY, 5069@client-2337B1250970, (t:1, i:74), METADATAENTRY(c:73), (t:1, i:75), STATEMACHINELOGENTRY, 5074@client-2337B1250970, (t:1, i:76), METADATAENTRY(c:75), (t:1, i:77), STATEMACHINELOGENTRY, 5078@client-2337B1250970, (t:1, i:78), METADATAENTRY(c:77), (t:1, i:79), STATEMACHINELOGENTRY, 5082@client-2337B1250970, (t:1, i:80), METADATAENTRY(c:79), (t:1, i:81), STATEMACHINELOGENTRY, 5087@client-2337B1250970, (t:1, i:82), METADATAENTRY(c:81), (t:1, i:83), STATEMACHINELOGENTRY, 5093@client-2337B1250970, (t:1, i:84), METADATAENTRY(c:83), (t:1, i:85), STATEMACHINELOGENTRY, 5097@client-2337B1250970, (t:1, i:86), METADATAENTRY(c:85), (t:1, i:87), STATEMACHINELOGENTRY, 5102@client-2337B1250970, (t:1, i:88), METADATAENTRY(c:87), (t:1, i:89), STATEMACHINELOGENTRY, 5106@client-2337B1250970, (t:1, i:90), METADATAENTRY(c:89), (t:1, i:91), STATEMACHINELOGENTRY, 5110@client-2337B1250970, (t:1, i:92), METADATAENTRY(c:91), (t:1, i:93), STATEMACHINELOGENTRY, 5115@client-2337B1250970, (t:1, i:94), METADATAENTRY(c:93), (t:1, i:95), STATEMACHINELOGENTRY, 5120@client-2337B1250970, (t:1, i:96), METADATAENTRY(c:95), (t:1, i:97), STATEMACHINELOGENTRY, 5125@client-2337B1250970, (t:1, i:98), METADATAENTRY(c:97), (t:1, i:99), STATEMACHINELOGENTRY, 5129@client-2337B1250970, (t:1, i:100), METADATAENTRY(c:99), (t:1, i:101), STATEMACHINELOGENTRY, 5134@client-2337B1250970, (t:1, i:102), METADATAENTRY(c:101), (t:1, i:103), STATEMACHINELOGENTRY, 5138@client-2337B1250970, (t:1, i:104), METADATAENTRY(c:103), (t:1, i:105), STATEMACHINELOGENTRY, 5143@client-2337B1250970, (t:1, i:106), METADATAENTRY(c:105), (t:1, i:107), STATEMACHINELOGENTRY, 5148@client-2337B1250970, (t:1, i:108), METADATAENTRY(c:107), (t:1, i:109), STATEMACHINELOGENTRY, 5152@client-2337B1250970, (t:1, i:110), METADATAENTRY(c:109), (t:1, i:111), STATEMACHINELOGENTRY, 5157@client-2337B1250970, (t:1, i:112), METADATAENTRY(c:111), (t:1, i:113), STATEMACHINELOGENTRY, 5161@client-2337B1250970, (t:1, i:114), METADATAENTRY(c:113), (t:1, i:115), STATEMACHINELOGENTRY, 5167@client-2337B1250970, (t:1, i:116), METADATAENTRY(c:115), (t:1, i:117), STATEMACHINELOGENTRY, 5171@client-2337B1250970, (t:1, i:118), METADATAENTRY(c:117), (t:1, i:119), STATEMACHINELOGENTRY, 5174@client-2337B1250970, (t:1, i:120), METADATAENTRY(c:119)]
2023-03-17 00:26:26,352 INFO  server.RaftServer$Division (ServerState.java:setRaftConf(378)) - s14@group-6E994AD85659: set configuration 0: peers:[s10|rpc:0.0.0.0:37585|dataStream:|priority:0|startupRole:FOLLOWER, s0|rpc:0.0.0.0:43787|dataStream:|priority:0|startupRole:FOLLOWER, s1|rpc:0.0.0.0:45531|dataStream:|priority:0|startupRole:FOLLOWER]|listeners:[], old=null
2023-03-17 00:26:26,352 INFO  segmented.SegmentedRaftLogWorker (SegmentedRaftLogWorker.java:startLogSegment(426)) - s14@group-6E994AD85659-SegmentedRaftLogWorker: Starting segment from index:0
2023-03-17 00:26:26,355 DEBUG server.RaftServer$Division (RaftServerImpl.java:logAppendEntries(1430)) - s7@group-6E994AD85659: succeeded to handle AppendEntries. Reply: s1<-s7#7572:OK-t1,SUCCESS,nextIndex=121,followerCommit=120,matchIndex=120
2023-03-17 00:26:26,356 DEBUG server.RaftServer$Division (RaftServerImpl.java:logAppendEntries(1430)) - s12@group-6E994AD85659: receive appendEntries(s1, 1, null, 120, false, commits:[s1:c120, s10:c120, s0:c120, s3:c-1, s4:c-1, s11:c-1, s5:c-1, s6:c-1, s13:c-1, s7:c-1, s12:c-1, s8:c-1, s9:c-1, s14:c-1, s2:c-1], cId:7579, entries: [(t:1, i:0), CONFIGURATIONENTRY(current:id: "s10"
address: "0.0.0.0:37585"
clientAddress: "0.0.0.0:37585"
adminAddress: "0.0.0.0:37585"
startupRole: FOLLOWER
,id: "s0"
address: "0.0.0.0:43787"
clientAddress: "0.0.0.0:43787"
adminAddress: "0.0.0.0:43787"
startupRole: FOLLOWER
,id: "s1"
address: "0.0.0.0:45531"
clientAddress: "0.0.0.0:45531"
adminAddress: "0.0.0.0:45531"
startupRole: FOLLOWER
, old:), (t:1, i:1), STATEMACHINELOGENTRY, 4904@client-2337B1250970, (t:1, i:2), METADATAENTRY(c:1), (t:1, i:3), STATEMACHINELOGENTRY, 4908@client-2337B1250970, (t:1, i:4), METADATAENTRY(c:3), (t:1, i:5), STATEMACHINELOGENTRY, 4913@client-2337B1250970, (t:1, i:6), METADATAENTRY(c:5), (t:1, i:7), STATEMACHINELOGENTRY, 4918@client-2337B1250970, (t:1, i:8), METADATAENTRY(c:7), (t:1, i:9), STATEMACHINELOGENTRY, 4923@client-2337B1250970, (t:1, i:10), METADATAENTRY(c:9), (t:1, i:11), STATEMACHINELOGENTRY, 4927@client-2337B1250970, (t:1, i:12), METADATAENTRY(c:11), (t:1, i:13), STATEMACHINELOGENTRY, 4932@client-2337B1250970, (t:1, i:14), METADATAENTRY(c:13), (t:1, i:15), STATEMACHINELOGENTRY, 4936@client-2337B1250970, (t:1, i:16), METADATAENTRY(c:15), (t:1, i:17), STATEMACHINELOGENTRY, 4941@client-2337B1250970, (t:1, i:18), METADATAENTRY(c:17), (t:1, i:19), STATEMACHINELOGENTRY, 4946@client-2337B1250970, (t:1, i:20), METADATAENTRY(c:19), (t:1, i:21), STATEMACHINELOGENTRY, 4950@client-2337B1250970, (t:1, i:22), METADATAENTRY(c:21), (t:1, i:23), STATEMACHINELOGENTRY, 4955@client-2337B1250970, (t:1, i:24), METADATAENTRY(c:23), (t:1, i:25), STATEMACHINELOGENTRY, 4960@client-2337B1250970, (t:1, i:26), METADATAENTRY(c:25), (t:1, i:27), STATEMACHINELOGENTRY, 4965@client-2337B1250970, (t:1, i:28), METADATAENTRY(c:27), (t:1, i:29), STATEMACHINELOGENTRY, 4969@client-2337B1250970, (t:1, i:30), METADATAENTRY(c:29), (t:1, i:31), STATEMACHINELOGENTRY, 4975@client-2337B1250970, (t:1, i:32), METADATAENTRY(c:31), (t:1, i:33), STATEMACHINELOGENTRY, 4979@client-2337B1250970, (t:1, i:34), METADATAENTRY(c:33), (t:1, i:35), STATEMACHINELOGENTRY, 4984@client-2337B1250970, (t:1, i:36), METADATAENTRY(c:35), (t:1, i:37), STATEMACHINELOGENTRY, 4989@client-2337B1250970, (t:1, i:38), METADATAENTRY(c:37), (t:1, i:39), STATEMACHINELOGENTRY, 4993@client-2337B1250970, (t:1, i:40), METADATAENTRY(c:39), (t:1, i:41), STATEMACHINELOGENTRY, 4998@client-2337B1250970, (t:1, i:42), METADATAENTRY(c:41), (t:1, i:43), STATEMACHINELOGENTRY, 5002@client-2337B1250970, (t:1, i:44), METADATAENTRY(c:43), (t:1, i:45), STATEMACHINELOGENTRY, 5006@client-2337B1250970, (t:1, i:46), METADATAENTRY(c:45), (t:1, i:47), STATEMACHINELOGENTRY, 5011@client-2337B1250970, (t:1, i:48), METADATAENTRY(c:47), (t:1, i:49), STATEMACHINELOGENTRY, 5015@client-2337B1250970, (t:1, i:50), METADATAENTRY(c:49), (t:1, i:51), STATEMACHINELOGENTRY, 5020@client-2337B1250970, (t:1, i:52), METADATAENTRY(c:51), (t:1, i:53), STATEMACHINELOGENTRY, 5024@client-2337B1250970, (t:1, i:54), METADATAENTRY(c:53), (t:1, i:55), STATEMACHINELOGENTRY, 5030@client-2337B1250970, (t:1, i:56), METADATAENTRY(c:55), (t:1, i:57), STATEMACHINELOGENTRY, 5034@client-2337B1250970, (t:1, i:58), METADATAENTRY(c:57), (t:1, i:59), STATEMACHINELOGENTRY, 5038@client-2337B1250970, (t:1, i:60), METADATAENTRY(c:59), (t:1, i:61), STATEMACHINELOGENTRY, 5042@client-2337B1250970, (t:1, i:62), METADATAENTRY(c:61), (t:1, i:63), STATEMACHINELOGENTRY, 5047@client-2337B1250970, (t:1, i:64), METADATAENTRY(c:63), (t:1, i:65), STATEMACHINELOGENTRY, 5052@client-2337B1250970, (t:1, i:66), METADATAENTRY(c:65), (t:1, i:67), STATEMACHINELOGENTRY, 5056@client-2337B1250970, (t:1, i:68), METADATAENTRY(c:67), (t:1, i:69), STATEMACHINELOGENTRY, 5061@client-2337B1250970, (t:1, i:70), METADATAENTRY(c:69), (t:1, i:71), STATEMACHINELOGENTRY, 5065@client-2337B1250970, (t:1, i:72), METADATAENTRY(c:71), (t:1, i:73), STATEMACHINELOGENTRY, 5069@client-2337B1250970, (t:1, i:74), METADATAENTRY(c:73), (t:1, i:75), STATEMACHINELOGENTRY, 5074@client-2337B1250970, (t:1, i:76), METADATAENTRY(c:75), (t:1, i:77), STATEMACHINELOGENTRY, 5078@client-2337B1250970, (t:1, i:78), METADATAENTRY(c:77), (t:1, i:79), STATEMACHINELOGENTRY, 5082@client-2337B1250970, (t:1, i:80), METADATAENTRY(c:79), (t:1, i:81), STATEMACHINELOGENTRY, 5087@client-2337B1250970, (t:1, i:82), METADATAENTRY(c:81), (t:1, i:83), STATEMACHINELOGENTRY, 5093@client-2337B1250970, (t:1, i:84), METADATAENTRY(c:83), (t:1, i:85), STATEMACHINELOGENTRY, 5097@client-2337B1250970, (t:1, i:86), METADATAENTRY(c:85), (t:1, i:87), STATEMACHINELOGENTRY, 5102@client-2337B1250970, (t:1, i:88), METADATAENTRY(c:87), (t:1, i:89), STATEMACHINELOGENTRY, 5106@client-2337B1250970, (t:1, i:90), METADATAENTRY(c:89), (t:1, i:91), STATEMACHINELOGENTRY, 5110@client-2337B1250970, (t:1, i:92), METADATAENTRY(c:91), (t:1, i:93), STATEMACHINELOGENTRY, 5115@client-2337B1250970, (t:1, i:94), METADATAENTRY(c:93), (t:1, i:95), STATEMACHINELOGENTRY, 5120@client-2337B1250970, (t:1, i:96), METADATAENTRY(c:95), (t:1, i:97), STATEMACHINELOGENTRY, 5125@client-2337B1250970, (t:1, i:98), METADATAENTRY(c:97), (t:1, i:99), STATEMACHINELOGENTRY, 5129@client-2337B1250970, (t:1, i:100), METADATAENTRY(c:99), (t:1, i:101), STATEMACHINELOGENTRY, 5134@client-2337B1250970, (t:1, i:102), METADATAENTRY(c:101), (t:1, i:103), STATEMACHINELOGENTRY, 5138@client-2337B1250970, (t:1, i:104), METADATAENTRY(c:103), (t:1, i:105), STATEMACHINELOGENTRY, 5143@client-2337B1250970, (t:1, i:106), METADATAENTRY(c:105), (t:1, i:107), STATEMACHINELOGENTRY, 5148@client-2337B1250970, (t:1, i:108), METADATAENTRY(c:107), (t:1, i:109), STATEMACHINELOGENTRY, 5152@client-2337B1250970, (t:1, i:110), METADATAENTRY(c:109), (t:1, i:111), STATEMACHINELOGENTRY, 5157@client-2337B1250970, (t:1, i:112), METADATAENTRY(c:111), (t:1, i:113), STATEMACHINELOGENTRY, 5161@client-2337B1250970, (t:1, i:114), METADATAENTRY(c:113), (t:1, i:115), STATEMACHINELOGENTRY, 5167@client-2337B1250970, (t:1, i:116), METADATAENTRY(c:115), (t:1, i:117), STATEMACHINELOGENTRY, 5171@client-2337B1250970, (t:1, i:118), METADATAENTRY(c:117), (t:1, i:119), STATEMACHINELOGENTRY, 5174@client-2337B1250970, (t:1, i:120), METADATAENTRY(c:119)]
2023-03-17 00:26:26,357 INFO  server.RaftServer$Division (ServerState.java:setRaftConf(378)) - s12@group-6E994AD85659: set configuration 0: peers:[s10|rpc:0.0.0.0:37585|dataStream:|priority:0|startupRole:FOLLOWER, s0|rpc:0.0.0.0:43787|dataStream:|priority:0|startupRole:FOLLOWER, s1|rpc:0.0.0.0:45531|dataStream:|priority:0|startupRole:FOLLOWER]|listeners:[], old=null
2023-03-17 00:26:26,357 INFO  segmented.SegmentedRaftLogWorker (SegmentedRaftLogWorker.java:startLogSegment(426)) - s12@group-6E994AD85659-SegmentedRaftLogWorker: Starting segment from index:0
2023-03-17 00:26:26,358 DEBUG server.RaftServer$Division (RaftServerImpl.java:logAppendEntries(1430)) - s2@group-6E994AD85659: receive appendEntries(s1, 1, null, 120, false, commits:[s1:c120, s10:c120, s0:c120, s3:c-1, s4:c-1, s11:c-1, s5:c-1, s6:c-1, s13:c-1, s7:c-1, s12:c-1, s8:c-1, s9:c-1, s14:c-1, s2:c-1], cId:7577, entries: [(t:1, i:0), CONFIGURATIONENTRY(current:id: "s10"
address: "0.0.0.0:37585"
clientAddress: "0.0.0.0:37585"
adminAddress: "0.0.0.0:37585"
startupRole: FOLLOWER
,id: "s0"
address: "0.0.0.0:43787"
clientAddress: "0.0.0.0:43787"
adminAddress: "0.0.0.0:43787"
startupRole: FOLLOWER
,id: "s1"
address: "0.0.0.0:45531"
clientAddress: "0.0.0.0:45531"
adminAddress: "0.0.0.0:45531"
startupRole: FOLLOWER
, old:), (t:1, i:1), STATEMACHINELOGENTRY, 4904@client-2337B1250970, (t:1, i:2), METADATAENTRY(c:1), (t:1, i:3), STATEMACHINELOGENTRY, 4908@client-2337B1250970, (t:1, i:4), METADATAENTRY(c:3), (t:1, i:5), STATEMACHINELOGENTRY, 4913@client-2337B1250970, (t:1, i:6), METADATAENTRY(c:5), (t:1, i:7), STATEMACHINELOGENTRY, 4918@client-2337B1250970, (t:1, i:8), METADATAENTRY(c:7), (t:1, i:9), STATEMACHINELOGENTRY, 4923@client-2337B1250970, (t:1, i:10), METADATAENTRY(c:9), (t:1, i:11), STATEMACHINELOGENTRY, 4927@client-2337B1250970, (t:1, i:12), METADATAENTRY(c:11), (t:1, i:13), STATEMACHINELOGENTRY, 4932@client-2337B1250970, (t:1, i:14), METADATAENTRY(c:13), (t:1, i:15), STATEMACHINELOGENTRY, 4936@client-2337B1250970, (t:1, i:16), METADATAENTRY(c:15), (t:1, i:17), STATEMACHINELOGENTRY, 4941@client-2337B1250970, (t:1, i:18), METADATAENTRY(c:17), (t:1, i:19), STATEMACHINELOGENTRY, 4946@client-2337B1250970, (t:1, i:20), METADATAENTRY(c:19), (t:1, i:21), STATEMACHINELOGENTRY, 4950@client-2337B1250970, (t:1, i:22), METADATAENTRY(c:21), (t:1, i:23), STATEMACHINELOGENTRY, 4955@client-2337B1250970, (t:1, i:24), METADATAENTRY(c:23), (t:1, i:25), STATEMACHINELOGENTRY, 4960@client-2337B1250970, (t:1, i:26), METADATAENTRY(c:25), (t:1, i:27), STATEMACHINELOGENTRY, 4965@client-2337B1250970, (t:1, i:28), METADATAENTRY(c:27), (t:1, i:29), STATEMACHINELOGENTRY, 4969@client-2337B1250970, (t:1, i:30), METADATAENTRY(c:29), (t:1, i:31), STATEMACHINELOGENTRY, 4975@client-2337B1250970, (t:1, i:32), METADATAENTRY(c:31), (t:1, i:33), STATEMACHINELOGENTRY, 4979@client-2337B1250970, (t:1, i:34), METADATAENTRY(c:33), (t:1, i:35), STATEMACHINELOGENTRY, 4984@client-2337B1250970, (t:1, i:36), METADATAENTRY(c:35), (t:1, i:37), STATEMACHINELOGENTRY, 4989@client-2337B1250970, (t:1, i:38), METADATAENTRY(c:37), (t:1, i:39), STATEMACHINELOGENTRY, 4993@client-2337B1250970, (t:1, i:40), METADATAENTRY(c:39), (t:1, i:41), STATEMACHINELOGENTRY, 4998@client-2337B1250970, (t:1, i:42), METADATAENTRY(c:41), (t:1, i:43), STATEMACHINELOGENTRY, 5002@client-2337B1250970, (t:1, i:44), METADATAENTRY(c:43), (t:1, i:45), STATEMACHINELOGENTRY, 5006@client-2337B1250970, (t:1, i:46), METADATAENTRY(c:45), (t:1, i:47), STATEMACHINELOGENTRY, 5011@client-2337B1250970, (t:1, i:48), METADATAENTRY(c:47), (t:1, i:49), STATEMACHINELOGENTRY, 5015@client-2337B1250970, (t:1, i:50), METADATAENTRY(c:49), (t:1, i:51), STATEMACHINELOGENTRY, 5020@client-2337B1250970, (t:1, i:52), METADATAENTRY(c:51), (t:1, i:53), STATEMACHINELOGENTRY, 5024@client-2337B1250970, (t:1, i:54), METADATAENTRY(c:53), (t:1, i:55), STATEMACHINELOGENTRY, 5030@client-2337B1250970, (t:1, i:56), METADATAENTRY(c:55), (t:1, i:57), STATEMACHINELOGENTRY, 5034@client-2337B1250970, (t:1, i:58), METADATAENTRY(c:57), (t:1, i:59), STATEMACHINELOGENTRY, 5038@client-2337B1250970, (t:1, i:60), METADATAENTRY(c:59), (t:1, i:61), STATEMACHINELOGENTRY, 5042@client-2337B1250970, (t:1, i:62), METADATAENTRY(c:61), (t:1, i:63), STATEMACHINELOGENTRY, 5047@client-2337B1250970, (t:1, i:64), METADATAENTRY(c:63), (t:1, i:65), STATEMACHINELOGENTRY, 5052@client-2337B1250970, (t:1, i:66), METADATAENTRY(c:65), (t:1, i:67), STATEMACHINELOGENTRY, 5056@client-2337B1250970, (t:1, i:68), METADATAENTRY(c:67), (t:1, i:69), STATEMACHINELOGENTRY, 5061@client-2337B1250970, (t:1, i:70), METADATAENTRY(c:69), (t:1, i:71), STATEMACHINELOGENTRY, 5065@client-2337B1250970, (t:1, i:72), METADATAENTRY(c:71), (t:1, i:73), STATEMACHINELOGENTRY, 5069@client-2337B1250970, (t:1, i:74), METADATAENTRY(c:73), (t:1, i:75), STATEMACHINELOGENTRY, 5074@client-2337B1250970, (t:1, i:76), METADATAENTRY(c:75), (t:1, i:77), STATEMACHINELOGENTRY, 5078@client-2337B1250970, (t:1, i:78), METADATAENTRY(c:77), (t:1, i:79), STATEMACHINELOGENTRY, 5082@client-2337B1250970, (t:1, i:80), METADATAENTRY(c:79), (t:1, i:81), STATEMACHINELOGENTRY, 5087@client-2337B1250970, (t:1, i:82), METADATAENTRY(c:81), (t:1, i:83), STATEMACHINELOGENTRY, 5093@client-2337B1250970, (t:1, i:84), METADATAENTRY(c:83), (t:1, i:85), STATEMACHINELOGENTRY, 5097@client-2337B1250970, (t:1, i:86), METADATAENTRY(c:85), (t:1, i:87), STATEMACHINELOGENTRY, 5102@client-2337B1250970, (t:1, i:88), METADATAENTRY(c:87), (t:1, i:89), STATEMACHINELOGENTRY, 5106@client-2337B1250970, (t:1, i:90), METADATAENTRY(c:89), (t:1, i:91), STATEMACHINELOGENTRY, 5110@client-2337B1250970, (t:1, i:92), METADATAENTRY(c:91), (t:1, i:93), STATEMACHINELOGENTRY, 5115@client-2337B1250970, (t:1, i:94), METADATAENTRY(c:93), (t:1, i:95), STATEMACHINELOGENTRY, 5120@client-2337B1250970, (t:1, i:96), METADATAENTRY(c:95), (t:1, i:97), STATEMACHINELOGENTRY, 5125@client-2337B1250970, (t:1, i:98), METADATAENTRY(c:97), (t:1, i:99), STATEMACHINELOGENTRY, 5129@client-2337B1250970, (t:1, i:100), METADATAENTRY(c:99), (t:1, i:101), STATEMACHINELOGENTRY, 5134@client-2337B1250970, (t:1, i:102), METADATAENTRY(c:101), (t:1, i:103), STATEMACHINELOGENTRY, 5138@client-2337B1250970, (t:1, i:104), METADATAENTRY(c:103), (t:1, i:105), STATEMACHINELOGENTRY, 5143@client-2337B1250970, (t:1, i:106), METADATAENTRY(c:105), (t:1, i:107), STATEMACHINELOGENTRY, 5148@client-2337B1250970, (t:1, i:108), METADATAENTRY(c:107), (t:1, i:109), STATEMACHINELOGENTRY, 5152@client-2337B1250970, (t:1, i:110), METADATAENTRY(c:109), (t:1, i:111), STATEMACHINELOGENTRY, 5157@client-2337B1250970, (t:1, i:112), METADATAENTRY(c:111), (t:1, i:113), STATEMACHINELOGENTRY, 5161@client-2337B1250970, (t:1, i:114), METADATAENTRY(c:113), (t:1, i:115), STATEMACHINELOGENTRY, 5167@client-2337B1250970, (t:1, i:116), METADATAENTRY(c:115), (t:1, i:117), STATEMACHINELOGENTRY, 5171@client-2337B1250970, (t:1, i:118), METADATAENTRY(c:117), (t:1, i:119), STATEMACHINELOGENTRY, 5174@client-2337B1250970, (t:1, i:120), METADATAENTRY(c:119)]
2023-03-17 00:26:26,358 INFO  server.RaftServer$Division (ServerState.java:setRaftConf(378)) - s2@group-6E994AD85659: set configuration 0: peers:[s10|rpc:0.0.0.0:37585|dataStream:|priority:0|startupRole:FOLLOWER, s0|rpc:0.0.0.0:43787|dataStream:|priority:0|startupRole:FOLLOWER, s1|rpc:0.0.0.0:45531|dataStream:|priority:0|startupRole:FOLLOWER]|listeners:[], old=null
2023-03-17 00:26:26,358 INFO  segmented.SegmentedRaftLogWorker (SegmentedRaftLogWorker.java:startLogSegment(426)) - s2@group-6E994AD85659-SegmentedRaftLogWorker: Starting segment from index:0
2023-03-17 00:26:26,359 INFO  server.RaftServer$Division (ServerState.java:setLeader(260)) - s4@group-6E994AD85659: change Leader from null to s1 at term 1 for appendEntries, leader elected after 265ms
2023-03-17 00:26:26,360 INFO  impl.RoleInfo (RoleInfo.java:updateAndGet(139)) - s4: start s4@group-6E994AD85659-FollowerState
2023-03-17 00:26:26,360 INFO  server.RaftServer$Division (ServerState.java:setLeader(260)) - s13@group-6E994AD85659: change Leader from null to s1 at term 1 for appendEntries, leader elected after 395ms
2023-03-17 00:26:26,360 INFO  impl.RoleInfo (RoleInfo.java:updateAndGet(139)) - s13: start s13@group-6E994AD85659-FollowerState
2023-03-17 00:26:26,360 INFO  segmented.SegmentedRaftLogWorker (SegmentedRaftLogWorker.java:execute(630)) - s3@group-6E994AD85659-SegmentedRaftLogWorker: created new log segment /home/runner/work/ratis/ratis/ratis-examples/target/test/data/9a3b15da/MiniRaftClusterWithNettyce94e709/s3/a909ca09-e6ce-4d78-8d38-6e994ad85659/current/log_inprogress_0
2023-03-17 00:26:26,361 INFO  segmented.SegmentedRaftLogWorker (SegmentedRaftLogWorker.java:execute(630)) - s8@group-6E994AD85659-SegmentedRaftLogWorker: created new log segment /home/runner/work/ratis/ratis/ratis-examples/target/test/data/9a3b15da/MiniRaftClusterWithNettyce94e709/s8/a909ca09-e6ce-4d78-8d38-6e994ad85659/current/log_inprogress_0
2023-03-17 00:26:26,361 INFO  server.RaftServer$Division (ServerState.java:setLeader(260)) - s9@group-6E994AD85659: change Leader from null to s1 at term 1 for appendEntries, leader elected after 150ms
2023-03-17 00:26:26,361 INFO  impl.RoleInfo (RoleInfo.java:updateAndGet(139)) - s9: start s9@group-6E994AD85659-FollowerState
2023-03-17 00:26:26,363 DEBUG server.RaftServer$Division (RaftServerImpl.java:logAppendEntries(1430)) - s6@group-6E994AD85659: receive appendEntries(s1, 1, null, 120, false, commits:[s1:c120, s10:c120, s0:c120, s3:c-1, s4:c-1, s11:c-1, s5:c-1, s6:c-1, s13:c-1, s7:c-1, s12:c-1, s8:c-1, s9:c-1, s14:c-1, s2:c-1], cId:7578, entries: [(t:1, i:0), CONFIGURATIONENTRY(current:id: "s10"
address: "0.0.0.0:37585"
clientAddress: "0.0.0.0:37585"
adminAddress: "0.0.0.0:37585"
startupRole: FOLLOWER
,id: "s0"
address: "0.0.0.0:43787"
clientAddress: "0.0.0.0:43787"
adminAddress: "0.0.0.0:43787"
startupRole: FOLLOWER
,id: "s1"
address: "0.0.0.0:45531"
clientAddress: "0.0.0.0:45531"
adminAddress: "0.0.0.0:45531"
startupRole: FOLLOWER
, old:), (t:1, i:1), STATEMACHINELOGENTRY, 4904@client-2337B1250970, (t:1, i:2), METADATAENTRY(c:1), (t:1, i:3), STATEMACHINELOGENTRY, 4908@client-2337B1250970, (t:1, i:4), METADATAENTRY(c:3), (t:1, i:5), STATEMACHINELOGENTRY, 4913@client-2337B1250970, (t:1, i:6), METADATAENTRY(c:5), (t:1, i:7), STATEMACHINELOGENTRY, 4918@client-2337B1250970, (t:1, i:8), METADATAENTRY(c:7), (t:1, i:9), STATEMACHINELOGENTRY, 4923@client-2337B1250970, (t:1, i:10), METADATAENTRY(c:9), (t:1, i:11), STATEMACHINELOGENTRY, 4927@client-2337B1250970, (t:1, i:12), METADATAENTRY(c:11), (t:1, i:13), STATEMACHINELOGENTRY, 4932@client-2337B1250970, (t:1, i:14), METADATAENTRY(c:13), (t:1, i:15), STATEMACHINELOGENTRY, 4936@client-2337B1250970, (t:1, i:16), METADATAENTRY(c:15), (t:1, i:17), STATEMACHINELOGENTRY, 4941@client-2337B1250970, (t:1, i:18), METADATAENTRY(c:17), (t:1, i:19), STATEMACHINELOGENTRY, 4946@client-2337B1250970, (t:1, i:20), METADATAENTRY(c:19), (t:1, i:21), STATEMACHINELOGENTRY, 4950@client-2337B1250970, (t:1, i:22), METADATAENTRY(c:21), (t:1, i:23), STATEMACHINELOGENTRY, 4955@client-2337B1250970, (t:1, i:24), METADATAENTRY(c:23), (t:1, i:25), STATEMACHINELOGENTRY, 4960@client-2337B1250970, (t:1, i:26), METADATAENTRY(c:25), (t:1, i:27), STATEMACHINELOGENTRY, 4965@client-2337B1250970, (t:1, i:28), METADATAENTRY(c:27), (t:1, i:29), STATEMACHINELOGENTRY, 4969@client-2337B1250970, (t:1, i:30), METADATAENTRY(c:29), (t:1, i:31), STATEMACHINELOGENTRY, 4975@client-2337B1250970, (t:1, i:32), METADATAENTRY(c:31), (t:1, i:33), STATEMACHINELOGENTRY, 4979@client-2337B1250970, (t:1, i:34), METADATAENTRY(c:33), (t:1, i:35), STATEMACHINELOGENTRY, 4984@client-2337B1250970, (t:1, i:36), METADATAENTRY(c:35), (t:1, i:37), STATEMACHINELOGENTRY, 4989@client-2337B1250970, (t:1, i:38), METADATAENTRY(c:37), (t:1, i:39), STATEMACHINELOGENTRY, 4993@client-2337B1250970, (t:1, i:40), METADATAENTRY(c:39), (t:1, i:41), STATEMACHINELOGENTRY, 4998@client-2337B1250970, (t:1, i:42), METADATAENTRY(c:41), (t:1, i:43), STATEMACHINELOGENTRY, 5002@client-2337B1250970, (t:1, i:44), METADATAENTRY(c:43), (t:1, i:45), STATEMACHINELOGENTRY, 5006@client-2337B1250970, (t:1, i:46), METADATAENTRY(c:45), (t:1, i:47), STATEMACHINELOGENTRY, 5011@client-2337B1250970, (t:1, i:48), METADATAENTRY(c:47), (t:1, i:49), STATEMACHINELOGENTRY, 5015@client-2337B1250970, (t:1, i:50), METADATAENTRY(c:49), (t:1, i:51), STATEMACHINELOGENTRY, 5020@client-2337B1250970, (t:1, i:52), METADATAENTRY(c:51), (t:1, i:53), STATEMACHINELOGENTRY, 5024@client-2337B1250970, (t:1, i:54), METADATAENTRY(c:53), (t:1, i:55), STATEMACHINELOGENTRY, 5030@client-2337B1250970, (t:1, i:56), METADATAENTRY(c:55), (t:1, i:57), STATEMACHINELOGENTRY, 5034@client-2337B1250970, (t:1, i:58), METADATAENTRY(c:57), (t:1, i:59), STATEMACHINELOGENTRY, 5038@client-2337B1250970, (t:1, i:60), METADATAENTRY(c:59), (t:1, i:61), STATEMACHINELOGENTRY, 5042@client-2337B1250970, (t:1, i:62), METADATAENTRY(c:61), (t:1, i:63), STATEMACHINELOGENTRY, 5047@client-2337B1250970, (t:1, i:64), METADATAENTRY(c:63), (t:1, i:65), STATEMACHINELOGENTRY, 5052@client-2337B1250970, (t:1, i:66), METADATAENTRY(c:65), (t:1, i:67), STATEMACHINELOGENTRY, 5056@client-2337B1250970, (t:1, i:68), METADATAENTRY(c:67), (t:1, i:69), STATEMACHINELOGENTRY, 5061@client-2337B1250970, (t:1, i:70), METADATAENTRY(c:69), (t:1, i:71), STATEMACHINELOGENTRY, 5065@client-2337B1250970, (t:1, i:72), METADATAENTRY(c:71), (t:1, i:73), STATEMACHINELOGENTRY, 5069@client-2337B1250970, (t:1, i:74), METADATAENTRY(c:73), (t:1, i:75), STATEMACHINELOGENTRY, 5074@client-2337B1250970, (t:1, i:76), METADATAENTRY(c:75), (t:1, i:77), STATEMACHINELOGENTRY, 5078@client-2337B1250970, (t:1, i:78), METADATAENTRY(c:77), (t:1, i:79), STATEMACHINELOGENTRY, 5082@client-2337B1250970, (t:1, i:80), METADATAENTRY(c:79), (t:1, i:81), STATEMACHINELOGENTRY, 5087@client-2337B1250970, (t:1, i:82), METADATAENTRY(c:81), (t:1, i:83), STATEMACHINELOGENTRY, 5093@client-2337B1250970, (t:1, i:84), METADATAENTRY(c:83), (t:1, i:85), STATEMACHINELOGENTRY, 5097@client-2337B1250970, (t:1, i:86), METADATAENTRY(c:85), (t:1, i:87), STATEMACHINELOGENTRY, 5102@client-2337B1250970, (t:1, i:88), METADATAENTRY(c:87), (t:1, i:89), STATEMACHINELOGENTRY, 5106@client-2337B1250970, (t:1, i:90), METADATAENTRY(c:89), (t:1, i:91), STATEMACHINELOGENTRY, 5110@client-2337B1250970, (t:1, i:92), METADATAENTRY(c:91), (t:1, i:93), STATEMACHINELOGENTRY, 5115@client-2337B1250970, (t:1, i:94), METADATAENTRY(c:93), (t:1, i:95), STATEMACHINELOGENTRY, 5120@client-2337B1250970, (t:1, i:96), METADATAENTRY(c:95), (t:1, i:97), STATEMACHINELOGENTRY, 5125@client-2337B1250970, (t:1, i:98), METADATAENTRY(c:97), (t:1, i:99), STATEMACHINELOGENTRY, 5129@client-2337B1250970, (t:1, i:100), METADATAENTRY(c:99), (t:1, i:101), STATEMACHINELOGENTRY, 5134@client-2337B1250970, (t:1, i:102), METADATAENTRY(c:101), (t:1, i:103), STATEMACHINELOGENTRY, 5138@client-2337B1250970, (t:1, i:104), METADATAENTRY(c:103), (t:1, i:105), STATEMACHINELOGENTRY, 5143@client-2337B1250970, (t:1, i:106), METADATAENTRY(c:105), (t:1, i:107), STATEMACHINELOGENTRY, 5148@client-2337B1250970, (t:1, i:108), METADATAENTRY(c:107), (t:1, i:109), STATEMACHINELOGENTRY, 5152@client-2337B1250970, (t:1, i:110), METADATAENTRY(c:109), (t:1, i:111), STATEMACHINELOGENTRY, 5157@client-2337B1250970, (t:1, i:112), METADATAENTRY(c:111), (t:1, i:113), STATEMACHINELOGENTRY, 5161@client-2337B1250970, (t:1, i:114), METADATAENTRY(c:113), (t:1, i:115), STATEMACHINELOGENTRY, 5167@client-2337B1250970, (t:1, i:116), METADATAENTRY(c:115), (t:1, i:117), STATEMACHINELOGENTRY, 5171@client-2337B1250970, (t:1, i:118), METADATAENTRY(c:117), (t:1, i:119), STATEMACHINELOGENTRY, 5174@client-2337B1250970, (t:1, i:120), METADATAENTRY(c:119)]
2023-03-17 00:26:26,364 INFO  server.RaftServer$Division (ServerState.java:setRaftConf(378)) - s6@group-6E994AD85659: set configuration 0: peers:[s10|rpc:0.0.0.0:37585|dataStream:|priority:0|startupRole:FOLLOWER, s0|rpc:0.0.0.0:43787|dataStream:|priority:0|startupRole:FOLLOWER, s1|rpc:0.0.0.0:45531|dataStream:|priority:0|startupRole:FOLLOWER]|listeners:[], old=null
2023-03-17 00:26:26,364 INFO  segmented.SegmentedRaftLogWorker (SegmentedRaftLogWorker.java:startLogSegment(426)) - s6@group-6E994AD85659-SegmentedRaftLogWorker: Starting segment from index:0
2023-03-17 00:26:26,370 DEBUG server.RaftServer$Division (RaftServerImpl.java:logAppendEntries(1430)) - s5@group-6E994AD85659: succeeded to handle AppendEntries. Reply: s1<-s5#7573:OK-t1,SUCCESS,nextIndex=121,followerCommit=120,matchIndex=120
2023-03-17 00:26:26,371 INFO  segmented.SegmentedRaftLogWorker (SegmentedRaftLogWorker.java:execute(630)) - s11@group-6E994AD85659-SegmentedRaftLogWorker: created new log segment /home/runner/work/ratis/ratis/ratis-examples/target/test/data/9a3b15da/MiniRaftClusterWithNettyce94e709/s11/a909ca09-e6ce-4d78-8d38-6e994ad85659/current/log_inprogress_0
2023-03-17 00:26:26,372 DEBUG server.RaftServer$Division (RaftServerImpl.java:logAppendEntries(1430)) - s3@group-6E994AD85659: succeeded to handle AppendEntries. Reply: s1<-s3#7576:OK-t1,SUCCESS,nextIndex=121,followerCommit=120,matchIndex=120
2023-03-17 00:26:26,373 DEBUG server.RaftServer$Division (RaftServerImpl.java:logAppendEntries(1430)) - s8@group-6E994AD85659: succeeded to handle AppendEntries. Reply: s1<-s8#7575:OK-t1,SUCCESS,nextIndex=121,followerCommit=120,matchIndex=120
2023-03-17 00:26:26,374 DEBUG server.RaftServer$Division (RaftServerImpl.java:logAppendEntries(1430)) - s11@group-6E994AD85659: succeeded to handle AppendEntries. Reply: s1<-s11#7574:OK-t1,SUCCESS,nextIndex=121,followerCommit=120,matchIndex=120
2023-03-17 00:26:26,381 DEBUG server.RaftServer$Division (RaftServerImpl.java:logAppendEntries(1430)) - s4@group-6E994AD85659: receive appendEntries(s1, 1, null, 120, false, commits:[s1:c120, s10:c120, s0:c120, s3:c120, s4:c-1, s11:c120, s5:c120, s6:c-1, s13:c-1, s7:c120, s12:c-1, s8:c120, s9:c-1, s14:c-1, s2:c-1], cId:7581, entries: [(t:1, i:0), CONFIGURATIONENTRY(current:id: "s10"
address: "0.0.0.0:37585"
clientAddress: "0.0.0.0:37585"
adminAddress: "0.0.0.0:37585"
startupRole: FOLLOWER
,id: "s0"
address: "0.0.0.0:43787"
clientAddress: "0.0.0.0:43787"
adminAddress: "0.0.0.0:43787"
startupRole: FOLLOWER
,id: "s1"
address: "0.0.0.0:45531"
clientAddress: "0.0.0.0:45531"
adminAddress: "0.0.0.0:45531"
startupRole: FOLLOWER
, old:), (t:1, i:1), STATEMACHINELOGENTRY, 4904@client-2337B1250970, (t:1, i:2), METADATAENTRY(c:1), (t:1, i:3), STATEMACHINELOGENTRY, 4908@client-2337B1250970, (t:1, i:4), METADATAENTRY(c:3), (t:1, i:5), STATEMACHINELOGENTRY, 4913@client-2337B1250970, (t:1, i:6), METADATAENTRY(c:5), (t:1, i:7), STATEMACHINELOGENTRY, 4918@client-2337B1250970, (t:1, i:8), METADATAENTRY(c:7), (t:1, i:9), STATEMACHINELOGENTRY, 4923@client-2337B1250970, (t:1, i:10), METADATAENTRY(c:9), (t:1, i:11), STATEMACHINELOGENTRY, 4927@client-2337B1250970, (t:1, i:12), METADATAENTRY(c:11), (t:1, i:13), STATEMACHINELOGENTRY, 4932@client-2337B1250970, (t:1, i:14), METADATAENTRY(c:13), (t:1, i:15), STATEMACHINELOGENTRY, 4936@client-2337B1250970, (t:1, i:16), METADATAENTRY(c:15), (t:1, i:17), STATEMACHINELOGENTRY, 4941@client-2337B1250970, (t:1, i:18), METADATAENTRY(c:17), (t:1, i:19), STATEMACHINELOGENTRY, 4946@client-2337B1250970, (t:1, i:20), METADATAENTRY(c:19), (t:1, i:21), STATEMACHINELOGENTRY, 4950@client-2337B1250970, (t:1, i:22), METADATAENTRY(c:21), (t:1, i:23), STATEMACHINELOGENTRY, 4955@client-2337B1250970, (t:1, i:24), METADATAENTRY(c:23), (t:1, i:25), STATEMACHINELOGENTRY, 4960@client-2337B1250970, (t:1, i:26), METADATAENTRY(c:25), (t:1, i:27), STATEMACHINELOGENTRY, 4965@client-2337B1250970, (t:1, i:28), METADATAENTRY(c:27), (t:1, i:29), STATEMACHINELOGENTRY, 4969@client-2337B1250970, (t:1, i:30), METADATAENTRY(c:29), (t:1, i:31), STATEMACHINELOGENTRY, 4975@client-2337B1250970, (t:1, i:32), METADATAENTRY(c:31), (t:1, i:33), STATEMACHINELOGENTRY, 4979@client-2337B1250970, (t:1, i:34), METADATAENTRY(c:33), (t:1, i:35), STATEMACHINELOGENTRY, 4984@client-2337B1250970, (t:1, i:36), METADATAENTRY(c:35), (t:1, i:37), STATEMACHINELOGENTRY, 4989@client-2337B1250970, (t:1, i:38), METADATAENTRY(c:37), (t:1, i:39), STATEMACHINELOGENTRY, 4993@client-2337B1250970, (t:1, i:40), METADATAENTRY(c:39), (t:1, i:41), STATEMACHINELOGENTRY, 4998@client-2337B1250970, (t:1, i:42), METADATAENTRY(c:41), (t:1, i:43), STATEMACHINELOGENTRY, 5002@client-2337B1250970, (t:1, i:44), METADATAENTRY(c:43), (t:1, i:45), STATEMACHINELOGENTRY, 5006@client-2337B1250970, (t:1, i:46), METADATAENTRY(c:45), (t:1, i:47), STATEMACHINELOGENTRY, 5011@client-2337B1250970, (t:1, i:48), METADATAENTRY(c:47), (t:1, i:49), STATEMACHINELOGENTRY, 5015@client-2337B1250970, (t:1, i:50), METADATAENTRY(c:49), (t:1, i:51), STATEMACHINELOGENTRY, 5020@client-2337B1250970, (t:1, i:52), METADATAENTRY(c:51), (t:1, i:53), STATEMACHINELOGENTRY, 5024@client-2337B1250970, (t:1, i:54), METADATAENTRY(c:53), (t:1, i:55), STATEMACHINELOGENTRY, 5030@client-2337B1250970, (t:1, i:56), METADATAENTRY(c:55), (t:1, i:57), STATEMACHINELOGENTRY, 5034@client-2337B1250970, (t:1, i:58), METADATAENTRY(c:57), (t:1, i:59), STATEMACHINELOGENTRY, 5038@client-2337B1250970, (t:1, i:60), METADATAENTRY(c:59), (t:1, i:61), STATEMACHINELOGENTRY, 5042@client-2337B1250970, (t:1, i:62), METADATAENTRY(c:61), (t:1, i:63), STATEMACHINELOGENTRY, 5047@client-2337B1250970, (t:1, i:64), METADATAENTRY(c:63), (t:1, i:65), STATEMACHINELOGENTRY, 5052@client-2337B1250970, (t:1, i:66), METADATAENTRY(c:65), (t:1, i:67), STATEMACHINELOGENTRY, 5056@client-2337B1250970, (t:1, i:68), METADATAENTRY(c:67), (t:1, i:69), STATEMACHINELOGENTRY, 5061@client-2337B1250970, (t:1, i:70), METADATAENTRY(c:69), (t:1, i:71), STATEMACHINELOGENTRY, 5065@client-2337B1250970, (t:1, i:72), METADATAENTRY(c:71), (t:1, i:73), STATEMACHINELOGENTRY, 5069@client-2337B1250970, (t:1, i:74), METADATAENTRY(c:73), (t:1, i:75), STATEMACHINELOGENTRY, 5074@client-2337B1250970, (t:1, i:76), METADATAENTRY(c:75), (t:1, i:77), STATEMACHINELOGENTRY, 5078@client-2337B1250970, (t:1, i:78), METADATAENTRY(c:77), (t:1, i:79), STATEMACHINELOGENTRY, 5082@client-2337B1250970, (t:1, i:80), METADATAENTRY(c:79), (t:1, i:81), STATEMACHINELOGENTRY, 5087@client-2337B1250970, (t:1, i:82), METADATAENTRY(c:81), (t:1, i:83), STATEMACHINELOGENTRY, 5093@client-2337B1250970, (t:1, i:84), METADATAENTRY(c:83), (t:1, i:85), STATEMACHINELOGENTRY, 5097@client-2337B1250970, (t:1, i:86), METADATAENTRY(c:85), (t:1, i:87), STATEMACHINELOGENTRY, 5102@client-2337B1250970, (t:1, i:88), METADATAENTRY(c:87), (t:1, i:89), STATEMACHINELOGENTRY, 5106@client-2337B1250970, (t:1, i:90), METADATAENTRY(c:89), (t:1, i:91), STATEMACHINELOGENTRY, 5110@client-2337B1250970, (t:1, i:92), METADATAENTRY(c:91), (t:1, i:93), STATEMACHINELOGENTRY, 5115@client-2337B1250970, (t:1, i:94), METADATAENTRY(c:93), (t:1, i:95), STATEMACHINELOGENTRY, 5120@client-2337B1250970, (t:1, i:96), METADATAENTRY(c:95), (t:1, i:97), STATEMACHINELOGENTRY, 5125@client-2337B1250970, (t:1, i:98), METADATAENTRY(c:97), (t:1, i:99), STATEMACHINELOGENTRY, 5129@client-2337B1250970, (t:1, i:100), METADATAENTRY(c:99), (t:1, i:101), STATEMACHINELOGENTRY, 5134@client-2337B1250970, (t:1, i:102), METADATAENTRY(c:101), (t:1, i:103), STATEMACHINELOGENTRY, 5138@client-2337B1250970, (t:1, i:104), METADATAENTRY(c:103), (t:1, i:105), STATEMACHINELOGENTRY, 5143@client-2337B1250970, (t:1, i:106), METADATAENTRY(c:105), (t:1, i:107), STATEMACHINELOGENTRY, 5148@client-2337B1250970, (t:1, i:108), METADATAENTRY(c:107), (t:1, i:109), STATEMACHINELOGENTRY, 5152@client-2337B1250970, (t:1, i:110), METADATAENTRY(c:109), (t:1, i:111), STATEMACHINELOGENTRY, 5157@client-2337B1250970, (t:1, i:112), METADATAENTRY(c:111), (t:1, i:113), STATEMACHINELOGENTRY, 5161@client-2337B1250970, (t:1, i:114), METADATAENTRY(c:113), (t:1, i:115), STATEMACHINELOGENTRY, 5167@client-2337B1250970, (t:1, i:116), METADATAENTRY(c:115), (t:1, i:117), STATEMACHINELOGENTRY, 5171@client-2337B1250970, (t:1, i:118), METADATAENTRY(c:117), (t:1, i:119), STATEMACHINELOGENTRY, 5174@client-2337B1250970, (t:1, i:120), METADATAENTRY(c:119)]
2023-03-17 00:26:26,381 INFO  server.RaftServer$Division (ServerState.java:setRaftConf(378)) - s4@group-6E994AD85659: set configuration 0: peers:[s10|rpc:0.0.0.0:37585|dataStream:|priority:0|startupRole:FOLLOWER, s0|rpc:0.0.0.0:43787|dataStream:|priority:0|startupRole:FOLLOWER, s1|rpc:0.0.0.0:45531|dataStream:|priority:0|startupRole:FOLLOWER]|listeners:[], old=null
2023-03-17 00:26:26,381 INFO  segmented.SegmentedRaftLogWorker (SegmentedRaftLogWorker.java:startLogSegment(426)) - s4@group-6E994AD85659-SegmentedRaftLogWorker: Starting segment from index:0
2023-03-17 00:26:26,391 DEBUG server.RaftServer$Division (RaftServerImpl.java:logAppendEntries(1430)) - s9@group-6E994AD85659: receive appendEntries(s1, 1, null, 120, false, commits:[s1:c120, s10:c120, s0:c120, s3:c120, s4:c-1, s11:c120, s5:c120, s6:c-1, s13:c-1, s7:c120, s12:c-1, s8:c120, s9:c-1, s14:c-1, s2:c-1], cId:7582, entries: [(t:1, i:0), CONFIGURATIONENTRY(current:id: "s10"
address: "0.0.0.0:37585"
clientAddress: "0.0.0.0:37585"
adminAddress: "0.0.0.0:37585"
startupRole: FOLLOWER
,id: "s0"
address: "0.0.0.0:43787"
clientAddress: "0.0.0.0:43787"
adminAddress: "0.0.0.0:43787"
startupRole: FOLLOWER
,id: "s1"
address: "0.0.0.0:45531"
clientAddress: "0.0.0.0:45531"
adminAddress: "0.0.0.0:45531"
startupRole: FOLLOWER
, old:), (t:1, i:1), STATEMACHINELOGENTRY, 4904@client-2337B1250970, (t:1, i:2), METADATAENTRY(c:1), (t:1, i:3), STATEMACHINELOGENTRY, 4908@client-2337B1250970, (t:1, i:4), METADATAENTRY(c:3), (t:1, i:5), STATEMACHINELOGENTRY, 4913@client-2337B1250970, (t:1, i:6), METADATAENTRY(c:5), (t:1, i:7), STATEMACHINELOGENTRY, 4918@client-2337B1250970, (t:1, i:8), METADATAENTRY(c:7), (t:1, i:9), STATEMACHINELOGENTRY, 4923@client-2337B1250970, (t:1, i:10), METADATAENTRY(c:9), (t:1, i:11), STATEMACHINELOGENTRY, 4927@client-2337B1250970, (t:1, i:12), METADATAENTRY(c:11), (t:1, i:13), STATEMACHINELOGENTRY, 4932@client-2337B1250970, (t:1, i:14), METADATAENTRY(c:13), (t:1, i:15), STATEMACHINELOGENTRY, 4936@client-2337B1250970, (t:1, i:16), METADATAENTRY(c:15), (t:1, i:17), STATEMACHINELOGENTRY, 4941@client-2337B1250970, (t:1, i:18), METADATAENTRY(c:17), (t:1, i:19), STATEMACHINELOGENTRY, 4946@client-2337B1250970, (t:1, i:20), METADATAENTRY(c:19), (t:1, i:21), STATEMACHINELOGENTRY, 4950@client-2337B1250970, (t:1, i:22), METADATAENTRY(c:21), (t:1, i:23), STATEMACHINELOGENTRY, 4955@client-2337B1250970, (t:1, i:24), METADATAENTRY(c:23), (t:1, i:25), STATEMACHINELOGENTRY, 4960@client-2337B1250970, (t:1, i:26), METADATAENTRY(c:25), (t:1, i:27), STATEMACHINELOGENTRY, 4965@client-2337B1250970, (t:1, i:28), METADATAENTRY(c:27), (t:1, i:29), STATEMACHINELOGENTRY, 4969@client-2337B1250970, (t:1, i:30), METADATAENTRY(c:29), (t:1, i:31), STATEMACHINELOGENTRY, 4975@client-2337B1250970, (t:1, i:32), METADATAENTRY(c:31), (t:1, i:33), STATEMACHINELOGENTRY, 4979@client-2337B1250970, (t:1, i:34), METADATAENTRY(c:33), (t:1, i:35), STATEMACHINELOGENTRY, 4984@client-2337B1250970, (t:1, i:36), METADATAENTRY(c:35), (t:1, i:37), STATEMACHINELOGENTRY, 4989@client-2337B1250970, (t:1, i:38), METADATAENTRY(c:37), (t:1, i:39), STATEMACHINELOGENTRY, 4993@client-2337B1250970, (t:1, i:40), METADATAENTRY(c:39), (t:1, i:41), STATEMACHINELOGENTRY, 4998@client-2337B1250970, (t:1, i:42), METADATAENTRY(c:41), (t:1, i:43), STATEMACHINELOGENTRY, 5002@client-2337B1250970, (t:1, i:44), METADATAENTRY(c:43), (t:1, i:45), STATEMACHINELOGENTRY, 5006@client-2337B1250970, (t:1, i:46), METADATAENTRY(c:45), (t:1, i:47), STATEMACHINELOGENTRY, 5011@client-2337B1250970, (t:1, i:48), METADATAENTRY(c:47), (t:1, i:49), STATEMACHINELOGENTRY, 5015@client-2337B1250970, (t:1, i:50), METADATAENTRY(c:49), (t:1, i:51), STATEMACHINELOGENTRY, 5020@client-2337B1250970, (t:1, i:52), METADATAENTRY(c:51), (t:1, i:53), STATEMACHINELOGENTRY, 5024@client-2337B1250970, (t:1, i:54), METADATAENTRY(c:53), (t:1, i:55), STATEMACHINELOGENTRY, 5030@client-2337B1250970, (t:1, i:56), METADATAENTRY(c:55), (t:1, i:57), STATEMACHINELOGENTRY, 5034@client-2337B1250970, (t:1, i:58), METADATAENTRY(c:57), (t:1, i:59), STATEMACHINELOGENTRY, 5038@client-2337B1250970, (t:1, i:60), METADATAENTRY(c:59), (t:1, i:61), STATEMACHINELOGENTRY, 5042@client-2337B1250970, (t:1, i:62), METADATAENTRY(c:61), (t:1, i:63), STATEMACHINELOGENTRY, 5047@client-2337B1250970, (t:1, i:64), METADATAENTRY(c:63), (t:1, i:65), STATEMACHINELOGENTRY, 5052@client-2337B1250970, (t:1, i:66), METADATAENTRY(c:65), (t:1, i:67), STATEMACHINELOGENTRY, 5056@client-2337B1250970, (t:1, i:68), METADATAENTRY(c:67), (t:1, i:69), STATEMACHINELOGENTRY, 5061@client-2337B1250970, (t:1, i:70), METADATAENTRY(c:69), (t:1, i:71), STATEMACHINELOGENTRY, 5065@client-2337B1250970, (t:1, i:72), METADATAENTRY(c:71), (t:1, i:73), STATEMACHINELOGENTRY, 5069@client-2337B1250970, (t:1, i:74), METADATAENTRY(c:73), (t:1, i:75), STATEMACHINELOGENTRY, 5074@client-2337B1250970, (t:1, i:76), METADATAENTRY(c:75), (t:1, i:77), STATEMACHINELOGENTRY, 5078@client-2337B1250970, (t:1, i:78), METADATAENTRY(c:77), (t:1, i:79), STATEMACHINELOGENTRY, 5082@client-2337B1250970, (t:1, i:80), METADATAENTRY(c:79), (t:1, i:81), STATEMACHINELOGENTRY, 5087@client-2337B1250970, (t:1, i:82), METADATAENTRY(c:81), (t:1, i:83), STATEMACHINELOGENTRY, 5093@client-2337B1250970, (t:1, i:84), METADATAENTRY(c:83), (t:1, i:85), STATEMACHINELOGENTRY, 5097@client-2337B1250970, (t:1, i:86), METADATAENTRY(c:85), (t:1, i:87), STATEMACHINELOGENTRY, 5102@client-2337B1250970, (t:1, i:88), METADATAENTRY(c:87), (t:1, i:89), STATEMACHINELOGENTRY, 5106@client-2337B1250970, (t:1, i:90), METADATAENTRY(c:89), (t:1, i:91), STATEMACHINELOGENTRY, 5110@client-2337B1250970, (t:1, i:92), METADATAENTRY(c:91), (t:1, i:93), STATEMACHINELOGENTRY, 5115@client-2337B1250970, (t:1, i:94), METADATAENTRY(c:93), (t:1, i:95), STATEMACHINELOGENTRY, 5120@client-2337B1250970, (t:1, i:96), METADATAENTRY(c:95), (t:1, i:97), STATEMACHINELOGENTRY, 5125@client-2337B1250970, (t:1, i:98), METADATAENTRY(c:97), (t:1, i:99), STATEMACHINELOGENTRY, 5129@client-2337B1250970, (t:1, i:100), METADATAENTRY(c:99), (t:1, i:101), STATEMACHINELOGENTRY, 5134@client-2337B1250970, (t:1, i:102), METADATAENTRY(c:101), (t:1, i:103), STATEMACHINELOGENTRY, 5138@client-2337B1250970, (t:1, i:104), METADATAENTRY(c:103), (t:1, i:105), STATEMACHINELOGENTRY, 5143@client-2337B1250970, (t:1, i:106), METADATAENTRY(c:105), (t:1, i:107), STATEMACHINELOGENTRY, 5148@client-2337B1250970, (t:1, i:108), METADATAENTRY(c:107), (t:1, i:109), STATEMACHINELOGENTRY, 5152@client-2337B1250970, (t:1, i:110), METADATAENTRY(c:109), (t:1, i:111), STATEMACHINELOGENTRY, 5157@client-2337B1250970, (t:1, i:112), METADATAENTRY(c:111), (t:1, i:113), STATEMACHINELOGENTRY, 5161@client-2337B1250970, (t:1, i:114), METADATAENTRY(c:113), (t:1, i:115), STATEMACHINELOGENTRY, 5167@client-2337B1250970, (t:1, i:116), METADATAENTRY(c:115), (t:1, i:117), STATEMACHINELOGENTRY, 5171@client-2337B1250970, (t:1, i:118), METADATAENTRY(c:117), (t:1, i:119), STATEMACHINELOGENTRY, 5174@client-2337B1250970, (t:1, i:120), METADATAENTRY(c:119)]
2023-03-17 00:26:26,391 INFO  server.RaftServer$Division (ServerState.java:setRaftConf(378)) - s9@group-6E994AD85659: set configuration 0: peers:[s10|rpc:0.0.0.0:37585|dataStream:|priority:0|startupRole:FOLLOWER, s0|rpc:0.0.0.0:43787|dataStream:|priority:0|startupRole:FOLLOWER, s1|rpc:0.0.0.0:45531|dataStream:|priority:0|startupRole:FOLLOWER]|listeners:[], old=null
2023-03-17 00:26:26,391 INFO  segmented.SegmentedRaftLogWorker (SegmentedRaftLogWorker.java:startLogSegment(426)) - s9@group-6E994AD85659-SegmentedRaftLogWorker: Starting segment from index:0
2023-03-17 00:26:26,402 INFO  segmented.SegmentedRaftLogWorker (SegmentedRaftLogWorker.java:execute(630)) - s14@group-6E994AD85659-SegmentedRaftLogWorker: created new log segment /home/runner/work/ratis/ratis/ratis-examples/target/test/data/9a3b15da/MiniRaftClusterWithNettyce94e709/s14/a909ca09-e6ce-4d78-8d38-6e994ad85659/current/log_inprogress_0
2023-03-17 00:26:26,404 DEBUG server.RaftServer$Division (RaftServerImpl.java:logAppendEntries(1430)) - s13@group-6E994AD85659: receive appendEntries(s1, 1, null, 120, false, commits:[s1:c120, s10:c120, s0:c120, s3:c120, s4:c-1, s11:c120, s5:c120, s6:c-1, s13:c-1, s7:c120, s12:c-1, s8:c120, s9:c-1, s14:c-1, s2:c-1], cId:7583, entries: [(t:1, i:0), CONFIGURATIONENTRY(current:id: "s10"
address: "0.0.0.0:37585"
clientAddress: "0.0.0.0:37585"
adminAddress: "0.0.0.0:37585"
startupRole: FOLLOWER
,id: "s0"
address: "0.0.0.0:43787"
clientAddress: "0.0.0.0:43787"
adminAddress: "0.0.0.0:43787"
startupRole: FOLLOWER
,id: "s1"
address: "0.0.0.0:45531"
clientAddress: "0.0.0.0:45531"
adminAddress: "0.0.0.0:45531"
startupRole: FOLLOWER
, old:), (t:1, i:1), STATEMACHINELOGENTRY, 4904@client-2337B1250970, (t:1, i:2), METADATAENTRY(c:1), (t:1, i:3), STATEMACHINELOGENTRY, 4908@client-2337B1250970, (t:1, i:4), METADATAENTRY(c:3), (t:1, i:5), STATEMACHINELOGENTRY, 4913@client-2337B1250970, (t:1, i:6), METADATAENTRY(c:5), (t:1, i:7), STATEMACHINELOGENTRY, 4918@client-2337B1250970, (t:1, i:8), METADATAENTRY(c:7), (t:1, i:9), STATEMACHINELOGENTRY, 4923@client-2337B1250970, (t:1, i:10), METADATAENTRY(c:9), (t:1, i:11), STATEMACHINELOGENTRY, 4927@client-2337B1250970, (t:1, i:12), METADATAENTRY(c:11), (t:1, i:13), STATEMACHINELOGENTRY, 4932@client-2337B1250970, (t:1, i:14), METADATAENTRY(c:13), (t:1, i:15), STATEMACHINELOGENTRY, 4936@client-2337B1250970, (t:1, i:16), METADATAENTRY(c:15), (t:1, i:17), STATEMACHINELOGENTRY, 4941@client-2337B1250970, (t:1, i:18), METADATAENTRY(c:17), (t:1, i:19), STATEMACHINELOGENTRY, 4946@client-2337B1250970, (t:1, i:20), METADATAENTRY(c:19), (t:1, i:21), STATEMACHINELOGENTRY, 4950@client-2337B1250970, (t:1, i:22), METADATAENTRY(c:21), (t:1, i:23), STATEMACHINELOGENTRY, 4955@client-2337B1250970, (t:1, i:24), METADATAENTRY(c:23), (t:1, i:25), STATEMACHINELOGENTRY, 4960@client-2337B1250970, (t:1, i:26), METADATAENTRY(c:25), (t:1, i:27), STATEMACHINELOGENTRY, 4965@client-2337B1250970, (t:1, i:28), METADATAENTRY(c:27), (t:1, i:29), STATEMACHINELOGENTRY, 4969@client-2337B1250970, (t:1, i:30), METADATAENTRY(c:29), (t:1, i:31), STATEMACHINELOGENTRY, 4975@client-2337B1250970, (t:1, i:32), METADATAENTRY(c:31), (t:1, i:33), STATEMACHINELOGENTRY, 4979@client-2337B1250970, (t:1, i:34), METADATAENTRY(c:33), (t:1, i:35), STATEMACHINELOGENTRY, 4984@client-2337B1250970, (t:1, i:36), METADATAENTRY(c:35), (t:1, i:37), STATEMACHINELOGENTRY, 4989@client-2337B1250970, (t:1, i:38), METADATAENTRY(c:37), (t:1, i:39), STATEMACHINELOGENTRY, 4993@client-2337B1250970, (t:1, i:40), METADATAENTRY(c:39), (t:1, i:41), STATEMACHINELOGENTRY, 4998@client-2337B1250970, (t:1, i:42), METADATAENTRY(c:41), (t:1, i:43), STATEMACHINELOGENTRY, 5002@client-2337B1250970, (t:1, i:44), METADATAENTRY(c:43), (t:1, i:45), STATEMACHINELOGENTRY, 5006@client-2337B1250970, (t:1, i:46), METADATAENTRY(c:45), (t:1, i:47), STATEMACHINELOGENTRY, 5011@client-2337B1250970, (t:1, i:48), METADATAENTRY(c:47), (t:1, i:49), STATEMACHINELOGENTRY, 5015@client-2337B1250970, (t:1, i:50), METADATAENTRY(c:49), (t:1, i:51), STATEMACHINELOGENTRY, 5020@client-2337B1250970, (t:1, i:52), METADATAENTRY(c:51), (t:1, i:53), STATEMACHINELOGENTRY, 5024@client-2337B1250970, (t:1, i:54), METADATAENTRY(c:53), (t:1, i:55), STATEMACHINELOGENTRY, 5030@client-2337B1250970, (t:1, i:56), METADATAENTRY(c:55), (t:1, i:57), STATEMACHINELOGENTRY, 5034@client-2337B1250970, (t:1, i:58), METADATAENTRY(c:57), (t:1, i:59), STATEMACHINELOGENTRY, 5038@client-2337B1250970, (t:1, i:60), METADATAENTRY(c:59), (t:1, i:61), STATEMACHINELOGENTRY, 5042@client-2337B1250970, (t:1, i:62), METADATAENTRY(c:61), (t:1, i:63), STATEMACHINELOGENTRY, 5047@client-2337B1250970, (t:1, i:64), METADATAENTRY(c:63), (t:1, i:65), STATEMACHINELOGENTRY, 5052@client-2337B1250970, (t:1, i:66), METADATAENTRY(c:65), (t:1, i:67), STATEMACHINELOGENTRY, 5056@client-2337B1250970, (t:1, i:68), METADATAENTRY(c:67), (t:1, i:69), STATEMACHINELOGENTRY, 5061@client-2337B1250970, (t:1, i:70), METADATAENTRY(c:69), (t:1, i:71), STATEMACHINELOGENTRY, 5065@client-2337B1250970, (t:1, i:72), METADATAENTRY(c:71), (t:1, i:73), STATEMACHINELOGENTRY, 5069@client-2337B1250970, (t:1, i:74), METADATAENTRY(c:73), (t:1, i:75), STATEMACHINELOGENTRY, 5074@client-2337B1250970, (t:1, i:76), METADATAENTRY(c:75), (t:1, i:77), STATEMACHINELOGENTRY, 5078@client-2337B1250970, (t:1, i:78), METADATAENTRY(c:77), (t:1, i:79), STATEMACHINELOGENTRY, 5082@client-2337B1250970, (t:1, i:80), METADATAENTRY(c:79), (t:1, i:81), STATEMACHINELOGENTRY, 5087@client-2337B1250970, (t:1, i:82), METADATAENTRY(c:81), (t:1, i:83), STATEMACHINELOGENTRY, 5093@client-2337B1250970, (t:1, i:84), METADATAENTRY(c:83), (t:1, i:85), STATEMACHINELOGENTRY, 5097@client-2337B1250970, (t:1, i:86), METADATAENTRY(c:85), (t:1, i:87), STATEMACHINELOGENTRY, 5102@client-2337B1250970, (t:1, i:88), METADATAENTRY(c:87), (t:1, i:89), STATEMACHINELOGENTRY, 5106@client-2337B1250970, (t:1, i:90), METADATAENTRY(c:89), (t:1, i:91), STATEMACHINELOGENTRY, 5110@client-2337B1250970, (t:1, i:92), METADATAENTRY(c:91), (t:1, i:93), STATEMACHINELOGENTRY, 5115@client-2337B1250970, (t:1, i:94), METADATAENTRY(c:93), (t:1, i:95), STATEMACHINELOGENTRY, 5120@client-2337B1250970, (t:1, i:96), METADATAENTRY(c:95), (t:1, i:97), STATEMACHINELOGENTRY, 5125@client-2337B1250970, (t:1, i:98), METADATAENTRY(c:97), (t:1, i:99), STATEMACHINELOGENTRY, 5129@client-2337B1250970, (t:1, i:100), METADATAENTRY(c:99), (t:1, i:101), STATEMACHINELOGENTRY, 5134@client-2337B1250970, (t:1, i:102), METADATAENTRY(c:101), (t:1, i:103), STATEMACHINELOGENTRY, 5138@client-2337B1250970, (t:1, i:104), METADATAENTRY(c:103), (t:1, i:105), STATEMACHINELOGENTRY, 5143@client-2337B1250970, (t:1, i:106), METADATAENTRY(c:105), (t:1, i:107), STATEMACHINELOGENTRY, 5148@client-2337B1250970, (t:1, i:108), METADATAENTRY(c:107), (t:1, i:109), STATEMACHINELOGENTRY, 5152@client-2337B1250970, (t:1, i:110), METADATAENTRY(c:109), (t:1, i:111), STATEMACHINELOGENTRY, 5157@client-2337B1250970, (t:1, i:112), METADATAENTRY(c:111), (t:1, i:113), STATEMACHINELOGENTRY, 5161@client-2337B1250970, (t:1, i:114), METADATAENTRY(c:113), (t:1, i:115), STATEMACHINELOGENTRY, 5167@client-2337B1250970, (t:1, i:116), METADATAENTRY(c:115), (t:1, i:117), STATEMACHINELOGENTRY, 5171@client-2337B1250970, (t:1, i:118), METADATAENTRY(c:117), (t:1, i:119), STATEMACHINELOGENTRY, 5174@client-2337B1250970, (t:1, i:120), METADATAENTRY(c:119)]
2023-03-17 00:26:26,410 INFO  server.RaftServer$Division (ServerState.java:setRaftConf(378)) - s13@group-6E994AD85659: set configuration 0: peers:[s10|rpc:0.0.0.0:37585|dataStream:|priority:0|startupRole:FOLLOWER, s0|rpc:0.0.0.0:43787|dataStream:|priority:0|startupRole:FOLLOWER, s1|rpc:0.0.0.0:45531|dataStream:|priority:0|startupRole:FOLLOWER]|listeners:[], old=null
2023-03-17 00:26:26,410 INFO  segmented.SegmentedRaftLogWorker (SegmentedRaftLogWorker.java:startLogSegment(426)) - s13@group-6E994AD85659-SegmentedRaftLogWorker: Starting segment from index:0
2023-03-17 00:26:26,404 INFO  segmented.SegmentedRaftLogWorker (SegmentedRaftLogWorker.java:execute(630)) - s6@group-6E994AD85659-SegmentedRaftLogWorker: created new log segment /home/runner/work/ratis/ratis/ratis-examples/target/test/data/9a3b15da/MiniRaftClusterWithNettyce94e709/s6/a909ca09-e6ce-4d78-8d38-6e994ad85659/current/log_inprogress_0
2023-03-17 00:26:26,404 INFO  segmented.SegmentedRaftLogWorker (SegmentedRaftLogWorker.java:execute(630)) - s12@group-6E994AD85659-SegmentedRaftLogWorker: created new log segment /home/runner/work/ratis/ratis/ratis-examples/target/test/data/9a3b15da/MiniRaftClusterWithNettyce94e709/s12/a909ca09-e6ce-4d78-8d38-6e994ad85659/current/log_inprogress_0
2023-03-17 00:26:26,414 DEBUG server.RaftServer$Division (RaftServerImpl.java:logAppendEntries(1430)) - s6@group-6E994AD85659: succeeded to handle AppendEntries. Reply: s1<-s6#7578:OK-t1,SUCCESS,nextIndex=121,followerCommit=120,matchIndex=120
2023-03-17 00:26:26,404 INFO  segmented.SegmentedRaftLogWorker (SegmentedRaftLogWorker.java:execute(630)) - s2@group-6E994AD85659-SegmentedRaftLogWorker: created new log segment /home/runner/work/ratis/ratis/ratis-examples/target/test/data/9a3b15da/MiniRaftClusterWithNettyce94e709/s2/a909ca09-e6ce-4d78-8d38-6e994ad85659/current/log_inprogress_0
2023-03-17 00:26:26,416 INFO  server.RaftServer$Division (ServerState.java:setRaftConf(378)) - s1@group-6E994AD85659: set configuration 121: peers:[s3|rpc:0.0.0.0:36277|dataStream:|priority:0|startupRole:FOLLOWER, s4|rpc:0.0.0.0:39523|dataStream:|priority:0|startupRole:FOLLOWER, s5|rpc:0.0.0.0:38791|dataStream:|priority:0|startupRole:FOLLOWER, s6|rpc:0.0.0.0:34503|dataStream:|priority:0|startupRole:FOLLOWER, s7|rpc:0.0.0.0:44573|dataStream:|priority:0|startupRole:FOLLOWER, s8|rpc:0.0.0.0:45461|dataStream:|priority:0|startupRole:FOLLOWER, s9|rpc:0.0.0.0:42413|dataStream:|priority:0|startupRole:FOLLOWER, s11|rpc:0.0.0.0:37111|dataStream:|priority:0|startupRole:FOLLOWER, s10|rpc:0.0.0.0:37585|dataStream:|priority:0|startupRole:FOLLOWER, s13|rpc:0.0.0.0:39411|dataStream:|priority:0|startupRole:FOLLOWER, s12|rpc:0.0.0.0:36717|dataStream:|priority:0|startupRole:FOLLOWER, s14|rpc:0.0.0.0:36477|dataStream:|priority:0|startupRole:FOLLOWER, s0|rpc:0.0.0.0:43787|dataStream:|priority:0|startupRole:FOLLOWER, s1|rpc:0.0.0.0:45531|dataStream:|priority:0|startupRole:FOLLOWER, s2|rpc:0.0.0.0:39635|dataStream:|priority:0|startupRole:FOLLOWER]|listeners:[], old=peers:[s10|rpc:0.0.0.0:37585|dataStream:|priority:0|startupRole:FOLLOWER, s0|rpc:0.0.0.0:43787|dataStream:|priority:0|startupRole:FOLLOWER, s1|rpc:0.0.0.0:45531|dataStream:|priority:0|startupRole:FOLLOWER]|listeners:[]
2023-03-17 00:26:26,431 INFO  segmented.SegmentedRaftLogWorker (SegmentedRaftLogWorker.java:execute(630)) - s4@group-6E994AD85659-SegmentedRaftLogWorker: created new log segment /home/runner/work/ratis/ratis/ratis-examples/target/test/data/9a3b15da/MiniRaftClusterWithNettyce94e709/s4/a909ca09-e6ce-4d78-8d38-6e994ad85659/current/log_inprogress_0
2023-03-17 00:26:26,432 DEBUG server.RaftServer$Division (RaftServerImpl.java:logAppendEntries(1430)) - s4@group-6E994AD85659: succeeded to handle AppendEntries. Reply: s1<-s4#7581:OK-t1,SUCCESS,nextIndex=121,followerCommit=120,matchIndex=120
2023-03-17 00:26:26,434 DEBUG server.RaftServer$Division (RaftServerImpl.java:logAppendEntries(1430)) - s12@group-6E994AD85659: succeeded to handle AppendEntries. Reply: s1<-s12#7579:OK-t1,SUCCESS,nextIndex=121,followerCommit=120,matchIndex=120
2023-03-17 00:26:26,435 DEBUG server.RaftServer$Division (RaftServerImpl.java:logAppendEntries(1430)) - s5@group-6E994AD85659: receive appendEntries(s1, 1, (t:1, i:120), 120, true, commits:[s1:c120, s10:c120, s0:c120, s3:c120, s4:c-1, s11:c120, s5:c120, s6:c120, s13:c-1, s7:c120, s12:c-1, s8:c120, s9:c-1, s14:c-1, s2:c-1], cId:7591, entries: [(t:1, i:121), CONFIGURATIONENTRY(current:id: "s3"
address: "0.0.0.0:36277"
clientAddress: "0.0.0.0:36277"
adminAddress: "0.0.0.0:36277"
startupRole: FOLLOWER
,id: "s4"
address: "0.0.0.0:39523"
clientAddress: "0.0.0.0:39523"
adminAddress: "0.0.0.0:39523"
startupRole: FOLLOWER
,id: "s5"
address: "0.0.0.0:38791"
clientAddress: "0.0.0.0:38791"
adminAddress: "0.0.0.0:38791"
startupRole: FOLLOWER
,id: "s6"
address: "0.0.0.0:34503"
clientAddress: "0.0.0.0:34503"
adminAddress: "0.0.0.0:34503"
startupRole: FOLLOWER
,id: "s7"
address: "0.0.0.0:44573"
clientAddress: "0.0.0.0:44573"
adminAddress: "0.0.0.0:44573"
startupRole: FOLLOWER
,id: "s8"
address: "0.0.0.0:45461"
clientAddress: "0.0.0.0:45461"
adminAddress: "0.0.0.0:45461"
startupRole: FOLLOWER
,id: "s9"
address: "0.0.0.0:42413"
clientAddress: "0.0.0.0:42413"
adminAddress: "0.0.0.0:42413"
startupRole: FOLLOWER
,id: "s11"
address: "0.0.0.0:37111"
clientAddress: "0.0.0.0:37111"
adminAddress: "0.0.0.0:37111"
startupRole: FOLLOWER
,id: "s10"
address: "0.0.0.0:37585"
clientAddress: "0.0.0.0:37585"
adminAddress: "0.0.0.0:37585"
startupRole: FOLLOWER
,id: "s13"
address: "0.0.0.0:39411"
clientAddress: "0.0.0.0:39411"
adminAddress: "0.0.0.0:39411"
startupRole: FOLLOWER
,id: "s12"
address: "0.0.0.0:36717"
clientAddress: "0.0.0.0:36717"
adminAddress: "0.0.0.0:36717"
startupRole: FOLLOWER
,id: "s14"
address: "0.0.0.0:36477"
clientAddress: "0.0.0.0:36477"
adminAddress: "0.0.0.0:36477"
startupRole: FOLLOWER
,id: "s0"
address: "0.0.0.0:43787"
clientAddress: "0.0.0.0:43787"
adminAddress: "0.0.0.0:43787"
startupRole: FOLLOWER
,id: "s1"
address: "0.0.0.0:45531"
clientAddress: "0.0.0.0:45531"
adminAddress: "0.0.0.0:45531"
startupRole: FOLLOWER
,id: "s2"
address: "0.0.0.0:39635"
clientAddress: "0.0.0.0:39635"
adminAddress: "0.0.0.0:39635"
startupRole: FOLLOWER
, old:id: "s10"
address: "0.0.0.0:37585"
clientAddress: "0.0.0.0:37585"
adminAddress: "0.0.0.0:37585"
startupRole: FOLLOWER
,id: "s0"
address: "0.0.0.0:43787"
clientAddress: "0.0.0.0:43787"
adminAddress: "0.0.0.0:43787"
startupRole: FOLLOWER
,id: "s1"
address: "0.0.0.0:45531"
clientAddress: "0.0.0.0:45531"
adminAddress: "0.0.0.0:45531"
startupRole: FOLLOWER
)]
2023-03-17 00:26:26,435 INFO  server.RaftServer$Division (ServerState.java:setRaftConf(378)) - s5@group-6E994AD85659: set configuration 121: peers:[s3|rpc:0.0.0.0:36277|dataStream:|priority:0|startupRole:FOLLOWER, s4|rpc:0.0.0.0:39523|dataStream:|priority:0|startupRole:FOLLOWER, s5|rpc:0.0.0.0:38791|dataStream:|priority:0|startupRole:FOLLOWER, s6|rpc:0.0.0.0:34503|dataStream:|priority:0|startupRole:FOLLOWER, s7|rpc:0.0.0.0:44573|dataStream:|priority:0|startupRole:FOLLOWER, s8|rpc:0.0.0.0:45461|dataStream:|priority:0|startupRole:FOLLOWER, s9|rpc:0.0.0.0:42413|dataStream:|priority:0|startupRole:FOLLOWER, s11|rpc:0.0.0.0:37111|dataStream:|priority:0|startupRole:FOLLOWER, s10|rpc:0.0.0.0:37585|dataStream:|priority:0|startupRole:FOLLOWER, s13|rpc:0.0.0.0:39411|dataStream:|priority:0|startupRole:FOLLOWER, s12|rpc:0.0.0.0:36717|dataStream:|priority:0|startupRole:FOLLOWER, s14|rpc:0.0.0.0:36477|dataStream:|priority:0|startupRole:FOLLOWER, s0|rpc:0.0.0.0:43787|dataStream:|priority:0|startupRole:FOLLOWER, s1|rpc:0.0.0.0:45531|dataStream:|priority:0|startupRole:FOLLOWER, s2|rpc:0.0.0.0:39635|dataStream:|priority:0|startupRole:FOLLOWER]|listeners:[], old=peers:[s10|rpc:0.0.0.0:37585|dataStream:|priority:0|startupRole:FOLLOWER, s0|rpc:0.0.0.0:43787|dataStream:|priority:0|startupRole:FOLLOWER, s1|rpc:0.0.0.0:45531|dataStream:|priority:0|startupRole:FOLLOWER]|listeners:[]
2023-03-17 00:26:26,436 DEBUG server.RaftServer$Division (RaftServerImpl.java:logAppendEntries(1430)) - s2@group-6E994AD85659: succeeded to handle AppendEntries. Reply: s1<-s2#7577:OK-t1,SUCCESS,nextIndex=121,followerCommit=120,matchIndex=120
2023-03-17 00:26:26,437 DEBUG server.RaftServer$Division (RaftServerImpl.java:logAppendEntries(1430)) - s8@group-6E994AD85659: receive appendEntries(s1, 1, (t:1, i:120), 120, true, commits:[s1:c120, s10:c120, s0:c120, s3:c120, s4:c-1, s11:c120, s5:c120, s6:c120, s13:c-1, s7:c120, s12:c-1, s8:c120, s9:c-1, s14:c-1, s2:c-1], cId:7589, entries: [(t:1, i:121), CONFIGURATIONENTRY(current:id: "s3"
address: "0.0.0.0:36277"
clientAddress: "0.0.0.0:36277"
adminAddress: "0.0.0.0:36277"
startupRole: FOLLOWER
,id: "s4"
address: "0.0.0.0:39523"
clientAddress: "0.0.0.0:39523"
adminAddress: "0.0.0.0:39523"
startupRole: FOLLOWER
,id: "s5"
address: "0.0.0.0:38791"
clientAddress: "0.0.0.0:38791"
adminAddress: "0.0.0.0:38791"
startupRole: FOLLOWER
,id: "s6"
address: "0.0.0.0:34503"
clientAddress: "0.0.0.0:34503"
adminAddress: "0.0.0.0:34503"
startupRole: FOLLOWER
,id: "s7"
address: "0.0.0.0:44573"
clientAddress: "0.0.0.0:44573"
adminAddress: "0.0.0.0:44573"
startupRole: FOLLOWER
,id: "s8"
address: "0.0.0.0:45461"
clientAddress: "0.0.0.0:45461"
adminAddress: "0.0.0.0:45461"
startupRole: FOLLOWER
,id: "s9"
address: "0.0.0.0:42413"
clientAddress: "0.0.0.0:42413"
adminAddress: "0.0.0.0:42413"
startupRole: FOLLOWER
,id: "s11"
address: "0.0.0.0:37111"
clientAddress: "0.0.0.0:37111"
adminAddress: "0.0.0.0:37111"
startupRole: FOLLOWER
,id: "s10"
address: "0.0.0.0:37585"
clientAddress: "0.0.0.0:37585"
adminAddress: "0.0.0.0:37585"
startupRole: FOLLOWER
,id: "s13"
address: "0.0.0.0:39411"
clientAddress: "0.0.0.0:39411"
adminAddress: "0.0.0.0:39411"
startupRole: FOLLOWER
,id: "s12"
address: "0.0.0.0:36717"
clientAddress: "0.0.0.0:36717"
adminAddress: "0.0.0.0:36717"
startupRole: FOLLOWER
,id: "s14"
address: "0.0.0.0:36477"
clientAddress: "0.0.0.0:36477"
adminAddress: "0.0.0.0:36477"
startupRole: FOLLOWER
,id: "s0"
address: "0.0.0.0:43787"
clientAddress: "0.0.0.0:43787"
adminAddress: "0.0.0.0:43787"
startupRole: FOLLOWER
,id: "s1"
address: "0.0.0.0:45531"
clientAddress: "0.0.0.0:45531"
adminAddress: "0.0.0.0:45531"
startupRole: FOLLOWER
,id: "s2"
address: "0.0.0.0:39635"
clientAddress: "0.0.0.0:39635"
adminAddress: "0.0.0.0:39635"
startupRole: FOLLOWER
, old:id: "s10"
address: "0.0.0.0:37585"
clientAddress: "0.0.0.0:37585"
adminAddress: "0.0.0.0:37585"
startupRole: FOLLOWER
,id: "s0"
address: "0.0.0.0:43787"
clientAddress: "0.0.0.0:43787"
adminAddress: "0.0.0.0:43787"
startupRole: FOLLOWER
,id: "s1"
address: "0.0.0.0:45531"
clientAddress: "0.0.0.0:45531"
adminAddress: "0.0.0.0:45531"
startupRole: FOLLOWER
)]
2023-03-17 00:26:26,437 INFO  server.RaftServer$Division (ServerState.java:setRaftConf(378)) - s8@group-6E994AD85659: set configuration 121: peers:[s3|rpc:0.0.0.0:36277|dataStream:|priority:0|startupRole:FOLLOWER, s4|rpc:0.0.0.0:39523|dataStream:|priority:0|startupRole:FOLLOWER, s5|rpc:0.0.0.0:38791|dataStream:|priority:0|startupRole:FOLLOWER, s6|rpc:0.0.0.0:34503|dataStream:|priority:0|startupRole:FOLLOWER, s7|rpc:0.0.0.0:44573|dataStream:|priority:0|startupRole:FOLLOWER, s8|rpc:0.0.0.0:45461|dataStream:|priority:0|startupRole:FOLLOWER, s9|rpc:0.0.0.0:42413|dataStream:|priority:0|startupRole:FOLLOWER, s11|rpc:0.0.0.0:37111|dataStream:|priority:0|startupRole:FOLLOWER, s10|rpc:0.0.0.0:37585|dataStream:|priority:0|startupRole:FOLLOWER, s13|rpc:0.0.0.0:39411|dataStream:|priority:0|startupRole:FOLLOWER, s12|rpc:0.0.0.0:36717|dataStream:|priority:0|startupRole:FOLLOWER, s14|rpc:0.0.0.0:36477|dataStream:|priority:0|startupRole:FOLLOWER, s0|rpc:0.0.0.0:43787|dataStream:|priority:0|startupRole:FOLLOWER, s1|rpc:0.0.0.0:45531|dataStream:|priority:0|startupRole:FOLLOWER, s2|rpc:0.0.0.0:39635|dataStream:|priority:0|startupRole:FOLLOWER]|listeners:[], old=peers:[s10|rpc:0.0.0.0:37585|dataStream:|priority:0|startupRole:FOLLOWER, s0|rpc:0.0.0.0:43787|dataStream:|priority:0|startupRole:FOLLOWER, s1|rpc:0.0.0.0:45531|dataStream:|priority:0|startupRole:FOLLOWER]|listeners:[]
2023-03-17 00:26:26,439 DEBUG server.RaftServer$Division (RaftServerImpl.java:logAppendEntries(1430)) - s6@group-6E994AD85659: receive appendEntries(s1, 1, (t:1, i:120), 120, true, commits:[s1:c120, s10:c120, s0:c120, s3:c120, s4:c120, s11:c120, s5:c120, s6:c120, s13:c-1, s7:c120, s12:c-1, s8:c120, s9:c-1, s14:c-1, s2:c-1], cId:7593, entries: [(t:1, i:121), CONFIGURATIONENTRY(current:id: "s3"
address: "0.0.0.0:36277"
clientAddress: "0.0.0.0:36277"
adminAddress: "0.0.0.0:36277"
startupRole: FOLLOWER
,id: "s4"
address: "0.0.0.0:39523"
clientAddress: "0.0.0.0:39523"
adminAddress: "0.0.0.0:39523"
startupRole: FOLLOWER
,id: "s5"
address: "0.0.0.0:38791"
clientAddress: "0.0.0.0:38791"
adminAddress: "0.0.0.0:38791"
startupRole: FOLLOWER
,id: "s6"
address: "0.0.0.0:34503"
clientAddress: "0.0.0.0:34503"
adminAddress: "0.0.0.0:34503"
startupRole: FOLLOWER
,id: "s7"
address: "0.0.0.0:44573"
clientAddress: "0.0.0.0:44573"
adminAddress: "0.0.0.0:44573"
startupRole: FOLLOWER
,id: "s8"
address: "0.0.0.0:45461"
clientAddress: "0.0.0.0:45461"
adminAddress: "0.0.0.0:45461"
startupRole: FOLLOWER
,id: "s9"
address: "0.0.0.0:42413"
clientAddress: "0.0.0.0:42413"
adminAddress: "0.0.0.0:42413"
startupRole: FOLLOWER
,id: "s11"
address: "0.0.0.0:37111"
clientAddress: "0.0.0.0:37111"
adminAddress: "0.0.0.0:37111"
startupRole: FOLLOWER
,id: "s10"
address: "0.0.0.0:37585"
clientAddress: "0.0.0.0:37585"
adminAddress: "0.0.0.0:37585"
startupRole: FOLLOWER
,id: "s13"
address: "0.0.0.0:39411"
clientAddress: "0.0.0.0:39411"
adminAddress: "0.0.0.0:39411"
startupRole: FOLLOWER
,id: "s12"
address: "0.0.0.0:36717"
clientAddress: "0.0.0.0:36717"
adminAddress: "0.0.0.0:36717"
startupRole: FOLLOWER
,id: "s14"
address: "0.0.0.0:36477"
clientAddress: "0.0.0.0:36477"
adminAddress: "0.0.0.0:36477"
startupRole: FOLLOWER
,id: "s0"
address: "0.0.0.0:43787"
clientAddress: "0.0.0.0:43787"
adminAddress: "0.0.0.0:43787"
startupRole: FOLLOWER
,id: "s1"
address: "0.0.0.0:45531"
clientAddress: "0.0.0.0:45531"
adminAddress: "0.0.0.0:45531"
startupRole: FOLLOWER
,id: "s2"
address: "0.0.0.0:39635"
clientAddress: "0.0.0.0:39635"
adminAddress: "0.0.0.0:39635"
startupRole: FOLLOWER
, old:id: "s10"
address: "0.0.0.0:37585"
clientAddress: "0.0.0.0:37585"
adminAddress: "0.0.0.0:37585"
startupRole: FOLLOWER
,id: "s0"
address: "0.0.0.0:43787"
clientAddress: "0.0.0.0:43787"
adminAddress: "0.0.0.0:43787"
startupRole: FOLLOWER
,id: "s1"
address: "0.0.0.0:45531"
clientAddress: "0.0.0.0:45531"
adminAddress: "0.0.0.0:45531"
startupRole: FOLLOWER
)]
2023-03-17 00:26:26,439 INFO  server.RaftServer$Division (ServerState.java:setRaftConf(378)) - s6@group-6E994AD85659: set configuration 121: peers:[s3|rpc:0.0.0.0:36277|dataStream:|priority:0|startupRole:FOLLOWER, s4|rpc:0.0.0.0:39523|dataStream:|priority:0|startupRole:FOLLOWER, s5|rpc:0.0.0.0:38791|dataStream:|priority:0|startupRole:FOLLOWER, s6|rpc:0.0.0.0:34503|dataStream:|priority:0|startupRole:FOLLOWER, s7|rpc:0.0.0.0:44573|dataStream:|priority:0|startupRole:FOLLOWER, s8|rpc:0.0.0.0:45461|dataStream:|priority:0|startupRole:FOLLOWER, s9|rpc:0.0.0.0:42413|dataStream:|priority:0|startupRole:FOLLOWER, s11|rpc:0.0.0.0:37111|dataStream:|priority:0|startupRole:FOLLOWER, s10|rpc:0.0.0.0:37585|dataStream:|priority:0|startupRole:FOLLOWER, s13|rpc:0.0.0.0:39411|dataStream:|priority:0|startupRole:FOLLOWER, s12|rpc:0.0.0.0:36717|dataStream:|priority:0|startupRole:FOLLOWER, s14|rpc:0.0.0.0:36477|dataStream:|priority:0|startupRole:FOLLOWER, s0|rpc:0.0.0.0:43787|dataStream:|priority:0|startupRole:FOLLOWER, s1|rpc:0.0.0.0:45531|dataStream:|priority:0|startupRole:FOLLOWER, s2|rpc:0.0.0.0:39635|dataStream:|priority:0|startupRole:FOLLOWER]|listeners:[], old=peers:[s10|rpc:0.0.0.0:37585|dataStream:|priority:0|startupRole:FOLLOWER, s0|rpc:0.0.0.0:43787|dataStream:|priority:0|startupRole:FOLLOWER, s1|rpc:0.0.0.0:45531|dataStream:|priority:0|startupRole:FOLLOWER]|listeners:[]
2023-03-17 00:26:26,440 DEBUG server.RaftServer$Division (RaftServerImpl.java:logAppendEntries(1430)) - s3@group-6E994AD85659: receive appendEntries(s1, 1, (t:1, i:120), 120, true, commits:[s1:c120, s10:c120, s0:c120, s3:c120, s4:c120, s11:c120, s5:c120, s6:c120, s13:c-1, s7:c120, s12:c-1, s8:c120, s9:c-1, s14:c-1, s2:c-1], cId:7595, entries: [(t:1, i:121), CONFIGURATIONENTRY(current:id: "s3"
address: "0.0.0.0:36277"
clientAddress: "0.0.0.0:36277"
adminAddress: "0.0.0.0:36277"
startupRole: FOLLOWER
,id: "s4"
address: "0.0.0.0:39523"
clientAddress: "0.0.0.0:39523"
adminAddress: "0.0.0.0:39523"
startupRole: FOLLOWER
,id: "s5"
address: "0.0.0.0:38791"
clientAddress: "0.0.0.0:38791"
adminAddress: "0.0.0.0:38791"
startupRole: FOLLOWER
,id: "s6"
address: "0.0.0.0:34503"
clientAddress: "0.0.0.0:34503"
adminAddress: "0.0.0.0:34503"
startupRole: FOLLOWER
,id: "s7"
address: "0.0.0.0:44573"
clientAddress: "0.0.0.0:44573"
adminAddress: "0.0.0.0:44573"
startupRole: FOLLOWER
,id: "s8"
address: "0.0.0.0:45461"
clientAddress: "0.0.0.0:45461"
adminAddress: "0.0.0.0:45461"
startupRole: FOLLOWER
,id: "s9"
address: "0.0.0.0:42413"
clientAddress: "0.0.0.0:42413"
adminAddress: "0.0.0.0:42413"
startupRole: FOLLOWER
,id: "s11"
address: "0.0.0.0:37111"
clientAddress: "0.0.0.0:37111"
adminAddress: "0.0.0.0:37111"
startupRole: FOLLOWER
,id: "s10"
address: "0.0.0.0:37585"
clientAddress: "0.0.0.0:37585"
adminAddress: "0.0.0.0:37585"
startupRole: FOLLOWER
,id: "s13"
address: "0.0.0.0:39411"
clientAddress: "0.0.0.0:39411"
adminAddress: "0.0.0.0:39411"
startupRole: FOLLOWER
,id: "s12"
address: "0.0.0.0:36717"
clientAddress: "0.0.0.0:36717"
adminAddress: "0.0.0.0:36717"
startupRole: FOLLOWER
,id: "s14"
address: "0.0.0.0:36477"
clientAddress: "0.0.0.0:36477"
adminAddress: "0.0.0.0:36477"
startupRole: FOLLOWER
,id: "s0"
address: "0.0.0.0:43787"
clientAddress: "0.0.0.0:43787"
adminAddress: "0.0.0.0:43787"
startupRole: FOLLOWER
,id: "s1"
address: "0.0.0.0:45531"
clientAddress: "0.0.0.0:45531"
adminAddress: "0.0.0.0:45531"
startupRole: FOLLOWER
,id: "s2"
address: "0.0.0.0:39635"
clientAddress: "0.0.0.0:39635"
adminAddress: "0.0.0.0:39635"
startupRole: FOLLOWER
, old:id: "s10"
address: "0.0.0.0:37585"
clientAddress: "0.0.0.0:37585"
adminAddress: "0.0.0.0:37585"
startupRole: FOLLOWER
,id: "s0"
address: "0.0.0.0:43787"
clientAddress: "0.0.0.0:43787"
adminAddress: "0.0.0.0:43787"
startupRole: FOLLOWER
,id: "s1"
address: "0.0.0.0:45531"
clientAddress: "0.0.0.0:45531"
adminAddress: "0.0.0.0:45531"
startupRole: FOLLOWER
)]
2023-03-17 00:26:26,440 INFO  server.RaftServer$Division (ServerState.java:setRaftConf(378)) - s3@group-6E994AD85659: set configuration 121: peers:[s3|rpc:0.0.0.0:36277|dataStream:|priority:0|startupRole:FOLLOWER, s4|rpc:0.0.0.0:39523|dataStream:|priority:0|startupRole:FOLLOWER, s5|rpc:0.0.0.0:38791|dataStream:|priority:0|startupRole:FOLLOWER, s6|rpc:0.0.0.0:34503|dataStream:|priority:0|startupRole:FOLLOWER, s7|rpc:0.0.0.0:44573|dataStream:|priority:0|startupRole:FOLLOWER, s8|rpc:0.0.0.0:45461|dataStream:|priority:0|startupRole:FOLLOWER, s9|rpc:0.0.0.0:42413|dataStream:|priority:0|startupRole:FOLLOWER, s11|rpc:0.0.0.0:37111|dataStream:|priority:0|startupRole:FOLLOWER, s10|rpc:0.0.0.0:37585|dataStream:|priority:0|startupRole:FOLLOWER, s13|rpc:0.0.0.0:39411|dataStream:|priority:0|startupRole:FOLLOWER, s12|rpc:0.0.0.0:36717|dataStream:|priority:0|startupRole:FOLLOWER, s14|rpc:0.0.0.0:36477|dataStream:|priority:0|startupRole:FOLLOWER, s0|rpc:0.0.0.0:43787|dataStream:|priority:0|startupRole:FOLLOWER, s1|rpc:0.0.0.0:45531|dataStream:|priority:0|startupRole:FOLLOWER, s2|rpc:0.0.0.0:39635|dataStream:|priority:0|startupRole:FOLLOWER]|listeners:[], old=peers:[s10|rpc:0.0.0.0:37585|dataStream:|priority:0|startupRole:FOLLOWER, s0|rpc:0.0.0.0:43787|dataStream:|priority:0|startupRole:FOLLOWER, s1|rpc:0.0.0.0:45531|dataStream:|priority:0|startupRole:FOLLOWER]|listeners:[]
2023-03-17 00:26:26,442 DEBUG server.RaftServer$Division (RaftServerImpl.java:logAppendEntries(1430)) - s0@group-6E994AD85659: receive appendEntries(s1, 1, (t:1, i:120), 120, true, commits:[s1:c120, s10:c120, s0:c120, s3:c120, s4:c120, s11:c120, s5:c120, s6:c120, s13:c-1, s7:c120, s12:c-1, s8:c120, s9:c-1, s14:c-1, s2:c-1], cId:7594, entries: [(t:1, i:121), CONFIGURATIONENTRY(current:id: "s3"
address: "0.0.0.0:36277"
clientAddress: "0.0.0.0:36277"
adminAddress: "0.0.0.0:36277"
startupRole: FOLLOWER
,id: "s4"
address: "0.0.0.0:39523"
clientAddress: "0.0.0.0:39523"
adminAddress: "0.0.0.0:39523"
startupRole: FOLLOWER
,id: "s5"
address: "0.0.0.0:38791"
clientAddress: "0.0.0.0:38791"
adminAddress: "0.0.0.0:38791"
startupRole: FOLLOWER
,id: "s6"
address: "0.0.0.0:34503"
clientAddress: "0.0.0.0:34503"
adminAddress: "0.0.0.0:34503"
startupRole: FOLLOWER
,id: "s7"
address: "0.0.0.0:44573"
clientAddress: "0.0.0.0:44573"
adminAddress: "0.0.0.0:44573"
startupRole: FOLLOWER
,id: "s8"
address: "0.0.0.0:45461"
clientAddress: "0.0.0.0:45461"
adminAddress: "0.0.0.0:45461"
startupRole: FOLLOWER
,id: "s9"
address: "0.0.0.0:42413"
clientAddress: "0.0.0.0:42413"
adminAddress: "0.0.0.0:42413"
startupRole: FOLLOWER
,id: "s11"
address: "0.0.0.0:37111"
clientAddress: "0.0.0.0:37111"
adminAddress: "0.0.0.0:37111"
startupRole: FOLLOWER
,id: "s10"
address: "0.0.0.0:37585"
clientAddress: "0.0.0.0:37585"
adminAddress: "0.0.0.0:37585"
startupRole: FOLLOWER
,id: "s13"
address: "0.0.0.0:39411"
clientAddress: "0.0.0.0:39411"
adminAddress: "0.0.0.0:39411"
startupRole: FOLLOWER
,id: "s12"
address: "0.0.0.0:36717"
clientAddress: "0.0.0.0:36717"
adminAddress: "0.0.0.0:36717"
startupRole: FOLLOWER
,id: "s14"
address: "0.0.0.0:36477"
clientAddress: "0.0.0.0:36477"
adminAddress: "0.0.0.0:36477"
startupRole: FOLLOWER
,id: "s0"
address: "0.0.0.0:43787"
clientAddress: "0.0.0.0:43787"
adminAddress: "0.0.0.0:43787"
startupRole: FOLLOWER
,id: "s1"
address: "0.0.0.0:45531"
clientAddress: "0.0.0.0:45531"
adminAddress: "0.0.0.0:45531"
startupRole: FOLLOWER
,id: "s2"
address: "0.0.0.0:39635"
clientAddress: "0.0.0.0:39635"
adminAddress: "0.0.0.0:39635"
startupRole: FOLLOWER
, old:id: "s10"
address: "0.0.0.0:37585"
clientAddress: "0.0.0.0:37585"
adminAddress: "0.0.0.0:37585"
startupRole: FOLLOWER
,id: "s0"
address: "0.0.0.0:43787"
clientAddress: "0.0.0.0:43787"
adminAddress: "0.0.0.0:43787"
startupRole: FOLLOWER
,id: "s1"
address: "0.0.0.0:45531"
clientAddress: "0.0.0.0:45531"
adminAddress: "0.0.0.0:45531"
startupRole: FOLLOWER
)]
2023-03-17 00:26:26,442 INFO  server.RaftServer$Division (ServerState.java:setRaftConf(378)) - s0@group-6E994AD85659: set configuration 121: peers:[s3|rpc:0.0.0.0:36277|dataStream:|priority:0|startupRole:FOLLOWER, s4|rpc:0.0.0.0:39523|dataStream:|priority:0|startupRole:FOLLOWER, s5|rpc:0.0.0.0:38791|dataStream:|priority:0|startupRole:FOLLOWER, s6|rpc:0.0.0.0:34503|dataStream:|priority:0|startupRole:FOLLOWER, s7|rpc:0.0.0.0:44573|dataStream:|priority:0|startupRole:FOLLOWER, s8|rpc:0.0.0.0:45461|dataStream:|priority:0|startupRole:FOLLOWER, s9|rpc:0.0.0.0:42413|dataStream:|priority:0|startupRole:FOLLOWER, s11|rpc:0.0.0.0:37111|dataStream:|priority:0|startupRole:FOLLOWER, s10|rpc:0.0.0.0:37585|dataStream:|priority:0|startupRole:FOLLOWER, s13|rpc:0.0.0.0:39411|dataStream:|priority:0|startupRole:FOLLOWER, s12|rpc:0.0.0.0:36717|dataStream:|priority:0|startupRole:FOLLOWER, s14|rpc:0.0.0.0:36477|dataStream:|priority:0|startupRole:FOLLOWER, s0|rpc:0.0.0.0:43787|dataStream:|priority:0|startupRole:FOLLOWER, s1|rpc:0.0.0.0:45531|dataStream:|priority:0|startupRole:FOLLOWER, s2|rpc:0.0.0.0:39635|dataStream:|priority:0|startupRole:FOLLOWER]|listeners:[], old=peers:[s10|rpc:0.0.0.0:37585|dataStream:|priority:0|startupRole:FOLLOWER, s0|rpc:0.0.0.0:43787|dataStream:|priority:0|startupRole:FOLLOWER, s1|rpc:0.0.0.0:45531|dataStream:|priority:0|startupRole:FOLLOWER]|listeners:[]
2023-03-17 00:26:26,443 DEBUG server.RaftServer$Division (RaftServerImpl.java:logAppendEntries(1430)) - s12@group-6E994AD85659: receive appendEntries(s1, 1, (t:1, i:120), 120, true, commits:[s1:c120, s10:c120, s0:c120, s3:c120, s4:c120, s11:c120, s5:c120, s6:c120, s13:c-1, s7:c120, s12:c120, s8:c120, s9:c-1, s14:c-1, s2:c-1], cId:7597, entries: [(t:1, i:121), CONFIGURATIONENTRY(current:id: "s3"
address: "0.0.0.0:36277"
clientAddress: "0.0.0.0:36277"
adminAddress: "0.0.0.0:36277"
startupRole: FOLLOWER
,id: "s4"
address: "0.0.0.0:39523"
clientAddress: "0.0.0.0:39523"
adminAddress: "0.0.0.0:39523"
startupRole: FOLLOWER
,id: "s5"
address: "0.0.0.0:38791"
clientAddress: "0.0.0.0:38791"
adminAddress: "0.0.0.0:38791"
startupRole: FOLLOWER
,id: "s6"
address: "0.0.0.0:34503"
clientAddress: "0.0.0.0:34503"
adminAddress: "0.0.0.0:34503"
startupRole: FOLLOWER
,id: "s7"
address: "0.0.0.0:44573"
clientAddress: "0.0.0.0:44573"
adminAddress: "0.0.0.0:44573"
startupRole: FOLLOWER
,id: "s8"
address: "0.0.0.0:45461"
clientAddress: "0.0.0.0:45461"
adminAddress: "0.0.0.0:45461"
startupRole: FOLLOWER
,id: "s9"
address: "0.0.0.0:42413"
clientAddress: "0.0.0.0:42413"
adminAddress: "0.0.0.0:42413"
startupRole: FOLLOWER
,id: "s11"
address: "0.0.0.0:37111"
clientAddress: "0.0.0.0:37111"
adminAddress: "0.0.0.0:37111"
startupRole: FOLLOWER
,id: "s10"
address: "0.0.0.0:37585"
clientAddress: "0.0.0.0:37585"
adminAddress: "0.0.0.0:37585"
startupRole: FOLLOWER
,id: "s13"
address: "0.0.0.0:39411"
clientAddress: "0.0.0.0:39411"
adminAddress: "0.0.0.0:39411"
startupRole: FOLLOWER
,id: "s12"
address: "0.0.0.0:36717"
clientAddress: "0.0.0.0:36717"
adminAddress: "0.0.0.0:36717"
startupRole: FOLLOWER
,id: "s14"
address: "0.0.0.0:36477"
clientAddress: "0.0.0.0:36477"
adminAddress: "0.0.0.0:36477"
startupRole: FOLLOWER
,id: "s0"
address: "0.0.0.0:43787"
clientAddress: "0.0.0.0:43787"
adminAddress: "0.0.0.0:43787"
startupRole: FOLLOWER
,id: "s1"
address: "0.0.0.0:45531"
clientAddress: "0.0.0.0:45531"
adminAddress: "0.0.0.0:45531"
startupRole: FOLLOWER
,id: "s2"
address: "0.0.0.0:39635"
clientAddress: "0.0.0.0:39635"
adminAddress: "0.0.0.0:39635"
startupRole: FOLLOWER
, old:id: "s10"
address: "0.0.0.0:37585"
clientAddress: "0.0.0.0:37585"
adminAddress: "0.0.0.0:37585"
startupRole: FOLLOWER
,id: "s0"
address: "0.0.0.0:43787"
clientAddress: "0.0.0.0:43787"
adminAddress: "0.0.0.0:43787"
startupRole: FOLLOWER
,id: "s1"
address: "0.0.0.0:45531"
clientAddress: "0.0.0.0:45531"
adminAddress: "0.0.0.0:45531"
startupRole: FOLLOWER
)]
2023-03-17 00:26:26,443 INFO  server.RaftServer$Division (ServerState.java:setRaftConf(378)) - s12@group-6E994AD85659: set configuration 121: peers:[s3|rpc:0.0.0.0:36277|dataStream:|priority:0|startupRole:FOLLOWER, s4|rpc:0.0.0.0:39523|dataStream:|priority:0|startupRole:FOLLOWER, s5|rpc:0.0.0.0:38791|dataStream:|priority:0|startupRole:FOLLOWER, s6|rpc:0.0.0.0:34503|dataStream:|priority:0|startupRole:FOLLOWER, s7|rpc:0.0.0.0:44573|dataStream:|priority:0|startupRole:FOLLOWER, s8|rpc:0.0.0.0:45461|dataStream:|priority:0|startupRole:FOLLOWER, s9|rpc:0.0.0.0:42413|dataStream:|priority:0|startupRole:FOLLOWER, s11|rpc:0.0.0.0:37111|dataStream:|priority:0|startupRole:FOLLOWER, s10|rpc:0.0.0.0:37585|dataStream:|priority:0|startupRole:FOLLOWER, s13|rpc:0.0.0.0:39411|dataStream:|priority:0|startupRole:FOLLOWER, s12|rpc:0.0.0.0:36717|dataStream:|priority:0|startupRole:FOLLOWER, s14|rpc:0.0.0.0:36477|dataStream:|priority:0|startupRole:FOLLOWER, s0|rpc:0.0.0.0:43787|dataStream:|priority:0|startupRole:FOLLOWER, s1|rpc:0.0.0.0:45531|dataStream:|priority:0|startupRole:FOLLOWER, s2|rpc:0.0.0.0:39635|dataStream:|priority:0|startupRole:FOLLOWER]|listeners:[], old=peers:[s10|rpc:0.0.0.0:37585|dataStream:|priority:0|startupRole:FOLLOWER, s0|rpc:0.0.0.0:43787|dataStream:|priority:0|startupRole:FOLLOWER, s1|rpc:0.0.0.0:45531|dataStream:|priority:0|startupRole:FOLLOWER]|listeners:[]
2023-03-17 00:26:26,439 DEBUG server.RaftServer$Division (RaftServerImpl.java:logAppendEntries(1430)) - s10@group-6E994AD85659: receive appendEntries(s1, 1, (t:1, i:120), 120, true, commits:[s1:c120, s10:c120, s0:c120, s3:c120, s4:c-1, s11:c120, s5:c120, s6:c120, s13:c-1, s7:c120, s12:c-1, s8:c120, s9:c-1, s14:c-1, s2:c-1], cId:7592, entries: [(t:1, i:121), CONFIGURATIONENTRY(current:id: "s3"
address: "0.0.0.0:36277"
clientAddress: "0.0.0.0:36277"
adminAddress: "0.0.0.0:36277"
startupRole: FOLLOWER
,id: "s4"
address: "0.0.0.0:39523"
clientAddress: "0.0.0.0:39523"
adminAddress: "0.0.0.0:39523"
startupRole: FOLLOWER
,id: "s5"
address: "0.0.0.0:38791"
clientAddress: "0.0.0.0:38791"
adminAddress: "0.0.0.0:38791"
startupRole: FOLLOWER
,id: "s6"
address: "0.0.0.0:34503"
clientAddress: "0.0.0.0:34503"
adminAddress: "0.0.0.0:34503"
startupRole: FOLLOWER
,id: "s7"
address: "0.0.0.0:44573"
clientAddress: "0.0.0.0:44573"
adminAddress: "0.0.0.0:44573"
startupRole: FOLLOWER
,id: "s8"
address: "0.0.0.0:45461"
clientAddress: "0.0.0.0:45461"
adminAddress: "0.0.0.0:45461"
startupRole: FOLLOWER
,id: "s9"
address: "0.0.0.0:42413"
clientAddress: "0.0.0.0:42413"
adminAddress: "0.0.0.0:42413"
startupRole: FOLLOWER
,id: "s11"
address: "0.0.0.0:37111"
clientAddress: "0.0.0.0:37111"
adminAddress: "0.0.0.0:37111"
startupRole: FOLLOWER
,id: "s10"
address: "0.0.0.0:37585"
clientAddress: "0.0.0.0:37585"
adminAddress: "0.0.0.0:37585"
startupRole: FOLLOWER
,id: "s13"
address: "0.0.0.0:39411"
clientAddress: "0.0.0.0:39411"
adminAddress: "0.0.0.0:39411"
startupRole: FOLLOWER
,id: "s12"
address: "0.0.0.0:36717"
clientAddress: "0.0.0.0:36717"
adminAddress: "0.0.0.0:36717"
startupRole: FOLLOWER
,id: "s14"
address: "0.0.0.0:36477"
clientAddress: "0.0.0.0:36477"
adminAddress: "0.0.0.0:36477"
startupRole: FOLLOWER
,id: "s0"
address: "0.0.0.0:43787"
clientAddress: "0.0.0.0:43787"
adminAddress: "0.0.0.0:43787"
startupRole: FOLLOWER
,id: "s1"
address: "0.0.0.0:45531"
clientAddress: "0.0.0.0:45531"
adminAddress: "0.0.0.0:45531"
startupRole: FOLLOWER
,id: "s2"
address: "0.0.0.0:39635"
clientAddress: "0.0.0.0:39635"
adminAddress: "0.0.0.0:39635"
startupRole: FOLLOWER
, old:id: "s10"
address: "0.0.0.0:37585"
clientAddress: "0.0.0.0:37585"
adminAddress: "0.0.0.0:37585"
startupRole: FOLLOWER
,id: "s0"
address: "0.0.0.0:43787"
clientAddress: "0.0.0.0:43787"
adminAddress: "0.0.0.0:43787"
startupRole: FOLLOWER
,id: "s1"
address: "0.0.0.0:45531"
clientAddress: "0.0.0.0:45531"
adminAddress: "0.0.0.0:45531"
startupRole: FOLLOWER
)]
2023-03-17 00:26:26,444 DEBUG server.RaftServer$Division (RaftServerImpl.java:logAppendEntries(1430)) - s6@group-6E994AD85659: succeeded to handle AppendEntries. Reply: s1<-s6#7593:OK-t1,SUCCESS,nextIndex=122,followerCommit=120,matchIndex=121
2023-03-17 00:26:26,444 DEBUG server.RaftServer$Division (RaftServerImpl.java:logAppendEntries(1430)) - s14@group-6E994AD85659: succeeded to handle AppendEntries. Reply: s1<-s14#7580:OK-t1,SUCCESS,nextIndex=121,followerCommit=120,matchIndex=120
2023-03-17 00:26:26,444 DEBUG server.RaftServer$Division (RaftServerImpl.java:logAppendEntries(1430)) - s8@group-6E994AD85659: succeeded to handle AppendEntries. Reply: s1<-s8#7589:OK-t1,SUCCESS,nextIndex=122,followerCommit=120,matchIndex=121
2023-03-17 00:26:26,446 DEBUG server.RaftServer$Division (RaftServerImpl.java:logAppendEntries(1430)) - s11@group-6E994AD85659: receive appendEntries(s1, 1, (t:1, i:120), 120, true, commits:[s1:c120, s10:c120, s0:c120, s3:c120, s4:c-1, s11:c120, s5:c120, s6:c120, s13:c-1, s7:c120, s12:c-1, s8:c120, s9:c-1, s14:c-1, s2:c-1], cId:7588, entries: [(t:1, i:121), CONFIGURATIONENTRY(current:id: "s3"
address: "0.0.0.0:36277"
clientAddress: "0.0.0.0:36277"
adminAddress: "0.0.0.0:36277"
startupRole: FOLLOWER
,id: "s4"
address: "0.0.0.0:39523"
clientAddress: "0.0.0.0:39523"
adminAddress: "0.0.0.0:39523"
startupRole: FOLLOWER
,id: "s5"
address: "0.0.0.0:38791"
clientAddress: "0.0.0.0:38791"
adminAddress: "0.0.0.0:38791"
startupRole: FOLLOWER
,id: "s6"
address: "0.0.0.0:34503"
clientAddress: "0.0.0.0:34503"
adminAddress: "0.0.0.0:34503"
startupRole: FOLLOWER
,id: "s7"
address: "0.0.0.0:44573"
clientAddress: "0.0.0.0:44573"
adminAddress: "0.0.0.0:44573"
startupRole: FOLLOWER
,id: "s8"
address: "0.0.0.0:45461"
clientAddress: "0.0.0.0:45461"
adminAddress: "0.0.0.0:45461"
startupRole: FOLLOWER
,id: "s9"
address: "0.0.0.0:42413"
clientAddress: "0.0.0.0:42413"
adminAddress: "0.0.0.0:42413"
startupRole: FOLLOWER
,id: "s11"
address: "0.0.0.0:37111"
clientAddress: "0.0.0.0:37111"
adminAddress: "0.0.0.0:37111"
startupRole: FOLLOWER
,id: "s10"
address: "0.0.0.0:37585"
clientAddress: "0.0.0.0:37585"
adminAddress: "0.0.0.0:37585"
startupRole: FOLLOWER
,id: "s13"
address: "0.0.0.0:39411"
clientAddress: "0.0.0.0:39411"
adminAddress: "0.0.0.0:39411"
startupRole: FOLLOWER
,id: "s12"
address: "0.0.0.0:36717"
clientAddress: "0.0.0.0:36717"
adminAddress: "0.0.0.0:36717"
startupRole: FOLLOWER
,id: "s14"
address: "0.0.0.0:36477"
clientAddress: "0.0.0.0:36477"
adminAddress: "0.0.0.0:36477"
startupRole: FOLLOWER
,id: "s0"
address: "0.0.0.0:43787"
clientAddress: "0.0.0.0:43787"
adminAddress: "0.0.0.0:43787"
startupRole: FOLLOWER
,id: "s1"
address: "0.0.0.0:45531"
clientAddress: "0.0.0.0:45531"
adminAddress: "0.0.0.0:45531"
startupRole: FOLLOWER
,id: "s2"
address: "0.0.0.0:39635"
clientAddress: "0.0.0.0:39635"
adminAddress: "0.0.0.0:39635"
startupRole: FOLLOWER
, old:id: "s10"
address: "0.0.0.0:37585"
clientAddress: "0.0.0.0:37585"
adminAddress: "0.0.0.0:37585"
startupRole: FOLLOWER
,id: "s0"
address: "0.0.0.0:43787"
clientAddress: "0.0.0.0:43787"
adminAddress: "0.0.0.0:43787"
startupRole: FOLLOWER
,id: "s1"
address: "0.0.0.0:45531"
clientAddress: "0.0.0.0:45531"
adminAddress: "0.0.0.0:45531"
startupRole: FOLLOWER
)]
2023-03-17 00:26:26,446 INFO  server.RaftServer$Division (ServerState.java:setRaftConf(378)) - s11@group-6E994AD85659: set configuration 121: peers:[s3|rpc:0.0.0.0:36277|dataStream:|priority:0|startupRole:FOLLOWER, s4|rpc:0.0.0.0:39523|dataStream:|priority:0|startupRole:FOLLOWER, s5|rpc:0.0.0.0:38791|dataStream:|priority:0|startupRole:FOLLOWER, s6|rpc:0.0.0.0:34503|dataStream:|priority:0|startupRole:FOLLOWER, s7|rpc:0.0.0.0:44573|dataStream:|priority:0|startupRole:FOLLOWER, s8|rpc:0.0.0.0:45461|dataStream:|priority:0|startupRole:FOLLOWER, s9|rpc:0.0.0.0:42413|dataStream:|priority:0|startupRole:FOLLOWER, s11|rpc:0.0.0.0:37111|dataStream:|priority:0|startupRole:FOLLOWER, s10|rpc:0.0.0.0:37585|dataStream:|priority:0|startupRole:FOLLOWER, s13|rpc:0.0.0.0:39411|dataStream:|priority:0|startupRole:FOLLOWER, s12|rpc:0.0.0.0:36717|dataStream:|priority:0|startupRole:FOLLOWER, s14|rpc:0.0.0.0:36477|dataStream:|priority:0|startupRole:FOLLOWER, s0|rpc:0.0.0.0:43787|dataStream:|priority:0|startupRole:FOLLOWER, s1|rpc:0.0.0.0:45531|dataStream:|priority:0|startupRole:FOLLOWER, s2|rpc:0.0.0.0:39635|dataStream:|priority:0|startupRole:FOLLOWER]|listeners:[], old=peers:[s10|rpc:0.0.0.0:37585|dataStream:|priority:0|startupRole:FOLLOWER, s0|rpc:0.0.0.0:43787|dataStream:|priority:0|startupRole:FOLLOWER, s1|rpc:0.0.0.0:45531|dataStream:|priority:0|startupRole:FOLLOWER]|listeners:[]
2023-03-17 00:26:26,444 DEBUG server.RaftServer$Division (RaftServerImpl.java:logAppendEntries(1430)) - s12@group-6E994AD85659: succeeded to handle AppendEntries. Reply: s1<-s12#7597:OK-t1,SUCCESS,nextIndex=122,followerCommit=120,matchIndex=121
2023-03-17 00:26:26,444 DEBUG server.RaftServer$Division (RaftServerImpl.java:logAppendEntries(1430)) - s0@group-6E994AD85659: succeeded to handle AppendEntries. Reply: s1<-s0#7594:OK-t1,SUCCESS,nextIndex=122,followerCommit=120,matchIndex=121
2023-03-17 00:26:26,447 DEBUG server.RaftServer$Division (RaftServerImpl.java:logAppendEntries(1430)) - s14@group-6E994AD85659: receive appendEntries(s1, 1, (t:1, i:120), 120, true, commits:[s1:c120, s10:c120, s0:c120, s3:c120, s4:c120, s11:c120, s5:c120, s6:c120, s13:c-1, s7:c120, s12:c120, s8:c120, s9:c-1, s14:c120, s2:c120], cId:7599, entries: [(t:1, i:121), CONFIGURATIONENTRY(current:id: "s3"
address: "0.0.0.0:36277"
clientAddress: "0.0.0.0:36277"
adminAddress: "0.0.0.0:36277"
startupRole: FOLLOWER
,id: "s4"
address: "0.0.0.0:39523"
clientAddress: "0.0.0.0:39523"
adminAddress: "0.0.0.0:39523"
startupRole: FOLLOWER
,id: "s5"
address: "0.0.0.0:38791"
clientAddress: "0.0.0.0:38791"
adminAddress: "0.0.0.0:38791"
startupRole: FOLLOWER
,id: "s6"
address: "0.0.0.0:34503"
clientAddress: "0.0.0.0:34503"
adminAddress: "0.0.0.0:34503"
startupRole: FOLLOWER
,id: "s7"
address: "0.0.0.0:44573"
clientAddress: "0.0.0.0:44573"
adminAddress: "0.0.0.0:44573"
startupRole: FOLLOWER
,id: "s8"
address: "0.0.0.0:45461"
clientAddress: "0.0.0.0:45461"
adminAddress: "0.0.0.0:45461"
startupRole: FOLLOWER
,id: "s9"
address: "0.0.0.0:42413"
clientAddress: "0.0.0.0:42413"
adminAddress: "0.0.0.0:42413"
startupRole: FOLLOWER
,id: "s11"
address: "0.0.0.0:37111"
clientAddress: "0.0.0.0:37111"
adminAddress: "0.0.0.0:37111"
startupRole: FOLLOWER
,id: "s10"
address: "0.0.0.0:37585"
clientAddress: "0.0.0.0:37585"
adminAddress: "0.0.0.0:37585"
startupRole: FOLLOWER
,id: "s13"
address: "0.0.0.0:39411"
clientAddress: "0.0.0.0:39411"
adminAddress: "0.0.0.0:39411"
startupRole: FOLLOWER
,id: "s12"
address: "0.0.0.0:36717"
clientAddress: "0.0.0.0:36717"
adminAddress: "0.0.0.0:36717"
startupRole: FOLLOWER
,id: "s14"
address: "0.0.0.0:36477"
clientAddress: "0.0.0.0:36477"
adminAddress: "0.0.0.0:36477"
startupRole: FOLLOWER
,id: "s0"
address: "0.0.0.0:43787"
clientAddress: "0.0.0.0:43787"
adminAddress: "0.0.0.0:43787"
startupRole: FOLLOWER
,id: "s1"
address: "0.0.0.0:45531"
clientAddress: "0.0.0.0:45531"
adminAddress: "0.0.0.0:45531"
startupRole: FOLLOWER
,id: "s2"
address: "0.0.0.0:39635"
clientAddress: "0.0.0.0:39635"
adminAddress: "0.0.0.0:39635"
startupRole: FOLLOWER
, old:id: "s10"
address: "0.0.0.0:37585"
clientAddress: "0.0.0.0:37585"
adminAddress: "0.0.0.0:37585"
startupRole: FOLLOWER
,id: "s0"
address: "0.0.0.0:43787"
clientAddress: "0.0.0.0:43787"
adminAddress: "0.0.0.0:43787"
startupRole: FOLLOWER
,id: "s1"
address: "0.0.0.0:45531"
clientAddress: "0.0.0.0:45531"
adminAddress: "0.0.0.0:45531"
startupRole: FOLLOWER
)]
2023-03-17 00:26:26,444 DEBUG server.RaftServer$Division (RaftServerImpl.java:logAppendEntries(1430)) - s5@group-6E994AD85659: succeeded to handle AppendEntries. Reply: s1<-s5#7591:OK-t1,SUCCESS,nextIndex=122,followerCommit=120,matchIndex=121
2023-03-17 00:26:26,447 INFO  server.RaftServer$Division (ServerState.java:setRaftConf(378)) - s14@group-6E994AD85659: set configuration 121: peers:[s3|rpc:0.0.0.0:36277|dataStream:|priority:0|startupRole:FOLLOWER, s4|rpc:0.0.0.0:39523|dataStream:|priority:0|startupRole:FOLLOWER, s5|rpc:0.0.0.0:38791|dataStream:|priority:0|startupRole:FOLLOWER, s6|rpc:0.0.0.0:34503|dataStream:|priority:0|startupRole:FOLLOWER, s7|rpc:0.0.0.0:44573|dataStream:|priority:0|startupRole:FOLLOWER, s8|rpc:0.0.0.0:45461|dataStream:|priority:0|startupRole:FOLLOWER, s9|rpc:0.0.0.0:42413|dataStream:|priority:0|startupRole:FOLLOWER, s11|rpc:0.0.0.0:37111|dataStream:|priority:0|startupRole:FOLLOWER, s10|rpc:0.0.0.0:37585|dataStream:|priority:0|startupRole:FOLLOWER, s13|rpc:0.0.0.0:39411|dataStream:|priority:0|startupRole:FOLLOWER, s12|rpc:0.0.0.0:36717|dataStream:|priority:0|startupRole:FOLLOWER, s14|rpc:0.0.0.0:36477|dataStream:|priority:0|startupRole:FOLLOWER, s0|rpc:0.0.0.0:43787|dataStream:|priority:0|startupRole:FOLLOWER, s1|rpc:0.0.0.0:45531|dataStream:|priority:0|startupRole:FOLLOWER, s2|rpc:0.0.0.0:39635|dataStream:|priority:0|startupRole:FOLLOWER]|listeners:[], old=peers:[s10|rpc:0.0.0.0:37585|dataStream:|priority:0|startupRole:FOLLOWER, s0|rpc:0.0.0.0:43787|dataStream:|priority:0|startupRole:FOLLOWER, s1|rpc:0.0.0.0:45531|dataStream:|priority:0|startupRole:FOLLOWER]|listeners:[]
2023-03-17 00:26:26,447 DEBUG server.RaftServer$Division (RaftServerImpl.java:logAppendEntries(1430)) - s7@group-6E994AD85659: receive appendEntries(s1, 1, (t:1, i:120), 120, true, commits:[s1:c120, s10:c120, s0:c120, s3:c120, s4:c-1, s11:c120, s5:c120, s6:c120, s13:c-1, s7:c120, s12:c-1, s8:c120, s9:c-1, s14:c-1, s2:c-1], cId:7590, entries: [(t:1, i:121), CONFIGURATIONENTRY(current:id: "s3"
address: "0.0.0.0:36277"
clientAddress: "0.0.0.0:36277"
adminAddress: "0.0.0.0:36277"
startupRole: FOLLOWER
,id: "s4"
address: "0.0.0.0:39523"
clientAddress: "0.0.0.0:39523"
adminAddress: "0.0.0.0:39523"
startupRole: FOLLOWER
,id: "s5"
address: "0.0.0.0:38791"
clientAddress: "0.0.0.0:38791"
adminAddress: "0.0.0.0:38791"
startupRole: FOLLOWER
,id: "s6"
address: "0.0.0.0:34503"
clientAddress: "0.0.0.0:34503"
adminAddress: "0.0.0.0:34503"
startupRole: FOLLOWER
,id: "s7"
address: "0.0.0.0:44573"
clientAddress: "0.0.0.0:44573"
adminAddress: "0.0.0.0:44573"
startupRole: FOLLOWER
,id: "s8"
address: "0.0.0.0:45461"
clientAddress: "0.0.0.0:45461"
adminAddress: "0.0.0.0:45461"
startupRole: FOLLOWER
,id: "s9"
address: "0.0.0.0:42413"
clientAddress: "0.0.0.0:42413"
adminAddress: "0.0.0.0:42413"
startupRole: FOLLOWER
,id: "s11"
address: "0.0.0.0:37111"
clientAddress: "0.0.0.0:37111"
adminAddress: "0.0.0.0:37111"
startupRole: FOLLOWER
,id: "s10"
address: "0.0.0.0:37585"
clientAddress: "0.0.0.0:37585"
adminAddress: "0.0.0.0:37585"
startupRole: FOLLOWER
,id: "s13"
address: "0.0.0.0:39411"
clientAddress: "0.0.0.0:39411"
adminAddress: "0.0.0.0:39411"
startupRole: FOLLOWER
,id: "s12"
address: "0.0.0.0:36717"
clientAddress: "0.0.0.0:36717"
adminAddress: "0.0.0.0:36717"
startupRole: FOLLOWER
,id: "s14"
address: "0.0.0.0:36477"
clientAddress: "0.0.0.0:36477"
adminAddress: "0.0.0.0:36477"
startupRole: FOLLOWER
,id: "s0"
address: "0.0.0.0:43787"
clientAddress: "0.0.0.0:43787"
adminAddress: "0.0.0.0:43787"
startupRole: FOLLOWER
,id: "s1"
address: "0.0.0.0:45531"
clientAddress: "0.0.0.0:45531"
adminAddress: "0.0.0.0:45531"
startupRole: FOLLOWER
,id: "s2"
address: "0.0.0.0:39635"
clientAddress: "0.0.0.0:39635"
adminAddress: "0.0.0.0:39635"
startupRole: FOLLOWER
, old:id: "s10"
address: "0.0.0.0:37585"
clientAddress: "0.0.0.0:37585"
adminAddress: "0.0.0.0:37585"
startupRole: FOLLOWER
,id: "s0"
address: "0.0.0.0:43787"
clientAddress: "0.0.0.0:43787"
adminAddress: "0.0.0.0:43787"
startupRole: FOLLOWER
,id: "s1"
address: "0.0.0.0:45531"
clientAddress: "0.0.0.0:45531"
adminAddress: "0.0.0.0:45531"
startupRole: FOLLOWER
)]
2023-03-17 00:26:26,448 DEBUG server.RaftServer$Division (RaftServerImpl.java:logAppendEntries(1430)) - s11@group-6E994AD85659: succeeded to handle AppendEntries. Reply: s1<-s11#7588:OK-t1,SUCCESS,nextIndex=122,followerCommit=120,matchIndex=121
2023-03-17 00:26:26,448 INFO  server.RaftServer$Division (ServerState.java:setRaftConf(378)) - s7@group-6E994AD85659: set configuration 121: peers:[s3|rpc:0.0.0.0:36277|dataStream:|priority:0|startupRole:FOLLOWER, s4|rpc:0.0.0.0:39523|dataStream:|priority:0|startupRole:FOLLOWER, s5|rpc:0.0.0.0:38791|dataStream:|priority:0|startupRole:FOLLOWER, s6|rpc:0.0.0.0:34503|dataStream:|priority:0|startupRole:FOLLOWER, s7|rpc:0.0.0.0:44573|dataStream:|priority:0|startupRole:FOLLOWER, s8|rpc:0.0.0.0:45461|dataStream:|priority:0|startupRole:FOLLOWER, s9|rpc:0.0.0.0:42413|dataStream:|priority:0|startupRole:FOLLOWER, s11|rpc:0.0.0.0:37111|dataStream:|priority:0|startupRole:FOLLOWER, s10|rpc:0.0.0.0:37585|dataStream:|priority:0|startupRole:FOLLOWER, s13|rpc:0.0.0.0:39411|dataStream:|priority:0|startupRole:FOLLOWER, s12|rpc:0.0.0.0:36717|dataStream:|priority:0|startupRole:FOLLOWER, s14|rpc:0.0.0.0:36477|dataStream:|priority:0|startupRole:FOLLOWER, s0|rpc:0.0.0.0:43787|dataStream:|priority:0|startupRole:FOLLOWER, s1|rpc:0.0.0.0:45531|dataStream:|priority:0|startupRole:FOLLOWER, s2|rpc:0.0.0.0:39635|dataStream:|priority:0|startupRole:FOLLOWER]|listeners:[], old=peers:[s10|rpc:0.0.0.0:37585|dataStream:|priority:0|startupRole:FOLLOWER, s0|rpc:0.0.0.0:43787|dataStream:|priority:0|startupRole:FOLLOWER, s1|rpc:0.0.0.0:45531|dataStream:|priority:0|startupRole:FOLLOWER]|listeners:[]
2023-03-17 00:26:26,444 DEBUG server.RaftServer$Division (RaftServerImpl.java:logAppendEntries(1430)) - s3@group-6E994AD85659: succeeded to handle AppendEntries. Reply: s1<-s3#7595:OK-t1,SUCCESS,nextIndex=122,followerCommit=120,matchIndex=121
2023-03-17 00:26:26,448 DEBUG server.RaftServer$Division (RaftServerImpl.java:logAppendEntries(1430)) - s2@group-6E994AD85659: receive appendEntries(s1, 1, (t:1, i:120), 120, true, commits:[s1:c120, s10:c120, s0:c120, s3:c120, s4:c120, s11:c120, s5:c120, s6:c120, s13:c-1, s7:c120, s12:c120, s8:c120, s9:c-1, s14:c-1, s2:c120], cId:7598, entries: [(t:1, i:121), CONFIGURATIONENTRY(current:id: "s3"
address: "0.0.0.0:36277"
clientAddress: "0.0.0.0:36277"
adminAddress: "0.0.0.0:36277"
startupRole: FOLLOWER
,id: "s4"
address: "0.0.0.0:39523"
clientAddress: "0.0.0.0:39523"
adminAddress: "0.0.0.0:39523"
startupRole: FOLLOWER
,id: "s5"
address: "0.0.0.0:38791"
clientAddress: "0.0.0.0:38791"
adminAddress: "0.0.0.0:38791"
startupRole: FOLLOWER
,id: "s6"
address: "0.0.0.0:34503"
clientAddress: "0.0.0.0:34503"
adminAddress: "0.0.0.0:34503"
startupRole: FOLLOWER
,id: "s7"
address: "0.0.0.0:44573"
clientAddress: "0.0.0.0:44573"
adminAddress: "0.0.0.0:44573"
startupRole: FOLLOWER
,id: "s8"
address: "0.0.0.0:45461"
clientAddress: "0.0.0.0:45461"
adminAddress: "0.0.0.0:45461"
startupRole: FOLLOWER
,id: "s9"
address: "0.0.0.0:42413"
clientAddress: "0.0.0.0:42413"
adminAddress: "0.0.0.0:42413"
startupRole: FOLLOWER
,id: "s11"
address: "0.0.0.0:37111"
clientAddress: "0.0.0.0:37111"
adminAddress: "0.0.0.0:37111"
startupRole: FOLLOWER
,id: "s10"
address: "0.0.0.0:37585"
clientAddress: "0.0.0.0:37585"
adminAddress: "0.0.0.0:37585"
startupRole: FOLLOWER
,id: "s13"
address: "0.0.0.0:39411"
clientAddress: "0.0.0.0:39411"
adminAddress: "0.0.0.0:39411"
startupRole: FOLLOWER
,id: "s12"
address: "0.0.0.0:36717"
clientAddress: "0.0.0.0:36717"
adminAddress: "0.0.0.0:36717"
startupRole: FOLLOWER
,id: "s14"
address: "0.0.0.0:36477"
clientAddress: "0.0.0.0:36477"
adminAddress: "0.0.0.0:36477"
startupRole: FOLLOWER
,id: "s0"
address: "0.0.0.0:43787"
clientAddress: "0.0.0.0:43787"
adminAddress: "0.0.0.0:43787"
startupRole: FOLLOWER
,id: "s1"
address: "0.0.0.0:45531"
clientAddress: "0.0.0.0:45531"
adminAddress: "0.0.0.0:45531"
startupRole: FOLLOWER
,id: "s2"
address: "0.0.0.0:39635"
clientAddress: "0.0.0.0:39635"
adminAddress: "0.0.0.0:39635"
startupRole: FOLLOWER
, old:id: "s10"
address: "0.0.0.0:37585"
clientAddress: "0.0.0.0:37585"
adminAddress: "0.0.0.0:37585"
startupRole: FOLLOWER
,id: "s0"
address: "0.0.0.0:43787"
clientAddress: "0.0.0.0:43787"
adminAddress: "0.0.0.0:43787"
startupRole: FOLLOWER
,id: "s1"
address: "0.0.0.0:45531"
clientAddress: "0.0.0.0:45531"
adminAddress: "0.0.0.0:45531"
startupRole: FOLLOWER
)]
2023-03-17 00:26:26,448 INFO  server.RaftServer$Division (ServerState.java:setRaftConf(378)) - s2@group-6E994AD85659: set configuration 121: peers:[s3|rpc:0.0.0.0:36277|dataStream:|priority:0|startupRole:FOLLOWER, s4|rpc:0.0.0.0:39523|dataStream:|priority:0|startupRole:FOLLOWER, s5|rpc:0.0.0.0:38791|dataStream:|priority:0|startupRole:FOLLOWER, s6|rpc:0.0.0.0:34503|dataStream:|priority:0|startupRole:FOLLOWER, s7|rpc:0.0.0.0:44573|dataStream:|priority:0|startupRole:FOLLOWER, s8|rpc:0.0.0.0:45461|dataStream:|priority:0|startupRole:FOLLOWER, s9|rpc:0.0.0.0:42413|dataStream:|priority:0|startupRole:FOLLOWER, s11|rpc:0.0.0.0:37111|dataStream:|priority:0|startupRole:FOLLOWER, s10|rpc:0.0.0.0:37585|dataStream:|priority:0|startupRole:FOLLOWER, s13|rpc:0.0.0.0:39411|dataStream:|priority:0|startupRole:FOLLOWER, s12|rpc:0.0.0.0:36717|dataStream:|priority:0|startupRole:FOLLOWER, s14|rpc:0.0.0.0:36477|dataStream:|priority:0|startupRole:FOLLOWER, s0|rpc:0.0.0.0:43787|dataStream:|priority:0|startupRole:FOLLOWER, s1|rpc:0.0.0.0:45531|dataStream:|priority:0|startupRole:FOLLOWER, s2|rpc:0.0.0.0:39635|dataStream:|priority:0|startupRole:FOLLOWER]|listeners:[], old=peers:[s10|rpc:0.0.0.0:37585|dataStream:|priority:0|startupRole:FOLLOWER, s0|rpc:0.0.0.0:43787|dataStream:|priority:0|startupRole:FOLLOWER, s1|rpc:0.0.0.0:45531|dataStream:|priority:0|startupRole:FOLLOWER]|listeners:[]
2023-03-17 00:26:26,449 DEBUG server.RaftServer$Division (RaftServerImpl.java:logAppendEntries(1430)) - s7@group-6E994AD85659: succeeded to handle AppendEntries. Reply: s1<-s7#7590:OK-t1,SUCCESS,nextIndex=122,followerCommit=120,matchIndex=121
2023-03-17 00:26:26,445 INFO  server.RaftServer$Division (ServerState.java:setRaftConf(378)) - s10@group-6E994AD85659: set configuration 121: peers:[s3|rpc:0.0.0.0:36277|dataStream:|priority:0|startupRole:FOLLOWER, s4|rpc:0.0.0.0:39523|dataStream:|priority:0|startupRole:FOLLOWER, s5|rpc:0.0.0.0:38791|dataStream:|priority:0|startupRole:FOLLOWER, s6|rpc:0.0.0.0:34503|dataStream:|priority:0|startupRole:FOLLOWER, s7|rpc:0.0.0.0:44573|dataStream:|priority:0|startupRole:FOLLOWER, s8|rpc:0.0.0.0:45461|dataStream:|priority:0|startupRole:FOLLOWER, s9|rpc:0.0.0.0:42413|dataStream:|priority:0|startupRole:FOLLOWER, s11|rpc:0.0.0.0:37111|dataStream:|priority:0|startupRole:FOLLOWER, s10|rpc:0.0.0.0:37585|dataStream:|priority:0|startupRole:FOLLOWER, s13|rpc:0.0.0.0:39411|dataStream:|priority:0|startupRole:FOLLOWER, s12|rpc:0.0.0.0:36717|dataStream:|priority:0|startupRole:FOLLOWER, s14|rpc:0.0.0.0:36477|dataStream:|priority:0|startupRole:FOLLOWER, s0|rpc:0.0.0.0:43787|dataStream:|priority:0|startupRole:FOLLOWER, s1|rpc:0.0.0.0:45531|dataStream:|priority:0|startupRole:FOLLOWER, s2|rpc:0.0.0.0:39635|dataStream:|priority:0|startupRole:FOLLOWER]|listeners:[], old=peers:[s10|rpc:0.0.0.0:37585|dataStream:|priority:0|startupRole:FOLLOWER, s0|rpc:0.0.0.0:43787|dataStream:|priority:0|startupRole:FOLLOWER, s1|rpc:0.0.0.0:45531|dataStream:|priority:0|startupRole:FOLLOWER]|listeners:[]
2023-03-17 00:26:26,449 DEBUG server.RaftServer$Division (RaftServerImpl.java:logAppendEntries(1430)) - s4@group-6E994AD85659: receive appendEntries(s1, 1, (t:1, i:120), 120, true, commits:[s1:c120, s10:c120, s0:c120, s3:c120, s4:c120, s11:c120, s5:c120, s6:c120, s13:c-1, s7:c120, s12:c-1, s8:c120, s9:c-1, s14:c-1, s2:c-1], cId:7596, entries: [(t:1, i:121), CONFIGURATIONENTRY(current:id: "s3"
address: "0.0.0.0:36277"
clientAddress: "0.0.0.0:36277"
adminAddress: "0.0.0.0:36277"
startupRole: FOLLOWER
,id: "s4"
address: "0.0.0.0:39523"
clientAddress: "0.0.0.0:39523"
adminAddress: "0.0.0.0:39523"
startupRole: FOLLOWER
,id: "s5"
address: "0.0.0.0:38791"
clientAddress: "0.0.0.0:38791"
adminAddress: "0.0.0.0:38791"
startupRole: FOLLOWER
,id: "s6"
address: "0.0.0.0:34503"
clientAddress: "0.0.0.0:34503"
adminAddress: "0.0.0.0:34503"
startupRole: FOLLOWER
,id: "s7"
address: "0.0.0.0:44573"
clientAddress: "0.0.0.0:44573"
adminAddress: "0.0.0.0:44573"
startupRole: FOLLOWER
,id: "s8"
address: "0.0.0.0:45461"
clientAddress: "0.0.0.0:45461"
adminAddress: "0.0.0.0:45461"
startupRole: FOLLOWER
,id: "s9"
address: "0.0.0.0:42413"
clientAddress: "0.0.0.0:42413"
adminAddress: "0.0.0.0:42413"
startupRole: FOLLOWER
,id: "s11"
address: "0.0.0.0:37111"
clientAddress: "0.0.0.0:37111"
adminAddress: "0.0.0.0:37111"
startupRole: FOLLOWER
,id: "s10"
address: "0.0.0.0:37585"
clientAddress: "0.0.0.0:37585"
adminAddress: "0.0.0.0:37585"
startupRole: FOLLOWER
,id: "s13"
address: "0.0.0.0:39411"
clientAddress: "0.0.0.0:39411"
adminAddress: "0.0.0.0:39411"
startupRole: FOLLOWER
,id: "s12"
address: "0.0.0.0:36717"
clientAddress: "0.0.0.0:36717"
adminAddress: "0.0.0.0:36717"
startupRole: FOLLOWER
,id: "s14"
address: "0.0.0.0:36477"
clientAddress: "0.0.0.0:36477"
adminAddress: "0.0.0.0:36477"
startupRole: FOLLOWER
,id: "s0"
address: "0.0.0.0:43787"
clientAddress: "0.0.0.0:43787"
adminAddress: "0.0.0.0:43787"
startupRole: FOLLOWER
,id: "s1"
address: "0.0.0.0:45531"
clientAddress: "0.0.0.0:45531"
adminAddress: "0.0.0.0:45531"
startupRole: FOLLOWER
,id: "s2"
address: "0.0.0.0:39635"
clientAddress: "0.0.0.0:39635"
adminAddress: "0.0.0.0:39635"
startupRole: FOLLOWER
, old:id: "s10"
address: "0.0.0.0:37585"
clientAddress: "0.0.0.0:37585"
adminAddress: "0.0.0.0:37585"
startupRole: FOLLOWER
,id: "s0"
address: "0.0.0.0:43787"
clientAddress: "0.0.0.0:43787"
adminAddress: "0.0.0.0:43787"
startupRole: FOLLOWER
,id: "s1"
address: "0.0.0.0:45531"
clientAddress: "0.0.0.0:45531"
adminAddress: "0.0.0.0:45531"
startupRole: FOLLOWER
)]
2023-03-17 00:26:26,449 INFO  server.RaftServer$Division (ServerState.java:setRaftConf(378)) - s4@group-6E994AD85659: set configuration 121: peers:[s3|rpc:0.0.0.0:36277|dataStream:|priority:0|startupRole:FOLLOWER, s4|rpc:0.0.0.0:39523|dataStream:|priority:0|startupRole:FOLLOWER, s5|rpc:0.0.0.0:38791|dataStream:|priority:0|startupRole:FOLLOWER, s6|rpc:0.0.0.0:34503|dataStream:|priority:0|startupRole:FOLLOWER, s7|rpc:0.0.0.0:44573|dataStream:|priority:0|startupRole:FOLLOWER, s8|rpc:0.0.0.0:45461|dataStream:|priority:0|startupRole:FOLLOWER, s9|rpc:0.0.0.0:42413|dataStream:|priority:0|startupRole:FOLLOWER, s11|rpc:0.0.0.0:37111|dataStream:|priority:0|startupRole:FOLLOWER, s10|rpc:0.0.0.0:37585|dataStream:|priority:0|startupRole:FOLLOWER, s13|rpc:0.0.0.0:39411|dataStream:|priority:0|startupRole:FOLLOWER, s12|rpc:0.0.0.0:36717|dataStream:|priority:0|startupRole:FOLLOWER, s14|rpc:0.0.0.0:36477|dataStream:|priority:0|startupRole:FOLLOWER, s0|rpc:0.0.0.0:43787|dataStream:|priority:0|startupRole:FOLLOWER, s1|rpc:0.0.0.0:45531|dataStream:|priority:0|startupRole:FOLLOWER, s2|rpc:0.0.0.0:39635|dataStream:|priority:0|startupRole:FOLLOWER]|listeners:[], old=peers:[s10|rpc:0.0.0.0:37585|dataStream:|priority:0|startupRole:FOLLOWER, s0|rpc:0.0.0.0:43787|dataStream:|priority:0|startupRole:FOLLOWER, s1|rpc:0.0.0.0:45531|dataStream:|priority:0|startupRole:FOLLOWER]|listeners:[]
2023-03-17 00:26:26,448 DEBUG server.RaftServer$Division (RaftServerImpl.java:logAppendEntries(1430)) - s14@group-6E994AD85659: succeeded to handle AppendEntries. Reply: s1<-s14#7599:OK-t1,SUCCESS,nextIndex=122,followerCommit=120,matchIndex=121
2023-03-17 00:26:26,450 DEBUG server.RaftServer$Division (RaftServerImpl.java:logAppendEntries(1430)) - s10@group-6E994AD85659: succeeded to handle AppendEntries. Reply: s1<-s10#7592:OK-t1,SUCCESS,nextIndex=122,followerCommit=120,matchIndex=121
2023-03-17 00:26:26,450 DEBUG server.RaftServer$Division (RaftServerImpl.java:logAppendEntries(1430)) - s2@group-6E994AD85659: succeeded to handle AppendEntries. Reply: s1<-s2#7598:OK-t1,SUCCESS,nextIndex=122,followerCommit=120,matchIndex=121
2023-03-17 00:26:26,451 INFO  segmented.SegmentedRaftLogWorker (SegmentedRaftLogWorker.java:execute(630)) - s9@group-6E994AD85659-SegmentedRaftLogWorker: created new log segment /home/runner/work/ratis/ratis/ratis-examples/target/test/data/9a3b15da/MiniRaftClusterWithNettyce94e709/s9/a909ca09-e6ce-4d78-8d38-6e994ad85659/current/log_inprogress_0
2023-03-17 00:26:26,451 DEBUG server.RaftServer$Division (RaftServerImpl.java:logAppendEntries(1430)) - s4@group-6E994AD85659: succeeded to handle AppendEntries. Reply: s1<-s4#7596:OK-t1,SUCCESS,nextIndex=122,followerCommit=120,matchIndex=121
2023-03-17 00:26:26,452 INFO  server.RaftServer$Division (ServerState.java:setRaftConf(378)) - s1@group-6E994AD85659: set configuration 123: peers:[s3|rpc:0.0.0.0:36277|dataStream:|priority:0|startupRole:FOLLOWER, s4|rpc:0.0.0.0:39523|dataStream:|priority:0|startupRole:FOLLOWER, s5|rpc:0.0.0.0:38791|dataStream:|priority:0|startupRole:FOLLOWER, s6|rpc:0.0.0.0:34503|dataStream:|priority:0|startupRole:FOLLOWER, s7|rpc:0.0.0.0:44573|dataStream:|priority:0|startupRole:FOLLOWER, s8|rpc:0.0.0.0:45461|dataStream:|priority:0|startupRole:FOLLOWER, s9|rpc:0.0.0.0:42413|dataStream:|priority:0|startupRole:FOLLOWER, s11|rpc:0.0.0.0:37111|dataStream:|priority:0|startupRole:FOLLOWER, s10|rpc:0.0.0.0:37585|dataStream:|priority:0|startupRole:FOLLOWER, s13|rpc:0.0.0.0:39411|dataStream:|priority:0|startupRole:FOLLOWER, s12|rpc:0.0.0.0:36717|dataStream:|priority:0|startupRole:FOLLOWER, s14|rpc:0.0.0.0:36477|dataStream:|priority:0|startupRole:FOLLOWER, s0|rpc:0.0.0.0:43787|dataStream:|priority:0|startupRole:FOLLOWER, s1|rpc:0.0.0.0:45531|dataStream:|priority:0|startupRole:FOLLOWER, s2|rpc:0.0.0.0:39635|dataStream:|priority:0|startupRole:FOLLOWER]|listeners:[], old=null
2023-03-17 00:26:26,452 DEBUG server.RaftServer$Division (RaftServerImpl.java:logAppendEntries(1430)) - s8@group-6E994AD85659: receive appendEntries(s1, 1, (t:1, i:121), 121, true, commits:[s1:c121, s10:c120, s0:c120, s3:c120, s4:c120, s11:c120, s5:c120, s6:c120, s13:c-1, s7:c120, s12:c120, s8:c120, s9:c-1, s14:c120, s2:c120], cId:7600, entries: [(t:1, i:122), METADATAENTRY(c:121)]
2023-03-17 00:26:26,453 DEBUG server.RaftServer$Division (RaftServerImpl.java:logAppendEntries(1430)) - s11@group-6E994AD85659: receive appendEntries(s1, 1, (t:1, i:121), 121, true, commits:[s1:c121, s10:c120, s0:c120, s3:c120, s4:c120, s11:c120, s5:c120, s6:c120, s13:c-1, s7:c120, s12:c120, s8:c120, s9:c-1, s14:c120, s2:c120], cId:7602, entries: [(t:1, i:122), METADATAENTRY(c:121)]
2023-03-17 00:26:26,453 DEBUG server.RaftServer$Division (RaftServerImpl.java:logAppendEntries(1430)) - s8@group-6E994AD85659: succeeded to handle AppendEntries. Reply: s1<-s8#7600:OK-t1,SUCCESS,nextIndex=123,followerCommit=121,matchIndex=122
2023-03-17 00:26:26,453 DEBUG server.RaftServer$Division (RaftServerImpl.java:logAppendEntries(1430)) - s11@group-6E994AD85659: succeeded to handle AppendEntries. Reply: s1<-s11#7602:OK-t1,SUCCESS,nextIndex=123,followerCommit=121,matchIndex=122
2023-03-17 00:26:26,454 DEBUG server.RaftServer$Division (RaftServerImpl.java:logAppendEntries(1430)) - s5@group-6E994AD85659: receive appendEntries(s1, 1, (t:1, i:121), 121, true, commits:[s1:c121, s10:c120, s0:c120, s3:c120, s4:c120, s11:c120, s5:c120, s6:c120, s13:c-1, s7:c120, s12:c120, s8:c120, s9:c-1, s14:c120, s2:c120], cId:7601, entries: [(t:1, i:122), METADATAENTRY(c:121)]
2023-03-17 00:26:26,454 DEBUG server.RaftServer$Division (RaftServerImpl.java:logAppendEntries(1430)) - s6@group-6E994AD85659: receive appendEntries(s1, 1, (t:1, i:121), 121, true, commits:[s1:c121, s10:c120, s0:c120, s3:c120, s4:c120, s11:c120, s5:c120, s6:c120, s13:c-1, s7:c120, s12:c120, s8:c120, s9:c-1, s14:c120, s2:c120], cId:7606, entries: [(t:1, i:122), METADATAENTRY(c:121)]
2023-03-17 00:26:26,454 DEBUG server.RaftServer$Division (RaftServerImpl.java:logAppendEntries(1430)) - s7@group-6E994AD85659: receive appendEntries(s1, 1, (t:1, i:121), 121, true, commits:[s1:c121, s10:c120, s0:c120, s3:c120, s4:c120, s11:c120, s5:c120, s6:c120, s13:c-1, s7:c120, s12:c120, s8:c120, s9:c-1, s14:c120, s2:c120], cId:7603, entries: [(t:1, i:122), METADATAENTRY(c:121)]
2023-03-17 00:26:26,455 DEBUG server.RaftServer$Division (RaftServerImpl.java:logAppendEntries(1430)) - s6@group-6E994AD85659: succeeded to handle AppendEntries. Reply: s1<-s6#7606:OK-t1,SUCCESS,nextIndex=123,followerCommit=121,matchIndex=122
2023-03-17 00:26:26,455 DEBUG server.RaftServer$Division (RaftServerImpl.java:logAppendEntries(1430)) - s4@group-6E994AD85659: receive appendEntries(s1, 1, (t:1, i:121), 121, true, commits:[s1:c121, s10:c120, s0:c120, s3:c120, s4:c120, s11:c120, s5:c120, s6:c120, s13:c-1, s7:c120, s12:c120, s8:c120, s9:c-1, s14:c120, s2:c120], cId:7608, entries: [(t:1, i:122), METADATAENTRY(c:121), (t:1, i:123), CONFIGURATIONENTRY(current:id: "s3"
address: "0.0.0.0:36277"
clientAddress: "0.0.0.0:36277"
adminAddress: "0.0.0.0:36277"
startupRole: FOLLOWER
,id: "s4"
address: "0.0.0.0:39523"
clientAddress: "0.0.0.0:39523"
adminAddress: "0.0.0.0:39523"
startupRole: FOLLOWER
,id: "s5"
address: "0.0.0.0:38791"
clientAddress: "0.0.0.0:38791"
adminAddress: "0.0.0.0:38791"
startupRole: FOLLOWER
,id: "s6"
address: "0.0.0.0:34503"
clientAddress: "0.0.0.0:34503"
adminAddress: "0.0.0.0:34503"
startupRole: FOLLOWER
,id: "s7"
address: "0.0.0.0:44573"
clientAddress: "0.0.0.0:44573"
adminAddress: "0.0.0.0:44573"
startupRole: FOLLOWER
,id: "s8"
address: "0.0.0.0:45461"
clientAddress: "0.0.0.0:45461"
adminAddress: "0.0.0.0:45461"
startupRole: FOLLOWER
,id: "s9"
address: "0.0.0.0:42413"
clientAddress: "0.0.0.0:42413"
adminAddress: "0.0.0.0:42413"
startupRole: FOLLOWER
,id: "s11"
address: "0.0.0.0:37111"
clientAddress: "0.0.0.0:37111"
adminAddress: "0.0.0.0:37111"
startupRole: FOLLOWER
,id: "s10"
address: "0.0.0.0:37585"
clientAddress: "0.0.0.0:37585"
adminAddress: "0.0.0.0:37585"
startupRole: FOLLOWER
,id: "s13"
address: "0.0.0.0:39411"
clientAddress: "0.0.0.0:39411"
adminAddress: "0.0.0.0:39411"
startupRole: FOLLOWER
,id: "s12"
address: "0.0.0.0:36717"
clientAddress: "0.0.0.0:36717"
adminAddress: "0.0.0.0:36717"
startupRole: FOLLOWER
,id: "s14"
address: "0.0.0.0:36477"
clientAddress: "0.0.0.0:36477"
adminAddress: "0.0.0.0:36477"
startupRole: FOLLOWER
,id: "s0"
address: "0.0.0.0:43787"
clientAddress: "0.0.0.0:43787"
adminAddress: "0.0.0.0:43787"
startupRole: FOLLOWER
,id: "s1"
address: "0.0.0.0:45531"
clientAddress: "0.0.0.0:45531"
adminAddress: "0.0.0.0:45531"
startupRole: FOLLOWER
,id: "s2"
address: "0.0.0.0:39635"
clientAddress: "0.0.0.0:39635"
adminAddress: "0.0.0.0:39635"
startupRole: FOLLOWER
, old:)]
2023-03-17 00:26:26,455 INFO  server.RaftServer$Division (ServerState.java:setRaftConf(378)) - s4@group-6E994AD85659: set configuration 123: peers:[s3|rpc:0.0.0.0:36277|dataStream:|priority:0|startupRole:FOLLOWER, s4|rpc:0.0.0.0:39523|dataStream:|priority:0|startupRole:FOLLOWER, s5|rpc:0.0.0.0:38791|dataStream:|priority:0|startupRole:FOLLOWER, s6|rpc:0.0.0.0:34503|dataStream:|priority:0|startupRole:FOLLOWER, s7|rpc:0.0.0.0:44573|dataStream:|priority:0|startupRole:FOLLOWER, s8|rpc:0.0.0.0:45461|dataStream:|priority:0|startupRole:FOLLOWER, s9|rpc:0.0.0.0:42413|dataStream:|priority:0|startupRole:FOLLOWER, s11|rpc:0.0.0.0:37111|dataStream:|priority:0|startupRole:FOLLOWER, s10|rpc:0.0.0.0:37585|dataStream:|priority:0|startupRole:FOLLOWER, s13|rpc:0.0.0.0:39411|dataStream:|priority:0|startupRole:FOLLOWER, s12|rpc:0.0.0.0:36717|dataStream:|priority:0|startupRole:FOLLOWER, s14|rpc:0.0.0.0:36477|dataStream:|priority:0|startupRole:FOLLOWER, s0|rpc:0.0.0.0:43787|dataStream:|priority:0|startupRole:FOLLOWER, s1|rpc:0.0.0.0:45531|dataStream:|priority:0|startupRole:FOLLOWER, s2|rpc:0.0.0.0:39635|dataStream:|priority:0|startupRole:FOLLOWER]|listeners:[], old=null
2023-03-17 00:26:26,456 DEBUG server.RaftServer$Division (RaftServerImpl.java:logAppendEntries(1430)) - s7@group-6E994AD85659: succeeded to handle AppendEntries. Reply: s1<-s7#7603:OK-t1,SUCCESS,nextIndex=123,followerCommit=121,matchIndex=122
2023-03-17 00:26:26,456 DEBUG server.RaftServer$Division (RaftServerImpl.java:logAppendEntries(1430)) - s0@group-6E994AD85659: receive appendEntries(s1, 1, (t:1, i:121), 121, true, commits:[s1:c121, s10:c120, s0:c120, s3:c120, s4:c120, s11:c120, s5:c120, s6:c120, s13:c-1, s7:c120, s12:c120, s8:c120, s9:c-1, s14:c120, s2:c120], cId:7607, entries: [(t:1, i:122), METADATAENTRY(c:121), (t:1, i:123), CONFIGURATIONENTRY(current:id: "s3"
address: "0.0.0.0:36277"
clientAddress: "0.0.0.0:36277"
adminAddress: "0.0.0.0:36277"
startupRole: FOLLOWER
,id: "s4"
address: "0.0.0.0:39523"
clientAddress: "0.0.0.0:39523"
adminAddress: "0.0.0.0:39523"
startupRole: FOLLOWER
,id: "s5"
address: "0.0.0.0:38791"
clientAddress: "0.0.0.0:38791"
adminAddress: "0.0.0.0:38791"
startupRole: FOLLOWER
,id: "s6"
address: "0.0.0.0:34503"
clientAddress: "0.0.0.0:34503"
adminAddress: "0.0.0.0:34503"
startupRole: FOLLOWER
,id: "s7"
address: "0.0.0.0:44573"
clientAddress: "0.0.0.0:44573"
adminAddress: "0.0.0.0:44573"
startupRole: FOLLOWER
,id: "s8"
address: "0.0.0.0:45461"
clientAddress: "0.0.0.0:45461"
adminAddress: "0.0.0.0:45461"
startupRole: FOLLOWER
,id: "s9"
address: "0.0.0.0:42413"
clientAddress: "0.0.0.0:42413"
adminAddress: "0.0.0.0:42413"
startupRole: FOLLOWER
,id: "s11"
address: "0.0.0.0:37111"
clientAddress: "0.0.0.0:37111"
adminAddress: "0.0.0.0:37111"
startupRole: FOLLOWER
,id: "s10"
address: "0.0.0.0:37585"
clientAddress: "0.0.0.0:37585"
adminAddress: "0.0.0.0:37585"
startupRole: FOLLOWER
,id: "s13"
address: "0.0.0.0:39411"
clientAddress: "0.0.0.0:39411"
adminAddress: "0.0.0.0:39411"
startupRole: FOLLOWER
,id: "s12"
address: "0.0.0.0:36717"
clientAddress: "0.0.0.0:36717"
adminAddress: "0.0.0.0:36717"
startupRole: FOLLOWER
,id: "s14"
address: "0.0.0.0:36477"
clientAddress: "0.0.0.0:36477"
adminAddress: "0.0.0.0:36477"
startupRole: FOLLOWER
,id: "s0"
address: "0.0.0.0:43787"
clientAddress: "0.0.0.0:43787"
adminAddress: "0.0.0.0:43787"
startupRole: FOLLOWER
,id: "s1"
address: "0.0.0.0:45531"
clientAddress: "0.0.0.0:45531"
adminAddress: "0.0.0.0:45531"
startupRole: FOLLOWER
,id: "s2"
address: "0.0.0.0:39635"
clientAddress: "0.0.0.0:39635"
adminAddress: "0.0.0.0:39635"
startupRole: FOLLOWER
, old:)]
2023-03-17 00:26:26,456 INFO  server.RaftServer$Division (ServerState.java:setRaftConf(378)) - s0@group-6E994AD85659: set configuration 123: peers:[s3|rpc:0.0.0.0:36277|dataStream:|priority:0|startupRole:FOLLOWER, s4|rpc:0.0.0.0:39523|dataStream:|priority:0|startupRole:FOLLOWER, s5|rpc:0.0.0.0:38791|dataStream:|priority:0|startupRole:FOLLOWER, s6|rpc:0.0.0.0:34503|dataStream:|priority:0|startupRole:FOLLOWER, s7|rpc:0.0.0.0:44573|dataStream:|priority:0|startupRole:FOLLOWER, s8|rpc:0.0.0.0:45461|dataStream:|priority:0|startupRole:FOLLOWER, s9|rpc:0.0.0.0:42413|dataStream:|priority:0|startupRole:FOLLOWER, s11|rpc:0.0.0.0:37111|dataStream:|priority:0|startupRole:FOLLOWER, s10|rpc:0.0.0.0:37585|dataStream:|priority:0|startupRole:FOLLOWER, s13|rpc:0.0.0.0:39411|dataStream:|priority:0|startupRole:FOLLOWER, s12|rpc:0.0.0.0:36717|dataStream:|priority:0|startupRole:FOLLOWER, s14|rpc:0.0.0.0:36477|dataStream:|priority:0|startupRole:FOLLOWER, s0|rpc:0.0.0.0:43787|dataStream:|priority:0|startupRole:FOLLOWER, s1|rpc:0.0.0.0:45531|dataStream:|priority:0|startupRole:FOLLOWER, s2|rpc:0.0.0.0:39635|dataStream:|priority:0|startupRole:FOLLOWER]|listeners:[], old=null
2023-03-17 00:26:26,457 DEBUG server.RaftServer$Division (RaftServerImpl.java:logAppendEntries(1430)) - s0@group-6E994AD85659: succeeded to handle AppendEntries. Reply: s1<-s0#7607:OK-t1,SUCCESS,nextIndex=124,followerCommit=121,matchIndex=123
2023-03-17 00:26:26,457 DEBUG server.RaftServer$Division (RaftServerImpl.java:logAppendEntries(1430)) - s4@group-6E994AD85659: succeeded to handle AppendEntries. Reply: s1<-s4#7608:OK-t1,SUCCESS,nextIndex=124,followerCommit=121,matchIndex=123
2023-03-17 00:26:26,458 DEBUG server.RaftServer$Division (RaftServerImpl.java:logAppendEntries(1430)) - s9@group-6E994AD85659: succeeded to handle AppendEntries. Reply: s1<-s9#7582:OK-t1,SUCCESS,nextIndex=121,followerCommit=120,matchIndex=120
2023-03-17 00:26:26,460 DEBUG server.RaftServer$Division (RaftServerImpl.java:logAppendEntries(1430)) - s2@group-6E994AD85659: receive appendEntries(s1, 1, (t:1, i:121), 121, true, commits:[s1:c121, s10:c120, s0:c120, s3:c120, s4:c121, s11:c120, s5:c120, s6:c121, s13:c-1, s7:c121, s12:c120, s8:c121, s9:c-1, s14:c120, s2:c120], cId:7613, entries: [(t:1, i:122), METADATAENTRY(c:121), (t:1, i:123), CONFIGURATIONENTRY(current:id: "s3"
address: "0.0.0.0:36277"
clientAddress: "0.0.0.0:36277"
adminAddress: "0.0.0.0:36277"
startupRole: FOLLOWER
,id: "s4"
address: "0.0.0.0:39523"
clientAddress: "0.0.0.0:39523"
adminAddress: "0.0.0.0:39523"
startupRole: FOLLOWER
,id: "s5"
address: "0.0.0.0:38791"
clientAddress: "0.0.0.0:38791"
adminAddress: "0.0.0.0:38791"
startupRole: FOLLOWER
,id: "s6"
address: "0.0.0.0:34503"
clientAddress: "0.0.0.0:34503"
adminAddress: "0.0.0.0:34503"
startupRole: FOLLOWER
,id: "s7"
address: "0.0.0.0:44573"
clientAddress: "0.0.0.0:44573"
adminAddress: "0.0.0.0:44573"
startupRole: FOLLOWER
,id: "s8"
address: "0.0.0.0:45461"
clientAddress: "0.0.0.0:45461"
adminAddress: "0.0.0.0:45461"
startupRole: FOLLOWER
,id: "s9"
address: "0.0.0.0:42413"
clientAddress: "0.0.0.0:42413"
adminAddress: "0.0.0.0:42413"
startupRole: FOLLOWER
,id: "s11"
address: "0.0.0.0:37111"
clientAddress: "0.0.0.0:37111"
adminAddress: "0.0.0.0:37111"
startupRole: FOLLOWER
,id: "s10"
address: "0.0.0.0:37585"
clientAddress: "0.0.0.0:37585"
adminAddress: "0.0.0.0:37585"
startupRole: FOLLOWER
,id: "s13"
address: "0.0.0.0:39411"
clientAddress: "0.0.0.0:39411"
adminAddress: "0.0.0.0:39411"
startupRole: FOLLOWER
,id: "s12"
address: "0.0.0.0:36717"
clientAddress: "0.0.0.0:36717"
adminAddress: "0.0.0.0:36717"
startupRole: FOLLOWER
,id: "s14"
address: "0.0.0.0:36477"
clientAddress: "0.0.0.0:36477"
adminAddress: "0.0.0.0:36477"
startupRole: FOLLOWER
,id: "s0"
address: "0.0.0.0:43787"
clientAddress: "0.0.0.0:43787"
adminAddress: "0.0.0.0:43787"
startupRole: FOLLOWER
,id: "s1"
address: "0.0.0.0:45531"
clientAddress: "0.0.0.0:45531"
adminAddress: "0.0.0.0:45531"
startupRole: FOLLOWER
,id: "s2"
address: "0.0.0.0:39635"
clientAddress: "0.0.0.0:39635"
adminAddress: "0.0.0.0:39635"
startupRole: FOLLOWER
, old:)]
2023-03-17 00:26:26,460 INFO  server.RaftServer$Division (ServerState.java:setRaftConf(378)) - s2@group-6E994AD85659: set configuration 123: peers:[s3|rpc:0.0.0.0:36277|dataStream:|priority:0|startupRole:FOLLOWER, s4|rpc:0.0.0.0:39523|dataStream:|priority:0|startupRole:FOLLOWER, s5|rpc:0.0.0.0:38791|dataStream:|priority:0|startupRole:FOLLOWER, s6|rpc:0.0.0.0:34503|dataStream:|priority:0|startupRole:FOLLOWER, s7|rpc:0.0.0.0:44573|dataStream:|priority:0|startupRole:FOLLOWER, s8|rpc:0.0.0.0:45461|dataStream:|priority:0|startupRole:FOLLOWER, s9|rpc:0.0.0.0:42413|dataStream:|priority:0|startupRole:FOLLOWER, s11|rpc:0.0.0.0:37111|dataStream:|priority:0|startupRole:FOLLOWER, s10|rpc:0.0.0.0:37585|dataStream:|priority:0|startupRole:FOLLOWER, s13|rpc:0.0.0.0:39411|dataStream:|priority:0|startupRole:FOLLOWER, s12|rpc:0.0.0.0:36717|dataStream:|priority:0|startupRole:FOLLOWER, s14|rpc:0.0.0.0:36477|dataStream:|priority:0|startupRole:FOLLOWER, s0|rpc:0.0.0.0:43787|dataStream:|priority:0|startupRole:FOLLOWER, s1|rpc:0.0.0.0:45531|dataStream:|priority:0|startupRole:FOLLOWER, s2|rpc:0.0.0.0:39635|dataStream:|priority:0|startupRole:FOLLOWER]|listeners:[], old=null
2023-03-17 00:26:26,461 DEBUG server.RaftServer$Division (RaftServerImpl.java:logAppendEntries(1430)) - s9@group-6E994AD85659: receive appendEntries(s1, 1, (t:1, i:120), 121, true, commits:[s1:c121, s10:c120, s0:c120, s3:c120, s4:c121, s11:c121, s5:c120, s6:c121, s13:c-1, s7:c121, s12:c120, s8:c121, s9:c120, s14:c120, s2:c120], cId:7615, entries: [(t:1, i:121), CONFIGURATIONENTRY(current:id: "s3"
address: "0.0.0.0:36277"
clientAddress: "0.0.0.0:36277"
adminAddress: "0.0.0.0:36277"
startupRole: FOLLOWER
,id: "s4"
address: "0.0.0.0:39523"
clientAddress: "0.0.0.0:39523"
adminAddress: "0.0.0.0:39523"
startupRole: FOLLOWER
,id: "s5"
address: "0.0.0.0:38791"
clientAddress: "0.0.0.0:38791"
adminAddress: "0.0.0.0:38791"
startupRole: FOLLOWER
,id: "s6"
address: "0.0.0.0:34503"
clientAddress: "0.0.0.0:34503"
adminAddress: "0.0.0.0:34503"
startupRole: FOLLOWER
,id: "s7"
address: "0.0.0.0:44573"
clientAddress: "0.0.0.0:44573"
adminAddress: "0.0.0.0:44573"
startupRole: FOLLOWER
,id: "s8"
address: "0.0.0.0:45461"
clientAddress: "0.0.0.0:45461"
adminAddress: "0.0.0.0:45461"
startupRole: FOLLOWER
,id: "s9"
address: "0.0.0.0:42413"
clientAddress: "0.0.0.0:42413"
adminAddress: "0.0.0.0:42413"
startupRole: FOLLOWER
,id: "s11"
address: "0.0.0.0:37111"
clientAddress: "0.0.0.0:37111"
adminAddress: "0.0.0.0:37111"
startupRole: FOLLOWER
,id: "s10"
address: "0.0.0.0:37585"
clientAddress: "0.0.0.0:37585"
adminAddress: "0.0.0.0:37585"
startupRole: FOLLOWER
,id: "s13"
address: "0.0.0.0:39411"
clientAddress: "0.0.0.0:39411"
adminAddress: "0.0.0.0:39411"
startupRole: FOLLOWER
,id: "s12"
address: "0.0.0.0:36717"
clientAddress: "0.0.0.0:36717"
adminAddress: "0.0.0.0:36717"
startupRole: FOLLOWER
,id: "s14"
address: "0.0.0.0:36477"
clientAddress: "0.0.0.0:36477"
adminAddress: "0.0.0.0:36477"
startupRole: FOLLOWER
,id: "s0"
address: "0.0.0.0:43787"
clientAddress: "0.0.0.0:43787"
adminAddress: "0.0.0.0:43787"
startupRole: FOLLOWER
,id: "s1"
address: "0.0.0.0:45531"
clientAddress: "0.0.0.0:45531"
adminAddress: "0.0.0.0:45531"
startupRole: FOLLOWER
,id: "s2"
address: "0.0.0.0:39635"
clientAddress: "0.0.0.0:39635"
adminAddress: "0.0.0.0:39635"
startupRole: FOLLOWER
, old:id: "s10"
address: "0.0.0.0:37585"
clientAddress: "0.0.0.0:37585"
adminAddress: "0.0.0.0:37585"
startupRole: FOLLOWER
,id: "s0"
address: "0.0.0.0:43787"
clientAddress: "0.0.0.0:43787"
adminAddress: "0.0.0.0:43787"
startupRole: FOLLOWER
,id: "s1"
address: "0.0.0.0:45531"
clientAddress: "0.0.0.0:45531"
adminAddress: "0.0.0.0:45531"
startupRole: FOLLOWER
), (t:1, i:122), METADATAENTRY(c:121), (t:1, i:123), CONFIGURATIONENTRY(current:id: "s3"
address: "0.0.0.0:36277"
clientAddress: "0.0.0.0:36277"
adminAddress: "0.0.0.0:36277"
startupRole: FOLLOWER
,id: "s4"
address: "0.0.0.0:39523"
clientAddress: "0.0.0.0:39523"
adminAddress: "0.0.0.0:39523"
startupRole: FOLLOWER
,id: "s5"
address: "0.0.0.0:38791"
clientAddress: "0.0.0.0:38791"
adminAddress: "0.0.0.0:38791"
startupRole: FOLLOWER
,id: "s6"
address: "0.0.0.0:34503"
clientAddress: "0.0.0.0:34503"
adminAddress: "0.0.0.0:34503"
startupRole: FOLLOWER
,id: "s7"
address: "0.0.0.0:44573"
clientAddress: "0.0.0.0:44573"
adminAddress: "0.0.0.0:44573"
startupRole: FOLLOWER
,id: "s8"
address: "0.0.0.0:45461"
clientAddress: "0.0.0.0:45461"
adminAddress: "0.0.0.0:45461"
startupRole: FOLLOWER
,id: "s9"
address: "0.0.0.0:42413"
clientAddress: "0.0.0.0:42413"
adminAddress: "0.0.0.0:42413"
startupRole: FOLLOWER
,id: "s11"
address: "0.0.0.0:37111"
clientAddress: "0.0.0.0:37111"
adminAddress: "0.0.0.0:37111"
startupRole: FOLLOWER
,id: "s10"
address: "0.0.0.0:37585"
clientAddress: "0.0.0.0:37585"
adminAddress: "0.0.0.0:37585"
startupRole: FOLLOWER
,id: "s13"
address: "0.0.0.0:39411"
clientAddress: "0.0.0.0:39411"
adminAddress: "0.0.0.0:39411"
startupRole: FOLLOWER
,id: "s12"
address: "0.0.0.0:36717"
clientAddress: "0.0.0.0:36717"
adminAddress: "0.0.0.0:36717"
startupRole: FOLLOWER
,id: "s14"
address: "0.0.0.0:36477"
clientAddress: "0.0.0.0:36477"
adminAddress: "0.0.0.0:36477"
startupRole: FOLLOWER
,id: "s0"
address: "0.0.0.0:43787"
clientAddress: "0.0.0.0:43787"
adminAddress: "0.0.0.0:43787"
startupRole: FOLLOWER
,id: "s1"
address: "0.0.0.0:45531"
clientAddress: "0.0.0.0:45531"
adminAddress: "0.0.0.0:45531"
startupRole: FOLLOWER
,id: "s2"
address: "0.0.0.0:39635"
clientAddress: "0.0.0.0:39635"
adminAddress: "0.0.0.0:39635"
startupRole: FOLLOWER
, old:)]
2023-03-17 00:26:26,461 DEBUG server.RaftServer$Division (RaftServerImpl.java:logAppendEntries(1430)) - s6@group-6E994AD85659: receive appendEntries(s1, 1, (t:1, i:122), 121, true, commits:[s1:c121, s10:c120, s0:c120, s3:c120, s4:c121, s11:c120, s5:c120, s6:c121, s13:c-1, s7:c121, s12:c120, s8:c121, s9:c-1, s14:c120, s2:c120], cId:7612, entries: [(t:1, i:123), CONFIGURATIONENTRY(current:id: "s3"
address: "0.0.0.0:36277"
clientAddress: "0.0.0.0:36277"
adminAddress: "0.0.0.0:36277"
startupRole: FOLLOWER
,id: "s4"
address: "0.0.0.0:39523"
clientAddress: "0.0.0.0:39523"
adminAddress: "0.0.0.0:39523"
startupRole: FOLLOWER
,id: "s5"
address: "0.0.0.0:38791"
clientAddress: "0.0.0.0:38791"
adminAddress: "0.0.0.0:38791"
startupRole: FOLLOWER
,id: "s6"
address: "0.0.0.0:34503"
clientAddress: "0.0.0.0:34503"
adminAddress: "0.0.0.0:34503"
startupRole: FOLLOWER
,id: "s7"
address: "0.0.0.0:44573"
clientAddress: "0.0.0.0:44573"
adminAddress: "0.0.0.0:44573"
startupRole: FOLLOWER
,id: "s8"
address: "0.0.0.0:45461"
clientAddress: "0.0.0.0:45461"
adminAddress: "0.0.0.0:45461"
startupRole: FOLLOWER
,id: "s9"
address: "0.0.0.0:42413"
clientAddress: "0.0.0.0:42413"
adminAddress: "0.0.0.0:42413"
startupRole: FOLLOWER
,id: "s11"
address: "0.0.0.0:37111"
clientAddress: "0.0.0.0:37111"
adminAddress: "0.0.0.0:37111"
startupRole: FOLLOWER
,id: "s10"
address: "0.0.0.0:37585"
clientAddress: "0.0.0.0:37585"
adminAddress: "0.0.0.0:37585"
startupRole: FOLLOWER
,id: "s13"
address: "0.0.0.0:39411"
clientAddress: "0.0.0.0:39411"
adminAddress: "0.0.0.0:39411"
startupRole: FOLLOWER
,id: "s12"
address: "0.0.0.0:36717"
clientAddress: "0.0.0.0:36717"
adminAddress: "0.0.0.0:36717"
startupRole: FOLLOWER
,id: "s14"
address: "0.0.0.0:36477"
clientAddress: "0.0.0.0:36477"
adminAddress: "0.0.0.0:36477"
startupRole: FOLLOWER
,id: "s0"
address: "0.0.0.0:43787"
clientAddress: "0.0.0.0:43787"
adminAddress: "0.0.0.0:43787"
startupRole: FOLLOWER
,id: "s1"
address: "0.0.0.0:45531"
clientAddress: "0.0.0.0:45531"
adminAddress: "0.0.0.0:45531"
startupRole: FOLLOWER
,id: "s2"
address: "0.0.0.0:39635"
clientAddress: "0.0.0.0:39635"
adminAddress: "0.0.0.0:39635"
startupRole: FOLLOWER
, old:)]
2023-03-17 00:26:26,461 INFO  server.RaftServer$Division (ServerState.java:setRaftConf(378)) - s6@group-6E994AD85659: set configuration 123: peers:[s3|rpc:0.0.0.0:36277|dataStream:|priority:0|startupRole:FOLLOWER, s4|rpc:0.0.0.0:39523|dataStream:|priority:0|startupRole:FOLLOWER, s5|rpc:0.0.0.0:38791|dataStream:|priority:0|startupRole:FOLLOWER, s6|rpc:0.0.0.0:34503|dataStream:|priority:0|startupRole:FOLLOWER, s7|rpc:0.0.0.0:44573|dataStream:|priority:0|startupRole:FOLLOWER, s8|rpc:0.0.0.0:45461|dataStream:|priority:0|startupRole:FOLLOWER, s9|rpc:0.0.0.0:42413|dataStream:|priority:0|startupRole:FOLLOWER, s11|rpc:0.0.0.0:37111|dataStream:|priority:0|startupRole:FOLLOWER, s10|rpc:0.0.0.0:37585|dataStream:|priority:0|startupRole:FOLLOWER, s13|rpc:0.0.0.0:39411|dataStream:|priority:0|startupRole:FOLLOWER, s12|rpc:0.0.0.0:36717|dataStream:|priority:0|startupRole:FOLLOWER, s14|rpc:0.0.0.0:36477|dataStream:|priority:0|startupRole:FOLLOWER, s0|rpc:0.0.0.0:43787|dataStream:|priority:0|startupRole:FOLLOWER, s1|rpc:0.0.0.0:45531|dataStream:|priority:0|startupRole:FOLLOWER, s2|rpc:0.0.0.0:39635|dataStream:|priority:0|startupRole:FOLLOWER]|listeners:[], old=null
2023-03-17 00:26:26,455 DEBUG server.RaftServer$Division (RaftServerImpl.java:logAppendEntries(1430)) - s3@group-6E994AD85659: receive appendEntries(s1, 1, (t:1, i:121), 121, true, commits:[s1:c121, s10:c120, s0:c120, s3:c120, s4:c120, s11:c120, s5:c120, s6:c120, s13:c-1, s7:c120, s12:c120, s8:c120, s9:c-1, s14:c120, s2:c120], cId:7604, entries: [(t:1, i:122), METADATAENTRY(c:121)]
2023-03-17 00:26:26,462 DEBUG server.RaftServer$Division (RaftServerImpl.java:logAppendEntries(1430)) - s8@group-6E994AD85659: receive appendEntries(s1, 1, (t:1, i:122), 121, true, commits:[s1:c121, s10:c120, s0:c120, s3:c120, s4:c120, s11:c120, s5:c120, s6:c120, s13:c-1, s7:c120, s12:c120, s8:c121, s9:c-1, s14:c120, s2:c120], cId:7610, entries: [(t:1, i:123), CONFIGURATIONENTRY(current:id: "s3"
address: "0.0.0.0:36277"
clientAddress: "0.0.0.0:36277"
adminAddress: "0.0.0.0:36277"
startupRole: FOLLOWER
,id: "s4"
address: "0.0.0.0:39523"
clientAddress: "0.0.0.0:39523"
adminAddress: "0.0.0.0:39523"
startupRole: FOLLOWER
,id: "s5"
address: "0.0.0.0:38791"
clientAddress: "0.0.0.0:38791"
adminAddress: "0.0.0.0:38791"
startupRole: FOLLOWER
,id: "s6"
address: "0.0.0.0:34503"
clientAddress: "0.0.0.0:34503"
adminAddress: "0.0.0.0:34503"
startupRole: FOLLOWER
,id: "s7"
address: "0.0.0.0:44573"
clientAddress: "0.0.0.0:44573"
adminAddress: "0.0.0.0:44573"
startupRole: FOLLOWER
,id: "s8"
address: "0.0.0.0:45461"
clientAddress: "0.0.0.0:45461"
adminAddress: "0.0.0.0:45461"
startupRole: FOLLOWER
,id: "s9"
address: "0.0.0.0:42413"
clientAddress: "0.0.0.0:42413"
adminAddress: "0.0.0.0:42413"
startupRole: FOLLOWER
,id: "s11"
address: "0.0.0.0:37111"
clientAddress: "0.0.0.0:37111"
adminAddress: "0.0.0.0:37111"
startupRole: FOLLOWER
,id: "s10"
address: "0.0.0.0:37585"
clientAddress: "0.0.0.0:37585"
adminAddress: "0.0.0.0:37585"
startupRole: FOLLOWER
,id: "s13"
address: "0.0.0.0:39411"
clientAddress: "0.0.0.0:39411"
adminAddress: "0.0.0.0:39411"
startupRole: FOLLOWER
,id: "s12"
address: "0.0.0.0:36717"
clientAddress: "0.0.0.0:36717"
adminAddress: "0.0.0.0:36717"
startupRole: FOLLOWER
,id: "s14"
address: "0.0.0.0:36477"
clientAddress: "0.0.0.0:36477"
adminAddress: "0.0.0.0:36477"
startupRole: FOLLOWER
,id: "s0"
address: "0.0.0.0:43787"
clientAddress: "0.0.0.0:43787"
adminAddress: "0.0.0.0:43787"
startupRole: FOLLOWER
,id: "s1"
address: "0.0.0.0:45531"
clientAddress: "0.0.0.0:45531"
adminAddress: "0.0.0.0:45531"
startupRole: FOLLOWER
,id: "s2"
address: "0.0.0.0:39635"
clientAddress: "0.0.0.0:39635"
adminAddress: "0.0.0.0:39635"
startupRole: FOLLOWER
, old:)]
2023-03-17 00:26:26,462 INFO  server.RaftServer$Division (ServerState.java:setRaftConf(378)) - s8@group-6E994AD85659: set configuration 123: peers:[s3|rpc:0.0.0.0:36277|dataStream:|priority:0|startupRole:FOLLOWER, s4|rpc:0.0.0.0:39523|dataStream:|priority:0|startupRole:FOLLOWER, s5|rpc:0.0.0.0:38791|dataStream:|priority:0|startupRole:FOLLOWER, s6|rpc:0.0.0.0:34503|dataStream:|priority:0|startupRole:FOLLOWER, s7|rpc:0.0.0.0:44573|dataStream:|priority:0|startupRole:FOLLOWER, s8|rpc:0.0.0.0:45461|dataStream:|priority:0|startupRole:FOLLOWER, s9|rpc:0.0.0.0:42413|dataStream:|priority:0|startupRole:FOLLOWER, s11|rpc:0.0.0.0:37111|dataStream:|priority:0|startupRole:FOLLOWER, s10|rpc:0.0.0.0:37585|dataStream:|priority:0|startupRole:FOLLOWER, s13|rpc:0.0.0.0:39411|dataStream:|priority:0|startupRole:FOLLOWER, s12|rpc:0.0.0.0:36717|dataStream:|priority:0|startupRole:FOLLOWER, s14|rpc:0.0.0.0:36477|dataStream:|priority:0|startupRole:FOLLOWER, s0|rpc:0.0.0.0:43787|dataStream:|priority:0|startupRole:FOLLOWER, s1|rpc:0.0.0.0:45531|dataStream:|priority:0|startupRole:FOLLOWER, s2|rpc:0.0.0.0:39635|dataStream:|priority:0|startupRole:FOLLOWER]|listeners:[], old=null
2023-03-17 00:26:26,462 DEBUG server.RaftServer$Division (RaftServerImpl.java:logAppendEntries(1430)) - s11@group-6E994AD85659: receive appendEntries(s1, 1, (t:1, i:122), 121, true, commits:[s1:c121, s10:c120, s0:c120, s3:c120, s4:c121, s11:c121, s5:c120, s6:c121, s13:c-1, s7:c121, s12:c120, s8:c121, s9:c120, s14:c120, s2:c120], cId:7614, entries: [(t:1, i:123), CONFIGURATIONENTRY(current:id: "s3"
address: "0.0.0.0:36277"
clientAddress: "0.0.0.0:36277"
adminAddress: "0.0.0.0:36277"
startupRole: FOLLOWER
,id: "s4"
address: "0.0.0.0:39523"
clientAddress: "0.0.0.0:39523"
adminAddress: "0.0.0.0:39523"
startupRole: FOLLOWER
,id: "s5"
address: "0.0.0.0:38791"
clientAddress: "0.0.0.0:38791"
adminAddress: "0.0.0.0:38791"
startupRole: FOLLOWER
,id: "s6"
address: "0.0.0.0:34503"
clientAddress: "0.0.0.0:34503"
adminAddress: "0.0.0.0:34503"
startupRole: FOLLOWER
,id: "s7"
address: "0.0.0.0:44573"
clientAddress: "0.0.0.0:44573"
adminAddress: "0.0.0.0:44573"
startupRole: FOLLOWER
,id: "s8"
address: "0.0.0.0:45461"
clientAddress: "0.0.0.0:45461"
adminAddress: "0.0.0.0:45461"
startupRole: FOLLOWER
,id: "s9"
address: "0.0.0.0:42413"
clientAddress: "0.0.0.0:42413"
adminAddress: "0.0.0.0:42413"
startupRole: FOLLOWER
,id: "s11"
address: "0.0.0.0:37111"
clientAddress: "0.0.0.0:37111"
adminAddress: "0.0.0.0:37111"
startupRole: FOLLOWER
,id: "s10"
address: "0.0.0.0:37585"
clientAddress: "0.0.0.0:37585"
adminAddress: "0.0.0.0:37585"
startupRole: FOLLOWER
,id: "s13"
address: "0.0.0.0:39411"
clientAddress: "0.0.0.0:39411"
adminAddress: "0.0.0.0:39411"
startupRole: FOLLOWER
,id: "s12"
address: "0.0.0.0:36717"
clientAddress: "0.0.0.0:36717"
adminAddress: "0.0.0.0:36717"
startupRole: FOLLOWER
,id: "s14"
address: "0.0.0.0:36477"
clientAddress: "0.0.0.0:36477"
adminAddress: "0.0.0.0:36477"
startupRole: FOLLOWER
,id: "s0"
address: "0.0.0.0:43787"
clientAddress: "0.0.0.0:43787"
adminAddress: "0.0.0.0:43787"
startupRole: FOLLOWER
,id: "s1"
address: "0.0.0.0:45531"
clientAddress: "0.0.0.0:45531"
adminAddress: "0.0.0.0:45531"
startupRole: FOLLOWER
,id: "s2"
address: "0.0.0.0:39635"
clientAddress: "0.0.0.0:39635"
adminAddress: "0.0.0.0:39635"
startupRole: FOLLOWER
, old:)]
2023-03-17 00:26:26,462 INFO  server.RaftServer$Division (ServerState.java:setRaftConf(378)) - s11@group-6E994AD85659: set configuration 123: peers:[s3|rpc:0.0.0.0:36277|dataStream:|priority:0|startupRole:FOLLOWER, s4|rpc:0.0.0.0:39523|dataStream:|priority:0|startupRole:FOLLOWER, s5|rpc:0.0.0.0:38791|dataStream:|priority:0|startupRole:FOLLOWER, s6|rpc:0.0.0.0:34503|dataStream:|priority:0|startupRole:FOLLOWER, s7|rpc:0.0.0.0:44573|dataStream:|priority:0|startupRole:FOLLOWER, s8|rpc:0.0.0.0:45461|dataStream:|priority:0|startupRole:FOLLOWER, s9|rpc:0.0.0.0:42413|dataStream:|priority:0|startupRole:FOLLOWER, s11|rpc:0.0.0.0:37111|dataStream:|priority:0|startupRole:FOLLOWER, s10|rpc:0.0.0.0:37585|dataStream:|priority:0|startupRole:FOLLOWER, s13|rpc:0.0.0.0:39411|dataStream:|priority:0|startupRole:FOLLOWER, s12|rpc:0.0.0.0:36717|dataStream:|priority:0|startupRole:FOLLOWER, s14|rpc:0.0.0.0:36477|dataStream:|priority:0|startupRole:FOLLOWER, s0|rpc:0.0.0.0:43787|dataStream:|priority:0|startupRole:FOLLOWER, s1|rpc:0.0.0.0:45531|dataStream:|priority:0|startupRole:FOLLOWER, s2|rpc:0.0.0.0:39635|dataStream:|priority:0|startupRole:FOLLOWER]|listeners:[], old=null
2023-03-17 00:26:26,463 DEBUG server.RaftServer$Division (RaftServerImpl.java:logAppendEntries(1430)) - s6@group-6E994AD85659: succeeded to handle AppendEntries. Reply: s1<-s6#7612:OK-t1,SUCCESS,nextIndex=124,followerCommit=121,matchIndex=123
2023-03-17 00:26:26,463 DEBUG server.RaftServer$Division (RaftServerImpl.java:logAppendEntries(1430)) - s7@group-6E994AD85659: receive appendEntries(s1, 1, (t:1, i:122), 121, true, commits:[s1:c121, s10:c120, s0:c120, s3:c120, s4:c121, s11:c120, s5:c120, s6:c120, s13:c-1, s7:c121, s12:c120, s8:c121, s9:c-1, s14:c120, s2:c120], cId:7611, entries: [(t:1, i:123), CONFIGURATIONENTRY(current:id: "s3"
address: "0.0.0.0:36277"
clientAddress: "0.0.0.0:36277"
adminAddress: "0.0.0.0:36277"
startupRole: FOLLOWER
,id: "s4"
address: "0.0.0.0:39523"
clientAddress: "0.0.0.0:39523"
adminAddress: "0.0.0.0:39523"
startupRole: FOLLOWER
,id: "s5"
address: "0.0.0.0:38791"
clientAddress: "0.0.0.0:38791"
adminAddress: "0.0.0.0:38791"
startupRole: FOLLOWER
,id: "s6"
address: "0.0.0.0:34503"
clientAddress: "0.0.0.0:34503"
adminAddress: "0.0.0.0:34503"
startupRole: FOLLOWER
,id: "s7"
address: "0.0.0.0:44573"
clientAddress: "0.0.0.0:44573"
adminAddress: "0.0.0.0:44573"
startupRole: FOLLOWER
,id: "s8"
address: "0.0.0.0:45461"
clientAddress: "0.0.0.0:45461"
adminAddress: "0.0.0.0:45461"
startupRole: FOLLOWER
,id: "s9"
address: "0.0.0.0:42413"
clientAddress: "0.0.0.0:42413"
adminAddress: "0.0.0.0:42413"
startupRole: FOLLOWER
,id: "s11"
address: "0.0.0.0:37111"
clientAddress: "0.0.0.0:37111"
adminAddress: "0.0.0.0:37111"
startupRole: FOLLOWER
,id: "s10"
address: "0.0.0.0:37585"
clientAddress: "0.0.0.0:37585"
adminAddress: "0.0.0.0:37585"
startupRole: FOLLOWER
,id: "s13"
address: "0.0.0.0:39411"
clientAddress: "0.0.0.0:39411"
adminAddress: "0.0.0.0:39411"
startupRole: FOLLOWER
,id: "s12"
address: "0.0.0.0:36717"
clientAddress: "0.0.0.0:36717"
adminAddress: "0.0.0.0:36717"
startupRole: FOLLOWER
,id: "s14"
address: "0.0.0.0:36477"
clientAddress: "0.0.0.0:36477"
adminAddress: "0.0.0.0:36477"
startupRole: FOLLOWER
,id: "s0"
address: "0.0.0.0:43787"
clientAddress: "0.0.0.0:43787"
adminAddress: "0.0.0.0:43787"
startupRole: FOLLOWER
,id: "s1"
address: "0.0.0.0:45531"
clientAddress: "0.0.0.0:45531"
adminAddress: "0.0.0.0:45531"
startupRole: FOLLOWER
,id: "s2"
address: "0.0.0.0:39635"
clientAddress: "0.0.0.0:39635"
adminAddress: "0.0.0.0:39635"
startupRole: FOLLOWER
, old:)]
2023-03-17 00:26:26,463 INFO  server.RaftServer$Division (ServerState.java:setRaftConf(378)) - s7@group-6E994AD85659: set configuration 123: peers:[s3|rpc:0.0.0.0:36277|dataStream:|priority:0|startupRole:FOLLOWER, s4|rpc:0.0.0.0:39523|dataStream:|priority:0|startupRole:FOLLOWER, s5|rpc:0.0.0.0:38791|dataStream:|priority:0|startupRole:FOLLOWER, s6|rpc:0.0.0.0:34503|dataStream:|priority:0|startupRole:FOLLOWER, s7|rpc:0.0.0.0:44573|dataStream:|priority:0|startupRole:FOLLOWER, s8|rpc:0.0.0.0:45461|dataStream:|priority:0|startupRole:FOLLOWER, s9|rpc:0.0.0.0:42413|dataStream:|priority:0|startupRole:FOLLOWER, s11|rpc:0.0.0.0:37111|dataStream:|priority:0|startupRole:FOLLOWER, s10|rpc:0.0.0.0:37585|dataStream:|priority:0|startupRole:FOLLOWER, s13|rpc:0.0.0.0:39411|dataStream:|priority:0|startupRole:FOLLOWER, s12|rpc:0.0.0.0:36717|dataStream:|priority:0|startupRole:FOLLOWER, s14|rpc:0.0.0.0:36477|dataStream:|priority:0|startupRole:FOLLOWER, s0|rpc:0.0.0.0:43787|dataStream:|priority:0|startupRole:FOLLOWER, s1|rpc:0.0.0.0:45531|dataStream:|priority:0|startupRole:FOLLOWER, s2|rpc:0.0.0.0:39635|dataStream:|priority:0|startupRole:FOLLOWER]|listeners:[], old=null
2023-03-17 00:26:26,463 DEBUG server.RaftServer$Division (RaftServerImpl.java:logAppendEntries(1430)) - s11@group-6E994AD85659: succeeded to handle AppendEntries. Reply: s1<-s11#7614:OK-t1,SUCCESS,nextIndex=124,followerCommit=121,matchIndex=123
2023-03-17 00:26:26,463 DEBUG server.RaftServer$Division (RaftServerImpl.java:logAppendEntries(1430)) - s8@group-6E994AD85659: succeeded to handle AppendEntries. Reply: s1<-s8#7610:OK-t1,SUCCESS,nextIndex=124,followerCommit=121,matchIndex=123
2023-03-17 00:26:26,461 INFO  server.RaftServer$Division (ServerState.java:setRaftConf(378)) - s9@group-6E994AD85659: set configuration 121: peers:[s3|rpc:0.0.0.0:36277|dataStream:|priority:0|startupRole:FOLLOWER, s4|rpc:0.0.0.0:39523|dataStream:|priority:0|startupRole:FOLLOWER, s5|rpc:0.0.0.0:38791|dataStream:|priority:0|startupRole:FOLLOWER, s6|rpc:0.0.0.0:34503|dataStream:|priority:0|startupRole:FOLLOWER, s7|rpc:0.0.0.0:44573|dataStream:|priority:0|startupRole:FOLLOWER, s8|rpc:0.0.0.0:45461|dataStream:|priority:0|startupRole:FOLLOWER, s9|rpc:0.0.0.0:42413|dataStream:|priority:0|startupRole:FOLLOWER, s11|rpc:0.0.0.0:37111|dataStream:|priority:0|startupRole:FOLLOWER, s10|rpc:0.0.0.0:37585|dataStream:|priority:0|startupRole:FOLLOWER, s13|rpc:0.0.0.0:39411|dataStream:|priority:0|startupRole:FOLLOWER, s12|rpc:0.0.0.0:36717|dataStream:|priority:0|startupRole:FOLLOWER, s14|rpc:0.0.0.0:36477|dataStream:|priority:0|startupRole:FOLLOWER, s0|rpc:0.0.0.0:43787|dataStream:|priority:0|startupRole:FOLLOWER, s1|rpc:0.0.0.0:45531|dataStream:|priority:0|startupRole:FOLLOWER, s2|rpc:0.0.0.0:39635|dataStream:|priority:0|startupRole:FOLLOWER]|listeners:[], old=peers:[s10|rpc:0.0.0.0:37585|dataStream:|priority:0|startupRole:FOLLOWER, s0|rpc:0.0.0.0:43787|dataStream:|priority:0|startupRole:FOLLOWER, s1|rpc:0.0.0.0:45531|dataStream:|priority:0|startupRole:FOLLOWER]|listeners:[]
2023-03-17 00:26:26,464 INFO  server.RaftServer$Division (ServerState.java:setRaftConf(378)) - s9@group-6E994AD85659: set configuration 123: peers:[s3|rpc:0.0.0.0:36277|dataStream:|priority:0|startupRole:FOLLOWER, s4|rpc:0.0.0.0:39523|dataStream:|priority:0|startupRole:FOLLOWER, s5|rpc:0.0.0.0:38791|dataStream:|priority:0|startupRole:FOLLOWER, s6|rpc:0.0.0.0:34503|dataStream:|priority:0|startupRole:FOLLOWER, s7|rpc:0.0.0.0:44573|dataStream:|priority:0|startupRole:FOLLOWER, s8|rpc:0.0.0.0:45461|dataStream:|priority:0|startupRole:FOLLOWER, s9|rpc:0.0.0.0:42413|dataStream:|priority:0|startupRole:FOLLOWER, s11|rpc:0.0.0.0:37111|dataStream:|priority:0|startupRole:FOLLOWER, s10|rpc:0.0.0.0:37585|dataStream:|priority:0|startupRole:FOLLOWER, s13|rpc:0.0.0.0:39411|dataStream:|priority:0|startupRole:FOLLOWER, s12|rpc:0.0.0.0:36717|dataStream:|priority:0|startupRole:FOLLOWER, s14|rpc:0.0.0.0:36477|dataStream:|priority:0|startupRole:FOLLOWER, s0|rpc:0.0.0.0:43787|dataStream:|priority:0|startupRole:FOLLOWER, s1|rpc:0.0.0.0:45531|dataStream:|priority:0|startupRole:FOLLOWER, s2|rpc:0.0.0.0:39635|dataStream:|priority:0|startupRole:FOLLOWER]|listeners:[], old=null
2023-03-17 00:26:26,458 DEBUG server.RaftServer$Division (RaftServerImpl.java:logAppendEntries(1430)) - s14@group-6E994AD85659: receive appendEntries(s1, 1, (t:1, i:121), 121, true, commits:[s1:c121, s10:c120, s0:c120, s3:c120, s4:c120, s11:c120, s5:c120, s6:c120, s13:c-1, s7:c120, s12:c120, s8:c120, s9:c-1, s14:c120, s2:c120], cId:7609, entries: [(t:1, i:122), METADATAENTRY(c:121), (t:1, i:123), CONFIGURATIONENTRY(current:id: "s3"
address: "0.0.0.0:36277"
clientAddress: "0.0.0.0:36277"
adminAddress: "0.0.0.0:36277"
startupRole: FOLLOWER
,id: "s4"
address: "0.0.0.0:39523"
clientAddress: "0.0.0.0:39523"
adminAddress: "0.0.0.0:39523"
startupRole: FOLLOWER
,id: "s5"
address: "0.0.0.0:38791"
clientAddress: "0.0.0.0:38791"
adminAddress: "0.0.0.0:38791"
startupRole: FOLLOWER
,id: "s6"
address: "0.0.0.0:34503"
clientAddress: "0.0.0.0:34503"
adminAddress: "0.0.0.0:34503"
startupRole: FOLLOWER
,id: "s7"
address: "0.0.0.0:44573"
clientAddress: "0.0.0.0:44573"
adminAddress: "0.0.0.0:44573"
startupRole: FOLLOWER
,id: "s8"
address: "0.0.0.0:45461"
clientAddress: "0.0.0.0:45461"
adminAddress: "0.0.0.0:45461"
startupRole: FOLLOWER
,id: "s9"
address: "0.0.0.0:42413"
clientAddress: "0.0.0.0:42413"
adminAddress: "0.0.0.0:42413"
startupRole: FOLLOWER
,id: "s11"
address: "0.0.0.0:37111"
clientAddress: "0.0.0.0:37111"
adminAddress: "0.0.0.0:37111"
startupRole: FOLLOWER
,id: "s10"
address: "0.0.0.0:37585"
clientAddress: "0.0.0.0:37585"
adminAddress: "0.0.0.0:37585"
startupRole: FOLLOWER
,id: "s13"
address: "0.0.0.0:39411"
clientAddress: "0.0.0.0:39411"
adminAddress: "0.0.0.0:39411"
startupRole: FOLLOWER
,id: "s12"
address: "0.0.0.0:36717"
clientAddress: "0.0.0.0:36717"
adminAddress: "0.0.0.0:36717"
startupRole: FOLLOWER
,id: "s14"
address: "0.0.0.0:36477"
clientAddress: "0.0.0.0:36477"
adminAddress: "0.0.0.0:36477"
startupRole: FOLLOWER
,id: "s0"
address: "0.0.0.0:43787"
clientAddress: "0.0.0.0:43787"
adminAddress: "0.0.0.0:43787"
startupRole: FOLLOWER
,id: "s1"
address: "0.0.0.0:45531"
clientAddress: "0.0.0.0:45531"
adminAddress: "0.0.0.0:45531"
startupRole: FOLLOWER
,id: "s2"
address: "0.0.0.0:39635"
clientAddress: "0.0.0.0:39635"
adminAddress: "0.0.0.0:39635"
startupRole: FOLLOWER
, old:)]
2023-03-17 00:26:26,464 DEBUG server.RaftServer$Division (RaftServerImpl.java:logAppendEntries(1430)) - s10@group-6E994AD85659: receive appendEntries(s1, 1, (t:1, i:121), 121, true, commits:[s1:c121, s10:c120, s0:c120, s3:c120, s4:c121, s11:c121, s5:c120, s6:c121, s13:c-1, s7:c121, s12:c120, s8:c121, s9:c120, s14:c120, s2:c120], cId:7616, entries: [(t:1, i:122), METADATAENTRY(c:121), (t:1, i:123), CONFIGURATIONENTRY(current:id: "s3"
address: "0.0.0.0:36277"
clientAddress: "0.0.0.0:36277"
adminAddress: "0.0.0.0:36277"
startupRole: FOLLOWER
,id: "s4"
address: "0.0.0.0:39523"
clientAddress: "0.0.0.0:39523"
adminAddress: "0.0.0.0:39523"
startupRole: FOLLOWER
,id: "s5"
address: "0.0.0.0:38791"
clientAddress: "0.0.0.0:38791"
adminAddress: "0.0.0.0:38791"
startupRole: FOLLOWER
,id: "s6"
address: "0.0.0.0:34503"
clientAddress: "0.0.0.0:34503"
adminAddress: "0.0.0.0:34503"
startupRole: FOLLOWER
,id: "s7"
address: "0.0.0.0:44573"
clientAddress: "0.0.0.0:44573"
adminAddress: "0.0.0.0:44573"
startupRole: FOLLOWER
,id: "s8"
address: "0.0.0.0:45461"
clientAddress: "0.0.0.0:45461"
adminAddress: "0.0.0.0:45461"
startupRole: FOLLOWER
,id: "s9"
address: "0.0.0.0:42413"
clientAddress: "0.0.0.0:42413"
adminAddress: "0.0.0.0:42413"
startupRole: FOLLOWER
,id: "s11"
address: "0.0.0.0:37111"
clientAddress: "0.0.0.0:37111"
adminAddress: "0.0.0.0:37111"
startupRole: FOLLOWER
,id: "s10"
address: "0.0.0.0:37585"
clientAddress: "0.0.0.0:37585"
adminAddress: "0.0.0.0:37585"
startupRole: FOLLOWER
,id: "s13"
address: "0.0.0.0:39411"
clientAddress: "0.0.0.0:39411"
adminAddress: "0.0.0.0:39411"
startupRole: FOLLOWER
,id: "s12"
address: "0.0.0.0:36717"
clientAddress: "0.0.0.0:36717"
adminAddress: "0.0.0.0:36717"
startupRole: FOLLOWER
,id: "s14"
address: "0.0.0.0:36477"
clientAddress: "0.0.0.0:36477"
adminAddress: "0.0.0.0:36477"
startupRole: FOLLOWER
,id: "s0"
address: "0.0.0.0:43787"
clientAddress: "0.0.0.0:43787"
adminAddress: "0.0.0.0:43787"
startupRole: FOLLOWER
,id: "s1"
address: "0.0.0.0:45531"
clientAddress: "0.0.0.0:45531"
adminAddress: "0.0.0.0:45531"
startupRole: FOLLOWER
,id: "s2"
address: "0.0.0.0:39635"
clientAddress: "0.0.0.0:39635"
adminAddress: "0.0.0.0:39635"
startupRole: FOLLOWER
, old:)]
2023-03-17 00:26:26,464 INFO  server.RaftServer$Division (ServerState.java:setRaftConf(378)) - s14@group-6E994AD85659: set configuration 123: peers:[s3|rpc:0.0.0.0:36277|dataStream:|priority:0|startupRole:FOLLOWER, s4|rpc:0.0.0.0:39523|dataStream:|priority:0|startupRole:FOLLOWER, s5|rpc:0.0.0.0:38791|dataStream:|priority:0|startupRole:FOLLOWER, s6|rpc:0.0.0.0:34503|dataStream:|priority:0|startupRole:FOLLOWER, s7|rpc:0.0.0.0:44573|dataStream:|priority:0|startupRole:FOLLOWER, s8|rpc:0.0.0.0:45461|dataStream:|priority:0|startupRole:FOLLOWER, s9|rpc:0.0.0.0:42413|dataStream:|priority:0|startupRole:FOLLOWER, s11|rpc:0.0.0.0:37111|dataStream:|priority:0|startupRole:FOLLOWER, s10|rpc:0.0.0.0:37585|dataStream:|priority:0|startupRole:FOLLOWER, s13|rpc:0.0.0.0:39411|dataStream:|priority:0|startupRole:FOLLOWER, s12|rpc:0.0.0.0:36717|dataStream:|priority:0|startupRole:FOLLOWER, s14|rpc:0.0.0.0:36477|dataStream:|priority:0|startupRole:FOLLOWER, s0|rpc:0.0.0.0:43787|dataStream:|priority:0|startupRole:FOLLOWER, s1|rpc:0.0.0.0:45531|dataStream:|priority:0|startupRole:FOLLOWER, s2|rpc:0.0.0.0:39635|dataStream:|priority:0|startupRole:FOLLOWER]|listeners:[], old=null
2023-03-17 00:26:26,464 INFO  server.RaftServer$Division (ServerState.java:setRaftConf(378)) - s10@group-6E994AD85659: set configuration 123: peers:[s3|rpc:0.0.0.0:36277|dataStream:|priority:0|startupRole:FOLLOWER, s4|rpc:0.0.0.0:39523|dataStream:|priority:0|startupRole:FOLLOWER, s5|rpc:0.0.0.0:38791|dataStream:|priority:0|startupRole:FOLLOWER, s6|rpc:0.0.0.0:34503|dataStream:|priority:0|startupRole:FOLLOWER, s7|rpc:0.0.0.0:44573|dataStream:|priority:0|startupRole:FOLLOWER, s8|rpc:0.0.0.0:45461|dataStream:|priority:0|startupRole:FOLLOWER, s9|rpc:0.0.0.0:42413|dataStream:|priority:0|startupRole:FOLLOWER, s11|rpc:0.0.0.0:37111|dataStream:|priority:0|startupRole:FOLLOWER, s10|rpc:0.0.0.0:37585|dataStream:|priority:0|startupRole:FOLLOWER, s13|rpc:0.0.0.0:39411|dataStream:|priority:0|startupRole:FOLLOWER, s12|rpc:0.0.0.0:36717|dataStream:|priority:0|startupRole:FOLLOWER, s14|rpc:0.0.0.0:36477|dataStream:|priority:0|startupRole:FOLLOWER, s0|rpc:0.0.0.0:43787|dataStream:|priority:0|startupRole:FOLLOWER, s1|rpc:0.0.0.0:45531|dataStream:|priority:0|startupRole:FOLLOWER, s2|rpc:0.0.0.0:39635|dataStream:|priority:0|startupRole:FOLLOWER]|listeners:[], old=null
2023-03-17 00:26:26,458 DEBUG server.RaftServer$Division (RaftServerImpl.java:logAppendEntries(1430)) - s12@group-6E994AD85659: receive appendEntries(s1, 1, (t:1, i:121), 121, true, commits:[s1:c121, s10:c120, s0:c120, s3:c120, s4:c120, s11:c120, s5:c120, s6:c120, s13:c-1, s7:c120, s12:c120, s8:c120, s9:c-1, s14:c120, s2:c120], cId:7605, entries: [(t:1, i:122), METADATAENTRY(c:121)]
2023-03-17 00:26:26,456 DEBUG server.RaftServer$Division (RaftServerImpl.java:logAppendEntries(1430)) - s5@group-6E994AD85659: succeeded to handle AppendEntries. Reply: s1<-s5#7601:OK-t1,SUCCESS,nextIndex=123,followerCommit=121,matchIndex=122
2023-03-17 00:26:26,465 DEBUG server.RaftServer$Division (RaftServerImpl.java:logAppendEntries(1430)) - s10@group-6E994AD85659: succeeded to handle AppendEntries. Reply: s1<-s10#7616:OK-t1,SUCCESS,nextIndex=124,followerCommit=121,matchIndex=123
2023-03-17 00:26:26,465 DEBUG server.RaftServer$Division (RaftServerImpl.java:logAppendEntries(1430)) - s14@group-6E994AD85659: succeeded to handle AppendEntries. Reply: s1<-s14#7609:OK-t1,SUCCESS,nextIndex=124,followerCommit=121,matchIndex=123
2023-03-17 00:26:26,463 DEBUG server.RaftServer$Division (RaftServerImpl.java:logAppendEntries(1430)) - s7@group-6E994AD85659: succeeded to handle AppendEntries. Reply: s1<-s7#7611:OK-t1,SUCCESS,nextIndex=124,followerCommit=121,matchIndex=123
2023-03-17 00:26:26,465 DEBUG server.RaftServer$Division (RaftServerImpl.java:logAppendEntries(1430)) - s12@group-6E994AD85659: succeeded to handle AppendEntries. Reply: s1<-s12#7605:OK-t1,SUCCESS,nextIndex=123,followerCommit=121,matchIndex=122
2023-03-17 00:26:26,466 DEBUG server.RaftServer$Division (RaftServerImpl.java:logAppendEntries(1430)) - s9@group-6E994AD85659: succeeded to handle AppendEntries. Reply: s1<-s9#7615:OK-t1,SUCCESS,nextIndex=124,followerCommit=121,matchIndex=123
2023-03-17 00:26:26,463 INFO  segmented.SegmentedRaftLogWorker (SegmentedRaftLogWorker.java:execute(630)) - s13@group-6E994AD85659-SegmentedRaftLogWorker: created new log segment /home/runner/work/ratis/ratis/ratis-examples/target/test/data/9a3b15da/MiniRaftClusterWithNettyce94e709/s13/a909ca09-e6ce-4d78-8d38-6e994ad85659/current/log_inprogress_0
2023-03-17 00:26:26,463 DEBUG server.RaftServer$Division (RaftServerImpl.java:logAppendEntries(1430)) - s3@group-6E994AD85659: succeeded to handle AppendEntries. Reply: s1<-s3#7604:OK-t1,SUCCESS,nextIndex=123,followerCommit=121,matchIndex=122
2023-03-17 00:26:26,467 DEBUG server.RaftServer$Division (RaftServerImpl.java:logAppendEntries(1430)) - s12@group-6E994AD85659: receive appendEntries(s1, 1, (t:1, i:122), 121, true, commits:[s1:c121, s10:c120, s0:c121, s3:c120, s4:c121, s11:c121, s5:c120, s6:c121, s13:c-1, s7:c121, s12:c121, s8:c121, s9:c120, s14:c120, s2:c120], cId:7617, entries: [(t:1, i:123), CONFIGURATIONENTRY(current:id: "s3"
address: "0.0.0.0:36277"
clientAddress: "0.0.0.0:36277"
adminAddress: "0.0.0.0:36277"
startupRole: FOLLOWER
,id: "s4"
address: "0.0.0.0:39523"
clientAddress: "0.0.0.0:39523"
adminAddress: "0.0.0.0:39523"
startupRole: FOLLOWER
,id: "s5"
address: "0.0.0.0:38791"
clientAddress: "0.0.0.0:38791"
adminAddress: "0.0.0.0:38791"
startupRole: FOLLOWER
,id: "s6"
address: "0.0.0.0:34503"
clientAddress: "0.0.0.0:34503"
adminAddress: "0.0.0.0:34503"
startupRole: FOLLOWER
,id: "s7"
address: "0.0.0.0:44573"
clientAddress: "0.0.0.0:44573"
adminAddress: "0.0.0.0:44573"
startupRole: FOLLOWER
,id: "s8"
address: "0.0.0.0:45461"
clientAddress: "0.0.0.0:45461"
adminAddress: "0.0.0.0:45461"
startupRole: FOLLOWER
,id: "s9"
address: "0.0.0.0:42413"
clientAddress: "0.0.0.0:42413"
adminAddress: "0.0.0.0:42413"
startupRole: FOLLOWER
,id: "s11"
address: "0.0.0.0:37111"
clientAddress: "0.0.0.0:37111"
adminAddress: "0.0.0.0:37111"
startupRole: FOLLOWER
,id: "s10"
address: "0.0.0.0:37585"
clientAddress: "0.0.0.0:37585"
adminAddress: "0.0.0.0:37585"
startupRole: FOLLOWER
,id: "s13"
address: "0.0.0.0:39411"
clientAddress: "0.0.0.0:39411"
adminAddress: "0.0.0.0:39411"
startupRole: FOLLOWER
,id: "s12"
address: "0.0.0.0:36717"
clientAddress: "0.0.0.0:36717"
adminAddress: "0.0.0.0:36717"
startupRole: FOLLOWER
,id: "s14"
address: "0.0.0.0:36477"
clientAddress: "0.0.0.0:36477"
adminAddress: "0.0.0.0:36477"
startupRole: FOLLOWER
,id: "s0"
address: "0.0.0.0:43787"
clientAddress: "0.0.0.0:43787"
adminAddress: "0.0.0.0:43787"
startupRole: FOLLOWER
,id: "s1"
address: "0.0.0.0:45531"
clientAddress: "0.0.0.0:45531"
adminAddress: "0.0.0.0:45531"
startupRole: FOLLOWER
,id: "s2"
address: "0.0.0.0:39635"
clientAddress: "0.0.0.0:39635"
adminAddress: "0.0.0.0:39635"
startupRole: FOLLOWER
, old:)]
2023-03-17 00:26:26,467 INFO  server.RaftServer$Division (ServerState.java:setRaftConf(378)) - s12@group-6E994AD85659: set configuration 123: peers:[s3|rpc:0.0.0.0:36277|dataStream:|priority:0|startupRole:FOLLOWER, s4|rpc:0.0.0.0:39523|dataStream:|priority:0|startupRole:FOLLOWER, s5|rpc:0.0.0.0:38791|dataStream:|priority:0|startupRole:FOLLOWER, s6|rpc:0.0.0.0:34503|dataStream:|priority:0|startupRole:FOLLOWER, s7|rpc:0.0.0.0:44573|dataStream:|priority:0|startupRole:FOLLOWER, s8|rpc:0.0.0.0:45461|dataStream:|priority:0|startupRole:FOLLOWER, s9|rpc:0.0.0.0:42413|dataStream:|priority:0|startupRole:FOLLOWER, s11|rpc:0.0.0.0:37111|dataStream:|priority:0|startupRole:FOLLOWER, s10|rpc:0.0.0.0:37585|dataStream:|priority:0|startupRole:FOLLOWER, s13|rpc:0.0.0.0:39411|dataStream:|priority:0|startupRole:FOLLOWER, s12|rpc:0.0.0.0:36717|dataStream:|priority:0|startupRole:FOLLOWER, s14|rpc:0.0.0.0:36477|dataStream:|priority:0|startupRole:FOLLOWER, s0|rpc:0.0.0.0:43787|dataStream:|priority:0|startupRole:FOLLOWER, s1|rpc:0.0.0.0:45531|dataStream:|priority:0|startupRole:FOLLOWER, s2|rpc:0.0.0.0:39635|dataStream:|priority:0|startupRole:FOLLOWER]|listeners:[], old=null
2023-03-17 00:26:26,467 DEBUG server.RaftServer$Division (RaftServerImpl.java:logAppendEntries(1430)) - s12@group-6E994AD85659: succeeded to handle AppendEntries. Reply: s1<-s12#7617:OK-t1,SUCCESS,nextIndex=124,followerCommit=121,matchIndex=123
2023-03-17 00:26:26,468 DEBUG server.RaftServer$Division (RaftServerImpl.java:logAppendEntries(1430)) - s5@group-6E994AD85659: receive appendEntries(s1, 1, (t:1, i:122), 122, true, commits:[s1:c122, s10:c120, s0:c121, s3:c120, s4:c121, s11:c121, s5:c121, s6:c121, s13:c-1, s7:c121, s12:c121, s8:c121, s9:c120, s14:c120, s2:c120], cId:7618, entries: [(t:1, i:123), CONFIGURATIONENTRY(current:id: "s3"
address: "0.0.0.0:36277"
clientAddress: "0.0.0.0:36277"
adminAddress: "0.0.0.0:36277"
startupRole: FOLLOWER
,id: "s4"
address: "0.0.0.0:39523"
clientAddress: "0.0.0.0:39523"
adminAddress: "0.0.0.0:39523"
startupRole: FOLLOWER
,id: "s5"
address: "0.0.0.0:38791"
clientAddress: "0.0.0.0:38791"
adminAddress: "0.0.0.0:38791"
startupRole: FOLLOWER
,id: "s6"
address: "0.0.0.0:34503"
clientAddress: "0.0.0.0:34503"
adminAddress: "0.0.0.0:34503"
startupRole: FOLLOWER
,id: "s7"
address: "0.0.0.0:44573"
clientAddress: "0.0.0.0:44573"
adminAddress: "0.0.0.0:44573"
startupRole: FOLLOWER
,id: "s8"
address: "0.0.0.0:45461"
clientAddress: "0.0.0.0:45461"
adminAddress: "0.0.0.0:45461"
startupRole: FOLLOWER
,id: "s9"
address: "0.0.0.0:42413"
clientAddress: "0.0.0.0:42413"
adminAddress: "0.0.0.0:42413"
startupRole: FOLLOWER
,id: "s11"
address: "0.0.0.0:37111"
clientAddress: "0.0.0.0:37111"
adminAddress: "0.0.0.0:37111"
startupRole: FOLLOWER
,id: "s10"
address: "0.0.0.0:37585"
clientAddress: "0.0.0.0:37585"
adminAddress: "0.0.0.0:37585"
startupRole: FOLLOWER
,id: "s13"
address: "0.0.0.0:39411"
clientAddress: "0.0.0.0:39411"
adminAddress: "0.0.0.0:39411"
startupRole: FOLLOWER
,id: "s12"
address: "0.0.0.0:36717"
clientAddress: "0.0.0.0:36717"
adminAddress: "0.0.0.0:36717"
startupRole: FOLLOWER
,id: "s14"
address: "0.0.0.0:36477"
clientAddress: "0.0.0.0:36477"
adminAddress: "0.0.0.0:36477"
startupRole: FOLLOWER
,id: "s0"
address: "0.0.0.0:43787"
clientAddress: "0.0.0.0:43787"
adminAddress: "0.0.0.0:43787"
startupRole: FOLLOWER
,id: "s1"
address: "0.0.0.0:45531"
clientAddress: "0.0.0.0:45531"
adminAddress: "0.0.0.0:45531"
startupRole: FOLLOWER
,id: "s2"
address: "0.0.0.0:39635"
clientAddress: "0.0.0.0:39635"
adminAddress: "0.0.0.0:39635"
startupRole: FOLLOWER
, old:)]
2023-03-17 00:26:26,468 INFO  server.RaftServer$Division (ServerState.java:setRaftConf(378)) - s5@group-6E994AD85659: set configuration 123: peers:[s3|rpc:0.0.0.0:36277|dataStream:|priority:0|startupRole:FOLLOWER, s4|rpc:0.0.0.0:39523|dataStream:|priority:0|startupRole:FOLLOWER, s5|rpc:0.0.0.0:38791|dataStream:|priority:0|startupRole:FOLLOWER, s6|rpc:0.0.0.0:34503|dataStream:|priority:0|startupRole:FOLLOWER, s7|rpc:0.0.0.0:44573|dataStream:|priority:0|startupRole:FOLLOWER, s8|rpc:0.0.0.0:45461|dataStream:|priority:0|startupRole:FOLLOWER, s9|rpc:0.0.0.0:42413|dataStream:|priority:0|startupRole:FOLLOWER, s11|rpc:0.0.0.0:37111|dataStream:|priority:0|startupRole:FOLLOWER, s10|rpc:0.0.0.0:37585|dataStream:|priority:0|startupRole:FOLLOWER, s13|rpc:0.0.0.0:39411|dataStream:|priority:0|startupRole:FOLLOWER, s12|rpc:0.0.0.0:36717|dataStream:|priority:0|startupRole:FOLLOWER, s14|rpc:0.0.0.0:36477|dataStream:|priority:0|startupRole:FOLLOWER, s0|rpc:0.0.0.0:43787|dataStream:|priority:0|startupRole:FOLLOWER, s1|rpc:0.0.0.0:45531|dataStream:|priority:0|startupRole:FOLLOWER, s2|rpc:0.0.0.0:39635|dataStream:|priority:0|startupRole:FOLLOWER]|listeners:[], old=null
2023-03-17 00:26:26,468 DEBUG server.RaftServer$Division (RaftServerImpl.java:logAppendEntries(1430)) - s3@group-6E994AD85659: receive appendEntries(s1, 1, (t:1, i:122), 122, true, commits:[s1:c122, s10:c120, s0:c121, s3:c121, s4:c121, s11:c121, s5:c121, s6:c121, s13:c-1, s7:c121, s12:c121, s8:c121, s9:c120, s14:c120, s2:c120], cId:7619, entries: [(t:1, i:123), CONFIGURATIONENTRY(current:id: "s3"
address: "0.0.0.0:36277"
clientAddress: "0.0.0.0:36277"
adminAddress: "0.0.0.0:36277"
startupRole: FOLLOWER
,id: "s4"
address: "0.0.0.0:39523"
clientAddress: "0.0.0.0:39523"
adminAddress: "0.0.0.0:39523"
startupRole: FOLLOWER
,id: "s5"
address: "0.0.0.0:38791"
clientAddress: "0.0.0.0:38791"
adminAddress: "0.0.0.0:38791"
startupRole: FOLLOWER
,id: "s6"
address: "0.0.0.0:34503"
clientAddress: "0.0.0.0:34503"
adminAddress: "0.0.0.0:34503"
startupRole: FOLLOWER
,id: "s7"
address: "0.0.0.0:44573"
clientAddress: "0.0.0.0:44573"
adminAddress: "0.0.0.0:44573"
startupRole: FOLLOWER
,id: "s8"
address: "0.0.0.0:45461"
clientAddress: "0.0.0.0:45461"
adminAddress: "0.0.0.0:45461"
startupRole: FOLLOWER
,id: "s9"
address: "0.0.0.0:42413"
clientAddress: "0.0.0.0:42413"
adminAddress: "0.0.0.0:42413"
startupRole: FOLLOWER
,id: "s11"
address: "0.0.0.0:37111"
clientAddress: "0.0.0.0:37111"
adminAddress: "0.0.0.0:37111"
startupRole: FOLLOWER
,id: "s10"
address: "0.0.0.0:37585"
clientAddress: "0.0.0.0:37585"
adminAddress: "0.0.0.0:37585"
startupRole: FOLLOWER
,id: "s13"
address: "0.0.0.0:39411"
clientAddress: "0.0.0.0:39411"
adminAddress: "0.0.0.0:39411"
startupRole: FOLLOWER
,id: "s12"
address: "0.0.0.0:36717"
clientAddress: "0.0.0.0:36717"
adminAddress: "0.0.0.0:36717"
startupRole: FOLLOWER
,id: "s14"
address: "0.0.0.0:36477"
clientAddress: "0.0.0.0:36477"
adminAddress: "0.0.0.0:36477"
startupRole: FOLLOWER
,id: "s0"
address: "0.0.0.0:43787"
clientAddress: "0.0.0.0:43787"
adminAddress: "0.0.0.0:43787"
startupRole: FOLLOWER
,id: "s1"
address: "0.0.0.0:45531"
clientAddress: "0.0.0.0:45531"
adminAddress: "0.0.0.0:45531"
startupRole: FOLLOWER
,id: "s2"
address: "0.0.0.0:39635"
clientAddress: "0.0.0.0:39635"
adminAddress: "0.0.0.0:39635"
startupRole: FOLLOWER
, old:)]
2023-03-17 00:26:26,468 INFO  server.RaftServer$Division (ServerState.java:setRaftConf(378)) - s3@group-6E994AD85659: set configuration 123: peers:[s3|rpc:0.0.0.0:36277|dataStream:|priority:0|startupRole:FOLLOWER, s4|rpc:0.0.0.0:39523|dataStream:|priority:0|startupRole:FOLLOWER, s5|rpc:0.0.0.0:38791|dataStream:|priority:0|startupRole:FOLLOWER, s6|rpc:0.0.0.0:34503|dataStream:|priority:0|startupRole:FOLLOWER, s7|rpc:0.0.0.0:44573|dataStream:|priority:0|startupRole:FOLLOWER, s8|rpc:0.0.0.0:45461|dataStream:|priority:0|startupRole:FOLLOWER, s9|rpc:0.0.0.0:42413|dataStream:|priority:0|startupRole:FOLLOWER, s11|rpc:0.0.0.0:37111|dataStream:|priority:0|startupRole:FOLLOWER, s10|rpc:0.0.0.0:37585|dataStream:|priority:0|startupRole:FOLLOWER, s13|rpc:0.0.0.0:39411|dataStream:|priority:0|startupRole:FOLLOWER, s12|rpc:0.0.0.0:36717|dataStream:|priority:0|startupRole:FOLLOWER, s14|rpc:0.0.0.0:36477|dataStream:|priority:0|startupRole:FOLLOWER, s0|rpc:0.0.0.0:43787|dataStream:|priority:0|startupRole:FOLLOWER, s1|rpc:0.0.0.0:45531|dataStream:|priority:0|startupRole:FOLLOWER, s2|rpc:0.0.0.0:39635|dataStream:|priority:0|startupRole:FOLLOWER]|listeners:[], old=null
2023-03-17 00:26:26,470 DEBUG server.RaftServer$Division (RaftServerImpl.java:logAppendEntries(1430)) - s9@group-6E994AD85659: receive appendEntries(s1, 1, (t:1, i:123), 123, true, commits:[s1:c123, s10:c120, s0:c121, s3:c121, s4:c121, s11:c121, s5:c121, s6:c121, s13:c-1, s7:c121, s12:c121, s8:c121, s9:c121, s14:c121, s2:c120], cId:7623, entries: [(t:1, i:124), METADATAENTRY(c:123)]
2023-03-17 00:26:26,470 DEBUG server.RaftServer$Division (RaftServerImpl.java:logAppendEntries(1430)) - s3@group-6E994AD85659: succeeded to handle AppendEntries. Reply: s1<-s3#7619:OK-t1,SUCCESS,nextIndex=124,followerCommit=122,matchIndex=123
2023-03-17 00:26:26,470 DEBUG server.RaftServer$Division (RaftServerImpl.java:logAppendEntries(1430)) - s5@group-6E994AD85659: succeeded to handle AppendEntries. Reply: s1<-s5#7618:OK-t1,SUCCESS,nextIndex=124,followerCommit=122,matchIndex=123
2023-03-17 00:26:26,470 DEBUG server.RaftServer$Division (RaftServerImpl.java:logAppendEntries(1430)) - s0@group-6E994AD85659: receive appendEntries(s1, 1, (t:1, i:123), 123, true, commits:[s1:c123, s10:c120, s0:c121, s3:c121, s4:c121, s11:c121, s5:c121, s6:c121, s13:c-1, s7:c121, s12:c121, s8:c121, s9:c121, s14:c121, s2:c120], cId:7624, entries: [(t:1, i:124), METADATAENTRY(c:123)]
2023-03-17 00:26:26,471 DEBUG server.RaftServer$Division (RaftServerImpl.java:logAppendEntries(1430)) - s4@group-6E994AD85659: receive appendEntries(s1, 1, (t:1, i:123), 123, true, commits:[s1:c123, s10:c120, s0:c121, s3:c121, s4:c121, s11:c121, s5:c121, s6:c121, s13:c-1, s7:c121, s12:c121, s8:c121, s9:c121, s14:c121, s2:c120], cId:7627, entries: [(t:1, i:124), METADATAENTRY(c:123)]
2023-03-17 00:26:26,471 DEBUG server.RaftServer$Division (RaftServerImpl.java:logAppendEntries(1430)) - s14@group-6E994AD85659: receive appendEntries(s1, 1, (t:1, i:123), 123, true, commits:[s1:c123, s10:c120, s0:c121, s3:c121, s4:c121, s11:c121, s5:c121, s6:c121, s13:c-1, s7:c121, s12:c121, s8:c121, s9:c121, s14:c121, s2:c120], cId:7621, entries: [(t:1, i:124), METADATAENTRY(c:123)]
2023-03-17 00:26:26,471 DEBUG server.RaftServer$Division (RaftServerImpl.java:logAppendEntries(1430)) - s7@group-6E994AD85659: receive appendEntries(s1, 1, (t:1, i:123), 123, true, commits:[s1:c123, s10:c120, s0:c121, s3:c121, s4:c121, s11:c121, s5:c121, s6:c121, s13:c-1, s7:c121, s12:c121, s8:c121, s9:c121, s14:c121, s2:c120], cId:7625, entries: [(t:1, i:124), METADATAENTRY(c:123)]
2023-03-17 00:26:26,471 DEBUG server.RaftServer$Division (RaftServerImpl.java:logAppendEntries(1430)) - s12@group-6E994AD85659: receive appendEntries(s1, 1, (t:1, i:123), 123, true, commits:[s1:c123, s10:c120, s0:c121, s3:c121, s4:c121, s11:c121, s5:c121, s6:c121, s13:c-1, s7:c121, s12:c121, s8:c121, s9:c121, s14:c121, s2:c120], cId:7622, entries: [(t:1, i:124), METADATAENTRY(c:123)]
2023-03-17 00:26:26,471 DEBUG server.RaftServer$Division (RaftServerImpl.java:logAppendEntries(1430)) - s0@group-6E994AD85659: succeeded to handle AppendEntries. Reply: s1<-s0#7624:OK-t1,SUCCESS,nextIndex=125,followerCommit=123,matchIndex=124
2023-03-17 00:26:26,472 DEBUG server.RaftServer$Division (RaftServerImpl.java:logAppendEntries(1430)) - s2@group-6E994AD85659: succeeded to handle AppendEntries. Reply: s1<-s2#7613:OK-t1,SUCCESS,nextIndex=124,followerCommit=121,matchIndex=123
2023-03-17 00:26:26,472 DEBUG server.RaftServer$Division (RaftServerImpl.java:logAppendEntries(1430)) - s8@group-6E994AD85659: receive appendEntries(s1, 1, (t:1, i:123), 123, true, commits:[s1:c123, s10:c120, s0:c121, s3:c121, s4:c121, s11:c121, s5:c121, s6:c121, s13:c-1, s7:c121, s12:c121, s8:c121, s9:c121, s14:c121, s2:c120], cId:7620, entries: [(t:1, i:124), METADATAENTRY(c:123)]
2023-03-17 00:26:26,472 DEBUG server.RaftServer$Division (RaftServerImpl.java:logAppendEntries(1430)) - s14@group-6E994AD85659: succeeded to handle AppendEntries. Reply: s1<-s14#7621:OK-t1,SUCCESS,nextIndex=125,followerCommit=123,matchIndex=124
2023-03-17 00:26:26,472 DEBUG server.RaftServer$Division (RaftServerImpl.java:logAppendEntries(1430)) - s7@group-6E994AD85659: succeeded to handle AppendEntries. Reply: s1<-s7#7625:OK-t1,SUCCESS,nextIndex=125,followerCommit=123,matchIndex=124
2023-03-17 00:26:26,472 DEBUG server.RaftServer$Division (RaftServerImpl.java:logAppendEntries(1430)) - s12@group-6E994AD85659: succeeded to handle AppendEntries. Reply: s1<-s12#7622:OK-t1,SUCCESS,nextIndex=125,followerCommit=123,matchIndex=124
2023-03-17 00:26:26,472 DEBUG server.RaftServer$Division (RaftServerImpl.java:logAppendEntries(1430)) - s8@group-6E994AD85659: succeeded to handle AppendEntries. Reply: s1<-s8#7620:OK-t1,SUCCESS,nextIndex=125,followerCommit=123,matchIndex=124
2023-03-17 00:26:26,473 DEBUG server.RaftServer$Division (RaftServerImpl.java:logAppendEntries(1430)) - s2@group-6E994AD85659: receive appendEntries(s1, 1, (t:1, i:123), 123, true, commits:[s1:c123, s10:c120, s0:c121, s3:c122, s4:c121, s11:c121, s5:c121, s6:c121, s13:c-1, s7:c121, s12:c121, s8:c121, s9:c121, s14:c121, s2:c121], cId:7629, entries: [(t:1, i:124), METADATAENTRY(c:123)]
2023-03-17 00:26:26,473 DEBUG server.RaftServer$Division (RaftServerImpl.java:logAppendEntries(1430)) - s2@group-6E994AD85659: succeeded to handle AppendEntries. Reply: s1<-s2#7629:OK-t1,SUCCESS,nextIndex=125,followerCommit=123,matchIndex=124
2023-03-17 00:26:26,474 DEBUG server.RaftServer$Division (RaftServerImpl.java:logAppendEntries(1430)) - s9@group-6E994AD85659: succeeded to handle AppendEntries. Reply: s1<-s9#7623:OK-t1,SUCCESS,nextIndex=125,followerCommit=123,matchIndex=124
2023-03-17 00:26:26,475 DEBUG server.RaftServer$Division (RaftServerImpl.java:logAppendEntries(1430)) - s4@group-6E994AD85659: succeeded to handle AppendEntries. Reply: s1<-s4#7627:OK-t1,SUCCESS,nextIndex=125,followerCommit=123,matchIndex=124
2023-03-17 00:26:26,475 DEBUG server.RaftServer$Division (RaftServerImpl.java:logAppendEntries(1430)) - s11@group-6E994AD85659: receive appendEntries(s1, 1, (t:1, i:123), 123, true, commits:[s1:c123, s10:c120, s0:c121, s3:c122, s4:c121, s11:c121, s5:c122, s6:c121, s13:c-1, s7:c121, s12:c123, s8:c121, s9:c121, s14:c121, s2:c121], cId:7631, entries: [(t:1, i:124), METADATAENTRY(c:123)]
2023-03-17 00:26:26,475 DEBUG server.RaftServer$Division (RaftServerImpl.java:logAppendEntries(1430)) - s5@group-6E994AD85659: receive appendEntries(s1, 1, (t:1, i:123), 123, true, commits:[s1:c123, s10:c120, s0:c121, s3:c122, s4:c121, s11:c121, s5:c122, s6:c121, s13:c-1, s7:c121, s12:c121, s8:c121, s9:c121, s14:c121, s2:c121], cId:7630, entries: [(t:1, i:124), METADATAENTRY(c:123)]
2023-03-17 00:26:26,475 DEBUG server.RaftServer$Division (RaftServerImpl.java:logAppendEntries(1430)) - s11@group-6E994AD85659: succeeded to handle AppendEntries. Reply: s1<-s11#7631:OK-t1,SUCCESS,nextIndex=125,followerCommit=123,matchIndex=124
2023-03-17 00:26:26,476 DEBUG server.RaftServer$Division (RaftServerImpl.java:logAppendEntries(1430)) - s3@group-6E994AD85659: receive appendEntries(s1, 1, (t:1, i:123), 123, true, commits:[s1:c123, s10:c120, s0:c121, s3:c122, s4:c121, s11:c121, s5:c121, s6:c121, s13:c-1, s7:c121, s12:c121, s8:c121, s9:c121, s14:c121, s2:c120], cId:7628, entries: [(t:1, i:124), METADATAENTRY(c:123)]
2023-03-17 00:26:26,476 DEBUG server.RaftServer$Division (RaftServerImpl.java:logAppendEntries(1430)) - s5@group-6E994AD85659: succeeded to handle AppendEntries. Reply: s1<-s5#7630:OK-t1,SUCCESS,nextIndex=125,followerCommit=123,matchIndex=124
2023-03-17 00:26:26,477 DEBUG server.RaftServer$Division (RaftServerImpl.java:logAppendEntries(1430)) - s3@group-6E994AD85659: succeeded to handle AppendEntries. Reply: s1<-s3#7628:OK-t1,SUCCESS,nextIndex=125,followerCommit=123,matchIndex=124
2023-03-17 00:26:26,478 DEBUG server.RaftServer$Division (RaftServerImpl.java:logAppendEntries(1430)) - s10@group-6E994AD85659: receive appendEntries(s1, 1, (t:1, i:123), 124, true, commits:[s1:c124, s10:c121, s0:c123, s3:c122, s4:c121, s11:c123, s5:c123, s6:c121, s13:c-1, s7:c123, s12:c123, s8:c123, s9:c123, s14:c121, s2:c121], cId:7632, entries: [(t:1, i:124), METADATAENTRY(c:123)]
2023-03-17 00:26:26,478 DEBUG server.RaftServer$Division (RaftServerImpl.java:logAppendEntries(1430)) - s6@group-6E994AD85659: receive appendEntries(s1, 1, (t:1, i:123), 123, true, commits:[s1:c123, s10:c120, s0:c121, s3:c121, s4:c121, s11:c121, s5:c121, s6:c121, s13:c-1, s7:c121, s12:c121, s8:c121, s9:c121, s14:c121, s2:c120], cId:7626, entries: [(t:1, i:124), METADATAENTRY(c:123)]
2023-03-17 00:26:26,479 DEBUG server.RaftServer$Division (RaftServerImpl.java:logAppendEntries(1430)) - s10@group-6E994AD85659: succeeded to handle AppendEntries. Reply: s1<-s10#7632:OK-t1,SUCCESS,nextIndex=125,followerCommit=124,matchIndex=124
2023-03-17 00:26:26,479 DEBUG server.RaftServer$Division (RaftServerImpl.java:logAppendEntries(1430)) - s6@group-6E994AD85659: succeeded to handle AppendEntries. Reply: s1<-s6#7626:OK-t1,SUCCESS,nextIndex=125,followerCommit=123,matchIndex=124
2023-03-17 00:26:26,482 DEBUG server.RaftServer$Division (RaftServerImpl.java:logAppendEntries(1430)) - s13@group-6E994AD85659: succeeded to handle AppendEntries. Reply: s1<-s13#7583:OK-t1,SUCCESS,nextIndex=121,followerCommit=120,matchIndex=120
2023-03-17 00:26:26,483 DEBUG server.RaftServer$Division (RaftServerImpl.java:logAppendEntries(1430)) - s13@group-6E994AD85659: receive appendEntries(s1, 1, (t:1, i:120), 124, true, commits:[s1:c124, s10:c124, s0:c123, s3:c123, s4:c123, s11:c123, s5:c123, s6:c123, s13:c120, s7:c123, s12:c123, s8:c123, s9:c123, s14:c123, s2:c123], cId:7633, entries: [(t:1, i:121), CONFIGURATIONENTRY(current:id: "s3"
address: "0.0.0.0:36277"
clientAddress: "0.0.0.0:36277"
adminAddress: "0.0.0.0:36277"
startupRole: FOLLOWER
,id: "s4"
address: "0.0.0.0:39523"
clientAddress: "0.0.0.0:39523"
adminAddress: "0.0.0.0:39523"
startupRole: FOLLOWER
,id: "s5"
address: "0.0.0.0:38791"
clientAddress: "0.0.0.0:38791"
adminAddress: "0.0.0.0:38791"
startupRole: FOLLOWER
,id: "s6"
address: "0.0.0.0:34503"
clientAddress: "0.0.0.0:34503"
adminAddress: "0.0.0.0:34503"
startupRole: FOLLOWER
,id: "s7"
address: "0.0.0.0:44573"
clientAddress: "0.0.0.0:44573"
adminAddress: "0.0.0.0:44573"
startupRole: FOLLOWER
,id: "s8"
address: "0.0.0.0:45461"
clientAddress: "0.0.0.0:45461"
adminAddress: "0.0.0.0:45461"
startupRole: FOLLOWER
,id: "s9"
address: "0.0.0.0:42413"
clientAddress: "0.0.0.0:42413"
adminAddress: "0.0.0.0:42413"
startupRole: FOLLOWER
,id: "s11"
address: "0.0.0.0:37111"
clientAddress: "0.0.0.0:37111"
adminAddress: "0.0.0.0:37111"
startupRole: FOLLOWER
,id: "s10"
address: "0.0.0.0:37585"
clientAddress: "0.0.0.0:37585"
adminAddress: "0.0.0.0:37585"
startupRole: FOLLOWER
,id: "s13"
address: "0.0.0.0:39411"
clientAddress: "0.0.0.0:39411"
adminAddress: "0.0.0.0:39411"
startupRole: FOLLOWER
,id: "s12"
address: "0.0.0.0:36717"
clientAddress: "0.0.0.0:36717"
adminAddress: "0.0.0.0:36717"
startupRole: FOLLOWER
,id: "s14"
address: "0.0.0.0:36477"
clientAddress: "0.0.0.0:36477"
adminAddress: "0.0.0.0:36477"
startupRole: FOLLOWER
,id: "s0"
address: "0.0.0.0:43787"
clientAddress: "0.0.0.0:43787"
adminAddress: "0.0.0.0:43787"
startupRole: FOLLOWER
,id: "s1"
address: "0.0.0.0:45531"
clientAddress: "0.0.0.0:45531"
adminAddress: "0.0.0.0:45531"
startupRole: FOLLOWER
,id: "s2"
address: "0.0.0.0:39635"
clientAddress: "0.0.0.0:39635"
adminAddress: "0.0.0.0:39635"
startupRole: FOLLOWER
, old:id: "s10"
address: "0.0.0.0:37585"
clientAddress: "0.0.0.0:37585"
adminAddress: "0.0.0.0:37585"
startupRole: FOLLOWER
,id: "s0"
address: "0.0.0.0:43787"
clientAddress: "0.0.0.0:43787"
adminAddress: "0.0.0.0:43787"
startupRole: FOLLOWER
,id: "s1"
address: "0.0.0.0:45531"
clientAddress: "0.0.0.0:45531"
adminAddress: "0.0.0.0:45531"
startupRole: FOLLOWER
), (t:1, i:122), METADATAENTRY(c:121), (t:1, i:123), CONFIGURATIONENTRY(current:id: "s3"
address: "0.0.0.0:36277"
clientAddress: "0.0.0.0:36277"
adminAddress: "0.0.0.0:36277"
startupRole: FOLLOWER
,id: "s4"
address: "0.0.0.0:39523"
clientAddress: "0.0.0.0:39523"
adminAddress: "0.0.0.0:39523"
startupRole: FOLLOWER
,id: "s5"
address: "0.0.0.0:38791"
clientAddress: "0.0.0.0:38791"
adminAddress: "0.0.0.0:38791"
startupRole: FOLLOWER
,id: "s6"
address: "0.0.0.0:34503"
clientAddress: "0.0.0.0:34503"
adminAddress: "0.0.0.0:34503"
startupRole: FOLLOWER
,id: "s7"
address: "0.0.0.0:44573"
clientAddress: "0.0.0.0:44573"
adminAddress: "0.0.0.0:44573"
startupRole: FOLLOWER
,id: "s8"
address: "0.0.0.0:45461"
clientAddress: "0.0.0.0:45461"
adminAddress: "0.0.0.0:45461"
startupRole: FOLLOWER
,id: "s9"
address: "0.0.0.0:42413"
clientAddress: "0.0.0.0:42413"
adminAddress: "0.0.0.0:42413"
startupRole: FOLLOWER
,id: "s11"
address: "0.0.0.0:37111"
clientAddress: "0.0.0.0:37111"
adminAddress: "0.0.0.0:37111"
startupRole: FOLLOWER
,id: "s10"
address: "0.0.0.0:37585"
clientAddress: "0.0.0.0:37585"
adminAddress: "0.0.0.0:37585"
startupRole: FOLLOWER
,id: "s13"
address: "0.0.0.0:39411"
clientAddress: "0.0.0.0:39411"
adminAddress: "0.0.0.0:39411"
startupRole: FOLLOWER
,id: "s12"
address: "0.0.0.0:36717"
clientAddress: "0.0.0.0:36717"
adminAddress: "0.0.0.0:36717"
startupRole: FOLLOWER
,id: "s14"
address: "0.0.0.0:36477"
clientAddress: "0.0.0.0:36477"
adminAddress: "0.0.0.0:36477"
startupRole: FOLLOWER
,id: "s0"
address: "0.0.0.0:43787"
clientAddress: "0.0.0.0:43787"
adminAddress: "0.0.0.0:43787"
startupRole: FOLLOWER
,id: "s1"
address: "0.0.0.0:45531"
clientAddress: "0.0.0.0:45531"
adminAddress: "0.0.0.0:45531"
startupRole: FOLLOWER
,id: "s2"
address: "0.0.0.0:39635"
clientAddress: "0.0.0.0:39635"
adminAddress: "0.0.0.0:39635"
startupRole: FOLLOWER
, old:), (t:1, i:124), METADATAENTRY(c:123)]
2023-03-17 00:26:26,484 INFO  server.RaftServer$Division (ServerState.java:setRaftConf(378)) - s13@group-6E994AD85659: set configuration 121: peers:[s3|rpc:0.0.0.0:36277|dataStream:|priority:0|startupRole:FOLLOWER, s4|rpc:0.0.0.0:39523|dataStream:|priority:0|startupRole:FOLLOWER, s5|rpc:0.0.0.0:38791|dataStream:|priority:0|startupRole:FOLLOWER, s6|rpc:0.0.0.0:34503|dataStream:|priority:0|startupRole:FOLLOWER, s7|rpc:0.0.0.0:44573|dataStream:|priority:0|startupRole:FOLLOWER, s8|rpc:0.0.0.0:45461|dataStream:|priority:0|startupRole:FOLLOWER, s9|rpc:0.0.0.0:42413|dataStream:|priority:0|startupRole:FOLLOWER, s11|rpc:0.0.0.0:37111|dataStream:|priority:0|startupRole:FOLLOWER, s10|rpc:0.0.0.0:37585|dataStream:|priority:0|startupRole:FOLLOWER, s13|rpc:0.0.0.0:39411|dataStream:|priority:0|startupRole:FOLLOWER, s12|rpc:0.0.0.0:36717|dataStream:|priority:0|startupRole:FOLLOWER, s14|rpc:0.0.0.0:36477|dataStream:|priority:0|startupRole:FOLLOWER, s0|rpc:0.0.0.0:43787|dataStream:|priority:0|startupRole:FOLLOWER, s1|rpc:0.0.0.0:45531|dataStream:|priority:0|startupRole:FOLLOWER, s2|rpc:0.0.0.0:39635|dataStream:|priority:0|startupRole:FOLLOWER]|listeners:[], old=peers:[s10|rpc:0.0.0.0:37585|dataStream:|priority:0|startupRole:FOLLOWER, s0|rpc:0.0.0.0:43787|dataStream:|priority:0|startupRole:FOLLOWER, s1|rpc:0.0.0.0:45531|dataStream:|priority:0|startupRole:FOLLOWER]|listeners:[]
2023-03-17 00:26:26,484 INFO  server.RaftServer$Division (ServerState.java:setRaftConf(378)) - s13@group-6E994AD85659: set configuration 123: peers:[s3|rpc:0.0.0.0:36277|dataStream:|priority:0|startupRole:FOLLOWER, s4|rpc:0.0.0.0:39523|dataStream:|priority:0|startupRole:FOLLOWER, s5|rpc:0.0.0.0:38791|dataStream:|priority:0|startupRole:FOLLOWER, s6|rpc:0.0.0.0:34503|dataStream:|priority:0|startupRole:FOLLOWER, s7|rpc:0.0.0.0:44573|dataStream:|priority:0|startupRole:FOLLOWER, s8|rpc:0.0.0.0:45461|dataStream:|priority:0|startupRole:FOLLOWER, s9|rpc:0.0.0.0:42413|dataStream:|priority:0|startupRole:FOLLOWER, s11|rpc:0.0.0.0:37111|dataStream:|priority:0|startupRole:FOLLOWER, s10|rpc:0.0.0.0:37585|dataStream:|priority:0|startupRole:FOLLOWER, s13|rpc:0.0.0.0:39411|dataStream:|priority:0|startupRole:FOLLOWER, s12|rpc:0.0.0.0:36717|dataStream:|priority:0|startupRole:FOLLOWER, s14|rpc:0.0.0.0:36477|dataStream:|priority:0|startupRole:FOLLOWER, s0|rpc:0.0.0.0:43787|dataStream:|priority:0|startupRole:FOLLOWER, s1|rpc:0.0.0.0:45531|dataStream:|priority:0|startupRole:FOLLOWER, s2|rpc:0.0.0.0:39635|dataStream:|priority:0|startupRole:FOLLOWER]|listeners:[], old=null
2023-03-17 00:26:26,485 DEBUG server.RaftServer$Division (RaftServerImpl.java:logAppendEntries(1430)) - s13@group-6E994AD85659: succeeded to handle AppendEntries. Reply: s1<-s13#7633:OK-t1,SUCCESS,nextIndex=125,followerCommit=124,matchIndex=124
2023-03-17 00:26:26,507 INFO  server.RaftServerConfigKeys (ConfUtils.java:logGet(46)) - raft.server.rpc.timeout.max = 600ms (custom)
2023-03-17 00:26:26,508 INFO  ratis.RaftTestUtil (RaftTestUtil.java:waitForLeader(100)) - printing ALL groups
  s3:  RUNNING [
   FOLLOWER s3@group-6E994AD85659:t1, leader=s1, voted=null, raftlog=Memoized:s3@group-6E994AD85659-SegmentedRaftLog:OPENED:c123, conf=123: peers:[s3|rpc:0.0.0.0:36277|dataStream:|priority:0|startupRole:FOLLOWER, s4|rpc:0.0.0.0:39523|dataStream:|priority:0|startupRole:FOLLOWER, s5|rpc:0.0.0.0:38791|dataStream:|priority:0|startupRole:FOLLOWER, s6|rpc:0.0.0.0:34503|dataStream:|priority:0|startupRole:FOLLOWER, s7|rpc:0.0.0.0:44573|dataStream:|priority:0|startupRole:FOLLOWER, s8|rpc:0.0.0.0:45461|dataStream:|priority:0|startupRole:FOLLOWER, s9|rpc:0.0.0.0:42413|dataStream:|priority:0|startupRole:FOLLOWER, s11|rpc:0.0.0.0:37111|dataStream:|priority:0|startupRole:FOLLOWER, s10|rpc:0.0.0.0:37585|dataStream:|priority:0|startupRole:FOLLOWER, s13|rpc:0.0.0.0:39411|dataStream:|priority:0|startupRole:FOLLOWER, s12|rpc:0.0.0.0:36717|dataStream:|priority:0|startupRole:FOLLOWER, s14|rpc:0.0.0.0:36477|dataStream:|priority:0|startupRole:FOLLOWER, s0|rpc:0.0.0.0:43787|dataStream:|priority:0|startupRole:FOLLOWER, s1|rpc:0.0.0.0:45531|dataStream:|priority:0|startupRole:FOLLOWER, s2|rpc:0.0.0.0:39635|dataStream:|priority:0|startupRole:FOLLOWER]|listeners:[], old=null RUNNING
   FOLLOWER s3@group-38FE90E113AE:t0, leader=null, voted=, raftlog=Memoized:s3@group-38FE90E113AE-SegmentedRaftLog:OPENED:c-1, conf=-1: peers:[]|listeners:[], old=null STARTING] size=2
  s4:  RUNNING [
   FOLLOWER s4@group-6E994AD85659:t1, leader=s1, voted=null, raftlog=Memoized:s4@group-6E994AD85659-SegmentedRaftLog:OPENED:c123, conf=123: peers:[s3|rpc:0.0.0.0:36277|dataStream:|priority:0|startupRole:FOLLOWER, s4|rpc:0.0.0.0:39523|dataStream:|priority:0|startupRole:FOLLOWER, s5|rpc:0.0.0.0:38791|dataStream:|priority:0|startupRole:FOLLOWER, s6|rpc:0.0.0.0:34503|dataStream:|priority:0|startupRole:FOLLOWER, s7|rpc:0.0.0.0:44573|dataStream:|priority:0|startupRole:FOLLOWER, s8|rpc:0.0.0.0:45461|dataStream:|priority:0|startupRole:FOLLOWER, s9|rpc:0.0.0.0:42413|dataStream:|priority:0|startupRole:FOLLOWER, s11|rpc:0.0.0.0:37111|dataStream:|priority:0|startupRole:FOLLOWER, s10|rpc:0.0.0.0:37585|dataStream:|priority:0|startupRole:FOLLOWER, s13|rpc:0.0.0.0:39411|dataStream:|priority:0|startupRole:FOLLOWER, s12|rpc:0.0.0.0:36717|dataStream:|priority:0|startupRole:FOLLOWER, s14|rpc:0.0.0.0:36477|dataStream:|priority:0|startupRole:FOLLOWER, s0|rpc:0.0.0.0:43787|dataStream:|priority:0|startupRole:FOLLOWER, s1|rpc:0.0.0.0:45531|dataStream:|priority:0|startupRole:FOLLOWER, s2|rpc:0.0.0.0:39635|dataStream:|priority:0|startupRole:FOLLOWER]|listeners:[], old=null RUNNING
   FOLLOWER s4@group-38FE90E113AE:t0, leader=null, voted=, raftlog=Memoized:s4@group-38FE90E113AE-SegmentedRaftLog:OPENED:c-1, conf=-1: peers:[]|listeners:[], old=null STARTING] size=2
  s5:  RUNNING [
   FOLLOWER s5@group-6E994AD85659:t1, leader=s1, voted=null, raftlog=Memoized:s5@group-6E994AD85659-SegmentedRaftLog:OPENED:c123, conf=123: peers:[s3|rpc:0.0.0.0:36277|dataStream:|priority:0|startupRole:FOLLOWER, s4|rpc:0.0.0.0:39523|dataStream:|priority:0|startupRole:FOLLOWER, s5|rpc:0.0.0.0:38791|dataStream:|priority:0|startupRole:FOLLOWER, s6|rpc:0.0.0.0:34503|dataStream:|priority:0|startupRole:FOLLOWER, s7|rpc:0.0.0.0:44573|dataStream:|priority:0|startupRole:FOLLOWER, s8|rpc:0.0.0.0:45461|dataStream:|priority:0|startupRole:FOLLOWER, s9|rpc:0.0.0.0:42413|dataStream:|priority:0|startupRole:FOLLOWER, s11|rpc:0.0.0.0:37111|dataStream:|priority:0|startupRole:FOLLOWER, s10|rpc:0.0.0.0:37585|dataStream:|priority:0|startupRole:FOLLOWER, s13|rpc:0.0.0.0:39411|dataStream:|priority:0|startupRole:FOLLOWER, s12|rpc:0.0.0.0:36717|dataStream:|priority:0|startupRole:FOLLOWER, s14|rpc:0.0.0.0:36477|dataStream:|priority:0|startupRole:FOLLOWER, s0|rpc:0.0.0.0:43787|dataStream:|priority:0|startupRole:FOLLOWER, s1|rpc:0.0.0.0:45531|dataStream:|priority:0|startupRole:FOLLOWER, s2|rpc:0.0.0.0:39635|dataStream:|priority:0|startupRole:FOLLOWER]|listeners:[], old=null RUNNING
   FOLLOWER s5@group-38FE90E113AE:t0, leader=null, voted=, raftlog=Memoized:s5@group-38FE90E113AE-SegmentedRaftLog:OPENED:c-1, conf=-1: peers:[]|listeners:[], old=null STARTING] size=2
  s6:  RUNNING [
   FOLLOWER s6@group-6E994AD85659:t1, leader=s1, voted=null, raftlog=Memoized:s6@group-6E994AD85659-SegmentedRaftLog:OPENED:c123, conf=123: peers:[s3|rpc:0.0.0.0:36277|dataStream:|priority:0|startupRole:FOLLOWER, s4|rpc:0.0.0.0:39523|dataStream:|priority:0|startupRole:FOLLOWER, s5|rpc:0.0.0.0:38791|dataStream:|priority:0|startupRole:FOLLOWER, s6|rpc:0.0.0.0:34503|dataStream:|priority:0|startupRole:FOLLOWER, s7|rpc:0.0.0.0:44573|dataStream:|priority:0|startupRole:FOLLOWER, s8|rpc:0.0.0.0:45461|dataStream:|priority:0|startupRole:FOLLOWER, s9|rpc:0.0.0.0:42413|dataStream:|priority:0|startupRole:FOLLOWER, s11|rpc:0.0.0.0:37111|dataStream:|priority:0|startupRole:FOLLOWER, s10|rpc:0.0.0.0:37585|dataStream:|priority:0|startupRole:FOLLOWER, s13|rpc:0.0.0.0:39411|dataStream:|priority:0|startupRole:FOLLOWER, s12|rpc:0.0.0.0:36717|dataStream:|priority:0|startupRole:FOLLOWER, s14|rpc:0.0.0.0:36477|dataStream:|priority:0|startupRole:FOLLOWER, s0|rpc:0.0.0.0:43787|dataStream:|priority:0|startupRole:FOLLOWER, s1|rpc:0.0.0.0:45531|dataStream:|priority:0|startupRole:FOLLOWER, s2|rpc:0.0.0.0:39635|dataStream:|priority:0|startupRole:FOLLOWER]|listeners:[], old=null RUNNING
   FOLLOWER s6@group-38FE90E113AE:t0, leader=null, voted=, raftlog=Memoized:s6@group-38FE90E113AE-SegmentedRaftLog:OPENED:c-1, conf=-1: peers:[]|listeners:[], old=null STARTING] size=2
  s7:  RUNNING [
   FOLLOWER s7@group-6E994AD85659:t1, leader=s1, voted=null, raftlog=Memoized:s7@group-6E994AD85659-SegmentedRaftLog:OPENED:c123, conf=123: peers:[s3|rpc:0.0.0.0:36277|dataStream:|priority:0|startupRole:FOLLOWER, s4|rpc:0.0.0.0:39523|dataStream:|priority:0|startupRole:FOLLOWER, s5|rpc:0.0.0.0:38791|dataStream:|priority:0|startupRole:FOLLOWER, s6|rpc:0.0.0.0:34503|dataStream:|priority:0|startupRole:FOLLOWER, s7|rpc:0.0.0.0:44573|dataStream:|priority:0|startupRole:FOLLOWER, s8|rpc:0.0.0.0:45461|dataStream:|priority:0|startupRole:FOLLOWER, s9|rpc:0.0.0.0:42413|dataStream:|priority:0|startupRole:FOLLOWER, s11|rpc:0.0.0.0:37111|dataStream:|priority:0|startupRole:FOLLOWER, s10|rpc:0.0.0.0:37585|dataStream:|priority:0|startupRole:FOLLOWER, s13|rpc:0.0.0.0:39411|dataStream:|priority:0|startupRole:FOLLOWER, s12|rpc:0.0.0.0:36717|dataStream:|priority:0|startupRole:FOLLOWER, s14|rpc:0.0.0.0:36477|dataStream:|priority:0|startupRole:FOLLOWER, s0|rpc:0.0.0.0:43787|dataStream:|priority:0|startupRole:FOLLOWER, s1|rpc:0.0.0.0:45531|dataStream:|priority:0|startupRole:FOLLOWER, s2|rpc:0.0.0.0:39635|dataStream:|priority:0|startupRole:FOLLOWER]|listeners:[], old=null RUNNING
   FOLLOWER s7@group-38FE90E113AE:t0, leader=null, voted=, raftlog=Memoized:s7@group-38FE90E113AE-SegmentedRaftLog:OPENED:c-1, conf=-1: peers:[]|listeners:[], old=null STARTING] size=2
  s8:  RUNNING [
   FOLLOWER s8@group-6E994AD85659:t1, leader=s1, voted=null, raftlog=Memoized:s8@group-6E994AD85659-SegmentedRaftLog:OPENED:c123, conf=123: peers:[s3|rpc:0.0.0.0:36277|dataStream:|priority:0|startupRole:FOLLOWER, s4|rpc:0.0.0.0:39523|dataStream:|priority:0|startupRole:FOLLOWER, s5|rpc:0.0.0.0:38791|dataStream:|priority:0|startupRole:FOLLOWER, s6|rpc:0.0.0.0:34503|dataStream:|priority:0|startupRole:FOLLOWER, s7|rpc:0.0.0.0:44573|dataStream:|priority:0|startupRole:FOLLOWER, s8|rpc:0.0.0.0:45461|dataStream:|priority:0|startupRole:FOLLOWER, s9|rpc:0.0.0.0:42413|dataStream:|priority:0|startupRole:FOLLOWER, s11|rpc:0.0.0.0:37111|dataStream:|priority:0|startupRole:FOLLOWER, s10|rpc:0.0.0.0:37585|dataStream:|priority:0|startupRole:FOLLOWER, s13|rpc:0.0.0.0:39411|dataStream:|priority:0|startupRole:FOLLOWER, s12|rpc:0.0.0.0:36717|dataStream:|priority:0|startupRole:FOLLOWER, s14|rpc:0.0.0.0:36477|dataStream:|priority:0|startupRole:FOLLOWER, s0|rpc:0.0.0.0:43787|dataStream:|priority:0|startupRole:FOLLOWER, s1|rpc:0.0.0.0:45531|dataStream:|priority:0|startupRole:FOLLOWER, s2|rpc:0.0.0.0:39635|dataStream:|priority:0|startupRole:FOLLOWER]|listeners:[], old=null RUNNING
   FOLLOWER s8@group-38FE90E113AE:t0, leader=null, voted=, raftlog=Memoized:s8@group-38FE90E113AE-SegmentedRaftLog:OPENED:c-1, conf=-1: peers:[]|listeners:[], old=null STARTING] size=2
  s9:  RUNNING [
   FOLLOWER s9@group-6E994AD85659:t1, leader=s1, voted=null, raftlog=Memoized:s9@group-6E994AD85659-SegmentedRaftLog:OPENED:c123, conf=123: peers:[s3|rpc:0.0.0.0:36277|dataStream:|priority:0|startupRole:FOLLOWER, s4|rpc:0.0.0.0:39523|dataStream:|priority:0|startupRole:FOLLOWER, s5|rpc:0.0.0.0:38791|dataStream:|priority:0|startupRole:FOLLOWER, s6|rpc:0.0.0.0:34503|dataStream:|priority:0|startupRole:FOLLOWER, s7|rpc:0.0.0.0:44573|dataStream:|priority:0|startupRole:FOLLOWER, s8|rpc:0.0.0.0:45461|dataStream:|priority:0|startupRole:FOLLOWER, s9|rpc:0.0.0.0:42413|dataStream:|priority:0|startupRole:FOLLOWER, s11|rpc:0.0.0.0:37111|dataStream:|priority:0|startupRole:FOLLOWER, s10|rpc:0.0.0.0:37585|dataStream:|priority:0|startupRole:FOLLOWER, s13|rpc:0.0.0.0:39411|dataStream:|priority:0|startupRole:FOLLOWER, s12|rpc:0.0.0.0:36717|dataStream:|priority:0|startupRole:FOLLOWER, s14|rpc:0.0.0.0:36477|dataStream:|priority:0|startupRole:FOLLOWER, s0|rpc:0.0.0.0:43787|dataStream:|priority:0|startupRole:FOLLOWER, s1|rpc:0.0.0.0:45531|dataStream:|priority:0|startupRole:FOLLOWER, s2|rpc:0.0.0.0:39635|dataStream:|priority:0|startupRole:FOLLOWER]|listeners:[], old=null RUNNING
   FOLLOWER s9@group-38FE90E113AE:t0, leader=null, voted=, raftlog=Memoized:s9@group-38FE90E113AE-SegmentedRaftLog:OPENED:c-1, conf=-1: peers:[]|listeners:[], old=null STARTING] size=2
  s11:  RUNNING [
   FOLLOWER s11@group-6E994AD85659:t1, leader=s1, voted=null, raftlog=Memoized:s11@group-6E994AD85659-SegmentedRaftLog:OPENED:c123, conf=123: peers:[s3|rpc:0.0.0.0:36277|dataStream:|priority:0|startupRole:FOLLOWER, s4|rpc:0.0.0.0:39523|dataStream:|priority:0|startupRole:FOLLOWER, s5|rpc:0.0.0.0:38791|dataStream:|priority:0|startupRole:FOLLOWER, s6|rpc:0.0.0.0:34503|dataStream:|priority:0|startupRole:FOLLOWER, s7|rpc:0.0.0.0:44573|dataStream:|priority:0|startupRole:FOLLOWER, s8|rpc:0.0.0.0:45461|dataStream:|priority:0|startupRole:FOLLOWER, s9|rpc:0.0.0.0:42413|dataStream:|priority:0|startupRole:FOLLOWER, s11|rpc:0.0.0.0:37111|dataStream:|priority:0|startupRole:FOLLOWER, s10|rpc:0.0.0.0:37585|dataStream:|priority:0|startupRole:FOLLOWER, s13|rpc:0.0.0.0:39411|dataStream:|priority:0|startupRole:FOLLOWER, s12|rpc:0.0.0.0:36717|dataStream:|priority:0|startupRole:FOLLOWER, s14|rpc:0.0.0.0:36477|dataStream:|priority:0|startupRole:FOLLOWER, s0|rpc:0.0.0.0:43787|dataStream:|priority:0|startupRole:FOLLOWER, s1|rpc:0.0.0.0:45531|dataStream:|priority:0|startupRole:FOLLOWER, s2|rpc:0.0.0.0:39635|dataStream:|priority:0|startupRole:FOLLOWER]|listeners:[], old=null RUNNING
   FOLLOWER s11@group-38FE90E113AE:t0, leader=null, voted=, raftlog=Memoized:s11@group-38FE90E113AE-SegmentedRaftLog:OPENED:c-1, conf=-1: peers:[]|listeners:[], old=null STARTING] size=2
  s10:  RUNNING [
   FOLLOWER s10@group-6E994AD85659:t1, leader=s1, voted=s1, raftlog=Memoized:s10@group-6E994AD85659-SegmentedRaftLog:OPENED:c124, conf=123: peers:[s3|rpc:0.0.0.0:36277|dataStream:|priority:0|startupRole:FOLLOWER, s4|rpc:0.0.0.0:39523|dataStream:|priority:0|startupRole:FOLLOWER, s5|rpc:0.0.0.0:38791|dataStream:|priority:0|startupRole:FOLLOWER, s6|rpc:0.0.0.0:34503|dataStream:|priority:0|startupRole:FOLLOWER, s7|rpc:0.0.0.0:44573|dataStream:|priority:0|startupRole:FOLLOWER, s8|rpc:0.0.0.0:45461|dataStream:|priority:0|startupRole:FOLLOWER, s9|rpc:0.0.0.0:42413|dataStream:|priority:0|startupRole:FOLLOWER, s11|rpc:0.0.0.0:37111|dataStream:|priority:0|startupRole:FOLLOWER, s10|rpc:0.0.0.0:37585|dataStream:|priority:0|startupRole:FOLLOWER, s13|rpc:0.0.0.0:39411|dataStream:|priority:0|startupRole:FOLLOWER, s12|rpc:0.0.0.0:36717|dataStream:|priority:0|startupRole:FOLLOWER, s14|rpc:0.0.0.0:36477|dataStream:|priority:0|startupRole:FOLLOWER, s0|rpc:0.0.0.0:43787|dataStream:|priority:0|startupRole:FOLLOWER, s1|rpc:0.0.0.0:45531|dataStream:|priority:0|startupRole:FOLLOWER, s2|rpc:0.0.0.0:39635|dataStream:|priority:0|startupRole:FOLLOWER]|listeners:[], old=null RUNNING
   FOLLOWER s10@group-38FE90E113AE:t0, leader=null, voted=, raftlog=Memoized:s10@group-38FE90E113AE-SegmentedRaftLog:OPENED:c-1, conf=-1: peers:[]|listeners:[], old=null STARTING] size=2
  s13:  RUNNING [
   FOLLOWER s13@group-6E994AD85659:t1, leader=s1, voted=null, raftlog=Memoized:s13@group-6E994AD85659-SegmentedRaftLog:OPENED:c124, conf=123: peers:[s3|rpc:0.0.0.0:36277|dataStream:|priority:0|startupRole:FOLLOWER, s4|rpc:0.0.0.0:39523|dataStream:|priority:0|startupRole:FOLLOWER, s5|rpc:0.0.0.0:38791|dataStream:|priority:0|startupRole:FOLLOWER, s6|rpc:0.0.0.0:34503|dataStream:|priority:0|startupRole:FOLLOWER, s7|rpc:0.0.0.0:44573|dataStream:|priority:0|startupRole:FOLLOWER, s8|rpc:0.0.0.0:45461|dataStream:|priority:0|startupRole:FOLLOWER, s9|rpc:0.0.0.0:42413|dataStream:|priority:0|startupRole:FOLLOWER, s11|rpc:0.0.0.0:37111|dataStream:|priority:0|startupRole:FOLLOWER, s10|rpc:0.0.0.0:37585|dataStream:|priority:0|startupRole:FOLLOWER, s13|rpc:0.0.0.0:39411|dataStream:|priority:0|startupRole:FOLLOWER, s12|rpc:0.0.0.0:36717|dataStream:|priority:0|startupRole:FOLLOWER, s14|rpc:0.0.0.0:36477|dataStream:|priority:0|startupRole:FOLLOWER, s0|rpc:0.0.0.0:43787|dataStream:|priority:0|startupRole:FOLLOWER, s1|rpc:0.0.0.0:45531|dataStream:|priority:0|startupRole:FOLLOWER, s2|rpc:0.0.0.0:39635|dataStream:|priority:0|startupRole:FOLLOWER]|listeners:[], old=null RUNNING
   FOLLOWER s13@group-38FE90E113AE:t0, leader=null, voted=, raftlog=Memoized:s13@group-38FE90E113AE-SegmentedRaftLog:OPENED:c-1, conf=-1: peers:[]|listeners:[], old=null STARTING] size=2
  s12:  RUNNING [
   FOLLOWER s12@group-6E994AD85659:t1, leader=s1, voted=null, raftlog=Memoized:s12@group-6E994AD85659-SegmentedRaftLog:OPENED:c123, conf=123: peers:[s3|rpc:0.0.0.0:36277|dataStream:|priority:0|startupRole:FOLLOWER, s4|rpc:0.0.0.0:39523|dataStream:|priority:0|startupRole:FOLLOWER, s5|rpc:0.0.0.0:38791|dataStream:|priority:0|startupRole:FOLLOWER, s6|rpc:0.0.0.0:34503|dataStream:|priority:0|startupRole:FOLLOWER, s7|rpc:0.0.0.0:44573|dataStream:|priority:0|startupRole:FOLLOWER, s8|rpc:0.0.0.0:45461|dataStream:|priority:0|startupRole:FOLLOWER, s9|rpc:0.0.0.0:42413|dataStream:|priority:0|startupRole:FOLLOWER, s11|rpc:0.0.0.0:37111|dataStream:|priority:0|startupRole:FOLLOWER, s10|rpc:0.0.0.0:37585|dataStream:|priority:0|startupRole:FOLLOWER, s13|rpc:0.0.0.0:39411|dataStream:|priority:0|startupRole:FOLLOWER, s12|rpc:0.0.0.0:36717|dataStream:|priority:0|startupRole:FOLLOWER, s14|rpc:0.0.0.0:36477|dataStream:|priority:0|startupRole:FOLLOWER, s0|rpc:0.0.0.0:43787|dataStream:|priority:0|startupRole:FOLLOWER, s1|rpc:0.0.0.0:45531|dataStream:|priority:0|startupRole:FOLLOWER, s2|rpc:0.0.0.0:39635|dataStream:|priority:0|startupRole:FOLLOWER]|listeners:[], old=null RUNNING
   FOLLOWER s12@group-38FE90E113AE:t0, leader=null, voted=, raftlog=Memoized:s12@group-38FE90E113AE-SegmentedRaftLog:OPENED:c-1, conf=-1: peers:[]|listeners:[], old=null STARTING] size=2
  s14:  RUNNING [
   FOLLOWER s14@group-6E994AD85659:t1, leader=s1, voted=null, raftlog=Memoized:s14@group-6E994AD85659-SegmentedRaftLog:OPENED:c123, conf=123: peers:[s3|rpc:0.0.0.0:36277|dataStream:|priority:0|startupRole:FOLLOWER, s4|rpc:0.0.0.0:39523|dataStream:|priority:0|startupRole:FOLLOWER, s5|rpc:0.0.0.0:38791|dataStream:|priority:0|startupRole:FOLLOWER, s6|rpc:0.0.0.0:34503|dataStream:|priority:0|startupRole:FOLLOWER, s7|rpc:0.0.0.0:44573|dataStream:|priority:0|startupRole:FOLLOWER, s8|rpc:0.0.0.0:45461|dataStream:|priority:0|startupRole:FOLLOWER, s9|rpc:0.0.0.0:42413|dataStream:|priority:0|startupRole:FOLLOWER, s11|rpc:0.0.0.0:37111|dataStream:|priority:0|startupRole:FOLLOWER, s10|rpc:0.0.0.0:37585|dataStream:|priority:0|startupRole:FOLLOWER, s13|rpc:0.0.0.0:39411|dataStream:|priority:0|startupRole:FOLLOWER, s12|rpc:0.0.0.0:36717|dataStream:|priority:0|startupRole:FOLLOWER, s14|rpc:0.0.0.0:36477|dataStream:|priority:0|startupRole:FOLLOWER, s0|rpc:0.0.0.0:43787|dataStream:|priority:0|startupRole:FOLLOWER, s1|rpc:0.0.0.0:45531|dataStream:|priority:0|startupRole:FOLLOWER, s2|rpc:0.0.0.0:39635|dataStream:|priority:0|startupRole:FOLLOWER]|listeners:[], old=null RUNNING
   FOLLOWER s14@group-38FE90E113AE:t0, leader=null, voted=, raftlog=Memoized:s14@group-38FE90E113AE-SegmentedRaftLog:OPENED:c-1, conf=-1: peers:[]|listeners:[], old=null STARTING] size=2
  s0:  RUNNING [
   FOLLOWER s0@group-6E994AD85659:t1, leader=s1, voted=s1, raftlog=Memoized:s0@group-6E994AD85659-SegmentedRaftLog:OPENED:c123, conf=123: peers:[s3|rpc:0.0.0.0:36277|dataStream:|priority:0|startupRole:FOLLOWER, s4|rpc:0.0.0.0:39523|dataStream:|priority:0|startupRole:FOLLOWER, s5|rpc:0.0.0.0:38791|dataStream:|priority:0|startupRole:FOLLOWER, s6|rpc:0.0.0.0:34503|dataStream:|priority:0|startupRole:FOLLOWER, s7|rpc:0.0.0.0:44573|dataStream:|priority:0|startupRole:FOLLOWER, s8|rpc:0.0.0.0:45461|dataStream:|priority:0|startupRole:FOLLOWER, s9|rpc:0.0.0.0:42413|dataStream:|priority:0|startupRole:FOLLOWER, s11|rpc:0.0.0.0:37111|dataStream:|priority:0|startupRole:FOLLOWER, s10|rpc:0.0.0.0:37585|dataStream:|priority:0|startupRole:FOLLOWER, s13|rpc:0.0.0.0:39411|dataStream:|priority:0|startupRole:FOLLOWER, s12|rpc:0.0.0.0:36717|dataStream:|priority:0|startupRole:FOLLOWER, s14|rpc:0.0.0.0:36477|dataStream:|priority:0|startupRole:FOLLOWER, s0|rpc:0.0.0.0:43787|dataStream:|priority:0|startupRole:FOLLOWER, s1|rpc:0.0.0.0:45531|dataStream:|priority:0|startupRole:FOLLOWER, s2|rpc:0.0.0.0:39635|dataStream:|priority:0|startupRole:FOLLOWER]|listeners:[], old=null RUNNING
   FOLLOWER s0@group-38FE90E113AE:t0, leader=null, voted=, raftlog=Memoized:s0@group-38FE90E113AE-SegmentedRaftLog:OPENED:c-1, conf=-1: peers:[]|listeners:[], old=null STARTING] size=2
  s1:  RUNNING [
     LEADER s1@group-6E994AD85659:t1, leader=s1, voted=s1, raftlog=Memoized:s1@group-6E994AD85659-SegmentedRaftLog:OPENED:c124, conf=123: peers:[s3|rpc:0.0.0.0:36277|dataStream:|priority:0|startupRole:FOLLOWER, s4|rpc:0.0.0.0:39523|dataStream:|priority:0|startupRole:FOLLOWER, s5|rpc:0.0.0.0:38791|dataStream:|priority:0|startupRole:FOLLOWER, s6|rpc:0.0.0.0:34503|dataStream:|priority:0|startupRole:FOLLOWER, s7|rpc:0.0.0.0:44573|dataStream:|priority:0|startupRole:FOLLOWER, s8|rpc:0.0.0.0:45461|dataStream:|priority:0|startupRole:FOLLOWER, s9|rpc:0.0.0.0:42413|dataStream:|priority:0|startupRole:FOLLOWER, s11|rpc:0.0.0.0:37111|dataStream:|priority:0|startupRole:FOLLOWER, s10|rpc:0.0.0.0:37585|dataStream:|priority:0|startupRole:FOLLOWER, s13|rpc:0.0.0.0:39411|dataStream:|priority:0|startupRole:FOLLOWER, s12|rpc:0.0.0.0:36717|dataStream:|priority:0|startupRole:FOLLOWER, s14|rpc:0.0.0.0:36477|dataStream:|priority:0|startupRole:FOLLOWER, s0|rpc:0.0.0.0:43787|dataStream:|priority:0|startupRole:FOLLOWER, s1|rpc:0.0.0.0:45531|dataStream:|priority:0|startupRole:FOLLOWER, s2|rpc:0.0.0.0:39635|dataStream:|priority:0|startupRole:FOLLOWER]|listeners:[], old=null RUNNING
   FOLLOWER s1@group-38FE90E113AE:t0, leader=null, voted=, raftlog=Memoized:s1@group-38FE90E113AE-SegmentedRaftLog:OPENED:c-1, conf=-1: peers:[]|listeners:[], old=null STARTING] size=2
  s2:  RUNNING [
   FOLLOWER s2@group-6E994AD85659:t1, leader=s1, voted=null, raftlog=Memoized:s2@group-6E994AD85659-SegmentedRaftLog:OPENED:c123, conf=123: peers:[s3|rpc:0.0.0.0:36277|dataStream:|priority:0|startupRole:FOLLOWER, s4|rpc:0.0.0.0:39523|dataStream:|priority:0|startupRole:FOLLOWER, s5|rpc:0.0.0.0:38791|dataStream:|priority:0|startupRole:FOLLOWER, s6|rpc:0.0.0.0:34503|dataStream:|priority:0|startupRole:FOLLOWER, s7|rpc:0.0.0.0:44573|dataStream:|priority:0|startupRole:FOLLOWER, s8|rpc:0.0.0.0:45461|dataStream:|priority:0|startupRole:FOLLOWER, s9|rpc:0.0.0.0:42413|dataStream:|priority:0|startupRole:FOLLOWER, s11|rpc:0.0.0.0:37111|dataStream:|priority:0|startupRole:FOLLOWER, s10|rpc:0.0.0.0:37585|dataStream:|priority:0|startupRole:FOLLOWER, s13|rpc:0.0.0.0:39411|dataStream:|priority:0|startupRole:FOLLOWER, s12|rpc:0.0.0.0:36717|dataStream:|priority:0|startupRole:FOLLOWER, s14|rpc:0.0.0.0:36477|dataStream:|priority:0|startupRole:FOLLOWER, s0|rpc:0.0.0.0:43787|dataStream:|priority:0|startupRole:FOLLOWER, s1|rpc:0.0.0.0:45531|dataStream:|priority:0|startupRole:FOLLOWER, s2|rpc:0.0.0.0:39635|dataStream:|priority:0|startupRole:FOLLOWER]|listeners:[], old=null RUNNING
   FOLLOWER s2@group-38FE90E113AE:t0, leader=null, voted=, raftlog=Memoized:s2@group-38FE90E113AE-SegmentedRaftLog:OPENED:c-1, conf=-1: peers:[]|listeners:[], old=null STARTING] size=2
2023-03-17 00:26:26,508 INFO  ratis.RaftTestUtil (RaftTestUtil.java:waitForLeader(119)) - printing ALL groups
  s3:  RUNNING [
   FOLLOWER s3@group-6E994AD85659:t1, leader=s1, voted=null, raftlog=Memoized:s3@group-6E994AD85659-SegmentedRaftLog:OPENED:c123, conf=123: peers:[s3|rpc:0.0.0.0:36277|dataStream:|priority:0|startupRole:FOLLOWER, s4|rpc:0.0.0.0:39523|dataStream:|priority:0|startupRole:FOLLOWER, s5|rpc:0.0.0.0:38791|dataStream:|priority:0|startupRole:FOLLOWER, s6|rpc:0.0.0.0:34503|dataStream:|priority:0|startupRole:FOLLOWER, s7|rpc:0.0.0.0:44573|dataStream:|priority:0|startupRole:FOLLOWER, s8|rpc:0.0.0.0:45461|dataStream:|priority:0|startupRole:FOLLOWER, s9|rpc:0.0.0.0:42413|dataStream:|priority:0|startupRole:FOLLOWER, s11|rpc:0.0.0.0:37111|dataStream:|priority:0|startupRole:FOLLOWER, s10|rpc:0.0.0.0:37585|dataStream:|priority:0|startupRole:FOLLOWER, s13|rpc:0.0.0.0:39411|dataStream:|priority:0|startupRole:FOLLOWER, s12|rpc:0.0.0.0:36717|dataStream:|priority:0|startupRole:FOLLOWER, s14|rpc:0.0.0.0:36477|dataStream:|priority:0|startupRole:FOLLOWER, s0|rpc:0.0.0.0:43787|dataStream:|priority:0|startupRole:FOLLOWER, s1|rpc:0.0.0.0:45531|dataStream:|priority:0|startupRole:FOLLOWER, s2|rpc:0.0.0.0:39635|dataStream:|priority:0|startupRole:FOLLOWER]|listeners:[], old=null RUNNING
   FOLLOWER s3@group-38FE90E113AE:t0, leader=null, voted=, raftlog=Memoized:s3@group-38FE90E113AE-SegmentedRaftLog:OPENED:c-1, conf=-1: peers:[]|listeners:[], old=null STARTING] size=2
  s4:  RUNNING [
   FOLLOWER s4@group-6E994AD85659:t1, leader=s1, voted=null, raftlog=Memoized:s4@group-6E994AD85659-SegmentedRaftLog:OPENED:c123, conf=123: peers:[s3|rpc:0.0.0.0:36277|dataStream:|priority:0|startupRole:FOLLOWER, s4|rpc:0.0.0.0:39523|dataStream:|priority:0|startupRole:FOLLOWER, s5|rpc:0.0.0.0:38791|dataStream:|priority:0|startupRole:FOLLOWER, s6|rpc:0.0.0.0:34503|dataStream:|priority:0|startupRole:FOLLOWER, s7|rpc:0.0.0.0:44573|dataStream:|priority:0|startupRole:FOLLOWER, s8|rpc:0.0.0.0:45461|dataStream:|priority:0|startupRole:FOLLOWER, s9|rpc:0.0.0.0:42413|dataStream:|priority:0|startupRole:FOLLOWER, s11|rpc:0.0.0.0:37111|dataStream:|priority:0|startupRole:FOLLOWER, s10|rpc:0.0.0.0:37585|dataStream:|priority:0|startupRole:FOLLOWER, s13|rpc:0.0.0.0:39411|dataStream:|priority:0|startupRole:FOLLOWER, s12|rpc:0.0.0.0:36717|dataStream:|priority:0|startupRole:FOLLOWER, s14|rpc:0.0.0.0:36477|dataStream:|priority:0|startupRole:FOLLOWER, s0|rpc:0.0.0.0:43787|dataStream:|priority:0|startupRole:FOLLOWER, s1|rpc:0.0.0.0:45531|dataStream:|priority:0|startupRole:FOLLOWER, s2|rpc:0.0.0.0:39635|dataStream:|priority:0|startupRole:FOLLOWER]|listeners:[], old=null RUNNING
   FOLLOWER s4@group-38FE90E113AE:t0, leader=null, voted=, raftlog=Memoized:s4@group-38FE90E113AE-SegmentedRaftLog:OPENED:c-1, conf=-1: peers:[]|listeners:[], old=null STARTING] size=2
  s5:  RUNNING [
   FOLLOWER s5@group-6E994AD85659:t1, leader=s1, voted=null, raftlog=Memoized:s5@group-6E994AD85659-SegmentedRaftLog:OPENED:c123, conf=123: peers:[s3|rpc:0.0.0.0:36277|dataStream:|priority:0|startupRole:FOLLOWER, s4|rpc:0.0.0.0:39523|dataStream:|priority:0|startupRole:FOLLOWER, s5|rpc:0.0.0.0:38791|dataStream:|priority:0|startupRole:FOLLOWER, s6|rpc:0.0.0.0:34503|dataStream:|priority:0|startupRole:FOLLOWER, s7|rpc:0.0.0.0:44573|dataStream:|priority:0|startupRole:FOLLOWER, s8|rpc:0.0.0.0:45461|dataStream:|priority:0|startupRole:FOLLOWER, s9|rpc:0.0.0.0:42413|dataStream:|priority:0|startupRole:FOLLOWER, s11|rpc:0.0.0.0:37111|dataStream:|priority:0|startupRole:FOLLOWER, s10|rpc:0.0.0.0:37585|dataStream:|priority:0|startupRole:FOLLOWER, s13|rpc:0.0.0.0:39411|dataStream:|priority:0|startupRole:FOLLOWER, s12|rpc:0.0.0.0:36717|dataStream:|priority:0|startupRole:FOLLOWER, s14|rpc:0.0.0.0:36477|dataStream:|priority:0|startupRole:FOLLOWER, s0|rpc:0.0.0.0:43787|dataStream:|priority:0|startupRole:FOLLOWER, s1|rpc:0.0.0.0:45531|dataStream:|priority:0|startupRole:FOLLOWER, s2|rpc:0.0.0.0:39635|dataStream:|priority:0|startupRole:FOLLOWER]|listeners:[], old=null RUNNING
   FOLLOWER s5@group-38FE90E113AE:t0, leader=null, voted=, raftlog=Memoized:s5@group-38FE90E113AE-SegmentedRaftLog:OPENED:c-1, conf=-1: peers:[]|listeners:[], old=null STARTING] size=2
  s6:  RUNNING [
   FOLLOWER s6@group-6E994AD85659:t1, leader=s1, voted=null, raftlog=Memoized:s6@group-6E994AD85659-SegmentedRaftLog:OPENED:c123, conf=123: peers:[s3|rpc:0.0.0.0:36277|dataStream:|priority:0|startupRole:FOLLOWER, s4|rpc:0.0.0.0:39523|dataStream:|priority:0|startupRole:FOLLOWER, s5|rpc:0.0.0.0:38791|dataStream:|priority:0|startupRole:FOLLOWER, s6|rpc:0.0.0.0:34503|dataStream:|priority:0|startupRole:FOLLOWER, s7|rpc:0.0.0.0:44573|dataStream:|priority:0|startupRole:FOLLOWER, s8|rpc:0.0.0.0:45461|dataStream:|priority:0|startupRole:FOLLOWER, s9|rpc:0.0.0.0:42413|dataStream:|priority:0|startupRole:FOLLOWER, s11|rpc:0.0.0.0:37111|dataStream:|priority:0|startupRole:FOLLOWER, s10|rpc:0.0.0.0:37585|dataStream:|priority:0|startupRole:FOLLOWER, s13|rpc:0.0.0.0:39411|dataStream:|priority:0|startupRole:FOLLOWER, s12|rpc:0.0.0.0:36717|dataStream:|priority:0|startupRole:FOLLOWER, s14|rpc:0.0.0.0:36477|dataStream:|priority:0|startupRole:FOLLOWER, s0|rpc:0.0.0.0:43787|dataStream:|priority:0|startupRole:FOLLOWER, s1|rpc:0.0.0.0:45531|dataStream:|priority:0|startupRole:FOLLOWER, s2|rpc:0.0.0.0:39635|dataStream:|priority:0|startupRole:FOLLOWER]|listeners:[], old=null RUNNING
   FOLLOWER s6@group-38FE90E113AE:t0, leader=null, voted=, raftlog=Memoized:s6@group-38FE90E113AE-SegmentedRaftLog:OPENED:c-1, conf=-1: peers:[]|listeners:[], old=null STARTING] size=2
  s7:  RUNNING [
   FOLLOWER s7@group-6E994AD85659:t1, leader=s1, voted=null, raftlog=Memoized:s7@group-6E994AD85659-SegmentedRaftLog:OPENED:c123, conf=123: peers:[s3|rpc:0.0.0.0:36277|dataStream:|priority:0|startupRole:FOLLOWER, s4|rpc:0.0.0.0:39523|dataStream:|priority:0|startupRole:FOLLOWER, s5|rpc:0.0.0.0:38791|dataStream:|priority:0|startupRole:FOLLOWER, s6|rpc:0.0.0.0:34503|dataStream:|priority:0|startupRole:FOLLOWER, s7|rpc:0.0.0.0:44573|dataStream:|priority:0|startupRole:FOLLOWER, s8|rpc:0.0.0.0:45461|dataStream:|priority:0|startupRole:FOLLOWER, s9|rpc:0.0.0.0:42413|dataStream:|priority:0|startupRole:FOLLOWER, s11|rpc:0.0.0.0:37111|dataStream:|priority:0|startupRole:FOLLOWER, s10|rpc:0.0.0.0:37585|dataStream:|priority:0|startupRole:FOLLOWER, s13|rpc:0.0.0.0:39411|dataStream:|priority:0|startupRole:FOLLOWER, s12|rpc:0.0.0.0:36717|dataStream:|priority:0|startupRole:FOLLOWER, s14|rpc:0.0.0.0:36477|dataStream:|priority:0|startupRole:FOLLOWER, s0|rpc:0.0.0.0:43787|dataStream:|priority:0|startupRole:FOLLOWER, s1|rpc:0.0.0.0:45531|dataStream:|priority:0|startupRole:FOLLOWER, s2|rpc:0.0.0.0:39635|dataStream:|priority:0|startupRole:FOLLOWER]|listeners:[], old=null RUNNING
   FOLLOWER s7@group-38FE90E113AE:t0, leader=null, voted=, raftlog=Memoized:s7@group-38FE90E113AE-SegmentedRaftLog:OPENED:c-1, conf=-1: peers:[]|listeners:[], old=null STARTING] size=2
  s8:  RUNNING [
   FOLLOWER s8@group-6E994AD85659:t1, leader=s1, voted=null, raftlog=Memoized:s8@group-6E994AD85659-SegmentedRaftLog:OPENED:c123, conf=123: peers:[s3|rpc:0.0.0.0:36277|dataStream:|priority:0|startupRole:FOLLOWER, s4|rpc:0.0.0.0:39523|dataStream:|priority:0|startupRole:FOLLOWER, s5|rpc:0.0.0.0:38791|dataStream:|priority:0|startupRole:FOLLOWER, s6|rpc:0.0.0.0:34503|dataStream:|priority:0|startupRole:FOLLOWER, s7|rpc:0.0.0.0:44573|dataStream:|priority:0|startupRole:FOLLOWER, s8|rpc:0.0.0.0:45461|dataStream:|priority:0|startupRole:FOLLOWER, s9|rpc:0.0.0.0:42413|dataStream:|priority:0|startupRole:FOLLOWER, s11|rpc:0.0.0.0:37111|dataStream:|priority:0|startupRole:FOLLOWER, s10|rpc:0.0.0.0:37585|dataStream:|priority:0|startupRole:FOLLOWER, s13|rpc:0.0.0.0:39411|dataStream:|priority:0|startupRole:FOLLOWER, s12|rpc:0.0.0.0:36717|dataStream:|priority:0|startupRole:FOLLOWER, s14|rpc:0.0.0.0:36477|dataStream:|priority:0|startupRole:FOLLOWER, s0|rpc:0.0.0.0:43787|dataStream:|priority:0|startupRole:FOLLOWER, s1|rpc:0.0.0.0:45531|dataStream:|priority:0|startupRole:FOLLOWER, s2|rpc:0.0.0.0:39635|dataStream:|priority:0|startupRole:FOLLOWER]|listeners:[], old=null RUNNING
   FOLLOWER s8@group-38FE90E113AE:t0, leader=null, voted=, raftlog=Memoized:s8@group-38FE90E113AE-SegmentedRaftLog:OPENED:c-1, conf=-1: peers:[]|listeners:[], old=null STARTING] size=2
  s9:  RUNNING [
   FOLLOWER s9@group-6E994AD85659:t1, leader=s1, voted=null, raftlog=Memoized:s9@group-6E994AD85659-SegmentedRaftLog:OPENED:c123, conf=123: peers:[s3|rpc:0.0.0.0:36277|dataStream:|priority:0|startupRole:FOLLOWER, s4|rpc:0.0.0.0:39523|dataStream:|priority:0|startupRole:FOLLOWER, s5|rpc:0.0.0.0:38791|dataStream:|priority:0|startupRole:FOLLOWER, s6|rpc:0.0.0.0:34503|dataStream:|priority:0|startupRole:FOLLOWER, s7|rpc:0.0.0.0:44573|dataStream:|priority:0|startupRole:FOLLOWER, s8|rpc:0.0.0.0:45461|dataStream:|priority:0|startupRole:FOLLOWER, s9|rpc:0.0.0.0:42413|dataStream:|priority:0|startupRole:FOLLOWER, s11|rpc:0.0.0.0:37111|dataStream:|priority:0|startupRole:FOLLOWER, s10|rpc:0.0.0.0:37585|dataStream:|priority:0|startupRole:FOLLOWER, s13|rpc:0.0.0.0:39411|dataStream:|priority:0|startupRole:FOLLOWER, s12|rpc:0.0.0.0:36717|dataStream:|priority:0|startupRole:FOLLOWER, s14|rpc:0.0.0.0:36477|dataStream:|priority:0|startupRole:FOLLOWER, s0|rpc:0.0.0.0:43787|dataStream:|priority:0|startupRole:FOLLOWER, s1|rpc:0.0.0.0:45531|dataStream:|priority:0|startupRole:FOLLOWER, s2|rpc:0.0.0.0:39635|dataStream:|priority:0|startupRole:FOLLOWER]|listeners:[], old=null RUNNING
   FOLLOWER s9@group-38FE90E113AE:t0, leader=null, voted=, raftlog=Memoized:s9@group-38FE90E113AE-SegmentedRaftLog:OPENED:c-1, conf=-1: peers:[]|listeners:[], old=null STARTING] size=2
  s11:  RUNNING [
   FOLLOWER s11@group-6E994AD85659:t1, leader=s1, voted=null, raftlog=Memoized:s11@group-6E994AD85659-SegmentedRaftLog:OPENED:c123, conf=123: peers:[s3|rpc:0.0.0.0:36277|dataStream:|priority:0|startupRole:FOLLOWER, s4|rpc:0.0.0.0:39523|dataStream:|priority:0|startupRole:FOLLOWER, s5|rpc:0.0.0.0:38791|dataStream:|priority:0|startupRole:FOLLOWER, s6|rpc:0.0.0.0:34503|dataStream:|priority:0|startupRole:FOLLOWER, s7|rpc:0.0.0.0:44573|dataStream:|priority:0|startupRole:FOLLOWER, s8|rpc:0.0.0.0:45461|dataStream:|priority:0|startupRole:FOLLOWER, s9|rpc:0.0.0.0:42413|dataStream:|priority:0|startupRole:FOLLOWER, s11|rpc:0.0.0.0:37111|dataStream:|priority:0|startupRole:FOLLOWER, s10|rpc:0.0.0.0:37585|dataStream:|priority:0|startupRole:FOLLOWER, s13|rpc:0.0.0.0:39411|dataStream:|priority:0|startupRole:FOLLOWER, s12|rpc:0.0.0.0:36717|dataStream:|priority:0|startupRole:FOLLOWER, s14|rpc:0.0.0.0:36477|dataStream:|priority:0|startupRole:FOLLOWER, s0|rpc:0.0.0.0:43787|dataStream:|priority:0|startupRole:FOLLOWER, s1|rpc:0.0.0.0:45531|dataStream:|priority:0|startupRole:FOLLOWER, s2|rpc:0.0.0.0:39635|dataStream:|priority:0|startupRole:FOLLOWER]|listeners:[], old=null RUNNING
   FOLLOWER s11@group-38FE90E113AE:t0, leader=null, voted=, raftlog=Memoized:s11@group-38FE90E113AE-SegmentedRaftLog:OPENED:c-1, conf=-1: peers:[]|listeners:[], old=null STARTING] size=2
  s10:  RUNNING [
   FOLLOWER s10@group-6E994AD85659:t1, leader=s1, voted=s1, raftlog=Memoized:s10@group-6E994AD85659-SegmentedRaftLog:OPENED:c124, conf=123: peers:[s3|rpc:0.0.0.0:36277|dataStream:|priority:0|startupRole:FOLLOWER, s4|rpc:0.0.0.0:39523|dataStream:|priority:0|startupRole:FOLLOWER, s5|rpc:0.0.0.0:38791|dataStream:|priority:0|startupRole:FOLLOWER, s6|rpc:0.0.0.0:34503|dataStream:|priority:0|startupRole:FOLLOWER, s7|rpc:0.0.0.0:44573|dataStream:|priority:0|startupRole:FOLLOWER, s8|rpc:0.0.0.0:45461|dataStream:|priority:0|startupRole:FOLLOWER, s9|rpc:0.0.0.0:42413|dataStream:|priority:0|startupRole:FOLLOWER, s11|rpc:0.0.0.0:37111|dataStream:|priority:0|startupRole:FOLLOWER, s10|rpc:0.0.0.0:37585|dataStream:|priority:0|startupRole:FOLLOWER, s13|rpc:0.0.0.0:39411|dataStream:|priority:0|startupRole:FOLLOWER, s12|rpc:0.0.0.0:36717|dataStream:|priority:0|startupRole:FOLLOWER, s14|rpc:0.0.0.0:36477|dataStream:|priority:0|startupRole:FOLLOWER, s0|rpc:0.0.0.0:43787|dataStream:|priority:0|startupRole:FOLLOWER, s1|rpc:0.0.0.0:45531|dataStream:|priority:0|startupRole:FOLLOWER, s2|rpc:0.0.0.0:39635|dataStream:|priority:0|startupRole:FOLLOWER]|listeners:[], old=null RUNNING
   FOLLOWER s10@group-38FE90E113AE:t0, leader=null, voted=, raftlog=Memoized:s10@group-38FE90E113AE-SegmentedRaftLog:OPENED:c-1, conf=-1: peers:[]|listeners:[], old=null STARTING] size=2
  s13:  RUNNING [
   FOLLOWER s13@group-6E994AD85659:t1, leader=s1, voted=null, raftlog=Memoized:s13@group-6E994AD85659-SegmentedRaftLog:OPENED:c124, conf=123: peers:[s3|rpc:0.0.0.0:36277|dataStream:|priority:0|startupRole:FOLLOWER, s4|rpc:0.0.0.0:39523|dataStream:|priority:0|startupRole:FOLLOWER, s5|rpc:0.0.0.0:38791|dataStream:|priority:0|startupRole:FOLLOWER, s6|rpc:0.0.0.0:34503|dataStream:|priority:0|startupRole:FOLLOWER, s7|rpc:0.0.0.0:44573|dataStream:|priority:0|startupRole:FOLLOWER, s8|rpc:0.0.0.0:45461|dataStream:|priority:0|startupRole:FOLLOWER, s9|rpc:0.0.0.0:42413|dataStream:|priority:0|startupRole:FOLLOWER, s11|rpc:0.0.0.0:37111|dataStream:|priority:0|startupRole:FOLLOWER, s10|rpc:0.0.0.0:37585|dataStream:|priority:0|startupRole:FOLLOWER, s13|rpc:0.0.0.0:39411|dataStream:|priority:0|startupRole:FOLLOWER, s12|rpc:0.0.0.0:36717|dataStream:|priority:0|startupRole:FOLLOWER, s14|rpc:0.0.0.0:36477|dataStream:|priority:0|startupRole:FOLLOWER, s0|rpc:0.0.0.0:43787|dataStream:|priority:0|startupRole:FOLLOWER, s1|rpc:0.0.0.0:45531|dataStream:|priority:0|startupRole:FOLLOWER, s2|rpc:0.0.0.0:39635|dataStream:|priority:0|startupRole:FOLLOWER]|listeners:[], old=null RUNNING
   FOLLOWER s13@group-38FE90E113AE:t0, leader=null, voted=, raftlog=Memoized:s13@group-38FE90E113AE-SegmentedRaftLog:OPENED:c-1, conf=-1: peers:[]|listeners:[], old=null STARTING] size=2
  s12:  RUNNING [
   FOLLOWER s12@group-6E994AD85659:t1, leader=s1, voted=null, raftlog=Memoized:s12@group-6E994AD85659-SegmentedRaftLog:OPENED:c123, conf=123: peers:[s3|rpc:0.0.0.0:36277|dataStream:|priority:0|startupRole:FOLLOWER, s4|rpc:0.0.0.0:39523|dataStream:|priority:0|startupRole:FOLLOWER, s5|rpc:0.0.0.0:38791|dataStream:|priority:0|startupRole:FOLLOWER, s6|rpc:0.0.0.0:34503|dataStream:|priority:0|startupRole:FOLLOWER, s7|rpc:0.0.0.0:44573|dataStream:|priority:0|startupRole:FOLLOWER, s8|rpc:0.0.0.0:45461|dataStream:|priority:0|startupRole:FOLLOWER, s9|rpc:0.0.0.0:42413|dataStream:|priority:0|startupRole:FOLLOWER, s11|rpc:0.0.0.0:37111|dataStream:|priority:0|startupRole:FOLLOWER, s10|rpc:0.0.0.0:37585|dataStream:|priority:0|startupRole:FOLLOWER, s13|rpc:0.0.0.0:39411|dataStream:|priority:0|startupRole:FOLLOWER, s12|rpc:0.0.0.0:36717|dataStream:|priority:0|startupRole:FOLLOWER, s14|rpc:0.0.0.0:36477|dataStream:|priority:0|startupRole:FOLLOWER, s0|rpc:0.0.0.0:43787|dataStream:|priority:0|startupRole:FOLLOWER, s1|rpc:0.0.0.0:45531|dataStream:|priority:0|startupRole:FOLLOWER, s2|rpc:0.0.0.0:39635|dataStream:|priority:0|startupRole:FOLLOWER]|listeners:[], old=null RUNNING
   FOLLOWER s12@group-38FE90E113AE:t0, leader=null, voted=, raftlog=Memoized:s12@group-38FE90E113AE-SegmentedRaftLog:OPENED:c-1, conf=-1: peers:[]|listeners:[], old=null STARTING] size=2
  s14:  RUNNING [
   FOLLOWER s14@group-6E994AD85659:t1, leader=s1, voted=null, raftlog=Memoized:s14@group-6E994AD85659-SegmentedRaftLog:OPENED:c123, conf=123: peers:[s3|rpc:0.0.0.0:36277|dataStream:|priority:0|startupRole:FOLLOWER, s4|rpc:0.0.0.0:39523|dataStream:|priority:0|startupRole:FOLLOWER, s5|rpc:0.0.0.0:38791|dataStream:|priority:0|startupRole:FOLLOWER, s6|rpc:0.0.0.0:34503|dataStream:|priority:0|startupRole:FOLLOWER, s7|rpc:0.0.0.0:44573|dataStream:|priority:0|startupRole:FOLLOWER, s8|rpc:0.0.0.0:45461|dataStream:|priority:0|startupRole:FOLLOWER, s9|rpc:0.0.0.0:42413|dataStream:|priority:0|startupRole:FOLLOWER, s11|rpc:0.0.0.0:37111|dataStream:|priority:0|startupRole:FOLLOWER, s10|rpc:0.0.0.0:37585|dataStream:|priority:0|startupRole:FOLLOWER, s13|rpc:0.0.0.0:39411|dataStream:|priority:0|startupRole:FOLLOWER, s12|rpc:0.0.0.0:36717|dataStream:|priority:0|startupRole:FOLLOWER, s14|rpc:0.0.0.0:36477|dataStream:|priority:0|startupRole:FOLLOWER, s0|rpc:0.0.0.0:43787|dataStream:|priority:0|startupRole:FOLLOWER, s1|rpc:0.0.0.0:45531|dataStream:|priority:0|startupRole:FOLLOWER, s2|rpc:0.0.0.0:39635|dataStream:|priority:0|startupRole:FOLLOWER]|listeners:[], old=null RUNNING
   FOLLOWER s14@group-38FE90E113AE:t0, leader=null, voted=, raftlog=Memoized:s14@group-38FE90E113AE-SegmentedRaftLog:OPENED:c-1, conf=-1: peers:[]|listeners:[], old=null STARTING] size=2
  s0:  RUNNING [
   FOLLOWER s0@group-6E994AD85659:t1, leader=s1, voted=s1, raftlog=Memoized:s0@group-6E994AD85659-SegmentedRaftLog:OPENED:c123, conf=123: peers:[s3|rpc:0.0.0.0:36277|dataStream:|priority:0|startupRole:FOLLOWER, s4|rpc:0.0.0.0:39523|dataStream:|priority:0|startupRole:FOLLOWER, s5|rpc:0.0.0.0:38791|dataStream:|priority:0|startupRole:FOLLOWER, s6|rpc:0.0.0.0:34503|dataStream:|priority:0|startupRole:FOLLOWER, s7|rpc:0.0.0.0:44573|dataStream:|priority:0|startupRole:FOLLOWER, s8|rpc:0.0.0.0:45461|dataStream:|priority:0|startupRole:FOLLOWER, s9|rpc:0.0.0.0:42413|dataStream:|priority:0|startupRole:FOLLOWER, s11|rpc:0.0.0.0:37111|dataStream:|priority:0|startupRole:FOLLOWER, s10|rpc:0.0.0.0:37585|dataStream:|priority:0|startupRole:FOLLOWER, s13|rpc:0.0.0.0:39411|dataStream:|priority:0|startupRole:FOLLOWER, s12|rpc:0.0.0.0:36717|dataStream:|priority:0|startupRole:FOLLOWER, s14|rpc:0.0.0.0:36477|dataStream:|priority:0|startupRole:FOLLOWER, s0|rpc:0.0.0.0:43787|dataStream:|priority:0|startupRole:FOLLOWER, s1|rpc:0.0.0.0:45531|dataStream:|priority:0|startupRole:FOLLOWER, s2|rpc:0.0.0.0:39635|dataStream:|priority:0|startupRole:FOLLOWER]|listeners:[], old=null RUNNING
   FOLLOWER s0@group-38FE90E113AE:t0, leader=null, voted=, raftlog=Memoized:s0@group-38FE90E113AE-SegmentedRaftLog:OPENED:c-1, conf=-1: peers:[]|listeners:[], old=null STARTING] size=2
  s1:  RUNNING [
     LEADER s1@group-6E994AD85659:t1, leader=s1, voted=s1, raftlog=Memoized:s1@group-6E994AD85659-SegmentedRaftLog:OPENED:c124, conf=123: peers:[s3|rpc:0.0.0.0:36277|dataStream:|priority:0|startupRole:FOLLOWER, s4|rpc:0.0.0.0:39523|dataStream:|priority:0|startupRole:FOLLOWER, s5|rpc:0.0.0.0:38791|dataStream:|priority:0|startupRole:FOLLOWER, s6|rpc:0.0.0.0:34503|dataStream:|priority:0|startupRole:FOLLOWER, s7|rpc:0.0.0.0:44573|dataStream:|priority:0|startupRole:FOLLOWER, s8|rpc:0.0.0.0:45461|dataStream:|priority:0|startupRole:FOLLOWER, s9|rpc:0.0.0.0:42413|dataStream:|priority:0|startupRole:FOLLOWER, s11|rpc:0.0.0.0:37111|dataStream:|priority:0|startupRole:FOLLOWER, s10|rpc:0.0.0.0:37585|dataStream:|priority:0|startupRole:FOLLOWER, s13|rpc:0.0.0.0:39411|dataStream:|priority:0|startupRole:FOLLOWER, s12|rpc:0.0.0.0:36717|dataStream:|priority:0|startupRole:FOLLOWER, s14|rpc:0.0.0.0:36477|dataStream:|priority:0|startupRole:FOLLOWER, s0|rpc:0.0.0.0:43787|dataStream:|priority:0|startupRole:FOLLOWER, s1|rpc:0.0.0.0:45531|dataStream:|priority:0|startupRole:FOLLOWER, s2|rpc:0.0.0.0:39635|dataStream:|priority:0|startupRole:FOLLOWER]|listeners:[], old=null RUNNING
   FOLLOWER s1@group-38FE90E113AE:t0, leader=null, voted=, raftlog=Memoized:s1@group-38FE90E113AE-SegmentedRaftLog:OPENED:c-1, conf=-1: peers:[]|listeners:[], old=null STARTING] size=2
  s2:  RUNNING [
   FOLLOWER s2@group-6E994AD85659:t1, leader=s1, voted=null, raftlog=Memoized:s2@group-6E994AD85659-SegmentedRaftLog:OPENED:c123, conf=123: peers:[s3|rpc:0.0.0.0:36277|dataStream:|priority:0|startupRole:FOLLOWER, s4|rpc:0.0.0.0:39523|dataStream:|priority:0|startupRole:FOLLOWER, s5|rpc:0.0.0.0:38791|dataStream:|priority:0|startupRole:FOLLOWER, s6|rpc:0.0.0.0:34503|dataStream:|priority:0|startupRole:FOLLOWER, s7|rpc:0.0.0.0:44573|dataStream:|priority:0|startupRole:FOLLOWER, s8|rpc:0.0.0.0:45461|dataStream:|priority:0|startupRole:FOLLOWER, s9|rpc:0.0.0.0:42413|dataStream:|priority:0|startupRole:FOLLOWER, s11|rpc:0.0.0.0:37111|dataStream:|priority:0|startupRole:FOLLOWER, s10|rpc:0.0.0.0:37585|dataStream:|priority:0|startupRole:FOLLOWER, s13|rpc:0.0.0.0:39411|dataStream:|priority:0|startupRole:FOLLOWER, s12|rpc:0.0.0.0:36717|dataStream:|priority:0|startupRole:FOLLOWER, s14|rpc:0.0.0.0:36477|dataStream:|priority:0|startupRole:FOLLOWER, s0|rpc:0.0.0.0:43787|dataStream:|priority:0|startupRole:FOLLOWER, s1|rpc:0.0.0.0:45531|dataStream:|priority:0|startupRole:FOLLOWER, s2|rpc:0.0.0.0:39635|dataStream:|priority:0|startupRole:FOLLOWER]|listeners:[], old=null RUNNING
   FOLLOWER s2@group-38FE90E113AE:t0, leader=null, voted=, raftlog=Memoized:s2@group-38FE90E113AE-SegmentedRaftLog:OPENED:c-1, conf=-1: peers:[]|listeners:[], old=null STARTING] size=2
2023-03-17 00:26:26,512 INFO  logging.LoggingHandler (AbstractInternalLogger.java:log(148)) - [id: 0xbdd8d28e, L:/0.0.0.0:45531] READ: [id: 0xd6ac5dc4, L:/10.1.0.17:45531 - R:/10.1.0.17:40442]
2023-03-17 00:26:26,512 INFO  logging.LoggingHandler (AbstractInternalLogger.java:log(148)) - [id: 0xbdd8d28e, L:/0.0.0.0:45531] READ COMPLETE
2023-03-17 00:26:26,513 DEBUG server.RaftServer$Division (RaftServerImpl.java:submitClientRequestAsync(835)) - s1@group-6E994AD85659: receive client request(RaftClientRequest:client-E8995F8E72F5->s1@group-6E994AD85659, cid=7634, seq=0, RW, Message:010161024059c0000000...(size=12))
2023-03-17 00:26:26,514 DEBUG server.RaftServer$Division (LeaderStateImpl.java:addPendingRequest(474)) - s1@group-6E994AD85659-LeaderStateImpl: addPendingRequest at RaftClientRequest:client-E8995F8E72F5->s1@group-6E994AD85659, cid=7634, seq=0, RW, Message:010161024059c0000000...(size=12), entry=(t:1, i:125), STATEMACHINELOGENTRY, 7634@client-E8995F8E72F5
2023-03-17 00:26:26,515 DEBUG server.RaftServer$Division (RaftServerImpl.java:logAppendEntries(1430)) - s13@group-6E994AD85659: receive appendEntries(s1, 1, (t:1, i:124), 124, true, commits:[s1:c124, s10:c124, s0:c123, s3:c123, s4:c123, s11:c123, s5:c123, s6:c123, s13:c124, s7:c123, s12:c123, s8:c123, s9:c123, s14:c123, s2:c123], cId:7638, entries: [(t:1, i:125), STATEMACHINELOGENTRY, 7634@client-E8995F8E72F5]
2023-03-17 00:26:26,515 DEBUG server.RaftServer$Division (RaftServerImpl.java:logAppendEntries(1430)) - s9@group-6E994AD85659: receive appendEntries(s1, 1, (t:1, i:124), 124, true, commits:[s1:c124, s10:c124, s0:c123, s3:c123, s4:c123, s11:c123, s5:c123, s6:c123, s13:c124, s7:c123, s12:c123, s8:c123, s9:c123, s14:c123, s2:c123], cId:7641, entries: [(t:1, i:125), STATEMACHINELOGENTRY, 7634@client-E8995F8E72F5]
2023-03-17 00:26:26,516 DEBUG server.RaftServer$Division (RaftServerImpl.java:logAppendEntries(1430)) - s10@group-6E994AD85659: receive appendEntries(s1, 1, (t:1, i:124), 124, true, commits:[s1:c124, s10:c124, s0:c123, s3:c123, s4:c123, s11:c123, s5:c123, s6:c123, s13:c124, s7:c123, s12:c123, s8:c123, s9:c123, s14:c123, s2:c123], cId:7635, entries: [(t:1, i:125), STATEMACHINELOGENTRY, 7634@client-E8995F8E72F5]
2023-03-17 00:26:26,516 DEBUG server.RaftServer$Division (RaftServerImpl.java:logAppendEntries(1430)) - s8@group-6E994AD85659: receive appendEntries(s1, 1, (t:1, i:124), 124, true, commits:[s1:c124, s10:c124, s0:c123, s3:c123, s4:c123, s11:c123, s5:c123, s6:c123, s13:c124, s7:c123, s12:c123, s8:c123, s9:c123, s14:c123, s2:c123], cId:7639, entries: [(t:1, i:125), STATEMACHINELOGENTRY, 7634@client-E8995F8E72F5]
2023-03-17 00:26:26,516 DEBUG server.RaftServer$Division (RaftServerImpl.java:logAppendEntries(1430)) - s2@group-6E994AD85659: receive appendEntries(s1, 1, (t:1, i:124), 124, true, commits:[s1:c124, s10:c124, s0:c123, s3:c123, s4:c123, s11:c123, s5:c123, s6:c123, s13:c124, s7:c123, s12:c123, s8:c123, s9:c123, s14:c123, s2:c123], cId:7645, entries: [(t:1, i:125), STATEMACHINELOGENTRY, 7634@client-E8995F8E72F5]
2023-03-17 00:26:26,516 DEBUG server.RaftServer$Division (RaftServerImpl.java:logAppendEntries(1430)) - s5@group-6E994AD85659: receive appendEntries(s1, 1, (t:1, i:124), 124, true, commits:[s1:c124, s10:c124, s0:c123, s3:c123, s4:c123, s11:c123, s5:c123, s6:c123, s13:c124, s7:c123, s12:c123, s8:c123, s9:c123, s14:c123, s2:c123], cId:7642, entries: [(t:1, i:125), STATEMACHINELOGENTRY, 7634@client-E8995F8E72F5]
2023-03-17 00:26:26,516 DEBUG server.RaftServer$Division (RaftServerImpl.java:logAppendEntries(1430)) - s14@group-6E994AD85659: receive appendEntries(s1, 1, (t:1, i:124), 124, true, commits:[s1:c124, s10:c124, s0:c123, s3:c123, s4:c123, s11:c123, s5:c123, s6:c123, s13:c124, s7:c123, s12:c123, s8:c123, s9:c123, s14:c123, s2:c123], cId:7643, entries: [(t:1, i:125), STATEMACHINELOGENTRY, 7634@client-E8995F8E72F5]
2023-03-17 00:26:26,516 DEBUG server.RaftServer$Division (RaftServerImpl.java:logAppendEntries(1430)) - s7@group-6E994AD85659: receive appendEntries(s1, 1, (t:1, i:124), 124, true, commits:[s1:c124, s10:c124, s0:c123, s3:c123, s4:c123, s11:c123, s5:c123, s6:c123, s13:c124, s7:c123, s12:c123, s8:c123, s9:c123, s14:c123, s2:c123], cId:7636, entries: [(t:1, i:125), STATEMACHINELOGENTRY, 7634@client-E8995F8E72F5]
2023-03-17 00:26:26,515 DEBUG server.RaftServer$Division (RaftServerImpl.java:logAppendEntries(1430)) - s4@group-6E994AD85659: receive appendEntries(s1, 1, (t:1, i:124), 124, true, commits:[s1:c124, s10:c124, s0:c123, s3:c123, s4:c123, s11:c123, s5:c123, s6:c123, s13:c124, s7:c123, s12:c123, s8:c123, s9:c123, s14:c123, s2:c123], cId:7646, entries: [(t:1, i:125), STATEMACHINELOGENTRY, 7634@client-E8995F8E72F5]
2023-03-17 00:26:26,524 DEBUG server.RaftServer$Division (RaftServerImpl.java:logAppendEntries(1430)) - s8@group-6E994AD85659: succeeded to handle AppendEntries. Reply: s1<-s8#7639:OK-t1,SUCCESS,nextIndex=126,followerCommit=124,matchIndex=125
2023-03-17 00:26:26,524 DEBUG server.RaftServer$Division (RaftServerImpl.java:logAppendEntries(1430)) - s4@group-6E994AD85659: succeeded to handle AppendEntries. Reply: s1<-s4#7646:OK-t1,SUCCESS,nextIndex=126,followerCommit=124,matchIndex=125
2023-03-17 00:26:26,524 DEBUG server.RaftServer$Division (RaftServerImpl.java:logAppendEntries(1430)) - s2@group-6E994AD85659: succeeded to handle AppendEntries. Reply: s1<-s2#7645:OK-t1,SUCCESS,nextIndex=126,followerCommit=124,matchIndex=125
2023-03-17 00:26:26,524 DEBUG server.RaftServer$Division (RaftServerImpl.java:logAppendEntries(1430)) - s10@group-6E994AD85659: succeeded to handle AppendEntries. Reply: s1<-s10#7635:OK-t1,SUCCESS,nextIndex=126,followerCommit=124,matchIndex=125
2023-03-17 00:26:26,523 DEBUG server.RaftServer$Division (RaftServerImpl.java:logAppendEntries(1430)) - s0@group-6E994AD85659: receive appendEntries(s1, 1, (t:1, i:124), 124, true, commits:[s1:c124, s10:c124, s0:c123, s3:c123, s4:c123, s11:c123, s5:c123, s6:c123, s13:c124, s7:c123, s12:c123, s8:c123, s9:c123, s14:c123, s2:c123], cId:7648, entries: [(t:1, i:125), STATEMACHINELOGENTRY, 7634@client-E8995F8E72F5]
2023-03-17 00:26:26,524 DEBUG server.RaftServer$Division (RaftServerImpl.java:logAppendEntries(1430)) - s11@group-6E994AD85659: receive appendEntries(s1, 1, (t:1, i:124), 124, true, commits:[s1:c124, s10:c124, s0:c123, s3:c123, s4:c123, s11:c123, s5:c123, s6:c123, s13:c124, s7:c123, s12:c123, s8:c123, s9:c123, s14:c123, s2:c123], cId:7644, entries: [(t:1, i:125), STATEMACHINELOGENTRY, 7634@client-E8995F8E72F5]
2023-03-17 00:26:26,525 DEBUG server.RaftServer$Division (RaftServerImpl.java:logAppendEntries(1430)) - s3@group-6E994AD85659: receive appendEntries(s1, 1, (t:1, i:124), 124, true, commits:[s1:c124, s10:c124, s0:c123, s3:c123, s4:c123, s11:c123, s5:c123, s6:c123, s13:c124, s7:c123, s12:c123, s8:c123, s9:c123, s14:c123, s2:c123], cId:7647, entries: [(t:1, i:125), STATEMACHINELOGENTRY, 7634@client-E8995F8E72F5]
2023-03-17 00:26:26,525 DEBUG server.RaftServer$Division (RaftServerImpl.java:logAppendEntries(1430)) - s9@group-6E994AD85659: succeeded to handle AppendEntries. Reply: s1<-s9#7641:OK-t1,SUCCESS,nextIndex=126,followerCommit=124,matchIndex=125
2023-03-17 00:26:26,525 DEBUG server.RaftServer$Division (RaftServerImpl.java:logAppendEntries(1430)) - s6@group-6E994AD85659: receive appendEntries(s1, 1, (t:1, i:124), 124, true, commits:[s1:c124, s10:c124, s0:c123, s3:c123, s4:c123, s11:c123, s5:c123, s6:c123, s13:c124, s7:c123, s12:c123, s8:c123, s9:c123, s14:c123, s2:c123], cId:7640, entries: [(t:1, i:125), STATEMACHINELOGENTRY, 7634@client-E8995F8E72F5]
2023-03-17 00:26:26,525 DEBUG server.RaftServer$Division (RaftServerImpl.java:logAppendEntries(1430)) - s5@group-6E994AD85659: succeeded to handle AppendEntries. Reply: s1<-s5#7642:OK-t1,SUCCESS,nextIndex=126,followerCommit=124,matchIndex=125
2023-03-17 00:26:26,525 DEBUG server.RaftServer$Division (RaftServerImpl.java:logAppendEntries(1430)) - s3@group-6E994AD85659: succeeded to handle AppendEntries. Reply: s1<-s3#7647:OK-t1,SUCCESS,nextIndex=126,followerCommit=124,matchIndex=125
2023-03-17 00:26:26,524 DEBUG server.RaftServer$Division (RaftServerImpl.java:logAppendEntries(1430)) - s14@group-6E994AD85659: succeeded to handle AppendEntries. Reply: s1<-s14#7643:OK-t1,SUCCESS,nextIndex=126,followerCommit=124,matchIndex=125
2023-03-17 00:26:26,526 DEBUG server.RaftServer$Division (RaftServerImpl.java:logAppendEntries(1430)) - s11@group-6E994AD85659: succeeded to handle AppendEntries. Reply: s1<-s11#7644:OK-t1,SUCCESS,nextIndex=126,followerCommit=124,matchIndex=125
2023-03-17 00:26:26,526 DEBUG server.RaftServer$Division (RaftServerImpl.java:logAppendEntries(1430)) - s13@group-6E994AD85659: succeeded to handle AppendEntries. Reply: s1<-s13#7638:OK-t1,SUCCESS,nextIndex=126,followerCommit=124,matchIndex=125
2023-03-17 00:26:26,526 DEBUG server.RaftServer$Division (RaftServerImpl.java:logAppendEntries(1430)) - s7@group-6E994AD85659: succeeded to handle AppendEntries. Reply: s1<-s7#7636:OK-t1,SUCCESS,nextIndex=126,followerCommit=124,matchIndex=125
2023-03-17 00:26:26,524 DEBUG server.RaftServer$Division (RaftServerImpl.java:logAppendEntries(1430)) - s12@group-6E994AD85659: receive appendEntries(s1, 1, (t:1, i:124), 124, true, commits:[s1:c124, s10:c124, s0:c123, s3:c123, s4:c123, s11:c123, s5:c123, s6:c123, s13:c124, s7:c123, s12:c123, s8:c123, s9:c123, s14:c123, s2:c123], cId:7637, entries: [(t:1, i:125), STATEMACHINELOGENTRY, 7634@client-E8995F8E72F5]
2023-03-17 00:26:26,527 DEBUG server.RaftServer$Division (RaftServerImpl.java:logAppendEntries(1430)) - s0@group-6E994AD85659: succeeded to handle AppendEntries. Reply: s1<-s0#7648:OK-t1,SUCCESS,nextIndex=126,followerCommit=124,matchIndex=125
2023-03-17 00:26:26,526 DEBUG server.RaftServer$Division (RaftServerImpl.java:logAppendEntries(1430)) - s6@group-6E994AD85659: succeeded to handle AppendEntries. Reply: s1<-s6#7640:OK-t1,SUCCESS,nextIndex=126,followerCommit=124,matchIndex=125
2023-03-17 00:26:26,527 DEBUG server.RaftServer$Division (RaftServerImpl.java:logAppendEntries(1430)) - s12@group-6E994AD85659: succeeded to handle AppendEntries. Reply: s1<-s12#7637:OK-t1,SUCCESS,nextIndex=126,followerCommit=124,matchIndex=125
2023-03-17 00:26:26,527 INFO  statemachine.StateMachine (ArithmeticStateMachine.java:applyTransaction(182)) - LEADER:s1-125: a = 103 = 103
2023-03-17 00:26:26,528 DEBUG server.RaftServer$Division (RaftServerImpl.java:logAppendEntries(1430)) - s8@group-6E994AD85659: receive appendEntries(s1, 1, (t:1, i:125), 125, true, commits:[s1:c125, s10:c124, s0:c123, s3:c123, s4:c124, s11:c123, s5:c124, s6:c123, s13:c124, s7:c123, s12:c123, s8:c124, s9:c124, s14:c124, s2:c124], cId:7650, entries: [(t:1, i:126), METADATAENTRY(c:125)]
2023-03-17 00:26:26,528 DEBUG server.RaftServer$Division (RaftServerImpl.java:logAppendEntries(1430)) - s13@group-6E994AD85659: receive appendEntries(s1, 1, (t:1, i:125), 125, true, commits:[s1:c125, s10:c124, s0:c123, s3:c123, s4:c124, s11:c123, s5:c124, s6:c123, s13:c124, s7:c123, s12:c123, s8:c124, s9:c124, s14:c124, s2:c124], cId:7653, entries: [(t:1, i:126), METADATAENTRY(c:125)]
2023-03-17 00:26:26,529 DEBUG server.RaftServer$Division (RaftServerImpl.java:logAppendEntries(1430)) - s10@group-6E994AD85659: receive appendEntries(s1, 1, (t:1, i:125), 125, true, commits:[s1:c125, s10:c124, s0:c123, s3:c123, s4:c124, s11:c123, s5:c124, s6:c123, s13:c124, s7:c123, s12:c123, s8:c124, s9:c124, s14:c124, s2:c124], cId:7651, entries: [(t:1, i:126), METADATAENTRY(c:125)]
2023-03-17 00:26:26,529 DEBUG server.RaftServer$Division (RaftServerImpl.java:logAppendEntries(1430)) - s9@group-6E994AD85659: receive appendEntries(s1, 1, (t:1, i:125), 125, true, commits:[s1:c125, s10:c124, s0:c123, s3:c123, s4:c124, s11:c123, s5:c124, s6:c123, s13:c124, s7:c123, s12:c123, s8:c124, s9:c124, s14:c124, s2:c124], cId:7652, entries: [(t:1, i:126), METADATAENTRY(c:125)]
2023-03-17 00:26:26,529 DEBUG server.RaftServer$Division (RaftServerImpl.java:logAppendEntries(1430)) - s8@group-6E994AD85659: succeeded to handle AppendEntries. Reply: s1<-s8#7650:OK-t1,SUCCESS,nextIndex=127,followerCommit=125,matchIndex=126
2023-03-17 00:26:26,529 DEBUG server.RaftServer$Division (RaftServerImpl.java:logAppendEntries(1430)) - s13@group-6E994AD85659: succeeded to handle AppendEntries. Reply: s1<-s13#7653:OK-t1,SUCCESS,nextIndex=127,followerCommit=125,matchIndex=126
2023-03-17 00:26:26,529 DEBUG server.RaftServer$Division (RaftServerImpl.java:logAppendEntries(1430)) - s9@group-6E994AD85659: succeeded to handle AppendEntries. Reply: s1<-s9#7652:OK-t1,SUCCESS,nextIndex=127,followerCommit=125,matchIndex=126
2023-03-17 00:26:26,530 DEBUG server.RaftServer$Division (RaftServerImpl.java:logAppendEntries(1430)) - s10@group-6E994AD85659: succeeded to handle AppendEntries. Reply: s1<-s10#7651:OK-t1,SUCCESS,nextIndex=127,followerCommit=125,matchIndex=126
2023-03-17 00:26:26,530 DEBUG server.RaftServer$Division (RaftServerImpl.java:logAppendEntries(1430)) - s4@group-6E994AD85659: receive appendEntries(s1, 1, (t:1, i:125), 125, true, commits:[s1:c125, s10:c124, s0:c123, s3:c123, s4:c124, s11:c123, s5:c124, s6:c123, s13:c124, s7:c123, s12:c123, s8:c124, s9:c124, s14:c124, s2:c124], cId:7649, entries: [(t:1, i:126), METADATAENTRY(c:125)]
2023-03-17 00:26:26,530 DEBUG server.RaftServer$Division (RaftServerImpl.java:logAppendEntries(1430)) - s7@group-6E994AD85659: receive appendEntries(s1, 1, (t:1, i:125), 125, true, commits:[s1:c125, s10:c124, s0:c123, s3:c123, s4:c124, s11:c123, s5:c124, s6:c123, s13:c124, s7:c124, s12:c124, s8:c124, s9:c124, s14:c124, s2:c124], cId:7658, entries: [(t:1, i:126), METADATAENTRY(c:125)]
2023-03-17 00:26:26,531 DEBUG server.RaftServer$Division (RaftServerImpl.java:logAppendEntries(1430)) - s4@group-6E994AD85659: succeeded to handle AppendEntries. Reply: s1<-s4#7649:OK-t1,SUCCESS,nextIndex=127,followerCommit=125,matchIndex=126
2023-03-17 00:26:26,531 DEBUG server.RaftServer$Division (RaftServerImpl.java:logAppendEntries(1430)) - s12@group-6E994AD85659: receive appendEntries(s1, 1, (t:1, i:125), 125, true, commits:[s1:c125, s10:c124, s0:c123, s3:c123, s4:c124, s11:c123, s5:c124, s6:c123, s13:c124, s7:c123, s12:c124, s8:c124, s9:c124, s14:c124, s2:c124], cId:7656, entries: [(t:1, i:126), METADATAENTRY(c:125)]
2023-03-17 00:26:26,531 DEBUG server.RaftServer$Division (RaftServerImpl.java:logAppendEntries(1430)) - s7@group-6E994AD85659: succeeded to handle AppendEntries. Reply: s1<-s7#7658:OK-t1,SUCCESS,nextIndex=127,followerCommit=125,matchIndex=126
2023-03-17 00:26:26,531 DEBUG server.RaftServer$Division (RaftServerImpl.java:logAppendEntries(1430)) - s12@group-6E994AD85659: succeeded to handle AppendEntries. Reply: s1<-s12#7656:OK-t1,SUCCESS,nextIndex=127,followerCommit=125,matchIndex=126
2023-03-17 00:26:26,532 DEBUG server.RaftServer$Division (RaftServerImpl.java:logAppendEntries(1430)) - s14@group-6E994AD85659: receive appendEntries(s1, 1, (t:1, i:125), 125, true, commits:[s1:c125, s10:c124, s0:c123, s3:c123, s4:c124, s11:c123, s5:c124, s6:c123, s13:c124, s7:c123, s12:c123, s8:c124, s9:c124, s14:c124, s2:c124], cId:7654, entries: [(t:1, i:126), METADATAENTRY(c:125)]
2023-03-17 00:26:26,532 DEBUG server.RaftServer$Division (RaftServerImpl.java:logAppendEntries(1430)) - s3@group-6E994AD85659: receive appendEntries(s1, 1, (t:1, i:125), 125, true, commits:[s1:c125, s10:c124, s0:c123, s3:c124, s4:c124, s11:c123, s5:c124, s6:c123, s13:c125, s7:c124, s12:c124, s8:c124, s9:c124, s14:c124, s2:c124], cId:7659, entries: [(t:1, i:126), METADATAENTRY(c:125)]
2023-03-17 00:26:26,533 DEBUG server.RaftServer$Division (RaftServerImpl.java:logAppendEntries(1430)) - s14@group-6E994AD85659: succeeded to handle AppendEntries. Reply: s1<-s14#7654:OK-t1,SUCCESS,nextIndex=127,followerCommit=125,matchIndex=126
2023-03-17 00:26:26,533 DEBUG server.RaftServer$Division (RaftServerImpl.java:logAppendEntries(1430)) - s3@group-6E994AD85659: succeeded to handle AppendEntries. Reply: s1<-s3#7659:OK-t1,SUCCESS,nextIndex=127,followerCommit=125,matchIndex=126
2023-03-17 00:26:26,534 DEBUG server.RaftServer$Division (RaftServerImpl.java:logAppendEntries(1430)) - s6@group-6E994AD85659: receive appendEntries(s1, 1, (t:1, i:125), 125, true, commits:[s1:c125, s10:c124, s0:c123, s3:c124, s4:c125, s11:c123, s5:c124, s6:c124, s13:c125, s7:c124, s12:c124, s8:c124, s9:c124, s14:c124, s2:c124], cId:7660, entries: [(t:1, i:126), METADATAENTRY(c:125)]
2023-03-17 00:26:26,534 DEBUG server.RaftServer$Division (RaftServerImpl.java:logAppendEntries(1430)) - s6@group-6E994AD85659: succeeded to handle AppendEntries. Reply: s1<-s6#7660:OK-t1,SUCCESS,nextIndex=127,followerCommit=125,matchIndex=126
2023-03-17 00:26:26,535 DEBUG server.RaftServer$Division (RaftServerImpl.java:logAppendEntries(1430)) - s11@group-6E994AD85659: receive appendEntries(s1, 1, (t:1, i:125), 125, true, commits:[s1:c125, s10:c124, s0:c124, s3:c124, s4:c125, s11:c124, s5:c124, s6:c124, s13:c125, s7:c124, s12:c124, s8:c124, s9:c124, s14:c124, s2:c124], cId:7662, entries: [(t:1, i:126), METADATAENTRY(c:125)]
2023-03-17 00:26:26,535 DEBUG server.RaftServer$Division (RaftServerImpl.java:logAppendEntries(1430)) - s0@group-6E994AD85659: receive appendEntries(s1, 1, (t:1, i:125), 125, true, commits:[s1:c125, s10:c124, s0:c124, s3:c124, s4:c125, s11:c124, s5:c124, s6:c124, s13:c125, s7:c124, s12:c124, s8:c124, s9:c124, s14:c124, s2:c124], cId:7661, entries: [(t:1, i:126), METADATAENTRY(c:125)]
2023-03-17 00:26:26,535 DEBUG server.RaftServer$Division (RaftServerImpl.java:logAppendEntries(1430)) - s11@group-6E994AD85659: succeeded to handle AppendEntries. Reply: s1<-s11#7662:OK-t1,SUCCESS,nextIndex=127,followerCommit=125,matchIndex=126
2023-03-17 00:26:26,536 DEBUG server.RaftServer$Division (RaftServerImpl.java:logAppendEntries(1430)) - s0@group-6E994AD85659: succeeded to handle AppendEntries. Reply: s1<-s0#7661:OK-t1,SUCCESS,nextIndex=127,followerCommit=125,matchIndex=126
2023-03-17 00:26:26,536 DEBUG server.RaftServer$Division (RaftServerImpl.java:logAppendEntries(1430)) - s5@group-6E994AD85659: receive appendEntries(s1, 1, (t:1, i:125), 125, true, commits:[s1:c125, s10:c124, s0:c123, s3:c123, s4:c124, s11:c123, s5:c124, s6:c123, s13:c124, s7:c123, s12:c124, s8:c124, s9:c124, s14:c124, s2:c124], cId:7657, entries: [(t:1, i:126), METADATAENTRY(c:125)]
2023-03-17 00:26:26,536 DEBUG server.RaftServer$Division (RaftServerImpl.java:logAppendEntries(1430)) - s2@group-6E994AD85659: receive appendEntries(s1, 1, (t:1, i:125), 125, true, commits:[s1:c125, s10:c124, s0:c123, s3:c123, s4:c124, s11:c123, s5:c124, s6:c123, s13:c124, s7:c123, s12:c123, s8:c124, s9:c124, s14:c124, s2:c124], cId:7655, entries: [(t:1, i:126), METADATAENTRY(c:125)]
2023-03-17 00:26:26,536 DEBUG server.RaftServer$Division (RaftServerImpl.java:logAppendEntries(1430)) - s5@group-6E994AD85659: succeeded to handle AppendEntries. Reply: s1<-s5#7657:OK-t1,SUCCESS,nextIndex=127,followerCommit=125,matchIndex=126
2023-03-17 00:26:26,538 DEBUG server.RaftServer$Division (RaftServerImpl.java:logAppendEntries(1430)) - s2@group-6E994AD85659: succeeded to handle AppendEntries. Reply: s1<-s2#7655:OK-t1,SUCCESS,nextIndex=127,followerCommit=125,matchIndex=126
2023-03-17 00:26:26,540 DEBUG server.RaftServer$Division (RaftServerImpl.java:submitClientRequestAsync(835)) - s1@group-6E994AD85659: receive client request(RaftClientRequest:client-E8995F8E72F5->s1@group-6E994AD85659, cid=7663, seq=0, RW, Message:0101620240b4b8000000...(size=12))
2023-03-17 00:26:26,540 DEBUG server.RaftServer$Division (LeaderStateImpl.java:addPendingRequest(474)) - s1@group-6E994AD85659-LeaderStateImpl: addPendingRequest at RaftClientRequest:client-E8995F8E72F5->s1@group-6E994AD85659, cid=7663, seq=0, RW, Message:0101620240b4b8000000...(size=12), entry=(t:1, i:127), STATEMACHINELOGENTRY, 7663@client-E8995F8E72F5
2023-03-17 00:26:26,541 DEBUG server.RaftServer$Division (RaftServerImpl.java:logAppendEntries(1430)) - s3@group-6E994AD85659: receive appendEntries(s1, 1, (t:1, i:126), 126, true, commits:[s1:c126, s10:c125, s0:c125, s3:c125, s4:c125, s11:c125, s5:c125, s6:c125, s13:c125, s7:c125, s12:c125, s8:c125, s9:c125, s14:c125, s2:c125], cId:7665, entries: [(t:1, i:127), STATEMACHINELOGENTRY, 7663@client-E8995F8E72F5]
2023-03-17 00:26:26,541 DEBUG server.RaftServer$Division (RaftServerImpl.java:logAppendEntries(1430)) - s3@group-6E994AD85659: succeeded to handle AppendEntries. Reply: s1<-s3#7665:OK-t1,SUCCESS,nextIndex=128,followerCommit=126,matchIndex=127
2023-03-17 00:26:26,541 DEBUG server.RaftServer$Division (RaftServerImpl.java:logAppendEntries(1430)) - s0@group-6E994AD85659: receive appendEntries(s1, 1, (t:1, i:126), 126, true, commits:[s1:c126, s10:c125, s0:c125, s3:c125, s4:c125, s11:c125, s5:c125, s6:c125, s13:c125, s7:c125, s12:c125, s8:c125, s9:c125, s14:c125, s2:c125], cId:7666, entries: [(t:1, i:127), STATEMACHINELOGENTRY, 7663@client-E8995F8E72F5]
2023-03-17 00:26:26,542 DEBUG server.RaftServer$Division (RaftServerImpl.java:logAppendEntries(1430)) - s10@group-6E994AD85659: receive appendEntries(s1, 1, (t:1, i:126), 126, true, commits:[s1:c126, s10:c125, s0:c125, s3:c125, s4:c125, s11:c125, s5:c125, s6:c125, s13:c125, s7:c125, s12:c125, s8:c125, s9:c125, s14:c125, s2:c125], cId:7664, entries: [(t:1, i:127), STATEMACHINELOGENTRY, 7663@client-E8995F8E72F5]
2023-03-17 00:26:26,542 DEBUG server.RaftServer$Division (RaftServerImpl.java:logAppendEntries(1430)) - s0@group-6E994AD85659: succeeded to handle AppendEntries. Reply: s1<-s0#7666:OK-t1,SUCCESS,nextIndex=128,followerCommit=126,matchIndex=127
2023-03-17 00:26:26,543 DEBUG server.RaftServer$Division (RaftServerImpl.java:logAppendEntries(1430)) - s4@group-6E994AD85659: receive appendEntries(s1, 1, (t:1, i:126), 126, true, commits:[s1:c126, s10:c125, s0:c125, s3:c126, s4:c125, s11:c125, s5:c125, s6:c125, s13:c125, s7:c125, s12:c125, s8:c125, s9:c125, s14:c125, s2:c125], cId:7667, entries: [(t:1, i:127), STATEMACHINELOGENTRY, 7663@client-E8995F8E72F5]
2023-03-17 00:26:26,544 DEBUG server.RaftServer$Division (RaftServerImpl.java:logAppendEntries(1430)) - s9@group-6E994AD85659: receive appendEntries(s1, 1, (t:1, i:126), 126, true, commits:[s1:c126, s10:c125, s0:c125, s3:c126, s4:c125, s11:c125, s5:c125, s6:c125, s13:c125, s7:c125, s12:c125, s8:c125, s9:c125, s14:c125, s2:c125], cId:7675, entries: [(t:1, i:127), STATEMACHINELOGENTRY, 7663@client-E8995F8E72F5]
2023-03-17 00:26:26,544 DEBUG server.RaftServer$Division (RaftServerImpl.java:logAppendEntries(1430)) - s13@group-6E994AD85659: receive appendEntries(s1, 1, (t:1, i:126), 126, true, commits:[s1:c126, s10:c125, s0:c125, s3:c126, s4:c125, s11:c125, s5:c125, s6:c125, s13:c125, s7:c125, s12:c125, s8:c125, s9:c125, s14:c125, s2:c125], cId:7671, entries: [(t:1, i:127), STATEMACHINELOGENTRY, 7663@client-E8995F8E72F5]
2023-03-17 00:26:26,544 DEBUG server.RaftServer$Division (RaftServerImpl.java:logAppendEntries(1430)) - s4@group-6E994AD85659: succeeded to handle AppendEntries. Reply: s1<-s4#7667:OK-t1,SUCCESS,nextIndex=128,followerCommit=126,matchIndex=127
2023-03-17 00:26:26,544 DEBUG server.RaftServer$Division (RaftServerImpl.java:logAppendEntries(1430)) - s10@group-6E994AD85659: succeeded to handle AppendEntries. Reply: s1<-s10#7664:OK-t1,SUCCESS,nextIndex=128,followerCommit=126,matchIndex=127
2023-03-17 00:26:26,544 DEBUG server.RaftServer$Division (RaftServerImpl.java:logAppendEntries(1430)) - s9@group-6E994AD85659: succeeded to handle AppendEntries. Reply: s1<-s9#7675:OK-t1,SUCCESS,nextIndex=128,followerCommit=126,matchIndex=127
2023-03-17 00:26:26,545 DEBUG server.RaftServer$Division (RaftServerImpl.java:logAppendEntries(1430)) - s13@group-6E994AD85659: succeeded to handle AppendEntries. Reply: s1<-s13#7671:OK-t1,SUCCESS,nextIndex=128,followerCommit=126,matchIndex=127
2023-03-17 00:26:26,545 DEBUG server.RaftServer$Division (RaftServerImpl.java:logAppendEntries(1430)) - s6@group-6E994AD85659: receive appendEntries(s1, 1, (t:1, i:126), 126, true, commits:[s1:c126, s10:c125, s0:c125, s3:c126, s4:c125, s11:c125, s5:c125, s6:c125, s13:c125, s7:c125, s12:c125, s8:c125, s9:c125, s14:c125, s2:c125], cId:7670, entries: [(t:1, i:127), STATEMACHINELOGENTRY, 7663@client-E8995F8E72F5]
2023-03-17 00:26:26,545 DEBUG server.RaftServer$Division (RaftServerImpl.java:logAppendEntries(1430)) - s7@group-6E994AD85659: receive appendEntries(s1, 1, (t:1, i:126), 126, true, commits:[s1:c126, s10:c125, s0:c125, s3:c126, s4:c125, s11:c125, s5:c125, s6:c125, s13:c125, s7:c125, s12:c125, s8:c125, s9:c125, s14:c125, s2:c125], cId:7672, entries: [(t:1, i:127), STATEMACHINELOGENTRY, 7663@client-E8995F8E72F5]
2023-03-17 00:26:26,545 DEBUG server.RaftServer$Division (RaftServerImpl.java:logAppendEntries(1430)) - s14@group-6E994AD85659: receive appendEntries(s1, 1, (t:1, i:126), 126, true, commits:[s1:c126, s10:c125, s0:c125, s3:c126, s4:c125, s11:c125, s5:c125, s6:c125, s13:c125, s7:c125, s12:c125, s8:c125, s9:c125, s14:c125, s2:c125], cId:7676, entries: [(t:1, i:127), STATEMACHINELOGENTRY, 7663@client-E8995F8E72F5]
2023-03-17 00:26:26,546 DEBUG server.RaftServer$Division (RaftServerImpl.java:logAppendEntries(1430)) - s6@group-6E994AD85659: succeeded to handle AppendEntries. Reply: s1<-s6#7670:OK-t1,SUCCESS,nextIndex=128,followerCommit=126,matchIndex=127
2023-03-17 00:26:26,546 DEBUG server.RaftServer$Division (RaftServerImpl.java:logAppendEntries(1430)) - s7@group-6E994AD85659: succeeded to handle AppendEntries. Reply: s1<-s7#7672:OK-t1,SUCCESS,nextIndex=128,followerCommit=126,matchIndex=127
2023-03-17 00:26:26,546 DEBUG server.RaftServer$Division (RaftServerImpl.java:logAppendEntries(1430)) - s11@group-6E994AD85659: receive appendEntries(s1, 1, (t:1, i:126), 126, true, commits:[s1:c126, s10:c125, s0:c125, s3:c126, s4:c125, s11:c125, s5:c125, s6:c125, s13:c125, s7:c125, s12:c125, s8:c125, s9:c125, s14:c125, s2:c125], cId:7668, entries: [(t:1, i:127), STATEMACHINELOGENTRY, 7663@client-E8995F8E72F5]
2023-03-17 00:26:26,546 DEBUG server.RaftServer$Division (RaftServerImpl.java:logAppendEntries(1430)) - s14@group-6E994AD85659: succeeded to handle AppendEntries. Reply: s1<-s14#7676:OK-t1,SUCCESS,nextIndex=128,followerCommit=126,matchIndex=127
2023-03-17 00:26:26,547 DEBUG server.RaftServer$Division (RaftServerImpl.java:logAppendEntries(1430)) - s11@group-6E994AD85659: succeeded to handle AppendEntries. Reply: s1<-s11#7668:OK-t1,SUCCESS,nextIndex=128,followerCommit=126,matchIndex=127
2023-03-17 00:26:26,547 DEBUG server.RaftServer$Division (RaftServerImpl.java:logAppendEntries(1430)) - s12@group-6E994AD85659: receive appendEntries(s1, 1, (t:1, i:126), 126, true, commits:[s1:c126, s10:c125, s0:c125, s3:c126, s4:c125, s11:c125, s5:c125, s6:c125, s13:c125, s7:c125, s12:c125, s8:c125, s9:c125, s14:c125, s2:c125], cId:7673, entries: [(t:1, i:127), STATEMACHINELOGENTRY, 7663@client-E8995F8E72F5]
2023-03-17 00:26:26,548 DEBUG server.RaftServer$Division (RaftServerImpl.java:logAppendEntries(1430)) - s5@group-6E994AD85659: receive appendEntries(s1, 1, (t:1, i:126), 126, true, commits:[s1:c126, s10:c125, s0:c125, s3:c126, s4:c125, s11:c125, s5:c125, s6:c125, s13:c125, s7:c125, s12:c125, s8:c125, s9:c125, s14:c125, s2:c125], cId:7669, entries: [(t:1, i:127), STATEMACHINELOGENTRY, 7663@client-E8995F8E72F5]
2023-03-17 00:26:26,548 DEBUG server.RaftServer$Division (RaftServerImpl.java:logAppendEntries(1430)) - s8@group-6E994AD85659: receive appendEntries(s1, 1, (t:1, i:126), 126, true, commits:[s1:c126, s10:c125, s0:c125, s3:c126, s4:c125, s11:c125, s5:c125, s6:c125, s13:c125, s7:c125, s12:c125, s8:c125, s9:c125, s14:c125, s2:c125], cId:7674, entries: [(t:1, i:127), STATEMACHINELOGENTRY, 7663@client-E8995F8E72F5]
2023-03-17 00:26:26,548 DEBUG server.RaftServer$Division (RaftServerImpl.java:logAppendEntries(1430)) - s12@group-6E994AD85659: succeeded to handle AppendEntries. Reply: s1<-s12#7673:OK-t1,SUCCESS,nextIndex=128,followerCommit=126,matchIndex=127
2023-03-17 00:26:26,548 DEBUG server.RaftServer$Division (RaftServerImpl.java:logAppendEntries(1430)) - s2@group-6E994AD85659: receive appendEntries(s1, 1, (t:1, i:126), 126, true, commits:[s1:c126, s10:c125, s0:c125, s3:c126, s4:c125, s11:c125, s5:c125, s6:c125, s13:c125, s7:c125, s12:c125, s8:c125, s9:c125, s14:c125, s2:c125], cId:7677, entries: [(t:1, i:127), STATEMACHINELOGENTRY, 7663@client-E8995F8E72F5]
2023-03-17 00:26:26,548 DEBUG server.RaftServer$Division (RaftServerImpl.java:logAppendEntries(1430)) - s5@group-6E994AD85659: succeeded to handle AppendEntries. Reply: s1<-s5#7669:OK-t1,SUCCESS,nextIndex=128,followerCommit=126,matchIndex=127
2023-03-17 00:26:26,549 DEBUG server.RaftServer$Division (RaftServerImpl.java:logAppendEntries(1430)) - s8@group-6E994AD85659: succeeded to handle AppendEntries. Reply: s1<-s8#7674:OK-t1,SUCCESS,nextIndex=128,followerCommit=126,matchIndex=127
2023-03-17 00:26:26,549 DEBUG server.RaftServer$Division (RaftServerImpl.java:logAppendEntries(1430)) - s2@group-6E994AD85659: succeeded to handle AppendEntries. Reply: s1<-s2#7677:OK-t1,SUCCESS,nextIndex=128,followerCommit=126,matchIndex=127
2023-03-17 00:26:26,552 INFO  statemachine.StateMachine (ArithmeticStateMachine.java:applyTransaction(182)) - LEADER:s1-127: b = 5304 = 5304
2023-03-17 00:26:26,553 DEBUG server.RaftServer$Division (RaftServerImpl.java:logAppendEntries(1430)) - s4@group-6E994AD85659: receive appendEntries(s1, 1, (t:1, i:127), 127, true, commits:[s1:c127, s10:c126, s0:c126, s3:c126, s4:c126, s11:c126, s5:c126, s6:c126, s13:c126, s7:c126, s12:c126, s8:c126, s9:c126, s14:c126, s2:c126], cId:7684, entries: [(t:1, i:128), METADATAENTRY(c:127)]
2023-03-17 00:26:26,553 DEBUG server.RaftServer$Division (RaftServerImpl.java:logAppendEntries(1430)) - s6@group-6E994AD85659: receive appendEntries(s1, 1, (t:1, i:127), 127, true, commits:[s1:c127, s10:c126, s0:c126, s3:c126, s4:c126, s11:c126, s5:c126, s6:c126, s13:c126, s7:c126, s12:c126, s8:c126, s9:c126, s14:c126, s2:c126], cId:7687, entries: [(t:1, i:128), METADATAENTRY(c:127)]
2023-03-17 00:26:26,553 DEBUG server.RaftServer$Division (RaftServerImpl.java:logAppendEntries(1430)) - s13@group-6E994AD85659: receive appendEntries(s1, 1, (t:1, i:127), 127, true, commits:[s1:c127, s10:c126, s0:c126, s3:c126, s4:c126, s11:c126, s5:c126, s6:c126, s13:c126, s7:c126, s12:c126, s8:c126, s9:c126, s14:c126, s2:c126], cId:7686, entries: [(t:1, i:128), METADATAENTRY(c:127)]
2023-03-17 00:26:26,554 DEBUG server.RaftServer$Division (RaftServerImpl.java:logAppendEntries(1430)) - s4@group-6E994AD85659: succeeded to handle AppendEntries. Reply: s1<-s4#7684:OK-t1,SUCCESS,nextIndex=129,followerCommit=127,matchIndex=128
2023-03-17 00:26:26,554 DEBUG server.RaftServer$Division (RaftServerImpl.java:logAppendEntries(1430)) - s7@group-6E994AD85659: receive appendEntries(s1, 1, (t:1, i:127), 127, true, commits:[s1:c127, s10:c126, s0:c126, s3:c126, s4:c126, s11:c126, s5:c126, s6:c126, s13:c126, s7:c126, s12:c126, s8:c126, s9:c126, s14:c126, s2:c126], cId:7679, entries: [(t:1, i:128), METADATAENTRY(c:127)]
2023-03-17 00:26:26,554 DEBUG server.RaftServer$Division (RaftServerImpl.java:logAppendEntries(1430)) - s13@group-6E994AD85659: succeeded to handle AppendEntries. Reply: s1<-s13#7686:OK-t1,SUCCESS,nextIndex=129,followerCommit=127,matchIndex=128
2023-03-17 00:26:26,554 DEBUG server.RaftServer$Division (RaftServerImpl.java:logAppendEntries(1430)) - s6@group-6E994AD85659: succeeded to handle AppendEntries. Reply: s1<-s6#7687:OK-t1,SUCCESS,nextIndex=129,followerCommit=127,matchIndex=128
2023-03-17 00:26:26,555 DEBUG server.RaftServer$Division (RaftServerImpl.java:logAppendEntries(1430)) - s9@group-6E994AD85659: receive appendEntries(s1, 1, (t:1, i:127), 127, true, commits:[s1:c127, s10:c126, s0:c126, s3:c126, s4:c126, s11:c126, s5:c126, s6:c126, s13:c126, s7:c126, s12:c126, s8:c126, s9:c126, s14:c126, s2:c126], cId:7688, entries: [(t:1, i:128), METADATAENTRY(c:127)]
2023-03-17 00:26:26,555 DEBUG server.RaftServer$Division (RaftServerImpl.java:logAppendEntries(1430)) - s14@group-6E994AD85659: receive appendEntries(s1, 1, (t:1, i:127), 127, true, commits:[s1:c127, s10:c126, s0:c126, s3:c126, s4:c126, s11:c126, s5:c126, s6:c126, s13:c126, s7:c126, s12:c126, s8:c126, s9:c126, s14:c126, s2:c126], cId:7681, entries: [(t:1, i:128), METADATAENTRY(c:127)]
2023-03-17 00:26:26,555 DEBUG server.RaftServer$Division (RaftServerImpl.java:logAppendEntries(1430)) - s7@group-6E994AD85659: succeeded to handle AppendEntries. Reply: s1<-s7#7679:OK-t1,SUCCESS,nextIndex=129,followerCommit=127,matchIndex=128
2023-03-17 00:26:26,555 DEBUG server.RaftServer$Division (RaftServerImpl.java:logAppendEntries(1430)) - s0@group-6E994AD85659: receive appendEntries(s1, 1, (t:1, i:127), 127, true, commits:[s1:c127, s10:c126, s0:c126, s3:c126, s4:c126, s11:c126, s5:c126, s6:c126, s13:c126, s7:c126, s12:c126, s8:c126, s9:c126, s14:c126, s2:c126], cId:7682, entries: [(t:1, i:128), METADATAENTRY(c:127)]
2023-03-17 00:26:26,555 DEBUG server.RaftServer$Division (RaftServerImpl.java:logAppendEntries(1430)) - s9@group-6E994AD85659: succeeded to handle AppendEntries. Reply: s1<-s9#7688:OK-t1,SUCCESS,nextIndex=129,followerCommit=127,matchIndex=128
2023-03-17 00:26:26,555 DEBUG server.RaftServer$Division (RaftServerImpl.java:logAppendEntries(1430)) - s14@group-6E994AD85659: succeeded to handle AppendEntries. Reply: s1<-s14#7681:OK-t1,SUCCESS,nextIndex=129,followerCommit=127,matchIndex=128
2023-03-17 00:26:26,556 DEBUG server.RaftServer$Division (RaftServerImpl.java:logAppendEntries(1430)) - s0@group-6E994AD85659: succeeded to handle AppendEntries. Reply: s1<-s0#7682:OK-t1,SUCCESS,nextIndex=129,followerCommit=127,matchIndex=128
2023-03-17 00:26:26,556 DEBUG server.RaftServer$Division (RaftServerImpl.java:logAppendEntries(1430)) - s3@group-6E994AD85659: receive appendEntries(s1, 1, (t:1, i:127), 127, true, commits:[s1:c127, s10:c126, s0:c126, s3:c126, s4:c126, s11:c126, s5:c126, s6:c126, s13:c126, s7:c126, s12:c126, s8:c126, s9:c126, s14:c126, s2:c126], cId:7689, entries: [(t:1, i:128), METADATAENTRY(c:127)]
2023-03-17 00:26:26,557 DEBUG server.RaftServer$Division (RaftServerImpl.java:logAppendEntries(1430)) - s12@group-6E994AD85659: receive appendEntries(s1, 1, (t:1, i:127), 127, true, commits:[s1:c127, s10:c126, s0:c126, s3:c126, s4:c126, s11:c126, s5:c126, s6:c126, s13:c126, s7:c126, s12:c126, s8:c126, s9:c126, s14:c126, s2:c126], cId:7685, entries: [(t:1, i:128), METADATAENTRY(c:127)]
2023-03-17 00:26:26,557 DEBUG server.RaftServer$Division (RaftServerImpl.java:logAppendEntries(1430)) - s3@group-6E994AD85659: succeeded to handle AppendEntries. Reply: s1<-s3#7689:OK-t1,SUCCESS,nextIndex=129,followerCommit=127,matchIndex=128
2023-03-17 00:26:26,557 DEBUG server.RaftServer$Division (RaftServerImpl.java:logAppendEntries(1430)) - s8@group-6E994AD85659: receive appendEntries(s1, 1, (t:1, i:127), 127, true, commits:[s1:c127, s10:c126, s0:c126, s3:c126, s4:c126, s11:c126, s5:c126, s6:c126, s13:c126, s7:c126, s12:c126, s8:c126, s9:c126, s14:c126, s2:c126], cId:7678, entries: [(t:1, i:128), METADATAENTRY(c:127)]
2023-03-17 00:26:26,557 DEBUG server.RaftServer$Division (RaftServerImpl.java:logAppendEntries(1430)) - s12@group-6E994AD85659: succeeded to handle AppendEntries. Reply: s1<-s12#7685:OK-t1,SUCCESS,nextIndex=129,followerCommit=127,matchIndex=128
2023-03-17 00:26:26,557 DEBUG server.RaftServer$Division (RaftServerImpl.java:logAppendEntries(1430)) - s10@group-6E994AD85659: receive appendEntries(s1, 1, (t:1, i:127), 127, true, commits:[s1:c127, s10:c126, s0:c126, s3:c126, s4:c126, s11:c126, s5:c126, s6:c126, s13:c126, s7:c126, s12:c126, s8:c126, s9:c126, s14:c126, s2:c126], cId:7680, entries: [(t:1, i:128), METADATAENTRY(c:127)]
2023-03-17 00:26:26,558 DEBUG server.RaftServer$Division (RaftServerImpl.java:logAppendEntries(1430)) - s2@group-6E994AD85659: receive appendEntries(s1, 1, (t:1, i:127), 127, true, commits:[s1:c127, s10:c126, s0:c126, s3:c126, s4:c126, s11:c126, s5:c126, s6:c126, s13:c126, s7:c126, s12:c126, s8:c126, s9:c126, s14:c126, s2:c126], cId:7683, entries: [(t:1, i:128), METADATAENTRY(c:127)]
2023-03-17 00:26:26,558 DEBUG server.RaftServer$Division (RaftServerImpl.java:logAppendEntries(1430)) - s5@group-6E994AD85659: receive appendEntries(s1, 1, (t:1, i:127), 127, true, commits:[s1:c127, s10:c126, s0:c126, s3:c126, s4:c126, s11:c126, s5:c126, s6:c126, s13:c126, s7:c126, s12:c126, s8:c126, s9:c126, s14:c126, s2:c126], cId:7691, entries: [(t:1, i:128), METADATAENTRY(c:127)]
2023-03-17 00:26:26,558 DEBUG server.RaftServer$Division (RaftServerImpl.java:logAppendEntries(1430)) - s2@group-6E994AD85659: succeeded to handle AppendEntries. Reply: s1<-s2#7683:OK-t1,SUCCESS,nextIndex=129,followerCommit=127,matchIndex=128
2023-03-17 00:26:26,558 DEBUG server.RaftServer$Division (RaftServerImpl.java:logAppendEntries(1430)) - s8@group-6E994AD85659: succeeded to handle AppendEntries. Reply: s1<-s8#7678:OK-t1,SUCCESS,nextIndex=129,followerCommit=127,matchIndex=128
2023-03-17 00:26:26,559 DEBUG server.RaftServer$Division (RaftServerImpl.java:logAppendEntries(1430)) - s10@group-6E994AD85659: succeeded to handle AppendEntries. Reply: s1<-s10#7680:OK-t1,SUCCESS,nextIndex=129,followerCommit=127,matchIndex=128
2023-03-17 00:26:26,559 DEBUG server.RaftServer$Division (RaftServerImpl.java:logAppendEntries(1430)) - s5@group-6E994AD85659: succeeded to handle AppendEntries. Reply: s1<-s5#7691:OK-t1,SUCCESS,nextIndex=129,followerCommit=127,matchIndex=128
2023-03-17 00:26:26,559 DEBUG server.RaftServer$Division (RaftServerImpl.java:logAppendEntries(1430)) - s11@group-6E994AD85659: receive appendEntries(s1, 1, (t:1, i:127), 127, true, commits:[s1:c127, s10:c126, s0:c126, s3:c126, s4:c126, s11:c126, s5:c126, s6:c126, s13:c126, s7:c126, s12:c126, s8:c126, s9:c126, s14:c126, s2:c126], cId:7690, entries: [(t:1, i:128), METADATAENTRY(c:127)]
2023-03-17 00:26:26,560 DEBUG server.RaftServer$Division (RaftServerImpl.java:logAppendEntries(1430)) - s11@group-6E994AD85659: succeeded to handle AppendEntries. Reply: s1<-s11#7690:OK-t1,SUCCESS,nextIndex=129,followerCommit=127,matchIndex=128
2023-03-17 00:26:26,561 DEBUG server.RaftServer$Division (RaftServerImpl.java:submitClientRequestAsync(835)) - s1@group-6E994AD85659: receive client request(RaftClientRequest:client-E8995F8E72F5->s1@group-6E994AD85659, cid=7692, seq=0, RW, Message:01016304010300040201...(size=17))
2023-03-17 00:26:26,562 DEBUG server.RaftServer$Division (LeaderStateImpl.java:addPendingRequest(474)) - s1@group-6E994AD85659-LeaderStateImpl: addPendingRequest at RaftClientRequest:client-E8995F8E72F5->s1@group-6E994AD85659, cid=7692, seq=0, RW, Message:01016304010300040201...(size=17), entry=(t:1, i:129), STATEMACHINELOGENTRY, 7692@client-E8995F8E72F5
2023-03-17 00:26:26,562 DEBUG server.RaftServer$Division (RaftServerImpl.java:logAppendEntries(1430)) - s3@group-6E994AD85659: receive appendEntries(s1, 1, (t:1, i:128), 128, true, commits:[s1:c128, s10:c127, s0:c127, s3:c127, s4:c127, s11:c127, s5:c127, s6:c127, s13:c127, s7:c127, s12:c127, s8:c127, s9:c127, s14:c127, s2:c127], cId:7694, entries: [(t:1, i:129), STATEMACHINELOGENTRY, 7692@client-E8995F8E72F5]
2023-03-17 00:26:26,563 DEBUG server.RaftServer$Division (RaftServerImpl.java:logAppendEntries(1430)) - s10@group-6E994AD85659: receive appendEntries(s1, 1, (t:1, i:128), 128, true, commits:[s1:c128, s10:c127, s0:c127, s3:c127, s4:c127, s11:c127, s5:c127, s6:c127, s13:c127, s7:c127, s12:c127, s8:c127, s9:c127, s14:c127, s2:c127], cId:7693, entries: [(t:1, i:129), STATEMACHINELOGENTRY, 7692@client-E8995F8E72F5]
2023-03-17 00:26:26,563 DEBUG server.RaftServer$Division (RaftServerImpl.java:logAppendEntries(1430)) - s3@group-6E994AD85659: succeeded to handle AppendEntries. Reply: s1<-s3#7694:OK-t1,SUCCESS,nextIndex=130,followerCommit=128,matchIndex=129
2023-03-17 00:26:26,563 DEBUG server.RaftServer$Division (RaftServerImpl.java:logAppendEntries(1430)) - s0@group-6E994AD85659: receive appendEntries(s1, 1, (t:1, i:128), 128, true, commits:[s1:c128, s10:c127, s0:c127, s3:c127, s4:c127, s11:c127, s5:c127, s6:c127, s13:c127, s7:c127, s12:c127, s8:c127, s9:c127, s14:c127, s2:c127], cId:7695, entries: [(t:1, i:129), STATEMACHINELOGENTRY, 7692@client-E8995F8E72F5]
2023-03-17 00:26:26,564 DEBUG server.RaftServer$Division (RaftServerImpl.java:logAppendEntries(1430)) - s10@group-6E994AD85659: succeeded to handle AppendEntries. Reply: s1<-s10#7693:OK-t1,SUCCESS,nextIndex=130,followerCommit=128,matchIndex=129
2023-03-17 00:26:26,564 DEBUG server.RaftServer$Division (RaftServerImpl.java:logAppendEntries(1430)) - s0@group-6E994AD85659: succeeded to handle AppendEntries. Reply: s1<-s0#7695:OK-t1,SUCCESS,nextIndex=130,followerCommit=128,matchIndex=129
2023-03-17 00:26:26,564 DEBUG server.RaftServer$Division (RaftServerImpl.java:logAppendEntries(1430)) - s9@group-6E994AD85659: receive appendEntries(s1, 1, (t:1, i:128), 128, true, commits:[s1:c128, s10:c127, s0:c127, s3:c128, s4:c127, s11:c127, s5:c127, s6:c127, s13:c127, s7:c127, s12:c127, s8:c127, s9:c127, s14:c127, s2:c127], cId:7704, entries: [(t:1, i:129), STATEMACHINELOGENTRY, 7692@client-E8995F8E72F5]
2023-03-17 00:26:26,565 DEBUG server.RaftServer$Division (RaftServerImpl.java:logAppendEntries(1430)) - s13@group-6E994AD85659: receive appendEntries(s1, 1, (t:1, i:128), 128, true, commits:[s1:c128, s10:c127, s0:c127, s3:c128, s4:c127, s11:c127, s5:c127, s6:c127, s13:c127, s7:c127, s12:c127, s8:c127, s9:c127, s14:c127, s2:c127], cId:7700, entries: [(t:1, i:129), STATEMACHINELOGENTRY, 7692@client-E8995F8E72F5]
2023-03-17 00:26:26,565 DEBUG server.RaftServer$Division (RaftServerImpl.java:logAppendEntries(1430)) - s9@group-6E994AD85659: succeeded to handle AppendEntries. Reply: s1<-s9#7704:OK-t1,SUCCESS,nextIndex=130,followerCommit=128,matchIndex=129
2023-03-17 00:26:26,564 DEBUG server.RaftServer$Division (RaftServerImpl.java:logAppendEntries(1430)) - s4@group-6E994AD85659: receive appendEntries(s1, 1, (t:1, i:128), 128, true, commits:[s1:c128, s10:c127, s0:c127, s3:c128, s4:c127, s11:c127, s5:c127, s6:c127, s13:c127, s7:c127, s12:c127, s8:c127, s9:c127, s14:c127, s2:c127], cId:7696, entries: [(t:1, i:129), STATEMACHINELOGENTRY, 7692@client-E8995F8E72F5]
2023-03-17 00:26:26,565 DEBUG server.RaftServer$Division (RaftServerImpl.java:logAppendEntries(1430)) - s13@group-6E994AD85659: succeeded to handle AppendEntries. Reply: s1<-s13#7700:OK-t1,SUCCESS,nextIndex=130,followerCommit=128,matchIndex=129
2023-03-17 00:26:26,566 DEBUG server.RaftServer$Division (RaftServerImpl.java:logAppendEntries(1430)) - s4@group-6E994AD85659: succeeded to handle AppendEntries. Reply: s1<-s4#7696:OK-t1,SUCCESS,nextIndex=130,followerCommit=128,matchIndex=129
2023-03-17 00:26:26,566 DEBUG server.RaftServer$Division (RaftServerImpl.java:logAppendEntries(1430)) - s12@group-6E994AD85659: receive appendEntries(s1, 1, (t:1, i:128), 128, true, commits:[s1:c128, s10:c127, s0:c127, s3:c128, s4:c127, s11:c127, s5:c127, s6:c127, s13:c127, s7:c127, s12:c127, s8:c127, s9:c127, s14:c127, s2:c127], cId:7702, entries: [(t:1, i:129), STATEMACHINELOGENTRY, 7692@client-E8995F8E72F5]
2023-03-17 00:26:26,566 DEBUG server.RaftServer$Division (RaftServerImpl.java:logAppendEntries(1430)) - s6@group-6E994AD85659: receive appendEntries(s1, 1, (t:1, i:128), 128, true, commits:[s1:c128, s10:c127, s0:c127, s3:c128, s4:c127, s11:c127, s5:c127, s6:c127, s13:c127, s7:c127, s12:c127, s8:c127, s9:c127, s14:c127, s2:c127], cId:7699, entries: [(t:1, i:129), STATEMACHINELOGENTRY, 7692@client-E8995F8E72F5]
2023-03-17 00:26:26,567 DEBUG server.RaftServer$Division (RaftServerImpl.java:logAppendEntries(1430)) - s12@group-6E994AD85659: succeeded to handle AppendEntries. Reply: s1<-s12#7702:OK-t1,SUCCESS,nextIndex=130,followerCommit=128,matchIndex=129
2023-03-17 00:26:26,567 DEBUG server.RaftServer$Division (RaftServerImpl.java:logAppendEntries(1430)) - s6@group-6E994AD85659: succeeded to handle AppendEntries. Reply: s1<-s6#7699:OK-t1,SUCCESS,nextIndex=130,followerCommit=128,matchIndex=129
2023-03-17 00:26:26,567 DEBUG server.RaftServer$Division (RaftServerImpl.java:logAppendEntries(1430)) - s7@group-6E994AD85659: receive appendEntries(s1, 1, (t:1, i:128), 128, true, commits:[s1:c128, s10:c127, s0:c127, s3:c128, s4:c127, s11:c127, s5:c127, s6:c127, s13:c127, s7:c127, s12:c127, s8:c127, s9:c127, s14:c127, s2:c127], cId:7701, entries: [(t:1, i:129), STATEMACHINELOGENTRY, 7692@client-E8995F8E72F5]
2023-03-17 00:26:26,567 DEBUG server.RaftServer$Division (RaftServerImpl.java:logAppendEntries(1430)) - s14@group-6E994AD85659: receive appendEntries(s1, 1, (t:1, i:128), 128, true, commits:[s1:c128, s10:c127, s0:c127, s3:c128, s4:c127, s11:c127, s5:c127, s6:c127, s13:c127, s7:c127, s12:c127, s8:c127, s9:c127, s14:c127, s2:c127], cId:7705, entries: [(t:1, i:129), STATEMACHINELOGENTRY, 7692@client-E8995F8E72F5]
2023-03-17 00:26:26,568 DEBUG server.RaftServer$Division (RaftServerImpl.java:logAppendEntries(1430)) - s11@group-6E994AD85659: receive appendEntries(s1, 1, (t:1, i:128), 128, true, commits:[s1:c128, s10:c127, s0:c127, s3:c128, s4:c127, s11:c127, s5:c127, s6:c127, s13:c127, s7:c127, s12:c127, s8:c127, s9:c127, s14:c127, s2:c127], cId:7697, entries: [(t:1, i:129), STATEMACHINELOGENTRY, 7692@client-E8995F8E72F5]
2023-03-17 00:26:26,568 DEBUG server.RaftServer$Division (RaftServerImpl.java:logAppendEntries(1430)) - s14@group-6E994AD85659: succeeded to handle AppendEntries. Reply: s1<-s14#7705:OK-t1,SUCCESS,nextIndex=130,followerCommit=128,matchIndex=129
2023-03-17 00:26:26,568 DEBUG server.RaftServer$Division (RaftServerImpl.java:logAppendEntries(1430)) - s7@group-6E994AD85659: succeeded to handle AppendEntries. Reply: s1<-s7#7701:OK-t1,SUCCESS,nextIndex=130,followerCommit=128,matchIndex=129
2023-03-17 00:26:26,569 DEBUG server.RaftServer$Division (RaftServerImpl.java:logAppendEntries(1430)) - s11@group-6E994AD85659: succeeded to handle AppendEntries. Reply: s1<-s11#7697:OK-t1,SUCCESS,nextIndex=130,followerCommit=128,matchIndex=129
2023-03-17 00:26:26,569 DEBUG server.RaftServer$Division (RaftServerImpl.java:logAppendEntries(1430)) - s8@group-6E994AD85659: receive appendEntries(s1, 1, (t:1, i:128), 128, true, commits:[s1:c128, s10:c127, s0:c127, s3:c128, s4:c127, s11:c127, s5:c127, s6:c127, s13:c127, s7:c127, s12:c127, s8:c127, s9:c127, s14:c127, s2:c127], cId:7703, entries: [(t:1, i:129), STATEMACHINELOGENTRY, 7692@client-E8995F8E72F5]
2023-03-17 00:26:26,569 DEBUG server.RaftServer$Division (RaftServerImpl.java:logAppendEntries(1430)) - s5@group-6E994AD85659: receive appendEntries(s1, 1, (t:1, i:128), 128, true, commits:[s1:c128, s10:c127, s0:c127, s3:c128, s4:c127, s11:c127, s5:c127, s6:c127, s13:c127, s7:c127, s12:c127, s8:c127, s9:c127, s14:c127, s2:c127], cId:7698, entries: [(t:1, i:129), STATEMACHINELOGENTRY, 7692@client-E8995F8E72F5]
2023-03-17 00:26:26,569 DEBUG server.RaftServer$Division (RaftServerImpl.java:logAppendEntries(1430)) - s8@group-6E994AD85659: succeeded to handle AppendEntries. Reply: s1<-s8#7703:OK-t1,SUCCESS,nextIndex=130,followerCommit=128,matchIndex=129
2023-03-17 00:26:26,569 DEBUG server.RaftServer$Division (RaftServerImpl.java:logAppendEntries(1430)) - s2@group-6E994AD85659: receive appendEntries(s1, 1, (t:1, i:128), 128, true, commits:[s1:c128, s10:c127, s0:c127, s3:c128, s4:c127, s11:c127, s5:c127, s6:c127, s13:c127, s7:c127, s12:c127, s8:c127, s9:c127, s14:c127, s2:c127], cId:7706, entries: [(t:1, i:129), STATEMACHINELOGENTRY, 7692@client-E8995F8E72F5]
2023-03-17 00:26:26,570 DEBUG server.RaftServer$Division (RaftServerImpl.java:logAppendEntries(1430)) - s5@group-6E994AD85659: succeeded to handle AppendEntries. Reply: s1<-s5#7698:OK-t1,SUCCESS,nextIndex=130,followerCommit=128,matchIndex=129
2023-03-17 00:26:26,570 DEBUG server.RaftServer$Division (RaftServerImpl.java:logAppendEntries(1430)) - s2@group-6E994AD85659: succeeded to handle AppendEntries. Reply: s1<-s2#7706:OK-t1,SUCCESS,nextIndex=130,followerCommit=128,matchIndex=129
2023-03-17 00:26:26,572 INFO  statemachine.StateMachine (ArithmeticStateMachine.java:applyTransaction(182)) - LEADER:s1-129: c = √(a^2 + b^2) = 5305
2023-03-17 00:26:26,573 DEBUG server.RaftServer$Division (RaftServerImpl.java:logAppendEntries(1430)) - s9@group-6E994AD85659: receive appendEntries(s1, 1, (t:1, i:129), 129, true, commits:[s1:c129, s10:c128, s0:c128, s3:c128, s4:c128, s11:c128, s5:c128, s6:c128, s13:c128, s7:c128, s12:c128, s8:c128, s9:c128, s14:c128, s2:c128], cId:7707, entries: [(t:1, i:130), METADATAENTRY(c:129)]
2023-03-17 00:26:26,573 DEBUG server.RaftServer$Division (RaftServerImpl.java:logAppendEntries(1430)) - s13@group-6E994AD85659: receive appendEntries(s1, 1, (t:1, i:129), 129, true, commits:[s1:c129, s10:c128, s0:c128, s3:c128, s4:c128, s11:c128, s5:c128, s6:c128, s13:c128, s7:c128, s12:c128, s8:c128, s9:c128, s14:c128, s2:c128], cId:7710, entries: [(t:1, i:130), METADATAENTRY(c:129)]
2023-03-17 00:26:26,574 DEBUG server.RaftServer$Division (RaftServerImpl.java:logAppendEntries(1430)) - s9@group-6E994AD85659: succeeded to handle AppendEntries. Reply: s1<-s9#7707:OK-t1,SUCCESS,nextIndex=131,followerCommit=129,matchIndex=130
2023-03-17 00:26:26,574 DEBUG server.RaftServer$Division (RaftServerImpl.java:logAppendEntries(1430)) - s13@group-6E994AD85659: succeeded to handle AppendEntries. Reply: s1<-s13#7710:OK-t1,SUCCESS,nextIndex=131,followerCommit=129,matchIndex=130
2023-03-17 00:26:26,574 DEBUG server.RaftServer$Division (RaftServerImpl.java:logAppendEntries(1430)) - s4@group-6E994AD85659: receive appendEntries(s1, 1, (t:1, i:129), 129, true, commits:[s1:c129, s10:c128, s0:c128, s3:c128, s4:c128, s11:c128, s5:c128, s6:c128, s13:c128, s7:c128, s12:c128, s8:c128, s9:c128, s14:c128, s2:c128], cId:7712, entries: [(t:1, i:130), METADATAENTRY(c:129)]
2023-03-17 00:26:26,575 DEBUG server.RaftServer$Division (RaftServerImpl.java:logAppendEntries(1430)) - s4@group-6E994AD85659: succeeded to handle AppendEntries. Reply: s1<-s4#7712:OK-t1,SUCCESS,nextIndex=131,followerCommit=129,matchIndex=130
2023-03-17 00:26:26,576 DEBUG server.RaftServer$Division (RaftServerImpl.java:logAppendEntries(1430)) - s6@group-6E994AD85659: receive appendEntries(s1, 1, (t:1, i:129), 129, true, commits:[s1:c129, s10:c128, s0:c128, s3:c128, s4:c128, s11:c128, s5:c128, s6:c128, s13:c128, s7:c128, s12:c128, s8:c128, s9:c128, s14:c128, s2:c128], cId:7719, entries: [(t:1, i:130), METADATAENTRY(c:129)]
2023-03-17 00:26:26,576 DEBUG server.RaftServer$Division (RaftServerImpl.java:logAppendEntries(1430)) - s3@group-6E994AD85659: receive appendEntries(s1, 1, (t:1, i:129), 129, true, commits:[s1:c129, s10:c128, s0:c128, s3:c128, s4:c128, s11:c128, s5:c128, s6:c128, s13:c128, s7:c128, s12:c128, s8:c128, s9:c128, s14:c128, s2:c128], cId:7714, entries: [(t:1, i:130), METADATAENTRY(c:129)]
2023-03-17 00:26:26,576 DEBUG server.RaftServer$Division (RaftServerImpl.java:logAppendEntries(1430)) - s6@group-6E994AD85659: succeeded to handle AppendEntries. Reply: s1<-s6#7719:OK-t1,SUCCESS,nextIndex=131,followerCommit=129,matchIndex=130
2023-03-17 00:26:26,577 DEBUG server.RaftServer$Division (RaftServerImpl.java:logAppendEntries(1430)) - s3@group-6E994AD85659: succeeded to handle AppendEntries. Reply: s1<-s3#7714:OK-t1,SUCCESS,nextIndex=131,followerCommit=129,matchIndex=130
2023-03-17 00:26:26,577 DEBUG server.RaftServer$Division (RaftServerImpl.java:logAppendEntries(1430)) - s12@group-6E994AD85659: receive appendEntries(s1, 1, (t:1, i:129), 129, true, commits:[s1:c129, s10:c128, s0:c128, s3:c128, s4:c128, s11:c128, s5:c128, s6:c128, s13:c128, s7:c128, s12:c128, s8:c128, s9:c128, s14:c128, s2:c128], cId:7720, entries: [(t:1, i:130), METADATAENTRY(c:129)]
2023-03-17 00:26:26,577 DEBUG server.RaftServer$Division (RaftServerImpl.java:logAppendEntries(1430)) - s10@group-6E994AD85659: receive appendEntries(s1, 1, (t:1, i:129), 129, true, commits:[s1:c129, s10:c128, s0:c128, s3:c128, s4:c128, s11:c128, s5:c128, s6:c128, s13:c128, s7:c128, s12:c128, s8:c128, s9:c128, s14:c128, s2:c128], cId:7708, entries: [(t:1, i:130), METADATAENTRY(c:129)]
2023-03-17 00:26:26,578 DEBUG server.RaftServer$Division (RaftServerImpl.java:logAppendEntries(1430)) - s12@group-6E994AD85659: succeeded to handle AppendEntries. Reply: s1<-s12#7720:OK-t1,SUCCESS,nextIndex=131,followerCommit=129,matchIndex=130
2023-03-17 00:26:26,578 DEBUG server.RaftServer$Division (RaftServerImpl.java:logAppendEntries(1430)) - s5@group-6E994AD85659: receive appendEntries(s1, 1, (t:1, i:129), 129, true, commits:[s1:c129, s10:c128, s0:c128, s3:c128, s4:c128, s11:c128, s5:c128, s6:c128, s13:c128, s7:c128, s12:c128, s8:c128, s9:c128, s14:c128, s2:c128], cId:7715, entries: [(t:1, i:130), METADATAENTRY(c:129)]
2023-03-17 00:26:26,578 DEBUG server.RaftServer$Division (RaftServerImpl.java:logAppendEntries(1430)) - s2@group-6E994AD85659: receive appendEntries(s1, 1, (t:1, i:129), 129, true, commits:[s1:c129, s10:c128, s0:c128, s3:c128, s4:c128, s11:c128, s5:c128, s6:c128, s13:c128, s7:c128, s12:c128, s8:c128, s9:c128, s14:c128, s2:c128], cId:7718, entries: [(t:1, i:130), METADATAENTRY(c:129)]
2023-03-17 00:26:26,579 DEBUG server.RaftServer$Division (RaftServerImpl.java:logAppendEntries(1430)) - s0@group-6E994AD85659: receive appendEntries(s1, 1, (t:1, i:129), 129, true, commits:[s1:c129, s10:c128, s0:c128, s3:c128, s4:c128, s11:c128, s5:c128, s6:c128, s13:c128, s7:c128, s12:c128, s8:c128, s9:c128, s14:c128, s2:c128], cId:7709, entries: [(t:1, i:130), METADATAENTRY(c:129)]
2023-03-17 00:26:26,579 DEBUG server.RaftServer$Division (RaftServerImpl.java:logAppendEntries(1430)) - s2@group-6E994AD85659: succeeded to handle AppendEntries. Reply: s1<-s2#7718:OK-t1,SUCCESS,nextIndex=131,followerCommit=129,matchIndex=130
2023-03-17 00:26:26,579 DEBUG server.RaftServer$Division (RaftServerImpl.java:logAppendEntries(1430)) - s7@group-6E994AD85659: receive appendEntries(s1, 1, (t:1, i:129), 129, true, commits:[s1:c129, s10:c128, s0:c128, s3:c128, s4:c128, s11:c128, s5:c128, s6:c128, s13:c128, s7:c128, s12:c128, s8:c128, s9:c128, s14:c128, s2:c128], cId:7711, entries: [(t:1, i:130), METADATAENTRY(c:129)]
2023-03-17 00:26:26,579 DEBUG server.RaftServer$Division (RaftServerImpl.java:logAppendEntries(1430)) - s14@group-6E994AD85659: receive appendEntries(s1, 1, (t:1, i:129), 129, true, commits:[s1:c129, s10:c128, s0:c128, s3:c128, s4:c128, s11:c128, s5:c128, s6:c128, s13:c128, s7:c128, s12:c128, s8:c128, s9:c128, s14:c128, s2:c128], cId:7717, entries: [(t:1, i:130), METADATAENTRY(c:129)]
2023-03-17 00:26:26,579 DEBUG server.RaftServer$Division (RaftServerImpl.java:logAppendEntries(1430)) - s8@group-6E994AD85659: receive appendEntries(s1, 1, (t:1, i:129), 129, true, commits:[s1:c129, s10:c128, s0:c128, s3:c128, s4:c128, s11:c128, s5:c128, s6:c128, s13:c128, s7:c128, s12:c128, s8:c128, s9:c128, s14:c128, s2:c128], cId:7713, entries: [(t:1, i:130), METADATAENTRY(c:129)]
2023-03-17 00:26:26,580 DEBUG server.RaftServer$Division (RaftServerImpl.java:logAppendEntries(1430)) - s11@group-6E994AD85659: receive appendEntries(s1, 1, (t:1, i:129), 129, true, commits:[s1:c129, s10:c128, s0:c128, s3:c128, s4:c128, s11:c128, s5:c128, s6:c128, s13:c128, s7:c128, s12:c128, s8:c128, s9:c128, s14:c128, s2:c128], cId:7716, entries: [(t:1, i:130), METADATAENTRY(c:129)]
2023-03-17 00:26:26,580 DEBUG server.RaftServer$Division (RaftServerImpl.java:logAppendEntries(1430)) - s0@group-6E994AD85659: succeeded to handle AppendEntries. Reply: s1<-s0#7709:OK-t1,SUCCESS,nextIndex=131,followerCommit=129,matchIndex=130
2023-03-17 00:26:26,580 DEBUG server.RaftServer$Division (RaftServerImpl.java:logAppendEntries(1430)) - s10@group-6E994AD85659: succeeded to handle AppendEntries. Reply: s1<-s10#7708:OK-t1,SUCCESS,nextIndex=131,followerCommit=129,matchIndex=130
2023-03-17 00:26:26,579 DEBUG server.RaftServer$Division (RaftServerImpl.java:logAppendEntries(1430)) - s5@group-6E994AD85659: succeeded to handle AppendEntries. Reply: s1<-s5#7715:OK-t1,SUCCESS,nextIndex=131,followerCommit=129,matchIndex=130
2023-03-17 00:26:26,580 DEBUG server.RaftServer$Division (RaftServerImpl.java:logAppendEntries(1430)) - s14@group-6E994AD85659: succeeded to handle AppendEntries. Reply: s1<-s14#7717:OK-t1,SUCCESS,nextIndex=131,followerCommit=129,matchIndex=130
2023-03-17 00:26:26,580 DEBUG server.RaftServer$Division (RaftServerImpl.java:logAppendEntries(1430)) - s11@group-6E994AD85659: succeeded to handle AppendEntries. Reply: s1<-s11#7716:OK-t1,SUCCESS,nextIndex=131,followerCommit=129,matchIndex=130
2023-03-17 00:26:26,581 DEBUG server.RaftServer$Division (RaftServerImpl.java:logAppendEntries(1430)) - s8@group-6E994AD85659: succeeded to handle AppendEntries. Reply: s1<-s8#7713:OK-t1,SUCCESS,nextIndex=131,followerCommit=129,matchIndex=130
2023-03-17 00:26:26,580 DEBUG server.RaftServer$Division (RaftServerImpl.java:logAppendEntries(1430)) - s7@group-6E994AD85659: succeeded to handle AppendEntries. Reply: s1<-s7#7711:OK-t1,SUCCESS,nextIndex=131,followerCommit=129,matchIndex=130
2023-03-17 00:26:26,583 DEBUG server.RaftServer$Division (RaftServerImpl.java:submitClientRequestAsync(835)) - s1@group-6E994AD85659: receive client request(RaftClientRequest:client-E8995F8E72F5->s1@group-6E994AD85659, cid=7721, seq=0, RW, Message:01016100)
2023-03-17 00:26:26,583 DEBUG server.RaftServer$Division (LeaderStateImpl.java:addPendingRequest(474)) - s1@group-6E994AD85659-LeaderStateImpl: addPendingRequest at RaftClientRequest:client-E8995F8E72F5->s1@group-6E994AD85659, cid=7721, seq=0, RW, Message:01016100, entry=(t:1, i:131), STATEMACHINELOGENTRY, 7721@client-E8995F8E72F5
2023-03-17 00:26:26,584 DEBUG server.RaftServer$Division (RaftServerImpl.java:logAppendEntries(1430)) - s10@group-6E994AD85659: receive appendEntries(s1, 1, (t:1, i:130), 130, true, commits:[s1:c130, s10:c129, s0:c129, s3:c129, s4:c129, s11:c129, s5:c129, s6:c129, s13:c129, s7:c129, s12:c129, s8:c129, s9:c129, s14:c129, s2:c129], cId:7722, entries: [(t:1, i:131), STATEMACHINELOGENTRY, 7721@client-E8995F8E72F5]
2023-03-17 00:26:26,584 DEBUG server.RaftServer$Division (RaftServerImpl.java:logAppendEntries(1430)) - s3@group-6E994AD85659: receive appendEntries(s1, 1, (t:1, i:130), 130, true, commits:[s1:c130, s10:c129, s0:c129, s3:c129, s4:c129, s11:c129, s5:c129, s6:c129, s13:c129, s7:c129, s12:c129, s8:c129, s9:c129, s14:c129, s2:c129], cId:7723, entries: [(t:1, i:131), STATEMACHINELOGENTRY, 7721@client-E8995F8E72F5]
2023-03-17 00:26:26,584 DEBUG server.RaftServer$Division (RaftServerImpl.java:logAppendEntries(1430)) - s3@group-6E994AD85659: succeeded to handle AppendEntries. Reply: s1<-s3#7723:OK-t1,SUCCESS,nextIndex=132,followerCommit=130,matchIndex=131
2023-03-17 00:26:26,585 DEBUG server.RaftServer$Division (RaftServerImpl.java:logAppendEntries(1430)) - s0@group-6E994AD85659: receive appendEntries(s1, 1, (t:1, i:130), 130, true, commits:[s1:c130, s10:c129, s0:c129, s3:c129, s4:c129, s11:c129, s5:c129, s6:c129, s13:c129, s7:c129, s12:c129, s8:c129, s9:c129, s14:c129, s2:c129], cId:7724, entries: [(t:1, i:131), STATEMACHINELOGENTRY, 7721@client-E8995F8E72F5]
2023-03-17 00:26:26,585 DEBUG server.RaftServer$Division (RaftServerImpl.java:logAppendEntries(1430)) - s10@group-6E994AD85659: succeeded to handle AppendEntries. Reply: s1<-s10#7722:OK-t1,SUCCESS,nextIndex=132,followerCommit=130,matchIndex=131
2023-03-17 00:26:26,585 DEBUG server.RaftServer$Division (RaftServerImpl.java:logAppendEntries(1430)) - s0@group-6E994AD85659: succeeded to handle AppendEntries. Reply: s1<-s0#7724:OK-t1,SUCCESS,nextIndex=132,followerCommit=130,matchIndex=131
2023-03-17 00:26:26,586 DEBUG server.RaftServer$Division (RaftServerImpl.java:logAppendEntries(1430)) - s6@group-6E994AD85659: receive appendEntries(s1, 1, (t:1, i:130), 130, true, commits:[s1:c130, s10:c129, s0:c129, s3:c130, s4:c129, s11:c129, s5:c129, s6:c129, s13:c129, s7:c129, s12:c129, s8:c129, s9:c129, s14:c129, s2:c129], cId:7727, entries: [(t:1, i:131), STATEMACHINELOGENTRY, 7721@client-E8995F8E72F5]
2023-03-17 00:26:26,586 DEBUG server.RaftServer$Division (RaftServerImpl.java:logAppendEntries(1430)) - s13@group-6E994AD85659: receive appendEntries(s1, 1, (t:1, i:130), 130, true, commits:[s1:c130, s10:c129, s0:c129, s3:c130, s4:c129, s11:c129, s5:c129, s6:c129, s13:c129, s7:c129, s12:c129, s8:c129, s9:c129, s14:c129, s2:c129], cId:7730, entries: [(t:1, i:131), STATEMACHINELOGENTRY, 7721@client-E8995F8E72F5]
2023-03-17 00:26:26,586 DEBUG server.RaftServer$Division (RaftServerImpl.java:logAppendEntries(1430)) - s4@group-6E994AD85659: receive appendEntries(s1, 1, (t:1, i:130), 130, true, commits:[s1:c130, s10:c129, s0:c129, s3:c130, s4:c129, s11:c129, s5:c129, s6:c129, s13:c129, s7:c129, s12:c129, s8:c129, s9:c129, s14:c129, s2:c129], cId:7728, entries: [(t:1, i:131), STATEMACHINELOGENTRY, 7721@client-E8995F8E72F5]
2023-03-17 00:26:26,587 DEBUG server.RaftServer$Division (RaftServerImpl.java:logAppendEntries(1430)) - s12@group-6E994AD85659: receive appendEntries(s1, 1, (t:1, i:130), 130, true, commits:[s1:c130, s10:c129, s0:c129, s3:c130, s4:c129, s11:c129, s5:c129, s6:c129, s13:c129, s7:c129, s12:c129, s8:c129, s9:c129, s14:c129, s2:c129], cId:7731, entries: [(t:1, i:131), STATEMACHINELOGENTRY, 7721@client-E8995F8E72F5]
2023-03-17 00:26:26,587 DEBUG server.RaftServer$Division (RaftServerImpl.java:logAppendEntries(1430)) - s13@group-6E994AD85659: succeeded to handle AppendEntries. Reply: s1<-s13#7730:OK-t1,SUCCESS,nextIndex=132,followerCommit=130,matchIndex=131
2023-03-17 00:26:26,587 DEBUG server.RaftServer$Division (RaftServerImpl.java:logAppendEntries(1430)) - s6@group-6E994AD85659: succeeded to handle AppendEntries. Reply: s1<-s6#7727:OK-t1,SUCCESS,nextIndex=132,followerCommit=130,matchIndex=131
2023-03-17 00:26:26,587 DEBUG server.RaftServer$Division (RaftServerImpl.java:logAppendEntries(1430)) - s12@group-6E994AD85659: succeeded to handle AppendEntries. Reply: s1<-s12#7731:OK-t1,SUCCESS,nextIndex=132,followerCommit=130,matchIndex=131
2023-03-17 00:26:26,587 DEBUG server.RaftServer$Division (RaftServerImpl.java:logAppendEntries(1430)) - s4@group-6E994AD85659: succeeded to handle AppendEntries. Reply: s1<-s4#7728:OK-t1,SUCCESS,nextIndex=132,followerCommit=130,matchIndex=131
2023-03-17 00:26:26,586 DEBUG server.RaftServer$Division (RaftServerImpl.java:logAppendEntries(1430)) - s9@group-6E994AD85659: receive appendEntries(s1, 1, (t:1, i:130), 130, true, commits:[s1:c130, s10:c129, s0:c129, s3:c130, s4:c129, s11:c129, s5:c129, s6:c129, s13:c129, s7:c129, s12:c129, s8:c129, s9:c129, s14:c129, s2:c129], cId:7734, entries: [(t:1, i:131), STATEMACHINELOGENTRY, 7721@client-E8995F8E72F5]
2023-03-17 00:26:26,588 DEBUG server.RaftServer$Division (RaftServerImpl.java:logAppendEntries(1430)) - s9@group-6E994AD85659: succeeded to handle AppendEntries. Reply: s1<-s9#7734:OK-t1,SUCCESS,nextIndex=132,followerCommit=130,matchIndex=131
2023-03-17 00:26:26,588 DEBUG server.RaftServer$Division (RaftServerImpl.java:logAppendEntries(1430)) - s7@group-6E994AD85659: receive appendEntries(s1, 1, (t:1, i:130), 130, true, commits:[s1:c130, s10:c129, s0:c129, s3:c130, s4:c129, s11:c129, s5:c129, s6:c129, s13:c129, s7:c129, s12:c129, s8:c129, s9:c129, s14:c129, s2:c129], cId:7729, entries: [(t:1, i:131), STATEMACHINELOGENTRY, 7721@client-E8995F8E72F5]
2023-03-17 00:26:26,589 DEBUG server.RaftServer$Division (RaftServerImpl.java:logAppendEntries(1430)) - s14@group-6E994AD85659: receive appendEntries(s1, 1, (t:1, i:130), 130, true, commits:[s1:c130, s10:c129, s0:c129, s3:c130, s4:c129, s11:c129, s5:c129, s6:c129, s13:c129, s7:c129, s12:c129, s8:c129, s9:c129, s14:c129, s2:c129], cId:7735, entries: [(t:1, i:131), STATEMACHINELOGENTRY, 7721@client-E8995F8E72F5]
2023-03-17 00:26:26,589 DEBUG server.RaftServer$Division (RaftServerImpl.java:logAppendEntries(1430)) - s11@group-6E994AD85659: receive appendEntries(s1, 1, (t:1, i:130), 130, true, commits:[s1:c130, s10:c129, s0:c129, s3:c130, s4:c129, s11:c129, s5:c129, s6:c129, s13:c129, s7:c129, s12:c129, s8:c129, s9:c129, s14:c129, s2:c129], cId:7725, entries: [(t:1, i:131), STATEMACHINELOGENTRY, 7721@client-E8995F8E72F5]
2023-03-17 00:26:26,590 DEBUG server.RaftServer$Division (RaftServerImpl.java:logAppendEntries(1430)) - s14@group-6E994AD85659: succeeded to handle AppendEntries. Reply: s1<-s14#7735:OK-t1,SUCCESS,nextIndex=132,followerCommit=130,matchIndex=131
2023-03-17 00:26:26,590 DEBUG server.RaftServer$Division (RaftServerImpl.java:logAppendEntries(1430)) - s7@group-6E994AD85659: succeeded to handle AppendEntries. Reply: s1<-s7#7729:OK-t1,SUCCESS,nextIndex=132,followerCommit=130,matchIndex=131
2023-03-17 00:26:26,590 DEBUG server.RaftServer$Division (RaftServerImpl.java:logAppendEntries(1430)) - s11@group-6E994AD85659: succeeded to handle AppendEntries. Reply: s1<-s11#7725:OK-t1,SUCCESS,nextIndex=132,followerCommit=130,matchIndex=131
2023-03-17 00:26:26,590 DEBUG server.RaftServer$Division (RaftServerImpl.java:logAppendEntries(1430)) - s8@group-6E994AD85659: receive appendEntries(s1, 1, (t:1, i:130), 130, true, commits:[s1:c130, s10:c129, s0:c129, s3:c130, s4:c129, s11:c129, s5:c129, s6:c129, s13:c129, s7:c129, s12:c129, s8:c129, s9:c129, s14:c129, s2:c129], cId:7733, entries: [(t:1, i:131), STATEMACHINELOGENTRY, 7721@client-E8995F8E72F5]
2023-03-17 00:26:26,590 DEBUG server.RaftServer$Division (RaftServerImpl.java:logAppendEntries(1430)) - s2@group-6E994AD85659: receive appendEntries(s1, 1, (t:1, i:130), 130, true, commits:[s1:c130, s10:c129, s0:c129, s3:c130, s4:c129, s11:c129, s5:c129, s6:c129, s13:c129, s7:c129, s12:c129, s8:c129, s9:c129, s14:c129, s2:c129], cId:7732, entries: [(t:1, i:131), STATEMACHINELOGENTRY, 7721@client-E8995F8E72F5]
2023-03-17 00:26:26,590 DEBUG server.RaftServer$Division (RaftServerImpl.java:logAppendEntries(1430)) - s5@group-6E994AD85659: receive appendEntries(s1, 1, (t:1, i:130), 130, true, commits:[s1:c130, s10:c129, s0:c129, s3:c130, s4:c129, s11:c129, s5:c129, s6:c129, s13:c129, s7:c129, s12:c129, s8:c129, s9:c129, s14:c129, s2:c129], cId:7726, entries: [(t:1, i:131), STATEMACHINELOGENTRY, 7721@client-E8995F8E72F5]
2023-03-17 00:26:26,591 DEBUG server.RaftServer$Division (RaftServerImpl.java:logAppendEntries(1430)) - s8@group-6E994AD85659: succeeded to handle AppendEntries. Reply: s1<-s8#7733:OK-t1,SUCCESS,nextIndex=132,followerCommit=130,matchIndex=131
2023-03-17 00:26:26,591 DEBUG server.RaftServer$Division (RaftServerImpl.java:logAppendEntries(1430)) - s2@group-6E994AD85659: succeeded to handle AppendEntries. Reply: s1<-s2#7732:OK-t1,SUCCESS,nextIndex=132,followerCommit=130,matchIndex=131
2023-03-17 00:26:26,591 DEBUG server.RaftServer$Division (RaftServerImpl.java:logAppendEntries(1430)) - s5@group-6E994AD85659: succeeded to handle AppendEntries. Reply: s1<-s5#7726:OK-t1,SUCCESS,nextIndex=132,followerCommit=130,matchIndex=131
2023-03-17 00:26:26,592 INFO  statemachine.StateMachine (ArithmeticStateMachine.java:applyTransaction(182)) - LEADER:s1-131: a = null = null
2023-03-17 00:26:26,593 DEBUG server.RaftServer$Division (RaftServerImpl.java:logAppendEntries(1430)) - s6@group-6E994AD85659: receive appendEntries(s1, 1, (t:1, i:131), 131, true, commits:[s1:c131, s10:c130, s0:c130, s3:c130, s4:c130, s11:c130, s5:c130, s6:c130, s13:c130, s7:c130, s12:c130, s8:c130, s9:c130, s14:c130, s2:c130], cId:7736, entries: [(t:1, i:132), METADATAENTRY(c:131)]
2023-03-17 00:26:26,593 DEBUG server.RaftServer$Division (RaftServerImpl.java:logAppendEntries(1430)) - s4@group-6E994AD85659: receive appendEntries(s1, 1, (t:1, i:131), 131, true, commits:[s1:c131, s10:c130, s0:c130, s3:c130, s4:c130, s11:c130, s5:c130, s6:c130, s13:c130, s7:c130, s12:c130, s8:c130, s9:c130, s14:c130, s2:c130], cId:7737, entries: [(t:1, i:132), METADATAENTRY(c:131)]
2023-03-17 00:26:26,594 DEBUG server.RaftServer$Division (RaftServerImpl.java:logAppendEntries(1430)) - s9@group-6E994AD85659: receive appendEntries(s1, 1, (t:1, i:131), 131, true, commits:[s1:c131, s10:c130, s0:c130, s3:c130, s4:c130, s11:c130, s5:c130, s6:c130, s13:c130, s7:c130, s12:c130, s8:c130, s9:c130, s14:c130, s2:c130], cId:7749, entries: [(t:1, i:132), METADATAENTRY(c:131)]
2023-03-17 00:26:26,594 DEBUG server.RaftServer$Division (RaftServerImpl.java:logAppendEntries(1430)) - s6@group-6E994AD85659: succeeded to handle AppendEntries. Reply: s1<-s6#7736:OK-t1,SUCCESS,nextIndex=133,followerCommit=131,matchIndex=132
2023-03-17 00:26:26,594 DEBUG server.RaftServer$Division (RaftServerImpl.java:logAppendEntries(1430)) - s9@group-6E994AD85659: succeeded to handle AppendEntries. Reply: s1<-s9#7749:OK-t1,SUCCESS,nextIndex=133,followerCommit=131,matchIndex=132
2023-03-17 00:26:26,594 DEBUG server.RaftServer$Division (RaftServerImpl.java:logAppendEntries(1430)) - s4@group-6E994AD85659: succeeded to handle AppendEntries. Reply: s1<-s4#7737:OK-t1,SUCCESS,nextIndex=133,followerCommit=131,matchIndex=132
2023-03-17 00:26:26,595 DEBUG server.RaftServer$Division (RaftServerImpl.java:logAppendEntries(1430)) - s13@group-6E994AD85659: receive appendEntries(s1, 1, (t:1, i:131), 131, true, commits:[s1:c131, s10:c130, s0:c130, s3:c130, s4:c130, s11:c130, s5:c130, s6:c130, s13:c130, s7:c130, s12:c130, s8:c130, s9:c130, s14:c130, s2:c130], cId:7742, entries: [(t:1, i:132), METADATAENTRY(c:131)]
2023-03-17 00:26:26,595 DEBUG server.RaftServer$Division (RaftServerImpl.java:logAppendEntries(1430)) - s13@group-6E994AD85659: succeeded to handle AppendEntries. Reply: s1<-s13#7742:OK-t1,SUCCESS,nextIndex=133,followerCommit=131,matchIndex=132
2023-03-17 00:26:26,596 DEBUG server.RaftServer$Division (RaftServerImpl.java:logAppendEntries(1430)) - s3@group-6E994AD85659: receive appendEntries(s1, 1, (t:1, i:131), 131, true, commits:[s1:c131, s10:c130, s0:c130, s3:c130, s4:c130, s11:c130, s5:c130, s6:c130, s13:c130, s7:c130, s12:c130, s8:c130, s9:c130, s14:c130, s2:c130], cId:7740, entries: [(t:1, i:132), METADATAENTRY(c:131)]
2023-03-17 00:26:26,596 DEBUG server.RaftServer$Division (RaftServerImpl.java:logAppendEntries(1430)) - s3@group-6E994AD85659: succeeded to handle AppendEntries. Reply: s1<-s3#7740:OK-t1,SUCCESS,nextIndex=133,followerCommit=131,matchIndex=132
2023-03-17 00:26:26,597 DEBUG server.RaftServer$Division (RaftServerImpl.java:logAppendEntries(1430)) - s12@group-6E994AD85659: receive appendEntries(s1, 1, (t:1, i:131), 131, true, commits:[s1:c131, s10:c130, s0:c130, s3:c130, s4:c130, s11:c130, s5:c130, s6:c130, s13:c130, s7:c130, s12:c130, s8:c130, s9:c130, s14:c130, s2:c130], cId:7747, entries: [(t:1, i:132), METADATAENTRY(c:131)]
2023-03-17 00:26:26,597 DEBUG server.RaftServer$Division (RaftServerImpl.java:logAppendEntries(1430)) - s0@group-6E994AD85659: receive appendEntries(s1, 1, (t:1, i:131), 131, true, commits:[s1:c131, s10:c130, s0:c130, s3:c130, s4:c130, s11:c130, s5:c130, s6:c130, s13:c130, s7:c130, s12:c130, s8:c130, s9:c130, s14:c130, s2:c130], cId:7739, entries: [(t:1, i:132), METADATAENTRY(c:131)]
2023-03-17 00:26:26,597 DEBUG server.RaftServer$Division (RaftServerImpl.java:logAppendEntries(1430)) - s7@group-6E994AD85659: receive appendEntries(s1, 1, (t:1, i:131), 131, true, commits:[s1:c131, s10:c130, s0:c130, s3:c130, s4:c130, s11:c130, s5:c130, s6:c130, s13:c130, s7:c130, s12:c130, s8:c130, s9:c130, s14:c130, s2:c130], cId:7743, entries: [(t:1, i:132), METADATAENTRY(c:131)]
2023-03-17 00:26:26,598 DEBUG server.RaftServer$Division (RaftServerImpl.java:logAppendEntries(1430)) - s12@group-6E994AD85659: succeeded to handle AppendEntries. Reply: s1<-s12#7747:OK-t1,SUCCESS,nextIndex=133,followerCommit=131,matchIndex=132
2023-03-17 00:26:26,598 DEBUG server.RaftServer$Division (RaftServerImpl.java:logAppendEntries(1430)) - s7@group-6E994AD85659: succeeded to handle AppendEntries. Reply: s1<-s7#7743:OK-t1,SUCCESS,nextIndex=133,followerCommit=131,matchIndex=132
2023-03-17 00:26:26,598 DEBUG server.RaftServer$Division (RaftServerImpl.java:logAppendEntries(1430)) - s0@group-6E994AD85659: succeeded to handle AppendEntries. Reply: s1<-s0#7739:OK-t1,SUCCESS,nextIndex=133,followerCommit=131,matchIndex=132
2023-03-17 00:26:26,598 DEBUG server.RaftServer$Division (RaftServerImpl.java:logAppendEntries(1430)) - s14@group-6E994AD85659: receive appendEntries(s1, 1, (t:1, i:131), 131, true, commits:[s1:c131, s10:c130, s0:c130, s3:c130, s4:c130, s11:c130, s5:c130, s6:c130, s13:c130, s7:c130, s12:c130, s8:c130, s9:c130, s14:c130, s2:c130], cId:7748, entries: [(t:1, i:132), METADATAENTRY(c:131)]
2023-03-17 00:26:26,598 DEBUG server.RaftServer$Division (RaftServerImpl.java:logAppendEntries(1430)) - s11@group-6E994AD85659: receive appendEntries(s1, 1, (t:1, i:131), 131, true, commits:[s1:c131, s10:c130, s0:c130, s3:c130, s4:c130, s11:c130, s5:c130, s6:c130, s13:c130, s7:c130, s12:c130, s8:c130, s9:c130, s14:c130, s2:c130], cId:7746, entries: [(t:1, i:132), METADATAENTRY(c:131)]
2023-03-17 00:26:26,599 DEBUG server.RaftServer$Division (RaftServerImpl.java:logAppendEntries(1430)) - s14@group-6E994AD85659: succeeded to handle AppendEntries. Reply: s1<-s14#7748:OK-t1,SUCCESS,nextIndex=133,followerCommit=131,matchIndex=132
2023-03-17 00:26:26,599 DEBUG server.RaftServer$Division (RaftServerImpl.java:logAppendEntries(1430)) - s11@group-6E994AD85659: succeeded to handle AppendEntries. Reply: s1<-s11#7746:OK-t1,SUCCESS,nextIndex=133,followerCommit=131,matchIndex=132
2023-03-17 00:26:26,600 DEBUG server.RaftServer$Division (RaftServerImpl.java:logAppendEntries(1430)) - s10@group-6E994AD85659: receive appendEntries(s1, 1, (t:1, i:131), 131, true, commits:[s1:c131, s10:c130, s0:c130, s3:c130, s4:c130, s11:c130, s5:c130, s6:c130, s13:c130, s7:c130, s12:c130, s8:c130, s9:c130, s14:c130, s2:c130], cId:7741, entries: [(t:1, i:132), METADATAENTRY(c:131)]
2023-03-17 00:26:26,600 DEBUG server.RaftServer$Division (RaftServerImpl.java:logAppendEntries(1430)) - s2@group-6E994AD85659: receive appendEntries(s1, 1, (t:1, i:131), 131, true, commits:[s1:c131, s10:c130, s0:c130, s3:c130, s4:c130, s11:c130, s5:c130, s6:c130, s13:c130, s7:c130, s12:c130, s8:c130, s9:c130, s14:c130, s2:c130], cId:7738, entries: [(t:1, i:132), METADATAENTRY(c:131)]
2023-03-17 00:26:26,600 DEBUG server.RaftServer$Division (RaftServerImpl.java:logAppendEntries(1430)) - s5@group-6E994AD85659: receive appendEntries(s1, 1, (t:1, i:131), 131, true, commits:[s1:c131, s10:c130, s0:c130, s3:c130, s4:c130, s11:c130, s5:c130, s6:c130, s13:c130, s7:c130, s12:c130, s8:c130, s9:c130, s14:c130, s2:c130], cId:7744, entries: [(t:1, i:132), METADATAENTRY(c:131)]
2023-03-17 00:26:26,600 DEBUG server.RaftServer$Division (RaftServerImpl.java:logAppendEntries(1430)) - s8@group-6E994AD85659: receive appendEntries(s1, 1, (t:1, i:131), 131, true, commits:[s1:c131, s10:c130, s0:c130, s3:c130, s4:c130, s11:c130, s5:c130, s6:c130, s13:c130, s7:c130, s12:c130, s8:c130, s9:c130, s14:c130, s2:c130], cId:7745, entries: [(t:1, i:132), METADATAENTRY(c:131)]
2023-03-17 00:26:26,600 DEBUG server.RaftServer$Division (RaftServerImpl.java:logAppendEntries(1430)) - s2@group-6E994AD85659: succeeded to handle AppendEntries. Reply: s1<-s2#7738:OK-t1,SUCCESS,nextIndex=133,followerCommit=131,matchIndex=132
2023-03-17 00:26:26,601 DEBUG server.RaftServer$Division (RaftServerImpl.java:logAppendEntries(1430)) - s10@group-6E994AD85659: succeeded to handle AppendEntries. Reply: s1<-s10#7741:OK-t1,SUCCESS,nextIndex=133,followerCommit=131,matchIndex=132
2023-03-17 00:26:26,601 DEBUG server.RaftServer$Division (RaftServerImpl.java:logAppendEntries(1430)) - s8@group-6E994AD85659: succeeded to handle AppendEntries. Reply: s1<-s8#7745:OK-t1,SUCCESS,nextIndex=133,followerCommit=131,matchIndex=132
2023-03-17 00:26:26,601 DEBUG server.RaftServer$Division (RaftServerImpl.java:logAppendEntries(1430)) - s5@group-6E994AD85659: succeeded to handle AppendEntries. Reply: s1<-s5#7744:OK-t1,SUCCESS,nextIndex=133,followerCommit=131,matchIndex=132
2023-03-17 00:26:26,603 DEBUG server.RaftServer$Division (RaftServerImpl.java:submitClientRequestAsync(835)) - s1@group-6E994AD85659: receive client request(RaftClientRequest:client-E8995F8E72F5->s1@group-6E994AD85659, cid=7750, seq=0, RW, Message:01016200)
2023-03-17 00:26:26,603 DEBUG server.RaftServer$Division (LeaderStateImpl.java:addPendingRequest(474)) - s1@group-6E994AD85659-LeaderStateImpl: addPendingRequest at RaftClientRequest:client-E8995F8E72F5->s1@group-6E994AD85659, cid=7750, seq=0, RW, Message:01016200, entry=(t:1, i:133), STATEMACHINELOGENTRY, 7750@client-E8995F8E72F5
2023-03-17 00:26:26,604 DEBUG server.RaftServer$Division (RaftServerImpl.java:logAppendEntries(1430)) - s10@group-6E994AD85659: receive appendEntries(s1, 1, (t:1, i:132), 132, true, commits:[s1:c132, s10:c131, s0:c131, s3:c131, s4:c131, s11:c131, s5:c131, s6:c131, s13:c131, s7:c131, s12:c131, s8:c131, s9:c131, s14:c131, s2:c131], cId:7751, entries: [(t:1, i:133), STATEMACHINELOGENTRY, 7750@client-E8995F8E72F5]
2023-03-17 00:26:26,604 DEBUG server.RaftServer$Division (RaftServerImpl.java:logAppendEntries(1430)) - s3@group-6E994AD85659: receive appendEntries(s1, 1, (t:1, i:132), 132, true, commits:[s1:c132, s10:c131, s0:c131, s3:c131, s4:c131, s11:c131, s5:c131, s6:c131, s13:c131, s7:c131, s12:c131, s8:c131, s9:c131, s14:c131, s2:c131], cId:7753, entries: [(t:1, i:133), STATEMACHINELOGENTRY, 7750@client-E8995F8E72F5]
2023-03-17 00:26:26,604 DEBUG server.RaftServer$Division (RaftServerImpl.java:logAppendEntries(1430)) - s0@group-6E994AD85659: receive appendEntries(s1, 1, (t:1, i:132), 132, true, commits:[s1:c132, s10:c131, s0:c131, s3:c131, s4:c131, s11:c131, s5:c131, s6:c131, s13:c131, s7:c131, s12:c131, s8:c131, s9:c131, s14:c131, s2:c131], cId:7752, entries: [(t:1, i:133), STATEMACHINELOGENTRY, 7750@client-E8995F8E72F5]
2023-03-17 00:26:26,605 DEBUG server.RaftServer$Division (RaftServerImpl.java:logAppendEntries(1430)) - s10@group-6E994AD85659: succeeded to handle AppendEntries. Reply: s1<-s10#7751:OK-t1,SUCCESS,nextIndex=134,followerCommit=132,matchIndex=133
2023-03-17 00:26:26,606 DEBUG server.RaftServer$Division (RaftServerImpl.java:logAppendEntries(1430)) - s0@group-6E994AD85659: succeeded to handle AppendEntries. Reply: s1<-s0#7752:OK-t1,SUCCESS,nextIndex=134,followerCommit=132,matchIndex=133
2023-03-17 00:26:26,606 DEBUG server.RaftServer$Division (RaftServerImpl.java:logAppendEntries(1430)) - s4@group-6E994AD85659: receive appendEntries(s1, 1, (t:1, i:132), 132, true, commits:[s1:c132, s10:c131, s0:c131, s3:c131, s4:c131, s11:c131, s5:c131, s6:c131, s13:c131, s7:c131, s12:c131, s8:c131, s9:c131, s14:c131, s2:c131], cId:7755, entries: [(t:1, i:133), STATEMACHINELOGENTRY, 7750@client-E8995F8E72F5]
2023-03-17 00:26:26,606 DEBUG server.RaftServer$Division (RaftServerImpl.java:logAppendEntries(1430)) - s13@group-6E994AD85659: receive appendEntries(s1, 1, (t:1, i:132), 132, true, commits:[s1:c132, s10:c131, s0:c131, s3:c131, s4:c131, s11:c131, s5:c131, s6:c131, s13:c131, s7:c131, s12:c131, s8:c131, s9:c131, s14:c131, s2:c131], cId:7754, entries: [(t:1, i:133), STATEMACHINELOGENTRY, 7750@client-E8995F8E72F5]
2023-03-17 00:26:26,607 DEBUG server.RaftServer$Division (RaftServerImpl.java:logAppendEntries(1430)) - s4@group-6E994AD85659: succeeded to handle AppendEntries. Reply: s1<-s4#7755:OK-t1,SUCCESS,nextIndex=134,followerCommit=132,matchIndex=133
2023-03-17 00:26:26,607 DEBUG server.RaftServer$Division (RaftServerImpl.java:logAppendEntries(1430)) - s7@group-6E994AD85659: receive appendEntries(s1, 1, (t:1, i:132), 132, true, commits:[s1:c132, s10:c131, s0:c132, s3:c131, s4:c131, s11:c131, s5:c131, s6:c131, s13:c131, s7:c131, s12:c131, s8:c131, s9:c131, s14:c131, s2:c131], cId:7760, entries: [(t:1, i:133), STATEMACHINELOGENTRY, 7750@client-E8995F8E72F5]
2023-03-17 00:26:26,607 DEBUG server.RaftServer$Division (RaftServerImpl.java:logAppendEntries(1430)) - s13@group-6E994AD85659: succeeded to handle AppendEntries. Reply: s1<-s13#7754:OK-t1,SUCCESS,nextIndex=134,followerCommit=132,matchIndex=133
2023-03-17 00:26:26,608 DEBUG server.RaftServer$Division (RaftServerImpl.java:logAppendEntries(1430)) - s12@group-6E994AD85659: receive appendEntries(s1, 1, (t:1, i:132), 132, true, commits:[s1:c132, s10:c131, s0:c132, s3:c131, s4:c131, s11:c131, s5:c131, s6:c131, s13:c131, s7:c131, s12:c131, s8:c131, s9:c131, s14:c131, s2:c131], cId:7761, entries: [(t:1, i:133), STATEMACHINELOGENTRY, 7750@client-E8995F8E72F5]
2023-03-17 00:26:26,608 DEBUG server.RaftServer$Division (RaftServerImpl.java:logAppendEntries(1430)) - s6@group-6E994AD85659: receive appendEntries(s1, 1, (t:1, i:132), 132, true, commits:[s1:c132, s10:c131, s0:c131, s3:c131, s4:c131, s11:c131, s5:c131, s6:c131, s13:c131, s7:c131, s12:c131, s8:c131, s9:c131, s14:c131, s2:c131], cId:7758, entries: [(t:1, i:133), STATEMACHINELOGENTRY, 7750@client-E8995F8E72F5]
2023-03-17 00:26:26,609 DEBUG server.RaftServer$Division (RaftServerImpl.java:logAppendEntries(1430)) - s7@group-6E994AD85659: succeeded to handle AppendEntries. Reply: s1<-s7#7760:OK-t1,SUCCESS,nextIndex=134,followerCommit=132,matchIndex=133
2023-03-17 00:26:26,609 DEBUG server.RaftServer$Division (RaftServerImpl.java:logAppendEntries(1430)) - s14@group-6E994AD85659: receive appendEntries(s1, 1, (t:1, i:132), 132, true, commits:[s1:c132, s10:c131, s0:c132, s3:c131, s4:c131, s11:c131, s5:c131, s6:c131, s13:c131, s7:c131, s12:c131, s8:c131, s9:c131, s14:c131, s2:c131], cId:7764, entries: [(t:1, i:133), STATEMACHINELOGENTRY, 7750@client-E8995F8E72F5]
2023-03-17 00:26:26,609 DEBUG server.RaftServer$Division (RaftServerImpl.java:logAppendEntries(1430)) - s6@group-6E994AD85659: succeeded to handle AppendEntries. Reply: s1<-s6#7758:OK-t1,SUCCESS,nextIndex=134,followerCommit=132,matchIndex=133
2023-03-17 00:26:26,608 DEBUG server.RaftServer$Division (RaftServerImpl.java:logAppendEntries(1430)) - s9@group-6E994AD85659: receive appendEntries(s1, 1, (t:1, i:132), 132, true, commits:[s1:c132, s10:c131, s0:c132, s3:c131, s4:c131, s11:c131, s5:c131, s6:c131, s13:c131, s7:c131, s12:c131, s8:c131, s9:c131, s14:c131, s2:c131], cId:7763, entries: [(t:1, i:133), STATEMACHINELOGENTRY, 7750@client-E8995F8E72F5]
2023-03-17 00:26:26,610 DEBUG server.RaftServer$Division (RaftServerImpl.java:logAppendEntries(1430)) - s14@group-6E994AD85659: succeeded to handle AppendEntries. Reply: s1<-s14#7764:OK-t1,SUCCESS,nextIndex=134,followerCommit=132,matchIndex=133
2023-03-17 00:26:26,609 DEBUG server.RaftServer$Division (RaftServerImpl.java:logAppendEntries(1430)) - s12@group-6E994AD85659: succeeded to handle AppendEntries. Reply: s1<-s12#7761:OK-t1,SUCCESS,nextIndex=134,followerCommit=132,matchIndex=133
2023-03-17 00:26:26,610 DEBUG server.RaftServer$Division (RaftServerImpl.java:logAppendEntries(1430)) - s9@group-6E994AD85659: succeeded to handle AppendEntries. Reply: s1<-s9#7763:OK-t1,SUCCESS,nextIndex=134,followerCommit=132,matchIndex=133
2023-03-17 00:26:26,611 DEBUG server.RaftServer$Division (RaftServerImpl.java:logAppendEntries(1430)) - s3@group-6E994AD85659: succeeded to handle AppendEntries. Reply: s1<-s3#7753:OK-t1,SUCCESS,nextIndex=134,followerCommit=132,matchIndex=133
2023-03-17 00:26:26,611 DEBUG server.RaftServer$Division (RaftServerImpl.java:logAppendEntries(1430)) - s11@group-6E994AD85659: receive appendEntries(s1, 1, (t:1, i:132), 132, true, commits:[s1:c132, s10:c131, s0:c131, s3:c131, s4:c131, s11:c131, s5:c131, s6:c131, s13:c131, s7:c131, s12:c131, s8:c131, s9:c131, s14:c131, s2:c131], cId:7756, entries: [(t:1, i:133), STATEMACHINELOGENTRY, 7750@client-E8995F8E72F5]
2023-03-17 00:26:26,612 DEBUG server.RaftServer$Division (RaftServerImpl.java:logAppendEntries(1430)) - s11@group-6E994AD85659: succeeded to handle AppendEntries. Reply: s1<-s11#7756:OK-t1,SUCCESS,nextIndex=134,followerCommit=132,matchIndex=133
2023-03-17 00:26:26,612 DEBUG server.RaftServer$Division (RaftServerImpl.java:logAppendEntries(1430)) - s5@group-6E994AD85659: receive appendEntries(s1, 1, (t:1, i:132), 132, true, commits:[s1:c132, s10:c131, s0:c131, s3:c131, s4:c131, s11:c131, s5:c131, s6:c131, s13:c131, s7:c131, s12:c131, s8:c131, s9:c131, s14:c131, s2:c131], cId:7757, entries: [(t:1, i:133), STATEMACHINELOGENTRY, 7750@client-E8995F8E72F5]
2023-03-17 00:26:26,612 DEBUG server.RaftServer$Division (RaftServerImpl.java:logAppendEntries(1430)) - s2@group-6E994AD85659: receive appendEntries(s1, 1, (t:1, i:132), 132, true, commits:[s1:c132, s10:c131, s0:c132, s3:c131, s4:c131, s11:c131, s5:c131, s6:c131, s13:c131, s7:c131, s12:c131, s8:c131, s9:c131, s14:c131, s2:c131], cId:7759, entries: [(t:1, i:133), STATEMACHINELOGENTRY, 7750@client-E8995F8E72F5]
2023-03-17 00:26:26,613 DEBUG server.RaftServer$Division (RaftServerImpl.java:logAppendEntries(1430)) - s8@group-6E994AD85659: receive appendEntries(s1, 1, (t:1, i:132), 132, true, commits:[s1:c132, s10:c131, s0:c132, s3:c131, s4:c131, s11:c131, s5:c131, s6:c131, s13:c131, s7:c131, s12:c131, s8:c131, s9:c131, s14:c131, s2:c131], cId:7762, entries: [(t:1, i:133), STATEMACHINELOGENTRY, 7750@client-E8995F8E72F5]
2023-03-17 00:26:26,613 DEBUG server.RaftServer$Division (RaftServerImpl.java:logAppendEntries(1430)) - s5@group-6E994AD85659: succeeded to handle AppendEntries. Reply: s1<-s5#7757:OK-t1,SUCCESS,nextIndex=134,followerCommit=132,matchIndex=133
2023-03-17 00:26:26,613 DEBUG server.RaftServer$Division (RaftServerImpl.java:logAppendEntries(1430)) - s8@group-6E994AD85659: succeeded to handle AppendEntries. Reply: s1<-s8#7762:OK-t1,SUCCESS,nextIndex=134,followerCommit=132,matchIndex=133
2023-03-17 00:26:26,613 DEBUG server.RaftServer$Division (RaftServerImpl.java:logAppendEntries(1430)) - s2@group-6E994AD85659: succeeded to handle AppendEntries. Reply: s1<-s2#7759:OK-t1,SUCCESS,nextIndex=134,followerCommit=132,matchIndex=133
2023-03-17 00:26:26,614 INFO  statemachine.StateMachine (ArithmeticStateMachine.java:applyTransaction(182)) - LEADER:s1-133: b = null = null
2023-03-17 00:26:26,615 DEBUG server.RaftServer$Division (RaftServerImpl.java:logAppendEntries(1430)) - s7@group-6E994AD85659: receive appendEntries(s1, 1, (t:1, i:133), 133, true, commits:[s1:c133, s10:c132, s0:c132, s3:c132, s4:c132, s11:c132, s5:c132, s6:c132, s13:c132, s7:c132, s12:c132, s8:c132, s9:c132, s14:c132, s2:c132], cId:7766, entries: [(t:1, i:134), METADATAENTRY(c:133)]
2023-03-17 00:26:26,615 DEBUG server.RaftServer$Division (RaftServerImpl.java:logAppendEntries(1430)) - s14@group-6E994AD85659: receive appendEntries(s1, 1, (t:1, i:133), 133, true, commits:[s1:c133, s10:c132, s0:c132, s3:c132, s4:c132, s11:c132, s5:c132, s6:c132, s13:c132, s7:c132, s12:c132, s8:c132, s9:c132, s14:c132, s2:c132], cId:7773, entries: [(t:1, i:134), METADATAENTRY(c:133)]
2023-03-17 00:26:26,615 DEBUG server.RaftServer$Division (RaftServerImpl.java:logAppendEntries(1430)) - s7@group-6E994AD85659: succeeded to handle AppendEntries. Reply: s1<-s7#7766:OK-t1,SUCCESS,nextIndex=135,followerCommit=133,matchIndex=134
2023-03-17 00:26:26,616 DEBUG server.RaftServer$Division (RaftServerImpl.java:logAppendEntries(1430)) - s4@group-6E994AD85659: receive appendEntries(s1, 1, (t:1, i:133), 133, true, commits:[s1:c133, s10:c132, s0:c132, s3:c132, s4:c132, s11:c132, s5:c132, s6:c132, s13:c132, s7:c132, s12:c132, s8:c132, s9:c132, s14:c132, s2:c132], cId:7770, entries: [(t:1, i:134), METADATAENTRY(c:133)]
2023-03-17 00:26:26,616 DEBUG server.RaftServer$Division (RaftServerImpl.java:logAppendEntries(1430)) - s0@group-6E994AD85659: receive appendEntries(s1, 1, (t:1, i:133), 133, true, commits:[s1:c133, s10:c132, s0:c132, s3:c132, s4:c132, s11:c132, s5:c132, s6:c132, s13:c132, s7:c132, s12:c132, s8:c132, s9:c132, s14:c132, s2:c132], cId:7778, entries: [(t:1, i:134), METADATAENTRY(c:133)]
2023-03-17 00:26:26,616 DEBUG server.RaftServer$Division (RaftServerImpl.java:logAppendEntries(1430)) - s14@group-6E994AD85659: succeeded to handle AppendEntries. Reply: s1<-s14#7773:OK-t1,SUCCESS,nextIndex=135,followerCommit=133,matchIndex=134
2023-03-17 00:26:26,617 DEBUG server.RaftServer$Division (RaftServerImpl.java:logAppendEntries(1430)) - s13@group-6E994AD85659: receive appendEntries(s1, 1, (t:1, i:133), 133, true, commits:[s1:c133, s10:c132, s0:c132, s3:c132, s4:c132, s11:c132, s5:c132, s6:c132, s13:c132, s7:c132, s12:c132, s8:c132, s9:c132, s14:c132, s2:c132], cId:7777, entries: [(t:1, i:134), METADATAENTRY(c:133)]
2023-03-17 00:26:26,617 DEBUG server.RaftServer$Division (RaftServerImpl.java:logAppendEntries(1430)) - s0@group-6E994AD85659: succeeded to handle AppendEntries. Reply: s1<-s0#7778:OK-t1,SUCCESS,nextIndex=135,followerCommit=133,matchIndex=134
2023-03-17 00:26:26,617 DEBUG server.RaftServer$Division (RaftServerImpl.java:logAppendEntries(1430)) - s4@group-6E994AD85659: succeeded to handle AppendEntries. Reply: s1<-s4#7770:OK-t1,SUCCESS,nextIndex=135,followerCommit=133,matchIndex=134
2023-03-17 00:26:26,617 DEBUG server.RaftServer$Division (RaftServerImpl.java:logAppendEntries(1430)) - s13@group-6E994AD85659: succeeded to handle AppendEntries. Reply: s1<-s13#7777:OK-t1,SUCCESS,nextIndex=135,followerCommit=133,matchIndex=134
2023-03-17 00:26:26,617 DEBUG server.RaftServer$Division (RaftServerImpl.java:logAppendEntries(1430)) - s11@group-6E994AD85659: receive appendEntries(s1, 1, (t:1, i:133), 133, true, commits:[s1:c133, s10:c132, s0:c132, s3:c132, s4:c132, s11:c132, s5:c132, s6:c132, s13:c132, s7:c132, s12:c132, s8:c132, s9:c132, s14:c132, s2:c132], cId:7765, entries: [(t:1, i:134), METADATAENTRY(c:133)]
2023-03-17 00:26:26,618 DEBUG server.RaftServer$Division (RaftServerImpl.java:logAppendEntries(1430)) - s9@group-6E994AD85659: receive appendEntries(s1, 1, (t:1, i:133), 133, true, commits:[s1:c133, s10:c132, s0:c132, s3:c132, s4:c132, s11:c132, s5:c132, s6:c132, s13:c132, s7:c132, s12:c132, s8:c132, s9:c132, s14:c132, s2:c132], cId:7776, entries: [(t:1, i:134), METADATAENTRY(c:133)]
2023-03-17 00:26:26,618 DEBUG server.RaftServer$Division (RaftServerImpl.java:logAppendEntries(1430)) - s9@group-6E994AD85659: succeeded to handle AppendEntries. Reply: s1<-s9#7776:OK-t1,SUCCESS,nextIndex=135,followerCommit=133,matchIndex=134
2023-03-17 00:26:26,618 DEBUG server.RaftServer$Division (RaftServerImpl.java:logAppendEntries(1430)) - s11@group-6E994AD85659: succeeded to handle AppendEntries. Reply: s1<-s11#7765:OK-t1,SUCCESS,nextIndex=135,followerCommit=133,matchIndex=134
2023-03-17 00:26:26,619 DEBUG server.RaftServer$Division (RaftServerImpl.java:logAppendEntries(1430)) - s6@group-6E994AD85659: receive appendEntries(s1, 1, (t:1, i:133), 133, true, commits:[s1:c133, s10:c132, s0:c132, s3:c132, s4:c132, s11:c132, s5:c132, s6:c132, s13:c132, s7:c132, s12:c132, s8:c132, s9:c132, s14:c132, s2:c132], cId:7767, entries: [(t:1, i:134), METADATAENTRY(c:133)]
2023-03-17 00:26:26,619 DEBUG server.RaftServer$Division (RaftServerImpl.java:logAppendEntries(1430)) - s12@group-6E994AD85659: receive appendEntries(s1, 1, (t:1, i:133), 133, true, commits:[s1:c133, s10:c132, s0:c132, s3:c132, s4:c132, s11:c132, s5:c132, s6:c132, s13:c132, s7:c132, s12:c132, s8:c132, s9:c132, s14:c132, s2:c132], cId:7769, entries: [(t:1, i:134), METADATAENTRY(c:133)]
2023-03-17 00:26:26,619 DEBUG server.RaftServer$Division (RaftServerImpl.java:logAppendEntries(1430)) - s6@group-6E994AD85659: succeeded to handle AppendEntries. Reply: s1<-s6#7767:OK-t1,SUCCESS,nextIndex=135,followerCommit=133,matchIndex=134
2023-03-17 00:26:26,620 DEBUG server.RaftServer$Division (RaftServerImpl.java:logAppendEntries(1430)) - s12@group-6E994AD85659: succeeded to handle AppendEntries. Reply: s1<-s12#7769:OK-t1,SUCCESS,nextIndex=135,followerCommit=133,matchIndex=134
2023-03-17 00:26:26,621 DEBUG server.RaftServer$Division (RaftServerImpl.java:logAppendEntries(1430)) - s3@group-6E994AD85659: receive appendEntries(s1, 1, (t:1, i:133), 133, true, commits:[s1:c133, s10:c132, s0:c132, s3:c132, s4:c132, s11:c132, s5:c132, s6:c132, s13:c132, s7:c132, s12:c132, s8:c132, s9:c132, s14:c132, s2:c132], cId:7772, entries: [(t:1, i:134), METADATAENTRY(c:133)]
2023-03-17 00:26:26,621 DEBUG server.RaftServer$Division (RaftServerImpl.java:logAppendEntries(1430)) - s3@group-6E994AD85659: succeeded to handle AppendEntries. Reply: s1<-s3#7772:OK-t1,SUCCESS,nextIndex=135,followerCommit=133,matchIndex=134
2023-03-17 00:26:26,622 DEBUG server.RaftServer$Division (RaftServerImpl.java:logAppendEntries(1430)) - s5@group-6E994AD85659: receive appendEntries(s1, 1, (t:1, i:133), 133, true, commits:[s1:c133, s10:c132, s0:c132, s3:c132, s4:c132, s11:c132, s5:c132, s6:c132, s13:c132, s7:c132, s12:c132, s8:c132, s9:c132, s14:c132, s2:c132], cId:7771, entries: [(t:1, i:134), METADATAENTRY(c:133)]
2023-03-17 00:26:26,622 DEBUG server.RaftServer$Division (RaftServerImpl.java:logAppendEntries(1430)) - s2@group-6E994AD85659: receive appendEntries(s1, 1, (t:1, i:133), 133, true, commits:[s1:c133, s10:c132, s0:c132, s3:c132, s4:c132, s11:c132, s5:c132, s6:c132, s13:c132, s7:c132, s12:c132, s8:c132, s9:c132, s14:c132, s2:c132], cId:7768, entries: [(t:1, i:134), METADATAENTRY(c:133)]
2023-03-17 00:26:26,622 DEBUG server.RaftServer$Division (RaftServerImpl.java:logAppendEntries(1430)) - s10@group-6E994AD85659: receive appendEntries(s1, 1, (t:1, i:133), 133, true, commits:[s1:c133, s10:c132, s0:c132, s3:c132, s4:c132, s11:c132, s5:c132, s6:c132, s13:c132, s7:c132, s12:c132, s8:c132, s9:c132, s14:c132, s2:c132], cId:7775, entries: [(t:1, i:134), METADATAENTRY(c:133)]
2023-03-17 00:26:26,622 DEBUG server.RaftServer$Division (RaftServerImpl.java:logAppendEntries(1430)) - s8@group-6E994AD85659: receive appendEntries(s1, 1, (t:1, i:133), 133, true, commits:[s1:c133, s10:c132, s0:c132, s3:c132, s4:c132, s11:c132, s5:c132, s6:c132, s13:c132, s7:c132, s12:c132, s8:c132, s9:c132, s14:c132, s2:c132], cId:7774, entries: [(t:1, i:134), METADATAENTRY(c:133)]
2023-03-17 00:26:26,623 DEBUG server.RaftServer$Division (RaftServerImpl.java:logAppendEntries(1430)) - s2@group-6E994AD85659: succeeded to handle AppendEntries. Reply: s1<-s2#7768:OK-t1,SUCCESS,nextIndex=135,followerCommit=133,matchIndex=134
2023-03-17 00:26:26,623 DEBUG server.RaftServer$Division (RaftServerImpl.java:logAppendEntries(1430)) - s10@group-6E994AD85659: succeeded to handle AppendEntries. Reply: s1<-s10#7775:OK-t1,SUCCESS,nextIndex=135,followerCommit=133,matchIndex=134
2023-03-17 00:26:26,623 DEBUG server.RaftServer$Division (RaftServerImpl.java:logAppendEntries(1430)) - s8@group-6E994AD85659: succeeded to handle AppendEntries. Reply: s1<-s8#7774:OK-t1,SUCCESS,nextIndex=135,followerCommit=133,matchIndex=134
2023-03-17 00:26:26,623 DEBUG server.RaftServer$Division (RaftServerImpl.java:logAppendEntries(1430)) - s5@group-6E994AD85659: succeeded to handle AppendEntries. Reply: s1<-s5#7771:OK-t1,SUCCESS,nextIndex=135,followerCommit=133,matchIndex=134
2023-03-17 00:26:26,625 DEBUG server.RaftServer$Division (RaftServerImpl.java:submitClientRequestAsync(835)) - s1@group-6E994AD85659: receive client request(RaftClientRequest:client-E8995F8E72F5->s1@group-6E994AD85659, cid=7779, seq=0, RW, Message:01016300)
2023-03-17 00:26:26,625 DEBUG server.RaftServer$Division (LeaderStateImpl.java:addPendingRequest(474)) - s1@group-6E994AD85659-LeaderStateImpl: addPendingRequest at RaftClientRequest:client-E8995F8E72F5->s1@group-6E994AD85659, cid=7779, seq=0, RW, Message:01016300, entry=(t:1, i:135), STATEMACHINELOGENTRY, 7779@client-E8995F8E72F5
2023-03-17 00:26:26,626 DEBUG server.RaftServer$Division (RaftServerImpl.java:logAppendEntries(1430)) - s10@group-6E994AD85659: receive appendEntries(s1, 1, (t:1, i:134), 134, true, commits:[s1:c134, s10:c133, s0:c133, s3:c133, s4:c133, s11:c133, s5:c133, s6:c133, s13:c133, s7:c133, s12:c133, s8:c133, s9:c133, s14:c133, s2:c133], cId:7780, entries: [(t:1, i:135), STATEMACHINELOGENTRY, 7779@client-E8995F8E72F5]
2023-03-17 00:26:26,626 DEBUG server.RaftServer$Division (RaftServerImpl.java:logAppendEntries(1430)) - s10@group-6E994AD85659: succeeded to handle AppendEntries. Reply: s1<-s10#7780:OK-t1,SUCCESS,nextIndex=136,followerCommit=134,matchIndex=135
2023-03-17 00:26:26,626 DEBUG server.RaftServer$Division (RaftServerImpl.java:logAppendEntries(1430)) - s0@group-6E994AD85659: receive appendEntries(s1, 1, (t:1, i:134), 134, true, commits:[s1:c134, s10:c133, s0:c133, s3:c133, s4:c133, s11:c133, s5:c133, s6:c133, s13:c133, s7:c133, s12:c133, s8:c133, s9:c133, s14:c133, s2:c133], cId:7781, entries: [(t:1, i:135), STATEMACHINELOGENTRY, 7779@client-E8995F8E72F5]
2023-03-17 00:26:26,626 DEBUG server.RaftServer$Division (RaftServerImpl.java:logAppendEntries(1430)) - s3@group-6E994AD85659: receive appendEntries(s1, 1, (t:1, i:134), 134, true, commits:[s1:c134, s10:c133, s0:c133, s3:c133, s4:c133, s11:c133, s5:c133, s6:c133, s13:c133, s7:c133, s12:c133, s8:c133, s9:c133, s14:c133, s2:c133], cId:7782, entries: [(t:1, i:135), STATEMACHINELOGENTRY, 7779@client-E8995F8E72F5]
2023-03-17 00:26:26,627 DEBUG server.RaftServer$Division (RaftServerImpl.java:logAppendEntries(1430)) - s0@group-6E994AD85659: succeeded to handle AppendEntries. Reply: s1<-s0#7781:OK-t1,SUCCESS,nextIndex=136,followerCommit=134,matchIndex=135
2023-03-17 00:26:26,627 DEBUG server.RaftServer$Division (RaftServerImpl.java:logAppendEntries(1430)) - s11@group-6E994AD85659: receive appendEntries(s1, 1, (t:1, i:134), 134, true, commits:[s1:c134, s10:c134, s0:c133, s3:c133, s4:c133, s11:c133, s5:c133, s6:c133, s13:c133, s7:c133, s12:c133, s8:c133, s9:c133, s14:c133, s2:c133], cId:7784, entries: [(t:1, i:135), STATEMACHINELOGENTRY, 7779@client-E8995F8E72F5]
2023-03-17 00:26:26,628 DEBUG server.RaftServer$Division (RaftServerImpl.java:logAppendEntries(1430)) - s7@group-6E994AD85659: receive appendEntries(s1, 1, (t:1, i:134), 134, true, commits:[s1:c134, s10:c134, s0:c133, s3:c133, s4:c133, s11:c133, s5:c133, s6:c133, s13:c133, s7:c133, s12:c133, s8:c133, s9:c133, s14:c133, s2:c133], cId:7788, entries: [(t:1, i:135), STATEMACHINELOGENTRY, 7779@client-E8995F8E72F5]
2023-03-17 00:26:26,628 DEBUG server.RaftServer$Division (RaftServerImpl.java:logAppendEntries(1430)) - s11@group-6E994AD85659: succeeded to handle AppendEntries. Reply: s1<-s11#7784:OK-t1,SUCCESS,nextIndex=136,followerCommit=134,matchIndex=135
2023-03-17 00:26:26,628 DEBUG server.RaftServer$Division (RaftServerImpl.java:logAppendEntries(1430)) - s14@group-6E994AD85659: receive appendEntries(s1, 1, (t:1, i:134), 134, true, commits:[s1:c134, s10:c134, s0:c133, s3:c133, s4:c133, s11:c133, s5:c133, s6:c133, s13:c133, s7:c133, s12:c133, s8:c133, s9:c133, s14:c133, s2:c133], cId:7792, entries: [(t:1, i:135), STATEMACHINELOGENTRY, 7779@client-E8995F8E72F5]
2023-03-17 00:26:26,629 DEBUG server.RaftServer$Division (RaftServerImpl.java:logAppendEntries(1430)) - s7@group-6E994AD85659: succeeded to handle AppendEntries. Reply: s1<-s7#7788:OK-t1,SUCCESS,nextIndex=136,followerCommit=134,matchIndex=135
2023-03-17 00:26:26,629 DEBUG server.RaftServer$Division (RaftServerImpl.java:logAppendEntries(1430)) - s3@group-6E994AD85659: succeeded to handle AppendEntries. Reply: s1<-s3#7782:OK-t1,SUCCESS,nextIndex=136,followerCommit=134,matchIndex=135
2023-03-17 00:26:26,629 DEBUG server.RaftServer$Division (RaftServerImpl.java:logAppendEntries(1430)) - s4@group-6E994AD85659: receive appendEntries(s1, 1, (t:1, i:134), 134, true, commits:[s1:c134, s10:c134, s0:c133, s3:c133, s4:c133, s11:c133, s5:c133, s6:c133, s13:c133, s7:c133, s12:c133, s8:c133, s9:c133, s14:c133, s2:c133], cId:7783, entries: [(t:1, i:135), STATEMACHINELOGENTRY, 7779@client-E8995F8E72F5]
2023-03-17 00:26:26,629 DEBUG server.RaftServer$Division (RaftServerImpl.java:logAppendEntries(1430)) - s14@group-6E994AD85659: succeeded to handle AppendEntries. Reply: s1<-s14#7792:OK-t1,SUCCESS,nextIndex=136,followerCommit=134,matchIndex=135
2023-03-17 00:26:26,630 DEBUG server.RaftServer$Division (RaftServerImpl.java:logAppendEntries(1430)) - s9@group-6E994AD85659: receive appendEntries(s1, 1, (t:1, i:134), 134, true, commits:[s1:c134, s10:c134, s0:c133, s3:c133, s4:c133, s11:c133, s5:c133, s6:c133, s13:c133, s7:c133, s12:c133, s8:c133, s9:c133, s14:c133, s2:c133], cId:7791, entries: [(t:1, i:135), STATEMACHINELOGENTRY, 7779@client-E8995F8E72F5]
2023-03-17 00:26:26,630 DEBUG server.RaftServer$Division (RaftServerImpl.java:logAppendEntries(1430)) - s4@group-6E994AD85659: succeeded to handle AppendEntries. Reply: s1<-s4#7783:OK-t1,SUCCESS,nextIndex=136,followerCommit=134,matchIndex=135
2023-03-17 00:26:26,630 DEBUG server.RaftServer$Division (RaftServerImpl.java:logAppendEntries(1430)) - s6@group-6E994AD85659: receive appendEntries(s1, 1, (t:1, i:134), 134, true, commits:[s1:c134, s10:c134, s0:c133, s3:c133, s4:c133, s11:c133, s5:c133, s6:c133, s13:c133, s7:c133, s12:c133, s8:c133, s9:c133, s14:c133, s2:c133], cId:7786, entries: [(t:1, i:135), STATEMACHINELOGENTRY, 7779@client-E8995F8E72F5]
2023-03-17 00:26:26,630 DEBUG server.RaftServer$Division (RaftServerImpl.java:logAppendEntries(1430)) - s9@group-6E994AD85659: succeeded to handle AppendEntries. Reply: s1<-s9#7791:OK-t1,SUCCESS,nextIndex=136,followerCommit=134,matchIndex=135
2023-03-17 00:26:26,631 DEBUG server.RaftServer$Division (RaftServerImpl.java:logAppendEntries(1430)) - s6@group-6E994AD85659: succeeded to handle AppendEntries. Reply: s1<-s6#7786:OK-t1,SUCCESS,nextIndex=136,followerCommit=134,matchIndex=135
2023-03-17 00:26:26,629 DEBUG server.RaftServer$Division (RaftServerImpl.java:logAppendEntries(1430)) - s13@group-6E994AD85659: receive appendEntries(s1, 1, (t:1, i:134), 134, true, commits:[s1:c134, s10:c134, s0:c133, s3:c133, s4:c133, s11:c133, s5:c133, s6:c133, s13:c133, s7:c133, s12:c133, s8:c133, s9:c133, s14:c133, s2:c133], cId:7787, entries: [(t:1, i:135), STATEMACHINELOGENTRY, 7779@client-E8995F8E72F5]
2023-03-17 00:26:26,631 DEBUG server.RaftServer$Division (RaftServerImpl.java:logAppendEntries(1430)) - s12@group-6E994AD85659: receive appendEntries(s1, 1, (t:1, i:134), 134, true, commits:[s1:c134, s10:c134, s0:c133, s3:c133, s4:c133, s11:c133, s5:c133, s6:c133, s13:c133, s7:c133, s12:c133, s8:c133, s9:c133, s14:c133, s2:c133], cId:7789, entries: [(t:1, i:135), STATEMACHINELOGENTRY, 7779@client-E8995F8E72F5]
2023-03-17 00:26:26,632 DEBUG server.RaftServer$Division (RaftServerImpl.java:logAppendEntries(1430)) - s13@group-6E994AD85659: succeeded to handle AppendEntries. Reply: s1<-s13#7787:OK-t1,SUCCESS,nextIndex=136,followerCommit=134,matchIndex=135
2023-03-17 00:26:26,632 DEBUG server.RaftServer$Division (RaftServerImpl.java:logAppendEntries(1430)) - s12@group-6E994AD85659: succeeded to handle AppendEntries. Reply: s1<-s12#7789:OK-t1,SUCCESS,nextIndex=136,followerCommit=134,matchIndex=135
2023-03-17 00:26:26,633 DEBUG server.RaftServer$Division (RaftServerImpl.java:logAppendEntries(1430)) - s5@group-6E994AD85659: receive appendEntries(s1, 1, (t:1, i:134), 134, true, commits:[s1:c134, s10:c134, s0:c133, s3:c133, s4:c133, s11:c133, s5:c133, s6:c133, s13:c133, s7:c133, s12:c133, s8:c133, s9:c133, s14:c133, s2:c133], cId:7785, entries: [(t:1, i:135), STATEMACHINELOGENTRY, 7779@client-E8995F8E72F5]
2023-03-17 00:26:26,633 DEBUG server.RaftServer$Division (RaftServerImpl.java:logAppendEntries(1430)) - s2@group-6E994AD85659: receive appendEntries(s1, 1, (t:1, i:134), 134, true, commits:[s1:c134, s10:c134, s0:c133, s3:c133, s4:c133, s11:c133, s5:c133, s6:c133, s13:c133, s7:c133, s12:c133, s8:c133, s9:c133, s14:c133, s2:c133], cId:7793, entries: [(t:1, i:135), STATEMACHINELOGENTRY, 7779@client-E8995F8E72F5]
2023-03-17 00:26:26,634 DEBUG server.RaftServer$Division (RaftServerImpl.java:logAppendEntries(1430)) - s5@group-6E994AD85659: succeeded to handle AppendEntries. Reply: s1<-s5#7785:OK-t1,SUCCESS,nextIndex=136,followerCommit=134,matchIndex=135
2023-03-17 00:26:26,634 DEBUG server.RaftServer$Division (RaftServerImpl.java:logAppendEntries(1430)) - s2@group-6E994AD85659: succeeded to handle AppendEntries. Reply: s1<-s2#7793:OK-t1,SUCCESS,nextIndex=136,followerCommit=134,matchIndex=135
2023-03-17 00:26:26,634 DEBUG server.RaftServer$Division (RaftServerImpl.java:logAppendEntries(1430)) - s8@group-6E994AD85659: receive appendEntries(s1, 1, (t:1, i:134), 134, true, commits:[s1:c134, s10:c134, s0:c133, s3:c133, s4:c133, s11:c133, s5:c133, s6:c133, s13:c133, s7:c133, s12:c133, s8:c133, s9:c133, s14:c133, s2:c133], cId:7790, entries: [(t:1, i:135), STATEMACHINELOGENTRY, 7779@client-E8995F8E72F5]
2023-03-17 00:26:26,634 INFO  statemachine.StateMachine (ArithmeticStateMachine.java:applyTransaction(182)) - LEADER:s1-135: c = null = null
2023-03-17 00:26:26,635 DEBUG server.RaftServer$Division (RaftServerImpl.java:logAppendEntries(1430)) - s8@group-6E994AD85659: succeeded to handle AppendEntries. Reply: s1<-s8#7790:OK-t1,SUCCESS,nextIndex=136,followerCommit=134,matchIndex=135
2023-03-17 00:26:26,635 DEBUG server.RaftServer$Division (RaftServerImpl.java:logAppendEntries(1430)) - s11@group-6E994AD85659: receive appendEntries(s1, 1, (t:1, i:135), 135, true, commits:[s1:c135, s10:c134, s0:c134, s3:c134, s4:c134, s11:c134, s5:c134, s6:c134, s13:c134, s7:c134, s12:c134, s8:c133, s9:c134, s14:c134, s2:c134], cId:7794, entries: [(t:1, i:136), METADATAENTRY(c:135)]
2023-03-17 00:26:26,636 DEBUG server.RaftServer$Division (RaftServerImpl.java:logAppendEntries(1430)) - s7@group-6E994AD85659: receive appendEntries(s1, 1, (t:1, i:135), 135, true, commits:[s1:c135, s10:c134, s0:c134, s3:c134, s4:c134, s11:c134, s5:c134, s6:c134, s13:c134, s7:c134, s12:c134, s8:c133, s9:c134, s14:c134, s2:c134], cId:7796, entries: [(t:1, i:136), METADATAENTRY(c:135)]
2023-03-17 00:26:26,636 DEBUG server.RaftServer$Division (RaftServerImpl.java:logAppendEntries(1430)) - s4@group-6E994AD85659: receive appendEntries(s1, 1, (t:1, i:135), 135, true, commits:[s1:c135, s10:c134, s0:c134, s3:c134, s4:c134, s11:c134, s5:c134, s6:c134, s13:c134, s7:c134, s12:c134, s8:c133, s9:c134, s14:c134, s2:c134], cId:7806, entries: [(t:1, i:136), METADATAENTRY(c:135)]
2023-03-17 00:26:26,636 DEBUG server.RaftServer$Division (RaftServerImpl.java:logAppendEntries(1430)) - s0@group-6E994AD85659: receive appendEntries(s1, 1, (t:1, i:135), 135, true, commits:[s1:c135, s10:c134, s0:c134, s3:c134, s4:c134, s11:c134, s5:c134, s6:c134, s13:c134, s7:c134, s12:c134, s8:c133, s9:c134, s14:c134, s2:c134], cId:7797, entries: [(t:1, i:136), METADATAENTRY(c:135)]
2023-03-17 00:26:26,636 DEBUG server.RaftServer$Division (RaftServerImpl.java:logAppendEntries(1430)) - s11@group-6E994AD85659: succeeded to handle AppendEntries. Reply: s1<-s11#7794:OK-t1,SUCCESS,nextIndex=137,followerCommit=135,matchIndex=136
2023-03-17 00:26:26,636 DEBUG server.RaftServer$Division (RaftServerImpl.java:logAppendEntries(1430)) - s14@group-6E994AD85659: receive appendEntries(s1, 1, (t:1, i:135), 135, true, commits:[s1:c135, s10:c134, s0:c134, s3:c134, s4:c134, s11:c134, s5:c134, s6:c134, s13:c134, s7:c134, s12:c134, s8:c133, s9:c134, s14:c134, s2:c134], cId:7799, entries: [(t:1, i:136), METADATAENTRY(c:135)]
2023-03-17 00:26:26,636 DEBUG server.RaftServer$Division (RaftServerImpl.java:logAppendEntries(1430)) - s13@group-6E994AD85659: receive appendEntries(s1, 1, (t:1, i:135), 135, true, commits:[s1:c135, s10:c134, s0:c134, s3:c134, s4:c134, s11:c134, s5:c134, s6:c134, s13:c134, s7:c134, s12:c134, s8:c133, s9:c134, s14:c134, s2:c134], cId:7804, entries: [(t:1, i:136), METADATAENTRY(c:135)]
2023-03-17 00:26:26,637 DEBUG server.RaftServer$Division (RaftServerImpl.java:logAppendEntries(1430)) - s4@group-6E994AD85659: succeeded to handle AppendEntries. Reply: s1<-s4#7806:OK-t1,SUCCESS,nextIndex=137,followerCommit=135,matchIndex=136
2023-03-17 00:26:26,637 DEBUG server.RaftServer$Division (RaftServerImpl.java:logAppendEntries(1430)) - s7@group-6E994AD85659: succeeded to handle AppendEntries. Reply: s1<-s7#7796:OK-t1,SUCCESS,nextIndex=137,followerCommit=135,matchIndex=136
2023-03-17 00:26:26,637 DEBUG server.RaftServer$Division (RaftServerImpl.java:logAppendEntries(1430)) - s9@group-6E994AD85659: receive appendEntries(s1, 1, (t:1, i:135), 135, true, commits:[s1:c135, s10:c134, s0:c134, s3:c134, s4:c134, s11:c134, s5:c134, s6:c134, s13:c134, s7:c134, s12:c134, s8:c133, s9:c134, s14:c134, s2:c134], cId:7802, entries: [(t:1, i:136), METADATAENTRY(c:135)]
2023-03-17 00:26:26,637 DEBUG server.RaftServer$Division (RaftServerImpl.java:logAppendEntries(1430)) - s14@group-6E994AD85659: succeeded to handle AppendEntries. Reply: s1<-s14#7799:OK-t1,SUCCESS,nextIndex=137,followerCommit=135,matchIndex=136
2023-03-17 00:26:26,637 DEBUG server.RaftServer$Division (RaftServerImpl.java:logAppendEntries(1430)) - s13@group-6E994AD85659: succeeded to handle AppendEntries. Reply: s1<-s13#7804:OK-t1,SUCCESS,nextIndex=137,followerCommit=135,matchIndex=136
2023-03-17 00:26:26,637 DEBUG server.RaftServer$Division (RaftServerImpl.java:logAppendEntries(1430)) - s0@group-6E994AD85659: succeeded to handle AppendEntries. Reply: s1<-s0#7797:OK-t1,SUCCESS,nextIndex=137,followerCommit=135,matchIndex=136
2023-03-17 00:26:26,638 DEBUG server.RaftServer$Division (RaftServerImpl.java:logAppendEntries(1430)) - s9@group-6E994AD85659: succeeded to handle AppendEntries. Reply: s1<-s9#7802:OK-t1,SUCCESS,nextIndex=137,followerCommit=135,matchIndex=136
2023-03-17 00:26:26,638 DEBUG server.RaftServer$Division (RaftServerImpl.java:logAppendEntries(1430)) - s6@group-6E994AD85659: receive appendEntries(s1, 1, (t:1, i:135), 135, true, commits:[s1:c135, s10:c134, s0:c134, s3:c134, s4:c134, s11:c134, s5:c134, s6:c134, s13:c134, s7:c134, s12:c134, s8:c133, s9:c134, s14:c134, s2:c134], cId:7805, entries: [(t:1, i:136), METADATAENTRY(c:135)]
2023-03-17 00:26:26,638 DEBUG server.RaftServer$Division (RaftServerImpl.java:logAppendEntries(1430)) - s12@group-6E994AD85659: receive appendEntries(s1, 1, (t:1, i:135), 135, true, commits:[s1:c135, s10:c134, s0:c134, s3:c134, s4:c134, s11:c134, s5:c134, s6:c134, s13:c134, s7:c134, s12:c134, s8:c133, s9:c134, s14:c134, s2:c134], cId:7800, entries: [(t:1, i:136), METADATAENTRY(c:135)]
2023-03-17 00:26:26,639 DEBUG server.RaftServer$Division (RaftServerImpl.java:logAppendEntries(1430)) - s6@group-6E994AD85659: succeeded to handle AppendEntries. Reply: s1<-s6#7805:OK-t1,SUCCESS,nextIndex=137,followerCommit=135,matchIndex=136
2023-03-17 00:26:26,639 DEBUG server.RaftServer$Division (RaftServerImpl.java:logAppendEntries(1430)) - s12@group-6E994AD85659: succeeded to handle AppendEntries. Reply: s1<-s12#7800:OK-t1,SUCCESS,nextIndex=137,followerCommit=135,matchIndex=136
2023-03-17 00:26:26,640 DEBUG server.RaftServer$Division (RaftServerImpl.java:logAppendEntries(1430)) - s3@group-6E994AD85659: receive appendEntries(s1, 1, (t:1, i:135), 135, true, commits:[s1:c135, s10:c134, s0:c134, s3:c134, s4:c134, s11:c134, s5:c134, s6:c134, s13:c134, s7:c134, s12:c134, s8:c133, s9:c134, s14:c134, s2:c134], cId:7803, entries: [(t:1, i:136), METADATAENTRY(c:135)]
2023-03-17 00:26:26,640 DEBUG server.RaftServer$Division (RaftServerImpl.java:logAppendEntries(1430)) - s3@group-6E994AD85659: succeeded to handle AppendEntries. Reply: s1<-s3#7803:OK-t1,SUCCESS,nextIndex=137,followerCommit=135,matchIndex=136
2023-03-17 00:26:26,641 DEBUG server.RaftServer$Division (RaftServerImpl.java:logAppendEntries(1430)) - s5@group-6E994AD85659: receive appendEntries(s1, 1, (t:1, i:135), 135, true, commits:[s1:c135, s10:c134, s0:c134, s3:c134, s4:c134, s11:c134, s5:c134, s6:c134, s13:c134, s7:c134, s12:c134, s8:c133, s9:c134, s14:c134, s2:c134], cId:7798, entries: [(t:1, i:136), METADATAENTRY(c:135)]
2023-03-17 00:26:26,641 DEBUG server.RaftServer$Division (RaftServerImpl.java:logAppendEntries(1430)) - s10@group-6E994AD85659: receive appendEntries(s1, 1, (t:1, i:135), 135, true, commits:[s1:c135, s10:c134, s0:c134, s3:c134, s4:c134, s11:c134, s5:c134, s6:c134, s13:c134, s7:c134, s12:c134, s8:c133, s9:c134, s14:c134, s2:c134], cId:7795, entries: [(t:1, i:136), METADATAENTRY(c:135)]
2023-03-17 00:26:26,642 DEBUG server.RaftServer$Division (RaftServerImpl.java:logAppendEntries(1430)) - s5@group-6E994AD85659: succeeded to handle AppendEntries. Reply: s1<-s5#7798:OK-t1,SUCCESS,nextIndex=137,followerCommit=135,matchIndex=136
2023-03-17 00:26:26,642 DEBUG server.RaftServer$Division (RaftServerImpl.java:logAppendEntries(1430)) - s2@group-6E994AD85659: receive appendEntries(s1, 1, (t:1, i:135), 135, true, commits:[s1:c135, s10:c134, s0:c134, s3:c134, s4:c134, s11:c134, s5:c134, s6:c134, s13:c134, s7:c134, s12:c134, s8:c133, s9:c134, s14:c134, s2:c134], cId:7801, entries: [(t:1, i:136), METADATAENTRY(c:135)]
2023-03-17 00:26:26,642 DEBUG server.RaftServer$Division (RaftServerImpl.java:logAppendEntries(1430)) - s10@group-6E994AD85659: succeeded to handle AppendEntries. Reply: s1<-s10#7795:OK-t1,SUCCESS,nextIndex=137,followerCommit=135,matchIndex=136
2023-03-17 00:26:26,643 DEBUG server.RaftServer$Division (RaftServerImpl.java:logAppendEntries(1430)) - s2@group-6E994AD85659: succeeded to handle AppendEntries. Reply: s1<-s2#7801:OK-t1,SUCCESS,nextIndex=137,followerCommit=135,matchIndex=136
2023-03-17 00:26:26,643 DEBUG server.RaftServer$Division (RaftServerImpl.java:logAppendEntries(1430)) - s8@group-6E994AD85659: receive appendEntries(s1, 1, (t:1, i:135), 136, true, commits:[s1:c136, s10:c134, s0:c135, s3:c135, s4:c135, s11:c135, s5:c134, s6:c135, s13:c135, s7:c135, s12:c135, s8:c134, s9:c135, s14:c135, s2:c134], cId:7807, entries: [(t:1, i:136), METADATAENTRY(c:135)]
2023-03-17 00:26:26,643 DEBUG server.RaftServer$Division (RaftServerImpl.java:logAppendEntries(1430)) - s8@group-6E994AD85659: succeeded to handle AppendEntries. Reply: s1<-s8#7807:OK-t1,SUCCESS,nextIndex=137,followerCommit=136,matchIndex=136
2023-03-17 00:26:26,644 DEBUG server.RaftServer$Division (RaftServerImpl.java:submitClientRequestAsync(835)) - s1@group-6E994AD85659: receive client request(RaftClientRequest:client-E8995F8E72F5->s1@group-6E994AD85659, cid=7808, seq=0, RW, Message:01016102405a40000000...(size=12))
2023-03-17 00:26:26,644 DEBUG server.RaftServer$Division (LeaderStateImpl.java:addPendingRequest(474)) - s1@group-6E994AD85659-LeaderStateImpl: addPendingRequest at RaftClientRequest:client-E8995F8E72F5->s1@group-6E994AD85659, cid=7808, seq=0, RW, Message:01016102405a40000000...(size=12), entry=(t:1, i:137), STATEMACHINELOGENTRY, 7808@client-E8995F8E72F5
2023-03-17 00:26:26,645 DEBUG server.RaftServer$Division (RaftServerImpl.java:logAppendEntries(1430)) - s10@group-6E994AD85659: receive appendEntries(s1, 1, (t:1, i:136), 136, true, commits:[s1:c136, s10:c135, s0:c135, s3:c135, s4:c135, s11:c135, s5:c135, s6:c135, s13:c135, s7:c135, s12:c135, s8:c136, s9:c135, s14:c135, s2:c135], cId:7809, entries: [(t:1, i:137), STATEMACHINELOGENTRY, 7808@client-E8995F8E72F5]
2023-03-17 00:26:26,645 DEBUG server.RaftServer$Division (RaftServerImpl.java:logAppendEntries(1430)) - s0@group-6E994AD85659: receive appendEntries(s1, 1, (t:1, i:136), 136, true, commits:[s1:c136, s10:c135, s0:c135, s3:c135, s4:c135, s11:c135, s5:c135, s6:c135, s13:c135, s7:c135, s12:c135, s8:c136, s9:c135, s14:c135, s2:c135], cId:7810, entries: [(t:1, i:137), STATEMACHINELOGENTRY, 7808@client-E8995F8E72F5]
2023-03-17 00:26:26,645 DEBUG server.RaftServer$Division (RaftServerImpl.java:logAppendEntries(1430)) - s10@group-6E994AD85659: succeeded to handle AppendEntries. Reply: s1<-s10#7809:OK-t1,SUCCESS,nextIndex=138,followerCommit=136,matchIndex=137
2023-03-17 00:26:26,646 DEBUG server.RaftServer$Division (RaftServerImpl.java:logAppendEntries(1430)) - s4@group-6E994AD85659: receive appendEntries(s1, 1, (t:1, i:136), 136, true, commits:[s1:c136, s10:c135, s0:c135, s3:c135, s4:c135, s11:c135, s5:c135, s6:c135, s13:c135, s7:c135, s12:c135, s8:c136, s9:c135, s14:c135, s2:c135], cId:7814, entries: [(t:1, i:137), STATEMACHINELOGENTRY, 7808@client-E8995F8E72F5]
2023-03-17 00:26:26,646 DEBUG server.RaftServer$Division (RaftServerImpl.java:logAppendEntries(1430)) - s6@group-6E994AD85659: receive appendEntries(s1, 1, (t:1, i:136), 136, true, commits:[s1:c136, s10:c135, s0:c135, s3:c135, s4:c135, s11:c135, s5:c135, s6:c135, s13:c135, s7:c135, s12:c135, s8:c136, s9:c135, s14:c135, s2:c135], cId:7816, entries: [(t:1, i:137), STATEMACHINELOGENTRY, 7808@client-E8995F8E72F5]
2023-03-17 00:26:26,647 DEBUG server.RaftServer$Division (RaftServerImpl.java:logAppendEntries(1430)) - s5@group-6E994AD85659: receive appendEntries(s1, 1, (t:1, i:136), 136, true, commits:[s1:c136, s10:c135, s0:c135, s3:c135, s4:c135, s11:c135, s5:c135, s6:c135, s13:c135, s7:c135, s12:c135, s8:c136, s9:c135, s14:c135, s2:c135], cId:7811, entries: [(t:1, i:137), STATEMACHINELOGENTRY, 7808@client-E8995F8E72F5]
2023-03-17 00:26:26,647 DEBUG server.RaftServer$Division (RaftServerImpl.java:logAppendEntries(1430)) - s4@group-6E994AD85659: succeeded to handle AppendEntries. Reply: s1<-s4#7814:OK-t1,SUCCESS,nextIndex=138,followerCommit=136,matchIndex=137
2023-03-17 00:26:26,647 DEBUG server.RaftServer$Division (RaftServerImpl.java:logAppendEntries(1430)) - s0@group-6E994AD85659: succeeded to handle AppendEntries. Reply: s1<-s0#7810:OK-t1,SUCCESS,nextIndex=138,followerCommit=136,matchIndex=137
2023-03-17 00:26:26,647 DEBUG server.RaftServer$Division (RaftServerImpl.java:logAppendEntries(1430)) - s6@group-6E994AD85659: succeeded to handle AppendEntries. Reply: s1<-s6#7816:OK-t1,SUCCESS,nextIndex=138,followerCommit=136,matchIndex=137
2023-03-17 00:26:26,647 DEBUG server.RaftServer$Division (RaftServerImpl.java:logAppendEntries(1430)) - s11@group-6E994AD85659: receive appendEntries(s1, 1, (t:1, i:136), 136, true, commits:[s1:c136, s10:c135, s0:c135, s3:c135, s4:c135, s11:c135, s5:c135, s6:c135, s13:c135, s7:c135, s12:c135, s8:c136, s9:c135, s14:c135, s2:c135], cId:7815, entries: [(t:1, i:137), STATEMACHINELOGENTRY, 7808@client-E8995F8E72F5]
2023-03-17 00:26:26,647 DEBUG server.RaftServer$Division (RaftServerImpl.java:logAppendEntries(1430)) - s5@group-6E994AD85659: succeeded to handle AppendEntries. Reply: s1<-s5#7811:OK-t1,SUCCESS,nextIndex=138,followerCommit=136,matchIndex=137
2023-03-17 00:26:26,647 DEBUG server.RaftServer$Division (RaftServerImpl.java:logAppendEntries(1430)) - s7@group-6E994AD85659: receive appendEntries(s1, 1, (t:1, i:136), 136, true, commits:[s1:c136, s10:c135, s0:c135, s3:c135, s4:c135, s11:c135, s5:c135, s6:c135, s13:c135, s7:c135, s12:c135, s8:c136, s9:c135, s14:c135, s2:c135], cId:7817, entries: [(t:1, i:137), STATEMACHINELOGENTRY, 7808@client-E8995F8E72F5]
2023-03-17 00:26:26,648 DEBUG server.RaftServer$Division (RaftServerImpl.java:logAppendEntries(1430)) - s11@group-6E994AD85659: succeeded to handle AppendEntries. Reply: s1<-s11#7815:OK-t1,SUCCESS,nextIndex=138,followerCommit=136,matchIndex=137
2023-03-17 00:26:26,648 DEBUG server.RaftServer$Division (RaftServerImpl.java:logAppendEntries(1430)) - s7@group-6E994AD85659: succeeded to handle AppendEntries. Reply: s1<-s7#7817:OK-t1,SUCCESS,nextIndex=138,followerCommit=136,matchIndex=137
2023-03-17 00:26:26,648 DEBUG server.RaftServer$Division (RaftServerImpl.java:logAppendEntries(1430)) - s13@group-6E994AD85659: receive appendEntries(s1, 1, (t:1, i:136), 136, true, commits:[s1:c136, s10:c135, s0:c135, s3:c135, s4:c136, s11:c135, s5:c135, s6:c136, s13:c135, s7:c135, s12:c135, s8:c136, s9:c135, s14:c135, s2:c135], cId:7822, entries: [(t:1, i:137), STATEMACHINELOGENTRY, 7808@client-E8995F8E72F5]
2023-03-17 00:26:26,648 DEBUG server.RaftServer$Division (RaftServerImpl.java:logAppendEntries(1430)) - s14@group-6E994AD85659: receive appendEntries(s1, 1, (t:1, i:136), 136, true, commits:[s1:c136, s10:c135, s0:c135, s3:c135, s4:c135, s11:c135, s5:c135, s6:c136, s13:c135, s7:c135, s12:c135, s8:c136, s9:c135, s14:c135, s2:c135], cId:7818, entries: [(t:1, i:137), STATEMACHINELOGENTRY, 7808@client-E8995F8E72F5]
2023-03-17 00:26:26,649 DEBUG server.RaftServer$Division (RaftServerImpl.java:logAppendEntries(1430)) - s9@group-6E994AD85659: receive appendEntries(s1, 1, (t:1, i:136), 136, true, commits:[s1:c136, s10:c135, s0:c135, s3:c135, s4:c136, s11:c135, s5:c135, s6:c136, s13:c135, s7:c135, s12:c135, s8:c136, s9:c135, s14:c135, s2:c135], cId:7820, entries: [(t:1, i:137), STATEMACHINELOGENTRY, 7808@client-E8995F8E72F5]
2023-03-17 00:26:26,649 DEBUG server.RaftServer$Division (RaftServerImpl.java:logAppendEntries(1430)) - s13@group-6E994AD85659: succeeded to handle AppendEntries. Reply: s1<-s13#7822:OK-t1,SUCCESS,nextIndex=138,followerCommit=136,matchIndex=137
2023-03-17 00:26:26,649 DEBUG server.RaftServer$Division (RaftServerImpl.java:logAppendEntries(1430)) - s9@group-6E994AD85659: succeeded to handle AppendEntries. Reply: s1<-s9#7820:OK-t1,SUCCESS,nextIndex=138,followerCommit=136,matchIndex=137
2023-03-17 00:26:26,649 DEBUG server.RaftServer$Division (RaftServerImpl.java:logAppendEntries(1430)) - s14@group-6E994AD85659: succeeded to handle AppendEntries. Reply: s1<-s14#7818:OK-t1,SUCCESS,nextIndex=138,followerCommit=136,matchIndex=137
2023-03-17 00:26:26,650 DEBUG server.RaftServer$Division (RaftServerImpl.java:logAppendEntries(1430)) - s3@group-6E994AD85659: receive appendEntries(s1, 1, (t:1, i:136), 136, true, commits:[s1:c136, s10:c135, s0:c135, s3:c135, s4:c135, s11:c135, s5:c135, s6:c135, s13:c135, s7:c135, s12:c135, s8:c136, s9:c135, s14:c135, s2:c135], cId:7813, entries: [(t:1, i:137), STATEMACHINELOGENTRY, 7808@client-E8995F8E72F5]
2023-03-17 00:26:26,647 DEBUG server.RaftServer$Division (RaftServerImpl.java:logAppendEntries(1430)) - s12@group-6E994AD85659: receive appendEntries(s1, 1, (t:1, i:136), 136, true, commits:[s1:c136, s10:c135, s0:c135, s3:c135, s4:c135, s11:c135, s5:c135, s6:c135, s13:c135, s7:c135, s12:c135, s8:c136, s9:c135, s14:c135, s2:c135], cId:7812, entries: [(t:1, i:137), STATEMACHINELOGENTRY, 7808@client-E8995F8E72F5]
2023-03-17 00:26:26,650 DEBUG server.RaftServer$Division (RaftServerImpl.java:logAppendEntries(1430)) - s3@group-6E994AD85659: succeeded to handle AppendEntries. Reply: s1<-s3#7813:OK-t1,SUCCESS,nextIndex=138,followerCommit=136,matchIndex=137
2023-03-17 00:26:26,650 DEBUG server.RaftServer$Division (RaftServerImpl.java:logAppendEntries(1430)) - s12@group-6E994AD85659: succeeded to handle AppendEntries. Reply: s1<-s12#7812:OK-t1,SUCCESS,nextIndex=138,followerCommit=136,matchIndex=137
2023-03-17 00:26:26,651 DEBUG server.RaftServer$Division (RaftServerImpl.java:logAppendEntries(1430)) - s8@group-6E994AD85659: receive appendEntries(s1, 1, (t:1, i:136), 136, true, commits:[s1:c136, s10:c135, s0:c135, s3:c135, s4:c135, s11:c135, s5:c135, s6:c136, s13:c135, s7:c135, s12:c135, s8:c136, s9:c135, s14:c135, s2:c135], cId:7819, entries: [(t:1, i:137), STATEMACHINELOGENTRY, 7808@client-E8995F8E72F5]
2023-03-17 00:26:26,651 DEBUG server.RaftServer$Division (RaftServerImpl.java:logAppendEntries(1430)) - s2@group-6E994AD85659: receive appendEntries(s1, 1, (t:1, i:136), 136, true, commits:[s1:c136, s10:c135, s0:c135, s3:c135, s4:c136, s11:c135, s5:c135, s6:c136, s13:c135, s7:c135, s12:c135, s8:c136, s9:c135, s14:c135, s2:c135], cId:7821, entries: [(t:1, i:137), STATEMACHINELOGENTRY, 7808@client-E8995F8E72F5]
2023-03-17 00:26:26,652 DEBUG server.RaftServer$Division (RaftServerImpl.java:logAppendEntries(1430)) - s8@group-6E994AD85659: succeeded to handle AppendEntries. Reply: s1<-s8#7819:OK-t1,SUCCESS,nextIndex=138,followerCommit=136,matchIndex=137
2023-03-17 00:26:26,652 INFO  statemachine.StateMachine (ArithmeticStateMachine.java:applyTransaction(182)) - LEADER:s1-137: a = 105 = 105
2023-03-17 00:26:26,652 DEBUG server.RaftServer$Division (RaftServerImpl.java:logAppendEntries(1430)) - s2@group-6E994AD85659: succeeded to handle AppendEntries. Reply: s1<-s2#7821:OK-t1,SUCCESS,nextIndex=138,followerCommit=136,matchIndex=137
2023-03-17 00:26:26,653 DEBUG server.RaftServer$Division (RaftServerImpl.java:logAppendEntries(1430)) - s14@group-6E994AD85659: receive appendEntries(s1, 1, (t:1, i:137), 137, true, commits:[s1:c137, s10:c136, s0:c136, s3:c136, s4:c136, s11:c136, s5:c136, s6:c136, s13:c136, s7:c136, s12:c136, s8:c136, s9:c136, s14:c136, s2:c135], cId:7829, entries: [(t:1, i:138), METADATAENTRY(c:137)]
2023-03-17 00:26:26,653 DEBUG server.RaftServer$Division (RaftServerImpl.java:logAppendEntries(1430)) - s4@group-6E994AD85659: receive appendEntries(s1, 1, (t:1, i:137), 137, true, commits:[s1:c137, s10:c136, s0:c136, s3:c136, s4:c136, s11:c136, s5:c136, s6:c136, s13:c136, s7:c136, s12:c136, s8:c136, s9:c136, s14:c136, s2:c135], cId:7823, entries: [(t:1, i:138), METADATAENTRY(c:137)]
2023-03-17 00:26:26,653 DEBUG server.RaftServer$Division (RaftServerImpl.java:logAppendEntries(1430)) - s0@group-6E994AD85659: receive appendEntries(s1, 1, (t:1, i:137), 137, true, commits:[s1:c137, s10:c136, s0:c136, s3:c136, s4:c136, s11:c136, s5:c136, s6:c136, s13:c136, s7:c136, s12:c136, s8:c136, s9:c136, s14:c136, s2:c135], cId:7832, entries: [(t:1, i:138), METADATAENTRY(c:137)]
2023-03-17 00:26:26,654 DEBUG server.RaftServer$Division (RaftServerImpl.java:logAppendEntries(1430)) - s6@group-6E994AD85659: receive appendEntries(s1, 1, (t:1, i:137), 137, true, commits:[s1:c137, s10:c136, s0:c136, s3:c136, s4:c136, s11:c136, s5:c136, s6:c136, s13:c136, s7:c136, s12:c136, s8:c136, s9:c136, s14:c136, s2:c135], cId:7824, entries: [(t:1, i:138), METADATAENTRY(c:137)]
2023-03-17 00:26:26,654 DEBUG server.RaftServer$Division (RaftServerImpl.java:logAppendEntries(1430)) - s4@group-6E994AD85659: succeeded to handle AppendEntries. Reply: s1<-s4#7823:OK-t1,SUCCESS,nextIndex=139,followerCommit=137,matchIndex=138
2023-03-17 00:26:26,653 DEBUG server.RaftServer$Division (RaftServerImpl.java:logAppendEntries(1430)) - s11@group-6E994AD85659: receive appendEntries(s1, 1, (t:1, i:137), 137, true, commits:[s1:c137, s10:c136, s0:c136, s3:c136, s4:c136, s11:c136, s5:c136, s6:c136, s13:c136, s7:c136, s12:c136, s8:c136, s9:c136, s14:c136, s2:c135], cId:7828, entries: [(t:1, i:138), METADATAENTRY(c:137)]
2023-03-17 00:26:26,654 DEBUG server.RaftServer$Division (RaftServerImpl.java:logAppendEntries(1430)) - s14@group-6E994AD85659: succeeded to handle AppendEntries. Reply: s1<-s14#7829:OK-t1,SUCCESS,nextIndex=139,followerCommit=137,matchIndex=138
2023-03-17 00:26:26,654 DEBUG server.RaftServer$Division (RaftServerImpl.java:logAppendEntries(1430)) - s0@group-6E994AD85659: succeeded to handle AppendEntries. Reply: s1<-s0#7832:OK-t1,SUCCESS,nextIndex=139,followerCommit=137,matchIndex=138
2023-03-17 00:26:26,655 DEBUG server.RaftServer$Division (RaftServerImpl.java:logAppendEntries(1430)) - s7@group-6E994AD85659: receive appendEntries(s1, 1, (t:1, i:137), 137, true, commits:[s1:c137, s10:c136, s0:c136, s3:c136, s4:c136, s11:c136, s5:c136, s6:c136, s13:c136, s7:c136, s12:c136, s8:c136, s9:c136, s14:c136, s2:c135], cId:7825, entries: [(t:1, i:138), METADATAENTRY(c:137)]
2023-03-17 00:26:26,655 DEBUG server.RaftServer$Division (RaftServerImpl.java:logAppendEntries(1430)) - s13@group-6E994AD85659: receive appendEntries(s1, 1, (t:1, i:137), 137, true, commits:[s1:c137, s10:c136, s0:c136, s3:c136, s4:c136, s11:c136, s5:c136, s6:c136, s13:c136, s7:c136, s12:c136, s8:c136, s9:c136, s14:c136, s2:c135], cId:7826, entries: [(t:1, i:138), METADATAENTRY(c:137)]
2023-03-17 00:26:26,655 DEBUG server.RaftServer$Division (RaftServerImpl.java:logAppendEntries(1430)) - s11@group-6E994AD85659: succeeded to handle AppendEntries. Reply: s1<-s11#7828:OK-t1,SUCCESS,nextIndex=139,followerCommit=137,matchIndex=138
2023-03-17 00:26:26,656 DEBUG server.RaftServer$Division (RaftServerImpl.java:logAppendEntries(1430)) - s13@group-6E994AD85659: succeeded to handle AppendEntries. Reply: s1<-s13#7826:OK-t1,SUCCESS,nextIndex=139,followerCommit=137,matchIndex=138
2023-03-17 00:26:26,656 DEBUG server.RaftServer$Division (RaftServerImpl.java:logAppendEntries(1430)) - s7@group-6E994AD85659: succeeded to handle AppendEntries. Reply: s1<-s7#7825:OK-t1,SUCCESS,nextIndex=139,followerCommit=137,matchIndex=138
2023-03-17 00:26:26,656 DEBUG server.RaftServer$Division (RaftServerImpl.java:logAppendEntries(1430)) - s12@group-6E994AD85659: receive appendEntries(s1, 1, (t:1, i:137), 137, true, commits:[s1:c137, s10:c136, s0:c136, s3:c136, s4:c136, s11:c136, s5:c136, s6:c136, s13:c136, s7:c136, s12:c136, s8:c136, s9:c136, s14:c136, s2:c135], cId:7833, entries: [(t:1, i:138), METADATAENTRY(c:137)]
2023-03-17 00:26:26,656 DEBUG server.RaftServer$Division (RaftServerImpl.java:logAppendEntries(1430)) - s3@group-6E994AD85659: receive appendEntries(s1, 1, (t:1, i:137), 137, true, commits:[s1:c137, s10:c136, s0:c136, s3:c136, s4:c136, s11:c136, s5:c136, s6:c136, s13:c136, s7:c136, s12:c136, s8:c136, s9:c136, s14:c136, s2:c135], cId:7827, entries: [(t:1, i:138), METADATAENTRY(c:137)]
2023-03-17 00:26:26,657 DEBUG server.RaftServer$Division (RaftServerImpl.java:logAppendEntries(1430)) - s6@group-6E994AD85659: succeeded to handle AppendEntries. Reply: s1<-s6#7824:OK-t1,SUCCESS,nextIndex=139,followerCommit=137,matchIndex=138
2023-03-17 00:26:26,657 DEBUG server.RaftServer$Division (RaftServerImpl.java:logAppendEntries(1430)) - s3@group-6E994AD85659: succeeded to handle AppendEntries. Reply: s1<-s3#7827:OK-t1,SUCCESS,nextIndex=139,followerCommit=137,matchIndex=138
2023-03-17 00:26:26,657 DEBUG server.RaftServer$Division (RaftServerImpl.java:logAppendEntries(1430)) - s12@group-6E994AD85659: succeeded to handle AppendEntries. Reply: s1<-s12#7833:OK-t1,SUCCESS,nextIndex=139,followerCommit=137,matchIndex=138
2023-03-17 00:26:26,657 DEBUG server.RaftServer$Division (RaftServerImpl.java:logAppendEntries(1430)) - s9@group-6E994AD85659: receive appendEntries(s1, 1, (t:1, i:137), 137, true, commits:[s1:c137, s10:c136, s0:c136, s3:c136, s4:c136, s11:c136, s5:c136, s6:c136, s13:c136, s7:c136, s12:c136, s8:c136, s9:c136, s14:c136, s2:c135], cId:7834, entries: [(t:1, i:138), METADATAENTRY(c:137)]
2023-03-17 00:26:26,658 DEBUG server.RaftServer$Division (RaftServerImpl.java:logAppendEntries(1430)) - s9@group-6E994AD85659: succeeded to handle AppendEntries. Reply: s1<-s9#7834:OK-t1,SUCCESS,nextIndex=139,followerCommit=137,matchIndex=138
2023-03-17 00:26:26,659 DEBUG server.RaftServer$Division (RaftServerImpl.java:logAppendEntries(1430)) - s5@group-6E994AD85659: receive appendEntries(s1, 1, (t:1, i:137), 137, true, commits:[s1:c137, s10:c136, s0:c136, s3:c136, s4:c136, s11:c136, s5:c136, s6:c136, s13:c136, s7:c136, s12:c136, s8:c136, s9:c136, s14:c136, s2:c135], cId:7831, entries: [(t:1, i:138), METADATAENTRY(c:137)]
2023-03-17 00:26:26,659 DEBUG server.RaftServer$Division (RaftServerImpl.java:logAppendEntries(1430)) - s10@group-6E994AD85659: receive appendEntries(s1, 1, (t:1, i:137), 137, true, commits:[s1:c137, s10:c136, s0:c136, s3:c136, s4:c136, s11:c136, s5:c136, s6:c136, s13:c136, s7:c136, s12:c136, s8:c136, s9:c136, s14:c136, s2:c135], cId:7830, entries: [(t:1, i:138), METADATAENTRY(c:137)]
2023-03-17 00:26:26,659 DEBUG server.RaftServer$Division (RaftServerImpl.java:logAppendEntries(1430)) - s5@group-6E994AD85659: succeeded to handle AppendEntries. Reply: s1<-s5#7831:OK-t1,SUCCESS,nextIndex=139,followerCommit=137,matchIndex=138
2023-03-17 00:26:26,659 DEBUG server.RaftServer$Division (RaftServerImpl.java:logAppendEntries(1430)) - s10@group-6E994AD85659: succeeded to handle AppendEntries. Reply: s1<-s10#7830:OK-t1,SUCCESS,nextIndex=139,followerCommit=137,matchIndex=138
2023-03-17 00:26:26,660 DEBUG server.RaftServer$Division (RaftServerImpl.java:logAppendEntries(1430)) - s2@group-6E994AD85659: receive appendEntries(s1, 1, (t:1, i:137), 138, true, commits:[s1:c138, s10:c136, s0:c137, s3:c137, s4:c137, s11:c137, s5:c136, s6:c137, s13:c137, s7:c137, s12:c137, s8:c136, s9:c136, s14:c137, s2:c136], cId:7835, entries: [(t:1, i:138), METADATAENTRY(c:137)]
2023-03-17 00:26:26,660 DEBUG server.RaftServer$Division (RaftServerImpl.java:logAppendEntries(1430)) - s8@group-6E994AD85659: receive appendEntries(s1, 1, (t:1, i:137), 138, true, commits:[s1:c138, s10:c136, s0:c137, s3:c137, s4:c137, s11:c137, s5:c136, s6:c137, s13:c137, s7:c137, s12:c137, s8:c136, s9:c136, s14:c137, s2:c136], cId:7836, entries: [(t:1, i:138), METADATAENTRY(c:137)]
2023-03-17 00:26:26,661 DEBUG server.RaftServer$Division (RaftServerImpl.java:logAppendEntries(1430)) - s2@group-6E994AD85659: succeeded to handle AppendEntries. Reply: s1<-s2#7835:OK-t1,SUCCESS,nextIndex=139,followerCommit=138,matchIndex=138
2023-03-17 00:26:26,661 DEBUG server.RaftServer$Division (RaftServerImpl.java:logAppendEntries(1430)) - s8@group-6E994AD85659: succeeded to handle AppendEntries. Reply: s1<-s8#7836:OK-t1,SUCCESS,nextIndex=139,followerCommit=138,matchIndex=138
2023-03-17 00:26:26,661 DEBUG server.RaftServer$Division (RaftServerImpl.java:submitClientRequestAsync(835)) - s1@group-6E994AD85659: receive client request(RaftClientRequest:client-E8995F8E72F5->s1@group-6E994AD85659, cid=7837, seq=0, RW, Message:0101620240b588000000...(size=12))
2023-03-17 00:26:26,662 DEBUG server.RaftServer$Division (LeaderStateImpl.java:addPendingRequest(474)) - s1@group-6E994AD85659-LeaderStateImpl: addPendingRequest at RaftClientRequest:client-E8995F8E72F5->s1@group-6E994AD85659, cid=7837, seq=0, RW, Message:0101620240b588000000...(size=12), entry=(t:1, i:139), STATEMACHINELOGENTRY, 7837@client-E8995F8E72F5
2023-03-17 00:26:26,662 DEBUG server.RaftServer$Division (RaftServerImpl.java:logAppendEntries(1430)) - s10@group-6E994AD85659: receive appendEntries(s1, 1, (t:1, i:138), 138, true, commits:[s1:c138, s10:c137, s0:c137, s3:c137, s4:c137, s11:c137, s5:c137, s6:c137, s13:c137, s7:c137, s12:c137, s8:c138, s9:c137, s14:c137, s2:c138], cId:7838, entries: [(t:1, i:139), STATEMACHINELOGENTRY, 7837@client-E8995F8E72F5]
2023-03-17 00:26:26,663 DEBUG server.RaftServer$Division (RaftServerImpl.java:logAppendEntries(1430)) - s10@group-6E994AD85659: succeeded to handle AppendEntries. Reply: s1<-s10#7838:OK-t1,SUCCESS,nextIndex=140,followerCommit=138,matchIndex=139
2023-03-17 00:26:26,663 DEBUG server.RaftServer$Division (RaftServerImpl.java:logAppendEntries(1430)) - s0@group-6E994AD85659: receive appendEntries(s1, 1, (t:1, i:138), 138, true, commits:[s1:c138, s10:c137, s0:c137, s3:c137, s4:c137, s11:c137, s5:c137, s6:c137, s13:c137, s7:c137, s12:c137, s8:c138, s9:c137, s14:c137, s2:c138], cId:7839, entries: [(t:1, i:139), STATEMACHINELOGENTRY, 7837@client-E8995F8E72F5]
2023-03-17 00:26:26,663 DEBUG server.RaftServer$Division (RaftServerImpl.java:logAppendEntries(1430)) - s3@group-6E994AD85659: receive appendEntries(s1, 1, (t:1, i:138), 138, true, commits:[s1:c138, s10:c137, s0:c137, s3:c137, s4:c137, s11:c137, s5:c137, s6:c137, s13:c137, s7:c137, s12:c137, s8:c138, s9:c137, s14:c137, s2:c138], cId:7840, entries: [(t:1, i:139), STATEMACHINELOGENTRY, 7837@client-E8995F8E72F5]
2023-03-17 00:26:26,664 DEBUG server.RaftServer$Division (RaftServerImpl.java:logAppendEntries(1430)) - s4@group-6E994AD85659: receive appendEntries(s1, 1, (t:1, i:138), 138, true, commits:[s1:c138, s10:c137, s0:c137, s3:c137, s4:c137, s11:c137, s5:c137, s6:c137, s13:c137, s7:c137, s12:c137, s8:c138, s9:c137, s14:c137, s2:c138], cId:7841, entries: [(t:1, i:139), STATEMACHINELOGENTRY, 7837@client-E8995F8E72F5]
2023-03-17 00:26:26,664 DEBUG server.RaftServer$Division (RaftServerImpl.java:logAppendEntries(1430)) - s3@group-6E994AD85659: succeeded to handle AppendEntries. Reply: s1<-s3#7840:OK-t1,SUCCESS,nextIndex=140,followerCommit=138,matchIndex=139
2023-03-17 00:26:26,664 DEBUG server.RaftServer$Division (RaftServerImpl.java:logAppendEntries(1430)) - s0@group-6E994AD85659: succeeded to handle AppendEntries. Reply: s1<-s0#7839:OK-t1,SUCCESS,nextIndex=140,followerCommit=138,matchIndex=139
2023-03-17 00:26:26,665 DEBUG server.RaftServer$Division (RaftServerImpl.java:logAppendEntries(1430)) - s4@group-6E994AD85659: succeeded to handle AppendEntries. Reply: s1<-s4#7841:OK-t1,SUCCESS,nextIndex=140,followerCommit=138,matchIndex=139
2023-03-17 00:26:26,665 DEBUG server.RaftServer$Division (RaftServerImpl.java:logAppendEntries(1430)) - s6@group-6E994AD85659: receive appendEntries(s1, 1, (t:1, i:138), 138, true, commits:[s1:c138, s10:c138, s0:c137, s3:c137, s4:c137, s11:c137, s5:c137, s6:c137, s13:c137, s7:c137, s12:c137, s8:c138, s9:c137, s14:c137, s2:c138], cId:7844, entries: [(t:1, i:139), STATEMACHINELOGENTRY, 7837@client-E8995F8E72F5]
2023-03-17 00:26:26,665 DEBUG server.RaftServer$Division (RaftServerImpl.java:logAppendEntries(1430)) - s11@group-6E994AD85659: receive appendEntries(s1, 1, (t:1, i:138), 138, true, commits:[s1:c138, s10:c138, s0:c137, s3:c137, s4:c137, s11:c137, s5:c137, s6:c137, s13:c137, s7:c137, s12:c137, s8:c138, s9:c137, s14:c137, s2:c138], cId:7842, entries: [(t:1, i:139), STATEMACHINELOGENTRY, 7837@client-E8995F8E72F5]
2023-03-17 00:26:26,665 DEBUG server.RaftServer$Division (RaftServerImpl.java:logAppendEntries(1430)) - s9@group-6E994AD85659: receive appendEntries(s1, 1, (t:1, i:138), 138, true, commits:[s1:c138, s10:c138, s0:c137, s3:c137, s4:c137, s11:c137, s5:c137, s6:c137, s13:c137, s7:c137, s12:c137, s8:c138, s9:c137, s14:c137, s2:c138], cId:7850, entries: [(t:1, i:139), STATEMACHINELOGENTRY, 7837@client-E8995F8E72F5]
2023-03-17 00:26:26,665 DEBUG server.RaftServer$Division (RaftServerImpl.java:logAppendEntries(1430)) - s7@group-6E994AD85659: receive appendEntries(s1, 1, (t:1, i:138), 138, true, commits:[s1:c138, s10:c138, s0:c137, s3:c137, s4:c137, s11:c137, s5:c137, s6:c137, s13:c137, s7:c137, s12:c137, s8:c138, s9:c137, s14:c137, s2:c138], cId:7849, entries: [(t:1, i:139), STATEMACHINELOGENTRY, 7837@client-E8995F8E72F5]
2023-03-17 00:26:26,666 DEBUG server.RaftServer$Division (RaftServerImpl.java:logAppendEntries(1430)) - s14@group-6E994AD85659: receive appendEntries(s1, 1, (t:1, i:138), 138, true, commits:[s1:c138, s10:c138, s0:c137, s3:c137, s4:c137, s11:c137, s5:c137, s6:c137, s13:c137, s7:c137, s12:c137, s8:c138, s9:c137, s14:c137, s2:c138], cId:7851, entries: [(t:1, i:139), STATEMACHINELOGENTRY, 7837@client-E8995F8E72F5]
2023-03-17 00:26:26,666 DEBUG server.RaftServer$Division (RaftServerImpl.java:logAppendEntries(1430)) - s9@group-6E994AD85659: succeeded to handle AppendEntries. Reply: s1<-s9#7850:OK-t1,SUCCESS,nextIndex=140,followerCommit=138,matchIndex=139
2023-03-17 00:26:26,666 DEBUG server.RaftServer$Division (RaftServerImpl.java:logAppendEntries(1430)) - s11@group-6E994AD85659: succeeded to handle AppendEntries. Reply: s1<-s11#7842:OK-t1,SUCCESS,nextIndex=140,followerCommit=138,matchIndex=139
2023-03-17 00:26:26,665 DEBUG server.RaftServer$Division (RaftServerImpl.java:logAppendEntries(1430)) - s13@group-6E994AD85659: receive appendEntries(s1, 1, (t:1, i:138), 138, true, commits:[s1:c138, s10:c138, s0:c137, s3:c137, s4:c137, s11:c137, s5:c137, s6:c137, s13:c137, s7:c137, s12:c137, s8:c138, s9:c137, s14:c137, s2:c138], cId:7847, entries: [(t:1, i:139), STATEMACHINELOGENTRY, 7837@client-E8995F8E72F5]
2023-03-17 00:26:26,666 DEBUG server.RaftServer$Division (RaftServerImpl.java:logAppendEntries(1430)) - s14@group-6E994AD85659: succeeded to handle AppendEntries. Reply: s1<-s14#7851:OK-t1,SUCCESS,nextIndex=140,followerCommit=138,matchIndex=139
2023-03-17 00:26:26,666 DEBUG server.RaftServer$Division (RaftServerImpl.java:logAppendEntries(1430)) - s7@group-6E994AD85659: succeeded to handle AppendEntries. Reply: s1<-s7#7849:OK-t1,SUCCESS,nextIndex=140,followerCommit=138,matchIndex=139
2023-03-17 00:26:26,667 DEBUG server.RaftServer$Division (RaftServerImpl.java:logAppendEntries(1430)) - s12@group-6E994AD85659: receive appendEntries(s1, 1, (t:1, i:138), 138, true, commits:[s1:c138, s10:c138, s0:c137, s3:c137, s4:c137, s11:c137, s5:c137, s6:c137, s13:c137, s7:c137, s12:c137, s8:c138, s9:c137, s14:c137, s2:c138], cId:7845, entries: [(t:1, i:139), STATEMACHINELOGENTRY, 7837@client-E8995F8E72F5]
2023-03-17 00:26:26,666 DEBUG server.RaftServer$Division (RaftServerImpl.java:logAppendEntries(1430)) - s6@group-6E994AD85659: succeeded to handle AppendEntries. Reply: s1<-s6#7844:OK-t1,SUCCESS,nextIndex=140,followerCommit=138,matchIndex=139
2023-03-17 00:26:26,667 DEBUG server.RaftServer$Division (RaftServerImpl.java:logAppendEntries(1430)) - s13@group-6E994AD85659: succeeded to handle AppendEntries. Reply: s1<-s13#7847:OK-t1,SUCCESS,nextIndex=140,followerCommit=138,matchIndex=139
2023-03-17 00:26:26,667 DEBUG server.RaftServer$Division (RaftServerImpl.java:logAppendEntries(1430)) - s12@group-6E994AD85659: succeeded to handle AppendEntries. Reply: s1<-s12#7845:OK-t1,SUCCESS,nextIndex=140,followerCommit=138,matchIndex=139
2023-03-17 00:26:26,668 DEBUG server.RaftServer$Division (RaftServerImpl.java:logAppendEntries(1430)) - s5@group-6E994AD85659: receive appendEntries(s1, 1, (t:1, i:138), 138, true, commits:[s1:c138, s10:c138, s0:c137, s3:c137, s4:c137, s11:c137, s5:c137, s6:c137, s13:c137, s7:c137, s12:c137, s8:c138, s9:c137, s14:c137, s2:c138], cId:7843, entries: [(t:1, i:139), STATEMACHINELOGENTRY, 7837@client-E8995F8E72F5]
2023-03-17 00:26:26,668 DEBUG server.RaftServer$Division (RaftServerImpl.java:logAppendEntries(1430)) - s5@group-6E994AD85659: succeeded to handle AppendEntries. Reply: s1<-s5#7843:OK-t1,SUCCESS,nextIndex=140,followerCommit=138,matchIndex=139
2023-03-17 00:26:26,668 DEBUG server.RaftServer$Division (RaftServerImpl.java:logAppendEntries(1430)) - s8@group-6E994AD85659: receive appendEntries(s1, 1, (t:1, i:138), 138, true, commits:[s1:c138, s10:c138, s0:c137, s3:c137, s4:c137, s11:c137, s5:c137, s6:c137, s13:c137, s7:c137, s12:c137, s8:c138, s9:c137, s14:c137, s2:c138], cId:7846, entries: [(t:1, i:139), STATEMACHINELOGENTRY, 7837@client-E8995F8E72F5]
2023-03-17 00:26:26,669 DEBUG server.RaftServer$Division (RaftServerImpl.java:logAppendEntries(1430)) - s2@group-6E994AD85659: receive appendEntries(s1, 1, (t:1, i:138), 138, true, commits:[s1:c138, s10:c138, s0:c137, s3:c137, s4:c137, s11:c137, s5:c137, s6:c137, s13:c137, s7:c137, s12:c137, s8:c138, s9:c137, s14:c137, s2:c138], cId:7848, entries: [(t:1, i:139), STATEMACHINELOGENTRY, 7837@client-E8995F8E72F5]
2023-03-17 00:26:26,669 DEBUG server.RaftServer$Division (RaftServerImpl.java:logAppendEntries(1430)) - s8@group-6E994AD85659: succeeded to handle AppendEntries. Reply: s1<-s8#7846:OK-t1,SUCCESS,nextIndex=140,followerCommit=138,matchIndex=139
2023-03-17 00:26:26,676 DEBUG server.RaftServer$Division (RaftServerImpl.java:logAppendEntries(1430)) - s2@group-6E994AD85659: succeeded to handle AppendEntries. Reply: s1<-s2#7848:OK-t1,SUCCESS,nextIndex=140,followerCommit=138,matchIndex=139
2023-03-17 00:26:26,676 INFO  statemachine.StateMachine (ArithmeticStateMachine.java:applyTransaction(182)) - LEADER:s1-139: b = 5512 = 5512
2023-03-17 00:26:26,677 DEBUG server.RaftServer$Division (RaftServerImpl.java:logAppendEntries(1430)) - s10@group-6E994AD85659: receive appendEntries(s1, 1, (t:1, i:139), 139, true, commits:[s1:c139, s10:c138, s0:c138, s3:c138, s4:c138, s11:c138, s5:c138, s6:c138, s13:c138, s7:c138, s12:c138, s8:c138, s9:c138, s14:c138, s2:c138], cId:7852, entries: [(t:1, i:140), METADATAENTRY(c:139)]
2023-03-17 00:26:26,677 DEBUG server.RaftServer$Division (RaftServerImpl.java:logAppendEntries(1430)) - s0@group-6E994AD85659: receive appendEntries(s1, 1, (t:1, i:139), 139, true, commits:[s1:c139, s10:c138, s0:c138, s3:c138, s4:c138, s11:c138, s5:c138, s6:c138, s13:c138, s7:c138, s12:c138, s8:c138, s9:c138, s14:c138, s2:c138], cId:7853, entries: [(t:1, i:140), METADATAENTRY(c:139)]
2023-03-17 00:26:26,677 DEBUG server.RaftServer$Division (RaftServerImpl.java:logAppendEntries(1430)) - s4@group-6E994AD85659: receive appendEntries(s1, 1, (t:1, i:139), 139, true, commits:[s1:c139, s10:c138, s0:c138, s3:c138, s4:c138, s11:c138, s5:c138, s6:c138, s13:c138, s7:c138, s12:c138, s8:c138, s9:c138, s14:c138, s2:c138], cId:7855, entries: [(t:1, i:140), METADATAENTRY(c:139)]
2023-03-17 00:26:26,678 DEBUG server.RaftServer$Division (RaftServerImpl.java:logAppendEntries(1430)) - s10@group-6E994AD85659: succeeded to handle AppendEntries. Reply: s1<-s10#7852:OK-t1,SUCCESS,nextIndex=141,followerCommit=139,matchIndex=140
2023-03-17 00:26:26,678 DEBUG server.RaftServer$Division (RaftServerImpl.java:logAppendEntries(1430)) - s0@group-6E994AD85659: succeeded to handle AppendEntries. Reply: s1<-s0#7853:OK-t1,SUCCESS,nextIndex=141,followerCommit=139,matchIndex=140
2023-03-17 00:26:26,678 DEBUG server.RaftServer$Division (RaftServerImpl.java:logAppendEntries(1430)) - s4@group-6E994AD85659: succeeded to handle AppendEntries. Reply: s1<-s4#7855:OK-t1,SUCCESS,nextIndex=141,followerCommit=139,matchIndex=140
2023-03-17 00:26:26,678 DEBUG server.RaftServer$Division (RaftServerImpl.java:logAppendEntries(1430)) - s3@group-6E994AD85659: receive appendEntries(s1, 1, (t:1, i:139), 139, true, commits:[s1:c139, s10:c138, s0:c138, s3:c138, s4:c138, s11:c138, s5:c138, s6:c138, s13:c138, s7:c138, s12:c138, s8:c138, s9:c138, s14:c138, s2:c138], cId:7854, entries: [(t:1, i:140), METADATAENTRY(c:139)]
2023-03-17 00:26:26,679 DEBUG server.RaftServer$Division (RaftServerImpl.java:logAppendEntries(1430)) - s14@group-6E994AD85659: receive appendEntries(s1, 1, (t:1, i:139), 139, true, commits:[s1:c139, s10:c138, s0:c138, s3:c138, s4:c138, s11:c138, s5:c138, s6:c138, s13:c138, s7:c138, s12:c138, s8:c138, s9:c138, s14:c138, s2:c138], cId:7857, entries: [(t:1, i:140), METADATAENTRY(c:139)]
2023-03-17 00:26:26,679 DEBUG server.RaftServer$Division (RaftServerImpl.java:logAppendEntries(1430)) - s3@group-6E994AD85659: succeeded to handle AppendEntries. Reply: s1<-s3#7854:OK-t1,SUCCESS,nextIndex=141,followerCommit=139,matchIndex=140
2023-03-17 00:26:26,679 DEBUG server.RaftServer$Division (RaftServerImpl.java:logAppendEntries(1430)) - s11@group-6E994AD85659: receive appendEntries(s1, 1, (t:1, i:139), 139, true, commits:[s1:c139, s10:c138, s0:c138, s3:c138, s4:c138, s11:c138, s5:c138, s6:c138, s13:c138, s7:c138, s12:c138, s8:c138, s9:c138, s14:c138, s2:c138], cId:7861, entries: [(t:1, i:140), METADATAENTRY(c:139)]
2023-03-17 00:26:26,679 DEBUG server.RaftServer$Division (RaftServerImpl.java:logAppendEntries(1430)) - s7@group-6E994AD85659: receive appendEntries(s1, 1, (t:1, i:139), 139, true, commits:[s1:c139, s10:c138, s0:c138, s3:c138, s4:c138, s11:c138, s5:c138, s6:c138, s13:c138, s7:c138, s12:c138, s8:c138, s9:c138, s14:c138, s2:c138], cId:7865, entries: [(t:1, i:140), METADATAENTRY(c:139)]
2023-03-17 00:26:26,680 DEBUG server.RaftServer$Division (RaftServerImpl.java:logAppendEntries(1430)) - s6@group-6E994AD85659: receive appendEntries(s1, 1, (t:1, i:139), 139, true, commits:[s1:c139, s10:c138, s0:c138, s3:c138, s4:c138, s11:c138, s5:c138, s6:c138, s13:c138, s7:c138, s12:c138, s8:c138, s9:c138, s14:c138, s2:c138], cId:7860, entries: [(t:1, i:140), METADATAENTRY(c:139)]
2023-03-17 00:26:26,680 DEBUG server.RaftServer$Division (RaftServerImpl.java:logAppendEntries(1430)) - s11@group-6E994AD85659: succeeded to handle AppendEntries. Reply: s1<-s11#7861:OK-t1,SUCCESS,nextIndex=141,followerCommit=139,matchIndex=140
2023-03-17 00:26:26,680 DEBUG server.RaftServer$Division (RaftServerImpl.java:logAppendEntries(1430)) - s6@group-6E994AD85659: succeeded to handle AppendEntries. Reply: s1<-s6#7860:OK-t1,SUCCESS,nextIndex=141,followerCommit=139,matchIndex=140
2023-03-17 00:26:26,680 DEBUG server.RaftServer$Division (RaftServerImpl.java:logAppendEntries(1430)) - s14@group-6E994AD85659: succeeded to handle AppendEntries. Reply: s1<-s14#7857:OK-t1,SUCCESS,nextIndex=141,followerCommit=139,matchIndex=140
2023-03-17 00:26:26,680 DEBUG server.RaftServer$Division (RaftServerImpl.java:logAppendEntries(1430)) - s7@group-6E994AD85659: succeeded to handle AppendEntries. Reply: s1<-s7#7865:OK-t1,SUCCESS,nextIndex=141,followerCommit=139,matchIndex=140
2023-03-17 00:26:26,681 DEBUG server.RaftServer$Division (RaftServerImpl.java:logAppendEntries(1430)) - s13@group-6E994AD85659: receive appendEntries(s1, 1, (t:1, i:139), 139, true, commits:[s1:c139, s10:c138, s0:c138, s3:c138, s4:c138, s11:c138, s5:c138, s6:c138, s13:c138, s7:c138, s12:c138, s8:c138, s9:c138, s14:c138, s2:c138], cId:7859, entries: [(t:1, i:140), METADATAENTRY(c:139)]
2023-03-17 00:26:26,681 DEBUG server.RaftServer$Division (RaftServerImpl.java:logAppendEntries(1430)) - s9@group-6E994AD85659: receive appendEntries(s1, 1, (t:1, i:139), 139, true, commits:[s1:c139, s10:c138, s0:c138, s3:c138, s4:c138, s11:c138, s5:c138, s6:c138, s13:c138, s7:c138, s12:c138, s8:c138, s9:c138, s14:c138, s2:c138], cId:7862, entries: [(t:1, i:140), METADATAENTRY(c:139)]
2023-03-17 00:26:26,681 DEBUG server.RaftServer$Division (RaftServerImpl.java:logAppendEntries(1430)) - s13@group-6E994AD85659: succeeded to handle AppendEntries. Reply: s1<-s13#7859:OK-t1,SUCCESS,nextIndex=141,followerCommit=139,matchIndex=140
2023-03-17 00:26:26,682 DEBUG server.RaftServer$Division (RaftServerImpl.java:logAppendEntries(1430)) - s12@group-6E994AD85659: receive appendEntries(s1, 1, (t:1, i:139), 139, true, commits:[s1:c139, s10:c138, s0:c138, s3:c138, s4:c138, s11:c138, s5:c138, s6:c138, s13:c138, s7:c138, s12:c138, s8:c138, s9:c138, s14:c138, s2:c138], cId:7858, entries: [(t:1, i:140), METADATAENTRY(c:139)]
2023-03-17 00:26:26,682 DEBUG server.RaftServer$Division (RaftServerImpl.java:logAppendEntries(1430)) - s9@group-6E994AD85659: succeeded to handle AppendEntries. Reply: s1<-s9#7862:OK-t1,SUCCESS,nextIndex=141,followerCommit=139,matchIndex=140
2023-03-17 00:26:26,682 DEBUG server.RaftServer$Division (RaftServerImpl.java:logAppendEntries(1430)) - s12@group-6E994AD85659: succeeded to handle AppendEntries. Reply: s1<-s12#7858:OK-t1,SUCCESS,nextIndex=141,followerCommit=139,matchIndex=140
2023-03-17 00:26:26,682 DEBUG server.RaftServer$Division (RaftServerImpl.java:submitClientRequestAsync(835)) - s1@group-6E994AD85659: receive client request(RaftClientRequest:client-E8995F8E72F5->s1@group-6E994AD85659, cid=7866, seq=0, RW, Message:01016304010300040201...(size=17))
2023-03-17 00:26:26,683 DEBUG server.RaftServer$Division (RaftServerImpl.java:logAppendEntries(1430)) - s8@group-6E994AD85659: receive appendEntries(s1, 1, (t:1, i:139), 139, true, commits:[s1:c139, s10:c138, s0:c138, s3:c138, s4:c138, s11:c138, s5:c138, s6:c138, s13:c138, s7:c138, s12:c138, s8:c138, s9:c138, s14:c138, s2:c138], cId:7864, entries: [(t:1, i:140), METADATAENTRY(c:139)]
2023-03-17 00:26:26,683 DEBUG server.RaftServer$Division (RaftServerImpl.java:logAppendEntries(1430)) - s2@group-6E994AD85659: receive appendEntries(s1, 1, (t:1, i:139), 139, true, commits:[s1:c139, s10:c138, s0:c138, s3:c138, s4:c138, s11:c138, s5:c138, s6:c138, s13:c138, s7:c138, s12:c138, s8:c138, s9:c138, s14:c138, s2:c138], cId:7863, entries: [(t:1, i:140), METADATAENTRY(c:139)]
2023-03-17 00:26:26,683 DEBUG server.RaftServer$Division (RaftServerImpl.java:logAppendEntries(1430)) - s5@group-6E994AD85659: receive appendEntries(s1, 1, (t:1, i:139), 139, true, commits:[s1:c139, s10:c138, s0:c138, s3:c138, s4:c138, s11:c138, s5:c138, s6:c138, s13:c138, s7:c138, s12:c138, s8:c138, s9:c138, s14:c138, s2:c138], cId:7856, entries: [(t:1, i:140), METADATAENTRY(c:139)]
2023-03-17 00:26:26,685 DEBUG server.RaftServer$Division (RaftServerImpl.java:logAppendEntries(1430)) - s8@group-6E994AD85659: succeeded to handle AppendEntries. Reply: s1<-s8#7864:OK-t1,SUCCESS,nextIndex=141,followerCommit=139,matchIndex=140
2023-03-17 00:26:26,685 DEBUG server.RaftServer$Division (RaftServerImpl.java:logAppendEntries(1430)) - s5@group-6E994AD85659: succeeded to handle AppendEntries. Reply: s1<-s5#7856:OK-t1,SUCCESS,nextIndex=141,followerCommit=139,matchIndex=140
2023-03-17 00:26:26,685 DEBUG server.RaftServer$Division (RaftServerImpl.java:logAppendEntries(1430)) - s2@group-6E994AD85659: succeeded to handle AppendEntries. Reply: s1<-s2#7863:OK-t1,SUCCESS,nextIndex=141,followerCommit=139,matchIndex=140
2023-03-17 00:26:26,686 DEBUG server.RaftServer$Division (LeaderStateImpl.java:addPendingRequest(474)) - s1@group-6E994AD85659-LeaderStateImpl: addPendingRequest at RaftClientRequest:client-E8995F8E72F5->s1@group-6E994AD85659, cid=7866, seq=0, RW, Message:01016304010300040201...(size=17), entry=(t:1, i:141), STATEMACHINELOGENTRY, 7866@client-E8995F8E72F5
2023-03-17 00:26:26,689 DEBUG server.RaftServer$Division (RaftServerImpl.java:logAppendEntries(1430)) - s14@group-6E994AD85659: receive appendEntries(s1, 1, (t:1, i:140), 140, true, commits:[s1:c140, s10:c139, s0:c139, s3:c139, s4:c139, s11:c139, s5:c139, s6:c139, s13:c139, s7:c139, s12:c139, s8:c139, s9:c139, s14:c139, s2:c139], cId:7877, entries: [(t:1, i:141), STATEMACHINELOGENTRY, 7866@client-E8995F8E72F5]
2023-03-17 00:26:26,687 DEBUG server.RaftServer$Division (RaftServerImpl.java:logAppendEntries(1430)) - s12@group-6E994AD85659: receive appendEntries(s1, 1, (t:1, i:140), 140, true, commits:[s1:c140, s10:c139, s0:c139, s3:c139, s4:c139, s11:c139, s5:c139, s6:c139, s13:c139, s7:c139, s12:c139, s8:c139, s9:c139, s14:c139, s2:c139], cId:7867, entries: [(t:1, i:141), STATEMACHINELOGENTRY, 7866@client-E8995F8E72F5]
2023-03-17 00:26:26,689 DEBUG server.RaftServer$Division (RaftServerImpl.java:logAppendEntries(1430)) - s12@group-6E994AD85659: succeeded to handle AppendEntries. Reply: s1<-s12#7867:OK-t1,SUCCESS,nextIndex=142,followerCommit=140,matchIndex=141
2023-03-17 00:26:26,689 DEBUG server.RaftServer$Division (RaftServerImpl.java:logAppendEntries(1430)) - s14@group-6E994AD85659: succeeded to handle AppendEntries. Reply: s1<-s14#7877:OK-t1,SUCCESS,nextIndex=142,followerCommit=140,matchIndex=141
2023-03-17 00:26:26,689 DEBUG server.RaftServer$Division (RaftServerImpl.java:logAppendEntries(1430)) - s0@group-6E994AD85659: receive appendEntries(s1, 1, (t:1, i:140), 140, true, commits:[s1:c140, s10:c139, s0:c139, s3:c139, s4:c139, s11:c139, s5:c139, s6:c139, s13:c139, s7:c139, s12:c139, s8:c139, s9:c139, s14:c139, s2:c139], cId:7869, entries: [(t:1, i:141), STATEMACHINELOGENTRY, 7866@client-E8995F8E72F5]
2023-03-17 00:26:26,690 DEBUG server.RaftServer$Division (RaftServerImpl.java:logAppendEntries(1430)) - s5@group-6E994AD85659: receive appendEntries(s1, 1, (t:1, i:140), 140, true, commits:[s1:c140, s10:c139, s0:c139, s3:c139, s4:c139, s11:c139, s5:c139, s6:c139, s13:c139, s7:c139, s12:c139, s8:c139, s9:c139, s14:c139, s2:c139], cId:7879, entries: [(t:1, i:141), STATEMACHINELOGENTRY, 7866@client-E8995F8E72F5]
2023-03-17 00:26:26,688 DEBUG server.RaftServer$Division (RaftServerImpl.java:logAppendEntries(1430)) - s7@group-6E994AD85659: receive appendEntries(s1, 1, (t:1, i:140), 140, true, commits:[s1:c140, s10:c139, s0:c139, s3:c139, s4:c139, s11:c139, s5:c139, s6:c139, s13:c139, s7:c139, s12:c139, s8:c139, s9:c139, s14:c139, s2:c139], cId:7875, entries: [(t:1, i:141), STATEMACHINELOGENTRY, 7866@client-E8995F8E72F5]
2023-03-17 00:26:26,688 DEBUG server.RaftServer$Division (RaftServerImpl.java:logAppendEntries(1430)) - s9@group-6E994AD85659: receive appendEntries(s1, 1, (t:1, i:140), 140, true, commits:[s1:c140, s10:c139, s0:c139, s3:c139, s4:c139, s11:c139, s5:c139, s6:c139, s13:c139, s7:c139, s12:c139, s8:c139, s9:c139, s14:c139, s2:c139], cId:7876, entries: [(t:1, i:141), STATEMACHINELOGENTRY, 7866@client-E8995F8E72F5]
2023-03-17 00:26:26,690 DEBUG server.RaftServer$Division (RaftServerImpl.java:logAppendEntries(1430)) - s2@group-6E994AD85659: receive appendEntries(s1, 1, (t:1, i:140), 140, true, commits:[s1:c140, s10:c139, s0:c139, s3:c139, s4:c139, s11:c139, s5:c139, s6:c139, s13:c139, s7:c139, s12:c139, s8:c139, s9:c139, s14:c139, s2:c139], cId:7880, entries: [(t:1, i:141), STATEMACHINELOGENTRY, 7866@client-E8995F8E72F5]
2023-03-17 00:26:26,690 DEBUG server.RaftServer$Division (RaftServerImpl.java:logAppendEntries(1430)) - s0@group-6E994AD85659: succeeded to handle AppendEntries. Reply: s1<-s0#7869:OK-t1,SUCCESS,nextIndex=142,followerCommit=140,matchIndex=141
2023-03-17 00:26:26,688 DEBUG server.RaftServer$Division (RaftServerImpl.java:logAppendEntries(1430)) - s13@group-6E994AD85659: receive appendEntries(s1, 1, (t:1, i:140), 140, true, commits:[s1:c140, s10:c139, s0:c139, s3:c139, s4:c139, s11:c139, s5:c139, s6:c139, s13:c139, s7:c139, s12:c139, s8:c139, s9:c139, s14:c139, s2:c139], cId:7874, entries: [(t:1, i:141), STATEMACHINELOGENTRY, 7866@client-E8995F8E72F5]
2023-03-17 00:26:26,691 DEBUG server.RaftServer$Division (RaftServerImpl.java:logAppendEntries(1430)) - s5@group-6E994AD85659: succeeded to handle AppendEntries. Reply: s1<-s5#7879:OK-t1,SUCCESS,nextIndex=142,followerCommit=140,matchIndex=141
2023-03-17 00:26:26,688 DEBUG server.RaftServer$Division (RaftServerImpl.java:logAppendEntries(1430)) - s6@group-6E994AD85659: receive appendEntries(s1, 1, (t:1, i:140), 140, true, commits:[s1:c140, s10:c139, s0:c139, s3:c139, s4:c139, s11:c139, s5:c139, s6:c139, s13:c139, s7:c139, s12:c139, s8:c139, s9:c139, s14:c139, s2:c139], cId:7873, entries: [(t:1, i:141), STATEMACHINELOGENTRY, 7866@client-E8995F8E72F5]
2023-03-17 00:26:26,691 DEBUG server.RaftServer$Division (RaftServerImpl.java:logAppendEntries(1430)) - s2@group-6E994AD85659: succeeded to handle AppendEntries. Reply: s1<-s2#7880:OK-t1,SUCCESS,nextIndex=142,followerCommit=140,matchIndex=141
2023-03-17 00:26:26,688 DEBUG server.RaftServer$Division (RaftServerImpl.java:logAppendEntries(1430)) - s8@group-6E994AD85659: receive appendEntries(s1, 1, (t:1, i:140), 140, true, commits:[s1:c140, s10:c139, s0:c139, s3:c139, s4:c139, s11:c139, s5:c139, s6:c139, s13:c139, s7:c139, s12:c139, s8:c139, s9:c139, s14:c139, s2:c139], cId:7878, entries: [(t:1, i:141), STATEMACHINELOGENTRY, 7866@client-E8995F8E72F5]
2023-03-17 00:26:26,691 DEBUG server.RaftServer$Division (RaftServerImpl.java:logAppendEntries(1430)) - s13@group-6E994AD85659: succeeded to handle AppendEntries. Reply: s1<-s13#7874:OK-t1,SUCCESS,nextIndex=142,followerCommit=140,matchIndex=141
2023-03-17 00:26:26,691 DEBUG server.RaftServer$Division (RaftServerImpl.java:logAppendEntries(1430)) - s9@group-6E994AD85659: succeeded to handle AppendEntries. Reply: s1<-s9#7876:OK-t1,SUCCESS,nextIndex=142,followerCommit=140,matchIndex=141
2023-03-17 00:26:26,691 DEBUG server.RaftServer$Division (RaftServerImpl.java:logAppendEntries(1430)) - s8@group-6E994AD85659: succeeded to handle AppendEntries. Reply: s1<-s8#7878:OK-t1,SUCCESS,nextIndex=142,followerCommit=140,matchIndex=141
2023-03-17 00:26:26,692 DEBUG server.RaftServer$Division (RaftServerImpl.java:logAppendEntries(1430)) - s6@group-6E994AD85659: succeeded to handle AppendEntries. Reply: s1<-s6#7873:OK-t1,SUCCESS,nextIndex=142,followerCommit=140,matchIndex=141
2023-03-17 00:26:26,688 DEBUG server.RaftServer$Division (RaftServerImpl.java:logAppendEntries(1430)) - s3@group-6E994AD85659: receive appendEntries(s1, 1, (t:1, i:140), 140, true, commits:[s1:c140, s10:c139, s0:c139, s3:c139, s4:c139, s11:c139, s5:c139, s6:c139, s13:c139, s7:c139, s12:c139, s8:c139, s9:c139, s14:c139, s2:c139], cId:7870, entries: [(t:1, i:141), STATEMACHINELOGENTRY, 7866@client-E8995F8E72F5]
2023-03-17 00:26:26,687 DEBUG server.RaftServer$Division (RaftServerImpl.java:logAppendEntries(1430)) - s10@group-6E994AD85659: receive appendEntries(s1, 1, (t:1, i:140), 140, true, commits:[s1:c140, s10:c139, s0:c139, s3:c139, s4:c139, s11:c139, s5:c139, s6:c139, s13:c139, s7:c139, s12:c139, s8:c139, s9:c139, s14:c139, s2:c139], cId:7868, entries: [(t:1, i:141), STATEMACHINELOGENTRY, 7866@client-E8995F8E72F5]
2023-03-17 00:26:26,687 DEBUG server.RaftServer$Division (RaftServerImpl.java:logAppendEntries(1430)) - s4@group-6E994AD85659: receive appendEntries(s1, 1, (t:1, i:140), 140, true, commits:[s1:c140, s10:c139, s0:c139, s3:c139, s4:c139, s11:c139, s5:c139, s6:c139, s13:c139, s7:c139, s12:c139, s8:c139, s9:c139, s14:c139, s2:c139], cId:7871, entries: [(t:1, i:141), STATEMACHINELOGENTRY, 7866@client-E8995F8E72F5]
2023-03-17 00:26:26,691 DEBUG server.RaftServer$Division (RaftServerImpl.java:logAppendEntries(1430)) - s7@group-6E994AD85659: succeeded to handle AppendEntries. Reply: s1<-s7#7875:OK-t1,SUCCESS,nextIndex=142,followerCommit=140,matchIndex=141
2023-03-17 00:26:26,692 DEBUG server.RaftServer$Division (RaftServerImpl.java:logAppendEntries(1430)) - s4@group-6E994AD85659: succeeded to handle AppendEntries. Reply: s1<-s4#7871:OK-t1,SUCCESS,nextIndex=142,followerCommit=140,matchIndex=141
2023-03-17 00:26:26,689 DEBUG server.RaftServer$Division (RaftServerImpl.java:logAppendEntries(1430)) - s11@group-6E994AD85659: receive appendEntries(s1, 1, (t:1, i:140), 140, true, commits:[s1:c140, s10:c139, s0:c139, s3:c139, s4:c139, s11:c139, s5:c139, s6:c139, s13:c139, s7:c139, s12:c139, s8:c139, s9:c139, s14:c139, s2:c139], cId:7872, entries: [(t:1, i:141), STATEMACHINELOGENTRY, 7866@client-E8995F8E72F5]
2023-03-17 00:26:26,693 DEBUG server.RaftServer$Division (RaftServerImpl.java:logAppendEntries(1430)) - s10@group-6E994AD85659: succeeded to handle AppendEntries. Reply: s1<-s10#7868:OK-t1,SUCCESS,nextIndex=142,followerCommit=140,matchIndex=141
2023-03-17 00:26:26,693 DEBUG server.RaftServer$Division (RaftServerImpl.java:logAppendEntries(1430)) - s3@group-6E994AD85659: succeeded to handle AppendEntries. Reply: s1<-s3#7870:OK-t1,SUCCESS,nextIndex=142,followerCommit=140,matchIndex=141
2023-03-17 00:26:26,693 DEBUG server.RaftServer$Division (RaftServerImpl.java:logAppendEntries(1430)) - s11@group-6E994AD85659: succeeded to handle AppendEntries. Reply: s1<-s11#7872:OK-t1,SUCCESS,nextIndex=142,followerCommit=140,matchIndex=141
2023-03-17 00:26:26,694 INFO  statemachine.StateMachine (ArithmeticStateMachine.java:applyTransaction(182)) - LEADER:s1-141: c = √(a^2 + b^2) = 5513
2023-03-17 00:26:26,695 DEBUG server.RaftServer$Division (RaftServerImpl.java:logAppendEntries(1430)) - s6@group-6E994AD85659: receive appendEntries(s1, 1, (t:1, i:141), 141, true, commits:[s1:c141, s10:c140, s0:c140, s3:c140, s4:c140, s11:c140, s5:c140, s6:c140, s13:c140, s7:c140, s12:c140, s8:c140, s9:c140, s14:c140, s2:c140], cId:7881, entries: [(t:1, i:142), METADATAENTRY(c:141)]
2023-03-17 00:26:26,695 DEBUG server.RaftServer$Division (RaftServerImpl.java:logAppendEntries(1430)) - s2@group-6E994AD85659: receive appendEntries(s1, 1, (t:1, i:141), 141, true, commits:[s1:c141, s10:c140, s0:c140, s3:c140, s4:c140, s11:c140, s5:c140, s6:c140, s13:c140, s7:c140, s12:c140, s8:c140, s9:c140, s14:c140, s2:c140], cId:7888, entries: [(t:1, i:142), METADATAENTRY(c:141)]
2023-03-17 00:26:26,695 DEBUG server.RaftServer$Division (RaftServerImpl.java:logAppendEntries(1430)) - s14@group-6E994AD85659: receive appendEntries(s1, 1, (t:1, i:141), 141, true, commits:[s1:c141, s10:c140, s0:c140, s3:c140, s4:c140, s11:c140, s5:c140, s6:c140, s13:c140, s7:c140, s12:c140, s8:c140, s9:c140, s14:c140, s2:c140], cId:7883, entries: [(t:1, i:142), METADATAENTRY(c:141)]
2023-03-17 00:26:26,696 DEBUG server.RaftServer$Division (RaftServerImpl.java:logAppendEntries(1430)) - s10@group-6E994AD85659: receive appendEntries(s1, 1, (t:1, i:141), 141, true, commits:[s1:c141, s10:c140, s0:c140, s3:c140, s4:c140, s11:c140, s5:c140, s6:c140, s13:c140, s7:c140, s12:c140, s8:c140, s9:c140, s14:c140, s2:c140], cId:7882, entries: [(t:1, i:142), METADATAENTRY(c:141)]
2023-03-17 00:26:26,696 DEBUG server.RaftServer$Division (RaftServerImpl.java:logAppendEntries(1430)) - s11@group-6E994AD85659: receive appendEntries(s1, 1, (t:1, i:141), 141, true, commits:[s1:c141, s10:c140, s0:c140, s3:c140, s4:c140, s11:c140, s5:c140, s6:c140, s13:c140, s7:c140, s12:c140, s8:c140, s9:c140, s14:c140, s2:c140], cId:7891, entries: [(t:1, i:142), METADATAENTRY(c:141)]
2023-03-17 00:26:26,696 DEBUG server.RaftServer$Division (RaftServerImpl.java:logAppendEntries(1430)) - s0@group-6E994AD85659: receive appendEntries(s1, 1, (t:1, i:141), 141, true, commits:[s1:c141, s10:c140, s0:c140, s3:c140, s4:c140, s11:c140, s5:c140, s6:c140, s13:c140, s7:c140, s12:c140, s8:c140, s9:c140, s14:c140, s2:c140], cId:7887, entries: [(t:1, i:142), METADATAENTRY(c:141)]
2023-03-17 00:26:26,696 DEBUG server.RaftServer$Division (RaftServerImpl.java:logAppendEntries(1430)) - s8@group-6E994AD85659: receive appendEntries(s1, 1, (t:1, i:141), 141, true, commits:[s1:c141, s10:c140, s0:c140, s3:c140, s4:c140, s11:c140, s5:c140, s6:c140, s13:c140, s7:c140, s12:c140, s8:c140, s9:c140, s14:c140, s2:c140], cId:7889, entries: [(t:1, i:142), METADATAENTRY(c:141)]
2023-03-17 00:26:26,697 DEBUG server.RaftServer$Division (RaftServerImpl.java:logAppendEntries(1430)) - s12@group-6E994AD85659: receive appendEntries(s1, 1, (t:1, i:141), 141, true, commits:[s1:c141, s10:c140, s0:c140, s3:c140, s4:c140, s11:c140, s5:c140, s6:c140, s13:c140, s7:c140, s12:c140, s8:c140, s9:c140, s14:c140, s2:c140], cId:7884, entries: [(t:1, i:142), METADATAENTRY(c:141)]
2023-03-17 00:26:26,697 DEBUG server.RaftServer$Division (RaftServerImpl.java:logAppendEntries(1430)) - s4@group-6E994AD85659: receive appendEntries(s1, 1, (t:1, i:141), 141, true, commits:[s1:c141, s10:c140, s0:c140, s3:c140, s4:c140, s11:c140, s5:c140, s6:c140, s13:c140, s7:c140, s12:c140, s8:c140, s9:c140, s14:c140, s2:c140], cId:7886, entries: [(t:1, i:142), METADATAENTRY(c:141)]
2023-03-17 00:26:26,697 DEBUG server.RaftServer$Division (RaftServerImpl.java:logAppendEntries(1430)) - s3@group-6E994AD85659: receive appendEntries(s1, 1, (t:1, i:141), 141, true, commits:[s1:c141, s10:c140, s0:c140, s3:c140, s4:c140, s11:c140, s5:c140, s6:c140, s13:c140, s7:c140, s12:c140, s8:c140, s9:c140, s14:c140, s2:c140], cId:7885, entries: [(t:1, i:142), METADATAENTRY(c:141)]
2023-03-17 00:26:26,697 DEBUG server.RaftServer$Division (RaftServerImpl.java:logAppendEntries(1430)) - s7@group-6E994AD85659: receive appendEntries(s1, 1, (t:1, i:141), 141, true, commits:[s1:c141, s10:c140, s0:c140, s3:c140, s4:c140, s11:c140, s5:c140, s6:c140, s13:c140, s7:c140, s12:c140, s8:c140, s9:c140, s14:c140, s2:c140], cId:7890, entries: [(t:1, i:142), METADATAENTRY(c:141)]
2023-03-17 00:26:26,697 DEBUG server.RaftServer$Division (RaftServerImpl.java:logAppendEntries(1430)) - s13@group-6E994AD85659: receive appendEntries(s1, 1, (t:1, i:141), 141, true, commits:[s1:c141, s10:c140, s0:c140, s3:c140, s4:c140, s11:c140, s5:c140, s6:c140, s13:c140, s7:c140, s12:c140, s8:c140, s9:c140, s14:c140, s2:c140], cId:7893, entries: [(t:1, i:142), METADATAENTRY(c:141)]
2023-03-17 00:26:26,698 DEBUG server.RaftServer$Division (RaftServerImpl.java:logAppendEntries(1430)) - s9@group-6E994AD85659: receive appendEntries(s1, 1, (t:1, i:141), 141, true, commits:[s1:c141, s10:c140, s0:c140, s3:c140, s4:c140, s11:c140, s5:c140, s6:c140, s13:c140, s7:c140, s12:c140, s8:c140, s9:c140, s14:c140, s2:c140], cId:7894, entries: [(t:1, i:142), METADATAENTRY(c:141)]
2023-03-17 00:26:26,698 DEBUG server.RaftServer$Division (RaftServerImpl.java:submitClientRequestAsync(835)) - s1@group-6E994AD85659: receive client request(RaftClientRequest:client-E8995F8E72F5->s1@group-6E994AD85659, cid=7895, seq=0, RW, Message:01016100)
2023-03-17 00:26:26,698 DEBUG server.RaftServer$Division (RaftServerImpl.java:logAppendEntries(1430)) - s3@group-6E994AD85659: succeeded to handle AppendEntries. Reply: s1<-s3#7885:OK-t1,SUCCESS,nextIndex=143,followerCommit=141,matchIndex=142
2023-03-17 00:26:26,698 DEBUG server.RaftServer$Division (LeaderStateImpl.java:addPendingRequest(474)) - s1@group-6E994AD85659-LeaderStateImpl: addPendingRequest at RaftClientRequest:client-E8995F8E72F5->s1@group-6E994AD85659, cid=7895, seq=0, RW, Message:01016100, entry=(t:1, i:143), STATEMACHINELOGENTRY, 7895@client-E8995F8E72F5
2023-03-17 00:26:26,699 DEBUG server.RaftServer$Division (RaftServerImpl.java:logAppendEntries(1430)) - s4@group-6E994AD85659: succeeded to handle AppendEntries. Reply: s1<-s4#7886:OK-t1,SUCCESS,nextIndex=143,followerCommit=141,matchIndex=142
2023-03-17 00:26:26,699 DEBUG server.RaftServer$Division (RaftServerImpl.java:logAppendEntries(1430)) - s10@group-6E994AD85659: succeeded to handle AppendEntries. Reply: s1<-s10#7882:OK-t1,SUCCESS,nextIndex=143,followerCommit=141,matchIndex=142
2023-03-17 00:26:26,699 DEBUG server.RaftServer$Division (RaftServerImpl.java:logAppendEntries(1430)) - s8@group-6E994AD85659: succeeded to handle AppendEntries. Reply: s1<-s8#7889:OK-t1,SUCCESS,nextIndex=143,followerCommit=141,matchIndex=142
2023-03-17 00:26:26,699 DEBUG server.RaftServer$Division (RaftServerImpl.java:logAppendEntries(1430)) - s14@group-6E994AD85659: succeeded to handle AppendEntries. Reply: s1<-s14#7883:OK-t1,SUCCESS,nextIndex=143,followerCommit=141,matchIndex=142
2023-03-17 00:26:26,699 DEBUG server.RaftServer$Division (RaftServerImpl.java:logAppendEntries(1430)) - s12@group-6E994AD85659: succeeded to handle AppendEntries. Reply: s1<-s12#7884:OK-t1,SUCCESS,nextIndex=143,followerCommit=141,matchIndex=142
2023-03-17 00:26:26,699 DEBUG server.RaftServer$Division (RaftServerImpl.java:logAppendEntries(1430)) - s6@group-6E994AD85659: succeeded to handle AppendEntries. Reply: s1<-s6#7881:OK-t1,SUCCESS,nextIndex=143,followerCommit=141,matchIndex=142
2023-03-17 00:26:26,698 DEBUG server.RaftServer$Division (RaftServerImpl.java:logAppendEntries(1430)) - s0@group-6E994AD85659: succeeded to handle AppendEntries. Reply: s1<-s0#7887:OK-t1,SUCCESS,nextIndex=143,followerCommit=141,matchIndex=142
2023-03-17 00:26:26,700 DEBUG server.RaftServer$Division (RaftServerImpl.java:logAppendEntries(1430)) - s2@group-6E994AD85659: succeeded to handle AppendEntries. Reply: s1<-s2#7888:OK-t1,SUCCESS,nextIndex=143,followerCommit=141,matchIndex=142
2023-03-17 00:26:26,698 DEBUG server.RaftServer$Division (RaftServerImpl.java:logAppendEntries(1430)) - s11@group-6E994AD85659: succeeded to handle AppendEntries. Reply: s1<-s11#7891:OK-t1,SUCCESS,nextIndex=143,followerCommit=141,matchIndex=142
2023-03-17 00:26:26,700 DEBUG server.RaftServer$Division (RaftServerImpl.java:logAppendEntries(1430)) - s5@group-6E994AD85659: receive appendEntries(s1, 1, (t:1, i:141), 141, true, commits:[s1:c141, s10:c140, s0:c140, s3:c140, s4:c140, s11:c140, s5:c140, s6:c140, s13:c140, s7:c140, s12:c140, s8:c140, s9:c140, s14:c140, s2:c140], cId:7892, entries: [(t:1, i:142), METADATAENTRY(c:141)]
2023-03-17 00:26:26,701 DEBUG server.RaftServer$Division (RaftServerImpl.java:logAppendEntries(1430)) - s5@group-6E994AD85659: succeeded to handle AppendEntries. Reply: s1<-s5#7892:OK-t1,SUCCESS,nextIndex=143,followerCommit=141,matchIndex=142
2023-03-17 00:26:26,701 DEBUG server.RaftServer$Division (RaftServerImpl.java:logAppendEntries(1430)) - s8@group-6E994AD85659: receive appendEntries(s1, 1, (t:1, i:142), 141, true, commits:[s1:c141, s10:c140, s0:c140, s3:c140, s4:c141, s11:c140, s5:c140, s6:c140, s13:c140, s7:c140, s12:c140, s8:c141, s9:c140, s14:c140, s2:c140], cId:7897, entries: [(t:1, i:143), STATEMACHINELOGENTRY, 7895@client-E8995F8E72F5]
2023-03-17 00:26:26,701 DEBUG server.RaftServer$Division (RaftServerImpl.java:logAppendEntries(1430)) - s6@group-6E994AD85659: receive appendEntries(s1, 1, (t:1, i:142), 141, true, commits:[s1:c141, s10:c141, s0:c141, s3:c140, s4:c141, s11:c140, s5:c140, s6:c141, s13:c140, s7:c140, s12:c140, s8:c141, s9:c140, s14:c141, s2:c141], cId:7902, entries: [(t:1, i:143), STATEMACHINELOGENTRY, 7895@client-E8995F8E72F5]
2023-03-17 00:26:26,701 DEBUG server.RaftServer$Division (RaftServerImpl.java:logAppendEntries(1430)) - s8@group-6E994AD85659: succeeded to handle AppendEntries. Reply: s1<-s8#7897:OK-t1,SUCCESS,nextIndex=144,followerCommit=141,matchIndex=143
2023-03-17 00:26:26,702 DEBUG server.RaftServer$Division (RaftServerImpl.java:logAppendEntries(1430)) - s14@group-6E994AD85659: receive appendEntries(s1, 1, (t:1, i:142), 141, true, commits:[s1:c141, s10:c140, s0:c140, s3:c140, s4:c141, s11:c140, s5:c140, s6:c140, s13:c140, s7:c140, s12:c140, s8:c141, s9:c140, s14:c141, s2:c140], cId:7898, entries: [(t:1, i:143), STATEMACHINELOGENTRY, 7895@client-E8995F8E72F5]
2023-03-17 00:26:26,702 DEBUG server.RaftServer$Division (RaftServerImpl.java:logAppendEntries(1430)) - s6@group-6E994AD85659: succeeded to handle AppendEntries. Reply: s1<-s6#7902:OK-t1,SUCCESS,nextIndex=144,followerCommit=141,matchIndex=143
2023-03-17 00:26:26,702 DEBUG server.RaftServer$Division (RaftServerImpl.java:logAppendEntries(1430)) - s11@group-6E994AD85659: receive appendEntries(s1, 1, (t:1, i:142), 142, true, commits:[s1:c142, s10:c141, s0:c141, s3:c140, s4:c141, s11:c141, s5:c140, s6:c141, s13:c140, s7:c140, s12:c140, s8:c141, s9:c140, s14:c141, s2:c141], cId:7903, entries: [(t:1, i:143), STATEMACHINELOGENTRY, 7895@client-E8995F8E72F5]
2023-03-17 00:26:26,702 DEBUG server.RaftServer$Division (RaftServerImpl.java:logAppendEntries(1430)) - s14@group-6E994AD85659: succeeded to handle AppendEntries. Reply: s1<-s14#7898:OK-t1,SUCCESS,nextIndex=144,followerCommit=141,matchIndex=143
2023-03-17 00:26:26,703 DEBUG server.RaftServer$Division (RaftServerImpl.java:logAppendEntries(1430)) - s3@group-6E994AD85659: receive appendEntries(s1, 1, (t:1, i:142), 142, true, commits:[s1:c142, s10:c141, s0:c141, s3:c141, s4:c141, s11:c141, s5:c140, s6:c141, s13:c140, s7:c140, s12:c140, s8:c141, s9:c140, s14:c141, s2:c141], cId:7904, entries: [(t:1, i:143), STATEMACHINELOGENTRY, 7895@client-E8995F8E72F5]
2023-03-17 00:26:26,700 DEBUG server.RaftServer$Division (RaftServerImpl.java:logAppendEntries(1430)) - s4@group-6E994AD85659: receive appendEntries(s1, 1, (t:1, i:142), 141, true, commits:[s1:c141, s10:c140, s0:c140, s3:c140, s4:c141, s11:c140, s5:c140, s6:c140, s13:c140, s7:c140, s12:c140, s8:c140, s9:c140, s14:c140, s2:c140], cId:7896, entries: [(t:1, i:143), STATEMACHINELOGENTRY, 7895@client-E8995F8E72F5]
2023-03-17 00:26:26,703 DEBUG server.RaftServer$Division (RaftServerImpl.java:logAppendEntries(1430)) - s12@group-6E994AD85659: receive appendEntries(s1, 1, (t:1, i:142), 142, true, commits:[s1:c142, s10:c141, s0:c141, s3:c141, s4:c141, s11:c141, s5:c140, s6:c141, s13:c140, s7:c140, s12:c141, s8:c141, s9:c140, s14:c141, s2:c141], cId:7905, entries: [(t:1, i:143), STATEMACHINELOGENTRY, 7895@client-E8995F8E72F5]
2023-03-17 00:26:26,699 DEBUG server.RaftServer$Division (RaftServerImpl.java:logAppendEntries(1430)) - s9@group-6E994AD85659: succeeded to handle AppendEntries. Reply: s1<-s9#7894:OK-t1,SUCCESS,nextIndex=143,followerCommit=141,matchIndex=142
2023-03-17 00:26:26,699 DEBUG server.RaftServer$Division (RaftServerImpl.java:logAppendEntries(1430)) - s13@group-6E994AD85659: succeeded to handle AppendEntries. Reply: s1<-s13#7893:OK-t1,SUCCESS,nextIndex=143,followerCommit=141,matchIndex=142
2023-03-17 00:26:26,699 DEBUG server.RaftServer$Division (RaftServerImpl.java:logAppendEntries(1430)) - s7@group-6E994AD85659: succeeded to handle AppendEntries. Reply: s1<-s7#7890:OK-t1,SUCCESS,nextIndex=143,followerCommit=141,matchIndex=142
2023-03-17 00:26:26,703 DEBUG server.RaftServer$Division (RaftServerImpl.java:logAppendEntries(1430)) - s11@group-6E994AD85659: succeeded to handle AppendEntries. Reply: s1<-s11#7903:OK-t1,SUCCESS,nextIndex=144,followerCommit=142,matchIndex=143
2023-03-17 00:26:26,704 DEBUG server.RaftServer$Division (RaftServerImpl.java:logAppendEntries(1430)) - s12@group-6E994AD85659: succeeded to handle AppendEntries. Reply: s1<-s12#7905:OK-t1,SUCCESS,nextIndex=144,followerCommit=142,matchIndex=143
2023-03-17 00:26:26,704 DEBUG server.RaftServer$Division (RaftServerImpl.java:logAppendEntries(1430)) - s4@group-6E994AD85659: succeeded to handle AppendEntries. Reply: s1<-s4#7896:OK-t1,SUCCESS,nextIndex=144,followerCommit=141,matchIndex=143
2023-03-17 00:26:26,704 DEBUG server.RaftServer$Division (RaftServerImpl.java:logAppendEntries(1430)) - s2@group-6E994AD85659: receive appendEntries(s1, 1, (t:1, i:142), 141, true, commits:[s1:c141, s10:c140, s0:c141, s3:c140, s4:c141, s11:c140, s5:c140, s6:c140, s13:c140, s7:c140, s12:c140, s8:c141, s9:c140, s14:c141, s2:c141], cId:7900, entries: [(t:1, i:143), STATEMACHINELOGENTRY, 7895@client-E8995F8E72F5]
2023-03-17 00:26:26,705 DEBUG server.RaftServer$Division (RaftServerImpl.java:logAppendEntries(1430)) - s10@group-6E994AD85659: receive appendEntries(s1, 1, (t:1, i:142), 141, true, commits:[s1:c141, s10:c141, s0:c141, s3:c140, s4:c141, s11:c140, s5:c140, s6:c140, s13:c140, s7:c140, s12:c140, s8:c141, s9:c140, s14:c141, s2:c141], cId:7901, entries: [(t:1, i:143), STATEMACHINELOGENTRY, 7895@client-E8995F8E72F5]
2023-03-17 00:26:26,702 DEBUG server.RaftServer$Division (RaftServerImpl.java:logAppendEntries(1430)) - s0@group-6E994AD85659: receive appendEntries(s1, 1, (t:1, i:142), 141, true, commits:[s1:c141, s10:c140, s0:c141, s3:c140, s4:c141, s11:c140, s5:c140, s6:c140, s13:c140, s7:c140, s12:c140, s8:c141, s9:c140, s14:c141, s2:c140], cId:7899, entries: [(t:1, i:143), STATEMACHINELOGENTRY, 7895@client-E8995F8E72F5]
2023-03-17 00:26:26,705 DEBUG server.RaftServer$Division (RaftServerImpl.java:logAppendEntries(1430)) - s2@group-6E994AD85659: succeeded to handle AppendEntries. Reply: s1<-s2#7900:OK-t1,SUCCESS,nextIndex=144,followerCommit=141,matchIndex=143
2023-03-17 00:26:26,704 DEBUG server.RaftServer$Division (RaftServerImpl.java:logAppendEntries(1430)) - s3@group-6E994AD85659: succeeded to handle AppendEntries. Reply: s1<-s3#7904:OK-t1,SUCCESS,nextIndex=144,followerCommit=142,matchIndex=143
2023-03-17 00:26:26,705 DEBUG server.RaftServer$Division (RaftServerImpl.java:logAppendEntries(1430)) - s10@group-6E994AD85659: succeeded to handle AppendEntries. Reply: s1<-s10#7901:OK-t1,SUCCESS,nextIndex=144,followerCommit=141,matchIndex=143
2023-03-17 00:26:26,705 DEBUG server.RaftServer$Division (RaftServerImpl.java:logAppendEntries(1430)) - s0@group-6E994AD85659: succeeded to handle AppendEntries. Reply: s1<-s0#7899:OK-t1,SUCCESS,nextIndex=144,followerCommit=141,matchIndex=143
2023-03-17 00:26:26,706 DEBUG server.RaftServer$Division (RaftServerImpl.java:logAppendEntries(1430)) - s9@group-6E994AD85659: receive appendEntries(s1, 1, (t:1, i:142), 142, true, commits:[s1:c142, s10:c141, s0:c141, s3:c141, s4:c141, s11:c142, s5:c141, s6:c141, s13:c141, s7:c140, s12:c141, s8:c141, s9:c141, s14:c141, s2:c141], cId:7907, entries: [(t:1, i:143), STATEMACHINELOGENTRY, 7895@client-E8995F8E72F5]
2023-03-17 00:26:26,705 DEBUG server.RaftServer$Division (RaftServerImpl.java:logAppendEntries(1430)) - s13@group-6E994AD85659: receive appendEntries(s1, 1, (t:1, i:142), 142, true, commits:[s1:c142, s10:c141, s0:c141, s3:c141, s4:c141, s11:c142, s5:c140, s6:c141, s13:c141, s7:c140, s12:c141, s8:c141, s9:c140, s14:c141, s2:c141], cId:7906, entries: [(t:1, i:143), STATEMACHINELOGENTRY, 7895@client-E8995F8E72F5]
2023-03-17 00:26:26,706 DEBUG server.RaftServer$Division (RaftServerImpl.java:logAppendEntries(1430)) - s7@group-6E994AD85659: receive appendEntries(s1, 1, (t:1, i:142), 142, true, commits:[s1:c142, s10:c141, s0:c141, s3:c141, s4:c141, s11:c142, s5:c141, s6:c141, s13:c141, s7:c141, s12:c141, s8:c141, s9:c141, s14:c141, s2:c141], cId:7909, entries: [(t:1, i:143), STATEMACHINELOGENTRY, 7895@client-E8995F8E72F5]
2023-03-17 00:26:26,706 DEBUG server.RaftServer$Division (RaftServerImpl.java:logAppendEntries(1430)) - s9@group-6E994AD85659: succeeded to handle AppendEntries. Reply: s1<-s9#7907:OK-t1,SUCCESS,nextIndex=144,followerCommit=142,matchIndex=143
2023-03-17 00:26:26,706 DEBUG server.RaftServer$Division (RaftServerImpl.java:logAppendEntries(1430)) - s13@group-6E994AD85659: succeeded to handle AppendEntries. Reply: s1<-s13#7906:OK-t1,SUCCESS,nextIndex=144,followerCommit=142,matchIndex=143
2023-03-17 00:26:26,706 DEBUG server.RaftServer$Division (RaftServerImpl.java:logAppendEntries(1430)) - s7@group-6E994AD85659: succeeded to handle AppendEntries. Reply: s1<-s7#7909:OK-t1,SUCCESS,nextIndex=144,followerCommit=142,matchIndex=143
2023-03-17 00:26:26,707 DEBUG server.RaftServer$Division (RaftServerImpl.java:logAppendEntries(1430)) - s5@group-6E994AD85659: receive appendEntries(s1, 1, (t:1, i:142), 142, true, commits:[s1:c142, s10:c141, s0:c141, s3:c141, s4:c141, s11:c142, s5:c141, s6:c141, s13:c141, s7:c140, s12:c141, s8:c141, s9:c141, s14:c141, s2:c141], cId:7908, entries: [(t:1, i:143), STATEMACHINELOGENTRY, 7895@client-E8995F8E72F5]
2023-03-17 00:26:26,707 INFO  statemachine.StateMachine (ArithmeticStateMachine.java:applyTransaction(182)) - LEADER:s1-143: a = null = null
2023-03-17 00:26:26,708 DEBUG server.RaftServer$Division (RaftServerImpl.java:logAppendEntries(1430)) - s5@group-6E994AD85659: succeeded to handle AppendEntries. Reply: s1<-s5#7908:OK-t1,SUCCESS,nextIndex=144,followerCommit=142,matchIndex=143
2023-03-17 00:26:26,708 DEBUG server.RaftServer$Division (RaftServerImpl.java:logAppendEntries(1430)) - s8@group-6E994AD85659: receive appendEntries(s1, 1, (t:1, i:143), 143, true, commits:[s1:c143, s10:c141, s0:c141, s3:c141, s4:c141, s11:c142, s5:c141, s6:c141, s13:c142, s7:c141, s12:c141, s8:c141, s9:c142, s14:c141, s2:c141], cId:7910, entries: [(t:1, i:144), METADATAENTRY(c:143)]
2023-03-17 00:26:26,708 DEBUG server.RaftServer$Division (RaftServerImpl.java:logAppendEntries(1430)) - s2@group-6E994AD85659: receive appendEntries(s1, 1, (t:1, i:143), 143, true, commits:[s1:c143, s10:c141, s0:c141, s3:c141, s4:c141, s11:c142, s5:c141, s6:c141, s13:c142, s7:c141, s12:c141, s8:c141, s9:c142, s14:c141, s2:c141], cId:7912, entries: [(t:1, i:144), METADATAENTRY(c:143)]
2023-03-17 00:26:26,708 DEBUG server.RaftServer$Division (RaftServerImpl.java:logAppendEntries(1430)) - s8@group-6E994AD85659: succeeded to handle AppendEntries. Reply: s1<-s8#7910:OK-t1,SUCCESS,nextIndex=145,followerCommit=143,matchIndex=144
2023-03-17 00:26:26,709 DEBUG server.RaftServer$Division (RaftServerImpl.java:logAppendEntries(1430)) - s6@group-6E994AD85659: receive appendEntries(s1, 1, (t:1, i:143), 143, true, commits:[s1:c143, s10:c141, s0:c141, s3:c141, s4:c141, s11:c142, s5:c141, s6:c141, s13:c142, s7:c141, s12:c141, s8:c141, s9:c142, s14:c141, s2:c141], cId:7913, entries: [(t:1, i:144), METADATAENTRY(c:143)]
2023-03-17 00:26:26,709 DEBUG server.RaftServer$Division (RaftServerImpl.java:logAppendEntries(1430)) - s2@group-6E994AD85659: succeeded to handle AppendEntries. Reply: s1<-s2#7912:OK-t1,SUCCESS,nextIndex=145,followerCommit=143,matchIndex=144
2023-03-17 00:26:26,709 DEBUG server.RaftServer$Division (RaftServerImpl.java:logAppendEntries(1430)) - s6@group-6E994AD85659: succeeded to handle AppendEntries. Reply: s1<-s6#7913:OK-t1,SUCCESS,nextIndex=145,followerCommit=143,matchIndex=144
2023-03-17 00:26:26,710 DEBUG server.RaftServer$Division (RaftServerImpl.java:logAppendEntries(1430)) - s5@group-6E994AD85659: receive appendEntries(s1, 1, (t:1, i:143), 143, true, commits:[s1:c143, s10:c141, s0:c141, s3:c141, s4:c141, s11:c142, s5:c142, s6:c141, s13:c142, s7:c141, s12:c141, s8:c141, s9:c142, s14:c141, s2:c141], cId:7917, entries: [(t:1, i:144), METADATAENTRY(c:143)]
2023-03-17 00:26:26,710 DEBUG server.RaftServer$Division (RaftServerImpl.java:logAppendEntries(1430)) - s11@group-6E994AD85659: receive appendEntries(s1, 1, (t:1, i:143), 143, true, commits:[s1:c143, s10:c141, s0:c141, s3:c141, s4:c141, s11:c142, s5:c141, s6:c141, s13:c142, s7:c141, s12:c141, s8:c141, s9:c142, s14:c141, s2:c141], cId:7914, entries: [(t:1, i:144), METADATAENTRY(c:143)]
2023-03-17 00:26:26,710 DEBUG server.RaftServer$Division (RaftServerImpl.java:logAppendEntries(1430)) - s12@group-6E994AD85659: receive appendEntries(s1, 1, (t:1, i:143), 143, true, commits:[s1:c143, s10:c141, s0:c141, s3:c141, s4:c141, s11:c142, s5:c142, s6:c141, s13:c142, s7:c141, s12:c142, s8:c141, s9:c142, s14:c141, s2:c141], cId:7918, entries: [(t:1, i:144), METADATAENTRY(c:143)]
2023-03-17 00:26:26,711 DEBUG server.RaftServer$Division (RaftServerImpl.java:logAppendEntries(1430)) - s3@group-6E994AD85659: receive appendEntries(s1, 1, (t:1, i:143), 143, true, commits:[s1:c143, s10:c141, s0:c141, s3:c142, s4:c141, s11:c142, s5:c142, s6:c141, s13:c142, s7:c141, s12:c142, s8:c141, s9:c142, s14:c141, s2:c141], cId:7919, entries: [(t:1, i:144), METADATAENTRY(c:143)]
2023-03-17 00:26:26,711 DEBUG server.RaftServer$Division (RaftServerImpl.java:logAppendEntries(1430)) - s9@group-6E994AD85659: receive appendEntries(s1, 1, (t:1, i:143), 143, true, commits:[s1:c143, s10:c141, s0:c141, s3:c141, s4:c141, s11:c142, s5:c141, s6:c141, s13:c142, s7:c141, s12:c141, s8:c141, s9:c142, s14:c141, s2:c141], cId:7915, entries: [(t:1, i:144), METADATAENTRY(c:143)]
2023-03-17 00:26:26,711 DEBUG server.RaftServer$Division (RaftServerImpl.java:logAppendEntries(1430)) - s4@group-6E994AD85659: receive appendEntries(s1, 1, (t:1, i:143), 143, true, commits:[s1:c143, s10:c141, s0:c141, s3:c141, s4:c141, s11:c142, s5:c141, s6:c141, s13:c142, s7:c141, s12:c141, s8:c141, s9:c142, s14:c141, s2:c141], cId:7911, entries: [(t:1, i:144), METADATAENTRY(c:143)]
2023-03-17 00:26:26,711 DEBUG server.RaftServer$Division (RaftServerImpl.java:logAppendEntries(1430)) - s13@group-6E994AD85659: receive appendEntries(s1, 1, (t:1, i:143), 143, true, commits:[s1:c143, s10:c141, s0:c141, s3:c141, s4:c141, s11:c142, s5:c141, s6:c141, s13:c142, s7:c141, s12:c141, s8:c141, s9:c142, s14:c141, s2:c141], cId:7916, entries: [(t:1, i:144), METADATAENTRY(c:143)]
2023-03-17 00:26:26,712 DEBUG server.RaftServer$Division (RaftServerImpl.java:logAppendEntries(1430)) - s0@group-6E994AD85659: receive appendEntries(s1, 1, (t:1, i:143), 143, true, commits:[s1:c143, s10:c141, s0:c141, s3:c142, s4:c141, s11:c142, s5:c142, s6:c141, s13:c142, s7:c141, s12:c142, s8:c141, s9:c142, s14:c141, s2:c141], cId:7920, entries: [(t:1, i:144), METADATAENTRY(c:143)]
2023-03-17 00:26:26,712 DEBUG server.RaftServer$Division (RaftServerImpl.java:logAppendEntries(1430)) - s14@group-6E994AD85659: receive appendEntries(s1, 1, (t:1, i:143), 143, true, commits:[s1:c143, s10:c141, s0:c141, s3:c142, s4:c141, s11:c142, s5:c142, s6:c141, s13:c142, s7:c141, s12:c142, s8:c141, s9:c142, s14:c141, s2:c141], cId:7921, entries: [(t:1, i:144), METADATAENTRY(c:143)]
2023-03-17 00:26:26,712 DEBUG server.RaftServer$Division (RaftServerImpl.java:logAppendEntries(1430)) - s12@group-6E994AD85659: succeeded to handle AppendEntries. Reply: s1<-s12#7918:OK-t1,SUCCESS,nextIndex=145,followerCommit=143,matchIndex=144
2023-03-17 00:26:26,713 DEBUG server.RaftServer$Division (RaftServerImpl.java:logAppendEntries(1430)) - s0@group-6E994AD85659: succeeded to handle AppendEntries. Reply: s1<-s0#7920:OK-t1,SUCCESS,nextIndex=145,followerCommit=143,matchIndex=144
2023-03-17 00:26:26,713 DEBUG server.RaftServer$Division (RaftServerImpl.java:logAppendEntries(1430)) - s4@group-6E994AD85659: succeeded to handle AppendEntries. Reply: s1<-s4#7911:OK-t1,SUCCESS,nextIndex=145,followerCommit=143,matchIndex=144
2023-03-17 00:26:26,713 DEBUG server.RaftServer$Division (RaftServerImpl.java:logAppendEntries(1430)) - s13@group-6E994AD85659: succeeded to handle AppendEntries. Reply: s1<-s13#7916:OK-t1,SUCCESS,nextIndex=145,followerCommit=143,matchIndex=144
2023-03-17 00:26:26,713 DEBUG server.RaftServer$Division (RaftServerImpl.java:logAppendEntries(1430)) - s14@group-6E994AD85659: succeeded to handle AppendEntries. Reply: s1<-s14#7921:OK-t1,SUCCESS,nextIndex=145,followerCommit=143,matchIndex=144
2023-03-17 00:26:26,713 DEBUG server.RaftServer$Division (RaftServerImpl.java:logAppendEntries(1430)) - s3@group-6E994AD85659: succeeded to handle AppendEntries. Reply: s1<-s3#7919:OK-t1,SUCCESS,nextIndex=145,followerCommit=143,matchIndex=144
2023-03-17 00:26:26,710 DEBUG server.RaftServer$Division (RaftServerImpl.java:logAppendEntries(1430)) - s11@group-6E994AD85659: succeeded to handle AppendEntries. Reply: s1<-s11#7914:OK-t1,SUCCESS,nextIndex=145,followerCommit=143,matchIndex=144
2023-03-17 00:26:26,713 DEBUG server.RaftServer$Division (RaftServerImpl.java:logAppendEntries(1430)) - s9@group-6E994AD85659: succeeded to handle AppendEntries. Reply: s1<-s9#7915:OK-t1,SUCCESS,nextIndex=145,followerCommit=143,matchIndex=144
2023-03-17 00:26:26,714 DEBUG server.RaftServer$Division (RaftServerImpl.java:logAppendEntries(1430)) - s5@group-6E994AD85659: succeeded to handle AppendEntries. Reply: s1<-s5#7917:OK-t1,SUCCESS,nextIndex=145,followerCommit=143,matchIndex=144
2023-03-17 00:26:26,715 DEBUG server.RaftServer$Division (RaftServerImpl.java:logAppendEntries(1430)) - s10@group-6E994AD85659: receive appendEntries(s1, 1, (t:1, i:143), 143, true, commits:[s1:c143, s10:c141, s0:c143, s3:c142, s4:c141, s11:c142, s5:c142, s6:c143, s13:c142, s7:c141, s12:c142, s8:c143, s9:c142, s14:c143, s2:c143], cId:7922, entries: [(t:1, i:144), METADATAENTRY(c:143)]
2023-03-17 00:26:26,716 DEBUG server.RaftServer$Division (RaftServerImpl.java:logAppendEntries(1430)) - s10@group-6E994AD85659: succeeded to handle AppendEntries. Reply: s1<-s10#7922:OK-t1,SUCCESS,nextIndex=145,followerCommit=143,matchIndex=144
2023-03-17 00:26:26,717 DEBUG server.RaftServer$Division (RaftServerImpl.java:logAppendEntries(1430)) - s7@group-6E994AD85659: receive appendEntries(s1, 1, (t:1, i:143), 144, true, commits:[s1:c144, s10:c141, s0:c143, s3:c143, s4:c141, s11:c142, s5:c142, s6:c143, s13:c143, s7:c142, s12:c143, s8:c143, s9:c142, s14:c143, s2:c143], cId:7923, entries: [(t:1, i:144), METADATAENTRY(c:143)]
2023-03-17 00:26:26,717 DEBUG server.RaftServer$Division (RaftServerImpl.java:logAppendEntries(1430)) - s7@group-6E994AD85659: succeeded to handle AppendEntries. Reply: s1<-s7#7923:OK-t1,SUCCESS,nextIndex=145,followerCommit=144,matchIndex=144
2023-03-17 00:26:26,719 DEBUG server.RaftServer$Division (RaftServerImpl.java:submitClientRequestAsync(835)) - s1@group-6E994AD85659: receive client request(RaftClientRequest:client-E8995F8E72F5->s1@group-6E994AD85659, cid=7924, seq=0, RW, Message:01016200)
2023-03-17 00:26:26,719 DEBUG server.RaftServer$Division (LeaderStateImpl.java:addPendingRequest(474)) - s1@group-6E994AD85659-LeaderStateImpl: addPendingRequest at RaftClientRequest:client-E8995F8E72F5->s1@group-6E994AD85659, cid=7924, seq=0, RW, Message:01016200, entry=(t:1, i:145), STATEMACHINELOGENTRY, 7924@client-E8995F8E72F5
2023-03-17 00:26:26,719 DEBUG server.RaftServer$Division (RaftServerImpl.java:logAppendEntries(1430)) - s10@group-6E994AD85659: receive appendEntries(s1, 1, (t:1, i:144), 144, true, commits:[s1:c144, s10:c143, s0:c143, s3:c143, s4:c143, s11:c143, s5:c143, s6:c143, s13:c143, s7:c144, s12:c143, s8:c143, s9:c143, s14:c143, s2:c143], cId:7925, entries: [(t:1, i:145), STATEMACHINELOGENTRY, 7924@client-E8995F8E72F5]
2023-03-17 00:26:26,719 DEBUG server.RaftServer$Division (RaftServerImpl.java:logAppendEntries(1430)) - s0@group-6E994AD85659: receive appendEntries(s1, 1, (t:1, i:144), 144, true, commits:[s1:c144, s10:c143, s0:c143, s3:c143, s4:c143, s11:c143, s5:c143, s6:c143, s13:c143, s7:c144, s12:c143, s8:c143, s9:c143, s14:c143, s2:c143], cId:7926, entries: [(t:1, i:145), STATEMACHINELOGENTRY, 7924@client-E8995F8E72F5]
2023-03-17 00:26:26,720 DEBUG server.RaftServer$Division (RaftServerImpl.java:logAppendEntries(1430)) - s10@group-6E994AD85659: succeeded to handle AppendEntries. Reply: s1<-s10#7925:OK-t1,SUCCESS,nextIndex=146,followerCommit=144,matchIndex=145
2023-03-17 00:26:26,720 DEBUG server.RaftServer$Division (RaftServerImpl.java:logAppendEntries(1430)) - s0@group-6E994AD85659: succeeded to handle AppendEntries. Reply: s1<-s0#7926:OK-t1,SUCCESS,nextIndex=146,followerCommit=144,matchIndex=145
2023-03-17 00:26:26,720 DEBUG server.RaftServer$Division (RaftServerImpl.java:logAppendEntries(1430)) - s3@group-6E994AD85659: receive appendEntries(s1, 1, (t:1, i:144), 144, true, commits:[s1:c144, s10:c143, s0:c143, s3:c143, s4:c143, s11:c143, s5:c143, s6:c143, s13:c143, s7:c144, s12:c143, s8:c143, s9:c143, s14:c143, s2:c143], cId:7927, entries: [(t:1, i:145), STATEMACHINELOGENTRY, 7924@client-E8995F8E72F5]
2023-03-17 00:26:26,721 DEBUG server.RaftServer$Division (RaftServerImpl.java:logAppendEntries(1430)) - s14@group-6E994AD85659: receive appendEntries(s1, 1, (t:1, i:144), 144, true, commits:[s1:c144, s10:c143, s0:c144, s3:c143, s4:c143, s11:c143, s5:c143, s6:c143, s13:c143, s7:c144, s12:c143, s8:c143, s9:c143, s14:c143, s2:c143], cId:7932, entries: [(t:1, i:145), STATEMACHINELOGENTRY, 7924@client-E8995F8E72F5]
2023-03-17 00:26:26,721 DEBUG server.RaftServer$Division (RaftServerImpl.java:logAppendEntries(1430)) - s11@group-6E994AD85659: receive appendEntries(s1, 1, (t:1, i:144), 144, true, commits:[s1:c144, s10:c143, s0:c144, s3:c143, s4:c143, s11:c143, s5:c143, s6:c143, s13:c143, s7:c144, s12:c143, s8:c143, s9:c143, s14:c143, s2:c143], cId:7934, entries: [(t:1, i:145), STATEMACHINELOGENTRY, 7924@client-E8995F8E72F5]
2023-03-17 00:26:26,722 DEBUG server.RaftServer$Division (RaftServerImpl.java:logAppendEntries(1430)) - s2@group-6E994AD85659: receive appendEntries(s1, 1, (t:1, i:144), 144, true, commits:[s1:c144, s10:c143, s0:c144, s3:c143, s4:c143, s11:c143, s5:c143, s6:c143, s13:c143, s7:c144, s12:c143, s8:c143, s9:c143, s14:c143, s2:c143], cId:7928, entries: [(t:1, i:145), STATEMACHINELOGENTRY, 7924@client-E8995F8E72F5]
2023-03-17 00:26:26,722 DEBUG server.RaftServer$Division (RaftServerImpl.java:logAppendEntries(1430)) - s8@group-6E994AD85659: receive appendEntries(s1, 1, (t:1, i:144), 144, true, commits:[s1:c144, s10:c143, s0:c144, s3:c143, s4:c143, s11:c143, s5:c143, s6:c143, s13:c143, s7:c144, s12:c143, s8:c143, s9:c143, s14:c143, s2:c143], cId:7929, entries: [(t:1, i:145), STATEMACHINELOGENTRY, 7924@client-E8995F8E72F5]
2023-03-17 00:26:26,723 DEBUG server.RaftServer$Division (RaftServerImpl.java:logAppendEntries(1430)) - s4@group-6E994AD85659: receive appendEntries(s1, 1, (t:1, i:144), 144, true, commits:[s1:c144, s10:c143, s0:c144, s3:c143, s4:c143, s11:c143, s5:c143, s6:c143, s13:c143, s7:c144, s12:c143, s8:c143, s9:c143, s14:c143, s2:c143], cId:7933, entries: [(t:1, i:145), STATEMACHINELOGENTRY, 7924@client-E8995F8E72F5]
2023-03-17 00:26:26,723 DEBUG server.RaftServer$Division (RaftServerImpl.java:logAppendEntries(1430)) - s13@group-6E994AD85659: receive appendEntries(s1, 1, (t:1, i:144), 144, true, commits:[s1:c144, s10:c143, s0:c144, s3:c143, s4:c143, s11:c143, s5:c143, s6:c143, s13:c143, s7:c144, s12:c143, s8:c143, s9:c143, s14:c143, s2:c143], cId:7938, entries: [(t:1, i:145), STATEMACHINELOGENTRY, 7924@client-E8995F8E72F5]
2023-03-17 00:26:26,723 DEBUG server.RaftServer$Division (RaftServerImpl.java:logAppendEntries(1430)) - s7@group-6E994AD85659: receive appendEntries(s1, 1, (t:1, i:144), 144, true, commits:[s1:c144, s10:c143, s0:c144, s3:c143, s4:c143, s11:c143, s5:c143, s6:c143, s13:c143, s7:c144, s12:c143, s8:c143, s9:c143, s14:c143, s2:c143], cId:7937, entries: [(t:1, i:145), STATEMACHINELOGENTRY, 7924@client-E8995F8E72F5]
2023-03-17 00:26:26,723 DEBUG server.RaftServer$Division (RaftServerImpl.java:logAppendEntries(1430)) - s6@group-6E994AD85659: receive appendEntries(s1, 1, (t:1, i:144), 144, true, commits:[s1:c144, s10:c143, s0:c144, s3:c143, s4:c143, s11:c143, s5:c143, s6:c143, s13:c143, s7:c144, s12:c143, s8:c143, s9:c143, s14:c143, s2:c143], cId:7936, entries: [(t:1, i:145), STATEMACHINELOGENTRY, 7924@client-E8995F8E72F5]
2023-03-17 00:26:26,724 DEBUG server.RaftServer$Division (RaftServerImpl.java:logAppendEntries(1430)) - s12@group-6E994AD85659: receive appendEntries(s1, 1, (t:1, i:144), 144, true, commits:[s1:c144, s10:c143, s0:c144, s3:c143, s4:c143, s11:c143, s5:c143, s6:c143, s13:c143, s7:c144, s12:c143, s8:c143, s9:c143, s14:c143, s2:c143], cId:7931, entries: [(t:1, i:145), STATEMACHINELOGENTRY, 7924@client-E8995F8E72F5]
2023-03-17 00:26:26,724 DEBUG server.RaftServer$Division (RaftServerImpl.java:logAppendEntries(1430)) - s8@group-6E994AD85659: succeeded to handle AppendEntries. Reply: s1<-s8#7929:OK-t1,SUCCESS,nextIndex=146,followerCommit=144,matchIndex=145
2023-03-17 00:26:26,724 DEBUG server.RaftServer$Division (RaftServerImpl.java:logAppendEntries(1430)) - s6@group-6E994AD85659: succeeded to handle AppendEntries. Reply: s1<-s6#7936:OK-t1,SUCCESS,nextIndex=146,followerCommit=144,matchIndex=145
2023-03-17 00:26:26,725 DEBUG server.RaftServer$Division (RaftServerImpl.java:logAppendEntries(1430)) - s4@group-6E994AD85659: succeeded to handle AppendEntries. Reply: s1<-s4#7933:OK-t1,SUCCESS,nextIndex=146,followerCommit=144,matchIndex=145
2023-03-17 00:26:26,725 DEBUG server.RaftServer$Division (RaftServerImpl.java:logAppendEntries(1430)) - s7@group-6E994AD85659: succeeded to handle AppendEntries. Reply: s1<-s7#7937:OK-t1,SUCCESS,nextIndex=146,followerCommit=144,matchIndex=145
2023-03-17 00:26:26,725 DEBUG server.RaftServer$Division (RaftServerImpl.java:logAppendEntries(1430)) - s11@group-6E994AD85659: succeeded to handle AppendEntries. Reply: s1<-s11#7934:OK-t1,SUCCESS,nextIndex=146,followerCommit=144,matchIndex=145
2023-03-17 00:26:26,725 DEBUG server.RaftServer$Division (RaftServerImpl.java:logAppendEntries(1430)) - s13@group-6E994AD85659: succeeded to handle AppendEntries. Reply: s1<-s13#7938:OK-t1,SUCCESS,nextIndex=146,followerCommit=144,matchIndex=145
2023-03-17 00:26:26,725 DEBUG server.RaftServer$Division (RaftServerImpl.java:logAppendEntries(1430)) - s14@group-6E994AD85659: succeeded to handle AppendEntries. Reply: s1<-s14#7932:OK-t1,SUCCESS,nextIndex=146,followerCommit=144,matchIndex=145
2023-03-17 00:26:26,723 DEBUG server.RaftServer$Division (RaftServerImpl.java:logAppendEntries(1430)) - s9@group-6E994AD85659: receive appendEntries(s1, 1, (t:1, i:144), 144, true, commits:[s1:c144, s10:c143, s0:c144, s3:c143, s4:c143, s11:c143, s5:c143, s6:c143, s13:c143, s7:c144, s12:c143, s8:c143, s9:c143, s14:c143, s2:c143], cId:7935, entries: [(t:1, i:145), STATEMACHINELOGENTRY, 7924@client-E8995F8E72F5]
2023-03-17 00:26:26,725 DEBUG server.RaftServer$Division (RaftServerImpl.java:logAppendEntries(1430)) - s12@group-6E994AD85659: succeeded to handle AppendEntries. Reply: s1<-s12#7931:OK-t1,SUCCESS,nextIndex=146,followerCommit=144,matchIndex=145
2023-03-17 00:26:26,726 DEBUG server.RaftServer$Division (RaftServerImpl.java:logAppendEntries(1430)) - s5@group-6E994AD85659: receive appendEntries(s1, 1, (t:1, i:144), 144, true, commits:[s1:c144, s10:c143, s0:c144, s3:c143, s4:c143, s11:c143, s5:c143, s6:c143, s13:c143, s7:c144, s12:c143, s8:c143, s9:c143, s14:c143, s2:c143], cId:7930, entries: [(t:1, i:145), STATEMACHINELOGENTRY, 7924@client-E8995F8E72F5]
2023-03-17 00:26:26,726 DEBUG server.RaftServer$Division (RaftServerImpl.java:logAppendEntries(1430)) - s9@group-6E994AD85659: succeeded to handle AppendEntries. Reply: s1<-s9#7935:OK-t1,SUCCESS,nextIndex=146,followerCommit=144,matchIndex=145
2023-03-17 00:26:26,727 DEBUG server.RaftServer$Division (RaftServerImpl.java:logAppendEntries(1430)) - s2@group-6E994AD85659: succeeded to handle AppendEntries. Reply: s1<-s2#7928:OK-t1,SUCCESS,nextIndex=146,followerCommit=144,matchIndex=145
2023-03-17 00:26:26,727 DEBUG server.RaftServer$Division (RaftServerImpl.java:logAppendEntries(1430)) - s5@group-6E994AD85659: succeeded to handle AppendEntries. Reply: s1<-s5#7930:OK-t1,SUCCESS,nextIndex=146,followerCommit=144,matchIndex=145
2023-03-17 00:26:26,727 DEBUG server.RaftServer$Division (RaftServerImpl.java:logAppendEntries(1430)) - s3@group-6E994AD85659: succeeded to handle AppendEntries. Reply: s1<-s3#7927:OK-t1,SUCCESS,nextIndex=146,followerCommit=144,matchIndex=145
2023-03-17 00:26:26,727 INFO  statemachine.StateMachine (ArithmeticStateMachine.java:applyTransaction(182)) - LEADER:s1-145: b = null = null
2023-03-17 00:26:26,728 DEBUG server.RaftServer$Division (RaftServerImpl.java:logAppendEntries(1430)) - s6@group-6E994AD85659: receive appendEntries(s1, 1, (t:1, i:145), 145, true, commits:[s1:c145, s10:c144, s0:c144, s3:c143, s4:c144, s11:c144, s5:c143, s6:c144, s13:c144, s7:c144, s12:c144, s8:c143, s9:c143, s14:c144, s2:c143], cId:7939, entries: [(t:1, i:146), METADATAENTRY(c:145)]
2023-03-17 00:26:26,728 DEBUG server.RaftServer$Division (RaftServerImpl.java:logAppendEntries(1430)) - s4@group-6E994AD85659: receive appendEntries(s1, 1, (t:1, i:145), 145, true, commits:[s1:c145, s10:c144, s0:c144, s3:c143, s4:c144, s11:c144, s5:c143, s6:c144, s13:c144, s7:c144, s12:c144, s8:c143, s9:c143, s14:c144, s2:c143], cId:7940, entries: [(t:1, i:146), METADATAENTRY(c:145)]
2023-03-17 00:26:26,728 DEBUG server.RaftServer$Division (RaftServerImpl.java:logAppendEntries(1430)) - s7@group-6E994AD85659: receive appendEntries(s1, 1, (t:1, i:145), 145, true, commits:[s1:c145, s10:c144, s0:c144, s3:c144, s4:c144, s11:c144, s5:c143, s6:c144, s13:c144, s7:c144, s12:c144, s8:c143, s9:c143, s14:c144, s2:c143], cId:7942, entries: [(t:1, i:146), METADATAENTRY(c:145)]
2023-03-17 00:26:26,728 DEBUG server.RaftServer$Division (RaftServerImpl.java:logAppendEntries(1430)) - s6@group-6E994AD85659: succeeded to handle AppendEntries. Reply: s1<-s6#7939:OK-t1,SUCCESS,nextIndex=147,followerCommit=145,matchIndex=146
2023-03-17 00:26:26,729 DEBUG server.RaftServer$Division (RaftServerImpl.java:logAppendEntries(1430)) - s4@group-6E994AD85659: succeeded to handle AppendEntries. Reply: s1<-s4#7940:OK-t1,SUCCESS,nextIndex=147,followerCommit=145,matchIndex=146
2023-03-17 00:26:26,729 DEBUG server.RaftServer$Division (RaftServerImpl.java:logAppendEntries(1430)) - s3@group-6E994AD85659: receive appendEntries(s1, 1, (t:1, i:145), 145, true, commits:[s1:c145, s10:c144, s0:c144, s3:c144, s4:c144, s11:c144, s5:c143, s6:c144, s13:c144, s7:c144, s12:c144, s8:c143, s9:c143, s14:c144, s2:c143], cId:7941, entries: [(t:1, i:146), METADATAENTRY(c:145)]
2023-03-17 00:26:26,729 DEBUG server.RaftServer$Division (RaftServerImpl.java:logAppendEntries(1430)) - s13@group-6E994AD85659: receive appendEntries(s1, 1, (t:1, i:145), 145, true, commits:[s1:c145, s10:c144, s0:c144, s3:c144, s4:c144, s11:c144, s5:c143, s6:c144, s13:c144, s7:c144, s12:c144, s8:c143, s9:c144, s14:c144, s2:c143], cId:7948, entries: [(t:1, i:146), METADATAENTRY(c:145)]
2023-03-17 00:26:26,729 DEBUG server.RaftServer$Division (RaftServerImpl.java:logAppendEntries(1430)) - s12@group-6E994AD85659: receive appendEntries(s1, 1, (t:1, i:145), 145, true, commits:[s1:c145, s10:c144, s0:c144, s3:c144, s4:c144, s11:c144, s5:c143, s6:c144, s13:c144, s7:c144, s12:c144, s8:c143, s9:c144, s14:c144, s2:c143], cId:7947, entries: [(t:1, i:146), METADATAENTRY(c:145)]
2023-03-17 00:26:26,730 DEBUG server.RaftServer$Division (RaftServerImpl.java:logAppendEntries(1430)) - s13@group-6E994AD85659: succeeded to handle AppendEntries. Reply: s1<-s13#7948:OK-t1,SUCCESS,nextIndex=147,followerCommit=145,matchIndex=146
2023-03-17 00:26:26,730 DEBUG server.RaftServer$Division (RaftServerImpl.java:logAppendEntries(1430)) - s14@group-6E994AD85659: receive appendEntries(s1, 1, (t:1, i:145), 145, true, commits:[s1:c145, s10:c144, s0:c144, s3:c144, s4:c144, s11:c144, s5:c143, s6:c144, s13:c144, s7:c144, s12:c144, s8:c143, s9:c144, s14:c144, s2:c143], cId:7946, entries: [(t:1, i:146), METADATAENTRY(c:145)]
2023-03-17 00:26:26,729 DEBUG server.RaftServer$Division (RaftServerImpl.java:logAppendEntries(1430)) - s7@group-6E994AD85659: succeeded to handle AppendEntries. Reply: s1<-s7#7942:OK-t1,SUCCESS,nextIndex=147,followerCommit=145,matchIndex=146
2023-03-17 00:26:26,731 DEBUG server.RaftServer$Division (RaftServerImpl.java:logAppendEntries(1430)) - s10@group-6E994AD85659: receive appendEntries(s1, 1, (t:1, i:145), 145, true, commits:[s1:c145, s10:c144, s0:c144, s3:c144, s4:c144, s11:c144, s5:c143, s6:c144, s13:c144, s7:c144, s12:c144, s8:c143, s9:c144, s14:c144, s2:c143], cId:7949, entries: [(t:1, i:146), METADATAENTRY(c:145)]
2023-03-17 00:26:26,731 DEBUG server.RaftServer$Division (RaftServerImpl.java:logAppendEntries(1430)) - s0@group-6E994AD85659: receive appendEntries(s1, 1, (t:1, i:145), 145, true, commits:[s1:c145, s10:c144, s0:c144, s3:c144, s4:c144, s11:c144, s5:c143, s6:c144, s13:c144, s7:c144, s12:c144, s8:c143, s9:c143, s14:c144, s2:c143], cId:7943, entries: [(t:1, i:146), METADATAENTRY(c:145)]
2023-03-17 00:26:26,731 DEBUG server.RaftServer$Division (RaftServerImpl.java:logAppendEntries(1430)) - s14@group-6E994AD85659: succeeded to handle AppendEntries. Reply: s1<-s14#7946:OK-t1,SUCCESS,nextIndex=147,followerCommit=145,matchIndex=146
2023-03-17 00:26:26,731 DEBUG server.RaftServer$Division (RaftServerImpl.java:logAppendEntries(1430)) - s11@group-6E994AD85659: receive appendEntries(s1, 1, (t:1, i:145), 145, true, commits:[s1:c145, s10:c144, s0:c144, s3:c144, s4:c144, s11:c144, s5:c143, s6:c144, s13:c144, s7:c144, s12:c144, s8:c143, s9:c143, s14:c144, s2:c143], cId:7944, entries: [(t:1, i:146), METADATAENTRY(c:145)]
2023-03-17 00:26:26,731 DEBUG server.RaftServer$Division (RaftServerImpl.java:logAppendEntries(1430)) - s10@group-6E994AD85659: succeeded to handle AppendEntries. Reply: s1<-s10#7949:OK-t1,SUCCESS,nextIndex=147,followerCommit=145,matchIndex=146
2023-03-17 00:26:26,731 DEBUG server.RaftServer$Division (RaftServerImpl.java:logAppendEntries(1430)) - s0@group-6E994AD85659: succeeded to handle AppendEntries. Reply: s1<-s0#7943:OK-t1,SUCCESS,nextIndex=147,followerCommit=145,matchIndex=146
2023-03-17 00:26:26,731 DEBUG server.RaftServer$Division (RaftServerImpl.java:logAppendEntries(1430)) - s12@group-6E994AD85659: succeeded to handle AppendEntries. Reply: s1<-s12#7947:OK-t1,SUCCESS,nextIndex=147,followerCommit=145,matchIndex=146
2023-03-17 00:26:26,732 DEBUG server.RaftServer$Division (RaftServerImpl.java:logAppendEntries(1430)) - s9@group-6E994AD85659: receive appendEntries(s1, 1, (t:1, i:145), 145, true, commits:[s1:c145, s10:c144, s0:c144, s3:c144, s4:c144, s11:c144, s5:c143, s6:c144, s13:c144, s7:c144, s12:c144, s8:c143, s9:c144, s14:c144, s2:c143], cId:7945, entries: [(t:1, i:146), METADATAENTRY(c:145)]
2023-03-17 00:26:26,732 DEBUG server.RaftServer$Division (RaftServerImpl.java:logAppendEntries(1430)) - s11@group-6E994AD85659: succeeded to handle AppendEntries. Reply: s1<-s11#7944:OK-t1,SUCCESS,nextIndex=147,followerCommit=145,matchIndex=146
2023-03-17 00:26:26,733 DEBUG server.RaftServer$Division (RaftServerImpl.java:logAppendEntries(1430)) - s3@group-6E994AD85659: succeeded to handle AppendEntries. Reply: s1<-s3#7941:OK-t1,SUCCESS,nextIndex=147,followerCommit=145,matchIndex=146
2023-03-17 00:26:26,733 DEBUG server.RaftServer$Division (RaftServerImpl.java:logAppendEntries(1430)) - s2@group-6E994AD85659: receive appendEntries(s1, 1, (t:1, i:145), 145, true, commits:[s1:c145, s10:c144, s0:c144, s3:c144, s4:c145, s11:c144, s5:c143, s6:c144, s13:c144, s7:c144, s12:c144, s8:c144, s9:c144, s14:c144, s2:c144], cId:7951, entries: [(t:1, i:146), METADATAENTRY(c:145)]
2023-03-17 00:26:26,733 DEBUG server.RaftServer$Division (RaftServerImpl.java:logAppendEntries(1430)) - s9@group-6E994AD85659: succeeded to handle AppendEntries. Reply: s1<-s9#7945:OK-t1,SUCCESS,nextIndex=147,followerCommit=145,matchIndex=146
2023-03-17 00:26:26,734 DEBUG server.RaftServer$Division (RaftServerImpl.java:logAppendEntries(1430)) - s5@group-6E994AD85659: receive appendEntries(s1, 1, (t:1, i:145), 145, true, commits:[s1:c145, s10:c144, s0:c144, s3:c144, s4:c145, s11:c144, s5:c144, s6:c144, s13:c144, s7:c144, s12:c144, s8:c144, s9:c144, s14:c144, s2:c144], cId:7952, entries: [(t:1, i:146), METADATAENTRY(c:145)]
2023-03-17 00:26:26,734 DEBUG server.RaftServer$Division (RaftServerImpl.java:submitClientRequestAsync(835)) - s1@group-6E994AD85659: receive client request(RaftClientRequest:client-E8995F8E72F5->s1@group-6E994AD85659, cid=7953, seq=0, RW, Message:01016300)
2023-03-17 00:26:26,734 DEBUG server.RaftServer$Division (RaftServerImpl.java:logAppendEntries(1430)) - s5@group-6E994AD85659: succeeded to handle AppendEntries. Reply: s1<-s5#7952:OK-t1,SUCCESS,nextIndex=147,followerCommit=145,matchIndex=146
2023-03-17 00:26:26,734 DEBUG server.RaftServer$Division (LeaderStateImpl.java:addPendingRequest(474)) - s1@group-6E994AD85659-LeaderStateImpl: addPendingRequest at RaftClientRequest:client-E8995F8E72F5->s1@group-6E994AD85659, cid=7953, seq=0, RW, Message:01016300, entry=(t:1, i:147), STATEMACHINELOGENTRY, 7953@client-E8995F8E72F5
2023-03-17 00:26:26,736 DEBUG server.RaftServer$Division (RaftServerImpl.java:logAppendEntries(1430)) - s0@group-6E994AD85659: receive appendEntries(s1, 1, (t:1, i:146), 145, true, commits:[s1:c145, s10:c145, s0:c145, s3:c145, s4:c145, s11:c144, s5:c144, s6:c145, s13:c145, s7:c145, s12:c145, s8:c144, s9:c144, s14:c145, s2:c144], cId:7962, entries: [(t:1, i:147), STATEMACHINELOGENTRY, 7953@client-E8995F8E72F5]
2023-03-17 00:26:26,734 DEBUG server.RaftServer$Division (RaftServerImpl.java:logAppendEntries(1430)) - s8@group-6E994AD85659: receive appendEntries(s1, 1, (t:1, i:145), 145, true, commits:[s1:c145, s10:c144, s0:c144, s3:c144, s4:c145, s11:c144, s5:c143, s6:c144, s13:c144, s7:c144, s12:c144, s8:c144, s9:c144, s14:c144, s2:c143], cId:7950, entries: [(t:1, i:146), METADATAENTRY(c:145)]
2023-03-17 00:26:26,737 DEBUG server.RaftServer$Division (RaftServerImpl.java:logAppendEntries(1430)) - s0@group-6E994AD85659: succeeded to handle AppendEntries. Reply: s1<-s0#7962:OK-t1,SUCCESS,nextIndex=148,followerCommit=145,matchIndex=147
2023-03-17 00:26:26,737 DEBUG server.RaftServer$Division (RaftServerImpl.java:logAppendEntries(1430)) - s8@group-6E994AD85659: succeeded to handle AppendEntries. Reply: s1<-s8#7950:OK-t1,SUCCESS,nextIndex=147,followerCommit=145,matchIndex=146
2023-03-17 00:26:26,737 DEBUG server.RaftServer$Division (RaftServerImpl.java:logAppendEntries(1430)) - s11@group-6E994AD85659: receive appendEntries(s1, 1, (t:1, i:146), 145, true, commits:[s1:c145, s10:c145, s0:c145, s3:c145, s4:c145, s11:c145, s5:c144, s6:c145, s13:c145, s7:c145, s12:c145, s8:c144, s9:c144, s14:c145, s2:c144], cId:7963, entries: [(t:1, i:147), STATEMACHINELOGENTRY, 7953@client-E8995F8E72F5]
2023-03-17 00:26:26,736 DEBUG server.RaftServer$Division (RaftServerImpl.java:logAppendEntries(1430)) - s13@group-6E994AD85659: receive appendEntries(s1, 1, (t:1, i:146), 145, true, commits:[s1:c145, s10:c145, s0:c144, s3:c145, s4:c145, s11:c144, s5:c144, s6:c145, s13:c145, s7:c145, s12:c145, s8:c144, s9:c144, s14:c145, s2:c144], cId:7954, entries: [(t:1, i:147), STATEMACHINELOGENTRY, 7953@client-E8995F8E72F5]
2023-03-17 00:26:26,736 DEBUG server.RaftServer$Division (RaftServerImpl.java:logAppendEntries(1430)) - s14@group-6E994AD85659: receive appendEntries(s1, 1, (t:1, i:146), 145, true, commits:[s1:c145, s10:c145, s0:c144, s3:c145, s4:c145, s11:c144, s5:c144, s6:c145, s13:c145, s7:c145, s12:c145, s8:c144, s9:c144, s14:c145, s2:c144], cId:7960, entries: [(t:1, i:147), STATEMACHINELOGENTRY, 7953@client-E8995F8E72F5]
2023-03-17 00:26:26,736 DEBUG server.RaftServer$Division (RaftServerImpl.java:logAppendEntries(1430)) - s12@group-6E994AD85659: receive appendEntries(s1, 1, (t:1, i:146), 145, true, commits:[s1:c145, s10:c145, s0:c144, s3:c145, s4:c145, s11:c144, s5:c144, s6:c145, s13:c145, s7:c145, s12:c145, s8:c144, s9:c144, s14:c145, s2:c144], cId:7958, entries: [(t:1, i:147), STATEMACHINELOGENTRY, 7953@client-E8995F8E72F5]
2023-03-17 00:26:26,738 DEBUG server.RaftServer$Division (RaftServerImpl.java:logAppendEntries(1430)) - s13@group-6E994AD85659: succeeded to handle AppendEntries. Reply: s1<-s13#7954:OK-t1,SUCCESS,nextIndex=148,followerCommit=145,matchIndex=147
2023-03-17 00:26:26,738 DEBUG server.RaftServer$Division (RaftServerImpl.java:logAppendEntries(1430)) - s10@group-6E994AD85659: receive appendEntries(s1, 1, (t:1, i:146), 145, true, commits:[s1:c145, s10:c145, s0:c144, s3:c145, s4:c145, s11:c144, s5:c144, s6:c145, s13:c145, s7:c145, s12:c145, s8:c144, s9:c144, s14:c145, s2:c144], cId:7957, entries: [(t:1, i:147), STATEMACHINELOGENTRY, 7953@client-E8995F8E72F5]
2023-03-17 00:26:26,736 DEBUG server.RaftServer$Division (RaftServerImpl.java:logAppendEntries(1430)) - s7@group-6E994AD85659: receive appendEntries(s1, 1, (t:1, i:146), 145, true, commits:[s1:c145, s10:c145, s0:c144, s3:c145, s4:c145, s11:c144, s5:c144, s6:c145, s13:c145, s7:c145, s12:c145, s8:c144, s9:c144, s14:c145, s2:c144], cId:7959, entries: [(t:1, i:147), STATEMACHINELOGENTRY, 7953@client-E8995F8E72F5]
2023-03-17 00:26:26,735 DEBUG server.RaftServer$Division (RaftServerImpl.java:logAppendEntries(1430)) - s6@group-6E994AD85659: receive appendEntries(s1, 1, (t:1, i:146), 145, true, commits:[s1:c145, s10:c145, s0:c144, s3:c145, s4:c145, s11:c144, s5:c144, s6:c145, s13:c145, s7:c145, s12:c145, s8:c144, s9:c144, s14:c145, s2:c144], cId:7955, entries: [(t:1, i:147), STATEMACHINELOGENTRY, 7953@client-E8995F8E72F5]
2023-03-17 00:26:26,735 DEBUG server.RaftServer$Division (RaftServerImpl.java:logAppendEntries(1430)) - s4@group-6E994AD85659: receive appendEntries(s1, 1, (t:1, i:146), 145, true, commits:[s1:c145, s10:c145, s0:c144, s3:c145, s4:c145, s11:c144, s5:c144, s6:c145, s13:c145, s7:c145, s12:c145, s8:c144, s9:c144, s14:c145, s2:c144], cId:7961, entries: [(t:1, i:147), STATEMACHINELOGENTRY, 7953@client-E8995F8E72F5]
2023-03-17 00:26:26,735 DEBUG server.RaftServer$Division (RaftServerImpl.java:logAppendEntries(1430)) - s3@group-6E994AD85659: receive appendEntries(s1, 1, (t:1, i:146), 145, true, commits:[s1:c145, s10:c145, s0:c144, s3:c145, s4:c145, s11:c144, s5:c144, s6:c145, s13:c145, s7:c145, s12:c145, s8:c144, s9:c144, s14:c145, s2:c144], cId:7956, entries: [(t:1, i:147), STATEMACHINELOGENTRY, 7953@client-E8995F8E72F5]
2023-03-17 00:26:26,739 DEBUG server.RaftServer$Division (RaftServerImpl.java:logAppendEntries(1430)) - s4@group-6E994AD85659: succeeded to handle AppendEntries. Reply: s1<-s4#7961:OK-t1,SUCCESS,nextIndex=148,followerCommit=145,matchIndex=147
2023-03-17 00:26:26,739 DEBUG server.RaftServer$Division (RaftServerImpl.java:logAppendEntries(1430)) - s7@group-6E994AD85659: succeeded to handle AppendEntries. Reply: s1<-s7#7959:OK-t1,SUCCESS,nextIndex=148,followerCommit=145,matchIndex=147
2023-03-17 00:26:26,734 DEBUG server.RaftServer$Division (RaftServerImpl.java:logAppendEntries(1430)) - s2@group-6E994AD85659: succeeded to handle AppendEntries. Reply: s1<-s2#7951:OK-t1,SUCCESS,nextIndex=147,followerCommit=145,matchIndex=146
2023-03-17 00:26:26,738 DEBUG server.RaftServer$Division (RaftServerImpl.java:logAppendEntries(1430)) - s11@group-6E994AD85659: succeeded to handle AppendEntries. Reply: s1<-s11#7963:OK-t1,SUCCESS,nextIndex=148,followerCommit=145,matchIndex=147
2023-03-17 00:26:26,739 DEBUG server.RaftServer$Division (RaftServerImpl.java:logAppendEntries(1430)) - s6@group-6E994AD85659: succeeded to handle AppendEntries. Reply: s1<-s6#7955:OK-t1,SUCCESS,nextIndex=148,followerCommit=145,matchIndex=147
2023-03-17 00:26:26,739 DEBUG server.RaftServer$Division (RaftServerImpl.java:logAppendEntries(1430)) - s10@group-6E994AD85659: succeeded to handle AppendEntries. Reply: s1<-s10#7957:OK-t1,SUCCESS,nextIndex=148,followerCommit=145,matchIndex=147
2023-03-17 00:26:26,739 DEBUG server.RaftServer$Division (RaftServerImpl.java:logAppendEntries(1430)) - s3@group-6E994AD85659: succeeded to handle AppendEntries. Reply: s1<-s3#7956:OK-t1,SUCCESS,nextIndex=148,followerCommit=145,matchIndex=147
2023-03-17 00:26:26,740 DEBUG server.RaftServer$Division (RaftServerImpl.java:logAppendEntries(1430)) - s12@group-6E994AD85659: succeeded to handle AppendEntries. Reply: s1<-s12#7958:OK-t1,SUCCESS,nextIndex=148,followerCommit=145,matchIndex=147
2023-03-17 00:26:26,740 DEBUG server.RaftServer$Division (RaftServerImpl.java:logAppendEntries(1430)) - s14@group-6E994AD85659: succeeded to handle AppendEntries. Reply: s1<-s14#7960:OK-t1,SUCCESS,nextIndex=148,followerCommit=145,matchIndex=147
2023-03-17 00:26:26,740 DEBUG server.RaftServer$Division (RaftServerImpl.java:logAppendEntries(1430)) - s5@group-6E994AD85659: receive appendEntries(s1, 1, (t:1, i:146), 146, true, commits:[s1:c146, s10:c145, s0:c145, s3:c145, s4:c145, s11:c145, s5:c145, s6:c145, s13:c145, s7:c145, s12:c145, s8:c145, s9:c144, s14:c145, s2:c144], cId:7965, entries: [(t:1, i:147), STATEMACHINELOGENTRY, 7953@client-E8995F8E72F5]
2023-03-17 00:26:26,741 DEBUG server.RaftServer$Division (RaftServerImpl.java:logAppendEntries(1430)) - s8@group-6E994AD85659: receive appendEntries(s1, 1, (t:1, i:146), 146, true, commits:[s1:c146, s10:c145, s0:c145, s3:c145, s4:c145, s11:c145, s5:c144, s6:c145, s13:c145, s7:c145, s12:c145, s8:c145, s9:c144, s14:c145, s2:c144], cId:7964, entries: [(t:1, i:147), STATEMACHINELOGENTRY, 7953@client-E8995F8E72F5]
2023-03-17 00:26:26,741 INFO  statemachine.StateMachine (ArithmeticStateMachine.java:applyTransaction(182)) - LEADER:s1-147: c = null = null
2023-03-17 00:26:26,741 DEBUG server.RaftServer$Division (RaftServerImpl.java:logAppendEntries(1430)) - s5@group-6E994AD85659: succeeded to handle AppendEntries. Reply: s1<-s5#7965:OK-t1,SUCCESS,nextIndex=148,followerCommit=146,matchIndex=147
2023-03-17 00:26:26,741 DEBUG server.RaftServer$Division (RaftServerImpl.java:logAppendEntries(1430)) - s9@group-6E994AD85659: receive appendEntries(s1, 1, (t:1, i:146), 146, true, commits:[s1:c146, s10:c145, s0:c145, s3:c145, s4:c145, s11:c145, s5:c145, s6:c145, s13:c145, s7:c145, s12:c145, s8:c145, s9:c145, s14:c145, s2:c144], cId:7966, entries: [(t:1, i:147), STATEMACHINELOGENTRY, 7953@client-E8995F8E72F5]
2023-03-17 00:26:26,741 DEBUG server.RaftServer$Division (RaftServerImpl.java:logAppendEntries(1430)) - s8@group-6E994AD85659: succeeded to handle AppendEntries. Reply: s1<-s8#7964:OK-t1,SUCCESS,nextIndex=148,followerCommit=146,matchIndex=147
2023-03-17 00:26:26,742 DEBUG server.RaftServer$Division (RaftServerImpl.java:logAppendEntries(1430)) - s3@group-6E994AD85659: receive appendEntries(s1, 1, (t:1, i:147), 147, true, commits:[s1:c147, s10:c145, s0:c145, s3:c145, s4:c145, s11:c145, s5:c145, s6:c145, s13:c145, s7:c145, s12:c145, s8:c145, s9:c145, s14:c145, s2:c145], cId:7970, entries: [(t:1, i:148), METADATAENTRY(c:147)]
2023-03-17 00:26:26,742 DEBUG server.RaftServer$Division (RaftServerImpl.java:logAppendEntries(1430)) - s9@group-6E994AD85659: succeeded to handle AppendEntries. Reply: s1<-s9#7966:OK-t1,SUCCESS,nextIndex=148,followerCommit=146,matchIndex=147
2023-03-17 00:26:26,742 DEBUG server.RaftServer$Division (RaftServerImpl.java:logAppendEntries(1430)) - s6@group-6E994AD85659: receive appendEntries(s1, 1, (t:1, i:147), 147, true, commits:[s1:c147, s10:c145, s0:c145, s3:c145, s4:c145, s11:c145, s5:c145, s6:c145, s13:c145, s7:c145, s12:c145, s8:c145, s9:c145, s14:c145, s2:c145], cId:7973, entries: [(t:1, i:148), METADATAENTRY(c:147)]
2023-03-17 00:26:26,742 DEBUG server.RaftServer$Division (RaftServerImpl.java:logAppendEntries(1430)) - s12@group-6E994AD85659: receive appendEntries(s1, 1, (t:1, i:147), 147, true, commits:[s1:c147, s10:c145, s0:c145, s3:c145, s4:c145, s11:c145, s5:c145, s6:c145, s13:c145, s7:c145, s12:c145, s8:c145, s9:c145, s14:c145, s2:c145], cId:7971, entries: [(t:1, i:148), METADATAENTRY(c:147)]
2023-03-17 00:26:26,744 DEBUG server.RaftServer$Division (RaftServerImpl.java:submitClientRequestAsync(835)) - s1@group-6E994AD85659: receive client request(RaftClientRequest:client-E8995F8E72F5->s1@group-6E994AD85659, cid=7975, seq=0, RW, Message:01016102405ac0000000...(size=12))
2023-03-17 00:26:26,744 DEBUG server.RaftServer$Division (LeaderStateImpl.java:addPendingRequest(474)) - s1@group-6E994AD85659-LeaderStateImpl: addPendingRequest at RaftClientRequest:client-E8995F8E72F5->s1@group-6E994AD85659, cid=7975, seq=0, RW, Message:01016102405ac0000000...(size=12), entry=(t:1, i:149), STATEMACHINELOGENTRY, 7975@client-E8995F8E72F5
2023-03-17 00:26:26,748 DEBUG server.RaftServer$Division (RaftServerImpl.java:logAppendEntries(1430)) - s12@group-6E994AD85659: succeeded to handle AppendEntries. Reply: s1<-s12#7971:OK-t1,SUCCESS,nextIndex=149,followerCommit=147,matchIndex=148
2023-03-17 00:26:26,748 DEBUG server.RaftServer$Division (RaftServerImpl.java:logAppendEntries(1430)) - s4@group-6E994AD85659: receive appendEntries(s1, 1, (t:1, i:147), 147, true, commits:[s1:c147, s10:c145, s0:c145, s3:c145, s4:c145, s11:c145, s5:c145, s6:c145, s13:c145, s7:c145, s12:c145, s8:c145, s9:c145, s14:c145, s2:c145], cId:7969, entries: [(t:1, i:148), METADATAENTRY(c:147)]
2023-03-17 00:26:26,748 DEBUG server.RaftServer$Division (RaftServerImpl.java:logAppendEntries(1430)) - s7@group-6E994AD85659: receive appendEntries(s1, 1, (t:1, i:147), 147, true, commits:[s1:c147, s10:c145, s0:c145, s3:c145, s4:c145, s11:c145, s5:c145, s6:c145, s13:c145, s7:c145, s12:c145, s8:c145, s9:c145, s14:c145, s2:c145], cId:7976, entries: [(t:1, i:148), METADATAENTRY(c:147), (t:1, i:149), STATEMACHINELOGENTRY, 7975@client-E8995F8E72F5]
2023-03-17 00:26:26,749 DEBUG server.RaftServer$Division (RaftServerImpl.java:logAppendEntries(1430)) - s4@group-6E994AD85659: succeeded to handle AppendEntries. Reply: s1<-s4#7969:OK-t1,SUCCESS,nextIndex=149,followerCommit=147,matchIndex=148
2023-03-17 00:26:26,749 DEBUG server.RaftServer$Division (RaftServerImpl.java:logAppendEntries(1430)) - s12@group-6E994AD85659: receive appendEntries(s1, 1, (t:1, i:148), 147, true, commits:[s1:c147, s10:c145, s0:c145, s3:c145, s4:c145, s11:c145, s5:c145, s6:c145, s13:c145, s7:c145, s12:c147, s8:c145, s9:c145, s14:c145, s2:c145], cId:7978, entries: [(t:1, i:149), STATEMACHINELOGENTRY, 7975@client-E8995F8E72F5]
2023-03-17 00:26:26,749 DEBUG server.RaftServer$Division (RaftServerImpl.java:logAppendEntries(1430)) - s3@group-6E994AD85659: succeeded to handle AppendEntries. Reply: s1<-s3#7970:OK-t1,SUCCESS,nextIndex=149,followerCommit=147,matchIndex=148
2023-03-17 00:26:26,749 DEBUG server.RaftServer$Division (RaftServerImpl.java:logAppendEntries(1430)) - s7@group-6E994AD85659: succeeded to handle AppendEntries. Reply: s1<-s7#7976:OK-t1,SUCCESS,nextIndex=150,followerCommit=147,matchIndex=149
2023-03-17 00:26:26,749 DEBUG server.RaftServer$Division (RaftServerImpl.java:logAppendEntries(1430)) - s0@group-6E994AD85659: receive appendEntries(s1, 1, (t:1, i:147), 147, true, commits:[s1:c147, s10:c145, s0:c145, s3:c145, s4:c145, s11:c145, s5:c145, s6:c145, s13:c145, s7:c145, s12:c145, s8:c145, s9:c145, s14:c145, s2:c145], cId:7968, entries: [(t:1, i:148), METADATAENTRY(c:147)]
2023-03-17 00:26:26,750 DEBUG server.RaftServer$Division (RaftServerImpl.java:logAppendEntries(1430)) - s13@group-6E994AD85659: receive appendEntries(s1, 1, (t:1, i:147), 147, true, commits:[s1:c147, s10:c145, s0:c145, s3:c145, s4:c145, s11:c145, s5:c145, s6:c145, s13:c145, s7:c145, s12:c145, s8:c145, s9:c145, s14:c145, s2:c145], cId:7972, entries: [(t:1, i:148), METADATAENTRY(c:147)]
2023-03-17 00:26:26,750 DEBUG server.RaftServer$Division (RaftServerImpl.java:logAppendEntries(1430)) - s14@group-6E994AD85659: receive appendEntries(s1, 1, (t:1, i:147), 147, true, commits:[s1:c147, s10:c145, s0:c145, s3:c145, s4:c145, s11:c145, s5:c145, s6:c145, s13:c145, s7:c145, s12:c145, s8:c145, s9:c145, s14:c145, s2:c145], cId:7977, entries: [(t:1, i:148), METADATAENTRY(c:147), (t:1, i:149), STATEMACHINELOGENTRY, 7975@client-E8995F8E72F5]
2023-03-17 00:26:26,750 DEBUG server.RaftServer$Division (RaftServerImpl.java:logAppendEntries(1430)) - s0@group-6E994AD85659: succeeded to handle AppendEntries. Reply: s1<-s0#7968:OK-t1,SUCCESS,nextIndex=149,followerCommit=147,matchIndex=148
2023-03-17 00:26:26,750 DEBUG server.RaftServer$Division (RaftServerImpl.java:logAppendEntries(1430)) - s12@group-6E994AD85659: succeeded to handle AppendEntries. Reply: s1<-s12#7978:OK-t1,SUCCESS,nextIndex=150,followerCommit=147,matchIndex=149
2023-03-17 00:26:26,750 DEBUG server.RaftServer$Division (RaftServerImpl.java:logAppendEntries(1430)) - s4@group-6E994AD85659: receive appendEntries(s1, 1, (t:1, i:148), 147, true, commits:[s1:c147, s10:c145, s0:c145, s3:c145, s4:c147, s11:c145, s5:c145, s6:c145, s13:c145, s7:c145, s12:c147, s8:c145, s9:c145, s14:c145, s2:c145], cId:7979, entries: [(t:1, i:149), STATEMACHINELOGENTRY, 7975@client-E8995F8E72F5]
2023-03-17 00:26:26,751 DEBUG server.RaftServer$Division (RaftServerImpl.java:logAppendEntries(1430)) - s14@group-6E994AD85659: succeeded to handle AppendEntries. Reply: s1<-s14#7977:OK-t1,SUCCESS,nextIndex=150,followerCommit=147,matchIndex=149
2023-03-17 00:26:26,751 DEBUG server.RaftServer$Division (RaftServerImpl.java:logAppendEntries(1430)) - s13@group-6E994AD85659: succeeded to handle AppendEntries. Reply: s1<-s13#7972:OK-t1,SUCCESS,nextIndex=149,followerCommit=147,matchIndex=148
2023-03-17 00:26:26,751 DEBUG server.RaftServer$Division (RaftServerImpl.java:logAppendEntries(1430)) - s4@group-6E994AD85659: succeeded to handle AppendEntries. Reply: s1<-s4#7979:OK-t1,SUCCESS,nextIndex=150,followerCommit=147,matchIndex=149
2023-03-17 00:26:26,751 DEBUG server.RaftServer$Division (RaftServerImpl.java:logAppendEntries(1430)) - s11@group-6E994AD85659: receive appendEntries(s1, 1, (t:1, i:147), 147, true, commits:[s1:c147, s10:c145, s0:c145, s3:c145, s4:c145, s11:c145, s5:c145, s6:c145, s13:c145, s7:c145, s12:c145, s8:c145, s9:c145, s14:c145, s2:c145], cId:7974, entries: [(t:1, i:148), METADATAENTRY(c:147)]
2023-03-17 00:26:26,751 DEBUG server.RaftServer$Division (RaftServerImpl.java:logAppendEntries(1430)) - s3@group-6E994AD85659: receive appendEntries(s1, 1, (t:1, i:148), 147, true, commits:[s1:c147, s10:c145, s0:c145, s3:c147, s4:c147, s11:c145, s5:c145, s6:c145, s13:c145, s7:c145, s12:c147, s8:c145, s9:c145, s14:c145, s2:c145], cId:7980, entries: [(t:1, i:149), STATEMACHINELOGENTRY, 7975@client-E8995F8E72F5]
2023-03-17 00:26:26,752 DEBUG server.RaftServer$Division (RaftServerImpl.java:logAppendEntries(1430)) - s2@group-6E994AD85659: receive appendEntries(s1, 1, (t:1, i:146), 146, true, commits:[s1:c146, s10:c145, s0:c145, s3:c145, s4:c145, s11:c145, s5:c145, s6:c145, s13:c145, s7:c145, s12:c145, s8:c145, s9:c145, s14:c145, s2:c145], cId:7967, entries: [(t:1, i:147), STATEMACHINELOGENTRY, 7953@client-E8995F8E72F5]
2023-03-17 00:26:26,752 DEBUG server.RaftServer$Division (RaftServerImpl.java:logAppendEntries(1430)) - s11@group-6E994AD85659: succeeded to handle AppendEntries. Reply: s1<-s11#7974:OK-t1,SUCCESS,nextIndex=149,followerCommit=147,matchIndex=148
2023-03-17 00:26:26,752 DEBUG server.RaftServer$Division (RaftServerImpl.java:logAppendEntries(1430)) - s3@group-6E994AD85659: succeeded to handle AppendEntries. Reply: s1<-s3#7980:OK-t1,SUCCESS,nextIndex=150,followerCommit=147,matchIndex=149
2023-03-17 00:26:26,753 DEBUG server.RaftServer$Division (RaftServerImpl.java:logAppendEntries(1430)) - s10@group-6E994AD85659: receive appendEntries(s1, 1, (t:1, i:147), 147, true, commits:[s1:c147, s10:c145, s0:c145, s3:c147, s4:c147, s11:c145, s5:c145, s6:c145, s13:c145, s7:c145, s12:c147, s8:c145, s9:c145, s14:c145, s2:c145], cId:7981, entries: [(t:1, i:148), METADATAENTRY(c:147), (t:1, i:149), STATEMACHINELOGENTRY, 7975@client-E8995F8E72F5]
2023-03-17 00:26:26,753 DEBUG server.RaftServer$Division (RaftServerImpl.java:logAppendEntries(1430)) - s5@group-6E994AD85659: receive appendEntries(s1, 1, (t:1, i:147), 147, true, commits:[s1:c147, s10:c145, s0:c145, s3:c147, s4:c147, s11:c145, s5:c146, s6:c145, s13:c145, s7:c145, s12:c147, s8:c146, s9:c145, s14:c147, s2:c145], cId:7983, entries: [(t:1, i:148), METADATAENTRY(c:147), (t:1, i:149), STATEMACHINELOGENTRY, 7975@client-E8995F8E72F5]
2023-03-17 00:26:26,754 DEBUG server.RaftServer$Division (RaftServerImpl.java:logAppendEntries(1430)) - s8@group-6E994AD85659: receive appendEntries(s1, 1, (t:1, i:147), 147, true, commits:[s1:c147, s10:c145, s0:c145, s3:c147, s4:c147, s11:c145, s5:c145, s6:c145, s13:c145, s7:c145, s12:c147, s8:c146, s9:c145, s14:c147, s2:c145], cId:7982, entries: [(t:1, i:148), METADATAENTRY(c:147), (t:1, i:149), STATEMACHINELOGENTRY, 7975@client-E8995F8E72F5]
2023-03-17 00:26:26,755 DEBUG server.RaftServer$Division (RaftServerImpl.java:logAppendEntries(1430)) - s8@group-6E994AD85659: succeeded to handle AppendEntries. Reply: s1<-s8#7982:OK-t1,SUCCESS,nextIndex=150,followerCommit=147,matchIndex=149
2023-03-17 00:26:26,755 DEBUG server.RaftServer$Division (RaftServerImpl.java:logAppendEntries(1430)) - s2@group-6E994AD85659: succeeded to handle AppendEntries. Reply: s1<-s2#7967:OK-t1,SUCCESS,nextIndex=148,followerCommit=146,matchIndex=147
2023-03-17 00:26:26,755 DEBUG server.RaftServer$Division (RaftServerImpl.java:logAppendEntries(1430)) - s11@group-6E994AD85659: receive appendEntries(s1, 1, (t:1, i:148), 147, true, commits:[s1:c147, s10:c145, s0:c145, s3:c147, s4:c147, s11:c147, s5:c146, s6:c145, s13:c145, s7:c147, s12:c147, s8:c146, s9:c146, s14:c147, s2:c145], cId:7985, entries: [(t:1, i:149), STATEMACHINELOGENTRY, 7975@client-E8995F8E72F5]
2023-03-17 00:26:26,754 DEBUG server.RaftServer$Division (RaftServerImpl.java:logAppendEntries(1430)) - s5@group-6E994AD85659: succeeded to handle AppendEntries. Reply: s1<-s5#7983:OK-t1,SUCCESS,nextIndex=150,followerCommit=147,matchIndex=149
2023-03-17 00:26:26,755 DEBUG server.RaftServer$Division (RaftServerImpl.java:logAppendEntries(1430)) - s13@group-6E994AD85659: receive appendEntries(s1, 1, (t:1, i:148), 148, true, commits:[s1:c148, s10:c145, s0:c147, s3:c147, s4:c147, s11:c147, s5:c146, s6:c145, s13:c147, s7:c147, s12:c147, s8:c146, s9:c146, s14:c147, s2:c145], cId:7987, entries: [(t:1, i:149), STATEMACHINELOGENTRY, 7975@client-E8995F8E72F5]
2023-03-17 00:26:26,756 DEBUG server.RaftServer$Division (RaftServerImpl.java:logAppendEntries(1430)) - s11@group-6E994AD85659: succeeded to handle AppendEntries. Reply: s1<-s11#7985:OK-t1,SUCCESS,nextIndex=150,followerCommit=147,matchIndex=149
2023-03-17 00:26:26,754 DEBUG server.RaftServer$Division (RaftServerImpl.java:logAppendEntries(1430)) - s9@group-6E994AD85659: receive appendEntries(s1, 1, (t:1, i:147), 147, true, commits:[s1:c147, s10:c145, s0:c145, s3:c147, s4:c147, s11:c145, s5:c146, s6:c145, s13:c145, s7:c147, s12:c147, s8:c146, s9:c146, s14:c147, s2:c145], cId:7984, entries: [(t:1, i:148), METADATAENTRY(c:147), (t:1, i:149), STATEMACHINELOGENTRY, 7975@client-E8995F8E72F5]
2023-03-17 00:26:26,754 DEBUG server.RaftServer$Division (RaftServerImpl.java:logAppendEntries(1430)) - s10@group-6E994AD85659: succeeded to handle AppendEntries. Reply: s1<-s10#7981:OK-t1,SUCCESS,nextIndex=150,followerCommit=147,matchIndex=149
2023-03-17 00:26:26,756 DEBUG server.RaftServer$Division (RaftServerImpl.java:logAppendEntries(1430)) - s0@group-6E994AD85659: receive appendEntries(s1, 1, (t:1, i:148), 147, true, commits:[s1:c147, s10:c145, s0:c147, s3:c147, s4:c147, s11:c147, s5:c146, s6:c145, s13:c145, s7:c147, s12:c147, s8:c146, s9:c146, s14:c147, s2:c145], cId:7986, entries: [(t:1, i:149), STATEMACHINELOGENTRY, 7975@client-E8995F8E72F5]
2023-03-17 00:26:26,756 DEBUG server.RaftServer$Division (RaftServerImpl.java:logAppendEntries(1430)) - s9@group-6E994AD85659: succeeded to handle AppendEntries. Reply: s1<-s9#7984:OK-t1,SUCCESS,nextIndex=150,followerCommit=147,matchIndex=149
2023-03-17 00:26:26,757 DEBUG server.RaftServer$Division (RaftServerImpl.java:logAppendEntries(1430)) - s13@group-6E994AD85659: succeeded to handle AppendEntries. Reply: s1<-s13#7987:OK-t1,SUCCESS,nextIndex=150,followerCommit=148,matchIndex=149
2023-03-17 00:26:26,757 DEBUG server.RaftServer$Division (RaftServerImpl.java:logAppendEntries(1430)) - s0@group-6E994AD85659: succeeded to handle AppendEntries. Reply: s1<-s0#7986:OK-t1,SUCCESS,nextIndex=150,followerCommit=147,matchIndex=149
2023-03-17 00:26:26,757 INFO  statemachine.StateMachine (ArithmeticStateMachine.java:applyTransaction(182)) - LEADER:s1-149: a = 107 = 107
2023-03-17 00:26:26,758 DEBUG server.RaftServer$Division (RaftServerImpl.java:logAppendEntries(1430)) - s3@group-6E994AD85659: receive appendEntries(s1, 1, (t:1, i:149), 149, true, commits:[s1:c149, s10:c147, s0:c147, s3:c147, s4:c147, s11:c147, s5:c146, s6:c145, s13:c147, s7:c147, s12:c147, s8:c146, s9:c147, s14:c147, s2:c146], cId:7990, entries: [(t:1, i:150), METADATAENTRY(c:149)]
2023-03-17 00:26:26,758 DEBUG server.RaftServer$Division (RaftServerImpl.java:logAppendEntries(1430)) - s12@group-6E994AD85659: receive appendEntries(s1, 1, (t:1, i:149), 149, true, commits:[s1:c149, s10:c147, s0:c147, s3:c147, s4:c147, s11:c147, s5:c146, s6:c145, s13:c147, s7:c147, s12:c147, s8:c146, s9:c147, s14:c147, s2:c146], cId:7991, entries: [(t:1, i:150), METADATAENTRY(c:149)]
2023-03-17 00:26:26,759 DEBUG server.RaftServer$Division (RaftServerImpl.java:logAppendEntries(1430)) - s3@group-6E994AD85659: succeeded to handle AppendEntries. Reply: s1<-s3#7990:OK-t1,SUCCESS,nextIndex=151,followerCommit=149,matchIndex=150
2023-03-17 00:26:26,759 DEBUG server.RaftServer$Division (RaftServerImpl.java:logAppendEntries(1430)) - s10@group-6E994AD85659: receive appendEntries(s1, 1, (t:1, i:149), 149, true, commits:[s1:c149, s10:c147, s0:c147, s3:c147, s4:c147, s11:c147, s5:c146, s6:c145, s13:c147, s7:c147, s12:c147, s8:c146, s9:c147, s14:c147, s2:c146], cId:7993, entries: [(t:1, i:150), METADATAENTRY(c:149)]
2023-03-17 00:26:26,759 DEBUG server.RaftServer$Division (RaftServerImpl.java:logAppendEntries(1430)) - s4@group-6E994AD85659: receive appendEntries(s1, 1, (t:1, i:149), 149, true, commits:[s1:c149, s10:c147, s0:c147, s3:c147, s4:c147, s11:c147, s5:c146, s6:c145, s13:c147, s7:c147, s12:c147, s8:c146, s9:c147, s14:c147, s2:c146], cId:7989, entries: [(t:1, i:150), METADATAENTRY(c:149)]
2023-03-17 00:26:26,759 DEBUG server.RaftServer$Division (RaftServerImpl.java:logAppendEntries(1430)) - s7@group-6E994AD85659: receive appendEntries(s1, 1, (t:1, i:149), 149, true, commits:[s1:c149, s10:c147, s0:c147, s3:c147, s4:c147, s11:c147, s5:c147, s6:c145, s13:c147, s7:c147, s12:c147, s8:c146, s9:c147, s14:c147, s2:c146], cId:7995, entries: [(t:1, i:150), METADATAENTRY(c:149)]
2023-03-17 00:26:26,759 DEBUG server.RaftServer$Division (RaftServerImpl.java:logAppendEntries(1430)) - s5@group-6E994AD85659: receive appendEntries(s1, 1, (t:1, i:149), 149, true, commits:[s1:c149, s10:c147, s0:c147, s3:c147, s4:c147, s11:c147, s5:c147, s6:c145, s13:c147, s7:c147, s12:c147, s8:c146, s9:c147, s14:c147, s2:c146], cId:7994, entries: [(t:1, i:150), METADATAENTRY(c:149)]
2023-03-17 00:26:26,760 DEBUG server.RaftServer$Division (RaftServerImpl.java:logAppendEntries(1430)) - s4@group-6E994AD85659: succeeded to handle AppendEntries. Reply: s1<-s4#7989:OK-t1,SUCCESS,nextIndex=151,followerCommit=149,matchIndex=150
2023-03-17 00:26:26,760 DEBUG server.RaftServer$Division (RaftServerImpl.java:logAppendEntries(1430)) - s5@group-6E994AD85659: succeeded to handle AppendEntries. Reply: s1<-s5#7994:OK-t1,SUCCESS,nextIndex=151,followerCommit=149,matchIndex=150
2023-03-17 00:26:26,760 DEBUG server.RaftServer$Division (RaftServerImpl.java:logAppendEntries(1430)) - s10@group-6E994AD85659: succeeded to handle AppendEntries. Reply: s1<-s10#7993:OK-t1,SUCCESS,nextIndex=151,followerCommit=149,matchIndex=150
2023-03-17 00:26:26,760 DEBUG server.RaftServer$Division (RaftServerImpl.java:submitClientRequestAsync(835)) - s1@group-6E994AD85659: receive client request(RaftClientRequest:client-E8995F8E72F5->s1@group-6E994AD85659, cid=7996, seq=0, RW, Message:0101620240b65c000000...(size=12))
2023-03-17 00:26:26,760 DEBUG server.RaftServer$Division (LeaderStateImpl.java:addPendingRequest(474)) - s1@group-6E994AD85659-LeaderStateImpl: addPendingRequest at RaftClientRequest:client-E8995F8E72F5->s1@group-6E994AD85659, cid=7996, seq=0, RW, Message:0101620240b65c000000...(size=12), entry=(t:1, i:151), STATEMACHINELOGENTRY, 7996@client-E8995F8E72F5
2023-03-17 00:26:26,759 DEBUG server.RaftServer$Division (RaftServerImpl.java:logAppendEntries(1430)) - s2@group-6E994AD85659: receive appendEntries(s1, 1, (t:1, i:147), 149, true, commits:[s1:c149, s10:c147, s0:c147, s3:c147, s4:c147, s11:c147, s5:c146, s6:c145, s13:c147, s7:c147, s12:c147, s8:c146, s9:c147, s14:c147, s2:c146], cId:7988, entries: [(t:1, i:148), METADATAENTRY(c:147), (t:1, i:149), STATEMACHINELOGENTRY, 7975@client-E8995F8E72F5, (t:1, i:150), METADATAENTRY(c:149)]
2023-03-17 00:26:26,761 DEBUG server.RaftServer$Division (RaftServerImpl.java:logAppendEntries(1430)) - s8@group-6E994AD85659: receive appendEntries(s1, 1, (t:1, i:149), 149, true, commits:[s1:c149, s10:c147, s0:c147, s3:c147, s4:c147, s11:c147, s5:c147, s6:c145, s13:c147, s7:c147, s12:c147, s8:c147, s9:c147, s14:c147, s2:c146], cId:7998, entries: [(t:1, i:150), METADATAENTRY(c:149)]
2023-03-17 00:26:26,760 DEBUG server.RaftServer$Division (RaftServerImpl.java:logAppendEntries(1430)) - s7@group-6E994AD85659: succeeded to handle AppendEntries. Reply: s1<-s7#7995:OK-t1,SUCCESS,nextIndex=151,followerCommit=149,matchIndex=150
2023-03-17 00:26:26,759 DEBUG server.RaftServer$Division (RaftServerImpl.java:logAppendEntries(1430)) - s12@group-6E994AD85659: succeeded to handle AppendEntries. Reply: s1<-s12#7991:OK-t1,SUCCESS,nextIndex=151,followerCommit=149,matchIndex=150
2023-03-17 00:26:26,759 DEBUG server.RaftServer$Division (RaftServerImpl.java:logAppendEntries(1430)) - s14@group-6E994AD85659: receive appendEntries(s1, 1, (t:1, i:149), 149, true, commits:[s1:c149, s10:c147, s0:c147, s3:c147, s4:c147, s11:c147, s5:c147, s6:c145, s13:c147, s7:c147, s12:c147, s8:c146, s9:c147, s14:c147, s2:c146], cId:7997, entries: [(t:1, i:150), METADATAENTRY(c:149)]
2023-03-17 00:26:26,761 DEBUG server.RaftServer$Division (RaftServerImpl.java:logAppendEntries(1430)) - s8@group-6E994AD85659: succeeded to handle AppendEntries. Reply: s1<-s8#7998:OK-t1,SUCCESS,nextIndex=151,followerCommit=149,matchIndex=150
2023-03-17 00:26:26,761 DEBUG server.RaftServer$Division (RaftServerImpl.java:logAppendEntries(1430)) - s2@group-6E994AD85659: succeeded to handle AppendEntries. Reply: s1<-s2#7988:OK-t1,SUCCESS,nextIndex=151,followerCommit=149,matchIndex=150
2023-03-17 00:26:26,761 DEBUG server.RaftServer$Division (RaftServerImpl.java:logAppendEntries(1430)) - s14@group-6E994AD85659: succeeded to handle AppendEntries. Reply: s1<-s14#7997:OK-t1,SUCCESS,nextIndex=151,followerCommit=149,matchIndex=150
2023-03-17 00:26:26,762 DEBUG server.RaftServer$Division (RaftServerImpl.java:logAppendEntries(1430)) - s4@group-6E994AD85659: receive appendEntries(s1, 1, (t:1, i:150), 149, true, commits:[s1:c149, s10:c147, s0:c147, s3:c147, s4:c149, s11:c147, s5:c149, s6:c145, s13:c148, s7:c147, s12:c147, s8:c147, s9:c147, s14:c147, s2:c146], cId:8000, entries: [(t:1, i:151), STATEMACHINELOGENTRY, 7996@client-E8995F8E72F5]
2023-03-17 00:26:26,763 DEBUG server.RaftServer$Division (RaftServerImpl.java:logAppendEntries(1430)) - s13@group-6E994AD85659: receive appendEntries(s1, 1, (t:1, i:149), 149, true, commits:[s1:c149, s10:c147, s0:c147, s3:c147, s4:c149, s11:c147, s5:c149, s6:c145, s13:c148, s7:c147, s12:c147, s8:c147, s9:c147, s14:c147, s2:c146], cId:8001, entries: [(t:1, i:150), METADATAENTRY(c:149), (t:1, i:151), STATEMACHINELOGENTRY, 7996@client-E8995F8E72F5]
2023-03-17 00:26:26,763 DEBUG server.RaftServer$Division (RaftServerImpl.java:logAppendEntries(1430)) - s4@group-6E994AD85659: succeeded to handle AppendEntries. Reply: s1<-s4#8000:OK-t1,SUCCESS,nextIndex=152,followerCommit=149,matchIndex=151
2023-03-17 00:26:26,763 DEBUG server.RaftServer$Division (RaftServerImpl.java:logAppendEntries(1430)) - s12@group-6E994AD85659: receive appendEntries(s1, 1, (t:1, i:150), 149, true, commits:[s1:c149, s10:c147, s0:c147, s3:c149, s4:c149, s11:c147, s5:c149, s6:c145, s13:c148, s7:c147, s12:c149, s8:c149, s9:c147, s14:c147, s2:c146], cId:8006, entries: [(t:1, i:151), STATEMACHINELOGENTRY, 7996@client-E8995F8E72F5]
2023-03-17 00:26:26,764 DEBUG server.RaftServer$Division (RaftServerImpl.java:logAppendEntries(1430)) - s13@group-6E994AD85659: succeeded to handle AppendEntries. Reply: s1<-s13#8001:OK-t1,SUCCESS,nextIndex=152,followerCommit=149,matchIndex=151
2023-03-17 00:26:26,764 DEBUG server.RaftServer$Division (RaftServerImpl.java:logAppendEntries(1430)) - s3@group-6E994AD85659: receive appendEntries(s1, 1, (t:1, i:150), 149, true, commits:[s1:c149, s10:c147, s0:c147, s3:c149, s4:c149, s11:c147, s5:c149, s6:c145, s13:c148, s7:c147, s12:c147, s8:c149, s9:c147, s14:c147, s2:c146], cId:8005, entries: [(t:1, i:151), STATEMACHINELOGENTRY, 7996@client-E8995F8E72F5]
2023-03-17 00:26:26,764 DEBUG server.RaftServer$Division (RaftServerImpl.java:logAppendEntries(1430)) - s12@group-6E994AD85659: succeeded to handle AppendEntries. Reply: s1<-s12#8006:OK-t1,SUCCESS,nextIndex=152,followerCommit=149,matchIndex=151
2023-03-17 00:26:26,765 DEBUG server.RaftServer$Division (RaftServerImpl.java:logAppendEntries(1430)) - s3@group-6E994AD85659: succeeded to handle AppendEntries. Reply: s1<-s3#8005:OK-t1,SUCCESS,nextIndex=152,followerCommit=149,matchIndex=151
2023-03-17 00:26:26,765 DEBUG server.RaftServer$Division (RaftServerImpl.java:logAppendEntries(1430)) - s7@group-6E994AD85659: receive appendEntries(s1, 1, (t:1, i:150), 150, true, commits:[s1:c150, s10:c147, s0:c147, s3:c149, s4:c149, s11:c147, s5:c149, s6:c145, s13:c149, s7:c149, s12:c149, s8:c149, s9:c147, s14:c149, s2:c146], cId:8008, entries: [(t:1, i:151), STATEMACHINELOGENTRY, 7996@client-E8995F8E72F5]
2023-03-17 00:26:26,765 DEBUG server.RaftServer$Division (RaftServerImpl.java:logAppendEntries(1430)) - s0@group-6E994AD85659: receive appendEntries(s1, 1, (t:1, i:149), 149, true, commits:[s1:c149, s10:c147, s0:c147, s3:c147, s4:c149, s11:c147, s5:c149, s6:c145, s13:c148, s7:c147, s12:c147, s8:c149, s9:c147, s14:c147, s2:c146], cId:8004, entries: [(t:1, i:150), METADATAENTRY(c:149), (t:1, i:151), STATEMACHINELOGENTRY, 7996@client-E8995F8E72F5]
2023-03-17 00:26:26,765 DEBUG server.RaftServer$Division (RaftServerImpl.java:logAppendEntries(1430)) - s14@group-6E994AD85659: receive appendEntries(s1, 1, (t:1, i:150), 149, true, commits:[s1:c149, s10:c147, s0:c147, s3:c149, s4:c149, s11:c147, s5:c149, s6:c145, s13:c149, s7:c147, s12:c149, s8:c149, s9:c147, s14:c149, s2:c146], cId:8007, entries: [(t:1, i:151), STATEMACHINELOGENTRY, 7996@client-E8995F8E72F5]
2023-03-17 00:26:26,766 DEBUG server.RaftServer$Division (RaftServerImpl.java:logAppendEntries(1430)) - s9@group-6E994AD85659: receive appendEntries(s1, 1, (t:1, i:149), 149, true, commits:[s1:c149, s10:c147, s0:c147, s3:c147, s4:c147, s11:c147, s5:c146, s6:c145, s13:c147, s7:c147, s12:c147, s8:c146, s9:c147, s14:c147, s2:c146], cId:7992, entries: [(t:1, i:150), METADATAENTRY(c:149)]
2023-03-17 00:26:26,766 DEBUG server.RaftServer$Division (RaftServerImpl.java:logAppendEntries(1430)) - s11@group-6E994AD85659: receive appendEntries(s1, 1, (t:1, i:149), 149, true, commits:[s1:c149, s10:c147, s0:c147, s3:c147, s4:c149, s11:c147, s5:c149, s6:c145, s13:c148, s7:c147, s12:c147, s8:c147, s9:c147, s14:c147, s2:c146], cId:8002, entries: [(t:1, i:150), METADATAENTRY(c:149), (t:1, i:151), STATEMACHINELOGENTRY, 7996@client-E8995F8E72F5]
2023-03-17 00:26:26,766 DEBUG server.RaftServer$Division (RaftServerImpl.java:logAppendEntries(1430)) - s7@group-6E994AD85659: succeeded to handle AppendEntries. Reply: s1<-s7#8008:OK-t1,SUCCESS,nextIndex=152,followerCommit=150,matchIndex=151
2023-03-17 00:26:26,766 DEBUG server.RaftServer$Division (RaftServerImpl.java:logAppendEntries(1430)) - s0@group-6E994AD85659: succeeded to handle AppendEntries. Reply: s1<-s0#8004:OK-t1,SUCCESS,nextIndex=152,followerCommit=149,matchIndex=151
2023-03-17 00:26:26,766 DEBUG server.RaftServer$Division (RaftServerImpl.java:logAppendEntries(1430)) - s14@group-6E994AD85659: succeeded to handle AppendEntries. Reply: s1<-s14#8007:OK-t1,SUCCESS,nextIndex=152,followerCommit=149,matchIndex=151
2023-03-17 00:26:26,767 DEBUG server.RaftServer$Division (RaftServerImpl.java:logAppendEntries(1430)) - s10@group-6E994AD85659: receive appendEntries(s1, 1, (t:1, i:150), 150, true, commits:[s1:c150, s10:c149, s0:c147, s3:c149, s4:c149, s11:c147, s5:c149, s6:c145, s13:c149, s7:c149, s12:c149, s8:c149, s9:c147, s14:c149, s2:c146], cId:8009, entries: [(t:1, i:151), STATEMACHINELOGENTRY, 7996@client-E8995F8E72F5]
2023-03-17 00:26:26,767 DEBUG server.RaftServer$Division (RaftServerImpl.java:logAppendEntries(1430)) - s9@group-6E994AD85659: succeeded to handle AppendEntries. Reply: s1<-s9#7992:OK-t1,SUCCESS,nextIndex=151,followerCommit=149,matchIndex=150
2023-03-17 00:26:26,767 DEBUG server.RaftServer$Division (RaftServerImpl.java:logAppendEntries(1430)) - s2@group-6E994AD85659: receive appendEntries(s1, 1, (t:1, i:150), 150, true, commits:[s1:c150, s10:c149, s0:c147, s3:c149, s4:c149, s11:c147, s5:c149, s6:c145, s13:c149, s7:c149, s12:c149, s8:c149, s9:c147, s14:c149, s2:c149], cId:8010, entries: [(t:1, i:151), STATEMACHINELOGENTRY, 7996@client-E8995F8E72F5]
2023-03-17 00:26:26,767 DEBUG server.RaftServer$Division (RaftServerImpl.java:logAppendEntries(1430)) - s10@group-6E994AD85659: succeeded to handle AppendEntries. Reply: s1<-s10#8009:OK-t1,SUCCESS,nextIndex=152,followerCommit=150,matchIndex=151
2023-03-17 00:26:26,767 DEBUG server.RaftServer$Division (RaftServerImpl.java:logAppendEntries(1430)) - s2@group-6E994AD85659: succeeded to handle AppendEntries. Reply: s1<-s2#8010:OK-t1,SUCCESS,nextIndex=152,followerCommit=150,matchIndex=151
2023-03-17 00:26:26,764 DEBUG server.RaftServer$Division (RaftServerImpl.java:logAppendEntries(1430)) - s5@group-6E994AD85659: receive appendEntries(s1, 1, (t:1, i:150), 149, true, commits:[s1:c149, s10:c147, s0:c147, s3:c147, s4:c147, s11:c147, s5:c149, s6:c145, s13:c147, s7:c147, s12:c147, s8:c147, s9:c147, s14:c147, s2:c146], cId:7999, entries: [(t:1, i:151), STATEMACHINELOGENTRY, 7996@client-E8995F8E72F5]
2023-03-17 00:26:26,768 INFO  statemachine.StateMachine (ArithmeticStateMachine.java:applyTransaction(182)) - LEADER:s1-151: b = 5724 = 5724
2023-03-17 00:26:26,766 DEBUG server.RaftServer$Division (RaftServerImpl.java:logAppendEntries(1430)) - s8@group-6E994AD85659: receive appendEntries(s1, 1, (t:1, i:150), 149, true, commits:[s1:c149, s10:c147, s0:c147, s3:c147, s4:c149, s11:c147, s5:c149, s6:c145, s13:c148, s7:c147, s12:c147, s8:c149, s9:c147, s14:c147, s2:c146], cId:8003, entries: [(t:1, i:151), STATEMACHINELOGENTRY, 7996@client-E8995F8E72F5]
2023-03-17 00:26:26,769 DEBUG server.RaftServer$Division (RaftServerImpl.java:logAppendEntries(1430)) - s5@group-6E994AD85659: succeeded to handle AppendEntries. Reply: s1<-s5#7999:OK-t1,SUCCESS,nextIndex=152,followerCommit=149,matchIndex=151
2023-03-17 00:26:26,769 DEBUG server.RaftServer$Division (RaftServerImpl.java:logAppendEntries(1430)) - s8@group-6E994AD85659: succeeded to handle AppendEntries. Reply: s1<-s8#8003:OK-t1,SUCCESS,nextIndex=152,followerCommit=149,matchIndex=151
2023-03-17 00:26:26,769 DEBUG server.RaftServer$Division (RaftServerImpl.java:submitClientRequestAsync(835)) - s1@group-6E994AD85659: receive client request(RaftClientRequest:client-E8995F8E72F5->s1@group-6E994AD85659, cid=8014, seq=0, RW, Message:01016304010300040201...(size=17))
2023-03-17 00:26:26,770 DEBUG server.RaftServer$Division (RaftServerImpl.java:logAppendEntries(1430)) - s11@group-6E994AD85659: succeeded to handle AppendEntries. Reply: s1<-s11#8002:OK-t1,SUCCESS,nextIndex=152,followerCommit=149,matchIndex=151
2023-03-17 00:26:26,770 DEBUG server.RaftServer$Division (RaftServerImpl.java:logAppendEntries(1430)) - s7@group-6E994AD85659: receive appendEntries(s1, 1, (t:1, i:151), 151, true, commits:[s1:c151, s10:c150, s0:c149, s3:c149, s4:c149, s11:c147, s5:c149, s6:c145, s13:c149, s7:c150, s12:c149, s8:c149, s9:c149, s14:c149, s2:c150], cId:8012, entries: [(t:1, i:152), METADATAENTRY(c:151)]
2023-03-17 00:26:26,770 DEBUG server.RaftServer$Division (RaftServerImpl.java:logAppendEntries(1430)) - s13@group-6E994AD85659: receive appendEntries(s1, 1, (t:1, i:151), 151, true, commits:[s1:c151, s10:c150, s0:c149, s3:c149, s4:c149, s11:c147, s5:c149, s6:c145, s13:c149, s7:c150, s12:c149, s8:c149, s9:c149, s14:c149, s2:c150], cId:8013, entries: [(t:1, i:152), METADATAENTRY(c:151)]
2023-03-17 00:26:26,770 DEBUG server.RaftServer$Division (LeaderStateImpl.java:addPendingRequest(474)) - s1@group-6E994AD85659-LeaderStateImpl: addPendingRequest at RaftClientRequest:client-E8995F8E72F5->s1@group-6E994AD85659, cid=8014, seq=0, RW, Message:01016304010300040201...(size=17), entry=(t:1, i:153), STATEMACHINELOGENTRY, 8014@client-E8995F8E72F5
2023-03-17 00:26:26,771 DEBUG server.RaftServer$Division (RaftServerImpl.java:logAppendEntries(1430)) - s7@group-6E994AD85659: succeeded to handle AppendEntries. Reply: s1<-s7#8012:OK-t1,SUCCESS,nextIndex=153,followerCommit=151,matchIndex=152
2023-03-17 00:26:26,771 DEBUG server.RaftServer$Division (RaftServerImpl.java:logAppendEntries(1430)) - s3@group-6E994AD85659: receive appendEntries(s1, 1, (t:1, i:151), 151, true, commits:[s1:c151, s10:c150, s0:c149, s3:c149, s4:c149, s11:c147, s5:c149, s6:c145, s13:c149, s7:c150, s12:c149, s8:c149, s9:c149, s14:c149, s2:c150], cId:8019, entries: [(t:1, i:152), METADATAENTRY(c:151)]
2023-03-17 00:26:26,771 DEBUG server.RaftServer$Division (RaftServerImpl.java:logAppendEntries(1430)) - s13@group-6E994AD85659: succeeded to handle AppendEntries. Reply: s1<-s13#8013:OK-t1,SUCCESS,nextIndex=153,followerCommit=151,matchIndex=152
2023-03-17 00:26:26,770 DEBUG server.RaftServer$Division (RaftServerImpl.java:logAppendEntries(1430)) - s4@group-6E994AD85659: receive appendEntries(s1, 1, (t:1, i:151), 151, true, commits:[s1:c151, s10:c150, s0:c149, s3:c149, s4:c149, s11:c147, s5:c149, s6:c145, s13:c149, s7:c150, s12:c149, s8:c149, s9:c149, s14:c149, s2:c150], cId:8011, entries: [(t:1, i:152), METADATAENTRY(c:151)]
2023-03-17 00:26:26,771 DEBUG server.RaftServer$Division (RaftServerImpl.java:logAppendEntries(1430)) - s3@group-6E994AD85659: succeeded to handle AppendEntries. Reply: s1<-s3#8019:OK-t1,SUCCESS,nextIndex=153,followerCommit=151,matchIndex=152
2023-03-17 00:26:26,772 DEBUG server.RaftServer$Division (RaftServerImpl.java:logAppendEntries(1430)) - s12@group-6E994AD85659: receive appendEntries(s1, 1, (t:1, i:151), 151, true, commits:[s1:c151, s10:c150, s0:c149, s3:c149, s4:c149, s11:c147, s5:c149, s6:c145, s13:c149, s7:c151, s12:c149, s8:c149, s9:c149, s14:c149, s2:c150], cId:8020, entries: [(t:1, i:152), METADATAENTRY(c:151)]
2023-03-17 00:26:26,772 DEBUG server.RaftServer$Division (RaftServerImpl.java:logAppendEntries(1430)) - s4@group-6E994AD85659: succeeded to handle AppendEntries. Reply: s1<-s4#8011:OK-t1,SUCCESS,nextIndex=153,followerCommit=151,matchIndex=152
2023-03-17 00:26:26,773 DEBUG server.RaftServer$Division (RaftServerImpl.java:logAppendEntries(1430)) - s12@group-6E994AD85659: succeeded to handle AppendEntries. Reply: s1<-s12#8020:OK-t1,SUCCESS,nextIndex=153,followerCommit=151,matchIndex=152
2023-03-17 00:26:26,773 DEBUG server.RaftServer$Division (RaftServerImpl.java:logAppendEntries(1430)) - s14@group-6E994AD85659: receive appendEntries(s1, 1, (t:1, i:151), 151, true, commits:[s1:c151, s10:c150, s0:c149, s3:c149, s4:c149, s11:c149, s5:c149, s6:c145, s13:c149, s7:c151, s12:c149, s8:c149, s9:c149, s14:c149, s2:c150], cId:8021, entries: [(t:1, i:152), METADATAENTRY(c:151), (t:1, i:153), STATEMACHINELOGENTRY, 8014@client-E8995F8E72F5]
2023-03-17 00:26:26,773 DEBUG server.RaftServer$Division (RaftServerImpl.java:logAppendEntries(1430)) - s3@group-6E994AD85659: receive appendEntries(s1, 1, (t:1, i:152), 151, true, commits:[s1:c151, s10:c150, s0:c149, s3:c151, s4:c151, s11:c149, s5:c149, s6:c145, s13:c149, s7:c151, s12:c149, s8:c149, s9:c149, s14:c149, s2:c150], cId:8025, entries: [(t:1, i:153), STATEMACHINELOGENTRY, 8014@client-E8995F8E72F5]
2023-03-17 00:26:26,774 DEBUG server.RaftServer$Division (RaftServerImpl.java:logAppendEntries(1430)) - s7@group-6E994AD85659: receive appendEntries(s1, 1, (t:1, i:152), 151, true, commits:[s1:c151, s10:c150, s0:c149, s3:c151, s4:c151, s11:c149, s5:c149, s6:c145, s13:c149, s7:c151, s12:c149, s8:c149, s9:c149, s14:c149, s2:c150], cId:8023, entries: [(t:1, i:153), STATEMACHINELOGENTRY, 8014@client-E8995F8E72F5]
2023-03-17 00:26:26,774 DEBUG server.RaftServer$Division (RaftServerImpl.java:logAppendEntries(1430)) - s14@group-6E994AD85659: succeeded to handle AppendEntries. Reply: s1<-s14#8021:OK-t1,SUCCESS,nextIndex=154,followerCommit=151,matchIndex=153
2023-03-17 00:26:26,774 DEBUG server.RaftServer$Division (RaftServerImpl.java:logAppendEntries(1430)) - s4@group-6E994AD85659: receive appendEntries(s1, 1, (t:1, i:152), 151, true, commits:[s1:c151, s10:c150, s0:c149, s3:c151, s4:c151, s11:c149, s5:c149, s6:c145, s13:c149, s7:c151, s12:c149, s8:c149, s9:c149, s14:c149, s2:c150], cId:8026, entries: [(t:1, i:153), STATEMACHINELOGENTRY, 8014@client-E8995F8E72F5]
2023-03-17 00:26:26,774 DEBUG server.RaftServer$Division (RaftServerImpl.java:logAppendEntries(1430)) - s3@group-6E994AD85659: succeeded to handle AppendEntries. Reply: s1<-s3#8025:OK-t1,SUCCESS,nextIndex=154,followerCommit=151,matchIndex=153
2023-03-17 00:26:26,774 DEBUG server.RaftServer$Division (RaftServerImpl.java:logAppendEntries(1430)) - s7@group-6E994AD85659: succeeded to handle AppendEntries. Reply: s1<-s7#8023:OK-t1,SUCCESS,nextIndex=154,followerCommit=151,matchIndex=153
2023-03-17 00:26:26,775 DEBUG server.RaftServer$Division (RaftServerImpl.java:logAppendEntries(1430)) - s12@group-6E994AD85659: receive appendEntries(s1, 1, (t:1, i:152), 151, true, commits:[s1:c151, s10:c150, s0:c149, s3:c151, s4:c151, s11:c149, s5:c149, s6:c145, s13:c149, s7:c151, s12:c151, s8:c149, s9:c149, s14:c151, s2:c150], cId:8027, entries: [(t:1, i:153), STATEMACHINELOGENTRY, 8014@client-E8995F8E72F5]
2023-03-17 00:26:26,775 DEBUG server.RaftServer$Division (RaftServerImpl.java:logAppendEntries(1430)) - s0@group-6E994AD85659: receive appendEntries(s1, 1, (t:1, i:151), 151, true, commits:[s1:c151, s10:c150, s0:c149, s3:c149, s4:c149, s11:c147, s5:c149, s6:c145, s13:c149, s7:c150, s12:c149, s8:c149, s9:c149, s14:c149, s2:c150], cId:8017, entries: [(t:1, i:152), METADATAENTRY(c:151)]
2023-03-17 00:26:26,775 DEBUG server.RaftServer$Division (RaftServerImpl.java:logAppendEntries(1430)) - s4@group-6E994AD85659: succeeded to handle AppendEntries. Reply: s1<-s4#8026:OK-t1,SUCCESS,nextIndex=154,followerCommit=151,matchIndex=153
2023-03-17 00:26:26,775 DEBUG server.RaftServer$Division (RaftServerImpl.java:logAppendEntries(1430)) - s0@group-6E994AD85659: succeeded to handle AppendEntries. Reply: s1<-s0#8017:OK-t1,SUCCESS,nextIndex=153,followerCommit=151,matchIndex=152
2023-03-17 00:26:26,775 DEBUG server.RaftServer$Division (RaftServerImpl.java:logAppendEntries(1430)) - s12@group-6E994AD85659: succeeded to handle AppendEntries. Reply: s1<-s12#8027:OK-t1,SUCCESS,nextIndex=154,followerCommit=151,matchIndex=153
2023-03-17 00:26:26,776 DEBUG server.RaftServer$Division (RaftServerImpl.java:logAppendEntries(1430)) - s9@group-6E994AD85659: receive appendEntries(s1, 1, (t:1, i:150), 151, true, commits:[s1:c151, s10:c150, s0:c149, s3:c149, s4:c149, s11:c149, s5:c149, s6:c145, s13:c149, s7:c151, s12:c149, s8:c149, s9:c149, s14:c149, s2:c150], cId:8016, entries: [(t:1, i:151), STATEMACHINELOGENTRY, 7996@client-E8995F8E72F5, (t:1, i:152), METADATAENTRY(c:151)]
2023-03-17 00:26:26,776 DEBUG server.RaftServer$Division (RaftServerImpl.java:logAppendEntries(1430)) - s13@group-6E994AD85659: receive appendEntries(s1, 1, (t:1, i:152), 151, true, commits:[s1:c151, s10:c150, s0:c149, s3:c151, s4:c151, s11:c149, s5:c149, s6:c145, s13:c151, s7:c151, s12:c151, s8:c149, s9:c149, s14:c151, s2:c150], cId:8028, entries: [(t:1, i:153), STATEMACHINELOGENTRY, 8014@client-E8995F8E72F5]
2023-03-17 00:26:26,776 DEBUG server.RaftServer$Division (RaftServerImpl.java:logAppendEntries(1430)) - s9@group-6E994AD85659: succeeded to handle AppendEntries. Reply: s1<-s9#8016:OK-t1,SUCCESS,nextIndex=153,followerCommit=151,matchIndex=152
2023-03-17 00:26:26,777 DEBUG server.RaftServer$Division (RaftServerImpl.java:logAppendEntries(1430)) - s13@group-6E994AD85659: succeeded to handle AppendEntries. Reply: s1<-s13#8028:OK-t1,SUCCESS,nextIndex=154,followerCommit=151,matchIndex=153
2023-03-17 00:26:26,777 DEBUG server.RaftServer$Division (RaftServerImpl.java:logAppendEntries(1430)) - s11@group-6E994AD85659: receive appendEntries(s1, 1, (t:1, i:151), 151, true, commits:[s1:c151, s10:c150, s0:c149, s3:c151, s4:c151, s11:c149, s5:c149, s6:c145, s13:c149, s7:c151, s12:c149, s8:c149, s9:c149, s14:c149, s2:c150], cId:8024, entries: [(t:1, i:152), METADATAENTRY(c:151), (t:1, i:153), STATEMACHINELOGENTRY, 8014@client-E8995F8E72F5]
2023-03-17 00:26:26,777 DEBUG server.RaftServer$Division (RaftServerImpl.java:logAppendEntries(1430)) - s0@group-6E994AD85659: receive appendEntries(s1, 1, (t:1, i:152), 151, true, commits:[s1:c151, s10:c150, s0:c151, s3:c151, s4:c151, s11:c149, s5:c149, s6:c145, s13:c151, s7:c151, s12:c151, s8:c149, s9:c149, s14:c151, s2:c150], cId:8029, entries: [(t:1, i:153), STATEMACHINELOGENTRY, 8014@client-E8995F8E72F5]
2023-03-17 00:26:26,777 DEBUG server.RaftServer$Division (RaftServerImpl.java:logAppendEntries(1430)) - s9@group-6E994AD85659: receive appendEntries(s1, 1, (t:1, i:152), 152, true, commits:[s1:c152, s10:c150, s0:c151, s3:c151, s4:c151, s11:c149, s5:c149, s6:c145, s13:c151, s7:c151, s12:c151, s8:c149, s9:c151, s14:c151, s2:c150], cId:8030, entries: [(t:1, i:153), STATEMACHINELOGENTRY, 8014@client-E8995F8E72F5]
2023-03-17 00:26:26,778 DEBUG server.RaftServer$Division (RaftServerImpl.java:logAppendEntries(1430)) - s0@group-6E994AD85659: succeeded to handle AppendEntries. Reply: s1<-s0#8029:OK-t1,SUCCESS,nextIndex=154,followerCommit=151,matchIndex=153
2023-03-17 00:26:26,778 DEBUG server.RaftServer$Division (RaftServerImpl.java:logAppendEntries(1430)) - s11@group-6E994AD85659: succeeded to handle AppendEntries. Reply: s1<-s11#8024:OK-t1,SUCCESS,nextIndex=154,followerCommit=151,matchIndex=153
2023-03-17 00:26:26,778 DEBUG server.RaftServer$Division (RaftServerImpl.java:logAppendEntries(1430)) - s2@group-6E994AD85659: receive appendEntries(s1, 1, (t:1, i:151), 151, true, commits:[s1:c151, s10:c150, s0:c149, s3:c149, s4:c149, s11:c147, s5:c149, s6:c145, s13:c149, s7:c150, s12:c149, s8:c149, s9:c149, s14:c149, s2:c150], cId:8015, entries: [(t:1, i:152), METADATAENTRY(c:151)]
2023-03-17 00:26:26,779 DEBUG server.RaftServer$Division (RaftServerImpl.java:logAppendEntries(1430)) - s8@group-6E994AD85659: receive appendEntries(s1, 1, (t:1, i:151), 151, true, commits:[s1:c151, s10:c150, s0:c149, s3:c151, s4:c151, s11:c149, s5:c149, s6:c145, s13:c149, s7:c151, s12:c149, s8:c149, s9:c149, s14:c149, s2:c150], cId:8022, entries: [(t:1, i:152), METADATAENTRY(c:151), (t:1, i:153), STATEMACHINELOGENTRY, 8014@client-E8995F8E72F5]
2023-03-17 00:26:26,779 DEBUG server.RaftServer$Division (RaftServerImpl.java:logAppendEntries(1430)) - s10@group-6E994AD85659: receive appendEntries(s1, 1, (t:1, i:151), 151, true, commits:[s1:c151, s10:c150, s0:c149, s3:c149, s4:c149, s11:c147, s5:c149, s6:c145, s13:c149, s7:c150, s12:c149, s8:c149, s9:c149, s14:c149, s2:c150], cId:8018, entries: [(t:1, i:152), METADATAENTRY(c:151)]
2023-03-17 00:26:26,779 DEBUG server.RaftServer$Division (RaftServerImpl.java:logAppendEntries(1430)) - s9@group-6E994AD85659: succeeded to handle AppendEntries. Reply: s1<-s9#8030:OK-t1,SUCCESS,nextIndex=154,followerCommit=152,matchIndex=153
2023-03-17 00:26:26,779 DEBUG server.RaftServer$Division (RaftServerImpl.java:logAppendEntries(1430)) - s2@group-6E994AD85659: succeeded to handle AppendEntries. Reply: s1<-s2#8015:OK-t1,SUCCESS,nextIndex=153,followerCommit=151,matchIndex=152
2023-03-17 00:26:26,779 DEBUG server.RaftServer$Division (RaftServerImpl.java:logAppendEntries(1430)) - s8@group-6E994AD85659: succeeded to handle AppendEntries. Reply: s1<-s8#8022:OK-t1,SUCCESS,nextIndex=154,followerCommit=151,matchIndex=153
2023-03-17 00:26:26,779 DEBUG server.RaftServer$Division (RaftServerImpl.java:logAppendEntries(1430)) - s10@group-6E994AD85659: succeeded to handle AppendEntries. Reply: s1<-s10#8018:OK-t1,SUCCESS,nextIndex=153,followerCommit=151,matchIndex=152
2023-03-17 00:26:26,780 INFO  statemachine.StateMachine (ArithmeticStateMachine.java:applyTransaction(182)) - LEADER:s1-153: c = √(a^2 + b^2) = 5725
2023-03-17 00:26:26,780 DEBUG server.RaftServer$Division (RaftServerImpl.java:logAppendEntries(1430)) - s5@group-6E994AD85659: receive appendEntries(s1, 1, (t:1, i:151), 152, true, commits:[s1:c152, s10:c150, s0:c151, s3:c151, s4:c151, s11:c149, s5:c149, s6:c145, s13:c151, s7:c151, s12:c151, s8:c149, s9:c151, s14:c151, s2:c150], cId:8031, entries: [(t:1, i:152), METADATAENTRY(c:151), (t:1, i:153), STATEMACHINELOGENTRY, 8014@client-E8995F8E72F5]
2023-03-17 00:26:26,781 DEBUG server.RaftServer$Division (RaftServerImpl.java:logAppendEntries(1430)) - s3@group-6E994AD85659: receive appendEntries(s1, 1, (t:1, i:153), 153, true, commits:[s1:c153, s10:c151, s0:c151, s3:c151, s4:c151, s11:c151, s5:c149, s6:c145, s13:c151, s7:c151, s12:c151, s8:c149, s9:c151, s14:c151, s2:c151], cId:8040, entries: [(t:1, i:154), METADATAENTRY(c:153)]
2023-03-17 00:26:26,781 DEBUG server.RaftServer$Division (RaftServerImpl.java:logAppendEntries(1430)) - s3@group-6E994AD85659: succeeded to handle AppendEntries. Reply: s1<-s3#8040:OK-t1,SUCCESS,nextIndex=155,followerCommit=153,matchIndex=154
2023-03-17 00:26:26,782 DEBUG server.RaftServer$Division (RaftServerImpl.java:logAppendEntries(1430)) - s5@group-6E994AD85659: succeeded to handle AppendEntries. Reply: s1<-s5#8031:OK-t1,SUCCESS,nextIndex=154,followerCommit=152,matchIndex=153
2023-03-17 00:26:26,783 DEBUG server.RaftServer$Division (RaftServerImpl.java:logAppendEntries(1430)) - s8@group-6E994AD85659: receive appendEntries(s1, 1, (t:1, i:153), 153, true, commits:[s1:c153, s10:c151, s0:c151, s3:c151, s4:c151, s11:c151, s5:c149, s6:c145, s13:c151, s7:c151, s12:c151, s8:c151, s9:c151, s14:c151, s2:c151], cId:8042, entries: [(t:1, i:154), METADATAENTRY(c:153)]
2023-03-17 00:26:26,783 DEBUG server.RaftServer$Division (RaftServerImpl.java:logAppendEntries(1430)) - s8@group-6E994AD85659: succeeded to handle AppendEntries. Reply: s1<-s8#8042:OK-t1,SUCCESS,nextIndex=155,followerCommit=153,matchIndex=154
2023-03-17 00:26:26,783 DEBUG server.RaftServer$Division (RaftServerImpl.java:logAppendEntries(1430)) - s10@group-6E994AD85659: receive appendEntries(s1, 1, (t:1, i:152), 153, true, commits:[s1:c153, s10:c151, s0:c151, s3:c151, s4:c151, s11:c151, s5:c149, s6:c145, s13:c151, s7:c151, s12:c151, s8:c149, s9:c151, s14:c151, s2:c151], cId:8039, entries: [(t:1, i:153), STATEMACHINELOGENTRY, 8014@client-E8995F8E72F5, (t:1, i:154), METADATAENTRY(c:153)]
2023-03-17 00:26:26,784 DEBUG server.RaftServer$Division (RaftServerImpl.java:logAppendEntries(1430)) - s5@group-6E994AD85659: receive appendEntries(s1, 1, (t:1, i:153), 153, true, commits:[s1:c153, s10:c151, s0:c151, s3:c153, s4:c151, s11:c151, s5:c152, s6:c145, s13:c151, s7:c151, s12:c151, s8:c151, s9:c151, s14:c151, s2:c151], cId:8044, entries: [(t:1, i:154), METADATAENTRY(c:153)]
2023-03-17 00:26:26,784 DEBUG server.RaftServer$Division (RaftServerImpl.java:logAppendEntries(1430)) - s2@group-6E994AD85659: receive appendEntries(s1, 1, (t:1, i:152), 153, true, commits:[s1:c153, s10:c150, s0:c151, s3:c151, s4:c151, s11:c151, s5:c149, s6:c145, s13:c151, s7:c151, s12:c151, s8:c149, s9:c151, s14:c151, s2:c151], cId:8035, entries: [(t:1, i:153), STATEMACHINELOGENTRY, 8014@client-E8995F8E72F5, (t:1, i:154), METADATAENTRY(c:153)]
2023-03-17 00:26:26,784 DEBUG server.RaftServer$Division (RaftServerImpl.java:logAppendEntries(1430)) - s10@group-6E994AD85659: succeeded to handle AppendEntries. Reply: s1<-s10#8039:OK-t1,SUCCESS,nextIndex=155,followerCommit=153,matchIndex=154
2023-03-17 00:26:26,784 DEBUG server.RaftServer$Division (RaftServerImpl.java:submitClientRequestAsync(835)) - s1@group-6E994AD85659: receive client request(RaftClientRequest:client-E8995F8E72F5->s1@group-6E994AD85659, cid=8043, seq=0, RW, Message:01016100)
2023-03-17 00:26:26,784 DEBUG server.RaftServer$Division (RaftServerImpl.java:logAppendEntries(1430)) - s5@group-6E994AD85659: succeeded to handle AppendEntries. Reply: s1<-s5#8044:OK-t1,SUCCESS,nextIndex=155,followerCommit=153,matchIndex=154
2023-03-17 00:26:26,784 DEBUG server.RaftServer$Division (LeaderStateImpl.java:addPendingRequest(474)) - s1@group-6E994AD85659-LeaderStateImpl: addPendingRequest at RaftClientRequest:client-E8995F8E72F5->s1@group-6E994AD85659, cid=8043, seq=0, RW, Message:01016100, entry=(t:1, i:155), STATEMACHINELOGENTRY, 8043@client-E8995F8E72F5
2023-03-17 00:26:26,785 DEBUG server.RaftServer$Division (RaftServerImpl.java:logAppendEntries(1430)) - s2@group-6E994AD85659: succeeded to handle AppendEntries. Reply: s1<-s2#8035:OK-t1,SUCCESS,nextIndex=155,followerCommit=153,matchIndex=154
2023-03-17 00:26:26,785 DEBUG server.RaftServer$Division (RaftServerImpl.java:logAppendEntries(1430)) - s3@group-6E994AD85659: receive appendEntries(s1, 1, (t:1, i:154), 153, true, commits:[s1:c153, s10:c153, s0:c151, s3:c153, s4:c151, s11:c151, s5:c152, s6:c145, s13:c151, s7:c151, s12:c151, s8:c153, s9:c151, s14:c151, s2:c151], cId:8047, entries: [(t:1, i:155), STATEMACHINELOGENTRY, 8043@client-E8995F8E72F5]
2023-03-17 00:26:26,785 DEBUG server.RaftServer$Division (RaftServerImpl.java:logAppendEntries(1430)) - s12@group-6E994AD85659: receive appendEntries(s1, 1, (t:1, i:153), 153, true, commits:[s1:c153, s10:c151, s0:c151, s3:c151, s4:c151, s11:c151, s5:c149, s6:c145, s13:c151, s7:c151, s12:c151, s8:c149, s9:c151, s14:c151, s2:c151], cId:8041, entries: [(t:1, i:154), METADATAENTRY(c:153)]
2023-03-17 00:26:26,786 DEBUG server.RaftServer$Division (RaftServerImpl.java:logAppendEntries(1430)) - s3@group-6E994AD85659: succeeded to handle AppendEntries. Reply: s1<-s3#8047:OK-t1,SUCCESS,nextIndex=156,followerCommit=153,matchIndex=155
2023-03-17 00:26:26,786 DEBUG server.RaftServer$Division (RaftServerImpl.java:logAppendEntries(1430)) - s4@group-6E994AD85659: receive appendEntries(s1, 1, (t:1, i:153), 153, true, commits:[s1:c153, s10:c150, s0:c151, s3:c151, s4:c151, s11:c151, s5:c149, s6:c145, s13:c151, s7:c151, s12:c151, s8:c149, s9:c151, s14:c151, s2:c150], cId:8032, entries: [(t:1, i:154), METADATAENTRY(c:153)]
2023-03-17 00:26:26,786 DEBUG server.RaftServer$Division (RaftServerImpl.java:logAppendEntries(1430)) - s10@group-6E994AD85659: receive appendEntries(s1, 1, (t:1, i:154), 153, true, commits:[s1:c153, s10:c153, s0:c151, s3:c153, s4:c151, s11:c151, s5:c152, s6:c145, s13:c151, s7:c151, s12:c151, s8:c153, s9:c151, s14:c151, s2:c151], cId:8045, entries: [(t:1, i:155), STATEMACHINELOGENTRY, 8043@client-E8995F8E72F5]
2023-03-17 00:26:26,786 DEBUG server.RaftServer$Division (RaftServerImpl.java:logAppendEntries(1430)) - s12@group-6E994AD85659: succeeded to handle AppendEntries. Reply: s1<-s12#8041:OK-t1,SUCCESS,nextIndex=155,followerCommit=153,matchIndex=154
2023-03-17 00:26:26,787 DEBUG server.RaftServer$Division (RaftServerImpl.java:logAppendEntries(1430)) - s4@group-6E994AD85659: succeeded to handle AppendEntries. Reply: s1<-s4#8032:OK-t1,SUCCESS,nextIndex=155,followerCommit=153,matchIndex=154
2023-03-17 00:26:26,787 DEBUG server.RaftServer$Division (RaftServerImpl.java:logAppendEntries(1430)) - s14@group-6E994AD85659: receive appendEntries(s1, 1, (t:1, i:153), 153, true, commits:[s1:c153, s10:c150, s0:c151, s3:c151, s4:c151, s11:c151, s5:c149, s6:c145, s13:c151, s7:c151, s12:c151, s8:c149, s9:c151, s14:c151, s2:c151], cId:8036, entries: [(t:1, i:154), METADATAENTRY(c:153)]
2023-03-17 00:26:26,787 DEBUG server.RaftServer$Division (RaftServerImpl.java:logAppendEntries(1430)) - s10@group-6E994AD85659: succeeded to handle AppendEntries. Reply: s1<-s10#8045:OK-t1,SUCCESS,nextIndex=156,followerCommit=153,matchIndex=155
2023-03-17 00:26:26,787 DEBUG server.RaftServer$Division (RaftServerImpl.java:logAppendEntries(1430)) - s7@group-6E994AD85659: receive appendEntries(s1, 1, (t:1, i:153), 153, true, commits:[s1:c153, s10:c151, s0:c151, s3:c151, s4:c151, s11:c151, s5:c149, s6:c145, s13:c151, s7:c151, s12:c151, s8:c149, s9:c151, s14:c151, s2:c151], cId:8038, entries: [(t:1, i:154), METADATAENTRY(c:153)]
2023-03-17 00:26:26,788 DEBUG server.RaftServer$Division (RaftServerImpl.java:logAppendEntries(1430)) - s14@group-6E994AD85659: succeeded to handle AppendEntries. Reply: s1<-s14#8036:OK-t1,SUCCESS,nextIndex=155,followerCommit=153,matchIndex=154
2023-03-17 00:26:26,788 DEBUG server.RaftServer$Division (RaftServerImpl.java:logAppendEntries(1430)) - s0@group-6E994AD85659: receive appendEntries(s1, 1, (t:1, i:153), 153, true, commits:[s1:c153, s10:c150, s0:c151, s3:c151, s4:c151, s11:c151, s5:c149, s6:c145, s13:c151, s7:c151, s12:c151, s8:c149, s9:c151, s14:c151, s2:c151], cId:8037, entries: [(t:1, i:154), METADATAENTRY(c:153)]
2023-03-17 00:26:26,788 DEBUG server.RaftServer$Division (RaftServerImpl.java:logAppendEntries(1430)) - s7@group-6E994AD85659: succeeded to handle AppendEntries. Reply: s1<-s7#8038:OK-t1,SUCCESS,nextIndex=155,followerCommit=153,matchIndex=154
2023-03-17 00:26:26,789 DEBUG server.RaftServer$Division (RaftServerImpl.java:logAppendEntries(1430)) - s11@group-6E994AD85659: receive appendEntries(s1, 1, (t:1, i:153), 153, true, commits:[s1:c153, s10:c150, s0:c151, s3:c151, s4:c151, s11:c151, s5:c149, s6:c145, s13:c151, s7:c151, s12:c151, s8:c149, s9:c151, s14:c151, s2:c150], cId:8033, entries: [(t:1, i:154), METADATAENTRY(c:153)]
2023-03-17 00:26:26,789 DEBUG server.RaftServer$Division (RaftServerImpl.java:logAppendEntries(1430)) - s4@group-6E994AD85659: receive appendEntries(s1, 1, (t:1, i:154), 153, true, commits:[s1:c153, s10:c153, s0:c151, s3:c153, s4:c153, s11:c151, s5:c153, s6:c145, s13:c151, s7:c151, s12:c153, s8:c153, s9:c151, s14:c153, s2:c151], cId:8050, entries: [(t:1, i:155), STATEMACHINELOGENTRY, 8043@client-E8995F8E72F5]
2023-03-17 00:26:26,790 DEBUG server.RaftServer$Division (RaftServerImpl.java:logAppendEntries(1430)) - s11@group-6E994AD85659: succeeded to handle AppendEntries. Reply: s1<-s11#8033:OK-t1,SUCCESS,nextIndex=155,followerCommit=153,matchIndex=154
2023-03-17 00:26:26,790 DEBUG server.RaftServer$Division (RaftServerImpl.java:logAppendEntries(1430)) - s4@group-6E994AD85659: succeeded to handle AppendEntries. Reply: s1<-s4#8050:OK-t1,SUCCESS,nextIndex=156,followerCommit=153,matchIndex=155
2023-03-17 00:26:26,790 DEBUG server.RaftServer$Division (RaftServerImpl.java:logAppendEntries(1430)) - s8@group-6E994AD85659: receive appendEntries(s1, 1, (t:1, i:154), 153, true, commits:[s1:c153, s10:c153, s0:c151, s3:c153, s4:c151, s11:c151, s5:c152, s6:c145, s13:c151, s7:c151, s12:c151, s8:c153, s9:c151, s14:c151, s2:c151], cId:8046, entries: [(t:1, i:155), STATEMACHINELOGENTRY, 8043@client-E8995F8E72F5]
2023-03-17 00:26:26,786 DEBUG server.RaftServer$Division (RaftServerImpl.java:logAppendEntries(1430)) - s13@group-6E994AD85659: receive appendEntries(s1, 1, (t:1, i:153), 153, true, commits:[s1:c153, s10:c150, s0:c151, s3:c151, s4:c151, s11:c151, s5:c149, s6:c145, s13:c151, s7:c151, s12:c151, s8:c149, s9:c151, s14:c151, s2:c151], cId:8034, entries: [(t:1, i:154), METADATAENTRY(c:153)]
2023-03-17 00:26:26,791 DEBUG server.RaftServer$Division (RaftServerImpl.java:logAppendEntries(1430)) - s11@group-6E994AD85659: receive appendEntries(s1, 1, (t:1, i:154), 154, true, commits:[s1:c154, s10:c153, s0:c151, s3:c153, s4:c153, s11:c153, s5:c153, s6:c145, s13:c151, s7:c153, s12:c153, s8:c153, s9:c151, s14:c153, s2:c151], cId:8053, entries: [(t:1, i:155), STATEMACHINELOGENTRY, 8043@client-E8995F8E72F5]
2023-03-17 00:26:26,790 DEBUG server.RaftServer$Division (RaftServerImpl.java:logAppendEntries(1430)) - s7@group-6E994AD85659: receive appendEntries(s1, 1, (t:1, i:154), 154, true, commits:[s1:c154, s10:c153, s0:c151, s3:c153, s4:c153, s11:c151, s5:c153, s6:c145, s13:c151, s7:c153, s12:c153, s8:c153, s9:c151, s14:c153, s2:c151], cId:8052, entries: [(t:1, i:155), STATEMACHINELOGENTRY, 8043@client-E8995F8E72F5]
2023-03-17 00:26:26,789 DEBUG server.RaftServer$Division (RaftServerImpl.java:logAppendEntries(1430)) - s0@group-6E994AD85659: succeeded to handle AppendEntries. Reply: s1<-s0#8037:OK-t1,SUCCESS,nextIndex=155,followerCommit=153,matchIndex=154
2023-03-17 00:26:26,789 DEBUG server.RaftServer$Division (RaftServerImpl.java:logAppendEntries(1430)) - s14@group-6E994AD85659: receive appendEntries(s1, 1, (t:1, i:154), 153, true, commits:[s1:c153, s10:c153, s0:c151, s3:c153, s4:c153, s11:c151, s5:c153, s6:c145, s13:c151, s7:c151, s12:c153, s8:c153, s9:c151, s14:c153, s2:c151], cId:8051, entries: [(t:1, i:155), STATEMACHINELOGENTRY, 8043@client-E8995F8E72F5]
2023-03-17 00:26:26,787 DEBUG server.RaftServer$Division (RaftServerImpl.java:logAppendEntries(1430)) - s12@group-6E994AD85659: receive appendEntries(s1, 1, (t:1, i:154), 153, true, commits:[s1:c153, s10:c153, s0:c151, s3:c153, s4:c151, s11:c151, s5:c153, s6:c145, s13:c151, s7:c151, s12:c153, s8:c153, s9:c151, s14:c151, s2:c151], cId:8049, entries: [(t:1, i:155), STATEMACHINELOGENTRY, 8043@client-E8995F8E72F5]
2023-03-17 00:26:26,792 DEBUG server.RaftServer$Division (RaftServerImpl.java:logAppendEntries(1430)) - s14@group-6E994AD85659: succeeded to handle AppendEntries. Reply: s1<-s14#8051:OK-t1,SUCCESS,nextIndex=156,followerCommit=153,matchIndex=155
2023-03-17 00:26:26,791 DEBUG server.RaftServer$Division (RaftServerImpl.java:logAppendEntries(1430)) - s7@group-6E994AD85659: succeeded to handle AppendEntries. Reply: s1<-s7#8052:OK-t1,SUCCESS,nextIndex=156,followerCommit=154,matchIndex=155
2023-03-17 00:26:26,791 DEBUG server.RaftServer$Division (RaftServerImpl.java:logAppendEntries(1430)) - s13@group-6E994AD85659: succeeded to handle AppendEntries. Reply: s1<-s13#8034:OK-t1,SUCCESS,nextIndex=155,followerCommit=153,matchIndex=154
2023-03-17 00:26:26,791 DEBUG server.RaftServer$Division (RaftServerImpl.java:logAppendEntries(1430)) - s8@group-6E994AD85659: succeeded to handle AppendEntries. Reply: s1<-s8#8046:OK-t1,SUCCESS,nextIndex=156,followerCommit=153,matchIndex=155
2023-03-17 00:26:26,792 DEBUG server.RaftServer$Division (RaftServerImpl.java:logAppendEntries(1430)) - s12@group-6E994AD85659: succeeded to handle AppendEntries. Reply: s1<-s12#8049:OK-t1,SUCCESS,nextIndex=156,followerCommit=153,matchIndex=155
2023-03-17 00:26:26,792 DEBUG server.RaftServer$Division (RaftServerImpl.java:logAppendEntries(1430)) - s0@group-6E994AD85659: receive appendEntries(s1, 1, (t:1, i:154), 154, true, commits:[s1:c154, s10:c153, s0:c153, s3:c153, s4:c153, s11:c153, s5:c153, s6:c145, s13:c151, s7:c153, s12:c153, s8:c153, s9:c152, s14:c153, s2:c151], cId:8055, entries: [(t:1, i:155), STATEMACHINELOGENTRY, 8043@client-E8995F8E72F5]
2023-03-17 00:26:26,793 DEBUG server.RaftServer$Division (RaftServerImpl.java:logAppendEntries(1430)) - s0@group-6E994AD85659: succeeded to handle AppendEntries. Reply: s1<-s0#8055:OK-t1,SUCCESS,nextIndex=156,followerCommit=154,matchIndex=155
2023-03-17 00:26:26,794 DEBUG server.RaftServer$Division (RaftServerImpl.java:logAppendEntries(1430)) - s5@group-6E994AD85659: receive appendEntries(s1, 1, (t:1, i:154), 153, true, commits:[s1:c153, s10:c153, s0:c151, s3:c153, s4:c151, s11:c151, s5:c153, s6:c145, s13:c151, s7:c151, s12:c151, s8:c153, s9:c151, s14:c151, s2:c151], cId:8048, entries: [(t:1, i:155), STATEMACHINELOGENTRY, 8043@client-E8995F8E72F5]
2023-03-17 00:26:26,794 DEBUG server.RaftServer$Division (RaftServerImpl.java:logAppendEntries(1430)) - s13@group-6E994AD85659: receive appendEntries(s1, 1, (t:1, i:154), 154, true, commits:[s1:c154, s10:c153, s0:c153, s3:c153, s4:c153, s11:c153, s5:c153, s6:c145, s13:c153, s7:c153, s12:c153, s8:c153, s9:c152, s14:c153, s2:c151], cId:8056, entries: [(t:1, i:155), STATEMACHINELOGENTRY, 8043@client-E8995F8E72F5]
2023-03-17 00:26:26,795 DEBUG server.RaftServer$Division (RaftServerImpl.java:logAppendEntries(1430)) - s3@group-6E994AD85659: receive appendEntries(s1, 1, (t:1, i:155), 155, true, commits:[s1:c155, s10:c153, s0:c154, s3:c153, s4:c153, s11:c153, s5:c153, s6:c145, s13:c153, s7:c154, s12:c153, s8:c153, s9:c152, s14:c153, s2:c151], cId:8062, entries: [(t:1, i:156), METADATAENTRY(c:155)]
2023-03-17 00:26:26,795 DEBUG server.RaftServer$Division (RaftServerImpl.java:logAppendEntries(1430)) - s14@group-6E994AD85659: receive appendEntries(s1, 1, (t:1, i:155), 155, true, commits:[s1:c155, s10:c153, s0:c154, s3:c153, s4:c153, s11:c153, s5:c153, s6:c145, s13:c153, s7:c154, s12:c153, s8:c153, s9:c152, s14:c153, s2:c151], cId:8059, entries: [(t:1, i:156), METADATAENTRY(c:155)]
2023-03-17 00:26:26,795 DEBUG server.RaftServer$Division (RaftServerImpl.java:logAppendEntries(1430)) - s12@group-6E994AD85659: receive appendEntries(s1, 1, (t:1, i:155), 155, true, commits:[s1:c155, s10:c153, s0:c154, s3:c153, s4:c153, s11:c153, s5:c153, s6:c145, s13:c153, s7:c154, s12:c153, s8:c153, s9:c152, s14:c153, s2:c151], cId:8063, entries: [(t:1, i:156), METADATAENTRY(c:155)]
2023-03-17 00:26:26,795 DEBUG server.RaftServer$Division (RaftServerImpl.java:logAppendEntries(1430)) - s13@group-6E994AD85659: succeeded to handle AppendEntries. Reply: s1<-s13#8056:OK-t1,SUCCESS,nextIndex=156,followerCommit=154,matchIndex=155
2023-03-17 00:26:26,795 DEBUG server.RaftServer$Division (RaftServerImpl.java:logAppendEntries(1430)) - s4@group-6E994AD85659: receive appendEntries(s1, 1, (t:1, i:155), 155, true, commits:[s1:c155, s10:c153, s0:c154, s3:c153, s4:c153, s11:c153, s5:c153, s6:c145, s13:c153, s7:c154, s12:c153, s8:c153, s9:c152, s14:c153, s2:c151], cId:8060, entries: [(t:1, i:156), METADATAENTRY(c:155)]
2023-03-17 00:26:26,794 DEBUG server.RaftServer$Division (RaftServerImpl.java:logAppendEntries(1430)) - s5@group-6E994AD85659: succeeded to handle AppendEntries. Reply: s1<-s5#8048:OK-t1,SUCCESS,nextIndex=156,followerCommit=153,matchIndex=155
2023-03-17 00:26:26,794 INFO  statemachine.StateMachine (ArithmeticStateMachine.java:applyTransaction(182)) - LEADER:s1-155: a = null = null
2023-03-17 00:26:26,796 DEBUG server.RaftServer$Division (RaftServerImpl.java:logAppendEntries(1430)) - s14@group-6E994AD85659: succeeded to handle AppendEntries. Reply: s1<-s14#8059:OK-t1,SUCCESS,nextIndex=157,followerCommit=155,matchIndex=156
2023-03-17 00:26:26,796 DEBUG server.RaftServer$Division (RaftServerImpl.java:logAppendEntries(1430)) - s3@group-6E994AD85659: succeeded to handle AppendEntries. Reply: s1<-s3#8062:OK-t1,SUCCESS,nextIndex=157,followerCommit=155,matchIndex=156
2023-03-17 00:26:26,796 DEBUG server.RaftServer$Division (RaftServerImpl.java:submitClientRequestAsync(835)) - s1@group-6E994AD85659: receive client request(RaftClientRequest:client-E8995F8E72F5->s1@group-6E994AD85659, cid=8064, seq=0, RW, Message:01016200)
2023-03-17 00:26:26,797 DEBUG server.RaftServer$Division (LeaderStateImpl.java:addPendingRequest(474)) - s1@group-6E994AD85659-LeaderStateImpl: addPendingRequest at RaftClientRequest:client-E8995F8E72F5->s1@group-6E994AD85659, cid=8064, seq=0, RW, Message:01016200, entry=(t:1, i:157), STATEMACHINELOGENTRY, 8064@client-E8995F8E72F5
2023-03-17 00:26:26,797 DEBUG server.RaftServer$Division (RaftServerImpl.java:logAppendEntries(1430)) - s4@group-6E994AD85659: succeeded to handle AppendEntries. Reply: s1<-s4#8060:OK-t1,SUCCESS,nextIndex=157,followerCommit=155,matchIndex=156
2023-03-17 00:26:26,797 DEBUG server.RaftServer$Division (RaftServerImpl.java:logAppendEntries(1430)) - s3@group-6E994AD85659: receive appendEntries(s1, 1, (t:1, i:156), 155, true, commits:[s1:c155, s10:c153, s0:c154, s3:c155, s4:c153, s11:c153, s5:c153, s6:c145, s13:c153, s7:c154, s12:c153, s8:c153, s9:c152, s14:c153, s2:c151], cId:8065, entries: [(t:1, i:157), STATEMACHINELOGENTRY, 8064@client-E8995F8E72F5]
2023-03-17 00:26:26,797 DEBUG server.RaftServer$Division (RaftServerImpl.java:logAppendEntries(1430)) - s4@group-6E994AD85659: receive appendEntries(s1, 1, (t:1, i:156), 155, true, commits:[s1:c155, s10:c153, s0:c154, s3:c155, s4:c155, s11:c153, s5:c153, s6:c145, s13:c153, s7:c154, s12:c153, s8:c153, s9:c152, s14:c153, s2:c151], cId:8066, entries: [(t:1, i:157), STATEMACHINELOGENTRY, 8064@client-E8995F8E72F5]
2023-03-17 00:26:26,794 DEBUG server.RaftServer$Division (RaftServerImpl.java:logAppendEntries(1430)) - s11@group-6E994AD85659: succeeded to handle AppendEntries. Reply: s1<-s11#8053:OK-t1,SUCCESS,nextIndex=156,followerCommit=154,matchIndex=155
2023-03-17 00:26:26,798 DEBUG server.RaftServer$Division (RaftServerImpl.java:logAppendEntries(1430)) - s3@group-6E994AD85659: succeeded to handle AppendEntries. Reply: s1<-s3#8065:OK-t1,SUCCESS,nextIndex=158,followerCommit=155,matchIndex=157
2023-03-17 00:26:26,796 DEBUG server.RaftServer$Division (RaftServerImpl.java:logAppendEntries(1430)) - s12@group-6E994AD85659: succeeded to handle AppendEntries. Reply: s1<-s12#8063:OK-t1,SUCCESS,nextIndex=157,followerCommit=155,matchIndex=156
2023-03-17 00:26:26,798 DEBUG server.RaftServer$Division (RaftServerImpl.java:logAppendEntries(1430)) - s7@group-6E994AD85659: receive appendEntries(s1, 1, (t:1, i:155), 155, true, commits:[s1:c155, s10:c153, s0:c154, s3:c153, s4:c153, s11:c153, s5:c153, s6:c145, s13:c153, s7:c154, s12:c153, s8:c153, s9:c152, s14:c153, s2:c151], cId:8061, entries: [(t:1, i:156), METADATAENTRY(c:155)]
2023-03-17 00:26:26,798 DEBUG server.RaftServer$Division (RaftServerImpl.java:logAppendEntries(1430)) - s4@group-6E994AD85659: succeeded to handle AppendEntries. Reply: s1<-s4#8066:OK-t1,SUCCESS,nextIndex=158,followerCommit=155,matchIndex=157
2023-03-17 00:26:26,798 DEBUG server.RaftServer$Division (RaftServerImpl.java:logAppendEntries(1430)) - s0@group-6E994AD85659: receive appendEntries(s1, 1, (t:1, i:155), 155, true, commits:[s1:c155, s10:c153, s0:c154, s3:c153, s4:c153, s11:c153, s5:c153, s6:c145, s13:c153, s7:c154, s12:c153, s8:c153, s9:c152, s14:c153, s2:c151], cId:8057, entries: [(t:1, i:156), METADATAENTRY(c:155)]
2023-03-17 00:26:26,799 DEBUG server.RaftServer$Division (RaftServerImpl.java:logAppendEntries(1430)) - s9@group-6E994AD85659: receive appendEntries(s1, 1, (t:1, i:153), 154, true, commits:[s1:c154, s10:c153, s0:c151, s3:c153, s4:c153, s11:c153, s5:c153, s6:c145, s13:c151, s7:c153, s12:c153, s8:c153, s9:c152, s14:c153, s2:c151], cId:8054, entries: [(t:1, i:154), METADATAENTRY(c:153), (t:1, i:155), STATEMACHINELOGENTRY, 8043@client-E8995F8E72F5]
2023-03-17 00:26:26,799 DEBUG server.RaftServer$Division (RaftServerImpl.java:logAppendEntries(1430)) - s7@group-6E994AD85659: succeeded to handle AppendEntries. Reply: s1<-s7#8061:OK-t1,SUCCESS,nextIndex=157,followerCommit=155,matchIndex=156
2023-03-17 00:26:26,799 DEBUG server.RaftServer$Division (RaftServerImpl.java:logAppendEntries(1430)) - s12@group-6E994AD85659: receive appendEntries(s1, 1, (t:1, i:156), 155, true, commits:[s1:c155, s10:c153, s0:c154, s3:c155, s4:c155, s11:c153, s5:c153, s6:c145, s13:c153, s7:c154, s12:c155, s8:c153, s9:c152, s14:c155, s2:c151], cId:8068, entries: [(t:1, i:157), STATEMACHINELOGENTRY, 8064@client-E8995F8E72F5]
2023-03-17 00:26:26,799 DEBUG server.RaftServer$Division (RaftServerImpl.java:logAppendEntries(1430)) - s9@group-6E994AD85659: succeeded to handle AppendEntries. Reply: s1<-s9#8054:OK-t1,SUCCESS,nextIndex=156,followerCommit=154,matchIndex=155
2023-03-17 00:26:26,800 DEBUG server.RaftServer$Division (RaftServerImpl.java:logAppendEntries(1430)) - s12@group-6E994AD85659: succeeded to handle AppendEntries. Reply: s1<-s12#8068:OK-t1,SUCCESS,nextIndex=158,followerCommit=155,matchIndex=157
2023-03-17 00:26:26,800 DEBUG server.RaftServer$Division (RaftServerImpl.java:logAppendEntries(1430)) - s0@group-6E994AD85659: succeeded to handle AppendEntries. Reply: s1<-s0#8057:OK-t1,SUCCESS,nextIndex=157,followerCommit=155,matchIndex=156
2023-03-17 00:26:26,800 DEBUG server.RaftServer$Division (RaftServerImpl.java:logAppendEntries(1430)) - s10@group-6E994AD85659: receive appendEntries(s1, 1, (t:1, i:155), 155, true, commits:[s1:c155, s10:c153, s0:c154, s3:c153, s4:c153, s11:c153, s5:c153, s6:c145, s13:c153, s7:c154, s12:c153, s8:c153, s9:c152, s14:c153, s2:c151], cId:8058, entries: [(t:1, i:156), METADATAENTRY(c:155)]
2023-03-17 00:26:26,801 DEBUG server.RaftServer$Division (RaftServerImpl.java:logAppendEntries(1430)) - s2@group-6E994AD85659: receive appendEntries(s1, 1, (t:1, i:154), 155, true, commits:[s1:c155, s10:c153, s0:c154, s3:c155, s4:c155, s11:c153, s5:c153, s6:c145, s13:c153, s7:c154, s12:c155, s8:c153, s9:c152, s14:c155, s2:c153], cId:8069, entries: [(t:1, i:155), STATEMACHINELOGENTRY, 8043@client-E8995F8E72F5, (t:1, i:156), METADATAENTRY(c:155), (t:1, i:157), STATEMACHINELOGENTRY, 8064@client-E8995F8E72F5]
2023-03-17 00:26:26,801 DEBUG server.RaftServer$Division (RaftServerImpl.java:logAppendEntries(1430)) - s5@group-6E994AD85659: receive appendEntries(s1, 1, (t:1, i:155), 155, true, commits:[s1:c155, s10:c153, s0:c154, s3:c155, s4:c155, s11:c153, s5:c153, s6:c145, s13:c154, s7:c154, s12:c155, s8:c153, s9:c152, s14:c155, s2:c153], cId:8072, entries: [(t:1, i:156), METADATAENTRY(c:155), (t:1, i:157), STATEMACHINELOGENTRY, 8064@client-E8995F8E72F5]
2023-03-17 00:26:26,801 DEBUG server.RaftServer$Division (RaftServerImpl.java:logAppendEntries(1430)) - s10@group-6E994AD85659: succeeded to handle AppendEntries. Reply: s1<-s10#8058:OK-t1,SUCCESS,nextIndex=157,followerCommit=155,matchIndex=156
2023-03-17 00:26:26,801 DEBUG server.RaftServer$Division (RaftServerImpl.java:logAppendEntries(1430)) - s2@group-6E994AD85659: succeeded to handle AppendEntries. Reply: s1<-s2#8069:OK-t1,SUCCESS,nextIndex=158,followerCommit=155,matchIndex=157
2023-03-17 00:26:26,802 DEBUG server.RaftServer$Division (RaftServerImpl.java:logAppendEntries(1430)) - s5@group-6E994AD85659: succeeded to handle AppendEntries. Reply: s1<-s5#8072:OK-t1,SUCCESS,nextIndex=158,followerCommit=155,matchIndex=157
2023-03-17 00:26:26,802 DEBUG server.RaftServer$Division (RaftServerImpl.java:logAppendEntries(1430)) - s8@group-6E994AD85659: receive appendEntries(s1, 1, (t:1, i:155), 155, true, commits:[s1:c155, s10:c153, s0:c154, s3:c155, s4:c155, s11:c153, s5:c153, s6:c145, s13:c154, s7:c154, s12:c155, s8:c153, s9:c152, s14:c155, s2:c153], cId:8071, entries: [(t:1, i:156), METADATAENTRY(c:155), (t:1, i:157), STATEMACHINELOGENTRY, 8064@client-E8995F8E72F5]
2023-03-17 00:26:26,802 DEBUG server.RaftServer$Division (RaftServerImpl.java:logAppendEntries(1430)) - s10@group-6E994AD85659: receive appendEntries(s1, 1, (t:1, i:156), 155, true, commits:[s1:c155, s10:c155, s0:c154, s3:c155, s4:c155, s11:c153, s5:c153, s6:c145, s13:c154, s7:c154, s12:c155, s8:c153, s9:c152, s14:c155, s2:c153], cId:8073, entries: [(t:1, i:157), STATEMACHINELOGENTRY, 8064@client-E8995F8E72F5]
2023-03-17 00:26:26,802 DEBUG server.RaftServer$Division (RaftServerImpl.java:logAppendEntries(1430)) - s8@group-6E994AD85659: succeeded to handle AppendEntries. Reply: s1<-s8#8071:OK-t1,SUCCESS,nextIndex=158,followerCommit=155,matchIndex=157
2023-03-17 00:26:26,803 DEBUG server.RaftServer$Division (RaftServerImpl.java:logAppendEntries(1430)) - s6@group-6E994AD85659: succeeded to handle AppendEntries. Reply: s1<-s6#7973:OK-t1,SUCCESS,nextIndex=149,followerCommit=147,matchIndex=148
2023-03-17 00:26:26,803 DEBUG server.RaftServer$Division (RaftServerImpl.java:logAppendEntries(1430)) - s10@group-6E994AD85659: succeeded to handle AppendEntries. Reply: s1<-s10#8073:OK-t1,SUCCESS,nextIndex=158,followerCommit=155,matchIndex=157
2023-03-17 00:26:26,803 DEBUG server.RaftServer$Division (RaftServerImpl.java:logAppendEntries(1430)) - s13@group-6E994AD85659: receive appendEntries(s1, 1, (t:1, i:155), 155, true, commits:[s1:c155, s10:c153, s0:c154, s3:c155, s4:c155, s11:c153, s5:c153, s6:c145, s13:c154, s7:c154, s12:c155, s8:c153, s9:c152, s14:c155, s2:c153], cId:8070, entries: [(t:1, i:156), METADATAENTRY(c:155), (t:1, i:157), STATEMACHINELOGENTRY, 8064@client-E8995F8E72F5]
2023-03-17 00:26:26,804 DEBUG server.RaftServer$Division (RaftServerImpl.java:logAppendEntries(1430)) - s14@group-6E994AD85659: receive appendEntries(s1, 1, (t:1, i:156), 155, true, commits:[s1:c155, s10:c153, s0:c154, s3:c155, s4:c155, s11:c153, s5:c153, s6:c145, s13:c153, s7:c154, s12:c153, s8:c153, s9:c152, s14:c155, s2:c151], cId:8067, entries: [(t:1, i:157), STATEMACHINELOGENTRY, 8064@client-E8995F8E72F5]
2023-03-17 00:26:26,804 DEBUG server.RaftServer$Division (RaftServerImpl.java:logAppendEntries(1430)) - s13@group-6E994AD85659: succeeded to handle AppendEntries. Reply: s1<-s13#8070:OK-t1,SUCCESS,nextIndex=158,followerCommit=155,matchIndex=157
2023-03-17 00:26:26,804 DEBUG server.RaftServer$Division (RaftServerImpl.java:logAppendEntries(1430)) - s14@group-6E994AD85659: succeeded to handle AppendEntries. Reply: s1<-s14#8067:OK-t1,SUCCESS,nextIndex=158,followerCommit=155,matchIndex=157
2023-03-17 00:26:26,805 DEBUG server.RaftServer$Division (RaftServerImpl.java:logAppendEntries(1430)) - s9@group-6E994AD85659: receive appendEntries(s1, 1, (t:1, i:155), 156, true, commits:[s1:c156, s10:c155, s0:c154, s3:c155, s4:c155, s11:c153, s5:c155, s6:c147, s13:c154, s7:c154, s12:c155, s8:c153, s9:c154, s14:c155, s2:c155], cId:8075, entries: [(t:1, i:156), METADATAENTRY(c:155), (t:1, i:157), STATEMACHINELOGENTRY, 8064@client-E8995F8E72F5]
2023-03-17 00:26:26,805 DEBUG server.RaftServer$Division (RaftServerImpl.java:logAppendEntries(1430)) - s9@group-6E994AD85659: succeeded to handle AppendEntries. Reply: s1<-s9#8075:OK-t1,SUCCESS,nextIndex=158,followerCommit=156,matchIndex=157
2023-03-17 00:26:26,805 INFO  statemachine.StateMachine (ArithmeticStateMachine.java:applyTransaction(182)) - LEADER:s1-157: b = null = null
2023-03-17 00:26:26,806 DEBUG server.RaftServer$Division (RaftServerImpl.java:logAppendEntries(1430)) - s5@group-6E994AD85659: receive appendEntries(s1, 1, (t:1, i:157), 157, true, commits:[s1:c157, s10:c155, s0:c154, s3:c155, s4:c155, s11:c154, s5:c155, s6:c147, s13:c155, s7:c154, s12:c155, s8:c155, s9:c154, s14:c155, s2:c155], cId:8080, entries: [(t:1, i:158), METADATAENTRY(c:157)]
2023-03-17 00:26:26,806 DEBUG server.RaftServer$Division (RaftServerImpl.java:logAppendEntries(1430)) - s2@group-6E994AD85659: receive appendEntries(s1, 1, (t:1, i:157), 157, true, commits:[s1:c157, s10:c155, s0:c154, s3:c155, s4:c155, s11:c154, s5:c155, s6:c147, s13:c155, s7:c154, s12:c155, s8:c155, s9:c154, s14:c155, s2:c155], cId:8079, entries: [(t:1, i:158), METADATAENTRY(c:157)]
2023-03-17 00:26:26,806 DEBUG server.RaftServer$Division (RaftServerImpl.java:logAppendEntries(1430)) - s3@group-6E994AD85659: receive appendEntries(s1, 1, (t:1, i:157), 157, true, commits:[s1:c157, s10:c155, s0:c154, s3:c155, s4:c155, s11:c154, s5:c155, s6:c147, s13:c155, s7:c154, s12:c155, s8:c155, s9:c154, s14:c155, s2:c155], cId:8084, entries: [(t:1, i:158), METADATAENTRY(c:157)]
2023-03-17 00:26:26,806 DEBUG server.RaftServer$Division (RaftServerImpl.java:submitClientRequestAsync(835)) - s1@group-6E994AD85659: receive client request(RaftClientRequest:client-E8995F8E72F5->s1@group-6E994AD85659, cid=8085, seq=0, RW, Message:01016300)
2023-03-17 00:26:26,807 DEBUG server.RaftServer$Division (LeaderStateImpl.java:addPendingRequest(474)) - s1@group-6E994AD85659-LeaderStateImpl: addPendingRequest at RaftClientRequest:client-E8995F8E72F5->s1@group-6E994AD85659, cid=8085, seq=0, RW, Message:01016300, entry=(t:1, i:159), STATEMACHINELOGENTRY, 8085@client-E8995F8E72F5
2023-03-17 00:26:26,807 DEBUG server.RaftServer$Division (RaftServerImpl.java:logAppendEntries(1430)) - s2@group-6E994AD85659: succeeded to handle AppendEntries. Reply: s1<-s2#8079:OK-t1,SUCCESS,nextIndex=159,followerCommit=157,matchIndex=158
2023-03-17 00:26:26,807 DEBUG server.RaftServer$Division (RaftServerImpl.java:logAppendEntries(1430)) - s3@group-6E994AD85659: succeeded to handle AppendEntries. Reply: s1<-s3#8084:OK-t1,SUCCESS,nextIndex=159,followerCommit=157,matchIndex=158
2023-03-17 00:26:26,807 DEBUG server.RaftServer$Division (RaftServerImpl.java:logAppendEntries(1430)) - s10@group-6E994AD85659: receive appendEntries(s1, 1, (t:1, i:157), 157, true, commits:[s1:c157, s10:c155, s0:c154, s3:c155, s4:c155, s11:c154, s5:c155, s6:c147, s13:c155, s7:c154, s12:c155, s8:c155, s9:c154, s14:c155, s2:c155], cId:8078, entries: [(t:1, i:158), METADATAENTRY(c:157)]
2023-03-17 00:26:26,808 DEBUG server.RaftServer$Division (RaftServerImpl.java:logAppendEntries(1430)) - s13@group-6E994AD85659: receive appendEntries(s1, 1, (t:1, i:157), 157, true, commits:[s1:c157, s10:c155, s0:c154, s3:c155, s4:c155, s11:c154, s5:c155, s6:c147, s13:c155, s7:c154, s12:c155, s8:c155, s9:c154, s14:c155, s2:c155], cId:8081, entries: [(t:1, i:158), METADATAENTRY(c:157)]
2023-03-17 00:26:26,808 DEBUG server.RaftServer$Division (RaftServerImpl.java:logAppendEntries(1430)) - s12@group-6E994AD85659: receive appendEntries(s1, 1, (t:1, i:157), 157, true, commits:[s1:c157, s10:c155, s0:c154, s3:c155, s4:c155, s11:c154, s5:c155, s6:c147, s13:c155, s7:c154, s12:c155, s8:c155, s9:c154, s14:c155, s2:c155], cId:8083, entries: [(t:1, i:158), METADATAENTRY(c:157)]
2023-03-17 00:26:26,808 DEBUG server.RaftServer$Division (RaftServerImpl.java:logAppendEntries(1430)) - s10@group-6E994AD85659: succeeded to handle AppendEntries. Reply: s1<-s10#8078:OK-t1,SUCCESS,nextIndex=159,followerCommit=157,matchIndex=158
2023-03-17 00:26:26,808 DEBUG server.RaftServer$Division (RaftServerImpl.java:logAppendEntries(1430)) - s3@group-6E994AD85659: receive appendEntries(s1, 1, (t:1, i:158), 157, true, commits:[s1:c157, s10:c155, s0:c154, s3:c157, s4:c155, s11:c154, s5:c155, s6:c147, s13:c155, s7:c154, s12:c155, s8:c155, s9:c154, s14:c155, s2:c155], cId:8086, entries: [(t:1, i:159), STATEMACHINELOGENTRY, 8085@client-E8995F8E72F5]
2023-03-17 00:26:26,808 DEBUG server.RaftServer$Division (RaftServerImpl.java:logAppendEntries(1430)) - s12@group-6E994AD85659: succeeded to handle AppendEntries. Reply: s1<-s12#8083:OK-t1,SUCCESS,nextIndex=159,followerCommit=157,matchIndex=158
2023-03-17 00:26:26,808 DEBUG server.RaftServer$Division (RaftServerImpl.java:logAppendEntries(1430)) - s4@group-6E994AD85659: receive appendEntries(s1, 1, (t:1, i:157), 157, true, commits:[s1:c157, s10:c155, s0:c154, s3:c155, s4:c155, s11:c154, s5:c155, s6:c147, s13:c155, s7:c154, s12:c155, s8:c155, s9:c154, s14:c155, s2:c155], cId:8082, entries: [(t:1, i:158), METADATAENTRY(c:157)]
2023-03-17 00:26:26,809 DEBUG server.RaftServer$Division (RaftServerImpl.java:logAppendEntries(1430)) - s3@group-6E994AD85659: succeeded to handle AppendEntries. Reply: s1<-s3#8086:OK-t1,SUCCESS,nextIndex=160,followerCommit=157,matchIndex=159
2023-03-17 00:26:26,809 DEBUG server.RaftServer$Division (RaftServerImpl.java:logAppendEntries(1430)) - s13@group-6E994AD85659: succeeded to handle AppendEntries. Reply: s1<-s13#8081:OK-t1,SUCCESS,nextIndex=159,followerCommit=157,matchIndex=158
2023-03-17 00:26:26,809 DEBUG server.RaftServer$Division (RaftServerImpl.java:logAppendEntries(1430)) - s8@group-6E994AD85659: receive appendEntries(s1, 1, (t:1, i:157), 157, true, commits:[s1:c157, s10:c155, s0:c154, s3:c155, s4:c155, s11:c154, s5:c155, s6:c147, s13:c155, s7:c154, s12:c155, s8:c155, s9:c154, s14:c155, s2:c155], cId:8077, entries: [(t:1, i:158), METADATAENTRY(c:157)]
2023-03-17 00:26:26,809 DEBUG server.RaftServer$Division (RaftServerImpl.java:logAppendEntries(1430)) - s4@group-6E994AD85659: succeeded to handle AppendEntries. Reply: s1<-s4#8082:OK-t1,SUCCESS,nextIndex=159,followerCommit=157,matchIndex=158
2023-03-17 00:26:26,810 DEBUG server.RaftServer$Division (RaftServerImpl.java:logAppendEntries(1430)) - s5@group-6E994AD85659: succeeded to handle AppendEntries. Reply: s1<-s5#8080:OK-t1,SUCCESS,nextIndex=159,followerCommit=157,matchIndex=158
2023-03-17 00:26:26,818 DEBUG server.RaftServer$Division (RaftServerImpl.java:logAppendEntries(1430)) - s14@group-6E994AD85659: receive appendEntries(s1, 1, (t:1, i:157), 157, true, commits:[s1:c157, s10:c155, s0:c155, s3:c157, s4:c155, s11:c154, s5:c155, s6:c147, s13:c157, s7:c155, s12:c157, s8:c155, s9:c154, s14:c155, s2:c155], cId:8089, entries: [(t:1, i:158), METADATAENTRY(c:157), (t:1, i:159), STATEMACHINELOGENTRY, 8085@client-E8995F8E72F5]
2023-03-17 00:26:26,818 DEBUG server.RaftServer$Division (RaftServerImpl.java:logAppendEntries(1430)) - s11@group-6E994AD85659: receive appendEntries(s1, 1, (t:1, i:155), 156, true, commits:[s1:c156, s10:c155, s0:c154, s3:c155, s4:c155, s11:c154, s5:c155, s6:c147, s13:c154, s7:c154, s12:c155, s8:c153, s9:c154, s14:c155, s2:c155], cId:8076, entries: [(t:1, i:156), METADATAENTRY(c:155), (t:1, i:157), STATEMACHINELOGENTRY, 8064@client-E8995F8E72F5]
2023-03-17 00:26:26,818 DEBUG server.RaftServer$Division (RaftServerImpl.java:logAppendEntries(1430)) - s12@group-6E994AD85659: receive appendEntries(s1, 1, (t:1, i:158), 157, true, commits:[s1:c157, s10:c155, s0:c154, s3:c157, s4:c155, s11:c154, s5:c155, s6:c147, s13:c157, s7:c154, s12:c157, s8:c155, s9:c154, s14:c155, s2:c155], cId:8087, entries: [(t:1, i:159), STATEMACHINELOGENTRY, 8085@client-E8995F8E72F5]
2023-03-17 00:26:26,819 DEBUG server.RaftServer$Division (RaftServerImpl.java:logAppendEntries(1430)) - s14@group-6E994AD85659: succeeded to handle AppendEntries. Reply: s1<-s14#8089:OK-t1,SUCCESS,nextIndex=160,followerCommit=157,matchIndex=159
2023-03-17 00:26:26,819 DEBUG server.RaftServer$Division (RaftServerImpl.java:logAppendEntries(1430)) - s12@group-6E994AD85659: succeeded to handle AppendEntries. Reply: s1<-s12#8087:OK-t1,SUCCESS,nextIndex=160,followerCommit=157,matchIndex=159
2023-03-17 00:26:26,819 DEBUG server.RaftServer$Division (RaftServerImpl.java:logAppendEntries(1430)) - s13@group-6E994AD85659: receive appendEntries(s1, 1, (t:1, i:158), 157, true, commits:[s1:c157, s10:c155, s0:c154, s3:c157, s4:c155, s11:c154, s5:c155, s6:c147, s13:c157, s7:c154, s12:c157, s8:c155, s9:c154, s14:c155, s2:c155], cId:8088, entries: [(t:1, i:159), STATEMACHINELOGENTRY, 8085@client-E8995F8E72F5]
2023-03-17 00:26:26,820 DEBUG server.RaftServer$Division (RaftServerImpl.java:logAppendEntries(1430)) - s11@group-6E994AD85659: succeeded to handle AppendEntries. Reply: s1<-s11#8076:OK-t1,SUCCESS,nextIndex=158,followerCommit=156,matchIndex=157
2023-03-17 00:26:26,820 DEBUG server.RaftServer$Division (RaftServerImpl.java:logAppendEntries(1430)) - s8@group-6E994AD85659: succeeded to handle AppendEntries. Reply: s1<-s8#8077:OK-t1,SUCCESS,nextIndex=159,followerCommit=157,matchIndex=158
2023-03-17 00:26:26,820 DEBUG server.RaftServer$Division (RaftServerImpl.java:logAppendEntries(1430)) - s4@group-6E994AD85659: receive appendEntries(s1, 1, (t:1, i:158), 157, true, commits:[s1:c157, s10:c155, s0:c155, s3:c157, s4:c157, s11:c154, s5:c155, s6:c147, s13:c157, s7:c155, s12:c157, s8:c155, s9:c156, s14:c157, s2:c155], cId:8092, entries: [(t:1, i:159), STATEMACHINELOGENTRY, 8085@client-E8995F8E72F5]
2023-03-17 00:26:26,821 DEBUG server.RaftServer$Division (RaftServerImpl.java:logAppendEntries(1430)) - s7@group-6E994AD85659: receive appendEntries(s1, 1, (t:1, i:156), 157, true, commits:[s1:c157, s10:c155, s0:c155, s3:c157, s4:c157, s11:c154, s5:c155, s6:c147, s13:c157, s7:c155, s12:c157, s8:c155, s9:c156, s14:c157, s2:c155], cId:8090, entries: [(t:1, i:157), STATEMACHINELOGENTRY, 8064@client-E8995F8E72F5, (t:1, i:158), METADATAENTRY(c:157), (t:1, i:159), STATEMACHINELOGENTRY, 8085@client-E8995F8E72F5]
2023-03-17 00:26:26,821 DEBUG server.RaftServer$Division (RaftServerImpl.java:logAppendEntries(1430)) - s9@group-6E994AD85659: receive appendEntries(s1, 1, (t:1, i:157), 157, true, commits:[s1:c157, s10:c155, s0:c155, s3:c157, s4:c157, s11:c154, s5:c155, s6:c147, s13:c157, s7:c155, s12:c157, s8:c155, s9:c156, s14:c157, s2:c155], cId:8093, entries: [(t:1, i:158), METADATAENTRY(c:157), (t:1, i:159), STATEMACHINELOGENTRY, 8085@client-E8995F8E72F5]
2023-03-17 00:26:26,821 DEBUG server.RaftServer$Division (RaftServerImpl.java:logAppendEntries(1430)) - s4@group-6E994AD85659: succeeded to handle AppendEntries. Reply: s1<-s4#8092:OK-t1,SUCCESS,nextIndex=160,followerCommit=157,matchIndex=159
2023-03-17 00:26:26,821 DEBUG server.RaftServer$Division (RaftServerImpl.java:logAppendEntries(1430)) - s7@group-6E994AD85659: succeeded to handle AppendEntries. Reply: s1<-s7#8090:OK-t1,SUCCESS,nextIndex=160,followerCommit=157,matchIndex=159
2023-03-17 00:26:26,821 DEBUG server.RaftServer$Division (RaftServerImpl.java:logAppendEntries(1430)) - s9@group-6E994AD85659: succeeded to handle AppendEntries. Reply: s1<-s9#8093:OK-t1,SUCCESS,nextIndex=160,followerCommit=157,matchIndex=159
2023-03-17 00:26:26,822 DEBUG server.RaftServer$Division (RaftServerImpl.java:logAppendEntries(1430)) - s0@group-6E994AD85659: receive appendEntries(s1, 1, (t:1, i:156), 157, true, commits:[s1:c157, s10:c155, s0:c155, s3:c157, s4:c157, s11:c154, s5:c155, s6:c147, s13:c157, s7:c155, s12:c157, s8:c155, s9:c156, s14:c157, s2:c155], cId:8091, entries: [(t:1, i:157), STATEMACHINELOGENTRY, 8064@client-E8995F8E72F5, (t:1, i:158), METADATAENTRY(c:157), (t:1, i:159), STATEMACHINELOGENTRY, 8085@client-E8995F8E72F5]
2023-03-17 00:26:26,822 DEBUG server.RaftServer$Division (RaftServerImpl.java:logAppendEntries(1430)) - s0@group-6E994AD85659: succeeded to handle AppendEntries. Reply: s1<-s0#8091:OK-t1,SUCCESS,nextIndex=160,followerCommit=157,matchIndex=159
2023-03-17 00:26:26,823 DEBUG server.RaftServer$Division (RaftServerImpl.java:logAppendEntries(1430)) - s11@group-6E994AD85659: receive appendEntries(s1, 1, (t:1, i:157), 157, true, commits:[s1:c157, s10:c155, s0:c155, s3:c157, s4:c157, s11:c156, s5:c155, s6:c147, s13:c157, s7:c155, s12:c157, s8:c155, s9:c156, s14:c157, s2:c155], cId:8094, entries: [(t:1, i:158), METADATAENTRY(c:157), (t:1, i:159), STATEMACHINELOGENTRY, 8085@client-E8995F8E72F5]
2023-03-17 00:26:26,825 DEBUG server.RaftServer$Division (RaftServerImpl.java:logAppendEntries(1430)) - s7@group-6E994AD85659: receive appendEntries(s1, 1, (t:1, i:159), 159, true, commits:[s1:c159, s10:c157, s0:c157, s3:c157, s4:c157, s11:c156, s5:c157, s6:c147, s13:c157, s7:c157, s12:c157, s8:c157, s9:c157, s14:c157, s2:c157], cId:8102, entries: [(t:1, i:160), METADATAENTRY(c:159)]
2023-03-17 00:26:26,825 DEBUG server.RaftServer$Division (RaftServerImpl.java:logAppendEntries(1430)) - s9@group-6E994AD85659: receive appendEntries(s1, 1, (t:1, i:159), 159, true, commits:[s1:c159, s10:c157, s0:c157, s3:c157, s4:c157, s11:c156, s5:c157, s6:c147, s13:c157, s7:c157, s12:c157, s8:c157, s9:c157, s14:c157, s2:c157], cId:8101, entries: [(t:1, i:160), METADATAENTRY(c:159)]
2023-03-17 00:26:26,826 DEBUG server.RaftServer$Division (RaftServerImpl.java:logAppendEntries(1430)) - s11@group-6E994AD85659: succeeded to handle AppendEntries. Reply: s1<-s11#8094:OK-t1,SUCCESS,nextIndex=160,followerCommit=157,matchIndex=159
2023-03-17 00:26:26,825 DEBUG server.RaftServer$Division (RaftServerImpl.java:logAppendEntries(1430)) - s12@group-6E994AD85659: receive appendEntries(s1, 1, (t:1, i:159), 159, true, commits:[s1:c159, s10:c157, s0:c157, s3:c157, s4:c157, s11:c156, s5:c157, s6:c147, s13:c157, s7:c157, s12:c157, s8:c157, s9:c157, s14:c157, s2:c157], cId:8104, entries: [(t:1, i:160), METADATAENTRY(c:159)]
2023-03-17 00:26:26,826 DEBUG server.RaftServer$Division (RaftServerImpl.java:logAppendEntries(1430)) - s9@group-6E994AD85659: succeeded to handle AppendEntries. Reply: s1<-s9#8101:OK-t1,SUCCESS,nextIndex=161,followerCommit=159,matchIndex=160
2023-03-17 00:26:26,825 DEBUG server.RaftServer$Division (RaftServerImpl.java:logAppendEntries(1430)) - s3@group-6E994AD85659: receive appendEntries(s1, 1, (t:1, i:159), 159, true, commits:[s1:c159, s10:c157, s0:c157, s3:c157, s4:c157, s11:c156, s5:c157, s6:c147, s13:c157, s7:c157, s12:c157, s8:c157, s9:c157, s14:c157, s2:c157], cId:8105, entries: [(t:1, i:160), METADATAENTRY(c:159)]
2023-03-17 00:26:26,824 DEBUG server.RaftServer$Division (RaftServerImpl.java:logAppendEntries(1430)) - s4@group-6E994AD85659: receive appendEntries(s1, 1, (t:1, i:159), 159, true, commits:[s1:c159, s10:c157, s0:c157, s3:c157, s4:c157, s11:c156, s5:c157, s6:c147, s13:c157, s7:c157, s12:c157, s8:c157, s9:c157, s14:c157, s2:c157], cId:8099, entries: [(t:1, i:160), METADATAENTRY(c:159)]
2023-03-17 00:26:26,827 DEBUG server.RaftServer$Division (RaftServerImpl.java:logAppendEntries(1430)) - s3@group-6E994AD85659: succeeded to handle AppendEntries. Reply: s1<-s3#8105:OK-t1,SUCCESS,nextIndex=161,followerCommit=159,matchIndex=160
2023-03-17 00:26:26,824 INFO  statemachine.StateMachine (ArithmeticStateMachine.java:applyTransaction(182)) - LEADER:s1-159: c = null = null
2023-03-17 00:26:26,827 DEBUG server.RaftServer$Division (RaftServerImpl.java:logAppendEntries(1430)) - s0@group-6E994AD85659: receive appendEntries(s1, 1, (t:1, i:159), 159, true, commits:[s1:c159, s10:c157, s0:c157, s3:c157, s4:c157, s11:c156, s5:c157, s6:c147, s13:c157, s7:c157, s12:c157, s8:c157, s9:c157, s14:c157, s2:c157], cId:8100, entries: [(t:1, i:160), METADATAENTRY(c:159)]
2023-03-17 00:26:26,827 DEBUG server.RaftServer$Division (RaftServerImpl.java:logAppendEntries(1430)) - s4@group-6E994AD85659: succeeded to handle AppendEntries. Reply: s1<-s4#8099:OK-t1,SUCCESS,nextIndex=161,followerCommit=159,matchIndex=160
2023-03-17 00:26:26,827 DEBUG server.RaftServer$Division (RaftServerImpl.java:submitClientRequestAsync(835)) - s1@group-6E994AD85659: receive client request(RaftClientRequest:client-E8995F8E72F5->s1@group-6E994AD85659, cid=8106, seq=0, RW, Message:01016102405b40000000...(size=12))
2023-03-17 00:26:26,828 DEBUG server.RaftServer$Division (LeaderStateImpl.java:addPendingRequest(474)) - s1@group-6E994AD85659-LeaderStateImpl: addPendingRequest at RaftClientRequest:client-E8995F8E72F5->s1@group-6E994AD85659, cid=8106, seq=0, RW, Message:01016102405b40000000...(size=12), entry=(t:1, i:161), STATEMACHINELOGENTRY, 8106@client-E8995F8E72F5
2023-03-17 00:26:26,824 DEBUG server.RaftServer$Division (RaftServerImpl.java:logAppendEntries(1430)) - s8@group-6E994AD85659: receive appendEntries(s1, 1, (t:1, i:158), 158, true, commits:[s1:c158, s10:c157, s0:c157, s3:c157, s4:c157, s11:c156, s5:c157, s6:c147, s13:c157, s7:c157, s12:c157, s8:c157, s9:c157, s14:c157, s2:c157], cId:8098, entries: [(t:1, i:159), STATEMACHINELOGENTRY, 8085@client-E8995F8E72F5]
2023-03-17 00:26:26,823 DEBUG server.RaftServer$Division (RaftServerImpl.java:logAppendEntries(1430)) - s6@group-6E994AD85659: receive appendEntries(s1, 1, (t:1, i:148), 156, true, commits:[s1:c156, s10:c155, s0:c154, s3:c155, s4:c155, s11:c153, s5:c155, s6:c147, s13:c154, s7:c154, s12:c155, s8:c153, s9:c152, s14:c155, s2:c155], cId:8074, entries: [(t:1, i:149), STATEMACHINELOGENTRY, 7975@client-E8995F8E72F5, (t:1, i:150), METADATAENTRY(c:149), (t:1, i:151), STATEMACHINELOGENTRY, 7996@client-E8995F8E72F5, (t:1, i:152), METADATAENTRY(c:151), (t:1, i:153), STATEMACHINELOGENTRY, 8014@client-E8995F8E72F5, (t:1, i:154), METADATAENTRY(c:153), (t:1, i:155), STATEMACHINELOGENTRY, 8043@client-E8995F8E72F5, (t:1, i:156), METADATAENTRY(c:155), (t:1, i:157), STATEMACHINELOGENTRY, 8064@client-E8995F8E72F5]
2023-03-17 00:26:26,823 DEBUG server.RaftServer$Division (RaftServerImpl.java:logAppendEntries(1430)) - s10@group-6E994AD85659: receive appendEntries(s1, 1, (t:1, i:158), 158, true, commits:[s1:c158, s10:c157, s0:c155, s3:c157, s4:c157, s11:c156, s5:c155, s6:c147, s13:c157, s7:c157, s12:c157, s8:c155, s9:c157, s14:c157, s2:c157], cId:8096, entries: [(t:1, i:159), STATEMACHINELOGENTRY, 8085@client-E8995F8E72F5]
2023-03-17 00:26:26,823 DEBUG server.RaftServer$Division (RaftServerImpl.java:logAppendEntries(1430)) - s2@group-6E994AD85659: receive appendEntries(s1, 1, (t:1, i:158), 158, true, commits:[s1:c158, s10:c155, s0:c155, s3:c157, s4:c157, s11:c156, s5:c155, s6:c147, s13:c157, s7:c157, s12:c157, s8:c155, s9:c157, s14:c157, s2:c157], cId:8095, entries: [(t:1, i:159), STATEMACHINELOGENTRY, 8085@client-E8995F8E72F5]
2023-03-17 00:26:26,829 DEBUG server.RaftServer$Division (RaftServerImpl.java:logAppendEntries(1430)) - s10@group-6E994AD85659: succeeded to handle AppendEntries. Reply: s1<-s10#8096:OK-t1,SUCCESS,nextIndex=160,followerCommit=158,matchIndex=159
2023-03-17 00:26:26,823 DEBUG server.RaftServer$Division (RaftServerImpl.java:logAppendEntries(1430)) - s13@group-6E994AD85659: succeeded to handle AppendEntries. Reply: s1<-s13#8088:OK-t1,SUCCESS,nextIndex=160,followerCommit=157,matchIndex=159
2023-03-17 00:26:26,828 DEBUG server.RaftServer$Division (RaftServerImpl.java:logAppendEntries(1430)) - s8@group-6E994AD85659: succeeded to handle AppendEntries. Reply: s1<-s8#8098:OK-t1,SUCCESS,nextIndex=160,followerCommit=158,matchIndex=159
2023-03-17 00:26:26,828 DEBUG server.RaftServer$Division (RaftServerImpl.java:logAppendEntries(1430)) - s3@group-6E994AD85659: receive appendEntries(s1, 1, (t:1, i:160), 159, true, commits:[s1:c159, s10:c157, s0:c157, s3:c159, s4:c157, s11:c156, s5:c157, s6:c147, s13:c157, s7:c157, s12:c157, s8:c157, s9:c157, s14:c157, s2:c157], cId:8107, entries: [(t:1, i:161), STATEMACHINELOGENTRY, 8106@client-E8995F8E72F5]
2023-03-17 00:26:26,828 DEBUG server.RaftServer$Division (RaftServerImpl.java:logAppendEntries(1430)) - s0@group-6E994AD85659: succeeded to handle AppendEntries. Reply: s1<-s0#8100:OK-t1,SUCCESS,nextIndex=161,followerCommit=159,matchIndex=160
2023-03-17 00:26:26,830 DEBUG server.RaftServer$Division (RaftServerImpl.java:logAppendEntries(1430)) - s3@group-6E994AD85659: succeeded to handle AppendEntries. Reply: s1<-s3#8107:OK-t1,SUCCESS,nextIndex=162,followerCommit=159,matchIndex=161
2023-03-17 00:26:26,830 DEBUG server.RaftServer$Division (RaftServerImpl.java:logAppendEntries(1430)) - s11@group-6E994AD85659: receive appendEntries(s1, 1, (t:1, i:159), 159, true, commits:[s1:c159, s10:c157, s0:c157, s3:c159, s4:c159, s11:c157, s5:c157, s6:c147, s13:c157, s7:c157, s12:c157, s8:c157, s9:c157, s14:c157, s2:c157], cId:8109, entries: [(t:1, i:160), METADATAENTRY(c:159), (t:1, i:161), STATEMACHINELOGENTRY, 8106@client-E8995F8E72F5]
2023-03-17 00:26:26,830 DEBUG server.RaftServer$Division (RaftServerImpl.java:logAppendEntries(1430)) - s9@group-6E994AD85659: receive appendEntries(s1, 1, (t:1, i:160), 159, true, commits:[s1:c159, s10:c157, s0:c157, s3:c159, s4:c159, s11:c157, s5:c157, s6:c147, s13:c157, s7:c157, s12:c157, s8:c157, s9:c159, s14:c157, s2:c157], cId:8110, entries: [(t:1, i:161), STATEMACHINELOGENTRY, 8106@client-E8995F8E72F5]
2023-03-17 00:26:26,827 DEBUG server.RaftServer$Division (RaftServerImpl.java:logAppendEntries(1430)) - s5@group-6E994AD85659: receive appendEntries(s1, 1, (t:1, i:158), 158, true, commits:[s1:c158, s10:c157, s0:c157, s3:c157, s4:c157, s11:c156, s5:c157, s6:c147, s13:c157, s7:c157, s12:c157, s8:c155, s9:c157, s14:c157, s2:c157], cId:8097, entries: [(t:1, i:159), STATEMACHINELOGENTRY, 8085@client-E8995F8E72F5]
2023-03-17 00:26:26,826 DEBUG server.RaftServer$Division (RaftServerImpl.java:logAppendEntries(1430)) - s12@group-6E994AD85659: succeeded to handle AppendEntries. Reply: s1<-s12#8104:OK-t1,SUCCESS,nextIndex=161,followerCommit=159,matchIndex=160
2023-03-17 00:26:26,826 DEBUG server.RaftServer$Division (RaftServerImpl.java:logAppendEntries(1430)) - s7@group-6E994AD85659: succeeded to handle AppendEntries. Reply: s1<-s7#8102:OK-t1,SUCCESS,nextIndex=161,followerCommit=159,matchIndex=160
2023-03-17 00:26:26,831 DEBUG server.RaftServer$Division (RaftServerImpl.java:logAppendEntries(1430)) - s9@group-6E994AD85659: succeeded to handle AppendEntries. Reply: s1<-s9#8110:OK-t1,SUCCESS,nextIndex=162,followerCommit=159,matchIndex=161
2023-03-17 00:26:26,825 DEBUG server.RaftServer$Division (RaftServerImpl.java:logAppendEntries(1430)) - s14@group-6E994AD85659: receive appendEntries(s1, 1, (t:1, i:159), 159, true, commits:[s1:c159, s10:c157, s0:c157, s3:c157, s4:c157, s11:c156, s5:c157, s6:c147, s13:c157, s7:c157, s12:c157, s8:c157, s9:c157, s14:c157, s2:c157], cId:8103, entries: [(t:1, i:160), METADATAENTRY(c:159)]
2023-03-17 00:26:26,831 DEBUG server.RaftServer$Division (RaftServerImpl.java:logAppendEntries(1430)) - s14@group-6E994AD85659: succeeded to handle AppendEntries. Reply: s1<-s14#8103:OK-t1,SUCCESS,nextIndex=161,followerCommit=159,matchIndex=160
2023-03-17 00:26:26,832 DEBUG server.RaftServer$Division (RaftServerImpl.java:logAppendEntries(1430)) - s7@group-6E994AD85659: receive appendEntries(s1, 1, (t:1, i:160), 159, true, commits:[s1:c159, s10:c157, s0:c157, s3:c159, s4:c159, s11:c157, s5:c157, s6:c147, s13:c157, s7:c159, s12:c157, s8:c157, s9:c159, s14:c157, s2:c157], cId:8112, entries: [(t:1, i:161), STATEMACHINELOGENTRY, 8106@client-E8995F8E72F5]
2023-03-17 00:26:26,833 DEBUG server.RaftServer$Division (RaftServerImpl.java:logAppendEntries(1430)) - s5@group-6E994AD85659: succeeded to handle AppendEntries. Reply: s1<-s5#8097:OK-t1,SUCCESS,nextIndex=160,followerCommit=158,matchIndex=159
2023-03-17 00:26:26,834 DEBUG server.RaftServer$Division (RaftServerImpl.java:logAppendEntries(1430)) - s11@group-6E994AD85659: succeeded to handle AppendEntries. Reply: s1<-s11#8109:OK-t1,SUCCESS,nextIndex=162,followerCommit=159,matchIndex=161
2023-03-17 00:26:26,834 DEBUG server.RaftServer$Division (RaftServerImpl.java:logAppendEntries(1430)) - s7@group-6E994AD85659: succeeded to handle AppendEntries. Reply: s1<-s7#8112:OK-t1,SUCCESS,nextIndex=162,followerCommit=159,matchIndex=161
2023-03-17 00:26:26,834 DEBUG server.RaftServer$Division (RaftServerImpl.java:logAppendEntries(1430)) - s14@group-6E994AD85659: receive appendEntries(s1, 1, (t:1, i:160), 159, true, commits:[s1:c159, s10:c157, s0:c157, s3:c159, s4:c159, s11:c157, s5:c157, s6:c147, s13:c157, s7:c159, s12:c159, s8:c157, s9:c159, s14:c159, s2:c157], cId:8114, entries: [(t:1, i:161), STATEMACHINELOGENTRY, 8106@client-E8995F8E72F5]
2023-03-17 00:26:26,830 DEBUG server.RaftServer$Division (RaftServerImpl.java:logAppendEntries(1430)) - s13@group-6E994AD85659: receive appendEntries(s1, 1, (t:1, i:159), 159, true, commits:[s1:c159, s10:c157, s0:c157, s3:c159, s4:c159, s11:c157, s5:c157, s6:c147, s13:c157, s7:c157, s12:c157, s8:c157, s9:c159, s14:c157, s2:c157], cId:8111, entries: [(t:1, i:160), METADATAENTRY(c:159), (t:1, i:161), STATEMACHINELOGENTRY, 8106@client-E8995F8E72F5]
2023-03-17 00:26:26,830 DEBUG server.RaftServer$Division (RaftServerImpl.java:logAppendEntries(1430)) - s4@group-6E994AD85659: receive appendEntries(s1, 1, (t:1, i:160), 159, true, commits:[s1:c159, s10:c157, s0:c157, s3:c159, s4:c159, s11:c156, s5:c157, s6:c147, s13:c157, s7:c157, s12:c157, s8:c157, s9:c157, s14:c157, s2:c157], cId:8108, entries: [(t:1, i:161), STATEMACHINELOGENTRY, 8106@client-E8995F8E72F5]
2023-03-17 00:26:26,829 DEBUG server.RaftServer$Division (RaftServerImpl.java:logAppendEntries(1430)) - s2@group-6E994AD85659: succeeded to handle AppendEntries. Reply: s1<-s2#8095:OK-t1,SUCCESS,nextIndex=160,followerCommit=158,matchIndex=159
2023-03-17 00:26:26,835 DEBUG server.RaftServer$Division (RaftServerImpl.java:logAppendEntries(1430)) - s0@group-6E994AD85659: receive appendEntries(s1, 1, (t:1, i:160), 159, true, commits:[s1:c159, s10:c157, s0:c159, s3:c159, s4:c159, s11:c157, s5:c157, s6:c147, s13:c157, s7:c159, s12:c159, s8:c157, s9:c159, s14:c159, s2:c157], cId:8115, entries: [(t:1, i:161), STATEMACHINELOGENTRY, 8106@client-E8995F8E72F5]
2023-03-17 00:26:26,834 DEBUG server.RaftServer$Division (RaftServerImpl.java:logAppendEntries(1430)) - s14@group-6E994AD85659: succeeded to handle AppendEntries. Reply: s1<-s14#8114:OK-t1,SUCCESS,nextIndex=162,followerCommit=159,matchIndex=161
2023-03-17 00:26:26,832 DEBUG server.RaftServer$Division (RaftServerImpl.java:logAppendEntries(1430)) - s12@group-6E994AD85659: receive appendEntries(s1, 1, (t:1, i:160), 159, true, commits:[s1:c159, s10:c157, s0:c157, s3:c159, s4:c159, s11:c157, s5:c157, s6:c147, s13:c157, s7:c159, s12:c159, s8:c157, s9:c159, s14:c157, s2:c157], cId:8113, entries: [(t:1, i:161), STATEMACHINELOGENTRY, 8106@client-E8995F8E72F5]
2023-03-17 00:26:26,835 DEBUG server.RaftServer$Division (RaftServerImpl.java:logAppendEntries(1430)) - s13@group-6E994AD85659: succeeded to handle AppendEntries. Reply: s1<-s13#8111:OK-t1,SUCCESS,nextIndex=162,followerCommit=159,matchIndex=161
2023-03-17 00:26:26,835 DEBUG server.RaftServer$Division (RaftServerImpl.java:logAppendEntries(1430)) - s4@group-6E994AD85659: succeeded to handle AppendEntries. Reply: s1<-s4#8108:OK-t1,SUCCESS,nextIndex=162,followerCommit=159,matchIndex=161
2023-03-17 00:26:26,836 DEBUG server.RaftServer$Division (RaftServerImpl.java:logAppendEntries(1430)) - s10@group-6E994AD85659: receive appendEntries(s1, 1, (t:1, i:159), 160, true, commits:[s1:c160, s10:c158, s0:c159, s3:c159, s4:c159, s11:c159, s5:c157, s6:c147, s13:c157, s7:c159, s12:c159, s8:c157, s9:c159, s14:c159, s2:c157], cId:8116, entries: [(t:1, i:160), METADATAENTRY(c:159), (t:1, i:161), STATEMACHINELOGENTRY, 8106@client-E8995F8E72F5]
2023-03-17 00:26:26,836 DEBUG server.RaftServer$Division (RaftServerImpl.java:logAppendEntries(1430)) - s12@group-6E994AD85659: succeeded to handle AppendEntries. Reply: s1<-s12#8113:OK-t1,SUCCESS,nextIndex=162,followerCommit=159,matchIndex=161
2023-03-17 00:26:26,837 DEBUG server.RaftServer$Division (RaftServerImpl.java:logAppendEntries(1430)) - s0@group-6E994AD85659: succeeded to handle AppendEntries. Reply: s1<-s0#8115:OK-t1,SUCCESS,nextIndex=162,followerCommit=159,matchIndex=161
2023-03-17 00:26:26,837 DEBUG server.RaftServer$Division (RaftServerImpl.java:logAppendEntries(1430)) - s10@group-6E994AD85659: succeeded to handle AppendEntries. Reply: s1<-s10#8116:OK-t1,SUCCESS,nextIndex=162,followerCommit=160,matchIndex=161
2023-03-17 00:26:26,837 INFO  statemachine.StateMachine (ArithmeticStateMachine.java:applyTransaction(182)) - LEADER:s1-161: a = 109 = 109
2023-03-17 00:26:26,838 DEBUG server.RaftServer$Division (RaftServerImpl.java:logAppendEntries(1430)) - s4@group-6E994AD85659: receive appendEntries(s1, 1, (t:1, i:161), 161, true, commits:[s1:c161, s10:c158, s0:c159, s3:c159, s4:c159, s11:c159, s5:c157, s6:c147, s13:c159, s7:c159, s12:c159, s8:c158, s9:c159, s14:c159, s2:c157], cId:8120, entries: [(t:1, i:162), METADATAENTRY(c:161)]
2023-03-17 00:26:26,838 DEBUG server.RaftServer$Division (RaftServerImpl.java:submitClientRequestAsync(835)) - s1@group-6E994AD85659: receive client request(RaftClientRequest:client-E8995F8E72F5->s1@group-6E994AD85659, cid=8124, seq=0, RW, Message:0101620240b734000000...(size=12))
2023-03-17 00:26:26,838 DEBUG server.RaftServer$Division (LeaderStateImpl.java:addPendingRequest(474)) - s1@group-6E994AD85659-LeaderStateImpl: addPendingRequest at RaftClientRequest:client-E8995F8E72F5->s1@group-6E994AD85659, cid=8124, seq=0, RW, Message:0101620240b734000000...(size=12), entry=(t:1, i:163), STATEMACHINELOGENTRY, 8124@client-E8995F8E72F5
2023-03-17 00:26:26,838 DEBUG server.RaftServer$Division (RaftServerImpl.java:logAppendEntries(1430)) - s8@group-6E994AD85659: receive appendEntries(s1, 1, (t:1, i:159), 160, true, commits:[s1:c160, s10:c158, s0:c159, s3:c159, s4:c159, s11:c159, s5:c157, s6:c147, s13:c157, s7:c159, s12:c159, s8:c158, s9:c159, s14:c159, s2:c157], cId:8117, entries: [(t:1, i:160), METADATAENTRY(c:159), (t:1, i:161), STATEMACHINELOGENTRY, 8106@client-E8995F8E72F5]
2023-03-17 00:26:26,840 DEBUG server.RaftServer$Division (RaftServerImpl.java:logAppendEntries(1430)) - s3@group-6E994AD85659: receive appendEntries(s1, 1, (t:1, i:161), 161, true, commits:[s1:c161, s10:c158, s0:c159, s3:c159, s4:c159, s11:c159, s5:c157, s6:c147, s13:c159, s7:c159, s12:c159, s8:c158, s9:c159, s14:c159, s2:c157], cId:8125, entries: [(t:1, i:162), METADATAENTRY(c:161), (t:1, i:163), STATEMACHINELOGENTRY, 8124@client-E8995F8E72F5]
2023-03-17 00:26:26,840 DEBUG server.RaftServer$Division (RaftServerImpl.java:logAppendEntries(1430)) - s4@group-6E994AD85659: succeeded to handle AppendEntries. Reply: s1<-s4#8120:OK-t1,SUCCESS,nextIndex=163,followerCommit=161,matchIndex=162
2023-03-17 00:26:26,840 DEBUG server.RaftServer$Division (RaftServerImpl.java:logAppendEntries(1430)) - s8@group-6E994AD85659: succeeded to handle AppendEntries. Reply: s1<-s8#8117:OK-t1,SUCCESS,nextIndex=162,followerCommit=160,matchIndex=161
2023-03-17 00:26:26,840 DEBUG server.RaftServer$Division (RaftServerImpl.java:logAppendEntries(1430)) - s7@group-6E994AD85659: receive appendEntries(s1, 1, (t:1, i:161), 161, true, commits:[s1:c161, s10:c158, s0:c159, s3:c159, s4:c159, s11:c159, s5:c157, s6:c147, s13:c159, s7:c159, s12:c159, s8:c158, s9:c159, s14:c159, s2:c157], cId:8122, entries: [(t:1, i:162), METADATAENTRY(c:161)]
2023-03-17 00:26:26,840 DEBUG server.RaftServer$Division (RaftServerImpl.java:logAppendEntries(1430)) - s3@group-6E994AD85659: succeeded to handle AppendEntries. Reply: s1<-s3#8125:OK-t1,SUCCESS,nextIndex=164,followerCommit=161,matchIndex=163
2023-03-17 00:26:26,841 DEBUG server.RaftServer$Division (RaftServerImpl.java:logAppendEntries(1430)) - s9@group-6E994AD85659: receive appendEntries(s1, 1, (t:1, i:161), 161, true, commits:[s1:c161, s10:c158, s0:c159, s3:c159, s4:c159, s11:c159, s5:c157, s6:c147, s13:c159, s7:c159, s12:c159, s8:c158, s9:c159, s14:c159, s2:c157], cId:8123, entries: [(t:1, i:162), METADATAENTRY(c:161)]
2023-03-17 00:26:26,841 DEBUG server.RaftServer$Division (RaftServerImpl.java:logAppendEntries(1430)) - s12@group-6E994AD85659: receive appendEntries(s1, 1, (t:1, i:161), 161, true, commits:[s1:c161, s10:c158, s0:c159, s3:c159, s4:c159, s11:c159, s5:c157, s6:c147, s13:c159, s7:c159, s12:c159, s8:c158, s9:c159, s14:c159, s2:c157], cId:8126, entries: [(t:1, i:162), METADATAENTRY(c:161), (t:1, i:163), STATEMACHINELOGENTRY, 8124@client-E8995F8E72F5]
2023-03-17 00:26:26,841 DEBUG server.RaftServer$Division (RaftServerImpl.java:logAppendEntries(1430)) - s9@group-6E994AD85659: succeeded to handle AppendEntries. Reply: s1<-s9#8123:OK-t1,SUCCESS,nextIndex=163,followerCommit=161,matchIndex=162
2023-03-17 00:26:26,842 DEBUG server.RaftServer$Division (RaftServerImpl.java:logAppendEntries(1430)) - s12@group-6E994AD85659: succeeded to handle AppendEntries. Reply: s1<-s12#8126:OK-t1,SUCCESS,nextIndex=164,followerCommit=161,matchIndex=163
2023-03-17 00:26:26,842 DEBUG server.RaftServer$Division (RaftServerImpl.java:logAppendEntries(1430)) - s7@group-6E994AD85659: succeeded to handle AppendEntries. Reply: s1<-s7#8122:OK-t1,SUCCESS,nextIndex=163,followerCommit=161,matchIndex=162
2023-03-17 00:26:26,842 DEBUG server.RaftServer$Division (RaftServerImpl.java:logAppendEntries(1430)) - s11@group-6E994AD85659: receive appendEntries(s1, 1, (t:1, i:161), 161, true, commits:[s1:c161, s10:c158, s0:c159, s3:c159, s4:c159, s11:c159, s5:c157, s6:c147, s13:c157, s7:c159, s12:c159, s8:c158, s9:c159, s14:c159, s2:c157], cId:8118, entries: [(t:1, i:162), METADATAENTRY(c:161)]
2023-03-17 00:26:26,842 DEBUG server.RaftServer$Division (RaftServerImpl.java:logAppendEntries(1430)) - s14@group-6E994AD85659: receive appendEntries(s1, 1, (t:1, i:161), 161, true, commits:[s1:c161, s10:c158, s0:c159, s3:c159, s4:c159, s11:c159, s5:c157, s6:c147, s13:c159, s7:c159, s12:c159, s8:c158, s9:c159, s14:c159, s2:c157], cId:8121, entries: [(t:1, i:162), METADATAENTRY(c:161)]
2023-03-17 00:26:26,842 DEBUG server.RaftServer$Division (RaftServerImpl.java:logAppendEntries(1430)) - s9@group-6E994AD85659: receive appendEntries(s1, 1, (t:1, i:162), 161, true, commits:[s1:c161, s10:c158, s0:c159, s3:c161, s4:c161, s11:c159, s5:c157, s6:c147, s13:c159, s7:c159, s12:c159, s8:c158, s9:c161, s14:c159, s2:c157], cId:8129, entries: [(t:1, i:163), STATEMACHINELOGENTRY, 8124@client-E8995F8E72F5]
2023-03-17 00:26:26,842 DEBUG server.RaftServer$Division (RaftServerImpl.java:logAppendEntries(1430)) - s4@group-6E994AD85659: receive appendEntries(s1, 1, (t:1, i:162), 161, true, commits:[s1:c161, s10:c158, s0:c159, s3:c159, s4:c161, s11:c159, s5:c157, s6:c147, s13:c159, s7:c159, s12:c159, s8:c158, s9:c159, s14:c159, s2:c157], cId:8128, entries: [(t:1, i:163), STATEMACHINELOGENTRY, 8124@client-E8995F8E72F5]
2023-03-17 00:26:26,843 DEBUG server.RaftServer$Division (RaftServerImpl.java:logAppendEntries(1430)) - s14@group-6E994AD85659: succeeded to handle AppendEntries. Reply: s1<-s14#8121:OK-t1,SUCCESS,nextIndex=163,followerCommit=161,matchIndex=162
2023-03-17 00:26:26,843 DEBUG server.RaftServer$Division (RaftServerImpl.java:logAppendEntries(1430)) - s11@group-6E994AD85659: succeeded to handle AppendEntries. Reply: s1<-s11#8118:OK-t1,SUCCESS,nextIndex=163,followerCommit=161,matchIndex=162
2023-03-17 00:26:26,844 DEBUG server.RaftServer$Division (RaftServerImpl.java:logAppendEntries(1430)) - s9@group-6E994AD85659: succeeded to handle AppendEntries. Reply: s1<-s9#8129:OK-t1,SUCCESS,nextIndex=164,followerCommit=161,matchIndex=163
2023-03-17 00:26:26,844 DEBUG server.RaftServer$Division (RaftServerImpl.java:logAppendEntries(1430)) - s4@group-6E994AD85659: succeeded to handle AppendEntries. Reply: s1<-s4#8128:OK-t1,SUCCESS,nextIndex=164,followerCommit=161,matchIndex=163
2023-03-17 00:26:26,844 DEBUG server.RaftServer$Division (RaftServerImpl.java:logAppendEntries(1430)) - s13@group-6E994AD85659: receive appendEntries(s1, 1, (t:1, i:161), 161, true, commits:[s1:c161, s10:c158, s0:c159, s3:c159, s4:c159, s11:c159, s5:c157, s6:c147, s13:c159, s7:c159, s12:c159, s8:c158, s9:c159, s14:c159, s2:c157], cId:8119, entries: [(t:1, i:162), METADATAENTRY(c:161)]
2023-03-17 00:26:26,844 DEBUG server.RaftServer$Division (RaftServerImpl.java:logAppendEntries(1430)) - s0@group-6E994AD85659: receive appendEntries(s1, 1, (t:1, i:161), 161, true, commits:[s1:c161, s10:c158, s0:c159, s3:c159, s4:c159, s11:c159, s5:c157, s6:c147, s13:c159, s7:c159, s12:c159, s8:c158, s9:c159, s14:c159, s2:c157], cId:8127, entries: [(t:1, i:162), METADATAENTRY(c:161), (t:1, i:163), STATEMACHINELOGENTRY, 8124@client-E8995F8E72F5]
2023-03-17 00:26:26,845 DEBUG server.RaftServer$Division (RaftServerImpl.java:logAppendEntries(1430)) - s7@group-6E994AD85659: receive appendEntries(s1, 1, (t:1, i:162), 161, true, commits:[s1:c161, s10:c158, s0:c159, s3:c161, s4:c161, s11:c159, s5:c157, s6:c147, s13:c159, s7:c161, s12:c161, s8:c158, s9:c161, s14:c159, s2:c157], cId:8130, entries: [(t:1, i:163), STATEMACHINELOGENTRY, 8124@client-E8995F8E72F5]
2023-03-17 00:26:26,845 DEBUG server.RaftServer$Division (RaftServerImpl.java:logAppendEntries(1430)) - s7@group-6E994AD85659: succeeded to handle AppendEntries. Reply: s1<-s7#8130:OK-t1,SUCCESS,nextIndex=164,followerCommit=161,matchIndex=163
2023-03-17 00:26:26,845 DEBUG server.RaftServer$Division (RaftServerImpl.java:logAppendEntries(1430)) - s14@group-6E994AD85659: receive appendEntries(s1, 1, (t:1, i:162), 161, true, commits:[s1:c161, s10:c158, s0:c159, s3:c161, s4:c161, s11:c159, s5:c157, s6:c147, s13:c159, s7:c161, s12:c161, s8:c158, s9:c161, s14:c161, s2:c157], cId:8131, entries: [(t:1, i:163), STATEMACHINELOGENTRY, 8124@client-E8995F8E72F5]
2023-03-17 00:26:26,846 DEBUG server.RaftServer$Division (RaftServerImpl.java:logAppendEntries(1430)) - s11@group-6E994AD85659: receive appendEntries(s1, 1, (t:1, i:162), 161, true, commits:[s1:c161, s10:c158, s0:c159, s3:c161, s4:c161, s11:c161, s5:c157, s6:c147, s13:c159, s7:c161, s12:c161, s8:c158, s9:c161, s14:c161, s2:c157], cId:8132, entries: [(t:1, i:163), STATEMACHINELOGENTRY, 8124@client-E8995F8E72F5]
2023-03-17 00:26:26,846 DEBUG server.RaftServer$Division (RaftServerImpl.java:logAppendEntries(1430)) - s10@group-6E994AD85659: receive appendEntries(s1, 1, (t:1, i:161), 162, true, commits:[s1:c162, s10:c160, s0:c159, s3:c161, s4:c161, s11:c161, s5:c157, s6:c147, s13:c159, s7:c161, s12:c161, s8:c158, s9:c161, s14:c161, s2:c157], cId:8133, entries: [(t:1, i:162), METADATAENTRY(c:161), (t:1, i:163), STATEMACHINELOGENTRY, 8124@client-E8995F8E72F5]
2023-03-17 00:26:26,846 DEBUG server.RaftServer$Division (RaftServerImpl.java:logAppendEntries(1430)) - s13@group-6E994AD85659: succeeded to handle AppendEntries. Reply: s1<-s13#8119:OK-t1,SUCCESS,nextIndex=163,followerCommit=161,matchIndex=162
2023-03-17 00:26:26,846 DEBUG server.RaftServer$Division (RaftServerImpl.java:logAppendEntries(1430)) - s14@group-6E994AD85659: succeeded to handle AppendEntries. Reply: s1<-s14#8131:OK-t1,SUCCESS,nextIndex=164,followerCommit=161,matchIndex=163
2023-03-17 00:26:26,847 DEBUG server.RaftServer$Division (RaftServerImpl.java:logAppendEntries(1430)) - s10@group-6E994AD85659: succeeded to handle AppendEntries. Reply: s1<-s10#8133:OK-t1,SUCCESS,nextIndex=164,followerCommit=162,matchIndex=163
2023-03-17 00:26:26,847 DEBUG server.RaftServer$Division (RaftServerImpl.java:logAppendEntries(1430)) - s11@group-6E994AD85659: succeeded to handle AppendEntries. Reply: s1<-s11#8132:OK-t1,SUCCESS,nextIndex=164,followerCommit=161,matchIndex=163
2023-03-17 00:26:26,848 INFO  statemachine.StateMachine (ArithmeticStateMachine.java:applyTransaction(182)) - LEADER:s1-163: b = 5940 = 5940
2023-03-17 00:26:26,848 DEBUG server.RaftServer$Division (RaftServerImpl.java:logAppendEntries(1430)) - s13@group-6E994AD85659: receive appendEntries(s1, 1, (t:1, i:162), 162, true, commits:[s1:c162, s10:c160, s0:c159, s3:c161, s4:c161, s11:c161, s5:c158, s6:c147, s13:c161, s7:c161, s12:c161, s8:c158, s9:c161, s14:c161, s2:c158], cId:8136, entries: [(t:1, i:163), STATEMACHINELOGENTRY, 8124@client-E8995F8E72F5]
2023-03-17 00:26:26,849 DEBUG server.RaftServer$Division (RaftServerImpl.java:logAppendEntries(1430)) - s5@group-6E994AD85659: receive appendEntries(s1, 1, (t:1, i:159), 162, true, commits:[s1:c162, s10:c160, s0:c159, s3:c161, s4:c161, s11:c161, s5:c158, s6:c147, s13:c159, s7:c161, s12:c161, s8:c158, s9:c161, s14:c161, s2:c157], cId:8134, entries: [(t:1, i:160), METADATAENTRY(c:159), (t:1, i:161), STATEMACHINELOGENTRY, 8106@client-E8995F8E72F5, (t:1, i:162), METADATAENTRY(c:161), (t:1, i:163), STATEMACHINELOGENTRY, 8124@client-E8995F8E72F5]
2023-03-17 00:26:26,849 DEBUG server.RaftServer$Division (RaftServerImpl.java:submitClientRequestAsync(835)) - s1@group-6E994AD85659: receive client request(RaftClientRequest:client-E8995F8E72F5->s1@group-6E994AD85659, cid=8142, seq=0, RW, Message:01016304010300040201...(size=17))
2023-03-17 00:26:26,849 DEBUG server.RaftServer$Division (LeaderStateImpl.java:addPendingRequest(474)) - s1@group-6E994AD85659-LeaderStateImpl: addPendingRequest at RaftClientRequest:client-E8995F8E72F5->s1@group-6E994AD85659, cid=8142, seq=0, RW, Message:01016304010300040201...(size=17), entry=(t:1, i:165), STATEMACHINELOGENTRY, 8142@client-E8995F8E72F5
2023-03-17 00:26:26,849 DEBUG server.RaftServer$Division (RaftServerImpl.java:logAppendEntries(1430)) - s2@group-6E994AD85659: receive appendEntries(s1, 1, (t:1, i:159), 162, true, commits:[s1:c162, s10:c160, s0:c159, s3:c161, s4:c161, s11:c161, s5:c158, s6:c147, s13:c159, s7:c161, s12:c161, s8:c158, s9:c161, s14:c161, s2:c158], cId:8135, entries: [(t:1, i:160), METADATAENTRY(c:159), (t:1, i:161), STATEMACHINELOGENTRY, 8106@client-E8995F8E72F5, (t:1, i:162), METADATAENTRY(c:161), (t:1, i:163), STATEMACHINELOGENTRY, 8124@client-E8995F8E72F5]
2023-03-17 00:26:26,850 DEBUG server.RaftServer$Division (RaftServerImpl.java:logAppendEntries(1430)) - s5@group-6E994AD85659: succeeded to handle AppendEntries. Reply: s1<-s5#8134:OK-t1,SUCCESS,nextIndex=164,followerCommit=162,matchIndex=163
2023-03-17 00:26:26,850 DEBUG server.RaftServer$Division (RaftServerImpl.java:logAppendEntries(1430)) - s2@group-6E994AD85659: succeeded to handle AppendEntries. Reply: s1<-s2#8135:OK-t1,SUCCESS,nextIndex=164,followerCommit=162,matchIndex=163
2023-03-17 00:26:26,850 DEBUG server.RaftServer$Division (RaftServerImpl.java:logAppendEntries(1430)) - s13@group-6E994AD85659: succeeded to handle AppendEntries. Reply: s1<-s13#8136:OK-t1,SUCCESS,nextIndex=164,followerCommit=162,matchIndex=163
2023-03-17 00:26:26,851 DEBUG server.RaftServer$Division (RaftServerImpl.java:logAppendEntries(1430)) - s8@group-6E994AD85659: receive appendEntries(s1, 1, (t:1, i:161), 163, true, commits:[s1:c163, s10:c160, s0:c159, s3:c161, s4:c161, s11:c161, s5:c158, s6:c147, s13:c161, s7:c161, s12:c161, s8:c160, s9:c161, s14:c161, s2:c158], cId:8143, entries: [(t:1, i:162), METADATAENTRY(c:161), (t:1, i:163), STATEMACHINELOGENTRY, 8124@client-E8995F8E72F5, (t:1, i:164), METADATAENTRY(c:163)]
2023-03-17 00:26:26,851 DEBUG server.RaftServer$Division (RaftServerImpl.java:logAppendEntries(1430)) - s9@group-6E994AD85659: receive appendEntries(s1, 1, (t:1, i:163), 163, true, commits:[s1:c163, s10:c160, s0:c159, s3:c161, s4:c161, s11:c161, s5:c158, s6:c147, s13:c161, s7:c161, s12:c161, s8:c158, s9:c161, s14:c161, s2:c158], cId:8141, entries: [(t:1, i:164), METADATAENTRY(c:163)]
2023-03-17 00:26:26,851 DEBUG server.RaftServer$Division (RaftServerImpl.java:logAppendEntries(1430)) - s8@group-6E994AD85659: succeeded to handle AppendEntries. Reply: s1<-s8#8143:OK-t1,SUCCESS,nextIndex=165,followerCommit=163,matchIndex=164
2023-03-17 00:26:26,851 DEBUG server.RaftServer$Division (RaftServerImpl.java:logAppendEntries(1430)) - s3@group-6E994AD85659: receive appendEntries(s1, 1, (t:1, i:163), 163, true, commits:[s1:c163, s10:c162, s0:c159, s3:c161, s4:c161, s11:c161, s5:c158, s6:c147, s13:c161, s7:c161, s12:c161, s8:c160, s9:c161, s14:c161, s2:c158], cId:8145, entries: [(t:1, i:164), METADATAENTRY(c:163), (t:1, i:165), STATEMACHINELOGENTRY, 8142@client-E8995F8E72F5]
2023-03-17 00:26:26,851 DEBUG server.RaftServer$Division (RaftServerImpl.java:logAppendEntries(1430)) - s12@group-6E994AD85659: receive appendEntries(s1, 1, (t:1, i:163), 163, true, commits:[s1:c163, s10:c162, s0:c159, s3:c161, s4:c161, s11:c161, s5:c158, s6:c147, s13:c161, s7:c161, s12:c161, s8:c160, s9:c161, s14:c161, s2:c158], cId:8146, entries: [(t:1, i:164), METADATAENTRY(c:163), (t:1, i:165), STATEMACHINELOGENTRY, 8142@client-E8995F8E72F5]
2023-03-17 00:26:26,848 DEBUG server.RaftServer$Division (RaftServerImpl.java:logAppendEntries(1430)) - s0@group-6E994AD85659: succeeded to handle AppendEntries. Reply: s1<-s0#8127:OK-t1,SUCCESS,nextIndex=164,followerCommit=161,matchIndex=163
2023-03-17 00:26:26,852 DEBUG server.RaftServer$Division (RaftServerImpl.java:logAppendEntries(1430)) - s12@group-6E994AD85659: succeeded to handle AppendEntries. Reply: s1<-s12#8146:OK-t1,SUCCESS,nextIndex=166,followerCommit=163,matchIndex=165
2023-03-17 00:26:26,852 DEBUG server.RaftServer$Division (RaftServerImpl.java:logAppendEntries(1430)) - s3@group-6E994AD85659: succeeded to handle AppendEntries. Reply: s1<-s3#8145:OK-t1,SUCCESS,nextIndex=166,followerCommit=163,matchIndex=165
2023-03-17 00:26:26,848 DEBUG server.RaftServer$Division (RaftServerImpl.java:logAppendEntries(1430)) - s4@group-6E994AD85659: receive appendEntries(s1, 1, (t:1, i:163), 163, true, commits:[s1:c163, s10:c160, s0:c159, s3:c161, s4:c161, s11:c161, s5:c158, s6:c147, s13:c161, s7:c161, s12:c161, s8:c158, s9:c161, s14:c161, s2:c158], cId:8137, entries: [(t:1, i:164), METADATAENTRY(c:163)]
2023-03-17 00:26:26,852 DEBUG server.RaftServer$Division (RaftServerImpl.java:logAppendEntries(1430)) - s11@group-6E994AD85659: receive appendEntries(s1, 1, (t:1, i:163), 163, true, commits:[s1:c163, s10:c160, s0:c159, s3:c161, s4:c161, s11:c161, s5:c158, s6:c147, s13:c161, s7:c161, s12:c161, s8:c158, s9:c161, s14:c161, s2:c158], cId:8138, entries: [(t:1, i:164), METADATAENTRY(c:163)]
2023-03-17 00:26:26,851 DEBUG server.RaftServer$Division (RaftServerImpl.java:logAppendEntries(1430)) - s9@group-6E994AD85659: succeeded to handle AppendEntries. Reply: s1<-s9#8141:OK-t1,SUCCESS,nextIndex=165,followerCommit=163,matchIndex=164
2023-03-17 00:26:26,853 DEBUG server.RaftServer$Division (RaftServerImpl.java:logAppendEntries(1430)) - s13@group-6E994AD85659: receive appendEntries(s1, 1, (t:1, i:163), 163, true, commits:[s1:c163, s10:c162, s0:c159, s3:c161, s4:c161, s11:c161, s5:c158, s6:c147, s13:c162, s7:c161, s12:c161, s8:c160, s9:c161, s14:c161, s2:c158], cId:8147, entries: [(t:1, i:164), METADATAENTRY(c:163), (t:1, i:165), STATEMACHINELOGENTRY, 8142@client-E8995F8E72F5]
2023-03-17 00:26:26,854 DEBUG server.RaftServer$Division (RaftServerImpl.java:logAppendEntries(1430)) - s10@group-6E994AD85659: receive appendEntries(s1, 1, (t:1, i:163), 163, true, commits:[s1:c163, s10:c162, s0:c159, s3:c161, s4:c161, s11:c161, s5:c158, s6:c147, s13:c161, s7:c161, s12:c161, s8:c160, s9:c161, s14:c161, s2:c158], cId:8144, entries: [(t:1, i:164), METADATAENTRY(c:163)]
2023-03-17 00:26:26,853 DEBUG server.RaftServer$Division (RaftServerImpl.java:logAppendEntries(1430)) - s0@group-6E994AD85659: receive appendEntries(s1, 1, (t:1, i:163), 163, true, commits:[s1:c163, s10:c162, s0:c161, s3:c161, s4:c161, s11:c161, s5:c162, s6:c147, s13:c162, s7:c161, s12:c161, s8:c160, s9:c161, s14:c161, s2:c162], cId:8150, entries: [(t:1, i:164), METADATAENTRY(c:163), (t:1, i:165), STATEMACHINELOGENTRY, 8142@client-E8995F8E72F5]
2023-03-17 00:26:26,853 DEBUG server.RaftServer$Division (RaftServerImpl.java:logAppendEntries(1430)) - s14@group-6E994AD85659: receive appendEntries(s1, 1, (t:1, i:163), 163, true, commits:[s1:c163, s10:c160, s0:c159, s3:c161, s4:c161, s11:c161, s5:c158, s6:c147, s13:c161, s7:c161, s12:c161, s8:c158, s9:c161, s14:c161, s2:c158], cId:8140, entries: [(t:1, i:164), METADATAENTRY(c:163)]
2023-03-17 00:26:26,853 DEBUG server.RaftServer$Division (RaftServerImpl.java:logAppendEntries(1430)) - s7@group-6E994AD85659: receive appendEntries(s1, 1, (t:1, i:163), 163, true, commits:[s1:c163, s10:c160, s0:c159, s3:c161, s4:c161, s11:c161, s5:c158, s6:c147, s13:c161, s7:c161, s12:c161, s8:c158, s9:c161, s14:c161, s2:c158], cId:8139, entries: [(t:1, i:164), METADATAENTRY(c:163)]
2023-03-17 00:26:26,853 DEBUG server.RaftServer$Division (RaftServerImpl.java:logAppendEntries(1430)) - s4@group-6E994AD85659: succeeded to handle AppendEntries. Reply: s1<-s4#8137:OK-t1,SUCCESS,nextIndex=165,followerCommit=163,matchIndex=164
2023-03-17 00:26:26,855 DEBUG server.RaftServer$Division (RaftServerImpl.java:logAppendEntries(1430)) - s0@group-6E994AD85659: succeeded to handle AppendEntries. Reply: s1<-s0#8150:OK-t1,SUCCESS,nextIndex=166,followerCommit=163,matchIndex=165
2023-03-17 00:26:26,856 DEBUG server.RaftServer$Division (RaftServerImpl.java:logAppendEntries(1430)) - s14@group-6E994AD85659: succeeded to handle AppendEntries. Reply: s1<-s14#8140:OK-t1,SUCCESS,nextIndex=165,followerCommit=163,matchIndex=164
2023-03-17 00:26:26,856 DEBUG server.RaftServer$Division (RaftServerImpl.java:logAppendEntries(1430)) - s4@group-6E994AD85659: receive appendEntries(s1, 1, (t:1, i:164), 163, true, commits:[s1:c163, s10:c162, s0:c163, s3:c163, s4:c163, s11:c161, s5:c162, s6:c147, s13:c162, s7:c161, s12:c163, s8:c163, s9:c163, s14:c161, s2:c162], cId:8153, entries: [(t:1, i:165), STATEMACHINELOGENTRY, 8142@client-E8995F8E72F5]
2023-03-17 00:26:26,857 DEBUG server.RaftServer$Division (RaftServerImpl.java:logAppendEntries(1430)) - s7@group-6E994AD85659: succeeded to handle AppendEntries. Reply: s1<-s7#8139:OK-t1,SUCCESS,nextIndex=165,followerCommit=163,matchIndex=164
2023-03-17 00:26:26,855 DEBUG server.RaftServer$Division (RaftServerImpl.java:logAppendEntries(1430)) - s5@group-6E994AD85659: receive appendEntries(s1, 1, (t:1, i:163), 163, true, commits:[s1:c163, s10:c162, s0:c159, s3:c161, s4:c161, s11:c161, s5:c162, s6:c147, s13:c162, s7:c161, s12:c161, s8:c160, s9:c161, s14:c161, s2:c162], cId:8149, entries: [(t:1, i:164), METADATAENTRY(c:163), (t:1, i:165), STATEMACHINELOGENTRY, 8142@client-E8995F8E72F5]
2023-03-17 00:26:26,854 DEBUG server.RaftServer$Division (RaftServerImpl.java:logAppendEntries(1430)) - s2@group-6E994AD85659: receive appendEntries(s1, 1, (t:1, i:163), 163, true, commits:[s1:c163, s10:c162, s0:c159, s3:c161, s4:c161, s11:c161, s5:c158, s6:c147, s13:c162, s7:c161, s12:c161, s8:c160, s9:c161, s14:c161, s2:c162], cId:8148, entries: [(t:1, i:164), METADATAENTRY(c:163), (t:1, i:165), STATEMACHINELOGENTRY, 8142@client-E8995F8E72F5]
2023-03-17 00:26:26,854 DEBUG server.RaftServer$Division (RaftServerImpl.java:logAppendEntries(1430)) - s11@group-6E994AD85659: succeeded to handle AppendEntries. Reply: s1<-s11#8138:OK-t1,SUCCESS,nextIndex=165,followerCommit=163,matchIndex=164
2023-03-17 00:26:26,854 DEBUG server.RaftServer$Division (RaftServerImpl.java:logAppendEntries(1430)) - s10@group-6E994AD85659: succeeded to handle AppendEntries. Reply: s1<-s10#8144:OK-t1,SUCCESS,nextIndex=165,followerCommit=163,matchIndex=164
2023-03-17 00:26:26,854 DEBUG server.RaftServer$Division (RaftServerImpl.java:logAppendEntries(1430)) - s9@group-6E994AD85659: receive appendEntries(s1, 1, (t:1, i:164), 163, true, commits:[s1:c163, s10:c162, s0:c161, s3:c163, s4:c161, s11:c161, s5:c162, s6:c147, s13:c162, s7:c161, s12:c163, s8:c160, s9:c163, s14:c161, s2:c162], cId:8151, entries: [(t:1, i:165), STATEMACHINELOGENTRY, 8142@client-E8995F8E72F5]
2023-03-17 00:26:26,857 DEBUG server.RaftServer$Division (RaftServerImpl.java:logAppendEntries(1430)) - s4@group-6E994AD85659: succeeded to handle AppendEntries. Reply: s1<-s4#8153:OK-t1,SUCCESS,nextIndex=166,followerCommit=163,matchIndex=165
2023-03-17 00:26:26,858 DEBUG server.RaftServer$Division (RaftServerImpl.java:logAppendEntries(1430)) - s2@group-6E994AD85659: succeeded to handle AppendEntries. Reply: s1<-s2#8148:OK-t1,SUCCESS,nextIndex=166,followerCommit=163,matchIndex=165
2023-03-17 00:26:26,858 DEBUG server.RaftServer$Division (RaftServerImpl.java:logAppendEntries(1430)) - s5@group-6E994AD85659: succeeded to handle AppendEntries. Reply: s1<-s5#8149:OK-t1,SUCCESS,nextIndex=166,followerCommit=163,matchIndex=165
2023-03-17 00:26:26,858 DEBUG server.RaftServer$Division (RaftServerImpl.java:logAppendEntries(1430)) - s9@group-6E994AD85659: succeeded to handle AppendEntries. Reply: s1<-s9#8151:OK-t1,SUCCESS,nextIndex=166,followerCommit=163,matchIndex=165
2023-03-17 00:26:26,859 DEBUG server.RaftServer$Division (RaftServerImpl.java:logAppendEntries(1430)) - s14@group-6E994AD85659: receive appendEntries(s1, 1, (t:1, i:164), 163, true, commits:[s1:c163, s10:c162, s0:c163, s3:c163, s4:c163, s11:c161, s5:c162, s6:c147, s13:c162, s7:c161, s12:c163, s8:c163, s9:c163, s14:c163, s2:c162], cId:8154, entries: [(t:1, i:165), STATEMACHINELOGENTRY, 8142@client-E8995F8E72F5]
2023-03-17 00:26:26,859 DEBUG server.RaftServer$Division (RaftServerImpl.java:logAppendEntries(1430)) - s13@group-6E994AD85659: succeeded to handle AppendEntries. Reply: s1<-s13#8147:OK-t1,SUCCESS,nextIndex=166,followerCommit=163,matchIndex=165
2023-03-17 00:26:26,859 DEBUG server.RaftServer$Division (RaftServerImpl.java:logAppendEntries(1430)) - s7@group-6E994AD85659: receive appendEntries(s1, 1, (t:1, i:164), 164, true, commits:[s1:c164, s10:c162, s0:c163, s3:c163, s4:c163, s11:c161, s5:c162, s6:c147, s13:c162, s7:c163, s12:c163, s8:c163, s9:c163, s14:c163, s2:c162], cId:8155, entries: [(t:1, i:165), STATEMACHINELOGENTRY, 8142@client-E8995F8E72F5]
2023-03-17 00:26:26,859 DEBUG server.RaftServer$Division (RaftServerImpl.java:logAppendEntries(1430)) - s14@group-6E994AD85659: succeeded to handle AppendEntries. Reply: s1<-s14#8154:OK-t1,SUCCESS,nextIndex=166,followerCommit=163,matchIndex=165
2023-03-17 00:26:26,860 DEBUG server.RaftServer$Division (RaftServerImpl.java:logAppendEntries(1430)) - s11@group-6E994AD85659: receive appendEntries(s1, 1, (t:1, i:164), 164, true, commits:[s1:c164, s10:c162, s0:c163, s3:c163, s4:c163, s11:c163, s5:c162, s6:c147, s13:c162, s7:c163, s12:c163, s8:c163, s9:c163, s14:c163, s2:c162], cId:8156, entries: [(t:1, i:165), STATEMACHINELOGENTRY, 8142@client-E8995F8E72F5]
2023-03-17 00:26:26,861 DEBUG server.RaftServer$Division (RaftServerImpl.java:logAppendEntries(1430)) - s13@group-6E994AD85659: receive appendEntries(s1, 1, (t:1, i:165), 165, true, commits:[s1:c165, s10:c163, s0:c163, s3:c163, s4:c163, s11:c163, s5:c163, s6:c147, s13:c163, s7:c163, s12:c163, s8:c163, s9:c163, s14:c163, s2:c163], cId:8161, entries: [(t:1, i:166), METADATAENTRY(c:165)]
2023-03-17 00:26:26,861 DEBUG server.RaftServer$Division (RaftServerImpl.java:logAppendEntries(1430)) - s14@group-6E994AD85659: receive appendEntries(s1, 1, (t:1, i:165), 165, true, commits:[s1:c165, s10:c163, s0:c163, s3:c163, s4:c163, s11:c163, s5:c163, s6:c147, s13:c163, s7:c163, s12:c163, s8:c163, s9:c163, s14:c163, s2:c163], cId:8166, entries: [(t:1, i:166), METADATAENTRY(c:165)]
2023-03-17 00:26:26,861 DEBUG server.RaftServer$Division (RaftServerImpl.java:logAppendEntries(1430)) - s4@group-6E994AD85659: receive appendEntries(s1, 1, (t:1, i:165), 165, true, commits:[s1:c165, s10:c163, s0:c163, s3:c163, s4:c163, s11:c163, s5:c163, s6:c147, s13:c163, s7:c163, s12:c163, s8:c163, s9:c163, s14:c163, s2:c163], cId:8163, entries: [(t:1, i:166), METADATAENTRY(c:165)]
2023-03-17 00:26:26,863 DEBUG server.RaftServer$Division (RaftServerImpl.java:logAppendEntries(1430)) - s6@group-6E994AD85659: succeeded to handle AppendEntries. Reply: s1<-s6#8074:OK-t1,SUCCESS,nextIndex=158,followerCommit=156,matchIndex=157
2023-03-17 00:26:26,861 DEBUG server.RaftServer$Division (RaftServerImpl.java:logAppendEntries(1430)) - s12@group-6E994AD85659: receive appendEntries(s1, 1, (t:1, i:165), 165, true, commits:[s1:c165, s10:c163, s0:c163, s3:c163, s4:c163, s11:c163, s5:c163, s6:c147, s13:c163, s7:c163, s12:c163, s8:c163, s9:c163, s14:c163, s2:c163], cId:8165, entries: [(t:1, i:166), METADATAENTRY(c:165)]
2023-03-17 00:26:26,861 DEBUG server.RaftServer$Division (RaftServerImpl.java:logAppendEntries(1430)) - s3@group-6E994AD85659: receive appendEntries(s1, 1, (t:1, i:165), 165, true, commits:[s1:c165, s10:c163, s0:c163, s3:c163, s4:c163, s11:c163, s5:c163, s6:c147, s13:c163, s7:c163, s12:c163, s8:c163, s9:c163, s14:c163, s2:c163], cId:8164, entries: [(t:1, i:166), METADATAENTRY(c:165)]
2023-03-17 00:26:26,861 DEBUG server.RaftServer$Division (RaftServerImpl.java:logAppendEntries(1430)) - s9@group-6E994AD85659: receive appendEntries(s1, 1, (t:1, i:165), 165, true, commits:[s1:c165, s10:c163, s0:c163, s3:c163, s4:c163, s11:c163, s5:c163, s6:c147, s13:c163, s7:c163, s12:c163, s8:c163, s9:c163, s14:c163, s2:c163], cId:8160, entries: [(t:1, i:166), METADATAENTRY(c:165)]
2023-03-17 00:26:26,863 DEBUG server.RaftServer$Division (RaftServerImpl.java:logAppendEntries(1430)) - s3@group-6E994AD85659: succeeded to handle AppendEntries. Reply: s1<-s3#8164:OK-t1,SUCCESS,nextIndex=167,followerCommit=165,matchIndex=166
2023-03-17 00:26:26,864 DEBUG server.RaftServer$Division (RaftServerImpl.java:logAppendEntries(1430)) - s12@group-6E994AD85659: succeeded to handle AppendEntries. Reply: s1<-s12#8165:OK-t1,SUCCESS,nextIndex=167,followerCommit=165,matchIndex=166
2023-03-17 00:26:26,864 DEBUG server.RaftServer$Division (RaftServerImpl.java:logAppendEntries(1430)) - s4@group-6E994AD85659: succeeded to handle AppendEntries. Reply: s1<-s4#8163:OK-t1,SUCCESS,nextIndex=167,followerCommit=165,matchIndex=166
2023-03-17 00:26:26,860 DEBUG server.RaftServer$Division (RaftServerImpl.java:logAppendEntries(1430)) - s8@group-6E994AD85659: receive appendEntries(s1, 1, (t:1, i:164), 163, true, commits:[s1:c163, s10:c162, s0:c161, s3:c163, s4:c161, s11:c161, s5:c162, s6:c147, s13:c162, s7:c161, s12:c163, s8:c163, s9:c163, s14:c161, s2:c162], cId:8152, entries: [(t:1, i:165), STATEMACHINELOGENTRY, 8142@client-E8995F8E72F5]
2023-03-17 00:26:26,860 INFO  statemachine.StateMachine (ArithmeticStateMachine.java:applyTransaction(182)) - LEADER:s1-165: c = √(a^2 + b^2) = 5941
2023-03-17 00:26:26,860 DEBUG server.RaftServer$Division (RaftServerImpl.java:logAppendEntries(1430)) - s7@group-6E994AD85659: succeeded to handle AppendEntries. Reply: s1<-s7#8155:OK-t1,SUCCESS,nextIndex=166,followerCommit=164,matchIndex=165
2023-03-17 00:26:26,864 DEBUG server.RaftServer$Division (RaftServerImpl.java:logAppendEntries(1430)) - s9@group-6E994AD85659: succeeded to handle AppendEntries. Reply: s1<-s9#8160:OK-t1,SUCCESS,nextIndex=167,followerCommit=165,matchIndex=166
2023-03-17 00:26:26,865 DEBUG server.RaftServer$Division (RaftServerImpl.java:logAppendEntries(1430)) - s8@group-6E994AD85659: succeeded to handle AppendEntries. Reply: s1<-s8#8152:OK-t1,SUCCESS,nextIndex=166,followerCommit=163,matchIndex=165
2023-03-17 00:26:26,865 DEBUG server.RaftServer$Division (RaftServerImpl.java:submitClientRequestAsync(835)) - s1@group-6E994AD85659: receive client request(RaftClientRequest:client-E8995F8E72F5->s1@group-6E994AD85659, cid=8167, seq=0, RW, Message:01016100)
2023-03-17 00:26:26,865 DEBUG server.RaftServer$Division (LeaderStateImpl.java:addPendingRequest(474)) - s1@group-6E994AD85659-LeaderStateImpl: addPendingRequest at RaftClientRequest:client-E8995F8E72F5->s1@group-6E994AD85659, cid=8167, seq=0, RW, Message:01016100, entry=(t:1, i:167), STATEMACHINELOGENTRY, 8167@client-E8995F8E72F5
2023-03-17 00:26:26,865 DEBUG server.RaftServer$Division (RaftServerImpl.java:logAppendEntries(1430)) - s7@group-6E994AD85659: receive appendEntries(s1, 1, (t:1, i:165), 165, true, commits:[s1:c165, s10:c163, s0:c163, s3:c165, s4:c163, s11:c163, s5:c163, s6:c147, s13:c163, s7:c164, s12:c165, s8:c163, s9:c163, s14:c163, s2:c163], cId:8168, entries: [(t:1, i:166), METADATAENTRY(c:165), (t:1, i:167), STATEMACHINELOGENTRY, 8167@client-E8995F8E72F5]
2023-03-17 00:26:26,866 DEBUG server.RaftServer$Division (RaftServerImpl.java:logAppendEntries(1430)) - s12@group-6E994AD85659: receive appendEntries(s1, 1, (t:1, i:166), 165, true, commits:[s1:c165, s10:c163, s0:c163, s3:c165, s4:c163, s11:c163, s5:c163, s6:c147, s13:c163, s7:c164, s12:c165, s8:c163, s9:c163, s14:c163, s2:c163], cId:8169, entries: [(t:1, i:167), STATEMACHINELOGENTRY, 8167@client-E8995F8E72F5]
2023-03-17 00:26:26,866 DEBUG server.RaftServer$Division (RaftServerImpl.java:logAppendEntries(1430)) - s14@group-6E994AD85659: succeeded to handle AppendEntries. Reply: s1<-s14#8166:OK-t1,SUCCESS,nextIndex=167,followerCommit=165,matchIndex=166
2023-03-17 00:26:26,862 DEBUG server.RaftServer$Division (RaftServerImpl.java:logAppendEntries(1430)) - s5@group-6E994AD85659: receive appendEntries(s1, 1, (t:1, i:165), 165, true, commits:[s1:c165, s10:c163, s0:c163, s3:c163, s4:c163, s11:c163, s5:c163, s6:c147, s13:c163, s7:c163, s12:c163, s8:c163, s9:c163, s14:c163, s2:c163], cId:8158, entries: [(t:1, i:166), METADATAENTRY(c:165)]
2023-03-17 00:26:26,862 DEBUG server.RaftServer$Division (RaftServerImpl.java:logAppendEntries(1430)) - s11@group-6E994AD85659: succeeded to handle AppendEntries. Reply: s1<-s11#8156:OK-t1,SUCCESS,nextIndex=166,followerCommit=164,matchIndex=165
2023-03-17 00:26:26,862 DEBUG server.RaftServer$Division (RaftServerImpl.java:logAppendEntries(1430)) - s10@group-6E994AD85659: receive appendEntries(s1, 1, (t:1, i:164), 164, true, commits:[s1:c164, s10:c163, s0:c163, s3:c163, s4:c163, s11:c163, s5:c162, s6:c147, s13:c163, s7:c163, s12:c163, s8:c163, s9:c163, s14:c163, s2:c162], cId:8157, entries: [(t:1, i:165), STATEMACHINELOGENTRY, 8142@client-E8995F8E72F5]
2023-03-17 00:26:26,867 DEBUG server.RaftServer$Division (RaftServerImpl.java:logAppendEntries(1430)) - s9@group-6E994AD85659: receive appendEntries(s1, 1, (t:1, i:166), 165, true, commits:[s1:c165, s10:c163, s0:c163, s3:c165, s4:c165, s11:c163, s5:c163, s6:c147, s13:c163, s7:c164, s12:c165, s8:c163, s9:c165, s14:c165, s2:c163], cId:8173, entries: [(t:1, i:167), STATEMACHINELOGENTRY, 8167@client-E8995F8E72F5]
2023-03-17 00:26:26,867 DEBUG server.RaftServer$Division (RaftServerImpl.java:logAppendEntries(1430)) - s10@group-6E994AD85659: succeeded to handle AppendEntries. Reply: s1<-s10#8157:OK-t1,SUCCESS,nextIndex=166,followerCommit=164,matchIndex=165
2023-03-17 00:26:26,862 DEBUG server.RaftServer$Division (RaftServerImpl.java:logAppendEntries(1430)) - s0@group-6E994AD85659: receive appendEntries(s1, 1, (t:1, i:165), 165, true, commits:[s1:c165, s10:c163, s0:c163, s3:c163, s4:c163, s11:c163, s5:c163, s6:c147, s13:c163, s7:c163, s12:c163, s8:c163, s9:c163, s14:c163, s2:c163], cId:8162, entries: [(t:1, i:166), METADATAENTRY(c:165)]
2023-03-17 00:26:26,867 DEBUG server.RaftServer$Division (RaftServerImpl.java:logAppendEntries(1430)) - s9@group-6E994AD85659: succeeded to handle AppendEntries. Reply: s1<-s9#8173:OK-t1,SUCCESS,nextIndex=168,followerCommit=165,matchIndex=167
2023-03-17 00:26:26,868 DEBUG server.RaftServer$Division (RaftServerImpl.java:logAppendEntries(1430)) - s5@group-6E994AD85659: succeeded to handle AppendEntries. Reply: s1<-s5#8158:OK-t1,SUCCESS,nextIndex=167,followerCommit=165,matchIndex=166
2023-03-17 00:26:26,866 DEBUG server.RaftServer$Division (RaftServerImpl.java:logAppendEntries(1430)) - s4@group-6E994AD85659: receive appendEntries(s1, 1, (t:1, i:166), 165, true, commits:[s1:c165, s10:c163, s0:c163, s3:c165, s4:c165, s11:c163, s5:c163, s6:c147, s13:c163, s7:c164, s12:c165, s8:c163, s9:c163, s14:c163, s2:c163], cId:8171, entries: [(t:1, i:167), STATEMACHINELOGENTRY, 8167@client-E8995F8E72F5]
2023-03-17 00:26:26,866 DEBUG server.RaftServer$Division (RaftServerImpl.java:logAppendEntries(1430)) - s7@group-6E994AD85659: succeeded to handle AppendEntries. Reply: s1<-s7#8168:OK-t1,SUCCESS,nextIndex=168,followerCommit=165,matchIndex=167
2023-03-17 00:26:26,866 DEBUG server.RaftServer$Division (RaftServerImpl.java:logAppendEntries(1430)) - s3@group-6E994AD85659: receive appendEntries(s1, 1, (t:1, i:166), 165, true, commits:[s1:c165, s10:c163, s0:c163, s3:c165, s4:c163, s11:c163, s5:c163, s6:c147, s13:c163, s7:c164, s12:c165, s8:c163, s9:c163, s14:c163, s2:c163], cId:8170, entries: [(t:1, i:167), STATEMACHINELOGENTRY, 8167@client-E8995F8E72F5]
2023-03-17 00:26:26,866 DEBUG server.RaftServer$Division (RaftServerImpl.java:logAppendEntries(1430)) - s12@group-6E994AD85659: succeeded to handle AppendEntries. Reply: s1<-s12#8169:OK-t1,SUCCESS,nextIndex=168,followerCommit=165,matchIndex=167
2023-03-17 00:26:26,868 DEBUG server.RaftServer$Division (RaftServerImpl.java:logAppendEntries(1430)) - s4@group-6E994AD85659: succeeded to handle AppendEntries. Reply: s1<-s4#8171:OK-t1,SUCCESS,nextIndex=168,followerCommit=165,matchIndex=167
2023-03-17 00:26:26,869 DEBUG server.RaftServer$Division (RaftServerImpl.java:logAppendEntries(1430)) - s13@group-6E994AD85659: succeeded to handle AppendEntries. Reply: s1<-s13#8161:OK-t1,SUCCESS,nextIndex=167,followerCommit=165,matchIndex=166
2023-03-17 00:26:26,869 DEBUG server.RaftServer$Division (RaftServerImpl.java:logAppendEntries(1430)) - s10@group-6E994AD85659: receive appendEntries(s1, 1, (t:1, i:165), 165, true, commits:[s1:c165, s10:c164, s0:c163, s3:c165, s4:c165, s11:c164, s5:c163, s6:c156, s13:c163, s7:c165, s12:c165, s8:c163, s9:c165, s14:c165, s2:c163], cId:8176, entries: [(t:1, i:166), METADATAENTRY(c:165), (t:1, i:167), STATEMACHINELOGENTRY, 8167@client-E8995F8E72F5]
2023-03-17 00:26:26,870 DEBUG server.RaftServer$Division (RaftServerImpl.java:logAppendEntries(1430)) - s10@group-6E994AD85659: succeeded to handle AppendEntries. Reply: s1<-s10#8176:OK-t1,SUCCESS,nextIndex=168,followerCommit=165,matchIndex=167
2023-03-17 00:26:26,870 DEBUG server.RaftServer$Division (RaftServerImpl.java:logAppendEntries(1430)) - s6@group-6E994AD85659: receive appendEntries(s1, 1, (t:1, i:157), 165, true, commits:[s1:c165, s10:c163, s0:c163, s3:c165, s4:c165, s11:c164, s5:c163, s6:c156, s13:c163, s7:c165, s12:c165, s8:c163, s9:c165, s14:c165, s2:c163], cId:8175, entries: [(t:1, i:158), METADATAENTRY(c:157), (t:1, i:159), STATEMACHINELOGENTRY, 8085@client-E8995F8E72F5, (t:1, i:160), METADATAENTRY(c:159), (t:1, i:161), STATEMACHINELOGENTRY, 8106@client-E8995F8E72F5, (t:1, i:162), METADATAENTRY(c:161), (t:1, i:163), STATEMACHINELOGENTRY, 8124@client-E8995F8E72F5, (t:1, i:164), METADATAENTRY(c:163), (t:1, i:165), STATEMACHINELOGENTRY, 8142@client-E8995F8E72F5, (t:1, i:166), METADATAENTRY(c:165), (t:1, i:167), STATEMACHINELOGENTRY, 8167@client-E8995F8E72F5]
2023-03-17 00:26:26,868 DEBUG server.RaftServer$Division (RaftServerImpl.java:logAppendEntries(1430)) - s11@group-6E994AD85659: receive appendEntries(s1, 1, (t:1, i:165), 165, true, commits:[s1:c165, s10:c163, s0:c163, s3:c165, s4:c165, s11:c164, s5:c163, s6:c147, s13:c163, s7:c164, s12:c165, s8:c163, s9:c165, s14:c165, s2:c163], cId:8174, entries: [(t:1, i:166), METADATAENTRY(c:165), (t:1, i:167), STATEMACHINELOGENTRY, 8167@client-E8995F8E72F5]
2023-03-17 00:26:26,868 DEBUG server.RaftServer$Division (RaftServerImpl.java:logAppendEntries(1430)) - s14@group-6E994AD85659: receive appendEntries(s1, 1, (t:1, i:166), 165, true, commits:[s1:c165, s10:c163, s0:c163, s3:c165, s4:c165, s11:c163, s5:c163, s6:c147, s13:c163, s7:c164, s12:c165, s8:c163, s9:c163, s14:c165, s2:c163], cId:8172, entries: [(t:1, i:167), STATEMACHINELOGENTRY, 8167@client-E8995F8E72F5]
2023-03-17 00:26:26,871 DEBUG server.RaftServer$Division (RaftServerImpl.java:logAppendEntries(1430)) - s11@group-6E994AD85659: succeeded to handle AppendEntries. Reply: s1<-s11#8174:OK-t1,SUCCESS,nextIndex=168,followerCommit=165,matchIndex=167
2023-03-17 00:26:26,871 DEBUG server.RaftServer$Division (RaftServerImpl.java:logAppendEntries(1430)) - s0@group-6E994AD85659: succeeded to handle AppendEntries. Reply: s1<-s0#8162:OK-t1,SUCCESS,nextIndex=167,followerCommit=165,matchIndex=166
2023-03-17 00:26:26,869 DEBUG server.RaftServer$Division (RaftServerImpl.java:logAppendEntries(1430)) - s2@group-6E994AD85659: receive appendEntries(s1, 1, (t:1, i:165), 165, true, commits:[s1:c165, s10:c163, s0:c163, s3:c163, s4:c163, s11:c163, s5:c163, s6:c147, s13:c163, s7:c163, s12:c163, s8:c163, s9:c163, s14:c163, s2:c163], cId:8159, entries: [(t:1, i:166), METADATAENTRY(c:165)]
2023-03-17 00:26:26,869 DEBUG server.RaftServer$Division (RaftServerImpl.java:logAppendEntries(1430)) - s3@group-6E994AD85659: succeeded to handle AppendEntries. Reply: s1<-s3#8170:OK-t1,SUCCESS,nextIndex=168,followerCommit=165,matchIndex=167
2023-03-17 00:26:26,872 DEBUG server.RaftServer$Division (RaftServerImpl.java:logAppendEntries(1430)) - s2@group-6E994AD85659: succeeded to handle AppendEntries. Reply: s1<-s2#8159:OK-t1,SUCCESS,nextIndex=167,followerCommit=165,matchIndex=166
2023-03-17 00:26:26,872 DEBUG server.RaftServer$Division (RaftServerImpl.java:logAppendEntries(1430)) - s0@group-6E994AD85659: receive appendEntries(s1, 1, (t:1, i:166), 166, true, commits:[s1:c166, s10:c164, s0:c165, s3:c165, s4:c165, s11:c164, s5:c165, s6:c156, s13:c165, s7:c165, s12:c165, s8:c163, s9:c165, s14:c165, s2:c163], cId:8180, entries: [(t:1, i:167), STATEMACHINELOGENTRY, 8167@client-E8995F8E72F5]
2023-03-17 00:26:26,872 DEBUG server.RaftServer$Division (RaftServerImpl.java:logAppendEntries(1430)) - s8@group-6E994AD85659: receive appendEntries(s1, 1, (t:1, i:165), 165, true, commits:[s1:c165, s10:c164, s0:c163, s3:c165, s4:c165, s11:c164, s5:c165, s6:c156, s13:c163, s7:c165, s12:c165, s8:c163, s9:c165, s14:c165, s2:c163], cId:8178, entries: [(t:1, i:166), METADATAENTRY(c:165), (t:1, i:167), STATEMACHINELOGENTRY, 8167@client-E8995F8E72F5]
2023-03-17 00:26:26,872 DEBUG server.RaftServer$Division (RaftServerImpl.java:logAppendEntries(1430)) - s14@group-6E994AD85659: succeeded to handle AppendEntries. Reply: s1<-s14#8172:OK-t1,SUCCESS,nextIndex=168,followerCommit=165,matchIndex=167
2023-03-17 00:26:26,873 DEBUG server.RaftServer$Division (RaftServerImpl.java:logAppendEntries(1430)) - s8@group-6E994AD85659: succeeded to handle AppendEntries. Reply: s1<-s8#8178:OK-t1,SUCCESS,nextIndex=168,followerCommit=165,matchIndex=167
2023-03-17 00:26:26,873 DEBUG server.RaftServer$Division (RaftServerImpl.java:logAppendEntries(1430)) - s0@group-6E994AD85659: succeeded to handle AppendEntries. Reply: s1<-s0#8180:OK-t1,SUCCESS,nextIndex=168,followerCommit=166,matchIndex=167
2023-03-17 00:26:26,873 DEBUG server.RaftServer$Division (RaftServerImpl.java:logAppendEntries(1430)) - s5@group-6E994AD85659: receive appendEntries(s1, 1, (t:1, i:166), 165, true, commits:[s1:c165, s10:c164, s0:c163, s3:c165, s4:c165, s11:c164, s5:c165, s6:c156, s13:c163, s7:c165, s12:c165, s8:c163, s9:c165, s14:c165, s2:c163], cId:8177, entries: [(t:1, i:167), STATEMACHINELOGENTRY, 8167@client-E8995F8E72F5]
2023-03-17 00:26:26,874 INFO  statemachine.StateMachine (ArithmeticStateMachine.java:applyTransaction(182)) - LEADER:s1-167: a = null = null
2023-03-17 00:26:26,874 DEBUG server.RaftServer$Division (RaftServerImpl.java:logAppendEntries(1430)) - s11@group-6E994AD85659: receive appendEntries(s1, 1, (t:1, i:167), 167, true, commits:[s1:c167, s10:c164, s0:c166, s3:c165, s4:c165, s11:c165, s5:c165, s6:c156, s13:c165, s7:c165, s12:c165, s8:c163, s9:c165, s14:c165, s2:c163], cId:8181, entries: [(t:1, i:168), METADATAENTRY(c:167)]
2023-03-17 00:26:26,875 DEBUG server.RaftServer$Division (RaftServerImpl.java:logAppendEntries(1430)) - s11@group-6E994AD85659: succeeded to handle AppendEntries. Reply: s1<-s11#8181:OK-t1,SUCCESS,nextIndex=169,followerCommit=167,matchIndex=168
2023-03-17 00:26:26,875 DEBUG server.RaftServer$Division (RaftServerImpl.java:submitClientRequestAsync(835)) - s1@group-6E994AD85659: receive client request(RaftClientRequest:client-E8995F8E72F5->s1@group-6E994AD85659, cid=8187, seq=0, RW, Message:01016200)
2023-03-17 00:26:26,875 DEBUG server.RaftServer$Division (LeaderStateImpl.java:addPendingRequest(474)) - s1@group-6E994AD85659-LeaderStateImpl: addPendingRequest at RaftClientRequest:client-E8995F8E72F5->s1@group-6E994AD85659, cid=8187, seq=0, RW, Message:01016200, entry=(t:1, i:169), STATEMACHINELOGENTRY, 8187@client-E8995F8E72F5
2023-03-17 00:26:26,875 DEBUG server.RaftServer$Division (RaftServerImpl.java:logAppendEntries(1430)) - s7@group-6E994AD85659: receive appendEntries(s1, 1, (t:1, i:167), 167, true, commits:[s1:c167, s10:c164, s0:c166, s3:c165, s4:c165, s11:c165, s5:c165, s6:c156, s13:c165, s7:c165, s12:c165, s8:c163, s9:c165, s14:c165, s2:c163], cId:8185, entries: [(t:1, i:168), METADATAENTRY(c:167)]
2023-03-17 00:26:26,876 DEBUG server.RaftServer$Division (RaftServerImpl.java:logAppendEntries(1430)) - s3@group-6E994AD85659: receive appendEntries(s1, 1, (t:1, i:167), 167, true, commits:[s1:c167, s10:c164, s0:c166, s3:c165, s4:c165, s11:c167, s5:c165, s6:c156, s13:c165, s7:c165, s12:c165, s8:c163, s9:c165, s14:c165, s2:c163], cId:8189, entries: [(t:1, i:168), METADATAENTRY(c:167), (t:1, i:169), STATEMACHINELOGENTRY, 8187@client-E8995F8E72F5]
2023-03-17 00:26:26,876 DEBUG server.RaftServer$Division (RaftServerImpl.java:logAppendEntries(1430)) - s9@group-6E994AD85659: receive appendEntries(s1, 1, (t:1, i:167), 167, true, commits:[s1:c167, s10:c164, s0:c166, s3:c165, s4:c165, s11:c165, s5:c165, s6:c156, s13:c165, s7:c165, s12:c165, s8:c163, s9:c165, s14:c165, s2:c163], cId:8182, entries: [(t:1, i:168), METADATAENTRY(c:167)]
2023-03-17 00:26:26,876 DEBUG server.RaftServer$Division (RaftServerImpl.java:logAppendEntries(1430)) - s7@group-6E994AD85659: succeeded to handle AppendEntries. Reply: s1<-s7#8185:OK-t1,SUCCESS,nextIndex=169,followerCommit=167,matchIndex=168
2023-03-17 00:26:26,877 DEBUG server.RaftServer$Division (RaftServerImpl.java:logAppendEntries(1430)) - s3@group-6E994AD85659: succeeded to handle AppendEntries. Reply: s1<-s3#8189:OK-t1,SUCCESS,nextIndex=170,followerCommit=167,matchIndex=169
2023-03-17 00:26:26,877 DEBUG server.RaftServer$Division (RaftServerImpl.java:logAppendEntries(1430)) - s4@group-6E994AD85659: receive appendEntries(s1, 1, (t:1, i:167), 167, true, commits:[s1:c167, s10:c164, s0:c166, s3:c165, s4:c165, s11:c165, s5:c165, s6:c156, s13:c165, s7:c165, s12:c165, s8:c163, s9:c165, s14:c165, s2:c163], cId:8184, entries: [(t:1, i:168), METADATAENTRY(c:167)]
2023-03-17 00:26:26,877 DEBUG server.RaftServer$Division (RaftServerImpl.java:logAppendEntries(1430)) - s9@group-6E994AD85659: succeeded to handle AppendEntries. Reply: s1<-s9#8182:OK-t1,SUCCESS,nextIndex=169,followerCommit=167,matchIndex=168
2023-03-17 00:26:26,877 DEBUG server.RaftServer$Division (RaftServerImpl.java:logAppendEntries(1430)) - s4@group-6E994AD85659: succeeded to handle AppendEntries. Reply: s1<-s4#8184:OK-t1,SUCCESS,nextIndex=169,followerCommit=167,matchIndex=168
2023-03-17 00:26:26,877 DEBUG server.RaftServer$Division (RaftServerImpl.java:logAppendEntries(1430)) - s12@group-6E994AD85659: receive appendEntries(s1, 1, (t:1, i:167), 167, true, commits:[s1:c167, s10:c164, s0:c166, s3:c165, s4:c165, s11:c167, s5:c165, s6:c156, s13:c165, s7:c165, s12:c165, s8:c163, s9:c165, s14:c165, s2:c163], cId:8190, entries: [(t:1, i:168), METADATAENTRY(c:167), (t:1, i:169), STATEMACHINELOGENTRY, 8187@client-E8995F8E72F5]
2023-03-17 00:26:26,878 DEBUG server.RaftServer$Division (RaftServerImpl.java:logAppendEntries(1430)) - s12@group-6E994AD85659: succeeded to handle AppendEntries. Reply: s1<-s12#8190:OK-t1,SUCCESS,nextIndex=170,followerCommit=167,matchIndex=169
2023-03-17 00:26:26,879 DEBUG server.RaftServer$Division (RaftServerImpl.java:logAppendEntries(1430)) - s11@group-6E994AD85659: receive appendEntries(s1, 1, (t:1, i:168), 167, true, commits:[s1:c167, s10:c164, s0:c166, s3:c165, s4:c165, s11:c167, s5:c165, s6:c156, s13:c165, s7:c165, s12:c165, s8:c163, s9:c165, s14:c165, s2:c163], cId:8188, entries: [(t:1, i:169), STATEMACHINELOGENTRY, 8187@client-E8995F8E72F5]
2023-03-17 00:26:26,879 DEBUG server.RaftServer$Division (RaftServerImpl.java:logAppendEntries(1430)) - s9@group-6E994AD85659: receive appendEntries(s1, 1, (t:1, i:168), 167, true, commits:[s1:c167, s10:c164, s0:c166, s3:c167, s4:c167, s11:c167, s5:c165, s6:c156, s13:c165, s7:c165, s12:c165, s8:c163, s9:c167, s14:c165, s2:c163], cId:8192, entries: [(t:1, i:169), STATEMACHINELOGENTRY, 8187@client-E8995F8E72F5]
2023-03-17 00:26:26,879 DEBUG server.RaftServer$Division (RaftServerImpl.java:logAppendEntries(1430)) - s11@group-6E994AD85659: succeeded to handle AppendEntries. Reply: s1<-s11#8188:OK-t1,SUCCESS,nextIndex=170,followerCommit=167,matchIndex=169
2023-03-17 00:26:26,879 DEBUG server.RaftServer$Division (RaftServerImpl.java:logAppendEntries(1430)) - s4@group-6E994AD85659: receive appendEntries(s1, 1, (t:1, i:168), 167, true, commits:[s1:c167, s10:c164, s0:c166, s3:c167, s4:c167, s11:c167, s5:c165, s6:c156, s13:c165, s7:c165, s12:c165, s8:c163, s9:c165, s14:c165, s2:c163], cId:8191, entries: [(t:1, i:169), STATEMACHINELOGENTRY, 8187@client-E8995F8E72F5]
2023-03-17 00:26:26,879 DEBUG server.RaftServer$Division (RaftServerImpl.java:logAppendEntries(1430)) - s9@group-6E994AD85659: succeeded to handle AppendEntries. Reply: s1<-s9#8192:OK-t1,SUCCESS,nextIndex=170,followerCommit=167,matchIndex=169
2023-03-17 00:26:26,879 DEBUG server.RaftServer$Division (RaftServerImpl.java:logAppendEntries(1430)) - s4@group-6E994AD85659: succeeded to handle AppendEntries. Reply: s1<-s4#8191:OK-t1,SUCCESS,nextIndex=170,followerCommit=167,matchIndex=169
2023-03-17 00:26:26,880 DEBUG server.RaftServer$Division (RaftServerImpl.java:logAppendEntries(1430)) - s14@group-6E994AD85659: receive appendEntries(s1, 1, (t:1, i:167), 167, true, commits:[s1:c167, s10:c164, s0:c166, s3:c165, s4:c165, s11:c165, s5:c165, s6:c156, s13:c165, s7:c165, s12:c165, s8:c163, s9:c165, s14:c165, s2:c163], cId:8183, entries: [(t:1, i:168), METADATAENTRY(c:167)]
2023-03-17 00:26:26,880 DEBUG server.RaftServer$Division (RaftServerImpl.java:logAppendEntries(1430)) - s13@group-6E994AD85659: receive appendEntries(s1, 1, (t:1, i:166), 166, true, commits:[s1:c166, s10:c164, s0:c163, s3:c165, s4:c165, s11:c164, s5:c165, s6:c156, s13:c165, s7:c165, s12:c165, s8:c163, s9:c165, s14:c165, s2:c163], cId:8179, entries: [(t:1, i:167), STATEMACHINELOGENTRY, 8167@client-E8995F8E72F5]
2023-03-17 00:26:26,881 DEBUG server.RaftServer$Division (RaftServerImpl.java:logAppendEntries(1430)) - s14@group-6E994AD85659: succeeded to handle AppendEntries. Reply: s1<-s14#8183:OK-t1,SUCCESS,nextIndex=169,followerCommit=167,matchIndex=168
2023-03-17 00:26:26,881 DEBUG server.RaftServer$Division (RaftServerImpl.java:logAppendEntries(1430)) - s7@group-6E994AD85659: receive appendEntries(s1, 1, (t:1, i:168), 167, true, commits:[s1:c167, s10:c164, s0:c166, s3:c167, s4:c167, s11:c167, s5:c165, s6:c156, s13:c165, s7:c167, s12:c167, s8:c163, s9:c167, s14:c165, s2:c163], cId:8193, entries: [(t:1, i:169), STATEMACHINELOGENTRY, 8187@client-E8995F8E72F5]
2023-03-17 00:26:26,880 DEBUG server.RaftServer$Division (RaftServerImpl.java:logAppendEntries(1430)) - s5@group-6E994AD85659: succeeded to handle AppendEntries. Reply: s1<-s5#8177:OK-t1,SUCCESS,nextIndex=168,followerCommit=165,matchIndex=167
2023-03-17 00:26:26,880 DEBUG server.RaftServer$Division (RaftServerImpl.java:logAppendEntries(1430)) - s0@group-6E994AD85659: receive appendEntries(s1, 1, (t:1, i:167), 167, true, commits:[s1:c167, s10:c164, s0:c166, s3:c165, s4:c165, s11:c165, s5:c165, s6:c156, s13:c165, s7:c165, s12:c165, s8:c163, s9:c165, s14:c165, s2:c163], cId:8186, entries: [(t:1, i:168), METADATAENTRY(c:167)]
2023-03-17 00:26:26,884 DEBUG server.RaftServer$Division (RaftServerImpl.java:logAppendEntries(1430)) - s8@group-6E994AD85659: receive appendEntries(s1, 1, (t:1, i:167), 167, true, commits:[s1:c167, s10:c165, s0:c166, s3:c167, s4:c167, s11:c167, s5:c165, s6:c156, s13:c165, s7:c167, s12:c167, s8:c165, s9:c167, s14:c165, s2:c165], cId:8196, entries: [(t:1, i:168), METADATAENTRY(c:167), (t:1, i:169), STATEMACHINELOGENTRY, 8187@client-E8995F8E72F5]
2023-03-17 00:26:26,884 DEBUG server.RaftServer$Division (RaftServerImpl.java:logAppendEntries(1430)) - s2@group-6E994AD85659: receive appendEntries(s1, 1, (t:1, i:166), 167, true, commits:[s1:c167, s10:c165, s0:c166, s3:c167, s4:c167, s11:c167, s5:c165, s6:c156, s13:c165, s7:c167, s12:c167, s8:c163, s9:c167, s14:c165, s2:c165], cId:8195, entries: [(t:1, i:167), STATEMACHINELOGENTRY, 8167@client-E8995F8E72F5, (t:1, i:168), METADATAENTRY(c:167), (t:1, i:169), STATEMACHINELOGENTRY, 8187@client-E8995F8E72F5]
2023-03-17 00:26:26,885 DEBUG server.RaftServer$Division (RaftServerImpl.java:logAppendEntries(1430)) - s7@group-6E994AD85659: succeeded to handle AppendEntries. Reply: s1<-s7#8193:OK-t1,SUCCESS,nextIndex=170,followerCommit=167,matchIndex=169
2023-03-17 00:26:26,885 DEBUG server.RaftServer$Division (RaftServerImpl.java:logAppendEntries(1430)) - s8@group-6E994AD85659: succeeded to handle AppendEntries. Reply: s1<-s8#8196:OK-t1,SUCCESS,nextIndex=170,followerCommit=167,matchIndex=169
2023-03-17 00:26:26,885 DEBUG server.RaftServer$Division (RaftServerImpl.java:logAppendEntries(1430)) - s0@group-6E994AD85659: succeeded to handle AppendEntries. Reply: s1<-s0#8186:OK-t1,SUCCESS,nextIndex=169,followerCommit=167,matchIndex=168
2023-03-17 00:26:26,886 DEBUG server.RaftServer$Division (RaftServerImpl.java:logAppendEntries(1430)) - s2@group-6E994AD85659: succeeded to handle AppendEntries. Reply: s1<-s2#8195:OK-t1,SUCCESS,nextIndex=170,followerCommit=167,matchIndex=169
2023-03-17 00:26:26,884 DEBUG server.RaftServer$Division (RaftServerImpl.java:logAppendEntries(1430)) - s13@group-6E994AD85659: succeeded to handle AppendEntries. Reply: s1<-s13#8179:OK-t1,SUCCESS,nextIndex=168,followerCommit=166,matchIndex=167
2023-03-17 00:26:26,883 DEBUG server.RaftServer$Division (RaftServerImpl.java:logAppendEntries(1430)) - s10@group-6E994AD85659: receive appendEntries(s1, 1, (t:1, i:167), 167, true, commits:[s1:c167, s10:c165, s0:c166, s3:c167, s4:c167, s11:c167, s5:c165, s6:c156, s13:c165, s7:c167, s12:c167, s8:c163, s9:c167, s14:c165, s2:c163], cId:8194, entries: [(t:1, i:168), METADATAENTRY(c:167), (t:1, i:169), STATEMACHINELOGENTRY, 8187@client-E8995F8E72F5]
2023-03-17 00:26:26,883 DEBUG server.RaftServer$Division (RaftServerImpl.java:logAppendEntries(1430)) - s6@group-6E994AD85659: succeeded to handle AppendEntries. Reply: s1<-s6#8175:OK-t1,SUCCESS,nextIndex=168,followerCommit=165,matchIndex=167
2023-03-17 00:26:26,886 DEBUG server.RaftServer$Division (RaftServerImpl.java:logAppendEntries(1430)) - s10@group-6E994AD85659: succeeded to handle AppendEntries. Reply: s1<-s10#8194:OK-t1,SUCCESS,nextIndex=170,followerCommit=167,matchIndex=169
2023-03-17 00:26:26,887 DEBUG server.RaftServer$Division (RaftServerImpl.java:logAppendEntries(1430)) - s0@group-6E994AD85659: receive appendEntries(s1, 1, (t:1, i:168), 167, true, commits:[s1:c167, s10:c165, s0:c167, s3:c167, s4:c167, s11:c167, s5:c165, s6:c156, s13:c165, s7:c167, s12:c167, s8:c165, s9:c167, s14:c165, s2:c165], cId:8197, entries: [(t:1, i:169), STATEMACHINELOGENTRY, 8187@client-E8995F8E72F5]
2023-03-17 00:26:26,889 DEBUG server.RaftServer$Division (RaftServerImpl.java:logAppendEntries(1430)) - s14@group-6E994AD85659: receive appendEntries(s1, 1, (t:1, i:168), 168, true, commits:[s1:c168, s10:c167, s0:c167, s3:c167, s4:c167, s11:c167, s5:c165, s6:c156, s13:c165, s7:c167, s12:c167, s8:c167, s9:c167, s14:c167, s2:c167], cId:8199, entries: [(t:1, i:169), STATEMACHINELOGENTRY, 8187@client-E8995F8E72F5]
2023-03-17 00:26:26,889 DEBUG server.RaftServer$Division (RaftServerImpl.java:logAppendEntries(1430)) - s0@group-6E994AD85659: succeeded to handle AppendEntries. Reply: s1<-s0#8197:OK-t1,SUCCESS,nextIndex=170,followerCommit=167,matchIndex=169
2023-03-17 00:26:26,889 DEBUG server.RaftServer$Division (RaftServerImpl.java:logAppendEntries(1430)) - s8@group-6E994AD85659: receive appendEntries(s1, 1, (t:1, i:169), 169, true, commits:[s1:c169, s10:c167, s0:c167, s3:c167, s4:c167, s11:c167, s5:c165, s6:c156, s13:c165, s7:c167, s12:c167, s8:c167, s9:c167, s14:c167, s2:c167], cId:8208, entries: [(t:1, i:170), METADATAENTRY(c:169)]
2023-03-17 00:26:26,888 DEBUG server.RaftServer$Division (RaftServerImpl.java:logAppendEntries(1430)) - s13@group-6E994AD85659: receive appendEntries(s1, 1, (t:1, i:167), 169, true, commits:[s1:c169, s10:c167, s0:c167, s3:c167, s4:c167, s11:c167, s5:c165, s6:c156, s13:c166, s7:c167, s12:c167, s8:c167, s9:c167, s14:c167, s2:c167], cId:8209, entries: [(t:1, i:168), METADATAENTRY(c:167), (t:1, i:169), STATEMACHINELOGENTRY, 8187@client-E8995F8E72F5, (t:1, i:170), METADATAENTRY(c:169)]
2023-03-17 00:26:26,888 DEBUG server.RaftServer$Division (RaftServerImpl.java:logAppendEntries(1430)) - s2@group-6E994AD85659: receive appendEntries(s1, 1, (t:1, i:169), 169, true, commits:[s1:c169, s10:c167, s0:c167, s3:c167, s4:c167, s11:c167, s5:c165, s6:c156, s13:c165, s7:c167, s12:c167, s8:c167, s9:c167, s14:c167, s2:c167], cId:8206, entries: [(t:1, i:170), METADATAENTRY(c:169)]
2023-03-17 00:26:26,890 DEBUG server.RaftServer$Division (RaftServerImpl.java:logAppendEntries(1430)) - s8@group-6E994AD85659: succeeded to handle AppendEntries. Reply: s1<-s8#8208:OK-t1,SUCCESS,nextIndex=171,followerCommit=169,matchIndex=170
2023-03-17 00:26:26,888 DEBUG server.RaftServer$Division (RaftServerImpl.java:logAppendEntries(1430)) - s10@group-6E994AD85659: receive appendEntries(s1, 1, (t:1, i:169), 169, true, commits:[s1:c169, s10:c167, s0:c167, s3:c167, s4:c167, s11:c167, s5:c165, s6:c156, s13:c165, s7:c167, s12:c167, s8:c167, s9:c167, s14:c167, s2:c167], cId:8205, entries: [(t:1, i:170), METADATAENTRY(c:169)]
2023-03-17 00:26:26,890 DEBUG server.RaftServer$Division (RaftServerImpl.java:logAppendEntries(1430)) - s10@group-6E994AD85659: succeeded to handle AppendEntries. Reply: s1<-s10#8205:OK-t1,SUCCESS,nextIndex=171,followerCommit=169,matchIndex=170
2023-03-17 00:26:26,891 DEBUG server.RaftServer$Division (RaftServerImpl.java:logAppendEntries(1430)) - s13@group-6E994AD85659: succeeded to handle AppendEntries. Reply: s1<-s13#8209:OK-t1,SUCCESS,nextIndex=171,followerCommit=169,matchIndex=170
2023-03-17 00:26:26,891 DEBUG server.RaftServer$Division (RaftServerImpl.java:logAppendEntries(1430)) - s2@group-6E994AD85659: succeeded to handle AppendEntries. Reply: s1<-s2#8206:OK-t1,SUCCESS,nextIndex=171,followerCommit=169,matchIndex=170
2023-03-17 00:26:26,891 DEBUG server.RaftServer$Division (RaftServerImpl.java:logAppendEntries(1430)) - s14@group-6E994AD85659: succeeded to handle AppendEntries. Reply: s1<-s14#8199:OK-t1,SUCCESS,nextIndex=170,followerCommit=168,matchIndex=169
2023-03-17 00:26:26,892 DEBUG server.RaftServer$Division (RaftServerImpl.java:logAppendEntries(1430)) - s14@group-6E994AD85659: receive appendEntries(s1, 1, (t:1, i:169), 169, true, commits:[s1:c169, s10:c169, s0:c167, s3:c167, s4:c167, s11:c167, s5:c165, s6:c165, s13:c169, s7:c167, s12:c167, s8:c167, s9:c167, s14:c168, s2:c167], cId:8211, entries: [(t:1, i:170), METADATAENTRY(c:169)]
2023-03-17 00:26:26,888 DEBUG server.RaftServer$Division (RaftServerImpl.java:logAppendEntries(1430)) - s4@group-6E994AD85659: receive appendEntries(s1, 1, (t:1, i:169), 169, true, commits:[s1:c169, s10:c167, s0:c167, s3:c167, s4:c167, s11:c167, s5:c165, s6:c156, s13:c165, s7:c167, s12:c167, s8:c167, s9:c167, s14:c167, s2:c167], cId:8201, entries: [(t:1, i:170), METADATAENTRY(c:169)]
2023-03-17 00:26:26,888 DEBUG server.RaftServer$Division (RaftServerImpl.java:logAppendEntries(1430)) - s5@group-6E994AD85659: receive appendEntries(s1, 1, (t:1, i:167), 168, true, commits:[s1:c168, s10:c165, s0:c167, s3:c167, s4:c167, s11:c167, s5:c165, s6:c156, s13:c165, s7:c167, s12:c167, s8:c165, s9:c167, s14:c165, s2:c165], cId:8198, entries: [(t:1, i:168), METADATAENTRY(c:167), (t:1, i:169), STATEMACHINELOGENTRY, 8187@client-E8995F8E72F5]
2023-03-17 00:26:26,888 DEBUG server.RaftServer$Division (RaftServerImpl.java:logAppendEntries(1430)) - s9@group-6E994AD85659: receive appendEntries(s1, 1, (t:1, i:169), 169, true, commits:[s1:c169, s10:c167, s0:c167, s3:c167, s4:c167, s11:c167, s5:c165, s6:c156, s13:c165, s7:c167, s12:c167, s8:c167, s9:c167, s14:c167, s2:c167], cId:8203, entries: [(t:1, i:170), METADATAENTRY(c:169)]
2023-03-17 00:26:26,888 DEBUG server.RaftServer$Division (RaftServerImpl.java:logAppendEntries(1430)) - s7@group-6E994AD85659: receive appendEntries(s1, 1, (t:1, i:169), 169, true, commits:[s1:c169, s10:c167, s0:c167, s3:c167, s4:c167, s11:c167, s5:c165, s6:c156, s13:c165, s7:c167, s12:c167, s8:c167, s9:c167, s14:c167, s2:c167], cId:8207, entries: [(t:1, i:170), METADATAENTRY(c:169)]
2023-03-17 00:26:26,893 DEBUG server.RaftServer$Division (RaftServerImpl.java:logAppendEntries(1430)) - s5@group-6E994AD85659: succeeded to handle AppendEntries. Reply: s1<-s5#8198:OK-t1,SUCCESS,nextIndex=170,followerCommit=168,matchIndex=169
2023-03-17 00:26:26,888 DEBUG server.RaftServer$Division (RaftServerImpl.java:logAppendEntries(1430)) - s11@group-6E994AD85659: receive appendEntries(s1, 1, (t:1, i:169), 169, true, commits:[s1:c169, s10:c167, s0:c167, s3:c167, s4:c167, s11:c167, s5:c165, s6:c156, s13:c165, s7:c167, s12:c167, s8:c167, s9:c167, s14:c167, s2:c167], cId:8204, entries: [(t:1, i:170), METADATAENTRY(c:169)]
2023-03-17 00:26:26,888 DEBUG server.RaftServer$Division (RaftServerImpl.java:logAppendEntries(1430)) - s12@group-6E994AD85659: receive appendEntries(s1, 1, (t:1, i:169), 169, true, commits:[s1:c169, s10:c167, s0:c167, s3:c167, s4:c167, s11:c167, s5:c165, s6:c156, s13:c165, s7:c167, s12:c167, s8:c167, s9:c167, s14:c167, s2:c167], cId:8200, entries: [(t:1, i:170), METADATAENTRY(c:169)]
2023-03-17 00:26:26,887 DEBUG server.RaftServer$Division (RaftServerImpl.java:logAppendEntries(1430)) - s3@group-6E994AD85659: receive appendEntries(s1, 1, (t:1, i:169), 169, true, commits:[s1:c169, s10:c167, s0:c167, s3:c167, s4:c167, s11:c167, s5:c165, s6:c156, s13:c165, s7:c167, s12:c167, s8:c167, s9:c167, s14:c167, s2:c167], cId:8202, entries: [(t:1, i:170), METADATAENTRY(c:169)]
2023-03-17 00:26:26,894 DEBUG server.RaftServer$Division (RaftServerImpl.java:logAppendEntries(1430)) - s9@group-6E994AD85659: succeeded to handle AppendEntries. Reply: s1<-s9#8203:OK-t1,SUCCESS,nextIndex=171,followerCommit=169,matchIndex=170
2023-03-17 00:26:26,887 INFO  statemachine.StateMachine (ArithmeticStateMachine.java:applyTransaction(182)) - LEADER:s1-169: b = null = null
2023-03-17 00:26:26,894 DEBUG server.RaftServer$Division (RaftServerImpl.java:logAppendEntries(1430)) - s12@group-6E994AD85659: succeeded to handle AppendEntries. Reply: s1<-s12#8200:OK-t1,SUCCESS,nextIndex=171,followerCommit=169,matchIndex=170
2023-03-17 00:26:26,893 DEBUG server.RaftServer$Division (RaftServerImpl.java:logAppendEntries(1430)) - s4@group-6E994AD85659: succeeded to handle AppendEntries. Reply: s1<-s4#8201:OK-t1,SUCCESS,nextIndex=171,followerCommit=169,matchIndex=170
2023-03-17 00:26:26,894 DEBUG server.RaftServer$Division (RaftServerImpl.java:logAppendEntries(1430)) - s7@group-6E994AD85659: succeeded to handle AppendEntries. Reply: s1<-s7#8207:OK-t1,SUCCESS,nextIndex=171,followerCommit=169,matchIndex=170
2023-03-17 00:26:26,892 DEBUG server.RaftServer$Division (RaftServerImpl.java:logAppendEntries(1430)) - s14@group-6E994AD85659: succeeded to handle AppendEntries. Reply: s1<-s14#8211:OK-t1,SUCCESS,nextIndex=171,followerCommit=169,matchIndex=170
2023-03-17 00:26:26,894 DEBUG server.RaftServer$Division (RaftServerImpl.java:logAppendEntries(1430)) - s3@group-6E994AD85659: succeeded to handle AppendEntries. Reply: s1<-s3#8202:OK-t1,SUCCESS,nextIndex=171,followerCommit=169,matchIndex=170
2023-03-17 00:26:26,895 DEBUG server.RaftServer$Division (RaftServerImpl.java:submitClientRequestAsync(835)) - s1@group-6E994AD85659: receive client request(RaftClientRequest:client-E8995F8E72F5->s1@group-6E994AD85659, cid=8213, seq=0, RW, Message:01016300)
2023-03-17 00:26:26,895 DEBUG server.RaftServer$Division (LeaderStateImpl.java:addPendingRequest(474)) - s1@group-6E994AD85659-LeaderStateImpl: addPendingRequest at RaftClientRequest:client-E8995F8E72F5->s1@group-6E994AD85659, cid=8213, seq=0, RW, Message:01016300, entry=(t:1, i:171), STATEMACHINELOGENTRY, 8213@client-E8995F8E72F5
2023-03-17 00:26:26,896 DEBUG server.RaftServer$Division (RaftServerImpl.java:logAppendEntries(1430)) - s0@group-6E994AD85659: receive appendEntries(s1, 1, (t:1, i:169), 169, true, commits:[s1:c169, s10:c169, s0:c167, s3:c167, s4:c167, s11:c167, s5:c165, s6:c165, s13:c169, s7:c167, s12:c167, s8:c169, s9:c167, s14:c168, s2:c169], cId:8212, entries: [(t:1, i:170), METADATAENTRY(c:169)]
2023-03-17 00:26:26,896 DEBUG server.RaftServer$Division (RaftServerImpl.java:logAppendEntries(1430)) - s3@group-6E994AD85659: receive appendEntries(s1, 1, (t:1, i:170), 169, true, commits:[s1:c169, s10:c169, s0:c167, s3:c169, s4:c167, s11:c167, s5:c165, s6:c165, s13:c169, s7:c167, s12:c169, s8:c169, s9:c167, s14:c168, s2:c169], cId:8214, entries: [(t:1, i:171), STATEMACHINELOGENTRY, 8213@client-E8995F8E72F5]
2023-03-17 00:26:26,896 DEBUG server.RaftServer$Division (RaftServerImpl.java:logAppendEntries(1430)) - s12@group-6E994AD85659: receive appendEntries(s1, 1, (t:1, i:170), 169, true, commits:[s1:c169, s10:c169, s0:c167, s3:c169, s4:c167, s11:c167, s5:c165, s6:c165, s13:c169, s7:c167, s12:c169, s8:c169, s9:c167, s14:c168, s2:c169], cId:8219, entries: [(t:1, i:171), STATEMACHINELOGENTRY, 8213@client-E8995F8E72F5]
2023-03-17 00:26:26,896 DEBUG server.RaftServer$Division (RaftServerImpl.java:logAppendEntries(1430)) - s11@group-6E994AD85659: succeeded to handle AppendEntries. Reply: s1<-s11#8204:OK-t1,SUCCESS,nextIndex=171,followerCommit=169,matchIndex=170
2023-03-17 00:26:26,897 DEBUG server.RaftServer$Division (RaftServerImpl.java:logAppendEntries(1430)) - s3@group-6E994AD85659: succeeded to handle AppendEntries. Reply: s1<-s3#8214:OK-t1,SUCCESS,nextIndex=172,followerCommit=169,matchIndex=171
2023-03-17 00:26:26,897 DEBUG server.RaftServer$Division (RaftServerImpl.java:logAppendEntries(1430)) - s12@group-6E994AD85659: succeeded to handle AppendEntries. Reply: s1<-s12#8219:OK-t1,SUCCESS,nextIndex=172,followerCommit=169,matchIndex=171
2023-03-17 00:26:26,897 DEBUG server.RaftServer$Division (RaftServerImpl.java:logAppendEntries(1430)) - s6@group-6E994AD85659: receive appendEntries(s1, 1, (t:1, i:167), 169, true, commits:[s1:c169, s10:c167, s0:c167, s3:c167, s4:c167, s11:c167, s5:c165, s6:c165, s13:c166, s7:c167, s12:c167, s8:c167, s9:c167, s14:c167, s2:c167], cId:8210, entries: [(t:1, i:168), METADATAENTRY(c:167), (t:1, i:169), STATEMACHINELOGENTRY, 8187@client-E8995F8E72F5, (t:1, i:170), METADATAENTRY(c:169)]
2023-03-17 00:26:26,897 DEBUG server.RaftServer$Division (RaftServerImpl.java:logAppendEntries(1430)) - s0@group-6E994AD85659: succeeded to handle AppendEntries. Reply: s1<-s0#8212:OK-t1,SUCCESS,nextIndex=171,followerCommit=169,matchIndex=170
2023-03-17 00:26:26,898 DEBUG server.RaftServer$Division (RaftServerImpl.java:logAppendEntries(1430)) - s6@group-6E994AD85659: succeeded to handle AppendEntries. Reply: s1<-s6#8210:OK-t1,SUCCESS,nextIndex=171,followerCommit=169,matchIndex=170
2023-03-17 00:26:26,898 DEBUG server.RaftServer$Division (RaftServerImpl.java:logAppendEntries(1430)) - s4@group-6E994AD85659: receive appendEntries(s1, 1, (t:1, i:170), 170, true, commits:[s1:c170, s10:c169, s0:c167, s3:c169, s4:c169, s11:c167, s5:c165, s6:c165, s13:c169, s7:c167, s12:c169, s8:c169, s9:c169, s14:c168, s2:c169], cId:8221, entries: [(t:1, i:171), STATEMACHINELOGENTRY, 8213@client-E8995F8E72F5]
2023-03-17 00:26:26,899 DEBUG server.RaftServer$Division (RaftServerImpl.java:logAppendEntries(1430)) - s11@group-6E994AD85659: receive appendEntries(s1, 1, (t:1, i:170), 170, true, commits:[s1:c170, s10:c169, s0:c167, s3:c169, s4:c169, s11:c169, s5:c165, s6:c169, s13:c169, s7:c167, s12:c169, s8:c169, s9:c169, s14:c168, s2:c169], cId:8223, entries: [(t:1, i:171), STATEMACHINELOGENTRY, 8213@client-E8995F8E72F5]
2023-03-17 00:26:26,899 DEBUG server.RaftServer$Division (RaftServerImpl.java:logAppendEntries(1430)) - s9@group-6E994AD85659: receive appendEntries(s1, 1, (t:1, i:170), 169, true, commits:[s1:c169, s10:c169, s0:c167, s3:c169, s4:c167, s11:c167, s5:c165, s6:c165, s13:c169, s7:c167, s12:c169, s8:c169, s9:c169, s14:c168, s2:c169], cId:8220, entries: [(t:1, i:171), STATEMACHINELOGENTRY, 8213@client-E8995F8E72F5]
2023-03-17 00:26:26,899 DEBUG server.RaftServer$Division (RaftServerImpl.java:logAppendEntries(1430)) - s11@group-6E994AD85659: succeeded to handle AppendEntries. Reply: s1<-s11#8223:OK-t1,SUCCESS,nextIndex=172,followerCommit=170,matchIndex=171
2023-03-17 00:26:26,899 DEBUG server.RaftServer$Division (RaftServerImpl.java:logAppendEntries(1430)) - s7@group-6E994AD85659: receive appendEntries(s1, 1, (t:1, i:170), 170, true, commits:[s1:c170, s10:c169, s0:c167, s3:c169, s4:c169, s11:c169, s5:c165, s6:c169, s13:c169, s7:c169, s12:c169, s8:c169, s9:c169, s14:c168, s2:c169], cId:8224, entries: [(t:1, i:171), STATEMACHINELOGENTRY, 8213@client-E8995F8E72F5]
2023-03-17 00:26:26,900 DEBUG server.RaftServer$Division (RaftServerImpl.java:logAppendEntries(1430)) - s7@group-6E994AD85659: succeeded to handle AppendEntries. Reply: s1<-s7#8224:OK-t1,SUCCESS,nextIndex=172,followerCommit=170,matchIndex=171
2023-03-17 00:26:26,900 DEBUG server.RaftServer$Division (RaftServerImpl.java:logAppendEntries(1430)) - s0@group-6E994AD85659: receive appendEntries(s1, 1, (t:1, i:170), 170, true, commits:[s1:c170, s10:c169, s0:c169, s3:c169, s4:c169, s11:c169, s5:c165, s6:c169, s13:c169, s7:c169, s12:c169, s8:c169, s9:c169, s14:c168, s2:c169], cId:8225, entries: [(t:1, i:171), STATEMACHINELOGENTRY, 8213@client-E8995F8E72F5]
2023-03-17 00:26:26,901 DEBUG server.RaftServer$Division (RaftServerImpl.java:logAppendEntries(1430)) - s5@group-6E994AD85659: receive appendEntries(s1, 1, (t:1, i:169), 170, true, commits:[s1:c170, s10:c169, s0:c169, s3:c169, s4:c169, s11:c170, s5:c168, s6:c169, s13:c169, s7:c169, s12:c169, s8:c169, s9:c169, s14:c168, s2:c169], cId:8226, entries: [(t:1, i:170), METADATAENTRY(c:169), (t:1, i:171), STATEMACHINELOGENTRY, 8213@client-E8995F8E72F5]
2023-03-17 00:26:26,901 DEBUG server.RaftServer$Division (RaftServerImpl.java:logAppendEntries(1430)) - s6@group-6E994AD85659: receive appendEntries(s1, 1, (t:1, i:170), 170, true, commits:[s1:c170, s10:c169, s0:c167, s3:c169, s4:c169, s11:c167, s5:c165, s6:c169, s13:c169, s7:c167, s12:c169, s8:c169, s9:c169, s14:c168, s2:c169], cId:8222, entries: [(t:1, i:171), STATEMACHINELOGENTRY, 8213@client-E8995F8E72F5]
2023-03-17 00:26:26,901 DEBUG server.RaftServer$Division (RaftServerImpl.java:logAppendEntries(1430)) - s0@group-6E994AD85659: succeeded to handle AppendEntries. Reply: s1<-s0#8225:OK-t1,SUCCESS,nextIndex=172,followerCommit=170,matchIndex=171
2023-03-17 00:26:26,901 DEBUG server.RaftServer$Division (RaftServerImpl.java:logAppendEntries(1430)) - s6@group-6E994AD85659: succeeded to handle AppendEntries. Reply: s1<-s6#8222:OK-t1,SUCCESS,nextIndex=172,followerCommit=170,matchIndex=171
2023-03-17 00:26:26,902 DEBUG server.RaftServer$Division (RaftServerImpl.java:logAppendEntries(1430)) - s5@group-6E994AD85659: succeeded to handle AppendEntries. Reply: s1<-s5#8226:OK-t1,SUCCESS,nextIndex=172,followerCommit=170,matchIndex=171
2023-03-17 00:26:26,899 DEBUG server.RaftServer$Division (RaftServerImpl.java:logAppendEntries(1430)) - s13@group-6E994AD85659: receive appendEntries(s1, 1, (t:1, i:170), 169, true, commits:[s1:c169, s10:c169, s0:c167, s3:c169, s4:c167, s11:c167, s5:c165, s6:c165, s13:c169, s7:c167, s12:c169, s8:c169, s9:c167, s14:c168, s2:c169], cId:8216, entries: [(t:1, i:171), STATEMACHINELOGENTRY, 8213@client-E8995F8E72F5]
2023-03-17 00:26:26,901 DEBUG server.RaftServer$Division (RaftServerImpl.java:logAppendEntries(1430)) - s8@group-6E994AD85659: receive appendEntries(s1, 1, (t:1, i:170), 169, true, commits:[s1:c169, s10:c169, s0:c167, s3:c169, s4:c167, s11:c167, s5:c165, s6:c165, s13:c169, s7:c167, s12:c169, s8:c169, s9:c167, s14:c168, s2:c169], cId:8217, entries: [(t:1, i:171), STATEMACHINELOGENTRY, 8213@client-E8995F8E72F5]
2023-03-17 00:26:26,901 DEBUG server.RaftServer$Division (RaftServerImpl.java:logAppendEntries(1430)) - s10@group-6E994AD85659: receive appendEntries(s1, 1, (t:1, i:170), 169, true, commits:[s1:c169, s10:c169, s0:c167, s3:c169, s4:c167, s11:c167, s5:c165, s6:c165, s13:c169, s7:c167, s12:c169, s8:c169, s9:c167, s14:c168, s2:c169], cId:8218, entries: [(t:1, i:171), STATEMACHINELOGENTRY, 8213@client-E8995F8E72F5]
2023-03-17 00:26:26,902 DEBUG server.RaftServer$Division (RaftServerImpl.java:logAppendEntries(1430)) - s8@group-6E994AD85659: succeeded to handle AppendEntries. Reply: s1<-s8#8217:OK-t1,SUCCESS,nextIndex=172,followerCommit=169,matchIndex=171
2023-03-17 00:26:26,900 DEBUG server.RaftServer$Division (RaftServerImpl.java:logAppendEntries(1430)) - s2@group-6E994AD85659: receive appendEntries(s1, 1, (t:1, i:170), 169, true, commits:[s1:c169, s10:c169, s0:c167, s3:c169, s4:c167, s11:c167, s5:c165, s6:c165, s13:c169, s7:c167, s12:c169, s8:c169, s9:c167, s14:c168, s2:c169], cId:8215, entries: [(t:1, i:171), STATEMACHINELOGENTRY, 8213@client-E8995F8E72F5]
2023-03-17 00:26:26,899 DEBUG server.RaftServer$Division (RaftServerImpl.java:logAppendEntries(1430)) - s9@group-6E994AD85659: succeeded to handle AppendEntries. Reply: s1<-s9#8220:OK-t1,SUCCESS,nextIndex=172,followerCommit=169,matchIndex=171
2023-03-17 00:26:26,903 DEBUG server.RaftServer$Division (RaftServerImpl.java:logAppendEntries(1430)) - s10@group-6E994AD85659: succeeded to handle AppendEntries. Reply: s1<-s10#8218:OK-t1,SUCCESS,nextIndex=172,followerCommit=169,matchIndex=171
2023-03-17 00:26:26,899 DEBUG server.RaftServer$Division (RaftServerImpl.java:logAppendEntries(1430)) - s4@group-6E994AD85659: succeeded to handle AppendEntries. Reply: s1<-s4#8221:OK-t1,SUCCESS,nextIndex=172,followerCommit=170,matchIndex=171
2023-03-17 00:26:26,903 DEBUG server.RaftServer$Division (RaftServerImpl.java:logAppendEntries(1430)) - s2@group-6E994AD85659: succeeded to handle AppendEntries. Reply: s1<-s2#8215:OK-t1,SUCCESS,nextIndex=172,followerCommit=169,matchIndex=171
2023-03-17 00:26:26,904 DEBUG server.RaftServer$Division (RaftServerImpl.java:logAppendEntries(1430)) - s13@group-6E994AD85659: succeeded to handle AppendEntries. Reply: s1<-s13#8216:OK-t1,SUCCESS,nextIndex=172,followerCommit=169,matchIndex=171
2023-03-17 00:26:26,904 INFO  statemachine.StateMachine (ArithmeticStateMachine.java:applyTransaction(182)) - LEADER:s1-171: c = null = null
2023-03-17 00:26:26,904 DEBUG server.RaftServer$Division (RaftServerImpl.java:logAppendEntries(1430)) - s13@group-6E994AD85659: receive appendEntries(s1, 1, (t:1, i:171), 171, true, commits:[s1:c171, s10:c169, s0:c170, s3:c169, s4:c169, s11:c170, s5:c170, s6:c170, s13:c169, s7:c170, s12:c169, s8:c169, s9:c169, s14:c168, s2:c169], cId:8227, entries: [(t:1, i:172), METADATAENTRY(c:171)]
2023-03-17 00:26:26,905 DEBUG server.RaftServer$Division (RaftServerImpl.java:logAppendEntries(1430)) - s11@group-6E994AD85659: receive appendEntries(s1, 1, (t:1, i:171), 171, true, commits:[s1:c171, s10:c169, s0:c170, s3:c169, s4:c169, s11:c170, s5:c170, s6:c170, s13:c169, s7:c170, s12:c169, s8:c169, s9:c169, s14:c168, s2:c169], cId:8230, entries: [(t:1, i:172), METADATAENTRY(c:171)]
2023-03-17 00:26:26,905 DEBUG server.RaftServer$Division (RaftServerImpl.java:submitClientRequestAsync(835)) - s1@group-6E994AD85659: receive client request(RaftClientRequest:client-E8995F8E72F5->s1@group-6E994AD85659, cid=8228, seq=0, RW, Message:01016102405bc0000000...(size=12))
2023-03-17 00:26:26,905 DEBUG server.RaftServer$Division (RaftServerImpl.java:logAppendEntries(1430)) - s7@group-6E994AD85659: receive appendEntries(s1, 1, (t:1, i:171), 171, true, commits:[s1:c171, s10:c169, s0:c170, s3:c169, s4:c169, s11:c170, s5:c170, s6:c170, s13:c169, s7:c170, s12:c169, s8:c169, s9:c169, s14:c168, s2:c169], cId:8231, entries: [(t:1, i:172), METADATAENTRY(c:171)]
2023-03-17 00:26:26,905 DEBUG server.RaftServer$Division (RaftServerImpl.java:logAppendEntries(1430)) - s11@group-6E994AD85659: succeeded to handle AppendEntries. Reply: s1<-s11#8230:OK-t1,SUCCESS,nextIndex=173,followerCommit=171,matchIndex=172
2023-03-17 00:26:26,905 DEBUG server.RaftServer$Division (LeaderStateImpl.java:addPendingRequest(474)) - s1@group-6E994AD85659-LeaderStateImpl: addPendingRequest at RaftClientRequest:client-E8995F8E72F5->s1@group-6E994AD85659, cid=8228, seq=0, RW, Message:01016102405bc0000000...(size=12), entry=(t:1, i:173), STATEMACHINELOGENTRY, 8228@client-E8995F8E72F5
2023-03-17 00:26:26,906 DEBUG server.RaftServer$Division (RaftServerImpl.java:logAppendEntries(1430)) - s7@group-6E994AD85659: succeeded to handle AppendEntries. Reply: s1<-s7#8231:OK-t1,SUCCESS,nextIndex=173,followerCommit=171,matchIndex=172
2023-03-17 00:26:26,906 DEBUG server.RaftServer$Division (RaftServerImpl.java:logAppendEntries(1430)) - s3@group-6E994AD85659: receive appendEntries(s1, 1, (t:1, i:171), 171, true, commits:[s1:c171, s10:c169, s0:c170, s3:c169, s4:c169, s11:c170, s5:c170, s6:c170, s13:c169, s7:c170, s12:c169, s8:c169, s9:c169, s14:c168, s2:c169], cId:8233, entries: [(t:1, i:172), METADATAENTRY(c:171)]
2023-03-17 00:26:26,907 DEBUG server.RaftServer$Division (RaftServerImpl.java:logAppendEntries(1430)) - s9@group-6E994AD85659: receive appendEntries(s1, 1, (t:1, i:171), 171, true, commits:[s1:c171, s10:c169, s0:c170, s3:c169, s4:c169, s11:c170, s5:c170, s6:c170, s13:c169, s7:c170, s12:c169, s8:c169, s9:c169, s14:c168, s2:c169], cId:8237, entries: [(t:1, i:172), METADATAENTRY(c:171), (t:1, i:173), STATEMACHINELOGENTRY, 8228@client-E8995F8E72F5]
2023-03-17 00:26:26,907 DEBUG server.RaftServer$Division (RaftServerImpl.java:logAppendEntries(1430)) - s3@group-6E994AD85659: succeeded to handle AppendEntries. Reply: s1<-s3#8233:OK-t1,SUCCESS,nextIndex=173,followerCommit=171,matchIndex=172
2023-03-17 00:26:26,907 DEBUG server.RaftServer$Division (RaftServerImpl.java:logAppendEntries(1430)) - s4@group-6E994AD85659: receive appendEntries(s1, 1, (t:1, i:171), 171, true, commits:[s1:c171, s10:c169, s0:c170, s3:c169, s4:c170, s11:c170, s5:c170, s6:c170, s13:c169, s7:c170, s12:c169, s8:c169, s9:c169, s14:c168, s2:c169], cId:8238, entries: [(t:1, i:172), METADATAENTRY(c:171), (t:1, i:173), STATEMACHINELOGENTRY, 8228@client-E8995F8E72F5]
2023-03-17 00:26:26,908 DEBUG server.RaftServer$Division (RaftServerImpl.java:logAppendEntries(1430)) - s9@group-6E994AD85659: succeeded to handle AppendEntries. Reply: s1<-s9#8237:OK-t1,SUCCESS,nextIndex=174,followerCommit=171,matchIndex=173
2023-03-17 00:26:26,907 DEBUG server.RaftServer$Division (RaftServerImpl.java:logAppendEntries(1430)) - s12@group-6E994AD85659: receive appendEntries(s1, 1, (t:1, i:171), 171, true, commits:[s1:c171, s10:c169, s0:c170, s3:c169, s4:c169, s11:c170, s5:c170, s6:c170, s13:c169, s7:c170, s12:c169, s8:c169, s9:c169, s14:c168, s2:c169], cId:8232, entries: [(t:1, i:172), METADATAENTRY(c:171)]
2023-03-17 00:26:26,908 DEBUG server.RaftServer$Division (RaftServerImpl.java:logAppendEntries(1430)) - s4@group-6E994AD85659: succeeded to handle AppendEntries. Reply: s1<-s4#8238:OK-t1,SUCCESS,nextIndex=174,followerCommit=171,matchIndex=173
2023-03-17 00:26:26,908 DEBUG server.RaftServer$Division (RaftServerImpl.java:logAppendEntries(1430)) - s3@group-6E994AD85659: receive appendEntries(s1, 1, (t:1, i:172), 171, true, commits:[s1:c171, s10:c169, s0:c170, s3:c171, s4:c170, s11:c170, s5:c170, s6:c170, s13:c169, s7:c170, s12:c169, s8:c169, s9:c169, s14:c168, s2:c169], cId:8239, entries: [(t:1, i:173), STATEMACHINELOGENTRY, 8228@client-E8995F8E72F5]
2023-03-17 00:26:26,908 DEBUG server.RaftServer$Division (RaftServerImpl.java:logAppendEntries(1430)) - s12@group-6E994AD85659: succeeded to handle AppendEntries. Reply: s1<-s12#8232:OK-t1,SUCCESS,nextIndex=173,followerCommit=171,matchIndex=172
2023-03-17 00:26:26,909 DEBUG server.RaftServer$Division (RaftServerImpl.java:logAppendEntries(1430)) - s11@group-6E994AD85659: receive appendEntries(s1, 1, (t:1, i:172), 171, true, commits:[s1:c171, s10:c169, s0:c170, s3:c171, s4:c170, s11:c171, s5:c170, s6:c170, s13:c169, s7:c170, s12:c169, s8:c169, s9:c169, s14:c168, s2:c169], cId:8240, entries: [(t:1, i:173), STATEMACHINELOGENTRY, 8228@client-E8995F8E72F5]
2023-03-17 00:26:26,910 DEBUG server.RaftServer$Division (RaftServerImpl.java:logAppendEntries(1430)) - s12@group-6E994AD85659: receive appendEntries(s1, 1, (t:1, i:172), 171, true, commits:[s1:c171, s10:c169, s0:c170, s3:c171, s4:c171, s11:c171, s5:c170, s6:c170, s13:c169, s7:c171, s12:c171, s8:c169, s9:c169, s14:c168, s2:c169], cId:8243, entries: [(t:1, i:173), STATEMACHINELOGENTRY, 8228@client-E8995F8E72F5]
2023-03-17 00:26:26,910 DEBUG server.RaftServer$Division (RaftServerImpl.java:logAppendEntries(1430)) - s11@group-6E994AD85659: succeeded to handle AppendEntries. Reply: s1<-s11#8240:OK-t1,SUCCESS,nextIndex=174,followerCommit=171,matchIndex=173
2023-03-17 00:26:26,910 DEBUG server.RaftServer$Division (RaftServerImpl.java:logAppendEntries(1430)) - s12@group-6E994AD85659: succeeded to handle AppendEntries. Reply: s1<-s12#8243:OK-t1,SUCCESS,nextIndex=174,followerCommit=171,matchIndex=173
2023-03-17 00:26:26,911 DEBUG server.RaftServer$Division (RaftServerImpl.java:logAppendEntries(1430)) - s5@group-6E994AD85659: receive appendEntries(s1, 1, (t:1, i:171), 171, true, commits:[s1:c171, s10:c169, s0:c170, s3:c169, s4:c169, s11:c170, s5:c170, s6:c170, s13:c169, s7:c170, s12:c169, s8:c169, s9:c169, s14:c168, s2:c169], cId:8235, entries: [(t:1, i:172), METADATAENTRY(c:171)]
2023-03-17 00:26:26,911 DEBUG server.RaftServer$Division (RaftServerImpl.java:logAppendEntries(1430)) - s0@group-6E994AD85659: receive appendEntries(s1, 1, (t:1, i:171), 171, true, commits:[s1:c171, s10:c169, s0:c170, s3:c169, s4:c169, s11:c170, s5:c170, s6:c170, s13:c169, s7:c170, s12:c169, s8:c169, s9:c169, s14:c168, s2:c169], cId:8234, entries: [(t:1, i:172), METADATAENTRY(c:171)]
2023-03-17 00:26:26,909 DEBUG server.RaftServer$Division (RaftServerImpl.java:logAppendEntries(1430)) - s7@group-6E994AD85659: receive appendEntries(s1, 1, (t:1, i:172), 171, true, commits:[s1:c171, s10:c169, s0:c170, s3:c171, s4:c171, s11:c171, s5:c170, s6:c170, s13:c169, s7:c171, s12:c169, s8:c169, s9:c169, s14:c168, s2:c169], cId:8241, entries: [(t:1, i:173), STATEMACHINELOGENTRY, 8228@client-E8995F8E72F5]
2023-03-17 00:26:26,909 DEBUG server.RaftServer$Division (RaftServerImpl.java:logAppendEntries(1430)) - s3@group-6E994AD85659: succeeded to handle AppendEntries. Reply: s1<-s3#8239:OK-t1,SUCCESS,nextIndex=174,followerCommit=171,matchIndex=173
2023-03-17 00:26:26,911 DEBUG server.RaftServer$Division (RaftServerImpl.java:logAppendEntries(1430)) - s0@group-6E994AD85659: succeeded to handle AppendEntries. Reply: s1<-s0#8234:OK-t1,SUCCESS,nextIndex=173,followerCommit=171,matchIndex=172
2023-03-17 00:26:26,912 DEBUG server.RaftServer$Division (RaftServerImpl.java:logAppendEntries(1430)) - s7@group-6E994AD85659: succeeded to handle AppendEntries. Reply: s1<-s7#8241:OK-t1,SUCCESS,nextIndex=174,followerCommit=171,matchIndex=173
2023-03-17 00:26:26,911 DEBUG server.RaftServer$Division (RaftServerImpl.java:logAppendEntries(1430)) - s6@group-6E994AD85659: receive appendEntries(s1, 1, (t:1, i:171), 171, true, commits:[s1:c171, s10:c169, s0:c170, s3:c169, s4:c169, s11:c170, s5:c170, s6:c170, s13:c169, s7:c170, s12:c169, s8:c169, s9:c169, s14:c168, s2:c169], cId:8229, entries: [(t:1, i:172), METADATAENTRY(c:171)]
2023-03-17 00:26:26,911 DEBUG server.RaftServer$Division (RaftServerImpl.java:logAppendEntries(1430)) - s5@group-6E994AD85659: succeeded to handle AppendEntries. Reply: s1<-s5#8235:OK-t1,SUCCESS,nextIndex=173,followerCommit=171,matchIndex=172
2023-03-17 00:26:26,910 DEBUG server.RaftServer$Division (RaftServerImpl.java:logAppendEntries(1430)) - s10@group-6E994AD85659: receive appendEntries(s1, 1, (t:1, i:171), 171, true, commits:[s1:c171, s10:c169, s0:c170, s3:c169, s4:c169, s11:c170, s5:c170, s6:c170, s13:c169, s7:c170, s12:c169, s8:c169, s9:c169, s14:c168, s2:c169], cId:8236, entries: [(t:1, i:172), METADATAENTRY(c:171), (t:1, i:173), STATEMACHINELOGENTRY, 8228@client-E8995F8E72F5]
2023-03-17 00:26:26,913 DEBUG server.RaftServer$Division (RaftServerImpl.java:logAppendEntries(1430)) - s6@group-6E994AD85659: succeeded to handle AppendEntries. Reply: s1<-s6#8229:OK-t1,SUCCESS,nextIndex=173,followerCommit=171,matchIndex=172
2023-03-17 00:26:26,913 DEBUG server.RaftServer$Division (RaftServerImpl.java:logAppendEntries(1430)) - s10@group-6E994AD85659: succeeded to handle AppendEntries. Reply: s1<-s10#8236:OK-t1,SUCCESS,nextIndex=174,followerCommit=171,matchIndex=173
2023-03-17 00:26:26,913 DEBUG server.RaftServer$Division (RaftServerImpl.java:logAppendEntries(1430)) - s8@group-6E994AD85659: receive appendEntries(s1, 1, (t:1, i:171), 171, true, commits:[s1:c171, s10:c169, s0:c170, s3:c171, s4:c171, s11:c171, s5:c170, s6:c170, s13:c169, s7:c171, s12:c169, s8:c169, s9:c169, s14:c168, s2:c169], cId:8242, entries: [(t:1, i:172), METADATAENTRY(c:171), (t:1, i:173), STATEMACHINELOGENTRY, 8228@client-E8995F8E72F5]
2023-03-17 00:26:26,913 DEBUG server.RaftServer$Division (RaftServerImpl.java:logAppendEntries(1430)) - s6@group-6E994AD85659: receive appendEntries(s1, 1, (t:1, i:172), 172, true, commits:[s1:c172, s10:c169, s0:c171, s3:c171, s4:c171, s11:c171, s5:c170, s6:c171, s13:c169, s7:c171, s12:c171, s8:c169, s9:c171, s14:c168, s2:c169], cId:8245, entries: [(t:1, i:173), STATEMACHINELOGENTRY, 8228@client-E8995F8E72F5]
2023-03-17 00:26:26,914 DEBUG server.RaftServer$Division (RaftServerImpl.java:logAppendEntries(1430)) - s8@group-6E994AD85659: succeeded to handle AppendEntries. Reply: s1<-s8#8242:OK-t1,SUCCESS,nextIndex=174,followerCommit=171,matchIndex=173
2023-03-17 00:26:26,914 DEBUG server.RaftServer$Division (RaftServerImpl.java:logAppendEntries(1430)) - s6@group-6E994AD85659: succeeded to handle AppendEntries. Reply: s1<-s6#8245:OK-t1,SUCCESS,nextIndex=174,followerCommit=172,matchIndex=173
2023-03-17 00:26:26,915 DEBUG server.RaftServer$Division (RaftServerImpl.java:logAppendEntries(1430)) - s5@group-6E994AD85659: receive appendEntries(s1, 1, (t:1, i:172), 172, true, commits:[s1:c172, s10:c171, s0:c171, s3:c171, s4:c171, s11:c171, s5:c171, s6:c171, s13:c169, s7:c171, s12:c171, s8:c171, s9:c171, s14:c168, s2:c169], cId:8246, entries: [(t:1, i:173), STATEMACHINELOGENTRY, 8228@client-E8995F8E72F5]
2023-03-17 00:26:26,916 DEBUG server.RaftServer$Division (RaftServerImpl.java:logAppendEntries(1430)) - s11@group-6E994AD85659: receive appendEntries(s1, 1, (t:1, i:173), 173, true, commits:[s1:c173, s10:c171, s0:c171, s3:c171, s4:c171, s11:c171, s5:c171, s6:c172, s13:c169, s7:c171, s12:c171, s8:c171, s9:c171, s14:c168, s2:c169], cId:8252, entries: [(t:1, i:174), METADATAENTRY(c:173)]
2023-03-17 00:26:26,916 DEBUG server.RaftServer$Division (RaftServerImpl.java:logAppendEntries(1430)) - s3@group-6E994AD85659: receive appendEntries(s1, 1, (t:1, i:173), 173, true, commits:[s1:c173, s10:c171, s0:c171, s3:c171, s4:c171, s11:c171, s5:c171, s6:c172, s13:c169, s7:c171, s12:c171, s8:c171, s9:c171, s14:c168, s2:c169], cId:8248, entries: [(t:1, i:174), METADATAENTRY(c:173)]
2023-03-17 00:26:26,916 DEBUG server.RaftServer$Division (RaftServerImpl.java:logAppendEntries(1430)) - s4@group-6E994AD85659: receive appendEntries(s1, 1, (t:1, i:173), 173, true, commits:[s1:c173, s10:c171, s0:c171, s3:c171, s4:c171, s11:c171, s5:c171, s6:c172, s13:c169, s7:c171, s12:c171, s8:c171, s9:c171, s14:c168, s2:c169], cId:8253, entries: [(t:1, i:174), METADATAENTRY(c:173)]
2023-03-17 00:26:26,916 DEBUG server.RaftServer$Division (RaftServerImpl.java:logAppendEntries(1430)) - s11@group-6E994AD85659: succeeded to handle AppendEntries. Reply: s1<-s11#8252:OK-t1,SUCCESS,nextIndex=175,followerCommit=173,matchIndex=174
2023-03-17 00:26:26,917 DEBUG server.RaftServer$Division (RaftServerImpl.java:logAppendEntries(1430)) - s12@group-6E994AD85659: receive appendEntries(s1, 1, (t:1, i:173), 173, true, commits:[s1:c173, s10:c171, s0:c171, s3:c171, s4:c171, s11:c171, s5:c171, s6:c172, s13:c169, s7:c171, s12:c171, s8:c171, s9:c171, s14:c168, s2:c169], cId:8250, entries: [(t:1, i:174), METADATAENTRY(c:173)]
2023-03-17 00:26:26,917 DEBUG server.RaftServer$Division (RaftServerImpl.java:logAppendEntries(1430)) - s12@group-6E994AD85659: succeeded to handle AppendEntries. Reply: s1<-s12#8250:OK-t1,SUCCESS,nextIndex=175,followerCommit=173,matchIndex=174
2023-03-17 00:26:26,918 DEBUG server.RaftServer$Division (RaftServerImpl.java:logAppendEntries(1430)) - s9@group-6E994AD85659: receive appendEntries(s1, 1, (t:1, i:173), 173, true, commits:[s1:c173, s10:c171, s0:c171, s3:c171, s4:c171, s11:c171, s5:c171, s6:c172, s13:c169, s7:c171, s12:c171, s8:c171, s9:c171, s14:c168, s2:c169], cId:8251, entries: [(t:1, i:174), METADATAENTRY(c:173)]
2023-03-17 00:26:26,918 DEBUG server.RaftServer$Division (RaftServerImpl.java:logAppendEntries(1430)) - s9@group-6E994AD85659: succeeded to handle AppendEntries. Reply: s1<-s9#8251:OK-t1,SUCCESS,nextIndex=175,followerCommit=173,matchIndex=174
2023-03-17 00:26:26,918 DEBUG server.RaftServer$Division (RaftServerImpl.java:logAppendEntries(1430)) - s7@group-6E994AD85659: receive appendEntries(s1, 1, (t:1, i:173), 173, true, commits:[s1:c173, s10:c171, s0:c171, s3:c171, s4:c171, s11:c171, s5:c171, s6:c172, s13:c169, s7:c171, s12:c171, s8:c171, s9:c171, s14:c168, s2:c169], cId:8249, entries: [(t:1, i:174), METADATAENTRY(c:173)]
2023-03-17 00:26:26,919 DEBUG server.RaftServer$Division (RaftServerImpl.java:logAppendEntries(1430)) - s5@group-6E994AD85659: succeeded to handle AppendEntries. Reply: s1<-s5#8246:OK-t1,SUCCESS,nextIndex=174,followerCommit=172,matchIndex=173
2023-03-17 00:26:26,912 DEBUG server.RaftServer$Division (RaftServerImpl.java:logAppendEntries(1430)) - s13@group-6E994AD85659: succeeded to handle AppendEntries. Reply: s1<-s13#8227:OK-t1,SUCCESS,nextIndex=173,followerCommit=171,matchIndex=172
2023-03-17 00:26:26,912 DEBUG server.RaftServer$Division (RaftServerImpl.java:logAppendEntries(1430)) - s0@group-6E994AD85659: receive appendEntries(s1, 1, (t:1, i:172), 171, true, commits:[s1:c171, s10:c169, s0:c171, s3:c171, s4:c171, s11:c171, s5:c170, s6:c170, s13:c169, s7:c171, s12:c171, s8:c169, s9:c171, s14:c168, s2:c169], cId:8244, entries: [(t:1, i:173), STATEMACHINELOGENTRY, 8228@client-E8995F8E72F5]
2023-03-17 00:26:26,919 DEBUG server.RaftServer$Division (RaftServerImpl.java:logAppendEntries(1430)) - s2@group-6E994AD85659: receive appendEntries(s1, 1, (t:1, i:171), 173, true, commits:[s1:c173, s10:c171, s0:c171, s3:c171, s4:c171, s11:c171, s5:c171, s6:c171, s13:c169, s7:c171, s12:c171, s8:c171, s9:c171, s14:c168, s2:c169], cId:8247, entries: [(t:1, i:172), METADATAENTRY(c:171), (t:1, i:173), STATEMACHINELOGENTRY, 8228@client-E8995F8E72F5, (t:1, i:174), METADATAENTRY(c:173)]
2023-03-17 00:26:26,919 DEBUG server.RaftServer$Division (RaftServerImpl.java:logAppendEntries(1430)) - s7@group-6E994AD85659: succeeded to handle AppendEntries. Reply: s1<-s7#8249:OK-t1,SUCCESS,nextIndex=175,followerCommit=173,matchIndex=174
2023-03-17 00:26:26,920 DEBUG server.RaftServer$Division (RaftServerImpl.java:logAppendEntries(1430)) - s2@group-6E994AD85659: succeeded to handle AppendEntries. Reply: s1<-s2#8247:OK-t1,SUCCESS,nextIndex=175,followerCommit=173,matchIndex=174
2023-03-17 00:26:26,920 DEBUG server.RaftServer$Division (RaftServerImpl.java:logAppendEntries(1430)) - s13@group-6E994AD85659: receive appendEntries(s1, 1, (t:1, i:172), 173, true, commits:[s1:c173, s10:c171, s0:c171, s3:c171, s4:c171, s11:c173, s5:c172, s6:c172, s13:c171, s7:c171, s12:c173, s8:c171, s9:c173, s14:c168, s2:c169], cId:8258, entries: [(t:1, i:173), STATEMACHINELOGENTRY, 8228@client-E8995F8E72F5, (t:1, i:174), METADATAENTRY(c:173)]
2023-03-17 00:26:26,917 DEBUG server.RaftServer$Division (RaftServerImpl.java:logAppendEntries(1430)) - s6@group-6E994AD85659: receive appendEntries(s1, 1, (t:1, i:173), 173, true, commits:[s1:c173, s10:c171, s0:c171, s3:c171, s4:c171, s11:c171, s5:c171, s6:c172, s13:c169, s7:c171, s12:c171, s8:c171, s9:c171, s14:c168, s2:c169], cId:8256, entries: [(t:1, i:174), METADATAENTRY(c:173)]
2023-03-17 00:26:26,917 DEBUG server.RaftServer$Division (RaftServerImpl.java:logAppendEntries(1430)) - s4@group-6E994AD85659: succeeded to handle AppendEntries. Reply: s1<-s4#8253:OK-t1,SUCCESS,nextIndex=175,followerCommit=173,matchIndex=174
2023-03-17 00:26:26,917 DEBUG server.RaftServer$Division (RaftServerImpl.java:logAppendEntries(1430)) - s3@group-6E994AD85659: succeeded to handle AppendEntries. Reply: s1<-s3#8248:OK-t1,SUCCESS,nextIndex=175,followerCommit=173,matchIndex=174
2023-03-17 00:26:26,915 INFO  statemachine.StateMachine (ArithmeticStateMachine.java:applyTransaction(182)) - LEADER:s1-173: a = 111 = 111
2023-03-17 00:26:26,921 DEBUG server.RaftServer$Division (RaftServerImpl.java:logAppendEntries(1430)) - s0@group-6E994AD85659: succeeded to handle AppendEntries. Reply: s1<-s0#8244:OK-t1,SUCCESS,nextIndex=174,followerCommit=171,matchIndex=173
2023-03-17 00:26:26,921 DEBUG server.RaftServer$Division (RaftServerImpl.java:logAppendEntries(1430)) - s13@group-6E994AD85659: succeeded to handle AppendEntries. Reply: s1<-s13#8258:OK-t1,SUCCESS,nextIndex=175,followerCommit=173,matchIndex=174
2023-03-17 00:26:26,923 DEBUG server.RaftServer$Division (RaftServerImpl.java:submitClientRequestAsync(835)) - s1@group-6E994AD85659: receive client request(RaftClientRequest:client-E8995F8E72F5->s1@group-6E994AD85659, cid=8259, seq=0, RW, Message:0101620240b810000000...(size=12))
2023-03-17 00:26:26,923 DEBUG server.RaftServer$Division (LeaderStateImpl.java:addPendingRequest(474)) - s1@group-6E994AD85659-LeaderStateImpl: addPendingRequest at RaftClientRequest:client-E8995F8E72F5->s1@group-6E994AD85659, cid=8259, seq=0, RW, Message:0101620240b810000000...(size=12), entry=(t:1, i:175), STATEMACHINELOGENTRY, 8259@client-E8995F8E72F5
2023-03-17 00:26:26,923 DEBUG server.RaftServer$Division (RaftServerImpl.java:logAppendEntries(1430)) - s6@group-6E994AD85659: succeeded to handle AppendEntries. Reply: s1<-s6#8256:OK-t1,SUCCESS,nextIndex=175,followerCommit=173,matchIndex=174
2023-03-17 00:26:26,921 DEBUG server.RaftServer$Division (RaftServerImpl.java:logAppendEntries(1430)) - s10@group-6E994AD85659: receive appendEntries(s1, 1, (t:1, i:173), 173, true, commits:[s1:c173, s10:c171, s0:c171, s3:c171, s4:c171, s11:c171, s5:c171, s6:c172, s13:c169, s7:c171, s12:c171, s8:c171, s9:c171, s14:c168, s2:c169], cId:8254, entries: [(t:1, i:174), METADATAENTRY(c:173)]
2023-03-17 00:26:26,924 DEBUG server.RaftServer$Division (RaftServerImpl.java:logAppendEntries(1430)) - s3@group-6E994AD85659: receive appendEntries(s1, 1, (t:1, i:174), 173, true, commits:[s1:c173, s10:c171, s0:c171, s3:c173, s4:c173, s11:c173, s5:c172, s6:c172, s13:c171, s7:c173, s12:c173, s8:c171, s9:c173, s14:c168, s2:c169], cId:8260, entries: [(t:1, i:175), STATEMACHINELOGENTRY, 8259@client-E8995F8E72F5]
2023-03-17 00:26:26,924 DEBUG server.RaftServer$Division (RaftServerImpl.java:logAppendEntries(1430)) - s4@group-6E994AD85659: receive appendEntries(s1, 1, (t:1, i:174), 173, true, commits:[s1:c173, s10:c171, s0:c171, s3:c173, s4:c173, s11:c173, s5:c172, s6:c172, s13:c171, s7:c173, s12:c173, s8:c171, s9:c173, s14:c168, s2:c169], cId:8261, entries: [(t:1, i:175), STATEMACHINELOGENTRY, 8259@client-E8995F8E72F5]
2023-03-17 00:26:26,924 DEBUG server.RaftServer$Division (RaftServerImpl.java:logAppendEntries(1430)) - s10@group-6E994AD85659: succeeded to handle AppendEntries. Reply: s1<-s10#8254:OK-t1,SUCCESS,nextIndex=175,followerCommit=173,matchIndex=174
2023-03-17 00:26:26,925 DEBUG server.RaftServer$Division (RaftServerImpl.java:logAppendEntries(1430)) - s3@group-6E994AD85659: succeeded to handle AppendEntries. Reply: s1<-s3#8260:OK-t1,SUCCESS,nextIndex=176,followerCommit=173,matchIndex=175
2023-03-17 00:26:26,925 DEBUG server.RaftServer$Division (RaftServerImpl.java:logAppendEntries(1430)) - s4@group-6E994AD85659: succeeded to handle AppendEntries. Reply: s1<-s4#8261:OK-t1,SUCCESS,nextIndex=176,followerCommit=173,matchIndex=175
2023-03-17 00:26:26,925 DEBUG server.RaftServer$Division (RaftServerImpl.java:logAppendEntries(1430)) - s12@group-6E994AD85659: receive appendEntries(s1, 1, (t:1, i:174), 173, true, commits:[s1:c173, s10:c171, s0:c171, s3:c173, s4:c173, s11:c173, s5:c172, s6:c172, s13:c171, s7:c173, s12:c173, s8:c171, s9:c173, s14:c168, s2:c169], cId:8264, entries: [(t:1, i:175), STATEMACHINELOGENTRY, 8259@client-E8995F8E72F5]
2023-03-17 00:26:26,925 DEBUG server.RaftServer$Division (RaftServerImpl.java:logAppendEntries(1430)) - s12@group-6E994AD85659: succeeded to handle AppendEntries. Reply: s1<-s12#8264:OK-t1,SUCCESS,nextIndex=176,followerCommit=173,matchIndex=175
2023-03-17 00:26:26,926 DEBUG server.RaftServer$Division (RaftServerImpl.java:logAppendEntries(1430)) - s9@group-6E994AD85659: receive appendEntries(s1, 1, (t:1, i:174), 173, true, commits:[s1:c173, s10:c171, s0:c171, s3:c173, s4:c173, s11:c173, s5:c172, s6:c172, s13:c171, s7:c173, s12:c173, s8:c171, s9:c173, s14:c168, s2:c169], cId:8265, entries: [(t:1, i:175), STATEMACHINELOGENTRY, 8259@client-E8995F8E72F5]
2023-03-17 00:26:26,926 DEBUG server.RaftServer$Division (RaftServerImpl.java:logAppendEntries(1430)) - s6@group-6E994AD85659: receive appendEntries(s1, 1, (t:1, i:174), 173, true, commits:[s1:c173, s10:c171, s0:c171, s3:c173, s4:c173, s11:c173, s5:c172, s6:c173, s13:c171, s7:c173, s12:c173, s8:c171, s9:c173, s14:c168, s2:c169], cId:8266, entries: [(t:1, i:175), STATEMACHINELOGENTRY, 8259@client-E8995F8E72F5]
2023-03-17 00:26:26,926 DEBUG server.RaftServer$Division (RaftServerImpl.java:logAppendEntries(1430)) - s9@group-6E994AD85659: succeeded to handle AppendEntries. Reply: s1<-s9#8265:OK-t1,SUCCESS,nextIndex=176,followerCommit=173,matchIndex=175
2023-03-17 00:26:26,927 DEBUG server.RaftServer$Division (RaftServerImpl.java:logAppendEntries(1430)) - s11@group-6E994AD85659: receive appendEntries(s1, 1, (t:1, i:174), 173, true, commits:[s1:c173, s10:c171, s0:c171, s3:c173, s4:c173, s11:c173, s5:c172, s6:c172, s13:c171, s7:c173, s12:c173, s8:c171, s9:c173, s14:c168, s2:c169], cId:8262, entries: [(t:1, i:175), STATEMACHINELOGENTRY, 8259@client-E8995F8E72F5]
2023-03-17 00:26:26,927 DEBUG server.RaftServer$Division (RaftServerImpl.java:logAppendEntries(1430)) - s6@group-6E994AD85659: succeeded to handle AppendEntries. Reply: s1<-s6#8266:OK-t1,SUCCESS,nextIndex=176,followerCommit=173,matchIndex=175
2023-03-17 00:26:26,927 DEBUG server.RaftServer$Division (RaftServerImpl.java:logAppendEntries(1430)) - s11@group-6E994AD85659: succeeded to handle AppendEntries. Reply: s1<-s11#8262:OK-t1,SUCCESS,nextIndex=176,followerCommit=173,matchIndex=175
2023-03-17 00:26:26,928 DEBUG server.RaftServer$Division (RaftServerImpl.java:logAppendEntries(1430)) - s7@group-6E994AD85659: receive appendEntries(s1, 1, (t:1, i:174), 173, true, commits:[s1:c173, s10:c171, s0:c171, s3:c173, s4:c173, s11:c173, s5:c172, s6:c172, s13:c171, s7:c173, s12:c173, s8:c171, s9:c173, s14:c168, s2:c169], cId:8263, entries: [(t:1, i:175), STATEMACHINELOGENTRY, 8259@client-E8995F8E72F5]
2023-03-17 00:26:26,928 DEBUG server.RaftServer$Division (RaftServerImpl.java:logAppendEntries(1430)) - s0@group-6E994AD85659: receive appendEntries(s1, 1, (t:1, i:173), 174, true, commits:[s1:c174, s10:c171, s0:c171, s3:c173, s4:c173, s11:c173, s5:c172, s6:c173, s13:c171, s7:c173, s12:c173, s8:c171, s9:c173, s14:c168, s2:c169], cId:8267, entries: [(t:1, i:174), METADATAENTRY(c:173), (t:1, i:175), STATEMACHINELOGENTRY, 8259@client-E8995F8E72F5]
2023-03-17 00:26:26,928 DEBUG server.RaftServer$Division (RaftServerImpl.java:logAppendEntries(1430)) - s8@group-6E994AD85659: receive appendEntries(s1, 1, (t:1, i:173), 173, true, commits:[s1:c173, s10:c171, s0:c171, s3:c171, s4:c171, s11:c171, s5:c171, s6:c172, s13:c169, s7:c171, s12:c171, s8:c171, s9:c171, s14:c168, s2:c169], cId:8255, entries: [(t:1, i:174), METADATAENTRY(c:173)]
2023-03-17 00:26:26,929 DEBUG server.RaftServer$Division (RaftServerImpl.java:logAppendEntries(1430)) - s0@group-6E994AD85659: succeeded to handle AppendEntries. Reply: s1<-s0#8267:OK-t1,SUCCESS,nextIndex=176,followerCommit=174,matchIndex=175
2023-03-17 00:26:26,929 DEBUG server.RaftServer$Division (RaftServerImpl.java:logAppendEntries(1430)) - s8@group-6E994AD85659: succeeded to handle AppendEntries. Reply: s1<-s8#8255:OK-t1,SUCCESS,nextIndex=175,followerCommit=173,matchIndex=174
2023-03-17 00:26:26,929 DEBUG server.RaftServer$Division (RaftServerImpl.java:logAppendEntries(1430)) - s13@group-6E994AD85659: receive appendEntries(s1, 1, (t:1, i:174), 174, true, commits:[s1:c174, s10:c171, s0:c171, s3:c173, s4:c173, s11:c173, s5:c172, s6:c173, s13:c173, s7:c173, s12:c173, s8:c171, s9:c173, s14:c168, s2:c169], cId:8268, entries: [(t:1, i:175), STATEMACHINELOGENTRY, 8259@client-E8995F8E72F5]
2023-03-17 00:26:26,930 DEBUG server.RaftServer$Division (RaftServerImpl.java:logAppendEntries(1430)) - s3@group-6E994AD85659: receive appendEntries(s1, 1, (t:1, i:175), 175, true, commits:[s1:c175, s10:c171, s0:c174, s3:c173, s4:c173, s11:c173, s5:c172, s6:c173, s13:c173, s7:c173, s12:c173, s8:c171, s9:c173, s14:c168, s2:c173], cId:8273, entries: [(t:1, i:176), METADATAENTRY(c:175)]
2023-03-17 00:26:26,930 INFO  statemachine.StateMachine (ArithmeticStateMachine.java:applyTransaction(182)) - LEADER:s1-175: b = 6160 = 6160
2023-03-17 00:26:26,930 DEBUG server.RaftServer$Division (RaftServerImpl.java:logAppendEntries(1430)) - s12@group-6E994AD85659: receive appendEntries(s1, 1, (t:1, i:175), 175, true, commits:[s1:c175, s10:c171, s0:c174, s3:c173, s4:c173, s11:c173, s5:c172, s6:c173, s13:c173, s7:c173, s12:c173, s8:c171, s9:c173, s14:c168, s2:c173], cId:8276, entries: [(t:1, i:176), METADATAENTRY(c:175)]
2023-03-17 00:26:26,931 DEBUG server.RaftServer$Division (RaftServerImpl.java:logAppendEntries(1430)) - s4@group-6E994AD85659: receive appendEntries(s1, 1, (t:1, i:175), 175, true, commits:[s1:c175, s10:c171, s0:c174, s3:c173, s4:c173, s11:c173, s5:c172, s6:c173, s13:c173, s7:c173, s12:c173, s8:c171, s9:c173, s14:c168, s2:c173], cId:8270, entries: [(t:1, i:176), METADATAENTRY(c:175)]
2023-03-17 00:26:26,931 DEBUG server.RaftServer$Division (RaftServerImpl.java:logAppendEntries(1430)) - s0@group-6E994AD85659: receive appendEntries(s1, 1, (t:1, i:175), 175, true, commits:[s1:c175, s10:c171, s0:c174, s3:c173, s4:c173, s11:c173, s5:c172, s6:c173, s13:c173, s7:c173, s12:c173, s8:c171, s9:c173, s14:c168, s2:c173], cId:8275, entries: [(t:1, i:176), METADATAENTRY(c:175)]
2023-03-17 00:26:26,932 DEBUG server.RaftServer$Division (RaftServerImpl.java:logAppendEntries(1430)) - s4@group-6E994AD85659: succeeded to handle AppendEntries. Reply: s1<-s4#8270:OK-t1,SUCCESS,nextIndex=177,followerCommit=175,matchIndex=176
2023-03-17 00:26:26,932 DEBUG server.RaftServer$Division (RaftServerImpl.java:logAppendEntries(1430)) - s3@group-6E994AD85659: succeeded to handle AppendEntries. Reply: s1<-s3#8273:OK-t1,SUCCESS,nextIndex=177,followerCommit=175,matchIndex=176
2023-03-17 00:26:26,932 DEBUG server.RaftServer$Division (RaftServerImpl.java:submitClientRequestAsync(835)) - s1@group-6E994AD85659: receive client request(RaftClientRequest:client-E8995F8E72F5->s1@group-6E994AD85659, cid=8277, seq=0, RW, Message:01016304010300040201...(size=17))
2023-03-17 00:26:26,932 DEBUG server.RaftServer$Division (LeaderStateImpl.java:addPendingRequest(474)) - s1@group-6E994AD85659-LeaderStateImpl: addPendingRequest at RaftClientRequest:client-E8995F8E72F5->s1@group-6E994AD85659, cid=8277, seq=0, RW, Message:01016304010300040201...(size=17), entry=(t:1, i:177), STATEMACHINELOGENTRY, 8277@client-E8995F8E72F5
2023-03-17 00:26:26,932 DEBUG server.RaftServer$Division (RaftServerImpl.java:logAppendEntries(1430)) - s0@group-6E994AD85659: succeeded to handle AppendEntries. Reply: s1<-s0#8275:OK-t1,SUCCESS,nextIndex=177,followerCommit=175,matchIndex=176
2023-03-17 00:26:26,933 DEBUG server.RaftServer$Division (RaftServerImpl.java:logAppendEntries(1430)) - s3@group-6E994AD85659: receive appendEntries(s1, 1, (t:1, i:176), 175, true, commits:[s1:c175, s10:c171, s0:c174, s3:c175, s4:c173, s11:c173, s5:c172, s6:c173, s13:c173, s7:c173, s12:c173, s8:c171, s9:c173, s14:c168, s2:c173], cId:8278, entries: [(t:1, i:177), STATEMACHINELOGENTRY, 8277@client-E8995F8E72F5]
2023-03-17 00:26:26,930 DEBUG server.RaftServer$Division (RaftServerImpl.java:logAppendEntries(1430)) - s5@group-6E994AD85659: receive appendEntries(s1, 1, (t:1, i:173), 173, true, commits:[s1:c173, s10:c171, s0:c171, s3:c171, s4:c171, s11:c173, s5:c172, s6:c172, s13:c169, s7:c171, s12:c173, s8:c171, s9:c173, s14:c168, s2:c169], cId:8257, entries: [(t:1, i:174), METADATAENTRY(c:173)]
2023-03-17 00:26:26,930 DEBUG server.RaftServer$Division (RaftServerImpl.java:logAppendEntries(1430)) - s11@group-6E994AD85659: receive appendEntries(s1, 1, (t:1, i:175), 175, true, commits:[s1:c175, s10:c171, s0:c174, s3:c173, s4:c173, s11:c173, s5:c172, s6:c173, s13:c173, s7:c173, s12:c173, s8:c171, s9:c173, s14:c168, s2:c169], cId:8269, entries: [(t:1, i:176), METADATAENTRY(c:175)]
2023-03-17 00:26:26,933 DEBUG server.RaftServer$Division (RaftServerImpl.java:logAppendEntries(1430)) - s3@group-6E994AD85659: succeeded to handle AppendEntries. Reply: s1<-s3#8278:OK-t1,SUCCESS,nextIndex=178,followerCommit=175,matchIndex=177
2023-03-17 00:26:26,933 DEBUG server.RaftServer$Division (RaftServerImpl.java:logAppendEntries(1430)) - s7@group-6E994AD85659: succeeded to handle AppendEntries. Reply: s1<-s7#8263:OK-t1,SUCCESS,nextIndex=176,followerCommit=173,matchIndex=175
2023-03-17 00:26:26,933 DEBUG server.RaftServer$Division (RaftServerImpl.java:logAppendEntries(1430)) - s9@group-6E994AD85659: receive appendEntries(s1, 1, (t:1, i:175), 175, true, commits:[s1:c175, s10:c171, s0:c174, s3:c173, s4:c173, s11:c173, s5:c172, s6:c173, s13:c173, s7:c173, s12:c173, s8:c171, s9:c173, s14:c168, s2:c173], cId:8272, entries: [(t:1, i:176), METADATAENTRY(c:175)]
2023-03-17 00:26:26,931 DEBUG server.RaftServer$Division (RaftServerImpl.java:logAppendEntries(1430)) - s12@group-6E994AD85659: succeeded to handle AppendEntries. Reply: s1<-s12#8276:OK-t1,SUCCESS,nextIndex=177,followerCommit=175,matchIndex=176
2023-03-17 00:26:26,934 DEBUG server.RaftServer$Division (RaftServerImpl.java:logAppendEntries(1430)) - s5@group-6E994AD85659: succeeded to handle AppendEntries. Reply: s1<-s5#8257:OK-t1,SUCCESS,nextIndex=175,followerCommit=173,matchIndex=174
2023-03-17 00:26:26,934 DEBUG server.RaftServer$Division (RaftServerImpl.java:logAppendEntries(1430)) - s11@group-6E994AD85659: succeeded to handle AppendEntries. Reply: s1<-s11#8269:OK-t1,SUCCESS,nextIndex=177,followerCommit=175,matchIndex=176
2023-03-17 00:26:26,933 DEBUG server.RaftServer$Division (RaftServerImpl.java:logAppendEntries(1430)) - s4@group-6E994AD85659: receive appendEntries(s1, 1, (t:1, i:176), 175, true, commits:[s1:c175, s10:c171, s0:c174, s3:c175, s4:c175, s11:c173, s5:c172, s6:c173, s13:c173, s7:c173, s12:c173, s8:c171, s9:c173, s14:c168, s2:c173], cId:8279, entries: [(t:1, i:177), STATEMACHINELOGENTRY, 8277@client-E8995F8E72F5]
2023-03-17 00:26:26,934 DEBUG server.RaftServer$Division (RaftServerImpl.java:logAppendEntries(1430)) - s6@group-6E994AD85659: receive appendEntries(s1, 1, (t:1, i:175), 175, true, commits:[s1:c175, s10:c171, s0:c174, s3:c173, s4:c173, s11:c173, s5:c172, s6:c173, s13:c173, s7:c173, s12:c173, s8:c171, s9:c173, s14:c168, s2:c173], cId:8274, entries: [(t:1, i:176), METADATAENTRY(c:175)]
2023-03-17 00:26:26,935 DEBUG server.RaftServer$Division (RaftServerImpl.java:logAppendEntries(1430)) - s9@group-6E994AD85659: succeeded to handle AppendEntries. Reply: s1<-s9#8272:OK-t1,SUCCESS,nextIndex=177,followerCommit=175,matchIndex=176
2023-03-17 00:26:26,935 DEBUG server.RaftServer$Division (RaftServerImpl.java:logAppendEntries(1430)) - s4@group-6E994AD85659: succeeded to handle AppendEntries. Reply: s1<-s4#8279:OK-t1,SUCCESS,nextIndex=178,followerCommit=175,matchIndex=177
2023-03-17 00:26:26,935 DEBUG server.RaftServer$Division (RaftServerImpl.java:logAppendEntries(1430)) - s12@group-6E994AD85659: receive appendEntries(s1, 1, (t:1, i:176), 175, true, commits:[s1:c175, s10:c171, s0:c174, s3:c175, s4:c175, s11:c173, s5:c172, s6:c173, s13:c173, s7:c173, s12:c175, s8:c171, s9:c173, s14:c168, s2:c173], cId:8280, entries: [(t:1, i:177), STATEMACHINELOGENTRY, 8277@client-E8995F8E72F5]
2023-03-17 00:26:26,935 DEBUG server.RaftServer$Division (RaftServerImpl.java:logAppendEntries(1430)) - s12@group-6E994AD85659: succeeded to handle AppendEntries. Reply: s1<-s12#8280:OK-t1,SUCCESS,nextIndex=178,followerCommit=175,matchIndex=177
2023-03-17 00:26:26,936 DEBUG server.RaftServer$Division (RaftServerImpl.java:logAppendEntries(1430)) - s11@group-6E994AD85659: receive appendEntries(s1, 1, (t:1, i:176), 175, true, commits:[s1:c175, s10:c171, s0:c175, s3:c175, s4:c175, s11:c175, s5:c172, s6:c173, s13:c173, s7:c173, s12:c175, s8:c171, s9:c173, s14:c168, s2:c173], cId:8282, entries: [(t:1, i:177), STATEMACHINELOGENTRY, 8277@client-E8995F8E72F5]
2023-03-17 00:26:26,936 DEBUG server.RaftServer$Division (RaftServerImpl.java:logAppendEntries(1430)) - s0@group-6E994AD85659: receive appendEntries(s1, 1, (t:1, i:176), 175, true, commits:[s1:c175, s10:c171, s0:c175, s3:c175, s4:c175, s11:c173, s5:c172, s6:c173, s13:c173, s7:c173, s12:c175, s8:c171, s9:c173, s14:c168, s2:c173], cId:8281, entries: [(t:1, i:177), STATEMACHINELOGENTRY, 8277@client-E8995F8E72F5]
2023-03-17 00:26:26,937 DEBUG server.RaftServer$Division (RaftServerImpl.java:logAppendEntries(1430)) - s13@group-6E994AD85659: succeeded to handle AppendEntries. Reply: s1<-s13#8268:OK-t1,SUCCESS,nextIndex=176,followerCommit=174,matchIndex=175
2023-03-17 00:26:26,937 DEBUG server.RaftServer$Division (RaftServerImpl.java:logAppendEntries(1430)) - s9@group-6E994AD85659: receive appendEntries(s1, 1, (t:1, i:176), 175, true, commits:[s1:c175, s10:c171, s0:c175, s3:c175, s4:c175, s11:c175, s5:c172, s6:c173, s13:c173, s7:c173, s12:c175, s8:c171, s9:c175, s14:c168, s2:c173], cId:8283, entries: [(t:1, i:177), STATEMACHINELOGENTRY, 8277@client-E8995F8E72F5]
2023-03-17 00:26:26,936 DEBUG server.RaftServer$Division (RaftServerImpl.java:logAppendEntries(1430)) - s11@group-6E994AD85659: succeeded to handle AppendEntries. Reply: s1<-s11#8282:OK-t1,SUCCESS,nextIndex=178,followerCommit=175,matchIndex=177
2023-03-17 00:26:26,937 DEBUG server.RaftServer$Division (RaftServerImpl.java:logAppendEntries(1430)) - s2@group-6E994AD85659: receive appendEntries(s1, 1, (t:1, i:174), 175, true, commits:[s1:c175, s10:c171, s0:c174, s3:c173, s4:c173, s11:c173, s5:c172, s6:c173, s13:c173, s7:c173, s12:c173, s8:c171, s9:c173, s14:c168, s2:c173], cId:8271, entries: [(t:1, i:175), STATEMACHINELOGENTRY, 8259@client-E8995F8E72F5, (t:1, i:176), METADATAENTRY(c:175)]
2023-03-17 00:26:26,938 DEBUG server.RaftServer$Division (RaftServerImpl.java:logAppendEntries(1430)) - s10@group-6E994AD85659: receive appendEntries(s1, 1, (t:1, i:174), 175, true, commits:[s1:c175, s10:c173, s0:c175, s3:c175, s4:c175, s11:c175, s5:c172, s6:c173, s13:c173, s7:c173, s12:c175, s8:c171, s9:c175, s14:c168, s2:c173], cId:8284, entries: [(t:1, i:175), STATEMACHINELOGENTRY, 8259@client-E8995F8E72F5, (t:1, i:176), METADATAENTRY(c:175), (t:1, i:177), STATEMACHINELOGENTRY, 8277@client-E8995F8E72F5]
2023-03-17 00:26:26,938 DEBUG server.RaftServer$Division (RaftServerImpl.java:logAppendEntries(1430)) - s2@group-6E994AD85659: succeeded to handle AppendEntries. Reply: s1<-s2#8271:OK-t1,SUCCESS,nextIndex=177,followerCommit=175,matchIndex=176
2023-03-17 00:26:26,939 DEBUG server.RaftServer$Division (RaftServerImpl.java:logAppendEntries(1430)) - s0@group-6E994AD85659: succeeded to handle AppendEntries. Reply: s1<-s0#8281:OK-t1,SUCCESS,nextIndex=178,followerCommit=175,matchIndex=177
2023-03-17 00:26:26,939 DEBUG server.RaftServer$Division (RaftServerImpl.java:logAppendEntries(1430)) - s9@group-6E994AD85659: succeeded to handle AppendEntries. Reply: s1<-s9#8283:OK-t1,SUCCESS,nextIndex=178,followerCommit=175,matchIndex=177
2023-03-17 00:26:26,939 DEBUG server.RaftServer$Division (RaftServerImpl.java:logAppendEntries(1430)) - s8@group-6E994AD85659: receive appendEntries(s1, 1, (t:1, i:174), 175, true, commits:[s1:c175, s10:c173, s0:c175, s3:c175, s4:c175, s11:c175, s5:c172, s6:c173, s13:c173, s7:c173, s12:c175, s8:c173, s9:c175, s14:c168, s2:c173], cId:8285, entries: [(t:1, i:175), STATEMACHINELOGENTRY, 8259@client-E8995F8E72F5, (t:1, i:176), METADATAENTRY(c:175), (t:1, i:177), STATEMACHINELOGENTRY, 8277@client-E8995F8E72F5]
2023-03-17 00:26:26,940 DEBUG server.RaftServer$Division (RaftServerImpl.java:logAppendEntries(1430)) - s8@group-6E994AD85659: succeeded to handle AppendEntries. Reply: s1<-s8#8285:OK-t1,SUCCESS,nextIndex=178,followerCommit=175,matchIndex=177
2023-03-17 00:26:26,940 DEBUG server.RaftServer$Division (RaftServerImpl.java:logAppendEntries(1430)) - s13@group-6E994AD85659: receive appendEntries(s1, 1, (t:1, i:175), 175, true, commits:[s1:c175, s10:c173, s0:c175, s3:c175, s4:c175, s11:c175, s5:c172, s6:c173, s13:c174, s7:c173, s12:c175, s8:c173, s9:c175, s14:c168, s2:c173], cId:8287, entries: [(t:1, i:176), METADATAENTRY(c:175), (t:1, i:177), STATEMACHINELOGENTRY, 8277@client-E8995F8E72F5]
2023-03-17 00:26:26,937 DEBUG server.RaftServer$Division (RaftServerImpl.java:logAppendEntries(1430)) - s7@group-6E994AD85659: receive appendEntries(s1, 1, (t:1, i:175), 175, true, commits:[s1:c175, s10:c173, s0:c175, s3:c175, s4:c175, s11:c175, s5:c172, s6:c173, s13:c173, s7:c173, s12:c175, s8:c173, s9:c175, s14:c168, s2:c173], cId:8286, entries: [(t:1, i:176), METADATAENTRY(c:175), (t:1, i:177), STATEMACHINELOGENTRY, 8277@client-E8995F8E72F5]
2023-03-17 00:26:26,939 DEBUG server.RaftServer$Division (RaftServerImpl.java:logAppendEntries(1430)) - s6@group-6E994AD85659: succeeded to handle AppendEntries. Reply: s1<-s6#8274:OK-t1,SUCCESS,nextIndex=177,followerCommit=175,matchIndex=176
2023-03-17 00:26:26,938 DEBUG server.RaftServer$Division (RaftServerImpl.java:logAppendEntries(1430)) - s10@group-6E994AD85659: succeeded to handle AppendEntries. Reply: s1<-s10#8284:OK-t1,SUCCESS,nextIndex=178,followerCommit=175,matchIndex=177
2023-03-17 00:26:26,941 DEBUG server.RaftServer$Division (RaftServerImpl.java:logAppendEntries(1430)) - s2@group-6E994AD85659: receive appendEntries(s1, 1, (t:1, i:176), 175, true, commits:[s1:c175, s10:c173, s0:c175, s3:c175, s4:c175, s11:c175, s5:c172, s6:c175, s13:c174, s7:c173, s12:c175, s8:c173, s9:c175, s14:c168, s2:c175], cId:8289, entries: [(t:1, i:177), STATEMACHINELOGENTRY, 8277@client-E8995F8E72F5]
2023-03-17 00:26:26,942 DEBUG server.RaftServer$Division (RaftServerImpl.java:logAppendEntries(1430)) - s7@group-6E994AD85659: succeeded to handle AppendEntries. Reply: s1<-s7#8286:OK-t1,SUCCESS,nextIndex=178,followerCommit=175,matchIndex=177
2023-03-17 00:26:26,942 DEBUG server.RaftServer$Division (RaftServerImpl.java:logAppendEntries(1430)) - s2@group-6E994AD85659: succeeded to handle AppendEntries. Reply: s1<-s2#8289:OK-t1,SUCCESS,nextIndex=178,followerCommit=175,matchIndex=177
2023-03-17 00:26:26,942 INFO  statemachine.StateMachine (ArithmeticStateMachine.java:applyTransaction(182)) - LEADER:s1-177: c = √(a^2 + b^2) = 6161
2023-03-17 00:26:26,943 DEBUG server.RaftServer$Division (RaftServerImpl.java:submitClientRequestAsync(835)) - s1@group-6E994AD85659: receive client request(RaftClientRequest:client-E8995F8E72F5->s1@group-6E994AD85659, cid=8296, seq=0, RW, Message:01016100)
2023-03-17 00:26:26,943 DEBUG server.RaftServer$Division (LeaderStateImpl.java:addPendingRequest(474)) - s1@group-6E994AD85659-LeaderStateImpl: addPendingRequest at RaftClientRequest:client-E8995F8E72F5->s1@group-6E994AD85659, cid=8296, seq=0, RW, Message:01016100, entry=(t:1, i:179), STATEMACHINELOGENTRY, 8296@client-E8995F8E72F5
2023-03-17 00:26:26,943 DEBUG server.RaftServer$Division (RaftServerImpl.java:logAppendEntries(1430)) - s13@group-6E994AD85659: succeeded to handle AppendEntries. Reply: s1<-s13#8287:OK-t1,SUCCESS,nextIndex=178,followerCommit=175,matchIndex=177
2023-03-17 00:26:26,958 DEBUG server.RaftServer$Division (RaftServerImpl.java:logAppendEntries(1430)) - s9@group-6E994AD85659: receive appendEntries(s1, 1, (t:1, i:177), 177, true, commits:[s1:c177, s10:c175, s0:c175, s3:c175, s4:c175, s11:c175, s5:c173, s6:c175, s13:c174, s7:c175, s12:c175, s8:c175, s9:c175, s14:c169, s2:c175], cId:8294, entries: [(t:1, i:178), METADATAENTRY(c:177)]
2023-03-17 00:26:26,959 DEBUG server.RaftServer$Division (RaftServerImpl.java:logAppendEntries(1430)) - s8@group-6E994AD85659: receive appendEntries(s1, 1, (t:1, i:177), 177, true, commits:[s1:c177, s10:c175, s0:c175, s3:c175, s4:c175, s11:c175, s5:c173, s6:c175, s13:c174, s7:c175, s12:c175, s8:c175, s9:c175, s14:c169, s2:c175], cId:8297, entries: [(t:1, i:178), METADATAENTRY(c:177)]
2023-03-17 00:26:26,959 DEBUG server.RaftServer$Division (RaftServerImpl.java:logAppendEntries(1430)) - s5@group-6E994AD85659: receive appendEntries(s1, 1, (t:1, i:174), 176, true, commits:[s1:c176, s10:c175, s0:c175, s3:c175, s4:c175, s11:c175, s5:c173, s6:c175, s13:c174, s7:c173, s12:c175, s8:c173, s9:c175, s14:c168, s2:c175], cId:8290, entries: [(t:1, i:175), STATEMACHINELOGENTRY, 8259@client-E8995F8E72F5, (t:1, i:176), METADATAENTRY(c:175), (t:1, i:177), STATEMACHINELOGENTRY, 8277@client-E8995F8E72F5]
2023-03-17 00:26:26,959 DEBUG server.RaftServer$Division (RaftServerImpl.java:logAppendEntries(1430)) - s8@group-6E994AD85659: succeeded to handle AppendEntries. Reply: s1<-s8#8297:OK-t1,SUCCESS,nextIndex=179,followerCommit=177,matchIndex=178
2023-03-17 00:26:26,960 DEBUG server.RaftServer$Division (RaftServerImpl.java:logAppendEntries(1430)) - s9@group-6E994AD85659: succeeded to handle AppendEntries. Reply: s1<-s9#8294:OK-t1,SUCCESS,nextIndex=179,followerCommit=177,matchIndex=178
2023-03-17 00:26:26,960 DEBUG server.RaftServer$Division (RaftServerImpl.java:logAppendEntries(1430)) - s11@group-6E994AD85659: receive appendEntries(s1, 1, (t:1, i:177), 177, true, commits:[s1:c177, s10:c175, s0:c175, s3:c175, s4:c175, s11:c175, s5:c173, s6:c175, s13:c174, s7:c175, s12:c175, s8:c175, s9:c175, s14:c169, s2:c175], cId:8293, entries: [(t:1, i:178), METADATAENTRY(c:177)]
2023-03-17 00:26:26,960 DEBUG server.RaftServer$Division (RaftServerImpl.java:logAppendEntries(1430)) - s4@group-6E994AD85659: receive appendEntries(s1, 1, (t:1, i:177), 177, true, commits:[s1:c177, s10:c175, s0:c175, s3:c175, s4:c175, s11:c175, s5:c173, s6:c175, s13:c174, s7:c175, s12:c175, s8:c175, s9:c175, s14:c169, s2:c175], cId:8299, entries: [(t:1, i:178), METADATAENTRY(c:177)]
2023-03-17 00:26:26,961 DEBUG server.RaftServer$Division (RaftServerImpl.java:logAppendEntries(1430)) - s3@group-6E994AD85659: receive appendEntries(s1, 1, (t:1, i:177), 177, true, commits:[s1:c177, s10:c175, s0:c175, s3:c175, s4:c175, s11:c175, s5:c173, s6:c175, s13:c174, s7:c175, s12:c175, s8:c175, s9:c175, s14:c169, s2:c175], cId:8300, entries: [(t:1, i:178), METADATAENTRY(c:177)]
2023-03-17 00:26:26,961 DEBUG server.RaftServer$Division (RaftServerImpl.java:logAppendEntries(1430)) - s12@group-6E994AD85659: receive appendEntries(s1, 1, (t:1, i:177), 177, true, commits:[s1:c177, s10:c175, s0:c175, s3:c175, s4:c175, s11:c175, s5:c173, s6:c175, s13:c174, s7:c175, s12:c175, s8:c175, s9:c175, s14:c169, s2:c175], cId:8301, entries: [(t:1, i:178), METADATAENTRY(c:177)]
2023-03-17 00:26:26,961 DEBUG server.RaftServer$Division (RaftServerImpl.java:logAppendEntries(1430)) - s11@group-6E994AD85659: succeeded to handle AppendEntries. Reply: s1<-s11#8293:OK-t1,SUCCESS,nextIndex=179,followerCommit=177,matchIndex=178
2023-03-17 00:26:26,961 DEBUG server.RaftServer$Division (RaftServerImpl.java:logAppendEntries(1430)) - s4@group-6E994AD85659: succeeded to handle AppendEntries. Reply: s1<-s4#8299:OK-t1,SUCCESS,nextIndex=179,followerCommit=177,matchIndex=178
2023-03-17 00:26:26,958 DEBUG server.RaftServer$Division (RaftServerImpl.java:logAppendEntries(1430)) - s6@group-6E994AD85659: receive appendEntries(s1, 1, (t:1, i:176), 175, true, commits:[s1:c175, s10:c173, s0:c175, s3:c175, s4:c175, s11:c175, s5:c172, s6:c175, s13:c174, s7:c173, s12:c175, s8:c173, s9:c175, s14:c168, s2:c175], cId:8288, entries: [(t:1, i:177), STATEMACHINELOGENTRY, 8277@client-E8995F8E72F5]
2023-03-17 00:26:26,961 DEBUG server.RaftServer$Division (RaftServerImpl.java:logAppendEntries(1430)) - s12@group-6E994AD85659: succeeded to handle AppendEntries. Reply: s1<-s12#8301:OK-t1,SUCCESS,nextIndex=179,followerCommit=177,matchIndex=178
2023-03-17 00:26:26,960 DEBUG server.RaftServer$Division (RaftServerImpl.java:logAppendEntries(1430)) - s5@group-6E994AD85659: succeeded to handle AppendEntries. Reply: s1<-s5#8290:OK-t1,SUCCESS,nextIndex=178,followerCommit=176,matchIndex=177
2023-03-17 00:26:26,962 DEBUG server.RaftServer$Division (RaftServerImpl.java:logAppendEntries(1430)) - s3@group-6E994AD85659: succeeded to handle AppendEntries. Reply: s1<-s3#8300:OK-t1,SUCCESS,nextIndex=179,followerCommit=177,matchIndex=178
2023-03-17 00:26:26,962 DEBUG server.RaftServer$Division (RaftServerImpl.java:logAppendEntries(1430)) - s6@group-6E994AD85659: succeeded to handle AppendEntries. Reply: s1<-s6#8288:OK-t1,SUCCESS,nextIndex=178,followerCommit=175,matchIndex=177
2023-03-17 00:26:26,961 DEBUG server.RaftServer$Division (RaftServerImpl.java:logAppendEntries(1430)) - s0@group-6E994AD85659: receive appendEntries(s1, 1, (t:1, i:177), 177, true, commits:[s1:c177, s10:c175, s0:c175, s3:c175, s4:c175, s11:c175, s5:c173, s6:c175, s13:c174, s7:c175, s12:c175, s8:c175, s9:c175, s14:c169, s2:c175], cId:8295, entries: [(t:1, i:178), METADATAENTRY(c:177)]
2023-03-17 00:26:26,962 DEBUG server.RaftServer$Division (RaftServerImpl.java:logAppendEntries(1430)) - s7@group-6E994AD85659: receive appendEntries(s1, 1, (t:1, i:177), 177, true, commits:[s1:c177, s10:c175, s0:c175, s3:c175, s4:c175, s11:c175, s5:c173, s6:c175, s13:c174, s7:c175, s12:c175, s8:c175, s9:c175, s14:c169, s2:c175], cId:8292, entries: [(t:1, i:178), METADATAENTRY(c:177)]
2023-03-17 00:26:26,964 DEBUG server.RaftServer$Division (RaftServerImpl.java:logAppendEntries(1430)) - s10@group-6E994AD85659: receive appendEntries(s1, 1, (t:1, i:177), 177, true, commits:[s1:c177, s10:c175, s0:c175, s3:c175, s4:c175, s11:c175, s5:c173, s6:c175, s13:c174, s7:c175, s12:c175, s8:c175, s9:c175, s14:c169, s2:c175], cId:8298, entries: [(t:1, i:178), METADATAENTRY(c:177)]
2023-03-17 00:26:26,963 DEBUG server.RaftServer$Division (RaftServerImpl.java:logAppendEntries(1430)) - s0@group-6E994AD85659: succeeded to handle AppendEntries. Reply: s1<-s0#8295:OK-t1,SUCCESS,nextIndex=179,followerCommit=177,matchIndex=178
2023-03-17 00:26:26,964 DEBUG server.RaftServer$Division (RaftServerImpl.java:logAppendEntries(1430)) - s3@group-6E994AD85659: receive appendEntries(s1, 1, (t:1, i:178), 177, true, commits:[s1:c177, s10:c175, s0:c175, s3:c177, s4:c175, s11:c177, s5:c173, s6:c175, s13:c175, s7:c175, s12:c177, s8:c175, s9:c177, s14:c169, s2:c175], cId:8306, entries: [(t:1, i:179), STATEMACHINELOGENTRY, 8296@client-E8995F8E72F5]
2023-03-17 00:26:26,964 DEBUG server.RaftServer$Division (RaftServerImpl.java:logAppendEntries(1430)) - s4@group-6E994AD85659: receive appendEntries(s1, 1, (t:1, i:178), 177, true, commits:[s1:c177, s10:c175, s0:c175, s3:c177, s4:c177, s11:c177, s5:c173, s6:c175, s13:c175, s7:c175, s12:c177, s8:c175, s9:c177, s14:c169, s2:c175], cId:8308, entries: [(t:1, i:179), STATEMACHINELOGENTRY, 8296@client-E8995F8E72F5]
2023-03-17 00:26:26,964 DEBUG server.RaftServer$Division (RaftServerImpl.java:logAppendEntries(1430)) - s10@group-6E994AD85659: succeeded to handle AppendEntries. Reply: s1<-s10#8298:OK-t1,SUCCESS,nextIndex=179,followerCommit=177,matchIndex=178
2023-03-17 00:26:26,963 DEBUG server.RaftServer$Division (RaftServerImpl.java:logAppendEntries(1430)) - s6@group-6E994AD85659: receive appendEntries(s1, 1, (t:1, i:177), 177, true, commits:[s1:c177, s10:c175, s0:c175, s3:c177, s4:c175, s11:c177, s5:c173, s6:c175, s13:c175, s7:c175, s12:c177, s8:c175, s9:c177, s14:c169, s2:c175], cId:8307, entries: [(t:1, i:178), METADATAENTRY(c:177), (t:1, i:179), STATEMACHINELOGENTRY, 8296@client-E8995F8E72F5]
2023-03-17 00:26:26,965 DEBUG server.RaftServer$Division (RaftServerImpl.java:logAppendEntries(1430)) - s4@group-6E994AD85659: succeeded to handle AppendEntries. Reply: s1<-s4#8308:OK-t1,SUCCESS,nextIndex=180,followerCommit=177,matchIndex=179
2023-03-17 00:26:26,965 DEBUG server.RaftServer$Division (RaftServerImpl.java:logAppendEntries(1430)) - s3@group-6E994AD85659: succeeded to handle AppendEntries. Reply: s1<-s3#8306:OK-t1,SUCCESS,nextIndex=180,followerCommit=177,matchIndex=179
2023-03-17 00:26:26,965 DEBUG server.RaftServer$Division (RaftServerImpl.java:logAppendEntries(1430)) - s6@group-6E994AD85659: succeeded to handle AppendEntries. Reply: s1<-s6#8307:OK-t1,SUCCESS,nextIndex=180,followerCommit=177,matchIndex=179
2023-03-17 00:26:26,963 DEBUG server.RaftServer$Division (RaftServerImpl.java:logAppendEntries(1430)) - s14@group-6E994AD85659: receive appendEntries(s1, 1, (t:1, i:170), 176, true, commits:[s1:c176, s10:c175, s0:c175, s3:c175, s4:c175, s11:c175, s5:c173, s6:c175, s13:c174, s7:c173, s12:c175, s8:c173, s9:c175, s14:c169, s2:c175], cId:8291, entries: [(t:1, i:171), STATEMACHINELOGENTRY, 8213@client-E8995F8E72F5, (t:1, i:172), METADATAENTRY(c:171), (t:1, i:173), STATEMACHINELOGENTRY, 8228@client-E8995F8E72F5, (t:1, i:174), METADATAENTRY(c:173), (t:1, i:175), STATEMACHINELOGENTRY, 8259@client-E8995F8E72F5, (t:1, i:176), METADATAENTRY(c:175), (t:1, i:177), STATEMACHINELOGENTRY, 8277@client-E8995F8E72F5]
2023-03-17 00:26:26,963 DEBUG server.RaftServer$Division (RaftServerImpl.java:logAppendEntries(1430)) - s11@group-6E994AD85659: receive appendEntries(s1, 1, (t:1, i:178), 177, true, commits:[s1:c177, s10:c175, s0:c175, s3:c175, s4:c175, s11:c177, s5:c173, s6:c175, s13:c174, s7:c175, s12:c177, s8:c175, s9:c177, s14:c169, s2:c175], cId:8304, entries: [(t:1, i:179), STATEMACHINELOGENTRY, 8296@client-E8995F8E72F5]
2023-03-17 00:26:26,963 DEBUG server.RaftServer$Division (RaftServerImpl.java:logAppendEntries(1430)) - s12@group-6E994AD85659: receive appendEntries(s1, 1, (t:1, i:178), 177, true, commits:[s1:c177, s10:c175, s0:c175, s3:c175, s4:c175, s11:c175, s5:c173, s6:c175, s13:c174, s7:c175, s12:c177, s8:c175, s9:c177, s14:c169, s2:c175], cId:8303, entries: [(t:1, i:179), STATEMACHINELOGENTRY, 8296@client-E8995F8E72F5]
2023-03-17 00:26:26,963 DEBUG server.RaftServer$Division (RaftServerImpl.java:logAppendEntries(1430)) - s9@group-6E994AD85659: receive appendEntries(s1, 1, (t:1, i:178), 177, true, commits:[s1:c177, s10:c175, s0:c175, s3:c175, s4:c175, s11:c175, s5:c173, s6:c175, s13:c174, s7:c175, s12:c175, s8:c175, s9:c177, s14:c169, s2:c175], cId:8302, entries: [(t:1, i:179), STATEMACHINELOGENTRY, 8296@client-E8995F8E72F5]
2023-03-17 00:26:26,967 DEBUG server.RaftServer$Division (RaftServerImpl.java:logAppendEntries(1430)) - s11@group-6E994AD85659: succeeded to handle AppendEntries. Reply: s1<-s11#8304:OK-t1,SUCCESS,nextIndex=180,followerCommit=177,matchIndex=179
2023-03-17 00:26:26,966 DEBUG server.RaftServer$Division (RaftServerImpl.java:logAppendEntries(1430)) - s0@group-6E994AD85659: receive appendEntries(s1, 1, (t:1, i:178), 177, true, commits:[s1:c177, s10:c175, s0:c177, s3:c177, s4:c177, s11:c177, s5:c173, s6:c175, s13:c175, s7:c175, s12:c177, s8:c175, s9:c177, s14:c169, s2:c175], cId:8309, entries: [(t:1, i:179), STATEMACHINELOGENTRY, 8296@client-E8995F8E72F5]
2023-03-17 00:26:26,967 DEBUG server.RaftServer$Division (RaftServerImpl.java:logAppendEntries(1430)) - s12@group-6E994AD85659: succeeded to handle AppendEntries. Reply: s1<-s12#8303:OK-t1,SUCCESS,nextIndex=180,followerCommit=177,matchIndex=179
2023-03-17 00:26:26,967 DEBUG server.RaftServer$Division (RaftServerImpl.java:logAppendEntries(1430)) - s9@group-6E994AD85659: succeeded to handle AppendEntries. Reply: s1<-s9#8302:OK-t1,SUCCESS,nextIndex=180,followerCommit=177,matchIndex=179
2023-03-17 00:26:26,967 DEBUG server.RaftServer$Division (RaftServerImpl.java:logAppendEntries(1430)) - s0@group-6E994AD85659: succeeded to handle AppendEntries. Reply: s1<-s0#8309:OK-t1,SUCCESS,nextIndex=180,followerCommit=177,matchIndex=179
2023-03-17 00:26:26,968 DEBUG server.RaftServer$Division (RaftServerImpl.java:logAppendEntries(1430)) - s7@group-6E994AD85659: succeeded to handle AppendEntries. Reply: s1<-s7#8292:OK-t1,SUCCESS,nextIndex=179,followerCommit=177,matchIndex=178
2023-03-17 00:26:26,968 INFO  statemachine.StateMachine (ArithmeticStateMachine.java:applyTransaction(182)) - LEADER:s1-179: a = null = null
2023-03-17 00:26:26,969 DEBUG server.RaftServer$Division (RaftServerImpl.java:submitClientRequestAsync(835)) - s1@group-6E994AD85659: receive client request(RaftClientRequest:client-E8995F8E72F5->s1@group-6E994AD85659, cid=8316, seq=0, RW, Message:01016200)
2023-03-17 00:26:26,969 DEBUG server.RaftServer$Division (RaftServerImpl.java:logAppendEntries(1430)) - s6@group-6E994AD85659: receive appendEntries(s1, 1, (t:1, i:179), 179, true, commits:[s1:c179, s10:c175, s0:c177, s3:c177, s4:c177, s11:c177, s5:c173, s6:c177, s13:c175, s7:c175, s12:c177, s8:c175, s9:c177, s14:c169, s2:c175], cId:8311, entries: [(t:1, i:180), METADATAENTRY(c:179)]
2023-03-17 00:26:26,969 DEBUG server.RaftServer$Division (LeaderStateImpl.java:addPendingRequest(474)) - s1@group-6E994AD85659-LeaderStateImpl: addPendingRequest at RaftClientRequest:client-E8995F8E72F5->s1@group-6E994AD85659, cid=8316, seq=0, RW, Message:01016200, entry=(t:1, i:181), STATEMACHINELOGENTRY, 8316@client-E8995F8E72F5
2023-03-17 00:26:26,969 DEBUG server.RaftServer$Division (RaftServerImpl.java:logAppendEntries(1430)) - s9@group-6E994AD85659: receive appendEntries(s1, 1, (t:1, i:179), 179, true, commits:[s1:c179, s10:c175, s0:c177, s3:c177, s4:c177, s11:c177, s5:c173, s6:c177, s13:c175, s7:c175, s12:c177, s8:c175, s9:c177, s14:c169, s2:c175], cId:8314, entries: [(t:1, i:180), METADATAENTRY(c:179)]
2023-03-17 00:26:26,970 DEBUG server.RaftServer$Division (RaftServerImpl.java:logAppendEntries(1430)) - s6@group-6E994AD85659: succeeded to handle AppendEntries. Reply: s1<-s6#8311:OK-t1,SUCCESS,nextIndex=181,followerCommit=179,matchIndex=180
2023-03-17 00:26:26,970 DEBUG server.RaftServer$Division (RaftServerImpl.java:logAppendEntries(1430)) - s9@group-6E994AD85659: succeeded to handle AppendEntries. Reply: s1<-s9#8314:OK-t1,SUCCESS,nextIndex=181,followerCommit=179,matchIndex=180
2023-03-17 00:26:26,970 DEBUG server.RaftServer$Division (RaftServerImpl.java:logAppendEntries(1430)) - s3@group-6E994AD85659: receive appendEntries(s1, 1, (t:1, i:179), 179, true, commits:[s1:c179, s10:c175, s0:c177, s3:c177, s4:c177, s11:c177, s5:c173, s6:c177, s13:c175, s7:c175, s12:c177, s8:c175, s9:c177, s14:c169, s2:c175], cId:8318, entries: [(t:1, i:180), METADATAENTRY(c:179), (t:1, i:181), STATEMACHINELOGENTRY, 8316@client-E8995F8E72F5]
2023-03-17 00:26:26,971 DEBUG server.RaftServer$Division (RaftServerImpl.java:logAppendEntries(1430)) - s2@group-6E994AD85659: receive appendEntries(s1, 1, (t:1, i:177), 177, true, commits:[s1:c177, s10:c175, s0:c177, s3:c177, s4:c177, s11:c177, s5:c173, s6:c175, s13:c175, s7:c175, s12:c177, s8:c175, s9:c177, s14:c169, s2:c175], cId:8310, entries: [(t:1, i:178), METADATAENTRY(c:177), (t:1, i:179), STATEMACHINELOGENTRY, 8296@client-E8995F8E72F5]
2023-03-17 00:26:26,971 DEBUG server.RaftServer$Division (RaftServerImpl.java:logAppendEntries(1430)) - s2@group-6E994AD85659: succeeded to handle AppendEntries. Reply: s1<-s2#8310:OK-t1,SUCCESS,nextIndex=180,followerCommit=177,matchIndex=179
2023-03-17 00:26:26,971 DEBUG server.RaftServer$Division (RaftServerImpl.java:logAppendEntries(1430)) - s11@group-6E994AD85659: receive appendEntries(s1, 1, (t:1, i:179), 179, true, commits:[s1:c179, s10:c175, s0:c177, s3:c177, s4:c177, s11:c177, s5:c173, s6:c177, s13:c175, s7:c175, s12:c177, s8:c175, s9:c177, s14:c169, s2:c175], cId:8313, entries: [(t:1, i:180), METADATAENTRY(c:179)]
2023-03-17 00:26:26,971 DEBUG server.RaftServer$Division (RaftServerImpl.java:logAppendEntries(1430)) - s3@group-6E994AD85659: succeeded to handle AppendEntries. Reply: s1<-s3#8318:OK-t1,SUCCESS,nextIndex=182,followerCommit=179,matchIndex=181
2023-03-17 00:26:26,971 DEBUG server.RaftServer$Division (RaftServerImpl.java:logAppendEntries(1430)) - s11@group-6E994AD85659: succeeded to handle AppendEntries. Reply: s1<-s11#8313:OK-t1,SUCCESS,nextIndex=181,followerCommit=179,matchIndex=180
2023-03-17 00:26:26,972 DEBUG server.RaftServer$Division (RaftServerImpl.java:logAppendEntries(1430)) - s4@group-6E994AD85659: receive appendEntries(s1, 1, (t:1, i:179), 179, true, commits:[s1:c179, s10:c175, s0:c177, s3:c177, s4:c177, s11:c177, s5:c173, s6:c177, s13:c175, s7:c175, s12:c177, s8:c175, s9:c177, s14:c169, s2:c175], cId:8312, entries: [(t:1, i:180), METADATAENTRY(c:179)]
2023-03-17 00:26:26,970 DEBUG server.RaftServer$Division (RaftServerImpl.java:logAppendEntries(1430)) - s13@group-6E994AD85659: receive appendEntries(s1, 1, (t:1, i:177), 177, true, commits:[s1:c177, s10:c175, s0:c175, s3:c175, s4:c175, s11:c177, s5:c173, s6:c175, s13:c175, s7:c175, s12:c177, s8:c175, s9:c177, s14:c169, s2:c175], cId:8305, entries: [(t:1, i:178), METADATAENTRY(c:177), (t:1, i:179), STATEMACHINELOGENTRY, 8296@client-E8995F8E72F5]
2023-03-17 00:26:26,972 DEBUG server.RaftServer$Division (RaftServerImpl.java:logAppendEntries(1430)) - s0@group-6E994AD85659: receive appendEntries(s1, 1, (t:1, i:179), 179, true, commits:[s1:c179, s10:c175, s0:c177, s3:c177, s4:c177, s11:c177, s5:c173, s6:c177, s13:c175, s7:c175, s12:c177, s8:c175, s9:c177, s14:c169, s2:c175], cId:8315, entries: [(t:1, i:180), METADATAENTRY(c:179)]
2023-03-17 00:26:26,972 DEBUG server.RaftServer$Division (RaftServerImpl.java:logAppendEntries(1430)) - s4@group-6E994AD85659: succeeded to handle AppendEntries. Reply: s1<-s4#8312:OK-t1,SUCCESS,nextIndex=181,followerCommit=179,matchIndex=180
2023-03-17 00:26:26,972 DEBUG server.RaftServer$Division (RaftServerImpl.java:logAppendEntries(1430)) - s14@group-6E994AD85659: succeeded to handle AppendEntries. Reply: s1<-s14#8291:OK-t1,SUCCESS,nextIndex=178,followerCommit=176,matchIndex=177
2023-03-17 00:26:26,973 DEBUG server.RaftServer$Division (RaftServerImpl.java:logAppendEntries(1430)) - s0@group-6E994AD85659: succeeded to handle AppendEntries. Reply: s1<-s0#8315:OK-t1,SUCCESS,nextIndex=181,followerCommit=179,matchIndex=180
2023-03-17 00:26:26,973 DEBUG server.RaftServer$Division (RaftServerImpl.java:logAppendEntries(1430)) - s12@group-6E994AD85659: receive appendEntries(s1, 1, (t:1, i:179), 179, true, commits:[s1:c179, s10:c175, s0:c177, s3:c177, s4:c177, s11:c177, s5:c173, s6:c177, s13:c175, s7:c175, s12:c177, s8:c175, s9:c177, s14:c169, s2:c175], cId:8317, entries: [(t:1, i:180), METADATAENTRY(c:179), (t:1, i:181), STATEMACHINELOGENTRY, 8316@client-E8995F8E72F5]
2023-03-17 00:26:26,973 DEBUG server.RaftServer$Division (RaftServerImpl.java:logAppendEntries(1430)) - s10@group-6E994AD85659: receive appendEntries(s1, 1, (t:1, i:178), 179, true, commits:[s1:c179, s10:c177, s0:c177, s3:c177, s4:c177, s11:c177, s5:c173, s6:c177, s13:c175, s7:c175, s12:c177, s8:c175, s9:c177, s14:c169, s2:c175], cId:8319, entries: [(t:1, i:179), STATEMACHINELOGENTRY, 8296@client-E8995F8E72F5, (t:1, i:180), METADATAENTRY(c:179), (t:1, i:181), STATEMACHINELOGENTRY, 8316@client-E8995F8E72F5]
2023-03-17 00:26:26,974 DEBUG server.RaftServer$Division (RaftServerImpl.java:logAppendEntries(1430)) - s6@group-6E994AD85659: receive appendEntries(s1, 1, (t:1, i:180), 179, true, commits:[s1:c179, s10:c177, s0:c177, s3:c177, s4:c177, s11:c177, s5:c176, s6:c179, s13:c175, s7:c177, s12:c177, s8:c177, s9:c177, s14:c169, s2:c175], cId:8323, entries: [(t:1, i:181), STATEMACHINELOGENTRY, 8316@client-E8995F8E72F5]
2023-03-17 00:26:26,974 DEBUG server.RaftServer$Division (RaftServerImpl.java:logAppendEntries(1430)) - s10@group-6E994AD85659: succeeded to handle AppendEntries. Reply: s1<-s10#8319:OK-t1,SUCCESS,nextIndex=182,followerCommit=179,matchIndex=181
2023-03-17 00:26:26,974 DEBUG server.RaftServer$Division (RaftServerImpl.java:logAppendEntries(1430)) - s12@group-6E994AD85659: succeeded to handle AppendEntries. Reply: s1<-s12#8317:OK-t1,SUCCESS,nextIndex=182,followerCommit=179,matchIndex=181
2023-03-17 00:26:26,974 DEBUG server.RaftServer$Division (RaftServerImpl.java:logAppendEntries(1430)) - s6@group-6E994AD85659: succeeded to handle AppendEntries. Reply: s1<-s6#8323:OK-t1,SUCCESS,nextIndex=182,followerCommit=179,matchIndex=181
2023-03-17 00:26:26,975 DEBUG server.RaftServer$Division (RaftServerImpl.java:logAppendEntries(1430)) - s7@group-6E994AD85659: receive appendEntries(s1, 1, (t:1, i:178), 179, true, commits:[s1:c179, s10:c177, s0:c177, s3:c177, s4:c177, s11:c177, s5:c173, s6:c177, s13:c175, s7:c177, s12:c177, s8:c175, s9:c177, s14:c169, s2:c175], cId:8320, entries: [(t:1, i:179), STATEMACHINELOGENTRY, 8296@client-E8995F8E72F5, (t:1, i:180), METADATAENTRY(c:179), (t:1, i:181), STATEMACHINELOGENTRY, 8316@client-E8995F8E72F5]
2023-03-17 00:26:26,975 DEBUG server.RaftServer$Division (RaftServerImpl.java:logAppendEntries(1430)) - s9@group-6E994AD85659: receive appendEntries(s1, 1, (t:1, i:180), 179, true, commits:[s1:c179, s10:c177, s0:c177, s3:c179, s4:c177, s11:c177, s5:c176, s6:c179, s13:c175, s7:c177, s12:c177, s8:c177, s9:c179, s14:c169, s2:c175], cId:8324, entries: [(t:1, i:181), STATEMACHINELOGENTRY, 8316@client-E8995F8E72F5]
2023-03-17 00:26:26,975 DEBUG server.RaftServer$Division (RaftServerImpl.java:logAppendEntries(1430)) - s8@group-6E994AD85659: receive appendEntries(s1, 1, (t:1, i:178), 179, true, commits:[s1:c179, s10:c177, s0:c177, s3:c177, s4:c177, s11:c177, s5:c173, s6:c177, s13:c175, s7:c177, s12:c177, s8:c177, s9:c177, s14:c169, s2:c175], cId:8321, entries: [(t:1, i:179), STATEMACHINELOGENTRY, 8296@client-E8995F8E72F5, (t:1, i:180), METADATAENTRY(c:179), (t:1, i:181), STATEMACHINELOGENTRY, 8316@client-E8995F8E72F5]
2023-03-17 00:26:26,975 DEBUG server.RaftServer$Division (RaftServerImpl.java:logAppendEntries(1430)) - s4@group-6E994AD85659: receive appendEntries(s1, 1, (t:1, i:180), 179, true, commits:[s1:c179, s10:c177, s0:c177, s3:c179, s4:c179, s11:c179, s5:c176, s6:c179, s13:c175, s7:c177, s12:c177, s8:c177, s9:c179, s14:c169, s2:c175], cId:8326, entries: [(t:1, i:181), STATEMACHINELOGENTRY, 8316@client-E8995F8E72F5]
2023-03-17 00:26:26,976 DEBUG server.RaftServer$Division (RaftServerImpl.java:logAppendEntries(1430)) - s8@group-6E994AD85659: succeeded to handle AppendEntries. Reply: s1<-s8#8321:OK-t1,SUCCESS,nextIndex=182,followerCommit=179,matchIndex=181
2023-03-17 00:26:26,976 DEBUG server.RaftServer$Division (RaftServerImpl.java:logAppendEntries(1430)) - s9@group-6E994AD85659: succeeded to handle AppendEntries. Reply: s1<-s9#8324:OK-t1,SUCCESS,nextIndex=182,followerCommit=179,matchIndex=181
2023-03-17 00:26:26,976 DEBUG server.RaftServer$Division (RaftServerImpl.java:logAppendEntries(1430)) - s4@group-6E994AD85659: succeeded to handle AppendEntries. Reply: s1<-s4#8326:OK-t1,SUCCESS,nextIndex=182,followerCommit=179,matchIndex=181
2023-03-17 00:26:26,976 DEBUG server.RaftServer$Division (RaftServerImpl.java:logAppendEntries(1430)) - s13@group-6E994AD85659: succeeded to handle AppendEntries. Reply: s1<-s13#8305:OK-t1,SUCCESS,nextIndex=180,followerCommit=177,matchIndex=179
2023-03-17 00:26:26,977 DEBUG server.RaftServer$Division (RaftServerImpl.java:logAppendEntries(1430)) - s5@group-6E994AD85659: receive appendEntries(s1, 1, (t:1, i:177), 179, true, commits:[s1:c179, s10:c177, s0:c177, s3:c177, s4:c177, s11:c177, s5:c176, s6:c177, s13:c175, s7:c177, s12:c177, s8:c177, s9:c177, s14:c169, s2:c175], cId:8322, entries: [(t:1, i:178), METADATAENTRY(c:177), (t:1, i:179), STATEMACHINELOGENTRY, 8296@client-E8995F8E72F5, (t:1, i:180), METADATAENTRY(c:179), (t:1, i:181), STATEMACHINELOGENTRY, 8316@client-E8995F8E72F5]
2023-03-17 00:26:26,978 DEBUG server.RaftServer$Division (RaftServerImpl.java:logAppendEntries(1430)) - s0@group-6E994AD85659: receive appendEntries(s1, 1, (t:1, i:180), 179, true, commits:[s1:c179, s10:c177, s0:c179, s3:c179, s4:c179, s11:c179, s5:c176, s6:c179, s13:c177, s7:c177, s12:c179, s8:c177, s9:c179, s14:c169, s2:c175], cId:8328, entries: [(t:1, i:181), STATEMACHINELOGENTRY, 8316@client-E8995F8E72F5]
2023-03-17 00:26:26,978 DEBUG server.RaftServer$Division (RaftServerImpl.java:logAppendEntries(1430)) - s5@group-6E994AD85659: succeeded to handle AppendEntries. Reply: s1<-s5#8322:OK-t1,SUCCESS,nextIndex=182,followerCommit=179,matchIndex=181
2023-03-17 00:26:26,979 DEBUG server.RaftServer$Division (RaftServerImpl.java:logAppendEntries(1430)) - s7@group-6E994AD85659: succeeded to handle AppendEntries. Reply: s1<-s7#8320:OK-t1,SUCCESS,nextIndex=182,followerCommit=179,matchIndex=181
2023-03-17 00:26:26,979 DEBUG server.RaftServer$Division (RaftServerImpl.java:logAppendEntries(1430)) - s0@group-6E994AD85659: succeeded to handle AppendEntries. Reply: s1<-s0#8328:OK-t1,SUCCESS,nextIndex=182,followerCommit=179,matchIndex=181
2023-03-17 00:26:26,979 DEBUG server.RaftServer$Division (RaftServerImpl.java:logAppendEntries(1430)) - s11@group-6E994AD85659: receive appendEntries(s1, 1, (t:1, i:180), 179, true, commits:[s1:c179, s10:c177, s0:c177, s3:c179, s4:c177, s11:c179, s5:c176, s6:c179, s13:c175, s7:c177, s12:c177, s8:c177, s9:c179, s14:c169, s2:c175], cId:8325, entries: [(t:1, i:181), STATEMACHINELOGENTRY, 8316@client-E8995F8E72F5]
2023-03-17 00:26:26,979 DEBUG server.RaftServer$Division (RaftServerImpl.java:logAppendEntries(1430)) - s11@group-6E994AD85659: succeeded to handle AppendEntries. Reply: s1<-s11#8325:OK-t1,SUCCESS,nextIndex=182,followerCommit=179,matchIndex=181
2023-03-17 00:26:26,980 DEBUG server.RaftServer$Division (RaftServerImpl.java:logAppendEntries(1430)) - s2@group-6E994AD85659: receive appendEntries(s1, 1, (t:1, i:179), 180, true, commits:[s1:c180, s10:c177, s0:c179, s3:c179, s4:c179, s11:c179, s5:c176, s6:c179, s13:c177, s7:c177, s12:c179, s8:c177, s9:c179, s14:c176, s2:c177], cId:8330, entries: [(t:1, i:180), METADATAENTRY(c:179), (t:1, i:181), STATEMACHINELOGENTRY, 8316@client-E8995F8E72F5]
2023-03-17 00:26:26,980 DEBUG server.RaftServer$Division (RaftServerImpl.java:logAppendEntries(1430)) - s14@group-6E994AD85659: receive appendEntries(s1, 1, (t:1, i:177), 179, true, commits:[s1:c179, s10:c177, s0:c179, s3:c179, s4:c179, s11:c179, s5:c176, s6:c179, s13:c177, s7:c177, s12:c179, s8:c177, s9:c179, s14:c176, s2:c175], cId:8329, entries: [(t:1, i:178), METADATAENTRY(c:177), (t:1, i:179), STATEMACHINELOGENTRY, 8296@client-E8995F8E72F5, (t:1, i:180), METADATAENTRY(c:179), (t:1, i:181), STATEMACHINELOGENTRY, 8316@client-E8995F8E72F5]
2023-03-17 00:26:26,980 DEBUG server.RaftServer$Division (RaftServerImpl.java:logAppendEntries(1430)) - s2@group-6E994AD85659: succeeded to handle AppendEntries. Reply: s1<-s2#8330:OK-t1,SUCCESS,nextIndex=182,followerCommit=180,matchIndex=181
2023-03-17 00:26:26,981 DEBUG server.RaftServer$Division (RaftServerImpl.java:logAppendEntries(1430)) - s13@group-6E994AD85659: receive appendEntries(s1, 1, (t:1, i:179), 179, true, commits:[s1:c179, s10:c177, s0:c177, s3:c179, s4:c179, s11:c179, s5:c176, s6:c179, s13:c177, s7:c177, s12:c179, s8:c177, s9:c179, s14:c169, s2:c175], cId:8327, entries: [(t:1, i:180), METADATAENTRY(c:179), (t:1, i:181), STATEMACHINELOGENTRY, 8316@client-E8995F8E72F5]
2023-03-17 00:26:26,981 INFO  statemachine.StateMachine (ArithmeticStateMachine.java:applyTransaction(182)) - LEADER:s1-181: b = null = null
2023-03-17 00:26:26,981 DEBUG server.RaftServer$Division (RaftServerImpl.java:logAppendEntries(1430)) - s14@group-6E994AD85659: succeeded to handle AppendEntries. Reply: s1<-s14#8329:OK-t1,SUCCESS,nextIndex=182,followerCommit=179,matchIndex=181
2023-03-17 00:26:26,982 DEBUG server.RaftServer$Division (RaftServerImpl.java:submitClientRequestAsync(835)) - s1@group-6E994AD85659: receive client request(RaftClientRequest:client-E8995F8E72F5->s1@group-6E994AD85659, cid=8338, seq=0, RW, Message:01016300)
2023-03-17 00:26:26,982 DEBUG server.RaftServer$Division (LeaderStateImpl.java:addPendingRequest(474)) - s1@group-6E994AD85659-LeaderStateImpl: addPendingRequest at RaftClientRequest:client-E8995F8E72F5->s1@group-6E994AD85659, cid=8338, seq=0, RW, Message:01016300, entry=(t:1, i:183), STATEMACHINELOGENTRY, 8338@client-E8995F8E72F5
2023-03-17 00:26:26,982 DEBUG server.RaftServer$Division (RaftServerImpl.java:logAppendEntries(1430)) - s3@group-6E994AD85659: receive appendEntries(s1, 1, (t:1, i:181), 181, true, commits:[s1:c181, s10:c179, s0:c179, s3:c179, s4:c179, s11:c179, s5:c176, s6:c179, s13:c177, s7:c179, s12:c179, s8:c179, s9:c179, s14:c176, s2:c177], cId:8340, entries: [(t:1, i:182), METADATAENTRY(c:181)]
2023-03-17 00:26:26,982 DEBUG server.RaftServer$Division (RaftServerImpl.java:logAppendEntries(1430)) - s12@group-6E994AD85659: receive appendEntries(s1, 1, (t:1, i:181), 181, true, commits:[s1:c181, s10:c179, s0:c179, s3:c179, s4:c179, s11:c179, s5:c176, s6:c179, s13:c177, s7:c179, s12:c179, s8:c179, s9:c179, s14:c176, s2:c177], cId:8334, entries: [(t:1, i:182), METADATAENTRY(c:181)]
2023-03-17 00:26:26,982 DEBUG server.RaftServer$Division (RaftServerImpl.java:logAppendEntries(1430)) - s3@group-6E994AD85659: succeeded to handle AppendEntries. Reply: s1<-s3#8340:OK-t1,SUCCESS,nextIndex=183,followerCommit=181,matchIndex=182
2023-03-17 00:26:26,983 DEBUG server.RaftServer$Division (RaftServerImpl.java:logAppendEntries(1430)) - s8@group-6E994AD85659: receive appendEntries(s1, 1, (t:1, i:181), 181, true, commits:[s1:c181, s10:c179, s0:c179, s3:c179, s4:c179, s11:c179, s5:c176, s6:c179, s13:c177, s7:c179, s12:c179, s8:c179, s9:c179, s14:c176, s2:c177], cId:8331, entries: [(t:1, i:182), METADATAENTRY(c:181)]
2023-03-17 00:26:26,983 DEBUG server.RaftServer$Division (RaftServerImpl.java:logAppendEntries(1430)) - s12@group-6E994AD85659: succeeded to handle AppendEntries. Reply: s1<-s12#8334:OK-t1,SUCCESS,nextIndex=183,followerCommit=181,matchIndex=182
2023-03-17 00:26:26,983 DEBUG server.RaftServer$Division (RaftServerImpl.java:logAppendEntries(1430)) - s3@group-6E994AD85659: receive appendEntries(s1, 1, (t:1, i:182), 181, true, commits:[s1:c181, s10:c179, s0:c179, s3:c181, s4:c179, s11:c179, s5:c176, s6:c179, s13:c177, s7:c179, s12:c179, s8:c179, s9:c179, s14:c176, s2:c177], cId:8342, entries: [(t:1, i:183), STATEMACHINELOGENTRY, 8338@client-E8995F8E72F5]
2023-03-17 00:26:26,983 DEBUG server.RaftServer$Division (RaftServerImpl.java:logAppendEntries(1430)) - s8@group-6E994AD85659: succeeded to handle AppendEntries. Reply: s1<-s8#8331:OK-t1,SUCCESS,nextIndex=183,followerCommit=181,matchIndex=182
2023-03-17 00:26:26,984 DEBUG server.RaftServer$Division (RaftServerImpl.java:logAppendEntries(1430)) - s6@group-6E994AD85659: receive appendEntries(s1, 1, (t:1, i:181), 181, true, commits:[s1:c181, s10:c179, s0:c179, s3:c179, s4:c179, s11:c179, s5:c176, s6:c179, s13:c177, s7:c179, s12:c179, s8:c179, s9:c179, s14:c176, s2:c177], cId:8341, entries: [(t:1, i:182), METADATAENTRY(c:181)]
2023-03-17 00:26:26,984 DEBUG server.RaftServer$Division (RaftServerImpl.java:logAppendEntries(1430)) - s3@group-6E994AD85659: succeeded to handle AppendEntries. Reply: s1<-s3#8342:OK-t1,SUCCESS,nextIndex=184,followerCommit=181,matchIndex=183
2023-03-17 00:26:26,984 DEBUG server.RaftServer$Division (RaftServerImpl.java:logAppendEntries(1430)) - s10@group-6E994AD85659: receive appendEntries(s1, 1, (t:1, i:181), 181, true, commits:[s1:c181, s10:c179, s0:c179, s3:c179, s4:c179, s11:c179, s5:c176, s6:c179, s13:c177, s7:c179, s12:c179, s8:c179, s9:c179, s14:c176, s2:c177], cId:8333, entries: [(t:1, i:182), METADATAENTRY(c:181)]
2023-03-17 00:26:26,984 DEBUG server.RaftServer$Division (RaftServerImpl.java:logAppendEntries(1430)) - s6@group-6E994AD85659: succeeded to handle AppendEntries. Reply: s1<-s6#8341:OK-t1,SUCCESS,nextIndex=183,followerCommit=181,matchIndex=182
2023-03-17 00:26:26,985 DEBUG server.RaftServer$Division (RaftServerImpl.java:logAppendEntries(1430)) - s9@group-6E994AD85659: receive appendEntries(s1, 1, (t:1, i:181), 181, true, commits:[s1:c181, s10:c179, s0:c179, s3:c179, s4:c179, s11:c179, s5:c176, s6:c179, s13:c177, s7:c179, s12:c179, s8:c179, s9:c179, s14:c176, s2:c177], cId:8337, entries: [(t:1, i:182), METADATAENTRY(c:181)]
2023-03-17 00:26:26,985 DEBUG server.RaftServer$Division (RaftServerImpl.java:logAppendEntries(1430)) - s12@group-6E994AD85659: receive appendEntries(s1, 1, (t:1, i:182), 181, true, commits:[s1:c181, s10:c179, s0:c179, s3:c181, s4:c179, s11:c179, s5:c176, s6:c179, s13:c177, s7:c179, s12:c181, s8:c179, s9:c179, s14:c179, s2:c177], cId:8344, entries: [(t:1, i:183), STATEMACHINELOGENTRY, 8338@client-E8995F8E72F5]
2023-03-17 00:26:26,985 DEBUG server.RaftServer$Division (RaftServerImpl.java:logAppendEntries(1430)) - s10@group-6E994AD85659: succeeded to handle AppendEntries. Reply: s1<-s10#8333:OK-t1,SUCCESS,nextIndex=183,followerCommit=181,matchIndex=182
2023-03-17 00:26:26,986 DEBUG server.RaftServer$Division (RaftServerImpl.java:logAppendEntries(1430)) - s12@group-6E994AD85659: succeeded to handle AppendEntries. Reply: s1<-s12#8344:OK-t1,SUCCESS,nextIndex=184,followerCommit=181,matchIndex=183
2023-03-17 00:26:26,986 DEBUG server.RaftServer$Division (RaftServerImpl.java:logAppendEntries(1430)) - s9@group-6E994AD85659: succeeded to handle AppendEntries. Reply: s1<-s9#8337:OK-t1,SUCCESS,nextIndex=183,followerCommit=181,matchIndex=182
2023-03-17 00:26:26,982 DEBUG server.RaftServer$Division (RaftServerImpl.java:logAppendEntries(1430)) - s4@group-6E994AD85659: receive appendEntries(s1, 1, (t:1, i:181), 181, true, commits:[s1:c181, s10:c179, s0:c179, s3:c179, s4:c179, s11:c179, s5:c176, s6:c179, s13:c177, s7:c179, s12:c179, s8:c179, s9:c179, s14:c176, s2:c177], cId:8339, entries: [(t:1, i:182), METADATAENTRY(c:181)]
2023-03-17 00:26:26,984 DEBUG server.RaftServer$Division (RaftServerImpl.java:logAppendEntries(1430)) - s7@group-6E994AD85659: receive appendEntries(s1, 1, (t:1, i:181), 181, true, commits:[s1:c181, s10:c179, s0:c179, s3:c179, s4:c179, s11:c179, s5:c176, s6:c179, s13:c177, s7:c179, s12:c179, s8:c179, s9:c179, s14:c176, s2:c177], cId:8332, entries: [(t:1, i:182), METADATAENTRY(c:181)]
2023-03-17 00:26:26,987 DEBUG server.RaftServer$Division (RaftServerImpl.java:logAppendEntries(1430)) - s4@group-6E994AD85659: succeeded to handle AppendEntries. Reply: s1<-s4#8339:OK-t1,SUCCESS,nextIndex=183,followerCommit=181,matchIndex=182
2023-03-17 00:26:26,987 DEBUG server.RaftServer$Division (RaftServerImpl.java:logAppendEntries(1430)) - s0@group-6E994AD85659: receive appendEntries(s1, 1, (t:1, i:181), 181, true, commits:[s1:c181, s10:c179, s0:c179, s3:c179, s4:c179, s11:c179, s5:c176, s6:c179, s13:c177, s7:c179, s12:c179, s8:c179, s9:c179, s14:c176, s2:c177], cId:8335, entries: [(t:1, i:182), METADATAENTRY(c:181)]
2023-03-17 00:26:26,987 DEBUG server.RaftServer$Division (RaftServerImpl.java:logAppendEntries(1430)) - s6@group-6E994AD85659: receive appendEntries(s1, 1, (t:1, i:182), 181, true, commits:[s1:c181, s10:c179, s0:c179, s3:c181, s4:c179, s11:c179, s5:c176, s6:c181, s13:c177, s7:c179, s12:c181, s8:c179, s9:c179, s14:c179, s2:c177], cId:8345, entries: [(t:1, i:183), STATEMACHINELOGENTRY, 8338@client-E8995F8E72F5]
2023-03-17 00:26:26,987 DEBUG server.RaftServer$Division (RaftServerImpl.java:logAppendEntries(1430)) - s7@group-6E994AD85659: succeeded to handle AppendEntries. Reply: s1<-s7#8332:OK-t1,SUCCESS,nextIndex=183,followerCommit=181,matchIndex=182
2023-03-17 00:26:26,987 DEBUG server.RaftServer$Division (RaftServerImpl.java:logAppendEntries(1430)) - s9@group-6E994AD85659: receive appendEntries(s1, 1, (t:1, i:182), 181, true, commits:[s1:c181, s10:c179, s0:c179, s3:c181, s4:c179, s11:c179, s5:c176, s6:c181, s13:c177, s7:c179, s12:c181, s8:c179, s9:c181, s14:c179, s2:c180], cId:8347, entries: [(t:1, i:183), STATEMACHINELOGENTRY, 8338@client-E8995F8E72F5]
2023-03-17 00:26:26,988 DEBUG server.RaftServer$Division (RaftServerImpl.java:logAppendEntries(1430)) - s0@group-6E994AD85659: succeeded to handle AppendEntries. Reply: s1<-s0#8335:OK-t1,SUCCESS,nextIndex=183,followerCommit=181,matchIndex=182
2023-03-17 00:26:26,988 DEBUG server.RaftServer$Division (RaftServerImpl.java:logAppendEntries(1430)) - s6@group-6E994AD85659: succeeded to handle AppendEntries. Reply: s1<-s6#8345:OK-t1,SUCCESS,nextIndex=184,followerCommit=181,matchIndex=183
2023-03-17 00:26:26,988 DEBUG server.RaftServer$Division (RaftServerImpl.java:logAppendEntries(1430)) - s9@group-6E994AD85659: succeeded to handle AppendEntries. Reply: s1<-s9#8347:OK-t1,SUCCESS,nextIndex=184,followerCommit=181,matchIndex=183
2023-03-17 00:26:26,988 DEBUG server.RaftServer$Division (RaftServerImpl.java:logAppendEntries(1430)) - s13@group-6E994AD85659: succeeded to handle AppendEntries. Reply: s1<-s13#8327:OK-t1,SUCCESS,nextIndex=182,followerCommit=179,matchIndex=181
2023-03-17 00:26:26,988 DEBUG server.RaftServer$Division (RaftServerImpl.java:logAppendEntries(1430)) - s2@group-6E994AD85659: receive appendEntries(s1, 1, (t:1, i:181), 181, true, commits:[s1:c181, s10:c179, s0:c179, s3:c181, s4:c179, s11:c179, s5:c176, s6:c181, s13:c177, s7:c179, s12:c181, s8:c179, s9:c179, s14:c179, s2:c180], cId:8346, entries: [(t:1, i:182), METADATAENTRY(c:181), (t:1, i:183), STATEMACHINELOGENTRY, 8338@client-E8995F8E72F5]
2023-03-17 00:26:26,989 DEBUG server.RaftServer$Division (RaftServerImpl.java:logAppendEntries(1430)) - s11@group-6E994AD85659: receive appendEntries(s1, 1, (t:1, i:181), 181, true, commits:[s1:c181, s10:c179, s0:c179, s3:c179, s4:c179, s11:c179, s5:c176, s6:c179, s13:c177, s7:c179, s12:c179, s8:c179, s9:c179, s14:c176, s2:c177], cId:8336, entries: [(t:1, i:182), METADATAENTRY(c:181)]
2023-03-17 00:26:26,989 DEBUG server.RaftServer$Division (RaftServerImpl.java:logAppendEntries(1430)) - s2@group-6E994AD85659: succeeded to handle AppendEntries. Reply: s1<-s2#8346:OK-t1,SUCCESS,nextIndex=184,followerCommit=181,matchIndex=183
2023-03-17 00:26:26,990 DEBUG server.RaftServer$Division (RaftServerImpl.java:logAppendEntries(1430)) - s14@group-6E994AD85659: receive appendEntries(s1, 1, (t:1, i:181), 181, true, commits:[s1:c181, s10:c179, s0:c179, s3:c181, s4:c179, s11:c179, s5:c176, s6:c179, s13:c177, s7:c179, s12:c179, s8:c179, s9:c179, s14:c179, s2:c177], cId:8343, entries: [(t:1, i:182), METADATAENTRY(c:181), (t:1, i:183), STATEMACHINELOGENTRY, 8338@client-E8995F8E72F5]
2023-03-17 00:26:26,990 DEBUG server.RaftServer$Division (RaftServerImpl.java:logAppendEntries(1430)) - s11@group-6E994AD85659: succeeded to handle AppendEntries. Reply: s1<-s11#8336:OK-t1,SUCCESS,nextIndex=183,followerCommit=181,matchIndex=182
2023-03-17 00:26:26,990 DEBUG server.RaftServer$Division (RaftServerImpl.java:logAppendEntries(1430)) - s4@group-6E994AD85659: receive appendEntries(s1, 1, (t:1, i:182), 182, true, commits:[s1:c182, s10:c181, s0:c179, s3:c181, s4:c181, s11:c179, s5:c179, s6:c181, s13:c179, s7:c181, s12:c181, s8:c181, s9:c181, s14:c179, s2:c180], cId:8353, entries: [(t:1, i:183), STATEMACHINELOGENTRY, 8338@client-E8995F8E72F5]
2023-03-17 00:26:26,990 DEBUG server.RaftServer$Division (RaftServerImpl.java:logAppendEntries(1430)) - s13@group-6E994AD85659: receive appendEntries(s1, 1, (t:1, i:181), 182, true, commits:[s1:c182, s10:c181, s0:c179, s3:c181, s4:c181, s11:c179, s5:c179, s6:c181, s13:c179, s7:c181, s12:c181, s8:c181, s9:c181, s14:c179, s2:c180], cId:8352, entries: [(t:1, i:182), METADATAENTRY(c:181), (t:1, i:183), STATEMACHINELOGENTRY, 8338@client-E8995F8E72F5]
2023-03-17 00:26:26,991 DEBUG server.RaftServer$Division (RaftServerImpl.java:logAppendEntries(1430)) - s10@group-6E994AD85659: receive appendEntries(s1, 1, (t:1, i:182), 181, true, commits:[s1:c181, s10:c181, s0:c179, s3:c181, s4:c179, s11:c179, s5:c176, s6:c181, s13:c177, s7:c179, s12:c181, s8:c179, s9:c181, s14:c179, s2:c180], cId:8348, entries: [(t:1, i:183), STATEMACHINELOGENTRY, 8338@client-E8995F8E72F5]
2023-03-17 00:26:26,991 DEBUG server.RaftServer$Division (RaftServerImpl.java:logAppendEntries(1430)) - s4@group-6E994AD85659: succeeded to handle AppendEntries. Reply: s1<-s4#8353:OK-t1,SUCCESS,nextIndex=184,followerCommit=182,matchIndex=183
2023-03-17 00:26:26,991 DEBUG server.RaftServer$Division (RaftServerImpl.java:logAppendEntries(1430)) - s14@group-6E994AD85659: succeeded to handle AppendEntries. Reply: s1<-s14#8343:OK-t1,SUCCESS,nextIndex=184,followerCommit=181,matchIndex=183
2023-03-17 00:26:26,992 DEBUG server.RaftServer$Division (RaftServerImpl.java:logAppendEntries(1430)) - s13@group-6E994AD85659: succeeded to handle AppendEntries. Reply: s1<-s13#8352:OK-t1,SUCCESS,nextIndex=184,followerCommit=182,matchIndex=183
2023-03-17 00:26:26,992 DEBUG server.RaftServer$Division (RaftServerImpl.java:logAppendEntries(1430)) - s10@group-6E994AD85659: succeeded to handle AppendEntries. Reply: s1<-s10#8348:OK-t1,SUCCESS,nextIndex=184,followerCommit=181,matchIndex=183
2023-03-17 00:26:26,992 DEBUG server.RaftServer$Division (RaftServerImpl.java:logAppendEntries(1430)) - s0@group-6E994AD85659: receive appendEntries(s1, 1, (t:1, i:182), 182, true, commits:[s1:c182, s10:c181, s0:c181, s3:c181, s4:c182, s11:c179, s5:c179, s6:c181, s13:c182, s7:c181, s12:c181, s8:c181, s9:c181, s14:c179, s2:c180], cId:8354, entries: [(t:1, i:183), STATEMACHINELOGENTRY, 8338@client-E8995F8E72F5]
2023-03-17 00:26:26,993 INFO  statemachine.StateMachine (ArithmeticStateMachine.java:applyTransaction(182)) - LEADER:s1-183: c = null = null
2023-03-17 00:26:26,993 DEBUG server.RaftServer$Division (RaftServerImpl.java:logAppendEntries(1430)) - s0@group-6E994AD85659: succeeded to handle AppendEntries. Reply: s1<-s0#8354:OK-t1,SUCCESS,nextIndex=184,followerCommit=182,matchIndex=183
2023-03-17 00:26:26,993 DEBUG server.RaftServer$Division (RaftServerImpl.java:submitClientRequestAsync(835)) - s1@group-6E994AD85659: receive client request(RaftClientRequest:client-E8995F8E72F5->s1@group-6E994AD85659, cid=8362, seq=0, RW, Message:01016102405c40000000...(size=12))
2023-03-17 00:26:26,993 DEBUG server.RaftServer$Division (LeaderStateImpl.java:addPendingRequest(474)) - s1@group-6E994AD85659-LeaderStateImpl: addPendingRequest at RaftClientRequest:client-E8995F8E72F5->s1@group-6E994AD85659, cid=8362, seq=0, RW, Message:01016102405c40000000...(size=12), entry=(t:1, i:185), STATEMACHINELOGENTRY, 8362@client-E8995F8E72F5
2023-03-17 00:26:26,994 DEBUG server.RaftServer$Division (RaftServerImpl.java:logAppendEntries(1430)) - s3@group-6E994AD85659: receive appendEntries(s1, 1, (t:1, i:183), 183, true, commits:[s1:c183, s10:c181, s0:c181, s3:c181, s4:c182, s11:c181, s5:c179, s6:c181, s13:c182, s7:c181, s12:c181, s8:c181, s9:c181, s14:c181, s2:c180], cId:8361, entries: [(t:1, i:184), METADATAENTRY(c:183)]
2023-03-17 00:26:26,994 DEBUG server.RaftServer$Division (RaftServerImpl.java:logAppendEntries(1430)) - s6@group-6E994AD85659: receive appendEntries(s1, 1, (t:1, i:183), 183, true, commits:[s1:c183, s10:c181, s0:c181, s3:c181, s4:c182, s11:c181, s5:c179, s6:c181, s13:c182, s7:c181, s12:c181, s8:c181, s9:c181, s14:c181, s2:c180], cId:8359, entries: [(t:1, i:184), METADATAENTRY(c:183)]
2023-03-17 00:26:26,994 DEBUG server.RaftServer$Division (RaftServerImpl.java:logAppendEntries(1430)) - s3@group-6E994AD85659: succeeded to handle AppendEntries. Reply: s1<-s3#8361:OK-t1,SUCCESS,nextIndex=185,followerCommit=183,matchIndex=184
2023-03-17 00:26:26,994 DEBUG server.RaftServer$Division (RaftServerImpl.java:logAppendEntries(1430)) - s4@group-6E994AD85659: receive appendEntries(s1, 1, (t:1, i:183), 183, true, commits:[s1:c183, s10:c181, s0:c181, s3:c181, s4:c182, s11:c181, s5:c179, s6:c181, s13:c182, s7:c181, s12:c181, s8:c181, s9:c181, s14:c181, s2:c180], cId:8360, entries: [(t:1, i:184), METADATAENTRY(c:183)]
2023-03-17 00:26:26,995 DEBUG server.RaftServer$Division (RaftServerImpl.java:logAppendEntries(1430)) - s8@group-6E994AD85659: receive appendEntries(s1, 1, (t:1, i:182), 181, true, commits:[s1:c181, s10:c181, s0:c179, s3:c181, s4:c179, s11:c179, s5:c179, s6:c181, s13:c177, s7:c179, s12:c181, s8:c181, s9:c181, s14:c179, s2:c180], cId:8350, entries: [(t:1, i:183), STATEMACHINELOGENTRY, 8338@client-E8995F8E72F5]
2023-03-17 00:26:26,995 DEBUG server.RaftServer$Division (RaftServerImpl.java:logAppendEntries(1430)) - s13@group-6E994AD85659: receive appendEntries(s1, 1, (t:1, i:183), 183, true, commits:[s1:c183, s10:c181, s0:c181, s3:c181, s4:c182, s11:c181, s5:c179, s6:c181, s13:c182, s7:c181, s12:c181, s8:c181, s9:c181, s14:c181, s2:c180], cId:8363, entries: [(t:1, i:184), METADATAENTRY(c:183)]
2023-03-17 00:26:26,996 DEBUG server.RaftServer$Division (RaftServerImpl.java:logAppendEntries(1430)) - s8@group-6E994AD85659: succeeded to handle AppendEntries. Reply: s1<-s8#8350:OK-t1,SUCCESS,nextIndex=184,followerCommit=181,matchIndex=183
2023-03-17 00:26:26,996 DEBUG server.RaftServer$Division (RaftServerImpl.java:logAppendEntries(1430)) - s13@group-6E994AD85659: succeeded to handle AppendEntries. Reply: s1<-s13#8363:OK-t1,SUCCESS,nextIndex=185,followerCommit=183,matchIndex=184
2023-03-17 00:26:26,996 DEBUG server.RaftServer$Division (RaftServerImpl.java:logAppendEntries(1430)) - s4@group-6E994AD85659: succeeded to handle AppendEntries. Reply: s1<-s4#8360:OK-t1,SUCCESS,nextIndex=185,followerCommit=183,matchIndex=184
2023-03-17 00:26:26,996 DEBUG server.RaftServer$Division (RaftServerImpl.java:logAppendEntries(1430)) - s3@group-6E994AD85659: receive appendEntries(s1, 1, (t:1, i:184), 183, true, commits:[s1:c183, s10:c181, s0:c181, s3:c183, s4:c182, s11:c181, s5:c179, s6:c181, s13:c182, s7:c181, s12:c181, s8:c181, s9:c181, s14:c181, s2:c180], cId:8364, entries: [(t:1, i:185), STATEMACHINELOGENTRY, 8362@client-E8995F8E72F5]
2023-03-17 00:26:26,996 DEBUG server.RaftServer$Division (RaftServerImpl.java:logAppendEntries(1430)) - s5@group-6E994AD85659: receive appendEntries(s1, 1, (t:1, i:181), 181, true, commits:[s1:c181, s10:c181, s0:c179, s3:c181, s4:c179, s11:c179, s5:c179, s6:c181, s13:c177, s7:c179, s12:c181, s8:c179, s9:c181, s14:c179, s2:c180], cId:8349, entries: [(t:1, i:182), METADATAENTRY(c:181), (t:1, i:183), STATEMACHINELOGENTRY, 8338@client-E8995F8E72F5]
2023-03-17 00:26:26,994 DEBUG server.RaftServer$Division (RaftServerImpl.java:logAppendEntries(1430)) - s9@group-6E994AD85659: receive appendEntries(s1, 1, (t:1, i:183), 183, true, commits:[s1:c183, s10:c181, s0:c181, s3:c181, s4:c182, s11:c181, s5:c179, s6:c181, s13:c182, s7:c181, s12:c181, s8:c181, s9:c181, s14:c181, s2:c180], cId:8358, entries: [(t:1, i:184), METADATAENTRY(c:183)]
2023-03-17 00:26:26,994 DEBUG server.RaftServer$Division (RaftServerImpl.java:logAppendEntries(1430)) - s12@group-6E994AD85659: receive appendEntries(s1, 1, (t:1, i:183), 183, true, commits:[s1:c183, s10:c181, s0:c181, s3:c181, s4:c182, s11:c181, s5:c179, s6:c181, s13:c182, s7:c181, s12:c181, s8:c181, s9:c181, s14:c181, s2:c180], cId:8357, entries: [(t:1, i:184), METADATAENTRY(c:183)]
2023-03-17 00:26:26,997 DEBUG server.RaftServer$Division (RaftServerImpl.java:logAppendEntries(1430)) - s4@group-6E994AD85659: receive appendEntries(s1, 1, (t:1, i:184), 183, true, commits:[s1:c183, s10:c181, s0:c181, s3:c183, s4:c183, s11:c181, s5:c179, s6:c181, s13:c183, s7:c181, s12:c181, s8:c181, s9:c181, s14:c181, s2:c180], cId:8366, entries: [(t:1, i:185), STATEMACHINELOGENTRY, 8362@client-E8995F8E72F5]
2023-03-17 00:26:26,995 DEBUG server.RaftServer$Division (RaftServerImpl.java:logAppendEntries(1430)) - s6@group-6E994AD85659: succeeded to handle AppendEntries. Reply: s1<-s6#8359:OK-t1,SUCCESS,nextIndex=185,followerCommit=183,matchIndex=184
2023-03-17 00:26:26,997 DEBUG server.RaftServer$Division (RaftServerImpl.java:logAppendEntries(1430)) - s3@group-6E994AD85659: succeeded to handle AppendEntries. Reply: s1<-s3#8364:OK-t1,SUCCESS,nextIndex=186,followerCommit=183,matchIndex=185
2023-03-17 00:26:26,998 DEBUG server.RaftServer$Division (RaftServerImpl.java:logAppendEntries(1430)) - s12@group-6E994AD85659: succeeded to handle AppendEntries. Reply: s1<-s12#8357:OK-t1,SUCCESS,nextIndex=185,followerCommit=183,matchIndex=184
2023-03-17 00:26:26,998 DEBUG server.RaftServer$Division (RaftServerImpl.java:logAppendEntries(1430)) - s4@group-6E994AD85659: succeeded to handle AppendEntries. Reply: s1<-s4#8366:OK-t1,SUCCESS,nextIndex=186,followerCommit=183,matchIndex=185
2023-03-17 00:26:26,998 DEBUG server.RaftServer$Division (RaftServerImpl.java:logAppendEntries(1430)) - s6@group-6E994AD85659: receive appendEntries(s1, 1, (t:1, i:184), 183, true, commits:[s1:c183, s10:c181, s0:c181, s3:c183, s4:c183, s11:c181, s5:c179, s6:c183, s13:c183, s7:c181, s12:c181, s8:c181, s9:c181, s14:c181, s2:c180], cId:8367, entries: [(t:1, i:185), STATEMACHINELOGENTRY, 8362@client-E8995F8E72F5]
2023-03-17 00:26:26,998 DEBUG server.RaftServer$Division (RaftServerImpl.java:logAppendEntries(1430)) - s9@group-6E994AD85659: succeeded to handle AppendEntries. Reply: s1<-s9#8358:OK-t1,SUCCESS,nextIndex=185,followerCommit=183,matchIndex=184
2023-03-17 00:26:26,998 DEBUG server.RaftServer$Division (RaftServerImpl.java:logAppendEntries(1430)) - s12@group-6E994AD85659: receive appendEntries(s1, 1, (t:1, i:184), 183, true, commits:[s1:c183, s10:c181, s0:c181, s3:c183, s4:c183, s11:c181, s5:c179, s6:c183, s13:c183, s7:c181, s12:c183, s8:c181, s9:c181, s14:c181, s2:c180], cId:8368, entries: [(t:1, i:185), STATEMACHINELOGENTRY, 8362@client-E8995F8E72F5]
2023-03-17 00:26:26,999 DEBUG server.RaftServer$Division (RaftServerImpl.java:logAppendEntries(1430)) - s5@group-6E994AD85659: succeeded to handle AppendEntries. Reply: s1<-s5#8349:OK-t1,SUCCESS,nextIndex=184,followerCommit=181,matchIndex=183
2023-03-17 00:26:26,999 DEBUG server.RaftServer$Division (RaftServerImpl.java:logAppendEntries(1430)) - s9@group-6E994AD85659: receive appendEntries(s1, 1, (t:1, i:184), 183, true, commits:[s1:c183, s10:c181, s0:c181, s3:c183, s4:c183, s11:c181, s5:c179, s6:c183, s13:c183, s7:c181, s12:c183, s8:c181, s9:c183, s14:c181, s2:c180], cId:8369, entries: [(t:1, i:185), STATEMACHINELOGENTRY, 8362@client-E8995F8E72F5]
2023-03-17 00:26:26,995 DEBUG server.RaftServer$Division (RaftServerImpl.java:logAppendEntries(1430)) - s7@group-6E994AD85659: receive appendEntries(s1, 1, (t:1, i:182), 181, true, commits:[s1:c181, s10:c181, s0:c179, s3:c181, s4:c179, s11:c179, s5:c179, s6:c181, s13:c177, s7:c181, s12:c181, s8:c181, s9:c181, s14:c179, s2:c180], cId:8351, entries: [(t:1, i:183), STATEMACHINELOGENTRY, 8338@client-E8995F8E72F5]
2023-03-17 00:26:26,998 DEBUG server.RaftServer$Division (RaftServerImpl.java:logAppendEntries(1430)) - s6@group-6E994AD85659: succeeded to handle AppendEntries. Reply: s1<-s6#8367:OK-t1,SUCCESS,nextIndex=186,followerCommit=183,matchIndex=185
2023-03-17 00:26:26,999 DEBUG server.RaftServer$Division (RaftServerImpl.java:logAppendEntries(1430)) - s9@group-6E994AD85659: succeeded to handle AppendEntries. Reply: s1<-s9#8369:OK-t1,SUCCESS,nextIndex=186,followerCommit=183,matchIndex=185
2023-03-17 00:26:26,999 DEBUG server.RaftServer$Division (RaftServerImpl.java:logAppendEntries(1430)) - s12@group-6E994AD85659: succeeded to handle AppendEntries. Reply: s1<-s12#8368:OK-t1,SUCCESS,nextIndex=186,followerCommit=183,matchIndex=185
2023-03-17 00:26:27,000 DEBUG server.RaftServer$Division (RaftServerImpl.java:logAppendEntries(1430)) - s7@group-6E994AD85659: succeeded to handle AppendEntries. Reply: s1<-s7#8351:OK-t1,SUCCESS,nextIndex=184,followerCommit=181,matchIndex=183
2023-03-17 00:26:27,000 DEBUG server.RaftServer$Division (RaftServerImpl.java:logAppendEntries(1430)) - s13@group-6E994AD85659: receive appendEntries(s1, 1, (t:1, i:184), 183, true, commits:[s1:c183, s10:c181, s0:c181, s3:c183, s4:c182, s11:c181, s5:c179, s6:c181, s13:c183, s7:c181, s12:c181, s8:c181, s9:c181, s14:c181, s2:c180], cId:8365, entries: [(t:1, i:185), STATEMACHINELOGENTRY, 8362@client-E8995F8E72F5]
2023-03-17 00:26:27,001 DEBUG server.RaftServer$Division (RaftServerImpl.java:logAppendEntries(1430)) - s11@group-6E994AD85659: receive appendEntries(s1, 1, (t:1, i:182), 182, true, commits:[s1:c182, s10:c181, s0:c181, s3:c181, s4:c182, s11:c181, s5:c179, s6:c181, s13:c182, s7:c181, s12:c181, s8:c181, s9:c181, s14:c179, s2:c180], cId:8355, entries: [(t:1, i:183), STATEMACHINELOGENTRY, 8338@client-E8995F8E72F5]
2023-03-17 00:26:27,001 DEBUG server.RaftServer$Division (RaftServerImpl.java:logAppendEntries(1430)) - s13@group-6E994AD85659: succeeded to handle AppendEntries. Reply: s1<-s13#8365:OK-t1,SUCCESS,nextIndex=186,followerCommit=183,matchIndex=185
2023-03-17 00:26:27,001 DEBUG server.RaftServer$Division (RaftServerImpl.java:logAppendEntries(1430)) - s11@group-6E994AD85659: succeeded to handle AppendEntries. Reply: s1<-s11#8355:OK-t1,SUCCESS,nextIndex=184,followerCommit=182,matchIndex=183
2023-03-17 00:26:27,002 DEBUG server.RaftServer$Division (RaftServerImpl.java:logAppendEntries(1430)) - s14@group-6E994AD85659: receive appendEntries(s1, 1, (t:1, i:183), 183, true, commits:[s1:c183, s10:c181, s0:c181, s3:c181, s4:c182, s11:c181, s5:c179, s6:c181, s13:c182, s7:c181, s12:c181, s8:c181, s9:c181, s14:c181, s2:c180], cId:8356, entries: [(t:1, i:184), METADATAENTRY(c:183)]
2023-03-17 00:26:27,002 DEBUG server.RaftServer$Division (RaftServerImpl.java:logAppendEntries(1430)) - s10@group-6E994AD85659: receive appendEntries(s1, 1, (t:1, i:183), 183, true, commits:[s1:c183, s10:c181, s0:c181, s3:c183, s4:c183, s11:c181, s5:c179, s6:c183, s13:c183, s7:c181, s12:c183, s8:c181, s9:c183, s14:c181, s2:c181], cId:8371, entries: [(t:1, i:184), METADATAENTRY(c:183), (t:1, i:185), STATEMACHINELOGENTRY, 8362@client-E8995F8E72F5]
2023-03-17 00:26:27,003 DEBUG server.RaftServer$Division (RaftServerImpl.java:logAppendEntries(1430)) - s2@group-6E994AD85659: receive appendEntries(s1, 1, (t:1, i:183), 183, true, commits:[s1:c183, s10:c181, s0:c181, s3:c183, s4:c183, s11:c181, s5:c179, s6:c183, s13:c183, s7:c181, s12:c183, s8:c181, s9:c183, s14:c181, s2:c181], cId:8370, entries: [(t:1, i:184), METADATAENTRY(c:183), (t:1, i:185), STATEMACHINELOGENTRY, 8362@client-E8995F8E72F5]
2023-03-17 00:26:27,003 DEBUG server.RaftServer$Division (RaftServerImpl.java:logAppendEntries(1430)) - s0@group-6E994AD85659: receive appendEntries(s1, 1, (t:1, i:183), 183, true, commits:[s1:c183, s10:c181, s0:c182, s3:c183, s4:c183, s11:c181, s5:c181, s6:c183, s13:c183, s7:c181, s12:c183, s8:c181, s9:c183, s14:c181, s2:c181], cId:8374, entries: [(t:1, i:184), METADATAENTRY(c:183), (t:1, i:185), STATEMACHINELOGENTRY, 8362@client-E8995F8E72F5]
2023-03-17 00:26:27,003 DEBUG server.RaftServer$Division (RaftServerImpl.java:logAppendEntries(1430)) - s2@group-6E994AD85659: succeeded to handle AppendEntries. Reply: s1<-s2#8370:OK-t1,SUCCESS,nextIndex=186,followerCommit=183,matchIndex=185
2023-03-17 00:26:27,003 DEBUG server.RaftServer$Division (RaftServerImpl.java:logAppendEntries(1430)) - s10@group-6E994AD85659: succeeded to handle AppendEntries. Reply: s1<-s10#8371:OK-t1,SUCCESS,nextIndex=186,followerCommit=183,matchIndex=185
2023-03-17 00:26:27,004 DEBUG server.RaftServer$Division (RaftServerImpl.java:logAppendEntries(1430)) - s8@group-6E994AD85659: receive appendEntries(s1, 1, (t:1, i:183), 183, true, commits:[s1:c183, s10:c181, s0:c181, s3:c183, s4:c183, s11:c181, s5:c179, s6:c183, s13:c183, s7:c181, s12:c183, s8:c181, s9:c183, s14:c181, s2:c181], cId:8372, entries: [(t:1, i:184), METADATAENTRY(c:183), (t:1, i:185), STATEMACHINELOGENTRY, 8362@client-E8995F8E72F5]
2023-03-17 00:26:27,004 DEBUG server.RaftServer$Division (RaftServerImpl.java:logAppendEntries(1430)) - s14@group-6E994AD85659: succeeded to handle AppendEntries. Reply: s1<-s14#8356:OK-t1,SUCCESS,nextIndex=185,followerCommit=183,matchIndex=184
2023-03-17 00:26:27,004 DEBUG server.RaftServer$Division (RaftServerImpl.java:logAppendEntries(1430)) - s0@group-6E994AD85659: succeeded to handle AppendEntries. Reply: s1<-s0#8374:OK-t1,SUCCESS,nextIndex=186,followerCommit=183,matchIndex=185
2023-03-17 00:26:27,004 DEBUG server.RaftServer$Division (RaftServerImpl.java:logAppendEntries(1430)) - s8@group-6E994AD85659: succeeded to handle AppendEntries. Reply: s1<-s8#8372:OK-t1,SUCCESS,nextIndex=186,followerCommit=183,matchIndex=185
2023-03-17 00:26:27,005 DEBUG server.RaftServer$Division (RaftServerImpl.java:logAppendEntries(1430)) - s7@group-6E994AD85659: receive appendEntries(s1, 1, (t:1, i:183), 183, true, commits:[s1:c183, s10:c181, s0:c182, s3:c183, s4:c183, s11:c181, s5:c181, s6:c183, s13:c183, s7:c181, s12:c183, s8:c181, s9:c183, s14:c181, s2:c181], cId:8375, entries: [(t:1, i:184), METADATAENTRY(c:183), (t:1, i:185), STATEMACHINELOGENTRY, 8362@client-E8995F8E72F5]
2023-03-17 00:26:27,005 DEBUG server.RaftServer$Division (RaftServerImpl.java:logAppendEntries(1430)) - s5@group-6E994AD85659: receive appendEntries(s1, 1, (t:1, i:183), 183, true, commits:[s1:c183, s10:c181, s0:c181, s3:c183, s4:c183, s11:c181, s5:c181, s6:c183, s13:c183, s7:c181, s12:c183, s8:c181, s9:c183, s14:c181, s2:c181], cId:8373, entries: [(t:1, i:184), METADATAENTRY(c:183), (t:1, i:185), STATEMACHINELOGENTRY, 8362@client-E8995F8E72F5]
2023-03-17 00:26:27,005 DEBUG server.RaftServer$Division (RaftServerImpl.java:logAppendEntries(1430)) - s7@group-6E994AD85659: succeeded to handle AppendEntries. Reply: s1<-s7#8375:OK-t1,SUCCESS,nextIndex=186,followerCommit=183,matchIndex=185
2023-03-17 00:26:27,006 DEBUG server.RaftServer$Division (RaftServerImpl.java:logAppendEntries(1430)) - s11@group-6E994AD85659: receive appendEntries(s1, 1, (t:1, i:183), 183, true, commits:[s1:c183, s10:c181, s0:c182, s3:c183, s4:c183, s11:c182, s5:c181, s6:c183, s13:c183, s7:c181, s12:c183, s8:c181, s9:c183, s14:c181, s2:c181], cId:8376, entries: [(t:1, i:184), METADATAENTRY(c:183), (t:1, i:185), STATEMACHINELOGENTRY, 8362@client-E8995F8E72F5]
2023-03-17 00:26:27,007 DEBUG server.RaftServer$Division (RaftServerImpl.java:logAppendEntries(1430)) - s5@group-6E994AD85659: succeeded to handle AppendEntries. Reply: s1<-s5#8373:OK-t1,SUCCESS,nextIndex=186,followerCommit=183,matchIndex=185
2023-03-17 00:26:27,007 INFO  statemachine.StateMachine (ArithmeticStateMachine.java:applyTransaction(182)) - LEADER:s1-185: a = 113 = 113
2023-03-17 00:26:27,008 DEBUG server.RaftServer$Division (RaftServerImpl.java:submitClientRequestAsync(835)) - s1@group-6E994AD85659: receive client request(RaftClientRequest:client-E8995F8E72F5->s1@group-6E994AD85659, cid=8386, seq=0, RW, Message:0101620240b8f0000000...(size=12))
2023-03-17 00:26:27,008 DEBUG server.RaftServer$Division (RaftServerImpl.java:logAppendEntries(1430)) - s4@group-6E994AD85659: receive appendEntries(s1, 1, (t:1, i:185), 185, true, commits:[s1:c185, s10:c181, s0:c183, s3:c183, s4:c183, s11:c182, s5:c181, s6:c183, s13:c183, s7:c183, s12:c183, s8:c181, s9:c183, s14:c183, s2:c181], cId:8382, entries: [(t:1, i:186), METADATAENTRY(c:185)]
2023-03-17 00:26:27,008 DEBUG server.RaftServer$Division (RaftServerImpl.java:logAppendEntries(1430)) - s9@group-6E994AD85659: receive appendEntries(s1, 1, (t:1, i:185), 185, true, commits:[s1:c185, s10:c181, s0:c183, s3:c183, s4:c183, s11:c182, s5:c181, s6:c183, s13:c183, s7:c183, s12:c183, s8:c181, s9:c183, s14:c183, s2:c181], cId:8378, entries: [(t:1, i:186), METADATAENTRY(c:185)]
2023-03-17 00:26:27,008 DEBUG server.RaftServer$Division (RaftServerImpl.java:logAppendEntries(1430)) - s3@group-6E994AD85659: receive appendEntries(s1, 1, (t:1, i:185), 185, true, commits:[s1:c185, s10:c181, s0:c183, s3:c183, s4:c183, s11:c182, s5:c181, s6:c183, s13:c183, s7:c183, s12:c183, s8:c181, s9:c183, s14:c183, s2:c181], cId:8383, entries: [(t:1, i:186), METADATAENTRY(c:185)]
2023-03-17 00:26:27,008 DEBUG server.RaftServer$Division (LeaderStateImpl.java:addPendingRequest(474)) - s1@group-6E994AD85659-LeaderStateImpl: addPendingRequest at RaftClientRequest:client-E8995F8E72F5->s1@group-6E994AD85659, cid=8386, seq=0, RW, Message:0101620240b8f0000000...(size=12), entry=(t:1, i:187), STATEMACHINELOGENTRY, 8386@client-E8995F8E72F5
2023-03-17 00:26:27,009 DEBUG server.RaftServer$Division (RaftServerImpl.java:logAppendEntries(1430)) - s9@group-6E994AD85659: succeeded to handle AppendEntries. Reply: s1<-s9#8378:OK-t1,SUCCESS,nextIndex=187,followerCommit=185,matchIndex=186
2023-03-17 00:26:27,009 DEBUG server.RaftServer$Division (RaftServerImpl.java:logAppendEntries(1430)) - s12@group-6E994AD85659: receive appendEntries(s1, 1, (t:1, i:185), 185, true, commits:[s1:c185, s10:c181, s0:c183, s3:c183, s4:c183, s11:c182, s5:c181, s6:c183, s13:c183, s7:c183, s12:c183, s8:c181, s9:c183, s14:c183, s2:c181], cId:8380, entries: [(t:1, i:186), METADATAENTRY(c:185)]
2023-03-17 00:26:27,008 DEBUG server.RaftServer$Division (RaftServerImpl.java:logAppendEntries(1430)) - s6@group-6E994AD85659: receive appendEntries(s1, 1, (t:1, i:185), 185, true, commits:[s1:c185, s10:c181, s0:c183, s3:c183, s4:c183, s11:c182, s5:c181, s6:c183, s13:c183, s7:c183, s12:c183, s8:c181, s9:c183, s14:c183, s2:c181], cId:8379, entries: [(t:1, i:186), METADATAENTRY(c:185)]
2023-03-17 00:26:27,009 DEBUG server.RaftServer$Division (RaftServerImpl.java:logAppendEntries(1430)) - s9@group-6E994AD85659: receive appendEntries(s1, 1, (t:1, i:186), 185, true, commits:[s1:c185, s10:c181, s0:c183, s3:c183, s4:c183, s11:c182, s5:c181, s6:c183, s13:c183, s7:c183, s12:c183, s8:c181, s9:c185, s14:c183, s2:c181], cId:8387, entries: [(t:1, i:187), STATEMACHINELOGENTRY, 8386@client-E8995F8E72F5]
2023-03-17 00:26:27,010 DEBUG server.RaftServer$Division (RaftServerImpl.java:logAppendEntries(1430)) - s3@group-6E994AD85659: succeeded to handle AppendEntries. Reply: s1<-s3#8383:OK-t1,SUCCESS,nextIndex=187,followerCommit=185,matchIndex=186
2023-03-17 00:26:27,008 DEBUG server.RaftServer$Division (RaftServerImpl.java:logAppendEntries(1430)) - s13@group-6E994AD85659: receive appendEntries(s1, 1, (t:1, i:185), 185, true, commits:[s1:c185, s10:c181, s0:c183, s3:c183, s4:c183, s11:c182, s5:c181, s6:c183, s13:c183, s7:c183, s12:c183, s8:c181, s9:c183, s14:c183, s2:c181], cId:8381, entries: [(t:1, i:186), METADATAENTRY(c:185)]
2023-03-17 00:26:27,008 DEBUG server.RaftServer$Division (RaftServerImpl.java:logAppendEntries(1430)) - s4@group-6E994AD85659: succeeded to handle AppendEntries. Reply: s1<-s4#8382:OK-t1,SUCCESS,nextIndex=187,followerCommit=185,matchIndex=186
2023-03-17 00:26:27,010 DEBUG server.RaftServer$Division (RaftServerImpl.java:logAppendEntries(1430)) - s12@group-6E994AD85659: succeeded to handle AppendEntries. Reply: s1<-s12#8380:OK-t1,SUCCESS,nextIndex=187,followerCommit=185,matchIndex=186
2023-03-17 00:26:27,010 DEBUG server.RaftServer$Division (RaftServerImpl.java:logAppendEntries(1430)) - s9@group-6E994AD85659: succeeded to handle AppendEntries. Reply: s1<-s9#8387:OK-t1,SUCCESS,nextIndex=188,followerCommit=185,matchIndex=187
2023-03-17 00:26:27,010 DEBUG server.RaftServer$Division (RaftServerImpl.java:logAppendEntries(1430)) - s6@group-6E994AD85659: succeeded to handle AppendEntries. Reply: s1<-s6#8379:OK-t1,SUCCESS,nextIndex=187,followerCommit=185,matchIndex=186
2023-03-17 00:26:27,010 DEBUG server.RaftServer$Division (RaftServerImpl.java:logAppendEntries(1430)) - s11@group-6E994AD85659: succeeded to handle AppendEntries. Reply: s1<-s11#8376:OK-t1,SUCCESS,nextIndex=186,followerCommit=183,matchIndex=185
2023-03-17 00:26:27,011 DEBUG server.RaftServer$Division (RaftServerImpl.java:logAppendEntries(1430)) - s0@group-6E994AD85659: receive appendEntries(s1, 1, (t:1, i:185), 185, true, commits:[s1:c185, s10:c181, s0:c183, s3:c183, s4:c183, s11:c182, s5:c181, s6:c183, s13:c183, s7:c183, s12:c183, s8:c181, s9:c183, s14:c183, s2:c181], cId:8385, entries: [(t:1, i:186), METADATAENTRY(c:185)]
2023-03-17 00:26:27,011 DEBUG server.RaftServer$Division (RaftServerImpl.java:logAppendEntries(1430)) - s2@group-6E994AD85659: receive appendEntries(s1, 1, (t:1, i:185), 185, true, commits:[s1:c185, s10:c181, s0:c183, s3:c183, s4:c185, s11:c182, s5:c181, s6:c183, s13:c183, s7:c183, s12:c183, s8:c181, s9:c185, s14:c183, s2:c183], cId:8389, entries: [(t:1, i:186), METADATAENTRY(c:185), (t:1, i:187), STATEMACHINELOGENTRY, 8386@client-E8995F8E72F5]
2023-03-17 00:26:27,012 DEBUG server.RaftServer$Division (RaftServerImpl.java:logAppendEntries(1430)) - s7@group-6E994AD85659: receive appendEntries(s1, 1, (t:1, i:185), 185, true, commits:[s1:c185, s10:c181, s0:c183, s3:c183, s4:c183, s11:c182, s5:c181, s6:c183, s13:c183, s7:c183, s12:c183, s8:c181, s9:c183, s14:c183, s2:c181], cId:8384, entries: [(t:1, i:186), METADATAENTRY(c:185)]
2023-03-17 00:26:27,012 DEBUG server.RaftServer$Division (RaftServerImpl.java:logAppendEntries(1430)) - s2@group-6E994AD85659: succeeded to handle AppendEntries. Reply: s1<-s2#8389:OK-t1,SUCCESS,nextIndex=188,followerCommit=185,matchIndex=187
2023-03-17 00:26:27,012 DEBUG server.RaftServer$Division (RaftServerImpl.java:logAppendEntries(1430)) - s0@group-6E994AD85659: succeeded to handle AppendEntries. Reply: s1<-s0#8385:OK-t1,SUCCESS,nextIndex=187,followerCommit=185,matchIndex=186
2023-03-17 00:26:27,012 DEBUG server.RaftServer$Division (RaftServerImpl.java:logAppendEntries(1430)) - s6@group-6E994AD85659: receive appendEntries(s1, 1, (t:1, i:186), 185, true, commits:[s1:c185, s10:c183, s0:c183, s3:c185, s4:c185, s11:c182, s5:c181, s6:c185, s13:c183, s7:c183, s12:c183, s8:c181, s9:c185, s14:c183, s2:c183], cId:8392, entries: [(t:1, i:187), STATEMACHINELOGENTRY, 8386@client-E8995F8E72F5]
2023-03-17 00:26:27,013 DEBUG server.RaftServer$Division (RaftServerImpl.java:logAppendEntries(1430)) - s4@group-6E994AD85659: receive appendEntries(s1, 1, (t:1, i:186), 185, true, commits:[s1:c185, s10:c181, s0:c183, s3:c183, s4:c185, s11:c182, s5:c181, s6:c183, s13:c183, s7:c183, s12:c183, s8:c181, s9:c185, s14:c183, s2:c181], cId:8388, entries: [(t:1, i:187), STATEMACHINELOGENTRY, 8386@client-E8995F8E72F5]
2023-03-17 00:26:27,013 DEBUG server.RaftServer$Division (RaftServerImpl.java:logAppendEntries(1430)) - s6@group-6E994AD85659: succeeded to handle AppendEntries. Reply: s1<-s6#8392:OK-t1,SUCCESS,nextIndex=188,followerCommit=185,matchIndex=187
2023-03-17 00:26:27,013 DEBUG server.RaftServer$Division (RaftServerImpl.java:logAppendEntries(1430)) - s12@group-6E994AD85659: receive appendEntries(s1, 1, (t:1, i:186), 185, true, commits:[s1:c185, s10:c183, s0:c183, s3:c185, s4:c185, s11:c182, s5:c181, s6:c185, s13:c183, s7:c183, s12:c185, s8:c183, s9:c185, s14:c183, s2:c183], cId:8394, entries: [(t:1, i:187), STATEMACHINELOGENTRY, 8386@client-E8995F8E72F5]
2023-03-17 00:26:27,013 DEBUG server.RaftServer$Division (RaftServerImpl.java:logAppendEntries(1430)) - s4@group-6E994AD85659: succeeded to handle AppendEntries. Reply: s1<-s4#8388:OK-t1,SUCCESS,nextIndex=188,followerCommit=185,matchIndex=187
2023-03-17 00:26:27,012 DEBUG server.RaftServer$Division (RaftServerImpl.java:logAppendEntries(1430)) - s3@group-6E994AD85659: receive appendEntries(s1, 1, (t:1, i:186), 185, true, commits:[s1:c185, s10:c181, s0:c183, s3:c185, s4:c185, s11:c182, s5:c181, s6:c183, s13:c183, s7:c183, s12:c183, s8:c181, s9:c185, s14:c183, s2:c183], cId:8390, entries: [(t:1, i:187), STATEMACHINELOGENTRY, 8386@client-E8995F8E72F5]
2023-03-17 00:26:27,014 DEBUG server.RaftServer$Division (RaftServerImpl.java:logAppendEntries(1430)) - s12@group-6E994AD85659: succeeded to handle AppendEntries. Reply: s1<-s12#8394:OK-t1,SUCCESS,nextIndex=188,followerCommit=185,matchIndex=187
2023-03-17 00:26:27,014 DEBUG server.RaftServer$Division (RaftServerImpl.java:logAppendEntries(1430)) - s3@group-6E994AD85659: succeeded to handle AppendEntries. Reply: s1<-s3#8390:OK-t1,SUCCESS,nextIndex=188,followerCommit=185,matchIndex=187
2023-03-17 00:26:27,014 DEBUG server.RaftServer$Division (RaftServerImpl.java:logAppendEntries(1430)) - s14@group-6E994AD85659: receive appendEntries(s1, 1, (t:1, i:184), 183, true, commits:[s1:c183, s10:c181, s0:c182, s3:c183, s4:c183, s11:c182, s5:c181, s6:c183, s13:c183, s7:c181, s12:c183, s8:c181, s9:c183, s14:c183, s2:c181], cId:8377, entries: [(t:1, i:185), STATEMACHINELOGENTRY, 8362@client-E8995F8E72F5]
2023-03-17 00:26:27,015 DEBUG server.RaftServer$Division (RaftServerImpl.java:logAppendEntries(1430)) - s7@group-6E994AD85659: succeeded to handle AppendEntries. Reply: s1<-s7#8384:OK-t1,SUCCESS,nextIndex=187,followerCommit=185,matchIndex=186
2023-03-17 00:26:27,014 DEBUG server.RaftServer$Division (RaftServerImpl.java:logAppendEntries(1430)) - s13@group-6E994AD85659: succeeded to handle AppendEntries. Reply: s1<-s13#8381:OK-t1,SUCCESS,nextIndex=187,followerCommit=185,matchIndex=186
2023-03-17 00:26:27,015 DEBUG server.RaftServer$Division (RaftServerImpl.java:logAppendEntries(1430)) - s10@group-6E994AD85659: receive appendEntries(s1, 1, (t:1, i:185), 185, true, commits:[s1:c185, s10:c183, s0:c183, s3:c185, s4:c185, s11:c182, s5:c181, s6:c183, s13:c183, s7:c183, s12:c183, s8:c181, s9:c185, s14:c183, s2:c183], cId:8391, entries: [(t:1, i:186), METADATAENTRY(c:185), (t:1, i:187), STATEMACHINELOGENTRY, 8386@client-E8995F8E72F5]
2023-03-17 00:26:27,016 DEBUG server.RaftServer$Division (RaftServerImpl.java:logAppendEntries(1430)) - s13@group-6E994AD85659: receive appendEntries(s1, 1, (t:1, i:186), 185, true, commits:[s1:c185, s10:c183, s0:c183, s3:c185, s4:c185, s11:c183, s5:c181, s6:c185, s13:c185, s7:c183, s12:c185, s8:c183, s9:c185, s14:c183, s2:c183], cId:8396, entries: [(t:1, i:187), STATEMACHINELOGENTRY, 8386@client-E8995F8E72F5]
2023-03-17 00:26:27,016 DEBUG server.RaftServer$Division (RaftServerImpl.java:logAppendEntries(1430)) - s8@group-6E994AD85659: receive appendEntries(s1, 1, (t:1, i:185), 185, true, commits:[s1:c185, s10:c183, s0:c183, s3:c185, s4:c185, s11:c182, s5:c181, s6:c185, s13:c183, s7:c183, s12:c183, s8:c183, s9:c185, s14:c183, s2:c183], cId:8393, entries: [(t:1, i:186), METADATAENTRY(c:185), (t:1, i:187), STATEMACHINELOGENTRY, 8386@client-E8995F8E72F5]
2023-03-17 00:26:27,016 DEBUG server.RaftServer$Division (RaftServerImpl.java:logAppendEntries(1430)) - s10@group-6E994AD85659: succeeded to handle AppendEntries. Reply: s1<-s10#8391:OK-t1,SUCCESS,nextIndex=188,followerCommit=185,matchIndex=187
2023-03-17 00:26:27,016 DEBUG server.RaftServer$Division (RaftServerImpl.java:logAppendEntries(1430)) - s8@group-6E994AD85659: succeeded to handle AppendEntries. Reply: s1<-s8#8393:OK-t1,SUCCESS,nextIndex=188,followerCommit=185,matchIndex=187
2023-03-17 00:26:27,017 DEBUG server.RaftServer$Division (RaftServerImpl.java:logAppendEntries(1430)) - s13@group-6E994AD85659: succeeded to handle AppendEntries. Reply: s1<-s13#8396:OK-t1,SUCCESS,nextIndex=188,followerCommit=185,matchIndex=187
2023-03-17 00:26:27,017 DEBUG server.RaftServer$Division (RaftServerImpl.java:logAppendEntries(1430)) - s14@group-6E994AD85659: succeeded to handle AppendEntries. Reply: s1<-s14#8377:OK-t1,SUCCESS,nextIndex=186,followerCommit=183,matchIndex=185
2023-03-17 00:26:27,018 INFO  statemachine.StateMachine (ArithmeticStateMachine.java:applyTransaction(182)) - LEADER:s1-187: b = 6384 = 6384
2023-03-17 00:26:27,019 DEBUG server.RaftServer$Division (RaftServerImpl.java:submitClientRequestAsync(835)) - s1@group-6E994AD85659: receive client request(RaftClientRequest:client-E8995F8E72F5->s1@group-6E994AD85659, cid=8401, seq=0, RW, Message:01016304010300040201...(size=17))
2023-03-17 00:26:27,019 DEBUG server.RaftServer$Division (RaftServerImpl.java:logAppendEntries(1430)) - s11@group-6E994AD85659: receive appendEntries(s1, 1, (t:1, i:185), 185, true, commits:[s1:c185, s10:c183, s0:c183, s3:c185, s4:c185, s11:c183, s5:c181, s6:c185, s13:c183, s7:c183, s12:c185, s8:c183, s9:c185, s14:c183, s2:c183], cId:8395, entries: [(t:1, i:186), METADATAENTRY(c:185), (t:1, i:187), STATEMACHINELOGENTRY, 8386@client-E8995F8E72F5]
2023-03-17 00:26:27,020 DEBUG server.RaftServer$Division (RaftServerImpl.java:logAppendEntries(1430)) - s10@group-6E994AD85659: receive appendEntries(s1, 1, (t:1, i:187), 187, true, commits:[s1:c187, s10:c185, s0:c185, s3:c185, s4:c185, s11:c183, s5:c183, s6:c185, s13:c185, s7:c185, s12:c185, s8:c183, s9:c185, s14:c183, s2:c185], cId:8408, entries: [(t:1, i:188), METADATAENTRY(c:187)]
2023-03-17 00:26:27,020 DEBUG server.RaftServer$Division (RaftServerImpl.java:logAppendEntries(1430)) - s14@group-6E994AD85659: receive appendEntries(s1, 1, (t:1, i:185), 186, true, commits:[s1:c186, s10:c183, s0:c185, s3:c185, s4:c185, s11:c183, s5:c181, s6:c185, s13:c185, s7:c185, s12:c185, s8:c183, s9:c185, s14:c183, s2:c183], cId:8399, entries: [(t:1, i:186), METADATAENTRY(c:185), (t:1, i:187), STATEMACHINELOGENTRY, 8386@client-E8995F8E72F5]
2023-03-17 00:26:27,020 DEBUG server.RaftServer$Division (RaftServerImpl.java:logAppendEntries(1430)) - s7@group-6E994AD85659: receive appendEntries(s1, 1, (t:1, i:186), 185, true, commits:[s1:c185, s10:c183, s0:c185, s3:c185, s4:c185, s11:c183, s5:c181, s6:c185, s13:c185, s7:c185, s12:c185, s8:c183, s9:c185, s14:c183, s2:c183], cId:8398, entries: [(t:1, i:187), STATEMACHINELOGENTRY, 8386@client-E8995F8E72F5]
2023-03-17 00:26:27,020 DEBUG server.RaftServer$Division (RaftServerImpl.java:logAppendEntries(1430)) - s13@group-6E994AD85659: receive appendEntries(s1, 1, (t:1, i:187), 187, true, commits:[s1:c187, s10:c185, s0:c185, s3:c185, s4:c185, s11:c183, s5:c183, s6:c185, s13:c185, s7:c185, s12:c185, s8:c183, s9:c185, s14:c183, s2:c185], cId:8400, entries: [(t:1, i:188), METADATAENTRY(c:187)]
2023-03-17 00:26:27,021 DEBUG server.RaftServer$Division (RaftServerImpl.java:logAppendEntries(1430)) - s10@group-6E994AD85659: succeeded to handle AppendEntries. Reply: s1<-s10#8408:OK-t1,SUCCESS,nextIndex=189,followerCommit=187,matchIndex=188
2023-03-17 00:26:27,020 DEBUG server.RaftServer$Division (RaftServerImpl.java:logAppendEntries(1430)) - s0@group-6E994AD85659: receive appendEntries(s1, 1, (t:1, i:186), 185, true, commits:[s1:c185, s10:c183, s0:c185, s3:c185, s4:c185, s11:c183, s5:c181, s6:c185, s13:c185, s7:c183, s12:c185, s8:c183, s9:c185, s14:c183, s2:c183], cId:8397, entries: [(t:1, i:187), STATEMACHINELOGENTRY, 8386@client-E8995F8E72F5]
2023-03-17 00:26:27,020 DEBUG server.RaftServer$Division (RaftServerImpl.java:logAppendEntries(1430)) - s4@group-6E994AD85659: receive appendEntries(s1, 1, (t:1, i:187), 187, true, commits:[s1:c187, s10:c185, s0:c185, s3:c185, s4:c185, s11:c183, s5:c183, s6:c185, s13:c185, s7:c185, s12:c185, s8:c183, s9:c185, s14:c183, s2:c185], cId:8406, entries: [(t:1, i:188), METADATAENTRY(c:187)]
2023-03-17 00:26:27,022 DEBUG server.RaftServer$Division (RaftServerImpl.java:logAppendEntries(1430)) - s13@group-6E994AD85659: succeeded to handle AppendEntries. Reply: s1<-s13#8400:OK-t1,SUCCESS,nextIndex=189,followerCommit=187,matchIndex=188
2023-03-17 00:26:27,020 DEBUG server.RaftServer$Division (RaftServerImpl.java:logAppendEntries(1430)) - s9@group-6E994AD85659: receive appendEntries(s1, 1, (t:1, i:187), 187, true, commits:[s1:c187, s10:c185, s0:c185, s3:c185, s4:c185, s11:c183, s5:c183, s6:c185, s13:c185, s7:c185, s12:c185, s8:c183, s9:c185, s14:c183, s2:c185], cId:8402, entries: [(t:1, i:188), METADATAENTRY(c:187)]
2023-03-17 00:26:27,020 DEBUG server.RaftServer$Division (RaftServerImpl.java:logAppendEntries(1430)) - s12@group-6E994AD85659: receive appendEntries(s1, 1, (t:1, i:187), 187, true, commits:[s1:c187, s10:c185, s0:c185, s3:c185, s4:c185, s11:c183, s5:c183, s6:c185, s13:c185, s7:c185, s12:c185, s8:c183, s9:c185, s14:c183, s2:c185], cId:8405, entries: [(t:1, i:188), METADATAENTRY(c:187)]
2023-03-17 00:26:27,022 DEBUG server.RaftServer$Division (RaftServerImpl.java:logAppendEntries(1430)) - s4@group-6E994AD85659: succeeded to handle AppendEntries. Reply: s1<-s4#8406:OK-t1,SUCCESS,nextIndex=189,followerCommit=187,matchIndex=188
2023-03-17 00:26:27,022 DEBUG server.RaftServer$Division (RaftServerImpl.java:logAppendEntries(1430)) - s9@group-6E994AD85659: succeeded to handle AppendEntries. Reply: s1<-s9#8402:OK-t1,SUCCESS,nextIndex=189,followerCommit=187,matchIndex=188
2023-03-17 00:26:27,023 DEBUG server.RaftServer$Division (RaftServerImpl.java:logAppendEntries(1430)) - s5@group-6E994AD85659: receive appendEntries(s1, 1, (t:1, i:185), 187, true, commits:[s1:c187, s10:c185, s0:c185, s3:c185, s4:c185, s11:c183, s5:c183, s6:c185, s13:c185, s7:c185, s12:c185, s8:c183, s9:c185, s14:c183, s2:c185], cId:8409, entries: [(t:1, i:186), METADATAENTRY(c:185), (t:1, i:187), STATEMACHINELOGENTRY, 8386@client-E8995F8E72F5, (t:1, i:188), METADATAENTRY(c:187)]
2023-03-17 00:26:27,020 DEBUG server.RaftServer$Division (RaftServerImpl.java:logAppendEntries(1430)) - s6@group-6E994AD85659: receive appendEntries(s1, 1, (t:1, i:187), 187, true, commits:[s1:c187, s10:c185, s0:c185, s3:c185, s4:c185, s11:c183, s5:c183, s6:c185, s13:c185, s7:c185, s12:c185, s8:c183, s9:c185, s14:c183, s2:c185], cId:8404, entries: [(t:1, i:188), METADATAENTRY(c:187)]
2023-03-17 00:26:27,020 DEBUG server.RaftServer$Division (RaftServerImpl.java:logAppendEntries(1430)) - s2@group-6E994AD85659: receive appendEntries(s1, 1, (t:1, i:187), 187, true, commits:[s1:c187, s10:c185, s0:c185, s3:c185, s4:c185, s11:c183, s5:c183, s6:c185, s13:c185, s7:c185, s12:c185, s8:c183, s9:c185, s14:c183, s2:c185], cId:8407, entries: [(t:1, i:188), METADATAENTRY(c:187)]
2023-03-17 00:26:27,023 DEBUG server.RaftServer$Division (RaftServerImpl.java:logAppendEntries(1430)) - s9@group-6E994AD85659: receive appendEntries(s1, 1, (t:1, i:188), 187, true, commits:[s1:c187, s10:c185, s0:c185, s3:c185, s4:c187, s11:c183, s5:c183, s6:c185, s13:c185, s7:c185, s12:c185, s8:c183, s9:c187, s14:c183, s2:c185], cId:8411, entries: [(t:1, i:189), STATEMACHINELOGENTRY, 8401@client-E8995F8E72F5]
2023-03-17 00:26:27,024 DEBUG server.RaftServer$Division (RaftServerImpl.java:logAppendEntries(1430)) - s5@group-6E994AD85659: succeeded to handle AppendEntries. Reply: s1<-s5#8409:OK-t1,SUCCESS,nextIndex=189,followerCommit=187,matchIndex=188
2023-03-17 00:26:27,024 DEBUG server.RaftServer$Division (RaftServerImpl.java:logAppendEntries(1430)) - s2@group-6E994AD85659: succeeded to handle AppendEntries. Reply: s1<-s2#8407:OK-t1,SUCCESS,nextIndex=189,followerCommit=187,matchIndex=188
2023-03-17 00:26:27,020 DEBUG server.RaftServer$Division (RaftServerImpl.java:logAppendEntries(1430)) - s3@group-6E994AD85659: receive appendEntries(s1, 1, (t:1, i:187), 187, true, commits:[s1:c187, s10:c185, s0:c185, s3:c185, s4:c185, s11:c183, s5:c183, s6:c185, s13:c185, s7:c185, s12:c185, s8:c183, s9:c185, s14:c183, s2:c185], cId:8403, entries: [(t:1, i:188), METADATAENTRY(c:187)]
2023-03-17 00:26:27,024 DEBUG server.RaftServer$Division (RaftServerImpl.java:logAppendEntries(1430)) - s6@group-6E994AD85659: succeeded to handle AppendEntries. Reply: s1<-s6#8404:OK-t1,SUCCESS,nextIndex=189,followerCommit=187,matchIndex=188
2023-03-17 00:26:27,019 DEBUG server.RaftServer$Division (LeaderStateImpl.java:addPendingRequest(474)) - s1@group-6E994AD85659-LeaderStateImpl: addPendingRequest at RaftClientRequest:client-E8995F8E72F5->s1@group-6E994AD85659, cid=8401, seq=0, RW, Message:01016304010300040201...(size=17), entry=(t:1, i:189), STATEMACHINELOGENTRY, 8401@client-E8995F8E72F5
2023-03-17 00:26:27,024 DEBUG server.RaftServer$Division (RaftServerImpl.java:logAppendEntries(1430)) - s4@group-6E994AD85659: receive appendEntries(s1, 1, (t:1, i:188), 187, true, commits:[s1:c187, s10:c185, s0:c185, s3:c185, s4:c187, s11:c183, s5:c183, s6:c185, s13:c185, s7:c185, s12:c185, s8:c183, s9:c185, s14:c183, s2:c185], cId:8410, entries: [(t:1, i:189), STATEMACHINELOGENTRY, 8401@client-E8995F8E72F5]
2023-03-17 00:26:27,024 DEBUG server.RaftServer$Division (RaftServerImpl.java:logAppendEntries(1430)) - s9@group-6E994AD85659: succeeded to handle AppendEntries. Reply: s1<-s9#8411:OK-t1,SUCCESS,nextIndex=190,followerCommit=187,matchIndex=189
2023-03-17 00:26:27,023 DEBUG server.RaftServer$Division (RaftServerImpl.java:logAppendEntries(1430)) - s12@group-6E994AD85659: succeeded to handle AppendEntries. Reply: s1<-s12#8405:OK-t1,SUCCESS,nextIndex=189,followerCommit=187,matchIndex=188
2023-03-17 00:26:27,022 DEBUG server.RaftServer$Division (RaftServerImpl.java:logAppendEntries(1430)) - s0@group-6E994AD85659: succeeded to handle AppendEntries. Reply: s1<-s0#8397:OK-t1,SUCCESS,nextIndex=188,followerCommit=185,matchIndex=187
2023-03-17 00:26:27,021 DEBUG server.RaftServer$Division (RaftServerImpl.java:logAppendEntries(1430)) - s7@group-6E994AD85659: succeeded to handle AppendEntries. Reply: s1<-s7#8398:OK-t1,SUCCESS,nextIndex=188,followerCommit=185,matchIndex=187
2023-03-17 00:26:27,025 DEBUG server.RaftServer$Division (RaftServerImpl.java:logAppendEntries(1430)) - s4@group-6E994AD85659: succeeded to handle AppendEntries. Reply: s1<-s4#8410:OK-t1,SUCCESS,nextIndex=190,followerCommit=187,matchIndex=189
2023-03-17 00:26:27,025 DEBUG server.RaftServer$Division (RaftServerImpl.java:logAppendEntries(1430)) - s6@group-6E994AD85659: receive appendEntries(s1, 1, (t:1, i:188), 187, true, commits:[s1:c187, s10:c185, s0:c185, s3:c185, s4:c187, s11:c183, s5:c183, s6:c187, s13:c187, s7:c185, s12:c185, s8:c183, s9:c187, s14:c183, s2:c185], cId:8413, entries: [(t:1, i:189), STATEMACHINELOGENTRY, 8401@client-E8995F8E72F5]
2023-03-17 00:26:27,026 DEBUG server.RaftServer$Division (RaftServerImpl.java:logAppendEntries(1430)) - s13@group-6E994AD85659: receive appendEntries(s1, 1, (t:1, i:188), 187, true, commits:[s1:c187, s10:c185, s0:c185, s3:c185, s4:c187, s11:c183, s5:c183, s6:c185, s13:c187, s7:c185, s12:c185, s8:c183, s9:c187, s14:c183, s2:c185], cId:8412, entries: [(t:1, i:189), STATEMACHINELOGENTRY, 8401@client-E8995F8E72F5]
2023-03-17 00:26:27,027 DEBUG server.RaftServer$Division (RaftServerImpl.java:logAppendEntries(1430)) - s12@group-6E994AD85659: receive appendEntries(s1, 1, (t:1, i:188), 187, true, commits:[s1:c187, s10:c185, s0:c185, s3:c185, s4:c187, s11:c183, s5:c183, s6:c187, s13:c187, s7:c185, s12:c187, s8:c183, s9:c187, s14:c183, s2:c185], cId:8414, entries: [(t:1, i:189), STATEMACHINELOGENTRY, 8401@client-E8995F8E72F5]
2023-03-17 00:26:27,027 DEBUG server.RaftServer$Division (RaftServerImpl.java:logAppendEntries(1430)) - s14@group-6E994AD85659: succeeded to handle AppendEntries. Reply: s1<-s14#8399:OK-t1,SUCCESS,nextIndex=188,followerCommit=186,matchIndex=187
2023-03-17 00:26:27,027 DEBUG server.RaftServer$Division (RaftServerImpl.java:logAppendEntries(1430)) - s0@group-6E994AD85659: receive appendEntries(s1, 1, (t:1, i:187), 187, true, commits:[s1:c187, s10:c185, s0:c185, s3:c185, s4:c187, s11:c183, s5:c183, s6:c187, s13:c187, s7:c185, s12:c187, s8:c183, s9:c187, s14:c183, s2:c185], cId:8415, entries: [(t:1, i:188), METADATAENTRY(c:187), (t:1, i:189), STATEMACHINELOGENTRY, 8401@client-E8995F8E72F5]
2023-03-17 00:26:27,028 DEBUG server.RaftServer$Division (RaftServerImpl.java:logAppendEntries(1430)) - s12@group-6E994AD85659: succeeded to handle AppendEntries. Reply: s1<-s12#8414:OK-t1,SUCCESS,nextIndex=190,followerCommit=187,matchIndex=189
2023-03-17 00:26:27,026 DEBUG server.RaftServer$Division (RaftServerImpl.java:logAppendEntries(1430)) - s3@group-6E994AD85659: succeeded to handle AppendEntries. Reply: s1<-s3#8403:OK-t1,SUCCESS,nextIndex=189,followerCommit=187,matchIndex=188
2023-03-17 00:26:27,026 DEBUG server.RaftServer$Division (RaftServerImpl.java:logAppendEntries(1430)) - s6@group-6E994AD85659: succeeded to handle AppendEntries. Reply: s1<-s6#8413:OK-t1,SUCCESS,nextIndex=190,followerCommit=187,matchIndex=189
2023-03-17 00:26:27,027 DEBUG server.RaftServer$Division (RaftServerImpl.java:logAppendEntries(1430)) - s13@group-6E994AD85659: succeeded to handle AppendEntries. Reply: s1<-s13#8412:OK-t1,SUCCESS,nextIndex=190,followerCommit=187,matchIndex=189
2023-03-17 00:26:27,028 DEBUG server.RaftServer$Division (RaftServerImpl.java:logAppendEntries(1430)) - s0@group-6E994AD85659: succeeded to handle AppendEntries. Reply: s1<-s0#8415:OK-t1,SUCCESS,nextIndex=190,followerCommit=187,matchIndex=189
2023-03-17 00:26:27,029 DEBUG server.RaftServer$Division (RaftServerImpl.java:logAppendEntries(1430)) - s11@group-6E994AD85659: succeeded to handle AppendEntries. Reply: s1<-s11#8395:OK-t1,SUCCESS,nextIndex=188,followerCommit=185,matchIndex=187
2023-03-17 00:26:27,029 DEBUG server.RaftServer$Division (RaftServerImpl.java:logAppendEntries(1430)) - s3@group-6E994AD85659: receive appendEntries(s1, 1, (t:1, i:188), 188, true, commits:[s1:c188, s10:c187, s0:c185, s3:c187, s4:c187, s11:c183, s5:c183, s6:c187, s13:c187, s7:c185, s12:c187, s8:c183, s9:c187, s14:c183, s2:c187], cId:8419, entries: [(t:1, i:189), STATEMACHINELOGENTRY, 8401@client-E8995F8E72F5]
2023-03-17 00:26:27,029 DEBUG server.RaftServer$Division (RaftServerImpl.java:logAppendEntries(1430)) - s2@group-6E994AD85659: receive appendEntries(s1, 1, (t:1, i:188), 187, true, commits:[s1:c187, s10:c187, s0:c185, s3:c185, s4:c187, s11:c183, s5:c183, s6:c187, s13:c187, s7:c185, s12:c187, s8:c183, s9:c187, s14:c183, s2:c187], cId:8417, entries: [(t:1, i:189), STATEMACHINELOGENTRY, 8401@client-E8995F8E72F5]
2023-03-17 00:26:27,030 DEBUG server.RaftServer$Division (RaftServerImpl.java:logAppendEntries(1430)) - s3@group-6E994AD85659: succeeded to handle AppendEntries. Reply: s1<-s3#8419:OK-t1,SUCCESS,nextIndex=190,followerCommit=188,matchIndex=189
2023-03-17 00:26:27,030 DEBUG server.RaftServer$Division (RaftServerImpl.java:logAppendEntries(1430)) - s2@group-6E994AD85659: succeeded to handle AppendEntries. Reply: s1<-s2#8417:OK-t1,SUCCESS,nextIndex=190,followerCommit=187,matchIndex=189
2023-03-17 00:26:27,030 DEBUG server.RaftServer$Division (RaftServerImpl.java:logAppendEntries(1430)) - s7@group-6E994AD85659: receive appendEntries(s1, 1, (t:1, i:187), 187, true, commits:[s1:c187, s10:c185, s0:c185, s3:c185, s4:c187, s11:c183, s5:c183, s6:c187, s13:c187, s7:c185, s12:c187, s8:c183, s9:c187, s14:c183, s2:c185], cId:8416, entries: [(t:1, i:188), METADATAENTRY(c:187), (t:1, i:189), STATEMACHINELOGENTRY, 8401@client-E8995F8E72F5]
2023-03-17 00:26:27,031 INFO  statemachine.StateMachine (ArithmeticStateMachine.java:applyTransaction(182)) - LEADER:s1-189: c = √(a^2 + b^2) = 6385
2023-03-17 00:26:27,031 DEBUG server.RaftServer$Division (RaftServerImpl.java:logAppendEntries(1430)) - s10@group-6E994AD85659: receive appendEntries(s1, 1, (t:1, i:188), 187, true, commits:[s1:c187, s10:c187, s0:c185, s3:c185, s4:c187, s11:c183, s5:c183, s6:c187, s13:c187, s7:c185, s12:c187, s8:c183, s9:c187, s14:c183, s2:c187], cId:8418, entries: [(t:1, i:189), STATEMACHINELOGENTRY, 8401@client-E8995F8E72F5]
2023-03-17 00:26:27,032 DEBUG server.RaftServer$Division (RaftServerImpl.java:submitClientRequestAsync(835)) - s1@group-6E994AD85659: receive client request(RaftClientRequest:client-E8995F8E72F5->s1@group-6E994AD85659, cid=8431, seq=0, RW, Message:01016100)
2023-03-17 00:26:27,031 DEBUG server.RaftServer$Division (RaftServerImpl.java:logAppendEntries(1430)) - s7@group-6E994AD85659: succeeded to handle AppendEntries. Reply: s1<-s7#8416:OK-t1,SUCCESS,nextIndex=190,followerCommit=187,matchIndex=189
2023-03-17 00:26:27,032 DEBUG server.RaftServer$Division (LeaderStateImpl.java:addPendingRequest(474)) - s1@group-6E994AD85659-LeaderStateImpl: addPendingRequest at RaftClientRequest:client-E8995F8E72F5->s1@group-6E994AD85659, cid=8431, seq=0, RW, Message:01016100, entry=(t:1, i:191), STATEMACHINELOGENTRY, 8431@client-E8995F8E72F5
2023-03-17 00:26:27,032 DEBUG server.RaftServer$Division (RaftServerImpl.java:logAppendEntries(1430)) - s10@group-6E994AD85659: succeeded to handle AppendEntries. Reply: s1<-s10#8418:OK-t1,SUCCESS,nextIndex=190,followerCommit=187,matchIndex=189
2023-03-17 00:26:27,033 DEBUG server.RaftServer$Division (RaftServerImpl.java:logAppendEntries(1430)) - s4@group-6E994AD85659: receive appendEntries(s1, 1, (t:1, i:189), 189, true, commits:[s1:c189, s10:c187, s0:c187, s3:c188, s4:c187, s11:c185, s5:c187, s6:c187, s13:c187, s7:c185, s12:c187, s8:c185, s9:c187, s14:c186, s2:c187], cId:8423, entries: [(t:1, i:190), METADATAENTRY(c:189)]
2023-03-17 00:26:27,033 DEBUG server.RaftServer$Division (RaftServerImpl.java:logAppendEntries(1430)) - s9@group-6E994AD85659: receive appendEntries(s1, 1, (t:1, i:189), 189, true, commits:[s1:c189, s10:c187, s0:c187, s3:c188, s4:c187, s11:c185, s5:c187, s6:c187, s13:c187, s7:c185, s12:c187, s8:c185, s9:c187, s14:c186, s2:c187], cId:8427, entries: [(t:1, i:190), METADATAENTRY(c:189)]
2023-03-17 00:26:27,033 DEBUG server.RaftServer$Division (RaftServerImpl.java:logAppendEntries(1430)) - s12@group-6E994AD85659: receive appendEntries(s1, 1, (t:1, i:189), 189, true, commits:[s1:c189, s10:c187, s0:c187, s3:c188, s4:c187, s11:c185, s5:c187, s6:c187, s13:c187, s7:c185, s12:c187, s8:c185, s9:c187, s14:c186, s2:c187], cId:8426, entries: [(t:1, i:190), METADATAENTRY(c:189)]
2023-03-17 00:26:27,033 DEBUG server.RaftServer$Division (RaftServerImpl.java:logAppendEntries(1430)) - s13@group-6E994AD85659: receive appendEntries(s1, 1, (t:1, i:189), 189, true, commits:[s1:c189, s10:c187, s0:c187, s3:c188, s4:c187, s11:c185, s5:c187, s6:c187, s13:c187, s7:c185, s12:c187, s8:c185, s9:c187, s14:c186, s2:c187], cId:8425, entries: [(t:1, i:190), METADATAENTRY(c:189)]
2023-03-17 00:26:27,033 DEBUG server.RaftServer$Division (RaftServerImpl.java:logAppendEntries(1430)) - s9@group-6E994AD85659: succeeded to handle AppendEntries. Reply: s1<-s9#8427:OK-t1,SUCCESS,nextIndex=191,followerCommit=189,matchIndex=190
2023-03-17 00:26:27,034 DEBUG server.RaftServer$Division (RaftServerImpl.java:logAppendEntries(1430)) - s12@group-6E994AD85659: succeeded to handle AppendEntries. Reply: s1<-s12#8426:OK-t1,SUCCESS,nextIndex=191,followerCommit=189,matchIndex=190
2023-03-17 00:26:27,033 DEBUG server.RaftServer$Division (RaftServerImpl.java:logAppendEntries(1430)) - s4@group-6E994AD85659: succeeded to handle AppendEntries. Reply: s1<-s4#8423:OK-t1,SUCCESS,nextIndex=191,followerCommit=189,matchIndex=190
2023-03-17 00:26:27,033 DEBUG server.RaftServer$Division (RaftServerImpl.java:logAppendEntries(1430)) - s6@group-6E994AD85659: receive appendEntries(s1, 1, (t:1, i:189), 189, true, commits:[s1:c189, s10:c187, s0:c187, s3:c188, s4:c187, s11:c185, s5:c187, s6:c187, s13:c187, s7:c185, s12:c187, s8:c185, s9:c187, s14:c186, s2:c187], cId:8424, entries: [(t:1, i:190), METADATAENTRY(c:189)]
2023-03-17 00:26:27,034 DEBUG server.RaftServer$Division (RaftServerImpl.java:logAppendEntries(1430)) - s3@group-6E994AD85659: receive appendEntries(s1, 1, (t:1, i:189), 189, true, commits:[s1:c189, s10:c187, s0:c187, s3:c188, s4:c187, s11:c185, s5:c187, s6:c187, s13:c187, s7:c185, s12:c187, s8:c185, s9:c187, s14:c186, s2:c187], cId:8428, entries: [(t:1, i:190), METADATAENTRY(c:189)]
2023-03-17 00:26:27,034 DEBUG server.RaftServer$Division (RaftServerImpl.java:logAppendEntries(1430)) - s9@group-6E994AD85659: receive appendEntries(s1, 1, (t:1, i:190), 189, true, commits:[s1:c189, s10:c187, s0:c187, s3:c188, s4:c187, s11:c185, s5:c187, s6:c187, s13:c187, s7:c185, s12:c187, s8:c185, s9:c189, s14:c186, s2:c187], cId:8432, entries: [(t:1, i:191), STATEMACHINELOGENTRY, 8431@client-E8995F8E72F5]
2023-03-17 00:26:27,035 DEBUG server.RaftServer$Division (RaftServerImpl.java:logAppendEntries(1430)) - s3@group-6E994AD85659: succeeded to handle AppendEntries. Reply: s1<-s3#8428:OK-t1,SUCCESS,nextIndex=191,followerCommit=189,matchIndex=190
2023-03-17 00:26:27,035 DEBUG server.RaftServer$Division (RaftServerImpl.java:logAppendEntries(1430)) - s6@group-6E994AD85659: succeeded to handle AppendEntries. Reply: s1<-s6#8424:OK-t1,SUCCESS,nextIndex=191,followerCommit=189,matchIndex=190
2023-03-17 00:26:27,035 DEBUG server.RaftServer$Division (RaftServerImpl.java:logAppendEntries(1430)) - s9@group-6E994AD85659: succeeded to handle AppendEntries. Reply: s1<-s9#8432:OK-t1,SUCCESS,nextIndex=192,followerCommit=189,matchIndex=191
2023-03-17 00:26:27,035 DEBUG server.RaftServer$Division (RaftServerImpl.java:logAppendEntries(1430)) - s5@group-6E994AD85659: receive appendEntries(s1, 1, (t:1, i:188), 188, true, commits:[s1:c188, s10:c187, s0:c185, s3:c187, s4:c187, s11:c183, s5:c187, s6:c187, s13:c187, s7:c185, s12:c187, s8:c183, s9:c187, s14:c183, s2:c187], cId:8420, entries: [(t:1, i:189), STATEMACHINELOGENTRY, 8401@client-E8995F8E72F5]
2023-03-17 00:26:27,036 DEBUG server.RaftServer$Division (RaftServerImpl.java:logAppendEntries(1430)) - s4@group-6E994AD85659: receive appendEntries(s1, 1, (t:1, i:190), 189, true, commits:[s1:c189, s10:c187, s0:c187, s3:c188, s4:c189, s11:c185, s5:c187, s6:c187, s13:c187, s7:c185, s12:c187, s8:c185, s9:c189, s14:c186, s2:c187], cId:8433, entries: [(t:1, i:191), STATEMACHINELOGENTRY, 8431@client-E8995F8E72F5]
2023-03-17 00:26:27,036 DEBUG server.RaftServer$Division (RaftServerImpl.java:logAppendEntries(1430)) - s5@group-6E994AD85659: succeeded to handle AppendEntries. Reply: s1<-s5#8420:OK-t1,SUCCESS,nextIndex=190,followerCommit=188,matchIndex=189
2023-03-17 00:26:27,036 DEBUG server.RaftServer$Division (RaftServerImpl.java:logAppendEntries(1430)) - s4@group-6E994AD85659: succeeded to handle AppendEntries. Reply: s1<-s4#8433:OK-t1,SUCCESS,nextIndex=192,followerCommit=189,matchIndex=191
2023-03-17 00:26:27,037 DEBUG server.RaftServer$Division (RaftServerImpl.java:logAppendEntries(1430)) - s0@group-6E994AD85659: receive appendEntries(s1, 1, (t:1, i:189), 189, true, commits:[s1:c189, s10:c187, s0:c187, s3:c188, s4:c187, s11:c185, s5:c187, s6:c187, s13:c187, s7:c185, s12:c187, s8:c185, s9:c187, s14:c186, s2:c187], cId:8430, entries: [(t:1, i:190), METADATAENTRY(c:189)]
2023-03-17 00:26:27,037 DEBUG server.RaftServer$Division (RaftServerImpl.java:logAppendEntries(1430)) - s6@group-6E994AD85659: receive appendEntries(s1, 1, (t:1, i:190), 189, true, commits:[s1:c189, s10:c187, s0:c187, s3:c188, s4:c189, s11:c185, s5:c187, s6:c189, s13:c187, s7:c185, s12:c187, s8:c185, s9:c189, s14:c186, s2:c187], cId:8434, entries: [(t:1, i:191), STATEMACHINELOGENTRY, 8431@client-E8995F8E72F5]
2023-03-17 00:26:27,037 DEBUG server.RaftServer$Division (RaftServerImpl.java:logAppendEntries(1430)) - s0@group-6E994AD85659: succeeded to handle AppendEntries. Reply: s1<-s0#8430:OK-t1,SUCCESS,nextIndex=191,followerCommit=189,matchIndex=190
2023-03-17 00:26:27,037 DEBUG server.RaftServer$Division (RaftServerImpl.java:logAppendEntries(1430)) - s12@group-6E994AD85659: receive appendEntries(s1, 1, (t:1, i:190), 189, true, commits:[s1:c189, s10:c187, s0:c187, s3:c189, s4:c189, s11:c185, s5:c187, s6:c189, s13:c187, s7:c185, s12:c189, s8:c185, s9:c189, s14:c186, s2:c187], cId:8436, entries: [(t:1, i:191), STATEMACHINELOGENTRY, 8431@client-E8995F8E72F5]
2023-03-17 00:26:27,038 DEBUG server.RaftServer$Division (RaftServerImpl.java:logAppendEntries(1430)) - s3@group-6E994AD85659: receive appendEntries(s1, 1, (t:1, i:190), 189, true, commits:[s1:c189, s10:c187, s0:c187, s3:c189, s4:c189, s11:c185, s5:c187, s6:c189, s13:c187, s7:c185, s12:c187, s8:c185, s9:c189, s14:c186, s2:c187], cId:8435, entries: [(t:1, i:191), STATEMACHINELOGENTRY, 8431@client-E8995F8E72F5]
2023-03-17 00:26:27,038 DEBUG server.RaftServer$Division (RaftServerImpl.java:logAppendEntries(1430)) - s12@group-6E994AD85659: succeeded to handle AppendEntries. Reply: s1<-s12#8436:OK-t1,SUCCESS,nextIndex=192,followerCommit=189,matchIndex=191
2023-03-17 00:26:27,038 DEBUG server.RaftServer$Division (RaftServerImpl.java:logAppendEntries(1430)) - s13@group-6E994AD85659: succeeded to handle AppendEntries. Reply: s1<-s13#8425:OK-t1,SUCCESS,nextIndex=191,followerCommit=189,matchIndex=190
2023-03-17 00:26:27,038 DEBUG server.RaftServer$Division (RaftServerImpl.java:logAppendEntries(1430)) - s6@group-6E994AD85659: succeeded to handle AppendEntries. Reply: s1<-s6#8434:OK-t1,SUCCESS,nextIndex=192,followerCommit=189,matchIndex=191
2023-03-17 00:26:27,038 DEBUG server.RaftServer$Division (RaftServerImpl.java:logAppendEntries(1430)) - s3@group-6E994AD85659: succeeded to handle AppendEntries. Reply: s1<-s3#8435:OK-t1,SUCCESS,nextIndex=192,followerCommit=189,matchIndex=191
2023-03-17 00:26:27,039 DEBUG server.RaftServer$Division (RaftServerImpl.java:logAppendEntries(1430)) - s14@group-6E994AD85659: receive appendEntries(s1, 1, (t:1, i:187), 189, true, commits:[s1:c189, s10:c187, s0:c187, s3:c188, s4:c187, s11:c185, s5:c187, s6:c187, s13:c187, s7:c185, s12:c187, s8:c185, s9:c187, s14:c186, s2:c187], cId:8422, entries: [(t:1, i:188), METADATAENTRY(c:187), (t:1, i:189), STATEMACHINELOGENTRY, 8401@client-E8995F8E72F5, (t:1, i:190), METADATAENTRY(c:189)]
2023-03-17 00:26:27,039 DEBUG server.RaftServer$Division (RaftServerImpl.java:logAppendEntries(1430)) - s13@group-6E994AD85659: receive appendEntries(s1, 1, (t:1, i:190), 189, true, commits:[s1:c189, s10:c187, s0:c187, s3:c189, s4:c189, s11:c185, s5:c187, s6:c189, s13:c189, s7:c185, s12:c189, s8:c185, s9:c189, s14:c186, s2:c187], cId:8437, entries: [(t:1, i:191), STATEMACHINELOGENTRY, 8431@client-E8995F8E72F5]
2023-03-17 00:26:27,039 DEBUG server.RaftServer$Division (RaftServerImpl.java:logAppendEntries(1430)) - s11@group-6E994AD85659: receive appendEntries(s1, 1, (t:1, i:187), 189, true, commits:[s1:c189, s10:c187, s0:c187, s3:c188, s4:c187, s11:c185, s5:c187, s6:c187, s13:c187, s7:c185, s12:c187, s8:c185, s9:c187, s14:c186, s2:c187], cId:8429, entries: [(t:1, i:188), METADATAENTRY(c:187), (t:1, i:189), STATEMACHINELOGENTRY, 8401@client-E8995F8E72F5, (t:1, i:190), METADATAENTRY(c:189)]
2023-03-17 00:26:27,040 DEBUG server.RaftServer$Division (RaftServerImpl.java:logAppendEntries(1430)) - s14@group-6E994AD85659: succeeded to handle AppendEntries. Reply: s1<-s14#8422:OK-t1,SUCCESS,nextIndex=191,followerCommit=189,matchIndex=190
2023-03-17 00:26:27,039 DEBUG server.RaftServer$Division (RaftServerImpl.java:logAppendEntries(1430)) - s13@group-6E994AD85659: succeeded to handle AppendEntries. Reply: s1<-s13#8437:OK-t1,SUCCESS,nextIndex=192,followerCommit=189,matchIndex=191
2023-03-17 00:26:27,040 DEBUG server.RaftServer$Division (RaftServerImpl.java:logAppendEntries(1430)) - s8@group-6E994AD85659: receive appendEntries(s1, 1, (t:1, i:187), 188, true, commits:[s1:c188, s10:c187, s0:c185, s3:c187, s4:c187, s11:c183, s5:c187, s6:c187, s13:c187, s7:c185, s12:c187, s8:c185, s9:c187, s14:c183, s2:c187], cId:8421, entries: [(t:1, i:188), METADATAENTRY(c:187), (t:1, i:189), STATEMACHINELOGENTRY, 8401@client-E8995F8E72F5]
2023-03-17 00:26:27,041 DEBUG server.RaftServer$Division (RaftServerImpl.java:logAppendEntries(1430)) - s8@group-6E994AD85659: succeeded to handle AppendEntries. Reply: s1<-s8#8421:OK-t1,SUCCESS,nextIndex=190,followerCommit=188,matchIndex=189
2023-03-17 00:26:27,058 DEBUG server.RaftServer$Division (RaftServerImpl.java:logAppendEntries(1430)) - s2@group-6E994AD85659: receive appendEntries(s1, 1, (t:1, i:189), 189, true, commits:[s1:c189, s10:c187, s0:c187, s3:c189, s4:c189, s11:c185, s5:c188, s6:c189, s13:c189, s7:c185, s12:c189, s8:c185, s9:c189, s14:c186, s2:c187], cId:8438, entries: [(t:1, i:190), METADATAENTRY(c:189), (t:1, i:191), STATEMACHINELOGENTRY, 8431@client-E8995F8E72F5]
2023-03-17 00:26:27,059 DEBUG server.RaftServer$Division (RaftServerImpl.java:logAppendEntries(1430)) - s10@group-6E994AD85659: receive appendEntries(s1, 1, (t:1, i:189), 189, true, commits:[s1:c189, s10:c187, s0:c187, s3:c189, s4:c189, s11:c185, s5:c188, s6:c189, s13:c189, s7:c185, s12:c189, s8:c185, s9:c189, s14:c186, s2:c187], cId:8439, entries: [(t:1, i:190), METADATAENTRY(c:189), (t:1, i:191), STATEMACHINELOGENTRY, 8431@client-E8995F8E72F5]
2023-03-17 00:26:27,059 DEBUG server.RaftServer$Division (RaftServerImpl.java:logAppendEntries(1430)) - s5@group-6E994AD85659: receive appendEntries(s1, 1, (t:1, i:189), 189, true, commits:[s1:c189, s10:c187, s0:c187, s3:c189, s4:c189, s11:c185, s5:c188, s6:c189, s13:c189, s7:c185, s12:c189, s8:c185, s9:c189, s14:c186, s2:c187], cId:8440, entries: [(t:1, i:190), METADATAENTRY(c:189), (t:1, i:191), STATEMACHINELOGENTRY, 8431@client-E8995F8E72F5]
2023-03-17 00:26:27,060 DEBUG server.RaftServer$Division (RaftServerImpl.java:logAppendEntries(1430)) - s11@group-6E994AD85659: succeeded to handle AppendEntries. Reply: s1<-s11#8429:OK-t1,SUCCESS,nextIndex=191,followerCommit=189,matchIndex=190
2023-03-17 00:26:27,061 DEBUG server.RaftServer$Division (RaftServerImpl.java:logAppendEntries(1430)) - s7@group-6E994AD85659: receive appendEntries(s1, 1, (t:1, i:189), 189, true, commits:[s1:c189, s10:c187, s0:c187, s3:c189, s4:c189, s11:c185, s5:c188, s6:c189, s13:c189, s7:c187, s12:c189, s8:c185, s9:c189, s14:c186, s2:c187], cId:8441, entries: [(t:1, i:190), METADATAENTRY(c:189), (t:1, i:191), STATEMACHINELOGENTRY, 8431@client-E8995F8E72F5]
2023-03-17 00:26:27,061 DEBUG server.RaftServer$Division (RaftServerImpl.java:logAppendEntries(1430)) - s0@group-6E994AD85659: receive appendEntries(s1, 1, (t:1, i:190), 189, true, commits:[s1:c189, s10:c187, s0:c189, s3:c189, s4:c189, s11:c185, s5:c188, s6:c189, s13:c189, s7:c187, s12:c189, s8:c185, s9:c189, s14:c186, s2:c187], cId:8442, entries: [(t:1, i:191), STATEMACHINELOGENTRY, 8431@client-E8995F8E72F5]
2023-03-17 00:26:27,061 DEBUG server.RaftServer$Division (RaftServerImpl.java:logAppendEntries(1430)) - s14@group-6E994AD85659: receive appendEntries(s1, 1, (t:1, i:190), 189, true, commits:[s1:c189, s10:c187, s0:c189, s3:c189, s4:c189, s11:c185, s5:c188, s6:c189, s13:c189, s7:c187, s12:c189, s8:c185, s9:c189, s14:c189, s2:c187], cId:8443, entries: [(t:1, i:191), STATEMACHINELOGENTRY, 8431@client-E8995F8E72F5]
2023-03-17 00:26:27,062 DEBUG server.RaftServer$Division (RaftServerImpl.java:logAppendEntries(1430)) - s5@group-6E994AD85659: succeeded to handle AppendEntries. Reply: s1<-s5#8440:OK-t1,SUCCESS,nextIndex=192,followerCommit=189,matchIndex=191
2023-03-17 00:26:27,062 DEBUG server.RaftServer$Division (RaftServerImpl.java:logAppendEntries(1430)) - s14@group-6E994AD85659: succeeded to handle AppendEntries. Reply: s1<-s14#8443:OK-t1,SUCCESS,nextIndex=192,followerCommit=189,matchIndex=191
2023-03-17 00:26:27,062 DEBUG server.RaftServer$Division (RaftServerImpl.java:logAppendEntries(1430)) - s10@group-6E994AD85659: succeeded to handle AppendEntries. Reply: s1<-s10#8439:OK-t1,SUCCESS,nextIndex=192,followerCommit=189,matchIndex=191
2023-03-17 00:26:27,063 DEBUG server.RaftServer$Division (RaftServerImpl.java:logAppendEntries(1430)) - s2@group-6E994AD85659: succeeded to handle AppendEntries. Reply: s1<-s2#8438:OK-t1,SUCCESS,nextIndex=192,followerCommit=189,matchIndex=191
2023-03-17 00:26:27,062 DEBUG server.RaftServer$Division (RaftServerImpl.java:logAppendEntries(1430)) - s0@group-6E994AD85659: succeeded to handle AppendEntries. Reply: s1<-s0#8442:OK-t1,SUCCESS,nextIndex=192,followerCommit=189,matchIndex=191
2023-03-17 00:26:27,063 DEBUG server.RaftServer$Division (RaftServerImpl.java:logAppendEntries(1430)) - s11@group-6E994AD85659: receive appendEntries(s1, 1, (t:1, i:190), 190, true, commits:[s1:c190, s10:c187, s0:c189, s3:c189, s4:c189, s11:c189, s5:c188, s6:c189, s13:c189, s7:c187, s12:c189, s8:c188, s9:c189, s14:c189, s2:c187], cId:8445, entries: [(t:1, i:191), STATEMACHINELOGENTRY, 8431@client-E8995F8E72F5]
2023-03-17 00:26:27,063 DEBUG server.RaftServer$Division (RaftServerImpl.java:logAppendEntries(1430)) - s7@group-6E994AD85659: succeeded to handle AppendEntries. Reply: s1<-s7#8441:OK-t1,SUCCESS,nextIndex=192,followerCommit=189,matchIndex=191
2023-03-17 00:26:27,063 DEBUG server.RaftServer$Division (RaftServerImpl.java:logAppendEntries(1430)) - s11@group-6E994AD85659: succeeded to handle AppendEntries. Reply: s1<-s11#8445:OK-t1,SUCCESS,nextIndex=192,followerCommit=190,matchIndex=191
2023-03-17 00:26:27,064 INFO  statemachine.StateMachine (ArithmeticStateMachine.java:applyTransaction(182)) - LEADER:s1-191: a = null = null
2023-03-17 00:26:27,065 DEBUG server.RaftServer$Division (RaftServerImpl.java:logAppendEntries(1430)) - s4@group-6E994AD85659: receive appendEntries(s1, 1, (t:1, i:191), 191, true, commits:[s1:c191, s10:c189, s0:c189, s3:c189, s4:c189, s11:c189, s5:c188, s6:c189, s13:c189, s7:c187, s12:c189, s8:c188, s9:c189, s14:c189, s2:c187], cId:8446, entries: [(t:1, i:192), METADATAENTRY(c:191)]
2023-03-17 00:26:27,065 DEBUG server.RaftServer$Division (RaftServerImpl.java:logAppendEntries(1430)) - s12@group-6E994AD85659: receive appendEntries(s1, 1, (t:1, i:191), 191, true, commits:[s1:c191, s10:c189, s0:c189, s3:c189, s4:c189, s11:c189, s5:c188, s6:c189, s13:c189, s7:c187, s12:c189, s8:c188, s9:c189, s14:c189, s2:c187], cId:8449, entries: [(t:1, i:192), METADATAENTRY(c:191)]
2023-03-17 00:26:27,065 DEBUG server.RaftServer$Division (RaftServerImpl.java:logAppendEntries(1430)) - s4@group-6E994AD85659: succeeded to handle AppendEntries. Reply: s1<-s4#8446:OK-t1,SUCCESS,nextIndex=193,followerCommit=191,matchIndex=192
2023-03-17 00:26:27,065 DEBUG server.RaftServer$Division (RaftServerImpl.java:logAppendEntries(1430)) - s3@group-6E994AD85659: receive appendEntries(s1, 1, (t:1, i:191), 191, true, commits:[s1:c191, s10:c189, s0:c189, s3:c189, s4:c189, s11:c189, s5:c189, s6:c189, s13:c189, s7:c187, s12:c189, s8:c188, s9:c189, s14:c189, s2:c187], cId:8452, entries: [(t:1, i:192), METADATAENTRY(c:191)]
2023-03-17 00:26:27,065 DEBUG server.RaftServer$Division (RaftServerImpl.java:logAppendEntries(1430)) - s13@group-6E994AD85659: receive appendEntries(s1, 1, (t:1, i:191), 191, true, commits:[s1:c191, s10:c189, s0:c189, s3:c189, s4:c189, s11:c189, s5:c188, s6:c189, s13:c189, s7:c187, s12:c189, s8:c188, s9:c189, s14:c189, s2:c187], cId:8447, entries: [(t:1, i:192), METADATAENTRY(c:191)]
2023-03-17 00:26:27,066 DEBUG server.RaftServer$Division (RaftServerImpl.java:logAppendEntries(1430)) - s12@group-6E994AD85659: succeeded to handle AppendEntries. Reply: s1<-s12#8449:OK-t1,SUCCESS,nextIndex=193,followerCommit=191,matchIndex=192
2023-03-17 00:26:27,066 DEBUG server.RaftServer$Division (RaftServerImpl.java:logAppendEntries(1430)) - s9@group-6E994AD85659: receive appendEntries(s1, 1, (t:1, i:191), 191, true, commits:[s1:c191, s10:c189, s0:c189, s3:c189, s4:c189, s11:c189, s5:c188, s6:c189, s13:c189, s7:c187, s12:c189, s8:c188, s9:c189, s14:c189, s2:c187], cId:8448, entries: [(t:1, i:192), METADATAENTRY(c:191)]
2023-03-17 00:26:27,066 DEBUG server.RaftServer$Division (RaftServerImpl.java:logAppendEntries(1430)) - s13@group-6E994AD85659: succeeded to handle AppendEntries. Reply: s1<-s13#8447:OK-t1,SUCCESS,nextIndex=193,followerCommit=191,matchIndex=192
2023-03-17 00:26:27,066 DEBUG server.RaftServer$Division (RaftServerImpl.java:logAppendEntries(1430)) - s3@group-6E994AD85659: succeeded to handle AppendEntries. Reply: s1<-s3#8452:OK-t1,SUCCESS,nextIndex=193,followerCommit=191,matchIndex=192
2023-03-17 00:26:27,066 DEBUG server.RaftServer$Division (RaftServerImpl.java:logAppendEntries(1430)) - s9@group-6E994AD85659: succeeded to handle AppendEntries. Reply: s1<-s9#8448:OK-t1,SUCCESS,nextIndex=193,followerCommit=191,matchIndex=192
2023-03-17 00:26:27,064 DEBUG server.RaftServer$Division (RaftServerImpl.java:logAppendEntries(1430)) - s8@group-6E994AD85659: receive appendEntries(s1, 1, (t:1, i:189), 190, true, commits:[s1:c190, s10:c187, s0:c189, s3:c189, s4:c189, s11:c185, s5:c188, s6:c189, s13:c189, s7:c187, s12:c189, s8:c188, s9:c189, s14:c189, s2:c187], cId:8444, entries: [(t:1, i:190), METADATAENTRY(c:189), (t:1, i:191), STATEMACHINELOGENTRY, 8431@client-E8995F8E72F5]
2023-03-17 00:26:27,067 DEBUG server.RaftServer$Division (RaftServerImpl.java:submitClientRequestAsync(835)) - s1@group-6E994AD85659: receive client request(RaftClientRequest:client-E8995F8E72F5->s1@group-6E994AD85659, cid=8450, seq=0, RW, Message:01016200)
2023-03-17 00:26:27,067 DEBUG server.RaftServer$Division (LeaderStateImpl.java:addPendingRequest(474)) - s1@group-6E994AD85659-LeaderStateImpl: addPendingRequest at RaftClientRequest:client-E8995F8E72F5->s1@group-6E994AD85659, cid=8450, seq=0, RW, Message:01016200, entry=(t:1, i:193), STATEMACHINELOGENTRY, 8450@client-E8995F8E72F5
2023-03-17 00:26:27,067 DEBUG server.RaftServer$Division (RaftServerImpl.java:logAppendEntries(1430)) - s6@group-6E994AD85659: receive appendEntries(s1, 1, (t:1, i:191), 191, true, commits:[s1:c191, s10:c189, s0:c189, s3:c189, s4:c189, s11:c189, s5:c189, s6:c189, s13:c191, s7:c187, s12:c189, s8:c188, s9:c191, s14:c189, s2:c187], cId:8454, entries: [(t:1, i:192), METADATAENTRY(c:191)]
2023-03-17 00:26:27,068 DEBUG server.RaftServer$Division (RaftServerImpl.java:logAppendEntries(1430)) - s8@group-6E994AD85659: succeeded to handle AppendEntries. Reply: s1<-s8#8444:OK-t1,SUCCESS,nextIndex=192,followerCommit=190,matchIndex=191
2023-03-17 00:26:27,068 DEBUG server.RaftServer$Division (RaftServerImpl.java:logAppendEntries(1430)) - s9@group-6E994AD85659: receive appendEntries(s1, 1, (t:1, i:192), 191, true, commits:[s1:c191, s10:c189, s0:c189, s3:c189, s4:c189, s11:c189, s5:c189, s6:c189, s13:c191, s7:c187, s12:c189, s8:c188, s9:c191, s14:c189, s2:c187], cId:8455, entries: [(t:1, i:193), STATEMACHINELOGENTRY, 8450@client-E8995F8E72F5]
2023-03-17 00:26:27,068 DEBUG server.RaftServer$Division (RaftServerImpl.java:logAppendEntries(1430)) - s6@group-6E994AD85659: succeeded to handle AppendEntries. Reply: s1<-s6#8454:OK-t1,SUCCESS,nextIndex=193,followerCommit=191,matchIndex=192
2023-03-17 00:26:27,068 DEBUG server.RaftServer$Division (RaftServerImpl.java:logAppendEntries(1430)) - s13@group-6E994AD85659: receive appendEntries(s1, 1, (t:1, i:192), 191, true, commits:[s1:c191, s10:c189, s0:c189, s3:c189, s4:c189, s11:c189, s5:c189, s6:c189, s13:c191, s7:c187, s12:c189, s8:c188, s9:c191, s14:c189, s2:c187], cId:8456, entries: [(t:1, i:193), STATEMACHINELOGENTRY, 8450@client-E8995F8E72F5]
2023-03-17 00:26:27,068 DEBUG server.RaftServer$Division (RaftServerImpl.java:logAppendEntries(1430)) - s9@group-6E994AD85659: succeeded to handle AppendEntries. Reply: s1<-s9#8455:OK-t1,SUCCESS,nextIndex=194,followerCommit=191,matchIndex=193
2023-03-17 00:26:27,069 DEBUG server.RaftServer$Division (RaftServerImpl.java:logAppendEntries(1430)) - s13@group-6E994AD85659: succeeded to handle AppendEntries. Reply: s1<-s13#8456:OK-t1,SUCCESS,nextIndex=194,followerCommit=191,matchIndex=193
2023-03-17 00:26:27,069 DEBUG server.RaftServer$Division (RaftServerImpl.java:logAppendEntries(1430)) - s0@group-6E994AD85659: receive appendEntries(s1, 1, (t:1, i:191), 191, true, commits:[s1:c191, s10:c189, s0:c189, s3:c189, s4:c189, s11:c189, s5:c189, s6:c189, s13:c191, s7:c187, s12:c191, s8:c188, s9:c191, s14:c189, s2:c187], cId:8459, entries: [(t:1, i:192), METADATAENTRY(c:191), (t:1, i:193), STATEMACHINELOGENTRY, 8450@client-E8995F8E72F5]
2023-03-17 00:26:27,069 DEBUG server.RaftServer$Division (RaftServerImpl.java:logAppendEntries(1430)) - s12@group-6E994AD85659: receive appendEntries(s1, 1, (t:1, i:192), 191, true, commits:[s1:c191, s10:c189, s0:c189, s3:c189, s4:c189, s11:c189, s5:c189, s6:c189, s13:c191, s7:c187, s12:c191, s8:c188, s9:c191, s14:c189, s2:c187], cId:8457, entries: [(t:1, i:193), STATEMACHINELOGENTRY, 8450@client-E8995F8E72F5]
2023-03-17 00:26:27,070 DEBUG server.RaftServer$Division (RaftServerImpl.java:logAppendEntries(1430)) - s14@group-6E994AD85659: receive appendEntries(s1, 1, (t:1, i:191), 191, true, commits:[s1:c191, s10:c189, s0:c189, s3:c189, s4:c189, s11:c189, s5:c189, s6:c189, s13:c191, s7:c187, s12:c191, s8:c188, s9:c191, s14:c189, s2:c187], cId:8458, entries: [(t:1, i:192), METADATAENTRY(c:191), (t:1, i:193), STATEMACHINELOGENTRY, 8450@client-E8995F8E72F5]
2023-03-17 00:26:27,070 DEBUG server.RaftServer$Division (RaftServerImpl.java:logAppendEntries(1430)) - s0@group-6E994AD85659: succeeded to handle AppendEntries. Reply: s1<-s0#8459:OK-t1,SUCCESS,nextIndex=194,followerCommit=191,matchIndex=193
2023-03-17 00:26:27,070 DEBUG server.RaftServer$Division (RaftServerImpl.java:logAppendEntries(1430)) - s12@group-6E994AD85659: succeeded to handle AppendEntries. Reply: s1<-s12#8457:OK-t1,SUCCESS,nextIndex=194,followerCommit=191,matchIndex=193
2023-03-17 00:26:27,070 DEBUG server.RaftServer$Division (RaftServerImpl.java:logAppendEntries(1430)) - s14@group-6E994AD85659: succeeded to handle AppendEntries. Reply: s1<-s14#8458:OK-t1,SUCCESS,nextIndex=194,followerCommit=191,matchIndex=193
2023-03-17 00:26:27,070 DEBUG server.RaftServer$Division (RaftServerImpl.java:logAppendEntries(1430)) - s4@group-6E994AD85659: receive appendEntries(s1, 1, (t:1, i:192), 191, true, commits:[s1:c191, s10:c189, s0:c189, s3:c191, s4:c191, s11:c190, s5:c189, s6:c189, s13:c191, s7:c189, s12:c191, s8:c188, s9:c191, s14:c189, s2:c187], cId:8463, entries: [(t:1, i:193), STATEMACHINELOGENTRY, 8450@client-E8995F8E72F5]
2023-03-17 00:26:27,070 DEBUG server.RaftServer$Division (RaftServerImpl.java:logAppendEntries(1430)) - s6@group-6E994AD85659: receive appendEntries(s1, 1, (t:1, i:192), 191, true, commits:[s1:c191, s10:c189, s0:c189, s3:c191, s4:c191, s11:c190, s5:c189, s6:c191, s13:c191, s7:c189, s12:c191, s8:c188, s9:c191, s14:c189, s2:c187], cId:8464, entries: [(t:1, i:193), STATEMACHINELOGENTRY, 8450@client-E8995F8E72F5]
2023-03-17 00:26:27,071 DEBUG server.RaftServer$Division (RaftServerImpl.java:logAppendEntries(1430)) - s4@group-6E994AD85659: succeeded to handle AppendEntries. Reply: s1<-s4#8463:OK-t1,SUCCESS,nextIndex=194,followerCommit=191,matchIndex=193
2023-03-17 00:26:27,071 DEBUG server.RaftServer$Division (RaftServerImpl.java:logAppendEntries(1430)) - s6@group-6E994AD85659: succeeded to handle AppendEntries. Reply: s1<-s6#8464:OK-t1,SUCCESS,nextIndex=194,followerCommit=191,matchIndex=193
2023-03-17 00:26:27,071 DEBUG server.RaftServer$Division (RaftServerImpl.java:logAppendEntries(1430)) - s3@group-6E994AD85659: receive appendEntries(s1, 1, (t:1, i:192), 191, true, commits:[s1:c191, s10:c189, s0:c189, s3:c191, s4:c189, s11:c190, s5:c189, s6:c189, s13:c191, s7:c189, s12:c191, s8:c188, s9:c191, s14:c189, s2:c187], cId:8462, entries: [(t:1, i:193), STATEMACHINELOGENTRY, 8450@client-E8995F8E72F5]
2023-03-17 00:26:27,071 DEBUG server.RaftServer$Division (RaftServerImpl.java:logAppendEntries(1430)) - s7@group-6E994AD85659: receive appendEntries(s1, 1, (t:1, i:191), 191, true, commits:[s1:c191, s10:c189, s0:c189, s3:c189, s4:c189, s11:c189, s5:c189, s6:c189, s13:c191, s7:c189, s12:c191, s8:c188, s9:c191, s14:c189, s2:c187], cId:8460, entries: [(t:1, i:192), METADATAENTRY(c:191), (t:1, i:193), STATEMACHINELOGENTRY, 8450@client-E8995F8E72F5]
2023-03-17 00:26:27,071 DEBUG server.RaftServer$Division (RaftServerImpl.java:logAppendEntries(1430)) - s3@group-6E994AD85659: succeeded to handle AppendEntries. Reply: s1<-s3#8462:OK-t1,SUCCESS,nextIndex=194,followerCommit=191,matchIndex=193
2023-03-17 00:26:27,072 DEBUG server.RaftServer$Division (RaftServerImpl.java:logAppendEntries(1430)) - s7@group-6E994AD85659: succeeded to handle AppendEntries. Reply: s1<-s7#8460:OK-t1,SUCCESS,nextIndex=194,followerCommit=191,matchIndex=193
2023-03-17 00:26:27,072 DEBUG server.RaftServer$Division (RaftServerImpl.java:logAppendEntries(1430)) - s11@group-6E994AD85659: receive appendEntries(s1, 1, (t:1, i:191), 191, true, commits:[s1:c191, s10:c189, s0:c189, s3:c189, s4:c189, s11:c190, s5:c189, s6:c189, s13:c191, s7:c189, s12:c191, s8:c188, s9:c191, s14:c189, s2:c187], cId:8461, entries: [(t:1, i:192), METADATAENTRY(c:191), (t:1, i:193), STATEMACHINELOGENTRY, 8450@client-E8995F8E72F5]
2023-03-17 00:26:27,073 DEBUG server.RaftServer$Division (RaftServerImpl.java:logAppendEntries(1430)) - s11@group-6E994AD85659: succeeded to handle AppendEntries. Reply: s1<-s11#8461:OK-t1,SUCCESS,nextIndex=194,followerCommit=191,matchIndex=193
2023-03-17 00:26:27,073 DEBUG server.RaftServer$Division (RaftServerImpl.java:logAppendEntries(1430)) - s10@group-6E994AD85659: receive appendEntries(s1, 1, (t:1, i:191), 191, true, commits:[s1:c191, s10:c189, s0:c189, s3:c189, s4:c189, s11:c189, s5:c189, s6:c189, s13:c189, s7:c187, s12:c189, s8:c188, s9:c189, s14:c189, s2:c187], cId:8453, entries: [(t:1, i:192), METADATAENTRY(c:191)]
2023-03-17 00:26:27,073 DEBUG server.RaftServer$Division (RaftServerImpl.java:logAppendEntries(1430)) - s5@group-6E994AD85659: receive appendEntries(s1, 1, (t:1, i:191), 191, true, commits:[s1:c191, s10:c189, s0:c189, s3:c189, s4:c189, s11:c189, s5:c189, s6:c189, s13:c189, s7:c187, s12:c189, s8:c188, s9:c189, s14:c189, s2:c187], cId:8451, entries: [(t:1, i:192), METADATAENTRY(c:191)]
2023-03-17 00:26:27,074 DEBUG server.RaftServer$Division (RaftServerImpl.java:logAppendEntries(1430)) - s10@group-6E994AD85659: succeeded to handle AppendEntries. Reply: s1<-s10#8453:OK-t1,SUCCESS,nextIndex=193,followerCommit=191,matchIndex=192
2023-03-17 00:26:27,074 DEBUG server.RaftServer$Division (RaftServerImpl.java:logAppendEntries(1430)) - s8@group-6E994AD85659: receive appendEntries(s1, 1, (t:1, i:191), 191, true, commits:[s1:c191, s10:c189, s0:c189, s3:c191, s4:c191, s11:c190, s5:c189, s6:c191, s13:c191, s7:c189, s12:c191, s8:c190, s9:c191, s14:c189, s2:c187], cId:8465, entries: [(t:1, i:192), METADATAENTRY(c:191), (t:1, i:193), STATEMACHINELOGENTRY, 8450@client-E8995F8E72F5]
2023-03-17 00:26:27,074 DEBUG server.RaftServer$Division (RaftServerImpl.java:logAppendEntries(1430)) - s5@group-6E994AD85659: succeeded to handle AppendEntries. Reply: s1<-s5#8451:OK-t1,SUCCESS,nextIndex=193,followerCommit=191,matchIndex=192
2023-03-17 00:26:27,075 DEBUG server.RaftServer$Division (RaftServerImpl.java:logAppendEntries(1430)) - s8@group-6E994AD85659: succeeded to handle AppendEntries. Reply: s1<-s8#8465:OK-t1,SUCCESS,nextIndex=194,followerCommit=191,matchIndex=193
2023-03-17 00:26:27,075 DEBUG server.RaftServer$Division (RaftServerImpl.java:logAppendEntries(1430)) - s2@group-6E994AD85659: receive appendEntries(s1, 1, (t:1, i:191), 191, true, commits:[s1:c191, s10:c189, s0:c189, s3:c191, s4:c191, s11:c190, s5:c189, s6:c191, s13:c191, s7:c189, s12:c191, s8:c190, s9:c191, s14:c189, s2:c189], cId:8466, entries: [(t:1, i:192), METADATAENTRY(c:191), (t:1, i:193), STATEMACHINELOGENTRY, 8450@client-E8995F8E72F5]
2023-03-17 00:26:27,075 DEBUG server.RaftServer$Division (RaftServerImpl.java:logAppendEntries(1430)) - s2@group-6E994AD85659: succeeded to handle AppendEntries. Reply: s1<-s2#8466:OK-t1,SUCCESS,nextIndex=194,followerCommit=191,matchIndex=193
2023-03-17 00:26:27,076 INFO  statemachine.StateMachine (ArithmeticStateMachine.java:applyTransaction(182)) - LEADER:s1-193: b = null = null
2023-03-17 00:26:27,077 DEBUG server.RaftServer$Division (RaftServerImpl.java:submitClientRequestAsync(835)) - s1@group-6E994AD85659: receive client request(RaftClientRequest:client-E8995F8E72F5->s1@group-6E994AD85659, cid=8478, seq=0, RW, Message:01016300)
2023-03-17 00:26:27,077 DEBUG server.RaftServer$Division (LeaderStateImpl.java:addPendingRequest(474)) - s1@group-6E994AD85659-LeaderStateImpl: addPendingRequest at RaftClientRequest:client-E8995F8E72F5->s1@group-6E994AD85659, cid=8478, seq=0, RW, Message:01016300, entry=(t:1, i:195), STATEMACHINELOGENTRY, 8478@client-E8995F8E72F5
2023-03-17 00:26:27,077 DEBUG server.RaftServer$Division (RaftServerImpl.java:logAppendEntries(1430)) - s9@group-6E994AD85659: receive appendEntries(s1, 1, (t:1, i:193), 193, true, commits:[s1:c193, s10:c189, s0:c191, s3:c191, s4:c191, s11:c191, s5:c191, s6:c191, s13:c191, s7:c191, s12:c191, s8:c191, s9:c191, s14:c191, s2:c191], cId:8477, entries: [(t:1, i:194), METADATAENTRY(c:193)]
2023-03-17 00:26:27,077 DEBUG server.RaftServer$Division (RaftServerImpl.java:logAppendEntries(1430)) - s4@group-6E994AD85659: receive appendEntries(s1, 1, (t:1, i:193), 193, true, commits:[s1:c193, s10:c189, s0:c191, s3:c191, s4:c191, s11:c191, s5:c191, s6:c191, s13:c191, s7:c191, s12:c191, s8:c191, s9:c191, s14:c191, s2:c191], cId:8476, entries: [(t:1, i:194), METADATAENTRY(c:193)]
2023-03-17 00:26:27,078 DEBUG server.RaftServer$Division (RaftServerImpl.java:logAppendEntries(1430)) - s13@group-6E994AD85659: receive appendEntries(s1, 1, (t:1, i:193), 193, true, commits:[s1:c193, s10:c189, s0:c191, s3:c191, s4:c191, s11:c191, s5:c191, s6:c191, s13:c191, s7:c191, s12:c191, s8:c191, s9:c191, s14:c191, s2:c191], cId:8475, entries: [(t:1, i:194), METADATAENTRY(c:193)]
2023-03-17 00:26:27,078 DEBUG server.RaftServer$Division (RaftServerImpl.java:logAppendEntries(1430)) - s4@group-6E994AD85659: succeeded to handle AppendEntries. Reply: s1<-s4#8476:OK-t1,SUCCESS,nextIndex=195,followerCommit=193,matchIndex=194
2023-03-17 00:26:27,078 DEBUG server.RaftServer$Division (RaftServerImpl.java:logAppendEntries(1430)) - s9@group-6E994AD85659: succeeded to handle AppendEntries. Reply: s1<-s9#8477:OK-t1,SUCCESS,nextIndex=195,followerCommit=193,matchIndex=194
2023-03-17 00:26:27,078 DEBUG server.RaftServer$Division (RaftServerImpl.java:logAppendEntries(1430)) - s5@group-6E994AD85659: receive appendEntries(s1, 1, (t:1, i:192), 193, true, commits:[s1:c193, s10:c189, s0:c191, s3:c191, s4:c191, s11:c191, s5:c191, s6:c191, s13:c191, s7:c191, s12:c191, s8:c190, s9:c191, s14:c191, s2:c191], cId:8468, entries: [(t:1, i:193), STATEMACHINELOGENTRY, 8450@client-E8995F8E72F5, (t:1, i:194), METADATAENTRY(c:193)]
2023-03-17 00:26:27,079 DEBUG server.RaftServer$Division (RaftServerImpl.java:logAppendEntries(1430)) - s9@group-6E994AD85659: receive appendEntries(s1, 1, (t:1, i:194), 193, true, commits:[s1:c193, s10:c191, s0:c191, s3:c191, s4:c191, s11:c191, s5:c191, s6:c191, s13:c191, s7:c191, s12:c191, s8:c191, s9:c193, s14:c191, s2:c191], cId:8482, entries: [(t:1, i:195), STATEMACHINELOGENTRY, 8478@client-E8995F8E72F5]
2023-03-17 00:26:27,079 DEBUG server.RaftServer$Division (RaftServerImpl.java:logAppendEntries(1430)) - s5@group-6E994AD85659: succeeded to handle AppendEntries. Reply: s1<-s5#8468:OK-t1,SUCCESS,nextIndex=195,followerCommit=193,matchIndex=194
2023-03-17 00:26:27,079 DEBUG server.RaftServer$Division (RaftServerImpl.java:logAppendEntries(1430)) - s13@group-6E994AD85659: succeeded to handle AppendEntries. Reply: s1<-s13#8475:OK-t1,SUCCESS,nextIndex=195,followerCommit=193,matchIndex=194
2023-03-17 00:26:27,079 DEBUG server.RaftServer$Division (RaftServerImpl.java:logAppendEntries(1430)) - s12@group-6E994AD85659: receive appendEntries(s1, 1, (t:1, i:193), 193, true, commits:[s1:c193, s10:c189, s0:c191, s3:c191, s4:c191, s11:c191, s5:c191, s6:c191, s13:c191, s7:c191, s12:c191, s8:c191, s9:c191, s14:c191, s2:c191], cId:8479, entries: [(t:1, i:194), METADATAENTRY(c:193)]
2023-03-17 00:26:27,078 DEBUG server.RaftServer$Division (RaftServerImpl.java:logAppendEntries(1430)) - s6@group-6E994AD85659: receive appendEntries(s1, 1, (t:1, i:193), 193, true, commits:[s1:c193, s10:c191, s0:c191, s3:c191, s4:c191, s11:c191, s5:c191, s6:c191, s13:c191, s7:c191, s12:c191, s8:c191, s9:c191, s14:c191, s2:c191], cId:8481, entries: [(t:1, i:194), METADATAENTRY(c:193)]
2023-03-17 00:26:27,079 DEBUG server.RaftServer$Division (RaftServerImpl.java:logAppendEntries(1430)) - s9@group-6E994AD85659: succeeded to handle AppendEntries. Reply: s1<-s9#8482:OK-t1,SUCCESS,nextIndex=196,followerCommit=193,matchIndex=195
2023-03-17 00:26:27,080 DEBUG server.RaftServer$Division (RaftServerImpl.java:logAppendEntries(1430)) - s12@group-6E994AD85659: succeeded to handle AppendEntries. Reply: s1<-s12#8479:OK-t1,SUCCESS,nextIndex=195,followerCommit=193,matchIndex=194
2023-03-17 00:26:27,080 DEBUG server.RaftServer$Division (RaftServerImpl.java:logAppendEntries(1430)) - s13@group-6E994AD85659: receive appendEntries(s1, 1, (t:1, i:194), 193, true, commits:[s1:c193, s10:c191, s0:c191, s3:c191, s4:c191, s11:c191, s5:c191, s6:c191, s13:c193, s7:c191, s12:c191, s8:c191, s9:c193, s14:c191, s2:c191], cId:8483, entries: [(t:1, i:195), STATEMACHINELOGENTRY, 8478@client-E8995F8E72F5]
2023-03-17 00:26:27,080 DEBUG server.RaftServer$Division (RaftServerImpl.java:logAppendEntries(1430)) - s0@group-6E994AD85659: receive appendEntries(s1, 1, (t:1, i:193), 193, true, commits:[s1:c193, s10:c189, s0:c191, s3:c191, s4:c191, s11:c191, s5:c191, s6:c191, s13:c191, s7:c191, s12:c191, s8:c190, s9:c191, s14:c191, s2:c191], cId:8470, entries: [(t:1, i:194), METADATAENTRY(c:193)]
2023-03-17 00:26:27,080 DEBUG server.RaftServer$Division (RaftServerImpl.java:logAppendEntries(1430)) - s14@group-6E994AD85659: receive appendEntries(s1, 1, (t:1, i:193), 193, true, commits:[s1:c193, s10:c189, s0:c191, s3:c191, s4:c191, s11:c191, s5:c191, s6:c191, s13:c191, s7:c191, s12:c191, s8:c190, s9:c191, s14:c191, s2:c191], cId:8471, entries: [(t:1, i:194), METADATAENTRY(c:193)]
2023-03-17 00:26:27,081 DEBUG server.RaftServer$Division (RaftServerImpl.java:logAppendEntries(1430)) - s11@group-6E994AD85659: receive appendEntries(s1, 1, (t:1, i:193), 193, true, commits:[s1:c193, s10:c189, s0:c191, s3:c191, s4:c191, s11:c191, s5:c191, s6:c191, s13:c191, s7:c191, s12:c191, s8:c190, s9:c191, s14:c191, s2:c191], cId:8472, entries: [(t:1, i:194), METADATAENTRY(c:193)]
2023-03-17 00:26:27,081 DEBUG server.RaftServer$Division (RaftServerImpl.java:logAppendEntries(1430)) - s13@group-6E994AD85659: succeeded to handle AppendEntries. Reply: s1<-s13#8483:OK-t1,SUCCESS,nextIndex=196,followerCommit=193,matchIndex=195
2023-03-17 00:26:27,081 DEBUG server.RaftServer$Division (RaftServerImpl.java:logAppendEntries(1430)) - s0@group-6E994AD85659: succeeded to handle AppendEntries. Reply: s1<-s0#8470:OK-t1,SUCCESS,nextIndex=195,followerCommit=193,matchIndex=194
2023-03-17 00:26:27,081 DEBUG server.RaftServer$Division (RaftServerImpl.java:logAppendEntries(1430)) - s2@group-6E994AD85659: receive appendEntries(s1, 1, (t:1, i:193), 193, true, commits:[s1:c193, s10:c189, s0:c191, s3:c191, s4:c191, s11:c191, s5:c191, s6:c191, s13:c191, s7:c191, s12:c191, s8:c190, s9:c191, s14:c191, s2:c191], cId:8467, entries: [(t:1, i:194), METADATAENTRY(c:193)]
2023-03-17 00:26:27,082 DEBUG server.RaftServer$Division (RaftServerImpl.java:logAppendEntries(1430)) - s11@group-6E994AD85659: succeeded to handle AppendEntries. Reply: s1<-s11#8472:OK-t1,SUCCESS,nextIndex=195,followerCommit=193,matchIndex=194
2023-03-17 00:26:27,082 DEBUG server.RaftServer$Division (RaftServerImpl.java:logAppendEntries(1430)) - s2@group-6E994AD85659: succeeded to handle AppendEntries. Reply: s1<-s2#8467:OK-t1,SUCCESS,nextIndex=195,followerCommit=193,matchIndex=194
2023-03-17 00:26:27,079 DEBUG server.RaftServer$Division (RaftServerImpl.java:logAppendEntries(1430)) - s3@group-6E994AD85659: receive appendEntries(s1, 1, (t:1, i:193), 193, true, commits:[s1:c193, s10:c189, s0:c191, s3:c191, s4:c191, s11:c191, s5:c191, s6:c191, s13:c191, s7:c191, s12:c191, s8:c191, s9:c191, s14:c191, s2:c191], cId:8474, entries: [(t:1, i:194), METADATAENTRY(c:193)]
2023-03-17 00:26:27,081 DEBUG server.RaftServer$Division (RaftServerImpl.java:logAppendEntries(1430)) - s14@group-6E994AD85659: succeeded to handle AppendEntries. Reply: s1<-s14#8471:OK-t1,SUCCESS,nextIndex=195,followerCommit=193,matchIndex=194
2023-03-17 00:26:27,080 DEBUG server.RaftServer$Division (RaftServerImpl.java:logAppendEntries(1430)) - s7@group-6E994AD85659: receive appendEntries(s1, 1, (t:1, i:193), 193, true, commits:[s1:c193, s10:c189, s0:c191, s3:c191, s4:c191, s11:c191, s5:c191, s6:c191, s13:c191, s7:c191, s12:c191, s8:c190, s9:c191, s14:c191, s2:c191], cId:8469, entries: [(t:1, i:194), METADATAENTRY(c:193)]
2023-03-17 00:26:27,080 DEBUG server.RaftServer$Division (RaftServerImpl.java:logAppendEntries(1430)) - s6@group-6E994AD85659: succeeded to handle AppendEntries. Reply: s1<-s6#8481:OK-t1,SUCCESS,nextIndex=195,followerCommit=193,matchIndex=194
2023-03-17 00:26:27,083 DEBUG server.RaftServer$Division (RaftServerImpl.java:logAppendEntries(1430)) - s3@group-6E994AD85659: succeeded to handle AppendEntries. Reply: s1<-s3#8474:OK-t1,SUCCESS,nextIndex=195,followerCommit=193,matchIndex=194
2023-03-17 00:26:27,083 DEBUG server.RaftServer$Division (RaftServerImpl.java:logAppendEntries(1430)) - s7@group-6E994AD85659: succeeded to handle AppendEntries. Reply: s1<-s7#8469:OK-t1,SUCCESS,nextIndex=195,followerCommit=193,matchIndex=194
2023-03-17 00:26:27,083 DEBUG server.RaftServer$Division (RaftServerImpl.java:logAppendEntries(1430)) - s4@group-6E994AD85659: receive appendEntries(s1, 1, (t:1, i:194), 193, true, commits:[s1:c193, s10:c191, s0:c191, s3:c191, s4:c193, s11:c191, s5:c191, s6:c191, s13:c193, s7:c191, s12:c193, s8:c191, s9:c193, s14:c191, s2:c191], cId:8485, entries: [(t:1, i:195), STATEMACHINELOGENTRY, 8478@client-E8995F8E72F5]
2023-03-17 00:26:27,083 DEBUG server.RaftServer$Division (RaftServerImpl.java:logAppendEntries(1430)) - s12@group-6E994AD85659: receive appendEntries(s1, 1, (t:1, i:194), 193, true, commits:[s1:c193, s10:c191, s0:c191, s3:c191, s4:c191, s11:c191, s5:c191, s6:c191, s13:c193, s7:c191, s12:c193, s8:c191, s9:c193, s14:c191, s2:c191], cId:8484, entries: [(t:1, i:195), STATEMACHINELOGENTRY, 8478@client-E8995F8E72F5]
2023-03-17 00:26:27,083 DEBUG server.RaftServer$Division (RaftServerImpl.java:logAppendEntries(1430)) - s4@group-6E994AD85659: succeeded to handle AppendEntries. Reply: s1<-s4#8485:OK-t1,SUCCESS,nextIndex=196,followerCommit=193,matchIndex=195
2023-03-17 00:26:27,084 DEBUG server.RaftServer$Division (RaftServerImpl.java:logAppendEntries(1430)) - s6@group-6E994AD85659: receive appendEntries(s1, 1, (t:1, i:194), 193, true, commits:[s1:c193, s10:c191, s0:c191, s3:c191, s4:c193, s11:c191, s5:c191, s6:c193, s13:c193, s7:c191, s12:c193, s8:c191, s9:c193, s14:c191, s2:c191], cId:8486, entries: [(t:1, i:195), STATEMACHINELOGENTRY, 8478@client-E8995F8E72F5]
2023-03-17 00:26:27,084 DEBUG server.RaftServer$Division (RaftServerImpl.java:logAppendEntries(1430)) - s12@group-6E994AD85659: succeeded to handle AppendEntries. Reply: s1<-s12#8484:OK-t1,SUCCESS,nextIndex=196,followerCommit=193,matchIndex=195
2023-03-17 00:26:27,084 DEBUG server.RaftServer$Division (RaftServerImpl.java:logAppendEntries(1430)) - s6@group-6E994AD85659: succeeded to handle AppendEntries. Reply: s1<-s6#8486:OK-t1,SUCCESS,nextIndex=196,followerCommit=193,matchIndex=195
2023-03-17 00:26:27,085 DEBUG server.RaftServer$Division (RaftServerImpl.java:logAppendEntries(1430)) - s10@group-6E994AD85659: receive appendEntries(s1, 1, (t:1, i:192), 193, true, commits:[s1:c193, s10:c191, s0:c191, s3:c191, s4:c191, s11:c191, s5:c191, s6:c191, s13:c191, s7:c191, s12:c191, s8:c191, s9:c191, s14:c191, s2:c191], cId:8480, entries: [(t:1, i:193), STATEMACHINELOGENTRY, 8450@client-E8995F8E72F5, (t:1, i:194), METADATAENTRY(c:193)]
2023-03-17 00:26:27,085 DEBUG server.RaftServer$Division (RaftServerImpl.java:logAppendEntries(1430)) - s8@group-6E994AD85659: receive appendEntries(s1, 1, (t:1, i:193), 193, true, commits:[s1:c193, s10:c189, s0:c191, s3:c191, s4:c191, s11:c191, s5:c191, s6:c191, s13:c191, s7:c191, s12:c191, s8:c191, s9:c191, s14:c191, s2:c191], cId:8473, entries: [(t:1, i:194), METADATAENTRY(c:193)]
2023-03-17 00:26:27,085 DEBUG server.RaftServer$Division (RaftServerImpl.java:logAppendEntries(1430)) - s10@group-6E994AD85659: succeeded to handle AppendEntries. Reply: s1<-s10#8480:OK-t1,SUCCESS,nextIndex=195,followerCommit=193,matchIndex=194
2023-03-17 00:26:27,085 DEBUG server.RaftServer$Division (RaftServerImpl.java:logAppendEntries(1430)) - s8@group-6E994AD85659: succeeded to handle AppendEntries. Reply: s1<-s8#8473:OK-t1,SUCCESS,nextIndex=195,followerCommit=193,matchIndex=194
2023-03-17 00:26:27,086 DEBUG server.RaftServer$Division (RaftServerImpl.java:logAppendEntries(1430)) - s7@group-6E994AD85659: receive appendEntries(s1, 1, (t:1, i:194), 193, true, commits:[s1:c193, s10:c191, s0:c193, s3:c191, s4:c193, s11:c191, s5:c191, s6:c193, s13:c193, s7:c193, s12:c193, s8:c191, s9:c193, s14:c193, s2:c191], cId:8489, entries: [(t:1, i:195), STATEMACHINELOGENTRY, 8478@client-E8995F8E72F5]
2023-03-17 00:26:27,086 DEBUG server.RaftServer$Division (RaftServerImpl.java:logAppendEntries(1430)) - s14@group-6E994AD85659: receive appendEntries(s1, 1, (t:1, i:194), 193, true, commits:[s1:c193, s10:c191, s0:c193, s3:c191, s4:c193, s11:c191, s5:c191, s6:c193, s13:c193, s7:c191, s12:c193, s8:c191, s9:c193, s14:c193, s2:c191], cId:8488, entries: [(t:1, i:195), STATEMACHINELOGENTRY, 8478@client-E8995F8E72F5]
2023-03-17 00:26:27,086 DEBUG server.RaftServer$Division (RaftServerImpl.java:logAppendEntries(1430)) - s0@group-6E994AD85659: receive appendEntries(s1, 1, (t:1, i:194), 193, true, commits:[s1:c193, s10:c191, s0:c193, s3:c191, s4:c193, s11:c191, s5:c191, s6:c193, s13:c193, s7:c191, s12:c193, s8:c191, s9:c193, s14:c191, s2:c191], cId:8487, entries: [(t:1, i:195), STATEMACHINELOGENTRY, 8478@client-E8995F8E72F5]
2023-03-17 00:26:27,087 DEBUG server.RaftServer$Division (RaftServerImpl.java:logAppendEntries(1430)) - s5@group-6E994AD85659: receive appendEntries(s1, 1, (t:1, i:194), 194, true, commits:[s1:c194, s10:c191, s0:c193, s3:c191, s4:c193, s11:c191, s5:c193, s6:c193, s13:c193, s7:c193, s12:c193, s8:c191, s9:c193, s14:c193, s2:c191], cId:8490, entries: [(t:1, i:195), STATEMACHINELOGENTRY, 8478@client-E8995F8E72F5]
2023-03-17 00:26:27,087 DEBUG server.RaftServer$Division (RaftServerImpl.java:logAppendEntries(1430)) - s7@group-6E994AD85659: succeeded to handle AppendEntries. Reply: s1<-s7#8489:OK-t1,SUCCESS,nextIndex=196,followerCommit=193,matchIndex=195
2023-03-17 00:26:27,087 DEBUG server.RaftServer$Division (RaftServerImpl.java:logAppendEntries(1430)) - s14@group-6E994AD85659: succeeded to handle AppendEntries. Reply: s1<-s14#8488:OK-t1,SUCCESS,nextIndex=196,followerCommit=193,matchIndex=195
2023-03-17 00:26:27,087 DEBUG server.RaftServer$Division (RaftServerImpl.java:logAppendEntries(1430)) - s0@group-6E994AD85659: succeeded to handle AppendEntries. Reply: s1<-s0#8487:OK-t1,SUCCESS,nextIndex=196,followerCommit=193,matchIndex=195
2023-03-17 00:26:27,087 DEBUG server.RaftServer$Division (RaftServerImpl.java:logAppendEntries(1430)) - s5@group-6E994AD85659: succeeded to handle AppendEntries. Reply: s1<-s5#8490:OK-t1,SUCCESS,nextIndex=196,followerCommit=194,matchIndex=195
2023-03-17 00:26:27,087 DEBUG server.RaftServer$Division (RaftServerImpl.java:logAppendEntries(1430)) - s3@group-6E994AD85659: receive appendEntries(s1, 1, (t:1, i:194), 194, true, commits:[s1:c194, s10:c191, s0:c193, s3:c193, s4:c193, s11:c191, s5:c193, s6:c193, s13:c193, s7:c193, s12:c193, s8:c191, s9:c193, s14:c193, s2:c191], cId:8491, entries: [(t:1, i:195), STATEMACHINELOGENTRY, 8478@client-E8995F8E72F5]
2023-03-17 00:26:27,088 DEBUG server.RaftServer$Division (RaftServerImpl.java:logAppendEntries(1430)) - s3@group-6E994AD85659: succeeded to handle AppendEntries. Reply: s1<-s3#8491:OK-t1,SUCCESS,nextIndex=196,followerCommit=194,matchIndex=195
2023-03-17 00:26:27,088 INFO  statemachine.StateMachine (ArithmeticStateMachine.java:applyTransaction(182)) - LEADER:s1-195: c = null = null
2023-03-17 00:26:27,089 DEBUG server.RaftServer$Division (RaftServerImpl.java:logAppendEntries(1430)) - s10@group-6E994AD85659: receive appendEntries(s1, 1, (t:1, i:194), 194, true, commits:[s1:c194, s10:c193, s0:c193, s3:c193, s4:c193, s11:c191, s5:c193, s6:c193, s13:c193, s7:c193, s12:c193, s8:c193, s9:c193, s14:c193, s2:c193], cId:8494, entries: [(t:1, i:195), STATEMACHINELOGENTRY, 8478@client-E8995F8E72F5]
2023-03-17 00:26:27,089 DEBUG server.RaftServer$Division (RaftServerImpl.java:submitClientRequestAsync(835)) - s1@group-6E994AD85659: receive client request(RaftClientRequest:client-E8995F8E72F5->s1@group-6E994AD85659, cid=8502, seq=0, RW, Message:01016102405cc0000000...(size=12))
2023-03-17 00:26:27,089 DEBUG server.RaftServer$Division (LeaderStateImpl.java:addPendingRequest(474)) - s1@group-6E994AD85659-LeaderStateImpl: addPendingRequest at RaftClientRequest:client-E8995F8E72F5->s1@group-6E994AD85659, cid=8502, seq=0, RW, Message:01016102405cc0000000...(size=12), entry=(t:1, i:197), STATEMACHINELOGENTRY, 8502@client-E8995F8E72F5
2023-03-17 00:26:27,090 DEBUG server.RaftServer$Division (RaftServerImpl.java:logAppendEntries(1430)) - s10@group-6E994AD85659: succeeded to handle AppendEntries. Reply: s1<-s10#8494:OK-t1,SUCCESS,nextIndex=196,followerCommit=194,matchIndex=195
2023-03-17 00:26:27,090 DEBUG server.RaftServer$Division (RaftServerImpl.java:logAppendEntries(1430)) - s8@group-6E994AD85659: receive appendEntries(s1, 1, (t:1, i:194), 194, true, commits:[s1:c194, s10:c191, s0:c193, s3:c193, s4:c193, s11:c191, s5:c193, s6:c193, s13:c193, s7:c193, s12:c193, s8:c193, s9:c193, s14:c193, s2:c193], cId:8493, entries: [(t:1, i:195), STATEMACHINELOGENTRY, 8478@client-E8995F8E72F5]
2023-03-17 00:26:27,090 DEBUG server.RaftServer$Division (RaftServerImpl.java:logAppendEntries(1430)) - s8@group-6E994AD85659: succeeded to handle AppendEntries. Reply: s1<-s8#8493:OK-t1,SUCCESS,nextIndex=196,followerCommit=194,matchIndex=195
2023-03-17 00:26:27,091 DEBUG server.RaftServer$Division (RaftServerImpl.java:logAppendEntries(1430)) - s13@group-6E994AD85659: receive appendEntries(s1, 1, (t:1, i:195), 195, true, commits:[s1:c195, s10:c193, s0:c193, s3:c193, s4:c193, s11:c191, s5:c194, s6:c193, s13:c193, s7:c193, s12:c193, s8:c193, s9:c193, s14:c193, s2:c193], cId:8501, entries: [(t:1, i:196), METADATAENTRY(c:195)]
2023-03-17 00:26:27,091 DEBUG server.RaftServer$Division (RaftServerImpl.java:logAppendEntries(1430)) - s2@group-6E994AD85659: receive appendEntries(s1, 1, (t:1, i:194), 194, true, commits:[s1:c194, s10:c191, s0:c193, s3:c193, s4:c193, s11:c191, s5:c193, s6:c193, s13:c193, s7:c193, s12:c193, s8:c191, s9:c193, s14:c193, s2:c193], cId:8492, entries: [(t:1, i:195), STATEMACHINELOGENTRY, 8478@client-E8995F8E72F5]
2023-03-17 00:26:27,090 DEBUG server.RaftServer$Division (RaftServerImpl.java:logAppendEntries(1430)) - s9@group-6E994AD85659: receive appendEntries(s1, 1, (t:1, i:195), 195, true, commits:[s1:c195, s10:c193, s0:c193, s3:c193, s4:c193, s11:c191, s5:c194, s6:c193, s13:c193, s7:c193, s12:c193, s8:c193, s9:c193, s14:c193, s2:c193], cId:8500, entries: [(t:1, i:196), METADATAENTRY(c:195)]
2023-03-17 00:26:27,091 DEBUG server.RaftServer$Division (RaftServerImpl.java:logAppendEntries(1430)) - s13@group-6E994AD85659: succeeded to handle AppendEntries. Reply: s1<-s13#8501:OK-t1,SUCCESS,nextIndex=197,followerCommit=195,matchIndex=196
2023-03-17 00:26:27,091 DEBUG server.RaftServer$Division (RaftServerImpl.java:logAppendEntries(1430)) - s2@group-6E994AD85659: succeeded to handle AppendEntries. Reply: s1<-s2#8492:OK-t1,SUCCESS,nextIndex=196,followerCommit=194,matchIndex=195
2023-03-17 00:26:27,091 DEBUG server.RaftServer$Division (RaftServerImpl.java:logAppendEntries(1430)) - s9@group-6E994AD85659: succeeded to handle AppendEntries. Reply: s1<-s9#8500:OK-t1,SUCCESS,nextIndex=197,followerCommit=195,matchIndex=196
2023-03-17 00:26:27,091 DEBUG server.RaftServer$Division (RaftServerImpl.java:logAppendEntries(1430)) - s12@group-6E994AD85659: receive appendEntries(s1, 1, (t:1, i:195), 195, true, commits:[s1:c195, s10:c193, s0:c193, s3:c193, s4:c193, s11:c191, s5:c194, s6:c193, s13:c193, s7:c193, s12:c193, s8:c193, s9:c193, s14:c193, s2:c193], cId:8498, entries: [(t:1, i:196), METADATAENTRY(c:195)]
2023-03-17 00:26:27,092 DEBUG server.RaftServer$Division (RaftServerImpl.java:logAppendEntries(1430)) - s6@group-6E994AD85659: receive appendEntries(s1, 1, (t:1, i:195), 195, true, commits:[s1:c195, s10:c193, s0:c193, s3:c193, s4:c193, s11:c191, s5:c194, s6:c193, s13:c193, s7:c193, s12:c193, s8:c193, s9:c193, s14:c193, s2:c193], cId:8503, entries: [(t:1, i:196), METADATAENTRY(c:195)]
2023-03-17 00:26:27,092 DEBUG server.RaftServer$Division (RaftServerImpl.java:logAppendEntries(1430)) - s12@group-6E994AD85659: succeeded to handle AppendEntries. Reply: s1<-s12#8498:OK-t1,SUCCESS,nextIndex=197,followerCommit=195,matchIndex=196
2023-03-17 00:26:27,093 DEBUG server.RaftServer$Division (RaftServerImpl.java:logAppendEntries(1430)) - s6@group-6E994AD85659: succeeded to handle AppendEntries. Reply: s1<-s6#8503:OK-t1,SUCCESS,nextIndex=197,followerCommit=195,matchIndex=196
2023-03-17 00:26:27,093 DEBUG server.RaftServer$Division (RaftServerImpl.java:logAppendEntries(1430)) - s13@group-6E994AD85659: receive appendEntries(s1, 1, (t:1, i:196), 195, true, commits:[s1:c195, s10:c193, s0:c193, s3:c194, s4:c193, s11:c191, s5:c194, s6:c193, s13:c195, s7:c193, s12:c193, s8:c193, s9:c193, s14:c193, s2:c193], cId:8505, entries: [(t:1, i:197), STATEMACHINELOGENTRY, 8502@client-E8995F8E72F5]
2023-03-17 00:26:27,093 DEBUG server.RaftServer$Division (RaftServerImpl.java:logAppendEntries(1430)) - s9@group-6E994AD85659: receive appendEntries(s1, 1, (t:1, i:196), 195, true, commits:[s1:c195, s10:c193, s0:c193, s3:c194, s4:c193, s11:c191, s5:c194, s6:c193, s13:c195, s7:c193, s12:c193, s8:c193, s9:c195, s14:c193, s2:c193], cId:8506, entries: [(t:1, i:197), STATEMACHINELOGENTRY, 8502@client-E8995F8E72F5]
2023-03-17 00:26:27,103 DEBUG server.RaftServer$Division (RaftServerImpl.java:logAppendEntries(1430)) - s14@group-6E994AD85659: receive appendEntries(s1, 1, (t:1, i:195), 195, true, commits:[s1:c195, s10:c193, s0:c193, s3:c193, s4:c193, s11:c191, s5:c194, s6:c193, s13:c193, s7:c193, s12:c193, s8:c193, s9:c193, s14:c193, s2:c193], cId:8495, entries: [(t:1, i:196), METADATAENTRY(c:195)]
2023-03-17 00:26:27,103 DEBUG server.RaftServer$Division (RaftServerImpl.java:logAppendEntries(1430)) - s10@group-6E994AD85659: receive appendEntries(s1, 1, (t:1, i:195), 195, true, commits:[s1:c195, s10:c194, s0:c193, s3:c194, s4:c193, s11:c191, s5:c194, s6:c195, s13:c195, s7:c193, s12:c195, s8:c193, s9:c195, s14:c193, s2:c193], cId:8509, entries: [(t:1, i:196), METADATAENTRY(c:195), (t:1, i:197), STATEMACHINELOGENTRY, 8502@client-E8995F8E72F5]
2023-03-17 00:26:27,103 DEBUG server.RaftServer$Division (RaftServerImpl.java:logAppendEntries(1430)) - s0@group-6E994AD85659: receive appendEntries(s1, 1, (t:1, i:195), 195, true, commits:[s1:c195, s10:c193, s0:c193, s3:c193, s4:c193, s11:c191, s5:c194, s6:c193, s13:c193, s7:c193, s12:c193, s8:c193, s9:c193, s14:c193, s2:c193], cId:8497, entries: [(t:1, i:196), METADATAENTRY(c:195)]
2023-03-17 00:26:27,103 DEBUG server.RaftServer$Division (RaftServerImpl.java:logAppendEntries(1430)) - s8@group-6E994AD85659: receive appendEntries(s1, 1, (t:1, i:195), 195, true, commits:[s1:c195, s10:c194, s0:c193, s3:c194, s4:c193, s11:c191, s5:c194, s6:c195, s13:c195, s7:c193, s12:c195, s8:c194, s9:c195, s14:c193, s2:c193], cId:8510, entries: [(t:1, i:196), METADATAENTRY(c:195), (t:1, i:197), STATEMACHINELOGENTRY, 8502@client-E8995F8E72F5]
2023-03-17 00:26:27,103 DEBUG server.RaftServer$Division (RaftServerImpl.java:logAppendEntries(1430)) - s13@group-6E994AD85659: succeeded to handle AppendEntries. Reply: s1<-s13#8505:OK-t1,SUCCESS,nextIndex=198,followerCommit=195,matchIndex=197
2023-03-17 00:26:27,103 DEBUG server.RaftServer$Division (RaftServerImpl.java:logAppendEntries(1430)) - s2@group-6E994AD85659: receive appendEntries(s1, 1, (t:1, i:195), 195, true, commits:[s1:c195, s10:c194, s0:c193, s3:c194, s4:c193, s11:c191, s5:c194, s6:c195, s13:c195, s7:c193, s12:c195, s8:c194, s9:c195, s14:c193, s2:c194], cId:8511, entries: [(t:1, i:196), METADATAENTRY(c:195), (t:1, i:197), STATEMACHINELOGENTRY, 8502@client-E8995F8E72F5]
2023-03-17 00:26:27,103 DEBUG server.RaftServer$Division (RaftServerImpl.java:logAppendEntries(1430)) - s14@group-6E994AD85659: succeeded to handle AppendEntries. Reply: s1<-s14#8495:OK-t1,SUCCESS,nextIndex=197,followerCommit=195,matchIndex=196
2023-03-17 00:26:27,104 DEBUG server.RaftServer$Division (RaftServerImpl.java:logAppendEntries(1430)) - s0@group-6E994AD85659: succeeded to handle AppendEntries. Reply: s1<-s0#8497:OK-t1,SUCCESS,nextIndex=197,followerCommit=195,matchIndex=196
2023-03-17 00:26:27,104 DEBUG server.RaftServer$Division (RaftServerImpl.java:logAppendEntries(1430)) - s8@group-6E994AD85659: succeeded to handle AppendEntries. Reply: s1<-s8#8510:OK-t1,SUCCESS,nextIndex=198,followerCommit=195,matchIndex=197
2023-03-17 00:26:27,104 DEBUG server.RaftServer$Division (RaftServerImpl.java:logAppendEntries(1430)) - s6@group-6E994AD85659: receive appendEntries(s1, 1, (t:1, i:196), 195, true, commits:[s1:c195, s10:c193, s0:c193, s3:c194, s4:c193, s11:c191, s5:c194, s6:c195, s13:c195, s7:c193, s12:c195, s8:c193, s9:c195, s14:c193, s2:c193], cId:8508, entries: [(t:1, i:197), STATEMACHINELOGENTRY, 8502@client-E8995F8E72F5]
2023-03-17 00:26:27,102 DEBUG server.RaftServer$Division (RaftServerImpl.java:logAppendEntries(1430)) - s5@group-6E994AD85659: receive appendEntries(s1, 1, (t:1, i:195), 195, true, commits:[s1:c195, s10:c193, s0:c193, s3:c193, s4:c193, s11:c191, s5:c194, s6:c193, s13:c193, s7:c193, s12:c193, s8:c193, s9:c193, s14:c193, s2:c193], cId:8496, entries: [(t:1, i:196), METADATAENTRY(c:195)]
2023-03-17 00:26:27,104 DEBUG server.RaftServer$Division (RaftServerImpl.java:logAppendEntries(1430)) - s12@group-6E994AD85659: receive appendEntries(s1, 1, (t:1, i:196), 195, true, commits:[s1:c195, s10:c193, s0:c193, s3:c194, s4:c193, s11:c191, s5:c194, s6:c193, s13:c195, s7:c193, s12:c195, s8:c194, s9:c195, s14:c193, s2:c194], cId:8507, entries: [(t:1, i:197), STATEMACHINELOGENTRY, 8502@client-E8995F8E72F5]
2023-03-17 00:26:27,105 DEBUG server.RaftServer$Division (RaftServerImpl.java:logAppendEntries(1430)) - s10@group-6E994AD85659: succeeded to handle AppendEntries. Reply: s1<-s10#8509:OK-t1,SUCCESS,nextIndex=198,followerCommit=195,matchIndex=197
2023-03-17 00:26:27,105 DEBUG server.RaftServer$Division (RaftServerImpl.java:logAppendEntries(1430)) - s12@group-6E994AD85659: succeeded to handle AppendEntries. Reply: s1<-s12#8507:OK-t1,SUCCESS,nextIndex=198,followerCommit=195,matchIndex=197
2023-03-17 00:26:27,105 DEBUG server.RaftServer$Division (RaftServerImpl.java:logAppendEntries(1430)) - s6@group-6E994AD85659: succeeded to handle AppendEntries. Reply: s1<-s6#8508:OK-t1,SUCCESS,nextIndex=198,followerCommit=195,matchIndex=197
2023-03-17 00:26:27,102 DEBUG server.RaftServer$Division (RaftServerImpl.java:logAppendEntries(1430)) - s4@group-6E994AD85659: receive appendEntries(s1, 1, (t:1, i:195), 195, true, commits:[s1:c195, s10:c193, s0:c193, s3:c193, s4:c193, s11:c191, s5:c194, s6:c193, s13:c193, s7:c193, s12:c193, s8:c193, s9:c193, s14:c193, s2:c193], cId:8499, entries: [(t:1, i:196), METADATAENTRY(c:195)]
2023-03-17 00:26:27,102 DEBUG server.RaftServer$Division (RaftServerImpl.java:logAppendEntries(1430)) - s3@group-6E994AD85659: receive appendEntries(s1, 1, (t:1, i:195), 195, true, commits:[s1:c195, s10:c193, s0:c193, s3:c194, s4:c193, s11:c191, s5:c194, s6:c193, s13:c193, s7:c193, s12:c193, s8:c193, s9:c193, s14:c193, s2:c193], cId:8504, entries: [(t:1, i:196), METADATAENTRY(c:195)]
2023-03-17 00:26:27,105 DEBUG server.RaftServer$Division (RaftServerImpl.java:logAppendEntries(1430)) - s4@group-6E994AD85659: succeeded to handle AppendEntries. Reply: s1<-s4#8499:OK-t1,SUCCESS,nextIndex=197,followerCommit=195,matchIndex=196
2023-03-17 00:26:27,105 DEBUG server.RaftServer$Division (RaftServerImpl.java:logAppendEntries(1430)) - s3@group-6E994AD85659: succeeded to handle AppendEntries. Reply: s1<-s3#8504:OK-t1,SUCCESS,nextIndex=197,followerCommit=195,matchIndex=196
2023-03-17 00:26:27,106 DEBUG server.RaftServer$Division (RaftServerImpl.java:logAppendEntries(1430)) - s2@group-6E994AD85659: succeeded to handle AppendEntries. Reply: s1<-s2#8511:OK-t1,SUCCESS,nextIndex=198,followerCommit=195,matchIndex=197
2023-03-17 00:26:27,106 DEBUG server.RaftServer$Division (RaftServerImpl.java:logAppendEntries(1430)) - s7@group-6E994AD85659: receive appendEntries(s1, 1, (t:1, i:195), 195, true, commits:[s1:c195, s10:c194, s0:c193, s3:c194, s4:c193, s11:c191, s5:c194, s6:c195, s13:c195, s7:c193, s12:c195, s8:c194, s9:c195, s14:c193, s2:c194], cId:8512, entries: [(t:1, i:196), METADATAENTRY(c:195), (t:1, i:197), STATEMACHINELOGENTRY, 8502@client-E8995F8E72F5]
2023-03-17 00:26:27,106 DEBUG server.RaftServer$Division (RaftServerImpl.java:logAppendEntries(1430)) - s5@group-6E994AD85659: succeeded to handle AppendEntries. Reply: s1<-s5#8496:OK-t1,SUCCESS,nextIndex=197,followerCommit=195,matchIndex=196
2023-03-17 00:26:27,104 DEBUG server.RaftServer$Division (RaftServerImpl.java:logAppendEntries(1430)) - s9@group-6E994AD85659: succeeded to handle AppendEntries. Reply: s1<-s9#8506:OK-t1,SUCCESS,nextIndex=198,followerCommit=195,matchIndex=197
2023-03-17 00:26:27,106 DEBUG server.RaftServer$Division (RaftServerImpl.java:logAppendEntries(1430)) - s11@group-6E994AD85659: receive appendEntries(s1, 1, (t:1, i:194), 195, true, commits:[s1:c195, s10:c194, s0:c193, s3:c194, s4:c193, s11:c193, s5:c194, s6:c195, s13:c195, s7:c193, s12:c195, s8:c194, s9:c195, s14:c193, s2:c194], cId:8513, entries: [(t:1, i:195), STATEMACHINELOGENTRY, 8478@client-E8995F8E72F5, (t:1, i:196), METADATAENTRY(c:195), (t:1, i:197), STATEMACHINELOGENTRY, 8502@client-E8995F8E72F5]
2023-03-17 00:26:27,107 DEBUG server.RaftServer$Division (RaftServerImpl.java:logAppendEntries(1430)) - s11@group-6E994AD85659: succeeded to handle AppendEntries. Reply: s1<-s11#8513:OK-t1,SUCCESS,nextIndex=198,followerCommit=195,matchIndex=197
2023-03-17 00:26:27,107 DEBUG server.RaftServer$Division (RaftServerImpl.java:logAppendEntries(1430)) - s7@group-6E994AD85659: succeeded to handle AppendEntries. Reply: s1<-s7#8512:OK-t1,SUCCESS,nextIndex=198,followerCommit=195,matchIndex=197
2023-03-17 00:26:27,107 DEBUG server.RaftServer$Division (RaftServerImpl.java:logAppendEntries(1430)) - s0@group-6E994AD85659: receive appendEntries(s1, 1, (t:1, i:196), 195, true, commits:[s1:c195, s10:c194, s0:c195, s3:c194, s4:c193, s11:c193, s5:c194, s6:c195, s13:c195, s7:c193, s12:c195, s8:c194, s9:c195, s14:c193, s2:c194], cId:8514, entries: [(t:1, i:197), STATEMACHINELOGENTRY, 8502@client-E8995F8E72F5]
2023-03-17 00:26:27,108 DEBUG server.RaftServer$Division (RaftServerImpl.java:logAppendEntries(1430)) - s0@group-6E994AD85659: succeeded to handle AppendEntries. Reply: s1<-s0#8514:OK-t1,SUCCESS,nextIndex=198,followerCommit=195,matchIndex=197
2023-03-17 00:26:27,108 DEBUG server.RaftServer$Division (RaftServerImpl.java:logAppendEntries(1430)) - s4@group-6E994AD85659: receive appendEntries(s1, 1, (t:1, i:196), 195, true, commits:[s1:c195, s10:c194, s0:c195, s3:c194, s4:c195, s11:c193, s5:c194, s6:c195, s13:c195, s7:c193, s12:c195, s8:c194, s9:c195, s14:c193, s2:c194], cId:8515, entries: [(t:1, i:197), STATEMACHINELOGENTRY, 8502@client-E8995F8E72F5]
2023-03-17 00:26:27,108 INFO  statemachine.StateMachine (ArithmeticStateMachine.java:applyTransaction(182)) - LEADER:s1-197: a = 115 = 115
2023-03-17 00:26:27,109 DEBUG server.RaftServer$Division (RaftServerImpl.java:logAppendEntries(1430)) - s4@group-6E994AD85659: succeeded to handle AppendEntries. Reply: s1<-s4#8515:OK-t1,SUCCESS,nextIndex=198,followerCommit=195,matchIndex=197
2023-03-17 00:26:27,109 DEBUG server.RaftServer$Division (RaftServerImpl.java:submitClientRequestAsync(835)) - s1@group-6E994AD85659: receive client request(RaftClientRequest:client-E8995F8E72F5->s1@group-6E994AD85659, cid=8521, seq=0, RW, Message:0101620240b9d4000000...(size=12))
2023-03-17 00:26:27,109 DEBUG server.RaftServer$Division (LeaderStateImpl.java:addPendingRequest(474)) - s1@group-6E994AD85659-LeaderStateImpl: addPendingRequest at RaftClientRequest:client-E8995F8E72F5->s1@group-6E994AD85659, cid=8521, seq=0, RW, Message:0101620240b9d4000000...(size=12), entry=(t:1, i:199), STATEMACHINELOGENTRY, 8521@client-E8995F8E72F5
2023-03-17 00:26:27,109 DEBUG server.RaftServer$Division (RaftServerImpl.java:logAppendEntries(1430)) - s12@group-6E994AD85659: receive appendEntries(s1, 1, (t:1, i:197), 197, true, commits:[s1:c197, s10:c195, s0:c195, s3:c195, s4:c195, s11:c193, s5:c194, s6:c195, s13:c195, s7:c193, s12:c195, s8:c195, s9:c195, s14:c193, s2:c195], cId:8523, entries: [(t:1, i:198), METADATAENTRY(c:197)]
2023-03-17 00:26:27,110 DEBUG server.RaftServer$Division (RaftServerImpl.java:logAppendEntries(1430)) - s6@group-6E994AD85659: receive appendEntries(s1, 1, (t:1, i:197), 197, true, commits:[s1:c197, s10:c195, s0:c195, s3:c195, s4:c195, s11:c193, s5:c194, s6:c195, s13:c195, s7:c193, s12:c195, s8:c195, s9:c195, s14:c193, s2:c195], cId:8520, entries: [(t:1, i:198), METADATAENTRY(c:197)]
2023-03-17 00:26:27,110 DEBUG server.RaftServer$Division (RaftServerImpl.java:logAppendEntries(1430)) - s12@group-6E994AD85659: succeeded to handle AppendEntries. Reply: s1<-s12#8523:OK-t1,SUCCESS,nextIndex=199,followerCommit=197,matchIndex=198
2023-03-17 00:26:27,110 DEBUG server.RaftServer$Division (RaftServerImpl.java:logAppendEntries(1430)) - s3@group-6E994AD85659: receive appendEntries(s1, 1, (t:1, i:196), 196, true, commits:[s1:c196, s10:c195, s0:c195, s3:c195, s4:c195, s11:c193, s5:c194, s6:c195, s13:c195, s7:c193, s12:c195, s8:c195, s9:c195, s14:c193, s2:c195], cId:8516, entries: [(t:1, i:197), STATEMACHINELOGENTRY, 8502@client-E8995F8E72F5]
2023-03-17 00:26:27,111 DEBUG server.RaftServer$Division (RaftServerImpl.java:logAppendEntries(1430)) - s6@group-6E994AD85659: succeeded to handle AppendEntries. Reply: s1<-s6#8520:OK-t1,SUCCESS,nextIndex=199,followerCommit=197,matchIndex=198
2023-03-17 00:26:27,111 DEBUG server.RaftServer$Division (RaftServerImpl.java:logAppendEntries(1430)) - s3@group-6E994AD85659: succeeded to handle AppendEntries. Reply: s1<-s3#8516:OK-t1,SUCCESS,nextIndex=198,followerCommit=196,matchIndex=197
2023-03-17 00:26:27,111 DEBUG server.RaftServer$Division (RaftServerImpl.java:logAppendEntries(1430)) - s13@group-6E994AD85659: receive appendEntries(s1, 1, (t:1, i:197), 197, true, commits:[s1:c197, s10:c195, s0:c195, s3:c195, s4:c195, s11:c193, s5:c194, s6:c195, s13:c195, s7:c193, s12:c195, s8:c195, s9:c195, s14:c193, s2:c195], cId:8517, entries: [(t:1, i:198), METADATAENTRY(c:197)]
2023-03-17 00:26:27,111 DEBUG server.RaftServer$Division (RaftServerImpl.java:logAppendEntries(1430)) - s9@group-6E994AD85659: receive appendEntries(s1, 1, (t:1, i:197), 197, true, commits:[s1:c197, s10:c195, s0:c195, s3:c195, s4:c195, s11:c193, s5:c194, s6:c195, s13:c195, s7:c193, s12:c195, s8:c195, s9:c195, s14:c193, s2:c195], cId:8518, entries: [(t:1, i:198), METADATAENTRY(c:197)]
2023-03-17 00:26:27,112 DEBUG server.RaftServer$Division (RaftServerImpl.java:logAppendEntries(1430)) - s2@group-6E994AD85659: receive appendEntries(s1, 1, (t:1, i:197), 197, true, commits:[s1:c197, s10:c195, s0:c195, s3:c195, s4:c195, s11:c193, s5:c194, s6:c195, s13:c195, s7:c193, s12:c195, s8:c195, s9:c195, s14:c193, s2:c195], cId:8522, entries: [(t:1, i:198), METADATAENTRY(c:197)]
2023-03-17 00:26:27,112 DEBUG server.RaftServer$Division (RaftServerImpl.java:logAppendEntries(1430)) - s13@group-6E994AD85659: succeeded to handle AppendEntries. Reply: s1<-s13#8517:OK-t1,SUCCESS,nextIndex=199,followerCommit=197,matchIndex=198
2023-03-17 00:26:27,112 DEBUG server.RaftServer$Division (RaftServerImpl.java:logAppendEntries(1430)) - s10@group-6E994AD85659: receive appendEntries(s1, 1, (t:1, i:197), 197, true, commits:[s1:c197, s10:c195, s0:c195, s3:c195, s4:c195, s11:c193, s5:c194, s6:c195, s13:c195, s7:c193, s12:c195, s8:c195, s9:c195, s14:c193, s2:c195], cId:8519, entries: [(t:1, i:198), METADATAENTRY(c:197)]
2023-03-17 00:26:27,112 DEBUG server.RaftServer$Division (RaftServerImpl.java:logAppendEntries(1430)) - s9@group-6E994AD85659: succeeded to handle AppendEntries. Reply: s1<-s9#8518:OK-t1,SUCCESS,nextIndex=199,followerCommit=197,matchIndex=198
2023-03-17 00:26:27,112 DEBUG server.RaftServer$Division (RaftServerImpl.java:logAppendEntries(1430)) - s8@group-6E994AD85659: receive appendEntries(s1, 1, (t:1, i:197), 197, true, commits:[s1:c197, s10:c195, s0:c195, s3:c195, s4:c195, s11:c193, s5:c194, s6:c195, s13:c195, s7:c193, s12:c195, s8:c195, s9:c195, s14:c193, s2:c195], cId:8524, entries: [(t:1, i:198), METADATAENTRY(c:197)]
2023-03-17 00:26:27,113 DEBUG server.RaftServer$Division (RaftServerImpl.java:logAppendEntries(1430)) - s2@group-6E994AD85659: succeeded to handle AppendEntries. Reply: s1<-s2#8522:OK-t1,SUCCESS,nextIndex=199,followerCommit=197,matchIndex=198
2023-03-17 00:26:27,113 DEBUG server.RaftServer$Division (RaftServerImpl.java:logAppendEntries(1430)) - s8@group-6E994AD85659: succeeded to handle AppendEntries. Reply: s1<-s8#8524:OK-t1,SUCCESS,nextIndex=199,followerCommit=197,matchIndex=198
2023-03-17 00:26:27,113 DEBUG server.RaftServer$Division (RaftServerImpl.java:logAppendEntries(1430)) - s10@group-6E994AD85659: succeeded to handle AppendEntries. Reply: s1<-s10#8519:OK-t1,SUCCESS,nextIndex=199,followerCommit=197,matchIndex=198
2023-03-17 00:26:27,113 DEBUG server.RaftServer$Division (RaftServerImpl.java:logAppendEntries(1430)) - s14@group-6E994AD85659: receive appendEntries(s1, 1, (t:1, i:196), 197, true, commits:[s1:c197, s10:c195, s0:c195, s3:c195, s4:c195, s11:c193, s5:c195, s6:c195, s13:c195, s7:c193, s12:c195, s8:c195, s9:c195, s14:c195, s2:c195], cId:8526, entries: [(t:1, i:197), STATEMACHINELOGENTRY, 8502@client-E8995F8E72F5, (t:1, i:198), METADATAENTRY(c:197), (t:1, i:199), STATEMACHINELOGENTRY, 8521@client-E8995F8E72F5]
2023-03-17 00:26:27,114 DEBUG server.RaftServer$Division (RaftServerImpl.java:logAppendEntries(1430)) - s7@group-6E994AD85659: receive appendEntries(s1, 1, (t:1, i:197), 197, true, commits:[s1:c197, s10:c195, s0:c195, s3:c195, s4:c195, s11:c193, s5:c195, s6:c195, s13:c195, s7:c195, s12:c195, s8:c195, s9:c195, s14:c195, s2:c195], cId:8527, entries: [(t:1, i:198), METADATAENTRY(c:197), (t:1, i:199), STATEMACHINELOGENTRY, 8521@client-E8995F8E72F5]
2023-03-17 00:26:27,114 DEBUG server.RaftServer$Division (RaftServerImpl.java:logAppendEntries(1430)) - s14@group-6E994AD85659: succeeded to handle AppendEntries. Reply: s1<-s14#8526:OK-t1,SUCCESS,nextIndex=200,followerCommit=197,matchIndex=199
2023-03-17 00:26:27,115 DEBUG server.RaftServer$Division (RaftServerImpl.java:logAppendEntries(1430)) - s7@group-6E994AD85659: succeeded to handle AppendEntries. Reply: s1<-s7#8527:OK-t1,SUCCESS,nextIndex=200,followerCommit=197,matchIndex=199
2023-03-17 00:26:27,115 DEBUG server.RaftServer$Division (RaftServerImpl.java:logAppendEntries(1430)) - s13@group-6E994AD85659: receive appendEntries(s1, 1, (t:1, i:198), 197, true, commits:[s1:c197, s10:c195, s0:c195, s3:c195, s4:c195, s11:c195, s5:c195, s6:c195, s13:c197, s7:c195, s12:c195, s8:c195, s9:c197, s14:c195, s2:c195], cId:8531, entries: [(t:1, i:199), STATEMACHINELOGENTRY, 8521@client-E8995F8E72F5]
2023-03-17 00:26:27,115 DEBUG server.RaftServer$Division (RaftServerImpl.java:logAppendEntries(1430)) - s9@group-6E994AD85659: receive appendEntries(s1, 1, (t:1, i:198), 197, true, commits:[s1:c197, s10:c195, s0:c195, s3:c195, s4:c195, s11:c195, s5:c195, s6:c195, s13:c195, s7:c195, s12:c195, s8:c195, s9:c197, s14:c195, s2:c195], cId:8529, entries: [(t:1, i:199), STATEMACHINELOGENTRY, 8521@client-E8995F8E72F5]
2023-03-17 00:26:27,115 DEBUG server.RaftServer$Division (RaftServerImpl.java:logAppendEntries(1430)) - s12@group-6E994AD85659: receive appendEntries(s1, 1, (t:1, i:198), 197, true, commits:[s1:c197, s10:c195, s0:c195, s3:c195, s4:c195, s11:c195, s5:c195, s6:c195, s13:c197, s7:c195, s12:c197, s8:c195, s9:c197, s14:c195, s2:c195], cId:8532, entries: [(t:1, i:199), STATEMACHINELOGENTRY, 8521@client-E8995F8E72F5]
2023-03-17 00:26:27,115 DEBUG server.RaftServer$Division (RaftServerImpl.java:logAppendEntries(1430)) - s9@group-6E994AD85659: succeeded to handle AppendEntries. Reply: s1<-s9#8529:OK-t1,SUCCESS,nextIndex=200,followerCommit=197,matchIndex=199
2023-03-17 00:26:27,116 DEBUG server.RaftServer$Division (RaftServerImpl.java:logAppendEntries(1430)) - s13@group-6E994AD85659: succeeded to handle AppendEntries. Reply: s1<-s13#8531:OK-t1,SUCCESS,nextIndex=200,followerCommit=197,matchIndex=199
2023-03-17 00:26:27,116 DEBUG server.RaftServer$Division (RaftServerImpl.java:logAppendEntries(1430)) - s5@group-6E994AD85659: receive appendEntries(s1, 1, (t:1, i:196), 197, true, commits:[s1:c197, s10:c195, s0:c195, s3:c195, s4:c195, s11:c193, s5:c195, s6:c195, s13:c195, s7:c193, s12:c195, s8:c195, s9:c195, s14:c193, s2:c195], cId:8525, entries: [(t:1, i:197), STATEMACHINELOGENTRY, 8502@client-E8995F8E72F5, (t:1, i:198), METADATAENTRY(c:197), (t:1, i:199), STATEMACHINELOGENTRY, 8521@client-E8995F8E72F5]
2023-03-17 00:26:27,116 DEBUG server.RaftServer$Division (RaftServerImpl.java:logAppendEntries(1430)) - s11@group-6E994AD85659: receive appendEntries(s1, 1, (t:1, i:197), 197, true, commits:[s1:c197, s10:c195, s0:c195, s3:c195, s4:c195, s11:c195, s5:c195, s6:c195, s13:c195, s7:c195, s12:c195, s8:c195, s9:c195, s14:c195, s2:c195], cId:8528, entries: [(t:1, i:198), METADATAENTRY(c:197), (t:1, i:199), STATEMACHINELOGENTRY, 8521@client-E8995F8E72F5]
2023-03-17 00:26:27,116 DEBUG server.RaftServer$Division (RaftServerImpl.java:logAppendEntries(1430)) - s12@group-6E994AD85659: succeeded to handle AppendEntries. Reply: s1<-s12#8532:OK-t1,SUCCESS,nextIndex=200,followerCommit=197,matchIndex=199
2023-03-17 00:26:27,117 DEBUG server.RaftServer$Division (RaftServerImpl.java:logAppendEntries(1430)) - s10@group-6E994AD85659: receive appendEntries(s1, 1, (t:1, i:198), 197, true, commits:[s1:c197, s10:c197, s0:c195, s3:c195, s4:c195, s11:c195, s5:c195, s6:c195, s13:c197, s7:c195, s12:c197, s8:c195, s9:c197, s14:c195, s2:c195], cId:8533, entries: [(t:1, i:199), STATEMACHINELOGENTRY, 8521@client-E8995F8E72F5]
2023-03-17 00:26:27,117 DEBUG server.RaftServer$Division (RaftServerImpl.java:logAppendEntries(1430)) - s11@group-6E994AD85659: succeeded to handle AppendEntries. Reply: s1<-s11#8528:OK-t1,SUCCESS,nextIndex=200,followerCommit=197,matchIndex=199
2023-03-17 00:26:27,117 DEBUG server.RaftServer$Division (RaftServerImpl.java:logAppendEntries(1430)) - s5@group-6E994AD85659: succeeded to handle AppendEntries. Reply: s1<-s5#8525:OK-t1,SUCCESS,nextIndex=200,followerCommit=197,matchIndex=199
2023-03-17 00:26:27,117 DEBUG server.RaftServer$Division (RaftServerImpl.java:logAppendEntries(1430)) - s8@group-6E994AD85659: receive appendEntries(s1, 1, (t:1, i:198), 197, true, commits:[s1:c197, s10:c197, s0:c195, s3:c195, s4:c195, s11:c195, s5:c195, s6:c195, s13:c197, s7:c195, s12:c197, s8:c197, s9:c197, s14:c195, s2:c195], cId:8534, entries: [(t:1, i:199), STATEMACHINELOGENTRY, 8521@client-E8995F8E72F5]
2023-03-17 00:26:27,117 DEBUG server.RaftServer$Division (RaftServerImpl.java:logAppendEntries(1430)) - s2@group-6E994AD85659: receive appendEntries(s1, 1, (t:1, i:198), 197, true, commits:[s1:c197, s10:c197, s0:c195, s3:c195, s4:c195, s11:c195, s5:c195, s6:c195, s13:c197, s7:c195, s12:c197, s8:c197, s9:c197, s14:c195, s2:c197], cId:8535, entries: [(t:1, i:199), STATEMACHINELOGENTRY, 8521@client-E8995F8E72F5]
2023-03-17 00:26:27,118 DEBUG server.RaftServer$Division (RaftServerImpl.java:logAppendEntries(1430)) - s10@group-6E994AD85659: succeeded to handle AppendEntries. Reply: s1<-s10#8533:OK-t1,SUCCESS,nextIndex=200,followerCommit=197,matchIndex=199
2023-03-17 00:26:27,118 DEBUG server.RaftServer$Division (RaftServerImpl.java:logAppendEntries(1430)) - s8@group-6E994AD85659: succeeded to handle AppendEntries. Reply: s1<-s8#8534:OK-t1,SUCCESS,nextIndex=200,followerCommit=197,matchIndex=199
2023-03-17 00:26:27,118 DEBUG server.RaftServer$Division (RaftServerImpl.java:logAppendEntries(1430)) - s4@group-6E994AD85659: receive appendEntries(s1, 1, (t:1, i:197), 198, true, commits:[s1:c198, s10:c197, s0:c195, s3:c195, s4:c195, s11:c195, s5:c195, s6:c195, s13:c197, s7:c195, s12:c197, s8:c197, s9:c197, s14:c197, s2:c197], cId:8536, entries: [(t:1, i:198), METADATAENTRY(c:197), (t:1, i:199), STATEMACHINELOGENTRY, 8521@client-E8995F8E72F5]
2023-03-17 00:26:27,118 DEBUG server.RaftServer$Division (RaftServerImpl.java:logAppendEntries(1430)) - s3@group-6E994AD85659: receive appendEntries(s1, 1, (t:1, i:197), 198, true, commits:[s1:c198, s10:c197, s0:c195, s3:c196, s4:c195, s11:c195, s5:c195, s6:c195, s13:c197, s7:c195, s12:c197, s8:c197, s9:c197, s14:c197, s2:c197], cId:8537, entries: [(t:1, i:198), METADATAENTRY(c:197), (t:1, i:199), STATEMACHINELOGENTRY, 8521@client-E8995F8E72F5]
2023-03-17 00:26:27,119 DEBUG server.RaftServer$Division (RaftServerImpl.java:logAppendEntries(1430)) - s4@group-6E994AD85659: succeeded to handle AppendEntries. Reply: s1<-s4#8536:OK-t1,SUCCESS,nextIndex=200,followerCommit=198,matchIndex=199
2023-03-17 00:26:27,119 DEBUG server.RaftServer$Division (RaftServerImpl.java:logAppendEntries(1430)) - s6@group-6E994AD85659: receive appendEntries(s1, 1, (t:1, i:198), 198, true, commits:[s1:c198, s10:c197, s0:c195, s3:c196, s4:c195, s11:c195, s5:c195, s6:c197, s13:c197, s7:c195, s12:c197, s8:c197, s9:c197, s14:c197, s2:c197], cId:8538, entries: [(t:1, i:199), STATEMACHINELOGENTRY, 8521@client-E8995F8E72F5]
2023-03-17 00:26:27,119 DEBUG server.RaftServer$Division (RaftServerImpl.java:logAppendEntries(1430)) - s3@group-6E994AD85659: succeeded to handle AppendEntries. Reply: s1<-s3#8537:OK-t1,SUCCESS,nextIndex=200,followerCommit=198,matchIndex=199
2023-03-17 00:26:27,119 DEBUG server.RaftServer$Division (RaftServerImpl.java:logAppendEntries(1430)) - s6@group-6E994AD85659: succeeded to handle AppendEntries. Reply: s1<-s6#8538:OK-t1,SUCCESS,nextIndex=200,followerCommit=198,matchIndex=199
2023-03-17 00:26:27,117 DEBUG server.RaftServer$Division (RaftServerImpl.java:logAppendEntries(1430)) - s0@group-6E994AD85659: receive appendEntries(s1, 1, (t:1, i:197), 197, true, commits:[s1:c197, s10:c195, s0:c195, s3:c195, s4:c195, s11:c195, s5:c195, s6:c195, s13:c195, s7:c195, s12:c195, s8:c195, s9:c197, s14:c195, s2:c195], cId:8530, entries: [(t:1, i:198), METADATAENTRY(c:197), (t:1, i:199), STATEMACHINELOGENTRY, 8521@client-E8995F8E72F5]
2023-03-17 00:26:27,118 DEBUG server.RaftServer$Division (RaftServerImpl.java:logAppendEntries(1430)) - s2@group-6E994AD85659: succeeded to handle AppendEntries. Reply: s1<-s2#8535:OK-t1,SUCCESS,nextIndex=200,followerCommit=197,matchIndex=199
2023-03-17 00:26:27,120 INFO  statemachine.StateMachine (ArithmeticStateMachine.java:applyTransaction(182)) - LEADER:s1-199: b = 6612 = 6612
2023-03-17 00:26:27,120 DEBUG server.RaftServer$Division (RaftServerImpl.java:logAppendEntries(1430)) - s0@group-6E994AD85659: succeeded to handle AppendEntries. Reply: s1<-s0#8530:OK-t1,SUCCESS,nextIndex=200,followerCommit=197,matchIndex=199
2023-03-17 00:26:27,121 DEBUG server.RaftServer$Division (RaftServerImpl.java:submitClientRequestAsync(835)) - s1@group-6E994AD85659: receive client request(RaftClientRequest:client-E8995F8E72F5->s1@group-6E994AD85659, cid=8544, seq=0, RW, Message:01016304010300040201...(size=17))
2023-03-17 00:26:27,121 DEBUG server.RaftServer$Division (LeaderStateImpl.java:addPendingRequest(474)) - s1@group-6E994AD85659-LeaderStateImpl: addPendingRequest at RaftClientRequest:client-E8995F8E72F5->s1@group-6E994AD85659, cid=8544, seq=0, RW, Message:01016304010300040201...(size=17), entry=(t:1, i:201), STATEMACHINELOGENTRY, 8544@client-E8995F8E72F5
2023-03-17 00:26:27,122 DEBUG server.RaftServer$Division (RaftServerImpl.java:logAppendEntries(1430)) - s0@group-6E994AD85659: receive appendEntries(s1, 1, (t:1, i:199), 199, true, commits:[s1:c199, s10:c197, s0:c197, s3:c196, s4:c195, s11:c197, s5:c197, s6:c197, s13:c197, s7:c197, s12:c197, s8:c197, s9:c197, s14:c197, s2:c197], cId:8549, entries: [(t:1, i:200), METADATAENTRY(c:199), (t:1, i:201), STATEMACHINELOGENTRY, 8544@client-E8995F8E72F5]
2023-03-17 00:26:27,122 DEBUG server.RaftServer$Division (RaftServerImpl.java:logAppendEntries(1430)) - s11@group-6E994AD85659: receive appendEntries(s1, 1, (t:1, i:199), 199, true, commits:[s1:c199, s10:c197, s0:c195, s3:c196, s4:c195, s11:c197, s5:c197, s6:c197, s13:c197, s7:c197, s12:c197, s8:c197, s9:c197, s14:c197, s2:c197], cId:8542, entries: [(t:1, i:200), METADATAENTRY(c:199)]
2023-03-17 00:26:27,122 DEBUG server.RaftServer$Division (RaftServerImpl.java:logAppendEntries(1430)) - s14@group-6E994AD85659: receive appendEntries(s1, 1, (t:1, i:199), 199, true, commits:[s1:c199, s10:c197, s0:c195, s3:c196, s4:c195, s11:c197, s5:c197, s6:c197, s13:c197, s7:c197, s12:c197, s8:c197, s9:c197, s14:c197, s2:c197], cId:8540, entries: [(t:1, i:200), METADATAENTRY(c:199)]
2023-03-17 00:26:27,122 DEBUG server.RaftServer$Division (RaftServerImpl.java:logAppendEntries(1430)) - s7@group-6E994AD85659: receive appendEntries(s1, 1, (t:1, i:199), 199, true, commits:[s1:c199, s10:c197, s0:c195, s3:c196, s4:c195, s11:c197, s5:c197, s6:c197, s13:c197, s7:c197, s12:c197, s8:c197, s9:c197, s14:c197, s2:c197], cId:8541, entries: [(t:1, i:200), METADATAENTRY(c:199)]
2023-03-17 00:26:27,122 DEBUG server.RaftServer$Division (RaftServerImpl.java:logAppendEntries(1430)) - s11@group-6E994AD85659: succeeded to handle AppendEntries. Reply: s1<-s11#8542:OK-t1,SUCCESS,nextIndex=201,followerCommit=199,matchIndex=200
2023-03-17 00:26:27,123 DEBUG server.RaftServer$Division (RaftServerImpl.java:logAppendEntries(1430)) - s14@group-6E994AD85659: succeeded to handle AppendEntries. Reply: s1<-s14#8540:OK-t1,SUCCESS,nextIndex=201,followerCommit=199,matchIndex=200
2023-03-17 00:26:27,123 DEBUG server.RaftServer$Division (RaftServerImpl.java:logAppendEntries(1430)) - s7@group-6E994AD85659: succeeded to handle AppendEntries. Reply: s1<-s7#8541:OK-t1,SUCCESS,nextIndex=201,followerCommit=199,matchIndex=200
2023-03-17 00:26:27,123 DEBUG server.RaftServer$Division (RaftServerImpl.java:logAppendEntries(1430)) - s0@group-6E994AD85659: succeeded to handle AppendEntries. Reply: s1<-s0#8549:OK-t1,SUCCESS,nextIndex=202,followerCommit=199,matchIndex=201
2023-03-17 00:26:27,123 DEBUG server.RaftServer$Division (RaftServerImpl.java:logAppendEntries(1430)) - s13@group-6E994AD85659: receive appendEntries(s1, 1, (t:1, i:199), 199, true, commits:[s1:c199, s10:c197, s0:c195, s3:c196, s4:c195, s11:c197, s5:c197, s6:c197, s13:c197, s7:c197, s12:c197, s8:c197, s9:c197, s14:c197, s2:c197], cId:8546, entries: [(t:1, i:200), METADATAENTRY(c:199)]
2023-03-17 00:26:27,124 DEBUG server.RaftServer$Division (RaftServerImpl.java:logAppendEntries(1430)) - s12@group-6E994AD85659: receive appendEntries(s1, 1, (t:1, i:199), 199, true, commits:[s1:c199, s10:c197, s0:c195, s3:c196, s4:c195, s11:c197, s5:c197, s6:c197, s13:c197, s7:c197, s12:c197, s8:c197, s9:c197, s14:c197, s2:c197], cId:8548, entries: [(t:1, i:200), METADATAENTRY(c:199), (t:1, i:201), STATEMACHINELOGENTRY, 8544@client-E8995F8E72F5]
2023-03-17 00:26:27,124 DEBUG server.RaftServer$Division (RaftServerImpl.java:logAppendEntries(1430)) - s13@group-6E994AD85659: succeeded to handle AppendEntries. Reply: s1<-s13#8546:OK-t1,SUCCESS,nextIndex=201,followerCommit=199,matchIndex=200
2023-03-17 00:26:27,124 DEBUG server.RaftServer$Division (RaftServerImpl.java:logAppendEntries(1430)) - s12@group-6E994AD85659: succeeded to handle AppendEntries. Reply: s1<-s12#8548:OK-t1,SUCCESS,nextIndex=202,followerCommit=199,matchIndex=201
2023-03-17 00:26:27,125 DEBUG server.RaftServer$Division (RaftServerImpl.java:logAppendEntries(1430)) - s5@group-6E994AD85659: receive appendEntries(s1, 1, (t:1, i:199), 199, true, commits:[s1:c199, s10:c197, s0:c195, s3:c196, s4:c195, s11:c197, s5:c197, s6:c197, s13:c197, s7:c197, s12:c197, s8:c197, s9:c197, s14:c197, s2:c197], cId:8539, entries: [(t:1, i:200), METADATAENTRY(c:199)]
2023-03-17 00:26:27,125 DEBUG server.RaftServer$Division (RaftServerImpl.java:logAppendEntries(1430)) - s8@group-6E994AD85659: receive appendEntries(s1, 1, (t:1, i:199), 199, true, commits:[s1:c199, s10:c197, s0:c195, s3:c196, s4:c195, s11:c197, s5:c197, s6:c197, s13:c197, s7:c197, s12:c197, s8:c197, s9:c197, s14:c197, s2:c197], cId:8543, entries: [(t:1, i:200), METADATAENTRY(c:199)]
2023-03-17 00:26:27,125 DEBUG server.RaftServer$Division (RaftServerImpl.java:logAppendEntries(1430)) - s2@group-6E994AD85659: receive appendEntries(s1, 1, (t:1, i:199), 199, true, commits:[s1:c199, s10:c197, s0:c195, s3:c196, s4:c195, s11:c197, s5:c197, s6:c197, s13:c197, s7:c197, s12:c197, s8:c197, s9:c197, s14:c197, s2:c197], cId:8545, entries: [(t:1, i:200), METADATAENTRY(c:199)]
2023-03-17 00:26:27,125 DEBUG server.RaftServer$Division (RaftServerImpl.java:logAppendEntries(1430)) - s3@group-6E994AD85659: receive appendEntries(s1, 1, (t:1, i:199), 199, true, commits:[s1:c199, s10:c197, s0:c197, s3:c198, s4:c198, s11:c197, s5:c197, s6:c197, s13:c197, s7:c197, s12:c197, s8:c197, s9:c197, s14:c197, s2:c197], cId:8552, entries: [(t:1, i:200), METADATAENTRY(c:199), (t:1, i:201), STATEMACHINELOGENTRY, 8544@client-E8995F8E72F5]
2023-03-17 00:26:27,125 DEBUG server.RaftServer$Division (RaftServerImpl.java:logAppendEntries(1430)) - s5@group-6E994AD85659: succeeded to handle AppendEntries. Reply: s1<-s5#8539:OK-t1,SUCCESS,nextIndex=201,followerCommit=199,matchIndex=200
2023-03-17 00:26:27,125 DEBUG server.RaftServer$Division (RaftServerImpl.java:logAppendEntries(1430)) - s10@group-6E994AD85659: receive appendEntries(s1, 1, (t:1, i:199), 199, true, commits:[s1:c199, s10:c197, s0:c195, s3:c196, s4:c195, s11:c197, s5:c197, s6:c197, s13:c197, s7:c197, s12:c197, s8:c197, s9:c197, s14:c197, s2:c197], cId:8547, entries: [(t:1, i:200), METADATAENTRY(c:199)]
2023-03-17 00:26:27,125 DEBUG server.RaftServer$Division (RaftServerImpl.java:logAppendEntries(1430)) - s8@group-6E994AD85659: succeeded to handle AppendEntries. Reply: s1<-s8#8543:OK-t1,SUCCESS,nextIndex=201,followerCommit=199,matchIndex=200
2023-03-17 00:26:27,126 DEBUG server.RaftServer$Division (RaftServerImpl.java:logAppendEntries(1430)) - s3@group-6E994AD85659: succeeded to handle AppendEntries. Reply: s1<-s3#8552:OK-t1,SUCCESS,nextIndex=202,followerCommit=199,matchIndex=201
2023-03-17 00:26:27,126 DEBUG server.RaftServer$Division (RaftServerImpl.java:logAppendEntries(1430)) - s2@group-6E994AD85659: succeeded to handle AppendEntries. Reply: s1<-s2#8545:OK-t1,SUCCESS,nextIndex=201,followerCommit=199,matchIndex=200
2023-03-17 00:26:27,127 DEBUG server.RaftServer$Division (RaftServerImpl.java:logAppendEntries(1430)) - s9@group-6E994AD85659: receive appendEntries(s1, 1, (t:1, i:199), 199, true, commits:[s1:c199, s10:c197, s0:c197, s3:c196, s4:c198, s11:c197, s5:c197, s6:c197, s13:c197, s7:c197, s12:c197, s8:c197, s9:c197, s14:c197, s2:c197], cId:8551, entries: [(t:1, i:200), METADATAENTRY(c:199), (t:1, i:201), STATEMACHINELOGENTRY, 8544@client-E8995F8E72F5]
2023-03-17 00:26:27,127 DEBUG server.RaftServer$Division (RaftServerImpl.java:logAppendEntries(1430)) - s4@group-6E994AD85659: receive appendEntries(s1, 1, (t:1, i:199), 199, true, commits:[s1:c199, s10:c197, s0:c197, s3:c196, s4:c198, s11:c197, s5:c197, s6:c197, s13:c197, s7:c197, s12:c197, s8:c197, s9:c197, s14:c197, s2:c197], cId:8550, entries: [(t:1, i:200), METADATAENTRY(c:199), (t:1, i:201), STATEMACHINELOGENTRY, 8544@client-E8995F8E72F5]
2023-03-17 00:26:27,127 DEBUG server.RaftServer$Division (RaftServerImpl.java:logAppendEntries(1430)) - s10@group-6E994AD85659: succeeded to handle AppendEntries. Reply: s1<-s10#8547:OK-t1,SUCCESS,nextIndex=201,followerCommit=199,matchIndex=200
2023-03-17 00:26:27,127 DEBUG server.RaftServer$Division (RaftServerImpl.java:logAppendEntries(1430)) - s13@group-6E994AD85659: receive appendEntries(s1, 1, (t:1, i:200), 199, true, commits:[s1:c199, s10:c197, s0:c197, s3:c198, s4:c198, s11:c197, s5:c197, s6:c198, s13:c199, s7:c197, s12:c197, s8:c197, s9:c197, s14:c197, s2:c197], cId:8554, entries: [(t:1, i:201), STATEMACHINELOGENTRY, 8544@client-E8995F8E72F5]
2023-03-17 00:26:27,127 DEBUG server.RaftServer$Division (RaftServerImpl.java:logAppendEntries(1430)) - s9@group-6E994AD85659: succeeded to handle AppendEntries. Reply: s1<-s9#8551:OK-t1,SUCCESS,nextIndex=202,followerCommit=199,matchIndex=201
2023-03-17 00:26:27,127 DEBUG server.RaftServer$Division (RaftServerImpl.java:logAppendEntries(1430)) - s4@group-6E994AD85659: succeeded to handle AppendEntries. Reply: s1<-s4#8550:OK-t1,SUCCESS,nextIndex=202,followerCommit=199,matchIndex=201
2023-03-17 00:26:27,128 DEBUG server.RaftServer$Division (RaftServerImpl.java:logAppendEntries(1430)) - s6@group-6E994AD85659: receive appendEntries(s1, 1, (t:1, i:199), 199, true, commits:[s1:c199, s10:c197, s0:c197, s3:c198, s4:c198, s11:c197, s5:c197, s6:c198, s13:c197, s7:c197, s12:c197, s8:c197, s9:c197, s14:c197, s2:c197], cId:8553, entries: [(t:1, i:200), METADATAENTRY(c:199), (t:1, i:201), STATEMACHINELOGENTRY, 8544@client-E8995F8E72F5]
2023-03-17 00:26:27,128 DEBUG server.RaftServer$Division (RaftServerImpl.java:logAppendEntries(1430)) - s6@group-6E994AD85659: succeeded to handle AppendEntries. Reply: s1<-s6#8553:OK-t1,SUCCESS,nextIndex=202,followerCommit=199,matchIndex=201
2023-03-17 00:26:27,129 DEBUG server.RaftServer$Division (RaftServerImpl.java:logAppendEntries(1430)) - s11@group-6E994AD85659: receive appendEntries(s1, 1, (t:1, i:200), 199, true, commits:[s1:c199, s10:c197, s0:c197, s3:c198, s4:c198, s11:c199, s5:c197, s6:c198, s13:c199, s7:c197, s12:c197, s8:c197, s9:c197, s14:c199, s2:c197], cId:8556, entries: [(t:1, i:201), STATEMACHINELOGENTRY, 8544@client-E8995F8E72F5]
2023-03-17 00:26:27,129 DEBUG server.RaftServer$Division (RaftServerImpl.java:logAppendEntries(1430)) - s14@group-6E994AD85659: receive appendEntries(s1, 1, (t:1, i:200), 199, true, commits:[s1:c199, s10:c197, s0:c197, s3:c198, s4:c198, s11:c197, s5:c197, s6:c198, s13:c199, s7:c197, s12:c197, s8:c197, s9:c197, s14:c199, s2:c197], cId:8555, entries: [(t:1, i:201), STATEMACHINELOGENTRY, 8544@client-E8995F8E72F5]
2023-03-17 00:26:27,129 DEBUG server.RaftServer$Division (RaftServerImpl.java:logAppendEntries(1430)) - s7@group-6E994AD85659: receive appendEntries(s1, 1, (t:1, i:200), 199, true, commits:[s1:c199, s10:c199, s0:c199, s3:c198, s4:c198, s11:c199, s5:c199, s6:c198, s13:c199, s7:c199, s12:c199, s8:c199, s9:c197, s14:c199, s2:c199], cId:8561, entries: [(t:1, i:201), STATEMACHINELOGENTRY, 8544@client-E8995F8E72F5]
2023-03-17 00:26:27,130 DEBUG server.RaftServer$Division (RaftServerImpl.java:logAppendEntries(1430)) - s11@group-6E994AD85659: succeeded to handle AppendEntries. Reply: s1<-s11#8556:OK-t1,SUCCESS,nextIndex=202,followerCommit=199,matchIndex=201
2023-03-17 00:26:27,130 DEBUG server.RaftServer$Division (RaftServerImpl.java:logAppendEntries(1430)) - s14@group-6E994AD85659: succeeded to handle AppendEntries. Reply: s1<-s14#8555:OK-t1,SUCCESS,nextIndex=202,followerCommit=199,matchIndex=201
2023-03-17 00:26:27,130 DEBUG server.RaftServer$Division (RaftServerImpl.java:logAppendEntries(1430)) - s7@group-6E994AD85659: succeeded to handle AppendEntries. Reply: s1<-s7#8561:OK-t1,SUCCESS,nextIndex=202,followerCommit=199,matchIndex=201
2023-03-17 00:26:27,131 DEBUG server.RaftServer$Division (RaftServerImpl.java:logAppendEntries(1430)) - s5@group-6E994AD85659: receive appendEntries(s1, 1, (t:1, i:200), 199, true, commits:[s1:c199, s10:c197, s0:c199, s3:c198, s4:c198, s11:c199, s5:c199, s6:c198, s13:c199, s7:c197, s12:c199, s8:c199, s9:c197, s14:c199, s2:c199], cId:8558, entries: [(t:1, i:201), STATEMACHINELOGENTRY, 8544@client-E8995F8E72F5]
2023-03-17 00:26:27,131 DEBUG server.RaftServer$Division (RaftServerImpl.java:logAppendEntries(1430)) - s8@group-6E994AD85659: receive appendEntries(s1, 1, (t:1, i:200), 199, true, commits:[s1:c199, s10:c197, s0:c199, s3:c198, s4:c198, s11:c199, s5:c199, s6:c198, s13:c199, s7:c197, s12:c199, s8:c199, s9:c197, s14:c199, s2:c199], cId:8559, entries: [(t:1, i:201), STATEMACHINELOGENTRY, 8544@client-E8995F8E72F5]
2023-03-17 00:26:27,131 DEBUG server.RaftServer$Division (RaftServerImpl.java:logAppendEntries(1430)) - s13@group-6E994AD85659: succeeded to handle AppendEntries. Reply: s1<-s13#8554:OK-t1,SUCCESS,nextIndex=202,followerCommit=199,matchIndex=201
2023-03-17 00:26:27,131 DEBUG server.RaftServer$Division (RaftServerImpl.java:logAppendEntries(1430)) - s2@group-6E994AD85659: receive appendEntries(s1, 1, (t:1, i:200), 199, true, commits:[s1:c199, s10:c197, s0:c199, s3:c198, s4:c198, s11:c199, s5:c199, s6:c198, s13:c199, s7:c197, s12:c199, s8:c197, s9:c197, s14:c199, s2:c199], cId:8557, entries: [(t:1, i:201), STATEMACHINELOGENTRY, 8544@client-E8995F8E72F5]
2023-03-17 00:26:27,131 DEBUG server.RaftServer$Division (RaftServerImpl.java:logAppendEntries(1430)) - s5@group-6E994AD85659: succeeded to handle AppendEntries. Reply: s1<-s5#8558:OK-t1,SUCCESS,nextIndex=202,followerCommit=199,matchIndex=201
2023-03-17 00:26:27,131 DEBUG server.RaftServer$Division (RaftServerImpl.java:logAppendEntries(1430)) - s8@group-6E994AD85659: succeeded to handle AppendEntries. Reply: s1<-s8#8559:OK-t1,SUCCESS,nextIndex=202,followerCommit=199,matchIndex=201
2023-03-17 00:26:27,132 INFO  statemachine.StateMachine (ArithmeticStateMachine.java:applyTransaction(182)) - LEADER:s1-201: c = √(a^2 + b^2) = 6613
2023-03-17 00:26:27,132 DEBUG server.RaftServer$Division (RaftServerImpl.java:submitClientRequestAsync(835)) - s1@group-6E994AD85659: receive client request(RaftClientRequest:client-E8995F8E72F5->s1@group-6E994AD85659, cid=8566, seq=0, RW, Message:01016100)
2023-03-17 00:26:27,132 DEBUG server.RaftServer$Division (RaftServerImpl.java:logAppendEntries(1430)) - s2@group-6E994AD85659: succeeded to handle AppendEntries. Reply: s1<-s2#8557:OK-t1,SUCCESS,nextIndex=202,followerCommit=199,matchIndex=201
2023-03-17 00:26:27,132 DEBUG server.RaftServer$Division (LeaderStateImpl.java:addPendingRequest(474)) - s1@group-6E994AD85659-LeaderStateImpl: addPendingRequest at RaftClientRequest:client-E8995F8E72F5->s1@group-6E994AD85659, cid=8566, seq=0, RW, Message:01016100, entry=(t:1, i:203), STATEMACHINELOGENTRY, 8566@client-E8995F8E72F5
2023-03-17 00:26:27,132 DEBUG server.RaftServer$Division (RaftServerImpl.java:logAppendEntries(1430)) - s10@group-6E994AD85659: receive appendEntries(s1, 1, (t:1, i:200), 199, true, commits:[s1:c199, s10:c199, s0:c199, s3:c198, s4:c198, s11:c199, s5:c199, s6:c198, s13:c199, s7:c197, s12:c199, s8:c199, s9:c197, s14:c199, s2:c199], cId:8560, entries: [(t:1, i:201), STATEMACHINELOGENTRY, 8544@client-E8995F8E72F5]
2023-03-17 00:26:27,133 DEBUG server.RaftServer$Division (RaftServerImpl.java:logAppendEntries(1430)) - s9@group-6E994AD85659: receive appendEntries(s1, 1, (t:1, i:201), 201, true, commits:[s1:c201, s10:c199, s0:c199, s3:c199, s4:c199, s11:c199, s5:c199, s6:c199, s13:c199, s7:c199, s12:c199, s8:c199, s9:c199, s14:c199, s2:c199], cId:8562, entries: [(t:1, i:202), METADATAENTRY(c:201)]
2023-03-17 00:26:27,133 DEBUG server.RaftServer$Division (RaftServerImpl.java:logAppendEntries(1430)) - s4@group-6E994AD85659: receive appendEntries(s1, 1, (t:1, i:201), 201, true, commits:[s1:c201, s10:c199, s0:c199, s3:c199, s4:c199, s11:c199, s5:c199, s6:c199, s13:c199, s7:c199, s12:c199, s8:c199, s9:c199, s14:c199, s2:c199], cId:8572, entries: [(t:1, i:202), METADATAENTRY(c:201)]
2023-03-17 00:26:27,133 DEBUG server.RaftServer$Division (RaftServerImpl.java:logAppendEntries(1430)) - s13@group-6E994AD85659: receive appendEntries(s1, 1, (t:1, i:201), 201, true, commits:[s1:c201, s10:c199, s0:c199, s3:c199, s4:c199, s11:c199, s5:c199, s6:c199, s13:c199, s7:c199, s12:c199, s8:c199, s9:c199, s14:c199, s2:c199], cId:8570, entries: [(t:1, i:202), METADATAENTRY(c:201)]
2023-03-17 00:26:27,133 DEBUG server.RaftServer$Division (RaftServerImpl.java:logAppendEntries(1430)) - s10@group-6E994AD85659: succeeded to handle AppendEntries. Reply: s1<-s10#8560:OK-t1,SUCCESS,nextIndex=202,followerCommit=199,matchIndex=201
2023-03-17 00:26:27,133 DEBUG server.RaftServer$Division (RaftServerImpl.java:logAppendEntries(1430)) - s4@group-6E994AD85659: succeeded to handle AppendEntries. Reply: s1<-s4#8572:OK-t1,SUCCESS,nextIndex=203,followerCommit=201,matchIndex=202
2023-03-17 00:26:27,133 DEBUG server.RaftServer$Division (RaftServerImpl.java:logAppendEntries(1430)) - s9@group-6E994AD85659: succeeded to handle AppendEntries. Reply: s1<-s9#8562:OK-t1,SUCCESS,nextIndex=203,followerCommit=201,matchIndex=202
2023-03-17 00:26:27,134 DEBUG server.RaftServer$Division (RaftServerImpl.java:logAppendEntries(1430)) - s12@group-6E994AD85659: receive appendEntries(s1, 1, (t:1, i:201), 201, true, commits:[s1:c201, s10:c199, s0:c199, s3:c199, s4:c199, s11:c199, s5:c199, s6:c199, s13:c199, s7:c199, s12:c199, s8:c199, s9:c199, s14:c199, s2:c199], cId:8569, entries: [(t:1, i:202), METADATAENTRY(c:201)]
2023-03-17 00:26:27,134 DEBUG server.RaftServer$Division (RaftServerImpl.java:logAppendEntries(1430)) - s6@group-6E994AD85659: receive appendEntries(s1, 1, (t:1, i:201), 201, true, commits:[s1:c201, s10:c199, s0:c199, s3:c199, s4:c199, s11:c199, s5:c199, s6:c199, s13:c199, s7:c199, s12:c199, s8:c199, s9:c199, s14:c199, s2:c199], cId:8565, entries: [(t:1, i:202), METADATAENTRY(c:201)]
2023-03-17 00:26:27,134 DEBUG server.RaftServer$Division (RaftServerImpl.java:logAppendEntries(1430)) - s12@group-6E994AD85659: succeeded to handle AppendEntries. Reply: s1<-s12#8569:OK-t1,SUCCESS,nextIndex=203,followerCommit=201,matchIndex=202
2023-03-17 00:26:27,135 DEBUG server.RaftServer$Division (RaftServerImpl.java:logAppendEntries(1430)) - s13@group-6E994AD85659: succeeded to handle AppendEntries. Reply: s1<-s13#8570:OK-t1,SUCCESS,nextIndex=203,followerCommit=201,matchIndex=202
2023-03-17 00:26:27,135 DEBUG server.RaftServer$Division (RaftServerImpl.java:logAppendEntries(1430)) - s3@group-6E994AD85659: receive appendEntries(s1, 1, (t:1, i:201), 201, true, commits:[s1:c201, s10:c199, s0:c199, s3:c199, s4:c199, s11:c199, s5:c199, s6:c199, s13:c199, s7:c199, s12:c199, s8:c199, s9:c199, s14:c199, s2:c199], cId:8571, entries: [(t:1, i:202), METADATAENTRY(c:201)]
2023-03-17 00:26:27,135 DEBUG server.RaftServer$Division (RaftServerImpl.java:logAppendEntries(1430)) - s6@group-6E994AD85659: succeeded to handle AppendEntries. Reply: s1<-s6#8565:OK-t1,SUCCESS,nextIndex=203,followerCommit=201,matchIndex=202
2023-03-17 00:26:27,135 DEBUG server.RaftServer$Division (RaftServerImpl.java:logAppendEntries(1430)) - s3@group-6E994AD85659: succeeded to handle AppendEntries. Reply: s1<-s3#8571:OK-t1,SUCCESS,nextIndex=203,followerCommit=201,matchIndex=202
2023-03-17 00:26:27,136 DEBUG server.RaftServer$Division (RaftServerImpl.java:logAppendEntries(1430)) - s0@group-6E994AD85659: receive appendEntries(s1, 1, (t:1, i:201), 201, true, commits:[s1:c201, s10:c199, s0:c199, s3:c199, s4:c199, s11:c199, s5:c199, s6:c199, s13:c199, s7:c199, s12:c199, s8:c199, s9:c199, s14:c199, s2:c199], cId:8567, entries: [(t:1, i:202), METADATAENTRY(c:201)]
2023-03-17 00:26:27,136 DEBUG server.RaftServer$Division (RaftServerImpl.java:logAppendEntries(1430)) - s7@group-6E994AD85659: receive appendEntries(s1, 1, (t:1, i:201), 201, true, commits:[s1:c201, s10:c199, s0:c199, s3:c199, s4:c199, s11:c199, s5:c199, s6:c199, s13:c199, s7:c199, s12:c199, s8:c199, s9:c199, s14:c199, s2:c199], cId:8563, entries: [(t:1, i:202), METADATAENTRY(c:201)]
2023-03-17 00:26:27,136 DEBUG server.RaftServer$Division (RaftServerImpl.java:logAppendEntries(1430)) - s14@group-6E994AD85659: receive appendEntries(s1, 1, (t:1, i:201), 201, true, commits:[s1:c201, s10:c199, s0:c199, s3:c199, s4:c199, s11:c199, s5:c199, s6:c199, s13:c199, s7:c199, s12:c199, s8:c199, s9:c199, s14:c199, s2:c199], cId:8568, entries: [(t:1, i:202), METADATAENTRY(c:201)]
2023-03-17 00:26:27,136 DEBUG server.RaftServer$Division (RaftServerImpl.java:logAppendEntries(1430)) - s11@group-6E994AD85659: receive appendEntries(s1, 1, (t:1, i:201), 201, true, commits:[s1:c201, s10:c199, s0:c199, s3:c199, s4:c199, s11:c199, s5:c199, s6:c199, s13:c199, s7:c199, s12:c199, s8:c199, s9:c199, s14:c199, s2:c199], cId:8564, entries: [(t:1, i:202), METADATAENTRY(c:201)]
2023-03-17 00:26:27,137 DEBUG server.RaftServer$Division (RaftServerImpl.java:logAppendEntries(1430)) - s0@group-6E994AD85659: succeeded to handle AppendEntries. Reply: s1<-s0#8567:OK-t1,SUCCESS,nextIndex=203,followerCommit=201,matchIndex=202
2023-03-17 00:26:27,137 DEBUG server.RaftServer$Division (RaftServerImpl.java:logAppendEntries(1430)) - s7@group-6E994AD85659: succeeded to handle AppendEntries. Reply: s1<-s7#8563:OK-t1,SUCCESS,nextIndex=203,followerCommit=201,matchIndex=202
2023-03-17 00:26:27,137 DEBUG server.RaftServer$Division (RaftServerImpl.java:logAppendEntries(1430)) - s14@group-6E994AD85659: succeeded to handle AppendEntries. Reply: s1<-s14#8568:OK-t1,SUCCESS,nextIndex=203,followerCommit=201,matchIndex=202
2023-03-17 00:26:27,137 DEBUG server.RaftServer$Division (RaftServerImpl.java:logAppendEntries(1430)) - s12@group-6E994AD85659: receive appendEntries(s1, 1, (t:1, i:202), 201, true, commits:[s1:c201, s10:c199, s0:c199, s3:c199, s4:c199, s11:c199, s5:c199, s6:c199, s13:c199, s7:c199, s12:c201, s8:c199, s9:c199, s14:c199, s2:c199], cId:8577, entries: [(t:1, i:203), STATEMACHINELOGENTRY, 8566@client-E8995F8E72F5]
2023-03-17 00:26:27,138 DEBUG server.RaftServer$Division (RaftServerImpl.java:logAppendEntries(1430)) - s11@group-6E994AD85659: succeeded to handle AppendEntries. Reply: s1<-s11#8564:OK-t1,SUCCESS,nextIndex=203,followerCommit=201,matchIndex=202
2023-03-17 00:26:27,138 DEBUG server.RaftServer$Division (RaftServerImpl.java:logAppendEntries(1430)) - s12@group-6E994AD85659: succeeded to handle AppendEntries. Reply: s1<-s12#8577:OK-t1,SUCCESS,nextIndex=204,followerCommit=201,matchIndex=203
2023-03-17 00:26:27,138 DEBUG server.RaftServer$Division (RaftServerImpl.java:logAppendEntries(1430)) - s5@group-6E994AD85659: receive appendEntries(s1, 1, (t:1, i:201), 201, true, commits:[s1:c201, s10:c199, s0:c199, s3:c199, s4:c199, s11:c199, s5:c199, s6:c199, s13:c199, s7:c199, s12:c199, s8:c199, s9:c199, s14:c199, s2:c199], cId:8574, entries: [(t:1, i:202), METADATAENTRY(c:201), (t:1, i:203), STATEMACHINELOGENTRY, 8566@client-E8995F8E72F5]
2023-03-17 00:26:27,138 DEBUG server.RaftServer$Division (RaftServerImpl.java:logAppendEntries(1430)) - s8@group-6E994AD85659: receive appendEntries(s1, 1, (t:1, i:201), 201, true, commits:[s1:c201, s10:c199, s0:c199, s3:c199, s4:c199, s11:c199, s5:c199, s6:c199, s13:c199, s7:c199, s12:c199, s8:c199, s9:c199, s14:c199, s2:c199], cId:8573, entries: [(t:1, i:202), METADATAENTRY(c:201), (t:1, i:203), STATEMACHINELOGENTRY, 8566@client-E8995F8E72F5]
2023-03-17 00:26:27,139 DEBUG server.RaftServer$Division (RaftServerImpl.java:logAppendEntries(1430)) - s10@group-6E994AD85659: receive appendEntries(s1, 1, (t:1, i:201), 201, true, commits:[s1:c201, s10:c199, s0:c199, s3:c199, s4:c199, s11:c199, s5:c199, s6:c199, s13:c199, s7:c199, s12:c199, s8:c199, s9:c199, s14:c199, s2:c199], cId:8576, entries: [(t:1, i:202), METADATAENTRY(c:201), (t:1, i:203), STATEMACHINELOGENTRY, 8566@client-E8995F8E72F5]
2023-03-17 00:26:27,139 DEBUG server.RaftServer$Division (RaftServerImpl.java:logAppendEntries(1430)) - s6@group-6E994AD85659: receive appendEntries(s1, 1, (t:1, i:202), 201, true, commits:[s1:c201, s10:c199, s0:c199, s3:c199, s4:c199, s11:c199, s5:c199, s6:c201, s13:c199, s7:c199, s12:c201, s8:c199, s9:c199, s14:c199, s2:c199], cId:8578, entries: [(t:1, i:203), STATEMACHINELOGENTRY, 8566@client-E8995F8E72F5]
2023-03-17 00:26:27,139 DEBUG server.RaftServer$Division (RaftServerImpl.java:logAppendEntries(1430)) - s2@group-6E994AD85659: receive appendEntries(s1, 1, (t:1, i:201), 201, true, commits:[s1:c201, s10:c199, s0:c199, s3:c199, s4:c199, s11:c199, s5:c199, s6:c199, s13:c199, s7:c199, s12:c199, s8:c199, s9:c199, s14:c199, s2:c199], cId:8575, entries: [(t:1, i:202), METADATAENTRY(c:201), (t:1, i:203), STATEMACHINELOGENTRY, 8566@client-E8995F8E72F5]
2023-03-17 00:26:27,139 DEBUG server.RaftServer$Division (RaftServerImpl.java:logAppendEntries(1430)) - s8@group-6E994AD85659: succeeded to handle AppendEntries. Reply: s1<-s8#8573:OK-t1,SUCCESS,nextIndex=204,followerCommit=201,matchIndex=203
2023-03-17 00:26:27,139 DEBUG server.RaftServer$Division (RaftServerImpl.java:logAppendEntries(1430)) - s2@group-6E994AD85659: succeeded to handle AppendEntries. Reply: s1<-s2#8575:OK-t1,SUCCESS,nextIndex=204,followerCommit=201,matchIndex=203
2023-03-17 00:26:27,140 DEBUG server.RaftServer$Division (RaftServerImpl.java:logAppendEntries(1430)) - s5@group-6E994AD85659: succeeded to handle AppendEntries. Reply: s1<-s5#8574:OK-t1,SUCCESS,nextIndex=204,followerCommit=201,matchIndex=203
2023-03-17 00:26:27,139 DEBUG server.RaftServer$Division (RaftServerImpl.java:logAppendEntries(1430)) - s6@group-6E994AD85659: succeeded to handle AppendEntries. Reply: s1<-s6#8578:OK-t1,SUCCESS,nextIndex=204,followerCommit=201,matchIndex=203
2023-03-17 00:26:27,140 DEBUG server.RaftServer$Division (RaftServerImpl.java:logAppendEntries(1430)) - s10@group-6E994AD85659: succeeded to handle AppendEntries. Reply: s1<-s10#8576:OK-t1,SUCCESS,nextIndex=204,followerCommit=201,matchIndex=203
2023-03-17 00:26:27,140 DEBUG server.RaftServer$Division (RaftServerImpl.java:logAppendEntries(1430)) - s4@group-6E994AD85659: receive appendEntries(s1, 1, (t:1, i:202), 201, true, commits:[s1:c201, s10:c199, s0:c199, s3:c201, s4:c201, s11:c199, s5:c199, s6:c201, s13:c199, s7:c199, s12:c201, s8:c199, s9:c201, s14:c199, s2:c199], cId:8581, entries: [(t:1, i:203), STATEMACHINELOGENTRY, 8566@client-E8995F8E72F5]
2023-03-17 00:26:27,141 DEBUG server.RaftServer$Division (RaftServerImpl.java:logAppendEntries(1430)) - s4@group-6E994AD85659: succeeded to handle AppendEntries. Reply: s1<-s4#8581:OK-t1,SUCCESS,nextIndex=204,followerCommit=201,matchIndex=203
2023-03-17 00:26:27,140 DEBUG server.RaftServer$Division (RaftServerImpl.java:logAppendEntries(1430)) - s3@group-6E994AD85659: receive appendEntries(s1, 1, (t:1, i:202), 201, true, commits:[s1:c201, s10:c199, s0:c199, s3:c201, s4:c199, s11:c199, s5:c199, s6:c201, s13:c199, s7:c199, s12:c201, s8:c199, s9:c199, s14:c199, s2:c199], cId:8579, entries: [(t:1, i:203), STATEMACHINELOGENTRY, 8566@client-E8995F8E72F5]
2023-03-17 00:26:27,140 DEBUG server.RaftServer$Division (RaftServerImpl.java:logAppendEntries(1430)) - s9@group-6E994AD85659: receive appendEntries(s1, 1, (t:1, i:202), 201, true, commits:[s1:c201, s10:c199, s0:c199, s3:c201, s4:c199, s11:c199, s5:c199, s6:c201, s13:c199, s7:c199, s12:c201, s8:c199, s9:c201, s14:c199, s2:c199], cId:8580, entries: [(t:1, i:203), STATEMACHINELOGENTRY, 8566@client-E8995F8E72F5]
2023-03-17 00:26:27,142 DEBUG server.RaftServer$Division (RaftServerImpl.java:logAppendEntries(1430)) - s13@group-6E994AD85659: receive appendEntries(s1, 1, (t:1, i:202), 201, true, commits:[s1:c201, s10:c199, s0:c199, s3:c201, s4:c201, s11:c199, s5:c199, s6:c201, s13:c201, s7:c199, s12:c201, s8:c199, s9:c201, s14:c199, s2:c199], cId:8582, entries: [(t:1, i:203), STATEMACHINELOGENTRY, 8566@client-E8995F8E72F5]
2023-03-17 00:26:27,142 DEBUG server.RaftServer$Division (RaftServerImpl.java:logAppendEntries(1430)) - s9@group-6E994AD85659: succeeded to handle AppendEntries. Reply: s1<-s9#8580:OK-t1,SUCCESS,nextIndex=204,followerCommit=201,matchIndex=203
2023-03-17 00:26:27,142 DEBUG server.RaftServer$Division (RaftServerImpl.java:logAppendEntries(1430)) - s3@group-6E994AD85659: succeeded to handle AppendEntries. Reply: s1<-s3#8579:OK-t1,SUCCESS,nextIndex=204,followerCommit=201,matchIndex=203
2023-03-17 00:26:27,143 DEBUG server.RaftServer$Division (RaftServerImpl.java:logAppendEntries(1430)) - s0@group-6E994AD85659: receive appendEntries(s1, 1, (t:1, i:202), 201, true, commits:[s1:c201, s10:c199, s0:c201, s3:c201, s4:c201, s11:c199, s5:c199, s6:c201, s13:c201, s7:c199, s12:c201, s8:c199, s9:c201, s14:c199, s2:c199], cId:8583, entries: [(t:1, i:203), STATEMACHINELOGENTRY, 8566@client-E8995F8E72F5]
2023-03-17 00:26:27,143 DEBUG server.RaftServer$Division (RaftServerImpl.java:logAppendEntries(1430)) - s7@group-6E994AD85659: receive appendEntries(s1, 1, (t:1, i:202), 201, true, commits:[s1:c201, s10:c199, s0:c201, s3:c201, s4:c201, s11:c201, s5:c199, s6:c201, s13:c201, s7:c201, s12:c201, s8:c199, s9:c201, s14:c199, s2:c199], cId:8585, entries: [(t:1, i:203), STATEMACHINELOGENTRY, 8566@client-E8995F8E72F5]
2023-03-17 00:26:27,143 DEBUG server.RaftServer$Division (RaftServerImpl.java:logAppendEntries(1430)) - s13@group-6E994AD85659: succeeded to handle AppendEntries. Reply: s1<-s13#8582:OK-t1,SUCCESS,nextIndex=204,followerCommit=201,matchIndex=203
2023-03-17 00:26:27,143 DEBUG server.RaftServer$Division (RaftServerImpl.java:logAppendEntries(1430)) - s11@group-6E994AD85659: receive appendEntries(s1, 1, (t:1, i:202), 201, true, commits:[s1:c201, s10:c199, s0:c201, s3:c201, s4:c201, s11:c201, s5:c199, s6:c201, s13:c201, s7:c199, s12:c201, s8:c199, s9:c201, s14:c199, s2:c199], cId:8584, entries: [(t:1, i:203), STATEMACHINELOGENTRY, 8566@client-E8995F8E72F5]
2023-03-17 00:26:27,143 DEBUG server.RaftServer$Division (RaftServerImpl.java:logAppendEntries(1430)) - s14@group-6E994AD85659: receive appendEntries(s1, 1, (t:1, i:202), 202, true, commits:[s1:c202, s10:c199, s0:c201, s3:c201, s4:c201, s11:c201, s5:c199, s6:c201, s13:c201, s7:c201, s12:c201, s8:c199, s9:c201, s14:c201, s2:c199], cId:8586, entries: [(t:1, i:203), STATEMACHINELOGENTRY, 8566@client-E8995F8E72F5]
2023-03-17 00:26:27,144 DEBUG server.RaftServer$Division (RaftServerImpl.java:logAppendEntries(1430)) - s0@group-6E994AD85659: succeeded to handle AppendEntries. Reply: s1<-s0#8583:OK-t1,SUCCESS,nextIndex=204,followerCommit=201,matchIndex=203
2023-03-17 00:26:27,144 DEBUG server.RaftServer$Division (RaftServerImpl.java:logAppendEntries(1430)) - s7@group-6E994AD85659: succeeded to handle AppendEntries. Reply: s1<-s7#8585:OK-t1,SUCCESS,nextIndex=204,followerCommit=201,matchIndex=203
2023-03-17 00:26:27,144 INFO  statemachine.StateMachine (ArithmeticStateMachine.java:applyTransaction(182)) - LEADER:s1-203: a = null = null
2023-03-17 00:26:27,144 DEBUG server.RaftServer$Division (RaftServerImpl.java:logAppendEntries(1430)) - s14@group-6E994AD85659: succeeded to handle AppendEntries. Reply: s1<-s14#8586:OK-t1,SUCCESS,nextIndex=204,followerCommit=202,matchIndex=203
2023-03-17 00:26:27,144 DEBUG server.RaftServer$Division (RaftServerImpl.java:logAppendEntries(1430)) - s11@group-6E994AD85659: succeeded to handle AppendEntries. Reply: s1<-s11#8584:OK-t1,SUCCESS,nextIndex=204,followerCommit=201,matchIndex=203
2023-03-17 00:26:27,145 DEBUG server.RaftServer$Division (RaftServerImpl.java:submitClientRequestAsync(835)) - s1@group-6E994AD85659: receive client request(RaftClientRequest:client-E8995F8E72F5->s1@group-6E994AD85659, cid=8595, seq=0, RW, Message:01016200)
2023-03-17 00:26:27,145 DEBUG server.RaftServer$Division (LeaderStateImpl.java:addPendingRequest(474)) - s1@group-6E994AD85659-LeaderStateImpl: addPendingRequest at RaftClientRequest:client-E8995F8E72F5->s1@group-6E994AD85659, cid=8595, seq=0, RW, Message:01016200, entry=(t:1, i:205), STATEMACHINELOGENTRY, 8595@client-E8995F8E72F5
2023-03-17 00:26:27,146 DEBUG server.RaftServer$Division (RaftServerImpl.java:logAppendEntries(1430)) - s6@group-6E994AD85659: receive appendEntries(s1, 1, (t:1, i:203), 203, true, commits:[s1:c203, s10:c201, s0:c201, s3:c201, s4:c201, s11:c201, s5:c201, s6:c201, s13:c201, s7:c201, s12:c201, s8:c201, s9:c201, s14:c201, s2:c201], cId:8592, entries: [(t:1, i:204), METADATAENTRY(c:203)]
2023-03-17 00:26:27,146 DEBUG server.RaftServer$Division (RaftServerImpl.java:logAppendEntries(1430)) - s12@group-6E994AD85659: receive appendEntries(s1, 1, (t:1, i:203), 203, true, commits:[s1:c203, s10:c201, s0:c201, s3:c201, s4:c201, s11:c201, s5:c201, s6:c201, s13:c201, s7:c201, s12:c201, s8:c201, s9:c201, s14:c201, s2:c201], cId:8594, entries: [(t:1, i:204), METADATAENTRY(c:203)]
2023-03-17 00:26:27,147 DEBUG server.RaftServer$Division (RaftServerImpl.java:logAppendEntries(1430)) - s6@group-6E994AD85659: succeeded to handle AppendEntries. Reply: s1<-s6#8592:OK-t1,SUCCESS,nextIndex=205,followerCommit=203,matchIndex=204
2023-03-17 00:26:27,147 DEBUG server.RaftServer$Division (RaftServerImpl.java:logAppendEntries(1430)) - s10@group-6E994AD85659: receive appendEntries(s1, 1, (t:1, i:203), 203, true, commits:[s1:c203, s10:c201, s0:c201, s3:c201, s4:c201, s11:c201, s5:c201, s6:c201, s13:c201, s7:c201, s12:c201, s8:c201, s9:c201, s14:c201, s2:c201], cId:8587, entries: [(t:1, i:204), METADATAENTRY(c:203)]
2023-03-17 00:26:27,147 DEBUG server.RaftServer$Division (RaftServerImpl.java:logAppendEntries(1430)) - s12@group-6E994AD85659: succeeded to handle AppendEntries. Reply: s1<-s12#8594:OK-t1,SUCCESS,nextIndex=205,followerCommit=203,matchIndex=204
2023-03-17 00:26:27,147 DEBUG server.RaftServer$Division (RaftServerImpl.java:logAppendEntries(1430)) - s8@group-6E994AD85659: receive appendEntries(s1, 1, (t:1, i:203), 203, true, commits:[s1:c203, s10:c201, s0:c201, s3:c201, s4:c201, s11:c201, s5:c201, s6:c201, s13:c201, s7:c201, s12:c201, s8:c201, s9:c201, s14:c201, s2:c201], cId:8589, entries: [(t:1, i:204), METADATAENTRY(c:203)]
2023-03-17 00:26:27,148 DEBUG server.RaftServer$Division (RaftServerImpl.java:logAppendEntries(1430)) - s2@group-6E994AD85659: receive appendEntries(s1, 1, (t:1, i:203), 203, true, commits:[s1:c203, s10:c201, s0:c201, s3:c201, s4:c201, s11:c201, s5:c201, s6:c201, s13:c201, s7:c201, s12:c201, s8:c201, s9:c201, s14:c201, s2:c201], cId:8590, entries: [(t:1, i:204), METADATAENTRY(c:203)]
2023-03-17 00:26:27,147 DEBUG server.RaftServer$Division (RaftServerImpl.java:logAppendEntries(1430)) - s5@group-6E994AD85659: receive appendEntries(s1, 1, (t:1, i:203), 203, true, commits:[s1:c203, s10:c201, s0:c201, s3:c201, s4:c201, s11:c201, s5:c201, s6:c201, s13:c201, s7:c201, s12:c201, s8:c201, s9:c201, s14:c201, s2:c201], cId:8588, entries: [(t:1, i:204), METADATAENTRY(c:203)]
2023-03-17 00:26:27,148 DEBUG server.RaftServer$Division (RaftServerImpl.java:logAppendEntries(1430)) - s10@group-6E994AD85659: succeeded to handle AppendEntries. Reply: s1<-s10#8587:OK-t1,SUCCESS,nextIndex=205,followerCommit=203,matchIndex=204
2023-03-17 00:26:27,148 DEBUG server.RaftServer$Division (RaftServerImpl.java:logAppendEntries(1430)) - s8@group-6E994AD85659: succeeded to handle AppendEntries. Reply: s1<-s8#8589:OK-t1,SUCCESS,nextIndex=205,followerCommit=203,matchIndex=204
2023-03-17 00:26:27,148 DEBUG server.RaftServer$Division (RaftServerImpl.java:logAppendEntries(1430)) - s5@group-6E994AD85659: succeeded to handle AppendEntries. Reply: s1<-s5#8588:OK-t1,SUCCESS,nextIndex=205,followerCommit=203,matchIndex=204
2023-03-17 00:26:27,148 DEBUG server.RaftServer$Division (RaftServerImpl.java:logAppendEntries(1430)) - s2@group-6E994AD85659: succeeded to handle AppendEntries. Reply: s1<-s2#8590:OK-t1,SUCCESS,nextIndex=205,followerCommit=203,matchIndex=204
2023-03-17 00:26:27,148 DEBUG server.RaftServer$Division (RaftServerImpl.java:logAppendEntries(1430)) - s3@group-6E994AD85659: receive appendEntries(s1, 1, (t:1, i:203), 203, true, commits:[s1:c203, s10:c201, s0:c201, s3:c201, s4:c201, s11:c201, s5:c201, s6:c201, s13:c201, s7:c201, s12:c201, s8:c201, s9:c201, s14:c201, s2:c201], cId:8596, entries: [(t:1, i:204), METADATAENTRY(c:203)]
2023-03-17 00:26:27,149 DEBUG server.RaftServer$Division (RaftServerImpl.java:logAppendEntries(1430)) - s9@group-6E994AD85659: receive appendEntries(s1, 1, (t:1, i:203), 203, true, commits:[s1:c203, s10:c201, s0:c201, s3:c201, s4:c201, s11:c201, s5:c201, s6:c201, s13:c201, s7:c201, s12:c201, s8:c201, s9:c201, s14:c201, s2:c201], cId:8591, entries: [(t:1, i:204), METADATAENTRY(c:203)]
2023-03-17 00:26:27,149 DEBUG server.RaftServer$Division (RaftServerImpl.java:logAppendEntries(1430)) - s4@group-6E994AD85659: receive appendEntries(s1, 1, (t:1, i:203), 203, true, commits:[s1:c203, s10:c201, s0:c201, s3:c201, s4:c201, s11:c201, s5:c201, s6:c201, s13:c201, s7:c201, s12:c201, s8:c201, s9:c201, s14:c201, s2:c201], cId:8593, entries: [(t:1, i:204), METADATAENTRY(c:203)]
2023-03-17 00:26:27,149 DEBUG server.RaftServer$Division (RaftServerImpl.java:logAppendEntries(1430)) - s3@group-6E994AD85659: succeeded to handle AppendEntries. Reply: s1<-s3#8596:OK-t1,SUCCESS,nextIndex=205,followerCommit=203,matchIndex=204
2023-03-17 00:26:27,149 DEBUG server.RaftServer$Division (RaftServerImpl.java:logAppendEntries(1430)) - s9@group-6E994AD85659: succeeded to handle AppendEntries. Reply: s1<-s9#8591:OK-t1,SUCCESS,nextIndex=205,followerCommit=203,matchIndex=204
2023-03-17 00:26:27,150 DEBUG server.RaftServer$Division (RaftServerImpl.java:logAppendEntries(1430)) - s4@group-6E994AD85659: succeeded to handle AppendEntries. Reply: s1<-s4#8593:OK-t1,SUCCESS,nextIndex=205,followerCommit=203,matchIndex=204
2023-03-17 00:26:27,150 DEBUG server.RaftServer$Division (RaftServerImpl.java:logAppendEntries(1430)) - s6@group-6E994AD85659: receive appendEntries(s1, 1, (t:1, i:204), 203, true, commits:[s1:c203, s10:c201, s0:c201, s3:c201, s4:c201, s11:c201, s5:c201, s6:c203, s13:c201, s7:c201, s12:c201, s8:c201, s9:c201, s14:c201, s2:c201], cId:8597, entries: [(t:1, i:205), STATEMACHINELOGENTRY, 8595@client-E8995F8E72F5]
2023-03-17 00:26:27,150 DEBUG server.RaftServer$Division (RaftServerImpl.java:logAppendEntries(1430)) - s13@group-6E994AD85659: receive appendEntries(s1, 1, (t:1, i:203), 203, true, commits:[s1:c203, s10:c201, s0:c201, s3:c201, s4:c201, s11:c201, s5:c201, s6:c203, s13:c201, s7:c201, s12:c201, s8:c201, s9:c201, s14:c201, s2:c201], cId:8598, entries: [(t:1, i:204), METADATAENTRY(c:203), (t:1, i:205), STATEMACHINELOGENTRY, 8595@client-E8995F8E72F5]
2023-03-17 00:26:27,151 DEBUG server.RaftServer$Division (RaftServerImpl.java:logAppendEntries(1430)) - s0@group-6E994AD85659: receive appendEntries(s1, 1, (t:1, i:203), 203, true, commits:[s1:c203, s10:c201, s0:c201, s3:c201, s4:c201, s11:c201, s5:c201, s6:c203, s13:c201, s7:c201, s12:c201, s8:c201, s9:c201, s14:c201, s2:c201], cId:8599, entries: [(t:1, i:204), METADATAENTRY(c:203), (t:1, i:205), STATEMACHINELOGENTRY, 8595@client-E8995F8E72F5]
2023-03-17 00:26:27,151 DEBUG server.RaftServer$Division (RaftServerImpl.java:logAppendEntries(1430)) - s6@group-6E994AD85659: succeeded to handle AppendEntries. Reply: s1<-s6#8597:OK-t1,SUCCESS,nextIndex=206,followerCommit=203,matchIndex=205
2023-03-17 00:26:27,151 DEBUG server.RaftServer$Division (RaftServerImpl.java:logAppendEntries(1430)) - s11@group-6E994AD85659: receive appendEntries(s1, 1, (t:1, i:203), 203, true, commits:[s1:c203, s10:c201, s0:c201, s3:c201, s4:c201, s11:c201, s5:c201, s6:c203, s13:c201, s7:c201, s12:c201, s8:c201, s9:c201, s14:c201, s2:c201], cId:8601, entries: [(t:1, i:204), METADATAENTRY(c:203), (t:1, i:205), STATEMACHINELOGENTRY, 8595@client-E8995F8E72F5]
2023-03-17 00:26:27,151 DEBUG server.RaftServer$Division (RaftServerImpl.java:logAppendEntries(1430)) - s13@group-6E994AD85659: succeeded to handle AppendEntries. Reply: s1<-s13#8598:OK-t1,SUCCESS,nextIndex=206,followerCommit=203,matchIndex=205
2023-03-17 00:26:27,152 DEBUG server.RaftServer$Division (RaftServerImpl.java:logAppendEntries(1430)) - s14@group-6E994AD85659: receive appendEntries(s1, 1, (t:1, i:203), 203, true, commits:[s1:c203, s10:c203, s0:c201, s3:c201, s4:c201, s11:c201, s5:c203, s6:c203, s13:c201, s7:c201, s12:c201, s8:c203, s9:c201, s14:c202, s2:c203], cId:8605, entries: [(t:1, i:204), METADATAENTRY(c:203), (t:1, i:205), STATEMACHINELOGENTRY, 8595@client-E8995F8E72F5]
2023-03-17 00:26:27,152 DEBUG server.RaftServer$Division (RaftServerImpl.java:logAppendEntries(1430)) - s11@group-6E994AD85659: succeeded to handle AppendEntries. Reply: s1<-s11#8601:OK-t1,SUCCESS,nextIndex=206,followerCommit=203,matchIndex=205
2023-03-17 00:26:27,152 DEBUG server.RaftServer$Division (RaftServerImpl.java:logAppendEntries(1430)) - s0@group-6E994AD85659: succeeded to handle AppendEntries. Reply: s1<-s0#8599:OK-t1,SUCCESS,nextIndex=206,followerCommit=203,matchIndex=205
2023-03-17 00:26:27,152 DEBUG server.RaftServer$Division (RaftServerImpl.java:logAppendEntries(1430)) - s7@group-6E994AD85659: receive appendEntries(s1, 1, (t:1, i:203), 203, true, commits:[s1:c203, s10:c201, s0:c201, s3:c201, s4:c201, s11:c201, s5:c201, s6:c203, s13:c201, s7:c201, s12:c201, s8:c201, s9:c201, s14:c201, s2:c201], cId:8600, entries: [(t:1, i:204), METADATAENTRY(c:203), (t:1, i:205), STATEMACHINELOGENTRY, 8595@client-E8995F8E72F5]
2023-03-17 00:26:27,153 DEBUG server.RaftServer$Division (RaftServerImpl.java:logAppendEntries(1430)) - s14@group-6E994AD85659: succeeded to handle AppendEntries. Reply: s1<-s14#8605:OK-t1,SUCCESS,nextIndex=206,followerCommit=203,matchIndex=205
2023-03-17 00:26:27,153 DEBUG server.RaftServer$Division (RaftServerImpl.java:logAppendEntries(1430)) - s7@group-6E994AD85659: succeeded to handle AppendEntries. Reply: s1<-s7#8600:OK-t1,SUCCESS,nextIndex=206,followerCommit=203,matchIndex=205
2023-03-17 00:26:27,154 DEBUG server.RaftServer$Division (RaftServerImpl.java:logAppendEntries(1430)) - s2@group-6E994AD85659: receive appendEntries(s1, 1, (t:1, i:204), 203, true, commits:[s1:c203, s10:c203, s0:c201, s3:c201, s4:c201, s11:c201, s5:c203, s6:c203, s13:c201, s7:c201, s12:c201, s8:c201, s9:c201, s14:c201, s2:c203], cId:8604, entries: [(t:1, i:205), STATEMACHINELOGENTRY, 8595@client-E8995F8E72F5]
2023-03-17 00:26:27,154 DEBUG server.RaftServer$Division (RaftServerImpl.java:logAppendEntries(1430)) - s8@group-6E994AD85659: receive appendEntries(s1, 1, (t:1, i:204), 203, true, commits:[s1:c203, s10:c203, s0:c201, s3:c201, s4:c201, s11:c201, s5:c203, s6:c203, s13:c201, s7:c201, s12:c201, s8:c203, s9:c201, s14:c202, s2:c203], cId:8606, entries: [(t:1, i:205), STATEMACHINELOGENTRY, 8595@client-E8995F8E72F5]
2023-03-17 00:26:27,154 DEBUG server.RaftServer$Division (RaftServerImpl.java:logAppendEntries(1430)) - s10@group-6E994AD85659: receive appendEntries(s1, 1, (t:1, i:204), 203, true, commits:[s1:c203, s10:c203, s0:c201, s3:c201, s4:c201, s11:c201, s5:c201, s6:c203, s13:c201, s7:c201, s12:c201, s8:c201, s9:c201, s14:c201, s2:c201], cId:8602, entries: [(t:1, i:205), STATEMACHINELOGENTRY, 8595@client-E8995F8E72F5]
2023-03-17 00:26:27,155 DEBUG server.RaftServer$Division (RaftServerImpl.java:logAppendEntries(1430)) - s5@group-6E994AD85659: receive appendEntries(s1, 1, (t:1, i:204), 203, true, commits:[s1:c203, s10:c203, s0:c201, s3:c201, s4:c201, s11:c201, s5:c203, s6:c203, s13:c201, s7:c201, s12:c201, s8:c201, s9:c201, s14:c201, s2:c203], cId:8603, entries: [(t:1, i:205), STATEMACHINELOGENTRY, 8595@client-E8995F8E72F5]
2023-03-17 00:26:27,155 DEBUG server.RaftServer$Division (RaftServerImpl.java:logAppendEntries(1430)) - s8@group-6E994AD85659: succeeded to handle AppendEntries. Reply: s1<-s8#8606:OK-t1,SUCCESS,nextIndex=206,followerCommit=203,matchIndex=205
2023-03-17 00:26:27,155 DEBUG server.RaftServer$Division (RaftServerImpl.java:logAppendEntries(1430)) - s2@group-6E994AD85659: succeeded to handle AppendEntries. Reply: s1<-s2#8604:OK-t1,SUCCESS,nextIndex=206,followerCommit=203,matchIndex=205
2023-03-17 00:26:27,155 DEBUG server.RaftServer$Division (RaftServerImpl.java:logAppendEntries(1430)) - s10@group-6E994AD85659: succeeded to handle AppendEntries. Reply: s1<-s10#8602:OK-t1,SUCCESS,nextIndex=206,followerCommit=203,matchIndex=205
2023-03-17 00:26:27,155 DEBUG server.RaftServer$Division (RaftServerImpl.java:logAppendEntries(1430)) - s4@group-6E994AD85659: receive appendEntries(s1, 1, (t:1, i:204), 203, true, commits:[s1:c203, s10:c203, s0:c201, s3:c201, s4:c203, s11:c201, s5:c203, s6:c203, s13:c201, s7:c201, s12:c201, s8:c203, s9:c203, s14:c202, s2:c203], cId:8608, entries: [(t:1, i:205), STATEMACHINELOGENTRY, 8595@client-E8995F8E72F5]
2023-03-17 00:26:27,155 DEBUG server.RaftServer$Division (RaftServerImpl.java:logAppendEntries(1430)) - s5@group-6E994AD85659: succeeded to handle AppendEntries. Reply: s1<-s5#8603:OK-t1,SUCCESS,nextIndex=206,followerCommit=203,matchIndex=205
2023-03-17 00:26:27,155 DEBUG server.RaftServer$Division (RaftServerImpl.java:logAppendEntries(1430)) - s9@group-6E994AD85659: receive appendEntries(s1, 1, (t:1, i:204), 203, true, commits:[s1:c203, s10:c203, s0:c201, s3:c201, s4:c201, s11:c201, s5:c203, s6:c203, s13:c201, s7:c201, s12:c201, s8:c203, s9:c203, s14:c202, s2:c203], cId:8607, entries: [(t:1, i:205), STATEMACHINELOGENTRY, 8595@client-E8995F8E72F5]
2023-03-17 00:26:27,157 DEBUG server.RaftServer$Division (RaftServerImpl.java:logAppendEntries(1430)) - s3@group-6E994AD85659: receive appendEntries(s1, 1, (t:1, i:204), 204, true, commits:[s1:c204, s10:c203, s0:c201, s3:c203, s4:c203, s11:c201, s5:c203, s6:c203, s13:c201, s7:c201, s12:c203, s8:c203, s9:c203, s14:c202, s2:c203], cId:8610, entries: [(t:1, i:205), STATEMACHINELOGENTRY, 8595@client-E8995F8E72F5]
2023-03-17 00:26:27,157 DEBUG server.RaftServer$Division (RaftServerImpl.java:logAppendEntries(1430)) - s9@group-6E994AD85659: succeeded to handle AppendEntries. Reply: s1<-s9#8607:OK-t1,SUCCESS,nextIndex=206,followerCommit=203,matchIndex=205
2023-03-17 00:26:27,158 DEBUG server.RaftServer$Division (RaftServerImpl.java:logAppendEntries(1430)) - s12@group-6E994AD85659: receive appendEntries(s1, 1, (t:1, i:204), 204, true, commits:[s1:c204, s10:c203, s0:c201, s3:c201, s4:c203, s11:c201, s5:c203, s6:c203, s13:c201, s7:c201, s12:c203, s8:c203, s9:c203, s14:c202, s2:c203], cId:8609, entries: [(t:1, i:205), STATEMACHINELOGENTRY, 8595@client-E8995F8E72F5]
2023-03-17 00:26:27,158 DEBUG server.RaftServer$Division (RaftServerImpl.java:logAppendEntries(1430)) - s4@group-6E994AD85659: succeeded to handle AppendEntries. Reply: s1<-s4#8608:OK-t1,SUCCESS,nextIndex=206,followerCommit=203,matchIndex=205
2023-03-17 00:26:27,160 DEBUG server.RaftServer$Division (RaftServerImpl.java:logAppendEntries(1430)) - s3@group-6E994AD85659: succeeded to handle AppendEntries. Reply: s1<-s3#8610:OK-t1,SUCCESS,nextIndex=206,followerCommit=204,matchIndex=205
2023-03-17 00:26:27,160 DEBUG server.RaftServer$Division (RaftServerImpl.java:logAppendEntries(1430)) - s13@group-6E994AD85659: receive appendEntries(s1, 1, (t:1, i:205), 205, true, commits:[s1:c205, s10:c203, s0:c203, s3:c203, s4:c203, s11:c203, s5:c203, s6:c203, s13:c203, s7:c203, s12:c203, s8:c203, s9:c203, s14:c203, s2:c203], cId:8615, entries: [(t:1, i:206), METADATAENTRY(c:205)]
2023-03-17 00:26:27,160 DEBUG server.RaftServer$Division (RaftServerImpl.java:logAppendEntries(1430)) - s9@group-6E994AD85659: receive appendEntries(s1, 1, (t:1, i:205), 205, true, commits:[s1:c205, s10:c203, s0:c203, s3:c203, s4:c203, s11:c203, s5:c203, s6:c203, s13:c203, s7:c203, s12:c203, s8:c203, s9:c203, s14:c203, s2:c203], cId:8611, entries: [(t:1, i:206), METADATAENTRY(c:205)]
2023-03-17 00:26:27,159 DEBUG server.RaftServer$Division (RaftServerImpl.java:logAppendEntries(1430)) - s6@group-6E994AD85659: receive appendEntries(s1, 1, (t:1, i:205), 205, true, commits:[s1:c205, s10:c203, s0:c203, s3:c203, s4:c203, s11:c203, s5:c203, s6:c203, s13:c203, s7:c203, s12:c203, s8:c203, s9:c203, s14:c203, s2:c203], cId:8612, entries: [(t:1, i:206), METADATAENTRY(c:205)]
2023-03-17 00:26:27,158 INFO  statemachine.StateMachine (ArithmeticStateMachine.java:applyTransaction(182)) - LEADER:s1-205: b = null = null
2023-03-17 00:26:27,158 DEBUG server.RaftServer$Division (RaftServerImpl.java:logAppendEntries(1430)) - s12@group-6E994AD85659: succeeded to handle AppendEntries. Reply: s1<-s12#8609:OK-t1,SUCCESS,nextIndex=206,followerCommit=204,matchIndex=205
2023-03-17 00:26:27,161 DEBUG server.RaftServer$Division (RaftServerImpl.java:logAppendEntries(1430)) - s9@group-6E994AD85659: succeeded to handle AppendEntries. Reply: s1<-s9#8611:OK-t1,SUCCESS,nextIndex=207,followerCommit=205,matchIndex=206
2023-03-17 00:26:27,161 DEBUG server.RaftServer$Division (RaftServerImpl.java:logAppendEntries(1430)) - s6@group-6E994AD85659: succeeded to handle AppendEntries. Reply: s1<-s6#8612:OK-t1,SUCCESS,nextIndex=207,followerCommit=205,matchIndex=206
2023-03-17 00:26:27,161 DEBUG server.RaftServer$Division (RaftServerImpl.java:logAppendEntries(1430)) - s0@group-6E994AD85659: receive appendEntries(s1, 1, (t:1, i:205), 205, true, commits:[s1:c205, s10:c203, s0:c203, s3:c203, s4:c203, s11:c203, s5:c203, s6:c203, s13:c203, s7:c203, s12:c203, s8:c203, s9:c203, s14:c203, s2:c203], cId:8617, entries: [(t:1, i:206), METADATAENTRY(c:205)]
2023-03-17 00:26:27,162 DEBUG server.RaftServer$Division (RaftServerImpl.java:submitClientRequestAsync(835)) - s1@group-6E994AD85659: receive client request(RaftClientRequest:client-E8995F8E72F5->s1@group-6E994AD85659, cid=8623, seq=0, RW, Message:01016300)
2023-03-17 00:26:27,162 DEBUG server.RaftServer$Division (RaftServerImpl.java:logAppendEntries(1430)) - s0@group-6E994AD85659: succeeded to handle AppendEntries. Reply: s1<-s0#8617:OK-t1,SUCCESS,nextIndex=207,followerCommit=205,matchIndex=206
2023-03-17 00:26:27,162 DEBUG server.RaftServer$Division (LeaderStateImpl.java:addPendingRequest(474)) - s1@group-6E994AD85659-LeaderStateImpl: addPendingRequest at RaftClientRequest:client-E8995F8E72F5->s1@group-6E994AD85659, cid=8623, seq=0, RW, Message:01016300, entry=(t:1, i:207), STATEMACHINELOGENTRY, 8623@client-E8995F8E72F5
2023-03-17 00:26:27,163 DEBUG server.RaftServer$Division (RaftServerImpl.java:logAppendEntries(1430)) - s11@group-6E994AD85659: receive appendEntries(s1, 1, (t:1, i:205), 205, true, commits:[s1:c205, s10:c203, s0:c203, s3:c203, s4:c203, s11:c203, s5:c203, s6:c203, s13:c203, s7:c203, s12:c203, s8:c203, s9:c203, s14:c203, s2:c203], cId:8616, entries: [(t:1, i:206), METADATAENTRY(c:205)]
2023-03-17 00:26:27,163 DEBUG server.RaftServer$Division (RaftServerImpl.java:logAppendEntries(1430)) - s6@group-6E994AD85659: receive appendEntries(s1, 1, (t:1, i:206), 205, true, commits:[s1:c205, s10:c203, s0:c203, s3:c204, s4:c203, s11:c203, s5:c203, s6:c205, s13:c203, s7:c203, s12:c204, s8:c203, s9:c203, s14:c203, s2:c203], cId:8625, entries: [(t:1, i:207), STATEMACHINELOGENTRY, 8623@client-E8995F8E72F5]
2023-03-17 00:26:27,163 DEBUG server.RaftServer$Division (RaftServerImpl.java:logAppendEntries(1430)) - s7@group-6E994AD85659: receive appendEntries(s1, 1, (t:1, i:205), 205, true, commits:[s1:c205, s10:c203, s0:c203, s3:c203, s4:c203, s11:c203, s5:c203, s6:c203, s13:c203, s7:c203, s12:c203, s8:c203, s9:c203, s14:c203, s2:c203], cId:8613, entries: [(t:1, i:206), METADATAENTRY(c:205)]
2023-03-17 00:26:27,163 DEBUG server.RaftServer$Division (RaftServerImpl.java:logAppendEntries(1430)) - s12@group-6E994AD85659: receive appendEntries(s1, 1, (t:1, i:205), 205, true, commits:[s1:c205, s10:c203, s0:c203, s3:c204, s4:c203, s11:c203, s5:c203, s6:c205, s13:c203, s7:c203, s12:c204, s8:c203, s9:c203, s14:c203, s2:c203], cId:8624, entries: [(t:1, i:206), METADATAENTRY(c:205), (t:1, i:207), STATEMACHINELOGENTRY, 8623@client-E8995F8E72F5]
2023-03-17 00:26:27,163 DEBUG server.RaftServer$Division (RaftServerImpl.java:logAppendEntries(1430)) - s11@group-6E994AD85659: succeeded to handle AppendEntries. Reply: s1<-s11#8616:OK-t1,SUCCESS,nextIndex=207,followerCommit=205,matchIndex=206
2023-03-17 00:26:27,163 DEBUG server.RaftServer$Division (RaftServerImpl.java:logAppendEntries(1430)) - s6@group-6E994AD85659: succeeded to handle AppendEntries. Reply: s1<-s6#8625:OK-t1,SUCCESS,nextIndex=208,followerCommit=205,matchIndex=207
2023-03-17 00:26:27,163 DEBUG server.RaftServer$Division (RaftServerImpl.java:logAppendEntries(1430)) - s14@group-6E994AD85659: receive appendEntries(s1, 1, (t:1, i:205), 205, true, commits:[s1:c205, s10:c203, s0:c203, s3:c203, s4:c203, s11:c203, s5:c203, s6:c203, s13:c203, s7:c203, s12:c203, s8:c203, s9:c203, s14:c203, s2:c203], cId:8614, entries: [(t:1, i:206), METADATAENTRY(c:205)]
2023-03-17 00:26:27,164 DEBUG server.RaftServer$Division (RaftServerImpl.java:logAppendEntries(1430)) - s14@group-6E994AD85659: succeeded to handle AppendEntries. Reply: s1<-s14#8614:OK-t1,SUCCESS,nextIndex=207,followerCommit=205,matchIndex=206
2023-03-17 00:26:27,164 DEBUG server.RaftServer$Division (RaftServerImpl.java:logAppendEntries(1430)) - s12@group-6E994AD85659: succeeded to handle AppendEntries. Reply: s1<-s12#8624:OK-t1,SUCCESS,nextIndex=208,followerCommit=205,matchIndex=207
2023-03-17 00:26:27,166 DEBUG server.RaftServer$Division (RaftServerImpl.java:logAppendEntries(1430)) - s13@group-6E994AD85659: succeeded to handle AppendEntries. Reply: s1<-s13#8615:OK-t1,SUCCESS,nextIndex=207,followerCommit=205,matchIndex=206
2023-03-17 00:26:27,167 DEBUG server.RaftServer$Division (RaftServerImpl.java:logAppendEntries(1430)) - s2@group-6E994AD85659: receive appendEntries(s1, 1, (t:1, i:205), 205, true, commits:[s1:c205, s10:c203, s0:c203, s3:c203, s4:c203, s11:c203, s5:c203, s6:c203, s13:c203, s7:c203, s12:c203, s8:c203, s9:c203, s14:c203, s2:c203], cId:8619, entries: [(t:1, i:206), METADATAENTRY(c:205)]
2023-03-17 00:26:27,167 DEBUG server.RaftServer$Division (RaftServerImpl.java:logAppendEntries(1430)) - s8@group-6E994AD85659: receive appendEntries(s1, 1, (t:1, i:205), 205, true, commits:[s1:c205, s10:c203, s0:c203, s3:c203, s4:c203, s11:c203, s5:c203, s6:c203, s13:c203, s7:c203, s12:c203, s8:c203, s9:c203, s14:c203, s2:c203], cId:8618, entries: [(t:1, i:206), METADATAENTRY(c:205)]
2023-03-17 00:26:27,167 DEBUG server.RaftServer$Division (RaftServerImpl.java:logAppendEntries(1430)) - s10@group-6E994AD85659: receive appendEntries(s1, 1, (t:1, i:205), 205, true, commits:[s1:c205, s10:c203, s0:c203, s3:c203, s4:c203, s11:c203, s5:c203, s6:c203, s13:c203, s7:c203, s12:c203, s8:c203, s9:c203, s14:c203, s2:c203], cId:8620, entries: [(t:1, i:206), METADATAENTRY(c:205)]
2023-03-17 00:26:27,163 DEBUG server.RaftServer$Division (RaftServerImpl.java:logAppendEntries(1430)) - s7@group-6E994AD85659: succeeded to handle AppendEntries. Reply: s1<-s7#8613:OK-t1,SUCCESS,nextIndex=207,followerCommit=205,matchIndex=206
2023-03-17 00:26:27,167 DEBUG server.RaftServer$Division (RaftServerImpl.java:logAppendEntries(1430)) - s10@group-6E994AD85659: succeeded to handle AppendEntries. Reply: s1<-s10#8620:OK-t1,SUCCESS,nextIndex=207,followerCommit=205,matchIndex=206
2023-03-17 00:26:27,167 DEBUG server.RaftServer$Division (RaftServerImpl.java:logAppendEntries(1430)) - s2@group-6E994AD85659: succeeded to handle AppendEntries. Reply: s1<-s2#8619:OK-t1,SUCCESS,nextIndex=207,followerCommit=205,matchIndex=206
2023-03-17 00:26:27,167 DEBUG server.RaftServer$Division (RaftServerImpl.java:logAppendEntries(1430)) - s8@group-6E994AD85659: succeeded to handle AppendEntries. Reply: s1<-s8#8618:OK-t1,SUCCESS,nextIndex=207,followerCommit=205,matchIndex=206
2023-03-17 00:26:27,167 DEBUG server.RaftServer$Division (RaftServerImpl.java:logAppendEntries(1430)) - s5@group-6E994AD85659: receive appendEntries(s1, 1, (t:1, i:205), 205, true, commits:[s1:c205, s10:c203, s0:c203, s3:c203, s4:c203, s11:c203, s5:c203, s6:c203, s13:c203, s7:c203, s12:c203, s8:c203, s9:c203, s14:c203, s2:c203], cId:8621, entries: [(t:1, i:206), METADATAENTRY(c:205)]
2023-03-17 00:26:27,169 DEBUG server.RaftServer$Division (RaftServerImpl.java:logAppendEntries(1430)) - s4@group-6E994AD85659: receive appendEntries(s1, 1, (t:1, i:205), 205, true, commits:[s1:c205, s10:c203, s0:c203, s3:c204, s4:c203, s11:c203, s5:c203, s6:c205, s13:c203, s7:c203, s12:c205, s8:c203, s9:c203, s14:c203, s2:c203], cId:8626, entries: [(t:1, i:206), METADATAENTRY(c:205), (t:1, i:207), STATEMACHINELOGENTRY, 8623@client-E8995F8E72F5]
2023-03-17 00:26:27,169 DEBUG server.RaftServer$Division (RaftServerImpl.java:logAppendEntries(1430)) - s3@group-6E994AD85659: receive appendEntries(s1, 1, (t:1, i:205), 205, true, commits:[s1:c205, s10:c203, s0:c203, s3:c204, s4:c203, s11:c203, s5:c203, s6:c203, s13:c203, s7:c203, s12:c203, s8:c203, s9:c203, s14:c203, s2:c203], cId:8622, entries: [(t:1, i:206), METADATAENTRY(c:205)]
2023-03-17 00:26:27,169 DEBUG server.RaftServer$Division (RaftServerImpl.java:logAppendEntries(1430)) - s5@group-6E994AD85659: succeeded to handle AppendEntries. Reply: s1<-s5#8621:OK-t1,SUCCESS,nextIndex=207,followerCommit=205,matchIndex=206
2023-03-17 00:26:27,169 DEBUG server.RaftServer$Division (RaftServerImpl.java:logAppendEntries(1430)) - s9@group-6E994AD85659: receive appendEntries(s1, 1, (t:1, i:206), 205, true, commits:[s1:c205, s10:c203, s0:c203, s3:c204, s4:c203, s11:c203, s5:c203, s6:c205, s13:c203, s7:c203, s12:c205, s8:c203, s9:c205, s14:c203, s2:c203], cId:8627, entries: [(t:1, i:207), STATEMACHINELOGENTRY, 8623@client-E8995F8E72F5]
2023-03-17 00:26:27,170 DEBUG server.RaftServer$Division (RaftServerImpl.java:logAppendEntries(1430)) - s9@group-6E994AD85659: succeeded to handle AppendEntries. Reply: s1<-s9#8627:OK-t1,SUCCESS,nextIndex=208,followerCommit=205,matchIndex=207
2023-03-17 00:26:27,170 DEBUG server.RaftServer$Division (RaftServerImpl.java:logAppendEntries(1430)) - s13@group-6E994AD85659: receive appendEntries(s1, 1, (t:1, i:206), 205, true, commits:[s1:c205, s10:c203, s0:c203, s3:c204, s4:c203, s11:c203, s5:c203, s6:c205, s13:c205, s7:c203, s12:c205, s8:c203, s9:c205, s14:c203, s2:c203], cId:8628, entries: [(t:1, i:207), STATEMACHINELOGENTRY, 8623@client-E8995F8E72F5]
2023-03-17 00:26:27,171 DEBUG server.RaftServer$Division (RaftServerImpl.java:logAppendEntries(1430)) - s4@group-6E994AD85659: succeeded to handle AppendEntries. Reply: s1<-s4#8626:OK-t1,SUCCESS,nextIndex=208,followerCommit=205,matchIndex=207
2023-03-17 00:26:27,171 DEBUG server.RaftServer$Division (RaftServerImpl.java:logAppendEntries(1430)) - s3@group-6E994AD85659: succeeded to handle AppendEntries. Reply: s1<-s3#8622:OK-t1,SUCCESS,nextIndex=207,followerCommit=205,matchIndex=206
2023-03-17 00:26:27,171 DEBUG server.RaftServer$Division (RaftServerImpl.java:logAppendEntries(1430)) - s13@group-6E994AD85659: succeeded to handle AppendEntries. Reply: s1<-s13#8628:OK-t1,SUCCESS,nextIndex=208,followerCommit=205,matchIndex=207
2023-03-17 00:26:27,171 DEBUG server.RaftServer$Division (RaftServerImpl.java:logAppendEntries(1430)) - s0@group-6E994AD85659: receive appendEntries(s1, 1, (t:1, i:206), 205, true, commits:[s1:c205, s10:c203, s0:c205, s3:c204, s4:c203, s11:c203, s5:c203, s6:c205, s13:c205, s7:c203, s12:c205, s8:c203, s9:c205, s14:c203, s2:c203], cId:8629, entries: [(t:1, i:207), STATEMACHINELOGENTRY, 8623@client-E8995F8E72F5]
2023-03-17 00:26:27,171 DEBUG server.RaftServer$Division (RaftServerImpl.java:logAppendEntries(1430)) - s11@group-6E994AD85659: receive appendEntries(s1, 1, (t:1, i:206), 205, true, commits:[s1:c205, s10:c203, s0:c205, s3:c204, s4:c203, s11:c205, s5:c203, s6:c205, s13:c205, s7:c203, s12:c205, s8:c203, s9:c205, s14:c203, s2:c203], cId:8630, entries: [(t:1, i:207), STATEMACHINELOGENTRY, 8623@client-E8995F8E72F5]
2023-03-17 00:26:27,172 DEBUG server.RaftServer$Division (RaftServerImpl.java:logAppendEntries(1430)) - s7@group-6E994AD85659: receive appendEntries(s1, 1, (t:1, i:206), 206, true, commits:[s1:c206, s10:c205, s0:c205, s3:c204, s4:c203, s11:c205, s5:c205, s6:c205, s13:c205, s7:c205, s12:c205, s8:c205, s9:c205, s14:c205, s2:c205], cId:8636, entries: [(t:1, i:207), STATEMACHINELOGENTRY, 8623@client-E8995F8E72F5]
2023-03-17 00:26:27,172 DEBUG server.RaftServer$Division (RaftServerImpl.java:logAppendEntries(1430)) - s11@group-6E994AD85659: succeeded to handle AppendEntries. Reply: s1<-s11#8630:OK-t1,SUCCESS,nextIndex=208,followerCommit=205,matchIndex=207
2023-03-17 00:26:27,172 DEBUG server.RaftServer$Division (RaftServerImpl.java:logAppendEntries(1430)) - s14@group-6E994AD85659: receive appendEntries(s1, 1, (t:1, i:206), 205, true, commits:[s1:c205, s10:c203, s0:c205, s3:c204, s4:c203, s11:c205, s5:c203, s6:c205, s13:c205, s7:c203, s12:c205, s8:c203, s9:c205, s14:c205, s2:c203], cId:8631, entries: [(t:1, i:207), STATEMACHINELOGENTRY, 8623@client-E8995F8E72F5]
2023-03-17 00:26:27,172 DEBUG server.RaftServer$Division (RaftServerImpl.java:logAppendEntries(1430)) - s0@group-6E994AD85659: succeeded to handle AppendEntries. Reply: s1<-s0#8629:OK-t1,SUCCESS,nextIndex=208,followerCommit=205,matchIndex=207
2023-03-17 00:26:27,173 DEBUG server.RaftServer$Division (RaftServerImpl.java:logAppendEntries(1430)) - s14@group-6E994AD85659: succeeded to handle AppendEntries. Reply: s1<-s14#8631:OK-t1,SUCCESS,nextIndex=208,followerCommit=205,matchIndex=207
2023-03-17 00:26:27,173 DEBUG server.RaftServer$Division (RaftServerImpl.java:logAppendEntries(1430)) - s10@group-6E994AD85659: receive appendEntries(s1, 1, (t:1, i:206), 206, true, commits:[s1:c206, s10:c205, s0:c205, s3:c204, s4:c203, s11:c205, s5:c205, s6:c205, s13:c205, s7:c203, s12:c205, s8:c203, s9:c205, s14:c205, s2:c203], cId:8632, entries: [(t:1, i:207), STATEMACHINELOGENTRY, 8623@client-E8995F8E72F5]
2023-03-17 00:26:27,173 DEBUG server.RaftServer$Division (RaftServerImpl.java:logAppendEntries(1430)) - s10@group-6E994AD85659: succeeded to handle AppendEntries. Reply: s1<-s10#8632:OK-t1,SUCCESS,nextIndex=208,followerCommit=206,matchIndex=207
2023-03-17 00:26:27,174 DEBUG server.RaftServer$Division (RaftServerImpl.java:logAppendEntries(1430)) - s5@group-6E994AD85659: receive appendEntries(s1, 1, (t:1, i:206), 206, true, commits:[s1:c206, s10:c205, s0:c205, s3:c204, s4:c203, s11:c205, s5:c205, s6:c205, s13:c205, s7:c203, s12:c205, s8:c203, s9:c205, s14:c205, s2:c205], cId:8633, entries: [(t:1, i:207), STATEMACHINELOGENTRY, 8623@client-E8995F8E72F5]
2023-03-17 00:26:27,174 DEBUG server.RaftServer$Division (RaftServerImpl.java:logAppendEntries(1430)) - s3@group-6E994AD85659: receive appendEntries(s1, 1, (t:1, i:206), 206, true, commits:[s1:c206, s10:c205, s0:c205, s3:c205, s4:c203, s11:c205, s5:c205, s6:c205, s13:c205, s7:c205, s12:c205, s8:c205, s9:c205, s14:c205, s2:c205], cId:8637, entries: [(t:1, i:207), STATEMACHINELOGENTRY, 8623@client-E8995F8E72F5]
2023-03-17 00:26:27,175 INFO  statemachine.StateMachine (ArithmeticStateMachine.java:applyTransaction(182)) - LEADER:s1-207: c = null = null
2023-03-17 00:26:27,174 DEBUG server.RaftServer$Division (RaftServerImpl.java:logAppendEntries(1430)) - s5@group-6E994AD85659: succeeded to handle AppendEntries. Reply: s1<-s5#8633:OK-t1,SUCCESS,nextIndex=208,followerCommit=206,matchIndex=207
2023-03-17 00:26:27,175 DEBUG server.RaftServer$Division (RaftServerImpl.java:logAppendEntries(1430)) - s0@group-6E994AD85659: receive appendEntries(s1, 1, (t:1, i:207), 207, true, commits:[s1:c207, s10:c206, s0:c205, s3:c205, s4:c205, s11:c205, s5:c205, s6:c205, s13:c205, s7:c205, s12:c205, s8:c205, s9:c205, s14:c205, s2:c205], cId:8638, entries: [(t:1, i:208), METADATAENTRY(c:207)]
2023-03-17 00:26:27,175 DEBUG server.RaftServer$Division (RaftServerImpl.java:submitClientRequestAsync(835)) - s1@group-6E994AD85659: receive client request(RaftClientRequest:client-E8995F8E72F5->s1@group-6E994AD85659, cid=8644, seq=0, RW, Message:01016102405d40000000...(size=12))
2023-03-17 00:26:27,176 DEBUG server.RaftServer$Division (LeaderStateImpl.java:addPendingRequest(474)) - s1@group-6E994AD85659-LeaderStateImpl: addPendingRequest at RaftClientRequest:client-E8995F8E72F5->s1@group-6E994AD85659, cid=8644, seq=0, RW, Message:01016102405d40000000...(size=12), entry=(t:1, i:209), STATEMACHINELOGENTRY, 8644@client-E8995F8E72F5
2023-03-17 00:26:27,176 DEBUG server.RaftServer$Division (RaftServerImpl.java:logAppendEntries(1430)) - s6@group-6E994AD85659: receive appendEntries(s1, 1, (t:1, i:207), 207, true, commits:[s1:c207, s10:c206, s0:c205, s3:c205, s4:c205, s11:c205, s5:c205, s6:c205, s13:c205, s7:c205, s12:c205, s8:c205, s9:c205, s14:c205, s2:c205], cId:8641, entries: [(t:1, i:208), METADATAENTRY(c:207)]
2023-03-17 00:26:27,176 DEBUG server.RaftServer$Division (RaftServerImpl.java:logAppendEntries(1430)) - s9@group-6E994AD85659: receive appendEntries(s1, 1, (t:1, i:207), 207, true, commits:[s1:c207, s10:c206, s0:c205, s3:c205, s4:c205, s11:c205, s5:c205, s6:c205, s13:c205, s7:c205, s12:c205, s8:c205, s9:c205, s14:c205, s2:c205], cId:8643, entries: [(t:1, i:208), METADATAENTRY(c:207)]
2023-03-17 00:26:27,176 DEBUG server.RaftServer$Division (RaftServerImpl.java:logAppendEntries(1430)) - s12@group-6E994AD85659: receive appendEntries(s1, 1, (t:1, i:207), 207, true, commits:[s1:c207, s10:c206, s0:c205, s3:c205, s4:c205, s11:c205, s5:c205, s6:c205, s13:c205, s7:c205, s12:c205, s8:c205, s9:c205, s14:c205, s2:c205], cId:8642, entries: [(t:1, i:208), METADATAENTRY(c:207)]
2023-03-17 00:26:27,176 DEBUG server.RaftServer$Division (RaftServerImpl.java:logAppendEntries(1430)) - s0@group-6E994AD85659: succeeded to handle AppendEntries. Reply: s1<-s0#8638:OK-t1,SUCCESS,nextIndex=209,followerCommit=207,matchIndex=208
2023-03-17 00:26:27,177 DEBUG server.RaftServer$Division (RaftServerImpl.java:logAppendEntries(1430)) - s9@group-6E994AD85659: succeeded to handle AppendEntries. Reply: s1<-s9#8643:OK-t1,SUCCESS,nextIndex=209,followerCommit=207,matchIndex=208
2023-03-17 00:26:27,177 DEBUG server.RaftServer$Division (RaftServerImpl.java:logAppendEntries(1430)) - s12@group-6E994AD85659: succeeded to handle AppendEntries. Reply: s1<-s12#8642:OK-t1,SUCCESS,nextIndex=209,followerCommit=207,matchIndex=208
2023-03-17 00:26:27,177 DEBUG server.RaftServer$Division (RaftServerImpl.java:logAppendEntries(1430)) - s6@group-6E994AD85659: succeeded to handle AppendEntries. Reply: s1<-s6#8641:OK-t1,SUCCESS,nextIndex=209,followerCommit=207,matchIndex=208
2023-03-17 00:26:27,177 DEBUG server.RaftServer$Division (RaftServerImpl.java:logAppendEntries(1430)) - s4@group-6E994AD85659: receive appendEntries(s1, 1, (t:1, i:207), 207, true, commits:[s1:c207, s10:c206, s0:c205, s3:c205, s4:c205, s11:c205, s5:c205, s6:c205, s13:c205, s7:c205, s12:c205, s8:c205, s9:c205, s14:c205, s2:c205], cId:8640, entries: [(t:1, i:208), METADATAENTRY(c:207)]
2023-03-17 00:26:27,178 DEBUG server.RaftServer$Division (RaftServerImpl.java:logAppendEntries(1430)) - s4@group-6E994AD85659: succeeded to handle AppendEntries. Reply: s1<-s4#8640:OK-t1,SUCCESS,nextIndex=209,followerCommit=207,matchIndex=208
2023-03-17 00:26:27,178 DEBUG server.RaftServer$Division (RaftServerImpl.java:logAppendEntries(1430)) - s13@group-6E994AD85659: receive appendEntries(s1, 1, (t:1, i:207), 207, true, commits:[s1:c207, s10:c206, s0:c205, s3:c205, s4:c205, s11:c205, s5:c205, s6:c205, s13:c205, s7:c205, s12:c205, s8:c205, s9:c205, s14:c205, s2:c205], cId:8645, entries: [(t:1, i:208), METADATAENTRY(c:207)]
2023-03-17 00:26:27,178 DEBUG server.RaftServer$Division (RaftServerImpl.java:logAppendEntries(1430)) - s12@group-6E994AD85659: receive appendEntries(s1, 1, (t:1, i:208), 207, true, commits:[s1:c207, s10:c206, s0:c205, s3:c205, s4:c205, s11:c205, s5:c205, s6:c207, s13:c205, s7:c205, s12:c207, s8:c205, s9:c205, s14:c205, s2:c205], cId:8649, entries: [(t:1, i:209), STATEMACHINELOGENTRY, 8644@client-E8995F8E72F5]
2023-03-17 00:26:27,179 DEBUG server.RaftServer$Division (RaftServerImpl.java:logAppendEntries(1430)) - s11@group-6E994AD85659: receive appendEntries(s1, 1, (t:1, i:207), 207, true, commits:[s1:c207, s10:c206, s0:c205, s3:c205, s4:c205, s11:c205, s5:c205, s6:c205, s13:c205, s7:c205, s12:c205, s8:c205, s9:c205, s14:c205, s2:c205], cId:8646, entries: [(t:1, i:208), METADATAENTRY(c:207)]
2023-03-17 00:26:27,174 DEBUG server.RaftServer$Division (RaftServerImpl.java:logAppendEntries(1430)) - s8@group-6E994AD85659: receive appendEntries(s1, 1, (t:1, i:206), 206, true, commits:[s1:c206, s10:c205, s0:c205, s3:c204, s4:c203, s11:c205, s5:c205, s6:c205, s13:c205, s7:c203, s12:c205, s8:c205, s9:c205, s14:c205, s2:c205], cId:8635, entries: [(t:1, i:207), STATEMACHINELOGENTRY, 8623@client-E8995F8E72F5]
2023-03-17 00:26:27,174 DEBUG server.RaftServer$Division (RaftServerImpl.java:logAppendEntries(1430)) - s2@group-6E994AD85659: receive appendEntries(s1, 1, (t:1, i:206), 206, true, commits:[s1:c206, s10:c205, s0:c205, s3:c204, s4:c203, s11:c205, s5:c205, s6:c205, s13:c205, s7:c203, s12:c205, s8:c203, s9:c205, s14:c205, s2:c205], cId:8634, entries: [(t:1, i:207), STATEMACHINELOGENTRY, 8623@client-E8995F8E72F5]
2023-03-17 00:26:27,179 DEBUG server.RaftServer$Division (RaftServerImpl.java:logAppendEntries(1430)) - s14@group-6E994AD85659: receive appendEntries(s1, 1, (t:1, i:207), 207, true, commits:[s1:c207, s10:c206, s0:c205, s3:c205, s4:c205, s11:c205, s5:c205, s6:c205, s13:c205, s7:c205, s12:c205, s8:c205, s9:c205, s14:c205, s2:c205], cId:8639, entries: [(t:1, i:208), METADATAENTRY(c:207)]
2023-03-17 00:26:27,179 DEBUG server.RaftServer$Division (RaftServerImpl.java:logAppendEntries(1430)) - s2@group-6E994AD85659: succeeded to handle AppendEntries. Reply: s1<-s2#8634:OK-t1,SUCCESS,nextIndex=208,followerCommit=206,matchIndex=207
2023-03-17 00:26:27,174 DEBUG server.RaftServer$Division (RaftServerImpl.java:logAppendEntries(1430)) - s7@group-6E994AD85659: succeeded to handle AppendEntries. Reply: s1<-s7#8636:OK-t1,SUCCESS,nextIndex=208,followerCommit=206,matchIndex=207
2023-03-17 00:26:27,179 DEBUG server.RaftServer$Division (RaftServerImpl.java:logAppendEntries(1430)) - s8@group-6E994AD85659: succeeded to handle AppendEntries. Reply: s1<-s8#8635:OK-t1,SUCCESS,nextIndex=208,followerCommit=206,matchIndex=207
2023-03-17 00:26:27,179 DEBUG server.RaftServer$Division (RaftServerImpl.java:logAppendEntries(1430)) - s11@group-6E994AD85659: succeeded to handle AppendEntries. Reply: s1<-s11#8646:OK-t1,SUCCESS,nextIndex=209,followerCommit=207,matchIndex=208
2023-03-17 00:26:27,179 DEBUG server.RaftServer$Division (RaftServerImpl.java:logAppendEntries(1430)) - s12@group-6E994AD85659: succeeded to handle AppendEntries. Reply: s1<-s12#8649:OK-t1,SUCCESS,nextIndex=210,followerCommit=207,matchIndex=209
2023-03-17 00:26:27,180 DEBUG server.RaftServer$Division (RaftServerImpl.java:logAppendEntries(1430)) - s14@group-6E994AD85659: succeeded to handle AppendEntries. Reply: s1<-s14#8639:OK-t1,SUCCESS,nextIndex=209,followerCommit=207,matchIndex=208
2023-03-17 00:26:27,178 DEBUG server.RaftServer$Division (RaftServerImpl.java:logAppendEntries(1430)) - s6@group-6E994AD85659: receive appendEntries(s1, 1, (t:1, i:208), 207, true, commits:[s1:c207, s10:c206, s0:c205, s3:c205, s4:c205, s11:c205, s5:c205, s6:c207, s13:c205, s7:c205, s12:c205, s8:c205, s9:c205, s14:c205, s2:c205], cId:8648, entries: [(t:1, i:209), STATEMACHINELOGENTRY, 8644@client-E8995F8E72F5]
2023-03-17 00:26:27,180 DEBUG server.RaftServer$Division (RaftServerImpl.java:logAppendEntries(1430)) - s5@group-6E994AD85659: receive appendEntries(s1, 1, (t:1, i:207), 207, true, commits:[s1:c207, s10:c206, s0:c205, s3:c205, s4:c205, s11:c205, s5:c206, s6:c207, s13:c205, s7:c205, s12:c207, s8:c205, s9:c205, s14:c205, s2:c205], cId:8650, entries: [(t:1, i:208), METADATAENTRY(c:207), (t:1, i:209), STATEMACHINELOGENTRY, 8644@client-E8995F8E72F5]
2023-03-17 00:26:27,181 DEBUG server.RaftServer$Division (RaftServerImpl.java:logAppendEntries(1430)) - s10@group-6E994AD85659: receive appendEntries(s1, 1, (t:1, i:207), 207, true, commits:[s1:c207, s10:c206, s0:c205, s3:c205, s4:c205, s11:c205, s5:c205, s6:c205, s13:c205, s7:c205, s12:c205, s8:c205, s9:c205, s14:c205, s2:c205], cId:8647, entries: [(t:1, i:208), METADATAENTRY(c:207)]
2023-03-17 00:26:27,181 DEBUG server.RaftServer$Division (RaftServerImpl.java:logAppendEntries(1430)) - s5@group-6E994AD85659: succeeded to handle AppendEntries. Reply: s1<-s5#8650:OK-t1,SUCCESS,nextIndex=210,followerCommit=207,matchIndex=209
2023-03-17 00:26:27,181 DEBUG server.RaftServer$Division (RaftServerImpl.java:logAppendEntries(1430)) - s10@group-6E994AD85659: succeeded to handle AppendEntries. Reply: s1<-s10#8647:OK-t1,SUCCESS,nextIndex=209,followerCommit=207,matchIndex=208
2023-03-17 00:26:27,181 DEBUG server.RaftServer$Division (RaftServerImpl.java:logAppendEntries(1430)) - s3@group-6E994AD85659: succeeded to handle AppendEntries. Reply: s1<-s3#8637:OK-t1,SUCCESS,nextIndex=208,followerCommit=206,matchIndex=207
2023-03-17 00:26:27,181 DEBUG server.RaftServer$Division (RaftServerImpl.java:logAppendEntries(1430)) - s6@group-6E994AD85659: succeeded to handle AppendEntries. Reply: s1<-s6#8648:OK-t1,SUCCESS,nextIndex=210,followerCommit=207,matchIndex=209
2023-03-17 00:26:27,182 DEBUG server.RaftServer$Division (RaftServerImpl.java:logAppendEntries(1430)) - s13@group-6E994AD85659: succeeded to handle AppendEntries. Reply: s1<-s13#8645:OK-t1,SUCCESS,nextIndex=209,followerCommit=207,matchIndex=208
2023-03-17 00:26:27,182 DEBUG server.RaftServer$Division (RaftServerImpl.java:logAppendEntries(1430)) - s4@group-6E994AD85659: receive appendEntries(s1, 1, (t:1, i:208), 207, true, commits:[s1:c207, s10:c206, s0:c207, s3:c205, s4:c207, s11:c205, s5:c206, s6:c207, s13:c205, s7:c205, s12:c207, s8:c205, s9:c205, s14:c205, s2:c205], cId:8652, entries: [(t:1, i:209), STATEMACHINELOGENTRY, 8644@client-E8995F8E72F5]
2023-03-17 00:26:27,182 DEBUG server.RaftServer$Division (RaftServerImpl.java:logAppendEntries(1430)) - s9@group-6E994AD85659: receive appendEntries(s1, 1, (t:1, i:208), 207, true, commits:[s1:c207, s10:c206, s0:c207, s3:c205, s4:c207, s11:c205, s5:c206, s6:c207, s13:c205, s7:c205, s12:c207, s8:c205, s9:c207, s14:c205, s2:c205], cId:8653, entries: [(t:1, i:209), STATEMACHINELOGENTRY, 8644@client-E8995F8E72F5]
2023-03-17 00:26:27,182 DEBUG server.RaftServer$Division (RaftServerImpl.java:logAppendEntries(1430)) - s9@group-6E994AD85659: succeeded to handle AppendEntries. Reply: s1<-s9#8653:OK-t1,SUCCESS,nextIndex=210,followerCommit=207,matchIndex=209
2023-03-17 00:26:27,183 DEBUG server.RaftServer$Division (RaftServerImpl.java:logAppendEntries(1430)) - s7@group-6E994AD85659: receive appendEntries(s1, 1, (t:1, i:207), 208, true, commits:[s1:c208, s10:c206, s0:c207, s3:c205, s4:c207, s11:c205, s5:c207, s6:c207, s13:c207, s7:c206, s12:c207, s8:c205, s9:c207, s14:c205, s2:c205], cId:8655, entries: [(t:1, i:208), METADATAENTRY(c:207), (t:1, i:209), STATEMACHINELOGENTRY, 8644@client-E8995F8E72F5]
2023-03-17 00:26:27,183 DEBUG server.RaftServer$Division (RaftServerImpl.java:logAppendEntries(1430)) - s0@group-6E994AD85659: receive appendEntries(s1, 1, (t:1, i:208), 207, true, commits:[s1:c207, s10:c206, s0:c207, s3:c205, s4:c205, s11:c205, s5:c206, s6:c207, s13:c205, s7:c205, s12:c207, s8:c205, s9:c205, s14:c205, s2:c205], cId:8651, entries: [(t:1, i:209), STATEMACHINELOGENTRY, 8644@client-E8995F8E72F5]
2023-03-17 00:26:27,183 DEBUG server.RaftServer$Division (RaftServerImpl.java:logAppendEntries(1430)) - s4@group-6E994AD85659: succeeded to handle AppendEntries. Reply: s1<-s4#8652:OK-t1,SUCCESS,nextIndex=210,followerCommit=207,matchIndex=209
2023-03-17 00:26:27,183 DEBUG server.RaftServer$Division (RaftServerImpl.java:logAppendEntries(1430)) - s7@group-6E994AD85659: succeeded to handle AppendEntries. Reply: s1<-s7#8655:OK-t1,SUCCESS,nextIndex=210,followerCommit=208,matchIndex=209
2023-03-17 00:26:27,184 DEBUG server.RaftServer$Division (RaftServerImpl.java:logAppendEntries(1430)) - s0@group-6E994AD85659: succeeded to handle AppendEntries. Reply: s1<-s0#8651:OK-t1,SUCCESS,nextIndex=210,followerCommit=207,matchIndex=209
2023-03-17 00:26:27,184 DEBUG server.RaftServer$Division (RaftServerImpl.java:logAppendEntries(1430)) - s13@group-6E994AD85659: receive appendEntries(s1, 1, (t:1, i:208), 207, true, commits:[s1:c207, s10:c206, s0:c207, s3:c205, s4:c207, s11:c205, s5:c206, s6:c207, s13:c207, s7:c205, s12:c207, s8:c205, s9:c207, s14:c205, s2:c205], cId:8654, entries: [(t:1, i:209), STATEMACHINELOGENTRY, 8644@client-E8995F8E72F5]
2023-03-17 00:26:27,184 DEBUG server.RaftServer$Division (RaftServerImpl.java:logAppendEntries(1430)) - s2@group-6E994AD85659: receive appendEntries(s1, 1, (t:1, i:207), 208, true, commits:[s1:c208, s10:c206, s0:c207, s3:c205, s4:c207, s11:c207, s5:c207, s6:c207, s13:c207, s7:c206, s12:c207, s8:c205, s9:c207, s14:c207, s2:c206], cId:8658, entries: [(t:1, i:208), METADATAENTRY(c:207), (t:1, i:209), STATEMACHINELOGENTRY, 8644@client-E8995F8E72F5]
2023-03-17 00:26:27,185 DEBUG server.RaftServer$Division (RaftServerImpl.java:logAppendEntries(1430)) - s11@group-6E994AD85659: receive appendEntries(s1, 1, (t:1, i:208), 208, true, commits:[s1:c208, s10:c206, s0:c207, s3:c205, s4:c207, s11:c207, s5:c207, s6:c207, s13:c207, s7:c206, s12:c207, s8:c205, s9:c207, s14:c205, s2:c205], cId:8656, entries: [(t:1, i:209), STATEMACHINELOGENTRY, 8644@client-E8995F8E72F5]
2023-03-17 00:26:27,184 DEBUG server.RaftServer$Division (RaftServerImpl.java:logAppendEntries(1430)) - s3@group-6E994AD85659: receive appendEntries(s1, 1, (t:1, i:207), 208, true, commits:[s1:c208, s10:c207, s0:c207, s3:c206, s4:c207, s11:c207, s5:c207, s6:c207, s13:c207, s7:c206, s12:c207, s8:c206, s9:c207, s14:c207, s2:c206], cId:8661, entries: [(t:1, i:208), METADATAENTRY(c:207), (t:1, i:209), STATEMACHINELOGENTRY, 8644@client-E8995F8E72F5]
2023-03-17 00:26:27,185 DEBUG server.RaftServer$Division (RaftServerImpl.java:logAppendEntries(1430)) - s2@group-6E994AD85659: succeeded to handle AppendEntries. Reply: s1<-s2#8658:OK-t1,SUCCESS,nextIndex=210,followerCommit=208,matchIndex=209
2023-03-17 00:26:27,185 DEBUG server.RaftServer$Division (RaftServerImpl.java:logAppendEntries(1430)) - s11@group-6E994AD85659: succeeded to handle AppendEntries. Reply: s1<-s11#8656:OK-t1,SUCCESS,nextIndex=210,followerCommit=208,matchIndex=209
2023-03-17 00:26:27,186 DEBUG server.RaftServer$Division (RaftServerImpl.java:logAppendEntries(1430)) - s10@group-6E994AD85659: receive appendEntries(s1, 1, (t:1, i:208), 208, true, commits:[s1:c208, s10:c207, s0:c207, s3:c205, s4:c207, s11:c207, s5:c207, s6:c207, s13:c207, s7:c206, s12:c207, s8:c206, s9:c207, s14:c207, s2:c206], cId:8660, entries: [(t:1, i:209), STATEMACHINELOGENTRY, 8644@client-E8995F8E72F5]
2023-03-17 00:26:27,186 DEBUG server.RaftServer$Division (RaftServerImpl.java:logAppendEntries(1430)) - s8@group-6E994AD85659: receive appendEntries(s1, 1, (t:1, i:207), 208, true, commits:[s1:c208, s10:c206, s0:c207, s3:c205, s4:c207, s11:c207, s5:c207, s6:c207, s13:c207, s7:c206, s12:c207, s8:c206, s9:c207, s14:c207, s2:c206], cId:8659, entries: [(t:1, i:208), METADATAENTRY(c:207), (t:1, i:209), STATEMACHINELOGENTRY, 8644@client-E8995F8E72F5]
2023-03-17 00:26:27,186 DEBUG server.RaftServer$Division (RaftServerImpl.java:logAppendEntries(1430)) - s3@group-6E994AD85659: succeeded to handle AppendEntries. Reply: s1<-s3#8661:OK-t1,SUCCESS,nextIndex=210,followerCommit=208,matchIndex=209
2023-03-17 00:26:27,186 DEBUG server.RaftServer$Division (RaftServerImpl.java:logAppendEntries(1430)) - s10@group-6E994AD85659: succeeded to handle AppendEntries. Reply: s1<-s10#8660:OK-t1,SUCCESS,nextIndex=210,followerCommit=208,matchIndex=209
2023-03-17 00:26:27,186 DEBUG server.RaftServer$Division (RaftServerImpl.java:logAppendEntries(1430)) - s14@group-6E994AD85659: receive appendEntries(s1, 1, (t:1, i:208), 208, true, commits:[s1:c208, s10:c206, s0:c207, s3:c205, s4:c207, s11:c207, s5:c207, s6:c207, s13:c207, s7:c206, s12:c207, s8:c205, s9:c207, s14:c207, s2:c205], cId:8657, entries: [(t:1, i:209), STATEMACHINELOGENTRY, 8644@client-E8995F8E72F5]
2023-03-17 00:26:27,187 DEBUG server.RaftServer$Division (RaftServerImpl.java:logAppendEntries(1430)) - s14@group-6E994AD85659: succeeded to handle AppendEntries. Reply: s1<-s14#8657:OK-t1,SUCCESS,nextIndex=210,followerCommit=208,matchIndex=209
2023-03-17 00:26:27,187 DEBUG server.RaftServer$Division (RaftServerImpl.java:logAppendEntries(1430)) - s8@group-6E994AD85659: succeeded to handle AppendEntries. Reply: s1<-s8#8659:OK-t1,SUCCESS,nextIndex=210,followerCommit=208,matchIndex=209
2023-03-17 00:26:27,187 DEBUG server.RaftServer$Division (RaftServerImpl.java:logAppendEntries(1430)) - s13@group-6E994AD85659: succeeded to handle AppendEntries. Reply: s1<-s13#8654:OK-t1,SUCCESS,nextIndex=210,followerCommit=207,matchIndex=209
2023-03-17 00:26:27,187 INFO  statemachine.StateMachine (ArithmeticStateMachine.java:applyTransaction(182)) - LEADER:s1-209: a = 117 = 117
2023-03-17 00:26:27,188 DEBUG server.RaftServer$Division (RaftServerImpl.java:submitClientRequestAsync(835)) - s1@group-6E994AD85659: receive client request(RaftClientRequest:client-E8995F8E72F5->s1@group-6E994AD85659, cid=8666, seq=0, RW, Message:0101620240babc000000...(size=12))
2023-03-17 00:26:27,188 DEBUG server.RaftServer$Division (LeaderStateImpl.java:addPendingRequest(474)) - s1@group-6E994AD85659-LeaderStateImpl: addPendingRequest at RaftClientRequest:client-E8995F8E72F5->s1@group-6E994AD85659, cid=8666, seq=0, RW, Message:0101620240babc000000...(size=12), entry=(t:1, i:211), STATEMACHINELOGENTRY, 8666@client-E8995F8E72F5
2023-03-17 00:26:27,188 DEBUG server.RaftServer$Division (RaftServerImpl.java:logAppendEntries(1430)) - s6@group-6E994AD85659: receive appendEntries(s1, 1, (t:1, i:209), 209, true, commits:[s1:c209, s10:c207, s0:c207, s3:c206, s4:c207, s11:c207, s5:c207, s6:c207, s13:c207, s7:c208, s12:c207, s8:c206, s9:c207, s14:c207, s2:c206], cId:8664, entries: [(t:1, i:210), METADATAENTRY(c:209)]
2023-03-17 00:26:27,189 DEBUG server.RaftServer$Division (RaftServerImpl.java:logAppendEntries(1430)) - s12@group-6E994AD85659: receive appendEntries(s1, 1, (t:1, i:209), 209, true, commits:[s1:c209, s10:c207, s0:c207, s3:c206, s4:c207, s11:c207, s5:c207, s6:c207, s13:c207, s7:c208, s12:c207, s8:c206, s9:c207, s14:c207, s2:c206], cId:8667, entries: [(t:1, i:210), METADATAENTRY(c:209)]
2023-03-17 00:26:27,189 DEBUG server.RaftServer$Division (RaftServerImpl.java:logAppendEntries(1430)) - s6@group-6E994AD85659: succeeded to handle AppendEntries. Reply: s1<-s6#8664:OK-t1,SUCCESS,nextIndex=211,followerCommit=209,matchIndex=210
2023-03-17 00:26:27,189 DEBUG server.RaftServer$Division (RaftServerImpl.java:logAppendEntries(1430)) - s12@group-6E994AD85659: succeeded to handle AppendEntries. Reply: s1<-s12#8667:OK-t1,SUCCESS,nextIndex=211,followerCommit=209,matchIndex=210
2023-03-17 00:26:27,190 DEBUG server.RaftServer$Division (RaftServerImpl.java:logAppendEntries(1430)) - s4@group-6E994AD85659: receive appendEntries(s1, 1, (t:1, i:209), 209, true, commits:[s1:c209, s10:c207, s0:c207, s3:c206, s4:c207, s11:c207, s5:c207, s6:c207, s13:c207, s7:c208, s12:c207, s8:c206, s9:c207, s14:c207, s2:c206], cId:8663, entries: [(t:1, i:210), METADATAENTRY(c:209)]
2023-03-17 00:26:27,190 DEBUG server.RaftServer$Division (RaftServerImpl.java:logAppendEntries(1430)) - s6@group-6E994AD85659: receive appendEntries(s1, 1, (t:1, i:210), 209, true, commits:[s1:c209, s10:c208, s0:c207, s3:c208, s4:c207, s11:c207, s5:c207, s6:c209, s13:c207, s7:c208, s12:c207, s8:c208, s9:c207, s14:c207, s2:c208], cId:8675, entries: [(t:1, i:211), STATEMACHINELOGENTRY, 8666@client-E8995F8E72F5]
2023-03-17 00:26:27,190 DEBUG server.RaftServer$Division (RaftServerImpl.java:logAppendEntries(1430)) - s9@group-6E994AD85659: receive appendEntries(s1, 1, (t:1, i:209), 209, true, commits:[s1:c209, s10:c207, s0:c207, s3:c206, s4:c207, s11:c207, s5:c207, s6:c207, s13:c207, s7:c208, s12:c207, s8:c206, s9:c207, s14:c207, s2:c206], cId:8668, entries: [(t:1, i:210), METADATAENTRY(c:209)]
2023-03-17 00:26:27,190 DEBUG server.RaftServer$Division (RaftServerImpl.java:logAppendEntries(1430)) - s6@group-6E994AD85659: succeeded to handle AppendEntries. Reply: s1<-s6#8675:OK-t1,SUCCESS,nextIndex=212,followerCommit=209,matchIndex=211
2023-03-17 00:26:27,191 DEBUG server.RaftServer$Division (RaftServerImpl.java:logAppendEntries(1430)) - s12@group-6E994AD85659: receive appendEntries(s1, 1, (t:1, i:210), 209, true, commits:[s1:c209, s10:c208, s0:c207, s3:c208, s4:c207, s11:c207, s5:c207, s6:c209, s13:c207, s7:c208, s12:c209, s8:c208, s9:c207, s14:c207, s2:c208], cId:8676, entries: [(t:1, i:211), STATEMACHINELOGENTRY, 8666@client-E8995F8E72F5]
2023-03-17 00:26:27,191 DEBUG server.RaftServer$Division (RaftServerImpl.java:logAppendEntries(1430)) - s4@group-6E994AD85659: succeeded to handle AppendEntries. Reply: s1<-s4#8663:OK-t1,SUCCESS,nextIndex=211,followerCommit=209,matchIndex=210
2023-03-17 00:26:27,191 DEBUG server.RaftServer$Division (RaftServerImpl.java:logAppendEntries(1430)) - s9@group-6E994AD85659: succeeded to handle AppendEntries. Reply: s1<-s9#8668:OK-t1,SUCCESS,nextIndex=211,followerCommit=209,matchIndex=210
2023-03-17 00:26:27,191 DEBUG server.RaftServer$Division (RaftServerImpl.java:logAppendEntries(1430)) - s2@group-6E994AD85659: receive appendEntries(s1, 1, (t:1, i:209), 209, true, commits:[s1:c209, s10:c207, s0:c207, s3:c206, s4:c207, s11:c207, s5:c207, s6:c207, s13:c207, s7:c208, s12:c207, s8:c206, s9:c207, s14:c207, s2:c208], cId:8669, entries: [(t:1, i:210), METADATAENTRY(c:209)]
2023-03-17 00:26:27,192 DEBUG server.RaftServer$Division (RaftServerImpl.java:logAppendEntries(1430)) - s12@group-6E994AD85659: succeeded to handle AppendEntries. Reply: s1<-s12#8676:OK-t1,SUCCESS,nextIndex=212,followerCommit=209,matchIndex=211
2023-03-17 00:26:27,192 DEBUG server.RaftServer$Division (RaftServerImpl.java:logAppendEntries(1430)) - s11@group-6E994AD85659: receive appendEntries(s1, 1, (t:1, i:209), 209, true, commits:[s1:c209, s10:c208, s0:c207, s3:c208, s4:c207, s11:c208, s5:c207, s6:c209, s13:c207, s7:c208, s12:c209, s8:c208, s9:c207, s14:c207, s2:c208], cId:8677, entries: [(t:1, i:210), METADATAENTRY(c:209), (t:1, i:211), STATEMACHINELOGENTRY, 8666@client-E8995F8E72F5]
2023-03-17 00:26:27,192 DEBUG server.RaftServer$Division (RaftServerImpl.java:logAppendEntries(1430)) - s0@group-6E994AD85659: receive appendEntries(s1, 1, (t:1, i:209), 209, true, commits:[s1:c209, s10:c207, s0:c207, s3:c206, s4:c207, s11:c207, s5:c207, s6:c207, s13:c207, s7:c208, s12:c207, s8:c206, s9:c207, s14:c207, s2:c206], cId:8662, entries: [(t:1, i:210), METADATAENTRY(c:209)]
2023-03-17 00:26:27,192 DEBUG server.RaftServer$Division (RaftServerImpl.java:logAppendEntries(1430)) - s2@group-6E994AD85659: succeeded to handle AppendEntries. Reply: s1<-s2#8669:OK-t1,SUCCESS,nextIndex=211,followerCommit=209,matchIndex=210
2023-03-17 00:26:27,192 DEBUG server.RaftServer$Division (RaftServerImpl.java:logAppendEntries(1430)) - s7@group-6E994AD85659: receive appendEntries(s1, 1, (t:1, i:209), 209, true, commits:[s1:c209, s10:c207, s0:c207, s3:c206, s4:c207, s11:c207, s5:c207, s6:c207, s13:c207, s7:c208, s12:c207, s8:c206, s9:c207, s14:c207, s2:c206], cId:8665, entries: [(t:1, i:210), METADATAENTRY(c:209)]
2023-03-17 00:26:27,192 DEBUG server.RaftServer$Division (RaftServerImpl.java:logAppendEntries(1430)) - s11@group-6E994AD85659: succeeded to handle AppendEntries. Reply: s1<-s11#8677:OK-t1,SUCCESS,nextIndex=212,followerCommit=209,matchIndex=211
2023-03-17 00:26:27,193 DEBUG server.RaftServer$Division (RaftServerImpl.java:logAppendEntries(1430)) - s0@group-6E994AD85659: succeeded to handle AppendEntries. Reply: s1<-s0#8662:OK-t1,SUCCESS,nextIndex=211,followerCommit=209,matchIndex=210
2023-03-17 00:26:27,193 DEBUG server.RaftServer$Division (RaftServerImpl.java:logAppendEntries(1430)) - s7@group-6E994AD85659: succeeded to handle AppendEntries. Reply: s1<-s7#8665:OK-t1,SUCCESS,nextIndex=211,followerCommit=209,matchIndex=210
2023-03-17 00:26:27,193 DEBUG server.RaftServer$Division (RaftServerImpl.java:logAppendEntries(1430)) - s13@group-6E994AD85659: receive appendEntries(s1, 1, (t:1, i:209), 209, true, commits:[s1:c209, s10:c208, s0:c207, s3:c206, s4:c207, s11:c207, s5:c207, s6:c207, s13:c207, s7:c208, s12:c207, s8:c208, s9:c207, s14:c207, s2:c208], cId:8672, entries: [(t:1, i:210), METADATAENTRY(c:209)]
2023-03-17 00:26:27,194 DEBUG server.RaftServer$Division (RaftServerImpl.java:logAppendEntries(1430)) - s10@group-6E994AD85659: receive appendEntries(s1, 1, (t:1, i:209), 209, true, commits:[s1:c209, s10:c208, s0:c207, s3:c206, s4:c207, s11:c207, s5:c207, s6:c207, s13:c207, s7:c208, s12:c207, s8:c206, s9:c207, s14:c207, s2:c208], cId:8670, entries: [(t:1, i:210), METADATAENTRY(c:209)]
2023-03-17 00:26:27,194 DEBUG server.RaftServer$Division (RaftServerImpl.java:logAppendEntries(1430)) - s5@group-6E994AD85659: receive appendEntries(s1, 1, (t:1, i:209), 209, true, commits:[s1:c209, s10:c208, s0:c207, s3:c208, s4:c207, s11:c207, s5:c207, s6:c207, s13:c207, s7:c208, s12:c207, s8:c208, s9:c207, s14:c207, s2:c208], cId:8674, entries: [(t:1, i:210), METADATAENTRY(c:209), (t:1, i:211), STATEMACHINELOGENTRY, 8666@client-E8995F8E72F5]
2023-03-17 00:26:27,194 DEBUG server.RaftServer$Division (RaftServerImpl.java:logAppendEntries(1430)) - s8@group-6E994AD85659: receive appendEntries(s1, 1, (t:1, i:209), 209, true, commits:[s1:c209, s10:c208, s0:c207, s3:c206, s4:c207, s11:c207, s5:c207, s6:c207, s13:c207, s7:c208, s12:c207, s8:c208, s9:c207, s14:c207, s2:c208], cId:8671, entries: [(t:1, i:210), METADATAENTRY(c:209)]
2023-03-17 00:26:27,195 DEBUG server.RaftServer$Division (RaftServerImpl.java:logAppendEntries(1430)) - s3@group-6E994AD85659: receive appendEntries(s1, 1, (t:1, i:209), 209, true, commits:[s1:c209, s10:c208, s0:c207, s3:c208, s4:c207, s11:c207, s5:c207, s6:c207, s13:c207, s7:c208, s12:c207, s8:c208, s9:c207, s14:c207, s2:c208], cId:8673, entries: [(t:1, i:210), METADATAENTRY(c:209), (t:1, i:211), STATEMACHINELOGENTRY, 8666@client-E8995F8E72F5]
2023-03-17 00:26:27,195 DEBUG server.RaftServer$Division (RaftServerImpl.java:logAppendEntries(1430)) - s8@group-6E994AD85659: succeeded to handle AppendEntries. Reply: s1<-s8#8671:OK-t1,SUCCESS,nextIndex=211,followerCommit=209,matchIndex=210
2023-03-17 00:26:27,195 DEBUG server.RaftServer$Division (RaftServerImpl.java:logAppendEntries(1430)) - s9@group-6E994AD85659: receive appendEntries(s1, 1, (t:1, i:210), 209, true, commits:[s1:c209, s10:c208, s0:c207, s3:c208, s4:c209, s11:c208, s5:c207, s6:c209, s13:c207, s7:c208, s12:c209, s8:c208, s9:c209, s14:c208, s2:c208], cId:8680, entries: [(t:1, i:211), STATEMACHINELOGENTRY, 8666@client-E8995F8E72F5]
2023-03-17 00:26:27,195 DEBUG server.RaftServer$Division (RaftServerImpl.java:logAppendEntries(1430)) - s4@group-6E994AD85659: receive appendEntries(s1, 1, (t:1, i:210), 209, true, commits:[s1:c209, s10:c208, s0:c207, s3:c208, s4:c209, s11:c208, s5:c207, s6:c209, s13:c207, s7:c208, s12:c209, s8:c208, s9:c207, s14:c208, s2:c208], cId:8679, entries: [(t:1, i:211), STATEMACHINELOGENTRY, 8666@client-E8995F8E72F5]
2023-03-17 00:26:27,195 DEBUG server.RaftServer$Division (RaftServerImpl.java:logAppendEntries(1430)) - s5@group-6E994AD85659: succeeded to handle AppendEntries. Reply: s1<-s5#8674:OK-t1,SUCCESS,nextIndex=212,followerCommit=209,matchIndex=211
2023-03-17 00:26:27,196 DEBUG server.RaftServer$Division (RaftServerImpl.java:logAppendEntries(1430)) - s3@group-6E994AD85659: succeeded to handle AppendEntries. Reply: s1<-s3#8673:OK-t1,SUCCESS,nextIndex=212,followerCommit=209,matchIndex=211
2023-03-17 00:26:27,196 DEBUG server.RaftServer$Division (RaftServerImpl.java:logAppendEntries(1430)) - s9@group-6E994AD85659: succeeded to handle AppendEntries. Reply: s1<-s9#8680:OK-t1,SUCCESS,nextIndex=212,followerCommit=209,matchIndex=211
2023-03-17 00:26:27,195 DEBUG server.RaftServer$Division (RaftServerImpl.java:logAppendEntries(1430)) - s10@group-6E994AD85659: succeeded to handle AppendEntries. Reply: s1<-s10#8670:OK-t1,SUCCESS,nextIndex=211,followerCommit=209,matchIndex=210
2023-03-17 00:26:27,197 DEBUG server.RaftServer$Division (RaftServerImpl.java:logAppendEntries(1430)) - s0@group-6E994AD85659: receive appendEntries(s1, 1, (t:1, i:210), 209, true, commits:[s1:c209, s10:c208, s0:c209, s3:c208, s4:c209, s11:c208, s5:c207, s6:c209, s13:c207, s7:c208, s12:c209, s8:c208, s9:c209, s14:c208, s2:c208], cId:8681, entries: [(t:1, i:211), STATEMACHINELOGENTRY, 8666@client-E8995F8E72F5]
2023-03-17 00:26:27,197 DEBUG server.RaftServer$Division (RaftServerImpl.java:logAppendEntries(1430)) - s14@group-6E994AD85659: receive appendEntries(s1, 1, (t:1, i:209), 209, true, commits:[s1:c209, s10:c208, s0:c207, s3:c208, s4:c207, s11:c208, s5:c207, s6:c209, s13:c207, s7:c208, s12:c209, s8:c208, s9:c207, s14:c208, s2:c208], cId:8678, entries: [(t:1, i:210), METADATAENTRY(c:209), (t:1, i:211), STATEMACHINELOGENTRY, 8666@client-E8995F8E72F5]
2023-03-17 00:26:27,198 DEBUG server.RaftServer$Division (RaftServerImpl.java:logAppendEntries(1430)) - s7@group-6E994AD85659: receive appendEntries(s1, 1, (t:1, i:210), 210, true, commits:[s1:c210, s10:c208, s0:c209, s3:c208, s4:c209, s11:c209, s5:c207, s6:c209, s13:c207, s7:c209, s12:c209, s8:c208, s9:c209, s14:c208, s2:c208], cId:8682, entries: [(t:1, i:211), STATEMACHINELOGENTRY, 8666@client-E8995F8E72F5]
2023-03-17 00:26:27,198 DEBUG server.RaftServer$Division (RaftServerImpl.java:logAppendEntries(1430)) - s0@group-6E994AD85659: succeeded to handle AppendEntries. Reply: s1<-s0#8681:OK-t1,SUCCESS,nextIndex=212,followerCommit=209,matchIndex=211
2023-03-17 00:26:27,198 DEBUG server.RaftServer$Division (RaftServerImpl.java:logAppendEntries(1430)) - s14@group-6E994AD85659: succeeded to handle AppendEntries. Reply: s1<-s14#8678:OK-t1,SUCCESS,nextIndex=212,followerCommit=209,matchIndex=211
2023-03-17 00:26:27,199 DEBUG server.RaftServer$Division (RaftServerImpl.java:logAppendEntries(1430)) - s13@group-6E994AD85659: succeeded to handle AppendEntries. Reply: s1<-s13#8672:OK-t1,SUCCESS,nextIndex=211,followerCommit=209,matchIndex=210
2023-03-17 00:26:27,199 DEBUG server.RaftServer$Division (RaftServerImpl.java:logAppendEntries(1430)) - s2@group-6E994AD85659: receive appendEntries(s1, 1, (t:1, i:210), 210, true, commits:[s1:c210, s10:c208, s0:c209, s3:c208, s4:c209, s11:c209, s5:c207, s6:c209, s13:c207, s7:c209, s12:c209, s8:c208, s9:c209, s14:c208, s2:c209], cId:8683, entries: [(t:1, i:211), STATEMACHINELOGENTRY, 8666@client-E8995F8E72F5]
2023-03-17 00:26:27,199 DEBUG server.RaftServer$Division (RaftServerImpl.java:logAppendEntries(1430)) - s7@group-6E994AD85659: succeeded to handle AppendEntries. Reply: s1<-s7#8682:OK-t1,SUCCESS,nextIndex=212,followerCommit=210,matchIndex=211
2023-03-17 00:26:27,199 DEBUG server.RaftServer$Division (RaftServerImpl.java:logAppendEntries(1430)) - s4@group-6E994AD85659: succeeded to handle AppendEntries. Reply: s1<-s4#8679:OK-t1,SUCCESS,nextIndex=212,followerCommit=209,matchIndex=211
2023-03-17 00:26:27,200 DEBUG server.RaftServer$Division (RaftServerImpl.java:logAppendEntries(1430)) - s2@group-6E994AD85659: succeeded to handle AppendEntries. Reply: s1<-s2#8683:OK-t1,SUCCESS,nextIndex=212,followerCommit=210,matchIndex=211
2023-03-17 00:26:27,200 INFO  statemachine.StateMachine (ArithmeticStateMachine.java:applyTransaction(182)) - LEADER:s1-211: b = 6844 = 6844
2023-03-17 00:26:27,201 DEBUG server.RaftServer$Division (RaftServerImpl.java:submitClientRequestAsync(835)) - s1@group-6E994AD85659: receive client request(RaftClientRequest:client-E8995F8E72F5->s1@group-6E994AD85659, cid=8693, seq=0, RW, Message:01016304010300040201...(size=17))
2023-03-17 00:26:27,201 DEBUG server.RaftServer$Division (RaftServerImpl.java:logAppendEntries(1430)) - s12@group-6E994AD85659: receive appendEntries(s1, 1, (t:1, i:211), 211, true, commits:[s1:c211, s10:c209, s0:c209, s3:c209, s4:c209, s11:c209, s5:c209, s6:c209, s13:c209, s7:c209, s12:c209, s8:c209, s9:c209, s14:c208, s2:c209], cId:8691, entries: [(t:1, i:212), METADATAENTRY(c:211)]
2023-03-17 00:26:27,201 DEBUG server.RaftServer$Division (LeaderStateImpl.java:addPendingRequest(474)) - s1@group-6E994AD85659-LeaderStateImpl: addPendingRequest at RaftClientRequest:client-E8995F8E72F5->s1@group-6E994AD85659, cid=8693, seq=0, RW, Message:01016304010300040201...(size=17), entry=(t:1, i:213), STATEMACHINELOGENTRY, 8693@client-E8995F8E72F5
2023-03-17 00:26:27,201 DEBUG server.RaftServer$Division (RaftServerImpl.java:logAppendEntries(1430)) - s8@group-6E994AD85659: receive appendEntries(s1, 1, (t:1, i:210), 210, true, commits:[s1:c210, s10:c208, s0:c209, s3:c208, s4:c209, s11:c209, s5:c207, s6:c209, s13:c207, s7:c209, s12:c209, s8:c209, s9:c209, s14:c208, s2:c209], cId:8684, entries: [(t:1, i:211), STATEMACHINELOGENTRY, 8666@client-E8995F8E72F5]
2023-03-17 00:26:27,201 DEBUG server.RaftServer$Division (RaftServerImpl.java:logAppendEntries(1430)) - s6@group-6E994AD85659: receive appendEntries(s1, 1, (t:1, i:211), 211, true, commits:[s1:c211, s10:c209, s0:c209, s3:c209, s4:c209, s11:c209, s5:c209, s6:c209, s13:c209, s7:c209, s12:c209, s8:c209, s9:c209, s14:c208, s2:c209], cId:8690, entries: [(t:1, i:212), METADATAENTRY(c:211)]
2023-03-17 00:26:27,201 DEBUG server.RaftServer$Division (RaftServerImpl.java:logAppendEntries(1430)) - s3@group-6E994AD85659: receive appendEntries(s1, 1, (t:1, i:211), 211, true, commits:[s1:c211, s10:c209, s0:c209, s3:c209, s4:c209, s11:c209, s5:c209, s6:c209, s13:c209, s7:c209, s12:c209, s8:c209, s9:c209, s14:c208, s2:c209], cId:8687, entries: [(t:1, i:212), METADATAENTRY(c:211)]
2023-03-17 00:26:27,202 DEBUG server.RaftServer$Division (RaftServerImpl.java:logAppendEntries(1430)) - s12@group-6E994AD85659: succeeded to handle AppendEntries. Reply: s1<-s12#8691:OK-t1,SUCCESS,nextIndex=213,followerCommit=211,matchIndex=212
2023-03-17 00:26:27,202 DEBUG server.RaftServer$Division (RaftServerImpl.java:logAppendEntries(1430)) - s6@group-6E994AD85659: succeeded to handle AppendEntries. Reply: s1<-s6#8690:OK-t1,SUCCESS,nextIndex=213,followerCommit=211,matchIndex=212
2023-03-17 00:26:27,202 DEBUG server.RaftServer$Division (RaftServerImpl.java:logAppendEntries(1430)) - s8@group-6E994AD85659: succeeded to handle AppendEntries. Reply: s1<-s8#8684:OK-t1,SUCCESS,nextIndex=212,followerCommit=210,matchIndex=211
2023-03-17 00:26:27,203 DEBUG server.RaftServer$Division (RaftServerImpl.java:logAppendEntries(1430)) - s6@group-6E994AD85659: receive appendEntries(s1, 1, (t:1, i:212), 211, true, commits:[s1:c211, s10:c209, s0:c209, s3:c209, s4:c209, s11:c209, s5:c209, s6:c211, s13:c209, s7:c209, s12:c209, s8:c209, s9:c209, s14:c208, s2:c209], cId:8695, entries: [(t:1, i:213), STATEMACHINELOGENTRY, 8693@client-E8995F8E72F5]
2023-03-17 00:26:27,203 DEBUG server.RaftServer$Division (RaftServerImpl.java:logAppendEntries(1430)) - s9@group-6E994AD85659: receive appendEntries(s1, 1, (t:1, i:211), 211, true, commits:[s1:c211, s10:c209, s0:c209, s3:c209, s4:c209, s11:c209, s5:c209, s6:c209, s13:c209, s7:c209, s12:c209, s8:c209, s9:c209, s14:c208, s2:c209], cId:8688, entries: [(t:1, i:212), METADATAENTRY(c:211)]
2023-03-17 00:26:27,203 DEBUG server.RaftServer$Division (RaftServerImpl.java:logAppendEntries(1430)) - s6@group-6E994AD85659: succeeded to handle AppendEntries. Reply: s1<-s6#8695:OK-t1,SUCCESS,nextIndex=214,followerCommit=211,matchIndex=213
2023-03-17 00:26:27,203 DEBUG server.RaftServer$Division (RaftServerImpl.java:logAppendEntries(1430)) - s12@group-6E994AD85659: receive appendEntries(s1, 1, (t:1, i:212), 211, true, commits:[s1:c211, s10:c209, s0:c209, s3:c209, s4:c209, s11:c209, s5:c209, s6:c211, s13:c209, s7:c209, s12:c211, s8:c209, s9:c209, s14:c208, s2:c209], cId:8696, entries: [(t:1, i:213), STATEMACHINELOGENTRY, 8693@client-E8995F8E72F5]
2023-03-17 00:26:27,203 DEBUG server.RaftServer$Division (RaftServerImpl.java:logAppendEntries(1430)) - s13@group-6E994AD85659: receive appendEntries(s1, 1, (t:1, i:210), 210, true, commits:[s1:c210, s10:c209, s0:c209, s3:c209, s4:c209, s11:c209, s5:c207, s6:c209, s13:c209, s7:c209, s12:c209, s8:c209, s9:c209, s14:c208, s2:c209], cId:8686, entries: [(t:1, i:211), STATEMACHINELOGENTRY, 8666@client-E8995F8E72F5]
2023-03-17 00:26:27,203 DEBUG server.RaftServer$Division (RaftServerImpl.java:logAppendEntries(1430)) - s9@group-6E994AD85659: succeeded to handle AppendEntries. Reply: s1<-s9#8688:OK-t1,SUCCESS,nextIndex=213,followerCommit=211,matchIndex=212
2023-03-17 00:26:27,205 DEBUG server.RaftServer$Division (RaftServerImpl.java:logAppendEntries(1430)) - s3@group-6E994AD85659: succeeded to handle AppendEntries. Reply: s1<-s3#8687:OK-t1,SUCCESS,nextIndex=213,followerCommit=211,matchIndex=212
2023-03-17 00:26:27,206 DEBUG server.RaftServer$Division (RaftServerImpl.java:logAppendEntries(1430)) - s2@group-6E994AD85659: receive appendEntries(s1, 1, (t:1, i:211), 211, true, commits:[s1:c211, s10:c209, s0:c209, s3:c209, s4:c209, s11:c209, s5:c209, s6:c211, s13:c209, s7:c210, s12:c211, s8:c209, s9:c209, s14:c209, s2:c210], cId:8700, entries: [(t:1, i:212), METADATAENTRY(c:211), (t:1, i:213), STATEMACHINELOGENTRY, 8693@client-E8995F8E72F5]
2023-03-17 00:26:27,205 DEBUG server.RaftServer$Division (RaftServerImpl.java:logAppendEntries(1430)) - s4@group-6E994AD85659: receive appendEntries(s1, 1, (t:1, i:211), 211, true, commits:[s1:c211, s10:c209, s0:c209, s3:c209, s4:c209, s11:c209, s5:c209, s6:c209, s13:c209, s7:c209, s12:c209, s8:c209, s9:c209, s14:c208, s2:c209], cId:8692, entries: [(t:1, i:212), METADATAENTRY(c:211)]
2023-03-17 00:26:27,205 DEBUG server.RaftServer$Division (RaftServerImpl.java:logAppendEntries(1430)) - s7@group-6E994AD85659: receive appendEntries(s1, 1, (t:1, i:211), 211, true, commits:[s1:c211, s10:c209, s0:c209, s3:c209, s4:c209, s11:c209, s5:c209, s6:c211, s13:c209, s7:c210, s12:c211, s8:c209, s9:c209, s14:c209, s2:c209], cId:8699, entries: [(t:1, i:212), METADATAENTRY(c:211), (t:1, i:213), STATEMACHINELOGENTRY, 8693@client-E8995F8E72F5]
2023-03-17 00:26:27,206 DEBUG server.RaftServer$Division (RaftServerImpl.java:logAppendEntries(1430)) - s2@group-6E994AD85659: succeeded to handle AppendEntries. Reply: s1<-s2#8700:OK-t1,SUCCESS,nextIndex=214,followerCommit=211,matchIndex=213
2023-03-17 00:26:27,205 DEBUG server.RaftServer$Division (RaftServerImpl.java:logAppendEntries(1430)) - s14@group-6E994AD85659: receive appendEntries(s1, 1, (t:1, i:211), 211, true, commits:[s1:c211, s10:c209, s0:c209, s3:c209, s4:c209, s11:c209, s5:c209, s6:c211, s13:c209, s7:c209, s12:c211, s8:c209, s9:c209, s14:c209, s2:c209], cId:8698, entries: [(t:1, i:212), METADATAENTRY(c:211), (t:1, i:213), STATEMACHINELOGENTRY, 8693@client-E8995F8E72F5]
2023-03-17 00:26:27,207 DEBUG server.RaftServer$Division (RaftServerImpl.java:logAppendEntries(1430)) - s7@group-6E994AD85659: succeeded to handle AppendEntries. Reply: s1<-s7#8699:OK-t1,SUCCESS,nextIndex=214,followerCommit=211,matchIndex=213
2023-03-17 00:26:27,204 DEBUG server.RaftServer$Division (RaftServerImpl.java:logAppendEntries(1430)) - s11@group-6E994AD85659: receive appendEntries(s1, 1, (t:1, i:211), 211, true, commits:[s1:c211, s10:c209, s0:c209, s3:c209, s4:c209, s11:c209, s5:c209, s6:c209, s13:c209, s7:c209, s12:c209, s8:c209, s9:c209, s14:c208, s2:c209], cId:8689, entries: [(t:1, i:212), METADATAENTRY(c:211)]
2023-03-17 00:26:27,204 DEBUG server.RaftServer$Division (RaftServerImpl.java:logAppendEntries(1430)) - s0@group-6E994AD85659: receive appendEntries(s1, 1, (t:1, i:211), 211, true, commits:[s1:c211, s10:c209, s0:c209, s3:c209, s4:c209, s11:c209, s5:c209, s6:c211, s13:c209, s7:c209, s12:c211, s8:c209, s9:c209, s14:c208, s2:c209], cId:8697, entries: [(t:1, i:212), METADATAENTRY(c:211), (t:1, i:213), STATEMACHINELOGENTRY, 8693@client-E8995F8E72F5]
2023-03-17 00:26:27,204 DEBUG server.RaftServer$Division (RaftServerImpl.java:logAppendEntries(1430)) - s12@group-6E994AD85659: succeeded to handle AppendEntries. Reply: s1<-s12#8696:OK-t1,SUCCESS,nextIndex=214,followerCommit=211,matchIndex=213
2023-03-17 00:26:27,204 DEBUG server.RaftServer$Division (RaftServerImpl.java:logAppendEntries(1430)) - s10@group-6E994AD85659: receive appendEntries(s1, 1, (t:1, i:210), 210, true, commits:[s1:c210, s10:c209, s0:c209, s3:c209, s4:c209, s11:c209, s5:c207, s6:c209, s13:c207, s7:c209, s12:c209, s8:c209, s9:c209, s14:c208, s2:c209], cId:8685, entries: [(t:1, i:211), STATEMACHINELOGENTRY, 8666@client-E8995F8E72F5]
2023-03-17 00:26:27,208 DEBUG server.RaftServer$Division (RaftServerImpl.java:logAppendEntries(1430)) - s11@group-6E994AD85659: succeeded to handle AppendEntries. Reply: s1<-s11#8689:OK-t1,SUCCESS,nextIndex=213,followerCommit=211,matchIndex=212
2023-03-17 00:26:27,208 DEBUG server.RaftServer$Division (RaftServerImpl.java:logAppendEntries(1430)) - s0@group-6E994AD85659: succeeded to handle AppendEntries. Reply: s1<-s0#8697:OK-t1,SUCCESS,nextIndex=214,followerCommit=211,matchIndex=213
2023-03-17 00:26:27,208 DEBUG server.RaftServer$Division (RaftServerImpl.java:logAppendEntries(1430)) - s13@group-6E994AD85659: succeeded to handle AppendEntries. Reply: s1<-s13#8686:OK-t1,SUCCESS,nextIndex=212,followerCommit=210,matchIndex=211
2023-03-17 00:26:27,204 DEBUG server.RaftServer$Division (RaftServerImpl.java:logAppendEntries(1430)) - s5@group-6E994AD85659: receive appendEntries(s1, 1, (t:1, i:211), 211, true, commits:[s1:c211, s10:c209, s0:c209, s3:c209, s4:c209, s11:c209, s5:c209, s6:c209, s13:c209, s7:c209, s12:c209, s8:c209, s9:c209, s14:c208, s2:c209], cId:8694, entries: [(t:1, i:212), METADATAENTRY(c:211)]
2023-03-17 00:26:27,209 DEBUG server.RaftServer$Division (RaftServerImpl.java:logAppendEntries(1430)) - s10@group-6E994AD85659: succeeded to handle AppendEntries. Reply: s1<-s10#8685:OK-t1,SUCCESS,nextIndex=212,followerCommit=210,matchIndex=211
2023-03-17 00:26:27,209 DEBUG server.RaftServer$Division (RaftServerImpl.java:logAppendEntries(1430)) - s4@group-6E994AD85659: succeeded to handle AppendEntries. Reply: s1<-s4#8692:OK-t1,SUCCESS,nextIndex=213,followerCommit=211,matchIndex=212
2023-03-17 00:26:27,208 DEBUG server.RaftServer$Division (RaftServerImpl.java:logAppendEntries(1430)) - s14@group-6E994AD85659: succeeded to handle AppendEntries. Reply: s1<-s14#8698:OK-t1,SUCCESS,nextIndex=214,followerCommit=211,matchIndex=213
2023-03-17 00:26:27,210 DEBUG server.RaftServer$Division (RaftServerImpl.java:logAppendEntries(1430)) - s11@group-6E994AD85659: receive appendEntries(s1, 1, (t:1, i:212), 211, true, commits:[s1:c211, s10:c209, s0:c209, s3:c211, s4:c209, s11:c211, s5:c209, s6:c211, s13:c210, s7:c210, s12:c211, s8:c210, s9:c211, s14:c209, s2:c210], cId:8705, entries: [(t:1, i:213), STATEMACHINELOGENTRY, 8693@client-E8995F8E72F5]
2023-03-17 00:26:27,210 DEBUG server.RaftServer$Division (RaftServerImpl.java:logAppendEntries(1430)) - s8@group-6E994AD85659: receive appendEntries(s1, 1, (t:1, i:211), 211, true, commits:[s1:c211, s10:c209, s0:c209, s3:c211, s4:c209, s11:c209, s5:c209, s6:c211, s13:c209, s7:c210, s12:c211, s8:c210, s9:c211, s14:c209, s2:c210], cId:8703, entries: [(t:1, i:212), METADATAENTRY(c:211), (t:1, i:213), STATEMACHINELOGENTRY, 8693@client-E8995F8E72F5]
2023-03-17 00:26:27,206 DEBUG server.RaftServer$Division (RaftServerImpl.java:logAppendEntries(1430)) - s3@group-6E994AD85659: receive appendEntries(s1, 1, (t:1, i:212), 211, true, commits:[s1:c211, s10:c209, s0:c209, s3:c211, s4:c209, s11:c209, s5:c209, s6:c211, s13:c209, s7:c210, s12:c211, s8:c209, s9:c211, s14:c209, s2:c210], cId:8701, entries: [(t:1, i:213), STATEMACHINELOGENTRY, 8693@client-E8995F8E72F5]
2023-03-17 00:26:27,211 DEBUG server.RaftServer$Division (RaftServerImpl.java:logAppendEntries(1430)) - s11@group-6E994AD85659: succeeded to handle AppendEntries. Reply: s1<-s11#8705:OK-t1,SUCCESS,nextIndex=214,followerCommit=211,matchIndex=213
2023-03-17 00:26:27,211 DEBUG server.RaftServer$Division (RaftServerImpl.java:logAppendEntries(1430)) - s8@group-6E994AD85659: succeeded to handle AppendEntries. Reply: s1<-s8#8703:OK-t1,SUCCESS,nextIndex=214,followerCommit=211,matchIndex=213
2023-03-17 00:26:27,206 DEBUG server.RaftServer$Division (RaftServerImpl.java:logAppendEntries(1430)) - s9@group-6E994AD85659: receive appendEntries(s1, 1, (t:1, i:212), 211, true, commits:[s1:c211, s10:c209, s0:c209, s3:c211, s4:c209, s11:c209, s5:c209, s6:c211, s13:c209, s7:c210, s12:c211, s8:c209, s9:c211, s14:c209, s2:c210], cId:8702, entries: [(t:1, i:213), STATEMACHINELOGENTRY, 8693@client-E8995F8E72F5]
2023-03-17 00:26:27,210 DEBUG server.RaftServer$Division (RaftServerImpl.java:logAppendEntries(1430)) - s5@group-6E994AD85659: succeeded to handle AppendEntries. Reply: s1<-s5#8694:OK-t1,SUCCESS,nextIndex=213,followerCommit=211,matchIndex=212
2023-03-17 00:26:27,211 DEBUG server.RaftServer$Division (RaftServerImpl.java:logAppendEntries(1430)) - s3@group-6E994AD85659: succeeded to handle AppendEntries. Reply: s1<-s3#8701:OK-t1,SUCCESS,nextIndex=214,followerCommit=211,matchIndex=213
2023-03-17 00:26:27,211 DEBUG server.RaftServer$Division (RaftServerImpl.java:logAppendEntries(1430)) - s9@group-6E994AD85659: succeeded to handle AppendEntries. Reply: s1<-s9#8702:OK-t1,SUCCESS,nextIndex=214,followerCommit=211,matchIndex=213
2023-03-17 00:26:27,212 DEBUG server.RaftServer$Division (RaftServerImpl.java:logAppendEntries(1430)) - s13@group-6E994AD85659: receive appendEntries(s1, 1, (t:1, i:211), 211, true, commits:[s1:c211, s10:c209, s0:c209, s3:c211, s4:c209, s11:c209, s5:c209, s6:c211, s13:c210, s7:c210, s12:c211, s8:c210, s9:c211, s14:c209, s2:c210], cId:8704, entries: [(t:1, i:212), METADATAENTRY(c:211), (t:1, i:213), STATEMACHINELOGENTRY, 8693@client-E8995F8E72F5]
2023-03-17 00:26:27,213 INFO  statemachine.StateMachine (ArithmeticStateMachine.java:applyTransaction(182)) - LEADER:s1-213: c = √(a^2 + b^2) = 6845
2023-03-17 00:26:27,213 DEBUG server.RaftServer$Division (RaftServerImpl.java:logAppendEntries(1430)) - s10@group-6E994AD85659: receive appendEntries(s1, 1, (t:1, i:211), 212, true, commits:[s1:c212, s10:c210, s0:c211, s3:c211, s4:c211, s11:c211, s5:c209, s6:c211, s13:c210, s7:c211, s12:c211, s8:c210, s9:c211, s14:c209, s2:c211], cId:8707, entries: [(t:1, i:212), METADATAENTRY(c:211), (t:1, i:213), STATEMACHINELOGENTRY, 8693@client-E8995F8E72F5]
2023-03-17 00:26:27,213 DEBUG server.RaftServer$Division (RaftServerImpl.java:logAppendEntries(1430)) - s10@group-6E994AD85659: succeeded to handle AppendEntries. Reply: s1<-s10#8707:OK-t1,SUCCESS,nextIndex=214,followerCommit=212,matchIndex=213
2023-03-17 00:26:27,214 DEBUG server.RaftServer$Division (RaftServerImpl.java:submitClientRequestAsync(835)) - s1@group-6E994AD85659: receive client request(RaftClientRequest:client-E8995F8E72F5->s1@group-6E994AD85659, cid=8708, seq=0, RW, Message:01016100)
2023-03-17 00:26:27,213 DEBUG server.RaftServer$Division (RaftServerImpl.java:logAppendEntries(1430)) - s4@group-6E994AD85659: receive appendEntries(s1, 1, (t:1, i:212), 212, true, commits:[s1:c212, s10:c209, s0:c211, s3:c211, s4:c211, s11:c211, s5:c209, s6:c211, s13:c210, s7:c211, s12:c211, s8:c210, s9:c211, s14:c209, s2:c211], cId:8706, entries: [(t:1, i:213), STATEMACHINELOGENTRY, 8693@client-E8995F8E72F5]
2023-03-17 00:26:27,215 DEBUG server.RaftServer$Division (RaftServerImpl.java:logAppendEntries(1430)) - s13@group-6E994AD85659: succeeded to handle AppendEntries. Reply: s1<-s13#8704:OK-t1,SUCCESS,nextIndex=214,followerCommit=211,matchIndex=213
2023-03-17 00:26:27,215 DEBUG server.RaftServer$Division (RaftServerImpl.java:logAppendEntries(1430)) - s6@group-6E994AD85659: receive appendEntries(s1, 1, (t:1, i:213), 213, true, commits:[s1:c213, s10:c212, s0:c211, s3:c211, s4:c211, s11:c211, s5:c211, s6:c211, s13:c210, s7:c211, s12:c211, s8:c211, s9:c211, s14:c211, s2:c211], cId:8714, entries: [(t:1, i:214), METADATAENTRY(c:213), (t:1, i:215), STATEMACHINELOGENTRY, 8708@client-E8995F8E72F5]
2023-03-17 00:26:27,215 DEBUG server.RaftServer$Division (RaftServerImpl.java:logAppendEntries(1430)) - s0@group-6E994AD85659: receive appendEntries(s1, 1, (t:1, i:213), 213, true, commits:[s1:c213, s10:c212, s0:c211, s3:c211, s4:c211, s11:c211, s5:c211, s6:c211, s13:c210, s7:c211, s12:c211, s8:c211, s9:c211, s14:c211, s2:c211], cId:8718, entries: [(t:1, i:214), METADATAENTRY(c:213), (t:1, i:215), STATEMACHINELOGENTRY, 8708@client-E8995F8E72F5]
2023-03-17 00:26:27,216 DEBUG server.RaftServer$Division (RaftServerImpl.java:logAppendEntries(1430)) - s6@group-6E994AD85659: succeeded to handle AppendEntries. Reply: s1<-s6#8714:OK-t1,SUCCESS,nextIndex=216,followerCommit=213,matchIndex=215
2023-03-17 00:26:27,216 DEBUG server.RaftServer$Division (RaftServerImpl.java:logAppendEntries(1430)) - s12@group-6E994AD85659: receive appendEntries(s1, 1, (t:1, i:213), 213, true, commits:[s1:c213, s10:c212, s0:c211, s3:c211, s4:c211, s11:c211, s5:c211, s6:c211, s13:c210, s7:c211, s12:c211, s8:c211, s9:c211, s14:c211, s2:c211], cId:8716, entries: [(t:1, i:214), METADATAENTRY(c:213), (t:1, i:215), STATEMACHINELOGENTRY, 8708@client-E8995F8E72F5]
2023-03-17 00:26:27,216 DEBUG server.RaftServer$Division (RaftServerImpl.java:logAppendEntries(1430)) - s0@group-6E994AD85659: succeeded to handle AppendEntries. Reply: s1<-s0#8718:OK-t1,SUCCESS,nextIndex=216,followerCommit=213,matchIndex=215
2023-03-17 00:26:27,216 DEBUG server.RaftServer$Division (RaftServerImpl.java:logAppendEntries(1430)) - s11@group-6E994AD85659: receive appendEntries(s1, 1, (t:1, i:213), 213, true, commits:[s1:c213, s10:c212, s0:c211, s3:c211, s4:c211, s11:c211, s5:c211, s6:c211, s13:c210, s7:c211, s12:c211, s8:c211, s9:c211, s14:c211, s2:c211], cId:8711, entries: [(t:1, i:214), METADATAENTRY(c:213), (t:1, i:215), STATEMACHINELOGENTRY, 8708@client-E8995F8E72F5]
2023-03-17 00:26:27,216 DEBUG server.RaftServer$Division (RaftServerImpl.java:logAppendEntries(1430)) - s12@group-6E994AD85659: succeeded to handle AppendEntries. Reply: s1<-s12#8716:OK-t1,SUCCESS,nextIndex=216,followerCommit=213,matchIndex=215
2023-03-17 00:26:27,227 DEBUG server.RaftServer$Division (LeaderStateImpl.java:addPendingRequest(474)) - s1@group-6E994AD85659-LeaderStateImpl: addPendingRequest at RaftClientRequest:client-E8995F8E72F5->s1@group-6E994AD85659, cid=8708, seq=0, RW, Message:01016100, entry=(t:1, i:215), STATEMACHINELOGENTRY, 8708@client-E8995F8E72F5
2023-03-17 00:26:27,227 DEBUG server.RaftServer$Division (RaftServerImpl.java:logAppendEntries(1430)) - s14@group-6E994AD85659: receive appendEntries(s1, 1, (t:1, i:213), 213, true, commits:[s1:c213, s10:c212, s0:c211, s3:c211, s4:c211, s11:c211, s5:c211, s6:c211, s13:c210, s7:c211, s12:c211, s8:c211, s9:c211, s14:c211, s2:c211], cId:8712, entries: [(t:1, i:214), METADATAENTRY(c:213), (t:1, i:215), STATEMACHINELOGENTRY, 8708@client-E8995F8E72F5]
2023-03-17 00:26:27,227 DEBUG server.RaftServer$Division (RaftServerImpl.java:logAppendEntries(1430)) - s11@group-6E994AD85659: succeeded to handle AppendEntries. Reply: s1<-s11#8711:OK-t1,SUCCESS,nextIndex=216,followerCommit=213,matchIndex=215
2023-03-17 00:26:27,228 DEBUG server.RaftServer$Division (RaftServerImpl.java:logAppendEntries(1430)) - s3@group-6E994AD85659: receive appendEntries(s1, 1, (t:1, i:213), 213, true, commits:[s1:c213, s10:c212, s0:c211, s3:c211, s4:c211, s11:c211, s5:c211, s6:c211, s13:c210, s7:c211, s12:c211, s8:c211, s9:c211, s14:c211, s2:c211], cId:8709, entries: [(t:1, i:214), METADATAENTRY(c:213), (t:1, i:215), STATEMACHINELOGENTRY, 8708@client-E8995F8E72F5]
2023-03-17 00:26:27,227 DEBUG server.RaftServer$Division (RaftServerImpl.java:logAppendEntries(1430)) - s4@group-6E994AD85659: succeeded to handle AppendEntries. Reply: s1<-s4#8706:OK-t1,SUCCESS,nextIndex=214,followerCommit=212,matchIndex=213
2023-03-17 00:26:27,225 DEBUG server.RaftServer$Division (RaftServerImpl.java:logAppendEntries(1430)) - s9@group-6E994AD85659: receive appendEntries(s1, 1, (t:1, i:213), 213, true, commits:[s1:c213, s10:c212, s0:c211, s3:c211, s4:c211, s11:c211, s5:c211, s6:c211, s13:c210, s7:c211, s12:c211, s8:c211, s9:c211, s14:c211, s2:c211], cId:8715, entries: [(t:1, i:214), METADATAENTRY(c:213), (t:1, i:215), STATEMACHINELOGENTRY, 8708@client-E8995F8E72F5]
2023-03-17 00:26:27,225 DEBUG server.RaftServer$Division (RaftServerImpl.java:logAppendEntries(1430)) - s7@group-6E994AD85659: receive appendEntries(s1, 1, (t:1, i:213), 213, true, commits:[s1:c213, s10:c212, s0:c211, s3:c211, s4:c211, s11:c211, s5:c211, s6:c211, s13:c210, s7:c211, s12:c211, s8:c211, s9:c211, s14:c211, s2:c211], cId:8713, entries: [(t:1, i:214), METADATAENTRY(c:213), (t:1, i:215), STATEMACHINELOGENTRY, 8708@client-E8995F8E72F5]
2023-03-17 00:26:27,229 DEBUG server.RaftServer$Division (RaftServerImpl.java:logAppendEntries(1430)) - s2@group-6E994AD85659: receive appendEntries(s1, 1, (t:1, i:213), 213, true, commits:[s1:c213, s10:c212, s0:c211, s3:c211, s4:c211, s11:c211, s5:c211, s6:c211, s13:c210, s7:c211, s12:c211, s8:c211, s9:c211, s14:c211, s2:c211], cId:8717, entries: [(t:1, i:214), METADATAENTRY(c:213), (t:1, i:215), STATEMACHINELOGENTRY, 8708@client-E8995F8E72F5]
2023-03-17 00:26:27,229 DEBUG server.RaftServer$Division (RaftServerImpl.java:logAppendEntries(1430)) - s5@group-6E994AD85659: receive appendEntries(s1, 1, (t:1, i:212), 213, true, commits:[s1:c213, s10:c212, s0:c211, s3:c211, s4:c211, s11:c211, s5:c211, s6:c211, s13:c210, s7:c211, s12:c211, s8:c211, s9:c211, s14:c211, s2:c211], cId:8710, entries: [(t:1, i:213), STATEMACHINELOGENTRY, 8693@client-E8995F8E72F5, (t:1, i:214), METADATAENTRY(c:213), (t:1, i:215), STATEMACHINELOGENTRY, 8708@client-E8995F8E72F5]
2023-03-17 00:26:27,229 DEBUG server.RaftServer$Division (RaftServerImpl.java:logAppendEntries(1430)) - s10@group-6E994AD85659: receive appendEntries(s1, 1, (t:1, i:213), 213, true, commits:[s1:c213, s10:c212, s0:c211, s3:c211, s4:c211, s11:c211, s5:c211, s6:c211, s13:c210, s7:c211, s12:c211, s8:c211, s9:c211, s14:c211, s2:c211], cId:8720, entries: [(t:1, i:214), METADATAENTRY(c:213), (t:1, i:215), STATEMACHINELOGENTRY, 8708@client-E8995F8E72F5]
2023-03-17 00:26:27,230 DEBUG server.RaftServer$Division (RaftServerImpl.java:logAppendEntries(1430)) - s7@group-6E994AD85659: succeeded to handle AppendEntries. Reply: s1<-s7#8713:OK-t1,SUCCESS,nextIndex=216,followerCommit=213,matchIndex=215
2023-03-17 00:26:27,230 DEBUG server.RaftServer$Division (RaftServerImpl.java:logAppendEntries(1430)) - s5@group-6E994AD85659: succeeded to handle AppendEntries. Reply: s1<-s5#8710:OK-t1,SUCCESS,nextIndex=216,followerCommit=213,matchIndex=215
2023-03-17 00:26:27,230 DEBUG server.RaftServer$Division (RaftServerImpl.java:logAppendEntries(1430)) - s8@group-6E994AD85659: receive appendEntries(s1, 1, (t:1, i:213), 213, true, commits:[s1:c213, s10:c212, s0:c211, s3:c211, s4:c211, s11:c211, s5:c211, s6:c211, s13:c210, s7:c211, s12:c211, s8:c211, s9:c211, s14:c211, s2:c211], cId:8719, entries: [(t:1, i:214), METADATAENTRY(c:213), (t:1, i:215), STATEMACHINELOGENTRY, 8708@client-E8995F8E72F5]
2023-03-17 00:26:27,230 DEBUG server.RaftServer$Division (RaftServerImpl.java:logAppendEntries(1430)) - s9@group-6E994AD85659: succeeded to handle AppendEntries. Reply: s1<-s9#8715:OK-t1,SUCCESS,nextIndex=216,followerCommit=213,matchIndex=215
2023-03-17 00:26:27,230 DEBUG server.RaftServer$Division (RaftServerImpl.java:logAppendEntries(1430)) - s2@group-6E994AD85659: succeeded to handle AppendEntries. Reply: s1<-s2#8717:OK-t1,SUCCESS,nextIndex=216,followerCommit=213,matchIndex=215
2023-03-17 00:26:27,231 DEBUG server.RaftServer$Division (RaftServerImpl.java:logAppendEntries(1430)) - s10@group-6E994AD85659: succeeded to handle AppendEntries. Reply: s1<-s10#8720:OK-t1,SUCCESS,nextIndex=216,followerCommit=213,matchIndex=215
2023-03-17 00:26:27,231 DEBUG server.RaftServer$Division (RaftServerImpl.java:logAppendEntries(1430)) - s8@group-6E994AD85659: succeeded to handle AppendEntries. Reply: s1<-s8#8719:OK-t1,SUCCESS,nextIndex=216,followerCommit=213,matchIndex=215
2023-03-17 00:26:27,230 DEBUG server.RaftServer$Division (RaftServerImpl.java:logAppendEntries(1430)) - s3@group-6E994AD85659: succeeded to handle AppendEntries. Reply: s1<-s3#8709:OK-t1,SUCCESS,nextIndex=216,followerCommit=213,matchIndex=215
2023-03-17 00:26:27,231 DEBUG server.RaftServer$Division (RaftServerImpl.java:logAppendEntries(1430)) - s4@group-6E994AD85659: receive appendEntries(s1, 1, (t:1, i:213), 213, true, commits:[s1:c213, s10:c212, s0:c211, s3:c211, s4:c212, s11:c211, s5:c211, s6:c213, s13:c210, s7:c211, s12:c213, s8:c211, s9:c211, s14:c211, s2:c211], cId:8721, entries: [(t:1, i:214), METADATAENTRY(c:213), (t:1, i:215), STATEMACHINELOGENTRY, 8708@client-E8995F8E72F5]
2023-03-17 00:26:27,232 INFO  statemachine.StateMachine (ArithmeticStateMachine.java:applyTransaction(182)) - LEADER:s1-215: a = null = null
2023-03-17 00:26:27,233 DEBUG server.RaftServer$Division (RaftServerImpl.java:logAppendEntries(1430)) - s11@group-6E994AD85659: receive appendEntries(s1, 1, (t:1, i:215), 215, true, commits:[s1:c215, s10:c213, s0:c213, s3:c213, s4:c212, s11:c213, s5:c211, s6:c213, s13:c211, s7:c213, s12:c213, s8:c211, s9:c213, s14:c211, s2:c213], cId:8726, entries: [(t:1, i:216), METADATAENTRY(c:215)]
2023-03-17 00:26:27,233 DEBUG server.RaftServer$Division (RaftServerImpl.java:logAppendEntries(1430)) - s4@group-6E994AD85659: succeeded to handle AppendEntries. Reply: s1<-s4#8721:OK-t1,SUCCESS,nextIndex=216,followerCommit=213,matchIndex=215
2023-03-17 00:26:27,233 DEBUG server.RaftServer$Division (RaftServerImpl.java:logAppendEntries(1430)) - s6@group-6E994AD85659: receive appendEntries(s1, 1, (t:1, i:215), 215, true, commits:[s1:c215, s10:c213, s0:c213, s3:c213, s4:c212, s11:c213, s5:c211, s6:c213, s13:c211, s7:c213, s12:c213, s8:c211, s9:c213, s14:c211, s2:c213], cId:8727, entries: [(t:1, i:216), METADATAENTRY(c:215)]
2023-03-17 00:26:27,233 DEBUG server.RaftServer$Division (RaftServerImpl.java:logAppendEntries(1430)) - s7@group-6E994AD85659: receive appendEntries(s1, 1, (t:1, i:215), 215, true, commits:[s1:c215, s10:c213, s0:c213, s3:c213, s4:c212, s11:c213, s5:c211, s6:c213, s13:c211, s7:c213, s12:c213, s8:c211, s9:c213, s14:c211, s2:c213], cId:8724, entries: [(t:1, i:216), METADATAENTRY(c:215)]
2023-03-17 00:26:27,234 DEBUG server.RaftServer$Division (RaftServerImpl.java:logAppendEntries(1430)) - s11@group-6E994AD85659: succeeded to handle AppendEntries. Reply: s1<-s11#8726:OK-t1,SUCCESS,nextIndex=217,followerCommit=215,matchIndex=216
2023-03-17 00:26:27,234 DEBUG server.RaftServer$Division (RaftServerImpl.java:logAppendEntries(1430)) - s6@group-6E994AD85659: succeeded to handle AppendEntries. Reply: s1<-s6#8727:OK-t1,SUCCESS,nextIndex=217,followerCommit=215,matchIndex=216
2023-03-17 00:26:27,234 DEBUG server.RaftServer$Division (RaftServerImpl.java:logAppendEntries(1430)) - s2@group-6E994AD85659: receive appendEntries(s1, 1, (t:1, i:215), 215, true, commits:[s1:c215, s10:c213, s0:c213, s3:c213, s4:c212, s11:c213, s5:c211, s6:c213, s13:c211, s7:c211, s12:c213, s8:c211, s9:c213, s14:c211, s2:c213], cId:8723, entries: [(t:1, i:216), METADATAENTRY(c:215)]
2023-03-17 00:26:27,234 DEBUG server.RaftServer$Division (RaftServerImpl.java:logAppendEntries(1430)) - s0@group-6E994AD85659: receive appendEntries(s1, 1, (t:1, i:215), 215, true, commits:[s1:c215, s10:c213, s0:c213, s3:c213, s4:c212, s11:c213, s5:c213, s6:c213, s13:c211, s7:c213, s12:c213, s8:c211, s9:c213, s14:c211, s2:c213], cId:8732, entries: [(t:1, i:216), METADATAENTRY(c:215)]
2023-03-17 00:26:27,235 DEBUG server.RaftServer$Division (RaftServerImpl.java:logAppendEntries(1430)) - s13@group-6E994AD85659: receive appendEntries(s1, 1, (t:1, i:213), 213, true, commits:[s1:c213, s10:c212, s0:c213, s3:c211, s4:c212, s11:c213, s5:c211, s6:c213, s13:c211, s7:c211, s12:c213, s8:c211, s9:c211, s14:c211, s2:c211], cId:8722, entries: [(t:1, i:214), METADATAENTRY(c:213), (t:1, i:215), STATEMACHINELOGENTRY, 8708@client-E8995F8E72F5]
2023-03-17 00:26:27,235 DEBUG server.RaftServer$Division (RaftServerImpl.java:logAppendEntries(1430)) - s9@group-6E994AD85659: receive appendEntries(s1, 1, (t:1, i:215), 215, true, commits:[s1:c215, s10:c213, s0:c213, s3:c213, s4:c212, s11:c213, s5:c213, s6:c213, s13:c211, s7:c213, s12:c213, s8:c211, s9:c213, s14:c211, s2:c213], cId:8730, entries: [(t:1, i:216), METADATAENTRY(c:215)]
2023-03-17 00:26:27,236 DEBUG server.RaftServer$Division (RaftServerImpl.java:logAppendEntries(1430)) - s0@group-6E994AD85659: succeeded to handle AppendEntries. Reply: s1<-s0#8732:OK-t1,SUCCESS,nextIndex=217,followerCommit=215,matchIndex=216
2023-03-17 00:26:27,236 DEBUG server.RaftServer$Division (RaftServerImpl.java:logAppendEntries(1430)) - s2@group-6E994AD85659: succeeded to handle AppendEntries. Reply: s1<-s2#8723:OK-t1,SUCCESS,nextIndex=217,followerCommit=215,matchIndex=216
2023-03-17 00:26:27,236 DEBUG server.RaftServer$Division (RaftServerImpl.java:logAppendEntries(1430)) - s5@group-6E994AD85659: receive appendEntries(s1, 1, (t:1, i:215), 215, true, commits:[s1:c215, s10:c213, s0:c213, s3:c213, s4:c212, s11:c213, s5:c213, s6:c213, s13:c211, s7:c213, s12:c213, s8:c211, s9:c213, s14:c211, s2:c213], cId:8728, entries: [(t:1, i:216), METADATAENTRY(c:215)]
2023-03-17 00:26:27,236 DEBUG server.RaftServer$Division (RaftServerImpl.java:logAppendEntries(1430)) - s9@group-6E994AD85659: succeeded to handle AppendEntries. Reply: s1<-s9#8730:OK-t1,SUCCESS,nextIndex=217,followerCommit=215,matchIndex=216
2023-03-17 00:26:27,234 DEBUG server.RaftServer$Division (RaftServerImpl.java:logAppendEntries(1430)) - s12@group-6E994AD85659: receive appendEntries(s1, 1, (t:1, i:215), 215, true, commits:[s1:c215, s10:c213, s0:c213, s3:c213, s4:c212, s11:c213, s5:c211, s6:c213, s13:c211, s7:c213, s12:c213, s8:c211, s9:c213, s14:c211, s2:c213], cId:8725, entries: [(t:1, i:216), METADATAENTRY(c:215)]
2023-03-17 00:26:27,236 DEBUG server.RaftServer$Division (RaftServerImpl.java:logAppendEntries(1430)) - s3@group-6E994AD85659: receive appendEntries(s1, 1, (t:1, i:215), 215, true, commits:[s1:c215, s10:c213, s0:c213, s3:c213, s4:c212, s11:c213, s5:c213, s6:c213, s13:c211, s7:c213, s12:c213, s8:c211, s9:c213, s14:c211, s2:c213], cId:8731, entries: [(t:1, i:216), METADATAENTRY(c:215)]
2023-03-17 00:26:27,236 DEBUG server.RaftServer$Division (RaftServerImpl.java:logAppendEntries(1430)) - s10@group-6E994AD85659: receive appendEntries(s1, 1, (t:1, i:215), 215, true, commits:[s1:c215, s10:c213, s0:c213, s3:c213, s4:c212, s11:c213, s5:c213, s6:c213, s13:c211, s7:c213, s12:c213, s8:c211, s9:c213, s14:c211, s2:c213], cId:8729, entries: [(t:1, i:216), METADATAENTRY(c:215)]
2023-03-17 00:26:27,235 DEBUG server.RaftServer$Division (RaftServerImpl.java:logAppendEntries(1430)) - s13@group-6E994AD85659: succeeded to handle AppendEntries. Reply: s1<-s13#8722:OK-t1,SUCCESS,nextIndex=216,followerCommit=213,matchIndex=215
2023-03-17 00:26:27,237 DEBUG server.RaftServer$Division (RaftServerImpl.java:logAppendEntries(1430)) - s12@group-6E994AD85659: succeeded to handle AppendEntries. Reply: s1<-s12#8725:OK-t1,SUCCESS,nextIndex=217,followerCommit=215,matchIndex=216
2023-03-17 00:26:27,234 DEBUG server.RaftServer$Division (RaftServerImpl.java:logAppendEntries(1430)) - s7@group-6E994AD85659: succeeded to handle AppendEntries. Reply: s1<-s7#8724:OK-t1,SUCCESS,nextIndex=217,followerCommit=215,matchIndex=216
2023-03-17 00:26:27,237 DEBUG server.RaftServer$Division (RaftServerImpl.java:logAppendEntries(1430)) - s5@group-6E994AD85659: succeeded to handle AppendEntries. Reply: s1<-s5#8728:OK-t1,SUCCESS,nextIndex=217,followerCommit=215,matchIndex=216
2023-03-17 00:26:27,238 DEBUG server.RaftServer$Division (RaftServerImpl.java:logAppendEntries(1430)) - s10@group-6E994AD85659: succeeded to handle AppendEntries. Reply: s1<-s10#8729:OK-t1,SUCCESS,nextIndex=217,followerCommit=215,matchIndex=216
2023-03-17 00:26:27,238 DEBUG server.RaftServer$Division (RaftServerImpl.java:logAppendEntries(1430)) - s3@group-6E994AD85659: succeeded to handle AppendEntries. Reply: s1<-s3#8731:OK-t1,SUCCESS,nextIndex=217,followerCommit=215,matchIndex=216
2023-03-17 00:26:27,238 DEBUG server.RaftServer$Division (RaftServerImpl.java:logAppendEntries(1430)) - s4@group-6E994AD85659: receive appendEntries(s1, 1, (t:1, i:215), 215, true, commits:[s1:c215, s10:c213, s0:c213, s3:c213, s4:c213, s11:c215, s5:c213, s6:c215, s13:c211, s7:c213, s12:c213, s8:c211, s9:c213, s14:c211, s2:c213], cId:8733, entries: [(t:1, i:216), METADATAENTRY(c:215)]
2023-03-17 00:26:27,239 DEBUG server.RaftServer$Division (RaftServerImpl.java:logAppendEntries(1430)) - s4@group-6E994AD85659: succeeded to handle AppendEntries. Reply: s1<-s4#8733:OK-t1,SUCCESS,nextIndex=217,followerCommit=215,matchIndex=216
2023-03-17 00:26:27,239 DEBUG server.RaftServer$Division (RaftServerImpl.java:logAppendEntries(1430)) - s13@group-6E994AD85659: receive appendEntries(s1, 1, (t:1, i:215), 215, true, commits:[s1:c215, s10:c213, s0:c215, s3:c213, s4:c213, s11:c215, s5:c215, s6:c215, s13:c213, s7:c213, s12:c213, s8:c211, s9:c215, s14:c211, s2:c213], cId:8734, entries: [(t:1, i:216), METADATAENTRY(c:215)]
2023-03-17 00:26:27,240 DEBUG server.RaftServer$Division (RaftServerImpl.java:logAppendEntries(1430)) - s13@group-6E994AD85659: succeeded to handle AppendEntries. Reply: s1<-s13#8734:OK-t1,SUCCESS,nextIndex=217,followerCommit=215,matchIndex=216
2023-03-17 00:26:27,241 DEBUG server.RaftServer$Division (RaftServerImpl.java:logAppendEntries(1430)) - s8@group-6E994AD85659: receive appendEntries(s1, 1, (t:1, i:215), 216, true, commits:[s1:c216, s10:c215, s0:c215, s3:c215, s4:c215, s11:c215, s5:c215, s6:c215, s13:c215, s7:c215, s12:c215, s8:c213, s9:c215, s14:c211, s2:c215], cId:8735, entries: [(t:1, i:216), METADATAENTRY(c:215)]
2023-03-17 00:26:27,241 DEBUG server.RaftServer$Division (RaftServerImpl.java:submitClientRequestAsync(835)) - s1@group-6E994AD85659: receive client request(RaftClientRequest:client-E8995F8E72F5->s1@group-6E994AD85659, cid=8736, seq=0, RW, Message:01016200)
2023-03-17 00:26:27,242 DEBUG server.RaftServer$Division (RaftServerImpl.java:logAppendEntries(1430)) - s8@group-6E994AD85659: succeeded to handle AppendEntries. Reply: s1<-s8#8735:OK-t1,SUCCESS,nextIndex=217,followerCommit=216,matchIndex=216
2023-03-17 00:26:27,242 DEBUG server.RaftServer$Division (LeaderStateImpl.java:addPendingRequest(474)) - s1@group-6E994AD85659-LeaderStateImpl: addPendingRequest at RaftClientRequest:client-E8995F8E72F5->s1@group-6E994AD85659, cid=8736, seq=0, RW, Message:01016200, entry=(t:1, i:217), STATEMACHINELOGENTRY, 8736@client-E8995F8E72F5
2023-03-17 00:26:27,243 DEBUG server.RaftServer$Division (RaftServerImpl.java:logAppendEntries(1430)) - s14@group-6E994AD85659: succeeded to handle AppendEntries. Reply: s1<-s14#8712:OK-t1,SUCCESS,nextIndex=216,followerCommit=213,matchIndex=215
2023-03-17 00:26:27,244 DEBUG server.RaftServer$Division (RaftServerImpl.java:logAppendEntries(1430)) - s10@group-6E994AD85659: receive appendEntries(s1, 1, (t:1, i:216), 216, true, commits:[s1:c216, s10:c215, s0:c215, s3:c215, s4:c215, s11:c215, s5:c215, s6:c215, s13:c215, s7:c215, s12:c215, s8:c216, s9:c215, s14:c211, s2:c215], cId:8737, entries: [(t:1, i:217), STATEMACHINELOGENTRY, 8736@client-E8995F8E72F5]
2023-03-17 00:26:27,244 DEBUG server.RaftServer$Division (RaftServerImpl.java:logAppendEntries(1430)) - s0@group-6E994AD85659: receive appendEntries(s1, 1, (t:1, i:216), 216, true, commits:[s1:c216, s10:c215, s0:c215, s3:c215, s4:c215, s11:c215, s5:c215, s6:c215, s13:c215, s7:c215, s12:c215, s8:c216, s9:c215, s14:c211, s2:c215], cId:8738, entries: [(t:1, i:217), STATEMACHINELOGENTRY, 8736@client-E8995F8E72F5]
2023-03-17 00:26:27,244 DEBUG server.RaftServer$Division (RaftServerImpl.java:logAppendEntries(1430)) - s0@group-6E994AD85659: succeeded to handle AppendEntries. Reply: s1<-s0#8738:OK-t1,SUCCESS,nextIndex=218,followerCommit=216,matchIndex=217
2023-03-17 00:26:27,244 DEBUG server.RaftServer$Division (RaftServerImpl.java:logAppendEntries(1430)) - s11@group-6E994AD85659: receive appendEntries(s1, 1, (t:1, i:216), 216, true, commits:[s1:c216, s10:c215, s0:c215, s3:c215, s4:c215, s11:c215, s5:c215, s6:c215, s13:c215, s7:c215, s12:c215, s8:c216, s9:c215, s14:c211, s2:c215], cId:8741, entries: [(t:1, i:217), STATEMACHINELOGENTRY, 8736@client-E8995F8E72F5]
2023-03-17 00:26:27,245 DEBUG server.RaftServer$Division (RaftServerImpl.java:logAppendEntries(1430)) - s6@group-6E994AD85659: receive appendEntries(s1, 1, (t:1, i:216), 216, true, commits:[s1:c216, s10:c215, s0:c215, s3:c215, s4:c215, s11:c215, s5:c215, s6:c215, s13:c215, s7:c215, s12:c215, s8:c216, s9:c215, s14:c211, s2:c215], cId:8743, entries: [(t:1, i:217), STATEMACHINELOGENTRY, 8736@client-E8995F8E72F5]
2023-03-17 00:26:27,245 DEBUG server.RaftServer$Division (RaftServerImpl.java:logAppendEntries(1430)) - s9@group-6E994AD85659: receive appendEntries(s1, 1, (t:1, i:216), 216, true, commits:[s1:c216, s10:c215, s0:c215, s3:c215, s4:c215, s11:c215, s5:c215, s6:c215, s13:c215, s7:c215, s12:c215, s8:c216, s9:c215, s14:c211, s2:c215], cId:8747, entries: [(t:1, i:217), STATEMACHINELOGENTRY, 8736@client-E8995F8E72F5]
2023-03-17 00:26:27,245 DEBUG server.RaftServer$Division (RaftServerImpl.java:logAppendEntries(1430)) - s11@group-6E994AD85659: succeeded to handle AppendEntries. Reply: s1<-s11#8741:OK-t1,SUCCESS,nextIndex=218,followerCommit=216,matchIndex=217
2023-03-17 00:26:27,246 DEBUG server.RaftServer$Division (RaftServerImpl.java:logAppendEntries(1430)) - s3@group-6E994AD85659: receive appendEntries(s1, 1, (t:1, i:216), 216, true, commits:[s1:c216, s10:c215, s0:c215, s3:c215, s4:c215, s11:c215, s5:c215, s6:c215, s13:c215, s7:c215, s12:c215, s8:c216, s9:c215, s14:c211, s2:c215], cId:8739, entries: [(t:1, i:217), STATEMACHINELOGENTRY, 8736@client-E8995F8E72F5]
2023-03-17 00:26:27,246 DEBUG server.RaftServer$Division (RaftServerImpl.java:logAppendEntries(1430)) - s9@group-6E994AD85659: succeeded to handle AppendEntries. Reply: s1<-s9#8747:OK-t1,SUCCESS,nextIndex=218,followerCommit=216,matchIndex=217
2023-03-17 00:26:27,246 DEBUG server.RaftServer$Division (RaftServerImpl.java:logAppendEntries(1430)) - s10@group-6E994AD85659: succeeded to handle AppendEntries. Reply: s1<-s10#8737:OK-t1,SUCCESS,nextIndex=218,followerCommit=216,matchIndex=217
2023-03-17 00:26:27,246 DEBUG server.RaftServer$Division (RaftServerImpl.java:logAppendEntries(1430)) - s12@group-6E994AD85659: receive appendEntries(s1, 1, (t:1, i:216), 216, true, commits:[s1:c216, s10:c215, s0:c215, s3:c215, s4:c215, s11:c215, s5:c215, s6:c215, s13:c215, s7:c215, s12:c215, s8:c216, s9:c215, s14:c211, s2:c215], cId:8746, entries: [(t:1, i:217), STATEMACHINELOGENTRY, 8736@client-E8995F8E72F5]
2023-03-17 00:26:27,246 DEBUG server.RaftServer$Division (RaftServerImpl.java:logAppendEntries(1430)) - s6@group-6E994AD85659: succeeded to handle AppendEntries. Reply: s1<-s6#8743:OK-t1,SUCCESS,nextIndex=218,followerCommit=216,matchIndex=217
2023-03-17 00:26:27,246 DEBUG server.RaftServer$Division (RaftServerImpl.java:logAppendEntries(1430)) - s12@group-6E994AD85659: succeeded to handle AppendEntries. Reply: s1<-s12#8746:OK-t1,SUCCESS,nextIndex=218,followerCommit=216,matchIndex=217
2023-03-17 00:26:27,247 DEBUG server.RaftServer$Division (RaftServerImpl.java:logAppendEntries(1430)) - s3@group-6E994AD85659: succeeded to handle AppendEntries. Reply: s1<-s3#8739:OK-t1,SUCCESS,nextIndex=218,followerCommit=216,matchIndex=217
2023-03-17 00:26:27,247 DEBUG server.RaftServer$Division (RaftServerImpl.java:logAppendEntries(1430)) - s13@group-6E994AD85659: receive appendEntries(s1, 1, (t:1, i:216), 216, true, commits:[s1:c216, s10:c215, s0:c215, s3:c215, s4:c215, s11:c215, s5:c215, s6:c215, s13:c215, s7:c215, s12:c215, s8:c216, s9:c215, s14:c211, s2:c215], cId:8744, entries: [(t:1, i:217), STATEMACHINELOGENTRY, 8736@client-E8995F8E72F5]
2023-03-17 00:26:27,247 DEBUG server.RaftServer$Division (RaftServerImpl.java:logAppendEntries(1430)) - s13@group-6E994AD85659: succeeded to handle AppendEntries. Reply: s1<-s13#8744:OK-t1,SUCCESS,nextIndex=218,followerCommit=216,matchIndex=217
2023-03-17 00:26:27,248 DEBUG server.RaftServer$Division (RaftServerImpl.java:logAppendEntries(1430)) - s7@group-6E994AD85659: receive appendEntries(s1, 1, (t:1, i:216), 216, true, commits:[s1:c216, s10:c215, s0:c215, s3:c215, s4:c215, s11:c215, s5:c215, s6:c215, s13:c215, s7:c215, s12:c215, s8:c216, s9:c215, s14:c211, s2:c215], cId:8745, entries: [(t:1, i:217), STATEMACHINELOGENTRY, 8736@client-E8995F8E72F5]
2023-03-17 00:26:27,248 DEBUG server.RaftServer$Division (RaftServerImpl.java:logAppendEntries(1430)) - s5@group-6E994AD85659: receive appendEntries(s1, 1, (t:1, i:216), 216, true, commits:[s1:c216, s10:c215, s0:c215, s3:c215, s4:c215, s11:c215, s5:c215, s6:c215, s13:c215, s7:c215, s12:c215, s8:c216, s9:c215, s14:c211, s2:c215], cId:8742, entries: [(t:1, i:217), STATEMACHINELOGENTRY, 8736@client-E8995F8E72F5]
2023-03-17 00:26:27,249 DEBUG server.RaftServer$Division (RaftServerImpl.java:logAppendEntries(1430)) - s2@group-6E994AD85659: receive appendEntries(s1, 1, (t:1, i:216), 216, true, commits:[s1:c216, s10:c215, s0:c215, s3:c215, s4:c215, s11:c215, s5:c215, s6:c215, s13:c215, s7:c215, s12:c215, s8:c216, s9:c215, s14:c211, s2:c215], cId:8748, entries: [(t:1, i:217), STATEMACHINELOGENTRY, 8736@client-E8995F8E72F5]
2023-03-17 00:26:27,249 DEBUG server.RaftServer$Division (RaftServerImpl.java:logAppendEntries(1430)) - s4@group-6E994AD85659: receive appendEntries(s1, 1, (t:1, i:216), 216, true, commits:[s1:c216, s10:c215, s0:c215, s3:c215, s4:c215, s11:c215, s5:c215, s6:c215, s13:c215, s7:c215, s12:c215, s8:c216, s9:c215, s14:c211, s2:c215], cId:8740, entries: [(t:1, i:217), STATEMACHINELOGENTRY, 8736@client-E8995F8E72F5]
2023-03-17 00:26:27,249 DEBUG server.RaftServer$Division (RaftServerImpl.java:logAppendEntries(1430)) - s5@group-6E994AD85659: succeeded to handle AppendEntries. Reply: s1<-s5#8742:OK-t1,SUCCESS,nextIndex=218,followerCommit=216,matchIndex=217
2023-03-17 00:26:27,248 DEBUG server.RaftServer$Division (RaftServerImpl.java:logAppendEntries(1430)) - s7@group-6E994AD85659: succeeded to handle AppendEntries. Reply: s1<-s7#8745:OK-t1,SUCCESS,nextIndex=218,followerCommit=216,matchIndex=217
2023-03-17 00:26:27,249 INFO  statemachine.StateMachine (ArithmeticStateMachine.java:applyTransaction(182)) - LEADER:s1-217: b = null = null
2023-03-17 00:26:27,249 DEBUG server.RaftServer$Division (RaftServerImpl.java:logAppendEntries(1430)) - s2@group-6E994AD85659: succeeded to handle AppendEntries. Reply: s1<-s2#8748:OK-t1,SUCCESS,nextIndex=218,followerCommit=216,matchIndex=217
2023-03-17 00:26:27,249 DEBUG server.RaftServer$Division (RaftServerImpl.java:logAppendEntries(1430)) - s4@group-6E994AD85659: succeeded to handle AppendEntries. Reply: s1<-s4#8740:OK-t1,SUCCESS,nextIndex=218,followerCommit=216,matchIndex=217
2023-03-17 00:26:27,250 DEBUG server.RaftServer$Division (RaftServerImpl.java:logAppendEntries(1430)) - s9@group-6E994AD85659: receive appendEntries(s1, 1, (t:1, i:217), 217, true, commits:[s1:c217, s10:c216, s0:c216, s3:c216, s4:c215, s11:c216, s5:c215, s6:c216, s13:c215, s7:c215, s12:c216, s8:c216, s9:c216, s14:c213, s2:c215], cId:8751, entries: [(t:1, i:218), METADATAENTRY(c:217)]
2023-03-17 00:26:27,250 DEBUG server.RaftServer$Division (RaftServerImpl.java:logAppendEntries(1430)) - s6@group-6E994AD85659: receive appendEntries(s1, 1, (t:1, i:217), 217, true, commits:[s1:c217, s10:c216, s0:c216, s3:c216, s4:c215, s11:c216, s5:c215, s6:c216, s13:c215, s7:c215, s12:c216, s8:c216, s9:c216, s14:c213, s2:c215], cId:8755, entries: [(t:1, i:218), METADATAENTRY(c:217)]
2023-03-17 00:26:27,250 DEBUG server.RaftServer$Division (RaftServerImpl.java:logAppendEntries(1430)) - s3@group-6E994AD85659: receive appendEntries(s1, 1, (t:1, i:217), 217, true, commits:[s1:c217, s10:c216, s0:c216, s3:c216, s4:c215, s11:c216, s5:c215, s6:c216, s13:c215, s7:c215, s12:c216, s8:c216, s9:c216, s14:c213, s2:c215], cId:8753, entries: [(t:1, i:218), METADATAENTRY(c:217)]
2023-03-17 00:26:27,251 DEBUG server.RaftServer$Division (RaftServerImpl.java:logAppendEntries(1430)) - s9@group-6E994AD85659: succeeded to handle AppendEntries. Reply: s1<-s9#8751:OK-t1,SUCCESS,nextIndex=219,followerCommit=217,matchIndex=218
2023-03-17 00:26:27,251 DEBUG server.RaftServer$Division (RaftServerImpl.java:logAppendEntries(1430)) - s12@group-6E994AD85659: receive appendEntries(s1, 1, (t:1, i:217), 217, true, commits:[s1:c217, s10:c216, s0:c216, s3:c216, s4:c215, s11:c216, s5:c215, s6:c216, s13:c215, s7:c215, s12:c216, s8:c216, s9:c216, s14:c213, s2:c215], cId:8754, entries: [(t:1, i:218), METADATAENTRY(c:217)]
2023-03-17 00:26:27,251 DEBUG server.RaftServer$Division (RaftServerImpl.java:logAppendEntries(1430)) - s14@group-6E994AD85659: receive appendEntries(s1, 1, (t:1, i:215), 216, true, commits:[s1:c216, s10:c215, s0:c216, s3:c216, s4:c215, s11:c216, s5:c215, s6:c216, s13:c215, s7:c215, s12:c215, s8:c216, s9:c215, s14:c213, s2:c215], cId:8750, entries: [(t:1, i:216), METADATAENTRY(c:215), (t:1, i:217), STATEMACHINELOGENTRY, 8736@client-E8995F8E72F5]
2023-03-17 00:26:27,251 DEBUG server.RaftServer$Division (RaftServerImpl.java:logAppendEntries(1430)) - s6@group-6E994AD85659: succeeded to handle AppendEntries. Reply: s1<-s6#8755:OK-t1,SUCCESS,nextIndex=219,followerCommit=217,matchIndex=218
2023-03-17 00:26:27,251 DEBUG server.RaftServer$Division (RaftServerImpl.java:logAppendEntries(1430)) - s12@group-6E994AD85659: succeeded to handle AppendEntries. Reply: s1<-s12#8754:OK-t1,SUCCESS,nextIndex=219,followerCommit=217,matchIndex=218
2023-03-17 00:26:27,251 DEBUG server.RaftServer$Division (RaftServerImpl.java:logAppendEntries(1430)) - s3@group-6E994AD85659: succeeded to handle AppendEntries. Reply: s1<-s3#8753:OK-t1,SUCCESS,nextIndex=219,followerCommit=217,matchIndex=218
2023-03-17 00:26:27,252 DEBUG server.RaftServer$Division (RaftServerImpl.java:logAppendEntries(1430)) - s10@group-6E994AD85659: receive appendEntries(s1, 1, (t:1, i:217), 217, true, commits:[s1:c217, s10:c216, s0:c216, s3:c216, s4:c215, s11:c216, s5:c215, s6:c216, s13:c215, s7:c215, s12:c216, s8:c216, s9:c216, s14:c213, s2:c215], cId:8757, entries: [(t:1, i:218), METADATAENTRY(c:217)]
2023-03-17 00:26:27,253 DEBUG server.RaftServer$Division (RaftServerImpl.java:logAppendEntries(1430)) - s14@group-6E994AD85659: succeeded to handle AppendEntries. Reply: s1<-s14#8750:OK-t1,SUCCESS,nextIndex=218,followerCommit=216,matchIndex=217
2023-03-17 00:26:27,253 DEBUG server.RaftServer$Division (RaftServerImpl.java:logAppendEntries(1430)) - s11@group-6E994AD85659: receive appendEntries(s1, 1, (t:1, i:217), 217, true, commits:[s1:c217, s10:c216, s0:c216, s3:c216, s4:c215, s11:c216, s5:c215, s6:c216, s13:c215, s7:c215, s12:c216, s8:c216, s9:c216, s14:c213, s2:c215], cId:8752, entries: [(t:1, i:218), METADATAENTRY(c:217)]
2023-03-17 00:26:27,253 DEBUG server.RaftServer$Division (RaftServerImpl.java:logAppendEntries(1430)) - s0@group-6E994AD85659: receive appendEntries(s1, 1, (t:1, i:217), 217, true, commits:[s1:c217, s10:c216, s0:c216, s3:c216, s4:c215, s11:c216, s5:c215, s6:c216, s13:c215, s7:c215, s12:c216, s8:c216, s9:c216, s14:c213, s2:c215], cId:8756, entries: [(t:1, i:218), METADATAENTRY(c:217)]
2023-03-17 00:26:27,253 DEBUG server.RaftServer$Division (RaftServerImpl.java:logAppendEntries(1430)) - s11@group-6E994AD85659: succeeded to handle AppendEntries. Reply: s1<-s11#8752:OK-t1,SUCCESS,nextIndex=219,followerCommit=217,matchIndex=218
2023-03-17 00:26:27,253 DEBUG server.RaftServer$Division (RaftServerImpl.java:logAppendEntries(1430)) - s5@group-6E994AD85659: receive appendEntries(s1, 1, (t:1, i:217), 217, true, commits:[s1:c217, s10:c216, s0:c216, s3:c216, s4:c215, s11:c216, s5:c216, s6:c217, s13:c215, s7:c215, s12:c216, s8:c216, s9:c217, s14:c213, s2:c216], cId:8759, entries: [(t:1, i:218), METADATAENTRY(c:217)]
2023-03-17 00:26:27,253 DEBUG server.RaftServer$Division (RaftServerImpl.java:logAppendEntries(1430)) - s7@group-6E994AD85659: receive appendEntries(s1, 1, (t:1, i:217), 217, true, commits:[s1:c217, s10:c216, s0:c216, s3:c216, s4:c215, s11:c216, s5:c216, s6:c217, s13:c215, s7:c216, s12:c216, s8:c216, s9:c217, s14:c213, s2:c216], cId:8760, entries: [(t:1, i:218), METADATAENTRY(c:217)]
2023-03-17 00:26:27,254 DEBUG server.RaftServer$Division (RaftServerImpl.java:logAppendEntries(1430)) - s0@group-6E994AD85659: succeeded to handle AppendEntries. Reply: s1<-s0#8756:OK-t1,SUCCESS,nextIndex=219,followerCommit=217,matchIndex=218
2023-03-17 00:26:27,253 DEBUG server.RaftServer$Division (RaftServerImpl.java:logAppendEntries(1430)) - s10@group-6E994AD85659: succeeded to handle AppendEntries. Reply: s1<-s10#8757:OK-t1,SUCCESS,nextIndex=219,followerCommit=217,matchIndex=218
2023-03-17 00:26:27,254 DEBUG server.RaftServer$Division (RaftServerImpl.java:logAppendEntries(1430)) - s2@group-6E994AD85659: receive appendEntries(s1, 1, (t:1, i:217), 217, true, commits:[s1:c217, s10:c216, s0:c216, s3:c216, s4:c215, s11:c216, s5:c215, s6:c217, s13:c215, s7:c215, s12:c216, s8:c216, s9:c217, s14:c213, s2:c216], cId:8758, entries: [(t:1, i:218), METADATAENTRY(c:217)]
2023-03-17 00:26:27,254 DEBUG server.RaftServer$Division (RaftServerImpl.java:logAppendEntries(1430)) - s5@group-6E994AD85659: succeeded to handle AppendEntries. Reply: s1<-s5#8759:OK-t1,SUCCESS,nextIndex=219,followerCommit=217,matchIndex=218
2023-03-17 00:26:27,254 DEBUG server.RaftServer$Division (RaftServerImpl.java:logAppendEntries(1430)) - s7@group-6E994AD85659: succeeded to handle AppendEntries. Reply: s1<-s7#8760:OK-t1,SUCCESS,nextIndex=219,followerCommit=217,matchIndex=218
2023-03-17 00:26:27,254 DEBUG server.RaftServer$Division (RaftServerImpl.java:logAppendEntries(1430)) - s13@group-6E994AD85659: receive appendEntries(s1, 1, (t:1, i:217), 217, true, commits:[s1:c217, s10:c216, s0:c216, s3:c216, s4:c215, s11:c216, s5:c216, s6:c217, s13:c216, s7:c216, s12:c216, s8:c216, s9:c217, s14:c213, s2:c216], cId:8761, entries: [(t:1, i:218), METADATAENTRY(c:217)]
2023-03-17 00:26:27,255 DEBUG server.RaftServer$Division (RaftServerImpl.java:logAppendEntries(1430)) - s2@group-6E994AD85659: succeeded to handle AppendEntries. Reply: s1<-s2#8758:OK-t1,SUCCESS,nextIndex=219,followerCommit=217,matchIndex=218
2023-03-17 00:26:27,255 DEBUG server.RaftServer$Division (RaftServerImpl.java:logAppendEntries(1430)) - s13@group-6E994AD85659: succeeded to handle AppendEntries. Reply: s1<-s13#8761:OK-t1,SUCCESS,nextIndex=219,followerCommit=217,matchIndex=218
2023-03-17 00:26:27,255 DEBUG server.RaftServer$Division (RaftServerImpl.java:logAppendEntries(1430)) - s4@group-6E994AD85659: receive appendEntries(s1, 1, (t:1, i:217), 217, true, commits:[s1:c217, s10:c216, s0:c216, s3:c216, s4:c216, s11:c216, s5:c216, s6:c217, s13:c216, s7:c216, s12:c216, s8:c216, s9:c217, s14:c213, s2:c216], cId:8762, entries: [(t:1, i:218), METADATAENTRY(c:217)]
2023-03-17 00:26:27,256 DEBUG server.RaftServer$Division (RaftServerImpl.java:logAppendEntries(1430)) - s4@group-6E994AD85659: succeeded to handle AppendEntries. Reply: s1<-s4#8762:OK-t1,SUCCESS,nextIndex=219,followerCommit=217,matchIndex=218
2023-03-17 00:26:27,256 DEBUG server.RaftServer$Division (RaftServerImpl.java:logAppendEntries(1430)) - s14@group-6E994AD85659: receive appendEntries(s1, 1, (t:1, i:217), 217, true, commits:[s1:c217, s10:c217, s0:c217, s3:c216, s4:c216, s11:c217, s5:c217, s6:c217, s13:c216, s7:c217, s12:c217, s8:c216, s9:c217, s14:c216, s2:c217], cId:8763, entries: [(t:1, i:218), METADATAENTRY(c:217)]
2023-03-17 00:26:27,256 DEBUG server.RaftServer$Division (RaftServerImpl.java:logAppendEntries(1430)) - s8@group-6E994AD85659: receive appendEntries(s1, 1, (t:1, i:216), 216, true, commits:[s1:c216, s10:c215, s0:c215, s3:c215, s4:c215, s11:c215, s5:c215, s6:c215, s13:c215, s7:c215, s12:c215, s8:c216, s9:c215, s14:c211, s2:c215], cId:8749, entries: [(t:1, i:217), STATEMACHINELOGENTRY, 8736@client-E8995F8E72F5]
2023-03-17 00:26:27,257 DEBUG server.RaftServer$Division (RaftServerImpl.java:logAppendEntries(1430)) - s8@group-6E994AD85659: succeeded to handle AppendEntries. Reply: s1<-s8#8749:OK-t1,SUCCESS,nextIndex=218,followerCommit=216,matchIndex=217
2023-03-17 00:26:27,257 DEBUG server.RaftServer$Division (RaftServerImpl.java:logAppendEntries(1430)) - s14@group-6E994AD85659: succeeded to handle AppendEntries. Reply: s1<-s14#8763:OK-t1,SUCCESS,nextIndex=219,followerCommit=217,matchIndex=218
2023-03-17 00:26:27,258 DEBUG server.RaftServer$Division (RaftServerImpl.java:logAppendEntries(1430)) - s8@group-6E994AD85659: receive appendEntries(s1, 1, (t:1, i:217), 218, true, commits:[s1:c218, s10:c217, s0:c217, s3:c217, s4:c217, s11:c217, s5:c217, s6:c217, s13:c217, s7:c217, s12:c217, s8:c216, s9:c217, s14:c216, s2:c217], cId:8764, entries: [(t:1, i:218), METADATAENTRY(c:217)]
2023-03-17 00:26:27,258 DEBUG server.RaftServer$Division (RaftServerImpl.java:submitClientRequestAsync(835)) - s1@group-6E994AD85659: receive client request(RaftClientRequest:client-E8995F8E72F5->s1@group-6E994AD85659, cid=8765, seq=0, RW, Message:01016300)
2023-03-17 00:26:27,259 DEBUG server.RaftServer$Division (LeaderStateImpl.java:addPendingRequest(474)) - s1@group-6E994AD85659-LeaderStateImpl: addPendingRequest at RaftClientRequest:client-E8995F8E72F5->s1@group-6E994AD85659, cid=8765, seq=0, RW, Message:01016300, entry=(t:1, i:219), STATEMACHINELOGENTRY, 8765@client-E8995F8E72F5
2023-03-17 00:26:27,259 DEBUG server.RaftServer$Division (RaftServerImpl.java:logAppendEntries(1430)) - s8@group-6E994AD85659: succeeded to handle AppendEntries. Reply: s1<-s8#8764:OK-t1,SUCCESS,nextIndex=219,followerCommit=218,matchIndex=218
2023-03-17 00:26:27,259 DEBUG server.RaftServer$Division (RaftServerImpl.java:logAppendEntries(1430)) - s10@group-6E994AD85659: receive appendEntries(s1, 1, (t:1, i:218), 218, true, commits:[s1:c218, s10:c217, s0:c217, s3:c217, s4:c217, s11:c217, s5:c217, s6:c217, s13:c217, s7:c217, s12:c217, s8:c216, s9:c217, s14:c217, s2:c217], cId:8766, entries: [(t:1, i:219), STATEMACHINELOGENTRY, 8765@client-E8995F8E72F5]
2023-03-17 00:26:27,260 DEBUG server.RaftServer$Division (RaftServerImpl.java:logAppendEntries(1430)) - s6@group-6E994AD85659: receive appendEntries(s1, 1, (t:1, i:218), 218, true, commits:[s1:c218, s10:c217, s0:c217, s3:c217, s4:c217, s11:c217, s5:c217, s6:c217, s13:c217, s7:c217, s12:c217, s8:c218, s9:c217, s14:c217, s2:c217], cId:8773, entries: [(t:1, i:219), STATEMACHINELOGENTRY, 8765@client-E8995F8E72F5]
2023-03-17 00:26:27,260 DEBUG server.RaftServer$Division (RaftServerImpl.java:logAppendEntries(1430)) - s5@group-6E994AD85659: receive appendEntries(s1, 1, (t:1, i:218), 218, true, commits:[s1:c218, s10:c217, s0:c217, s3:c217, s4:c217, s11:c217, s5:c217, s6:c217, s13:c217, s7:c217, s12:c217, s8:c216, s9:c217, s14:c217, s2:c217], cId:8767, entries: [(t:1, i:219), STATEMACHINELOGENTRY, 8765@client-E8995F8E72F5]
2023-03-17 00:26:27,261 DEBUG server.RaftServer$Division (RaftServerImpl.java:logAppendEntries(1430)) - s0@group-6E994AD85659: receive appendEntries(s1, 1, (t:1, i:218), 218, true, commits:[s1:c218, s10:c217, s0:c217, s3:c217, s4:c217, s11:c217, s5:c217, s6:c217, s13:c217, s7:c217, s12:c217, s8:c218, s9:c217, s14:c217, s2:c217], cId:8769, entries: [(t:1, i:219), STATEMACHINELOGENTRY, 8765@client-E8995F8E72F5]
2023-03-17 00:26:27,261 DEBUG server.RaftServer$Division (RaftServerImpl.java:logAppendEntries(1430)) - s10@group-6E994AD85659: succeeded to handle AppendEntries. Reply: s1<-s10#8766:OK-t1,SUCCESS,nextIndex=220,followerCommit=218,matchIndex=219
2023-03-17 00:26:27,261 DEBUG server.RaftServer$Division (RaftServerImpl.java:logAppendEntries(1430)) - s6@group-6E994AD85659: succeeded to handle AppendEntries. Reply: s1<-s6#8773:OK-t1,SUCCESS,nextIndex=220,followerCommit=218,matchIndex=219
2023-03-17 00:26:27,261 DEBUG server.RaftServer$Division (RaftServerImpl.java:logAppendEntries(1430)) - s9@group-6E994AD85659: receive appendEntries(s1, 1, (t:1, i:218), 218, true, commits:[s1:c218, s10:c217, s0:c217, s3:c217, s4:c217, s11:c217, s5:c217, s6:c217, s13:c217, s7:c217, s12:c217, s8:c218, s9:c217, s14:c217, s2:c217], cId:8777, entries: [(t:1, i:219), STATEMACHINELOGENTRY, 8765@client-E8995F8E72F5]
2023-03-17 00:26:27,261 DEBUG server.RaftServer$Division (RaftServerImpl.java:logAppendEntries(1430)) - s13@group-6E994AD85659: receive appendEntries(s1, 1, (t:1, i:218), 218, true, commits:[s1:c218, s10:c217, s0:c217, s3:c217, s4:c217, s11:c217, s5:c217, s6:c217, s13:c217, s7:c217, s12:c217, s8:c218, s9:c217, s14:c217, s2:c217], cId:8774, entries: [(t:1, i:219), STATEMACHINELOGENTRY, 8765@client-E8995F8E72F5]
2023-03-17 00:26:27,261 DEBUG server.RaftServer$Division (RaftServerImpl.java:logAppendEntries(1430)) - s12@group-6E994AD85659: receive appendEntries(s1, 1, (t:1, i:218), 218, true, commits:[s1:c218, s10:c217, s0:c217, s3:c217, s4:c217, s11:c217, s5:c217, s6:c217, s13:c217, s7:c217, s12:c217, s8:c218, s9:c217, s14:c217, s2:c217], cId:8776, entries: [(t:1, i:219), STATEMACHINELOGENTRY, 8765@client-E8995F8E72F5]
2023-03-17 00:26:27,262 DEBUG server.RaftServer$Division (RaftServerImpl.java:logAppendEntries(1430)) - s0@group-6E994AD85659: succeeded to handle AppendEntries. Reply: s1<-s0#8769:OK-t1,SUCCESS,nextIndex=220,followerCommit=218,matchIndex=219
2023-03-17 00:26:27,262 DEBUG server.RaftServer$Division (RaftServerImpl.java:logAppendEntries(1430)) - s9@group-6E994AD85659: succeeded to handle AppendEntries. Reply: s1<-s9#8777:OK-t1,SUCCESS,nextIndex=220,followerCommit=218,matchIndex=219
2023-03-17 00:26:27,262 DEBUG server.RaftServer$Division (RaftServerImpl.java:logAppendEntries(1430)) - s13@group-6E994AD85659: succeeded to handle AppendEntries. Reply: s1<-s13#8774:OK-t1,SUCCESS,nextIndex=220,followerCommit=218,matchIndex=219
2023-03-17 00:26:27,262 DEBUG server.RaftServer$Division (RaftServerImpl.java:logAppendEntries(1430)) - s4@group-6E994AD85659: receive appendEntries(s1, 1, (t:1, i:218), 218, true, commits:[s1:c218, s10:c217, s0:c217, s3:c217, s4:c217, s11:c217, s5:c217, s6:c217, s13:c217, s7:c217, s12:c217, s8:c218, s9:c217, s14:c217, s2:c217], cId:8771, entries: [(t:1, i:219), STATEMACHINELOGENTRY, 8765@client-E8995F8E72F5]
2023-03-17 00:26:27,262 DEBUG server.RaftServer$Division (RaftServerImpl.java:logAppendEntries(1430)) - s5@group-6E994AD85659: succeeded to handle AppendEntries. Reply: s1<-s5#8767:OK-t1,SUCCESS,nextIndex=220,followerCommit=218,matchIndex=219
2023-03-17 00:26:27,263 DEBUG server.RaftServer$Division (RaftServerImpl.java:logAppendEntries(1430)) - s12@group-6E994AD85659: succeeded to handle AppendEntries. Reply: s1<-s12#8776:OK-t1,SUCCESS,nextIndex=220,followerCommit=218,matchIndex=219
2023-03-17 00:26:27,263 DEBUG server.RaftServer$Division (RaftServerImpl.java:logAppendEntries(1430)) - s7@group-6E994AD85659: receive appendEntries(s1, 1, (t:1, i:218), 218, true, commits:[s1:c218, s10:c217, s0:c217, s3:c217, s4:c217, s11:c217, s5:c217, s6:c217, s13:c217, s7:c217, s12:c217, s8:c218, s9:c217, s14:c217, s2:c217], cId:8775, entries: [(t:1, i:219), STATEMACHINELOGENTRY, 8765@client-E8995F8E72F5]
2023-03-17 00:26:27,263 DEBUG server.RaftServer$Division (RaftServerImpl.java:logAppendEntries(1430)) - s14@group-6E994AD85659: receive appendEntries(s1, 1, (t:1, i:218), 218, true, commits:[s1:c218, s10:c217, s0:c217, s3:c217, s4:c217, s11:c217, s5:c217, s6:c217, s13:c217, s7:c217, s12:c217, s8:c218, s9:c217, s14:c217, s2:c217], cId:8778, entries: [(t:1, i:219), STATEMACHINELOGENTRY, 8765@client-E8995F8E72F5]
2023-03-17 00:26:27,263 DEBUG server.RaftServer$Division (RaftServerImpl.java:logAppendEntries(1430)) - s4@group-6E994AD85659: succeeded to handle AppendEntries. Reply: s1<-s4#8771:OK-t1,SUCCESS,nextIndex=220,followerCommit=218,matchIndex=219
2023-03-17 00:26:27,264 DEBUG server.RaftServer$Division (RaftServerImpl.java:logAppendEntries(1430)) - s11@group-6E994AD85659: receive appendEntries(s1, 1, (t:1, i:218), 218, true, commits:[s1:c218, s10:c217, s0:c217, s3:c217, s4:c217, s11:c217, s5:c217, s6:c217, s13:c217, s7:c217, s12:c217, s8:c218, s9:c217, s14:c217, s2:c217], cId:8772, entries: [(t:1, i:219), STATEMACHINELOGENTRY, 8765@client-E8995F8E72F5]
2023-03-17 00:26:27,264 DEBUG server.RaftServer$Division (RaftServerImpl.java:logAppendEntries(1430)) - s14@group-6E994AD85659: succeeded to handle AppendEntries. Reply: s1<-s14#8778:OK-t1,SUCCESS,nextIndex=220,followerCommit=218,matchIndex=219
2023-03-17 00:26:27,264 DEBUG server.RaftServer$Division (RaftServerImpl.java:logAppendEntries(1430)) - s7@group-6E994AD85659: succeeded to handle AppendEntries. Reply: s1<-s7#8775:OK-t1,SUCCESS,nextIndex=220,followerCommit=218,matchIndex=219
2023-03-17 00:26:27,264 DEBUG server.RaftServer$Division (RaftServerImpl.java:logAppendEntries(1430)) - s11@group-6E994AD85659: succeeded to handle AppendEntries. Reply: s1<-s11#8772:OK-t1,SUCCESS,nextIndex=220,followerCommit=218,matchIndex=219
2023-03-17 00:26:27,265 DEBUG server.RaftServer$Division (RaftServerImpl.java:logAppendEntries(1430)) - s2@group-6E994AD85659: receive appendEntries(s1, 1, (t:1, i:218), 218, true, commits:[s1:c218, s10:c217, s0:c217, s3:c217, s4:c217, s11:c217, s5:c217, s6:c217, s13:c217, s7:c217, s12:c217, s8:c218, s9:c217, s14:c217, s2:c217], cId:8779, entries: [(t:1, i:219), STATEMACHINELOGENTRY, 8765@client-E8995F8E72F5]
2023-03-17 00:26:27,265 DEBUG server.RaftServer$Division (RaftServerImpl.java:logAppendEntries(1430)) - s8@group-6E994AD85659: receive appendEntries(s1, 1, (t:1, i:218), 218, true, commits:[s1:c218, s10:c217, s0:c217, s3:c217, s4:c217, s11:c217, s5:c217, s6:c217, s13:c217, s7:c217, s12:c217, s8:c218, s9:c217, s14:c217, s2:c217], cId:8768, entries: [(t:1, i:219), STATEMACHINELOGENTRY, 8765@client-E8995F8E72F5]
2023-03-17 00:26:27,265 DEBUG server.RaftServer$Division (RaftServerImpl.java:logAppendEntries(1430)) - s3@group-6E994AD85659: receive appendEntries(s1, 1, (t:1, i:218), 218, true, commits:[s1:c218, s10:c217, s0:c217, s3:c217, s4:c217, s11:c217, s5:c217, s6:c217, s13:c217, s7:c217, s12:c217, s8:c218, s9:c217, s14:c217, s2:c217], cId:8770, entries: [(t:1, i:219), STATEMACHINELOGENTRY, 8765@client-E8995F8E72F5]
2023-03-17 00:26:27,266 DEBUG server.RaftServer$Division (RaftServerImpl.java:logAppendEntries(1430)) - s2@group-6E994AD85659: succeeded to handle AppendEntries. Reply: s1<-s2#8779:OK-t1,SUCCESS,nextIndex=220,followerCommit=218,matchIndex=219
2023-03-17 00:26:27,266 DEBUG server.RaftServer$Division (RaftServerImpl.java:logAppendEntries(1430)) - s8@group-6E994AD85659: succeeded to handle AppendEntries. Reply: s1<-s8#8768:OK-t1,SUCCESS,nextIndex=220,followerCommit=218,matchIndex=219
2023-03-17 00:26:27,266 DEBUG server.RaftServer$Division (RaftServerImpl.java:logAppendEntries(1430)) - s3@group-6E994AD85659: succeeded to handle AppendEntries. Reply: s1<-s3#8770:OK-t1,SUCCESS,nextIndex=220,followerCommit=218,matchIndex=219
2023-03-17 00:26:27,267 INFO  statemachine.StateMachine (ArithmeticStateMachine.java:applyTransaction(182)) - LEADER:s1-219: c = null = null
2023-03-17 00:26:27,268 DEBUG server.RaftServer$Division (RaftServerImpl.java:logAppendEntries(1430)) - s6@group-6E994AD85659: receive appendEntries(s1, 1, (t:1, i:219), 219, true, commits:[s1:c219, s10:c218, s0:c218, s3:c218, s4:c218, s11:c218, s5:c218, s6:c218, s13:c218, s7:c218, s12:c218, s8:c218, s9:c218, s14:c218, s2:c218], cId:8787, entries: [(t:1, i:220), METADATAENTRY(c:219)]
2023-03-17 00:26:27,268 DEBUG server.RaftServer$Division (RaftServerImpl.java:logAppendEntries(1430)) - s12@group-6E994AD85659: receive appendEntries(s1, 1, (t:1, i:219), 219, true, commits:[s1:c219, s10:c218, s0:c218, s3:c218, s4:c218, s11:c218, s5:c218, s6:c218, s13:c218, s7:c218, s12:c218, s8:c218, s9:c218, s14:c218, s2:c218], cId:8788, entries: [(t:1, i:220), METADATAENTRY(c:219)]
2023-03-17 00:26:27,270 DEBUG server.RaftServer$Division (RaftServerImpl.java:logAppendEntries(1430)) - s12@group-6E994AD85659: succeeded to handle AppendEntries. Reply: s1<-s12#8788:OK-t1,SUCCESS,nextIndex=221,followerCommit=219,matchIndex=220
2023-03-17 00:26:27,270 DEBUG server.RaftServer$Division (RaftServerImpl.java:logAppendEntries(1430)) - s6@group-6E994AD85659: succeeded to handle AppendEntries. Reply: s1<-s6#8787:OK-t1,SUCCESS,nextIndex=221,followerCommit=219,matchIndex=220
2023-03-17 00:26:27,270 DEBUG server.RaftServer$Division (RaftServerImpl.java:logAppendEntries(1430)) - s9@group-6E994AD85659: receive appendEntries(s1, 1, (t:1, i:219), 219, true, commits:[s1:c219, s10:c218, s0:c218, s3:c218, s4:c218, s11:c218, s5:c218, s6:c218, s13:c218, s7:c218, s12:c218, s8:c218, s9:c218, s14:c218, s2:c218], cId:8793, entries: [(t:1, i:220), METADATAENTRY(c:219)]
2023-03-17 00:26:27,270 DEBUG server.RaftServer$Division (RaftServerImpl.java:logAppendEntries(1430)) - s13@group-6E994AD85659: receive appendEntries(s1, 1, (t:1, i:219), 219, true, commits:[s1:c219, s10:c218, s0:c218, s3:c218, s4:c218, s11:c218, s5:c218, s6:c218, s13:c218, s7:c218, s12:c218, s8:c218, s9:c218, s14:c218, s2:c218], cId:8784, entries: [(t:1, i:220), METADATAENTRY(c:219)]
2023-03-17 00:26:27,271 DEBUG server.RaftServer$Division (RaftServerImpl.java:logAppendEntries(1430)) - s0@group-6E994AD85659: receive appendEntries(s1, 1, (t:1, i:219), 219, true, commits:[s1:c219, s10:c218, s0:c218, s3:c218, s4:c218, s11:c218, s5:c218, s6:c218, s13:c218, s7:c218, s12:c218, s8:c218, s9:c218, s14:c218, s2:c218], cId:8782, entries: [(t:1, i:220), METADATAENTRY(c:219)]
2023-03-17 00:26:27,271 DEBUG server.RaftServer$Division (RaftServerImpl.java:logAppendEntries(1430)) - s9@group-6E994AD85659: succeeded to handle AppendEntries. Reply: s1<-s9#8793:OK-t1,SUCCESS,nextIndex=221,followerCommit=219,matchIndex=220
2023-03-17 00:26:27,271 DEBUG server.RaftServer$Division (RaftServerImpl.java:logAppendEntries(1430)) - s13@group-6E994AD85659: succeeded to handle AppendEntries. Reply: s1<-s13#8784:OK-t1,SUCCESS,nextIndex=221,followerCommit=219,matchIndex=220
2023-03-17 00:26:27,271 DEBUG server.RaftServer$Division (RaftServerImpl.java:logAppendEntries(1430)) - s7@group-6E994AD85659: receive appendEntries(s1, 1, (t:1, i:219), 219, true, commits:[s1:c219, s10:c218, s0:c218, s3:c218, s4:c218, s11:c218, s5:c218, s6:c218, s13:c218, s7:c218, s12:c218, s8:c218, s9:c218, s14:c218, s2:c218], cId:8790, entries: [(t:1, i:220), METADATAENTRY(c:219)]
2023-03-17 00:26:27,271 DEBUG server.RaftServer$Division (RaftServerImpl.java:logAppendEntries(1430)) - s11@group-6E994AD85659: receive appendEntries(s1, 1, (t:1, i:219), 219, true, commits:[s1:c219, s10:c218, s0:c218, s3:c218, s4:c218, s11:c218, s5:c218, s6:c218, s13:c218, s7:c218, s12:c218, s8:c218, s9:c218, s14:c218, s2:c218], cId:8785, entries: [(t:1, i:220), METADATAENTRY(c:219)]
2023-03-17 00:26:27,272 DEBUG server.RaftServer$Division (RaftServerImpl.java:logAppendEntries(1430)) - s0@group-6E994AD85659: succeeded to handle AppendEntries. Reply: s1<-s0#8782:OK-t1,SUCCESS,nextIndex=221,followerCommit=219,matchIndex=220
2023-03-17 00:26:27,272 DEBUG server.RaftServer$Division (RaftServerImpl.java:logAppendEntries(1430)) - s14@group-6E994AD85659: receive appendEntries(s1, 1, (t:1, i:219), 219, true, commits:[s1:c219, s10:c218, s0:c218, s3:c218, s4:c218, s11:c218, s5:c218, s6:c218, s13:c218, s7:c218, s12:c218, s8:c218, s9:c218, s14:c218, s2:c218], cId:8780, entries: [(t:1, i:220), METADATAENTRY(c:219)]
2023-03-17 00:26:27,272 DEBUG server.RaftServer$Division (RaftServerImpl.java:logAppendEntries(1430)) - s11@group-6E994AD85659: succeeded to handle AppendEntries. Reply: s1<-s11#8785:OK-t1,SUCCESS,nextIndex=221,followerCommit=219,matchIndex=220
2023-03-17 00:26:27,272 DEBUG server.RaftServer$Division (RaftServerImpl.java:logAppendEntries(1430)) - s7@group-6E994AD85659: succeeded to handle AppendEntries. Reply: s1<-s7#8790:OK-t1,SUCCESS,nextIndex=221,followerCommit=219,matchIndex=220
2023-03-17 00:26:27,272 DEBUG server.RaftServer$Division (RaftServerImpl.java:logAppendEntries(1430)) - s4@group-6E994AD85659: receive appendEntries(s1, 1, (t:1, i:219), 219, true, commits:[s1:c219, s10:c218, s0:c218, s3:c218, s4:c218, s11:c218, s5:c218, s6:c218, s13:c218, s7:c218, s12:c218, s8:c218, s9:c218, s14:c218, s2:c218], cId:8781, entries: [(t:1, i:220), METADATAENTRY(c:219)]
2023-03-17 00:26:27,273 DEBUG server.RaftServer$Division (RaftServerImpl.java:logAppendEntries(1430)) - s5@group-6E994AD85659: receive appendEntries(s1, 1, (t:1, i:219), 219, true, commits:[s1:c219, s10:c218, s0:c218, s3:c218, s4:c218, s11:c218, s5:c218, s6:c218, s13:c218, s7:c218, s12:c218, s8:c218, s9:c218, s14:c218, s2:c218], cId:8783, entries: [(t:1, i:220), METADATAENTRY(c:219)]
2023-03-17 00:26:27,273 DEBUG server.RaftServer$Division (RaftServerImpl.java:logAppendEntries(1430)) - s10@group-6E994AD85659: receive appendEntries(s1, 1, (t:1, i:219), 219, true, commits:[s1:c219, s10:c218, s0:c218, s3:c218, s4:c218, s11:c218, s5:c218, s6:c218, s13:c218, s7:c218, s12:c218, s8:c218, s9:c218, s14:c218, s2:c218], cId:8789, entries: [(t:1, i:220), METADATAENTRY(c:219)]
2023-03-17 00:26:27,273 DEBUG server.RaftServer$Division (RaftServerImpl.java:logAppendEntries(1430)) - s4@group-6E994AD85659: succeeded to handle AppendEntries. Reply: s1<-s4#8781:OK-t1,SUCCESS,nextIndex=221,followerCommit=219,matchIndex=220
2023-03-17 00:26:27,273 DEBUG server.RaftServer$Division (RaftServerImpl.java:logAppendEntries(1430)) - s14@group-6E994AD85659: succeeded to handle AppendEntries. Reply: s1<-s14#8780:OK-t1,SUCCESS,nextIndex=221,followerCommit=219,matchIndex=220
2023-03-17 00:26:27,273 DEBUG server.RaftServer$Division (RaftServerImpl.java:logAppendEntries(1430)) - s5@group-6E994AD85659: succeeded to handle AppendEntries. Reply: s1<-s5#8783:OK-t1,SUCCESS,nextIndex=221,followerCommit=219,matchIndex=220
2023-03-17 00:26:27,274 INFO  impl.MiniRaftCluster (MiniRaftCluster.java:lambda$start$6(349)) - TIMED-PRINT: printing ALL groups
  s3:  RUNNING [
   FOLLOWER s3@group-6E994AD85659:t1, leader=s1, voted=null, raftlog=Memoized:s3@group-6E994AD85659-SegmentedRaftLog:OPENED:c218, conf=123: peers:[s3|rpc:0.0.0.0:36277|dataStream:|priority:0|startupRole:FOLLOWER, s4|rpc:0.0.0.0:39523|dataStream:|priority:0|startupRole:FOLLOWER, s5|rpc:0.0.0.0:38791|dataStream:|priority:0|startupRole:FOLLOWER, s6|rpc:0.0.0.0:34503|dataStream:|priority:0|startupRole:FOLLOWER, s7|rpc:0.0.0.0:44573|dataStream:|priority:0|startupRole:FOLLOWER, s8|rpc:0.0.0.0:45461|dataStream:|priority:0|startupRole:FOLLOWER, s9|rpc:0.0.0.0:42413|dataStream:|priority:0|startupRole:FOLLOWER, s11|rpc:0.0.0.0:37111|dataStream:|priority:0|startupRole:FOLLOWER, s10|rpc:0.0.0.0:37585|dataStream:|priority:0|startupRole:FOLLOWER, s13|rpc:0.0.0.0:39411|dataStream:|priority:0|startupRole:FOLLOWER, s12|rpc:0.0.0.0:36717|dataStream:|priority:0|startupRole:FOLLOWER, s14|rpc:0.0.0.0:36477|dataStream:|priority:0|startupRole:FOLLOWER, s0|rpc:0.0.0.0:43787|dataStream:|priority:0|startupRole:FOLLOWER, s1|rpc:0.0.0.0:45531|dataStream:|priority:0|startupRole:FOLLOWER, s2|rpc:0.0.0.0:39635|dataStream:|priority:0|startupRole:FOLLOWER]|listeners:[], old=null RUNNING
   FOLLOWER s3@group-38FE90E113AE:t0, leader=null, voted=, raftlog=Memoized:s3@group-38FE90E113AE-SegmentedRaftLog:OPENED:c-1, conf=-1: peers:[]|listeners:[], old=null STARTING] size=2
  s4:  RUNNING [
   FOLLOWER s4@group-6E994AD85659:t1, leader=s1, voted=null, raftlog=Memoized:s4@group-6E994AD85659-SegmentedRaftLog:OPENED:c219, conf=123: peers:[s3|rpc:0.0.0.0:36277|dataStream:|priority:0|startupRole:FOLLOWER, s4|rpc:0.0.0.0:39523|dataStream:|priority:0|startupRole:FOLLOWER, s5|rpc:0.0.0.0:38791|dataStream:|priority:0|startupRole:FOLLOWER, s6|rpc:0.0.0.0:34503|dataStream:|priority:0|startupRole:FOLLOWER, s7|rpc:0.0.0.0:44573|dataStream:|priority:0|startupRole:FOLLOWER, s8|rpc:0.0.0.0:45461|dataStream:|priority:0|startupRole:FOLLOWER, s9|rpc:0.0.0.0:42413|dataStream:|priority:0|startupRole:FOLLOWER, s11|rpc:0.0.0.0:37111|dataStream:|priority:0|startupRole:FOLLOWER, s10|rpc:0.0.0.0:37585|dataStream:|priority:0|startupRole:FOLLOWER, s13|rpc:0.0.0.0:39411|dataStream:|priority:0|startupRole:FOLLOWER, s12|rpc:0.0.0.0:36717|dataStream:|priority:0|startupRole:FOLLOWER, s14|rpc:0.0.0.0:36477|dataStream:|priority:0|startupRole:FOLLOWER, s0|rpc:0.0.0.0:43787|dataStream:|priority:0|startupRole:FOLLOWER, s1|rpc:0.0.0.0:45531|dataStream:|priority:0|startupRole:FOLLOWER, s2|rpc:0.0.0.0:39635|dataStream:|priority:0|startupRole:FOLLOWER]|listeners:[], old=null RUNNING
   FOLLOWER s4@group-38FE90E113AE:t0, leader=null, voted=, raftlog=Memoized:s4@group-38FE90E113AE-SegmentedRaftLog:OPENED:c-1, conf=-1: peers:[]|listeners:[], old=null STARTING] size=2
  s5:  RUNNING [
   FOLLOWER s5@group-6E994AD85659:t1, leader=s1, voted=null, raftlog=Memoized:s5@group-6E994AD85659-SegmentedRaftLog:OPENED:c219, conf=123: peers:[s3|rpc:0.0.0.0:36277|dataStream:|priority:0|startupRole:FOLLOWER, s4|rpc:0.0.0.0:39523|dataStream:|priority:0|startupRole:FOLLOWER, s5|rpc:0.0.0.0:38791|dataStream:|priority:0|startupRole:FOLLOWER, s6|rpc:0.0.0.0:34503|dataStream:|priority:0|startupRole:FOLLOWER, s7|rpc:0.0.0.0:44573|dataStream:|priority:0|startupRole:FOLLOWER, s8|rpc:0.0.0.0:45461|dataStream:|priority:0|startupRole:FOLLOWER, s9|rpc:0.0.0.0:42413|dataStream:|priority:0|startupRole:FOLLOWER, s11|rpc:0.0.0.0:37111|dataStream:|priority:0|startupRole:FOLLOWER, s10|rpc:0.0.0.0:37585|dataStream:|priority:0|startupRole:FOLLOWER, s13|rpc:0.0.0.0:39411|dataStream:|priority:0|startupRole:FOLLOWER, s12|rpc:0.0.0.0:36717|dataStream:|priority:0|startupRole:FOLLOWER, s14|rpc:0.0.0.0:36477|dataStream:|priority:0|startupRole:FOLLOWER, s0|rpc:0.0.0.0:43787|dataStream:|priority:0|startupRole:FOLLOWER, s1|rpc:0.0.0.0:45531|dataStream:|priority:0|startupRole:FOLLOWER, s2|rpc:0.0.0.0:39635|dataStream:|priority:0|startupRole:FOLLOWER]|listeners:[], old=null RUNNING
   FOLLOWER s5@group-38FE90E113AE:t0, leader=null, voted=, raftlog=Memoized:s5@group-38FE90E113AE-SegmentedRaftLog:OPENED:c-1, conf=-1: peers:[]|listeners:[], old=null STARTING] size=2
  s6:  RUNNING [
   FOLLOWER s6@group-6E994AD85659:t1, leader=s1, voted=null, raftlog=Memoized:s6@group-6E994AD85659-SegmentedRaftLog:OPENED:c219, conf=123: peers:[s3|rpc:0.0.0.0:36277|dataStream:|priority:0|startupRole:FOLLOWER, s4|rpc:0.0.0.0:39523|dataStream:|priority:0|startupRole:FOLLOWER, s5|rpc:0.0.0.0:38791|dataStream:|priority:0|startupRole:FOLLOWER, s6|rpc:0.0.0.0:34503|dataStream:|priority:0|startupRole:FOLLOWER, s7|rpc:0.0.0.0:44573|dataStream:|priority:0|startupRole:FOLLOWER, s8|rpc:0.0.0.0:45461|dataStream:|priority:0|startupRole:FOLLOWER, s9|rpc:0.0.0.0:42413|dataStream:|priority:0|startupRole:FOLLOWER, s11|rpc:0.0.0.0:37111|dataStream:|priority:0|startupRole:FOLLOWER, s10|rpc:0.0.0.0:37585|dataStream:|priority:0|startupRole:FOLLOWER, s13|rpc:0.0.0.0:39411|dataStream:|priority:0|startupRole:FOLLOWER, s12|rpc:0.0.0.0:36717|dataStream:|priority:0|startupRole:FOLLOWER, s14|rpc:0.0.0.0:36477|dataStream:|priority:0|startupRole:FOLLOWER, s0|rpc:0.0.0.0:43787|dataStream:|priority:0|startupRole:FOLLOWER, s1|rpc:0.0.0.0:45531|dataStream:|priority:0|startupRole:FOLLOWER, s2|rpc:0.0.0.0:39635|dataStream:|priority:0|startupRole:FOLLOWER]|listeners:[], old=null RUNNING
   FOLLOWER s6@group-38FE90E113AE:t0, leader=null, voted=, raftlog=Memoized:s6@group-38FE90E113AE-SegmentedRaftLog:OPENED:c-1, conf=-1: peers:[]|listeners:[], old=null STARTING] size=2
  s7:  RUNNING [
   FOLLOWER s7@group-6E994AD85659:t1, leader=s1, voted=null, raftlog=Memoized:s7@group-6E994AD85659-SegmentedRaftLog:OPENED:c219, conf=123: peers:[s3|rpc:0.0.0.0:36277|dataStream:|priority:0|startupRole:FOLLOWER, s4|rpc:0.0.0.0:39523|dataStream:|priority:0|startupRole:FOLLOWER, s5|rpc:0.0.0.0:38791|dataStream:|priority:0|startupRole:FOLLOWER, s6|rpc:0.0.0.0:34503|dataStream:|priority:0|startupRole:FOLLOWER, s7|rpc:0.0.0.0:44573|dataStream:|priority:0|startupRole:FOLLOWER, s8|rpc:0.0.0.0:45461|dataStream:|priority:0|startupRole:FOLLOWER, s9|rpc:0.0.0.0:42413|dataStream:|priority:0|startupRole:FOLLOWER, s11|rpc:0.0.0.0:37111|dataStream:|priority:0|startupRole:FOLLOWER, s10|rpc:0.0.0.0:37585|dataStream:|priority:0|startupRole:FOLLOWER, s13|rpc:0.0.0.0:39411|dataStream:|priority:0|startupRole:FOLLOWER, s12|rpc:0.0.0.0:36717|dataStream:|priority:0|startupRole:FOLLOWER, s14|rpc:0.0.0.0:36477|dataStream:|priority:0|startupRole:FOLLOWER, s0|rpc:0.0.0.0:43787|dataStream:|priority:0|startupRole:FOLLOWER, s1|rpc:0.0.0.0:45531|dataStream:|priority:0|startupRole:FOLLOWER, s2|rpc:0.0.0.0:39635|dataStream:|priority:0|startupRole:FOLLOWER]|listeners:[], old=null RUNNING
   FOLLOWER s7@group-38FE90E113AE:t0, leader=null, voted=, raftlog=Memoized:s7@group-38FE90E113AE-SegmentedRaftLog:OPENED:c-1, conf=-1: peers:[]|listeners:[], old=null STARTING] size=2
  s8:  RUNNING [
   FOLLOWER s8@group-6E994AD85659:t1, leader=s1, voted=null, raftlog=Memoized:s8@group-6E994AD85659-SegmentedRaftLog:OPENED:c218, conf=123: peers:[s3|rpc:0.0.0.0:36277|dataStream:|priority:0|startupRole:FOLLOWER, s4|rpc:0.0.0.0:39523|dataStream:|priority:0|startupRole:FOLLOWER, s5|rpc:0.0.0.0:38791|dataStream:|priority:0|startupRole:FOLLOWER, s6|rpc:0.0.0.0:34503|dataStream:|priority:0|startupRole:FOLLOWER, s7|rpc:0.0.0.0:44573|dataStream:|priority:0|startupRole:FOLLOWER, s8|rpc:0.0.0.0:45461|dataStream:|priority:0|startupRole:FOLLOWER, s9|rpc:0.0.0.0:42413|dataStream:|priority:0|startupRole:FOLLOWER, s11|rpc:0.0.0.0:37111|dataStream:|priority:0|startupRole:FOLLOWER, s10|rpc:0.0.0.0:37585|dataStream:|priority:0|startupRole:FOLLOWER, s13|rpc:0.0.0.0:39411|dataStream:|priority:0|startupRole:FOLLOWER, s12|rpc:0.0.0.0:36717|dataStream:|priority:0|startupRole:FOLLOWER, s14|rpc:0.0.0.0:36477|dataStream:|priority:0|startupRole:FOLLOWER, s0|rpc:0.0.0.0:43787|dataStream:|priority:0|startupRole:FOLLOWER, s1|rpc:0.0.0.0:45531|dataStream:|priority:0|startupRole:FOLLOWER, s2|rpc:0.0.0.0:39635|dataStream:|priority:0|startupRole:FOLLOWER]|listeners:[], old=null RUNNING
   FOLLOWER s8@group-38FE90E113AE:t0, leader=null, voted=, raftlog=Memoized:s8@group-38FE90E113AE-SegmentedRaftLog:OPENED:c-1, conf=-1: peers:[]|listeners:[], old=null STARTING] size=2
  s9:  RUNNING [
   FOLLOWER s9@group-6E994AD85659:t1, leader=s1, voted=null, raftlog=Memoized:s9@group-6E994AD85659-SegmentedRaftLog:OPENED:c219, conf=123: peers:[s3|rpc:0.0.0.0:36277|dataStream:|priority:0|startupRole:FOLLOWER, s4|rpc:0.0.0.0:39523|dataStream:|priority:0|startupRole:FOLLOWER, s5|rpc:0.0.0.0:38791|dataStream:|priority:0|startupRole:FOLLOWER, s6|rpc:0.0.0.0:34503|dataStream:|priority:0|startupRole:FOLLOWER, s7|rpc:0.0.0.0:44573|dataStream:|priority:0|startupRole:FOLLOWER, s8|rpc:0.0.0.0:45461|dataStream:|priority:0|startupRole:FOLLOWER, s9|rpc:0.0.0.0:42413|dataStream:|priority:0|startupRole:FOLLOWER, s11|rpc:0.0.0.0:37111|dataStream:|priority:0|startupRole:FOLLOWER, s10|rpc:0.0.0.0:37585|dataStream:|priority:0|startupRole:FOLLOWER, s13|rpc:0.0.0.0:39411|dataStream:|priority:0|startupRole:FOLLOWER, s12|rpc:0.0.0.0:36717|dataStream:|priority:0|startupRole:FOLLOWER, s14|rpc:0.0.0.0:36477|dataStream:|priority:0|startupRole:FOLLOWER, s0|rpc:0.0.0.0:43787|dataStream:|priority:0|startupRole:FOLLOWER, s1|rpc:0.0.0.0:45531|dataStream:|priority:0|startupRole:FOLLOWER, s2|rpc:0.0.0.0:39635|dataStream:|priority:0|startupRole:FOLLOWER]|listeners:[], old=null RUNNING
   FOLLOWER s9@group-38FE90E113AE:t0, leader=null, voted=, raftlog=Memoized:s9@group-38FE90E113AE-SegmentedRaftLog:OPENED:c-1, conf=-1: peers:[]|listeners:[], old=null STARTING] size=2
  s11:  RUNNING [
   FOLLOWER s11@group-6E994AD85659:t1, leader=s1, voted=null, raftlog=Memoized:s11@group-6E994AD85659-SegmentedRaftLog:OPENED:c219, conf=123: peers:[s3|rpc:0.0.0.0:36277|dataStream:|priority:0|startupRole:FOLLOWER, s4|rpc:0.0.0.0:39523|dataStream:|priority:0|startupRole:FOLLOWER, s5|rpc:0.0.0.0:38791|dataStream:|priority:0|startupRole:FOLLOWER, s6|rpc:0.0.0.0:34503|dataStream:|priority:0|startupRole:FOLLOWER, s7|rpc:0.0.0.0:44573|dataStream:|priority:0|startupRole:FOLLOWER, s8|rpc:0.0.0.0:45461|dataStream:|priority:0|startupRole:FOLLOWER, s9|rpc:0.0.0.0:42413|dataStream:|priority:0|startupRole:FOLLOWER, s11|rpc:0.0.0.0:37111|dataStream:|priority:0|startupRole:FOLLOWER, s10|rpc:0.0.0.0:37585|dataStream:|priority:0|startupRole:FOLLOWER, s13|rpc:0.0.0.0:39411|dataStream:|priority:0|startupRole:FOLLOWER, s12|rpc:0.0.0.0:36717|dataStream:|priority:0|startupRole:FOLLOWER, s14|rpc:0.0.0.0:36477|dataStream:|priority:0|startupRole:FOLLOWER, s0|rpc:0.0.0.0:43787|dataStream:|priority:0|startupRole:FOLLOWER, s1|rpc:0.0.0.0:45531|dataStream:|priority:0|startupRole:FOLLOWER, s2|rpc:0.0.0.0:39635|dataStream:|priority:0|startupRole:FOLLOWER]|listeners:[], old=null RUNNING
   FOLLOWER s11@group-38FE90E113AE:t0, leader=null, voted=, raftlog=Memoized:s11@group-38FE90E113AE-SegmentedRaftLog:OPENED:c-1, conf=-1: peers:[]|listeners:[], old=null STARTING] size=2
  s10:  RUNNING [
   FOLLOWER s10@group-6E994AD85659:t1, leader=s1, voted=s1, raftlog=Memoized:s10@group-6E994AD85659-SegmentedRaftLog:OPENED:c218, conf=123: peers:[s3|rpc:0.0.0.0:36277|dataStream:|priority:0|startupRole:FOLLOWER, s4|rpc:0.0.0.0:39523|dataStream:|priority:0|startupRole:FOLLOWER, s5|rpc:0.0.0.0:38791|dataStream:|priority:0|startupRole:FOLLOWER, s6|rpc:0.0.0.0:34503|dataStream:|priority:0|startupRole:FOLLOWER, s7|rpc:0.0.0.0:44573|dataStream:|priority:0|startupRole:FOLLOWER, s8|rpc:0.0.0.0:45461|dataStream:|priority:0|startupRole:FOLLOWER, s9|rpc:0.0.0.0:42413|dataStream:|priority:0|startupRole:FOLLOWER, s11|rpc:0.0.0.0:37111|dataStream:|priority:0|startupRole:FOLLOWER, s10|rpc:0.0.0.0:37585|dataStream:|priority:0|startupRole:FOLLOWER, s13|rpc:0.0.0.0:39411|dataStream:|priority:0|startupRole:FOLLOWER, s12|rpc:0.0.0.0:36717|dataStream:|priority:0|startupRole:FOLLOWER, s14|rpc:0.0.0.0:36477|dataStream:|priority:0|startupRole:FOLLOWER, s0|rpc:0.0.0.0:43787|dataStream:|priority:0|startupRole:FOLLOWER, s1|rpc:0.0.0.0:45531|dataStream:|priority:0|startupRole:FOLLOWER, s2|rpc:0.0.0.0:39635|dataStream:|priority:0|startupRole:FOLLOWER]|listeners:[], old=null RUNNING
   FOLLOWER s10@group-38FE90E113AE:t0, leader=null, voted=, raftlog=Memoized:s10@group-38FE90E113AE-SegmentedRaftLog:OPENED:c-1, conf=-1: peers:[]|listeners:[], old=null STARTING] size=2
  s13:  RUNNING [
   FOLLOWER s13@group-6E994AD85659:t1, leader=s1, voted=null, raftlog=Memoized:s13@group-6E994AD85659-SegmentedRaftLog:OPENED:c219, conf=123: peers:[s3|rpc:0.0.0.0:36277|dataStream:|priority:0|startupRole:FOLLOWER, s4|rpc:0.0.0.0:39523|dataStream:|priority:0|startupRole:FOLLOWER, s5|rpc:0.0.0.0:38791|dataStream:|priority:0|startupRole:FOLLOWER, s6|rpc:0.0.0.0:34503|dataStream:|priority:0|startupRole:FOLLOWER, s7|rpc:0.0.0.0:44573|dataStream:|priority:0|startupRole:FOLLOWER, s8|rpc:0.0.0.0:45461|dataStream:|priority:0|startupRole:FOLLOWER, s9|rpc:0.0.0.0:42413|dataStream:|priority:0|startupRole:FOLLOWER, s11|rpc:0.0.0.0:37111|dataStream:|priority:0|startupRole:FOLLOWER, s10|rpc:0.0.0.0:37585|dataStream:|priority:0|startupRole:FOLLOWER, s13|rpc:0.0.0.0:39411|dataStream:|priority:0|startupRole:FOLLOWER, s12|rpc:0.0.0.0:36717|dataStream:|priority:0|startupRole:FOLLOWER, s14|rpc:0.0.0.0:36477|dataStream:|priority:0|startupRole:FOLLOWER, s0|rpc:0.0.0.0:43787|dataStream:|priority:0|startupRole:FOLLOWER, s1|rpc:0.0.0.0:45531|dataStream:|priority:0|startupRole:FOLLOWER, s2|rpc:0.0.0.0:39635|dataStream:|priority:0|startupRole:FOLLOWER]|listeners:[], old=null RUNNING
   FOLLOWER s13@group-38FE90E113AE:t0, leader=null, voted=, raftlog=Memoized:s13@group-38FE90E113AE-SegmentedRaftLog:OPENED:c-1, conf=-1: peers:[]|listeners:[], old=null STARTING] size=2
  s12:  RUNNING [
   FOLLOWER s12@group-6E994AD85659:t1, leader=s1, voted=null, raftlog=Memoized:s12@group-6E994AD85659-SegmentedRaftLog:OPENED:c219, conf=123: peers:[s3|rpc:0.0.0.0:36277|dataStream:|priority:0|startupRole:FOLLOWER, s4|rpc:0.0.0.0:39523|dataStream:|priority:0|startupRole:FOLLOWER, s5|rpc:0.0.0.0:38791|dataStream:|priority:0|startupRole:FOLLOWER, s6|rpc:0.0.0.0:34503|dataStream:|priority:0|startupRole:FOLLOWER, s7|rpc:0.0.0.0:44573|dataStream:|priority:0|startupRole:FOLLOWER, s8|rpc:0.0.0.0:45461|dataStream:|priority:0|startupRole:FOLLOWER, s9|rpc:0.0.0.0:42413|dataStream:|priority:0|startupRole:FOLLOWER, s11|rpc:0.0.0.0:37111|dataStream:|priority:0|startupRole:FOLLOWER, s10|rpc:0.0.0.0:37585|dataStream:|priority:0|startupRole:FOLLOWER, s13|rpc:0.0.0.0:39411|dataStream:|priority:0|startupRole:FOLLOWER, s12|rpc:0.0.0.0:36717|dataStream:|priority:0|startupRole:FOLLOWER, s14|rpc:0.0.0.0:36477|dataStream:|priority:0|startupRole:FOLLOWER, s0|rpc:0.0.0.0:43787|dataStream:|priority:0|startupRole:FOLLOWER, s1|rpc:0.0.0.0:45531|dataStream:|priority:0|startupRole:FOLLOWER, s2|rpc:0.0.0.0:39635|dataStream:|priority:0|startupRole:FOLLOWER]|listeners:[], old=null RUNNING
   FOLLOWER s12@group-38FE90E113AE:t0, leader=null, voted=, raftlog=Memoized:s12@group-38FE90E113AE-SegmentedRaftLog:OPENED:c-1, conf=-1: peers:[]|listeners:[], old=null STARTING] size=2
  s14:  RUNNING [
   FOLLOWER s14@group-6E994AD85659:t1, leader=s1, voted=null, raftlog=Memoized:s14@group-6E994AD85659-SegmentedRaftLog:OPENED:c219, conf=123: peers:[s3|rpc:0.0.0.0:36277|dataStream:|priority:0|startupRole:FOLLOWER, s4|rpc:0.0.0.0:39523|dataStream:|priority:0|startupRole:FOLLOWER, s5|rpc:0.0.0.0:38791|dataStream:|priority:0|startupRole:FOLLOWER, s6|rpc:0.0.0.0:34503|dataStream:|priority:0|startupRole:FOLLOWER, s7|rpc:0.0.0.0:44573|dataStream:|priority:0|startupRole:FOLLOWER, s8|rpc:0.0.0.0:45461|dataStream:|priority:0|startupRole:FOLLOWER, s9|rpc:0.0.0.0:42413|dataStream:|priority:0|startupRole:FOLLOWER, s11|rpc:0.0.0.0:37111|dataStream:|priority:0|startupRole:FOLLOWER, s10|rpc:0.0.0.0:37585|dataStream:|priority:0|startupRole:FOLLOWER, s13|rpc:0.0.0.0:39411|dataStream:|priority:0|startupRole:FOLLOWER, s12|rpc:0.0.0.0:36717|dataStream:|priority:0|startupRole:FOLLOWER, s14|rpc:0.0.0.0:36477|dataStream:|priority:0|startupRole:FOLLOWER, s0|rpc:0.0.0.0:43787|dataStream:|priority:0|startupRole:FOLLOWER, s1|rpc:0.0.0.0:45531|dataStream:|priority:0|startupRole:FOLLOWER, s2|rpc:0.0.0.0:39635|dataStream:|priority:0|startupRole:FOLLOWER]|listeners:[], old=null RUNNING
   FOLLOWER s14@group-38FE90E113AE:t0, leader=null, voted=, raftlog=Memoized:s14@group-38FE90E113AE-SegmentedRaftLog:OPENED:c-1, conf=-1: peers:[]|listeners:[], old=null STARTING] size=2
  s0:  RUNNING [
   FOLLOWER s0@group-6E994AD85659:t1, leader=s1, voted=s1, raftlog=Memoized:s0@group-6E994AD85659-SegmentedRaftLog:OPENED:c219, conf=123: peers:[s3|rpc:0.0.0.0:36277|dataStream:|priority:0|startupRole:FOLLOWER, s4|rpc:0.0.0.0:39523|dataStream:|priority:0|startupRole:FOLLOWER, s5|rpc:0.0.0.0:38791|dataStream:|priority:0|startupRole:FOLLOWER, s6|rpc:0.0.0.0:34503|dataStream:|priority:0|startupRole:FOLLOWER, s7|rpc:0.0.0.0:44573|dataStream:|priority:0|startupRole:FOLLOWER, s8|rpc:0.0.0.0:45461|dataStream:|priority:0|startupRole:FOLLOWER, s9|rpc:0.0.0.0:42413|dataStream:|priority:0|startupRole:FOLLOWER, s11|rpc:0.0.0.0:37111|dataStream:|priority:0|startupRole:FOLLOWER, s10|rpc:0.0.0.0:37585|dataStream:|priority:0|startupRole:FOLLOWER, s13|rpc:0.0.0.0:39411|dataStream:|priority:0|startupRole:FOLLOWER, s12|rpc:0.0.0.0:36717|dataStream:|priority:0|startupRole:FOLLOWER, s14|rpc:0.0.0.0:36477|dataStream:|priority:0|startupRole:FOLLOWER, s0|rpc:0.0.0.0:43787|dataStream:|priority:0|startupRole:FOLLOWER, s1|rpc:0.0.0.0:45531|dataStream:|priority:0|startupRole:FOLLOWER, s2|rpc:0.0.0.0:39635|dataStream:|priority:0|startupRole:FOLLOWER]|listeners:[], old=null RUNNING
   FOLLOWER s0@group-38FE90E113AE:t0, leader=null, voted=, raftlog=Memoized:s0@group-38FE90E113AE-SegmentedRaftLog:OPENED:c-1, conf=-1: peers:[]|listeners:[], old=null STARTING] size=2
  s1:  RUNNING [
     LEADER s1@group-6E994AD85659:t1, leader=s1, voted=s1, raftlog=Memoized:s1@group-6E994AD85659-SegmentedRaftLog:OPENED:c219, conf=123: peers:[s3|rpc:0.0.0.0:36277|dataStream:|priority:0|startupRole:FOLLOWER, s4|rpc:0.0.0.0:39523|dataStream:|priority:0|startupRole:FOLLOWER, s5|rpc:0.0.0.0:38791|dataStream:|priority:0|startupRole:FOLLOWER, s6|rpc:0.0.0.0:34503|dataStream:|priority:0|startupRole:FOLLOWER, s7|rpc:0.0.0.0:44573|dataStream:|priority:0|startupRole:FOLLOWER, s8|rpc:0.0.0.0:45461|dataStream:|priority:0|startupRole:FOLLOWER, s9|rpc:0.0.0.0:42413|dataStream:|priority:0|startupRole:FOLLOWER, s11|rpc:0.0.0.0:37111|dataStream:|priority:0|startupRole:FOLLOWER, s10|rpc:0.0.0.0:37585|dataStream:|priority:0|startupRole:FOLLOWER, s13|rpc:0.0.0.0:39411|dataStream:|priority:0|startupRole:FOLLOWER, s12|rpc:0.0.0.0:36717|dataStream:|priority:0|startupRole:FOLLOWER, s14|rpc:0.0.0.0:36477|dataStream:|priority:0|startupRole:FOLLOWER, s0|rpc:0.0.0.0:43787|dataStream:|priority:0|startupRole:FOLLOWER, s1|rpc:0.0.0.0:45531|dataStream:|priority:0|startupRole:FOLLOWER, s2|rpc:0.0.0.0:39635|dataStream:|priority:0|startupRole:FOLLOWER]|listeners:[], old=null RUNNING
   FOLLOWER s1@group-38FE90E113AE:t0, leader=null, voted=, raftlog=Memoized:s1@group-38FE90E113AE-SegmentedRaftLog:OPENED:c-1, conf=-1: peers:[]|listeners:[], old=null STARTING] size=2
  s2:  RUNNING [
   FOLLOWER s2@group-6E994AD85659:t1, leader=s1, voted=null, raftlog=Memoized:s2@group-6E994AD85659-SegmentedRaftLog:OPENED:c218, conf=123: peers:[s3|rpc:0.0.0.0:36277|dataStream:|priority:0|startupRole:FOLLOWER, s4|rpc:0.0.0.0:39523|dataStream:|priority:0|startupRole:FOLLOWER, s5|rpc:0.0.0.0:38791|dataStream:|priority:0|startupRole:FOLLOWER, s6|rpc:0.0.0.0:34503|dataStream:|priority:0|startupRole:FOLLOWER, s7|rpc:0.0.0.0:44573|dataStream:|priority:0|startupRole:FOLLOWER, s8|rpc:0.0.0.0:45461|dataStream:|priority:0|startupRole:FOLLOWER, s9|rpc:0.0.0.0:42413|dataStream:|priority:0|startupRole:FOLLOWER, s11|rpc:0.0.0.0:37111|dataStream:|priority:0|startupRole:FOLLOWER, s10|rpc:0.0.0.0:37585|dataStream:|priority:0|startupRole:FOLLOWER, s13|rpc:0.0.0.0:39411|dataStream:|priority:0|startupRole:FOLLOWER, s12|rpc:0.0.0.0:36717|dataStream:|priority:0|startupRole:FOLLOWER, s14|rpc:0.0.0.0:36477|dataStream:|priority:0|startupRole:FOLLOWER, s0|rpc:0.0.0.0:43787|dataStream:|priority:0|startupRole:FOLLOWER, s1|rpc:0.0.0.0:45531|dataStream:|priority:0|startupRole:FOLLOWER, s2|rpc:0.0.0.0:39635|dataStream:|priority:0|startupRole:FOLLOWER]|listeners:[], old=null RUNNING
   FOLLOWER s2@group-38FE90E113AE:t0, leader=null, voted=, raftlog=Memoized:s2@group-38FE90E113AE-SegmentedRaftLog:OPENED:c-1, conf=-1: peers:[]|listeners:[], old=null STARTING] size=2
2023-03-17 00:26:27,274 DEBUG server.RaftServer$Division (RaftServerImpl.java:logAppendEntries(1430)) - s10@group-6E994AD85659: succeeded to handle AppendEntries. Reply: s1<-s10#8789:OK-t1,SUCCESS,nextIndex=221,followerCommit=219,matchIndex=220
2023-03-17 00:26:27,275 DEBUG server.RaftServer$Division (RaftServerImpl.java:logAppendEntries(1430)) - s2@group-6E994AD85659: receive appendEntries(s1, 1, (t:1, i:219), 219, true, commits:[s1:c219, s10:c218, s0:c218, s3:c218, s4:c218, s11:c218, s5:c218, s6:c218, s13:c218, s7:c218, s12:c218, s8:c218, s9:c218, s14:c218, s2:c218], cId:8792, entries: [(t:1, i:220), METADATAENTRY(c:219)]
2023-03-17 00:26:27,274 DEBUG server.RaftServer$Division (RaftServerImpl.java:logAppendEntries(1430)) - s8@group-6E994AD85659: receive appendEntries(s1, 1, (t:1, i:219), 219, true, commits:[s1:c219, s10:c218, s0:c218, s3:c218, s4:c218, s11:c218, s5:c218, s6:c218, s13:c218, s7:c218, s12:c218, s8:c218, s9:c218, s14:c218, s2:c218], cId:8786, entries: [(t:1, i:220), METADATAENTRY(c:219)]
2023-03-17 00:26:27,274 DEBUG server.RaftServer$Division (RaftServerImpl.java:logAppendEntries(1430)) - s3@group-6E994AD85659: receive appendEntries(s1, 1, (t:1, i:219), 219, true, commits:[s1:c219, s10:c218, s0:c218, s3:c218, s4:c218, s11:c218, s5:c218, s6:c218, s13:c218, s7:c218, s12:c218, s8:c218, s9:c218, s14:c218, s2:c218], cId:8791, entries: [(t:1, i:220), METADATAENTRY(c:219)]
2023-03-17 00:26:27,275 DEBUG server.RaftServer$Division (RaftServerImpl.java:logAppendEntries(1430)) - s2@group-6E994AD85659: succeeded to handle AppendEntries. Reply: s1<-s2#8792:OK-t1,SUCCESS,nextIndex=221,followerCommit=219,matchIndex=220
2023-03-17 00:26:27,275 DEBUG server.RaftServer$Division (RaftServerImpl.java:submitClientRequestAsync(835)) - s1@group-6E994AD85659: receive client request(RaftClientRequest:client-E8995F8E72F5->s1@group-6E994AD85659, cid=8794, seq=0, RW, Message:01016102405dc0000000...(size=12))
2023-03-17 00:26:27,276 DEBUG server.RaftServer$Division (RaftServerImpl.java:logAppendEntries(1430)) - s8@group-6E994AD85659: succeeded to handle AppendEntries. Reply: s1<-s8#8786:OK-t1,SUCCESS,nextIndex=221,followerCommit=219,matchIndex=220
2023-03-17 00:26:27,276 DEBUG server.RaftServer$Division (RaftServerImpl.java:logAppendEntries(1430)) - s3@group-6E994AD85659: succeeded to handle AppendEntries. Reply: s1<-s3#8791:OK-t1,SUCCESS,nextIndex=221,followerCommit=219,matchIndex=220
2023-03-17 00:26:27,279 DEBUG server.RaftServer$Division (RaftServerImpl.java:logAppendEntries(1430)) - s12@group-6E994AD85659: receive appendEntries(s1, 1, (t:1, i:220), 220, true, commits:[s1:c220, s10:c219, s0:c219, s3:c219, s4:c219, s11:c219, s5:c219, s6:c219, s13:c219, s7:c219, s12:c219, s8:c219, s9:c219, s14:c219, s2:c219], cId:8795, entries: [(t:1, i:221), STATEMACHINELOGENTRY, 8794@client-E8995F8E72F5]
2023-03-17 00:26:27,279 DEBUG server.RaftServer$Division (RaftServerImpl.java:logAppendEntries(1430)) - s6@group-6E994AD85659: receive appendEntries(s1, 1, (t:1, i:220), 220, true, commits:[s1:c220, s10:c219, s0:c219, s3:c219, s4:c219, s11:c219, s5:c219, s6:c219, s13:c219, s7:c219, s12:c219, s8:c219, s9:c219, s14:c219, s2:c219], cId:8797, entries: [(t:1, i:221), STATEMACHINELOGENTRY, 8794@client-E8995F8E72F5]
2023-03-17 00:26:27,279 DEBUG server.RaftServer$Division (RaftServerImpl.java:logAppendEntries(1430)) - s12@group-6E994AD85659: succeeded to handle AppendEntries. Reply: s1<-s12#8795:OK-t1,SUCCESS,nextIndex=222,followerCommit=220,matchIndex=221
2023-03-17 00:26:27,279 DEBUG server.RaftServer$Division (RaftServerImpl.java:logAppendEntries(1430)) - s9@group-6E994AD85659: receive appendEntries(s1, 1, (t:1, i:220), 220, true, commits:[s1:c220, s10:c219, s0:c219, s3:c219, s4:c219, s11:c219, s5:c219, s6:c219, s13:c219, s7:c219, s12:c219, s8:c219, s9:c219, s14:c219, s2:c219], cId:8799, entries: [(t:1, i:221), STATEMACHINELOGENTRY, 8794@client-E8995F8E72F5]
2023-03-17 00:26:27,279 DEBUG server.RaftServer$Division (RaftServerImpl.java:logAppendEntries(1430)) - s13@group-6E994AD85659: receive appendEntries(s1, 1, (t:1, i:220), 220, true, commits:[s1:c220, s10:c219, s0:c219, s3:c219, s4:c219, s11:c219, s5:c219, s6:c219, s13:c219, s7:c219, s12:c219, s8:c219, s9:c219, s14:c219, s2:c219], cId:8801, entries: [(t:1, i:221), STATEMACHINELOGENTRY, 8794@client-E8995F8E72F5]
2023-03-17 00:26:27,280 DEBUG server.RaftServer$Division (RaftServerImpl.java:logAppendEntries(1430)) - s6@group-6E994AD85659: succeeded to handle AppendEntries. Reply: s1<-s6#8797:OK-t1,SUCCESS,nextIndex=222,followerCommit=220,matchIndex=221
2023-03-17 00:26:27,280 DEBUG server.RaftServer$Division (RaftServerImpl.java:logAppendEntries(1430)) - s9@group-6E994AD85659: succeeded to handle AppendEntries. Reply: s1<-s9#8799:OK-t1,SUCCESS,nextIndex=222,followerCommit=220,matchIndex=221
2023-03-17 00:26:27,280 DEBUG server.RaftServer$Division (RaftServerImpl.java:logAppendEntries(1430)) - s4@group-6E994AD85659: receive appendEntries(s1, 1, (t:1, i:220), 220, true, commits:[s1:c220, s10:c219, s0:c219, s3:c219, s4:c219, s11:c219, s5:c219, s6:c219, s13:c219, s7:c219, s12:c219, s8:c219, s9:c219, s14:c219, s2:c219], cId:8802, entries: [(t:1, i:221), STATEMACHINELOGENTRY, 8794@client-E8995F8E72F5]
2023-03-17 00:26:27,280 DEBUG server.RaftServer$Division (RaftServerImpl.java:logAppendEntries(1430)) - s7@group-6E994AD85659: receive appendEntries(s1, 1, (t:1, i:220), 220, true, commits:[s1:c220, s10:c219, s0:c219, s3:c219, s4:c219, s11:c219, s5:c219, s6:c219, s13:c219, s7:c219, s12:c219, s8:c219, s9:c219, s14:c219, s2:c219], cId:8798, entries: [(t:1, i:221), STATEMACHINELOGENTRY, 8794@client-E8995F8E72F5]
2023-03-17 00:26:27,281 DEBUG server.RaftServer$Division (RaftServerImpl.java:logAppendEntries(1430)) - s4@group-6E994AD85659: succeeded to handle AppendEntries. Reply: s1<-s4#8802:OK-t1,SUCCESS,nextIndex=222,followerCommit=220,matchIndex=221
2023-03-17 00:26:27,281 DEBUG server.RaftServer$Division (RaftServerImpl.java:logAppendEntries(1430)) - s13@group-6E994AD85659: succeeded to handle AppendEntries. Reply: s1<-s13#8801:OK-t1,SUCCESS,nextIndex=222,followerCommit=220,matchIndex=221
2023-03-17 00:26:27,281 DEBUG server.RaftServer$Division (RaftServerImpl.java:logAppendEntries(1430)) - s11@group-6E994AD85659: receive appendEntries(s1, 1, (t:1, i:220), 220, true, commits:[s1:c220, s10:c219, s0:c219, s3:c219, s4:c219, s11:c219, s5:c219, s6:c219, s13:c219, s7:c219, s12:c219, s8:c219, s9:c219, s14:c219, s2:c219], cId:8803, entries: [(t:1, i:221), STATEMACHINELOGENTRY, 8794@client-E8995F8E72F5]
2023-03-17 00:26:27,281 DEBUG server.RaftServer$Division (RaftServerImpl.java:logAppendEntries(1430)) - s14@group-6E994AD85659: receive appendEntries(s1, 1, (t:1, i:220), 220, true, commits:[s1:c220, s10:c219, s0:c219, s3:c219, s4:c219, s11:c219, s5:c219, s6:c219, s13:c219, s7:c219, s12:c219, s8:c219, s9:c219, s14:c219, s2:c219], cId:8800, entries: [(t:1, i:221), STATEMACHINELOGENTRY, 8794@client-E8995F8E72F5]
2023-03-17 00:26:27,281 DEBUG server.RaftServer$Division (RaftServerImpl.java:logAppendEntries(1430)) - s0@group-6E994AD85659: receive appendEntries(s1, 1, (t:1, i:220), 220, true, commits:[s1:c220, s10:c219, s0:c219, s3:c219, s4:c219, s11:c219, s5:c219, s6:c219, s13:c219, s7:c219, s12:c219, s8:c219, s9:c219, s14:c219, s2:c219], cId:8805, entries: [(t:1, i:221), STATEMACHINELOGENTRY, 8794@client-E8995F8E72F5]
2023-03-17 00:26:27,281 DEBUG server.RaftServer$Division (RaftServerImpl.java:logAppendEntries(1430)) - s11@group-6E994AD85659: succeeded to handle AppendEntries. Reply: s1<-s11#8803:OK-t1,SUCCESS,nextIndex=222,followerCommit=220,matchIndex=221
2023-03-17 00:26:27,282 DEBUG server.RaftServer$Division (RaftServerImpl.java:logAppendEntries(1430)) - s2@group-6E994AD85659: receive appendEntries(s1, 1, (t:1, i:220), 220, true, commits:[s1:c220, s10:c219, s0:c219, s3:c219, s4:c219, s11:c219, s5:c219, s6:c219, s13:c219, s7:c219, s12:c219, s8:c219, s9:c219, s14:c219, s2:c219], cId:8796, entries: [(t:1, i:221), STATEMACHINELOGENTRY, 8794@client-E8995F8E72F5]
2023-03-17 00:26:27,282 DEBUG server.RaftServer$Division (RaftServerImpl.java:logAppendEntries(1430)) - s7@group-6E994AD85659: succeeded to handle AppendEntries. Reply: s1<-s7#8798:OK-t1,SUCCESS,nextIndex=222,followerCommit=220,matchIndex=221
2023-03-17 00:26:27,282 DEBUG server.RaftServer$Division (RaftServerImpl.java:logAppendEntries(1430)) - s14@group-6E994AD85659: succeeded to handle AppendEntries. Reply: s1<-s14#8800:OK-t1,SUCCESS,nextIndex=222,followerCommit=220,matchIndex=221
2023-03-17 00:26:27,282 DEBUG server.RaftServer$Division (RaftServerImpl.java:logAppendEntries(1430)) - s5@group-6E994AD85659: receive appendEntries(s1, 1, (t:1, i:220), 220, true, commits:[s1:c220, s10:c219, s0:c219, s3:c219, s4:c219, s11:c219, s5:c219, s6:c219, s13:c219, s7:c219, s12:c219, s8:c219, s9:c219, s14:c219, s2:c219], cId:8804, entries: [(t:1, i:221), STATEMACHINELOGENTRY, 8794@client-E8995F8E72F5]
2023-03-17 00:26:27,282 DEBUG server.RaftServer$Division (RaftServerImpl.java:logAppendEntries(1430)) - s0@group-6E994AD85659: succeeded to handle AppendEntries. Reply: s1<-s0#8805:OK-t1,SUCCESS,nextIndex=222,followerCommit=220,matchIndex=221
2023-03-17 00:26:27,283 DEBUG server.RaftServer$Division (RaftServerImpl.java:logAppendEntries(1430)) - s2@group-6E994AD85659: succeeded to handle AppendEntries. Reply: s1<-s2#8796:OK-t1,SUCCESS,nextIndex=222,followerCommit=220,matchIndex=221
2023-03-17 00:26:27,283 DEBUG server.RaftServer$Division (RaftServerImpl.java:logAppendEntries(1430)) - s8@group-6E994AD85659: receive appendEntries(s1, 1, (t:1, i:220), 220, true, commits:[s1:c220, s10:c219, s0:c219, s3:c219, s4:c219, s11:c219, s5:c219, s6:c219, s13:c219, s7:c219, s12:c219, s8:c219, s9:c219, s14:c219, s2:c219], cId:8808, entries: [(t:1, i:221), STATEMACHINELOGENTRY, 8794@client-E8995F8E72F5]
2023-03-17 00:26:27,283 DEBUG server.RaftServer$Division (RaftServerImpl.java:logAppendEntries(1430)) - s10@group-6E994AD85659: receive appendEntries(s1, 1, (t:1, i:220), 220, true, commits:[s1:c220, s10:c219, s0:c219, s3:c219, s4:c219, s11:c219, s5:c219, s6:c219, s13:c219, s7:c219, s12:c219, s8:c219, s9:c219, s14:c219, s2:c219], cId:8806, entries: [(t:1, i:221), STATEMACHINELOGENTRY, 8794@client-E8995F8E72F5]
2023-03-17 00:26:27,283 DEBUG server.RaftServer$Division (RaftServerImpl.java:logAppendEntries(1430)) - s3@group-6E994AD85659: receive appendEntries(s1, 1, (t:1, i:220), 220, true, commits:[s1:c220, s10:c219, s0:c219, s3:c219, s4:c219, s11:c219, s5:c219, s6:c219, s13:c219, s7:c219, s12:c219, s8:c219, s9:c219, s14:c219, s2:c219], cId:8807, entries: [(t:1, i:221), STATEMACHINELOGENTRY, 8794@client-E8995F8E72F5]
2023-03-17 00:26:27,283 DEBUG server.RaftServer$Division (RaftServerImpl.java:logAppendEntries(1430)) - s5@group-6E994AD85659: succeeded to handle AppendEntries. Reply: s1<-s5#8804:OK-t1,SUCCESS,nextIndex=222,followerCommit=220,matchIndex=221
2023-03-17 00:26:27,283 DEBUG server.RaftServer$Division (RaftServerImpl.java:logAppendEntries(1430)) - s10@group-6E994AD85659: succeeded to handle AppendEntries. Reply: s1<-s10#8806:OK-t1,SUCCESS,nextIndex=222,followerCommit=220,matchIndex=221
2023-03-17 00:26:27,283 DEBUG server.RaftServer$Division (RaftServerImpl.java:logAppendEntries(1430)) - s3@group-6E994AD85659: succeeded to handle AppendEntries. Reply: s1<-s3#8807:OK-t1,SUCCESS,nextIndex=222,followerCommit=220,matchIndex=221
2023-03-17 00:26:27,284 DEBUG server.RaftServer$Division (RaftServerImpl.java:logAppendEntries(1430)) - s8@group-6E994AD85659: succeeded to handle AppendEntries. Reply: s1<-s8#8808:OK-t1,SUCCESS,nextIndex=222,followerCommit=220,matchIndex=221
2023-03-17 00:26:27,285 DEBUG server.RaftServer$Division (LeaderStateImpl.java:addPendingRequest(474)) - s1@group-6E994AD85659-LeaderStateImpl: addPendingRequest at RaftClientRequest:client-E8995F8E72F5->s1@group-6E994AD85659, cid=8794, seq=0, RW, Message:01016102405dc0000000...(size=12), entry=(t:1, i:221), STATEMACHINELOGENTRY, 8794@client-E8995F8E72F5
2023-03-17 00:26:27,285 INFO  statemachine.StateMachine (ArithmeticStateMachine.java:applyTransaction(182)) - LEADER:s1-221: a = 119 = 119
2023-03-17 00:26:27,286 DEBUG server.RaftServer$Division (RaftServerImpl.java:logAppendEntries(1430)) - s4@group-6E994AD85659: receive appendEntries(s1, 1, (t:1, i:221), 221, true, commits:[s1:c221, s10:c220, s0:c220, s3:c220, s4:c220, s11:c220, s5:c220, s6:c220, s13:c220, s7:c220, s12:c220, s8:c220, s9:c220, s14:c220, s2:c220], cId:8809, entries: [(t:1, i:222), METADATAENTRY(c:221)]
2023-03-17 00:26:27,286 DEBUG server.RaftServer$Division (RaftServerImpl.java:logAppendEntries(1430)) - s13@group-6E994AD85659: receive appendEntries(s1, 1, (t:1, i:221), 221, true, commits:[s1:c221, s10:c220, s0:c220, s3:c220, s4:c220, s11:c220, s5:c220, s6:c220, s13:c220, s7:c220, s12:c220, s8:c220, s9:c220, s14:c220, s2:c220], cId:8814, entries: [(t:1, i:222), METADATAENTRY(c:221)]
2023-03-17 00:26:27,287 DEBUG server.RaftServer$Division (RaftServerImpl.java:logAppendEntries(1430)) - s14@group-6E994AD85659: receive appendEntries(s1, 1, (t:1, i:221), 221, true, commits:[s1:c221, s10:c220, s0:c220, s3:c220, s4:c220, s11:c220, s5:c220, s6:c220, s13:c220, s7:c220, s12:c220, s8:c220, s9:c220, s14:c220, s2:c220], cId:8817, entries: [(t:1, i:222), METADATAENTRY(c:221)]
2023-03-17 00:26:27,287 DEBUG server.RaftServer$Division (RaftServerImpl.java:logAppendEntries(1430)) - s10@group-6E994AD85659: receive appendEntries(s1, 1, (t:1, i:221), 221, true, commits:[s1:c221, s10:c220, s0:c220, s3:c220, s4:c220, s11:c220, s5:c220, s6:c220, s13:c220, s7:c220, s12:c220, s8:c220, s9:c220, s14:c220, s2:c220], cId:8811, entries: [(t:1, i:222), METADATAENTRY(c:221)]
2023-03-17 00:26:27,287 DEBUG server.RaftServer$Division (RaftServerImpl.java:logAppendEntries(1430)) - s2@group-6E994AD85659: receive appendEntries(s1, 1, (t:1, i:221), 221, true, commits:[s1:c221, s10:c220, s0:c220, s3:c220, s4:c220, s11:c220, s5:c220, s6:c220, s13:c220, s7:c220, s12:c220, s8:c220, s9:c220, s14:c220, s2:c220], cId:8820, entries: [(t:1, i:222), METADATAENTRY(c:221)]
2023-03-17 00:26:27,288 DEBUG server.RaftServer$Division (RaftServerImpl.java:logAppendEntries(1430)) - s3@group-6E994AD85659: receive appendEntries(s1, 1, (t:1, i:221), 221, true, commits:[s1:c221, s10:c220, s0:c220, s3:c220, s4:c220, s11:c220, s5:c220, s6:c220, s13:c220, s7:c220, s12:c220, s8:c220, s9:c220, s14:c220, s2:c220], cId:8812, entries: [(t:1, i:222), METADATAENTRY(c:221)]
2023-03-17 00:26:27,287 DEBUG server.RaftServer$Division (RaftServerImpl.java:logAppendEntries(1430)) - s7@group-6E994AD85659: receive appendEntries(s1, 1, (t:1, i:221), 221, true, commits:[s1:c221, s10:c220, s0:c220, s3:c220, s4:c220, s11:c220, s5:c220, s6:c220, s13:c220, s7:c220, s12:c220, s8:c220, s9:c220, s14:c220, s2:c220], cId:8815, entries: [(t:1, i:222), METADATAENTRY(c:221)]
2023-03-17 00:26:27,287 DEBUG server.RaftServer$Division (RaftServerImpl.java:logAppendEntries(1430)) - s0@group-6E994AD85659: receive appendEntries(s1, 1, (t:1, i:221), 221, true, commits:[s1:c221, s10:c220, s0:c220, s3:c220, s4:c220, s11:c220, s5:c220, s6:c220, s13:c220, s7:c220, s12:c220, s8:c220, s9:c220, s14:c220, s2:c220], cId:8810, entries: [(t:1, i:222), METADATAENTRY(c:221)]
2023-03-17 00:26:27,286 DEBUG server.RaftServer$Division (RaftServerImpl.java:logAppendEntries(1430)) - s12@group-6E994AD85659: receive appendEntries(s1, 1, (t:1, i:221), 221, true, commits:[s1:c221, s10:c220, s0:c220, s3:c220, s4:c220, s11:c220, s5:c220, s6:c220, s13:c220, s7:c220, s12:c220, s8:c220, s9:c220, s14:c220, s2:c220], cId:8822, entries: [(t:1, i:222), METADATAENTRY(c:221)]
2023-03-17 00:26:27,286 DEBUG server.RaftServer$Division (RaftServerImpl.java:logAppendEntries(1430)) - s6@group-6E994AD85659: receive appendEntries(s1, 1, (t:1, i:221), 221, true, commits:[s1:c221, s10:c220, s0:c220, s3:c220, s4:c220, s11:c220, s5:c220, s6:c220, s13:c220, s7:c220, s12:c220, s8:c220, s9:c220, s14:c220, s2:c220], cId:8813, entries: [(t:1, i:222), METADATAENTRY(c:221)]
2023-03-17 00:26:27,289 DEBUG server.RaftServer$Division (RaftServerImpl.java:logAppendEntries(1430)) - s3@group-6E994AD85659: succeeded to handle AppendEntries. Reply: s1<-s3#8812:OK-t1,SUCCESS,nextIndex=223,followerCommit=221,matchIndex=222
2023-03-17 00:26:27,286 DEBUG server.RaftServer$Division (RaftServerImpl.java:logAppendEntries(1430)) - s9@group-6E994AD85659: receive appendEntries(s1, 1, (t:1, i:221), 221, true, commits:[s1:c221, s10:c220, s0:c220, s3:c220, s4:c220, s11:c220, s5:c220, s6:c220, s13:c220, s7:c220, s12:c220, s8:c220, s9:c220, s14:c220, s2:c220], cId:8816, entries: [(t:1, i:222), METADATAENTRY(c:221)]
2023-03-17 00:26:27,289 DEBUG server.RaftServer$Division (RaftServerImpl.java:logAppendEntries(1430)) - s7@group-6E994AD85659: succeeded to handle AppendEntries. Reply: s1<-s7#8815:OK-t1,SUCCESS,nextIndex=223,followerCommit=221,matchIndex=222
2023-03-17 00:26:27,288 DEBUG server.RaftServer$Division (RaftServerImpl.java:logAppendEntries(1430)) - s8@group-6E994AD85659: receive appendEntries(s1, 1, (t:1, i:221), 221, true, commits:[s1:c221, s10:c220, s0:c220, s3:c220, s4:c220, s11:c220, s5:c220, s6:c220, s13:c220, s7:c220, s12:c220, s8:c220, s9:c220, s14:c220, s2:c220], cId:8819, entries: [(t:1, i:222), METADATAENTRY(c:221)]
2023-03-17 00:26:27,288 DEBUG server.RaftServer$Division (RaftServerImpl.java:logAppendEntries(1430)) - s2@group-6E994AD85659: succeeded to handle AppendEntries. Reply: s1<-s2#8820:OK-t1,SUCCESS,nextIndex=223,followerCommit=221,matchIndex=222
2023-03-17 00:26:27,288 DEBUG server.RaftServer$Division (RaftServerImpl.java:logAppendEntries(1430)) - s10@group-6E994AD85659: succeeded to handle AppendEntries. Reply: s1<-s10#8811:OK-t1,SUCCESS,nextIndex=223,followerCommit=221,matchIndex=222
2023-03-17 00:26:27,288 DEBUG server.RaftServer$Division (RaftServerImpl.java:logAppendEntries(1430)) - s5@group-6E994AD85659: receive appendEntries(s1, 1, (t:1, i:221), 221, true, commits:[s1:c221, s10:c220, s0:c220, s3:c220, s4:c220, s11:c220, s5:c220, s6:c220, s13:c220, s7:c220, s12:c220, s8:c220, s9:c220, s14:c220, s2:c220], cId:8821, entries: [(t:1, i:222), METADATAENTRY(c:221)]
2023-03-17 00:26:27,289 DEBUG server.RaftServer$Division (RaftServerImpl.java:logAppendEntries(1430)) - s0@group-6E994AD85659: succeeded to handle AppendEntries. Reply: s1<-s0#8810:OK-t1,SUCCESS,nextIndex=223,followerCommit=221,matchIndex=222
2023-03-17 00:26:27,289 DEBUG server.RaftServer$Division (RaftServerImpl.java:logAppendEntries(1430)) - s6@group-6E994AD85659: succeeded to handle AppendEntries. Reply: s1<-s6#8813:OK-t1,SUCCESS,nextIndex=223,followerCommit=221,matchIndex=222
2023-03-17 00:26:27,289 DEBUG server.RaftServer$Division (RaftServerImpl.java:logAppendEntries(1430)) - s9@group-6E994AD85659: succeeded to handle AppendEntries. Reply: s1<-s9#8816:OK-t1,SUCCESS,nextIndex=223,followerCommit=221,matchIndex=222
2023-03-17 00:26:27,288 DEBUG server.RaftServer$Division (RaftServerImpl.java:logAppendEntries(1430)) - s14@group-6E994AD85659: succeeded to handle AppendEntries. Reply: s1<-s14#8817:OK-t1,SUCCESS,nextIndex=223,followerCommit=221,matchIndex=222
2023-03-17 00:26:27,287 DEBUG server.RaftServer$Division (RaftServerImpl.java:logAppendEntries(1430)) - s11@group-6E994AD85659: receive appendEntries(s1, 1, (t:1, i:221), 221, true, commits:[s1:c221, s10:c220, s0:c220, s3:c220, s4:c220, s11:c220, s5:c220, s6:c220, s13:c220, s7:c220, s12:c220, s8:c220, s9:c220, s14:c220, s2:c220], cId:8818, entries: [(t:1, i:222), METADATAENTRY(c:221)]
2023-03-17 00:26:27,290 DEBUG server.RaftServer$Division (RaftServerImpl.java:logAppendEntries(1430)) - s5@group-6E994AD85659: succeeded to handle AppendEntries. Reply: s1<-s5#8821:OK-t1,SUCCESS,nextIndex=223,followerCommit=221,matchIndex=222
2023-03-17 00:26:27,289 DEBUG server.RaftServer$Division (RaftServerImpl.java:logAppendEntries(1430)) - s12@group-6E994AD85659: succeeded to handle AppendEntries. Reply: s1<-s12#8822:OK-t1,SUCCESS,nextIndex=223,followerCommit=221,matchIndex=222
2023-03-17 00:26:27,290 DEBUG server.RaftServer$Division (RaftServerImpl.java:logAppendEntries(1430)) - s11@group-6E994AD85659: succeeded to handle AppendEntries. Reply: s1<-s11#8818:OK-t1,SUCCESS,nextIndex=223,followerCommit=221,matchIndex=222
2023-03-17 00:26:27,291 DEBUG server.RaftServer$Division (RaftServerImpl.java:logAppendEntries(1430)) - s13@group-6E994AD85659: succeeded to handle AppendEntries. Reply: s1<-s13#8814:OK-t1,SUCCESS,nextIndex=223,followerCommit=221,matchIndex=222
2023-03-17 00:26:27,291 DEBUG server.RaftServer$Division (RaftServerImpl.java:logAppendEntries(1430)) - s4@group-6E994AD85659: succeeded to handle AppendEntries. Reply: s1<-s4#8809:OK-t1,SUCCESS,nextIndex=223,followerCommit=221,matchIndex=222
2023-03-17 00:26:27,293 DEBUG server.RaftServer$Division (RaftServerImpl.java:submitClientRequestAsync(835)) - s1@group-6E994AD85659: receive client request(RaftClientRequest:client-E8995F8E72F5->s1@group-6E994AD85659, cid=8823, seq=0, RW, Message:0101620240bba8000000...(size=12))
2023-03-17 00:26:27,293 DEBUG server.RaftServer$Division (RaftServerImpl.java:logAppendEntries(1430)) - s8@group-6E994AD85659: succeeded to handle AppendEntries. Reply: s1<-s8#8819:OK-t1,SUCCESS,nextIndex=223,followerCommit=221,matchIndex=222
2023-03-17 00:26:27,295 DEBUG server.RaftServer$Division (RaftServerImpl.java:logAppendEntries(1430)) - s9@group-6E994AD85659: receive appendEntries(s1, 1, (t:1, i:222), 222, true, commits:[s1:c222, s10:c221, s0:c221, s3:c221, s4:c221, s11:c221, s5:c221, s6:c221, s13:c221, s7:c221, s12:c221, s8:c221, s9:c221, s14:c221, s2:c221], cId:8829, entries: [(t:1, i:223), STATEMACHINELOGENTRY, 8823@client-E8995F8E72F5]
2023-03-17 00:26:27,295 DEBUG server.RaftServer$Division (RaftServerImpl.java:logAppendEntries(1430)) - s12@group-6E994AD85659: receive appendEntries(s1, 1, (t:1, i:222), 222, true, commits:[s1:c222, s10:c221, s0:c221, s3:c221, s4:c221, s11:c221, s5:c221, s6:c221, s13:c221, s7:c221, s12:c221, s8:c221, s9:c221, s14:c221, s2:c221], cId:8835, entries: [(t:1, i:223), STATEMACHINELOGENTRY, 8823@client-E8995F8E72F5]
2023-03-17 00:26:27,295 DEBUG server.RaftServer$Division (RaftServerImpl.java:logAppendEntries(1430)) - s6@group-6E994AD85659: receive appendEntries(s1, 1, (t:1, i:222), 222, true, commits:[s1:c222, s10:c221, s0:c221, s3:c221, s4:c221, s11:c221, s5:c221, s6:c221, s13:c221, s7:c221, s12:c221, s8:c221, s9:c221, s14:c221, s2:c221], cId:8831, entries: [(t:1, i:223), STATEMACHINELOGENTRY, 8823@client-E8995F8E72F5]
2023-03-17 00:26:27,296 DEBUG server.RaftServer$Division (RaftServerImpl.java:logAppendEntries(1430)) - s13@group-6E994AD85659: receive appendEntries(s1, 1, (t:1, i:222), 222, true, commits:[s1:c222, s10:c221, s0:c221, s3:c221, s4:c221, s11:c221, s5:c221, s6:c221, s13:c221, s7:c221, s12:c221, s8:c221, s9:c221, s14:c221, s2:c221], cId:8826, entries: [(t:1, i:223), STATEMACHINELOGENTRY, 8823@client-E8995F8E72F5]
2023-03-17 00:26:27,296 DEBUG server.RaftServer$Division (RaftServerImpl.java:logAppendEntries(1430)) - s0@group-6E994AD85659: receive appendEntries(s1, 1, (t:1, i:222), 222, true, commits:[s1:c222, s10:c221, s0:c221, s3:c221, s4:c221, s11:c221, s5:c221, s6:c221, s13:c221, s7:c221, s12:c221, s8:c221, s9:c221, s14:c221, s2:c221], cId:8834, entries: [(t:1, i:223), STATEMACHINELOGENTRY, 8823@client-E8995F8E72F5]
2023-03-17 00:26:27,296 DEBUG server.RaftServer$Division (RaftServerImpl.java:logAppendEntries(1430)) - s2@group-6E994AD85659: receive appendEntries(s1, 1, (t:1, i:222), 222, true, commits:[s1:c222, s10:c221, s0:c221, s3:c221, s4:c221, s11:c221, s5:c221, s6:c221, s13:c221, s7:c221, s12:c221, s8:c221, s9:c221, s14:c221, s2:c221], cId:8830, entries: [(t:1, i:223), STATEMACHINELOGENTRY, 8823@client-E8995F8E72F5]
2023-03-17 00:26:27,296 DEBUG server.RaftServer$Division (RaftServerImpl.java:logAppendEntries(1430)) - s4@group-6E994AD85659: receive appendEntries(s1, 1, (t:1, i:222), 222, true, commits:[s1:c222, s10:c221, s0:c221, s3:c221, s4:c221, s11:c221, s5:c221, s6:c221, s13:c221, s7:c221, s12:c221, s8:c221, s9:c221, s14:c221, s2:c221], cId:8825, entries: [(t:1, i:223), STATEMACHINELOGENTRY, 8823@client-E8995F8E72F5]
2023-03-17 00:26:27,296 DEBUG server.RaftServer$Division (RaftServerImpl.java:logAppendEntries(1430)) - s12@group-6E994AD85659: succeeded to handle AppendEntries. Reply: s1<-s12#8835:OK-t1,SUCCESS,nextIndex=224,followerCommit=222,matchIndex=223
2023-03-17 00:26:27,297 DEBUG server.RaftServer$Division (RaftServerImpl.java:logAppendEntries(1430)) - s5@group-6E994AD85659: receive appendEntries(s1, 1, (t:1, i:222), 222, true, commits:[s1:c222, s10:c221, s0:c221, s3:c221, s4:c221, s11:c221, s5:c221, s6:c221, s13:c221, s7:c221, s12:c221, s8:c221, s9:c221, s14:c221, s2:c221], cId:8832, entries: [(t:1, i:223), STATEMACHINELOGENTRY, 8823@client-E8995F8E72F5]
2023-03-17 00:26:27,297 DEBUG server.RaftServer$Division (RaftServerImpl.java:logAppendEntries(1430)) - s2@group-6E994AD85659: succeeded to handle AppendEntries. Reply: s1<-s2#8830:OK-t1,SUCCESS,nextIndex=224,followerCommit=222,matchIndex=223
2023-03-17 00:26:27,297 DEBUG server.RaftServer$Division (RaftServerImpl.java:logAppendEntries(1430)) - s13@group-6E994AD85659: succeeded to handle AppendEntries. Reply: s1<-s13#8826:OK-t1,SUCCESS,nextIndex=224,followerCommit=222,matchIndex=223
2023-03-17 00:26:27,298 DEBUG server.RaftServer$Division (RaftServerImpl.java:logAppendEntries(1430)) - s5@group-6E994AD85659: succeeded to handle AppendEntries. Reply: s1<-s5#8832:OK-t1,SUCCESS,nextIndex=224,followerCommit=222,matchIndex=223
2023-03-17 00:26:27,298 DEBUG server.RaftServer$Division (RaftServerImpl.java:logAppendEntries(1430)) - s10@group-6E994AD85659: receive appendEntries(s1, 1, (t:1, i:222), 222, true, commits:[s1:c222, s10:c221, s0:c221, s3:c221, s4:c221, s11:c221, s5:c221, s6:c221, s13:c221, s7:c221, s12:c221, s8:c221, s9:c221, s14:c221, s2:c221], cId:8833, entries: [(t:1, i:223), STATEMACHINELOGENTRY, 8823@client-E8995F8E72F5]
2023-03-17 00:26:27,298 DEBUG server.RaftServer$Division (RaftServerImpl.java:logAppendEntries(1430)) - s3@group-6E994AD85659: receive appendEntries(s1, 1, (t:1, i:222), 222, true, commits:[s1:c222, s10:c221, s0:c221, s3:c221, s4:c221, s11:c221, s5:c221, s6:c221, s13:c221, s7:c221, s12:c221, s8:c221, s9:c221, s14:c221, s2:c221], cId:8836, entries: [(t:1, i:223), STATEMACHINELOGENTRY, 8823@client-E8995F8E72F5]
2023-03-17 00:26:27,296 DEBUG server.RaftServer$Division (RaftServerImpl.java:logAppendEntries(1430)) - s11@group-6E994AD85659: receive appendEntries(s1, 1, (t:1, i:222), 222, true, commits:[s1:c222, s10:c221, s0:c221, s3:c221, s4:c221, s11:c221, s5:c221, s6:c221, s13:c221, s7:c221, s12:c221, s8:c221, s9:c221, s14:c221, s2:c221], cId:8828, entries: [(t:1, i:223), STATEMACHINELOGENTRY, 8823@client-E8995F8E72F5]
2023-03-17 00:26:27,296 DEBUG server.RaftServer$Division (RaftServerImpl.java:logAppendEntries(1430)) - s7@group-6E994AD85659: receive appendEntries(s1, 1, (t:1, i:222), 222, true, commits:[s1:c222, s10:c221, s0:c221, s3:c221, s4:c221, s11:c221, s5:c221, s6:c221, s13:c221, s7:c221, s12:c221, s8:c221, s9:c221, s14:c221, s2:c221], cId:8827, entries: [(t:1, i:223), STATEMACHINELOGENTRY, 8823@client-E8995F8E72F5]
2023-03-17 00:26:27,299 DEBUG server.RaftServer$Division (RaftServerImpl.java:logAppendEntries(1430)) - s8@group-6E994AD85659: receive appendEntries(s1, 1, (t:1, i:222), 222, true, commits:[s1:c222, s10:c221, s0:c221, s3:c221, s4:c221, s11:c221, s5:c221, s6:c221, s13:c221, s7:c221, s12:c221, s8:c221, s9:c221, s14:c221, s2:c221], cId:8837, entries: [(t:1, i:223), STATEMACHINELOGENTRY, 8823@client-E8995F8E72F5]
2023-03-17 00:26:27,296 DEBUG server.RaftServer$Division (RaftServerImpl.java:logAppendEntries(1430)) - s6@group-6E994AD85659: succeeded to handle AppendEntries. Reply: s1<-s6#8831:OK-t1,SUCCESS,nextIndex=224,followerCommit=222,matchIndex=223
2023-03-17 00:26:27,296 DEBUG server.RaftServer$Division (RaftServerImpl.java:logAppendEntries(1430)) - s14@group-6E994AD85659: receive appendEntries(s1, 1, (t:1, i:222), 222, true, commits:[s1:c222, s10:c221, s0:c221, s3:c221, s4:c221, s11:c221, s5:c221, s6:c221, s13:c221, s7:c221, s12:c221, s8:c221, s9:c221, s14:c221, s2:c221], cId:8824, entries: [(t:1, i:223), STATEMACHINELOGENTRY, 8823@client-E8995F8E72F5]
2023-03-17 00:26:27,299 DEBUG server.RaftServer$Division (RaftServerImpl.java:logAppendEntries(1430)) - s3@group-6E994AD85659: succeeded to handle AppendEntries. Reply: s1<-s3#8836:OK-t1,SUCCESS,nextIndex=224,followerCommit=222,matchIndex=223
2023-03-17 00:26:27,296 DEBUG server.RaftServer$Division (RaftServerImpl.java:logAppendEntries(1430)) - s9@group-6E994AD85659: succeeded to handle AppendEntries. Reply: s1<-s9#8829:OK-t1,SUCCESS,nextIndex=224,followerCommit=222,matchIndex=223
2023-03-17 00:26:27,299 DEBUG server.RaftServer$Division (RaftServerImpl.java:logAppendEntries(1430)) - s8@group-6E994AD85659: succeeded to handle AppendEntries. Reply: s1<-s8#8837:OK-t1,SUCCESS,nextIndex=224,followerCommit=222,matchIndex=223
2023-03-17 00:26:27,300 DEBUG server.RaftServer$Division (RaftServerImpl.java:logAppendEntries(1430)) - s7@group-6E994AD85659: succeeded to handle AppendEntries. Reply: s1<-s7#8827:OK-t1,SUCCESS,nextIndex=224,followerCommit=222,matchIndex=223
2023-03-17 00:26:27,299 DEBUG server.RaftServer$Division (LeaderStateImpl.java:addPendingRequest(474)) - s1@group-6E994AD85659-LeaderStateImpl: addPendingRequest at RaftClientRequest:client-E8995F8E72F5->s1@group-6E994AD85659, cid=8823, seq=0, RW, Message:0101620240bba8000000...(size=12), entry=(t:1, i:223), STATEMACHINELOGENTRY, 8823@client-E8995F8E72F5
2023-03-17 00:26:27,299 DEBUG server.RaftServer$Division (RaftServerImpl.java:logAppendEntries(1430)) - s4@group-6E994AD85659: succeeded to handle AppendEntries. Reply: s1<-s4#8825:OK-t1,SUCCESS,nextIndex=224,followerCommit=222,matchIndex=223
2023-03-17 00:26:27,299 DEBUG server.RaftServer$Division (RaftServerImpl.java:logAppendEntries(1430)) - s10@group-6E994AD85659: succeeded to handle AppendEntries. Reply: s1<-s10#8833:OK-t1,SUCCESS,nextIndex=224,followerCommit=222,matchIndex=223
2023-03-17 00:26:27,297 DEBUG server.RaftServer$Division (RaftServerImpl.java:logAppendEntries(1430)) - s0@group-6E994AD85659: succeeded to handle AppendEntries. Reply: s1<-s0#8834:OK-t1,SUCCESS,nextIndex=224,followerCommit=222,matchIndex=223
2023-03-17 00:26:27,300 DEBUG server.RaftServer$Division (RaftServerImpl.java:logAppendEntries(1430)) - s11@group-6E994AD85659: succeeded to handle AppendEntries. Reply: s1<-s11#8828:OK-t1,SUCCESS,nextIndex=224,followerCommit=222,matchIndex=223
2023-03-17 00:26:27,300 DEBUG server.RaftServer$Division (RaftServerImpl.java:logAppendEntries(1430)) - s14@group-6E994AD85659: succeeded to handle AppendEntries. Reply: s1<-s14#8824:OK-t1,SUCCESS,nextIndex=224,followerCommit=222,matchIndex=223
2023-03-17 00:26:27,301 INFO  statemachine.StateMachine (ArithmeticStateMachine.java:applyTransaction(182)) - LEADER:s1-223: b = 7080 = 7080
2023-03-17 00:26:27,301 DEBUG server.RaftServer$Division (RaftServerImpl.java:logAppendEntries(1430)) - s4@group-6E994AD85659: receive appendEntries(s1, 1, (t:1, i:223), 223, true, commits:[s1:c223, s10:c222, s0:c222, s3:c222, s4:c222, s11:c221, s5:c222, s6:c222, s13:c222, s7:c222, s12:c222, s8:c221, s9:c222, s14:c221, s2:c222], cId:8842, entries: [(t:1, i:224), METADATAENTRY(c:223)]
2023-03-17 00:26:27,302 DEBUG server.RaftServer$Division (RaftServerImpl.java:logAppendEntries(1430)) - s0@group-6E994AD85659: receive appendEntries(s1, 1, (t:1, i:223), 223, true, commits:[s1:c223, s10:c222, s0:c222, s3:c222, s4:c221, s11:c221, s5:c222, s6:c222, s13:c222, s7:c222, s12:c222, s8:c221, s9:c222, s14:c221, s2:c222], cId:8839, entries: [(t:1, i:224), METADATAENTRY(c:223)]
2023-03-17 00:26:27,303 DEBUG server.RaftServer$Division (RaftServerImpl.java:logAppendEntries(1430)) - s7@group-6E994AD85659: receive appendEntries(s1, 1, (t:1, i:223), 223, true, commits:[s1:c223, s10:c222, s0:c222, s3:c222, s4:c222, s11:c221, s5:c222, s6:c222, s13:c222, s7:c222, s12:c222, s8:c221, s9:c222, s14:c221, s2:c222], cId:8843, entries: [(t:1, i:224), METADATAENTRY(c:223)]
2023-03-17 00:26:27,303 DEBUG server.RaftServer$Division (RaftServerImpl.java:logAppendEntries(1430)) - s10@group-6E994AD85659: receive appendEntries(s1, 1, (t:1, i:223), 223, true, commits:[s1:c223, s10:c222, s0:c222, s3:c222, s4:c221, s11:c221, s5:c222, s6:c222, s13:c222, s7:c222, s12:c222, s8:c221, s9:c222, s14:c221, s2:c222], cId:8838, entries: [(t:1, i:224), METADATAENTRY(c:223)]
2023-03-17 00:26:27,303 DEBUG server.RaftServer$Division (RaftServerImpl.java:logAppendEntries(1430)) - s0@group-6E994AD85659: succeeded to handle AppendEntries. Reply: s1<-s0#8839:OK-t1,SUCCESS,nextIndex=225,followerCommit=223,matchIndex=224
2023-03-17 00:26:27,303 DEBUG server.RaftServer$Division (RaftServerImpl.java:logAppendEntries(1430)) - s5@group-6E994AD85659: receive appendEntries(s1, 1, (t:1, i:223), 223, true, commits:[s1:c223, s10:c222, s0:c222, s3:c222, s4:c221, s11:c221, s5:c222, s6:c222, s13:c222, s7:c222, s12:c222, s8:c221, s9:c222, s14:c221, s2:c222], cId:8840, entries: [(t:1, i:224), METADATAENTRY(c:223)]
2023-03-17 00:26:27,303 DEBUG server.RaftServer$Division (RaftServerImpl.java:logAppendEntries(1430)) - s7@group-6E994AD85659: succeeded to handle AppendEntries. Reply: s1<-s7#8843:OK-t1,SUCCESS,nextIndex=225,followerCommit=223,matchIndex=224
2023-03-17 00:26:27,304 DEBUG server.RaftServer$Division (RaftServerImpl.java:logAppendEntries(1430)) - s10@group-6E994AD85659: succeeded to handle AppendEntries. Reply: s1<-s10#8838:OK-t1,SUCCESS,nextIndex=225,followerCommit=223,matchIndex=224
2023-03-17 00:26:27,302 DEBUG server.RaftServer$Division (RaftServerImpl.java:logAppendEntries(1430)) - s9@group-6E994AD85659: receive appendEntries(s1, 1, (t:1, i:223), 223, true, commits:[s1:c223, s10:c222, s0:c222, s3:c222, s4:c222, s11:c221, s5:c222, s6:c222, s13:c222, s7:c222, s12:c222, s8:c221, s9:c222, s14:c221, s2:c222], cId:8844, entries: [(t:1, i:224), METADATAENTRY(c:223)]
2023-03-17 00:26:27,304 DEBUG server.RaftServer$Division (RaftServerImpl.java:logAppendEntries(1430)) - s5@group-6E994AD85659: succeeded to handle AppendEntries. Reply: s1<-s5#8840:OK-t1,SUCCESS,nextIndex=225,followerCommit=223,matchIndex=224
2023-03-17 00:26:27,304 DEBUG server.RaftServer$Division (RaftServerImpl.java:logAppendEntries(1430)) - s14@group-6E994AD85659: receive appendEntries(s1, 1, (t:1, i:223), 223, true, commits:[s1:c223, s10:c222, s0:c222, s3:c222, s4:c222, s11:c221, s5:c222, s6:c222, s13:c222, s7:c222, s12:c222, s8:c221, s9:c222, s14:c222, s2:c222], cId:8849, entries: [(t:1, i:224), METADATAENTRY(c:223)]
2023-03-17 00:26:27,304 DEBUG server.RaftServer$Division (RaftServerImpl.java:logAppendEntries(1430)) - s9@group-6E994AD85659: succeeded to handle AppendEntries. Reply: s1<-s9#8844:OK-t1,SUCCESS,nextIndex=225,followerCommit=223,matchIndex=224
2023-03-17 00:26:27,305 DEBUG server.RaftServer$Division (RaftServerImpl.java:logAppendEntries(1430)) - s3@group-6E994AD85659: receive appendEntries(s1, 1, (t:1, i:223), 223, true, commits:[s1:c223, s10:c222, s0:c222, s3:c222, s4:c221, s11:c221, s5:c222, s6:c222, s13:c222, s7:c222, s12:c222, s8:c221, s9:c222, s14:c221, s2:c222], cId:8841, entries: [(t:1, i:224), METADATAENTRY(c:223)]
2023-03-17 00:26:27,305 DEBUG server.RaftServer$Division (RaftServerImpl.java:logAppendEntries(1430)) - s14@group-6E994AD85659: succeeded to handle AppendEntries. Reply: s1<-s14#8849:OK-t1,SUCCESS,nextIndex=225,followerCommit=223,matchIndex=224
2023-03-17 00:26:27,302 DEBUG server.RaftServer$Division (RaftServerImpl.java:logAppendEntries(1430)) - s13@group-6E994AD85659: receive appendEntries(s1, 1, (t:1, i:223), 223, true, commits:[s1:c223, s10:c222, s0:c222, s3:c222, s4:c222, s11:c221, s5:c222, s6:c222, s13:c222, s7:c222, s12:c222, s8:c221, s9:c222, s14:c221, s2:c222], cId:8846, entries: [(t:1, i:224), METADATAENTRY(c:223)]
2023-03-17 00:26:27,302 DEBUG server.RaftServer$Division (RaftServerImpl.java:logAppendEntries(1430)) - s6@group-6E994AD85659: receive appendEntries(s1, 1, (t:1, i:223), 223, true, commits:[s1:c223, s10:c222, s0:c222, s3:c222, s4:c222, s11:c221, s5:c222, s6:c222, s13:c222, s7:c222, s12:c222, s8:c221, s9:c222, s14:c221, s2:c222], cId:8847, entries: [(t:1, i:224), METADATAENTRY(c:223)]
2023-03-17 00:26:27,302 DEBUG server.RaftServer$Division (RaftServerImpl.java:logAppendEntries(1430)) - s12@group-6E994AD85659: receive appendEntries(s1, 1, (t:1, i:223), 223, true, commits:[s1:c223, s10:c222, s0:c222, s3:c222, s4:c222, s11:c221, s5:c222, s6:c222, s13:c222, s7:c222, s12:c222, s8:c221, s9:c222, s14:c221, s2:c222], cId:8848, entries: [(t:1, i:224), METADATAENTRY(c:223)]
2023-03-17 00:26:27,303 DEBUG server.RaftServer$Division (RaftServerImpl.java:logAppendEntries(1430)) - s2@group-6E994AD85659: receive appendEntries(s1, 1, (t:1, i:223), 223, true, commits:[s1:c223, s10:c222, s0:c222, s3:c222, s4:c222, s11:c221, s5:c222, s6:c222, s13:c222, s7:c222, s12:c222, s8:c221, s9:c222, s14:c221, s2:c222], cId:8845, entries: [(t:1, i:224), METADATAENTRY(c:223)]
2023-03-17 00:26:27,306 DEBUG server.RaftServer$Division (RaftServerImpl.java:logAppendEntries(1430)) - s4@group-6E994AD85659: succeeded to handle AppendEntries. Reply: s1<-s4#8842:OK-t1,SUCCESS,nextIndex=225,followerCommit=223,matchIndex=224
2023-03-17 00:26:27,306 DEBUG server.RaftServer$Division (RaftServerImpl.java:logAppendEntries(1430)) - s6@group-6E994AD85659: succeeded to handle AppendEntries. Reply: s1<-s6#8847:OK-t1,SUCCESS,nextIndex=225,followerCommit=223,matchIndex=224
2023-03-17 00:26:27,306 DEBUG server.RaftServer$Division (RaftServerImpl.java:logAppendEntries(1430)) - s13@group-6E994AD85659: succeeded to handle AppendEntries. Reply: s1<-s13#8846:OK-t1,SUCCESS,nextIndex=225,followerCommit=223,matchIndex=224
2023-03-17 00:26:27,306 DEBUG server.RaftServer$Division (RaftServerImpl.java:logAppendEntries(1430)) - s2@group-6E994AD85659: succeeded to handle AppendEntries. Reply: s1<-s2#8845:OK-t1,SUCCESS,nextIndex=225,followerCommit=223,matchIndex=224
2023-03-17 00:26:27,307 DEBUG server.RaftServer$Division (RaftServerImpl.java:logAppendEntries(1430)) - s12@group-6E994AD85659: succeeded to handle AppendEntries. Reply: s1<-s12#8848:OK-t1,SUCCESS,nextIndex=225,followerCommit=223,matchIndex=224
2023-03-17 00:26:27,307 DEBUG server.RaftServer$Division (RaftServerImpl.java:logAppendEntries(1430)) - s11@group-6E994AD85659: receive appendEntries(s1, 1, (t:1, i:223), 223, true, commits:[s1:c223, s10:c222, s0:c222, s3:c222, s4:c222, s11:c222, s5:c222, s6:c222, s13:c222, s7:c222, s12:c222, s8:c221, s9:c222, s14:c222, s2:c222], cId:8850, entries: [(t:1, i:224), METADATAENTRY(c:223)]
2023-03-17 00:26:27,307 DEBUG server.RaftServer$Division (RaftServerImpl.java:logAppendEntries(1430)) - s11@group-6E994AD85659: succeeded to handle AppendEntries. Reply: s1<-s11#8850:OK-t1,SUCCESS,nextIndex=225,followerCommit=223,matchIndex=224
2023-03-17 00:26:27,308 DEBUG server.RaftServer$Division (RaftServerImpl.java:submitClientRequestAsync(835)) - s1@group-6E994AD85659: receive client request(RaftClientRequest:client-E8995F8E72F5->s1@group-6E994AD85659, cid=8851, seq=0, RW, Message:01016304010300040201...(size=17))
2023-03-17 00:26:27,309 DEBUG server.RaftServer$Division (RaftServerImpl.java:logAppendEntries(1430)) - s8@group-6E994AD85659: receive appendEntries(s1, 1, (t:1, i:223), 224, true, commits:[s1:c224, s10:c223, s0:c223, s3:c222, s4:c223, s11:c222, s5:c223, s6:c223, s13:c223, s7:c223, s12:c223, s8:c222, s9:c223, s14:c223, s2:c222], cId:8852, entries: [(t:1, i:224), METADATAENTRY(c:223)]
2023-03-17 00:26:27,309 DEBUG server.RaftServer$Division (LeaderStateImpl.java:addPendingRequest(474)) - s1@group-6E994AD85659-LeaderStateImpl: addPendingRequest at RaftClientRequest:client-E8995F8E72F5->s1@group-6E994AD85659, cid=8851, seq=0, RW, Message:01016304010300040201...(size=17), entry=(t:1, i:225), STATEMACHINELOGENTRY, 8851@client-E8995F8E72F5
2023-03-17 00:26:27,309 DEBUG server.RaftServer$Division (RaftServerImpl.java:logAppendEntries(1430)) - s3@group-6E994AD85659: succeeded to handle AppendEntries. Reply: s1<-s3#8841:OK-t1,SUCCESS,nextIndex=225,followerCommit=223,matchIndex=224
2023-03-17 00:26:27,310 DEBUG server.RaftServer$Division (RaftServerImpl.java:logAppendEntries(1430)) - s10@group-6E994AD85659: receive appendEntries(s1, 1, (t:1, i:224), 224, true, commits:[s1:c224, s10:c223, s0:c223, s3:c222, s4:c223, s11:c223, s5:c223, s6:c223, s13:c223, s7:c223, s12:c223, s8:c222, s9:c223, s14:c223, s2:c223], cId:8853, entries: [(t:1, i:225), STATEMACHINELOGENTRY, 8851@client-E8995F8E72F5]
2023-03-17 00:26:27,311 DEBUG server.RaftServer$Division (RaftServerImpl.java:logAppendEntries(1430)) - s10@group-6E994AD85659: succeeded to handle AppendEntries. Reply: s1<-s10#8853:OK-t1,SUCCESS,nextIndex=226,followerCommit=224,matchIndex=225
2023-03-17 00:26:27,311 DEBUG server.RaftServer$Division (RaftServerImpl.java:logAppendEntries(1430)) - s9@group-6E994AD85659: receive appendEntries(s1, 1, (t:1, i:224), 224, true, commits:[s1:c224, s10:c223, s0:c223, s3:c223, s4:c223, s11:c223, s5:c223, s6:c223, s13:c223, s7:c223, s12:c223, s8:c222, s9:c223, s14:c223, s2:c223], cId:8859, entries: [(t:1, i:225), STATEMACHINELOGENTRY, 8851@client-E8995F8E72F5]
2023-03-17 00:26:27,311 DEBUG server.RaftServer$Division (RaftServerImpl.java:logAppendEntries(1430)) - s13@group-6E994AD85659: receive appendEntries(s1, 1, (t:1, i:224), 224, true, commits:[s1:c224, s10:c223, s0:c223, s3:c223, s4:c223, s11:c223, s5:c223, s6:c223, s13:c223, s7:c223, s12:c223, s8:c222, s9:c223, s14:c223, s2:c223], cId:8861, entries: [(t:1, i:225), STATEMACHINELOGENTRY, 8851@client-E8995F8E72F5]
2023-03-17 00:26:27,312 DEBUG server.RaftServer$Division (RaftServerImpl.java:logAppendEntries(1430)) - s6@group-6E994AD85659: receive appendEntries(s1, 1, (t:1, i:224), 224, true, commits:[s1:c224, s10:c223, s0:c223, s3:c223, s4:c223, s11:c223, s5:c223, s6:c223, s13:c223, s7:c223, s12:c223, s8:c222, s9:c223, s14:c223, s2:c223], cId:8862, entries: [(t:1, i:225), STATEMACHINELOGENTRY, 8851@client-E8995F8E72F5]
2023-03-17 00:26:27,312 DEBUG server.RaftServer$Division (RaftServerImpl.java:logAppendEntries(1430)) - s12@group-6E994AD85659: receive appendEntries(s1, 1, (t:1, i:224), 224, true, commits:[s1:c224, s10:c223, s0:c223, s3:c223, s4:c223, s11:c223, s5:c223, s6:c223, s13:c223, s7:c223, s12:c223, s8:c222, s9:c223, s14:c223, s2:c223], cId:8865, entries: [(t:1, i:225), STATEMACHINELOGENTRY, 8851@client-E8995F8E72F5]
2023-03-17 00:26:27,312 DEBUG server.RaftServer$Division (RaftServerImpl.java:logAppendEntries(1430)) - s14@group-6E994AD85659: receive appendEntries(s1, 1, (t:1, i:224), 224, true, commits:[s1:c224, s10:c223, s0:c223, s3:c223, s4:c223, s11:c223, s5:c223, s6:c223, s13:c223, s7:c223, s12:c223, s8:c222, s9:c223, s14:c223, s2:c223], cId:8856, entries: [(t:1, i:225), STATEMACHINELOGENTRY, 8851@client-E8995F8E72F5]
2023-03-17 00:26:27,312 DEBUG server.RaftServer$Division (RaftServerImpl.java:logAppendEntries(1430)) - s12@group-6E994AD85659: succeeded to handle AppendEntries. Reply: s1<-s12#8865:OK-t1,SUCCESS,nextIndex=226,followerCommit=224,matchIndex=225
2023-03-17 00:26:27,312 DEBUG server.RaftServer$Division (RaftServerImpl.java:logAppendEntries(1430)) - s9@group-6E994AD85659: succeeded to handle AppendEntries. Reply: s1<-s9#8859:OK-t1,SUCCESS,nextIndex=226,followerCommit=224,matchIndex=225
2023-03-17 00:26:27,312 DEBUG server.RaftServer$Division (RaftServerImpl.java:logAppendEntries(1430)) - s2@group-6E994AD85659: receive appendEntries(s1, 1, (t:1, i:224), 224, true, commits:[s1:c224, s10:c223, s0:c223, s3:c223, s4:c223, s11:c223, s5:c223, s6:c223, s13:c223, s7:c223, s12:c223, s8:c222, s9:c223, s14:c223, s2:c223], cId:8858, entries: [(t:1, i:225), STATEMACHINELOGENTRY, 8851@client-E8995F8E72F5]
2023-03-17 00:26:27,313 DEBUG server.RaftServer$Division (RaftServerImpl.java:logAppendEntries(1430)) - s0@group-6E994AD85659: receive appendEntries(s1, 1, (t:1, i:224), 224, true, commits:[s1:c224, s10:c223, s0:c223, s3:c223, s4:c223, s11:c223, s5:c223, s6:c223, s13:c223, s7:c223, s12:c223, s8:c222, s9:c223, s14:c223, s2:c223], cId:8864, entries: [(t:1, i:225), STATEMACHINELOGENTRY, 8851@client-E8995F8E72F5]
2023-03-17 00:26:27,313 DEBUG server.RaftServer$Division (RaftServerImpl.java:logAppendEntries(1430)) - s6@group-6E994AD85659: succeeded to handle AppendEntries. Reply: s1<-s6#8862:OK-t1,SUCCESS,nextIndex=226,followerCommit=224,matchIndex=225
2023-03-17 00:26:27,313 DEBUG server.RaftServer$Division (RaftServerImpl.java:logAppendEntries(1430)) - s14@group-6E994AD85659: succeeded to handle AppendEntries. Reply: s1<-s14#8856:OK-t1,SUCCESS,nextIndex=226,followerCommit=224,matchIndex=225
2023-03-17 00:26:27,313 DEBUG server.RaftServer$Division (RaftServerImpl.java:logAppendEntries(1430)) - s0@group-6E994AD85659: succeeded to handle AppendEntries. Reply: s1<-s0#8864:OK-t1,SUCCESS,nextIndex=226,followerCommit=224,matchIndex=225
2023-03-17 00:26:27,313 DEBUG server.RaftServer$Division (RaftServerImpl.java:logAppendEntries(1430)) - s13@group-6E994AD85659: succeeded to handle AppendEntries. Reply: s1<-s13#8861:OK-t1,SUCCESS,nextIndex=226,followerCommit=224,matchIndex=225
2023-03-17 00:26:27,313 DEBUG server.RaftServer$Division (RaftServerImpl.java:logAppendEntries(1430)) - s3@group-6E994AD85659: receive appendEntries(s1, 1, (t:1, i:224), 224, true, commits:[s1:c224, s10:c223, s0:c223, s3:c223, s4:c223, s11:c223, s5:c223, s6:c223, s13:c223, s7:c223, s12:c223, s8:c222, s9:c223, s14:c223, s2:c223], cId:8854, entries: [(t:1, i:225), STATEMACHINELOGENTRY, 8851@client-E8995F8E72F5]
2023-03-17 00:26:27,312 DEBUG server.RaftServer$Division (RaftServerImpl.java:logAppendEntries(1430)) - s7@group-6E994AD85659: receive appendEntries(s1, 1, (t:1, i:224), 224, true, commits:[s1:c224, s10:c223, s0:c223, s3:c223, s4:c223, s11:c223, s5:c223, s6:c223, s13:c223, s7:c223, s12:c223, s8:c222, s9:c223, s14:c223, s2:c223], cId:8857, entries: [(t:1, i:225), STATEMACHINELOGENTRY, 8851@client-E8995F8E72F5]
2023-03-17 00:26:27,313 DEBUG server.RaftServer$Division (RaftServerImpl.java:logAppendEntries(1430)) - s5@group-6E994AD85659: receive appendEntries(s1, 1, (t:1, i:224), 224, true, commits:[s1:c224, s10:c223, s0:c223, s3:c223, s4:c223, s11:c223, s5:c223, s6:c223, s13:c223, s7:c223, s12:c223, s8:c222, s9:c223, s14:c223, s2:c223], cId:8863, entries: [(t:1, i:225), STATEMACHINELOGENTRY, 8851@client-E8995F8E72F5]
2023-03-17 00:26:27,313 DEBUG server.RaftServer$Division (RaftServerImpl.java:logAppendEntries(1430)) - s2@group-6E994AD85659: succeeded to handle AppendEntries. Reply: s1<-s2#8858:OK-t1,SUCCESS,nextIndex=226,followerCommit=224,matchIndex=225
2023-03-17 00:26:27,314 DEBUG server.RaftServer$Division (RaftServerImpl.java:logAppendEntries(1430)) - s8@group-6E994AD85659: succeeded to handle AppendEntries. Reply: s1<-s8#8852:OK-t1,SUCCESS,nextIndex=225,followerCommit=224,matchIndex=224
2023-03-17 00:26:27,314 DEBUG server.RaftServer$Division (RaftServerImpl.java:logAppendEntries(1430)) - s3@group-6E994AD85659: succeeded to handle AppendEntries. Reply: s1<-s3#8854:OK-t1,SUCCESS,nextIndex=226,followerCommit=224,matchIndex=225
2023-03-17 00:26:27,314 DEBUG server.RaftServer$Division (RaftServerImpl.java:logAppendEntries(1430)) - s7@group-6E994AD85659: succeeded to handle AppendEntries. Reply: s1<-s7#8857:OK-t1,SUCCESS,nextIndex=226,followerCommit=224,matchIndex=225
2023-03-17 00:26:27,314 DEBUG server.RaftServer$Division (RaftServerImpl.java:logAppendEntries(1430)) - s5@group-6E994AD85659: succeeded to handle AppendEntries. Reply: s1<-s5#8863:OK-t1,SUCCESS,nextIndex=226,followerCommit=224,matchIndex=225
2023-03-17 00:26:27,315 DEBUG server.RaftServer$Division (RaftServerImpl.java:logAppendEntries(1430)) - s4@group-6E994AD85659: receive appendEntries(s1, 1, (t:1, i:224), 224, true, commits:[s1:c224, s10:c223, s0:c223, s3:c223, s4:c223, s11:c223, s5:c223, s6:c223, s13:c223, s7:c223, s12:c223, s8:c222, s9:c223, s14:c223, s2:c223], cId:8860, entries: [(t:1, i:225), STATEMACHINELOGENTRY, 8851@client-E8995F8E72F5]
2023-03-17 00:26:27,315 INFO  statemachine.StateMachine (ArithmeticStateMachine.java:applyTransaction(182)) - LEADER:s1-225: c = √(a^2 + b^2) = 7081
2023-03-17 00:26:27,316 DEBUG server.RaftServer$Division (RaftServerImpl.java:logAppendEntries(1430)) - s9@group-6E994AD85659: receive appendEntries(s1, 1, (t:1, i:225), 225, true, commits:[s1:c225, s10:c224, s0:c224, s3:c223, s4:c223, s11:c223, s5:c223, s6:c224, s13:c224, s7:c224, s12:c224, s8:c222, s9:c224, s14:c224, s2:c223], cId:8872, entries: [(t:1, i:226), METADATAENTRY(c:225)]
2023-03-17 00:26:27,316 DEBUG server.RaftServer$Division (RaftServerImpl.java:logAppendEntries(1430)) - s12@group-6E994AD85659: receive appendEntries(s1, 1, (t:1, i:225), 225, true, commits:[s1:c225, s10:c224, s0:c224, s3:c223, s4:c223, s11:c223, s5:c223, s6:c224, s13:c224, s7:c224, s12:c224, s8:c222, s9:c224, s14:c224, s2:c223], cId:8873, entries: [(t:1, i:226), METADATAENTRY(c:225)]
2023-03-17 00:26:27,316 DEBUG server.RaftServer$Division (RaftServerImpl.java:logAppendEntries(1430)) - s6@group-6E994AD85659: receive appendEntries(s1, 1, (t:1, i:225), 225, true, commits:[s1:c225, s10:c224, s0:c224, s3:c223, s4:c223, s11:c223, s5:c223, s6:c224, s13:c223, s7:c224, s12:c224, s8:c222, s9:c224, s14:c224, s2:c223], cId:8868, entries: [(t:1, i:226), METADATAENTRY(c:225)]
2023-03-17 00:26:27,316 DEBUG server.RaftServer$Division (RaftServerImpl.java:logAppendEntries(1430)) - s4@group-6E994AD85659: succeeded to handle AppendEntries. Reply: s1<-s4#8860:OK-t1,SUCCESS,nextIndex=226,followerCommit=224,matchIndex=225
2023-03-17 00:26:27,316 DEBUG server.RaftServer$Division (RaftServerImpl.java:logAppendEntries(1430)) - s9@group-6E994AD85659: succeeded to handle AppendEntries. Reply: s1<-s9#8872:OK-t1,SUCCESS,nextIndex=227,followerCommit=225,matchIndex=226
2023-03-17 00:26:27,317 DEBUG server.RaftServer$Division (RaftServerImpl.java:logAppendEntries(1430)) - s6@group-6E994AD85659: succeeded to handle AppendEntries. Reply: s1<-s6#8868:OK-t1,SUCCESS,nextIndex=227,followerCommit=225,matchIndex=226
2023-03-17 00:26:27,317 DEBUG server.RaftServer$Division (RaftServerImpl.java:logAppendEntries(1430)) - s0@group-6E994AD85659: receive appendEntries(s1, 1, (t:1, i:225), 225, true, commits:[s1:c225, s10:c224, s0:c224, s3:c223, s4:c223, s11:c223, s5:c223, s6:c224, s13:c223, s7:c224, s12:c224, s8:c222, s9:c224, s14:c224, s2:c223], cId:8867, entries: [(t:1, i:226), METADATAENTRY(c:225)]
2023-03-17 00:26:27,317 DEBUG server.RaftServer$Division (RaftServerImpl.java:logAppendEntries(1430)) - s14@group-6E994AD85659: receive appendEntries(s1, 1, (t:1, i:225), 225, true, commits:[s1:c225, s10:c224, s0:c224, s3:c223, s4:c223, s11:c223, s5:c223, s6:c224, s13:c224, s7:c224, s12:c224, s8:c222, s9:c224, s14:c224, s2:c223], cId:8871, entries: [(t:1, i:226), METADATAENTRY(c:225)]
2023-03-17 00:26:27,317 DEBUG server.RaftServer$Division (RaftServerImpl.java:logAppendEntries(1430)) - s7@group-6E994AD85659: receive appendEntries(s1, 1, (t:1, i:225), 225, true, commits:[s1:c225, s10:c224, s0:c224, s3:c223, s4:c223, s11:c223, s5:c223, s6:c224, s13:c224, s7:c224, s12:c224, s8:c222, s9:c224, s14:c224, s2:c223], cId:8870, entries: [(t:1, i:226), METADATAENTRY(c:225)]
2023-03-17 00:26:27,318 DEBUG server.RaftServer$Division (RaftServerImpl.java:logAppendEntries(1430)) - s0@group-6E994AD85659: succeeded to handle AppendEntries. Reply: s1<-s0#8867:OK-t1,SUCCESS,nextIndex=227,followerCommit=225,matchIndex=226
2023-03-17 00:26:27,318 DEBUG server.RaftServer$Division (RaftServerImpl.java:logAppendEntries(1430)) - s14@group-6E994AD85659: succeeded to handle AppendEntries. Reply: s1<-s14#8871:OK-t1,SUCCESS,nextIndex=227,followerCommit=225,matchIndex=226
2023-03-17 00:26:27,318 DEBUG server.RaftServer$Division (RaftServerImpl.java:logAppendEntries(1430)) - s7@group-6E994AD85659: succeeded to handle AppendEntries. Reply: s1<-s7#8870:OK-t1,SUCCESS,nextIndex=227,followerCommit=225,matchIndex=226
2023-03-17 00:26:27,318 DEBUG server.RaftServer$Division (RaftServerImpl.java:logAppendEntries(1430)) - s2@group-6E994AD85659: receive appendEntries(s1, 1, (t:1, i:225), 225, true, commits:[s1:c225, s10:c224, s0:c224, s3:c223, s4:c223, s11:c223, s5:c223, s6:c224, s13:c224, s7:c224, s12:c224, s8:c222, s9:c224, s14:c224, s2:c224], cId:8874, entries: [(t:1, i:226), METADATAENTRY(c:225)]
2023-03-17 00:26:27,317 DEBUG server.RaftServer$Division (RaftServerImpl.java:logAppendEntries(1430)) - s12@group-6E994AD85659: succeeded to handle AppendEntries. Reply: s1<-s12#8873:OK-t1,SUCCESS,nextIndex=227,followerCommit=225,matchIndex=226
2023-03-17 00:26:27,318 DEBUG server.RaftServer$Division (RaftServerImpl.java:logAppendEntries(1430)) - s10@group-6E994AD85659: receive appendEntries(s1, 1, (t:1, i:225), 225, true, commits:[s1:c225, s10:c224, s0:c224, s3:c223, s4:c223, s11:c223, s5:c223, s6:c224, s13:c223, s7:c224, s12:c224, s8:c222, s9:c224, s14:c224, s2:c223], cId:8866, entries: [(t:1, i:226), METADATAENTRY(c:225)]
2023-03-17 00:26:27,319 DEBUG server.RaftServer$Division (RaftServerImpl.java:logAppendEntries(1430)) - s13@group-6E994AD85659: receive appendEntries(s1, 1, (t:1, i:225), 225, true, commits:[s1:c225, s10:c224, s0:c224, s3:c223, s4:c223, s11:c223, s5:c223, s6:c224, s13:c224, s7:c224, s12:c224, s8:c222, s9:c224, s14:c224, s2:c223], cId:8869, entries: [(t:1, i:226), METADATAENTRY(c:225)]
2023-03-17 00:26:27,319 DEBUG server.RaftServer$Division (RaftServerImpl.java:logAppendEntries(1430)) - s10@group-6E994AD85659: succeeded to handle AppendEntries. Reply: s1<-s10#8866:OK-t1,SUCCESS,nextIndex=227,followerCommit=225,matchIndex=226
2023-03-17 00:26:27,319 DEBUG server.RaftServer$Division (RaftServerImpl.java:logAppendEntries(1430)) - s2@group-6E994AD85659: succeeded to handle AppendEntries. Reply: s1<-s2#8874:OK-t1,SUCCESS,nextIndex=227,followerCommit=225,matchIndex=226
2023-03-17 00:26:27,320 DEBUG server.RaftServer$Division (RaftServerImpl.java:logAppendEntries(1430)) - s11@group-6E994AD85659: receive appendEntries(s1, 1, (t:1, i:224), 224, true, commits:[s1:c224, s10:c223, s0:c223, s3:c223, s4:c223, s11:c223, s5:c223, s6:c223, s13:c223, s7:c223, s12:c223, s8:c222, s9:c223, s14:c223, s2:c223], cId:8855, entries: [(t:1, i:225), STATEMACHINELOGENTRY, 8851@client-E8995F8E72F5]
2023-03-17 00:26:27,320 DEBUG server.RaftServer$Division (RaftServerImpl.java:logAppendEntries(1430)) - s5@group-6E994AD85659: receive appendEntries(s1, 1, (t:1, i:225), 225, true, commits:[s1:c225, s10:c224, s0:c224, s3:c223, s4:c223, s11:c223, s5:c224, s6:c224, s13:c224, s7:c224, s12:c224, s8:c222, s9:c224, s14:c224, s2:c224], cId:8875, entries: [(t:1, i:226), METADATAENTRY(c:225)]
2023-03-17 00:26:27,320 DEBUG server.RaftServer$Division (RaftServerImpl.java:logAppendEntries(1430)) - s4@group-6E994AD85659: receive appendEntries(s1, 1, (t:1, i:225), 225, true, commits:[s1:c225, s10:c224, s0:c225, s3:c223, s4:c224, s11:c223, s5:c224, s6:c225, s13:c224, s7:c225, s12:c225, s8:c222, s9:c225, s14:c224, s2:c224], cId:8876, entries: [(t:1, i:226), METADATAENTRY(c:225)]
2023-03-17 00:26:27,320 DEBUG server.RaftServer$Division (RaftServerImpl.java:logAppendEntries(1430)) - s13@group-6E994AD85659: succeeded to handle AppendEntries. Reply: s1<-s13#8869:OK-t1,SUCCESS,nextIndex=227,followerCommit=225,matchIndex=226
2023-03-17 00:26:27,321 DEBUG server.RaftServer$Division (RaftServerImpl.java:logAppendEntries(1430)) - s5@group-6E994AD85659: succeeded to handle AppendEntries. Reply: s1<-s5#8875:OK-t1,SUCCESS,nextIndex=227,followerCommit=225,matchIndex=226
2023-03-17 00:26:27,321 DEBUG server.RaftServer$Division (RaftServerImpl.java:logAppendEntries(1430)) - s4@group-6E994AD85659: succeeded to handle AppendEntries. Reply: s1<-s4#8876:OK-t1,SUCCESS,nextIndex=227,followerCommit=225,matchIndex=226
2023-03-17 00:26:27,323 DEBUG server.RaftServer$Division (RaftServerImpl.java:logAppendEntries(1430)) - s11@group-6E994AD85659: succeeded to handle AppendEntries. Reply: s1<-s11#8855:OK-t1,SUCCESS,nextIndex=226,followerCommit=224,matchIndex=225
2023-03-17 00:26:27,323 DEBUG server.RaftServer$Division (RaftServerImpl.java:submitClientRequestAsync(835)) - s1@group-6E994AD85659: receive client request(RaftClientRequest:client-E8995F8E72F5->s1@group-6E994AD85659, cid=8877, seq=0, RW, Message:01016100)
2023-03-17 00:26:27,324 DEBUG server.RaftServer$Division (RaftServerImpl.java:logAppendEntries(1430)) - s8@group-6E994AD85659: receive appendEntries(s1, 1, (t:1, i:224), 226, true, commits:[s1:c226, s10:c225, s0:c225, s3:c223, s4:c225, s11:c223, s5:c224, s6:c225, s13:c225, s7:c225, s12:c225, s8:c224, s9:c225, s14:c225, s2:c225], cId:8878, entries: [(t:1, i:225), STATEMACHINELOGENTRY, 8851@client-E8995F8E72F5, (t:1, i:226), METADATAENTRY(c:225)]
2023-03-17 00:26:27,326 DEBUG server.RaftServer$Division (RaftServerImpl.java:logAppendEntries(1430)) - s9@group-6E994AD85659: receive appendEntries(s1, 1, (t:1, i:226), 226, true, commits:[s1:c226, s10:c225, s0:c225, s3:c224, s4:c225, s11:c224, s5:c225, s6:c225, s13:c225, s7:c225, s12:c225, s8:c224, s9:c225, s14:c225, s2:c225], cId:8881, entries: [(t:1, i:227), STATEMACHINELOGENTRY, 8877@client-E8995F8E72F5]
2023-03-17 00:26:27,326 DEBUG server.RaftServer$Division (RaftServerImpl.java:logAppendEntries(1430)) - s12@group-6E994AD85659: receive appendEntries(s1, 1, (t:1, i:226), 226, true, commits:[s1:c226, s10:c225, s0:c225, s3:c224, s4:c225, s11:c224, s5:c225, s6:c225, s13:c225, s7:c225, s12:c225, s8:c224, s9:c225, s14:c225, s2:c225], cId:8888, entries: [(t:1, i:227), STATEMACHINELOGENTRY, 8877@client-E8995F8E72F5]
2023-03-17 00:26:27,326 DEBUG server.RaftServer$Division (RaftServerImpl.java:logAppendEntries(1430)) - s6@group-6E994AD85659: receive appendEntries(s1, 1, (t:1, i:226), 226, true, commits:[s1:c226, s10:c225, s0:c225, s3:c224, s4:c225, s11:c224, s5:c225, s6:c225, s13:c225, s7:c225, s12:c225, s8:c224, s9:c225, s14:c225, s2:c225], cId:8885, entries: [(t:1, i:227), STATEMACHINELOGENTRY, 8877@client-E8995F8E72F5]
2023-03-17 00:26:27,327 DEBUG server.RaftServer$Division (RaftServerImpl.java:logAppendEntries(1430)) - s13@group-6E994AD85659: receive appendEntries(s1, 1, (t:1, i:226), 226, true, commits:[s1:c226, s10:c225, s0:c225, s3:c224, s4:c225, s11:c224, s5:c225, s6:c225, s13:c225, s7:c225, s12:c225, s8:c224, s9:c225, s14:c225, s2:c225], cId:8883, entries: [(t:1, i:227), STATEMACHINELOGENTRY, 8877@client-E8995F8E72F5]
2023-03-17 00:26:27,327 DEBUG server.RaftServer$Division (RaftServerImpl.java:logAppendEntries(1430)) - s6@group-6E994AD85659: succeeded to handle AppendEntries. Reply: s1<-s6#8885:OK-t1,SUCCESS,nextIndex=228,followerCommit=226,matchIndex=227
2023-03-17 00:26:27,327 DEBUG server.RaftServer$Division (RaftServerImpl.java:logAppendEntries(1430)) - s9@group-6E994AD85659: succeeded to handle AppendEntries. Reply: s1<-s9#8881:OK-t1,SUCCESS,nextIndex=228,followerCommit=226,matchIndex=227
2023-03-17 00:26:27,327 DEBUG server.RaftServer$Division (RaftServerImpl.java:logAppendEntries(1430)) - s14@group-6E994AD85659: receive appendEntries(s1, 1, (t:1, i:226), 226, true, commits:[s1:c226, s10:c225, s0:c225, s3:c224, s4:c225, s11:c224, s5:c225, s6:c225, s13:c225, s7:c225, s12:c225, s8:c224, s9:c225, s14:c225, s2:c225], cId:8880, entries: [(t:1, i:227), STATEMACHINELOGENTRY, 8877@client-E8995F8E72F5]
2023-03-17 00:26:27,327 DEBUG server.RaftServer$Division (RaftServerImpl.java:logAppendEntries(1430)) - s12@group-6E994AD85659: succeeded to handle AppendEntries. Reply: s1<-s12#8888:OK-t1,SUCCESS,nextIndex=228,followerCommit=226,matchIndex=227
2023-03-17 00:26:27,328 DEBUG server.RaftServer$Division (RaftServerImpl.java:logAppendEntries(1430)) - s7@group-6E994AD85659: receive appendEntries(s1, 1, (t:1, i:226), 226, true, commits:[s1:c226, s10:c225, s0:c225, s3:c224, s4:c225, s11:c224, s5:c225, s6:c225, s13:c225, s7:c225, s12:c225, s8:c224, s9:c225, s14:c225, s2:c225], cId:8882, entries: [(t:1, i:227), STATEMACHINELOGENTRY, 8877@client-E8995F8E72F5]
2023-03-17 00:26:27,328 DEBUG server.RaftServer$Division (RaftServerImpl.java:logAppendEntries(1430)) - s2@group-6E994AD85659: receive appendEntries(s1, 1, (t:1, i:226), 226, true, commits:[s1:c226, s10:c225, s0:c225, s3:c224, s4:c225, s11:c224, s5:c225, s6:c225, s13:c225, s7:c225, s12:c225, s8:c224, s9:c225, s14:c225, s2:c225], cId:8879, entries: [(t:1, i:227), STATEMACHINELOGENTRY, 8877@client-E8995F8E72F5]
2023-03-17 00:26:27,328 DEBUG server.RaftServer$Division (RaftServerImpl.java:logAppendEntries(1430)) - s0@group-6E994AD85659: receive appendEntries(s1, 1, (t:1, i:226), 226, true, commits:[s1:c226, s10:c225, s0:c225, s3:c224, s4:c225, s11:c224, s5:c225, s6:c225, s13:c225, s7:c225, s12:c225, s8:c224, s9:c225, s14:c225, s2:c225], cId:8886, entries: [(t:1, i:227), STATEMACHINELOGENTRY, 8877@client-E8995F8E72F5]
2023-03-17 00:26:27,328 DEBUG server.RaftServer$Division (RaftServerImpl.java:logAppendEntries(1430)) - s13@group-6E994AD85659: succeeded to handle AppendEntries. Reply: s1<-s13#8883:OK-t1,SUCCESS,nextIndex=228,followerCommit=226,matchIndex=227
2023-03-17 00:26:27,328 DEBUG server.RaftServer$Division (RaftServerImpl.java:logAppendEntries(1430)) - s14@group-6E994AD85659: succeeded to handle AppendEntries. Reply: s1<-s14#8880:OK-t1,SUCCESS,nextIndex=228,followerCommit=226,matchIndex=227
2023-03-17 00:26:27,328 DEBUG server.RaftServer$Division (RaftServerImpl.java:logAppendEntries(1430)) - s7@group-6E994AD85659: succeeded to handle AppendEntries. Reply: s1<-s7#8882:OK-t1,SUCCESS,nextIndex=228,followerCommit=226,matchIndex=227
2023-03-17 00:26:27,328 DEBUG server.RaftServer$Division (RaftServerImpl.java:logAppendEntries(1430)) - s2@group-6E994AD85659: succeeded to handle AppendEntries. Reply: s1<-s2#8879:OK-t1,SUCCESS,nextIndex=228,followerCommit=226,matchIndex=227
2023-03-17 00:26:27,328 DEBUG server.RaftServer$Division (RaftServerImpl.java:logAppendEntries(1430)) - s0@group-6E994AD85659: succeeded to handle AppendEntries. Reply: s1<-s0#8886:OK-t1,SUCCESS,nextIndex=228,followerCommit=226,matchIndex=227
2023-03-17 00:26:27,329 DEBUG server.RaftServer$Division (RaftServerImpl.java:logAppendEntries(1430)) - s4@group-6E994AD85659: receive appendEntries(s1, 1, (t:1, i:226), 226, true, commits:[s1:c226, s10:c225, s0:c225, s3:c224, s4:c225, s11:c224, s5:c225, s6:c225, s13:c225, s7:c225, s12:c225, s8:c224, s9:c225, s14:c225, s2:c225], cId:8884, entries: [(t:1, i:227), STATEMACHINELOGENTRY, 8877@client-E8995F8E72F5]
2023-03-17 00:26:27,329 DEBUG server.RaftServer$Division (RaftServerImpl.java:logAppendEntries(1430)) - s10@group-6E994AD85659: receive appendEntries(s1, 1, (t:1, i:226), 226, true, commits:[s1:c226, s10:c225, s0:c225, s3:c224, s4:c225, s11:c224, s5:c225, s6:c225, s13:c225, s7:c225, s12:c225, s8:c224, s9:c225, s14:c225, s2:c225], cId:8887, entries: [(t:1, i:227), STATEMACHINELOGENTRY, 8877@client-E8995F8E72F5]
2023-03-17 00:26:27,329 DEBUG server.RaftServer$Division (RaftServerImpl.java:logAppendEntries(1430)) - s11@group-6E994AD85659: receive appendEntries(s1, 1, (t:1, i:225), 226, true, commits:[s1:c226, s10:c225, s0:c225, s3:c224, s4:c225, s11:c224, s5:c225, s6:c225, s13:c225, s7:c225, s12:c225, s8:c224, s9:c225, s14:c225, s2:c225], cId:8889, entries: [(t:1, i:226), METADATAENTRY(c:225), (t:1, i:227), STATEMACHINELOGENTRY, 8877@client-E8995F8E72F5]
2023-03-17 00:26:27,330 DEBUG server.RaftServer$Division (RaftServerImpl.java:logAppendEntries(1430)) - s10@group-6E994AD85659: succeeded to handle AppendEntries. Reply: s1<-s10#8887:OK-t1,SUCCESS,nextIndex=228,followerCommit=226,matchIndex=227
2023-03-17 00:26:27,330 DEBUG server.RaftServer$Division (RaftServerImpl.java:logAppendEntries(1430)) - s4@group-6E994AD85659: succeeded to handle AppendEntries. Reply: s1<-s4#8884:OK-t1,SUCCESS,nextIndex=228,followerCommit=226,matchIndex=227
2023-03-17 00:26:27,330 DEBUG server.RaftServer$Division (RaftServerImpl.java:logAppendEntries(1430)) - s11@group-6E994AD85659: succeeded to handle AppendEntries. Reply: s1<-s11#8889:OK-t1,SUCCESS,nextIndex=228,followerCommit=226,matchIndex=227
2023-03-17 00:26:27,330 DEBUG server.RaftServer$Division (RaftServerImpl.java:logAppendEntries(1430)) - s8@group-6E994AD85659: succeeded to handle AppendEntries. Reply: s1<-s8#8878:OK-t1,SUCCESS,nextIndex=227,followerCommit=226,matchIndex=226
2023-03-17 00:26:27,330 DEBUG server.RaftServer$Division (LeaderStateImpl.java:addPendingRequest(474)) - s1@group-6E994AD85659-LeaderStateImpl: addPendingRequest at RaftClientRequest:client-E8995F8E72F5->s1@group-6E994AD85659, cid=8877, seq=0, RW, Message:01016100, entry=(t:1, i:227), STATEMACHINELOGENTRY, 8877@client-E8995F8E72F5
2023-03-17 00:26:27,331 DEBUG server.RaftServer$Division (RaftServerImpl.java:logAppendEntries(1430)) - s3@group-6E994AD85659: receive appendEntries(s1, 1, (t:1, i:225), 226, true, commits:[s1:c226, s10:c225, s0:c225, s3:c224, s4:c225, s11:c224, s5:c225, s6:c225, s13:c225, s7:c225, s12:c225, s8:c224, s9:c225, s14:c225, s2:c225], cId:8890, entries: [(t:1, i:226), METADATAENTRY(c:225), (t:1, i:227), STATEMACHINELOGENTRY, 8877@client-E8995F8E72F5]
2023-03-17 00:26:27,331 DEBUG server.RaftServer$Division (RaftServerImpl.java:logAppendEntries(1430)) - s5@group-6E994AD85659: receive appendEntries(s1, 1, (t:1, i:226), 226, true, commits:[s1:c226, s10:c225, s0:c225, s3:c224, s4:c225, s11:c224, s5:c225, s6:c225, s13:c225, s7:c225, s12:c225, s8:c224, s9:c225, s14:c225, s2:c225], cId:8891, entries: [(t:1, i:227), STATEMACHINELOGENTRY, 8877@client-E8995F8E72F5]
2023-03-17 00:26:27,331 DEBUG server.RaftServer$Division (RaftServerImpl.java:logAppendEntries(1430)) - s5@group-6E994AD85659: succeeded to handle AppendEntries. Reply: s1<-s5#8891:OK-t1,SUCCESS,nextIndex=228,followerCommit=226,matchIndex=227
2023-03-17 00:26:27,332 INFO  statemachine.StateMachine (ArithmeticStateMachine.java:applyTransaction(182)) - LEADER:s1-227: a = null = null
2023-03-17 00:26:27,332 DEBUG server.RaftServer$Division (RaftServerImpl.java:logAppendEntries(1430)) - s4@group-6E994AD85659: receive appendEntries(s1, 1, (t:1, i:227), 227, true, commits:[s1:c227, s10:c225, s0:c226, s3:c224, s4:c226, s11:c226, s5:c225, s6:c226, s13:c226, s7:c226, s12:c226, s8:c224, s9:c226, s14:c226, s2:c226], cId:8893, entries: [(t:1, i:228), METADATAENTRY(c:227)]
2023-03-17 00:26:27,332 DEBUG server.RaftServer$Division (RaftServerImpl.java:logAppendEntries(1430)) - s6@group-6E994AD85659: receive appendEntries(s1, 1, (t:1, i:227), 227, true, commits:[s1:c227, s10:c225, s0:c226, s3:c224, s4:c226, s11:c226, s5:c225, s6:c226, s13:c226, s7:c226, s12:c226, s8:c224, s9:c226, s14:c226, s2:c226], cId:8895, entries: [(t:1, i:228), METADATAENTRY(c:227)]
2023-03-17 00:26:27,333 DEBUG server.RaftServer$Division (RaftServerImpl.java:logAppendEntries(1430)) - s4@group-6E994AD85659: succeeded to handle AppendEntries. Reply: s1<-s4#8893:OK-t1,SUCCESS,nextIndex=229,followerCommit=227,matchIndex=228
2023-03-17 00:26:27,333 DEBUG server.RaftServer$Division (RaftServerImpl.java:logAppendEntries(1430)) - s9@group-6E994AD85659: receive appendEntries(s1, 1, (t:1, i:227), 227, true, commits:[s1:c227, s10:c225, s0:c226, s3:c224, s4:c226, s11:c226, s5:c225, s6:c226, s13:c226, s7:c226, s12:c226, s8:c224, s9:c226, s14:c226, s2:c226], cId:8899, entries: [(t:1, i:228), METADATAENTRY(c:227)]
2023-03-17 00:26:27,333 DEBUG server.RaftServer$Division (RaftServerImpl.java:logAppendEntries(1430)) - s6@group-6E994AD85659: succeeded to handle AppendEntries. Reply: s1<-s6#8895:OK-t1,SUCCESS,nextIndex=229,followerCommit=227,matchIndex=228
2023-03-17 00:26:27,333 DEBUG server.RaftServer$Division (RaftServerImpl.java:logAppendEntries(1430)) - s0@group-6E994AD85659: receive appendEntries(s1, 1, (t:1, i:227), 227, true, commits:[s1:c227, s10:c225, s0:c226, s3:c224, s4:c226, s11:c226, s5:c225, s6:c226, s13:c226, s7:c226, s12:c226, s8:c224, s9:c226, s14:c226, s2:c226], cId:8892, entries: [(t:1, i:228), METADATAENTRY(c:227)]
2023-03-17 00:26:27,333 DEBUG server.RaftServer$Division (RaftServerImpl.java:logAppendEntries(1430)) - s9@group-6E994AD85659: succeeded to handle AppendEntries. Reply: s1<-s9#8899:OK-t1,SUCCESS,nextIndex=229,followerCommit=227,matchIndex=228
2023-03-17 00:26:27,333 DEBUG server.RaftServer$Division (RaftServerImpl.java:logAppendEntries(1430)) - s0@group-6E994AD85659: succeeded to handle AppendEntries. Reply: s1<-s0#8892:OK-t1,SUCCESS,nextIndex=229,followerCommit=227,matchIndex=228
2023-03-17 00:26:27,334 DEBUG server.RaftServer$Division (RaftServerImpl.java:logAppendEntries(1430)) - s12@group-6E994AD85659: receive appendEntries(s1, 1, (t:1, i:227), 227, true, commits:[s1:c227, s10:c225, s0:c226, s3:c224, s4:c226, s11:c226, s5:c225, s6:c226, s13:c226, s7:c226, s12:c226, s8:c224, s9:c226, s14:c226, s2:c226], cId:8898, entries: [(t:1, i:228), METADATAENTRY(c:227)]
2023-03-17 00:26:27,334 DEBUG server.RaftServer$Division (RaftServerImpl.java:logAppendEntries(1430)) - s13@group-6E994AD85659: receive appendEntries(s1, 1, (t:1, i:227), 227, true, commits:[s1:c227, s10:c225, s0:c226, s3:c224, s4:c226, s11:c226, s5:c225, s6:c226, s13:c226, s7:c226, s12:c226, s8:c224, s9:c226, s14:c226, s2:c226], cId:8896, entries: [(t:1, i:228), METADATAENTRY(c:227)]
2023-03-17 00:26:27,334 DEBUG server.RaftServer$Division (RaftServerImpl.java:logAppendEntries(1430)) - s7@group-6E994AD85659: receive appendEntries(s1, 1, (t:1, i:227), 227, true, commits:[s1:c227, s10:c225, s0:c226, s3:c224, s4:c226, s11:c226, s5:c225, s6:c226, s13:c226, s7:c226, s12:c226, s8:c224, s9:c226, s14:c226, s2:c226], cId:8897, entries: [(t:1, i:228), METADATAENTRY(c:227)]
2023-03-17 00:26:27,335 DEBUG server.RaftServer$Division (RaftServerImpl.java:logAppendEntries(1430)) - s12@group-6E994AD85659: succeeded to handle AppendEntries. Reply: s1<-s12#8898:OK-t1,SUCCESS,nextIndex=229,followerCommit=227,matchIndex=228
2023-03-17 00:26:27,335 DEBUG server.RaftServer$Division (RaftServerImpl.java:logAppendEntries(1430)) - s13@group-6E994AD85659: succeeded to handle AppendEntries. Reply: s1<-s13#8896:OK-t1,SUCCESS,nextIndex=229,followerCommit=227,matchIndex=228
2023-03-17 00:26:27,335 DEBUG server.RaftServer$Division (RaftServerImpl.java:logAppendEntries(1430)) - s7@group-6E994AD85659: succeeded to handle AppendEntries. Reply: s1<-s7#8897:OK-t1,SUCCESS,nextIndex=229,followerCommit=227,matchIndex=228
2023-03-17 00:26:27,335 DEBUG server.RaftServer$Division (RaftServerImpl.java:submitClientRequestAsync(835)) - s1@group-6E994AD85659: receive client request(RaftClientRequest:client-E8995F8E72F5->s1@group-6E994AD85659, cid=8902, seq=0, RW, Message:01016200)
2023-03-17 00:26:27,335 DEBUG server.RaftServer$Division (RaftServerImpl.java:logAppendEntries(1430)) - s11@group-6E994AD85659: receive appendEntries(s1, 1, (t:1, i:227), 227, true, commits:[s1:c227, s10:c225, s0:c226, s3:c224, s4:c226, s11:c226, s5:c225, s6:c226, s13:c226, s7:c226, s12:c226, s8:c224, s9:c226, s14:c226, s2:c226], cId:8894, entries: [(t:1, i:228), METADATAENTRY(c:227)]
2023-03-17 00:26:27,336 DEBUG server.RaftServer$Division (RaftServerImpl.java:logAppendEntries(1430)) - s14@group-6E994AD85659: receive appendEntries(s1, 1, (t:1, i:227), 227, true, commits:[s1:c227, s10:c225, s0:c226, s3:c224, s4:c226, s11:c226, s5:c225, s6:c226, s13:c226, s7:c226, s12:c226, s8:c224, s9:c226, s14:c226, s2:c226], cId:8900, entries: [(t:1, i:228), METADATAENTRY(c:227)]
2023-03-17 00:26:27,336 DEBUG server.RaftServer$Division (RaftServerImpl.java:logAppendEntries(1430)) - s3@group-6E994AD85659: succeeded to handle AppendEntries. Reply: s1<-s3#8890:OK-t1,SUCCESS,nextIndex=228,followerCommit=226,matchIndex=227
2023-03-17 00:26:27,336 DEBUG server.RaftServer$Division (RaftServerImpl.java:logAppendEntries(1430)) - s11@group-6E994AD85659: succeeded to handle AppendEntries. Reply: s1<-s11#8894:OK-t1,SUCCESS,nextIndex=229,followerCommit=227,matchIndex=228
2023-03-17 00:26:27,336 DEBUG server.RaftServer$Division (RaftServerImpl.java:logAppendEntries(1430)) - s14@group-6E994AD85659: succeeded to handle AppendEntries. Reply: s1<-s14#8900:OK-t1,SUCCESS,nextIndex=229,followerCommit=227,matchIndex=228
2023-03-17 00:26:27,336 DEBUG server.RaftServer$Division (RaftServerImpl.java:logAppendEntries(1430)) - s2@group-6E994AD85659: receive appendEntries(s1, 1, (t:1, i:227), 227, true, commits:[s1:c227, s10:c225, s0:c226, s3:c224, s4:c226, s11:c226, s5:c225, s6:c226, s13:c226, s7:c226, s12:c226, s8:c224, s9:c226, s14:c226, s2:c226], cId:8901, entries: [(t:1, i:228), METADATAENTRY(c:227)]
2023-03-17 00:26:27,337 DEBUG server.RaftServer$Division (RaftServerImpl.java:logAppendEntries(1430)) - s2@group-6E994AD85659: succeeded to handle AppendEntries. Reply: s1<-s2#8901:OK-t1,SUCCESS,nextIndex=229,followerCommit=227,matchIndex=228
2023-03-17 00:26:27,338 DEBUG server.RaftServer$Division (RaftServerImpl.java:logAppendEntries(1430)) - s9@group-6E994AD85659: receive appendEntries(s1, 1, (t:1, i:228), 227, true, commits:[s1:c227, s10:c226, s0:c227, s3:c226, s4:c227, s11:c227, s5:c226, s6:c227, s13:c227, s7:c227, s12:c227, s8:c226, s9:c227, s14:c227, s2:c226], cId:8903, entries: [(t:1, i:229), STATEMACHINELOGENTRY, 8902@client-E8995F8E72F5]
2023-03-17 00:26:27,339 DEBUG server.RaftServer$Division (RaftServerImpl.java:logAppendEntries(1430)) - s13@group-6E994AD85659: receive appendEntries(s1, 1, (t:1, i:228), 227, true, commits:[s1:c227, s10:c226, s0:c227, s3:c226, s4:c227, s11:c227, s5:c226, s6:c227, s13:c227, s7:c227, s12:c227, s8:c226, s9:c227, s14:c227, s2:c226], cId:8906, entries: [(t:1, i:229), STATEMACHINELOGENTRY, 8902@client-E8995F8E72F5]
2023-03-17 00:26:27,339 DEBUG server.RaftServer$Division (RaftServerImpl.java:logAppendEntries(1430)) - s4@group-6E994AD85659: receive appendEntries(s1, 1, (t:1, i:228), 227, true, commits:[s1:c227, s10:c226, s0:c227, s3:c226, s4:c227, s11:c227, s5:c226, s6:c227, s13:c227, s7:c227, s12:c227, s8:c226, s9:c227, s14:c227, s2:c226], cId:8911, entries: [(t:1, i:229), STATEMACHINELOGENTRY, 8902@client-E8995F8E72F5]
2023-03-17 00:26:27,339 DEBUG server.RaftServer$Division (RaftServerImpl.java:logAppendEntries(1430)) - s9@group-6E994AD85659: succeeded to handle AppendEntries. Reply: s1<-s9#8903:OK-t1,SUCCESS,nextIndex=230,followerCommit=227,matchIndex=229
2023-03-17 00:26:27,339 DEBUG server.RaftServer$Division (RaftServerImpl.java:logAppendEntries(1430)) - s3@group-6E994AD85659: receive appendEntries(s1, 1, (t:1, i:227), 227, true, commits:[s1:c227, s10:c226, s0:c227, s3:c226, s4:c227, s11:c227, s5:c226, s6:c227, s13:c227, s7:c227, s12:c227, s8:c226, s9:c227, s14:c227, s2:c226], cId:8909, entries: [(t:1, i:228), METADATAENTRY(c:227), (t:1, i:229), STATEMACHINELOGENTRY, 8902@client-E8995F8E72F5]
2023-03-17 00:26:27,355 DEBUG server.RaftServer$Division (RaftServerImpl.java:logAppendEntries(1430)) - s5@group-6E994AD85659: receive appendEntries(s1, 1, (t:1, i:227), 227, true, commits:[s1:c227, s10:c226, s0:c227, s3:c226, s4:c227, s11:c227, s5:c226, s6:c227, s13:c227, s7:c227, s12:c227, s8:c226, s9:c227, s14:c227, s2:c226], cId:8914, entries: [(t:1, i:228), METADATAENTRY(c:227), (t:1, i:229), STATEMACHINELOGENTRY, 8902@client-E8995F8E72F5]
2023-03-17 00:26:27,355 DEBUG server.RaftServer$Division (RaftServerImpl.java:logAppendEntries(1430)) - s0@group-6E994AD85659: receive appendEntries(s1, 1, (t:1, i:228), 227, true, commits:[s1:c227, s10:c226, s0:c227, s3:c226, s4:c227, s11:c227, s5:c226, s6:c227, s13:c227, s7:c227, s12:c227, s8:c226, s9:c227, s14:c227, s2:c226], cId:8910, entries: [(t:1, i:229), STATEMACHINELOGENTRY, 8902@client-E8995F8E72F5]
2023-03-17 00:26:27,355 DEBUG server.RaftServer$Division (RaftServerImpl.java:logAppendEntries(1430)) - s7@group-6E994AD85659: receive appendEntries(s1, 1, (t:1, i:228), 227, true, commits:[s1:c227, s10:c226, s0:c227, s3:c226, s4:c227, s11:c227, s5:c226, s6:c227, s13:c227, s7:c227, s12:c227, s8:c226, s9:c227, s14:c227, s2:c226], cId:8912, entries: [(t:1, i:229), STATEMACHINELOGENTRY, 8902@client-E8995F8E72F5]
2023-03-17 00:26:27,355 DEBUG server.RaftServer$Division (RaftServerImpl.java:logAppendEntries(1430)) - s8@group-6E994AD85659: receive appendEntries(s1, 1, (t:1, i:226), 227, true, commits:[s1:c227, s10:c226, s0:c227, s3:c226, s4:c227, s11:c227, s5:c226, s6:c227, s13:c227, s7:c227, s12:c227, s8:c226, s9:c227, s14:c227, s2:c226], cId:8907, entries: [(t:1, i:227), STATEMACHINELOGENTRY, 8877@client-E8995F8E72F5, (t:1, i:228), METADATAENTRY(c:227), (t:1, i:229), STATEMACHINELOGENTRY, 8902@client-E8995F8E72F5]
2023-03-17 00:26:27,355 DEBUG server.RaftServer$Division (RaftServerImpl.java:logAppendEntries(1430)) - s11@group-6E994AD85659: receive appendEntries(s1, 1, (t:1, i:228), 227, true, commits:[s1:c227, s10:c226, s0:c227, s3:c226, s4:c227, s11:c227, s5:c226, s6:c227, s13:c227, s7:c227, s12:c227, s8:c226, s9:c227, s14:c227, s2:c226], cId:8913, entries: [(t:1, i:229), STATEMACHINELOGENTRY, 8902@client-E8995F8E72F5]
2023-03-17 00:26:27,355 DEBUG server.RaftServer$Division (RaftServerImpl.java:logAppendEntries(1430)) - s2@group-6E994AD85659: receive appendEntries(s1, 1, (t:1, i:228), 227, true, commits:[s1:c227, s10:c226, s0:c227, s3:c226, s4:c227, s11:c227, s5:c226, s6:c227, s13:c227, s7:c227, s12:c227, s8:c226, s9:c227, s14:c227, s2:c227], cId:8916, entries: [(t:1, i:229), STATEMACHINELOGENTRY, 8902@client-E8995F8E72F5]
2023-03-17 00:26:27,356 DEBUG server.RaftServer$Division (RaftServerImpl.java:logAppendEntries(1430)) - s14@group-6E994AD85659: receive appendEntries(s1, 1, (t:1, i:228), 227, true, commits:[s1:c227, s10:c226, s0:c227, s3:c226, s4:c227, s11:c227, s5:c226, s6:c227, s13:c227, s7:c227, s12:c227, s8:c226, s9:c227, s14:c227, s2:c226], cId:8915, entries: [(t:1, i:229), STATEMACHINELOGENTRY, 8902@client-E8995F8E72F5]
2023-03-17 00:26:27,356 DEBUG server.RaftServer$Division (RaftServerImpl.java:logAppendEntries(1430)) - s4@group-6E994AD85659: succeeded to handle AppendEntries. Reply: s1<-s4#8911:OK-t1,SUCCESS,nextIndex=230,followerCommit=227,matchIndex=229
2023-03-17 00:26:27,356 DEBUG server.RaftServer$Division (RaftServerImpl.java:logAppendEntries(1430)) - s10@group-6E994AD85659: receive appendEntries(s1, 1, (t:1, i:227), 227, true, commits:[s1:c227, s10:c226, s0:c227, s3:c226, s4:c227, s11:c227, s5:c226, s6:c227, s13:c227, s7:c227, s12:c227, s8:c226, s9:c227, s14:c227, s2:c226], cId:8905, entries: [(t:1, i:228), METADATAENTRY(c:227), (t:1, i:229), STATEMACHINELOGENTRY, 8902@client-E8995F8E72F5]
2023-03-17 00:26:27,356 DEBUG server.RaftServer$Division (RaftServerImpl.java:logAppendEntries(1430)) - s2@group-6E994AD85659: succeeded to handle AppendEntries. Reply: s1<-s2#8916:OK-t1,SUCCESS,nextIndex=230,followerCommit=227,matchIndex=229
2023-03-17 00:26:27,356 DEBUG server.RaftServer$Division (RaftServerImpl.java:logAppendEntries(1430)) - s13@group-6E994AD85659: succeeded to handle AppendEntries. Reply: s1<-s13#8906:OK-t1,SUCCESS,nextIndex=230,followerCommit=227,matchIndex=229
2023-03-17 00:26:27,357 DEBUG server.RaftServer$Division (RaftServerImpl.java:logAppendEntries(1430)) - s7@group-6E994AD85659: succeeded to handle AppendEntries. Reply: s1<-s7#8912:OK-t1,SUCCESS,nextIndex=230,followerCommit=227,matchIndex=229
2023-03-17 00:26:27,357 DEBUG server.RaftServer$Division (RaftServerImpl.java:logAppendEntries(1430)) - s5@group-6E994AD85659: succeeded to handle AppendEntries. Reply: s1<-s5#8914:OK-t1,SUCCESS,nextIndex=230,followerCommit=227,matchIndex=229
2023-03-17 00:26:27,357 DEBUG server.RaftServer$Division (RaftServerImpl.java:logAppendEntries(1430)) - s11@group-6E994AD85659: succeeded to handle AppendEntries. Reply: s1<-s11#8913:OK-t1,SUCCESS,nextIndex=230,followerCommit=227,matchIndex=229
2023-03-17 00:26:27,357 DEBUG server.RaftServer$Division (RaftServerImpl.java:logAppendEntries(1430)) - s14@group-6E994AD85659: succeeded to handle AppendEntries. Reply: s1<-s14#8915:OK-t1,SUCCESS,nextIndex=230,followerCommit=227,matchIndex=229
2023-03-17 00:26:27,357 DEBUG server.RaftServer$Division (RaftServerImpl.java:logAppendEntries(1430)) - s8@group-6E994AD85659: succeeded to handle AppendEntries. Reply: s1<-s8#8907:OK-t1,SUCCESS,nextIndex=230,followerCommit=227,matchIndex=229
2023-03-17 00:26:27,357 DEBUG server.RaftServer$Division (RaftServerImpl.java:logAppendEntries(1430)) - s6@group-6E994AD85659: receive appendEntries(s1, 1, (t:1, i:228), 227, true, commits:[s1:c227, s10:c226, s0:c227, s3:c226, s4:c227, s11:c227, s5:c226, s6:c227, s13:c227, s7:c227, s12:c227, s8:c226, s9:c227, s14:c227, s2:c226], cId:8904, entries: [(t:1, i:229), STATEMACHINELOGENTRY, 8902@client-E8995F8E72F5]
2023-03-17 00:26:27,356 DEBUG server.RaftServer$Division (LeaderStateImpl.java:addPendingRequest(474)) - s1@group-6E994AD85659-LeaderStateImpl: addPendingRequest at RaftClientRequest:client-E8995F8E72F5->s1@group-6E994AD85659, cid=8902, seq=0, RW, Message:01016200, entry=(t:1, i:229), STATEMACHINELOGENTRY, 8902@client-E8995F8E72F5
2023-03-17 00:26:27,357 DEBUG server.RaftServer$Division (RaftServerImpl.java:logAppendEntries(1430)) - s10@group-6E994AD85659: succeeded to handle AppendEntries. Reply: s1<-s10#8905:OK-t1,SUCCESS,nextIndex=230,followerCommit=227,matchIndex=229
2023-03-17 00:26:27,358 DEBUG server.RaftServer$Division (RaftServerImpl.java:logAppendEntries(1430)) - s6@group-6E994AD85659: succeeded to handle AppendEntries. Reply: s1<-s6#8904:OK-t1,SUCCESS,nextIndex=230,followerCommit=227,matchIndex=229
2023-03-17 00:26:27,357 DEBUG server.RaftServer$Division (RaftServerImpl.java:logAppendEntries(1430)) - s12@group-6E994AD85659: receive appendEntries(s1, 1, (t:1, i:228), 227, true, commits:[s1:c227, s10:c226, s0:c227, s3:c226, s4:c227, s11:c227, s5:c226, s6:c227, s13:c227, s7:c227, s12:c227, s8:c226, s9:c227, s14:c227, s2:c226], cId:8908, entries: [(t:1, i:229), STATEMACHINELOGENTRY, 8902@client-E8995F8E72F5]
2023-03-17 00:26:27,356 DEBUG server.RaftServer$Division (RaftServerImpl.java:logAppendEntries(1430)) - s3@group-6E994AD85659: succeeded to handle AppendEntries. Reply: s1<-s3#8909:OK-t1,SUCCESS,nextIndex=230,followerCommit=227,matchIndex=229
2023-03-17 00:26:27,356 DEBUG server.RaftServer$Division (RaftServerImpl.java:logAppendEntries(1430)) - s0@group-6E994AD85659: succeeded to handle AppendEntries. Reply: s1<-s0#8910:OK-t1,SUCCESS,nextIndex=230,followerCommit=227,matchIndex=229
2023-03-17 00:26:27,358 DEBUG server.RaftServer$Division (RaftServerImpl.java:logAppendEntries(1430)) - s12@group-6E994AD85659: succeeded to handle AppendEntries. Reply: s1<-s12#8908:OK-t1,SUCCESS,nextIndex=230,followerCommit=227,matchIndex=229
2023-03-17 00:26:27,359 INFO  statemachine.StateMachine (ArithmeticStateMachine.java:applyTransaction(182)) - LEADER:s1-229: b = null = null
2023-03-17 00:26:27,359 DEBUG server.RaftServer$Division (RaftServerImpl.java:logAppendEntries(1430)) - s13@group-6E994AD85659: receive appendEntries(s1, 1, (t:1, i:229), 229, true, commits:[s1:c229, s10:c227, s0:c227, s3:c226, s4:c227, s11:c227, s5:c226, s6:c227, s13:c227, s7:c227, s12:c227, s8:c227, s9:c227, s14:c227, s2:c227], cId:8918, entries: [(t:1, i:230), METADATAENTRY(c:229)]
2023-03-17 00:26:27,360 DEBUG server.RaftServer$Division (RaftServerImpl.java:logAppendEntries(1430)) - s4@group-6E994AD85659: receive appendEntries(s1, 1, (t:1, i:229), 229, true, commits:[s1:c229, s10:c227, s0:c227, s3:c226, s4:c227, s11:c227, s5:c226, s6:c227, s13:c227, s7:c227, s12:c227, s8:c227, s9:c227, s14:c227, s2:c227], cId:8919, entries: [(t:1, i:230), METADATAENTRY(c:229)]
2023-03-17 00:26:27,360 DEBUG server.RaftServer$Division (RaftServerImpl.java:logAppendEntries(1430)) - s6@group-6E994AD85659: receive appendEntries(s1, 1, (t:1, i:229), 229, true, commits:[s1:c229, s10:c227, s0:c227, s3:c226, s4:c227, s11:c227, s5:c226, s6:c227, s13:c227, s7:c227, s12:c227, s8:c227, s9:c227, s14:c227, s2:c227], cId:8921, entries: [(t:1, i:230), METADATAENTRY(c:229)]
2023-03-17 00:26:27,360 DEBUG server.RaftServer$Division (RaftServerImpl.java:logAppendEntries(1430)) - s13@group-6E994AD85659: succeeded to handle AppendEntries. Reply: s1<-s13#8918:OK-t1,SUCCESS,nextIndex=231,followerCommit=229,matchIndex=230
2023-03-17 00:26:27,360 DEBUG server.RaftServer$Division (RaftServerImpl.java:logAppendEntries(1430)) - s4@group-6E994AD85659: succeeded to handle AppendEntries. Reply: s1<-s4#8919:OK-t1,SUCCESS,nextIndex=231,followerCommit=229,matchIndex=230
2023-03-17 00:26:27,361 DEBUG server.RaftServer$Division (RaftServerImpl.java:logAppendEntries(1430)) - s9@group-6E994AD85659: receive appendEntries(s1, 1, (t:1, i:229), 229, true, commits:[s1:c229, s10:c227, s0:c227, s3:c226, s4:c227, s11:c227, s5:c226, s6:c227, s13:c227, s7:c227, s12:c227, s8:c227, s9:c227, s14:c227, s2:c227], cId:8924, entries: [(t:1, i:230), METADATAENTRY(c:229)]
2023-03-17 00:26:27,361 DEBUG server.RaftServer$Division (RaftServerImpl.java:submitClientRequestAsync(835)) - s1@group-6E994AD85659: receive client request(RaftClientRequest:client-E8995F8E72F5->s1@group-6E994AD85659, cid=8922, seq=0, RW, Message:01016300)
2023-03-17 00:26:27,361 DEBUG server.RaftServer$Division (RaftServerImpl.java:logAppendEntries(1430)) - s3@group-6E994AD85659: receive appendEntries(s1, 1, (t:1, i:229), 229, true, commits:[s1:c229, s10:c227, s0:c227, s3:c227, s4:c227, s11:c227, s5:c226, s6:c227, s13:c227, s7:c227, s12:c227, s8:c227, s9:c227, s14:c227, s2:c227], cId:8925, entries: [(t:1, i:230), METADATAENTRY(c:229)]
2023-03-17 00:26:27,361 DEBUG server.RaftServer$Division (RaftServerImpl.java:logAppendEntries(1430)) - s9@group-6E994AD85659: succeeded to handle AppendEntries. Reply: s1<-s9#8924:OK-t1,SUCCESS,nextIndex=231,followerCommit=229,matchIndex=230
2023-03-17 00:26:27,361 DEBUG server.RaftServer$Division (RaftServerImpl.java:logAppendEntries(1430)) - s6@group-6E994AD85659: succeeded to handle AppendEntries. Reply: s1<-s6#8921:OK-t1,SUCCESS,nextIndex=231,followerCommit=229,matchIndex=230
2023-03-17 00:26:27,362 DEBUG server.RaftServer$Division (RaftServerImpl.java:logAppendEntries(1430)) - s11@group-6E994AD85659: receive appendEntries(s1, 1, (t:1, i:229), 229, true, commits:[s1:c229, s10:c227, s0:c227, s3:c227, s4:c227, s11:c227, s5:c226, s6:c227, s13:c227, s7:c227, s12:c227, s8:c227, s9:c227, s14:c227, s2:c227], cId:8928, entries: [(t:1, i:230), METADATAENTRY(c:229)]
2023-03-17 00:26:27,362 DEBUG server.RaftServer$Division (RaftServerImpl.java:logAppendEntries(1430)) - s7@group-6E994AD85659: receive appendEntries(s1, 1, (t:1, i:229), 229, true, commits:[s1:c229, s10:c227, s0:c227, s3:c227, s4:c227, s11:c227, s5:c226, s6:c227, s13:c227, s7:c227, s12:c227, s8:c227, s9:c227, s14:c227, s2:c227], cId:8926, entries: [(t:1, i:230), METADATAENTRY(c:229)]
2023-03-17 00:26:27,362 DEBUG server.RaftServer$Division (RaftServerImpl.java:logAppendEntries(1430)) - s14@group-6E994AD85659: receive appendEntries(s1, 1, (t:1, i:229), 229, true, commits:[s1:c229, s10:c227, s0:c227, s3:c227, s4:c227, s11:c227, s5:c226, s6:c227, s13:c227, s7:c227, s12:c227, s8:c227, s9:c227, s14:c227, s2:c227], cId:8927, entries: [(t:1, i:230), METADATAENTRY(c:229)]
2023-03-17 00:26:27,363 DEBUG server.RaftServer$Division (RaftServerImpl.java:logAppendEntries(1430)) - s8@group-6E994AD85659: receive appendEntries(s1, 1, (t:1, i:229), 229, true, commits:[s1:c229, s10:c227, s0:c227, s3:c226, s4:c227, s11:c227, s5:c226, s6:c227, s13:c227, s7:c227, s12:c227, s8:c227, s9:c227, s14:c227, s2:c227], cId:8917, entries: [(t:1, i:230), METADATAENTRY(c:229)]
2023-03-17 00:26:27,365 DEBUG server.RaftServer$Division (RaftServerImpl.java:logAppendEntries(1430)) - s5@group-6E994AD85659: receive appendEntries(s1, 1, (t:1, i:229), 229, true, commits:[s1:c229, s10:c227, s0:c227, s3:c227, s4:c227, s11:c227, s5:c227, s6:c227, s13:c227, s7:c227, s12:c227, s8:c227, s9:c227, s14:c227, s2:c227], cId:8931, entries: [(t:1, i:230), METADATAENTRY(c:229), (t:1, i:231), STATEMACHINELOGENTRY, 8922@client-E8995F8E72F5]
2023-03-17 00:26:27,365 DEBUG server.RaftServer$Division (RaftServerImpl.java:logAppendEntries(1430)) - s2@group-6E994AD85659: receive appendEntries(s1, 1, (t:1, i:229), 229, true, commits:[s1:c229, s10:c227, s0:c227, s3:c226, s4:c227, s11:c227, s5:c226, s6:c227, s13:c227, s7:c227, s12:c227, s8:c227, s9:c227, s14:c227, s2:c227], cId:8923, entries: [(t:1, i:230), METADATAENTRY(c:229)]
2023-03-17 00:26:27,365 DEBUG server.RaftServer$Division (RaftServerImpl.java:logAppendEntries(1430)) - s13@group-6E994AD85659: receive appendEntries(s1, 1, (t:1, i:230), 229, true, commits:[s1:c229, s10:c227, s0:c227, s3:c227, s4:c227, s11:c227, s5:c227, s6:c227, s13:c229, s7:c227, s12:c227, s8:c227, s9:c227, s14:c227, s2:c227], cId:8932, entries: [(t:1, i:231), STATEMACHINELOGENTRY, 8922@client-E8995F8E72F5]
2023-03-17 00:26:27,365 DEBUG server.RaftServer$Division (RaftServerImpl.java:logAppendEntries(1430)) - s14@group-6E994AD85659: succeeded to handle AppendEntries. Reply: s1<-s14#8927:OK-t1,SUCCESS,nextIndex=231,followerCommit=229,matchIndex=230
2023-03-17 00:26:27,365 DEBUG server.RaftServer$Division (RaftServerImpl.java:logAppendEntries(1430)) - s7@group-6E994AD85659: succeeded to handle AppendEntries. Reply: s1<-s7#8926:OK-t1,SUCCESS,nextIndex=231,followerCommit=229,matchIndex=230
2023-03-17 00:26:27,366 DEBUG server.RaftServer$Division (RaftServerImpl.java:logAppendEntries(1430)) - s8@group-6E994AD85659: succeeded to handle AppendEntries. Reply: s1<-s8#8917:OK-t1,SUCCESS,nextIndex=231,followerCommit=229,matchIndex=230
2023-03-17 00:26:27,366 DEBUG server.RaftServer$Division (RaftServerImpl.java:logAppendEntries(1430)) - s2@group-6E994AD85659: succeeded to handle AppendEntries. Reply: s1<-s2#8923:OK-t1,SUCCESS,nextIndex=231,followerCommit=229,matchIndex=230
2023-03-17 00:26:27,366 DEBUG server.RaftServer$Division (RaftServerImpl.java:logAppendEntries(1430)) - s13@group-6E994AD85659: succeeded to handle AppendEntries. Reply: s1<-s13#8932:OK-t1,SUCCESS,nextIndex=232,followerCommit=229,matchIndex=231
2023-03-17 00:26:27,366 DEBUG server.RaftServer$Division (RaftServerImpl.java:logAppendEntries(1430)) - s10@group-6E994AD85659: receive appendEntries(s1, 1, (t:1, i:229), 229, true, commits:[s1:c229, s10:c227, s0:c227, s3:c226, s4:c227, s11:c227, s5:c226, s6:c227, s13:c227, s7:c227, s12:c227, s8:c227, s9:c227, s14:c227, s2:c227], cId:8920, entries: [(t:1, i:230), METADATAENTRY(c:229)]
2023-03-17 00:26:27,366 DEBUG server.RaftServer$Division (RaftServerImpl.java:logAppendEntries(1430)) - s9@group-6E994AD85659: receive appendEntries(s1, 1, (t:1, i:230), 229, true, commits:[s1:c229, s10:c227, s0:c227, s3:c227, s4:c229, s11:c227, s5:c227, s6:c227, s13:c229, s7:c227, s12:c227, s8:c227, s9:c229, s14:c227, s2:c227], cId:8934, entries: [(t:1, i:231), STATEMACHINELOGENTRY, 8922@client-E8995F8E72F5]
2023-03-17 00:26:27,366 DEBUG server.RaftServer$Division (RaftServerImpl.java:logAppendEntries(1430)) - s5@group-6E994AD85659: succeeded to handle AppendEntries. Reply: s1<-s5#8931:OK-t1,SUCCESS,nextIndex=232,followerCommit=229,matchIndex=231
2023-03-17 00:26:27,367 DEBUG server.RaftServer$Division (RaftServerImpl.java:logAppendEntries(1430)) - s12@group-6E994AD85659: receive appendEntries(s1, 1, (t:1, i:229), 229, true, commits:[s1:c229, s10:c227, s0:c227, s3:c227, s4:c227, s11:c227, s5:c226, s6:c227, s13:c227, s7:c227, s12:c227, s8:c227, s9:c227, s14:c227, s2:c227], cId:8930, entries: [(t:1, i:230), METADATAENTRY(c:229), (t:1, i:231), STATEMACHINELOGENTRY, 8922@client-E8995F8E72F5]
2023-03-17 00:26:27,367 DEBUG server.RaftServer$Division (RaftServerImpl.java:logAppendEntries(1430)) - s10@group-6E994AD85659: succeeded to handle AppendEntries. Reply: s1<-s10#8920:OK-t1,SUCCESS,nextIndex=231,followerCommit=229,matchIndex=230
2023-03-17 00:26:27,367 DEBUG server.RaftServer$Division (RaftServerImpl.java:logAppendEntries(1430)) - s9@group-6E994AD85659: succeeded to handle AppendEntries. Reply: s1<-s9#8934:OK-t1,SUCCESS,nextIndex=232,followerCommit=229,matchIndex=231
2023-03-17 00:26:27,361 DEBUG server.RaftServer$Division (LeaderStateImpl.java:addPendingRequest(474)) - s1@group-6E994AD85659-LeaderStateImpl: addPendingRequest at RaftClientRequest:client-E8995F8E72F5->s1@group-6E994AD85659, cid=8922, seq=0, RW, Message:01016300, entry=(t:1, i:231), STATEMACHINELOGENTRY, 8922@client-E8995F8E72F5
2023-03-17 00:26:27,367 DEBUG server.RaftServer$Division (RaftServerImpl.java:logAppendEntries(1430)) - s6@group-6E994AD85659: receive appendEntries(s1, 1, (t:1, i:230), 229, true, commits:[s1:c229, s10:c227, s0:c227, s3:c227, s4:c229, s11:c227, s5:c227, s6:c229, s13:c229, s7:c227, s12:c227, s8:c227, s9:c229, s14:c227, s2:c227], cId:8935, entries: [(t:1, i:231), STATEMACHINELOGENTRY, 8922@client-E8995F8E72F5]
2023-03-17 00:26:27,368 DEBUG server.RaftServer$Division (RaftServerImpl.java:logAppendEntries(1430)) - s12@group-6E994AD85659: succeeded to handle AppendEntries. Reply: s1<-s12#8930:OK-t1,SUCCESS,nextIndex=232,followerCommit=229,matchIndex=231
2023-03-17 00:26:27,366 DEBUG server.RaftServer$Division (RaftServerImpl.java:logAppendEntries(1430)) - s4@group-6E994AD85659: receive appendEntries(s1, 1, (t:1, i:230), 229, true, commits:[s1:c229, s10:c227, s0:c227, s3:c227, s4:c229, s11:c227, s5:c227, s6:c227, s13:c229, s7:c227, s12:c227, s8:c227, s9:c227, s14:c227, s2:c227], cId:8933, entries: [(t:1, i:231), STATEMACHINELOGENTRY, 8922@client-E8995F8E72F5]
2023-03-17 00:26:27,363 DEBUG server.RaftServer$Division (RaftServerImpl.java:logAppendEntries(1430)) - s11@group-6E994AD85659: succeeded to handle AppendEntries. Reply: s1<-s11#8928:OK-t1,SUCCESS,nextIndex=231,followerCommit=229,matchIndex=230
2023-03-17 00:26:27,362 DEBUG server.RaftServer$Division (RaftServerImpl.java:logAppendEntries(1430)) - s3@group-6E994AD85659: succeeded to handle AppendEntries. Reply: s1<-s3#8925:OK-t1,SUCCESS,nextIndex=231,followerCommit=229,matchIndex=230
2023-03-17 00:26:27,368 DEBUG server.RaftServer$Division (RaftServerImpl.java:logAppendEntries(1430)) - s0@group-6E994AD85659: receive appendEntries(s1, 1, (t:1, i:229), 229, true, commits:[s1:c229, s10:c227, s0:c227, s3:c227, s4:c227, s11:c227, s5:c226, s6:c227, s13:c227, s7:c227, s12:c227, s8:c227, s9:c227, s14:c227, s2:c227], cId:8929, entries: [(t:1, i:230), METADATAENTRY(c:229), (t:1, i:231), STATEMACHINELOGENTRY, 8922@client-E8995F8E72F5]
2023-03-17 00:26:27,369 DEBUG server.RaftServer$Division (RaftServerImpl.java:logAppendEntries(1430)) - s4@group-6E994AD85659: succeeded to handle AppendEntries. Reply: s1<-s4#8933:OK-t1,SUCCESS,nextIndex=232,followerCommit=229,matchIndex=231
2023-03-17 00:26:27,369 DEBUG server.RaftServer$Division (RaftServerImpl.java:logAppendEntries(1430)) - s6@group-6E994AD85659: succeeded to handle AppendEntries. Reply: s1<-s6#8935:OK-t1,SUCCESS,nextIndex=232,followerCommit=229,matchIndex=231
2023-03-17 00:26:27,369 DEBUG server.RaftServer$Division (RaftServerImpl.java:logAppendEntries(1430)) - s8@group-6E994AD85659: receive appendEntries(s1, 1, (t:1, i:230), 229, true, commits:[s1:c229, s10:c229, s0:c227, s3:c227, s4:c229, s11:c227, s5:c227, s6:c229, s13:c229, s7:c227, s12:c227, s8:c229, s9:c229, s14:c229, s2:c229], cId:8939, entries: [(t:1, i:231), STATEMACHINELOGENTRY, 8922@client-E8995F8E72F5]
2023-03-17 00:26:27,369 DEBUG server.RaftServer$Division (RaftServerImpl.java:logAppendEntries(1430)) - s0@group-6E994AD85659: succeeded to handle AppendEntries. Reply: s1<-s0#8929:OK-t1,SUCCESS,nextIndex=232,followerCommit=229,matchIndex=231
2023-03-17 00:26:27,370 DEBUG server.RaftServer$Division (RaftServerImpl.java:logAppendEntries(1430)) - s8@group-6E994AD85659: succeeded to handle AppendEntries. Reply: s1<-s8#8939:OK-t1,SUCCESS,nextIndex=232,followerCommit=229,matchIndex=231
2023-03-17 00:26:27,370 DEBUG server.RaftServer$Division (RaftServerImpl.java:logAppendEntries(1430)) - s10@group-6E994AD85659: receive appendEntries(s1, 1, (t:1, i:230), 229, true, commits:[s1:c229, s10:c229, s0:c227, s3:c227, s4:c229, s11:c227, s5:c227, s6:c229, s13:c229, s7:c227, s12:c227, s8:c227, s9:c229, s14:c229, s2:c229], cId:8938, entries: [(t:1, i:231), STATEMACHINELOGENTRY, 8922@client-E8995F8E72F5]
2023-03-17 00:26:27,370 DEBUG server.RaftServer$Division (RaftServerImpl.java:logAppendEntries(1430)) - s2@group-6E994AD85659: receive appendEntries(s1, 1, (t:1, i:230), 229, true, commits:[s1:c229, s10:c227, s0:c227, s3:c227, s4:c229, s11:c227, s5:c227, s6:c229, s13:c229, s7:c227, s12:c227, s8:c227, s9:c229, s14:c229, s2:c229], cId:8937, entries: [(t:1, i:231), STATEMACHINELOGENTRY, 8922@client-E8995F8E72F5]
2023-03-17 00:26:27,371 DEBUG server.RaftServer$Division (RaftServerImpl.java:logAppendEntries(1430)) - s10@group-6E994AD85659: succeeded to handle AppendEntries. Reply: s1<-s10#8938:OK-t1,SUCCESS,nextIndex=232,followerCommit=229,matchIndex=231
2023-03-17 00:26:27,371 DEBUG server.RaftServer$Division (RaftServerImpl.java:logAppendEntries(1430)) - s2@group-6E994AD85659: succeeded to handle AppendEntries. Reply: s1<-s2#8937:OK-t1,SUCCESS,nextIndex=232,followerCommit=229,matchIndex=231
2023-03-17 00:26:27,371 DEBUG server.RaftServer$Division (RaftServerImpl.java:logAppendEntries(1430)) - s3@group-6E994AD85659: receive appendEntries(s1, 1, (t:1, i:230), 230, true, commits:[s1:c230, s10:c229, s0:c227, s3:c229, s4:c229, s11:c227, s5:c229, s6:c229, s13:c229, s7:c227, s12:c229, s8:c229, s9:c229, s14:c229, s2:c229], cId:8940, entries: [(t:1, i:231), STATEMACHINELOGENTRY, 8922@client-E8995F8E72F5]
2023-03-17 00:26:27,372 DEBUG server.RaftServer$Division (RaftServerImpl.java:logAppendEntries(1430)) - s3@group-6E994AD85659: succeeded to handle AppendEntries. Reply: s1<-s3#8940:OK-t1,SUCCESS,nextIndex=232,followerCommit=230,matchIndex=231
2023-03-17 00:26:27,372 INFO  statemachine.StateMachine (ArithmeticStateMachine.java:applyTransaction(182)) - LEADER:s1-231: c = null = null
2023-03-17 00:26:27,372 DEBUG server.RaftServer$Division (RaftServerImpl.java:logAppendEntries(1430)) - s5@group-6E994AD85659: receive appendEntries(s1, 1, (t:1, i:231), 231, true, commits:[s1:c231, s10:c229, s0:c227, s3:c229, s4:c229, s11:c227, s5:c229, s6:c229, s13:c229, s7:c227, s12:c229, s8:c229, s9:c229, s14:c229, s2:c229], cId:8942, entries: [(t:1, i:232), METADATAENTRY(c:231)]
2023-03-17 00:26:27,372 DEBUG server.RaftServer$Division (RaftServerImpl.java:logAppendEntries(1430)) - s13@group-6E994AD85659: receive appendEntries(s1, 1, (t:1, i:231), 231, true, commits:[s1:c231, s10:c229, s0:c227, s3:c229, s4:c229, s11:c227, s5:c229, s6:c229, s13:c229, s7:c227, s12:c229, s8:c229, s9:c229, s14:c229, s2:c229], cId:8943, entries: [(t:1, i:232), METADATAENTRY(c:231)]
2023-03-17 00:26:27,373 DEBUG server.RaftServer$Division (RaftServerImpl.java:logAppendEntries(1430)) - s4@group-6E994AD85659: receive appendEntries(s1, 1, (t:1, i:231), 231, true, commits:[s1:c231, s10:c229, s0:c227, s3:c229, s4:c229, s11:c227, s5:c229, s6:c229, s13:c229, s7:c227, s12:c229, s8:c229, s9:c229, s14:c229, s2:c229], cId:8944, entries: [(t:1, i:232), METADATAENTRY(c:231)]
2023-03-17 00:26:27,373 DEBUG server.RaftServer$Division (RaftServerImpl.java:logAppendEntries(1430)) - s12@group-6E994AD85659: receive appendEntries(s1, 1, (t:1, i:231), 231, true, commits:[s1:c231, s10:c229, s0:c227, s3:c229, s4:c229, s11:c227, s5:c229, s6:c229, s13:c229, s7:c227, s12:c229, s8:c229, s9:c229, s14:c229, s2:c229], cId:8941, entries: [(t:1, i:232), METADATAENTRY(c:231)]
2023-03-17 00:26:27,373 DEBUG server.RaftServer$Division (RaftServerImpl.java:logAppendEntries(1430)) - s6@group-6E994AD85659: receive appendEntries(s1, 1, (t:1, i:231), 231, true, commits:[s1:c231, s10:c229, s0:c227, s3:c229, s4:c229, s11:c227, s5:c229, s6:c229, s13:c229, s7:c227, s12:c229, s8:c229, s9:c229, s14:c229, s2:c229], cId:8946, entries: [(t:1, i:232), METADATAENTRY(c:231)]
2023-03-17 00:26:27,374 DEBUG server.RaftServer$Division (RaftServerImpl.java:logAppendEntries(1430)) - s13@group-6E994AD85659: succeeded to handle AppendEntries. Reply: s1<-s13#8943:OK-t1,SUCCESS,nextIndex=233,followerCommit=231,matchIndex=232
2023-03-17 00:26:27,374 DEBUG server.RaftServer$Division (RaftServerImpl.java:logAppendEntries(1430)) - s14@group-6E994AD85659: receive appendEntries(s1, 1, (t:1, i:230), 229, true, commits:[s1:c229, s10:c227, s0:c227, s3:c227, s4:c229, s11:c227, s5:c227, s6:c229, s13:c229, s7:c227, s12:c227, s8:c227, s9:c229, s14:c229, s2:c227], cId:8936, entries: [(t:1, i:231), STATEMACHINELOGENTRY, 8922@client-E8995F8E72F5]
2023-03-17 00:26:27,374 DEBUG server.RaftServer$Division (RaftServerImpl.java:logAppendEntries(1430)) - s5@group-6E994AD85659: succeeded to handle AppendEntries. Reply: s1<-s5#8942:OK-t1,SUCCESS,nextIndex=233,followerCommit=231,matchIndex=232
2023-03-17 00:26:27,374 DEBUG server.RaftServer$Division (RaftServerImpl.java:logAppendEntries(1430)) - s4@group-6E994AD85659: succeeded to handle AppendEntries. Reply: s1<-s4#8944:OK-t1,SUCCESS,nextIndex=233,followerCommit=231,matchIndex=232
2023-03-17 00:26:27,374 DEBUG server.RaftServer$Division (RaftServerImpl.java:logAppendEntries(1430)) - s12@group-6E994AD85659: succeeded to handle AppendEntries. Reply: s1<-s12#8941:OK-t1,SUCCESS,nextIndex=233,followerCommit=231,matchIndex=232
2023-03-17 00:26:27,374 DEBUG server.RaftServer$Division (RaftServerImpl.java:logAppendEntries(1430)) - s6@group-6E994AD85659: succeeded to handle AppendEntries. Reply: s1<-s6#8946:OK-t1,SUCCESS,nextIndex=233,followerCommit=231,matchIndex=232
2023-03-17 00:26:27,374 DEBUG server.RaftServer$Division (RaftServerImpl.java:logAppendEntries(1430)) - s14@group-6E994AD85659: succeeded to handle AppendEntries. Reply: s1<-s14#8936:OK-t1,SUCCESS,nextIndex=232,followerCommit=229,matchIndex=231
2023-03-17 00:26:27,375 DEBUG server.RaftServer$Division (RaftServerImpl.java:logAppendEntries(1430)) - s11@group-6E994AD85659: receive appendEntries(s1, 1, (t:1, i:230), 231, true, commits:[s1:c231, s10:c229, s0:c227, s3:c229, s4:c229, s11:c229, s5:c229, s6:c229, s13:c229, s7:c227, s12:c229, s8:c229, s9:c229, s14:c229, s2:c229], cId:8949, entries: [(t:1, i:231), STATEMACHINELOGENTRY, 8922@client-E8995F8E72F5, (t:1, i:232), METADATAENTRY(c:231)]
2023-03-17 00:26:27,375 DEBUG server.RaftServer$Division (RaftServerImpl.java:logAppendEntries(1430)) - s0@group-6E994AD85659: receive appendEntries(s1, 1, (t:1, i:231), 231, true, commits:[s1:c231, s10:c229, s0:c229, s3:c229, s4:c229, s11:c229, s5:c229, s6:c229, s13:c229, s7:c229, s12:c229, s8:c229, s9:c229, s14:c229, s2:c229], cId:8952, entries: [(t:1, i:232), METADATAENTRY(c:231)]
2023-03-17 00:26:27,375 DEBUG server.RaftServer$Division (RaftServerImpl.java:logAppendEntries(1430)) - s7@group-6E994AD85659: receive appendEntries(s1, 1, (t:1, i:230), 231, true, commits:[s1:c231, s10:c229, s0:c227, s3:c229, s4:c229, s11:c229, s5:c229, s6:c229, s13:c229, s7:c229, s12:c229, s8:c229, s9:c229, s14:c229, s2:c229], cId:8951, entries: [(t:1, i:231), STATEMACHINELOGENTRY, 8922@client-E8995F8E72F5, (t:1, i:232), METADATAENTRY(c:231)]
2023-03-17 00:26:27,375 DEBUG server.RaftServer$Division (RaftServerImpl.java:submitClientRequestAsync(835)) - s1@group-6E994AD85659: receive client request(RaftClientRequest:client-E8995F8E72F5->s1@group-6E994AD85659, cid=8950, seq=0, RW, Message:01016102405e40000000...(size=12))
2023-03-17 00:26:27,376 DEBUG server.RaftServer$Division (RaftServerImpl.java:logAppendEntries(1430)) - s9@group-6E994AD85659: receive appendEntries(s1, 1, (t:1, i:231), 231, true, commits:[s1:c231, s10:c229, s0:c227, s3:c229, s4:c229, s11:c227, s5:c229, s6:c229, s13:c229, s7:c227, s12:c229, s8:c229, s9:c229, s14:c229, s2:c229], cId:8947, entries: [(t:1, i:232), METADATAENTRY(c:231)]
2023-03-17 00:26:27,376 DEBUG server.RaftServer$Division (RaftServerImpl.java:logAppendEntries(1430)) - s0@group-6E994AD85659: succeeded to handle AppendEntries. Reply: s1<-s0#8952:OK-t1,SUCCESS,nextIndex=233,followerCommit=231,matchIndex=232
2023-03-17 00:26:27,376 DEBUG server.RaftServer$Division (RaftServerImpl.java:logAppendEntries(1430)) - s7@group-6E994AD85659: succeeded to handle AppendEntries. Reply: s1<-s7#8951:OK-t1,SUCCESS,nextIndex=233,followerCommit=231,matchIndex=232
2023-03-17 00:26:27,376 DEBUG server.RaftServer$Division (RaftServerImpl.java:logAppendEntries(1430)) - s11@group-6E994AD85659: succeeded to handle AppendEntries. Reply: s1<-s11#8949:OK-t1,SUCCESS,nextIndex=233,followerCommit=231,matchIndex=232
2023-03-17 00:26:27,376 DEBUG server.RaftServer$Division (RaftServerImpl.java:logAppendEntries(1430)) - s9@group-6E994AD85659: succeeded to handle AppendEntries. Reply: s1<-s9#8947:OK-t1,SUCCESS,nextIndex=233,followerCommit=231,matchIndex=232
2023-03-17 00:26:27,376 DEBUG server.RaftServer$Division (RaftServerImpl.java:logAppendEntries(1430)) - s10@group-6E994AD85659: receive appendEntries(s1, 1, (t:1, i:231), 231, true, commits:[s1:c231, s10:c229, s0:c227, s3:c229, s4:c229, s11:c227, s5:c229, s6:c229, s13:c229, s7:c227, s12:c229, s8:c229, s9:c229, s14:c229, s2:c229], cId:8945, entries: [(t:1, i:232), METADATAENTRY(c:231)]
2023-03-17 00:26:27,377 DEBUG server.RaftServer$Division (RaftServerImpl.java:logAppendEntries(1430)) - s13@group-6E994AD85659: receive appendEntries(s1, 1, (t:1, i:232), 231, true, commits:[s1:c231, s10:c229, s0:c229, s3:c229, s4:c229, s11:c229, s5:c229, s6:c229, s13:c231, s7:c229, s12:c229, s8:c229, s9:c229, s14:c229, s2:c229], cId:8954, entries: [(t:1, i:233), STATEMACHINELOGENTRY, 8950@client-E8995F8E72F5]
2023-03-17 00:26:27,378 DEBUG server.RaftServer$Division (RaftServerImpl.java:logAppendEntries(1430)) - s5@group-6E994AD85659: receive appendEntries(s1, 1, (t:1, i:232), 231, true, commits:[s1:c231, s10:c229, s0:c229, s3:c229, s4:c229, s11:c229, s5:c231, s6:c229, s13:c231, s7:c229, s12:c229, s8:c229, s9:c229, s14:c229, s2:c229], cId:8955, entries: [(t:1, i:233), STATEMACHINELOGENTRY, 8950@client-E8995F8E72F5]
2023-03-17 00:26:27,378 DEBUG server.RaftServer$Division (RaftServerImpl.java:logAppendEntries(1430)) - s2@group-6E994AD85659: receive appendEntries(s1, 1, (t:1, i:231), 231, true, commits:[s1:c231, s10:c229, s0:c229, s3:c229, s4:c229, s11:c229, s5:c229, s6:c229, s13:c229, s7:c229, s12:c229, s8:c229, s9:c229, s14:c229, s2:c229], cId:8953, entries: [(t:1, i:232), METADATAENTRY(c:231), (t:1, i:233), STATEMACHINELOGENTRY, 8950@client-E8995F8E72F5]
2023-03-17 00:26:27,379 DEBUG server.RaftServer$Division (RaftServerImpl.java:logAppendEntries(1430)) - s5@group-6E994AD85659: succeeded to handle AppendEntries. Reply: s1<-s5#8955:OK-t1,SUCCESS,nextIndex=234,followerCommit=231,matchIndex=233
2023-03-17 00:26:27,376 DEBUG server.RaftServer$Division (LeaderStateImpl.java:addPendingRequest(474)) - s1@group-6E994AD85659-LeaderStateImpl: addPendingRequest at RaftClientRequest:client-E8995F8E72F5->s1@group-6E994AD85659, cid=8950, seq=0, RW, Message:01016102405e40000000...(size=12), entry=(t:1, i:233), STATEMACHINELOGENTRY, 8950@client-E8995F8E72F5
2023-03-17 00:26:27,379 DEBUG server.RaftServer$Division (RaftServerImpl.java:logAppendEntries(1430)) - s6@group-6E994AD85659: receive appendEntries(s1, 1, (t:1, i:232), 231, true, commits:[s1:c231, s10:c229, s0:c229, s3:c230, s4:c231, s11:c229, s5:c231, s6:c231, s13:c231, s7:c229, s12:c231, s8:c229, s9:c231, s14:c229, s2:c229], cId:8960, entries: [(t:1, i:233), STATEMACHINELOGENTRY, 8950@client-E8995F8E72F5]
2023-03-17 00:26:27,379 DEBUG server.RaftServer$Division (RaftServerImpl.java:logAppendEntries(1430)) - s12@group-6E994AD85659: receive appendEntries(s1, 1, (t:1, i:232), 231, true, commits:[s1:c231, s10:c229, s0:c229, s3:c229, s4:c231, s11:c229, s5:c231, s6:c229, s13:c231, s7:c229, s12:c231, s8:c229, s9:c231, s14:c229, s2:c229], cId:8958, entries: [(t:1, i:233), STATEMACHINELOGENTRY, 8950@client-E8995F8E72F5]
2023-03-17 00:26:27,378 DEBUG server.RaftServer$Division (RaftServerImpl.java:logAppendEntries(1430)) - s9@group-6E994AD85659: receive appendEntries(s1, 1, (t:1, i:232), 231, true, commits:[s1:c231, s10:c229, s0:c229, s3:c229, s4:c231, s11:c229, s5:c231, s6:c229, s13:c231, s7:c229, s12:c229, s8:c229, s9:c231, s14:c229, s2:c229], cId:8957, entries: [(t:1, i:233), STATEMACHINELOGENTRY, 8950@client-E8995F8E72F5]
2023-03-17 00:26:27,380 DEBUG server.RaftServer$Division (RaftServerImpl.java:logAppendEntries(1430)) - s2@group-6E994AD85659: succeeded to handle AppendEntries. Reply: s1<-s2#8953:OK-t1,SUCCESS,nextIndex=234,followerCommit=231,matchIndex=233
2023-03-17 00:26:27,380 DEBUG server.RaftServer$Division (RaftServerImpl.java:logAppendEntries(1430)) - s12@group-6E994AD85659: succeeded to handle AppendEntries. Reply: s1<-s12#8958:OK-t1,SUCCESS,nextIndex=234,followerCommit=231,matchIndex=233
2023-03-17 00:26:27,380 DEBUG server.RaftServer$Division (RaftServerImpl.java:logAppendEntries(1430)) - s6@group-6E994AD85659: succeeded to handle AppendEntries. Reply: s1<-s6#8960:OK-t1,SUCCESS,nextIndex=234,followerCommit=231,matchIndex=233
2023-03-17 00:26:27,380 DEBUG server.RaftServer$Division (RaftServerImpl.java:logAppendEntries(1430)) - s9@group-6E994AD85659: succeeded to handle AppendEntries. Reply: s1<-s9#8957:OK-t1,SUCCESS,nextIndex=234,followerCommit=231,matchIndex=233
2023-03-17 00:26:27,380 DEBUG server.RaftServer$Division (RaftServerImpl.java:logAppendEntries(1430)) - s11@group-6E994AD85659: receive appendEntries(s1, 1, (t:1, i:232), 231, true, commits:[s1:c231, s10:c229, s0:c229, s3:c230, s4:c231, s11:c231, s5:c231, s6:c231, s13:c231, s7:c229, s12:c231, s8:c229, s9:c231, s14:c229, s2:c229], cId:8961, entries: [(t:1, i:233), STATEMACHINELOGENTRY, 8950@client-E8995F8E72F5]
2023-03-17 00:26:27,381 DEBUG server.RaftServer$Division (RaftServerImpl.java:logAppendEntries(1430)) - s0@group-6E994AD85659: receive appendEntries(s1, 1, (t:1, i:232), 231, true, commits:[s1:c231, s10:c229, s0:c231, s3:c230, s4:c231, s11:c231, s5:c231, s6:c231, s13:c231, s7:c231, s12:c231, s8:c229, s9:c231, s14:c229, s2:c229], cId:8964, entries: [(t:1, i:233), STATEMACHINELOGENTRY, 8950@client-E8995F8E72F5]
2023-03-17 00:26:27,381 DEBUG server.RaftServer$Division (RaftServerImpl.java:logAppendEntries(1430)) - s14@group-6E994AD85659: receive appendEntries(s1, 1, (t:1, i:231), 231, true, commits:[s1:c231, s10:c229, s0:c229, s3:c230, s4:c231, s11:c231, s5:c231, s6:c231, s13:c231, s7:c229, s12:c231, s8:c229, s9:c231, s14:c229, s2:c229], cId:8962, entries: [(t:1, i:232), METADATAENTRY(c:231), (t:1, i:233), STATEMACHINELOGENTRY, 8950@client-E8995F8E72F5]
2023-03-17 00:26:27,381 DEBUG server.RaftServer$Division (RaftServerImpl.java:logAppendEntries(1430)) - s7@group-6E994AD85659: receive appendEntries(s1, 1, (t:1, i:232), 231, true, commits:[s1:c231, s10:c229, s0:c229, s3:c230, s4:c231, s11:c231, s5:c231, s6:c231, s13:c231, s7:c231, s12:c231, s8:c229, s9:c231, s14:c229, s2:c229], cId:8963, entries: [(t:1, i:233), STATEMACHINELOGENTRY, 8950@client-E8995F8E72F5]
2023-03-17 00:26:27,381 DEBUG server.RaftServer$Division (RaftServerImpl.java:logAppendEntries(1430)) - s11@group-6E994AD85659: succeeded to handle AppendEntries. Reply: s1<-s11#8961:OK-t1,SUCCESS,nextIndex=234,followerCommit=231,matchIndex=233
2023-03-17 00:26:27,381 DEBUG server.RaftServer$Division (RaftServerImpl.java:logAppendEntries(1430)) - s14@group-6E994AD85659: succeeded to handle AppendEntries. Reply: s1<-s14#8962:OK-t1,SUCCESS,nextIndex=234,followerCommit=231,matchIndex=233
2023-03-17 00:26:27,378 DEBUG server.RaftServer$Division (RaftServerImpl.java:logAppendEntries(1430)) - s4@group-6E994AD85659: receive appendEntries(s1, 1, (t:1, i:232), 231, true, commits:[s1:c231, s10:c229, s0:c229, s3:c229, s4:c231, s11:c229, s5:c231, s6:c229, s13:c231, s7:c229, s12:c229, s8:c229, s9:c229, s14:c229, s2:c229], cId:8956, entries: [(t:1, i:233), STATEMACHINELOGENTRY, 8950@client-E8995F8E72F5]
2023-03-17 00:26:27,378 DEBUG server.RaftServer$Division (RaftServerImpl.java:logAppendEntries(1430)) - s8@group-6E994AD85659: receive appendEntries(s1, 1, (t:1, i:231), 231, true, commits:[s1:c231, s10:c229, s0:c227, s3:c229, s4:c229, s11:c227, s5:c229, s6:c229, s13:c229, s7:c227, s12:c229, s8:c229, s9:c229, s14:c229, s2:c229], cId:8948, entries: [(t:1, i:232), METADATAENTRY(c:231)]
2023-03-17 00:26:27,382 DEBUG server.RaftServer$Division (RaftServerImpl.java:logAppendEntries(1430)) - s7@group-6E994AD85659: succeeded to handle AppendEntries. Reply: s1<-s7#8963:OK-t1,SUCCESS,nextIndex=234,followerCommit=231,matchIndex=233
2023-03-17 00:26:27,378 DEBUG server.RaftServer$Division (RaftServerImpl.java:logAppendEntries(1430)) - s13@group-6E994AD85659: succeeded to handle AppendEntries. Reply: s1<-s13#8954:OK-t1,SUCCESS,nextIndex=234,followerCommit=231,matchIndex=233
2023-03-17 00:26:27,382 DEBUG server.RaftServer$Division (RaftServerImpl.java:logAppendEntries(1430)) - s4@group-6E994AD85659: succeeded to handle AppendEntries. Reply: s1<-s4#8956:OK-t1,SUCCESS,nextIndex=234,followerCommit=231,matchIndex=233
2023-03-17 00:26:27,378 DEBUG server.RaftServer$Division (RaftServerImpl.java:logAppendEntries(1430)) - s10@group-6E994AD85659: succeeded to handle AppendEntries. Reply: s1<-s10#8945:OK-t1,SUCCESS,nextIndex=233,followerCommit=231,matchIndex=232
2023-03-17 00:26:27,382 DEBUG server.RaftServer$Division (RaftServerImpl.java:logAppendEntries(1430)) - s8@group-6E994AD85659: succeeded to handle AppendEntries. Reply: s1<-s8#8948:OK-t1,SUCCESS,nextIndex=233,followerCommit=231,matchIndex=232
2023-03-17 00:26:27,381 DEBUG server.RaftServer$Division (RaftServerImpl.java:logAppendEntries(1430)) - s0@group-6E994AD85659: succeeded to handle AppendEntries. Reply: s1<-s0#8964:OK-t1,SUCCESS,nextIndex=234,followerCommit=231,matchIndex=233
2023-03-17 00:26:27,383 DEBUG server.RaftServer$Division (RaftServerImpl.java:logAppendEntries(1430)) - s10@group-6E994AD85659: receive appendEntries(s1, 1, (t:1, i:232), 232, true, commits:[s1:c232, s10:c231, s0:c231, s3:c230, s4:c231, s11:c231, s5:c231, s6:c231, s13:c231, s7:c231, s12:c231, s8:c229, s9:c231, s14:c229, s2:c231], cId:8965, entries: [(t:1, i:233), STATEMACHINELOGENTRY, 8950@client-E8995F8E72F5]
2023-03-17 00:26:27,383 DEBUG server.RaftServer$Division (RaftServerImpl.java:logAppendEntries(1430)) - s3@group-6E994AD85659: receive appendEntries(s1, 1, (t:1, i:231), 231, true, commits:[s1:c231, s10:c229, s0:c229, s3:c230, s4:c231, s11:c229, s5:c231, s6:c229, s13:c231, s7:c229, s12:c231, s8:c229, s9:c231, s14:c229, s2:c229], cId:8959, entries: [(t:1, i:232), METADATAENTRY(c:231), (t:1, i:233), STATEMACHINELOGENTRY, 8950@client-E8995F8E72F5]
2023-03-17 00:26:27,383 INFO  statemachine.StateMachine (ArithmeticStateMachine.java:applyTransaction(182)) - LEADER:s1-233: a = 121 = 121
2023-03-17 00:26:27,384 DEBUG server.RaftServer$Division (RaftServerImpl.java:logAppendEntries(1430)) - s3@group-6E994AD85659: succeeded to handle AppendEntries. Reply: s1<-s3#8959:OK-t1,SUCCESS,nextIndex=234,followerCommit=231,matchIndex=233
2023-03-17 00:26:27,384 DEBUG server.RaftServer$Division (RaftServerImpl.java:logAppendEntries(1430)) - s10@group-6E994AD85659: succeeded to handle AppendEntries. Reply: s1<-s10#8965:OK-t1,SUCCESS,nextIndex=234,followerCommit=232,matchIndex=233
2023-03-17 00:26:27,384 DEBUG server.RaftServer$Division (RaftServerImpl.java:logAppendEntries(1430)) - s13@group-6E994AD85659: receive appendEntries(s1, 1, (t:1, i:233), 233, true, commits:[s1:c233, s10:c231, s0:c231, s3:c230, s4:c231, s11:c231, s5:c231, s6:c231, s13:c231, s7:c231, s12:c231, s8:c229, s9:c231, s14:c229, s2:c231], cId:8971, entries: [(t:1, i:234), METADATAENTRY(c:233)]
2023-03-17 00:26:27,384 DEBUG server.RaftServer$Division (RaftServerImpl.java:logAppendEntries(1430)) - s4@group-6E994AD85659: receive appendEntries(s1, 1, (t:1, i:233), 233, true, commits:[s1:c233, s10:c231, s0:c231, s3:c230, s4:c231, s11:c231, s5:c231, s6:c231, s13:c231, s7:c231, s12:c231, s8:c229, s9:c231, s14:c229, s2:c231], cId:8970, entries: [(t:1, i:234), METADATAENTRY(c:233)]
2023-03-17 00:26:27,385 DEBUG server.RaftServer$Division (RaftServerImpl.java:logAppendEntries(1430)) - s5@group-6E994AD85659: receive appendEntries(s1, 1, (t:1, i:233), 233, true, commits:[s1:c233, s10:c231, s0:c231, s3:c230, s4:c231, s11:c231, s5:c231, s6:c231, s13:c231, s7:c231, s12:c231, s8:c229, s9:c231, s14:c229, s2:c231], cId:8969, entries: [(t:1, i:234), METADATAENTRY(c:233)]
2023-03-17 00:26:27,385 DEBUG server.RaftServer$Division (RaftServerImpl.java:logAppendEntries(1430)) - s13@group-6E994AD85659: succeeded to handle AppendEntries. Reply: s1<-s13#8971:OK-t1,SUCCESS,nextIndex=235,followerCommit=233,matchIndex=234
2023-03-17 00:26:27,385 DEBUG server.RaftServer$Division (RaftServerImpl.java:logAppendEntries(1430)) - s6@group-6E994AD85659: receive appendEntries(s1, 1, (t:1, i:233), 233, true, commits:[s1:c233, s10:c231, s0:c231, s3:c230, s4:c231, s11:c231, s5:c231, s6:c231, s13:c231, s7:c231, s12:c231, s8:c229, s9:c231, s14:c229, s2:c231], cId:8968, entries: [(t:1, i:234), METADATAENTRY(c:233)]
2023-03-17 00:26:27,385 DEBUG server.RaftServer$Division (RaftServerImpl.java:logAppendEntries(1430)) - s5@group-6E994AD85659: succeeded to handle AppendEntries. Reply: s1<-s5#8969:OK-t1,SUCCESS,nextIndex=235,followerCommit=233,matchIndex=234
2023-03-17 00:26:27,385 DEBUG server.RaftServer$Division (RaftServerImpl.java:logAppendEntries(1430)) - s4@group-6E994AD85659: succeeded to handle AppendEntries. Reply: s1<-s4#8970:OK-t1,SUCCESS,nextIndex=235,followerCommit=233,matchIndex=234
2023-03-17 00:26:27,386 DEBUG server.RaftServer$Division (RaftServerImpl.java:logAppendEntries(1430)) - s6@group-6E994AD85659: succeeded to handle AppendEntries. Reply: s1<-s6#8968:OK-t1,SUCCESS,nextIndex=235,followerCommit=233,matchIndex=234
2023-03-17 00:26:27,386 DEBUG server.RaftServer$Division (RaftServerImpl.java:logAppendEntries(1430)) - s2@group-6E994AD85659: receive appendEntries(s1, 1, (t:1, i:233), 233, true, commits:[s1:c233, s10:c231, s0:c231, s3:c230, s4:c231, s11:c231, s5:c231, s6:c231, s13:c231, s7:c231, s12:c231, s8:c229, s9:c231, s14:c229, s2:c231], cId:8966, entries: [(t:1, i:234), METADATAENTRY(c:233)]
2023-03-17 00:26:27,386 DEBUG server.RaftServer$Division (RaftServerImpl.java:logAppendEntries(1430)) - s12@group-6E994AD85659: receive appendEntries(s1, 1, (t:1, i:233), 233, true, commits:[s1:c233, s10:c231, s0:c231, s3:c230, s4:c231, s11:c231, s5:c231, s6:c231, s13:c231, s7:c231, s12:c231, s8:c229, s9:c231, s14:c229, s2:c231], cId:8967, entries: [(t:1, i:234), METADATAENTRY(c:233)]
2023-03-17 00:26:27,386 DEBUG server.RaftServer$Division (RaftServerImpl.java:logAppendEntries(1430)) - s9@group-6E994AD85659: receive appendEntries(s1, 1, (t:1, i:233), 233, true, commits:[s1:c233, s10:c231, s0:c231, s3:c230, s4:c231, s11:c231, s5:c231, s6:c231, s13:c231, s7:c231, s12:c231, s8:c229, s9:c231, s14:c229, s2:c231], cId:8972, entries: [(t:1, i:234), METADATAENTRY(c:233)]
2023-03-17 00:26:27,387 DEBUG server.RaftServer$Division (RaftServerImpl.java:logAppendEntries(1430)) - s12@group-6E994AD85659: succeeded to handle AppendEntries. Reply: s1<-s12#8967:OK-t1,SUCCESS,nextIndex=235,followerCommit=233,matchIndex=234
2023-03-17 00:26:27,387 DEBUG server.RaftServer$Division (RaftServerImpl.java:logAppendEntries(1430)) - s2@group-6E994AD85659: succeeded to handle AppendEntries. Reply: s1<-s2#8966:OK-t1,SUCCESS,nextIndex=235,followerCommit=233,matchIndex=234
2023-03-17 00:26:27,387 DEBUG server.RaftServer$Division (RaftServerImpl.java:logAppendEntries(1430)) - s9@group-6E994AD85659: succeeded to handle AppendEntries. Reply: s1<-s9#8972:OK-t1,SUCCESS,nextIndex=235,followerCommit=233,matchIndex=234
2023-03-17 00:26:27,388 DEBUG server.RaftServer$Division (RaftServerImpl.java:submitClientRequestAsync(835)) - s1@group-6E994AD85659: receive client request(RaftClientRequest:client-E8995F8E72F5->s1@group-6E994AD85659, cid=8973, seq=0, RW, Message:0101620240bc98000000...(size=12))
2023-03-17 00:26:27,388 DEBUG server.RaftServer$Division (RaftServerImpl.java:logAppendEntries(1430)) - s8@group-6E994AD85659: receive appendEntries(s1, 1, (t:1, i:232), 233, true, commits:[s1:c233, s10:c231, s0:c231, s3:c230, s4:c231, s11:c231, s5:c231, s6:c231, s13:c233, s7:c231, s12:c231, s8:c231, s9:c231, s14:c231, s2:c231], cId:8978, entries: [(t:1, i:233), STATEMACHINELOGENTRY, 8950@client-E8995F8E72F5, (t:1, i:234), METADATAENTRY(c:233)]
2023-03-17 00:26:27,388 DEBUG server.RaftServer$Division (LeaderStateImpl.java:addPendingRequest(474)) - s1@group-6E994AD85659-LeaderStateImpl: addPendingRequest at RaftClientRequest:client-E8995F8E72F5->s1@group-6E994AD85659, cid=8973, seq=0, RW, Message:0101620240bc98000000...(size=12), entry=(t:1, i:235), STATEMACHINELOGENTRY, 8973@client-E8995F8E72F5
2023-03-17 00:26:27,388 DEBUG server.RaftServer$Division (RaftServerImpl.java:logAppendEntries(1430)) - s10@group-6E994AD85659: receive appendEntries(s1, 1, (t:1, i:233), 233, true, commits:[s1:c233, s10:c232, s0:c231, s3:c230, s4:c231, s11:c231, s5:c231, s6:c231, s13:c233, s7:c231, s12:c231, s8:c231, s9:c231, s14:c231, s2:c231], cId:8979, entries: [(t:1, i:234), METADATAENTRY(c:233)]
2023-03-17 00:26:27,389 DEBUG server.RaftServer$Division (RaftServerImpl.java:logAppendEntries(1430)) - s8@group-6E994AD85659: succeeded to handle AppendEntries. Reply: s1<-s8#8978:OK-t1,SUCCESS,nextIndex=235,followerCommit=233,matchIndex=234
2023-03-17 00:26:27,389 DEBUG server.RaftServer$Division (RaftServerImpl.java:logAppendEntries(1430)) - s4@group-6E994AD85659: receive appendEntries(s1, 1, (t:1, i:234), 233, true, commits:[s1:c233, s10:c232, s0:c231, s3:c231, s4:c233, s11:c231, s5:c233, s6:c233, s13:c233, s7:c231, s12:c233, s8:c231, s9:c233, s14:c231, s2:c231], cId:8984, entries: [(t:1, i:235), STATEMACHINELOGENTRY, 8973@client-E8995F8E72F5]
2023-03-17 00:26:27,389 DEBUG server.RaftServer$Division (RaftServerImpl.java:logAppendEntries(1430)) - s10@group-6E994AD85659: succeeded to handle AppendEntries. Reply: s1<-s10#8979:OK-t1,SUCCESS,nextIndex=235,followerCommit=233,matchIndex=234
2023-03-17 00:26:27,389 DEBUG server.RaftServer$Division (RaftServerImpl.java:logAppendEntries(1430)) - s9@group-6E994AD85659: receive appendEntries(s1, 1, (t:1, i:234), 233, true, commits:[s1:c233, s10:c232, s0:c231, s3:c231, s4:c233, s11:c231, s5:c233, s6:c233, s13:c233, s7:c231, s12:c233, s8:c231, s9:c233, s14:c231, s2:c231], cId:8986, entries: [(t:1, i:235), STATEMACHINELOGENTRY, 8973@client-E8995F8E72F5]
2023-03-17 00:26:27,390 DEBUG server.RaftServer$Division (RaftServerImpl.java:logAppendEntries(1430)) - s5@group-6E994AD85659: receive appendEntries(s1, 1, (t:1, i:234), 233, true, commits:[s1:c233, s10:c232, s0:c231, s3:c231, s4:c233, s11:c231, s5:c233, s6:c233, s13:c233, s7:c231, s12:c233, s8:c231, s9:c233, s14:c231, s2:c231], cId:8982, entries: [(t:1, i:235), STATEMACHINELOGENTRY, 8973@client-E8995F8E72F5]
2023-03-17 00:26:27,390 DEBUG server.RaftServer$Division (RaftServerImpl.java:logAppendEntries(1430)) - s9@group-6E994AD85659: succeeded to handle AppendEntries. Reply: s1<-s9#8986:OK-t1,SUCCESS,nextIndex=236,followerCommit=233,matchIndex=235
2023-03-17 00:26:27,390 DEBUG server.RaftServer$Division (RaftServerImpl.java:logAppendEntries(1430)) - s4@group-6E994AD85659: succeeded to handle AppendEntries. Reply: s1<-s4#8984:OK-t1,SUCCESS,nextIndex=236,followerCommit=233,matchIndex=235
2023-03-17 00:26:27,390 DEBUG server.RaftServer$Division (RaftServerImpl.java:logAppendEntries(1430)) - s13@group-6E994AD85659: receive appendEntries(s1, 1, (t:1, i:234), 233, true, commits:[s1:c233, s10:c232, s0:c231, s3:c231, s4:c233, s11:c231, s5:c233, s6:c233, s13:c233, s7:c231, s12:c233, s8:c231, s9:c233, s14:c231, s2:c231], cId:8985, entries: [(t:1, i:235), STATEMACHINELOGENTRY, 8973@client-E8995F8E72F5]
2023-03-17 00:26:27,390 DEBUG server.RaftServer$Division (RaftServerImpl.java:logAppendEntries(1430)) - s5@group-6E994AD85659: succeeded to handle AppendEntries. Reply: s1<-s5#8982:OK-t1,SUCCESS,nextIndex=236,followerCommit=233,matchIndex=235
2023-03-17 00:26:27,390 DEBUG server.RaftServer$Division (RaftServerImpl.java:logAppendEntries(1430)) - s6@group-6E994AD85659: receive appendEntries(s1, 1, (t:1, i:234), 233, true, commits:[s1:c233, s10:c232, s0:c231, s3:c231, s4:c233, s11:c231, s5:c233, s6:c233, s13:c233, s7:c231, s12:c233, s8:c231, s9:c233, s14:c231, s2:c231], cId:8980, entries: [(t:1, i:235), STATEMACHINELOGENTRY, 8973@client-E8995F8E72F5]
2023-03-17 00:26:27,391 DEBUG server.RaftServer$Division (RaftServerImpl.java:logAppendEntries(1430)) - s14@group-6E994AD85659: receive appendEntries(s1, 1, (t:1, i:233), 233, true, commits:[s1:c233, s10:c231, s0:c231, s3:c230, s4:c231, s11:c231, s5:c231, s6:c231, s13:c231, s7:c231, s12:c231, s8:c229, s9:c231, s14:c231, s2:c231], cId:8975, entries: [(t:1, i:234), METADATAENTRY(c:233)]
2023-03-17 00:26:27,391 DEBUG server.RaftServer$Division (RaftServerImpl.java:logAppendEntries(1430)) - s13@group-6E994AD85659: succeeded to handle AppendEntries. Reply: s1<-s13#8985:OK-t1,SUCCESS,nextIndex=236,followerCommit=233,matchIndex=235
2023-03-17 00:26:27,391 DEBUG server.RaftServer$Division (RaftServerImpl.java:logAppendEntries(1430)) - s11@group-6E994AD85659: receive appendEntries(s1, 1, (t:1, i:233), 233, true, commits:[s1:c233, s10:c231, s0:c231, s3:c230, s4:c231, s11:c231, s5:c231, s6:c231, s13:c231, s7:c231, s12:c231, s8:c229, s9:c231, s14:c231, s2:c231], cId:8976, entries: [(t:1, i:234), METADATAENTRY(c:233)]
2023-03-17 00:26:27,391 DEBUG server.RaftServer$Division (RaftServerImpl.java:logAppendEntries(1430)) - s0@group-6E994AD85659: receive appendEntries(s1, 1, (t:1, i:233), 233, true, commits:[s1:c233, s10:c231, s0:c231, s3:c230, s4:c231, s11:c231, s5:c231, s6:c231, s13:c231, s7:c231, s12:c231, s8:c229, s9:c231, s14:c231, s2:c231], cId:8977, entries: [(t:1, i:234), METADATAENTRY(c:233)]
2023-03-17 00:26:27,391 DEBUG server.RaftServer$Division (RaftServerImpl.java:logAppendEntries(1430)) - s7@group-6E994AD85659: receive appendEntries(s1, 1, (t:1, i:233), 233, true, commits:[s1:c233, s10:c231, s0:c231, s3:c230, s4:c231, s11:c231, s5:c231, s6:c231, s13:c231, s7:c231, s12:c231, s8:c229, s9:c231, s14:c229, s2:c231], cId:8974, entries: [(t:1, i:234), METADATAENTRY(c:233)]
2023-03-17 00:26:27,392 DEBUG server.RaftServer$Division (RaftServerImpl.java:logAppendEntries(1430)) - s14@group-6E994AD85659: succeeded to handle AppendEntries. Reply: s1<-s14#8975:OK-t1,SUCCESS,nextIndex=235,followerCommit=233,matchIndex=234
2023-03-17 00:26:27,392 DEBUG server.RaftServer$Division (RaftServerImpl.java:logAppendEntries(1430)) - s7@group-6E994AD85659: succeeded to handle AppendEntries. Reply: s1<-s7#8974:OK-t1,SUCCESS,nextIndex=235,followerCommit=233,matchIndex=234
2023-03-17 00:26:27,392 DEBUG server.RaftServer$Division (RaftServerImpl.java:logAppendEntries(1430)) - s11@group-6E994AD85659: succeeded to handle AppendEntries. Reply: s1<-s11#8976:OK-t1,SUCCESS,nextIndex=235,followerCommit=233,matchIndex=234
2023-03-17 00:26:27,392 DEBUG server.RaftServer$Division (RaftServerImpl.java:logAppendEntries(1430)) - s0@group-6E994AD85659: succeeded to handle AppendEntries. Reply: s1<-s0#8977:OK-t1,SUCCESS,nextIndex=235,followerCommit=233,matchIndex=234
2023-03-17 00:26:27,392 DEBUG server.RaftServer$Division (RaftServerImpl.java:logAppendEntries(1430)) - s6@group-6E994AD85659: succeeded to handle AppendEntries. Reply: s1<-s6#8980:OK-t1,SUCCESS,nextIndex=236,followerCommit=233,matchIndex=235
2023-03-17 00:26:27,392 DEBUG server.RaftServer$Division (RaftServerImpl.java:logAppendEntries(1430)) - s12@group-6E994AD85659: receive appendEntries(s1, 1, (t:1, i:234), 233, true, commits:[s1:c233, s10:c232, s0:c231, s3:c231, s4:c233, s11:c231, s5:c233, s6:c233, s13:c233, s7:c231, s12:c233, s8:c231, s9:c233, s14:c231, s2:c231], cId:8983, entries: [(t:1, i:235), STATEMACHINELOGENTRY, 8973@client-E8995F8E72F5]
2023-03-17 00:26:27,393 DEBUG server.RaftServer$Division (RaftServerImpl.java:logAppendEntries(1430)) - s0@group-6E994AD85659: receive appendEntries(s1, 1, (t:1, i:234), 233, true, commits:[s1:c233, s10:c232, s0:c233, s3:c231, s4:c233, s11:c231, s5:c233, s6:c233, s13:c233, s7:c231, s12:c233, s8:c231, s9:c233, s14:c231, s2:c231], cId:8987, entries: [(t:1, i:235), STATEMACHINELOGENTRY, 8973@client-E8995F8E72F5]
2023-03-17 00:26:27,393 DEBUG server.RaftServer$Division (RaftServerImpl.java:logAppendEntries(1430)) - s12@group-6E994AD85659: succeeded to handle AppendEntries. Reply: s1<-s12#8983:OK-t1,SUCCESS,nextIndex=236,followerCommit=233,matchIndex=235
2023-03-17 00:26:27,393 DEBUG server.RaftServer$Division (RaftServerImpl.java:logAppendEntries(1430)) - s0@group-6E994AD85659: succeeded to handle AppendEntries. Reply: s1<-s0#8987:OK-t1,SUCCESS,nextIndex=236,followerCommit=233,matchIndex=235
2023-03-17 00:26:27,393 DEBUG server.RaftServer$Division (RaftServerImpl.java:logAppendEntries(1430)) - s3@group-6E994AD85659: receive appendEntries(s1, 1, (t:1, i:233), 233, true, commits:[s1:c233, s10:c232, s0:c231, s3:c231, s4:c233, s11:c231, s5:c233, s6:c233, s13:c233, s7:c231, s12:c233, s8:c231, s9:c233, s14:c231, s2:c231], cId:8981, entries: [(t:1, i:234), METADATAENTRY(c:233), (t:1, i:235), STATEMACHINELOGENTRY, 8973@client-E8995F8E72F5]
2023-03-17 00:26:27,394 DEBUG server.RaftServer$Division (RaftServerImpl.java:logAppendEntries(1430)) - s2@group-6E994AD85659: receive appendEntries(s1, 1, (t:1, i:234), 234, true, commits:[s1:c234, s10:c232, s0:c233, s3:c231, s4:c233, s11:c233, s5:c233, s6:c233, s13:c233, s7:c233, s12:c233, s8:c233, s9:c233, s14:c233, s2:c233], cId:8992, entries: [(t:1, i:235), STATEMACHINELOGENTRY, 8973@client-E8995F8E72F5]
2023-03-17 00:26:27,394 DEBUG server.RaftServer$Division (RaftServerImpl.java:logAppendEntries(1430)) - s8@group-6E994AD85659: receive appendEntries(s1, 1, (t:1, i:234), 234, true, commits:[s1:c234, s10:c232, s0:c233, s3:c231, s4:c233, s11:c233, s5:c233, s6:c233, s13:c233, s7:c233, s12:c233, s8:c233, s9:c233, s14:c233, s2:c231], cId:8991, entries: [(t:1, i:235), STATEMACHINELOGENTRY, 8973@client-E8995F8E72F5]
2023-03-17 00:26:27,395 DEBUG server.RaftServer$Division (RaftServerImpl.java:logAppendEntries(1430)) - s3@group-6E994AD85659: succeeded to handle AppendEntries. Reply: s1<-s3#8981:OK-t1,SUCCESS,nextIndex=236,followerCommit=233,matchIndex=235
2023-03-17 00:26:27,395 DEBUG server.RaftServer$Division (RaftServerImpl.java:logAppendEntries(1430)) - s2@group-6E994AD85659: succeeded to handle AppendEntries. Reply: s1<-s2#8992:OK-t1,SUCCESS,nextIndex=236,followerCommit=234,matchIndex=235
2023-03-17 00:26:27,395 DEBUG server.RaftServer$Division (RaftServerImpl.java:logAppendEntries(1430)) - s8@group-6E994AD85659: succeeded to handle AppendEntries. Reply: s1<-s8#8991:OK-t1,SUCCESS,nextIndex=236,followerCommit=234,matchIndex=235
2023-03-17 00:26:27,395 INFO  statemachine.StateMachine (ArithmeticStateMachine.java:applyTransaction(182)) - LEADER:s1-235: b = 7320 = 7320
2023-03-17 00:26:27,396 DEBUG server.RaftServer$Division (RaftServerImpl.java:logAppendEntries(1430)) - s5@group-6E994AD85659: receive appendEntries(s1, 1, (t:1, i:235), 235, true, commits:[s1:c235, s10:c233, s0:c233, s3:c233, s4:c233, s11:c233, s5:c233, s6:c233, s13:c233, s7:c233, s12:c233, s8:c233, s9:c233, s14:c233, s2:c233], cId:8994, entries: [(t:1, i:236), METADATAENTRY(c:235)]
2023-03-17 00:26:27,396 DEBUG server.RaftServer$Division (RaftServerImpl.java:logAppendEntries(1430)) - s13@group-6E994AD85659: receive appendEntries(s1, 1, (t:1, i:235), 235, true, commits:[s1:c235, s10:c233, s0:c233, s3:c233, s4:c233, s11:c233, s5:c233, s6:c233, s13:c233, s7:c233, s12:c233, s8:c233, s9:c233, s14:c233, s2:c233], cId:8999, entries: [(t:1, i:236), METADATAENTRY(c:235)]
2023-03-17 00:26:27,396 DEBUG server.RaftServer$Division (RaftServerImpl.java:logAppendEntries(1430)) - s4@group-6E994AD85659: receive appendEntries(s1, 1, (t:1, i:235), 235, true, commits:[s1:c235, s10:c233, s0:c233, s3:c233, s4:c233, s11:c233, s5:c233, s6:c233, s13:c233, s7:c233, s12:c233, s8:c233, s9:c233, s14:c233, s2:c233], cId:8998, entries: [(t:1, i:236), METADATAENTRY(c:235)]
2023-03-17 00:26:27,396 DEBUG server.RaftServer$Division (RaftServerImpl.java:logAppendEntries(1430)) - s6@group-6E994AD85659: receive appendEntries(s1, 1, (t:1, i:235), 235, true, commits:[s1:c235, s10:c233, s0:c233, s3:c233, s4:c233, s11:c233, s5:c233, s6:c233, s13:c233, s7:c233, s12:c233, s8:c233, s9:c233, s14:c233, s2:c233], cId:8995, entries: [(t:1, i:236), METADATAENTRY(c:235)]
2023-03-17 00:26:27,396 DEBUG server.RaftServer$Division (RaftServerImpl.java:logAppendEntries(1430)) - s10@group-6E994AD85659: receive appendEntries(s1, 1, (t:1, i:234), 234, true, commits:[s1:c234, s10:c233, s0:c233, s3:c231, s4:c233, s11:c233, s5:c233, s6:c233, s13:c233, s7:c233, s12:c233, s8:c233, s9:c233, s14:c233, s2:c233], cId:8993, entries: [(t:1, i:235), STATEMACHINELOGENTRY, 8973@client-E8995F8E72F5]
2023-03-17 00:26:27,397 DEBUG server.RaftServer$Division (RaftServerImpl.java:logAppendEntries(1430)) - s13@group-6E994AD85659: succeeded to handle AppendEntries. Reply: s1<-s13#8999:OK-t1,SUCCESS,nextIndex=237,followerCommit=235,matchIndex=236
2023-03-17 00:26:27,397 DEBUG server.RaftServer$Division (RaftServerImpl.java:logAppendEntries(1430)) - s10@group-6E994AD85659: succeeded to handle AppendEntries. Reply: s1<-s10#8993:OK-t1,SUCCESS,nextIndex=236,followerCommit=234,matchIndex=235
2023-03-17 00:26:27,398 DEBUG server.RaftServer$Division (RaftServerImpl.java:logAppendEntries(1430)) - s4@group-6E994AD85659: succeeded to handle AppendEntries. Reply: s1<-s4#8998:OK-t1,SUCCESS,nextIndex=237,followerCommit=235,matchIndex=236
2023-03-17 00:26:27,398 DEBUG server.RaftServer$Division (RaftServerImpl.java:logAppendEntries(1430)) - s5@group-6E994AD85659: succeeded to handle AppendEntries. Reply: s1<-s5#8994:OK-t1,SUCCESS,nextIndex=237,followerCommit=235,matchIndex=236
2023-03-17 00:26:27,398 DEBUG server.RaftServer$Division (RaftServerImpl.java:logAppendEntries(1430)) - s6@group-6E994AD85659: succeeded to handle AppendEntries. Reply: s1<-s6#8995:OK-t1,SUCCESS,nextIndex=237,followerCommit=235,matchIndex=236
2023-03-17 00:26:27,399 DEBUG server.RaftServer$Division (RaftServerImpl.java:logAppendEntries(1430)) - s11@group-6E994AD85659: receive appendEntries(s1, 1, (t:1, i:234), 234, true, commits:[s1:c234, s10:c232, s0:c233, s3:c231, s4:c233, s11:c233, s5:c233, s6:c233, s13:c233, s7:c231, s12:c233, s8:c231, s9:c233, s14:c233, s2:c231], cId:8989, entries: [(t:1, i:235), STATEMACHINELOGENTRY, 8973@client-E8995F8E72F5]
2023-03-17 00:26:27,399 DEBUG server.RaftServer$Division (RaftServerImpl.java:logAppendEntries(1430)) - s0@group-6E994AD85659: receive appendEntries(s1, 1, (t:1, i:235), 235, true, commits:[s1:c235, s10:c233, s0:c233, s3:c233, s4:c233, s11:c233, s5:c233, s6:c233, s13:c233, s7:c233, s12:c233, s8:c233, s9:c233, s14:c233, s2:c233], cId:9001, entries: [(t:1, i:236), METADATAENTRY(c:235)]
2023-03-17 00:26:27,399 DEBUG server.RaftServer$Division (RaftServerImpl.java:logAppendEntries(1430)) - s14@group-6E994AD85659: receive appendEntries(s1, 1, (t:1, i:234), 234, true, commits:[s1:c234, s10:c232, s0:c233, s3:c231, s4:c233, s11:c231, s5:c233, s6:c233, s13:c233, s7:c231, s12:c233, s8:c231, s9:c233, s14:c233, s2:c231], cId:8988, entries: [(t:1, i:235), STATEMACHINELOGENTRY, 8973@client-E8995F8E72F5]
2023-03-17 00:26:27,399 DEBUG server.RaftServer$Division (RaftServerImpl.java:logAppendEntries(1430)) - s11@group-6E994AD85659: succeeded to handle AppendEntries. Reply: s1<-s11#8989:OK-t1,SUCCESS,nextIndex=236,followerCommit=234,matchIndex=235
2023-03-17 00:26:27,400 DEBUG server.RaftServer$Division (RaftServerImpl.java:logAppendEntries(1430)) - s7@group-6E994AD85659: receive appendEntries(s1, 1, (t:1, i:234), 234, true, commits:[s1:c234, s10:c232, s0:c233, s3:c231, s4:c233, s11:c233, s5:c233, s6:c233, s13:c233, s7:c233, s12:c233, s8:c231, s9:c233, s14:c233, s2:c231], cId:8990, entries: [(t:1, i:235), STATEMACHINELOGENTRY, 8973@client-E8995F8E72F5]
2023-03-17 00:26:27,400 DEBUG server.RaftServer$Division (RaftServerImpl.java:logAppendEntries(1430)) - s14@group-6E994AD85659: succeeded to handle AppendEntries. Reply: s1<-s14#8988:OK-t1,SUCCESS,nextIndex=236,followerCommit=234,matchIndex=235
2023-03-17 00:26:27,401 DEBUG server.RaftServer$Division (RaftServerImpl.java:logAppendEntries(1430)) - s7@group-6E994AD85659: succeeded to handle AppendEntries. Reply: s1<-s7#8990:OK-t1,SUCCESS,nextIndex=236,followerCommit=234,matchIndex=235
2023-03-17 00:26:27,401 DEBUG server.RaftServer$Division (RaftServerImpl.java:logAppendEntries(1430)) - s12@group-6E994AD85659: receive appendEntries(s1, 1, (t:1, i:235), 235, true, commits:[s1:c235, s10:c233, s0:c233, s3:c233, s4:c233, s11:c233, s5:c233, s6:c233, s13:c233, s7:c233, s12:c233, s8:c233, s9:c233, s14:c233, s2:c233], cId:8996, entries: [(t:1, i:236), METADATAENTRY(c:235)]
2023-03-17 00:26:27,402 DEBUG server.RaftServer$Division (RaftServerImpl.java:logAppendEntries(1430)) - s11@group-6E994AD85659: receive appendEntries(s1, 1, (t:1, i:235), 235, true, commits:[s1:c235, s10:c233, s0:c233, s3:c233, s4:c233, s11:c234, s5:c233, s6:c233, s13:c233, s7:c233, s12:c233, s8:c233, s9:c233, s14:c233, s2:c233], cId:9002, entries: [(t:1, i:236), METADATAENTRY(c:235)]
2023-03-17 00:26:27,396 DEBUG server.RaftServer$Division (RaftServerImpl.java:logAppendEntries(1430)) - s9@group-6E994AD85659: receive appendEntries(s1, 1, (t:1, i:235), 235, true, commits:[s1:c235, s10:c233, s0:c233, s3:c233, s4:c233, s11:c233, s5:c233, s6:c233, s13:c233, s7:c233, s12:c233, s8:c233, s9:c233, s14:c233, s2:c233], cId:9000, entries: [(t:1, i:236), METADATAENTRY(c:235)]
2023-03-17 00:26:27,408 DEBUG server.RaftServer$Division (RaftServerImpl.java:logAppendEntries(1430)) - s9@group-6E994AD85659: succeeded to handle AppendEntries. Reply: s1<-s9#9000:OK-t1,SUCCESS,nextIndex=237,followerCommit=235,matchIndex=236
2023-03-17 00:26:27,407 DEBUG server.RaftServer$Division (RaftServerImpl.java:logAppendEntries(1430)) - s7@group-6E994AD85659: receive appendEntries(s1, 1, (t:1, i:235), 235, true, commits:[s1:c235, s10:c233, s0:c233, s3:c233, s4:c233, s11:c234, s5:c233, s6:c233, s13:c233, s7:c234, s12:c233, s8:c233, s9:c233, s14:c234, s2:c233], cId:9004, entries: [(t:1, i:236), METADATAENTRY(c:235)]
2023-03-17 00:26:27,407 DEBUG server.RaftServer$Division (RaftServerImpl.java:logAppendEntries(1430)) - s14@group-6E994AD85659: receive appendEntries(s1, 1, (t:1, i:235), 235, true, commits:[s1:c235, s10:c233, s0:c233, s3:c233, s4:c233, s11:c234, s5:c233, s6:c233, s13:c233, s7:c233, s12:c233, s8:c233, s9:c233, s14:c234, s2:c233], cId:9003, entries: [(t:1, i:236), METADATAENTRY(c:235)]
2023-03-17 00:26:27,402 DEBUG server.RaftServer$Division (RaftServerImpl.java:logAppendEntries(1430)) - s12@group-6E994AD85659: succeeded to handle AppendEntries. Reply: s1<-s12#8996:OK-t1,SUCCESS,nextIndex=237,followerCommit=235,matchIndex=236
2023-03-17 00:26:27,409 DEBUG server.RaftServer$Division (RaftServerImpl.java:logAppendEntries(1430)) - s7@group-6E994AD85659: succeeded to handle AppendEntries. Reply: s1<-s7#9004:OK-t1,SUCCESS,nextIndex=237,followerCommit=235,matchIndex=236
2023-03-17 00:26:27,409 DEBUG server.RaftServer$Division (RaftServerImpl.java:logAppendEntries(1430)) - s14@group-6E994AD85659: succeeded to handle AppendEntries. Reply: s1<-s14#9003:OK-t1,SUCCESS,nextIndex=237,followerCommit=235,matchIndex=236
2023-03-17 00:26:27,410 DEBUG server.RaftServer$Division (RaftServerImpl.java:logAppendEntries(1430)) - s3@group-6E994AD85659: receive appendEntries(s1, 1, (t:1, i:235), 235, true, commits:[s1:c235, s10:c233, s0:c233, s3:c233, s4:c233, s11:c233, s5:c233, s6:c233, s13:c233, s7:c233, s12:c233, s8:c233, s9:c233, s14:c233, s2:c233], cId:8997, entries: [(t:1, i:236), METADATAENTRY(c:235)]
2023-03-17 00:26:27,410 DEBUG server.RaftServer$Division (RaftServerImpl.java:submitClientRequestAsync(835)) - s1@group-6E994AD85659: receive client request(RaftClientRequest:client-E8995F8E72F5->s1@group-6E994AD85659, cid=9005, seq=0, RW, Message:01016304010300040201...(size=17))
2023-03-17 00:26:27,411 DEBUG server.RaftServer$Division (LeaderStateImpl.java:addPendingRequest(474)) - s1@group-6E994AD85659-LeaderStateImpl: addPendingRequest at RaftClientRequest:client-E8995F8E72F5->s1@group-6E994AD85659, cid=9005, seq=0, RW, Message:01016304010300040201...(size=17), entry=(t:1, i:237), STATEMACHINELOGENTRY, 9005@client-E8995F8E72F5
2023-03-17 00:26:27,411 DEBUG server.RaftServer$Division (RaftServerImpl.java:logAppendEntries(1430)) - s3@group-6E994AD85659: succeeded to handle AppendEntries. Reply: s1<-s3#8997:OK-t1,SUCCESS,nextIndex=237,followerCommit=235,matchIndex=236
2023-03-17 00:26:27,400 DEBUG server.RaftServer$Division (RaftServerImpl.java:logAppendEntries(1430)) - s0@group-6E994AD85659: succeeded to handle AppendEntries. Reply: s1<-s0#9001:OK-t1,SUCCESS,nextIndex=237,followerCommit=235,matchIndex=236
2023-03-17 00:26:27,408 DEBUG server.RaftServer$Division (RaftServerImpl.java:logAppendEntries(1430)) - s11@group-6E994AD85659: succeeded to handle AppendEntries. Reply: s1<-s11#9002:OK-t1,SUCCESS,nextIndex=237,followerCommit=235,matchIndex=236
2023-03-17 00:26:27,412 DEBUG server.RaftServer$Division (RaftServerImpl.java:logAppendEntries(1430)) - s9@group-6E994AD85659: receive appendEntries(s1, 1, (t:1, i:236), 235, true, commits:[s1:c235, s10:c234, s0:c233, s3:c233, s4:c233, s11:c234, s5:c235, s6:c235, s13:c235, s7:c235, s12:c235, s8:c234, s9:c235, s14:c235, s2:c234], cId:9015, entries: [(t:1, i:237), STATEMACHINELOGENTRY, 9005@client-E8995F8E72F5]
2023-03-17 00:26:27,412 DEBUG server.RaftServer$Division (RaftServerImpl.java:logAppendEntries(1430)) - s4@group-6E994AD85659: receive appendEntries(s1, 1, (t:1, i:236), 235, true, commits:[s1:c235, s10:c234, s0:c233, s3:c233, s4:c235, s11:c234, s5:c235, s6:c235, s13:c235, s7:c235, s12:c235, s8:c234, s9:c235, s14:c235, s2:c234], cId:9016, entries: [(t:1, i:237), STATEMACHINELOGENTRY, 9005@client-E8995F8E72F5]
2023-03-17 00:26:27,413 DEBUG server.RaftServer$Division (RaftServerImpl.java:logAppendEntries(1430)) - s5@group-6E994AD85659: receive appendEntries(s1, 1, (t:1, i:236), 235, true, commits:[s1:c235, s10:c234, s0:c233, s3:c233, s4:c233, s11:c234, s5:c235, s6:c235, s13:c233, s7:c235, s12:c235, s8:c234, s9:c233, s14:c235, s2:c234], cId:9010, entries: [(t:1, i:237), STATEMACHINELOGENTRY, 9005@client-E8995F8E72F5]
2023-03-17 00:26:27,413 DEBUG server.RaftServer$Division (RaftServerImpl.java:logAppendEntries(1430)) - s9@group-6E994AD85659: succeeded to handle AppendEntries. Reply: s1<-s9#9015:OK-t1,SUCCESS,nextIndex=238,followerCommit=235,matchIndex=237
2023-03-17 00:26:27,413 DEBUG server.RaftServer$Division (RaftServerImpl.java:logAppendEntries(1430)) - s13@group-6E994AD85659: receive appendEntries(s1, 1, (t:1, i:236), 235, true, commits:[s1:c235, s10:c234, s0:c233, s3:c233, s4:c233, s11:c234, s5:c235, s6:c235, s13:c235, s7:c235, s12:c235, s8:c234, s9:c233, s14:c235, s2:c234], cId:9014, entries: [(t:1, i:237), STATEMACHINELOGENTRY, 9005@client-E8995F8E72F5]
2023-03-17 00:26:27,414 DEBUG server.RaftServer$Division (RaftServerImpl.java:logAppendEntries(1430)) - s5@group-6E994AD85659: succeeded to handle AppendEntries. Reply: s1<-s5#9010:OK-t1,SUCCESS,nextIndex=238,followerCommit=235,matchIndex=237
2023-03-17 00:26:27,414 DEBUG server.RaftServer$Division (RaftServerImpl.java:logAppendEntries(1430)) - s4@group-6E994AD85659: succeeded to handle AppendEntries. Reply: s1<-s4#9016:OK-t1,SUCCESS,nextIndex=238,followerCommit=235,matchIndex=237
2023-03-17 00:26:27,414 DEBUG server.RaftServer$Division (RaftServerImpl.java:logAppendEntries(1430)) - s13@group-6E994AD85659: succeeded to handle AppendEntries. Reply: s1<-s13#9014:OK-t1,SUCCESS,nextIndex=238,followerCommit=235,matchIndex=237
2023-03-17 00:26:27,414 DEBUG server.RaftServer$Division (RaftServerImpl.java:logAppendEntries(1430)) - s2@group-6E994AD85659: receive appendEntries(s1, 1, (t:1, i:235), 235, true, commits:[s1:c235, s10:c233, s0:c233, s3:c233, s4:c233, s11:c234, s5:c233, s6:c235, s13:c233, s7:c235, s12:c235, s8:c233, s9:c233, s14:c235, s2:c234], cId:9006, entries: [(t:1, i:236), METADATAENTRY(c:235)]
2023-03-17 00:26:27,415 DEBUG server.RaftServer$Division (RaftServerImpl.java:logAppendEntries(1430)) - s8@group-6E994AD85659: receive appendEntries(s1, 1, (t:1, i:235), 235, true, commits:[s1:c235, s10:c233, s0:c233, s3:c233, s4:c233, s11:c234, s5:c233, s6:c235, s13:c233, s7:c235, s12:c235, s8:c234, s9:c233, s14:c235, s2:c234], cId:9007, entries: [(t:1, i:236), METADATAENTRY(c:235)]
2023-03-17 00:26:27,415 DEBUG server.RaftServer$Division (RaftServerImpl.java:logAppendEntries(1430)) - s2@group-6E994AD85659: succeeded to handle AppendEntries. Reply: s1<-s2#9006:OK-t1,SUCCESS,nextIndex=237,followerCommit=235,matchIndex=236
2023-03-17 00:26:27,415 DEBUG server.RaftServer$Division (RaftServerImpl.java:logAppendEntries(1430)) - s8@group-6E994AD85659: succeeded to handle AppendEntries. Reply: s1<-s8#9007:OK-t1,SUCCESS,nextIndex=237,followerCommit=235,matchIndex=236
2023-03-17 00:26:27,416 DEBUG server.RaftServer$Division (RaftServerImpl.java:logAppendEntries(1430)) - s6@group-6E994AD85659: receive appendEntries(s1, 1, (t:1, i:236), 235, true, commits:[s1:c235, s10:c234, s0:c233, s3:c233, s4:c233, s11:c234, s5:c233, s6:c235, s13:c233, s7:c235, s12:c235, s8:c234, s9:c233, s14:c235, s2:c234], cId:9009, entries: [(t:1, i:237), STATEMACHINELOGENTRY, 9005@client-E8995F8E72F5]
2023-03-17 00:26:27,417 DEBUG server.RaftServer$Division (RaftServerImpl.java:logAppendEntries(1430)) - s12@group-6E994AD85659: receive appendEntries(s1, 1, (t:1, i:236), 235, true, commits:[s1:c235, s10:c234, s0:c233, s3:c233, s4:c233, s11:c234, s5:c235, s6:c235, s13:c233, s7:c235, s12:c235, s8:c234, s9:c233, s14:c235, s2:c234], cId:9013, entries: [(t:1, i:237), STATEMACHINELOGENTRY, 9005@client-E8995F8E72F5]
2023-03-17 00:26:27,417 DEBUG server.RaftServer$Division (RaftServerImpl.java:logAppendEntries(1430)) - s2@group-6E994AD85659: receive appendEntries(s1, 1, (t:1, i:236), 236, true, commits:[s1:c236, s10:c234, s0:c233, s3:c235, s4:c235, s11:c234, s5:c235, s6:c235, s13:c235, s7:c235, s12:c235, s8:c234, s9:c235, s14:c235, s2:c235], cId:9018, entries: [(t:1, i:237), STATEMACHINELOGENTRY, 9005@client-E8995F8E72F5]
2023-03-17 00:26:27,417 DEBUG server.RaftServer$Division (RaftServerImpl.java:logAppendEntries(1430)) - s6@group-6E994AD85659: succeeded to handle AppendEntries. Reply: s1<-s6#9009:OK-t1,SUCCESS,nextIndex=238,followerCommit=235,matchIndex=237
2023-03-17 00:26:27,418 DEBUG server.RaftServer$Division (RaftServerImpl.java:logAppendEntries(1430)) - s2@group-6E994AD85659: succeeded to handle AppendEntries. Reply: s1<-s2#9018:OK-t1,SUCCESS,nextIndex=238,followerCommit=236,matchIndex=237
2023-03-17 00:26:27,418 DEBUG server.RaftServer$Division (RaftServerImpl.java:logAppendEntries(1430)) - s10@group-6E994AD85659: receive appendEntries(s1, 1, (t:1, i:235), 235, true, commits:[s1:c235, s10:c234, s0:c233, s3:c233, s4:c233, s11:c234, s5:c233, s6:c235, s13:c233, s7:c235, s12:c235, s8:c234, s9:c233, s14:c235, s2:c234], cId:9008, entries: [(t:1, i:236), METADATAENTRY(c:235)]
2023-03-17 00:26:27,418 DEBUG server.RaftServer$Division (RaftServerImpl.java:logAppendEntries(1430)) - s12@group-6E994AD85659: succeeded to handle AppendEntries. Reply: s1<-s12#9013:OK-t1,SUCCESS,nextIndex=238,followerCommit=235,matchIndex=237
2023-03-17 00:26:27,418 DEBUG server.RaftServer$Division (RaftServerImpl.java:logAppendEntries(1430)) - s8@group-6E994AD85659: receive appendEntries(s1, 1, (t:1, i:236), 236, true, commits:[s1:c236, s10:c234, s0:c233, s3:c235, s4:c235, s11:c234, s5:c235, s6:c235, s13:c235, s7:c235, s12:c235, s8:c235, s9:c235, s14:c235, s2:c235], cId:9019, entries: [(t:1, i:237), STATEMACHINELOGENTRY, 9005@client-E8995F8E72F5]
2023-03-17 00:26:27,419 DEBUG server.RaftServer$Division (RaftServerImpl.java:logAppendEntries(1430)) - s3@group-6E994AD85659: receive appendEntries(s1, 1, (t:1, i:236), 236, true, commits:[s1:c236, s10:c234, s0:c233, s3:c235, s4:c235, s11:c234, s5:c235, s6:c235, s13:c235, s7:c235, s12:c235, s8:c234, s9:c235, s14:c235, s2:c234], cId:9017, entries: [(t:1, i:237), STATEMACHINELOGENTRY, 9005@client-E8995F8E72F5]
2023-03-17 00:26:27,419 DEBUG server.RaftServer$Division (RaftServerImpl.java:logAppendEntries(1430)) - s10@group-6E994AD85659: succeeded to handle AppendEntries. Reply: s1<-s10#9008:OK-t1,SUCCESS,nextIndex=237,followerCommit=235,matchIndex=236
2023-03-17 00:26:27,419 DEBUG server.RaftServer$Division (RaftServerImpl.java:logAppendEntries(1430)) - s8@group-6E994AD85659: succeeded to handle AppendEntries. Reply: s1<-s8#9019:OK-t1,SUCCESS,nextIndex=238,followerCommit=236,matchIndex=237
2023-03-17 00:26:27,419 DEBUG server.RaftServer$Division (RaftServerImpl.java:logAppendEntries(1430)) - s7@group-6E994AD85659: receive appendEntries(s1, 1, (t:1, i:236), 235, true, commits:[s1:c235, s10:c234, s0:c233, s3:c233, s4:c233, s11:c234, s5:c235, s6:c235, s13:c233, s7:c235, s12:c235, s8:c234, s9:c233, s14:c235, s2:c234], cId:9011, entries: [(t:1, i:237), STATEMACHINELOGENTRY, 9005@client-E8995F8E72F5]
2023-03-17 00:26:27,420 DEBUG server.RaftServer$Division (RaftServerImpl.java:logAppendEntries(1430)) - s3@group-6E994AD85659: succeeded to handle AppendEntries. Reply: s1<-s3#9017:OK-t1,SUCCESS,nextIndex=238,followerCommit=236,matchIndex=237
2023-03-17 00:26:27,420 DEBUG server.RaftServer$Division (RaftServerImpl.java:logAppendEntries(1430)) - s7@group-6E994AD85659: succeeded to handle AppendEntries. Reply: s1<-s7#9011:OK-t1,SUCCESS,nextIndex=238,followerCommit=235,matchIndex=237
2023-03-17 00:26:27,420 INFO  statemachine.StateMachine (ArithmeticStateMachine.java:applyTransaction(182)) - LEADER:s1-237: c = √(a^2 + b^2) = 7321
2023-03-17 00:26:27,421 DEBUG server.RaftServer$Division (RaftServerImpl.java:logAppendEntries(1430)) - s4@group-6E994AD85659: receive appendEntries(s1, 1, (t:1, i:237), 237, true, commits:[s1:c237, s10:c234, s0:c235, s3:c235, s4:c235, s11:c235, s5:c235, s6:c235, s13:c235, s7:c235, s12:c235, s8:c235, s9:c235, s14:c235, s2:c236], cId:9023, entries: [(t:1, i:238), METADATAENTRY(c:237)]
2023-03-17 00:26:27,421 DEBUG server.RaftServer$Division (RaftServerImpl.java:logAppendEntries(1430)) - s5@group-6E994AD85659: receive appendEntries(s1, 1, (t:1, i:237), 237, true, commits:[s1:c237, s10:c234, s0:c235, s3:c235, s4:c235, s11:c235, s5:c235, s6:c235, s13:c235, s7:c235, s12:c235, s8:c235, s9:c235, s14:c235, s2:c236], cId:9027, entries: [(t:1, i:238), METADATAENTRY(c:237)]
2023-03-17 00:26:27,421 DEBUG server.RaftServer$Division (RaftServerImpl.java:logAppendEntries(1430)) - s13@group-6E994AD85659: receive appendEntries(s1, 1, (t:1, i:237), 237, true, commits:[s1:c237, s10:c234, s0:c235, s3:c235, s4:c235, s11:c235, s5:c235, s6:c235, s13:c235, s7:c235, s12:c235, s8:c235, s9:c235, s14:c235, s2:c236], cId:9022, entries: [(t:1, i:238), METADATAENTRY(c:237)]
2023-03-17 00:26:27,422 DEBUG server.RaftServer$Division (RaftServerImpl.java:submitClientRequestAsync(835)) - s1@group-6E994AD85659: receive client request(RaftClientRequest:client-E8995F8E72F5->s1@group-6E994AD85659, cid=9029, seq=0, RW, Message:01016100)
2023-03-17 00:26:27,422 DEBUG server.RaftServer$Division (LeaderStateImpl.java:addPendingRequest(474)) - s1@group-6E994AD85659-LeaderStateImpl: addPendingRequest at RaftClientRequest:client-E8995F8E72F5->s1@group-6E994AD85659, cid=9029, seq=0, RW, Message:01016100, entry=(t:1, i:239), STATEMACHINELOGENTRY, 9029@client-E8995F8E72F5
2023-03-17 00:26:27,422 DEBUG server.RaftServer$Division (RaftServerImpl.java:logAppendEntries(1430)) - s4@group-6E994AD85659: succeeded to handle AppendEntries. Reply: s1<-s4#9023:OK-t1,SUCCESS,nextIndex=239,followerCommit=237,matchIndex=238
2023-03-17 00:26:27,422 DEBUG server.RaftServer$Division (RaftServerImpl.java:logAppendEntries(1430)) - s13@group-6E994AD85659: succeeded to handle AppendEntries. Reply: s1<-s13#9022:OK-t1,SUCCESS,nextIndex=239,followerCommit=237,matchIndex=238
2023-03-17 00:26:27,422 DEBUG server.RaftServer$Division (RaftServerImpl.java:logAppendEntries(1430)) - s5@group-6E994AD85659: succeeded to handle AppendEntries. Reply: s1<-s5#9027:OK-t1,SUCCESS,nextIndex=239,followerCommit=237,matchIndex=238
2023-03-17 00:26:27,423 DEBUG server.RaftServer$Division (RaftServerImpl.java:logAppendEntries(1430)) - s9@group-6E994AD85659: receive appendEntries(s1, 1, (t:1, i:237), 237, true, commits:[s1:c237, s10:c234, s0:c235, s3:c235, s4:c235, s11:c235, s5:c235, s6:c235, s13:c235, s7:c235, s12:c235, s8:c235, s9:c235, s14:c235, s2:c236], cId:9025, entries: [(t:1, i:238), METADATAENTRY(c:237)]
2023-03-17 00:26:27,423 DEBUG server.RaftServer$Division (RaftServerImpl.java:logAppendEntries(1430)) - s4@group-6E994AD85659: receive appendEntries(s1, 1, (t:1, i:238), 237, true, commits:[s1:c237, s10:c234, s0:c235, s3:c235, s4:c237, s11:c235, s5:c235, s6:c235, s13:c235, s7:c235, s12:c235, s8:c236, s9:c235, s14:c235, s2:c236], cId:9031, entries: [(t:1, i:239), STATEMACHINELOGENTRY, 9029@client-E8995F8E72F5]
2023-03-17 00:26:27,423 DEBUG server.RaftServer$Division (RaftServerImpl.java:logAppendEntries(1430)) - s9@group-6E994AD85659: succeeded to handle AppendEntries. Reply: s1<-s9#9025:OK-t1,SUCCESS,nextIndex=239,followerCommit=237,matchIndex=238
2023-03-17 00:26:27,423 DEBUG server.RaftServer$Division (RaftServerImpl.java:logAppendEntries(1430)) - s5@group-6E994AD85659: receive appendEntries(s1, 1, (t:1, i:238), 237, true, commits:[s1:c237, s10:c234, s0:c235, s3:c235, s4:c237, s11:c235, s5:c237, s6:c235, s13:c235, s7:c235, s12:c235, s8:c236, s9:c235, s14:c235, s2:c236], cId:9032, entries: [(t:1, i:239), STATEMACHINELOGENTRY, 9029@client-E8995F8E72F5]
2023-03-17 00:26:27,424 DEBUG server.RaftServer$Division (RaftServerImpl.java:logAppendEntries(1430)) - s5@group-6E994AD85659: succeeded to handle AppendEntries. Reply: s1<-s5#9032:OK-t1,SUCCESS,nextIndex=240,followerCommit=237,matchIndex=239
2023-03-17 00:26:27,424 DEBUG server.RaftServer$Division (RaftServerImpl.java:logAppendEntries(1430)) - s4@group-6E994AD85659: succeeded to handle AppendEntries. Reply: s1<-s4#9031:OK-t1,SUCCESS,nextIndex=240,followerCommit=237,matchIndex=239
2023-03-17 00:26:27,424 DEBUG server.RaftServer$Division (RaftServerImpl.java:logAppendEntries(1430)) - s14@group-6E994AD85659: receive appendEntries(s1, 1, (t:1, i:236), 235, true, commits:[s1:c235, s10:c234, s0:c233, s3:c233, s4:c233, s11:c234, s5:c235, s6:c235, s13:c233, s7:c235, s12:c235, s8:c234, s9:c233, s14:c235, s2:c234], cId:9012, entries: [(t:1, i:237), STATEMACHINELOGENTRY, 9005@client-E8995F8E72F5]
2023-03-17 00:26:27,424 DEBUG server.RaftServer$Division (RaftServerImpl.java:logAppendEntries(1430)) - s9@group-6E994AD85659: receive appendEntries(s1, 1, (t:1, i:238), 237, true, commits:[s1:c237, s10:c234, s0:c235, s3:c235, s4:c237, s11:c235, s5:c237, s6:c235, s13:c237, s7:c235, s12:c235, s8:c236, s9:c237, s14:c235, s2:c236], cId:9034, entries: [(t:1, i:239), STATEMACHINELOGENTRY, 9029@client-E8995F8E72F5]
2023-03-17 00:26:27,424 DEBUG server.RaftServer$Division (RaftServerImpl.java:logAppendEntries(1430)) - s13@group-6E994AD85659: receive appendEntries(s1, 1, (t:1, i:238), 237, true, commits:[s1:c237, s10:c234, s0:c235, s3:c235, s4:c237, s11:c235, s5:c237, s6:c235, s13:c237, s7:c235, s12:c235, s8:c236, s9:c235, s14:c235, s2:c236], cId:9033, entries: [(t:1, i:239), STATEMACHINELOGENTRY, 9029@client-E8995F8E72F5]
2023-03-17 00:26:27,425 DEBUG server.RaftServer$Division (RaftServerImpl.java:logAppendEntries(1430)) - s11@group-6E994AD85659: receive appendEntries(s1, 1, (t:1, i:236), 236, true, commits:[s1:c236, s10:c234, s0:c233, s3:c235, s4:c235, s11:c235, s5:c235, s6:c235, s13:c235, s7:c235, s12:c235, s8:c235, s9:c235, s14:c235, s2:c235], cId:9020, entries: [(t:1, i:237), STATEMACHINELOGENTRY, 9005@client-E8995F8E72F5]
2023-03-17 00:26:27,425 DEBUG server.RaftServer$Division (RaftServerImpl.java:logAppendEntries(1430)) - s9@group-6E994AD85659: succeeded to handle AppendEntries. Reply: s1<-s9#9034:OK-t1,SUCCESS,nextIndex=240,followerCommit=237,matchIndex=239
2023-03-17 00:26:27,425 DEBUG server.RaftServer$Division (RaftServerImpl.java:logAppendEntries(1430)) - s14@group-6E994AD85659: succeeded to handle AppendEntries. Reply: s1<-s14#9012:OK-t1,SUCCESS,nextIndex=238,followerCommit=235,matchIndex=237
2023-03-17 00:26:27,425 DEBUG server.RaftServer$Division (RaftServerImpl.java:logAppendEntries(1430)) - s13@group-6E994AD85659: succeeded to handle AppendEntries. Reply: s1<-s13#9033:OK-t1,SUCCESS,nextIndex=240,followerCommit=237,matchIndex=239
2023-03-17 00:26:27,426 DEBUG server.RaftServer$Division (RaftServerImpl.java:logAppendEntries(1430)) - s12@group-6E994AD85659: receive appendEntries(s1, 1, (t:1, i:237), 237, true, commits:[s1:c237, s10:c234, s0:c235, s3:c235, s4:c235, s11:c235, s5:c235, s6:c235, s13:c235, s7:c235, s12:c235, s8:c235, s9:c235, s14:c235, s2:c236], cId:9026, entries: [(t:1, i:238), METADATAENTRY(c:237)]
2023-03-17 00:26:27,426 DEBUG server.RaftServer$Division (RaftServerImpl.java:logAppendEntries(1430)) - s11@group-6E994AD85659: succeeded to handle AppendEntries. Reply: s1<-s11#9020:OK-t1,SUCCESS,nextIndex=238,followerCommit=236,matchIndex=237
2023-03-17 00:26:27,426 DEBUG server.RaftServer$Division (RaftServerImpl.java:logAppendEntries(1430)) - s2@group-6E994AD85659: receive appendEntries(s1, 1, (t:1, i:237), 237, true, commits:[s1:c237, s10:c234, s0:c235, s3:c235, s4:c235, s11:c235, s5:c235, s6:c235, s13:c235, s7:c235, s12:c235, s8:c235, s9:c235, s14:c235, s2:c236], cId:9028, entries: [(t:1, i:238), METADATAENTRY(c:237)]
2023-03-17 00:26:27,426 DEBUG server.RaftServer$Division (RaftServerImpl.java:logAppendEntries(1430)) - s2@group-6E994AD85659: succeeded to handle AppendEntries. Reply: s1<-s2#9028:OK-t1,SUCCESS,nextIndex=239,followerCommit=237,matchIndex=238
2023-03-17 00:26:27,426 DEBUG server.RaftServer$Division (RaftServerImpl.java:logAppendEntries(1430)) - s12@group-6E994AD85659: succeeded to handle AppendEntries. Reply: s1<-s12#9026:OK-t1,SUCCESS,nextIndex=239,followerCommit=237,matchIndex=238
2023-03-17 00:26:27,427 DEBUG server.RaftServer$Division (RaftServerImpl.java:logAppendEntries(1430)) - s3@group-6E994AD85659: receive appendEntries(s1, 1, (t:1, i:237), 237, true, commits:[s1:c237, s10:c234, s0:c235, s3:c236, s4:c237, s11:c235, s5:c237, s6:c235, s13:c237, s7:c235, s12:c235, s8:c236, s9:c237, s14:c235, s2:c236], cId:9035, entries: [(t:1, i:238), METADATAENTRY(c:237), (t:1, i:239), STATEMACHINELOGENTRY, 9029@client-E8995F8E72F5]
2023-03-17 00:26:27,427 DEBUG server.RaftServer$Division (RaftServerImpl.java:logAppendEntries(1430)) - s0@group-6E994AD85659: receive appendEntries(s1, 1, (t:1, i:236), 236, true, commits:[s1:c236, s10:c234, s0:c235, s3:c235, s4:c235, s11:c235, s5:c235, s6:c235, s13:c235, s7:c235, s12:c235, s8:c235, s9:c235, s14:c235, s2:c235], cId:9021, entries: [(t:1, i:237), STATEMACHINELOGENTRY, 9005@client-E8995F8E72F5]
2023-03-17 00:26:27,427 DEBUG server.RaftServer$Division (RaftServerImpl.java:logAppendEntries(1430)) - s8@group-6E994AD85659: receive appendEntries(s1, 1, (t:1, i:237), 237, true, commits:[s1:c237, s10:c234, s0:c235, s3:c235, s4:c235, s11:c235, s5:c235, s6:c235, s13:c235, s7:c235, s12:c235, s8:c236, s9:c235, s14:c235, s2:c236], cId:9030, entries: [(t:1, i:238), METADATAENTRY(c:237)]
2023-03-17 00:26:27,428 DEBUG server.RaftServer$Division (RaftServerImpl.java:logAppendEntries(1430)) - s12@group-6E994AD85659: receive appendEntries(s1, 1, (t:1, i:238), 237, true, commits:[s1:c237, s10:c234, s0:c235, s3:c236, s4:c237, s11:c235, s5:c237, s6:c235, s13:c237, s7:c235, s12:c237, s8:c236, s9:c237, s14:c235, s2:c237], cId:9036, entries: [(t:1, i:239), STATEMACHINELOGENTRY, 9029@client-E8995F8E72F5]
2023-03-17 00:26:27,428 DEBUG server.RaftServer$Division (RaftServerImpl.java:logAppendEntries(1430)) - s2@group-6E994AD85659: receive appendEntries(s1, 1, (t:1, i:238), 237, true, commits:[s1:c237, s10:c234, s0:c235, s3:c236, s4:c237, s11:c235, s5:c237, s6:c235, s13:c237, s7:c235, s12:c237, s8:c236, s9:c237, s14:c235, s2:c237], cId:9037, entries: [(t:1, i:239), STATEMACHINELOGENTRY, 9029@client-E8995F8E72F5]
2023-03-17 00:26:27,429 DEBUG server.RaftServer$Division (RaftServerImpl.java:logAppendEntries(1430)) - s6@group-6E994AD85659: receive appendEntries(s1, 1, (t:1, i:237), 237, true, commits:[s1:c237, s10:c234, s0:c235, s3:c235, s4:c235, s11:c235, s5:c235, s6:c235, s13:c235, s7:c235, s12:c235, s8:c235, s9:c235, s14:c235, s2:c236], cId:9024, entries: [(t:1, i:238), METADATAENTRY(c:237)]
2023-03-17 00:26:27,427 DEBUG server.RaftServer$Division (RaftServerImpl.java:logAppendEntries(1430)) - s3@group-6E994AD85659: succeeded to handle AppendEntries. Reply: s1<-s3#9035:OK-t1,SUCCESS,nextIndex=240,followerCommit=237,matchIndex=239
2023-03-17 00:26:27,429 DEBUG server.RaftServer$Division (RaftServerImpl.java:logAppendEntries(1430)) - s12@group-6E994AD85659: succeeded to handle AppendEntries. Reply: s1<-s12#9036:OK-t1,SUCCESS,nextIndex=240,followerCommit=237,matchIndex=239
2023-03-17 00:26:27,428 DEBUG server.RaftServer$Division (RaftServerImpl.java:logAppendEntries(1430)) - s0@group-6E994AD85659: succeeded to handle AppendEntries. Reply: s1<-s0#9021:OK-t1,SUCCESS,nextIndex=238,followerCommit=236,matchIndex=237
2023-03-17 00:26:27,428 DEBUG server.RaftServer$Division (RaftServerImpl.java:logAppendEntries(1430)) - s8@group-6E994AD85659: succeeded to handle AppendEntries. Reply: s1<-s8#9030:OK-t1,SUCCESS,nextIndex=239,followerCommit=237,matchIndex=238
2023-03-17 00:26:27,429 DEBUG server.RaftServer$Division (RaftServerImpl.java:logAppendEntries(1430)) - s2@group-6E994AD85659: succeeded to handle AppendEntries. Reply: s1<-s2#9037:OK-t1,SUCCESS,nextIndex=240,followerCommit=237,matchIndex=239
2023-03-17 00:26:27,429 DEBUG server.RaftServer$Division (RaftServerImpl.java:logAppendEntries(1430)) - s7@group-6E994AD85659: receive appendEntries(s1, 1, (t:1, i:237), 237, true, commits:[s1:c237, s10:c234, s0:c235, s3:c236, s4:c237, s11:c236, s5:c237, s6:c235, s13:c237, s7:c235, s12:c237, s8:c236, s9:c237, s14:c235, s2:c237], cId:9038, entries: [(t:1, i:238), METADATAENTRY(c:237), (t:1, i:239), STATEMACHINELOGENTRY, 9029@client-E8995F8E72F5]
2023-03-17 00:26:27,430 DEBUG server.RaftServer$Division (RaftServerImpl.java:logAppendEntries(1430)) - s6@group-6E994AD85659: succeeded to handle AppendEntries. Reply: s1<-s6#9024:OK-t1,SUCCESS,nextIndex=239,followerCommit=237,matchIndex=238
2023-03-17 00:26:27,430 DEBUG server.RaftServer$Division (RaftServerImpl.java:logAppendEntries(1430)) - s7@group-6E994AD85659: succeeded to handle AppendEntries. Reply: s1<-s7#9038:OK-t1,SUCCESS,nextIndex=240,followerCommit=237,matchIndex=239
2023-03-17 00:26:27,431 DEBUG server.RaftServer$Division (RaftServerImpl.java:logAppendEntries(1430)) - s14@group-6E994AD85659: receive appendEntries(s1, 1, (t:1, i:237), 237, true, commits:[s1:c237, s10:c234, s0:c235, s3:c236, s4:c237, s11:c236, s5:c237, s6:c235, s13:c237, s7:c235, s12:c237, s8:c236, s9:c237, s14:c235, s2:c237], cId:9040, entries: [(t:1, i:238), METADATAENTRY(c:237), (t:1, i:239), STATEMACHINELOGENTRY, 9029@client-E8995F8E72F5]
2023-03-17 00:26:27,431 DEBUG server.RaftServer$Division (RaftServerImpl.java:logAppendEntries(1430)) - s8@group-6E994AD85659: receive appendEntries(s1, 1, (t:1, i:238), 238, true, commits:[s1:c238, s10:c235, s0:c235, s3:c237, s4:c237, s11:c236, s5:c237, s6:c235, s13:c237, s7:c235, s12:c237, s8:c237, s9:c237, s14:c235, s2:c237], cId:9042, entries: [(t:1, i:239), STATEMACHINELOGENTRY, 9029@client-E8995F8E72F5]
2023-03-17 00:26:27,431 DEBUG server.RaftServer$Division (RaftServerImpl.java:logAppendEntries(1430)) - s11@group-6E994AD85659: receive appendEntries(s1, 1, (t:1, i:237), 237, true, commits:[s1:c237, s10:c234, s0:c235, s3:c236, s4:c237, s11:c236, s5:c237, s6:c235, s13:c237, s7:c235, s12:c237, s8:c236, s9:c237, s14:c235, s2:c237], cId:9039, entries: [(t:1, i:238), METADATAENTRY(c:237), (t:1, i:239), STATEMACHINELOGENTRY, 9029@client-E8995F8E72F5]
2023-03-17 00:26:27,431 DEBUG server.RaftServer$Division (RaftServerImpl.java:logAppendEntries(1430)) - s14@group-6E994AD85659: succeeded to handle AppendEntries. Reply: s1<-s14#9040:OK-t1,SUCCESS,nextIndex=240,followerCommit=237,matchIndex=239
2023-03-17 00:26:27,431 DEBUG server.RaftServer$Division (RaftServerImpl.java:logAppendEntries(1430)) - s11@group-6E994AD85659: succeeded to handle AppendEntries. Reply: s1<-s11#9039:OK-t1,SUCCESS,nextIndex=240,followerCommit=237,matchIndex=239
2023-03-17 00:26:27,432 DEBUG server.RaftServer$Division (RaftServerImpl.java:logAppendEntries(1430)) - s10@group-6E994AD85659: receive appendEntries(s1, 1, (t:1, i:236), 237, true, commits:[s1:c237, s10:c235, s0:c235, s3:c236, s4:c237, s11:c236, s5:c237, s6:c235, s13:c237, s7:c235, s12:c237, s8:c236, s9:c237, s14:c235, s2:c237], cId:9041, entries: [(t:1, i:237), STATEMACHINELOGENTRY, 9005@client-E8995F8E72F5, (t:1, i:238), METADATAENTRY(c:237), (t:1, i:239), STATEMACHINELOGENTRY, 9029@client-E8995F8E72F5]
2023-03-17 00:26:27,432 INFO  statemachine.StateMachine (ArithmeticStateMachine.java:applyTransaction(182)) - LEADER:s1-239: a = null = null
2023-03-17 00:26:27,433 DEBUG server.RaftServer$Division (RaftServerImpl.java:logAppendEntries(1430)) - s4@group-6E994AD85659: receive appendEntries(s1, 1, (t:1, i:239), 239, true, commits:[s1:c239, s10:c235, s0:c235, s3:c237, s4:c237, s11:c236, s5:c237, s6:c235, s13:c237, s7:c237, s12:c237, s8:c237, s9:c237, s14:c235, s2:c237], cId:9047, entries: [(t:1, i:240), METADATAENTRY(c:239)]
2023-03-17 00:26:27,433 DEBUG server.RaftServer$Division (RaftServerImpl.java:logAppendEntries(1430)) - s3@group-6E994AD85659: receive appendEntries(s1, 1, (t:1, i:239), 239, true, commits:[s1:c239, s10:c235, s0:c235, s3:c237, s4:c237, s11:c236, s5:c237, s6:c235, s13:c237, s7:c237, s12:c237, s8:c237, s9:c237, s14:c235, s2:c237], cId:9043, entries: [(t:1, i:240), METADATAENTRY(c:239)]
2023-03-17 00:26:27,433 DEBUG server.RaftServer$Division (RaftServerImpl.java:logAppendEntries(1430)) - s8@group-6E994AD85659: succeeded to handle AppendEntries. Reply: s1<-s8#9042:OK-t1,SUCCESS,nextIndex=240,followerCommit=238,matchIndex=239
2023-03-17 00:26:27,433 DEBUG server.RaftServer$Division (RaftServerImpl.java:logAppendEntries(1430)) - s13@group-6E994AD85659: receive appendEntries(s1, 1, (t:1, i:239), 239, true, commits:[s1:c239, s10:c235, s0:c235, s3:c237, s4:c237, s11:c236, s5:c237, s6:c235, s13:c237, s7:c237, s12:c237, s8:c237, s9:c237, s14:c235, s2:c237], cId:9048, entries: [(t:1, i:240), METADATAENTRY(c:239)]
2023-03-17 00:26:27,433 DEBUG server.RaftServer$Division (RaftServerImpl.java:logAppendEntries(1430)) - s5@group-6E994AD85659: receive appendEntries(s1, 1, (t:1, i:239), 239, true, commits:[s1:c239, s10:c235, s0:c235, s3:c237, s4:c237, s11:c236, s5:c237, s6:c235, s13:c237, s7:c237, s12:c237, s8:c237, s9:c237, s14:c235, s2:c237], cId:9046, entries: [(t:1, i:240), METADATAENTRY(c:239)]
2023-03-17 00:26:27,434 DEBUG server.RaftServer$Division (RaftServerImpl.java:logAppendEntries(1430)) - s3@group-6E994AD85659: succeeded to handle AppendEntries. Reply: s1<-s3#9043:OK-t1,SUCCESS,nextIndex=241,followerCommit=239,matchIndex=240
2023-03-17 00:26:27,434 DEBUG server.RaftServer$Division (RaftServerImpl.java:submitClientRequestAsync(835)) - s1@group-6E994AD85659: receive client request(RaftClientRequest:client-E8995F8E72F5->s1@group-6E994AD85659, cid=9050, seq=0, RW, Message:01016200)
2023-03-17 00:26:27,434 DEBUG server.RaftServer$Division (LeaderStateImpl.java:addPendingRequest(474)) - s1@group-6E994AD85659-LeaderStateImpl: addPendingRequest at RaftClientRequest:client-E8995F8E72F5->s1@group-6E994AD85659, cid=9050, seq=0, RW, Message:01016200, entry=(t:1, i:241), STATEMACHINELOGENTRY, 9050@client-E8995F8E72F5
2023-03-17 00:26:27,434 DEBUG server.RaftServer$Division (RaftServerImpl.java:logAppendEntries(1430)) - s13@group-6E994AD85659: succeeded to handle AppendEntries. Reply: s1<-s13#9048:OK-t1,SUCCESS,nextIndex=241,followerCommit=239,matchIndex=240
2023-03-17 00:26:27,434 DEBUG server.RaftServer$Division (RaftServerImpl.java:logAppendEntries(1430)) - s4@group-6E994AD85659: succeeded to handle AppendEntries. Reply: s1<-s4#9047:OK-t1,SUCCESS,nextIndex=241,followerCommit=239,matchIndex=240
2023-03-17 00:26:27,434 DEBUG server.RaftServer$Division (RaftServerImpl.java:logAppendEntries(1430)) - s5@group-6E994AD85659: succeeded to handle AppendEntries. Reply: s1<-s5#9046:OK-t1,SUCCESS,nextIndex=241,followerCommit=239,matchIndex=240
2023-03-17 00:26:27,435 DEBUG server.RaftServer$Division (RaftServerImpl.java:logAppendEntries(1430)) - s3@group-6E994AD85659: receive appendEntries(s1, 1, (t:1, i:240), 239, true, commits:[s1:c239, s10:c235, s0:c235, s3:c239, s4:c237, s11:c236, s5:c237, s6:c235, s13:c237, s7:c237, s12:c237, s8:c238, s9:c237, s14:c235, s2:c237], cId:9052, entries: [(t:1, i:241), STATEMACHINELOGENTRY, 9050@client-E8995F8E72F5]
2023-03-17 00:26:27,435 DEBUG server.RaftServer$Division (RaftServerImpl.java:logAppendEntries(1430)) - s2@group-6E994AD85659: receive appendEntries(s1, 1, (t:1, i:239), 239, true, commits:[s1:c239, s10:c235, s0:c235, s3:c237, s4:c237, s11:c236, s5:c237, s6:c235, s13:c237, s7:c237, s12:c237, s8:c237, s9:c237, s14:c235, s2:c237], cId:9045, entries: [(t:1, i:240), METADATAENTRY(c:239)]
2023-03-17 00:26:27,435 DEBUG server.RaftServer$Division (RaftServerImpl.java:logAppendEntries(1430)) - s2@group-6E994AD85659: succeeded to handle AppendEntries. Reply: s1<-s2#9045:OK-t1,SUCCESS,nextIndex=241,followerCommit=239,matchIndex=240
2023-03-17 00:26:27,435 DEBUG server.RaftServer$Division (RaftServerImpl.java:logAppendEntries(1430)) - s4@group-6E994AD85659: receive appendEntries(s1, 1, (t:1, i:240), 239, true, commits:[s1:c239, s10:c235, s0:c235, s3:c239, s4:c239, s11:c236, s5:c239, s6:c235, s13:c237, s7:c237, s12:c237, s8:c238, s9:c237, s14:c235, s2:c237], cId:9055, entries: [(t:1, i:241), STATEMACHINELOGENTRY, 9050@client-E8995F8E72F5]
2023-03-17 00:26:27,435 DEBUG server.RaftServer$Division (RaftServerImpl.java:logAppendEntries(1430)) - s3@group-6E994AD85659: succeeded to handle AppendEntries. Reply: s1<-s3#9052:OK-t1,SUCCESS,nextIndex=242,followerCommit=239,matchIndex=241
2023-03-17 00:26:27,436 DEBUG server.RaftServer$Division (RaftServerImpl.java:logAppendEntries(1430)) - s12@group-6E994AD85659: receive appendEntries(s1, 1, (t:1, i:239), 239, true, commits:[s1:c239, s10:c235, s0:c235, s3:c239, s4:c237, s11:c236, s5:c237, s6:c235, s13:c237, s7:c237, s12:c237, s8:c238, s9:c237, s14:c235, s2:c237], cId:9053, entries: [(t:1, i:240), METADATAENTRY(c:239), (t:1, i:241), STATEMACHINELOGENTRY, 9050@client-E8995F8E72F5]
2023-03-17 00:26:27,436 DEBUG server.RaftServer$Division (RaftServerImpl.java:logAppendEntries(1430)) - s5@group-6E994AD85659: receive appendEntries(s1, 1, (t:1, i:240), 239, true, commits:[s1:c239, s10:c235, s0:c235, s3:c239, s4:c237, s11:c236, s5:c239, s6:c235, s13:c237, s7:c237, s12:c237, s8:c238, s9:c237, s14:c235, s2:c237], cId:9054, entries: [(t:1, i:241), STATEMACHINELOGENTRY, 9050@client-E8995F8E72F5]
2023-03-17 00:26:27,436 DEBUG server.RaftServer$Division (RaftServerImpl.java:logAppendEntries(1430)) - s4@group-6E994AD85659: succeeded to handle AppendEntries. Reply: s1<-s4#9055:OK-t1,SUCCESS,nextIndex=242,followerCommit=239,matchIndex=241
2023-03-17 00:26:27,436 DEBUG server.RaftServer$Division (RaftServerImpl.java:logAppendEntries(1430)) - s5@group-6E994AD85659: succeeded to handle AppendEntries. Reply: s1<-s5#9054:OK-t1,SUCCESS,nextIndex=242,followerCommit=239,matchIndex=241
2023-03-17 00:26:27,437 DEBUG server.RaftServer$Division (RaftServerImpl.java:logAppendEntries(1430)) - s10@group-6E994AD85659: succeeded to handle AppendEntries. Reply: s1<-s10#9041:OK-t1,SUCCESS,nextIndex=240,followerCommit=237,matchIndex=239
2023-03-17 00:26:27,437 DEBUG server.RaftServer$Division (RaftServerImpl.java:logAppendEntries(1430)) - s13@group-6E994AD85659: receive appendEntries(s1, 1, (t:1, i:240), 239, true, commits:[s1:c239, s10:c235, s0:c235, s3:c239, s4:c239, s11:c236, s5:c239, s6:c235, s13:c239, s7:c237, s12:c237, s8:c238, s9:c237, s14:c235, s2:c237], cId:9056, entries: [(t:1, i:241), STATEMACHINELOGENTRY, 9050@client-E8995F8E72F5]
2023-03-17 00:26:27,437 DEBUG server.RaftServer$Division (RaftServerImpl.java:logAppendEntries(1430)) - s9@group-6E994AD85659: receive appendEntries(s1, 1, (t:1, i:239), 239, true, commits:[s1:c239, s10:c235, s0:c235, s3:c237, s4:c237, s11:c236, s5:c237, s6:c235, s13:c237, s7:c237, s12:c237, s8:c237, s9:c237, s14:c235, s2:c237], cId:9049, entries: [(t:1, i:240), METADATAENTRY(c:239)]
2023-03-17 00:26:27,437 DEBUG server.RaftServer$Division (RaftServerImpl.java:logAppendEntries(1430)) - s13@group-6E994AD85659: succeeded to handle AppendEntries. Reply: s1<-s13#9056:OK-t1,SUCCESS,nextIndex=242,followerCommit=239,matchIndex=241
2023-03-17 00:26:27,438 DEBUG server.RaftServer$Division (RaftServerImpl.java:logAppendEntries(1430)) - s9@group-6E994AD85659: succeeded to handle AppendEntries. Reply: s1<-s9#9049:OK-t1,SUCCESS,nextIndex=241,followerCommit=239,matchIndex=240
2023-03-17 00:26:27,438 DEBUG server.RaftServer$Division (RaftServerImpl.java:logAppendEntries(1430)) - s7@group-6E994AD85659: receive appendEntries(s1, 1, (t:1, i:239), 239, true, commits:[s1:c239, s10:c235, s0:c235, s3:c237, s4:c237, s11:c236, s5:c237, s6:c235, s13:c237, s7:c237, s12:c237, s8:c237, s9:c237, s14:c235, s2:c237], cId:9044, entries: [(t:1, i:240), METADATAENTRY(c:239)]
2023-03-17 00:26:27,438 DEBUG server.RaftServer$Division (RaftServerImpl.java:logAppendEntries(1430)) - s10@group-6E994AD85659: receive appendEntries(s1, 1, (t:1, i:239), 239, true, commits:[s1:c239, s10:c237, s0:c235, s3:c239, s4:c239, s11:c236, s5:c239, s6:c235, s13:c239, s7:c237, s12:c237, s8:c238, s9:c237, s14:c235, s2:c239], cId:9058, entries: [(t:1, i:240), METADATAENTRY(c:239), (t:1, i:241), STATEMACHINELOGENTRY, 9050@client-E8995F8E72F5]
2023-03-17 00:26:27,439 DEBUG server.RaftServer$Division (RaftServerImpl.java:logAppendEntries(1430)) - s7@group-6E994AD85659: succeeded to handle AppendEntries. Reply: s1<-s7#9044:OK-t1,SUCCESS,nextIndex=241,followerCommit=239,matchIndex=240
2023-03-17 00:26:27,439 DEBUG server.RaftServer$Division (RaftServerImpl.java:logAppendEntries(1430)) - s10@group-6E994AD85659: succeeded to handle AppendEntries. Reply: s1<-s10#9058:OK-t1,SUCCESS,nextIndex=242,followerCommit=239,matchIndex=241
2023-03-17 00:26:27,439 DEBUG server.RaftServer$Division (RaftServerImpl.java:logAppendEntries(1430)) - s8@group-6E994AD85659: receive appendEntries(s1, 1, (t:1, i:239), 239, true, commits:[s1:c239, s10:c235, s0:c235, s3:c237, s4:c237, s11:c236, s5:c237, s6:c235, s13:c237, s7:c237, s12:c237, s8:c238, s9:c237, s14:c235, s2:c237], cId:9051, entries: [(t:1, i:240), METADATAENTRY(c:239)]
2023-03-17 00:26:27,440 DEBUG server.RaftServer$Division (RaftServerImpl.java:logAppendEntries(1430)) - s9@group-6E994AD85659: receive appendEntries(s1, 1, (t:1, i:240), 239, true, commits:[s1:c239, s10:c237, s0:c236, s3:c239, s4:c239, s11:c236, s5:c239, s6:c235, s13:c239, s7:c237, s12:c237, s8:c238, s9:c239, s14:c235, s2:c239], cId:9060, entries: [(t:1, i:241), STATEMACHINELOGENTRY, 9050@client-E8995F8E72F5]
2023-03-17 00:26:27,440 DEBUG server.RaftServer$Division (RaftServerImpl.java:logAppendEntries(1430)) - s8@group-6E994AD85659: succeeded to handle AppendEntries. Reply: s1<-s8#9051:OK-t1,SUCCESS,nextIndex=241,followerCommit=239,matchIndex=240
2023-03-17 00:26:27,440 DEBUG server.RaftServer$Division (RaftServerImpl.java:logAppendEntries(1430)) - s9@group-6E994AD85659: succeeded to handle AppendEntries. Reply: s1<-s9#9060:OK-t1,SUCCESS,nextIndex=242,followerCommit=239,matchIndex=241
2023-03-17 00:26:27,440 DEBUG server.RaftServer$Division (RaftServerImpl.java:logAppendEntries(1430)) - s6@group-6E994AD85659: receive appendEntries(s1, 1, (t:1, i:238), 239, true, commits:[s1:c239, s10:c237, s0:c236, s3:c239, s4:c239, s11:c236, s5:c239, s6:c237, s13:c239, s7:c237, s12:c237, s8:c238, s9:c239, s14:c235, s2:c239], cId:9061, entries: [(t:1, i:239), STATEMACHINELOGENTRY, 9029@client-E8995F8E72F5, (t:1, i:240), METADATAENTRY(c:239), (t:1, i:241), STATEMACHINELOGENTRY, 9050@client-E8995F8E72F5]
2023-03-17 00:26:27,440 DEBUG server.RaftServer$Division (RaftServerImpl.java:logAppendEntries(1430)) - s2@group-6E994AD85659: receive appendEntries(s1, 1, (t:1, i:240), 239, true, commits:[s1:c239, s10:c235, s0:c235, s3:c239, s4:c239, s11:c236, s5:c239, s6:c235, s13:c239, s7:c237, s12:c237, s8:c238, s9:c237, s14:c235, s2:c239], cId:9057, entries: [(t:1, i:241), STATEMACHINELOGENTRY, 9050@client-E8995F8E72F5]
2023-03-17 00:26:27,441 DEBUG server.RaftServer$Division (RaftServerImpl.java:logAppendEntries(1430)) - s6@group-6E994AD85659: succeeded to handle AppendEntries. Reply: s1<-s6#9061:OK-t1,SUCCESS,nextIndex=242,followerCommit=239,matchIndex=241
2023-03-17 00:26:27,441 DEBUG server.RaftServer$Division (RaftServerImpl.java:logAppendEntries(1430)) - s12@group-6E994AD85659: succeeded to handle AppendEntries. Reply: s1<-s12#9053:OK-t1,SUCCESS,nextIndex=242,followerCommit=239,matchIndex=241
2023-03-17 00:26:27,441 DEBUG server.RaftServer$Division (RaftServerImpl.java:logAppendEntries(1430)) - s0@group-6E994AD85659: receive appendEntries(s1, 1, (t:1, i:237), 239, true, commits:[s1:c239, s10:c237, s0:c236, s3:c239, s4:c239, s11:c236, s5:c239, s6:c235, s13:c239, s7:c237, s12:c237, s8:c238, s9:c237, s14:c235, s2:c239], cId:9059, entries: [(t:1, i:238), METADATAENTRY(c:237), (t:1, i:239), STATEMACHINELOGENTRY, 9029@client-E8995F8E72F5, (t:1, i:240), METADATAENTRY(c:239), (t:1, i:241), STATEMACHINELOGENTRY, 9050@client-E8995F8E72F5]
2023-03-17 00:26:27,442 DEBUG server.RaftServer$Division (RaftServerImpl.java:logAppendEntries(1430)) - s2@group-6E994AD85659: succeeded to handle AppendEntries. Reply: s1<-s2#9057:OK-t1,SUCCESS,nextIndex=242,followerCommit=239,matchIndex=241
2023-03-17 00:26:27,442 DEBUG server.RaftServer$Division (RaftServerImpl.java:logAppendEntries(1430)) - s0@group-6E994AD85659: succeeded to handle AppendEntries. Reply: s1<-s0#9059:OK-t1,SUCCESS,nextIndex=242,followerCommit=239,matchIndex=241
2023-03-17 00:26:27,442 DEBUG server.RaftServer$Division (RaftServerImpl.java:logAppendEntries(1430)) - s7@group-6E994AD85659: receive appendEntries(s1, 1, (t:1, i:240), 239, true, commits:[s1:c239, s10:c237, s0:c236, s3:c239, s4:c239, s11:c236, s5:c239, s6:c237, s13:c239, s7:c239, s12:c237, s8:c238, s9:c239, s14:c235, s2:c239], cId:9062, entries: [(t:1, i:241), STATEMACHINELOGENTRY, 9050@client-E8995F8E72F5]
2023-03-17 00:26:27,443 DEBUG server.RaftServer$Division (RaftServerImpl.java:logAppendEntries(1430)) - s7@group-6E994AD85659: succeeded to handle AppendEntries. Reply: s1<-s7#9062:OK-t1,SUCCESS,nextIndex=242,followerCommit=239,matchIndex=241
2023-03-17 00:26:27,443 INFO  statemachine.StateMachine (ArithmeticStateMachine.java:applyTransaction(182)) - LEADER:s1-241: b = null = null
2023-03-17 00:26:27,443 DEBUG server.RaftServer$Division (RaftServerImpl.java:logAppendEntries(1430)) - s3@group-6E994AD85659: receive appendEntries(s1, 1, (t:1, i:241), 241, true, commits:[s1:c241, s10:c239, s0:c236, s3:c239, s4:c239, s11:c237, s5:c239, s6:c239, s13:c239, s7:c239, s12:c239, s8:c239, s9:c239, s14:c237, s2:c239], cId:9073, entries: [(t:1, i:242), METADATAENTRY(c:241)]
2023-03-17 00:26:27,444 DEBUG server.RaftServer$Division (RaftServerImpl.java:logAppendEntries(1430)) - s12@group-6E994AD85659: receive appendEntries(s1, 1, (t:1, i:241), 241, true, commits:[s1:c241, s10:c239, s0:c236, s3:c239, s4:c239, s11:c237, s5:c239, s6:c237, s13:c239, s7:c239, s12:c239, s8:c239, s9:c239, s14:c237, s2:c239], cId:9067, entries: [(t:1, i:242), METADATAENTRY(c:241)]
2023-03-17 00:26:27,444 DEBUG server.RaftServer$Division (RaftServerImpl.java:logAppendEntries(1430)) - s3@group-6E994AD85659: succeeded to handle AppendEntries. Reply: s1<-s3#9073:OK-t1,SUCCESS,nextIndex=243,followerCommit=241,matchIndex=242
2023-03-17 00:26:27,444 DEBUG server.RaftServer$Division (RaftServerImpl.java:logAppendEntries(1430)) - s8@group-6E994AD85659: receive appendEntries(s1, 1, (t:1, i:240), 240, true, commits:[s1:c240, s10:c237, s0:c236, s3:c239, s4:c239, s11:c236, s5:c239, s6:c237, s13:c239, s7:c239, s12:c237, s8:c239, s9:c239, s14:c235, s2:c239], cId:9063, entries: [(t:1, i:241), STATEMACHINELOGENTRY, 9050@client-E8995F8E72F5]
2023-03-17 00:26:27,444 DEBUG server.RaftServer$Division (RaftServerImpl.java:submitClientRequestAsync(835)) - s1@group-6E994AD85659: receive client request(RaftClientRequest:client-E8995F8E72F5->s1@group-6E994AD85659, cid=9074, seq=0, RW, Message:01016300)
2023-03-17 00:26:27,445 DEBUG server.RaftServer$Division (LeaderStateImpl.java:addPendingRequest(474)) - s1@group-6E994AD85659-LeaderStateImpl: addPendingRequest at RaftClientRequest:client-E8995F8E72F5->s1@group-6E994AD85659, cid=9074, seq=0, RW, Message:01016300, entry=(t:1, i:243), STATEMACHINELOGENTRY, 9074@client-E8995F8E72F5
2023-03-17 00:26:27,445 DEBUG server.RaftServer$Division (RaftServerImpl.java:logAppendEntries(1430)) - s8@group-6E994AD85659: succeeded to handle AppendEntries. Reply: s1<-s8#9063:OK-t1,SUCCESS,nextIndex=242,followerCommit=240,matchIndex=241
2023-03-17 00:26:27,444 DEBUG server.RaftServer$Division (RaftServerImpl.java:logAppendEntries(1430)) - s4@group-6E994AD85659: receive appendEntries(s1, 1, (t:1, i:241), 241, true, commits:[s1:c241, s10:c239, s0:c236, s3:c239, s4:c239, s11:c237, s5:c239, s6:c237, s13:c239, s7:c239, s12:c239, s8:c239, s9:c239, s14:c237, s2:c239], cId:9070, entries: [(t:1, i:242), METADATAENTRY(c:241)]
2023-03-17 00:26:27,445 DEBUG server.RaftServer$Division (RaftServerImpl.java:logAppendEntries(1430)) - s10@group-6E994AD85659: receive appendEntries(s1, 1, (t:1, i:241), 241, true, commits:[s1:c241, s10:c239, s0:c236, s3:c239, s4:c239, s11:c237, s5:c239, s6:c237, s13:c239, s7:c239, s12:c239, s8:c239, s9:c239, s14:c237, s2:c239], cId:9066, entries: [(t:1, i:242), METADATAENTRY(c:241)]
2023-03-17 00:26:27,444 DEBUG server.RaftServer$Division (RaftServerImpl.java:logAppendEntries(1430)) - s5@group-6E994AD85659: receive appendEntries(s1, 1, (t:1, i:241), 241, true, commits:[s1:c241, s10:c239, s0:c236, s3:c239, s4:c239, s11:c237, s5:c239, s6:c237, s13:c239, s7:c239, s12:c239, s8:c239, s9:c239, s14:c237, s2:c239], cId:9069, entries: [(t:1, i:242), METADATAENTRY(c:241)]
2023-03-17 00:26:27,446 DEBUG server.RaftServer$Division (RaftServerImpl.java:logAppendEntries(1430)) - s11@group-6E994AD85659: receive appendEntries(s1, 1, (t:1, i:239), 240, true, commits:[s1:c240, s10:c237, s0:c236, s3:c239, s4:c239, s11:c237, s5:c239, s6:c237, s13:c239, s7:c239, s12:c239, s8:c239, s9:c239, s14:c237, s2:c239], cId:9065, entries: [(t:1, i:240), METADATAENTRY(c:239), (t:1, i:241), STATEMACHINELOGENTRY, 9050@client-E8995F8E72F5]
2023-03-17 00:26:27,446 DEBUG server.RaftServer$Division (RaftServerImpl.java:logAppendEntries(1430)) - s14@group-6E994AD85659: receive appendEntries(s1, 1, (t:1, i:239), 240, true, commits:[s1:c240, s10:c237, s0:c236, s3:c239, s4:c239, s11:c236, s5:c239, s6:c237, s13:c239, s7:c239, s12:c239, s8:c239, s9:c239, s14:c237, s2:c239], cId:9064, entries: [(t:1, i:240), METADATAENTRY(c:239), (t:1, i:241), STATEMACHINELOGENTRY, 9050@client-E8995F8E72F5]
2023-03-17 00:26:27,446 DEBUG server.RaftServer$Division (RaftServerImpl.java:logAppendEntries(1430)) - s2@group-6E994AD85659: receive appendEntries(s1, 1, (t:1, i:241), 241, true, commits:[s1:c241, s10:c239, s0:c236, s3:c239, s4:c239, s11:c237, s5:c239, s6:c237, s13:c239, s7:c239, s12:c239, s8:c239, s9:c239, s14:c237, s2:c239], cId:9068, entries: [(t:1, i:242), METADATAENTRY(c:241)]
2023-03-17 00:26:27,448 DEBUG server.RaftServer$Division (RaftServerImpl.java:logAppendEntries(1430)) - s9@group-6E994AD85659: receive appendEntries(s1, 1, (t:1, i:241), 241, true, commits:[s1:c241, s10:c239, s0:c236, s3:c241, s4:c239, s11:c237, s5:c239, s6:c239, s13:c239, s7:c239, s12:c239, s8:c240, s9:c239, s14:c237, s2:c239], cId:9077, entries: [(t:1, i:242), METADATAENTRY(c:241), (t:1, i:243), STATEMACHINELOGENTRY, 9074@client-E8995F8E72F5]
2023-03-17 00:26:27,448 DEBUG server.RaftServer$Division (RaftServerImpl.java:logAppendEntries(1430)) - s7@group-6E994AD85659: receive appendEntries(s1, 1, (t:1, i:241), 241, true, commits:[s1:c241, s10:c239, s0:c236, s3:c241, s4:c239, s11:c237, s5:c239, s6:c239, s13:c239, s7:c239, s12:c239, s8:c240, s9:c239, s14:c237, s2:c239], cId:9078, entries: [(t:1, i:242), METADATAENTRY(c:241), (t:1, i:243), STATEMACHINELOGENTRY, 9074@client-E8995F8E72F5]
2023-03-17 00:26:27,448 DEBUG server.RaftServer$Division (RaftServerImpl.java:logAppendEntries(1430)) - s2@group-6E994AD85659: succeeded to handle AppendEntries. Reply: s1<-s2#9068:OK-t1,SUCCESS,nextIndex=243,followerCommit=241,matchIndex=242
2023-03-17 00:26:27,446 DEBUG server.RaftServer$Division (RaftServerImpl.java:logAppendEntries(1430)) - s6@group-6E994AD85659: receive appendEntries(s1, 1, (t:1, i:241), 241, true, commits:[s1:c241, s10:c239, s0:c236, s3:c239, s4:c239, s11:c237, s5:c239, s6:c239, s13:c239, s7:c239, s12:c239, s8:c239, s9:c239, s14:c237, s2:c239], cId:9072, entries: [(t:1, i:242), METADATAENTRY(c:241)]
2023-03-17 00:26:27,445 DEBUG server.RaftServer$Division (RaftServerImpl.java:logAppendEntries(1430)) - s3@group-6E994AD85659: receive appendEntries(s1, 1, (t:1, i:242), 241, true, commits:[s1:c241, s10:c239, s0:c236, s3:c241, s4:c239, s11:c237, s5:c239, s6:c239, s13:c239, s7:c239, s12:c239, s8:c239, s9:c239, s14:c237, s2:c239], cId:9075, entries: [(t:1, i:243), STATEMACHINELOGENTRY, 9074@client-E8995F8E72F5]
2023-03-17 00:26:27,449 DEBUG server.RaftServer$Division (RaftServerImpl.java:logAppendEntries(1430)) - s7@group-6E994AD85659: succeeded to handle AppendEntries. Reply: s1<-s7#9078:OK-t1,SUCCESS,nextIndex=244,followerCommit=241,matchIndex=243
2023-03-17 00:26:27,449 DEBUG server.RaftServer$Division (RaftServerImpl.java:logAppendEntries(1430)) - s6@group-6E994AD85659: succeeded to handle AppendEntries. Reply: s1<-s6#9072:OK-t1,SUCCESS,nextIndex=243,followerCommit=241,matchIndex=242
2023-03-17 00:26:27,449 DEBUG server.RaftServer$Division (RaftServerImpl.java:logAppendEntries(1430)) - s9@group-6E994AD85659: succeeded to handle AppendEntries. Reply: s1<-s9#9077:OK-t1,SUCCESS,nextIndex=244,followerCommit=241,matchIndex=243
2023-03-17 00:26:27,445 DEBUG server.RaftServer$Division (RaftServerImpl.java:logAppendEntries(1430)) - s13@group-6E994AD85659: receive appendEntries(s1, 1, (t:1, i:241), 241, true, commits:[s1:c241, s10:c239, s0:c236, s3:c239, s4:c239, s11:c237, s5:c239, s6:c237, s13:c239, s7:c239, s12:c239, s8:c239, s9:c239, s14:c237, s2:c239], cId:9071, entries: [(t:1, i:242), METADATAENTRY(c:241)]
2023-03-17 00:26:27,445 DEBUG server.RaftServer$Division (RaftServerImpl.java:logAppendEntries(1430)) - s4@group-6E994AD85659: succeeded to handle AppendEntries. Reply: s1<-s4#9070:OK-t1,SUCCESS,nextIndex=243,followerCommit=241,matchIndex=242
2023-03-17 00:26:27,450 DEBUG server.RaftServer$Division (RaftServerImpl.java:logAppendEntries(1430)) - s2@group-6E994AD85659: receive appendEntries(s1, 1, (t:1, i:242), 241, true, commits:[s1:c241, s10:c239, s0:c239, s3:c241, s4:c239, s11:c237, s5:c239, s6:c239, s13:c239, s7:c239, s12:c239, s8:c240, s9:c239, s14:c237, s2:c241], cId:9080, entries: [(t:1, i:243), STATEMACHINELOGENTRY, 9074@client-E8995F8E72F5]
2023-03-17 00:26:27,445 DEBUG server.RaftServer$Division (RaftServerImpl.java:logAppendEntries(1430)) - s12@group-6E994AD85659: succeeded to handle AppendEntries. Reply: s1<-s12#9067:OK-t1,SUCCESS,nextIndex=243,followerCommit=241,matchIndex=242
2023-03-17 00:26:27,450 DEBUG server.RaftServer$Division (RaftServerImpl.java:logAppendEntries(1430)) - s4@group-6E994AD85659: receive appendEntries(s1, 1, (t:1, i:242), 241, true, commits:[s1:c241, s10:c239, s0:c239, s3:c241, s4:c241, s11:c237, s5:c239, s6:c239, s13:c239, s7:c239, s12:c239, s8:c240, s9:c241, s14:c237, s2:c241], cId:9081, entries: [(t:1, i:243), STATEMACHINELOGENTRY, 9074@client-E8995F8E72F5]
2023-03-17 00:26:27,450 DEBUG server.RaftServer$Division (RaftServerImpl.java:logAppendEntries(1430)) - s13@group-6E994AD85659: succeeded to handle AppendEntries. Reply: s1<-s13#9071:OK-t1,SUCCESS,nextIndex=243,followerCommit=241,matchIndex=242
2023-03-17 00:26:27,449 DEBUG server.RaftServer$Division (RaftServerImpl.java:logAppendEntries(1430)) - s3@group-6E994AD85659: succeeded to handle AppendEntries. Reply: s1<-s3#9075:OK-t1,SUCCESS,nextIndex=244,followerCommit=241,matchIndex=243
2023-03-17 00:26:27,450 DEBUG server.RaftServer$Division (RaftServerImpl.java:logAppendEntries(1430)) - s2@group-6E994AD85659: succeeded to handle AppendEntries. Reply: s1<-s2#9080:OK-t1,SUCCESS,nextIndex=244,followerCommit=241,matchIndex=243
2023-03-17 00:26:27,451 DEBUG server.RaftServer$Division (RaftServerImpl.java:logAppendEntries(1430)) - s4@group-6E994AD85659: succeeded to handle AppendEntries. Reply: s1<-s4#9081:OK-t1,SUCCESS,nextIndex=244,followerCommit=241,matchIndex=243
2023-03-17 00:26:27,447 DEBUG server.RaftServer$Division (RaftServerImpl.java:logAppendEntries(1430)) - s8@group-6E994AD85659: receive appendEntries(s1, 1, (t:1, i:241), 241, true, commits:[s1:c241, s10:c239, s0:c236, s3:c241, s4:c239, s11:c237, s5:c239, s6:c239, s13:c239, s7:c239, s12:c239, s8:c240, s9:c239, s14:c237, s2:c239], cId:9076, entries: [(t:1, i:242), METADATAENTRY(c:241), (t:1, i:243), STATEMACHINELOGENTRY, 9074@client-E8995F8E72F5]
2023-03-17 00:26:27,447 DEBUG server.RaftServer$Division (RaftServerImpl.java:logAppendEntries(1430)) - s14@group-6E994AD85659: succeeded to handle AppendEntries. Reply: s1<-s14#9064:OK-t1,SUCCESS,nextIndex=242,followerCommit=240,matchIndex=241
2023-03-17 00:26:27,447 DEBUG server.RaftServer$Division (RaftServerImpl.java:logAppendEntries(1430)) - s10@group-6E994AD85659: succeeded to handle AppendEntries. Reply: s1<-s10#9066:OK-t1,SUCCESS,nextIndex=243,followerCommit=241,matchIndex=242
2023-03-17 00:26:27,447 DEBUG server.RaftServer$Division (RaftServerImpl.java:logAppendEntries(1430)) - s5@group-6E994AD85659: succeeded to handle AppendEntries. Reply: s1<-s5#9069:OK-t1,SUCCESS,nextIndex=243,followerCommit=241,matchIndex=242
2023-03-17 00:26:27,447 DEBUG server.RaftServer$Division (RaftServerImpl.java:logAppendEntries(1430)) - s11@group-6E994AD85659: succeeded to handle AppendEntries. Reply: s1<-s11#9065:OK-t1,SUCCESS,nextIndex=242,followerCommit=240,matchIndex=241
2023-03-17 00:26:27,451 DEBUG server.RaftServer$Division (RaftServerImpl.java:logAppendEntries(1430)) - s13@group-6E994AD85659: receive appendEntries(s1, 1, (t:1, i:242), 241, true, commits:[s1:c241, s10:c239, s0:c239, s3:c241, s4:c241, s11:c237, s5:c239, s6:c239, s13:c241, s7:c239, s12:c239, s8:c240, s9:c241, s14:c237, s2:c241], cId:9082, entries: [(t:1, i:243), STATEMACHINELOGENTRY, 9074@client-E8995F8E72F5]
2023-03-17 00:26:27,451 DEBUG server.RaftServer$Division (RaftServerImpl.java:logAppendEntries(1430)) - s10@group-6E994AD85659: receive appendEntries(s1, 1, (t:1, i:242), 241, true, commits:[s1:c241, s10:c241, s0:c239, s3:c241, s4:c241, s11:c237, s5:c239, s6:c239, s13:c241, s7:c239, s12:c239, s8:c240, s9:c241, s14:c237, s2:c241], cId:9083, entries: [(t:1, i:243), STATEMACHINELOGENTRY, 9074@client-E8995F8E72F5]
2023-03-17 00:26:27,452 DEBUG server.RaftServer$Division (RaftServerImpl.java:logAppendEntries(1430)) - s8@group-6E994AD85659: succeeded to handle AppendEntries. Reply: s1<-s8#9076:OK-t1,SUCCESS,nextIndex=244,followerCommit=241,matchIndex=243
2023-03-17 00:26:27,452 DEBUG server.RaftServer$Division (RaftServerImpl.java:logAppendEntries(1430)) - s5@group-6E994AD85659: receive appendEntries(s1, 1, (t:1, i:242), 242, true, commits:[s1:c242, s10:c241, s0:c239, s3:c241, s4:c241, s11:c237, s5:c241, s6:c239, s13:c241, s7:c239, s12:c241, s8:c240, s9:c241, s14:c237, s2:c241], cId:9085, entries: [(t:1, i:243), STATEMACHINELOGENTRY, 9074@client-E8995F8E72F5]
2023-03-17 00:26:27,452 DEBUG server.RaftServer$Division (RaftServerImpl.java:logAppendEntries(1430)) - s12@group-6E994AD85659: receive appendEntries(s1, 1, (t:1, i:242), 241, true, commits:[s1:c241, s10:c241, s0:c239, s3:c241, s4:c241, s11:c237, s5:c239, s6:c239, s13:c241, s7:c239, s12:c241, s8:c240, s9:c241, s14:c237, s2:c241], cId:9084, entries: [(t:1, i:243), STATEMACHINELOGENTRY, 9074@client-E8995F8E72F5]
2023-03-17 00:26:27,452 DEBUG server.RaftServer$Division (RaftServerImpl.java:logAppendEntries(1430)) - s13@group-6E994AD85659: succeeded to handle AppendEntries. Reply: s1<-s13#9082:OK-t1,SUCCESS,nextIndex=244,followerCommit=241,matchIndex=243
2023-03-17 00:26:27,453 DEBUG server.RaftServer$Division (RaftServerImpl.java:logAppendEntries(1430)) - s5@group-6E994AD85659: succeeded to handle AppendEntries. Reply: s1<-s5#9085:OK-t1,SUCCESS,nextIndex=244,followerCommit=242,matchIndex=243
2023-03-17 00:26:27,453 DEBUG server.RaftServer$Division (RaftServerImpl.java:logAppendEntries(1430)) - s10@group-6E994AD85659: succeeded to handle AppendEntries. Reply: s1<-s10#9083:OK-t1,SUCCESS,nextIndex=244,followerCommit=241,matchIndex=243
2023-03-17 00:26:27,454 INFO  statemachine.StateMachine (ArithmeticStateMachine.java:applyTransaction(182)) - LEADER:s1-243: c = null = null
2023-03-17 00:26:27,454 DEBUG server.RaftServer$Division (RaftServerImpl.java:logAppendEntries(1430)) - s12@group-6E994AD85659: succeeded to handle AppendEntries. Reply: s1<-s12#9084:OK-t1,SUCCESS,nextIndex=244,followerCommit=241,matchIndex=243
2023-03-17 00:26:27,455 DEBUG server.RaftServer$Division (RaftServerImpl.java:logAppendEntries(1430)) - s3@group-6E994AD85659: receive appendEntries(s1, 1, (t:1, i:243), 243, true, commits:[s1:c243, s10:c241, s0:c239, s3:c241, s4:c241, s11:c237, s5:c242, s6:c241, s13:c241, s7:c239, s12:c241, s8:c241, s9:c241, s14:c237, s2:c241], cId:9091, entries: [(t:1, i:244), METADATAENTRY(c:243)]
2023-03-17 00:26:27,455 DEBUG server.RaftServer$Division (RaftServerImpl.java:logAppendEntries(1430)) - s12@group-6E994AD85659: receive appendEntries(s1, 1, (t:1, i:243), 243, true, commits:[s1:c243, s10:c241, s0:c239, s3:c241, s4:c241, s11:c237, s5:c242, s6:c241, s13:c241, s7:c239, s12:c241, s8:c241, s9:c241, s14:c237, s2:c241], cId:9094, entries: [(t:1, i:244), METADATAENTRY(c:243)]
2023-03-17 00:26:27,455 DEBUG server.RaftServer$Division (RaftServerImpl.java:logAppendEntries(1430)) - s12@group-6E994AD85659: succeeded to handle AppendEntries. Reply: s1<-s12#9094:OK-t1,SUCCESS,nextIndex=245,followerCommit=243,matchIndex=244
2023-03-17 00:26:27,455 DEBUG server.RaftServer$Division (RaftServerImpl.java:logAppendEntries(1430)) - s4@group-6E994AD85659: receive appendEntries(s1, 1, (t:1, i:243), 243, true, commits:[s1:c243, s10:c241, s0:c239, s3:c241, s4:c241, s11:c237, s5:c242, s6:c241, s13:c241, s7:c239, s12:c241, s8:c241, s9:c241, s14:c237, s2:c241], cId:9090, entries: [(t:1, i:244), METADATAENTRY(c:243)]
2023-03-17 00:26:27,456 DEBUG server.RaftServer$Division (RaftServerImpl.java:logAppendEntries(1430)) - s13@group-6E994AD85659: receive appendEntries(s1, 1, (t:1, i:243), 243, true, commits:[s1:c243, s10:c241, s0:c239, s3:c241, s4:c241, s11:c237, s5:c242, s6:c241, s13:c241, s7:c239, s12:c241, s8:c241, s9:c241, s14:c237, s2:c241], cId:9088, entries: [(t:1, i:244), METADATAENTRY(c:243)]
2023-03-17 00:26:27,456 DEBUG server.RaftServer$Division (RaftServerImpl.java:logAppendEntries(1430)) - s3@group-6E994AD85659: succeeded to handle AppendEntries. Reply: s1<-s3#9091:OK-t1,SUCCESS,nextIndex=245,followerCommit=243,matchIndex=244
2023-03-17 00:26:27,456 DEBUG server.RaftServer$Division (RaftServerImpl.java:logAppendEntries(1430)) - s13@group-6E994AD85659: succeeded to handle AppendEntries. Reply: s1<-s13#9088:OK-t1,SUCCESS,nextIndex=245,followerCommit=243,matchIndex=244
2023-03-17 00:26:27,456 DEBUG server.RaftServer$Division (RaftServerImpl.java:logAppendEntries(1430)) - s4@group-6E994AD85659: succeeded to handle AppendEntries. Reply: s1<-s4#9090:OK-t1,SUCCESS,nextIndex=245,followerCommit=243,matchIndex=244
2023-03-17 00:26:27,457 DEBUG server.RaftServer$Division (RaftServerImpl.java:logAppendEntries(1430)) - s9@group-6E994AD85659: receive appendEntries(s1, 1, (t:1, i:243), 243, true, commits:[s1:c243, s10:c241, s0:c239, s3:c241, s4:c241, s11:c237, s5:c242, s6:c241, s13:c241, s7:c239, s12:c241, s8:c241, s9:c241, s14:c237, s2:c241], cId:9093, entries: [(t:1, i:244), METADATAENTRY(c:243)]
2023-03-17 00:26:27,457 DEBUG server.RaftServer$Division (RaftServerImpl.java:logAppendEntries(1430)) - s0@group-6E994AD85659: receive appendEntries(s1, 1, (t:1, i:241), 241, true, commits:[s1:c241, s10:c239, s0:c239, s3:c241, s4:c239, s11:c237, s5:c239, s6:c239, s13:c239, s7:c239, s12:c239, s8:c240, s9:c239, s14:c237, s2:c239], cId:9079, entries: [(t:1, i:242), METADATAENTRY(c:241), (t:1, i:243), STATEMACHINELOGENTRY, 9074@client-E8995F8E72F5]
2023-03-17 00:26:27,457 DEBUG server.RaftServer$Division (RaftServerImpl.java:logAppendEntries(1430)) - s8@group-6E994AD85659: receive appendEntries(s1, 1, (t:1, i:243), 243, true, commits:[s1:c243, s10:c241, s0:c239, s3:c241, s4:c241, s11:c237, s5:c242, s6:c241, s13:c241, s7:c239, s12:c241, s8:c241, s9:c241, s14:c237, s2:c241], cId:9087, entries: [(t:1, i:244), METADATAENTRY(c:243)]
2023-03-17 00:26:27,457 DEBUG server.RaftServer$Division (RaftServerImpl.java:logAppendEntries(1430)) - s0@group-6E994AD85659: succeeded to handle AppendEntries. Reply: s1<-s0#9079:OK-t1,SUCCESS,nextIndex=244,followerCommit=241,matchIndex=243
2023-03-17 00:26:27,457 DEBUG server.RaftServer$Division (RaftServerImpl.java:logAppendEntries(1430)) - s9@group-6E994AD85659: succeeded to handle AppendEntries. Reply: s1<-s9#9093:OK-t1,SUCCESS,nextIndex=245,followerCommit=243,matchIndex=244
2023-03-17 00:26:27,458 DEBUG server.RaftServer$Division (RaftServerImpl.java:logAppendEntries(1430)) - s7@group-6E994AD85659: receive appendEntries(s1, 1, (t:1, i:243), 243, true, commits:[s1:c243, s10:c241, s0:c239, s3:c241, s4:c243, s11:c237, s5:c242, s6:c241, s13:c243, s7:c241, s12:c243, s8:c241, s9:c241, s14:c237, s2:c241], cId:9095, entries: [(t:1, i:244), METADATAENTRY(c:243)]
2023-03-17 00:26:27,458 DEBUG server.RaftServer$Division (RaftServerImpl.java:logAppendEntries(1430)) - s8@group-6E994AD85659: succeeded to handle AppendEntries. Reply: s1<-s8#9087:OK-t1,SUCCESS,nextIndex=245,followerCommit=243,matchIndex=244
2023-03-17 00:26:27,459 DEBUG server.RaftServer$Division (RaftServerImpl.java:logAppendEntries(1430)) - s7@group-6E994AD85659: succeeded to handle AppendEntries. Reply: s1<-s7#9095:OK-t1,SUCCESS,nextIndex=245,followerCommit=243,matchIndex=244
2023-03-17 00:26:27,459 DEBUG server.RaftServer$Division (RaftServerImpl.java:logAppendEntries(1430)) - s14@group-6E994AD85659: receive appendEntries(s1, 1, (t:1, i:241), 243, true, commits:[s1:c243, s10:c241, s0:c239, s3:c243, s4:c243, s11:c237, s5:c242, s6:c241, s13:c243, s7:c241, s12:c243, s8:c241, s9:c241, s14:c240, s2:c241], cId:9096, entries: [(t:1, i:242), METADATAENTRY(c:241), (t:1, i:243), STATEMACHINELOGENTRY, 9074@client-E8995F8E72F5, (t:1, i:244), METADATAENTRY(c:243)]
2023-03-17 00:26:27,456 DEBUG server.RaftServer$Division (RaftServerImpl.java:logAppendEntries(1430)) - s6@group-6E994AD85659: receive appendEntries(s1, 1, (t:1, i:242), 242, true, commits:[s1:c242, s10:c241, s0:c239, s3:c241, s4:c241, s11:c237, s5:c241, s6:c241, s13:c241, s7:c239, s12:c241, s8:c240, s9:c241, s14:c237, s2:c241], cId:9086, entries: [(t:1, i:243), STATEMACHINELOGENTRY, 9074@client-E8995F8E72F5]
2023-03-17 00:26:27,459 DEBUG server.RaftServer$Division (RaftServerImpl.java:logAppendEntries(1430)) - s5@group-6E994AD85659: receive appendEntries(s1, 1, (t:1, i:243), 243, true, commits:[s1:c243, s10:c241, s0:c239, s3:c241, s4:c241, s11:c237, s5:c242, s6:c241, s13:c241, s7:c239, s12:c241, s8:c241, s9:c241, s14:c237, s2:c241], cId:9092, entries: [(t:1, i:244), METADATAENTRY(c:243)]
2023-03-17 00:26:27,459 DEBUG server.RaftServer$Division (RaftServerImpl.java:logAppendEntries(1430)) - s14@group-6E994AD85659: succeeded to handle AppendEntries. Reply: s1<-s14#9096:OK-t1,SUCCESS,nextIndex=245,followerCommit=243,matchIndex=244
2023-03-17 00:26:27,460 DEBUG server.RaftServer$Division (RaftServerImpl.java:logAppendEntries(1430)) - s11@group-6E994AD85659: receive appendEntries(s1, 1, (t:1, i:241), 243, true, commits:[s1:c243, s10:c241, s0:c239, s3:c243, s4:c243, s11:c240, s5:c242, s6:c241, s13:c243, s7:c241, s12:c243, s8:c241, s9:c243, s14:c240, s2:c241], cId:9097, entries: [(t:1, i:242), METADATAENTRY(c:241), (t:1, i:243), STATEMACHINELOGENTRY, 9074@client-E8995F8E72F5, (t:1, i:244), METADATAENTRY(c:243)]
2023-03-17 00:26:27,460 DEBUG server.RaftServer$Division (RaftServerImpl.java:logAppendEntries(1430)) - s5@group-6E994AD85659: succeeded to handle AppendEntries. Reply: s1<-s5#9092:OK-t1,SUCCESS,nextIndex=245,followerCommit=243,matchIndex=244
2023-03-17 00:26:27,460 DEBUG server.RaftServer$Division (RaftServerImpl.java:logAppendEntries(1430)) - s11@group-6E994AD85659: succeeded to handle AppendEntries. Reply: s1<-s11#9097:OK-t1,SUCCESS,nextIndex=245,followerCommit=243,matchIndex=244
2023-03-17 00:26:27,460 DEBUG server.RaftServer$Division (RaftServerImpl.java:logAppendEntries(1430)) - s6@group-6E994AD85659: succeeded to handle AppendEntries. Reply: s1<-s6#9086:OK-t1,SUCCESS,nextIndex=244,followerCommit=242,matchIndex=243
2023-03-17 00:26:27,460 DEBUG server.RaftServer$Division (RaftServerImpl.java:logAppendEntries(1430)) - s10@group-6E994AD85659: receive appendEntries(s1, 1, (t:1, i:243), 243, true, commits:[s1:c243, s10:c241, s0:c239, s3:c243, s4:c243, s11:c240, s5:c242, s6:c241, s13:c243, s7:c241, s12:c243, s8:c241, s9:c243, s14:c240, s2:c241], cId:9098, entries: [(t:1, i:244), METADATAENTRY(c:243)]
2023-03-17 00:26:27,459 DEBUG server.RaftServer$Division (RaftServerImpl.java:logAppendEntries(1430)) - s2@group-6E994AD85659: receive appendEntries(s1, 1, (t:1, i:243), 243, true, commits:[s1:c243, s10:c241, s0:c239, s3:c241, s4:c241, s11:c237, s5:c242, s6:c241, s13:c241, s7:c239, s12:c241, s8:c241, s9:c241, s14:c237, s2:c241], cId:9089, entries: [(t:1, i:244), METADATAENTRY(c:243)]
2023-03-17 00:26:27,463 DEBUG server.RaftServer$Division (RaftServerImpl.java:logAppendEntries(1430)) - s0@group-6E994AD85659: receive appendEntries(s1, 1, (t:1, i:243), 244, true, commits:[s1:c244, s10:c241, s0:c241, s3:c243, s4:c243, s11:c240, s5:c242, s6:c241, s13:c243, s7:c243, s12:c243, s8:c243, s9:c243, s14:c243, s2:c241], cId:9099, entries: [(t:1, i:244), METADATAENTRY(c:243)]
2023-03-17 00:26:27,463 DEBUG server.RaftServer$Division (RaftServerImpl.java:logAppendEntries(1430)) - s2@group-6E994AD85659: succeeded to handle AppendEntries. Reply: s1<-s2#9089:OK-t1,SUCCESS,nextIndex=245,followerCommit=243,matchIndex=244
2023-03-17 00:26:27,463 DEBUG server.RaftServer$Division (RaftServerImpl.java:logAppendEntries(1430)) - s10@group-6E994AD85659: succeeded to handle AppendEntries. Reply: s1<-s10#9098:OK-t1,SUCCESS,nextIndex=245,followerCommit=243,matchIndex=244
2023-03-17 00:26:27,463 DEBUG server.RaftServer$Division (RaftServerImpl.java:logAppendEntries(1430)) - s0@group-6E994AD85659: succeeded to handle AppendEntries. Reply: s1<-s0#9099:OK-t1,SUCCESS,nextIndex=245,followerCommit=244,matchIndex=244
2023-03-17 00:26:27,464 DEBUG server.RaftServer$Division (RaftServerImpl.java:logAppendEntries(1430)) - s6@group-6E994AD85659: receive appendEntries(s1, 1, (t:1, i:243), 244, true, commits:[s1:c244, s10:c243, s0:c244, s3:c243, s4:c243, s11:c243, s5:c242, s6:c242, s13:c243, s7:c243, s12:c243, s8:c243, s9:c243, s14:c243, s2:c241], cId:9100, entries: [(t:1, i:244), METADATAENTRY(c:243)]
2023-03-17 00:26:27,465 INFO  impl.GroupManagementBaseTest (GroupManagementBaseTest.java:runMultiGroupTest(337)) - update groups: printing ALL groups
  s3:  RUNNING [
   FOLLOWER s3@group-6E994AD85659:t1, leader=s1, voted=null, raftlog=Memoized:s3@group-6E994AD85659-SegmentedRaftLog:OPENED:c243, conf=123: peers:[s3|rpc:0.0.0.0:36277|dataStream:|priority:0|startupRole:FOLLOWER, s4|rpc:0.0.0.0:39523|dataStream:|priority:0|startupRole:FOLLOWER, s5|rpc:0.0.0.0:38791|dataStream:|priority:0|startupRole:FOLLOWER, s6|rpc:0.0.0.0:34503|dataStream:|priority:0|startupRole:FOLLOWER, s7|rpc:0.0.0.0:44573|dataStream:|priority:0|startupRole:FOLLOWER, s8|rpc:0.0.0.0:45461|dataStream:|priority:0|startupRole:FOLLOWER, s9|rpc:0.0.0.0:42413|dataStream:|priority:0|startupRole:FOLLOWER, s11|rpc:0.0.0.0:37111|dataStream:|priority:0|startupRole:FOLLOWER, s10|rpc:0.0.0.0:37585|dataStream:|priority:0|startupRole:FOLLOWER, s13|rpc:0.0.0.0:39411|dataStream:|priority:0|startupRole:FOLLOWER, s12|rpc:0.0.0.0:36717|dataStream:|priority:0|startupRole:FOLLOWER, s14|rpc:0.0.0.0:36477|dataStream:|priority:0|startupRole:FOLLOWER, s0|rpc:0.0.0.0:43787|dataStream:|priority:0|startupRole:FOLLOWER, s1|rpc:0.0.0.0:45531|dataStream:|priority:0|startupRole:FOLLOWER, s2|rpc:0.0.0.0:39635|dataStream:|priority:0|startupRole:FOLLOWER]|listeners:[], old=null RUNNING
   FOLLOWER s3@group-38FE90E113AE:t0, leader=null, voted=, raftlog=Memoized:s3@group-38FE90E113AE-SegmentedRaftLog:OPENED:c-1, conf=-1: peers:[]|listeners:[], old=null STARTING] size=2
  s4:  RUNNING [
   FOLLOWER s4@group-6E994AD85659:t1, leader=s1, voted=null, raftlog=Memoized:s4@group-6E994AD85659-SegmentedRaftLog:OPENED:c243, conf=123: peers:[s3|rpc:0.0.0.0:36277|dataStream:|priority:0|startupRole:FOLLOWER, s4|rpc:0.0.0.0:39523|dataStream:|priority:0|startupRole:FOLLOWER, s5|rpc:0.0.0.0:38791|dataStream:|priority:0|startupRole:FOLLOWER, s6|rpc:0.0.0.0:34503|dataStream:|priority:0|startupRole:FOLLOWER, s7|rpc:0.0.0.0:44573|dataStream:|priority:0|startupRole:FOLLOWER, s8|rpc:0.0.0.0:45461|dataStream:|priority:0|startupRole:FOLLOWER, s9|rpc:0.0.0.0:42413|dataStream:|priority:0|startupRole:FOLLOWER, s11|rpc:0.0.0.0:37111|dataStream:|priority:0|startupRole:FOLLOWER, s10|rpc:0.0.0.0:37585|dataStream:|priority:0|startupRole:FOLLOWER, s13|rpc:0.0.0.0:39411|dataStream:|priority:0|startupRole:FOLLOWER, s12|rpc:0.0.0.0:36717|dataStream:|priority:0|startupRole:FOLLOWER, s14|rpc:0.0.0.0:36477|dataStream:|priority:0|startupRole:FOLLOWER, s0|rpc:0.0.0.0:43787|dataStream:|priority:0|startupRole:FOLLOWER, s1|rpc:0.0.0.0:45531|dataStream:|priority:0|startupRole:FOLLOWER, s2|rpc:0.0.0.0:39635|dataStream:|priority:0|startupRole:FOLLOWER]|listeners:[], old=null RUNNING
   FOLLOWER s4@group-38FE90E113AE:t0, leader=null, voted=, raftlog=Memoized:s4@group-38FE90E113AE-SegmentedRaftLog:OPENED:c-1, conf=-1: peers:[]|listeners:[], old=null STARTING] size=2
  s5:  RUNNING [
   FOLLOWER s5@group-6E994AD85659:t1, leader=s1, voted=null, raftlog=Memoized:s5@group-6E994AD85659-SegmentedRaftLog:OPENED:c243, conf=123: peers:[s3|rpc:0.0.0.0:36277|dataStream:|priority:0|startupRole:FOLLOWER, s4|rpc:0.0.0.0:39523|dataStream:|priority:0|startupRole:FOLLOWER, s5|rpc:0.0.0.0:38791|dataStream:|priority:0|startupRole:FOLLOWER, s6|rpc:0.0.0.0:34503|dataStream:|priority:0|startupRole:FOLLOWER, s7|rpc:0.0.0.0:44573|dataStream:|priority:0|startupRole:FOLLOWER, s8|rpc:0.0.0.0:45461|dataStream:|priority:0|startupRole:FOLLOWER, s9|rpc:0.0.0.0:42413|dataStream:|priority:0|startupRole:FOLLOWER, s11|rpc:0.0.0.0:37111|dataStream:|priority:0|startupRole:FOLLOWER, s10|rpc:0.0.0.0:37585|dataStream:|priority:0|startupRole:FOLLOWER, s13|rpc:0.0.0.0:39411|dataStream:|priority:0|startupRole:FOLLOWER, s12|rpc:0.0.0.0:36717|dataStream:|priority:0|startupRole:FOLLOWER, s14|rpc:0.0.0.0:36477|dataStream:|priority:0|startupRole:FOLLOWER, s0|rpc:0.0.0.0:43787|dataStream:|priority:0|startupRole:FOLLOWER, s1|rpc:0.0.0.0:45531|dataStream:|priority:0|startupRole:FOLLOWER, s2|rpc:0.0.0.0:39635|dataStream:|priority:0|startupRole:FOLLOWER]|listeners:[], old=null RUNNING
   FOLLOWER s5@group-38FE90E113AE:t0, leader=null, voted=, raftlog=Memoized:s5@group-38FE90E113AE-SegmentedRaftLog:OPENED:c-1, conf=-1: peers:[]|listeners:[], old=null STARTING] size=2
  s6:  RUNNING [
   FOLLOWER s6@group-6E994AD85659:t1, leader=s1, voted=null, raftlog=Memoized:s6@group-6E994AD85659-SegmentedRaftLog:OPENED:c242, conf=123: peers:[s3|rpc:0.0.0.0:36277|dataStream:|priority:0|startupRole:FOLLOWER, s4|rpc:0.0.0.0:39523|dataStream:|priority:0|startupRole:FOLLOWER, s5|rpc:0.0.0.0:38791|dataStream:|priority:0|startupRole:FOLLOWER, s6|rpc:0.0.0.0:34503|dataStream:|priority:0|startupRole:FOLLOWER, s7|rpc:0.0.0.0:44573|dataStream:|priority:0|startupRole:FOLLOWER, s8|rpc:0.0.0.0:45461|dataStream:|priority:0|startupRole:FOLLOWER, s9|rpc:0.0.0.0:42413|dataStream:|priority:0|startupRole:FOLLOWER, s11|rpc:0.0.0.0:37111|dataStream:|priority:0|startupRole:FOLLOWER, s10|rpc:0.0.0.0:37585|dataStream:|priority:0|startupRole:FOLLOWER, s13|rpc:0.0.0.0:39411|dataStream:|priority:0|startupRole:FOLLOWER, s12|rpc:0.0.0.0:36717|dataStream:|priority:0|startupRole:FOLLOWER, s14|rpc:0.0.0.0:36477|dataStream:|priority:0|startupRole:FOLLOWER, s0|rpc:0.0.0.0:43787|dataStream:|priority:0|startupRole:FOLLOWER, s1|rpc:0.0.0.0:45531|dataStream:|priority:0|startupRole:FOLLOWER, s2|rpc:0.0.0.0:39635|dataStream:|priority:0|startupRole:FOLLOWER]|listeners:[], old=null RUNNING
   FOLLOWER s6@group-38FE90E113AE:t0, leader=null, voted=, raftlog=Memoized:s6@group-38FE90E113AE-SegmentedRaftLog:OPENED:c-1, conf=-1: peers:[]|listeners:[], old=null STARTING] size=2
  s7:  RUNNING [
   FOLLOWER s7@group-6E994AD85659:t1, leader=s1, voted=null, raftlog=Memoized:s7@group-6E994AD85659-SegmentedRaftLog:OPENED:c243, conf=123: peers:[s3|rpc:0.0.0.0:36277|dataStream:|priority:0|startupRole:FOLLOWER, s4|rpc:0.0.0.0:39523|dataStream:|priority:0|startupRole:FOLLOWER, s5|rpc:0.0.0.0:38791|dataStream:|priority:0|startupRole:FOLLOWER, s6|rpc:0.0.0.0:34503|dataStream:|priority:0|startupRole:FOLLOWER, s7|rpc:0.0.0.0:44573|dataStream:|priority:0|startupRole:FOLLOWER, s8|rpc:0.0.0.0:45461|dataStream:|priority:0|startupRole:FOLLOWER, s9|rpc:0.0.0.0:42413|dataStream:|priority:0|startupRole:FOLLOWER, s11|rpc:0.0.0.0:37111|dataStream:|priority:0|startupRole:FOLLOWER, s10|rpc:0.0.0.0:37585|dataStream:|priority:0|startupRole:FOLLOWER, s13|rpc:0.0.0.0:39411|dataStream:|priority:0|startupRole:FOLLOWER, s12|rpc:0.0.0.0:36717|dataStream:|priority:0|startupRole:FOLLOWER, s14|rpc:0.0.0.0:36477|dataStream:|priority:0|startupRole:FOLLOWER, s0|rpc:0.0.0.0:43787|dataStream:|priority:0|startupRole:FOLLOWER, s1|rpc:0.0.0.0:45531|dataStream:|priority:0|startupRole:FOLLOWER, s2|rpc:0.0.0.0:39635|dataStream:|priority:0|startupRole:FOLLOWER]|listeners:[], old=null RUNNING
   FOLLOWER s7@group-38FE90E113AE:t0, leader=null, voted=, raftlog=Memoized:s7@group-38FE90E113AE-SegmentedRaftLog:OPENED:c-1, conf=-1: peers:[]|listeners:[], old=null STARTING] size=2
  s8:  RUNNING [
   FOLLOWER s8@group-6E994AD85659:t1, leader=s1, voted=null, raftlog=Memoized:s8@group-6E994AD85659-SegmentedRaftLog:OPENED:c243, conf=123: peers:[s3|rpc:0.0.0.0:36277|dataStream:|priority:0|startupRole:FOLLOWER, s4|rpc:0.0.0.0:39523|dataStream:|priority:0|startupRole:FOLLOWER, s5|rpc:0.0.0.0:38791|dataStream:|priority:0|startupRole:FOLLOWER, s6|rpc:0.0.0.0:34503|dataStream:|priority:0|startupRole:FOLLOWER, s7|rpc:0.0.0.0:44573|dataStream:|priority:0|startupRole:FOLLOWER, s8|rpc:0.0.0.0:45461|dataStream:|priority:0|startupRole:FOLLOWER, s9|rpc:0.0.0.0:42413|dataStream:|priority:0|startupRole:FOLLOWER, s11|rpc:0.0.0.0:37111|dataStream:|priority:0|startupRole:FOLLOWER, s10|rpc:0.0.0.0:37585|dataStream:|priority:0|startupRole:FOLLOWER, s13|rpc:0.0.0.0:39411|dataStream:|priority:0|startupRole:FOLLOWER, s12|rpc:0.0.0.0:36717|dataStream:|priority:0|startupRole:FOLLOWER, s14|rpc:0.0.0.0:36477|dataStream:|priority:0|startupRole:FOLLOWER, s0|rpc:0.0.0.0:43787|dataStream:|priority:0|startupRole:FOLLOWER, s1|rpc:0.0.0.0:45531|dataStream:|priority:0|startupRole:FOLLOWER, s2|rpc:0.0.0.0:39635|dataStream:|priority:0|startupRole:FOLLOWER]|listeners:[], old=null RUNNING
   FOLLOWER s8@group-38FE90E113AE:t0, leader=null, voted=, raftlog=Memoized:s8@group-38FE90E113AE-SegmentedRaftLog:OPENED:c-1, conf=-1: peers:[]|listeners:[], old=null STARTING] size=2
  s9:  RUNNING [
   FOLLOWER s9@group-6E994AD85659:t1, leader=s1, voted=null, raftlog=Memoized:s9@group-6E994AD85659-SegmentedRaftLog:OPENED:c243, conf=123: peers:[s3|rpc:0.0.0.0:36277|dataStream:|priority:0|startupRole:FOLLOWER, s4|rpc:0.0.0.0:39523|dataStream:|priority:0|startupRole:FOLLOWER, s5|rpc:0.0.0.0:38791|dataStream:|priority:0|startupRole:FOLLOWER, s6|rpc:0.0.0.0:34503|dataStream:|priority:0|startupRole:FOLLOWER, s7|rpc:0.0.0.0:44573|dataStream:|priority:0|startupRole:FOLLOWER, s8|rpc:0.0.0.0:45461|dataStream:|priority:0|startupRole:FOLLOWER, s9|rpc:0.0.0.0:42413|dataStream:|priority:0|startupRole:FOLLOWER, s11|rpc:0.0.0.0:37111|dataStream:|priority:0|startupRole:FOLLOWER, s10|rpc:0.0.0.0:37585|dataStream:|priority:0|startupRole:FOLLOWER, s13|rpc:0.0.0.0:39411|dataStream:|priority:0|startupRole:FOLLOWER, s12|rpc:0.0.0.0:36717|dataStream:|priority:0|startupRole:FOLLOWER, s14|rpc:0.0.0.0:36477|dataStream:|priority:0|startupRole:FOLLOWER, s0|rpc:0.0.0.0:43787|dataStream:|priority:0|startupRole:FOLLOWER, s1|rpc:0.0.0.0:45531|dataStream:|priority:0|startupRole:FOLLOWER, s2|rpc:0.0.0.0:39635|dataStream:|priority:0|startupRole:FOLLOWER]|listeners:[], old=null RUNNING
   FOLLOWER s9@group-38FE90E113AE:t0, leader=null, voted=, raftlog=Memoized:s9@group-38FE90E113AE-SegmentedRaftLog:OPENED:c-1, conf=-1: peers:[]|listeners:[], old=null STARTING] size=2
  s11:  RUNNING [
   FOLLOWER s11@group-6E994AD85659:t1, leader=s1, voted=null, raftlog=Memoized:s11@group-6E994AD85659-SegmentedRaftLog:OPENED:c243, conf=123: peers:[s3|rpc:0.0.0.0:36277|dataStream:|priority:0|startupRole:FOLLOWER, s4|rpc:0.0.0.0:39523|dataStream:|priority:0|startupRole:FOLLOWER, s5|rpc:0.0.0.0:38791|dataStream:|priority:0|startupRole:FOLLOWER, s6|rpc:0.0.0.0:34503|dataStream:|priority:0|startupRole:FOLLOWER, s7|rpc:0.0.0.0:44573|dataStream:|priority:0|startupRole:FOLLOWER, s8|rpc:0.0.0.0:45461|dataStream:|priority:0|startupRole:FOLLOWER, s9|rpc:0.0.0.0:42413|dataStream:|priority:0|startupRole:FOLLOWER, s11|rpc:0.0.0.0:37111|dataStream:|priority:0|startupRole:FOLLOWER, s10|rpc:0.0.0.0:37585|dataStream:|priority:0|startupRole:FOLLOWER, s13|rpc:0.0.0.0:39411|dataStream:|priority:0|startupRole:FOLLOWER, s12|rpc:0.0.0.0:36717|dataStream:|priority:0|startupRole:FOLLOWER, s14|rpc:0.0.0.0:36477|dataStream:|priority:0|startupRole:FOLLOWER, s0|rpc:0.0.0.0:43787|dataStream:|priority:0|startupRole:FOLLOWER, s1|rpc:0.0.0.0:45531|dataStream:|priority:0|startupRole:FOLLOWER, s2|rpc:0.0.0.0:39635|dataStream:|priority:0|startupRole:FOLLOWER]|listeners:[], old=null RUNNING
   FOLLOWER s11@group-38FE90E113AE:t0, leader=null, voted=, raftlog=Memoized:s11@group-38FE90E113AE-SegmentedRaftLog:OPENED:c-1, conf=-1: peers:[]|listeners:[], old=null STARTING] size=2
  s10:  RUNNING [
   FOLLOWER s10@group-6E994AD85659:t1, leader=s1, voted=s1, raftlog=Memoized:s10@group-6E994AD85659-SegmentedRaftLog:OPENED:c243, conf=123: peers:[s3|rpc:0.0.0.0:36277|dataStream:|priority:0|startupRole:FOLLOWER, s4|rpc:0.0.0.0:39523|dataStream:|priority:0|startupRole:FOLLOWER, s5|rpc:0.0.0.0:38791|dataStream:|priority:0|startupRole:FOLLOWER, s6|rpc:0.0.0.0:34503|dataStream:|priority:0|startupRole:FOLLOWER, s7|rpc:0.0.0.0:44573|dataStream:|priority:0|startupRole:FOLLOWER, s8|rpc:0.0.0.0:45461|dataStream:|priority:0|startupRole:FOLLOWER, s9|rpc:0.0.0.0:42413|dataStream:|priority:0|startupRole:FOLLOWER, s11|rpc:0.0.0.0:37111|dataStream:|priority:0|startupRole:FOLLOWER, s10|rpc:0.0.0.0:37585|dataStream:|priority:0|startupRole:FOLLOWER, s13|rpc:0.0.0.0:39411|dataStream:|priority:0|startupRole:FOLLOWER, s12|rpc:0.0.0.0:36717|dataStream:|priority:0|startupRole:FOLLOWER, s14|rpc:0.0.0.0:36477|dataStream:|priority:0|startupRole:FOLLOWER, s0|rpc:0.0.0.0:43787|dataStream:|priority:0|startupRole:FOLLOWER, s1|rpc:0.0.0.0:45531|dataStream:|priority:0|startupRole:FOLLOWER, s2|rpc:0.0.0.0:39635|dataStream:|priority:0|startupRole:FOLLOWER]|listeners:[], old=null RUNNING
   FOLLOWER s10@group-38FE90E113AE:t0, leader=null, voted=, raftlog=Memoized:s10@group-38FE90E113AE-SegmentedRaftLog:OPENED:c-1, conf=-1: peers:[]|listeners:[], old=null STARTING] size=2
  s13:  RUNNING [
   FOLLOWER s13@group-6E994AD85659:t1, leader=s1, voted=null, raftlog=Memoized:s13@group-6E994AD85659-SegmentedRaftLog:OPENED:c243, conf=123: peers:[s3|rpc:0.0.0.0:36277|dataStream:|priority:0|startupRole:FOLLOWER, s4|rpc:0.0.0.0:39523|dataStream:|priority:0|startupRole:FOLLOWER, s5|rpc:0.0.0.0:38791|dataStream:|priority:0|startupRole:FOLLOWER, s6|rpc:0.0.0.0:34503|dataStream:|priority:0|startupRole:FOLLOWER, s7|rpc:0.0.0.0:44573|dataStream:|priority:0|startupRole:FOLLOWER, s8|rpc:0.0.0.0:45461|dataStream:|priority:0|startupRole:FOLLOWER, s9|rpc:0.0.0.0:42413|dataStream:|priority:0|startupRole:FOLLOWER, s11|rpc:0.0.0.0:37111|dataStream:|priority:0|startupRole:FOLLOWER, s10|rpc:0.0.0.0:37585|dataStream:|priority:0|startupRole:FOLLOWER, s13|rpc:0.0.0.0:39411|dataStream:|priority:0|startupRole:FOLLOWER, s12|rpc:0.0.0.0:36717|dataStream:|priority:0|startupRole:FOLLOWER, s14|rpc:0.0.0.0:36477|dataStream:|priority:0|startupRole:FOLLOWER, s0|rpc:0.0.0.0:43787|dataStream:|priority:0|startupRole:FOLLOWER, s1|rpc:0.0.0.0:45531|dataStream:|priority:0|startupRole:FOLLOWER, s2|rpc:0.0.0.0:39635|dataStream:|priority:0|startupRole:FOLLOWER]|listeners:[], old=null RUNNING
   FOLLOWER s13@group-38FE90E113AE:t0, leader=null, voted=, raftlog=Memoized:s13@group-38FE90E113AE-SegmentedRaftLog:OPENED:c-1, conf=-1: peers:[]|listeners:[], old=null STARTING] size=2
  s12:  RUNNING [
   FOLLOWER s12@group-6E994AD85659:t1, leader=s1, voted=null, raftlog=Memoized:s12@group-6E994AD85659-SegmentedRaftLog:OPENED:c243, conf=123: peers:[s3|rpc:0.0.0.0:36277|dataStream:|priority:0|startupRole:FOLLOWER, s4|rpc:0.0.0.0:39523|dataStream:|priority:0|startupRole:FOLLOWER, s5|rpc:0.0.0.0:38791|dataStream:|priority:0|startupRole:FOLLOWER, s6|rpc:0.0.0.0:34503|dataStream:|priority:0|startupRole:FOLLOWER, s7|rpc:0.0.0.0:44573|dataStream:|priority:0|startupRole:FOLLOWER, s8|rpc:0.0.0.0:45461|dataStream:|priority:0|startupRole:FOLLOWER, s9|rpc:0.0.0.0:42413|dataStream:|priority:0|startupRole:FOLLOWER, s11|rpc:0.0.0.0:37111|dataStream:|priority:0|startupRole:FOLLOWER, s10|rpc:0.0.0.0:37585|dataStream:|priority:0|startupRole:FOLLOWER, s13|rpc:0.0.0.0:39411|dataStream:|priority:0|startupRole:FOLLOWER, s12|rpc:0.0.0.0:36717|dataStream:|priority:0|startupRole:FOLLOWER, s14|rpc:0.0.0.0:36477|dataStream:|priority:0|startupRole:FOLLOWER, s0|rpc:0.0.0.0:43787|dataStream:|priority:0|startupRole:FOLLOWER, s1|rpc:0.0.0.0:45531|dataStream:|priority:0|startupRole:FOLLOWER, s2|rpc:0.0.0.0:39635|dataStream:|priority:0|startupRole:FOLLOWER]|listeners:[], old=null RUNNING
   FOLLOWER s12@group-38FE90E113AE:t0, leader=null, voted=, raftlog=Memoized:s12@group-38FE90E113AE-SegmentedRaftLog:OPENED:c-1, conf=-1: peers:[]|listeners:[], old=null STARTING] size=2
  s14:  RUNNING [
   FOLLOWER s14@group-6E994AD85659:t1, leader=s1, voted=null, raftlog=Memoized:s14@group-6E994AD85659-SegmentedRaftLog:OPENED:c243, conf=123: peers:[s3|rpc:0.0.0.0:36277|dataStream:|priority:0|startupRole:FOLLOWER, s4|rpc:0.0.0.0:39523|dataStream:|priority:0|startupRole:FOLLOWER, s5|rpc:0.0.0.0:38791|dataStream:|priority:0|startupRole:FOLLOWER, s6|rpc:0.0.0.0:34503|dataStream:|priority:0|startupRole:FOLLOWER, s7|rpc:0.0.0.0:44573|dataStream:|priority:0|startupRole:FOLLOWER, s8|rpc:0.0.0.0:45461|dataStream:|priority:0|startupRole:FOLLOWER, s9|rpc:0.0.0.0:42413|dataStream:|priority:0|startupRole:FOLLOWER, s11|rpc:0.0.0.0:37111|dataStream:|priority:0|startupRole:FOLLOWER, s10|rpc:0.0.0.0:37585|dataStream:|priority:0|startupRole:FOLLOWER, s13|rpc:0.0.0.0:39411|dataStream:|priority:0|startupRole:FOLLOWER, s12|rpc:0.0.0.0:36717|dataStream:|priority:0|startupRole:FOLLOWER, s14|rpc:0.0.0.0:36477|dataStream:|priority:0|startupRole:FOLLOWER, s0|rpc:0.0.0.0:43787|dataStream:|priority:0|startupRole:FOLLOWER, s1|rpc:0.0.0.0:45531|dataStream:|priority:0|startupRole:FOLLOWER, s2|rpc:0.0.0.0:39635|dataStream:|priority:0|startupRole:FOLLOWER]|listeners:[], old=null RUNNING
   FOLLOWER s14@group-38FE90E113AE:t0, leader=null, voted=, raftlog=Memoized:s14@group-38FE90E113AE-SegmentedRaftLog:OPENED:c-1, conf=-1: peers:[]|listeners:[], old=null STARTING] size=2
  s0:  RUNNING [
   FOLLOWER s0@group-6E994AD85659:t1, leader=s1, voted=s1, raftlog=Memoized:s0@group-6E994AD85659-SegmentedRaftLog:OPENED:c244, conf=123: peers:[s3|rpc:0.0.0.0:36277|dataStream:|priority:0|startupRole:FOLLOWER, s4|rpc:0.0.0.0:39523|dataStream:|priority:0|startupRole:FOLLOWER, s5|rpc:0.0.0.0:38791|dataStream:|priority:0|startupRole:FOLLOWER, s6|rpc:0.0.0.0:34503|dataStream:|priority:0|startupRole:FOLLOWER, s7|rpc:0.0.0.0:44573|dataStream:|priority:0|startupRole:FOLLOWER, s8|rpc:0.0.0.0:45461|dataStream:|priority:0|startupRole:FOLLOWER, s9|rpc:0.0.0.0:42413|dataStream:|priority:0|startupRole:FOLLOWER, s11|rpc:0.0.0.0:37111|dataStream:|priority:0|startupRole:FOLLOWER, s10|rpc:0.0.0.0:37585|dataStream:|priority:0|startupRole:FOLLOWER, s13|rpc:0.0.0.0:39411|dataStream:|priority:0|startupRole:FOLLOWER, s12|rpc:0.0.0.0:36717|dataStream:|priority:0|startupRole:FOLLOWER, s14|rpc:0.0.0.0:36477|dataStream:|priority:0|startupRole:FOLLOWER, s0|rpc:0.0.0.0:43787|dataStream:|priority:0|startupRole:FOLLOWER, s1|rpc:0.0.0.0:45531|dataStream:|priority:0|startupRole:FOLLOWER, s2|rpc:0.0.0.0:39635|dataStream:|priority:0|startupRole:FOLLOWER]|listeners:[], old=null RUNNING
   FOLLOWER s0@group-38FE90E113AE:t0, leader=null, voted=, raftlog=Memoized:s0@group-38FE90E113AE-SegmentedRaftLog:OPENED:c-1, conf=-1: peers:[]|listeners:[], old=null STARTING] size=2
  s1:  RUNNING [
     LEADER s1@group-6E994AD85659:t1, leader=s1, voted=s1, raftlog=Memoized:s1@group-6E994AD85659-SegmentedRaftLog:OPENED:c244, conf=123: peers:[s3|rpc:0.0.0.0:36277|dataStream:|priority:0|startupRole:FOLLOWER, s4|rpc:0.0.0.0:39523|dataStream:|priority:0|startupRole:FOLLOWER, s5|rpc:0.0.0.0:38791|dataStream:|priority:0|startupRole:FOLLOWER, s6|rpc:0.0.0.0:34503|dataStream:|priority:0|startupRole:FOLLOWER, s7|rpc:0.0.0.0:44573|dataStream:|priority:0|startupRole:FOLLOWER, s8|rpc:0.0.0.0:45461|dataStream:|priority:0|startupRole:FOLLOWER, s9|rpc:0.0.0.0:42413|dataStream:|priority:0|startupRole:FOLLOWER, s11|rpc:0.0.0.0:37111|dataStream:|priority:0|startupRole:FOLLOWER, s10|rpc:0.0.0.0:37585|dataStream:|priority:0|startupRole:FOLLOWER, s13|rpc:0.0.0.0:39411|dataStream:|priority:0|startupRole:FOLLOWER, s12|rpc:0.0.0.0:36717|dataStream:|priority:0|startupRole:FOLLOWER, s14|rpc:0.0.0.0:36477|dataStream:|priority:0|startupRole:FOLLOWER, s0|rpc:0.0.0.0:43787|dataStream:|priority:0|startupRole:FOLLOWER, s1|rpc:0.0.0.0:45531|dataStream:|priority:0|startupRole:FOLLOWER, s2|rpc:0.0.0.0:39635|dataStream:|priority:0|startupRole:FOLLOWER]|listeners:[], old=null RUNNING
   FOLLOWER s1@group-38FE90E113AE:t0, leader=null, voted=, raftlog=Memoized:s1@group-38FE90E113AE-SegmentedRaftLog:OPENED:c-1, conf=-1: peers:[]|listeners:[], old=null STARTING] size=2
  s2:  RUNNING [
   FOLLOWER s2@group-6E994AD85659:t1, leader=s1, voted=null, raftlog=Memoized:s2@group-6E994AD85659-SegmentedRaftLog:OPENED:c243, conf=123: peers:[s3|rpc:0.0.0.0:36277|dataStream:|priority:0|startupRole:FOLLOWER, s4|rpc:0.0.0.0:39523|dataStream:|priority:0|startupRole:FOLLOWER, s5|rpc:0.0.0.0:38791|dataStream:|priority:0|startupRole:FOLLOWER, s6|rpc:0.0.0.0:34503|dataStream:|priority:0|startupRole:FOLLOWER, s7|rpc:0.0.0.0:44573|dataStream:|priority:0|startupRole:FOLLOWER, s8|rpc:0.0.0.0:45461|dataStream:|priority:0|startupRole:FOLLOWER, s9|rpc:0.0.0.0:42413|dataStream:|priority:0|startupRole:FOLLOWER, s11|rpc:0.0.0.0:37111|dataStream:|priority:0|startupRole:FOLLOWER, s10|rpc:0.0.0.0:37585|dataStream:|priority:0|startupRole:FOLLOWER, s13|rpc:0.0.0.0:39411|dataStream:|priority:0|startupRole:FOLLOWER, s12|rpc:0.0.0.0:36717|dataStream:|priority:0|startupRole:FOLLOWER, s14|rpc:0.0.0.0:36477|dataStream:|priority:0|startupRole:FOLLOWER, s0|rpc:0.0.0.0:43787|dataStream:|priority:0|startupRole:FOLLOWER, s1|rpc:0.0.0.0:45531|dataStream:|priority:0|startupRole:FOLLOWER, s2|rpc:0.0.0.0:39635|dataStream:|priority:0|startupRole:FOLLOWER]|listeners:[], old=null RUNNING
   FOLLOWER s2@group-38FE90E113AE:t0, leader=null, voted=, raftlog=Memoized:s2@group-38FE90E113AE-SegmentedRaftLog:OPENED:c-1, conf=-1: peers:[]|listeners:[], old=null STARTING] size=2
| MiniRaftClusterWithNetty[3, 6, 9, 12, 15]chosen=0 | update groups | 381 |
2023-03-17 00:26:27,465 INFO  impl.MiniRaftCluster (MiniRaftCluster.java:shutdown(831)) - ************************************************************** 
2023-03-17 00:26:27,465 INFO  impl.MiniRaftCluster (MiniRaftCluster.java:shutdown(832)) - *** 
2023-03-17 00:26:27,465 INFO  impl.MiniRaftCluster (MiniRaftCluster.java:shutdown(833)) - ***     Stopping MiniRaftClusterWithNetty
2023-03-17 00:26:27,465 INFO  impl.MiniRaftCluster (MiniRaftCluster.java:shutdown(834)) - *** 
2023-03-17 00:26:27,465 INFO  impl.MiniRaftCluster (MiniRaftCluster.java:shutdown(835)) - ************************************************************** 
2023-03-17 00:26:27,482 DEBUG server.RaftServer$Division (RaftServerImpl.java:logAppendEntries(1430)) - s6@group-6E994AD85659: succeeded to handle AppendEntries. Reply: s1<-s6#9100:OK-t1,SUCCESS,nextIndex=245,followerCommit=244,matchIndex=244
2023-03-17 00:26:27,482 INFO  impl.MiniRaftCluster (MiniRaftCluster.java:shutdown(836)) - printing ALL groups
  s3:  RUNNING [
   FOLLOWER s3@group-6E994AD85659:t1, leader=s1, voted=null, raftlog=Memoized:s3@group-6E994AD85659-SegmentedRaftLog:OPENED:c243, conf=123: peers:[s3|rpc:0.0.0.0:36277|dataStream:|priority:0|startupRole:FOLLOWER, s4|rpc:0.0.0.0:39523|dataStream:|priority:0|startupRole:FOLLOWER, s5|rpc:0.0.0.0:38791|dataStream:|priority:0|startupRole:FOLLOWER, s6|rpc:0.0.0.0:34503|dataStream:|priority:0|startupRole:FOLLOWER, s7|rpc:0.0.0.0:44573|dataStream:|priority:0|startupRole:FOLLOWER, s8|rpc:0.0.0.0:45461|dataStream:|priority:0|startupRole:FOLLOWER, s9|rpc:0.0.0.0:42413|dataStream:|priority:0|startupRole:FOLLOWER, s11|rpc:0.0.0.0:37111|dataStream:|priority:0|startupRole:FOLLOWER, s10|rpc:0.0.0.0:37585|dataStream:|priority:0|startupRole:FOLLOWER, s13|rpc:0.0.0.0:39411|dataStream:|priority:0|startupRole:FOLLOWER, s12|rpc:0.0.0.0:36717|dataStream:|priority:0|startupRole:FOLLOWER, s14|rpc:0.0.0.0:36477|dataStream:|priority:0|startupRole:FOLLOWER, s0|rpc:0.0.0.0:43787|dataStream:|priority:0|startupRole:FOLLOWER, s1|rpc:0.0.0.0:45531|dataStream:|priority:0|startupRole:FOLLOWER, s2|rpc:0.0.0.0:39635|dataStream:|priority:0|startupRole:FOLLOWER]|listeners:[], old=null RUNNING
   FOLLOWER s3@group-38FE90E113AE:t0, leader=null, voted=, raftlog=Memoized:s3@group-38FE90E113AE-SegmentedRaftLog:OPENED:c-1, conf=-1: peers:[]|listeners:[], old=null STARTING] size=2
  s4:  RUNNING [
   FOLLOWER s4@group-6E994AD85659:t1, leader=s1, voted=null, raftlog=Memoized:s4@group-6E994AD85659-SegmentedRaftLog:OPENED:c243, conf=123: peers:[s3|rpc:0.0.0.0:36277|dataStream:|priority:0|startupRole:FOLLOWER, s4|rpc:0.0.0.0:39523|dataStream:|priority:0|startupRole:FOLLOWER, s5|rpc:0.0.0.0:38791|dataStream:|priority:0|startupRole:FOLLOWER, s6|rpc:0.0.0.0:34503|dataStream:|priority:0|startupRole:FOLLOWER, s7|rpc:0.0.0.0:44573|dataStream:|priority:0|startupRole:FOLLOWER, s8|rpc:0.0.0.0:45461|dataStream:|priority:0|startupRole:FOLLOWER, s9|rpc:0.0.0.0:42413|dataStream:|priority:0|startupRole:FOLLOWER, s11|rpc:0.0.0.0:37111|dataStream:|priority:0|startupRole:FOLLOWER, s10|rpc:0.0.0.0:37585|dataStream:|priority:0|startupRole:FOLLOWER, s13|rpc:0.0.0.0:39411|dataStream:|priority:0|startupRole:FOLLOWER, s12|rpc:0.0.0.0:36717|dataStream:|priority:0|startupRole:FOLLOWER, s14|rpc:0.0.0.0:36477|dataStream:|priority:0|startupRole:FOLLOWER, s0|rpc:0.0.0.0:43787|dataStream:|priority:0|startupRole:FOLLOWER, s1|rpc:0.0.0.0:45531|dataStream:|priority:0|startupRole:FOLLOWER, s2|rpc:0.0.0.0:39635|dataStream:|priority:0|startupRole:FOLLOWER]|listeners:[], old=null RUNNING
   FOLLOWER s4@group-38FE90E113AE:t0, leader=null, voted=, raftlog=Memoized:s4@group-38FE90E113AE-SegmentedRaftLog:OPENED:c-1, conf=-1: peers:[]|listeners:[], old=null STARTING] size=2
  s5:  RUNNING [
   FOLLOWER s5@group-6E994AD85659:t1, leader=s1, voted=null, raftlog=Memoized:s5@group-6E994AD85659-SegmentedRaftLog:OPENED:c243, conf=123: peers:[s3|rpc:0.0.0.0:36277|dataStream:|priority:0|startupRole:FOLLOWER, s4|rpc:0.0.0.0:39523|dataStream:|priority:0|startupRole:FOLLOWER, s5|rpc:0.0.0.0:38791|dataStream:|priority:0|startupRole:FOLLOWER, s6|rpc:0.0.0.0:34503|dataStream:|priority:0|startupRole:FOLLOWER, s7|rpc:0.0.0.0:44573|dataStream:|priority:0|startupRole:FOLLOWER, s8|rpc:0.0.0.0:45461|dataStream:|priority:0|startupRole:FOLLOWER, s9|rpc:0.0.0.0:42413|dataStream:|priority:0|startupRole:FOLLOWER, s11|rpc:0.0.0.0:37111|dataStream:|priority:0|startupRole:FOLLOWER, s10|rpc:0.0.0.0:37585|dataStream:|priority:0|startupRole:FOLLOWER, s13|rpc:0.0.0.0:39411|dataStream:|priority:0|startupRole:FOLLOWER, s12|rpc:0.0.0.0:36717|dataStream:|priority:0|startupRole:FOLLOWER, s14|rpc:0.0.0.0:36477|dataStream:|priority:0|startupRole:FOLLOWER, s0|rpc:0.0.0.0:43787|dataStream:|priority:0|startupRole:FOLLOWER, s1|rpc:0.0.0.0:45531|dataStream:|priority:0|startupRole:FOLLOWER, s2|rpc:0.0.0.0:39635|dataStream:|priority:0|startupRole:FOLLOWER]|listeners:[], old=null RUNNING
   FOLLOWER s5@group-38FE90E113AE:t0, leader=null, voted=, raftlog=Memoized:s5@group-38FE90E113AE-SegmentedRaftLog:OPENED:c-1, conf=-1: peers:[]|listeners:[], old=null STARTING] size=2
  s6:  RUNNING [
   FOLLOWER s6@group-6E994AD85659:t1, leader=s1, voted=null, raftlog=Memoized:s6@group-6E994AD85659-SegmentedRaftLog:OPENED:c244, conf=123: peers:[s3|rpc:0.0.0.0:36277|dataStream:|priority:0|startupRole:FOLLOWER, s4|rpc:0.0.0.0:39523|dataStream:|priority:0|startupRole:FOLLOWER, s5|rpc:0.0.0.0:38791|dataStream:|priority:0|startupRole:FOLLOWER, s6|rpc:0.0.0.0:34503|dataStream:|priority:0|startupRole:FOLLOWER, s7|rpc:0.0.0.0:44573|dataStream:|priority:0|startupRole:FOLLOWER, s8|rpc:0.0.0.0:45461|dataStream:|priority:0|startupRole:FOLLOWER, s9|rpc:0.0.0.0:42413|dataStream:|priority:0|startupRole:FOLLOWER, s11|rpc:0.0.0.0:37111|dataStream:|priority:0|startupRole:FOLLOWER, s10|rpc:0.0.0.0:37585|dataStream:|priority:0|startupRole:FOLLOWER, s13|rpc:0.0.0.0:39411|dataStream:|priority:0|startupRole:FOLLOWER, s12|rpc:0.0.0.0:36717|dataStream:|priority:0|startupRole:FOLLOWER, s14|rpc:0.0.0.0:36477|dataStream:|priority:0|startupRole:FOLLOWER, s0|rpc:0.0.0.0:43787|dataStream:|priority:0|startupRole:FOLLOWER, s1|rpc:0.0.0.0:45531|dataStream:|priority:0|startupRole:FOLLOWER, s2|rpc:0.0.0.0:39635|dataStream:|priority:0|startupRole:FOLLOWER]|listeners:[], old=null RUNNING
   FOLLOWER s6@group-38FE90E113AE:t0, leader=null, voted=, raftlog=Memoized:s6@group-38FE90E113AE-SegmentedRaftLog:OPENED:c-1, conf=-1: peers:[]|listeners:[], old=null STARTING] size=2
  s7:  RUNNING [
   FOLLOWER s7@group-6E994AD85659:t1, leader=s1, voted=null, raftlog=Memoized:s7@group-6E994AD85659-SegmentedRaftLog:OPENED:c243, conf=123: peers:[s3|rpc:0.0.0.0:36277|dataStream:|priority:0|startupRole:FOLLOWER, s4|rpc:0.0.0.0:39523|dataStream:|priority:0|startupRole:FOLLOWER, s5|rpc:0.0.0.0:38791|dataStream:|priority:0|startupRole:FOLLOWER, s6|rpc:0.0.0.0:34503|dataStream:|priority:0|startupRole:FOLLOWER, s7|rpc:0.0.0.0:44573|dataStream:|priority:0|startupRole:FOLLOWER, s8|rpc:0.0.0.0:45461|dataStream:|priority:0|startupRole:FOLLOWER, s9|rpc:0.0.0.0:42413|dataStream:|priority:0|startupRole:FOLLOWER, s11|rpc:0.0.0.0:37111|dataStream:|priority:0|startupRole:FOLLOWER, s10|rpc:0.0.0.0:37585|dataStream:|priority:0|startupRole:FOLLOWER, s13|rpc:0.0.0.0:39411|dataStream:|priority:0|startupRole:FOLLOWER, s12|rpc:0.0.0.0:36717|dataStream:|priority:0|startupRole:FOLLOWER, s14|rpc:0.0.0.0:36477|dataStream:|priority:0|startupRole:FOLLOWER, s0|rpc:0.0.0.0:43787|dataStream:|priority:0|startupRole:FOLLOWER, s1|rpc:0.0.0.0:45531|dataStream:|priority:0|startupRole:FOLLOWER, s2|rpc:0.0.0.0:39635|dataStream:|priority:0|startupRole:FOLLOWER]|listeners:[], old=null RUNNING
   FOLLOWER s7@group-38FE90E113AE:t0, leader=null, voted=, raftlog=Memoized:s7@group-38FE90E113AE-SegmentedRaftLog:OPENED:c-1, conf=-1: peers:[]|listeners:[], old=null STARTING] size=2
  s8:  RUNNING [
   FOLLOWER s8@group-6E994AD85659:t1, leader=s1, voted=null, raftlog=Memoized:s8@group-6E994AD85659-SegmentedRaftLog:OPENED:c243, conf=123: peers:[s3|rpc:0.0.0.0:36277|dataStream:|priority:0|startupRole:FOLLOWER, s4|rpc:0.0.0.0:39523|dataStream:|priority:0|startupRole:FOLLOWER, s5|rpc:0.0.0.0:38791|dataStream:|priority:0|startupRole:FOLLOWER, s6|rpc:0.0.0.0:34503|dataStream:|priority:0|startupRole:FOLLOWER, s7|rpc:0.0.0.0:44573|dataStream:|priority:0|startupRole:FOLLOWER, s8|rpc:0.0.0.0:45461|dataStream:|priority:0|startupRole:FOLLOWER, s9|rpc:0.0.0.0:42413|dataStream:|priority:0|startupRole:FOLLOWER, s11|rpc:0.0.0.0:37111|dataStream:|priority:0|startupRole:FOLLOWER, s10|rpc:0.0.0.0:37585|dataStream:|priority:0|startupRole:FOLLOWER, s13|rpc:0.0.0.0:39411|dataStream:|priority:0|startupRole:FOLLOWER, s12|rpc:0.0.0.0:36717|dataStream:|priority:0|startupRole:FOLLOWER, s14|rpc:0.0.0.0:36477|dataStream:|priority:0|startupRole:FOLLOWER, s0|rpc:0.0.0.0:43787|dataStream:|priority:0|startupRole:FOLLOWER, s1|rpc:0.0.0.0:45531|dataStream:|priority:0|startupRole:FOLLOWER, s2|rpc:0.0.0.0:39635|dataStream:|priority:0|startupRole:FOLLOWER]|listeners:[], old=null RUNNING
   FOLLOWER s8@group-38FE90E113AE:t0, leader=null, voted=, raftlog=Memoized:s8@group-38FE90E113AE-SegmentedRaftLog:OPENED:c-1, conf=-1: peers:[]|listeners:[], old=null STARTING] size=2
  s9:  RUNNING [
   FOLLOWER s9@group-6E994AD85659:t1, leader=s1, voted=null, raftlog=Memoized:s9@group-6E994AD85659-SegmentedRaftLog:OPENED:c243, conf=123: peers:[s3|rpc:0.0.0.0:36277|dataStream:|priority:0|startupRole:FOLLOWER, s4|rpc:0.0.0.0:39523|dataStream:|priority:0|startupRole:FOLLOWER, s5|rpc:0.0.0.0:38791|dataStream:|priority:0|startupRole:FOLLOWER, s6|rpc:0.0.0.0:34503|dataStream:|priority:0|startupRole:FOLLOWER, s7|rpc:0.0.0.0:44573|dataStream:|priority:0|startupRole:FOLLOWER, s8|rpc:0.0.0.0:45461|dataStream:|priority:0|startupRole:FOLLOWER, s9|rpc:0.0.0.0:42413|dataStream:|priority:0|startupRole:FOLLOWER, s11|rpc:0.0.0.0:37111|dataStream:|priority:0|startupRole:FOLLOWER, s10|rpc:0.0.0.0:37585|dataStream:|priority:0|startupRole:FOLLOWER, s13|rpc:0.0.0.0:39411|dataStream:|priority:0|startupRole:FOLLOWER, s12|rpc:0.0.0.0:36717|dataStream:|priority:0|startupRole:FOLLOWER, s14|rpc:0.0.0.0:36477|dataStream:|priority:0|startupRole:FOLLOWER, s0|rpc:0.0.0.0:43787|dataStream:|priority:0|startupRole:FOLLOWER, s1|rpc:0.0.0.0:45531|dataStream:|priority:0|startupRole:FOLLOWER, s2|rpc:0.0.0.0:39635|dataStream:|priority:0|startupRole:FOLLOWER]|listeners:[], old=null RUNNING
   FOLLOWER s9@group-38FE90E113AE:t0, leader=null, voted=, raftlog=Memoized:s9@group-38FE90E113AE-SegmentedRaftLog:OPENED:c-1, conf=-1: peers:[]|listeners:[], old=null STARTING] size=2
  s11:  RUNNING [
   FOLLOWER s11@group-6E994AD85659:t1, leader=s1, voted=null, raftlog=Memoized:s11@group-6E994AD85659-SegmentedRaftLog:OPENED:c243, conf=123: peers:[s3|rpc:0.0.0.0:36277|dataStream:|priority:0|startupRole:FOLLOWER, s4|rpc:0.0.0.0:39523|dataStream:|priority:0|startupRole:FOLLOWER, s5|rpc:0.0.0.0:38791|dataStream:|priority:0|startupRole:FOLLOWER, s6|rpc:0.0.0.0:34503|dataStream:|priority:0|startupRole:FOLLOWER, s7|rpc:0.0.0.0:44573|dataStream:|priority:0|startupRole:FOLLOWER, s8|rpc:0.0.0.0:45461|dataStream:|priority:0|startupRole:FOLLOWER, s9|rpc:0.0.0.0:42413|dataStream:|priority:0|startupRole:FOLLOWER, s11|rpc:0.0.0.0:37111|dataStream:|priority:0|startupRole:FOLLOWER, s10|rpc:0.0.0.0:37585|dataStream:|priority:0|startupRole:FOLLOWER, s13|rpc:0.0.0.0:39411|dataStream:|priority:0|startupRole:FOLLOWER, s12|rpc:0.0.0.0:36717|dataStream:|priority:0|startupRole:FOLLOWER, s14|rpc:0.0.0.0:36477|dataStream:|priority:0|startupRole:FOLLOWER, s0|rpc:0.0.0.0:43787|dataStream:|priority:0|startupRole:FOLLOWER, s1|rpc:0.0.0.0:45531|dataStream:|priority:0|startupRole:FOLLOWER, s2|rpc:0.0.0.0:39635|dataStream:|priority:0|startupRole:FOLLOWER]|listeners:[], old=null RUNNING
   FOLLOWER s11@group-38FE90E113AE:t0, leader=null, voted=, raftlog=Memoized:s11@group-38FE90E113AE-SegmentedRaftLog:OPENED:c-1, conf=-1: peers:[]|listeners:[], old=null STARTING] size=2
  s10:  RUNNING [
   FOLLOWER s10@group-6E994AD85659:t1, leader=s1, voted=s1, raftlog=Memoized:s10@group-6E994AD85659-SegmentedRaftLog:OPENED:c243, conf=123: peers:[s3|rpc:0.0.0.0:36277|dataStream:|priority:0|startupRole:FOLLOWER, s4|rpc:0.0.0.0:39523|dataStream:|priority:0|startupRole:FOLLOWER, s5|rpc:0.0.0.0:38791|dataStream:|priority:0|startupRole:FOLLOWER, s6|rpc:0.0.0.0:34503|dataStream:|priority:0|startupRole:FOLLOWER, s7|rpc:0.0.0.0:44573|dataStream:|priority:0|startupRole:FOLLOWER, s8|rpc:0.0.0.0:45461|dataStream:|priority:0|startupRole:FOLLOWER, s9|rpc:0.0.0.0:42413|dataStream:|priority:0|startupRole:FOLLOWER, s11|rpc:0.0.0.0:37111|dataStream:|priority:0|startupRole:FOLLOWER, s10|rpc:0.0.0.0:37585|dataStream:|priority:0|startupRole:FOLLOWER, s13|rpc:0.0.0.0:39411|dataStream:|priority:0|startupRole:FOLLOWER, s12|rpc:0.0.0.0:36717|dataStream:|priority:0|startupRole:FOLLOWER, s14|rpc:0.0.0.0:36477|dataStream:|priority:0|startupRole:FOLLOWER, s0|rpc:0.0.0.0:43787|dataStream:|priority:0|startupRole:FOLLOWER, s1|rpc:0.0.0.0:45531|dataStream:|priority:0|startupRole:FOLLOWER, s2|rpc:0.0.0.0:39635|dataStream:|priority:0|startupRole:FOLLOWER]|listeners:[], old=null RUNNING
   FOLLOWER s10@group-38FE90E113AE:t0, leader=null, voted=, raftlog=Memoized:s10@group-38FE90E113AE-SegmentedRaftLog:OPENED:c-1, conf=-1: peers:[]|listeners:[], old=null STARTING] size=2
  s13:  RUNNING [
   FOLLOWER s13@group-6E994AD85659:t1, leader=s1, voted=null, raftlog=Memoized:s13@group-6E994AD85659-SegmentedRaftLog:OPENED:c243, conf=123: peers:[s3|rpc:0.0.0.0:36277|dataStream:|priority:0|startupRole:FOLLOWER, s4|rpc:0.0.0.0:39523|dataStream:|priority:0|startupRole:FOLLOWER, s5|rpc:0.0.0.0:38791|dataStream:|priority:0|startupRole:FOLLOWER, s6|rpc:0.0.0.0:34503|dataStream:|priority:0|startupRole:FOLLOWER, s7|rpc:0.0.0.0:44573|dataStream:|priority:0|startupRole:FOLLOWER, s8|rpc:0.0.0.0:45461|dataStream:|priority:0|startupRole:FOLLOWER, s9|rpc:0.0.0.0:42413|dataStream:|priority:0|startupRole:FOLLOWER, s11|rpc:0.0.0.0:37111|dataStream:|priority:0|startupRole:FOLLOWER, s10|rpc:0.0.0.0:37585|dataStream:|priority:0|startupRole:FOLLOWER, s13|rpc:0.0.0.0:39411|dataStream:|priority:0|startupRole:FOLLOWER, s12|rpc:0.0.0.0:36717|dataStream:|priority:0|startupRole:FOLLOWER, s14|rpc:0.0.0.0:36477|dataStream:|priority:0|startupRole:FOLLOWER, s0|rpc:0.0.0.0:43787|dataStream:|priority:0|startupRole:FOLLOWER, s1|rpc:0.0.0.0:45531|dataStream:|priority:0|startupRole:FOLLOWER, s2|rpc:0.0.0.0:39635|dataStream:|priority:0|startupRole:FOLLOWER]|listeners:[], old=null RUNNING
   FOLLOWER s13@group-38FE90E113AE:t0, leader=null, voted=, raftlog=Memoized:s13@group-38FE90E113AE-SegmentedRaftLog:OPENED:c-1, conf=-1: peers:[]|listeners:[], old=null STARTING] size=2
  s12:  RUNNING [
   FOLLOWER s12@group-6E994AD85659:t1, leader=s1, voted=null, raftlog=Memoized:s12@group-6E994AD85659-SegmentedRaftLog:OPENED:c243, conf=123: peers:[s3|rpc:0.0.0.0:36277|dataStream:|priority:0|startupRole:FOLLOWER, s4|rpc:0.0.0.0:39523|dataStream:|priority:0|startupRole:FOLLOWER, s5|rpc:0.0.0.0:38791|dataStream:|priority:0|startupRole:FOLLOWER, s6|rpc:0.0.0.0:34503|dataStream:|priority:0|startupRole:FOLLOWER, s7|rpc:0.0.0.0:44573|dataStream:|priority:0|startupRole:FOLLOWER, s8|rpc:0.0.0.0:45461|dataStream:|priority:0|startupRole:FOLLOWER, s9|rpc:0.0.0.0:42413|dataStream:|priority:0|startupRole:FOLLOWER, s11|rpc:0.0.0.0:37111|dataStream:|priority:0|startupRole:FOLLOWER, s10|rpc:0.0.0.0:37585|dataStream:|priority:0|startupRole:FOLLOWER, s13|rpc:0.0.0.0:39411|dataStream:|priority:0|startupRole:FOLLOWER, s12|rpc:0.0.0.0:36717|dataStream:|priority:0|startupRole:FOLLOWER, s14|rpc:0.0.0.0:36477|dataStream:|priority:0|startupRole:FOLLOWER, s0|rpc:0.0.0.0:43787|dataStream:|priority:0|startupRole:FOLLOWER, s1|rpc:0.0.0.0:45531|dataStream:|priority:0|startupRole:FOLLOWER, s2|rpc:0.0.0.0:39635|dataStream:|priority:0|startupRole:FOLLOWER]|listeners:[], old=null RUNNING
   FOLLOWER s12@group-38FE90E113AE:t0, leader=null, voted=, raftlog=Memoized:s12@group-38FE90E113AE-SegmentedRaftLog:OPENED:c-1, conf=-1: peers:[]|listeners:[], old=null STARTING] size=2
  s14:  RUNNING [
   FOLLOWER s14@group-6E994AD85659:t1, leader=s1, voted=null, raftlog=Memoized:s14@group-6E994AD85659-SegmentedRaftLog:OPENED:c243, conf=123: peers:[s3|rpc:0.0.0.0:36277|dataStream:|priority:0|startupRole:FOLLOWER, s4|rpc:0.0.0.0:39523|dataStream:|priority:0|startupRole:FOLLOWER, s5|rpc:0.0.0.0:38791|dataStream:|priority:0|startupRole:FOLLOWER, s6|rpc:0.0.0.0:34503|dataStream:|priority:0|startupRole:FOLLOWER, s7|rpc:0.0.0.0:44573|dataStream:|priority:0|startupRole:FOLLOWER, s8|rpc:0.0.0.0:45461|dataStream:|priority:0|startupRole:FOLLOWER, s9|rpc:0.0.0.0:42413|dataStream:|priority:0|startupRole:FOLLOWER, s11|rpc:0.0.0.0:37111|dataStream:|priority:0|startupRole:FOLLOWER, s10|rpc:0.0.0.0:37585|dataStream:|priority:0|startupRole:FOLLOWER, s13|rpc:0.0.0.0:39411|dataStream:|priority:0|startupRole:FOLLOWER, s12|rpc:0.0.0.0:36717|dataStream:|priority:0|startupRole:FOLLOWER, s14|rpc:0.0.0.0:36477|dataStream:|priority:0|startupRole:FOLLOWER, s0|rpc:0.0.0.0:43787|dataStream:|priority:0|startupRole:FOLLOWER, s1|rpc:0.0.0.0:45531|dataStream:|priority:0|startupRole:FOLLOWER, s2|rpc:0.0.0.0:39635|dataStream:|priority:0|startupRole:FOLLOWER]|listeners:[], old=null RUNNING
   FOLLOWER s14@group-38FE90E113AE:t0, leader=null, voted=, raftlog=Memoized:s14@group-38FE90E113AE-SegmentedRaftLog:OPENED:c-1, conf=-1: peers:[]|listeners:[], old=null STARTING] size=2
  s0:  RUNNING [
   FOLLOWER s0@group-6E994AD85659:t1, leader=s1, voted=s1, raftlog=Memoized:s0@group-6E994AD85659-SegmentedRaftLog:OPENED:c244, conf=123: peers:[s3|rpc:0.0.0.0:36277|dataStream:|priority:0|startupRole:FOLLOWER, s4|rpc:0.0.0.0:39523|dataStream:|priority:0|startupRole:FOLLOWER, s5|rpc:0.0.0.0:38791|dataStream:|priority:0|startupRole:FOLLOWER, s6|rpc:0.0.0.0:34503|dataStream:|priority:0|startupRole:FOLLOWER, s7|rpc:0.0.0.0:44573|dataStream:|priority:0|startupRole:FOLLOWER, s8|rpc:0.0.0.0:45461|dataStream:|priority:0|startupRole:FOLLOWER, s9|rpc:0.0.0.0:42413|dataStream:|priority:0|startupRole:FOLLOWER, s11|rpc:0.0.0.0:37111|dataStream:|priority:0|startupRole:FOLLOWER, s10|rpc:0.0.0.0:37585|dataStream:|priority:0|startupRole:FOLLOWER, s13|rpc:0.0.0.0:39411|dataStream:|priority:0|startupRole:FOLLOWER, s12|rpc:0.0.0.0:36717|dataStream:|priority:0|startupRole:FOLLOWER, s14|rpc:0.0.0.0:36477|dataStream:|priority:0|startupRole:FOLLOWER, s0|rpc:0.0.0.0:43787|dataStream:|priority:0|startupRole:FOLLOWER, s1|rpc:0.0.0.0:45531|dataStream:|priority:0|startupRole:FOLLOWER, s2|rpc:0.0.0.0:39635|dataStream:|priority:0|startupRole:FOLLOWER]|listeners:[], old=null RUNNING
   FOLLOWER s0@group-38FE90E113AE:t0, leader=null, voted=, raftlog=Memoized:s0@group-38FE90E113AE-SegmentedRaftLog:OPENED:c-1, conf=-1: peers:[]|listeners:[], old=null STARTING] size=2
  s1:  RUNNING [
     LEADER s1@group-6E994AD85659:t1, leader=s1, voted=s1, raftlog=Memoized:s1@group-6E994AD85659-SegmentedRaftLog:OPENED:c244, conf=123: peers:[s3|rpc:0.0.0.0:36277|dataStream:|priority:0|startupRole:FOLLOWER, s4|rpc:0.0.0.0:39523|dataStream:|priority:0|startupRole:FOLLOWER, s5|rpc:0.0.0.0:38791|dataStream:|priority:0|startupRole:FOLLOWER, s6|rpc:0.0.0.0:34503|dataStream:|priority:0|startupRole:FOLLOWER, s7|rpc:0.0.0.0:44573|dataStream:|priority:0|startupRole:FOLLOWER, s8|rpc:0.0.0.0:45461|dataStream:|priority:0|startupRole:FOLLOWER, s9|rpc:0.0.0.0:42413|dataStream:|priority:0|startupRole:FOLLOWER, s11|rpc:0.0.0.0:37111|dataStream:|priority:0|startupRole:FOLLOWER, s10|rpc:0.0.0.0:37585|dataStream:|priority:0|startupRole:FOLLOWER, s13|rpc:0.0.0.0:39411|dataStream:|priority:0|startupRole:FOLLOWER, s12|rpc:0.0.0.0:36717|dataStream:|priority:0|startupRole:FOLLOWER, s14|rpc:0.0.0.0:36477|dataStream:|priority:0|startupRole:FOLLOWER, s0|rpc:0.0.0.0:43787|dataStream:|priority:0|startupRole:FOLLOWER, s1|rpc:0.0.0.0:45531|dataStream:|priority:0|startupRole:FOLLOWER, s2|rpc:0.0.0.0:39635|dataStream:|priority:0|startupRole:FOLLOWER]|listeners:[], old=null RUNNING
   FOLLOWER s1@group-38FE90E113AE:t0, leader=null, voted=, raftlog=Memoized:s1@group-38FE90E113AE-SegmentedRaftLog:OPENED:c-1, conf=-1: peers:[]|listeners:[], old=null STARTING] size=2
  s2:  RUNNING [
   FOLLOWER s2@group-6E994AD85659:t1, leader=s1, voted=null, raftlog=Memoized:s2@group-6E994AD85659-SegmentedRaftLog:OPENED:c243, conf=123: peers:[s3|rpc:0.0.0.0:36277|dataStream:|priority:0|startupRole:FOLLOWER, s4|rpc:0.0.0.0:39523|dataStream:|priority:0|startupRole:FOLLOWER, s5|rpc:0.0.0.0:38791|dataStream:|priority:0|startupRole:FOLLOWER, s6|rpc:0.0.0.0:34503|dataStream:|priority:0|startupRole:FOLLOWER, s7|rpc:0.0.0.0:44573|dataStream:|priority:0|startupRole:FOLLOWER, s8|rpc:0.0.0.0:45461|dataStream:|priority:0|startupRole:FOLLOWER, s9|rpc:0.0.0.0:42413|dataStream:|priority:0|startupRole:FOLLOWER, s11|rpc:0.0.0.0:37111|dataStream:|priority:0|startupRole:FOLLOWER, s10|rpc:0.0.0.0:37585|dataStream:|priority:0|startupRole:FOLLOWER, s13|rpc:0.0.0.0:39411|dataStream:|priority:0|startupRole:FOLLOWER, s12|rpc:0.0.0.0:36717|dataStream:|priority:0|startupRole:FOLLOWER, s14|rpc:0.0.0.0:36477|dataStream:|priority:0|startupRole:FOLLOWER, s0|rpc:0.0.0.0:43787|dataStream:|priority:0|startupRole:FOLLOWER, s1|rpc:0.0.0.0:45531|dataStream:|priority:0|startupRole:FOLLOWER, s2|rpc:0.0.0.0:39635|dataStream:|priority:0|startupRole:FOLLOWER]|listeners:[], old=null RUNNING
   FOLLOWER s2@group-38FE90E113AE:t0, leader=null, voted=, raftlog=Memoized:s2@group-38FE90E113AE-SegmentedRaftLog:OPENED:c-1, conf=-1: peers:[]|listeners:[], old=null STARTING] size=2
2023-03-17 00:26:27,486 INFO  server.RaftServer (RaftServerProxy.java:lambda$close$7(417)) - s3: close
2023-03-17 00:26:27,486 INFO  server.RaftServer$Division (RaftServerImpl.java:lambda$close$4(466)) - s3@group-6E994AD85659: shutdown
2023-03-17 00:26:27,487 INFO  util.JmxRegister (JmxRegister.java:unregister(73)) - Successfully un-registered JMX Bean with object name Ratis:service=RaftServer,group=group-6E994AD85659,id=s3
2023-03-17 00:26:27,487 INFO  impl.RoleInfo (RoleInfo.java:shutdownFollowerState(110)) - s3: shutdown s3@group-6E994AD85659-FollowerState
2023-03-17 00:26:27,487 INFO  impl.StateMachineUpdater (StateMachineUpdater.java:stopAndJoin(154)) - s3@group-6E994AD85659-StateMachineUpdater: set stopIndex = 243
2023-03-17 00:26:27,487 INFO  impl.FollowerState (FollowerState.java:run(152)) - s3@group-6E994AD85659-FollowerState was interrupted
2023-03-17 00:26:27,487 INFO  server.RaftServer$Division (ServerState.java:close(414)) - s3@group-6E994AD85659: applyIndex: -1
2023-03-17 00:26:27,493 INFO  server.RaftServer (RaftServerProxy.java:lambda$close$7(417)) - s4: close
2023-03-17 00:26:27,493 INFO  server.RaftServer$Division (RaftServerImpl.java:lambda$close$4(466)) - s4@group-6E994AD85659: shutdown
2023-03-17 00:26:27,494 INFO  util.JmxRegister (JmxRegister.java:unregister(73)) - Successfully un-registered JMX Bean with object name Ratis:service=RaftServer,group=group-6E994AD85659,id=s4
2023-03-17 00:26:27,494 INFO  impl.RoleInfo (RoleInfo.java:shutdownFollowerState(110)) - s4: shutdown s4@group-6E994AD85659-FollowerState
2023-03-17 00:26:27,494 INFO  impl.StateMachineUpdater (StateMachineUpdater.java:stopAndJoin(154)) - s4@group-6E994AD85659-StateMachineUpdater: set stopIndex = 243
2023-03-17 00:26:27,493 INFO  server.RaftServer (RaftServerProxy.java:lambda$close$7(417)) - s5: close
2023-03-17 00:26:27,494 INFO  server.RaftServer$Division (RaftServerImpl.java:lambda$close$4(466)) - s5@group-6E994AD85659: shutdown
2023-03-17 00:26:27,494 INFO  util.JmxRegister (JmxRegister.java:unregister(73)) - Successfully un-registered JMX Bean with object name Ratis:service=RaftServer,group=group-6E994AD85659,id=s5
2023-03-17 00:26:27,494 INFO  impl.RoleInfo (RoleInfo.java:shutdownFollowerState(110)) - s5: shutdown s5@group-6E994AD85659-FollowerState
2023-03-17 00:26:27,494 INFO  impl.StateMachineUpdater (StateMachineUpdater.java:stopAndJoin(154)) - s5@group-6E994AD85659-StateMachineUpdater: set stopIndex = 243
2023-03-17 00:26:27,493 INFO  server.RaftServer (RaftServerProxy.java:lambda$close$7(417)) - s7: close
2023-03-17 00:26:27,493 INFO  server.RaftServer (RaftServerProxy.java:lambda$close$7(417)) - s6: close
2023-03-17 00:26:27,495 INFO  server.RaftServer$Division (RaftServerImpl.java:lambda$close$4(466)) - s7@group-6E994AD85659: shutdown
2023-03-17 00:26:27,495 INFO  server.RaftServer$Division (ServerState.java:close(414)) - s4@group-6E994AD85659: applyIndex: -1
2023-03-17 00:26:27,495 INFO  impl.FollowerState (FollowerState.java:run(152)) - s5@group-6E994AD85659-FollowerState was interrupted
2023-03-17 00:26:27,495 INFO  impl.FollowerState (FollowerState.java:run(152)) - s4@group-6E994AD85659-FollowerState was interrupted
2023-03-17 00:26:27,495 INFO  util.JmxRegister (JmxRegister.java:unregister(73)) - Successfully un-registered JMX Bean with object name Ratis:service=RaftServer,group=group-6E994AD85659,id=s7
2023-03-17 00:26:27,495 INFO  impl.RoleInfo (RoleInfo.java:shutdownFollowerState(110)) - s7: shutdown s7@group-6E994AD85659-FollowerState
2023-03-17 00:26:27,495 INFO  impl.StateMachineUpdater (StateMachineUpdater.java:stopAndJoin(154)) - s7@group-6E994AD85659-StateMachineUpdater: set stopIndex = 243
2023-03-17 00:26:27,495 INFO  server.RaftServer$Division (ServerState.java:close(414)) - s5@group-6E994AD85659: applyIndex: -1
2023-03-17 00:26:27,495 INFO  impl.FollowerState (FollowerState.java:run(152)) - s7@group-6E994AD85659-FollowerState was interrupted
2023-03-17 00:26:27,495 INFO  server.RaftServer$Division (RaftServerImpl.java:lambda$close$4(466)) - s6@group-6E994AD85659: shutdown
2023-03-17 00:26:27,496 INFO  util.JmxRegister (JmxRegister.java:unregister(73)) - Successfully un-registered JMX Bean with object name Ratis:service=RaftServer,group=group-6E994AD85659,id=s6
2023-03-17 00:26:27,496 INFO  impl.RoleInfo (RoleInfo.java:shutdownFollowerState(110)) - s6: shutdown s6@group-6E994AD85659-FollowerState
2023-03-17 00:26:27,496 INFO  impl.StateMachineUpdater (StateMachineUpdater.java:stopAndJoin(154)) - s6@group-6E994AD85659-StateMachineUpdater: set stopIndex = 244
2023-03-17 00:26:27,496 INFO  impl.FollowerState (FollowerState.java:run(152)) - s6@group-6E994AD85659-FollowerState was interrupted
2023-03-17 00:26:27,496 INFO  server.RaftServer$Division (ServerState.java:close(414)) - s7@group-6E994AD85659: applyIndex: -1
2023-03-17 00:26:27,496 INFO  server.RaftServer (RaftServerProxy.java:lambda$close$7(417)) - s8: close
2023-03-17 00:26:27,496 INFO  server.RaftServer$Division (RaftServerImpl.java:lambda$close$4(466)) - s8@group-6E994AD85659: shutdown
2023-03-17 00:26:27,496 INFO  util.JmxRegister (JmxRegister.java:unregister(73)) - Successfully un-registered JMX Bean with object name Ratis:service=RaftServer,group=group-6E994AD85659,id=s8
2023-03-17 00:26:27,496 INFO  impl.RoleInfo (RoleInfo.java:shutdownFollowerState(110)) - s8: shutdown s8@group-6E994AD85659-FollowerState
2023-03-17 00:26:27,496 INFO  impl.StateMachineUpdater (StateMachineUpdater.java:stopAndJoin(154)) - s8@group-6E994AD85659-StateMachineUpdater: set stopIndex = 243
2023-03-17 00:26:27,497 INFO  impl.FollowerState (FollowerState.java:run(152)) - s8@group-6E994AD85659-FollowerState was interrupted
2023-03-17 00:26:27,497 INFO  server.RaftServer$Division (ServerState.java:close(414)) - s8@group-6E994AD85659: applyIndex: -1
2023-03-17 00:26:27,498 INFO  server.RaftServer (RaftServerProxy.java:lambda$close$7(417)) - s9: close
2023-03-17 00:26:27,498 INFO  server.RaftServer$Division (RaftServerImpl.java:lambda$close$4(466)) - s9@group-6E994AD85659: shutdown
2023-03-17 00:26:27,498 INFO  util.JmxRegister (JmxRegister.java:unregister(73)) - Successfully un-registered JMX Bean with object name Ratis:service=RaftServer,group=group-6E994AD85659,id=s9
2023-03-17 00:26:27,498 INFO  impl.RoleInfo (RoleInfo.java:shutdownFollowerState(110)) - s9: shutdown s9@group-6E994AD85659-FollowerState
2023-03-17 00:26:27,498 INFO  impl.StateMachineUpdater (StateMachineUpdater.java:stopAndJoin(154)) - s9@group-6E994AD85659-StateMachineUpdater: set stopIndex = 243
2023-03-17 00:26:27,498 INFO  impl.FollowerState (FollowerState.java:run(152)) - s9@group-6E994AD85659-FollowerState was interrupted
2023-03-17 00:26:27,498 INFO  server.RaftServer$Division (ServerState.java:close(414)) - s9@group-6E994AD85659: applyIndex: -1
2023-03-17 00:26:27,499 INFO  server.RaftServer (RaftServerProxy.java:lambda$close$7(417)) - s11: close
2023-03-17 00:26:27,499 INFO  server.RaftServer$Division (RaftServerImpl.java:lambda$close$4(466)) - s11@group-6E994AD85659: shutdown
2023-03-17 00:26:27,499 INFO  util.JmxRegister (JmxRegister.java:unregister(73)) - Successfully un-registered JMX Bean with object name Ratis:service=RaftServer,group=group-6E994AD85659,id=s11
2023-03-17 00:26:27,499 INFO  impl.RoleInfo (RoleInfo.java:shutdownFollowerState(110)) - s11: shutdown s11@group-6E994AD85659-FollowerState
2023-03-17 00:26:27,499 INFO  impl.StateMachineUpdater (StateMachineUpdater.java:stopAndJoin(154)) - s11@group-6E994AD85659-StateMachineUpdater: set stopIndex = 243
2023-03-17 00:26:27,499 INFO  impl.FollowerState (FollowerState.java:run(152)) - s11@group-6E994AD85659-FollowerState was interrupted
2023-03-17 00:26:27,500 INFO  server.RaftServer$Division (ServerState.java:close(414)) - s11@group-6E994AD85659: applyIndex: -1
2023-03-17 00:26:27,500 INFO  server.RaftServer (RaftServerProxy.java:lambda$close$7(417)) - s10: close
2023-03-17 00:26:27,500 INFO  server.RaftServer$Division (RaftServerImpl.java:lambda$close$4(466)) - s10@group-6E994AD85659: shutdown
2023-03-17 00:26:27,500 INFO  util.JmxRegister (JmxRegister.java:unregister(73)) - Successfully un-registered JMX Bean with object name Ratis:service=RaftServer,group=group-6E994AD85659,id=s10
2023-03-17 00:26:27,500 INFO  impl.RoleInfo (RoleInfo.java:shutdownFollowerState(110)) - s10: shutdown s10@group-6E994AD85659-FollowerState
2023-03-17 00:26:27,500 INFO  impl.StateMachineUpdater (StateMachineUpdater.java:stopAndJoin(154)) - s10@group-6E994AD85659-StateMachineUpdater: set stopIndex = 243
2023-03-17 00:26:27,500 INFO  impl.FollowerState (FollowerState.java:run(152)) - s10@group-6E994AD85659-FollowerState was interrupted
2023-03-17 00:26:27,501 INFO  server.RaftServer$Division (ServerState.java:close(414)) - s10@group-6E994AD85659: applyIndex: -1
2023-03-17 00:26:27,501 INFO  server.RaftServer (RaftServerProxy.java:lambda$close$7(417)) - s13: close
2023-03-17 00:26:27,501 INFO  server.RaftServer$Division (RaftServerImpl.java:lambda$close$4(466)) - s13@group-6E994AD85659: shutdown
2023-03-17 00:26:27,501 INFO  util.JmxRegister (JmxRegister.java:unregister(73)) - Successfully un-registered JMX Bean with object name Ratis:service=RaftServer,group=group-6E994AD85659,id=s13
2023-03-17 00:26:27,501 INFO  impl.RoleInfo (RoleInfo.java:shutdownFollowerState(110)) - s13: shutdown s13@group-6E994AD85659-FollowerState
2023-03-17 00:26:27,501 INFO  impl.StateMachineUpdater (StateMachineUpdater.java:stopAndJoin(154)) - s13@group-6E994AD85659-StateMachineUpdater: set stopIndex = 243
2023-03-17 00:26:27,501 INFO  impl.FollowerState (FollowerState.java:run(152)) - s13@group-6E994AD85659-FollowerState was interrupted
2023-03-17 00:26:27,501 INFO  server.RaftServer$Division (ServerState.java:close(414)) - s13@group-6E994AD85659: applyIndex: -1
2023-03-17 00:26:27,502 INFO  server.RaftServer (RaftServerProxy.java:lambda$close$7(417)) - s12: close
2023-03-17 00:26:27,502 INFO  server.RaftServer$Division (RaftServerImpl.java:lambda$close$4(466)) - s12@group-6E994AD85659: shutdown
2023-03-17 00:26:27,502 INFO  util.JmxRegister (JmxRegister.java:unregister(73)) - Successfully un-registered JMX Bean with object name Ratis:service=RaftServer,group=group-6E994AD85659,id=s12
2023-03-17 00:26:27,502 INFO  impl.RoleInfo (RoleInfo.java:shutdownFollowerState(110)) - s12: shutdown s12@group-6E994AD85659-FollowerState
2023-03-17 00:26:27,502 INFO  impl.StateMachineUpdater (StateMachineUpdater.java:stopAndJoin(154)) - s12@group-6E994AD85659-StateMachineUpdater: set stopIndex = 243
2023-03-17 00:26:27,502 INFO  impl.FollowerState (FollowerState.java:run(152)) - s12@group-6E994AD85659-FollowerState was interrupted
2023-03-17 00:26:27,503 INFO  server.RaftServer$Division (ServerState.java:close(414)) - s12@group-6E994AD85659: applyIndex: -1
2023-03-17 00:26:27,503 INFO  server.RaftServer (RaftServerProxy.java:lambda$close$7(417)) - s14: close
2023-03-17 00:26:27,504 INFO  server.RaftServer$Division (RaftServerImpl.java:lambda$close$4(466)) - s14@group-6E994AD85659: shutdown
2023-03-17 00:26:27,504 INFO  util.JmxRegister (JmxRegister.java:unregister(73)) - Successfully un-registered JMX Bean with object name Ratis:service=RaftServer,group=group-6E994AD85659,id=s14
2023-03-17 00:26:27,504 INFO  impl.RoleInfo (RoleInfo.java:shutdownFollowerState(110)) - s14: shutdown s14@group-6E994AD85659-FollowerState
2023-03-17 00:26:27,504 INFO  impl.StateMachineUpdater (StateMachineUpdater.java:stopAndJoin(154)) - s14@group-6E994AD85659-StateMachineUpdater: set stopIndex = 243
2023-03-17 00:26:27,504 INFO  impl.FollowerState (FollowerState.java:run(152)) - s14@group-6E994AD85659-FollowerState was interrupted
2023-03-17 00:26:27,504 INFO  server.RaftServer$Division (ServerState.java:close(414)) - s14@group-6E994AD85659: applyIndex: -1
2023-03-17 00:26:27,505 INFO  server.RaftServer (RaftServerProxy.java:lambda$close$7(417)) - s0: close
2023-03-17 00:26:27,505 INFO  server.RaftServer$Division (RaftServerImpl.java:lambda$close$4(466)) - s0@group-6E994AD85659: shutdown
2023-03-17 00:26:27,505 INFO  util.JmxRegister (JmxRegister.java:unregister(73)) - Successfully un-registered JMX Bean with object name Ratis:service=RaftServer,group=group-6E994AD85659,id=s0
2023-03-17 00:26:27,505 INFO  impl.RoleInfo (RoleInfo.java:shutdownFollowerState(110)) - s0: shutdown s0@group-6E994AD85659-FollowerState
2023-03-17 00:26:27,505 INFO  impl.StateMachineUpdater (StateMachineUpdater.java:stopAndJoin(154)) - s0@group-6E994AD85659-StateMachineUpdater: set stopIndex = 244
2023-03-17 00:26:27,505 INFO  impl.FollowerState (FollowerState.java:run(152)) - s0@group-6E994AD85659-FollowerState was interrupted
2023-03-17 00:26:27,505 INFO  server.RaftServer$Division (ServerState.java:close(414)) - s0@group-6E994AD85659: applyIndex: -1
2023-03-17 00:26:27,506 INFO  server.RaftServer (RaftServerProxy.java:lambda$close$7(417)) - s1: close
2023-03-17 00:26:27,506 INFO  server.RaftServer$Division (RaftServerImpl.java:lambda$close$4(466)) - s1@group-6E994AD85659: shutdown
2023-03-17 00:26:27,506 INFO  util.JmxRegister (JmxRegister.java:unregister(73)) - Successfully un-registered JMX Bean with object name Ratis:service=RaftServer,group=group-6E994AD85659,id=s1
2023-03-17 00:26:27,506 INFO  impl.RoleInfo (RoleInfo.java:shutdownLeaderState(93)) - s1: shutdown s1@group-6E994AD85659-LeaderStateImpl
2023-03-17 00:26:27,506 INFO  leader.LogAppenderDaemon (LogAppenderDaemon.java:run(83)) - s1@group-6E994AD85659->s11-LogAppenderDefault-LogAppenderDaemon was interrupted: java.lang.InterruptedException
2023-03-17 00:26:27,506 INFO  impl.PendingRequests (PendingRequests.java:sendNotLeaderResponses(289)) - s1@group-6E994AD85659-PendingRequests: sendNotLeaderResponses
2023-03-17 00:26:27,506 INFO  leader.LogAppenderDaemon (LogAppenderDaemon.java:run(83)) - s1@group-6E994AD85659->s12-LogAppenderDefault-LogAppenderDaemon was interrupted: java.lang.InterruptedException
2023-03-17 00:26:27,506 INFO  leader.LogAppenderDaemon (LogAppenderDaemon.java:run(83)) - s1@group-6E994AD85659->s8-LogAppenderDefault-LogAppenderDaemon was interrupted: java.lang.InterruptedException
2023-03-17 00:26:27,507 INFO  impl.StateMachineUpdater (StateMachineUpdater.java:stopAndJoin(154)) - s1@group-6E994AD85659-StateMachineUpdater: set stopIndex = 244
2023-03-17 00:26:27,507 INFO  leader.LogAppenderDaemon (LogAppenderDaemon.java:run(83)) - s1@group-6E994AD85659->s2-LogAppenderDefault-LogAppenderDaemon was interrupted: java.lang.InterruptedException
2023-03-17 00:26:27,507 INFO  server.RaftServer (RaftServerProxy.java:lambda$close$7(417)) - s2: close
2023-03-17 00:26:27,507 INFO  leader.LogAppenderDaemon (LogAppenderDaemon.java:run(83)) - s1@group-6E994AD85659->s10-LogAppenderDefault-LogAppenderDaemon was interrupted: java.lang.InterruptedException
2023-03-17 00:26:27,507 INFO  server.RaftServer$Division (RaftServerImpl.java:lambda$close$4(466)) - s2@group-6E994AD85659: shutdown
2023-03-17 00:26:27,507 INFO  leader.LogAppenderDaemon (LogAppenderDaemon.java:run(83)) - s1@group-6E994AD85659->s0-LogAppenderDefault-LogAppenderDaemon was interrupted: java.lang.InterruptedException
2023-03-17 00:26:27,507 INFO  util.JmxRegister (JmxRegister.java:unregister(73)) - Successfully un-registered JMX Bean with object name Ratis:service=RaftServer,group=group-6E994AD85659,id=s2
2023-03-17 00:26:27,507 INFO  leader.LogAppenderDaemon (LogAppenderDaemon.java:run(83)) - s1@group-6E994AD85659->s4-LogAppenderDefault-LogAppenderDaemon was interrupted: java.lang.InterruptedException
2023-03-17 00:26:27,507 INFO  leader.LogAppenderDaemon (LogAppenderDaemon.java:run(83)) - s1@group-6E994AD85659->s5-LogAppenderDefault-LogAppenderDaemon was interrupted: java.lang.InterruptedException
2023-03-17 00:26:27,508 INFO  leader.LogAppenderDaemon (LogAppenderDaemon.java:run(83)) - s1@group-6E994AD85659->s6-LogAppenderDefault-LogAppenderDaemon was interrupted: java.lang.InterruptedException
2023-03-17 00:26:27,508 INFO  leader.LogAppenderDaemon (LogAppenderDaemon.java:run(83)) - s1@group-6E994AD85659->s7-LogAppenderDefault-LogAppenderDaemon was interrupted: java.lang.InterruptedException
2023-03-17 00:26:27,508 INFO  leader.LogAppenderDaemon (LogAppenderDaemon.java:run(83)) - s1@group-6E994AD85659->s9-LogAppenderDefault-LogAppenderDaemon was interrupted: java.lang.InterruptedException
2023-03-17 00:26:27,508 INFO  logging.LoggingHandler (AbstractInternalLogger.java:log(148)) - [id: 0xbdd8d28e, L:/0.0.0.0:45531] CLOSE
2023-03-17 00:26:27,508 INFO  leader.LogAppenderDaemon (LogAppenderDaemon.java:run(83)) - s1@group-6E994AD85659->s13-LogAppenderDefault-LogAppenderDaemon was interrupted: java.lang.InterruptedException
2023-03-17 00:26:27,508 INFO  logging.LoggingHandler (AbstractInternalLogger.java:log(148)) - [id: 0xbdd8d28e, L:/0.0.0.0:45531] INACTIVE
2023-03-17 00:26:27,508 INFO  logging.LoggingHandler (AbstractInternalLogger.java:log(148)) - [id: 0xbdd8d28e, L:/0.0.0.0:45531] UNREGISTERED
2023-03-17 00:26:27,508 INFO  leader.LogAppenderDaemon (LogAppenderDaemon.java:run(83)) - s1@group-6E994AD85659->s14-LogAppenderDefault-LogAppenderDaemon was interrupted: java.lang.InterruptedException
2023-03-17 00:26:27,507 INFO  leader.LogAppenderDaemon (LogAppenderDaemon.java:run(83)) - s1@group-6E994AD85659->s3-LogAppenderDefault-LogAppenderDaemon was interrupted: java.lang.InterruptedException
2023-03-17 00:26:27,515 INFO  server.RaftServer$Division (RaftServerImpl.java:lambda$close$4(466)) - s1@group-38FE90E113AE: shutdown
2023-03-17 00:26:27,515 INFO  server.RaftServer$Division (ServerState.java:close(414)) - s1@group-6E994AD85659: applyIndex: -1
2023-03-17 00:26:27,515 INFO  server.RaftServer$Division (ServerState.java:close(414)) - s6@group-6E994AD85659: applyIndex: -1
2023-03-17 00:26:27,514 INFO  logging.LoggingHandler (AbstractInternalLogger.java:log(148)) - [id: 0x537f870e, L:/0.0.0.0:36277] CLOSE
2023-03-17 00:26:27,516 INFO  logging.LoggingHandler (AbstractInternalLogger.java:log(148)) - [id: 0x537f870e, L:/0.0.0.0:36277] INACTIVE
2023-03-17 00:26:27,516 INFO  logging.LoggingHandler (AbstractInternalLogger.java:log(148)) - [id: 0x537f870e, L:/0.0.0.0:36277] UNREGISTERED
2023-03-17 00:26:27,514 INFO  logging.LoggingHandler (AbstractInternalLogger.java:log(148)) - [id: 0x8f5e74f5, L:/0.0.0.0:39523] CLOSE
2023-03-17 00:26:27,516 INFO  logging.LoggingHandler (AbstractInternalLogger.java:log(148)) - [id: 0x8f5e74f5, L:/0.0.0.0:39523] INACTIVE
2023-03-17 00:26:27,516 INFO  logging.LoggingHandler (AbstractInternalLogger.java:log(148)) - [id: 0x8f5e74f5, L:/0.0.0.0:39523] UNREGISTERED
2023-03-17 00:26:27,514 INFO  logging.LoggingHandler (AbstractInternalLogger.java:log(148)) - [id: 0x571c5d97, L:/0.0.0.0:38791] CLOSE
2023-03-17 00:26:27,516 INFO  logging.LoggingHandler (AbstractInternalLogger.java:log(148)) - [id: 0x571c5d97, L:/0.0.0.0:38791] INACTIVE
2023-03-17 00:26:27,516 INFO  logging.LoggingHandler (AbstractInternalLogger.java:log(148)) - [id: 0x571c5d97, L:/0.0.0.0:38791] UNREGISTERED
2023-03-17 00:26:27,514 INFO  logging.LoggingHandler (AbstractInternalLogger.java:log(148)) - [id: 0x2a54c005, L:/0.0.0.0:34503] CLOSE
2023-03-17 00:26:27,516 INFO  logging.LoggingHandler (AbstractInternalLogger.java:log(148)) - [id: 0x2a54c005, L:/0.0.0.0:34503] INACTIVE
2023-03-17 00:26:27,516 INFO  logging.LoggingHandler (AbstractInternalLogger.java:log(148)) - [id: 0x2a54c005, L:/0.0.0.0:34503] UNREGISTERED
2023-03-17 00:26:27,513 INFO  logging.LoggingHandler (AbstractInternalLogger.java:log(148)) - [id: 0xdc48b285, L:/0.0.0.0:44573] CLOSE
2023-03-17 00:26:27,513 INFO  server.RaftServer$Division (RaftServerImpl.java:lambda$close$4(466)) - s8@group-38FE90E113AE: shutdown
2023-03-17 00:26:27,516 INFO  util.JmxRegister (JmxRegister.java:unregister(73)) - Successfully un-registered JMX Bean with object name Ratis:service=RaftServer,group=group-38FE90E113AE,id=s8
2023-03-17 00:26:27,512 INFO  logging.LoggingHandler (AbstractInternalLogger.java:log(148)) - [id: 0xd69245ec, L:/0.0.0.0:45461] CLOSE
2023-03-17 00:26:27,517 INFO  logging.LoggingHandler (AbstractInternalLogger.java:log(148)) - [id: 0xd69245ec, L:/0.0.0.0:45461] INACTIVE
2023-03-17 00:26:27,517 INFO  logging.LoggingHandler (AbstractInternalLogger.java:log(148)) - [id: 0xd69245ec, L:/0.0.0.0:45461] UNREGISTERED
2023-03-17 00:26:27,512 INFO  server.RaftServer$Division (RaftServerImpl.java:lambda$close$4(466)) - s9@group-38FE90E113AE: shutdown
2023-03-17 00:26:27,517 INFO  util.JmxRegister (JmxRegister.java:unregister(73)) - Successfully un-registered JMX Bean with object name Ratis:service=RaftServer,group=group-38FE90E113AE,id=s9
2023-03-17 00:26:27,517 INFO  impl.StateMachineUpdater (StateMachineUpdater.java:stopAndJoin(154)) - s9@group-38FE90E113AE-StateMachineUpdater: set stopIndex = -1
2023-03-17 00:26:27,512 INFO  logging.LoggingHandler (AbstractInternalLogger.java:log(148)) - [id: 0xb86cf2de, L:/0.0.0.0:42413] CLOSE
2023-03-17 00:26:27,517 INFO  logging.LoggingHandler (AbstractInternalLogger.java:log(148)) - [id: 0xb86cf2de, L:/0.0.0.0:42413] INACTIVE
2023-03-17 00:26:27,517 INFO  logging.LoggingHandler (AbstractInternalLogger.java:log(148)) - [id: 0xb86cf2de, L:/0.0.0.0:42413] UNREGISTERED
2023-03-17 00:26:27,512 INFO  server.RaftServer$Division (RaftServerImpl.java:lambda$close$4(466)) - s11@group-38FE90E113AE: shutdown
2023-03-17 00:26:27,517 INFO  util.JmxRegister (JmxRegister.java:unregister(73)) - Successfully un-registered JMX Bean with object name Ratis:service=RaftServer,group=group-38FE90E113AE,id=s11
2023-03-17 00:26:27,517 INFO  impl.StateMachineUpdater (StateMachineUpdater.java:stopAndJoin(154)) - s11@group-38FE90E113AE-StateMachineUpdater: set stopIndex = -1
2023-03-17 00:26:27,511 INFO  logging.LoggingHandler (AbstractInternalLogger.java:log(148)) - [id: 0x0bedeedd, L:/0.0.0.0:37111] CLOSE
2023-03-17 00:26:27,511 INFO  server.RaftServer$Division (RaftServerImpl.java:lambda$close$4(466)) - s10@group-38FE90E113AE: shutdown
2023-03-17 00:26:27,518 INFO  logging.LoggingHandler (AbstractInternalLogger.java:log(148)) - [id: 0x0bedeedd, L:/0.0.0.0:37111] INACTIVE
2023-03-17 00:26:27,511 INFO  logging.LoggingHandler (AbstractInternalLogger.java:log(148)) - [id: 0xfb868b71, L:/0.0.0.0:37585] CLOSE
2023-03-17 00:26:27,518 INFO  logging.LoggingHandler (AbstractInternalLogger.java:log(148)) - [id: 0xfb868b71, L:/0.0.0.0:37585] INACTIVE
2023-03-17 00:26:27,518 INFO  logging.LoggingHandler (AbstractInternalLogger.java:log(148)) - [id: 0xfb868b71, L:/0.0.0.0:37585] UNREGISTERED
2023-03-17 00:26:27,511 INFO  server.RaftServer$Division (RaftServerImpl.java:lambda$close$4(466)) - s13@group-38FE90E113AE: shutdown
2023-03-17 00:26:27,518 INFO  util.JmxRegister (JmxRegister.java:unregister(73)) - Successfully un-registered JMX Bean with object name Ratis:service=RaftServer,group=group-38FE90E113AE,id=s13
2023-03-17 00:26:27,518 INFO  impl.StateMachineUpdater (StateMachineUpdater.java:stopAndJoin(154)) - s13@group-38FE90E113AE-StateMachineUpdater: set stopIndex = -1
2023-03-17 00:26:27,511 INFO  logging.LoggingHandler (AbstractInternalLogger.java:log(148)) - [id: 0xc495072a, L:/0.0.0.0:39411] CLOSE
2023-03-17 00:26:27,518 INFO  logging.LoggingHandler (AbstractInternalLogger.java:log(148)) - [id: 0xc495072a, L:/0.0.0.0:39411] INACTIVE
2023-03-17 00:26:27,518 INFO  logging.LoggingHandler (AbstractInternalLogger.java:log(148)) - [id: 0xc495072a, L:/0.0.0.0:39411] UNREGISTERED
2023-03-17 00:26:27,511 INFO  server.RaftServer$Division (RaftServerImpl.java:lambda$close$4(466)) - s12@group-38FE90E113AE: shutdown
2023-03-17 00:26:27,518 INFO  util.JmxRegister (JmxRegister.java:unregister(73)) - Successfully un-registered JMX Bean with object name Ratis:service=RaftServer,group=group-38FE90E113AE,id=s12
2023-03-17 00:26:27,519 INFO  impl.StateMachineUpdater (StateMachineUpdater.java:stopAndJoin(154)) - s12@group-38FE90E113AE-StateMachineUpdater: set stopIndex = -1
2023-03-17 00:26:27,519 INFO  server.RaftServer$Division (ServerState.java:close(414)) - s11@group-38FE90E113AE: applyIndex: -1
2023-03-17 00:26:27,519 INFO  server.RaftServer$Division (ServerState.java:close(414)) - s13@group-38FE90E113AE: applyIndex: -1
2023-03-17 00:26:27,519 INFO  server.RaftServer$Division (ServerState.java:close(414)) - s9@group-38FE90E113AE: applyIndex: -1
2023-03-17 00:26:27,510 INFO  logging.LoggingHandler (AbstractInternalLogger.java:log(148)) - [id: 0x07f7011d, L:/0.0.0.0:36717] CLOSE
2023-03-17 00:26:27,510 INFO  server.RaftServer$Division (RaftServerImpl.java:lambda$close$4(466)) - s14@group-38FE90E113AE: shutdown
2023-03-17 00:26:27,519 INFO  logging.LoggingHandler (AbstractInternalLogger.java:log(148)) - [id: 0x07f7011d, L:/0.0.0.0:36717] INACTIVE
2023-03-17 00:26:27,519 INFO  logging.LoggingHandler (AbstractInternalLogger.java:log(148)) - [id: 0x07f7011d, L:/0.0.0.0:36717] UNREGISTERED
2023-03-17 00:26:27,510 INFO  logging.LoggingHandler (AbstractInternalLogger.java:log(148)) - [id: 0x051b97c8, L:/0.0.0.0:36477] CLOSE
2023-03-17 00:26:27,510 INFO  server.RaftServer$Division (RaftServerImpl.java:lambda$close$4(466)) - s0@group-38FE90E113AE: shutdown
2023-03-17 00:26:27,520 INFO  logging.LoggingHandler (AbstractInternalLogger.java:log(148)) - [id: 0x051b97c8, L:/0.0.0.0:36477] INACTIVE
2023-03-17 00:26:27,520 INFO  logging.LoggingHandler (AbstractInternalLogger.java:log(148)) - [id: 0x051b97c8, L:/0.0.0.0:36477] UNREGISTERED
2023-03-17 00:26:27,509 INFO  logging.LoggingHandler (AbstractInternalLogger.java:log(148)) - [id: 0x9f1ce20a, L:/0.0.0.0:43787] CLOSE
2023-03-17 00:26:27,520 INFO  logging.LoggingHandler (AbstractInternalLogger.java:log(148)) - [id: 0x9f1ce20a, L:/0.0.0.0:43787] INACTIVE
2023-03-17 00:26:27,520 INFO  logging.LoggingHandler (AbstractInternalLogger.java:log(148)) - [id: 0x9f1ce20a, L:/0.0.0.0:43787] UNREGISTERED
2023-03-17 00:26:27,507 INFO  impl.RoleInfo (RoleInfo.java:shutdownFollowerState(110)) - s2: shutdown s2@group-6E994AD85659-FollowerState
2023-03-17 00:26:27,520 INFO  util.JmxRegister (JmxRegister.java:unregister(73)) - Successfully un-registered JMX Bean with object name Ratis:service=RaftServer,group=group-38FE90E113AE,id=s0
2023-03-17 00:26:27,520 INFO  impl.FollowerState (FollowerState.java:run(152)) - s2@group-6E994AD85659-FollowerState was interrupted
2023-03-17 00:26:27,519 INFO  util.JmxRegister (JmxRegister.java:unregister(73)) - Successfully un-registered JMX Bean with object name Ratis:service=RaftServer,group=group-38FE90E113AE,id=s14
2023-03-17 00:26:27,520 INFO  impl.StateMachineUpdater (StateMachineUpdater.java:stopAndJoin(154)) - s14@group-38FE90E113AE-StateMachineUpdater: set stopIndex = -1
2023-03-17 00:26:27,518 INFO  logging.LoggingHandler (AbstractInternalLogger.java:log(148)) - [id: 0x0bedeedd, L:/0.0.0.0:37111] UNREGISTERED
2023-03-17 00:26:27,518 INFO  util.JmxRegister (JmxRegister.java:unregister(73)) - Successfully un-registered JMX Bean with object name Ratis:service=RaftServer,group=group-38FE90E113AE,id=s10
2023-03-17 00:26:27,520 INFO  impl.StateMachineUpdater (StateMachineUpdater.java:stopAndJoin(154)) - s10@group-38FE90E113AE-StateMachineUpdater: set stopIndex = -1
2023-03-17 00:26:27,516 INFO  impl.StateMachineUpdater (StateMachineUpdater.java:stopAndJoin(154)) - s8@group-38FE90E113AE-StateMachineUpdater: set stopIndex = -1
2023-03-17 00:26:27,521 INFO  server.RaftServer$Division (ServerState.java:close(414)) - s8@group-38FE90E113AE: applyIndex: -1
2023-03-17 00:26:27,516 INFO  logging.LoggingHandler (AbstractInternalLogger.java:log(148)) - [id: 0xdc48b285, L:/0.0.0.0:44573] INACTIVE
2023-03-17 00:26:27,521 INFO  server.RaftServer$Division (ServerState.java:close(414)) - s10@group-38FE90E113AE: applyIndex: -1
2023-03-17 00:26:27,515 INFO  util.JmxRegister (JmxRegister.java:unregister(73)) - Successfully un-registered JMX Bean with object name Ratis:service=RaftServer,group=group-38FE90E113AE,id=s1
2023-03-17 00:26:27,521 INFO  impl.StateMachineUpdater (StateMachineUpdater.java:stopAndJoin(154)) - s1@group-38FE90E113AE-StateMachineUpdater: set stopIndex = -1
2023-03-17 00:26:27,515 INFO  server.RaftServer$Division (RaftServerImpl.java:lambda$close$4(466)) - s4@group-38FE90E113AE: shutdown
2023-03-17 00:26:27,521 INFO  util.JmxRegister (JmxRegister.java:unregister(73)) - Successfully un-registered JMX Bean with object name Ratis:service=RaftServer,group=group-38FE90E113AE,id=s4
2023-03-17 00:26:27,521 INFO  impl.StateMachineUpdater (StateMachineUpdater.java:stopAndJoin(154)) - s4@group-38FE90E113AE-StateMachineUpdater: set stopIndex = -1
2023-03-17 00:26:27,521 INFO  server.RaftServer$Division (ServerState.java:close(414)) - s1@group-38FE90E113AE: applyIndex: -1
2023-03-17 00:26:27,521 INFO  logging.LoggingHandler (AbstractInternalLogger.java:log(148)) - [id: 0xdc48b285, L:/0.0.0.0:44573] UNREGISTERED
2023-03-17 00:26:27,520 INFO  impl.StateMachineUpdater (StateMachineUpdater.java:stopAndJoin(154)) - s0@group-38FE90E113AE-StateMachineUpdater: set stopIndex = -1
2023-03-17 00:26:27,520 INFO  impl.StateMachineUpdater (StateMachineUpdater.java:stopAndJoin(154)) - s2@group-6E994AD85659-StateMachineUpdater: set stopIndex = 243
2023-03-17 00:26:27,522 INFO  server.RaftServer$Division (ServerState.java:close(414)) - s2@group-6E994AD85659: applyIndex: -1
2023-03-17 00:26:27,522 INFO  server.RaftServer$Division (ServerState.java:close(414)) - s4@group-38FE90E113AE: applyIndex: -1
2023-03-17 00:26:27,522 INFO  server.RaftServer$Division (ServerState.java:close(414)) - s0@group-38FE90E113AE: applyIndex: -1
2023-03-17 00:26:27,522 INFO  server.RaftServer$Division (RaftServerImpl.java:lambda$close$4(466)) - s5@group-38FE90E113AE: shutdown
2023-03-17 00:26:27,523 INFO  server.RaftServer$Division (RaftServerImpl.java:lambda$close$4(466)) - s3@group-38FE90E113AE: shutdown
2023-03-17 00:26:27,523 INFO  server.RaftServer$Division (ServerState.java:close(414)) - s12@group-38FE90E113AE: applyIndex: -1
2023-03-17 00:26:27,523 INFO  server.RaftServer$Division (ServerState.java:close(414)) - s14@group-38FE90E113AE: applyIndex: -1
2023-03-17 00:26:27,523 INFO  util.JmxRegister (JmxRegister.java:unregister(73)) - Successfully un-registered JMX Bean with object name Ratis:service=RaftServer,group=group-38FE90E113AE,id=s3
2023-03-17 00:26:27,523 INFO  util.JmxRegister (JmxRegister.java:unregister(73)) - Successfully un-registered JMX Bean with object name Ratis:service=RaftServer,group=group-38FE90E113AE,id=s5
2023-03-17 00:26:27,523 INFO  impl.StateMachineUpdater (StateMachineUpdater.java:stopAndJoin(154)) - s5@group-38FE90E113AE-StateMachineUpdater: set stopIndex = -1
2023-03-17 00:26:27,523 INFO  server.RaftServer$Division (RaftServerImpl.java:lambda$close$4(466)) - s7@group-38FE90E113AE: shutdown
2023-03-17 00:26:27,523 INFO  util.JmxRegister (JmxRegister.java:unregister(73)) - Successfully un-registered JMX Bean with object name Ratis:service=RaftServer,group=group-38FE90E113AE,id=s7
2023-03-17 00:26:27,524 INFO  impl.StateMachineUpdater (StateMachineUpdater.java:stopAndJoin(154)) - s7@group-38FE90E113AE-StateMachineUpdater: set stopIndex = -1
2023-03-17 00:26:27,524 INFO  server.RaftServer$Division (ServerState.java:close(414)) - s7@group-38FE90E113AE: applyIndex: -1
2023-03-17 00:26:27,523 INFO  server.RaftServer$Division (RaftServerImpl.java:lambda$close$4(466)) - s6@group-38FE90E113AE: shutdown
2023-03-17 00:26:27,523 INFO  server.RaftServer$Division (ServerState.java:close(414)) - s5@group-38FE90E113AE: applyIndex: -1
2023-03-17 00:26:27,524 INFO  util.JmxRegister (JmxRegister.java:unregister(73)) - Successfully un-registered JMX Bean with object name Ratis:service=RaftServer,group=group-38FE90E113AE,id=s6
2023-03-17 00:26:27,524 INFO  impl.StateMachineUpdater (StateMachineUpdater.java:stopAndJoin(154)) - s6@group-38FE90E113AE-StateMachineUpdater: set stopIndex = -1
2023-03-17 00:26:27,524 INFO  server.RaftServer$Division (ServerState.java:close(414)) - s6@group-38FE90E113AE: applyIndex: -1
2023-03-17 00:26:27,523 INFO  impl.StateMachineUpdater (StateMachineUpdater.java:stopAndJoin(154)) - s3@group-38FE90E113AE-StateMachineUpdater: set stopIndex = -1
2023-03-17 00:26:27,525 INFO  server.RaftServer$Division (ServerState.java:close(414)) - s3@group-38FE90E113AE: applyIndex: -1
2023-03-17 00:26:27,527 INFO  logging.LoggingHandler (AbstractInternalLogger.java:log(148)) - [id: 0x673f0f41, L:/0.0.0.0:39635] CLOSE
2023-03-17 00:26:27,527 INFO  logging.LoggingHandler (AbstractInternalLogger.java:log(148)) - [id: 0x673f0f41, L:/0.0.0.0:39635] INACTIVE
2023-03-17 00:26:27,528 INFO  logging.LoggingHandler (AbstractInternalLogger.java:log(148)) - [id: 0x673f0f41, L:/0.0.0.0:39635] UNREGISTERED
2023-03-17 00:26:27,528 INFO  server.RaftServer$Division (RaftServerImpl.java:lambda$close$4(466)) - s2@group-38FE90E113AE: shutdown
2023-03-17 00:26:27,528 INFO  util.JmxRegister (JmxRegister.java:unregister(73)) - Successfully un-registered JMX Bean with object name Ratis:service=RaftServer,group=group-38FE90E113AE,id=s2
2023-03-17 00:26:27,528 INFO  impl.StateMachineUpdater (StateMachineUpdater.java:stopAndJoin(154)) - s2@group-38FE90E113AE-StateMachineUpdater: set stopIndex = -1
2023-03-17 00:26:27,528 INFO  server.RaftServer$Division (ServerState.java:close(414)) - s2@group-38FE90E113AE: applyIndex: -1
2023-03-17 00:26:27,870 INFO  segmented.SegmentedRaftLogWorker (SegmentedRaftLogWorker.java:close(242)) - s3@group-38FE90E113AE-SegmentedRaftLogWorker close()
2023-03-17 00:26:27,906 INFO  segmented.SegmentedRaftLogWorker (SegmentedRaftLogWorker.java:close(242)) - s4@group-38FE90E113AE-SegmentedRaftLogWorker close()
2023-03-17 00:26:27,921 INFO  segmented.SegmentedRaftLogWorker (SegmentedRaftLogWorker.java:close(242)) - s5@group-38FE90E113AE-SegmentedRaftLogWorker close()
2023-03-17 00:26:27,933 INFO  segmented.SegmentedRaftLogWorker (SegmentedRaftLogWorker.java:close(242)) - s6@group-38FE90E113AE-SegmentedRaftLogWorker close()
2023-03-17 00:26:27,969 INFO  segmented.SegmentedRaftLogWorker (SegmentedRaftLogWorker.java:close(242)) - s7@group-38FE90E113AE-SegmentedRaftLogWorker close()
2023-03-17 00:26:27,981 INFO  segmented.SegmentedRaftLogWorker (SegmentedRaftLogWorker.java:close(242)) - s8@group-38FE90E113AE-SegmentedRaftLogWorker close()
2023-03-17 00:26:28,016 INFO  segmented.SegmentedRaftLogWorker (SegmentedRaftLogWorker.java:close(242)) - s9@group-38FE90E113AE-SegmentedRaftLogWorker close()
2023-03-17 00:26:28,062 INFO  segmented.SegmentedRaftLogWorker (SegmentedRaftLogWorker.java:close(242)) - s11@group-38FE90E113AE-SegmentedRaftLogWorker close()
2023-03-17 00:26:28,121 INFO  segmented.SegmentedRaftLogWorker (SegmentedRaftLogWorker.java:close(242)) - s10@group-38FE90E113AE-SegmentedRaftLogWorker close()
2023-03-17 00:26:28,140 INFO  segmented.SegmentedRaftLogWorker (SegmentedRaftLogWorker.java:close(242)) - s13@group-38FE90E113AE-SegmentedRaftLogWorker close()
2023-03-17 00:26:28,151 INFO  segmented.SegmentedRaftLogWorker (SegmentedRaftLogWorker.java:close(242)) - s12@group-38FE90E113AE-SegmentedRaftLogWorker close()
2023-03-17 00:26:28,179 INFO  segmented.SegmentedRaftLogWorker (SegmentedRaftLogWorker.java:close(242)) - s14@group-38FE90E113AE-SegmentedRaftLogWorker close()
2023-03-17 00:26:28,227 INFO  segmented.SegmentedRaftLogWorker (SegmentedRaftLogWorker.java:close(242)) - s0@group-38FE90E113AE-SegmentedRaftLogWorker close()
2023-03-17 00:26:28,232 INFO  segmented.SegmentedRaftLogWorker (SegmentedRaftLogWorker.java:close(242)) - s1@group-38FE90E113AE-SegmentedRaftLogWorker close()
2023-03-17 00:26:28,260 INFO  segmented.SegmentedRaftLogWorker (SegmentedRaftLogWorker.java:close(242)) - s2@group-38FE90E113AE-SegmentedRaftLogWorker close()
2023-03-17 00:26:28,455 INFO  segmented.SegmentedRaftLogWorker (SegmentedRaftLogWorker.java:close(242)) - s1@group-6E994AD85659-SegmentedRaftLogWorker close()
2023-03-17 00:26:28,456 INFO  util.JvmPauseMonitor (JvmPauseMonitor.java:run(109)) - JvmPauseMonitor-s1: Stopped
2023-03-17 00:26:28,456 INFO  segmented.SegmentedRaftLogWorker (SegmentedRaftLogWorker.java:close(242)) - s12@group-6E994AD85659-SegmentedRaftLogWorker close()
2023-03-17 00:26:28,457 INFO  segmented.SegmentedRaftLogWorker (SegmentedRaftLogWorker.java:close(242)) - s4@group-6E994AD85659-SegmentedRaftLogWorker close()
2023-03-17 00:26:28,457 INFO  segmented.SegmentedRaftLogWorker (SegmentedRaftLogWorker.java:close(242)) - s3@group-6E994AD85659-SegmentedRaftLogWorker close()
2023-03-17 00:26:28,458 INFO  segmented.SegmentedRaftLogWorker (SegmentedRaftLogWorker.java:close(242)) - s13@group-6E994AD85659-SegmentedRaftLogWorker close()
2023-03-17 00:26:28,459 INFO  segmented.SegmentedRaftLogWorker (SegmentedRaftLogWorker.java:close(242)) - s9@group-6E994AD85659-SegmentedRaftLogWorker close()
2023-03-17 00:26:28,460 INFO  util.JvmPauseMonitor (JvmPauseMonitor.java:run(109)) - JvmPauseMonitor-s3: Stopped
2023-03-17 00:26:28,461 INFO  segmented.SegmentedRaftLogWorker (SegmentedRaftLogWorker.java:close(242)) - s8@group-6E994AD85659-SegmentedRaftLogWorker close()
2023-03-17 00:26:28,461 INFO  util.JvmPauseMonitor (JvmPauseMonitor.java:run(109)) - JvmPauseMonitor-s12: Stopped
2023-03-17 00:26:28,462 INFO  segmented.SegmentedRaftLogWorker (SegmentedRaftLogWorker.java:close(242)) - s7@group-6E994AD85659-SegmentedRaftLogWorker close()
2023-03-17 00:26:28,463 INFO  segmented.SegmentedRaftLogWorker (SegmentedRaftLogWorker.java:close(242)) - s14@group-6E994AD85659-SegmentedRaftLogWorker close()
2023-03-17 00:26:28,464 INFO  segmented.SegmentedRaftLogWorker (SegmentedRaftLogWorker.java:close(242)) - s5@group-6E994AD85659-SegmentedRaftLogWorker close()
2023-03-17 00:26:28,465 INFO  segmented.SegmentedRaftLogWorker (SegmentedRaftLogWorker.java:close(242)) - s2@group-6E994AD85659-SegmentedRaftLogWorker close()
2023-03-17 00:26:28,466 INFO  segmented.SegmentedRaftLogWorker (SegmentedRaftLogWorker.java:close(242)) - s11@group-6E994AD85659-SegmentedRaftLogWorker close()
2023-03-17 00:26:28,466 INFO  util.JvmPauseMonitor (JvmPauseMonitor.java:run(109)) - JvmPauseMonitor-s11: Stopped
2023-03-17 00:26:28,467 INFO  segmented.SegmentedRaftLogWorker (SegmentedRaftLogWorker.java:close(242)) - s10@group-6E994AD85659-SegmentedRaftLogWorker close()
2023-03-17 00:26:28,468 INFO  segmented.SegmentedRaftLogWorker (SegmentedRaftLogWorker.java:close(242)) - s6@group-6E994AD85659-SegmentedRaftLogWorker close()
2023-03-17 00:26:28,468 INFO  segmented.SegmentedRaftLogWorker (SegmentedRaftLogWorker.java:close(242)) - s0@group-6E994AD85659-SegmentedRaftLogWorker close()
2023-03-17 00:26:28,470 INFO  util.JvmPauseMonitor (JvmPauseMonitor.java:run(109)) - JvmPauseMonitor-s0: Stopped
2023-03-17 00:26:28,470 INFO  util.JvmPauseMonitor (JvmPauseMonitor.java:run(109)) - JvmPauseMonitor-s6: Stopped
2023-03-17 00:26:28,471 INFO  util.JvmPauseMonitor (JvmPauseMonitor.java:run(109)) - JvmPauseMonitor-s2: Stopped
2023-03-17 00:26:28,472 INFO  util.JvmPauseMonitor (JvmPauseMonitor.java:run(109)) - JvmPauseMonitor-s13: Stopped
2023-03-17 00:26:28,472 INFO  util.JvmPauseMonitor (JvmPauseMonitor.java:run(109)) - JvmPauseMonitor-s8: Stopped
2023-03-17 00:26:28,472 INFO  util.JvmPauseMonitor (JvmPauseMonitor.java:run(109)) - JvmPauseMonitor-s9: Stopped
2023-03-17 00:26:28,473 INFO  util.JvmPauseMonitor (JvmPauseMonitor.java:run(109)) - JvmPauseMonitor-s4: Stopped
2023-03-17 00:26:28,473 INFO  util.JvmPauseMonitor (JvmPauseMonitor.java:run(109)) - JvmPauseMonitor-s7: Stopped
2023-03-17 00:26:28,473 INFO  util.JvmPauseMonitor (JvmPauseMonitor.java:run(109)) - JvmPauseMonitor-s10: Stopped
2023-03-17 00:26:28,474 INFO  util.JvmPauseMonitor (JvmPauseMonitor.java:run(109)) - JvmPauseMonitor-s14: Stopped
2023-03-17 00:26:28,474 INFO  util.JvmPauseMonitor (JvmPauseMonitor.java:run(109)) - JvmPauseMonitor-s5: Stopped
]]></system-out>
  </testcase>
  <testcase name="testMultiRaftGroup[2]" classname="org.apache.ratis.TestMultiRaftGroup" time="22.752">
    <failure message="Unexpected exit." type="java.lang.AssertionError">java.lang.AssertionError: Unexpected exit.
	at org.apache.ratis.util.ExitUtils.assertNotTerminated(ExitUtils.java:109)
	at org.apache.ratis.BaseTest.assertNoFailures(BaseTest.java:89)
	at java.base/jdk.internal.reflect.NativeMethodAccessorImpl.invoke0(Native Method)
	at java.base/jdk.internal.reflect.NativeMethodAccessorImpl.invoke(NativeMethodAccessorImpl.java:62)
	at java.base/jdk.internal.reflect.DelegatingMethodAccessorImpl.invoke(DelegatingMethodAccessorImpl.java:43)
	at java.base/java.lang.reflect.Method.invoke(Method.java:566)
	at org.junit.runners.model.FrameworkMethod$1.runReflectiveCall(FrameworkMethod.java:59)
	at org.junit.internal.runners.model.ReflectiveCallable.run(ReflectiveCallable.java:12)
	at org.junit.runners.model.FrameworkMethod.invokeExplosively(FrameworkMethod.java:56)
	at org.junit.internal.runners.statements.RunAfters.invokeMethod(RunAfters.java:46)
	at org.junit.internal.runners.statements.RunAfters.evaluate(RunAfters.java:33)
	at org.junit.internal.runners.statements.FailOnTimeout$CallableStatement.call(FailOnTimeout.java:299)
	at org.junit.internal.runners.statements.FailOnTimeout$CallableStatement.call(FailOnTimeout.java:293)
	at java.base/java.util.concurrent.FutureTask.run(FutureTask.java:264)
	at java.base/java.lang.Thread.run(Thread.java:829)
Caused by: org.apache.ratis.util.ExitUtils$ExitException: Failed to start Grpc server
	at org.apache.ratis.util.ExitUtils.terminate(ExitUtils.java:141)
	at org.apache.ratis.util.ExitUtils.terminate(ExitUtils.java:151)
	at org.apache.ratis.grpc.server.GrpcService.startImpl(GrpcService.java:300)
	at org.apache.ratis.util.LifeCycle.startAndTransition(LifeCycle.java:270)
	at org.apache.ratis.server.RaftServerRpcWithProxy.start(RaftServerRpcWithProxy.java:72)
	at org.apache.ratis.server.impl.RaftServerProxy.startImpl(RaftServerProxy.java:402)
	at org.apache.ratis.util.LifeCycle.startAndTransition(LifeCycle.java:270)
	at org.apache.ratis.server.impl.RaftServerProxy.start(RaftServerProxy.java:395)
	at org.apache.ratis.server.impl.MiniRaftCluster.startServers(MiniRaftCluster.java:499)
	at org.apache.ratis.server.impl.MiniRaftCluster.start(MiniRaftCluster.java:346)
	at org.apache.ratis.server.impl.GroupManagementBaseTest.runMultiGroupTest(GroupManagementBaseTest.java:263)
	at org.apache.ratis.TestMultiRaftGroup.runTestMultiRaftGroup(TestMultiRaftGroup.java:73)
	at org.apache.ratis.TestMultiRaftGroup.runTestMultiRaftGroup(TestMultiRaftGroup.java:59)
	at org.apache.ratis.TestMultiRaftGroup.testMultiRaftGroup(TestMultiRaftGroup.java:55)
	at java.base/jdk.internal.reflect.NativeMethodAccessorImpl.invoke0(Native Method)
	at java.base/jdk.internal.reflect.NativeMethodAccessorImpl.invoke(NativeMethodAccessorImpl.java:62)
	at java.base/jdk.internal.reflect.DelegatingMethodAccessorImpl.invoke(DelegatingMethodAccessorImpl.java:43)
	at java.base/java.lang.reflect.Method.invoke(Method.java:566)
	at org.junit.runners.model.FrameworkMethod$1.runReflectiveCall(FrameworkMethod.java:59)
	at org.junit.internal.runners.model.ReflectiveCallable.run(ReflectiveCallable.java:12)
	at org.junit.runners.model.FrameworkMethod.invokeExplosively(FrameworkMethod.java:56)
	at org.junit.internal.runners.statements.InvokeMethod.evaluate(InvokeMethod.java:17)
	at org.junit.internal.runners.statements.RunAfters.evaluate(RunAfters.java:27)
	... 4 more
Caused by: java.io.IOException: Failed to bind to address 0.0.0.0/0.0.0.0:38817
	at org.apache.ratis.thirdparty.io.grpc.netty.NettyServer.start(NettyServer.java:328)
	at org.apache.ratis.thirdparty.io.grpc.internal.ServerImpl.start(ServerImpl.java:183)
	at org.apache.ratis.thirdparty.io.grpc.internal.ServerImpl.start(ServerImpl.java:92)
	at org.apache.ratis.grpc.server.GrpcService.startImpl(GrpcService.java:298)
	... 24 more
Caused by: org.apache.ratis.thirdparty.io.netty.channel.unix.Errors$NativeIoException: bind(..) failed: Address already in use
</failure>
  </testcase>
</testsuite>