<?xml version="1.0" encoding="UTF-8"?>
<testsuite xmlns:xsi="http://www.w3.org/2001/XMLSchema-instance" xsi:noNamespaceSchemaLocation="https://maven.apache.org/surefire/maven-surefire-plugin/xsd/surefire-test-report.xsd" name="org.apache.ratis.grpc.TestInstallSnapshotNotificationWithGrpc" time="77.226" tests="5" errors="1" skipped="0" failures="0">
  <properties>
    <property name="awt.toolkit" value="sun.awt.X11.XToolkit"/>
    <property name="java.specification.version" value="11"/>
    <property name="sun.cpu.isalist" value=""/>
    <property name="sun.jnu.encoding" value="UTF-8"/>
    <property name="java.class.path" value="/home/runner/work/ratis/ratis/ratis-test/target/test-classes:/home/runner/work/ratis/ratis/ratis-test/target/classes:/home/runner/work/ratis/ratis/ratis-common/target/classes:/home/runner/.m2/repository/org/apache/ratis/ratis-thirdparty-misc/1.0.3/ratis-thirdparty-misc-1.0.3.jar:/home/runner/work/ratis/ratis/ratis-proto/target/ratis-proto-3.0.0-SNAPSHOT.jar:/home/runner/work/ratis/ratis/ratis-common/target/test-classes:/home/runner/work/ratis/ratis/ratis-client/target/classes:/home/runner/work/ratis/ratis/ratis-server/target/classes:/home/runner/work/ratis/ratis/ratis-server-api/target/classes:/home/runner/work/ratis/ratis/ratis-metrics-api/target/classes:/home/runner/work/ratis/ratis/ratis-server/target/test-classes:/home/runner/work/ratis/ratis/ratis-metrics-default/target/classes:/home/runner/work/ratis/ratis/ratis-netty/target/classes:/home/runner/work/ratis/ratis/ratis-netty/target/test-classes:/home/runner/work/ratis/ratis/ratis-grpc/target/classes:/home/runner/work/ratis/ratis/ratis-grpc/target/test-classes:/home/runner/work/ratis/ratis/ratis-shell/target/classes:/home/runner/.m2/repository/commons-cli/commons-cli/1.5.0/commons-cli-1.5.0.jar:/home/runner/.m2/repository/org/reflections/reflections/0.10.2/reflections-0.10.2.jar:/home/runner/.m2/repository/org/javassist/javassist/3.28.0-GA/javassist-3.28.0-GA.jar:/home/runner/.m2/repository/com/google/code/findbugs/jsr305/3.0.2/jsr305-3.0.2.jar:/home/runner/.m2/repository/org/bouncycastle/bcprov-jdk15on/1.70/bcprov-jdk15on-1.70.jar:/home/runner/.m2/repository/org/bouncycastle/bcpkix-jdk15on/1.70/bcpkix-jdk15on-1.70.jar:/home/runner/.m2/repository/org/bouncycastle/bcutil-jdk15on/1.70/bcutil-jdk15on-1.70.jar:/home/runner/.m2/repository/org/slf4j/slf4j-api/1.7.36/slf4j-api-1.7.36.jar:/home/runner/.m2/repository/org/slf4j/slf4j-reload4j/1.7.36/slf4j-reload4j-1.7.36.jar:/home/runner/.m2/repository/ch/qos/reload4j/reload4j/1.2.19/reload4j-1.2.19.jar:/home/runner/.m2/repository/junit/junit/4.13.2/junit-4.13.2.jar:/home/runner/.m2/repository/org/hamcrest/hamcrest-core/1.3/hamcrest-core-1.3.jar:/home/runner/.m2/repository/org/mockito/mockito-core/4.3.1/mockito-core-4.3.1.jar:/home/runner/.m2/repository/net/bytebuddy/byte-buddy/1.12.7/byte-buddy-1.12.7.jar:/home/runner/.m2/repository/net/bytebuddy/byte-buddy-agent/1.12.7/byte-buddy-agent-1.12.7.jar:/home/runner/.m2/repository/org/objenesis/objenesis/3.2/objenesis-3.2.jar:"/>
    <property name="java.vm.vendor" value="Eclipse Adoptium"/>
    <property name="sun.arch.data.model" value="64"/>
    <property name="java.vendor.url" value="https://adoptium.net/"/>
    <property name="user.timezone" value=""/>
    <property name="java.vm.specification.version" value="11"/>
    <property name="os.name" value="Linux"/>
    <property name="sun.java.launcher" value="SUN_STANDARD"/>
    <property name="sun.boot.library.path" value="/usr/lib/jvm/temurin-11-jdk-amd64/lib"/>
    <property name="sun.java.command" value="/home/runner/work/ratis/ratis/ratis-test/target/surefire/surefirebooter2009610666107497.jar /home/runner/work/ratis/ratis/ratis-test/target/surefire 2023-02-09T08-20-27_007-jvmRun1 surefire7104429741270150097tmp surefire_1212501388017658920582tmp"/>
    <property name="jdk.debug" value="release"/>
    <property name="surefire.test.class.path" value="/home/runner/work/ratis/ratis/ratis-test/target/test-classes:/home/runner/work/ratis/ratis/ratis-test/target/classes:/home/runner/work/ratis/ratis/ratis-common/target/classes:/home/runner/.m2/repository/org/apache/ratis/ratis-thirdparty-misc/1.0.3/ratis-thirdparty-misc-1.0.3.jar:/home/runner/work/ratis/ratis/ratis-proto/target/ratis-proto-3.0.0-SNAPSHOT.jar:/home/runner/work/ratis/ratis/ratis-common/target/test-classes:/home/runner/work/ratis/ratis/ratis-client/target/classes:/home/runner/work/ratis/ratis/ratis-server/target/classes:/home/runner/work/ratis/ratis/ratis-server-api/target/classes:/home/runner/work/ratis/ratis/ratis-metrics-api/target/classes:/home/runner/work/ratis/ratis/ratis-server/target/test-classes:/home/runner/work/ratis/ratis/ratis-metrics-default/target/classes:/home/runner/work/ratis/ratis/ratis-netty/target/classes:/home/runner/work/ratis/ratis/ratis-netty/target/test-classes:/home/runner/work/ratis/ratis/ratis-grpc/target/classes:/home/runner/work/ratis/ratis/ratis-grpc/target/test-classes:/home/runner/work/ratis/ratis/ratis-shell/target/classes:/home/runner/.m2/repository/commons-cli/commons-cli/1.5.0/commons-cli-1.5.0.jar:/home/runner/.m2/repository/org/reflections/reflections/0.10.2/reflections-0.10.2.jar:/home/runner/.m2/repository/org/javassist/javassist/3.28.0-GA/javassist-3.28.0-GA.jar:/home/runner/.m2/repository/com/google/code/findbugs/jsr305/3.0.2/jsr305-3.0.2.jar:/home/runner/.m2/repository/org/bouncycastle/bcprov-jdk15on/1.70/bcprov-jdk15on-1.70.jar:/home/runner/.m2/repository/org/bouncycastle/bcpkix-jdk15on/1.70/bcpkix-jdk15on-1.70.jar:/home/runner/.m2/repository/org/bouncycastle/bcutil-jdk15on/1.70/bcutil-jdk15on-1.70.jar:/home/runner/.m2/repository/org/slf4j/slf4j-api/1.7.36/slf4j-api-1.7.36.jar:/home/runner/.m2/repository/org/slf4j/slf4j-reload4j/1.7.36/slf4j-reload4j-1.7.36.jar:/home/runner/.m2/repository/ch/qos/reload4j/reload4j/1.2.19/reload4j-1.2.19.jar:/home/runner/.m2/repository/junit/junit/4.13.2/junit-4.13.2.jar:/home/runner/.m2/repository/org/hamcrest/hamcrest-core/1.3/hamcrest-core-1.3.jar:/home/runner/.m2/repository/org/mockito/mockito-core/4.3.1/mockito-core-4.3.1.jar:/home/runner/.m2/repository/net/bytebuddy/byte-buddy/1.12.7/byte-buddy-1.12.7.jar:/home/runner/.m2/repository/net/bytebuddy/byte-buddy-agent/1.12.7/byte-buddy-agent-1.12.7.jar:/home/runner/.m2/repository/org/objenesis/objenesis/3.2/objenesis-3.2.jar:"/>
    <property name="sun.cpu.endian" value="little"/>
    <property name="user.home" value="/home/runner"/>
    <property name="user.language" value="en"/>
    <property name="java.specification.vendor" value="Oracle Corporation"/>
    <property name="java.version.date" value="2023-01-17"/>
    <property name="java.home" value="/usr/lib/jvm/temurin-11-jdk-amd64"/>
    <property name="file.separator" value="/"/>
    <property name="basedir" value="/home/runner/work/ratis/ratis/ratis-test"/>
    <property name="java.vm.compressedOopsMode" value="32-bit"/>
    <property name="line.separator" value="&#10;"/>
    <property name="java.specification.name" value="Java Platform API Specification"/>
    <property name="java.vm.specification.vendor" value="Oracle Corporation"/>
    <property name="java.awt.graphicsenv" value="sun.awt.X11GraphicsEnvironment"/>
    <property name="surefire.real.class.path" value="/home/runner/work/ratis/ratis/ratis-test/target/surefire/surefirebooter2009610666107497.jar"/>
    <property name="sun.management.compiler" value="HotSpot 64-Bit Tiered Compilers"/>
    <property name="java.runtime.version" value="11.0.18+10"/>
    <property name="user.name" value="runner"/>
    <property name="java.net.preferIPv4Stack" value="true"/>
    <property name="path.separator" value=":"/>
    <property name="os.version" value="5.15.0-1031-azure"/>
    <property name="java.runtime.name" value="OpenJDK Runtime Environment"/>
    <property name="file.encoding" value="UTF-8"/>
    <property name="java.vm.name" value="OpenJDK 64-Bit Server VM"/>
    <property name="java.vendor.version" value="Temurin-11.0.18+10"/>
    <property name="localRepository" value="/home/runner/.m2/repository"/>
    <property name="java.vendor.url.bug" value="https://github.com/adoptium/adoptium-support/issues"/>
    <property name="java.io.tmpdir" value="/tmp"/>
    <property name="java.version" value="11.0.18"/>
    <property name="user.dir" value="/home/runner/work/ratis/ratis/ratis-test"/>
    <property name="os.arch" value="amd64"/>
    <property name="ratis.tmp.dir" value="/home/runner/work/ratis/ratis/ratis-test/target/tmp"/>
    <property name="java.vm.specification.name" value="Java Virtual Machine Specification"/>
    <property name="java.awt.printerjob" value="sun.print.PSPrinterJob"/>
    <property name="ratis.log.dir" value="/home/runner/work/ratis/ratis/ratis-test/target/log"/>
    <property name="sun.os.patch.level" value="unknown"/>
    <property name="java.library.path" value="/usr/java/packages/lib:/usr/lib64:/lib64:/lib:/usr/lib"/>
    <property name="java.vm.info" value="mixed mode"/>
    <property name="java.vendor" value="Eclipse Adoptium"/>
    <property name="java.vm.version" value="11.0.18+10"/>
    <property name="sun.io.unicode.encoding" value="UnicodeLittle"/>
    <property name="java.class.version" value="55.0"/>
  </properties>
  <testcase name="testInstallSnapshotInstalledEvent" classname="org.apache.ratis.grpc.TestInstallSnapshotNotificationWithGrpc" time="4.962"/>
  <testcase name="testAddNewFollowers" classname="org.apache.ratis.grpc.TestInstallSnapshotNotificationWithGrpc" time="3.154"/>
  <testcase name="testInstallSnapshotDuringBootstrap" classname="org.apache.ratis.grpc.TestInstallSnapshotNotificationWithGrpc" time="2.049"/>
  <testcase name="testRestartFollower" classname="org.apache.ratis.grpc.TestInstallSnapshotNotificationWithGrpc" time="63.198">
    <error message="s0@group-5D8BFF2AC38C-SegmentedRaftLog is expected to be opened but it is CLOSED" type="java.lang.IllegalStateException">java.lang.IllegalStateException: s0@group-5D8BFF2AC38C-SegmentedRaftLog is expected to be opened but it is CLOSED
	at org.apache.ratis.util.OpenCloseState.assertOpen(OpenCloseState.java:63)
	at org.apache.ratis.server.raftlog.RaftLogBase.checkLogState(RaftLogBase.java:111)
	at org.apache.ratis.server.raftlog.segmented.SegmentedRaftLog.getLastEntryTermIndex(SegmentedRaftLog.java:341)
	at org.apache.ratis.server.raftlog.RaftLog.getNextIndex(RaftLog.java:83)
	at org.apache.ratis.InstallSnapshotNotificationTests.testRestartFollower(InstallSnapshotNotificationTests.java:272)
	at org.apache.ratis.server.impl.MiniRaftCluster$Factory$Get.runWithNewCluster(MiniRaftCluster.java:141)
	at org.apache.ratis.server.impl.MiniRaftCluster$Factory$Get.runWithNewCluster(MiniRaftCluster.java:121)
	at org.apache.ratis.InstallSnapshotNotificationTests.testRestartFollower(InstallSnapshotNotificationTests.java:255)
	at java.base/jdk.internal.reflect.NativeMethodAccessorImpl.invoke0(Native Method)
	at java.base/jdk.internal.reflect.NativeMethodAccessorImpl.invoke(NativeMethodAccessorImpl.java:62)
	at java.base/jdk.internal.reflect.DelegatingMethodAccessorImpl.invoke(DelegatingMethodAccessorImpl.java:43)
	at java.base/java.lang.reflect.Method.invoke(Method.java:566)
	at org.junit.runners.model.FrameworkMethod$1.runReflectiveCall(FrameworkMethod.java:59)
	at org.junit.internal.runners.model.ReflectiveCallable.run(ReflectiveCallable.java:12)
	at org.junit.runners.model.FrameworkMethod.invokeExplosively(FrameworkMethod.java:56)
	at org.junit.internal.runners.statements.InvokeMethod.evaluate(InvokeMethod.java:17)
	at org.junit.internal.runners.statements.RunAfters.evaluate(RunAfters.java:27)
	at org.junit.internal.runners.statements.FailOnTimeout$CallableStatement.call(FailOnTimeout.java:299)
	at org.junit.internal.runners.statements.FailOnTimeout$CallableStatement.call(FailOnTimeout.java:293)
	at java.base/java.util.concurrent.FutureTask.run(FutureTask.java:264)
	at java.base/java.lang.Thread.run(Thread.java:829)
Caused by: org.apache.ratis.util.OpenCloseState$CloseTrace: Close s0@group-5D8BFF2AC38C-SegmentedRaftLog
	at org.apache.ratis.util.OpenCloseState.lambda$close$1(OpenCloseState.java:109)
	at java.base/java.util.concurrent.atomic.AtomicReference.getAndUpdate(AtomicReference.java:187)
	at org.apache.ratis.util.OpenCloseState.close(OpenCloseState.java:109)
	at org.apache.ratis.server.raftlog.RaftLogBase.close(RaftLogBase.java:365)
	at org.apache.ratis.server.raftlog.segmented.SegmentedRaftLog.close(SegmentedRaftLog.java:505)
	at org.apache.ratis.server.impl.ServerState.close(ServerState.java:418)
	at org.apache.ratis.server.impl.RaftServerImpl.lambda$close$4(RaftServerImpl.java:488)
	at org.apache.ratis.util.LifeCycle.lambda$checkStateAndClose$4(LifeCycle.java:299)
	at org.apache.ratis.util.LifeCycle.checkStateAndClose(LifeCycle.java:319)
	at org.apache.ratis.util.LifeCycle.checkStateAndClose(LifeCycle.java:297)
	at org.apache.ratis.server.impl.RaftServerImpl.close(RaftServerImpl.java:465)
	at org.apache.ratis.server.impl.StateMachineUpdater.run(StateMachineUpdater.java:196)
	... 1 more
</error>
    <system-out><![CDATA[2023-02-09 08:25:10,356 [main] INFO  util.LogUtils (Slf4jUtils.java:setLogLevel(38)) - Successfully set org.apache.ratis.conf.ConfUtils log level to WARN
2023-02-09 08:25:10,357 [main] INFO  util.LogUtils (Slf4jUtils.java:setLogLevel(38)) - Successfully set org.apache.ratis.util.FileUtils log level to TRACE
2023-02-09 08:25:10,357 [main] INFO  util.LogUtils (Slf4jUtils.java:setLogLevel(38)) - Successfully set org.apache.ratis.server.raftlog.RaftLog log level to DEBUG
2023-02-09 08:25:10,358 [Time-limited test] INFO  impl.MiniRaftCluster (MiniRaftCluster.java:runWithNewCluster(135)) - Running runWithNewCluster
2023-02-09 08:25:10,359 [Time-limited test] INFO  impl.MiniRaftCluster (MiniRaftCluster.java:<init>(306)) - new MiniRaftClusterWithGrpc with group-5D8BFF2AC38C:[s0|rpc:localhost:42371|admin:localhost:36531|client:localhost:36379|dataStream:localhost:43129|priority:0|startupRole:FOLLOWER, s1|rpc:localhost:35679|admin:localhost:44855|client:localhost:41371|dataStream:localhost:42433|priority:0|startupRole:FOLLOWER, s2|rpc:localhost:39787|admin:localhost:44467|client:localhost:41113|dataStream:localhost:33651|priority:0|startupRole:FOLLOWER]
2023-02-09 08:25:10,359 [Time-limited test] INFO  impl.MiniRaftCluster (MiniRaftCluster.java:start(339)) - .............................................................. 
2023-02-09 08:25:10,359 [Time-limited test] INFO  impl.MiniRaftCluster (MiniRaftCluster.java:start(340)) - ... 
2023-02-09 08:25:10,359 [Time-limited test] INFO  impl.MiniRaftCluster (MiniRaftCluster.java:start(341)) - ...     Starting MiniRaftClusterWithGrpc
2023-02-09 08:25:10,359 [Time-limited test] INFO  impl.MiniRaftCluster (MiniRaftCluster.java:start(342)) - ... 
2023-02-09 08:25:10,359 [Time-limited test] INFO  impl.MiniRaftCluster (MiniRaftCluster.java:start(343)) - .............................................................. 
2023-02-09 08:25:10,359 [Time-limited test] INFO  impl.MiniRaftCluster (MiniRaftCluster.java:initServers(318)) - servers = {}
2023-02-09 08:25:10,359 [Time-limited test] INFO  impl.MiniRaftCluster (MiniRaftCluster.java:newRaftServer(382)) - newRaftServer: s0, group-5D8BFF2AC38C:[s0|rpc:localhost:42371|admin:localhost:36531|client:localhost:36379|dataStream:localhost:43129|priority:0|startupRole:FOLLOWER, s1|rpc:localhost:35679|admin:localhost:44855|client:localhost:41371|dataStream:localhost:42433|priority:0|startupRole:FOLLOWER, s2|rpc:localhost:39787|admin:localhost:44467|client:localhost:41113|dataStream:localhost:33651|priority:0|startupRole:FOLLOWER], format? true
2023-02-09 08:25:10,359 [Time-limited test] TRACE util.FileUtils (FileUtils.java:deleteFully(201)) - deleteFully target/test/data/ca75353f/MiniRaftClusterWithGrpc52e54005/s0
2023-02-09 08:25:10,359 [Time-limited test] TRACE util.FileUtils (FileUtils.java:deleteFully(217)) - deleteFully: target/test/data/ca75353f/MiniRaftClusterWithGrpc52e54005/s0 does not exist.
2023-02-09 08:25:10,360 [Time-limited test] INFO  impl.MiniRaftCluster (MiniRaftCluster.java:newRaftServer(387)) - Formatted directory target/test/data/ca75353f/MiniRaftClusterWithGrpc52e54005/s0
2023-02-09 08:25:10,360 [Time-limited test] INFO  server.RaftServer (ConfUtils.java:logGet(46)) - raft.rpc.type = GRPC (default)
2023-02-09 08:25:10,360 [Time-limited test] INFO  grpc.GrpcConfigKeys (ConfUtils.java:logFallback(53)) - raft.grpc.admin.host = null (fallback to raft.grpc.server.host)
2023-02-09 08:25:10,360 [Time-limited test] INFO  grpc.GrpcConfigKeys (ConfUtils.java:logGet(46)) - raft.grpc.admin.port = 36531 (custom)
2023-02-09 08:25:10,360 [Time-limited test] INFO  grpc.GrpcConfigKeys (ConfUtils.java:logFallback(53)) - raft.grpc.client.host = null (fallback to raft.grpc.server.host)
2023-02-09 08:25:10,360 [Time-limited test] INFO  grpc.GrpcConfigKeys (ConfUtils.java:logGet(46)) - raft.grpc.client.port = 36379 (custom)
2023-02-09 08:25:10,360 [Time-limited test] INFO  grpc.GrpcConfigKeys (ConfUtils.java:logGet(46)) - raft.grpc.server.host = null (default)
2023-02-09 08:25:10,360 [Time-limited test] INFO  grpc.GrpcConfigKeys (ConfUtils.java:logGet(46)) - raft.grpc.server.port = 42371 (custom)
2023-02-09 08:25:10,360 [Time-limited test] INFO  server.GrpcService (ConfUtils.java:logGet(46)) - raft.grpc.message.size.max = 64MB (=67108864) (default)
2023-02-09 08:25:10,361 [Time-limited test] INFO  server.RaftServerConfigKeys (ConfUtils.java:logGet(46)) - raft.server.log.appender.buffer.byte-limit = 4MB (=4194304) (default)
2023-02-09 08:25:10,361 [Time-limited test] INFO  server.GrpcService (ConfUtils.java:logGet(46)) - raft.grpc.flow.control.window = 1MB (=1048576) (default)
2023-02-09 08:25:10,361 [Time-limited test] INFO  server.RaftServerConfigKeys (ConfUtils.java:logGet(46)) - raft.server.rpc.request.timeout = 3000ms (default)
2023-02-09 08:25:10,361 [Time-limited test] INFO  grpc.GrpcConfigKeys (ConfUtils.java:logGet(46)) - raft.grpc.server.heartbeat.channel = true (default)
2023-02-09 08:25:10,361 [Time-limited test] INFO  grpc.GrpcConfigKeys (ConfUtils.java:logGet(46)) - raft.grpc.server.async.request.thread.pool.cached = true (default)
2023-02-09 08:25:10,361 [Time-limited test] INFO  grpc.GrpcConfigKeys (ConfUtils.java:logGet(46)) - raft.grpc.server.async.request.thread.pool.size = 32 (default)
2023-02-09 08:25:10,362 [Time-limited test] INFO  impl.DataStreamServerImpl (ConfUtils.java:logGet(46)) - raft.datastream.type = DISABLED (default)
2023-02-09 08:25:10,362 [Time-limited test] INFO  server.RaftServerConfigKeys (ConfUtils.java:logGet(46)) - raft.server.threadpool.proxy.cached = true (default)
2023-02-09 08:25:10,362 [Time-limited test] INFO  server.RaftServerConfigKeys (ConfUtils.java:logGet(46)) - raft.server.threadpool.proxy.size = 0 (default)
2023-02-09 08:25:10,363 [Time-limited test] INFO  server.RaftServerConfigKeys (ConfUtils.java:logGet(46)) - raft.server.rpc.slowness.timeout = 60s (default)
2023-02-09 08:25:10,363 [Time-limited test] INFO  server.RaftServerConfigKeys (ConfUtils.java:logGet(46)) - raft.server.leaderelection.leader.step-down.wait-time = 10s (default)
2023-02-09 08:25:10,364 [Time-limited test] INFO  server.RaftServerConfigKeys (ConfUtils.java:logGet(46)) - raft.server.storage.dir = [/home/runner/work/ratis/ratis/ratis-test/target/test/data/ca75353f/MiniRaftClusterWithGrpc52e54005/s0] (custom)
2023-02-09 08:25:10,364 [Time-limited test] INFO  server.RaftServer (RaftServerProxy.java:addNew(99)) - s0: addNew group-5D8BFF2AC38C:[s0|rpc:localhost:42371|admin:localhost:36531|client:localhost:36379|dataStream:localhost:43129|priority:0|startupRole:FOLLOWER, s1|rpc:localhost:35679|admin:localhost:44855|client:localhost:41371|dataStream:localhost:42433|priority:0|startupRole:FOLLOWER, s2|rpc:localhost:39787|admin:localhost:44467|client:localhost:41113|dataStream:localhost:33651|priority:0|startupRole:FOLLOWER] returns group-5D8BFF2AC38C:java.util.concurrent.CompletableFuture@65d1f7f[Not completed]
2023-02-09 08:25:10,364 [Time-limited test] INFO  impl.MiniRaftCluster (MiniRaftCluster.java:newRaftServer(382)) - newRaftServer: s1, group-5D8BFF2AC38C:[s0|rpc:localhost:42371|admin:localhost:36531|client:localhost:36379|dataStream:localhost:43129|priority:0|startupRole:FOLLOWER, s1|rpc:localhost:35679|admin:localhost:44855|client:localhost:41371|dataStream:localhost:42433|priority:0|startupRole:FOLLOWER, s2|rpc:localhost:39787|admin:localhost:44467|client:localhost:41113|dataStream:localhost:33651|priority:0|startupRole:FOLLOWER], format? true
2023-02-09 08:25:10,364 [Time-limited test] TRACE util.FileUtils (FileUtils.java:deleteFully(201)) - deleteFully target/test/data/ca75353f/MiniRaftClusterWithGrpc52e54005/s1
2023-02-09 08:25:10,364 [Time-limited test] TRACE util.FileUtils (FileUtils.java:deleteFully(217)) - deleteFully: target/test/data/ca75353f/MiniRaftClusterWithGrpc52e54005/s1 does not exist.
2023-02-09 08:25:10,364 [Time-limited test] INFO  impl.MiniRaftCluster (MiniRaftCluster.java:newRaftServer(387)) - Formatted directory target/test/data/ca75353f/MiniRaftClusterWithGrpc52e54005/s1
2023-02-09 08:25:10,365 [Time-limited test] INFO  server.RaftServer (ConfUtils.java:logGet(46)) - raft.rpc.type = GRPC (default)
2023-02-09 08:25:10,365 [Time-limited test] INFO  grpc.GrpcConfigKeys (ConfUtils.java:logFallback(53)) - raft.grpc.admin.host = null (fallback to raft.grpc.server.host)
2023-02-09 08:25:10,365 [Time-limited test] INFO  grpc.GrpcConfigKeys (ConfUtils.java:logGet(46)) - raft.grpc.admin.port = 44855 (custom)
2023-02-09 08:25:10,365 [Time-limited test] INFO  grpc.GrpcConfigKeys (ConfUtils.java:logFallback(53)) - raft.grpc.client.host = null (fallback to raft.grpc.server.host)
2023-02-09 08:25:10,365 [Time-limited test] INFO  grpc.GrpcConfigKeys (ConfUtils.java:logGet(46)) - raft.grpc.client.port = 41371 (custom)
2023-02-09 08:25:10,365 [Time-limited test] INFO  grpc.GrpcConfigKeys (ConfUtils.java:logGet(46)) - raft.grpc.server.host = null (default)
2023-02-09 08:25:10,365 [Time-limited test] INFO  grpc.GrpcConfigKeys (ConfUtils.java:logGet(46)) - raft.grpc.server.port = 35679 (custom)
2023-02-09 08:25:10,365 [Time-limited test] INFO  server.GrpcService (ConfUtils.java:logGet(46)) - raft.grpc.message.size.max = 64MB (=67108864) (default)
2023-02-09 08:25:10,365 [Time-limited test] INFO  server.RaftServerConfigKeys (ConfUtils.java:logGet(46)) - raft.server.log.appender.buffer.byte-limit = 4MB (=4194304) (default)
2023-02-09 08:25:10,365 [Time-limited test] INFO  server.GrpcService (ConfUtils.java:logGet(46)) - raft.grpc.flow.control.window = 1MB (=1048576) (default)
2023-02-09 08:25:10,365 [Time-limited test] INFO  server.RaftServerConfigKeys (ConfUtils.java:logGet(46)) - raft.server.rpc.request.timeout = 3000ms (default)
2023-02-09 08:25:10,365 [Time-limited test] INFO  grpc.GrpcConfigKeys (ConfUtils.java:logGet(46)) - raft.grpc.server.heartbeat.channel = true (default)
2023-02-09 08:25:10,365 [Time-limited test] INFO  grpc.GrpcConfigKeys (ConfUtils.java:logGet(46)) - raft.grpc.server.async.request.thread.pool.cached = true (default)
2023-02-09 08:25:10,365 [Time-limited test] INFO  grpc.GrpcConfigKeys (ConfUtils.java:logGet(46)) - raft.grpc.server.async.request.thread.pool.size = 32 (default)
2023-02-09 08:25:10,366 [Time-limited test] INFO  impl.DataStreamServerImpl (ConfUtils.java:logGet(46)) - raft.datastream.type = DISABLED (default)
2023-02-09 08:25:10,366 [Time-limited test] INFO  server.RaftServerConfigKeys (ConfUtils.java:logGet(46)) - raft.server.threadpool.proxy.cached = true (default)
2023-02-09 08:25:10,366 [Time-limited test] INFO  server.RaftServerConfigKeys (ConfUtils.java:logGet(46)) - raft.server.threadpool.proxy.size = 0 (default)
2023-02-09 08:25:10,366 [Time-limited test] INFO  server.RaftServerConfigKeys (ConfUtils.java:logGet(46)) - raft.server.rpc.slowness.timeout = 60s (default)
2023-02-09 08:25:10,366 [Time-limited test] INFO  server.RaftServerConfigKeys (ConfUtils.java:logGet(46)) - raft.server.leaderelection.leader.step-down.wait-time = 10s (default)
2023-02-09 08:25:10,366 [Time-limited test] INFO  server.RaftServerConfigKeys (ConfUtils.java:logGet(46)) - raft.server.storage.dir = [/home/runner/work/ratis/ratis/ratis-test/target/test/data/ca75353f/MiniRaftClusterWithGrpc52e54005/s1] (custom)
2023-02-09 08:25:10,368 [pool-27-thread-1] INFO  server.RaftServerConfigKeys (ConfUtils.java:logGet(46)) - raft.server.log.segment.size.max = 8MB (=8388608) (default)
2023-02-09 08:25:10,368 [pool-27-thread-1] INFO  server.RaftServerConfigKeys (ConfUtils.java:logGet(46)) - raft.server.log.preallocated.size = 4MB (=4194304) (default)
2023-02-09 08:25:10,368 [pool-27-thread-1] INFO  server.RaftServerConfigKeys (ConfUtils.java:logGet(46)) - raft.server.log.write.buffer.size = 64KB (=65536) (default)
2023-02-09 08:25:10,368 [pool-27-thread-1] INFO  server.RaftServer$Division (RaftServerImpl.java:<init>(198)) - s0: new RaftServerImpl for group-5D8BFF2AC38C:[s0|rpc:localhost:42371|admin:localhost:36531|client:localhost:36379|dataStream:localhost:43129|priority:0|startupRole:FOLLOWER, s1|rpc:localhost:35679|admin:localhost:44855|client:localhost:41371|dataStream:localhost:42433|priority:0|startupRole:FOLLOWER, s2|rpc:localhost:39787|admin:localhost:44467|client:localhost:41113|dataStream:localhost:33651|priority:0|startupRole:FOLLOWER] with StateMachine4InstallSnapshotNotificationTests:uninitialized
2023-02-09 08:25:10,368 [pool-27-thread-1] INFO  server.RaftServerConfigKeys (ConfUtils.java:logGet(46)) - raft.server.rpc.timeout.min = 150ms (default)
2023-02-09 08:25:10,368 [pool-27-thread-1] INFO  server.RaftServerConfigKeys (ConfUtils.java:logGet(46)) - raft.server.rpc.timeout.max = 300ms (default)
2023-02-09 08:25:10,368 [pool-27-thread-1] INFO  server.RaftServerConfigKeys (ConfUtils.java:logGet(46)) - raft.server.rpc.sleep.time = 25ms (default)
2023-02-09 08:25:10,368 [pool-27-thread-1] INFO  server.RaftServerConfigKeys (ConfUtils.java:logGet(46)) - raft.server.rpc.slowness.timeout = 60s (default)
2023-02-09 08:25:10,368 [pool-27-thread-1] INFO  server.RaftServerConfigKeys (ConfUtils.java:logGet(46)) - raft.server.leaderelection.leader.step-down.wait-time = 10s (default)
2023-02-09 08:25:10,368 [pool-27-thread-1] INFO  server.RaftServerConfigKeys (ConfUtils.java:logGet(46)) - raft.server.sleep.deviation.threshold = 300ms (default)
2023-02-09 08:25:10,368 [pool-27-thread-1] INFO  server.RaftServer$Division (ServerState.java:<init>(113)) - s0@group-5D8BFF2AC38C: ConfigurationManager, init=-1: peers:[s0|rpc:localhost:42371|admin:localhost:36531|client:localhost:36379|dataStream:localhost:43129|priority:0|startupRole:FOLLOWER, s1|rpc:localhost:35679|admin:localhost:44855|client:localhost:41371|dataStream:localhost:42433|priority:0|startupRole:FOLLOWER, s2|rpc:localhost:39787|admin:localhost:44467|client:localhost:41113|dataStream:localhost:33651|priority:0|startupRole:FOLLOWER]|listeners:[], old=null, confs=<EMPTY_MAP>
2023-02-09 08:25:10,368 [pool-27-thread-1] INFO  server.RaftServerConfigKeys (ConfUtils.java:logGet(46)) - raft.server.notification.no-leader.timeout = 60s (default)
2023-02-09 08:25:10,369 [pool-27-thread-1] INFO  server.RaftServerConfigKeys (ConfUtils.java:logGet(46)) - raft.server.read.timeout = 10s (default)
2023-02-09 08:25:10,369 [pool-27-thread-1] INFO  server.RaftServerConfigKeys (ConfUtils.java:logGet(46)) - raft.server.retrycache.expirytime = 60s (default)
2023-02-09 08:25:10,369 [pool-27-thread-1] INFO  server.RaftServerConfigKeys (ConfUtils.java:logGet(46)) - raft.server.retrycache.statistics.expirytime = 100μs (default)
2023-02-09 08:25:10,369 [pool-27-thread-1] INFO  server.RaftServerConfigKeys (ConfUtils.java:logGet(46)) - raft.server.read.option = DEFAULT (default)
2023-02-09 08:25:10,370 [pool-27-thread-1] INFO  server.RaftServerConfigKeys (ConfUtils.java:logGet(46)) - raft.server.log.appender.install.snapshot.enabled = false (custom)
2023-02-09 08:25:10,371 [pool-27-thread-1] INFO  server.RaftServerConfigKeys (ConfUtils.java:logGet(46)) - raft.server.threadpool.server.cached = true (default)
2023-02-09 08:25:10,371 [pool-27-thread-1] INFO  server.RaftServerConfigKeys (ConfUtils.java:logGet(46)) - raft.server.threadpool.server.size = 0 (default)
2023-02-09 08:25:10,371 [pool-27-thread-1] INFO  server.RaftServerConfigKeys (ConfUtils.java:logGet(46)) - raft.server.threadpool.client.cached = true (default)
2023-02-09 08:25:10,371 [pool-27-thread-1] INFO  server.RaftServerConfigKeys (ConfUtils.java:logGet(46)) - raft.server.threadpool.client.size = 0 (default)
2023-02-09 08:25:10,371 [Time-limited test] INFO  server.RaftServer (RaftServerProxy.java:addNew(99)) - s1: addNew group-5D8BFF2AC38C:[s0|rpc:localhost:42371|admin:localhost:36531|client:localhost:36379|dataStream:localhost:43129|priority:0|startupRole:FOLLOWER, s1|rpc:localhost:35679|admin:localhost:44855|client:localhost:41371|dataStream:localhost:42433|priority:0|startupRole:FOLLOWER, s2|rpc:localhost:39787|admin:localhost:44467|client:localhost:41113|dataStream:localhost:33651|priority:0|startupRole:FOLLOWER] returns group-5D8BFF2AC38C:java.util.concurrent.CompletableFuture@83aa0af[Not completed]
2023-02-09 08:25:10,371 [Time-limited test] INFO  impl.MiniRaftCluster (MiniRaftCluster.java:newRaftServer(382)) - newRaftServer: s2, group-5D8BFF2AC38C:[s0|rpc:localhost:42371|admin:localhost:36531|client:localhost:36379|dataStream:localhost:43129|priority:0|startupRole:FOLLOWER, s1|rpc:localhost:35679|admin:localhost:44855|client:localhost:41371|dataStream:localhost:42433|priority:0|startupRole:FOLLOWER, s2|rpc:localhost:39787|admin:localhost:44467|client:localhost:41113|dataStream:localhost:33651|priority:0|startupRole:FOLLOWER], format? true
2023-02-09 08:25:10,371 [Time-limited test] TRACE util.FileUtils (FileUtils.java:deleteFully(201)) - deleteFully target/test/data/ca75353f/MiniRaftClusterWithGrpc52e54005/s2
2023-02-09 08:25:10,371 [pool-28-thread-1] INFO  server.RaftServerConfigKeys (ConfUtils.java:logGet(46)) - raft.server.log.segment.size.max = 8MB (=8388608) (default)
2023-02-09 08:25:10,371 [Time-limited test] TRACE util.FileUtils (FileUtils.java:deleteFully(217)) - deleteFully: target/test/data/ca75353f/MiniRaftClusterWithGrpc52e54005/s2 does not exist.
2023-02-09 08:25:10,371 [Time-limited test] INFO  impl.MiniRaftCluster (MiniRaftCluster.java:newRaftServer(387)) - Formatted directory target/test/data/ca75353f/MiniRaftClusterWithGrpc52e54005/s2
2023-02-09 08:25:10,371 [pool-28-thread-1] INFO  server.RaftServerConfigKeys (ConfUtils.java:logGet(46)) - raft.server.log.preallocated.size = 4MB (=4194304) (default)
2023-02-09 08:25:10,371 [pool-28-thread-1] INFO  server.RaftServerConfigKeys (ConfUtils.java:logGet(46)) - raft.server.log.write.buffer.size = 64KB (=65536) (default)
2023-02-09 08:25:10,372 [Time-limited test] INFO  server.RaftServer (ConfUtils.java:logGet(46)) - raft.rpc.type = GRPC (default)
2023-02-09 08:25:10,372 [Time-limited test] INFO  grpc.GrpcConfigKeys (ConfUtils.java:logFallback(53)) - raft.grpc.admin.host = null (fallback to raft.grpc.server.host)
2023-02-09 08:25:10,372 [Time-limited test] INFO  grpc.GrpcConfigKeys (ConfUtils.java:logGet(46)) - raft.grpc.admin.port = 44467 (custom)
2023-02-09 08:25:10,372 [Time-limited test] INFO  grpc.GrpcConfigKeys (ConfUtils.java:logFallback(53)) - raft.grpc.client.host = null (fallback to raft.grpc.server.host)
2023-02-09 08:25:10,372 [pool-28-thread-1] INFO  server.RaftServer$Division (RaftServerImpl.java:<init>(198)) - s1: new RaftServerImpl for group-5D8BFF2AC38C:[s0|rpc:localhost:42371|admin:localhost:36531|client:localhost:36379|dataStream:localhost:43129|priority:0|startupRole:FOLLOWER, s1|rpc:localhost:35679|admin:localhost:44855|client:localhost:41371|dataStream:localhost:42433|priority:0|startupRole:FOLLOWER, s2|rpc:localhost:39787|admin:localhost:44467|client:localhost:41113|dataStream:localhost:33651|priority:0|startupRole:FOLLOWER] with StateMachine4InstallSnapshotNotificationTests:uninitialized
2023-02-09 08:25:10,372 [Time-limited test] INFO  grpc.GrpcConfigKeys (ConfUtils.java:logGet(46)) - raft.grpc.client.port = 41113 (custom)
2023-02-09 08:25:10,372 [Time-limited test] INFO  grpc.GrpcConfigKeys (ConfUtils.java:logGet(46)) - raft.grpc.server.host = null (default)
2023-02-09 08:25:10,372 [Time-limited test] INFO  grpc.GrpcConfigKeys (ConfUtils.java:logGet(46)) - raft.grpc.server.port = 39787 (custom)
2023-02-09 08:25:10,372 [pool-28-thread-1] INFO  server.RaftServerConfigKeys (ConfUtils.java:logGet(46)) - raft.server.rpc.timeout.min = 150ms (default)
2023-02-09 08:25:10,372 [Time-limited test] INFO  server.GrpcService (ConfUtils.java:logGet(46)) - raft.grpc.message.size.max = 64MB (=67108864) (default)
2023-02-09 08:25:10,372 [Time-limited test] INFO  server.RaftServerConfigKeys (ConfUtils.java:logGet(46)) - raft.server.log.appender.buffer.byte-limit = 4MB (=4194304) (default)
2023-02-09 08:25:10,372 [Time-limited test] INFO  server.GrpcService (ConfUtils.java:logGet(46)) - raft.grpc.flow.control.window = 1MB (=1048576) (default)
2023-02-09 08:25:10,372 [Time-limited test] INFO  server.RaftServerConfigKeys (ConfUtils.java:logGet(46)) - raft.server.rpc.request.timeout = 3000ms (default)
2023-02-09 08:25:10,372 [Time-limited test] INFO  grpc.GrpcConfigKeys (ConfUtils.java:logGet(46)) - raft.grpc.server.heartbeat.channel = true (default)
2023-02-09 08:25:10,372 [pool-28-thread-1] INFO  server.RaftServerConfigKeys (ConfUtils.java:logGet(46)) - raft.server.rpc.timeout.max = 300ms (default)
2023-02-09 08:25:10,372 [Time-limited test] INFO  grpc.GrpcConfigKeys (ConfUtils.java:logGet(46)) - raft.grpc.server.async.request.thread.pool.cached = true (default)
2023-02-09 08:25:10,372 [Time-limited test] INFO  grpc.GrpcConfigKeys (ConfUtils.java:logGet(46)) - raft.grpc.server.async.request.thread.pool.size = 32 (default)
2023-02-09 08:25:10,372 [pool-28-thread-1] INFO  server.RaftServerConfigKeys (ConfUtils.java:logGet(46)) - raft.server.rpc.sleep.time = 25ms (default)
2023-02-09 08:25:10,373 [pool-28-thread-1] INFO  server.RaftServerConfigKeys (ConfUtils.java:logGet(46)) - raft.server.rpc.slowness.timeout = 60s (default)
2023-02-09 08:25:10,373 [pool-28-thread-1] INFO  server.RaftServerConfigKeys (ConfUtils.java:logGet(46)) - raft.server.leaderelection.leader.step-down.wait-time = 10s (default)
2023-02-09 08:25:10,373 [pool-28-thread-1] INFO  server.RaftServerConfigKeys (ConfUtils.java:logGet(46)) - raft.server.sleep.deviation.threshold = 300ms (default)
2023-02-09 08:25:10,373 [pool-28-thread-1] INFO  server.RaftServer$Division (ServerState.java:<init>(113)) - s1@group-5D8BFF2AC38C: ConfigurationManager, init=-1: peers:[s0|rpc:localhost:42371|admin:localhost:36531|client:localhost:36379|dataStream:localhost:43129|priority:0|startupRole:FOLLOWER, s1|rpc:localhost:35679|admin:localhost:44855|client:localhost:41371|dataStream:localhost:42433|priority:0|startupRole:FOLLOWER, s2|rpc:localhost:39787|admin:localhost:44467|client:localhost:41113|dataStream:localhost:33651|priority:0|startupRole:FOLLOWER]|listeners:[], old=null, confs=<EMPTY_MAP>
2023-02-09 08:25:10,373 [pool-28-thread-1] INFO  server.RaftServerConfigKeys (ConfUtils.java:logGet(46)) - raft.server.notification.no-leader.timeout = 60s (default)
2023-02-09 08:25:10,373 [pool-28-thread-1] INFO  server.RaftServerConfigKeys (ConfUtils.java:logGet(46)) - raft.server.read.timeout = 10s (default)
2023-02-09 08:25:10,373 [pool-28-thread-1] INFO  server.RaftServerConfigKeys (ConfUtils.java:logGet(46)) - raft.server.retrycache.expirytime = 60s (default)
2023-02-09 08:25:10,373 [pool-28-thread-1] INFO  server.RaftServerConfigKeys (ConfUtils.java:logGet(46)) - raft.server.retrycache.statistics.expirytime = 100μs (default)
2023-02-09 08:25:10,373 [pool-28-thread-1] INFO  server.RaftServerConfigKeys (ConfUtils.java:logGet(46)) - raft.server.read.option = DEFAULT (default)
2023-02-09 08:25:10,374 [pool-28-thread-1] INFO  server.RaftServerConfigKeys (ConfUtils.java:logGet(46)) - raft.server.log.appender.install.snapshot.enabled = false (custom)
2023-02-09 08:25:10,374 [Time-limited test] INFO  impl.DataStreamServerImpl (ConfUtils.java:logGet(46)) - raft.datastream.type = DISABLED (default)
2023-02-09 08:25:10,374 [pool-28-thread-1] INFO  server.RaftServerConfigKeys (ConfUtils.java:logGet(46)) - raft.server.threadpool.server.cached = true (default)
2023-02-09 08:25:10,374 [Time-limited test] INFO  server.RaftServerConfigKeys (ConfUtils.java:logGet(46)) - raft.server.threadpool.proxy.cached = true (default)
2023-02-09 08:25:10,374 [Time-limited test] INFO  server.RaftServerConfigKeys (ConfUtils.java:logGet(46)) - raft.server.threadpool.proxy.size = 0 (default)
2023-02-09 08:25:10,374 [pool-28-thread-1] INFO  server.RaftServerConfigKeys (ConfUtils.java:logGet(46)) - raft.server.threadpool.server.size = 0 (default)
2023-02-09 08:25:10,374 [Time-limited test] INFO  server.RaftServerConfigKeys (ConfUtils.java:logGet(46)) - raft.server.rpc.slowness.timeout = 60s (default)
2023-02-09 08:25:10,374 [Time-limited test] INFO  server.RaftServerConfigKeys (ConfUtils.java:logGet(46)) - raft.server.leaderelection.leader.step-down.wait-time = 10s (default)
2023-02-09 08:25:10,374 [pool-28-thread-1] INFO  server.RaftServerConfigKeys (ConfUtils.java:logGet(46)) - raft.server.threadpool.client.cached = true (default)
2023-02-09 08:25:10,374 [pool-28-thread-1] INFO  server.RaftServerConfigKeys (ConfUtils.java:logGet(46)) - raft.server.threadpool.client.size = 0 (default)
2023-02-09 08:25:10,374 [Time-limited test] INFO  server.RaftServerConfigKeys (ConfUtils.java:logGet(46)) - raft.server.storage.dir = [/home/runner/work/ratis/ratis/ratis-test/target/test/data/ca75353f/MiniRaftClusterWithGrpc52e54005/s2] (custom)
2023-02-09 08:25:10,375 [Time-limited test] INFO  server.RaftServer (RaftServerProxy.java:addNew(99)) - s2: addNew group-5D8BFF2AC38C:[s0|rpc:localhost:42371|admin:localhost:36531|client:localhost:36379|dataStream:localhost:43129|priority:0|startupRole:FOLLOWER, s1|rpc:localhost:35679|admin:localhost:44855|client:localhost:41371|dataStream:localhost:42433|priority:0|startupRole:FOLLOWER, s2|rpc:localhost:39787|admin:localhost:44467|client:localhost:41113|dataStream:localhost:33651|priority:0|startupRole:FOLLOWER] returns group-5D8BFF2AC38C:java.util.concurrent.CompletableFuture@4edc9568[Not completed]
2023-02-09 08:25:10,375 [pool-30-thread-1] INFO  server.RaftServerConfigKeys (ConfUtils.java:logGet(46)) - raft.server.log.segment.size.max = 8MB (=8388608) (default)
2023-02-09 08:25:10,375 [pool-30-thread-1] INFO  server.RaftServerConfigKeys (ConfUtils.java:logGet(46)) - raft.server.log.preallocated.size = 4MB (=4194304) (default)
2023-02-09 08:25:10,375 [s0-impl-thread1] INFO  server.RaftServerConfigKeys (ConfUtils.java:logGet(46)) - raft.server.storage.free-space.min = 0MB (=0) (default)
2023-02-09 08:25:10,375 [s0-impl-thread1] INFO  server.RaftServerConfigKeys (ConfUtils.java:logGet(46)) - raft.server.log.corruption.policy = EXCEPTION (default)
2023-02-09 08:25:10,375 [s0-impl-thread1] INFO  server.RaftServerConfigKeys (ConfUtils.java:logGet(46)) - raft.server.storage.dir = [/home/runner/work/ratis/ratis/ratis-test/target/test/data/ca75353f/MiniRaftClusterWithGrpc52e54005/s0] (custom)
2023-02-09 08:25:10,375 [s0-impl-thread1] INFO  storage.RaftStorageDirectory (RaftStorageDirectoryImpl.java:analyzeStorage(138)) - The storage directory /home/runner/work/ratis/ratis/ratis-test/target/test/data/ca75353f/MiniRaftClusterWithGrpc52e54005/s0/d26acf42-c6a3-40ef-b2da-5d8bff2ac38c does not exist. Creating ...
2023-02-09 08:25:10,376 [s0-impl-thread1] TRACE util.FileUtils (LogUtils.java:runAndLog(49)) - Successfully ran Files.createDirectories /home/runner/work/ratis/ratis/ratis-test/target/test/data/ca75353f/MiniRaftClusterWithGrpc52e54005/s0/d26acf42-c6a3-40ef-b2da-5d8bff2ac38c
2023-02-09 08:25:10,376 [pool-30-thread-1] INFO  server.RaftServerConfigKeys (ConfUtils.java:logGet(46)) - raft.server.log.write.buffer.size = 64KB (=65536) (default)
2023-02-09 08:25:10,376 [pool-30-thread-1] INFO  server.RaftServer$Division (RaftServerImpl.java:<init>(198)) - s2: new RaftServerImpl for group-5D8BFF2AC38C:[s0|rpc:localhost:42371|admin:localhost:36531|client:localhost:36379|dataStream:localhost:43129|priority:0|startupRole:FOLLOWER, s1|rpc:localhost:35679|admin:localhost:44855|client:localhost:41371|dataStream:localhost:42433|priority:0|startupRole:FOLLOWER, s2|rpc:localhost:39787|admin:localhost:44467|client:localhost:41113|dataStream:localhost:33651|priority:0|startupRole:FOLLOWER] with StateMachine4InstallSnapshotNotificationTests:uninitialized
2023-02-09 08:25:10,376 [pool-30-thread-1] INFO  server.RaftServerConfigKeys (ConfUtils.java:logGet(46)) - raft.server.rpc.timeout.min = 150ms (default)
2023-02-09 08:25:10,376 [pool-30-thread-1] INFO  server.RaftServerConfigKeys (ConfUtils.java:logGet(46)) - raft.server.rpc.timeout.max = 300ms (default)
2023-02-09 08:25:10,376 [pool-30-thread-1] INFO  server.RaftServerConfigKeys (ConfUtils.java:logGet(46)) - raft.server.rpc.sleep.time = 25ms (default)
2023-02-09 08:25:10,376 [pool-30-thread-1] INFO  server.RaftServerConfigKeys (ConfUtils.java:logGet(46)) - raft.server.rpc.slowness.timeout = 60s (default)
2023-02-09 08:25:10,376 [pool-30-thread-1] INFO  server.RaftServerConfigKeys (ConfUtils.java:logGet(46)) - raft.server.leaderelection.leader.step-down.wait-time = 10s (default)
2023-02-09 08:25:10,377 [pool-30-thread-1] INFO  server.RaftServerConfigKeys (ConfUtils.java:logGet(46)) - raft.server.sleep.deviation.threshold = 300ms (default)
2023-02-09 08:25:10,377 [pool-30-thread-1] INFO  server.RaftServer$Division (ServerState.java:<init>(113)) - s2@group-5D8BFF2AC38C: ConfigurationManager, init=-1: peers:[s0|rpc:localhost:42371|admin:localhost:36531|client:localhost:36379|dataStream:localhost:43129|priority:0|startupRole:FOLLOWER, s1|rpc:localhost:35679|admin:localhost:44855|client:localhost:41371|dataStream:localhost:42433|priority:0|startupRole:FOLLOWER, s2|rpc:localhost:39787|admin:localhost:44467|client:localhost:41113|dataStream:localhost:33651|priority:0|startupRole:FOLLOWER]|listeners:[], old=null, confs=<EMPTY_MAP>
2023-02-09 08:25:10,377 [pool-30-thread-1] INFO  server.RaftServerConfigKeys (ConfUtils.java:logGet(46)) - raft.server.notification.no-leader.timeout = 60s (default)
2023-02-09 08:25:10,377 [s0-impl-thread1] INFO  storage.RaftStorageDirectory (RaftStorageDirectoryImpl.java:tryLock(232)) - Lock on /home/runner/work/ratis/ratis/ratis-test/target/test/data/ca75353f/MiniRaftClusterWithGrpc52e54005/s0/d26acf42-c6a3-40ef-b2da-5d8bff2ac38c/in_use.lock acquired by nodename 6826@fv-az177-968
2023-02-09 08:25:10,377 [s0-impl-thread1] TRACE util.FileUtils (LogUtils.java:runAndLog(49)) - Successfully ran Files.createDirectories /home/runner/work/ratis/ratis/ratis-test/target/test/data/ca75353f/MiniRaftClusterWithGrpc52e54005/s0/d26acf42-c6a3-40ef-b2da-5d8bff2ac38c/current
2023-02-09 08:25:10,377 [s0-impl-thread1] TRACE util.FileUtils (LogUtils.java:runAndLog(49)) - Successfully ran Files.createDirectories /home/runner/work/ratis/ratis/ratis-test/target/test/data/ca75353f/MiniRaftClusterWithGrpc52e54005/s0/d26acf42-c6a3-40ef-b2da-5d8bff2ac38c/sm
2023-02-09 08:25:10,377 [pool-30-thread-1] INFO  server.RaftServerConfigKeys (ConfUtils.java:logGet(46)) - raft.server.read.timeout = 10s (default)
2023-02-09 08:25:10,377 [pool-30-thread-1] INFO  server.RaftServerConfigKeys (ConfUtils.java:logGet(46)) - raft.server.retrycache.expirytime = 60s (default)
2023-02-09 08:25:10,377 [pool-30-thread-1] INFO  server.RaftServerConfigKeys (ConfUtils.java:logGet(46)) - raft.server.retrycache.statistics.expirytime = 100μs (default)
2023-02-09 08:25:10,378 [pool-30-thread-1] INFO  server.RaftServerConfigKeys (ConfUtils.java:logGet(46)) - raft.server.read.option = DEFAULT (default)
2023-02-09 08:25:10,378 [pool-30-thread-1] INFO  server.RaftServerConfigKeys (ConfUtils.java:logGet(46)) - raft.server.log.appender.install.snapshot.enabled = false (custom)
2023-02-09 08:25:10,378 [s0-impl-thread1] INFO  storage.RaftStorage (RaftStorageImpl.java:format(96)) - Storage directory /home/runner/work/ratis/ratis/ratis-test/target/test/data/ca75353f/MiniRaftClusterWithGrpc52e54005/s0/d26acf42-c6a3-40ef-b2da-5d8bff2ac38c has been successfully formatted.
2023-02-09 08:25:10,379 [s0-impl-thread1] INFO  impl.SimpleStateMachine4Testing (SimpleStateMachine4Testing.java:initialize(213)) - Initializing StateMachine4InstallSnapshotNotificationTests:uninitialized
2023-02-09 08:25:10,379 [s0-impl-thread1] INFO  impl.SimpleStateMachine4Testing (SimpleStateMachine4Testing.java:loadSnapshot(293)) - Loading snapshot null
2023-02-09 08:25:10,379 [s0-impl-thread1] INFO  server.RaftServerConfigKeys (ConfUtils.java:logGet(46)) - raft.server.log.use.memory = false (default)
2023-02-09 08:25:10,379 [s0-impl-thread1] INFO  server.RaftServerConfigKeys (ConfUtils.java:logGet(46)) - raft.server.log.purge.gap = 8 (custom)
2023-02-09 08:25:10,379 [s0-impl-thread1] INFO  server.RaftServerConfigKeys (ConfUtils.java:logGet(46)) - raft.server.log.appender.buffer.byte-limit = 4MB (=4194304) (default)
2023-02-09 08:25:10,379 [s0-impl-thread1] INFO  server.RaftServerConfigKeys (ConfUtils.java:logGet(46)) - raft.server.log.statemachine.data.read.timeout = 1000ms (default)
2023-02-09 08:25:10,379 [s0-impl-thread1] INFO  server.RaftServerConfigKeys (ConfUtils.java:logGet(46)) - raft.server.log.purge.preservation.log.num = 0 (default)
2023-02-09 08:25:10,379 [s0-impl-thread1] INFO  server.RaftServerConfigKeys (ConfUtils.java:logGet(46)) - raft.server.log.segment.size.max = 1024 (custom)
2023-02-09 08:25:10,379 [s0-impl-thread1] INFO  server.RaftServerConfigKeys (ConfUtils.java:logGet(46)) - raft.server.log.segment.cache.num.max = 6 (default)
2023-02-09 08:25:10,379 [s0-impl-thread1] INFO  server.RaftServerConfigKeys (ConfUtils.java:logGet(46)) - raft.server.log.segment.cache.size.max = 200MB (=209715200) (default)
2023-02-09 08:25:10,379 [s0-impl-thread1] INFO  segmented.SegmentedRaftLogWorker (SegmentedRaftLogWorker.java:<init>(184)) - new s0@group-5D8BFF2AC38C-SegmentedRaftLogWorker for RaftStorageImpl:Storage Directory /home/runner/work/ratis/ratis/ratis-test/target/test/data/ca75353f/MiniRaftClusterWithGrpc52e54005/s0/d26acf42-c6a3-40ef-b2da-5d8bff2ac38c
2023-02-09 08:25:10,379 [s0-impl-thread1] INFO  server.RaftServerConfigKeys (ConfUtils.java:logGet(46)) - raft.server.log.queue.byte-limit = 64MB (=67108864) (default)
2023-02-09 08:25:10,379 [s0-impl-thread1] INFO  server.RaftServerConfigKeys (ConfUtils.java:logGet(46)) - raft.server.log.queue.element-limit = 4096 (default)
2023-02-09 08:25:10,379 [s0-impl-thread1] INFO  server.RaftServerConfigKeys (ConfUtils.java:logGet(46)) - raft.server.log.segment.size.max = 1024 (custom)
2023-02-09 08:25:10,379 [s0-impl-thread1] INFO  server.RaftServerConfigKeys (ConfUtils.java:logGet(46)) - raft.server.log.preallocated.size = 4MB (=4194304) (default)
2023-02-09 08:25:10,379 [s0-impl-thread1] INFO  server.RaftServerConfigKeys (ConfUtils.java:logGet(46)) - raft.server.log.force.sync.num = 128 (default)
2023-02-09 08:25:10,379 [s0-impl-thread1] INFO  server.RaftServerConfigKeys (ConfUtils.java:logGet(46)) - raft.server.log.statemachine.data.sync = true (default)
2023-02-09 08:25:10,380 [s0-impl-thread1] INFO  server.RaftServerConfigKeys (ConfUtils.java:logGet(46)) - raft.server.log.statemachine.data.sync.timeout = 10s (default)
2023-02-09 08:25:10,380 [s0-impl-thread1] INFO  server.RaftServerConfigKeys (ConfUtils.java:logGet(46)) - raft.server.log.statemachine.data.sync.timeout.retry = -1 (default)
2023-02-09 08:25:10,380 [s0-impl-thread1] INFO  server.RaftServerConfigKeys (ConfUtils.java:logGet(46)) - raft.server.log.write.buffer.size = 64KB (=65536) (default)
2023-02-09 08:25:10,380 [s0-impl-thread1] INFO  server.RaftServerConfigKeys (ConfUtils.java:logGet(46)) - raft.server.log.appender.buffer.byte-limit = 4MB (=4194304) (default)
2023-02-09 08:25:10,380 [s0-impl-thread1] INFO  server.RaftServerConfigKeys (ConfUtils.java:logGet(46)) - raft.server.log.unsafe-flush.enabled = false (default)
2023-02-09 08:25:10,380 [s0-impl-thread1] INFO  server.RaftServerConfigKeys (ConfUtils.java:logGet(46)) - raft.server.log.async-flush.enabled = false (default)
2023-02-09 08:25:10,380 [s0-impl-thread1] INFO  server.RaftServerConfigKeys (ConfUtils.java:logGet(46)) - raft.server.log.statemachine.data.caching.enabled = false (default)
2023-02-09 08:25:10,381 [s0-impl-thread1] INFO  segmented.SegmentedRaftLogWorker (SegmentedRaftLogWorker.java:lambda$new$0(134)) - s0@group-5D8BFF2AC38C-SegmentedRaftLogWorker: flushIndex: setUnconditionally 0 -> -1
2023-02-09 08:25:10,381 [s0-impl-thread1] INFO  segmented.SegmentedRaftLogWorker (SegmentedRaftLogWorker.java:lambda$new$0(134)) - s0@group-5D8BFF2AC38C-SegmentedRaftLogWorker: safeCacheEvictIndex: setUnconditionally 0 -> -1
2023-02-09 08:25:10,381 [pool-30-thread-1] INFO  server.RaftServerConfigKeys (ConfUtils.java:logGet(46)) - raft.server.threadpool.server.cached = true (default)
2023-02-09 08:25:10,381 [pool-30-thread-1] INFO  server.RaftServerConfigKeys (ConfUtils.java:logGet(46)) - raft.server.threadpool.server.size = 0 (default)
2023-02-09 08:25:10,381 [pool-30-thread-1] INFO  server.RaftServerConfigKeys (ConfUtils.java:logGet(46)) - raft.server.threadpool.client.cached = true (default)
2023-02-09 08:25:10,381 [pool-30-thread-1] INFO  server.RaftServerConfigKeys (ConfUtils.java:logGet(46)) - raft.server.threadpool.client.size = 0 (default)
2023-02-09 08:25:10,382 [s0-impl-thread1] INFO  server.RaftServer$Division (RaftServerImpl.java:start(342)) - s0@group-5D8BFF2AC38C: start as a follower, conf=-1: peers:[s0|rpc:localhost:42371|admin:localhost:36531|client:localhost:36379|dataStream:localhost:43129|priority:0|startupRole:FOLLOWER, s1|rpc:localhost:35679|admin:localhost:44855|client:localhost:41371|dataStream:localhost:42433|priority:0|startupRole:FOLLOWER, s2|rpc:localhost:39787|admin:localhost:44467|client:localhost:41113|dataStream:localhost:33651|priority:0|startupRole:FOLLOWER]|listeners:[], old=null
2023-02-09 08:25:10,382 [s0-impl-thread1] INFO  server.RaftServer$Division (RaftServerImpl.java:setRole(329)) - s0@group-5D8BFF2AC38C: changes role from      null to FOLLOWER at term 0 for startAsFollower
2023-02-09 08:25:10,382 [s0-impl-thread1] INFO  impl.RoleInfo (RoleInfo.java:updateAndGet(139)) - s0: start s0@group-5D8BFF2AC38C-FollowerState
2023-02-09 08:25:10,386 [s0-impl-thread1] INFO  util.JmxRegister (JmxRegister.java:tryRegister(44)) - Successfully registered JMX Bean with object name Ratis:service=RaftServer,group=group-5D8BFF2AC38C,id=s0
2023-02-09 08:25:10,386 [s0-impl-thread1] INFO  server.RaftServerConfigKeys (ConfUtils.java:logGet(46)) - raft.server.snapshot.auto.trigger.enabled = true (custom)
2023-02-09 08:25:10,386 [s0-impl-thread1] INFO  server.RaftServerConfigKeys (ConfUtils.java:logGet(46)) - raft.server.snapshot.auto.trigger.threshold = 64 (custom)
2023-02-09 08:25:10,386 [s0-impl-thread1] INFO  server.RaftServerConfigKeys (ConfUtils.java:logGet(46)) - raft.server.snapshot.retention.file.num = -1 (default)
2023-02-09 08:25:10,386 [s0-impl-thread1] INFO  server.RaftServerConfigKeys (ConfUtils.java:logGet(46)) - raft.server.log.purge.upto.snapshot.index = false (default)
2023-02-09 08:25:10,386 [Time-limited test] INFO  server.RaftServer (RaftServerProxy.java:startImpl(396)) - s0: start RPC server
2023-02-09 08:25:10,386 [s0@group-5D8BFF2AC38C-FollowerState] INFO  server.RaftServerConfigKeys (ConfUtils.java:logFallback(53)) - raft.server.rpc.first-election.timeout.min = 150ms (fallback to raft.server.rpc.timeout.min)
2023-02-09 08:25:10,387 [s0@group-5D8BFF2AC38C-FollowerState] INFO  server.RaftServerConfigKeys (ConfUtils.java:logFallback(53)) - raft.server.rpc.first-election.timeout.max = 300ms (fallback to raft.server.rpc.timeout.max)
2023-02-09 08:25:10,387 [Time-limited test] INFO  server.GrpcService (GrpcService.java:startImpl(302)) - s0: GrpcService started, listening on 36379
2023-02-09 08:25:10,391 [Time-limited test] INFO  server.GrpcService (GrpcService.java:startImpl(302)) - s0: GrpcService started, listening on 42371
2023-02-09 08:25:10,392 [Time-limited test] INFO  server.GrpcService (GrpcService.java:startImpl(302)) - s0: GrpcService started, listening on 36531
2023-02-09 08:25:10,392 [s1-impl-thread1] INFO  server.RaftServerConfigKeys (ConfUtils.java:logGet(46)) - raft.server.storage.free-space.min = 0MB (=0) (default)
2023-02-09 08:25:10,392 [s1-impl-thread1] INFO  server.RaftServerConfigKeys (ConfUtils.java:logGet(46)) - raft.server.log.corruption.policy = EXCEPTION (default)
2023-02-09 08:25:10,392 [s1-impl-thread1] INFO  server.RaftServerConfigKeys (ConfUtils.java:logGet(46)) - raft.server.storage.dir = [/home/runner/work/ratis/ratis/ratis-test/target/test/data/ca75353f/MiniRaftClusterWithGrpc52e54005/s1] (custom)
2023-02-09 08:25:10,393 [s1-impl-thread1] INFO  storage.RaftStorageDirectory (RaftStorageDirectoryImpl.java:analyzeStorage(138)) - The storage directory /home/runner/work/ratis/ratis/ratis-test/target/test/data/ca75353f/MiniRaftClusterWithGrpc52e54005/s1/d26acf42-c6a3-40ef-b2da-5d8bff2ac38c does not exist. Creating ...
2023-02-09 08:25:10,393 [s1-impl-thread1] TRACE util.FileUtils (LogUtils.java:runAndLog(49)) - Successfully ran Files.createDirectories /home/runner/work/ratis/ratis/ratis-test/target/test/data/ca75353f/MiniRaftClusterWithGrpc52e54005/s1/d26acf42-c6a3-40ef-b2da-5d8bff2ac38c
2023-02-09 08:25:10,394 [JvmPauseMonitor12] INFO  util.JvmPauseMonitor (JvmPauseMonitor.java:run(105)) - JvmPauseMonitor-s0: Started
2023-02-09 08:25:10,394 [s1-impl-thread1] INFO  storage.RaftStorageDirectory (RaftStorageDirectoryImpl.java:tryLock(232)) - Lock on /home/runner/work/ratis/ratis/ratis-test/target/test/data/ca75353f/MiniRaftClusterWithGrpc52e54005/s1/d26acf42-c6a3-40ef-b2da-5d8bff2ac38c/in_use.lock acquired by nodename 6826@fv-az177-968
2023-02-09 08:25:10,395 [s1-impl-thread1] TRACE util.FileUtils (LogUtils.java:runAndLog(49)) - Successfully ran Files.createDirectories /home/runner/work/ratis/ratis/ratis-test/target/test/data/ca75353f/MiniRaftClusterWithGrpc52e54005/s1/d26acf42-c6a3-40ef-b2da-5d8bff2ac38c/current
2023-02-09 08:25:10,395 [s1-impl-thread1] TRACE util.FileUtils (LogUtils.java:runAndLog(49)) - Successfully ran Files.createDirectories /home/runner/work/ratis/ratis/ratis-test/target/test/data/ca75353f/MiniRaftClusterWithGrpc52e54005/s1/d26acf42-c6a3-40ef-b2da-5d8bff2ac38c/sm
2023-02-09 08:25:10,396 [s1-impl-thread1] INFO  storage.RaftStorage (RaftStorageImpl.java:format(96)) - Storage directory /home/runner/work/ratis/ratis/ratis-test/target/test/data/ca75353f/MiniRaftClusterWithGrpc52e54005/s1/d26acf42-c6a3-40ef-b2da-5d8bff2ac38c has been successfully formatted.
2023-02-09 08:25:10,396 [s1-impl-thread1] INFO  impl.SimpleStateMachine4Testing (SimpleStateMachine4Testing.java:initialize(213)) - Initializing StateMachine4InstallSnapshotNotificationTests:uninitialized
2023-02-09 08:25:10,396 [s1-impl-thread1] INFO  impl.SimpleStateMachine4Testing (SimpleStateMachine4Testing.java:loadSnapshot(293)) - Loading snapshot null
2023-02-09 08:25:10,396 [s1-impl-thread1] INFO  server.RaftServerConfigKeys (ConfUtils.java:logGet(46)) - raft.server.log.use.memory = false (default)
2023-02-09 08:25:10,397 [s1-impl-thread1] INFO  server.RaftServerConfigKeys (ConfUtils.java:logGet(46)) - raft.server.log.purge.gap = 8 (custom)
2023-02-09 08:25:10,397 [s1-impl-thread1] INFO  server.RaftServerConfigKeys (ConfUtils.java:logGet(46)) - raft.server.log.appender.buffer.byte-limit = 4MB (=4194304) (default)
2023-02-09 08:25:10,397 [s1-impl-thread1] INFO  server.RaftServerConfigKeys (ConfUtils.java:logGet(46)) - raft.server.log.statemachine.data.read.timeout = 1000ms (default)
2023-02-09 08:25:10,397 [s1-impl-thread1] INFO  server.RaftServerConfigKeys (ConfUtils.java:logGet(46)) - raft.server.log.purge.preservation.log.num = 0 (default)
2023-02-09 08:25:10,397 [s1-impl-thread1] INFO  server.RaftServerConfigKeys (ConfUtils.java:logGet(46)) - raft.server.log.segment.size.max = 1024 (custom)
2023-02-09 08:25:10,398 [s1-impl-thread1] INFO  server.RaftServerConfigKeys (ConfUtils.java:logGet(46)) - raft.server.log.segment.cache.num.max = 6 (default)
2023-02-09 08:25:10,398 [s1-impl-thread1] INFO  server.RaftServerConfigKeys (ConfUtils.java:logGet(46)) - raft.server.log.segment.cache.size.max = 200MB (=209715200) (default)
2023-02-09 08:25:10,398 [s1-impl-thread1] INFO  segmented.SegmentedRaftLogWorker (SegmentedRaftLogWorker.java:<init>(184)) - new s1@group-5D8BFF2AC38C-SegmentedRaftLogWorker for RaftStorageImpl:Storage Directory /home/runner/work/ratis/ratis/ratis-test/target/test/data/ca75353f/MiniRaftClusterWithGrpc52e54005/s1/d26acf42-c6a3-40ef-b2da-5d8bff2ac38c
2023-02-09 08:25:10,398 [s1-impl-thread1] INFO  server.RaftServerConfigKeys (ConfUtils.java:logGet(46)) - raft.server.log.queue.byte-limit = 64MB (=67108864) (default)
2023-02-09 08:25:10,398 [s1-impl-thread1] INFO  server.RaftServerConfigKeys (ConfUtils.java:logGet(46)) - raft.server.log.queue.element-limit = 4096 (default)
2023-02-09 08:25:10,398 [s1-impl-thread1] INFO  server.RaftServerConfigKeys (ConfUtils.java:logGet(46)) - raft.server.log.segment.size.max = 1024 (custom)
2023-02-09 08:25:10,398 [s1-impl-thread1] INFO  server.RaftServerConfigKeys (ConfUtils.java:logGet(46)) - raft.server.log.preallocated.size = 4MB (=4194304) (default)
2023-02-09 08:25:10,398 [s1-impl-thread1] INFO  server.RaftServerConfigKeys (ConfUtils.java:logGet(46)) - raft.server.log.force.sync.num = 128 (default)
2023-02-09 08:25:10,398 [s1-impl-thread1] INFO  server.RaftServerConfigKeys (ConfUtils.java:logGet(46)) - raft.server.log.statemachine.data.sync = true (default)
2023-02-09 08:25:10,398 [s1-impl-thread1] INFO  server.RaftServerConfigKeys (ConfUtils.java:logGet(46)) - raft.server.log.statemachine.data.sync.timeout = 10s (default)
2023-02-09 08:25:10,398 [s1-impl-thread1] INFO  server.RaftServerConfigKeys (ConfUtils.java:logGet(46)) - raft.server.log.statemachine.data.sync.timeout.retry = -1 (default)
2023-02-09 08:25:10,398 [s1-impl-thread1] INFO  server.RaftServerConfigKeys (ConfUtils.java:logGet(46)) - raft.server.log.write.buffer.size = 64KB (=65536) (default)
2023-02-09 08:25:10,398 [s1-impl-thread1] INFO  server.RaftServerConfigKeys (ConfUtils.java:logGet(46)) - raft.server.log.appender.buffer.byte-limit = 4MB (=4194304) (default)
2023-02-09 08:25:10,399 [s1-impl-thread1] INFO  server.RaftServerConfigKeys (ConfUtils.java:logGet(46)) - raft.server.log.unsafe-flush.enabled = false (default)
2023-02-09 08:25:10,399 [s1-impl-thread1] INFO  server.RaftServerConfigKeys (ConfUtils.java:logGet(46)) - raft.server.log.async-flush.enabled = false (default)
2023-02-09 08:25:10,399 [s1-impl-thread1] INFO  server.RaftServerConfigKeys (ConfUtils.java:logGet(46)) - raft.server.log.statemachine.data.caching.enabled = false (default)
2023-02-09 08:25:10,399 [s1-impl-thread1] INFO  segmented.SegmentedRaftLogWorker (SegmentedRaftLogWorker.java:lambda$new$0(134)) - s1@group-5D8BFF2AC38C-SegmentedRaftLogWorker: flushIndex: setUnconditionally 0 -> -1
2023-02-09 08:25:10,399 [s1-impl-thread1] INFO  segmented.SegmentedRaftLogWorker (SegmentedRaftLogWorker.java:lambda$new$0(134)) - s1@group-5D8BFF2AC38C-SegmentedRaftLogWorker: safeCacheEvictIndex: setUnconditionally 0 -> -1
2023-02-09 08:25:10,399 [s1-impl-thread1] INFO  server.RaftServer$Division (RaftServerImpl.java:start(342)) - s1@group-5D8BFF2AC38C: start as a follower, conf=-1: peers:[s0|rpc:localhost:42371|admin:localhost:36531|client:localhost:36379|dataStream:localhost:43129|priority:0|startupRole:FOLLOWER, s1|rpc:localhost:35679|admin:localhost:44855|client:localhost:41371|dataStream:localhost:42433|priority:0|startupRole:FOLLOWER, s2|rpc:localhost:39787|admin:localhost:44467|client:localhost:41113|dataStream:localhost:33651|priority:0|startupRole:FOLLOWER]|listeners:[], old=null
2023-02-09 08:25:10,399 [s1-impl-thread1] INFO  server.RaftServer$Division (RaftServerImpl.java:setRole(329)) - s1@group-5D8BFF2AC38C: changes role from      null to FOLLOWER at term 0 for startAsFollower
2023-02-09 08:25:10,399 [s1-impl-thread1] INFO  impl.RoleInfo (RoleInfo.java:updateAndGet(139)) - s1: start s1@group-5D8BFF2AC38C-FollowerState
2023-02-09 08:25:10,400 [s1@group-5D8BFF2AC38C-FollowerState] INFO  server.RaftServerConfigKeys (ConfUtils.java:logFallback(53)) - raft.server.rpc.first-election.timeout.min = 150ms (fallback to raft.server.rpc.timeout.min)
2023-02-09 08:25:10,400 [s1@group-5D8BFF2AC38C-FollowerState] INFO  server.RaftServerConfigKeys (ConfUtils.java:logFallback(53)) - raft.server.rpc.first-election.timeout.max = 300ms (fallback to raft.server.rpc.timeout.max)
2023-02-09 08:25:10,400 [s1-impl-thread1] INFO  util.JmxRegister (JmxRegister.java:tryRegister(44)) - Successfully registered JMX Bean with object name Ratis:service=RaftServer,group=group-5D8BFF2AC38C,id=s1
2023-02-09 08:25:10,400 [s1-impl-thread1] INFO  server.RaftServerConfigKeys (ConfUtils.java:logGet(46)) - raft.server.snapshot.auto.trigger.enabled = true (custom)
2023-02-09 08:25:10,400 [s1-impl-thread1] INFO  server.RaftServerConfigKeys (ConfUtils.java:logGet(46)) - raft.server.snapshot.auto.trigger.threshold = 64 (custom)
2023-02-09 08:25:10,400 [s1-impl-thread1] INFO  server.RaftServerConfigKeys (ConfUtils.java:logGet(46)) - raft.server.snapshot.retention.file.num = -1 (default)
2023-02-09 08:25:10,400 [s1-impl-thread1] INFO  server.RaftServerConfigKeys (ConfUtils.java:logGet(46)) - raft.server.log.purge.upto.snapshot.index = false (default)
2023-02-09 08:25:10,401 [Time-limited test] INFO  server.RaftServer (RaftServerProxy.java:startImpl(396)) - s1: start RPC server
2023-02-09 08:25:10,402 [Time-limited test] INFO  server.GrpcService (GrpcService.java:startImpl(302)) - s1: GrpcService started, listening on 41371
2023-02-09 08:25:10,405 [Time-limited test] INFO  server.GrpcService (GrpcService.java:startImpl(302)) - s1: GrpcService started, listening on 35679
2023-02-09 08:25:10,406 [Time-limited test] INFO  server.GrpcService (GrpcService.java:startImpl(302)) - s1: GrpcService started, listening on 44855
2023-02-09 08:25:10,406 [s2-impl-thread1] INFO  server.RaftServerConfigKeys (ConfUtils.java:logGet(46)) - raft.server.storage.free-space.min = 0MB (=0) (default)
2023-02-09 08:25:10,406 [s2-impl-thread1] INFO  server.RaftServerConfigKeys (ConfUtils.java:logGet(46)) - raft.server.log.corruption.policy = EXCEPTION (default)
2023-02-09 08:25:10,406 [s2-impl-thread1] INFO  server.RaftServerConfigKeys (ConfUtils.java:logGet(46)) - raft.server.storage.dir = [/home/runner/work/ratis/ratis/ratis-test/target/test/data/ca75353f/MiniRaftClusterWithGrpc52e54005/s2] (custom)
2023-02-09 08:25:10,406 [s2-impl-thread1] INFO  storage.RaftStorageDirectory (RaftStorageDirectoryImpl.java:analyzeStorage(138)) - The storage directory /home/runner/work/ratis/ratis/ratis-test/target/test/data/ca75353f/MiniRaftClusterWithGrpc52e54005/s2/d26acf42-c6a3-40ef-b2da-5d8bff2ac38c does not exist. Creating ...
2023-02-09 08:25:10,407 [s2-impl-thread1] TRACE util.FileUtils (LogUtils.java:runAndLog(49)) - Successfully ran Files.createDirectories /home/runner/work/ratis/ratis/ratis-test/target/test/data/ca75353f/MiniRaftClusterWithGrpc52e54005/s2/d26acf42-c6a3-40ef-b2da-5d8bff2ac38c
2023-02-09 08:25:10,407 [JvmPauseMonitor13] INFO  util.JvmPauseMonitor (JvmPauseMonitor.java:run(105)) - JvmPauseMonitor-s1: Started
2023-02-09 08:25:10,408 [s2-impl-thread1] INFO  storage.RaftStorageDirectory (RaftStorageDirectoryImpl.java:tryLock(232)) - Lock on /home/runner/work/ratis/ratis/ratis-test/target/test/data/ca75353f/MiniRaftClusterWithGrpc52e54005/s2/d26acf42-c6a3-40ef-b2da-5d8bff2ac38c/in_use.lock acquired by nodename 6826@fv-az177-968
2023-02-09 08:25:10,408 [s2-impl-thread1] TRACE util.FileUtils (LogUtils.java:runAndLog(49)) - Successfully ran Files.createDirectories /home/runner/work/ratis/ratis/ratis-test/target/test/data/ca75353f/MiniRaftClusterWithGrpc52e54005/s2/d26acf42-c6a3-40ef-b2da-5d8bff2ac38c/current
2023-02-09 08:25:10,408 [s2-impl-thread1] TRACE util.FileUtils (LogUtils.java:runAndLog(49)) - Successfully ran Files.createDirectories /home/runner/work/ratis/ratis/ratis-test/target/test/data/ca75353f/MiniRaftClusterWithGrpc52e54005/s2/d26acf42-c6a3-40ef-b2da-5d8bff2ac38c/sm
2023-02-09 08:25:10,409 [s2-impl-thread1] INFO  storage.RaftStorage (RaftStorageImpl.java:format(96)) - Storage directory /home/runner/work/ratis/ratis/ratis-test/target/test/data/ca75353f/MiniRaftClusterWithGrpc52e54005/s2/d26acf42-c6a3-40ef-b2da-5d8bff2ac38c has been successfully formatted.
2023-02-09 08:25:10,409 [s2-impl-thread1] INFO  impl.SimpleStateMachine4Testing (SimpleStateMachine4Testing.java:initialize(213)) - Initializing StateMachine4InstallSnapshotNotificationTests:uninitialized
2023-02-09 08:25:10,409 [s2-impl-thread1] INFO  impl.SimpleStateMachine4Testing (SimpleStateMachine4Testing.java:loadSnapshot(293)) - Loading snapshot null
2023-02-09 08:25:10,409 [s2-impl-thread1] INFO  server.RaftServerConfigKeys (ConfUtils.java:logGet(46)) - raft.server.log.use.memory = false (default)
2023-02-09 08:25:10,410 [s2-impl-thread1] INFO  server.RaftServerConfigKeys (ConfUtils.java:logGet(46)) - raft.server.log.purge.gap = 8 (custom)
2023-02-09 08:25:10,410 [s2-impl-thread1] INFO  server.RaftServerConfigKeys (ConfUtils.java:logGet(46)) - raft.server.log.appender.buffer.byte-limit = 4MB (=4194304) (default)
2023-02-09 08:25:10,410 [s2-impl-thread1] INFO  server.RaftServerConfigKeys (ConfUtils.java:logGet(46)) - raft.server.log.statemachine.data.read.timeout = 1000ms (default)
2023-02-09 08:25:10,410 [s2-impl-thread1] INFO  server.RaftServerConfigKeys (ConfUtils.java:logGet(46)) - raft.server.log.purge.preservation.log.num = 0 (default)
2023-02-09 08:25:10,410 [s2-impl-thread1] INFO  server.RaftServerConfigKeys (ConfUtils.java:logGet(46)) - raft.server.log.segment.size.max = 1024 (custom)
2023-02-09 08:25:10,410 [s2-impl-thread1] INFO  server.RaftServerConfigKeys (ConfUtils.java:logGet(46)) - raft.server.log.segment.cache.num.max = 6 (default)
2023-02-09 08:25:10,410 [s2-impl-thread1] INFO  server.RaftServerConfigKeys (ConfUtils.java:logGet(46)) - raft.server.log.segment.cache.size.max = 200MB (=209715200) (default)
2023-02-09 08:25:10,410 [s2-impl-thread1] INFO  segmented.SegmentedRaftLogWorker (SegmentedRaftLogWorker.java:<init>(184)) - new s2@group-5D8BFF2AC38C-SegmentedRaftLogWorker for RaftStorageImpl:Storage Directory /home/runner/work/ratis/ratis/ratis-test/target/test/data/ca75353f/MiniRaftClusterWithGrpc52e54005/s2/d26acf42-c6a3-40ef-b2da-5d8bff2ac38c
2023-02-09 08:25:10,410 [s2-impl-thread1] INFO  server.RaftServerConfigKeys (ConfUtils.java:logGet(46)) - raft.server.log.queue.byte-limit = 64MB (=67108864) (default)
2023-02-09 08:25:10,411 [s2-impl-thread1] INFO  server.RaftServerConfigKeys (ConfUtils.java:logGet(46)) - raft.server.log.queue.element-limit = 4096 (default)
2023-02-09 08:25:10,412 [s2-impl-thread1] INFO  server.RaftServerConfigKeys (ConfUtils.java:logGet(46)) - raft.server.log.segment.size.max = 1024 (custom)
2023-02-09 08:25:10,412 [s2-impl-thread1] INFO  server.RaftServerConfigKeys (ConfUtils.java:logGet(46)) - raft.server.log.preallocated.size = 4MB (=4194304) (default)
2023-02-09 08:25:10,412 [s2-impl-thread1] INFO  server.RaftServerConfigKeys (ConfUtils.java:logGet(46)) - raft.server.log.force.sync.num = 128 (default)
2023-02-09 08:25:10,412 [s2-impl-thread1] INFO  server.RaftServerConfigKeys (ConfUtils.java:logGet(46)) - raft.server.log.statemachine.data.sync = true (default)
2023-02-09 08:25:10,412 [s2-impl-thread1] INFO  server.RaftServerConfigKeys (ConfUtils.java:logGet(46)) - raft.server.log.statemachine.data.sync.timeout = 10s (default)
2023-02-09 08:25:10,412 [s2-impl-thread1] INFO  server.RaftServerConfigKeys (ConfUtils.java:logGet(46)) - raft.server.log.statemachine.data.sync.timeout.retry = -1 (default)
2023-02-09 08:25:10,412 [s2-impl-thread1] INFO  server.RaftServerConfigKeys (ConfUtils.java:logGet(46)) - raft.server.log.write.buffer.size = 64KB (=65536) (default)
2023-02-09 08:25:10,412 [s2-impl-thread1] INFO  server.RaftServerConfigKeys (ConfUtils.java:logGet(46)) - raft.server.log.appender.buffer.byte-limit = 4MB (=4194304) (default)
2023-02-09 08:25:10,413 [s2-impl-thread1] INFO  server.RaftServerConfigKeys (ConfUtils.java:logGet(46)) - raft.server.log.unsafe-flush.enabled = false (default)
2023-02-09 08:25:10,413 [s2-impl-thread1] INFO  server.RaftServerConfigKeys (ConfUtils.java:logGet(46)) - raft.server.log.async-flush.enabled = false (default)
2023-02-09 08:25:10,413 [s2-impl-thread1] INFO  server.RaftServerConfigKeys (ConfUtils.java:logGet(46)) - raft.server.log.statemachine.data.caching.enabled = false (default)
2023-02-09 08:25:10,413 [s2-impl-thread1] INFO  segmented.SegmentedRaftLogWorker (SegmentedRaftLogWorker.java:lambda$new$0(134)) - s2@group-5D8BFF2AC38C-SegmentedRaftLogWorker: flushIndex: setUnconditionally 0 -> -1
2023-02-09 08:25:10,413 [s2-impl-thread1] INFO  segmented.SegmentedRaftLogWorker (SegmentedRaftLogWorker.java:lambda$new$0(134)) - s2@group-5D8BFF2AC38C-SegmentedRaftLogWorker: safeCacheEvictIndex: setUnconditionally 0 -> -1
2023-02-09 08:25:10,413 [s2-impl-thread1] INFO  server.RaftServer$Division (RaftServerImpl.java:start(342)) - s2@group-5D8BFF2AC38C: start as a follower, conf=-1: peers:[s0|rpc:localhost:42371|admin:localhost:36531|client:localhost:36379|dataStream:localhost:43129|priority:0|startupRole:FOLLOWER, s1|rpc:localhost:35679|admin:localhost:44855|client:localhost:41371|dataStream:localhost:42433|priority:0|startupRole:FOLLOWER, s2|rpc:localhost:39787|admin:localhost:44467|client:localhost:41113|dataStream:localhost:33651|priority:0|startupRole:FOLLOWER]|listeners:[], old=null
2023-02-09 08:25:10,413 [s2-impl-thread1] INFO  server.RaftServer$Division (RaftServerImpl.java:setRole(329)) - s2@group-5D8BFF2AC38C: changes role from      null to FOLLOWER at term 0 for startAsFollower
2023-02-09 08:25:10,413 [s2-impl-thread1] INFO  impl.RoleInfo (RoleInfo.java:updateAndGet(139)) - s2: start s2@group-5D8BFF2AC38C-FollowerState
2023-02-09 08:25:10,414 [s2-impl-thread1] INFO  util.JmxRegister (JmxRegister.java:tryRegister(44)) - Successfully registered JMX Bean with object name Ratis:service=RaftServer,group=group-5D8BFF2AC38C,id=s2
2023-02-09 08:25:10,414 [s2-impl-thread1] INFO  server.RaftServerConfigKeys (ConfUtils.java:logGet(46)) - raft.server.snapshot.auto.trigger.enabled = true (custom)
2023-02-09 08:25:10,414 [s2-impl-thread1] INFO  server.RaftServerConfigKeys (ConfUtils.java:logGet(46)) - raft.server.snapshot.auto.trigger.threshold = 64 (custom)
2023-02-09 08:25:10,414 [s2-impl-thread1] INFO  server.RaftServerConfigKeys (ConfUtils.java:logGet(46)) - raft.server.snapshot.retention.file.num = -1 (default)
2023-02-09 08:25:10,414 [s2-impl-thread1] INFO  server.RaftServerConfigKeys (ConfUtils.java:logGet(46)) - raft.server.log.purge.upto.snapshot.index = false (default)
2023-02-09 08:25:10,415 [s2@group-5D8BFF2AC38C-FollowerState] INFO  server.RaftServerConfigKeys (ConfUtils.java:logFallback(53)) - raft.server.rpc.first-election.timeout.min = 150ms (fallback to raft.server.rpc.timeout.min)
2023-02-09 08:25:10,415 [s2@group-5D8BFF2AC38C-FollowerState] INFO  server.RaftServerConfigKeys (ConfUtils.java:logFallback(53)) - raft.server.rpc.first-election.timeout.max = 300ms (fallback to raft.server.rpc.timeout.max)
2023-02-09 08:25:10,418 [Time-limited test] INFO  server.RaftServer (RaftServerProxy.java:startImpl(396)) - s2: start RPC server
2023-02-09 08:25:10,421 [Time-limited test] INFO  server.GrpcService (GrpcService.java:startImpl(302)) - s2: GrpcService started, listening on 41113
2023-02-09 08:25:10,422 [Time-limited test] INFO  server.GrpcService (GrpcService.java:startImpl(302)) - s2: GrpcService started, listening on 39787
2023-02-09 08:25:10,422 [Time-limited test] INFO  server.GrpcService (GrpcService.java:startImpl(302)) - s2: GrpcService started, listening on 44467
2023-02-09 08:25:10,423 [JvmPauseMonitor14] INFO  util.JvmPauseMonitor (JvmPauseMonitor.java:run(105)) - JvmPauseMonitor-s2: Started
2023-02-09 08:25:10,423 [Time-limited test] INFO  server.RaftServerConfigKeys (ConfUtils.java:logGet(46)) - raft.server.rpc.timeout.max = 300ms (default)
2023-02-09 08:25:10,423 [Time-limited test] INFO  ratis.RaftTestUtil (RaftTestUtil.java:waitForLeader(100)) - printing ALL groups
  s0:  RUNNING  FOLLOWER s0@group-5D8BFF2AC38C:t0, leader=null, voted=, raftlog=Memoized:s0@group-5D8BFF2AC38C-SegmentedRaftLog:OPENED:c-1, conf=-1: peers:[s0|rpc:localhost:42371|admin:localhost:36531|client:localhost:36379|dataStream:localhost:43129|priority:0|startupRole:FOLLOWER, s1|rpc:localhost:35679|admin:localhost:44855|client:localhost:41371|dataStream:localhost:42433|priority:0|startupRole:FOLLOWER, s2|rpc:localhost:39787|admin:localhost:44467|client:localhost:41113|dataStream:localhost:33651|priority:0|startupRole:FOLLOWER]|listeners:[], old=null RUNNING
  s1:  RUNNING  FOLLOWER s1@group-5D8BFF2AC38C:t0, leader=null, voted=, raftlog=Memoized:s1@group-5D8BFF2AC38C-SegmentedRaftLog:OPENED:c-1, conf=-1: peers:[s0|rpc:localhost:42371|admin:localhost:36531|client:localhost:36379|dataStream:localhost:43129|priority:0|startupRole:FOLLOWER, s1|rpc:localhost:35679|admin:localhost:44855|client:localhost:41371|dataStream:localhost:42433|priority:0|startupRole:FOLLOWER, s2|rpc:localhost:39787|admin:localhost:44467|client:localhost:41113|dataStream:localhost:33651|priority:0|startupRole:FOLLOWER]|listeners:[], old=null RUNNING
  s2:  RUNNING  FOLLOWER s2@group-5D8BFF2AC38C:t0, leader=null, voted=, raftlog=Memoized:s2@group-5D8BFF2AC38C-SegmentedRaftLog:OPENED:c-1, conf=-1: peers:[s0|rpc:localhost:42371|admin:localhost:36531|client:localhost:36379|dataStream:localhost:43129|priority:0|startupRole:FOLLOWER, s1|rpc:localhost:35679|admin:localhost:44855|client:localhost:41371|dataStream:localhost:42433|priority:0|startupRole:FOLLOWER, s2|rpc:localhost:39787|admin:localhost:44467|client:localhost:41113|dataStream:localhost:33651|priority:0|startupRole:FOLLOWER]|listeners:[], old=null RUNNING
2023-02-09 08:25:10,423 [Time-limited test] WARN  ratis.RaftTestUtil (JavaUtils.java:attempt(217)) - FAILED "waitForLeader-null-(expectLeader? true)", attempt #1/100: java.lang.IllegalStateException: No leader yet : printing ALL groups
  s0:  RUNNING  FOLLOWER s0@group-5D8BFF2AC38C:t0, leader=null, voted=, raftlog=Memoized:s0@group-5D8BFF2AC38C-SegmentedRaftLog:OPENED:c-1, conf=-1: peers:[s0|rpc:localhost:42371|admin:localhost:36531|client:localhost:36379|dataStream:localhost:43129|priority:0|startupRole:FOLLOWER, s1|rpc:localhost:35679|admin:localhost:44855|client:localhost:41371|dataStream:localhost:42433|priority:0|startupRole:FOLLOWER, s2|rpc:localhost:39787|admin:localhost:44467|client:localhost:41113|dataStream:localhost:33651|priority:0|startupRole:FOLLOWER]|listeners:[], old=null RUNNING
  s1:  RUNNING  FOLLOWER s1@group-5D8BFF2AC38C:t0, leader=null, voted=, raftlog=Memoized:s1@group-5D8BFF2AC38C-SegmentedRaftLog:OPENED:c-1, conf=-1: peers:[s0|rpc:localhost:42371|admin:localhost:36531|client:localhost:36379|dataStream:localhost:43129|priority:0|startupRole:FOLLOWER, s1|rpc:localhost:35679|admin:localhost:44855|client:localhost:41371|dataStream:localhost:42433|priority:0|startupRole:FOLLOWER, s2|rpc:localhost:39787|admin:localhost:44467|client:localhost:41113|dataStream:localhost:33651|priority:0|startupRole:FOLLOWER]|listeners:[], old=null RUNNING
  s2:  RUNNING  FOLLOWER s2@group-5D8BFF2AC38C:t0, leader=null, voted=, raftlog=Memoized:s2@group-5D8BFF2AC38C-SegmentedRaftLog:OPENED:c-1, conf=-1: peers:[s0|rpc:localhost:42371|admin:localhost:36531|client:localhost:36379|dataStream:localhost:43129|priority:0|startupRole:FOLLOWER, s1|rpc:localhost:35679|admin:localhost:44855|client:localhost:41371|dataStream:localhost:42433|priority:0|startupRole:FOLLOWER, s2|rpc:localhost:39787|admin:localhost:44467|client:localhost:41113|dataStream:localhost:33651|priority:0|startupRole:FOLLOWER]|listeners:[], old=null RUNNING, sleep 450ms and then retry.
java.lang.IllegalStateException: No leader yet : printing ALL groups
  s0:  RUNNING  FOLLOWER s0@group-5D8BFF2AC38C:t0, leader=null, voted=, raftlog=Memoized:s0@group-5D8BFF2AC38C-SegmentedRaftLog:OPENED:c-1, conf=-1: peers:[s0|rpc:localhost:42371|admin:localhost:36531|client:localhost:36379|dataStream:localhost:43129|priority:0|startupRole:FOLLOWER, s1|rpc:localhost:35679|admin:localhost:44855|client:localhost:41371|dataStream:localhost:42433|priority:0|startupRole:FOLLOWER, s2|rpc:localhost:39787|admin:localhost:44467|client:localhost:41113|dataStream:localhost:33651|priority:0|startupRole:FOLLOWER]|listeners:[], old=null RUNNING
  s1:  RUNNING  FOLLOWER s1@group-5D8BFF2AC38C:t0, leader=null, voted=, raftlog=Memoized:s1@group-5D8BFF2AC38C-SegmentedRaftLog:OPENED:c-1, conf=-1: peers:[s0|rpc:localhost:42371|admin:localhost:36531|client:localhost:36379|dataStream:localhost:43129|priority:0|startupRole:FOLLOWER, s1|rpc:localhost:35679|admin:localhost:44855|client:localhost:41371|dataStream:localhost:42433|priority:0|startupRole:FOLLOWER, s2|rpc:localhost:39787|admin:localhost:44467|client:localhost:41113|dataStream:localhost:33651|priority:0|startupRole:FOLLOWER]|listeners:[], old=null RUNNING
  s2:  RUNNING  FOLLOWER s2@group-5D8BFF2AC38C:t0, leader=null, voted=, raftlog=Memoized:s2@group-5D8BFF2AC38C-SegmentedRaftLog:OPENED:c-1, conf=-1: peers:[s0|rpc:localhost:42371|admin:localhost:36531|client:localhost:36379|dataStream:localhost:43129|priority:0|startupRole:FOLLOWER, s1|rpc:localhost:35679|admin:localhost:44855|client:localhost:41371|dataStream:localhost:42433|priority:0|startupRole:FOLLOWER, s2|rpc:localhost:39787|admin:localhost:44467|client:localhost:41113|dataStream:localhost:33651|priority:0|startupRole:FOLLOWER]|listeners:[], old=null RUNNING
	at org.apache.ratis.server.impl.MiniRaftCluster.newIllegalStateExceptionForNoLeaders(MiniRaftCluster.java:581)
	at org.apache.ratis.RaftTestUtil.lambda$waitForLeader$1(RaftTestUtil.java:104)
	at org.apache.ratis.server.impl.MiniRaftCluster.getLeader(MiniRaftCluster.java:615)
	at org.apache.ratis.server.impl.MiniRaftCluster.getLeader(MiniRaftCluster.java:608)
	at org.apache.ratis.RaftTestUtil.lambda$waitForLeader$3(RaftTestUtil.java:112)
	at org.apache.ratis.util.JavaUtils.attempt(JavaUtils.java:211)
	at org.apache.ratis.util.JavaUtils.attemptRepeatedly(JavaUtils.java:197)
	at org.apache.ratis.RaftTestUtil.waitForLeader(RaftTestUtil.java:111)
	at org.apache.ratis.RaftTestUtil.waitForLeader(RaftTestUtil.java:92)
	at org.apache.ratis.RaftTestUtil.waitForLeader(RaftTestUtil.java:87)
	at org.apache.ratis.InstallSnapshotNotificationTests.testRestartFollower(InstallSnapshotNotificationTests.java:261)
	at org.apache.ratis.server.impl.MiniRaftCluster$Factory$Get.runWithNewCluster(MiniRaftCluster.java:141)
	at org.apache.ratis.server.impl.MiniRaftCluster$Factory$Get.runWithNewCluster(MiniRaftCluster.java:121)
	at org.apache.ratis.InstallSnapshotNotificationTests.testRestartFollower(InstallSnapshotNotificationTests.java:255)
	at java.base/jdk.internal.reflect.NativeMethodAccessorImpl.invoke0(Native Method)
	at java.base/jdk.internal.reflect.NativeMethodAccessorImpl.invoke(NativeMethodAccessorImpl.java:62)
	at java.base/jdk.internal.reflect.DelegatingMethodAccessorImpl.invoke(DelegatingMethodAccessorImpl.java:43)
	at java.base/java.lang.reflect.Method.invoke(Method.java:566)
	at org.junit.runners.model.FrameworkMethod$1.runReflectiveCall(FrameworkMethod.java:59)
	at org.junit.internal.runners.model.ReflectiveCallable.run(ReflectiveCallable.java:12)
	at org.junit.runners.model.FrameworkMethod.invokeExplosively(FrameworkMethod.java:56)
	at org.junit.internal.runners.statements.InvokeMethod.evaluate(InvokeMethod.java:17)
	at org.junit.internal.runners.statements.RunAfters.evaluate(RunAfters.java:27)
	at org.junit.internal.runners.statements.FailOnTimeout$CallableStatement.call(FailOnTimeout.java:299)
	at org.junit.internal.runners.statements.FailOnTimeout$CallableStatement.call(FailOnTimeout.java:293)
	at java.base/java.util.concurrent.FutureTask.run(FutureTask.java:264)
	at java.base/java.lang.Thread.run(Thread.java:829)
2023-02-09 08:25:10,609 [s0@group-5D8BFF2AC38C-FollowerState] INFO  impl.FollowerState (FollowerState.java:run(143)) - s0@group-5D8BFF2AC38C-FollowerState: change to CANDIDATE, lastRpcElapsedTime:226683610ns, electionTimeout:222ms
2023-02-09 08:25:10,609 [s0@group-5D8BFF2AC38C-FollowerState] INFO  impl.RoleInfo (RoleInfo.java:shutdownFollowerState(110)) - s0: shutdown s0@group-5D8BFF2AC38C-FollowerState
2023-02-09 08:25:10,609 [s0@group-5D8BFF2AC38C-FollowerState] INFO  server.RaftServer$Division (RaftServerImpl.java:setRole(329)) - s0@group-5D8BFF2AC38C: changes role from  FOLLOWER to CANDIDATE at term 0 for changeToCandidate
2023-02-09 08:25:10,610 [s0@group-5D8BFF2AC38C-FollowerState] INFO  server.RaftServerConfigKeys (ConfUtils.java:logGet(46)) - raft.server.leaderelection.pre-vote = true (default)
2023-02-09 08:25:10,610 [s0@group-5D8BFF2AC38C-FollowerState] INFO  impl.RoleInfo (RoleInfo.java:updateAndGet(139)) - s0: start s0@group-5D8BFF2AC38C-LeaderElection8
2023-02-09 08:25:10,611 [s2@group-5D8BFF2AC38C-FollowerState] INFO  impl.FollowerState (FollowerState.java:run(143)) - s2@group-5D8BFF2AC38C-FollowerState: change to CANDIDATE, lastRpcElapsedTime:197499513ns, electionTimeout:196ms
2023-02-09 08:25:10,611 [s2@group-5D8BFF2AC38C-FollowerState] INFO  impl.RoleInfo (RoleInfo.java:shutdownFollowerState(110)) - s2: shutdown s2@group-5D8BFF2AC38C-FollowerState
2023-02-09 08:25:10,611 [s2@group-5D8BFF2AC38C-FollowerState] INFO  server.RaftServer$Division (RaftServerImpl.java:setRole(329)) - s2@group-5D8BFF2AC38C: changes role from  FOLLOWER to CANDIDATE at term 0 for changeToCandidate
2023-02-09 08:25:10,611 [s2@group-5D8BFF2AC38C-FollowerState] INFO  server.RaftServerConfigKeys (ConfUtils.java:logGet(46)) - raft.server.leaderelection.pre-vote = true (default)
2023-02-09 08:25:10,611 [s2@group-5D8BFF2AC38C-FollowerState] INFO  impl.RoleInfo (RoleInfo.java:updateAndGet(139)) - s2: start s2@group-5D8BFF2AC38C-LeaderElection9
2023-02-09 08:25:10,612 [s0@group-5D8BFF2AC38C-LeaderElection8] INFO  impl.LeaderElection (LeaderElection.java:askForVotes(309)) - s0@group-5D8BFF2AC38C-LeaderElection8 PRE_VOTE round 0: submit vote requests at term 0 for -1: peers:[s0|rpc:localhost:42371|admin:localhost:36531|client:localhost:36379|dataStream:localhost:43129|priority:0|startupRole:FOLLOWER, s1|rpc:localhost:35679|admin:localhost:44855|client:localhost:41371|dataStream:localhost:42433|priority:0|startupRole:FOLLOWER, s2|rpc:localhost:39787|admin:localhost:44467|client:localhost:41113|dataStream:localhost:33651|priority:0|startupRole:FOLLOWER]|listeners:[], old=null
2023-02-09 08:25:10,613 [s2@group-5D8BFF2AC38C-LeaderElection9] INFO  impl.LeaderElection (LeaderElection.java:askForVotes(309)) - s2@group-5D8BFF2AC38C-LeaderElection9 PRE_VOTE round 0: submit vote requests at term 0 for -1: peers:[s0|rpc:localhost:42371|admin:localhost:36531|client:localhost:36379|dataStream:localhost:43129|priority:0|startupRole:FOLLOWER, s1|rpc:localhost:35679|admin:localhost:44855|client:localhost:41371|dataStream:localhost:42433|priority:0|startupRole:FOLLOWER, s2|rpc:localhost:39787|admin:localhost:44467|client:localhost:41113|dataStream:localhost:33651|priority:0|startupRole:FOLLOWER]|listeners:[], old=null
2023-02-09 08:25:10,614 [s0@group-5D8BFF2AC38C-LeaderElection8] INFO  server.RaftServerConfigKeys (ConfUtils.java:logFallback(53)) - raft.server.rpc.first-election.timeout.min = 150ms (fallback to raft.server.rpc.timeout.min)
2023-02-09 08:25:10,614 [s0@group-5D8BFF2AC38C-LeaderElection8] INFO  server.RaftServerConfigKeys (ConfUtils.java:logFallback(53)) - raft.server.rpc.first-election.timeout.max = 300ms (fallback to raft.server.rpc.timeout.max)
2023-02-09 08:25:10,614 [s0@group-5D8BFF2AC38C-LeaderElection8-1] INFO  server.GrpcServerProtocolClient (GrpcServerProtocolClient.java:<init>(63)) - Build channel for s1
2023-02-09 08:25:10,616 [s0@group-5D8BFF2AC38C-LeaderElection8-2] INFO  server.GrpcServerProtocolClient (GrpcServerProtocolClient.java:<init>(63)) - Build channel for s2
2023-02-09 08:25:10,620 [s2@group-5D8BFF2AC38C-LeaderElection9-1] INFO  server.GrpcServerProtocolClient (GrpcServerProtocolClient.java:<init>(63)) - Build channel for s0
2023-02-09 08:25:10,621 [grpc-default-executor-6] INFO  server.RaftServer$Division (RaftServerImpl.java:requestVote(1302)) - s2@group-5D8BFF2AC38C: receive requestVote(PRE_VOTE, s0, group-5D8BFF2AC38C, 0, (t:0, i:0))
2023-02-09 08:25:10,622 [grpc-default-executor-6] INFO  impl.VoteContext (VoteContext.java:log(49)) - s2@group-5D8BFF2AC38C-CANDIDATE: accept PRE_VOTE from s0: our priority 0 <= candidate's priority 0
2023-02-09 08:25:10,622 [grpc-default-executor-6] INFO  server.RaftServer$Division (RaftServerImpl.java:requestVote(1335)) - s2@group-5D8BFF2AC38C replies to PRE_VOTE vote request: s0<-s2#0:OK-t0. Peer's state: s2@group-5D8BFF2AC38C:t0, leader=null, voted=, raftlog=Memoized:s2@group-5D8BFF2AC38C-SegmentedRaftLog:OPENED:c-1, conf=-1: peers:[s0|rpc:localhost:42371|admin:localhost:36531|client:localhost:36379|dataStream:localhost:43129|priority:0|startupRole:FOLLOWER, s1|rpc:localhost:35679|admin:localhost:44855|client:localhost:41371|dataStream:localhost:42433|priority:0|startupRole:FOLLOWER, s2|rpc:localhost:39787|admin:localhost:44467|client:localhost:41113|dataStream:localhost:33651|priority:0|startupRole:FOLLOWER]|listeners:[], old=null
2023-02-09 08:25:10,623 [grpc-default-executor-5] INFO  server.RaftServer$Division (RaftServerImpl.java:requestVote(1302)) - s1@group-5D8BFF2AC38C: receive requestVote(PRE_VOTE, s0, group-5D8BFF2AC38C, 0, (t:0, i:0))
2023-02-09 08:25:10,623 [grpc-default-executor-5] INFO  impl.VoteContext (VoteContext.java:log(49)) - s1@group-5D8BFF2AC38C-FOLLOWER: accept PRE_VOTE from s0: our priority 0 <= candidate's priority 0
2023-02-09 08:25:10,623 [grpc-default-executor-5] INFO  server.RaftServer$Division (RaftServerImpl.java:requestVote(1335)) - s1@group-5D8BFF2AC38C replies to PRE_VOTE vote request: s0<-s1#0:OK-t0. Peer's state: s1@group-5D8BFF2AC38C:t0, leader=null, voted=, raftlog=Memoized:s1@group-5D8BFF2AC38C-SegmentedRaftLog:OPENED:c-1, conf=-1: peers:[s0|rpc:localhost:42371|admin:localhost:36531|client:localhost:36379|dataStream:localhost:43129|priority:0|startupRole:FOLLOWER, s1|rpc:localhost:35679|admin:localhost:44855|client:localhost:41371|dataStream:localhost:42433|priority:0|startupRole:FOLLOWER, s2|rpc:localhost:39787|admin:localhost:44467|client:localhost:41113|dataStream:localhost:33651|priority:0|startupRole:FOLLOWER]|listeners:[], old=null
2023-02-09 08:25:10,625 [s0@group-5D8BFF2AC38C-LeaderElection8] INFO  impl.LeaderElection (LeaderElection.java:logAndReturn(89)) - s0@group-5D8BFF2AC38C-LeaderElection8: PRE_VOTE PASSED received 1 response(s) and 0 exception(s):
2023-02-09 08:25:10,625 [s0@group-5D8BFF2AC38C-LeaderElection8] INFO  impl.LeaderElection (LeaderElection.java:logAndReturn(93)) -   Response 0: s0<-s2#0:OK-t0
2023-02-09 08:25:10,625 [s0@group-5D8BFF2AC38C-LeaderElection8] INFO  impl.LeaderElection (LeaderElection.java:askForVotes(311)) - s0@group-5D8BFF2AC38C-LeaderElection8 PRE_VOTE round 0: result PASSED
2023-02-09 08:25:10,628 [s0@group-5D8BFF2AC38C-LeaderElection8] INFO  impl.LeaderElection (LeaderElection.java:askForVotes(309)) - s0@group-5D8BFF2AC38C-LeaderElection8 ELECTION round 0: submit vote requests at term 1 for -1: peers:[s0|rpc:localhost:42371|admin:localhost:36531|client:localhost:36379|dataStream:localhost:43129|priority:0|startupRole:FOLLOWER, s1|rpc:localhost:35679|admin:localhost:44855|client:localhost:41371|dataStream:localhost:42433|priority:0|startupRole:FOLLOWER, s2|rpc:localhost:39787|admin:localhost:44467|client:localhost:41113|dataStream:localhost:33651|priority:0|startupRole:FOLLOWER]|listeners:[], old=null
2023-02-09 08:25:10,630 [s2@group-5D8BFF2AC38C-LeaderElection9] INFO  server.RaftServerConfigKeys (ConfUtils.java:logFallback(53)) - raft.server.rpc.first-election.timeout.min = 150ms (fallback to raft.server.rpc.timeout.min)
2023-02-09 08:25:10,630 [s2@group-5D8BFF2AC38C-LeaderElection9] INFO  server.RaftServerConfigKeys (ConfUtils.java:logFallback(53)) - raft.server.rpc.first-election.timeout.max = 300ms (fallback to raft.server.rpc.timeout.max)
2023-02-09 08:25:10,630 [s2@group-5D8BFF2AC38C-LeaderElection9-2] INFO  server.GrpcServerProtocolClient (GrpcServerProtocolClient.java:<init>(63)) - Build channel for s1
2023-02-09 08:25:10,632 [s0@group-5D8BFF2AC38C-LeaderElection8] INFO  server.RaftServerConfigKeys (ConfUtils.java:logFallback(53)) - raft.server.rpc.first-election.timeout.min = 150ms (fallback to raft.server.rpc.timeout.min)
2023-02-09 08:25:10,632 [s0@group-5D8BFF2AC38C-LeaderElection8] INFO  server.RaftServerConfigKeys (ConfUtils.java:logFallback(53)) - raft.server.rpc.first-election.timeout.max = 300ms (fallback to raft.server.rpc.timeout.max)
2023-02-09 08:25:10,635 [grpc-default-executor-6] INFO  server.RaftServer$Division (RaftServerImpl.java:requestVote(1302)) - s1@group-5D8BFF2AC38C: receive requestVote(ELECTION, s0, group-5D8BFF2AC38C, 1, (t:0, i:0))
2023-02-09 08:25:10,638 [grpc-default-executor-6] INFO  impl.VoteContext (VoteContext.java:log(49)) - s1@group-5D8BFF2AC38C-FOLLOWER: accept ELECTION from s0: our priority 0 <= candidate's priority 0
2023-02-09 08:25:10,638 [grpc-default-executor-6] INFO  server.RaftServer$Division (RaftServerImpl.java:setRole(329)) - s1@group-5D8BFF2AC38C: changes role from  FOLLOWER to FOLLOWER at term 1 for candidate:s0
2023-02-09 08:25:10,638 [grpc-default-executor-6] INFO  impl.RoleInfo (RoleInfo.java:shutdownFollowerState(110)) - s1: shutdown s1@group-5D8BFF2AC38C-FollowerState
2023-02-09 08:25:10,638 [s1@group-5D8BFF2AC38C-FollowerState] INFO  impl.FollowerState (FollowerState.java:run(152)) - s1@group-5D8BFF2AC38C-FollowerState was interrupted
2023-02-09 08:25:10,639 [grpc-default-executor-6] INFO  impl.RoleInfo (RoleInfo.java:updateAndGet(139)) - s1: start s1@group-5D8BFF2AC38C-FollowerState
2023-02-09 08:25:10,639 [s1@group-5D8BFF2AC38C-FollowerState] INFO  server.RaftServerConfigKeys (ConfUtils.java:logFallback(53)) - raft.server.rpc.first-election.timeout.min = 150ms (fallback to raft.server.rpc.timeout.min)
2023-02-09 08:25:10,639 [s1@group-5D8BFF2AC38C-FollowerState] INFO  server.RaftServerConfigKeys (ConfUtils.java:logFallback(53)) - raft.server.rpc.first-election.timeout.max = 300ms (fallback to raft.server.rpc.timeout.max)
2023-02-09 08:25:10,640 [grpc-default-executor-1] INFO  server.RaftServer$Division (RaftServerImpl.java:requestVote(1302)) - s0@group-5D8BFF2AC38C: receive requestVote(PRE_VOTE, s2, group-5D8BFF2AC38C, 0, (t:0, i:0))
2023-02-09 08:25:10,640 [grpc-default-executor-1] INFO  impl.VoteContext (VoteContext.java:log(49)) - s0@group-5D8BFF2AC38C-CANDIDATE: accept PRE_VOTE from s2: our priority 0 <= candidate's priority 0
2023-02-09 08:25:10,640 [grpc-default-executor-1] INFO  server.RaftServer$Division (RaftServerImpl.java:requestVote(1335)) - s0@group-5D8BFF2AC38C replies to PRE_VOTE vote request: s2<-s0#0:OK-t1. Peer's state: s0@group-5D8BFF2AC38C:t1, leader=null, voted=s0, raftlog=Memoized:s0@group-5D8BFF2AC38C-SegmentedRaftLog:OPENED:c-1, conf=-1: peers:[s0|rpc:localhost:42371|admin:localhost:36531|client:localhost:36379|dataStream:localhost:43129|priority:0|startupRole:FOLLOWER, s1|rpc:localhost:35679|admin:localhost:44855|client:localhost:41371|dataStream:localhost:42433|priority:0|startupRole:FOLLOWER, s2|rpc:localhost:39787|admin:localhost:44467|client:localhost:41113|dataStream:localhost:33651|priority:0|startupRole:FOLLOWER]|listeners:[], old=null
2023-02-09 08:25:10,640 [grpc-default-executor-5] INFO  server.RaftServer$Division (RaftServerImpl.java:requestVote(1302)) - s2@group-5D8BFF2AC38C: receive requestVote(ELECTION, s0, group-5D8BFF2AC38C, 1, (t:0, i:0))
2023-02-09 08:25:10,640 [grpc-default-executor-5] INFO  impl.VoteContext (VoteContext.java:log(49)) - s2@group-5D8BFF2AC38C-CANDIDATE: accept ELECTION from s0: our priority 0 <= candidate's priority 0
2023-02-09 08:25:10,640 [grpc-default-executor-5] INFO  server.RaftServer$Division (RaftServerImpl.java:setRole(329)) - s2@group-5D8BFF2AC38C: changes role from CANDIDATE to FOLLOWER at term 1 for candidate:s0
2023-02-09 08:25:10,640 [grpc-default-executor-5] INFO  impl.RoleInfo (RoleInfo.java:shutdownLeaderElection(130)) - s2: shutdown s2@group-5D8BFF2AC38C-LeaderElection9
2023-02-09 08:25:10,640 [grpc-default-executor-5] INFO  impl.RoleInfo (RoleInfo.java:updateAndGet(139)) - s2: start s2@group-5D8BFF2AC38C-FollowerState
2023-02-09 08:25:10,640 [s2@group-5D8BFF2AC38C-FollowerState] INFO  server.RaftServerConfigKeys (ConfUtils.java:logFallback(53)) - raft.server.rpc.first-election.timeout.min = 150ms (fallback to raft.server.rpc.timeout.min)
2023-02-09 08:25:10,640 [s2@group-5D8BFF2AC38C-FollowerState] INFO  server.RaftServerConfigKeys (ConfUtils.java:logFallback(53)) - raft.server.rpc.first-election.timeout.max = 300ms (fallback to raft.server.rpc.timeout.max)
2023-02-09 08:25:10,641 [s2@group-5D8BFF2AC38C-LeaderElection9] INFO  impl.LeaderElection (LeaderElection.java:logAndReturn(89)) - s2@group-5D8BFF2AC38C-LeaderElection9: PRE_VOTE DISCOVERED_A_NEW_TERM (term=1) received 1 response(s) and 0 exception(s):
2023-02-09 08:25:10,641 [s2@group-5D8BFF2AC38C-LeaderElection9] INFO  impl.LeaderElection (LeaderElection.java:logAndReturn(93)) -   Response 0: s2<-s0#0:OK-t1
2023-02-09 08:25:10,642 [s2@group-5D8BFF2AC38C-LeaderElection9] INFO  impl.LeaderElection (LeaderElection.java:askForVotes(311)) - s2@group-5D8BFF2AC38C-LeaderElection9 PRE_VOTE round 0: result DISCOVERED_A_NEW_TERM (term=1)
2023-02-09 08:25:10,643 [grpc-default-executor-6] INFO  server.RaftServer$Division (RaftServerImpl.java:requestVote(1335)) - s1@group-5D8BFF2AC38C replies to ELECTION vote request: s0<-s1#0:OK-t1. Peer's state: s1@group-5D8BFF2AC38C:t1, leader=null, voted=s0, raftlog=Memoized:s1@group-5D8BFF2AC38C-SegmentedRaftLog:OPENED:c-1, conf=-1: peers:[s0|rpc:localhost:42371|admin:localhost:36531|client:localhost:36379|dataStream:localhost:43129|priority:0|startupRole:FOLLOWER, s1|rpc:localhost:35679|admin:localhost:44855|client:localhost:41371|dataStream:localhost:42433|priority:0|startupRole:FOLLOWER, s2|rpc:localhost:39787|admin:localhost:44467|client:localhost:41113|dataStream:localhost:33651|priority:0|startupRole:FOLLOWER]|listeners:[], old=null
2023-02-09 08:25:10,643 [grpc-default-executor-5] INFO  server.RaftServer$Division (RaftServerImpl.java:requestVote(1335)) - s2@group-5D8BFF2AC38C replies to ELECTION vote request: s0<-s2#0:OK-t1. Peer's state: s2@group-5D8BFF2AC38C:t1, leader=null, voted=s0, raftlog=Memoized:s2@group-5D8BFF2AC38C-SegmentedRaftLog:OPENED:c-1, conf=-1: peers:[s0|rpc:localhost:42371|admin:localhost:36531|client:localhost:36379|dataStream:localhost:43129|priority:0|startupRole:FOLLOWER, s1|rpc:localhost:35679|admin:localhost:44855|client:localhost:41371|dataStream:localhost:42433|priority:0|startupRole:FOLLOWER, s2|rpc:localhost:39787|admin:localhost:44467|client:localhost:41113|dataStream:localhost:33651|priority:0|startupRole:FOLLOWER]|listeners:[], old=null
2023-02-09 08:25:10,643 [grpc-default-executor-6] INFO  server.RaftServer$Division (RaftServerImpl.java:requestVote(1302)) - s1@group-5D8BFF2AC38C: receive requestVote(PRE_VOTE, s2, group-5D8BFF2AC38C, 0, (t:0, i:0))
2023-02-09 08:25:10,643 [s0@group-5D8BFF2AC38C-LeaderElection8] INFO  impl.LeaderElection (LeaderElection.java:logAndReturn(89)) - s0@group-5D8BFF2AC38C-LeaderElection8: ELECTION PASSED received 1 response(s) and 0 exception(s):
2023-02-09 08:25:10,643 [s0@group-5D8BFF2AC38C-LeaderElection8] INFO  impl.LeaderElection (LeaderElection.java:logAndReturn(93)) -   Response 0: s0<-s1#0:OK-t1
2023-02-09 08:25:10,644 [s0@group-5D8BFF2AC38C-LeaderElection8] INFO  impl.LeaderElection (LeaderElection.java:askForVotes(311)) - s0@group-5D8BFF2AC38C-LeaderElection8 ELECTION round 0: result PASSED
2023-02-09 08:25:10,644 [s0@group-5D8BFF2AC38C-LeaderElection8] INFO  impl.RoleInfo (RoleInfo.java:shutdownLeaderElection(130)) - s0: shutdown s0@group-5D8BFF2AC38C-LeaderElection8
2023-02-09 08:25:10,644 [s0@group-5D8BFF2AC38C-LeaderElection8] INFO  server.RaftServer$Division (RaftServerImpl.java:setRole(329)) - s0@group-5D8BFF2AC38C: changes role from CANDIDATE to LEADER at term 1 for changeToLeader
2023-02-09 08:25:10,644 [s0@group-5D8BFF2AC38C-LeaderElection8] INFO  server.RaftServer$Division (ServerState.java:setLeader(260)) - s0@group-5D8BFF2AC38C: change Leader from null to s0 at term 1 for becomeLeader, leader elected after 275ms
2023-02-09 08:25:10,644 [s0@group-5D8BFF2AC38C-LeaderElection8] INFO  server.RaftServerConfigKeys (ConfUtils.java:logGet(46)) - raft.server.staging.catchup.gap = 1000 (default)
2023-02-09 08:25:10,644 [s0@group-5D8BFF2AC38C-LeaderElection8] INFO  server.RaftServerConfigKeys (ConfUtils.java:logGet(46)) - raft.server.write.element-limit = 4096 (default)
2023-02-09 08:25:10,644 [s0@group-5D8BFF2AC38C-LeaderElection8] INFO  server.RaftServerConfigKeys (ConfUtils.java:logGet(46)) - raft.server.write.byte-limit = 64MB (=67108864) (default)
2023-02-09 08:25:10,644 [s0@group-5D8BFF2AC38C-LeaderElection8] INFO  server.RaftServerConfigKeys (ConfUtils.java:logGet(46)) - raft.server.watch.timeout = 10s (default)
2023-02-09 08:25:10,644 [s0@group-5D8BFF2AC38C-LeaderElection8] INFO  server.RaftServerConfigKeys (ConfUtils.java:logGet(46)) - raft.server.watch.timeout.denomination = 1s (default)
2023-02-09 08:25:10,644 [s0@group-5D8BFF2AC38C-LeaderElection8] INFO  server.RaftServerConfigKeys (ConfUtils.java:logGet(46)) - raft.server.watch.element-limit = 65536 (default)
2023-02-09 08:25:10,644 [s0@group-5D8BFF2AC38C-LeaderElection8] INFO  server.RaftServerConfigKeys (ConfUtils.java:logGet(46)) - raft.server.write.element-limit = 4096 (default)
2023-02-09 08:25:10,644 [s0@group-5D8BFF2AC38C-LeaderElection8] INFO  server.RaftServerConfigKeys (ConfUtils.java:logGet(46)) - raft.server.write.follower.gap.ratio.max = -1.0 (default)
2023-02-09 08:25:10,644 [s0@group-5D8BFF2AC38C-LeaderElection8] INFO  server.RaftServerConfigKeys (ConfUtils.java:logGet(46)) - raft.server.log.appender.snapshot.chunk.size.max = 16MB (=16777216) (default)
2023-02-09 08:25:10,644 [s0@group-5D8BFF2AC38C-LeaderElection8] INFO  server.RaftServerConfigKeys (ConfUtils.java:logGet(46)) - raft.server.log.appender.buffer.byte-limit = 4MB (=4194304) (default)
2023-02-09 08:25:10,644 [s0@group-5D8BFF2AC38C-LeaderElection8] INFO  server.RaftServerConfigKeys (ConfUtils.java:logGet(46)) - raft.server.log.appender.buffer.element-limit = 0 (default)
2023-02-09 08:25:10,644 [s0@group-5D8BFF2AC38C-LeaderElection8] INFO  grpc.GrpcConfigKeys (ConfUtils.java:logGet(46)) - raft.grpc.server.leader.outstanding.appends.max = 128 (default)
2023-02-09 08:25:10,644 [s0@group-5D8BFF2AC38C-LeaderElection8] INFO  server.RaftServerConfigKeys (ConfUtils.java:logGet(46)) - raft.server.rpc.request.timeout = 3000ms (default)
2023-02-09 08:25:10,644 [s0@group-5D8BFF2AC38C-LeaderElection8] INFO  server.RaftServerConfigKeys (ConfUtils.java:logGet(46)) - raft.server.log.appender.install.snapshot.enabled = false (custom)
2023-02-09 08:25:10,644 [s0@group-5D8BFF2AC38C-LeaderElection8] INFO  grpc.GrpcConfigKeys (ConfUtils.java:logGet(46)) - raft.grpc.server.heartbeat.channel = true (default)
2023-02-09 08:25:10,645 [s0@group-5D8BFF2AC38C-LeaderElection8] INFO  server.RaftServerConfigKeys (ConfUtils.java:logGet(46)) - raft.server.log.appender.wait-time.min = 10ms (default)
2023-02-09 08:25:10,645 [s0@group-5D8BFF2AC38C-LeaderElection8] INFO  server.RaftServerConfigKeys (ConfUtils.java:logGet(46)) - raft.server.log.appender.snapshot.chunk.size.max = 16MB (=16777216) (default)
2023-02-09 08:25:10,645 [s0@group-5D8BFF2AC38C-LeaderElection8] INFO  server.RaftServerConfigKeys (ConfUtils.java:logGet(46)) - raft.server.log.appender.buffer.byte-limit = 4MB (=4194304) (default)
2023-02-09 08:25:10,645 [s0@group-5D8BFF2AC38C-LeaderElection8] INFO  server.RaftServerConfigKeys (ConfUtils.java:logGet(46)) - raft.server.log.appender.buffer.element-limit = 0 (default)
2023-02-09 08:25:10,645 [s0@group-5D8BFF2AC38C-LeaderElection8] INFO  grpc.GrpcConfigKeys (ConfUtils.java:logGet(46)) - raft.grpc.server.leader.outstanding.appends.max = 128 (default)
2023-02-09 08:25:10,645 [s0@group-5D8BFF2AC38C-LeaderElection8] INFO  server.RaftServerConfigKeys (ConfUtils.java:logGet(46)) - raft.server.rpc.request.timeout = 3000ms (default)
2023-02-09 08:25:10,645 [s0@group-5D8BFF2AC38C-LeaderElection8] INFO  server.RaftServerConfigKeys (ConfUtils.java:logGet(46)) - raft.server.log.appender.install.snapshot.enabled = false (custom)
2023-02-09 08:25:10,645 [s0@group-5D8BFF2AC38C-LeaderElection8] INFO  grpc.GrpcConfigKeys (ConfUtils.java:logGet(46)) - raft.grpc.server.heartbeat.channel = true (default)
2023-02-09 08:25:10,645 [s0@group-5D8BFF2AC38C-LeaderElection8] INFO  server.RaftServerConfigKeys (ConfUtils.java:logGet(46)) - raft.server.log.appender.wait-time.min = 10ms (default)
2023-02-09 08:25:10,645 [s0@group-5D8BFF2AC38C-LeaderElection8] INFO  impl.RoleInfo (RoleInfo.java:updateAndGet(139)) - s0: start s0@group-5D8BFF2AC38C-LeaderStateImpl
2023-02-09 08:25:10,645 [s0@group-5D8BFF2AC38C-LeaderElection8] DEBUG raftlog.RaftLog (SegmentedRaftLog.java:appendImpl(446)) - truncateIndex=-1, arrayIndex=0
2023-02-09 08:25:10,645 [s0@group-5D8BFF2AC38C-LeaderElection8] INFO  segmented.SegmentedRaftLogWorker (SegmentedRaftLogWorker.java:startLogSegment(431)) - s0@group-5D8BFF2AC38C-SegmentedRaftLogWorker: Starting segment from index:0
2023-02-09 08:25:10,643 [grpc-default-executor-6] INFO  impl.VoteContext (VoteContext.java:log(49)) - s1@group-5D8BFF2AC38C-FOLLOWER: accept PRE_VOTE from s2: our priority 0 <= candidate's priority 0
2023-02-09 08:25:10,646 [grpc-default-executor-6] INFO  server.RaftServer$Division (RaftServerImpl.java:requestVote(1335)) - s1@group-5D8BFF2AC38C replies to PRE_VOTE vote request: s2<-s1#0:OK-t1. Peer's state: s1@group-5D8BFF2AC38C:t1, leader=null, voted=s0, raftlog=Memoized:s1@group-5D8BFF2AC38C-SegmentedRaftLog:OPENED:c-1, conf=-1: peers:[s0|rpc:localhost:42371|admin:localhost:36531|client:localhost:36379|dataStream:localhost:43129|priority:0|startupRole:FOLLOWER, s1|rpc:localhost:35679|admin:localhost:44855|client:localhost:41371|dataStream:localhost:42433|priority:0|startupRole:FOLLOWER, s2|rpc:localhost:39787|admin:localhost:44467|client:localhost:41113|dataStream:localhost:33651|priority:0|startupRole:FOLLOWER]|listeners:[], old=null
2023-02-09 08:25:10,647 [s0@group-5D8BFF2AC38C-SegmentedRaftLogWorker] INFO  segmented.SegmentedRaftLogWorker (SegmentedRaftLogWorker.java:execute(635)) - s0@group-5D8BFF2AC38C-SegmentedRaftLogWorker: created new log segment /home/runner/work/ratis/ratis/ratis-test/target/test/data/ca75353f/MiniRaftClusterWithGrpc52e54005/s0/d26acf42-c6a3-40ef-b2da-5d8bff2ac38c/current/log_inprogress_0
2023-02-09 08:25:10,653 [s0@group-5D8BFF2AC38C-LeaderElection8] INFO  server.RaftServer$Division (ServerState.java:setRaftConf(378)) - s0@group-5D8BFF2AC38C: set configuration 0: peers:[s0|rpc:localhost:42371|admin:localhost:36531|client:localhost:36379|dataStream:localhost:43129|priority:0|startupRole:FOLLOWER, s1|rpc:localhost:35679|admin:localhost:44855|client:localhost:41371|dataStream:localhost:42433|priority:0|startupRole:FOLLOWER, s2|rpc:localhost:39787|admin:localhost:44467|client:localhost:41113|dataStream:localhost:33651|priority:0|startupRole:FOLLOWER]|listeners:[], old=null
2023-02-09 08:25:10,663 [s1-server-thread1] INFO  server.RaftServer$Division (ServerState.java:setLeader(260)) - s1@group-5D8BFF2AC38C: change Leader from null to s0 at term 1 for appendEntries, leader elected after 290ms
2023-02-09 08:25:10,672 [s2-server-thread1] INFO  server.RaftServer$Division (ServerState.java:setLeader(260)) - s2@group-5D8BFF2AC38C: change Leader from null to s0 at term 1 for appendEntries, leader elected after 294ms
2023-02-09 08:25:10,677 [s1-server-thread2] INFO  server.RaftServer$Division (ServerState.java:setRaftConf(378)) - s1@group-5D8BFF2AC38C: set configuration 0: peers:[s0|rpc:localhost:42371|admin:localhost:36531|client:localhost:36379|dataStream:localhost:43129|priority:0|startupRole:FOLLOWER, s1|rpc:localhost:35679|admin:localhost:44855|client:localhost:41371|dataStream:localhost:42433|priority:0|startupRole:FOLLOWER, s2|rpc:localhost:39787|admin:localhost:44467|client:localhost:41113|dataStream:localhost:33651|priority:0|startupRole:FOLLOWER]|listeners:[], old=null
2023-02-09 08:25:10,677 [s1-server-thread2] DEBUG raftlog.RaftLog (SegmentedRaftLog.java:appendImpl(446)) - truncateIndex=-1, arrayIndex=0
2023-02-09 08:25:10,677 [s1-server-thread2] INFO  segmented.SegmentedRaftLogWorker (SegmentedRaftLogWorker.java:startLogSegment(431)) - s1@group-5D8BFF2AC38C-SegmentedRaftLogWorker: Starting segment from index:0
2023-02-09 08:25:10,682 [s2-server-thread2] INFO  server.RaftServer$Division (ServerState.java:setRaftConf(378)) - s2@group-5D8BFF2AC38C: set configuration 0: peers:[s0|rpc:localhost:42371|admin:localhost:36531|client:localhost:36379|dataStream:localhost:43129|priority:0|startupRole:FOLLOWER, s1|rpc:localhost:35679|admin:localhost:44855|client:localhost:41371|dataStream:localhost:42433|priority:0|startupRole:FOLLOWER, s2|rpc:localhost:39787|admin:localhost:44467|client:localhost:41113|dataStream:localhost:33651|priority:0|startupRole:FOLLOWER]|listeners:[], old=null
2023-02-09 08:25:10,682 [s2-server-thread2] DEBUG raftlog.RaftLog (SegmentedRaftLog.java:appendImpl(446)) - truncateIndex=-1, arrayIndex=0
2023-02-09 08:25:10,682 [s2-server-thread2] INFO  segmented.SegmentedRaftLogWorker (SegmentedRaftLogWorker.java:startLogSegment(431)) - s2@group-5D8BFF2AC38C-SegmentedRaftLogWorker: Starting segment from index:0
2023-02-09 08:25:10,682 [s1@group-5D8BFF2AC38C-SegmentedRaftLogWorker] INFO  segmented.SegmentedRaftLogWorker (SegmentedRaftLogWorker.java:execute(635)) - s1@group-5D8BFF2AC38C-SegmentedRaftLogWorker: created new log segment /home/runner/work/ratis/ratis/ratis-test/target/test/data/ca75353f/MiniRaftClusterWithGrpc52e54005/s1/d26acf42-c6a3-40ef-b2da-5d8bff2ac38c/current/log_inprogress_0
2023-02-09 08:25:10,683 [s2@group-5D8BFF2AC38C-SegmentedRaftLogWorker] INFO  segmented.SegmentedRaftLogWorker (SegmentedRaftLogWorker.java:execute(635)) - s2@group-5D8BFF2AC38C-SegmentedRaftLogWorker: created new log segment /home/runner/work/ratis/ratis/ratis-test/target/test/data/ca75353f/MiniRaftClusterWithGrpc52e54005/s2/d26acf42-c6a3-40ef-b2da-5d8bff2ac38c/current/log_inprogress_0
2023-02-09 08:25:10,874 [Time-limited test] INFO  ratis.RaftTestUtil (RaftTestUtil.java:waitForLeader(119)) - printing ALL groups
  s0:  RUNNING    LEADER s0@group-5D8BFF2AC38C:t1, leader=s0, voted=s0, raftlog=Memoized:s0@group-5D8BFF2AC38C-SegmentedRaftLog:OPENED:c0, conf=0: peers:[s0|rpc:localhost:42371|admin:localhost:36531|client:localhost:36379|dataStream:localhost:43129|priority:0|startupRole:FOLLOWER, s1|rpc:localhost:35679|admin:localhost:44855|client:localhost:41371|dataStream:localhost:42433|priority:0|startupRole:FOLLOWER, s2|rpc:localhost:39787|admin:localhost:44467|client:localhost:41113|dataStream:localhost:33651|priority:0|startupRole:FOLLOWER]|listeners:[], old=null RUNNING
  s1:  RUNNING  FOLLOWER s1@group-5D8BFF2AC38C:t1, leader=s0, voted=s0, raftlog=Memoized:s1@group-5D8BFF2AC38C-SegmentedRaftLog:OPENED:c0, conf=0: peers:[s0|rpc:localhost:42371|admin:localhost:36531|client:localhost:36379|dataStream:localhost:43129|priority:0|startupRole:FOLLOWER, s1|rpc:localhost:35679|admin:localhost:44855|client:localhost:41371|dataStream:localhost:42433|priority:0|startupRole:FOLLOWER, s2|rpc:localhost:39787|admin:localhost:44467|client:localhost:41113|dataStream:localhost:33651|priority:0|startupRole:FOLLOWER]|listeners:[], old=null RUNNING
  s2:  RUNNING  FOLLOWER s2@group-5D8BFF2AC38C:t1, leader=s0, voted=s0, raftlog=Memoized:s2@group-5D8BFF2AC38C-SegmentedRaftLog:OPENED:c0, conf=0: peers:[s0|rpc:localhost:42371|admin:localhost:36531|client:localhost:36379|dataStream:localhost:43129|priority:0|startupRole:FOLLOWER, s1|rpc:localhost:35679|admin:localhost:44855|client:localhost:41371|dataStream:localhost:42433|priority:0|startupRole:FOLLOWER, s2|rpc:localhost:39787|admin:localhost:44467|client:localhost:41113|dataStream:localhost:33651|priority:0|startupRole:FOLLOWER]|listeners:[], old=null RUNNING
2023-02-09 08:25:10,883 [s2-server-thread4] DEBUG raftlog.RaftLog (SegmentedRaftLog.java:appendImpl(446)) - truncateIndex=-1, arrayIndex=0
2023-02-09 08:25:10,883 [s1-server-thread2] DEBUG raftlog.RaftLog (SegmentedRaftLog.java:appendImpl(446)) - truncateIndex=-1, arrayIndex=0
2023-02-09 08:25:10,885 [s0@group-5D8BFF2AC38C-StateMachineUpdater] INFO  impl.SimpleStateMachine4Testing (SimpleStateMachine4Testing.java:put(205)) - s0: put 1, m0 -> (t:1, i:1), STATEMACHINELOGENTRY, 386@client-F516C80A2025
2023-02-09 08:25:10,886 [s1-server-thread2] DEBUG raftlog.RaftLog (SegmentedRaftLog.java:appendImpl(446)) - truncateIndex=-1, arrayIndex=0
2023-02-09 08:25:10,886 [s2-server-thread4] DEBUG raftlog.RaftLog (SegmentedRaftLog.java:appendImpl(446)) - truncateIndex=-1, arrayIndex=0
2023-02-09 08:25:10,886 [s1@group-5D8BFF2AC38C-StateMachineUpdater] INFO  impl.SimpleStateMachine4Testing (SimpleStateMachine4Testing.java:put(205)) - s1: put 1, m0 -> (t:1, i:1), STATEMACHINELOGENTRY, 386@client-F516C80A2025
2023-02-09 08:25:10,887 [s2@group-5D8BFF2AC38C-StateMachineUpdater] INFO  impl.SimpleStateMachine4Testing (SimpleStateMachine4Testing.java:put(205)) - s2: put 1, m0 -> (t:1, i:1), STATEMACHINELOGENTRY, 386@client-F516C80A2025
2023-02-09 08:25:10,893 [s1-server-thread2] DEBUG raftlog.RaftLog (SegmentedRaftLog.java:appendImpl(446)) - truncateIndex=-1, arrayIndex=0
2023-02-09 08:25:10,893 [s2-server-thread4] DEBUG raftlog.RaftLog (SegmentedRaftLog.java:appendImpl(446)) - truncateIndex=-1, arrayIndex=0
2023-02-09 08:25:10,894 [s0@group-5D8BFF2AC38C-StateMachineUpdater] INFO  impl.SimpleStateMachine4Testing (SimpleStateMachine4Testing.java:put(205)) - s0: put 3, m1 -> (t:1, i:3), STATEMACHINELOGENTRY, 387@client-F516C80A2025
2023-02-09 08:25:10,896 [s1-server-thread2] DEBUG raftlog.RaftLog (SegmentedRaftLog.java:appendImpl(446)) - truncateIndex=-1, arrayIndex=0
2023-02-09 08:25:10,896 [s1@group-5D8BFF2AC38C-StateMachineUpdater] INFO  impl.SimpleStateMachine4Testing (SimpleStateMachine4Testing.java:put(205)) - s1: put 3, m1 -> (t:1, i:3), STATEMACHINELOGENTRY, 387@client-F516C80A2025
2023-02-09 08:25:10,896 [s2-server-thread4] DEBUG raftlog.RaftLog (SegmentedRaftLog.java:appendImpl(446)) - truncateIndex=-1, arrayIndex=0
2023-02-09 08:25:10,898 [s2@group-5D8BFF2AC38C-StateMachineUpdater] INFO  impl.SimpleStateMachine4Testing (SimpleStateMachine4Testing.java:put(205)) - s2: put 3, m1 -> (t:1, i:3), STATEMACHINELOGENTRY, 387@client-F516C80A2025
2023-02-09 08:25:10,900 [s1-server-thread2] DEBUG raftlog.RaftLog (SegmentedRaftLog.java:appendImpl(446)) - truncateIndex=-1, arrayIndex=0
2023-02-09 08:25:10,900 [s2-server-thread4] DEBUG raftlog.RaftLog (SegmentedRaftLog.java:appendImpl(446)) - truncateIndex=-1, arrayIndex=0
2023-02-09 08:25:10,901 [s0@group-5D8BFF2AC38C-StateMachineUpdater] INFO  impl.SimpleStateMachine4Testing (SimpleStateMachine4Testing.java:put(205)) - s0: put 5, m2 -> (t:1, i:5), STATEMACHINELOGENTRY, 388@client-F516C80A2025
2023-02-09 08:25:10,902 [s2-server-thread4] DEBUG raftlog.RaftLog (SegmentedRaftLog.java:appendImpl(446)) - truncateIndex=-1, arrayIndex=0
2023-02-09 08:25:10,902 [s2@group-5D8BFF2AC38C-StateMachineUpdater] INFO  impl.SimpleStateMachine4Testing (SimpleStateMachine4Testing.java:put(205)) - s2: put 5, m2 -> (t:1, i:5), STATEMACHINELOGENTRY, 388@client-F516C80A2025
2023-02-09 08:25:10,903 [s1-server-thread2] DEBUG raftlog.RaftLog (SegmentedRaftLog.java:appendImpl(446)) - truncateIndex=-1, arrayIndex=0
2023-02-09 08:25:10,903 [s1@group-5D8BFF2AC38C-StateMachineUpdater] INFO  impl.SimpleStateMachine4Testing (SimpleStateMachine4Testing.java:put(205)) - s1: put 5, m2 -> (t:1, i:5), STATEMACHINELOGENTRY, 388@client-F516C80A2025
2023-02-09 08:25:10,907 [s1-server-thread2] DEBUG raftlog.RaftLog (SegmentedRaftLog.java:appendImpl(446)) - truncateIndex=-1, arrayIndex=0
2023-02-09 08:25:10,908 [s2-server-thread4] DEBUG raftlog.RaftLog (SegmentedRaftLog.java:appendImpl(446)) - truncateIndex=-1, arrayIndex=0
2023-02-09 08:25:10,908 [s0@group-5D8BFF2AC38C-StateMachineUpdater] INFO  impl.SimpleStateMachine4Testing (SimpleStateMachine4Testing.java:put(205)) - s0: put 7, m3 -> (t:1, i:7), STATEMACHINELOGENTRY, 389@client-F516C80A2025
2023-02-09 08:25:10,909 [s2-server-thread4] DEBUG raftlog.RaftLog (SegmentedRaftLog.java:appendImpl(446)) - truncateIndex=-1, arrayIndex=0
2023-02-09 08:25:10,910 [s2@group-5D8BFF2AC38C-StateMachineUpdater] INFO  impl.SimpleStateMachine4Testing (SimpleStateMachine4Testing.java:put(205)) - s2: put 7, m3 -> (t:1, i:7), STATEMACHINELOGENTRY, 389@client-F516C80A2025
2023-02-09 08:25:10,910 [s1-server-thread2] DEBUG raftlog.RaftLog (SegmentedRaftLog.java:appendImpl(446)) - truncateIndex=-1, arrayIndex=0
2023-02-09 08:25:10,911 [s1@group-5D8BFF2AC38C-StateMachineUpdater] INFO  impl.SimpleStateMachine4Testing (SimpleStateMachine4Testing.java:put(205)) - s1: put 7, m3 -> (t:1, i:7), STATEMACHINELOGENTRY, 389@client-F516C80A2025
2023-02-09 08:25:10,912 [s1-server-thread2] DEBUG raftlog.RaftLog (SegmentedRaftLog.java:appendImpl(446)) - truncateIndex=-1, arrayIndex=0
2023-02-09 08:25:10,912 [s2-server-thread4] DEBUG raftlog.RaftLog (SegmentedRaftLog.java:appendImpl(446)) - truncateIndex=-1, arrayIndex=0
2023-02-09 08:25:10,913 [s0@group-5D8BFF2AC38C-StateMachineUpdater] INFO  impl.SimpleStateMachine4Testing (SimpleStateMachine4Testing.java:put(205)) - s0: put 9, m4 -> (t:1, i:9), STATEMACHINELOGENTRY, 390@client-F516C80A2025
2023-02-09 08:25:10,914 [s2-server-thread4] DEBUG raftlog.RaftLog (SegmentedRaftLog.java:appendImpl(446)) - truncateIndex=-1, arrayIndex=0
2023-02-09 08:25:10,914 [s1-server-thread2] DEBUG raftlog.RaftLog (SegmentedRaftLog.java:appendImpl(446)) - truncateIndex=-1, arrayIndex=0
2023-02-09 08:25:10,915 [s2@group-5D8BFF2AC38C-StateMachineUpdater] INFO  impl.SimpleStateMachine4Testing (SimpleStateMachine4Testing.java:put(205)) - s2: put 9, m4 -> (t:1, i:9), STATEMACHINELOGENTRY, 390@client-F516C80A2025
2023-02-09 08:25:10,915 [s1@group-5D8BFF2AC38C-StateMachineUpdater] INFO  impl.SimpleStateMachine4Testing (SimpleStateMachine4Testing.java:put(205)) - s1: put 9, m4 -> (t:1, i:9), STATEMACHINELOGENTRY, 390@client-F516C80A2025
2023-02-09 08:25:10,917 [s2-server-thread4] DEBUG raftlog.RaftLog (SegmentedRaftLog.java:appendImpl(446)) - truncateIndex=-1, arrayIndex=0
2023-02-09 08:25:10,917 [s1-server-thread2] DEBUG raftlog.RaftLog (SegmentedRaftLog.java:appendImpl(446)) - truncateIndex=-1, arrayIndex=0
2023-02-09 08:25:10,918 [s0@group-5D8BFF2AC38C-StateMachineUpdater] INFO  impl.SimpleStateMachine4Testing (SimpleStateMachine4Testing.java:put(205)) - s0: put 11, m5 -> (t:1, i:11), STATEMACHINELOGENTRY, 391@client-F516C80A2025
2023-02-09 08:25:10,919 [s2-server-thread4] DEBUG raftlog.RaftLog (SegmentedRaftLog.java:appendImpl(446)) - truncateIndex=-1, arrayIndex=0
2023-02-09 08:25:10,920 [s2@group-5D8BFF2AC38C-StateMachineUpdater] INFO  impl.SimpleStateMachine4Testing (SimpleStateMachine4Testing.java:put(205)) - s2: put 11, m5 -> (t:1, i:11), STATEMACHINELOGENTRY, 391@client-F516C80A2025
2023-02-09 08:25:10,920 [s1-server-thread2] DEBUG raftlog.RaftLog (SegmentedRaftLog.java:appendImpl(446)) - truncateIndex=-1, arrayIndex=0
2023-02-09 08:25:10,921 [s1@group-5D8BFF2AC38C-StateMachineUpdater] INFO  impl.SimpleStateMachine4Testing (SimpleStateMachine4Testing.java:put(205)) - s1: put 11, m5 -> (t:1, i:11), STATEMACHINELOGENTRY, 391@client-F516C80A2025
2023-02-09 08:25:10,921 [s2-server-thread4] DEBUG raftlog.RaftLog (SegmentedRaftLog.java:appendImpl(446)) - truncateIndex=-1, arrayIndex=0
2023-02-09 08:25:10,922 [s1-server-thread2] DEBUG raftlog.RaftLog (SegmentedRaftLog.java:appendImpl(446)) - truncateIndex=-1, arrayIndex=0
2023-02-09 08:25:10,922 [s0@group-5D8BFF2AC38C-StateMachineUpdater] INFO  impl.SimpleStateMachine4Testing (SimpleStateMachine4Testing.java:put(205)) - s0: put 13, m6 -> (t:1, i:13), STATEMACHINELOGENTRY, 392@client-F516C80A2025
2023-02-09 08:25:10,923 [s2-server-thread4] DEBUG raftlog.RaftLog (SegmentedRaftLog.java:appendImpl(446)) - truncateIndex=-1, arrayIndex=0
2023-02-09 08:25:10,924 [s1-server-thread2] DEBUG raftlog.RaftLog (SegmentedRaftLog.java:appendImpl(446)) - truncateIndex=-1, arrayIndex=0
2023-02-09 08:25:10,924 [s2@group-5D8BFF2AC38C-StateMachineUpdater] INFO  impl.SimpleStateMachine4Testing (SimpleStateMachine4Testing.java:put(205)) - s2: put 13, m6 -> (t:1, i:13), STATEMACHINELOGENTRY, 392@client-F516C80A2025
2023-02-09 08:25:10,925 [s1@group-5D8BFF2AC38C-StateMachineUpdater] INFO  impl.SimpleStateMachine4Testing (SimpleStateMachine4Testing.java:put(205)) - s1: put 13, m6 -> (t:1, i:13), STATEMACHINELOGENTRY, 392@client-F516C80A2025
2023-02-09 08:25:10,925 [s2-server-thread4] DEBUG raftlog.RaftLog (SegmentedRaftLog.java:appendImpl(446)) - truncateIndex=-1, arrayIndex=0
2023-02-09 08:25:10,926 [s1-server-thread2] DEBUG raftlog.RaftLog (SegmentedRaftLog.java:appendImpl(446)) - truncateIndex=-1, arrayIndex=0
2023-02-09 08:25:10,926 [s0@group-5D8BFF2AC38C-StateMachineUpdater] INFO  impl.SimpleStateMachine4Testing (SimpleStateMachine4Testing.java:put(205)) - s0: put 15, m7 -> (t:1, i:15), STATEMACHINELOGENTRY, 393@client-F516C80A2025
2023-02-09 08:25:10,927 [s2-server-thread4] DEBUG raftlog.RaftLog (SegmentedRaftLog.java:appendImpl(446)) - truncateIndex=-1, arrayIndex=0
2023-02-09 08:25:10,928 [s2@group-5D8BFF2AC38C-StateMachineUpdater] INFO  impl.SimpleStateMachine4Testing (SimpleStateMachine4Testing.java:put(205)) - s2: put 15, m7 -> (t:1, i:15), STATEMACHINELOGENTRY, 393@client-F516C80A2025
2023-02-09 08:25:10,928 [s1-server-thread2] DEBUG raftlog.RaftLog (SegmentedRaftLog.java:appendImpl(446)) - truncateIndex=-1, arrayIndex=0
2023-02-09 08:25:10,929 [s1@group-5D8BFF2AC38C-StateMachineUpdater] INFO  impl.SimpleStateMachine4Testing (SimpleStateMachine4Testing.java:put(205)) - s1: put 15, m7 -> (t:1, i:15), STATEMACHINELOGENTRY, 393@client-F516C80A2025
2023-02-09 08:25:10,929 [s2-server-thread4] DEBUG raftlog.RaftLog (SegmentedRaftLog.java:appendImpl(446)) - truncateIndex=-1, arrayIndex=0
2023-02-09 08:25:10,930 [s1-server-thread2] DEBUG raftlog.RaftLog (SegmentedRaftLog.java:appendImpl(446)) - truncateIndex=-1, arrayIndex=0
2023-02-09 08:25:10,930 [s0@group-5D8BFF2AC38C-StateMachineUpdater] INFO  impl.SimpleStateMachine4Testing (SimpleStateMachine4Testing.java:put(205)) - s0: put 17, m8 -> (t:1, i:17), STATEMACHINELOGENTRY, 394@client-F516C80A2025
2023-02-09 08:25:10,931 [s2-server-thread4] DEBUG raftlog.RaftLog (SegmentedRaftLog.java:appendImpl(446)) - truncateIndex=-1, arrayIndex=0
2023-02-09 08:25:10,931 [s2@group-5D8BFF2AC38C-StateMachineUpdater] INFO  impl.SimpleStateMachine4Testing (SimpleStateMachine4Testing.java:put(205)) - s2: put 17, m8 -> (t:1, i:17), STATEMACHINELOGENTRY, 394@client-F516C80A2025
2023-02-09 08:25:10,932 [s1-server-thread2] DEBUG raftlog.RaftLog (SegmentedRaftLog.java:appendImpl(446)) - truncateIndex=-1, arrayIndex=0
2023-02-09 08:25:10,933 [s1@group-5D8BFF2AC38C-StateMachineUpdater] INFO  impl.SimpleStateMachine4Testing (SimpleStateMachine4Testing.java:put(205)) - s1: put 17, m8 -> (t:1, i:17), STATEMACHINELOGENTRY, 394@client-F516C80A2025
2023-02-09 08:25:10,933 [s2-server-thread4] DEBUG raftlog.RaftLog (SegmentedRaftLog.java:appendImpl(446)) - truncateIndex=-1, arrayIndex=0
2023-02-09 08:25:10,934 [s1-server-thread2] DEBUG raftlog.RaftLog (SegmentedRaftLog.java:appendImpl(446)) - truncateIndex=-1, arrayIndex=0
2023-02-09 08:25:10,939 [s0@group-5D8BFF2AC38C-StateMachineUpdater] INFO  impl.SimpleStateMachine4Testing (SimpleStateMachine4Testing.java:put(205)) - s0: put 19, m9 -> (t:1, i:19), STATEMACHINELOGENTRY, 395@client-F516C80A2025
2023-02-09 08:25:10,940 [s2-server-thread4] DEBUG raftlog.RaftLog (SegmentedRaftLog.java:appendImpl(446)) - truncateIndex=-1, arrayIndex=0
2023-02-09 08:25:10,940 [s1-server-thread2] DEBUG raftlog.RaftLog (SegmentedRaftLog.java:appendImpl(446)) - truncateIndex=-1, arrayIndex=0
2023-02-09 08:25:10,941 [s2@group-5D8BFF2AC38C-StateMachineUpdater] INFO  impl.SimpleStateMachine4Testing (SimpleStateMachine4Testing.java:put(205)) - s2: put 19, m9 -> (t:1, i:19), STATEMACHINELOGENTRY, 395@client-F516C80A2025
2023-02-09 08:25:10,941 [s1@group-5D8BFF2AC38C-StateMachineUpdater] INFO  impl.SimpleStateMachine4Testing (SimpleStateMachine4Testing.java:put(205)) - s1: put 19, m9 -> (t:1, i:19), STATEMACHINELOGENTRY, 395@client-F516C80A2025
2023-02-09 08:25:10,943 [s2-server-thread4] DEBUG raftlog.RaftLog (SegmentedRaftLog.java:appendImpl(446)) - truncateIndex=-1, arrayIndex=0
2023-02-09 08:25:10,943 [s1-server-thread2] DEBUG raftlog.RaftLog (SegmentedRaftLog.java:appendImpl(446)) - truncateIndex=-1, arrayIndex=0
2023-02-09 08:25:10,944 [s0@group-5D8BFF2AC38C-StateMachineUpdater] INFO  impl.SimpleStateMachine4Testing (SimpleStateMachine4Testing.java:put(205)) - s0: put 21, m10 -> (t:1, i:21), STATEMACHINELOGENTRY, 396@client-F516C80A2025
2023-02-09 08:25:10,945 [s2-server-thread4] DEBUG raftlog.RaftLog (SegmentedRaftLog.java:appendImpl(446)) - truncateIndex=-1, arrayIndex=0
2023-02-09 08:25:10,945 [s1-server-thread2] DEBUG raftlog.RaftLog (SegmentedRaftLog.java:appendImpl(446)) - truncateIndex=-1, arrayIndex=0
2023-02-09 08:25:10,946 [s1@group-5D8BFF2AC38C-StateMachineUpdater] INFO  impl.SimpleStateMachine4Testing (SimpleStateMachine4Testing.java:put(205)) - s1: put 21, m10 -> (t:1, i:21), STATEMACHINELOGENTRY, 396@client-F516C80A2025
2023-02-09 08:25:10,946 [s2@group-5D8BFF2AC38C-StateMachineUpdater] INFO  impl.SimpleStateMachine4Testing (SimpleStateMachine4Testing.java:put(205)) - s2: put 21, m10 -> (t:1, i:21), STATEMACHINELOGENTRY, 396@client-F516C80A2025
2023-02-09 08:25:10,947 [s0-client-thread1] INFO  segmented.SegmentedRaftLogWorker (SegmentedRaftLogWorker.java:rollLogSegment(436)) - s0@group-5D8BFF2AC38C-SegmentedRaftLogWorker: Rolling segment log-0_22 to index:22
2023-02-09 08:25:10,947 [s0@group-5D8BFF2AC38C-SegmentedRaftLogWorker] TRACE util.FileUtils (LogUtils.java:runAndLog(49)) - Successfully ran Atomic Files.move /home/runner/work/ratis/ratis/ratis-test/target/test/data/ca75353f/MiniRaftClusterWithGrpc52e54005/s0/d26acf42-c6a3-40ef-b2da-5d8bff2ac38c/current/log_inprogress_0 to /home/runner/work/ratis/ratis/ratis-test/target/test/data/ca75353f/MiniRaftClusterWithGrpc52e54005/s0/d26acf42-c6a3-40ef-b2da-5d8bff2ac38c/current/log_0-22
2023-02-09 08:25:10,947 [s0@group-5D8BFF2AC38C-SegmentedRaftLogWorker] INFO  segmented.SegmentedRaftLogWorker (SegmentedRaftLogWorker.java:execute(592)) - s0@group-5D8BFF2AC38C-SegmentedRaftLogWorker: Rolled log segment from /home/runner/work/ratis/ratis/ratis-test/target/test/data/ca75353f/MiniRaftClusterWithGrpc52e54005/s0/d26acf42-c6a3-40ef-b2da-5d8bff2ac38c/current/log_inprogress_0 to /home/runner/work/ratis/ratis/ratis-test/target/test/data/ca75353f/MiniRaftClusterWithGrpc52e54005/s0/d26acf42-c6a3-40ef-b2da-5d8bff2ac38c/current/log_0-22
2023-02-09 08:25:10,948 [s0@group-5D8BFF2AC38C-SegmentedRaftLogWorker] INFO  segmented.SegmentedRaftLogWorker (SegmentedRaftLogWorker.java:execute(635)) - s0@group-5D8BFF2AC38C-SegmentedRaftLogWorker: created new log segment /home/runner/work/ratis/ratis/ratis-test/target/test/data/ca75353f/MiniRaftClusterWithGrpc52e54005/s0/d26acf42-c6a3-40ef-b2da-5d8bff2ac38c/current/log_inprogress_23
2023-02-09 08:25:10,948 [s2-server-thread4] DEBUG raftlog.RaftLog (SegmentedRaftLog.java:appendImpl(446)) - truncateIndex=-1, arrayIndex=0
2023-02-09 08:25:10,948 [s2-server-thread4] INFO  segmented.SegmentedRaftLogWorker (SegmentedRaftLogWorker.java:rollLogSegment(436)) - s2@group-5D8BFF2AC38C-SegmentedRaftLogWorker: Rolling segment log-0_22 to index:22
2023-02-09 08:25:10,949 [s1-server-thread2] DEBUG raftlog.RaftLog (SegmentedRaftLog.java:appendImpl(446)) - truncateIndex=-1, arrayIndex=0
2023-02-09 08:25:10,949 [s1-server-thread2] INFO  segmented.SegmentedRaftLogWorker (SegmentedRaftLogWorker.java:rollLogSegment(436)) - s1@group-5D8BFF2AC38C-SegmentedRaftLogWorker: Rolling segment log-0_22 to index:22
2023-02-09 08:25:10,949 [s2@group-5D8BFF2AC38C-SegmentedRaftLogWorker] TRACE util.FileUtils (LogUtils.java:runAndLog(49)) - Successfully ran Atomic Files.move /home/runner/work/ratis/ratis/ratis-test/target/test/data/ca75353f/MiniRaftClusterWithGrpc52e54005/s2/d26acf42-c6a3-40ef-b2da-5d8bff2ac38c/current/log_inprogress_0 to /home/runner/work/ratis/ratis/ratis-test/target/test/data/ca75353f/MiniRaftClusterWithGrpc52e54005/s2/d26acf42-c6a3-40ef-b2da-5d8bff2ac38c/current/log_0-22
2023-02-09 08:25:10,949 [s2@group-5D8BFF2AC38C-SegmentedRaftLogWorker] INFO  segmented.SegmentedRaftLogWorker (SegmentedRaftLogWorker.java:execute(592)) - s2@group-5D8BFF2AC38C-SegmentedRaftLogWorker: Rolled log segment from /home/runner/work/ratis/ratis/ratis-test/target/test/data/ca75353f/MiniRaftClusterWithGrpc52e54005/s2/d26acf42-c6a3-40ef-b2da-5d8bff2ac38c/current/log_inprogress_0 to /home/runner/work/ratis/ratis/ratis-test/target/test/data/ca75353f/MiniRaftClusterWithGrpc52e54005/s2/d26acf42-c6a3-40ef-b2da-5d8bff2ac38c/current/log_0-22
2023-02-09 08:25:10,949 [s1@group-5D8BFF2AC38C-SegmentedRaftLogWorker] TRACE util.FileUtils (LogUtils.java:runAndLog(49)) - Successfully ran Atomic Files.move /home/runner/work/ratis/ratis/ratis-test/target/test/data/ca75353f/MiniRaftClusterWithGrpc52e54005/s1/d26acf42-c6a3-40ef-b2da-5d8bff2ac38c/current/log_inprogress_0 to /home/runner/work/ratis/ratis/ratis-test/target/test/data/ca75353f/MiniRaftClusterWithGrpc52e54005/s1/d26acf42-c6a3-40ef-b2da-5d8bff2ac38c/current/log_0-22
2023-02-09 08:25:10,949 [s1@group-5D8BFF2AC38C-SegmentedRaftLogWorker] INFO  segmented.SegmentedRaftLogWorker (SegmentedRaftLogWorker.java:execute(592)) - s1@group-5D8BFF2AC38C-SegmentedRaftLogWorker: Rolled log segment from /home/runner/work/ratis/ratis/ratis-test/target/test/data/ca75353f/MiniRaftClusterWithGrpc52e54005/s1/d26acf42-c6a3-40ef-b2da-5d8bff2ac38c/current/log_inprogress_0 to /home/runner/work/ratis/ratis/ratis-test/target/test/data/ca75353f/MiniRaftClusterWithGrpc52e54005/s1/d26acf42-c6a3-40ef-b2da-5d8bff2ac38c/current/log_0-22
2023-02-09 08:25:10,950 [s1@group-5D8BFF2AC38C-SegmentedRaftLogWorker] INFO  segmented.SegmentedRaftLogWorker (SegmentedRaftLogWorker.java:execute(635)) - s1@group-5D8BFF2AC38C-SegmentedRaftLogWorker: created new log segment /home/runner/work/ratis/ratis/ratis-test/target/test/data/ca75353f/MiniRaftClusterWithGrpc52e54005/s1/d26acf42-c6a3-40ef-b2da-5d8bff2ac38c/current/log_inprogress_23
2023-02-09 08:25:10,950 [s2@group-5D8BFF2AC38C-SegmentedRaftLogWorker] INFO  segmented.SegmentedRaftLogWorker (SegmentedRaftLogWorker.java:execute(635)) - s2@group-5D8BFF2AC38C-SegmentedRaftLogWorker: created new log segment /home/runner/work/ratis/ratis/ratis-test/target/test/data/ca75353f/MiniRaftClusterWithGrpc52e54005/s2/d26acf42-c6a3-40ef-b2da-5d8bff2ac38c/current/log_inprogress_23
2023-02-09 08:25:10,951 [s0@group-5D8BFF2AC38C-StateMachineUpdater] INFO  impl.SimpleStateMachine4Testing (SimpleStateMachine4Testing.java:put(205)) - s0: put 23, m11 -> (t:1, i:23), STATEMACHINELOGENTRY, 397@client-F516C80A2025
2023-02-09 08:25:10,952 [s2-server-thread4] DEBUG raftlog.RaftLog (SegmentedRaftLog.java:appendImpl(446)) - truncateIndex=-1, arrayIndex=0
2023-02-09 08:25:10,952 [s2@group-5D8BFF2AC38C-StateMachineUpdater] INFO  impl.SimpleStateMachine4Testing (SimpleStateMachine4Testing.java:put(205)) - s2: put 23, m11 -> (t:1, i:23), STATEMACHINELOGENTRY, 397@client-F516C80A2025
2023-02-09 08:25:10,953 [s1-server-thread2] DEBUG raftlog.RaftLog (SegmentedRaftLog.java:appendImpl(446)) - truncateIndex=-1, arrayIndex=0
2023-02-09 08:25:10,954 [s1@group-5D8BFF2AC38C-StateMachineUpdater] INFO  impl.SimpleStateMachine4Testing (SimpleStateMachine4Testing.java:put(205)) - s1: put 23, m11 -> (t:1, i:23), STATEMACHINELOGENTRY, 397@client-F516C80A2025
2023-02-09 08:25:10,954 [s2-server-thread4] DEBUG raftlog.RaftLog (SegmentedRaftLog.java:appendImpl(446)) - truncateIndex=-1, arrayIndex=0
2023-02-09 08:25:10,954 [s1-server-thread2] DEBUG raftlog.RaftLog (SegmentedRaftLog.java:appendImpl(446)) - truncateIndex=-1, arrayIndex=0
2023-02-09 08:25:10,955 [s0@group-5D8BFF2AC38C-StateMachineUpdater] INFO  impl.SimpleStateMachine4Testing (SimpleStateMachine4Testing.java:put(205)) - s0: put 25, m12 -> (t:1, i:25), STATEMACHINELOGENTRY, 398@client-F516C80A2025
2023-02-09 08:25:10,956 [s2-server-thread4] DEBUG raftlog.RaftLog (SegmentedRaftLog.java:appendImpl(446)) - truncateIndex=-1, arrayIndex=0
2023-02-09 08:25:10,956 [s1-server-thread2] DEBUG raftlog.RaftLog (SegmentedRaftLog.java:appendImpl(446)) - truncateIndex=-1, arrayIndex=0
2023-02-09 08:25:10,957 [s2@group-5D8BFF2AC38C-StateMachineUpdater] INFO  impl.SimpleStateMachine4Testing (SimpleStateMachine4Testing.java:put(205)) - s2: put 25, m12 -> (t:1, i:25), STATEMACHINELOGENTRY, 398@client-F516C80A2025
2023-02-09 08:25:10,957 [s1@group-5D8BFF2AC38C-StateMachineUpdater] INFO  impl.SimpleStateMachine4Testing (SimpleStateMachine4Testing.java:put(205)) - s1: put 25, m12 -> (t:1, i:25), STATEMACHINELOGENTRY, 398@client-F516C80A2025
2023-02-09 08:25:10,958 [s2-server-thread4] DEBUG raftlog.RaftLog (SegmentedRaftLog.java:appendImpl(446)) - truncateIndex=-1, arrayIndex=0
2023-02-09 08:25:10,959 [s1-server-thread2] DEBUG raftlog.RaftLog (SegmentedRaftLog.java:appendImpl(446)) - truncateIndex=-1, arrayIndex=0
2023-02-09 08:25:10,959 [s0@group-5D8BFF2AC38C-StateMachineUpdater] INFO  impl.SimpleStateMachine4Testing (SimpleStateMachine4Testing.java:put(205)) - s0: put 27, m13 -> (t:1, i:27), STATEMACHINELOGENTRY, 399@client-F516C80A2025
2023-02-09 08:25:10,960 [s2-server-thread4] DEBUG raftlog.RaftLog (SegmentedRaftLog.java:appendImpl(446)) - truncateIndex=-1, arrayIndex=0
2023-02-09 08:25:10,961 [s2@group-5D8BFF2AC38C-StateMachineUpdater] INFO  impl.SimpleStateMachine4Testing (SimpleStateMachine4Testing.java:put(205)) - s2: put 27, m13 -> (t:1, i:27), STATEMACHINELOGENTRY, 399@client-F516C80A2025
2023-02-09 08:25:10,962 [s1-server-thread2] DEBUG raftlog.RaftLog (SegmentedRaftLog.java:appendImpl(446)) - truncateIndex=-1, arrayIndex=0
2023-02-09 08:25:10,962 [s1@group-5D8BFF2AC38C-StateMachineUpdater] INFO  impl.SimpleStateMachine4Testing (SimpleStateMachine4Testing.java:put(205)) - s1: put 27, m13 -> (t:1, i:27), STATEMACHINELOGENTRY, 399@client-F516C80A2025
2023-02-09 08:25:10,963 [s2-server-thread4] DEBUG raftlog.RaftLog (SegmentedRaftLog.java:appendImpl(446)) - truncateIndex=-1, arrayIndex=0
2023-02-09 08:25:10,963 [s1-server-thread2] DEBUG raftlog.RaftLog (SegmentedRaftLog.java:appendImpl(446)) - truncateIndex=-1, arrayIndex=0
2023-02-09 08:25:10,964 [s0@group-5D8BFF2AC38C-StateMachineUpdater] INFO  impl.SimpleStateMachine4Testing (SimpleStateMachine4Testing.java:put(205)) - s0: put 29, m14 -> (t:1, i:29), STATEMACHINELOGENTRY, 400@client-F516C80A2025
2023-02-09 08:25:10,965 [s2-server-thread4] DEBUG raftlog.RaftLog (SegmentedRaftLog.java:appendImpl(446)) - truncateIndex=-1, arrayIndex=0
2023-02-09 08:25:10,966 [s2@group-5D8BFF2AC38C-StateMachineUpdater] INFO  impl.SimpleStateMachine4Testing (SimpleStateMachine4Testing.java:put(205)) - s2: put 29, m14 -> (t:1, i:29), STATEMACHINELOGENTRY, 400@client-F516C80A2025
2023-02-09 08:25:10,966 [s1-server-thread2] DEBUG raftlog.RaftLog (SegmentedRaftLog.java:appendImpl(446)) - truncateIndex=-1, arrayIndex=0
2023-02-09 08:25:10,966 [s1@group-5D8BFF2AC38C-StateMachineUpdater] INFO  impl.SimpleStateMachine4Testing (SimpleStateMachine4Testing.java:put(205)) - s1: put 29, m14 -> (t:1, i:29), STATEMACHINELOGENTRY, 400@client-F516C80A2025
2023-02-09 08:25:10,971 [s2-server-thread4] DEBUG raftlog.RaftLog (SegmentedRaftLog.java:appendImpl(446)) - truncateIndex=-1, arrayIndex=0
2023-02-09 08:25:10,971 [s1-server-thread2] DEBUG raftlog.RaftLog (SegmentedRaftLog.java:appendImpl(446)) - truncateIndex=-1, arrayIndex=0
2023-02-09 08:25:10,973 [s0@group-5D8BFF2AC38C-StateMachineUpdater] INFO  impl.SimpleStateMachine4Testing (SimpleStateMachine4Testing.java:put(205)) - s0: put 31, m15 -> (t:1, i:31), STATEMACHINELOGENTRY, 401@client-F516C80A2025
2023-02-09 08:25:10,974 [s2-server-thread4] DEBUG raftlog.RaftLog (SegmentedRaftLog.java:appendImpl(446)) - truncateIndex=-1, arrayIndex=0
2023-02-09 08:25:10,975 [s2@group-5D8BFF2AC38C-StateMachineUpdater] INFO  impl.SimpleStateMachine4Testing (SimpleStateMachine4Testing.java:put(205)) - s2: put 31, m15 -> (t:1, i:31), STATEMACHINELOGENTRY, 401@client-F516C80A2025
2023-02-09 08:25:10,975 [s1-server-thread2] DEBUG raftlog.RaftLog (SegmentedRaftLog.java:appendImpl(446)) - truncateIndex=-1, arrayIndex=0
2023-02-09 08:25:10,975 [s1@group-5D8BFF2AC38C-StateMachineUpdater] INFO  impl.SimpleStateMachine4Testing (SimpleStateMachine4Testing.java:put(205)) - s1: put 31, m15 -> (t:1, i:31), STATEMACHINELOGENTRY, 401@client-F516C80A2025
2023-02-09 08:25:10,978 [s2-server-thread4] DEBUG raftlog.RaftLog (SegmentedRaftLog.java:appendImpl(446)) - truncateIndex=-1, arrayIndex=0
2023-02-09 08:25:10,978 [s1-server-thread2] DEBUG raftlog.RaftLog (SegmentedRaftLog.java:appendImpl(446)) - truncateIndex=-1, arrayIndex=0
2023-02-09 08:25:10,979 [s0@group-5D8BFF2AC38C-StateMachineUpdater] INFO  impl.SimpleStateMachine4Testing (SimpleStateMachine4Testing.java:put(205)) - s0: put 33, m16 -> (t:1, i:33), STATEMACHINELOGENTRY, 402@client-F516C80A2025
2023-02-09 08:25:10,979 [s2-server-thread4] DEBUG raftlog.RaftLog (SegmentedRaftLog.java:appendImpl(446)) - truncateIndex=-1, arrayIndex=0
2023-02-09 08:25:10,980 [s1-server-thread2] DEBUG raftlog.RaftLog (SegmentedRaftLog.java:appendImpl(446)) - truncateIndex=-1, arrayIndex=0
2023-02-09 08:25:10,980 [s2@group-5D8BFF2AC38C-StateMachineUpdater] INFO  impl.SimpleStateMachine4Testing (SimpleStateMachine4Testing.java:put(205)) - s2: put 33, m16 -> (t:1, i:33), STATEMACHINELOGENTRY, 402@client-F516C80A2025
2023-02-09 08:25:10,980 [s1@group-5D8BFF2AC38C-StateMachineUpdater] INFO  impl.SimpleStateMachine4Testing (SimpleStateMachine4Testing.java:put(205)) - s1: put 33, m16 -> (t:1, i:33), STATEMACHINELOGENTRY, 402@client-F516C80A2025
2023-02-09 08:25:10,982 [s2-server-thread4] DEBUG raftlog.RaftLog (SegmentedRaftLog.java:appendImpl(446)) - truncateIndex=-1, arrayIndex=0
2023-02-09 08:25:10,982 [s1-server-thread2] DEBUG raftlog.RaftLog (SegmentedRaftLog.java:appendImpl(446)) - truncateIndex=-1, arrayIndex=0
2023-02-09 08:25:10,983 [s0@group-5D8BFF2AC38C-StateMachineUpdater] INFO  impl.SimpleStateMachine4Testing (SimpleStateMachine4Testing.java:put(205)) - s0: put 35, m17 -> (t:1, i:35), STATEMACHINELOGENTRY, 403@client-F516C80A2025
2023-02-09 08:25:10,983 [s2-server-thread4] DEBUG raftlog.RaftLog (SegmentedRaftLog.java:appendImpl(446)) - truncateIndex=-1, arrayIndex=0
2023-02-09 08:25:10,984 [s1-server-thread2] DEBUG raftlog.RaftLog (SegmentedRaftLog.java:appendImpl(446)) - truncateIndex=-1, arrayIndex=0
2023-02-09 08:25:10,984 [s2@group-5D8BFF2AC38C-StateMachineUpdater] INFO  impl.SimpleStateMachine4Testing (SimpleStateMachine4Testing.java:put(205)) - s2: put 35, m17 -> (t:1, i:35), STATEMACHINELOGENTRY, 403@client-F516C80A2025
2023-02-09 08:25:10,984 [s1@group-5D8BFF2AC38C-StateMachineUpdater] INFO  impl.SimpleStateMachine4Testing (SimpleStateMachine4Testing.java:put(205)) - s1: put 35, m17 -> (t:1, i:35), STATEMACHINELOGENTRY, 403@client-F516C80A2025
2023-02-09 08:25:10,988 [s2-server-thread4] DEBUG raftlog.RaftLog (SegmentedRaftLog.java:appendImpl(446)) - truncateIndex=-1, arrayIndex=0
2023-02-09 08:25:10,988 [s1-server-thread2] DEBUG raftlog.RaftLog (SegmentedRaftLog.java:appendImpl(446)) - truncateIndex=-1, arrayIndex=0
2023-02-09 08:25:10,989 [s0@group-5D8BFF2AC38C-StateMachineUpdater] INFO  impl.SimpleStateMachine4Testing (SimpleStateMachine4Testing.java:put(205)) - s0: put 37, m18 -> (t:1, i:37), STATEMACHINELOGENTRY, 404@client-F516C80A2025
2023-02-09 08:25:10,990 [s2-server-thread4] DEBUG raftlog.RaftLog (SegmentedRaftLog.java:appendImpl(446)) - truncateIndex=-1, arrayIndex=0
2023-02-09 08:25:10,990 [s1-server-thread2] DEBUG raftlog.RaftLog (SegmentedRaftLog.java:appendImpl(446)) - truncateIndex=-1, arrayIndex=0
2023-02-09 08:25:10,990 [s2@group-5D8BFF2AC38C-StateMachineUpdater] INFO  impl.SimpleStateMachine4Testing (SimpleStateMachine4Testing.java:put(205)) - s2: put 37, m18 -> (t:1, i:37), STATEMACHINELOGENTRY, 404@client-F516C80A2025
2023-02-09 08:25:10,991 [s1@group-5D8BFF2AC38C-StateMachineUpdater] INFO  impl.SimpleStateMachine4Testing (SimpleStateMachine4Testing.java:put(205)) - s1: put 37, m18 -> (t:1, i:37), STATEMACHINELOGENTRY, 404@client-F516C80A2025
2023-02-09 08:25:10,992 [s2-server-thread4] DEBUG raftlog.RaftLog (SegmentedRaftLog.java:appendImpl(446)) - truncateIndex=-1, arrayIndex=0
2023-02-09 08:25:10,992 [s1-server-thread2] DEBUG raftlog.RaftLog (SegmentedRaftLog.java:appendImpl(446)) - truncateIndex=-1, arrayIndex=0
2023-02-09 08:25:10,993 [s0@group-5D8BFF2AC38C-StateMachineUpdater] INFO  impl.SimpleStateMachine4Testing (SimpleStateMachine4Testing.java:put(205)) - s0: put 39, m19 -> (t:1, i:39), STATEMACHINELOGENTRY, 405@client-F516C80A2025
2023-02-09 08:25:10,994 [s2-server-thread4] DEBUG raftlog.RaftLog (SegmentedRaftLog.java:appendImpl(446)) - truncateIndex=-1, arrayIndex=0
2023-02-09 08:25:10,994 [s2@group-5D8BFF2AC38C-StateMachineUpdater] INFO  impl.SimpleStateMachine4Testing (SimpleStateMachine4Testing.java:put(205)) - s2: put 39, m19 -> (t:1, i:39), STATEMACHINELOGENTRY, 405@client-F516C80A2025
2023-02-09 08:25:10,995 [s1-server-thread2] DEBUG raftlog.RaftLog (SegmentedRaftLog.java:appendImpl(446)) - truncateIndex=-1, arrayIndex=0
2023-02-09 08:25:10,996 [s1@group-5D8BFF2AC38C-StateMachineUpdater] INFO  impl.SimpleStateMachine4Testing (SimpleStateMachine4Testing.java:put(205)) - s1: put 39, m19 -> (t:1, i:39), STATEMACHINELOGENTRY, 405@client-F516C80A2025
2023-02-09 08:25:10,996 [s2-server-thread4] DEBUG raftlog.RaftLog (SegmentedRaftLog.java:appendImpl(446)) - truncateIndex=-1, arrayIndex=0
2023-02-09 08:25:10,996 [s1-server-thread2] DEBUG raftlog.RaftLog (SegmentedRaftLog.java:appendImpl(446)) - truncateIndex=-1, arrayIndex=0
2023-02-09 08:25:10,997 [s0@group-5D8BFF2AC38C-StateMachineUpdater] INFO  impl.SimpleStateMachine4Testing (SimpleStateMachine4Testing.java:put(205)) - s0: put 41, m20 -> (t:1, i:41), STATEMACHINELOGENTRY, 406@client-F516C80A2025
2023-02-09 08:25:10,998 [s2-server-thread4] DEBUG raftlog.RaftLog (SegmentedRaftLog.java:appendImpl(446)) - truncateIndex=-1, arrayIndex=0
2023-02-09 08:25:10,999 [s1-server-thread2] DEBUG raftlog.RaftLog (SegmentedRaftLog.java:appendImpl(446)) - truncateIndex=-1, arrayIndex=0
2023-02-09 08:25:10,999 [s2@group-5D8BFF2AC38C-StateMachineUpdater] INFO  impl.SimpleStateMachine4Testing (SimpleStateMachine4Testing.java:put(205)) - s2: put 41, m20 -> (t:1, i:41), STATEMACHINELOGENTRY, 406@client-F516C80A2025
2023-02-09 08:25:11,000 [s1@group-5D8BFF2AC38C-StateMachineUpdater] INFO  impl.SimpleStateMachine4Testing (SimpleStateMachine4Testing.java:put(205)) - s1: put 41, m20 -> (t:1, i:41), STATEMACHINELOGENTRY, 406@client-F516C80A2025
2023-02-09 08:25:11,001 [s2-server-thread4] DEBUG raftlog.RaftLog (SegmentedRaftLog.java:appendImpl(446)) - truncateIndex=-1, arrayIndex=0
2023-02-09 08:25:11,001 [s1-server-thread2] DEBUG raftlog.RaftLog (SegmentedRaftLog.java:appendImpl(446)) - truncateIndex=-1, arrayIndex=0
2023-02-09 08:25:11,002 [s0@group-5D8BFF2AC38C-StateMachineUpdater] INFO  impl.SimpleStateMachine4Testing (SimpleStateMachine4Testing.java:put(205)) - s0: put 43, m21 -> (t:1, i:43), STATEMACHINELOGENTRY, 407@client-F516C80A2025
2023-02-09 08:25:11,002 [s2-server-thread4] DEBUG raftlog.RaftLog (SegmentedRaftLog.java:appendImpl(446)) - truncateIndex=-1, arrayIndex=0
2023-02-09 08:25:11,003 [s2@group-5D8BFF2AC38C-StateMachineUpdater] INFO  impl.SimpleStateMachine4Testing (SimpleStateMachine4Testing.java:put(205)) - s2: put 43, m21 -> (t:1, i:43), STATEMACHINELOGENTRY, 407@client-F516C80A2025
2023-02-09 08:25:11,004 [s1-server-thread2] DEBUG raftlog.RaftLog (SegmentedRaftLog.java:appendImpl(446)) - truncateIndex=-1, arrayIndex=0
2023-02-09 08:25:11,004 [s1@group-5D8BFF2AC38C-StateMachineUpdater] INFO  impl.SimpleStateMachine4Testing (SimpleStateMachine4Testing.java:put(205)) - s1: put 43, m21 -> (t:1, i:43), STATEMACHINELOGENTRY, 407@client-F516C80A2025
2023-02-09 08:25:11,006 [s2-server-thread4] DEBUG raftlog.RaftLog (SegmentedRaftLog.java:appendImpl(446)) - truncateIndex=-1, arrayIndex=0
2023-02-09 08:25:11,006 [s1-server-thread2] DEBUG raftlog.RaftLog (SegmentedRaftLog.java:appendImpl(446)) - truncateIndex=-1, arrayIndex=0
2023-02-09 08:25:11,007 [s0@group-5D8BFF2AC38C-StateMachineUpdater] INFO  impl.SimpleStateMachine4Testing (SimpleStateMachine4Testing.java:put(205)) - s0: put 45, m22 -> (t:1, i:45), STATEMACHINELOGENTRY, 408@client-F516C80A2025
2023-02-09 08:25:11,008 [s2-server-thread4] DEBUG raftlog.RaftLog (SegmentedRaftLog.java:appendImpl(446)) - truncateIndex=-1, arrayIndex=0
2023-02-09 08:25:11,008 [s2@group-5D8BFF2AC38C-StateMachineUpdater] INFO  impl.SimpleStateMachine4Testing (SimpleStateMachine4Testing.java:put(205)) - s2: put 45, m22 -> (t:1, i:45), STATEMACHINELOGENTRY, 408@client-F516C80A2025
2023-02-09 08:25:11,012 [s1-server-thread2] DEBUG raftlog.RaftLog (SegmentedRaftLog.java:appendImpl(446)) - truncateIndex=-1, arrayIndex=0
2023-02-09 08:25:11,013 [s1@group-5D8BFF2AC38C-StateMachineUpdater] INFO  impl.SimpleStateMachine4Testing (SimpleStateMachine4Testing.java:put(205)) - s1: put 45, m22 -> (t:1, i:45), STATEMACHINELOGENTRY, 408@client-F516C80A2025
2023-02-09 08:25:11,013 [s2-server-thread4] DEBUG raftlog.RaftLog (SegmentedRaftLog.java:appendImpl(446)) - truncateIndex=-1, arrayIndex=0
2023-02-09 08:25:11,014 [s1-server-thread2] DEBUG raftlog.RaftLog (SegmentedRaftLog.java:appendImpl(446)) - truncateIndex=-1, arrayIndex=0
2023-02-09 08:25:11,015 [s0@group-5D8BFF2AC38C-StateMachineUpdater] INFO  impl.SimpleStateMachine4Testing (SimpleStateMachine4Testing.java:put(205)) - s0: put 47, m23 -> (t:1, i:47), STATEMACHINELOGENTRY, 409@client-F516C80A2025
2023-02-09 08:25:11,016 [s2-server-thread4] DEBUG raftlog.RaftLog (SegmentedRaftLog.java:appendImpl(446)) - truncateIndex=-1, arrayIndex=0
2023-02-09 08:25:11,016 [s1-server-thread2] DEBUG raftlog.RaftLog (SegmentedRaftLog.java:appendImpl(446)) - truncateIndex=-1, arrayIndex=0
2023-02-09 08:25:11,017 [s2@group-5D8BFF2AC38C-StateMachineUpdater] INFO  impl.SimpleStateMachine4Testing (SimpleStateMachine4Testing.java:put(205)) - s2: put 47, m23 -> (t:1, i:47), STATEMACHINELOGENTRY, 409@client-F516C80A2025
2023-02-09 08:25:11,017 [s1@group-5D8BFF2AC38C-StateMachineUpdater] INFO  impl.SimpleStateMachine4Testing (SimpleStateMachine4Testing.java:put(205)) - s1: put 47, m23 -> (t:1, i:47), STATEMACHINELOGENTRY, 409@client-F516C80A2025
2023-02-09 08:25:11,018 [s2-server-thread4] DEBUG raftlog.RaftLog (SegmentedRaftLog.java:appendImpl(446)) - truncateIndex=-1, arrayIndex=0
2023-02-09 08:25:11,019 [s1-server-thread2] DEBUG raftlog.RaftLog (SegmentedRaftLog.java:appendImpl(446)) - truncateIndex=-1, arrayIndex=0
2023-02-09 08:25:11,019 [s0@group-5D8BFF2AC38C-StateMachineUpdater] INFO  impl.SimpleStateMachine4Testing (SimpleStateMachine4Testing.java:put(205)) - s0: put 49, m24 -> (t:1, i:49), STATEMACHINELOGENTRY, 410@client-F516C80A2025
2023-02-09 08:25:11,020 [s2-server-thread4] DEBUG raftlog.RaftLog (SegmentedRaftLog.java:appendImpl(446)) - truncateIndex=-1, arrayIndex=0
2023-02-09 08:25:11,020 [s2@group-5D8BFF2AC38C-StateMachineUpdater] INFO  impl.SimpleStateMachine4Testing (SimpleStateMachine4Testing.java:put(205)) - s2: put 49, m24 -> (t:1, i:49), STATEMACHINELOGENTRY, 410@client-F516C80A2025
2023-02-09 08:25:11,021 [s1-server-thread2] DEBUG raftlog.RaftLog (SegmentedRaftLog.java:appendImpl(446)) - truncateIndex=-1, arrayIndex=0
2023-02-09 08:25:11,022 [s0-client-thread1] INFO  segmented.SegmentedRaftLogWorker (SegmentedRaftLogWorker.java:rollLogSegment(436)) - s0@group-5D8BFF2AC38C-SegmentedRaftLogWorker: Rolling segment log-23_50 to index:50
2023-02-09 08:25:11,022 [s0@group-5D8BFF2AC38C-SegmentedRaftLogWorker] TRACE util.FileUtils (LogUtils.java:runAndLog(49)) - Successfully ran Atomic Files.move /home/runner/work/ratis/ratis/ratis-test/target/test/data/ca75353f/MiniRaftClusterWithGrpc52e54005/s0/d26acf42-c6a3-40ef-b2da-5d8bff2ac38c/current/log_inprogress_23 to /home/runner/work/ratis/ratis/ratis-test/target/test/data/ca75353f/MiniRaftClusterWithGrpc52e54005/s0/d26acf42-c6a3-40ef-b2da-5d8bff2ac38c/current/log_23-50
2023-02-09 08:25:11,022 [s0@group-5D8BFF2AC38C-SegmentedRaftLogWorker] INFO  segmented.SegmentedRaftLogWorker (SegmentedRaftLogWorker.java:execute(592)) - s0@group-5D8BFF2AC38C-SegmentedRaftLogWorker: Rolled log segment from /home/runner/work/ratis/ratis/ratis-test/target/test/data/ca75353f/MiniRaftClusterWithGrpc52e54005/s0/d26acf42-c6a3-40ef-b2da-5d8bff2ac38c/current/log_inprogress_23 to /home/runner/work/ratis/ratis/ratis-test/target/test/data/ca75353f/MiniRaftClusterWithGrpc52e54005/s0/d26acf42-c6a3-40ef-b2da-5d8bff2ac38c/current/log_23-50
2023-02-09 08:25:11,022 [s1@group-5D8BFF2AC38C-StateMachineUpdater] INFO  impl.SimpleStateMachine4Testing (SimpleStateMachine4Testing.java:put(205)) - s1: put 49, m24 -> (t:1, i:49), STATEMACHINELOGENTRY, 410@client-F516C80A2025
2023-02-09 08:25:11,023 [s2-server-thread4] DEBUG raftlog.RaftLog (SegmentedRaftLog.java:appendImpl(446)) - truncateIndex=-1, arrayIndex=0
2023-02-09 08:25:11,023 [s2-server-thread4] INFO  segmented.SegmentedRaftLogWorker (SegmentedRaftLogWorker.java:rollLogSegment(436)) - s2@group-5D8BFF2AC38C-SegmentedRaftLogWorker: Rolling segment log-23_50 to index:50
2023-02-09 08:25:11,023 [s2@group-5D8BFF2AC38C-SegmentedRaftLogWorker] TRACE util.FileUtils (LogUtils.java:runAndLog(49)) - Successfully ran Atomic Files.move /home/runner/work/ratis/ratis/ratis-test/target/test/data/ca75353f/MiniRaftClusterWithGrpc52e54005/s2/d26acf42-c6a3-40ef-b2da-5d8bff2ac38c/current/log_inprogress_23 to /home/runner/work/ratis/ratis/ratis-test/target/test/data/ca75353f/MiniRaftClusterWithGrpc52e54005/s2/d26acf42-c6a3-40ef-b2da-5d8bff2ac38c/current/log_23-50
2023-02-09 08:25:11,023 [s2@group-5D8BFF2AC38C-SegmentedRaftLogWorker] INFO  segmented.SegmentedRaftLogWorker (SegmentedRaftLogWorker.java:execute(592)) - s2@group-5D8BFF2AC38C-SegmentedRaftLogWorker: Rolled log segment from /home/runner/work/ratis/ratis/ratis-test/target/test/data/ca75353f/MiniRaftClusterWithGrpc52e54005/s2/d26acf42-c6a3-40ef-b2da-5d8bff2ac38c/current/log_inprogress_23 to /home/runner/work/ratis/ratis/ratis-test/target/test/data/ca75353f/MiniRaftClusterWithGrpc52e54005/s2/d26acf42-c6a3-40ef-b2da-5d8bff2ac38c/current/log_23-50
2023-02-09 08:25:11,024 [s0@group-5D8BFF2AC38C-SegmentedRaftLogWorker] INFO  segmented.SegmentedRaftLogWorker (SegmentedRaftLogWorker.java:execute(635)) - s0@group-5D8BFF2AC38C-SegmentedRaftLogWorker: created new log segment /home/runner/work/ratis/ratis/ratis-test/target/test/data/ca75353f/MiniRaftClusterWithGrpc52e54005/s0/d26acf42-c6a3-40ef-b2da-5d8bff2ac38c/current/log_inprogress_51
2023-02-09 08:25:11,024 [s2@group-5D8BFF2AC38C-SegmentedRaftLogWorker] INFO  segmented.SegmentedRaftLogWorker (SegmentedRaftLogWorker.java:execute(635)) - s2@group-5D8BFF2AC38C-SegmentedRaftLogWorker: created new log segment /home/runner/work/ratis/ratis/ratis-test/target/test/data/ca75353f/MiniRaftClusterWithGrpc52e54005/s2/d26acf42-c6a3-40ef-b2da-5d8bff2ac38c/current/log_inprogress_51
2023-02-09 08:25:11,024 [s1-server-thread2] DEBUG raftlog.RaftLog (SegmentedRaftLog.java:appendImpl(446)) - truncateIndex=-1, arrayIndex=0
2023-02-09 08:25:11,024 [s1-server-thread2] INFO  segmented.SegmentedRaftLogWorker (SegmentedRaftLogWorker.java:rollLogSegment(436)) - s1@group-5D8BFF2AC38C-SegmentedRaftLogWorker: Rolling segment log-23_50 to index:50
2023-02-09 08:25:11,025 [s1@group-5D8BFF2AC38C-SegmentedRaftLogWorker] TRACE util.FileUtils (LogUtils.java:runAndLog(49)) - Successfully ran Atomic Files.move /home/runner/work/ratis/ratis/ratis-test/target/test/data/ca75353f/MiniRaftClusterWithGrpc52e54005/s1/d26acf42-c6a3-40ef-b2da-5d8bff2ac38c/current/log_inprogress_23 to /home/runner/work/ratis/ratis/ratis-test/target/test/data/ca75353f/MiniRaftClusterWithGrpc52e54005/s1/d26acf42-c6a3-40ef-b2da-5d8bff2ac38c/current/log_23-50
2023-02-09 08:25:11,025 [s1@group-5D8BFF2AC38C-SegmentedRaftLogWorker] INFO  segmented.SegmentedRaftLogWorker (SegmentedRaftLogWorker.java:execute(592)) - s1@group-5D8BFF2AC38C-SegmentedRaftLogWorker: Rolled log segment from /home/runner/work/ratis/ratis/ratis-test/target/test/data/ca75353f/MiniRaftClusterWithGrpc52e54005/s1/d26acf42-c6a3-40ef-b2da-5d8bff2ac38c/current/log_inprogress_23 to /home/runner/work/ratis/ratis/ratis-test/target/test/data/ca75353f/MiniRaftClusterWithGrpc52e54005/s1/d26acf42-c6a3-40ef-b2da-5d8bff2ac38c/current/log_23-50
2023-02-09 08:25:11,025 [s1@group-5D8BFF2AC38C-SegmentedRaftLogWorker] INFO  segmented.SegmentedRaftLogWorker (SegmentedRaftLogWorker.java:execute(635)) - s1@group-5D8BFF2AC38C-SegmentedRaftLogWorker: created new log segment /home/runner/work/ratis/ratis/ratis-test/target/test/data/ca75353f/MiniRaftClusterWithGrpc52e54005/s1/d26acf42-c6a3-40ef-b2da-5d8bff2ac38c/current/log_inprogress_51
2023-02-09 08:25:11,026 [s0@group-5D8BFF2AC38C-StateMachineUpdater] INFO  impl.SimpleStateMachine4Testing (SimpleStateMachine4Testing.java:put(205)) - s0: put 51, m25 -> (t:1, i:51), STATEMACHINELOGENTRY, 411@client-F516C80A2025
2023-02-09 08:25:11,027 [s2-server-thread4] DEBUG raftlog.RaftLog (SegmentedRaftLog.java:appendImpl(446)) - truncateIndex=-1, arrayIndex=0
2023-02-09 08:25:11,027 [s1-server-thread2] DEBUG raftlog.RaftLog (SegmentedRaftLog.java:appendImpl(446)) - truncateIndex=-1, arrayIndex=0
2023-02-09 08:25:11,028 [s2@group-5D8BFF2AC38C-StateMachineUpdater] INFO  impl.SimpleStateMachine4Testing (SimpleStateMachine4Testing.java:put(205)) - s2: put 51, m25 -> (t:1, i:51), STATEMACHINELOGENTRY, 411@client-F516C80A2025
2023-02-09 08:25:11,028 [s1@group-5D8BFF2AC38C-StateMachineUpdater] INFO  impl.SimpleStateMachine4Testing (SimpleStateMachine4Testing.java:put(205)) - s1: put 51, m25 -> (t:1, i:51), STATEMACHINELOGENTRY, 411@client-F516C80A2025
2023-02-09 08:25:11,030 [s1-server-thread2] DEBUG raftlog.RaftLog (SegmentedRaftLog.java:appendImpl(446)) - truncateIndex=-1, arrayIndex=0
2023-02-09 08:25:11,031 [s2-server-thread4] DEBUG raftlog.RaftLog (SegmentedRaftLog.java:appendImpl(446)) - truncateIndex=-1, arrayIndex=0
2023-02-09 08:25:11,031 [s0@group-5D8BFF2AC38C-StateMachineUpdater] INFO  impl.SimpleStateMachine4Testing (SimpleStateMachine4Testing.java:put(205)) - s0: put 53, m26 -> (t:1, i:53), STATEMACHINELOGENTRY, 412@client-F516C80A2025
2023-02-09 08:25:11,032 [s2-server-thread4] DEBUG raftlog.RaftLog (SegmentedRaftLog.java:appendImpl(446)) - truncateIndex=-1, arrayIndex=0
2023-02-09 08:25:11,033 [s1-server-thread2] DEBUG raftlog.RaftLog (SegmentedRaftLog.java:appendImpl(446)) - truncateIndex=-1, arrayIndex=0
2023-02-09 08:25:11,033 [s2@group-5D8BFF2AC38C-StateMachineUpdater] INFO  impl.SimpleStateMachine4Testing (SimpleStateMachine4Testing.java:put(205)) - s2: put 53, m26 -> (t:1, i:53), STATEMACHINELOGENTRY, 412@client-F516C80A2025
2023-02-09 08:25:11,034 [s1@group-5D8BFF2AC38C-StateMachineUpdater] INFO  impl.SimpleStateMachine4Testing (SimpleStateMachine4Testing.java:put(205)) - s1: put 53, m26 -> (t:1, i:53), STATEMACHINELOGENTRY, 412@client-F516C80A2025
2023-02-09 08:25:11,035 [s2-server-thread4] DEBUG raftlog.RaftLog (SegmentedRaftLog.java:appendImpl(446)) - truncateIndex=-1, arrayIndex=0
2023-02-09 08:25:11,035 [s1-server-thread2] DEBUG raftlog.RaftLog (SegmentedRaftLog.java:appendImpl(446)) - truncateIndex=-1, arrayIndex=0
2023-02-09 08:25:11,036 [s0@group-5D8BFF2AC38C-StateMachineUpdater] INFO  impl.SimpleStateMachine4Testing (SimpleStateMachine4Testing.java:put(205)) - s0: put 55, m27 -> (t:1, i:55), STATEMACHINELOGENTRY, 413@client-F516C80A2025
2023-02-09 08:25:11,037 [s2-server-thread4] DEBUG raftlog.RaftLog (SegmentedRaftLog.java:appendImpl(446)) - truncateIndex=-1, arrayIndex=0
2023-02-09 08:25:11,038 [s2@group-5D8BFF2AC38C-StateMachineUpdater] INFO  impl.SimpleStateMachine4Testing (SimpleStateMachine4Testing.java:put(205)) - s2: put 55, m27 -> (t:1, i:55), STATEMACHINELOGENTRY, 413@client-F516C80A2025
2023-02-09 08:25:11,039 [s1-server-thread2] DEBUG raftlog.RaftLog (SegmentedRaftLog.java:appendImpl(446)) - truncateIndex=-1, arrayIndex=0
2023-02-09 08:25:11,040 [s1@group-5D8BFF2AC38C-StateMachineUpdater] INFO  impl.SimpleStateMachine4Testing (SimpleStateMachine4Testing.java:put(205)) - s1: put 55, m27 -> (t:1, i:55), STATEMACHINELOGENTRY, 413@client-F516C80A2025
2023-02-09 08:25:11,040 [s2-server-thread4] DEBUG raftlog.RaftLog (SegmentedRaftLog.java:appendImpl(446)) - truncateIndex=-1, arrayIndex=0
2023-02-09 08:25:11,041 [s1-server-thread2] DEBUG raftlog.RaftLog (SegmentedRaftLog.java:appendImpl(446)) - truncateIndex=-1, arrayIndex=0
2023-02-09 08:25:11,042 [s0@group-5D8BFF2AC38C-StateMachineUpdater] INFO  impl.SimpleStateMachine4Testing (SimpleStateMachine4Testing.java:put(205)) - s0: put 57, m28 -> (t:1, i:57), STATEMACHINELOGENTRY, 414@client-F516C80A2025
2023-02-09 08:25:11,043 [s2-server-thread4] DEBUG raftlog.RaftLog (SegmentedRaftLog.java:appendImpl(446)) - truncateIndex=-1, arrayIndex=0
2023-02-09 08:25:11,043 [s1-server-thread2] DEBUG raftlog.RaftLog (SegmentedRaftLog.java:appendImpl(446)) - truncateIndex=-1, arrayIndex=0
2023-02-09 08:25:11,044 [s2@group-5D8BFF2AC38C-StateMachineUpdater] INFO  impl.SimpleStateMachine4Testing (SimpleStateMachine4Testing.java:put(205)) - s2: put 57, m28 -> (t:1, i:57), STATEMACHINELOGENTRY, 414@client-F516C80A2025
2023-02-09 08:25:11,044 [s1@group-5D8BFF2AC38C-StateMachineUpdater] INFO  impl.SimpleStateMachine4Testing (SimpleStateMachine4Testing.java:put(205)) - s1: put 57, m28 -> (t:1, i:57), STATEMACHINELOGENTRY, 414@client-F516C80A2025
2023-02-09 08:25:11,045 [s2-server-thread4] DEBUG raftlog.RaftLog (SegmentedRaftLog.java:appendImpl(446)) - truncateIndex=-1, arrayIndex=0
2023-02-09 08:25:11,046 [s1-server-thread2] DEBUG raftlog.RaftLog (SegmentedRaftLog.java:appendImpl(446)) - truncateIndex=-1, arrayIndex=0
2023-02-09 08:25:11,047 [s0@group-5D8BFF2AC38C-StateMachineUpdater] INFO  impl.SimpleStateMachine4Testing (SimpleStateMachine4Testing.java:put(205)) - s0: put 59, m29 -> (t:1, i:59), STATEMACHINELOGENTRY, 415@client-F516C80A2025
2023-02-09 08:25:11,047 [s2-server-thread4] DEBUG raftlog.RaftLog (SegmentedRaftLog.java:appendImpl(446)) - truncateIndex=-1, arrayIndex=0
2023-02-09 08:25:11,048 [s2@group-5D8BFF2AC38C-StateMachineUpdater] INFO  impl.SimpleStateMachine4Testing (SimpleStateMachine4Testing.java:put(205)) - s2: put 59, m29 -> (t:1, i:59), STATEMACHINELOGENTRY, 415@client-F516C80A2025
2023-02-09 08:25:11,048 [s1-server-thread2] DEBUG raftlog.RaftLog (SegmentedRaftLog.java:appendImpl(446)) - truncateIndex=-1, arrayIndex=0
2023-02-09 08:25:11,049 [s1@group-5D8BFF2AC38C-StateMachineUpdater] INFO  impl.SimpleStateMachine4Testing (SimpleStateMachine4Testing.java:put(205)) - s1: put 59, m29 -> (t:1, i:59), STATEMACHINELOGENTRY, 415@client-F516C80A2025
2023-02-09 08:25:11,050 [s2-server-thread4] DEBUG raftlog.RaftLog (SegmentedRaftLog.java:appendImpl(446)) - truncateIndex=-1, arrayIndex=0
2023-02-09 08:25:11,050 [s1-server-thread2] DEBUG raftlog.RaftLog (SegmentedRaftLog.java:appendImpl(446)) - truncateIndex=-1, arrayIndex=0
2023-02-09 08:25:11,051 [s0@group-5D8BFF2AC38C-StateMachineUpdater] INFO  impl.SimpleStateMachine4Testing (SimpleStateMachine4Testing.java:put(205)) - s0: put 61, m30 -> (t:1, i:61), STATEMACHINELOGENTRY, 416@client-F516C80A2025
2023-02-09 08:25:11,052 [s2-server-thread4] DEBUG raftlog.RaftLog (SegmentedRaftLog.java:appendImpl(446)) - truncateIndex=-1, arrayIndex=0
2023-02-09 08:25:11,052 [s1-server-thread2] DEBUG raftlog.RaftLog (SegmentedRaftLog.java:appendImpl(446)) - truncateIndex=-1, arrayIndex=0
2023-02-09 08:25:11,053 [s2@group-5D8BFF2AC38C-StateMachineUpdater] INFO  impl.SimpleStateMachine4Testing (SimpleStateMachine4Testing.java:put(205)) - s2: put 61, m30 -> (t:1, i:61), STATEMACHINELOGENTRY, 416@client-F516C80A2025
2023-02-09 08:25:11,053 [s1@group-5D8BFF2AC38C-StateMachineUpdater] INFO  impl.SimpleStateMachine4Testing (SimpleStateMachine4Testing.java:put(205)) - s1: put 61, m30 -> (t:1, i:61), STATEMACHINELOGENTRY, 416@client-F516C80A2025
2023-02-09 08:25:11,054 [s2-server-thread4] DEBUG raftlog.RaftLog (SegmentedRaftLog.java:appendImpl(446)) - truncateIndex=-1, arrayIndex=0
2023-02-09 08:25:11,055 [s1-server-thread2] DEBUG raftlog.RaftLog (SegmentedRaftLog.java:appendImpl(446)) - truncateIndex=-1, arrayIndex=0
2023-02-09 08:25:11,056 [s0@group-5D8BFF2AC38C-StateMachineUpdater] INFO  impl.SimpleStateMachine4Testing (SimpleStateMachine4Testing.java:put(205)) - s0: put 63, m31 -> (t:1, i:63), STATEMACHINELOGENTRY, 417@client-F516C80A2025
2023-02-09 08:25:11,058 [s2-server-thread4] DEBUG raftlog.RaftLog (SegmentedRaftLog.java:appendImpl(446)) - truncateIndex=-1, arrayIndex=0
2023-02-09 08:25:11,059 [s2@group-5D8BFF2AC38C-StateMachineUpdater] INFO  impl.SimpleStateMachine4Testing (SimpleStateMachine4Testing.java:put(205)) - s2: put 63, m31 -> (t:1, i:63), STATEMACHINELOGENTRY, 417@client-F516C80A2025
2023-02-09 08:25:11,063 [s1-server-thread2] DEBUG raftlog.RaftLog (SegmentedRaftLog.java:appendImpl(446)) - truncateIndex=-1, arrayIndex=0
2023-02-09 08:25:11,064 [s1-server-thread2] DEBUG raftlog.RaftLog (SegmentedRaftLog.java:appendImpl(446)) - truncateIndex=-1, arrayIndex=0
2023-02-09 08:25:11,065 [s2-server-thread4] DEBUG raftlog.RaftLog (SegmentedRaftLog.java:appendImpl(446)) - truncateIndex=-1, arrayIndex=0
2023-02-09 08:25:11,068 [s1@group-5D8BFF2AC38C-StateMachineUpdater] INFO  impl.SimpleStateMachine4Testing (SimpleStateMachine4Testing.java:put(205)) - s1: put 63, m31 -> (t:1, i:63), STATEMACHINELOGENTRY, 417@client-F516C80A2025
2023-02-09 08:25:11,076 [s0@group-5D8BFF2AC38C-StateMachineUpdater] INFO  impl.StateMachineUpdater (StateMachineUpdater.java:takeSnapshot(290)) - s0@group-5D8BFF2AC38C-StateMachineUpdater: Took a snapshot at index 63
2023-02-09 08:25:11,076 [s0@group-5D8BFF2AC38C-StateMachineUpdater] INFO  impl.StateMachineUpdater (StateMachineUpdater.java:lambda$new$0(96)) - s0@group-5D8BFF2AC38C-StateMachineUpdater: snapshotIndex: updateIncreasingly -1 -> 63
2023-02-09 08:25:11,076 [s0@group-5D8BFF2AC38C-StateMachineUpdater] INFO  raftlog.RaftLog (RaftLogBase.java:purge(314)) - s0@group-5D8BFF2AC38C-SegmentedRaftLog: purge 63
2023-02-09 08:25:11,076 [s0@group-5D8BFF2AC38C-StateMachineUpdater] INFO  raftlog.RaftLog (RaftLogBase.java:lambda$new$0(53)) - s0@group-5D8BFF2AC38C-SegmentedRaftLog: snapshotIndex: updateIncreasingly -1 -> 63
2023-02-09 08:25:11,076 [s0@group-5D8BFF2AC38C-StateMachineUpdater] DEBUG raftlog.RaftLog (SegmentedRaftLog.java:purgeImpl(366)) - purging segments:toTruncate: null
  toDelete: [(0, 22) isOpen? false, length=0, newEndIndex=0, (23, 50) isOpen? false, length=0, newEndIndex=0]
2023-02-09 08:25:11,076 [s0@group-5D8BFF2AC38C-StateMachineUpdater] INFO  impl.SimpleStateMachine4Testing (SimpleStateMachine4Testing.java:put(205)) - s0: put 65, m32 -> (t:1, i:65), STATEMACHINELOGENTRY, 418@client-F516C80A2025
2023-02-09 08:25:11,076 [s0@group-5D8BFF2AC38C-SegmentedRaftLogWorker] TRACE util.FileUtils (LogUtils.java:runAndLog(49)) - Successfully ran Files.delete /home/runner/work/ratis/ratis/ratis-test/target/test/data/ca75353f/MiniRaftClusterWithGrpc52e54005/s0/d26acf42-c6a3-40ef-b2da-5d8bff2ac38c/current/log_0-22
2023-02-09 08:25:11,076 [s0@group-5D8BFF2AC38C-SegmentedRaftLogWorker] TRACE util.FileUtils (LogUtils.java:runAndLog(49)) - Successfully ran Files.delete /home/runner/work/ratis/ratis/ratis-test/target/test/data/ca75353f/MiniRaftClusterWithGrpc52e54005/s0/d26acf42-c6a3-40ef-b2da-5d8bff2ac38c/current/log_23-50
2023-02-09 08:25:11,077 [s0@group-5D8BFF2AC38C-SegmentedRaftLogWorker] INFO  raftlog.RaftLog (RaftLogBase.java:lambda$new$0(53)) - s0@group-5D8BFF2AC38C-SegmentedRaftLog: purgeIndex: updateToMax old=-1, new=50, updated? true
2023-02-09 08:25:11,077 [s1-server-thread2] DEBUG raftlog.RaftLog (SegmentedRaftLog.java:appendImpl(446)) - truncateIndex=-1, arrayIndex=0
2023-02-09 08:25:11,077 [s2-server-thread4] DEBUG raftlog.RaftLog (SegmentedRaftLog.java:appendImpl(446)) - truncateIndex=-1, arrayIndex=0
2023-02-09 08:25:11,078 [s1-server-thread2] DEBUG raftlog.RaftLog (SegmentedRaftLog.java:appendImpl(446)) - truncateIndex=-1, arrayIndex=0
2023-02-09 08:25:11,078 [s2-server-thread4] DEBUG raftlog.RaftLog (SegmentedRaftLog.java:appendImpl(446)) - truncateIndex=-1, arrayIndex=0
2023-02-09 08:25:11,079 [s0@group-5D8BFF2AC38C-StateMachineUpdater] INFO  impl.SimpleStateMachine4Testing (SimpleStateMachine4Testing.java:put(205)) - s0: put 67, m33 -> (t:1, i:67), STATEMACHINELOGENTRY, 419@client-F516C80A2025
2023-02-09 08:25:11,079 [s2-server-thread4] DEBUG raftlog.RaftLog (SegmentedRaftLog.java:appendImpl(446)) - truncateIndex=-1, arrayIndex=0
2023-02-09 08:25:11,080 [s1-server-thread2] DEBUG raftlog.RaftLog (SegmentedRaftLog.java:appendImpl(446)) - truncateIndex=-1, arrayIndex=0
2023-02-09 08:25:11,081 [s1-server-thread2] DEBUG raftlog.RaftLog (SegmentedRaftLog.java:appendImpl(446)) - truncateIndex=-1, arrayIndex=0
2023-02-09 08:25:11,081 [s2-server-thread4] DEBUG raftlog.RaftLog (SegmentedRaftLog.java:appendImpl(446)) - truncateIndex=-1, arrayIndex=0
2023-02-09 08:25:11,082 [s0@group-5D8BFF2AC38C-StateMachineUpdater] INFO  impl.SimpleStateMachine4Testing (SimpleStateMachine4Testing.java:put(205)) - s0: put 69, m34 -> (t:1, i:69), STATEMACHINELOGENTRY, 420@client-F516C80A2025
2023-02-09 08:25:11,083 [s1-server-thread2] DEBUG raftlog.RaftLog (SegmentedRaftLog.java:appendImpl(446)) - truncateIndex=-1, arrayIndex=0
2023-02-09 08:25:11,084 [s2-server-thread4] DEBUG raftlog.RaftLog (SegmentedRaftLog.java:appendImpl(446)) - truncateIndex=-1, arrayIndex=0
2023-02-09 08:25:11,084 [s1-server-thread2] DEBUG raftlog.RaftLog (SegmentedRaftLog.java:appendImpl(446)) - truncateIndex=-1, arrayIndex=0
2023-02-09 08:25:11,084 [s2-server-thread4] DEBUG raftlog.RaftLog (SegmentedRaftLog.java:appendImpl(446)) - truncateIndex=-1, arrayIndex=0
2023-02-09 08:25:11,089 [s0@group-5D8BFF2AC38C-StateMachineUpdater] INFO  impl.SimpleStateMachine4Testing (SimpleStateMachine4Testing.java:put(205)) - s0: put 71, m35 -> (t:1, i:71), STATEMACHINELOGENTRY, 421@client-F516C80A2025
2023-02-09 08:25:11,089 [s2-server-thread4] DEBUG raftlog.RaftLog (SegmentedRaftLog.java:appendImpl(446)) - truncateIndex=-1, arrayIndex=0
2023-02-09 08:25:11,090 [s1-server-thread2] DEBUG raftlog.RaftLog (SegmentedRaftLog.java:appendImpl(446)) - truncateIndex=-1, arrayIndex=0
2023-02-09 08:25:11,091 [s1-server-thread2] DEBUG raftlog.RaftLog (SegmentedRaftLog.java:appendImpl(446)) - truncateIndex=-1, arrayIndex=0
2023-02-09 08:25:11,091 [s2-server-thread4] DEBUG raftlog.RaftLog (SegmentedRaftLog.java:appendImpl(446)) - truncateIndex=-1, arrayIndex=0
2023-02-09 08:25:11,092 [s0@group-5D8BFF2AC38C-StateMachineUpdater] INFO  impl.SimpleStateMachine4Testing (SimpleStateMachine4Testing.java:put(205)) - s0: put 73, m36 -> (t:1, i:73), STATEMACHINELOGENTRY, 422@client-F516C80A2025
2023-02-09 08:25:11,093 [s2-server-thread4] DEBUG raftlog.RaftLog (SegmentedRaftLog.java:appendImpl(446)) - truncateIndex=-1, arrayIndex=0
2023-02-09 08:25:11,093 [s1-server-thread2] DEBUG raftlog.RaftLog (SegmentedRaftLog.java:appendImpl(446)) - truncateIndex=-1, arrayIndex=0
2023-02-09 08:25:11,094 [s1-server-thread2] DEBUG raftlog.RaftLog (SegmentedRaftLog.java:appendImpl(446)) - truncateIndex=-1, arrayIndex=0
2023-02-09 08:25:11,095 [s2-server-thread4] DEBUG raftlog.RaftLog (SegmentedRaftLog.java:appendImpl(446)) - truncateIndex=-1, arrayIndex=0
2023-02-09 08:25:11,095 [s0@group-5D8BFF2AC38C-StateMachineUpdater] INFO  impl.SimpleStateMachine4Testing (SimpleStateMachine4Testing.java:put(205)) - s0: put 75, m37 -> (t:1, i:75), STATEMACHINELOGENTRY, 423@client-F516C80A2025
2023-02-09 08:25:11,096 [s2-server-thread1] DEBUG raftlog.RaftLog (SegmentedRaftLog.java:appendImpl(446)) - truncateIndex=-1, arrayIndex=0
2023-02-09 08:25:11,096 [s1-server-thread2] DEBUG raftlog.RaftLog (SegmentedRaftLog.java:appendImpl(446)) - truncateIndex=-1, arrayIndex=0
2023-02-09 08:25:11,098 [s2-server-thread4] DEBUG raftlog.RaftLog (SegmentedRaftLog.java:appendImpl(446)) - truncateIndex=-1, arrayIndex=0
2023-02-09 08:25:11,098 [s1-server-thread2] DEBUG raftlog.RaftLog (SegmentedRaftLog.java:appendImpl(446)) - truncateIndex=-1, arrayIndex=0
2023-02-09 08:25:11,098 [s0@group-5D8BFF2AC38C-StateMachineUpdater] INFO  impl.SimpleStateMachine4Testing (SimpleStateMachine4Testing.java:put(205)) - s0: put 77, m38 -> (t:1, i:77), STATEMACHINELOGENTRY, 424@client-F516C80A2025
2023-02-09 08:25:11,100 [s1@group-5D8BFF2AC38C-StateMachineUpdater] INFO  impl.StateMachineUpdater (StateMachineUpdater.java:takeSnapshot(290)) - s1@group-5D8BFF2AC38C-StateMachineUpdater: Took a snapshot at index 63
2023-02-09 08:25:11,100 [s2-server-thread4] DEBUG raftlog.RaftLog (SegmentedRaftLog.java:appendImpl(446)) - truncateIndex=-1, arrayIndex=0
2023-02-09 08:25:11,100 [s1-server-thread2] DEBUG raftlog.RaftLog (SegmentedRaftLog.java:appendImpl(446)) - truncateIndex=-1, arrayIndex=0
2023-02-09 08:25:11,100 [s2@group-5D8BFF2AC38C-StateMachineUpdater] INFO  impl.StateMachineUpdater (StateMachineUpdater.java:takeSnapshot(290)) - s2@group-5D8BFF2AC38C-StateMachineUpdater: Took a snapshot at index 63
2023-02-09 08:25:11,100 [s2@group-5D8BFF2AC38C-StateMachineUpdater] INFO  impl.StateMachineUpdater (StateMachineUpdater.java:lambda$new$0(96)) - s2@group-5D8BFF2AC38C-StateMachineUpdater: snapshotIndex: updateIncreasingly -1 -> 63
2023-02-09 08:25:11,100 [s0-client-thread1] INFO  segmented.SegmentedRaftLogWorker (SegmentedRaftLogWorker.java:rollLogSegment(436)) - s0@group-5D8BFF2AC38C-SegmentedRaftLogWorker: Rolling segment log-51_78 to index:78
2023-02-09 08:25:11,101 [s0@group-5D8BFF2AC38C-SegmentedRaftLogWorker] TRACE util.FileUtils (LogUtils.java:runAndLog(49)) - Successfully ran Atomic Files.move /home/runner/work/ratis/ratis/ratis-test/target/test/data/ca75353f/MiniRaftClusterWithGrpc52e54005/s0/d26acf42-c6a3-40ef-b2da-5d8bff2ac38c/current/log_inprogress_51 to /home/runner/work/ratis/ratis/ratis-test/target/test/data/ca75353f/MiniRaftClusterWithGrpc52e54005/s0/d26acf42-c6a3-40ef-b2da-5d8bff2ac38c/current/log_51-78
2023-02-09 08:25:11,101 [s0@group-5D8BFF2AC38C-SegmentedRaftLogWorker] INFO  segmented.SegmentedRaftLogWorker (SegmentedRaftLogWorker.java:execute(592)) - s0@group-5D8BFF2AC38C-SegmentedRaftLogWorker: Rolled log segment from /home/runner/work/ratis/ratis/ratis-test/target/test/data/ca75353f/MiniRaftClusterWithGrpc52e54005/s0/d26acf42-c6a3-40ef-b2da-5d8bff2ac38c/current/log_inprogress_51 to /home/runner/work/ratis/ratis/ratis-test/target/test/data/ca75353f/MiniRaftClusterWithGrpc52e54005/s0/d26acf42-c6a3-40ef-b2da-5d8bff2ac38c/current/log_51-78
2023-02-09 08:25:11,101 [s2-server-thread4] DEBUG raftlog.RaftLog (SegmentedRaftLog.java:appendImpl(446)) - truncateIndex=-1, arrayIndex=0
2023-02-09 08:25:11,102 [s2-server-thread4] INFO  segmented.SegmentedRaftLogWorker (SegmentedRaftLogWorker.java:rollLogSegment(436)) - s2@group-5D8BFF2AC38C-SegmentedRaftLogWorker: Rolling segment log-51_78 to index:78
2023-02-09 08:25:11,100 [s1@group-5D8BFF2AC38C-StateMachineUpdater] INFO  impl.StateMachineUpdater (StateMachineUpdater.java:lambda$new$0(96)) - s1@group-5D8BFF2AC38C-StateMachineUpdater: snapshotIndex: updateIncreasingly -1 -> 63
2023-02-09 08:25:11,102 [s1@group-5D8BFF2AC38C-StateMachineUpdater] INFO  raftlog.RaftLog (RaftLogBase.java:purge(314)) - s1@group-5D8BFF2AC38C-SegmentedRaftLog: purge 63
2023-02-09 08:25:11,102 [s2@group-5D8BFF2AC38C-StateMachineUpdater] INFO  raftlog.RaftLog (RaftLogBase.java:purge(314)) - s2@group-5D8BFF2AC38C-SegmentedRaftLog: purge 63
2023-02-09 08:25:11,102 [s0@group-5D8BFF2AC38C-SegmentedRaftLogWorker] INFO  segmented.SegmentedRaftLogWorker (SegmentedRaftLogWorker.java:execute(635)) - s0@group-5D8BFF2AC38C-SegmentedRaftLogWorker: created new log segment /home/runner/work/ratis/ratis/ratis-test/target/test/data/ca75353f/MiniRaftClusterWithGrpc52e54005/s0/d26acf42-c6a3-40ef-b2da-5d8bff2ac38c/current/log_inprogress_79
2023-02-09 08:25:11,102 [s2@group-5D8BFF2AC38C-SegmentedRaftLogWorker] TRACE util.FileUtils (LogUtils.java:runAndLog(49)) - Successfully ran Atomic Files.move /home/runner/work/ratis/ratis/ratis-test/target/test/data/ca75353f/MiniRaftClusterWithGrpc52e54005/s2/d26acf42-c6a3-40ef-b2da-5d8bff2ac38c/current/log_inprogress_51 to /home/runner/work/ratis/ratis/ratis-test/target/test/data/ca75353f/MiniRaftClusterWithGrpc52e54005/s2/d26acf42-c6a3-40ef-b2da-5d8bff2ac38c/current/log_51-78
2023-02-09 08:25:11,102 [s2@group-5D8BFF2AC38C-SegmentedRaftLogWorker] INFO  segmented.SegmentedRaftLogWorker (SegmentedRaftLogWorker.java:execute(592)) - s2@group-5D8BFF2AC38C-SegmentedRaftLogWorker: Rolled log segment from /home/runner/work/ratis/ratis/ratis-test/target/test/data/ca75353f/MiniRaftClusterWithGrpc52e54005/s2/d26acf42-c6a3-40ef-b2da-5d8bff2ac38c/current/log_inprogress_51 to /home/runner/work/ratis/ratis/ratis-test/target/test/data/ca75353f/MiniRaftClusterWithGrpc52e54005/s2/d26acf42-c6a3-40ef-b2da-5d8bff2ac38c/current/log_51-78
2023-02-09 08:25:11,102 [s1-server-thread2] DEBUG raftlog.RaftLog (SegmentedRaftLog.java:appendImpl(446)) - truncateIndex=-1, arrayIndex=0
2023-02-09 08:25:11,102 [s1-server-thread2] INFO  segmented.SegmentedRaftLogWorker (SegmentedRaftLogWorker.java:rollLogSegment(436)) - s1@group-5D8BFF2AC38C-SegmentedRaftLogWorker: Rolling segment log-51_78 to index:78
2023-02-09 08:25:11,103 [s1@group-5D8BFF2AC38C-SegmentedRaftLogWorker] TRACE util.FileUtils (LogUtils.java:runAndLog(49)) - Successfully ran Atomic Files.move /home/runner/work/ratis/ratis/ratis-test/target/test/data/ca75353f/MiniRaftClusterWithGrpc52e54005/s1/d26acf42-c6a3-40ef-b2da-5d8bff2ac38c/current/log_inprogress_51 to /home/runner/work/ratis/ratis/ratis-test/target/test/data/ca75353f/MiniRaftClusterWithGrpc52e54005/s1/d26acf42-c6a3-40ef-b2da-5d8bff2ac38c/current/log_51-78
2023-02-09 08:25:11,103 [s1@group-5D8BFF2AC38C-SegmentedRaftLogWorker] INFO  segmented.SegmentedRaftLogWorker (SegmentedRaftLogWorker.java:execute(592)) - s1@group-5D8BFF2AC38C-SegmentedRaftLogWorker: Rolled log segment from /home/runner/work/ratis/ratis/ratis-test/target/test/data/ca75353f/MiniRaftClusterWithGrpc52e54005/s1/d26acf42-c6a3-40ef-b2da-5d8bff2ac38c/current/log_inprogress_51 to /home/runner/work/ratis/ratis/ratis-test/target/test/data/ca75353f/MiniRaftClusterWithGrpc52e54005/s1/d26acf42-c6a3-40ef-b2da-5d8bff2ac38c/current/log_51-78
2023-02-09 08:25:11,103 [s2@group-5D8BFF2AC38C-StateMachineUpdater] INFO  raftlog.RaftLog (RaftLogBase.java:lambda$new$0(53)) - s2@group-5D8BFF2AC38C-SegmentedRaftLog: snapshotIndex: updateIncreasingly -1 -> 63
2023-02-09 08:25:11,103 [s2@group-5D8BFF2AC38C-StateMachineUpdater] DEBUG raftlog.RaftLog (SegmentedRaftLog.java:purgeImpl(366)) - purging segments:toTruncate: null
  toDelete: [(0, 22) isOpen? false, length=0, newEndIndex=0, (23, 50) isOpen? false, length=0, newEndIndex=0]
2023-02-09 08:25:11,103 [s2@group-5D8BFF2AC38C-StateMachineUpdater] INFO  impl.SimpleStateMachine4Testing (SimpleStateMachine4Testing.java:put(205)) - s2: put 65, m32 -> (t:1, i:65), STATEMACHINELOGENTRY, 418@client-F516C80A2025
2023-02-09 08:25:11,103 [s1@group-5D8BFF2AC38C-StateMachineUpdater] INFO  raftlog.RaftLog (RaftLogBase.java:lambda$new$0(53)) - s1@group-5D8BFF2AC38C-SegmentedRaftLog: snapshotIndex: updateIncreasingly -1 -> 63
2023-02-09 08:25:11,103 [s1@group-5D8BFF2AC38C-StateMachineUpdater] DEBUG raftlog.RaftLog (SegmentedRaftLog.java:purgeImpl(366)) - purging segments:toTruncate: null
  toDelete: [(0, 22) isOpen? false, length=0, newEndIndex=0, (23, 50) isOpen? false, length=0, newEndIndex=0]
2023-02-09 08:25:11,103 [s1@group-5D8BFF2AC38C-StateMachineUpdater] INFO  impl.SimpleStateMachine4Testing (SimpleStateMachine4Testing.java:put(205)) - s1: put 65, m32 -> (t:1, i:65), STATEMACHINELOGENTRY, 418@client-F516C80A2025
2023-02-09 08:25:11,104 [s1@group-5D8BFF2AC38C-StateMachineUpdater] INFO  impl.SimpleStateMachine4Testing (SimpleStateMachine4Testing.java:put(205)) - s1: put 67, m33 -> (t:1, i:67), STATEMACHINELOGENTRY, 419@client-F516C80A2025
2023-02-09 08:25:11,104 [s1@group-5D8BFF2AC38C-StateMachineUpdater] INFO  impl.SimpleStateMachine4Testing (SimpleStateMachine4Testing.java:put(205)) - s1: put 69, m34 -> (t:1, i:69), STATEMACHINELOGENTRY, 420@client-F516C80A2025
2023-02-09 08:25:11,104 [s1@group-5D8BFF2AC38C-StateMachineUpdater] INFO  impl.SimpleStateMachine4Testing (SimpleStateMachine4Testing.java:put(205)) - s1: put 71, m35 -> (t:1, i:71), STATEMACHINELOGENTRY, 421@client-F516C80A2025
2023-02-09 08:25:11,104 [s1@group-5D8BFF2AC38C-SegmentedRaftLogWorker] INFO  segmented.SegmentedRaftLogWorker (SegmentedRaftLogWorker.java:execute(635)) - s1@group-5D8BFF2AC38C-SegmentedRaftLogWorker: created new log segment /home/runner/work/ratis/ratis/ratis-test/target/test/data/ca75353f/MiniRaftClusterWithGrpc52e54005/s1/d26acf42-c6a3-40ef-b2da-5d8bff2ac38c/current/log_inprogress_79
2023-02-09 08:25:11,105 [s1@group-5D8BFF2AC38C-SegmentedRaftLogWorker] TRACE util.FileUtils (LogUtils.java:runAndLog(49)) - Successfully ran Files.delete /home/runner/work/ratis/ratis/ratis-test/target/test/data/ca75353f/MiniRaftClusterWithGrpc52e54005/s1/d26acf42-c6a3-40ef-b2da-5d8bff2ac38c/current/log_0-22
2023-02-09 08:25:11,105 [s1@group-5D8BFF2AC38C-SegmentedRaftLogWorker] TRACE util.FileUtils (LogUtils.java:runAndLog(49)) - Successfully ran Files.delete /home/runner/work/ratis/ratis/ratis-test/target/test/data/ca75353f/MiniRaftClusterWithGrpc52e54005/s1/d26acf42-c6a3-40ef-b2da-5d8bff2ac38c/current/log_23-50
2023-02-09 08:25:11,105 [s1@group-5D8BFF2AC38C-SegmentedRaftLogWorker] INFO  raftlog.RaftLog (RaftLogBase.java:lambda$new$0(53)) - s1@group-5D8BFF2AC38C-SegmentedRaftLog: purgeIndex: updateToMax old=-1, new=50, updated? true
2023-02-09 08:25:11,104 [s2@group-5D8BFF2AC38C-StateMachineUpdater] INFO  impl.SimpleStateMachine4Testing (SimpleStateMachine4Testing.java:put(205)) - s2: put 67, m33 -> (t:1, i:67), STATEMACHINELOGENTRY, 419@client-F516C80A2025
2023-02-09 08:25:11,104 [s2@group-5D8BFF2AC38C-SegmentedRaftLogWorker] INFO  segmented.SegmentedRaftLogWorker (SegmentedRaftLogWorker.java:execute(635)) - s2@group-5D8BFF2AC38C-SegmentedRaftLogWorker: created new log segment /home/runner/work/ratis/ratis/ratis-test/target/test/data/ca75353f/MiniRaftClusterWithGrpc52e54005/s2/d26acf42-c6a3-40ef-b2da-5d8bff2ac38c/current/log_inprogress_79
2023-02-09 08:25:11,105 [s2@group-5D8BFF2AC38C-SegmentedRaftLogWorker] TRACE util.FileUtils (LogUtils.java:runAndLog(49)) - Successfully ran Files.delete /home/runner/work/ratis/ratis/ratis-test/target/test/data/ca75353f/MiniRaftClusterWithGrpc52e54005/s2/d26acf42-c6a3-40ef-b2da-5d8bff2ac38c/current/log_0-22
2023-02-09 08:25:11,105 [s2@group-5D8BFF2AC38C-SegmentedRaftLogWorker] TRACE util.FileUtils (LogUtils.java:runAndLog(49)) - Successfully ran Files.delete /home/runner/work/ratis/ratis/ratis-test/target/test/data/ca75353f/MiniRaftClusterWithGrpc52e54005/s2/d26acf42-c6a3-40ef-b2da-5d8bff2ac38c/current/log_23-50
2023-02-09 08:25:11,105 [s2@group-5D8BFF2AC38C-SegmentedRaftLogWorker] INFO  raftlog.RaftLog (RaftLogBase.java:lambda$new$0(53)) - s2@group-5D8BFF2AC38C-SegmentedRaftLog: purgeIndex: updateToMax old=-1, new=50, updated? true
2023-02-09 08:25:11,105 [s2@group-5D8BFF2AC38C-StateMachineUpdater] INFO  impl.SimpleStateMachine4Testing (SimpleStateMachine4Testing.java:put(205)) - s2: put 69, m34 -> (t:1, i:69), STATEMACHINELOGENTRY, 420@client-F516C80A2025
2023-02-09 08:25:11,106 [s2@group-5D8BFF2AC38C-StateMachineUpdater] INFO  impl.SimpleStateMachine4Testing (SimpleStateMachine4Testing.java:put(205)) - s2: put 71, m35 -> (t:1, i:71), STATEMACHINELOGENTRY, 421@client-F516C80A2025
2023-02-09 08:25:11,106 [s2@group-5D8BFF2AC38C-StateMachineUpdater] INFO  impl.SimpleStateMachine4Testing (SimpleStateMachine4Testing.java:put(205)) - s2: put 73, m36 -> (t:1, i:73), STATEMACHINELOGENTRY, 422@client-F516C80A2025
2023-02-09 08:25:11,106 [s2@group-5D8BFF2AC38C-StateMachineUpdater] INFO  impl.SimpleStateMachine4Testing (SimpleStateMachine4Testing.java:put(205)) - s2: put 75, m37 -> (t:1, i:75), STATEMACHINELOGENTRY, 423@client-F516C80A2025
2023-02-09 08:25:11,106 [s2@group-5D8BFF2AC38C-StateMachineUpdater] INFO  impl.SimpleStateMachine4Testing (SimpleStateMachine4Testing.java:put(205)) - s2: put 77, m38 -> (t:1, i:77), STATEMACHINELOGENTRY, 424@client-F516C80A2025
2023-02-09 08:25:11,106 [s1@group-5D8BFF2AC38C-StateMachineUpdater] INFO  impl.SimpleStateMachine4Testing (SimpleStateMachine4Testing.java:put(205)) - s1: put 73, m36 -> (t:1, i:73), STATEMACHINELOGENTRY, 422@client-F516C80A2025
2023-02-09 08:25:11,106 [s1@group-5D8BFF2AC38C-StateMachineUpdater] INFO  impl.SimpleStateMachine4Testing (SimpleStateMachine4Testing.java:put(205)) - s1: put 75, m37 -> (t:1, i:75), STATEMACHINELOGENTRY, 423@client-F516C80A2025
2023-02-09 08:25:11,106 [s1@group-5D8BFF2AC38C-StateMachineUpdater] INFO  impl.SimpleStateMachine4Testing (SimpleStateMachine4Testing.java:put(205)) - s1: put 77, m38 -> (t:1, i:77), STATEMACHINELOGENTRY, 424@client-F516C80A2025
2023-02-09 08:25:14,103 [timer5] WARN  server.GrpcLogAppender (GrpcLogAppender.java:timeoutAppendRequest(310)) - s0@group-5D8BFF2AC38C->s1-GrpcLogAppender:  appendEntries Timeout, request=AppendEntriesRequest:cid=224,entriesCount=1,lastEntry=(t:1, i:79)
2023-02-09 08:25:14,104 [timer4] WARN  server.GrpcLogAppender (GrpcLogAppender.java:timeoutAppendRequest(310)) - s0@group-5D8BFF2AC38C->s2-GrpcLogAppender:  appendEntries Timeout, request=AppendEntriesRequest:cid=172,entriesCount=1,lastEntry=(t:1, i:79)
2023-02-09 08:25:14,212 [null-request--thread1] INFO  server.GrpcClientProtocolService (GrpcClientProtocolService.java:lambda$processClientRequest$0(284)) - Failed RaftClientRequest:client-F516C80A2025->s2@group-5D8BFF2AC38C, cid=425, seq=0, RW, Message:6d3339, reply=RaftClientReply:client-F516C80A2025->s2@group-5D8BFF2AC38C, cid=425, FAILED org.apache.ratis.protocol.exceptions.NotLeaderException: Server s2@group-5D8BFF2AC38C is not the leader s0|rpc:localhost:42371|admin:localhost:36531|client:localhost:36379|dataStream:localhost:43129|priority:0|startupRole:FOLLOWER, logIndex=0, commits[s2:c77, s0:c78, s1:c77]
2023-02-09 08:25:17,430 [null-request--thread1] INFO  server.GrpcClientProtocolService (GrpcClientProtocolService.java:lambda$processClientRequest$0(284)) - Failed RaftClientRequest:client-F516C80A2025->s1@group-5D8BFF2AC38C, cid=425, seq=0, RW, Message:6d3339, reply=RaftClientReply:client-F516C80A2025->s1@group-5D8BFF2AC38C, cid=425, FAILED org.apache.ratis.protocol.exceptions.NotLeaderException: Server s1@group-5D8BFF2AC38C is not the leader s0|rpc:localhost:42371|admin:localhost:36531|client:localhost:36379|dataStream:localhost:43129|priority:0|startupRole:FOLLOWER, logIndex=0, commits[s1:c77, s0:c78, s2:c77]
2023-02-09 08:25:20,424 [Timer-3] INFO  impl.MiniRaftCluster (MiniRaftCluster.java:lambda$start$6(349)) - TIMED-PRINT: printing ALL groups
  s0:  RUNNING    LEADER s0@group-5D8BFF2AC38C:t1, leader=s0, voted=s0, raftlog=Memoized:s0@group-5D8BFF2AC38C-SegmentedRaftLog:OPENED:c78, conf=0: peers:[s0|rpc:localhost:42371|admin:localhost:36531|client:localhost:36379|dataStream:localhost:43129|priority:0|startupRole:FOLLOWER, s1|rpc:localhost:35679|admin:localhost:44855|client:localhost:41371|dataStream:localhost:42433|priority:0|startupRole:FOLLOWER, s2|rpc:localhost:39787|admin:localhost:44467|client:localhost:41113|dataStream:localhost:33651|priority:0|startupRole:FOLLOWER]|listeners:[], old=null RUNNING
  s1:  RUNNING  FOLLOWER s1@group-5D8BFF2AC38C:t1, leader=s0, voted=s0, raftlog=Memoized:s1@group-5D8BFF2AC38C-SegmentedRaftLog:OPENED:c77, conf=0: peers:[s0|rpc:localhost:42371|admin:localhost:36531|client:localhost:36379|dataStream:localhost:43129|priority:0|startupRole:FOLLOWER, s1|rpc:localhost:35679|admin:localhost:44855|client:localhost:41371|dataStream:localhost:42433|priority:0|startupRole:FOLLOWER, s2|rpc:localhost:39787|admin:localhost:44467|client:localhost:41113|dataStream:localhost:33651|priority:0|startupRole:FOLLOWER]|listeners:[], old=null RUNNING
  s2:  RUNNING  FOLLOWER s2@group-5D8BFF2AC38C:t1, leader=s0, voted=s0, raftlog=Memoized:s2@group-5D8BFF2AC38C-SegmentedRaftLog:OPENED:c77, conf=0: peers:[s0|rpc:localhost:42371|admin:localhost:36531|client:localhost:36379|dataStream:localhost:43129|priority:0|startupRole:FOLLOWER, s1|rpc:localhost:35679|admin:localhost:44855|client:localhost:41371|dataStream:localhost:42433|priority:0|startupRole:FOLLOWER, s2|rpc:localhost:39787|admin:localhost:44467|client:localhost:41113|dataStream:localhost:33651|priority:0|startupRole:FOLLOWER]|listeners:[], old=null RUNNING
2023-02-09 08:25:20,642 [null-request--thread1] INFO  server.GrpcClientProtocolService (GrpcClientProtocolService.java:lambda$processClientRequest$0(284)) - Failed RaftClientRequest:client-F516C80A2025->s2@group-5D8BFF2AC38C, cid=425, seq=0, RW, Message:6d3339, reply=RaftClientReply:client-F516C80A2025->s2@group-5D8BFF2AC38C, cid=425, FAILED org.apache.ratis.protocol.exceptions.NotLeaderException: Server s2@group-5D8BFF2AC38C is not the leader s0|rpc:localhost:42371|admin:localhost:36531|client:localhost:36379|dataStream:localhost:43129|priority:0|startupRole:FOLLOWER, logIndex=0, commits[s2:c77, s0:c78, s1:c77]
2023-02-09 08:25:23,856 [null-request--thread1] INFO  server.GrpcClientProtocolService (GrpcClientProtocolService.java:lambda$processClientRequest$0(284)) - Failed RaftClientRequest:client-F516C80A2025->s2@group-5D8BFF2AC38C, cid=425, seq=0, RW, Message:6d3339, reply=RaftClientReply:client-F516C80A2025->s2@group-5D8BFF2AC38C, cid=425, FAILED org.apache.ratis.protocol.exceptions.NotLeaderException: Server s2@group-5D8BFF2AC38C is not the leader s0|rpc:localhost:42371|admin:localhost:36531|client:localhost:36379|dataStream:localhost:43129|priority:0|startupRole:FOLLOWER, logIndex=0, commits[s2:c77, s0:c78, s1:c77]
2023-02-09 08:25:27,070 [null-request--thread1] INFO  server.GrpcClientProtocolService (GrpcClientProtocolService.java:lambda$processClientRequest$0(284)) - Failed RaftClientRequest:client-F516C80A2025->s1@group-5D8BFF2AC38C, cid=425, seq=0, RW, Message:6d3339, reply=RaftClientReply:client-F516C80A2025->s1@group-5D8BFF2AC38C, cid=425, FAILED org.apache.ratis.protocol.exceptions.NotLeaderException: Server s1@group-5D8BFF2AC38C is not the leader s0|rpc:localhost:42371|admin:localhost:36531|client:localhost:36379|dataStream:localhost:43129|priority:0|startupRole:FOLLOWER, logIndex=0, commits[s1:c77, s0:c78, s2:c77]
2023-02-09 08:25:30,288 [null-request--thread1] INFO  server.GrpcClientProtocolService (GrpcClientProtocolService.java:lambda$processClientRequest$0(284)) - Failed RaftClientRequest:client-F516C80A2025->s1@group-5D8BFF2AC38C, cid=425, seq=0, RW, Message:6d3339, reply=RaftClientReply:client-F516C80A2025->s1@group-5D8BFF2AC38C, cid=425, FAILED org.apache.ratis.protocol.exceptions.NotLeaderException: Server s1@group-5D8BFF2AC38C is not the leader s0|rpc:localhost:42371|admin:localhost:36531|client:localhost:36379|dataStream:localhost:43129|priority:0|startupRole:FOLLOWER, logIndex=0, commits[s1:c77, s0:c78, s2:c77]
2023-02-09 08:25:30,423 [Timer-3] INFO  impl.MiniRaftCluster (MiniRaftCluster.java:lambda$start$6(349)) - TIMED-PRINT: printing ALL groups
  s0:  RUNNING    LEADER s0@group-5D8BFF2AC38C:t1, leader=s0, voted=s0, raftlog=Memoized:s0@group-5D8BFF2AC38C-SegmentedRaftLog:OPENED:c78, conf=0: peers:[s0|rpc:localhost:42371|admin:localhost:36531|client:localhost:36379|dataStream:localhost:43129|priority:0|startupRole:FOLLOWER, s1|rpc:localhost:35679|admin:localhost:44855|client:localhost:41371|dataStream:localhost:42433|priority:0|startupRole:FOLLOWER, s2|rpc:localhost:39787|admin:localhost:44467|client:localhost:41113|dataStream:localhost:33651|priority:0|startupRole:FOLLOWER]|listeners:[], old=null RUNNING
  s1:  RUNNING  FOLLOWER s1@group-5D8BFF2AC38C:t1, leader=s0, voted=s0, raftlog=Memoized:s1@group-5D8BFF2AC38C-SegmentedRaftLog:OPENED:c77, conf=0: peers:[s0|rpc:localhost:42371|admin:localhost:36531|client:localhost:36379|dataStream:localhost:43129|priority:0|startupRole:FOLLOWER, s1|rpc:localhost:35679|admin:localhost:44855|client:localhost:41371|dataStream:localhost:42433|priority:0|startupRole:FOLLOWER, s2|rpc:localhost:39787|admin:localhost:44467|client:localhost:41113|dataStream:localhost:33651|priority:0|startupRole:FOLLOWER]|listeners:[], old=null RUNNING
  s2:  RUNNING  FOLLOWER s2@group-5D8BFF2AC38C:t1, leader=s0, voted=s0, raftlog=Memoized:s2@group-5D8BFF2AC38C-SegmentedRaftLog:OPENED:c77, conf=0: peers:[s0|rpc:localhost:42371|admin:localhost:36531|client:localhost:36379|dataStream:localhost:43129|priority:0|startupRole:FOLLOWER, s1|rpc:localhost:35679|admin:localhost:44855|client:localhost:41371|dataStream:localhost:42433|priority:0|startupRole:FOLLOWER, s2|rpc:localhost:39787|admin:localhost:44467|client:localhost:41113|dataStream:localhost:33651|priority:0|startupRole:FOLLOWER]|listeners:[], old=null RUNNING
2023-02-09 08:25:33,502 [null-request--thread1] INFO  server.GrpcClientProtocolService (GrpcClientProtocolService.java:lambda$processClientRequest$0(284)) - Failed RaftClientRequest:client-F516C80A2025->s1@group-5D8BFF2AC38C, cid=425, seq=0, RW, Message:6d3339, reply=RaftClientReply:client-F516C80A2025->s1@group-5D8BFF2AC38C, cid=425, FAILED org.apache.ratis.protocol.exceptions.NotLeaderException: Server s1@group-5D8BFF2AC38C is not the leader s0|rpc:localhost:42371|admin:localhost:36531|client:localhost:36379|dataStream:localhost:43129|priority:0|startupRole:FOLLOWER, logIndex=0, commits[s1:c77, s0:c78, s2:c77]
2023-02-09 08:25:36,713 [null-request--thread1] INFO  server.GrpcClientProtocolService (GrpcClientProtocolService.java:lambda$processClientRequest$0(284)) - Failed RaftClientRequest:client-F516C80A2025->s1@group-5D8BFF2AC38C, cid=425, seq=0, RW, Message:6d3339, reply=RaftClientReply:client-F516C80A2025->s1@group-5D8BFF2AC38C, cid=425, FAILED org.apache.ratis.protocol.exceptions.NotLeaderException: Server s1@group-5D8BFF2AC38C is not the leader s0|rpc:localhost:42371|admin:localhost:36531|client:localhost:36379|dataStream:localhost:43129|priority:0|startupRole:FOLLOWER, logIndex=0, commits[s1:c77, s0:c78, s2:c77]
2023-02-09 08:25:39,925 [null-request--thread1] INFO  server.GrpcClientProtocolService (GrpcClientProtocolService.java:lambda$processClientRequest$0(284)) - Failed RaftClientRequest:client-F516C80A2025->s1@group-5D8BFF2AC38C, cid=425, seq=0, RW, Message:6d3339, reply=RaftClientReply:client-F516C80A2025->s1@group-5D8BFF2AC38C, cid=425, FAILED org.apache.ratis.protocol.exceptions.NotLeaderException: Server s1@group-5D8BFF2AC38C is not the leader s0|rpc:localhost:42371|admin:localhost:36531|client:localhost:36379|dataStream:localhost:43129|priority:0|startupRole:FOLLOWER, logIndex=0, commits[s1:c77, s0:c78, s2:c77]
2023-02-09 08:25:40,424 [Timer-3] INFO  impl.MiniRaftCluster (MiniRaftCluster.java:lambda$start$6(349)) - TIMED-PRINT: printing ALL groups
  s0:  RUNNING    LEADER s0@group-5D8BFF2AC38C:t1, leader=s0, voted=s0, raftlog=Memoized:s0@group-5D8BFF2AC38C-SegmentedRaftLog:OPENED:c78, conf=0: peers:[s0|rpc:localhost:42371|admin:localhost:36531|client:localhost:36379|dataStream:localhost:43129|priority:0|startupRole:FOLLOWER, s1|rpc:localhost:35679|admin:localhost:44855|client:localhost:41371|dataStream:localhost:42433|priority:0|startupRole:FOLLOWER, s2|rpc:localhost:39787|admin:localhost:44467|client:localhost:41113|dataStream:localhost:33651|priority:0|startupRole:FOLLOWER]|listeners:[], old=null RUNNING
  s1:  RUNNING  FOLLOWER s1@group-5D8BFF2AC38C:t1, leader=s0, voted=s0, raftlog=Memoized:s1@group-5D8BFF2AC38C-SegmentedRaftLog:OPENED:c77, conf=0: peers:[s0|rpc:localhost:42371|admin:localhost:36531|client:localhost:36379|dataStream:localhost:43129|priority:0|startupRole:FOLLOWER, s1|rpc:localhost:35679|admin:localhost:44855|client:localhost:41371|dataStream:localhost:42433|priority:0|startupRole:FOLLOWER, s2|rpc:localhost:39787|admin:localhost:44467|client:localhost:41113|dataStream:localhost:33651|priority:0|startupRole:FOLLOWER]|listeners:[], old=null RUNNING
  s2:  RUNNING  FOLLOWER s2@group-5D8BFF2AC38C:t1, leader=s0, voted=s0, raftlog=Memoized:s2@group-5D8BFF2AC38C-SegmentedRaftLog:OPENED:c77, conf=0: peers:[s0|rpc:localhost:42371|admin:localhost:36531|client:localhost:36379|dataStream:localhost:43129|priority:0|startupRole:FOLLOWER, s1|rpc:localhost:35679|admin:localhost:44855|client:localhost:41371|dataStream:localhost:42433|priority:0|startupRole:FOLLOWER, s2|rpc:localhost:39787|admin:localhost:44467|client:localhost:41113|dataStream:localhost:33651|priority:0|startupRole:FOLLOWER]|listeners:[], old=null RUNNING
2023-02-09 08:25:43,137 [null-request--thread1] INFO  server.GrpcClientProtocolService (GrpcClientProtocolService.java:lambda$processClientRequest$0(284)) - Failed RaftClientRequest:client-F516C80A2025->s2@group-5D8BFF2AC38C, cid=425, seq=0, RW, Message:6d3339, reply=RaftClientReply:client-F516C80A2025->s2@group-5D8BFF2AC38C, cid=425, FAILED org.apache.ratis.protocol.exceptions.NotLeaderException: Server s2@group-5D8BFF2AC38C is not the leader s0|rpc:localhost:42371|admin:localhost:36531|client:localhost:36379|dataStream:localhost:43129|priority:0|startupRole:FOLLOWER, logIndex=0, commits[s2:c77, s0:c78, s1:c77]
2023-02-09 08:25:46,348 [null-request--thread1] INFO  server.GrpcClientProtocolService (GrpcClientProtocolService.java:lambda$processClientRequest$0(284)) - Failed RaftClientRequest:client-F516C80A2025->s1@group-5D8BFF2AC38C, cid=425, seq=0, RW, Message:6d3339, reply=RaftClientReply:client-F516C80A2025->s1@group-5D8BFF2AC38C, cid=425, FAILED org.apache.ratis.protocol.exceptions.NotLeaderException: Server s1@group-5D8BFF2AC38C is not the leader s0|rpc:localhost:42371|admin:localhost:36531|client:localhost:36379|dataStream:localhost:43129|priority:0|startupRole:FOLLOWER, logIndex=0, commits[s1:c77, s0:c78, s2:c77]
2023-02-09 08:25:49,558 [null-request--thread1] INFO  server.GrpcClientProtocolService (GrpcClientProtocolService.java:lambda$processClientRequest$0(284)) - Failed RaftClientRequest:client-F516C80A2025->s2@group-5D8BFF2AC38C, cid=425, seq=0, RW, Message:6d3339, reply=RaftClientReply:client-F516C80A2025->s2@group-5D8BFF2AC38C, cid=425, FAILED org.apache.ratis.protocol.exceptions.NotLeaderException: Server s2@group-5D8BFF2AC38C is not the leader s0|rpc:localhost:42371|admin:localhost:36531|client:localhost:36379|dataStream:localhost:43129|priority:0|startupRole:FOLLOWER, logIndex=0, commits[s2:c77, s0:c78, s1:c77]
2023-02-09 08:25:50,423 [Timer-3] INFO  impl.MiniRaftCluster (MiniRaftCluster.java:lambda$start$6(349)) - TIMED-PRINT: printing ALL groups
  s0:  RUNNING    LEADER s0@group-5D8BFF2AC38C:t1, leader=s0, voted=s0, raftlog=Memoized:s0@group-5D8BFF2AC38C-SegmentedRaftLog:OPENED:c78, conf=0: peers:[s0|rpc:localhost:42371|admin:localhost:36531|client:localhost:36379|dataStream:localhost:43129|priority:0|startupRole:FOLLOWER, s1|rpc:localhost:35679|admin:localhost:44855|client:localhost:41371|dataStream:localhost:42433|priority:0|startupRole:FOLLOWER, s2|rpc:localhost:39787|admin:localhost:44467|client:localhost:41113|dataStream:localhost:33651|priority:0|startupRole:FOLLOWER]|listeners:[], old=null RUNNING
  s1:  RUNNING  FOLLOWER s1@group-5D8BFF2AC38C:t1, leader=s0, voted=s0, raftlog=Memoized:s1@group-5D8BFF2AC38C-SegmentedRaftLog:OPENED:c77, conf=0: peers:[s0|rpc:localhost:42371|admin:localhost:36531|client:localhost:36379|dataStream:localhost:43129|priority:0|startupRole:FOLLOWER, s1|rpc:localhost:35679|admin:localhost:44855|client:localhost:41371|dataStream:localhost:42433|priority:0|startupRole:FOLLOWER, s2|rpc:localhost:39787|admin:localhost:44467|client:localhost:41113|dataStream:localhost:33651|priority:0|startupRole:FOLLOWER]|listeners:[], old=null RUNNING
  s2:  RUNNING  FOLLOWER s2@group-5D8BFF2AC38C:t1, leader=s0, voted=s0, raftlog=Memoized:s2@group-5D8BFF2AC38C-SegmentedRaftLog:OPENED:c77, conf=0: peers:[s0|rpc:localhost:42371|admin:localhost:36531|client:localhost:36379|dataStream:localhost:43129|priority:0|startupRole:FOLLOWER, s1|rpc:localhost:35679|admin:localhost:44855|client:localhost:41371|dataStream:localhost:42433|priority:0|startupRole:FOLLOWER, s2|rpc:localhost:39787|admin:localhost:44467|client:localhost:41113|dataStream:localhost:33651|priority:0|startupRole:FOLLOWER]|listeners:[], old=null RUNNING
2023-02-09 08:25:52,771 [null-request--thread1] INFO  server.GrpcClientProtocolService (GrpcClientProtocolService.java:lambda$processClientRequest$0(284)) - Failed RaftClientRequest:client-F516C80A2025->s1@group-5D8BFF2AC38C, cid=425, seq=0, RW, Message:6d3339, reply=RaftClientReply:client-F516C80A2025->s1@group-5D8BFF2AC38C, cid=425, FAILED org.apache.ratis.protocol.exceptions.NotLeaderException: Server s1@group-5D8BFF2AC38C is not the leader s0|rpc:localhost:42371|admin:localhost:36531|client:localhost:36379|dataStream:localhost:43129|priority:0|startupRole:FOLLOWER, logIndex=0, commits[s1:c77, s0:c78, s2:c77]
2023-02-09 08:25:55,982 [null-request--thread1] INFO  server.GrpcClientProtocolService (GrpcClientProtocolService.java:lambda$processClientRequest$0(284)) - Failed RaftClientRequest:client-F516C80A2025->s1@group-5D8BFF2AC38C, cid=425, seq=0, RW, Message:6d3339, reply=RaftClientReply:client-F516C80A2025->s1@group-5D8BFF2AC38C, cid=425, FAILED org.apache.ratis.protocol.exceptions.NotLeaderException: Server s1@group-5D8BFF2AC38C is not the leader s0|rpc:localhost:42371|admin:localhost:36531|client:localhost:36379|dataStream:localhost:43129|priority:0|startupRole:FOLLOWER, logIndex=0, commits[s1:c77, s0:c78, s2:c77]
2023-02-09 08:25:59,193 [null-request--thread1] INFO  server.GrpcClientProtocolService (GrpcClientProtocolService.java:lambda$processClientRequest$0(284)) - Failed RaftClientRequest:client-F516C80A2025->s2@group-5D8BFF2AC38C, cid=425, seq=0, RW, Message:6d3339, reply=RaftClientReply:client-F516C80A2025->s2@group-5D8BFF2AC38C, cid=425, FAILED org.apache.ratis.protocol.exceptions.NotLeaderException: Server s2@group-5D8BFF2AC38C is not the leader s0|rpc:localhost:42371|admin:localhost:36531|client:localhost:36379|dataStream:localhost:43129|priority:0|startupRole:FOLLOWER, logIndex=0, commits[s2:c77, s0:c78, s1:c77]
2023-02-09 08:26:00,424 [Timer-3] INFO  impl.MiniRaftCluster (MiniRaftCluster.java:lambda$start$6(349)) - TIMED-PRINT: printing ALL groups
  s0:  RUNNING    LEADER s0@group-5D8BFF2AC38C:t1, leader=s0, voted=s0, raftlog=Memoized:s0@group-5D8BFF2AC38C-SegmentedRaftLog:OPENED:c78, conf=0: peers:[s0|rpc:localhost:42371|admin:localhost:36531|client:localhost:36379|dataStream:localhost:43129|priority:0|startupRole:FOLLOWER, s1|rpc:localhost:35679|admin:localhost:44855|client:localhost:41371|dataStream:localhost:42433|priority:0|startupRole:FOLLOWER, s2|rpc:localhost:39787|admin:localhost:44467|client:localhost:41113|dataStream:localhost:33651|priority:0|startupRole:FOLLOWER]|listeners:[], old=null RUNNING
  s1:  RUNNING  FOLLOWER s1@group-5D8BFF2AC38C:t1, leader=s0, voted=s0, raftlog=Memoized:s1@group-5D8BFF2AC38C-SegmentedRaftLog:OPENED:c77, conf=0: peers:[s0|rpc:localhost:42371|admin:localhost:36531|client:localhost:36379|dataStream:localhost:43129|priority:0|startupRole:FOLLOWER, s1|rpc:localhost:35679|admin:localhost:44855|client:localhost:41371|dataStream:localhost:42433|priority:0|startupRole:FOLLOWER, s2|rpc:localhost:39787|admin:localhost:44467|client:localhost:41113|dataStream:localhost:33651|priority:0|startupRole:FOLLOWER]|listeners:[], old=null RUNNING
  s2:  RUNNING  FOLLOWER s2@group-5D8BFF2AC38C:t1, leader=s0, voted=s0, raftlog=Memoized:s2@group-5D8BFF2AC38C-SegmentedRaftLog:OPENED:c77, conf=0: peers:[s0|rpc:localhost:42371|admin:localhost:36531|client:localhost:36379|dataStream:localhost:43129|priority:0|startupRole:FOLLOWER, s1|rpc:localhost:35679|admin:localhost:44855|client:localhost:41371|dataStream:localhost:42433|priority:0|startupRole:FOLLOWER, s2|rpc:localhost:39787|admin:localhost:44467|client:localhost:41113|dataStream:localhost:33651|priority:0|startupRole:FOLLOWER]|listeners:[], old=null RUNNING
2023-02-09 08:26:02,405 [null-request--thread1] INFO  server.GrpcClientProtocolService (GrpcClientProtocolService.java:lambda$processClientRequest$0(284)) - Failed RaftClientRequest:client-F516C80A2025->s2@group-5D8BFF2AC38C, cid=425, seq=0, RW, Message:6d3339, reply=RaftClientReply:client-F516C80A2025->s2@group-5D8BFF2AC38C, cid=425, FAILED org.apache.ratis.protocol.exceptions.NotLeaderException: Server s2@group-5D8BFF2AC38C is not the leader s0|rpc:localhost:42371|admin:localhost:36531|client:localhost:36379|dataStream:localhost:43129|priority:0|startupRole:FOLLOWER, logIndex=0, commits[s2:c77, s0:c78, s1:c77]
2023-02-09 08:26:05,617 [null-request--thread1] INFO  server.GrpcClientProtocolService (GrpcClientProtocolService.java:lambda$processClientRequest$0(284)) - Failed RaftClientRequest:client-F516C80A2025->s2@group-5D8BFF2AC38C, cid=425, seq=0, RW, Message:6d3339, reply=RaftClientReply:client-F516C80A2025->s2@group-5D8BFF2AC38C, cid=425, FAILED org.apache.ratis.protocol.exceptions.NotLeaderException: Server s2@group-5D8BFF2AC38C is not the leader s0|rpc:localhost:42371|admin:localhost:36531|client:localhost:36379|dataStream:localhost:43129|priority:0|startupRole:FOLLOWER, logIndex=0, commits[s2:c77, s0:c78, s1:c77]
2023-02-09 08:26:08,829 [null-request--thread1] INFO  server.GrpcClientProtocolService (GrpcClientProtocolService.java:lambda$processClientRequest$0(284)) - Failed RaftClientRequest:client-F516C80A2025->s1@group-5D8BFF2AC38C, cid=425, seq=0, RW, Message:6d3339, reply=RaftClientReply:client-F516C80A2025->s1@group-5D8BFF2AC38C, cid=425, FAILED org.apache.ratis.protocol.exceptions.NotLeaderException: Server s1@group-5D8BFF2AC38C is not the leader s0|rpc:localhost:42371|admin:localhost:36531|client:localhost:36379|dataStream:localhost:43129|priority:0|startupRole:FOLLOWER, logIndex=0, commits[s1:c77, s0:c78, s2:c77]
2023-02-09 08:26:10,424 [Timer-3] INFO  impl.MiniRaftCluster (MiniRaftCluster.java:lambda$start$6(349)) - TIMED-PRINT: printing ALL groups
  s0:  RUNNING    LEADER s0@group-5D8BFF2AC38C:t1, leader=s0, voted=s0, raftlog=Memoized:s0@group-5D8BFF2AC38C-SegmentedRaftLog:OPENED:c78, conf=0: peers:[s0|rpc:localhost:42371|admin:localhost:36531|client:localhost:36379|dataStream:localhost:43129|priority:0|startupRole:FOLLOWER, s1|rpc:localhost:35679|admin:localhost:44855|client:localhost:41371|dataStream:localhost:42433|priority:0|startupRole:FOLLOWER, s2|rpc:localhost:39787|admin:localhost:44467|client:localhost:41113|dataStream:localhost:33651|priority:0|startupRole:FOLLOWER]|listeners:[], old=null RUNNING
  s1:  RUNNING  FOLLOWER s1@group-5D8BFF2AC38C:t1, leader=s0, voted=s0, raftlog=Memoized:s1@group-5D8BFF2AC38C-SegmentedRaftLog:OPENED:c77, conf=0: peers:[s0|rpc:localhost:42371|admin:localhost:36531|client:localhost:36379|dataStream:localhost:43129|priority:0|startupRole:FOLLOWER, s1|rpc:localhost:35679|admin:localhost:44855|client:localhost:41371|dataStream:localhost:42433|priority:0|startupRole:FOLLOWER, s2|rpc:localhost:39787|admin:localhost:44467|client:localhost:41113|dataStream:localhost:33651|priority:0|startupRole:FOLLOWER]|listeners:[], old=null RUNNING
  s2:  RUNNING  FOLLOWER s2@group-5D8BFF2AC38C:t1, leader=s0, voted=s0, raftlog=Memoized:s2@group-5D8BFF2AC38C-SegmentedRaftLog:OPENED:c77, conf=0: peers:[s0|rpc:localhost:42371|admin:localhost:36531|client:localhost:36379|dataStream:localhost:43129|priority:0|startupRole:FOLLOWER, s1|rpc:localhost:35679|admin:localhost:44855|client:localhost:41371|dataStream:localhost:42433|priority:0|startupRole:FOLLOWER, s2|rpc:localhost:39787|admin:localhost:44467|client:localhost:41113|dataStream:localhost:33651|priority:0|startupRole:FOLLOWER]|listeners:[], old=null RUNNING
2023-02-09 08:26:12,045 [null-request--thread1] INFO  server.GrpcClientProtocolService (GrpcClientProtocolService.java:lambda$processClientRequest$0(284)) - Failed RaftClientRequest:client-F516C80A2025->s1@group-5D8BFF2AC38C, cid=425, seq=0, RW, Message:6d3339, reply=RaftClientReply:client-F516C80A2025->s1@group-5D8BFF2AC38C, cid=425, FAILED org.apache.ratis.protocol.exceptions.NotLeaderException: Server s1@group-5D8BFF2AC38C is not the leader s0|rpc:localhost:42371|admin:localhost:36531|client:localhost:36379|dataStream:localhost:43129|priority:0|startupRole:FOLLOWER, logIndex=0, commits[s1:c77, s0:c78, s2:c77]
2023-02-09 08:26:12,156 [s1-server-thread3] DEBUG raftlog.RaftLog (SegmentedRaftLog.java:appendImpl(446)) - truncateIndex=-1, arrayIndex=0
2023-02-09 08:26:12,157 [s2-server-thread1] DEBUG raftlog.RaftLog (SegmentedRaftLog.java:appendImpl(446)) - truncateIndex=-1, arrayIndex=0
2023-02-09 08:26:12,158 [s0@group-5D8BFF2AC38C-StateMachineUpdater] INFO  impl.SimpleStateMachine4Testing (SimpleStateMachine4Testing.java:put(205)) - s0: put 79, m39 -> (t:1, i:79), STATEMACHINELOGENTRY, 425@client-F516C80A2025
2023-02-09 08:26:12,159 [s2-server-thread4] DEBUG raftlog.RaftLog (SegmentedRaftLog.java:appendImpl(446)) - truncateIndex=-1, arrayIndex=0
2023-02-09 08:26:12,160 [s2@group-5D8BFF2AC38C-StateMachineUpdater] INFO  impl.SimpleStateMachine4Testing (SimpleStateMachine4Testing.java:put(205)) - s2: put 79, m39 -> (t:1, i:79), STATEMACHINELOGENTRY, 425@client-F516C80A2025
2023-02-09 08:26:12,160 [s1-server-thread2] DEBUG raftlog.RaftLog (SegmentedRaftLog.java:appendImpl(446)) - truncateIndex=-1, arrayIndex=0
2023-02-09 08:26:12,160 [s2-server-thread4] DEBUG raftlog.RaftLog (SegmentedRaftLog.java:appendImpl(446)) - truncateIndex=-1, arrayIndex=0
2023-02-09 08:26:12,160 [s1@group-5D8BFF2AC38C-StateMachineUpdater] INFO  impl.SimpleStateMachine4Testing (SimpleStateMachine4Testing.java:put(205)) - s1: put 79, m39 -> (t:1, i:79), STATEMACHINELOGENTRY, 425@client-F516C80A2025
2023-02-09 08:26:12,161 [s2@group-5D8BFF2AC38C-StateMachineUpdater] INFO  impl.SimpleStateMachine4Testing (SimpleStateMachine4Testing.java:put(205)) - s2: put 80, m39 -> (t:1, i:80), STATEMACHINELOGENTRY, 425@client-F516C80A2025
2023-02-09 08:26:12,161 [s1-server-thread2] DEBUG raftlog.RaftLog (SegmentedRaftLog.java:appendImpl(446)) - truncateIndex=-1, arrayIndex=0
2023-02-09 08:26:12,161 [s0@group-5D8BFF2AC38C-StateMachineUpdater] INFO  impl.SimpleStateMachine4Testing (SimpleStateMachine4Testing.java:put(205)) - s0: put 80, m39 -> (t:1, i:80), STATEMACHINELOGENTRY, 425@client-F516C80A2025
2023-02-09 08:26:12,161 [s0@group-5D8BFF2AC38C-StateMachineUpdater] ERROR impl.StateMachineUpdater (StateMachineUpdater.java:run(195)) - s0@group-5D8BFF2AC38C-StateMachineUpdater caught a Throwable.
org.apache.ratis.server.raftlog.RaftLogIOException: java.lang.IllegalStateException: retry cache entry should be pending: 425@client-F516C80A2025:done
	at org.apache.ratis.server.impl.RaftServerImpl.applyLogToStateMachine(RaftServerImpl.java:1776)
	at org.apache.ratis.server.impl.StateMachineUpdater.applyLog(StateMachineUpdater.java:241)
	at org.apache.ratis.server.impl.StateMachineUpdater.run(StateMachineUpdater.java:183)
	at java.base/java.lang.Thread.run(Thread.java:829)
Caused by: java.lang.IllegalStateException: retry cache entry should be pending: 425@client-F516C80A2025:done
	at org.apache.ratis.util.Preconditions.assertTrue(Preconditions.java:61)
	at org.apache.ratis.server.impl.RaftServerImpl.replyPendingRequest(RaftServerImpl.java:1723)
	at org.apache.ratis.server.impl.RaftServerImpl.applyLogToStateMachine(RaftServerImpl.java:1774)
	... 3 more
2023-02-09 08:26:12,162 [s0@group-5D8BFF2AC38C-StateMachineUpdater] INFO  server.RaftServer$Division (RaftServerImpl.java:lambda$close$4(466)) - s0@group-5D8BFF2AC38C: shutdown
2023-02-09 08:26:12,161 [s1@group-5D8BFF2AC38C-StateMachineUpdater] INFO  impl.SimpleStateMachine4Testing (SimpleStateMachine4Testing.java:put(205)) - s1: put 80, m39 -> (t:1, i:80), STATEMACHINELOGENTRY, 425@client-F516C80A2025
2023-02-09 08:26:12,162 [s0@group-5D8BFF2AC38C-StateMachineUpdater] INFO  util.JmxRegister (JmxRegister.java:unregister(73)) - Successfully un-registered JMX Bean with object name Ratis:service=RaftServer,group=group-5D8BFF2AC38C,id=s0
2023-02-09 08:26:12,162 [s0@group-5D8BFF2AC38C-StateMachineUpdater] INFO  impl.RoleInfo (RoleInfo.java:shutdownLeaderState(93)) - s0: shutdown s0@group-5D8BFF2AC38C-LeaderStateImpl
2023-02-09 08:26:12,162 [s0@group-5D8BFF2AC38C-StateMachineUpdater] INFO  impl.PendingRequests (PendingRequests.java:sendNotLeaderResponses(282)) - s0@group-5D8BFF2AC38C-PendingRequests: sendNotLeaderResponses
2023-02-09 08:26:12,162 [s0@group-5D8BFF2AC38C->s1-GrpcLogAppender-LogAppenderDaemon] WARN  server.GrpcLogAppender (GrpcLogAppender.java:mayWait(198)) - s0@group-5D8BFF2AC38C->s1-GrpcLogAppender: Wait interrupted by java.lang.InterruptedException
2023-02-09 08:26:12,163 [s0@group-5D8BFF2AC38C-StateMachineUpdater] INFO  server.RaftServer$Division (ServerState.java:close(414)) - s0@group-5D8BFF2AC38C: applyIndex: 80
2023-02-09 08:26:12,163 [s0@group-5D8BFF2AC38C-SegmentedRaftLogWorker] INFO  segmented.SegmentedRaftLogWorker (SegmentedRaftLogWorker.java:run(334)) - s0@group-5D8BFF2AC38C-SegmentedRaftLogWorker was interrupted, exiting. There are 0 tasks remaining in the queue.
2023-02-09 08:26:12,163 [s0@group-5D8BFF2AC38C-StateMachineUpdater] INFO  segmented.SegmentedRaftLogWorker (SegmentedRaftLogWorker.java:close(247)) - s0@group-5D8BFF2AC38C-SegmentedRaftLogWorker close()
2023-02-09 08:26:12,163 [grpc-default-executor-3] INFO  server.GrpcServerProtocolService (GrpcServerProtocolService.java:onCompleted(143)) - s1: Completed APPEND_ENTRIES, lastRequest: null
2023-02-09 08:26:12,165 [grpc-default-executor-3] INFO  server.GrpcServerProtocolService (GrpcServerProtocolService.java:onCompleted(143)) - s1: Completed APPEND_ENTRIES, lastRequest: s0->s1#7407-t1,previous=(t:1, i:81),leaderCommit=80,initializing? true,entries: size=1, first=(t:1, i:82), METADATAENTRY(c:80)
2023-02-09 08:26:12,166 [grpc-default-executor-3] INFO  server.GrpcLogAppender (GrpcLogAppender.java:onCompleted(412)) - s0@group-5D8BFF2AC38C->s1-AppendLogResponseHandler: follower responses appendEntries COMPLETED
2023-02-09 08:26:12,166 [grpc-default-executor-3] INFO  leader.FollowerInfo (FollowerInfoImpl.java:lambda$new$0(52)) - s0@group-5D8BFF2AC38C->s1: nextIndex: updateUnconditionally 83 -> 82
2023-02-09 08:26:12,166 [grpc-default-executor-3] INFO  server.GrpcServerProtocolService (GrpcServerProtocolService.java:onCompleted(143)) - s2: Completed APPEND_ENTRIES, lastRequest: null
2023-02-09 08:26:12,166 [grpc-default-executor-3] INFO  server.GrpcServerProtocolService (GrpcServerProtocolService.java:onCompleted(143)) - s2: Completed APPEND_ENTRIES, lastRequest: s0->s2#7358-t1,previous=(t:1, i:81),leaderCommit=80,initializing? true,entries: size=1, first=(t:1, i:82), METADATAENTRY(c:80)
2023-02-09 08:26:12,166 [grpc-default-executor-3] INFO  server.GrpcLogAppender (GrpcLogAppender.java:onCompleted(412)) - s0@group-5D8BFF2AC38C->s2-AppendLogResponseHandler: follower responses appendEntries COMPLETED
2023-02-09 08:26:12,167 [grpc-default-executor-3] INFO  leader.FollowerInfo (FollowerInfoImpl.java:lambda$new$0(52)) - s0@group-5D8BFF2AC38C->s2: nextIndex: updateUnconditionally 83 -> 82
2023-02-09 08:26:12,167 [grpc-default-executor-3] INFO  server.GrpcLogAppender (GrpcLogAppender.java:onCompleted(412)) - s0@group-5D8BFF2AC38C->s1-AppendLogResponseHandler: follower responses appendEntries COMPLETED
2023-02-09 08:26:12,167 [grpc-default-executor-3] INFO  leader.FollowerInfo (FollowerInfoImpl.java:lambda$new$0(52)) - s0@group-5D8BFF2AC38C->s1: nextIndex: updateUnconditionally 82 -> 81
2023-02-09 08:26:12,167 [grpc-default-executor-3] INFO  server.GrpcLogAppender (GrpcLogAppender.java:onCompleted(412)) - s0@group-5D8BFF2AC38C->s2-AppendLogResponseHandler: follower responses appendEntries COMPLETED
2023-02-09 08:26:12,167 [grpc-default-executor-3] INFO  leader.FollowerInfo (FollowerInfoImpl.java:lambda$new$0(52)) - s0@group-5D8BFF2AC38C->s2: nextIndex: updateUnconditionally 82 -> 81
2023-02-09 08:26:12,183 [null-request--thread2] INFO  server.GrpcClientProtocolService (GrpcClientProtocolService.java:lambda$processClientRequest$0(284)) - Failed RaftClientRequest:client-F516C80A2025->s0@group-5D8BFF2AC38C, cid=425, seq=0, RW, Message:6d3339, reply=RaftClientReply:client-F516C80A2025->s0@group-5D8BFF2AC38C, cid=425, FAILED org.apache.ratis.protocol.exceptions.NotLeaderException: Server s0@group-5D8BFF2AC38C is not the leader, logIndex=0, commits[s0:c82]
2023-02-09 08:26:12,289 [null-request--thread1] INFO  server.GrpcClientProtocolService (GrpcClientProtocolService.java:lambda$processClientRequest$0(284)) - Failed RaftClientRequest:client-F516C80A2025->s1@group-5D8BFF2AC38C, cid=425, seq=0, RW, Message:6d3339, reply=RaftClientReply:client-F516C80A2025->s1@group-5D8BFF2AC38C, cid=425, FAILED org.apache.ratis.protocol.exceptions.NotLeaderException: Server s1@group-5D8BFF2AC38C is not the leader s0|rpc:localhost:42371|admin:localhost:36531|client:localhost:36379|dataStream:localhost:43129|priority:0|startupRole:FOLLOWER, logIndex=0, commits[s1:c80, s0:c80, s2:c77]
2023-02-09 08:26:12,508 [s1@group-5D8BFF2AC38C-FollowerState] INFO  impl.FollowerState (FollowerState.java:run(143)) - s1@group-5D8BFF2AC38C-FollowerState: change to CANDIDATE, lastRpcElapsedTime:346421370ns, electionTimeout:189ms
2023-02-09 08:26:12,508 [s1@group-5D8BFF2AC38C-FollowerState] INFO  impl.RoleInfo (RoleInfo.java:shutdownFollowerState(110)) - s1: shutdown s1@group-5D8BFF2AC38C-FollowerState
2023-02-09 08:26:12,508 [s1@group-5D8BFF2AC38C-FollowerState] INFO  server.RaftServer$Division (RaftServerImpl.java:setRole(329)) - s1@group-5D8BFF2AC38C: changes role from  FOLLOWER to CANDIDATE at term 1 for changeToCandidate
2023-02-09 08:26:12,508 [s1@group-5D8BFF2AC38C-FollowerState] INFO  server.RaftServerConfigKeys (ConfUtils.java:logGet(46)) - raft.server.leaderelection.pre-vote = true (default)
2023-02-09 08:26:12,508 [s1@group-5D8BFF2AC38C-FollowerState] INFO  impl.RoleInfo (RoleInfo.java:updateAndGet(139)) - s1: start s1@group-5D8BFF2AC38C-LeaderElection10
2023-02-09 08:26:12,512 [s1@group-5D8BFF2AC38C-LeaderElection10] INFO  server.RaftServer$Division (ServerState.java:setLeader(260)) - s1@group-5D8BFF2AC38C: change Leader from s0 to null at term 1 for PRE_VOTE
2023-02-09 08:26:12,512 [s1@group-5D8BFF2AC38C-LeaderElection10] INFO  impl.LeaderElection (LeaderElection.java:askForVotes(309)) - s1@group-5D8BFF2AC38C-LeaderElection10 PRE_VOTE round 0: submit vote requests at term 1 for 0: peers:[s0|rpc:localhost:42371|admin:localhost:36531|client:localhost:36379|dataStream:localhost:43129|priority:0|startupRole:FOLLOWER, s1|rpc:localhost:35679|admin:localhost:44855|client:localhost:41371|dataStream:localhost:42433|priority:0|startupRole:FOLLOWER, s2|rpc:localhost:39787|admin:localhost:44467|client:localhost:41113|dataStream:localhost:33651|priority:0|startupRole:FOLLOWER]|listeners:[], old=null
2023-02-09 08:26:12,514 [s1@group-5D8BFF2AC38C-LeaderElection10-1] INFO  server.GrpcServerProtocolClient (GrpcServerProtocolClient.java:<init>(63)) - Build channel for s0
2023-02-09 08:26:12,517 [null-request--thread1] INFO  server.GrpcClientProtocolService (GrpcClientProtocolService.java:lambda$processClientRequest$0(284)) - Failed RaftClientRequest:client-F516C80A2025->s1@group-5D8BFF2AC38C, cid=425, seq=0, RW, Message:6d3339, reply=RaftClientReply:client-F516C80A2025->s1@group-5D8BFF2AC38C, cid=425, FAILED org.apache.ratis.protocol.exceptions.NotLeaderException: Server s1@group-5D8BFF2AC38C is not the leader, logIndex=0, commits[s1:c80, s0:c80, s2:c77]
2023-02-09 08:26:12,518 [s1@group-5D8BFF2AC38C-LeaderElection10-2] INFO  server.GrpcServerProtocolClient (GrpcServerProtocolClient.java:<init>(63)) - Build channel for s2
2023-02-09 08:26:12,521 [grpc-default-executor-2] INFO  server.RaftServer$Division (RaftServerImpl.java:requestVote(1302)) - s0@group-5D8BFF2AC38C: receive requestVote(PRE_VOTE, s1, group-5D8BFF2AC38C, 1, (t:1, i:82))
2023-02-09 08:26:12,522 [grpc-default-executor-2] WARN  server.GrpcServerProtocolService (LogUtils.java:warn(122)) - s0: Failed requestVote s1->s0#0: org.apache.ratis.protocol.exceptions.ServerNotReadyException: s0@group-5D8BFF2AC38C is not in [RUNNING]: current state is CLOSED
2023-02-09 08:26:12,528 [s1@group-5D8BFF2AC38C-LeaderElection10] INFO  impl.LeaderElection (LogUtils.java:infoOrTrace(137)) - s1@group-5D8BFF2AC38C-LeaderElection10 got exception when requesting votes: java.util.concurrent.ExecutionException: org.apache.ratis.thirdparty.io.grpc.StatusRuntimeException: INTERNAL: s0@group-5D8BFF2AC38C is not in [RUNNING]: current state is CLOSED
2023-02-09 08:26:12,529 [grpc-default-executor-2] INFO  server.RaftServer$Division (RaftServerImpl.java:requestVote(1302)) - s2@group-5D8BFF2AC38C: receive requestVote(PRE_VOTE, s1, group-5D8BFF2AC38C, 1, (t:1, i:82))
2023-02-09 08:26:12,529 [grpc-default-executor-2] INFO  impl.VoteContext (VoteContext.java:log(49)) - s2@group-5D8BFF2AC38C-FOLLOWER: accept PRE_VOTE from s1: our priority 0 <= candidate's priority 0
2023-02-09 08:26:12,529 [grpc-default-executor-2] INFO  server.RaftServer$Division (RaftServerImpl.java:requestVote(1335)) - s2@group-5D8BFF2AC38C replies to PRE_VOTE vote request: s1<-s2#0:OK-t1. Peer's state: s2@group-5D8BFF2AC38C:t1, leader=s0, voted=s0, raftlog=Memoized:s2@group-5D8BFF2AC38C-SegmentedRaftLog:OPENED:c80, conf=0: peers:[s0|rpc:localhost:42371|admin:localhost:36531|client:localhost:36379|dataStream:localhost:43129|priority:0|startupRole:FOLLOWER, s1|rpc:localhost:35679|admin:localhost:44855|client:localhost:41371|dataStream:localhost:42433|priority:0|startupRole:FOLLOWER, s2|rpc:localhost:39787|admin:localhost:44467|client:localhost:41113|dataStream:localhost:33651|priority:0|startupRole:FOLLOWER]|listeners:[], old=null
2023-02-09 08:26:12,530 [s1@group-5D8BFF2AC38C-LeaderElection10] INFO  impl.LeaderElection (LeaderElection.java:logAndReturn(89)) - s1@group-5D8BFF2AC38C-LeaderElection10: PRE_VOTE PASSED received 1 response(s) and 1 exception(s):
2023-02-09 08:26:12,530 [s1@group-5D8BFF2AC38C-LeaderElection10] INFO  impl.LeaderElection (LeaderElection.java:logAndReturn(93)) -   Response 0: s1<-s2#0:OK-t1
2023-02-09 08:26:12,530 [s1@group-5D8BFF2AC38C-LeaderElection10] INFO  impl.LeaderElection (LogUtils.java:infoOrTrace(137)) -   Exception 1: java.util.concurrent.ExecutionException: org.apache.ratis.thirdparty.io.grpc.StatusRuntimeException: INTERNAL: s0@group-5D8BFF2AC38C is not in [RUNNING]: current state is CLOSED
2023-02-09 08:26:12,530 [s1@group-5D8BFF2AC38C-LeaderElection10] INFO  impl.LeaderElection (LeaderElection.java:askForVotes(311)) - s1@group-5D8BFF2AC38C-LeaderElection10 PRE_VOTE round 0: result PASSED
2023-02-09 08:26:12,532 [s1@group-5D8BFF2AC38C-LeaderElection10] INFO  impl.LeaderElection (LeaderElection.java:askForVotes(309)) - s1@group-5D8BFF2AC38C-LeaderElection10 ELECTION round 0: submit vote requests at term 2 for 0: peers:[s0|rpc:localhost:42371|admin:localhost:36531|client:localhost:36379|dataStream:localhost:43129|priority:0|startupRole:FOLLOWER, s1|rpc:localhost:35679|admin:localhost:44855|client:localhost:41371|dataStream:localhost:42433|priority:0|startupRole:FOLLOWER, s2|rpc:localhost:39787|admin:localhost:44467|client:localhost:41113|dataStream:localhost:33651|priority:0|startupRole:FOLLOWER]|listeners:[], old=null
2023-02-09 08:26:12,533 [grpc-default-executor-2] INFO  server.RaftServer$Division (RaftServerImpl.java:requestVote(1302)) - s0@group-5D8BFF2AC38C: receive requestVote(ELECTION, s1, group-5D8BFF2AC38C, 2, (t:1, i:82))
2023-02-09 08:26:12,533 [grpc-default-executor-2] WARN  server.GrpcServerProtocolService (LogUtils.java:warn(122)) - s0: Failed requestVote s1->s0#0: org.apache.ratis.protocol.exceptions.ServerNotReadyException: s0@group-5D8BFF2AC38C is not in [RUNNING]: current state is CLOSED
2023-02-09 08:26:12,535 [s1@group-5D8BFF2AC38C-LeaderElection10] INFO  impl.LeaderElection (LogUtils.java:infoOrTrace(137)) - s1@group-5D8BFF2AC38C-LeaderElection10 got exception when requesting votes: java.util.concurrent.ExecutionException: org.apache.ratis.thirdparty.io.grpc.StatusRuntimeException: INTERNAL: s0@group-5D8BFF2AC38C is not in [RUNNING]: current state is CLOSED
2023-02-09 08:26:12,535 [grpc-default-executor-2] INFO  server.RaftServer$Division (RaftServerImpl.java:requestVote(1302)) - s2@group-5D8BFF2AC38C: receive requestVote(ELECTION, s1, group-5D8BFF2AC38C, 2, (t:1, i:82))
2023-02-09 08:26:12,535 [grpc-default-executor-2] INFO  impl.VoteContext (VoteContext.java:log(49)) - s2@group-5D8BFF2AC38C-FOLLOWER: accept ELECTION from s1: our priority 0 <= candidate's priority 0
2023-02-09 08:26:12,535 [grpc-default-executor-2] INFO  server.RaftServer$Division (ServerState.java:setLeader(260)) - s2@group-5D8BFF2AC38C: change Leader from s0 to null at term 2 for updateCurrentTerm
2023-02-09 08:26:12,535 [grpc-default-executor-2] INFO  server.RaftServer$Division (RaftServerImpl.java:setRole(329)) - s2@group-5D8BFF2AC38C: changes role from  FOLLOWER to FOLLOWER at term 2 for candidate:s1
2023-02-09 08:26:12,535 [grpc-default-executor-2] INFO  impl.RoleInfo (RoleInfo.java:shutdownFollowerState(110)) - s2: shutdown s2@group-5D8BFF2AC38C-FollowerState
2023-02-09 08:26:12,535 [grpc-default-executor-2] INFO  impl.RoleInfo (RoleInfo.java:updateAndGet(139)) - s2: start s2@group-5D8BFF2AC38C-FollowerState
2023-02-09 08:26:12,536 [s2@group-5D8BFF2AC38C-FollowerState] INFO  impl.FollowerState (FollowerState.java:run(152)) - s2@group-5D8BFF2AC38C-FollowerState was interrupted
2023-02-09 08:26:12,543 [grpc-default-executor-2] INFO  server.RaftServer$Division (RaftServerImpl.java:requestVote(1335)) - s2@group-5D8BFF2AC38C replies to ELECTION vote request: s1<-s2#0:OK-t2. Peer's state: s2@group-5D8BFF2AC38C:t2, leader=null, voted=s1, raftlog=Memoized:s2@group-5D8BFF2AC38C-SegmentedRaftLog:OPENED:c80, conf=0: peers:[s0|rpc:localhost:42371|admin:localhost:36531|client:localhost:36379|dataStream:localhost:43129|priority:0|startupRole:FOLLOWER, s1|rpc:localhost:35679|admin:localhost:44855|client:localhost:41371|dataStream:localhost:42433|priority:0|startupRole:FOLLOWER, s2|rpc:localhost:39787|admin:localhost:44467|client:localhost:41113|dataStream:localhost:33651|priority:0|startupRole:FOLLOWER]|listeners:[], old=null
2023-02-09 08:26:12,544 [s1@group-5D8BFF2AC38C-LeaderElection10] INFO  impl.LeaderElection (LeaderElection.java:logAndReturn(89)) - s1@group-5D8BFF2AC38C-LeaderElection10: ELECTION PASSED received 1 response(s) and 1 exception(s):
2023-02-09 08:26:12,544 [s1@group-5D8BFF2AC38C-LeaderElection10] INFO  impl.LeaderElection (LeaderElection.java:logAndReturn(93)) -   Response 0: s1<-s2#0:OK-t2
2023-02-09 08:26:12,544 [s1@group-5D8BFF2AC38C-LeaderElection10] INFO  impl.LeaderElection (LogUtils.java:infoOrTrace(137)) -   Exception 1: java.util.concurrent.ExecutionException: org.apache.ratis.thirdparty.io.grpc.StatusRuntimeException: INTERNAL: s0@group-5D8BFF2AC38C is not in [RUNNING]: current state is CLOSED
2023-02-09 08:26:12,544 [s1@group-5D8BFF2AC38C-LeaderElection10] INFO  impl.LeaderElection (LeaderElection.java:askForVotes(311)) - s1@group-5D8BFF2AC38C-LeaderElection10 ELECTION round 0: result PASSED
2023-02-09 08:26:12,544 [s1@group-5D8BFF2AC38C-LeaderElection10] INFO  impl.RoleInfo (RoleInfo.java:shutdownLeaderElection(130)) - s1: shutdown s1@group-5D8BFF2AC38C-LeaderElection10
2023-02-09 08:26:12,544 [s1@group-5D8BFF2AC38C-LeaderElection10] INFO  server.RaftServer$Division (RaftServerImpl.java:setRole(329)) - s1@group-5D8BFF2AC38C: changes role from CANDIDATE to LEADER at term 2 for changeToLeader
2023-02-09 08:26:12,544 [s1@group-5D8BFF2AC38C-LeaderElection10] INFO  server.RaftServer$Division (ServerState.java:setLeader(260)) - s1@group-5D8BFF2AC38C: change Leader from null to s1 at term 2 for becomeLeader, leader elected after 31ms
2023-02-09 08:26:12,544 [s1@group-5D8BFF2AC38C-LeaderElection10] INFO  server.RaftServerConfigKeys (ConfUtils.java:logGet(46)) - raft.server.staging.catchup.gap = 1000 (default)
2023-02-09 08:26:12,544 [s1@group-5D8BFF2AC38C-LeaderElection10] INFO  server.RaftServerConfigKeys (ConfUtils.java:logGet(46)) - raft.server.write.element-limit = 4096 (default)
2023-02-09 08:26:12,544 [s1@group-5D8BFF2AC38C-LeaderElection10] INFO  server.RaftServerConfigKeys (ConfUtils.java:logGet(46)) - raft.server.write.byte-limit = 64MB (=67108864) (default)
2023-02-09 08:26:12,544 [s1@group-5D8BFF2AC38C-LeaderElection10] INFO  server.RaftServerConfigKeys (ConfUtils.java:logGet(46)) - raft.server.watch.timeout = 10s (default)
2023-02-09 08:26:12,544 [s1@group-5D8BFF2AC38C-LeaderElection10] INFO  server.RaftServerConfigKeys (ConfUtils.java:logGet(46)) - raft.server.watch.timeout.denomination = 1s (default)
2023-02-09 08:26:12,544 [s1@group-5D8BFF2AC38C-LeaderElection10] INFO  server.RaftServerConfigKeys (ConfUtils.java:logGet(46)) - raft.server.watch.element-limit = 65536 (default)
2023-02-09 08:26:12,544 [s1@group-5D8BFF2AC38C-LeaderElection10] INFO  server.RaftServerConfigKeys (ConfUtils.java:logGet(46)) - raft.server.write.element-limit = 4096 (default)
2023-02-09 08:26:12,544 [s1@group-5D8BFF2AC38C-LeaderElection10] INFO  server.RaftServerConfigKeys (ConfUtils.java:logGet(46)) - raft.server.write.follower.gap.ratio.max = -1.0 (default)
2023-02-09 08:26:12,545 [s1@group-5D8BFF2AC38C-LeaderElection10] INFO  server.RaftServerConfigKeys (ConfUtils.java:logGet(46)) - raft.server.log.appender.snapshot.chunk.size.max = 16MB (=16777216) (default)
2023-02-09 08:26:12,545 [s1@group-5D8BFF2AC38C-LeaderElection10] INFO  server.RaftServerConfigKeys (ConfUtils.java:logGet(46)) - raft.server.log.appender.buffer.byte-limit = 4MB (=4194304) (default)
2023-02-09 08:26:12,545 [s1@group-5D8BFF2AC38C-LeaderElection10] INFO  server.RaftServerConfigKeys (ConfUtils.java:logGet(46)) - raft.server.log.appender.buffer.element-limit = 0 (default)
2023-02-09 08:26:12,545 [s1@group-5D8BFF2AC38C-LeaderElection10] INFO  grpc.GrpcConfigKeys (ConfUtils.java:logGet(46)) - raft.grpc.server.leader.outstanding.appends.max = 128 (default)
2023-02-09 08:26:12,545 [s1@group-5D8BFF2AC38C-LeaderElection10] INFO  server.RaftServerConfigKeys (ConfUtils.java:logGet(46)) - raft.server.rpc.request.timeout = 3000ms (default)
2023-02-09 08:26:12,545 [s1@group-5D8BFF2AC38C-LeaderElection10] INFO  server.RaftServerConfigKeys (ConfUtils.java:logGet(46)) - raft.server.log.appender.install.snapshot.enabled = false (custom)
2023-02-09 08:26:12,545 [s1@group-5D8BFF2AC38C-LeaderElection10] INFO  grpc.GrpcConfigKeys (ConfUtils.java:logGet(46)) - raft.grpc.server.heartbeat.channel = true (default)
2023-02-09 08:26:12,545 [s1@group-5D8BFF2AC38C-LeaderElection10] INFO  server.RaftServerConfigKeys (ConfUtils.java:logGet(46)) - raft.server.log.appender.wait-time.min = 10ms (default)
2023-02-09 08:26:12,545 [s1@group-5D8BFF2AC38C-LeaderElection10] INFO  server.RaftServerConfigKeys (ConfUtils.java:logGet(46)) - raft.server.log.appender.snapshot.chunk.size.max = 16MB (=16777216) (default)
2023-02-09 08:26:12,545 [s1@group-5D8BFF2AC38C-LeaderElection10] INFO  server.RaftServerConfigKeys (ConfUtils.java:logGet(46)) - raft.server.log.appender.buffer.byte-limit = 4MB (=4194304) (default)
2023-02-09 08:26:12,545 [s1@group-5D8BFF2AC38C-LeaderElection10] INFO  server.RaftServerConfigKeys (ConfUtils.java:logGet(46)) - raft.server.log.appender.buffer.element-limit = 0 (default)
2023-02-09 08:26:12,545 [s1@group-5D8BFF2AC38C-LeaderElection10] INFO  grpc.GrpcConfigKeys (ConfUtils.java:logGet(46)) - raft.grpc.server.leader.outstanding.appends.max = 128 (default)
2023-02-09 08:26:12,545 [s1@group-5D8BFF2AC38C-LeaderElection10] INFO  server.RaftServerConfigKeys (ConfUtils.java:logGet(46)) - raft.server.rpc.request.timeout = 3000ms (default)
2023-02-09 08:26:12,545 [s1@group-5D8BFF2AC38C-LeaderElection10] INFO  server.RaftServerConfigKeys (ConfUtils.java:logGet(46)) - raft.server.log.appender.install.snapshot.enabled = false (custom)
2023-02-09 08:26:12,545 [s1@group-5D8BFF2AC38C-LeaderElection10] INFO  grpc.GrpcConfigKeys (ConfUtils.java:logGet(46)) - raft.grpc.server.heartbeat.channel = true (default)
2023-02-09 08:26:12,545 [s1@group-5D8BFF2AC38C-LeaderElection10] INFO  server.RaftServerConfigKeys (ConfUtils.java:logGet(46)) - raft.server.log.appender.wait-time.min = 10ms (default)
2023-02-09 08:26:12,545 [s1@group-5D8BFF2AC38C-LeaderElection10] INFO  impl.RoleInfo (RoleInfo.java:updateAndGet(139)) - s1: start s1@group-5D8BFF2AC38C-LeaderStateImpl
2023-02-09 08:26:12,546 [s1@group-5D8BFF2AC38C-LeaderElection10] DEBUG raftlog.RaftLog (SegmentedRaftLog.java:appendImpl(446)) - truncateIndex=-1, arrayIndex=0
2023-02-09 08:26:12,546 [s1@group-5D8BFF2AC38C-LeaderElection10] INFO  segmented.SegmentedRaftLogWorker (SegmentedRaftLogWorker.java:rollLogSegment(436)) - s1@group-5D8BFF2AC38C-SegmentedRaftLogWorker: Rolling segment log-79_82 to index:82
2023-02-09 08:26:12,546 [s1@group-5D8BFF2AC38C-SegmentedRaftLogWorker] TRACE util.FileUtils (LogUtils.java:runAndLog(49)) - Successfully ran Atomic Files.move /home/runner/work/ratis/ratis/ratis-test/target/test/data/ca75353f/MiniRaftClusterWithGrpc52e54005/s1/d26acf42-c6a3-40ef-b2da-5d8bff2ac38c/current/log_inprogress_79 to /home/runner/work/ratis/ratis/ratis-test/target/test/data/ca75353f/MiniRaftClusterWithGrpc52e54005/s1/d26acf42-c6a3-40ef-b2da-5d8bff2ac38c/current/log_79-82
2023-02-09 08:26:12,546 [s1@group-5D8BFF2AC38C-SegmentedRaftLogWorker] INFO  segmented.SegmentedRaftLogWorker (SegmentedRaftLogWorker.java:execute(592)) - s1@group-5D8BFF2AC38C-SegmentedRaftLogWorker: Rolled log segment from /home/runner/work/ratis/ratis/ratis-test/target/test/data/ca75353f/MiniRaftClusterWithGrpc52e54005/s1/d26acf42-c6a3-40ef-b2da-5d8bff2ac38c/current/log_inprogress_79 to /home/runner/work/ratis/ratis/ratis-test/target/test/data/ca75353f/MiniRaftClusterWithGrpc52e54005/s1/d26acf42-c6a3-40ef-b2da-5d8bff2ac38c/current/log_79-82
2023-02-09 08:26:12,547 [s1@group-5D8BFF2AC38C-SegmentedRaftLogWorker] INFO  segmented.SegmentedRaftLogWorker (SegmentedRaftLogWorker.java:execute(635)) - s1@group-5D8BFF2AC38C-SegmentedRaftLogWorker: created new log segment /home/runner/work/ratis/ratis/ratis-test/target/test/data/ca75353f/MiniRaftClusterWithGrpc52e54005/s1/d26acf42-c6a3-40ef-b2da-5d8bff2ac38c/current/log_inprogress_83
2023-02-09 08:26:12,551 [s1@group-5D8BFF2AC38C-LeaderElection10] INFO  server.RaftServer$Division (ServerState.java:setRaftConf(378)) - s1@group-5D8BFF2AC38C: set configuration 83: peers:[s0|rpc:localhost:42371|admin:localhost:36531|client:localhost:36379|dataStream:localhost:43129|priority:0|startupRole:FOLLOWER, s1|rpc:localhost:35679|admin:localhost:44855|client:localhost:41371|dataStream:localhost:42433|priority:0|startupRole:FOLLOWER, s2|rpc:localhost:39787|admin:localhost:44467|client:localhost:41113|dataStream:localhost:33651|priority:0|startupRole:FOLLOWER]|listeners:[], old=null
2023-02-09 08:26:12,554 [s2-server-thread4] INFO  server.RaftServer$Division (ServerState.java:setLeader(260)) - s2@group-5D8BFF2AC38C: change Leader from null to s1 at term 2 for appendEntries, leader elected after 18ms
2023-02-09 08:26:12,557 [grpc-default-executor-3] WARN  server.GrpcServerProtocolService (LogUtils.java:warn(124)) - s0: Failed APPEND_ENTRIES request s1->s0#1-t2,previous=(t:1, i:82),leaderCommit=80,initializing? true,entries: size=1, first=(t:2, i:83), CONFIGURATIONENTRY(current:id: "s0"
address: "localhost:42371"
dataStreamAddress: "localhost:43129"
clientAddress: "localhost:36379"
adminAddress: "localhost:36531"
startupRole: FOLLOWER
,id: "s1"
address: "localhost:35679"
dataStreamAddress: "localhost:42433"
clientAddress: "localhost:41371"
adminAddress: "localhost:44855"
startupRole: FOLLOWER
,id: "s2"
address: "localhost:39787"
dataStreamAddress: "localhost:33651"
clientAddress: "localhost:41113"
adminAddress: "localhost:44467"
startupRole: FOLLOWER
, old:)
java.util.concurrent.CompletionException: java.util.concurrent.RejectedExecutionException: Task java.util.concurrent.CompletableFuture$AsyncSupply@1f8e006a rejected from java.util.concurrent.ThreadPoolExecutor@4ecb30e4[Terminated, pool size = 0, active threads = 0, queued tasks = 0, completed tasks = 0]
	at java.base/java.util.concurrent.CompletableFuture.encodeThrowable(CompletableFuture.java:314)
	at java.base/java.util.concurrent.CompletableFuture.uniComposeStage(CompletableFuture.java:1113)
	at java.base/java.util.concurrent.CompletableFuture.thenCompose(CompletableFuture.java:2235)
	at org.apache.ratis.server.impl.RaftServerProxy.appendEntriesAsync(RaftServerProxy.java:634)
	at org.apache.ratis.grpc.server.GrpcServerProtocolService$1.process(GrpcServerProtocolService.java:219)
	at org.apache.ratis.grpc.server.GrpcServerProtocolService$1.process(GrpcServerProtocolService.java:216)
	at org.apache.ratis.grpc.server.GrpcServerProtocolService$ServerRequestStreamObserver.onNext(GrpcServerProtocolService.java:124)
	at org.apache.ratis.thirdparty.io.grpc.stub.ServerCalls$StreamingServerCallHandler$StreamingServerCallListener.onMessage(ServerCalls.java:262)
	at org.apache.ratis.thirdparty.io.grpc.ForwardingServerCallListener.onMessage(ForwardingServerCallListener.java:33)
	at org.apache.ratis.thirdparty.io.grpc.internal.ServerCallImpl$ServerStreamListenerImpl.messagesAvailableInternal(ServerCallImpl.java:332)
	at org.apache.ratis.thirdparty.io.grpc.internal.ServerCallImpl$ServerStreamListenerImpl.messagesAvailable(ServerCallImpl.java:315)
	at org.apache.ratis.thirdparty.io.grpc.internal.ServerImpl$JumpToApplicationThreadServerStreamListener$1MessagesAvailable.runInContext(ServerImpl.java:834)
	at org.apache.ratis.thirdparty.io.grpc.internal.ContextRunnable.run(ContextRunnable.java:37)
	at org.apache.ratis.thirdparty.io.grpc.internal.SerializingExecutor.run(SerializingExecutor.java:133)
	at java.base/java.util.concurrent.ThreadPoolExecutor.runWorker(ThreadPoolExecutor.java:1128)
	at java.base/java.util.concurrent.ThreadPoolExecutor$Worker.run(ThreadPoolExecutor.java:628)
	at java.base/java.lang.Thread.run(Thread.java:829)
Caused by: java.util.concurrent.RejectedExecutionException: Task java.util.concurrent.CompletableFuture$AsyncSupply@1f8e006a rejected from java.util.concurrent.ThreadPoolExecutor@4ecb30e4[Terminated, pool size = 0, active threads = 0, queued tasks = 0, completed tasks = 0]
	at java.base/java.util.concurrent.ThreadPoolExecutor$AbortPolicy.rejectedExecution(ThreadPoolExecutor.java:2055)
	at java.base/java.util.concurrent.ThreadPoolExecutor.reject(ThreadPoolExecutor.java:825)
	at java.base/java.util.concurrent.ThreadPoolExecutor.execute(ThreadPoolExecutor.java:1355)
	at java.base/java.util.concurrent.CompletableFuture.asyncSupplyStage(CompletableFuture.java:1714)
	at java.base/java.util.concurrent.CompletableFuture.supplyAsync(CompletableFuture.java:1931)
	at org.apache.ratis.server.impl.RaftServerImpl.executeSubmitServerRequestAsync(RaftServerImpl.java:817)
	at org.apache.ratis.server.impl.RaftServerProxy.lambda$appendEntriesAsync$27(RaftServerProxy.java:634)
	at java.base/java.util.concurrent.CompletableFuture.uniComposeStage(CompletableFuture.java:1106)
	... 15 more
2023-02-09 08:26:12,564 [grpc-default-executor-2] WARN  server.GrpcLogAppender (LogUtils.java:warn(124)) - s1@group-5D8BFF2AC38C->s0-AppendLogResponseHandler: Failed appendEntries
java.util.concurrent.RejectedExecutionException: Task java.util.concurrent.CompletableFuture$AsyncSupply@1f8e006a rejected from java.util.concurrent.ThreadPoolExecutor@4ecb30e4[Terminated, pool size = 0, active threads = 0, queued tasks = 0, completed tasks = 0]
	at java.base/java.util.concurrent.ThreadPoolExecutor$AbortPolicy.rejectedExecution(ThreadPoolExecutor.java:2055)
	at java.base/java.util.concurrent.ThreadPoolExecutor.reject(ThreadPoolExecutor.java:825)
	at java.base/java.util.concurrent.ThreadPoolExecutor.execute(ThreadPoolExecutor.java:1355)
	at java.base/java.util.concurrent.CompletableFuture.asyncSupplyStage(CompletableFuture.java:1714)
	at java.base/java.util.concurrent.CompletableFuture.supplyAsync(CompletableFuture.java:1931)
	at org.apache.ratis.server.impl.RaftServerImpl.executeSubmitServerRequestAsync(RaftServerImpl.java:817)
	at org.apache.ratis.server.impl.RaftServerProxy.lambda$appendEntriesAsync$27(RaftServerProxy.java:634)
	at java.base/java.util.concurrent.CompletableFuture.uniComposeStage(CompletableFuture.java:1106)
	at java.base/java.util.concurrent.CompletableFuture.thenCompose(CompletableFuture.java:2235)
	at org.apache.ratis.server.impl.RaftServerProxy.appendEntriesAsync(RaftServerProxy.java:634)
	at org.apache.ratis.grpc.server.GrpcServerProtocolService$1.process(GrpcServerProtocolService.java:219)
	at org.apache.ratis.grpc.server.GrpcServerProtocolService$1.process(GrpcServerProtocolService.java:216)
	at org.apache.ratis.grpc.server.GrpcServerProtocolService$ServerRequestStreamObserver.onNext(GrpcServerProtocolService.java:124)
	at org.apache.ratis.thirdparty.io.grpc.stub.ServerCalls$StreamingServerCallHandler$StreamingServerCallListener.onMessage(ServerCalls.java:262)
	at org.apache.ratis.thirdparty.io.grpc.ForwardingServerCallListener.onMessage(ForwardingServerCallListener.java:33)
	at org.apache.ratis.thirdparty.io.grpc.internal.ServerCallImpl$ServerStreamListenerImpl.messagesAvailableInternal(ServerCallImpl.java:332)
	at org.apache.ratis.thirdparty.io.grpc.internal.ServerCallImpl$ServerStreamListenerImpl.messagesAvailable(ServerCallImpl.java:315)
	at org.apache.ratis.thirdparty.io.grpc.internal.ServerImpl$JumpToApplicationThreadServerStreamListener$1MessagesAvailable.runInContext(ServerImpl.java:834)
	at org.apache.ratis.thirdparty.io.grpc.internal.ContextRunnable.run(ContextRunnable.java:37)
	at org.apache.ratis.thirdparty.io.grpc.internal.SerializingExecutor.run(SerializingExecutor.java:133)
	at java.base/java.util.concurrent.ThreadPoolExecutor.runWorker(ThreadPoolExecutor.java:1128)
	at java.base/java.util.concurrent.ThreadPoolExecutor$Worker.run(ThreadPoolExecutor.java:628)
	at java.base/java.lang.Thread.run(Thread.java:829)
2023-02-09 08:26:12,564 [grpc-default-executor-2] INFO  leader.FollowerInfo (FollowerInfoImpl.java:lambda$new$0(52)) - s1@group-5D8BFF2AC38C->s0: nextIndex: updateUnconditionally 84 -> 83
2023-02-09 08:26:12,567 [s2-server-thread1] INFO  server.RaftServer$Division (ServerState.java:setRaftConf(378)) - s2@group-5D8BFF2AC38C: set configuration 83: peers:[s0|rpc:localhost:42371|admin:localhost:36531|client:localhost:36379|dataStream:localhost:43129|priority:0|startupRole:FOLLOWER, s1|rpc:localhost:35679|admin:localhost:44855|client:localhost:41371|dataStream:localhost:42433|priority:0|startupRole:FOLLOWER, s2|rpc:localhost:39787|admin:localhost:44467|client:localhost:41113|dataStream:localhost:33651|priority:0|startupRole:FOLLOWER]|listeners:[], old=null
2023-02-09 08:26:12,567 [s2-server-thread1] DEBUG raftlog.RaftLog (SegmentedRaftLog.java:appendImpl(446)) - truncateIndex=-1, arrayIndex=0
2023-02-09 08:26:12,567 [s2-server-thread1] INFO  segmented.SegmentedRaftLogWorker (SegmentedRaftLogWorker.java:rollLogSegment(436)) - s2@group-5D8BFF2AC38C-SegmentedRaftLogWorker: Rolling segment log-79_82 to index:82
2023-02-09 08:26:12,568 [s2@group-5D8BFF2AC38C-SegmentedRaftLogWorker] TRACE util.FileUtils (LogUtils.java:runAndLog(49)) - Successfully ran Atomic Files.move /home/runner/work/ratis/ratis/ratis-test/target/test/data/ca75353f/MiniRaftClusterWithGrpc52e54005/s2/d26acf42-c6a3-40ef-b2da-5d8bff2ac38c/current/log_inprogress_79 to /home/runner/work/ratis/ratis/ratis-test/target/test/data/ca75353f/MiniRaftClusterWithGrpc52e54005/s2/d26acf42-c6a3-40ef-b2da-5d8bff2ac38c/current/log_79-82
2023-02-09 08:26:12,568 [s2@group-5D8BFF2AC38C-SegmentedRaftLogWorker] INFO  segmented.SegmentedRaftLogWorker (SegmentedRaftLogWorker.java:execute(592)) - s2@group-5D8BFF2AC38C-SegmentedRaftLogWorker: Rolled log segment from /home/runner/work/ratis/ratis/ratis-test/target/test/data/ca75353f/MiniRaftClusterWithGrpc52e54005/s2/d26acf42-c6a3-40ef-b2da-5d8bff2ac38c/current/log_inprogress_79 to /home/runner/work/ratis/ratis/ratis-test/target/test/data/ca75353f/MiniRaftClusterWithGrpc52e54005/s2/d26acf42-c6a3-40ef-b2da-5d8bff2ac38c/current/log_79-82
2023-02-09 08:26:12,569 [s2@group-5D8BFF2AC38C-SegmentedRaftLogWorker] INFO  segmented.SegmentedRaftLogWorker (SegmentedRaftLogWorker.java:execute(635)) - s2@group-5D8BFF2AC38C-SegmentedRaftLogWorker: created new log segment /home/runner/work/ratis/ratis/ratis-test/target/test/data/ca75353f/MiniRaftClusterWithGrpc52e54005/s2/d26acf42-c6a3-40ef-b2da-5d8bff2ac38c/current/log_inprogress_83
2023-02-09 08:26:12,571 [grpc-default-executor-2] WARN  server.GrpcServerProtocolService (LogUtils.java:warn(124)) - s0: Failed APPEND_ENTRIES request s1->s0#2-t2,previous=(t:1, i:82),leaderCommit=83,initializing? true,entries: size=2, first=(t:2, i:83), CONFIGURATIONENTRY(current:id: "s0"
address: "localhost:42371"
dataStreamAddress: "localhost:43129"
clientAddress: "localhost:36379"
adminAddress: "localhost:36531"
startupRole: FOLLOWER
,id: "s1"
address: "localhost:35679"
dataStreamAddress: "localhost:42433"
clientAddress: "localhost:41371"
adminAddress: "localhost:44855"
startupRole: FOLLOWER
,id: "s2"
address: "localhost:39787"
dataStreamAddress: "localhost:33651"
clientAddress: "localhost:41113"
adminAddress: "localhost:44467"
startupRole: FOLLOWER
, old:)
java.util.concurrent.CompletionException: java.util.concurrent.RejectedExecutionException: Task java.util.concurrent.CompletableFuture$AsyncSupply@1ffc96b8 rejected from java.util.concurrent.ThreadPoolExecutor@4ecb30e4[Terminated, pool size = 0, active threads = 0, queued tasks = 0, completed tasks = 0]
	at java.base/java.util.concurrent.CompletableFuture.encodeThrowable(CompletableFuture.java:314)
	at java.base/java.util.concurrent.CompletableFuture.uniComposeStage(CompletableFuture.java:1113)
	at java.base/java.util.concurrent.CompletableFuture.thenCompose(CompletableFuture.java:2235)
	at org.apache.ratis.server.impl.RaftServerProxy.appendEntriesAsync(RaftServerProxy.java:634)
	at org.apache.ratis.grpc.server.GrpcServerProtocolService$1.process(GrpcServerProtocolService.java:219)
	at org.apache.ratis.grpc.server.GrpcServerProtocolService$1.process(GrpcServerProtocolService.java:216)
	at org.apache.ratis.grpc.server.GrpcServerProtocolService$ServerRequestStreamObserver.onNext(GrpcServerProtocolService.java:124)
	at org.apache.ratis.thirdparty.io.grpc.stub.ServerCalls$StreamingServerCallHandler$StreamingServerCallListener.onMessage(ServerCalls.java:262)
	at org.apache.ratis.thirdparty.io.grpc.ForwardingServerCallListener.onMessage(ForwardingServerCallListener.java:33)
	at org.apache.ratis.thirdparty.io.grpc.internal.ServerCallImpl$ServerStreamListenerImpl.messagesAvailableInternal(ServerCallImpl.java:332)
	at org.apache.ratis.thirdparty.io.grpc.internal.ServerCallImpl$ServerStreamListenerImpl.messagesAvailable(ServerCallImpl.java:315)
	at org.apache.ratis.thirdparty.io.grpc.internal.ServerImpl$JumpToApplicationThreadServerStreamListener$1MessagesAvailable.runInContext(ServerImpl.java:834)
	at org.apache.ratis.thirdparty.io.grpc.internal.ContextRunnable.run(ContextRunnable.java:37)
	at org.apache.ratis.thirdparty.io.grpc.internal.SerializingExecutor.run(SerializingExecutor.java:133)
	at java.base/java.util.concurrent.ThreadPoolExecutor.runWorker(ThreadPoolExecutor.java:1128)
	at java.base/java.util.concurrent.ThreadPoolExecutor$Worker.run(ThreadPoolExecutor.java:628)
	at java.base/java.lang.Thread.run(Thread.java:829)
Caused by: java.util.concurrent.RejectedExecutionException: Task java.util.concurrent.CompletableFuture$AsyncSupply@1ffc96b8 rejected from java.util.concurrent.ThreadPoolExecutor@4ecb30e4[Terminated, pool size = 0, active threads = 0, queued tasks = 0, completed tasks = 0]
	at java.base/java.util.concurrent.ThreadPoolExecutor$AbortPolicy.rejectedExecution(ThreadPoolExecutor.java:2055)
	at java.base/java.util.concurrent.ThreadPoolExecutor.reject(ThreadPoolExecutor.java:825)
	at java.base/java.util.concurrent.ThreadPoolExecutor.execute(ThreadPoolExecutor.java:1355)
	at java.base/java.util.concurrent.CompletableFuture.asyncSupplyStage(CompletableFuture.java:1714)
	at java.base/java.util.concurrent.CompletableFuture.supplyAsync(CompletableFuture.java:1931)
	at org.apache.ratis.server.impl.RaftServerImpl.executeSubmitServerRequestAsync(RaftServerImpl.java:817)
	at org.apache.ratis.server.impl.RaftServerProxy.lambda$appendEntriesAsync$27(RaftServerProxy.java:634)
	at java.base/java.util.concurrent.CompletableFuture.uniComposeStage(CompletableFuture.java:1106)
	... 15 more
2023-02-09 08:26:12,575 [grpc-default-executor-3] WARN  server.GrpcLogAppender (LogUtils.java:warn(124)) - s1@group-5D8BFF2AC38C->s0-AppendLogResponseHandler: Failed appendEntries
java.util.concurrent.RejectedExecutionException: Task java.util.concurrent.CompletableFuture$AsyncSupply@1ffc96b8 rejected from java.util.concurrent.ThreadPoolExecutor@4ecb30e4[Terminated, pool size = 0, active threads = 0, queued tasks = 0, completed tasks = 0]
	at java.base/java.util.concurrent.ThreadPoolExecutor$AbortPolicy.rejectedExecution(ThreadPoolExecutor.java:2055)
	at java.base/java.util.concurrent.ThreadPoolExecutor.reject(ThreadPoolExecutor.java:825)
	at java.base/java.util.concurrent.ThreadPoolExecutor.execute(ThreadPoolExecutor.java:1355)
	at java.base/java.util.concurrent.CompletableFuture.asyncSupplyStage(CompletableFuture.java:1714)
	at java.base/java.util.concurrent.CompletableFuture.supplyAsync(CompletableFuture.java:1931)
	at org.apache.ratis.server.impl.RaftServerImpl.executeSubmitServerRequestAsync(RaftServerImpl.java:817)
	at org.apache.ratis.server.impl.RaftServerProxy.lambda$appendEntriesAsync$27(RaftServerProxy.java:634)
	at java.base/java.util.concurrent.CompletableFuture.uniComposeStage(CompletableFuture.java:1106)
	at java.base/java.util.concurrent.CompletableFuture.thenCompose(CompletableFuture.java:2235)
	at org.apache.ratis.server.impl.RaftServerProxy.appendEntriesAsync(RaftServerProxy.java:634)
	at org.apache.ratis.grpc.server.GrpcServerProtocolService$1.process(GrpcServerProtocolService.java:219)
	at org.apache.ratis.grpc.server.GrpcServerProtocolService$1.process(GrpcServerProtocolService.java:216)
	at org.apache.ratis.grpc.server.GrpcServerProtocolService$ServerRequestStreamObserver.onNext(GrpcServerProtocolService.java:124)
	at org.apache.ratis.thirdparty.io.grpc.stub.ServerCalls$StreamingServerCallHandler$StreamingServerCallListener.onMessage(ServerCalls.java:262)
	at org.apache.ratis.thirdparty.io.grpc.ForwardingServerCallListener.onMessage(ForwardingServerCallListener.java:33)
	at org.apache.ratis.thirdparty.io.grpc.internal.ServerCallImpl$ServerStreamListenerImpl.messagesAvailableInternal(ServerCallImpl.java:332)
	at org.apache.ratis.thirdparty.io.grpc.internal.ServerCallImpl$ServerStreamListenerImpl.messagesAvailable(ServerCallImpl.java:315)
	at org.apache.ratis.thirdparty.io.grpc.internal.ServerImpl$JumpToApplicationThreadServerStreamListener$1MessagesAvailable.runInContext(ServerImpl.java:834)
	at org.apache.ratis.thirdparty.io.grpc.internal.ContextRunnable.run(ContextRunnable.java:37)
	at org.apache.ratis.thirdparty.io.grpc.internal.SerializingExecutor.run(SerializingExecutor.java:133)
	at java.base/java.util.concurrent.ThreadPoolExecutor.runWorker(ThreadPoolExecutor.java:1128)
	at java.base/java.util.concurrent.ThreadPoolExecutor$Worker.run(ThreadPoolExecutor.java:628)
	at java.base/java.lang.Thread.run(Thread.java:829)
2023-02-09 08:26:12,576 [grpc-default-executor-3] INFO  leader.FollowerInfo (FollowerInfoImpl.java:lambda$new$0(52)) - s1@group-5D8BFF2AC38C->s0: nextIndex: updateUnconditionally 85 -> 83
2023-02-09 08:26:12,577 [s2-server-thread1] DEBUG raftlog.RaftLog (SegmentedRaftLog.java:appendImpl(446)) - truncateIndex=-1, arrayIndex=0
2023-02-09 08:26:12,579 [grpc-default-executor-3] WARN  server.GrpcServerProtocolService (LogUtils.java:warn(124)) - s0: Failed APPEND_ENTRIES request s1->s0#3-t2,previous=(t:1, i:82),leaderCommit=84,initializing? true,entries: size=2, first=(t:2, i:83), CONFIGURATIONENTRY(current:id: "s0"
address: "localhost:42371"
dataStreamAddress: "localhost:43129"
clientAddress: "localhost:36379"
adminAddress: "localhost:36531"
startupRole: FOLLOWER
,id: "s1"
address: "localhost:35679"
dataStreamAddress: "localhost:42433"
clientAddress: "localhost:41371"
adminAddress: "localhost:44855"
startupRole: FOLLOWER
,id: "s2"
address: "localhost:39787"
dataStreamAddress: "localhost:33651"
clientAddress: "localhost:41113"
adminAddress: "localhost:44467"
startupRole: FOLLOWER
, old:)
java.util.concurrent.CompletionException: java.util.concurrent.RejectedExecutionException: Task java.util.concurrent.CompletableFuture$AsyncSupply@722c14d8 rejected from java.util.concurrent.ThreadPoolExecutor@4ecb30e4[Terminated, pool size = 0, active threads = 0, queued tasks = 0, completed tasks = 0]
	at java.base/java.util.concurrent.CompletableFuture.encodeThrowable(CompletableFuture.java:314)
	at java.base/java.util.concurrent.CompletableFuture.uniComposeStage(CompletableFuture.java:1113)
	at java.base/java.util.concurrent.CompletableFuture.thenCompose(CompletableFuture.java:2235)
	at org.apache.ratis.server.impl.RaftServerProxy.appendEntriesAsync(RaftServerProxy.java:634)
	at org.apache.ratis.grpc.server.GrpcServerProtocolService$1.process(GrpcServerProtocolService.java:219)
	at org.apache.ratis.grpc.server.GrpcServerProtocolService$1.process(GrpcServerProtocolService.java:216)
	at org.apache.ratis.grpc.server.GrpcServerProtocolService$ServerRequestStreamObserver.onNext(GrpcServerProtocolService.java:124)
	at org.apache.ratis.thirdparty.io.grpc.stub.ServerCalls$StreamingServerCallHandler$StreamingServerCallListener.onMessage(ServerCalls.java:262)
	at org.apache.ratis.thirdparty.io.grpc.ForwardingServerCallListener.onMessage(ForwardingServerCallListener.java:33)
	at org.apache.ratis.thirdparty.io.grpc.internal.ServerCallImpl$ServerStreamListenerImpl.messagesAvailableInternal(ServerCallImpl.java:332)
	at org.apache.ratis.thirdparty.io.grpc.internal.ServerCallImpl$ServerStreamListenerImpl.messagesAvailable(ServerCallImpl.java:315)
	at org.apache.ratis.thirdparty.io.grpc.internal.ServerImpl$JumpToApplicationThreadServerStreamListener$1MessagesAvailable.runInContext(ServerImpl.java:834)
	at org.apache.ratis.thirdparty.io.grpc.internal.ContextRunnable.run(ContextRunnable.java:37)
	at org.apache.ratis.thirdparty.io.grpc.internal.SerializingExecutor.run(SerializingExecutor.java:133)
	at java.base/java.util.concurrent.ThreadPoolExecutor.runWorker(ThreadPoolExecutor.java:1128)
	at java.base/java.util.concurrent.ThreadPoolExecutor$Worker.run(ThreadPoolExecutor.java:628)
	at java.base/java.lang.Thread.run(Thread.java:829)
Caused by: java.util.concurrent.RejectedExecutionException: Task java.util.concurrent.CompletableFuture$AsyncSupply@722c14d8 rejected from java.util.concurrent.ThreadPoolExecutor@4ecb30e4[Terminated, pool size = 0, active threads = 0, queued tasks = 0, completed tasks = 0]
	at java.base/java.util.concurrent.ThreadPoolExecutor$AbortPolicy.rejectedExecution(ThreadPoolExecutor.java:2055)
	at java.base/java.util.concurrent.ThreadPoolExecutor.reject(ThreadPoolExecutor.java:825)
	at java.base/java.util.concurrent.ThreadPoolExecutor.execute(ThreadPoolExecutor.java:1355)
	at java.base/java.util.concurrent.CompletableFuture.asyncSupplyStage(CompletableFuture.java:1714)
	at java.base/java.util.concurrent.CompletableFuture.supplyAsync(CompletableFuture.java:1931)
	at org.apache.ratis.server.impl.RaftServerImpl.executeSubmitServerRequestAsync(RaftServerImpl.java:817)
	at org.apache.ratis.server.impl.RaftServerProxy.lambda$appendEntriesAsync$27(RaftServerProxy.java:634)
	at java.base/java.util.concurrent.CompletableFuture.uniComposeStage(CompletableFuture.java:1106)
	... 15 more
2023-02-09 08:26:12,583 [grpc-default-executor-2] WARN  server.GrpcLogAppender (LogUtils.java:warn(124)) - s1@group-5D8BFF2AC38C->s0-AppendLogResponseHandler: Failed appendEntries
java.util.concurrent.RejectedExecutionException: Task java.util.concurrent.CompletableFuture$AsyncSupply@722c14d8 rejected from java.util.concurrent.ThreadPoolExecutor@4ecb30e4[Terminated, pool size = 0, active threads = 0, queued tasks = 0, completed tasks = 0]
	at java.base/java.util.concurrent.ThreadPoolExecutor$AbortPolicy.rejectedExecution(ThreadPoolExecutor.java:2055)
	at java.base/java.util.concurrent.ThreadPoolExecutor.reject(ThreadPoolExecutor.java:825)
	at java.base/java.util.concurrent.ThreadPoolExecutor.execute(ThreadPoolExecutor.java:1355)
	at java.base/java.util.concurrent.CompletableFuture.asyncSupplyStage(CompletableFuture.java:1714)
	at java.base/java.util.concurrent.CompletableFuture.supplyAsync(CompletableFuture.java:1931)
	at org.apache.ratis.server.impl.RaftServerImpl.executeSubmitServerRequestAsync(RaftServerImpl.java:817)
	at org.apache.ratis.server.impl.RaftServerProxy.lambda$appendEntriesAsync$27(RaftServerProxy.java:634)
	at java.base/java.util.concurrent.CompletableFuture.uniComposeStage(CompletableFuture.java:1106)
	at java.base/java.util.concurrent.CompletableFuture.thenCompose(CompletableFuture.java:2235)
	at org.apache.ratis.server.impl.RaftServerProxy.appendEntriesAsync(RaftServerProxy.java:634)
	at org.apache.ratis.grpc.server.GrpcServerProtocolService$1.process(GrpcServerProtocolService.java:219)
	at org.apache.ratis.grpc.server.GrpcServerProtocolService$1.process(GrpcServerProtocolService.java:216)
	at org.apache.ratis.grpc.server.GrpcServerProtocolService$ServerRequestStreamObserver.onNext(GrpcServerProtocolService.java:124)
	at org.apache.ratis.thirdparty.io.grpc.stub.ServerCalls$StreamingServerCallHandler$StreamingServerCallListener.onMessage(ServerCalls.java:262)
	at org.apache.ratis.thirdparty.io.grpc.ForwardingServerCallListener.onMessage(ForwardingServerCallListener.java:33)
	at org.apache.ratis.thirdparty.io.grpc.internal.ServerCallImpl$ServerStreamListenerImpl.messagesAvailableInternal(ServerCallImpl.java:332)
	at org.apache.ratis.thirdparty.io.grpc.internal.ServerCallImpl$ServerStreamListenerImpl.messagesAvailable(ServerCallImpl.java:315)
	at org.apache.ratis.thirdparty.io.grpc.internal.ServerImpl$JumpToApplicationThreadServerStreamListener$1MessagesAvailable.runInContext(ServerImpl.java:834)
	at org.apache.ratis.thirdparty.io.grpc.internal.ContextRunnable.run(ContextRunnable.java:37)
	at org.apache.ratis.thirdparty.io.grpc.internal.SerializingExecutor.run(SerializingExecutor.java:133)
	at java.base/java.util.concurrent.ThreadPoolExecutor.runWorker(ThreadPoolExecutor.java:1128)
	at java.base/java.util.concurrent.ThreadPoolExecutor$Worker.run(ThreadPoolExecutor.java:628)
	at java.base/java.lang.Thread.run(Thread.java:829)
2023-02-09 08:26:12,583 [grpc-default-executor-2] INFO  leader.FollowerInfo (FollowerInfoImpl.java:lambda$new$0(52)) - s1@group-5D8BFF2AC38C->s0: nextIndex: updateUnconditionally 85 -> 83
2023-02-09 08:26:12,600 [grpc-default-executor-7] WARN  server.GrpcServerProtocolService (LogUtils.java:warn(124)) - s0: Failed APPEND_ENTRIES request s1->s0#5-t2,previous=(t:1, i:82),leaderCommit=84,initializing? true,entries: size=2, first=(t:2, i:83), CONFIGURATIONENTRY(current:id: "s0"
address: "localhost:42371"
dataStreamAddress: "localhost:43129"
clientAddress: "localhost:36379"
adminAddress: "localhost:36531"
startupRole: FOLLOWER
,id: "s1"
address: "localhost:35679"
dataStreamAddress: "localhost:42433"
clientAddress: "localhost:41371"
adminAddress: "localhost:44855"
startupRole: FOLLOWER
,id: "s2"
address: "localhost:39787"
dataStreamAddress: "localhost:33651"
clientAddress: "localhost:41113"
adminAddress: "localhost:44467"
startupRole: FOLLOWER
, old:)
java.util.concurrent.CompletionException: java.util.concurrent.RejectedExecutionException: Task java.util.concurrent.CompletableFuture$AsyncSupply@406aee77 rejected from java.util.concurrent.ThreadPoolExecutor@4ecb30e4[Terminated, pool size = 0, active threads = 0, queued tasks = 0, completed tasks = 0]
	at java.base/java.util.concurrent.CompletableFuture.encodeThrowable(CompletableFuture.java:314)
	at java.base/java.util.concurrent.CompletableFuture.uniComposeStage(CompletableFuture.java:1113)
	at java.base/java.util.concurrent.CompletableFuture.thenCompose(CompletableFuture.java:2235)
	at org.apache.ratis.server.impl.RaftServerProxy.appendEntriesAsync(RaftServerProxy.java:634)
	at org.apache.ratis.grpc.server.GrpcServerProtocolService$1.process(GrpcServerProtocolService.java:219)
	at org.apache.ratis.grpc.server.GrpcServerProtocolService$1.process(GrpcServerProtocolService.java:216)
	at org.apache.ratis.grpc.server.GrpcServerProtocolService$ServerRequestStreamObserver.onNext(GrpcServerProtocolService.java:124)
	at org.apache.ratis.thirdparty.io.grpc.stub.ServerCalls$StreamingServerCallHandler$StreamingServerCallListener.onMessage(ServerCalls.java:262)
	at org.apache.ratis.thirdparty.io.grpc.ForwardingServerCallListener.onMessage(ForwardingServerCallListener.java:33)
	at org.apache.ratis.thirdparty.io.grpc.internal.ServerCallImpl$ServerStreamListenerImpl.messagesAvailableInternal(ServerCallImpl.java:332)
	at org.apache.ratis.thirdparty.io.grpc.internal.ServerCallImpl$ServerStreamListenerImpl.messagesAvailable(ServerCallImpl.java:315)
	at org.apache.ratis.thirdparty.io.grpc.internal.ServerImpl$JumpToApplicationThreadServerStreamListener$1MessagesAvailable.runInContext(ServerImpl.java:834)
	at org.apache.ratis.thirdparty.io.grpc.internal.ContextRunnable.run(ContextRunnable.java:37)
	at org.apache.ratis.thirdparty.io.grpc.internal.SerializingExecutor.run(SerializingExecutor.java:133)
	at java.base/java.util.concurrent.ThreadPoolExecutor.runWorker(ThreadPoolExecutor.java:1128)
	at java.base/java.util.concurrent.ThreadPoolExecutor$Worker.run(ThreadPoolExecutor.java:628)
	at java.base/java.lang.Thread.run(Thread.java:829)
Caused by: java.util.concurrent.RejectedExecutionException: Task java.util.concurrent.CompletableFuture$AsyncSupply@406aee77 rejected from java.util.concurrent.ThreadPoolExecutor@4ecb30e4[Terminated, pool size = 0, active threads = 0, queued tasks = 0, completed tasks = 0]
	at java.base/java.util.concurrent.ThreadPoolExecutor$AbortPolicy.rejectedExecution(ThreadPoolExecutor.java:2055)
	at java.base/java.util.concurrent.ThreadPoolExecutor.reject(ThreadPoolExecutor.java:825)
	at java.base/java.util.concurrent.ThreadPoolExecutor.execute(ThreadPoolExecutor.java:1355)
	at java.base/java.util.concurrent.CompletableFuture.asyncSupplyStage(CompletableFuture.java:1714)
	at java.base/java.util.concurrent.CompletableFuture.supplyAsync(CompletableFuture.java:1931)
	at org.apache.ratis.server.impl.RaftServerImpl.executeSubmitServerRequestAsync(RaftServerImpl.java:817)
	at org.apache.ratis.server.impl.RaftServerProxy.lambda$appendEntriesAsync$27(RaftServerProxy.java:634)
	at java.base/java.util.concurrent.CompletableFuture.uniComposeStage(CompletableFuture.java:1106)
	... 15 more
2023-02-09 08:26:12,604 [grpc-default-executor-3] WARN  server.GrpcLogAppender (LogUtils.java:warn(124)) - s1@group-5D8BFF2AC38C->s0-AppendLogResponseHandler: Failed appendEntries
java.util.concurrent.RejectedExecutionException: Task java.util.concurrent.CompletableFuture$AsyncSupply@406aee77 rejected from java.util.concurrent.ThreadPoolExecutor@4ecb30e4[Terminated, pool size = 0, active threads = 0, queued tasks = 0, completed tasks = 0]
	at java.base/java.util.concurrent.ThreadPoolExecutor$AbortPolicy.rejectedExecution(ThreadPoolExecutor.java:2055)
	at java.base/java.util.concurrent.ThreadPoolExecutor.reject(ThreadPoolExecutor.java:825)
	at java.base/java.util.concurrent.ThreadPoolExecutor.execute(ThreadPoolExecutor.java:1355)
	at java.base/java.util.concurrent.CompletableFuture.asyncSupplyStage(CompletableFuture.java:1714)
	at java.base/java.util.concurrent.CompletableFuture.supplyAsync(CompletableFuture.java:1931)
	at org.apache.ratis.server.impl.RaftServerImpl.executeSubmitServerRequestAsync(RaftServerImpl.java:817)
	at org.apache.ratis.server.impl.RaftServerProxy.lambda$appendEntriesAsync$27(RaftServerProxy.java:634)
	at java.base/java.util.concurrent.CompletableFuture.uniComposeStage(CompletableFuture.java:1106)
	at java.base/java.util.concurrent.CompletableFuture.thenCompose(CompletableFuture.java:2235)
	at org.apache.ratis.server.impl.RaftServerProxy.appendEntriesAsync(RaftServerProxy.java:634)
	at org.apache.ratis.grpc.server.GrpcServerProtocolService$1.process(GrpcServerProtocolService.java:219)
	at org.apache.ratis.grpc.server.GrpcServerProtocolService$1.process(GrpcServerProtocolService.java:216)
	at org.apache.ratis.grpc.server.GrpcServerProtocolService$ServerRequestStreamObserver.onNext(GrpcServerProtocolService.java:124)
	at org.apache.ratis.thirdparty.io.grpc.stub.ServerCalls$StreamingServerCallHandler$StreamingServerCallListener.onMessage(ServerCalls.java:262)
	at org.apache.ratis.thirdparty.io.grpc.ForwardingServerCallListener.onMessage(ForwardingServerCallListener.java:33)
	at org.apache.ratis.thirdparty.io.grpc.internal.ServerCallImpl$ServerStreamListenerImpl.messagesAvailableInternal(ServerCallImpl.java:332)
	at org.apache.ratis.thirdparty.io.grpc.internal.ServerCallImpl$ServerStreamListenerImpl.messagesAvailable(ServerCallImpl.java:315)
	at org.apache.ratis.thirdparty.io.grpc.internal.ServerImpl$JumpToApplicationThreadServerStreamListener$1MessagesAvailable.runInContext(ServerImpl.java:834)
	at org.apache.ratis.thirdparty.io.grpc.internal.ContextRunnable.run(ContextRunnable.java:37)
	at org.apache.ratis.thirdparty.io.grpc.internal.SerializingExecutor.run(SerializingExecutor.java:133)
	at java.base/java.util.concurrent.ThreadPoolExecutor.runWorker(ThreadPoolExecutor.java:1128)
	at java.base/java.util.concurrent.ThreadPoolExecutor$Worker.run(ThreadPoolExecutor.java:628)
	at java.base/java.lang.Thread.run(Thread.java:829)
2023-02-09 08:26:12,604 [grpc-default-executor-3] INFO  leader.FollowerInfo (FollowerInfoImpl.java:lambda$new$0(52)) - s1@group-5D8BFF2AC38C->s0: nextIndex: updateUnconditionally 85 -> 83
2023-02-09 08:26:12,637 [grpc-default-executor-3] WARN  server.GrpcServerProtocolService (LogUtils.java:warn(124)) - s0: Failed APPEND_ENTRIES request s1->s0#7-t2,previous=(t:1, i:82),leaderCommit=84,initializing? true,entries: size=2, first=(t:2, i:83), CONFIGURATIONENTRY(current:id: "s0"
address: "localhost:42371"
dataStreamAddress: "localhost:43129"
clientAddress: "localhost:36379"
adminAddress: "localhost:36531"
startupRole: FOLLOWER
,id: "s1"
address: "localhost:35679"
dataStreamAddress: "localhost:42433"
clientAddress: "localhost:41371"
adminAddress: "localhost:44855"
startupRole: FOLLOWER
,id: "s2"
address: "localhost:39787"
dataStreamAddress: "localhost:33651"
clientAddress: "localhost:41113"
adminAddress: "localhost:44467"
startupRole: FOLLOWER
, old:)
java.util.concurrent.CompletionException: java.util.concurrent.RejectedExecutionException: Task java.util.concurrent.CompletableFuture$AsyncSupply@65acaf09 rejected from java.util.concurrent.ThreadPoolExecutor@4ecb30e4[Terminated, pool size = 0, active threads = 0, queued tasks = 0, completed tasks = 0]
	at java.base/java.util.concurrent.CompletableFuture.encodeThrowable(CompletableFuture.java:314)
	at java.base/java.util.concurrent.CompletableFuture.uniComposeStage(CompletableFuture.java:1113)
	at java.base/java.util.concurrent.CompletableFuture.thenCompose(CompletableFuture.java:2235)
	at org.apache.ratis.server.impl.RaftServerProxy.appendEntriesAsync(RaftServerProxy.java:634)
	at org.apache.ratis.grpc.server.GrpcServerProtocolService$1.process(GrpcServerProtocolService.java:219)
	at org.apache.ratis.grpc.server.GrpcServerProtocolService$1.process(GrpcServerProtocolService.java:216)
	at org.apache.ratis.grpc.server.GrpcServerProtocolService$ServerRequestStreamObserver.onNext(GrpcServerProtocolService.java:124)
	at org.apache.ratis.thirdparty.io.grpc.stub.ServerCalls$StreamingServerCallHandler$StreamingServerCallListener.onMessage(ServerCalls.java:262)
	at org.apache.ratis.thirdparty.io.grpc.ForwardingServerCallListener.onMessage(ForwardingServerCallListener.java:33)
	at org.apache.ratis.thirdparty.io.grpc.internal.ServerCallImpl$ServerStreamListenerImpl.messagesAvailableInternal(ServerCallImpl.java:332)
	at org.apache.ratis.thirdparty.io.grpc.internal.ServerCallImpl$ServerStreamListenerImpl.messagesAvailable(ServerCallImpl.java:315)
	at org.apache.ratis.thirdparty.io.grpc.internal.ServerImpl$JumpToApplicationThreadServerStreamListener$1MessagesAvailable.runInContext(ServerImpl.java:834)
	at org.apache.ratis.thirdparty.io.grpc.internal.ContextRunnable.run(ContextRunnable.java:37)
	at org.apache.ratis.thirdparty.io.grpc.internal.SerializingExecutor.run(SerializingExecutor.java:133)
	at java.base/java.util.concurrent.ThreadPoolExecutor.runWorker(ThreadPoolExecutor.java:1128)
	at java.base/java.util.concurrent.ThreadPoolExecutor$Worker.run(ThreadPoolExecutor.java:628)
	at java.base/java.lang.Thread.run(Thread.java:829)
Caused by: java.util.concurrent.RejectedExecutionException: Task java.util.concurrent.CompletableFuture$AsyncSupply@65acaf09 rejected from java.util.concurrent.ThreadPoolExecutor@4ecb30e4[Terminated, pool size = 0, active threads = 0, queued tasks = 0, completed tasks = 0]
	at java.base/java.util.concurrent.ThreadPoolExecutor$AbortPolicy.rejectedExecution(ThreadPoolExecutor.java:2055)
	at java.base/java.util.concurrent.ThreadPoolExecutor.reject(ThreadPoolExecutor.java:825)
	at java.base/java.util.concurrent.ThreadPoolExecutor.execute(ThreadPoolExecutor.java:1355)
	at java.base/java.util.concurrent.CompletableFuture.asyncSupplyStage(CompletableFuture.java:1714)
	at java.base/java.util.concurrent.CompletableFuture.supplyAsync(CompletableFuture.java:1931)
	at org.apache.ratis.server.impl.RaftServerImpl.executeSubmitServerRequestAsync(RaftServerImpl.java:817)
	at org.apache.ratis.server.impl.RaftServerProxy.lambda$appendEntriesAsync$27(RaftServerProxy.java:634)
	at java.base/java.util.concurrent.CompletableFuture.uniComposeStage(CompletableFuture.java:1106)
	... 15 more
2023-02-09 08:26:12,640 [grpc-default-executor-7] WARN  server.GrpcLogAppender (LogUtils.java:warn(124)) - s1@group-5D8BFF2AC38C->s0-AppendLogResponseHandler: Failed appendEntries
java.util.concurrent.RejectedExecutionException: Task java.util.concurrent.CompletableFuture$AsyncSupply@65acaf09 rejected from java.util.concurrent.ThreadPoolExecutor@4ecb30e4[Terminated, pool size = 0, active threads = 0, queued tasks = 0, completed tasks = 0]
	at java.base/java.util.concurrent.ThreadPoolExecutor$AbortPolicy.rejectedExecution(ThreadPoolExecutor.java:2055)
	at java.base/java.util.concurrent.ThreadPoolExecutor.reject(ThreadPoolExecutor.java:825)
	at java.base/java.util.concurrent.ThreadPoolExecutor.execute(ThreadPoolExecutor.java:1355)
	at java.base/java.util.concurrent.CompletableFuture.asyncSupplyStage(CompletableFuture.java:1714)
	at java.base/java.util.concurrent.CompletableFuture.supplyAsync(CompletableFuture.java:1931)
	at org.apache.ratis.server.impl.RaftServerImpl.executeSubmitServerRequestAsync(RaftServerImpl.java:817)
	at org.apache.ratis.server.impl.RaftServerProxy.lambda$appendEntriesAsync$27(RaftServerProxy.java:634)
	at java.base/java.util.concurrent.CompletableFuture.uniComposeStage(CompletableFuture.java:1106)
	at java.base/java.util.concurrent.CompletableFuture.thenCompose(CompletableFuture.java:2235)
	at org.apache.ratis.server.impl.RaftServerProxy.appendEntriesAsync(RaftServerProxy.java:634)
	at org.apache.ratis.grpc.server.GrpcServerProtocolService$1.process(GrpcServerProtocolService.java:219)
	at org.apache.ratis.grpc.server.GrpcServerProtocolService$1.process(GrpcServerProtocolService.java:216)
	at org.apache.ratis.grpc.server.GrpcServerProtocolService$ServerRequestStreamObserver.onNext(GrpcServerProtocolService.java:124)
	at org.apache.ratis.thirdparty.io.grpc.stub.ServerCalls$StreamingServerCallHandler$StreamingServerCallListener.onMessage(ServerCalls.java:262)
	at org.apache.ratis.thirdparty.io.grpc.ForwardingServerCallListener.onMessage(ForwardingServerCallListener.java:33)
	at org.apache.ratis.thirdparty.io.grpc.internal.ServerCallImpl$ServerStreamListenerImpl.messagesAvailableInternal(ServerCallImpl.java:332)
	at org.apache.ratis.thirdparty.io.grpc.internal.ServerCallImpl$ServerStreamListenerImpl.messagesAvailable(ServerCallImpl.java:315)
	at org.apache.ratis.thirdparty.io.grpc.internal.ServerImpl$JumpToApplicationThreadServerStreamListener$1MessagesAvailable.runInContext(ServerImpl.java:834)
	at org.apache.ratis.thirdparty.io.grpc.internal.ContextRunnable.run(ContextRunnable.java:37)
	at org.apache.ratis.thirdparty.io.grpc.internal.SerializingExecutor.run(SerializingExecutor.java:133)
	at java.base/java.util.concurrent.ThreadPoolExecutor.runWorker(ThreadPoolExecutor.java:1128)
	at java.base/java.util.concurrent.ThreadPoolExecutor$Worker.run(ThreadPoolExecutor.java:628)
	at java.base/java.lang.Thread.run(Thread.java:829)
2023-02-09 08:26:12,640 [grpc-default-executor-7] INFO  leader.FollowerInfo (FollowerInfoImpl.java:lambda$new$0(52)) - s1@group-5D8BFF2AC38C->s0: nextIndex: updateUnconditionally 85 -> 83
2023-02-09 08:26:12,656 [grpc-default-executor-3] WARN  server.GrpcServerProtocolService (LogUtils.java:warn(124)) - s0: Failed APPEND_ENTRIES request s1->s0#8-t2,previous=(t:1, i:82),leaderCommit=84,initializing? true,entries: size=2, first=(t:2, i:83), CONFIGURATIONENTRY(current:id: "s0"
address: "localhost:42371"
dataStreamAddress: "localhost:43129"
clientAddress: "localhost:36379"
adminAddress: "localhost:36531"
startupRole: FOLLOWER
,id: "s1"
address: "localhost:35679"
dataStreamAddress: "localhost:42433"
clientAddress: "localhost:41371"
adminAddress: "localhost:44855"
startupRole: FOLLOWER
,id: "s2"
address: "localhost:39787"
dataStreamAddress: "localhost:33651"
clientAddress: "localhost:41113"
adminAddress: "localhost:44467"
startupRole: FOLLOWER
, old:)
java.util.concurrent.CompletionException: java.util.concurrent.RejectedExecutionException: Task java.util.concurrent.CompletableFuture$AsyncSupply@3be13557 rejected from java.util.concurrent.ThreadPoolExecutor@4ecb30e4[Terminated, pool size = 0, active threads = 0, queued tasks = 0, completed tasks = 0]
	at java.base/java.util.concurrent.CompletableFuture.encodeThrowable(CompletableFuture.java:314)
	at java.base/java.util.concurrent.CompletableFuture.uniComposeStage(CompletableFuture.java:1113)
	at java.base/java.util.concurrent.CompletableFuture.thenCompose(CompletableFuture.java:2235)
	at org.apache.ratis.server.impl.RaftServerProxy.appendEntriesAsync(RaftServerProxy.java:634)
	at org.apache.ratis.grpc.server.GrpcServerProtocolService$1.process(GrpcServerProtocolService.java:219)
	at org.apache.ratis.grpc.server.GrpcServerProtocolService$1.process(GrpcServerProtocolService.java:216)
	at org.apache.ratis.grpc.server.GrpcServerProtocolService$ServerRequestStreamObserver.onNext(GrpcServerProtocolService.java:124)
	at org.apache.ratis.thirdparty.io.grpc.stub.ServerCalls$StreamingServerCallHandler$StreamingServerCallListener.onMessage(ServerCalls.java:262)
	at org.apache.ratis.thirdparty.io.grpc.ForwardingServerCallListener.onMessage(ForwardingServerCallListener.java:33)
	at org.apache.ratis.thirdparty.io.grpc.internal.ServerCallImpl$ServerStreamListenerImpl.messagesAvailableInternal(ServerCallImpl.java:332)
	at org.apache.ratis.thirdparty.io.grpc.internal.ServerCallImpl$ServerStreamListenerImpl.messagesAvailable(ServerCallImpl.java:315)
	at org.apache.ratis.thirdparty.io.grpc.internal.ServerImpl$JumpToApplicationThreadServerStreamListener$1MessagesAvailable.runInContext(ServerImpl.java:834)
	at org.apache.ratis.thirdparty.io.grpc.internal.ContextRunnable.run(ContextRunnable.java:37)
	at org.apache.ratis.thirdparty.io.grpc.internal.SerializingExecutor.run(SerializingExecutor.java:133)
	at java.base/java.util.concurrent.ThreadPoolExecutor.runWorker(ThreadPoolExecutor.java:1128)
	at java.base/java.util.concurrent.ThreadPoolExecutor$Worker.run(ThreadPoolExecutor.java:628)
	at java.base/java.lang.Thread.run(Thread.java:829)
Caused by: java.util.concurrent.RejectedExecutionException: Task java.util.concurrent.CompletableFuture$AsyncSupply@3be13557 rejected from java.util.concurrent.ThreadPoolExecutor@4ecb30e4[Terminated, pool size = 0, active threads = 0, queued tasks = 0, completed tasks = 0]
	at java.base/java.util.concurrent.ThreadPoolExecutor$AbortPolicy.rejectedExecution(ThreadPoolExecutor.java:2055)
	at java.base/java.util.concurrent.ThreadPoolExecutor.reject(ThreadPoolExecutor.java:825)
	at java.base/java.util.concurrent.ThreadPoolExecutor.execute(ThreadPoolExecutor.java:1355)
	at java.base/java.util.concurrent.CompletableFuture.asyncSupplyStage(CompletableFuture.java:1714)
	at java.base/java.util.concurrent.CompletableFuture.supplyAsync(CompletableFuture.java:1931)
	at org.apache.ratis.server.impl.RaftServerImpl.executeSubmitServerRequestAsync(RaftServerImpl.java:817)
	at org.apache.ratis.server.impl.RaftServerProxy.lambda$appendEntriesAsync$27(RaftServerProxy.java:634)
	at java.base/java.util.concurrent.CompletableFuture.uniComposeStage(CompletableFuture.java:1106)
	... 15 more
2023-02-09 08:26:12,659 [grpc-default-executor-7] WARN  server.GrpcLogAppender (LogUtils.java:warn(124)) - s1@group-5D8BFF2AC38C->s0-AppendLogResponseHandler: Failed appendEntries
java.util.concurrent.RejectedExecutionException: Task java.util.concurrent.CompletableFuture$AsyncSupply@3be13557 rejected from java.util.concurrent.ThreadPoolExecutor@4ecb30e4[Terminated, pool size = 0, active threads = 0, queued tasks = 0, completed tasks = 0]
	at java.base/java.util.concurrent.ThreadPoolExecutor$AbortPolicy.rejectedExecution(ThreadPoolExecutor.java:2055)
	at java.base/java.util.concurrent.ThreadPoolExecutor.reject(ThreadPoolExecutor.java:825)
	at java.base/java.util.concurrent.ThreadPoolExecutor.execute(ThreadPoolExecutor.java:1355)
	at java.base/java.util.concurrent.CompletableFuture.asyncSupplyStage(CompletableFuture.java:1714)
	at java.base/java.util.concurrent.CompletableFuture.supplyAsync(CompletableFuture.java:1931)
	at org.apache.ratis.server.impl.RaftServerImpl.executeSubmitServerRequestAsync(RaftServerImpl.java:817)
	at org.apache.ratis.server.impl.RaftServerProxy.lambda$appendEntriesAsync$27(RaftServerProxy.java:634)
	at java.base/java.util.concurrent.CompletableFuture.uniComposeStage(CompletableFuture.java:1106)
	at java.base/java.util.concurrent.CompletableFuture.thenCompose(CompletableFuture.java:2235)
	at org.apache.ratis.server.impl.RaftServerProxy.appendEntriesAsync(RaftServerProxy.java:634)
	at org.apache.ratis.grpc.server.GrpcServerProtocolService$1.process(GrpcServerProtocolService.java:219)
	at org.apache.ratis.grpc.server.GrpcServerProtocolService$1.process(GrpcServerProtocolService.java:216)
	at org.apache.ratis.grpc.server.GrpcServerProtocolService$ServerRequestStreamObserver.onNext(GrpcServerProtocolService.java:124)
	at org.apache.ratis.thirdparty.io.grpc.stub.ServerCalls$StreamingServerCallHandler$StreamingServerCallListener.onMessage(ServerCalls.java:262)
	at org.apache.ratis.thirdparty.io.grpc.ForwardingServerCallListener.onMessage(ForwardingServerCallListener.java:33)
	at org.apache.ratis.thirdparty.io.grpc.internal.ServerCallImpl$ServerStreamListenerImpl.messagesAvailableInternal(ServerCallImpl.java:332)
	at org.apache.ratis.thirdparty.io.grpc.internal.ServerCallImpl$ServerStreamListenerImpl.messagesAvailable(ServerCallImpl.java:315)
	at org.apache.ratis.thirdparty.io.grpc.internal.ServerImpl$JumpToApplicationThreadServerStreamListener$1MessagesAvailable.runInContext(ServerImpl.java:834)
	at org.apache.ratis.thirdparty.io.grpc.internal.ContextRunnable.run(ContextRunnable.java:37)
	at org.apache.ratis.thirdparty.io.grpc.internal.SerializingExecutor.run(SerializingExecutor.java:133)
	at java.base/java.util.concurrent.ThreadPoolExecutor.runWorker(ThreadPoolExecutor.java:1128)
	at java.base/java.util.concurrent.ThreadPoolExecutor$Worker.run(ThreadPoolExecutor.java:628)
	at java.base/java.lang.Thread.run(Thread.java:829)
2023-02-09 08:26:12,659 [grpc-default-executor-7] INFO  leader.FollowerInfo (FollowerInfoImpl.java:lambda$new$0(52)) - s1@group-5D8BFF2AC38C->s0: nextIndex: updateUnconditionally 85 -> 83
2023-02-09 08:26:12,675 [grpc-default-executor-5] WARN  server.GrpcServerProtocolService (LogUtils.java:warn(124)) - s0: Failed APPEND_ENTRIES request s1->s0#10-t2,previous=(t:1, i:82),leaderCommit=84,initializing? true,entries: size=2, first=(t:2, i:83), CONFIGURATIONENTRY(current:id: "s0"
address: "localhost:42371"
dataStreamAddress: "localhost:43129"
clientAddress: "localhost:36379"
adminAddress: "localhost:36531"
startupRole: FOLLOWER
,id: "s1"
address: "localhost:35679"
dataStreamAddress: "localhost:42433"
clientAddress: "localhost:41371"
adminAddress: "localhost:44855"
startupRole: FOLLOWER
,id: "s2"
address: "localhost:39787"
dataStreamAddress: "localhost:33651"
clientAddress: "localhost:41113"
adminAddress: "localhost:44467"
startupRole: FOLLOWER
, old:)
java.util.concurrent.CompletionException: java.util.concurrent.RejectedExecutionException: Task java.util.concurrent.CompletableFuture$AsyncSupply@3cf0c002 rejected from java.util.concurrent.ThreadPoolExecutor@4ecb30e4[Terminated, pool size = 0, active threads = 0, queued tasks = 0, completed tasks = 0]
	at java.base/java.util.concurrent.CompletableFuture.encodeThrowable(CompletableFuture.java:314)
	at java.base/java.util.concurrent.CompletableFuture.uniComposeStage(CompletableFuture.java:1113)
	at java.base/java.util.concurrent.CompletableFuture.thenCompose(CompletableFuture.java:2235)
	at org.apache.ratis.server.impl.RaftServerProxy.appendEntriesAsync(RaftServerProxy.java:634)
	at org.apache.ratis.grpc.server.GrpcServerProtocolService$1.process(GrpcServerProtocolService.java:219)
	at org.apache.ratis.grpc.server.GrpcServerProtocolService$1.process(GrpcServerProtocolService.java:216)
	at org.apache.ratis.grpc.server.GrpcServerProtocolService$ServerRequestStreamObserver.onNext(GrpcServerProtocolService.java:124)
	at org.apache.ratis.thirdparty.io.grpc.stub.ServerCalls$StreamingServerCallHandler$StreamingServerCallListener.onMessage(ServerCalls.java:262)
	at org.apache.ratis.thirdparty.io.grpc.ForwardingServerCallListener.onMessage(ForwardingServerCallListener.java:33)
	at org.apache.ratis.thirdparty.io.grpc.internal.ServerCallImpl$ServerStreamListenerImpl.messagesAvailableInternal(ServerCallImpl.java:332)
	at org.apache.ratis.thirdparty.io.grpc.internal.ServerCallImpl$ServerStreamListenerImpl.messagesAvailable(ServerCallImpl.java:315)
	at org.apache.ratis.thirdparty.io.grpc.internal.ServerImpl$JumpToApplicationThreadServerStreamListener$1MessagesAvailable.runInContext(ServerImpl.java:834)
	at org.apache.ratis.thirdparty.io.grpc.internal.ContextRunnable.run(ContextRunnable.java:37)
	at org.apache.ratis.thirdparty.io.grpc.internal.SerializingExecutor.run(SerializingExecutor.java:133)
	at java.base/java.util.concurrent.ThreadPoolExecutor.runWorker(ThreadPoolExecutor.java:1128)
	at java.base/java.util.concurrent.ThreadPoolExecutor$Worker.run(ThreadPoolExecutor.java:628)
	at java.base/java.lang.Thread.run(Thread.java:829)
Caused by: java.util.concurrent.RejectedExecutionException: Task java.util.concurrent.CompletableFuture$AsyncSupply@3cf0c002 rejected from java.util.concurrent.ThreadPoolExecutor@4ecb30e4[Terminated, pool size = 0, active threads = 0, queued tasks = 0, completed tasks = 0]
	at java.base/java.util.concurrent.ThreadPoolExecutor$AbortPolicy.rejectedExecution(ThreadPoolExecutor.java:2055)
	at java.base/java.util.concurrent.ThreadPoolExecutor.reject(ThreadPoolExecutor.java:825)
	at java.base/java.util.concurrent.ThreadPoolExecutor.execute(ThreadPoolExecutor.java:1355)
	at java.base/java.util.concurrent.CompletableFuture.asyncSupplyStage(CompletableFuture.java:1714)
	at java.base/java.util.concurrent.CompletableFuture.supplyAsync(CompletableFuture.java:1931)
	at org.apache.ratis.server.impl.RaftServerImpl.executeSubmitServerRequestAsync(RaftServerImpl.java:817)
	at org.apache.ratis.server.impl.RaftServerProxy.lambda$appendEntriesAsync$27(RaftServerProxy.java:634)
	at java.base/java.util.concurrent.CompletableFuture.uniComposeStage(CompletableFuture.java:1106)
	... 15 more
2023-02-09 08:26:12,679 [grpc-default-executor-2] WARN  server.GrpcLogAppender (LogUtils.java:warn(124)) - s1@group-5D8BFF2AC38C->s0-AppendLogResponseHandler: Failed appendEntries
java.util.concurrent.RejectedExecutionException: Task java.util.concurrent.CompletableFuture$AsyncSupply@3cf0c002 rejected from java.util.concurrent.ThreadPoolExecutor@4ecb30e4[Terminated, pool size = 0, active threads = 0, queued tasks = 0, completed tasks = 0]
	at java.base/java.util.concurrent.ThreadPoolExecutor$AbortPolicy.rejectedExecution(ThreadPoolExecutor.java:2055)
	at java.base/java.util.concurrent.ThreadPoolExecutor.reject(ThreadPoolExecutor.java:825)
	at java.base/java.util.concurrent.ThreadPoolExecutor.execute(ThreadPoolExecutor.java:1355)
	at java.base/java.util.concurrent.CompletableFuture.asyncSupplyStage(CompletableFuture.java:1714)
	at java.base/java.util.concurrent.CompletableFuture.supplyAsync(CompletableFuture.java:1931)
	at org.apache.ratis.server.impl.RaftServerImpl.executeSubmitServerRequestAsync(RaftServerImpl.java:817)
	at org.apache.ratis.server.impl.RaftServerProxy.lambda$appendEntriesAsync$27(RaftServerProxy.java:634)
	at java.base/java.util.concurrent.CompletableFuture.uniComposeStage(CompletableFuture.java:1106)
	at java.base/java.util.concurrent.CompletableFuture.thenCompose(CompletableFuture.java:2235)
	at org.apache.ratis.server.impl.RaftServerProxy.appendEntriesAsync(RaftServerProxy.java:634)
	at org.apache.ratis.grpc.server.GrpcServerProtocolService$1.process(GrpcServerProtocolService.java:219)
	at org.apache.ratis.grpc.server.GrpcServerProtocolService$1.process(GrpcServerProtocolService.java:216)
	at org.apache.ratis.grpc.server.GrpcServerProtocolService$ServerRequestStreamObserver.onNext(GrpcServerProtocolService.java:124)
	at org.apache.ratis.thirdparty.io.grpc.stub.ServerCalls$StreamingServerCallHandler$StreamingServerCallListener.onMessage(ServerCalls.java:262)
	at org.apache.ratis.thirdparty.io.grpc.ForwardingServerCallListener.onMessage(ForwardingServerCallListener.java:33)
	at org.apache.ratis.thirdparty.io.grpc.internal.ServerCallImpl$ServerStreamListenerImpl.messagesAvailableInternal(ServerCallImpl.java:332)
	at org.apache.ratis.thirdparty.io.grpc.internal.ServerCallImpl$ServerStreamListenerImpl.messagesAvailable(ServerCallImpl.java:315)
	at org.apache.ratis.thirdparty.io.grpc.internal.ServerImpl$JumpToApplicationThreadServerStreamListener$1MessagesAvailable.runInContext(ServerImpl.java:834)
	at org.apache.ratis.thirdparty.io.grpc.internal.ContextRunnable.run(ContextRunnable.java:37)
	at org.apache.ratis.thirdparty.io.grpc.internal.SerializingExecutor.run(SerializingExecutor.java:133)
	at java.base/java.util.concurrent.ThreadPoolExecutor.runWorker(ThreadPoolExecutor.java:1128)
	at java.base/java.util.concurrent.ThreadPoolExecutor$Worker.run(ThreadPoolExecutor.java:628)
	at java.base/java.lang.Thread.run(Thread.java:829)
2023-02-09 08:26:12,679 [grpc-default-executor-2] INFO  leader.FollowerInfo (FollowerInfoImpl.java:lambda$new$0(52)) - s1@group-5D8BFF2AC38C->s0: nextIndex: updateUnconditionally 85 -> 83
2023-02-09 08:26:12,713 [grpc-default-executor-3] WARN  server.GrpcServerProtocolService (LogUtils.java:warn(124)) - s0: Failed APPEND_ENTRIES request s1->s0#12-t2,previous=(t:1, i:82),leaderCommit=84,initializing? true,entries: size=2, first=(t:2, i:83), CONFIGURATIONENTRY(current:id: "s0"
address: "localhost:42371"
dataStreamAddress: "localhost:43129"
clientAddress: "localhost:36379"
adminAddress: "localhost:36531"
startupRole: FOLLOWER
,id: "s1"
address: "localhost:35679"
dataStreamAddress: "localhost:42433"
clientAddress: "localhost:41371"
adminAddress: "localhost:44855"
startupRole: FOLLOWER
,id: "s2"
address: "localhost:39787"
dataStreamAddress: "localhost:33651"
clientAddress: "localhost:41113"
adminAddress: "localhost:44467"
startupRole: FOLLOWER
, old:)
java.util.concurrent.CompletionException: java.util.concurrent.RejectedExecutionException: Task java.util.concurrent.CompletableFuture$AsyncSupply@5802356d rejected from java.util.concurrent.ThreadPoolExecutor@4ecb30e4[Terminated, pool size = 0, active threads = 0, queued tasks = 0, completed tasks = 0]
	at java.base/java.util.concurrent.CompletableFuture.encodeThrowable(CompletableFuture.java:314)
	at java.base/java.util.concurrent.CompletableFuture.uniComposeStage(CompletableFuture.java:1113)
	at java.base/java.util.concurrent.CompletableFuture.thenCompose(CompletableFuture.java:2235)
	at org.apache.ratis.server.impl.RaftServerProxy.appendEntriesAsync(RaftServerProxy.java:634)
	at org.apache.ratis.grpc.server.GrpcServerProtocolService$1.process(GrpcServerProtocolService.java:219)
	at org.apache.ratis.grpc.server.GrpcServerProtocolService$1.process(GrpcServerProtocolService.java:216)
	at org.apache.ratis.grpc.server.GrpcServerProtocolService$ServerRequestStreamObserver.onNext(GrpcServerProtocolService.java:124)
	at org.apache.ratis.thirdparty.io.grpc.stub.ServerCalls$StreamingServerCallHandler$StreamingServerCallListener.onMessage(ServerCalls.java:262)
	at org.apache.ratis.thirdparty.io.grpc.ForwardingServerCallListener.onMessage(ForwardingServerCallListener.java:33)
	at org.apache.ratis.thirdparty.io.grpc.internal.ServerCallImpl$ServerStreamListenerImpl.messagesAvailableInternal(ServerCallImpl.java:332)
	at org.apache.ratis.thirdparty.io.grpc.internal.ServerCallImpl$ServerStreamListenerImpl.messagesAvailable(ServerCallImpl.java:315)
	at org.apache.ratis.thirdparty.io.grpc.internal.ServerImpl$JumpToApplicationThreadServerStreamListener$1MessagesAvailable.runInContext(ServerImpl.java:834)
	at org.apache.ratis.thirdparty.io.grpc.internal.ContextRunnable.run(ContextRunnable.java:37)
	at org.apache.ratis.thirdparty.io.grpc.internal.SerializingExecutor.run(SerializingExecutor.java:133)
	at java.base/java.util.concurrent.ThreadPoolExecutor.runWorker(ThreadPoolExecutor.java:1128)
	at java.base/java.util.concurrent.ThreadPoolExecutor$Worker.run(ThreadPoolExecutor.java:628)
	at java.base/java.lang.Thread.run(Thread.java:829)
Caused by: java.util.concurrent.RejectedExecutionException: Task java.util.concurrent.CompletableFuture$AsyncSupply@5802356d rejected from java.util.concurrent.ThreadPoolExecutor@4ecb30e4[Terminated, pool size = 0, active threads = 0, queued tasks = 0, completed tasks = 0]
	at java.base/java.util.concurrent.ThreadPoolExecutor$AbortPolicy.rejectedExecution(ThreadPoolExecutor.java:2055)
	at java.base/java.util.concurrent.ThreadPoolExecutor.reject(ThreadPoolExecutor.java:825)
	at java.base/java.util.concurrent.ThreadPoolExecutor.execute(ThreadPoolExecutor.java:1355)
	at java.base/java.util.concurrent.CompletableFuture.asyncSupplyStage(CompletableFuture.java:1714)
	at java.base/java.util.concurrent.CompletableFuture.supplyAsync(CompletableFuture.java:1931)
	at org.apache.ratis.server.impl.RaftServerImpl.executeSubmitServerRequestAsync(RaftServerImpl.java:817)
	at org.apache.ratis.server.impl.RaftServerProxy.lambda$appendEntriesAsync$27(RaftServerProxy.java:634)
	at java.base/java.util.concurrent.CompletableFuture.uniComposeStage(CompletableFuture.java:1106)
	... 15 more
2023-02-09 08:26:12,716 [grpc-default-executor-7] WARN  server.GrpcLogAppender (LogUtils.java:warn(124)) - s1@group-5D8BFF2AC38C->s0-AppendLogResponseHandler: Failed appendEntries
java.util.concurrent.RejectedExecutionException: Task java.util.concurrent.CompletableFuture$AsyncSupply@5802356d rejected from java.util.concurrent.ThreadPoolExecutor@4ecb30e4[Terminated, pool size = 0, active threads = 0, queued tasks = 0, completed tasks = 0]
	at java.base/java.util.concurrent.ThreadPoolExecutor$AbortPolicy.rejectedExecution(ThreadPoolExecutor.java:2055)
	at java.base/java.util.concurrent.ThreadPoolExecutor.reject(ThreadPoolExecutor.java:825)
	at java.base/java.util.concurrent.ThreadPoolExecutor.execute(ThreadPoolExecutor.java:1355)
	at java.base/java.util.concurrent.CompletableFuture.asyncSupplyStage(CompletableFuture.java:1714)
	at java.base/java.util.concurrent.CompletableFuture.supplyAsync(CompletableFuture.java:1931)
	at org.apache.ratis.server.impl.RaftServerImpl.executeSubmitServerRequestAsync(RaftServerImpl.java:817)
	at org.apache.ratis.server.impl.RaftServerProxy.lambda$appendEntriesAsync$27(RaftServerProxy.java:634)
	at java.base/java.util.concurrent.CompletableFuture.uniComposeStage(CompletableFuture.java:1106)
	at java.base/java.util.concurrent.CompletableFuture.thenCompose(CompletableFuture.java:2235)
	at org.apache.ratis.server.impl.RaftServerProxy.appendEntriesAsync(RaftServerProxy.java:634)
	at org.apache.ratis.grpc.server.GrpcServerProtocolService$1.process(GrpcServerProtocolService.java:219)
	at org.apache.ratis.grpc.server.GrpcServerProtocolService$1.process(GrpcServerProtocolService.java:216)
	at org.apache.ratis.grpc.server.GrpcServerProtocolService$ServerRequestStreamObserver.onNext(GrpcServerProtocolService.java:124)
	at org.apache.ratis.thirdparty.io.grpc.stub.ServerCalls$StreamingServerCallHandler$StreamingServerCallListener.onMessage(ServerCalls.java:262)
	at org.apache.ratis.thirdparty.io.grpc.ForwardingServerCallListener.onMessage(ForwardingServerCallListener.java:33)
	at org.apache.ratis.thirdparty.io.grpc.internal.ServerCallImpl$ServerStreamListenerImpl.messagesAvailableInternal(ServerCallImpl.java:332)
	at org.apache.ratis.thirdparty.io.grpc.internal.ServerCallImpl$ServerStreamListenerImpl.messagesAvailable(ServerCallImpl.java:315)
	at org.apache.ratis.thirdparty.io.grpc.internal.ServerImpl$JumpToApplicationThreadServerStreamListener$1MessagesAvailable.runInContext(ServerImpl.java:834)
	at org.apache.ratis.thirdparty.io.grpc.internal.ContextRunnable.run(ContextRunnable.java:37)
	at org.apache.ratis.thirdparty.io.grpc.internal.SerializingExecutor.run(SerializingExecutor.java:133)
	at java.base/java.util.concurrent.ThreadPoolExecutor.runWorker(ThreadPoolExecutor.java:1128)
	at java.base/java.util.concurrent.ThreadPoolExecutor$Worker.run(ThreadPoolExecutor.java:628)
	at java.base/java.lang.Thread.run(Thread.java:829)
2023-02-09 08:26:12,716 [grpc-default-executor-7] INFO  leader.FollowerInfo (FollowerInfoImpl.java:lambda$new$0(52)) - s1@group-5D8BFF2AC38C->s0: nextIndex: updateUnconditionally 85 -> 83
2023-02-09 08:26:12,737 [null-request--thread1] INFO  server.GrpcClientProtocolService (GrpcClientProtocolService.java:lambda$processClientRequest$0(284)) - Failed RaftClientRequest:client-F516C80A2025->s2@group-5D8BFF2AC38C, cid=425, seq=0, RW, Message:6d3339, reply=RaftClientReply:client-F516C80A2025->s2@group-5D8BFF2AC38C, cid=425, FAILED org.apache.ratis.protocol.exceptions.NotLeaderException: Server s2@group-5D8BFF2AC38C is not the leader s1|rpc:localhost:35679|admin:localhost:44855|client:localhost:41371|dataStream:localhost:42433|priority:0|startupRole:FOLLOWER, logIndex=0, commits[s2:c84, s0:c80, s1:c84]
2023-02-09 08:26:12,750 [grpc-default-executor-3] WARN  server.GrpcServerProtocolService (LogUtils.java:warn(124)) - s0: Failed APPEND_ENTRIES request s1->s0#14-t2,previous=(t:1, i:82),leaderCommit=84,initializing? true,entries: size=2, first=(t:2, i:83), CONFIGURATIONENTRY(current:id: "s0"
address: "localhost:42371"
dataStreamAddress: "localhost:43129"
clientAddress: "localhost:36379"
adminAddress: "localhost:36531"
startupRole: FOLLOWER
,id: "s1"
address: "localhost:35679"
dataStreamAddress: "localhost:42433"
clientAddress: "localhost:41371"
adminAddress: "localhost:44855"
startupRole: FOLLOWER
,id: "s2"
address: "localhost:39787"
dataStreamAddress: "localhost:33651"
clientAddress: "localhost:41113"
adminAddress: "localhost:44467"
startupRole: FOLLOWER
, old:)
java.util.concurrent.CompletionException: java.util.concurrent.RejectedExecutionException: Task java.util.concurrent.CompletableFuture$AsyncSupply@738ddc0 rejected from java.util.concurrent.ThreadPoolExecutor@4ecb30e4[Terminated, pool size = 0, active threads = 0, queued tasks = 0, completed tasks = 0]
	at java.base/java.util.concurrent.CompletableFuture.encodeThrowable(CompletableFuture.java:314)
	at java.base/java.util.concurrent.CompletableFuture.uniComposeStage(CompletableFuture.java:1113)
	at java.base/java.util.concurrent.CompletableFuture.thenCompose(CompletableFuture.java:2235)
	at org.apache.ratis.server.impl.RaftServerProxy.appendEntriesAsync(RaftServerProxy.java:634)
	at org.apache.ratis.grpc.server.GrpcServerProtocolService$1.process(GrpcServerProtocolService.java:219)
	at org.apache.ratis.grpc.server.GrpcServerProtocolService$1.process(GrpcServerProtocolService.java:216)
	at org.apache.ratis.grpc.server.GrpcServerProtocolService$ServerRequestStreamObserver.onNext(GrpcServerProtocolService.java:124)
	at org.apache.ratis.thirdparty.io.grpc.stub.ServerCalls$StreamingServerCallHandler$StreamingServerCallListener.onMessage(ServerCalls.java:262)
	at org.apache.ratis.thirdparty.io.grpc.ForwardingServerCallListener.onMessage(ForwardingServerCallListener.java:33)
	at org.apache.ratis.thirdparty.io.grpc.internal.ServerCallImpl$ServerStreamListenerImpl.messagesAvailableInternal(ServerCallImpl.java:332)
	at org.apache.ratis.thirdparty.io.grpc.internal.ServerCallImpl$ServerStreamListenerImpl.messagesAvailable(ServerCallImpl.java:315)
	at org.apache.ratis.thirdparty.io.grpc.internal.ServerImpl$JumpToApplicationThreadServerStreamListener$1MessagesAvailable.runInContext(ServerImpl.java:834)
	at org.apache.ratis.thirdparty.io.grpc.internal.ContextRunnable.run(ContextRunnable.java:37)
	at org.apache.ratis.thirdparty.io.grpc.internal.SerializingExecutor.run(SerializingExecutor.java:133)
	at java.base/java.util.concurrent.ThreadPoolExecutor.runWorker(ThreadPoolExecutor.java:1128)
	at java.base/java.util.concurrent.ThreadPoolExecutor$Worker.run(ThreadPoolExecutor.java:628)
	at java.base/java.lang.Thread.run(Thread.java:829)
Caused by: java.util.concurrent.RejectedExecutionException: Task java.util.concurrent.CompletableFuture$AsyncSupply@738ddc0 rejected from java.util.concurrent.ThreadPoolExecutor@4ecb30e4[Terminated, pool size = 0, active threads = 0, queued tasks = 0, completed tasks = 0]
	at java.base/java.util.concurrent.ThreadPoolExecutor$AbortPolicy.rejectedExecution(ThreadPoolExecutor.java:2055)
	at java.base/java.util.concurrent.ThreadPoolExecutor.reject(ThreadPoolExecutor.java:825)
	at java.base/java.util.concurrent.ThreadPoolExecutor.execute(ThreadPoolExecutor.java:1355)
	at java.base/java.util.concurrent.CompletableFuture.asyncSupplyStage(CompletableFuture.java:1714)
	at java.base/java.util.concurrent.CompletableFuture.supplyAsync(CompletableFuture.java:1931)
	at org.apache.ratis.server.impl.RaftServerImpl.executeSubmitServerRequestAsync(RaftServerImpl.java:817)
	at org.apache.ratis.server.impl.RaftServerProxy.lambda$appendEntriesAsync$27(RaftServerProxy.java:634)
	at java.base/java.util.concurrent.CompletableFuture.uniComposeStage(CompletableFuture.java:1106)
	... 15 more
2023-02-09 08:26:12,754 [grpc-default-executor-5] WARN  server.GrpcLogAppender (LogUtils.java:warn(124)) - s1@group-5D8BFF2AC38C->s0-AppendLogResponseHandler: Failed appendEntries
java.util.concurrent.RejectedExecutionException: Task java.util.concurrent.CompletableFuture$AsyncSupply@738ddc0 rejected from java.util.concurrent.ThreadPoolExecutor@4ecb30e4[Terminated, pool size = 0, active threads = 0, queued tasks = 0, completed tasks = 0]
	at java.base/java.util.concurrent.ThreadPoolExecutor$AbortPolicy.rejectedExecution(ThreadPoolExecutor.java:2055)
	at java.base/java.util.concurrent.ThreadPoolExecutor.reject(ThreadPoolExecutor.java:825)
	at java.base/java.util.concurrent.ThreadPoolExecutor.execute(ThreadPoolExecutor.java:1355)
	at java.base/java.util.concurrent.CompletableFuture.asyncSupplyStage(CompletableFuture.java:1714)
	at java.base/java.util.concurrent.CompletableFuture.supplyAsync(CompletableFuture.java:1931)
	at org.apache.ratis.server.impl.RaftServerImpl.executeSubmitServerRequestAsync(RaftServerImpl.java:817)
	at org.apache.ratis.server.impl.RaftServerProxy.lambda$appendEntriesAsync$27(RaftServerProxy.java:634)
	at java.base/java.util.concurrent.CompletableFuture.uniComposeStage(CompletableFuture.java:1106)
	at java.base/java.util.concurrent.CompletableFuture.thenCompose(CompletableFuture.java:2235)
	at org.apache.ratis.server.impl.RaftServerProxy.appendEntriesAsync(RaftServerProxy.java:634)
	at org.apache.ratis.grpc.server.GrpcServerProtocolService$1.process(GrpcServerProtocolService.java:219)
	at org.apache.ratis.grpc.server.GrpcServerProtocolService$1.process(GrpcServerProtocolService.java:216)
	at org.apache.ratis.grpc.server.GrpcServerProtocolService$ServerRequestStreamObserver.onNext(GrpcServerProtocolService.java:124)
	at org.apache.ratis.thirdparty.io.grpc.stub.ServerCalls$StreamingServerCallHandler$StreamingServerCallListener.onMessage(ServerCalls.java:262)
	at org.apache.ratis.thirdparty.io.grpc.ForwardingServerCallListener.onMessage(ForwardingServerCallListener.java:33)
	at org.apache.ratis.thirdparty.io.grpc.internal.ServerCallImpl$ServerStreamListenerImpl.messagesAvailableInternal(ServerCallImpl.java:332)
	at org.apache.ratis.thirdparty.io.grpc.internal.ServerCallImpl$ServerStreamListenerImpl.messagesAvailable(ServerCallImpl.java:315)
	at org.apache.ratis.thirdparty.io.grpc.internal.ServerImpl$JumpToApplicationThreadServerStreamListener$1MessagesAvailable.runInContext(ServerImpl.java:834)
	at org.apache.ratis.thirdparty.io.grpc.internal.ContextRunnable.run(ContextRunnable.java:37)
	at org.apache.ratis.thirdparty.io.grpc.internal.SerializingExecutor.run(SerializingExecutor.java:133)
	at java.base/java.util.concurrent.ThreadPoolExecutor.runWorker(ThreadPoolExecutor.java:1128)
	at java.base/java.util.concurrent.ThreadPoolExecutor$Worker.run(ThreadPoolExecutor.java:628)
	at java.base/java.lang.Thread.run(Thread.java:829)
2023-02-09 08:26:12,754 [grpc-default-executor-5] INFO  leader.FollowerInfo (FollowerInfoImpl.java:lambda$new$0(52)) - s1@group-5D8BFF2AC38C->s0: nextIndex: updateUnconditionally 85 -> 83
2023-02-09 08:26:12,788 [grpc-default-executor-3] WARN  server.GrpcServerProtocolService (LogUtils.java:warn(124)) - s0: Failed APPEND_ENTRIES request s1->s0#16-t2,previous=(t:1, i:82),leaderCommit=84,initializing? true,entries: size=2, first=(t:2, i:83), CONFIGURATIONENTRY(current:id: "s0"
address: "localhost:42371"
dataStreamAddress: "localhost:43129"
clientAddress: "localhost:36379"
adminAddress: "localhost:36531"
startupRole: FOLLOWER
,id: "s1"
address: "localhost:35679"
dataStreamAddress: "localhost:42433"
clientAddress: "localhost:41371"
adminAddress: "localhost:44855"
startupRole: FOLLOWER
,id: "s2"
address: "localhost:39787"
dataStreamAddress: "localhost:33651"
clientAddress: "localhost:41113"
adminAddress: "localhost:44467"
startupRole: FOLLOWER
, old:)
java.util.concurrent.CompletionException: java.util.concurrent.RejectedExecutionException: Task java.util.concurrent.CompletableFuture$AsyncSupply@3f7ac360 rejected from java.util.concurrent.ThreadPoolExecutor@4ecb30e4[Terminated, pool size = 0, active threads = 0, queued tasks = 0, completed tasks = 0]
	at java.base/java.util.concurrent.CompletableFuture.encodeThrowable(CompletableFuture.java:314)
	at java.base/java.util.concurrent.CompletableFuture.uniComposeStage(CompletableFuture.java:1113)
	at java.base/java.util.concurrent.CompletableFuture.thenCompose(CompletableFuture.java:2235)
	at org.apache.ratis.server.impl.RaftServerProxy.appendEntriesAsync(RaftServerProxy.java:634)
	at org.apache.ratis.grpc.server.GrpcServerProtocolService$1.process(GrpcServerProtocolService.java:219)
	at org.apache.ratis.grpc.server.GrpcServerProtocolService$1.process(GrpcServerProtocolService.java:216)
	at org.apache.ratis.grpc.server.GrpcServerProtocolService$ServerRequestStreamObserver.onNext(GrpcServerProtocolService.java:124)
	at org.apache.ratis.thirdparty.io.grpc.stub.ServerCalls$StreamingServerCallHandler$StreamingServerCallListener.onMessage(ServerCalls.java:262)
	at org.apache.ratis.thirdparty.io.grpc.ForwardingServerCallListener.onMessage(ForwardingServerCallListener.java:33)
	at org.apache.ratis.thirdparty.io.grpc.internal.ServerCallImpl$ServerStreamListenerImpl.messagesAvailableInternal(ServerCallImpl.java:332)
	at org.apache.ratis.thirdparty.io.grpc.internal.ServerCallImpl$ServerStreamListenerImpl.messagesAvailable(ServerCallImpl.java:315)
	at org.apache.ratis.thirdparty.io.grpc.internal.ServerImpl$JumpToApplicationThreadServerStreamListener$1MessagesAvailable.runInContext(ServerImpl.java:834)
	at org.apache.ratis.thirdparty.io.grpc.internal.ContextRunnable.run(ContextRunnable.java:37)
	at org.apache.ratis.thirdparty.io.grpc.internal.SerializingExecutor.run(SerializingExecutor.java:133)
	at java.base/java.util.concurrent.ThreadPoolExecutor.runWorker(ThreadPoolExecutor.java:1128)
	at java.base/java.util.concurrent.ThreadPoolExecutor$Worker.run(ThreadPoolExecutor.java:628)
	at java.base/java.lang.Thread.run(Thread.java:829)
Caused by: java.util.concurrent.RejectedExecutionException: Task java.util.concurrent.CompletableFuture$AsyncSupply@3f7ac360 rejected from java.util.concurrent.ThreadPoolExecutor@4ecb30e4[Terminated, pool size = 0, active threads = 0, queued tasks = 0, completed tasks = 0]
	at java.base/java.util.concurrent.ThreadPoolExecutor$AbortPolicy.rejectedExecution(ThreadPoolExecutor.java:2055)
	at java.base/java.util.concurrent.ThreadPoolExecutor.reject(ThreadPoolExecutor.java:825)
	at java.base/java.util.concurrent.ThreadPoolExecutor.execute(ThreadPoolExecutor.java:1355)
	at java.base/java.util.concurrent.CompletableFuture.asyncSupplyStage(CompletableFuture.java:1714)
	at java.base/java.util.concurrent.CompletableFuture.supplyAsync(CompletableFuture.java:1931)
	at org.apache.ratis.server.impl.RaftServerImpl.executeSubmitServerRequestAsync(RaftServerImpl.java:817)
	at org.apache.ratis.server.impl.RaftServerProxy.lambda$appendEntriesAsync$27(RaftServerProxy.java:634)
	at java.base/java.util.concurrent.CompletableFuture.uniComposeStage(CompletableFuture.java:1106)
	... 15 more
2023-02-09 08:26:12,792 [grpc-default-executor-2] WARN  server.GrpcLogAppender (LogUtils.java:warn(124)) - s1@group-5D8BFF2AC38C->s0-AppendLogResponseHandler: Failed appendEntries
java.util.concurrent.RejectedExecutionException: Task java.util.concurrent.CompletableFuture$AsyncSupply@3f7ac360 rejected from java.util.concurrent.ThreadPoolExecutor@4ecb30e4[Terminated, pool size = 0, active threads = 0, queued tasks = 0, completed tasks = 0]
	at java.base/java.util.concurrent.ThreadPoolExecutor$AbortPolicy.rejectedExecution(ThreadPoolExecutor.java:2055)
	at java.base/java.util.concurrent.ThreadPoolExecutor.reject(ThreadPoolExecutor.java:825)
	at java.base/java.util.concurrent.ThreadPoolExecutor.execute(ThreadPoolExecutor.java:1355)
	at java.base/java.util.concurrent.CompletableFuture.asyncSupplyStage(CompletableFuture.java:1714)
	at java.base/java.util.concurrent.CompletableFuture.supplyAsync(CompletableFuture.java:1931)
	at org.apache.ratis.server.impl.RaftServerImpl.executeSubmitServerRequestAsync(RaftServerImpl.java:817)
	at org.apache.ratis.server.impl.RaftServerProxy.lambda$appendEntriesAsync$27(RaftServerProxy.java:634)
	at java.base/java.util.concurrent.CompletableFuture.uniComposeStage(CompletableFuture.java:1106)
	at java.base/java.util.concurrent.CompletableFuture.thenCompose(CompletableFuture.java:2235)
	at org.apache.ratis.server.impl.RaftServerProxy.appendEntriesAsync(RaftServerProxy.java:634)
	at org.apache.ratis.grpc.server.GrpcServerProtocolService$1.process(GrpcServerProtocolService.java:219)
	at org.apache.ratis.grpc.server.GrpcServerProtocolService$1.process(GrpcServerProtocolService.java:216)
	at org.apache.ratis.grpc.server.GrpcServerProtocolService$ServerRequestStreamObserver.onNext(GrpcServerProtocolService.java:124)
	at org.apache.ratis.thirdparty.io.grpc.stub.ServerCalls$StreamingServerCallHandler$StreamingServerCallListener.onMessage(ServerCalls.java:262)
	at org.apache.ratis.thirdparty.io.grpc.ForwardingServerCallListener.onMessage(ForwardingServerCallListener.java:33)
	at org.apache.ratis.thirdparty.io.grpc.internal.ServerCallImpl$ServerStreamListenerImpl.messagesAvailableInternal(ServerCallImpl.java:332)
	at org.apache.ratis.thirdparty.io.grpc.internal.ServerCallImpl$ServerStreamListenerImpl.messagesAvailable(ServerCallImpl.java:315)
	at org.apache.ratis.thirdparty.io.grpc.internal.ServerImpl$JumpToApplicationThreadServerStreamListener$1MessagesAvailable.runInContext(ServerImpl.java:834)
	at org.apache.ratis.thirdparty.io.grpc.internal.ContextRunnable.run(ContextRunnable.java:37)
	at org.apache.ratis.thirdparty.io.grpc.internal.SerializingExecutor.run(SerializingExecutor.java:133)
	at java.base/java.util.concurrent.ThreadPoolExecutor.runWorker(ThreadPoolExecutor.java:1128)
	at java.base/java.util.concurrent.ThreadPoolExecutor$Worker.run(ThreadPoolExecutor.java:628)
	at java.base/java.lang.Thread.run(Thread.java:829)
2023-02-09 08:26:12,792 [grpc-default-executor-2] INFO  leader.FollowerInfo (FollowerInfoImpl.java:lambda$new$0(52)) - s1@group-5D8BFF2AC38C->s0: nextIndex: updateUnconditionally 85 -> 83
2023-02-09 08:26:12,826 [grpc-default-executor-3] WARN  server.GrpcServerProtocolService (LogUtils.java:warn(124)) - s0: Failed APPEND_ENTRIES request s1->s0#18-t2,previous=(t:1, i:82),leaderCommit=84,initializing? true,entries: size=2, first=(t:2, i:83), CONFIGURATIONENTRY(current:id: "s0"
address: "localhost:42371"
dataStreamAddress: "localhost:43129"
clientAddress: "localhost:36379"
adminAddress: "localhost:36531"
startupRole: FOLLOWER
,id: "s1"
address: "localhost:35679"
dataStreamAddress: "localhost:42433"
clientAddress: "localhost:41371"
adminAddress: "localhost:44855"
startupRole: FOLLOWER
,id: "s2"
address: "localhost:39787"
dataStreamAddress: "localhost:33651"
clientAddress: "localhost:41113"
adminAddress: "localhost:44467"
startupRole: FOLLOWER
, old:)
java.util.concurrent.CompletionException: java.util.concurrent.RejectedExecutionException: Task java.util.concurrent.CompletableFuture$AsyncSupply@71ce3311 rejected from java.util.concurrent.ThreadPoolExecutor@4ecb30e4[Terminated, pool size = 0, active threads = 0, queued tasks = 0, completed tasks = 0]
	at java.base/java.util.concurrent.CompletableFuture.encodeThrowable(CompletableFuture.java:314)
	at java.base/java.util.concurrent.CompletableFuture.uniComposeStage(CompletableFuture.java:1113)
	at java.base/java.util.concurrent.CompletableFuture.thenCompose(CompletableFuture.java:2235)
	at org.apache.ratis.server.impl.RaftServerProxy.appendEntriesAsync(RaftServerProxy.java:634)
	at org.apache.ratis.grpc.server.GrpcServerProtocolService$1.process(GrpcServerProtocolService.java:219)
	at org.apache.ratis.grpc.server.GrpcServerProtocolService$1.process(GrpcServerProtocolService.java:216)
	at org.apache.ratis.grpc.server.GrpcServerProtocolService$ServerRequestStreamObserver.onNext(GrpcServerProtocolService.java:124)
	at org.apache.ratis.thirdparty.io.grpc.stub.ServerCalls$StreamingServerCallHandler$StreamingServerCallListener.onMessage(ServerCalls.java:262)
	at org.apache.ratis.thirdparty.io.grpc.ForwardingServerCallListener.onMessage(ForwardingServerCallListener.java:33)
	at org.apache.ratis.thirdparty.io.grpc.internal.ServerCallImpl$ServerStreamListenerImpl.messagesAvailableInternal(ServerCallImpl.java:332)
	at org.apache.ratis.thirdparty.io.grpc.internal.ServerCallImpl$ServerStreamListenerImpl.messagesAvailable(ServerCallImpl.java:315)
	at org.apache.ratis.thirdparty.io.grpc.internal.ServerImpl$JumpToApplicationThreadServerStreamListener$1MessagesAvailable.runInContext(ServerImpl.java:834)
	at org.apache.ratis.thirdparty.io.grpc.internal.ContextRunnable.run(ContextRunnable.java:37)
	at org.apache.ratis.thirdparty.io.grpc.internal.SerializingExecutor.run(SerializingExecutor.java:133)
	at java.base/java.util.concurrent.ThreadPoolExecutor.runWorker(ThreadPoolExecutor.java:1128)
	at java.base/java.util.concurrent.ThreadPoolExecutor$Worker.run(ThreadPoolExecutor.java:628)
	at java.base/java.lang.Thread.run(Thread.java:829)
Caused by: java.util.concurrent.RejectedExecutionException: Task java.util.concurrent.CompletableFuture$AsyncSupply@71ce3311 rejected from java.util.concurrent.ThreadPoolExecutor@4ecb30e4[Terminated, pool size = 0, active threads = 0, queued tasks = 0, completed tasks = 0]
	at java.base/java.util.concurrent.ThreadPoolExecutor$AbortPolicy.rejectedExecution(ThreadPoolExecutor.java:2055)
	at java.base/java.util.concurrent.ThreadPoolExecutor.reject(ThreadPoolExecutor.java:825)
	at java.base/java.util.concurrent.ThreadPoolExecutor.execute(ThreadPoolExecutor.java:1355)
	at java.base/java.util.concurrent.CompletableFuture.asyncSupplyStage(CompletableFuture.java:1714)
	at java.base/java.util.concurrent.CompletableFuture.supplyAsync(CompletableFuture.java:1931)
	at org.apache.ratis.server.impl.RaftServerImpl.executeSubmitServerRequestAsync(RaftServerImpl.java:817)
	at org.apache.ratis.server.impl.RaftServerProxy.lambda$appendEntriesAsync$27(RaftServerProxy.java:634)
	at java.base/java.util.concurrent.CompletableFuture.uniComposeStage(CompletableFuture.java:1106)
	... 15 more
2023-02-09 08:26:12,830 [grpc-default-executor-2] WARN  server.GrpcLogAppender (LogUtils.java:warn(124)) - s1@group-5D8BFF2AC38C->s0-AppendLogResponseHandler: Failed appendEntries
java.util.concurrent.RejectedExecutionException: Task java.util.concurrent.CompletableFuture$AsyncSupply@71ce3311 rejected from java.util.concurrent.ThreadPoolExecutor@4ecb30e4[Terminated, pool size = 0, active threads = 0, queued tasks = 0, completed tasks = 0]
	at java.base/java.util.concurrent.ThreadPoolExecutor$AbortPolicy.rejectedExecution(ThreadPoolExecutor.java:2055)
	at java.base/java.util.concurrent.ThreadPoolExecutor.reject(ThreadPoolExecutor.java:825)
	at java.base/java.util.concurrent.ThreadPoolExecutor.execute(ThreadPoolExecutor.java:1355)
	at java.base/java.util.concurrent.CompletableFuture.asyncSupplyStage(CompletableFuture.java:1714)
	at java.base/java.util.concurrent.CompletableFuture.supplyAsync(CompletableFuture.java:1931)
	at org.apache.ratis.server.impl.RaftServerImpl.executeSubmitServerRequestAsync(RaftServerImpl.java:817)
	at org.apache.ratis.server.impl.RaftServerProxy.lambda$appendEntriesAsync$27(RaftServerProxy.java:634)
	at java.base/java.util.concurrent.CompletableFuture.uniComposeStage(CompletableFuture.java:1106)
	at java.base/java.util.concurrent.CompletableFuture.thenCompose(CompletableFuture.java:2235)
	at org.apache.ratis.server.impl.RaftServerProxy.appendEntriesAsync(RaftServerProxy.java:634)
	at org.apache.ratis.grpc.server.GrpcServerProtocolService$1.process(GrpcServerProtocolService.java:219)
	at org.apache.ratis.grpc.server.GrpcServerProtocolService$1.process(GrpcServerProtocolService.java:216)
	at org.apache.ratis.grpc.server.GrpcServerProtocolService$ServerRequestStreamObserver.onNext(GrpcServerProtocolService.java:124)
	at org.apache.ratis.thirdparty.io.grpc.stub.ServerCalls$StreamingServerCallHandler$StreamingServerCallListener.onMessage(ServerCalls.java:262)
	at org.apache.ratis.thirdparty.io.grpc.ForwardingServerCallListener.onMessage(ForwardingServerCallListener.java:33)
	at org.apache.ratis.thirdparty.io.grpc.internal.ServerCallImpl$ServerStreamListenerImpl.messagesAvailableInternal(ServerCallImpl.java:332)
	at org.apache.ratis.thirdparty.io.grpc.internal.ServerCallImpl$ServerStreamListenerImpl.messagesAvailable(ServerCallImpl.java:315)
	at org.apache.ratis.thirdparty.io.grpc.internal.ServerImpl$JumpToApplicationThreadServerStreamListener$1MessagesAvailable.runInContext(ServerImpl.java:834)
	at org.apache.ratis.thirdparty.io.grpc.internal.ContextRunnable.run(ContextRunnable.java:37)
	at org.apache.ratis.thirdparty.io.grpc.internal.SerializingExecutor.run(SerializingExecutor.java:133)
	at java.base/java.util.concurrent.ThreadPoolExecutor.runWorker(ThreadPoolExecutor.java:1128)
	at java.base/java.util.concurrent.ThreadPoolExecutor$Worker.run(ThreadPoolExecutor.java:628)
	at java.base/java.lang.Thread.run(Thread.java:829)
2023-02-09 08:26:12,831 [grpc-default-executor-2] INFO  leader.FollowerInfo (FollowerInfoImpl.java:lambda$new$0(52)) - s1@group-5D8BFF2AC38C->s0: nextIndex: updateUnconditionally 85 -> 83
2023-02-09 08:26:12,847 [s2-server-thread4] DEBUG raftlog.RaftLog (SegmentedRaftLog.java:appendImpl(446)) - truncateIndex=-1, arrayIndex=0
2023-02-09 08:26:12,848 [grpc-default-executor-3] WARN  server.GrpcServerProtocolService (LogUtils.java:warn(124)) - s0: Failed APPEND_ENTRIES request s1->s0#19-t2,previous=(t:1, i:82),leaderCommit=84,initializing? true,entries: size=3, first=(t:2, i:83), CONFIGURATIONENTRY(current:id: "s0"
address: "localhost:42371"
dataStreamAddress: "localhost:43129"
clientAddress: "localhost:36379"
adminAddress: "localhost:36531"
startupRole: FOLLOWER
,id: "s1"
address: "localhost:35679"
dataStreamAddress: "localhost:42433"
clientAddress: "localhost:41371"
adminAddress: "localhost:44855"
startupRole: FOLLOWER
,id: "s2"
address: "localhost:39787"
dataStreamAddress: "localhost:33651"
clientAddress: "localhost:41113"
adminAddress: "localhost:44467"
startupRole: FOLLOWER
, old:)
java.util.concurrent.CompletionException: java.util.concurrent.RejectedExecutionException: Task java.util.concurrent.CompletableFuture$AsyncSupply@72f81ef7 rejected from java.util.concurrent.ThreadPoolExecutor@4ecb30e4[Terminated, pool size = 0, active threads = 0, queued tasks = 0, completed tasks = 0]
	at java.base/java.util.concurrent.CompletableFuture.encodeThrowable(CompletableFuture.java:314)
	at java.base/java.util.concurrent.CompletableFuture.uniComposeStage(CompletableFuture.java:1113)
	at java.base/java.util.concurrent.CompletableFuture.thenCompose(CompletableFuture.java:2235)
	at org.apache.ratis.server.impl.RaftServerProxy.appendEntriesAsync(RaftServerProxy.java:634)
	at org.apache.ratis.grpc.server.GrpcServerProtocolService$1.process(GrpcServerProtocolService.java:219)
	at org.apache.ratis.grpc.server.GrpcServerProtocolService$1.process(GrpcServerProtocolService.java:216)
	at org.apache.ratis.grpc.server.GrpcServerProtocolService$ServerRequestStreamObserver.onNext(GrpcServerProtocolService.java:124)
	at org.apache.ratis.thirdparty.io.grpc.stub.ServerCalls$StreamingServerCallHandler$StreamingServerCallListener.onMessage(ServerCalls.java:262)
	at org.apache.ratis.thirdparty.io.grpc.ForwardingServerCallListener.onMessage(ForwardingServerCallListener.java:33)
	at org.apache.ratis.thirdparty.io.grpc.internal.ServerCallImpl$ServerStreamListenerImpl.messagesAvailableInternal(ServerCallImpl.java:332)
	at org.apache.ratis.thirdparty.io.grpc.internal.ServerCallImpl$ServerStreamListenerImpl.messagesAvailable(ServerCallImpl.java:315)
	at org.apache.ratis.thirdparty.io.grpc.internal.ServerImpl$JumpToApplicationThreadServerStreamListener$1MessagesAvailable.runInContext(ServerImpl.java:834)
	at org.apache.ratis.thirdparty.io.grpc.internal.ContextRunnable.run(ContextRunnable.java:37)
	at org.apache.ratis.thirdparty.io.grpc.internal.SerializingExecutor.run(SerializingExecutor.java:133)
	at java.base/java.util.concurrent.ThreadPoolExecutor.runWorker(ThreadPoolExecutor.java:1128)
	at java.base/java.util.concurrent.ThreadPoolExecutor$Worker.run(ThreadPoolExecutor.java:628)
	at java.base/java.lang.Thread.run(Thread.java:829)
Caused by: java.util.concurrent.RejectedExecutionException: Task java.util.concurrent.CompletableFuture$AsyncSupply@72f81ef7 rejected from java.util.concurrent.ThreadPoolExecutor@4ecb30e4[Terminated, pool size = 0, active threads = 0, queued tasks = 0, completed tasks = 0]
	at java.base/java.util.concurrent.ThreadPoolExecutor$AbortPolicy.rejectedExecution(ThreadPoolExecutor.java:2055)
	at java.base/java.util.concurrent.ThreadPoolExecutor.reject(ThreadPoolExecutor.java:825)
	at java.base/java.util.concurrent.ThreadPoolExecutor.execute(ThreadPoolExecutor.java:1355)
	at java.base/java.util.concurrent.CompletableFuture.asyncSupplyStage(CompletableFuture.java:1714)
	at java.base/java.util.concurrent.CompletableFuture.supplyAsync(CompletableFuture.java:1931)
	at org.apache.ratis.server.impl.RaftServerImpl.executeSubmitServerRequestAsync(RaftServerImpl.java:817)
	at org.apache.ratis.server.impl.RaftServerProxy.lambda$appendEntriesAsync$27(RaftServerProxy.java:634)
	at java.base/java.util.concurrent.CompletableFuture.uniComposeStage(CompletableFuture.java:1106)
	... 15 more
2023-02-09 08:26:12,851 [s1@group-5D8BFF2AC38C-StateMachineUpdater] INFO  impl.SimpleStateMachine4Testing (SimpleStateMachine4Testing.java:put(205)) - s1: put 85, m40 -> (t:2, i:85), STATEMACHINELOGENTRY, 426@client-F516C80A2025
2023-02-09 08:26:12,852 [s2-server-thread4] DEBUG raftlog.RaftLog (SegmentedRaftLog.java:appendImpl(446)) - truncateIndex=-1, arrayIndex=0
2023-02-09 08:26:12,853 [s2@group-5D8BFF2AC38C-StateMachineUpdater] INFO  impl.SimpleStateMachine4Testing (SimpleStateMachine4Testing.java:put(205)) - s2: put 85, m40 -> (t:2, i:85), STATEMACHINELOGENTRY, 426@client-F516C80A2025
2023-02-09 08:26:12,857 [s2-server-thread4] DEBUG raftlog.RaftLog (SegmentedRaftLog.java:appendImpl(446)) - truncateIndex=-1, arrayIndex=0
2023-02-09 08:26:12,857 [grpc-default-executor-3] WARN  server.GrpcLogAppender (LogUtils.java:warn(124)) - s1@group-5D8BFF2AC38C->s0-AppendLogResponseHandler: Failed appendEntries
java.util.concurrent.RejectedExecutionException: Task java.util.concurrent.CompletableFuture$AsyncSupply@72f81ef7 rejected from java.util.concurrent.ThreadPoolExecutor@4ecb30e4[Terminated, pool size = 0, active threads = 0, queued tasks = 0, completed tasks = 0]
	at java.base/java.util.concurrent.ThreadPoolExecutor$AbortPolicy.rejectedExecution(ThreadPoolExecutor.java:2055)
	at java.base/java.util.concurrent.ThreadPoolExecutor.reject(ThreadPoolExecutor.java:825)
	at java.base/java.util.concurrent.ThreadPoolExecutor.execute(ThreadPoolExecutor.java:1355)
	at java.base/java.util.concurrent.CompletableFuture.asyncSupplyStage(CompletableFuture.java:1714)
	at java.base/java.util.concurrent.CompletableFuture.supplyAsync(CompletableFuture.java:1931)
	at org.apache.ratis.server.impl.RaftServerImpl.executeSubmitServerRequestAsync(RaftServerImpl.java:817)
	at org.apache.ratis.server.impl.RaftServerProxy.lambda$appendEntriesAsync$27(RaftServerProxy.java:634)
	at java.base/java.util.concurrent.CompletableFuture.uniComposeStage(CompletableFuture.java:1106)
	at java.base/java.util.concurrent.CompletableFuture.thenCompose(CompletableFuture.java:2235)
	at org.apache.ratis.server.impl.RaftServerProxy.appendEntriesAsync(RaftServerProxy.java:634)
	at org.apache.ratis.grpc.server.GrpcServerProtocolService$1.process(GrpcServerProtocolService.java:219)
	at org.apache.ratis.grpc.server.GrpcServerProtocolService$1.process(GrpcServerProtocolService.java:216)
	at org.apache.ratis.grpc.server.GrpcServerProtocolService$ServerRequestStreamObserver.onNext(GrpcServerProtocolService.java:124)
	at org.apache.ratis.thirdparty.io.grpc.stub.ServerCalls$StreamingServerCallHandler$StreamingServerCallListener.onMessage(ServerCalls.java:262)
	at org.apache.ratis.thirdparty.io.grpc.ForwardingServerCallListener.onMessage(ForwardingServerCallListener.java:33)
	at org.apache.ratis.thirdparty.io.grpc.internal.ServerCallImpl$ServerStreamListenerImpl.messagesAvailableInternal(ServerCallImpl.java:332)
	at org.apache.ratis.thirdparty.io.grpc.internal.ServerCallImpl$ServerStreamListenerImpl.messagesAvailable(ServerCallImpl.java:315)
	at org.apache.ratis.thirdparty.io.grpc.internal.ServerImpl$JumpToApplicationThreadServerStreamListener$1MessagesAvailable.runInContext(ServerImpl.java:834)
	at org.apache.ratis.thirdparty.io.grpc.internal.ContextRunnable.run(ContextRunnable.java:37)
	at org.apache.ratis.thirdparty.io.grpc.internal.SerializingExecutor.run(SerializingExecutor.java:133)
	at java.base/java.util.concurrent.ThreadPoolExecutor.runWorker(ThreadPoolExecutor.java:1128)
	at java.base/java.util.concurrent.ThreadPoolExecutor$Worker.run(ThreadPoolExecutor.java:628)
	at java.base/java.lang.Thread.run(Thread.java:829)
2023-02-09 08:26:12,858 [grpc-default-executor-3] INFO  leader.FollowerInfo (FollowerInfoImpl.java:lambda$new$0(52)) - s1@group-5D8BFF2AC38C->s0: nextIndex: updateUnconditionally 86 -> 83
2023-02-09 08:26:12,859 [s1@group-5D8BFF2AC38C-StateMachineUpdater] INFO  impl.SimpleStateMachine4Testing (SimpleStateMachine4Testing.java:put(205)) - s1: put 87, m41 -> (t:2, i:87), STATEMACHINELOGENTRY, 427@client-F516C80A2025
2023-02-09 08:26:12,859 [s2-server-thread4] DEBUG raftlog.RaftLog (SegmentedRaftLog.java:appendImpl(446)) - truncateIndex=-1, arrayIndex=0
2023-02-09 08:26:12,860 [grpc-default-executor-7] WARN  server.GrpcServerProtocolService (LogUtils.java:warn(124)) - s0: Failed APPEND_ENTRIES request s1->s0#23-t2,previous=(t:1, i:82),leaderCommit=87,initializing? true,entries: size=5, first=(t:2, i:83), CONFIGURATIONENTRY(current:id: "s0"
address: "localhost:42371"
dataStreamAddress: "localhost:43129"
clientAddress: "localhost:36379"
adminAddress: "localhost:36531"
startupRole: FOLLOWER
,id: "s1"
address: "localhost:35679"
dataStreamAddress: "localhost:42433"
clientAddress: "localhost:41371"
adminAddress: "localhost:44855"
startupRole: FOLLOWER
,id: "s2"
address: "localhost:39787"
dataStreamAddress: "localhost:33651"
clientAddress: "localhost:41113"
adminAddress: "localhost:44467"
startupRole: FOLLOWER
, old:)
java.util.concurrent.CompletionException: java.util.concurrent.RejectedExecutionException: Task java.util.concurrent.CompletableFuture$AsyncSupply@5ac90449 rejected from java.util.concurrent.ThreadPoolExecutor@4ecb30e4[Terminated, pool size = 0, active threads = 0, queued tasks = 0, completed tasks = 0]
	at java.base/java.util.concurrent.CompletableFuture.encodeThrowable(CompletableFuture.java:314)
	at java.base/java.util.concurrent.CompletableFuture.uniComposeStage(CompletableFuture.java:1113)
	at java.base/java.util.concurrent.CompletableFuture.thenCompose(CompletableFuture.java:2235)
	at org.apache.ratis.server.impl.RaftServerProxy.appendEntriesAsync(RaftServerProxy.java:634)
	at org.apache.ratis.grpc.server.GrpcServerProtocolService$1.process(GrpcServerProtocolService.java:219)
	at org.apache.ratis.grpc.server.GrpcServerProtocolService$1.process(GrpcServerProtocolService.java:216)
	at org.apache.ratis.grpc.server.GrpcServerProtocolService$ServerRequestStreamObserver.onNext(GrpcServerProtocolService.java:124)
	at org.apache.ratis.thirdparty.io.grpc.stub.ServerCalls$StreamingServerCallHandler$StreamingServerCallListener.onMessage(ServerCalls.java:262)
	at org.apache.ratis.thirdparty.io.grpc.ForwardingServerCallListener.onMessage(ForwardingServerCallListener.java:33)
	at org.apache.ratis.thirdparty.io.grpc.internal.ServerCallImpl$ServerStreamListenerImpl.messagesAvailableInternal(ServerCallImpl.java:332)
	at org.apache.ratis.thirdparty.io.grpc.internal.ServerCallImpl$ServerStreamListenerImpl.messagesAvailable(ServerCallImpl.java:315)
	at org.apache.ratis.thirdparty.io.grpc.internal.ServerImpl$JumpToApplicationThreadServerStreamListener$1MessagesAvailable.runInContext(ServerImpl.java:834)
	at org.apache.ratis.thirdparty.io.grpc.internal.ContextRunnable.run(ContextRunnable.java:37)
	at org.apache.ratis.thirdparty.io.grpc.internal.SerializingExecutor.run(SerializingExecutor.java:133)
	at java.base/java.util.concurrent.ThreadPoolExecutor.runWorker(ThreadPoolExecutor.java:1128)
	at java.base/java.util.concurrent.ThreadPoolExecutor$Worker.run(ThreadPoolExecutor.java:628)
	at java.base/java.lang.Thread.run(Thread.java:829)
Caused by: java.util.concurrent.RejectedExecutionException: Task java.util.concurrent.CompletableFuture$AsyncSupply@5ac90449 rejected from java.util.concurrent.ThreadPoolExecutor@4ecb30e4[Terminated, pool size = 0, active threads = 0, queued tasks = 0, completed tasks = 0]
	at java.base/java.util.concurrent.ThreadPoolExecutor$AbortPolicy.rejectedExecution(ThreadPoolExecutor.java:2055)
	at java.base/java.util.concurrent.ThreadPoolExecutor.reject(ThreadPoolExecutor.java:825)
	at java.base/java.util.concurrent.ThreadPoolExecutor.execute(ThreadPoolExecutor.java:1355)
	at java.base/java.util.concurrent.CompletableFuture.asyncSupplyStage(CompletableFuture.java:1714)
	at java.base/java.util.concurrent.CompletableFuture.supplyAsync(CompletableFuture.java:1931)
	at org.apache.ratis.server.impl.RaftServerImpl.executeSubmitServerRequestAsync(RaftServerImpl.java:817)
	at org.apache.ratis.server.impl.RaftServerProxy.lambda$appendEntriesAsync$27(RaftServerProxy.java:634)
	at java.base/java.util.concurrent.CompletableFuture.uniComposeStage(CompletableFuture.java:1106)
	... 15 more
2023-02-09 08:26:12,861 [s2@group-5D8BFF2AC38C-StateMachineUpdater] INFO  impl.SimpleStateMachine4Testing (SimpleStateMachine4Testing.java:put(205)) - s2: put 87, m41 -> (t:2, i:87), STATEMACHINELOGENTRY, 427@client-F516C80A2025
2023-02-09 08:26:12,863 [grpc-default-executor-2] WARN  server.GrpcLogAppender (LogUtils.java:warn(124)) - s1@group-5D8BFF2AC38C->s0-AppendLogResponseHandler: Failed appendEntries
java.util.concurrent.RejectedExecutionException: Task java.util.concurrent.CompletableFuture$AsyncSupply@5ac90449 rejected from java.util.concurrent.ThreadPoolExecutor@4ecb30e4[Terminated, pool size = 0, active threads = 0, queued tasks = 0, completed tasks = 0]
	at java.base/java.util.concurrent.ThreadPoolExecutor$AbortPolicy.rejectedExecution(ThreadPoolExecutor.java:2055)
	at java.base/java.util.concurrent.ThreadPoolExecutor.reject(ThreadPoolExecutor.java:825)
	at java.base/java.util.concurrent.ThreadPoolExecutor.execute(ThreadPoolExecutor.java:1355)
	at java.base/java.util.concurrent.CompletableFuture.asyncSupplyStage(CompletableFuture.java:1714)
	at java.base/java.util.concurrent.CompletableFuture.supplyAsync(CompletableFuture.java:1931)
	at org.apache.ratis.server.impl.RaftServerImpl.executeSubmitServerRequestAsync(RaftServerImpl.java:817)
	at org.apache.ratis.server.impl.RaftServerProxy.lambda$appendEntriesAsync$27(RaftServerProxy.java:634)
	at java.base/java.util.concurrent.CompletableFuture.uniComposeStage(CompletableFuture.java:1106)
	at java.base/java.util.concurrent.CompletableFuture.thenCompose(CompletableFuture.java:2235)
	at org.apache.ratis.server.impl.RaftServerProxy.appendEntriesAsync(RaftServerProxy.java:634)
	at org.apache.ratis.grpc.server.GrpcServerProtocolService$1.process(GrpcServerProtocolService.java:219)
	at org.apache.ratis.grpc.server.GrpcServerProtocolService$1.process(GrpcServerProtocolService.java:216)
	at org.apache.ratis.grpc.server.GrpcServerProtocolService$ServerRequestStreamObserver.onNext(GrpcServerProtocolService.java:124)
	at org.apache.ratis.thirdparty.io.grpc.stub.ServerCalls$StreamingServerCallHandler$StreamingServerCallListener.onMessage(ServerCalls.java:262)
	at org.apache.ratis.thirdparty.io.grpc.ForwardingServerCallListener.onMessage(ForwardingServerCallListener.java:33)
	at org.apache.ratis.thirdparty.io.grpc.internal.ServerCallImpl$ServerStreamListenerImpl.messagesAvailableInternal(ServerCallImpl.java:332)
	at org.apache.ratis.thirdparty.io.grpc.internal.ServerCallImpl$ServerStreamListenerImpl.messagesAvailable(ServerCallImpl.java:315)
	at org.apache.ratis.thirdparty.io.grpc.internal.ServerImpl$JumpToApplicationThreadServerStreamListener$1MessagesAvailable.runInContext(ServerImpl.java:834)
	at org.apache.ratis.thirdparty.io.grpc.internal.ContextRunnable.run(ContextRunnable.java:37)
	at org.apache.ratis.thirdparty.io.grpc.internal.SerializingExecutor.run(SerializingExecutor.java:133)
	at java.base/java.util.concurrent.ThreadPoolExecutor.runWorker(ThreadPoolExecutor.java:1128)
	at java.base/java.util.concurrent.ThreadPoolExecutor$Worker.run(ThreadPoolExecutor.java:628)
	at java.base/java.lang.Thread.run(Thread.java:829)
2023-02-09 08:26:12,863 [grpc-default-executor-2] INFO  leader.FollowerInfo (FollowerInfoImpl.java:lambda$new$0(52)) - s1@group-5D8BFF2AC38C->s0: nextIndex: updateUnconditionally 88 -> 83
2023-02-09 08:26:12,865 [s2-server-thread4] DEBUG raftlog.RaftLog (SegmentedRaftLog.java:appendImpl(446)) - truncateIndex=-1, arrayIndex=0
2023-02-09 08:26:12,866 [grpc-default-executor-2] WARN  server.GrpcServerProtocolService (LogUtils.java:warn(124)) - s0: Failed APPEND_ENTRIES request s1->s0#25-t2,previous=(t:1, i:82),leaderCommit=88,initializing? true,entries: size=7, first=(t:2, i:83), CONFIGURATIONENTRY(current:id: "s0"
address: "localhost:42371"
dataStreamAddress: "localhost:43129"
clientAddress: "localhost:36379"
adminAddress: "localhost:36531"
startupRole: FOLLOWER
,id: "s1"
address: "localhost:35679"
dataStreamAddress: "localhost:42433"
clientAddress: "localhost:41371"
adminAddress: "localhost:44855"
startupRole: FOLLOWER
,id: "s2"
address: "localhost:39787"
dataStreamAddress: "localhost:33651"
clientAddress: "localhost:41113"
adminAddress: "localhost:44467"
startupRole: FOLLOWER
, old:)
java.util.concurrent.CompletionException: java.util.concurrent.RejectedExecutionException: Task java.util.concurrent.CompletableFuture$AsyncSupply@2735b0ea rejected from java.util.concurrent.ThreadPoolExecutor@4ecb30e4[Terminated, pool size = 0, active threads = 0, queued tasks = 0, completed tasks = 0]
	at java.base/java.util.concurrent.CompletableFuture.encodeThrowable(CompletableFuture.java:314)
	at java.base/java.util.concurrent.CompletableFuture.uniComposeStage(CompletableFuture.java:1113)
	at java.base/java.util.concurrent.CompletableFuture.thenCompose(CompletableFuture.java:2235)
	at org.apache.ratis.server.impl.RaftServerProxy.appendEntriesAsync(RaftServerProxy.java:634)
	at org.apache.ratis.grpc.server.GrpcServerProtocolService$1.process(GrpcServerProtocolService.java:219)
	at org.apache.ratis.grpc.server.GrpcServerProtocolService$1.process(GrpcServerProtocolService.java:216)
	at org.apache.ratis.grpc.server.GrpcServerProtocolService$ServerRequestStreamObserver.onNext(GrpcServerProtocolService.java:124)
	at org.apache.ratis.thirdparty.io.grpc.stub.ServerCalls$StreamingServerCallHandler$StreamingServerCallListener.onMessage(ServerCalls.java:262)
	at org.apache.ratis.thirdparty.io.grpc.ForwardingServerCallListener.onMessage(ForwardingServerCallListener.java:33)
	at org.apache.ratis.thirdparty.io.grpc.internal.ServerCallImpl$ServerStreamListenerImpl.messagesAvailableInternal(ServerCallImpl.java:332)
	at org.apache.ratis.thirdparty.io.grpc.internal.ServerCallImpl$ServerStreamListenerImpl.messagesAvailable(ServerCallImpl.java:315)
	at org.apache.ratis.thirdparty.io.grpc.internal.ServerImpl$JumpToApplicationThreadServerStreamListener$1MessagesAvailable.runInContext(ServerImpl.java:834)
	at org.apache.ratis.thirdparty.io.grpc.internal.ContextRunnable.run(ContextRunnable.java:37)
	at org.apache.ratis.thirdparty.io.grpc.internal.SerializingExecutor.run(SerializingExecutor.java:133)
	at java.base/java.util.concurrent.ThreadPoolExecutor.runWorker(ThreadPoolExecutor.java:1128)
	at java.base/java.util.concurrent.ThreadPoolExecutor$Worker.run(ThreadPoolExecutor.java:628)
	at java.base/java.lang.Thread.run(Thread.java:829)
Caused by: java.util.concurrent.RejectedExecutionException: Task java.util.concurrent.CompletableFuture$AsyncSupply@2735b0ea rejected from java.util.concurrent.ThreadPoolExecutor@4ecb30e4[Terminated, pool size = 0, active threads = 0, queued tasks = 0, completed tasks = 0]
	at java.base/java.util.concurrent.ThreadPoolExecutor$AbortPolicy.rejectedExecution(ThreadPoolExecutor.java:2055)
	at java.base/java.util.concurrent.ThreadPoolExecutor.reject(ThreadPoolExecutor.java:825)
	at java.base/java.util.concurrent.ThreadPoolExecutor.execute(ThreadPoolExecutor.java:1355)
	at java.base/java.util.concurrent.CompletableFuture.asyncSupplyStage(CompletableFuture.java:1714)
	at java.base/java.util.concurrent.CompletableFuture.supplyAsync(CompletableFuture.java:1931)
	at org.apache.ratis.server.impl.RaftServerImpl.executeSubmitServerRequestAsync(RaftServerImpl.java:817)
	at org.apache.ratis.server.impl.RaftServerProxy.lambda$appendEntriesAsync$27(RaftServerProxy.java:634)
	at java.base/java.util.concurrent.CompletableFuture.uniComposeStage(CompletableFuture.java:1106)
	... 15 more
2023-02-09 08:26:12,868 [s1@group-5D8BFF2AC38C-StateMachineUpdater] INFO  impl.SimpleStateMachine4Testing (SimpleStateMachine4Testing.java:put(205)) - s1: put 89, m42 -> (t:2, i:89), STATEMACHINELOGENTRY, 428@client-F516C80A2025
2023-02-09 08:26:12,869 [grpc-default-executor-7] WARN  server.GrpcLogAppender (LogUtils.java:warn(124)) - s1@group-5D8BFF2AC38C->s0-AppendLogResponseHandler: Failed appendEntries
java.util.concurrent.RejectedExecutionException: Task java.util.concurrent.CompletableFuture$AsyncSupply@2735b0ea rejected from java.util.concurrent.ThreadPoolExecutor@4ecb30e4[Terminated, pool size = 0, active threads = 0, queued tasks = 0, completed tasks = 0]
	at java.base/java.util.concurrent.ThreadPoolExecutor$AbortPolicy.rejectedExecution(ThreadPoolExecutor.java:2055)
	at java.base/java.util.concurrent.ThreadPoolExecutor.reject(ThreadPoolExecutor.java:825)
	at java.base/java.util.concurrent.ThreadPoolExecutor.execute(ThreadPoolExecutor.java:1355)
	at java.base/java.util.concurrent.CompletableFuture.asyncSupplyStage(CompletableFuture.java:1714)
	at java.base/java.util.concurrent.CompletableFuture.supplyAsync(CompletableFuture.java:1931)
	at org.apache.ratis.server.impl.RaftServerImpl.executeSubmitServerRequestAsync(RaftServerImpl.java:817)
	at org.apache.ratis.server.impl.RaftServerProxy.lambda$appendEntriesAsync$27(RaftServerProxy.java:634)
	at java.base/java.util.concurrent.CompletableFuture.uniComposeStage(CompletableFuture.java:1106)
	at java.base/java.util.concurrent.CompletableFuture.thenCompose(CompletableFuture.java:2235)
	at org.apache.ratis.server.impl.RaftServerProxy.appendEntriesAsync(RaftServerProxy.java:634)
	at org.apache.ratis.grpc.server.GrpcServerProtocolService$1.process(GrpcServerProtocolService.java:219)
	at org.apache.ratis.grpc.server.GrpcServerProtocolService$1.process(GrpcServerProtocolService.java:216)
	at org.apache.ratis.grpc.server.GrpcServerProtocolService$ServerRequestStreamObserver.onNext(GrpcServerProtocolService.java:124)
	at org.apache.ratis.thirdparty.io.grpc.stub.ServerCalls$StreamingServerCallHandler$StreamingServerCallListener.onMessage(ServerCalls.java:262)
	at org.apache.ratis.thirdparty.io.grpc.ForwardingServerCallListener.onMessage(ForwardingServerCallListener.java:33)
	at org.apache.ratis.thirdparty.io.grpc.internal.ServerCallImpl$ServerStreamListenerImpl.messagesAvailableInternal(ServerCallImpl.java:332)
	at org.apache.ratis.thirdparty.io.grpc.internal.ServerCallImpl$ServerStreamListenerImpl.messagesAvailable(ServerCallImpl.java:315)
	at org.apache.ratis.thirdparty.io.grpc.internal.ServerImpl$JumpToApplicationThreadServerStreamListener$1MessagesAvailable.runInContext(ServerImpl.java:834)
	at org.apache.ratis.thirdparty.io.grpc.internal.ContextRunnable.run(ContextRunnable.java:37)
	at org.apache.ratis.thirdparty.io.grpc.internal.SerializingExecutor.run(SerializingExecutor.java:133)
	at java.base/java.util.concurrent.ThreadPoolExecutor.runWorker(ThreadPoolExecutor.java:1128)
	at java.base/java.util.concurrent.ThreadPoolExecutor$Worker.run(ThreadPoolExecutor.java:628)
	at java.base/java.lang.Thread.run(Thread.java:829)
2023-02-09 08:26:12,870 [grpc-default-executor-7] INFO  leader.FollowerInfo (FollowerInfoImpl.java:lambda$new$0(52)) - s1@group-5D8BFF2AC38C->s0: nextIndex: updateUnconditionally 90 -> 83
2023-02-09 08:26:12,873 [s2-server-thread4] DEBUG raftlog.RaftLog (SegmentedRaftLog.java:appendImpl(446)) - truncateIndex=-1, arrayIndex=0
2023-02-09 08:26:12,874 [s2@group-5D8BFF2AC38C-StateMachineUpdater] INFO  impl.SimpleStateMachine4Testing (SimpleStateMachine4Testing.java:put(205)) - s2: put 89, m42 -> (t:2, i:89), STATEMACHINELOGENTRY, 428@client-F516C80A2025
2023-02-09 08:26:12,879 [s2-server-thread4] DEBUG raftlog.RaftLog (SegmentedRaftLog.java:appendImpl(446)) - truncateIndex=-1, arrayIndex=0
2023-02-09 08:26:12,880 [grpc-default-executor-7] WARN  server.GrpcServerProtocolService (LogUtils.java:warn(124)) - s0: Failed APPEND_ENTRIES request s1->s0#27-t2,previous=(t:1, i:82),leaderCommit=89,initializing? true,entries: size=8, first=(t:2, i:83), CONFIGURATIONENTRY(current:id: "s0"
address: "localhost:42371"
dataStreamAddress: "localhost:43129"
clientAddress: "localhost:36379"
adminAddress: "localhost:36531"
startupRole: FOLLOWER
,id: "s1"
address: "localhost:35679"
dataStreamAddress: "localhost:42433"
clientAddress: "localhost:41371"
adminAddress: "localhost:44855"
startupRole: FOLLOWER
,id: "s2"
address: "localhost:39787"
dataStreamAddress: "localhost:33651"
clientAddress: "localhost:41113"
adminAddress: "localhost:44467"
startupRole: FOLLOWER
, old:)
java.util.concurrent.CompletionException: java.util.concurrent.RejectedExecutionException: Task java.util.concurrent.CompletableFuture$AsyncSupply@322a93ac rejected from java.util.concurrent.ThreadPoolExecutor@4ecb30e4[Terminated, pool size = 0, active threads = 0, queued tasks = 0, completed tasks = 0]
	at java.base/java.util.concurrent.CompletableFuture.encodeThrowable(CompletableFuture.java:314)
	at java.base/java.util.concurrent.CompletableFuture.uniComposeStage(CompletableFuture.java:1113)
	at java.base/java.util.concurrent.CompletableFuture.thenCompose(CompletableFuture.java:2235)
	at org.apache.ratis.server.impl.RaftServerProxy.appendEntriesAsync(RaftServerProxy.java:634)
	at org.apache.ratis.grpc.server.GrpcServerProtocolService$1.process(GrpcServerProtocolService.java:219)
	at org.apache.ratis.grpc.server.GrpcServerProtocolService$1.process(GrpcServerProtocolService.java:216)
	at org.apache.ratis.grpc.server.GrpcServerProtocolService$ServerRequestStreamObserver.onNext(GrpcServerProtocolService.java:124)
	at org.apache.ratis.thirdparty.io.grpc.stub.ServerCalls$StreamingServerCallHandler$StreamingServerCallListener.onMessage(ServerCalls.java:262)
	at org.apache.ratis.thirdparty.io.grpc.ForwardingServerCallListener.onMessage(ForwardingServerCallListener.java:33)
	at org.apache.ratis.thirdparty.io.grpc.internal.ServerCallImpl$ServerStreamListenerImpl.messagesAvailableInternal(ServerCallImpl.java:332)
	at org.apache.ratis.thirdparty.io.grpc.internal.ServerCallImpl$ServerStreamListenerImpl.messagesAvailable(ServerCallImpl.java:315)
	at org.apache.ratis.thirdparty.io.grpc.internal.ServerImpl$JumpToApplicationThreadServerStreamListener$1MessagesAvailable.runInContext(ServerImpl.java:834)
	at org.apache.ratis.thirdparty.io.grpc.internal.ContextRunnable.run(ContextRunnable.java:37)
	at org.apache.ratis.thirdparty.io.grpc.internal.SerializingExecutor.run(SerializingExecutor.java:133)
	at java.base/java.util.concurrent.ThreadPoolExecutor.runWorker(ThreadPoolExecutor.java:1128)
	at java.base/java.util.concurrent.ThreadPoolExecutor$Worker.run(ThreadPoolExecutor.java:628)
	at java.base/java.lang.Thread.run(Thread.java:829)
Caused by: java.util.concurrent.RejectedExecutionException: Task java.util.concurrent.CompletableFuture$AsyncSupply@322a93ac rejected from java.util.concurrent.ThreadPoolExecutor@4ecb30e4[Terminated, pool size = 0, active threads = 0, queued tasks = 0, completed tasks = 0]
	at java.base/java.util.concurrent.ThreadPoolExecutor$AbortPolicy.rejectedExecution(ThreadPoolExecutor.java:2055)
	at java.base/java.util.concurrent.ThreadPoolExecutor.reject(ThreadPoolExecutor.java:825)
	at java.base/java.util.concurrent.ThreadPoolExecutor.execute(ThreadPoolExecutor.java:1355)
	at java.base/java.util.concurrent.CompletableFuture.asyncSupplyStage(CompletableFuture.java:1714)
	at java.base/java.util.concurrent.CompletableFuture.supplyAsync(CompletableFuture.java:1931)
	at org.apache.ratis.server.impl.RaftServerImpl.executeSubmitServerRequestAsync(RaftServerImpl.java:817)
	at org.apache.ratis.server.impl.RaftServerProxy.lambda$appendEntriesAsync$27(RaftServerProxy.java:634)
	at java.base/java.util.concurrent.CompletableFuture.uniComposeStage(CompletableFuture.java:1106)
	... 15 more
2023-02-09 08:26:12,882 [s1@group-5D8BFF2AC38C-StateMachineUpdater] INFO  impl.SimpleStateMachine4Testing (SimpleStateMachine4Testing.java:put(205)) - s1: put 91, m43 -> (t:2, i:91), STATEMACHINELOGENTRY, 429@client-F516C80A2025
2023-02-09 08:26:12,883 [grpc-default-executor-3] WARN  server.GrpcLogAppender (LogUtils.java:warn(124)) - s1@group-5D8BFF2AC38C->s0-AppendLogResponseHandler: Failed appendEntries
java.util.concurrent.RejectedExecutionException: Task java.util.concurrent.CompletableFuture$AsyncSupply@322a93ac rejected from java.util.concurrent.ThreadPoolExecutor@4ecb30e4[Terminated, pool size = 0, active threads = 0, queued tasks = 0, completed tasks = 0]
	at java.base/java.util.concurrent.ThreadPoolExecutor$AbortPolicy.rejectedExecution(ThreadPoolExecutor.java:2055)
	at java.base/java.util.concurrent.ThreadPoolExecutor.reject(ThreadPoolExecutor.java:825)
	at java.base/java.util.concurrent.ThreadPoolExecutor.execute(ThreadPoolExecutor.java:1355)
	at java.base/java.util.concurrent.CompletableFuture.asyncSupplyStage(CompletableFuture.java:1714)
	at java.base/java.util.concurrent.CompletableFuture.supplyAsync(CompletableFuture.java:1931)
	at org.apache.ratis.server.impl.RaftServerImpl.executeSubmitServerRequestAsync(RaftServerImpl.java:817)
	at org.apache.ratis.server.impl.RaftServerProxy.lambda$appendEntriesAsync$27(RaftServerProxy.java:634)
	at java.base/java.util.concurrent.CompletableFuture.uniComposeStage(CompletableFuture.java:1106)
	at java.base/java.util.concurrent.CompletableFuture.thenCompose(CompletableFuture.java:2235)
	at org.apache.ratis.server.impl.RaftServerProxy.appendEntriesAsync(RaftServerProxy.java:634)
	at org.apache.ratis.grpc.server.GrpcServerProtocolService$1.process(GrpcServerProtocolService.java:219)
	at org.apache.ratis.grpc.server.GrpcServerProtocolService$1.process(GrpcServerProtocolService.java:216)
	at org.apache.ratis.grpc.server.GrpcServerProtocolService$ServerRequestStreamObserver.onNext(GrpcServerProtocolService.java:124)
	at org.apache.ratis.thirdparty.io.grpc.stub.ServerCalls$StreamingServerCallHandler$StreamingServerCallListener.onMessage(ServerCalls.java:262)
	at org.apache.ratis.thirdparty.io.grpc.ForwardingServerCallListener.onMessage(ForwardingServerCallListener.java:33)
	at org.apache.ratis.thirdparty.io.grpc.internal.ServerCallImpl$ServerStreamListenerImpl.messagesAvailableInternal(ServerCallImpl.java:332)
	at org.apache.ratis.thirdparty.io.grpc.internal.ServerCallImpl$ServerStreamListenerImpl.messagesAvailable(ServerCallImpl.java:315)
	at org.apache.ratis.thirdparty.io.grpc.internal.ServerImpl$JumpToApplicationThreadServerStreamListener$1MessagesAvailable.runInContext(ServerImpl.java:834)
	at org.apache.ratis.thirdparty.io.grpc.internal.ContextRunnable.run(ContextRunnable.java:37)
	at org.apache.ratis.thirdparty.io.grpc.internal.SerializingExecutor.run(SerializingExecutor.java:133)
	at java.base/java.util.concurrent.ThreadPoolExecutor.runWorker(ThreadPoolExecutor.java:1128)
	at java.base/java.util.concurrent.ThreadPoolExecutor$Worker.run(ThreadPoolExecutor.java:628)
	at java.base/java.lang.Thread.run(Thread.java:829)
2023-02-09 08:26:12,884 [grpc-default-executor-3] INFO  leader.FollowerInfo (FollowerInfoImpl.java:lambda$new$0(52)) - s1@group-5D8BFF2AC38C->s0: nextIndex: updateUnconditionally 91 -> 83
2023-02-09 08:26:12,885 [grpc-default-executor-5] WARN  server.GrpcServerProtocolService (LogUtils.java:warn(124)) - s0: Failed APPEND_ENTRIES request s1->s0#29-t2,previous=(t:1, i:82),leaderCommit=91,initializing? true,entries: size=11, first=(t:2, i:83), CONFIGURATIONENTRY(current:id: "s0"
address: "localhost:42371"
dataStreamAddress: "localhost:43129"
clientAddress: "localhost:36379"
adminAddress: "localhost:36531"
startupRole: FOLLOWER
,id: "s1"
address: "localhost:35679"
dataStreamAddress: "localhost:42433"
clientAddress: "localhost:41371"
adminAddress: "localhost:44855"
startupRole: FOLLOWER
,id: "s2"
address: "localhost:39787"
dataStreamAddress: "localhost:33651"
clientAddress: "localhost:41113"
adminAddress: "localhost:44467"
startupRole: FOLLOWER
, old:)
java.util.concurrent.CompletionException: java.util.concurrent.RejectedExecutionException: Task java.util.concurrent.CompletableFuture$AsyncSupply@6b153850 rejected from java.util.concurrent.ThreadPoolExecutor@4ecb30e4[Terminated, pool size = 0, active threads = 0, queued tasks = 0, completed tasks = 0]
	at java.base/java.util.concurrent.CompletableFuture.encodeThrowable(CompletableFuture.java:314)
	at java.base/java.util.concurrent.CompletableFuture.uniComposeStage(CompletableFuture.java:1113)
	at java.base/java.util.concurrent.CompletableFuture.thenCompose(CompletableFuture.java:2235)
	at org.apache.ratis.server.impl.RaftServerProxy.appendEntriesAsync(RaftServerProxy.java:634)
	at org.apache.ratis.grpc.server.GrpcServerProtocolService$1.process(GrpcServerProtocolService.java:219)
	at org.apache.ratis.grpc.server.GrpcServerProtocolService$1.process(GrpcServerProtocolService.java:216)
	at org.apache.ratis.grpc.server.GrpcServerProtocolService$ServerRequestStreamObserver.onNext(GrpcServerProtocolService.java:124)
	at org.apache.ratis.thirdparty.io.grpc.stub.ServerCalls$StreamingServerCallHandler$StreamingServerCallListener.onMessage(ServerCalls.java:262)
	at org.apache.ratis.thirdparty.io.grpc.ForwardingServerCallListener.onMessage(ForwardingServerCallListener.java:33)
	at org.apache.ratis.thirdparty.io.grpc.internal.ServerCallImpl$ServerStreamListenerImpl.messagesAvailableInternal(ServerCallImpl.java:332)
	at org.apache.ratis.thirdparty.io.grpc.internal.ServerCallImpl$ServerStreamListenerImpl.messagesAvailable(ServerCallImpl.java:315)
	at org.apache.ratis.thirdparty.io.grpc.internal.ServerImpl$JumpToApplicationThreadServerStreamListener$1MessagesAvailable.runInContext(ServerImpl.java:834)
	at org.apache.ratis.thirdparty.io.grpc.internal.ContextRunnable.run(ContextRunnable.java:37)
	at org.apache.ratis.thirdparty.io.grpc.internal.SerializingExecutor.run(SerializingExecutor.java:133)
	at java.base/java.util.concurrent.ThreadPoolExecutor.runWorker(ThreadPoolExecutor.java:1128)
	at java.base/java.util.concurrent.ThreadPoolExecutor$Worker.run(ThreadPoolExecutor.java:628)
	at java.base/java.lang.Thread.run(Thread.java:829)
Caused by: java.util.concurrent.RejectedExecutionException: Task java.util.concurrent.CompletableFuture$AsyncSupply@6b153850 rejected from java.util.concurrent.ThreadPoolExecutor@4ecb30e4[Terminated, pool size = 0, active threads = 0, queued tasks = 0, completed tasks = 0]
	at java.base/java.util.concurrent.ThreadPoolExecutor$AbortPolicy.rejectedExecution(ThreadPoolExecutor.java:2055)
	at java.base/java.util.concurrent.ThreadPoolExecutor.reject(ThreadPoolExecutor.java:825)
	at java.base/java.util.concurrent.ThreadPoolExecutor.execute(ThreadPoolExecutor.java:1355)
	at java.base/java.util.concurrent.CompletableFuture.asyncSupplyStage(CompletableFuture.java:1714)
	at java.base/java.util.concurrent.CompletableFuture.supplyAsync(CompletableFuture.java:1931)
	at org.apache.ratis.server.impl.RaftServerImpl.executeSubmitServerRequestAsync(RaftServerImpl.java:817)
	at org.apache.ratis.server.impl.RaftServerProxy.lambda$appendEntriesAsync$27(RaftServerProxy.java:634)
	at java.base/java.util.concurrent.CompletableFuture.uniComposeStage(CompletableFuture.java:1106)
	... 15 more
2023-02-09 08:26:12,886 [s2-server-thread4] DEBUG raftlog.RaftLog (SegmentedRaftLog.java:appendImpl(446)) - truncateIndex=-1, arrayIndex=0
2023-02-09 08:26:12,886 [s2-server-thread4] DEBUG raftlog.RaftLog (SegmentedRaftLog.java:appendImpl(446)) - truncateIndex=-1, arrayIndex=0
2023-02-09 08:26:12,887 [grpc-default-executor-2] WARN  server.GrpcLogAppender (LogUtils.java:warn(124)) - s1@group-5D8BFF2AC38C->s0-AppendLogResponseHandler: Failed appendEntries
java.util.concurrent.RejectedExecutionException: Task java.util.concurrent.CompletableFuture$AsyncSupply@6b153850 rejected from java.util.concurrent.ThreadPoolExecutor@4ecb30e4[Terminated, pool size = 0, active threads = 0, queued tasks = 0, completed tasks = 0]
	at java.base/java.util.concurrent.ThreadPoolExecutor$AbortPolicy.rejectedExecution(ThreadPoolExecutor.java:2055)
	at java.base/java.util.concurrent.ThreadPoolExecutor.reject(ThreadPoolExecutor.java:825)
	at java.base/java.util.concurrent.ThreadPoolExecutor.execute(ThreadPoolExecutor.java:1355)
	at java.base/java.util.concurrent.CompletableFuture.asyncSupplyStage(CompletableFuture.java:1714)
	at java.base/java.util.concurrent.CompletableFuture.supplyAsync(CompletableFuture.java:1931)
	at org.apache.ratis.server.impl.RaftServerImpl.executeSubmitServerRequestAsync(RaftServerImpl.java:817)
	at org.apache.ratis.server.impl.RaftServerProxy.lambda$appendEntriesAsync$27(RaftServerProxy.java:634)
	at java.base/java.util.concurrent.CompletableFuture.uniComposeStage(CompletableFuture.java:1106)
	at java.base/java.util.concurrent.CompletableFuture.thenCompose(CompletableFuture.java:2235)
	at org.apache.ratis.server.impl.RaftServerProxy.appendEntriesAsync(RaftServerProxy.java:634)
	at org.apache.ratis.grpc.server.GrpcServerProtocolService$1.process(GrpcServerProtocolService.java:219)
	at org.apache.ratis.grpc.server.GrpcServerProtocolService$1.process(GrpcServerProtocolService.java:216)
	at org.apache.ratis.grpc.server.GrpcServerProtocolService$ServerRequestStreamObserver.onNext(GrpcServerProtocolService.java:124)
	at org.apache.ratis.thirdparty.io.grpc.stub.ServerCalls$StreamingServerCallHandler$StreamingServerCallListener.onMessage(ServerCalls.java:262)
	at org.apache.ratis.thirdparty.io.grpc.ForwardingServerCallListener.onMessage(ForwardingServerCallListener.java:33)
	at org.apache.ratis.thirdparty.io.grpc.internal.ServerCallImpl$ServerStreamListenerImpl.messagesAvailableInternal(ServerCallImpl.java:332)
	at org.apache.ratis.thirdparty.io.grpc.internal.ServerCallImpl$ServerStreamListenerImpl.messagesAvailable(ServerCallImpl.java:315)
	at org.apache.ratis.thirdparty.io.grpc.internal.ServerImpl$JumpToApplicationThreadServerStreamListener$1MessagesAvailable.runInContext(ServerImpl.java:834)
	at org.apache.ratis.thirdparty.io.grpc.internal.ContextRunnable.run(ContextRunnable.java:37)
	at org.apache.ratis.thirdparty.io.grpc.internal.SerializingExecutor.run(SerializingExecutor.java:133)
	at java.base/java.util.concurrent.ThreadPoolExecutor.runWorker(ThreadPoolExecutor.java:1128)
	at java.base/java.util.concurrent.ThreadPoolExecutor$Worker.run(ThreadPoolExecutor.java:628)
	at java.base/java.lang.Thread.run(Thread.java:829)
2023-02-09 08:26:12,887 [grpc-default-executor-2] INFO  leader.FollowerInfo (FollowerInfoImpl.java:lambda$new$0(52)) - s1@group-5D8BFF2AC38C->s0: nextIndex: updateUnconditionally 94 -> 83
2023-02-09 08:26:12,888 [s2@group-5D8BFF2AC38C-StateMachineUpdater] INFO  impl.SimpleStateMachine4Testing (SimpleStateMachine4Testing.java:put(205)) - s2: put 91, m43 -> (t:2, i:91), STATEMACHINELOGENTRY, 429@client-F516C80A2025
2023-02-09 08:26:12,889 [s1@group-5D8BFF2AC38C-StateMachineUpdater] INFO  impl.SimpleStateMachine4Testing (SimpleStateMachine4Testing.java:put(205)) - s1: put 93, m44 -> (t:2, i:93), STATEMACHINELOGENTRY, 430@client-F516C80A2025
2023-02-09 08:26:12,890 [grpc-default-executor-3] WARN  server.GrpcServerProtocolService (LogUtils.java:warn(124)) - s0: Failed APPEND_ENTRIES request s1->s0#30-t2,previous=(t:1, i:82),leaderCommit=92,initializing? true,entries: size=11, first=(t:2, i:83), CONFIGURATIONENTRY(current:id: "s0"
address: "localhost:42371"
dataStreamAddress: "localhost:43129"
clientAddress: "localhost:36379"
adminAddress: "localhost:36531"
startupRole: FOLLOWER
,id: "s1"
address: "localhost:35679"
dataStreamAddress: "localhost:42433"
clientAddress: "localhost:41371"
adminAddress: "localhost:44855"
startupRole: FOLLOWER
,id: "s2"
address: "localhost:39787"
dataStreamAddress: "localhost:33651"
clientAddress: "localhost:41113"
adminAddress: "localhost:44467"
startupRole: FOLLOWER
, old:)
java.util.concurrent.CompletionException: java.util.concurrent.RejectedExecutionException: Task java.util.concurrent.CompletableFuture$AsyncSupply@62dada97 rejected from java.util.concurrent.ThreadPoolExecutor@4ecb30e4[Terminated, pool size = 0, active threads = 0, queued tasks = 0, completed tasks = 0]
	at java.base/java.util.concurrent.CompletableFuture.encodeThrowable(CompletableFuture.java:314)
	at java.base/java.util.concurrent.CompletableFuture.uniComposeStage(CompletableFuture.java:1113)
	at java.base/java.util.concurrent.CompletableFuture.thenCompose(CompletableFuture.java:2235)
	at org.apache.ratis.server.impl.RaftServerProxy.appendEntriesAsync(RaftServerProxy.java:634)
	at org.apache.ratis.grpc.server.GrpcServerProtocolService$1.process(GrpcServerProtocolService.java:219)
	at org.apache.ratis.grpc.server.GrpcServerProtocolService$1.process(GrpcServerProtocolService.java:216)
	at org.apache.ratis.grpc.server.GrpcServerProtocolService$ServerRequestStreamObserver.onNext(GrpcServerProtocolService.java:124)
	at org.apache.ratis.thirdparty.io.grpc.stub.ServerCalls$StreamingServerCallHandler$StreamingServerCallListener.onMessage(ServerCalls.java:262)
	at org.apache.ratis.thirdparty.io.grpc.ForwardingServerCallListener.onMessage(ForwardingServerCallListener.java:33)
	at org.apache.ratis.thirdparty.io.grpc.internal.ServerCallImpl$ServerStreamListenerImpl.messagesAvailableInternal(ServerCallImpl.java:332)
	at org.apache.ratis.thirdparty.io.grpc.internal.ServerCallImpl$ServerStreamListenerImpl.messagesAvailable(ServerCallImpl.java:315)
	at org.apache.ratis.thirdparty.io.grpc.internal.ServerImpl$JumpToApplicationThreadServerStreamListener$1MessagesAvailable.runInContext(ServerImpl.java:834)
	at org.apache.ratis.thirdparty.io.grpc.internal.ContextRunnable.run(ContextRunnable.java:37)
	at org.apache.ratis.thirdparty.io.grpc.internal.SerializingExecutor.run(SerializingExecutor.java:133)
	at java.base/java.util.concurrent.ThreadPoolExecutor.runWorker(ThreadPoolExecutor.java:1128)
	at java.base/java.util.concurrent.ThreadPoolExecutor$Worker.run(ThreadPoolExecutor.java:628)
	at java.base/java.lang.Thread.run(Thread.java:829)
Caused by: java.util.concurrent.RejectedExecutionException: Task java.util.concurrent.CompletableFuture$AsyncSupply@62dada97 rejected from java.util.concurrent.ThreadPoolExecutor@4ecb30e4[Terminated, pool size = 0, active threads = 0, queued tasks = 0, completed tasks = 0]
	at java.base/java.util.concurrent.ThreadPoolExecutor$AbortPolicy.rejectedExecution(ThreadPoolExecutor.java:2055)
	at java.base/java.util.concurrent.ThreadPoolExecutor.reject(ThreadPoolExecutor.java:825)
	at java.base/java.util.concurrent.ThreadPoolExecutor.execute(ThreadPoolExecutor.java:1355)
	at java.base/java.util.concurrent.CompletableFuture.asyncSupplyStage(CompletableFuture.java:1714)
	at java.base/java.util.concurrent.CompletableFuture.supplyAsync(CompletableFuture.java:1931)
	at org.apache.ratis.server.impl.RaftServerImpl.executeSubmitServerRequestAsync(RaftServerImpl.java:817)
	at org.apache.ratis.server.impl.RaftServerProxy.lambda$appendEntriesAsync$27(RaftServerProxy.java:634)
	at java.base/java.util.concurrent.CompletableFuture.uniComposeStage(CompletableFuture.java:1106)
	... 15 more
2023-02-09 08:26:12,893 [s2-server-thread4] DEBUG raftlog.RaftLog (SegmentedRaftLog.java:appendImpl(446)) - truncateIndex=-1, arrayIndex=0
2023-02-09 08:26:12,893 [grpc-default-executor-3] WARN  server.GrpcLogAppender (LogUtils.java:warn(124)) - s1@group-5D8BFF2AC38C->s0-AppendLogResponseHandler: Failed appendEntries
java.util.concurrent.RejectedExecutionException: Task java.util.concurrent.CompletableFuture$AsyncSupply@62dada97 rejected from java.util.concurrent.ThreadPoolExecutor@4ecb30e4[Terminated, pool size = 0, active threads = 0, queued tasks = 0, completed tasks = 0]
	at java.base/java.util.concurrent.ThreadPoolExecutor$AbortPolicy.rejectedExecution(ThreadPoolExecutor.java:2055)
	at java.base/java.util.concurrent.ThreadPoolExecutor.reject(ThreadPoolExecutor.java:825)
	at java.base/java.util.concurrent.ThreadPoolExecutor.execute(ThreadPoolExecutor.java:1355)
	at java.base/java.util.concurrent.CompletableFuture.asyncSupplyStage(CompletableFuture.java:1714)
	at java.base/java.util.concurrent.CompletableFuture.supplyAsync(CompletableFuture.java:1931)
	at org.apache.ratis.server.impl.RaftServerImpl.executeSubmitServerRequestAsync(RaftServerImpl.java:817)
	at org.apache.ratis.server.impl.RaftServerProxy.lambda$appendEntriesAsync$27(RaftServerProxy.java:634)
	at java.base/java.util.concurrent.CompletableFuture.uniComposeStage(CompletableFuture.java:1106)
	at java.base/java.util.concurrent.CompletableFuture.thenCompose(CompletableFuture.java:2235)
	at org.apache.ratis.server.impl.RaftServerProxy.appendEntriesAsync(RaftServerProxy.java:634)
	at org.apache.ratis.grpc.server.GrpcServerProtocolService$1.process(GrpcServerProtocolService.java:219)
	at org.apache.ratis.grpc.server.GrpcServerProtocolService$1.process(GrpcServerProtocolService.java:216)
	at org.apache.ratis.grpc.server.GrpcServerProtocolService$ServerRequestStreamObserver.onNext(GrpcServerProtocolService.java:124)
	at org.apache.ratis.thirdparty.io.grpc.stub.ServerCalls$StreamingServerCallHandler$StreamingServerCallListener.onMessage(ServerCalls.java:262)
	at org.apache.ratis.thirdparty.io.grpc.ForwardingServerCallListener.onMessage(ForwardingServerCallListener.java:33)
	at org.apache.ratis.thirdparty.io.grpc.internal.ServerCallImpl$ServerStreamListenerImpl.messagesAvailableInternal(ServerCallImpl.java:332)
	at org.apache.ratis.thirdparty.io.grpc.internal.ServerCallImpl$ServerStreamListenerImpl.messagesAvailable(ServerCallImpl.java:315)
	at org.apache.ratis.thirdparty.io.grpc.internal.ServerImpl$JumpToApplicationThreadServerStreamListener$1MessagesAvailable.runInContext(ServerImpl.java:834)
	at org.apache.ratis.thirdparty.io.grpc.internal.ContextRunnable.run(ContextRunnable.java:37)
	at org.apache.ratis.thirdparty.io.grpc.internal.SerializingExecutor.run(SerializingExecutor.java:133)
	at java.base/java.util.concurrent.ThreadPoolExecutor.runWorker(ThreadPoolExecutor.java:1128)
	at java.base/java.util.concurrent.ThreadPoolExecutor$Worker.run(ThreadPoolExecutor.java:628)
	at java.base/java.lang.Thread.run(Thread.java:829)
2023-02-09 08:26:12,894 [grpc-default-executor-3] INFO  leader.FollowerInfo (FollowerInfoImpl.java:lambda$new$0(52)) - s1@group-5D8BFF2AC38C->s0: nextIndex: updateUnconditionally 94 -> 83
2023-02-09 08:26:12,894 [s2@group-5D8BFF2AC38C-StateMachineUpdater] INFO  impl.SimpleStateMachine4Testing (SimpleStateMachine4Testing.java:put(205)) - s2: put 93, m44 -> (t:2, i:93), STATEMACHINELOGENTRY, 430@client-F516C80A2025
2023-02-09 08:26:12,895 [grpc-default-executor-7] WARN  server.GrpcServerProtocolService (LogUtils.java:warn(124)) - s0: Failed APPEND_ENTRIES request s1->s0#32-t2,previous=(t:1, i:82),leaderCommit=93,initializing? true,entries: size=12, first=(t:2, i:83), CONFIGURATIONENTRY(current:id: "s0"
address: "localhost:42371"
dataStreamAddress: "localhost:43129"
clientAddress: "localhost:36379"
adminAddress: "localhost:36531"
startupRole: FOLLOWER
,id: "s1"
address: "localhost:35679"
dataStreamAddress: "localhost:42433"
clientAddress: "localhost:41371"
adminAddress: "localhost:44855"
startupRole: FOLLOWER
,id: "s2"
address: "localhost:39787"
dataStreamAddress: "localhost:33651"
clientAddress: "localhost:41113"
adminAddress: "localhost:44467"
startupRole: FOLLOWER
, old:)
java.util.concurrent.CompletionException: java.util.concurrent.RejectedExecutionException: Task java.util.concurrent.CompletableFuture$AsyncSupply@727898f4 rejected from java.util.concurrent.ThreadPoolExecutor@4ecb30e4[Terminated, pool size = 0, active threads = 0, queued tasks = 0, completed tasks = 0]
	at java.base/java.util.concurrent.CompletableFuture.encodeThrowable(CompletableFuture.java:314)
	at java.base/java.util.concurrent.CompletableFuture.uniComposeStage(CompletableFuture.java:1113)
	at java.base/java.util.concurrent.CompletableFuture.thenCompose(CompletableFuture.java:2235)
	at org.apache.ratis.server.impl.RaftServerProxy.appendEntriesAsync(RaftServerProxy.java:634)
	at org.apache.ratis.grpc.server.GrpcServerProtocolService$1.process(GrpcServerProtocolService.java:219)
	at org.apache.ratis.grpc.server.GrpcServerProtocolService$1.process(GrpcServerProtocolService.java:216)
	at org.apache.ratis.grpc.server.GrpcServerProtocolService$ServerRequestStreamObserver.onNext(GrpcServerProtocolService.java:124)
	at org.apache.ratis.thirdparty.io.grpc.stub.ServerCalls$StreamingServerCallHandler$StreamingServerCallListener.onMessage(ServerCalls.java:262)
	at org.apache.ratis.thirdparty.io.grpc.ForwardingServerCallListener.onMessage(ForwardingServerCallListener.java:33)
	at org.apache.ratis.thirdparty.io.grpc.internal.ServerCallImpl$ServerStreamListenerImpl.messagesAvailableInternal(ServerCallImpl.java:332)
	at org.apache.ratis.thirdparty.io.grpc.internal.ServerCallImpl$ServerStreamListenerImpl.messagesAvailable(ServerCallImpl.java:315)
	at org.apache.ratis.thirdparty.io.grpc.internal.ServerImpl$JumpToApplicationThreadServerStreamListener$1MessagesAvailable.runInContext(ServerImpl.java:834)
	at org.apache.ratis.thirdparty.io.grpc.internal.ContextRunnable.run(ContextRunnable.java:37)
	at org.apache.ratis.thirdparty.io.grpc.internal.SerializingExecutor.run(SerializingExecutor.java:133)
	at java.base/java.util.concurrent.ThreadPoolExecutor.runWorker(ThreadPoolExecutor.java:1128)
	at java.base/java.util.concurrent.ThreadPoolExecutor$Worker.run(ThreadPoolExecutor.java:628)
	at java.base/java.lang.Thread.run(Thread.java:829)
Caused by: java.util.concurrent.RejectedExecutionException: Task java.util.concurrent.CompletableFuture$AsyncSupply@727898f4 rejected from java.util.concurrent.ThreadPoolExecutor@4ecb30e4[Terminated, pool size = 0, active threads = 0, queued tasks = 0, completed tasks = 0]
	at java.base/java.util.concurrent.ThreadPoolExecutor$AbortPolicy.rejectedExecution(ThreadPoolExecutor.java:2055)
	at java.base/java.util.concurrent.ThreadPoolExecutor.reject(ThreadPoolExecutor.java:825)
	at java.base/java.util.concurrent.ThreadPoolExecutor.execute(ThreadPoolExecutor.java:1355)
	at java.base/java.util.concurrent.CompletableFuture.asyncSupplyStage(CompletableFuture.java:1714)
	at java.base/java.util.concurrent.CompletableFuture.supplyAsync(CompletableFuture.java:1931)
	at org.apache.ratis.server.impl.RaftServerImpl.executeSubmitServerRequestAsync(RaftServerImpl.java:817)
	at org.apache.ratis.server.impl.RaftServerProxy.lambda$appendEntriesAsync$27(RaftServerProxy.java:634)
	at java.base/java.util.concurrent.CompletableFuture.uniComposeStage(CompletableFuture.java:1106)
	... 15 more
2023-02-09 08:26:12,898 [s2-server-thread4] DEBUG raftlog.RaftLog (SegmentedRaftLog.java:appendImpl(446)) - truncateIndex=-1, arrayIndex=0
2023-02-09 08:26:12,899 [grpc-default-executor-3] WARN  server.GrpcLogAppender (LogUtils.java:warn(124)) - s1@group-5D8BFF2AC38C->s0-AppendLogResponseHandler: Failed appendEntries
java.util.concurrent.RejectedExecutionException: Task java.util.concurrent.CompletableFuture$AsyncSupply@727898f4 rejected from java.util.concurrent.ThreadPoolExecutor@4ecb30e4[Terminated, pool size = 0, active threads = 0, queued tasks = 0, completed tasks = 0]
	at java.base/java.util.concurrent.ThreadPoolExecutor$AbortPolicy.rejectedExecution(ThreadPoolExecutor.java:2055)
	at java.base/java.util.concurrent.ThreadPoolExecutor.reject(ThreadPoolExecutor.java:825)
	at java.base/java.util.concurrent.ThreadPoolExecutor.execute(ThreadPoolExecutor.java:1355)
	at java.base/java.util.concurrent.CompletableFuture.asyncSupplyStage(CompletableFuture.java:1714)
	at java.base/java.util.concurrent.CompletableFuture.supplyAsync(CompletableFuture.java:1931)
	at org.apache.ratis.server.impl.RaftServerImpl.executeSubmitServerRequestAsync(RaftServerImpl.java:817)
	at org.apache.ratis.server.impl.RaftServerProxy.lambda$appendEntriesAsync$27(RaftServerProxy.java:634)
	at java.base/java.util.concurrent.CompletableFuture.uniComposeStage(CompletableFuture.java:1106)
	at java.base/java.util.concurrent.CompletableFuture.thenCompose(CompletableFuture.java:2235)
	at org.apache.ratis.server.impl.RaftServerProxy.appendEntriesAsync(RaftServerProxy.java:634)
	at org.apache.ratis.grpc.server.GrpcServerProtocolService$1.process(GrpcServerProtocolService.java:219)
	at org.apache.ratis.grpc.server.GrpcServerProtocolService$1.process(GrpcServerProtocolService.java:216)
	at org.apache.ratis.grpc.server.GrpcServerProtocolService$ServerRequestStreamObserver.onNext(GrpcServerProtocolService.java:124)
	at org.apache.ratis.thirdparty.io.grpc.stub.ServerCalls$StreamingServerCallHandler$StreamingServerCallListener.onMessage(ServerCalls.java:262)
	at org.apache.ratis.thirdparty.io.grpc.ForwardingServerCallListener.onMessage(ForwardingServerCallListener.java:33)
	at org.apache.ratis.thirdparty.io.grpc.internal.ServerCallImpl$ServerStreamListenerImpl.messagesAvailableInternal(ServerCallImpl.java:332)
	at org.apache.ratis.thirdparty.io.grpc.internal.ServerCallImpl$ServerStreamListenerImpl.messagesAvailable(ServerCallImpl.java:315)
	at org.apache.ratis.thirdparty.io.grpc.internal.ServerImpl$JumpToApplicationThreadServerStreamListener$1MessagesAvailable.runInContext(ServerImpl.java:834)
	at org.apache.ratis.thirdparty.io.grpc.internal.ContextRunnable.run(ContextRunnable.java:37)
	at org.apache.ratis.thirdparty.io.grpc.internal.SerializingExecutor.run(SerializingExecutor.java:133)
	at java.base/java.util.concurrent.ThreadPoolExecutor.runWorker(ThreadPoolExecutor.java:1128)
	at java.base/java.util.concurrent.ThreadPoolExecutor$Worker.run(ThreadPoolExecutor.java:628)
	at java.base/java.lang.Thread.run(Thread.java:829)
2023-02-09 08:26:12,900 [grpc-default-executor-3] INFO  leader.FollowerInfo (FollowerInfoImpl.java:lambda$new$0(52)) - s1@group-5D8BFF2AC38C->s0: nextIndex: updateUnconditionally 95 -> 83
2023-02-09 08:26:12,900 [s1@group-5D8BFF2AC38C-StateMachineUpdater] INFO  impl.SimpleStateMachine4Testing (SimpleStateMachine4Testing.java:put(205)) - s1: put 95, m45 -> (t:2, i:95), STATEMACHINELOGENTRY, 431@client-F516C80A2025
2023-02-09 08:26:12,901 [s2-server-thread4] DEBUG raftlog.RaftLog (SegmentedRaftLog.java:appendImpl(446)) - truncateIndex=-1, arrayIndex=0
2023-02-09 08:26:12,901 [grpc-default-executor-8] WARN  server.GrpcServerProtocolService (LogUtils.java:warn(124)) - s0: Failed APPEND_ENTRIES request s1->s0#35-t2,previous=(t:1, i:82),leaderCommit=94,initializing? true,entries: size=13, first=(t:2, i:83), CONFIGURATIONENTRY(current:id: "s0"
address: "localhost:42371"
dataStreamAddress: "localhost:43129"
clientAddress: "localhost:36379"
adminAddress: "localhost:36531"
startupRole: FOLLOWER
,id: "s1"
address: "localhost:35679"
dataStreamAddress: "localhost:42433"
clientAddress: "localhost:41371"
adminAddress: "localhost:44855"
startupRole: FOLLOWER
,id: "s2"
address: "localhost:39787"
dataStreamAddress: "localhost:33651"
clientAddress: "localhost:41113"
adminAddress: "localhost:44467"
startupRole: FOLLOWER
, old:)
java.util.concurrent.CompletionException: java.util.concurrent.RejectedExecutionException: Task java.util.concurrent.CompletableFuture$AsyncSupply@7745722d rejected from java.util.concurrent.ThreadPoolExecutor@4ecb30e4[Terminated, pool size = 0, active threads = 0, queued tasks = 0, completed tasks = 0]
	at java.base/java.util.concurrent.CompletableFuture.encodeThrowable(CompletableFuture.java:314)
	at java.base/java.util.concurrent.CompletableFuture.uniComposeStage(CompletableFuture.java:1113)
	at java.base/java.util.concurrent.CompletableFuture.thenCompose(CompletableFuture.java:2235)
	at org.apache.ratis.server.impl.RaftServerProxy.appendEntriesAsync(RaftServerProxy.java:634)
	at org.apache.ratis.grpc.server.GrpcServerProtocolService$1.process(GrpcServerProtocolService.java:219)
	at org.apache.ratis.grpc.server.GrpcServerProtocolService$1.process(GrpcServerProtocolService.java:216)
	at org.apache.ratis.grpc.server.GrpcServerProtocolService$ServerRequestStreamObserver.onNext(GrpcServerProtocolService.java:124)
	at org.apache.ratis.thirdparty.io.grpc.stub.ServerCalls$StreamingServerCallHandler$StreamingServerCallListener.onMessage(ServerCalls.java:262)
	at org.apache.ratis.thirdparty.io.grpc.ForwardingServerCallListener.onMessage(ForwardingServerCallListener.java:33)
	at org.apache.ratis.thirdparty.io.grpc.internal.ServerCallImpl$ServerStreamListenerImpl.messagesAvailableInternal(ServerCallImpl.java:332)
	at org.apache.ratis.thirdparty.io.grpc.internal.ServerCallImpl$ServerStreamListenerImpl.messagesAvailable(ServerCallImpl.java:315)
	at org.apache.ratis.thirdparty.io.grpc.internal.ServerImpl$JumpToApplicationThreadServerStreamListener$1MessagesAvailable.runInContext(ServerImpl.java:834)
	at org.apache.ratis.thirdparty.io.grpc.internal.ContextRunnable.run(ContextRunnable.java:37)
	at org.apache.ratis.thirdparty.io.grpc.internal.SerializingExecutor.run(SerializingExecutor.java:133)
	at java.base/java.util.concurrent.ThreadPoolExecutor.runWorker(ThreadPoolExecutor.java:1128)
	at java.base/java.util.concurrent.ThreadPoolExecutor$Worker.run(ThreadPoolExecutor.java:628)
	at java.base/java.lang.Thread.run(Thread.java:829)
Caused by: java.util.concurrent.RejectedExecutionException: Task java.util.concurrent.CompletableFuture$AsyncSupply@7745722d rejected from java.util.concurrent.ThreadPoolExecutor@4ecb30e4[Terminated, pool size = 0, active threads = 0, queued tasks = 0, completed tasks = 0]
	at java.base/java.util.concurrent.ThreadPoolExecutor$AbortPolicy.rejectedExecution(ThreadPoolExecutor.java:2055)
	at java.base/java.util.concurrent.ThreadPoolExecutor.reject(ThreadPoolExecutor.java:825)
	at java.base/java.util.concurrent.ThreadPoolExecutor.execute(ThreadPoolExecutor.java:1355)
	at java.base/java.util.concurrent.CompletableFuture.asyncSupplyStage(CompletableFuture.java:1714)
	at java.base/java.util.concurrent.CompletableFuture.supplyAsync(CompletableFuture.java:1931)
	at org.apache.ratis.server.impl.RaftServerImpl.executeSubmitServerRequestAsync(RaftServerImpl.java:817)
	at org.apache.ratis.server.impl.RaftServerProxy.lambda$appendEntriesAsync$27(RaftServerProxy.java:634)
	at java.base/java.util.concurrent.CompletableFuture.uniComposeStage(CompletableFuture.java:1106)
	... 15 more
2023-02-09 08:26:12,902 [s2@group-5D8BFF2AC38C-StateMachineUpdater] INFO  impl.SimpleStateMachine4Testing (SimpleStateMachine4Testing.java:put(205)) - s2: put 95, m45 -> (t:2, i:95), STATEMACHINELOGENTRY, 431@client-F516C80A2025
2023-02-09 08:26:12,904 [s2-server-thread4] DEBUG raftlog.RaftLog (SegmentedRaftLog.java:appendImpl(446)) - truncateIndex=-1, arrayIndex=0
2023-02-09 08:26:12,904 [grpc-default-executor-8] WARN  server.GrpcLogAppender (LogUtils.java:warn(124)) - s1@group-5D8BFF2AC38C->s0-AppendLogResponseHandler: Failed appendEntries
java.util.concurrent.RejectedExecutionException: Task java.util.concurrent.CompletableFuture$AsyncSupply@7745722d rejected from java.util.concurrent.ThreadPoolExecutor@4ecb30e4[Terminated, pool size = 0, active threads = 0, queued tasks = 0, completed tasks = 0]
	at java.base/java.util.concurrent.ThreadPoolExecutor$AbortPolicy.rejectedExecution(ThreadPoolExecutor.java:2055)
	at java.base/java.util.concurrent.ThreadPoolExecutor.reject(ThreadPoolExecutor.java:825)
	at java.base/java.util.concurrent.ThreadPoolExecutor.execute(ThreadPoolExecutor.java:1355)
	at java.base/java.util.concurrent.CompletableFuture.asyncSupplyStage(CompletableFuture.java:1714)
	at java.base/java.util.concurrent.CompletableFuture.supplyAsync(CompletableFuture.java:1931)
	at org.apache.ratis.server.impl.RaftServerImpl.executeSubmitServerRequestAsync(RaftServerImpl.java:817)
	at org.apache.ratis.server.impl.RaftServerProxy.lambda$appendEntriesAsync$27(RaftServerProxy.java:634)
	at java.base/java.util.concurrent.CompletableFuture.uniComposeStage(CompletableFuture.java:1106)
	at java.base/java.util.concurrent.CompletableFuture.thenCompose(CompletableFuture.java:2235)
	at org.apache.ratis.server.impl.RaftServerProxy.appendEntriesAsync(RaftServerProxy.java:634)
	at org.apache.ratis.grpc.server.GrpcServerProtocolService$1.process(GrpcServerProtocolService.java:219)
	at org.apache.ratis.grpc.server.GrpcServerProtocolService$1.process(GrpcServerProtocolService.java:216)
	at org.apache.ratis.grpc.server.GrpcServerProtocolService$ServerRequestStreamObserver.onNext(GrpcServerProtocolService.java:124)
	at org.apache.ratis.thirdparty.io.grpc.stub.ServerCalls$StreamingServerCallHandler$StreamingServerCallListener.onMessage(ServerCalls.java:262)
	at org.apache.ratis.thirdparty.io.grpc.ForwardingServerCallListener.onMessage(ForwardingServerCallListener.java:33)
	at org.apache.ratis.thirdparty.io.grpc.internal.ServerCallImpl$ServerStreamListenerImpl.messagesAvailableInternal(ServerCallImpl.java:332)
	at org.apache.ratis.thirdparty.io.grpc.internal.ServerCallImpl$ServerStreamListenerImpl.messagesAvailable(ServerCallImpl.java:315)
	at org.apache.ratis.thirdparty.io.grpc.internal.ServerImpl$JumpToApplicationThreadServerStreamListener$1MessagesAvailable.runInContext(ServerImpl.java:834)
	at org.apache.ratis.thirdparty.io.grpc.internal.ContextRunnable.run(ContextRunnable.java:37)
	at org.apache.ratis.thirdparty.io.grpc.internal.SerializingExecutor.run(SerializingExecutor.java:133)
	at java.base/java.util.concurrent.ThreadPoolExecutor.runWorker(ThreadPoolExecutor.java:1128)
	at java.base/java.util.concurrent.ThreadPoolExecutor$Worker.run(ThreadPoolExecutor.java:628)
	at java.base/java.lang.Thread.run(Thread.java:829)
2023-02-09 08:26:12,905 [grpc-default-executor-8] INFO  leader.FollowerInfo (FollowerInfoImpl.java:lambda$new$0(52)) - s1@group-5D8BFF2AC38C->s0: nextIndex: updateUnconditionally 96 -> 83
2023-02-09 08:26:12,906 [grpc-default-executor-7] WARN  server.GrpcServerProtocolService (LogUtils.java:warn(124)) - s0: Failed APPEND_ENTRIES request s1->s0#39-t2,previous=(t:1, i:82),leaderCommit=96,initializing? true,entries: size=15, first=(t:2, i:83), CONFIGURATIONENTRY(current:id: "s0"
address: "localhost:42371"
dataStreamAddress: "localhost:43129"
clientAddress: "localhost:36379"
adminAddress: "localhost:36531"
startupRole: FOLLOWER
,id: "s1"
address: "localhost:35679"
dataStreamAddress: "localhost:42433"
clientAddress: "localhost:41371"
adminAddress: "localhost:44855"
startupRole: FOLLOWER
,id: "s2"
address: "localhost:39787"
dataStreamAddress: "localhost:33651"
clientAddress: "localhost:41113"
adminAddress: "localhost:44467"
startupRole: FOLLOWER
, old:)
java.util.concurrent.CompletionException: java.util.concurrent.RejectedExecutionException: Task java.util.concurrent.CompletableFuture$AsyncSupply@4a8e3b6e rejected from java.util.concurrent.ThreadPoolExecutor@4ecb30e4[Terminated, pool size = 0, active threads = 0, queued tasks = 0, completed tasks = 0]
	at java.base/java.util.concurrent.CompletableFuture.encodeThrowable(CompletableFuture.java:314)
	at java.base/java.util.concurrent.CompletableFuture.uniComposeStage(CompletableFuture.java:1113)
	at java.base/java.util.concurrent.CompletableFuture.thenCompose(CompletableFuture.java:2235)
	at org.apache.ratis.server.impl.RaftServerProxy.appendEntriesAsync(RaftServerProxy.java:634)
	at org.apache.ratis.grpc.server.GrpcServerProtocolService$1.process(GrpcServerProtocolService.java:219)
	at org.apache.ratis.grpc.server.GrpcServerProtocolService$1.process(GrpcServerProtocolService.java:216)
	at org.apache.ratis.grpc.server.GrpcServerProtocolService$ServerRequestStreamObserver.onNext(GrpcServerProtocolService.java:124)
	at org.apache.ratis.thirdparty.io.grpc.stub.ServerCalls$StreamingServerCallHandler$StreamingServerCallListener.onMessage(ServerCalls.java:262)
	at org.apache.ratis.thirdparty.io.grpc.ForwardingServerCallListener.onMessage(ForwardingServerCallListener.java:33)
	at org.apache.ratis.thirdparty.io.grpc.internal.ServerCallImpl$ServerStreamListenerImpl.messagesAvailableInternal(ServerCallImpl.java:332)
	at org.apache.ratis.thirdparty.io.grpc.internal.ServerCallImpl$ServerStreamListenerImpl.messagesAvailable(ServerCallImpl.java:315)
	at org.apache.ratis.thirdparty.io.grpc.internal.ServerImpl$JumpToApplicationThreadServerStreamListener$1MessagesAvailable.runInContext(ServerImpl.java:834)
	at org.apache.ratis.thirdparty.io.grpc.internal.ContextRunnable.run(ContextRunnable.java:37)
	at org.apache.ratis.thirdparty.io.grpc.internal.SerializingExecutor.run(SerializingExecutor.java:133)
	at java.base/java.util.concurrent.ThreadPoolExecutor.runWorker(ThreadPoolExecutor.java:1128)
	at java.base/java.util.concurrent.ThreadPoolExecutor$Worker.run(ThreadPoolExecutor.java:628)
	at java.base/java.lang.Thread.run(Thread.java:829)
Caused by: java.util.concurrent.RejectedExecutionException: Task java.util.concurrent.CompletableFuture$AsyncSupply@4a8e3b6e rejected from java.util.concurrent.ThreadPoolExecutor@4ecb30e4[Terminated, pool size = 0, active threads = 0, queued tasks = 0, completed tasks = 0]
	at java.base/java.util.concurrent.ThreadPoolExecutor$AbortPolicy.rejectedExecution(ThreadPoolExecutor.java:2055)
	at java.base/java.util.concurrent.ThreadPoolExecutor.reject(ThreadPoolExecutor.java:825)
	at java.base/java.util.concurrent.ThreadPoolExecutor.execute(ThreadPoolExecutor.java:1355)
	at java.base/java.util.concurrent.CompletableFuture.asyncSupplyStage(CompletableFuture.java:1714)
	at java.base/java.util.concurrent.CompletableFuture.supplyAsync(CompletableFuture.java:1931)
	at org.apache.ratis.server.impl.RaftServerImpl.executeSubmitServerRequestAsync(RaftServerImpl.java:817)
	at org.apache.ratis.server.impl.RaftServerProxy.lambda$appendEntriesAsync$27(RaftServerProxy.java:634)
	at java.base/java.util.concurrent.CompletableFuture.uniComposeStage(CompletableFuture.java:1106)
	... 15 more
2023-02-09 08:26:12,908 [s1@group-5D8BFF2AC38C-StateMachineUpdater] INFO  impl.SimpleStateMachine4Testing (SimpleStateMachine4Testing.java:put(205)) - s1: put 97, m46 -> (t:2, i:97), STATEMACHINELOGENTRY, 432@client-F516C80A2025
2023-02-09 08:26:12,910 [grpc-default-executor-3] WARN  server.GrpcLogAppender (LogUtils.java:warn(124)) - s1@group-5D8BFF2AC38C->s0-AppendLogResponseHandler: Failed appendEntries
java.util.concurrent.RejectedExecutionException: Task java.util.concurrent.CompletableFuture$AsyncSupply@4a8e3b6e rejected from java.util.concurrent.ThreadPoolExecutor@4ecb30e4[Terminated, pool size = 0, active threads = 0, queued tasks = 0, completed tasks = 0]
	at java.base/java.util.concurrent.ThreadPoolExecutor$AbortPolicy.rejectedExecution(ThreadPoolExecutor.java:2055)
	at java.base/java.util.concurrent.ThreadPoolExecutor.reject(ThreadPoolExecutor.java:825)
	at java.base/java.util.concurrent.ThreadPoolExecutor.execute(ThreadPoolExecutor.java:1355)
	at java.base/java.util.concurrent.CompletableFuture.asyncSupplyStage(CompletableFuture.java:1714)
	at java.base/java.util.concurrent.CompletableFuture.supplyAsync(CompletableFuture.java:1931)
	at org.apache.ratis.server.impl.RaftServerImpl.executeSubmitServerRequestAsync(RaftServerImpl.java:817)
	at org.apache.ratis.server.impl.RaftServerProxy.lambda$appendEntriesAsync$27(RaftServerProxy.java:634)
	at java.base/java.util.concurrent.CompletableFuture.uniComposeStage(CompletableFuture.java:1106)
	at java.base/java.util.concurrent.CompletableFuture.thenCompose(CompletableFuture.java:2235)
	at org.apache.ratis.server.impl.RaftServerProxy.appendEntriesAsync(RaftServerProxy.java:634)
	at org.apache.ratis.grpc.server.GrpcServerProtocolService$1.process(GrpcServerProtocolService.java:219)
	at org.apache.ratis.grpc.server.GrpcServerProtocolService$1.process(GrpcServerProtocolService.java:216)
	at org.apache.ratis.grpc.server.GrpcServerProtocolService$ServerRequestStreamObserver.onNext(GrpcServerProtocolService.java:124)
	at org.apache.ratis.thirdparty.io.grpc.stub.ServerCalls$StreamingServerCallHandler$StreamingServerCallListener.onMessage(ServerCalls.java:262)
	at org.apache.ratis.thirdparty.io.grpc.ForwardingServerCallListener.onMessage(ForwardingServerCallListener.java:33)
	at org.apache.ratis.thirdparty.io.grpc.internal.ServerCallImpl$ServerStreamListenerImpl.messagesAvailableInternal(ServerCallImpl.java:332)
	at org.apache.ratis.thirdparty.io.grpc.internal.ServerCallImpl$ServerStreamListenerImpl.messagesAvailable(ServerCallImpl.java:315)
	at org.apache.ratis.thirdparty.io.grpc.internal.ServerImpl$JumpToApplicationThreadServerStreamListener$1MessagesAvailable.runInContext(ServerImpl.java:834)
	at org.apache.ratis.thirdparty.io.grpc.internal.ContextRunnable.run(ContextRunnable.java:37)
	at org.apache.ratis.thirdparty.io.grpc.internal.SerializingExecutor.run(SerializingExecutor.java:133)
	at java.base/java.util.concurrent.ThreadPoolExecutor.runWorker(ThreadPoolExecutor.java:1128)
	at java.base/java.util.concurrent.ThreadPoolExecutor$Worker.run(ThreadPoolExecutor.java:628)
	at java.base/java.lang.Thread.run(Thread.java:829)
2023-02-09 08:26:12,911 [grpc-default-executor-3] INFO  leader.FollowerInfo (FollowerInfoImpl.java:lambda$new$0(52)) - s1@group-5D8BFF2AC38C->s0: nextIndex: updateUnconditionally 98 -> 83
2023-02-09 08:26:12,911 [s2-server-thread4] DEBUG raftlog.RaftLog (SegmentedRaftLog.java:appendImpl(446)) - truncateIndex=-1, arrayIndex=0
2023-02-09 08:26:12,911 [s2-server-thread4] DEBUG raftlog.RaftLog (SegmentedRaftLog.java:appendImpl(446)) - truncateIndex=-1, arrayIndex=0
2023-02-09 08:26:12,912 [s2@group-5D8BFF2AC38C-StateMachineUpdater] INFO  impl.SimpleStateMachine4Testing (SimpleStateMachine4Testing.java:put(205)) - s2: put 97, m46 -> (t:2, i:97), STATEMACHINELOGENTRY, 432@client-F516C80A2025
2023-02-09 08:26:12,913 [grpc-default-executor-3] WARN  server.GrpcServerProtocolService (LogUtils.java:warn(124)) - s0: Failed APPEND_ENTRIES request s1->s0#42-t2,previous=(t:1, i:82),leaderCommit=97,initializing? true,entries: size=17, first=(t:2, i:83), CONFIGURATIONENTRY(current:id: "s0"
address: "localhost:42371"
dataStreamAddress: "localhost:43129"
clientAddress: "localhost:36379"
adminAddress: "localhost:36531"
startupRole: FOLLOWER
,id: "s1"
address: "localhost:35679"
dataStreamAddress: "localhost:42433"
clientAddress: "localhost:41371"
adminAddress: "localhost:44855"
startupRole: FOLLOWER
,id: "s2"
address: "localhost:39787"
dataStreamAddress: "localhost:33651"
clientAddress: "localhost:41113"
adminAddress: "localhost:44467"
startupRole: FOLLOWER
, old:)
java.util.concurrent.CompletionException: java.util.concurrent.RejectedExecutionException: Task java.util.concurrent.CompletableFuture$AsyncSupply@4846ac89 rejected from java.util.concurrent.ThreadPoolExecutor@4ecb30e4[Terminated, pool size = 0, active threads = 0, queued tasks = 0, completed tasks = 0]
	at java.base/java.util.concurrent.CompletableFuture.encodeThrowable(CompletableFuture.java:314)
	at java.base/java.util.concurrent.CompletableFuture.uniComposeStage(CompletableFuture.java:1113)
	at java.base/java.util.concurrent.CompletableFuture.thenCompose(CompletableFuture.java:2235)
	at org.apache.ratis.server.impl.RaftServerProxy.appendEntriesAsync(RaftServerProxy.java:634)
	at org.apache.ratis.grpc.server.GrpcServerProtocolService$1.process(GrpcServerProtocolService.java:219)
	at org.apache.ratis.grpc.server.GrpcServerProtocolService$1.process(GrpcServerProtocolService.java:216)
	at org.apache.ratis.grpc.server.GrpcServerProtocolService$ServerRequestStreamObserver.onNext(GrpcServerProtocolService.java:124)
	at org.apache.ratis.thirdparty.io.grpc.stub.ServerCalls$StreamingServerCallHandler$StreamingServerCallListener.onMessage(ServerCalls.java:262)
	at org.apache.ratis.thirdparty.io.grpc.ForwardingServerCallListener.onMessage(ForwardingServerCallListener.java:33)
	at org.apache.ratis.thirdparty.io.grpc.internal.ServerCallImpl$ServerStreamListenerImpl.messagesAvailableInternal(ServerCallImpl.java:332)
	at org.apache.ratis.thirdparty.io.grpc.internal.ServerCallImpl$ServerStreamListenerImpl.messagesAvailable(ServerCallImpl.java:315)
	at org.apache.ratis.thirdparty.io.grpc.internal.ServerImpl$JumpToApplicationThreadServerStreamListener$1MessagesAvailable.runInContext(ServerImpl.java:834)
	at org.apache.ratis.thirdparty.io.grpc.internal.ContextRunnable.run(ContextRunnable.java:37)
	at org.apache.ratis.thirdparty.io.grpc.internal.SerializingExecutor.run(SerializingExecutor.java:133)
	at java.base/java.util.concurrent.ThreadPoolExecutor.runWorker(ThreadPoolExecutor.java:1128)
	at java.base/java.util.concurrent.ThreadPoolExecutor$Worker.run(ThreadPoolExecutor.java:628)
	at java.base/java.lang.Thread.run(Thread.java:829)
Caused by: java.util.concurrent.RejectedExecutionException: Task java.util.concurrent.CompletableFuture$AsyncSupply@4846ac89 rejected from java.util.concurrent.ThreadPoolExecutor@4ecb30e4[Terminated, pool size = 0, active threads = 0, queued tasks = 0, completed tasks = 0]
	at java.base/java.util.concurrent.ThreadPoolExecutor$AbortPolicy.rejectedExecution(ThreadPoolExecutor.java:2055)
	at java.base/java.util.concurrent.ThreadPoolExecutor.reject(ThreadPoolExecutor.java:825)
	at java.base/java.util.concurrent.ThreadPoolExecutor.execute(ThreadPoolExecutor.java:1355)
	at java.base/java.util.concurrent.CompletableFuture.asyncSupplyStage(CompletableFuture.java:1714)
	at java.base/java.util.concurrent.CompletableFuture.supplyAsync(CompletableFuture.java:1931)
	at org.apache.ratis.server.impl.RaftServerImpl.executeSubmitServerRequestAsync(RaftServerImpl.java:817)
	at org.apache.ratis.server.impl.RaftServerProxy.lambda$appendEntriesAsync$27(RaftServerProxy.java:634)
	at java.base/java.util.concurrent.CompletableFuture.uniComposeStage(CompletableFuture.java:1106)
	... 15 more
2023-02-09 08:26:12,914 [s1@group-5D8BFF2AC38C-StateMachineUpdater] INFO  impl.SimpleStateMachine4Testing (SimpleStateMachine4Testing.java:put(205)) - s1: put 99, m47 -> (t:2, i:99), STATEMACHINELOGENTRY, 433@client-F516C80A2025
2023-02-09 08:26:12,916 [s2-server-thread4] DEBUG raftlog.RaftLog (SegmentedRaftLog.java:appendImpl(446)) - truncateIndex=-1, arrayIndex=0
2023-02-09 08:26:12,917 [s2-server-thread4] DEBUG raftlog.RaftLog (SegmentedRaftLog.java:appendImpl(446)) - truncateIndex=-1, arrayIndex=0
2023-02-09 08:26:12,917 [s2@group-5D8BFF2AC38C-StateMachineUpdater] INFO  impl.SimpleStateMachine4Testing (SimpleStateMachine4Testing.java:put(205)) - s2: put 99, m47 -> (t:2, i:99), STATEMACHINELOGENTRY, 433@client-F516C80A2025
2023-02-09 08:26:12,919 [grpc-default-executor-8] WARN  server.GrpcLogAppender (LogUtils.java:warn(124)) - s1@group-5D8BFF2AC38C->s0-AppendLogResponseHandler: Failed appendEntries
java.util.concurrent.RejectedExecutionException: Task java.util.concurrent.CompletableFuture$AsyncSupply@4846ac89 rejected from java.util.concurrent.ThreadPoolExecutor@4ecb30e4[Terminated, pool size = 0, active threads = 0, queued tasks = 0, completed tasks = 0]
	at java.base/java.util.concurrent.ThreadPoolExecutor$AbortPolicy.rejectedExecution(ThreadPoolExecutor.java:2055)
	at java.base/java.util.concurrent.ThreadPoolExecutor.reject(ThreadPoolExecutor.java:825)
	at java.base/java.util.concurrent.ThreadPoolExecutor.execute(ThreadPoolExecutor.java:1355)
	at java.base/java.util.concurrent.CompletableFuture.asyncSupplyStage(CompletableFuture.java:1714)
	at java.base/java.util.concurrent.CompletableFuture.supplyAsync(CompletableFuture.java:1931)
	at org.apache.ratis.server.impl.RaftServerImpl.executeSubmitServerRequestAsync(RaftServerImpl.java:817)
	at org.apache.ratis.server.impl.RaftServerProxy.lambda$appendEntriesAsync$27(RaftServerProxy.java:634)
	at java.base/java.util.concurrent.CompletableFuture.uniComposeStage(CompletableFuture.java:1106)
	at java.base/java.util.concurrent.CompletableFuture.thenCompose(CompletableFuture.java:2235)
	at org.apache.ratis.server.impl.RaftServerProxy.appendEntriesAsync(RaftServerProxy.java:634)
	at org.apache.ratis.grpc.server.GrpcServerProtocolService$1.process(GrpcServerProtocolService.java:219)
	at org.apache.ratis.grpc.server.GrpcServerProtocolService$1.process(GrpcServerProtocolService.java:216)
	at org.apache.ratis.grpc.server.GrpcServerProtocolService$ServerRequestStreamObserver.onNext(GrpcServerProtocolService.java:124)
	at org.apache.ratis.thirdparty.io.grpc.stub.ServerCalls$StreamingServerCallHandler$StreamingServerCallListener.onMessage(ServerCalls.java:262)
	at org.apache.ratis.thirdparty.io.grpc.ForwardingServerCallListener.onMessage(ForwardingServerCallListener.java:33)
	at org.apache.ratis.thirdparty.io.grpc.internal.ServerCallImpl$ServerStreamListenerImpl.messagesAvailableInternal(ServerCallImpl.java:332)
	at org.apache.ratis.thirdparty.io.grpc.internal.ServerCallImpl$ServerStreamListenerImpl.messagesAvailable(ServerCallImpl.java:315)
	at org.apache.ratis.thirdparty.io.grpc.internal.ServerImpl$JumpToApplicationThreadServerStreamListener$1MessagesAvailable.runInContext(ServerImpl.java:834)
	at org.apache.ratis.thirdparty.io.grpc.internal.ContextRunnable.run(ContextRunnable.java:37)
	at org.apache.ratis.thirdparty.io.grpc.internal.SerializingExecutor.run(SerializingExecutor.java:133)
	at java.base/java.util.concurrent.ThreadPoolExecutor.runWorker(ThreadPoolExecutor.java:1128)
	at java.base/java.util.concurrent.ThreadPoolExecutor$Worker.run(ThreadPoolExecutor.java:628)
	at java.base/java.lang.Thread.run(Thread.java:829)
2023-02-09 08:26:12,922 [grpc-default-executor-8] INFO  leader.FollowerInfo (FollowerInfoImpl.java:lambda$new$0(52)) - s1@group-5D8BFF2AC38C->s0: nextIndex: updateUnconditionally 100 -> 83
2023-02-09 08:26:12,922 [s1@group-5D8BFF2AC38C-StateMachineUpdater] INFO  impl.SimpleStateMachine4Testing (SimpleStateMachine4Testing.java:put(205)) - s1: put 101, m48 -> (t:2, i:101), STATEMACHINELOGENTRY, 434@client-F516C80A2025
2023-02-09 08:26:12,924 [s2-server-thread4] DEBUG raftlog.RaftLog (SegmentedRaftLog.java:appendImpl(446)) - truncateIndex=-1, arrayIndex=0
2023-02-09 08:26:12,925 [s2@group-5D8BFF2AC38C-StateMachineUpdater] INFO  impl.SimpleStateMachine4Testing (SimpleStateMachine4Testing.java:put(205)) - s2: put 101, m48 -> (t:2, i:101), STATEMACHINELOGENTRY, 434@client-F516C80A2025
2023-02-09 08:26:12,925 [s2-server-thread4] DEBUG raftlog.RaftLog (SegmentedRaftLog.java:appendImpl(446)) - truncateIndex=-1, arrayIndex=0
2023-02-09 08:26:12,926 [grpc-default-executor-3] WARN  server.GrpcServerProtocolService (LogUtils.java:warn(124)) - s0: Failed APPEND_ENTRIES request s1->s0#48-t2,previous=(t:1, i:82),leaderCommit=101,initializing? true,entries: size=20, first=(t:2, i:83), CONFIGURATIONENTRY(current:id: "s0"
address: "localhost:42371"
dataStreamAddress: "localhost:43129"
clientAddress: "localhost:36379"
adminAddress: "localhost:36531"
startupRole: FOLLOWER
,id: "s1"
address: "localhost:35679"
dataStreamAddress: "localhost:42433"
clientAddress: "localhost:41371"
adminAddress: "localhost:44855"
startupRole: FOLLOWER
,id: "s2"
address: "localhost:39787"
dataStreamAddress: "localhost:33651"
clientAddress: "localhost:41113"
adminAddress: "localhost:44467"
startupRole: FOLLOWER
, old:)
java.util.concurrent.CompletionException: java.util.concurrent.RejectedExecutionException: Task java.util.concurrent.CompletableFuture$AsyncSupply@4c4f0f1f rejected from java.util.concurrent.ThreadPoolExecutor@4ecb30e4[Terminated, pool size = 0, active threads = 0, queued tasks = 0, completed tasks = 0]
	at java.base/java.util.concurrent.CompletableFuture.encodeThrowable(CompletableFuture.java:314)
	at java.base/java.util.concurrent.CompletableFuture.uniComposeStage(CompletableFuture.java:1113)
	at java.base/java.util.concurrent.CompletableFuture.thenCompose(CompletableFuture.java:2235)
	at org.apache.ratis.server.impl.RaftServerProxy.appendEntriesAsync(RaftServerProxy.java:634)
	at org.apache.ratis.grpc.server.GrpcServerProtocolService$1.process(GrpcServerProtocolService.java:219)
	at org.apache.ratis.grpc.server.GrpcServerProtocolService$1.process(GrpcServerProtocolService.java:216)
	at org.apache.ratis.grpc.server.GrpcServerProtocolService$ServerRequestStreamObserver.onNext(GrpcServerProtocolService.java:124)
	at org.apache.ratis.thirdparty.io.grpc.stub.ServerCalls$StreamingServerCallHandler$StreamingServerCallListener.onMessage(ServerCalls.java:262)
	at org.apache.ratis.thirdparty.io.grpc.ForwardingServerCallListener.onMessage(ForwardingServerCallListener.java:33)
	at org.apache.ratis.thirdparty.io.grpc.internal.ServerCallImpl$ServerStreamListenerImpl.messagesAvailableInternal(ServerCallImpl.java:332)
	at org.apache.ratis.thirdparty.io.grpc.internal.ServerCallImpl$ServerStreamListenerImpl.messagesAvailable(ServerCallImpl.java:315)
	at org.apache.ratis.thirdparty.io.grpc.internal.ServerImpl$JumpToApplicationThreadServerStreamListener$1MessagesAvailable.runInContext(ServerImpl.java:834)
	at org.apache.ratis.thirdparty.io.grpc.internal.ContextRunnable.run(ContextRunnable.java:37)
	at org.apache.ratis.thirdparty.io.grpc.internal.SerializingExecutor.run(SerializingExecutor.java:133)
	at java.base/java.util.concurrent.ThreadPoolExecutor.runWorker(ThreadPoolExecutor.java:1128)
	at java.base/java.util.concurrent.ThreadPoolExecutor$Worker.run(ThreadPoolExecutor.java:628)
	at java.base/java.lang.Thread.run(Thread.java:829)
Caused by: java.util.concurrent.RejectedExecutionException: Task java.util.concurrent.CompletableFuture$AsyncSupply@4c4f0f1f rejected from java.util.concurrent.ThreadPoolExecutor@4ecb30e4[Terminated, pool size = 0, active threads = 0, queued tasks = 0, completed tasks = 0]
	at java.base/java.util.concurrent.ThreadPoolExecutor$AbortPolicy.rejectedExecution(ThreadPoolExecutor.java:2055)
	at java.base/java.util.concurrent.ThreadPoolExecutor.reject(ThreadPoolExecutor.java:825)
	at java.base/java.util.concurrent.ThreadPoolExecutor.execute(ThreadPoolExecutor.java:1355)
	at java.base/java.util.concurrent.CompletableFuture.asyncSupplyStage(CompletableFuture.java:1714)
	at java.base/java.util.concurrent.CompletableFuture.supplyAsync(CompletableFuture.java:1931)
	at org.apache.ratis.server.impl.RaftServerImpl.executeSubmitServerRequestAsync(RaftServerImpl.java:817)
	at org.apache.ratis.server.impl.RaftServerProxy.lambda$appendEntriesAsync$27(RaftServerProxy.java:634)
	at java.base/java.util.concurrent.CompletableFuture.uniComposeStage(CompletableFuture.java:1106)
	... 15 more
2023-02-09 08:26:12,928 [grpc-default-executor-3] WARN  server.GrpcLogAppender (LogUtils.java:warn(124)) - s1@group-5D8BFF2AC38C->s0-AppendLogResponseHandler: Failed appendEntries
java.util.concurrent.RejectedExecutionException: Task java.util.concurrent.CompletableFuture$AsyncSupply@4c4f0f1f rejected from java.util.concurrent.ThreadPoolExecutor@4ecb30e4[Terminated, pool size = 0, active threads = 0, queued tasks = 0, completed tasks = 0]
	at java.base/java.util.concurrent.ThreadPoolExecutor$AbortPolicy.rejectedExecution(ThreadPoolExecutor.java:2055)
	at java.base/java.util.concurrent.ThreadPoolExecutor.reject(ThreadPoolExecutor.java:825)
	at java.base/java.util.concurrent.ThreadPoolExecutor.execute(ThreadPoolExecutor.java:1355)
	at java.base/java.util.concurrent.CompletableFuture.asyncSupplyStage(CompletableFuture.java:1714)
	at java.base/java.util.concurrent.CompletableFuture.supplyAsync(CompletableFuture.java:1931)
	at org.apache.ratis.server.impl.RaftServerImpl.executeSubmitServerRequestAsync(RaftServerImpl.java:817)
	at org.apache.ratis.server.impl.RaftServerProxy.lambda$appendEntriesAsync$27(RaftServerProxy.java:634)
	at java.base/java.util.concurrent.CompletableFuture.uniComposeStage(CompletableFuture.java:1106)
	at java.base/java.util.concurrent.CompletableFuture.thenCompose(CompletableFuture.java:2235)
	at org.apache.ratis.server.impl.RaftServerProxy.appendEntriesAsync(RaftServerProxy.java:634)
	at org.apache.ratis.grpc.server.GrpcServerProtocolService$1.process(GrpcServerProtocolService.java:219)
	at org.apache.ratis.grpc.server.GrpcServerProtocolService$1.process(GrpcServerProtocolService.java:216)
	at org.apache.ratis.grpc.server.GrpcServerProtocolService$ServerRequestStreamObserver.onNext(GrpcServerProtocolService.java:124)
	at org.apache.ratis.thirdparty.io.grpc.stub.ServerCalls$StreamingServerCallHandler$StreamingServerCallListener.onMessage(ServerCalls.java:262)
	at org.apache.ratis.thirdparty.io.grpc.ForwardingServerCallListener.onMessage(ForwardingServerCallListener.java:33)
	at org.apache.ratis.thirdparty.io.grpc.internal.ServerCallImpl$ServerStreamListenerImpl.messagesAvailableInternal(ServerCallImpl.java:332)
	at org.apache.ratis.thirdparty.io.grpc.internal.ServerCallImpl$ServerStreamListenerImpl.messagesAvailable(ServerCallImpl.java:315)
	at org.apache.ratis.thirdparty.io.grpc.internal.ServerImpl$JumpToApplicationThreadServerStreamListener$1MessagesAvailable.runInContext(ServerImpl.java:834)
	at org.apache.ratis.thirdparty.io.grpc.internal.ContextRunnable.run(ContextRunnable.java:37)
	at org.apache.ratis.thirdparty.io.grpc.internal.SerializingExecutor.run(SerializingExecutor.java:133)
	at java.base/java.util.concurrent.ThreadPoolExecutor.runWorker(ThreadPoolExecutor.java:1128)
	at java.base/java.util.concurrent.ThreadPoolExecutor$Worker.run(ThreadPoolExecutor.java:628)
	at java.base/java.lang.Thread.run(Thread.java:829)
2023-02-09 08:26:12,929 [grpc-default-executor-3] INFO  leader.FollowerInfo (FollowerInfoImpl.java:lambda$new$0(52)) - s1@group-5D8BFF2AC38C->s0: nextIndex: updateUnconditionally 103 -> 83
2023-02-09 08:26:12,929 [s1@group-5D8BFF2AC38C-StateMachineUpdater] INFO  impl.SimpleStateMachine4Testing (SimpleStateMachine4Testing.java:put(205)) - s1: put 103, m49 -> (t:2, i:103), STATEMACHINELOGENTRY, 435@client-F516C80A2025
2023-02-09 08:26:12,930 [s2-server-thread4] DEBUG raftlog.RaftLog (SegmentedRaftLog.java:appendImpl(446)) - truncateIndex=-1, arrayIndex=0
2023-02-09 08:26:12,931 [s2@group-5D8BFF2AC38C-StateMachineUpdater] INFO  impl.SimpleStateMachine4Testing (SimpleStateMachine4Testing.java:put(205)) - s2: put 103, m49 -> (t:2, i:103), STATEMACHINELOGENTRY, 435@client-F516C80A2025
2023-02-09 08:26:12,931 [grpc-default-executor-7] WARN  server.GrpcServerProtocolService (LogUtils.java:warn(124)) - s0: Failed APPEND_ENTRIES request s1->s0#52-t2,previous=(t:1, i:82),leaderCommit=103,initializing? true,entries: size=22, first=(t:2, i:83), CONFIGURATIONENTRY(current:id: "s0"
address: "localhost:42371"
dataStreamAddress: "localhost:43129"
clientAddress: "localhost:36379"
adminAddress: "localhost:36531"
startupRole: FOLLOWER
,id: "s1"
address: "localhost:35679"
dataStreamAddress: "localhost:42433"
clientAddress: "localhost:41371"
adminAddress: "localhost:44855"
startupRole: FOLLOWER
,id: "s2"
address: "localhost:39787"
dataStreamAddress: "localhost:33651"
clientAddress: "localhost:41113"
adminAddress: "localhost:44467"
startupRole: FOLLOWER
, old:)
java.util.concurrent.CompletionException: java.util.concurrent.RejectedExecutionException: Task java.util.concurrent.CompletableFuture$AsyncSupply@34b7989e rejected from java.util.concurrent.ThreadPoolExecutor@4ecb30e4[Terminated, pool size = 0, active threads = 0, queued tasks = 0, completed tasks = 0]
	at java.base/java.util.concurrent.CompletableFuture.encodeThrowable(CompletableFuture.java:314)
	at java.base/java.util.concurrent.CompletableFuture.uniComposeStage(CompletableFuture.java:1113)
	at java.base/java.util.concurrent.CompletableFuture.thenCompose(CompletableFuture.java:2235)
	at org.apache.ratis.server.impl.RaftServerProxy.appendEntriesAsync(RaftServerProxy.java:634)
	at org.apache.ratis.grpc.server.GrpcServerProtocolService$1.process(GrpcServerProtocolService.java:219)
	at org.apache.ratis.grpc.server.GrpcServerProtocolService$1.process(GrpcServerProtocolService.java:216)
	at org.apache.ratis.grpc.server.GrpcServerProtocolService$ServerRequestStreamObserver.onNext(GrpcServerProtocolService.java:124)
	at org.apache.ratis.thirdparty.io.grpc.stub.ServerCalls$StreamingServerCallHandler$StreamingServerCallListener.onMessage(ServerCalls.java:262)
	at org.apache.ratis.thirdparty.io.grpc.ForwardingServerCallListener.onMessage(ForwardingServerCallListener.java:33)
	at org.apache.ratis.thirdparty.io.grpc.internal.ServerCallImpl$ServerStreamListenerImpl.messagesAvailableInternal(ServerCallImpl.java:332)
	at org.apache.ratis.thirdparty.io.grpc.internal.ServerCallImpl$ServerStreamListenerImpl.messagesAvailable(ServerCallImpl.java:315)
	at org.apache.ratis.thirdparty.io.grpc.internal.ServerImpl$JumpToApplicationThreadServerStreamListener$1MessagesAvailable.runInContext(ServerImpl.java:834)
	at org.apache.ratis.thirdparty.io.grpc.internal.ContextRunnable.run(ContextRunnable.java:37)
	at org.apache.ratis.thirdparty.io.grpc.internal.SerializingExecutor.run(SerializingExecutor.java:133)
	at java.base/java.util.concurrent.ThreadPoolExecutor.runWorker(ThreadPoolExecutor.java:1128)
	at java.base/java.util.concurrent.ThreadPoolExecutor$Worker.run(ThreadPoolExecutor.java:628)
	at java.base/java.lang.Thread.run(Thread.java:829)
Caused by: java.util.concurrent.RejectedExecutionException: Task java.util.concurrent.CompletableFuture$AsyncSupply@34b7989e rejected from java.util.concurrent.ThreadPoolExecutor@4ecb30e4[Terminated, pool size = 0, active threads = 0, queued tasks = 0, completed tasks = 0]
	at java.base/java.util.concurrent.ThreadPoolExecutor$AbortPolicy.rejectedExecution(ThreadPoolExecutor.java:2055)
	at java.base/java.util.concurrent.ThreadPoolExecutor.reject(ThreadPoolExecutor.java:825)
	at java.base/java.util.concurrent.ThreadPoolExecutor.execute(ThreadPoolExecutor.java:1355)
	at java.base/java.util.concurrent.CompletableFuture.asyncSupplyStage(CompletableFuture.java:1714)
	at java.base/java.util.concurrent.CompletableFuture.supplyAsync(CompletableFuture.java:1931)
	at org.apache.ratis.server.impl.RaftServerImpl.executeSubmitServerRequestAsync(RaftServerImpl.java:817)
	at org.apache.ratis.server.impl.RaftServerProxy.lambda$appendEntriesAsync$27(RaftServerProxy.java:634)
	at java.base/java.util.concurrent.CompletableFuture.uniComposeStage(CompletableFuture.java:1106)
	... 15 more
2023-02-09 08:26:12,935 [s2-server-thread4] DEBUG raftlog.RaftLog (SegmentedRaftLog.java:appendImpl(446)) - truncateIndex=-1, arrayIndex=0
2023-02-09 08:26:12,936 [grpc-default-executor-3] WARN  server.GrpcLogAppender (LogUtils.java:warn(124)) - s1@group-5D8BFF2AC38C->s0-AppendLogResponseHandler: Failed appendEntries
java.util.concurrent.RejectedExecutionException: Task java.util.concurrent.CompletableFuture$AsyncSupply@34b7989e rejected from java.util.concurrent.ThreadPoolExecutor@4ecb30e4[Terminated, pool size = 0, active threads = 0, queued tasks = 0, completed tasks = 0]
	at java.base/java.util.concurrent.ThreadPoolExecutor$AbortPolicy.rejectedExecution(ThreadPoolExecutor.java:2055)
	at java.base/java.util.concurrent.ThreadPoolExecutor.reject(ThreadPoolExecutor.java:825)
	at java.base/java.util.concurrent.ThreadPoolExecutor.execute(ThreadPoolExecutor.java:1355)
	at java.base/java.util.concurrent.CompletableFuture.asyncSupplyStage(CompletableFuture.java:1714)
	at java.base/java.util.concurrent.CompletableFuture.supplyAsync(CompletableFuture.java:1931)
	at org.apache.ratis.server.impl.RaftServerImpl.executeSubmitServerRequestAsync(RaftServerImpl.java:817)
	at org.apache.ratis.server.impl.RaftServerProxy.lambda$appendEntriesAsync$27(RaftServerProxy.java:634)
	at java.base/java.util.concurrent.CompletableFuture.uniComposeStage(CompletableFuture.java:1106)
	at java.base/java.util.concurrent.CompletableFuture.thenCompose(CompletableFuture.java:2235)
	at org.apache.ratis.server.impl.RaftServerProxy.appendEntriesAsync(RaftServerProxy.java:634)
	at org.apache.ratis.grpc.server.GrpcServerProtocolService$1.process(GrpcServerProtocolService.java:219)
	at org.apache.ratis.grpc.server.GrpcServerProtocolService$1.process(GrpcServerProtocolService.java:216)
	at org.apache.ratis.grpc.server.GrpcServerProtocolService$ServerRequestStreamObserver.onNext(GrpcServerProtocolService.java:124)
	at org.apache.ratis.thirdparty.io.grpc.stub.ServerCalls$StreamingServerCallHandler$StreamingServerCallListener.onMessage(ServerCalls.java:262)
	at org.apache.ratis.thirdparty.io.grpc.ForwardingServerCallListener.onMessage(ForwardingServerCallListener.java:33)
	at org.apache.ratis.thirdparty.io.grpc.internal.ServerCallImpl$ServerStreamListenerImpl.messagesAvailableInternal(ServerCallImpl.java:332)
	at org.apache.ratis.thirdparty.io.grpc.internal.ServerCallImpl$ServerStreamListenerImpl.messagesAvailable(ServerCallImpl.java:315)
	at org.apache.ratis.thirdparty.io.grpc.internal.ServerImpl$JumpToApplicationThreadServerStreamListener$1MessagesAvailable.runInContext(ServerImpl.java:834)
	at org.apache.ratis.thirdparty.io.grpc.internal.ContextRunnable.run(ContextRunnable.java:37)
	at org.apache.ratis.thirdparty.io.grpc.internal.SerializingExecutor.run(SerializingExecutor.java:133)
	at java.base/java.util.concurrent.ThreadPoolExecutor.runWorker(ThreadPoolExecutor.java:1128)
	at java.base/java.util.concurrent.ThreadPoolExecutor$Worker.run(ThreadPoolExecutor.java:628)
	at java.base/java.lang.Thread.run(Thread.java:829)
2023-02-09 08:26:12,936 [grpc-default-executor-3] INFO  leader.FollowerInfo (FollowerInfoImpl.java:lambda$new$0(52)) - s1@group-5D8BFF2AC38C->s0: nextIndex: updateUnconditionally 105 -> 83
2023-02-09 08:26:12,936 [s1@group-5D8BFF2AC38C-LeaderStateImpl] INFO  segmented.SegmentedRaftLogWorker (SegmentedRaftLogWorker.java:rollLogSegment(436)) - s1@group-5D8BFF2AC38C-SegmentedRaftLogWorker: Rolling segment log-83_105 to index:105
2023-02-09 08:26:12,937 [s1@group-5D8BFF2AC38C-StateMachineUpdater] INFO  impl.SimpleStateMachine4Testing (SimpleStateMachine4Testing.java:put(205)) - s1: put 105, m50 -> (t:2, i:105), STATEMACHINELOGENTRY, 436@client-F516C80A2025
2023-02-09 08:26:12,937 [s1@group-5D8BFF2AC38C-SegmentedRaftLogWorker] TRACE util.FileUtils (LogUtils.java:runAndLog(49)) - Successfully ran Atomic Files.move /home/runner/work/ratis/ratis/ratis-test/target/test/data/ca75353f/MiniRaftClusterWithGrpc52e54005/s1/d26acf42-c6a3-40ef-b2da-5d8bff2ac38c/current/log_inprogress_83 to /home/runner/work/ratis/ratis/ratis-test/target/test/data/ca75353f/MiniRaftClusterWithGrpc52e54005/s1/d26acf42-c6a3-40ef-b2da-5d8bff2ac38c/current/log_83-105
2023-02-09 08:26:12,937 [s1@group-5D8BFF2AC38C-SegmentedRaftLogWorker] INFO  segmented.SegmentedRaftLogWorker (SegmentedRaftLogWorker.java:execute(592)) - s1@group-5D8BFF2AC38C-SegmentedRaftLogWorker: Rolled log segment from /home/runner/work/ratis/ratis/ratis-test/target/test/data/ca75353f/MiniRaftClusterWithGrpc52e54005/s1/d26acf42-c6a3-40ef-b2da-5d8bff2ac38c/current/log_inprogress_83 to /home/runner/work/ratis/ratis/ratis-test/target/test/data/ca75353f/MiniRaftClusterWithGrpc52e54005/s1/d26acf42-c6a3-40ef-b2da-5d8bff2ac38c/current/log_83-105
2023-02-09 08:26:12,938 [s1@group-5D8BFF2AC38C-SegmentedRaftLogWorker] INFO  segmented.SegmentedRaftLogWorker (SegmentedRaftLogWorker.java:execute(635)) - s1@group-5D8BFF2AC38C-SegmentedRaftLogWorker: created new log segment /home/runner/work/ratis/ratis/ratis-test/target/test/data/ca75353f/MiniRaftClusterWithGrpc52e54005/s1/d26acf42-c6a3-40ef-b2da-5d8bff2ac38c/current/log_inprogress_106
2023-02-09 08:26:12,940 [grpc-default-executor-8] WARN  server.GrpcServerProtocolService (LogUtils.java:warn(124)) - s0: Failed APPEND_ENTRIES request s1->s0#56-t2,previous=(t:1, i:82),leaderCommit=105,initializing? true,entries: size=24, first=(t:2, i:83), CONFIGURATIONENTRY(current:id: "s0"
address: "localhost:42371"
dataStreamAddress: "localhost:43129"
clientAddress: "localhost:36379"
adminAddress: "localhost:36531"
startupRole: FOLLOWER
,id: "s1"
address: "localhost:35679"
dataStreamAddress: "localhost:42433"
clientAddress: "localhost:41371"
adminAddress: "localhost:44855"
startupRole: FOLLOWER
,id: "s2"
address: "localhost:39787"
dataStreamAddress: "localhost:33651"
clientAddress: "localhost:41113"
adminAddress: "localhost:44467"
startupRole: FOLLOWER
, old:)
java.util.concurrent.CompletionException: java.util.concurrent.RejectedExecutionException: Task java.util.concurrent.CompletableFuture$AsyncSupply@4d456753 rejected from java.util.concurrent.ThreadPoolExecutor@4ecb30e4[Terminated, pool size = 0, active threads = 0, queued tasks = 0, completed tasks = 0]
	at java.base/java.util.concurrent.CompletableFuture.encodeThrowable(CompletableFuture.java:314)
	at java.base/java.util.concurrent.CompletableFuture.uniComposeStage(CompletableFuture.java:1113)
	at java.base/java.util.concurrent.CompletableFuture.thenCompose(CompletableFuture.java:2235)
	at org.apache.ratis.server.impl.RaftServerProxy.appendEntriesAsync(RaftServerProxy.java:634)
	at org.apache.ratis.grpc.server.GrpcServerProtocolService$1.process(GrpcServerProtocolService.java:219)
	at org.apache.ratis.grpc.server.GrpcServerProtocolService$1.process(GrpcServerProtocolService.java:216)
	at org.apache.ratis.grpc.server.GrpcServerProtocolService$ServerRequestStreamObserver.onNext(GrpcServerProtocolService.java:124)
	at org.apache.ratis.thirdparty.io.grpc.stub.ServerCalls$StreamingServerCallHandler$StreamingServerCallListener.onMessage(ServerCalls.java:262)
	at org.apache.ratis.thirdparty.io.grpc.ForwardingServerCallListener.onMessage(ForwardingServerCallListener.java:33)
	at org.apache.ratis.thirdparty.io.grpc.internal.ServerCallImpl$ServerStreamListenerImpl.messagesAvailableInternal(ServerCallImpl.java:332)
	at org.apache.ratis.thirdparty.io.grpc.internal.ServerCallImpl$ServerStreamListenerImpl.messagesAvailable(ServerCallImpl.java:315)
	at org.apache.ratis.thirdparty.io.grpc.internal.ServerImpl$JumpToApplicationThreadServerStreamListener$1MessagesAvailable.runInContext(ServerImpl.java:834)
	at org.apache.ratis.thirdparty.io.grpc.internal.ContextRunnable.run(ContextRunnable.java:37)
	at org.apache.ratis.thirdparty.io.grpc.internal.SerializingExecutor.run(SerializingExecutor.java:133)
	at java.base/java.util.concurrent.ThreadPoolExecutor.runWorker(ThreadPoolExecutor.java:1128)
	at java.base/java.util.concurrent.ThreadPoolExecutor$Worker.run(ThreadPoolExecutor.java:628)
	at java.base/java.lang.Thread.run(Thread.java:829)
Caused by: java.util.concurrent.RejectedExecutionException: Task java.util.concurrent.CompletableFuture$AsyncSupply@4d456753 rejected from java.util.concurrent.ThreadPoolExecutor@4ecb30e4[Terminated, pool size = 0, active threads = 0, queued tasks = 0, completed tasks = 0]
	at java.base/java.util.concurrent.ThreadPoolExecutor$AbortPolicy.rejectedExecution(ThreadPoolExecutor.java:2055)
	at java.base/java.util.concurrent.ThreadPoolExecutor.reject(ThreadPoolExecutor.java:825)
	at java.base/java.util.concurrent.ThreadPoolExecutor.execute(ThreadPoolExecutor.java:1355)
	at java.base/java.util.concurrent.CompletableFuture.asyncSupplyStage(CompletableFuture.java:1714)
	at java.base/java.util.concurrent.CompletableFuture.supplyAsync(CompletableFuture.java:1931)
	at org.apache.ratis.server.impl.RaftServerImpl.executeSubmitServerRequestAsync(RaftServerImpl.java:817)
	at org.apache.ratis.server.impl.RaftServerProxy.lambda$appendEntriesAsync$27(RaftServerProxy.java:634)
	at java.base/java.util.concurrent.CompletableFuture.uniComposeStage(CompletableFuture.java:1106)
	... 15 more
2023-02-09 08:26:12,940 [s2-server-thread4] DEBUG raftlog.RaftLog (SegmentedRaftLog.java:appendImpl(446)) - truncateIndex=-1, arrayIndex=0
2023-02-09 08:26:12,941 [s2-server-thread4] INFO  segmented.SegmentedRaftLogWorker (SegmentedRaftLogWorker.java:rollLogSegment(436)) - s2@group-5D8BFF2AC38C-SegmentedRaftLogWorker: Rolling segment log-83_105 to index:105
2023-02-09 08:26:12,941 [s2@group-5D8BFF2AC38C-SegmentedRaftLogWorker] TRACE util.FileUtils (LogUtils.java:runAndLog(49)) - Successfully ran Atomic Files.move /home/runner/work/ratis/ratis/ratis-test/target/test/data/ca75353f/MiniRaftClusterWithGrpc52e54005/s2/d26acf42-c6a3-40ef-b2da-5d8bff2ac38c/current/log_inprogress_83 to /home/runner/work/ratis/ratis/ratis-test/target/test/data/ca75353f/MiniRaftClusterWithGrpc52e54005/s2/d26acf42-c6a3-40ef-b2da-5d8bff2ac38c/current/log_83-105
2023-02-09 08:26:12,941 [s2@group-5D8BFF2AC38C-SegmentedRaftLogWorker] INFO  segmented.SegmentedRaftLogWorker (SegmentedRaftLogWorker.java:execute(592)) - s2@group-5D8BFF2AC38C-SegmentedRaftLogWorker: Rolled log segment from /home/runner/work/ratis/ratis/ratis-test/target/test/data/ca75353f/MiniRaftClusterWithGrpc52e54005/s2/d26acf42-c6a3-40ef-b2da-5d8bff2ac38c/current/log_inprogress_83 to /home/runner/work/ratis/ratis/ratis-test/target/test/data/ca75353f/MiniRaftClusterWithGrpc52e54005/s2/d26acf42-c6a3-40ef-b2da-5d8bff2ac38c/current/log_83-105
2023-02-09 08:26:12,941 [s2-server-thread4] DEBUG raftlog.RaftLog (SegmentedRaftLog.java:appendImpl(446)) - truncateIndex=-1, arrayIndex=0
2023-02-09 08:26:12,942 [s2@group-5D8BFF2AC38C-SegmentedRaftLogWorker] INFO  segmented.SegmentedRaftLogWorker (SegmentedRaftLogWorker.java:execute(635)) - s2@group-5D8BFF2AC38C-SegmentedRaftLogWorker: created new log segment /home/runner/work/ratis/ratis/ratis-test/target/test/data/ca75353f/MiniRaftClusterWithGrpc52e54005/s2/d26acf42-c6a3-40ef-b2da-5d8bff2ac38c/current/log_inprogress_106
2023-02-09 08:26:12,942 [s2@group-5D8BFF2AC38C-StateMachineUpdater] INFO  impl.SimpleStateMachine4Testing (SimpleStateMachine4Testing.java:put(205)) - s2: put 105, m50 -> (t:2, i:105), STATEMACHINELOGENTRY, 436@client-F516C80A2025
2023-02-09 08:26:12,943 [grpc-default-executor-8] WARN  server.GrpcLogAppender (LogUtils.java:warn(124)) - s1@group-5D8BFF2AC38C->s0-AppendLogResponseHandler: Failed appendEntries
java.util.concurrent.RejectedExecutionException: Task java.util.concurrent.CompletableFuture$AsyncSupply@4d456753 rejected from java.util.concurrent.ThreadPoolExecutor@4ecb30e4[Terminated, pool size = 0, active threads = 0, queued tasks = 0, completed tasks = 0]
	at java.base/java.util.concurrent.ThreadPoolExecutor$AbortPolicy.rejectedExecution(ThreadPoolExecutor.java:2055)
	at java.base/java.util.concurrent.ThreadPoolExecutor.reject(ThreadPoolExecutor.java:825)
	at java.base/java.util.concurrent.ThreadPoolExecutor.execute(ThreadPoolExecutor.java:1355)
	at java.base/java.util.concurrent.CompletableFuture.asyncSupplyStage(CompletableFuture.java:1714)
	at java.base/java.util.concurrent.CompletableFuture.supplyAsync(CompletableFuture.java:1931)
	at org.apache.ratis.server.impl.RaftServerImpl.executeSubmitServerRequestAsync(RaftServerImpl.java:817)
	at org.apache.ratis.server.impl.RaftServerProxy.lambda$appendEntriesAsync$27(RaftServerProxy.java:634)
	at java.base/java.util.concurrent.CompletableFuture.uniComposeStage(CompletableFuture.java:1106)
	at java.base/java.util.concurrent.CompletableFuture.thenCompose(CompletableFuture.java:2235)
	at org.apache.ratis.server.impl.RaftServerProxy.appendEntriesAsync(RaftServerProxy.java:634)
	at org.apache.ratis.grpc.server.GrpcServerProtocolService$1.process(GrpcServerProtocolService.java:219)
	at org.apache.ratis.grpc.server.GrpcServerProtocolService$1.process(GrpcServerProtocolService.java:216)
	at org.apache.ratis.grpc.server.GrpcServerProtocolService$ServerRequestStreamObserver.onNext(GrpcServerProtocolService.java:124)
	at org.apache.ratis.thirdparty.io.grpc.stub.ServerCalls$StreamingServerCallHandler$StreamingServerCallListener.onMessage(ServerCalls.java:262)
	at org.apache.ratis.thirdparty.io.grpc.ForwardingServerCallListener.onMessage(ForwardingServerCallListener.java:33)
	at org.apache.ratis.thirdparty.io.grpc.internal.ServerCallImpl$ServerStreamListenerImpl.messagesAvailableInternal(ServerCallImpl.java:332)
	at org.apache.ratis.thirdparty.io.grpc.internal.ServerCallImpl$ServerStreamListenerImpl.messagesAvailable(ServerCallImpl.java:315)
	at org.apache.ratis.thirdparty.io.grpc.internal.ServerImpl$JumpToApplicationThreadServerStreamListener$1MessagesAvailable.runInContext(ServerImpl.java:834)
	at org.apache.ratis.thirdparty.io.grpc.internal.ContextRunnable.run(ContextRunnable.java:37)
	at org.apache.ratis.thirdparty.io.grpc.internal.SerializingExecutor.run(SerializingExecutor.java:133)
	at java.base/java.util.concurrent.ThreadPoolExecutor.runWorker(ThreadPoolExecutor.java:1128)
	at java.base/java.util.concurrent.ThreadPoolExecutor$Worker.run(ThreadPoolExecutor.java:628)
	at java.base/java.lang.Thread.run(Thread.java:829)
2023-02-09 08:26:12,943 [grpc-default-executor-8] INFO  leader.FollowerInfo (FollowerInfoImpl.java:lambda$new$0(52)) - s1@group-5D8BFF2AC38C->s0: nextIndex: updateUnconditionally 107 -> 83
2023-02-09 08:26:12,944 [s1@group-5D8BFF2AC38C-StateMachineUpdater] INFO  impl.SimpleStateMachine4Testing (SimpleStateMachine4Testing.java:put(205)) - s1: put 107, m51 -> (t:2, i:107), STATEMACHINELOGENTRY, 437@client-F516C80A2025
2023-02-09 08:26:12,944 [grpc-default-executor-8] WARN  server.GrpcServerProtocolService (LogUtils.java:warn(124)) - s0: Failed APPEND_ENTRIES request s1->s0#58-t2,previous=(t:1, i:82),leaderCommit=106,initializing? true,entries: size=25, first=(t:2, i:83), CONFIGURATIONENTRY(current:id: "s0"
address: "localhost:42371"
dataStreamAddress: "localhost:43129"
clientAddress: "localhost:36379"
adminAddress: "localhost:36531"
startupRole: FOLLOWER
,id: "s1"
address: "localhost:35679"
dataStreamAddress: "localhost:42433"
clientAddress: "localhost:41371"
adminAddress: "localhost:44855"
startupRole: FOLLOWER
,id: "s2"
address: "localhost:39787"
dataStreamAddress: "localhost:33651"
clientAddress: "localhost:41113"
adminAddress: "localhost:44467"
startupRole: FOLLOWER
, old:)
java.util.concurrent.CompletionException: java.util.concurrent.RejectedExecutionException: Task java.util.concurrent.CompletableFuture$AsyncSupply@796d8375 rejected from java.util.concurrent.ThreadPoolExecutor@4ecb30e4[Terminated, pool size = 0, active threads = 0, queued tasks = 0, completed tasks = 0]
	at java.base/java.util.concurrent.CompletableFuture.encodeThrowable(CompletableFuture.java:314)
	at java.base/java.util.concurrent.CompletableFuture.uniComposeStage(CompletableFuture.java:1113)
	at java.base/java.util.concurrent.CompletableFuture.thenCompose(CompletableFuture.java:2235)
	at org.apache.ratis.server.impl.RaftServerProxy.appendEntriesAsync(RaftServerProxy.java:634)
	at org.apache.ratis.grpc.server.GrpcServerProtocolService$1.process(GrpcServerProtocolService.java:219)
	at org.apache.ratis.grpc.server.GrpcServerProtocolService$1.process(GrpcServerProtocolService.java:216)
	at org.apache.ratis.grpc.server.GrpcServerProtocolService$ServerRequestStreamObserver.onNext(GrpcServerProtocolService.java:124)
	at org.apache.ratis.thirdparty.io.grpc.stub.ServerCalls$StreamingServerCallHandler$StreamingServerCallListener.onMessage(ServerCalls.java:262)
	at org.apache.ratis.thirdparty.io.grpc.ForwardingServerCallListener.onMessage(ForwardingServerCallListener.java:33)
	at org.apache.ratis.thirdparty.io.grpc.internal.ServerCallImpl$ServerStreamListenerImpl.messagesAvailableInternal(ServerCallImpl.java:332)
	at org.apache.ratis.thirdparty.io.grpc.internal.ServerCallImpl$ServerStreamListenerImpl.messagesAvailable(ServerCallImpl.java:315)
	at org.apache.ratis.thirdparty.io.grpc.internal.ServerImpl$JumpToApplicationThreadServerStreamListener$1MessagesAvailable.runInContext(ServerImpl.java:834)
	at org.apache.ratis.thirdparty.io.grpc.internal.ContextRunnable.run(ContextRunnable.java:37)
	at org.apache.ratis.thirdparty.io.grpc.internal.SerializingExecutor.run(SerializingExecutor.java:133)
	at java.base/java.util.concurrent.ThreadPoolExecutor.runWorker(ThreadPoolExecutor.java:1128)
	at java.base/java.util.concurrent.ThreadPoolExecutor$Worker.run(ThreadPoolExecutor.java:628)
	at java.base/java.lang.Thread.run(Thread.java:829)
Caused by: java.util.concurrent.RejectedExecutionException: Task java.util.concurrent.CompletableFuture$AsyncSupply@796d8375 rejected from java.util.concurrent.ThreadPoolExecutor@4ecb30e4[Terminated, pool size = 0, active threads = 0, queued tasks = 0, completed tasks = 0]
	at java.base/java.util.concurrent.ThreadPoolExecutor$AbortPolicy.rejectedExecution(ThreadPoolExecutor.java:2055)
	at java.base/java.util.concurrent.ThreadPoolExecutor.reject(ThreadPoolExecutor.java:825)
	at java.base/java.util.concurrent.ThreadPoolExecutor.execute(ThreadPoolExecutor.java:1355)
	at java.base/java.util.concurrent.CompletableFuture.asyncSupplyStage(CompletableFuture.java:1714)
	at java.base/java.util.concurrent.CompletableFuture.supplyAsync(CompletableFuture.java:1931)
	at org.apache.ratis.server.impl.RaftServerImpl.executeSubmitServerRequestAsync(RaftServerImpl.java:817)
	at org.apache.ratis.server.impl.RaftServerProxy.lambda$appendEntriesAsync$27(RaftServerProxy.java:634)
	at java.base/java.util.concurrent.CompletableFuture.uniComposeStage(CompletableFuture.java:1106)
	... 15 more
2023-02-09 08:26:12,946 [s2-server-thread1] DEBUG raftlog.RaftLog (SegmentedRaftLog.java:appendImpl(446)) - truncateIndex=-1, arrayIndex=0
2023-02-09 08:26:12,947 [s2@group-5D8BFF2AC38C-StateMachineUpdater] INFO  impl.SimpleStateMachine4Testing (SimpleStateMachine4Testing.java:put(205)) - s2: put 107, m51 -> (t:2, i:107), STATEMACHINELOGENTRY, 437@client-F516C80A2025
2023-02-09 08:26:12,948 [s2-server-thread1] DEBUG raftlog.RaftLog (SegmentedRaftLog.java:appendImpl(446)) - truncateIndex=-1, arrayIndex=0
2023-02-09 08:26:12,948 [s1@group-5D8BFF2AC38C-StateMachineUpdater] INFO  impl.SimpleStateMachine4Testing (SimpleStateMachine4Testing.java:put(205)) - s1: put 109, m52 -> (t:2, i:109), STATEMACHINELOGENTRY, 438@client-F516C80A2025
2023-02-09 08:26:12,949 [grpc-default-executor-3] WARN  server.GrpcLogAppender (LogUtils.java:warn(124)) - s1@group-5D8BFF2AC38C->s0-AppendLogResponseHandler: Failed appendEntries
java.util.concurrent.RejectedExecutionException: Task java.util.concurrent.CompletableFuture$AsyncSupply@796d8375 rejected from java.util.concurrent.ThreadPoolExecutor@4ecb30e4[Terminated, pool size = 0, active threads = 0, queued tasks = 0, completed tasks = 0]
	at java.base/java.util.concurrent.ThreadPoolExecutor$AbortPolicy.rejectedExecution(ThreadPoolExecutor.java:2055)
	at java.base/java.util.concurrent.ThreadPoolExecutor.reject(ThreadPoolExecutor.java:825)
	at java.base/java.util.concurrent.ThreadPoolExecutor.execute(ThreadPoolExecutor.java:1355)
	at java.base/java.util.concurrent.CompletableFuture.asyncSupplyStage(CompletableFuture.java:1714)
	at java.base/java.util.concurrent.CompletableFuture.supplyAsync(CompletableFuture.java:1931)
	at org.apache.ratis.server.impl.RaftServerImpl.executeSubmitServerRequestAsync(RaftServerImpl.java:817)
	at org.apache.ratis.server.impl.RaftServerProxy.lambda$appendEntriesAsync$27(RaftServerProxy.java:634)
	at java.base/java.util.concurrent.CompletableFuture.uniComposeStage(CompletableFuture.java:1106)
	at java.base/java.util.concurrent.CompletableFuture.thenCompose(CompletableFuture.java:2235)
	at org.apache.ratis.server.impl.RaftServerProxy.appendEntriesAsync(RaftServerProxy.java:634)
	at org.apache.ratis.grpc.server.GrpcServerProtocolService$1.process(GrpcServerProtocolService.java:219)
	at org.apache.ratis.grpc.server.GrpcServerProtocolService$1.process(GrpcServerProtocolService.java:216)
	at org.apache.ratis.grpc.server.GrpcServerProtocolService$ServerRequestStreamObserver.onNext(GrpcServerProtocolService.java:124)
	at org.apache.ratis.thirdparty.io.grpc.stub.ServerCalls$StreamingServerCallHandler$StreamingServerCallListener.onMessage(ServerCalls.java:262)
	at org.apache.ratis.thirdparty.io.grpc.ForwardingServerCallListener.onMessage(ForwardingServerCallListener.java:33)
	at org.apache.ratis.thirdparty.io.grpc.internal.ServerCallImpl$ServerStreamListenerImpl.messagesAvailableInternal(ServerCallImpl.java:332)
	at org.apache.ratis.thirdparty.io.grpc.internal.ServerCallImpl$ServerStreamListenerImpl.messagesAvailable(ServerCallImpl.java:315)
	at org.apache.ratis.thirdparty.io.grpc.internal.ServerImpl$JumpToApplicationThreadServerStreamListener$1MessagesAvailable.runInContext(ServerImpl.java:834)
	at org.apache.ratis.thirdparty.io.grpc.internal.ContextRunnable.run(ContextRunnable.java:37)
	at org.apache.ratis.thirdparty.io.grpc.internal.SerializingExecutor.run(SerializingExecutor.java:133)
	at java.base/java.util.concurrent.ThreadPoolExecutor.runWorker(ThreadPoolExecutor.java:1128)
	at java.base/java.util.concurrent.ThreadPoolExecutor$Worker.run(ThreadPoolExecutor.java:628)
	at java.base/java.lang.Thread.run(Thread.java:829)
2023-02-09 08:26:12,949 [s2-server-thread1] DEBUG raftlog.RaftLog (SegmentedRaftLog.java:appendImpl(446)) - truncateIndex=-1, arrayIndex=0
2023-02-09 08:26:12,950 [s2@group-5D8BFF2AC38C-StateMachineUpdater] INFO  impl.SimpleStateMachine4Testing (SimpleStateMachine4Testing.java:put(205)) - s2: put 109, m52 -> (t:2, i:109), STATEMACHINELOGENTRY, 438@client-F516C80A2025
2023-02-09 08:26:12,950 [s2-server-thread1] DEBUG raftlog.RaftLog (SegmentedRaftLog.java:appendImpl(446)) - truncateIndex=-1, arrayIndex=0
2023-02-09 08:26:12,951 [grpc-default-executor-3] INFO  leader.FollowerInfo (FollowerInfoImpl.java:lambda$new$0(52)) - s1@group-5D8BFF2AC38C->s0: nextIndex: updateUnconditionally 108 -> 83
2023-02-09 08:26:12,951 [s1@group-5D8BFF2AC38C-StateMachineUpdater] INFO  impl.SimpleStateMachine4Testing (SimpleStateMachine4Testing.java:put(205)) - s1: put 111, m53 -> (t:2, i:111), STATEMACHINELOGENTRY, 439@client-F516C80A2025
2023-02-09 08:26:12,952 [grpc-default-executor-8] WARN  server.GrpcServerProtocolService (LogUtils.java:warn(124)) - s0: Failed APPEND_ENTRIES request s1->s0#64-t2,previous=(t:1, i:82),leaderCommit=111,initializing? true,entries: size=30, first=(t:2, i:83), CONFIGURATIONENTRY(current:id: "s0"
address: "localhost:42371"
dataStreamAddress: "localhost:43129"
clientAddress: "localhost:36379"
adminAddress: "localhost:36531"
startupRole: FOLLOWER
,id: "s1"
address: "localhost:35679"
dataStreamAddress: "localhost:42433"
clientAddress: "localhost:41371"
adminAddress: "localhost:44855"
startupRole: FOLLOWER
,id: "s2"
address: "localhost:39787"
dataStreamAddress: "localhost:33651"
clientAddress: "localhost:41113"
adminAddress: "localhost:44467"
startupRole: FOLLOWER
, old:)
java.util.concurrent.CompletionException: java.util.concurrent.RejectedExecutionException: Task java.util.concurrent.CompletableFuture$AsyncSupply@632008ae rejected from java.util.concurrent.ThreadPoolExecutor@4ecb30e4[Terminated, pool size = 0, active threads = 0, queued tasks = 0, completed tasks = 0]
	at java.base/java.util.concurrent.CompletableFuture.encodeThrowable(CompletableFuture.java:314)
	at java.base/java.util.concurrent.CompletableFuture.uniComposeStage(CompletableFuture.java:1113)
	at java.base/java.util.concurrent.CompletableFuture.thenCompose(CompletableFuture.java:2235)
	at org.apache.ratis.server.impl.RaftServerProxy.appendEntriesAsync(RaftServerProxy.java:634)
	at org.apache.ratis.grpc.server.GrpcServerProtocolService$1.process(GrpcServerProtocolService.java:219)
	at org.apache.ratis.grpc.server.GrpcServerProtocolService$1.process(GrpcServerProtocolService.java:216)
	at org.apache.ratis.grpc.server.GrpcServerProtocolService$ServerRequestStreamObserver.onNext(GrpcServerProtocolService.java:124)
	at org.apache.ratis.thirdparty.io.grpc.stub.ServerCalls$StreamingServerCallHandler$StreamingServerCallListener.onMessage(ServerCalls.java:262)
	at org.apache.ratis.thirdparty.io.grpc.ForwardingServerCallListener.onMessage(ForwardingServerCallListener.java:33)
	at org.apache.ratis.thirdparty.io.grpc.internal.ServerCallImpl$ServerStreamListenerImpl.messagesAvailableInternal(ServerCallImpl.java:332)
	at org.apache.ratis.thirdparty.io.grpc.internal.ServerCallImpl$ServerStreamListenerImpl.messagesAvailable(ServerCallImpl.java:315)
	at org.apache.ratis.thirdparty.io.grpc.internal.ServerImpl$JumpToApplicationThreadServerStreamListener$1MessagesAvailable.runInContext(ServerImpl.java:834)
	at org.apache.ratis.thirdparty.io.grpc.internal.ContextRunnable.run(ContextRunnable.java:37)
	at org.apache.ratis.thirdparty.io.grpc.internal.SerializingExecutor.run(SerializingExecutor.java:133)
	at java.base/java.util.concurrent.ThreadPoolExecutor.runWorker(ThreadPoolExecutor.java:1128)
	at java.base/java.util.concurrent.ThreadPoolExecutor$Worker.run(ThreadPoolExecutor.java:628)
	at java.base/java.lang.Thread.run(Thread.java:829)
Caused by: java.util.concurrent.RejectedExecutionException: Task java.util.concurrent.CompletableFuture$AsyncSupply@632008ae rejected from java.util.concurrent.ThreadPoolExecutor@4ecb30e4[Terminated, pool size = 0, active threads = 0, queued tasks = 0, completed tasks = 0]
	at java.base/java.util.concurrent.ThreadPoolExecutor$AbortPolicy.rejectedExecution(ThreadPoolExecutor.java:2055)
	at java.base/java.util.concurrent.ThreadPoolExecutor.reject(ThreadPoolExecutor.java:825)
	at java.base/java.util.concurrent.ThreadPoolExecutor.execute(ThreadPoolExecutor.java:1355)
	at java.base/java.util.concurrent.CompletableFuture.asyncSupplyStage(CompletableFuture.java:1714)
	at java.base/java.util.concurrent.CompletableFuture.supplyAsync(CompletableFuture.java:1931)
	at org.apache.ratis.server.impl.RaftServerImpl.executeSubmitServerRequestAsync(RaftServerImpl.java:817)
	at org.apache.ratis.server.impl.RaftServerProxy.lambda$appendEntriesAsync$27(RaftServerProxy.java:634)
	at java.base/java.util.concurrent.CompletableFuture.uniComposeStage(CompletableFuture.java:1106)
	... 15 more
2023-02-09 08:26:12,954 [s2-server-thread1] DEBUG raftlog.RaftLog (SegmentedRaftLog.java:appendImpl(446)) - truncateIndex=-1, arrayIndex=0
2023-02-09 08:26:12,954 [grpc-default-executor-3] WARN  server.GrpcLogAppender (LogUtils.java:warn(124)) - s1@group-5D8BFF2AC38C->s0-AppendLogResponseHandler: Failed appendEntries
java.util.concurrent.RejectedExecutionException: Task java.util.concurrent.CompletableFuture$AsyncSupply@632008ae rejected from java.util.concurrent.ThreadPoolExecutor@4ecb30e4[Terminated, pool size = 0, active threads = 0, queued tasks = 0, completed tasks = 0]
	at java.base/java.util.concurrent.ThreadPoolExecutor$AbortPolicy.rejectedExecution(ThreadPoolExecutor.java:2055)
	at java.base/java.util.concurrent.ThreadPoolExecutor.reject(ThreadPoolExecutor.java:825)
	at java.base/java.util.concurrent.ThreadPoolExecutor.execute(ThreadPoolExecutor.java:1355)
	at java.base/java.util.concurrent.CompletableFuture.asyncSupplyStage(CompletableFuture.java:1714)
	at java.base/java.util.concurrent.CompletableFuture.supplyAsync(CompletableFuture.java:1931)
	at org.apache.ratis.server.impl.RaftServerImpl.executeSubmitServerRequestAsync(RaftServerImpl.java:817)
	at org.apache.ratis.server.impl.RaftServerProxy.lambda$appendEntriesAsync$27(RaftServerProxy.java:634)
	at java.base/java.util.concurrent.CompletableFuture.uniComposeStage(CompletableFuture.java:1106)
	at java.base/java.util.concurrent.CompletableFuture.thenCompose(CompletableFuture.java:2235)
	at org.apache.ratis.server.impl.RaftServerProxy.appendEntriesAsync(RaftServerProxy.java:634)
	at org.apache.ratis.grpc.server.GrpcServerProtocolService$1.process(GrpcServerProtocolService.java:219)
	at org.apache.ratis.grpc.server.GrpcServerProtocolService$1.process(GrpcServerProtocolService.java:216)
	at org.apache.ratis.grpc.server.GrpcServerProtocolService$ServerRequestStreamObserver.onNext(GrpcServerProtocolService.java:124)
	at org.apache.ratis.thirdparty.io.grpc.stub.ServerCalls$StreamingServerCallHandler$StreamingServerCallListener.onMessage(ServerCalls.java:262)
	at org.apache.ratis.thirdparty.io.grpc.ForwardingServerCallListener.onMessage(ForwardingServerCallListener.java:33)
	at org.apache.ratis.thirdparty.io.grpc.internal.ServerCallImpl$ServerStreamListenerImpl.messagesAvailableInternal(ServerCallImpl.java:332)
	at org.apache.ratis.thirdparty.io.grpc.internal.ServerCallImpl$ServerStreamListenerImpl.messagesAvailable(ServerCallImpl.java:315)
	at org.apache.ratis.thirdparty.io.grpc.internal.ServerImpl$JumpToApplicationThreadServerStreamListener$1MessagesAvailable.runInContext(ServerImpl.java:834)
	at org.apache.ratis.thirdparty.io.grpc.internal.ContextRunnable.run(ContextRunnable.java:37)
	at org.apache.ratis.thirdparty.io.grpc.internal.SerializingExecutor.run(SerializingExecutor.java:133)
	at java.base/java.util.concurrent.ThreadPoolExecutor.runWorker(ThreadPoolExecutor.java:1128)
	at java.base/java.util.concurrent.ThreadPoolExecutor$Worker.run(ThreadPoolExecutor.java:628)
	at java.base/java.lang.Thread.run(Thread.java:829)
2023-02-09 08:26:12,954 [grpc-default-executor-3] INFO  leader.FollowerInfo (FollowerInfoImpl.java:lambda$new$0(52)) - s1@group-5D8BFF2AC38C->s0: nextIndex: updateUnconditionally 113 -> 83
2023-02-09 08:26:12,955 [s2@group-5D8BFF2AC38C-StateMachineUpdater] INFO  impl.SimpleStateMachine4Testing (SimpleStateMachine4Testing.java:put(205)) - s2: put 111, m53 -> (t:2, i:111), STATEMACHINELOGENTRY, 439@client-F516C80A2025
2023-02-09 08:26:12,955 [s2-server-thread1] DEBUG raftlog.RaftLog (SegmentedRaftLog.java:appendImpl(446)) - truncateIndex=-1, arrayIndex=0
2023-02-09 08:26:12,956 [grpc-default-executor-3] WARN  server.GrpcServerProtocolService (LogUtils.java:warn(124)) - s0: Failed APPEND_ENTRIES request s1->s0#66-t2,previous=(t:1, i:82),leaderCommit=111,initializing? true,entries: size=31, first=(t:2, i:83), CONFIGURATIONENTRY(current:id: "s0"
address: "localhost:42371"
dataStreamAddress: "localhost:43129"
clientAddress: "localhost:36379"
adminAddress: "localhost:36531"
startupRole: FOLLOWER
,id: "s1"
address: "localhost:35679"
dataStreamAddress: "localhost:42433"
clientAddress: "localhost:41371"
adminAddress: "localhost:44855"
startupRole: FOLLOWER
,id: "s2"
address: "localhost:39787"
dataStreamAddress: "localhost:33651"
clientAddress: "localhost:41113"
adminAddress: "localhost:44467"
startupRole: FOLLOWER
, old:)
java.util.concurrent.CompletionException: java.util.concurrent.RejectedExecutionException: Task java.util.concurrent.CompletableFuture$AsyncSupply@30ac9d9e rejected from java.util.concurrent.ThreadPoolExecutor@4ecb30e4[Terminated, pool size = 0, active threads = 0, queued tasks = 0, completed tasks = 0]
	at java.base/java.util.concurrent.CompletableFuture.encodeThrowable(CompletableFuture.java:314)
	at java.base/java.util.concurrent.CompletableFuture.uniComposeStage(CompletableFuture.java:1113)
	at java.base/java.util.concurrent.CompletableFuture.thenCompose(CompletableFuture.java:2235)
	at org.apache.ratis.server.impl.RaftServerProxy.appendEntriesAsync(RaftServerProxy.java:634)
	at org.apache.ratis.grpc.server.GrpcServerProtocolService$1.process(GrpcServerProtocolService.java:219)
	at org.apache.ratis.grpc.server.GrpcServerProtocolService$1.process(GrpcServerProtocolService.java:216)
	at org.apache.ratis.grpc.server.GrpcServerProtocolService$ServerRequestStreamObserver.onNext(GrpcServerProtocolService.java:124)
	at org.apache.ratis.thirdparty.io.grpc.stub.ServerCalls$StreamingServerCallHandler$StreamingServerCallListener.onMessage(ServerCalls.java:262)
	at org.apache.ratis.thirdparty.io.grpc.ForwardingServerCallListener.onMessage(ForwardingServerCallListener.java:33)
	at org.apache.ratis.thirdparty.io.grpc.internal.ServerCallImpl$ServerStreamListenerImpl.messagesAvailableInternal(ServerCallImpl.java:332)
	at org.apache.ratis.thirdparty.io.grpc.internal.ServerCallImpl$ServerStreamListenerImpl.messagesAvailable(ServerCallImpl.java:315)
	at org.apache.ratis.thirdparty.io.grpc.internal.ServerImpl$JumpToApplicationThreadServerStreamListener$1MessagesAvailable.runInContext(ServerImpl.java:834)
	at org.apache.ratis.thirdparty.io.grpc.internal.ContextRunnable.run(ContextRunnable.java:37)
	at org.apache.ratis.thirdparty.io.grpc.internal.SerializingExecutor.run(SerializingExecutor.java:133)
	at java.base/java.util.concurrent.ThreadPoolExecutor.runWorker(ThreadPoolExecutor.java:1128)
	at java.base/java.util.concurrent.ThreadPoolExecutor$Worker.run(ThreadPoolExecutor.java:628)
	at java.base/java.lang.Thread.run(Thread.java:829)
Caused by: java.util.concurrent.RejectedExecutionException: Task java.util.concurrent.CompletableFuture$AsyncSupply@30ac9d9e rejected from java.util.concurrent.ThreadPoolExecutor@4ecb30e4[Terminated, pool size = 0, active threads = 0, queued tasks = 0, completed tasks = 0]
	at java.base/java.util.concurrent.ThreadPoolExecutor$AbortPolicy.rejectedExecution(ThreadPoolExecutor.java:2055)
	at java.base/java.util.concurrent.ThreadPoolExecutor.reject(ThreadPoolExecutor.java:825)
	at java.base/java.util.concurrent.ThreadPoolExecutor.execute(ThreadPoolExecutor.java:1355)
	at java.base/java.util.concurrent.CompletableFuture.asyncSupplyStage(CompletableFuture.java:1714)
	at java.base/java.util.concurrent.CompletableFuture.supplyAsync(CompletableFuture.java:1931)
	at org.apache.ratis.server.impl.RaftServerImpl.executeSubmitServerRequestAsync(RaftServerImpl.java:817)
	at org.apache.ratis.server.impl.RaftServerProxy.lambda$appendEntriesAsync$27(RaftServerProxy.java:634)
	at java.base/java.util.concurrent.CompletableFuture.uniComposeStage(CompletableFuture.java:1106)
	... 15 more
2023-02-09 08:26:12,958 [s1@group-5D8BFF2AC38C-StateMachineUpdater] INFO  impl.SimpleStateMachine4Testing (SimpleStateMachine4Testing.java:put(205)) - s1: put 113, m54 -> (t:2, i:113), STATEMACHINELOGENTRY, 440@client-F516C80A2025
2023-02-09 08:26:12,959 [grpc-default-executor-3] WARN  server.GrpcLogAppender (LogUtils.java:warn(124)) - s1@group-5D8BFF2AC38C->s0-AppendLogResponseHandler: Failed appendEntries
java.util.concurrent.RejectedExecutionException: Task java.util.concurrent.CompletableFuture$AsyncSupply@30ac9d9e rejected from java.util.concurrent.ThreadPoolExecutor@4ecb30e4[Terminated, pool size = 0, active threads = 0, queued tasks = 0, completed tasks = 0]
	at java.base/java.util.concurrent.ThreadPoolExecutor$AbortPolicy.rejectedExecution(ThreadPoolExecutor.java:2055)
	at java.base/java.util.concurrent.ThreadPoolExecutor.reject(ThreadPoolExecutor.java:825)
	at java.base/java.util.concurrent.ThreadPoolExecutor.execute(ThreadPoolExecutor.java:1355)
	at java.base/java.util.concurrent.CompletableFuture.asyncSupplyStage(CompletableFuture.java:1714)
	at java.base/java.util.concurrent.CompletableFuture.supplyAsync(CompletableFuture.java:1931)
	at org.apache.ratis.server.impl.RaftServerImpl.executeSubmitServerRequestAsync(RaftServerImpl.java:817)
	at org.apache.ratis.server.impl.RaftServerProxy.lambda$appendEntriesAsync$27(RaftServerProxy.java:634)
	at java.base/java.util.concurrent.CompletableFuture.uniComposeStage(CompletableFuture.java:1106)
	at java.base/java.util.concurrent.CompletableFuture.thenCompose(CompletableFuture.java:2235)
	at org.apache.ratis.server.impl.RaftServerProxy.appendEntriesAsync(RaftServerProxy.java:634)
	at org.apache.ratis.grpc.server.GrpcServerProtocolService$1.process(GrpcServerProtocolService.java:219)
	at org.apache.ratis.grpc.server.GrpcServerProtocolService$1.process(GrpcServerProtocolService.java:216)
	at org.apache.ratis.grpc.server.GrpcServerProtocolService$ServerRequestStreamObserver.onNext(GrpcServerProtocolService.java:124)
	at org.apache.ratis.thirdparty.io.grpc.stub.ServerCalls$StreamingServerCallHandler$StreamingServerCallListener.onMessage(ServerCalls.java:262)
	at org.apache.ratis.thirdparty.io.grpc.ForwardingServerCallListener.onMessage(ForwardingServerCallListener.java:33)
	at org.apache.ratis.thirdparty.io.grpc.internal.ServerCallImpl$ServerStreamListenerImpl.messagesAvailableInternal(ServerCallImpl.java:332)
	at org.apache.ratis.thirdparty.io.grpc.internal.ServerCallImpl$ServerStreamListenerImpl.messagesAvailable(ServerCallImpl.java:315)
	at org.apache.ratis.thirdparty.io.grpc.internal.ServerImpl$JumpToApplicationThreadServerStreamListener$1MessagesAvailable.runInContext(ServerImpl.java:834)
	at org.apache.ratis.thirdparty.io.grpc.internal.ContextRunnable.run(ContextRunnable.java:37)
	at org.apache.ratis.thirdparty.io.grpc.internal.SerializingExecutor.run(SerializingExecutor.java:133)
	at java.base/java.util.concurrent.ThreadPoolExecutor.runWorker(ThreadPoolExecutor.java:1128)
	at java.base/java.util.concurrent.ThreadPoolExecutor$Worker.run(ThreadPoolExecutor.java:628)
	at java.base/java.lang.Thread.run(Thread.java:829)
2023-02-09 08:26:12,959 [grpc-default-executor-3] INFO  leader.FollowerInfo (FollowerInfoImpl.java:lambda$new$0(52)) - s1@group-5D8BFF2AC38C->s0: nextIndex: updateUnconditionally 114 -> 83
2023-02-09 08:26:12,960 [s2-server-thread1] DEBUG raftlog.RaftLog (SegmentedRaftLog.java:appendImpl(446)) - truncateIndex=-1, arrayIndex=0
2023-02-09 08:26:12,961 [s2-server-thread1] DEBUG raftlog.RaftLog (SegmentedRaftLog.java:appendImpl(446)) - truncateIndex=-1, arrayIndex=0
2023-02-09 08:26:12,961 [s2@group-5D8BFF2AC38C-StateMachineUpdater] INFO  impl.SimpleStateMachine4Testing (SimpleStateMachine4Testing.java:put(205)) - s2: put 113, m54 -> (t:2, i:113), STATEMACHINELOGENTRY, 440@client-F516C80A2025
2023-02-09 08:26:12,961 [grpc-default-executor-7] WARN  server.GrpcServerProtocolService (LogUtils.java:warn(124)) - s0: Failed APPEND_ENTRIES request s1->s0#69-t2,previous=(t:1, i:82),leaderCommit=113,initializing? true,entries: size=33, first=(t:2, i:83), CONFIGURATIONENTRY(current:id: "s0"
address: "localhost:42371"
dataStreamAddress: "localhost:43129"
clientAddress: "localhost:36379"
adminAddress: "localhost:36531"
startupRole: FOLLOWER
,id: "s1"
address: "localhost:35679"
dataStreamAddress: "localhost:42433"
clientAddress: "localhost:41371"
adminAddress: "localhost:44855"
startupRole: FOLLOWER
,id: "s2"
address: "localhost:39787"
dataStreamAddress: "localhost:33651"
clientAddress: "localhost:41113"
adminAddress: "localhost:44467"
startupRole: FOLLOWER
, old:)
java.util.concurrent.CompletionException: java.util.concurrent.RejectedExecutionException: Task java.util.concurrent.CompletableFuture$AsyncSupply@1e13bf2 rejected from java.util.concurrent.ThreadPoolExecutor@4ecb30e4[Terminated, pool size = 0, active threads = 0, queued tasks = 0, completed tasks = 0]
	at java.base/java.util.concurrent.CompletableFuture.encodeThrowable(CompletableFuture.java:314)
	at java.base/java.util.concurrent.CompletableFuture.uniComposeStage(CompletableFuture.java:1113)
	at java.base/java.util.concurrent.CompletableFuture.thenCompose(CompletableFuture.java:2235)
	at org.apache.ratis.server.impl.RaftServerProxy.appendEntriesAsync(RaftServerProxy.java:634)
	at org.apache.ratis.grpc.server.GrpcServerProtocolService$1.process(GrpcServerProtocolService.java:219)
	at org.apache.ratis.grpc.server.GrpcServerProtocolService$1.process(GrpcServerProtocolService.java:216)
	at org.apache.ratis.grpc.server.GrpcServerProtocolService$ServerRequestStreamObserver.onNext(GrpcServerProtocolService.java:124)
	at org.apache.ratis.thirdparty.io.grpc.stub.ServerCalls$StreamingServerCallHandler$StreamingServerCallListener.onMessage(ServerCalls.java:262)
	at org.apache.ratis.thirdparty.io.grpc.ForwardingServerCallListener.onMessage(ForwardingServerCallListener.java:33)
	at org.apache.ratis.thirdparty.io.grpc.internal.ServerCallImpl$ServerStreamListenerImpl.messagesAvailableInternal(ServerCallImpl.java:332)
	at org.apache.ratis.thirdparty.io.grpc.internal.ServerCallImpl$ServerStreamListenerImpl.messagesAvailable(ServerCallImpl.java:315)
	at org.apache.ratis.thirdparty.io.grpc.internal.ServerImpl$JumpToApplicationThreadServerStreamListener$1MessagesAvailable.runInContext(ServerImpl.java:834)
	at org.apache.ratis.thirdparty.io.grpc.internal.ContextRunnable.run(ContextRunnable.java:37)
	at org.apache.ratis.thirdparty.io.grpc.internal.SerializingExecutor.run(SerializingExecutor.java:133)
	at java.base/java.util.concurrent.ThreadPoolExecutor.runWorker(ThreadPoolExecutor.java:1128)
	at java.base/java.util.concurrent.ThreadPoolExecutor$Worker.run(ThreadPoolExecutor.java:628)
	at java.base/java.lang.Thread.run(Thread.java:829)
Caused by: java.util.concurrent.RejectedExecutionException: Task java.util.concurrent.CompletableFuture$AsyncSupply@1e13bf2 rejected from java.util.concurrent.ThreadPoolExecutor@4ecb30e4[Terminated, pool size = 0, active threads = 0, queued tasks = 0, completed tasks = 0]
	at java.base/java.util.concurrent.ThreadPoolExecutor$AbortPolicy.rejectedExecution(ThreadPoolExecutor.java:2055)
	at java.base/java.util.concurrent.ThreadPoolExecutor.reject(ThreadPoolExecutor.java:825)
	at java.base/java.util.concurrent.ThreadPoolExecutor.execute(ThreadPoolExecutor.java:1355)
	at java.base/java.util.concurrent.CompletableFuture.asyncSupplyStage(CompletableFuture.java:1714)
	at java.base/java.util.concurrent.CompletableFuture.supplyAsync(CompletableFuture.java:1931)
	at org.apache.ratis.server.impl.RaftServerImpl.executeSubmitServerRequestAsync(RaftServerImpl.java:817)
	at org.apache.ratis.server.impl.RaftServerProxy.lambda$appendEntriesAsync$27(RaftServerProxy.java:634)
	at java.base/java.util.concurrent.CompletableFuture.uniComposeStage(CompletableFuture.java:1106)
	... 15 more
2023-02-09 08:26:12,963 [grpc-default-executor-3] WARN  server.GrpcLogAppender (LogUtils.java:warn(124)) - s1@group-5D8BFF2AC38C->s0-AppendLogResponseHandler: Failed appendEntries
java.util.concurrent.RejectedExecutionException: Task java.util.concurrent.CompletableFuture$AsyncSupply@1e13bf2 rejected from java.util.concurrent.ThreadPoolExecutor@4ecb30e4[Terminated, pool size = 0, active threads = 0, queued tasks = 0, completed tasks = 0]
	at java.base/java.util.concurrent.ThreadPoolExecutor$AbortPolicy.rejectedExecution(ThreadPoolExecutor.java:2055)
	at java.base/java.util.concurrent.ThreadPoolExecutor.reject(ThreadPoolExecutor.java:825)
	at java.base/java.util.concurrent.ThreadPoolExecutor.execute(ThreadPoolExecutor.java:1355)
	at java.base/java.util.concurrent.CompletableFuture.asyncSupplyStage(CompletableFuture.java:1714)
	at java.base/java.util.concurrent.CompletableFuture.supplyAsync(CompletableFuture.java:1931)
	at org.apache.ratis.server.impl.RaftServerImpl.executeSubmitServerRequestAsync(RaftServerImpl.java:817)
	at org.apache.ratis.server.impl.RaftServerProxy.lambda$appendEntriesAsync$27(RaftServerProxy.java:634)
	at java.base/java.util.concurrent.CompletableFuture.uniComposeStage(CompletableFuture.java:1106)
	at java.base/java.util.concurrent.CompletableFuture.thenCompose(CompletableFuture.java:2235)
	at org.apache.ratis.server.impl.RaftServerProxy.appendEntriesAsync(RaftServerProxy.java:634)
	at org.apache.ratis.grpc.server.GrpcServerProtocolService$1.process(GrpcServerProtocolService.java:219)
	at org.apache.ratis.grpc.server.GrpcServerProtocolService$1.process(GrpcServerProtocolService.java:216)
	at org.apache.ratis.grpc.server.GrpcServerProtocolService$ServerRequestStreamObserver.onNext(GrpcServerProtocolService.java:124)
	at org.apache.ratis.thirdparty.io.grpc.stub.ServerCalls$StreamingServerCallHandler$StreamingServerCallListener.onMessage(ServerCalls.java:262)
	at org.apache.ratis.thirdparty.io.grpc.ForwardingServerCallListener.onMessage(ForwardingServerCallListener.java:33)
	at org.apache.ratis.thirdparty.io.grpc.internal.ServerCallImpl$ServerStreamListenerImpl.messagesAvailableInternal(ServerCallImpl.java:332)
	at org.apache.ratis.thirdparty.io.grpc.internal.ServerCallImpl$ServerStreamListenerImpl.messagesAvailable(ServerCallImpl.java:315)
	at org.apache.ratis.thirdparty.io.grpc.internal.ServerImpl$JumpToApplicationThreadServerStreamListener$1MessagesAvailable.runInContext(ServerImpl.java:834)
	at org.apache.ratis.thirdparty.io.grpc.internal.ContextRunnable.run(ContextRunnable.java:37)
	at org.apache.ratis.thirdparty.io.grpc.internal.SerializingExecutor.run(SerializingExecutor.java:133)
	at java.base/java.util.concurrent.ThreadPoolExecutor.runWorker(ThreadPoolExecutor.java:1128)
	at java.base/java.util.concurrent.ThreadPoolExecutor$Worker.run(ThreadPoolExecutor.java:628)
	at java.base/java.lang.Thread.run(Thread.java:829)
2023-02-09 08:26:12,964 [grpc-default-executor-3] INFO  leader.FollowerInfo (FollowerInfoImpl.java:lambda$new$0(52)) - s1@group-5D8BFF2AC38C->s0: nextIndex: updateUnconditionally 116 -> 83
2023-02-09 08:26:12,964 [s1@group-5D8BFF2AC38C-StateMachineUpdater] INFO  impl.SimpleStateMachine4Testing (SimpleStateMachine4Testing.java:put(205)) - s1: put 115, m55 -> (t:2, i:115), STATEMACHINELOGENTRY, 441@client-F516C80A2025
2023-02-09 08:26:12,966 [s2-server-thread1] DEBUG raftlog.RaftLog (SegmentedRaftLog.java:appendImpl(446)) - truncateIndex=-1, arrayIndex=0
2023-02-09 08:26:12,967 [s2-server-thread1] DEBUG raftlog.RaftLog (SegmentedRaftLog.java:appendImpl(446)) - truncateIndex=-1, arrayIndex=0
2023-02-09 08:26:12,967 [s2@group-5D8BFF2AC38C-StateMachineUpdater] INFO  impl.SimpleStateMachine4Testing (SimpleStateMachine4Testing.java:put(205)) - s2: put 115, m55 -> (t:2, i:115), STATEMACHINELOGENTRY, 441@client-F516C80A2025
2023-02-09 08:26:12,968 [grpc-default-executor-3] WARN  server.GrpcServerProtocolService (LogUtils.java:warn(124)) - s0: Failed APPEND_ENTRIES request s1->s0#72-t2,previous=(t:1, i:82),leaderCommit=115,initializing? true,entries: size=34, first=(t:2, i:83), CONFIGURATIONENTRY(current:id: "s0"
address: "localhost:42371"
dataStreamAddress: "localhost:43129"
clientAddress: "localhost:36379"
adminAddress: "localhost:36531"
startupRole: FOLLOWER
,id: "s1"
address: "localhost:35679"
dataStreamAddress: "localhost:42433"
clientAddress: "localhost:41371"
adminAddress: "localhost:44855"
startupRole: FOLLOWER
,id: "s2"
address: "localhost:39787"
dataStreamAddress: "localhost:33651"
clientAddress: "localhost:41113"
adminAddress: "localhost:44467"
startupRole: FOLLOWER
, old:)
java.util.concurrent.CompletionException: java.util.concurrent.RejectedExecutionException: Task java.util.concurrent.CompletableFuture$AsyncSupply@1f78e0be rejected from java.util.concurrent.ThreadPoolExecutor@4ecb30e4[Terminated, pool size = 0, active threads = 0, queued tasks = 0, completed tasks = 0]
	at java.base/java.util.concurrent.CompletableFuture.encodeThrowable(CompletableFuture.java:314)
	at java.base/java.util.concurrent.CompletableFuture.uniComposeStage(CompletableFuture.java:1113)
	at java.base/java.util.concurrent.CompletableFuture.thenCompose(CompletableFuture.java:2235)
	at org.apache.ratis.server.impl.RaftServerProxy.appendEntriesAsync(RaftServerProxy.java:634)
	at org.apache.ratis.grpc.server.GrpcServerProtocolService$1.process(GrpcServerProtocolService.java:219)
	at org.apache.ratis.grpc.server.GrpcServerProtocolService$1.process(GrpcServerProtocolService.java:216)
	at org.apache.ratis.grpc.server.GrpcServerProtocolService$ServerRequestStreamObserver.onNext(GrpcServerProtocolService.java:124)
	at org.apache.ratis.thirdparty.io.grpc.stub.ServerCalls$StreamingServerCallHandler$StreamingServerCallListener.onMessage(ServerCalls.java:262)
	at org.apache.ratis.thirdparty.io.grpc.ForwardingServerCallListener.onMessage(ForwardingServerCallListener.java:33)
	at org.apache.ratis.thirdparty.io.grpc.internal.ServerCallImpl$ServerStreamListenerImpl.messagesAvailableInternal(ServerCallImpl.java:332)
	at org.apache.ratis.thirdparty.io.grpc.internal.ServerCallImpl$ServerStreamListenerImpl.messagesAvailable(ServerCallImpl.java:315)
	at org.apache.ratis.thirdparty.io.grpc.internal.ServerImpl$JumpToApplicationThreadServerStreamListener$1MessagesAvailable.runInContext(ServerImpl.java:834)
	at org.apache.ratis.thirdparty.io.grpc.internal.ContextRunnable.run(ContextRunnable.java:37)
	at org.apache.ratis.thirdparty.io.grpc.internal.SerializingExecutor.run(SerializingExecutor.java:133)
	at java.base/java.util.concurrent.ThreadPoolExecutor.runWorker(ThreadPoolExecutor.java:1128)
	at java.base/java.util.concurrent.ThreadPoolExecutor$Worker.run(ThreadPoolExecutor.java:628)
	at java.base/java.lang.Thread.run(Thread.java:829)
Caused by: java.util.concurrent.RejectedExecutionException: Task java.util.concurrent.CompletableFuture$AsyncSupply@1f78e0be rejected from java.util.concurrent.ThreadPoolExecutor@4ecb30e4[Terminated, pool size = 0, active threads = 0, queued tasks = 0, completed tasks = 0]
	at java.base/java.util.concurrent.ThreadPoolExecutor$AbortPolicy.rejectedExecution(ThreadPoolExecutor.java:2055)
	at java.base/java.util.concurrent.ThreadPoolExecutor.reject(ThreadPoolExecutor.java:825)
	at java.base/java.util.concurrent.ThreadPoolExecutor.execute(ThreadPoolExecutor.java:1355)
	at java.base/java.util.concurrent.CompletableFuture.asyncSupplyStage(CompletableFuture.java:1714)
	at java.base/java.util.concurrent.CompletableFuture.supplyAsync(CompletableFuture.java:1931)
	at org.apache.ratis.server.impl.RaftServerImpl.executeSubmitServerRequestAsync(RaftServerImpl.java:817)
	at org.apache.ratis.server.impl.RaftServerProxy.lambda$appendEntriesAsync$27(RaftServerProxy.java:634)
	at java.base/java.util.concurrent.CompletableFuture.uniComposeStage(CompletableFuture.java:1106)
	... 15 more
2023-02-09 08:26:12,970 [s1@group-5D8BFF2AC38C-StateMachineUpdater] INFO  impl.SimpleStateMachine4Testing (SimpleStateMachine4Testing.java:put(205)) - s1: put 117, m56 -> (t:2, i:117), STATEMACHINELOGENTRY, 442@client-F516C80A2025
2023-02-09 08:26:12,972 [grpc-default-executor-3] WARN  server.GrpcLogAppender (LogUtils.java:warn(124)) - s1@group-5D8BFF2AC38C->s0-AppendLogResponseHandler: Failed appendEntries
java.util.concurrent.RejectedExecutionException: Task java.util.concurrent.CompletableFuture$AsyncSupply@1f78e0be rejected from java.util.concurrent.ThreadPoolExecutor@4ecb30e4[Terminated, pool size = 0, active threads = 0, queued tasks = 0, completed tasks = 0]
	at java.base/java.util.concurrent.ThreadPoolExecutor$AbortPolicy.rejectedExecution(ThreadPoolExecutor.java:2055)
	at java.base/java.util.concurrent.ThreadPoolExecutor.reject(ThreadPoolExecutor.java:825)
	at java.base/java.util.concurrent.ThreadPoolExecutor.execute(ThreadPoolExecutor.java:1355)
	at java.base/java.util.concurrent.CompletableFuture.asyncSupplyStage(CompletableFuture.java:1714)
	at java.base/java.util.concurrent.CompletableFuture.supplyAsync(CompletableFuture.java:1931)
	at org.apache.ratis.server.impl.RaftServerImpl.executeSubmitServerRequestAsync(RaftServerImpl.java:817)
	at org.apache.ratis.server.impl.RaftServerProxy.lambda$appendEntriesAsync$27(RaftServerProxy.java:634)
	at java.base/java.util.concurrent.CompletableFuture.uniComposeStage(CompletableFuture.java:1106)
	at java.base/java.util.concurrent.CompletableFuture.thenCompose(CompletableFuture.java:2235)
	at org.apache.ratis.server.impl.RaftServerProxy.appendEntriesAsync(RaftServerProxy.java:634)
	at org.apache.ratis.grpc.server.GrpcServerProtocolService$1.process(GrpcServerProtocolService.java:219)
	at org.apache.ratis.grpc.server.GrpcServerProtocolService$1.process(GrpcServerProtocolService.java:216)
	at org.apache.ratis.grpc.server.GrpcServerProtocolService$ServerRequestStreamObserver.onNext(GrpcServerProtocolService.java:124)
	at org.apache.ratis.thirdparty.io.grpc.stub.ServerCalls$StreamingServerCallHandler$StreamingServerCallListener.onMessage(ServerCalls.java:262)
	at org.apache.ratis.thirdparty.io.grpc.ForwardingServerCallListener.onMessage(ForwardingServerCallListener.java:33)
	at org.apache.ratis.thirdparty.io.grpc.internal.ServerCallImpl$ServerStreamListenerImpl.messagesAvailableInternal(ServerCallImpl.java:332)
	at org.apache.ratis.thirdparty.io.grpc.internal.ServerCallImpl$ServerStreamListenerImpl.messagesAvailable(ServerCallImpl.java:315)
	at org.apache.ratis.thirdparty.io.grpc.internal.ServerImpl$JumpToApplicationThreadServerStreamListener$1MessagesAvailable.runInContext(ServerImpl.java:834)
	at org.apache.ratis.thirdparty.io.grpc.internal.ContextRunnable.run(ContextRunnable.java:37)
	at org.apache.ratis.thirdparty.io.grpc.internal.SerializingExecutor.run(SerializingExecutor.java:133)
	at java.base/java.util.concurrent.ThreadPoolExecutor.runWorker(ThreadPoolExecutor.java:1128)
	at java.base/java.util.concurrent.ThreadPoolExecutor$Worker.run(ThreadPoolExecutor.java:628)
	at java.base/java.lang.Thread.run(Thread.java:829)
2023-02-09 08:26:12,972 [grpc-default-executor-3] INFO  leader.FollowerInfo (FollowerInfoImpl.java:lambda$new$0(52)) - s1@group-5D8BFF2AC38C->s0: nextIndex: updateUnconditionally 117 -> 83
2023-02-09 08:26:12,973 [s2-server-thread1] DEBUG raftlog.RaftLog (SegmentedRaftLog.java:appendImpl(446)) - truncateIndex=-1, arrayIndex=0
2023-02-09 08:26:12,973 [s2-server-thread1] DEBUG raftlog.RaftLog (SegmentedRaftLog.java:appendImpl(446)) - truncateIndex=-1, arrayIndex=0
2023-02-09 08:26:12,974 [s2@group-5D8BFF2AC38C-StateMachineUpdater] INFO  impl.SimpleStateMachine4Testing (SimpleStateMachine4Testing.java:put(205)) - s2: put 117, m56 -> (t:2, i:117), STATEMACHINELOGENTRY, 442@client-F516C80A2025
2023-02-09 08:26:12,975 [grpc-default-executor-3] WARN  server.GrpcServerProtocolService (LogUtils.java:warn(124)) - s0: Failed APPEND_ENTRIES request s1->s0#77-t2,previous=(t:1, i:82),leaderCommit=117,initializing? true,entries: size=37, first=(t:2, i:83), CONFIGURATIONENTRY(current:id: "s0"
address: "localhost:42371"
dataStreamAddress: "localhost:43129"
clientAddress: "localhost:36379"
adminAddress: "localhost:36531"
startupRole: FOLLOWER
,id: "s1"
address: "localhost:35679"
dataStreamAddress: "localhost:42433"
clientAddress: "localhost:41371"
adminAddress: "localhost:44855"
startupRole: FOLLOWER
,id: "s2"
address: "localhost:39787"
dataStreamAddress: "localhost:33651"
clientAddress: "localhost:41113"
adminAddress: "localhost:44467"
startupRole: FOLLOWER
, old:)
java.util.concurrent.CompletionException: java.util.concurrent.RejectedExecutionException: Task java.util.concurrent.CompletableFuture$AsyncSupply@5f223ed6 rejected from java.util.concurrent.ThreadPoolExecutor@4ecb30e4[Terminated, pool size = 0, active threads = 0, queued tasks = 0, completed tasks = 0]
	at java.base/java.util.concurrent.CompletableFuture.encodeThrowable(CompletableFuture.java:314)
	at java.base/java.util.concurrent.CompletableFuture.uniComposeStage(CompletableFuture.java:1113)
	at java.base/java.util.concurrent.CompletableFuture.thenCompose(CompletableFuture.java:2235)
	at org.apache.ratis.server.impl.RaftServerProxy.appendEntriesAsync(RaftServerProxy.java:634)
	at org.apache.ratis.grpc.server.GrpcServerProtocolService$1.process(GrpcServerProtocolService.java:219)
	at org.apache.ratis.grpc.server.GrpcServerProtocolService$1.process(GrpcServerProtocolService.java:216)
	at org.apache.ratis.grpc.server.GrpcServerProtocolService$ServerRequestStreamObserver.onNext(GrpcServerProtocolService.java:124)
	at org.apache.ratis.thirdparty.io.grpc.stub.ServerCalls$StreamingServerCallHandler$StreamingServerCallListener.onMessage(ServerCalls.java:262)
	at org.apache.ratis.thirdparty.io.grpc.ForwardingServerCallListener.onMessage(ForwardingServerCallListener.java:33)
	at org.apache.ratis.thirdparty.io.grpc.internal.ServerCallImpl$ServerStreamListenerImpl.messagesAvailableInternal(ServerCallImpl.java:332)
	at org.apache.ratis.thirdparty.io.grpc.internal.ServerCallImpl$ServerStreamListenerImpl.messagesAvailable(ServerCallImpl.java:315)
	at org.apache.ratis.thirdparty.io.grpc.internal.ServerImpl$JumpToApplicationThreadServerStreamListener$1MessagesAvailable.runInContext(ServerImpl.java:834)
	at org.apache.ratis.thirdparty.io.grpc.internal.ContextRunnable.run(ContextRunnable.java:37)
	at org.apache.ratis.thirdparty.io.grpc.internal.SerializingExecutor.run(SerializingExecutor.java:133)
	at java.base/java.util.concurrent.ThreadPoolExecutor.runWorker(ThreadPoolExecutor.java:1128)
	at java.base/java.util.concurrent.ThreadPoolExecutor$Worker.run(ThreadPoolExecutor.java:628)
	at java.base/java.lang.Thread.run(Thread.java:829)
Caused by: java.util.concurrent.RejectedExecutionException: Task java.util.concurrent.CompletableFuture$AsyncSupply@5f223ed6 rejected from java.util.concurrent.ThreadPoolExecutor@4ecb30e4[Terminated, pool size = 0, active threads = 0, queued tasks = 0, completed tasks = 0]
	at java.base/java.util.concurrent.ThreadPoolExecutor$AbortPolicy.rejectedExecution(ThreadPoolExecutor.java:2055)
	at java.base/java.util.concurrent.ThreadPoolExecutor.reject(ThreadPoolExecutor.java:825)
	at java.base/java.util.concurrent.ThreadPoolExecutor.execute(ThreadPoolExecutor.java:1355)
	at java.base/java.util.concurrent.CompletableFuture.asyncSupplyStage(CompletableFuture.java:1714)
	at java.base/java.util.concurrent.CompletableFuture.supplyAsync(CompletableFuture.java:1931)
	at org.apache.ratis.server.impl.RaftServerImpl.executeSubmitServerRequestAsync(RaftServerImpl.java:817)
	at org.apache.ratis.server.impl.RaftServerProxy.lambda$appendEntriesAsync$27(RaftServerProxy.java:634)
	at java.base/java.util.concurrent.CompletableFuture.uniComposeStage(CompletableFuture.java:1106)
	... 15 more
2023-02-09 08:26:12,976 [s1@group-5D8BFF2AC38C-StateMachineUpdater] INFO  impl.SimpleStateMachine4Testing (SimpleStateMachine4Testing.java:put(205)) - s1: put 119, m57 -> (t:2, i:119), STATEMACHINELOGENTRY, 443@client-F516C80A2025
2023-02-09 08:26:12,979 [s2-server-thread1] DEBUG raftlog.RaftLog (SegmentedRaftLog.java:appendImpl(446)) - truncateIndex=-1, arrayIndex=0
2023-02-09 08:26:12,979 [s2-server-thread1] DEBUG raftlog.RaftLog (SegmentedRaftLog.java:appendImpl(446)) - truncateIndex=-1, arrayIndex=0
2023-02-09 08:26:12,979 [s2@group-5D8BFF2AC38C-StateMachineUpdater] INFO  impl.SimpleStateMachine4Testing (SimpleStateMachine4Testing.java:put(205)) - s2: put 119, m57 -> (t:2, i:119), STATEMACHINELOGENTRY, 443@client-F516C80A2025
2023-02-09 08:26:12,980 [grpc-default-executor-3] WARN  server.GrpcLogAppender (LogUtils.java:warn(124)) - s1@group-5D8BFF2AC38C->s0-AppendLogResponseHandler: Failed appendEntries
java.util.concurrent.RejectedExecutionException: Task java.util.concurrent.CompletableFuture$AsyncSupply@5f223ed6 rejected from java.util.concurrent.ThreadPoolExecutor@4ecb30e4[Terminated, pool size = 0, active threads = 0, queued tasks = 0, completed tasks = 0]
	at java.base/java.util.concurrent.ThreadPoolExecutor$AbortPolicy.rejectedExecution(ThreadPoolExecutor.java:2055)
	at java.base/java.util.concurrent.ThreadPoolExecutor.reject(ThreadPoolExecutor.java:825)
	at java.base/java.util.concurrent.ThreadPoolExecutor.execute(ThreadPoolExecutor.java:1355)
	at java.base/java.util.concurrent.CompletableFuture.asyncSupplyStage(CompletableFuture.java:1714)
	at java.base/java.util.concurrent.CompletableFuture.supplyAsync(CompletableFuture.java:1931)
	at org.apache.ratis.server.impl.RaftServerImpl.executeSubmitServerRequestAsync(RaftServerImpl.java:817)
	at org.apache.ratis.server.impl.RaftServerProxy.lambda$appendEntriesAsync$27(RaftServerProxy.java:634)
	at java.base/java.util.concurrent.CompletableFuture.uniComposeStage(CompletableFuture.java:1106)
	at java.base/java.util.concurrent.CompletableFuture.thenCompose(CompletableFuture.java:2235)
	at org.apache.ratis.server.impl.RaftServerProxy.appendEntriesAsync(RaftServerProxy.java:634)
	at org.apache.ratis.grpc.server.GrpcServerProtocolService$1.process(GrpcServerProtocolService.java:219)
	at org.apache.ratis.grpc.server.GrpcServerProtocolService$1.process(GrpcServerProtocolService.java:216)
	at org.apache.ratis.grpc.server.GrpcServerProtocolService$ServerRequestStreamObserver.onNext(GrpcServerProtocolService.java:124)
	at org.apache.ratis.thirdparty.io.grpc.stub.ServerCalls$StreamingServerCallHandler$StreamingServerCallListener.onMessage(ServerCalls.java:262)
	at org.apache.ratis.thirdparty.io.grpc.ForwardingServerCallListener.onMessage(ForwardingServerCallListener.java:33)
	at org.apache.ratis.thirdparty.io.grpc.internal.ServerCallImpl$ServerStreamListenerImpl.messagesAvailableInternal(ServerCallImpl.java:332)
	at org.apache.ratis.thirdparty.io.grpc.internal.ServerCallImpl$ServerStreamListenerImpl.messagesAvailable(ServerCallImpl.java:315)
	at org.apache.ratis.thirdparty.io.grpc.internal.ServerImpl$JumpToApplicationThreadServerStreamListener$1MessagesAvailable.runInContext(ServerImpl.java:834)
	at org.apache.ratis.thirdparty.io.grpc.internal.ContextRunnable.run(ContextRunnable.java:37)
	at org.apache.ratis.thirdparty.io.grpc.internal.SerializingExecutor.run(SerializingExecutor.java:133)
	at java.base/java.util.concurrent.ThreadPoolExecutor.runWorker(ThreadPoolExecutor.java:1128)
	at java.base/java.util.concurrent.ThreadPoolExecutor$Worker.run(ThreadPoolExecutor.java:628)
	at java.base/java.lang.Thread.run(Thread.java:829)
2023-02-09 08:26:12,980 [grpc-default-executor-3] INFO  leader.FollowerInfo (FollowerInfoImpl.java:lambda$new$0(52)) - s1@group-5D8BFF2AC38C->s0: nextIndex: updateUnconditionally 120 -> 83
2023-02-09 08:26:12,981 [grpc-default-executor-3] WARN  server.GrpcServerProtocolService (LogUtils.java:warn(124)) - s0: Failed APPEND_ENTRIES request s1->s0#81-t2,previous=(t:1, i:82),leaderCommit=119,initializing? true,entries: size=39, first=(t:2, i:83), CONFIGURATIONENTRY(current:id: "s0"
address: "localhost:42371"
dataStreamAddress: "localhost:43129"
clientAddress: "localhost:36379"
adminAddress: "localhost:36531"
startupRole: FOLLOWER
,id: "s1"
address: "localhost:35679"
dataStreamAddress: "localhost:42433"
clientAddress: "localhost:41371"
adminAddress: "localhost:44855"
startupRole: FOLLOWER
,id: "s2"
address: "localhost:39787"
dataStreamAddress: "localhost:33651"
clientAddress: "localhost:41113"
adminAddress: "localhost:44467"
startupRole: FOLLOWER
, old:)
java.util.concurrent.CompletionException: java.util.concurrent.RejectedExecutionException: Task java.util.concurrent.CompletableFuture$AsyncSupply@49a4121a rejected from java.util.concurrent.ThreadPoolExecutor@4ecb30e4[Terminated, pool size = 0, active threads = 0, queued tasks = 0, completed tasks = 0]
	at java.base/java.util.concurrent.CompletableFuture.encodeThrowable(CompletableFuture.java:314)
	at java.base/java.util.concurrent.CompletableFuture.uniComposeStage(CompletableFuture.java:1113)
	at java.base/java.util.concurrent.CompletableFuture.thenCompose(CompletableFuture.java:2235)
	at org.apache.ratis.server.impl.RaftServerProxy.appendEntriesAsync(RaftServerProxy.java:634)
	at org.apache.ratis.grpc.server.GrpcServerProtocolService$1.process(GrpcServerProtocolService.java:219)
	at org.apache.ratis.grpc.server.GrpcServerProtocolService$1.process(GrpcServerProtocolService.java:216)
	at org.apache.ratis.grpc.server.GrpcServerProtocolService$ServerRequestStreamObserver.onNext(GrpcServerProtocolService.java:124)
	at org.apache.ratis.thirdparty.io.grpc.stub.ServerCalls$StreamingServerCallHandler$StreamingServerCallListener.onMessage(ServerCalls.java:262)
	at org.apache.ratis.thirdparty.io.grpc.ForwardingServerCallListener.onMessage(ForwardingServerCallListener.java:33)
	at org.apache.ratis.thirdparty.io.grpc.internal.ServerCallImpl$ServerStreamListenerImpl.messagesAvailableInternal(ServerCallImpl.java:332)
	at org.apache.ratis.thirdparty.io.grpc.internal.ServerCallImpl$ServerStreamListenerImpl.messagesAvailable(ServerCallImpl.java:315)
	at org.apache.ratis.thirdparty.io.grpc.internal.ServerImpl$JumpToApplicationThreadServerStreamListener$1MessagesAvailable.runInContext(ServerImpl.java:834)
	at org.apache.ratis.thirdparty.io.grpc.internal.ContextRunnable.run(ContextRunnable.java:37)
	at org.apache.ratis.thirdparty.io.grpc.internal.SerializingExecutor.run(SerializingExecutor.java:133)
	at java.base/java.util.concurrent.ThreadPoolExecutor.runWorker(ThreadPoolExecutor.java:1128)
	at java.base/java.util.concurrent.ThreadPoolExecutor$Worker.run(ThreadPoolExecutor.java:628)
	at java.base/java.lang.Thread.run(Thread.java:829)
Caused by: java.util.concurrent.RejectedExecutionException: Task java.util.concurrent.CompletableFuture$AsyncSupply@49a4121a rejected from java.util.concurrent.ThreadPoolExecutor@4ecb30e4[Terminated, pool size = 0, active threads = 0, queued tasks = 0, completed tasks = 0]
	at java.base/java.util.concurrent.ThreadPoolExecutor$AbortPolicy.rejectedExecution(ThreadPoolExecutor.java:2055)
	at java.base/java.util.concurrent.ThreadPoolExecutor.reject(ThreadPoolExecutor.java:825)
	at java.base/java.util.concurrent.ThreadPoolExecutor.execute(ThreadPoolExecutor.java:1355)
	at java.base/java.util.concurrent.CompletableFuture.asyncSupplyStage(CompletableFuture.java:1714)
	at java.base/java.util.concurrent.CompletableFuture.supplyAsync(CompletableFuture.java:1931)
	at org.apache.ratis.server.impl.RaftServerImpl.executeSubmitServerRequestAsync(RaftServerImpl.java:817)
	at org.apache.ratis.server.impl.RaftServerProxy.lambda$appendEntriesAsync$27(RaftServerProxy.java:634)
	at java.base/java.util.concurrent.CompletableFuture.uniComposeStage(CompletableFuture.java:1106)
	... 15 more
2023-02-09 08:26:12,983 [s2-server-thread1] DEBUG raftlog.RaftLog (SegmentedRaftLog.java:appendImpl(446)) - truncateIndex=-1, arrayIndex=0
2023-02-09 08:26:12,982 [s1@group-5D8BFF2AC38C-StateMachineUpdater] INFO  impl.SimpleStateMachine4Testing (SimpleStateMachine4Testing.java:put(205)) - s1: put 121, m58 -> (t:2, i:121), STATEMACHINELOGENTRY, 444@client-F516C80A2025
2023-02-09 08:26:12,984 [s2@group-5D8BFF2AC38C-StateMachineUpdater] INFO  impl.SimpleStateMachine4Testing (SimpleStateMachine4Testing.java:put(205)) - s2: put 121, m58 -> (t:2, i:121), STATEMACHINELOGENTRY, 444@client-F516C80A2025
2023-02-09 08:26:12,985 [s2-server-thread1] DEBUG raftlog.RaftLog (SegmentedRaftLog.java:appendImpl(446)) - truncateIndex=-1, arrayIndex=0
2023-02-09 08:26:12,986 [s1@group-5D8BFF2AC38C-StateMachineUpdater] INFO  impl.SimpleStateMachine4Testing (SimpleStateMachine4Testing.java:put(205)) - s1: put 123, m59 -> (t:2, i:123), STATEMACHINELOGENTRY, 445@client-F516C80A2025
2023-02-09 08:26:12,986 [s2-server-thread1] DEBUG raftlog.RaftLog (SegmentedRaftLog.java:appendImpl(446)) - truncateIndex=-1, arrayIndex=0
2023-02-09 08:26:12,987 [s2@group-5D8BFF2AC38C-StateMachineUpdater] INFO  impl.SimpleStateMachine4Testing (SimpleStateMachine4Testing.java:put(205)) - s2: put 123, m59 -> (t:2, i:123), STATEMACHINELOGENTRY, 445@client-F516C80A2025
2023-02-09 08:26:12,988 [s2-server-thread1] DEBUG raftlog.RaftLog (SegmentedRaftLog.java:appendImpl(446)) - truncateIndex=-1, arrayIndex=0
2023-02-09 08:26:12,989 [s1@group-5D8BFF2AC38C-StateMachineUpdater] INFO  impl.SimpleStateMachine4Testing (SimpleStateMachine4Testing.java:put(205)) - s1: put 125, m60 -> (t:2, i:125), STATEMACHINELOGENTRY, 446@client-F516C80A2025
2023-02-09 08:26:12,991 [s2-server-thread1] DEBUG raftlog.RaftLog (SegmentedRaftLog.java:appendImpl(446)) - truncateIndex=-1, arrayIndex=0
2023-02-09 08:26:12,991 [s2-server-thread1] DEBUG raftlog.RaftLog (SegmentedRaftLog.java:appendImpl(446)) - truncateIndex=-1, arrayIndex=0
2023-02-09 08:26:12,991 [s2@group-5D8BFF2AC38C-StateMachineUpdater] INFO  impl.SimpleStateMachine4Testing (SimpleStateMachine4Testing.java:put(205)) - s2: put 125, m60 -> (t:2, i:125), STATEMACHINELOGENTRY, 446@client-F516C80A2025
2023-02-09 08:26:12,992 [s1@group-5D8BFF2AC38C-StateMachineUpdater] INFO  impl.SimpleStateMachine4Testing (SimpleStateMachine4Testing.java:put(205)) - s1: put 127, m61 -> (t:2, i:127), STATEMACHINELOGENTRY, 447@client-F516C80A2025
2023-02-09 08:26:12,997 [s2-server-thread1] DEBUG raftlog.RaftLog (SegmentedRaftLog.java:appendImpl(446)) - truncateIndex=-1, arrayIndex=0
2023-02-09 08:26:12,998 [s2-server-thread1] DEBUG raftlog.RaftLog (SegmentedRaftLog.java:appendImpl(446)) - truncateIndex=-1, arrayIndex=0
2023-02-09 08:26:12,999 [grpc-default-executor-7] WARN  server.GrpcLogAppender (LogUtils.java:warn(124)) - s1@group-5D8BFF2AC38C->s0-AppendLogResponseHandler: Failed appendEntries
java.util.concurrent.RejectedExecutionException: Task java.util.concurrent.CompletableFuture$AsyncSupply@49a4121a rejected from java.util.concurrent.ThreadPoolExecutor@4ecb30e4[Terminated, pool size = 0, active threads = 0, queued tasks = 0, completed tasks = 0]
	at java.base/java.util.concurrent.ThreadPoolExecutor$AbortPolicy.rejectedExecution(ThreadPoolExecutor.java:2055)
	at java.base/java.util.concurrent.ThreadPoolExecutor.reject(ThreadPoolExecutor.java:825)
	at java.base/java.util.concurrent.ThreadPoolExecutor.execute(ThreadPoolExecutor.java:1355)
	at java.base/java.util.concurrent.CompletableFuture.asyncSupplyStage(CompletableFuture.java:1714)
	at java.base/java.util.concurrent.CompletableFuture.supplyAsync(CompletableFuture.java:1931)
	at org.apache.ratis.server.impl.RaftServerImpl.executeSubmitServerRequestAsync(RaftServerImpl.java:817)
	at org.apache.ratis.server.impl.RaftServerProxy.lambda$appendEntriesAsync$27(RaftServerProxy.java:634)
	at java.base/java.util.concurrent.CompletableFuture.uniComposeStage(CompletableFuture.java:1106)
	at java.base/java.util.concurrent.CompletableFuture.thenCompose(CompletableFuture.java:2235)
	at org.apache.ratis.server.impl.RaftServerProxy.appendEntriesAsync(RaftServerProxy.java:634)
	at org.apache.ratis.grpc.server.GrpcServerProtocolService$1.process(GrpcServerProtocolService.java:219)
	at org.apache.ratis.grpc.server.GrpcServerProtocolService$1.process(GrpcServerProtocolService.java:216)
	at org.apache.ratis.grpc.server.GrpcServerProtocolService$ServerRequestStreamObserver.onNext(GrpcServerProtocolService.java:124)
	at org.apache.ratis.thirdparty.io.grpc.stub.ServerCalls$StreamingServerCallHandler$StreamingServerCallListener.onMessage(ServerCalls.java:262)
	at org.apache.ratis.thirdparty.io.grpc.ForwardingServerCallListener.onMessage(ForwardingServerCallListener.java:33)
	at org.apache.ratis.thirdparty.io.grpc.internal.ServerCallImpl$ServerStreamListenerImpl.messagesAvailableInternal(ServerCallImpl.java:332)
	at org.apache.ratis.thirdparty.io.grpc.internal.ServerCallImpl$ServerStreamListenerImpl.messagesAvailable(ServerCallImpl.java:315)
	at org.apache.ratis.thirdparty.io.grpc.internal.ServerImpl$JumpToApplicationThreadServerStreamListener$1MessagesAvailable.runInContext(ServerImpl.java:834)
	at org.apache.ratis.thirdparty.io.grpc.internal.ContextRunnable.run(ContextRunnable.java:37)
	at org.apache.ratis.thirdparty.io.grpc.internal.SerializingExecutor.run(SerializingExecutor.java:133)
	at java.base/java.util.concurrent.ThreadPoolExecutor.runWorker(ThreadPoolExecutor.java:1128)
	at java.base/java.util.concurrent.ThreadPoolExecutor$Worker.run(ThreadPoolExecutor.java:628)
	at java.base/java.lang.Thread.run(Thread.java:829)
2023-02-09 08:26:13,000 [grpc-default-executor-7] INFO  leader.FollowerInfo (FollowerInfoImpl.java:lambda$new$0(52)) - s1@group-5D8BFF2AC38C->s0: nextIndex: updateUnconditionally 122 -> 83
2023-02-09 08:26:13,003 [s2@group-5D8BFF2AC38C-StateMachineUpdater] INFO  impl.SimpleStateMachine4Testing (SimpleStateMachine4Testing.java:put(205)) - s2: put 127, m61 -> (t:2, i:127), STATEMACHINELOGENTRY, 447@client-F516C80A2025
2023-02-09 08:26:13,008 [grpc-default-executor-7] WARN  server.GrpcServerProtocolService (LogUtils.java:warn(124)) - s0: Failed APPEND_ENTRIES request s1->s0#95-t2,previous=(t:1, i:82),leaderCommit=128,initializing? true,entries: size=47, first=(t:2, i:83), CONFIGURATIONENTRY(current:id: "s0"
address: "localhost:42371"
dataStreamAddress: "localhost:43129"
clientAddress: "localhost:36379"
adminAddress: "localhost:36531"
startupRole: FOLLOWER
,id: "s1"
address: "localhost:35679"
dataStreamAddress: "localhost:42433"
clientAddress: "localhost:41371"
adminAddress: "localhost:44855"
startupRole: FOLLOWER
,id: "s2"
address: "localhost:39787"
dataStreamAddress: "localhost:33651"
clientAddress: "localhost:41113"
adminAddress: "localhost:44467"
startupRole: FOLLOWER
, old:)
java.util.concurrent.CompletionException: java.util.concurrent.RejectedExecutionException: Task java.util.concurrent.CompletableFuture$AsyncSupply@305193a7 rejected from java.util.concurrent.ThreadPoolExecutor@4ecb30e4[Terminated, pool size = 0, active threads = 0, queued tasks = 0, completed tasks = 0]
	at java.base/java.util.concurrent.CompletableFuture.encodeThrowable(CompletableFuture.java:314)
	at java.base/java.util.concurrent.CompletableFuture.uniComposeStage(CompletableFuture.java:1113)
	at java.base/java.util.concurrent.CompletableFuture.thenCompose(CompletableFuture.java:2235)
	at org.apache.ratis.server.impl.RaftServerProxy.appendEntriesAsync(RaftServerProxy.java:634)
	at org.apache.ratis.grpc.server.GrpcServerProtocolService$1.process(GrpcServerProtocolService.java:219)
	at org.apache.ratis.grpc.server.GrpcServerProtocolService$1.process(GrpcServerProtocolService.java:216)
	at org.apache.ratis.grpc.server.GrpcServerProtocolService$ServerRequestStreamObserver.onNext(GrpcServerProtocolService.java:124)
	at org.apache.ratis.thirdparty.io.grpc.stub.ServerCalls$StreamingServerCallHandler$StreamingServerCallListener.onMessage(ServerCalls.java:262)
	at org.apache.ratis.thirdparty.io.grpc.ForwardingServerCallListener.onMessage(ForwardingServerCallListener.java:33)
	at org.apache.ratis.thirdparty.io.grpc.internal.ServerCallImpl$ServerStreamListenerImpl.messagesAvailableInternal(ServerCallImpl.java:332)
	at org.apache.ratis.thirdparty.io.grpc.internal.ServerCallImpl$ServerStreamListenerImpl.messagesAvailable(ServerCallImpl.java:315)
	at org.apache.ratis.thirdparty.io.grpc.internal.ServerImpl$JumpToApplicationThreadServerStreamListener$1MessagesAvailable.runInContext(ServerImpl.java:834)
	at org.apache.ratis.thirdparty.io.grpc.internal.ContextRunnable.run(ContextRunnable.java:37)
	at org.apache.ratis.thirdparty.io.grpc.internal.SerializingExecutor.run(SerializingExecutor.java:133)
	at java.base/java.util.concurrent.ThreadPoolExecutor.runWorker(ThreadPoolExecutor.java:1128)
	at java.base/java.util.concurrent.ThreadPoolExecutor$Worker.run(ThreadPoolExecutor.java:628)
	at java.base/java.lang.Thread.run(Thread.java:829)
Caused by: java.util.concurrent.RejectedExecutionException: Task java.util.concurrent.CompletableFuture$AsyncSupply@305193a7 rejected from java.util.concurrent.ThreadPoolExecutor@4ecb30e4[Terminated, pool size = 0, active threads = 0, queued tasks = 0, completed tasks = 0]
	at java.base/java.util.concurrent.ThreadPoolExecutor$AbortPolicy.rejectedExecution(ThreadPoolExecutor.java:2055)
	at java.base/java.util.concurrent.ThreadPoolExecutor.reject(ThreadPoolExecutor.java:825)
	at java.base/java.util.concurrent.ThreadPoolExecutor.execute(ThreadPoolExecutor.java:1355)
	at java.base/java.util.concurrent.CompletableFuture.asyncSupplyStage(CompletableFuture.java:1714)
	at java.base/java.util.concurrent.CompletableFuture.supplyAsync(CompletableFuture.java:1931)
	at org.apache.ratis.server.impl.RaftServerImpl.executeSubmitServerRequestAsync(RaftServerImpl.java:817)
	at org.apache.ratis.server.impl.RaftServerProxy.lambda$appendEntriesAsync$27(RaftServerProxy.java:634)
	at java.base/java.util.concurrent.CompletableFuture.uniComposeStage(CompletableFuture.java:1106)
	... 15 more
2023-02-09 08:26:13,010 [s2-server-thread1] DEBUG raftlog.RaftLog (SegmentedRaftLog.java:appendImpl(446)) - truncateIndex=-1, arrayIndex=0
2023-02-09 08:26:13,010 [grpc-default-executor-3] WARN  server.GrpcLogAppender (LogUtils.java:warn(124)) - s1@group-5D8BFF2AC38C->s0-AppendLogResponseHandler: Failed appendEntries
java.util.concurrent.RejectedExecutionException: Task java.util.concurrent.CompletableFuture$AsyncSupply@305193a7 rejected from java.util.concurrent.ThreadPoolExecutor@4ecb30e4[Terminated, pool size = 0, active threads = 0, queued tasks = 0, completed tasks = 0]
	at java.base/java.util.concurrent.ThreadPoolExecutor$AbortPolicy.rejectedExecution(ThreadPoolExecutor.java:2055)
	at java.base/java.util.concurrent.ThreadPoolExecutor.reject(ThreadPoolExecutor.java:825)
	at java.base/java.util.concurrent.ThreadPoolExecutor.execute(ThreadPoolExecutor.java:1355)
	at java.base/java.util.concurrent.CompletableFuture.asyncSupplyStage(CompletableFuture.java:1714)
	at java.base/java.util.concurrent.CompletableFuture.supplyAsync(CompletableFuture.java:1931)
	at org.apache.ratis.server.impl.RaftServerImpl.executeSubmitServerRequestAsync(RaftServerImpl.java:817)
	at org.apache.ratis.server.impl.RaftServerProxy.lambda$appendEntriesAsync$27(RaftServerProxy.java:634)
	at java.base/java.util.concurrent.CompletableFuture.uniComposeStage(CompletableFuture.java:1106)
	at java.base/java.util.concurrent.CompletableFuture.thenCompose(CompletableFuture.java:2235)
	at org.apache.ratis.server.impl.RaftServerProxy.appendEntriesAsync(RaftServerProxy.java:634)
	at org.apache.ratis.grpc.server.GrpcServerProtocolService$1.process(GrpcServerProtocolService.java:219)
	at org.apache.ratis.grpc.server.GrpcServerProtocolService$1.process(GrpcServerProtocolService.java:216)
	at org.apache.ratis.grpc.server.GrpcServerProtocolService$ServerRequestStreamObserver.onNext(GrpcServerProtocolService.java:124)
	at org.apache.ratis.thirdparty.io.grpc.stub.ServerCalls$StreamingServerCallHandler$StreamingServerCallListener.onMessage(ServerCalls.java:262)
	at org.apache.ratis.thirdparty.io.grpc.ForwardingServerCallListener.onMessage(ForwardingServerCallListener.java:33)
	at org.apache.ratis.thirdparty.io.grpc.internal.ServerCallImpl$ServerStreamListenerImpl.messagesAvailableInternal(ServerCallImpl.java:332)
	at org.apache.ratis.thirdparty.io.grpc.internal.ServerCallImpl$ServerStreamListenerImpl.messagesAvailable(ServerCallImpl.java:315)
	at org.apache.ratis.thirdparty.io.grpc.internal.ServerImpl$JumpToApplicationThreadServerStreamListener$1MessagesAvailable.runInContext(ServerImpl.java:834)
	at org.apache.ratis.thirdparty.io.grpc.internal.ContextRunnable.run(ContextRunnable.java:37)
	at org.apache.ratis.thirdparty.io.grpc.internal.SerializingExecutor.run(SerializingExecutor.java:133)
	at java.base/java.util.concurrent.ThreadPoolExecutor.runWorker(ThreadPoolExecutor.java:1128)
	at java.base/java.util.concurrent.ThreadPoolExecutor$Worker.run(ThreadPoolExecutor.java:628)
	at java.base/java.lang.Thread.run(Thread.java:829)
2023-02-09 08:26:13,011 [grpc-default-executor-3] INFO  leader.FollowerInfo (FollowerInfoImpl.java:lambda$new$0(52)) - s1@group-5D8BFF2AC38C->s0: nextIndex: updateUnconditionally 130 -> 83
2023-02-09 08:26:13,017 [s2@group-5D8BFF2AC38C-StateMachineUpdater] INFO  impl.StateMachineUpdater (StateMachineUpdater.java:takeSnapshot(290)) - s2@group-5D8BFF2AC38C-StateMachineUpdater: Took a snapshot at index 127
2023-02-09 08:26:13,017 [s2@group-5D8BFF2AC38C-StateMachineUpdater] INFO  impl.StateMachineUpdater (StateMachineUpdater.java:lambda$new$0(96)) - s2@group-5D8BFF2AC38C-StateMachineUpdater: snapshotIndex: updateIncreasingly 63 -> 127
2023-02-09 08:26:13,017 [s1@group-5D8BFF2AC38C-StateMachineUpdater] INFO  impl.StateMachineUpdater (StateMachineUpdater.java:takeSnapshot(290)) - s1@group-5D8BFF2AC38C-StateMachineUpdater: Took a snapshot at index 127
2023-02-09 08:26:13,017 [s1@group-5D8BFF2AC38C-StateMachineUpdater] INFO  impl.StateMachineUpdater (StateMachineUpdater.java:lambda$new$0(96)) - s1@group-5D8BFF2AC38C-StateMachineUpdater: snapshotIndex: updateIncreasingly 63 -> 127
2023-02-09 08:26:13,017 [s1@group-5D8BFF2AC38C-StateMachineUpdater] INFO  raftlog.RaftLog (RaftLogBase.java:purge(314)) - s1@group-5D8BFF2AC38C-SegmentedRaftLog: purge 80
2023-02-09 08:26:13,017 [s1@group-5D8BFF2AC38C-StateMachineUpdater] INFO  raftlog.RaftLog (RaftLogBase.java:lambda$new$0(53)) - s1@group-5D8BFF2AC38C-SegmentedRaftLog: snapshotIndex: updateIncreasingly 63 -> 127
2023-02-09 08:26:13,017 [s1@group-5D8BFF2AC38C-StateMachineUpdater] DEBUG raftlog.RaftLog (SegmentedRaftLog.java:purgeImpl(366)) - purging segments:toTruncate: null
  toDelete: [(51, 78) isOpen? false, length=0, newEndIndex=0]
2023-02-09 08:26:13,018 [s1@group-5D8BFF2AC38C-SegmentedRaftLogWorker] TRACE util.FileUtils (LogUtils.java:runAndLog(49)) - Successfully ran Files.delete /home/runner/work/ratis/ratis/ratis-test/target/test/data/ca75353f/MiniRaftClusterWithGrpc52e54005/s1/d26acf42-c6a3-40ef-b2da-5d8bff2ac38c/current/log_51-78
2023-02-09 08:26:13,017 [s2@group-5D8BFF2AC38C-StateMachineUpdater] INFO  raftlog.RaftLog (RaftLogBase.java:purge(314)) - s2@group-5D8BFF2AC38C-SegmentedRaftLog: purge 80
2023-02-09 08:26:13,018 [s1@group-5D8BFF2AC38C-StateMachineUpdater] INFO  raftlog.RaftLog (RaftLogBase.java:lambda$new$0(53)) - s1@group-5D8BFF2AC38C-SegmentedRaftLog: purgeIndex: updateToMax old=50, new=78, updated? true
2023-02-09 08:26:13,018 [s2@group-5D8BFF2AC38C-StateMachineUpdater] INFO  raftlog.RaftLog (RaftLogBase.java:lambda$new$0(53)) - s2@group-5D8BFF2AC38C-SegmentedRaftLog: snapshotIndex: updateIncreasingly 63 -> 127
2023-02-09 08:26:13,018 [s2@group-5D8BFF2AC38C-StateMachineUpdater] DEBUG raftlog.RaftLog (SegmentedRaftLog.java:purgeImpl(366)) - purging segments:toTruncate: null
  toDelete: [(51, 78) isOpen? false, length=0, newEndIndex=0]
2023-02-09 08:26:13,018 [s2@group-5D8BFF2AC38C-SegmentedRaftLogWorker] TRACE util.FileUtils (LogUtils.java:runAndLog(49)) - Successfully ran Files.delete /home/runner/work/ratis/ratis/ratis-test/target/test/data/ca75353f/MiniRaftClusterWithGrpc52e54005/s2/d26acf42-c6a3-40ef-b2da-5d8bff2ac38c/current/log_51-78
2023-02-09 08:26:13,018 [s1@group-5D8BFF2AC38C-StateMachineUpdater] INFO  impl.SimpleStateMachine4Testing (SimpleStateMachine4Testing.java:put(205)) - s1: put 129, m62 -> (t:2, i:129), STATEMACHINELOGENTRY, 448@client-F516C80A2025
2023-02-09 08:26:13,018 [s2@group-5D8BFF2AC38C-StateMachineUpdater] INFO  raftlog.RaftLog (RaftLogBase.java:lambda$new$0(53)) - s2@group-5D8BFF2AC38C-SegmentedRaftLog: purgeIndex: updateToMax old=50, new=78, updated? true
2023-02-09 08:26:13,018 [s2@group-5D8BFF2AC38C-StateMachineUpdater] INFO  impl.SimpleStateMachine4Testing (SimpleStateMachine4Testing.java:put(205)) - s2: put 129, m62 -> (t:2, i:129), STATEMACHINELOGENTRY, 448@client-F516C80A2025
2023-02-09 08:26:13,019 [grpc-default-executor-7] WARN  server.GrpcServerProtocolService (LogUtils.java:warn(124)) - s0: Failed APPEND_ENTRIES request s1->s0#96-t2,previous=(t:1, i:82),leaderCommit=130,initializing? true,entries: size=48, first=(t:2, i:83), CONFIGURATIONENTRY(current:id: "s0"
address: "localhost:42371"
dataStreamAddress: "localhost:43129"
clientAddress: "localhost:36379"
adminAddress: "localhost:36531"
startupRole: FOLLOWER
,id: "s1"
address: "localhost:35679"
dataStreamAddress: "localhost:42433"
clientAddress: "localhost:41371"
adminAddress: "localhost:44855"
startupRole: FOLLOWER
,id: "s2"
address: "localhost:39787"
dataStreamAddress: "localhost:33651"
clientAddress: "localhost:41113"
adminAddress: "localhost:44467"
startupRole: FOLLOWER
, old:)
java.util.concurrent.CompletionException: java.util.concurrent.RejectedExecutionException: Task java.util.concurrent.CompletableFuture$AsyncSupply@2ba93413 rejected from java.util.concurrent.ThreadPoolExecutor@4ecb30e4[Terminated, pool size = 0, active threads = 0, queued tasks = 0, completed tasks = 0]
	at java.base/java.util.concurrent.CompletableFuture.encodeThrowable(CompletableFuture.java:314)
	at java.base/java.util.concurrent.CompletableFuture.uniComposeStage(CompletableFuture.java:1113)
	at java.base/java.util.concurrent.CompletableFuture.thenCompose(CompletableFuture.java:2235)
	at org.apache.ratis.server.impl.RaftServerProxy.appendEntriesAsync(RaftServerProxy.java:634)
	at org.apache.ratis.grpc.server.GrpcServerProtocolService$1.process(GrpcServerProtocolService.java:219)
	at org.apache.ratis.grpc.server.GrpcServerProtocolService$1.process(GrpcServerProtocolService.java:216)
	at org.apache.ratis.grpc.server.GrpcServerProtocolService$ServerRequestStreamObserver.onNext(GrpcServerProtocolService.java:124)
	at org.apache.ratis.thirdparty.io.grpc.stub.ServerCalls$StreamingServerCallHandler$StreamingServerCallListener.onMessage(ServerCalls.java:262)
	at org.apache.ratis.thirdparty.io.grpc.ForwardingServerCallListener.onMessage(ForwardingServerCallListener.java:33)
	at org.apache.ratis.thirdparty.io.grpc.internal.ServerCallImpl$ServerStreamListenerImpl.messagesAvailableInternal(ServerCallImpl.java:332)
	at org.apache.ratis.thirdparty.io.grpc.internal.ServerCallImpl$ServerStreamListenerImpl.messagesAvailable(ServerCallImpl.java:315)
	at org.apache.ratis.thirdparty.io.grpc.internal.ServerImpl$JumpToApplicationThreadServerStreamListener$1MessagesAvailable.runInContext(ServerImpl.java:834)
	at org.apache.ratis.thirdparty.io.grpc.internal.ContextRunnable.run(ContextRunnable.java:37)
	at org.apache.ratis.thirdparty.io.grpc.internal.SerializingExecutor.run(SerializingExecutor.java:133)
	at java.base/java.util.concurrent.ThreadPoolExecutor.runWorker(ThreadPoolExecutor.java:1128)
	at java.base/java.util.concurrent.ThreadPoolExecutor$Worker.run(ThreadPoolExecutor.java:628)
	at java.base/java.lang.Thread.run(Thread.java:829)
Caused by: java.util.concurrent.RejectedExecutionException: Task java.util.concurrent.CompletableFuture$AsyncSupply@2ba93413 rejected from java.util.concurrent.ThreadPoolExecutor@4ecb30e4[Terminated, pool size = 0, active threads = 0, queued tasks = 0, completed tasks = 0]
	at java.base/java.util.concurrent.ThreadPoolExecutor$AbortPolicy.rejectedExecution(ThreadPoolExecutor.java:2055)
	at java.base/java.util.concurrent.ThreadPoolExecutor.reject(ThreadPoolExecutor.java:825)
	at java.base/java.util.concurrent.ThreadPoolExecutor.execute(ThreadPoolExecutor.java:1355)
	at java.base/java.util.concurrent.CompletableFuture.asyncSupplyStage(CompletableFuture.java:1714)
	at java.base/java.util.concurrent.CompletableFuture.supplyAsync(CompletableFuture.java:1931)
	at org.apache.ratis.server.impl.RaftServerImpl.executeSubmitServerRequestAsync(RaftServerImpl.java:817)
	at org.apache.ratis.server.impl.RaftServerProxy.lambda$appendEntriesAsync$27(RaftServerProxy.java:634)
	at java.base/java.util.concurrent.CompletableFuture.uniComposeStage(CompletableFuture.java:1106)
	... 15 more
2023-02-09 08:26:13,022 [grpc-default-executor-8] WARN  server.GrpcLogAppender (LogUtils.java:warn(124)) - s1@group-5D8BFF2AC38C->s0-AppendLogResponseHandler: Failed appendEntries
java.util.concurrent.RejectedExecutionException: Task java.util.concurrent.CompletableFuture$AsyncSupply@2ba93413 rejected from java.util.concurrent.ThreadPoolExecutor@4ecb30e4[Terminated, pool size = 0, active threads = 0, queued tasks = 0, completed tasks = 0]
	at java.base/java.util.concurrent.ThreadPoolExecutor$AbortPolicy.rejectedExecution(ThreadPoolExecutor.java:2055)
	at java.base/java.util.concurrent.ThreadPoolExecutor.reject(ThreadPoolExecutor.java:825)
	at java.base/java.util.concurrent.ThreadPoolExecutor.execute(ThreadPoolExecutor.java:1355)
	at java.base/java.util.concurrent.CompletableFuture.asyncSupplyStage(CompletableFuture.java:1714)
	at java.base/java.util.concurrent.CompletableFuture.supplyAsync(CompletableFuture.java:1931)
	at org.apache.ratis.server.impl.RaftServerImpl.executeSubmitServerRequestAsync(RaftServerImpl.java:817)
	at org.apache.ratis.server.impl.RaftServerProxy.lambda$appendEntriesAsync$27(RaftServerProxy.java:634)
	at java.base/java.util.concurrent.CompletableFuture.uniComposeStage(CompletableFuture.java:1106)
	at java.base/java.util.concurrent.CompletableFuture.thenCompose(CompletableFuture.java:2235)
	at org.apache.ratis.server.impl.RaftServerProxy.appendEntriesAsync(RaftServerProxy.java:634)
	at org.apache.ratis.grpc.server.GrpcServerProtocolService$1.process(GrpcServerProtocolService.java:219)
	at org.apache.ratis.grpc.server.GrpcServerProtocolService$1.process(GrpcServerProtocolService.java:216)
	at org.apache.ratis.grpc.server.GrpcServerProtocolService$ServerRequestStreamObserver.onNext(GrpcServerProtocolService.java:124)
	at org.apache.ratis.thirdparty.io.grpc.stub.ServerCalls$StreamingServerCallHandler$StreamingServerCallListener.onMessage(ServerCalls.java:262)
	at org.apache.ratis.thirdparty.io.grpc.ForwardingServerCallListener.onMessage(ForwardingServerCallListener.java:33)
	at org.apache.ratis.thirdparty.io.grpc.internal.ServerCallImpl$ServerStreamListenerImpl.messagesAvailableInternal(ServerCallImpl.java:332)
	at org.apache.ratis.thirdparty.io.grpc.internal.ServerCallImpl$ServerStreamListenerImpl.messagesAvailable(ServerCallImpl.java:315)
	at org.apache.ratis.thirdparty.io.grpc.internal.ServerImpl$JumpToApplicationThreadServerStreamListener$1MessagesAvailable.runInContext(ServerImpl.java:834)
	at org.apache.ratis.thirdparty.io.grpc.internal.ContextRunnable.run(ContextRunnable.java:37)
	at org.apache.ratis.thirdparty.io.grpc.internal.SerializingExecutor.run(SerializingExecutor.java:133)
	at java.base/java.util.concurrent.ThreadPoolExecutor.runWorker(ThreadPoolExecutor.java:1128)
	at java.base/java.util.concurrent.ThreadPoolExecutor$Worker.run(ThreadPoolExecutor.java:628)
	at java.base/java.lang.Thread.run(Thread.java:829)
2023-02-09 08:26:13,022 [grpc-default-executor-8] INFO  leader.FollowerInfo (FollowerInfoImpl.java:lambda$new$0(52)) - s1@group-5D8BFF2AC38C->s0: nextIndex: updateUnconditionally 131 -> 83
2023-02-09 08:26:13,024 [s2-server-thread1] DEBUG raftlog.RaftLog (SegmentedRaftLog.java:appendImpl(446)) - truncateIndex=-1, arrayIndex=0
2023-02-09 08:26:13,025 [s1@group-5D8BFF2AC38C-StateMachineUpdater] INFO  impl.SimpleStateMachine4Testing (SimpleStateMachine4Testing.java:put(205)) - s1: put 131, m63 -> (t:2, i:131), STATEMACHINELOGENTRY, 449@client-F516C80A2025
2023-02-09 08:26:13,026 [grpc-default-executor-8] WARN  server.GrpcServerProtocolService (LogUtils.java:warn(124)) - s0: Failed APPEND_ENTRIES request s1->s0#98-t2,previous=(t:1, i:82),leaderCommit=130,initializing? true,entries: size=49, first=(t:2, i:83), CONFIGURATIONENTRY(current:id: "s0"
address: "localhost:42371"
dataStreamAddress: "localhost:43129"
clientAddress: "localhost:36379"
adminAddress: "localhost:36531"
startupRole: FOLLOWER
,id: "s1"
address: "localhost:35679"
dataStreamAddress: "localhost:42433"
clientAddress: "localhost:41371"
adminAddress: "localhost:44855"
startupRole: FOLLOWER
,id: "s2"
address: "localhost:39787"
dataStreamAddress: "localhost:33651"
clientAddress: "localhost:41113"
adminAddress: "localhost:44467"
startupRole: FOLLOWER
, old:)
java.util.concurrent.CompletionException: java.util.concurrent.RejectedExecutionException: Task java.util.concurrent.CompletableFuture$AsyncSupply@51eb860d rejected from java.util.concurrent.ThreadPoolExecutor@4ecb30e4[Terminated, pool size = 0, active threads = 0, queued tasks = 0, completed tasks = 0]
	at java.base/java.util.concurrent.CompletableFuture.encodeThrowable(CompletableFuture.java:314)
	at java.base/java.util.concurrent.CompletableFuture.uniComposeStage(CompletableFuture.java:1113)
	at java.base/java.util.concurrent.CompletableFuture.thenCompose(CompletableFuture.java:2235)
	at org.apache.ratis.server.impl.RaftServerProxy.appendEntriesAsync(RaftServerProxy.java:634)
	at org.apache.ratis.grpc.server.GrpcServerProtocolService$1.process(GrpcServerProtocolService.java:219)
	at org.apache.ratis.grpc.server.GrpcServerProtocolService$1.process(GrpcServerProtocolService.java:216)
	at org.apache.ratis.grpc.server.GrpcServerProtocolService$ServerRequestStreamObserver.onNext(GrpcServerProtocolService.java:124)
	at org.apache.ratis.thirdparty.io.grpc.stub.ServerCalls$StreamingServerCallHandler$StreamingServerCallListener.onMessage(ServerCalls.java:262)
	at org.apache.ratis.thirdparty.io.grpc.ForwardingServerCallListener.onMessage(ForwardingServerCallListener.java:33)
	at org.apache.ratis.thirdparty.io.grpc.internal.ServerCallImpl$ServerStreamListenerImpl.messagesAvailableInternal(ServerCallImpl.java:332)
	at org.apache.ratis.thirdparty.io.grpc.internal.ServerCallImpl$ServerStreamListenerImpl.messagesAvailable(ServerCallImpl.java:315)
	at org.apache.ratis.thirdparty.io.grpc.internal.ServerImpl$JumpToApplicationThreadServerStreamListener$1MessagesAvailable.runInContext(ServerImpl.java:834)
	at org.apache.ratis.thirdparty.io.grpc.internal.ContextRunnable.run(ContextRunnable.java:37)
	at org.apache.ratis.thirdparty.io.grpc.internal.SerializingExecutor.run(SerializingExecutor.java:133)
	at java.base/java.util.concurrent.ThreadPoolExecutor.runWorker(ThreadPoolExecutor.java:1128)
	at java.base/java.util.concurrent.ThreadPoolExecutor$Worker.run(ThreadPoolExecutor.java:628)
	at java.base/java.lang.Thread.run(Thread.java:829)
Caused by: java.util.concurrent.RejectedExecutionException: Task java.util.concurrent.CompletableFuture$AsyncSupply@51eb860d rejected from java.util.concurrent.ThreadPoolExecutor@4ecb30e4[Terminated, pool size = 0, active threads = 0, queued tasks = 0, completed tasks = 0]
	at java.base/java.util.concurrent.ThreadPoolExecutor$AbortPolicy.rejectedExecution(ThreadPoolExecutor.java:2055)
	at java.base/java.util.concurrent.ThreadPoolExecutor.reject(ThreadPoolExecutor.java:825)
	at java.base/java.util.concurrent.ThreadPoolExecutor.execute(ThreadPoolExecutor.java:1355)
	at java.base/java.util.concurrent.CompletableFuture.asyncSupplyStage(CompletableFuture.java:1714)
	at java.base/java.util.concurrent.CompletableFuture.supplyAsync(CompletableFuture.java:1931)
	at org.apache.ratis.server.impl.RaftServerImpl.executeSubmitServerRequestAsync(RaftServerImpl.java:817)
	at org.apache.ratis.server.impl.RaftServerProxy.lambda$appendEntriesAsync$27(RaftServerProxy.java:634)
	at java.base/java.util.concurrent.CompletableFuture.uniComposeStage(CompletableFuture.java:1106)
	... 15 more
2023-02-09 08:26:13,028 [grpc-default-executor-8] WARN  server.GrpcLogAppender (LogUtils.java:warn(124)) - s1@group-5D8BFF2AC38C->s0-AppendLogResponseHandler: Failed appendEntries
java.util.concurrent.RejectedExecutionException: Task java.util.concurrent.CompletableFuture$AsyncSupply@51eb860d rejected from java.util.concurrent.ThreadPoolExecutor@4ecb30e4[Terminated, pool size = 0, active threads = 0, queued tasks = 0, completed tasks = 0]
	at java.base/java.util.concurrent.ThreadPoolExecutor$AbortPolicy.rejectedExecution(ThreadPoolExecutor.java:2055)
	at java.base/java.util.concurrent.ThreadPoolExecutor.reject(ThreadPoolExecutor.java:825)
	at java.base/java.util.concurrent.ThreadPoolExecutor.execute(ThreadPoolExecutor.java:1355)
	at java.base/java.util.concurrent.CompletableFuture.asyncSupplyStage(CompletableFuture.java:1714)
	at java.base/java.util.concurrent.CompletableFuture.supplyAsync(CompletableFuture.java:1931)
	at org.apache.ratis.server.impl.RaftServerImpl.executeSubmitServerRequestAsync(RaftServerImpl.java:817)
	at org.apache.ratis.server.impl.RaftServerProxy.lambda$appendEntriesAsync$27(RaftServerProxy.java:634)
	at java.base/java.util.concurrent.CompletableFuture.uniComposeStage(CompletableFuture.java:1106)
	at java.base/java.util.concurrent.CompletableFuture.thenCompose(CompletableFuture.java:2235)
	at org.apache.ratis.server.impl.RaftServerProxy.appendEntriesAsync(RaftServerProxy.java:634)
	at org.apache.ratis.grpc.server.GrpcServerProtocolService$1.process(GrpcServerProtocolService.java:219)
	at org.apache.ratis.grpc.server.GrpcServerProtocolService$1.process(GrpcServerProtocolService.java:216)
	at org.apache.ratis.grpc.server.GrpcServerProtocolService$ServerRequestStreamObserver.onNext(GrpcServerProtocolService.java:124)
	at org.apache.ratis.thirdparty.io.grpc.stub.ServerCalls$StreamingServerCallHandler$StreamingServerCallListener.onMessage(ServerCalls.java:262)
	at org.apache.ratis.thirdparty.io.grpc.ForwardingServerCallListener.onMessage(ForwardingServerCallListener.java:33)
	at org.apache.ratis.thirdparty.io.grpc.internal.ServerCallImpl$ServerStreamListenerImpl.messagesAvailableInternal(ServerCallImpl.java:332)
	at org.apache.ratis.thirdparty.io.grpc.internal.ServerCallImpl$ServerStreamListenerImpl.messagesAvailable(ServerCallImpl.java:315)
	at org.apache.ratis.thirdparty.io.grpc.internal.ServerImpl$JumpToApplicationThreadServerStreamListener$1MessagesAvailable.runInContext(ServerImpl.java:834)
	at org.apache.ratis.thirdparty.io.grpc.internal.ContextRunnable.run(ContextRunnable.java:37)
	at org.apache.ratis.thirdparty.io.grpc.internal.SerializingExecutor.run(SerializingExecutor.java:133)
	at java.base/java.util.concurrent.ThreadPoolExecutor.runWorker(ThreadPoolExecutor.java:1128)
	at java.base/java.util.concurrent.ThreadPoolExecutor$Worker.run(ThreadPoolExecutor.java:628)
	at java.base/java.lang.Thread.run(Thread.java:829)
2023-02-09 08:26:13,028 [grpc-default-executor-8] INFO  leader.FollowerInfo (FollowerInfoImpl.java:lambda$new$0(52)) - s1@group-5D8BFF2AC38C->s0: nextIndex: updateUnconditionally 132 -> 83
2023-02-09 08:26:13,029 [s2-server-thread1] DEBUG raftlog.RaftLog (SegmentedRaftLog.java:appendImpl(446)) - truncateIndex=-1, arrayIndex=0
2023-02-09 08:26:13,030 [s2@group-5D8BFF2AC38C-StateMachineUpdater] INFO  impl.SimpleStateMachine4Testing (SimpleStateMachine4Testing.java:put(205)) - s2: put 131, m63 -> (t:2, i:131), STATEMACHINELOGENTRY, 449@client-F516C80A2025
2023-02-09 08:26:13,031 [s2-server-thread1] DEBUG raftlog.RaftLog (SegmentedRaftLog.java:appendImpl(446)) - truncateIndex=-1, arrayIndex=0
2023-02-09 08:26:13,031 [grpc-default-executor-8] WARN  server.GrpcServerProtocolService (LogUtils.java:warn(124)) - s0: Failed APPEND_ENTRIES request s1->s0#100-t2,previous=(t:1, i:82),leaderCommit=131,initializing? true,entries: size=51, first=(t:2, i:83), CONFIGURATIONENTRY(current:id: "s0"
address: "localhost:42371"
dataStreamAddress: "localhost:43129"
clientAddress: "localhost:36379"
adminAddress: "localhost:36531"
startupRole: FOLLOWER
,id: "s1"
address: "localhost:35679"
dataStreamAddress: "localhost:42433"
clientAddress: "localhost:41371"
adminAddress: "localhost:44855"
startupRole: FOLLOWER
,id: "s2"
address: "localhost:39787"
dataStreamAddress: "localhost:33651"
clientAddress: "localhost:41113"
adminAddress: "localhost:44467"
startupRole: FOLLOWER
, old:)
java.util.concurrent.CompletionException: java.util.concurrent.RejectedExecutionException: Task java.util.concurrent.CompletableFuture$AsyncSupply@4f8a4eed rejected from java.util.concurrent.ThreadPoolExecutor@4ecb30e4[Terminated, pool size = 0, active threads = 0, queued tasks = 0, completed tasks = 0]
	at java.base/java.util.concurrent.CompletableFuture.encodeThrowable(CompletableFuture.java:314)
	at java.base/java.util.concurrent.CompletableFuture.uniComposeStage(CompletableFuture.java:1113)
	at java.base/java.util.concurrent.CompletableFuture.thenCompose(CompletableFuture.java:2235)
	at org.apache.ratis.server.impl.RaftServerProxy.appendEntriesAsync(RaftServerProxy.java:634)
	at org.apache.ratis.grpc.server.GrpcServerProtocolService$1.process(GrpcServerProtocolService.java:219)
	at org.apache.ratis.grpc.server.GrpcServerProtocolService$1.process(GrpcServerProtocolService.java:216)
	at org.apache.ratis.grpc.server.GrpcServerProtocolService$ServerRequestStreamObserver.onNext(GrpcServerProtocolService.java:124)
	at org.apache.ratis.thirdparty.io.grpc.stub.ServerCalls$StreamingServerCallHandler$StreamingServerCallListener.onMessage(ServerCalls.java:262)
	at org.apache.ratis.thirdparty.io.grpc.ForwardingServerCallListener.onMessage(ForwardingServerCallListener.java:33)
	at org.apache.ratis.thirdparty.io.grpc.internal.ServerCallImpl$ServerStreamListenerImpl.messagesAvailableInternal(ServerCallImpl.java:332)
	at org.apache.ratis.thirdparty.io.grpc.internal.ServerCallImpl$ServerStreamListenerImpl.messagesAvailable(ServerCallImpl.java:315)
	at org.apache.ratis.thirdparty.io.grpc.internal.ServerImpl$JumpToApplicationThreadServerStreamListener$1MessagesAvailable.runInContext(ServerImpl.java:834)
	at org.apache.ratis.thirdparty.io.grpc.internal.ContextRunnable.run(ContextRunnable.java:37)
	at org.apache.ratis.thirdparty.io.grpc.internal.SerializingExecutor.run(SerializingExecutor.java:133)
	at java.base/java.util.concurrent.ThreadPoolExecutor.runWorker(ThreadPoolExecutor.java:1128)
	at java.base/java.util.concurrent.ThreadPoolExecutor$Worker.run(ThreadPoolExecutor.java:628)
	at java.base/java.lang.Thread.run(Thread.java:829)
Caused by: java.util.concurrent.RejectedExecutionException: Task java.util.concurrent.CompletableFuture$AsyncSupply@4f8a4eed rejected from java.util.concurrent.ThreadPoolExecutor@4ecb30e4[Terminated, pool size = 0, active threads = 0, queued tasks = 0, completed tasks = 0]
	at java.base/java.util.concurrent.ThreadPoolExecutor$AbortPolicy.rejectedExecution(ThreadPoolExecutor.java:2055)
	at java.base/java.util.concurrent.ThreadPoolExecutor.reject(ThreadPoolExecutor.java:825)
	at java.base/java.util.concurrent.ThreadPoolExecutor.execute(ThreadPoolExecutor.java:1355)
	at java.base/java.util.concurrent.CompletableFuture.asyncSupplyStage(CompletableFuture.java:1714)
	at java.base/java.util.concurrent.CompletableFuture.supplyAsync(CompletableFuture.java:1931)
	at org.apache.ratis.server.impl.RaftServerImpl.executeSubmitServerRequestAsync(RaftServerImpl.java:817)
	at org.apache.ratis.server.impl.RaftServerProxy.lambda$appendEntriesAsync$27(RaftServerProxy.java:634)
	at java.base/java.util.concurrent.CompletableFuture.uniComposeStage(CompletableFuture.java:1106)
	... 15 more
2023-02-09 08:26:13,033 [s1@group-5D8BFF2AC38C-LeaderStateImpl] INFO  segmented.SegmentedRaftLogWorker (SegmentedRaftLogWorker.java:rollLogSegment(436)) - s1@group-5D8BFF2AC38C-SegmentedRaftLogWorker: Rolling segment log-106_133 to index:133
2023-02-09 08:26:13,033 [grpc-default-executor-3] WARN  server.GrpcLogAppender (LogUtils.java:warn(124)) - s1@group-5D8BFF2AC38C->s0-AppendLogResponseHandler: Failed appendEntries
java.util.concurrent.RejectedExecutionException: Task java.util.concurrent.CompletableFuture$AsyncSupply@4f8a4eed rejected from java.util.concurrent.ThreadPoolExecutor@4ecb30e4[Terminated, pool size = 0, active threads = 0, queued tasks = 0, completed tasks = 0]
	at java.base/java.util.concurrent.ThreadPoolExecutor$AbortPolicy.rejectedExecution(ThreadPoolExecutor.java:2055)
	at java.base/java.util.concurrent.ThreadPoolExecutor.reject(ThreadPoolExecutor.java:825)
	at java.base/java.util.concurrent.ThreadPoolExecutor.execute(ThreadPoolExecutor.java:1355)
	at java.base/java.util.concurrent.CompletableFuture.asyncSupplyStage(CompletableFuture.java:1714)
	at java.base/java.util.concurrent.CompletableFuture.supplyAsync(CompletableFuture.java:1931)
	at org.apache.ratis.server.impl.RaftServerImpl.executeSubmitServerRequestAsync(RaftServerImpl.java:817)
	at org.apache.ratis.server.impl.RaftServerProxy.lambda$appendEntriesAsync$27(RaftServerProxy.java:634)
	at java.base/java.util.concurrent.CompletableFuture.uniComposeStage(CompletableFuture.java:1106)
	at java.base/java.util.concurrent.CompletableFuture.thenCompose(CompletableFuture.java:2235)
	at org.apache.ratis.server.impl.RaftServerProxy.appendEntriesAsync(RaftServerProxy.java:634)
	at org.apache.ratis.grpc.server.GrpcServerProtocolService$1.process(GrpcServerProtocolService.java:219)
	at org.apache.ratis.grpc.server.GrpcServerProtocolService$1.process(GrpcServerProtocolService.java:216)
	at org.apache.ratis.grpc.server.GrpcServerProtocolService$ServerRequestStreamObserver.onNext(GrpcServerProtocolService.java:124)
	at org.apache.ratis.thirdparty.io.grpc.stub.ServerCalls$StreamingServerCallHandler$StreamingServerCallListener.onMessage(ServerCalls.java:262)
	at org.apache.ratis.thirdparty.io.grpc.ForwardingServerCallListener.onMessage(ForwardingServerCallListener.java:33)
	at org.apache.ratis.thirdparty.io.grpc.internal.ServerCallImpl$ServerStreamListenerImpl.messagesAvailableInternal(ServerCallImpl.java:332)
	at org.apache.ratis.thirdparty.io.grpc.internal.ServerCallImpl$ServerStreamListenerImpl.messagesAvailable(ServerCallImpl.java:315)
	at org.apache.ratis.thirdparty.io.grpc.internal.ServerImpl$JumpToApplicationThreadServerStreamListener$1MessagesAvailable.runInContext(ServerImpl.java:834)
	at org.apache.ratis.thirdparty.io.grpc.internal.ContextRunnable.run(ContextRunnable.java:37)
	at org.apache.ratis.thirdparty.io.grpc.internal.SerializingExecutor.run(SerializingExecutor.java:133)
	at java.base/java.util.concurrent.ThreadPoolExecutor.runWorker(ThreadPoolExecutor.java:1128)
	at java.base/java.util.concurrent.ThreadPoolExecutor$Worker.run(ThreadPoolExecutor.java:628)
	at java.base/java.lang.Thread.run(Thread.java:829)
2023-02-09 08:26:13,034 [grpc-default-executor-3] INFO  leader.FollowerInfo (FollowerInfoImpl.java:lambda$new$0(52)) - s1@group-5D8BFF2AC38C->s0: nextIndex: updateUnconditionally 134 -> 83
2023-02-09 08:26:13,034 [s1@group-5D8BFF2AC38C-StateMachineUpdater] INFO  impl.SimpleStateMachine4Testing (SimpleStateMachine4Testing.java:put(205)) - s1: put 133, m64 -> (t:2, i:133), STATEMACHINELOGENTRY, 450@client-F516C80A2025
2023-02-09 08:26:13,034 [s1@group-5D8BFF2AC38C-SegmentedRaftLogWorker] TRACE util.FileUtils (LogUtils.java:runAndLog(49)) - Successfully ran Atomic Files.move /home/runner/work/ratis/ratis/ratis-test/target/test/data/ca75353f/MiniRaftClusterWithGrpc52e54005/s1/d26acf42-c6a3-40ef-b2da-5d8bff2ac38c/current/log_inprogress_106 to /home/runner/work/ratis/ratis/ratis-test/target/test/data/ca75353f/MiniRaftClusterWithGrpc52e54005/s1/d26acf42-c6a3-40ef-b2da-5d8bff2ac38c/current/log_106-133
2023-02-09 08:26:13,034 [s1@group-5D8BFF2AC38C-SegmentedRaftLogWorker] INFO  segmented.SegmentedRaftLogWorker (SegmentedRaftLogWorker.java:execute(592)) - s1@group-5D8BFF2AC38C-SegmentedRaftLogWorker: Rolled log segment from /home/runner/work/ratis/ratis/ratis-test/target/test/data/ca75353f/MiniRaftClusterWithGrpc52e54005/s1/d26acf42-c6a3-40ef-b2da-5d8bff2ac38c/current/log_inprogress_106 to /home/runner/work/ratis/ratis/ratis-test/target/test/data/ca75353f/MiniRaftClusterWithGrpc52e54005/s1/d26acf42-c6a3-40ef-b2da-5d8bff2ac38c/current/log_106-133
2023-02-09 08:26:13,035 [s2-server-thread1] DEBUG raftlog.RaftLog (SegmentedRaftLog.java:appendImpl(446)) - truncateIndex=-1, arrayIndex=0
2023-02-09 08:26:13,035 [s2-server-thread1] INFO  segmented.SegmentedRaftLogWorker (SegmentedRaftLogWorker.java:rollLogSegment(436)) - s2@group-5D8BFF2AC38C-SegmentedRaftLogWorker: Rolling segment log-106_133 to index:133
2023-02-09 08:26:13,036 [s1@group-5D8BFF2AC38C-SegmentedRaftLogWorker] INFO  segmented.SegmentedRaftLogWorker (SegmentedRaftLogWorker.java:execute(635)) - s1@group-5D8BFF2AC38C-SegmentedRaftLogWorker: created new log segment /home/runner/work/ratis/ratis/ratis-test/target/test/data/ca75353f/MiniRaftClusterWithGrpc52e54005/s1/d26acf42-c6a3-40ef-b2da-5d8bff2ac38c/current/log_inprogress_134
2023-02-09 08:26:13,036 [s2@group-5D8BFF2AC38C-SegmentedRaftLogWorker] TRACE util.FileUtils (LogUtils.java:runAndLog(49)) - Successfully ran Atomic Files.move /home/runner/work/ratis/ratis/ratis-test/target/test/data/ca75353f/MiniRaftClusterWithGrpc52e54005/s2/d26acf42-c6a3-40ef-b2da-5d8bff2ac38c/current/log_inprogress_106 to /home/runner/work/ratis/ratis/ratis-test/target/test/data/ca75353f/MiniRaftClusterWithGrpc52e54005/s2/d26acf42-c6a3-40ef-b2da-5d8bff2ac38c/current/log_106-133
2023-02-09 08:26:13,036 [s2@group-5D8BFF2AC38C-SegmentedRaftLogWorker] INFO  segmented.SegmentedRaftLogWorker (SegmentedRaftLogWorker.java:execute(592)) - s2@group-5D8BFF2AC38C-SegmentedRaftLogWorker: Rolled log segment from /home/runner/work/ratis/ratis/ratis-test/target/test/data/ca75353f/MiniRaftClusterWithGrpc52e54005/s2/d26acf42-c6a3-40ef-b2da-5d8bff2ac38c/current/log_inprogress_106 to /home/runner/work/ratis/ratis/ratis-test/target/test/data/ca75353f/MiniRaftClusterWithGrpc52e54005/s2/d26acf42-c6a3-40ef-b2da-5d8bff2ac38c/current/log_106-133
2023-02-09 08:26:13,037 [s2@group-5D8BFF2AC38C-SegmentedRaftLogWorker] INFO  segmented.SegmentedRaftLogWorker (SegmentedRaftLogWorker.java:execute(635)) - s2@group-5D8BFF2AC38C-SegmentedRaftLogWorker: created new log segment /home/runner/work/ratis/ratis/ratis-test/target/test/data/ca75353f/MiniRaftClusterWithGrpc52e54005/s2/d26acf42-c6a3-40ef-b2da-5d8bff2ac38c/current/log_inprogress_134
2023-02-09 08:26:13,037 [s2@group-5D8BFF2AC38C-StateMachineUpdater] INFO  impl.SimpleStateMachine4Testing (SimpleStateMachine4Testing.java:put(205)) - s2: put 133, m64 -> (t:2, i:133), STATEMACHINELOGENTRY, 450@client-F516C80A2025
2023-02-09 08:26:13,037 [s2-server-thread1] DEBUG raftlog.RaftLog (SegmentedRaftLog.java:appendImpl(446)) - truncateIndex=-1, arrayIndex=0
2023-02-09 08:26:13,039 [grpc-default-executor-8] WARN  server.GrpcServerProtocolService (LogUtils.java:warn(124)) - s0: Failed APPEND_ENTRIES request s1->s0#104-t2,previous=(t:1, i:82),leaderCommit=133,initializing? true,entries: size=53, first=(t:2, i:83), CONFIGURATIONENTRY(current:id: "s0"
address: "localhost:42371"
dataStreamAddress: "localhost:43129"
clientAddress: "localhost:36379"
adminAddress: "localhost:36531"
startupRole: FOLLOWER
,id: "s1"
address: "localhost:35679"
dataStreamAddress: "localhost:42433"
clientAddress: "localhost:41371"
adminAddress: "localhost:44855"
startupRole: FOLLOWER
,id: "s2"
address: "localhost:39787"
dataStreamAddress: "localhost:33651"
clientAddress: "localhost:41113"
adminAddress: "localhost:44467"
startupRole: FOLLOWER
, old:)
java.util.concurrent.CompletionException: java.util.concurrent.RejectedExecutionException: Task java.util.concurrent.CompletableFuture$AsyncSupply@3774944 rejected from java.util.concurrent.ThreadPoolExecutor@4ecb30e4[Terminated, pool size = 0, active threads = 0, queued tasks = 0, completed tasks = 0]
	at java.base/java.util.concurrent.CompletableFuture.encodeThrowable(CompletableFuture.java:314)
	at java.base/java.util.concurrent.CompletableFuture.uniComposeStage(CompletableFuture.java:1113)
	at java.base/java.util.concurrent.CompletableFuture.thenCompose(CompletableFuture.java:2235)
	at org.apache.ratis.server.impl.RaftServerProxy.appendEntriesAsync(RaftServerProxy.java:634)
	at org.apache.ratis.grpc.server.GrpcServerProtocolService$1.process(GrpcServerProtocolService.java:219)
	at org.apache.ratis.grpc.server.GrpcServerProtocolService$1.process(GrpcServerProtocolService.java:216)
	at org.apache.ratis.grpc.server.GrpcServerProtocolService$ServerRequestStreamObserver.onNext(GrpcServerProtocolService.java:124)
	at org.apache.ratis.thirdparty.io.grpc.stub.ServerCalls$StreamingServerCallHandler$StreamingServerCallListener.onMessage(ServerCalls.java:262)
	at org.apache.ratis.thirdparty.io.grpc.ForwardingServerCallListener.onMessage(ForwardingServerCallListener.java:33)
	at org.apache.ratis.thirdparty.io.grpc.internal.ServerCallImpl$ServerStreamListenerImpl.messagesAvailableInternal(ServerCallImpl.java:332)
	at org.apache.ratis.thirdparty.io.grpc.internal.ServerCallImpl$ServerStreamListenerImpl.messagesAvailable(ServerCallImpl.java:315)
	at org.apache.ratis.thirdparty.io.grpc.internal.ServerImpl$JumpToApplicationThreadServerStreamListener$1MessagesAvailable.runInContext(ServerImpl.java:834)
	at org.apache.ratis.thirdparty.io.grpc.internal.ContextRunnable.run(ContextRunnable.java:37)
	at org.apache.ratis.thirdparty.io.grpc.internal.SerializingExecutor.run(SerializingExecutor.java:133)
	at java.base/java.util.concurrent.ThreadPoolExecutor.runWorker(ThreadPoolExecutor.java:1128)
	at java.base/java.util.concurrent.ThreadPoolExecutor$Worker.run(ThreadPoolExecutor.java:628)
	at java.base/java.lang.Thread.run(Thread.java:829)
Caused by: java.util.concurrent.RejectedExecutionException: Task java.util.concurrent.CompletableFuture$AsyncSupply@3774944 rejected from java.util.concurrent.ThreadPoolExecutor@4ecb30e4[Terminated, pool size = 0, active threads = 0, queued tasks = 0, completed tasks = 0]
	at java.base/java.util.concurrent.ThreadPoolExecutor$AbortPolicy.rejectedExecution(ThreadPoolExecutor.java:2055)
	at java.base/java.util.concurrent.ThreadPoolExecutor.reject(ThreadPoolExecutor.java:825)
	at java.base/java.util.concurrent.ThreadPoolExecutor.execute(ThreadPoolExecutor.java:1355)
	at java.base/java.util.concurrent.CompletableFuture.asyncSupplyStage(CompletableFuture.java:1714)
	at java.base/java.util.concurrent.CompletableFuture.supplyAsync(CompletableFuture.java:1931)
	at org.apache.ratis.server.impl.RaftServerImpl.executeSubmitServerRequestAsync(RaftServerImpl.java:817)
	at org.apache.ratis.server.impl.RaftServerProxy.lambda$appendEntriesAsync$27(RaftServerProxy.java:634)
	at java.base/java.util.concurrent.CompletableFuture.uniComposeStage(CompletableFuture.java:1106)
	... 15 more
2023-02-09 08:26:13,041 [s1@group-5D8BFF2AC38C-StateMachineUpdater] INFO  impl.SimpleStateMachine4Testing (SimpleStateMachine4Testing.java:put(205)) - s1: put 135, m65 -> (t:2, i:135), STATEMACHINELOGENTRY, 451@client-F516C80A2025
2023-02-09 08:26:13,042 [s2-server-thread1] DEBUG raftlog.RaftLog (SegmentedRaftLog.java:appendImpl(446)) - truncateIndex=-1, arrayIndex=0
2023-02-09 08:26:13,042 [s2@group-5D8BFF2AC38C-StateMachineUpdater] INFO  impl.SimpleStateMachine4Testing (SimpleStateMachine4Testing.java:put(205)) - s2: put 135, m65 -> (t:2, i:135), STATEMACHINELOGENTRY, 451@client-F516C80A2025
2023-02-09 08:26:13,043 [grpc-default-executor-3] WARN  server.GrpcLogAppender (LogUtils.java:warn(124)) - s1@group-5D8BFF2AC38C->s0-AppendLogResponseHandler: Failed appendEntries
java.util.concurrent.RejectedExecutionException: Task java.util.concurrent.CompletableFuture$AsyncSupply@3774944 rejected from java.util.concurrent.ThreadPoolExecutor@4ecb30e4[Terminated, pool size = 0, active threads = 0, queued tasks = 0, completed tasks = 0]
	at java.base/java.util.concurrent.ThreadPoolExecutor$AbortPolicy.rejectedExecution(ThreadPoolExecutor.java:2055)
	at java.base/java.util.concurrent.ThreadPoolExecutor.reject(ThreadPoolExecutor.java:825)
	at java.base/java.util.concurrent.ThreadPoolExecutor.execute(ThreadPoolExecutor.java:1355)
	at java.base/java.util.concurrent.CompletableFuture.asyncSupplyStage(CompletableFuture.java:1714)
	at java.base/java.util.concurrent.CompletableFuture.supplyAsync(CompletableFuture.java:1931)
	at org.apache.ratis.server.impl.RaftServerImpl.executeSubmitServerRequestAsync(RaftServerImpl.java:817)
	at org.apache.ratis.server.impl.RaftServerProxy.lambda$appendEntriesAsync$27(RaftServerProxy.java:634)
	at java.base/java.util.concurrent.CompletableFuture.uniComposeStage(CompletableFuture.java:1106)
	at java.base/java.util.concurrent.CompletableFuture.thenCompose(CompletableFuture.java:2235)
	at org.apache.ratis.server.impl.RaftServerProxy.appendEntriesAsync(RaftServerProxy.java:634)
	at org.apache.ratis.grpc.server.GrpcServerProtocolService$1.process(GrpcServerProtocolService.java:219)
	at org.apache.ratis.grpc.server.GrpcServerProtocolService$1.process(GrpcServerProtocolService.java:216)
	at org.apache.ratis.grpc.server.GrpcServerProtocolService$ServerRequestStreamObserver.onNext(GrpcServerProtocolService.java:124)
	at org.apache.ratis.thirdparty.io.grpc.stub.ServerCalls$StreamingServerCallHandler$StreamingServerCallListener.onMessage(ServerCalls.java:262)
	at org.apache.ratis.thirdparty.io.grpc.ForwardingServerCallListener.onMessage(ForwardingServerCallListener.java:33)
	at org.apache.ratis.thirdparty.io.grpc.internal.ServerCallImpl$ServerStreamListenerImpl.messagesAvailableInternal(ServerCallImpl.java:332)
	at org.apache.ratis.thirdparty.io.grpc.internal.ServerCallImpl$ServerStreamListenerImpl.messagesAvailable(ServerCallImpl.java:315)
	at org.apache.ratis.thirdparty.io.grpc.internal.ServerImpl$JumpToApplicationThreadServerStreamListener$1MessagesAvailable.runInContext(ServerImpl.java:834)
	at org.apache.ratis.thirdparty.io.grpc.internal.ContextRunnable.run(ContextRunnable.java:37)
	at org.apache.ratis.thirdparty.io.grpc.internal.SerializingExecutor.run(SerializingExecutor.java:133)
	at java.base/java.util.concurrent.ThreadPoolExecutor.runWorker(ThreadPoolExecutor.java:1128)
	at java.base/java.util.concurrent.ThreadPoolExecutor$Worker.run(ThreadPoolExecutor.java:628)
	at java.base/java.lang.Thread.run(Thread.java:829)
2023-02-09 08:26:13,044 [grpc-default-executor-3] INFO  leader.FollowerInfo (FollowerInfoImpl.java:lambda$new$0(52)) - s1@group-5D8BFF2AC38C->s0: nextIndex: updateUnconditionally 136 -> 83
2023-02-09 08:26:13,046 [grpc-default-executor-7] WARN  server.GrpcServerProtocolService (LogUtils.java:warn(124)) - s0: Failed APPEND_ENTRIES request s1->s0#107-t2,previous=(t:1, i:82),leaderCommit=135,initializing? true,entries: size=54, first=(t:2, i:83), CONFIGURATIONENTRY(current:id: "s0"
address: "localhost:42371"
dataStreamAddress: "localhost:43129"
clientAddress: "localhost:36379"
adminAddress: "localhost:36531"
startupRole: FOLLOWER
,id: "s1"
address: "localhost:35679"
dataStreamAddress: "localhost:42433"
clientAddress: "localhost:41371"
adminAddress: "localhost:44855"
startupRole: FOLLOWER
,id: "s2"
address: "localhost:39787"
dataStreamAddress: "localhost:33651"
clientAddress: "localhost:41113"
adminAddress: "localhost:44467"
startupRole: FOLLOWER
, old:)
java.util.concurrent.CompletionException: java.util.concurrent.RejectedExecutionException: Task java.util.concurrent.CompletableFuture$AsyncSupply@3c418a4e rejected from java.util.concurrent.ThreadPoolExecutor@4ecb30e4[Terminated, pool size = 0, active threads = 0, queued tasks = 0, completed tasks = 0]
	at java.base/java.util.concurrent.CompletableFuture.encodeThrowable(CompletableFuture.java:314)
	at java.base/java.util.concurrent.CompletableFuture.uniComposeStage(CompletableFuture.java:1113)
	at java.base/java.util.concurrent.CompletableFuture.thenCompose(CompletableFuture.java:2235)
	at org.apache.ratis.server.impl.RaftServerProxy.appendEntriesAsync(RaftServerProxy.java:634)
	at org.apache.ratis.grpc.server.GrpcServerProtocolService$1.process(GrpcServerProtocolService.java:219)
	at org.apache.ratis.grpc.server.GrpcServerProtocolService$1.process(GrpcServerProtocolService.java:216)
	at org.apache.ratis.grpc.server.GrpcServerProtocolService$ServerRequestStreamObserver.onNext(GrpcServerProtocolService.java:124)
	at org.apache.ratis.thirdparty.io.grpc.stub.ServerCalls$StreamingServerCallHandler$StreamingServerCallListener.onMessage(ServerCalls.java:262)
	at org.apache.ratis.thirdparty.io.grpc.ForwardingServerCallListener.onMessage(ForwardingServerCallListener.java:33)
	at org.apache.ratis.thirdparty.io.grpc.internal.ServerCallImpl$ServerStreamListenerImpl.messagesAvailableInternal(ServerCallImpl.java:332)
	at org.apache.ratis.thirdparty.io.grpc.internal.ServerCallImpl$ServerStreamListenerImpl.messagesAvailable(ServerCallImpl.java:315)
	at org.apache.ratis.thirdparty.io.grpc.internal.ServerImpl$JumpToApplicationThreadServerStreamListener$1MessagesAvailable.runInContext(ServerImpl.java:834)
	at org.apache.ratis.thirdparty.io.grpc.internal.ContextRunnable.run(ContextRunnable.java:37)
	at org.apache.ratis.thirdparty.io.grpc.internal.SerializingExecutor.run(SerializingExecutor.java:133)
	at java.base/java.util.concurrent.ThreadPoolExecutor.runWorker(ThreadPoolExecutor.java:1128)
	at java.base/java.util.concurrent.ThreadPoolExecutor$Worker.run(ThreadPoolExecutor.java:628)
	at java.base/java.lang.Thread.run(Thread.java:829)
Caused by: java.util.concurrent.RejectedExecutionException: Task java.util.concurrent.CompletableFuture$AsyncSupply@3c418a4e rejected from java.util.concurrent.ThreadPoolExecutor@4ecb30e4[Terminated, pool size = 0, active threads = 0, queued tasks = 0, completed tasks = 0]
	at java.base/java.util.concurrent.ThreadPoolExecutor$AbortPolicy.rejectedExecution(ThreadPoolExecutor.java:2055)
	at java.base/java.util.concurrent.ThreadPoolExecutor.reject(ThreadPoolExecutor.java:825)
	at java.base/java.util.concurrent.ThreadPoolExecutor.execute(ThreadPoolExecutor.java:1355)
	at java.base/java.util.concurrent.CompletableFuture.asyncSupplyStage(CompletableFuture.java:1714)
	at java.base/java.util.concurrent.CompletableFuture.supplyAsync(CompletableFuture.java:1931)
	at org.apache.ratis.server.impl.RaftServerImpl.executeSubmitServerRequestAsync(RaftServerImpl.java:817)
	at org.apache.ratis.server.impl.RaftServerProxy.lambda$appendEntriesAsync$27(RaftServerProxy.java:634)
	at java.base/java.util.concurrent.CompletableFuture.uniComposeStage(CompletableFuture.java:1106)
	... 15 more
2023-02-09 08:26:13,049 [grpc-default-executor-8] WARN  server.GrpcLogAppender (LogUtils.java:warn(124)) - s1@group-5D8BFF2AC38C->s0-AppendLogResponseHandler: Failed appendEntries
java.util.concurrent.RejectedExecutionException: Task java.util.concurrent.CompletableFuture$AsyncSupply@3c418a4e rejected from java.util.concurrent.ThreadPoolExecutor@4ecb30e4[Terminated, pool size = 0, active threads = 0, queued tasks = 0, completed tasks = 0]
	at java.base/java.util.concurrent.ThreadPoolExecutor$AbortPolicy.rejectedExecution(ThreadPoolExecutor.java:2055)
	at java.base/java.util.concurrent.ThreadPoolExecutor.reject(ThreadPoolExecutor.java:825)
	at java.base/java.util.concurrent.ThreadPoolExecutor.execute(ThreadPoolExecutor.java:1355)
	at java.base/java.util.concurrent.CompletableFuture.asyncSupplyStage(CompletableFuture.java:1714)
	at java.base/java.util.concurrent.CompletableFuture.supplyAsync(CompletableFuture.java:1931)
	at org.apache.ratis.server.impl.RaftServerImpl.executeSubmitServerRequestAsync(RaftServerImpl.java:817)
	at org.apache.ratis.server.impl.RaftServerProxy.lambda$appendEntriesAsync$27(RaftServerProxy.java:634)
	at java.base/java.util.concurrent.CompletableFuture.uniComposeStage(CompletableFuture.java:1106)
	at java.base/java.util.concurrent.CompletableFuture.thenCompose(CompletableFuture.java:2235)
	at org.apache.ratis.server.impl.RaftServerProxy.appendEntriesAsync(RaftServerProxy.java:634)
	at org.apache.ratis.grpc.server.GrpcServerProtocolService$1.process(GrpcServerProtocolService.java:219)
	at org.apache.ratis.grpc.server.GrpcServerProtocolService$1.process(GrpcServerProtocolService.java:216)
	at org.apache.ratis.grpc.server.GrpcServerProtocolService$ServerRequestStreamObserver.onNext(GrpcServerProtocolService.java:124)
	at org.apache.ratis.thirdparty.io.grpc.stub.ServerCalls$StreamingServerCallHandler$StreamingServerCallListener.onMessage(ServerCalls.java:262)
	at org.apache.ratis.thirdparty.io.grpc.ForwardingServerCallListener.onMessage(ForwardingServerCallListener.java:33)
	at org.apache.ratis.thirdparty.io.grpc.internal.ServerCallImpl$ServerStreamListenerImpl.messagesAvailableInternal(ServerCallImpl.java:332)
	at org.apache.ratis.thirdparty.io.grpc.internal.ServerCallImpl$ServerStreamListenerImpl.messagesAvailable(ServerCallImpl.java:315)
	at org.apache.ratis.thirdparty.io.grpc.internal.ServerImpl$JumpToApplicationThreadServerStreamListener$1MessagesAvailable.runInContext(ServerImpl.java:834)
	at org.apache.ratis.thirdparty.io.grpc.internal.ContextRunnable.run(ContextRunnable.java:37)
	at org.apache.ratis.thirdparty.io.grpc.internal.SerializingExecutor.run(SerializingExecutor.java:133)
	at java.base/java.util.concurrent.ThreadPoolExecutor.runWorker(ThreadPoolExecutor.java:1128)
	at java.base/java.util.concurrent.ThreadPoolExecutor$Worker.run(ThreadPoolExecutor.java:628)
	at java.base/java.lang.Thread.run(Thread.java:829)
2023-02-09 08:26:13,050 [grpc-default-executor-8] INFO  leader.FollowerInfo (FollowerInfoImpl.java:lambda$new$0(52)) - s1@group-5D8BFF2AC38C->s0: nextIndex: updateUnconditionally 137 -> 83
2023-02-09 08:26:13,050 [s2-server-thread1] DEBUG raftlog.RaftLog (SegmentedRaftLog.java:appendImpl(446)) - truncateIndex=-1, arrayIndex=0
2023-02-09 08:26:13,051 [s1@group-5D8BFF2AC38C-StateMachineUpdater] INFO  impl.SimpleStateMachine4Testing (SimpleStateMachine4Testing.java:put(205)) - s1: put 137, m66 -> (t:2, i:137), STATEMACHINELOGENTRY, 452@client-F516C80A2025
2023-02-09 08:26:13,053 [grpc-default-executor-8] WARN  server.GrpcServerProtocolService (LogUtils.java:warn(124)) - s0: Failed APPEND_ENTRIES request s1->s0#110-t2,previous=(t:1, i:82),leaderCommit=136,initializing? true,entries: size=55, first=(t:2, i:83), CONFIGURATIONENTRY(current:id: "s0"
address: "localhost:42371"
dataStreamAddress: "localhost:43129"
clientAddress: "localhost:36379"
adminAddress: "localhost:36531"
startupRole: FOLLOWER
,id: "s1"
address: "localhost:35679"
dataStreamAddress: "localhost:42433"
clientAddress: "localhost:41371"
adminAddress: "localhost:44855"
startupRole: FOLLOWER
,id: "s2"
address: "localhost:39787"
dataStreamAddress: "localhost:33651"
clientAddress: "localhost:41113"
adminAddress: "localhost:44467"
startupRole: FOLLOWER
, old:)
java.util.concurrent.CompletionException: java.util.concurrent.RejectedExecutionException: Task java.util.concurrent.CompletableFuture$AsyncSupply@76ed8fd3 rejected from java.util.concurrent.ThreadPoolExecutor@4ecb30e4[Terminated, pool size = 0, active threads = 0, queued tasks = 0, completed tasks = 0]
	at java.base/java.util.concurrent.CompletableFuture.encodeThrowable(CompletableFuture.java:314)
	at java.base/java.util.concurrent.CompletableFuture.uniComposeStage(CompletableFuture.java:1113)
	at java.base/java.util.concurrent.CompletableFuture.thenCompose(CompletableFuture.java:2235)
	at org.apache.ratis.server.impl.RaftServerProxy.appendEntriesAsync(RaftServerProxy.java:634)
	at org.apache.ratis.grpc.server.GrpcServerProtocolService$1.process(GrpcServerProtocolService.java:219)
	at org.apache.ratis.grpc.server.GrpcServerProtocolService$1.process(GrpcServerProtocolService.java:216)
	at org.apache.ratis.grpc.server.GrpcServerProtocolService$ServerRequestStreamObserver.onNext(GrpcServerProtocolService.java:124)
	at org.apache.ratis.thirdparty.io.grpc.stub.ServerCalls$StreamingServerCallHandler$StreamingServerCallListener.onMessage(ServerCalls.java:262)
	at org.apache.ratis.thirdparty.io.grpc.ForwardingServerCallListener.onMessage(ForwardingServerCallListener.java:33)
	at org.apache.ratis.thirdparty.io.grpc.internal.ServerCallImpl$ServerStreamListenerImpl.messagesAvailableInternal(ServerCallImpl.java:332)
	at org.apache.ratis.thirdparty.io.grpc.internal.ServerCallImpl$ServerStreamListenerImpl.messagesAvailable(ServerCallImpl.java:315)
	at org.apache.ratis.thirdparty.io.grpc.internal.ServerImpl$JumpToApplicationThreadServerStreamListener$1MessagesAvailable.runInContext(ServerImpl.java:834)
	at org.apache.ratis.thirdparty.io.grpc.internal.ContextRunnable.run(ContextRunnable.java:37)
	at org.apache.ratis.thirdparty.io.grpc.internal.SerializingExecutor.run(SerializingExecutor.java:133)
	at java.base/java.util.concurrent.ThreadPoolExecutor.runWorker(ThreadPoolExecutor.java:1128)
	at java.base/java.util.concurrent.ThreadPoolExecutor$Worker.run(ThreadPoolExecutor.java:628)
	at java.base/java.lang.Thread.run(Thread.java:829)
Caused by: java.util.concurrent.RejectedExecutionException: Task java.util.concurrent.CompletableFuture$AsyncSupply@76ed8fd3 rejected from java.util.concurrent.ThreadPoolExecutor@4ecb30e4[Terminated, pool size = 0, active threads = 0, queued tasks = 0, completed tasks = 0]
	at java.base/java.util.concurrent.ThreadPoolExecutor$AbortPolicy.rejectedExecution(ThreadPoolExecutor.java:2055)
	at java.base/java.util.concurrent.ThreadPoolExecutor.reject(ThreadPoolExecutor.java:825)
	at java.base/java.util.concurrent.ThreadPoolExecutor.execute(ThreadPoolExecutor.java:1355)
	at java.base/java.util.concurrent.CompletableFuture.asyncSupplyStage(CompletableFuture.java:1714)
	at java.base/java.util.concurrent.CompletableFuture.supplyAsync(CompletableFuture.java:1931)
	at org.apache.ratis.server.impl.RaftServerImpl.executeSubmitServerRequestAsync(RaftServerImpl.java:817)
	at org.apache.ratis.server.impl.RaftServerProxy.lambda$appendEntriesAsync$27(RaftServerProxy.java:634)
	at java.base/java.util.concurrent.CompletableFuture.uniComposeStage(CompletableFuture.java:1106)
	... 15 more
2023-02-09 08:26:13,055 [s2-server-thread1] DEBUG raftlog.RaftLog (SegmentedRaftLog.java:appendImpl(446)) - truncateIndex=-1, arrayIndex=0
2023-02-09 08:26:13,055 [s2@group-5D8BFF2AC38C-StateMachineUpdater] INFO  impl.SimpleStateMachine4Testing (SimpleStateMachine4Testing.java:put(205)) - s2: put 137, m66 -> (t:2, i:137), STATEMACHINELOGENTRY, 452@client-F516C80A2025
2023-02-09 08:26:13,058 [grpc-default-executor-8] WARN  server.GrpcLogAppender (LogUtils.java:warn(124)) - s1@group-5D8BFF2AC38C->s0-AppendLogResponseHandler: Failed appendEntries
java.util.concurrent.RejectedExecutionException: Task java.util.concurrent.CompletableFuture$AsyncSupply@76ed8fd3 rejected from java.util.concurrent.ThreadPoolExecutor@4ecb30e4[Terminated, pool size = 0, active threads = 0, queued tasks = 0, completed tasks = 0]
	at java.base/java.util.concurrent.ThreadPoolExecutor$AbortPolicy.rejectedExecution(ThreadPoolExecutor.java:2055)
	at java.base/java.util.concurrent.ThreadPoolExecutor.reject(ThreadPoolExecutor.java:825)
	at java.base/java.util.concurrent.ThreadPoolExecutor.execute(ThreadPoolExecutor.java:1355)
	at java.base/java.util.concurrent.CompletableFuture.asyncSupplyStage(CompletableFuture.java:1714)
	at java.base/java.util.concurrent.CompletableFuture.supplyAsync(CompletableFuture.java:1931)
	at org.apache.ratis.server.impl.RaftServerImpl.executeSubmitServerRequestAsync(RaftServerImpl.java:817)
	at org.apache.ratis.server.impl.RaftServerProxy.lambda$appendEntriesAsync$27(RaftServerProxy.java:634)
	at java.base/java.util.concurrent.CompletableFuture.uniComposeStage(CompletableFuture.java:1106)
	at java.base/java.util.concurrent.CompletableFuture.thenCompose(CompletableFuture.java:2235)
	at org.apache.ratis.server.impl.RaftServerProxy.appendEntriesAsync(RaftServerProxy.java:634)
	at org.apache.ratis.grpc.server.GrpcServerProtocolService$1.process(GrpcServerProtocolService.java:219)
	at org.apache.ratis.grpc.server.GrpcServerProtocolService$1.process(GrpcServerProtocolService.java:216)
	at org.apache.ratis.grpc.server.GrpcServerProtocolService$ServerRequestStreamObserver.onNext(GrpcServerProtocolService.java:124)
	at org.apache.ratis.thirdparty.io.grpc.stub.ServerCalls$StreamingServerCallHandler$StreamingServerCallListener.onMessage(ServerCalls.java:262)
	at org.apache.ratis.thirdparty.io.grpc.ForwardingServerCallListener.onMessage(ForwardingServerCallListener.java:33)
	at org.apache.ratis.thirdparty.io.grpc.internal.ServerCallImpl$ServerStreamListenerImpl.messagesAvailableInternal(ServerCallImpl.java:332)
	at org.apache.ratis.thirdparty.io.grpc.internal.ServerCallImpl$ServerStreamListenerImpl.messagesAvailable(ServerCallImpl.java:315)
	at org.apache.ratis.thirdparty.io.grpc.internal.ServerImpl$JumpToApplicationThreadServerStreamListener$1MessagesAvailable.runInContext(ServerImpl.java:834)
	at org.apache.ratis.thirdparty.io.grpc.internal.ContextRunnable.run(ContextRunnable.java:37)
	at org.apache.ratis.thirdparty.io.grpc.internal.SerializingExecutor.run(SerializingExecutor.java:133)
	at java.base/java.util.concurrent.ThreadPoolExecutor.runWorker(ThreadPoolExecutor.java:1128)
	at java.base/java.util.concurrent.ThreadPoolExecutor$Worker.run(ThreadPoolExecutor.java:628)
	at java.base/java.lang.Thread.run(Thread.java:829)
2023-02-09 08:26:13,058 [grpc-default-executor-8] INFO  leader.FollowerInfo (FollowerInfoImpl.java:lambda$new$0(52)) - s1@group-5D8BFF2AC38C->s0: nextIndex: updateUnconditionally 138 -> 83
2023-02-09 08:26:13,059 [s2-server-thread1] DEBUG raftlog.RaftLog (SegmentedRaftLog.java:appendImpl(446)) - truncateIndex=-1, arrayIndex=0
2023-02-09 08:26:13,060 [s1@group-5D8BFF2AC38C-StateMachineUpdater] INFO  impl.SimpleStateMachine4Testing (SimpleStateMachine4Testing.java:put(205)) - s1: put 139, m67 -> (t:2, i:139), STATEMACHINELOGENTRY, 453@client-F516C80A2025
2023-02-09 08:26:13,061 [s2-server-thread1] DEBUG raftlog.RaftLog (SegmentedRaftLog.java:appendImpl(446)) - truncateIndex=-1, arrayIndex=0
2023-02-09 08:26:13,061 [grpc-default-executor-8] WARN  server.GrpcServerProtocolService (LogUtils.java:warn(124)) - s0: Failed APPEND_ENTRIES request s1->s0#115-t2,previous=(t:1, i:82),leaderCommit=139,initializing? true,entries: size=58, first=(t:2, i:83), CONFIGURATIONENTRY(current:id: "s0"
address: "localhost:42371"
dataStreamAddress: "localhost:43129"
clientAddress: "localhost:36379"
adminAddress: "localhost:36531"
startupRole: FOLLOWER
,id: "s1"
address: "localhost:35679"
dataStreamAddress: "localhost:42433"
clientAddress: "localhost:41371"
adminAddress: "localhost:44855"
startupRole: FOLLOWER
,id: "s2"
address: "localhost:39787"
dataStreamAddress: "localhost:33651"
clientAddress: "localhost:41113"
adminAddress: "localhost:44467"
startupRole: FOLLOWER
, old:)
java.util.concurrent.CompletionException: java.util.concurrent.RejectedExecutionException: Task java.util.concurrent.CompletableFuture$AsyncSupply@2f9ad5fc rejected from java.util.concurrent.ThreadPoolExecutor@4ecb30e4[Terminated, pool size = 0, active threads = 0, queued tasks = 0, completed tasks = 0]
	at java.base/java.util.concurrent.CompletableFuture.encodeThrowable(CompletableFuture.java:314)
	at java.base/java.util.concurrent.CompletableFuture.uniComposeStage(CompletableFuture.java:1113)
	at java.base/java.util.concurrent.CompletableFuture.thenCompose(CompletableFuture.java:2235)
	at org.apache.ratis.server.impl.RaftServerProxy.appendEntriesAsync(RaftServerProxy.java:634)
	at org.apache.ratis.grpc.server.GrpcServerProtocolService$1.process(GrpcServerProtocolService.java:219)
	at org.apache.ratis.grpc.server.GrpcServerProtocolService$1.process(GrpcServerProtocolService.java:216)
	at org.apache.ratis.grpc.server.GrpcServerProtocolService$ServerRequestStreamObserver.onNext(GrpcServerProtocolService.java:124)
	at org.apache.ratis.thirdparty.io.grpc.stub.ServerCalls$StreamingServerCallHandler$StreamingServerCallListener.onMessage(ServerCalls.java:262)
	at org.apache.ratis.thirdparty.io.grpc.ForwardingServerCallListener.onMessage(ForwardingServerCallListener.java:33)
	at org.apache.ratis.thirdparty.io.grpc.internal.ServerCallImpl$ServerStreamListenerImpl.messagesAvailableInternal(ServerCallImpl.java:332)
	at org.apache.ratis.thirdparty.io.grpc.internal.ServerCallImpl$ServerStreamListenerImpl.messagesAvailable(ServerCallImpl.java:315)
	at org.apache.ratis.thirdparty.io.grpc.internal.ServerImpl$JumpToApplicationThreadServerStreamListener$1MessagesAvailable.runInContext(ServerImpl.java:834)
	at org.apache.ratis.thirdparty.io.grpc.internal.ContextRunnable.run(ContextRunnable.java:37)
	at org.apache.ratis.thirdparty.io.grpc.internal.SerializingExecutor.run(SerializingExecutor.java:133)
	at java.base/java.util.concurrent.ThreadPoolExecutor.runWorker(ThreadPoolExecutor.java:1128)
	at java.base/java.util.concurrent.ThreadPoolExecutor$Worker.run(ThreadPoolExecutor.java:628)
	at java.base/java.lang.Thread.run(Thread.java:829)
Caused by: java.util.concurrent.RejectedExecutionException: Task java.util.concurrent.CompletableFuture$AsyncSupply@2f9ad5fc rejected from java.util.concurrent.ThreadPoolExecutor@4ecb30e4[Terminated, pool size = 0, active threads = 0, queued tasks = 0, completed tasks = 0]
	at java.base/java.util.concurrent.ThreadPoolExecutor$AbortPolicy.rejectedExecution(ThreadPoolExecutor.java:2055)
	at java.base/java.util.concurrent.ThreadPoolExecutor.reject(ThreadPoolExecutor.java:825)
	at java.base/java.util.concurrent.ThreadPoolExecutor.execute(ThreadPoolExecutor.java:1355)
	at java.base/java.util.concurrent.CompletableFuture.asyncSupplyStage(CompletableFuture.java:1714)
	at java.base/java.util.concurrent.CompletableFuture.supplyAsync(CompletableFuture.java:1931)
	at org.apache.ratis.server.impl.RaftServerImpl.executeSubmitServerRequestAsync(RaftServerImpl.java:817)
	at org.apache.ratis.server.impl.RaftServerProxy.lambda$appendEntriesAsync$27(RaftServerProxy.java:634)
	at java.base/java.util.concurrent.CompletableFuture.uniComposeStage(CompletableFuture.java:1106)
	... 15 more
2023-02-09 08:26:13,061 [s2@group-5D8BFF2AC38C-StateMachineUpdater] INFO  impl.SimpleStateMachine4Testing (SimpleStateMachine4Testing.java:put(205)) - s2: put 139, m67 -> (t:2, i:139), STATEMACHINELOGENTRY, 453@client-F516C80A2025
2023-02-09 08:26:13,065 [s2-server-thread1] DEBUG raftlog.RaftLog (SegmentedRaftLog.java:appendImpl(446)) - truncateIndex=-1, arrayIndex=0
2023-02-09 08:26:13,067 [grpc-default-executor-7] WARN  server.GrpcLogAppender (LogUtils.java:warn(124)) - s1@group-5D8BFF2AC38C->s0-AppendLogResponseHandler: Failed appendEntries
java.util.concurrent.RejectedExecutionException: Task java.util.concurrent.CompletableFuture$AsyncSupply@2f9ad5fc rejected from java.util.concurrent.ThreadPoolExecutor@4ecb30e4[Terminated, pool size = 0, active threads = 0, queued tasks = 0, completed tasks = 0]
	at java.base/java.util.concurrent.ThreadPoolExecutor$AbortPolicy.rejectedExecution(ThreadPoolExecutor.java:2055)
	at java.base/java.util.concurrent.ThreadPoolExecutor.reject(ThreadPoolExecutor.java:825)
	at java.base/java.util.concurrent.ThreadPoolExecutor.execute(ThreadPoolExecutor.java:1355)
	at java.base/java.util.concurrent.CompletableFuture.asyncSupplyStage(CompletableFuture.java:1714)
	at java.base/java.util.concurrent.CompletableFuture.supplyAsync(CompletableFuture.java:1931)
	at org.apache.ratis.server.impl.RaftServerImpl.executeSubmitServerRequestAsync(RaftServerImpl.java:817)
	at org.apache.ratis.server.impl.RaftServerProxy.lambda$appendEntriesAsync$27(RaftServerProxy.java:634)
	at java.base/java.util.concurrent.CompletableFuture.uniComposeStage(CompletableFuture.java:1106)
	at java.base/java.util.concurrent.CompletableFuture.thenCompose(CompletableFuture.java:2235)
	at org.apache.ratis.server.impl.RaftServerProxy.appendEntriesAsync(RaftServerProxy.java:634)
	at org.apache.ratis.grpc.server.GrpcServerProtocolService$1.process(GrpcServerProtocolService.java:219)
	at org.apache.ratis.grpc.server.GrpcServerProtocolService$1.process(GrpcServerProtocolService.java:216)
	at org.apache.ratis.grpc.server.GrpcServerProtocolService$ServerRequestStreamObserver.onNext(GrpcServerProtocolService.java:124)
	at org.apache.ratis.thirdparty.io.grpc.stub.ServerCalls$StreamingServerCallHandler$StreamingServerCallListener.onMessage(ServerCalls.java:262)
	at org.apache.ratis.thirdparty.io.grpc.ForwardingServerCallListener.onMessage(ForwardingServerCallListener.java:33)
	at org.apache.ratis.thirdparty.io.grpc.internal.ServerCallImpl$ServerStreamListenerImpl.messagesAvailableInternal(ServerCallImpl.java:332)
	at org.apache.ratis.thirdparty.io.grpc.internal.ServerCallImpl$ServerStreamListenerImpl.messagesAvailable(ServerCallImpl.java:315)
	at org.apache.ratis.thirdparty.io.grpc.internal.ServerImpl$JumpToApplicationThreadServerStreamListener$1MessagesAvailable.runInContext(ServerImpl.java:834)
	at org.apache.ratis.thirdparty.io.grpc.internal.ContextRunnable.run(ContextRunnable.java:37)
	at org.apache.ratis.thirdparty.io.grpc.internal.SerializingExecutor.run(SerializingExecutor.java:133)
	at java.base/java.util.concurrent.ThreadPoolExecutor.runWorker(ThreadPoolExecutor.java:1128)
	at java.base/java.util.concurrent.ThreadPoolExecutor$Worker.run(ThreadPoolExecutor.java:628)
	at java.base/java.lang.Thread.run(Thread.java:829)
2023-02-09 08:26:13,067 [grpc-default-executor-7] INFO  leader.FollowerInfo (FollowerInfoImpl.java:lambda$new$0(52)) - s1@group-5D8BFF2AC38C->s0: nextIndex: updateUnconditionally 141 -> 83
2023-02-09 08:26:13,067 [s1@group-5D8BFF2AC38C-StateMachineUpdater] INFO  impl.SimpleStateMachine4Testing (SimpleStateMachine4Testing.java:put(205)) - s1: put 141, m68 -> (t:2, i:141), STATEMACHINELOGENTRY, 454@client-F516C80A2025
2023-02-09 08:26:13,069 [grpc-default-executor-8] WARN  server.GrpcServerProtocolService (LogUtils.java:warn(124)) - s0: Failed APPEND_ENTRIES request s1->s0#119-t2,previous=(t:1, i:82),leaderCommit=141,initializing? true,entries: size=60, first=(t:2, i:83), CONFIGURATIONENTRY(current:id: "s0"
address: "localhost:42371"
dataStreamAddress: "localhost:43129"
clientAddress: "localhost:36379"
adminAddress: "localhost:36531"
startupRole: FOLLOWER
,id: "s1"
address: "localhost:35679"
dataStreamAddress: "localhost:42433"
clientAddress: "localhost:41371"
adminAddress: "localhost:44855"
startupRole: FOLLOWER
,id: "s2"
address: "localhost:39787"
dataStreamAddress: "localhost:33651"
clientAddress: "localhost:41113"
adminAddress: "localhost:44467"
startupRole: FOLLOWER
, old:)
java.util.concurrent.CompletionException: java.util.concurrent.RejectedExecutionException: Task java.util.concurrent.CompletableFuture$AsyncSupply@59e17ee9 rejected from java.util.concurrent.ThreadPoolExecutor@4ecb30e4[Terminated, pool size = 0, active threads = 0, queued tasks = 0, completed tasks = 0]
	at java.base/java.util.concurrent.CompletableFuture.encodeThrowable(CompletableFuture.java:314)
	at java.base/java.util.concurrent.CompletableFuture.uniComposeStage(CompletableFuture.java:1113)
	at java.base/java.util.concurrent.CompletableFuture.thenCompose(CompletableFuture.java:2235)
	at org.apache.ratis.server.impl.RaftServerProxy.appendEntriesAsync(RaftServerProxy.java:634)
	at org.apache.ratis.grpc.server.GrpcServerProtocolService$1.process(GrpcServerProtocolService.java:219)
	at org.apache.ratis.grpc.server.GrpcServerProtocolService$1.process(GrpcServerProtocolService.java:216)
	at org.apache.ratis.grpc.server.GrpcServerProtocolService$ServerRequestStreamObserver.onNext(GrpcServerProtocolService.java:124)
	at org.apache.ratis.thirdparty.io.grpc.stub.ServerCalls$StreamingServerCallHandler$StreamingServerCallListener.onMessage(ServerCalls.java:262)
	at org.apache.ratis.thirdparty.io.grpc.ForwardingServerCallListener.onMessage(ForwardingServerCallListener.java:33)
	at org.apache.ratis.thirdparty.io.grpc.internal.ServerCallImpl$ServerStreamListenerImpl.messagesAvailableInternal(ServerCallImpl.java:332)
	at org.apache.ratis.thirdparty.io.grpc.internal.ServerCallImpl$ServerStreamListenerImpl.messagesAvailable(ServerCallImpl.java:315)
	at org.apache.ratis.thirdparty.io.grpc.internal.ServerImpl$JumpToApplicationThreadServerStreamListener$1MessagesAvailable.runInContext(ServerImpl.java:834)
	at org.apache.ratis.thirdparty.io.grpc.internal.ContextRunnable.run(ContextRunnable.java:37)
	at org.apache.ratis.thirdparty.io.grpc.internal.SerializingExecutor.run(SerializingExecutor.java:133)
	at java.base/java.util.concurrent.ThreadPoolExecutor.runWorker(ThreadPoolExecutor.java:1128)
	at java.base/java.util.concurrent.ThreadPoolExecutor$Worker.run(ThreadPoolExecutor.java:628)
	at java.base/java.lang.Thread.run(Thread.java:829)
Caused by: java.util.concurrent.RejectedExecutionException: Task java.util.concurrent.CompletableFuture$AsyncSupply@59e17ee9 rejected from java.util.concurrent.ThreadPoolExecutor@4ecb30e4[Terminated, pool size = 0, active threads = 0, queued tasks = 0, completed tasks = 0]
	at java.base/java.util.concurrent.ThreadPoolExecutor$AbortPolicy.rejectedExecution(ThreadPoolExecutor.java:2055)
	at java.base/java.util.concurrent.ThreadPoolExecutor.reject(ThreadPoolExecutor.java:825)
	at java.base/java.util.concurrent.ThreadPoolExecutor.execute(ThreadPoolExecutor.java:1355)
	at java.base/java.util.concurrent.CompletableFuture.asyncSupplyStage(CompletableFuture.java:1714)
	at java.base/java.util.concurrent.CompletableFuture.supplyAsync(CompletableFuture.java:1931)
	at org.apache.ratis.server.impl.RaftServerImpl.executeSubmitServerRequestAsync(RaftServerImpl.java:817)
	at org.apache.ratis.server.impl.RaftServerProxy.lambda$appendEntriesAsync$27(RaftServerProxy.java:634)
	at java.base/java.util.concurrent.CompletableFuture.uniComposeStage(CompletableFuture.java:1106)
	... 15 more
2023-02-09 08:26:13,070 [s2-server-thread1] DEBUG raftlog.RaftLog (SegmentedRaftLog.java:appendImpl(446)) - truncateIndex=-1, arrayIndex=0
2023-02-09 08:26:13,070 [s2-server-thread1] DEBUG raftlog.RaftLog (SegmentedRaftLog.java:appendImpl(446)) - truncateIndex=-1, arrayIndex=0
2023-02-09 08:26:13,070 [s2@group-5D8BFF2AC38C-StateMachineUpdater] INFO  impl.SimpleStateMachine4Testing (SimpleStateMachine4Testing.java:put(205)) - s2: put 141, m68 -> (t:2, i:141), STATEMACHINELOGENTRY, 454@client-F516C80A2025
2023-02-09 08:26:13,072 [grpc-default-executor-3] WARN  server.GrpcLogAppender (LogUtils.java:warn(124)) - s1@group-5D8BFF2AC38C->s0-AppendLogResponseHandler: Failed appendEntries
java.util.concurrent.RejectedExecutionException: Task java.util.concurrent.CompletableFuture$AsyncSupply@59e17ee9 rejected from java.util.concurrent.ThreadPoolExecutor@4ecb30e4[Terminated, pool size = 0, active threads = 0, queued tasks = 0, completed tasks = 0]
	at java.base/java.util.concurrent.ThreadPoolExecutor$AbortPolicy.rejectedExecution(ThreadPoolExecutor.java:2055)
	at java.base/java.util.concurrent.ThreadPoolExecutor.reject(ThreadPoolExecutor.java:825)
	at java.base/java.util.concurrent.ThreadPoolExecutor.execute(ThreadPoolExecutor.java:1355)
	at java.base/java.util.concurrent.CompletableFuture.asyncSupplyStage(CompletableFuture.java:1714)
	at java.base/java.util.concurrent.CompletableFuture.supplyAsync(CompletableFuture.java:1931)
	at org.apache.ratis.server.impl.RaftServerImpl.executeSubmitServerRequestAsync(RaftServerImpl.java:817)
	at org.apache.ratis.server.impl.RaftServerProxy.lambda$appendEntriesAsync$27(RaftServerProxy.java:634)
	at java.base/java.util.concurrent.CompletableFuture.uniComposeStage(CompletableFuture.java:1106)
	at java.base/java.util.concurrent.CompletableFuture.thenCompose(CompletableFuture.java:2235)
	at org.apache.ratis.server.impl.RaftServerProxy.appendEntriesAsync(RaftServerProxy.java:634)
	at org.apache.ratis.grpc.server.GrpcServerProtocolService$1.process(GrpcServerProtocolService.java:219)
	at org.apache.ratis.grpc.server.GrpcServerProtocolService$1.process(GrpcServerProtocolService.java:216)
	at org.apache.ratis.grpc.server.GrpcServerProtocolService$ServerRequestStreamObserver.onNext(GrpcServerProtocolService.java:124)
	at org.apache.ratis.thirdparty.io.grpc.stub.ServerCalls$StreamingServerCallHandler$StreamingServerCallListener.onMessage(ServerCalls.java:262)
	at org.apache.ratis.thirdparty.io.grpc.ForwardingServerCallListener.onMessage(ForwardingServerCallListener.java:33)
	at org.apache.ratis.thirdparty.io.grpc.internal.ServerCallImpl$ServerStreamListenerImpl.messagesAvailableInternal(ServerCallImpl.java:332)
	at org.apache.ratis.thirdparty.io.grpc.internal.ServerCallImpl$ServerStreamListenerImpl.messagesAvailable(ServerCallImpl.java:315)
	at org.apache.ratis.thirdparty.io.grpc.internal.ServerImpl$JumpToApplicationThreadServerStreamListener$1MessagesAvailable.runInContext(ServerImpl.java:834)
	at org.apache.ratis.thirdparty.io.grpc.internal.ContextRunnable.run(ContextRunnable.java:37)
	at org.apache.ratis.thirdparty.io.grpc.internal.SerializingExecutor.run(SerializingExecutor.java:133)
	at java.base/java.util.concurrent.ThreadPoolExecutor.runWorker(ThreadPoolExecutor.java:1128)
	at java.base/java.util.concurrent.ThreadPoolExecutor$Worker.run(ThreadPoolExecutor.java:628)
	at java.base/java.lang.Thread.run(Thread.java:829)
2023-02-09 08:26:13,072 [grpc-default-executor-3] INFO  leader.FollowerInfo (FollowerInfoImpl.java:lambda$new$0(52)) - s1@group-5D8BFF2AC38C->s0: nextIndex: updateUnconditionally 143 -> 83
2023-02-09 08:26:13,072 [s1@group-5D8BFF2AC38C-StateMachineUpdater] INFO  impl.SimpleStateMachine4Testing (SimpleStateMachine4Testing.java:put(205)) - s1: put 143, m69 -> (t:2, i:143), STATEMACHINELOGENTRY, 455@client-F516C80A2025
2023-02-09 08:26:13,073 [s2-server-thread1] DEBUG raftlog.RaftLog (SegmentedRaftLog.java:appendImpl(446)) - truncateIndex=-1, arrayIndex=0
2023-02-09 08:26:13,073 [s2@group-5D8BFF2AC38C-StateMachineUpdater] INFO  impl.SimpleStateMachine4Testing (SimpleStateMachine4Testing.java:put(205)) - s2: put 143, m69 -> (t:2, i:143), STATEMACHINELOGENTRY, 455@client-F516C80A2025
2023-02-09 08:26:13,073 [grpc-default-executor-7] WARN  server.GrpcServerProtocolService (LogUtils.java:warn(124)) - s0: Failed APPEND_ENTRIES request s1->s0#122-t2,previous=(t:1, i:82),leaderCommit=143,initializing? true,entries: size=62, first=(t:2, i:83), CONFIGURATIONENTRY(current:id: "s0"
address: "localhost:42371"
dataStreamAddress: "localhost:43129"
clientAddress: "localhost:36379"
adminAddress: "localhost:36531"
startupRole: FOLLOWER
,id: "s1"
address: "localhost:35679"
dataStreamAddress: "localhost:42433"
clientAddress: "localhost:41371"
adminAddress: "localhost:44855"
startupRole: FOLLOWER
,id: "s2"
address: "localhost:39787"
dataStreamAddress: "localhost:33651"
clientAddress: "localhost:41113"
adminAddress: "localhost:44467"
startupRole: FOLLOWER
, old:)
java.util.concurrent.CompletionException: java.util.concurrent.RejectedExecutionException: Task java.util.concurrent.CompletableFuture$AsyncSupply@3751397c rejected from java.util.concurrent.ThreadPoolExecutor@4ecb30e4[Terminated, pool size = 0, active threads = 0, queued tasks = 0, completed tasks = 0]
	at java.base/java.util.concurrent.CompletableFuture.encodeThrowable(CompletableFuture.java:314)
	at java.base/java.util.concurrent.CompletableFuture.uniComposeStage(CompletableFuture.java:1113)
	at java.base/java.util.concurrent.CompletableFuture.thenCompose(CompletableFuture.java:2235)
	at org.apache.ratis.server.impl.RaftServerProxy.appendEntriesAsync(RaftServerProxy.java:634)
	at org.apache.ratis.grpc.server.GrpcServerProtocolService$1.process(GrpcServerProtocolService.java:219)
	at org.apache.ratis.grpc.server.GrpcServerProtocolService$1.process(GrpcServerProtocolService.java:216)
	at org.apache.ratis.grpc.server.GrpcServerProtocolService$ServerRequestStreamObserver.onNext(GrpcServerProtocolService.java:124)
	at org.apache.ratis.thirdparty.io.grpc.stub.ServerCalls$StreamingServerCallHandler$StreamingServerCallListener.onMessage(ServerCalls.java:262)
	at org.apache.ratis.thirdparty.io.grpc.ForwardingServerCallListener.onMessage(ForwardingServerCallListener.java:33)
	at org.apache.ratis.thirdparty.io.grpc.internal.ServerCallImpl$ServerStreamListenerImpl.messagesAvailableInternal(ServerCallImpl.java:332)
	at org.apache.ratis.thirdparty.io.grpc.internal.ServerCallImpl$ServerStreamListenerImpl.messagesAvailable(ServerCallImpl.java:315)
	at org.apache.ratis.thirdparty.io.grpc.internal.ServerImpl$JumpToApplicationThreadServerStreamListener$1MessagesAvailable.runInContext(ServerImpl.java:834)
	at org.apache.ratis.thirdparty.io.grpc.internal.ContextRunnable.run(ContextRunnable.java:37)
	at org.apache.ratis.thirdparty.io.grpc.internal.SerializingExecutor.run(SerializingExecutor.java:133)
	at java.base/java.util.concurrent.ThreadPoolExecutor.runWorker(ThreadPoolExecutor.java:1128)
	at java.base/java.util.concurrent.ThreadPoolExecutor$Worker.run(ThreadPoolExecutor.java:628)
	at java.base/java.lang.Thread.run(Thread.java:829)
Caused by: java.util.concurrent.RejectedExecutionException: Task java.util.concurrent.CompletableFuture$AsyncSupply@3751397c rejected from java.util.concurrent.ThreadPoolExecutor@4ecb30e4[Terminated, pool size = 0, active threads = 0, queued tasks = 0, completed tasks = 0]
	at java.base/java.util.concurrent.ThreadPoolExecutor$AbortPolicy.rejectedExecution(ThreadPoolExecutor.java:2055)
	at java.base/java.util.concurrent.ThreadPoolExecutor.reject(ThreadPoolExecutor.java:825)
	at java.base/java.util.concurrent.ThreadPoolExecutor.execute(ThreadPoolExecutor.java:1355)
	at java.base/java.util.concurrent.CompletableFuture.asyncSupplyStage(CompletableFuture.java:1714)
	at java.base/java.util.concurrent.CompletableFuture.supplyAsync(CompletableFuture.java:1931)
	at org.apache.ratis.server.impl.RaftServerImpl.executeSubmitServerRequestAsync(RaftServerImpl.java:817)
	at org.apache.ratis.server.impl.RaftServerProxy.lambda$appendEntriesAsync$27(RaftServerProxy.java:634)
	at java.base/java.util.concurrent.CompletableFuture.uniComposeStage(CompletableFuture.java:1106)
	... 15 more
2023-02-09 08:26:13,075 [grpc-default-executor-7] WARN  server.GrpcLogAppender (LogUtils.java:warn(124)) - s1@group-5D8BFF2AC38C->s0-AppendLogResponseHandler: Failed appendEntries
java.util.concurrent.RejectedExecutionException: Task java.util.concurrent.CompletableFuture$AsyncSupply@3751397c rejected from java.util.concurrent.ThreadPoolExecutor@4ecb30e4[Terminated, pool size = 0, active threads = 0, queued tasks = 0, completed tasks = 0]
	at java.base/java.util.concurrent.ThreadPoolExecutor$AbortPolicy.rejectedExecution(ThreadPoolExecutor.java:2055)
	at java.base/java.util.concurrent.ThreadPoolExecutor.reject(ThreadPoolExecutor.java:825)
	at java.base/java.util.concurrent.ThreadPoolExecutor.execute(ThreadPoolExecutor.java:1355)
	at java.base/java.util.concurrent.CompletableFuture.asyncSupplyStage(CompletableFuture.java:1714)
	at java.base/java.util.concurrent.CompletableFuture.supplyAsync(CompletableFuture.java:1931)
	at org.apache.ratis.server.impl.RaftServerImpl.executeSubmitServerRequestAsync(RaftServerImpl.java:817)
	at org.apache.ratis.server.impl.RaftServerProxy.lambda$appendEntriesAsync$27(RaftServerProxy.java:634)
	at java.base/java.util.concurrent.CompletableFuture.uniComposeStage(CompletableFuture.java:1106)
	at java.base/java.util.concurrent.CompletableFuture.thenCompose(CompletableFuture.java:2235)
	at org.apache.ratis.server.impl.RaftServerProxy.appendEntriesAsync(RaftServerProxy.java:634)
	at org.apache.ratis.grpc.server.GrpcServerProtocolService$1.process(GrpcServerProtocolService.java:219)
	at org.apache.ratis.grpc.server.GrpcServerProtocolService$1.process(GrpcServerProtocolService.java:216)
	at org.apache.ratis.grpc.server.GrpcServerProtocolService$ServerRequestStreamObserver.onNext(GrpcServerProtocolService.java:124)
	at org.apache.ratis.thirdparty.io.grpc.stub.ServerCalls$StreamingServerCallHandler$StreamingServerCallListener.onMessage(ServerCalls.java:262)
	at org.apache.ratis.thirdparty.io.grpc.ForwardingServerCallListener.onMessage(ForwardingServerCallListener.java:33)
	at org.apache.ratis.thirdparty.io.grpc.internal.ServerCallImpl$ServerStreamListenerImpl.messagesAvailableInternal(ServerCallImpl.java:332)
	at org.apache.ratis.thirdparty.io.grpc.internal.ServerCallImpl$ServerStreamListenerImpl.messagesAvailable(ServerCallImpl.java:315)
	at org.apache.ratis.thirdparty.io.grpc.internal.ServerImpl$JumpToApplicationThreadServerStreamListener$1MessagesAvailable.runInContext(ServerImpl.java:834)
	at org.apache.ratis.thirdparty.io.grpc.internal.ContextRunnable.run(ContextRunnable.java:37)
	at org.apache.ratis.thirdparty.io.grpc.internal.SerializingExecutor.run(SerializingExecutor.java:133)
	at java.base/java.util.concurrent.ThreadPoolExecutor.runWorker(ThreadPoolExecutor.java:1128)
	at java.base/java.util.concurrent.ThreadPoolExecutor$Worker.run(ThreadPoolExecutor.java:628)
	at java.base/java.lang.Thread.run(Thread.java:829)
2023-02-09 08:26:13,076 [grpc-default-executor-7] INFO  leader.FollowerInfo (FollowerInfoImpl.java:lambda$new$0(52)) - s1@group-5D8BFF2AC38C->s0: nextIndex: updateUnconditionally 145 -> 83
2023-02-09 08:26:13,078 [s2-server-thread1] DEBUG raftlog.RaftLog (SegmentedRaftLog.java:appendImpl(446)) - truncateIndex=-1, arrayIndex=0
2023-02-09 08:26:13,079 [grpc-default-executor-7] WARN  server.GrpcServerProtocolService (LogUtils.java:warn(124)) - s0: Failed APPEND_ENTRIES request s1->s0#123-t2,previous=(t:1, i:82),leaderCommit=143,initializing? true,entries: size=62, first=(t:2, i:83), CONFIGURATIONENTRY(current:id: "s0"
address: "localhost:42371"
dataStreamAddress: "localhost:43129"
clientAddress: "localhost:36379"
adminAddress: "localhost:36531"
startupRole: FOLLOWER
,id: "s1"
address: "localhost:35679"
dataStreamAddress: "localhost:42433"
clientAddress: "localhost:41371"
adminAddress: "localhost:44855"
startupRole: FOLLOWER
,id: "s2"
address: "localhost:39787"
dataStreamAddress: "localhost:33651"
clientAddress: "localhost:41113"
adminAddress: "localhost:44467"
startupRole: FOLLOWER
, old:)
java.util.concurrent.CompletionException: java.util.concurrent.RejectedExecutionException: Task java.util.concurrent.CompletableFuture$AsyncSupply@27497064 rejected from java.util.concurrent.ThreadPoolExecutor@4ecb30e4[Terminated, pool size = 0, active threads = 0, queued tasks = 0, completed tasks = 0]
	at java.base/java.util.concurrent.CompletableFuture.encodeThrowable(CompletableFuture.java:314)
	at java.base/java.util.concurrent.CompletableFuture.uniComposeStage(CompletableFuture.java:1113)
	at java.base/java.util.concurrent.CompletableFuture.thenCompose(CompletableFuture.java:2235)
	at org.apache.ratis.server.impl.RaftServerProxy.appendEntriesAsync(RaftServerProxy.java:634)
	at org.apache.ratis.grpc.server.GrpcServerProtocolService$1.process(GrpcServerProtocolService.java:219)
	at org.apache.ratis.grpc.server.GrpcServerProtocolService$1.process(GrpcServerProtocolService.java:216)
	at org.apache.ratis.grpc.server.GrpcServerProtocolService$ServerRequestStreamObserver.onNext(GrpcServerProtocolService.java:124)
	at org.apache.ratis.thirdparty.io.grpc.stub.ServerCalls$StreamingServerCallHandler$StreamingServerCallListener.onMessage(ServerCalls.java:262)
	at org.apache.ratis.thirdparty.io.grpc.ForwardingServerCallListener.onMessage(ForwardingServerCallListener.java:33)
	at org.apache.ratis.thirdparty.io.grpc.internal.ServerCallImpl$ServerStreamListenerImpl.messagesAvailableInternal(ServerCallImpl.java:332)
	at org.apache.ratis.thirdparty.io.grpc.internal.ServerCallImpl$ServerStreamListenerImpl.messagesAvailable(ServerCallImpl.java:315)
	at org.apache.ratis.thirdparty.io.grpc.internal.ServerImpl$JumpToApplicationThreadServerStreamListener$1MessagesAvailable.runInContext(ServerImpl.java:834)
	at org.apache.ratis.thirdparty.io.grpc.internal.ContextRunnable.run(ContextRunnable.java:37)
	at org.apache.ratis.thirdparty.io.grpc.internal.SerializingExecutor.run(SerializingExecutor.java:133)
	at java.base/java.util.concurrent.ThreadPoolExecutor.runWorker(ThreadPoolExecutor.java:1128)
	at java.base/java.util.concurrent.ThreadPoolExecutor$Worker.run(ThreadPoolExecutor.java:628)
	at java.base/java.lang.Thread.run(Thread.java:829)
Caused by: java.util.concurrent.RejectedExecutionException: Task java.util.concurrent.CompletableFuture$AsyncSupply@27497064 rejected from java.util.concurrent.ThreadPoolExecutor@4ecb30e4[Terminated, pool size = 0, active threads = 0, queued tasks = 0, completed tasks = 0]
	at java.base/java.util.concurrent.ThreadPoolExecutor$AbortPolicy.rejectedExecution(ThreadPoolExecutor.java:2055)
	at java.base/java.util.concurrent.ThreadPoolExecutor.reject(ThreadPoolExecutor.java:825)
	at java.base/java.util.concurrent.ThreadPoolExecutor.execute(ThreadPoolExecutor.java:1355)
	at java.base/java.util.concurrent.CompletableFuture.asyncSupplyStage(CompletableFuture.java:1714)
	at java.base/java.util.concurrent.CompletableFuture.supplyAsync(CompletableFuture.java:1931)
	at org.apache.ratis.server.impl.RaftServerImpl.executeSubmitServerRequestAsync(RaftServerImpl.java:817)
	at org.apache.ratis.server.impl.RaftServerProxy.lambda$appendEntriesAsync$27(RaftServerProxy.java:634)
	at java.base/java.util.concurrent.CompletableFuture.uniComposeStage(CompletableFuture.java:1106)
	... 15 more
2023-02-09 08:26:13,081 [s1@group-5D8BFF2AC38C-StateMachineUpdater] INFO  impl.SimpleStateMachine4Testing (SimpleStateMachine4Testing.java:put(205)) - s1: put 145, m70 -> (t:2, i:145), STATEMACHINELOGENTRY, 456@client-F516C80A2025
2023-02-09 08:26:13,081 [grpc-default-executor-8] WARN  server.GrpcLogAppender (LogUtils.java:warn(124)) - s1@group-5D8BFF2AC38C->s0-AppendLogResponseHandler: Failed appendEntries
java.util.concurrent.RejectedExecutionException: Task java.util.concurrent.CompletableFuture$AsyncSupply@27497064 rejected from java.util.concurrent.ThreadPoolExecutor@4ecb30e4[Terminated, pool size = 0, active threads = 0, queued tasks = 0, completed tasks = 0]
	at java.base/java.util.concurrent.ThreadPoolExecutor$AbortPolicy.rejectedExecution(ThreadPoolExecutor.java:2055)
	at java.base/java.util.concurrent.ThreadPoolExecutor.reject(ThreadPoolExecutor.java:825)
	at java.base/java.util.concurrent.ThreadPoolExecutor.execute(ThreadPoolExecutor.java:1355)
	at java.base/java.util.concurrent.CompletableFuture.asyncSupplyStage(CompletableFuture.java:1714)
	at java.base/java.util.concurrent.CompletableFuture.supplyAsync(CompletableFuture.java:1931)
	at org.apache.ratis.server.impl.RaftServerImpl.executeSubmitServerRequestAsync(RaftServerImpl.java:817)
	at org.apache.ratis.server.impl.RaftServerProxy.lambda$appendEntriesAsync$27(RaftServerProxy.java:634)
	at java.base/java.util.concurrent.CompletableFuture.uniComposeStage(CompletableFuture.java:1106)
	at java.base/java.util.concurrent.CompletableFuture.thenCompose(CompletableFuture.java:2235)
	at org.apache.ratis.server.impl.RaftServerProxy.appendEntriesAsync(RaftServerProxy.java:634)
	at org.apache.ratis.grpc.server.GrpcServerProtocolService$1.process(GrpcServerProtocolService.java:219)
	at org.apache.ratis.grpc.server.GrpcServerProtocolService$1.process(GrpcServerProtocolService.java:216)
	at org.apache.ratis.grpc.server.GrpcServerProtocolService$ServerRequestStreamObserver.onNext(GrpcServerProtocolService.java:124)
	at org.apache.ratis.thirdparty.io.grpc.stub.ServerCalls$StreamingServerCallHandler$StreamingServerCallListener.onMessage(ServerCalls.java:262)
	at org.apache.ratis.thirdparty.io.grpc.ForwardingServerCallListener.onMessage(ForwardingServerCallListener.java:33)
	at org.apache.ratis.thirdparty.io.grpc.internal.ServerCallImpl$ServerStreamListenerImpl.messagesAvailableInternal(ServerCallImpl.java:332)
	at org.apache.ratis.thirdparty.io.grpc.internal.ServerCallImpl$ServerStreamListenerImpl.messagesAvailable(ServerCallImpl.java:315)
	at org.apache.ratis.thirdparty.io.grpc.internal.ServerImpl$JumpToApplicationThreadServerStreamListener$1MessagesAvailable.runInContext(ServerImpl.java:834)
	at org.apache.ratis.thirdparty.io.grpc.internal.ContextRunnable.run(ContextRunnable.java:37)
	at org.apache.ratis.thirdparty.io.grpc.internal.SerializingExecutor.run(SerializingExecutor.java:133)
	at java.base/java.util.concurrent.ThreadPoolExecutor.runWorker(ThreadPoolExecutor.java:1128)
	at java.base/java.util.concurrent.ThreadPoolExecutor$Worker.run(ThreadPoolExecutor.java:628)
	at java.base/java.lang.Thread.run(Thread.java:829)
2023-02-09 08:26:13,082 [grpc-default-executor-8] INFO  leader.FollowerInfo (FollowerInfoImpl.java:lambda$new$0(52)) - s1@group-5D8BFF2AC38C->s0: nextIndex: updateUnconditionally 145 -> 83
2023-02-09 08:26:13,082 [s2-server-thread1] DEBUG raftlog.RaftLog (SegmentedRaftLog.java:appendImpl(446)) - truncateIndex=-1, arrayIndex=0
2023-02-09 08:26:13,082 [s2@group-5D8BFF2AC38C-StateMachineUpdater] INFO  impl.SimpleStateMachine4Testing (SimpleStateMachine4Testing.java:put(205)) - s2: put 145, m70 -> (t:2, i:145), STATEMACHINELOGENTRY, 456@client-F516C80A2025
2023-02-09 08:26:13,084 [grpc-default-executor-7] WARN  server.GrpcServerProtocolService (LogUtils.java:warn(124)) - s0: Failed APPEND_ENTRIES request s1->s0#127-t2,previous=(t:1, i:82),leaderCommit=146,initializing? true,entries: size=64, first=(t:2, i:83), CONFIGURATIONENTRY(current:id: "s0"
address: "localhost:42371"
dataStreamAddress: "localhost:43129"
clientAddress: "localhost:36379"
adminAddress: "localhost:36531"
startupRole: FOLLOWER
,id: "s1"
address: "localhost:35679"
dataStreamAddress: "localhost:42433"
clientAddress: "localhost:41371"
adminAddress: "localhost:44855"
startupRole: FOLLOWER
,id: "s2"
address: "localhost:39787"
dataStreamAddress: "localhost:33651"
clientAddress: "localhost:41113"
adminAddress: "localhost:44467"
startupRole: FOLLOWER
, old:)
java.util.concurrent.CompletionException: java.util.concurrent.RejectedExecutionException: Task java.util.concurrent.CompletableFuture$AsyncSupply@66824638 rejected from java.util.concurrent.ThreadPoolExecutor@4ecb30e4[Terminated, pool size = 0, active threads = 0, queued tasks = 0, completed tasks = 0]
	at java.base/java.util.concurrent.CompletableFuture.encodeThrowable(CompletableFuture.java:314)
	at java.base/java.util.concurrent.CompletableFuture.uniComposeStage(CompletableFuture.java:1113)
	at java.base/java.util.concurrent.CompletableFuture.thenCompose(CompletableFuture.java:2235)
	at org.apache.ratis.server.impl.RaftServerProxy.appendEntriesAsync(RaftServerProxy.java:634)
	at org.apache.ratis.grpc.server.GrpcServerProtocolService$1.process(GrpcServerProtocolService.java:219)
	at org.apache.ratis.grpc.server.GrpcServerProtocolService$1.process(GrpcServerProtocolService.java:216)
	at org.apache.ratis.grpc.server.GrpcServerProtocolService$ServerRequestStreamObserver.onNext(GrpcServerProtocolService.java:124)
	at org.apache.ratis.thirdparty.io.grpc.stub.ServerCalls$StreamingServerCallHandler$StreamingServerCallListener.onMessage(ServerCalls.java:262)
	at org.apache.ratis.thirdparty.io.grpc.ForwardingServerCallListener.onMessage(ForwardingServerCallListener.java:33)
	at org.apache.ratis.thirdparty.io.grpc.internal.ServerCallImpl$ServerStreamListenerImpl.messagesAvailableInternal(ServerCallImpl.java:332)
	at org.apache.ratis.thirdparty.io.grpc.internal.ServerCallImpl$ServerStreamListenerImpl.messagesAvailable(ServerCallImpl.java:315)
	at org.apache.ratis.thirdparty.io.grpc.internal.ServerImpl$JumpToApplicationThreadServerStreamListener$1MessagesAvailable.runInContext(ServerImpl.java:834)
	at org.apache.ratis.thirdparty.io.grpc.internal.ContextRunnable.run(ContextRunnable.java:37)
	at org.apache.ratis.thirdparty.io.grpc.internal.SerializingExecutor.run(SerializingExecutor.java:133)
	at java.base/java.util.concurrent.ThreadPoolExecutor.runWorker(ThreadPoolExecutor.java:1128)
	at java.base/java.util.concurrent.ThreadPoolExecutor$Worker.run(ThreadPoolExecutor.java:628)
	at java.base/java.lang.Thread.run(Thread.java:829)
Caused by: java.util.concurrent.RejectedExecutionException: Task java.util.concurrent.CompletableFuture$AsyncSupply@66824638 rejected from java.util.concurrent.ThreadPoolExecutor@4ecb30e4[Terminated, pool size = 0, active threads = 0, queued tasks = 0, completed tasks = 0]
	at java.base/java.util.concurrent.ThreadPoolExecutor$AbortPolicy.rejectedExecution(ThreadPoolExecutor.java:2055)
	at java.base/java.util.concurrent.ThreadPoolExecutor.reject(ThreadPoolExecutor.java:825)
	at java.base/java.util.concurrent.ThreadPoolExecutor.execute(ThreadPoolExecutor.java:1355)
	at java.base/java.util.concurrent.CompletableFuture.asyncSupplyStage(CompletableFuture.java:1714)
	at java.base/java.util.concurrent.CompletableFuture.supplyAsync(CompletableFuture.java:1931)
	at org.apache.ratis.server.impl.RaftServerImpl.executeSubmitServerRequestAsync(RaftServerImpl.java:817)
	at org.apache.ratis.server.impl.RaftServerProxy.lambda$appendEntriesAsync$27(RaftServerProxy.java:634)
	at java.base/java.util.concurrent.CompletableFuture.uniComposeStage(CompletableFuture.java:1106)
	... 15 more
2023-02-09 08:26:13,085 [grpc-default-executor-8] WARN  server.GrpcLogAppender (LogUtils.java:warn(124)) - s1@group-5D8BFF2AC38C->s0-AppendLogResponseHandler: Failed appendEntries
java.util.concurrent.RejectedExecutionException: Task java.util.concurrent.CompletableFuture$AsyncSupply@66824638 rejected from java.util.concurrent.ThreadPoolExecutor@4ecb30e4[Terminated, pool size = 0, active threads = 0, queued tasks = 0, completed tasks = 0]
	at java.base/java.util.concurrent.ThreadPoolExecutor$AbortPolicy.rejectedExecution(ThreadPoolExecutor.java:2055)
	at java.base/java.util.concurrent.ThreadPoolExecutor.reject(ThreadPoolExecutor.java:825)
	at java.base/java.util.concurrent.ThreadPoolExecutor.execute(ThreadPoolExecutor.java:1355)
	at java.base/java.util.concurrent.CompletableFuture.asyncSupplyStage(CompletableFuture.java:1714)
	at java.base/java.util.concurrent.CompletableFuture.supplyAsync(CompletableFuture.java:1931)
	at org.apache.ratis.server.impl.RaftServerImpl.executeSubmitServerRequestAsync(RaftServerImpl.java:817)
	at org.apache.ratis.server.impl.RaftServerProxy.lambda$appendEntriesAsync$27(RaftServerProxy.java:634)
	at java.base/java.util.concurrent.CompletableFuture.uniComposeStage(CompletableFuture.java:1106)
	at java.base/java.util.concurrent.CompletableFuture.thenCompose(CompletableFuture.java:2235)
	at org.apache.ratis.server.impl.RaftServerProxy.appendEntriesAsync(RaftServerProxy.java:634)
	at org.apache.ratis.grpc.server.GrpcServerProtocolService$1.process(GrpcServerProtocolService.java:219)
	at org.apache.ratis.grpc.server.GrpcServerProtocolService$1.process(GrpcServerProtocolService.java:216)
	at org.apache.ratis.grpc.server.GrpcServerProtocolService$ServerRequestStreamObserver.onNext(GrpcServerProtocolService.java:124)
	at org.apache.ratis.thirdparty.io.grpc.stub.ServerCalls$StreamingServerCallHandler$StreamingServerCallListener.onMessage(ServerCalls.java:262)
	at org.apache.ratis.thirdparty.io.grpc.ForwardingServerCallListener.onMessage(ForwardingServerCallListener.java:33)
	at org.apache.ratis.thirdparty.io.grpc.internal.ServerCallImpl$ServerStreamListenerImpl.messagesAvailableInternal(ServerCallImpl.java:332)
	at org.apache.ratis.thirdparty.io.grpc.internal.ServerCallImpl$ServerStreamListenerImpl.messagesAvailable(ServerCallImpl.java:315)
	at org.apache.ratis.thirdparty.io.grpc.internal.ServerImpl$JumpToApplicationThreadServerStreamListener$1MessagesAvailable.runInContext(ServerImpl.java:834)
	at org.apache.ratis.thirdparty.io.grpc.internal.ContextRunnable.run(ContextRunnable.java:37)
	at org.apache.ratis.thirdparty.io.grpc.internal.SerializingExecutor.run(SerializingExecutor.java:133)
	at java.base/java.util.concurrent.ThreadPoolExecutor.runWorker(ThreadPoolExecutor.java:1128)
	at java.base/java.util.concurrent.ThreadPoolExecutor$Worker.run(ThreadPoolExecutor.java:628)
	at java.base/java.lang.Thread.run(Thread.java:829)
2023-02-09 08:26:13,086 [grpc-default-executor-8] INFO  leader.FollowerInfo (FollowerInfoImpl.java:lambda$new$0(52)) - s1@group-5D8BFF2AC38C->s0: nextIndex: updateUnconditionally 147 -> 83
2023-02-09 08:26:13,086 [s2-server-thread1] DEBUG raftlog.RaftLog (SegmentedRaftLog.java:appendImpl(446)) - truncateIndex=-1, arrayIndex=0
2023-02-09 08:26:13,087 [s1@group-5D8BFF2AC38C-StateMachineUpdater] INFO  impl.SimpleStateMachine4Testing (SimpleStateMachine4Testing.java:put(205)) - s1: put 147, m71 -> (t:2, i:147), STATEMACHINELOGENTRY, 457@client-F516C80A2025
2023-02-09 08:26:13,087 [s2-server-thread1] DEBUG raftlog.RaftLog (SegmentedRaftLog.java:appendImpl(446)) - truncateIndex=-1, arrayIndex=0
2023-02-09 08:26:13,088 [grpc-default-executor-7] WARN  server.GrpcServerProtocolService (LogUtils.java:warn(124)) - s0: Failed APPEND_ENTRIES request s1->s0#129-t2,previous=(t:1, i:82),leaderCommit=146,initializing? true,entries: size=65, first=(t:2, i:83), CONFIGURATIONENTRY(current:id: "s0"
address: "localhost:42371"
dataStreamAddress: "localhost:43129"
clientAddress: "localhost:36379"
adminAddress: "localhost:36531"
startupRole: FOLLOWER
,id: "s1"
address: "localhost:35679"
dataStreamAddress: "localhost:42433"
clientAddress: "localhost:41371"
adminAddress: "localhost:44855"
startupRole: FOLLOWER
,id: "s2"
address: "localhost:39787"
dataStreamAddress: "localhost:33651"
clientAddress: "localhost:41113"
adminAddress: "localhost:44467"
startupRole: FOLLOWER
, old:)
java.util.concurrent.CompletionException: java.util.concurrent.RejectedExecutionException: Task java.util.concurrent.CompletableFuture$AsyncSupply@61b8f96e rejected from java.util.concurrent.ThreadPoolExecutor@4ecb30e4[Terminated, pool size = 0, active threads = 0, queued tasks = 0, completed tasks = 0]
	at java.base/java.util.concurrent.CompletableFuture.encodeThrowable(CompletableFuture.java:314)
	at java.base/java.util.concurrent.CompletableFuture.uniComposeStage(CompletableFuture.java:1113)
	at java.base/java.util.concurrent.CompletableFuture.thenCompose(CompletableFuture.java:2235)
	at org.apache.ratis.server.impl.RaftServerProxy.appendEntriesAsync(RaftServerProxy.java:634)
	at org.apache.ratis.grpc.server.GrpcServerProtocolService$1.process(GrpcServerProtocolService.java:219)
	at org.apache.ratis.grpc.server.GrpcServerProtocolService$1.process(GrpcServerProtocolService.java:216)
	at org.apache.ratis.grpc.server.GrpcServerProtocolService$ServerRequestStreamObserver.onNext(GrpcServerProtocolService.java:124)
	at org.apache.ratis.thirdparty.io.grpc.stub.ServerCalls$StreamingServerCallHandler$StreamingServerCallListener.onMessage(ServerCalls.java:262)
	at org.apache.ratis.thirdparty.io.grpc.ForwardingServerCallListener.onMessage(ForwardingServerCallListener.java:33)
	at org.apache.ratis.thirdparty.io.grpc.internal.ServerCallImpl$ServerStreamListenerImpl.messagesAvailableInternal(ServerCallImpl.java:332)
	at org.apache.ratis.thirdparty.io.grpc.internal.ServerCallImpl$ServerStreamListenerImpl.messagesAvailable(ServerCallImpl.java:315)
	at org.apache.ratis.thirdparty.io.grpc.internal.ServerImpl$JumpToApplicationThreadServerStreamListener$1MessagesAvailable.runInContext(ServerImpl.java:834)
	at org.apache.ratis.thirdparty.io.grpc.internal.ContextRunnable.run(ContextRunnable.java:37)
	at org.apache.ratis.thirdparty.io.grpc.internal.SerializingExecutor.run(SerializingExecutor.java:133)
	at java.base/java.util.concurrent.ThreadPoolExecutor.runWorker(ThreadPoolExecutor.java:1128)
	at java.base/java.util.concurrent.ThreadPoolExecutor$Worker.run(ThreadPoolExecutor.java:628)
	at java.base/java.lang.Thread.run(Thread.java:829)
Caused by: java.util.concurrent.RejectedExecutionException: Task java.util.concurrent.CompletableFuture$AsyncSupply@61b8f96e rejected from java.util.concurrent.ThreadPoolExecutor@4ecb30e4[Terminated, pool size = 0, active threads = 0, queued tasks = 0, completed tasks = 0]
	at java.base/java.util.concurrent.ThreadPoolExecutor$AbortPolicy.rejectedExecution(ThreadPoolExecutor.java:2055)
	at java.base/java.util.concurrent.ThreadPoolExecutor.reject(ThreadPoolExecutor.java:825)
	at java.base/java.util.concurrent.ThreadPoolExecutor.execute(ThreadPoolExecutor.java:1355)
	at java.base/java.util.concurrent.CompletableFuture.asyncSupplyStage(CompletableFuture.java:1714)
	at java.base/java.util.concurrent.CompletableFuture.supplyAsync(CompletableFuture.java:1931)
	at org.apache.ratis.server.impl.RaftServerImpl.executeSubmitServerRequestAsync(RaftServerImpl.java:817)
	at org.apache.ratis.server.impl.RaftServerProxy.lambda$appendEntriesAsync$27(RaftServerProxy.java:634)
	at java.base/java.util.concurrent.CompletableFuture.uniComposeStage(CompletableFuture.java:1106)
	... 15 more
2023-02-09 08:26:13,088 [s2@group-5D8BFF2AC38C-StateMachineUpdater] INFO  impl.SimpleStateMachine4Testing (SimpleStateMachine4Testing.java:put(205)) - s2: put 147, m71 -> (t:2, i:147), STATEMACHINELOGENTRY, 457@client-F516C80A2025
2023-02-09 08:26:13,090 [grpc-default-executor-8] WARN  server.GrpcLogAppender (LogUtils.java:warn(124)) - s1@group-5D8BFF2AC38C->s0-AppendLogResponseHandler: Failed appendEntries
java.util.concurrent.RejectedExecutionException: Task java.util.concurrent.CompletableFuture$AsyncSupply@61b8f96e rejected from java.util.concurrent.ThreadPoolExecutor@4ecb30e4[Terminated, pool size = 0, active threads = 0, queued tasks = 0, completed tasks = 0]
	at java.base/java.util.concurrent.ThreadPoolExecutor$AbortPolicy.rejectedExecution(ThreadPoolExecutor.java:2055)
	at java.base/java.util.concurrent.ThreadPoolExecutor.reject(ThreadPoolExecutor.java:825)
	at java.base/java.util.concurrent.ThreadPoolExecutor.execute(ThreadPoolExecutor.java:1355)
	at java.base/java.util.concurrent.CompletableFuture.asyncSupplyStage(CompletableFuture.java:1714)
	at java.base/java.util.concurrent.CompletableFuture.supplyAsync(CompletableFuture.java:1931)
	at org.apache.ratis.server.impl.RaftServerImpl.executeSubmitServerRequestAsync(RaftServerImpl.java:817)
	at org.apache.ratis.server.impl.RaftServerProxy.lambda$appendEntriesAsync$27(RaftServerProxy.java:634)
	at java.base/java.util.concurrent.CompletableFuture.uniComposeStage(CompletableFuture.java:1106)
	at java.base/java.util.concurrent.CompletableFuture.thenCompose(CompletableFuture.java:2235)
	at org.apache.ratis.server.impl.RaftServerProxy.appendEntriesAsync(RaftServerProxy.java:634)
	at org.apache.ratis.grpc.server.GrpcServerProtocolService$1.process(GrpcServerProtocolService.java:219)
	at org.apache.ratis.grpc.server.GrpcServerProtocolService$1.process(GrpcServerProtocolService.java:216)
	at org.apache.ratis.grpc.server.GrpcServerProtocolService$ServerRequestStreamObserver.onNext(GrpcServerProtocolService.java:124)
	at org.apache.ratis.thirdparty.io.grpc.stub.ServerCalls$StreamingServerCallHandler$StreamingServerCallListener.onMessage(ServerCalls.java:262)
	at org.apache.ratis.thirdparty.io.grpc.ForwardingServerCallListener.onMessage(ForwardingServerCallListener.java:33)
	at org.apache.ratis.thirdparty.io.grpc.internal.ServerCallImpl$ServerStreamListenerImpl.messagesAvailableInternal(ServerCallImpl.java:332)
	at org.apache.ratis.thirdparty.io.grpc.internal.ServerCallImpl$ServerStreamListenerImpl.messagesAvailable(ServerCallImpl.java:315)
	at org.apache.ratis.thirdparty.io.grpc.internal.ServerImpl$JumpToApplicationThreadServerStreamListener$1MessagesAvailable.runInContext(ServerImpl.java:834)
	at org.apache.ratis.thirdparty.io.grpc.internal.ContextRunnable.run(ContextRunnable.java:37)
	at org.apache.ratis.thirdparty.io.grpc.internal.SerializingExecutor.run(SerializingExecutor.java:133)
	at java.base/java.util.concurrent.ThreadPoolExecutor.runWorker(ThreadPoolExecutor.java:1128)
	at java.base/java.util.concurrent.ThreadPoolExecutor$Worker.run(ThreadPoolExecutor.java:628)
	at java.base/java.lang.Thread.run(Thread.java:829)
2023-02-09 08:26:13,090 [grpc-default-executor-8] INFO  leader.FollowerInfo (FollowerInfoImpl.java:lambda$new$0(52)) - s1@group-5D8BFF2AC38C->s0: nextIndex: updateUnconditionally 148 -> 83
2023-02-09 08:26:13,092 [s2-server-thread1] DEBUG raftlog.RaftLog (SegmentedRaftLog.java:appendImpl(446)) - truncateIndex=-1, arrayIndex=0
2023-02-09 08:26:13,092 [grpc-default-executor-8] WARN  server.GrpcServerProtocolService (LogUtils.java:warn(124)) - s0: Failed APPEND_ENTRIES request s1->s0#132-t2,previous=(t:1, i:82),leaderCommit=148,initializing? true,entries: size=67, first=(t:2, i:83), CONFIGURATIONENTRY(current:id: "s0"
address: "localhost:42371"
dataStreamAddress: "localhost:43129"
clientAddress: "localhost:36379"
adminAddress: "localhost:36531"
startupRole: FOLLOWER
,id: "s1"
address: "localhost:35679"
dataStreamAddress: "localhost:42433"
clientAddress: "localhost:41371"
adminAddress: "localhost:44855"
startupRole: FOLLOWER
,id: "s2"
address: "localhost:39787"
dataStreamAddress: "localhost:33651"
clientAddress: "localhost:41113"
adminAddress: "localhost:44467"
startupRole: FOLLOWER
, old:)
java.util.concurrent.CompletionException: java.util.concurrent.RejectedExecutionException: Task java.util.concurrent.CompletableFuture$AsyncSupply@de86239 rejected from java.util.concurrent.ThreadPoolExecutor@4ecb30e4[Terminated, pool size = 0, active threads = 0, queued tasks = 0, completed tasks = 0]
	at java.base/java.util.concurrent.CompletableFuture.encodeThrowable(CompletableFuture.java:314)
	at java.base/java.util.concurrent.CompletableFuture.uniComposeStage(CompletableFuture.java:1113)
	at java.base/java.util.concurrent.CompletableFuture.thenCompose(CompletableFuture.java:2235)
	at org.apache.ratis.server.impl.RaftServerProxy.appendEntriesAsync(RaftServerProxy.java:634)
	at org.apache.ratis.grpc.server.GrpcServerProtocolService$1.process(GrpcServerProtocolService.java:219)
	at org.apache.ratis.grpc.server.GrpcServerProtocolService$1.process(GrpcServerProtocolService.java:216)
	at org.apache.ratis.grpc.server.GrpcServerProtocolService$ServerRequestStreamObserver.onNext(GrpcServerProtocolService.java:124)
	at org.apache.ratis.thirdparty.io.grpc.stub.ServerCalls$StreamingServerCallHandler$StreamingServerCallListener.onMessage(ServerCalls.java:262)
	at org.apache.ratis.thirdparty.io.grpc.ForwardingServerCallListener.onMessage(ForwardingServerCallListener.java:33)
	at org.apache.ratis.thirdparty.io.grpc.internal.ServerCallImpl$ServerStreamListenerImpl.messagesAvailableInternal(ServerCallImpl.java:332)
	at org.apache.ratis.thirdparty.io.grpc.internal.ServerCallImpl$ServerStreamListenerImpl.messagesAvailable(ServerCallImpl.java:315)
	at org.apache.ratis.thirdparty.io.grpc.internal.ServerImpl$JumpToApplicationThreadServerStreamListener$1MessagesAvailable.runInContext(ServerImpl.java:834)
	at org.apache.ratis.thirdparty.io.grpc.internal.ContextRunnable.run(ContextRunnable.java:37)
	at org.apache.ratis.thirdparty.io.grpc.internal.SerializingExecutor.run(SerializingExecutor.java:133)
	at java.base/java.util.concurrent.ThreadPoolExecutor.runWorker(ThreadPoolExecutor.java:1128)
	at java.base/java.util.concurrent.ThreadPoolExecutor$Worker.run(ThreadPoolExecutor.java:628)
	at java.base/java.lang.Thread.run(Thread.java:829)
Caused by: java.util.concurrent.RejectedExecutionException: Task java.util.concurrent.CompletableFuture$AsyncSupply@de86239 rejected from java.util.concurrent.ThreadPoolExecutor@4ecb30e4[Terminated, pool size = 0, active threads = 0, queued tasks = 0, completed tasks = 0]
	at java.base/java.util.concurrent.ThreadPoolExecutor$AbortPolicy.rejectedExecution(ThreadPoolExecutor.java:2055)
	at java.base/java.util.concurrent.ThreadPoolExecutor.reject(ThreadPoolExecutor.java:825)
	at java.base/java.util.concurrent.ThreadPoolExecutor.execute(ThreadPoolExecutor.java:1355)
	at java.base/java.util.concurrent.CompletableFuture.asyncSupplyStage(CompletableFuture.java:1714)
	at java.base/java.util.concurrent.CompletableFuture.supplyAsync(CompletableFuture.java:1931)
	at org.apache.ratis.server.impl.RaftServerImpl.executeSubmitServerRequestAsync(RaftServerImpl.java:817)
	at org.apache.ratis.server.impl.RaftServerProxy.lambda$appendEntriesAsync$27(RaftServerProxy.java:634)
	at java.base/java.util.concurrent.CompletableFuture.uniComposeStage(CompletableFuture.java:1106)
	... 15 more
2023-02-09 08:26:13,094 [s1@group-5D8BFF2AC38C-StateMachineUpdater] INFO  impl.SimpleStateMachine4Testing (SimpleStateMachine4Testing.java:put(205)) - s1: put 149, m72 -> (t:2, i:149), STATEMACHINELOGENTRY, 458@client-F516C80A2025
2023-02-09 08:26:13,094 [grpc-default-executor-8] WARN  server.GrpcLogAppender (LogUtils.java:warn(124)) - s1@group-5D8BFF2AC38C->s0-AppendLogResponseHandler: Failed appendEntries
java.util.concurrent.RejectedExecutionException: Task java.util.concurrent.CompletableFuture$AsyncSupply@de86239 rejected from java.util.concurrent.ThreadPoolExecutor@4ecb30e4[Terminated, pool size = 0, active threads = 0, queued tasks = 0, completed tasks = 0]
	at java.base/java.util.concurrent.ThreadPoolExecutor$AbortPolicy.rejectedExecution(ThreadPoolExecutor.java:2055)
	at java.base/java.util.concurrent.ThreadPoolExecutor.reject(ThreadPoolExecutor.java:825)
	at java.base/java.util.concurrent.ThreadPoolExecutor.execute(ThreadPoolExecutor.java:1355)
	at java.base/java.util.concurrent.CompletableFuture.asyncSupplyStage(CompletableFuture.java:1714)
	at java.base/java.util.concurrent.CompletableFuture.supplyAsync(CompletableFuture.java:1931)
	at org.apache.ratis.server.impl.RaftServerImpl.executeSubmitServerRequestAsync(RaftServerImpl.java:817)
	at org.apache.ratis.server.impl.RaftServerProxy.lambda$appendEntriesAsync$27(RaftServerProxy.java:634)
	at java.base/java.util.concurrent.CompletableFuture.uniComposeStage(CompletableFuture.java:1106)
	at java.base/java.util.concurrent.CompletableFuture.thenCompose(CompletableFuture.java:2235)
	at org.apache.ratis.server.impl.RaftServerProxy.appendEntriesAsync(RaftServerProxy.java:634)
	at org.apache.ratis.grpc.server.GrpcServerProtocolService$1.process(GrpcServerProtocolService.java:219)
	at org.apache.ratis.grpc.server.GrpcServerProtocolService$1.process(GrpcServerProtocolService.java:216)
	at org.apache.ratis.grpc.server.GrpcServerProtocolService$ServerRequestStreamObserver.onNext(GrpcServerProtocolService.java:124)
	at org.apache.ratis.thirdparty.io.grpc.stub.ServerCalls$StreamingServerCallHandler$StreamingServerCallListener.onMessage(ServerCalls.java:262)
	at org.apache.ratis.thirdparty.io.grpc.ForwardingServerCallListener.onMessage(ForwardingServerCallListener.java:33)
	at org.apache.ratis.thirdparty.io.grpc.internal.ServerCallImpl$ServerStreamListenerImpl.messagesAvailableInternal(ServerCallImpl.java:332)
	at org.apache.ratis.thirdparty.io.grpc.internal.ServerCallImpl$ServerStreamListenerImpl.messagesAvailable(ServerCallImpl.java:315)
	at org.apache.ratis.thirdparty.io.grpc.internal.ServerImpl$JumpToApplicationThreadServerStreamListener$1MessagesAvailable.runInContext(ServerImpl.java:834)
	at org.apache.ratis.thirdparty.io.grpc.internal.ContextRunnable.run(ContextRunnable.java:37)
	at org.apache.ratis.thirdparty.io.grpc.internal.SerializingExecutor.run(SerializingExecutor.java:133)
	at java.base/java.util.concurrent.ThreadPoolExecutor.runWorker(ThreadPoolExecutor.java:1128)
	at java.base/java.util.concurrent.ThreadPoolExecutor$Worker.run(ThreadPoolExecutor.java:628)
	at java.base/java.lang.Thread.run(Thread.java:829)
2023-02-09 08:26:13,095 [s2-server-thread1] DEBUG raftlog.RaftLog (SegmentedRaftLog.java:appendImpl(446)) - truncateIndex=-1, arrayIndex=0
2023-02-09 08:26:13,095 [grpc-default-executor-8] INFO  leader.FollowerInfo (FollowerInfoImpl.java:lambda$new$0(52)) - s1@group-5D8BFF2AC38C->s0: nextIndex: updateUnconditionally 150 -> 83
2023-02-09 08:26:13,095 [s2@group-5D8BFF2AC38C-StateMachineUpdater] INFO  impl.SimpleStateMachine4Testing (SimpleStateMachine4Testing.java:put(205)) - s2: put 149, m72 -> (t:2, i:149), STATEMACHINELOGENTRY, 458@client-F516C80A2025
2023-02-09 08:26:13,097 [grpc-default-executor-8] WARN  server.GrpcServerProtocolService (LogUtils.java:warn(124)) - s0: Failed APPEND_ENTRIES request s1->s0#135-t2,previous=(t:1, i:82),leaderCommit=149,initializing? true,entries: size=68, first=(t:2, i:83), CONFIGURATIONENTRY(current:id: "s0"
address: "localhost:42371"
dataStreamAddress: "localhost:43129"
clientAddress: "localhost:36379"
adminAddress: "localhost:36531"
startupRole: FOLLOWER
,id: "s1"
address: "localhost:35679"
dataStreamAddress: "localhost:42433"
clientAddress: "localhost:41371"
adminAddress: "localhost:44855"
startupRole: FOLLOWER
,id: "s2"
address: "localhost:39787"
dataStreamAddress: "localhost:33651"
clientAddress: "localhost:41113"
adminAddress: "localhost:44467"
startupRole: FOLLOWER
, old:)
java.util.concurrent.CompletionException: java.util.concurrent.RejectedExecutionException: Task java.util.concurrent.CompletableFuture$AsyncSupply@1b0080c7 rejected from java.util.concurrent.ThreadPoolExecutor@4ecb30e4[Terminated, pool size = 0, active threads = 0, queued tasks = 0, completed tasks = 0]
	at java.base/java.util.concurrent.CompletableFuture.encodeThrowable(CompletableFuture.java:314)
	at java.base/java.util.concurrent.CompletableFuture.uniComposeStage(CompletableFuture.java:1113)
	at java.base/java.util.concurrent.CompletableFuture.thenCompose(CompletableFuture.java:2235)
	at org.apache.ratis.server.impl.RaftServerProxy.appendEntriesAsync(RaftServerProxy.java:634)
	at org.apache.ratis.grpc.server.GrpcServerProtocolService$1.process(GrpcServerProtocolService.java:219)
	at org.apache.ratis.grpc.server.GrpcServerProtocolService$1.process(GrpcServerProtocolService.java:216)
	at org.apache.ratis.grpc.server.GrpcServerProtocolService$ServerRequestStreamObserver.onNext(GrpcServerProtocolService.java:124)
	at org.apache.ratis.thirdparty.io.grpc.stub.ServerCalls$StreamingServerCallHandler$StreamingServerCallListener.onMessage(ServerCalls.java:262)
	at org.apache.ratis.thirdparty.io.grpc.ForwardingServerCallListener.onMessage(ForwardingServerCallListener.java:33)
	at org.apache.ratis.thirdparty.io.grpc.internal.ServerCallImpl$ServerStreamListenerImpl.messagesAvailableInternal(ServerCallImpl.java:332)
	at org.apache.ratis.thirdparty.io.grpc.internal.ServerCallImpl$ServerStreamListenerImpl.messagesAvailable(ServerCallImpl.java:315)
	at org.apache.ratis.thirdparty.io.grpc.internal.ServerImpl$JumpToApplicationThreadServerStreamListener$1MessagesAvailable.runInContext(ServerImpl.java:834)
	at org.apache.ratis.thirdparty.io.grpc.internal.ContextRunnable.run(ContextRunnable.java:37)
	at org.apache.ratis.thirdparty.io.grpc.internal.SerializingExecutor.run(SerializingExecutor.java:133)
	at java.base/java.util.concurrent.ThreadPoolExecutor.runWorker(ThreadPoolExecutor.java:1128)
	at java.base/java.util.concurrent.ThreadPoolExecutor$Worker.run(ThreadPoolExecutor.java:628)
	at java.base/java.lang.Thread.run(Thread.java:829)
Caused by: java.util.concurrent.RejectedExecutionException: Task java.util.concurrent.CompletableFuture$AsyncSupply@1b0080c7 rejected from java.util.concurrent.ThreadPoolExecutor@4ecb30e4[Terminated, pool size = 0, active threads = 0, queued tasks = 0, completed tasks = 0]
	at java.base/java.util.concurrent.ThreadPoolExecutor$AbortPolicy.rejectedExecution(ThreadPoolExecutor.java:2055)
	at java.base/java.util.concurrent.ThreadPoolExecutor.reject(ThreadPoolExecutor.java:825)
	at java.base/java.util.concurrent.ThreadPoolExecutor.execute(ThreadPoolExecutor.java:1355)
	at java.base/java.util.concurrent.CompletableFuture.asyncSupplyStage(CompletableFuture.java:1714)
	at java.base/java.util.concurrent.CompletableFuture.supplyAsync(CompletableFuture.java:1931)
	at org.apache.ratis.server.impl.RaftServerImpl.executeSubmitServerRequestAsync(RaftServerImpl.java:817)
	at org.apache.ratis.server.impl.RaftServerProxy.lambda$appendEntriesAsync$27(RaftServerProxy.java:634)
	at java.base/java.util.concurrent.CompletableFuture.uniComposeStage(CompletableFuture.java:1106)
	... 15 more
2023-02-09 08:26:13,097 [s2-server-thread1] DEBUG raftlog.RaftLog (SegmentedRaftLog.java:appendImpl(446)) - truncateIndex=-1, arrayIndex=0
2023-02-09 08:26:13,098 [s1@group-5D8BFF2AC38C-StateMachineUpdater] INFO  impl.SimpleStateMachine4Testing (SimpleStateMachine4Testing.java:put(205)) - s1: put 151, m73 -> (t:2, i:151), STATEMACHINELOGENTRY, 459@client-F516C80A2025
2023-02-09 08:26:13,099 [s2-server-thread1] DEBUG raftlog.RaftLog (SegmentedRaftLog.java:appendImpl(446)) - truncateIndex=-1, arrayIndex=0
2023-02-09 08:26:13,099 [s2@group-5D8BFF2AC38C-StateMachineUpdater] INFO  impl.SimpleStateMachine4Testing (SimpleStateMachine4Testing.java:put(205)) - s2: put 151, m73 -> (t:2, i:151), STATEMACHINELOGENTRY, 459@client-F516C80A2025
2023-02-09 08:26:13,103 [grpc-default-executor-8] WARN  server.GrpcLogAppender (LogUtils.java:warn(124)) - s1@group-5D8BFF2AC38C->s0-AppendLogResponseHandler: Failed appendEntries
java.util.concurrent.RejectedExecutionException: Task java.util.concurrent.CompletableFuture$AsyncSupply@1b0080c7 rejected from java.util.concurrent.ThreadPoolExecutor@4ecb30e4[Terminated, pool size = 0, active threads = 0, queued tasks = 0, completed tasks = 0]
	at java.base/java.util.concurrent.ThreadPoolExecutor$AbortPolicy.rejectedExecution(ThreadPoolExecutor.java:2055)
	at java.base/java.util.concurrent.ThreadPoolExecutor.reject(ThreadPoolExecutor.java:825)
	at java.base/java.util.concurrent.ThreadPoolExecutor.execute(ThreadPoolExecutor.java:1355)
	at java.base/java.util.concurrent.CompletableFuture.asyncSupplyStage(CompletableFuture.java:1714)
	at java.base/java.util.concurrent.CompletableFuture.supplyAsync(CompletableFuture.java:1931)
	at org.apache.ratis.server.impl.RaftServerImpl.executeSubmitServerRequestAsync(RaftServerImpl.java:817)
	at org.apache.ratis.server.impl.RaftServerProxy.lambda$appendEntriesAsync$27(RaftServerProxy.java:634)
	at java.base/java.util.concurrent.CompletableFuture.uniComposeStage(CompletableFuture.java:1106)
	at java.base/java.util.concurrent.CompletableFuture.thenCompose(CompletableFuture.java:2235)
	at org.apache.ratis.server.impl.RaftServerProxy.appendEntriesAsync(RaftServerProxy.java:634)
	at org.apache.ratis.grpc.server.GrpcServerProtocolService$1.process(GrpcServerProtocolService.java:219)
	at org.apache.ratis.grpc.server.GrpcServerProtocolService$1.process(GrpcServerProtocolService.java:216)
	at org.apache.ratis.grpc.server.GrpcServerProtocolService$ServerRequestStreamObserver.onNext(GrpcServerProtocolService.java:124)
	at org.apache.ratis.thirdparty.io.grpc.stub.ServerCalls$StreamingServerCallHandler$StreamingServerCallListener.onMessage(ServerCalls.java:262)
	at org.apache.ratis.thirdparty.io.grpc.ForwardingServerCallListener.onMessage(ForwardingServerCallListener.java:33)
	at org.apache.ratis.thirdparty.io.grpc.internal.ServerCallImpl$ServerStreamListenerImpl.messagesAvailableInternal(ServerCallImpl.java:332)
	at org.apache.ratis.thirdparty.io.grpc.internal.ServerCallImpl$ServerStreamListenerImpl.messagesAvailable(ServerCallImpl.java:315)
	at org.apache.ratis.thirdparty.io.grpc.internal.ServerImpl$JumpToApplicationThreadServerStreamListener$1MessagesAvailable.runInContext(ServerImpl.java:834)
	at org.apache.ratis.thirdparty.io.grpc.internal.ContextRunnable.run(ContextRunnable.java:37)
	at org.apache.ratis.thirdparty.io.grpc.internal.SerializingExecutor.run(SerializingExecutor.java:133)
	at java.base/java.util.concurrent.ThreadPoolExecutor.runWorker(ThreadPoolExecutor.java:1128)
	at java.base/java.util.concurrent.ThreadPoolExecutor$Worker.run(ThreadPoolExecutor.java:628)
	at java.base/java.lang.Thread.run(Thread.java:829)
2023-02-09 08:26:13,103 [grpc-default-executor-8] INFO  leader.FollowerInfo (FollowerInfoImpl.java:lambda$new$0(52)) - s1@group-5D8BFF2AC38C->s0: nextIndex: updateUnconditionally 151 -> 83
2023-02-09 08:26:13,104 [grpc-default-executor-7] WARN  server.GrpcServerProtocolService (LogUtils.java:warn(124)) - s0: Failed APPEND_ENTRIES request s1->s0#140-t2,previous=(t:1, i:82),leaderCommit=152,initializing? true,entries: size=71, first=(t:2, i:83), CONFIGURATIONENTRY(current:id: "s0"
address: "localhost:42371"
dataStreamAddress: "localhost:43129"
clientAddress: "localhost:36379"
adminAddress: "localhost:36531"
startupRole: FOLLOWER
,id: "s1"
address: "localhost:35679"
dataStreamAddress: "localhost:42433"
clientAddress: "localhost:41371"
adminAddress: "localhost:44855"
startupRole: FOLLOWER
,id: "s2"
address: "localhost:39787"
dataStreamAddress: "localhost:33651"
clientAddress: "localhost:41113"
adminAddress: "localhost:44467"
startupRole: FOLLOWER
, old:)
java.util.concurrent.CompletionException: java.util.concurrent.RejectedExecutionException: Task java.util.concurrent.CompletableFuture$AsyncSupply@69ef94bb rejected from java.util.concurrent.ThreadPoolExecutor@4ecb30e4[Terminated, pool size = 0, active threads = 0, queued tasks = 0, completed tasks = 0]
	at java.base/java.util.concurrent.CompletableFuture.encodeThrowable(CompletableFuture.java:314)
	at java.base/java.util.concurrent.CompletableFuture.uniComposeStage(CompletableFuture.java:1113)
	at java.base/java.util.concurrent.CompletableFuture.thenCompose(CompletableFuture.java:2235)
	at org.apache.ratis.server.impl.RaftServerProxy.appendEntriesAsync(RaftServerProxy.java:634)
	at org.apache.ratis.grpc.server.GrpcServerProtocolService$1.process(GrpcServerProtocolService.java:219)
	at org.apache.ratis.grpc.server.GrpcServerProtocolService$1.process(GrpcServerProtocolService.java:216)
	at org.apache.ratis.grpc.server.GrpcServerProtocolService$ServerRequestStreamObserver.onNext(GrpcServerProtocolService.java:124)
	at org.apache.ratis.thirdparty.io.grpc.stub.ServerCalls$StreamingServerCallHandler$StreamingServerCallListener.onMessage(ServerCalls.java:262)
	at org.apache.ratis.thirdparty.io.grpc.ForwardingServerCallListener.onMessage(ForwardingServerCallListener.java:33)
	at org.apache.ratis.thirdparty.io.grpc.internal.ServerCallImpl$ServerStreamListenerImpl.messagesAvailableInternal(ServerCallImpl.java:332)
	at org.apache.ratis.thirdparty.io.grpc.internal.ServerCallImpl$ServerStreamListenerImpl.messagesAvailable(ServerCallImpl.java:315)
	at org.apache.ratis.thirdparty.io.grpc.internal.ServerImpl$JumpToApplicationThreadServerStreamListener$1MessagesAvailable.runInContext(ServerImpl.java:834)
	at org.apache.ratis.thirdparty.io.grpc.internal.ContextRunnable.run(ContextRunnable.java:37)
	at org.apache.ratis.thirdparty.io.grpc.internal.SerializingExecutor.run(SerializingExecutor.java:133)
	at java.base/java.util.concurrent.ThreadPoolExecutor.runWorker(ThreadPoolExecutor.java:1128)
	at java.base/java.util.concurrent.ThreadPoolExecutor$Worker.run(ThreadPoolExecutor.java:628)
	at java.base/java.lang.Thread.run(Thread.java:829)
Caused by: java.util.concurrent.RejectedExecutionException: Task java.util.concurrent.CompletableFuture$AsyncSupply@69ef94bb rejected from java.util.concurrent.ThreadPoolExecutor@4ecb30e4[Terminated, pool size = 0, active threads = 0, queued tasks = 0, completed tasks = 0]
	at java.base/java.util.concurrent.ThreadPoolExecutor$AbortPolicy.rejectedExecution(ThreadPoolExecutor.java:2055)
	at java.base/java.util.concurrent.ThreadPoolExecutor.reject(ThreadPoolExecutor.java:825)
	at java.base/java.util.concurrent.ThreadPoolExecutor.execute(ThreadPoolExecutor.java:1355)
	at java.base/java.util.concurrent.CompletableFuture.asyncSupplyStage(CompletableFuture.java:1714)
	at java.base/java.util.concurrent.CompletableFuture.supplyAsync(CompletableFuture.java:1931)
	at org.apache.ratis.server.impl.RaftServerImpl.executeSubmitServerRequestAsync(RaftServerImpl.java:817)
	at org.apache.ratis.server.impl.RaftServerProxy.lambda$appendEntriesAsync$27(RaftServerProxy.java:634)
	at java.base/java.util.concurrent.CompletableFuture.uniComposeStage(CompletableFuture.java:1106)
	... 15 more
2023-02-09 08:26:13,105 [s2-server-thread1] DEBUG raftlog.RaftLog (SegmentedRaftLog.java:appendImpl(446)) - truncateIndex=-1, arrayIndex=0
2023-02-09 08:26:13,106 [grpc-default-executor-8] WARN  server.GrpcLogAppender (LogUtils.java:warn(124)) - s1@group-5D8BFF2AC38C->s0-AppendLogResponseHandler: Failed appendEntries
java.util.concurrent.RejectedExecutionException: Task java.util.concurrent.CompletableFuture$AsyncSupply@69ef94bb rejected from java.util.concurrent.ThreadPoolExecutor@4ecb30e4[Terminated, pool size = 0, active threads = 0, queued tasks = 0, completed tasks = 0]
	at java.base/java.util.concurrent.ThreadPoolExecutor$AbortPolicy.rejectedExecution(ThreadPoolExecutor.java:2055)
	at java.base/java.util.concurrent.ThreadPoolExecutor.reject(ThreadPoolExecutor.java:825)
	at java.base/java.util.concurrent.ThreadPoolExecutor.execute(ThreadPoolExecutor.java:1355)
	at java.base/java.util.concurrent.CompletableFuture.asyncSupplyStage(CompletableFuture.java:1714)
	at java.base/java.util.concurrent.CompletableFuture.supplyAsync(CompletableFuture.java:1931)
	at org.apache.ratis.server.impl.RaftServerImpl.executeSubmitServerRequestAsync(RaftServerImpl.java:817)
	at org.apache.ratis.server.impl.RaftServerProxy.lambda$appendEntriesAsync$27(RaftServerProxy.java:634)
	at java.base/java.util.concurrent.CompletableFuture.uniComposeStage(CompletableFuture.java:1106)
	at java.base/java.util.concurrent.CompletableFuture.thenCompose(CompletableFuture.java:2235)
	at org.apache.ratis.server.impl.RaftServerProxy.appendEntriesAsync(RaftServerProxy.java:634)
	at org.apache.ratis.grpc.server.GrpcServerProtocolService$1.process(GrpcServerProtocolService.java:219)
	at org.apache.ratis.grpc.server.GrpcServerProtocolService$1.process(GrpcServerProtocolService.java:216)
	at org.apache.ratis.grpc.server.GrpcServerProtocolService$ServerRequestStreamObserver.onNext(GrpcServerProtocolService.java:124)
	at org.apache.ratis.thirdparty.io.grpc.stub.ServerCalls$StreamingServerCallHandler$StreamingServerCallListener.onMessage(ServerCalls.java:262)
	at org.apache.ratis.thirdparty.io.grpc.ForwardingServerCallListener.onMessage(ForwardingServerCallListener.java:33)
	at org.apache.ratis.thirdparty.io.grpc.internal.ServerCallImpl$ServerStreamListenerImpl.messagesAvailableInternal(ServerCallImpl.java:332)
	at org.apache.ratis.thirdparty.io.grpc.internal.ServerCallImpl$ServerStreamListenerImpl.messagesAvailable(ServerCallImpl.java:315)
	at org.apache.ratis.thirdparty.io.grpc.internal.ServerImpl$JumpToApplicationThreadServerStreamListener$1MessagesAvailable.runInContext(ServerImpl.java:834)
	at org.apache.ratis.thirdparty.io.grpc.internal.ContextRunnable.run(ContextRunnable.java:37)
	at org.apache.ratis.thirdparty.io.grpc.internal.SerializingExecutor.run(SerializingExecutor.java:133)
	at java.base/java.util.concurrent.ThreadPoolExecutor.runWorker(ThreadPoolExecutor.java:1128)
	at java.base/java.util.concurrent.ThreadPoolExecutor$Worker.run(ThreadPoolExecutor.java:628)
	at java.base/java.lang.Thread.run(Thread.java:829)
2023-02-09 08:26:13,106 [grpc-default-executor-8] INFO  leader.FollowerInfo (FollowerInfoImpl.java:lambda$new$0(52)) - s1@group-5D8BFF2AC38C->s0: nextIndex: updateUnconditionally 154 -> 83
2023-02-09 08:26:13,107 [s1@group-5D8BFF2AC38C-StateMachineUpdater] INFO  impl.SimpleStateMachine4Testing (SimpleStateMachine4Testing.java:put(205)) - s1: put 153, m74 -> (t:2, i:153), STATEMACHINELOGENTRY, 460@client-F516C80A2025
2023-02-09 08:26:13,107 [s2-server-thread1] DEBUG raftlog.RaftLog (SegmentedRaftLog.java:appendImpl(446)) - truncateIndex=-1, arrayIndex=0
2023-02-09 08:26:13,108 [s2@group-5D8BFF2AC38C-StateMachineUpdater] INFO  impl.SimpleStateMachine4Testing (SimpleStateMachine4Testing.java:put(205)) - s2: put 153, m74 -> (t:2, i:153), STATEMACHINELOGENTRY, 460@client-F516C80A2025
2023-02-09 08:26:13,108 [grpc-default-executor-7] WARN  server.GrpcServerProtocolService (LogUtils.java:warn(124)) - s0: Failed APPEND_ENTRIES request s1->s0#142-t2,previous=(t:1, i:82),leaderCommit=153,initializing? true,entries: size=72, first=(t:2, i:83), CONFIGURATIONENTRY(current:id: "s0"
address: "localhost:42371"
dataStreamAddress: "localhost:43129"
clientAddress: "localhost:36379"
adminAddress: "localhost:36531"
startupRole: FOLLOWER
,id: "s1"
address: "localhost:35679"
dataStreamAddress: "localhost:42433"
clientAddress: "localhost:41371"
adminAddress: "localhost:44855"
startupRole: FOLLOWER
,id: "s2"
address: "localhost:39787"
dataStreamAddress: "localhost:33651"
clientAddress: "localhost:41113"
adminAddress: "localhost:44467"
startupRole: FOLLOWER
, old:)
java.util.concurrent.CompletionException: java.util.concurrent.RejectedExecutionException: Task java.util.concurrent.CompletableFuture$AsyncSupply@4a460650 rejected from java.util.concurrent.ThreadPoolExecutor@4ecb30e4[Terminated, pool size = 0, active threads = 0, queued tasks = 0, completed tasks = 0]
	at java.base/java.util.concurrent.CompletableFuture.encodeThrowable(CompletableFuture.java:314)
	at java.base/java.util.concurrent.CompletableFuture.uniComposeStage(CompletableFuture.java:1113)
	at java.base/java.util.concurrent.CompletableFuture.thenCompose(CompletableFuture.java:2235)
	at org.apache.ratis.server.impl.RaftServerProxy.appendEntriesAsync(RaftServerProxy.java:634)
	at org.apache.ratis.grpc.server.GrpcServerProtocolService$1.process(GrpcServerProtocolService.java:219)
	at org.apache.ratis.grpc.server.GrpcServerProtocolService$1.process(GrpcServerProtocolService.java:216)
	at org.apache.ratis.grpc.server.GrpcServerProtocolService$ServerRequestStreamObserver.onNext(GrpcServerProtocolService.java:124)
	at org.apache.ratis.thirdparty.io.grpc.stub.ServerCalls$StreamingServerCallHandler$StreamingServerCallListener.onMessage(ServerCalls.java:262)
	at org.apache.ratis.thirdparty.io.grpc.ForwardingServerCallListener.onMessage(ForwardingServerCallListener.java:33)
	at org.apache.ratis.thirdparty.io.grpc.internal.ServerCallImpl$ServerStreamListenerImpl.messagesAvailableInternal(ServerCallImpl.java:332)
	at org.apache.ratis.thirdparty.io.grpc.internal.ServerCallImpl$ServerStreamListenerImpl.messagesAvailable(ServerCallImpl.java:315)
	at org.apache.ratis.thirdparty.io.grpc.internal.ServerImpl$JumpToApplicationThreadServerStreamListener$1MessagesAvailable.runInContext(ServerImpl.java:834)
	at org.apache.ratis.thirdparty.io.grpc.internal.ContextRunnable.run(ContextRunnable.java:37)
	at org.apache.ratis.thirdparty.io.grpc.internal.SerializingExecutor.run(SerializingExecutor.java:133)
	at java.base/java.util.concurrent.ThreadPoolExecutor.runWorker(ThreadPoolExecutor.java:1128)
	at java.base/java.util.concurrent.ThreadPoolExecutor$Worker.run(ThreadPoolExecutor.java:628)
	at java.base/java.lang.Thread.run(Thread.java:829)
Caused by: java.util.concurrent.RejectedExecutionException: Task java.util.concurrent.CompletableFuture$AsyncSupply@4a460650 rejected from java.util.concurrent.ThreadPoolExecutor@4ecb30e4[Terminated, pool size = 0, active threads = 0, queued tasks = 0, completed tasks = 0]
	at java.base/java.util.concurrent.ThreadPoolExecutor$AbortPolicy.rejectedExecution(ThreadPoolExecutor.java:2055)
	at java.base/java.util.concurrent.ThreadPoolExecutor.reject(ThreadPoolExecutor.java:825)
	at java.base/java.util.concurrent.ThreadPoolExecutor.execute(ThreadPoolExecutor.java:1355)
	at java.base/java.util.concurrent.CompletableFuture.asyncSupplyStage(CompletableFuture.java:1714)
	at java.base/java.util.concurrent.CompletableFuture.supplyAsync(CompletableFuture.java:1931)
	at org.apache.ratis.server.impl.RaftServerImpl.executeSubmitServerRequestAsync(RaftServerImpl.java:817)
	at org.apache.ratis.server.impl.RaftServerProxy.lambda$appendEntriesAsync$27(RaftServerProxy.java:634)
	at java.base/java.util.concurrent.CompletableFuture.uniComposeStage(CompletableFuture.java:1106)
	... 15 more
2023-02-09 08:26:13,110 [grpc-default-executor-8] WARN  server.GrpcLogAppender (LogUtils.java:warn(124)) - s1@group-5D8BFF2AC38C->s0-AppendLogResponseHandler: Failed appendEntries
java.util.concurrent.RejectedExecutionException: Task java.util.concurrent.CompletableFuture$AsyncSupply@4a460650 rejected from java.util.concurrent.ThreadPoolExecutor@4ecb30e4[Terminated, pool size = 0, active threads = 0, queued tasks = 0, completed tasks = 0]
	at java.base/java.util.concurrent.ThreadPoolExecutor$AbortPolicy.rejectedExecution(ThreadPoolExecutor.java:2055)
	at java.base/java.util.concurrent.ThreadPoolExecutor.reject(ThreadPoolExecutor.java:825)
	at java.base/java.util.concurrent.ThreadPoolExecutor.execute(ThreadPoolExecutor.java:1355)
	at java.base/java.util.concurrent.CompletableFuture.asyncSupplyStage(CompletableFuture.java:1714)
	at java.base/java.util.concurrent.CompletableFuture.supplyAsync(CompletableFuture.java:1931)
	at org.apache.ratis.server.impl.RaftServerImpl.executeSubmitServerRequestAsync(RaftServerImpl.java:817)
	at org.apache.ratis.server.impl.RaftServerProxy.lambda$appendEntriesAsync$27(RaftServerProxy.java:634)
	at java.base/java.util.concurrent.CompletableFuture.uniComposeStage(CompletableFuture.java:1106)
	at java.base/java.util.concurrent.CompletableFuture.thenCompose(CompletableFuture.java:2235)
	at org.apache.ratis.server.impl.RaftServerProxy.appendEntriesAsync(RaftServerProxy.java:634)
	at org.apache.ratis.grpc.server.GrpcServerProtocolService$1.process(GrpcServerProtocolService.java:219)
	at org.apache.ratis.grpc.server.GrpcServerProtocolService$1.process(GrpcServerProtocolService.java:216)
	at org.apache.ratis.grpc.server.GrpcServerProtocolService$ServerRequestStreamObserver.onNext(GrpcServerProtocolService.java:124)
	at org.apache.ratis.thirdparty.io.grpc.stub.ServerCalls$StreamingServerCallHandler$StreamingServerCallListener.onMessage(ServerCalls.java:262)
	at org.apache.ratis.thirdparty.io.grpc.ForwardingServerCallListener.onMessage(ForwardingServerCallListener.java:33)
	at org.apache.ratis.thirdparty.io.grpc.internal.ServerCallImpl$ServerStreamListenerImpl.messagesAvailableInternal(ServerCallImpl.java:332)
	at org.apache.ratis.thirdparty.io.grpc.internal.ServerCallImpl$ServerStreamListenerImpl.messagesAvailable(ServerCallImpl.java:315)
	at org.apache.ratis.thirdparty.io.grpc.internal.ServerImpl$JumpToApplicationThreadServerStreamListener$1MessagesAvailable.runInContext(ServerImpl.java:834)
	at org.apache.ratis.thirdparty.io.grpc.internal.ContextRunnable.run(ContextRunnable.java:37)
	at org.apache.ratis.thirdparty.io.grpc.internal.SerializingExecutor.run(SerializingExecutor.java:133)
	at java.base/java.util.concurrent.ThreadPoolExecutor.runWorker(ThreadPoolExecutor.java:1128)
	at java.base/java.util.concurrent.ThreadPoolExecutor$Worker.run(ThreadPoolExecutor.java:628)
	at java.base/java.lang.Thread.run(Thread.java:829)
2023-02-09 08:26:13,111 [s2-server-thread1] DEBUG raftlog.RaftLog (SegmentedRaftLog.java:appendImpl(446)) - truncateIndex=-1, arrayIndex=0
2023-02-09 08:26:13,111 [grpc-default-executor-8] INFO  leader.FollowerInfo (FollowerInfoImpl.java:lambda$new$0(52)) - s1@group-5D8BFF2AC38C->s0: nextIndex: updateUnconditionally 155 -> 83
2023-02-09 08:26:13,115 [grpc-default-executor-5] WARN  server.GrpcServerProtocolService (LogUtils.java:warn(124)) - s0: Failed APPEND_ENTRIES request s1->s0#146-t2,previous=(t:1, i:82),leaderCommit=154,initializing? true,entries: size=73, first=(t:2, i:83), CONFIGURATIONENTRY(current:id: "s0"
address: "localhost:42371"
dataStreamAddress: "localhost:43129"
clientAddress: "localhost:36379"
adminAddress: "localhost:36531"
startupRole: FOLLOWER
,id: "s1"
address: "localhost:35679"
dataStreamAddress: "localhost:42433"
clientAddress: "localhost:41371"
adminAddress: "localhost:44855"
startupRole: FOLLOWER
,id: "s2"
address: "localhost:39787"
dataStreamAddress: "localhost:33651"
clientAddress: "localhost:41113"
adminAddress: "localhost:44467"
startupRole: FOLLOWER
, old:)
java.util.concurrent.CompletionException: java.util.concurrent.RejectedExecutionException: Task java.util.concurrent.CompletableFuture$AsyncSupply@6af5241c rejected from java.util.concurrent.ThreadPoolExecutor@4ecb30e4[Terminated, pool size = 0, active threads = 0, queued tasks = 0, completed tasks = 0]
	at java.base/java.util.concurrent.CompletableFuture.encodeThrowable(CompletableFuture.java:314)
	at java.base/java.util.concurrent.CompletableFuture.uniComposeStage(CompletableFuture.java:1113)
	at java.base/java.util.concurrent.CompletableFuture.thenCompose(CompletableFuture.java:2235)
	at org.apache.ratis.server.impl.RaftServerProxy.appendEntriesAsync(RaftServerProxy.java:634)
	at org.apache.ratis.grpc.server.GrpcServerProtocolService$1.process(GrpcServerProtocolService.java:219)
	at org.apache.ratis.grpc.server.GrpcServerProtocolService$1.process(GrpcServerProtocolService.java:216)
	at org.apache.ratis.grpc.server.GrpcServerProtocolService$ServerRequestStreamObserver.onNext(GrpcServerProtocolService.java:124)
	at org.apache.ratis.thirdparty.io.grpc.stub.ServerCalls$StreamingServerCallHandler$StreamingServerCallListener.onMessage(ServerCalls.java:262)
	at org.apache.ratis.thirdparty.io.grpc.ForwardingServerCallListener.onMessage(ForwardingServerCallListener.java:33)
	at org.apache.ratis.thirdparty.io.grpc.internal.ServerCallImpl$ServerStreamListenerImpl.messagesAvailableInternal(ServerCallImpl.java:332)
	at org.apache.ratis.thirdparty.io.grpc.internal.ServerCallImpl$ServerStreamListenerImpl.messagesAvailable(ServerCallImpl.java:315)
	at org.apache.ratis.thirdparty.io.grpc.internal.ServerImpl$JumpToApplicationThreadServerStreamListener$1MessagesAvailable.runInContext(ServerImpl.java:834)
	at org.apache.ratis.thirdparty.io.grpc.internal.ContextRunnable.run(ContextRunnable.java:37)
	at org.apache.ratis.thirdparty.io.grpc.internal.SerializingExecutor.run(SerializingExecutor.java:133)
	at java.base/java.util.concurrent.ThreadPoolExecutor.runWorker(ThreadPoolExecutor.java:1128)
	at java.base/java.util.concurrent.ThreadPoolExecutor$Worker.run(ThreadPoolExecutor.java:628)
	at java.base/java.lang.Thread.run(Thread.java:829)
Caused by: java.util.concurrent.RejectedExecutionException: Task java.util.concurrent.CompletableFuture$AsyncSupply@6af5241c rejected from java.util.concurrent.ThreadPoolExecutor@4ecb30e4[Terminated, pool size = 0, active threads = 0, queued tasks = 0, completed tasks = 0]
	at java.base/java.util.concurrent.ThreadPoolExecutor$AbortPolicy.rejectedExecution(ThreadPoolExecutor.java:2055)
	at java.base/java.util.concurrent.ThreadPoolExecutor.reject(ThreadPoolExecutor.java:825)
	at java.base/java.util.concurrent.ThreadPoolExecutor.execute(ThreadPoolExecutor.java:1355)
	at java.base/java.util.concurrent.CompletableFuture.asyncSupplyStage(CompletableFuture.java:1714)
	at java.base/java.util.concurrent.CompletableFuture.supplyAsync(CompletableFuture.java:1931)
	at org.apache.ratis.server.impl.RaftServerImpl.executeSubmitServerRequestAsync(RaftServerImpl.java:817)
	at org.apache.ratis.server.impl.RaftServerProxy.lambda$appendEntriesAsync$27(RaftServerProxy.java:634)
	at java.base/java.util.concurrent.CompletableFuture.uniComposeStage(CompletableFuture.java:1106)
	... 15 more
2023-02-09 08:26:13,115 [s1@group-5D8BFF2AC38C-StateMachineUpdater] INFO  impl.SimpleStateMachine4Testing (SimpleStateMachine4Testing.java:put(205)) - s1: put 155, m75 -> (t:2, i:155), STATEMACHINELOGENTRY, 461@client-F516C80A2025
2023-02-09 08:26:13,116 [s2-server-thread1] DEBUG raftlog.RaftLog (SegmentedRaftLog.java:appendImpl(446)) - truncateIndex=-1, arrayIndex=0
2023-02-09 08:26:13,116 [grpc-default-executor-7] WARN  server.GrpcLogAppender (LogUtils.java:warn(124)) - s1@group-5D8BFF2AC38C->s0-AppendLogResponseHandler: Failed appendEntries
java.util.concurrent.RejectedExecutionException: Task java.util.concurrent.CompletableFuture$AsyncSupply@6af5241c rejected from java.util.concurrent.ThreadPoolExecutor@4ecb30e4[Terminated, pool size = 0, active threads = 0, queued tasks = 0, completed tasks = 0]
	at java.base/java.util.concurrent.ThreadPoolExecutor$AbortPolicy.rejectedExecution(ThreadPoolExecutor.java:2055)
	at java.base/java.util.concurrent.ThreadPoolExecutor.reject(ThreadPoolExecutor.java:825)
	at java.base/java.util.concurrent.ThreadPoolExecutor.execute(ThreadPoolExecutor.java:1355)
	at java.base/java.util.concurrent.CompletableFuture.asyncSupplyStage(CompletableFuture.java:1714)
	at java.base/java.util.concurrent.CompletableFuture.supplyAsync(CompletableFuture.java:1931)
	at org.apache.ratis.server.impl.RaftServerImpl.executeSubmitServerRequestAsync(RaftServerImpl.java:817)
	at org.apache.ratis.server.impl.RaftServerProxy.lambda$appendEntriesAsync$27(RaftServerProxy.java:634)
	at java.base/java.util.concurrent.CompletableFuture.uniComposeStage(CompletableFuture.java:1106)
	at java.base/java.util.concurrent.CompletableFuture.thenCompose(CompletableFuture.java:2235)
	at org.apache.ratis.server.impl.RaftServerProxy.appendEntriesAsync(RaftServerProxy.java:634)
	at org.apache.ratis.grpc.server.GrpcServerProtocolService$1.process(GrpcServerProtocolService.java:219)
	at org.apache.ratis.grpc.server.GrpcServerProtocolService$1.process(GrpcServerProtocolService.java:216)
	at org.apache.ratis.grpc.server.GrpcServerProtocolService$ServerRequestStreamObserver.onNext(GrpcServerProtocolService.java:124)
	at org.apache.ratis.thirdparty.io.grpc.stub.ServerCalls$StreamingServerCallHandler$StreamingServerCallListener.onMessage(ServerCalls.java:262)
	at org.apache.ratis.thirdparty.io.grpc.ForwardingServerCallListener.onMessage(ForwardingServerCallListener.java:33)
	at org.apache.ratis.thirdparty.io.grpc.internal.ServerCallImpl$ServerStreamListenerImpl.messagesAvailableInternal(ServerCallImpl.java:332)
	at org.apache.ratis.thirdparty.io.grpc.internal.ServerCallImpl$ServerStreamListenerImpl.messagesAvailable(ServerCallImpl.java:315)
	at org.apache.ratis.thirdparty.io.grpc.internal.ServerImpl$JumpToApplicationThreadServerStreamListener$1MessagesAvailable.runInContext(ServerImpl.java:834)
	at org.apache.ratis.thirdparty.io.grpc.internal.ContextRunnable.run(ContextRunnable.java:37)
	at org.apache.ratis.thirdparty.io.grpc.internal.SerializingExecutor.run(SerializingExecutor.java:133)
	at java.base/java.util.concurrent.ThreadPoolExecutor.runWorker(ThreadPoolExecutor.java:1128)
	at java.base/java.util.concurrent.ThreadPoolExecutor$Worker.run(ThreadPoolExecutor.java:628)
	at java.base/java.lang.Thread.run(Thread.java:829)
2023-02-09 08:26:13,117 [grpc-default-executor-7] INFO  leader.FollowerInfo (FollowerInfoImpl.java:lambda$new$0(52)) - s1@group-5D8BFF2AC38C->s0: nextIndex: updateUnconditionally 156 -> 83
2023-02-09 08:26:13,117 [s2@group-5D8BFF2AC38C-StateMachineUpdater] INFO  impl.SimpleStateMachine4Testing (SimpleStateMachine4Testing.java:put(205)) - s2: put 155, m75 -> (t:2, i:155), STATEMACHINELOGENTRY, 461@client-F516C80A2025
2023-02-09 08:26:13,118 [s2-server-thread1] DEBUG raftlog.RaftLog (SegmentedRaftLog.java:appendImpl(446)) - truncateIndex=-1, arrayIndex=0
2023-02-09 08:26:13,119 [grpc-default-executor-5] WARN  server.GrpcServerProtocolService (LogUtils.java:warn(124)) - s0: Failed APPEND_ENTRIES request s1->s0#148-t2,previous=(t:1, i:82),leaderCommit=155,initializing? true,entries: size=74, first=(t:2, i:83), CONFIGURATIONENTRY(current:id: "s0"
address: "localhost:42371"
dataStreamAddress: "localhost:43129"
clientAddress: "localhost:36379"
adminAddress: "localhost:36531"
startupRole: FOLLOWER
,id: "s1"
address: "localhost:35679"
dataStreamAddress: "localhost:42433"
clientAddress: "localhost:41371"
adminAddress: "localhost:44855"
startupRole: FOLLOWER
,id: "s2"
address: "localhost:39787"
dataStreamAddress: "localhost:33651"
clientAddress: "localhost:41113"
adminAddress: "localhost:44467"
startupRole: FOLLOWER
, old:)
java.util.concurrent.CompletionException: java.util.concurrent.RejectedExecutionException: Task java.util.concurrent.CompletableFuture$AsyncSupply@18a85c60 rejected from java.util.concurrent.ThreadPoolExecutor@4ecb30e4[Terminated, pool size = 0, active threads = 0, queued tasks = 0, completed tasks = 0]
	at java.base/java.util.concurrent.CompletableFuture.encodeThrowable(CompletableFuture.java:314)
	at java.base/java.util.concurrent.CompletableFuture.uniComposeStage(CompletableFuture.java:1113)
	at java.base/java.util.concurrent.CompletableFuture.thenCompose(CompletableFuture.java:2235)
	at org.apache.ratis.server.impl.RaftServerProxy.appendEntriesAsync(RaftServerProxy.java:634)
	at org.apache.ratis.grpc.server.GrpcServerProtocolService$1.process(GrpcServerProtocolService.java:219)
	at org.apache.ratis.grpc.server.GrpcServerProtocolService$1.process(GrpcServerProtocolService.java:216)
	at org.apache.ratis.grpc.server.GrpcServerProtocolService$ServerRequestStreamObserver.onNext(GrpcServerProtocolService.java:124)
	at org.apache.ratis.thirdparty.io.grpc.stub.ServerCalls$StreamingServerCallHandler$StreamingServerCallListener.onMessage(ServerCalls.java:262)
	at org.apache.ratis.thirdparty.io.grpc.ForwardingServerCallListener.onMessage(ForwardingServerCallListener.java:33)
	at org.apache.ratis.thirdparty.io.grpc.internal.ServerCallImpl$ServerStreamListenerImpl.messagesAvailableInternal(ServerCallImpl.java:332)
	at org.apache.ratis.thirdparty.io.grpc.internal.ServerCallImpl$ServerStreamListenerImpl.messagesAvailable(ServerCallImpl.java:315)
	at org.apache.ratis.thirdparty.io.grpc.internal.ServerImpl$JumpToApplicationThreadServerStreamListener$1MessagesAvailable.runInContext(ServerImpl.java:834)
	at org.apache.ratis.thirdparty.io.grpc.internal.ContextRunnable.run(ContextRunnable.java:37)
	at org.apache.ratis.thirdparty.io.grpc.internal.SerializingExecutor.run(SerializingExecutor.java:133)
	at java.base/java.util.concurrent.ThreadPoolExecutor.runWorker(ThreadPoolExecutor.java:1128)
	at java.base/java.util.concurrent.ThreadPoolExecutor$Worker.run(ThreadPoolExecutor.java:628)
	at java.base/java.lang.Thread.run(Thread.java:829)
Caused by: java.util.concurrent.RejectedExecutionException: Task java.util.concurrent.CompletableFuture$AsyncSupply@18a85c60 rejected from java.util.concurrent.ThreadPoolExecutor@4ecb30e4[Terminated, pool size = 0, active threads = 0, queued tasks = 0, completed tasks = 0]
	at java.base/java.util.concurrent.ThreadPoolExecutor$AbortPolicy.rejectedExecution(ThreadPoolExecutor.java:2055)
	at java.base/java.util.concurrent.ThreadPoolExecutor.reject(ThreadPoolExecutor.java:825)
	at java.base/java.util.concurrent.ThreadPoolExecutor.execute(ThreadPoolExecutor.java:1355)
	at java.base/java.util.concurrent.CompletableFuture.asyncSupplyStage(CompletableFuture.java:1714)
	at java.base/java.util.concurrent.CompletableFuture.supplyAsync(CompletableFuture.java:1931)
	at org.apache.ratis.server.impl.RaftServerImpl.executeSubmitServerRequestAsync(RaftServerImpl.java:817)
	at org.apache.ratis.server.impl.RaftServerProxy.lambda$appendEntriesAsync$27(RaftServerProxy.java:634)
	at java.base/java.util.concurrent.CompletableFuture.uniComposeStage(CompletableFuture.java:1106)
	... 15 more
2023-02-09 08:26:13,120 [grpc-default-executor-7] WARN  server.GrpcLogAppender (LogUtils.java:warn(124)) - s1@group-5D8BFF2AC38C->s0-AppendLogResponseHandler: Failed appendEntries
java.util.concurrent.RejectedExecutionException: Task java.util.concurrent.CompletableFuture$AsyncSupply@18a85c60 rejected from java.util.concurrent.ThreadPoolExecutor@4ecb30e4[Terminated, pool size = 0, active threads = 0, queued tasks = 0, completed tasks = 0]
	at java.base/java.util.concurrent.ThreadPoolExecutor$AbortPolicy.rejectedExecution(ThreadPoolExecutor.java:2055)
	at java.base/java.util.concurrent.ThreadPoolExecutor.reject(ThreadPoolExecutor.java:825)
	at java.base/java.util.concurrent.ThreadPoolExecutor.execute(ThreadPoolExecutor.java:1355)
	at java.base/java.util.concurrent.CompletableFuture.asyncSupplyStage(CompletableFuture.java:1714)
	at java.base/java.util.concurrent.CompletableFuture.supplyAsync(CompletableFuture.java:1931)
	at org.apache.ratis.server.impl.RaftServerImpl.executeSubmitServerRequestAsync(RaftServerImpl.java:817)
	at org.apache.ratis.server.impl.RaftServerProxy.lambda$appendEntriesAsync$27(RaftServerProxy.java:634)
	at java.base/java.util.concurrent.CompletableFuture.uniComposeStage(CompletableFuture.java:1106)
	at java.base/java.util.concurrent.CompletableFuture.thenCompose(CompletableFuture.java:2235)
	at org.apache.ratis.server.impl.RaftServerProxy.appendEntriesAsync(RaftServerProxy.java:634)
	at org.apache.ratis.grpc.server.GrpcServerProtocolService$1.process(GrpcServerProtocolService.java:219)
	at org.apache.ratis.grpc.server.GrpcServerProtocolService$1.process(GrpcServerProtocolService.java:216)
	at org.apache.ratis.grpc.server.GrpcServerProtocolService$ServerRequestStreamObserver.onNext(GrpcServerProtocolService.java:124)
	at org.apache.ratis.thirdparty.io.grpc.stub.ServerCalls$StreamingServerCallHandler$StreamingServerCallListener.onMessage(ServerCalls.java:262)
	at org.apache.ratis.thirdparty.io.grpc.ForwardingServerCallListener.onMessage(ForwardingServerCallListener.java:33)
	at org.apache.ratis.thirdparty.io.grpc.internal.ServerCallImpl$ServerStreamListenerImpl.messagesAvailableInternal(ServerCallImpl.java:332)
	at org.apache.ratis.thirdparty.io.grpc.internal.ServerCallImpl$ServerStreamListenerImpl.messagesAvailable(ServerCallImpl.java:315)
	at org.apache.ratis.thirdparty.io.grpc.internal.ServerImpl$JumpToApplicationThreadServerStreamListener$1MessagesAvailable.runInContext(ServerImpl.java:834)
	at org.apache.ratis.thirdparty.io.grpc.internal.ContextRunnable.run(ContextRunnable.java:37)
	at org.apache.ratis.thirdparty.io.grpc.internal.SerializingExecutor.run(SerializingExecutor.java:133)
	at java.base/java.util.concurrent.ThreadPoolExecutor.runWorker(ThreadPoolExecutor.java:1128)
	at java.base/java.util.concurrent.ThreadPoolExecutor$Worker.run(ThreadPoolExecutor.java:628)
	at java.base/java.lang.Thread.run(Thread.java:829)
2023-02-09 08:26:13,120 [grpc-default-executor-7] INFO  leader.FollowerInfo (FollowerInfoImpl.java:lambda$new$0(52)) - s1@group-5D8BFF2AC38C->s0: nextIndex: updateUnconditionally 157 -> 83
2023-02-09 08:26:13,121 [s1@group-5D8BFF2AC38C-StateMachineUpdater] INFO  impl.SimpleStateMachine4Testing (SimpleStateMachine4Testing.java:put(205)) - s1: put 157, m76 -> (t:2, i:157), STATEMACHINELOGENTRY, 462@client-F516C80A2025
2023-02-09 08:26:13,121 [s2-server-thread1] DEBUG raftlog.RaftLog (SegmentedRaftLog.java:appendImpl(446)) - truncateIndex=-1, arrayIndex=0
2023-02-09 08:26:13,122 [s2@group-5D8BFF2AC38C-StateMachineUpdater] INFO  impl.SimpleStateMachine4Testing (SimpleStateMachine4Testing.java:put(205)) - s2: put 157, m76 -> (t:2, i:157), STATEMACHINELOGENTRY, 462@client-F516C80A2025
2023-02-09 08:26:13,125 [grpc-default-executor-5] WARN  server.GrpcServerProtocolService (LogUtils.java:warn(124)) - s0: Failed APPEND_ENTRIES request s1->s0#150-t2,previous=(t:1, i:82),leaderCommit=157,initializing? true,entries: size=76, first=(t:2, i:83), CONFIGURATIONENTRY(current:id: "s0"
address: "localhost:42371"
dataStreamAddress: "localhost:43129"
clientAddress: "localhost:36379"
adminAddress: "localhost:36531"
startupRole: FOLLOWER
,id: "s1"
address: "localhost:35679"
dataStreamAddress: "localhost:42433"
clientAddress: "localhost:41371"
adminAddress: "localhost:44855"
startupRole: FOLLOWER
,id: "s2"
address: "localhost:39787"
dataStreamAddress: "localhost:33651"
clientAddress: "localhost:41113"
adminAddress: "localhost:44467"
startupRole: FOLLOWER
, old:)
java.util.concurrent.CompletionException: java.util.concurrent.RejectedExecutionException: Task java.util.concurrent.CompletableFuture$AsyncSupply@480e855 rejected from java.util.concurrent.ThreadPoolExecutor@4ecb30e4[Terminated, pool size = 0, active threads = 0, queued tasks = 0, completed tasks = 0]
	at java.base/java.util.concurrent.CompletableFuture.encodeThrowable(CompletableFuture.java:314)
	at java.base/java.util.concurrent.CompletableFuture.uniComposeStage(CompletableFuture.java:1113)
	at java.base/java.util.concurrent.CompletableFuture.thenCompose(CompletableFuture.java:2235)
	at org.apache.ratis.server.impl.RaftServerProxy.appendEntriesAsync(RaftServerProxy.java:634)
	at org.apache.ratis.grpc.server.GrpcServerProtocolService$1.process(GrpcServerProtocolService.java:219)
	at org.apache.ratis.grpc.server.GrpcServerProtocolService$1.process(GrpcServerProtocolService.java:216)
	at org.apache.ratis.grpc.server.GrpcServerProtocolService$ServerRequestStreamObserver.onNext(GrpcServerProtocolService.java:124)
	at org.apache.ratis.thirdparty.io.grpc.stub.ServerCalls$StreamingServerCallHandler$StreamingServerCallListener.onMessage(ServerCalls.java:262)
	at org.apache.ratis.thirdparty.io.grpc.ForwardingServerCallListener.onMessage(ForwardingServerCallListener.java:33)
	at org.apache.ratis.thirdparty.io.grpc.internal.ServerCallImpl$ServerStreamListenerImpl.messagesAvailableInternal(ServerCallImpl.java:332)
	at org.apache.ratis.thirdparty.io.grpc.internal.ServerCallImpl$ServerStreamListenerImpl.messagesAvailable(ServerCallImpl.java:315)
	at org.apache.ratis.thirdparty.io.grpc.internal.ServerImpl$JumpToApplicationThreadServerStreamListener$1MessagesAvailable.runInContext(ServerImpl.java:834)
	at org.apache.ratis.thirdparty.io.grpc.internal.ContextRunnable.run(ContextRunnable.java:37)
	at org.apache.ratis.thirdparty.io.grpc.internal.SerializingExecutor.run(SerializingExecutor.java:133)
	at java.base/java.util.concurrent.ThreadPoolExecutor.runWorker(ThreadPoolExecutor.java:1128)
	at java.base/java.util.concurrent.ThreadPoolExecutor$Worker.run(ThreadPoolExecutor.java:628)
	at java.base/java.lang.Thread.run(Thread.java:829)
Caused by: java.util.concurrent.RejectedExecutionException: Task java.util.concurrent.CompletableFuture$AsyncSupply@480e855 rejected from java.util.concurrent.ThreadPoolExecutor@4ecb30e4[Terminated, pool size = 0, active threads = 0, queued tasks = 0, completed tasks = 0]
	at java.base/java.util.concurrent.ThreadPoolExecutor$AbortPolicy.rejectedExecution(ThreadPoolExecutor.java:2055)
	at java.base/java.util.concurrent.ThreadPoolExecutor.reject(ThreadPoolExecutor.java:825)
	at java.base/java.util.concurrent.ThreadPoolExecutor.execute(ThreadPoolExecutor.java:1355)
	at java.base/java.util.concurrent.CompletableFuture.asyncSupplyStage(CompletableFuture.java:1714)
	at java.base/java.util.concurrent.CompletableFuture.supplyAsync(CompletableFuture.java:1931)
	at org.apache.ratis.server.impl.RaftServerImpl.executeSubmitServerRequestAsync(RaftServerImpl.java:817)
	at org.apache.ratis.server.impl.RaftServerProxy.lambda$appendEntriesAsync$27(RaftServerProxy.java:634)
	at java.base/java.util.concurrent.CompletableFuture.uniComposeStage(CompletableFuture.java:1106)
	... 15 more
2023-02-09 08:26:13,128 [s2-server-thread1] DEBUG raftlog.RaftLog (SegmentedRaftLog.java:appendImpl(446)) - truncateIndex=-1, arrayIndex=0
2023-02-09 08:26:13,128 [grpc-default-executor-9] WARN  server.GrpcLogAppender (LogUtils.java:warn(124)) - s1@group-5D8BFF2AC38C->s0-AppendLogResponseHandler: Failed appendEntries
java.util.concurrent.RejectedExecutionException: Task java.util.concurrent.CompletableFuture$AsyncSupply@480e855 rejected from java.util.concurrent.ThreadPoolExecutor@4ecb30e4[Terminated, pool size = 0, active threads = 0, queued tasks = 0, completed tasks = 0]
	at java.base/java.util.concurrent.ThreadPoolExecutor$AbortPolicy.rejectedExecution(ThreadPoolExecutor.java:2055)
	at java.base/java.util.concurrent.ThreadPoolExecutor.reject(ThreadPoolExecutor.java:825)
	at java.base/java.util.concurrent.ThreadPoolExecutor.execute(ThreadPoolExecutor.java:1355)
	at java.base/java.util.concurrent.CompletableFuture.asyncSupplyStage(CompletableFuture.java:1714)
	at java.base/java.util.concurrent.CompletableFuture.supplyAsync(CompletableFuture.java:1931)
	at org.apache.ratis.server.impl.RaftServerImpl.executeSubmitServerRequestAsync(RaftServerImpl.java:817)
	at org.apache.ratis.server.impl.RaftServerProxy.lambda$appendEntriesAsync$27(RaftServerProxy.java:634)
	at java.base/java.util.concurrent.CompletableFuture.uniComposeStage(CompletableFuture.java:1106)
	at java.base/java.util.concurrent.CompletableFuture.thenCompose(CompletableFuture.java:2235)
	at org.apache.ratis.server.impl.RaftServerProxy.appendEntriesAsync(RaftServerProxy.java:634)
	at org.apache.ratis.grpc.server.GrpcServerProtocolService$1.process(GrpcServerProtocolService.java:219)
	at org.apache.ratis.grpc.server.GrpcServerProtocolService$1.process(GrpcServerProtocolService.java:216)
	at org.apache.ratis.grpc.server.GrpcServerProtocolService$ServerRequestStreamObserver.onNext(GrpcServerProtocolService.java:124)
	at org.apache.ratis.thirdparty.io.grpc.stub.ServerCalls$StreamingServerCallHandler$StreamingServerCallListener.onMessage(ServerCalls.java:262)
	at org.apache.ratis.thirdparty.io.grpc.ForwardingServerCallListener.onMessage(ForwardingServerCallListener.java:33)
	at org.apache.ratis.thirdparty.io.grpc.internal.ServerCallImpl$ServerStreamListenerImpl.messagesAvailableInternal(ServerCallImpl.java:332)
	at org.apache.ratis.thirdparty.io.grpc.internal.ServerCallImpl$ServerStreamListenerImpl.messagesAvailable(ServerCallImpl.java:315)
	at org.apache.ratis.thirdparty.io.grpc.internal.ServerImpl$JumpToApplicationThreadServerStreamListener$1MessagesAvailable.runInContext(ServerImpl.java:834)
	at org.apache.ratis.thirdparty.io.grpc.internal.ContextRunnable.run(ContextRunnable.java:37)
	at org.apache.ratis.thirdparty.io.grpc.internal.SerializingExecutor.run(SerializingExecutor.java:133)
	at java.base/java.util.concurrent.ThreadPoolExecutor.runWorker(ThreadPoolExecutor.java:1128)
	at java.base/java.util.concurrent.ThreadPoolExecutor$Worker.run(ThreadPoolExecutor.java:628)
	at java.base/java.lang.Thread.run(Thread.java:829)
2023-02-09 08:26:13,129 [grpc-default-executor-9] INFO  leader.FollowerInfo (FollowerInfoImpl.java:lambda$new$0(52)) - s1@group-5D8BFF2AC38C->s0: nextIndex: updateUnconditionally 159 -> 83
2023-02-09 08:26:13,129 [s2-server-thread1] DEBUG raftlog.RaftLog (SegmentedRaftLog.java:appendImpl(446)) - truncateIndex=-1, arrayIndex=0
2023-02-09 08:26:13,129 [s1@group-5D8BFF2AC38C-StateMachineUpdater] INFO  impl.SimpleStateMachine4Testing (SimpleStateMachine4Testing.java:put(205)) - s1: put 159, m77 -> (t:2, i:159), STATEMACHINELOGENTRY, 463@client-F516C80A2025
2023-02-09 08:26:13,130 [s2@group-5D8BFF2AC38C-StateMachineUpdater] INFO  impl.SimpleStateMachine4Testing (SimpleStateMachine4Testing.java:put(205)) - s2: put 159, m77 -> (t:2, i:159), STATEMACHINELOGENTRY, 463@client-F516C80A2025
2023-02-09 08:26:13,130 [grpc-default-executor-2] WARN  server.GrpcServerProtocolService (LogUtils.java:warn(124)) - s0: Failed APPEND_ENTRIES request s1->s0#154-t2,previous=(t:1, i:82),leaderCommit=159,initializing? true,entries: size=78, first=(t:2, i:83), CONFIGURATIONENTRY(current:id: "s0"
address: "localhost:42371"
dataStreamAddress: "localhost:43129"
clientAddress: "localhost:36379"
adminAddress: "localhost:36531"
startupRole: FOLLOWER
,id: "s1"
address: "localhost:35679"
dataStreamAddress: "localhost:42433"
clientAddress: "localhost:41371"
adminAddress: "localhost:44855"
startupRole: FOLLOWER
,id: "s2"
address: "localhost:39787"
dataStreamAddress: "localhost:33651"
clientAddress: "localhost:41113"
adminAddress: "localhost:44467"
startupRole: FOLLOWER
, old:)
java.util.concurrent.CompletionException: java.util.concurrent.RejectedExecutionException: Task java.util.concurrent.CompletableFuture$AsyncSupply@49bb62d8 rejected from java.util.concurrent.ThreadPoolExecutor@4ecb30e4[Terminated, pool size = 0, active threads = 0, queued tasks = 0, completed tasks = 0]
	at java.base/java.util.concurrent.CompletableFuture.encodeThrowable(CompletableFuture.java:314)
	at java.base/java.util.concurrent.CompletableFuture.uniComposeStage(CompletableFuture.java:1113)
	at java.base/java.util.concurrent.CompletableFuture.thenCompose(CompletableFuture.java:2235)
	at org.apache.ratis.server.impl.RaftServerProxy.appendEntriesAsync(RaftServerProxy.java:634)
	at org.apache.ratis.grpc.server.GrpcServerProtocolService$1.process(GrpcServerProtocolService.java:219)
	at org.apache.ratis.grpc.server.GrpcServerProtocolService$1.process(GrpcServerProtocolService.java:216)
	at org.apache.ratis.grpc.server.GrpcServerProtocolService$ServerRequestStreamObserver.onNext(GrpcServerProtocolService.java:124)
	at org.apache.ratis.thirdparty.io.grpc.stub.ServerCalls$StreamingServerCallHandler$StreamingServerCallListener.onMessage(ServerCalls.java:262)
	at org.apache.ratis.thirdparty.io.grpc.ForwardingServerCallListener.onMessage(ForwardingServerCallListener.java:33)
	at org.apache.ratis.thirdparty.io.grpc.internal.ServerCallImpl$ServerStreamListenerImpl.messagesAvailableInternal(ServerCallImpl.java:332)
	at org.apache.ratis.thirdparty.io.grpc.internal.ServerCallImpl$ServerStreamListenerImpl.messagesAvailable(ServerCallImpl.java:315)
	at org.apache.ratis.thirdparty.io.grpc.internal.ServerImpl$JumpToApplicationThreadServerStreamListener$1MessagesAvailable.runInContext(ServerImpl.java:834)
	at org.apache.ratis.thirdparty.io.grpc.internal.ContextRunnable.run(ContextRunnable.java:37)
	at org.apache.ratis.thirdparty.io.grpc.internal.SerializingExecutor.run(SerializingExecutor.java:133)
	at java.base/java.util.concurrent.ThreadPoolExecutor.runWorker(ThreadPoolExecutor.java:1128)
	at java.base/java.util.concurrent.ThreadPoolExecutor$Worker.run(ThreadPoolExecutor.java:628)
	at java.base/java.lang.Thread.run(Thread.java:829)
Caused by: java.util.concurrent.RejectedExecutionException: Task java.util.concurrent.CompletableFuture$AsyncSupply@49bb62d8 rejected from java.util.concurrent.ThreadPoolExecutor@4ecb30e4[Terminated, pool size = 0, active threads = 0, queued tasks = 0, completed tasks = 0]
	at java.base/java.util.concurrent.ThreadPoolExecutor$AbortPolicy.rejectedExecution(ThreadPoolExecutor.java:2055)
	at java.base/java.util.concurrent.ThreadPoolExecutor.reject(ThreadPoolExecutor.java:825)
	at java.base/java.util.concurrent.ThreadPoolExecutor.execute(ThreadPoolExecutor.java:1355)
	at java.base/java.util.concurrent.CompletableFuture.asyncSupplyStage(CompletableFuture.java:1714)
	at java.base/java.util.concurrent.CompletableFuture.supplyAsync(CompletableFuture.java:1931)
	at org.apache.ratis.server.impl.RaftServerImpl.executeSubmitServerRequestAsync(RaftServerImpl.java:817)
	at org.apache.ratis.server.impl.RaftServerProxy.lambda$appendEntriesAsync$27(RaftServerProxy.java:634)
	at java.base/java.util.concurrent.CompletableFuture.uniComposeStage(CompletableFuture.java:1106)
	... 15 more
2023-02-09 08:26:13,132 [grpc-default-executor-2] WARN  server.GrpcLogAppender (LogUtils.java:warn(124)) - s1@group-5D8BFF2AC38C->s0-AppendLogResponseHandler: Failed appendEntries
java.util.concurrent.RejectedExecutionException: Task java.util.concurrent.CompletableFuture$AsyncSupply@49bb62d8 rejected from java.util.concurrent.ThreadPoolExecutor@4ecb30e4[Terminated, pool size = 0, active threads = 0, queued tasks = 0, completed tasks = 0]
	at java.base/java.util.concurrent.ThreadPoolExecutor$AbortPolicy.rejectedExecution(ThreadPoolExecutor.java:2055)
	at java.base/java.util.concurrent.ThreadPoolExecutor.reject(ThreadPoolExecutor.java:825)
	at java.base/java.util.concurrent.ThreadPoolExecutor.execute(ThreadPoolExecutor.java:1355)
	at java.base/java.util.concurrent.CompletableFuture.asyncSupplyStage(CompletableFuture.java:1714)
	at java.base/java.util.concurrent.CompletableFuture.supplyAsync(CompletableFuture.java:1931)
	at org.apache.ratis.server.impl.RaftServerImpl.executeSubmitServerRequestAsync(RaftServerImpl.java:817)
	at org.apache.ratis.server.impl.RaftServerProxy.lambda$appendEntriesAsync$27(RaftServerProxy.java:634)
	at java.base/java.util.concurrent.CompletableFuture.uniComposeStage(CompletableFuture.java:1106)
	at java.base/java.util.concurrent.CompletableFuture.thenCompose(CompletableFuture.java:2235)
	at org.apache.ratis.server.impl.RaftServerProxy.appendEntriesAsync(RaftServerProxy.java:634)
	at org.apache.ratis.grpc.server.GrpcServerProtocolService$1.process(GrpcServerProtocolService.java:219)
	at org.apache.ratis.grpc.server.GrpcServerProtocolService$1.process(GrpcServerProtocolService.java:216)
	at org.apache.ratis.grpc.server.GrpcServerProtocolService$ServerRequestStreamObserver.onNext(GrpcServerProtocolService.java:124)
	at org.apache.ratis.thirdparty.io.grpc.stub.ServerCalls$StreamingServerCallHandler$StreamingServerCallListener.onMessage(ServerCalls.java:262)
	at org.apache.ratis.thirdparty.io.grpc.ForwardingServerCallListener.onMessage(ForwardingServerCallListener.java:33)
	at org.apache.ratis.thirdparty.io.grpc.internal.ServerCallImpl$ServerStreamListenerImpl.messagesAvailableInternal(ServerCallImpl.java:332)
	at org.apache.ratis.thirdparty.io.grpc.internal.ServerCallImpl$ServerStreamListenerImpl.messagesAvailable(ServerCallImpl.java:315)
	at org.apache.ratis.thirdparty.io.grpc.internal.ServerImpl$JumpToApplicationThreadServerStreamListener$1MessagesAvailable.runInContext(ServerImpl.java:834)
	at org.apache.ratis.thirdparty.io.grpc.internal.ContextRunnable.run(ContextRunnable.java:37)
	at org.apache.ratis.thirdparty.io.grpc.internal.SerializingExecutor.run(SerializingExecutor.java:133)
	at java.base/java.util.concurrent.ThreadPoolExecutor.runWorker(ThreadPoolExecutor.java:1128)
	at java.base/java.util.concurrent.ThreadPoolExecutor$Worker.run(ThreadPoolExecutor.java:628)
	at java.base/java.lang.Thread.run(Thread.java:829)
2023-02-09 08:26:13,132 [grpc-default-executor-2] INFO  leader.FollowerInfo (FollowerInfoImpl.java:lambda$new$0(52)) - s1@group-5D8BFF2AC38C->s0: nextIndex: updateUnconditionally 161 -> 83
2023-02-09 08:26:13,132 [s1-client-thread1] INFO  segmented.SegmentedRaftLogWorker (SegmentedRaftLogWorker.java:rollLogSegment(436)) - s1@group-5D8BFF2AC38C-SegmentedRaftLogWorker: Rolling segment log-134_160 to index:160
2023-02-09 08:26:13,132 [s1@group-5D8BFF2AC38C-SegmentedRaftLogWorker] TRACE util.FileUtils (LogUtils.java:runAndLog(49)) - Successfully ran Atomic Files.move /home/runner/work/ratis/ratis/ratis-test/target/test/data/ca75353f/MiniRaftClusterWithGrpc52e54005/s1/d26acf42-c6a3-40ef-b2da-5d8bff2ac38c/current/log_inprogress_134 to /home/runner/work/ratis/ratis/ratis-test/target/test/data/ca75353f/MiniRaftClusterWithGrpc52e54005/s1/d26acf42-c6a3-40ef-b2da-5d8bff2ac38c/current/log_134-160
2023-02-09 08:26:13,132 [s1@group-5D8BFF2AC38C-SegmentedRaftLogWorker] INFO  segmented.SegmentedRaftLogWorker (SegmentedRaftLogWorker.java:execute(592)) - s1@group-5D8BFF2AC38C-SegmentedRaftLogWorker: Rolled log segment from /home/runner/work/ratis/ratis/ratis-test/target/test/data/ca75353f/MiniRaftClusterWithGrpc52e54005/s1/d26acf42-c6a3-40ef-b2da-5d8bff2ac38c/current/log_inprogress_134 to /home/runner/work/ratis/ratis/ratis-test/target/test/data/ca75353f/MiniRaftClusterWithGrpc52e54005/s1/d26acf42-c6a3-40ef-b2da-5d8bff2ac38c/current/log_134-160
2023-02-09 08:26:13,133 [s2-server-thread1] DEBUG raftlog.RaftLog (SegmentedRaftLog.java:appendImpl(446)) - truncateIndex=-1, arrayIndex=0
2023-02-09 08:26:13,133 [s2-server-thread1] INFO  segmented.SegmentedRaftLogWorker (SegmentedRaftLogWorker.java:rollLogSegment(436)) - s2@group-5D8BFF2AC38C-SegmentedRaftLogWorker: Rolling segment log-134_160 to index:160
2023-02-09 08:26:13,133 [s2@group-5D8BFF2AC38C-SegmentedRaftLogWorker] TRACE util.FileUtils (LogUtils.java:runAndLog(49)) - Successfully ran Atomic Files.move /home/runner/work/ratis/ratis/ratis-test/target/test/data/ca75353f/MiniRaftClusterWithGrpc52e54005/s2/d26acf42-c6a3-40ef-b2da-5d8bff2ac38c/current/log_inprogress_134 to /home/runner/work/ratis/ratis/ratis-test/target/test/data/ca75353f/MiniRaftClusterWithGrpc52e54005/s2/d26acf42-c6a3-40ef-b2da-5d8bff2ac38c/current/log_134-160
2023-02-09 08:26:13,133 [grpc-default-executor-7] WARN  server.GrpcServerProtocolService (LogUtils.java:warn(124)) - s0: Failed APPEND_ENTRIES request s1->s0#156-t2,previous=(t:1, i:82),leaderCommit=160,initializing? true,entries: size=79, first=(t:2, i:83), CONFIGURATIONENTRY(current:id: "s0"
address: "localhost:42371"
dataStreamAddress: "localhost:43129"
clientAddress: "localhost:36379"
adminAddress: "localhost:36531"
startupRole: FOLLOWER
,id: "s1"
address: "localhost:35679"
dataStreamAddress: "localhost:42433"
clientAddress: "localhost:41371"
adminAddress: "localhost:44855"
startupRole: FOLLOWER
,id: "s2"
address: "localhost:39787"
dataStreamAddress: "localhost:33651"
clientAddress: "localhost:41113"
adminAddress: "localhost:44467"
startupRole: FOLLOWER
, old:)
java.util.concurrent.CompletionException: java.util.concurrent.RejectedExecutionException: Task java.util.concurrent.CompletableFuture$AsyncSupply@2a88197e rejected from java.util.concurrent.ThreadPoolExecutor@4ecb30e4[Terminated, pool size = 0, active threads = 0, queued tasks = 0, completed tasks = 0]
	at java.base/java.util.concurrent.CompletableFuture.encodeThrowable(CompletableFuture.java:314)
	at java.base/java.util.concurrent.CompletableFuture.uniComposeStage(CompletableFuture.java:1113)
	at java.base/java.util.concurrent.CompletableFuture.thenCompose(CompletableFuture.java:2235)
	at org.apache.ratis.server.impl.RaftServerProxy.appendEntriesAsync(RaftServerProxy.java:634)
	at org.apache.ratis.grpc.server.GrpcServerProtocolService$1.process(GrpcServerProtocolService.java:219)
	at org.apache.ratis.grpc.server.GrpcServerProtocolService$1.process(GrpcServerProtocolService.java:216)
	at org.apache.ratis.grpc.server.GrpcServerProtocolService$ServerRequestStreamObserver.onNext(GrpcServerProtocolService.java:124)
	at org.apache.ratis.thirdparty.io.grpc.stub.ServerCalls$StreamingServerCallHandler$StreamingServerCallListener.onMessage(ServerCalls.java:262)
	at org.apache.ratis.thirdparty.io.grpc.ForwardingServerCallListener.onMessage(ForwardingServerCallListener.java:33)
	at org.apache.ratis.thirdparty.io.grpc.internal.ServerCallImpl$ServerStreamListenerImpl.messagesAvailableInternal(ServerCallImpl.java:332)
	at org.apache.ratis.thirdparty.io.grpc.internal.ServerCallImpl$ServerStreamListenerImpl.messagesAvailable(ServerCallImpl.java:315)
	at org.apache.ratis.thirdparty.io.grpc.internal.ServerImpl$JumpToApplicationThreadServerStreamListener$1MessagesAvailable.runInContext(ServerImpl.java:834)
	at org.apache.ratis.thirdparty.io.grpc.internal.ContextRunnable.run(ContextRunnable.java:37)
	at org.apache.ratis.thirdparty.io.grpc.internal.SerializingExecutor.run(SerializingExecutor.java:133)
	at java.base/java.util.concurrent.ThreadPoolExecutor.runWorker(ThreadPoolExecutor.java:1128)
	at java.base/java.util.concurrent.ThreadPoolExecutor$Worker.run(ThreadPoolExecutor.java:628)
	at java.base/java.lang.Thread.run(Thread.java:829)
Caused by: java.util.concurrent.RejectedExecutionException: Task java.util.concurrent.CompletableFuture$AsyncSupply@2a88197e rejected from java.util.concurrent.ThreadPoolExecutor@4ecb30e4[Terminated, pool size = 0, active threads = 0, queued tasks = 0, completed tasks = 0]
	at java.base/java.util.concurrent.ThreadPoolExecutor$AbortPolicy.rejectedExecution(ThreadPoolExecutor.java:2055)
	at java.base/java.util.concurrent.ThreadPoolExecutor.reject(ThreadPoolExecutor.java:825)
	at java.base/java.util.concurrent.ThreadPoolExecutor.execute(ThreadPoolExecutor.java:1355)
	at java.base/java.util.concurrent.CompletableFuture.asyncSupplyStage(CompletableFuture.java:1714)
	at java.base/java.util.concurrent.CompletableFuture.supplyAsync(CompletableFuture.java:1931)
	at org.apache.ratis.server.impl.RaftServerImpl.executeSubmitServerRequestAsync(RaftServerImpl.java:817)
	at org.apache.ratis.server.impl.RaftServerProxy.lambda$appendEntriesAsync$27(RaftServerProxy.java:634)
	at java.base/java.util.concurrent.CompletableFuture.uniComposeStage(CompletableFuture.java:1106)
	... 15 more
2023-02-09 08:26:13,133 [s2@group-5D8BFF2AC38C-SegmentedRaftLogWorker] INFO  segmented.SegmentedRaftLogWorker (SegmentedRaftLogWorker.java:execute(592)) - s2@group-5D8BFF2AC38C-SegmentedRaftLogWorker: Rolled log segment from /home/runner/work/ratis/ratis/ratis-test/target/test/data/ca75353f/MiniRaftClusterWithGrpc52e54005/s2/d26acf42-c6a3-40ef-b2da-5d8bff2ac38c/current/log_inprogress_134 to /home/runner/work/ratis/ratis/ratis-test/target/test/data/ca75353f/MiniRaftClusterWithGrpc52e54005/s2/d26acf42-c6a3-40ef-b2da-5d8bff2ac38c/current/log_134-160
2023-02-09 08:26:13,135 [grpc-default-executor-9] WARN  server.GrpcLogAppender (LogUtils.java:warn(124)) - s1@group-5D8BFF2AC38C->s0-AppendLogResponseHandler: Failed appendEntries
java.util.concurrent.RejectedExecutionException: Task java.util.concurrent.CompletableFuture$AsyncSupply@2a88197e rejected from java.util.concurrent.ThreadPoolExecutor@4ecb30e4[Terminated, pool size = 0, active threads = 0, queued tasks = 0, completed tasks = 0]
	at java.base/java.util.concurrent.ThreadPoolExecutor$AbortPolicy.rejectedExecution(ThreadPoolExecutor.java:2055)
	at java.base/java.util.concurrent.ThreadPoolExecutor.reject(ThreadPoolExecutor.java:825)
	at java.base/java.util.concurrent.ThreadPoolExecutor.execute(ThreadPoolExecutor.java:1355)
	at java.base/java.util.concurrent.CompletableFuture.asyncSupplyStage(CompletableFuture.java:1714)
	at java.base/java.util.concurrent.CompletableFuture.supplyAsync(CompletableFuture.java:1931)
	at org.apache.ratis.server.impl.RaftServerImpl.executeSubmitServerRequestAsync(RaftServerImpl.java:817)
	at org.apache.ratis.server.impl.RaftServerProxy.lambda$appendEntriesAsync$27(RaftServerProxy.java:634)
	at java.base/java.util.concurrent.CompletableFuture.uniComposeStage(CompletableFuture.java:1106)
	at java.base/java.util.concurrent.CompletableFuture.thenCompose(CompletableFuture.java:2235)
	at org.apache.ratis.server.impl.RaftServerProxy.appendEntriesAsync(RaftServerProxy.java:634)
	at org.apache.ratis.grpc.server.GrpcServerProtocolService$1.process(GrpcServerProtocolService.java:219)
	at org.apache.ratis.grpc.server.GrpcServerProtocolService$1.process(GrpcServerProtocolService.java:216)
	at org.apache.ratis.grpc.server.GrpcServerProtocolService$ServerRequestStreamObserver.onNext(GrpcServerProtocolService.java:124)
	at org.apache.ratis.thirdparty.io.grpc.stub.ServerCalls$StreamingServerCallHandler$StreamingServerCallListener.onMessage(ServerCalls.java:262)
	at org.apache.ratis.thirdparty.io.grpc.ForwardingServerCallListener.onMessage(ForwardingServerCallListener.java:33)
	at org.apache.ratis.thirdparty.io.grpc.internal.ServerCallImpl$ServerStreamListenerImpl.messagesAvailableInternal(ServerCallImpl.java:332)
	at org.apache.ratis.thirdparty.io.grpc.internal.ServerCallImpl$ServerStreamListenerImpl.messagesAvailable(ServerCallImpl.java:315)
	at org.apache.ratis.thirdparty.io.grpc.internal.ServerImpl$JumpToApplicationThreadServerStreamListener$1MessagesAvailable.runInContext(ServerImpl.java:834)
	at org.apache.ratis.thirdparty.io.grpc.internal.ContextRunnable.run(ContextRunnable.java:37)
	at org.apache.ratis.thirdparty.io.grpc.internal.SerializingExecutor.run(SerializingExecutor.java:133)
	at java.base/java.util.concurrent.ThreadPoolExecutor.runWorker(ThreadPoolExecutor.java:1128)
	at java.base/java.util.concurrent.ThreadPoolExecutor$Worker.run(ThreadPoolExecutor.java:628)
	at java.base/java.lang.Thread.run(Thread.java:829)
2023-02-09 08:26:13,136 [grpc-default-executor-9] INFO  leader.FollowerInfo (FollowerInfoImpl.java:lambda$new$0(52)) - s1@group-5D8BFF2AC38C->s0: nextIndex: updateUnconditionally 162 -> 83
2023-02-09 08:26:13,136 [s1@group-5D8BFF2AC38C-SegmentedRaftLogWorker] INFO  segmented.SegmentedRaftLogWorker (SegmentedRaftLogWorker.java:execute(635)) - s1@group-5D8BFF2AC38C-SegmentedRaftLogWorker: created new log segment /home/runner/work/ratis/ratis/ratis-test/target/test/data/ca75353f/MiniRaftClusterWithGrpc52e54005/s1/d26acf42-c6a3-40ef-b2da-5d8bff2ac38c/current/log_inprogress_161
2023-02-09 08:26:13,137 [s2@group-5D8BFF2AC38C-SegmentedRaftLogWorker] INFO  segmented.SegmentedRaftLogWorker (SegmentedRaftLogWorker.java:execute(635)) - s2@group-5D8BFF2AC38C-SegmentedRaftLogWorker: created new log segment /home/runner/work/ratis/ratis/ratis-test/target/test/data/ca75353f/MiniRaftClusterWithGrpc52e54005/s2/d26acf42-c6a3-40ef-b2da-5d8bff2ac38c/current/log_inprogress_161
2023-02-09 08:26:13,138 [s1@group-5D8BFF2AC38C-StateMachineUpdater] INFO  impl.SimpleStateMachine4Testing (SimpleStateMachine4Testing.java:put(205)) - s1: put 161, m78 -> (t:2, i:161), STATEMACHINELOGENTRY, 464@client-F516C80A2025
2023-02-09 08:26:13,139 [s2-server-thread1] DEBUG raftlog.RaftLog (SegmentedRaftLog.java:appendImpl(446)) - truncateIndex=-1, arrayIndex=0
2023-02-09 08:26:13,139 [grpc-default-executor-2] WARN  server.GrpcServerProtocolService (LogUtils.java:warn(124)) - s0: Failed APPEND_ENTRIES request s1->s0#157-t2,previous=(t:1, i:82),leaderCommit=161,initializing? true,entries: size=79, first=(t:2, i:83), CONFIGURATIONENTRY(current:id: "s0"
address: "localhost:42371"
dataStreamAddress: "localhost:43129"
clientAddress: "localhost:36379"
adminAddress: "localhost:36531"
startupRole: FOLLOWER
,id: "s1"
address: "localhost:35679"
dataStreamAddress: "localhost:42433"
clientAddress: "localhost:41371"
adminAddress: "localhost:44855"
startupRole: FOLLOWER
,id: "s2"
address: "localhost:39787"
dataStreamAddress: "localhost:33651"
clientAddress: "localhost:41113"
adminAddress: "localhost:44467"
startupRole: FOLLOWER
, old:)
java.util.concurrent.CompletionException: java.util.concurrent.RejectedExecutionException: Task java.util.concurrent.CompletableFuture$AsyncSupply@4d643b68 rejected from java.util.concurrent.ThreadPoolExecutor@4ecb30e4[Terminated, pool size = 0, active threads = 0, queued tasks = 0, completed tasks = 0]
	at java.base/java.util.concurrent.CompletableFuture.encodeThrowable(CompletableFuture.java:314)
	at java.base/java.util.concurrent.CompletableFuture.uniComposeStage(CompletableFuture.java:1113)
	at java.base/java.util.concurrent.CompletableFuture.thenCompose(CompletableFuture.java:2235)
	at org.apache.ratis.server.impl.RaftServerProxy.appendEntriesAsync(RaftServerProxy.java:634)
	at org.apache.ratis.grpc.server.GrpcServerProtocolService$1.process(GrpcServerProtocolService.java:219)
	at org.apache.ratis.grpc.server.GrpcServerProtocolService$1.process(GrpcServerProtocolService.java:216)
	at org.apache.ratis.grpc.server.GrpcServerProtocolService$ServerRequestStreamObserver.onNext(GrpcServerProtocolService.java:124)
	at org.apache.ratis.thirdparty.io.grpc.stub.ServerCalls$StreamingServerCallHandler$StreamingServerCallListener.onMessage(ServerCalls.java:262)
	at org.apache.ratis.thirdparty.io.grpc.ForwardingServerCallListener.onMessage(ForwardingServerCallListener.java:33)
	at org.apache.ratis.thirdparty.io.grpc.internal.ServerCallImpl$ServerStreamListenerImpl.messagesAvailableInternal(ServerCallImpl.java:332)
	at org.apache.ratis.thirdparty.io.grpc.internal.ServerCallImpl$ServerStreamListenerImpl.messagesAvailable(ServerCallImpl.java:315)
	at org.apache.ratis.thirdparty.io.grpc.internal.ServerImpl$JumpToApplicationThreadServerStreamListener$1MessagesAvailable.runInContext(ServerImpl.java:834)
	at org.apache.ratis.thirdparty.io.grpc.internal.ContextRunnable.run(ContextRunnable.java:37)
	at org.apache.ratis.thirdparty.io.grpc.internal.SerializingExecutor.run(SerializingExecutor.java:133)
	at java.base/java.util.concurrent.ThreadPoolExecutor.runWorker(ThreadPoolExecutor.java:1128)
	at java.base/java.util.concurrent.ThreadPoolExecutor$Worker.run(ThreadPoolExecutor.java:628)
	at java.base/java.lang.Thread.run(Thread.java:829)
Caused by: java.util.concurrent.RejectedExecutionException: Task java.util.concurrent.CompletableFuture$AsyncSupply@4d643b68 rejected from java.util.concurrent.ThreadPoolExecutor@4ecb30e4[Terminated, pool size = 0, active threads = 0, queued tasks = 0, completed tasks = 0]
	at java.base/java.util.concurrent.ThreadPoolExecutor$AbortPolicy.rejectedExecution(ThreadPoolExecutor.java:2055)
	at java.base/java.util.concurrent.ThreadPoolExecutor.reject(ThreadPoolExecutor.java:825)
	at java.base/java.util.concurrent.ThreadPoolExecutor.execute(ThreadPoolExecutor.java:1355)
	at java.base/java.util.concurrent.CompletableFuture.asyncSupplyStage(CompletableFuture.java:1714)
	at java.base/java.util.concurrent.CompletableFuture.supplyAsync(CompletableFuture.java:1931)
	at org.apache.ratis.server.impl.RaftServerImpl.executeSubmitServerRequestAsync(RaftServerImpl.java:817)
	at org.apache.ratis.server.impl.RaftServerProxy.lambda$appendEntriesAsync$27(RaftServerProxy.java:634)
	at java.base/java.util.concurrent.CompletableFuture.uniComposeStage(CompletableFuture.java:1106)
	... 15 more
2023-02-09 08:26:13,140 [s2@group-5D8BFF2AC38C-StateMachineUpdater] INFO  impl.SimpleStateMachine4Testing (SimpleStateMachine4Testing.java:put(205)) - s2: put 161, m78 -> (t:2, i:161), STATEMACHINELOGENTRY, 464@client-F516C80A2025
2023-02-09 08:26:13,141 [grpc-default-executor-5] WARN  server.GrpcLogAppender (LogUtils.java:warn(124)) - s1@group-5D8BFF2AC38C->s0-AppendLogResponseHandler: Failed appendEntries
java.util.concurrent.RejectedExecutionException: Task java.util.concurrent.CompletableFuture$AsyncSupply@4d643b68 rejected from java.util.concurrent.ThreadPoolExecutor@4ecb30e4[Terminated, pool size = 0, active threads = 0, queued tasks = 0, completed tasks = 0]
	at java.base/java.util.concurrent.ThreadPoolExecutor$AbortPolicy.rejectedExecution(ThreadPoolExecutor.java:2055)
	at java.base/java.util.concurrent.ThreadPoolExecutor.reject(ThreadPoolExecutor.java:825)
	at java.base/java.util.concurrent.ThreadPoolExecutor.execute(ThreadPoolExecutor.java:1355)
	at java.base/java.util.concurrent.CompletableFuture.asyncSupplyStage(CompletableFuture.java:1714)
	at java.base/java.util.concurrent.CompletableFuture.supplyAsync(CompletableFuture.java:1931)
	at org.apache.ratis.server.impl.RaftServerImpl.executeSubmitServerRequestAsync(RaftServerImpl.java:817)
	at org.apache.ratis.server.impl.RaftServerProxy.lambda$appendEntriesAsync$27(RaftServerProxy.java:634)
	at java.base/java.util.concurrent.CompletableFuture.uniComposeStage(CompletableFuture.java:1106)
	at java.base/java.util.concurrent.CompletableFuture.thenCompose(CompletableFuture.java:2235)
	at org.apache.ratis.server.impl.RaftServerProxy.appendEntriesAsync(RaftServerProxy.java:634)
	at org.apache.ratis.grpc.server.GrpcServerProtocolService$1.process(GrpcServerProtocolService.java:219)
	at org.apache.ratis.grpc.server.GrpcServerProtocolService$1.process(GrpcServerProtocolService.java:216)
	at org.apache.ratis.grpc.server.GrpcServerProtocolService$ServerRequestStreamObserver.onNext(GrpcServerProtocolService.java:124)
	at org.apache.ratis.thirdparty.io.grpc.stub.ServerCalls$StreamingServerCallHandler$StreamingServerCallListener.onMessage(ServerCalls.java:262)
	at org.apache.ratis.thirdparty.io.grpc.ForwardingServerCallListener.onMessage(ForwardingServerCallListener.java:33)
	at org.apache.ratis.thirdparty.io.grpc.internal.ServerCallImpl$ServerStreamListenerImpl.messagesAvailableInternal(ServerCallImpl.java:332)
	at org.apache.ratis.thirdparty.io.grpc.internal.ServerCallImpl$ServerStreamListenerImpl.messagesAvailable(ServerCallImpl.java:315)
	at org.apache.ratis.thirdparty.io.grpc.internal.ServerImpl$JumpToApplicationThreadServerStreamListener$1MessagesAvailable.runInContext(ServerImpl.java:834)
	at org.apache.ratis.thirdparty.io.grpc.internal.ContextRunnable.run(ContextRunnable.java:37)
	at org.apache.ratis.thirdparty.io.grpc.internal.SerializingExecutor.run(SerializingExecutor.java:133)
	at java.base/java.util.concurrent.ThreadPoolExecutor.runWorker(ThreadPoolExecutor.java:1128)
	at java.base/java.util.concurrent.ThreadPoolExecutor$Worker.run(ThreadPoolExecutor.java:628)
	at java.base/java.lang.Thread.run(Thread.java:829)
2023-02-09 08:26:13,141 [grpc-default-executor-5] INFO  leader.FollowerInfo (FollowerInfoImpl.java:lambda$new$0(52)) - s1@group-5D8BFF2AC38C->s0: nextIndex: updateUnconditionally 162 -> 83
2023-02-09 08:26:13,142 [s2-server-thread1] DEBUG raftlog.RaftLog (SegmentedRaftLog.java:appendImpl(446)) - truncateIndex=-1, arrayIndex=0
2023-02-09 08:26:13,143 [grpc-default-executor-5] WARN  server.GrpcServerProtocolService (LogUtils.java:warn(124)) - s0: Failed APPEND_ENTRIES request s1->s0#159-t2,previous=(t:1, i:82),leaderCommit=161,initializing? true,entries: size=81, first=(t:2, i:83), CONFIGURATIONENTRY(current:id: "s0"
address: "localhost:42371"
dataStreamAddress: "localhost:43129"
clientAddress: "localhost:36379"
adminAddress: "localhost:36531"
startupRole: FOLLOWER
,id: "s1"
address: "localhost:35679"
dataStreamAddress: "localhost:42433"
clientAddress: "localhost:41371"
adminAddress: "localhost:44855"
startupRole: FOLLOWER
,id: "s2"
address: "localhost:39787"
dataStreamAddress: "localhost:33651"
clientAddress: "localhost:41113"
adminAddress: "localhost:44467"
startupRole: FOLLOWER
, old:)
java.util.concurrent.CompletionException: java.util.concurrent.RejectedExecutionException: Task java.util.concurrent.CompletableFuture$AsyncSupply@5f900335 rejected from java.util.concurrent.ThreadPoolExecutor@4ecb30e4[Terminated, pool size = 0, active threads = 0, queued tasks = 0, completed tasks = 0]
	at java.base/java.util.concurrent.CompletableFuture.encodeThrowable(CompletableFuture.java:314)
	at java.base/java.util.concurrent.CompletableFuture.uniComposeStage(CompletableFuture.java:1113)
	at java.base/java.util.concurrent.CompletableFuture.thenCompose(CompletableFuture.java:2235)
	at org.apache.ratis.server.impl.RaftServerProxy.appendEntriesAsync(RaftServerProxy.java:634)
	at org.apache.ratis.grpc.server.GrpcServerProtocolService$1.process(GrpcServerProtocolService.java:219)
	at org.apache.ratis.grpc.server.GrpcServerProtocolService$1.process(GrpcServerProtocolService.java:216)
	at org.apache.ratis.grpc.server.GrpcServerProtocolService$ServerRequestStreamObserver.onNext(GrpcServerProtocolService.java:124)
	at org.apache.ratis.thirdparty.io.grpc.stub.ServerCalls$StreamingServerCallHandler$StreamingServerCallListener.onMessage(ServerCalls.java:262)
	at org.apache.ratis.thirdparty.io.grpc.ForwardingServerCallListener.onMessage(ForwardingServerCallListener.java:33)
	at org.apache.ratis.thirdparty.io.grpc.internal.ServerCallImpl$ServerStreamListenerImpl.messagesAvailableInternal(ServerCallImpl.java:332)
	at org.apache.ratis.thirdparty.io.grpc.internal.ServerCallImpl$ServerStreamListenerImpl.messagesAvailable(ServerCallImpl.java:315)
	at org.apache.ratis.thirdparty.io.grpc.internal.ServerImpl$JumpToApplicationThreadServerStreamListener$1MessagesAvailable.runInContext(ServerImpl.java:834)
	at org.apache.ratis.thirdparty.io.grpc.internal.ContextRunnable.run(ContextRunnable.java:37)
	at org.apache.ratis.thirdparty.io.grpc.internal.SerializingExecutor.run(SerializingExecutor.java:133)
	at java.base/java.util.concurrent.ThreadPoolExecutor.runWorker(ThreadPoolExecutor.java:1128)
	at java.base/java.util.concurrent.ThreadPoolExecutor$Worker.run(ThreadPoolExecutor.java:628)
	at java.base/java.lang.Thread.run(Thread.java:829)
Caused by: java.util.concurrent.RejectedExecutionException: Task java.util.concurrent.CompletableFuture$AsyncSupply@5f900335 rejected from java.util.concurrent.ThreadPoolExecutor@4ecb30e4[Terminated, pool size = 0, active threads = 0, queued tasks = 0, completed tasks = 0]
	at java.base/java.util.concurrent.ThreadPoolExecutor$AbortPolicy.rejectedExecution(ThreadPoolExecutor.java:2055)
	at java.base/java.util.concurrent.ThreadPoolExecutor.reject(ThreadPoolExecutor.java:825)
	at java.base/java.util.concurrent.ThreadPoolExecutor.execute(ThreadPoolExecutor.java:1355)
	at java.base/java.util.concurrent.CompletableFuture.asyncSupplyStage(CompletableFuture.java:1714)
	at java.base/java.util.concurrent.CompletableFuture.supplyAsync(CompletableFuture.java:1931)
	at org.apache.ratis.server.impl.RaftServerImpl.executeSubmitServerRequestAsync(RaftServerImpl.java:817)
	at org.apache.ratis.server.impl.RaftServerProxy.lambda$appendEntriesAsync$27(RaftServerProxy.java:634)
	at java.base/java.util.concurrent.CompletableFuture.uniComposeStage(CompletableFuture.java:1106)
	... 15 more
2023-02-09 08:26:13,145 [grpc-default-executor-2] WARN  server.GrpcLogAppender (LogUtils.java:warn(124)) - s1@group-5D8BFF2AC38C->s0-AppendLogResponseHandler: Failed appendEntries
java.util.concurrent.RejectedExecutionException: Task java.util.concurrent.CompletableFuture$AsyncSupply@5f900335 rejected from java.util.concurrent.ThreadPoolExecutor@4ecb30e4[Terminated, pool size = 0, active threads = 0, queued tasks = 0, completed tasks = 0]
	at java.base/java.util.concurrent.ThreadPoolExecutor$AbortPolicy.rejectedExecution(ThreadPoolExecutor.java:2055)
	at java.base/java.util.concurrent.ThreadPoolExecutor.reject(ThreadPoolExecutor.java:825)
	at java.base/java.util.concurrent.ThreadPoolExecutor.execute(ThreadPoolExecutor.java:1355)
	at java.base/java.util.concurrent.CompletableFuture.asyncSupplyStage(CompletableFuture.java:1714)
	at java.base/java.util.concurrent.CompletableFuture.supplyAsync(CompletableFuture.java:1931)
	at org.apache.ratis.server.impl.RaftServerImpl.executeSubmitServerRequestAsync(RaftServerImpl.java:817)
	at org.apache.ratis.server.impl.RaftServerProxy.lambda$appendEntriesAsync$27(RaftServerProxy.java:634)
	at java.base/java.util.concurrent.CompletableFuture.uniComposeStage(CompletableFuture.java:1106)
	at java.base/java.util.concurrent.CompletableFuture.thenCompose(CompletableFuture.java:2235)
	at org.apache.ratis.server.impl.RaftServerProxy.appendEntriesAsync(RaftServerProxy.java:634)
	at org.apache.ratis.grpc.server.GrpcServerProtocolService$1.process(GrpcServerProtocolService.java:219)
	at org.apache.ratis.grpc.server.GrpcServerProtocolService$1.process(GrpcServerProtocolService.java:216)
	at org.apache.ratis.grpc.server.GrpcServerProtocolService$ServerRequestStreamObserver.onNext(GrpcServerProtocolService.java:124)
	at org.apache.ratis.thirdparty.io.grpc.stub.ServerCalls$StreamingServerCallHandler$StreamingServerCallListener.onMessage(ServerCalls.java:262)
	at org.apache.ratis.thirdparty.io.grpc.ForwardingServerCallListener.onMessage(ForwardingServerCallListener.java:33)
	at org.apache.ratis.thirdparty.io.grpc.internal.ServerCallImpl$ServerStreamListenerImpl.messagesAvailableInternal(ServerCallImpl.java:332)
	at org.apache.ratis.thirdparty.io.grpc.internal.ServerCallImpl$ServerStreamListenerImpl.messagesAvailable(ServerCallImpl.java:315)
	at org.apache.ratis.thirdparty.io.grpc.internal.ServerImpl$JumpToApplicationThreadServerStreamListener$1MessagesAvailable.runInContext(ServerImpl.java:834)
	at org.apache.ratis.thirdparty.io.grpc.internal.ContextRunnable.run(ContextRunnable.java:37)
	at org.apache.ratis.thirdparty.io.grpc.internal.SerializingExecutor.run(SerializingExecutor.java:133)
	at java.base/java.util.concurrent.ThreadPoolExecutor.runWorker(ThreadPoolExecutor.java:1128)
	at java.base/java.util.concurrent.ThreadPoolExecutor$Worker.run(ThreadPoolExecutor.java:628)
	at java.base/java.lang.Thread.run(Thread.java:829)
2023-02-09 08:26:13,145 [grpc-default-executor-2] INFO  leader.FollowerInfo (FollowerInfoImpl.java:lambda$new$0(52)) - s1@group-5D8BFF2AC38C->s0: nextIndex: updateUnconditionally 164 -> 83
2023-02-09 08:26:13,145 [s1@group-5D8BFF2AC38C-StateMachineUpdater] INFO  impl.SimpleStateMachine4Testing (SimpleStateMachine4Testing.java:put(205)) - s1: put 163, m79 -> (t:2, i:163), STATEMACHINELOGENTRY, 465@client-F516C80A2025
2023-02-09 08:26:13,146 [s2-server-thread1] DEBUG raftlog.RaftLog (SegmentedRaftLog.java:appendImpl(446)) - truncateIndex=-1, arrayIndex=0
2023-02-09 08:26:13,146 [s2@group-5D8BFF2AC38C-StateMachineUpdater] INFO  impl.SimpleStateMachine4Testing (SimpleStateMachine4Testing.java:put(205)) - s2: put 163, m79 -> (t:2, i:163), STATEMACHINELOGENTRY, 465@client-F516C80A2025
2023-02-09 08:26:13,146 [grpc-default-executor-7] WARN  server.GrpcServerProtocolService (LogUtils.java:warn(124)) - s0: Failed APPEND_ENTRIES request s1->s0#161-t2,previous=(t:1, i:82),leaderCommit=163,initializing? true,entries: size=82, first=(t:2, i:83), CONFIGURATIONENTRY(current:id: "s0"
address: "localhost:42371"
dataStreamAddress: "localhost:43129"
clientAddress: "localhost:36379"
adminAddress: "localhost:36531"
startupRole: FOLLOWER
,id: "s1"
address: "localhost:35679"
dataStreamAddress: "localhost:42433"
clientAddress: "localhost:41371"
adminAddress: "localhost:44855"
startupRole: FOLLOWER
,id: "s2"
address: "localhost:39787"
dataStreamAddress: "localhost:33651"
clientAddress: "localhost:41113"
adminAddress: "localhost:44467"
startupRole: FOLLOWER
, old:)
java.util.concurrent.CompletionException: java.util.concurrent.RejectedExecutionException: Task java.util.concurrent.CompletableFuture$AsyncSupply@6d16926c rejected from java.util.concurrent.ThreadPoolExecutor@4ecb30e4[Terminated, pool size = 0, active threads = 0, queued tasks = 0, completed tasks = 0]
	at java.base/java.util.concurrent.CompletableFuture.encodeThrowable(CompletableFuture.java:314)
	at java.base/java.util.concurrent.CompletableFuture.uniComposeStage(CompletableFuture.java:1113)
	at java.base/java.util.concurrent.CompletableFuture.thenCompose(CompletableFuture.java:2235)
	at org.apache.ratis.server.impl.RaftServerProxy.appendEntriesAsync(RaftServerProxy.java:634)
	at org.apache.ratis.grpc.server.GrpcServerProtocolService$1.process(GrpcServerProtocolService.java:219)
	at org.apache.ratis.grpc.server.GrpcServerProtocolService$1.process(GrpcServerProtocolService.java:216)
	at org.apache.ratis.grpc.server.GrpcServerProtocolService$ServerRequestStreamObserver.onNext(GrpcServerProtocolService.java:124)
	at org.apache.ratis.thirdparty.io.grpc.stub.ServerCalls$StreamingServerCallHandler$StreamingServerCallListener.onMessage(ServerCalls.java:262)
	at org.apache.ratis.thirdparty.io.grpc.ForwardingServerCallListener.onMessage(ForwardingServerCallListener.java:33)
	at org.apache.ratis.thirdparty.io.grpc.internal.ServerCallImpl$ServerStreamListenerImpl.messagesAvailableInternal(ServerCallImpl.java:332)
	at org.apache.ratis.thirdparty.io.grpc.internal.ServerCallImpl$ServerStreamListenerImpl.messagesAvailable(ServerCallImpl.java:315)
	at org.apache.ratis.thirdparty.io.grpc.internal.ServerImpl$JumpToApplicationThreadServerStreamListener$1MessagesAvailable.runInContext(ServerImpl.java:834)
	at org.apache.ratis.thirdparty.io.grpc.internal.ContextRunnable.run(ContextRunnable.java:37)
	at org.apache.ratis.thirdparty.io.grpc.internal.SerializingExecutor.run(SerializingExecutor.java:133)
	at java.base/java.util.concurrent.ThreadPoolExecutor.runWorker(ThreadPoolExecutor.java:1128)
	at java.base/java.util.concurrent.ThreadPoolExecutor$Worker.run(ThreadPoolExecutor.java:628)
	at java.base/java.lang.Thread.run(Thread.java:829)
Caused by: java.util.concurrent.RejectedExecutionException: Task java.util.concurrent.CompletableFuture$AsyncSupply@6d16926c rejected from java.util.concurrent.ThreadPoolExecutor@4ecb30e4[Terminated, pool size = 0, active threads = 0, queued tasks = 0, completed tasks = 0]
	at java.base/java.util.concurrent.ThreadPoolExecutor$AbortPolicy.rejectedExecution(ThreadPoolExecutor.java:2055)
	at java.base/java.util.concurrent.ThreadPoolExecutor.reject(ThreadPoolExecutor.java:825)
	at java.base/java.util.concurrent.ThreadPoolExecutor.execute(ThreadPoolExecutor.java:1355)
	at java.base/java.util.concurrent.CompletableFuture.asyncSupplyStage(CompletableFuture.java:1714)
	at java.base/java.util.concurrent.CompletableFuture.supplyAsync(CompletableFuture.java:1931)
	at org.apache.ratis.server.impl.RaftServerImpl.executeSubmitServerRequestAsync(RaftServerImpl.java:817)
	at org.apache.ratis.server.impl.RaftServerProxy.lambda$appendEntriesAsync$27(RaftServerProxy.java:634)
	at java.base/java.util.concurrent.CompletableFuture.uniComposeStage(CompletableFuture.java:1106)
	... 15 more
2023-02-09 08:26:13,148 [grpc-default-executor-5] WARN  server.GrpcLogAppender (LogUtils.java:warn(124)) - s1@group-5D8BFF2AC38C->s0-AppendLogResponseHandler: Failed appendEntries
java.util.concurrent.RejectedExecutionException: Task java.util.concurrent.CompletableFuture$AsyncSupply@6d16926c rejected from java.util.concurrent.ThreadPoolExecutor@4ecb30e4[Terminated, pool size = 0, active threads = 0, queued tasks = 0, completed tasks = 0]
	at java.base/java.util.concurrent.ThreadPoolExecutor$AbortPolicy.rejectedExecution(ThreadPoolExecutor.java:2055)
	at java.base/java.util.concurrent.ThreadPoolExecutor.reject(ThreadPoolExecutor.java:825)
	at java.base/java.util.concurrent.ThreadPoolExecutor.execute(ThreadPoolExecutor.java:1355)
	at java.base/java.util.concurrent.CompletableFuture.asyncSupplyStage(CompletableFuture.java:1714)
	at java.base/java.util.concurrent.CompletableFuture.supplyAsync(CompletableFuture.java:1931)
	at org.apache.ratis.server.impl.RaftServerImpl.executeSubmitServerRequestAsync(RaftServerImpl.java:817)
	at org.apache.ratis.server.impl.RaftServerProxy.lambda$appendEntriesAsync$27(RaftServerProxy.java:634)
	at java.base/java.util.concurrent.CompletableFuture.uniComposeStage(CompletableFuture.java:1106)
	at java.base/java.util.concurrent.CompletableFuture.thenCompose(CompletableFuture.java:2235)
	at org.apache.ratis.server.impl.RaftServerProxy.appendEntriesAsync(RaftServerProxy.java:634)
	at org.apache.ratis.grpc.server.GrpcServerProtocolService$1.process(GrpcServerProtocolService.java:219)
	at org.apache.ratis.grpc.server.GrpcServerProtocolService$1.process(GrpcServerProtocolService.java:216)
	at org.apache.ratis.grpc.server.GrpcServerProtocolService$ServerRequestStreamObserver.onNext(GrpcServerProtocolService.java:124)
	at org.apache.ratis.thirdparty.io.grpc.stub.ServerCalls$StreamingServerCallHandler$StreamingServerCallListener.onMessage(ServerCalls.java:262)
	at org.apache.ratis.thirdparty.io.grpc.ForwardingServerCallListener.onMessage(ForwardingServerCallListener.java:33)
	at org.apache.ratis.thirdparty.io.grpc.internal.ServerCallImpl$ServerStreamListenerImpl.messagesAvailableInternal(ServerCallImpl.java:332)
	at org.apache.ratis.thirdparty.io.grpc.internal.ServerCallImpl$ServerStreamListenerImpl.messagesAvailable(ServerCallImpl.java:315)
	at org.apache.ratis.thirdparty.io.grpc.internal.ServerImpl$JumpToApplicationThreadServerStreamListener$1MessagesAvailable.runInContext(ServerImpl.java:834)
	at org.apache.ratis.thirdparty.io.grpc.internal.ContextRunnable.run(ContextRunnable.java:37)
	at org.apache.ratis.thirdparty.io.grpc.internal.SerializingExecutor.run(SerializingExecutor.java:133)
	at java.base/java.util.concurrent.ThreadPoolExecutor.runWorker(ThreadPoolExecutor.java:1128)
	at java.base/java.util.concurrent.ThreadPoolExecutor$Worker.run(ThreadPoolExecutor.java:628)
	at java.base/java.lang.Thread.run(Thread.java:829)
2023-02-09 08:26:13,149 [grpc-default-executor-5] INFO  leader.FollowerInfo (FollowerInfoImpl.java:lambda$new$0(52)) - s1@group-5D8BFF2AC38C->s0: nextIndex: updateUnconditionally 165 -> 83
2023-02-09 08:26:13,149 [s2-server-thread1] DEBUG raftlog.RaftLog (SegmentedRaftLog.java:appendImpl(446)) - truncateIndex=-1, arrayIndex=0
2023-02-09 08:26:13,150 [grpc-default-executor-5] WARN  server.GrpcServerProtocolService (LogUtils.java:warn(124)) - s0: Failed APPEND_ENTRIES request s1->s0#163-t2,previous=(t:1, i:82),leaderCommit=163,initializing? true,entries: size=83, first=(t:2, i:83), CONFIGURATIONENTRY(current:id: "s0"
address: "localhost:42371"
dataStreamAddress: "localhost:43129"
clientAddress: "localhost:36379"
adminAddress: "localhost:36531"
startupRole: FOLLOWER
,id: "s1"
address: "localhost:35679"
dataStreamAddress: "localhost:42433"
clientAddress: "localhost:41371"
adminAddress: "localhost:44855"
startupRole: FOLLOWER
,id: "s2"
address: "localhost:39787"
dataStreamAddress: "localhost:33651"
clientAddress: "localhost:41113"
adminAddress: "localhost:44467"
startupRole: FOLLOWER
, old:)
java.util.concurrent.CompletionException: java.util.concurrent.RejectedExecutionException: Task java.util.concurrent.CompletableFuture$AsyncSupply@8df9007 rejected from java.util.concurrent.ThreadPoolExecutor@4ecb30e4[Terminated, pool size = 0, active threads = 0, queued tasks = 0, completed tasks = 0]
	at java.base/java.util.concurrent.CompletableFuture.encodeThrowable(CompletableFuture.java:314)
	at java.base/java.util.concurrent.CompletableFuture.uniComposeStage(CompletableFuture.java:1113)
	at java.base/java.util.concurrent.CompletableFuture.thenCompose(CompletableFuture.java:2235)
	at org.apache.ratis.server.impl.RaftServerProxy.appendEntriesAsync(RaftServerProxy.java:634)
	at org.apache.ratis.grpc.server.GrpcServerProtocolService$1.process(GrpcServerProtocolService.java:219)
	at org.apache.ratis.grpc.server.GrpcServerProtocolService$1.process(GrpcServerProtocolService.java:216)
	at org.apache.ratis.grpc.server.GrpcServerProtocolService$ServerRequestStreamObserver.onNext(GrpcServerProtocolService.java:124)
	at org.apache.ratis.thirdparty.io.grpc.stub.ServerCalls$StreamingServerCallHandler$StreamingServerCallListener.onMessage(ServerCalls.java:262)
	at org.apache.ratis.thirdparty.io.grpc.ForwardingServerCallListener.onMessage(ForwardingServerCallListener.java:33)
	at org.apache.ratis.thirdparty.io.grpc.internal.ServerCallImpl$ServerStreamListenerImpl.messagesAvailableInternal(ServerCallImpl.java:332)
	at org.apache.ratis.thirdparty.io.grpc.internal.ServerCallImpl$ServerStreamListenerImpl.messagesAvailable(ServerCallImpl.java:315)
	at org.apache.ratis.thirdparty.io.grpc.internal.ServerImpl$JumpToApplicationThreadServerStreamListener$1MessagesAvailable.runInContext(ServerImpl.java:834)
	at org.apache.ratis.thirdparty.io.grpc.internal.ContextRunnable.run(ContextRunnable.java:37)
	at org.apache.ratis.thirdparty.io.grpc.internal.SerializingExecutor.run(SerializingExecutor.java:133)
	at java.base/java.util.concurrent.ThreadPoolExecutor.runWorker(ThreadPoolExecutor.java:1128)
	at java.base/java.util.concurrent.ThreadPoolExecutor$Worker.run(ThreadPoolExecutor.java:628)
	at java.base/java.lang.Thread.run(Thread.java:829)
Caused by: java.util.concurrent.RejectedExecutionException: Task java.util.concurrent.CompletableFuture$AsyncSupply@8df9007 rejected from java.util.concurrent.ThreadPoolExecutor@4ecb30e4[Terminated, pool size = 0, active threads = 0, queued tasks = 0, completed tasks = 0]
	at java.base/java.util.concurrent.ThreadPoolExecutor$AbortPolicy.rejectedExecution(ThreadPoolExecutor.java:2055)
	at java.base/java.util.concurrent.ThreadPoolExecutor.reject(ThreadPoolExecutor.java:825)
	at java.base/java.util.concurrent.ThreadPoolExecutor.execute(ThreadPoolExecutor.java:1355)
	at java.base/java.util.concurrent.CompletableFuture.asyncSupplyStage(CompletableFuture.java:1714)
	at java.base/java.util.concurrent.CompletableFuture.supplyAsync(CompletableFuture.java:1931)
	at org.apache.ratis.server.impl.RaftServerImpl.executeSubmitServerRequestAsync(RaftServerImpl.java:817)
	at org.apache.ratis.server.impl.RaftServerProxy.lambda$appendEntriesAsync$27(RaftServerProxy.java:634)
	at java.base/java.util.concurrent.CompletableFuture.uniComposeStage(CompletableFuture.java:1106)
	... 15 more
2023-02-09 08:26:13,152 [grpc-default-executor-7] WARN  server.GrpcLogAppender (LogUtils.java:warn(124)) - s1@group-5D8BFF2AC38C->s0-AppendLogResponseHandler: Failed appendEntries
java.util.concurrent.RejectedExecutionException: Task java.util.concurrent.CompletableFuture$AsyncSupply@8df9007 rejected from java.util.concurrent.ThreadPoolExecutor@4ecb30e4[Terminated, pool size = 0, active threads = 0, queued tasks = 0, completed tasks = 0]
	at java.base/java.util.concurrent.ThreadPoolExecutor$AbortPolicy.rejectedExecution(ThreadPoolExecutor.java:2055)
	at java.base/java.util.concurrent.ThreadPoolExecutor.reject(ThreadPoolExecutor.java:825)
	at java.base/java.util.concurrent.ThreadPoolExecutor.execute(ThreadPoolExecutor.java:1355)
	at java.base/java.util.concurrent.CompletableFuture.asyncSupplyStage(CompletableFuture.java:1714)
	at java.base/java.util.concurrent.CompletableFuture.supplyAsync(CompletableFuture.java:1931)
	at org.apache.ratis.server.impl.RaftServerImpl.executeSubmitServerRequestAsync(RaftServerImpl.java:817)
	at org.apache.ratis.server.impl.RaftServerProxy.lambda$appendEntriesAsync$27(RaftServerProxy.java:634)
	at java.base/java.util.concurrent.CompletableFuture.uniComposeStage(CompletableFuture.java:1106)
	at java.base/java.util.concurrent.CompletableFuture.thenCompose(CompletableFuture.java:2235)
	at org.apache.ratis.server.impl.RaftServerProxy.appendEntriesAsync(RaftServerProxy.java:634)
	at org.apache.ratis.grpc.server.GrpcServerProtocolService$1.process(GrpcServerProtocolService.java:219)
	at org.apache.ratis.grpc.server.GrpcServerProtocolService$1.process(GrpcServerProtocolService.java:216)
	at org.apache.ratis.grpc.server.GrpcServerProtocolService$ServerRequestStreamObserver.onNext(GrpcServerProtocolService.java:124)
	at org.apache.ratis.thirdparty.io.grpc.stub.ServerCalls$StreamingServerCallHandler$StreamingServerCallListener.onMessage(ServerCalls.java:262)
	at org.apache.ratis.thirdparty.io.grpc.ForwardingServerCallListener.onMessage(ForwardingServerCallListener.java:33)
	at org.apache.ratis.thirdparty.io.grpc.internal.ServerCallImpl$ServerStreamListenerImpl.messagesAvailableInternal(ServerCallImpl.java:332)
	at org.apache.ratis.thirdparty.io.grpc.internal.ServerCallImpl$ServerStreamListenerImpl.messagesAvailable(ServerCallImpl.java:315)
	at org.apache.ratis.thirdparty.io.grpc.internal.ServerImpl$JumpToApplicationThreadServerStreamListener$1MessagesAvailable.runInContext(ServerImpl.java:834)
	at org.apache.ratis.thirdparty.io.grpc.internal.ContextRunnable.run(ContextRunnable.java:37)
	at org.apache.ratis.thirdparty.io.grpc.internal.SerializingExecutor.run(SerializingExecutor.java:133)
	at java.base/java.util.concurrent.ThreadPoolExecutor.runWorker(ThreadPoolExecutor.java:1128)
	at java.base/java.util.concurrent.ThreadPoolExecutor$Worker.run(ThreadPoolExecutor.java:628)
	at java.base/java.lang.Thread.run(Thread.java:829)
2023-02-09 08:26:13,152 [grpc-default-executor-7] INFO  leader.FollowerInfo (FollowerInfoImpl.java:lambda$new$0(52)) - s1@group-5D8BFF2AC38C->s0: nextIndex: updateUnconditionally 166 -> 83
2023-02-09 08:26:13,153 [grpc-default-executor-5] WARN  server.GrpcServerProtocolService (LogUtils.java:warn(124)) - s0: Failed APPEND_ENTRIES request s1->s0#164-t2,previous=(t:1, i:82),leaderCommit=164,initializing? true,entries: size=83, first=(t:2, i:83), CONFIGURATIONENTRY(current:id: "s0"
address: "localhost:42371"
dataStreamAddress: "localhost:43129"
clientAddress: "localhost:36379"
adminAddress: "localhost:36531"
startupRole: FOLLOWER
,id: "s1"
address: "localhost:35679"
dataStreamAddress: "localhost:42433"
clientAddress: "localhost:41371"
adminAddress: "localhost:44855"
startupRole: FOLLOWER
,id: "s2"
address: "localhost:39787"
dataStreamAddress: "localhost:33651"
clientAddress: "localhost:41113"
adminAddress: "localhost:44467"
startupRole: FOLLOWER
, old:)
java.util.concurrent.CompletionException: java.util.concurrent.RejectedExecutionException: Task java.util.concurrent.CompletableFuture$AsyncSupply@79dba803 rejected from java.util.concurrent.ThreadPoolExecutor@4ecb30e4[Terminated, pool size = 0, active threads = 0, queued tasks = 0, completed tasks = 0]
	at java.base/java.util.concurrent.CompletableFuture.encodeThrowable(CompletableFuture.java:314)
	at java.base/java.util.concurrent.CompletableFuture.uniComposeStage(CompletableFuture.java:1113)
	at java.base/java.util.concurrent.CompletableFuture.thenCompose(CompletableFuture.java:2235)
	at org.apache.ratis.server.impl.RaftServerProxy.appendEntriesAsync(RaftServerProxy.java:634)
	at org.apache.ratis.grpc.server.GrpcServerProtocolService$1.process(GrpcServerProtocolService.java:219)
	at org.apache.ratis.grpc.server.GrpcServerProtocolService$1.process(GrpcServerProtocolService.java:216)
	at org.apache.ratis.grpc.server.GrpcServerProtocolService$ServerRequestStreamObserver.onNext(GrpcServerProtocolService.java:124)
	at org.apache.ratis.thirdparty.io.grpc.stub.ServerCalls$StreamingServerCallHandler$StreamingServerCallListener.onMessage(ServerCalls.java:262)
	at org.apache.ratis.thirdparty.io.grpc.ForwardingServerCallListener.onMessage(ForwardingServerCallListener.java:33)
	at org.apache.ratis.thirdparty.io.grpc.internal.ServerCallImpl$ServerStreamListenerImpl.messagesAvailableInternal(ServerCallImpl.java:332)
	at org.apache.ratis.thirdparty.io.grpc.internal.ServerCallImpl$ServerStreamListenerImpl.messagesAvailable(ServerCallImpl.java:315)
	at org.apache.ratis.thirdparty.io.grpc.internal.ServerImpl$JumpToApplicationThreadServerStreamListener$1MessagesAvailable.runInContext(ServerImpl.java:834)
	at org.apache.ratis.thirdparty.io.grpc.internal.ContextRunnable.run(ContextRunnable.java:37)
	at org.apache.ratis.thirdparty.io.grpc.internal.SerializingExecutor.run(SerializingExecutor.java:133)
	at java.base/java.util.concurrent.ThreadPoolExecutor.runWorker(ThreadPoolExecutor.java:1128)
	at java.base/java.util.concurrent.ThreadPoolExecutor$Worker.run(ThreadPoolExecutor.java:628)
	at java.base/java.lang.Thread.run(Thread.java:829)
Caused by: java.util.concurrent.RejectedExecutionException: Task java.util.concurrent.CompletableFuture$AsyncSupply@79dba803 rejected from java.util.concurrent.ThreadPoolExecutor@4ecb30e4[Terminated, pool size = 0, active threads = 0, queued tasks = 0, completed tasks = 0]
	at java.base/java.util.concurrent.ThreadPoolExecutor$AbortPolicy.rejectedExecution(ThreadPoolExecutor.java:2055)
	at java.base/java.util.concurrent.ThreadPoolExecutor.reject(ThreadPoolExecutor.java:825)
	at java.base/java.util.concurrent.ThreadPoolExecutor.execute(ThreadPoolExecutor.java:1355)
	at java.base/java.util.concurrent.CompletableFuture.asyncSupplyStage(CompletableFuture.java:1714)
	at java.base/java.util.concurrent.CompletableFuture.supplyAsync(CompletableFuture.java:1931)
	at org.apache.ratis.server.impl.RaftServerImpl.executeSubmitServerRequestAsync(RaftServerImpl.java:817)
	at org.apache.ratis.server.impl.RaftServerProxy.lambda$appendEntriesAsync$27(RaftServerProxy.java:634)
	at java.base/java.util.concurrent.CompletableFuture.uniComposeStage(CompletableFuture.java:1106)
	... 15 more
2023-02-09 08:26:13,155 [grpc-default-executor-5] WARN  server.GrpcLogAppender (LogUtils.java:warn(124)) - s1@group-5D8BFF2AC38C->s0-AppendLogResponseHandler: Failed appendEntries
java.util.concurrent.RejectedExecutionException: Task java.util.concurrent.CompletableFuture$AsyncSupply@79dba803 rejected from java.util.concurrent.ThreadPoolExecutor@4ecb30e4[Terminated, pool size = 0, active threads = 0, queued tasks = 0, completed tasks = 0]
	at java.base/java.util.concurrent.ThreadPoolExecutor$AbortPolicy.rejectedExecution(ThreadPoolExecutor.java:2055)
	at java.base/java.util.concurrent.ThreadPoolExecutor.reject(ThreadPoolExecutor.java:825)
	at java.base/java.util.concurrent.ThreadPoolExecutor.execute(ThreadPoolExecutor.java:1355)
	at java.base/java.util.concurrent.CompletableFuture.asyncSupplyStage(CompletableFuture.java:1714)
	at java.base/java.util.concurrent.CompletableFuture.supplyAsync(CompletableFuture.java:1931)
	at org.apache.ratis.server.impl.RaftServerImpl.executeSubmitServerRequestAsync(RaftServerImpl.java:817)
	at org.apache.ratis.server.impl.RaftServerProxy.lambda$appendEntriesAsync$27(RaftServerProxy.java:634)
	at java.base/java.util.concurrent.CompletableFuture.uniComposeStage(CompletableFuture.java:1106)
	at java.base/java.util.concurrent.CompletableFuture.thenCompose(CompletableFuture.java:2235)
	at org.apache.ratis.server.impl.RaftServerProxy.appendEntriesAsync(RaftServerProxy.java:634)
	at org.apache.ratis.grpc.server.GrpcServerProtocolService$1.process(GrpcServerProtocolService.java:219)
	at org.apache.ratis.grpc.server.GrpcServerProtocolService$1.process(GrpcServerProtocolService.java:216)
	at org.apache.ratis.grpc.server.GrpcServerProtocolService$ServerRequestStreamObserver.onNext(GrpcServerProtocolService.java:124)
	at org.apache.ratis.thirdparty.io.grpc.stub.ServerCalls$StreamingServerCallHandler$StreamingServerCallListener.onMessage(ServerCalls.java:262)
	at org.apache.ratis.thirdparty.io.grpc.ForwardingServerCallListener.onMessage(ForwardingServerCallListener.java:33)
	at org.apache.ratis.thirdparty.io.grpc.internal.ServerCallImpl$ServerStreamListenerImpl.messagesAvailableInternal(ServerCallImpl.java:332)
	at org.apache.ratis.thirdparty.io.grpc.internal.ServerCallImpl$ServerStreamListenerImpl.messagesAvailable(ServerCallImpl.java:315)
	at org.apache.ratis.thirdparty.io.grpc.internal.ServerImpl$JumpToApplicationThreadServerStreamListener$1MessagesAvailable.runInContext(ServerImpl.java:834)
	at org.apache.ratis.thirdparty.io.grpc.internal.ContextRunnable.run(ContextRunnable.java:37)
	at org.apache.ratis.thirdparty.io.grpc.internal.SerializingExecutor.run(SerializingExecutor.java:133)
	at java.base/java.util.concurrent.ThreadPoolExecutor.runWorker(ThreadPoolExecutor.java:1128)
	at java.base/java.util.concurrent.ThreadPoolExecutor$Worker.run(ThreadPoolExecutor.java:628)
	at java.base/java.lang.Thread.run(Thread.java:829)
2023-02-09 08:26:13,155 [grpc-default-executor-5] INFO  leader.FollowerInfo (FollowerInfoImpl.java:lambda$new$0(52)) - s1@group-5D8BFF2AC38C->s0: nextIndex: updateUnconditionally 166 -> 83
2023-02-09 08:26:13,155 [s1@group-5D8BFF2AC38C-StateMachineUpdater] INFO  impl.SimpleStateMachine4Testing (SimpleStateMachine4Testing.java:put(205)) - s1: put 165, m80 -> (t:2, i:165), STATEMACHINELOGENTRY, 466@client-F516C80A2025
2023-02-09 08:26:13,157 [s2-server-thread1] DEBUG raftlog.RaftLog (SegmentedRaftLog.java:appendImpl(446)) - truncateIndex=-1, arrayIndex=0
2023-02-09 08:26:13,157 [grpc-default-executor-5] WARN  server.GrpcServerProtocolService (LogUtils.java:warn(124)) - s0: Failed APPEND_ENTRIES request s1->s0#165-t2,previous=(t:1, i:82),leaderCommit=165,initializing? true,entries: size=84, first=(t:2, i:83), CONFIGURATIONENTRY(current:id: "s0"
address: "localhost:42371"
dataStreamAddress: "localhost:43129"
clientAddress: "localhost:36379"
adminAddress: "localhost:36531"
startupRole: FOLLOWER
,id: "s1"
address: "localhost:35679"
dataStreamAddress: "localhost:42433"
clientAddress: "localhost:41371"
adminAddress: "localhost:44855"
startupRole: FOLLOWER
,id: "s2"
address: "localhost:39787"
dataStreamAddress: "localhost:33651"
clientAddress: "localhost:41113"
adminAddress: "localhost:44467"
startupRole: FOLLOWER
, old:)
java.util.concurrent.CompletionException: java.util.concurrent.RejectedExecutionException: Task java.util.concurrent.CompletableFuture$AsyncSupply@2b4e3f24 rejected from java.util.concurrent.ThreadPoolExecutor@4ecb30e4[Terminated, pool size = 0, active threads = 0, queued tasks = 0, completed tasks = 0]
	at java.base/java.util.concurrent.CompletableFuture.encodeThrowable(CompletableFuture.java:314)
	at java.base/java.util.concurrent.CompletableFuture.uniComposeStage(CompletableFuture.java:1113)
	at java.base/java.util.concurrent.CompletableFuture.thenCompose(CompletableFuture.java:2235)
	at org.apache.ratis.server.impl.RaftServerProxy.appendEntriesAsync(RaftServerProxy.java:634)
	at org.apache.ratis.grpc.server.GrpcServerProtocolService$1.process(GrpcServerProtocolService.java:219)
	at org.apache.ratis.grpc.server.GrpcServerProtocolService$1.process(GrpcServerProtocolService.java:216)
	at org.apache.ratis.grpc.server.GrpcServerProtocolService$ServerRequestStreamObserver.onNext(GrpcServerProtocolService.java:124)
	at org.apache.ratis.thirdparty.io.grpc.stub.ServerCalls$StreamingServerCallHandler$StreamingServerCallListener.onMessage(ServerCalls.java:262)
	at org.apache.ratis.thirdparty.io.grpc.ForwardingServerCallListener.onMessage(ForwardingServerCallListener.java:33)
	at org.apache.ratis.thirdparty.io.grpc.internal.ServerCallImpl$ServerStreamListenerImpl.messagesAvailableInternal(ServerCallImpl.java:332)
	at org.apache.ratis.thirdparty.io.grpc.internal.ServerCallImpl$ServerStreamListenerImpl.messagesAvailable(ServerCallImpl.java:315)
	at org.apache.ratis.thirdparty.io.grpc.internal.ServerImpl$JumpToApplicationThreadServerStreamListener$1MessagesAvailable.runInContext(ServerImpl.java:834)
	at org.apache.ratis.thirdparty.io.grpc.internal.ContextRunnable.run(ContextRunnable.java:37)
	at org.apache.ratis.thirdparty.io.grpc.internal.SerializingExecutor.run(SerializingExecutor.java:133)
	at java.base/java.util.concurrent.ThreadPoolExecutor.runWorker(ThreadPoolExecutor.java:1128)
	at java.base/java.util.concurrent.ThreadPoolExecutor$Worker.run(ThreadPoolExecutor.java:628)
	at java.base/java.lang.Thread.run(Thread.java:829)
Caused by: java.util.concurrent.RejectedExecutionException: Task java.util.concurrent.CompletableFuture$AsyncSupply@2b4e3f24 rejected from java.util.concurrent.ThreadPoolExecutor@4ecb30e4[Terminated, pool size = 0, active threads = 0, queued tasks = 0, completed tasks = 0]
	at java.base/java.util.concurrent.ThreadPoolExecutor$AbortPolicy.rejectedExecution(ThreadPoolExecutor.java:2055)
	at java.base/java.util.concurrent.ThreadPoolExecutor.reject(ThreadPoolExecutor.java:825)
	at java.base/java.util.concurrent.ThreadPoolExecutor.execute(ThreadPoolExecutor.java:1355)
	at java.base/java.util.concurrent.CompletableFuture.asyncSupplyStage(CompletableFuture.java:1714)
	at java.base/java.util.concurrent.CompletableFuture.supplyAsync(CompletableFuture.java:1931)
	at org.apache.ratis.server.impl.RaftServerImpl.executeSubmitServerRequestAsync(RaftServerImpl.java:817)
	at org.apache.ratis.server.impl.RaftServerProxy.lambda$appendEntriesAsync$27(RaftServerProxy.java:634)
	at java.base/java.util.concurrent.CompletableFuture.uniComposeStage(CompletableFuture.java:1106)
	... 15 more
2023-02-09 08:26:13,157 [s2@group-5D8BFF2AC38C-StateMachineUpdater] INFO  impl.SimpleStateMachine4Testing (SimpleStateMachine4Testing.java:put(205)) - s2: put 165, m80 -> (t:2, i:165), STATEMACHINELOGENTRY, 466@client-F516C80A2025
2023-02-09 08:26:13,159 [grpc-default-executor-7] WARN  server.GrpcLogAppender (LogUtils.java:warn(124)) - s1@group-5D8BFF2AC38C->s0-AppendLogResponseHandler: Failed appendEntries
java.util.concurrent.RejectedExecutionException: Task java.util.concurrent.CompletableFuture$AsyncSupply@2b4e3f24 rejected from java.util.concurrent.ThreadPoolExecutor@4ecb30e4[Terminated, pool size = 0, active threads = 0, queued tasks = 0, completed tasks = 0]
	at java.base/java.util.concurrent.ThreadPoolExecutor$AbortPolicy.rejectedExecution(ThreadPoolExecutor.java:2055)
	at java.base/java.util.concurrent.ThreadPoolExecutor.reject(ThreadPoolExecutor.java:825)
	at java.base/java.util.concurrent.ThreadPoolExecutor.execute(ThreadPoolExecutor.java:1355)
	at java.base/java.util.concurrent.CompletableFuture.asyncSupplyStage(CompletableFuture.java:1714)
	at java.base/java.util.concurrent.CompletableFuture.supplyAsync(CompletableFuture.java:1931)
	at org.apache.ratis.server.impl.RaftServerImpl.executeSubmitServerRequestAsync(RaftServerImpl.java:817)
	at org.apache.ratis.server.impl.RaftServerProxy.lambda$appendEntriesAsync$27(RaftServerProxy.java:634)
	at java.base/java.util.concurrent.CompletableFuture.uniComposeStage(CompletableFuture.java:1106)
	at java.base/java.util.concurrent.CompletableFuture.thenCompose(CompletableFuture.java:2235)
	at org.apache.ratis.server.impl.RaftServerProxy.appendEntriesAsync(RaftServerProxy.java:634)
	at org.apache.ratis.grpc.server.GrpcServerProtocolService$1.process(GrpcServerProtocolService.java:219)
	at org.apache.ratis.grpc.server.GrpcServerProtocolService$1.process(GrpcServerProtocolService.java:216)
	at org.apache.ratis.grpc.server.GrpcServerProtocolService$ServerRequestStreamObserver.onNext(GrpcServerProtocolService.java:124)
	at org.apache.ratis.thirdparty.io.grpc.stub.ServerCalls$StreamingServerCallHandler$StreamingServerCallListener.onMessage(ServerCalls.java:262)
	at org.apache.ratis.thirdparty.io.grpc.ForwardingServerCallListener.onMessage(ForwardingServerCallListener.java:33)
	at org.apache.ratis.thirdparty.io.grpc.internal.ServerCallImpl$ServerStreamListenerImpl.messagesAvailableInternal(ServerCallImpl.java:332)
	at org.apache.ratis.thirdparty.io.grpc.internal.ServerCallImpl$ServerStreamListenerImpl.messagesAvailable(ServerCallImpl.java:315)
	at org.apache.ratis.thirdparty.io.grpc.internal.ServerImpl$JumpToApplicationThreadServerStreamListener$1MessagesAvailable.runInContext(ServerImpl.java:834)
	at org.apache.ratis.thirdparty.io.grpc.internal.ContextRunnable.run(ContextRunnable.java:37)
	at org.apache.ratis.thirdparty.io.grpc.internal.SerializingExecutor.run(SerializingExecutor.java:133)
	at java.base/java.util.concurrent.ThreadPoolExecutor.runWorker(ThreadPoolExecutor.java:1128)
	at java.base/java.util.concurrent.ThreadPoolExecutor$Worker.run(ThreadPoolExecutor.java:628)
	at java.base/java.lang.Thread.run(Thread.java:829)
2023-02-09 08:26:13,160 [grpc-default-executor-7] INFO  leader.FollowerInfo (FollowerInfoImpl.java:lambda$new$0(52)) - s1@group-5D8BFF2AC38C->s0: nextIndex: updateUnconditionally 167 -> 83
2023-02-09 08:26:13,160 [s2-server-thread1] DEBUG raftlog.RaftLog (SegmentedRaftLog.java:appendImpl(446)) - truncateIndex=-1, arrayIndex=0
2023-02-09 08:26:13,161 [grpc-default-executor-5] WARN  server.GrpcServerProtocolService (LogUtils.java:warn(124)) - s0: Failed APPEND_ENTRIES request s1->s0#167-t2,previous=(t:1, i:82),leaderCommit=165,initializing? true,entries: size=85, first=(t:2, i:83), CONFIGURATIONENTRY(current:id: "s0"
address: "localhost:42371"
dataStreamAddress: "localhost:43129"
clientAddress: "localhost:36379"
adminAddress: "localhost:36531"
startupRole: FOLLOWER
,id: "s1"
address: "localhost:35679"
dataStreamAddress: "localhost:42433"
clientAddress: "localhost:41371"
adminAddress: "localhost:44855"
startupRole: FOLLOWER
,id: "s2"
address: "localhost:39787"
dataStreamAddress: "localhost:33651"
clientAddress: "localhost:41113"
adminAddress: "localhost:44467"
startupRole: FOLLOWER
, old:)
java.util.concurrent.CompletionException: java.util.concurrent.RejectedExecutionException: Task java.util.concurrent.CompletableFuture$AsyncSupply@4dff42e7 rejected from java.util.concurrent.ThreadPoolExecutor@4ecb30e4[Terminated, pool size = 0, active threads = 0, queued tasks = 0, completed tasks = 0]
	at java.base/java.util.concurrent.CompletableFuture.encodeThrowable(CompletableFuture.java:314)
	at java.base/java.util.concurrent.CompletableFuture.uniComposeStage(CompletableFuture.java:1113)
	at java.base/java.util.concurrent.CompletableFuture.thenCompose(CompletableFuture.java:2235)
	at org.apache.ratis.server.impl.RaftServerProxy.appendEntriesAsync(RaftServerProxy.java:634)
	at org.apache.ratis.grpc.server.GrpcServerProtocolService$1.process(GrpcServerProtocolService.java:219)
	at org.apache.ratis.grpc.server.GrpcServerProtocolService$1.process(GrpcServerProtocolService.java:216)
	at org.apache.ratis.grpc.server.GrpcServerProtocolService$ServerRequestStreamObserver.onNext(GrpcServerProtocolService.java:124)
	at org.apache.ratis.thirdparty.io.grpc.stub.ServerCalls$StreamingServerCallHandler$StreamingServerCallListener.onMessage(ServerCalls.java:262)
	at org.apache.ratis.thirdparty.io.grpc.ForwardingServerCallListener.onMessage(ForwardingServerCallListener.java:33)
	at org.apache.ratis.thirdparty.io.grpc.internal.ServerCallImpl$ServerStreamListenerImpl.messagesAvailableInternal(ServerCallImpl.java:332)
	at org.apache.ratis.thirdparty.io.grpc.internal.ServerCallImpl$ServerStreamListenerImpl.messagesAvailable(ServerCallImpl.java:315)
	at org.apache.ratis.thirdparty.io.grpc.internal.ServerImpl$JumpToApplicationThreadServerStreamListener$1MessagesAvailable.runInContext(ServerImpl.java:834)
	at org.apache.ratis.thirdparty.io.grpc.internal.ContextRunnable.run(ContextRunnable.java:37)
	at org.apache.ratis.thirdparty.io.grpc.internal.SerializingExecutor.run(SerializingExecutor.java:133)
	at java.base/java.util.concurrent.ThreadPoolExecutor.runWorker(ThreadPoolExecutor.java:1128)
	at java.base/java.util.concurrent.ThreadPoolExecutor$Worker.run(ThreadPoolExecutor.java:628)
	at java.base/java.lang.Thread.run(Thread.java:829)
Caused by: java.util.concurrent.RejectedExecutionException: Task java.util.concurrent.CompletableFuture$AsyncSupply@4dff42e7 rejected from java.util.concurrent.ThreadPoolExecutor@4ecb30e4[Terminated, pool size = 0, active threads = 0, queued tasks = 0, completed tasks = 0]
	at java.base/java.util.concurrent.ThreadPoolExecutor$AbortPolicy.rejectedExecution(ThreadPoolExecutor.java:2055)
	at java.base/java.util.concurrent.ThreadPoolExecutor.reject(ThreadPoolExecutor.java:825)
	at java.base/java.util.concurrent.ThreadPoolExecutor.execute(ThreadPoolExecutor.java:1355)
	at java.base/java.util.concurrent.CompletableFuture.asyncSupplyStage(CompletableFuture.java:1714)
	at java.base/java.util.concurrent.CompletableFuture.supplyAsync(CompletableFuture.java:1931)
	at org.apache.ratis.server.impl.RaftServerImpl.executeSubmitServerRequestAsync(RaftServerImpl.java:817)
	at org.apache.ratis.server.impl.RaftServerProxy.lambda$appendEntriesAsync$27(RaftServerProxy.java:634)
	at java.base/java.util.concurrent.CompletableFuture.uniComposeStage(CompletableFuture.java:1106)
	... 15 more
2023-02-09 08:26:13,163 [grpc-default-executor-9] WARN  server.GrpcLogAppender (LogUtils.java:warn(124)) - s1@group-5D8BFF2AC38C->s0-AppendLogResponseHandler: Failed appendEntries
java.util.concurrent.RejectedExecutionException: Task java.util.concurrent.CompletableFuture$AsyncSupply@4dff42e7 rejected from java.util.concurrent.ThreadPoolExecutor@4ecb30e4[Terminated, pool size = 0, active threads = 0, queued tasks = 0, completed tasks = 0]
	at java.base/java.util.concurrent.ThreadPoolExecutor$AbortPolicy.rejectedExecution(ThreadPoolExecutor.java:2055)
	at java.base/java.util.concurrent.ThreadPoolExecutor.reject(ThreadPoolExecutor.java:825)
	at java.base/java.util.concurrent.ThreadPoolExecutor.execute(ThreadPoolExecutor.java:1355)
	at java.base/java.util.concurrent.CompletableFuture.asyncSupplyStage(CompletableFuture.java:1714)
	at java.base/java.util.concurrent.CompletableFuture.supplyAsync(CompletableFuture.java:1931)
	at org.apache.ratis.server.impl.RaftServerImpl.executeSubmitServerRequestAsync(RaftServerImpl.java:817)
	at org.apache.ratis.server.impl.RaftServerProxy.lambda$appendEntriesAsync$27(RaftServerProxy.java:634)
	at java.base/java.util.concurrent.CompletableFuture.uniComposeStage(CompletableFuture.java:1106)
	at java.base/java.util.concurrent.CompletableFuture.thenCompose(CompletableFuture.java:2235)
	at org.apache.ratis.server.impl.RaftServerProxy.appendEntriesAsync(RaftServerProxy.java:634)
	at org.apache.ratis.grpc.server.GrpcServerProtocolService$1.process(GrpcServerProtocolService.java:219)
	at org.apache.ratis.grpc.server.GrpcServerProtocolService$1.process(GrpcServerProtocolService.java:216)
	at org.apache.ratis.grpc.server.GrpcServerProtocolService$ServerRequestStreamObserver.onNext(GrpcServerProtocolService.java:124)
	at org.apache.ratis.thirdparty.io.grpc.stub.ServerCalls$StreamingServerCallHandler$StreamingServerCallListener.onMessage(ServerCalls.java:262)
	at org.apache.ratis.thirdparty.io.grpc.ForwardingServerCallListener.onMessage(ForwardingServerCallListener.java:33)
	at org.apache.ratis.thirdparty.io.grpc.internal.ServerCallImpl$ServerStreamListenerImpl.messagesAvailableInternal(ServerCallImpl.java:332)
	at org.apache.ratis.thirdparty.io.grpc.internal.ServerCallImpl$ServerStreamListenerImpl.messagesAvailable(ServerCallImpl.java:315)
	at org.apache.ratis.thirdparty.io.grpc.internal.ServerImpl$JumpToApplicationThreadServerStreamListener$1MessagesAvailable.runInContext(ServerImpl.java:834)
	at org.apache.ratis.thirdparty.io.grpc.internal.ContextRunnable.run(ContextRunnable.java:37)
	at org.apache.ratis.thirdparty.io.grpc.internal.SerializingExecutor.run(SerializingExecutor.java:133)
	at java.base/java.util.concurrent.ThreadPoolExecutor.runWorker(ThreadPoolExecutor.java:1128)
	at java.base/java.util.concurrent.ThreadPoolExecutor$Worker.run(ThreadPoolExecutor.java:628)
	at java.base/java.lang.Thread.run(Thread.java:829)
2023-02-09 08:26:13,163 [grpc-default-executor-9] INFO  leader.FollowerInfo (FollowerInfoImpl.java:lambda$new$0(52)) - s1@group-5D8BFF2AC38C->s0: nextIndex: updateUnconditionally 168 -> 83
2023-02-09 08:26:13,164 [s1@group-5D8BFF2AC38C-StateMachineUpdater] INFO  impl.SimpleStateMachine4Testing (SimpleStateMachine4Testing.java:put(205)) - s1: put 167, m81 -> (t:2, i:167), STATEMACHINELOGENTRY, 467@client-F516C80A2025
2023-02-09 08:26:13,165 [s2-server-thread1] DEBUG raftlog.RaftLog (SegmentedRaftLog.java:appendImpl(446)) - truncateIndex=-1, arrayIndex=0
2023-02-09 08:26:13,166 [s2@group-5D8BFF2AC38C-StateMachineUpdater] INFO  impl.SimpleStateMachine4Testing (SimpleStateMachine4Testing.java:put(205)) - s2: put 167, m81 -> (t:2, i:167), STATEMACHINELOGENTRY, 467@client-F516C80A2025
2023-02-09 08:26:13,166 [grpc-default-executor-5] WARN  server.GrpcServerProtocolService (LogUtils.java:warn(124)) - s0: Failed APPEND_ENTRIES request s1->s0#169-t2,previous=(t:1, i:82),leaderCommit=167,initializing? true,entries: size=86, first=(t:2, i:83), CONFIGURATIONENTRY(current:id: "s0"
address: "localhost:42371"
dataStreamAddress: "localhost:43129"
clientAddress: "localhost:36379"
adminAddress: "localhost:36531"
startupRole: FOLLOWER
,id: "s1"
address: "localhost:35679"
dataStreamAddress: "localhost:42433"
clientAddress: "localhost:41371"
adminAddress: "localhost:44855"
startupRole: FOLLOWER
,id: "s2"
address: "localhost:39787"
dataStreamAddress: "localhost:33651"
clientAddress: "localhost:41113"
adminAddress: "localhost:44467"
startupRole: FOLLOWER
, old:)
java.util.concurrent.CompletionException: java.util.concurrent.RejectedExecutionException: Task java.util.concurrent.CompletableFuture$AsyncSupply@4fe50dcc rejected from java.util.concurrent.ThreadPoolExecutor@4ecb30e4[Terminated, pool size = 0, active threads = 0, queued tasks = 0, completed tasks = 0]
	at java.base/java.util.concurrent.CompletableFuture.encodeThrowable(CompletableFuture.java:314)
	at java.base/java.util.concurrent.CompletableFuture.uniComposeStage(CompletableFuture.java:1113)
	at java.base/java.util.concurrent.CompletableFuture.thenCompose(CompletableFuture.java:2235)
	at org.apache.ratis.server.impl.RaftServerProxy.appendEntriesAsync(RaftServerProxy.java:634)
	at org.apache.ratis.grpc.server.GrpcServerProtocolService$1.process(GrpcServerProtocolService.java:219)
	at org.apache.ratis.grpc.server.GrpcServerProtocolService$1.process(GrpcServerProtocolService.java:216)
	at org.apache.ratis.grpc.server.GrpcServerProtocolService$ServerRequestStreamObserver.onNext(GrpcServerProtocolService.java:124)
	at org.apache.ratis.thirdparty.io.grpc.stub.ServerCalls$StreamingServerCallHandler$StreamingServerCallListener.onMessage(ServerCalls.java:262)
	at org.apache.ratis.thirdparty.io.grpc.ForwardingServerCallListener.onMessage(ForwardingServerCallListener.java:33)
	at org.apache.ratis.thirdparty.io.grpc.internal.ServerCallImpl$ServerStreamListenerImpl.messagesAvailableInternal(ServerCallImpl.java:332)
	at org.apache.ratis.thirdparty.io.grpc.internal.ServerCallImpl$ServerStreamListenerImpl.messagesAvailable(ServerCallImpl.java:315)
	at org.apache.ratis.thirdparty.io.grpc.internal.ServerImpl$JumpToApplicationThreadServerStreamListener$1MessagesAvailable.runInContext(ServerImpl.java:834)
	at org.apache.ratis.thirdparty.io.grpc.internal.ContextRunnable.run(ContextRunnable.java:37)
	at org.apache.ratis.thirdparty.io.grpc.internal.SerializingExecutor.run(SerializingExecutor.java:133)
	at java.base/java.util.concurrent.ThreadPoolExecutor.runWorker(ThreadPoolExecutor.java:1128)
	at java.base/java.util.concurrent.ThreadPoolExecutor$Worker.run(ThreadPoolExecutor.java:628)
	at java.base/java.lang.Thread.run(Thread.java:829)
Caused by: java.util.concurrent.RejectedExecutionException: Task java.util.concurrent.CompletableFuture$AsyncSupply@4fe50dcc rejected from java.util.concurrent.ThreadPoolExecutor@4ecb30e4[Terminated, pool size = 0, active threads = 0, queued tasks = 0, completed tasks = 0]
	at java.base/java.util.concurrent.ThreadPoolExecutor$AbortPolicy.rejectedExecution(ThreadPoolExecutor.java:2055)
	at java.base/java.util.concurrent.ThreadPoolExecutor.reject(ThreadPoolExecutor.java:825)
	at java.base/java.util.concurrent.ThreadPoolExecutor.execute(ThreadPoolExecutor.java:1355)
	at java.base/java.util.concurrent.CompletableFuture.asyncSupplyStage(CompletableFuture.java:1714)
	at java.base/java.util.concurrent.CompletableFuture.supplyAsync(CompletableFuture.java:1931)
	at org.apache.ratis.server.impl.RaftServerImpl.executeSubmitServerRequestAsync(RaftServerImpl.java:817)
	at org.apache.ratis.server.impl.RaftServerProxy.lambda$appendEntriesAsync$27(RaftServerProxy.java:634)
	at java.base/java.util.concurrent.CompletableFuture.uniComposeStage(CompletableFuture.java:1106)
	... 15 more
2023-02-09 08:26:13,168 [grpc-default-executor-7] WARN  server.GrpcLogAppender (LogUtils.java:warn(124)) - s1@group-5D8BFF2AC38C->s0-AppendLogResponseHandler: Failed appendEntries
java.util.concurrent.RejectedExecutionException: Task java.util.concurrent.CompletableFuture$AsyncSupply@4fe50dcc rejected from java.util.concurrent.ThreadPoolExecutor@4ecb30e4[Terminated, pool size = 0, active threads = 0, queued tasks = 0, completed tasks = 0]
	at java.base/java.util.concurrent.ThreadPoolExecutor$AbortPolicy.rejectedExecution(ThreadPoolExecutor.java:2055)
	at java.base/java.util.concurrent.ThreadPoolExecutor.reject(ThreadPoolExecutor.java:825)
	at java.base/java.util.concurrent.ThreadPoolExecutor.execute(ThreadPoolExecutor.java:1355)
	at java.base/java.util.concurrent.CompletableFuture.asyncSupplyStage(CompletableFuture.java:1714)
	at java.base/java.util.concurrent.CompletableFuture.supplyAsync(CompletableFuture.java:1931)
	at org.apache.ratis.server.impl.RaftServerImpl.executeSubmitServerRequestAsync(RaftServerImpl.java:817)
	at org.apache.ratis.server.impl.RaftServerProxy.lambda$appendEntriesAsync$27(RaftServerProxy.java:634)
	at java.base/java.util.concurrent.CompletableFuture.uniComposeStage(CompletableFuture.java:1106)
	at java.base/java.util.concurrent.CompletableFuture.thenCompose(CompletableFuture.java:2235)
	at org.apache.ratis.server.impl.RaftServerProxy.appendEntriesAsync(RaftServerProxy.java:634)
	at org.apache.ratis.grpc.server.GrpcServerProtocolService$1.process(GrpcServerProtocolService.java:219)
	at org.apache.ratis.grpc.server.GrpcServerProtocolService$1.process(GrpcServerProtocolService.java:216)
	at org.apache.ratis.grpc.server.GrpcServerProtocolService$ServerRequestStreamObserver.onNext(GrpcServerProtocolService.java:124)
	at org.apache.ratis.thirdparty.io.grpc.stub.ServerCalls$StreamingServerCallHandler$StreamingServerCallListener.onMessage(ServerCalls.java:262)
	at org.apache.ratis.thirdparty.io.grpc.ForwardingServerCallListener.onMessage(ForwardingServerCallListener.java:33)
	at org.apache.ratis.thirdparty.io.grpc.internal.ServerCallImpl$ServerStreamListenerImpl.messagesAvailableInternal(ServerCallImpl.java:332)
	at org.apache.ratis.thirdparty.io.grpc.internal.ServerCallImpl$ServerStreamListenerImpl.messagesAvailable(ServerCallImpl.java:315)
	at org.apache.ratis.thirdparty.io.grpc.internal.ServerImpl$JumpToApplicationThreadServerStreamListener$1MessagesAvailable.runInContext(ServerImpl.java:834)
	at org.apache.ratis.thirdparty.io.grpc.internal.ContextRunnable.run(ContextRunnable.java:37)
	at org.apache.ratis.thirdparty.io.grpc.internal.SerializingExecutor.run(SerializingExecutor.java:133)
	at java.base/java.util.concurrent.ThreadPoolExecutor.runWorker(ThreadPoolExecutor.java:1128)
	at java.base/java.util.concurrent.ThreadPoolExecutor$Worker.run(ThreadPoolExecutor.java:628)
	at java.base/java.lang.Thread.run(Thread.java:829)
2023-02-09 08:26:13,168 [grpc-default-executor-7] INFO  leader.FollowerInfo (FollowerInfoImpl.java:lambda$new$0(52)) - s1@group-5D8BFF2AC38C->s0: nextIndex: updateUnconditionally 169 -> 83
2023-02-09 08:26:13,169 [s2-server-thread1] DEBUG raftlog.RaftLog (SegmentedRaftLog.java:appendImpl(446)) - truncateIndex=-1, arrayIndex=0
2023-02-09 08:26:13,169 [grpc-default-executor-5] WARN  server.GrpcServerProtocolService (LogUtils.java:warn(124)) - s0: Failed APPEND_ENTRIES request s1->s0#171-t2,previous=(t:1, i:82),leaderCommit=167,initializing? true,entries: size=87, first=(t:2, i:83), CONFIGURATIONENTRY(current:id: "s0"
address: "localhost:42371"
dataStreamAddress: "localhost:43129"
clientAddress: "localhost:36379"
adminAddress: "localhost:36531"
startupRole: FOLLOWER
,id: "s1"
address: "localhost:35679"
dataStreamAddress: "localhost:42433"
clientAddress: "localhost:41371"
adminAddress: "localhost:44855"
startupRole: FOLLOWER
,id: "s2"
address: "localhost:39787"
dataStreamAddress: "localhost:33651"
clientAddress: "localhost:41113"
adminAddress: "localhost:44467"
startupRole: FOLLOWER
, old:)
java.util.concurrent.CompletionException: java.util.concurrent.RejectedExecutionException: Task java.util.concurrent.CompletableFuture$AsyncSupply@2304c6e2 rejected from java.util.concurrent.ThreadPoolExecutor@4ecb30e4[Terminated, pool size = 0, active threads = 0, queued tasks = 0, completed tasks = 0]
	at java.base/java.util.concurrent.CompletableFuture.encodeThrowable(CompletableFuture.java:314)
	at java.base/java.util.concurrent.CompletableFuture.uniComposeStage(CompletableFuture.java:1113)
	at java.base/java.util.concurrent.CompletableFuture.thenCompose(CompletableFuture.java:2235)
	at org.apache.ratis.server.impl.RaftServerProxy.appendEntriesAsync(RaftServerProxy.java:634)
	at org.apache.ratis.grpc.server.GrpcServerProtocolService$1.process(GrpcServerProtocolService.java:219)
	at org.apache.ratis.grpc.server.GrpcServerProtocolService$1.process(GrpcServerProtocolService.java:216)
	at org.apache.ratis.grpc.server.GrpcServerProtocolService$ServerRequestStreamObserver.onNext(GrpcServerProtocolService.java:124)
	at org.apache.ratis.thirdparty.io.grpc.stub.ServerCalls$StreamingServerCallHandler$StreamingServerCallListener.onMessage(ServerCalls.java:262)
	at org.apache.ratis.thirdparty.io.grpc.ForwardingServerCallListener.onMessage(ForwardingServerCallListener.java:33)
	at org.apache.ratis.thirdparty.io.grpc.internal.ServerCallImpl$ServerStreamListenerImpl.messagesAvailableInternal(ServerCallImpl.java:332)
	at org.apache.ratis.thirdparty.io.grpc.internal.ServerCallImpl$ServerStreamListenerImpl.messagesAvailable(ServerCallImpl.java:315)
	at org.apache.ratis.thirdparty.io.grpc.internal.ServerImpl$JumpToApplicationThreadServerStreamListener$1MessagesAvailable.runInContext(ServerImpl.java:834)
	at org.apache.ratis.thirdparty.io.grpc.internal.ContextRunnable.run(ContextRunnable.java:37)
	at org.apache.ratis.thirdparty.io.grpc.internal.SerializingExecutor.run(SerializingExecutor.java:133)
	at java.base/java.util.concurrent.ThreadPoolExecutor.runWorker(ThreadPoolExecutor.java:1128)
	at java.base/java.util.concurrent.ThreadPoolExecutor$Worker.run(ThreadPoolExecutor.java:628)
	at java.base/java.lang.Thread.run(Thread.java:829)
Caused by: java.util.concurrent.RejectedExecutionException: Task java.util.concurrent.CompletableFuture$AsyncSupply@2304c6e2 rejected from java.util.concurrent.ThreadPoolExecutor@4ecb30e4[Terminated, pool size = 0, active threads = 0, queued tasks = 0, completed tasks = 0]
	at java.base/java.util.concurrent.ThreadPoolExecutor$AbortPolicy.rejectedExecution(ThreadPoolExecutor.java:2055)
	at java.base/java.util.concurrent.ThreadPoolExecutor.reject(ThreadPoolExecutor.java:825)
	at java.base/java.util.concurrent.ThreadPoolExecutor.execute(ThreadPoolExecutor.java:1355)
	at java.base/java.util.concurrent.CompletableFuture.asyncSupplyStage(CompletableFuture.java:1714)
	at java.base/java.util.concurrent.CompletableFuture.supplyAsync(CompletableFuture.java:1931)
	at org.apache.ratis.server.impl.RaftServerImpl.executeSubmitServerRequestAsync(RaftServerImpl.java:817)
	at org.apache.ratis.server.impl.RaftServerProxy.lambda$appendEntriesAsync$27(RaftServerProxy.java:634)
	at java.base/java.util.concurrent.CompletableFuture.uniComposeStage(CompletableFuture.java:1106)
	... 15 more
2023-02-09 08:26:13,170 [s1@group-5D8BFF2AC38C-StateMachineUpdater] INFO  impl.SimpleStateMachine4Testing (SimpleStateMachine4Testing.java:put(205)) - s1: put 169, m82 -> (t:2, i:169), STATEMACHINELOGENTRY, 468@client-F516C80A2025
2023-02-09 08:26:13,172 [s2-server-thread1] DEBUG raftlog.RaftLog (SegmentedRaftLog.java:appendImpl(446)) - truncateIndex=-1, arrayIndex=0
2023-02-09 08:26:13,172 [s2-server-thread1] DEBUG raftlog.RaftLog (SegmentedRaftLog.java:appendImpl(446)) - truncateIndex=-1, arrayIndex=0
2023-02-09 08:26:13,172 [s2@group-5D8BFF2AC38C-StateMachineUpdater] INFO  impl.SimpleStateMachine4Testing (SimpleStateMachine4Testing.java:put(205)) - s2: put 169, m82 -> (t:2, i:169), STATEMACHINELOGENTRY, 468@client-F516C80A2025
2023-02-09 08:26:13,173 [s1@group-5D8BFF2AC38C-StateMachineUpdater] INFO  impl.SimpleStateMachine4Testing (SimpleStateMachine4Testing.java:put(205)) - s1: put 171, m83 -> (t:2, i:171), STATEMACHINELOGENTRY, 469@client-F516C80A2025
2023-02-09 08:26:13,175 [grpc-default-executor-7] WARN  server.GrpcLogAppender (LogUtils.java:warn(124)) - s1@group-5D8BFF2AC38C->s0-AppendLogResponseHandler: Failed appendEntries
java.util.concurrent.RejectedExecutionException: Task java.util.concurrent.CompletableFuture$AsyncSupply@2304c6e2 rejected from java.util.concurrent.ThreadPoolExecutor@4ecb30e4[Terminated, pool size = 0, active threads = 0, queued tasks = 0, completed tasks = 0]
	at java.base/java.util.concurrent.ThreadPoolExecutor$AbortPolicy.rejectedExecution(ThreadPoolExecutor.java:2055)
	at java.base/java.util.concurrent.ThreadPoolExecutor.reject(ThreadPoolExecutor.java:825)
	at java.base/java.util.concurrent.ThreadPoolExecutor.execute(ThreadPoolExecutor.java:1355)
	at java.base/java.util.concurrent.CompletableFuture.asyncSupplyStage(CompletableFuture.java:1714)
	at java.base/java.util.concurrent.CompletableFuture.supplyAsync(CompletableFuture.java:1931)
	at org.apache.ratis.server.impl.RaftServerImpl.executeSubmitServerRequestAsync(RaftServerImpl.java:817)
	at org.apache.ratis.server.impl.RaftServerProxy.lambda$appendEntriesAsync$27(RaftServerProxy.java:634)
	at java.base/java.util.concurrent.CompletableFuture.uniComposeStage(CompletableFuture.java:1106)
	at java.base/java.util.concurrent.CompletableFuture.thenCompose(CompletableFuture.java:2235)
	at org.apache.ratis.server.impl.RaftServerProxy.appendEntriesAsync(RaftServerProxy.java:634)
	at org.apache.ratis.grpc.server.GrpcServerProtocolService$1.process(GrpcServerProtocolService.java:219)
	at org.apache.ratis.grpc.server.GrpcServerProtocolService$1.process(GrpcServerProtocolService.java:216)
	at org.apache.ratis.grpc.server.GrpcServerProtocolService$ServerRequestStreamObserver.onNext(GrpcServerProtocolService.java:124)
	at org.apache.ratis.thirdparty.io.grpc.stub.ServerCalls$StreamingServerCallHandler$StreamingServerCallListener.onMessage(ServerCalls.java:262)
	at org.apache.ratis.thirdparty.io.grpc.ForwardingServerCallListener.onMessage(ForwardingServerCallListener.java:33)
	at org.apache.ratis.thirdparty.io.grpc.internal.ServerCallImpl$ServerStreamListenerImpl.messagesAvailableInternal(ServerCallImpl.java:332)
	at org.apache.ratis.thirdparty.io.grpc.internal.ServerCallImpl$ServerStreamListenerImpl.messagesAvailable(ServerCallImpl.java:315)
	at org.apache.ratis.thirdparty.io.grpc.internal.ServerImpl$JumpToApplicationThreadServerStreamListener$1MessagesAvailable.runInContext(ServerImpl.java:834)
	at org.apache.ratis.thirdparty.io.grpc.internal.ContextRunnable.run(ContextRunnable.java:37)
	at org.apache.ratis.thirdparty.io.grpc.internal.SerializingExecutor.run(SerializingExecutor.java:133)
	at java.base/java.util.concurrent.ThreadPoolExecutor.runWorker(ThreadPoolExecutor.java:1128)
	at java.base/java.util.concurrent.ThreadPoolExecutor$Worker.run(ThreadPoolExecutor.java:628)
	at java.base/java.lang.Thread.run(Thread.java:829)
2023-02-09 08:26:13,175 [grpc-default-executor-7] INFO  leader.FollowerInfo (FollowerInfoImpl.java:lambda$new$0(52)) - s1@group-5D8BFF2AC38C->s0: nextIndex: updateUnconditionally 170 -> 83
2023-02-09 08:26:13,176 [s2-server-thread1] DEBUG raftlog.RaftLog (SegmentedRaftLog.java:appendImpl(446)) - truncateIndex=-1, arrayIndex=0
2023-02-09 08:26:13,176 [s2@group-5D8BFF2AC38C-StateMachineUpdater] INFO  impl.SimpleStateMachine4Testing (SimpleStateMachine4Testing.java:put(205)) - s2: put 171, m83 -> (t:2, i:171), STATEMACHINELOGENTRY, 469@client-F516C80A2025
2023-02-09 08:26:13,177 [s2-server-thread1] DEBUG raftlog.RaftLog (SegmentedRaftLog.java:appendImpl(446)) - truncateIndex=-1, arrayIndex=0
2023-02-09 08:26:13,177 [grpc-default-executor-7] WARN  server.GrpcServerProtocolService (LogUtils.java:warn(124)) - s0: Failed APPEND_ENTRIES request s1->s0#177-t2,previous=(t:1, i:82),leaderCommit=172,initializing? true,entries: size=91, first=(t:2, i:83), CONFIGURATIONENTRY(current:id: "s0"
address: "localhost:42371"
dataStreamAddress: "localhost:43129"
clientAddress: "localhost:36379"
adminAddress: "localhost:36531"
startupRole: FOLLOWER
,id: "s1"
address: "localhost:35679"
dataStreamAddress: "localhost:42433"
clientAddress: "localhost:41371"
adminAddress: "localhost:44855"
startupRole: FOLLOWER
,id: "s2"
address: "localhost:39787"
dataStreamAddress: "localhost:33651"
clientAddress: "localhost:41113"
adminAddress: "localhost:44467"
startupRole: FOLLOWER
, old:)
java.util.concurrent.CompletionException: java.util.concurrent.RejectedExecutionException: Task java.util.concurrent.CompletableFuture$AsyncSupply@210d22b9 rejected from java.util.concurrent.ThreadPoolExecutor@4ecb30e4[Terminated, pool size = 0, active threads = 0, queued tasks = 0, completed tasks = 0]
	at java.base/java.util.concurrent.CompletableFuture.encodeThrowable(CompletableFuture.java:314)
	at java.base/java.util.concurrent.CompletableFuture.uniComposeStage(CompletableFuture.java:1113)
	at java.base/java.util.concurrent.CompletableFuture.thenCompose(CompletableFuture.java:2235)
	at org.apache.ratis.server.impl.RaftServerProxy.appendEntriesAsync(RaftServerProxy.java:634)
	at org.apache.ratis.grpc.server.GrpcServerProtocolService$1.process(GrpcServerProtocolService.java:219)
	at org.apache.ratis.grpc.server.GrpcServerProtocolService$1.process(GrpcServerProtocolService.java:216)
	at org.apache.ratis.grpc.server.GrpcServerProtocolService$ServerRequestStreamObserver.onNext(GrpcServerProtocolService.java:124)
	at org.apache.ratis.thirdparty.io.grpc.stub.ServerCalls$StreamingServerCallHandler$StreamingServerCallListener.onMessage(ServerCalls.java:262)
	at org.apache.ratis.thirdparty.io.grpc.ForwardingServerCallListener.onMessage(ForwardingServerCallListener.java:33)
	at org.apache.ratis.thirdparty.io.grpc.internal.ServerCallImpl$ServerStreamListenerImpl.messagesAvailableInternal(ServerCallImpl.java:332)
	at org.apache.ratis.thirdparty.io.grpc.internal.ServerCallImpl$ServerStreamListenerImpl.messagesAvailable(ServerCallImpl.java:315)
	at org.apache.ratis.thirdparty.io.grpc.internal.ServerImpl$JumpToApplicationThreadServerStreamListener$1MessagesAvailable.runInContext(ServerImpl.java:834)
	at org.apache.ratis.thirdparty.io.grpc.internal.ContextRunnable.run(ContextRunnable.java:37)
	at org.apache.ratis.thirdparty.io.grpc.internal.SerializingExecutor.run(SerializingExecutor.java:133)
	at java.base/java.util.concurrent.ThreadPoolExecutor.runWorker(ThreadPoolExecutor.java:1128)
	at java.base/java.util.concurrent.ThreadPoolExecutor$Worker.run(ThreadPoolExecutor.java:628)
	at java.base/java.lang.Thread.run(Thread.java:829)
Caused by: java.util.concurrent.RejectedExecutionException: Task java.util.concurrent.CompletableFuture$AsyncSupply@210d22b9 rejected from java.util.concurrent.ThreadPoolExecutor@4ecb30e4[Terminated, pool size = 0, active threads = 0, queued tasks = 0, completed tasks = 0]
	at java.base/java.util.concurrent.ThreadPoolExecutor$AbortPolicy.rejectedExecution(ThreadPoolExecutor.java:2055)
	at java.base/java.util.concurrent.ThreadPoolExecutor.reject(ThreadPoolExecutor.java:825)
	at java.base/java.util.concurrent.ThreadPoolExecutor.execute(ThreadPoolExecutor.java:1355)
	at java.base/java.util.concurrent.CompletableFuture.asyncSupplyStage(CompletableFuture.java:1714)
	at java.base/java.util.concurrent.CompletableFuture.supplyAsync(CompletableFuture.java:1931)
	at org.apache.ratis.server.impl.RaftServerImpl.executeSubmitServerRequestAsync(RaftServerImpl.java:817)
	at org.apache.ratis.server.impl.RaftServerProxy.lambda$appendEntriesAsync$27(RaftServerProxy.java:634)
	at java.base/java.util.concurrent.CompletableFuture.uniComposeStage(CompletableFuture.java:1106)
	... 15 more
2023-02-09 08:26:13,179 [s1@group-5D8BFF2AC38C-StateMachineUpdater] INFO  impl.SimpleStateMachine4Testing (SimpleStateMachine4Testing.java:put(205)) - s1: put 173, m84 -> (t:2, i:173), STATEMACHINELOGENTRY, 470@client-F516C80A2025
2023-02-09 08:26:13,180 [grpc-default-executor-5] WARN  server.GrpcLogAppender (LogUtils.java:warn(124)) - s1@group-5D8BFF2AC38C->s0-AppendLogResponseHandler: Failed appendEntries
java.util.concurrent.RejectedExecutionException: Task java.util.concurrent.CompletableFuture$AsyncSupply@210d22b9 rejected from java.util.concurrent.ThreadPoolExecutor@4ecb30e4[Terminated, pool size = 0, active threads = 0, queued tasks = 0, completed tasks = 0]
	at java.base/java.util.concurrent.ThreadPoolExecutor$AbortPolicy.rejectedExecution(ThreadPoolExecutor.java:2055)
	at java.base/java.util.concurrent.ThreadPoolExecutor.reject(ThreadPoolExecutor.java:825)
	at java.base/java.util.concurrent.ThreadPoolExecutor.execute(ThreadPoolExecutor.java:1355)
	at java.base/java.util.concurrent.CompletableFuture.asyncSupplyStage(CompletableFuture.java:1714)
	at java.base/java.util.concurrent.CompletableFuture.supplyAsync(CompletableFuture.java:1931)
	at org.apache.ratis.server.impl.RaftServerImpl.executeSubmitServerRequestAsync(RaftServerImpl.java:817)
	at org.apache.ratis.server.impl.RaftServerProxy.lambda$appendEntriesAsync$27(RaftServerProxy.java:634)
	at java.base/java.util.concurrent.CompletableFuture.uniComposeStage(CompletableFuture.java:1106)
	at java.base/java.util.concurrent.CompletableFuture.thenCompose(CompletableFuture.java:2235)
	at org.apache.ratis.server.impl.RaftServerProxy.appendEntriesAsync(RaftServerProxy.java:634)
	at org.apache.ratis.grpc.server.GrpcServerProtocolService$1.process(GrpcServerProtocolService.java:219)
	at org.apache.ratis.grpc.server.GrpcServerProtocolService$1.process(GrpcServerProtocolService.java:216)
	at org.apache.ratis.grpc.server.GrpcServerProtocolService$ServerRequestStreamObserver.onNext(GrpcServerProtocolService.java:124)
	at org.apache.ratis.thirdparty.io.grpc.stub.ServerCalls$StreamingServerCallHandler$StreamingServerCallListener.onMessage(ServerCalls.java:262)
	at org.apache.ratis.thirdparty.io.grpc.ForwardingServerCallListener.onMessage(ForwardingServerCallListener.java:33)
	at org.apache.ratis.thirdparty.io.grpc.internal.ServerCallImpl$ServerStreamListenerImpl.messagesAvailableInternal(ServerCallImpl.java:332)
	at org.apache.ratis.thirdparty.io.grpc.internal.ServerCallImpl$ServerStreamListenerImpl.messagesAvailable(ServerCallImpl.java:315)
	at org.apache.ratis.thirdparty.io.grpc.internal.ServerImpl$JumpToApplicationThreadServerStreamListener$1MessagesAvailable.runInContext(ServerImpl.java:834)
	at org.apache.ratis.thirdparty.io.grpc.internal.ContextRunnable.run(ContextRunnable.java:37)
	at org.apache.ratis.thirdparty.io.grpc.internal.SerializingExecutor.run(SerializingExecutor.java:133)
	at java.base/java.util.concurrent.ThreadPoolExecutor.runWorker(ThreadPoolExecutor.java:1128)
	at java.base/java.util.concurrent.ThreadPoolExecutor$Worker.run(ThreadPoolExecutor.java:628)
	at java.base/java.lang.Thread.run(Thread.java:829)
2023-02-09 08:26:13,180 [grpc-default-executor-5] INFO  leader.FollowerInfo (FollowerInfoImpl.java:lambda$new$0(52)) - s1@group-5D8BFF2AC38C->s0: nextIndex: updateUnconditionally 174 -> 83
2023-02-09 08:26:13,181 [s2-server-thread1] DEBUG raftlog.RaftLog (SegmentedRaftLog.java:appendImpl(446)) - truncateIndex=-1, arrayIndex=0
2023-02-09 08:26:13,181 [s2@group-5D8BFF2AC38C-StateMachineUpdater] INFO  impl.SimpleStateMachine4Testing (SimpleStateMachine4Testing.java:put(205)) - s2: put 173, m84 -> (t:2, i:173), STATEMACHINELOGENTRY, 470@client-F516C80A2025
2023-02-09 08:26:13,183 [grpc-default-executor-5] WARN  server.GrpcServerProtocolService (LogUtils.java:warn(124)) - s0: Failed APPEND_ENTRIES request s1->s0#179-t2,previous=(t:1, i:82),leaderCommit=174,initializing? true,entries: size=92, first=(t:2, i:83), CONFIGURATIONENTRY(current:id: "s0"
address: "localhost:42371"
dataStreamAddress: "localhost:43129"
clientAddress: "localhost:36379"
adminAddress: "localhost:36531"
startupRole: FOLLOWER
,id: "s1"
address: "localhost:35679"
dataStreamAddress: "localhost:42433"
clientAddress: "localhost:41371"
adminAddress: "localhost:44855"
startupRole: FOLLOWER
,id: "s2"
address: "localhost:39787"
dataStreamAddress: "localhost:33651"
clientAddress: "localhost:41113"
adminAddress: "localhost:44467"
startupRole: FOLLOWER
, old:)
java.util.concurrent.CompletionException: java.util.concurrent.RejectedExecutionException: Task java.util.concurrent.CompletableFuture$AsyncSupply@700d262e rejected from java.util.concurrent.ThreadPoolExecutor@4ecb30e4[Terminated, pool size = 0, active threads = 0, queued tasks = 0, completed tasks = 0]
	at java.base/java.util.concurrent.CompletableFuture.encodeThrowable(CompletableFuture.java:314)
	at java.base/java.util.concurrent.CompletableFuture.uniComposeStage(CompletableFuture.java:1113)
	at java.base/java.util.concurrent.CompletableFuture.thenCompose(CompletableFuture.java:2235)
	at org.apache.ratis.server.impl.RaftServerProxy.appendEntriesAsync(RaftServerProxy.java:634)
	at org.apache.ratis.grpc.server.GrpcServerProtocolService$1.process(GrpcServerProtocolService.java:219)
	at org.apache.ratis.grpc.server.GrpcServerProtocolService$1.process(GrpcServerProtocolService.java:216)
	at org.apache.ratis.grpc.server.GrpcServerProtocolService$ServerRequestStreamObserver.onNext(GrpcServerProtocolService.java:124)
	at org.apache.ratis.thirdparty.io.grpc.stub.ServerCalls$StreamingServerCallHandler$StreamingServerCallListener.onMessage(ServerCalls.java:262)
	at org.apache.ratis.thirdparty.io.grpc.ForwardingServerCallListener.onMessage(ForwardingServerCallListener.java:33)
	at org.apache.ratis.thirdparty.io.grpc.internal.ServerCallImpl$ServerStreamListenerImpl.messagesAvailableInternal(ServerCallImpl.java:332)
	at org.apache.ratis.thirdparty.io.grpc.internal.ServerCallImpl$ServerStreamListenerImpl.messagesAvailable(ServerCallImpl.java:315)
	at org.apache.ratis.thirdparty.io.grpc.internal.ServerImpl$JumpToApplicationThreadServerStreamListener$1MessagesAvailable.runInContext(ServerImpl.java:834)
	at org.apache.ratis.thirdparty.io.grpc.internal.ContextRunnable.run(ContextRunnable.java:37)
	at org.apache.ratis.thirdparty.io.grpc.internal.SerializingExecutor.run(SerializingExecutor.java:133)
	at java.base/java.util.concurrent.ThreadPoolExecutor.runWorker(ThreadPoolExecutor.java:1128)
	at java.base/java.util.concurrent.ThreadPoolExecutor$Worker.run(ThreadPoolExecutor.java:628)
	at java.base/java.lang.Thread.run(Thread.java:829)
Caused by: java.util.concurrent.RejectedExecutionException: Task java.util.concurrent.CompletableFuture$AsyncSupply@700d262e rejected from java.util.concurrent.ThreadPoolExecutor@4ecb30e4[Terminated, pool size = 0, active threads = 0, queued tasks = 0, completed tasks = 0]
	at java.base/java.util.concurrent.ThreadPoolExecutor$AbortPolicy.rejectedExecution(ThreadPoolExecutor.java:2055)
	at java.base/java.util.concurrent.ThreadPoolExecutor.reject(ThreadPoolExecutor.java:825)
	at java.base/java.util.concurrent.ThreadPoolExecutor.execute(ThreadPoolExecutor.java:1355)
	at java.base/java.util.concurrent.CompletableFuture.asyncSupplyStage(CompletableFuture.java:1714)
	at java.base/java.util.concurrent.CompletableFuture.supplyAsync(CompletableFuture.java:1931)
	at org.apache.ratis.server.impl.RaftServerImpl.executeSubmitServerRequestAsync(RaftServerImpl.java:817)
	at org.apache.ratis.server.impl.RaftServerProxy.lambda$appendEntriesAsync$27(RaftServerProxy.java:634)
	at java.base/java.util.concurrent.CompletableFuture.uniComposeStage(CompletableFuture.java:1106)
	... 15 more
2023-02-09 08:26:13,184 [s2-server-thread1] DEBUG raftlog.RaftLog (SegmentedRaftLog.java:appendImpl(446)) - truncateIndex=-1, arrayIndex=0
2023-02-09 08:26:13,185 [grpc-default-executor-7] WARN  server.GrpcLogAppender (LogUtils.java:warn(124)) - s1@group-5D8BFF2AC38C->s0-AppendLogResponseHandler: Failed appendEntries
java.util.concurrent.RejectedExecutionException: Task java.util.concurrent.CompletableFuture$AsyncSupply@700d262e rejected from java.util.concurrent.ThreadPoolExecutor@4ecb30e4[Terminated, pool size = 0, active threads = 0, queued tasks = 0, completed tasks = 0]
	at java.base/java.util.concurrent.ThreadPoolExecutor$AbortPolicy.rejectedExecution(ThreadPoolExecutor.java:2055)
	at java.base/java.util.concurrent.ThreadPoolExecutor.reject(ThreadPoolExecutor.java:825)
	at java.base/java.util.concurrent.ThreadPoolExecutor.execute(ThreadPoolExecutor.java:1355)
	at java.base/java.util.concurrent.CompletableFuture.asyncSupplyStage(CompletableFuture.java:1714)
	at java.base/java.util.concurrent.CompletableFuture.supplyAsync(CompletableFuture.java:1931)
	at org.apache.ratis.server.impl.RaftServerImpl.executeSubmitServerRequestAsync(RaftServerImpl.java:817)
	at org.apache.ratis.server.impl.RaftServerProxy.lambda$appendEntriesAsync$27(RaftServerProxy.java:634)
	at java.base/java.util.concurrent.CompletableFuture.uniComposeStage(CompletableFuture.java:1106)
	at java.base/java.util.concurrent.CompletableFuture.thenCompose(CompletableFuture.java:2235)
	at org.apache.ratis.server.impl.RaftServerProxy.appendEntriesAsync(RaftServerProxy.java:634)
	at org.apache.ratis.grpc.server.GrpcServerProtocolService$1.process(GrpcServerProtocolService.java:219)
	at org.apache.ratis.grpc.server.GrpcServerProtocolService$1.process(GrpcServerProtocolService.java:216)
	at org.apache.ratis.grpc.server.GrpcServerProtocolService$ServerRequestStreamObserver.onNext(GrpcServerProtocolService.java:124)
	at org.apache.ratis.thirdparty.io.grpc.stub.ServerCalls$StreamingServerCallHandler$StreamingServerCallListener.onMessage(ServerCalls.java:262)
	at org.apache.ratis.thirdparty.io.grpc.ForwardingServerCallListener.onMessage(ForwardingServerCallListener.java:33)
	at org.apache.ratis.thirdparty.io.grpc.internal.ServerCallImpl$ServerStreamListenerImpl.messagesAvailableInternal(ServerCallImpl.java:332)
	at org.apache.ratis.thirdparty.io.grpc.internal.ServerCallImpl$ServerStreamListenerImpl.messagesAvailable(ServerCallImpl.java:315)
	at org.apache.ratis.thirdparty.io.grpc.internal.ServerImpl$JumpToApplicationThreadServerStreamListener$1MessagesAvailable.runInContext(ServerImpl.java:834)
	at org.apache.ratis.thirdparty.io.grpc.internal.ContextRunnable.run(ContextRunnable.java:37)
	at org.apache.ratis.thirdparty.io.grpc.internal.SerializingExecutor.run(SerializingExecutor.java:133)
	at java.base/java.util.concurrent.ThreadPoolExecutor.runWorker(ThreadPoolExecutor.java:1128)
	at java.base/java.util.concurrent.ThreadPoolExecutor$Worker.run(ThreadPoolExecutor.java:628)
	at java.base/java.lang.Thread.run(Thread.java:829)
2023-02-09 08:26:13,185 [grpc-default-executor-7] INFO  leader.FollowerInfo (FollowerInfoImpl.java:lambda$new$0(52)) - s1@group-5D8BFF2AC38C->s0: nextIndex: updateUnconditionally 175 -> 83
2023-02-09 08:26:13,186 [s1@group-5D8BFF2AC38C-StateMachineUpdater] INFO  impl.SimpleStateMachine4Testing (SimpleStateMachine4Testing.java:put(205)) - s1: put 175, m85 -> (t:2, i:175), STATEMACHINELOGENTRY, 471@client-F516C80A2025
2023-02-09 08:26:13,186 [s2-server-thread1] DEBUG raftlog.RaftLog (SegmentedRaftLog.java:appendImpl(446)) - truncateIndex=-1, arrayIndex=0
2023-02-09 08:26:13,186 [s2@group-5D8BFF2AC38C-StateMachineUpdater] INFO  impl.SimpleStateMachine4Testing (SimpleStateMachine4Testing.java:put(205)) - s2: put 175, m85 -> (t:2, i:175), STATEMACHINELOGENTRY, 471@client-F516C80A2025
2023-02-09 08:26:13,188 [grpc-default-executor-5] WARN  server.GrpcServerProtocolService (LogUtils.java:warn(124)) - s0: Failed APPEND_ENTRIES request s1->s0#181-t2,previous=(t:1, i:82),leaderCommit=175,initializing? true,entries: size=93, first=(t:2, i:83), CONFIGURATIONENTRY(current:id: "s0"
address: "localhost:42371"
dataStreamAddress: "localhost:43129"
clientAddress: "localhost:36379"
adminAddress: "localhost:36531"
startupRole: FOLLOWER
,id: "s1"
address: "localhost:35679"
dataStreamAddress: "localhost:42433"
clientAddress: "localhost:41371"
adminAddress: "localhost:44855"
startupRole: FOLLOWER
,id: "s2"
address: "localhost:39787"
dataStreamAddress: "localhost:33651"
clientAddress: "localhost:41113"
adminAddress: "localhost:44467"
startupRole: FOLLOWER
, old:)
java.util.concurrent.CompletionException: java.util.concurrent.RejectedExecutionException: Task java.util.concurrent.CompletableFuture$AsyncSupply@cc8edc7 rejected from java.util.concurrent.ThreadPoolExecutor@4ecb30e4[Terminated, pool size = 0, active threads = 0, queued tasks = 0, completed tasks = 0]
	at java.base/java.util.concurrent.CompletableFuture.encodeThrowable(CompletableFuture.java:314)
	at java.base/java.util.concurrent.CompletableFuture.uniComposeStage(CompletableFuture.java:1113)
	at java.base/java.util.concurrent.CompletableFuture.thenCompose(CompletableFuture.java:2235)
	at org.apache.ratis.server.impl.RaftServerProxy.appendEntriesAsync(RaftServerProxy.java:634)
	at org.apache.ratis.grpc.server.GrpcServerProtocolService$1.process(GrpcServerProtocolService.java:219)
	at org.apache.ratis.grpc.server.GrpcServerProtocolService$1.process(GrpcServerProtocolService.java:216)
	at org.apache.ratis.grpc.server.GrpcServerProtocolService$ServerRequestStreamObserver.onNext(GrpcServerProtocolService.java:124)
	at org.apache.ratis.thirdparty.io.grpc.stub.ServerCalls$StreamingServerCallHandler$StreamingServerCallListener.onMessage(ServerCalls.java:262)
	at org.apache.ratis.thirdparty.io.grpc.ForwardingServerCallListener.onMessage(ForwardingServerCallListener.java:33)
	at org.apache.ratis.thirdparty.io.grpc.internal.ServerCallImpl$ServerStreamListenerImpl.messagesAvailableInternal(ServerCallImpl.java:332)
	at org.apache.ratis.thirdparty.io.grpc.internal.ServerCallImpl$ServerStreamListenerImpl.messagesAvailable(ServerCallImpl.java:315)
	at org.apache.ratis.thirdparty.io.grpc.internal.ServerImpl$JumpToApplicationThreadServerStreamListener$1MessagesAvailable.runInContext(ServerImpl.java:834)
	at org.apache.ratis.thirdparty.io.grpc.internal.ContextRunnable.run(ContextRunnable.java:37)
	at org.apache.ratis.thirdparty.io.grpc.internal.SerializingExecutor.run(SerializingExecutor.java:133)
	at java.base/java.util.concurrent.ThreadPoolExecutor.runWorker(ThreadPoolExecutor.java:1128)
	at java.base/java.util.concurrent.ThreadPoolExecutor$Worker.run(ThreadPoolExecutor.java:628)
	at java.base/java.lang.Thread.run(Thread.java:829)
Caused by: java.util.concurrent.RejectedExecutionException: Task java.util.concurrent.CompletableFuture$AsyncSupply@cc8edc7 rejected from java.util.concurrent.ThreadPoolExecutor@4ecb30e4[Terminated, pool size = 0, active threads = 0, queued tasks = 0, completed tasks = 0]
	at java.base/java.util.concurrent.ThreadPoolExecutor$AbortPolicy.rejectedExecution(ThreadPoolExecutor.java:2055)
	at java.base/java.util.concurrent.ThreadPoolExecutor.reject(ThreadPoolExecutor.java:825)
	at java.base/java.util.concurrent.ThreadPoolExecutor.execute(ThreadPoolExecutor.java:1355)
	at java.base/java.util.concurrent.CompletableFuture.asyncSupplyStage(CompletableFuture.java:1714)
	at java.base/java.util.concurrent.CompletableFuture.supplyAsync(CompletableFuture.java:1931)
	at org.apache.ratis.server.impl.RaftServerImpl.executeSubmitServerRequestAsync(RaftServerImpl.java:817)
	at org.apache.ratis.server.impl.RaftServerProxy.lambda$appendEntriesAsync$27(RaftServerProxy.java:634)
	at java.base/java.util.concurrent.CompletableFuture.uniComposeStage(CompletableFuture.java:1106)
	... 15 more
2023-02-09 08:26:13,190 [grpc-default-executor-7] WARN  server.GrpcLogAppender (LogUtils.java:warn(124)) - s1@group-5D8BFF2AC38C->s0-AppendLogResponseHandler: Failed appendEntries
java.util.concurrent.RejectedExecutionException: Task java.util.concurrent.CompletableFuture$AsyncSupply@cc8edc7 rejected from java.util.concurrent.ThreadPoolExecutor@4ecb30e4[Terminated, pool size = 0, active threads = 0, queued tasks = 0, completed tasks = 0]
	at java.base/java.util.concurrent.ThreadPoolExecutor$AbortPolicy.rejectedExecution(ThreadPoolExecutor.java:2055)
	at java.base/java.util.concurrent.ThreadPoolExecutor.reject(ThreadPoolExecutor.java:825)
	at java.base/java.util.concurrent.ThreadPoolExecutor.execute(ThreadPoolExecutor.java:1355)
	at java.base/java.util.concurrent.CompletableFuture.asyncSupplyStage(CompletableFuture.java:1714)
	at java.base/java.util.concurrent.CompletableFuture.supplyAsync(CompletableFuture.java:1931)
	at org.apache.ratis.server.impl.RaftServerImpl.executeSubmitServerRequestAsync(RaftServerImpl.java:817)
	at org.apache.ratis.server.impl.RaftServerProxy.lambda$appendEntriesAsync$27(RaftServerProxy.java:634)
	at java.base/java.util.concurrent.CompletableFuture.uniComposeStage(CompletableFuture.java:1106)
	at java.base/java.util.concurrent.CompletableFuture.thenCompose(CompletableFuture.java:2235)
	at org.apache.ratis.server.impl.RaftServerProxy.appendEntriesAsync(RaftServerProxy.java:634)
	at org.apache.ratis.grpc.server.GrpcServerProtocolService$1.process(GrpcServerProtocolService.java:219)
	at org.apache.ratis.grpc.server.GrpcServerProtocolService$1.process(GrpcServerProtocolService.java:216)
	at org.apache.ratis.grpc.server.GrpcServerProtocolService$ServerRequestStreamObserver.onNext(GrpcServerProtocolService.java:124)
	at org.apache.ratis.thirdparty.io.grpc.stub.ServerCalls$StreamingServerCallHandler$StreamingServerCallListener.onMessage(ServerCalls.java:262)
	at org.apache.ratis.thirdparty.io.grpc.ForwardingServerCallListener.onMessage(ForwardingServerCallListener.java:33)
	at org.apache.ratis.thirdparty.io.grpc.internal.ServerCallImpl$ServerStreamListenerImpl.messagesAvailableInternal(ServerCallImpl.java:332)
	at org.apache.ratis.thirdparty.io.grpc.internal.ServerCallImpl$ServerStreamListenerImpl.messagesAvailable(ServerCallImpl.java:315)
	at org.apache.ratis.thirdparty.io.grpc.internal.ServerImpl$JumpToApplicationThreadServerStreamListener$1MessagesAvailable.runInContext(ServerImpl.java:834)
	at org.apache.ratis.thirdparty.io.grpc.internal.ContextRunnable.run(ContextRunnable.java:37)
	at org.apache.ratis.thirdparty.io.grpc.internal.SerializingExecutor.run(SerializingExecutor.java:133)
	at java.base/java.util.concurrent.ThreadPoolExecutor.runWorker(ThreadPoolExecutor.java:1128)
	at java.base/java.util.concurrent.ThreadPoolExecutor$Worker.run(ThreadPoolExecutor.java:628)
	at java.base/java.lang.Thread.run(Thread.java:829)
2023-02-09 08:26:13,190 [grpc-default-executor-7] INFO  leader.FollowerInfo (FollowerInfoImpl.java:lambda$new$0(52)) - s1@group-5D8BFF2AC38C->s0: nextIndex: updateUnconditionally 176 -> 83
2023-02-09 08:26:13,191 [s2-server-thread1] DEBUG raftlog.RaftLog (SegmentedRaftLog.java:appendImpl(446)) - truncateIndex=-1, arrayIndex=0
2023-02-09 08:26:13,191 [grpc-default-executor-7] WARN  server.GrpcServerProtocolService (LogUtils.java:warn(124)) - s0: Failed APPEND_ENTRIES request s1->s0#184-t2,previous=(t:1, i:82),leaderCommit=176,initializing? true,entries: size=95, first=(t:2, i:83), CONFIGURATIONENTRY(current:id: "s0"
address: "localhost:42371"
dataStreamAddress: "localhost:43129"
clientAddress: "localhost:36379"
adminAddress: "localhost:36531"
startupRole: FOLLOWER
,id: "s1"
address: "localhost:35679"
dataStreamAddress: "localhost:42433"
clientAddress: "localhost:41371"
adminAddress: "localhost:44855"
startupRole: FOLLOWER
,id: "s2"
address: "localhost:39787"
dataStreamAddress: "localhost:33651"
clientAddress: "localhost:41113"
adminAddress: "localhost:44467"
startupRole: FOLLOWER
, old:)
java.util.concurrent.CompletionException: java.util.concurrent.RejectedExecutionException: Task java.util.concurrent.CompletableFuture$AsyncSupply@206ed399 rejected from java.util.concurrent.ThreadPoolExecutor@4ecb30e4[Terminated, pool size = 0, active threads = 0, queued tasks = 0, completed tasks = 0]
	at java.base/java.util.concurrent.CompletableFuture.encodeThrowable(CompletableFuture.java:314)
	at java.base/java.util.concurrent.CompletableFuture.uniComposeStage(CompletableFuture.java:1113)
	at java.base/java.util.concurrent.CompletableFuture.thenCompose(CompletableFuture.java:2235)
	at org.apache.ratis.server.impl.RaftServerProxy.appendEntriesAsync(RaftServerProxy.java:634)
	at org.apache.ratis.grpc.server.GrpcServerProtocolService$1.process(GrpcServerProtocolService.java:219)
	at org.apache.ratis.grpc.server.GrpcServerProtocolService$1.process(GrpcServerProtocolService.java:216)
	at org.apache.ratis.grpc.server.GrpcServerProtocolService$ServerRequestStreamObserver.onNext(GrpcServerProtocolService.java:124)
	at org.apache.ratis.thirdparty.io.grpc.stub.ServerCalls$StreamingServerCallHandler$StreamingServerCallListener.onMessage(ServerCalls.java:262)
	at org.apache.ratis.thirdparty.io.grpc.ForwardingServerCallListener.onMessage(ForwardingServerCallListener.java:33)
	at org.apache.ratis.thirdparty.io.grpc.internal.ServerCallImpl$ServerStreamListenerImpl.messagesAvailableInternal(ServerCallImpl.java:332)
	at org.apache.ratis.thirdparty.io.grpc.internal.ServerCallImpl$ServerStreamListenerImpl.messagesAvailable(ServerCallImpl.java:315)
	at org.apache.ratis.thirdparty.io.grpc.internal.ServerImpl$JumpToApplicationThreadServerStreamListener$1MessagesAvailable.runInContext(ServerImpl.java:834)
	at org.apache.ratis.thirdparty.io.grpc.internal.ContextRunnable.run(ContextRunnable.java:37)
	at org.apache.ratis.thirdparty.io.grpc.internal.SerializingExecutor.run(SerializingExecutor.java:133)
	at java.base/java.util.concurrent.ThreadPoolExecutor.runWorker(ThreadPoolExecutor.java:1128)
	at java.base/java.util.concurrent.ThreadPoolExecutor$Worker.run(ThreadPoolExecutor.java:628)
	at java.base/java.lang.Thread.run(Thread.java:829)
Caused by: java.util.concurrent.RejectedExecutionException: Task java.util.concurrent.CompletableFuture$AsyncSupply@206ed399 rejected from java.util.concurrent.ThreadPoolExecutor@4ecb30e4[Terminated, pool size = 0, active threads = 0, queued tasks = 0, completed tasks = 0]
	at java.base/java.util.concurrent.ThreadPoolExecutor$AbortPolicy.rejectedExecution(ThreadPoolExecutor.java:2055)
	at java.base/java.util.concurrent.ThreadPoolExecutor.reject(ThreadPoolExecutor.java:825)
	at java.base/java.util.concurrent.ThreadPoolExecutor.execute(ThreadPoolExecutor.java:1355)
	at java.base/java.util.concurrent.CompletableFuture.asyncSupplyStage(CompletableFuture.java:1714)
	at java.base/java.util.concurrent.CompletableFuture.supplyAsync(CompletableFuture.java:1931)
	at org.apache.ratis.server.impl.RaftServerImpl.executeSubmitServerRequestAsync(RaftServerImpl.java:817)
	at org.apache.ratis.server.impl.RaftServerProxy.lambda$appendEntriesAsync$27(RaftServerProxy.java:634)
	at java.base/java.util.concurrent.CompletableFuture.uniComposeStage(CompletableFuture.java:1106)
	... 15 more
2023-02-09 08:26:13,192 [s1@group-5D8BFF2AC38C-StateMachineUpdater] INFO  impl.SimpleStateMachine4Testing (SimpleStateMachine4Testing.java:put(205)) - s1: put 177, m86 -> (t:2, i:177), STATEMACHINELOGENTRY, 472@client-F516C80A2025
2023-02-09 08:26:13,194 [grpc-default-executor-5] WARN  server.GrpcLogAppender (LogUtils.java:warn(124)) - s1@group-5D8BFF2AC38C->s0-AppendLogResponseHandler: Failed appendEntries
java.util.concurrent.RejectedExecutionException: Task java.util.concurrent.CompletableFuture$AsyncSupply@206ed399 rejected from java.util.concurrent.ThreadPoolExecutor@4ecb30e4[Terminated, pool size = 0, active threads = 0, queued tasks = 0, completed tasks = 0]
	at java.base/java.util.concurrent.ThreadPoolExecutor$AbortPolicy.rejectedExecution(ThreadPoolExecutor.java:2055)
	at java.base/java.util.concurrent.ThreadPoolExecutor.reject(ThreadPoolExecutor.java:825)
	at java.base/java.util.concurrent.ThreadPoolExecutor.execute(ThreadPoolExecutor.java:1355)
	at java.base/java.util.concurrent.CompletableFuture.asyncSupplyStage(CompletableFuture.java:1714)
	at java.base/java.util.concurrent.CompletableFuture.supplyAsync(CompletableFuture.java:1931)
	at org.apache.ratis.server.impl.RaftServerImpl.executeSubmitServerRequestAsync(RaftServerImpl.java:817)
	at org.apache.ratis.server.impl.RaftServerProxy.lambda$appendEntriesAsync$27(RaftServerProxy.java:634)
	at java.base/java.util.concurrent.CompletableFuture.uniComposeStage(CompletableFuture.java:1106)
	at java.base/java.util.concurrent.CompletableFuture.thenCompose(CompletableFuture.java:2235)
	at org.apache.ratis.server.impl.RaftServerProxy.appendEntriesAsync(RaftServerProxy.java:634)
	at org.apache.ratis.grpc.server.GrpcServerProtocolService$1.process(GrpcServerProtocolService.java:219)
	at org.apache.ratis.grpc.server.GrpcServerProtocolService$1.process(GrpcServerProtocolService.java:216)
	at org.apache.ratis.grpc.server.GrpcServerProtocolService$ServerRequestStreamObserver.onNext(GrpcServerProtocolService.java:124)
	at org.apache.ratis.thirdparty.io.grpc.stub.ServerCalls$StreamingServerCallHandler$StreamingServerCallListener.onMessage(ServerCalls.java:262)
	at org.apache.ratis.thirdparty.io.grpc.ForwardingServerCallListener.onMessage(ForwardingServerCallListener.java:33)
	at org.apache.ratis.thirdparty.io.grpc.internal.ServerCallImpl$ServerStreamListenerImpl.messagesAvailableInternal(ServerCallImpl.java:332)
	at org.apache.ratis.thirdparty.io.grpc.internal.ServerCallImpl$ServerStreamListenerImpl.messagesAvailable(ServerCallImpl.java:315)
	at org.apache.ratis.thirdparty.io.grpc.internal.ServerImpl$JumpToApplicationThreadServerStreamListener$1MessagesAvailable.runInContext(ServerImpl.java:834)
	at org.apache.ratis.thirdparty.io.grpc.internal.ContextRunnable.run(ContextRunnable.java:37)
	at org.apache.ratis.thirdparty.io.grpc.internal.SerializingExecutor.run(SerializingExecutor.java:133)
	at java.base/java.util.concurrent.ThreadPoolExecutor.runWorker(ThreadPoolExecutor.java:1128)
	at java.base/java.util.concurrent.ThreadPoolExecutor$Worker.run(ThreadPoolExecutor.java:628)
	at java.base/java.lang.Thread.run(Thread.java:829)
2023-02-09 08:26:13,194 [grpc-default-executor-5] INFO  leader.FollowerInfo (FollowerInfoImpl.java:lambda$new$0(52)) - s1@group-5D8BFF2AC38C->s0: nextIndex: updateUnconditionally 178 -> 83
2023-02-09 08:26:13,195 [s2-server-thread1] DEBUG raftlog.RaftLog (SegmentedRaftLog.java:appendImpl(446)) - truncateIndex=-1, arrayIndex=0
2023-02-09 08:26:13,195 [s2@group-5D8BFF2AC38C-StateMachineUpdater] INFO  impl.SimpleStateMachine4Testing (SimpleStateMachine4Testing.java:put(205)) - s2: put 177, m86 -> (t:2, i:177), STATEMACHINELOGENTRY, 472@client-F516C80A2025
2023-02-09 08:26:13,196 [s2-server-thread1] DEBUG raftlog.RaftLog (SegmentedRaftLog.java:appendImpl(446)) - truncateIndex=-1, arrayIndex=0
2023-02-09 08:26:13,197 [grpc-default-executor-5] WARN  server.GrpcServerProtocolService (LogUtils.java:warn(124)) - s0: Failed APPEND_ENTRIES request s1->s0#187-t2,previous=(t:1, i:82),leaderCommit=177,initializing? true,entries: size=96, first=(t:2, i:83), CONFIGURATIONENTRY(current:id: "s0"
address: "localhost:42371"
dataStreamAddress: "localhost:43129"
clientAddress: "localhost:36379"
adminAddress: "localhost:36531"
startupRole: FOLLOWER
,id: "s1"
address: "localhost:35679"
dataStreamAddress: "localhost:42433"
clientAddress: "localhost:41371"
adminAddress: "localhost:44855"
startupRole: FOLLOWER
,id: "s2"
address: "localhost:39787"
dataStreamAddress: "localhost:33651"
clientAddress: "localhost:41113"
adminAddress: "localhost:44467"
startupRole: FOLLOWER
, old:)
java.util.concurrent.CompletionException: java.util.concurrent.RejectedExecutionException: Task java.util.concurrent.CompletableFuture$AsyncSupply@1a64e8e0 rejected from java.util.concurrent.ThreadPoolExecutor@4ecb30e4[Terminated, pool size = 0, active threads = 0, queued tasks = 0, completed tasks = 0]
	at java.base/java.util.concurrent.CompletableFuture.encodeThrowable(CompletableFuture.java:314)
	at java.base/java.util.concurrent.CompletableFuture.uniComposeStage(CompletableFuture.java:1113)
	at java.base/java.util.concurrent.CompletableFuture.thenCompose(CompletableFuture.java:2235)
	at org.apache.ratis.server.impl.RaftServerProxy.appendEntriesAsync(RaftServerProxy.java:634)
	at org.apache.ratis.grpc.server.GrpcServerProtocolService$1.process(GrpcServerProtocolService.java:219)
	at org.apache.ratis.grpc.server.GrpcServerProtocolService$1.process(GrpcServerProtocolService.java:216)
	at org.apache.ratis.grpc.server.GrpcServerProtocolService$ServerRequestStreamObserver.onNext(GrpcServerProtocolService.java:124)
	at org.apache.ratis.thirdparty.io.grpc.stub.ServerCalls$StreamingServerCallHandler$StreamingServerCallListener.onMessage(ServerCalls.java:262)
	at org.apache.ratis.thirdparty.io.grpc.ForwardingServerCallListener.onMessage(ForwardingServerCallListener.java:33)
	at org.apache.ratis.thirdparty.io.grpc.internal.ServerCallImpl$ServerStreamListenerImpl.messagesAvailableInternal(ServerCallImpl.java:332)
	at org.apache.ratis.thirdparty.io.grpc.internal.ServerCallImpl$ServerStreamListenerImpl.messagesAvailable(ServerCallImpl.java:315)
	at org.apache.ratis.thirdparty.io.grpc.internal.ServerImpl$JumpToApplicationThreadServerStreamListener$1MessagesAvailable.runInContext(ServerImpl.java:834)
	at org.apache.ratis.thirdparty.io.grpc.internal.ContextRunnable.run(ContextRunnable.java:37)
	at org.apache.ratis.thirdparty.io.grpc.internal.SerializingExecutor.run(SerializingExecutor.java:133)
	at java.base/java.util.concurrent.ThreadPoolExecutor.runWorker(ThreadPoolExecutor.java:1128)
	at java.base/java.util.concurrent.ThreadPoolExecutor$Worker.run(ThreadPoolExecutor.java:628)
	at java.base/java.lang.Thread.run(Thread.java:829)
Caused by: java.util.concurrent.RejectedExecutionException: Task java.util.concurrent.CompletableFuture$AsyncSupply@1a64e8e0 rejected from java.util.concurrent.ThreadPoolExecutor@4ecb30e4[Terminated, pool size = 0, active threads = 0, queued tasks = 0, completed tasks = 0]
	at java.base/java.util.concurrent.ThreadPoolExecutor$AbortPolicy.rejectedExecution(ThreadPoolExecutor.java:2055)
	at java.base/java.util.concurrent.ThreadPoolExecutor.reject(ThreadPoolExecutor.java:825)
	at java.base/java.util.concurrent.ThreadPoolExecutor.execute(ThreadPoolExecutor.java:1355)
	at java.base/java.util.concurrent.CompletableFuture.asyncSupplyStage(CompletableFuture.java:1714)
	at java.base/java.util.concurrent.CompletableFuture.supplyAsync(CompletableFuture.java:1931)
	at org.apache.ratis.server.impl.RaftServerImpl.executeSubmitServerRequestAsync(RaftServerImpl.java:817)
	at org.apache.ratis.server.impl.RaftServerProxy.lambda$appendEntriesAsync$27(RaftServerProxy.java:634)
	at java.base/java.util.concurrent.CompletableFuture.uniComposeStage(CompletableFuture.java:1106)
	... 15 more
2023-02-09 08:26:13,199 [grpc-default-executor-5] WARN  server.GrpcLogAppender (LogUtils.java:warn(124)) - s1@group-5D8BFF2AC38C->s0-AppendLogResponseHandler: Failed appendEntries
java.util.concurrent.RejectedExecutionException: Task java.util.concurrent.CompletableFuture$AsyncSupply@1a64e8e0 rejected from java.util.concurrent.ThreadPoolExecutor@4ecb30e4[Terminated, pool size = 0, active threads = 0, queued tasks = 0, completed tasks = 0]
	at java.base/java.util.concurrent.ThreadPoolExecutor$AbortPolicy.rejectedExecution(ThreadPoolExecutor.java:2055)
	at java.base/java.util.concurrent.ThreadPoolExecutor.reject(ThreadPoolExecutor.java:825)
	at java.base/java.util.concurrent.ThreadPoolExecutor.execute(ThreadPoolExecutor.java:1355)
	at java.base/java.util.concurrent.CompletableFuture.asyncSupplyStage(CompletableFuture.java:1714)
	at java.base/java.util.concurrent.CompletableFuture.supplyAsync(CompletableFuture.java:1931)
	at org.apache.ratis.server.impl.RaftServerImpl.executeSubmitServerRequestAsync(RaftServerImpl.java:817)
	at org.apache.ratis.server.impl.RaftServerProxy.lambda$appendEntriesAsync$27(RaftServerProxy.java:634)
	at java.base/java.util.concurrent.CompletableFuture.uniComposeStage(CompletableFuture.java:1106)
	at java.base/java.util.concurrent.CompletableFuture.thenCompose(CompletableFuture.java:2235)
	at org.apache.ratis.server.impl.RaftServerProxy.appendEntriesAsync(RaftServerProxy.java:634)
	at org.apache.ratis.grpc.server.GrpcServerProtocolService$1.process(GrpcServerProtocolService.java:219)
	at org.apache.ratis.grpc.server.GrpcServerProtocolService$1.process(GrpcServerProtocolService.java:216)
	at org.apache.ratis.grpc.server.GrpcServerProtocolService$ServerRequestStreamObserver.onNext(GrpcServerProtocolService.java:124)
	at org.apache.ratis.thirdparty.io.grpc.stub.ServerCalls$StreamingServerCallHandler$StreamingServerCallListener.onMessage(ServerCalls.java:262)
	at org.apache.ratis.thirdparty.io.grpc.ForwardingServerCallListener.onMessage(ForwardingServerCallListener.java:33)
	at org.apache.ratis.thirdparty.io.grpc.internal.ServerCallImpl$ServerStreamListenerImpl.messagesAvailableInternal(ServerCallImpl.java:332)
	at org.apache.ratis.thirdparty.io.grpc.internal.ServerCallImpl$ServerStreamListenerImpl.messagesAvailable(ServerCallImpl.java:315)
	at org.apache.ratis.thirdparty.io.grpc.internal.ServerImpl$JumpToApplicationThreadServerStreamListener$1MessagesAvailable.runInContext(ServerImpl.java:834)
	at org.apache.ratis.thirdparty.io.grpc.internal.ContextRunnable.run(ContextRunnable.java:37)
	at org.apache.ratis.thirdparty.io.grpc.internal.SerializingExecutor.run(SerializingExecutor.java:133)
	at java.base/java.util.concurrent.ThreadPoolExecutor.runWorker(ThreadPoolExecutor.java:1128)
	at java.base/java.util.concurrent.ThreadPoolExecutor$Worker.run(ThreadPoolExecutor.java:628)
	at java.base/java.lang.Thread.run(Thread.java:829)
2023-02-09 08:26:13,199 [grpc-default-executor-5] INFO  leader.FollowerInfo (FollowerInfoImpl.java:lambda$new$0(52)) - s1@group-5D8BFF2AC38C->s0: nextIndex: updateUnconditionally 179 -> 83
2023-02-09 08:26:13,200 [s2-server-thread1] DEBUG raftlog.RaftLog (SegmentedRaftLog.java:appendImpl(446)) - truncateIndex=-1, arrayIndex=0
2023-02-09 08:26:13,199 [s1@group-5D8BFF2AC38C-StateMachineUpdater] INFO  impl.SimpleStateMachine4Testing (SimpleStateMachine4Testing.java:put(205)) - s1: put 179, m87 -> (t:2, i:179), STATEMACHINELOGENTRY, 473@client-F516C80A2025
2023-02-09 08:26:13,200 [s2@group-5D8BFF2AC38C-StateMachineUpdater] INFO  impl.SimpleStateMachine4Testing (SimpleStateMachine4Testing.java:put(205)) - s2: put 179, m87 -> (t:2, i:179), STATEMACHINELOGENTRY, 473@client-F516C80A2025
2023-02-09 08:26:13,202 [s2-server-thread1] DEBUG raftlog.RaftLog (SegmentedRaftLog.java:appendImpl(446)) - truncateIndex=-1, arrayIndex=0
2023-02-09 08:26:13,202 [s1@group-5D8BFF2AC38C-StateMachineUpdater] INFO  impl.SimpleStateMachine4Testing (SimpleStateMachine4Testing.java:put(205)) - s1: put 181, m88 -> (t:2, i:181), STATEMACHINELOGENTRY, 474@client-F516C80A2025
2023-02-09 08:26:13,203 [grpc-default-executor-5] WARN  server.GrpcServerProtocolService (LogUtils.java:warn(124)) - s0: Failed APPEND_ENTRIES request s1->s0#190-t2,previous=(t:1, i:82),leaderCommit=180,initializing? true,entries: size=98, first=(t:2, i:83), CONFIGURATIONENTRY(current:id: "s0"
address: "localhost:42371"
dataStreamAddress: "localhost:43129"
clientAddress: "localhost:36379"
adminAddress: "localhost:36531"
startupRole: FOLLOWER
,id: "s1"
address: "localhost:35679"
dataStreamAddress: "localhost:42433"
clientAddress: "localhost:41371"
adminAddress: "localhost:44855"
startupRole: FOLLOWER
,id: "s2"
address: "localhost:39787"
dataStreamAddress: "localhost:33651"
clientAddress: "localhost:41113"
adminAddress: "localhost:44467"
startupRole: FOLLOWER
, old:)
java.util.concurrent.CompletionException: java.util.concurrent.RejectedExecutionException: Task java.util.concurrent.CompletableFuture$AsyncSupply@6bad9bee rejected from java.util.concurrent.ThreadPoolExecutor@4ecb30e4[Terminated, pool size = 0, active threads = 0, queued tasks = 0, completed tasks = 0]
	at java.base/java.util.concurrent.CompletableFuture.encodeThrowable(CompletableFuture.java:314)
	at java.base/java.util.concurrent.CompletableFuture.uniComposeStage(CompletableFuture.java:1113)
	at java.base/java.util.concurrent.CompletableFuture.thenCompose(CompletableFuture.java:2235)
	at org.apache.ratis.server.impl.RaftServerProxy.appendEntriesAsync(RaftServerProxy.java:634)
	at org.apache.ratis.grpc.server.GrpcServerProtocolService$1.process(GrpcServerProtocolService.java:219)
	at org.apache.ratis.grpc.server.GrpcServerProtocolService$1.process(GrpcServerProtocolService.java:216)
	at org.apache.ratis.grpc.server.GrpcServerProtocolService$ServerRequestStreamObserver.onNext(GrpcServerProtocolService.java:124)
	at org.apache.ratis.thirdparty.io.grpc.stub.ServerCalls$StreamingServerCallHandler$StreamingServerCallListener.onMessage(ServerCalls.java:262)
	at org.apache.ratis.thirdparty.io.grpc.ForwardingServerCallListener.onMessage(ForwardingServerCallListener.java:33)
	at org.apache.ratis.thirdparty.io.grpc.internal.ServerCallImpl$ServerStreamListenerImpl.messagesAvailableInternal(ServerCallImpl.java:332)
	at org.apache.ratis.thirdparty.io.grpc.internal.ServerCallImpl$ServerStreamListenerImpl.messagesAvailable(ServerCallImpl.java:315)
	at org.apache.ratis.thirdparty.io.grpc.internal.ServerImpl$JumpToApplicationThreadServerStreamListener$1MessagesAvailable.runInContext(ServerImpl.java:834)
	at org.apache.ratis.thirdparty.io.grpc.internal.ContextRunnable.run(ContextRunnable.java:37)
	at org.apache.ratis.thirdparty.io.grpc.internal.SerializingExecutor.run(SerializingExecutor.java:133)
	at java.base/java.util.concurrent.ThreadPoolExecutor.runWorker(ThreadPoolExecutor.java:1128)
	at java.base/java.util.concurrent.ThreadPoolExecutor$Worker.run(ThreadPoolExecutor.java:628)
	at java.base/java.lang.Thread.run(Thread.java:829)
Caused by: java.util.concurrent.RejectedExecutionException: Task java.util.concurrent.CompletableFuture$AsyncSupply@6bad9bee rejected from java.util.concurrent.ThreadPoolExecutor@4ecb30e4[Terminated, pool size = 0, active threads = 0, queued tasks = 0, completed tasks = 0]
	at java.base/java.util.concurrent.ThreadPoolExecutor$AbortPolicy.rejectedExecution(ThreadPoolExecutor.java:2055)
	at java.base/java.util.concurrent.ThreadPoolExecutor.reject(ThreadPoolExecutor.java:825)
	at java.base/java.util.concurrent.ThreadPoolExecutor.execute(ThreadPoolExecutor.java:1355)
	at java.base/java.util.concurrent.CompletableFuture.asyncSupplyStage(CompletableFuture.java:1714)
	at java.base/java.util.concurrent.CompletableFuture.supplyAsync(CompletableFuture.java:1931)
	at org.apache.ratis.server.impl.RaftServerImpl.executeSubmitServerRequestAsync(RaftServerImpl.java:817)
	at org.apache.ratis.server.impl.RaftServerProxy.lambda$appendEntriesAsync$27(RaftServerProxy.java:634)
	at java.base/java.util.concurrent.CompletableFuture.uniComposeStage(CompletableFuture.java:1106)
	... 15 more
2023-02-09 08:26:13,203 [s2-server-thread1] DEBUG raftlog.RaftLog (SegmentedRaftLog.java:appendImpl(446)) - truncateIndex=-1, arrayIndex=0
2023-02-09 08:26:13,204 [s2@group-5D8BFF2AC38C-StateMachineUpdater] INFO  impl.SimpleStateMachine4Testing (SimpleStateMachine4Testing.java:put(205)) - s2: put 181, m88 -> (t:2, i:181), STATEMACHINELOGENTRY, 474@client-F516C80A2025
2023-02-09 08:26:13,205 [s2-server-thread1] DEBUG raftlog.RaftLog (SegmentedRaftLog.java:appendImpl(446)) - truncateIndex=-1, arrayIndex=0
2023-02-09 08:26:13,206 [s1@group-5D8BFF2AC38C-StateMachineUpdater] INFO  impl.SimpleStateMachine4Testing (SimpleStateMachine4Testing.java:put(205)) - s1: put 183, m89 -> (t:2, i:183), STATEMACHINELOGENTRY, 475@client-F516C80A2025
2023-02-09 08:26:13,206 [s2-server-thread1] DEBUG raftlog.RaftLog (SegmentedRaftLog.java:appendImpl(446)) - truncateIndex=-1, arrayIndex=0
2023-02-09 08:26:13,207 [s2@group-5D8BFF2AC38C-StateMachineUpdater] INFO  impl.SimpleStateMachine4Testing (SimpleStateMachine4Testing.java:put(205)) - s2: put 183, m89 -> (t:2, i:183), STATEMACHINELOGENTRY, 475@client-F516C80A2025
2023-02-09 08:26:13,208 [grpc-default-executor-7] WARN  server.GrpcLogAppender (LogUtils.java:warn(124)) - s1@group-5D8BFF2AC38C->s0-AppendLogResponseHandler: Failed appendEntries
java.util.concurrent.RejectedExecutionException: Task java.util.concurrent.CompletableFuture$AsyncSupply@6bad9bee rejected from java.util.concurrent.ThreadPoolExecutor@4ecb30e4[Terminated, pool size = 0, active threads = 0, queued tasks = 0, completed tasks = 0]
	at java.base/java.util.concurrent.ThreadPoolExecutor$AbortPolicy.rejectedExecution(ThreadPoolExecutor.java:2055)
	at java.base/java.util.concurrent.ThreadPoolExecutor.reject(ThreadPoolExecutor.java:825)
	at java.base/java.util.concurrent.ThreadPoolExecutor.execute(ThreadPoolExecutor.java:1355)
	at java.base/java.util.concurrent.CompletableFuture.asyncSupplyStage(CompletableFuture.java:1714)
	at java.base/java.util.concurrent.CompletableFuture.supplyAsync(CompletableFuture.java:1931)
	at org.apache.ratis.server.impl.RaftServerImpl.executeSubmitServerRequestAsync(RaftServerImpl.java:817)
	at org.apache.ratis.server.impl.RaftServerProxy.lambda$appendEntriesAsync$27(RaftServerProxy.java:634)
	at java.base/java.util.concurrent.CompletableFuture.uniComposeStage(CompletableFuture.java:1106)
	at java.base/java.util.concurrent.CompletableFuture.thenCompose(CompletableFuture.java:2235)
	at org.apache.ratis.server.impl.RaftServerProxy.appendEntriesAsync(RaftServerProxy.java:634)
	at org.apache.ratis.grpc.server.GrpcServerProtocolService$1.process(GrpcServerProtocolService.java:219)
	at org.apache.ratis.grpc.server.GrpcServerProtocolService$1.process(GrpcServerProtocolService.java:216)
	at org.apache.ratis.grpc.server.GrpcServerProtocolService$ServerRequestStreamObserver.onNext(GrpcServerProtocolService.java:124)
	at org.apache.ratis.thirdparty.io.grpc.stub.ServerCalls$StreamingServerCallHandler$StreamingServerCallListener.onMessage(ServerCalls.java:262)
	at org.apache.ratis.thirdparty.io.grpc.ForwardingServerCallListener.onMessage(ForwardingServerCallListener.java:33)
	at org.apache.ratis.thirdparty.io.grpc.internal.ServerCallImpl$ServerStreamListenerImpl.messagesAvailableInternal(ServerCallImpl.java:332)
	at org.apache.ratis.thirdparty.io.grpc.internal.ServerCallImpl$ServerStreamListenerImpl.messagesAvailable(ServerCallImpl.java:315)
	at org.apache.ratis.thirdparty.io.grpc.internal.ServerImpl$JumpToApplicationThreadServerStreamListener$1MessagesAvailable.runInContext(ServerImpl.java:834)
	at org.apache.ratis.thirdparty.io.grpc.internal.ContextRunnable.run(ContextRunnable.java:37)
	at org.apache.ratis.thirdparty.io.grpc.internal.SerializingExecutor.run(SerializingExecutor.java:133)
	at java.base/java.util.concurrent.ThreadPoolExecutor.runWorker(ThreadPoolExecutor.java:1128)
	at java.base/java.util.concurrent.ThreadPoolExecutor$Worker.run(ThreadPoolExecutor.java:628)
	at java.base/java.lang.Thread.run(Thread.java:829)
2023-02-09 08:26:13,208 [grpc-default-executor-7] INFO  leader.FollowerInfo (FollowerInfoImpl.java:lambda$new$0(52)) - s1@group-5D8BFF2AC38C->s0: nextIndex: updateUnconditionally 181 -> 83
2023-02-09 08:26:13,210 [s2-server-thread1] DEBUG raftlog.RaftLog (SegmentedRaftLog.java:appendImpl(446)) - truncateIndex=-1, arrayIndex=0
2023-02-09 08:26:13,210 [grpc-default-executor-7] WARN  server.GrpcServerProtocolService (LogUtils.java:warn(124)) - s0: Failed APPEND_ENTRIES request s1->s0#201-t2,previous=(t:1, i:82),leaderCommit=184,initializing? true,entries: size=103, first=(t:2, i:83), CONFIGURATIONENTRY(current:id: "s0"
address: "localhost:42371"
dataStreamAddress: "localhost:43129"
clientAddress: "localhost:36379"
adminAddress: "localhost:36531"
startupRole: FOLLOWER
,id: "s1"
address: "localhost:35679"
dataStreamAddress: "localhost:42433"
clientAddress: "localhost:41371"
adminAddress: "localhost:44855"
startupRole: FOLLOWER
,id: "s2"
address: "localhost:39787"
dataStreamAddress: "localhost:33651"
clientAddress: "localhost:41113"
adminAddress: "localhost:44467"
startupRole: FOLLOWER
, old:)
java.util.concurrent.CompletionException: java.util.concurrent.RejectedExecutionException: Task java.util.concurrent.CompletableFuture$AsyncSupply@1b87d996 rejected from java.util.concurrent.ThreadPoolExecutor@4ecb30e4[Terminated, pool size = 0, active threads = 0, queued tasks = 0, completed tasks = 0]
	at java.base/java.util.concurrent.CompletableFuture.encodeThrowable(CompletableFuture.java:314)
	at java.base/java.util.concurrent.CompletableFuture.uniComposeStage(CompletableFuture.java:1113)
	at java.base/java.util.concurrent.CompletableFuture.thenCompose(CompletableFuture.java:2235)
	at org.apache.ratis.server.impl.RaftServerProxy.appendEntriesAsync(RaftServerProxy.java:634)
	at org.apache.ratis.grpc.server.GrpcServerProtocolService$1.process(GrpcServerProtocolService.java:219)
	at org.apache.ratis.grpc.server.GrpcServerProtocolService$1.process(GrpcServerProtocolService.java:216)
	at org.apache.ratis.grpc.server.GrpcServerProtocolService$ServerRequestStreamObserver.onNext(GrpcServerProtocolService.java:124)
	at org.apache.ratis.thirdparty.io.grpc.stub.ServerCalls$StreamingServerCallHandler$StreamingServerCallListener.onMessage(ServerCalls.java:262)
	at org.apache.ratis.thirdparty.io.grpc.ForwardingServerCallListener.onMessage(ForwardingServerCallListener.java:33)
	at org.apache.ratis.thirdparty.io.grpc.internal.ServerCallImpl$ServerStreamListenerImpl.messagesAvailableInternal(ServerCallImpl.java:332)
	at org.apache.ratis.thirdparty.io.grpc.internal.ServerCallImpl$ServerStreamListenerImpl.messagesAvailable(ServerCallImpl.java:315)
	at org.apache.ratis.thirdparty.io.grpc.internal.ServerImpl$JumpToApplicationThreadServerStreamListener$1MessagesAvailable.runInContext(ServerImpl.java:834)
	at org.apache.ratis.thirdparty.io.grpc.internal.ContextRunnable.run(ContextRunnable.java:37)
	at org.apache.ratis.thirdparty.io.grpc.internal.SerializingExecutor.run(SerializingExecutor.java:133)
	at java.base/java.util.concurrent.ThreadPoolExecutor.runWorker(ThreadPoolExecutor.java:1128)
	at java.base/java.util.concurrent.ThreadPoolExecutor$Worker.run(ThreadPoolExecutor.java:628)
	at java.base/java.lang.Thread.run(Thread.java:829)
Caused by: java.util.concurrent.RejectedExecutionException: Task java.util.concurrent.CompletableFuture$AsyncSupply@1b87d996 rejected from java.util.concurrent.ThreadPoolExecutor@4ecb30e4[Terminated, pool size = 0, active threads = 0, queued tasks = 0, completed tasks = 0]
	at java.base/java.util.concurrent.ThreadPoolExecutor$AbortPolicy.rejectedExecution(ThreadPoolExecutor.java:2055)
	at java.base/java.util.concurrent.ThreadPoolExecutor.reject(ThreadPoolExecutor.java:825)
	at java.base/java.util.concurrent.ThreadPoolExecutor.execute(ThreadPoolExecutor.java:1355)
	at java.base/java.util.concurrent.CompletableFuture.asyncSupplyStage(CompletableFuture.java:1714)
	at java.base/java.util.concurrent.CompletableFuture.supplyAsync(CompletableFuture.java:1931)
	at org.apache.ratis.server.impl.RaftServerImpl.executeSubmitServerRequestAsync(RaftServerImpl.java:817)
	at org.apache.ratis.server.impl.RaftServerProxy.lambda$appendEntriesAsync$27(RaftServerProxy.java:634)
	at java.base/java.util.concurrent.CompletableFuture.uniComposeStage(CompletableFuture.java:1106)
	... 15 more
2023-02-09 08:26:13,211 [s1@group-5D8BFF2AC38C-StateMachineUpdater] INFO  impl.SimpleStateMachine4Testing (SimpleStateMachine4Testing.java:put(205)) - s1: put 185, m90 -> (t:2, i:185), STATEMACHINELOGENTRY, 476@client-F516C80A2025
2023-02-09 08:26:13,212 [grpc-default-executor-7] WARN  server.GrpcLogAppender (LogUtils.java:warn(124)) - s1@group-5D8BFF2AC38C->s0-AppendLogResponseHandler: Failed appendEntries
java.util.concurrent.RejectedExecutionException: Task java.util.concurrent.CompletableFuture$AsyncSupply@1b87d996 rejected from java.util.concurrent.ThreadPoolExecutor@4ecb30e4[Terminated, pool size = 0, active threads = 0, queued tasks = 0, completed tasks = 0]
	at java.base/java.util.concurrent.ThreadPoolExecutor$AbortPolicy.rejectedExecution(ThreadPoolExecutor.java:2055)
	at java.base/java.util.concurrent.ThreadPoolExecutor.reject(ThreadPoolExecutor.java:825)
	at java.base/java.util.concurrent.ThreadPoolExecutor.execute(ThreadPoolExecutor.java:1355)
	at java.base/java.util.concurrent.CompletableFuture.asyncSupplyStage(CompletableFuture.java:1714)
	at java.base/java.util.concurrent.CompletableFuture.supplyAsync(CompletableFuture.java:1931)
	at org.apache.ratis.server.impl.RaftServerImpl.executeSubmitServerRequestAsync(RaftServerImpl.java:817)
	at org.apache.ratis.server.impl.RaftServerProxy.lambda$appendEntriesAsync$27(RaftServerProxy.java:634)
	at java.base/java.util.concurrent.CompletableFuture.uniComposeStage(CompletableFuture.java:1106)
	at java.base/java.util.concurrent.CompletableFuture.thenCompose(CompletableFuture.java:2235)
	at org.apache.ratis.server.impl.RaftServerProxy.appendEntriesAsync(RaftServerProxy.java:634)
	at org.apache.ratis.grpc.server.GrpcServerProtocolService$1.process(GrpcServerProtocolService.java:219)
	at org.apache.ratis.grpc.server.GrpcServerProtocolService$1.process(GrpcServerProtocolService.java:216)
	at org.apache.ratis.grpc.server.GrpcServerProtocolService$ServerRequestStreamObserver.onNext(GrpcServerProtocolService.java:124)
	at org.apache.ratis.thirdparty.io.grpc.stub.ServerCalls$StreamingServerCallHandler$StreamingServerCallListener.onMessage(ServerCalls.java:262)
	at org.apache.ratis.thirdparty.io.grpc.ForwardingServerCallListener.onMessage(ForwardingServerCallListener.java:33)
	at org.apache.ratis.thirdparty.io.grpc.internal.ServerCallImpl$ServerStreamListenerImpl.messagesAvailableInternal(ServerCallImpl.java:332)
	at org.apache.ratis.thirdparty.io.grpc.internal.ServerCallImpl$ServerStreamListenerImpl.messagesAvailable(ServerCallImpl.java:315)
	at org.apache.ratis.thirdparty.io.grpc.internal.ServerImpl$JumpToApplicationThreadServerStreamListener$1MessagesAvailable.runInContext(ServerImpl.java:834)
	at org.apache.ratis.thirdparty.io.grpc.internal.ContextRunnable.run(ContextRunnable.java:37)
	at org.apache.ratis.thirdparty.io.grpc.internal.SerializingExecutor.run(SerializingExecutor.java:133)
	at java.base/java.util.concurrent.ThreadPoolExecutor.runWorker(ThreadPoolExecutor.java:1128)
	at java.base/java.util.concurrent.ThreadPoolExecutor$Worker.run(ThreadPoolExecutor.java:628)
	at java.base/java.lang.Thread.run(Thread.java:829)
2023-02-09 08:26:13,213 [grpc-default-executor-7] INFO  leader.FollowerInfo (FollowerInfoImpl.java:lambda$new$0(52)) - s1@group-5D8BFF2AC38C->s0: nextIndex: updateUnconditionally 186 -> 83
2023-02-09 08:26:13,213 [s2-server-thread1] DEBUG raftlog.RaftLog (SegmentedRaftLog.java:appendImpl(446)) - truncateIndex=-1, arrayIndex=0
2023-02-09 08:26:13,213 [s2@group-5D8BFF2AC38C-StateMachineUpdater] INFO  impl.SimpleStateMachine4Testing (SimpleStateMachine4Testing.java:put(205)) - s2: put 185, m90 -> (t:2, i:185), STATEMACHINELOGENTRY, 476@client-F516C80A2025
2023-02-09 08:26:13,215 [grpc-default-executor-7] WARN  server.GrpcServerProtocolService (LogUtils.java:warn(124)) - s0: Failed APPEND_ENTRIES request s1->s0#204-t2,previous=(t:1, i:82),leaderCommit=185,initializing? true,entries: size=104, first=(t:2, i:83), CONFIGURATIONENTRY(current:id: "s0"
address: "localhost:42371"
dataStreamAddress: "localhost:43129"
clientAddress: "localhost:36379"
adminAddress: "localhost:36531"
startupRole: FOLLOWER
,id: "s1"
address: "localhost:35679"
dataStreamAddress: "localhost:42433"
clientAddress: "localhost:41371"
adminAddress: "localhost:44855"
startupRole: FOLLOWER
,id: "s2"
address: "localhost:39787"
dataStreamAddress: "localhost:33651"
clientAddress: "localhost:41113"
adminAddress: "localhost:44467"
startupRole: FOLLOWER
, old:)
java.util.concurrent.CompletionException: java.util.concurrent.RejectedExecutionException: Task java.util.concurrent.CompletableFuture$AsyncSupply@10a914c rejected from java.util.concurrent.ThreadPoolExecutor@4ecb30e4[Terminated, pool size = 0, active threads = 0, queued tasks = 0, completed tasks = 0]
	at java.base/java.util.concurrent.CompletableFuture.encodeThrowable(CompletableFuture.java:314)
	at java.base/java.util.concurrent.CompletableFuture.uniComposeStage(CompletableFuture.java:1113)
	at java.base/java.util.concurrent.CompletableFuture.thenCompose(CompletableFuture.java:2235)
	at org.apache.ratis.server.impl.RaftServerProxy.appendEntriesAsync(RaftServerProxy.java:634)
	at org.apache.ratis.grpc.server.GrpcServerProtocolService$1.process(GrpcServerProtocolService.java:219)
	at org.apache.ratis.grpc.server.GrpcServerProtocolService$1.process(GrpcServerProtocolService.java:216)
	at org.apache.ratis.grpc.server.GrpcServerProtocolService$ServerRequestStreamObserver.onNext(GrpcServerProtocolService.java:124)
	at org.apache.ratis.thirdparty.io.grpc.stub.ServerCalls$StreamingServerCallHandler$StreamingServerCallListener.onMessage(ServerCalls.java:262)
	at org.apache.ratis.thirdparty.io.grpc.ForwardingServerCallListener.onMessage(ForwardingServerCallListener.java:33)
	at org.apache.ratis.thirdparty.io.grpc.internal.ServerCallImpl$ServerStreamListenerImpl.messagesAvailableInternal(ServerCallImpl.java:332)
	at org.apache.ratis.thirdparty.io.grpc.internal.ServerCallImpl$ServerStreamListenerImpl.messagesAvailable(ServerCallImpl.java:315)
	at org.apache.ratis.thirdparty.io.grpc.internal.ServerImpl$JumpToApplicationThreadServerStreamListener$1MessagesAvailable.runInContext(ServerImpl.java:834)
	at org.apache.ratis.thirdparty.io.grpc.internal.ContextRunnable.run(ContextRunnable.java:37)
	at org.apache.ratis.thirdparty.io.grpc.internal.SerializingExecutor.run(SerializingExecutor.java:133)
	at java.base/java.util.concurrent.ThreadPoolExecutor.runWorker(ThreadPoolExecutor.java:1128)
	at java.base/java.util.concurrent.ThreadPoolExecutor$Worker.run(ThreadPoolExecutor.java:628)
	at java.base/java.lang.Thread.run(Thread.java:829)
Caused by: java.util.concurrent.RejectedExecutionException: Task java.util.concurrent.CompletableFuture$AsyncSupply@10a914c rejected from java.util.concurrent.ThreadPoolExecutor@4ecb30e4[Terminated, pool size = 0, active threads = 0, queued tasks = 0, completed tasks = 0]
	at java.base/java.util.concurrent.ThreadPoolExecutor$AbortPolicy.rejectedExecution(ThreadPoolExecutor.java:2055)
	at java.base/java.util.concurrent.ThreadPoolExecutor.reject(ThreadPoolExecutor.java:825)
	at java.base/java.util.concurrent.ThreadPoolExecutor.execute(ThreadPoolExecutor.java:1355)
	at java.base/java.util.concurrent.CompletableFuture.asyncSupplyStage(CompletableFuture.java:1714)
	at java.base/java.util.concurrent.CompletableFuture.supplyAsync(CompletableFuture.java:1931)
	at org.apache.ratis.server.impl.RaftServerImpl.executeSubmitServerRequestAsync(RaftServerImpl.java:817)
	at org.apache.ratis.server.impl.RaftServerProxy.lambda$appendEntriesAsync$27(RaftServerProxy.java:634)
	at java.base/java.util.concurrent.CompletableFuture.uniComposeStage(CompletableFuture.java:1106)
	... 15 more
2023-02-09 08:26:13,217 [grpc-default-executor-5] WARN  server.GrpcLogAppender (LogUtils.java:warn(124)) - s1@group-5D8BFF2AC38C->s0-AppendLogResponseHandler: Failed appendEntries
java.util.concurrent.RejectedExecutionException: Task java.util.concurrent.CompletableFuture$AsyncSupply@10a914c rejected from java.util.concurrent.ThreadPoolExecutor@4ecb30e4[Terminated, pool size = 0, active threads = 0, queued tasks = 0, completed tasks = 0]
	at java.base/java.util.concurrent.ThreadPoolExecutor$AbortPolicy.rejectedExecution(ThreadPoolExecutor.java:2055)
	at java.base/java.util.concurrent.ThreadPoolExecutor.reject(ThreadPoolExecutor.java:825)
	at java.base/java.util.concurrent.ThreadPoolExecutor.execute(ThreadPoolExecutor.java:1355)
	at java.base/java.util.concurrent.CompletableFuture.asyncSupplyStage(CompletableFuture.java:1714)
	at java.base/java.util.concurrent.CompletableFuture.supplyAsync(CompletableFuture.java:1931)
	at org.apache.ratis.server.impl.RaftServerImpl.executeSubmitServerRequestAsync(RaftServerImpl.java:817)
	at org.apache.ratis.server.impl.RaftServerProxy.lambda$appendEntriesAsync$27(RaftServerProxy.java:634)
	at java.base/java.util.concurrent.CompletableFuture.uniComposeStage(CompletableFuture.java:1106)
	at java.base/java.util.concurrent.CompletableFuture.thenCompose(CompletableFuture.java:2235)
	at org.apache.ratis.server.impl.RaftServerProxy.appendEntriesAsync(RaftServerProxy.java:634)
	at org.apache.ratis.grpc.server.GrpcServerProtocolService$1.process(GrpcServerProtocolService.java:219)
	at org.apache.ratis.grpc.server.GrpcServerProtocolService$1.process(GrpcServerProtocolService.java:216)
	at org.apache.ratis.grpc.server.GrpcServerProtocolService$ServerRequestStreamObserver.onNext(GrpcServerProtocolService.java:124)
	at org.apache.ratis.thirdparty.io.grpc.stub.ServerCalls$StreamingServerCallHandler$StreamingServerCallListener.onMessage(ServerCalls.java:262)
	at org.apache.ratis.thirdparty.io.grpc.ForwardingServerCallListener.onMessage(ForwardingServerCallListener.java:33)
	at org.apache.ratis.thirdparty.io.grpc.internal.ServerCallImpl$ServerStreamListenerImpl.messagesAvailableInternal(ServerCallImpl.java:332)
	at org.apache.ratis.thirdparty.io.grpc.internal.ServerCallImpl$ServerStreamListenerImpl.messagesAvailable(ServerCallImpl.java:315)
	at org.apache.ratis.thirdparty.io.grpc.internal.ServerImpl$JumpToApplicationThreadServerStreamListener$1MessagesAvailable.runInContext(ServerImpl.java:834)
	at org.apache.ratis.thirdparty.io.grpc.internal.ContextRunnable.run(ContextRunnable.java:37)
	at org.apache.ratis.thirdparty.io.grpc.internal.SerializingExecutor.run(SerializingExecutor.java:133)
	at java.base/java.util.concurrent.ThreadPoolExecutor.runWorker(ThreadPoolExecutor.java:1128)
	at java.base/java.util.concurrent.ThreadPoolExecutor$Worker.run(ThreadPoolExecutor.java:628)
	at java.base/java.lang.Thread.run(Thread.java:829)
2023-02-09 08:26:13,217 [grpc-default-executor-5] INFO  leader.FollowerInfo (FollowerInfoImpl.java:lambda$new$0(52)) - s1@group-5D8BFF2AC38C->s0: nextIndex: updateUnconditionally 187 -> 83
2023-02-09 08:26:13,217 [s2-server-thread1] DEBUG raftlog.RaftLog (SegmentedRaftLog.java:appendImpl(446)) - truncateIndex=-1, arrayIndex=0
2023-02-09 08:26:13,218 [s1@group-5D8BFF2AC38C-LeaderStateImpl] INFO  segmented.SegmentedRaftLogWorker (SegmentedRaftLogWorker.java:rollLogSegment(436)) - s1@group-5D8BFF2AC38C-SegmentedRaftLogWorker: Rolling segment log-161_187 to index:187
2023-02-09 08:26:13,218 [s1@group-5D8BFF2AC38C-StateMachineUpdater] INFO  impl.SimpleStateMachine4Testing (SimpleStateMachine4Testing.java:put(205)) - s1: put 187, m91 -> (t:2, i:187), STATEMACHINELOGENTRY, 477@client-F516C80A2025
2023-02-09 08:26:13,219 [s1@group-5D8BFF2AC38C-SegmentedRaftLogWorker] TRACE util.FileUtils (LogUtils.java:runAndLog(49)) - Successfully ran Atomic Files.move /home/runner/work/ratis/ratis/ratis-test/target/test/data/ca75353f/MiniRaftClusterWithGrpc52e54005/s1/d26acf42-c6a3-40ef-b2da-5d8bff2ac38c/current/log_inprogress_161 to /home/runner/work/ratis/ratis/ratis-test/target/test/data/ca75353f/MiniRaftClusterWithGrpc52e54005/s1/d26acf42-c6a3-40ef-b2da-5d8bff2ac38c/current/log_161-187
2023-02-09 08:26:13,219 [s1@group-5D8BFF2AC38C-SegmentedRaftLogWorker] INFO  segmented.SegmentedRaftLogWorker (SegmentedRaftLogWorker.java:execute(592)) - s1@group-5D8BFF2AC38C-SegmentedRaftLogWorker: Rolled log segment from /home/runner/work/ratis/ratis/ratis-test/target/test/data/ca75353f/MiniRaftClusterWithGrpc52e54005/s1/d26acf42-c6a3-40ef-b2da-5d8bff2ac38c/current/log_inprogress_161 to /home/runner/work/ratis/ratis/ratis-test/target/test/data/ca75353f/MiniRaftClusterWithGrpc52e54005/s1/d26acf42-c6a3-40ef-b2da-5d8bff2ac38c/current/log_161-187
2023-02-09 08:26:13,219 [s2-server-thread1] DEBUG raftlog.RaftLog (SegmentedRaftLog.java:appendImpl(446)) - truncateIndex=-1, arrayIndex=0
2023-02-09 08:26:13,219 [s2-server-thread1] INFO  segmented.SegmentedRaftLogWorker (SegmentedRaftLogWorker.java:rollLogSegment(436)) - s2@group-5D8BFF2AC38C-SegmentedRaftLogWorker: Rolling segment log-161_187 to index:187
2023-02-09 08:26:13,219 [grpc-default-executor-5] WARN  server.GrpcServerProtocolService (LogUtils.java:warn(124)) - s0: Failed APPEND_ENTRIES request s1->s0#207-t2,previous=(t:1, i:82),leaderCommit=186,initializing? true,entries: size=105, first=(t:2, i:83), CONFIGURATIONENTRY(current:id: "s0"
address: "localhost:42371"
dataStreamAddress: "localhost:43129"
clientAddress: "localhost:36379"
adminAddress: "localhost:36531"
startupRole: FOLLOWER
,id: "s1"
address: "localhost:35679"
dataStreamAddress: "localhost:42433"
clientAddress: "localhost:41371"
adminAddress: "localhost:44855"
startupRole: FOLLOWER
,id: "s2"
address: "localhost:39787"
dataStreamAddress: "localhost:33651"
clientAddress: "localhost:41113"
adminAddress: "localhost:44467"
startupRole: FOLLOWER
, old:)
java.util.concurrent.CompletionException: java.util.concurrent.RejectedExecutionException: Task java.util.concurrent.CompletableFuture$AsyncSupply@4502a04f rejected from java.util.concurrent.ThreadPoolExecutor@4ecb30e4[Terminated, pool size = 0, active threads = 0, queued tasks = 0, completed tasks = 0]
	at java.base/java.util.concurrent.CompletableFuture.encodeThrowable(CompletableFuture.java:314)
	at java.base/java.util.concurrent.CompletableFuture.uniComposeStage(CompletableFuture.java:1113)
	at java.base/java.util.concurrent.CompletableFuture.thenCompose(CompletableFuture.java:2235)
	at org.apache.ratis.server.impl.RaftServerProxy.appendEntriesAsync(RaftServerProxy.java:634)
	at org.apache.ratis.grpc.server.GrpcServerProtocolService$1.process(GrpcServerProtocolService.java:219)
	at org.apache.ratis.grpc.server.GrpcServerProtocolService$1.process(GrpcServerProtocolService.java:216)
	at org.apache.ratis.grpc.server.GrpcServerProtocolService$ServerRequestStreamObserver.onNext(GrpcServerProtocolService.java:124)
	at org.apache.ratis.thirdparty.io.grpc.stub.ServerCalls$StreamingServerCallHandler$StreamingServerCallListener.onMessage(ServerCalls.java:262)
	at org.apache.ratis.thirdparty.io.grpc.ForwardingServerCallListener.onMessage(ForwardingServerCallListener.java:33)
	at org.apache.ratis.thirdparty.io.grpc.internal.ServerCallImpl$ServerStreamListenerImpl.messagesAvailableInternal(ServerCallImpl.java:332)
	at org.apache.ratis.thirdparty.io.grpc.internal.ServerCallImpl$ServerStreamListenerImpl.messagesAvailable(ServerCallImpl.java:315)
	at org.apache.ratis.thirdparty.io.grpc.internal.ServerImpl$JumpToApplicationThreadServerStreamListener$1MessagesAvailable.runInContext(ServerImpl.java:834)
	at org.apache.ratis.thirdparty.io.grpc.internal.ContextRunnable.run(ContextRunnable.java:37)
	at org.apache.ratis.thirdparty.io.grpc.internal.SerializingExecutor.run(SerializingExecutor.java:133)
	at java.base/java.util.concurrent.ThreadPoolExecutor.runWorker(ThreadPoolExecutor.java:1128)
	at java.base/java.util.concurrent.ThreadPoolExecutor$Worker.run(ThreadPoolExecutor.java:628)
	at java.base/java.lang.Thread.run(Thread.java:829)
Caused by: java.util.concurrent.RejectedExecutionException: Task java.util.concurrent.CompletableFuture$AsyncSupply@4502a04f rejected from java.util.concurrent.ThreadPoolExecutor@4ecb30e4[Terminated, pool size = 0, active threads = 0, queued tasks = 0, completed tasks = 0]
	at java.base/java.util.concurrent.ThreadPoolExecutor$AbortPolicy.rejectedExecution(ThreadPoolExecutor.java:2055)
	at java.base/java.util.concurrent.ThreadPoolExecutor.reject(ThreadPoolExecutor.java:825)
	at java.base/java.util.concurrent.ThreadPoolExecutor.execute(ThreadPoolExecutor.java:1355)
	at java.base/java.util.concurrent.CompletableFuture.asyncSupplyStage(CompletableFuture.java:1714)
	at java.base/java.util.concurrent.CompletableFuture.supplyAsync(CompletableFuture.java:1931)
	at org.apache.ratis.server.impl.RaftServerImpl.executeSubmitServerRequestAsync(RaftServerImpl.java:817)
	at org.apache.ratis.server.impl.RaftServerProxy.lambda$appendEntriesAsync$27(RaftServerProxy.java:634)
	at java.base/java.util.concurrent.CompletableFuture.uniComposeStage(CompletableFuture.java:1106)
	... 15 more
2023-02-09 08:26:13,220 [s1@group-5D8BFF2AC38C-SegmentedRaftLogWorker] INFO  segmented.SegmentedRaftLogWorker (SegmentedRaftLogWorker.java:execute(635)) - s1@group-5D8BFF2AC38C-SegmentedRaftLogWorker: created new log segment /home/runner/work/ratis/ratis/ratis-test/target/test/data/ca75353f/MiniRaftClusterWithGrpc52e54005/s1/d26acf42-c6a3-40ef-b2da-5d8bff2ac38c/current/log_inprogress_188
2023-02-09 08:26:13,220 [s2@group-5D8BFF2AC38C-SegmentedRaftLogWorker] TRACE util.FileUtils (LogUtils.java:runAndLog(49)) - Successfully ran Atomic Files.move /home/runner/work/ratis/ratis/ratis-test/target/test/data/ca75353f/MiniRaftClusterWithGrpc52e54005/s2/d26acf42-c6a3-40ef-b2da-5d8bff2ac38c/current/log_inprogress_161 to /home/runner/work/ratis/ratis/ratis-test/target/test/data/ca75353f/MiniRaftClusterWithGrpc52e54005/s2/d26acf42-c6a3-40ef-b2da-5d8bff2ac38c/current/log_161-187
2023-02-09 08:26:13,220 [s2@group-5D8BFF2AC38C-SegmentedRaftLogWorker] INFO  segmented.SegmentedRaftLogWorker (SegmentedRaftLogWorker.java:execute(592)) - s2@group-5D8BFF2AC38C-SegmentedRaftLogWorker: Rolled log segment from /home/runner/work/ratis/ratis/ratis-test/target/test/data/ca75353f/MiniRaftClusterWithGrpc52e54005/s2/d26acf42-c6a3-40ef-b2da-5d8bff2ac38c/current/log_inprogress_161 to /home/runner/work/ratis/ratis/ratis-test/target/test/data/ca75353f/MiniRaftClusterWithGrpc52e54005/s2/d26acf42-c6a3-40ef-b2da-5d8bff2ac38c/current/log_161-187
2023-02-09 08:26:13,221 [s2@group-5D8BFF2AC38C-SegmentedRaftLogWorker] INFO  segmented.SegmentedRaftLogWorker (SegmentedRaftLogWorker.java:execute(635)) - s2@group-5D8BFF2AC38C-SegmentedRaftLogWorker: created new log segment /home/runner/work/ratis/ratis/ratis-test/target/test/data/ca75353f/MiniRaftClusterWithGrpc52e54005/s2/d26acf42-c6a3-40ef-b2da-5d8bff2ac38c/current/log_inprogress_188
2023-02-09 08:26:13,222 [s2@group-5D8BFF2AC38C-StateMachineUpdater] INFO  impl.SimpleStateMachine4Testing (SimpleStateMachine4Testing.java:put(205)) - s2: put 187, m91 -> (t:2, i:187), STATEMACHINELOGENTRY, 477@client-F516C80A2025
2023-02-09 08:26:13,222 [grpc-default-executor-5] WARN  server.GrpcLogAppender (LogUtils.java:warn(124)) - s1@group-5D8BFF2AC38C->s0-AppendLogResponseHandler: Failed appendEntries
java.util.concurrent.RejectedExecutionException: Task java.util.concurrent.CompletableFuture$AsyncSupply@4502a04f rejected from java.util.concurrent.ThreadPoolExecutor@4ecb30e4[Terminated, pool size = 0, active threads = 0, queued tasks = 0, completed tasks = 0]
	at java.base/java.util.concurrent.ThreadPoolExecutor$AbortPolicy.rejectedExecution(ThreadPoolExecutor.java:2055)
	at java.base/java.util.concurrent.ThreadPoolExecutor.reject(ThreadPoolExecutor.java:825)
	at java.base/java.util.concurrent.ThreadPoolExecutor.execute(ThreadPoolExecutor.java:1355)
	at java.base/java.util.concurrent.CompletableFuture.asyncSupplyStage(CompletableFuture.java:1714)
	at java.base/java.util.concurrent.CompletableFuture.supplyAsync(CompletableFuture.java:1931)
	at org.apache.ratis.server.impl.RaftServerImpl.executeSubmitServerRequestAsync(RaftServerImpl.java:817)
	at org.apache.ratis.server.impl.RaftServerProxy.lambda$appendEntriesAsync$27(RaftServerProxy.java:634)
	at java.base/java.util.concurrent.CompletableFuture.uniComposeStage(CompletableFuture.java:1106)
	at java.base/java.util.concurrent.CompletableFuture.thenCompose(CompletableFuture.java:2235)
	at org.apache.ratis.server.impl.RaftServerProxy.appendEntriesAsync(RaftServerProxy.java:634)
	at org.apache.ratis.grpc.server.GrpcServerProtocolService$1.process(GrpcServerProtocolService.java:219)
	at org.apache.ratis.grpc.server.GrpcServerProtocolService$1.process(GrpcServerProtocolService.java:216)
	at org.apache.ratis.grpc.server.GrpcServerProtocolService$ServerRequestStreamObserver.onNext(GrpcServerProtocolService.java:124)
	at org.apache.ratis.thirdparty.io.grpc.stub.ServerCalls$StreamingServerCallHandler$StreamingServerCallListener.onMessage(ServerCalls.java:262)
	at org.apache.ratis.thirdparty.io.grpc.ForwardingServerCallListener.onMessage(ForwardingServerCallListener.java:33)
	at org.apache.ratis.thirdparty.io.grpc.internal.ServerCallImpl$ServerStreamListenerImpl.messagesAvailableInternal(ServerCallImpl.java:332)
	at org.apache.ratis.thirdparty.io.grpc.internal.ServerCallImpl$ServerStreamListenerImpl.messagesAvailable(ServerCallImpl.java:315)
	at org.apache.ratis.thirdparty.io.grpc.internal.ServerImpl$JumpToApplicationThreadServerStreamListener$1MessagesAvailable.runInContext(ServerImpl.java:834)
	at org.apache.ratis.thirdparty.io.grpc.internal.ContextRunnable.run(ContextRunnable.java:37)
	at org.apache.ratis.thirdparty.io.grpc.internal.SerializingExecutor.run(SerializingExecutor.java:133)
	at java.base/java.util.concurrent.ThreadPoolExecutor.runWorker(ThreadPoolExecutor.java:1128)
	at java.base/java.util.concurrent.ThreadPoolExecutor$Worker.run(ThreadPoolExecutor.java:628)
	at java.base/java.lang.Thread.run(Thread.java:829)
2023-02-09 08:26:13,222 [grpc-default-executor-5] INFO  leader.FollowerInfo (FollowerInfoImpl.java:lambda$new$0(52)) - s1@group-5D8BFF2AC38C->s0: nextIndex: updateUnconditionally 188 -> 83
2023-02-09 08:26:13,223 [s2-server-thread1] DEBUG raftlog.RaftLog (SegmentedRaftLog.java:appendImpl(446)) - truncateIndex=-1, arrayIndex=0
2023-02-09 08:26:13,224 [grpc-default-executor-5] WARN  server.GrpcServerProtocolService (LogUtils.java:warn(124)) - s0: Failed APPEND_ENTRIES request s1->s0#209-t2,previous=(t:1, i:82),leaderCommit=187,initializing? true,entries: size=106, first=(t:2, i:83), CONFIGURATIONENTRY(current:id: "s0"
address: "localhost:42371"
dataStreamAddress: "localhost:43129"
clientAddress: "localhost:36379"
adminAddress: "localhost:36531"
startupRole: FOLLOWER
,id: "s1"
address: "localhost:35679"
dataStreamAddress: "localhost:42433"
clientAddress: "localhost:41371"
adminAddress: "localhost:44855"
startupRole: FOLLOWER
,id: "s2"
address: "localhost:39787"
dataStreamAddress: "localhost:33651"
clientAddress: "localhost:41113"
adminAddress: "localhost:44467"
startupRole: FOLLOWER
, old:)
java.util.concurrent.CompletionException: java.util.concurrent.RejectedExecutionException: Task java.util.concurrent.CompletableFuture$AsyncSupply@48c95858 rejected from java.util.concurrent.ThreadPoolExecutor@4ecb30e4[Terminated, pool size = 0, active threads = 0, queued tasks = 0, completed tasks = 0]
	at java.base/java.util.concurrent.CompletableFuture.encodeThrowable(CompletableFuture.java:314)
	at java.base/java.util.concurrent.CompletableFuture.uniComposeStage(CompletableFuture.java:1113)
	at java.base/java.util.concurrent.CompletableFuture.thenCompose(CompletableFuture.java:2235)
	at org.apache.ratis.server.impl.RaftServerProxy.appendEntriesAsync(RaftServerProxy.java:634)
	at org.apache.ratis.grpc.server.GrpcServerProtocolService$1.process(GrpcServerProtocolService.java:219)
	at org.apache.ratis.grpc.server.GrpcServerProtocolService$1.process(GrpcServerProtocolService.java:216)
	at org.apache.ratis.grpc.server.GrpcServerProtocolService$ServerRequestStreamObserver.onNext(GrpcServerProtocolService.java:124)
	at org.apache.ratis.thirdparty.io.grpc.stub.ServerCalls$StreamingServerCallHandler$StreamingServerCallListener.onMessage(ServerCalls.java:262)
	at org.apache.ratis.thirdparty.io.grpc.ForwardingServerCallListener.onMessage(ForwardingServerCallListener.java:33)
	at org.apache.ratis.thirdparty.io.grpc.internal.ServerCallImpl$ServerStreamListenerImpl.messagesAvailableInternal(ServerCallImpl.java:332)
	at org.apache.ratis.thirdparty.io.grpc.internal.ServerCallImpl$ServerStreamListenerImpl.messagesAvailable(ServerCallImpl.java:315)
	at org.apache.ratis.thirdparty.io.grpc.internal.ServerImpl$JumpToApplicationThreadServerStreamListener$1MessagesAvailable.runInContext(ServerImpl.java:834)
	at org.apache.ratis.thirdparty.io.grpc.internal.ContextRunnable.run(ContextRunnable.java:37)
	at org.apache.ratis.thirdparty.io.grpc.internal.SerializingExecutor.run(SerializingExecutor.java:133)
	at java.base/java.util.concurrent.ThreadPoolExecutor.runWorker(ThreadPoolExecutor.java:1128)
	at java.base/java.util.concurrent.ThreadPoolExecutor$Worker.run(ThreadPoolExecutor.java:628)
	at java.base/java.lang.Thread.run(Thread.java:829)
Caused by: java.util.concurrent.RejectedExecutionException: Task java.util.concurrent.CompletableFuture$AsyncSupply@48c95858 rejected from java.util.concurrent.ThreadPoolExecutor@4ecb30e4[Terminated, pool size = 0, active threads = 0, queued tasks = 0, completed tasks = 0]
	at java.base/java.util.concurrent.ThreadPoolExecutor$AbortPolicy.rejectedExecution(ThreadPoolExecutor.java:2055)
	at java.base/java.util.concurrent.ThreadPoolExecutor.reject(ThreadPoolExecutor.java:825)
	at java.base/java.util.concurrent.ThreadPoolExecutor.execute(ThreadPoolExecutor.java:1355)
	at java.base/java.util.concurrent.CompletableFuture.asyncSupplyStage(CompletableFuture.java:1714)
	at java.base/java.util.concurrent.CompletableFuture.supplyAsync(CompletableFuture.java:1931)
	at org.apache.ratis.server.impl.RaftServerImpl.executeSubmitServerRequestAsync(RaftServerImpl.java:817)
	at org.apache.ratis.server.impl.RaftServerProxy.lambda$appendEntriesAsync$27(RaftServerProxy.java:634)
	at java.base/java.util.concurrent.CompletableFuture.uniComposeStage(CompletableFuture.java:1106)
	... 15 more
2023-02-09 08:26:13,224 [s1@group-5D8BFF2AC38C-StateMachineUpdater] INFO  impl.SimpleStateMachine4Testing (SimpleStateMachine4Testing.java:put(205)) - s1: put 189, m92 -> (t:2, i:189), STATEMACHINELOGENTRY, 478@client-F516C80A2025
2023-02-09 08:26:13,225 [s2-server-thread1] DEBUG raftlog.RaftLog (SegmentedRaftLog.java:appendImpl(446)) - truncateIndex=-1, arrayIndex=0
2023-02-09 08:26:13,225 [s2@group-5D8BFF2AC38C-StateMachineUpdater] INFO  impl.SimpleStateMachine4Testing (SimpleStateMachine4Testing.java:put(205)) - s2: put 189, m92 -> (t:2, i:189), STATEMACHINELOGENTRY, 478@client-F516C80A2025
2023-02-09 08:26:13,227 [grpc-default-executor-7] WARN  server.GrpcLogAppender (LogUtils.java:warn(124)) - s1@group-5D8BFF2AC38C->s0-AppendLogResponseHandler: Failed appendEntries
java.util.concurrent.RejectedExecutionException: Task java.util.concurrent.CompletableFuture$AsyncSupply@48c95858 rejected from java.util.concurrent.ThreadPoolExecutor@4ecb30e4[Terminated, pool size = 0, active threads = 0, queued tasks = 0, completed tasks = 0]
	at java.base/java.util.concurrent.ThreadPoolExecutor$AbortPolicy.rejectedExecution(ThreadPoolExecutor.java:2055)
	at java.base/java.util.concurrent.ThreadPoolExecutor.reject(ThreadPoolExecutor.java:825)
	at java.base/java.util.concurrent.ThreadPoolExecutor.execute(ThreadPoolExecutor.java:1355)
	at java.base/java.util.concurrent.CompletableFuture.asyncSupplyStage(CompletableFuture.java:1714)
	at java.base/java.util.concurrent.CompletableFuture.supplyAsync(CompletableFuture.java:1931)
	at org.apache.ratis.server.impl.RaftServerImpl.executeSubmitServerRequestAsync(RaftServerImpl.java:817)
	at org.apache.ratis.server.impl.RaftServerProxy.lambda$appendEntriesAsync$27(RaftServerProxy.java:634)
	at java.base/java.util.concurrent.CompletableFuture.uniComposeStage(CompletableFuture.java:1106)
	at java.base/java.util.concurrent.CompletableFuture.thenCompose(CompletableFuture.java:2235)
	at org.apache.ratis.server.impl.RaftServerProxy.appendEntriesAsync(RaftServerProxy.java:634)
	at org.apache.ratis.grpc.server.GrpcServerProtocolService$1.process(GrpcServerProtocolService.java:219)
	at org.apache.ratis.grpc.server.GrpcServerProtocolService$1.process(GrpcServerProtocolService.java:216)
	at org.apache.ratis.grpc.server.GrpcServerProtocolService$ServerRequestStreamObserver.onNext(GrpcServerProtocolService.java:124)
	at org.apache.ratis.thirdparty.io.grpc.stub.ServerCalls$StreamingServerCallHandler$StreamingServerCallListener.onMessage(ServerCalls.java:262)
	at org.apache.ratis.thirdparty.io.grpc.ForwardingServerCallListener.onMessage(ForwardingServerCallListener.java:33)
	at org.apache.ratis.thirdparty.io.grpc.internal.ServerCallImpl$ServerStreamListenerImpl.messagesAvailableInternal(ServerCallImpl.java:332)
	at org.apache.ratis.thirdparty.io.grpc.internal.ServerCallImpl$ServerStreamListenerImpl.messagesAvailable(ServerCallImpl.java:315)
	at org.apache.ratis.thirdparty.io.grpc.internal.ServerImpl$JumpToApplicationThreadServerStreamListener$1MessagesAvailable.runInContext(ServerImpl.java:834)
	at org.apache.ratis.thirdparty.io.grpc.internal.ContextRunnable.run(ContextRunnable.java:37)
	at org.apache.ratis.thirdparty.io.grpc.internal.SerializingExecutor.run(SerializingExecutor.java:133)
	at java.base/java.util.concurrent.ThreadPoolExecutor.runWorker(ThreadPoolExecutor.java:1128)
	at java.base/java.util.concurrent.ThreadPoolExecutor$Worker.run(ThreadPoolExecutor.java:628)
	at java.base/java.lang.Thread.run(Thread.java:829)
2023-02-09 08:26:13,227 [grpc-default-executor-7] INFO  leader.FollowerInfo (FollowerInfoImpl.java:lambda$new$0(52)) - s1@group-5D8BFF2AC38C->s0: nextIndex: updateUnconditionally 189 -> 83
2023-02-09 08:26:13,228 [s2-server-thread1] DEBUG raftlog.RaftLog (SegmentedRaftLog.java:appendImpl(446)) - truncateIndex=-1, arrayIndex=0
2023-02-09 08:26:13,229 [grpc-default-executor-7] WARN  server.GrpcServerProtocolService (LogUtils.java:warn(124)) - s0: Failed APPEND_ENTRIES request s1->s0#214-t2,previous=(t:1, i:82),leaderCommit=190,initializing? true,entries: size=109, first=(t:2, i:83), CONFIGURATIONENTRY(current:id: "s0"
address: "localhost:42371"
dataStreamAddress: "localhost:43129"
clientAddress: "localhost:36379"
adminAddress: "localhost:36531"
startupRole: FOLLOWER
,id: "s1"
address: "localhost:35679"
dataStreamAddress: "localhost:42433"
clientAddress: "localhost:41371"
adminAddress: "localhost:44855"
startupRole: FOLLOWER
,id: "s2"
address: "localhost:39787"
dataStreamAddress: "localhost:33651"
clientAddress: "localhost:41113"
adminAddress: "localhost:44467"
startupRole: FOLLOWER
, old:)
java.util.concurrent.CompletionException: java.util.concurrent.RejectedExecutionException: Task java.util.concurrent.CompletableFuture$AsyncSupply@5b19154 rejected from java.util.concurrent.ThreadPoolExecutor@4ecb30e4[Terminated, pool size = 0, active threads = 0, queued tasks = 0, completed tasks = 0]
	at java.base/java.util.concurrent.CompletableFuture.encodeThrowable(CompletableFuture.java:314)
	at java.base/java.util.concurrent.CompletableFuture.uniComposeStage(CompletableFuture.java:1113)
	at java.base/java.util.concurrent.CompletableFuture.thenCompose(CompletableFuture.java:2235)
	at org.apache.ratis.server.impl.RaftServerProxy.appendEntriesAsync(RaftServerProxy.java:634)
	at org.apache.ratis.grpc.server.GrpcServerProtocolService$1.process(GrpcServerProtocolService.java:219)
	at org.apache.ratis.grpc.server.GrpcServerProtocolService$1.process(GrpcServerProtocolService.java:216)
	at org.apache.ratis.grpc.server.GrpcServerProtocolService$ServerRequestStreamObserver.onNext(GrpcServerProtocolService.java:124)
	at org.apache.ratis.thirdparty.io.grpc.stub.ServerCalls$StreamingServerCallHandler$StreamingServerCallListener.onMessage(ServerCalls.java:262)
	at org.apache.ratis.thirdparty.io.grpc.ForwardingServerCallListener.onMessage(ForwardingServerCallListener.java:33)
	at org.apache.ratis.thirdparty.io.grpc.internal.ServerCallImpl$ServerStreamListenerImpl.messagesAvailableInternal(ServerCallImpl.java:332)
	at org.apache.ratis.thirdparty.io.grpc.internal.ServerCallImpl$ServerStreamListenerImpl.messagesAvailable(ServerCallImpl.java:315)
	at org.apache.ratis.thirdparty.io.grpc.internal.ServerImpl$JumpToApplicationThreadServerStreamListener$1MessagesAvailable.runInContext(ServerImpl.java:834)
	at org.apache.ratis.thirdparty.io.grpc.internal.ContextRunnable.run(ContextRunnable.java:37)
	at org.apache.ratis.thirdparty.io.grpc.internal.SerializingExecutor.run(SerializingExecutor.java:133)
	at java.base/java.util.concurrent.ThreadPoolExecutor.runWorker(ThreadPoolExecutor.java:1128)
	at java.base/java.util.concurrent.ThreadPoolExecutor$Worker.run(ThreadPoolExecutor.java:628)
	at java.base/java.lang.Thread.run(Thread.java:829)
Caused by: java.util.concurrent.RejectedExecutionException: Task java.util.concurrent.CompletableFuture$AsyncSupply@5b19154 rejected from java.util.concurrent.ThreadPoolExecutor@4ecb30e4[Terminated, pool size = 0, active threads = 0, queued tasks = 0, completed tasks = 0]
	at java.base/java.util.concurrent.ThreadPoolExecutor$AbortPolicy.rejectedExecution(ThreadPoolExecutor.java:2055)
	at java.base/java.util.concurrent.ThreadPoolExecutor.reject(ThreadPoolExecutor.java:825)
	at java.base/java.util.concurrent.ThreadPoolExecutor.execute(ThreadPoolExecutor.java:1355)
	at java.base/java.util.concurrent.CompletableFuture.asyncSupplyStage(CompletableFuture.java:1714)
	at java.base/java.util.concurrent.CompletableFuture.supplyAsync(CompletableFuture.java:1931)
	at org.apache.ratis.server.impl.RaftServerImpl.executeSubmitServerRequestAsync(RaftServerImpl.java:817)
	at org.apache.ratis.server.impl.RaftServerProxy.lambda$appendEntriesAsync$27(RaftServerProxy.java:634)
	at java.base/java.util.concurrent.CompletableFuture.uniComposeStage(CompletableFuture.java:1106)
	... 15 more
2023-02-09 08:26:13,230 [s1@group-5D8BFF2AC38C-StateMachineUpdater] INFO  impl.SimpleStateMachine4Testing (SimpleStateMachine4Testing.java:put(205)) - s1: put 191, m93 -> (t:2, i:191), STATEMACHINELOGENTRY, 479@client-F516C80A2025
2023-02-09 08:26:13,235 [grpc-default-executor-5] WARN  server.GrpcLogAppender (LogUtils.java:warn(124)) - s1@group-5D8BFF2AC38C->s0-AppendLogResponseHandler: Failed appendEntries
java.util.concurrent.RejectedExecutionException: Task java.util.concurrent.CompletableFuture$AsyncSupply@5b19154 rejected from java.util.concurrent.ThreadPoolExecutor@4ecb30e4[Terminated, pool size = 0, active threads = 0, queued tasks = 0, completed tasks = 0]
	at java.base/java.util.concurrent.ThreadPoolExecutor$AbortPolicy.rejectedExecution(ThreadPoolExecutor.java:2055)
	at java.base/java.util.concurrent.ThreadPoolExecutor.reject(ThreadPoolExecutor.java:825)
	at java.base/java.util.concurrent.ThreadPoolExecutor.execute(ThreadPoolExecutor.java:1355)
	at java.base/java.util.concurrent.CompletableFuture.asyncSupplyStage(CompletableFuture.java:1714)
	at java.base/java.util.concurrent.CompletableFuture.supplyAsync(CompletableFuture.java:1931)
	at org.apache.ratis.server.impl.RaftServerImpl.executeSubmitServerRequestAsync(RaftServerImpl.java:817)
	at org.apache.ratis.server.impl.RaftServerProxy.lambda$appendEntriesAsync$27(RaftServerProxy.java:634)
	at java.base/java.util.concurrent.CompletableFuture.uniComposeStage(CompletableFuture.java:1106)
	at java.base/java.util.concurrent.CompletableFuture.thenCompose(CompletableFuture.java:2235)
	at org.apache.ratis.server.impl.RaftServerProxy.appendEntriesAsync(RaftServerProxy.java:634)
	at org.apache.ratis.grpc.server.GrpcServerProtocolService$1.process(GrpcServerProtocolService.java:219)
	at org.apache.ratis.grpc.server.GrpcServerProtocolService$1.process(GrpcServerProtocolService.java:216)
	at org.apache.ratis.grpc.server.GrpcServerProtocolService$ServerRequestStreamObserver.onNext(GrpcServerProtocolService.java:124)
	at org.apache.ratis.thirdparty.io.grpc.stub.ServerCalls$StreamingServerCallHandler$StreamingServerCallListener.onMessage(ServerCalls.java:262)
	at org.apache.ratis.thirdparty.io.grpc.ForwardingServerCallListener.onMessage(ForwardingServerCallListener.java:33)
	at org.apache.ratis.thirdparty.io.grpc.internal.ServerCallImpl$ServerStreamListenerImpl.messagesAvailableInternal(ServerCallImpl.java:332)
	at org.apache.ratis.thirdparty.io.grpc.internal.ServerCallImpl$ServerStreamListenerImpl.messagesAvailable(ServerCallImpl.java:315)
	at org.apache.ratis.thirdparty.io.grpc.internal.ServerImpl$JumpToApplicationThreadServerStreamListener$1MessagesAvailable.runInContext(ServerImpl.java:834)
	at org.apache.ratis.thirdparty.io.grpc.internal.ContextRunnable.run(ContextRunnable.java:37)
	at org.apache.ratis.thirdparty.io.grpc.internal.SerializingExecutor.run(SerializingExecutor.java:133)
	at java.base/java.util.concurrent.ThreadPoolExecutor.runWorker(ThreadPoolExecutor.java:1128)
	at java.base/java.util.concurrent.ThreadPoolExecutor$Worker.run(ThreadPoolExecutor.java:628)
	at java.base/java.lang.Thread.run(Thread.java:829)
2023-02-09 08:26:13,236 [grpc-default-executor-5] INFO  leader.FollowerInfo (FollowerInfoImpl.java:lambda$new$0(52)) - s1@group-5D8BFF2AC38C->s0: nextIndex: updateUnconditionally 192 -> 83
2023-02-09 08:26:13,236 [s2-server-thread1] DEBUG raftlog.RaftLog (SegmentedRaftLog.java:appendImpl(446)) - truncateIndex=-1, arrayIndex=0
2023-02-09 08:26:13,237 [s2-server-thread1] DEBUG raftlog.RaftLog (SegmentedRaftLog.java:appendImpl(446)) - truncateIndex=-1, arrayIndex=0
2023-02-09 08:26:13,238 [grpc-default-executor-7] WARN  server.GrpcServerProtocolService (LogUtils.java:warn(124)) - s0: Failed APPEND_ENTRIES request s1->s0#217-t2,previous=(t:1, i:82),leaderCommit=191,initializing? true,entries: size=111, first=(t:2, i:83), CONFIGURATIONENTRY(current:id: "s0"
address: "localhost:42371"
dataStreamAddress: "localhost:43129"
clientAddress: "localhost:36379"
adminAddress: "localhost:36531"
startupRole: FOLLOWER
,id: "s1"
address: "localhost:35679"
dataStreamAddress: "localhost:42433"
clientAddress: "localhost:41371"
adminAddress: "localhost:44855"
startupRole: FOLLOWER
,id: "s2"
address: "localhost:39787"
dataStreamAddress: "localhost:33651"
clientAddress: "localhost:41113"
adminAddress: "localhost:44467"
startupRole: FOLLOWER
, old:)
java.util.concurrent.CompletionException: java.util.concurrent.RejectedExecutionException: Task java.util.concurrent.CompletableFuture$AsyncSupply@7137c4de rejected from java.util.concurrent.ThreadPoolExecutor@4ecb30e4[Terminated, pool size = 0, active threads = 0, queued tasks = 0, completed tasks = 0]
	at java.base/java.util.concurrent.CompletableFuture.encodeThrowable(CompletableFuture.java:314)
	at java.base/java.util.concurrent.CompletableFuture.uniComposeStage(CompletableFuture.java:1113)
	at java.base/java.util.concurrent.CompletableFuture.thenCompose(CompletableFuture.java:2235)
	at org.apache.ratis.server.impl.RaftServerProxy.appendEntriesAsync(RaftServerProxy.java:634)
	at org.apache.ratis.grpc.server.GrpcServerProtocolService$1.process(GrpcServerProtocolService.java:219)
	at org.apache.ratis.grpc.server.GrpcServerProtocolService$1.process(GrpcServerProtocolService.java:216)
	at org.apache.ratis.grpc.server.GrpcServerProtocolService$ServerRequestStreamObserver.onNext(GrpcServerProtocolService.java:124)
	at org.apache.ratis.thirdparty.io.grpc.stub.ServerCalls$StreamingServerCallHandler$StreamingServerCallListener.onMessage(ServerCalls.java:262)
	at org.apache.ratis.thirdparty.io.grpc.ForwardingServerCallListener.onMessage(ForwardingServerCallListener.java:33)
	at org.apache.ratis.thirdparty.io.grpc.internal.ServerCallImpl$ServerStreamListenerImpl.messagesAvailableInternal(ServerCallImpl.java:332)
	at org.apache.ratis.thirdparty.io.grpc.internal.ServerCallImpl$ServerStreamListenerImpl.messagesAvailable(ServerCallImpl.java:315)
	at org.apache.ratis.thirdparty.io.grpc.internal.ServerImpl$JumpToApplicationThreadServerStreamListener$1MessagesAvailable.runInContext(ServerImpl.java:834)
	at org.apache.ratis.thirdparty.io.grpc.internal.ContextRunnable.run(ContextRunnable.java:37)
	at org.apache.ratis.thirdparty.io.grpc.internal.SerializingExecutor.run(SerializingExecutor.java:133)
	at java.base/java.util.concurrent.ThreadPoolExecutor.runWorker(ThreadPoolExecutor.java:1128)
	at java.base/java.util.concurrent.ThreadPoolExecutor$Worker.run(ThreadPoolExecutor.java:628)
	at java.base/java.lang.Thread.run(Thread.java:829)
Caused by: java.util.concurrent.RejectedExecutionException: Task java.util.concurrent.CompletableFuture$AsyncSupply@7137c4de rejected from java.util.concurrent.ThreadPoolExecutor@4ecb30e4[Terminated, pool size = 0, active threads = 0, queued tasks = 0, completed tasks = 0]
	at java.base/java.util.concurrent.ThreadPoolExecutor$AbortPolicy.rejectedExecution(ThreadPoolExecutor.java:2055)
	at java.base/java.util.concurrent.ThreadPoolExecutor.reject(ThreadPoolExecutor.java:825)
	at java.base/java.util.concurrent.ThreadPoolExecutor.execute(ThreadPoolExecutor.java:1355)
	at java.base/java.util.concurrent.CompletableFuture.asyncSupplyStage(CompletableFuture.java:1714)
	at java.base/java.util.concurrent.CompletableFuture.supplyAsync(CompletableFuture.java:1931)
	at org.apache.ratis.server.impl.RaftServerImpl.executeSubmitServerRequestAsync(RaftServerImpl.java:817)
	at org.apache.ratis.server.impl.RaftServerProxy.lambda$appendEntriesAsync$27(RaftServerProxy.java:634)
	at java.base/java.util.concurrent.CompletableFuture.uniComposeStage(CompletableFuture.java:1106)
	... 15 more
2023-02-09 08:26:13,239 [grpc-default-executor-5] WARN  server.GrpcLogAppender (LogUtils.java:warn(124)) - s1@group-5D8BFF2AC38C->s0-AppendLogResponseHandler: Failed appendEntries
java.util.concurrent.RejectedExecutionException: Task java.util.concurrent.CompletableFuture$AsyncSupply@7137c4de rejected from java.util.concurrent.ThreadPoolExecutor@4ecb30e4[Terminated, pool size = 0, active threads = 0, queued tasks = 0, completed tasks = 0]
	at java.base/java.util.concurrent.ThreadPoolExecutor$AbortPolicy.rejectedExecution(ThreadPoolExecutor.java:2055)
	at java.base/java.util.concurrent.ThreadPoolExecutor.reject(ThreadPoolExecutor.java:825)
	at java.base/java.util.concurrent.ThreadPoolExecutor.execute(ThreadPoolExecutor.java:1355)
	at java.base/java.util.concurrent.CompletableFuture.asyncSupplyStage(CompletableFuture.java:1714)
	at java.base/java.util.concurrent.CompletableFuture.supplyAsync(CompletableFuture.java:1931)
	at org.apache.ratis.server.impl.RaftServerImpl.executeSubmitServerRequestAsync(RaftServerImpl.java:817)
	at org.apache.ratis.server.impl.RaftServerProxy.lambda$appendEntriesAsync$27(RaftServerProxy.java:634)
	at java.base/java.util.concurrent.CompletableFuture.uniComposeStage(CompletableFuture.java:1106)
	at java.base/java.util.concurrent.CompletableFuture.thenCompose(CompletableFuture.java:2235)
	at org.apache.ratis.server.impl.RaftServerProxy.appendEntriesAsync(RaftServerProxy.java:634)
	at org.apache.ratis.grpc.server.GrpcServerProtocolService$1.process(GrpcServerProtocolService.java:219)
	at org.apache.ratis.grpc.server.GrpcServerProtocolService$1.process(GrpcServerProtocolService.java:216)
	at org.apache.ratis.grpc.server.GrpcServerProtocolService$ServerRequestStreamObserver.onNext(GrpcServerProtocolService.java:124)
	at org.apache.ratis.thirdparty.io.grpc.stub.ServerCalls$StreamingServerCallHandler$StreamingServerCallListener.onMessage(ServerCalls.java:262)
	at org.apache.ratis.thirdparty.io.grpc.ForwardingServerCallListener.onMessage(ForwardingServerCallListener.java:33)
	at org.apache.ratis.thirdparty.io.grpc.internal.ServerCallImpl$ServerStreamListenerImpl.messagesAvailableInternal(ServerCallImpl.java:332)
	at org.apache.ratis.thirdparty.io.grpc.internal.ServerCallImpl$ServerStreamListenerImpl.messagesAvailable(ServerCallImpl.java:315)
	at org.apache.ratis.thirdparty.io.grpc.internal.ServerImpl$JumpToApplicationThreadServerStreamListener$1MessagesAvailable.runInContext(ServerImpl.java:834)
	at org.apache.ratis.thirdparty.io.grpc.internal.ContextRunnable.run(ContextRunnable.java:37)
	at org.apache.ratis.thirdparty.io.grpc.internal.SerializingExecutor.run(SerializingExecutor.java:133)
	at java.base/java.util.concurrent.ThreadPoolExecutor.runWorker(ThreadPoolExecutor.java:1128)
	at java.base/java.util.concurrent.ThreadPoolExecutor$Worker.run(ThreadPoolExecutor.java:628)
	at java.base/java.lang.Thread.run(Thread.java:829)
2023-02-09 08:26:13,239 [grpc-default-executor-5] INFO  leader.FollowerInfo (FollowerInfoImpl.java:lambda$new$0(52)) - s1@group-5D8BFF2AC38C->s0: nextIndex: updateUnconditionally 194 -> 83
2023-02-09 08:26:13,240 [s2@group-5D8BFF2AC38C-StateMachineUpdater] INFO  impl.SimpleStateMachine4Testing (SimpleStateMachine4Testing.java:put(205)) - s2: put 191, m93 -> (t:2, i:191), STATEMACHINELOGENTRY, 479@client-F516C80A2025
2023-02-09 08:26:13,243 [grpc-default-executor-7] WARN  server.GrpcServerProtocolService (LogUtils.java:warn(124)) - s0: Failed APPEND_ENTRIES request s1->s0#218-t2,previous=(t:1, i:82),leaderCommit=192,initializing? true,entries: size=111, first=(t:2, i:83), CONFIGURATIONENTRY(current:id: "s0"
address: "localhost:42371"
dataStreamAddress: "localhost:43129"
clientAddress: "localhost:36379"
adminAddress: "localhost:36531"
startupRole: FOLLOWER
,id: "s1"
address: "localhost:35679"
dataStreamAddress: "localhost:42433"
clientAddress: "localhost:41371"
adminAddress: "localhost:44855"
startupRole: FOLLOWER
,id: "s2"
address: "localhost:39787"
dataStreamAddress: "localhost:33651"
clientAddress: "localhost:41113"
adminAddress: "localhost:44467"
startupRole: FOLLOWER
, old:)
java.util.concurrent.CompletionException: java.util.concurrent.RejectedExecutionException: Task java.util.concurrent.CompletableFuture$AsyncSupply@67a94c86 rejected from java.util.concurrent.ThreadPoolExecutor@4ecb30e4[Terminated, pool size = 0, active threads = 0, queued tasks = 0, completed tasks = 0]
	at java.base/java.util.concurrent.CompletableFuture.encodeThrowable(CompletableFuture.java:314)
	at java.base/java.util.concurrent.CompletableFuture.uniComposeStage(CompletableFuture.java:1113)
	at java.base/java.util.concurrent.CompletableFuture.thenCompose(CompletableFuture.java:2235)
	at org.apache.ratis.server.impl.RaftServerProxy.appendEntriesAsync(RaftServerProxy.java:634)
	at org.apache.ratis.grpc.server.GrpcServerProtocolService$1.process(GrpcServerProtocolService.java:219)
	at org.apache.ratis.grpc.server.GrpcServerProtocolService$1.process(GrpcServerProtocolService.java:216)
	at org.apache.ratis.grpc.server.GrpcServerProtocolService$ServerRequestStreamObserver.onNext(GrpcServerProtocolService.java:124)
	at org.apache.ratis.thirdparty.io.grpc.stub.ServerCalls$StreamingServerCallHandler$StreamingServerCallListener.onMessage(ServerCalls.java:262)
	at org.apache.ratis.thirdparty.io.grpc.ForwardingServerCallListener.onMessage(ForwardingServerCallListener.java:33)
	at org.apache.ratis.thirdparty.io.grpc.internal.ServerCallImpl$ServerStreamListenerImpl.messagesAvailableInternal(ServerCallImpl.java:332)
	at org.apache.ratis.thirdparty.io.grpc.internal.ServerCallImpl$ServerStreamListenerImpl.messagesAvailable(ServerCallImpl.java:315)
	at org.apache.ratis.thirdparty.io.grpc.internal.ServerImpl$JumpToApplicationThreadServerStreamListener$1MessagesAvailable.runInContext(ServerImpl.java:834)
	at org.apache.ratis.thirdparty.io.grpc.internal.ContextRunnable.run(ContextRunnable.java:37)
	at org.apache.ratis.thirdparty.io.grpc.internal.SerializingExecutor.run(SerializingExecutor.java:133)
	at java.base/java.util.concurrent.ThreadPoolExecutor.runWorker(ThreadPoolExecutor.java:1128)
	at java.base/java.util.concurrent.ThreadPoolExecutor$Worker.run(ThreadPoolExecutor.java:628)
	at java.base/java.lang.Thread.run(Thread.java:829)
Caused by: java.util.concurrent.RejectedExecutionException: Task java.util.concurrent.CompletableFuture$AsyncSupply@67a94c86 rejected from java.util.concurrent.ThreadPoolExecutor@4ecb30e4[Terminated, pool size = 0, active threads = 0, queued tasks = 0, completed tasks = 0]
	at java.base/java.util.concurrent.ThreadPoolExecutor$AbortPolicy.rejectedExecution(ThreadPoolExecutor.java:2055)
	at java.base/java.util.concurrent.ThreadPoolExecutor.reject(ThreadPoolExecutor.java:825)
	at java.base/java.util.concurrent.ThreadPoolExecutor.execute(ThreadPoolExecutor.java:1355)
	at java.base/java.util.concurrent.CompletableFuture.asyncSupplyStage(CompletableFuture.java:1714)
	at java.base/java.util.concurrent.CompletableFuture.supplyAsync(CompletableFuture.java:1931)
	at org.apache.ratis.server.impl.RaftServerImpl.executeSubmitServerRequestAsync(RaftServerImpl.java:817)
	at org.apache.ratis.server.impl.RaftServerProxy.lambda$appendEntriesAsync$27(RaftServerProxy.java:634)
	at java.base/java.util.concurrent.CompletableFuture.uniComposeStage(CompletableFuture.java:1106)
	... 15 more
2023-02-09 08:26:13,244 [grpc-default-executor-5] WARN  server.GrpcLogAppender (LogUtils.java:warn(124)) - s1@group-5D8BFF2AC38C->s0-AppendLogResponseHandler: Failed appendEntries
java.util.concurrent.RejectedExecutionException: Task java.util.concurrent.CompletableFuture$AsyncSupply@67a94c86 rejected from java.util.concurrent.ThreadPoolExecutor@4ecb30e4[Terminated, pool size = 0, active threads = 0, queued tasks = 0, completed tasks = 0]
	at java.base/java.util.concurrent.ThreadPoolExecutor$AbortPolicy.rejectedExecution(ThreadPoolExecutor.java:2055)
	at java.base/java.util.concurrent.ThreadPoolExecutor.reject(ThreadPoolExecutor.java:825)
	at java.base/java.util.concurrent.ThreadPoolExecutor.execute(ThreadPoolExecutor.java:1355)
	at java.base/java.util.concurrent.CompletableFuture.asyncSupplyStage(CompletableFuture.java:1714)
	at java.base/java.util.concurrent.CompletableFuture.supplyAsync(CompletableFuture.java:1931)
	at org.apache.ratis.server.impl.RaftServerImpl.executeSubmitServerRequestAsync(RaftServerImpl.java:817)
	at org.apache.ratis.server.impl.RaftServerProxy.lambda$appendEntriesAsync$27(RaftServerProxy.java:634)
	at java.base/java.util.concurrent.CompletableFuture.uniComposeStage(CompletableFuture.java:1106)
	at java.base/java.util.concurrent.CompletableFuture.thenCompose(CompletableFuture.java:2235)
	at org.apache.ratis.server.impl.RaftServerProxy.appendEntriesAsync(RaftServerProxy.java:634)
	at org.apache.ratis.grpc.server.GrpcServerProtocolService$1.process(GrpcServerProtocolService.java:219)
	at org.apache.ratis.grpc.server.GrpcServerProtocolService$1.process(GrpcServerProtocolService.java:216)
	at org.apache.ratis.grpc.server.GrpcServerProtocolService$ServerRequestStreamObserver.onNext(GrpcServerProtocolService.java:124)
	at org.apache.ratis.thirdparty.io.grpc.stub.ServerCalls$StreamingServerCallHandler$StreamingServerCallListener.onMessage(ServerCalls.java:262)
	at org.apache.ratis.thirdparty.io.grpc.ForwardingServerCallListener.onMessage(ForwardingServerCallListener.java:33)
	at org.apache.ratis.thirdparty.io.grpc.internal.ServerCallImpl$ServerStreamListenerImpl.messagesAvailableInternal(ServerCallImpl.java:332)
	at org.apache.ratis.thirdparty.io.grpc.internal.ServerCallImpl$ServerStreamListenerImpl.messagesAvailable(ServerCallImpl.java:315)
	at org.apache.ratis.thirdparty.io.grpc.internal.ServerImpl$JumpToApplicationThreadServerStreamListener$1MessagesAvailable.runInContext(ServerImpl.java:834)
	at org.apache.ratis.thirdparty.io.grpc.internal.ContextRunnable.run(ContextRunnable.java:37)
	at org.apache.ratis.thirdparty.io.grpc.internal.SerializingExecutor.run(SerializingExecutor.java:133)
	at java.base/java.util.concurrent.ThreadPoolExecutor.runWorker(ThreadPoolExecutor.java:1128)
	at java.base/java.util.concurrent.ThreadPoolExecutor$Worker.run(ThreadPoolExecutor.java:628)
	at java.base/java.lang.Thread.run(Thread.java:829)
2023-02-09 08:26:13,245 [s2-server-thread1] DEBUG raftlog.RaftLog (SegmentedRaftLog.java:appendImpl(446)) - truncateIndex=-1, arrayIndex=0
2023-02-09 08:26:13,245 [s1@group-5D8BFF2AC38C-StateMachineUpdater] INFO  impl.StateMachineUpdater (StateMachineUpdater.java:takeSnapshot(290)) - s1@group-5D8BFF2AC38C-StateMachineUpdater: Took a snapshot at index 191
2023-02-09 08:26:13,245 [s1@group-5D8BFF2AC38C-StateMachineUpdater] INFO  impl.StateMachineUpdater (StateMachineUpdater.java:lambda$new$0(96)) - s1@group-5D8BFF2AC38C-StateMachineUpdater: snapshotIndex: updateIncreasingly 127 -> 191
2023-02-09 08:26:13,245 [s1@group-5D8BFF2AC38C-StateMachineUpdater] INFO  impl.SimpleStateMachine4Testing (SimpleStateMachine4Testing.java:put(205)) - s1: put 193, m94 -> (t:2, i:193), STATEMACHINELOGENTRY, 480@client-F516C80A2025
2023-02-09 08:26:13,246 [grpc-default-executor-5] INFO  leader.FollowerInfo (FollowerInfoImpl.java:lambda$new$0(52)) - s1@group-5D8BFF2AC38C->s0: nextIndex: updateUnconditionally 194 -> 83
2023-02-09 08:26:13,247 [grpc-default-executor-7] WARN  server.GrpcServerProtocolService (LogUtils.java:warn(124)) - s0: Failed APPEND_ENTRIES request s1->s0#221-t2,previous=(t:1, i:82),leaderCommit=194,initializing? true,entries: size=112, first=(t:2, i:83), CONFIGURATIONENTRY(current:id: "s0"
address: "localhost:42371"
dataStreamAddress: "localhost:43129"
clientAddress: "localhost:36379"
adminAddress: "localhost:36531"
startupRole: FOLLOWER
,id: "s1"
address: "localhost:35679"
dataStreamAddress: "localhost:42433"
clientAddress: "localhost:41371"
adminAddress: "localhost:44855"
startupRole: FOLLOWER
,id: "s2"
address: "localhost:39787"
dataStreamAddress: "localhost:33651"
clientAddress: "localhost:41113"
adminAddress: "localhost:44467"
startupRole: FOLLOWER
, old:)
java.util.concurrent.CompletionException: java.util.concurrent.RejectedExecutionException: Task java.util.concurrent.CompletableFuture$AsyncSupply@4afa68c4 rejected from java.util.concurrent.ThreadPoolExecutor@4ecb30e4[Terminated, pool size = 0, active threads = 0, queued tasks = 0, completed tasks = 0]
	at java.base/java.util.concurrent.CompletableFuture.encodeThrowable(CompletableFuture.java:314)
	at java.base/java.util.concurrent.CompletableFuture.uniComposeStage(CompletableFuture.java:1113)
	at java.base/java.util.concurrent.CompletableFuture.thenCompose(CompletableFuture.java:2235)
	at org.apache.ratis.server.impl.RaftServerProxy.appendEntriesAsync(RaftServerProxy.java:634)
	at org.apache.ratis.grpc.server.GrpcServerProtocolService$1.process(GrpcServerProtocolService.java:219)
	at org.apache.ratis.grpc.server.GrpcServerProtocolService$1.process(GrpcServerProtocolService.java:216)
	at org.apache.ratis.grpc.server.GrpcServerProtocolService$ServerRequestStreamObserver.onNext(GrpcServerProtocolService.java:124)
	at org.apache.ratis.thirdparty.io.grpc.stub.ServerCalls$StreamingServerCallHandler$StreamingServerCallListener.onMessage(ServerCalls.java:262)
	at org.apache.ratis.thirdparty.io.grpc.ForwardingServerCallListener.onMessage(ForwardingServerCallListener.java:33)
	at org.apache.ratis.thirdparty.io.grpc.internal.ServerCallImpl$ServerStreamListenerImpl.messagesAvailableInternal(ServerCallImpl.java:332)
	at org.apache.ratis.thirdparty.io.grpc.internal.ServerCallImpl$ServerStreamListenerImpl.messagesAvailable(ServerCallImpl.java:315)
	at org.apache.ratis.thirdparty.io.grpc.internal.ServerImpl$JumpToApplicationThreadServerStreamListener$1MessagesAvailable.runInContext(ServerImpl.java:834)
	at org.apache.ratis.thirdparty.io.grpc.internal.ContextRunnable.run(ContextRunnable.java:37)
	at org.apache.ratis.thirdparty.io.grpc.internal.SerializingExecutor.run(SerializingExecutor.java:133)
	at java.base/java.util.concurrent.ThreadPoolExecutor.runWorker(ThreadPoolExecutor.java:1128)
	at java.base/java.util.concurrent.ThreadPoolExecutor$Worker.run(ThreadPoolExecutor.java:628)
	at java.base/java.lang.Thread.run(Thread.java:829)
Caused by: java.util.concurrent.RejectedExecutionException: Task java.util.concurrent.CompletableFuture$AsyncSupply@4afa68c4 rejected from java.util.concurrent.ThreadPoolExecutor@4ecb30e4[Terminated, pool size = 0, active threads = 0, queued tasks = 0, completed tasks = 0]
	at java.base/java.util.concurrent.ThreadPoolExecutor$AbortPolicy.rejectedExecution(ThreadPoolExecutor.java:2055)
	at java.base/java.util.concurrent.ThreadPoolExecutor.reject(ThreadPoolExecutor.java:825)
	at java.base/java.util.concurrent.ThreadPoolExecutor.execute(ThreadPoolExecutor.java:1355)
	at java.base/java.util.concurrent.CompletableFuture.asyncSupplyStage(CompletableFuture.java:1714)
	at java.base/java.util.concurrent.CompletableFuture.supplyAsync(CompletableFuture.java:1931)
	at org.apache.ratis.server.impl.RaftServerImpl.executeSubmitServerRequestAsync(RaftServerImpl.java:817)
	at org.apache.ratis.server.impl.RaftServerProxy.lambda$appendEntriesAsync$27(RaftServerProxy.java:634)
	at java.base/java.util.concurrent.CompletableFuture.uniComposeStage(CompletableFuture.java:1106)
	... 15 more
2023-02-09 08:26:13,249 [grpc-default-executor-7] WARN  server.GrpcLogAppender (LogUtils.java:warn(124)) - s1@group-5D8BFF2AC38C->s0-AppendLogResponseHandler: Failed appendEntries
java.util.concurrent.RejectedExecutionException: Task java.util.concurrent.CompletableFuture$AsyncSupply@4afa68c4 rejected from java.util.concurrent.ThreadPoolExecutor@4ecb30e4[Terminated, pool size = 0, active threads = 0, queued tasks = 0, completed tasks = 0]
	at java.base/java.util.concurrent.ThreadPoolExecutor$AbortPolicy.rejectedExecution(ThreadPoolExecutor.java:2055)
	at java.base/java.util.concurrent.ThreadPoolExecutor.reject(ThreadPoolExecutor.java:825)
	at java.base/java.util.concurrent.ThreadPoolExecutor.execute(ThreadPoolExecutor.java:1355)
	at java.base/java.util.concurrent.CompletableFuture.asyncSupplyStage(CompletableFuture.java:1714)
	at java.base/java.util.concurrent.CompletableFuture.supplyAsync(CompletableFuture.java:1931)
	at org.apache.ratis.server.impl.RaftServerImpl.executeSubmitServerRequestAsync(RaftServerImpl.java:817)
	at org.apache.ratis.server.impl.RaftServerProxy.lambda$appendEntriesAsync$27(RaftServerProxy.java:634)
	at java.base/java.util.concurrent.CompletableFuture.uniComposeStage(CompletableFuture.java:1106)
	at java.base/java.util.concurrent.CompletableFuture.thenCompose(CompletableFuture.java:2235)
	at org.apache.ratis.server.impl.RaftServerProxy.appendEntriesAsync(RaftServerProxy.java:634)
	at org.apache.ratis.grpc.server.GrpcServerProtocolService$1.process(GrpcServerProtocolService.java:219)
	at org.apache.ratis.grpc.server.GrpcServerProtocolService$1.process(GrpcServerProtocolService.java:216)
	at org.apache.ratis.grpc.server.GrpcServerProtocolService$ServerRequestStreamObserver.onNext(GrpcServerProtocolService.java:124)
	at org.apache.ratis.thirdparty.io.grpc.stub.ServerCalls$StreamingServerCallHandler$StreamingServerCallListener.onMessage(ServerCalls.java:262)
	at org.apache.ratis.thirdparty.io.grpc.ForwardingServerCallListener.onMessage(ForwardingServerCallListener.java:33)
	at org.apache.ratis.thirdparty.io.grpc.internal.ServerCallImpl$ServerStreamListenerImpl.messagesAvailableInternal(ServerCallImpl.java:332)
	at org.apache.ratis.thirdparty.io.grpc.internal.ServerCallImpl$ServerStreamListenerImpl.messagesAvailable(ServerCallImpl.java:315)
	at org.apache.ratis.thirdparty.io.grpc.internal.ServerImpl$JumpToApplicationThreadServerStreamListener$1MessagesAvailable.runInContext(ServerImpl.java:834)
	at org.apache.ratis.thirdparty.io.grpc.internal.ContextRunnable.run(ContextRunnable.java:37)
	at org.apache.ratis.thirdparty.io.grpc.internal.SerializingExecutor.run(SerializingExecutor.java:133)
	at java.base/java.util.concurrent.ThreadPoolExecutor.runWorker(ThreadPoolExecutor.java:1128)
	at java.base/java.util.concurrent.ThreadPoolExecutor$Worker.run(ThreadPoolExecutor.java:628)
	at java.base/java.lang.Thread.run(Thread.java:829)
2023-02-09 08:26:13,249 [grpc-default-executor-7] INFO  leader.FollowerInfo (FollowerInfoImpl.java:lambda$new$0(52)) - s1@group-5D8BFF2AC38C->s0: nextIndex: updateUnconditionally 195 -> 83
2023-02-09 08:26:13,249 [s2-server-thread1] DEBUG raftlog.RaftLog (SegmentedRaftLog.java:appendImpl(446)) - truncateIndex=-1, arrayIndex=0
2023-02-09 08:26:13,253 [s1@group-5D8BFF2AC38C-StateMachineUpdater] INFO  impl.SimpleStateMachine4Testing (SimpleStateMachine4Testing.java:put(205)) - s1: put 195, m95 -> (t:2, i:195), STATEMACHINELOGENTRY, 481@client-F516C80A2025
2023-02-09 08:26:13,254 [s2-server-thread1] DEBUG raftlog.RaftLog (SegmentedRaftLog.java:appendImpl(446)) - truncateIndex=-1, arrayIndex=0
2023-02-09 08:26:13,255 [grpc-default-executor-5] WARN  server.GrpcServerProtocolService (LogUtils.java:warn(124)) - s0: Failed APPEND_ENTRIES request s1->s0#223-t2,previous=(t:1, i:82),leaderCommit=195,initializing? true,entries: size=113, first=(t:2, i:83), CONFIGURATIONENTRY(current:id: "s0"
address: "localhost:42371"
dataStreamAddress: "localhost:43129"
clientAddress: "localhost:36379"
adminAddress: "localhost:36531"
startupRole: FOLLOWER
,id: "s1"
address: "localhost:35679"
dataStreamAddress: "localhost:42433"
clientAddress: "localhost:41371"
adminAddress: "localhost:44855"
startupRole: FOLLOWER
,id: "s2"
address: "localhost:39787"
dataStreamAddress: "localhost:33651"
clientAddress: "localhost:41113"
adminAddress: "localhost:44467"
startupRole: FOLLOWER
, old:)
java.util.concurrent.CompletionException: java.util.concurrent.RejectedExecutionException: Task java.util.concurrent.CompletableFuture$AsyncSupply@513c0246 rejected from java.util.concurrent.ThreadPoolExecutor@4ecb30e4[Terminated, pool size = 0, active threads = 0, queued tasks = 0, completed tasks = 0]
	at java.base/java.util.concurrent.CompletableFuture.encodeThrowable(CompletableFuture.java:314)
	at java.base/java.util.concurrent.CompletableFuture.uniComposeStage(CompletableFuture.java:1113)
	at java.base/java.util.concurrent.CompletableFuture.thenCompose(CompletableFuture.java:2235)
	at org.apache.ratis.server.impl.RaftServerProxy.appendEntriesAsync(RaftServerProxy.java:634)
	at org.apache.ratis.grpc.server.GrpcServerProtocolService$1.process(GrpcServerProtocolService.java:219)
	at org.apache.ratis.grpc.server.GrpcServerProtocolService$1.process(GrpcServerProtocolService.java:216)
	at org.apache.ratis.grpc.server.GrpcServerProtocolService$ServerRequestStreamObserver.onNext(GrpcServerProtocolService.java:124)
	at org.apache.ratis.thirdparty.io.grpc.stub.ServerCalls$StreamingServerCallHandler$StreamingServerCallListener.onMessage(ServerCalls.java:262)
	at org.apache.ratis.thirdparty.io.grpc.ForwardingServerCallListener.onMessage(ForwardingServerCallListener.java:33)
	at org.apache.ratis.thirdparty.io.grpc.internal.ServerCallImpl$ServerStreamListenerImpl.messagesAvailableInternal(ServerCallImpl.java:332)
	at org.apache.ratis.thirdparty.io.grpc.internal.ServerCallImpl$ServerStreamListenerImpl.messagesAvailable(ServerCallImpl.java:315)
	at org.apache.ratis.thirdparty.io.grpc.internal.ServerImpl$JumpToApplicationThreadServerStreamListener$1MessagesAvailable.runInContext(ServerImpl.java:834)
	at org.apache.ratis.thirdparty.io.grpc.internal.ContextRunnable.run(ContextRunnable.java:37)
	at org.apache.ratis.thirdparty.io.grpc.internal.SerializingExecutor.run(SerializingExecutor.java:133)
	at java.base/java.util.concurrent.ThreadPoolExecutor.runWorker(ThreadPoolExecutor.java:1128)
	at java.base/java.util.concurrent.ThreadPoolExecutor$Worker.run(ThreadPoolExecutor.java:628)
	at java.base/java.lang.Thread.run(Thread.java:829)
Caused by: java.util.concurrent.RejectedExecutionException: Task java.util.concurrent.CompletableFuture$AsyncSupply@513c0246 rejected from java.util.concurrent.ThreadPoolExecutor@4ecb30e4[Terminated, pool size = 0, active threads = 0, queued tasks = 0, completed tasks = 0]
	at java.base/java.util.concurrent.ThreadPoolExecutor$AbortPolicy.rejectedExecution(ThreadPoolExecutor.java:2055)
	at java.base/java.util.concurrent.ThreadPoolExecutor.reject(ThreadPoolExecutor.java:825)
	at java.base/java.util.concurrent.ThreadPoolExecutor.execute(ThreadPoolExecutor.java:1355)
	at java.base/java.util.concurrent.CompletableFuture.asyncSupplyStage(CompletableFuture.java:1714)
	at java.base/java.util.concurrent.CompletableFuture.supplyAsync(CompletableFuture.java:1931)
	at org.apache.ratis.server.impl.RaftServerImpl.executeSubmitServerRequestAsync(RaftServerImpl.java:817)
	at org.apache.ratis.server.impl.RaftServerProxy.lambda$appendEntriesAsync$27(RaftServerProxy.java:634)
	at java.base/java.util.concurrent.CompletableFuture.uniComposeStage(CompletableFuture.java:1106)
	... 15 more
2023-02-09 08:26:13,255 [s2@group-5D8BFF2AC38C-StateMachineUpdater] INFO  impl.StateMachineUpdater (StateMachineUpdater.java:takeSnapshot(290)) - s2@group-5D8BFF2AC38C-StateMachineUpdater: Took a snapshot at index 191
2023-02-09 08:26:13,255 [s2@group-5D8BFF2AC38C-StateMachineUpdater] INFO  impl.StateMachineUpdater (StateMachineUpdater.java:lambda$new$0(96)) - s2@group-5D8BFF2AC38C-StateMachineUpdater: snapshotIndex: updateIncreasingly 127 -> 191
2023-02-09 08:26:13,256 [s2@group-5D8BFF2AC38C-StateMachineUpdater] INFO  impl.SimpleStateMachine4Testing (SimpleStateMachine4Testing.java:put(205)) - s2: put 193, m94 -> (t:2, i:193), STATEMACHINELOGENTRY, 480@client-F516C80A2025
2023-02-09 08:26:13,256 [grpc-default-executor-7] WARN  server.GrpcLogAppender (LogUtils.java:warn(124)) - s1@group-5D8BFF2AC38C->s0-AppendLogResponseHandler: Failed appendEntries
java.util.concurrent.RejectedExecutionException: Task java.util.concurrent.CompletableFuture$AsyncSupply@513c0246 rejected from java.util.concurrent.ThreadPoolExecutor@4ecb30e4[Terminated, pool size = 0, active threads = 0, queued tasks = 0, completed tasks = 0]
	at java.base/java.util.concurrent.ThreadPoolExecutor$AbortPolicy.rejectedExecution(ThreadPoolExecutor.java:2055)
	at java.base/java.util.concurrent.ThreadPoolExecutor.reject(ThreadPoolExecutor.java:825)
	at java.base/java.util.concurrent.ThreadPoolExecutor.execute(ThreadPoolExecutor.java:1355)
	at java.base/java.util.concurrent.CompletableFuture.asyncSupplyStage(CompletableFuture.java:1714)
	at java.base/java.util.concurrent.CompletableFuture.supplyAsync(CompletableFuture.java:1931)
	at org.apache.ratis.server.impl.RaftServerImpl.executeSubmitServerRequestAsync(RaftServerImpl.java:817)
	at org.apache.ratis.server.impl.RaftServerProxy.lambda$appendEntriesAsync$27(RaftServerProxy.java:634)
	at java.base/java.util.concurrent.CompletableFuture.uniComposeStage(CompletableFuture.java:1106)
	at java.base/java.util.concurrent.CompletableFuture.thenCompose(CompletableFuture.java:2235)
	at org.apache.ratis.server.impl.RaftServerProxy.appendEntriesAsync(RaftServerProxy.java:634)
	at org.apache.ratis.grpc.server.GrpcServerProtocolService$1.process(GrpcServerProtocolService.java:219)
	at org.apache.ratis.grpc.server.GrpcServerProtocolService$1.process(GrpcServerProtocolService.java:216)
	at org.apache.ratis.grpc.server.GrpcServerProtocolService$ServerRequestStreamObserver.onNext(GrpcServerProtocolService.java:124)
	at org.apache.ratis.thirdparty.io.grpc.stub.ServerCalls$StreamingServerCallHandler$StreamingServerCallListener.onMessage(ServerCalls.java:262)
	at org.apache.ratis.thirdparty.io.grpc.ForwardingServerCallListener.onMessage(ForwardingServerCallListener.java:33)
	at org.apache.ratis.thirdparty.io.grpc.internal.ServerCallImpl$ServerStreamListenerImpl.messagesAvailableInternal(ServerCallImpl.java:332)
	at org.apache.ratis.thirdparty.io.grpc.internal.ServerCallImpl$ServerStreamListenerImpl.messagesAvailable(ServerCallImpl.java:315)
	at org.apache.ratis.thirdparty.io.grpc.internal.ServerImpl$JumpToApplicationThreadServerStreamListener$1MessagesAvailable.runInContext(ServerImpl.java:834)
	at org.apache.ratis.thirdparty.io.grpc.internal.ContextRunnable.run(ContextRunnable.java:37)
	at org.apache.ratis.thirdparty.io.grpc.internal.SerializingExecutor.run(SerializingExecutor.java:133)
	at java.base/java.util.concurrent.ThreadPoolExecutor.runWorker(ThreadPoolExecutor.java:1128)
	at java.base/java.util.concurrent.ThreadPoolExecutor$Worker.run(ThreadPoolExecutor.java:628)
	at java.base/java.lang.Thread.run(Thread.java:829)
2023-02-09 08:26:13,257 [grpc-default-executor-7] INFO  leader.FollowerInfo (FollowerInfoImpl.java:lambda$new$0(52)) - s1@group-5D8BFF2AC38C->s0: nextIndex: updateUnconditionally 196 -> 83
2023-02-09 08:26:13,257 [s2-server-thread1] DEBUG raftlog.RaftLog (SegmentedRaftLog.java:appendImpl(446)) - truncateIndex=-1, arrayIndex=0
2023-02-09 08:26:13,257 [s2@group-5D8BFF2AC38C-StateMachineUpdater] INFO  impl.SimpleStateMachine4Testing (SimpleStateMachine4Testing.java:put(205)) - s2: put 195, m95 -> (t:2, i:195), STATEMACHINELOGENTRY, 481@client-F516C80A2025
2023-02-09 08:26:13,258 [grpc-default-executor-7] WARN  server.GrpcServerProtocolService (LogUtils.java:warn(124)) - s0: Failed APPEND_ENTRIES request s1->s0#225-t2,previous=(t:1, i:82),leaderCommit=196,initializing? true,entries: size=115, first=(t:2, i:83), CONFIGURATIONENTRY(current:id: "s0"
address: "localhost:42371"
dataStreamAddress: "localhost:43129"
clientAddress: "localhost:36379"
adminAddress: "localhost:36531"
startupRole: FOLLOWER
,id: "s1"
address: "localhost:35679"
dataStreamAddress: "localhost:42433"
clientAddress: "localhost:41371"
adminAddress: "localhost:44855"
startupRole: FOLLOWER
,id: "s2"
address: "localhost:39787"
dataStreamAddress: "localhost:33651"
clientAddress: "localhost:41113"
adminAddress: "localhost:44467"
startupRole: FOLLOWER
, old:)
java.util.concurrent.CompletionException: java.util.concurrent.RejectedExecutionException: Task java.util.concurrent.CompletableFuture$AsyncSupply@3bef9237 rejected from java.util.concurrent.ThreadPoolExecutor@4ecb30e4[Terminated, pool size = 0, active threads = 0, queued tasks = 0, completed tasks = 0]
	at java.base/java.util.concurrent.CompletableFuture.encodeThrowable(CompletableFuture.java:314)
	at java.base/java.util.concurrent.CompletableFuture.uniComposeStage(CompletableFuture.java:1113)
	at java.base/java.util.concurrent.CompletableFuture.thenCompose(CompletableFuture.java:2235)
	at org.apache.ratis.server.impl.RaftServerProxy.appendEntriesAsync(RaftServerProxy.java:634)
	at org.apache.ratis.grpc.server.GrpcServerProtocolService$1.process(GrpcServerProtocolService.java:219)
	at org.apache.ratis.grpc.server.GrpcServerProtocolService$1.process(GrpcServerProtocolService.java:216)
	at org.apache.ratis.grpc.server.GrpcServerProtocolService$ServerRequestStreamObserver.onNext(GrpcServerProtocolService.java:124)
	at org.apache.ratis.thirdparty.io.grpc.stub.ServerCalls$StreamingServerCallHandler$StreamingServerCallListener.onMessage(ServerCalls.java:262)
	at org.apache.ratis.thirdparty.io.grpc.ForwardingServerCallListener.onMessage(ForwardingServerCallListener.java:33)
	at org.apache.ratis.thirdparty.io.grpc.internal.ServerCallImpl$ServerStreamListenerImpl.messagesAvailableInternal(ServerCallImpl.java:332)
	at org.apache.ratis.thirdparty.io.grpc.internal.ServerCallImpl$ServerStreamListenerImpl.messagesAvailable(ServerCallImpl.java:315)
	at org.apache.ratis.thirdparty.io.grpc.internal.ServerImpl$JumpToApplicationThreadServerStreamListener$1MessagesAvailable.runInContext(ServerImpl.java:834)
	at org.apache.ratis.thirdparty.io.grpc.internal.ContextRunnable.run(ContextRunnable.java:37)
	at org.apache.ratis.thirdparty.io.grpc.internal.SerializingExecutor.run(SerializingExecutor.java:133)
	at java.base/java.util.concurrent.ThreadPoolExecutor.runWorker(ThreadPoolExecutor.java:1128)
	at java.base/java.util.concurrent.ThreadPoolExecutor$Worker.run(ThreadPoolExecutor.java:628)
	at java.base/java.lang.Thread.run(Thread.java:829)
Caused by: java.util.concurrent.RejectedExecutionException: Task java.util.concurrent.CompletableFuture$AsyncSupply@3bef9237 rejected from java.util.concurrent.ThreadPoolExecutor@4ecb30e4[Terminated, pool size = 0, active threads = 0, queued tasks = 0, completed tasks = 0]
	at java.base/java.util.concurrent.ThreadPoolExecutor$AbortPolicy.rejectedExecution(ThreadPoolExecutor.java:2055)
	at java.base/java.util.concurrent.ThreadPoolExecutor.reject(ThreadPoolExecutor.java:825)
	at java.base/java.util.concurrent.ThreadPoolExecutor.execute(ThreadPoolExecutor.java:1355)
	at java.base/java.util.concurrent.CompletableFuture.asyncSupplyStage(CompletableFuture.java:1714)
	at java.base/java.util.concurrent.CompletableFuture.supplyAsync(CompletableFuture.java:1931)
	at org.apache.ratis.server.impl.RaftServerImpl.executeSubmitServerRequestAsync(RaftServerImpl.java:817)
	at org.apache.ratis.server.impl.RaftServerProxy.lambda$appendEntriesAsync$27(RaftServerProxy.java:634)
	at java.base/java.util.concurrent.CompletableFuture.uniComposeStage(CompletableFuture.java:1106)
	... 15 more
2023-02-09 08:26:13,259 [grpc-default-executor-7] WARN  server.GrpcLogAppender (LogUtils.java:warn(124)) - s1@group-5D8BFF2AC38C->s0-AppendLogResponseHandler: Failed appendEntries
java.util.concurrent.RejectedExecutionException: Task java.util.concurrent.CompletableFuture$AsyncSupply@3bef9237 rejected from java.util.concurrent.ThreadPoolExecutor@4ecb30e4[Terminated, pool size = 0, active threads = 0, queued tasks = 0, completed tasks = 0]
	at java.base/java.util.concurrent.ThreadPoolExecutor$AbortPolicy.rejectedExecution(ThreadPoolExecutor.java:2055)
	at java.base/java.util.concurrent.ThreadPoolExecutor.reject(ThreadPoolExecutor.java:825)
	at java.base/java.util.concurrent.ThreadPoolExecutor.execute(ThreadPoolExecutor.java:1355)
	at java.base/java.util.concurrent.CompletableFuture.asyncSupplyStage(CompletableFuture.java:1714)
	at java.base/java.util.concurrent.CompletableFuture.supplyAsync(CompletableFuture.java:1931)
	at org.apache.ratis.server.impl.RaftServerImpl.executeSubmitServerRequestAsync(RaftServerImpl.java:817)
	at org.apache.ratis.server.impl.RaftServerProxy.lambda$appendEntriesAsync$27(RaftServerProxy.java:634)
	at java.base/java.util.concurrent.CompletableFuture.uniComposeStage(CompletableFuture.java:1106)
	at java.base/java.util.concurrent.CompletableFuture.thenCompose(CompletableFuture.java:2235)
	at org.apache.ratis.server.impl.RaftServerProxy.appendEntriesAsync(RaftServerProxy.java:634)
	at org.apache.ratis.grpc.server.GrpcServerProtocolService$1.process(GrpcServerProtocolService.java:219)
	at org.apache.ratis.grpc.server.GrpcServerProtocolService$1.process(GrpcServerProtocolService.java:216)
	at org.apache.ratis.grpc.server.GrpcServerProtocolService$ServerRequestStreamObserver.onNext(GrpcServerProtocolService.java:124)
	at org.apache.ratis.thirdparty.io.grpc.stub.ServerCalls$StreamingServerCallHandler$StreamingServerCallListener.onMessage(ServerCalls.java:262)
	at org.apache.ratis.thirdparty.io.grpc.ForwardingServerCallListener.onMessage(ForwardingServerCallListener.java:33)
	at org.apache.ratis.thirdparty.io.grpc.internal.ServerCallImpl$ServerStreamListenerImpl.messagesAvailableInternal(ServerCallImpl.java:332)
	at org.apache.ratis.thirdparty.io.grpc.internal.ServerCallImpl$ServerStreamListenerImpl.messagesAvailable(ServerCallImpl.java:315)
	at org.apache.ratis.thirdparty.io.grpc.internal.ServerImpl$JumpToApplicationThreadServerStreamListener$1MessagesAvailable.runInContext(ServerImpl.java:834)
	at org.apache.ratis.thirdparty.io.grpc.internal.ContextRunnable.run(ContextRunnable.java:37)
	at org.apache.ratis.thirdparty.io.grpc.internal.SerializingExecutor.run(SerializingExecutor.java:133)
	at java.base/java.util.concurrent.ThreadPoolExecutor.runWorker(ThreadPoolExecutor.java:1128)
	at java.base/java.util.concurrent.ThreadPoolExecutor$Worker.run(ThreadPoolExecutor.java:628)
	at java.base/java.lang.Thread.run(Thread.java:829)
2023-02-09 08:26:13,259 [grpc-default-executor-7] INFO  leader.FollowerInfo (FollowerInfoImpl.java:lambda$new$0(52)) - s1@group-5D8BFF2AC38C->s0: nextIndex: updateUnconditionally 198 -> 83
2023-02-09 08:26:13,260 [s1@group-5D8BFF2AC38C-StateMachineUpdater] INFO  impl.SimpleStateMachine4Testing (SimpleStateMachine4Testing.java:put(205)) - s1: put 197, m96 -> (t:2, i:197), STATEMACHINELOGENTRY, 482@client-F516C80A2025
2023-02-09 08:26:13,260 [s2-server-thread1] DEBUG raftlog.RaftLog (SegmentedRaftLog.java:appendImpl(446)) - truncateIndex=-1, arrayIndex=0
2023-02-09 08:26:13,260 [s2@group-5D8BFF2AC38C-StateMachineUpdater] INFO  impl.SimpleStateMachine4Testing (SimpleStateMachine4Testing.java:put(205)) - s2: put 197, m96 -> (t:2, i:197), STATEMACHINELOGENTRY, 482@client-F516C80A2025
2023-02-09 08:26:13,262 [grpc-default-executor-5] WARN  server.GrpcServerProtocolService (LogUtils.java:warn(124)) - s0: Failed APPEND_ENTRIES request s1->s0#226-t2,previous=(t:1, i:82),leaderCommit=197,initializing? true,entries: size=115, first=(t:2, i:83), CONFIGURATIONENTRY(current:id: "s0"
address: "localhost:42371"
dataStreamAddress: "localhost:43129"
clientAddress: "localhost:36379"
adminAddress: "localhost:36531"
startupRole: FOLLOWER
,id: "s1"
address: "localhost:35679"
dataStreamAddress: "localhost:42433"
clientAddress: "localhost:41371"
adminAddress: "localhost:44855"
startupRole: FOLLOWER
,id: "s2"
address: "localhost:39787"
dataStreamAddress: "localhost:33651"
clientAddress: "localhost:41113"
adminAddress: "localhost:44467"
startupRole: FOLLOWER
, old:)
java.util.concurrent.CompletionException: java.util.concurrent.RejectedExecutionException: Task java.util.concurrent.CompletableFuture$AsyncSupply@4cd4ee6f rejected from java.util.concurrent.ThreadPoolExecutor@4ecb30e4[Terminated, pool size = 0, active threads = 0, queued tasks = 0, completed tasks = 0]
	at java.base/java.util.concurrent.CompletableFuture.encodeThrowable(CompletableFuture.java:314)
	at java.base/java.util.concurrent.CompletableFuture.uniComposeStage(CompletableFuture.java:1113)
	at java.base/java.util.concurrent.CompletableFuture.thenCompose(CompletableFuture.java:2235)
	at org.apache.ratis.server.impl.RaftServerProxy.appendEntriesAsync(RaftServerProxy.java:634)
	at org.apache.ratis.grpc.server.GrpcServerProtocolService$1.process(GrpcServerProtocolService.java:219)
	at org.apache.ratis.grpc.server.GrpcServerProtocolService$1.process(GrpcServerProtocolService.java:216)
	at org.apache.ratis.grpc.server.GrpcServerProtocolService$ServerRequestStreamObserver.onNext(GrpcServerProtocolService.java:124)
	at org.apache.ratis.thirdparty.io.grpc.stub.ServerCalls$StreamingServerCallHandler$StreamingServerCallListener.onMessage(ServerCalls.java:262)
	at org.apache.ratis.thirdparty.io.grpc.ForwardingServerCallListener.onMessage(ForwardingServerCallListener.java:33)
	at org.apache.ratis.thirdparty.io.grpc.internal.ServerCallImpl$ServerStreamListenerImpl.messagesAvailableInternal(ServerCallImpl.java:332)
	at org.apache.ratis.thirdparty.io.grpc.internal.ServerCallImpl$ServerStreamListenerImpl.messagesAvailable(ServerCallImpl.java:315)
	at org.apache.ratis.thirdparty.io.grpc.internal.ServerImpl$JumpToApplicationThreadServerStreamListener$1MessagesAvailable.runInContext(ServerImpl.java:834)
	at org.apache.ratis.thirdparty.io.grpc.internal.ContextRunnable.run(ContextRunnable.java:37)
	at org.apache.ratis.thirdparty.io.grpc.internal.SerializingExecutor.run(SerializingExecutor.java:133)
	at java.base/java.util.concurrent.ThreadPoolExecutor.runWorker(ThreadPoolExecutor.java:1128)
	at java.base/java.util.concurrent.ThreadPoolExecutor$Worker.run(ThreadPoolExecutor.java:628)
	at java.base/java.lang.Thread.run(Thread.java:829)
Caused by: java.util.concurrent.RejectedExecutionException: Task java.util.concurrent.CompletableFuture$AsyncSupply@4cd4ee6f rejected from java.util.concurrent.ThreadPoolExecutor@4ecb30e4[Terminated, pool size = 0, active threads = 0, queued tasks = 0, completed tasks = 0]
	at java.base/java.util.concurrent.ThreadPoolExecutor$AbortPolicy.rejectedExecution(ThreadPoolExecutor.java:2055)
	at java.base/java.util.concurrent.ThreadPoolExecutor.reject(ThreadPoolExecutor.java:825)
	at java.base/java.util.concurrent.ThreadPoolExecutor.execute(ThreadPoolExecutor.java:1355)
	at java.base/java.util.concurrent.CompletableFuture.asyncSupplyStage(CompletableFuture.java:1714)
	at java.base/java.util.concurrent.CompletableFuture.supplyAsync(CompletableFuture.java:1931)
	at org.apache.ratis.server.impl.RaftServerImpl.executeSubmitServerRequestAsync(RaftServerImpl.java:817)
	at org.apache.ratis.server.impl.RaftServerProxy.lambda$appendEntriesAsync$27(RaftServerProxy.java:634)
	at java.base/java.util.concurrent.CompletableFuture.uniComposeStage(CompletableFuture.java:1106)
	... 15 more
2023-02-09 08:26:13,263 [grpc-default-executor-7] WARN  server.GrpcLogAppender (LogUtils.java:warn(124)) - s1@group-5D8BFF2AC38C->s0-AppendLogResponseHandler: Failed appendEntries
java.util.concurrent.RejectedExecutionException: Task java.util.concurrent.CompletableFuture$AsyncSupply@4cd4ee6f rejected from java.util.concurrent.ThreadPoolExecutor@4ecb30e4[Terminated, pool size = 0, active threads = 0, queued tasks = 0, completed tasks = 0]
	at java.base/java.util.concurrent.ThreadPoolExecutor$AbortPolicy.rejectedExecution(ThreadPoolExecutor.java:2055)
	at java.base/java.util.concurrent.ThreadPoolExecutor.reject(ThreadPoolExecutor.java:825)
	at java.base/java.util.concurrent.ThreadPoolExecutor.execute(ThreadPoolExecutor.java:1355)
	at java.base/java.util.concurrent.CompletableFuture.asyncSupplyStage(CompletableFuture.java:1714)
	at java.base/java.util.concurrent.CompletableFuture.supplyAsync(CompletableFuture.java:1931)
	at org.apache.ratis.server.impl.RaftServerImpl.executeSubmitServerRequestAsync(RaftServerImpl.java:817)
	at org.apache.ratis.server.impl.RaftServerProxy.lambda$appendEntriesAsync$27(RaftServerProxy.java:634)
	at java.base/java.util.concurrent.CompletableFuture.uniComposeStage(CompletableFuture.java:1106)
	at java.base/java.util.concurrent.CompletableFuture.thenCompose(CompletableFuture.java:2235)
	at org.apache.ratis.server.impl.RaftServerProxy.appendEntriesAsync(RaftServerProxy.java:634)
	at org.apache.ratis.grpc.server.GrpcServerProtocolService$1.process(GrpcServerProtocolService.java:219)
	at org.apache.ratis.grpc.server.GrpcServerProtocolService$1.process(GrpcServerProtocolService.java:216)
	at org.apache.ratis.grpc.server.GrpcServerProtocolService$ServerRequestStreamObserver.onNext(GrpcServerProtocolService.java:124)
	at org.apache.ratis.thirdparty.io.grpc.stub.ServerCalls$StreamingServerCallHandler$StreamingServerCallListener.onMessage(ServerCalls.java:262)
	at org.apache.ratis.thirdparty.io.grpc.ForwardingServerCallListener.onMessage(ForwardingServerCallListener.java:33)
	at org.apache.ratis.thirdparty.io.grpc.internal.ServerCallImpl$ServerStreamListenerImpl.messagesAvailableInternal(ServerCallImpl.java:332)
	at org.apache.ratis.thirdparty.io.grpc.internal.ServerCallImpl$ServerStreamListenerImpl.messagesAvailable(ServerCallImpl.java:315)
	at org.apache.ratis.thirdparty.io.grpc.internal.ServerImpl$JumpToApplicationThreadServerStreamListener$1MessagesAvailable.runInContext(ServerImpl.java:834)
	at org.apache.ratis.thirdparty.io.grpc.internal.ContextRunnable.run(ContextRunnable.java:37)
	at org.apache.ratis.thirdparty.io.grpc.internal.SerializingExecutor.run(SerializingExecutor.java:133)
	at java.base/java.util.concurrent.ThreadPoolExecutor.runWorker(ThreadPoolExecutor.java:1128)
	at java.base/java.util.concurrent.ThreadPoolExecutor$Worker.run(ThreadPoolExecutor.java:628)
	at java.base/java.lang.Thread.run(Thread.java:829)
2023-02-09 08:26:13,263 [grpc-default-executor-7] INFO  leader.FollowerInfo (FollowerInfoImpl.java:lambda$new$0(52)) - s1@group-5D8BFF2AC38C->s0: nextIndex: updateUnconditionally 198 -> 83
2023-02-09 08:26:13,264 [s2-server-thread1] DEBUG raftlog.RaftLog (SegmentedRaftLog.java:appendImpl(446)) - truncateIndex=-1, arrayIndex=0
2023-02-09 08:26:13,264 [grpc-default-executor-5] WARN  server.GrpcServerProtocolService (LogUtils.java:warn(124)) - s0: Failed APPEND_ENTRIES request s1->s0#228-t2,previous=(t:1, i:82),leaderCommit=198,initializing? true,entries: size=117, first=(t:2, i:83), CONFIGURATIONENTRY(current:id: "s0"
address: "localhost:42371"
dataStreamAddress: "localhost:43129"
clientAddress: "localhost:36379"
adminAddress: "localhost:36531"
startupRole: FOLLOWER
,id: "s1"
address: "localhost:35679"
dataStreamAddress: "localhost:42433"
clientAddress: "localhost:41371"
adminAddress: "localhost:44855"
startupRole: FOLLOWER
,id: "s2"
address: "localhost:39787"
dataStreamAddress: "localhost:33651"
clientAddress: "localhost:41113"
adminAddress: "localhost:44467"
startupRole: FOLLOWER
, old:)
java.util.concurrent.CompletionException: java.util.concurrent.RejectedExecutionException: Task java.util.concurrent.CompletableFuture$AsyncSupply@46fdeb45 rejected from java.util.concurrent.ThreadPoolExecutor@4ecb30e4[Terminated, pool size = 0, active threads = 0, queued tasks = 0, completed tasks = 0]
	at java.base/java.util.concurrent.CompletableFuture.encodeThrowable(CompletableFuture.java:314)
	at java.base/java.util.concurrent.CompletableFuture.uniComposeStage(CompletableFuture.java:1113)
	at java.base/java.util.concurrent.CompletableFuture.thenCompose(CompletableFuture.java:2235)
	at org.apache.ratis.server.impl.RaftServerProxy.appendEntriesAsync(RaftServerProxy.java:634)
	at org.apache.ratis.grpc.server.GrpcServerProtocolService$1.process(GrpcServerProtocolService.java:219)
	at org.apache.ratis.grpc.server.GrpcServerProtocolService$1.process(GrpcServerProtocolService.java:216)
	at org.apache.ratis.grpc.server.GrpcServerProtocolService$ServerRequestStreamObserver.onNext(GrpcServerProtocolService.java:124)
	at org.apache.ratis.thirdparty.io.grpc.stub.ServerCalls$StreamingServerCallHandler$StreamingServerCallListener.onMessage(ServerCalls.java:262)
	at org.apache.ratis.thirdparty.io.grpc.ForwardingServerCallListener.onMessage(ForwardingServerCallListener.java:33)
	at org.apache.ratis.thirdparty.io.grpc.internal.ServerCallImpl$ServerStreamListenerImpl.messagesAvailableInternal(ServerCallImpl.java:332)
	at org.apache.ratis.thirdparty.io.grpc.internal.ServerCallImpl$ServerStreamListenerImpl.messagesAvailable(ServerCallImpl.java:315)
	at org.apache.ratis.thirdparty.io.grpc.internal.ServerImpl$JumpToApplicationThreadServerStreamListener$1MessagesAvailable.runInContext(ServerImpl.java:834)
	at org.apache.ratis.thirdparty.io.grpc.internal.ContextRunnable.run(ContextRunnable.java:37)
	at org.apache.ratis.thirdparty.io.grpc.internal.SerializingExecutor.run(SerializingExecutor.java:133)
	at java.base/java.util.concurrent.ThreadPoolExecutor.runWorker(ThreadPoolExecutor.java:1128)
	at java.base/java.util.concurrent.ThreadPoolExecutor$Worker.run(ThreadPoolExecutor.java:628)
	at java.base/java.lang.Thread.run(Thread.java:829)
Caused by: java.util.concurrent.RejectedExecutionException: Task java.util.concurrent.CompletableFuture$AsyncSupply@46fdeb45 rejected from java.util.concurrent.ThreadPoolExecutor@4ecb30e4[Terminated, pool size = 0, active threads = 0, queued tasks = 0, completed tasks = 0]
	at java.base/java.util.concurrent.ThreadPoolExecutor$AbortPolicy.rejectedExecution(ThreadPoolExecutor.java:2055)
	at java.base/java.util.concurrent.ThreadPoolExecutor.reject(ThreadPoolExecutor.java:825)
	at java.base/java.util.concurrent.ThreadPoolExecutor.execute(ThreadPoolExecutor.java:1355)
	at java.base/java.util.concurrent.CompletableFuture.asyncSupplyStage(CompletableFuture.java:1714)
	at java.base/java.util.concurrent.CompletableFuture.supplyAsync(CompletableFuture.java:1931)
	at org.apache.ratis.server.impl.RaftServerImpl.executeSubmitServerRequestAsync(RaftServerImpl.java:817)
	at org.apache.ratis.server.impl.RaftServerProxy.lambda$appendEntriesAsync$27(RaftServerProxy.java:634)
	at java.base/java.util.concurrent.CompletableFuture.uniComposeStage(CompletableFuture.java:1106)
	... 15 more
2023-02-09 08:26:13,265 [s2-server-thread1] DEBUG raftlog.RaftLog (SegmentedRaftLog.java:appendImpl(446)) - truncateIndex=-1, arrayIndex=0
2023-02-09 08:26:13,265 [s1@group-5D8BFF2AC38C-StateMachineUpdater] INFO  impl.SimpleStateMachine4Testing (SimpleStateMachine4Testing.java:put(205)) - s1: put 199, m97 -> (t:2, i:199), STATEMACHINELOGENTRY, 483@client-F516C80A2025
2023-02-09 08:26:13,266 [s2@group-5D8BFF2AC38C-StateMachineUpdater] INFO  impl.SimpleStateMachine4Testing (SimpleStateMachine4Testing.java:put(205)) - s2: put 199, m97 -> (t:2, i:199), STATEMACHINELOGENTRY, 483@client-F516C80A2025
2023-02-09 08:26:13,266 [grpc-default-executor-9] WARN  server.GrpcLogAppender (LogUtils.java:warn(124)) - s1@group-5D8BFF2AC38C->s0-AppendLogResponseHandler: Failed appendEntries
java.util.concurrent.RejectedExecutionException: Task java.util.concurrent.CompletableFuture$AsyncSupply@46fdeb45 rejected from java.util.concurrent.ThreadPoolExecutor@4ecb30e4[Terminated, pool size = 0, active threads = 0, queued tasks = 0, completed tasks = 0]
	at java.base/java.util.concurrent.ThreadPoolExecutor$AbortPolicy.rejectedExecution(ThreadPoolExecutor.java:2055)
	at java.base/java.util.concurrent.ThreadPoolExecutor.reject(ThreadPoolExecutor.java:825)
	at java.base/java.util.concurrent.ThreadPoolExecutor.execute(ThreadPoolExecutor.java:1355)
	at java.base/java.util.concurrent.CompletableFuture.asyncSupplyStage(CompletableFuture.java:1714)
	at java.base/java.util.concurrent.CompletableFuture.supplyAsync(CompletableFuture.java:1931)
	at org.apache.ratis.server.impl.RaftServerImpl.executeSubmitServerRequestAsync(RaftServerImpl.java:817)
	at org.apache.ratis.server.impl.RaftServerProxy.lambda$appendEntriesAsync$27(RaftServerProxy.java:634)
	at java.base/java.util.concurrent.CompletableFuture.uniComposeStage(CompletableFuture.java:1106)
	at java.base/java.util.concurrent.CompletableFuture.thenCompose(CompletableFuture.java:2235)
	at org.apache.ratis.server.impl.RaftServerProxy.appendEntriesAsync(RaftServerProxy.java:634)
	at org.apache.ratis.grpc.server.GrpcServerProtocolService$1.process(GrpcServerProtocolService.java:219)
	at org.apache.ratis.grpc.server.GrpcServerProtocolService$1.process(GrpcServerProtocolService.java:216)
	at org.apache.ratis.grpc.server.GrpcServerProtocolService$ServerRequestStreamObserver.onNext(GrpcServerProtocolService.java:124)
	at org.apache.ratis.thirdparty.io.grpc.stub.ServerCalls$StreamingServerCallHandler$StreamingServerCallListener.onMessage(ServerCalls.java:262)
	at org.apache.ratis.thirdparty.io.grpc.ForwardingServerCallListener.onMessage(ForwardingServerCallListener.java:33)
	at org.apache.ratis.thirdparty.io.grpc.internal.ServerCallImpl$ServerStreamListenerImpl.messagesAvailableInternal(ServerCallImpl.java:332)
	at org.apache.ratis.thirdparty.io.grpc.internal.ServerCallImpl$ServerStreamListenerImpl.messagesAvailable(ServerCallImpl.java:315)
	at org.apache.ratis.thirdparty.io.grpc.internal.ServerImpl$JumpToApplicationThreadServerStreamListener$1MessagesAvailable.runInContext(ServerImpl.java:834)
	at org.apache.ratis.thirdparty.io.grpc.internal.ContextRunnable.run(ContextRunnable.java:37)
	at org.apache.ratis.thirdparty.io.grpc.internal.SerializingExecutor.run(SerializingExecutor.java:133)
	at java.base/java.util.concurrent.ThreadPoolExecutor.runWorker(ThreadPoolExecutor.java:1128)
	at java.base/java.util.concurrent.ThreadPoolExecutor$Worker.run(ThreadPoolExecutor.java:628)
	at java.base/java.lang.Thread.run(Thread.java:829)
2023-02-09 08:26:13,267 [grpc-default-executor-9] INFO  leader.FollowerInfo (FollowerInfoImpl.java:lambda$new$0(52)) - s1@group-5D8BFF2AC38C->s0: nextIndex: updateUnconditionally 200 -> 83
2023-02-09 08:26:13,268 [grpc-default-executor-5] WARN  server.GrpcServerProtocolService (LogUtils.java:warn(124)) - s0: Failed APPEND_ENTRIES request s1->s0#230-t2,previous=(t:1, i:82),leaderCommit=200,initializing? true,entries: size=118, first=(t:2, i:83), CONFIGURATIONENTRY(current:id: "s0"
address: "localhost:42371"
dataStreamAddress: "localhost:43129"
clientAddress: "localhost:36379"
adminAddress: "localhost:36531"
startupRole: FOLLOWER
,id: "s1"
address: "localhost:35679"
dataStreamAddress: "localhost:42433"
clientAddress: "localhost:41371"
adminAddress: "localhost:44855"
startupRole: FOLLOWER
,id: "s2"
address: "localhost:39787"
dataStreamAddress: "localhost:33651"
clientAddress: "localhost:41113"
adminAddress: "localhost:44467"
startupRole: FOLLOWER
, old:)
java.util.concurrent.CompletionException: java.util.concurrent.RejectedExecutionException: Task java.util.concurrent.CompletableFuture$AsyncSupply@4fc018d6 rejected from java.util.concurrent.ThreadPoolExecutor@4ecb30e4[Terminated, pool size = 0, active threads = 0, queued tasks = 0, completed tasks = 0]
	at java.base/java.util.concurrent.CompletableFuture.encodeThrowable(CompletableFuture.java:314)
	at java.base/java.util.concurrent.CompletableFuture.uniComposeStage(CompletableFuture.java:1113)
	at java.base/java.util.concurrent.CompletableFuture.thenCompose(CompletableFuture.java:2235)
	at org.apache.ratis.server.impl.RaftServerProxy.appendEntriesAsync(RaftServerProxy.java:634)
	at org.apache.ratis.grpc.server.GrpcServerProtocolService$1.process(GrpcServerProtocolService.java:219)
	at org.apache.ratis.grpc.server.GrpcServerProtocolService$1.process(GrpcServerProtocolService.java:216)
	at org.apache.ratis.grpc.server.GrpcServerProtocolService$ServerRequestStreamObserver.onNext(GrpcServerProtocolService.java:124)
	at org.apache.ratis.thirdparty.io.grpc.stub.ServerCalls$StreamingServerCallHandler$StreamingServerCallListener.onMessage(ServerCalls.java:262)
	at org.apache.ratis.thirdparty.io.grpc.ForwardingServerCallListener.onMessage(ForwardingServerCallListener.java:33)
	at org.apache.ratis.thirdparty.io.grpc.internal.ServerCallImpl$ServerStreamListenerImpl.messagesAvailableInternal(ServerCallImpl.java:332)
	at org.apache.ratis.thirdparty.io.grpc.internal.ServerCallImpl$ServerStreamListenerImpl.messagesAvailable(ServerCallImpl.java:315)
	at org.apache.ratis.thirdparty.io.grpc.internal.ServerImpl$JumpToApplicationThreadServerStreamListener$1MessagesAvailable.runInContext(ServerImpl.java:834)
	at org.apache.ratis.thirdparty.io.grpc.internal.ContextRunnable.run(ContextRunnable.java:37)
	at org.apache.ratis.thirdparty.io.grpc.internal.SerializingExecutor.run(SerializingExecutor.java:133)
	at java.base/java.util.concurrent.ThreadPoolExecutor.runWorker(ThreadPoolExecutor.java:1128)
	at java.base/java.util.concurrent.ThreadPoolExecutor$Worker.run(ThreadPoolExecutor.java:628)
	at java.base/java.lang.Thread.run(Thread.java:829)
Caused by: java.util.concurrent.RejectedExecutionException: Task java.util.concurrent.CompletableFuture$AsyncSupply@4fc018d6 rejected from java.util.concurrent.ThreadPoolExecutor@4ecb30e4[Terminated, pool size = 0, active threads = 0, queued tasks = 0, completed tasks = 0]
	at java.base/java.util.concurrent.ThreadPoolExecutor$AbortPolicy.rejectedExecution(ThreadPoolExecutor.java:2055)
	at java.base/java.util.concurrent.ThreadPoolExecutor.reject(ThreadPoolExecutor.java:825)
	at java.base/java.util.concurrent.ThreadPoolExecutor.execute(ThreadPoolExecutor.java:1355)
	at java.base/java.util.concurrent.CompletableFuture.asyncSupplyStage(CompletableFuture.java:1714)
	at java.base/java.util.concurrent.CompletableFuture.supplyAsync(CompletableFuture.java:1931)
	at org.apache.ratis.server.impl.RaftServerImpl.executeSubmitServerRequestAsync(RaftServerImpl.java:817)
	at org.apache.ratis.server.impl.RaftServerProxy.lambda$appendEntriesAsync$27(RaftServerProxy.java:634)
	at java.base/java.util.concurrent.CompletableFuture.uniComposeStage(CompletableFuture.java:1106)
	... 15 more
2023-02-09 08:26:13,269 [s2-server-thread1] DEBUG raftlog.RaftLog (SegmentedRaftLog.java:appendImpl(446)) - truncateIndex=-1, arrayIndex=0
2023-02-09 08:26:13,270 [grpc-default-executor-7] WARN  server.GrpcLogAppender (LogUtils.java:warn(124)) - s1@group-5D8BFF2AC38C->s0-AppendLogResponseHandler: Failed appendEntries
java.util.concurrent.RejectedExecutionException: Task java.util.concurrent.CompletableFuture$AsyncSupply@4fc018d6 rejected from java.util.concurrent.ThreadPoolExecutor@4ecb30e4[Terminated, pool size = 0, active threads = 0, queued tasks = 0, completed tasks = 0]
	at java.base/java.util.concurrent.ThreadPoolExecutor$AbortPolicy.rejectedExecution(ThreadPoolExecutor.java:2055)
	at java.base/java.util.concurrent.ThreadPoolExecutor.reject(ThreadPoolExecutor.java:825)
	at java.base/java.util.concurrent.ThreadPoolExecutor.execute(ThreadPoolExecutor.java:1355)
	at java.base/java.util.concurrent.CompletableFuture.asyncSupplyStage(CompletableFuture.java:1714)
	at java.base/java.util.concurrent.CompletableFuture.supplyAsync(CompletableFuture.java:1931)
	at org.apache.ratis.server.impl.RaftServerImpl.executeSubmitServerRequestAsync(RaftServerImpl.java:817)
	at org.apache.ratis.server.impl.RaftServerProxy.lambda$appendEntriesAsync$27(RaftServerProxy.java:634)
	at java.base/java.util.concurrent.CompletableFuture.uniComposeStage(CompletableFuture.java:1106)
	at java.base/java.util.concurrent.CompletableFuture.thenCompose(CompletableFuture.java:2235)
	at org.apache.ratis.server.impl.RaftServerProxy.appendEntriesAsync(RaftServerProxy.java:634)
	at org.apache.ratis.grpc.server.GrpcServerProtocolService$1.process(GrpcServerProtocolService.java:219)
	at org.apache.ratis.grpc.server.GrpcServerProtocolService$1.process(GrpcServerProtocolService.java:216)
	at org.apache.ratis.grpc.server.GrpcServerProtocolService$ServerRequestStreamObserver.onNext(GrpcServerProtocolService.java:124)
	at org.apache.ratis.thirdparty.io.grpc.stub.ServerCalls$StreamingServerCallHandler$StreamingServerCallListener.onMessage(ServerCalls.java:262)
	at org.apache.ratis.thirdparty.io.grpc.ForwardingServerCallListener.onMessage(ForwardingServerCallListener.java:33)
	at org.apache.ratis.thirdparty.io.grpc.internal.ServerCallImpl$ServerStreamListenerImpl.messagesAvailableInternal(ServerCallImpl.java:332)
	at org.apache.ratis.thirdparty.io.grpc.internal.ServerCallImpl$ServerStreamListenerImpl.messagesAvailable(ServerCallImpl.java:315)
	at org.apache.ratis.thirdparty.io.grpc.internal.ServerImpl$JumpToApplicationThreadServerStreamListener$1MessagesAvailable.runInContext(ServerImpl.java:834)
	at org.apache.ratis.thirdparty.io.grpc.internal.ContextRunnable.run(ContextRunnable.java:37)
	at org.apache.ratis.thirdparty.io.grpc.internal.SerializingExecutor.run(SerializingExecutor.java:133)
	at java.base/java.util.concurrent.ThreadPoolExecutor.runWorker(ThreadPoolExecutor.java:1128)
	at java.base/java.util.concurrent.ThreadPoolExecutor$Worker.run(ThreadPoolExecutor.java:628)
	at java.base/java.lang.Thread.run(Thread.java:829)
2023-02-09 08:26:13,270 [grpc-default-executor-7] INFO  leader.FollowerInfo (FollowerInfoImpl.java:lambda$new$0(52)) - s1@group-5D8BFF2AC38C->s0: nextIndex: updateUnconditionally 201 -> 83
2023-02-09 08:26:13,270 [s1@group-5D8BFF2AC38C-StateMachineUpdater] INFO  impl.SimpleStateMachine4Testing (SimpleStateMachine4Testing.java:put(205)) - s1: put 201, m98 -> (t:2, i:201), STATEMACHINELOGENTRY, 484@client-F516C80A2025
2023-02-09 08:26:13,271 [s2-server-thread1] DEBUG raftlog.RaftLog (SegmentedRaftLog.java:appendImpl(446)) - truncateIndex=-1, arrayIndex=0
2023-02-09 08:26:13,272 [s2@group-5D8BFF2AC38C-StateMachineUpdater] INFO  impl.SimpleStateMachine4Testing (SimpleStateMachine4Testing.java:put(205)) - s2: put 201, m98 -> (t:2, i:201), STATEMACHINELOGENTRY, 484@client-F516C80A2025
2023-02-09 08:26:13,272 [grpc-default-executor-5] WARN  server.GrpcServerProtocolService (LogUtils.java:warn(124)) - s0: Failed APPEND_ENTRIES request s1->s0#232-t2,previous=(t:1, i:82),leaderCommit=201,initializing? true,entries: size=119, first=(t:2, i:83), CONFIGURATIONENTRY(current:id: "s0"
address: "localhost:42371"
dataStreamAddress: "localhost:43129"
clientAddress: "localhost:36379"
adminAddress: "localhost:36531"
startupRole: FOLLOWER
,id: "s1"
address: "localhost:35679"
dataStreamAddress: "localhost:42433"
clientAddress: "localhost:41371"
adminAddress: "localhost:44855"
startupRole: FOLLOWER
,id: "s2"
address: "localhost:39787"
dataStreamAddress: "localhost:33651"
clientAddress: "localhost:41113"
adminAddress: "localhost:44467"
startupRole: FOLLOWER
, old:)
java.util.concurrent.CompletionException: java.util.concurrent.RejectedExecutionException: Task java.util.concurrent.CompletableFuture$AsyncSupply@5bb88b2d rejected from java.util.concurrent.ThreadPoolExecutor@4ecb30e4[Terminated, pool size = 0, active threads = 0, queued tasks = 0, completed tasks = 0]
	at java.base/java.util.concurrent.CompletableFuture.encodeThrowable(CompletableFuture.java:314)
	at java.base/java.util.concurrent.CompletableFuture.uniComposeStage(CompletableFuture.java:1113)
	at java.base/java.util.concurrent.CompletableFuture.thenCompose(CompletableFuture.java:2235)
	at org.apache.ratis.server.impl.RaftServerProxy.appendEntriesAsync(RaftServerProxy.java:634)
	at org.apache.ratis.grpc.server.GrpcServerProtocolService$1.process(GrpcServerProtocolService.java:219)
	at org.apache.ratis.grpc.server.GrpcServerProtocolService$1.process(GrpcServerProtocolService.java:216)
	at org.apache.ratis.grpc.server.GrpcServerProtocolService$ServerRequestStreamObserver.onNext(GrpcServerProtocolService.java:124)
	at org.apache.ratis.thirdparty.io.grpc.stub.ServerCalls$StreamingServerCallHandler$StreamingServerCallListener.onMessage(ServerCalls.java:262)
	at org.apache.ratis.thirdparty.io.grpc.ForwardingServerCallListener.onMessage(ForwardingServerCallListener.java:33)
	at org.apache.ratis.thirdparty.io.grpc.internal.ServerCallImpl$ServerStreamListenerImpl.messagesAvailableInternal(ServerCallImpl.java:332)
	at org.apache.ratis.thirdparty.io.grpc.internal.ServerCallImpl$ServerStreamListenerImpl.messagesAvailable(ServerCallImpl.java:315)
	at org.apache.ratis.thirdparty.io.grpc.internal.ServerImpl$JumpToApplicationThreadServerStreamListener$1MessagesAvailable.runInContext(ServerImpl.java:834)
	at org.apache.ratis.thirdparty.io.grpc.internal.ContextRunnable.run(ContextRunnable.java:37)
	at org.apache.ratis.thirdparty.io.grpc.internal.SerializingExecutor.run(SerializingExecutor.java:133)
	at java.base/java.util.concurrent.ThreadPoolExecutor.runWorker(ThreadPoolExecutor.java:1128)
	at java.base/java.util.concurrent.ThreadPoolExecutor$Worker.run(ThreadPoolExecutor.java:628)
	at java.base/java.lang.Thread.run(Thread.java:829)
Caused by: java.util.concurrent.RejectedExecutionException: Task java.util.concurrent.CompletableFuture$AsyncSupply@5bb88b2d rejected from java.util.concurrent.ThreadPoolExecutor@4ecb30e4[Terminated, pool size = 0, active threads = 0, queued tasks = 0, completed tasks = 0]
	at java.base/java.util.concurrent.ThreadPoolExecutor$AbortPolicy.rejectedExecution(ThreadPoolExecutor.java:2055)
	at java.base/java.util.concurrent.ThreadPoolExecutor.reject(ThreadPoolExecutor.java:825)
	at java.base/java.util.concurrent.ThreadPoolExecutor.execute(ThreadPoolExecutor.java:1355)
	at java.base/java.util.concurrent.CompletableFuture.asyncSupplyStage(CompletableFuture.java:1714)
	at java.base/java.util.concurrent.CompletableFuture.supplyAsync(CompletableFuture.java:1931)
	at org.apache.ratis.server.impl.RaftServerImpl.executeSubmitServerRequestAsync(RaftServerImpl.java:817)
	at org.apache.ratis.server.impl.RaftServerProxy.lambda$appendEntriesAsync$27(RaftServerProxy.java:634)
	at java.base/java.util.concurrent.CompletableFuture.uniComposeStage(CompletableFuture.java:1106)
	... 15 more
2023-02-09 08:26:13,273 [s2-server-thread1] DEBUG raftlog.RaftLog (SegmentedRaftLog.java:appendImpl(446)) - truncateIndex=-1, arrayIndex=0
2023-02-09 08:26:13,274 [s1@group-5D8BFF2AC38C-StateMachineUpdater] INFO  impl.SimpleStateMachine4Testing (SimpleStateMachine4Testing.java:put(205)) - s1: put 203, m99 -> (t:2, i:203), STATEMACHINELOGENTRY, 485@client-F516C80A2025
2023-02-09 08:26:13,274 [grpc-default-executor-7] WARN  server.GrpcLogAppender (LogUtils.java:warn(124)) - s1@group-5D8BFF2AC38C->s0-AppendLogResponseHandler: Failed appendEntries
java.util.concurrent.RejectedExecutionException: Task java.util.concurrent.CompletableFuture$AsyncSupply@5bb88b2d rejected from java.util.concurrent.ThreadPoolExecutor@4ecb30e4[Terminated, pool size = 0, active threads = 0, queued tasks = 0, completed tasks = 0]
	at java.base/java.util.concurrent.ThreadPoolExecutor$AbortPolicy.rejectedExecution(ThreadPoolExecutor.java:2055)
	at java.base/java.util.concurrent.ThreadPoolExecutor.reject(ThreadPoolExecutor.java:825)
	at java.base/java.util.concurrent.ThreadPoolExecutor.execute(ThreadPoolExecutor.java:1355)
	at java.base/java.util.concurrent.CompletableFuture.asyncSupplyStage(CompletableFuture.java:1714)
	at java.base/java.util.concurrent.CompletableFuture.supplyAsync(CompletableFuture.java:1931)
	at org.apache.ratis.server.impl.RaftServerImpl.executeSubmitServerRequestAsync(RaftServerImpl.java:817)
	at org.apache.ratis.server.impl.RaftServerProxy.lambda$appendEntriesAsync$27(RaftServerProxy.java:634)
	at java.base/java.util.concurrent.CompletableFuture.uniComposeStage(CompletableFuture.java:1106)
	at java.base/java.util.concurrent.CompletableFuture.thenCompose(CompletableFuture.java:2235)
	at org.apache.ratis.server.impl.RaftServerProxy.appendEntriesAsync(RaftServerProxy.java:634)
	at org.apache.ratis.grpc.server.GrpcServerProtocolService$1.process(GrpcServerProtocolService.java:219)
	at org.apache.ratis.grpc.server.GrpcServerProtocolService$1.process(GrpcServerProtocolService.java:216)
	at org.apache.ratis.grpc.server.GrpcServerProtocolService$ServerRequestStreamObserver.onNext(GrpcServerProtocolService.java:124)
	at org.apache.ratis.thirdparty.io.grpc.stub.ServerCalls$StreamingServerCallHandler$StreamingServerCallListener.onMessage(ServerCalls.java:262)
	at org.apache.ratis.thirdparty.io.grpc.ForwardingServerCallListener.onMessage(ForwardingServerCallListener.java:33)
	at org.apache.ratis.thirdparty.io.grpc.internal.ServerCallImpl$ServerStreamListenerImpl.messagesAvailableInternal(ServerCallImpl.java:332)
	at org.apache.ratis.thirdparty.io.grpc.internal.ServerCallImpl$ServerStreamListenerImpl.messagesAvailable(ServerCallImpl.java:315)
	at org.apache.ratis.thirdparty.io.grpc.internal.ServerImpl$JumpToApplicationThreadServerStreamListener$1MessagesAvailable.runInContext(ServerImpl.java:834)
	at org.apache.ratis.thirdparty.io.grpc.internal.ContextRunnable.run(ContextRunnable.java:37)
	at org.apache.ratis.thirdparty.io.grpc.internal.SerializingExecutor.run(SerializingExecutor.java:133)
	at java.base/java.util.concurrent.ThreadPoolExecutor.runWorker(ThreadPoolExecutor.java:1128)
	at java.base/java.util.concurrent.ThreadPoolExecutor$Worker.run(ThreadPoolExecutor.java:628)
	at java.base/java.lang.Thread.run(Thread.java:829)
2023-02-09 08:26:13,275 [grpc-default-executor-7] INFO  leader.FollowerInfo (FollowerInfoImpl.java:lambda$new$0(52)) - s1@group-5D8BFF2AC38C->s0: nextIndex: updateUnconditionally 202 -> 83
2023-02-09 08:26:13,275 [s2-server-thread1] DEBUG raftlog.RaftLog (SegmentedRaftLog.java:appendImpl(446)) - truncateIndex=-1, arrayIndex=0
2023-02-09 08:26:13,276 [s2@group-5D8BFF2AC38C-StateMachineUpdater] INFO  impl.SimpleStateMachine4Testing (SimpleStateMachine4Testing.java:put(205)) - s2: put 203, m99 -> (t:2, i:203), STATEMACHINELOGENTRY, 485@client-F516C80A2025
2023-02-09 08:26:13,277 [s2-server-thread1] DEBUG raftlog.RaftLog (SegmentedRaftLog.java:appendImpl(446)) - truncateIndex=-1, arrayIndex=0
2023-02-09 08:26:13,277 [grpc-default-executor-5] WARN  server.GrpcServerProtocolService (LogUtils.java:warn(124)) - s0: Failed APPEND_ENTRIES request s1->s0#236-t2,previous=(t:1, i:82),leaderCommit=204,initializing? true,entries: size=122, first=(t:2, i:83), CONFIGURATIONENTRY(current:id: "s0"
address: "localhost:42371"
dataStreamAddress: "localhost:43129"
clientAddress: "localhost:36379"
adminAddress: "localhost:36531"
startupRole: FOLLOWER
,id: "s1"
address: "localhost:35679"
dataStreamAddress: "localhost:42433"
clientAddress: "localhost:41371"
adminAddress: "localhost:44855"
startupRole: FOLLOWER
,id: "s2"
address: "localhost:39787"
dataStreamAddress: "localhost:33651"
clientAddress: "localhost:41113"
adminAddress: "localhost:44467"
startupRole: FOLLOWER
, old:)
java.util.concurrent.CompletionException: java.util.concurrent.RejectedExecutionException: Task java.util.concurrent.CompletableFuture$AsyncSupply@4bb5a4a rejected from java.util.concurrent.ThreadPoolExecutor@4ecb30e4[Terminated, pool size = 0, active threads = 0, queued tasks = 0, completed tasks = 0]
	at java.base/java.util.concurrent.CompletableFuture.encodeThrowable(CompletableFuture.java:314)
	at java.base/java.util.concurrent.CompletableFuture.uniComposeStage(CompletableFuture.java:1113)
	at java.base/java.util.concurrent.CompletableFuture.thenCompose(CompletableFuture.java:2235)
	at org.apache.ratis.server.impl.RaftServerProxy.appendEntriesAsync(RaftServerProxy.java:634)
	at org.apache.ratis.grpc.server.GrpcServerProtocolService$1.process(GrpcServerProtocolService.java:219)
	at org.apache.ratis.grpc.server.GrpcServerProtocolService$1.process(GrpcServerProtocolService.java:216)
	at org.apache.ratis.grpc.server.GrpcServerProtocolService$ServerRequestStreamObserver.onNext(GrpcServerProtocolService.java:124)
	at org.apache.ratis.thirdparty.io.grpc.stub.ServerCalls$StreamingServerCallHandler$StreamingServerCallListener.onMessage(ServerCalls.java:262)
	at org.apache.ratis.thirdparty.io.grpc.ForwardingServerCallListener.onMessage(ForwardingServerCallListener.java:33)
	at org.apache.ratis.thirdparty.io.grpc.internal.ServerCallImpl$ServerStreamListenerImpl.messagesAvailableInternal(ServerCallImpl.java:332)
	at org.apache.ratis.thirdparty.io.grpc.internal.ServerCallImpl$ServerStreamListenerImpl.messagesAvailable(ServerCallImpl.java:315)
	at org.apache.ratis.thirdparty.io.grpc.internal.ServerImpl$JumpToApplicationThreadServerStreamListener$1MessagesAvailable.runInContext(ServerImpl.java:834)
	at org.apache.ratis.thirdparty.io.grpc.internal.ContextRunnable.run(ContextRunnable.java:37)
	at org.apache.ratis.thirdparty.io.grpc.internal.SerializingExecutor.run(SerializingExecutor.java:133)
	at java.base/java.util.concurrent.ThreadPoolExecutor.runWorker(ThreadPoolExecutor.java:1128)
	at java.base/java.util.concurrent.ThreadPoolExecutor$Worker.run(ThreadPoolExecutor.java:628)
	at java.base/java.lang.Thread.run(Thread.java:829)
Caused by: java.util.concurrent.RejectedExecutionException: Task java.util.concurrent.CompletableFuture$AsyncSupply@4bb5a4a rejected from java.util.concurrent.ThreadPoolExecutor@4ecb30e4[Terminated, pool size = 0, active threads = 0, queued tasks = 0, completed tasks = 0]
	at java.base/java.util.concurrent.ThreadPoolExecutor$AbortPolicy.rejectedExecution(ThreadPoolExecutor.java:2055)
	at java.base/java.util.concurrent.ThreadPoolExecutor.reject(ThreadPoolExecutor.java:825)
	at java.base/java.util.concurrent.ThreadPoolExecutor.execute(ThreadPoolExecutor.java:1355)
	at java.base/java.util.concurrent.CompletableFuture.asyncSupplyStage(CompletableFuture.java:1714)
	at java.base/java.util.concurrent.CompletableFuture.supplyAsync(CompletableFuture.java:1931)
	at org.apache.ratis.server.impl.RaftServerImpl.executeSubmitServerRequestAsync(RaftServerImpl.java:817)
	at org.apache.ratis.server.impl.RaftServerProxy.lambda$appendEntriesAsync$27(RaftServerProxy.java:634)
	at java.base/java.util.concurrent.CompletableFuture.uniComposeStage(CompletableFuture.java:1106)
	... 15 more
2023-02-09 08:26:13,278 [s2-server-thread1] DEBUG raftlog.RaftLog (SegmentedRaftLog.java:appendImpl(446)) - truncateIndex=-1, arrayIndex=0
2023-02-09 08:26:13,278 [s1@group-5D8BFF2AC38C-StateMachineUpdater] INFO  impl.SimpleStateMachine4Testing (SimpleStateMachine4Testing.java:put(205)) - s1: put 205, m100 -> (t:2, i:205), STATEMACHINELOGENTRY, 486@client-F516C80A2025
2023-02-09 08:26:13,279 [s2@group-5D8BFF2AC38C-StateMachineUpdater] INFO  impl.SimpleStateMachine4Testing (SimpleStateMachine4Testing.java:put(205)) - s2: put 205, m100 -> (t:2, i:205), STATEMACHINELOGENTRY, 486@client-F516C80A2025
2023-02-09 08:26:13,279 [grpc-default-executor-7] WARN  server.GrpcLogAppender (LogUtils.java:warn(124)) - s1@group-5D8BFF2AC38C->s0-AppendLogResponseHandler: Failed appendEntries
java.util.concurrent.RejectedExecutionException: Task java.util.concurrent.CompletableFuture$AsyncSupply@4bb5a4a rejected from java.util.concurrent.ThreadPoolExecutor@4ecb30e4[Terminated, pool size = 0, active threads = 0, queued tasks = 0, completed tasks = 0]
	at java.base/java.util.concurrent.ThreadPoolExecutor$AbortPolicy.rejectedExecution(ThreadPoolExecutor.java:2055)
	at java.base/java.util.concurrent.ThreadPoolExecutor.reject(ThreadPoolExecutor.java:825)
	at java.base/java.util.concurrent.ThreadPoolExecutor.execute(ThreadPoolExecutor.java:1355)
	at java.base/java.util.concurrent.CompletableFuture.asyncSupplyStage(CompletableFuture.java:1714)
	at java.base/java.util.concurrent.CompletableFuture.supplyAsync(CompletableFuture.java:1931)
	at org.apache.ratis.server.impl.RaftServerImpl.executeSubmitServerRequestAsync(RaftServerImpl.java:817)
	at org.apache.ratis.server.impl.RaftServerProxy.lambda$appendEntriesAsync$27(RaftServerProxy.java:634)
	at java.base/java.util.concurrent.CompletableFuture.uniComposeStage(CompletableFuture.java:1106)
	at java.base/java.util.concurrent.CompletableFuture.thenCompose(CompletableFuture.java:2235)
	at org.apache.ratis.server.impl.RaftServerProxy.appendEntriesAsync(RaftServerProxy.java:634)
	at org.apache.ratis.grpc.server.GrpcServerProtocolService$1.process(GrpcServerProtocolService.java:219)
	at org.apache.ratis.grpc.server.GrpcServerProtocolService$1.process(GrpcServerProtocolService.java:216)
	at org.apache.ratis.grpc.server.GrpcServerProtocolService$ServerRequestStreamObserver.onNext(GrpcServerProtocolService.java:124)
	at org.apache.ratis.thirdparty.io.grpc.stub.ServerCalls$StreamingServerCallHandler$StreamingServerCallListener.onMessage(ServerCalls.java:262)
	at org.apache.ratis.thirdparty.io.grpc.ForwardingServerCallListener.onMessage(ForwardingServerCallListener.java:33)
	at org.apache.ratis.thirdparty.io.grpc.internal.ServerCallImpl$ServerStreamListenerImpl.messagesAvailableInternal(ServerCallImpl.java:332)
	at org.apache.ratis.thirdparty.io.grpc.internal.ServerCallImpl$ServerStreamListenerImpl.messagesAvailable(ServerCallImpl.java:315)
	at org.apache.ratis.thirdparty.io.grpc.internal.ServerImpl$JumpToApplicationThreadServerStreamListener$1MessagesAvailable.runInContext(ServerImpl.java:834)
	at org.apache.ratis.thirdparty.io.grpc.internal.ContextRunnable.run(ContextRunnable.java:37)
	at org.apache.ratis.thirdparty.io.grpc.internal.SerializingExecutor.run(SerializingExecutor.java:133)
	at java.base/java.util.concurrent.ThreadPoolExecutor.runWorker(ThreadPoolExecutor.java:1128)
	at java.base/java.util.concurrent.ThreadPoolExecutor$Worker.run(ThreadPoolExecutor.java:628)
	at java.base/java.lang.Thread.run(Thread.java:829)
2023-02-09 08:26:13,280 [grpc-default-executor-7] INFO  leader.FollowerInfo (FollowerInfoImpl.java:lambda$new$0(52)) - s1@group-5D8BFF2AC38C->s0: nextIndex: updateUnconditionally 205 -> 83
2023-02-09 08:26:13,281 [grpc-default-executor-7] WARN  server.GrpcServerProtocolService (LogUtils.java:warn(124)) - s0: Failed APPEND_ENTRIES request s1->s0#239-t2,previous=(t:1, i:82),leaderCommit=206,initializing? true,entries: size=124, first=(t:2, i:83), CONFIGURATIONENTRY(current:id: "s0"
address: "localhost:42371"
dataStreamAddress: "localhost:43129"
clientAddress: "localhost:36379"
adminAddress: "localhost:36531"
startupRole: FOLLOWER
,id: "s1"
address: "localhost:35679"
dataStreamAddress: "localhost:42433"
clientAddress: "localhost:41371"
adminAddress: "localhost:44855"
startupRole: FOLLOWER
,id: "s2"
address: "localhost:39787"
dataStreamAddress: "localhost:33651"
clientAddress: "localhost:41113"
adminAddress: "localhost:44467"
startupRole: FOLLOWER
, old:)
java.util.concurrent.CompletionException: java.util.concurrent.RejectedExecutionException: Task java.util.concurrent.CompletableFuture$AsyncSupply@6ba454 rejected from java.util.concurrent.ThreadPoolExecutor@4ecb30e4[Terminated, pool size = 0, active threads = 0, queued tasks = 0, completed tasks = 0]
	at java.base/java.util.concurrent.CompletableFuture.encodeThrowable(CompletableFuture.java:314)
	at java.base/java.util.concurrent.CompletableFuture.uniComposeStage(CompletableFuture.java:1113)
	at java.base/java.util.concurrent.CompletableFuture.thenCompose(CompletableFuture.java:2235)
	at org.apache.ratis.server.impl.RaftServerProxy.appendEntriesAsync(RaftServerProxy.java:634)
	at org.apache.ratis.grpc.server.GrpcServerProtocolService$1.process(GrpcServerProtocolService.java:219)
	at org.apache.ratis.grpc.server.GrpcServerProtocolService$1.process(GrpcServerProtocolService.java:216)
	at org.apache.ratis.grpc.server.GrpcServerProtocolService$ServerRequestStreamObserver.onNext(GrpcServerProtocolService.java:124)
	at org.apache.ratis.thirdparty.io.grpc.stub.ServerCalls$StreamingServerCallHandler$StreamingServerCallListener.onMessage(ServerCalls.java:262)
	at org.apache.ratis.thirdparty.io.grpc.ForwardingServerCallListener.onMessage(ForwardingServerCallListener.java:33)
	at org.apache.ratis.thirdparty.io.grpc.internal.ServerCallImpl$ServerStreamListenerImpl.messagesAvailableInternal(ServerCallImpl.java:332)
	at org.apache.ratis.thirdparty.io.grpc.internal.ServerCallImpl$ServerStreamListenerImpl.messagesAvailable(ServerCallImpl.java:315)
	at org.apache.ratis.thirdparty.io.grpc.internal.ServerImpl$JumpToApplicationThreadServerStreamListener$1MessagesAvailable.runInContext(ServerImpl.java:834)
	at org.apache.ratis.thirdparty.io.grpc.internal.ContextRunnable.run(ContextRunnable.java:37)
	at org.apache.ratis.thirdparty.io.grpc.internal.SerializingExecutor.run(SerializingExecutor.java:133)
	at java.base/java.util.concurrent.ThreadPoolExecutor.runWorker(ThreadPoolExecutor.java:1128)
	at java.base/java.util.concurrent.ThreadPoolExecutor$Worker.run(ThreadPoolExecutor.java:628)
	at java.base/java.lang.Thread.run(Thread.java:829)
Caused by: java.util.concurrent.RejectedExecutionException: Task java.util.concurrent.CompletableFuture$AsyncSupply@6ba454 rejected from java.util.concurrent.ThreadPoolExecutor@4ecb30e4[Terminated, pool size = 0, active threads = 0, queued tasks = 0, completed tasks = 0]
	at java.base/java.util.concurrent.ThreadPoolExecutor$AbortPolicy.rejectedExecution(ThreadPoolExecutor.java:2055)
	at java.base/java.util.concurrent.ThreadPoolExecutor.reject(ThreadPoolExecutor.java:825)
	at java.base/java.util.concurrent.ThreadPoolExecutor.execute(ThreadPoolExecutor.java:1355)
	at java.base/java.util.concurrent.CompletableFuture.asyncSupplyStage(CompletableFuture.java:1714)
	at java.base/java.util.concurrent.CompletableFuture.supplyAsync(CompletableFuture.java:1931)
	at org.apache.ratis.server.impl.RaftServerImpl.executeSubmitServerRequestAsync(RaftServerImpl.java:817)
	at org.apache.ratis.server.impl.RaftServerProxy.lambda$appendEntriesAsync$27(RaftServerProxy.java:634)
	at java.base/java.util.concurrent.CompletableFuture.uniComposeStage(CompletableFuture.java:1106)
	... 15 more
2023-02-09 08:26:13,282 [s2-server-thread1] DEBUG raftlog.RaftLog (SegmentedRaftLog.java:appendImpl(446)) - truncateIndex=-1, arrayIndex=0
2023-02-09 08:26:13,283 [grpc-default-executor-7] WARN  server.GrpcLogAppender (LogUtils.java:warn(124)) - s1@group-5D8BFF2AC38C->s0-AppendLogResponseHandler: Failed appendEntries
java.util.concurrent.RejectedExecutionException: Task java.util.concurrent.CompletableFuture$AsyncSupply@6ba454 rejected from java.util.concurrent.ThreadPoolExecutor@4ecb30e4[Terminated, pool size = 0, active threads = 0, queued tasks = 0, completed tasks = 0]
	at java.base/java.util.concurrent.ThreadPoolExecutor$AbortPolicy.rejectedExecution(ThreadPoolExecutor.java:2055)
	at java.base/java.util.concurrent.ThreadPoolExecutor.reject(ThreadPoolExecutor.java:825)
	at java.base/java.util.concurrent.ThreadPoolExecutor.execute(ThreadPoolExecutor.java:1355)
	at java.base/java.util.concurrent.CompletableFuture.asyncSupplyStage(CompletableFuture.java:1714)
	at java.base/java.util.concurrent.CompletableFuture.supplyAsync(CompletableFuture.java:1931)
	at org.apache.ratis.server.impl.RaftServerImpl.executeSubmitServerRequestAsync(RaftServerImpl.java:817)
	at org.apache.ratis.server.impl.RaftServerProxy.lambda$appendEntriesAsync$27(RaftServerProxy.java:634)
	at java.base/java.util.concurrent.CompletableFuture.uniComposeStage(CompletableFuture.java:1106)
	at java.base/java.util.concurrent.CompletableFuture.thenCompose(CompletableFuture.java:2235)
	at org.apache.ratis.server.impl.RaftServerProxy.appendEntriesAsync(RaftServerProxy.java:634)
	at org.apache.ratis.grpc.server.GrpcServerProtocolService$1.process(GrpcServerProtocolService.java:219)
	at org.apache.ratis.grpc.server.GrpcServerProtocolService$1.process(GrpcServerProtocolService.java:216)
	at org.apache.ratis.grpc.server.GrpcServerProtocolService$ServerRequestStreamObserver.onNext(GrpcServerProtocolService.java:124)
	at org.apache.ratis.thirdparty.io.grpc.stub.ServerCalls$StreamingServerCallHandler$StreamingServerCallListener.onMessage(ServerCalls.java:262)
	at org.apache.ratis.thirdparty.io.grpc.ForwardingServerCallListener.onMessage(ForwardingServerCallListener.java:33)
	at org.apache.ratis.thirdparty.io.grpc.internal.ServerCallImpl$ServerStreamListenerImpl.messagesAvailableInternal(ServerCallImpl.java:332)
	at org.apache.ratis.thirdparty.io.grpc.internal.ServerCallImpl$ServerStreamListenerImpl.messagesAvailable(ServerCallImpl.java:315)
	at org.apache.ratis.thirdparty.io.grpc.internal.ServerImpl$JumpToApplicationThreadServerStreamListener$1MessagesAvailable.runInContext(ServerImpl.java:834)
	at org.apache.ratis.thirdparty.io.grpc.internal.ContextRunnable.run(ContextRunnable.java:37)
	at org.apache.ratis.thirdparty.io.grpc.internal.SerializingExecutor.run(SerializingExecutor.java:133)
	at java.base/java.util.concurrent.ThreadPoolExecutor.runWorker(ThreadPoolExecutor.java:1128)
	at java.base/java.util.concurrent.ThreadPoolExecutor$Worker.run(ThreadPoolExecutor.java:628)
	at java.base/java.lang.Thread.run(Thread.java:829)
2023-02-09 08:26:13,283 [grpc-default-executor-7] INFO  leader.FollowerInfo (FollowerInfoImpl.java:lambda$new$0(52)) - s1@group-5D8BFF2AC38C->s0: nextIndex: updateUnconditionally 207 -> 83
2023-02-09 08:26:13,283 [s1@group-5D8BFF2AC38C-StateMachineUpdater] INFO  impl.SimpleStateMachine4Testing (SimpleStateMachine4Testing.java:put(205)) - s1: put 207, m101 -> (t:2, i:207), STATEMACHINELOGENTRY, 487@client-F516C80A2025
2023-02-09 08:26:13,287 [s2-server-thread1] DEBUG raftlog.RaftLog (SegmentedRaftLog.java:appendImpl(446)) - truncateIndex=-1, arrayIndex=0
2023-02-09 08:26:13,287 [s2@group-5D8BFF2AC38C-StateMachineUpdater] INFO  impl.SimpleStateMachine4Testing (SimpleStateMachine4Testing.java:put(205)) - s2: put 207, m101 -> (t:2, i:207), STATEMACHINELOGENTRY, 487@client-F516C80A2025
2023-02-09 08:26:13,287 [grpc-default-executor-5] WARN  server.GrpcServerProtocolService (LogUtils.java:warn(124)) - s0: Failed APPEND_ENTRIES request s1->s0#241-t2,previous=(t:1, i:82),leaderCommit=207,initializing? true,entries: size=127, first=(t:2, i:83), CONFIGURATIONENTRY(current:id: "s0"
address: "localhost:42371"
dataStreamAddress: "localhost:43129"
clientAddress: "localhost:36379"
adminAddress: "localhost:36531"
startupRole: FOLLOWER
,id: "s1"
address: "localhost:35679"
dataStreamAddress: "localhost:42433"
clientAddress: "localhost:41371"
adminAddress: "localhost:44855"
startupRole: FOLLOWER
,id: "s2"
address: "localhost:39787"
dataStreamAddress: "localhost:33651"
clientAddress: "localhost:41113"
adminAddress: "localhost:44467"
startupRole: FOLLOWER
, old:)
java.util.concurrent.CompletionException: java.util.concurrent.RejectedExecutionException: Task java.util.concurrent.CompletableFuture$AsyncSupply@4b4cbf5 rejected from java.util.concurrent.ThreadPoolExecutor@4ecb30e4[Terminated, pool size = 0, active threads = 0, queued tasks = 0, completed tasks = 0]
	at java.base/java.util.concurrent.CompletableFuture.encodeThrowable(CompletableFuture.java:314)
	at java.base/java.util.concurrent.CompletableFuture.uniComposeStage(CompletableFuture.java:1113)
	at java.base/java.util.concurrent.CompletableFuture.thenCompose(CompletableFuture.java:2235)
	at org.apache.ratis.server.impl.RaftServerProxy.appendEntriesAsync(RaftServerProxy.java:634)
	at org.apache.ratis.grpc.server.GrpcServerProtocolService$1.process(GrpcServerProtocolService.java:219)
	at org.apache.ratis.grpc.server.GrpcServerProtocolService$1.process(GrpcServerProtocolService.java:216)
	at org.apache.ratis.grpc.server.GrpcServerProtocolService$ServerRequestStreamObserver.onNext(GrpcServerProtocolService.java:124)
	at org.apache.ratis.thirdparty.io.grpc.stub.ServerCalls$StreamingServerCallHandler$StreamingServerCallListener.onMessage(ServerCalls.java:262)
	at org.apache.ratis.thirdparty.io.grpc.ForwardingServerCallListener.onMessage(ForwardingServerCallListener.java:33)
	at org.apache.ratis.thirdparty.io.grpc.internal.ServerCallImpl$ServerStreamListenerImpl.messagesAvailableInternal(ServerCallImpl.java:332)
	at org.apache.ratis.thirdparty.io.grpc.internal.ServerCallImpl$ServerStreamListenerImpl.messagesAvailable(ServerCallImpl.java:315)
	at org.apache.ratis.thirdparty.io.grpc.internal.ServerImpl$JumpToApplicationThreadServerStreamListener$1MessagesAvailable.runInContext(ServerImpl.java:834)
	at org.apache.ratis.thirdparty.io.grpc.internal.ContextRunnable.run(ContextRunnable.java:37)
	at org.apache.ratis.thirdparty.io.grpc.internal.SerializingExecutor.run(SerializingExecutor.java:133)
	at java.base/java.util.concurrent.ThreadPoolExecutor.runWorker(ThreadPoolExecutor.java:1128)
	at java.base/java.util.concurrent.ThreadPoolExecutor$Worker.run(ThreadPoolExecutor.java:628)
	at java.base/java.lang.Thread.run(Thread.java:829)
Caused by: java.util.concurrent.RejectedExecutionException: Task java.util.concurrent.CompletableFuture$AsyncSupply@4b4cbf5 rejected from java.util.concurrent.ThreadPoolExecutor@4ecb30e4[Terminated, pool size = 0, active threads = 0, queued tasks = 0, completed tasks = 0]
	at java.base/java.util.concurrent.ThreadPoolExecutor$AbortPolicy.rejectedExecution(ThreadPoolExecutor.java:2055)
	at java.base/java.util.concurrent.ThreadPoolExecutor.reject(ThreadPoolExecutor.java:825)
	at java.base/java.util.concurrent.ThreadPoolExecutor.execute(ThreadPoolExecutor.java:1355)
	at java.base/java.util.concurrent.CompletableFuture.asyncSupplyStage(CompletableFuture.java:1714)
	at java.base/java.util.concurrent.CompletableFuture.supplyAsync(CompletableFuture.java:1931)
	at org.apache.ratis.server.impl.RaftServerImpl.executeSubmitServerRequestAsync(RaftServerImpl.java:817)
	at org.apache.ratis.server.impl.RaftServerProxy.lambda$appendEntriesAsync$27(RaftServerProxy.java:634)
	at java.base/java.util.concurrent.CompletableFuture.uniComposeStage(CompletableFuture.java:1106)
	... 15 more
2023-02-09 08:26:13,288 [grpc-default-executor-9] WARN  server.GrpcLogAppender (LogUtils.java:warn(124)) - s1@group-5D8BFF2AC38C->s0-AppendLogResponseHandler: Failed appendEntries
java.util.concurrent.RejectedExecutionException: Task java.util.concurrent.CompletableFuture$AsyncSupply@4b4cbf5 rejected from java.util.concurrent.ThreadPoolExecutor@4ecb30e4[Terminated, pool size = 0, active threads = 0, queued tasks = 0, completed tasks = 0]
	at java.base/java.util.concurrent.ThreadPoolExecutor$AbortPolicy.rejectedExecution(ThreadPoolExecutor.java:2055)
	at java.base/java.util.concurrent.ThreadPoolExecutor.reject(ThreadPoolExecutor.java:825)
	at java.base/java.util.concurrent.ThreadPoolExecutor.execute(ThreadPoolExecutor.java:1355)
	at java.base/java.util.concurrent.CompletableFuture.asyncSupplyStage(CompletableFuture.java:1714)
	at java.base/java.util.concurrent.CompletableFuture.supplyAsync(CompletableFuture.java:1931)
	at org.apache.ratis.server.impl.RaftServerImpl.executeSubmitServerRequestAsync(RaftServerImpl.java:817)
	at org.apache.ratis.server.impl.RaftServerProxy.lambda$appendEntriesAsync$27(RaftServerProxy.java:634)
	at java.base/java.util.concurrent.CompletableFuture.uniComposeStage(CompletableFuture.java:1106)
	at java.base/java.util.concurrent.CompletableFuture.thenCompose(CompletableFuture.java:2235)
	at org.apache.ratis.server.impl.RaftServerProxy.appendEntriesAsync(RaftServerProxy.java:634)
	at org.apache.ratis.grpc.server.GrpcServerProtocolService$1.process(GrpcServerProtocolService.java:219)
	at org.apache.ratis.grpc.server.GrpcServerProtocolService$1.process(GrpcServerProtocolService.java:216)
	at org.apache.ratis.grpc.server.GrpcServerProtocolService$ServerRequestStreamObserver.onNext(GrpcServerProtocolService.java:124)
	at org.apache.ratis.thirdparty.io.grpc.stub.ServerCalls$StreamingServerCallHandler$StreamingServerCallListener.onMessage(ServerCalls.java:262)
	at org.apache.ratis.thirdparty.io.grpc.ForwardingServerCallListener.onMessage(ForwardingServerCallListener.java:33)
	at org.apache.ratis.thirdparty.io.grpc.internal.ServerCallImpl$ServerStreamListenerImpl.messagesAvailableInternal(ServerCallImpl.java:332)
	at org.apache.ratis.thirdparty.io.grpc.internal.ServerCallImpl$ServerStreamListenerImpl.messagesAvailable(ServerCallImpl.java:315)
	at org.apache.ratis.thirdparty.io.grpc.internal.ServerImpl$JumpToApplicationThreadServerStreamListener$1MessagesAvailable.runInContext(ServerImpl.java:834)
	at org.apache.ratis.thirdparty.io.grpc.internal.ContextRunnable.run(ContextRunnable.java:37)
	at org.apache.ratis.thirdparty.io.grpc.internal.SerializingExecutor.run(SerializingExecutor.java:133)
	at java.base/java.util.concurrent.ThreadPoolExecutor.runWorker(ThreadPoolExecutor.java:1128)
	at java.base/java.util.concurrent.ThreadPoolExecutor$Worker.run(ThreadPoolExecutor.java:628)
	at java.base/java.lang.Thread.run(Thread.java:829)
2023-02-09 08:26:13,288 [grpc-default-executor-9] INFO  leader.FollowerInfo (FollowerInfoImpl.java:lambda$new$0(52)) - s1@group-5D8BFF2AC38C->s0: nextIndex: updateUnconditionally 210 -> 83
2023-02-09 08:26:13,289 [s1@group-5D8BFF2AC38C-StateMachineUpdater] INFO  impl.SimpleStateMachine4Testing (SimpleStateMachine4Testing.java:put(205)) - s1: put 209, m102 -> (t:2, i:209), STATEMACHINELOGENTRY, 488@client-F516C80A2025
2023-02-09 08:26:13,290 [s2-server-thread1] DEBUG raftlog.RaftLog (SegmentedRaftLog.java:appendImpl(446)) - truncateIndex=-1, arrayIndex=0
2023-02-09 08:26:13,290 [grpc-default-executor-9] WARN  server.GrpcServerProtocolService (LogUtils.java:warn(124)) - s0: Failed APPEND_ENTRIES request s1->s0#242-t2,previous=(t:1, i:82),leaderCommit=209,initializing? true,entries: size=127, first=(t:2, i:83), CONFIGURATIONENTRY(current:id: "s0"
address: "localhost:42371"
dataStreamAddress: "localhost:43129"
clientAddress: "localhost:36379"
adminAddress: "localhost:36531"
startupRole: FOLLOWER
,id: "s1"
address: "localhost:35679"
dataStreamAddress: "localhost:42433"
clientAddress: "localhost:41371"
adminAddress: "localhost:44855"
startupRole: FOLLOWER
,id: "s2"
address: "localhost:39787"
dataStreamAddress: "localhost:33651"
clientAddress: "localhost:41113"
adminAddress: "localhost:44467"
startupRole: FOLLOWER
, old:)
java.util.concurrent.CompletionException: java.util.concurrent.RejectedExecutionException: Task java.util.concurrent.CompletableFuture$AsyncSupply@4e730ebf rejected from java.util.concurrent.ThreadPoolExecutor@4ecb30e4[Terminated, pool size = 0, active threads = 0, queued tasks = 0, completed tasks = 0]
	at java.base/java.util.concurrent.CompletableFuture.encodeThrowable(CompletableFuture.java:314)
	at java.base/java.util.concurrent.CompletableFuture.uniComposeStage(CompletableFuture.java:1113)
	at java.base/java.util.concurrent.CompletableFuture.thenCompose(CompletableFuture.java:2235)
	at org.apache.ratis.server.impl.RaftServerProxy.appendEntriesAsync(RaftServerProxy.java:634)
	at org.apache.ratis.grpc.server.GrpcServerProtocolService$1.process(GrpcServerProtocolService.java:219)
	at org.apache.ratis.grpc.server.GrpcServerProtocolService$1.process(GrpcServerProtocolService.java:216)
	at org.apache.ratis.grpc.server.GrpcServerProtocolService$ServerRequestStreamObserver.onNext(GrpcServerProtocolService.java:124)
	at org.apache.ratis.thirdparty.io.grpc.stub.ServerCalls$StreamingServerCallHandler$StreamingServerCallListener.onMessage(ServerCalls.java:262)
	at org.apache.ratis.thirdparty.io.grpc.ForwardingServerCallListener.onMessage(ForwardingServerCallListener.java:33)
	at org.apache.ratis.thirdparty.io.grpc.internal.ServerCallImpl$ServerStreamListenerImpl.messagesAvailableInternal(ServerCallImpl.java:332)
	at org.apache.ratis.thirdparty.io.grpc.internal.ServerCallImpl$ServerStreamListenerImpl.messagesAvailable(ServerCallImpl.java:315)
	at org.apache.ratis.thirdparty.io.grpc.internal.ServerImpl$JumpToApplicationThreadServerStreamListener$1MessagesAvailable.runInContext(ServerImpl.java:834)
	at org.apache.ratis.thirdparty.io.grpc.internal.ContextRunnable.run(ContextRunnable.java:37)
	at org.apache.ratis.thirdparty.io.grpc.internal.SerializingExecutor.run(SerializingExecutor.java:133)
	at java.base/java.util.concurrent.ThreadPoolExecutor.runWorker(ThreadPoolExecutor.java:1128)
	at java.base/java.util.concurrent.ThreadPoolExecutor$Worker.run(ThreadPoolExecutor.java:628)
	at java.base/java.lang.Thread.run(Thread.java:829)
Caused by: java.util.concurrent.RejectedExecutionException: Task java.util.concurrent.CompletableFuture$AsyncSupply@4e730ebf rejected from java.util.concurrent.ThreadPoolExecutor@4ecb30e4[Terminated, pool size = 0, active threads = 0, queued tasks = 0, completed tasks = 0]
	at java.base/java.util.concurrent.ThreadPoolExecutor$AbortPolicy.rejectedExecution(ThreadPoolExecutor.java:2055)
	at java.base/java.util.concurrent.ThreadPoolExecutor.reject(ThreadPoolExecutor.java:825)
	at java.base/java.util.concurrent.ThreadPoolExecutor.execute(ThreadPoolExecutor.java:1355)
	at java.base/java.util.concurrent.CompletableFuture.asyncSupplyStage(CompletableFuture.java:1714)
	at java.base/java.util.concurrent.CompletableFuture.supplyAsync(CompletableFuture.java:1931)
	at org.apache.ratis.server.impl.RaftServerImpl.executeSubmitServerRequestAsync(RaftServerImpl.java:817)
	at org.apache.ratis.server.impl.RaftServerProxy.lambda$appendEntriesAsync$27(RaftServerProxy.java:634)
	at java.base/java.util.concurrent.CompletableFuture.uniComposeStage(CompletableFuture.java:1106)
	... 15 more
2023-02-09 08:26:13,291 [s2@group-5D8BFF2AC38C-StateMachineUpdater] INFO  impl.SimpleStateMachine4Testing (SimpleStateMachine4Testing.java:put(205)) - s2: put 209, m102 -> (t:2, i:209), STATEMACHINELOGENTRY, 488@client-F516C80A2025
2023-02-09 08:26:13,291 [grpc-default-executor-7] WARN  server.GrpcLogAppender (LogUtils.java:warn(124)) - s1@group-5D8BFF2AC38C->s0-AppendLogResponseHandler: Failed appendEntries
java.util.concurrent.RejectedExecutionException: Task java.util.concurrent.CompletableFuture$AsyncSupply@4e730ebf rejected from java.util.concurrent.ThreadPoolExecutor@4ecb30e4[Terminated, pool size = 0, active threads = 0, queued tasks = 0, completed tasks = 0]
	at java.base/java.util.concurrent.ThreadPoolExecutor$AbortPolicy.rejectedExecution(ThreadPoolExecutor.java:2055)
	at java.base/java.util.concurrent.ThreadPoolExecutor.reject(ThreadPoolExecutor.java:825)
	at java.base/java.util.concurrent.ThreadPoolExecutor.execute(ThreadPoolExecutor.java:1355)
	at java.base/java.util.concurrent.CompletableFuture.asyncSupplyStage(CompletableFuture.java:1714)
	at java.base/java.util.concurrent.CompletableFuture.supplyAsync(CompletableFuture.java:1931)
	at org.apache.ratis.server.impl.RaftServerImpl.executeSubmitServerRequestAsync(RaftServerImpl.java:817)
	at org.apache.ratis.server.impl.RaftServerProxy.lambda$appendEntriesAsync$27(RaftServerProxy.java:634)
	at java.base/java.util.concurrent.CompletableFuture.uniComposeStage(CompletableFuture.java:1106)
	at java.base/java.util.concurrent.CompletableFuture.thenCompose(CompletableFuture.java:2235)
	at org.apache.ratis.server.impl.RaftServerProxy.appendEntriesAsync(RaftServerProxy.java:634)
	at org.apache.ratis.grpc.server.GrpcServerProtocolService$1.process(GrpcServerProtocolService.java:219)
	at org.apache.ratis.grpc.server.GrpcServerProtocolService$1.process(GrpcServerProtocolService.java:216)
	at org.apache.ratis.grpc.server.GrpcServerProtocolService$ServerRequestStreamObserver.onNext(GrpcServerProtocolService.java:124)
	at org.apache.ratis.thirdparty.io.grpc.stub.ServerCalls$StreamingServerCallHandler$StreamingServerCallListener.onMessage(ServerCalls.java:262)
	at org.apache.ratis.thirdparty.io.grpc.ForwardingServerCallListener.onMessage(ForwardingServerCallListener.java:33)
	at org.apache.ratis.thirdparty.io.grpc.internal.ServerCallImpl$ServerStreamListenerImpl.messagesAvailableInternal(ServerCallImpl.java:332)
	at org.apache.ratis.thirdparty.io.grpc.internal.ServerCallImpl$ServerStreamListenerImpl.messagesAvailable(ServerCallImpl.java:315)
	at org.apache.ratis.thirdparty.io.grpc.internal.ServerImpl$JumpToApplicationThreadServerStreamListener$1MessagesAvailable.runInContext(ServerImpl.java:834)
	at org.apache.ratis.thirdparty.io.grpc.internal.ContextRunnable.run(ContextRunnable.java:37)
	at org.apache.ratis.thirdparty.io.grpc.internal.SerializingExecutor.run(SerializingExecutor.java:133)
	at java.base/java.util.concurrent.ThreadPoolExecutor.runWorker(ThreadPoolExecutor.java:1128)
	at java.base/java.util.concurrent.ThreadPoolExecutor$Worker.run(ThreadPoolExecutor.java:628)
	at java.base/java.lang.Thread.run(Thread.java:829)
2023-02-09 08:26:13,291 [grpc-default-executor-7] INFO  leader.FollowerInfo (FollowerInfoImpl.java:lambda$new$0(52)) - s1@group-5D8BFF2AC38C->s0: nextIndex: updateUnconditionally 210 -> 83
2023-02-09 08:26:13,293 [s2-server-thread1] DEBUG raftlog.RaftLog (SegmentedRaftLog.java:appendImpl(446)) - truncateIndex=-1, arrayIndex=0
2023-02-09 08:26:13,294 [grpc-default-executor-5] WARN  server.GrpcServerProtocolService (LogUtils.java:warn(124)) - s0: Failed APPEND_ENTRIES request s1->s0#244-t2,previous=(t:1, i:82),leaderCommit=210,initializing? true,entries: size=129, first=(t:2, i:83), CONFIGURATIONENTRY(current:id: "s0"
address: "localhost:42371"
dataStreamAddress: "localhost:43129"
clientAddress: "localhost:36379"
adminAddress: "localhost:36531"
startupRole: FOLLOWER
,id: "s1"
address: "localhost:35679"
dataStreamAddress: "localhost:42433"
clientAddress: "localhost:41371"
adminAddress: "localhost:44855"
startupRole: FOLLOWER
,id: "s2"
address: "localhost:39787"
dataStreamAddress: "localhost:33651"
clientAddress: "localhost:41113"
adminAddress: "localhost:44467"
startupRole: FOLLOWER
, old:)
java.util.concurrent.CompletionException: java.util.concurrent.RejectedExecutionException: Task java.util.concurrent.CompletableFuture$AsyncSupply@223a93be rejected from java.util.concurrent.ThreadPoolExecutor@4ecb30e4[Terminated, pool size = 0, active threads = 0, queued tasks = 0, completed tasks = 0]
	at java.base/java.util.concurrent.CompletableFuture.encodeThrowable(CompletableFuture.java:314)
	at java.base/java.util.concurrent.CompletableFuture.uniComposeStage(CompletableFuture.java:1113)
	at java.base/java.util.concurrent.CompletableFuture.thenCompose(CompletableFuture.java:2235)
	at org.apache.ratis.server.impl.RaftServerProxy.appendEntriesAsync(RaftServerProxy.java:634)
	at org.apache.ratis.grpc.server.GrpcServerProtocolService$1.process(GrpcServerProtocolService.java:219)
	at org.apache.ratis.grpc.server.GrpcServerProtocolService$1.process(GrpcServerProtocolService.java:216)
	at org.apache.ratis.grpc.server.GrpcServerProtocolService$ServerRequestStreamObserver.onNext(GrpcServerProtocolService.java:124)
	at org.apache.ratis.thirdparty.io.grpc.stub.ServerCalls$StreamingServerCallHandler$StreamingServerCallListener.onMessage(ServerCalls.java:262)
	at org.apache.ratis.thirdparty.io.grpc.ForwardingServerCallListener.onMessage(ForwardingServerCallListener.java:33)
	at org.apache.ratis.thirdparty.io.grpc.internal.ServerCallImpl$ServerStreamListenerImpl.messagesAvailableInternal(ServerCallImpl.java:332)
	at org.apache.ratis.thirdparty.io.grpc.internal.ServerCallImpl$ServerStreamListenerImpl.messagesAvailable(ServerCallImpl.java:315)
	at org.apache.ratis.thirdparty.io.grpc.internal.ServerImpl$JumpToApplicationThreadServerStreamListener$1MessagesAvailable.runInContext(ServerImpl.java:834)
	at org.apache.ratis.thirdparty.io.grpc.internal.ContextRunnable.run(ContextRunnable.java:37)
	at org.apache.ratis.thirdparty.io.grpc.internal.SerializingExecutor.run(SerializingExecutor.java:133)
	at java.base/java.util.concurrent.ThreadPoolExecutor.runWorker(ThreadPoolExecutor.java:1128)
	at java.base/java.util.concurrent.ThreadPoolExecutor$Worker.run(ThreadPoolExecutor.java:628)
	at java.base/java.lang.Thread.run(Thread.java:829)
Caused by: java.util.concurrent.RejectedExecutionException: Task java.util.concurrent.CompletableFuture$AsyncSupply@223a93be rejected from java.util.concurrent.ThreadPoolExecutor@4ecb30e4[Terminated, pool size = 0, active threads = 0, queued tasks = 0, completed tasks = 0]
	at java.base/java.util.concurrent.ThreadPoolExecutor$AbortPolicy.rejectedExecution(ThreadPoolExecutor.java:2055)
	at java.base/java.util.concurrent.ThreadPoolExecutor.reject(ThreadPoolExecutor.java:825)
	at java.base/java.util.concurrent.ThreadPoolExecutor.execute(ThreadPoolExecutor.java:1355)
	at java.base/java.util.concurrent.CompletableFuture.asyncSupplyStage(CompletableFuture.java:1714)
	at java.base/java.util.concurrent.CompletableFuture.supplyAsync(CompletableFuture.java:1931)
	at org.apache.ratis.server.impl.RaftServerImpl.executeSubmitServerRequestAsync(RaftServerImpl.java:817)
	at org.apache.ratis.server.impl.RaftServerProxy.lambda$appendEntriesAsync$27(RaftServerProxy.java:634)
	at java.base/java.util.concurrent.CompletableFuture.uniComposeStage(CompletableFuture.java:1106)
	... 15 more
2023-02-09 08:26:13,295 [grpc-default-executor-9] WARN  server.GrpcLogAppender (LogUtils.java:warn(124)) - s1@group-5D8BFF2AC38C->s0-AppendLogResponseHandler: Failed appendEntries
java.util.concurrent.RejectedExecutionException: Task java.util.concurrent.CompletableFuture$AsyncSupply@223a93be rejected from java.util.concurrent.ThreadPoolExecutor@4ecb30e4[Terminated, pool size = 0, active threads = 0, queued tasks = 0, completed tasks = 0]
	at java.base/java.util.concurrent.ThreadPoolExecutor$AbortPolicy.rejectedExecution(ThreadPoolExecutor.java:2055)
	at java.base/java.util.concurrent.ThreadPoolExecutor.reject(ThreadPoolExecutor.java:825)
	at java.base/java.util.concurrent.ThreadPoolExecutor.execute(ThreadPoolExecutor.java:1355)
	at java.base/java.util.concurrent.CompletableFuture.asyncSupplyStage(CompletableFuture.java:1714)
	at java.base/java.util.concurrent.CompletableFuture.supplyAsync(CompletableFuture.java:1931)
	at org.apache.ratis.server.impl.RaftServerImpl.executeSubmitServerRequestAsync(RaftServerImpl.java:817)
	at org.apache.ratis.server.impl.RaftServerProxy.lambda$appendEntriesAsync$27(RaftServerProxy.java:634)
	at java.base/java.util.concurrent.CompletableFuture.uniComposeStage(CompletableFuture.java:1106)
	at java.base/java.util.concurrent.CompletableFuture.thenCompose(CompletableFuture.java:2235)
	at org.apache.ratis.server.impl.RaftServerProxy.appendEntriesAsync(RaftServerProxy.java:634)
	at org.apache.ratis.grpc.server.GrpcServerProtocolService$1.process(GrpcServerProtocolService.java:219)
	at org.apache.ratis.grpc.server.GrpcServerProtocolService$1.process(GrpcServerProtocolService.java:216)
	at org.apache.ratis.grpc.server.GrpcServerProtocolService$ServerRequestStreamObserver.onNext(GrpcServerProtocolService.java:124)
	at org.apache.ratis.thirdparty.io.grpc.stub.ServerCalls$StreamingServerCallHandler$StreamingServerCallListener.onMessage(ServerCalls.java:262)
	at org.apache.ratis.thirdparty.io.grpc.ForwardingServerCallListener.onMessage(ForwardingServerCallListener.java:33)
	at org.apache.ratis.thirdparty.io.grpc.internal.ServerCallImpl$ServerStreamListenerImpl.messagesAvailableInternal(ServerCallImpl.java:332)
	at org.apache.ratis.thirdparty.io.grpc.internal.ServerCallImpl$ServerStreamListenerImpl.messagesAvailable(ServerCallImpl.java:315)
	at org.apache.ratis.thirdparty.io.grpc.internal.ServerImpl$JumpToApplicationThreadServerStreamListener$1MessagesAvailable.runInContext(ServerImpl.java:834)
	at org.apache.ratis.thirdparty.io.grpc.internal.ContextRunnable.run(ContextRunnable.java:37)
	at org.apache.ratis.thirdparty.io.grpc.internal.SerializingExecutor.run(SerializingExecutor.java:133)
	at java.base/java.util.concurrent.ThreadPoolExecutor.runWorker(ThreadPoolExecutor.java:1128)
	at java.base/java.util.concurrent.ThreadPoolExecutor$Worker.run(ThreadPoolExecutor.java:628)
	at java.base/java.lang.Thread.run(Thread.java:829)
2023-02-09 08:26:13,295 [grpc-default-executor-9] INFO  leader.FollowerInfo (FollowerInfoImpl.java:lambda$new$0(52)) - s1@group-5D8BFF2AC38C->s0: nextIndex: updateUnconditionally 212 -> 83
2023-02-09 08:26:13,295 [s1@group-5D8BFF2AC38C-StateMachineUpdater] INFO  impl.SimpleStateMachine4Testing (SimpleStateMachine4Testing.java:put(205)) - s1: put 211, m103 -> (t:2, i:211), STATEMACHINELOGENTRY, 489@client-F516C80A2025
2023-02-09 08:26:13,296 [s2-server-thread1] DEBUG raftlog.RaftLog (SegmentedRaftLog.java:appendImpl(446)) - truncateIndex=-1, arrayIndex=0
2023-02-09 08:26:13,296 [s2@group-5D8BFF2AC38C-StateMachineUpdater] INFO  impl.SimpleStateMachine4Testing (SimpleStateMachine4Testing.java:put(205)) - s2: put 211, m103 -> (t:2, i:211), STATEMACHINELOGENTRY, 489@client-F516C80A2025
2023-02-09 08:26:13,297 [grpc-default-executor-5] WARN  server.GrpcServerProtocolService (LogUtils.java:warn(124)) - s0: Failed APPEND_ENTRIES request s1->s0#245-t2,previous=(t:1, i:82),leaderCommit=211,initializing? true,entries: size=129, first=(t:2, i:83), CONFIGURATIONENTRY(current:id: "s0"
address: "localhost:42371"
dataStreamAddress: "localhost:43129"
clientAddress: "localhost:36379"
adminAddress: "localhost:36531"
startupRole: FOLLOWER
,id: "s1"
address: "localhost:35679"
dataStreamAddress: "localhost:42433"
clientAddress: "localhost:41371"
adminAddress: "localhost:44855"
startupRole: FOLLOWER
,id: "s2"
address: "localhost:39787"
dataStreamAddress: "localhost:33651"
clientAddress: "localhost:41113"
adminAddress: "localhost:44467"
startupRole: FOLLOWER
, old:)
java.util.concurrent.CompletionException: java.util.concurrent.RejectedExecutionException: Task java.util.concurrent.CompletableFuture$AsyncSupply@e534717 rejected from java.util.concurrent.ThreadPoolExecutor@4ecb30e4[Terminated, pool size = 0, active threads = 0, queued tasks = 0, completed tasks = 0]
	at java.base/java.util.concurrent.CompletableFuture.encodeThrowable(CompletableFuture.java:314)
	at java.base/java.util.concurrent.CompletableFuture.uniComposeStage(CompletableFuture.java:1113)
	at java.base/java.util.concurrent.CompletableFuture.thenCompose(CompletableFuture.java:2235)
	at org.apache.ratis.server.impl.RaftServerProxy.appendEntriesAsync(RaftServerProxy.java:634)
	at org.apache.ratis.grpc.server.GrpcServerProtocolService$1.process(GrpcServerProtocolService.java:219)
	at org.apache.ratis.grpc.server.GrpcServerProtocolService$1.process(GrpcServerProtocolService.java:216)
	at org.apache.ratis.grpc.server.GrpcServerProtocolService$ServerRequestStreamObserver.onNext(GrpcServerProtocolService.java:124)
	at org.apache.ratis.thirdparty.io.grpc.stub.ServerCalls$StreamingServerCallHandler$StreamingServerCallListener.onMessage(ServerCalls.java:262)
	at org.apache.ratis.thirdparty.io.grpc.ForwardingServerCallListener.onMessage(ForwardingServerCallListener.java:33)
	at org.apache.ratis.thirdparty.io.grpc.internal.ServerCallImpl$ServerStreamListenerImpl.messagesAvailableInternal(ServerCallImpl.java:332)
	at org.apache.ratis.thirdparty.io.grpc.internal.ServerCallImpl$ServerStreamListenerImpl.messagesAvailable(ServerCallImpl.java:315)
	at org.apache.ratis.thirdparty.io.grpc.internal.ServerImpl$JumpToApplicationThreadServerStreamListener$1MessagesAvailable.runInContext(ServerImpl.java:834)
	at org.apache.ratis.thirdparty.io.grpc.internal.ContextRunnable.run(ContextRunnable.java:37)
	at org.apache.ratis.thirdparty.io.grpc.internal.SerializingExecutor.run(SerializingExecutor.java:133)
	at java.base/java.util.concurrent.ThreadPoolExecutor.runWorker(ThreadPoolExecutor.java:1128)
	at java.base/java.util.concurrent.ThreadPoolExecutor$Worker.run(ThreadPoolExecutor.java:628)
	at java.base/java.lang.Thread.run(Thread.java:829)
Caused by: java.util.concurrent.RejectedExecutionException: Task java.util.concurrent.CompletableFuture$AsyncSupply@e534717 rejected from java.util.concurrent.ThreadPoolExecutor@4ecb30e4[Terminated, pool size = 0, active threads = 0, queued tasks = 0, completed tasks = 0]
	at java.base/java.util.concurrent.ThreadPoolExecutor$AbortPolicy.rejectedExecution(ThreadPoolExecutor.java:2055)
	at java.base/java.util.concurrent.ThreadPoolExecutor.reject(ThreadPoolExecutor.java:825)
	at java.base/java.util.concurrent.ThreadPoolExecutor.execute(ThreadPoolExecutor.java:1355)
	at java.base/java.util.concurrent.CompletableFuture.asyncSupplyStage(CompletableFuture.java:1714)
	at java.base/java.util.concurrent.CompletableFuture.supplyAsync(CompletableFuture.java:1931)
	at org.apache.ratis.server.impl.RaftServerImpl.executeSubmitServerRequestAsync(RaftServerImpl.java:817)
	at org.apache.ratis.server.impl.RaftServerProxy.lambda$appendEntriesAsync$27(RaftServerProxy.java:634)
	at java.base/java.util.concurrent.CompletableFuture.uniComposeStage(CompletableFuture.java:1106)
	... 15 more
2023-02-09 08:26:13,298 [grpc-default-executor-7] WARN  server.GrpcLogAppender (LogUtils.java:warn(124)) - s1@group-5D8BFF2AC38C->s0-AppendLogResponseHandler: Failed appendEntries
java.util.concurrent.RejectedExecutionException: Task java.util.concurrent.CompletableFuture$AsyncSupply@e534717 rejected from java.util.concurrent.ThreadPoolExecutor@4ecb30e4[Terminated, pool size = 0, active threads = 0, queued tasks = 0, completed tasks = 0]
	at java.base/java.util.concurrent.ThreadPoolExecutor$AbortPolicy.rejectedExecution(ThreadPoolExecutor.java:2055)
	at java.base/java.util.concurrent.ThreadPoolExecutor.reject(ThreadPoolExecutor.java:825)
	at java.base/java.util.concurrent.ThreadPoolExecutor.execute(ThreadPoolExecutor.java:1355)
	at java.base/java.util.concurrent.CompletableFuture.asyncSupplyStage(CompletableFuture.java:1714)
	at java.base/java.util.concurrent.CompletableFuture.supplyAsync(CompletableFuture.java:1931)
	at org.apache.ratis.server.impl.RaftServerImpl.executeSubmitServerRequestAsync(RaftServerImpl.java:817)
	at org.apache.ratis.server.impl.RaftServerProxy.lambda$appendEntriesAsync$27(RaftServerProxy.java:634)
	at java.base/java.util.concurrent.CompletableFuture.uniComposeStage(CompletableFuture.java:1106)
	at java.base/java.util.concurrent.CompletableFuture.thenCompose(CompletableFuture.java:2235)
	at org.apache.ratis.server.impl.RaftServerProxy.appendEntriesAsync(RaftServerProxy.java:634)
	at org.apache.ratis.grpc.server.GrpcServerProtocolService$1.process(GrpcServerProtocolService.java:219)
	at org.apache.ratis.grpc.server.GrpcServerProtocolService$1.process(GrpcServerProtocolService.java:216)
	at org.apache.ratis.grpc.server.GrpcServerProtocolService$ServerRequestStreamObserver.onNext(GrpcServerProtocolService.java:124)
	at org.apache.ratis.thirdparty.io.grpc.stub.ServerCalls$StreamingServerCallHandler$StreamingServerCallListener.onMessage(ServerCalls.java:262)
	at org.apache.ratis.thirdparty.io.grpc.ForwardingServerCallListener.onMessage(ForwardingServerCallListener.java:33)
	at org.apache.ratis.thirdparty.io.grpc.internal.ServerCallImpl$ServerStreamListenerImpl.messagesAvailableInternal(ServerCallImpl.java:332)
	at org.apache.ratis.thirdparty.io.grpc.internal.ServerCallImpl$ServerStreamListenerImpl.messagesAvailable(ServerCallImpl.java:315)
	at org.apache.ratis.thirdparty.io.grpc.internal.ServerImpl$JumpToApplicationThreadServerStreamListener$1MessagesAvailable.runInContext(ServerImpl.java:834)
	at org.apache.ratis.thirdparty.io.grpc.internal.ContextRunnable.run(ContextRunnable.java:37)
	at org.apache.ratis.thirdparty.io.grpc.internal.SerializingExecutor.run(SerializingExecutor.java:133)
	at java.base/java.util.concurrent.ThreadPoolExecutor.runWorker(ThreadPoolExecutor.java:1128)
	at java.base/java.util.concurrent.ThreadPoolExecutor$Worker.run(ThreadPoolExecutor.java:628)
	at java.base/java.lang.Thread.run(Thread.java:829)
2023-02-09 08:26:13,298 [grpc-default-executor-7] INFO  leader.FollowerInfo (FollowerInfoImpl.java:lambda$new$0(52)) - s1@group-5D8BFF2AC38C->s0: nextIndex: updateUnconditionally 212 -> 83
2023-02-09 08:26:13,299 [s2-server-thread1] DEBUG raftlog.RaftLog (SegmentedRaftLog.java:appendImpl(446)) - truncateIndex=-1, arrayIndex=0
2023-02-09 08:26:13,300 [grpc-default-executor-5] WARN  server.GrpcServerProtocolService (LogUtils.java:warn(124)) - s0: Failed APPEND_ENTRIES request s1->s0#247-t2,previous=(t:1, i:82),leaderCommit=212,initializing? true,entries: size=131, first=(t:2, i:83), CONFIGURATIONENTRY(current:id: "s0"
address: "localhost:42371"
dataStreamAddress: "localhost:43129"
clientAddress: "localhost:36379"
adminAddress: "localhost:36531"
startupRole: FOLLOWER
,id: "s1"
address: "localhost:35679"
dataStreamAddress: "localhost:42433"
clientAddress: "localhost:41371"
adminAddress: "localhost:44855"
startupRole: FOLLOWER
,id: "s2"
address: "localhost:39787"
dataStreamAddress: "localhost:33651"
clientAddress: "localhost:41113"
adminAddress: "localhost:44467"
startupRole: FOLLOWER
, old:)
java.util.concurrent.CompletionException: java.util.concurrent.RejectedExecutionException: Task java.util.concurrent.CompletableFuture$AsyncSupply@3ef62418 rejected from java.util.concurrent.ThreadPoolExecutor@4ecb30e4[Terminated, pool size = 0, active threads = 0, queued tasks = 0, completed tasks = 0]
	at java.base/java.util.concurrent.CompletableFuture.encodeThrowable(CompletableFuture.java:314)
	at java.base/java.util.concurrent.CompletableFuture.uniComposeStage(CompletableFuture.java:1113)
	at java.base/java.util.concurrent.CompletableFuture.thenCompose(CompletableFuture.java:2235)
	at org.apache.ratis.server.impl.RaftServerProxy.appendEntriesAsync(RaftServerProxy.java:634)
	at org.apache.ratis.grpc.server.GrpcServerProtocolService$1.process(GrpcServerProtocolService.java:219)
	at org.apache.ratis.grpc.server.GrpcServerProtocolService$1.process(GrpcServerProtocolService.java:216)
	at org.apache.ratis.grpc.server.GrpcServerProtocolService$ServerRequestStreamObserver.onNext(GrpcServerProtocolService.java:124)
	at org.apache.ratis.thirdparty.io.grpc.stub.ServerCalls$StreamingServerCallHandler$StreamingServerCallListener.onMessage(ServerCalls.java:262)
	at org.apache.ratis.thirdparty.io.grpc.ForwardingServerCallListener.onMessage(ForwardingServerCallListener.java:33)
	at org.apache.ratis.thirdparty.io.grpc.internal.ServerCallImpl$ServerStreamListenerImpl.messagesAvailableInternal(ServerCallImpl.java:332)
	at org.apache.ratis.thirdparty.io.grpc.internal.ServerCallImpl$ServerStreamListenerImpl.messagesAvailable(ServerCallImpl.java:315)
	at org.apache.ratis.thirdparty.io.grpc.internal.ServerImpl$JumpToApplicationThreadServerStreamListener$1MessagesAvailable.runInContext(ServerImpl.java:834)
	at org.apache.ratis.thirdparty.io.grpc.internal.ContextRunnable.run(ContextRunnable.java:37)
	at org.apache.ratis.thirdparty.io.grpc.internal.SerializingExecutor.run(SerializingExecutor.java:133)
	at java.base/java.util.concurrent.ThreadPoolExecutor.runWorker(ThreadPoolExecutor.java:1128)
	at java.base/java.util.concurrent.ThreadPoolExecutor$Worker.run(ThreadPoolExecutor.java:628)
	at java.base/java.lang.Thread.run(Thread.java:829)
Caused by: java.util.concurrent.RejectedExecutionException: Task java.util.concurrent.CompletableFuture$AsyncSupply@3ef62418 rejected from java.util.concurrent.ThreadPoolExecutor@4ecb30e4[Terminated, pool size = 0, active threads = 0, queued tasks = 0, completed tasks = 0]
	at java.base/java.util.concurrent.ThreadPoolExecutor$AbortPolicy.rejectedExecution(ThreadPoolExecutor.java:2055)
	at java.base/java.util.concurrent.ThreadPoolExecutor.reject(ThreadPoolExecutor.java:825)
	at java.base/java.util.concurrent.ThreadPoolExecutor.execute(ThreadPoolExecutor.java:1355)
	at java.base/java.util.concurrent.CompletableFuture.asyncSupplyStage(CompletableFuture.java:1714)
	at java.base/java.util.concurrent.CompletableFuture.supplyAsync(CompletableFuture.java:1931)
	at org.apache.ratis.server.impl.RaftServerImpl.executeSubmitServerRequestAsync(RaftServerImpl.java:817)
	at org.apache.ratis.server.impl.RaftServerProxy.lambda$appendEntriesAsync$27(RaftServerProxy.java:634)
	at java.base/java.util.concurrent.CompletableFuture.uniComposeStage(CompletableFuture.java:1106)
	... 15 more
2023-02-09 08:26:13,301 [s2-server-thread1] DEBUG raftlog.RaftLog (SegmentedRaftLog.java:appendImpl(446)) - truncateIndex=-1, arrayIndex=0
2023-02-09 08:26:13,300 [s1@group-5D8BFF2AC38C-StateMachineUpdater] INFO  impl.SimpleStateMachine4Testing (SimpleStateMachine4Testing.java:put(205)) - s1: put 213, m104 -> (t:2, i:213), STATEMACHINELOGENTRY, 490@client-F516C80A2025
2023-02-09 08:26:13,301 [s2@group-5D8BFF2AC38C-StateMachineUpdater] INFO  impl.SimpleStateMachine4Testing (SimpleStateMachine4Testing.java:put(205)) - s2: put 213, m104 -> (t:2, i:213), STATEMACHINELOGENTRY, 490@client-F516C80A2025
2023-02-09 08:26:13,302 [grpc-default-executor-7] WARN  server.GrpcLogAppender (LogUtils.java:warn(124)) - s1@group-5D8BFF2AC38C->s0-AppendLogResponseHandler: Failed appendEntries
java.util.concurrent.RejectedExecutionException: Task java.util.concurrent.CompletableFuture$AsyncSupply@3ef62418 rejected from java.util.concurrent.ThreadPoolExecutor@4ecb30e4[Terminated, pool size = 0, active threads = 0, queued tasks = 0, completed tasks = 0]
	at java.base/java.util.concurrent.ThreadPoolExecutor$AbortPolicy.rejectedExecution(ThreadPoolExecutor.java:2055)
	at java.base/java.util.concurrent.ThreadPoolExecutor.reject(ThreadPoolExecutor.java:825)
	at java.base/java.util.concurrent.ThreadPoolExecutor.execute(ThreadPoolExecutor.java:1355)
	at java.base/java.util.concurrent.CompletableFuture.asyncSupplyStage(CompletableFuture.java:1714)
	at java.base/java.util.concurrent.CompletableFuture.supplyAsync(CompletableFuture.java:1931)
	at org.apache.ratis.server.impl.RaftServerImpl.executeSubmitServerRequestAsync(RaftServerImpl.java:817)
	at org.apache.ratis.server.impl.RaftServerProxy.lambda$appendEntriesAsync$27(RaftServerProxy.java:634)
	at java.base/java.util.concurrent.CompletableFuture.uniComposeStage(CompletableFuture.java:1106)
	at java.base/java.util.concurrent.CompletableFuture.thenCompose(CompletableFuture.java:2235)
	at org.apache.ratis.server.impl.RaftServerProxy.appendEntriesAsync(RaftServerProxy.java:634)
	at org.apache.ratis.grpc.server.GrpcServerProtocolService$1.process(GrpcServerProtocolService.java:219)
	at org.apache.ratis.grpc.server.GrpcServerProtocolService$1.process(GrpcServerProtocolService.java:216)
	at org.apache.ratis.grpc.server.GrpcServerProtocolService$ServerRequestStreamObserver.onNext(GrpcServerProtocolService.java:124)
	at org.apache.ratis.thirdparty.io.grpc.stub.ServerCalls$StreamingServerCallHandler$StreamingServerCallListener.onMessage(ServerCalls.java:262)
	at org.apache.ratis.thirdparty.io.grpc.ForwardingServerCallListener.onMessage(ForwardingServerCallListener.java:33)
	at org.apache.ratis.thirdparty.io.grpc.internal.ServerCallImpl$ServerStreamListenerImpl.messagesAvailableInternal(ServerCallImpl.java:332)
	at org.apache.ratis.thirdparty.io.grpc.internal.ServerCallImpl$ServerStreamListenerImpl.messagesAvailable(ServerCallImpl.java:315)
	at org.apache.ratis.thirdparty.io.grpc.internal.ServerImpl$JumpToApplicationThreadServerStreamListener$1MessagesAvailable.runInContext(ServerImpl.java:834)
	at org.apache.ratis.thirdparty.io.grpc.internal.ContextRunnable.run(ContextRunnable.java:37)
	at org.apache.ratis.thirdparty.io.grpc.internal.SerializingExecutor.run(SerializingExecutor.java:133)
	at java.base/java.util.concurrent.ThreadPoolExecutor.runWorker(ThreadPoolExecutor.java:1128)
	at java.base/java.util.concurrent.ThreadPoolExecutor$Worker.run(ThreadPoolExecutor.java:628)
	at java.base/java.lang.Thread.run(Thread.java:829)
2023-02-09 08:26:13,303 [grpc-default-executor-7] INFO  leader.FollowerInfo (FollowerInfoImpl.java:lambda$new$0(52)) - s1@group-5D8BFF2AC38C->s0: nextIndex: updateUnconditionally 214 -> 83
2023-02-09 08:26:13,303 [s1-client-thread1] INFO  segmented.SegmentedRaftLogWorker (SegmentedRaftLogWorker.java:rollLogSegment(436)) - s1@group-5D8BFF2AC38C-SegmentedRaftLogWorker: Rolling segment log-188_214 to index:214
2023-02-09 08:26:13,304 [s1@group-5D8BFF2AC38C-SegmentedRaftLogWorker] TRACE util.FileUtils (LogUtils.java:runAndLog(49)) - Successfully ran Atomic Files.move /home/runner/work/ratis/ratis/ratis-test/target/test/data/ca75353f/MiniRaftClusterWithGrpc52e54005/s1/d26acf42-c6a3-40ef-b2da-5d8bff2ac38c/current/log_inprogress_188 to /home/runner/work/ratis/ratis/ratis-test/target/test/data/ca75353f/MiniRaftClusterWithGrpc52e54005/s1/d26acf42-c6a3-40ef-b2da-5d8bff2ac38c/current/log_188-214
2023-02-09 08:26:13,304 [s1@group-5D8BFF2AC38C-SegmentedRaftLogWorker] INFO  segmented.SegmentedRaftLogWorker (SegmentedRaftLogWorker.java:execute(592)) - s1@group-5D8BFF2AC38C-SegmentedRaftLogWorker: Rolled log segment from /home/runner/work/ratis/ratis/ratis-test/target/test/data/ca75353f/MiniRaftClusterWithGrpc52e54005/s1/d26acf42-c6a3-40ef-b2da-5d8bff2ac38c/current/log_inprogress_188 to /home/runner/work/ratis/ratis/ratis-test/target/test/data/ca75353f/MiniRaftClusterWithGrpc52e54005/s1/d26acf42-c6a3-40ef-b2da-5d8bff2ac38c/current/log_188-214
2023-02-09 08:26:13,304 [s2-server-thread1] DEBUG raftlog.RaftLog (SegmentedRaftLog.java:appendImpl(446)) - truncateIndex=-1, arrayIndex=0
2023-02-09 08:26:13,304 [s2-server-thread1] INFO  segmented.SegmentedRaftLogWorker (SegmentedRaftLogWorker.java:rollLogSegment(436)) - s2@group-5D8BFF2AC38C-SegmentedRaftLogWorker: Rolling segment log-188_214 to index:214
2023-02-09 08:26:13,304 [s2@group-5D8BFF2AC38C-SegmentedRaftLogWorker] TRACE util.FileUtils (LogUtils.java:runAndLog(49)) - Successfully ran Atomic Files.move /home/runner/work/ratis/ratis/ratis-test/target/test/data/ca75353f/MiniRaftClusterWithGrpc52e54005/s2/d26acf42-c6a3-40ef-b2da-5d8bff2ac38c/current/log_inprogress_188 to /home/runner/work/ratis/ratis/ratis-test/target/test/data/ca75353f/MiniRaftClusterWithGrpc52e54005/s2/d26acf42-c6a3-40ef-b2da-5d8bff2ac38c/current/log_188-214
2023-02-09 08:26:13,304 [s2@group-5D8BFF2AC38C-SegmentedRaftLogWorker] INFO  segmented.SegmentedRaftLogWorker (SegmentedRaftLogWorker.java:execute(592)) - s2@group-5D8BFF2AC38C-SegmentedRaftLogWorker: Rolled log segment from /home/runner/work/ratis/ratis/ratis-test/target/test/data/ca75353f/MiniRaftClusterWithGrpc52e54005/s2/d26acf42-c6a3-40ef-b2da-5d8bff2ac38c/current/log_inprogress_188 to /home/runner/work/ratis/ratis/ratis-test/target/test/data/ca75353f/MiniRaftClusterWithGrpc52e54005/s2/d26acf42-c6a3-40ef-b2da-5d8bff2ac38c/current/log_188-214
2023-02-09 08:26:13,305 [grpc-default-executor-7] WARN  server.GrpcServerProtocolService (LogUtils.java:warn(124)) - s0: Failed APPEND_ENTRIES request s1->s0#251-t2,previous=(t:1, i:82),leaderCommit=214,initializing? true,entries: size=133, first=(t:2, i:83), CONFIGURATIONENTRY(current:id: "s0"
address: "localhost:42371"
dataStreamAddress: "localhost:43129"
clientAddress: "localhost:36379"
adminAddress: "localhost:36531"
startupRole: FOLLOWER
,id: "s1"
address: "localhost:35679"
dataStreamAddress: "localhost:42433"
clientAddress: "localhost:41371"
adminAddress: "localhost:44855"
startupRole: FOLLOWER
,id: "s2"
address: "localhost:39787"
dataStreamAddress: "localhost:33651"
clientAddress: "localhost:41113"
adminAddress: "localhost:44467"
startupRole: FOLLOWER
, old:)
java.util.concurrent.CompletionException: java.util.concurrent.RejectedExecutionException: Task java.util.concurrent.CompletableFuture$AsyncSupply@44856056 rejected from java.util.concurrent.ThreadPoolExecutor@4ecb30e4[Terminated, pool size = 0, active threads = 0, queued tasks = 0, completed tasks = 0]
	at java.base/java.util.concurrent.CompletableFuture.encodeThrowable(CompletableFuture.java:314)
	at java.base/java.util.concurrent.CompletableFuture.uniComposeStage(CompletableFuture.java:1113)
	at java.base/java.util.concurrent.CompletableFuture.thenCompose(CompletableFuture.java:2235)
	at org.apache.ratis.server.impl.RaftServerProxy.appendEntriesAsync(RaftServerProxy.java:634)
	at org.apache.ratis.grpc.server.GrpcServerProtocolService$1.process(GrpcServerProtocolService.java:219)
	at org.apache.ratis.grpc.server.GrpcServerProtocolService$1.process(GrpcServerProtocolService.java:216)
	at org.apache.ratis.grpc.server.GrpcServerProtocolService$ServerRequestStreamObserver.onNext(GrpcServerProtocolService.java:124)
	at org.apache.ratis.thirdparty.io.grpc.stub.ServerCalls$StreamingServerCallHandler$StreamingServerCallListener.onMessage(ServerCalls.java:262)
	at org.apache.ratis.thirdparty.io.grpc.ForwardingServerCallListener.onMessage(ForwardingServerCallListener.java:33)
	at org.apache.ratis.thirdparty.io.grpc.internal.ServerCallImpl$ServerStreamListenerImpl.messagesAvailableInternal(ServerCallImpl.java:332)
	at org.apache.ratis.thirdparty.io.grpc.internal.ServerCallImpl$ServerStreamListenerImpl.messagesAvailable(ServerCallImpl.java:315)
	at org.apache.ratis.thirdparty.io.grpc.internal.ServerImpl$JumpToApplicationThreadServerStreamListener$1MessagesAvailable.runInContext(ServerImpl.java:834)
	at org.apache.ratis.thirdparty.io.grpc.internal.ContextRunnable.run(ContextRunnable.java:37)
	at org.apache.ratis.thirdparty.io.grpc.internal.SerializingExecutor.run(SerializingExecutor.java:133)
	at java.base/java.util.concurrent.ThreadPoolExecutor.runWorker(ThreadPoolExecutor.java:1128)
	at java.base/java.util.concurrent.ThreadPoolExecutor$Worker.run(ThreadPoolExecutor.java:628)
	at java.base/java.lang.Thread.run(Thread.java:829)
Caused by: java.util.concurrent.RejectedExecutionException: Task java.util.concurrent.CompletableFuture$AsyncSupply@44856056 rejected from java.util.concurrent.ThreadPoolExecutor@4ecb30e4[Terminated, pool size = 0, active threads = 0, queued tasks = 0, completed tasks = 0]
	at java.base/java.util.concurrent.ThreadPoolExecutor$AbortPolicy.rejectedExecution(ThreadPoolExecutor.java:2055)
	at java.base/java.util.concurrent.ThreadPoolExecutor.reject(ThreadPoolExecutor.java:825)
	at java.base/java.util.concurrent.ThreadPoolExecutor.execute(ThreadPoolExecutor.java:1355)
	at java.base/java.util.concurrent.CompletableFuture.asyncSupplyStage(CompletableFuture.java:1714)
	at java.base/java.util.concurrent.CompletableFuture.supplyAsync(CompletableFuture.java:1931)
	at org.apache.ratis.server.impl.RaftServerImpl.executeSubmitServerRequestAsync(RaftServerImpl.java:817)
	at org.apache.ratis.server.impl.RaftServerProxy.lambda$appendEntriesAsync$27(RaftServerProxy.java:634)
	at java.base/java.util.concurrent.CompletableFuture.uniComposeStage(CompletableFuture.java:1106)
	... 15 more
2023-02-09 08:26:13,305 [s2@group-5D8BFF2AC38C-SegmentedRaftLogWorker] INFO  segmented.SegmentedRaftLogWorker (SegmentedRaftLogWorker.java:execute(635)) - s2@group-5D8BFF2AC38C-SegmentedRaftLogWorker: created new log segment /home/runner/work/ratis/ratis/ratis-test/target/test/data/ca75353f/MiniRaftClusterWithGrpc52e54005/s2/d26acf42-c6a3-40ef-b2da-5d8bff2ac38c/current/log_inprogress_215
2023-02-09 08:26:13,305 [s1@group-5D8BFF2AC38C-SegmentedRaftLogWorker] INFO  segmented.SegmentedRaftLogWorker (SegmentedRaftLogWorker.java:execute(635)) - s1@group-5D8BFF2AC38C-SegmentedRaftLogWorker: created new log segment /home/runner/work/ratis/ratis/ratis-test/target/test/data/ca75353f/MiniRaftClusterWithGrpc52e54005/s1/d26acf42-c6a3-40ef-b2da-5d8bff2ac38c/current/log_inprogress_215
2023-02-09 08:26:13,306 [grpc-default-executor-5] WARN  server.GrpcLogAppender (LogUtils.java:warn(124)) - s1@group-5D8BFF2AC38C->s0-AppendLogResponseHandler: Failed appendEntries
java.util.concurrent.RejectedExecutionException: Task java.util.concurrent.CompletableFuture$AsyncSupply@44856056 rejected from java.util.concurrent.ThreadPoolExecutor@4ecb30e4[Terminated, pool size = 0, active threads = 0, queued tasks = 0, completed tasks = 0]
	at java.base/java.util.concurrent.ThreadPoolExecutor$AbortPolicy.rejectedExecution(ThreadPoolExecutor.java:2055)
	at java.base/java.util.concurrent.ThreadPoolExecutor.reject(ThreadPoolExecutor.java:825)
	at java.base/java.util.concurrent.ThreadPoolExecutor.execute(ThreadPoolExecutor.java:1355)
	at java.base/java.util.concurrent.CompletableFuture.asyncSupplyStage(CompletableFuture.java:1714)
	at java.base/java.util.concurrent.CompletableFuture.supplyAsync(CompletableFuture.java:1931)
	at org.apache.ratis.server.impl.RaftServerImpl.executeSubmitServerRequestAsync(RaftServerImpl.java:817)
	at org.apache.ratis.server.impl.RaftServerProxy.lambda$appendEntriesAsync$27(RaftServerProxy.java:634)
	at java.base/java.util.concurrent.CompletableFuture.uniComposeStage(CompletableFuture.java:1106)
	at java.base/java.util.concurrent.CompletableFuture.thenCompose(CompletableFuture.java:2235)
	at org.apache.ratis.server.impl.RaftServerProxy.appendEntriesAsync(RaftServerProxy.java:634)
	at org.apache.ratis.grpc.server.GrpcServerProtocolService$1.process(GrpcServerProtocolService.java:219)
	at org.apache.ratis.grpc.server.GrpcServerProtocolService$1.process(GrpcServerProtocolService.java:216)
	at org.apache.ratis.grpc.server.GrpcServerProtocolService$ServerRequestStreamObserver.onNext(GrpcServerProtocolService.java:124)
	at org.apache.ratis.thirdparty.io.grpc.stub.ServerCalls$StreamingServerCallHandler$StreamingServerCallListener.onMessage(ServerCalls.java:262)
	at org.apache.ratis.thirdparty.io.grpc.ForwardingServerCallListener.onMessage(ForwardingServerCallListener.java:33)
	at org.apache.ratis.thirdparty.io.grpc.internal.ServerCallImpl$ServerStreamListenerImpl.messagesAvailableInternal(ServerCallImpl.java:332)
	at org.apache.ratis.thirdparty.io.grpc.internal.ServerCallImpl$ServerStreamListenerImpl.messagesAvailable(ServerCallImpl.java:315)
	at org.apache.ratis.thirdparty.io.grpc.internal.ServerImpl$JumpToApplicationThreadServerStreamListener$1MessagesAvailable.runInContext(ServerImpl.java:834)
	at org.apache.ratis.thirdparty.io.grpc.internal.ContextRunnable.run(ContextRunnable.java:37)
	at org.apache.ratis.thirdparty.io.grpc.internal.SerializingExecutor.run(SerializingExecutor.java:133)
	at java.base/java.util.concurrent.ThreadPoolExecutor.runWorker(ThreadPoolExecutor.java:1128)
	at java.base/java.util.concurrent.ThreadPoolExecutor$Worker.run(ThreadPoolExecutor.java:628)
	at java.base/java.lang.Thread.run(Thread.java:829)
2023-02-09 08:26:13,307 [grpc-default-executor-5] INFO  leader.FollowerInfo (FollowerInfoImpl.java:lambda$new$0(52)) - s1@group-5D8BFF2AC38C->s0: nextIndex: updateUnconditionally 216 -> 83
2023-02-09 08:26:13,307 [s1@group-5D8BFF2AC38C-StateMachineUpdater] INFO  impl.SimpleStateMachine4Testing (SimpleStateMachine4Testing.java:put(205)) - s1: put 215, m105 -> (t:2, i:215), STATEMACHINELOGENTRY, 491@client-F516C80A2025
2023-02-09 08:26:13,308 [s2-server-thread1] DEBUG raftlog.RaftLog (SegmentedRaftLog.java:appendImpl(446)) - truncateIndex=-1, arrayIndex=0
2023-02-09 08:26:13,308 [s2@group-5D8BFF2AC38C-StateMachineUpdater] INFO  impl.SimpleStateMachine4Testing (SimpleStateMachine4Testing.java:put(205)) - s2: put 215, m105 -> (t:2, i:215), STATEMACHINELOGENTRY, 491@client-F516C80A2025
2023-02-09 08:26:13,309 [grpc-default-executor-5] WARN  server.GrpcServerProtocolService (LogUtils.java:warn(124)) - s0: Failed APPEND_ENTRIES request s1->s0#252-t2,previous=(t:1, i:82),leaderCommit=215,initializing? true,entries: size=133, first=(t:2, i:83), CONFIGURATIONENTRY(current:id: "s0"
address: "localhost:42371"
dataStreamAddress: "localhost:43129"
clientAddress: "localhost:36379"
adminAddress: "localhost:36531"
startupRole: FOLLOWER
,id: "s1"
address: "localhost:35679"
dataStreamAddress: "localhost:42433"
clientAddress: "localhost:41371"
adminAddress: "localhost:44855"
startupRole: FOLLOWER
,id: "s2"
address: "localhost:39787"
dataStreamAddress: "localhost:33651"
clientAddress: "localhost:41113"
adminAddress: "localhost:44467"
startupRole: FOLLOWER
, old:)
java.util.concurrent.CompletionException: java.util.concurrent.RejectedExecutionException: Task java.util.concurrent.CompletableFuture$AsyncSupply@1355cd0d rejected from java.util.concurrent.ThreadPoolExecutor@4ecb30e4[Terminated, pool size = 0, active threads = 0, queued tasks = 0, completed tasks = 0]
	at java.base/java.util.concurrent.CompletableFuture.encodeThrowable(CompletableFuture.java:314)
	at java.base/java.util.concurrent.CompletableFuture.uniComposeStage(CompletableFuture.java:1113)
	at java.base/java.util.concurrent.CompletableFuture.thenCompose(CompletableFuture.java:2235)
	at org.apache.ratis.server.impl.RaftServerProxy.appendEntriesAsync(RaftServerProxy.java:634)
	at org.apache.ratis.grpc.server.GrpcServerProtocolService$1.process(GrpcServerProtocolService.java:219)
	at org.apache.ratis.grpc.server.GrpcServerProtocolService$1.process(GrpcServerProtocolService.java:216)
	at org.apache.ratis.grpc.server.GrpcServerProtocolService$ServerRequestStreamObserver.onNext(GrpcServerProtocolService.java:124)
	at org.apache.ratis.thirdparty.io.grpc.stub.ServerCalls$StreamingServerCallHandler$StreamingServerCallListener.onMessage(ServerCalls.java:262)
	at org.apache.ratis.thirdparty.io.grpc.ForwardingServerCallListener.onMessage(ForwardingServerCallListener.java:33)
	at org.apache.ratis.thirdparty.io.grpc.internal.ServerCallImpl$ServerStreamListenerImpl.messagesAvailableInternal(ServerCallImpl.java:332)
	at org.apache.ratis.thirdparty.io.grpc.internal.ServerCallImpl$ServerStreamListenerImpl.messagesAvailable(ServerCallImpl.java:315)
	at org.apache.ratis.thirdparty.io.grpc.internal.ServerImpl$JumpToApplicationThreadServerStreamListener$1MessagesAvailable.runInContext(ServerImpl.java:834)
	at org.apache.ratis.thirdparty.io.grpc.internal.ContextRunnable.run(ContextRunnable.java:37)
	at org.apache.ratis.thirdparty.io.grpc.internal.SerializingExecutor.run(SerializingExecutor.java:133)
	at java.base/java.util.concurrent.ThreadPoolExecutor.runWorker(ThreadPoolExecutor.java:1128)
	at java.base/java.util.concurrent.ThreadPoolExecutor$Worker.run(ThreadPoolExecutor.java:628)
	at java.base/java.lang.Thread.run(Thread.java:829)
Caused by: java.util.concurrent.RejectedExecutionException: Task java.util.concurrent.CompletableFuture$AsyncSupply@1355cd0d rejected from java.util.concurrent.ThreadPoolExecutor@4ecb30e4[Terminated, pool size = 0, active threads = 0, queued tasks = 0, completed tasks = 0]
	at java.base/java.util.concurrent.ThreadPoolExecutor$AbortPolicy.rejectedExecution(ThreadPoolExecutor.java:2055)
	at java.base/java.util.concurrent.ThreadPoolExecutor.reject(ThreadPoolExecutor.java:825)
	at java.base/java.util.concurrent.ThreadPoolExecutor.execute(ThreadPoolExecutor.java:1355)
	at java.base/java.util.concurrent.CompletableFuture.asyncSupplyStage(CompletableFuture.java:1714)
	at java.base/java.util.concurrent.CompletableFuture.supplyAsync(CompletableFuture.java:1931)
	at org.apache.ratis.server.impl.RaftServerImpl.executeSubmitServerRequestAsync(RaftServerImpl.java:817)
	at org.apache.ratis.server.impl.RaftServerProxy.lambda$appendEntriesAsync$27(RaftServerProxy.java:634)
	at java.base/java.util.concurrent.CompletableFuture.uniComposeStage(CompletableFuture.java:1106)
	... 15 more
2023-02-09 08:26:13,310 [grpc-default-executor-7] WARN  server.GrpcLogAppender (LogUtils.java:warn(124)) - s1@group-5D8BFF2AC38C->s0-AppendLogResponseHandler: Failed appendEntries
java.util.concurrent.RejectedExecutionException: Task java.util.concurrent.CompletableFuture$AsyncSupply@1355cd0d rejected from java.util.concurrent.ThreadPoolExecutor@4ecb30e4[Terminated, pool size = 0, active threads = 0, queued tasks = 0, completed tasks = 0]
	at java.base/java.util.concurrent.ThreadPoolExecutor$AbortPolicy.rejectedExecution(ThreadPoolExecutor.java:2055)
	at java.base/java.util.concurrent.ThreadPoolExecutor.reject(ThreadPoolExecutor.java:825)
	at java.base/java.util.concurrent.ThreadPoolExecutor.execute(ThreadPoolExecutor.java:1355)
	at java.base/java.util.concurrent.CompletableFuture.asyncSupplyStage(CompletableFuture.java:1714)
	at java.base/java.util.concurrent.CompletableFuture.supplyAsync(CompletableFuture.java:1931)
	at org.apache.ratis.server.impl.RaftServerImpl.executeSubmitServerRequestAsync(RaftServerImpl.java:817)
	at org.apache.ratis.server.impl.RaftServerProxy.lambda$appendEntriesAsync$27(RaftServerProxy.java:634)
	at java.base/java.util.concurrent.CompletableFuture.uniComposeStage(CompletableFuture.java:1106)
	at java.base/java.util.concurrent.CompletableFuture.thenCompose(CompletableFuture.java:2235)
	at org.apache.ratis.server.impl.RaftServerProxy.appendEntriesAsync(RaftServerProxy.java:634)
	at org.apache.ratis.grpc.server.GrpcServerProtocolService$1.process(GrpcServerProtocolService.java:219)
	at org.apache.ratis.grpc.server.GrpcServerProtocolService$1.process(GrpcServerProtocolService.java:216)
	at org.apache.ratis.grpc.server.GrpcServerProtocolService$ServerRequestStreamObserver.onNext(GrpcServerProtocolService.java:124)
	at org.apache.ratis.thirdparty.io.grpc.stub.ServerCalls$StreamingServerCallHandler$StreamingServerCallListener.onMessage(ServerCalls.java:262)
	at org.apache.ratis.thirdparty.io.grpc.ForwardingServerCallListener.onMessage(ForwardingServerCallListener.java:33)
	at org.apache.ratis.thirdparty.io.grpc.internal.ServerCallImpl$ServerStreamListenerImpl.messagesAvailableInternal(ServerCallImpl.java:332)
	at org.apache.ratis.thirdparty.io.grpc.internal.ServerCallImpl$ServerStreamListenerImpl.messagesAvailable(ServerCallImpl.java:315)
	at org.apache.ratis.thirdparty.io.grpc.internal.ServerImpl$JumpToApplicationThreadServerStreamListener$1MessagesAvailable.runInContext(ServerImpl.java:834)
	at org.apache.ratis.thirdparty.io.grpc.internal.ContextRunnable.run(ContextRunnable.java:37)
	at org.apache.ratis.thirdparty.io.grpc.internal.SerializingExecutor.run(SerializingExecutor.java:133)
	at java.base/java.util.concurrent.ThreadPoolExecutor.runWorker(ThreadPoolExecutor.java:1128)
	at java.base/java.util.concurrent.ThreadPoolExecutor$Worker.run(ThreadPoolExecutor.java:628)
	at java.base/java.lang.Thread.run(Thread.java:829)
2023-02-09 08:26:13,310 [grpc-default-executor-7] INFO  leader.FollowerInfo (FollowerInfoImpl.java:lambda$new$0(52)) - s1@group-5D8BFF2AC38C->s0: nextIndex: updateUnconditionally 216 -> 83
2023-02-09 08:26:13,311 [grpc-default-executor-9] WARN  server.GrpcServerProtocolService (LogUtils.java:warn(124)) - s0: Failed APPEND_ENTRIES request s1->s0#254-t2,previous=(t:1, i:82),leaderCommit=216,initializing? true,entries: size=135, first=(t:2, i:83), CONFIGURATIONENTRY(current:id: "s0"
address: "localhost:42371"
dataStreamAddress: "localhost:43129"
clientAddress: "localhost:36379"
adminAddress: "localhost:36531"
startupRole: FOLLOWER
,id: "s1"
address: "localhost:35679"
dataStreamAddress: "localhost:42433"
clientAddress: "localhost:41371"
adminAddress: "localhost:44855"
startupRole: FOLLOWER
,id: "s2"
address: "localhost:39787"
dataStreamAddress: "localhost:33651"
clientAddress: "localhost:41113"
adminAddress: "localhost:44467"
startupRole: FOLLOWER
, old:)
java.util.concurrent.CompletionException: java.util.concurrent.RejectedExecutionException: Task java.util.concurrent.CompletableFuture$AsyncSupply@3a5297b2 rejected from java.util.concurrent.ThreadPoolExecutor@4ecb30e4[Terminated, pool size = 0, active threads = 0, queued tasks = 0, completed tasks = 0]
	at java.base/java.util.concurrent.CompletableFuture.encodeThrowable(CompletableFuture.java:314)
	at java.base/java.util.concurrent.CompletableFuture.uniComposeStage(CompletableFuture.java:1113)
	at java.base/java.util.concurrent.CompletableFuture.thenCompose(CompletableFuture.java:2235)
	at org.apache.ratis.server.impl.RaftServerProxy.appendEntriesAsync(RaftServerProxy.java:634)
	at org.apache.ratis.grpc.server.GrpcServerProtocolService$1.process(GrpcServerProtocolService.java:219)
	at org.apache.ratis.grpc.server.GrpcServerProtocolService$1.process(GrpcServerProtocolService.java:216)
	at org.apache.ratis.grpc.server.GrpcServerProtocolService$ServerRequestStreamObserver.onNext(GrpcServerProtocolService.java:124)
	at org.apache.ratis.thirdparty.io.grpc.stub.ServerCalls$StreamingServerCallHandler$StreamingServerCallListener.onMessage(ServerCalls.java:262)
	at org.apache.ratis.thirdparty.io.grpc.ForwardingServerCallListener.onMessage(ForwardingServerCallListener.java:33)
	at org.apache.ratis.thirdparty.io.grpc.internal.ServerCallImpl$ServerStreamListenerImpl.messagesAvailableInternal(ServerCallImpl.java:332)
	at org.apache.ratis.thirdparty.io.grpc.internal.ServerCallImpl$ServerStreamListenerImpl.messagesAvailable(ServerCallImpl.java:315)
	at org.apache.ratis.thirdparty.io.grpc.internal.ServerImpl$JumpToApplicationThreadServerStreamListener$1MessagesAvailable.runInContext(ServerImpl.java:834)
	at org.apache.ratis.thirdparty.io.grpc.internal.ContextRunnable.run(ContextRunnable.java:37)
	at org.apache.ratis.thirdparty.io.grpc.internal.SerializingExecutor.run(SerializingExecutor.java:133)
	at java.base/java.util.concurrent.ThreadPoolExecutor.runWorker(ThreadPoolExecutor.java:1128)
	at java.base/java.util.concurrent.ThreadPoolExecutor$Worker.run(ThreadPoolExecutor.java:628)
	at java.base/java.lang.Thread.run(Thread.java:829)
Caused by: java.util.concurrent.RejectedExecutionException: Task java.util.concurrent.CompletableFuture$AsyncSupply@3a5297b2 rejected from java.util.concurrent.ThreadPoolExecutor@4ecb30e4[Terminated, pool size = 0, active threads = 0, queued tasks = 0, completed tasks = 0]
	at java.base/java.util.concurrent.ThreadPoolExecutor$AbortPolicy.rejectedExecution(ThreadPoolExecutor.java:2055)
	at java.base/java.util.concurrent.ThreadPoolExecutor.reject(ThreadPoolExecutor.java:825)
	at java.base/java.util.concurrent.ThreadPoolExecutor.execute(ThreadPoolExecutor.java:1355)
	at java.base/java.util.concurrent.CompletableFuture.asyncSupplyStage(CompletableFuture.java:1714)
	at java.base/java.util.concurrent.CompletableFuture.supplyAsync(CompletableFuture.java:1931)
	at org.apache.ratis.server.impl.RaftServerImpl.executeSubmitServerRequestAsync(RaftServerImpl.java:817)
	at org.apache.ratis.server.impl.RaftServerProxy.lambda$appendEntriesAsync$27(RaftServerProxy.java:634)
	at java.base/java.util.concurrent.CompletableFuture.uniComposeStage(CompletableFuture.java:1106)
	... 15 more
2023-02-09 08:26:13,312 [s2-server-thread1] DEBUG raftlog.RaftLog (SegmentedRaftLog.java:appendImpl(446)) - truncateIndex=-1, arrayIndex=0
2023-02-09 08:26:13,313 [grpc-default-executor-5] WARN  server.GrpcLogAppender (LogUtils.java:warn(124)) - s1@group-5D8BFF2AC38C->s0-AppendLogResponseHandler: Failed appendEntries
java.util.concurrent.RejectedExecutionException: Task java.util.concurrent.CompletableFuture$AsyncSupply@3a5297b2 rejected from java.util.concurrent.ThreadPoolExecutor@4ecb30e4[Terminated, pool size = 0, active threads = 0, queued tasks = 0, completed tasks = 0]
	at java.base/java.util.concurrent.ThreadPoolExecutor$AbortPolicy.rejectedExecution(ThreadPoolExecutor.java:2055)
	at java.base/java.util.concurrent.ThreadPoolExecutor.reject(ThreadPoolExecutor.java:825)
	at java.base/java.util.concurrent.ThreadPoolExecutor.execute(ThreadPoolExecutor.java:1355)
	at java.base/java.util.concurrent.CompletableFuture.asyncSupplyStage(CompletableFuture.java:1714)
	at java.base/java.util.concurrent.CompletableFuture.supplyAsync(CompletableFuture.java:1931)
	at org.apache.ratis.server.impl.RaftServerImpl.executeSubmitServerRequestAsync(RaftServerImpl.java:817)
	at org.apache.ratis.server.impl.RaftServerProxy.lambda$appendEntriesAsync$27(RaftServerProxy.java:634)
	at java.base/java.util.concurrent.CompletableFuture.uniComposeStage(CompletableFuture.java:1106)
	at java.base/java.util.concurrent.CompletableFuture.thenCompose(CompletableFuture.java:2235)
	at org.apache.ratis.server.impl.RaftServerProxy.appendEntriesAsync(RaftServerProxy.java:634)
	at org.apache.ratis.grpc.server.GrpcServerProtocolService$1.process(GrpcServerProtocolService.java:219)
	at org.apache.ratis.grpc.server.GrpcServerProtocolService$1.process(GrpcServerProtocolService.java:216)
	at org.apache.ratis.grpc.server.GrpcServerProtocolService$ServerRequestStreamObserver.onNext(GrpcServerProtocolService.java:124)
	at org.apache.ratis.thirdparty.io.grpc.stub.ServerCalls$StreamingServerCallHandler$StreamingServerCallListener.onMessage(ServerCalls.java:262)
	at org.apache.ratis.thirdparty.io.grpc.ForwardingServerCallListener.onMessage(ForwardingServerCallListener.java:33)
	at org.apache.ratis.thirdparty.io.grpc.internal.ServerCallImpl$ServerStreamListenerImpl.messagesAvailableInternal(ServerCallImpl.java:332)
	at org.apache.ratis.thirdparty.io.grpc.internal.ServerCallImpl$ServerStreamListenerImpl.messagesAvailable(ServerCallImpl.java:315)
	at org.apache.ratis.thirdparty.io.grpc.internal.ServerImpl$JumpToApplicationThreadServerStreamListener$1MessagesAvailable.runInContext(ServerImpl.java:834)
	at org.apache.ratis.thirdparty.io.grpc.internal.ContextRunnable.run(ContextRunnable.java:37)
	at org.apache.ratis.thirdparty.io.grpc.internal.SerializingExecutor.run(SerializingExecutor.java:133)
	at java.base/java.util.concurrent.ThreadPoolExecutor.runWorker(ThreadPoolExecutor.java:1128)
	at java.base/java.util.concurrent.ThreadPoolExecutor$Worker.run(ThreadPoolExecutor.java:628)
	at java.base/java.lang.Thread.run(Thread.java:829)
2023-02-09 08:26:13,313 [s2-server-thread1] DEBUG raftlog.RaftLog (SegmentedRaftLog.java:appendImpl(446)) - truncateIndex=-1, arrayIndex=0
2023-02-09 08:26:13,313 [s1@group-5D8BFF2AC38C-StateMachineUpdater] INFO  impl.SimpleStateMachine4Testing (SimpleStateMachine4Testing.java:put(205)) - s1: put 217, m106 -> (t:2, i:217), STATEMACHINELOGENTRY, 492@client-F516C80A2025
2023-02-09 08:26:13,314 [s2@group-5D8BFF2AC38C-StateMachineUpdater] INFO  impl.SimpleStateMachine4Testing (SimpleStateMachine4Testing.java:put(205)) - s2: put 217, m106 -> (t:2, i:217), STATEMACHINELOGENTRY, 492@client-F516C80A2025
2023-02-09 08:26:13,314 [grpc-default-executor-5] INFO  leader.FollowerInfo (FollowerInfoImpl.java:lambda$new$0(52)) - s1@group-5D8BFF2AC38C->s0: nextIndex: updateUnconditionally 218 -> 83
2023-02-09 08:26:13,316 [s2-server-thread1] DEBUG raftlog.RaftLog (SegmentedRaftLog.java:appendImpl(446)) - truncateIndex=-1, arrayIndex=0
2023-02-09 08:26:13,316 [grpc-default-executor-5] WARN  server.GrpcServerProtocolService (LogUtils.java:warn(124)) - s0: Failed APPEND_ENTRIES request s1->s0#257-t2,previous=(t:1, i:82),leaderCommit=218,initializing? true,entries: size=137, first=(t:2, i:83), CONFIGURATIONENTRY(current:id: "s0"
address: "localhost:42371"
dataStreamAddress: "localhost:43129"
clientAddress: "localhost:36379"
adminAddress: "localhost:36531"
startupRole: FOLLOWER
,id: "s1"
address: "localhost:35679"
dataStreamAddress: "localhost:42433"
clientAddress: "localhost:41371"
adminAddress: "localhost:44855"
startupRole: FOLLOWER
,id: "s2"
address: "localhost:39787"
dataStreamAddress: "localhost:33651"
clientAddress: "localhost:41113"
adminAddress: "localhost:44467"
startupRole: FOLLOWER
, old:)
java.util.concurrent.CompletionException: java.util.concurrent.RejectedExecutionException: Task java.util.concurrent.CompletableFuture$AsyncSupply@7ef78b26 rejected from java.util.concurrent.ThreadPoolExecutor@4ecb30e4[Terminated, pool size = 0, active threads = 0, queued tasks = 0, completed tasks = 0]
	at java.base/java.util.concurrent.CompletableFuture.encodeThrowable(CompletableFuture.java:314)
	at java.base/java.util.concurrent.CompletableFuture.uniComposeStage(CompletableFuture.java:1113)
	at java.base/java.util.concurrent.CompletableFuture.thenCompose(CompletableFuture.java:2235)
	at org.apache.ratis.server.impl.RaftServerProxy.appendEntriesAsync(RaftServerProxy.java:634)
	at org.apache.ratis.grpc.server.GrpcServerProtocolService$1.process(GrpcServerProtocolService.java:219)
	at org.apache.ratis.grpc.server.GrpcServerProtocolService$1.process(GrpcServerProtocolService.java:216)
	at org.apache.ratis.grpc.server.GrpcServerProtocolService$ServerRequestStreamObserver.onNext(GrpcServerProtocolService.java:124)
	at org.apache.ratis.thirdparty.io.grpc.stub.ServerCalls$StreamingServerCallHandler$StreamingServerCallListener.onMessage(ServerCalls.java:262)
	at org.apache.ratis.thirdparty.io.grpc.ForwardingServerCallListener.onMessage(ForwardingServerCallListener.java:33)
	at org.apache.ratis.thirdparty.io.grpc.internal.ServerCallImpl$ServerStreamListenerImpl.messagesAvailableInternal(ServerCallImpl.java:332)
	at org.apache.ratis.thirdparty.io.grpc.internal.ServerCallImpl$ServerStreamListenerImpl.messagesAvailable(ServerCallImpl.java:315)
	at org.apache.ratis.thirdparty.io.grpc.internal.ServerImpl$JumpToApplicationThreadServerStreamListener$1MessagesAvailable.runInContext(ServerImpl.java:834)
	at org.apache.ratis.thirdparty.io.grpc.internal.ContextRunnable.run(ContextRunnable.java:37)
	at org.apache.ratis.thirdparty.io.grpc.internal.SerializingExecutor.run(SerializingExecutor.java:133)
	at java.base/java.util.concurrent.ThreadPoolExecutor.runWorker(ThreadPoolExecutor.java:1128)
	at java.base/java.util.concurrent.ThreadPoolExecutor$Worker.run(ThreadPoolExecutor.java:628)
	at java.base/java.lang.Thread.run(Thread.java:829)
Caused by: java.util.concurrent.RejectedExecutionException: Task java.util.concurrent.CompletableFuture$AsyncSupply@7ef78b26 rejected from java.util.concurrent.ThreadPoolExecutor@4ecb30e4[Terminated, pool size = 0, active threads = 0, queued tasks = 0, completed tasks = 0]
	at java.base/java.util.concurrent.ThreadPoolExecutor$AbortPolicy.rejectedExecution(ThreadPoolExecutor.java:2055)
	at java.base/java.util.concurrent.ThreadPoolExecutor.reject(ThreadPoolExecutor.java:825)
	at java.base/java.util.concurrent.ThreadPoolExecutor.execute(ThreadPoolExecutor.java:1355)
	at java.base/java.util.concurrent.CompletableFuture.asyncSupplyStage(CompletableFuture.java:1714)
	at java.base/java.util.concurrent.CompletableFuture.supplyAsync(CompletableFuture.java:1931)
	at org.apache.ratis.server.impl.RaftServerImpl.executeSubmitServerRequestAsync(RaftServerImpl.java:817)
	at org.apache.ratis.server.impl.RaftServerProxy.lambda$appendEntriesAsync$27(RaftServerProxy.java:634)
	at java.base/java.util.concurrent.CompletableFuture.uniComposeStage(CompletableFuture.java:1106)
	... 15 more
2023-02-09 08:26:13,317 [s2-server-thread1] DEBUG raftlog.RaftLog (SegmentedRaftLog.java:appendImpl(446)) - truncateIndex=-1, arrayIndex=0
2023-02-09 08:26:13,317 [s1@group-5D8BFF2AC38C-StateMachineUpdater] INFO  impl.SimpleStateMachine4Testing (SimpleStateMachine4Testing.java:put(205)) - s1: put 219, m107 -> (t:2, i:219), STATEMACHINELOGENTRY, 493@client-F516C80A2025
2023-02-09 08:26:13,317 [s2@group-5D8BFF2AC38C-StateMachineUpdater] INFO  impl.SimpleStateMachine4Testing (SimpleStateMachine4Testing.java:put(205)) - s2: put 219, m107 -> (t:2, i:219), STATEMACHINELOGENTRY, 493@client-F516C80A2025
2023-02-09 08:26:13,319 [grpc-default-executor-7] WARN  server.GrpcLogAppender (LogUtils.java:warn(124)) - s1@group-5D8BFF2AC38C->s0-AppendLogResponseHandler: Failed appendEntries
java.util.concurrent.RejectedExecutionException: Task java.util.concurrent.CompletableFuture$AsyncSupply@7ef78b26 rejected from java.util.concurrent.ThreadPoolExecutor@4ecb30e4[Terminated, pool size = 0, active threads = 0, queued tasks = 0, completed tasks = 0]
	at java.base/java.util.concurrent.ThreadPoolExecutor$AbortPolicy.rejectedExecution(ThreadPoolExecutor.java:2055)
	at java.base/java.util.concurrent.ThreadPoolExecutor.reject(ThreadPoolExecutor.java:825)
	at java.base/java.util.concurrent.ThreadPoolExecutor.execute(ThreadPoolExecutor.java:1355)
	at java.base/java.util.concurrent.CompletableFuture.asyncSupplyStage(CompletableFuture.java:1714)
	at java.base/java.util.concurrent.CompletableFuture.supplyAsync(CompletableFuture.java:1931)
	at org.apache.ratis.server.impl.RaftServerImpl.executeSubmitServerRequestAsync(RaftServerImpl.java:817)
	at org.apache.ratis.server.impl.RaftServerProxy.lambda$appendEntriesAsync$27(RaftServerProxy.java:634)
	at java.base/java.util.concurrent.CompletableFuture.uniComposeStage(CompletableFuture.java:1106)
	at java.base/java.util.concurrent.CompletableFuture.thenCompose(CompletableFuture.java:2235)
	at org.apache.ratis.server.impl.RaftServerProxy.appendEntriesAsync(RaftServerProxy.java:634)
	at org.apache.ratis.grpc.server.GrpcServerProtocolService$1.process(GrpcServerProtocolService.java:219)
	at org.apache.ratis.grpc.server.GrpcServerProtocolService$1.process(GrpcServerProtocolService.java:216)
	at org.apache.ratis.grpc.server.GrpcServerProtocolService$ServerRequestStreamObserver.onNext(GrpcServerProtocolService.java:124)
	at org.apache.ratis.thirdparty.io.grpc.stub.ServerCalls$StreamingServerCallHandler$StreamingServerCallListener.onMessage(ServerCalls.java:262)
	at org.apache.ratis.thirdparty.io.grpc.ForwardingServerCallListener.onMessage(ForwardingServerCallListener.java:33)
	at org.apache.ratis.thirdparty.io.grpc.internal.ServerCallImpl$ServerStreamListenerImpl.messagesAvailableInternal(ServerCallImpl.java:332)
	at org.apache.ratis.thirdparty.io.grpc.internal.ServerCallImpl$ServerStreamListenerImpl.messagesAvailable(ServerCallImpl.java:315)
	at org.apache.ratis.thirdparty.io.grpc.internal.ServerImpl$JumpToApplicationThreadServerStreamListener$1MessagesAvailable.runInContext(ServerImpl.java:834)
	at org.apache.ratis.thirdparty.io.grpc.internal.ContextRunnable.run(ContextRunnable.java:37)
	at org.apache.ratis.thirdparty.io.grpc.internal.SerializingExecutor.run(SerializingExecutor.java:133)
	at java.base/java.util.concurrent.ThreadPoolExecutor.runWorker(ThreadPoolExecutor.java:1128)
	at java.base/java.util.concurrent.ThreadPoolExecutor$Worker.run(ThreadPoolExecutor.java:628)
	at java.base/java.lang.Thread.run(Thread.java:829)
2023-02-09 08:26:13,319 [grpc-default-executor-7] INFO  leader.FollowerInfo (FollowerInfoImpl.java:lambda$new$0(52)) - s1@group-5D8BFF2AC38C->s0: nextIndex: updateUnconditionally 220 -> 83
2023-02-09 08:26:13,320 [s2-server-thread1] DEBUG raftlog.RaftLog (SegmentedRaftLog.java:appendImpl(446)) - truncateIndex=-1, arrayIndex=0
2023-02-09 08:26:13,321 [s1@group-5D8BFF2AC38C-StateMachineUpdater] INFO  impl.SimpleStateMachine4Testing (SimpleStateMachine4Testing.java:put(205)) - s1: put 221, m108 -> (t:2, i:221), STATEMACHINELOGENTRY, 494@client-F516C80A2025
2023-02-09 08:26:13,321 [grpc-default-executor-7] WARN  server.GrpcServerProtocolService (LogUtils.java:warn(124)) - s0: Failed APPEND_ENTRIES request s1->s0#260-t2,previous=(t:1, i:82),leaderCommit=220,initializing? true,entries: size=139, first=(t:2, i:83), CONFIGURATIONENTRY(current:id: "s0"
address: "localhost:42371"
dataStreamAddress: "localhost:43129"
clientAddress: "localhost:36379"
adminAddress: "localhost:36531"
startupRole: FOLLOWER
,id: "s1"
address: "localhost:35679"
dataStreamAddress: "localhost:42433"
clientAddress: "localhost:41371"
adminAddress: "localhost:44855"
startupRole: FOLLOWER
,id: "s2"
address: "localhost:39787"
dataStreamAddress: "localhost:33651"
clientAddress: "localhost:41113"
adminAddress: "localhost:44467"
startupRole: FOLLOWER
, old:)
java.util.concurrent.CompletionException: java.util.concurrent.RejectedExecutionException: Task java.util.concurrent.CompletableFuture$AsyncSupply@57e9ad76 rejected from java.util.concurrent.ThreadPoolExecutor@4ecb30e4[Terminated, pool size = 0, active threads = 0, queued tasks = 0, completed tasks = 0]
	at java.base/java.util.concurrent.CompletableFuture.encodeThrowable(CompletableFuture.java:314)
	at java.base/java.util.concurrent.CompletableFuture.uniComposeStage(CompletableFuture.java:1113)
	at java.base/java.util.concurrent.CompletableFuture.thenCompose(CompletableFuture.java:2235)
	at org.apache.ratis.server.impl.RaftServerProxy.appendEntriesAsync(RaftServerProxy.java:634)
	at org.apache.ratis.grpc.server.GrpcServerProtocolService$1.process(GrpcServerProtocolService.java:219)
	at org.apache.ratis.grpc.server.GrpcServerProtocolService$1.process(GrpcServerProtocolService.java:216)
	at org.apache.ratis.grpc.server.GrpcServerProtocolService$ServerRequestStreamObserver.onNext(GrpcServerProtocolService.java:124)
	at org.apache.ratis.thirdparty.io.grpc.stub.ServerCalls$StreamingServerCallHandler$StreamingServerCallListener.onMessage(ServerCalls.java:262)
	at org.apache.ratis.thirdparty.io.grpc.ForwardingServerCallListener.onMessage(ForwardingServerCallListener.java:33)
	at org.apache.ratis.thirdparty.io.grpc.internal.ServerCallImpl$ServerStreamListenerImpl.messagesAvailableInternal(ServerCallImpl.java:332)
	at org.apache.ratis.thirdparty.io.grpc.internal.ServerCallImpl$ServerStreamListenerImpl.messagesAvailable(ServerCallImpl.java:315)
	at org.apache.ratis.thirdparty.io.grpc.internal.ServerImpl$JumpToApplicationThreadServerStreamListener$1MessagesAvailable.runInContext(ServerImpl.java:834)
	at org.apache.ratis.thirdparty.io.grpc.internal.ContextRunnable.run(ContextRunnable.java:37)
	at org.apache.ratis.thirdparty.io.grpc.internal.SerializingExecutor.run(SerializingExecutor.java:133)
	at java.base/java.util.concurrent.ThreadPoolExecutor.runWorker(ThreadPoolExecutor.java:1128)
	at java.base/java.util.concurrent.ThreadPoolExecutor$Worker.run(ThreadPoolExecutor.java:628)
	at java.base/java.lang.Thread.run(Thread.java:829)
Caused by: java.util.concurrent.RejectedExecutionException: Task java.util.concurrent.CompletableFuture$AsyncSupply@57e9ad76 rejected from java.util.concurrent.ThreadPoolExecutor@4ecb30e4[Terminated, pool size = 0, active threads = 0, queued tasks = 0, completed tasks = 0]
	at java.base/java.util.concurrent.ThreadPoolExecutor$AbortPolicy.rejectedExecution(ThreadPoolExecutor.java:2055)
	at java.base/java.util.concurrent.ThreadPoolExecutor.reject(ThreadPoolExecutor.java:825)
	at java.base/java.util.concurrent.ThreadPoolExecutor.execute(ThreadPoolExecutor.java:1355)
	at java.base/java.util.concurrent.CompletableFuture.asyncSupplyStage(CompletableFuture.java:1714)
	at java.base/java.util.concurrent.CompletableFuture.supplyAsync(CompletableFuture.java:1931)
	at org.apache.ratis.server.impl.RaftServerImpl.executeSubmitServerRequestAsync(RaftServerImpl.java:817)
	at org.apache.ratis.server.impl.RaftServerProxy.lambda$appendEntriesAsync$27(RaftServerProxy.java:634)
	at java.base/java.util.concurrent.CompletableFuture.uniComposeStage(CompletableFuture.java:1106)
	... 15 more
2023-02-09 08:26:13,322 [grpc-default-executor-5] WARN  server.GrpcLogAppender (LogUtils.java:warn(124)) - s1@group-5D8BFF2AC38C->s0-AppendLogResponseHandler: Failed appendEntries
java.util.concurrent.RejectedExecutionException: Task java.util.concurrent.CompletableFuture$AsyncSupply@57e9ad76 rejected from java.util.concurrent.ThreadPoolExecutor@4ecb30e4[Terminated, pool size = 0, active threads = 0, queued tasks = 0, completed tasks = 0]
	at java.base/java.util.concurrent.ThreadPoolExecutor$AbortPolicy.rejectedExecution(ThreadPoolExecutor.java:2055)
	at java.base/java.util.concurrent.ThreadPoolExecutor.reject(ThreadPoolExecutor.java:825)
	at java.base/java.util.concurrent.ThreadPoolExecutor.execute(ThreadPoolExecutor.java:1355)
	at java.base/java.util.concurrent.CompletableFuture.asyncSupplyStage(CompletableFuture.java:1714)
	at java.base/java.util.concurrent.CompletableFuture.supplyAsync(CompletableFuture.java:1931)
	at org.apache.ratis.server.impl.RaftServerImpl.executeSubmitServerRequestAsync(RaftServerImpl.java:817)
	at org.apache.ratis.server.impl.RaftServerProxy.lambda$appendEntriesAsync$27(RaftServerProxy.java:634)
	at java.base/java.util.concurrent.CompletableFuture.uniComposeStage(CompletableFuture.java:1106)
	at java.base/java.util.concurrent.CompletableFuture.thenCompose(CompletableFuture.java:2235)
	at org.apache.ratis.server.impl.RaftServerProxy.appendEntriesAsync(RaftServerProxy.java:634)
	at org.apache.ratis.grpc.server.GrpcServerProtocolService$1.process(GrpcServerProtocolService.java:219)
	at org.apache.ratis.grpc.server.GrpcServerProtocolService$1.process(GrpcServerProtocolService.java:216)
	at org.apache.ratis.grpc.server.GrpcServerProtocolService$ServerRequestStreamObserver.onNext(GrpcServerProtocolService.java:124)
	at org.apache.ratis.thirdparty.io.grpc.stub.ServerCalls$StreamingServerCallHandler$StreamingServerCallListener.onMessage(ServerCalls.java:262)
	at org.apache.ratis.thirdparty.io.grpc.ForwardingServerCallListener.onMessage(ForwardingServerCallListener.java:33)
	at org.apache.ratis.thirdparty.io.grpc.internal.ServerCallImpl$ServerStreamListenerImpl.messagesAvailableInternal(ServerCallImpl.java:332)
	at org.apache.ratis.thirdparty.io.grpc.internal.ServerCallImpl$ServerStreamListenerImpl.messagesAvailable(ServerCallImpl.java:315)
	at org.apache.ratis.thirdparty.io.grpc.internal.ServerImpl$JumpToApplicationThreadServerStreamListener$1MessagesAvailable.runInContext(ServerImpl.java:834)
	at org.apache.ratis.thirdparty.io.grpc.internal.ContextRunnable.run(ContextRunnable.java:37)
	at org.apache.ratis.thirdparty.io.grpc.internal.SerializingExecutor.run(SerializingExecutor.java:133)
	at java.base/java.util.concurrent.ThreadPoolExecutor.runWorker(ThreadPoolExecutor.java:1128)
	at java.base/java.util.concurrent.ThreadPoolExecutor$Worker.run(ThreadPoolExecutor.java:628)
	at java.base/java.lang.Thread.run(Thread.java:829)
2023-02-09 08:26:13,323 [grpc-default-executor-5] INFO  leader.FollowerInfo (FollowerInfoImpl.java:lambda$new$0(52)) - s1@group-5D8BFF2AC38C->s0: nextIndex: updateUnconditionally 222 -> 83
2023-02-09 08:26:13,323 [s2-server-thread1] DEBUG raftlog.RaftLog (SegmentedRaftLog.java:appendImpl(446)) - truncateIndex=-1, arrayIndex=0
2023-02-09 08:26:13,324 [s2@group-5D8BFF2AC38C-StateMachineUpdater] INFO  impl.SimpleStateMachine4Testing (SimpleStateMachine4Testing.java:put(205)) - s2: put 221, m108 -> (t:2, i:221), STATEMACHINELOGENTRY, 494@client-F516C80A2025
2023-02-09 08:26:13,325 [s2-server-thread1] DEBUG raftlog.RaftLog (SegmentedRaftLog.java:appendImpl(446)) - truncateIndex=-1, arrayIndex=0
2023-02-09 08:26:13,325 [grpc-default-executor-5] WARN  server.GrpcServerProtocolService (LogUtils.java:warn(124)) - s0: Failed APPEND_ENTRIES request s1->s0#263-t2,previous=(t:1, i:82),leaderCommit=222,initializing? true,entries: size=141, first=(t:2, i:83), CONFIGURATIONENTRY(current:id: "s0"
address: "localhost:42371"
dataStreamAddress: "localhost:43129"
clientAddress: "localhost:36379"
adminAddress: "localhost:36531"
startupRole: FOLLOWER
,id: "s1"
address: "localhost:35679"
dataStreamAddress: "localhost:42433"
clientAddress: "localhost:41371"
adminAddress: "localhost:44855"
startupRole: FOLLOWER
,id: "s2"
address: "localhost:39787"
dataStreamAddress: "localhost:33651"
clientAddress: "localhost:41113"
adminAddress: "localhost:44467"
startupRole: FOLLOWER
, old:)
java.util.concurrent.CompletionException: java.util.concurrent.RejectedExecutionException: Task java.util.concurrent.CompletableFuture$AsyncSupply@4763e919 rejected from java.util.concurrent.ThreadPoolExecutor@4ecb30e4[Terminated, pool size = 0, active threads = 0, queued tasks = 0, completed tasks = 0]
	at java.base/java.util.concurrent.CompletableFuture.encodeThrowable(CompletableFuture.java:314)
	at java.base/java.util.concurrent.CompletableFuture.uniComposeStage(CompletableFuture.java:1113)
	at java.base/java.util.concurrent.CompletableFuture.thenCompose(CompletableFuture.java:2235)
	at org.apache.ratis.server.impl.RaftServerProxy.appendEntriesAsync(RaftServerProxy.java:634)
	at org.apache.ratis.grpc.server.GrpcServerProtocolService$1.process(GrpcServerProtocolService.java:219)
	at org.apache.ratis.grpc.server.GrpcServerProtocolService$1.process(GrpcServerProtocolService.java:216)
	at org.apache.ratis.grpc.server.GrpcServerProtocolService$ServerRequestStreamObserver.onNext(GrpcServerProtocolService.java:124)
	at org.apache.ratis.thirdparty.io.grpc.stub.ServerCalls$StreamingServerCallHandler$StreamingServerCallListener.onMessage(ServerCalls.java:262)
	at org.apache.ratis.thirdparty.io.grpc.ForwardingServerCallListener.onMessage(ForwardingServerCallListener.java:33)
	at org.apache.ratis.thirdparty.io.grpc.internal.ServerCallImpl$ServerStreamListenerImpl.messagesAvailableInternal(ServerCallImpl.java:332)
	at org.apache.ratis.thirdparty.io.grpc.internal.ServerCallImpl$ServerStreamListenerImpl.messagesAvailable(ServerCallImpl.java:315)
	at org.apache.ratis.thirdparty.io.grpc.internal.ServerImpl$JumpToApplicationThreadServerStreamListener$1MessagesAvailable.runInContext(ServerImpl.java:834)
	at org.apache.ratis.thirdparty.io.grpc.internal.ContextRunnable.run(ContextRunnable.java:37)
	at org.apache.ratis.thirdparty.io.grpc.internal.SerializingExecutor.run(SerializingExecutor.java:133)
	at java.base/java.util.concurrent.ThreadPoolExecutor.runWorker(ThreadPoolExecutor.java:1128)
	at java.base/java.util.concurrent.ThreadPoolExecutor$Worker.run(ThreadPoolExecutor.java:628)
	at java.base/java.lang.Thread.run(Thread.java:829)
Caused by: java.util.concurrent.RejectedExecutionException: Task java.util.concurrent.CompletableFuture$AsyncSupply@4763e919 rejected from java.util.concurrent.ThreadPoolExecutor@4ecb30e4[Terminated, pool size = 0, active threads = 0, queued tasks = 0, completed tasks = 0]
	at java.base/java.util.concurrent.ThreadPoolExecutor$AbortPolicy.rejectedExecution(ThreadPoolExecutor.java:2055)
	at java.base/java.util.concurrent.ThreadPoolExecutor.reject(ThreadPoolExecutor.java:825)
	at java.base/java.util.concurrent.ThreadPoolExecutor.execute(ThreadPoolExecutor.java:1355)
	at java.base/java.util.concurrent.CompletableFuture.asyncSupplyStage(CompletableFuture.java:1714)
	at java.base/java.util.concurrent.CompletableFuture.supplyAsync(CompletableFuture.java:1931)
	at org.apache.ratis.server.impl.RaftServerImpl.executeSubmitServerRequestAsync(RaftServerImpl.java:817)
	at org.apache.ratis.server.impl.RaftServerProxy.lambda$appendEntriesAsync$27(RaftServerProxy.java:634)
	at java.base/java.util.concurrent.CompletableFuture.uniComposeStage(CompletableFuture.java:1106)
	... 15 more
2023-02-09 08:26:13,326 [s1@group-5D8BFF2AC38C-StateMachineUpdater] INFO  impl.SimpleStateMachine4Testing (SimpleStateMachine4Testing.java:put(205)) - s1: put 223, m109 -> (t:2, i:223), STATEMACHINELOGENTRY, 495@client-F516C80A2025
2023-02-09 08:26:13,326 [s2-server-thread1] DEBUG raftlog.RaftLog (SegmentedRaftLog.java:appendImpl(446)) - truncateIndex=-1, arrayIndex=0
2023-02-09 08:26:13,327 [s2@group-5D8BFF2AC38C-StateMachineUpdater] INFO  impl.SimpleStateMachine4Testing (SimpleStateMachine4Testing.java:put(205)) - s2: put 223, m109 -> (t:2, i:223), STATEMACHINELOGENTRY, 495@client-F516C80A2025
2023-02-09 08:26:13,327 [grpc-default-executor-7] WARN  server.GrpcLogAppender (LogUtils.java:warn(124)) - s1@group-5D8BFF2AC38C->s0-AppendLogResponseHandler: Failed appendEntries
java.util.concurrent.RejectedExecutionException: Task java.util.concurrent.CompletableFuture$AsyncSupply@4763e919 rejected from java.util.concurrent.ThreadPoolExecutor@4ecb30e4[Terminated, pool size = 0, active threads = 0, queued tasks = 0, completed tasks = 0]
	at java.base/java.util.concurrent.ThreadPoolExecutor$AbortPolicy.rejectedExecution(ThreadPoolExecutor.java:2055)
	at java.base/java.util.concurrent.ThreadPoolExecutor.reject(ThreadPoolExecutor.java:825)
	at java.base/java.util.concurrent.ThreadPoolExecutor.execute(ThreadPoolExecutor.java:1355)
	at java.base/java.util.concurrent.CompletableFuture.asyncSupplyStage(CompletableFuture.java:1714)
	at java.base/java.util.concurrent.CompletableFuture.supplyAsync(CompletableFuture.java:1931)
	at org.apache.ratis.server.impl.RaftServerImpl.executeSubmitServerRequestAsync(RaftServerImpl.java:817)
	at org.apache.ratis.server.impl.RaftServerProxy.lambda$appendEntriesAsync$27(RaftServerProxy.java:634)
	at java.base/java.util.concurrent.CompletableFuture.uniComposeStage(CompletableFuture.java:1106)
	at java.base/java.util.concurrent.CompletableFuture.thenCompose(CompletableFuture.java:2235)
	at org.apache.ratis.server.impl.RaftServerProxy.appendEntriesAsync(RaftServerProxy.java:634)
	at org.apache.ratis.grpc.server.GrpcServerProtocolService$1.process(GrpcServerProtocolService.java:219)
	at org.apache.ratis.grpc.server.GrpcServerProtocolService$1.process(GrpcServerProtocolService.java:216)
	at org.apache.ratis.grpc.server.GrpcServerProtocolService$ServerRequestStreamObserver.onNext(GrpcServerProtocolService.java:124)
	at org.apache.ratis.thirdparty.io.grpc.stub.ServerCalls$StreamingServerCallHandler$StreamingServerCallListener.onMessage(ServerCalls.java:262)
	at org.apache.ratis.thirdparty.io.grpc.ForwardingServerCallListener.onMessage(ForwardingServerCallListener.java:33)
	at org.apache.ratis.thirdparty.io.grpc.internal.ServerCallImpl$ServerStreamListenerImpl.messagesAvailableInternal(ServerCallImpl.java:332)
	at org.apache.ratis.thirdparty.io.grpc.internal.ServerCallImpl$ServerStreamListenerImpl.messagesAvailable(ServerCallImpl.java:315)
	at org.apache.ratis.thirdparty.io.grpc.internal.ServerImpl$JumpToApplicationThreadServerStreamListener$1MessagesAvailable.runInContext(ServerImpl.java:834)
	at org.apache.ratis.thirdparty.io.grpc.internal.ContextRunnable.run(ContextRunnable.java:37)
	at org.apache.ratis.thirdparty.io.grpc.internal.SerializingExecutor.run(SerializingExecutor.java:133)
	at java.base/java.util.concurrent.ThreadPoolExecutor.runWorker(ThreadPoolExecutor.java:1128)
	at java.base/java.util.concurrent.ThreadPoolExecutor$Worker.run(ThreadPoolExecutor.java:628)
	at java.base/java.lang.Thread.run(Thread.java:829)
2023-02-09 08:26:13,328 [grpc-default-executor-7] INFO  leader.FollowerInfo (FollowerInfoImpl.java:lambda$new$0(52)) - s1@group-5D8BFF2AC38C->s0: nextIndex: updateUnconditionally 224 -> 83
2023-02-09 08:26:13,329 [s2-server-thread1] DEBUG raftlog.RaftLog (SegmentedRaftLog.java:appendImpl(446)) - truncateIndex=-1, arrayIndex=0
2023-02-09 08:26:13,330 [grpc-default-executor-7] WARN  server.GrpcServerProtocolService (LogUtils.java:warn(124)) - s0: Failed APPEND_ENTRIES request s1->s0#267-t2,previous=(t:1, i:82),leaderCommit=224,initializing? true,entries: size=143, first=(t:2, i:83), CONFIGURATIONENTRY(current:id: "s0"
address: "localhost:42371"
dataStreamAddress: "localhost:43129"
clientAddress: "localhost:36379"
adminAddress: "localhost:36531"
startupRole: FOLLOWER
,id: "s1"
address: "localhost:35679"
dataStreamAddress: "localhost:42433"
clientAddress: "localhost:41371"
adminAddress: "localhost:44855"
startupRole: FOLLOWER
,id: "s2"
address: "localhost:39787"
dataStreamAddress: "localhost:33651"
clientAddress: "localhost:41113"
adminAddress: "localhost:44467"
startupRole: FOLLOWER
, old:)
java.util.concurrent.CompletionException: java.util.concurrent.RejectedExecutionException: Task java.util.concurrent.CompletableFuture$AsyncSupply@6d26829a rejected from java.util.concurrent.ThreadPoolExecutor@4ecb30e4[Terminated, pool size = 0, active threads = 0, queued tasks = 0, completed tasks = 0]
	at java.base/java.util.concurrent.CompletableFuture.encodeThrowable(CompletableFuture.java:314)
	at java.base/java.util.concurrent.CompletableFuture.uniComposeStage(CompletableFuture.java:1113)
	at java.base/java.util.concurrent.CompletableFuture.thenCompose(CompletableFuture.java:2235)
	at org.apache.ratis.server.impl.RaftServerProxy.appendEntriesAsync(RaftServerProxy.java:634)
	at org.apache.ratis.grpc.server.GrpcServerProtocolService$1.process(GrpcServerProtocolService.java:219)
	at org.apache.ratis.grpc.server.GrpcServerProtocolService$1.process(GrpcServerProtocolService.java:216)
	at org.apache.ratis.grpc.server.GrpcServerProtocolService$ServerRequestStreamObserver.onNext(GrpcServerProtocolService.java:124)
	at org.apache.ratis.thirdparty.io.grpc.stub.ServerCalls$StreamingServerCallHandler$StreamingServerCallListener.onMessage(ServerCalls.java:262)
	at org.apache.ratis.thirdparty.io.grpc.ForwardingServerCallListener.onMessage(ForwardingServerCallListener.java:33)
	at org.apache.ratis.thirdparty.io.grpc.internal.ServerCallImpl$ServerStreamListenerImpl.messagesAvailableInternal(ServerCallImpl.java:332)
	at org.apache.ratis.thirdparty.io.grpc.internal.ServerCallImpl$ServerStreamListenerImpl.messagesAvailable(ServerCallImpl.java:315)
	at org.apache.ratis.thirdparty.io.grpc.internal.ServerImpl$JumpToApplicationThreadServerStreamListener$1MessagesAvailable.runInContext(ServerImpl.java:834)
	at org.apache.ratis.thirdparty.io.grpc.internal.ContextRunnable.run(ContextRunnable.java:37)
	at org.apache.ratis.thirdparty.io.grpc.internal.SerializingExecutor.run(SerializingExecutor.java:133)
	at java.base/java.util.concurrent.ThreadPoolExecutor.runWorker(ThreadPoolExecutor.java:1128)
	at java.base/java.util.concurrent.ThreadPoolExecutor$Worker.run(ThreadPoolExecutor.java:628)
	at java.base/java.lang.Thread.run(Thread.java:829)
Caused by: java.util.concurrent.RejectedExecutionException: Task java.util.concurrent.CompletableFuture$AsyncSupply@6d26829a rejected from java.util.concurrent.ThreadPoolExecutor@4ecb30e4[Terminated, pool size = 0, active threads = 0, queued tasks = 0, completed tasks = 0]
	at java.base/java.util.concurrent.ThreadPoolExecutor$AbortPolicy.rejectedExecution(ThreadPoolExecutor.java:2055)
	at java.base/java.util.concurrent.ThreadPoolExecutor.reject(ThreadPoolExecutor.java:825)
	at java.base/java.util.concurrent.ThreadPoolExecutor.execute(ThreadPoolExecutor.java:1355)
	at java.base/java.util.concurrent.CompletableFuture.asyncSupplyStage(CompletableFuture.java:1714)
	at java.base/java.util.concurrent.CompletableFuture.supplyAsync(CompletableFuture.java:1931)
	at org.apache.ratis.server.impl.RaftServerImpl.executeSubmitServerRequestAsync(RaftServerImpl.java:817)
	at org.apache.ratis.server.impl.RaftServerProxy.lambda$appendEntriesAsync$27(RaftServerProxy.java:634)
	at java.base/java.util.concurrent.CompletableFuture.uniComposeStage(CompletableFuture.java:1106)
	... 15 more
2023-02-09 08:26:13,331 [grpc-default-executor-5] WARN  server.GrpcLogAppender (LogUtils.java:warn(124)) - s1@group-5D8BFF2AC38C->s0-AppendLogResponseHandler: Failed appendEntries
java.util.concurrent.RejectedExecutionException: Task java.util.concurrent.CompletableFuture$AsyncSupply@6d26829a rejected from java.util.concurrent.ThreadPoolExecutor@4ecb30e4[Terminated, pool size = 0, active threads = 0, queued tasks = 0, completed tasks = 0]
	at java.base/java.util.concurrent.ThreadPoolExecutor$AbortPolicy.rejectedExecution(ThreadPoolExecutor.java:2055)
	at java.base/java.util.concurrent.ThreadPoolExecutor.reject(ThreadPoolExecutor.java:825)
	at java.base/java.util.concurrent.ThreadPoolExecutor.execute(ThreadPoolExecutor.java:1355)
	at java.base/java.util.concurrent.CompletableFuture.asyncSupplyStage(CompletableFuture.java:1714)
	at java.base/java.util.concurrent.CompletableFuture.supplyAsync(CompletableFuture.java:1931)
	at org.apache.ratis.server.impl.RaftServerImpl.executeSubmitServerRequestAsync(RaftServerImpl.java:817)
	at org.apache.ratis.server.impl.RaftServerProxy.lambda$appendEntriesAsync$27(RaftServerProxy.java:634)
	at java.base/java.util.concurrent.CompletableFuture.uniComposeStage(CompletableFuture.java:1106)
	at java.base/java.util.concurrent.CompletableFuture.thenCompose(CompletableFuture.java:2235)
	at org.apache.ratis.server.impl.RaftServerProxy.appendEntriesAsync(RaftServerProxy.java:634)
	at org.apache.ratis.grpc.server.GrpcServerProtocolService$1.process(GrpcServerProtocolService.java:219)
	at org.apache.ratis.grpc.server.GrpcServerProtocolService$1.process(GrpcServerProtocolService.java:216)
	at org.apache.ratis.grpc.server.GrpcServerProtocolService$ServerRequestStreamObserver.onNext(GrpcServerProtocolService.java:124)
	at org.apache.ratis.thirdparty.io.grpc.stub.ServerCalls$StreamingServerCallHandler$StreamingServerCallListener.onMessage(ServerCalls.java:262)
	at org.apache.ratis.thirdparty.io.grpc.ForwardingServerCallListener.onMessage(ForwardingServerCallListener.java:33)
	at org.apache.ratis.thirdparty.io.grpc.internal.ServerCallImpl$ServerStreamListenerImpl.messagesAvailableInternal(ServerCallImpl.java:332)
	at org.apache.ratis.thirdparty.io.grpc.internal.ServerCallImpl$ServerStreamListenerImpl.messagesAvailable(ServerCallImpl.java:315)
	at org.apache.ratis.thirdparty.io.grpc.internal.ServerImpl$JumpToApplicationThreadServerStreamListener$1MessagesAvailable.runInContext(ServerImpl.java:834)
	at org.apache.ratis.thirdparty.io.grpc.internal.ContextRunnable.run(ContextRunnable.java:37)
	at org.apache.ratis.thirdparty.io.grpc.internal.SerializingExecutor.run(SerializingExecutor.java:133)
	at java.base/java.util.concurrent.ThreadPoolExecutor.runWorker(ThreadPoolExecutor.java:1128)
	at java.base/java.util.concurrent.ThreadPoolExecutor$Worker.run(ThreadPoolExecutor.java:628)
	at java.base/java.lang.Thread.run(Thread.java:829)
2023-02-09 08:26:13,331 [s1@group-5D8BFF2AC38C-StateMachineUpdater] INFO  impl.SimpleStateMachine4Testing (SimpleStateMachine4Testing.java:put(205)) - s1: put 225, m110 -> (t:2, i:225), STATEMACHINELOGENTRY, 496@client-F516C80A2025
2023-02-09 08:26:13,332 [grpc-default-executor-5] INFO  leader.FollowerInfo (FollowerInfoImpl.java:lambda$new$0(52)) - s1@group-5D8BFF2AC38C->s0: nextIndex: updateUnconditionally 226 -> 83
2023-02-09 08:26:13,333 [s2-server-thread1] DEBUG raftlog.RaftLog (SegmentedRaftLog.java:appendImpl(446)) - truncateIndex=-1, arrayIndex=0
2023-02-09 08:26:13,334 [s2-server-thread1] DEBUG raftlog.RaftLog (SegmentedRaftLog.java:appendImpl(446)) - truncateIndex=-1, arrayIndex=0
2023-02-09 08:26:13,334 [s2@group-5D8BFF2AC38C-StateMachineUpdater] INFO  impl.SimpleStateMachine4Testing (SimpleStateMachine4Testing.java:put(205)) - s2: put 225, m110 -> (t:2, i:225), STATEMACHINELOGENTRY, 496@client-F516C80A2025
2023-02-09 08:26:13,334 [grpc-default-executor-5] WARN  server.GrpcServerProtocolService (LogUtils.java:warn(124)) - s0: Failed APPEND_ENTRIES request s1->s0#269-t2,previous=(t:1, i:82),leaderCommit=225,initializing? true,entries: size=145, first=(t:2, i:83), CONFIGURATIONENTRY(current:id: "s0"
address: "localhost:42371"
dataStreamAddress: "localhost:43129"
clientAddress: "localhost:36379"
adminAddress: "localhost:36531"
startupRole: FOLLOWER
,id: "s1"
address: "localhost:35679"
dataStreamAddress: "localhost:42433"
clientAddress: "localhost:41371"
adminAddress: "localhost:44855"
startupRole: FOLLOWER
,id: "s2"
address: "localhost:39787"
dataStreamAddress: "localhost:33651"
clientAddress: "localhost:41113"
adminAddress: "localhost:44467"
startupRole: FOLLOWER
, old:)
java.util.concurrent.CompletionException: java.util.concurrent.RejectedExecutionException: Task java.util.concurrent.CompletableFuture$AsyncSupply@3c20ae50 rejected from java.util.concurrent.ThreadPoolExecutor@4ecb30e4[Terminated, pool size = 0, active threads = 0, queued tasks = 0, completed tasks = 0]
	at java.base/java.util.concurrent.CompletableFuture.encodeThrowable(CompletableFuture.java:314)
	at java.base/java.util.concurrent.CompletableFuture.uniComposeStage(CompletableFuture.java:1113)
	at java.base/java.util.concurrent.CompletableFuture.thenCompose(CompletableFuture.java:2235)
	at org.apache.ratis.server.impl.RaftServerProxy.appendEntriesAsync(RaftServerProxy.java:634)
	at org.apache.ratis.grpc.server.GrpcServerProtocolService$1.process(GrpcServerProtocolService.java:219)
	at org.apache.ratis.grpc.server.GrpcServerProtocolService$1.process(GrpcServerProtocolService.java:216)
	at org.apache.ratis.grpc.server.GrpcServerProtocolService$ServerRequestStreamObserver.onNext(GrpcServerProtocolService.java:124)
	at org.apache.ratis.thirdparty.io.grpc.stub.ServerCalls$StreamingServerCallHandler$StreamingServerCallListener.onMessage(ServerCalls.java:262)
	at org.apache.ratis.thirdparty.io.grpc.ForwardingServerCallListener.onMessage(ForwardingServerCallListener.java:33)
	at org.apache.ratis.thirdparty.io.grpc.internal.ServerCallImpl$ServerStreamListenerImpl.messagesAvailableInternal(ServerCallImpl.java:332)
	at org.apache.ratis.thirdparty.io.grpc.internal.ServerCallImpl$ServerStreamListenerImpl.messagesAvailable(ServerCallImpl.java:315)
	at org.apache.ratis.thirdparty.io.grpc.internal.ServerImpl$JumpToApplicationThreadServerStreamListener$1MessagesAvailable.runInContext(ServerImpl.java:834)
	at org.apache.ratis.thirdparty.io.grpc.internal.ContextRunnable.run(ContextRunnable.java:37)
	at org.apache.ratis.thirdparty.io.grpc.internal.SerializingExecutor.run(SerializingExecutor.java:133)
	at java.base/java.util.concurrent.ThreadPoolExecutor.runWorker(ThreadPoolExecutor.java:1128)
	at java.base/java.util.concurrent.ThreadPoolExecutor$Worker.run(ThreadPoolExecutor.java:628)
	at java.base/java.lang.Thread.run(Thread.java:829)
Caused by: java.util.concurrent.RejectedExecutionException: Task java.util.concurrent.CompletableFuture$AsyncSupply@3c20ae50 rejected from java.util.concurrent.ThreadPoolExecutor@4ecb30e4[Terminated, pool size = 0, active threads = 0, queued tasks = 0, completed tasks = 0]
	at java.base/java.util.concurrent.ThreadPoolExecutor$AbortPolicy.rejectedExecution(ThreadPoolExecutor.java:2055)
	at java.base/java.util.concurrent.ThreadPoolExecutor.reject(ThreadPoolExecutor.java:825)
	at java.base/java.util.concurrent.ThreadPoolExecutor.execute(ThreadPoolExecutor.java:1355)
	at java.base/java.util.concurrent.CompletableFuture.asyncSupplyStage(CompletableFuture.java:1714)
	at java.base/java.util.concurrent.CompletableFuture.supplyAsync(CompletableFuture.java:1931)
	at org.apache.ratis.server.impl.RaftServerImpl.executeSubmitServerRequestAsync(RaftServerImpl.java:817)
	at org.apache.ratis.server.impl.RaftServerProxy.lambda$appendEntriesAsync$27(RaftServerProxy.java:634)
	at java.base/java.util.concurrent.CompletableFuture.uniComposeStage(CompletableFuture.java:1106)
	... 15 more
2023-02-09 08:26:13,335 [s1@group-5D8BFF2AC38C-StateMachineUpdater] INFO  impl.SimpleStateMachine4Testing (SimpleStateMachine4Testing.java:put(205)) - s1: put 227, m111 -> (t:2, i:227), STATEMACHINELOGENTRY, 497@client-F516C80A2025
2023-02-09 08:26:13,336 [s2-server-thread1] DEBUG raftlog.RaftLog (SegmentedRaftLog.java:appendImpl(446)) - truncateIndex=-1, arrayIndex=0
2023-02-09 08:26:13,337 [s2@group-5D8BFF2AC38C-StateMachineUpdater] INFO  impl.SimpleStateMachine4Testing (SimpleStateMachine4Testing.java:put(205)) - s2: put 227, m111 -> (t:2, i:227), STATEMACHINELOGENTRY, 497@client-F516C80A2025
2023-02-09 08:26:13,337 [grpc-default-executor-7] WARN  server.GrpcLogAppender (LogUtils.java:warn(124)) - s1@group-5D8BFF2AC38C->s0-AppendLogResponseHandler: Failed appendEntries
java.util.concurrent.RejectedExecutionException: Task java.util.concurrent.CompletableFuture$AsyncSupply@3c20ae50 rejected from java.util.concurrent.ThreadPoolExecutor@4ecb30e4[Terminated, pool size = 0, active threads = 0, queued tasks = 0, completed tasks = 0]
	at java.base/java.util.concurrent.ThreadPoolExecutor$AbortPolicy.rejectedExecution(ThreadPoolExecutor.java:2055)
	at java.base/java.util.concurrent.ThreadPoolExecutor.reject(ThreadPoolExecutor.java:825)
	at java.base/java.util.concurrent.ThreadPoolExecutor.execute(ThreadPoolExecutor.java:1355)
	at java.base/java.util.concurrent.CompletableFuture.asyncSupplyStage(CompletableFuture.java:1714)
	at java.base/java.util.concurrent.CompletableFuture.supplyAsync(CompletableFuture.java:1931)
	at org.apache.ratis.server.impl.RaftServerImpl.executeSubmitServerRequestAsync(RaftServerImpl.java:817)
	at org.apache.ratis.server.impl.RaftServerProxy.lambda$appendEntriesAsync$27(RaftServerProxy.java:634)
	at java.base/java.util.concurrent.CompletableFuture.uniComposeStage(CompletableFuture.java:1106)
	at java.base/java.util.concurrent.CompletableFuture.thenCompose(CompletableFuture.java:2235)
	at org.apache.ratis.server.impl.RaftServerProxy.appendEntriesAsync(RaftServerProxy.java:634)
	at org.apache.ratis.grpc.server.GrpcServerProtocolService$1.process(GrpcServerProtocolService.java:219)
	at org.apache.ratis.grpc.server.GrpcServerProtocolService$1.process(GrpcServerProtocolService.java:216)
	at org.apache.ratis.grpc.server.GrpcServerProtocolService$ServerRequestStreamObserver.onNext(GrpcServerProtocolService.java:124)
	at org.apache.ratis.thirdparty.io.grpc.stub.ServerCalls$StreamingServerCallHandler$StreamingServerCallListener.onMessage(ServerCalls.java:262)
	at org.apache.ratis.thirdparty.io.grpc.ForwardingServerCallListener.onMessage(ForwardingServerCallListener.java:33)
	at org.apache.ratis.thirdparty.io.grpc.internal.ServerCallImpl$ServerStreamListenerImpl.messagesAvailableInternal(ServerCallImpl.java:332)
	at org.apache.ratis.thirdparty.io.grpc.internal.ServerCallImpl$ServerStreamListenerImpl.messagesAvailable(ServerCallImpl.java:315)
	at org.apache.ratis.thirdparty.io.grpc.internal.ServerImpl$JumpToApplicationThreadServerStreamListener$1MessagesAvailable.runInContext(ServerImpl.java:834)
	at org.apache.ratis.thirdparty.io.grpc.internal.ContextRunnable.run(ContextRunnable.java:37)
	at org.apache.ratis.thirdparty.io.grpc.internal.SerializingExecutor.run(SerializingExecutor.java:133)
	at java.base/java.util.concurrent.ThreadPoolExecutor.runWorker(ThreadPoolExecutor.java:1128)
	at java.base/java.util.concurrent.ThreadPoolExecutor$Worker.run(ThreadPoolExecutor.java:628)
	at java.base/java.lang.Thread.run(Thread.java:829)
2023-02-09 08:26:13,337 [grpc-default-executor-7] INFO  leader.FollowerInfo (FollowerInfoImpl.java:lambda$new$0(52)) - s1@group-5D8BFF2AC38C->s0: nextIndex: updateUnconditionally 228 -> 83
2023-02-09 08:26:13,339 [grpc-default-executor-7] WARN  server.GrpcServerProtocolService (LogUtils.java:warn(124)) - s0: Failed APPEND_ENTRIES request s1->s0#273-t2,previous=(t:1, i:82),leaderCommit=227,initializing? true,entries: size=146, first=(t:2, i:83), CONFIGURATIONENTRY(current:id: "s0"
address: "localhost:42371"
dataStreamAddress: "localhost:43129"
clientAddress: "localhost:36379"
adminAddress: "localhost:36531"
startupRole: FOLLOWER
,id: "s1"
address: "localhost:35679"
dataStreamAddress: "localhost:42433"
clientAddress: "localhost:41371"
adminAddress: "localhost:44855"
startupRole: FOLLOWER
,id: "s2"
address: "localhost:39787"
dataStreamAddress: "localhost:33651"
clientAddress: "localhost:41113"
adminAddress: "localhost:44467"
startupRole: FOLLOWER
, old:)
java.util.concurrent.CompletionException: java.util.concurrent.RejectedExecutionException: Task java.util.concurrent.CompletableFuture$AsyncSupply@715f0c7c rejected from java.util.concurrent.ThreadPoolExecutor@4ecb30e4[Terminated, pool size = 0, active threads = 0, queued tasks = 0, completed tasks = 0]
	at java.base/java.util.concurrent.CompletableFuture.encodeThrowable(CompletableFuture.java:314)
	at java.base/java.util.concurrent.CompletableFuture.uniComposeStage(CompletableFuture.java:1113)
	at java.base/java.util.concurrent.CompletableFuture.thenCompose(CompletableFuture.java:2235)
	at org.apache.ratis.server.impl.RaftServerProxy.appendEntriesAsync(RaftServerProxy.java:634)
	at org.apache.ratis.grpc.server.GrpcServerProtocolService$1.process(GrpcServerProtocolService.java:219)
	at org.apache.ratis.grpc.server.GrpcServerProtocolService$1.process(GrpcServerProtocolService.java:216)
	at org.apache.ratis.grpc.server.GrpcServerProtocolService$ServerRequestStreamObserver.onNext(GrpcServerProtocolService.java:124)
	at org.apache.ratis.thirdparty.io.grpc.stub.ServerCalls$StreamingServerCallHandler$StreamingServerCallListener.onMessage(ServerCalls.java:262)
	at org.apache.ratis.thirdparty.io.grpc.ForwardingServerCallListener.onMessage(ForwardingServerCallListener.java:33)
	at org.apache.ratis.thirdparty.io.grpc.internal.ServerCallImpl$ServerStreamListenerImpl.messagesAvailableInternal(ServerCallImpl.java:332)
	at org.apache.ratis.thirdparty.io.grpc.internal.ServerCallImpl$ServerStreamListenerImpl.messagesAvailable(ServerCallImpl.java:315)
	at org.apache.ratis.thirdparty.io.grpc.internal.ServerImpl$JumpToApplicationThreadServerStreamListener$1MessagesAvailable.runInContext(ServerImpl.java:834)
	at org.apache.ratis.thirdparty.io.grpc.internal.ContextRunnable.run(ContextRunnable.java:37)
	at org.apache.ratis.thirdparty.io.grpc.internal.SerializingExecutor.run(SerializingExecutor.java:133)
	at java.base/java.util.concurrent.ThreadPoolExecutor.runWorker(ThreadPoolExecutor.java:1128)
	at java.base/java.util.concurrent.ThreadPoolExecutor$Worker.run(ThreadPoolExecutor.java:628)
	at java.base/java.lang.Thread.run(Thread.java:829)
Caused by: java.util.concurrent.RejectedExecutionException: Task java.util.concurrent.CompletableFuture$AsyncSupply@715f0c7c rejected from java.util.concurrent.ThreadPoolExecutor@4ecb30e4[Terminated, pool size = 0, active threads = 0, queued tasks = 0, completed tasks = 0]
	at java.base/java.util.concurrent.ThreadPoolExecutor$AbortPolicy.rejectedExecution(ThreadPoolExecutor.java:2055)
	at java.base/java.util.concurrent.ThreadPoolExecutor.reject(ThreadPoolExecutor.java:825)
	at java.base/java.util.concurrent.ThreadPoolExecutor.execute(ThreadPoolExecutor.java:1355)
	at java.base/java.util.concurrent.CompletableFuture.asyncSupplyStage(CompletableFuture.java:1714)
	at java.base/java.util.concurrent.CompletableFuture.supplyAsync(CompletableFuture.java:1931)
	at org.apache.ratis.server.impl.RaftServerImpl.executeSubmitServerRequestAsync(RaftServerImpl.java:817)
	at org.apache.ratis.server.impl.RaftServerProxy.lambda$appendEntriesAsync$27(RaftServerProxy.java:634)
	at java.base/java.util.concurrent.CompletableFuture.uniComposeStage(CompletableFuture.java:1106)
	... 15 more
2023-02-09 08:26:13,340 [grpc-default-executor-7] WARN  server.GrpcLogAppender (LogUtils.java:warn(124)) - s1@group-5D8BFF2AC38C->s0-AppendLogResponseHandler: Failed appendEntries
java.util.concurrent.RejectedExecutionException: Task java.util.concurrent.CompletableFuture$AsyncSupply@715f0c7c rejected from java.util.concurrent.ThreadPoolExecutor@4ecb30e4[Terminated, pool size = 0, active threads = 0, queued tasks = 0, completed tasks = 0]
	at java.base/java.util.concurrent.ThreadPoolExecutor$AbortPolicy.rejectedExecution(ThreadPoolExecutor.java:2055)
	at java.base/java.util.concurrent.ThreadPoolExecutor.reject(ThreadPoolExecutor.java:825)
	at java.base/java.util.concurrent.ThreadPoolExecutor.execute(ThreadPoolExecutor.java:1355)
	at java.base/java.util.concurrent.CompletableFuture.asyncSupplyStage(CompletableFuture.java:1714)
	at java.base/java.util.concurrent.CompletableFuture.supplyAsync(CompletableFuture.java:1931)
	at org.apache.ratis.server.impl.RaftServerImpl.executeSubmitServerRequestAsync(RaftServerImpl.java:817)
	at org.apache.ratis.server.impl.RaftServerProxy.lambda$appendEntriesAsync$27(RaftServerProxy.java:634)
	at java.base/java.util.concurrent.CompletableFuture.uniComposeStage(CompletableFuture.java:1106)
	at java.base/java.util.concurrent.CompletableFuture.thenCompose(CompletableFuture.java:2235)
	at org.apache.ratis.server.impl.RaftServerProxy.appendEntriesAsync(RaftServerProxy.java:634)
	at org.apache.ratis.grpc.server.GrpcServerProtocolService$1.process(GrpcServerProtocolService.java:219)
	at org.apache.ratis.grpc.server.GrpcServerProtocolService$1.process(GrpcServerProtocolService.java:216)
	at org.apache.ratis.grpc.server.GrpcServerProtocolService$ServerRequestStreamObserver.onNext(GrpcServerProtocolService.java:124)
	at org.apache.ratis.thirdparty.io.grpc.stub.ServerCalls$StreamingServerCallHandler$StreamingServerCallListener.onMessage(ServerCalls.java:262)
	at org.apache.ratis.thirdparty.io.grpc.ForwardingServerCallListener.onMessage(ForwardingServerCallListener.java:33)
	at org.apache.ratis.thirdparty.io.grpc.internal.ServerCallImpl$ServerStreamListenerImpl.messagesAvailableInternal(ServerCallImpl.java:332)
	at org.apache.ratis.thirdparty.io.grpc.internal.ServerCallImpl$ServerStreamListenerImpl.messagesAvailable(ServerCallImpl.java:315)
	at org.apache.ratis.thirdparty.io.grpc.internal.ServerImpl$JumpToApplicationThreadServerStreamListener$1MessagesAvailable.runInContext(ServerImpl.java:834)
	at org.apache.ratis.thirdparty.io.grpc.internal.ContextRunnable.run(ContextRunnable.java:37)
	at org.apache.ratis.thirdparty.io.grpc.internal.SerializingExecutor.run(SerializingExecutor.java:133)
	at java.base/java.util.concurrent.ThreadPoolExecutor.runWorker(ThreadPoolExecutor.java:1128)
	at java.base/java.util.concurrent.ThreadPoolExecutor$Worker.run(ThreadPoolExecutor.java:628)
	at java.base/java.lang.Thread.run(Thread.java:829)
2023-02-09 08:26:13,340 [grpc-default-executor-7] INFO  leader.FollowerInfo (FollowerInfoImpl.java:lambda$new$0(52)) - s1@group-5D8BFF2AC38C->s0: nextIndex: updateUnconditionally 229 -> 83
2023-02-09 08:26:13,341 [s2-server-thread1] DEBUG raftlog.RaftLog (SegmentedRaftLog.java:appendImpl(446)) - truncateIndex=-1, arrayIndex=0
2023-02-09 08:26:13,342 [grpc-default-executor-7] WARN  server.GrpcServerProtocolService (LogUtils.java:warn(124)) - s0: Failed APPEND_ENTRIES request s1->s0#275-t2,previous=(t:1, i:82),leaderCommit=228,initializing? true,entries: size=147, first=(t:2, i:83), CONFIGURATIONENTRY(current:id: "s0"
address: "localhost:42371"
dataStreamAddress: "localhost:43129"
clientAddress: "localhost:36379"
adminAddress: "localhost:36531"
startupRole: FOLLOWER
,id: "s1"
address: "localhost:35679"
dataStreamAddress: "localhost:42433"
clientAddress: "localhost:41371"
adminAddress: "localhost:44855"
startupRole: FOLLOWER
,id: "s2"
address: "localhost:39787"
dataStreamAddress: "localhost:33651"
clientAddress: "localhost:41113"
adminAddress: "localhost:44467"
startupRole: FOLLOWER
, old:)
java.util.concurrent.CompletionException: java.util.concurrent.RejectedExecutionException: Task java.util.concurrent.CompletableFuture$AsyncSupply@139223ce rejected from java.util.concurrent.ThreadPoolExecutor@4ecb30e4[Terminated, pool size = 0, active threads = 0, queued tasks = 0, completed tasks = 0]
	at java.base/java.util.concurrent.CompletableFuture.encodeThrowable(CompletableFuture.java:314)
	at java.base/java.util.concurrent.CompletableFuture.uniComposeStage(CompletableFuture.java:1113)
	at java.base/java.util.concurrent.CompletableFuture.thenCompose(CompletableFuture.java:2235)
	at org.apache.ratis.server.impl.RaftServerProxy.appendEntriesAsync(RaftServerProxy.java:634)
	at org.apache.ratis.grpc.server.GrpcServerProtocolService$1.process(GrpcServerProtocolService.java:219)
	at org.apache.ratis.grpc.server.GrpcServerProtocolService$1.process(GrpcServerProtocolService.java:216)
	at org.apache.ratis.grpc.server.GrpcServerProtocolService$ServerRequestStreamObserver.onNext(GrpcServerProtocolService.java:124)
	at org.apache.ratis.thirdparty.io.grpc.stub.ServerCalls$StreamingServerCallHandler$StreamingServerCallListener.onMessage(ServerCalls.java:262)
	at org.apache.ratis.thirdparty.io.grpc.ForwardingServerCallListener.onMessage(ForwardingServerCallListener.java:33)
	at org.apache.ratis.thirdparty.io.grpc.internal.ServerCallImpl$ServerStreamListenerImpl.messagesAvailableInternal(ServerCallImpl.java:332)
	at org.apache.ratis.thirdparty.io.grpc.internal.ServerCallImpl$ServerStreamListenerImpl.messagesAvailable(ServerCallImpl.java:315)
	at org.apache.ratis.thirdparty.io.grpc.internal.ServerImpl$JumpToApplicationThreadServerStreamListener$1MessagesAvailable.runInContext(ServerImpl.java:834)
	at org.apache.ratis.thirdparty.io.grpc.internal.ContextRunnable.run(ContextRunnable.java:37)
	at org.apache.ratis.thirdparty.io.grpc.internal.SerializingExecutor.run(SerializingExecutor.java:133)
	at java.base/java.util.concurrent.ThreadPoolExecutor.runWorker(ThreadPoolExecutor.java:1128)
	at java.base/java.util.concurrent.ThreadPoolExecutor$Worker.run(ThreadPoolExecutor.java:628)
	at java.base/java.lang.Thread.run(Thread.java:829)
Caused by: java.util.concurrent.RejectedExecutionException: Task java.util.concurrent.CompletableFuture$AsyncSupply@139223ce rejected from java.util.concurrent.ThreadPoolExecutor@4ecb30e4[Terminated, pool size = 0, active threads = 0, queued tasks = 0, completed tasks = 0]
	at java.base/java.util.concurrent.ThreadPoolExecutor$AbortPolicy.rejectedExecution(ThreadPoolExecutor.java:2055)
	at java.base/java.util.concurrent.ThreadPoolExecutor.reject(ThreadPoolExecutor.java:825)
	at java.base/java.util.concurrent.ThreadPoolExecutor.execute(ThreadPoolExecutor.java:1355)
	at java.base/java.util.concurrent.CompletableFuture.asyncSupplyStage(CompletableFuture.java:1714)
	at java.base/java.util.concurrent.CompletableFuture.supplyAsync(CompletableFuture.java:1931)
	at org.apache.ratis.server.impl.RaftServerImpl.executeSubmitServerRequestAsync(RaftServerImpl.java:817)
	at org.apache.ratis.server.impl.RaftServerProxy.lambda$appendEntriesAsync$27(RaftServerProxy.java:634)
	at java.base/java.util.concurrent.CompletableFuture.uniComposeStage(CompletableFuture.java:1106)
	... 15 more
2023-02-09 08:26:13,342 [s1@group-5D8BFF2AC38C-StateMachineUpdater] INFO  impl.SimpleStateMachine4Testing (SimpleStateMachine4Testing.java:put(205)) - s1: put 229, m112 -> (t:2, i:229), STATEMACHINELOGENTRY, 498@client-F516C80A2025
2023-02-09 08:26:13,343 [grpc-default-executor-5] WARN  server.GrpcLogAppender (LogUtils.java:warn(124)) - s1@group-5D8BFF2AC38C->s0-AppendLogResponseHandler: Failed appendEntries
java.util.concurrent.RejectedExecutionException: Task java.util.concurrent.CompletableFuture$AsyncSupply@139223ce rejected from java.util.concurrent.ThreadPoolExecutor@4ecb30e4[Terminated, pool size = 0, active threads = 0, queued tasks = 0, completed tasks = 0]
	at java.base/java.util.concurrent.ThreadPoolExecutor$AbortPolicy.rejectedExecution(ThreadPoolExecutor.java:2055)
	at java.base/java.util.concurrent.ThreadPoolExecutor.reject(ThreadPoolExecutor.java:825)
	at java.base/java.util.concurrent.ThreadPoolExecutor.execute(ThreadPoolExecutor.java:1355)
	at java.base/java.util.concurrent.CompletableFuture.asyncSupplyStage(CompletableFuture.java:1714)
	at java.base/java.util.concurrent.CompletableFuture.supplyAsync(CompletableFuture.java:1931)
	at org.apache.ratis.server.impl.RaftServerImpl.executeSubmitServerRequestAsync(RaftServerImpl.java:817)
	at org.apache.ratis.server.impl.RaftServerProxy.lambda$appendEntriesAsync$27(RaftServerProxy.java:634)
	at java.base/java.util.concurrent.CompletableFuture.uniComposeStage(CompletableFuture.java:1106)
	at java.base/java.util.concurrent.CompletableFuture.thenCompose(CompletableFuture.java:2235)
	at org.apache.ratis.server.impl.RaftServerProxy.appendEntriesAsync(RaftServerProxy.java:634)
	at org.apache.ratis.grpc.server.GrpcServerProtocolService$1.process(GrpcServerProtocolService.java:219)
	at org.apache.ratis.grpc.server.GrpcServerProtocolService$1.process(GrpcServerProtocolService.java:216)
	at org.apache.ratis.grpc.server.GrpcServerProtocolService$ServerRequestStreamObserver.onNext(GrpcServerProtocolService.java:124)
	at org.apache.ratis.thirdparty.io.grpc.stub.ServerCalls$StreamingServerCallHandler$StreamingServerCallListener.onMessage(ServerCalls.java:262)
	at org.apache.ratis.thirdparty.io.grpc.ForwardingServerCallListener.onMessage(ForwardingServerCallListener.java:33)
	at org.apache.ratis.thirdparty.io.grpc.internal.ServerCallImpl$ServerStreamListenerImpl.messagesAvailableInternal(ServerCallImpl.java:332)
	at org.apache.ratis.thirdparty.io.grpc.internal.ServerCallImpl$ServerStreamListenerImpl.messagesAvailable(ServerCallImpl.java:315)
	at org.apache.ratis.thirdparty.io.grpc.internal.ServerImpl$JumpToApplicationThreadServerStreamListener$1MessagesAvailable.runInContext(ServerImpl.java:834)
	at org.apache.ratis.thirdparty.io.grpc.internal.ContextRunnable.run(ContextRunnable.java:37)
	at org.apache.ratis.thirdparty.io.grpc.internal.SerializingExecutor.run(SerializingExecutor.java:133)
	at java.base/java.util.concurrent.ThreadPoolExecutor.runWorker(ThreadPoolExecutor.java:1128)
	at java.base/java.util.concurrent.ThreadPoolExecutor$Worker.run(ThreadPoolExecutor.java:628)
	at java.base/java.lang.Thread.run(Thread.java:829)
2023-02-09 08:26:13,343 [grpc-default-executor-5] INFO  leader.FollowerInfo (FollowerInfoImpl.java:lambda$new$0(52)) - s1@group-5D8BFF2AC38C->s0: nextIndex: updateUnconditionally 230 -> 83
2023-02-09 08:26:13,344 [s2-server-thread1] DEBUG raftlog.RaftLog (SegmentedRaftLog.java:appendImpl(446)) - truncateIndex=-1, arrayIndex=0
2023-02-09 08:26:13,344 [s2@group-5D8BFF2AC38C-StateMachineUpdater] INFO  impl.SimpleStateMachine4Testing (SimpleStateMachine4Testing.java:put(205)) - s2: put 229, m112 -> (t:2, i:229), STATEMACHINELOGENTRY, 498@client-F516C80A2025
2023-02-09 08:26:13,346 [s2-server-thread1] DEBUG raftlog.RaftLog (SegmentedRaftLog.java:appendImpl(446)) - truncateIndex=-1, arrayIndex=0
2023-02-09 08:26:13,346 [grpc-default-executor-7] WARN  server.GrpcServerProtocolService (LogUtils.java:warn(124)) - s0: Failed APPEND_ENTRIES request s1->s0#278-t2,previous=(t:1, i:82),leaderCommit=229,initializing? true,entries: size=148, first=(t:2, i:83), CONFIGURATIONENTRY(current:id: "s0"
address: "localhost:42371"
dataStreamAddress: "localhost:43129"
clientAddress: "localhost:36379"
adminAddress: "localhost:36531"
startupRole: FOLLOWER
,id: "s1"
address: "localhost:35679"
dataStreamAddress: "localhost:42433"
clientAddress: "localhost:41371"
adminAddress: "localhost:44855"
startupRole: FOLLOWER
,id: "s2"
address: "localhost:39787"
dataStreamAddress: "localhost:33651"
clientAddress: "localhost:41113"
adminAddress: "localhost:44467"
startupRole: FOLLOWER
, old:)
java.util.concurrent.CompletionException: java.util.concurrent.RejectedExecutionException: Task java.util.concurrent.CompletableFuture$AsyncSupply@1ec0d550 rejected from java.util.concurrent.ThreadPoolExecutor@4ecb30e4[Terminated, pool size = 0, active threads = 0, queued tasks = 0, completed tasks = 0]
	at java.base/java.util.concurrent.CompletableFuture.encodeThrowable(CompletableFuture.java:314)
	at java.base/java.util.concurrent.CompletableFuture.uniComposeStage(CompletableFuture.java:1113)
	at java.base/java.util.concurrent.CompletableFuture.thenCompose(CompletableFuture.java:2235)
	at org.apache.ratis.server.impl.RaftServerProxy.appendEntriesAsync(RaftServerProxy.java:634)
	at org.apache.ratis.grpc.server.GrpcServerProtocolService$1.process(GrpcServerProtocolService.java:219)
	at org.apache.ratis.grpc.server.GrpcServerProtocolService$1.process(GrpcServerProtocolService.java:216)
	at org.apache.ratis.grpc.server.GrpcServerProtocolService$ServerRequestStreamObserver.onNext(GrpcServerProtocolService.java:124)
	at org.apache.ratis.thirdparty.io.grpc.stub.ServerCalls$StreamingServerCallHandler$StreamingServerCallListener.onMessage(ServerCalls.java:262)
	at org.apache.ratis.thirdparty.io.grpc.ForwardingServerCallListener.onMessage(ForwardingServerCallListener.java:33)
	at org.apache.ratis.thirdparty.io.grpc.internal.ServerCallImpl$ServerStreamListenerImpl.messagesAvailableInternal(ServerCallImpl.java:332)
	at org.apache.ratis.thirdparty.io.grpc.internal.ServerCallImpl$ServerStreamListenerImpl.messagesAvailable(ServerCallImpl.java:315)
	at org.apache.ratis.thirdparty.io.grpc.internal.ServerImpl$JumpToApplicationThreadServerStreamListener$1MessagesAvailable.runInContext(ServerImpl.java:834)
	at org.apache.ratis.thirdparty.io.grpc.internal.ContextRunnable.run(ContextRunnable.java:37)
	at org.apache.ratis.thirdparty.io.grpc.internal.SerializingExecutor.run(SerializingExecutor.java:133)
	at java.base/java.util.concurrent.ThreadPoolExecutor.runWorker(ThreadPoolExecutor.java:1128)
	at java.base/java.util.concurrent.ThreadPoolExecutor$Worker.run(ThreadPoolExecutor.java:628)
	at java.base/java.lang.Thread.run(Thread.java:829)
Caused by: java.util.concurrent.RejectedExecutionException: Task java.util.concurrent.CompletableFuture$AsyncSupply@1ec0d550 rejected from java.util.concurrent.ThreadPoolExecutor@4ecb30e4[Terminated, pool size = 0, active threads = 0, queued tasks = 0, completed tasks = 0]
	at java.base/java.util.concurrent.ThreadPoolExecutor$AbortPolicy.rejectedExecution(ThreadPoolExecutor.java:2055)
	at java.base/java.util.concurrent.ThreadPoolExecutor.reject(ThreadPoolExecutor.java:825)
	at java.base/java.util.concurrent.ThreadPoolExecutor.execute(ThreadPoolExecutor.java:1355)
	at java.base/java.util.concurrent.CompletableFuture.asyncSupplyStage(CompletableFuture.java:1714)
	at java.base/java.util.concurrent.CompletableFuture.supplyAsync(CompletableFuture.java:1931)
	at org.apache.ratis.server.impl.RaftServerImpl.executeSubmitServerRequestAsync(RaftServerImpl.java:817)
	at org.apache.ratis.server.impl.RaftServerProxy.lambda$appendEntriesAsync$27(RaftServerProxy.java:634)
	at java.base/java.util.concurrent.CompletableFuture.uniComposeStage(CompletableFuture.java:1106)
	... 15 more
2023-02-09 08:26:13,347 [s1@group-5D8BFF2AC38C-StateMachineUpdater] INFO  impl.SimpleStateMachine4Testing (SimpleStateMachine4Testing.java:put(205)) - s1: put 231, m113 -> (t:2, i:231), STATEMACHINELOGENTRY, 499@client-F516C80A2025
2023-02-09 08:26:13,348 [grpc-default-executor-5] WARN  server.GrpcLogAppender (LogUtils.java:warn(124)) - s1@group-5D8BFF2AC38C->s0-AppendLogResponseHandler: Failed appendEntries
java.util.concurrent.RejectedExecutionException: Task java.util.concurrent.CompletableFuture$AsyncSupply@1ec0d550 rejected from java.util.concurrent.ThreadPoolExecutor@4ecb30e4[Terminated, pool size = 0, active threads = 0, queued tasks = 0, completed tasks = 0]
	at java.base/java.util.concurrent.ThreadPoolExecutor$AbortPolicy.rejectedExecution(ThreadPoolExecutor.java:2055)
	at java.base/java.util.concurrent.ThreadPoolExecutor.reject(ThreadPoolExecutor.java:825)
	at java.base/java.util.concurrent.ThreadPoolExecutor.execute(ThreadPoolExecutor.java:1355)
	at java.base/java.util.concurrent.CompletableFuture.asyncSupplyStage(CompletableFuture.java:1714)
	at java.base/java.util.concurrent.CompletableFuture.supplyAsync(CompletableFuture.java:1931)
	at org.apache.ratis.server.impl.RaftServerImpl.executeSubmitServerRequestAsync(RaftServerImpl.java:817)
	at org.apache.ratis.server.impl.RaftServerProxy.lambda$appendEntriesAsync$27(RaftServerProxy.java:634)
	at java.base/java.util.concurrent.CompletableFuture.uniComposeStage(CompletableFuture.java:1106)
	at java.base/java.util.concurrent.CompletableFuture.thenCompose(CompletableFuture.java:2235)
	at org.apache.ratis.server.impl.RaftServerProxy.appendEntriesAsync(RaftServerProxy.java:634)
	at org.apache.ratis.grpc.server.GrpcServerProtocolService$1.process(GrpcServerProtocolService.java:219)
	at org.apache.ratis.grpc.server.GrpcServerProtocolService$1.process(GrpcServerProtocolService.java:216)
	at org.apache.ratis.grpc.server.GrpcServerProtocolService$ServerRequestStreamObserver.onNext(GrpcServerProtocolService.java:124)
	at org.apache.ratis.thirdparty.io.grpc.stub.ServerCalls$StreamingServerCallHandler$StreamingServerCallListener.onMessage(ServerCalls.java:262)
	at org.apache.ratis.thirdparty.io.grpc.ForwardingServerCallListener.onMessage(ForwardingServerCallListener.java:33)
	at org.apache.ratis.thirdparty.io.grpc.internal.ServerCallImpl$ServerStreamListenerImpl.messagesAvailableInternal(ServerCallImpl.java:332)
	at org.apache.ratis.thirdparty.io.grpc.internal.ServerCallImpl$ServerStreamListenerImpl.messagesAvailable(ServerCallImpl.java:315)
	at org.apache.ratis.thirdparty.io.grpc.internal.ServerImpl$JumpToApplicationThreadServerStreamListener$1MessagesAvailable.runInContext(ServerImpl.java:834)
	at org.apache.ratis.thirdparty.io.grpc.internal.ContextRunnable.run(ContextRunnable.java:37)
	at org.apache.ratis.thirdparty.io.grpc.internal.SerializingExecutor.run(SerializingExecutor.java:133)
	at java.base/java.util.concurrent.ThreadPoolExecutor.runWorker(ThreadPoolExecutor.java:1128)
	at java.base/java.util.concurrent.ThreadPoolExecutor$Worker.run(ThreadPoolExecutor.java:628)
	at java.base/java.lang.Thread.run(Thread.java:829)
2023-02-09 08:26:13,349 [grpc-default-executor-5] INFO  leader.FollowerInfo (FollowerInfoImpl.java:lambda$new$0(52)) - s1@group-5D8BFF2AC38C->s0: nextIndex: updateUnconditionally 231 -> 83
2023-02-09 08:26:13,350 [s2-server-thread1] DEBUG raftlog.RaftLog (SegmentedRaftLog.java:appendImpl(446)) - truncateIndex=-1, arrayIndex=0
2023-02-09 08:26:13,350 [s2@group-5D8BFF2AC38C-StateMachineUpdater] INFO  impl.SimpleStateMachine4Testing (SimpleStateMachine4Testing.java:put(205)) - s2: put 231, m113 -> (t:2, i:231), STATEMACHINELOGENTRY, 499@client-F516C80A2025
2023-02-09 08:26:13,352 [grpc-default-executor-9] WARN  server.GrpcServerProtocolService (LogUtils.java:warn(124)) - s0: Failed APPEND_ENTRIES request s1->s0#283-t2,previous=(t:1, i:82),leaderCommit=231,initializing? true,entries: size=150, first=(t:2, i:83), CONFIGURATIONENTRY(current:id: "s0"
address: "localhost:42371"
dataStreamAddress: "localhost:43129"
clientAddress: "localhost:36379"
adminAddress: "localhost:36531"
startupRole: FOLLOWER
,id: "s1"
address: "localhost:35679"
dataStreamAddress: "localhost:42433"
clientAddress: "localhost:41371"
adminAddress: "localhost:44855"
startupRole: FOLLOWER
,id: "s2"
address: "localhost:39787"
dataStreamAddress: "localhost:33651"
clientAddress: "localhost:41113"
adminAddress: "localhost:44467"
startupRole: FOLLOWER
, old:)
java.util.concurrent.CompletionException: java.util.concurrent.RejectedExecutionException: Task java.util.concurrent.CompletableFuture$AsyncSupply@1caa1cbb rejected from java.util.concurrent.ThreadPoolExecutor@4ecb30e4[Terminated, pool size = 0, active threads = 0, queued tasks = 0, completed tasks = 0]
	at java.base/java.util.concurrent.CompletableFuture.encodeThrowable(CompletableFuture.java:314)
	at java.base/java.util.concurrent.CompletableFuture.uniComposeStage(CompletableFuture.java:1113)
	at java.base/java.util.concurrent.CompletableFuture.thenCompose(CompletableFuture.java:2235)
	at org.apache.ratis.server.impl.RaftServerProxy.appendEntriesAsync(RaftServerProxy.java:634)
	at org.apache.ratis.grpc.server.GrpcServerProtocolService$1.process(GrpcServerProtocolService.java:219)
	at org.apache.ratis.grpc.server.GrpcServerProtocolService$1.process(GrpcServerProtocolService.java:216)
	at org.apache.ratis.grpc.server.GrpcServerProtocolService$ServerRequestStreamObserver.onNext(GrpcServerProtocolService.java:124)
	at org.apache.ratis.thirdparty.io.grpc.stub.ServerCalls$StreamingServerCallHandler$StreamingServerCallListener.onMessage(ServerCalls.java:262)
	at org.apache.ratis.thirdparty.io.grpc.ForwardingServerCallListener.onMessage(ForwardingServerCallListener.java:33)
	at org.apache.ratis.thirdparty.io.grpc.internal.ServerCallImpl$ServerStreamListenerImpl.messagesAvailableInternal(ServerCallImpl.java:332)
	at org.apache.ratis.thirdparty.io.grpc.internal.ServerCallImpl$ServerStreamListenerImpl.messagesAvailable(ServerCallImpl.java:315)
	at org.apache.ratis.thirdparty.io.grpc.internal.ServerImpl$JumpToApplicationThreadServerStreamListener$1MessagesAvailable.runInContext(ServerImpl.java:834)
	at org.apache.ratis.thirdparty.io.grpc.internal.ContextRunnable.run(ContextRunnable.java:37)
	at org.apache.ratis.thirdparty.io.grpc.internal.SerializingExecutor.run(SerializingExecutor.java:133)
	at java.base/java.util.concurrent.ThreadPoolExecutor.runWorker(ThreadPoolExecutor.java:1128)
	at java.base/java.util.concurrent.ThreadPoolExecutor$Worker.run(ThreadPoolExecutor.java:628)
	at java.base/java.lang.Thread.run(Thread.java:829)
Caused by: java.util.concurrent.RejectedExecutionException: Task java.util.concurrent.CompletableFuture$AsyncSupply@1caa1cbb rejected from java.util.concurrent.ThreadPoolExecutor@4ecb30e4[Terminated, pool size = 0, active threads = 0, queued tasks = 0, completed tasks = 0]
	at java.base/java.util.concurrent.ThreadPoolExecutor$AbortPolicy.rejectedExecution(ThreadPoolExecutor.java:2055)
	at java.base/java.util.concurrent.ThreadPoolExecutor.reject(ThreadPoolExecutor.java:825)
	at java.base/java.util.concurrent.ThreadPoolExecutor.execute(ThreadPoolExecutor.java:1355)
	at java.base/java.util.concurrent.CompletableFuture.asyncSupplyStage(CompletableFuture.java:1714)
	at java.base/java.util.concurrent.CompletableFuture.supplyAsync(CompletableFuture.java:1931)
	at org.apache.ratis.server.impl.RaftServerImpl.executeSubmitServerRequestAsync(RaftServerImpl.java:817)
	at org.apache.ratis.server.impl.RaftServerProxy.lambda$appendEntriesAsync$27(RaftServerProxy.java:634)
	at java.base/java.util.concurrent.CompletableFuture.uniComposeStage(CompletableFuture.java:1106)
	... 15 more
2023-02-09 08:26:13,353 [grpc-default-executor-5] WARN  server.GrpcLogAppender (LogUtils.java:warn(124)) - s1@group-5D8BFF2AC38C->s0-AppendLogResponseHandler: Failed appendEntries
java.util.concurrent.RejectedExecutionException: Task java.util.concurrent.CompletableFuture$AsyncSupply@1caa1cbb rejected from java.util.concurrent.ThreadPoolExecutor@4ecb30e4[Terminated, pool size = 0, active threads = 0, queued tasks = 0, completed tasks = 0]
	at java.base/java.util.concurrent.ThreadPoolExecutor$AbortPolicy.rejectedExecution(ThreadPoolExecutor.java:2055)
	at java.base/java.util.concurrent.ThreadPoolExecutor.reject(ThreadPoolExecutor.java:825)
	at java.base/java.util.concurrent.ThreadPoolExecutor.execute(ThreadPoolExecutor.java:1355)
	at java.base/java.util.concurrent.CompletableFuture.asyncSupplyStage(CompletableFuture.java:1714)
	at java.base/java.util.concurrent.CompletableFuture.supplyAsync(CompletableFuture.java:1931)
	at org.apache.ratis.server.impl.RaftServerImpl.executeSubmitServerRequestAsync(RaftServerImpl.java:817)
	at org.apache.ratis.server.impl.RaftServerProxy.lambda$appendEntriesAsync$27(RaftServerProxy.java:634)
	at java.base/java.util.concurrent.CompletableFuture.uniComposeStage(CompletableFuture.java:1106)
	at java.base/java.util.concurrent.CompletableFuture.thenCompose(CompletableFuture.java:2235)
	at org.apache.ratis.server.impl.RaftServerProxy.appendEntriesAsync(RaftServerProxy.java:634)
	at org.apache.ratis.grpc.server.GrpcServerProtocolService$1.process(GrpcServerProtocolService.java:219)
	at org.apache.ratis.grpc.server.GrpcServerProtocolService$1.process(GrpcServerProtocolService.java:216)
	at org.apache.ratis.grpc.server.GrpcServerProtocolService$ServerRequestStreamObserver.onNext(GrpcServerProtocolService.java:124)
	at org.apache.ratis.thirdparty.io.grpc.stub.ServerCalls$StreamingServerCallHandler$StreamingServerCallListener.onMessage(ServerCalls.java:262)
	at org.apache.ratis.thirdparty.io.grpc.ForwardingServerCallListener.onMessage(ForwardingServerCallListener.java:33)
	at org.apache.ratis.thirdparty.io.grpc.internal.ServerCallImpl$ServerStreamListenerImpl.messagesAvailableInternal(ServerCallImpl.java:332)
	at org.apache.ratis.thirdparty.io.grpc.internal.ServerCallImpl$ServerStreamListenerImpl.messagesAvailable(ServerCallImpl.java:315)
	at org.apache.ratis.thirdparty.io.grpc.internal.ServerImpl$JumpToApplicationThreadServerStreamListener$1MessagesAvailable.runInContext(ServerImpl.java:834)
	at org.apache.ratis.thirdparty.io.grpc.internal.ContextRunnable.run(ContextRunnable.java:37)
	at org.apache.ratis.thirdparty.io.grpc.internal.SerializingExecutor.run(SerializingExecutor.java:133)
	at java.base/java.util.concurrent.ThreadPoolExecutor.runWorker(ThreadPoolExecutor.java:1128)
	at java.base/java.util.concurrent.ThreadPoolExecutor$Worker.run(ThreadPoolExecutor.java:628)
	at java.base/java.lang.Thread.run(Thread.java:829)
2023-02-09 08:26:13,353 [grpc-default-executor-5] INFO  leader.FollowerInfo (FollowerInfoImpl.java:lambda$new$0(52)) - s1@group-5D8BFF2AC38C->s0: nextIndex: updateUnconditionally 233 -> 83
2023-02-09 08:26:13,354 [s2-server-thread1] DEBUG raftlog.RaftLog (SegmentedRaftLog.java:appendImpl(446)) - truncateIndex=-1, arrayIndex=0
2023-02-09 08:26:13,355 [grpc-default-executor-7] WARN  server.GrpcServerProtocolService (LogUtils.java:warn(124)) - s0: Failed APPEND_ENTRIES request s1->s0#285-t2,previous=(t:1, i:82),leaderCommit=232,initializing? true,entries: size=151, first=(t:2, i:83), CONFIGURATIONENTRY(current:id: "s0"
address: "localhost:42371"
dataStreamAddress: "localhost:43129"
clientAddress: "localhost:36379"
adminAddress: "localhost:36531"
startupRole: FOLLOWER
,id: "s1"
address: "localhost:35679"
dataStreamAddress: "localhost:42433"
clientAddress: "localhost:41371"
adminAddress: "localhost:44855"
startupRole: FOLLOWER
,id: "s2"
address: "localhost:39787"
dataStreamAddress: "localhost:33651"
clientAddress: "localhost:41113"
adminAddress: "localhost:44467"
startupRole: FOLLOWER
, old:)
java.util.concurrent.CompletionException: java.util.concurrent.RejectedExecutionException: Task java.util.concurrent.CompletableFuture$AsyncSupply@15953de1 rejected from java.util.concurrent.ThreadPoolExecutor@4ecb30e4[Terminated, pool size = 0, active threads = 0, queued tasks = 0, completed tasks = 0]
	at java.base/java.util.concurrent.CompletableFuture.encodeThrowable(CompletableFuture.java:314)
	at java.base/java.util.concurrent.CompletableFuture.uniComposeStage(CompletableFuture.java:1113)
	at java.base/java.util.concurrent.CompletableFuture.thenCompose(CompletableFuture.java:2235)
	at org.apache.ratis.server.impl.RaftServerProxy.appendEntriesAsync(RaftServerProxy.java:634)
	at org.apache.ratis.grpc.server.GrpcServerProtocolService$1.process(GrpcServerProtocolService.java:219)
	at org.apache.ratis.grpc.server.GrpcServerProtocolService$1.process(GrpcServerProtocolService.java:216)
	at org.apache.ratis.grpc.server.GrpcServerProtocolService$ServerRequestStreamObserver.onNext(GrpcServerProtocolService.java:124)
	at org.apache.ratis.thirdparty.io.grpc.stub.ServerCalls$StreamingServerCallHandler$StreamingServerCallListener.onMessage(ServerCalls.java:262)
	at org.apache.ratis.thirdparty.io.grpc.ForwardingServerCallListener.onMessage(ForwardingServerCallListener.java:33)
	at org.apache.ratis.thirdparty.io.grpc.internal.ServerCallImpl$ServerStreamListenerImpl.messagesAvailableInternal(ServerCallImpl.java:332)
	at org.apache.ratis.thirdparty.io.grpc.internal.ServerCallImpl$ServerStreamListenerImpl.messagesAvailable(ServerCallImpl.java:315)
	at org.apache.ratis.thirdparty.io.grpc.internal.ServerImpl$JumpToApplicationThreadServerStreamListener$1MessagesAvailable.runInContext(ServerImpl.java:834)
	at org.apache.ratis.thirdparty.io.grpc.internal.ContextRunnable.run(ContextRunnable.java:37)
	at org.apache.ratis.thirdparty.io.grpc.internal.SerializingExecutor.run(SerializingExecutor.java:133)
	at java.base/java.util.concurrent.ThreadPoolExecutor.runWorker(ThreadPoolExecutor.java:1128)
	at java.base/java.util.concurrent.ThreadPoolExecutor$Worker.run(ThreadPoolExecutor.java:628)
	at java.base/java.lang.Thread.run(Thread.java:829)
Caused by: java.util.concurrent.RejectedExecutionException: Task java.util.concurrent.CompletableFuture$AsyncSupply@15953de1 rejected from java.util.concurrent.ThreadPoolExecutor@4ecb30e4[Terminated, pool size = 0, active threads = 0, queued tasks = 0, completed tasks = 0]
	at java.base/java.util.concurrent.ThreadPoolExecutor$AbortPolicy.rejectedExecution(ThreadPoolExecutor.java:2055)
	at java.base/java.util.concurrent.ThreadPoolExecutor.reject(ThreadPoolExecutor.java:825)
	at java.base/java.util.concurrent.ThreadPoolExecutor.execute(ThreadPoolExecutor.java:1355)
	at java.base/java.util.concurrent.CompletableFuture.asyncSupplyStage(CompletableFuture.java:1714)
	at java.base/java.util.concurrent.CompletableFuture.supplyAsync(CompletableFuture.java:1931)
	at org.apache.ratis.server.impl.RaftServerImpl.executeSubmitServerRequestAsync(RaftServerImpl.java:817)
	at org.apache.ratis.server.impl.RaftServerProxy.lambda$appendEntriesAsync$27(RaftServerProxy.java:634)
	at java.base/java.util.concurrent.CompletableFuture.uniComposeStage(CompletableFuture.java:1106)
	... 15 more
2023-02-09 08:26:13,356 [grpc-default-executor-5] WARN  server.GrpcLogAppender (LogUtils.java:warn(124)) - s1@group-5D8BFF2AC38C->s0-AppendLogResponseHandler: Failed appendEntries
java.util.concurrent.RejectedExecutionException: Task java.util.concurrent.CompletableFuture$AsyncSupply@15953de1 rejected from java.util.concurrent.ThreadPoolExecutor@4ecb30e4[Terminated, pool size = 0, active threads = 0, queued tasks = 0, completed tasks = 0]
	at java.base/java.util.concurrent.ThreadPoolExecutor$AbortPolicy.rejectedExecution(ThreadPoolExecutor.java:2055)
	at java.base/java.util.concurrent.ThreadPoolExecutor.reject(ThreadPoolExecutor.java:825)
	at java.base/java.util.concurrent.ThreadPoolExecutor.execute(ThreadPoolExecutor.java:1355)
	at java.base/java.util.concurrent.CompletableFuture.asyncSupplyStage(CompletableFuture.java:1714)
	at java.base/java.util.concurrent.CompletableFuture.supplyAsync(CompletableFuture.java:1931)
	at org.apache.ratis.server.impl.RaftServerImpl.executeSubmitServerRequestAsync(RaftServerImpl.java:817)
	at org.apache.ratis.server.impl.RaftServerProxy.lambda$appendEntriesAsync$27(RaftServerProxy.java:634)
	at java.base/java.util.concurrent.CompletableFuture.uniComposeStage(CompletableFuture.java:1106)
	at java.base/java.util.concurrent.CompletableFuture.thenCompose(CompletableFuture.java:2235)
	at org.apache.ratis.server.impl.RaftServerProxy.appendEntriesAsync(RaftServerProxy.java:634)
	at org.apache.ratis.grpc.server.GrpcServerProtocolService$1.process(GrpcServerProtocolService.java:219)
	at org.apache.ratis.grpc.server.GrpcServerProtocolService$1.process(GrpcServerProtocolService.java:216)
	at org.apache.ratis.grpc.server.GrpcServerProtocolService$ServerRequestStreamObserver.onNext(GrpcServerProtocolService.java:124)
	at org.apache.ratis.thirdparty.io.grpc.stub.ServerCalls$StreamingServerCallHandler$StreamingServerCallListener.onMessage(ServerCalls.java:262)
	at org.apache.ratis.thirdparty.io.grpc.ForwardingServerCallListener.onMessage(ForwardingServerCallListener.java:33)
	at org.apache.ratis.thirdparty.io.grpc.internal.ServerCallImpl$ServerStreamListenerImpl.messagesAvailableInternal(ServerCallImpl.java:332)
	at org.apache.ratis.thirdparty.io.grpc.internal.ServerCallImpl$ServerStreamListenerImpl.messagesAvailable(ServerCallImpl.java:315)
	at org.apache.ratis.thirdparty.io.grpc.internal.ServerImpl$JumpToApplicationThreadServerStreamListener$1MessagesAvailable.runInContext(ServerImpl.java:834)
	at org.apache.ratis.thirdparty.io.grpc.internal.ContextRunnable.run(ContextRunnable.java:37)
	at org.apache.ratis.thirdparty.io.grpc.internal.SerializingExecutor.run(SerializingExecutor.java:133)
	at java.base/java.util.concurrent.ThreadPoolExecutor.runWorker(ThreadPoolExecutor.java:1128)
	at java.base/java.util.concurrent.ThreadPoolExecutor$Worker.run(ThreadPoolExecutor.java:628)
	at java.base/java.lang.Thread.run(Thread.java:829)
2023-02-09 08:26:13,356 [grpc-default-executor-5] INFO  leader.FollowerInfo (FollowerInfoImpl.java:lambda$new$0(52)) - s1@group-5D8BFF2AC38C->s0: nextIndex: updateUnconditionally 234 -> 83
2023-02-09 08:26:13,359 [s1@group-5D8BFF2AC38C-StateMachineUpdater] INFO  impl.SimpleStateMachine4Testing (SimpleStateMachine4Testing.java:put(205)) - s1: put 233, m114 -> (t:2, i:233), STATEMACHINELOGENTRY, 500@client-F516C80A2025
2023-02-09 08:26:13,359 [s2-server-thread1] DEBUG raftlog.RaftLog (SegmentedRaftLog.java:appendImpl(446)) - truncateIndex=-1, arrayIndex=0
2023-02-09 08:26:13,360 [grpc-default-executor-9] WARN  server.GrpcServerProtocolService (LogUtils.java:warn(124)) - s0: Failed APPEND_ENTRIES request s1->s0#286-t2,previous=(t:1, i:82),leaderCommit=232,initializing? true,entries: size=151, first=(t:2, i:83), CONFIGURATIONENTRY(current:id: "s0"
address: "localhost:42371"
dataStreamAddress: "localhost:43129"
clientAddress: "localhost:36379"
adminAddress: "localhost:36531"
startupRole: FOLLOWER
,id: "s1"
address: "localhost:35679"
dataStreamAddress: "localhost:42433"
clientAddress: "localhost:41371"
adminAddress: "localhost:44855"
startupRole: FOLLOWER
,id: "s2"
address: "localhost:39787"
dataStreamAddress: "localhost:33651"
clientAddress: "localhost:41113"
adminAddress: "localhost:44467"
startupRole: FOLLOWER
, old:)
java.util.concurrent.CompletionException: java.util.concurrent.RejectedExecutionException: Task java.util.concurrent.CompletableFuture$AsyncSupply@32c3fc51 rejected from java.util.concurrent.ThreadPoolExecutor@4ecb30e4[Terminated, pool size = 0, active threads = 0, queued tasks = 0, completed tasks = 0]
	at java.base/java.util.concurrent.CompletableFuture.encodeThrowable(CompletableFuture.java:314)
	at java.base/java.util.concurrent.CompletableFuture.uniComposeStage(CompletableFuture.java:1113)
	at java.base/java.util.concurrent.CompletableFuture.thenCompose(CompletableFuture.java:2235)
	at org.apache.ratis.server.impl.RaftServerProxy.appendEntriesAsync(RaftServerProxy.java:634)
	at org.apache.ratis.grpc.server.GrpcServerProtocolService$1.process(GrpcServerProtocolService.java:219)
	at org.apache.ratis.grpc.server.GrpcServerProtocolService$1.process(GrpcServerProtocolService.java:216)
	at org.apache.ratis.grpc.server.GrpcServerProtocolService$ServerRequestStreamObserver.onNext(GrpcServerProtocolService.java:124)
	at org.apache.ratis.thirdparty.io.grpc.stub.ServerCalls$StreamingServerCallHandler$StreamingServerCallListener.onMessage(ServerCalls.java:262)
	at org.apache.ratis.thirdparty.io.grpc.ForwardingServerCallListener.onMessage(ForwardingServerCallListener.java:33)
	at org.apache.ratis.thirdparty.io.grpc.internal.ServerCallImpl$ServerStreamListenerImpl.messagesAvailableInternal(ServerCallImpl.java:332)
	at org.apache.ratis.thirdparty.io.grpc.internal.ServerCallImpl$ServerStreamListenerImpl.messagesAvailable(ServerCallImpl.java:315)
	at org.apache.ratis.thirdparty.io.grpc.internal.ServerImpl$JumpToApplicationThreadServerStreamListener$1MessagesAvailable.runInContext(ServerImpl.java:834)
	at org.apache.ratis.thirdparty.io.grpc.internal.ContextRunnable.run(ContextRunnable.java:37)
	at org.apache.ratis.thirdparty.io.grpc.internal.SerializingExecutor.run(SerializingExecutor.java:133)
	at java.base/java.util.concurrent.ThreadPoolExecutor.runWorker(ThreadPoolExecutor.java:1128)
	at java.base/java.util.concurrent.ThreadPoolExecutor$Worker.run(ThreadPoolExecutor.java:628)
	at java.base/java.lang.Thread.run(Thread.java:829)
Caused by: java.util.concurrent.RejectedExecutionException: Task java.util.concurrent.CompletableFuture$AsyncSupply@32c3fc51 rejected from java.util.concurrent.ThreadPoolExecutor@4ecb30e4[Terminated, pool size = 0, active threads = 0, queued tasks = 0, completed tasks = 0]
	at java.base/java.util.concurrent.ThreadPoolExecutor$AbortPolicy.rejectedExecution(ThreadPoolExecutor.java:2055)
	at java.base/java.util.concurrent.ThreadPoolExecutor.reject(ThreadPoolExecutor.java:825)
	at java.base/java.util.concurrent.ThreadPoolExecutor.execute(ThreadPoolExecutor.java:1355)
	at java.base/java.util.concurrent.CompletableFuture.asyncSupplyStage(CompletableFuture.java:1714)
	at java.base/java.util.concurrent.CompletableFuture.supplyAsync(CompletableFuture.java:1931)
	at org.apache.ratis.server.impl.RaftServerImpl.executeSubmitServerRequestAsync(RaftServerImpl.java:817)
	at org.apache.ratis.server.impl.RaftServerProxy.lambda$appendEntriesAsync$27(RaftServerProxy.java:634)
	at java.base/java.util.concurrent.CompletableFuture.uniComposeStage(CompletableFuture.java:1106)
	... 15 more
2023-02-09 08:26:13,361 [s2@group-5D8BFF2AC38C-StateMachineUpdater] INFO  impl.SimpleStateMachine4Testing (SimpleStateMachine4Testing.java:put(205)) - s2: put 233, m114 -> (t:2, i:233), STATEMACHINELOGENTRY, 500@client-F516C80A2025
2023-02-09 08:26:13,361 [grpc-default-executor-7] WARN  server.GrpcLogAppender (LogUtils.java:warn(124)) - s1@group-5D8BFF2AC38C->s0-AppendLogResponseHandler: Failed appendEntries
java.util.concurrent.RejectedExecutionException: Task java.util.concurrent.CompletableFuture$AsyncSupply@32c3fc51 rejected from java.util.concurrent.ThreadPoolExecutor@4ecb30e4[Terminated, pool size = 0, active threads = 0, queued tasks = 0, completed tasks = 0]
	at java.base/java.util.concurrent.ThreadPoolExecutor$AbortPolicy.rejectedExecution(ThreadPoolExecutor.java:2055)
	at java.base/java.util.concurrent.ThreadPoolExecutor.reject(ThreadPoolExecutor.java:825)
	at java.base/java.util.concurrent.ThreadPoolExecutor.execute(ThreadPoolExecutor.java:1355)
	at java.base/java.util.concurrent.CompletableFuture.asyncSupplyStage(CompletableFuture.java:1714)
	at java.base/java.util.concurrent.CompletableFuture.supplyAsync(CompletableFuture.java:1931)
	at org.apache.ratis.server.impl.RaftServerImpl.executeSubmitServerRequestAsync(RaftServerImpl.java:817)
	at org.apache.ratis.server.impl.RaftServerProxy.lambda$appendEntriesAsync$27(RaftServerProxy.java:634)
	at java.base/java.util.concurrent.CompletableFuture.uniComposeStage(CompletableFuture.java:1106)
	at java.base/java.util.concurrent.CompletableFuture.thenCompose(CompletableFuture.java:2235)
	at org.apache.ratis.server.impl.RaftServerProxy.appendEntriesAsync(RaftServerProxy.java:634)
	at org.apache.ratis.grpc.server.GrpcServerProtocolService$1.process(GrpcServerProtocolService.java:219)
	at org.apache.ratis.grpc.server.GrpcServerProtocolService$1.process(GrpcServerProtocolService.java:216)
	at org.apache.ratis.grpc.server.GrpcServerProtocolService$ServerRequestStreamObserver.onNext(GrpcServerProtocolService.java:124)
	at org.apache.ratis.thirdparty.io.grpc.stub.ServerCalls$StreamingServerCallHandler$StreamingServerCallListener.onMessage(ServerCalls.java:262)
	at org.apache.ratis.thirdparty.io.grpc.ForwardingServerCallListener.onMessage(ForwardingServerCallListener.java:33)
	at org.apache.ratis.thirdparty.io.grpc.internal.ServerCallImpl$ServerStreamListenerImpl.messagesAvailableInternal(ServerCallImpl.java:332)
	at org.apache.ratis.thirdparty.io.grpc.internal.ServerCallImpl$ServerStreamListenerImpl.messagesAvailable(ServerCallImpl.java:315)
	at org.apache.ratis.thirdparty.io.grpc.internal.ServerImpl$JumpToApplicationThreadServerStreamListener$1MessagesAvailable.runInContext(ServerImpl.java:834)
	at org.apache.ratis.thirdparty.io.grpc.internal.ContextRunnable.run(ContextRunnable.java:37)
	at org.apache.ratis.thirdparty.io.grpc.internal.SerializingExecutor.run(SerializingExecutor.java:133)
	at java.base/java.util.concurrent.ThreadPoolExecutor.runWorker(ThreadPoolExecutor.java:1128)
	at java.base/java.util.concurrent.ThreadPoolExecutor$Worker.run(ThreadPoolExecutor.java:628)
	at java.base/java.lang.Thread.run(Thread.java:829)
2023-02-09 08:26:13,362 [grpc-default-executor-7] INFO  leader.FollowerInfo (FollowerInfoImpl.java:lambda$new$0(52)) - s1@group-5D8BFF2AC38C->s0: nextIndex: updateUnconditionally 234 -> 83
2023-02-09 08:26:13,363 [grpc-default-executor-7] WARN  server.GrpcServerProtocolService (LogUtils.java:warn(124)) - s0: Failed APPEND_ENTRIES request s1->s0#288-t2,previous=(t:1, i:82),leaderCommit=233,initializing? true,entries: size=152, first=(t:2, i:83), CONFIGURATIONENTRY(current:id: "s0"
address: "localhost:42371"
dataStreamAddress: "localhost:43129"
clientAddress: "localhost:36379"
adminAddress: "localhost:36531"
startupRole: FOLLOWER
,id: "s1"
address: "localhost:35679"
dataStreamAddress: "localhost:42433"
clientAddress: "localhost:41371"
adminAddress: "localhost:44855"
startupRole: FOLLOWER
,id: "s2"
address: "localhost:39787"
dataStreamAddress: "localhost:33651"
clientAddress: "localhost:41113"
adminAddress: "localhost:44467"
startupRole: FOLLOWER
, old:)
java.util.concurrent.CompletionException: java.util.concurrent.RejectedExecutionException: Task java.util.concurrent.CompletableFuture$AsyncSupply@1c038313 rejected from java.util.concurrent.ThreadPoolExecutor@4ecb30e4[Terminated, pool size = 0, active threads = 0, queued tasks = 0, completed tasks = 0]
	at java.base/java.util.concurrent.CompletableFuture.encodeThrowable(CompletableFuture.java:314)
	at java.base/java.util.concurrent.CompletableFuture.uniComposeStage(CompletableFuture.java:1113)
	at java.base/java.util.concurrent.CompletableFuture.thenCompose(CompletableFuture.java:2235)
	at org.apache.ratis.server.impl.RaftServerProxy.appendEntriesAsync(RaftServerProxy.java:634)
	at org.apache.ratis.grpc.server.GrpcServerProtocolService$1.process(GrpcServerProtocolService.java:219)
	at org.apache.ratis.grpc.server.GrpcServerProtocolService$1.process(GrpcServerProtocolService.java:216)
	at org.apache.ratis.grpc.server.GrpcServerProtocolService$ServerRequestStreamObserver.onNext(GrpcServerProtocolService.java:124)
	at org.apache.ratis.thirdparty.io.grpc.stub.ServerCalls$StreamingServerCallHandler$StreamingServerCallListener.onMessage(ServerCalls.java:262)
	at org.apache.ratis.thirdparty.io.grpc.ForwardingServerCallListener.onMessage(ForwardingServerCallListener.java:33)
	at org.apache.ratis.thirdparty.io.grpc.internal.ServerCallImpl$ServerStreamListenerImpl.messagesAvailableInternal(ServerCallImpl.java:332)
	at org.apache.ratis.thirdparty.io.grpc.internal.ServerCallImpl$ServerStreamListenerImpl.messagesAvailable(ServerCallImpl.java:315)
	at org.apache.ratis.thirdparty.io.grpc.internal.ServerImpl$JumpToApplicationThreadServerStreamListener$1MessagesAvailable.runInContext(ServerImpl.java:834)
	at org.apache.ratis.thirdparty.io.grpc.internal.ContextRunnable.run(ContextRunnable.java:37)
	at org.apache.ratis.thirdparty.io.grpc.internal.SerializingExecutor.run(SerializingExecutor.java:133)
	at java.base/java.util.concurrent.ThreadPoolExecutor.runWorker(ThreadPoolExecutor.java:1128)
	at java.base/java.util.concurrent.ThreadPoolExecutor$Worker.run(ThreadPoolExecutor.java:628)
	at java.base/java.lang.Thread.run(Thread.java:829)
Caused by: java.util.concurrent.RejectedExecutionException: Task java.util.concurrent.CompletableFuture$AsyncSupply@1c038313 rejected from java.util.concurrent.ThreadPoolExecutor@4ecb30e4[Terminated, pool size = 0, active threads = 0, queued tasks = 0, completed tasks = 0]
	at java.base/java.util.concurrent.ThreadPoolExecutor$AbortPolicy.rejectedExecution(ThreadPoolExecutor.java:2055)
	at java.base/java.util.concurrent.ThreadPoolExecutor.reject(ThreadPoolExecutor.java:825)
	at java.base/java.util.concurrent.ThreadPoolExecutor.execute(ThreadPoolExecutor.java:1355)
	at java.base/java.util.concurrent.CompletableFuture.asyncSupplyStage(CompletableFuture.java:1714)
	at java.base/java.util.concurrent.CompletableFuture.supplyAsync(CompletableFuture.java:1931)
	at org.apache.ratis.server.impl.RaftServerImpl.executeSubmitServerRequestAsync(RaftServerImpl.java:817)
	at org.apache.ratis.server.impl.RaftServerProxy.lambda$appendEntriesAsync$27(RaftServerProxy.java:634)
	at java.base/java.util.concurrent.CompletableFuture.uniComposeStage(CompletableFuture.java:1106)
	... 15 more
2023-02-09 08:26:13,365 [grpc-default-executor-5] WARN  server.GrpcLogAppender (LogUtils.java:warn(124)) - s1@group-5D8BFF2AC38C->s0-AppendLogResponseHandler: Failed appendEntries
java.util.concurrent.RejectedExecutionException: Task java.util.concurrent.CompletableFuture$AsyncSupply@1c038313 rejected from java.util.concurrent.ThreadPoolExecutor@4ecb30e4[Terminated, pool size = 0, active threads = 0, queued tasks = 0, completed tasks = 0]
	at java.base/java.util.concurrent.ThreadPoolExecutor$AbortPolicy.rejectedExecution(ThreadPoolExecutor.java:2055)
	at java.base/java.util.concurrent.ThreadPoolExecutor.reject(ThreadPoolExecutor.java:825)
	at java.base/java.util.concurrent.ThreadPoolExecutor.execute(ThreadPoolExecutor.java:1355)
	at java.base/java.util.concurrent.CompletableFuture.asyncSupplyStage(CompletableFuture.java:1714)
	at java.base/java.util.concurrent.CompletableFuture.supplyAsync(CompletableFuture.java:1931)
	at org.apache.ratis.server.impl.RaftServerImpl.executeSubmitServerRequestAsync(RaftServerImpl.java:817)
	at org.apache.ratis.server.impl.RaftServerProxy.lambda$appendEntriesAsync$27(RaftServerProxy.java:634)
	at java.base/java.util.concurrent.CompletableFuture.uniComposeStage(CompletableFuture.java:1106)
	at java.base/java.util.concurrent.CompletableFuture.thenCompose(CompletableFuture.java:2235)
	at org.apache.ratis.server.impl.RaftServerProxy.appendEntriesAsync(RaftServerProxy.java:634)
	at org.apache.ratis.grpc.server.GrpcServerProtocolService$1.process(GrpcServerProtocolService.java:219)
	at org.apache.ratis.grpc.server.GrpcServerProtocolService$1.process(GrpcServerProtocolService.java:216)
	at org.apache.ratis.grpc.server.GrpcServerProtocolService$ServerRequestStreamObserver.onNext(GrpcServerProtocolService.java:124)
	at org.apache.ratis.thirdparty.io.grpc.stub.ServerCalls$StreamingServerCallHandler$StreamingServerCallListener.onMessage(ServerCalls.java:262)
	at org.apache.ratis.thirdparty.io.grpc.ForwardingServerCallListener.onMessage(ForwardingServerCallListener.java:33)
	at org.apache.ratis.thirdparty.io.grpc.internal.ServerCallImpl$ServerStreamListenerImpl.messagesAvailableInternal(ServerCallImpl.java:332)
	at org.apache.ratis.thirdparty.io.grpc.internal.ServerCallImpl$ServerStreamListenerImpl.messagesAvailable(ServerCallImpl.java:315)
	at org.apache.ratis.thirdparty.io.grpc.internal.ServerImpl$JumpToApplicationThreadServerStreamListener$1MessagesAvailable.runInContext(ServerImpl.java:834)
	at org.apache.ratis.thirdparty.io.grpc.internal.ContextRunnable.run(ContextRunnable.java:37)
	at org.apache.ratis.thirdparty.io.grpc.internal.SerializingExecutor.run(SerializingExecutor.java:133)
	at java.base/java.util.concurrent.ThreadPoolExecutor.runWorker(ThreadPoolExecutor.java:1128)
	at java.base/java.util.concurrent.ThreadPoolExecutor$Worker.run(ThreadPoolExecutor.java:628)
	at java.base/java.lang.Thread.run(Thread.java:829)
2023-02-09 08:26:13,365 [grpc-default-executor-5] INFO  leader.FollowerInfo (FollowerInfoImpl.java:lambda$new$0(52)) - s1@group-5D8BFF2AC38C->s0: nextIndex: updateUnconditionally 235 -> 83
2023-02-09 08:26:13,365 [s2-server-thread1] DEBUG raftlog.RaftLog (SegmentedRaftLog.java:appendImpl(446)) - truncateIndex=-1, arrayIndex=0
2023-02-09 08:26:13,366 [s1@group-5D8BFF2AC38C-StateMachineUpdater] INFO  impl.SimpleStateMachine4Testing (SimpleStateMachine4Testing.java:put(205)) - s1: put 235, m115 -> (t:2, i:235), STATEMACHINELOGENTRY, 501@client-F516C80A2025
2023-02-09 08:26:13,367 [s2-server-thread1] DEBUG raftlog.RaftLog (SegmentedRaftLog.java:appendImpl(446)) - truncateIndex=-1, arrayIndex=0
2023-02-09 08:26:13,368 [s2@group-5D8BFF2AC38C-StateMachineUpdater] INFO  impl.SimpleStateMachine4Testing (SimpleStateMachine4Testing.java:put(205)) - s2: put 235, m115 -> (t:2, i:235), STATEMACHINELOGENTRY, 501@client-F516C80A2025
2023-02-09 08:26:13,368 [grpc-default-executor-7] WARN  server.GrpcServerProtocolService (LogUtils.java:warn(124)) - s0: Failed APPEND_ENTRIES request s1->s0#291-t2,previous=(t:1, i:82),leaderCommit=234,initializing? true,entries: size=153, first=(t:2, i:83), CONFIGURATIONENTRY(current:id: "s0"
address: "localhost:42371"
dataStreamAddress: "localhost:43129"
clientAddress: "localhost:36379"
adminAddress: "localhost:36531"
startupRole: FOLLOWER
,id: "s1"
address: "localhost:35679"
dataStreamAddress: "localhost:42433"
clientAddress: "localhost:41371"
adminAddress: "localhost:44855"
startupRole: FOLLOWER
,id: "s2"
address: "localhost:39787"
dataStreamAddress: "localhost:33651"
clientAddress: "localhost:41113"
adminAddress: "localhost:44467"
startupRole: FOLLOWER
, old:)
java.util.concurrent.CompletionException: java.util.concurrent.RejectedExecutionException: Task java.util.concurrent.CompletableFuture$AsyncSupply@132b2a28 rejected from java.util.concurrent.ThreadPoolExecutor@4ecb30e4[Terminated, pool size = 0, active threads = 0, queued tasks = 0, completed tasks = 0]
	at java.base/java.util.concurrent.CompletableFuture.encodeThrowable(CompletableFuture.java:314)
	at java.base/java.util.concurrent.CompletableFuture.uniComposeStage(CompletableFuture.java:1113)
	at java.base/java.util.concurrent.CompletableFuture.thenCompose(CompletableFuture.java:2235)
	at org.apache.ratis.server.impl.RaftServerProxy.appendEntriesAsync(RaftServerProxy.java:634)
	at org.apache.ratis.grpc.server.GrpcServerProtocolService$1.process(GrpcServerProtocolService.java:219)
	at org.apache.ratis.grpc.server.GrpcServerProtocolService$1.process(GrpcServerProtocolService.java:216)
	at org.apache.ratis.grpc.server.GrpcServerProtocolService$ServerRequestStreamObserver.onNext(GrpcServerProtocolService.java:124)
	at org.apache.ratis.thirdparty.io.grpc.stub.ServerCalls$StreamingServerCallHandler$StreamingServerCallListener.onMessage(ServerCalls.java:262)
	at org.apache.ratis.thirdparty.io.grpc.ForwardingServerCallListener.onMessage(ForwardingServerCallListener.java:33)
	at org.apache.ratis.thirdparty.io.grpc.internal.ServerCallImpl$ServerStreamListenerImpl.messagesAvailableInternal(ServerCallImpl.java:332)
	at org.apache.ratis.thirdparty.io.grpc.internal.ServerCallImpl$ServerStreamListenerImpl.messagesAvailable(ServerCallImpl.java:315)
	at org.apache.ratis.thirdparty.io.grpc.internal.ServerImpl$JumpToApplicationThreadServerStreamListener$1MessagesAvailable.runInContext(ServerImpl.java:834)
	at org.apache.ratis.thirdparty.io.grpc.internal.ContextRunnable.run(ContextRunnable.java:37)
	at org.apache.ratis.thirdparty.io.grpc.internal.SerializingExecutor.run(SerializingExecutor.java:133)
	at java.base/java.util.concurrent.ThreadPoolExecutor.runWorker(ThreadPoolExecutor.java:1128)
	at java.base/java.util.concurrent.ThreadPoolExecutor$Worker.run(ThreadPoolExecutor.java:628)
	at java.base/java.lang.Thread.run(Thread.java:829)
Caused by: java.util.concurrent.RejectedExecutionException: Task java.util.concurrent.CompletableFuture$AsyncSupply@132b2a28 rejected from java.util.concurrent.ThreadPoolExecutor@4ecb30e4[Terminated, pool size = 0, active threads = 0, queued tasks = 0, completed tasks = 0]
	at java.base/java.util.concurrent.ThreadPoolExecutor$AbortPolicy.rejectedExecution(ThreadPoolExecutor.java:2055)
	at java.base/java.util.concurrent.ThreadPoolExecutor.reject(ThreadPoolExecutor.java:825)
	at java.base/java.util.concurrent.ThreadPoolExecutor.execute(ThreadPoolExecutor.java:1355)
	at java.base/java.util.concurrent.CompletableFuture.asyncSupplyStage(CompletableFuture.java:1714)
	at java.base/java.util.concurrent.CompletableFuture.supplyAsync(CompletableFuture.java:1931)
	at org.apache.ratis.server.impl.RaftServerImpl.executeSubmitServerRequestAsync(RaftServerImpl.java:817)
	at org.apache.ratis.server.impl.RaftServerProxy.lambda$appendEntriesAsync$27(RaftServerProxy.java:634)
	at java.base/java.util.concurrent.CompletableFuture.uniComposeStage(CompletableFuture.java:1106)
	... 15 more
2023-02-09 08:26:13,369 [grpc-default-executor-5] WARN  server.GrpcLogAppender (LogUtils.java:warn(124)) - s1@group-5D8BFF2AC38C->s0-AppendLogResponseHandler: Failed appendEntries
java.util.concurrent.RejectedExecutionException: Task java.util.concurrent.CompletableFuture$AsyncSupply@132b2a28 rejected from java.util.concurrent.ThreadPoolExecutor@4ecb30e4[Terminated, pool size = 0, active threads = 0, queued tasks = 0, completed tasks = 0]
	at java.base/java.util.concurrent.ThreadPoolExecutor$AbortPolicy.rejectedExecution(ThreadPoolExecutor.java:2055)
	at java.base/java.util.concurrent.ThreadPoolExecutor.reject(ThreadPoolExecutor.java:825)
	at java.base/java.util.concurrent.ThreadPoolExecutor.execute(ThreadPoolExecutor.java:1355)
	at java.base/java.util.concurrent.CompletableFuture.asyncSupplyStage(CompletableFuture.java:1714)
	at java.base/java.util.concurrent.CompletableFuture.supplyAsync(CompletableFuture.java:1931)
	at org.apache.ratis.server.impl.RaftServerImpl.executeSubmitServerRequestAsync(RaftServerImpl.java:817)
	at org.apache.ratis.server.impl.RaftServerProxy.lambda$appendEntriesAsync$27(RaftServerProxy.java:634)
	at java.base/java.util.concurrent.CompletableFuture.uniComposeStage(CompletableFuture.java:1106)
	at java.base/java.util.concurrent.CompletableFuture.thenCompose(CompletableFuture.java:2235)
	at org.apache.ratis.server.impl.RaftServerProxy.appendEntriesAsync(RaftServerProxy.java:634)
	at org.apache.ratis.grpc.server.GrpcServerProtocolService$1.process(GrpcServerProtocolService.java:219)
	at org.apache.ratis.grpc.server.GrpcServerProtocolService$1.process(GrpcServerProtocolService.java:216)
	at org.apache.ratis.grpc.server.GrpcServerProtocolService$ServerRequestStreamObserver.onNext(GrpcServerProtocolService.java:124)
	at org.apache.ratis.thirdparty.io.grpc.stub.ServerCalls$StreamingServerCallHandler$StreamingServerCallListener.onMessage(ServerCalls.java:262)
	at org.apache.ratis.thirdparty.io.grpc.ForwardingServerCallListener.onMessage(ForwardingServerCallListener.java:33)
	at org.apache.ratis.thirdparty.io.grpc.internal.ServerCallImpl$ServerStreamListenerImpl.messagesAvailableInternal(ServerCallImpl.java:332)
	at org.apache.ratis.thirdparty.io.grpc.internal.ServerCallImpl$ServerStreamListenerImpl.messagesAvailable(ServerCallImpl.java:315)
	at org.apache.ratis.thirdparty.io.grpc.internal.ServerImpl$JumpToApplicationThreadServerStreamListener$1MessagesAvailable.runInContext(ServerImpl.java:834)
	at org.apache.ratis.thirdparty.io.grpc.internal.ContextRunnable.run(ContextRunnable.java:37)
	at org.apache.ratis.thirdparty.io.grpc.internal.SerializingExecutor.run(SerializingExecutor.java:133)
	at java.base/java.util.concurrent.ThreadPoolExecutor.runWorker(ThreadPoolExecutor.java:1128)
	at java.base/java.util.concurrent.ThreadPoolExecutor$Worker.run(ThreadPoolExecutor.java:628)
	at java.base/java.lang.Thread.run(Thread.java:829)
2023-02-09 08:26:13,369 [grpc-default-executor-5] INFO  leader.FollowerInfo (FollowerInfoImpl.java:lambda$new$0(52)) - s1@group-5D8BFF2AC38C->s0: nextIndex: updateUnconditionally 236 -> 83
2023-02-09 08:26:13,371 [grpc-default-executor-5] WARN  server.GrpcServerProtocolService (LogUtils.java:warn(124)) - s0: Failed APPEND_ENTRIES request s1->s0#293-t2,previous=(t:1, i:82),leaderCommit=235,initializing? true,entries: size=154, first=(t:2, i:83), CONFIGURATIONENTRY(current:id: "s0"
address: "localhost:42371"
dataStreamAddress: "localhost:43129"
clientAddress: "localhost:36379"
adminAddress: "localhost:36531"
startupRole: FOLLOWER
,id: "s1"
address: "localhost:35679"
dataStreamAddress: "localhost:42433"
clientAddress: "localhost:41371"
adminAddress: "localhost:44855"
startupRole: FOLLOWER
,id: "s2"
address: "localhost:39787"
dataStreamAddress: "localhost:33651"
clientAddress: "localhost:41113"
adminAddress: "localhost:44467"
startupRole: FOLLOWER
, old:)
java.util.concurrent.CompletionException: java.util.concurrent.RejectedExecutionException: Task java.util.concurrent.CompletableFuture$AsyncSupply@5e7e1818 rejected from java.util.concurrent.ThreadPoolExecutor@4ecb30e4[Terminated, pool size = 0, active threads = 0, queued tasks = 0, completed tasks = 0]
	at java.base/java.util.concurrent.CompletableFuture.encodeThrowable(CompletableFuture.java:314)
	at java.base/java.util.concurrent.CompletableFuture.uniComposeStage(CompletableFuture.java:1113)
	at java.base/java.util.concurrent.CompletableFuture.thenCompose(CompletableFuture.java:2235)
	at org.apache.ratis.server.impl.RaftServerProxy.appendEntriesAsync(RaftServerProxy.java:634)
	at org.apache.ratis.grpc.server.GrpcServerProtocolService$1.process(GrpcServerProtocolService.java:219)
	at org.apache.ratis.grpc.server.GrpcServerProtocolService$1.process(GrpcServerProtocolService.java:216)
	at org.apache.ratis.grpc.server.GrpcServerProtocolService$ServerRequestStreamObserver.onNext(GrpcServerProtocolService.java:124)
	at org.apache.ratis.thirdparty.io.grpc.stub.ServerCalls$StreamingServerCallHandler$StreamingServerCallListener.onMessage(ServerCalls.java:262)
	at org.apache.ratis.thirdparty.io.grpc.ForwardingServerCallListener.onMessage(ForwardingServerCallListener.java:33)
	at org.apache.ratis.thirdparty.io.grpc.internal.ServerCallImpl$ServerStreamListenerImpl.messagesAvailableInternal(ServerCallImpl.java:332)
	at org.apache.ratis.thirdparty.io.grpc.internal.ServerCallImpl$ServerStreamListenerImpl.messagesAvailable(ServerCallImpl.java:315)
	at org.apache.ratis.thirdparty.io.grpc.internal.ServerImpl$JumpToApplicationThreadServerStreamListener$1MessagesAvailable.runInContext(ServerImpl.java:834)
	at org.apache.ratis.thirdparty.io.grpc.internal.ContextRunnable.run(ContextRunnable.java:37)
	at org.apache.ratis.thirdparty.io.grpc.internal.SerializingExecutor.run(SerializingExecutor.java:133)
	at java.base/java.util.concurrent.ThreadPoolExecutor.runWorker(ThreadPoolExecutor.java:1128)
	at java.base/java.util.concurrent.ThreadPoolExecutor$Worker.run(ThreadPoolExecutor.java:628)
	at java.base/java.lang.Thread.run(Thread.java:829)
Caused by: java.util.concurrent.RejectedExecutionException: Task java.util.concurrent.CompletableFuture$AsyncSupply@5e7e1818 rejected from java.util.concurrent.ThreadPoolExecutor@4ecb30e4[Terminated, pool size = 0, active threads = 0, queued tasks = 0, completed tasks = 0]
	at java.base/java.util.concurrent.ThreadPoolExecutor$AbortPolicy.rejectedExecution(ThreadPoolExecutor.java:2055)
	at java.base/java.util.concurrent.ThreadPoolExecutor.reject(ThreadPoolExecutor.java:825)
	at java.base/java.util.concurrent.ThreadPoolExecutor.execute(ThreadPoolExecutor.java:1355)
	at java.base/java.util.concurrent.CompletableFuture.asyncSupplyStage(CompletableFuture.java:1714)
	at java.base/java.util.concurrent.CompletableFuture.supplyAsync(CompletableFuture.java:1931)
	at org.apache.ratis.server.impl.RaftServerImpl.executeSubmitServerRequestAsync(RaftServerImpl.java:817)
	at org.apache.ratis.server.impl.RaftServerProxy.lambda$appendEntriesAsync$27(RaftServerProxy.java:634)
	at java.base/java.util.concurrent.CompletableFuture.uniComposeStage(CompletableFuture.java:1106)
	... 15 more
2023-02-09 08:26:13,372 [grpc-default-executor-7] WARN  server.GrpcLogAppender (LogUtils.java:warn(124)) - s1@group-5D8BFF2AC38C->s0-AppendLogResponseHandler: Failed appendEntries
java.util.concurrent.RejectedExecutionException: Task java.util.concurrent.CompletableFuture$AsyncSupply@5e7e1818 rejected from java.util.concurrent.ThreadPoolExecutor@4ecb30e4[Terminated, pool size = 0, active threads = 0, queued tasks = 0, completed tasks = 0]
	at java.base/java.util.concurrent.ThreadPoolExecutor$AbortPolicy.rejectedExecution(ThreadPoolExecutor.java:2055)
	at java.base/java.util.concurrent.ThreadPoolExecutor.reject(ThreadPoolExecutor.java:825)
	at java.base/java.util.concurrent.ThreadPoolExecutor.execute(ThreadPoolExecutor.java:1355)
	at java.base/java.util.concurrent.CompletableFuture.asyncSupplyStage(CompletableFuture.java:1714)
	at java.base/java.util.concurrent.CompletableFuture.supplyAsync(CompletableFuture.java:1931)
	at org.apache.ratis.server.impl.RaftServerImpl.executeSubmitServerRequestAsync(RaftServerImpl.java:817)
	at org.apache.ratis.server.impl.RaftServerProxy.lambda$appendEntriesAsync$27(RaftServerProxy.java:634)
	at java.base/java.util.concurrent.CompletableFuture.uniComposeStage(CompletableFuture.java:1106)
	at java.base/java.util.concurrent.CompletableFuture.thenCompose(CompletableFuture.java:2235)
	at org.apache.ratis.server.impl.RaftServerProxy.appendEntriesAsync(RaftServerProxy.java:634)
	at org.apache.ratis.grpc.server.GrpcServerProtocolService$1.process(GrpcServerProtocolService.java:219)
	at org.apache.ratis.grpc.server.GrpcServerProtocolService$1.process(GrpcServerProtocolService.java:216)
	at org.apache.ratis.grpc.server.GrpcServerProtocolService$ServerRequestStreamObserver.onNext(GrpcServerProtocolService.java:124)
	at org.apache.ratis.thirdparty.io.grpc.stub.ServerCalls$StreamingServerCallHandler$StreamingServerCallListener.onMessage(ServerCalls.java:262)
	at org.apache.ratis.thirdparty.io.grpc.ForwardingServerCallListener.onMessage(ForwardingServerCallListener.java:33)
	at org.apache.ratis.thirdparty.io.grpc.internal.ServerCallImpl$ServerStreamListenerImpl.messagesAvailableInternal(ServerCallImpl.java:332)
	at org.apache.ratis.thirdparty.io.grpc.internal.ServerCallImpl$ServerStreamListenerImpl.messagesAvailable(ServerCallImpl.java:315)
	at org.apache.ratis.thirdparty.io.grpc.internal.ServerImpl$JumpToApplicationThreadServerStreamListener$1MessagesAvailable.runInContext(ServerImpl.java:834)
	at org.apache.ratis.thirdparty.io.grpc.internal.ContextRunnable.run(ContextRunnable.java:37)
	at org.apache.ratis.thirdparty.io.grpc.internal.SerializingExecutor.run(SerializingExecutor.java:133)
	at java.base/java.util.concurrent.ThreadPoolExecutor.runWorker(ThreadPoolExecutor.java:1128)
	at java.base/java.util.concurrent.ThreadPoolExecutor$Worker.run(ThreadPoolExecutor.java:628)
	at java.base/java.lang.Thread.run(Thread.java:829)
2023-02-09 08:26:13,373 [grpc-default-executor-7] INFO  leader.FollowerInfo (FollowerInfoImpl.java:lambda$new$0(52)) - s1@group-5D8BFF2AC38C->s0: nextIndex: updateUnconditionally 237 -> 83
2023-02-09 08:26:13,373 [s2-server-thread1] DEBUG raftlog.RaftLog (SegmentedRaftLog.java:appendImpl(446)) - truncateIndex=-1, arrayIndex=0
2023-02-09 08:26:13,374 [s1@group-5D8BFF2AC38C-StateMachineUpdater] INFO  impl.SimpleStateMachine4Testing (SimpleStateMachine4Testing.java:put(205)) - s1: put 237, m116 -> (t:2, i:237), STATEMACHINELOGENTRY, 502@client-F516C80A2025
2023-02-09 08:26:13,375 [grpc-default-executor-9] WARN  server.GrpcServerProtocolService (LogUtils.java:warn(124)) - s0: Failed APPEND_ENTRIES request s1->s0#296-t2,previous=(t:1, i:82),leaderCommit=236,initializing? true,entries: size=155, first=(t:2, i:83), CONFIGURATIONENTRY(current:id: "s0"
address: "localhost:42371"
dataStreamAddress: "localhost:43129"
clientAddress: "localhost:36379"
adminAddress: "localhost:36531"
startupRole: FOLLOWER
,id: "s1"
address: "localhost:35679"
dataStreamAddress: "localhost:42433"
clientAddress: "localhost:41371"
adminAddress: "localhost:44855"
startupRole: FOLLOWER
,id: "s2"
address: "localhost:39787"
dataStreamAddress: "localhost:33651"
clientAddress: "localhost:41113"
adminAddress: "localhost:44467"
startupRole: FOLLOWER
, old:)
java.util.concurrent.CompletionException: java.util.concurrent.RejectedExecutionException: Task java.util.concurrent.CompletableFuture$AsyncSupply@bdc1261 rejected from java.util.concurrent.ThreadPoolExecutor@4ecb30e4[Terminated, pool size = 0, active threads = 0, queued tasks = 0, completed tasks = 0]
	at java.base/java.util.concurrent.CompletableFuture.encodeThrowable(CompletableFuture.java:314)
	at java.base/java.util.concurrent.CompletableFuture.uniComposeStage(CompletableFuture.java:1113)
	at java.base/java.util.concurrent.CompletableFuture.thenCompose(CompletableFuture.java:2235)
	at org.apache.ratis.server.impl.RaftServerProxy.appendEntriesAsync(RaftServerProxy.java:634)
	at org.apache.ratis.grpc.server.GrpcServerProtocolService$1.process(GrpcServerProtocolService.java:219)
	at org.apache.ratis.grpc.server.GrpcServerProtocolService$1.process(GrpcServerProtocolService.java:216)
	at org.apache.ratis.grpc.server.GrpcServerProtocolService$ServerRequestStreamObserver.onNext(GrpcServerProtocolService.java:124)
	at org.apache.ratis.thirdparty.io.grpc.stub.ServerCalls$StreamingServerCallHandler$StreamingServerCallListener.onMessage(ServerCalls.java:262)
	at org.apache.ratis.thirdparty.io.grpc.ForwardingServerCallListener.onMessage(ForwardingServerCallListener.java:33)
	at org.apache.ratis.thirdparty.io.grpc.internal.ServerCallImpl$ServerStreamListenerImpl.messagesAvailableInternal(ServerCallImpl.java:332)
	at org.apache.ratis.thirdparty.io.grpc.internal.ServerCallImpl$ServerStreamListenerImpl.messagesAvailable(ServerCallImpl.java:315)
	at org.apache.ratis.thirdparty.io.grpc.internal.ServerImpl$JumpToApplicationThreadServerStreamListener$1MessagesAvailable.runInContext(ServerImpl.java:834)
	at org.apache.ratis.thirdparty.io.grpc.internal.ContextRunnable.run(ContextRunnable.java:37)
	at org.apache.ratis.thirdparty.io.grpc.internal.SerializingExecutor.run(SerializingExecutor.java:133)
	at java.base/java.util.concurrent.ThreadPoolExecutor.runWorker(ThreadPoolExecutor.java:1128)
	at java.base/java.util.concurrent.ThreadPoolExecutor$Worker.run(ThreadPoolExecutor.java:628)
	at java.base/java.lang.Thread.run(Thread.java:829)
Caused by: java.util.concurrent.RejectedExecutionException: Task java.util.concurrent.CompletableFuture$AsyncSupply@bdc1261 rejected from java.util.concurrent.ThreadPoolExecutor@4ecb30e4[Terminated, pool size = 0, active threads = 0, queued tasks = 0, completed tasks = 0]
	at java.base/java.util.concurrent.ThreadPoolExecutor$AbortPolicy.rejectedExecution(ThreadPoolExecutor.java:2055)
	at java.base/java.util.concurrent.ThreadPoolExecutor.reject(ThreadPoolExecutor.java:825)
	at java.base/java.util.concurrent.ThreadPoolExecutor.execute(ThreadPoolExecutor.java:1355)
	at java.base/java.util.concurrent.CompletableFuture.asyncSupplyStage(CompletableFuture.java:1714)
	at java.base/java.util.concurrent.CompletableFuture.supplyAsync(CompletableFuture.java:1931)
	at org.apache.ratis.server.impl.RaftServerImpl.executeSubmitServerRequestAsync(RaftServerImpl.java:817)
	at org.apache.ratis.server.impl.RaftServerProxy.lambda$appendEntriesAsync$27(RaftServerProxy.java:634)
	at java.base/java.util.concurrent.CompletableFuture.uniComposeStage(CompletableFuture.java:1106)
	... 15 more
2023-02-09 08:26:13,377 [grpc-default-executor-7] WARN  server.GrpcLogAppender (LogUtils.java:warn(124)) - s1@group-5D8BFF2AC38C->s0-AppendLogResponseHandler: Failed appendEntries
java.util.concurrent.RejectedExecutionException: Task java.util.concurrent.CompletableFuture$AsyncSupply@bdc1261 rejected from java.util.concurrent.ThreadPoolExecutor@4ecb30e4[Terminated, pool size = 0, active threads = 0, queued tasks = 0, completed tasks = 0]
	at java.base/java.util.concurrent.ThreadPoolExecutor$AbortPolicy.rejectedExecution(ThreadPoolExecutor.java:2055)
	at java.base/java.util.concurrent.ThreadPoolExecutor.reject(ThreadPoolExecutor.java:825)
	at java.base/java.util.concurrent.ThreadPoolExecutor.execute(ThreadPoolExecutor.java:1355)
	at java.base/java.util.concurrent.CompletableFuture.asyncSupplyStage(CompletableFuture.java:1714)
	at java.base/java.util.concurrent.CompletableFuture.supplyAsync(CompletableFuture.java:1931)
	at org.apache.ratis.server.impl.RaftServerImpl.executeSubmitServerRequestAsync(RaftServerImpl.java:817)
	at org.apache.ratis.server.impl.RaftServerProxy.lambda$appendEntriesAsync$27(RaftServerProxy.java:634)
	at java.base/java.util.concurrent.CompletableFuture.uniComposeStage(CompletableFuture.java:1106)
	at java.base/java.util.concurrent.CompletableFuture.thenCompose(CompletableFuture.java:2235)
	at org.apache.ratis.server.impl.RaftServerProxy.appendEntriesAsync(RaftServerProxy.java:634)
	at org.apache.ratis.grpc.server.GrpcServerProtocolService$1.process(GrpcServerProtocolService.java:219)
	at org.apache.ratis.grpc.server.GrpcServerProtocolService$1.process(GrpcServerProtocolService.java:216)
	at org.apache.ratis.grpc.server.GrpcServerProtocolService$ServerRequestStreamObserver.onNext(GrpcServerProtocolService.java:124)
	at org.apache.ratis.thirdparty.io.grpc.stub.ServerCalls$StreamingServerCallHandler$StreamingServerCallListener.onMessage(ServerCalls.java:262)
	at org.apache.ratis.thirdparty.io.grpc.ForwardingServerCallListener.onMessage(ForwardingServerCallListener.java:33)
	at org.apache.ratis.thirdparty.io.grpc.internal.ServerCallImpl$ServerStreamListenerImpl.messagesAvailableInternal(ServerCallImpl.java:332)
	at org.apache.ratis.thirdparty.io.grpc.internal.ServerCallImpl$ServerStreamListenerImpl.messagesAvailable(ServerCallImpl.java:315)
	at org.apache.ratis.thirdparty.io.grpc.internal.ServerImpl$JumpToApplicationThreadServerStreamListener$1MessagesAvailable.runInContext(ServerImpl.java:834)
	at org.apache.ratis.thirdparty.io.grpc.internal.ContextRunnable.run(ContextRunnable.java:37)
	at org.apache.ratis.thirdparty.io.grpc.internal.SerializingExecutor.run(SerializingExecutor.java:133)
	at java.base/java.util.concurrent.ThreadPoolExecutor.runWorker(ThreadPoolExecutor.java:1128)
	at java.base/java.util.concurrent.ThreadPoolExecutor$Worker.run(ThreadPoolExecutor.java:628)
	at java.base/java.lang.Thread.run(Thread.java:829)
2023-02-09 08:26:13,377 [grpc-default-executor-7] INFO  leader.FollowerInfo (FollowerInfoImpl.java:lambda$new$0(52)) - s1@group-5D8BFF2AC38C->s0: nextIndex: updateUnconditionally 238 -> 83
2023-02-09 08:26:13,377 [s2-server-thread1] DEBUG raftlog.RaftLog (SegmentedRaftLog.java:appendImpl(446)) - truncateIndex=-1, arrayIndex=0
2023-02-09 08:26:13,378 [s2@group-5D8BFF2AC38C-StateMachineUpdater] INFO  impl.SimpleStateMachine4Testing (SimpleStateMachine4Testing.java:put(205)) - s2: put 237, m116 -> (t:2, i:237), STATEMACHINELOGENTRY, 502@client-F516C80A2025
2023-02-09 08:26:13,379 [s2-server-thread1] DEBUG raftlog.RaftLog (SegmentedRaftLog.java:appendImpl(446)) - truncateIndex=-1, arrayIndex=0
2023-02-09 08:26:13,380 [s1@group-5D8BFF2AC38C-StateMachineUpdater] INFO  impl.SimpleStateMachine4Testing (SimpleStateMachine4Testing.java:put(205)) - s1: put 239, m117 -> (t:2, i:239), STATEMACHINELOGENTRY, 503@client-F516C80A2025
2023-02-09 08:26:13,381 [grpc-default-executor-7] WARN  server.GrpcServerProtocolService (LogUtils.java:warn(124)) - s0: Failed APPEND_ENTRIES request s1->s0#298-t2,previous=(t:1, i:82),leaderCommit=237,initializing? true,entries: size=157, first=(t:2, i:83), CONFIGURATIONENTRY(current:id: "s0"
address: "localhost:42371"
dataStreamAddress: "localhost:43129"
clientAddress: "localhost:36379"
adminAddress: "localhost:36531"
startupRole: FOLLOWER
,id: "s1"
address: "localhost:35679"
dataStreamAddress: "localhost:42433"
clientAddress: "localhost:41371"
adminAddress: "localhost:44855"
startupRole: FOLLOWER
,id: "s2"
address: "localhost:39787"
dataStreamAddress: "localhost:33651"
clientAddress: "localhost:41113"
adminAddress: "localhost:44467"
startupRole: FOLLOWER
, old:)
java.util.concurrent.CompletionException: java.util.concurrent.RejectedExecutionException: Task java.util.concurrent.CompletableFuture$AsyncSupply@7e1e9447 rejected from java.util.concurrent.ThreadPoolExecutor@4ecb30e4[Terminated, pool size = 0, active threads = 0, queued tasks = 0, completed tasks = 0]
	at java.base/java.util.concurrent.CompletableFuture.encodeThrowable(CompletableFuture.java:314)
	at java.base/java.util.concurrent.CompletableFuture.uniComposeStage(CompletableFuture.java:1113)
	at java.base/java.util.concurrent.CompletableFuture.thenCompose(CompletableFuture.java:2235)
	at org.apache.ratis.server.impl.RaftServerProxy.appendEntriesAsync(RaftServerProxy.java:634)
	at org.apache.ratis.grpc.server.GrpcServerProtocolService$1.process(GrpcServerProtocolService.java:219)
	at org.apache.ratis.grpc.server.GrpcServerProtocolService$1.process(GrpcServerProtocolService.java:216)
	at org.apache.ratis.grpc.server.GrpcServerProtocolService$ServerRequestStreamObserver.onNext(GrpcServerProtocolService.java:124)
	at org.apache.ratis.thirdparty.io.grpc.stub.ServerCalls$StreamingServerCallHandler$StreamingServerCallListener.onMessage(ServerCalls.java:262)
	at org.apache.ratis.thirdparty.io.grpc.ForwardingServerCallListener.onMessage(ForwardingServerCallListener.java:33)
	at org.apache.ratis.thirdparty.io.grpc.internal.ServerCallImpl$ServerStreamListenerImpl.messagesAvailableInternal(ServerCallImpl.java:332)
	at org.apache.ratis.thirdparty.io.grpc.internal.ServerCallImpl$ServerStreamListenerImpl.messagesAvailable(ServerCallImpl.java:315)
	at org.apache.ratis.thirdparty.io.grpc.internal.ServerImpl$JumpToApplicationThreadServerStreamListener$1MessagesAvailable.runInContext(ServerImpl.java:834)
	at org.apache.ratis.thirdparty.io.grpc.internal.ContextRunnable.run(ContextRunnable.java:37)
	at org.apache.ratis.thirdparty.io.grpc.internal.SerializingExecutor.run(SerializingExecutor.java:133)
	at java.base/java.util.concurrent.ThreadPoolExecutor.runWorker(ThreadPoolExecutor.java:1128)
	at java.base/java.util.concurrent.ThreadPoolExecutor$Worker.run(ThreadPoolExecutor.java:628)
	at java.base/java.lang.Thread.run(Thread.java:829)
Caused by: java.util.concurrent.RejectedExecutionException: Task java.util.concurrent.CompletableFuture$AsyncSupply@7e1e9447 rejected from java.util.concurrent.ThreadPoolExecutor@4ecb30e4[Terminated, pool size = 0, active threads = 0, queued tasks = 0, completed tasks = 0]
	at java.base/java.util.concurrent.ThreadPoolExecutor$AbortPolicy.rejectedExecution(ThreadPoolExecutor.java:2055)
	at java.base/java.util.concurrent.ThreadPoolExecutor.reject(ThreadPoolExecutor.java:825)
	at java.base/java.util.concurrent.ThreadPoolExecutor.execute(ThreadPoolExecutor.java:1355)
	at java.base/java.util.concurrent.CompletableFuture.asyncSupplyStage(CompletableFuture.java:1714)
	at java.base/java.util.concurrent.CompletableFuture.supplyAsync(CompletableFuture.java:1931)
	at org.apache.ratis.server.impl.RaftServerImpl.executeSubmitServerRequestAsync(RaftServerImpl.java:817)
	at org.apache.ratis.server.impl.RaftServerProxy.lambda$appendEntriesAsync$27(RaftServerProxy.java:634)
	at java.base/java.util.concurrent.CompletableFuture.uniComposeStage(CompletableFuture.java:1106)
	... 15 more
2023-02-09 08:26:13,381 [s2-server-thread1] DEBUG raftlog.RaftLog (SegmentedRaftLog.java:appendImpl(446)) - truncateIndex=-1, arrayIndex=0
2023-02-09 08:26:13,382 [grpc-default-executor-9] WARN  server.GrpcLogAppender (LogUtils.java:warn(124)) - s1@group-5D8BFF2AC38C->s0-AppendLogResponseHandler: Failed appendEntries
java.util.concurrent.RejectedExecutionException: Task java.util.concurrent.CompletableFuture$AsyncSupply@7e1e9447 rejected from java.util.concurrent.ThreadPoolExecutor@4ecb30e4[Terminated, pool size = 0, active threads = 0, queued tasks = 0, completed tasks = 0]
	at java.base/java.util.concurrent.ThreadPoolExecutor$AbortPolicy.rejectedExecution(ThreadPoolExecutor.java:2055)
	at java.base/java.util.concurrent.ThreadPoolExecutor.reject(ThreadPoolExecutor.java:825)
	at java.base/java.util.concurrent.ThreadPoolExecutor.execute(ThreadPoolExecutor.java:1355)
	at java.base/java.util.concurrent.CompletableFuture.asyncSupplyStage(CompletableFuture.java:1714)
	at java.base/java.util.concurrent.CompletableFuture.supplyAsync(CompletableFuture.java:1931)
	at org.apache.ratis.server.impl.RaftServerImpl.executeSubmitServerRequestAsync(RaftServerImpl.java:817)
	at org.apache.ratis.server.impl.RaftServerProxy.lambda$appendEntriesAsync$27(RaftServerProxy.java:634)
	at java.base/java.util.concurrent.CompletableFuture.uniComposeStage(CompletableFuture.java:1106)
	at java.base/java.util.concurrent.CompletableFuture.thenCompose(CompletableFuture.java:2235)
	at org.apache.ratis.server.impl.RaftServerProxy.appendEntriesAsync(RaftServerProxy.java:634)
	at org.apache.ratis.grpc.server.GrpcServerProtocolService$1.process(GrpcServerProtocolService.java:219)
	at org.apache.ratis.grpc.server.GrpcServerProtocolService$1.process(GrpcServerProtocolService.java:216)
	at org.apache.ratis.grpc.server.GrpcServerProtocolService$ServerRequestStreamObserver.onNext(GrpcServerProtocolService.java:124)
	at org.apache.ratis.thirdparty.io.grpc.stub.ServerCalls$StreamingServerCallHandler$StreamingServerCallListener.onMessage(ServerCalls.java:262)
	at org.apache.ratis.thirdparty.io.grpc.ForwardingServerCallListener.onMessage(ForwardingServerCallListener.java:33)
	at org.apache.ratis.thirdparty.io.grpc.internal.ServerCallImpl$ServerStreamListenerImpl.messagesAvailableInternal(ServerCallImpl.java:332)
	at org.apache.ratis.thirdparty.io.grpc.internal.ServerCallImpl$ServerStreamListenerImpl.messagesAvailable(ServerCallImpl.java:315)
	at org.apache.ratis.thirdparty.io.grpc.internal.ServerImpl$JumpToApplicationThreadServerStreamListener$1MessagesAvailable.runInContext(ServerImpl.java:834)
	at org.apache.ratis.thirdparty.io.grpc.internal.ContextRunnable.run(ContextRunnable.java:37)
	at org.apache.ratis.thirdparty.io.grpc.internal.SerializingExecutor.run(SerializingExecutor.java:133)
	at java.base/java.util.concurrent.ThreadPoolExecutor.runWorker(ThreadPoolExecutor.java:1128)
	at java.base/java.util.concurrent.ThreadPoolExecutor$Worker.run(ThreadPoolExecutor.java:628)
	at java.base/java.lang.Thread.run(Thread.java:829)
2023-02-09 08:26:13,382 [grpc-default-executor-9] INFO  leader.FollowerInfo (FollowerInfoImpl.java:lambda$new$0(52)) - s1@group-5D8BFF2AC38C->s0: nextIndex: updateUnconditionally 240 -> 83
2023-02-09 08:26:13,382 [s2@group-5D8BFF2AC38C-StateMachineUpdater] INFO  impl.SimpleStateMachine4Testing (SimpleStateMachine4Testing.java:put(205)) - s2: put 239, m117 -> (t:2, i:239), STATEMACHINELOGENTRY, 503@client-F516C80A2025
2023-02-09 08:26:13,384 [grpc-default-executor-9] WARN  server.GrpcServerProtocolService (LogUtils.java:warn(124)) - s0: Failed APPEND_ENTRIES request s1->s0#302-t2,previous=(t:1, i:82),leaderCommit=239,initializing? true,entries: size=158, first=(t:2, i:83), CONFIGURATIONENTRY(current:id: "s0"
address: "localhost:42371"
dataStreamAddress: "localhost:43129"
clientAddress: "localhost:36379"
adminAddress: "localhost:36531"
startupRole: FOLLOWER
,id: "s1"
address: "localhost:35679"
dataStreamAddress: "localhost:42433"
clientAddress: "localhost:41371"
adminAddress: "localhost:44855"
startupRole: FOLLOWER
,id: "s2"
address: "localhost:39787"
dataStreamAddress: "localhost:33651"
clientAddress: "localhost:41113"
adminAddress: "localhost:44467"
startupRole: FOLLOWER
, old:)
java.util.concurrent.CompletionException: java.util.concurrent.RejectedExecutionException: Task java.util.concurrent.CompletableFuture$AsyncSupply@366f3e68 rejected from java.util.concurrent.ThreadPoolExecutor@4ecb30e4[Terminated, pool size = 0, active threads = 0, queued tasks = 0, completed tasks = 0]
	at java.base/java.util.concurrent.CompletableFuture.encodeThrowable(CompletableFuture.java:314)
	at java.base/java.util.concurrent.CompletableFuture.uniComposeStage(CompletableFuture.java:1113)
	at java.base/java.util.concurrent.CompletableFuture.thenCompose(CompletableFuture.java:2235)
	at org.apache.ratis.server.impl.RaftServerProxy.appendEntriesAsync(RaftServerProxy.java:634)
	at org.apache.ratis.grpc.server.GrpcServerProtocolService$1.process(GrpcServerProtocolService.java:219)
	at org.apache.ratis.grpc.server.GrpcServerProtocolService$1.process(GrpcServerProtocolService.java:216)
	at org.apache.ratis.grpc.server.GrpcServerProtocolService$ServerRequestStreamObserver.onNext(GrpcServerProtocolService.java:124)
	at org.apache.ratis.thirdparty.io.grpc.stub.ServerCalls$StreamingServerCallHandler$StreamingServerCallListener.onMessage(ServerCalls.java:262)
	at org.apache.ratis.thirdparty.io.grpc.ForwardingServerCallListener.onMessage(ForwardingServerCallListener.java:33)
	at org.apache.ratis.thirdparty.io.grpc.internal.ServerCallImpl$ServerStreamListenerImpl.messagesAvailableInternal(ServerCallImpl.java:332)
	at org.apache.ratis.thirdparty.io.grpc.internal.ServerCallImpl$ServerStreamListenerImpl.messagesAvailable(ServerCallImpl.java:315)
	at org.apache.ratis.thirdparty.io.grpc.internal.ServerImpl$JumpToApplicationThreadServerStreamListener$1MessagesAvailable.runInContext(ServerImpl.java:834)
	at org.apache.ratis.thirdparty.io.grpc.internal.ContextRunnable.run(ContextRunnable.java:37)
	at org.apache.ratis.thirdparty.io.grpc.internal.SerializingExecutor.run(SerializingExecutor.java:133)
	at java.base/java.util.concurrent.ThreadPoolExecutor.runWorker(ThreadPoolExecutor.java:1128)
	at java.base/java.util.concurrent.ThreadPoolExecutor$Worker.run(ThreadPoolExecutor.java:628)
	at java.base/java.lang.Thread.run(Thread.java:829)
Caused by: java.util.concurrent.RejectedExecutionException: Task java.util.concurrent.CompletableFuture$AsyncSupply@366f3e68 rejected from java.util.concurrent.ThreadPoolExecutor@4ecb30e4[Terminated, pool size = 0, active threads = 0, queued tasks = 0, completed tasks = 0]
	at java.base/java.util.concurrent.ThreadPoolExecutor$AbortPolicy.rejectedExecution(ThreadPoolExecutor.java:2055)
	at java.base/java.util.concurrent.ThreadPoolExecutor.reject(ThreadPoolExecutor.java:825)
	at java.base/java.util.concurrent.ThreadPoolExecutor.execute(ThreadPoolExecutor.java:1355)
	at java.base/java.util.concurrent.CompletableFuture.asyncSupplyStage(CompletableFuture.java:1714)
	at java.base/java.util.concurrent.CompletableFuture.supplyAsync(CompletableFuture.java:1931)
	at org.apache.ratis.server.impl.RaftServerImpl.executeSubmitServerRequestAsync(RaftServerImpl.java:817)
	at org.apache.ratis.server.impl.RaftServerProxy.lambda$appendEntriesAsync$27(RaftServerProxy.java:634)
	at java.base/java.util.concurrent.CompletableFuture.uniComposeStage(CompletableFuture.java:1106)
	... 15 more
2023-02-09 08:26:13,385 [grpc-default-executor-7] WARN  server.GrpcLogAppender (LogUtils.java:warn(124)) - s1@group-5D8BFF2AC38C->s0-AppendLogResponseHandler: Failed appendEntries
java.util.concurrent.RejectedExecutionException: Task java.util.concurrent.CompletableFuture$AsyncSupply@366f3e68 rejected from java.util.concurrent.ThreadPoolExecutor@4ecb30e4[Terminated, pool size = 0, active threads = 0, queued tasks = 0, completed tasks = 0]
	at java.base/java.util.concurrent.ThreadPoolExecutor$AbortPolicy.rejectedExecution(ThreadPoolExecutor.java:2055)
	at java.base/java.util.concurrent.ThreadPoolExecutor.reject(ThreadPoolExecutor.java:825)
	at java.base/java.util.concurrent.ThreadPoolExecutor.execute(ThreadPoolExecutor.java:1355)
	at java.base/java.util.concurrent.CompletableFuture.asyncSupplyStage(CompletableFuture.java:1714)
	at java.base/java.util.concurrent.CompletableFuture.supplyAsync(CompletableFuture.java:1931)
	at org.apache.ratis.server.impl.RaftServerImpl.executeSubmitServerRequestAsync(RaftServerImpl.java:817)
	at org.apache.ratis.server.impl.RaftServerProxy.lambda$appendEntriesAsync$27(RaftServerProxy.java:634)
	at java.base/java.util.concurrent.CompletableFuture.uniComposeStage(CompletableFuture.java:1106)
	at java.base/java.util.concurrent.CompletableFuture.thenCompose(CompletableFuture.java:2235)
	at org.apache.ratis.server.impl.RaftServerProxy.appendEntriesAsync(RaftServerProxy.java:634)
	at org.apache.ratis.grpc.server.GrpcServerProtocolService$1.process(GrpcServerProtocolService.java:219)
	at org.apache.ratis.grpc.server.GrpcServerProtocolService$1.process(GrpcServerProtocolService.java:216)
	at org.apache.ratis.grpc.server.GrpcServerProtocolService$ServerRequestStreamObserver.onNext(GrpcServerProtocolService.java:124)
	at org.apache.ratis.thirdparty.io.grpc.stub.ServerCalls$StreamingServerCallHandler$StreamingServerCallListener.onMessage(ServerCalls.java:262)
	at org.apache.ratis.thirdparty.io.grpc.ForwardingServerCallListener.onMessage(ForwardingServerCallListener.java:33)
	at org.apache.ratis.thirdparty.io.grpc.internal.ServerCallImpl$ServerStreamListenerImpl.messagesAvailableInternal(ServerCallImpl.java:332)
	at org.apache.ratis.thirdparty.io.grpc.internal.ServerCallImpl$ServerStreamListenerImpl.messagesAvailable(ServerCallImpl.java:315)
	at org.apache.ratis.thirdparty.io.grpc.internal.ServerImpl$JumpToApplicationThreadServerStreamListener$1MessagesAvailable.runInContext(ServerImpl.java:834)
	at org.apache.ratis.thirdparty.io.grpc.internal.ContextRunnable.run(ContextRunnable.java:37)
	at org.apache.ratis.thirdparty.io.grpc.internal.SerializingExecutor.run(SerializingExecutor.java:133)
	at java.base/java.util.concurrent.ThreadPoolExecutor.runWorker(ThreadPoolExecutor.java:1128)
	at java.base/java.util.concurrent.ThreadPoolExecutor$Worker.run(ThreadPoolExecutor.java:628)
	at java.base/java.lang.Thread.run(Thread.java:829)
2023-02-09 08:26:13,385 [grpc-default-executor-7] INFO  leader.FollowerInfo (FollowerInfoImpl.java:lambda$new$0(52)) - s1@group-5D8BFF2AC38C->s0: nextIndex: updateUnconditionally 241 -> 83
2023-02-09 08:26:13,386 [s1-client-thread1] INFO  segmented.SegmentedRaftLogWorker (SegmentedRaftLogWorker.java:rollLogSegment(436)) - s1@group-5D8BFF2AC38C-SegmentedRaftLogWorker: Rolling segment log-215_240 to index:240
2023-02-09 08:26:13,386 [s1@group-5D8BFF2AC38C-SegmentedRaftLogWorker] TRACE util.FileUtils (LogUtils.java:runAndLog(49)) - Successfully ran Atomic Files.move /home/runner/work/ratis/ratis/ratis-test/target/test/data/ca75353f/MiniRaftClusterWithGrpc52e54005/s1/d26acf42-c6a3-40ef-b2da-5d8bff2ac38c/current/log_inprogress_215 to /home/runner/work/ratis/ratis/ratis-test/target/test/data/ca75353f/MiniRaftClusterWithGrpc52e54005/s1/d26acf42-c6a3-40ef-b2da-5d8bff2ac38c/current/log_215-240
2023-02-09 08:26:13,386 [s1@group-5D8BFF2AC38C-SegmentedRaftLogWorker] INFO  segmented.SegmentedRaftLogWorker (SegmentedRaftLogWorker.java:execute(592)) - s1@group-5D8BFF2AC38C-SegmentedRaftLogWorker: Rolled log segment from /home/runner/work/ratis/ratis/ratis-test/target/test/data/ca75353f/MiniRaftClusterWithGrpc52e54005/s1/d26acf42-c6a3-40ef-b2da-5d8bff2ac38c/current/log_inprogress_215 to /home/runner/work/ratis/ratis/ratis-test/target/test/data/ca75353f/MiniRaftClusterWithGrpc52e54005/s1/d26acf42-c6a3-40ef-b2da-5d8bff2ac38c/current/log_215-240
2023-02-09 08:26:13,387 [s1@group-5D8BFF2AC38C-SegmentedRaftLogWorker] INFO  segmented.SegmentedRaftLogWorker (SegmentedRaftLogWorker.java:execute(635)) - s1@group-5D8BFF2AC38C-SegmentedRaftLogWorker: created new log segment /home/runner/work/ratis/ratis/ratis-test/target/test/data/ca75353f/MiniRaftClusterWithGrpc52e54005/s1/d26acf42-c6a3-40ef-b2da-5d8bff2ac38c/current/log_inprogress_241
2023-02-09 08:26:13,389 [s2-server-thread1] DEBUG raftlog.RaftLog (SegmentedRaftLog.java:appendImpl(446)) - truncateIndex=-1, arrayIndex=0
2023-02-09 08:26:13,389 [s2-server-thread1] INFO  segmented.SegmentedRaftLogWorker (SegmentedRaftLogWorker.java:rollLogSegment(436)) - s2@group-5D8BFF2AC38C-SegmentedRaftLogWorker: Rolling segment log-215_240 to index:240
2023-02-09 08:26:13,389 [s2@group-5D8BFF2AC38C-SegmentedRaftLogWorker] TRACE util.FileUtils (LogUtils.java:runAndLog(49)) - Successfully ran Atomic Files.move /home/runner/work/ratis/ratis/ratis-test/target/test/data/ca75353f/MiniRaftClusterWithGrpc52e54005/s2/d26acf42-c6a3-40ef-b2da-5d8bff2ac38c/current/log_inprogress_215 to /home/runner/work/ratis/ratis/ratis-test/target/test/data/ca75353f/MiniRaftClusterWithGrpc52e54005/s2/d26acf42-c6a3-40ef-b2da-5d8bff2ac38c/current/log_215-240
2023-02-09 08:26:13,389 [s2@group-5D8BFF2AC38C-SegmentedRaftLogWorker] INFO  segmented.SegmentedRaftLogWorker (SegmentedRaftLogWorker.java:execute(592)) - s2@group-5D8BFF2AC38C-SegmentedRaftLogWorker: Rolled log segment from /home/runner/work/ratis/ratis/ratis-test/target/test/data/ca75353f/MiniRaftClusterWithGrpc52e54005/s2/d26acf42-c6a3-40ef-b2da-5d8bff2ac38c/current/log_inprogress_215 to /home/runner/work/ratis/ratis/ratis-test/target/test/data/ca75353f/MiniRaftClusterWithGrpc52e54005/s2/d26acf42-c6a3-40ef-b2da-5d8bff2ac38c/current/log_215-240
2023-02-09 08:26:13,390 [grpc-default-executor-5] WARN  server.GrpcServerProtocolService (LogUtils.java:warn(124)) - s0: Failed APPEND_ENTRIES request s1->s0#304-t2,previous=(t:1, i:82),leaderCommit=240,initializing? true,entries: size=159, first=(t:2, i:83), CONFIGURATIONENTRY(current:id: "s0"
address: "localhost:42371"
dataStreamAddress: "localhost:43129"
clientAddress: "localhost:36379"
adminAddress: "localhost:36531"
startupRole: FOLLOWER
,id: "s1"
address: "localhost:35679"
dataStreamAddress: "localhost:42433"
clientAddress: "localhost:41371"
adminAddress: "localhost:44855"
startupRole: FOLLOWER
,id: "s2"
address: "localhost:39787"
dataStreamAddress: "localhost:33651"
clientAddress: "localhost:41113"
adminAddress: "localhost:44467"
startupRole: FOLLOWER
, old:)
java.util.concurrent.CompletionException: java.util.concurrent.RejectedExecutionException: Task java.util.concurrent.CompletableFuture$AsyncSupply@3815fbe2 rejected from java.util.concurrent.ThreadPoolExecutor@4ecb30e4[Terminated, pool size = 0, active threads = 0, queued tasks = 0, completed tasks = 0]
	at java.base/java.util.concurrent.CompletableFuture.encodeThrowable(CompletableFuture.java:314)
	at java.base/java.util.concurrent.CompletableFuture.uniComposeStage(CompletableFuture.java:1113)
	at java.base/java.util.concurrent.CompletableFuture.thenCompose(CompletableFuture.java:2235)
	at org.apache.ratis.server.impl.RaftServerProxy.appendEntriesAsync(RaftServerProxy.java:634)
	at org.apache.ratis.grpc.server.GrpcServerProtocolService$1.process(GrpcServerProtocolService.java:219)
	at org.apache.ratis.grpc.server.GrpcServerProtocolService$1.process(GrpcServerProtocolService.java:216)
	at org.apache.ratis.grpc.server.GrpcServerProtocolService$ServerRequestStreamObserver.onNext(GrpcServerProtocolService.java:124)
	at org.apache.ratis.thirdparty.io.grpc.stub.ServerCalls$StreamingServerCallHandler$StreamingServerCallListener.onMessage(ServerCalls.java:262)
	at org.apache.ratis.thirdparty.io.grpc.ForwardingServerCallListener.onMessage(ForwardingServerCallListener.java:33)
	at org.apache.ratis.thirdparty.io.grpc.internal.ServerCallImpl$ServerStreamListenerImpl.messagesAvailableInternal(ServerCallImpl.java:332)
	at org.apache.ratis.thirdparty.io.grpc.internal.ServerCallImpl$ServerStreamListenerImpl.messagesAvailable(ServerCallImpl.java:315)
	at org.apache.ratis.thirdparty.io.grpc.internal.ServerImpl$JumpToApplicationThreadServerStreamListener$1MessagesAvailable.runInContext(ServerImpl.java:834)
	at org.apache.ratis.thirdparty.io.grpc.internal.ContextRunnable.run(ContextRunnable.java:37)
	at org.apache.ratis.thirdparty.io.grpc.internal.SerializingExecutor.run(SerializingExecutor.java:133)
	at java.base/java.util.concurrent.ThreadPoolExecutor.runWorker(ThreadPoolExecutor.java:1128)
	at java.base/java.util.concurrent.ThreadPoolExecutor$Worker.run(ThreadPoolExecutor.java:628)
	at java.base/java.lang.Thread.run(Thread.java:829)
Caused by: java.util.concurrent.RejectedExecutionException: Task java.util.concurrent.CompletableFuture$AsyncSupply@3815fbe2 rejected from java.util.concurrent.ThreadPoolExecutor@4ecb30e4[Terminated, pool size = 0, active threads = 0, queued tasks = 0, completed tasks = 0]
	at java.base/java.util.concurrent.ThreadPoolExecutor$AbortPolicy.rejectedExecution(ThreadPoolExecutor.java:2055)
	at java.base/java.util.concurrent.ThreadPoolExecutor.reject(ThreadPoolExecutor.java:825)
	at java.base/java.util.concurrent.ThreadPoolExecutor.execute(ThreadPoolExecutor.java:1355)
	at java.base/java.util.concurrent.CompletableFuture.asyncSupplyStage(CompletableFuture.java:1714)
	at java.base/java.util.concurrent.CompletableFuture.supplyAsync(CompletableFuture.java:1931)
	at org.apache.ratis.server.impl.RaftServerImpl.executeSubmitServerRequestAsync(RaftServerImpl.java:817)
	at org.apache.ratis.server.impl.RaftServerProxy.lambda$appendEntriesAsync$27(RaftServerProxy.java:634)
	at java.base/java.util.concurrent.CompletableFuture.uniComposeStage(CompletableFuture.java:1106)
	... 15 more
2023-02-09 08:26:13,390 [s2@group-5D8BFF2AC38C-SegmentedRaftLogWorker] INFO  segmented.SegmentedRaftLogWorker (SegmentedRaftLogWorker.java:execute(635)) - s2@group-5D8BFF2AC38C-SegmentedRaftLogWorker: created new log segment /home/runner/work/ratis/ratis/ratis-test/target/test/data/ca75353f/MiniRaftClusterWithGrpc52e54005/s2/d26acf42-c6a3-40ef-b2da-5d8bff2ac38c/current/log_inprogress_241
2023-02-09 08:26:13,391 [s1@group-5D8BFF2AC38C-StateMachineUpdater] INFO  impl.SimpleStateMachine4Testing (SimpleStateMachine4Testing.java:put(205)) - s1: put 241, m118 -> (t:2, i:241), STATEMACHINELOGENTRY, 504@client-F516C80A2025
2023-02-09 08:26:13,391 [grpc-default-executor-7] WARN  server.GrpcLogAppender (LogUtils.java:warn(124)) - s1@group-5D8BFF2AC38C->s0-AppendLogResponseHandler: Failed appendEntries
java.util.concurrent.RejectedExecutionException: Task java.util.concurrent.CompletableFuture$AsyncSupply@3815fbe2 rejected from java.util.concurrent.ThreadPoolExecutor@4ecb30e4[Terminated, pool size = 0, active threads = 0, queued tasks = 0, completed tasks = 0]
	at java.base/java.util.concurrent.ThreadPoolExecutor$AbortPolicy.rejectedExecution(ThreadPoolExecutor.java:2055)
	at java.base/java.util.concurrent.ThreadPoolExecutor.reject(ThreadPoolExecutor.java:825)
	at java.base/java.util.concurrent.ThreadPoolExecutor.execute(ThreadPoolExecutor.java:1355)
	at java.base/java.util.concurrent.CompletableFuture.asyncSupplyStage(CompletableFuture.java:1714)
	at java.base/java.util.concurrent.CompletableFuture.supplyAsync(CompletableFuture.java:1931)
	at org.apache.ratis.server.impl.RaftServerImpl.executeSubmitServerRequestAsync(RaftServerImpl.java:817)
	at org.apache.ratis.server.impl.RaftServerProxy.lambda$appendEntriesAsync$27(RaftServerProxy.java:634)
	at java.base/java.util.concurrent.CompletableFuture.uniComposeStage(CompletableFuture.java:1106)
	at java.base/java.util.concurrent.CompletableFuture.thenCompose(CompletableFuture.java:2235)
	at org.apache.ratis.server.impl.RaftServerProxy.appendEntriesAsync(RaftServerProxy.java:634)
	at org.apache.ratis.grpc.server.GrpcServerProtocolService$1.process(GrpcServerProtocolService.java:219)
	at org.apache.ratis.grpc.server.GrpcServerProtocolService$1.process(GrpcServerProtocolService.java:216)
	at org.apache.ratis.grpc.server.GrpcServerProtocolService$ServerRequestStreamObserver.onNext(GrpcServerProtocolService.java:124)
	at org.apache.ratis.thirdparty.io.grpc.stub.ServerCalls$StreamingServerCallHandler$StreamingServerCallListener.onMessage(ServerCalls.java:262)
	at org.apache.ratis.thirdparty.io.grpc.ForwardingServerCallListener.onMessage(ForwardingServerCallListener.java:33)
	at org.apache.ratis.thirdparty.io.grpc.internal.ServerCallImpl$ServerStreamListenerImpl.messagesAvailableInternal(ServerCallImpl.java:332)
	at org.apache.ratis.thirdparty.io.grpc.internal.ServerCallImpl$ServerStreamListenerImpl.messagesAvailable(ServerCallImpl.java:315)
	at org.apache.ratis.thirdparty.io.grpc.internal.ServerImpl$JumpToApplicationThreadServerStreamListener$1MessagesAvailable.runInContext(ServerImpl.java:834)
	at org.apache.ratis.thirdparty.io.grpc.internal.ContextRunnable.run(ContextRunnable.java:37)
	at org.apache.ratis.thirdparty.io.grpc.internal.SerializingExecutor.run(SerializingExecutor.java:133)
	at java.base/java.util.concurrent.ThreadPoolExecutor.runWorker(ThreadPoolExecutor.java:1128)
	at java.base/java.util.concurrent.ThreadPoolExecutor$Worker.run(ThreadPoolExecutor.java:628)
	at java.base/java.lang.Thread.run(Thread.java:829)
2023-02-09 08:26:13,391 [grpc-default-executor-7] INFO  leader.FollowerInfo (FollowerInfoImpl.java:lambda$new$0(52)) - s1@group-5D8BFF2AC38C->s0: nextIndex: updateUnconditionally 242 -> 83
2023-02-09 08:26:13,392 [s2-server-thread1] DEBUG raftlog.RaftLog (SegmentedRaftLog.java:appendImpl(446)) - truncateIndex=-1, arrayIndex=0
2023-02-09 08:26:13,392 [s2@group-5D8BFF2AC38C-StateMachineUpdater] INFO  impl.SimpleStateMachine4Testing (SimpleStateMachine4Testing.java:put(205)) - s2: put 241, m118 -> (t:2, i:241), STATEMACHINELOGENTRY, 504@client-F516C80A2025
2023-02-09 08:26:13,394 [s2-server-thread1] DEBUG raftlog.RaftLog (SegmentedRaftLog.java:appendImpl(446)) - truncateIndex=-1, arrayIndex=0
2023-02-09 08:26:13,394 [grpc-default-executor-5] WARN  server.GrpcServerProtocolService (LogUtils.java:warn(124)) - s0: Failed APPEND_ENTRIES request s1->s0#306-t2,previous=(t:1, i:82),leaderCommit=242,initializing? true,entries: size=161, first=(t:2, i:83), CONFIGURATIONENTRY(current:id: "s0"
address: "localhost:42371"
dataStreamAddress: "localhost:43129"
clientAddress: "localhost:36379"
adminAddress: "localhost:36531"
startupRole: FOLLOWER
,id: "s1"
address: "localhost:35679"
dataStreamAddress: "localhost:42433"
clientAddress: "localhost:41371"
adminAddress: "localhost:44855"
startupRole: FOLLOWER
,id: "s2"
address: "localhost:39787"
dataStreamAddress: "localhost:33651"
clientAddress: "localhost:41113"
adminAddress: "localhost:44467"
startupRole: FOLLOWER
, old:)
java.util.concurrent.CompletionException: java.util.concurrent.RejectedExecutionException: Task java.util.concurrent.CompletableFuture$AsyncSupply@5e4a7ce rejected from java.util.concurrent.ThreadPoolExecutor@4ecb30e4[Terminated, pool size = 0, active threads = 0, queued tasks = 0, completed tasks = 0]
	at java.base/java.util.concurrent.CompletableFuture.encodeThrowable(CompletableFuture.java:314)
	at java.base/java.util.concurrent.CompletableFuture.uniComposeStage(CompletableFuture.java:1113)
	at java.base/java.util.concurrent.CompletableFuture.thenCompose(CompletableFuture.java:2235)
	at org.apache.ratis.server.impl.RaftServerProxy.appendEntriesAsync(RaftServerProxy.java:634)
	at org.apache.ratis.grpc.server.GrpcServerProtocolService$1.process(GrpcServerProtocolService.java:219)
	at org.apache.ratis.grpc.server.GrpcServerProtocolService$1.process(GrpcServerProtocolService.java:216)
	at org.apache.ratis.grpc.server.GrpcServerProtocolService$ServerRequestStreamObserver.onNext(GrpcServerProtocolService.java:124)
	at org.apache.ratis.thirdparty.io.grpc.stub.ServerCalls$StreamingServerCallHandler$StreamingServerCallListener.onMessage(ServerCalls.java:262)
	at org.apache.ratis.thirdparty.io.grpc.ForwardingServerCallListener.onMessage(ForwardingServerCallListener.java:33)
	at org.apache.ratis.thirdparty.io.grpc.internal.ServerCallImpl$ServerStreamListenerImpl.messagesAvailableInternal(ServerCallImpl.java:332)
	at org.apache.ratis.thirdparty.io.grpc.internal.ServerCallImpl$ServerStreamListenerImpl.messagesAvailable(ServerCallImpl.java:315)
	at org.apache.ratis.thirdparty.io.grpc.internal.ServerImpl$JumpToApplicationThreadServerStreamListener$1MessagesAvailable.runInContext(ServerImpl.java:834)
	at org.apache.ratis.thirdparty.io.grpc.internal.ContextRunnable.run(ContextRunnable.java:37)
	at org.apache.ratis.thirdparty.io.grpc.internal.SerializingExecutor.run(SerializingExecutor.java:133)
	at java.base/java.util.concurrent.ThreadPoolExecutor.runWorker(ThreadPoolExecutor.java:1128)
	at java.base/java.util.concurrent.ThreadPoolExecutor$Worker.run(ThreadPoolExecutor.java:628)
	at java.base/java.lang.Thread.run(Thread.java:829)
Caused by: java.util.concurrent.RejectedExecutionException: Task java.util.concurrent.CompletableFuture$AsyncSupply@5e4a7ce rejected from java.util.concurrent.ThreadPoolExecutor@4ecb30e4[Terminated, pool size = 0, active threads = 0, queued tasks = 0, completed tasks = 0]
	at java.base/java.util.concurrent.ThreadPoolExecutor$AbortPolicy.rejectedExecution(ThreadPoolExecutor.java:2055)
	at java.base/java.util.concurrent.ThreadPoolExecutor.reject(ThreadPoolExecutor.java:825)
	at java.base/java.util.concurrent.ThreadPoolExecutor.execute(ThreadPoolExecutor.java:1355)
	at java.base/java.util.concurrent.CompletableFuture.asyncSupplyStage(CompletableFuture.java:1714)
	at java.base/java.util.concurrent.CompletableFuture.supplyAsync(CompletableFuture.java:1931)
	at org.apache.ratis.server.impl.RaftServerImpl.executeSubmitServerRequestAsync(RaftServerImpl.java:817)
	at org.apache.ratis.server.impl.RaftServerProxy.lambda$appendEntriesAsync$27(RaftServerProxy.java:634)
	at java.base/java.util.concurrent.CompletableFuture.uniComposeStage(CompletableFuture.java:1106)
	... 15 more
2023-02-09 08:26:13,395 [s1@group-5D8BFF2AC38C-StateMachineUpdater] INFO  impl.SimpleStateMachine4Testing (SimpleStateMachine4Testing.java:put(205)) - s1: put 243, m119 -> (t:2, i:243), STATEMACHINELOGENTRY, 505@client-F516C80A2025
2023-02-09 08:26:13,396 [grpc-default-executor-5] WARN  server.GrpcLogAppender (LogUtils.java:warn(124)) - s1@group-5D8BFF2AC38C->s0-AppendLogResponseHandler: Failed appendEntries
java.util.concurrent.RejectedExecutionException: Task java.util.concurrent.CompletableFuture$AsyncSupply@5e4a7ce rejected from java.util.concurrent.ThreadPoolExecutor@4ecb30e4[Terminated, pool size = 0, active threads = 0, queued tasks = 0, completed tasks = 0]
	at java.base/java.util.concurrent.ThreadPoolExecutor$AbortPolicy.rejectedExecution(ThreadPoolExecutor.java:2055)
	at java.base/java.util.concurrent.ThreadPoolExecutor.reject(ThreadPoolExecutor.java:825)
	at java.base/java.util.concurrent.ThreadPoolExecutor.execute(ThreadPoolExecutor.java:1355)
	at java.base/java.util.concurrent.CompletableFuture.asyncSupplyStage(CompletableFuture.java:1714)
	at java.base/java.util.concurrent.CompletableFuture.supplyAsync(CompletableFuture.java:1931)
	at org.apache.ratis.server.impl.RaftServerImpl.executeSubmitServerRequestAsync(RaftServerImpl.java:817)
	at org.apache.ratis.server.impl.RaftServerProxy.lambda$appendEntriesAsync$27(RaftServerProxy.java:634)
	at java.base/java.util.concurrent.CompletableFuture.uniComposeStage(CompletableFuture.java:1106)
	at java.base/java.util.concurrent.CompletableFuture.thenCompose(CompletableFuture.java:2235)
	at org.apache.ratis.server.impl.RaftServerProxy.appendEntriesAsync(RaftServerProxy.java:634)
	at org.apache.ratis.grpc.server.GrpcServerProtocolService$1.process(GrpcServerProtocolService.java:219)
	at org.apache.ratis.grpc.server.GrpcServerProtocolService$1.process(GrpcServerProtocolService.java:216)
	at org.apache.ratis.grpc.server.GrpcServerProtocolService$ServerRequestStreamObserver.onNext(GrpcServerProtocolService.java:124)
	at org.apache.ratis.thirdparty.io.grpc.stub.ServerCalls$StreamingServerCallHandler$StreamingServerCallListener.onMessage(ServerCalls.java:262)
	at org.apache.ratis.thirdparty.io.grpc.ForwardingServerCallListener.onMessage(ForwardingServerCallListener.java:33)
	at org.apache.ratis.thirdparty.io.grpc.internal.ServerCallImpl$ServerStreamListenerImpl.messagesAvailableInternal(ServerCallImpl.java:332)
	at org.apache.ratis.thirdparty.io.grpc.internal.ServerCallImpl$ServerStreamListenerImpl.messagesAvailable(ServerCallImpl.java:315)
	at org.apache.ratis.thirdparty.io.grpc.internal.ServerImpl$JumpToApplicationThreadServerStreamListener$1MessagesAvailable.runInContext(ServerImpl.java:834)
	at org.apache.ratis.thirdparty.io.grpc.internal.ContextRunnable.run(ContextRunnable.java:37)
	at org.apache.ratis.thirdparty.io.grpc.internal.SerializingExecutor.run(SerializingExecutor.java:133)
	at java.base/java.util.concurrent.ThreadPoolExecutor.runWorker(ThreadPoolExecutor.java:1128)
	at java.base/java.util.concurrent.ThreadPoolExecutor$Worker.run(ThreadPoolExecutor.java:628)
	at java.base/java.lang.Thread.run(Thread.java:829)
2023-02-09 08:26:13,396 [grpc-default-executor-5] INFO  leader.FollowerInfo (FollowerInfoImpl.java:lambda$new$0(52)) - s1@group-5D8BFF2AC38C->s0: nextIndex: updateUnconditionally 244 -> 83
2023-02-09 08:26:13,396 [s2-server-thread1] DEBUG raftlog.RaftLog (SegmentedRaftLog.java:appendImpl(446)) - truncateIndex=-1, arrayIndex=0
2023-02-09 08:26:13,397 [s2@group-5D8BFF2AC38C-StateMachineUpdater] INFO  impl.SimpleStateMachine4Testing (SimpleStateMachine4Testing.java:put(205)) - s2: put 243, m119 -> (t:2, i:243), STATEMACHINELOGENTRY, 505@client-F516C80A2025
2023-02-09 08:26:13,399 [grpc-default-executor-9] WARN  server.GrpcServerProtocolService (LogUtils.java:warn(124)) - s0: Failed APPEND_ENTRIES request s1->s0#309-t2,previous=(t:1, i:82),leaderCommit=243,initializing? true,entries: size=162, first=(t:2, i:83), CONFIGURATIONENTRY(current:id: "s0"
address: "localhost:42371"
dataStreamAddress: "localhost:43129"
clientAddress: "localhost:36379"
adminAddress: "localhost:36531"
startupRole: FOLLOWER
,id: "s1"
address: "localhost:35679"
dataStreamAddress: "localhost:42433"
clientAddress: "localhost:41371"
adminAddress: "localhost:44855"
startupRole: FOLLOWER
,id: "s2"
address: "localhost:39787"
dataStreamAddress: "localhost:33651"
clientAddress: "localhost:41113"
adminAddress: "localhost:44467"
startupRole: FOLLOWER
, old:)
java.util.concurrent.CompletionException: java.util.concurrent.RejectedExecutionException: Task java.util.concurrent.CompletableFuture$AsyncSupply@d1864cf rejected from java.util.concurrent.ThreadPoolExecutor@4ecb30e4[Terminated, pool size = 0, active threads = 0, queued tasks = 0, completed tasks = 0]
	at java.base/java.util.concurrent.CompletableFuture.encodeThrowable(CompletableFuture.java:314)
	at java.base/java.util.concurrent.CompletableFuture.uniComposeStage(CompletableFuture.java:1113)
	at java.base/java.util.concurrent.CompletableFuture.thenCompose(CompletableFuture.java:2235)
	at org.apache.ratis.server.impl.RaftServerProxy.appendEntriesAsync(RaftServerProxy.java:634)
	at org.apache.ratis.grpc.server.GrpcServerProtocolService$1.process(GrpcServerProtocolService.java:219)
	at org.apache.ratis.grpc.server.GrpcServerProtocolService$1.process(GrpcServerProtocolService.java:216)
	at org.apache.ratis.grpc.server.GrpcServerProtocolService$ServerRequestStreamObserver.onNext(GrpcServerProtocolService.java:124)
	at org.apache.ratis.thirdparty.io.grpc.stub.ServerCalls$StreamingServerCallHandler$StreamingServerCallListener.onMessage(ServerCalls.java:262)
	at org.apache.ratis.thirdparty.io.grpc.ForwardingServerCallListener.onMessage(ForwardingServerCallListener.java:33)
	at org.apache.ratis.thirdparty.io.grpc.internal.ServerCallImpl$ServerStreamListenerImpl.messagesAvailableInternal(ServerCallImpl.java:332)
	at org.apache.ratis.thirdparty.io.grpc.internal.ServerCallImpl$ServerStreamListenerImpl.messagesAvailable(ServerCallImpl.java:315)
	at org.apache.ratis.thirdparty.io.grpc.internal.ServerImpl$JumpToApplicationThreadServerStreamListener$1MessagesAvailable.runInContext(ServerImpl.java:834)
	at org.apache.ratis.thirdparty.io.grpc.internal.ContextRunnable.run(ContextRunnable.java:37)
	at org.apache.ratis.thirdparty.io.grpc.internal.SerializingExecutor.run(SerializingExecutor.java:133)
	at java.base/java.util.concurrent.ThreadPoolExecutor.runWorker(ThreadPoolExecutor.java:1128)
	at java.base/java.util.concurrent.ThreadPoolExecutor$Worker.run(ThreadPoolExecutor.java:628)
	at java.base/java.lang.Thread.run(Thread.java:829)
Caused by: java.util.concurrent.RejectedExecutionException: Task java.util.concurrent.CompletableFuture$AsyncSupply@d1864cf rejected from java.util.concurrent.ThreadPoolExecutor@4ecb30e4[Terminated, pool size = 0, active threads = 0, queued tasks = 0, completed tasks = 0]
	at java.base/java.util.concurrent.ThreadPoolExecutor$AbortPolicy.rejectedExecution(ThreadPoolExecutor.java:2055)
	at java.base/java.util.concurrent.ThreadPoolExecutor.reject(ThreadPoolExecutor.java:825)
	at java.base/java.util.concurrent.ThreadPoolExecutor.execute(ThreadPoolExecutor.java:1355)
	at java.base/java.util.concurrent.CompletableFuture.asyncSupplyStage(CompletableFuture.java:1714)
	at java.base/java.util.concurrent.CompletableFuture.supplyAsync(CompletableFuture.java:1931)
	at org.apache.ratis.server.impl.RaftServerImpl.executeSubmitServerRequestAsync(RaftServerImpl.java:817)
	at org.apache.ratis.server.impl.RaftServerProxy.lambda$appendEntriesAsync$27(RaftServerProxy.java:634)
	at java.base/java.util.concurrent.CompletableFuture.uniComposeStage(CompletableFuture.java:1106)
	... 15 more
2023-02-09 08:26:13,400 [grpc-default-executor-9] WARN  server.GrpcLogAppender (LogUtils.java:warn(124)) - s1@group-5D8BFF2AC38C->s0-AppendLogResponseHandler: Failed appendEntries
java.util.concurrent.RejectedExecutionException: Task java.util.concurrent.CompletableFuture$AsyncSupply@d1864cf rejected from java.util.concurrent.ThreadPoolExecutor@4ecb30e4[Terminated, pool size = 0, active threads = 0, queued tasks = 0, completed tasks = 0]
	at java.base/java.util.concurrent.ThreadPoolExecutor$AbortPolicy.rejectedExecution(ThreadPoolExecutor.java:2055)
	at java.base/java.util.concurrent.ThreadPoolExecutor.reject(ThreadPoolExecutor.java:825)
	at java.base/java.util.concurrent.ThreadPoolExecutor.execute(ThreadPoolExecutor.java:1355)
	at java.base/java.util.concurrent.CompletableFuture.asyncSupplyStage(CompletableFuture.java:1714)
	at java.base/java.util.concurrent.CompletableFuture.supplyAsync(CompletableFuture.java:1931)
	at org.apache.ratis.server.impl.RaftServerImpl.executeSubmitServerRequestAsync(RaftServerImpl.java:817)
	at org.apache.ratis.server.impl.RaftServerProxy.lambda$appendEntriesAsync$27(RaftServerProxy.java:634)
	at java.base/java.util.concurrent.CompletableFuture.uniComposeStage(CompletableFuture.java:1106)
	at java.base/java.util.concurrent.CompletableFuture.thenCompose(CompletableFuture.java:2235)
	at org.apache.ratis.server.impl.RaftServerProxy.appendEntriesAsync(RaftServerProxy.java:634)
	at org.apache.ratis.grpc.server.GrpcServerProtocolService$1.process(GrpcServerProtocolService.java:219)
	at org.apache.ratis.grpc.server.GrpcServerProtocolService$1.process(GrpcServerProtocolService.java:216)
	at org.apache.ratis.grpc.server.GrpcServerProtocolService$ServerRequestStreamObserver.onNext(GrpcServerProtocolService.java:124)
	at org.apache.ratis.thirdparty.io.grpc.stub.ServerCalls$StreamingServerCallHandler$StreamingServerCallListener.onMessage(ServerCalls.java:262)
	at org.apache.ratis.thirdparty.io.grpc.ForwardingServerCallListener.onMessage(ForwardingServerCallListener.java:33)
	at org.apache.ratis.thirdparty.io.grpc.internal.ServerCallImpl$ServerStreamListenerImpl.messagesAvailableInternal(ServerCallImpl.java:332)
	at org.apache.ratis.thirdparty.io.grpc.internal.ServerCallImpl$ServerStreamListenerImpl.messagesAvailable(ServerCallImpl.java:315)
	at org.apache.ratis.thirdparty.io.grpc.internal.ServerImpl$JumpToApplicationThreadServerStreamListener$1MessagesAvailable.runInContext(ServerImpl.java:834)
	at org.apache.ratis.thirdparty.io.grpc.internal.ContextRunnable.run(ContextRunnable.java:37)
	at org.apache.ratis.thirdparty.io.grpc.internal.SerializingExecutor.run(SerializingExecutor.java:133)
	at java.base/java.util.concurrent.ThreadPoolExecutor.runWorker(ThreadPoolExecutor.java:1128)
	at java.base/java.util.concurrent.ThreadPoolExecutor$Worker.run(ThreadPoolExecutor.java:628)
	at java.base/java.lang.Thread.run(Thread.java:829)
2023-02-09 08:26:13,400 [grpc-default-executor-9] INFO  leader.FollowerInfo (FollowerInfoImpl.java:lambda$new$0(52)) - s1@group-5D8BFF2AC38C->s0: nextIndex: updateUnconditionally 245 -> 83
2023-02-09 08:26:13,400 [s2-server-thread1] DEBUG raftlog.RaftLog (SegmentedRaftLog.java:appendImpl(446)) - truncateIndex=-1, arrayIndex=0
2023-02-09 08:26:13,402 [s1@group-5D8BFF2AC38C-StateMachineUpdater] INFO  impl.SimpleStateMachine4Testing (SimpleStateMachine4Testing.java:put(205)) - s1: put 245, m120 -> (t:2, i:245), STATEMACHINELOGENTRY, 506@client-F516C80A2025
2023-02-09 08:26:13,402 [s2-server-thread1] DEBUG raftlog.RaftLog (SegmentedRaftLog.java:appendImpl(446)) - truncateIndex=-1, arrayIndex=0
2023-02-09 08:26:13,403 [grpc-default-executor-9] WARN  server.GrpcServerProtocolService (LogUtils.java:warn(124)) - s0: Failed APPEND_ENTRIES request s1->s0#312-t2,previous=(t:1, i:82),leaderCommit=244,initializing? true,entries: size=163, first=(t:2, i:83), CONFIGURATIONENTRY(current:id: "s0"
address: "localhost:42371"
dataStreamAddress: "localhost:43129"
clientAddress: "localhost:36379"
adminAddress: "localhost:36531"
startupRole: FOLLOWER
,id: "s1"
address: "localhost:35679"
dataStreamAddress: "localhost:42433"
clientAddress: "localhost:41371"
adminAddress: "localhost:44855"
startupRole: FOLLOWER
,id: "s2"
address: "localhost:39787"
dataStreamAddress: "localhost:33651"
clientAddress: "localhost:41113"
adminAddress: "localhost:44467"
startupRole: FOLLOWER
, old:)
java.util.concurrent.CompletionException: java.util.concurrent.RejectedExecutionException: Task java.util.concurrent.CompletableFuture$AsyncSupply@1c2e171b rejected from java.util.concurrent.ThreadPoolExecutor@4ecb30e4[Terminated, pool size = 0, active threads = 0, queued tasks = 0, completed tasks = 0]
	at java.base/java.util.concurrent.CompletableFuture.encodeThrowable(CompletableFuture.java:314)
	at java.base/java.util.concurrent.CompletableFuture.uniComposeStage(CompletableFuture.java:1113)
	at java.base/java.util.concurrent.CompletableFuture.thenCompose(CompletableFuture.java:2235)
	at org.apache.ratis.server.impl.RaftServerProxy.appendEntriesAsync(RaftServerProxy.java:634)
	at org.apache.ratis.grpc.server.GrpcServerProtocolService$1.process(GrpcServerProtocolService.java:219)
	at org.apache.ratis.grpc.server.GrpcServerProtocolService$1.process(GrpcServerProtocolService.java:216)
	at org.apache.ratis.grpc.server.GrpcServerProtocolService$ServerRequestStreamObserver.onNext(GrpcServerProtocolService.java:124)
	at org.apache.ratis.thirdparty.io.grpc.stub.ServerCalls$StreamingServerCallHandler$StreamingServerCallListener.onMessage(ServerCalls.java:262)
	at org.apache.ratis.thirdparty.io.grpc.ForwardingServerCallListener.onMessage(ForwardingServerCallListener.java:33)
	at org.apache.ratis.thirdparty.io.grpc.internal.ServerCallImpl$ServerStreamListenerImpl.messagesAvailableInternal(ServerCallImpl.java:332)
	at org.apache.ratis.thirdparty.io.grpc.internal.ServerCallImpl$ServerStreamListenerImpl.messagesAvailable(ServerCallImpl.java:315)
	at org.apache.ratis.thirdparty.io.grpc.internal.ServerImpl$JumpToApplicationThreadServerStreamListener$1MessagesAvailable.runInContext(ServerImpl.java:834)
	at org.apache.ratis.thirdparty.io.grpc.internal.ContextRunnable.run(ContextRunnable.java:37)
	at org.apache.ratis.thirdparty.io.grpc.internal.SerializingExecutor.run(SerializingExecutor.java:133)
	at java.base/java.util.concurrent.ThreadPoolExecutor.runWorker(ThreadPoolExecutor.java:1128)
	at java.base/java.util.concurrent.ThreadPoolExecutor$Worker.run(ThreadPoolExecutor.java:628)
	at java.base/java.lang.Thread.run(Thread.java:829)
Caused by: java.util.concurrent.RejectedExecutionException: Task java.util.concurrent.CompletableFuture$AsyncSupply@1c2e171b rejected from java.util.concurrent.ThreadPoolExecutor@4ecb30e4[Terminated, pool size = 0, active threads = 0, queued tasks = 0, completed tasks = 0]
	at java.base/java.util.concurrent.ThreadPoolExecutor$AbortPolicy.rejectedExecution(ThreadPoolExecutor.java:2055)
	at java.base/java.util.concurrent.ThreadPoolExecutor.reject(ThreadPoolExecutor.java:825)
	at java.base/java.util.concurrent.ThreadPoolExecutor.execute(ThreadPoolExecutor.java:1355)
	at java.base/java.util.concurrent.CompletableFuture.asyncSupplyStage(CompletableFuture.java:1714)
	at java.base/java.util.concurrent.CompletableFuture.supplyAsync(CompletableFuture.java:1931)
	at org.apache.ratis.server.impl.RaftServerImpl.executeSubmitServerRequestAsync(RaftServerImpl.java:817)
	at org.apache.ratis.server.impl.RaftServerProxy.lambda$appendEntriesAsync$27(RaftServerProxy.java:634)
	at java.base/java.util.concurrent.CompletableFuture.uniComposeStage(CompletableFuture.java:1106)
	... 15 more
2023-02-09 08:26:13,403 [s2@group-5D8BFF2AC38C-StateMachineUpdater] INFO  impl.SimpleStateMachine4Testing (SimpleStateMachine4Testing.java:put(205)) - s2: put 245, m120 -> (t:2, i:245), STATEMACHINELOGENTRY, 506@client-F516C80A2025
2023-02-09 08:26:13,405 [grpc-default-executor-5] WARN  server.GrpcLogAppender (LogUtils.java:warn(124)) - s1@group-5D8BFF2AC38C->s0-AppendLogResponseHandler: Failed appendEntries
java.util.concurrent.RejectedExecutionException: Task java.util.concurrent.CompletableFuture$AsyncSupply@1c2e171b rejected from java.util.concurrent.ThreadPoolExecutor@4ecb30e4[Terminated, pool size = 0, active threads = 0, queued tasks = 0, completed tasks = 0]
	at java.base/java.util.concurrent.ThreadPoolExecutor$AbortPolicy.rejectedExecution(ThreadPoolExecutor.java:2055)
	at java.base/java.util.concurrent.ThreadPoolExecutor.reject(ThreadPoolExecutor.java:825)
	at java.base/java.util.concurrent.ThreadPoolExecutor.execute(ThreadPoolExecutor.java:1355)
	at java.base/java.util.concurrent.CompletableFuture.asyncSupplyStage(CompletableFuture.java:1714)
	at java.base/java.util.concurrent.CompletableFuture.supplyAsync(CompletableFuture.java:1931)
	at org.apache.ratis.server.impl.RaftServerImpl.executeSubmitServerRequestAsync(RaftServerImpl.java:817)
	at org.apache.ratis.server.impl.RaftServerProxy.lambda$appendEntriesAsync$27(RaftServerProxy.java:634)
	at java.base/java.util.concurrent.CompletableFuture.uniComposeStage(CompletableFuture.java:1106)
	at java.base/java.util.concurrent.CompletableFuture.thenCompose(CompletableFuture.java:2235)
	at org.apache.ratis.server.impl.RaftServerProxy.appendEntriesAsync(RaftServerProxy.java:634)
	at org.apache.ratis.grpc.server.GrpcServerProtocolService$1.process(GrpcServerProtocolService.java:219)
	at org.apache.ratis.grpc.server.GrpcServerProtocolService$1.process(GrpcServerProtocolService.java:216)
	at org.apache.ratis.grpc.server.GrpcServerProtocolService$ServerRequestStreamObserver.onNext(GrpcServerProtocolService.java:124)
	at org.apache.ratis.thirdparty.io.grpc.stub.ServerCalls$StreamingServerCallHandler$StreamingServerCallListener.onMessage(ServerCalls.java:262)
	at org.apache.ratis.thirdparty.io.grpc.ForwardingServerCallListener.onMessage(ForwardingServerCallListener.java:33)
	at org.apache.ratis.thirdparty.io.grpc.internal.ServerCallImpl$ServerStreamListenerImpl.messagesAvailableInternal(ServerCallImpl.java:332)
	at org.apache.ratis.thirdparty.io.grpc.internal.ServerCallImpl$ServerStreamListenerImpl.messagesAvailable(ServerCallImpl.java:315)
	at org.apache.ratis.thirdparty.io.grpc.internal.ServerImpl$JumpToApplicationThreadServerStreamListener$1MessagesAvailable.runInContext(ServerImpl.java:834)
	at org.apache.ratis.thirdparty.io.grpc.internal.ContextRunnable.run(ContextRunnable.java:37)
	at org.apache.ratis.thirdparty.io.grpc.internal.SerializingExecutor.run(SerializingExecutor.java:133)
	at java.base/java.util.concurrent.ThreadPoolExecutor.runWorker(ThreadPoolExecutor.java:1128)
	at java.base/java.util.concurrent.ThreadPoolExecutor$Worker.run(ThreadPoolExecutor.java:628)
	at java.base/java.lang.Thread.run(Thread.java:829)
2023-02-09 08:26:13,405 [grpc-default-executor-5] INFO  leader.FollowerInfo (FollowerInfoImpl.java:lambda$new$0(52)) - s1@group-5D8BFF2AC38C->s0: nextIndex: updateUnconditionally 246 -> 83
2023-02-09 08:26:13,406 [s2-server-thread1] DEBUG raftlog.RaftLog (SegmentedRaftLog.java:appendImpl(446)) - truncateIndex=-1, arrayIndex=0
2023-02-09 08:26:13,424 [grpc-default-executor-5] WARN  server.GrpcServerProtocolService (LogUtils.java:warn(124)) - s0: Failed APPEND_ENTRIES request s1->s0#316-t2,previous=(t:1, i:82),leaderCommit=246,initializing? true,entries: size=165, first=(t:2, i:83), CONFIGURATIONENTRY(current:id: "s0"
address: "localhost:42371"
dataStreamAddress: "localhost:43129"
clientAddress: "localhost:36379"
adminAddress: "localhost:36531"
startupRole: FOLLOWER
,id: "s1"
address: "localhost:35679"
dataStreamAddress: "localhost:42433"
clientAddress: "localhost:41371"
adminAddress: "localhost:44855"
startupRole: FOLLOWER
,id: "s2"
address: "localhost:39787"
dataStreamAddress: "localhost:33651"
clientAddress: "localhost:41113"
adminAddress: "localhost:44467"
startupRole: FOLLOWER
, old:)
java.util.concurrent.CompletionException: java.util.concurrent.RejectedExecutionException: Task java.util.concurrent.CompletableFuture$AsyncSupply@11339816 rejected from java.util.concurrent.ThreadPoolExecutor@4ecb30e4[Terminated, pool size = 0, active threads = 0, queued tasks = 0, completed tasks = 0]
	at java.base/java.util.concurrent.CompletableFuture.encodeThrowable(CompletableFuture.java:314)
	at java.base/java.util.concurrent.CompletableFuture.uniComposeStage(CompletableFuture.java:1113)
	at java.base/java.util.concurrent.CompletableFuture.thenCompose(CompletableFuture.java:2235)
	at org.apache.ratis.server.impl.RaftServerProxy.appendEntriesAsync(RaftServerProxy.java:634)
	at org.apache.ratis.grpc.server.GrpcServerProtocolService$1.process(GrpcServerProtocolService.java:219)
	at org.apache.ratis.grpc.server.GrpcServerProtocolService$1.process(GrpcServerProtocolService.java:216)
	at org.apache.ratis.grpc.server.GrpcServerProtocolService$ServerRequestStreamObserver.onNext(GrpcServerProtocolService.java:124)
	at org.apache.ratis.thirdparty.io.grpc.stub.ServerCalls$StreamingServerCallHandler$StreamingServerCallListener.onMessage(ServerCalls.java:262)
	at org.apache.ratis.thirdparty.io.grpc.ForwardingServerCallListener.onMessage(ForwardingServerCallListener.java:33)
	at org.apache.ratis.thirdparty.io.grpc.internal.ServerCallImpl$ServerStreamListenerImpl.messagesAvailableInternal(ServerCallImpl.java:332)
	at org.apache.ratis.thirdparty.io.grpc.internal.ServerCallImpl$ServerStreamListenerImpl.messagesAvailable(ServerCallImpl.java:315)
	at org.apache.ratis.thirdparty.io.grpc.internal.ServerImpl$JumpToApplicationThreadServerStreamListener$1MessagesAvailable.runInContext(ServerImpl.java:834)
	at org.apache.ratis.thirdparty.io.grpc.internal.ContextRunnable.run(ContextRunnable.java:37)
	at org.apache.ratis.thirdparty.io.grpc.internal.SerializingExecutor.run(SerializingExecutor.java:133)
	at java.base/java.util.concurrent.ThreadPoolExecutor.runWorker(ThreadPoolExecutor.java:1128)
	at java.base/java.util.concurrent.ThreadPoolExecutor$Worker.run(ThreadPoolExecutor.java:628)
	at java.base/java.lang.Thread.run(Thread.java:829)
Caused by: java.util.concurrent.RejectedExecutionException: Task java.util.concurrent.CompletableFuture$AsyncSupply@11339816 rejected from java.util.concurrent.ThreadPoolExecutor@4ecb30e4[Terminated, pool size = 0, active threads = 0, queued tasks = 0, completed tasks = 0]
	at java.base/java.util.concurrent.ThreadPoolExecutor$AbortPolicy.rejectedExecution(ThreadPoolExecutor.java:2055)
	at java.base/java.util.concurrent.ThreadPoolExecutor.reject(ThreadPoolExecutor.java:825)
	at java.base/java.util.concurrent.ThreadPoolExecutor.execute(ThreadPoolExecutor.java:1355)
	at java.base/java.util.concurrent.CompletableFuture.asyncSupplyStage(CompletableFuture.java:1714)
	at java.base/java.util.concurrent.CompletableFuture.supplyAsync(CompletableFuture.java:1931)
	at org.apache.ratis.server.impl.RaftServerImpl.executeSubmitServerRequestAsync(RaftServerImpl.java:817)
	at org.apache.ratis.server.impl.RaftServerProxy.lambda$appendEntriesAsync$27(RaftServerProxy.java:634)
	at java.base/java.util.concurrent.CompletableFuture.uniComposeStage(CompletableFuture.java:1106)
	... 15 more
2023-02-09 08:26:13,426 [s1@group-5D8BFF2AC38C-StateMachineUpdater] INFO  impl.SimpleStateMachine4Testing (SimpleStateMachine4Testing.java:put(205)) - s1: put 247, m121 -> (t:2, i:247), STATEMACHINELOGENTRY, 507@client-F516C80A2025
2023-02-09 08:26:13,427 [grpc-default-executor-9] WARN  server.GrpcLogAppender (LogUtils.java:warn(124)) - s1@group-5D8BFF2AC38C->s0-AppendLogResponseHandler: Failed appendEntries
java.util.concurrent.RejectedExecutionException: Task java.util.concurrent.CompletableFuture$AsyncSupply@11339816 rejected from java.util.concurrent.ThreadPoolExecutor@4ecb30e4[Terminated, pool size = 0, active threads = 0, queued tasks = 0, completed tasks = 0]
	at java.base/java.util.concurrent.ThreadPoolExecutor$AbortPolicy.rejectedExecution(ThreadPoolExecutor.java:2055)
	at java.base/java.util.concurrent.ThreadPoolExecutor.reject(ThreadPoolExecutor.java:825)
	at java.base/java.util.concurrent.ThreadPoolExecutor.execute(ThreadPoolExecutor.java:1355)
	at java.base/java.util.concurrent.CompletableFuture.asyncSupplyStage(CompletableFuture.java:1714)
	at java.base/java.util.concurrent.CompletableFuture.supplyAsync(CompletableFuture.java:1931)
	at org.apache.ratis.server.impl.RaftServerImpl.executeSubmitServerRequestAsync(RaftServerImpl.java:817)
	at org.apache.ratis.server.impl.RaftServerProxy.lambda$appendEntriesAsync$27(RaftServerProxy.java:634)
	at java.base/java.util.concurrent.CompletableFuture.uniComposeStage(CompletableFuture.java:1106)
	at java.base/java.util.concurrent.CompletableFuture.thenCompose(CompletableFuture.java:2235)
	at org.apache.ratis.server.impl.RaftServerProxy.appendEntriesAsync(RaftServerProxy.java:634)
	at org.apache.ratis.grpc.server.GrpcServerProtocolService$1.process(GrpcServerProtocolService.java:219)
	at org.apache.ratis.grpc.server.GrpcServerProtocolService$1.process(GrpcServerProtocolService.java:216)
	at org.apache.ratis.grpc.server.GrpcServerProtocolService$ServerRequestStreamObserver.onNext(GrpcServerProtocolService.java:124)
	at org.apache.ratis.thirdparty.io.grpc.stub.ServerCalls$StreamingServerCallHandler$StreamingServerCallListener.onMessage(ServerCalls.java:262)
	at org.apache.ratis.thirdparty.io.grpc.ForwardingServerCallListener.onMessage(ForwardingServerCallListener.java:33)
	at org.apache.ratis.thirdparty.io.grpc.internal.ServerCallImpl$ServerStreamListenerImpl.messagesAvailableInternal(ServerCallImpl.java:332)
	at org.apache.ratis.thirdparty.io.grpc.internal.ServerCallImpl$ServerStreamListenerImpl.messagesAvailable(ServerCallImpl.java:315)
	at org.apache.ratis.thirdparty.io.grpc.internal.ServerImpl$JumpToApplicationThreadServerStreamListener$1MessagesAvailable.runInContext(ServerImpl.java:834)
	at org.apache.ratis.thirdparty.io.grpc.internal.ContextRunnable.run(ContextRunnable.java:37)
	at org.apache.ratis.thirdparty.io.grpc.internal.SerializingExecutor.run(SerializingExecutor.java:133)
	at java.base/java.util.concurrent.ThreadPoolExecutor.runWorker(ThreadPoolExecutor.java:1128)
	at java.base/java.util.concurrent.ThreadPoolExecutor$Worker.run(ThreadPoolExecutor.java:628)
	at java.base/java.lang.Thread.run(Thread.java:829)
2023-02-09 08:26:13,427 [grpc-default-executor-9] INFO  leader.FollowerInfo (FollowerInfoImpl.java:lambda$new$0(52)) - s1@group-5D8BFF2AC38C->s0: nextIndex: updateUnconditionally 248 -> 83
2023-02-09 08:26:13,428 [s2-server-thread1] DEBUG raftlog.RaftLog (SegmentedRaftLog.java:appendImpl(446)) - truncateIndex=-1, arrayIndex=0
2023-02-09 08:26:13,429 [s2@group-5D8BFF2AC38C-StateMachineUpdater] INFO  impl.SimpleStateMachine4Testing (SimpleStateMachine4Testing.java:put(205)) - s2: put 247, m121 -> (t:2, i:247), STATEMACHINELOGENTRY, 507@client-F516C80A2025
2023-02-09 08:26:13,430 [grpc-default-executor-9] WARN  server.GrpcServerProtocolService (LogUtils.java:warn(124)) - s0: Failed APPEND_ENTRIES request s1->s0#318-t2,previous=(t:1, i:82),leaderCommit=247,initializing? true,entries: size=166, first=(t:2, i:83), CONFIGURATIONENTRY(current:id: "s0"
address: "localhost:42371"
dataStreamAddress: "localhost:43129"
clientAddress: "localhost:36379"
adminAddress: "localhost:36531"
startupRole: FOLLOWER
,id: "s1"
address: "localhost:35679"
dataStreamAddress: "localhost:42433"
clientAddress: "localhost:41371"
adminAddress: "localhost:44855"
startupRole: FOLLOWER
,id: "s2"
address: "localhost:39787"
dataStreamAddress: "localhost:33651"
clientAddress: "localhost:41113"
adminAddress: "localhost:44467"
startupRole: FOLLOWER
, old:)
java.util.concurrent.CompletionException: java.util.concurrent.RejectedExecutionException: Task java.util.concurrent.CompletableFuture$AsyncSupply@1f649521 rejected from java.util.concurrent.ThreadPoolExecutor@4ecb30e4[Terminated, pool size = 0, active threads = 0, queued tasks = 0, completed tasks = 0]
	at java.base/java.util.concurrent.CompletableFuture.encodeThrowable(CompletableFuture.java:314)
	at java.base/java.util.concurrent.CompletableFuture.uniComposeStage(CompletableFuture.java:1113)
	at java.base/java.util.concurrent.CompletableFuture.thenCompose(CompletableFuture.java:2235)
	at org.apache.ratis.server.impl.RaftServerProxy.appendEntriesAsync(RaftServerProxy.java:634)
	at org.apache.ratis.grpc.server.GrpcServerProtocolService$1.process(GrpcServerProtocolService.java:219)
	at org.apache.ratis.grpc.server.GrpcServerProtocolService$1.process(GrpcServerProtocolService.java:216)
	at org.apache.ratis.grpc.server.GrpcServerProtocolService$ServerRequestStreamObserver.onNext(GrpcServerProtocolService.java:124)
	at org.apache.ratis.thirdparty.io.grpc.stub.ServerCalls$StreamingServerCallHandler$StreamingServerCallListener.onMessage(ServerCalls.java:262)
	at org.apache.ratis.thirdparty.io.grpc.ForwardingServerCallListener.onMessage(ForwardingServerCallListener.java:33)
	at org.apache.ratis.thirdparty.io.grpc.internal.ServerCallImpl$ServerStreamListenerImpl.messagesAvailableInternal(ServerCallImpl.java:332)
	at org.apache.ratis.thirdparty.io.grpc.internal.ServerCallImpl$ServerStreamListenerImpl.messagesAvailable(ServerCallImpl.java:315)
	at org.apache.ratis.thirdparty.io.grpc.internal.ServerImpl$JumpToApplicationThreadServerStreamListener$1MessagesAvailable.runInContext(ServerImpl.java:834)
	at org.apache.ratis.thirdparty.io.grpc.internal.ContextRunnable.run(ContextRunnable.java:37)
	at org.apache.ratis.thirdparty.io.grpc.internal.SerializingExecutor.run(SerializingExecutor.java:133)
	at java.base/java.util.concurrent.ThreadPoolExecutor.runWorker(ThreadPoolExecutor.java:1128)
	at java.base/java.util.concurrent.ThreadPoolExecutor$Worker.run(ThreadPoolExecutor.java:628)
	at java.base/java.lang.Thread.run(Thread.java:829)
Caused by: java.util.concurrent.RejectedExecutionException: Task java.util.concurrent.CompletableFuture$AsyncSupply@1f649521 rejected from java.util.concurrent.ThreadPoolExecutor@4ecb30e4[Terminated, pool size = 0, active threads = 0, queued tasks = 0, completed tasks = 0]
	at java.base/java.util.concurrent.ThreadPoolExecutor$AbortPolicy.rejectedExecution(ThreadPoolExecutor.java:2055)
	at java.base/java.util.concurrent.ThreadPoolExecutor.reject(ThreadPoolExecutor.java:825)
	at java.base/java.util.concurrent.ThreadPoolExecutor.execute(ThreadPoolExecutor.java:1355)
	at java.base/java.util.concurrent.CompletableFuture.asyncSupplyStage(CompletableFuture.java:1714)
	at java.base/java.util.concurrent.CompletableFuture.supplyAsync(CompletableFuture.java:1931)
	at org.apache.ratis.server.impl.RaftServerImpl.executeSubmitServerRequestAsync(RaftServerImpl.java:817)
	at org.apache.ratis.server.impl.RaftServerProxy.lambda$appendEntriesAsync$27(RaftServerProxy.java:634)
	at java.base/java.util.concurrent.CompletableFuture.uniComposeStage(CompletableFuture.java:1106)
	... 15 more
2023-02-09 08:26:13,430 [s2-server-thread1] DEBUG raftlog.RaftLog (SegmentedRaftLog.java:appendImpl(446)) - truncateIndex=-1, arrayIndex=0
2023-02-09 08:26:13,431 [grpc-default-executor-7] WARN  server.GrpcLogAppender (LogUtils.java:warn(124)) - s1@group-5D8BFF2AC38C->s0-AppendLogResponseHandler: Failed appendEntries
java.util.concurrent.RejectedExecutionException: Task java.util.concurrent.CompletableFuture$AsyncSupply@1f649521 rejected from java.util.concurrent.ThreadPoolExecutor@4ecb30e4[Terminated, pool size = 0, active threads = 0, queued tasks = 0, completed tasks = 0]
	at java.base/java.util.concurrent.ThreadPoolExecutor$AbortPolicy.rejectedExecution(ThreadPoolExecutor.java:2055)
	at java.base/java.util.concurrent.ThreadPoolExecutor.reject(ThreadPoolExecutor.java:825)
	at java.base/java.util.concurrent.ThreadPoolExecutor.execute(ThreadPoolExecutor.java:1355)
	at java.base/java.util.concurrent.CompletableFuture.asyncSupplyStage(CompletableFuture.java:1714)
	at java.base/java.util.concurrent.CompletableFuture.supplyAsync(CompletableFuture.java:1931)
	at org.apache.ratis.server.impl.RaftServerImpl.executeSubmitServerRequestAsync(RaftServerImpl.java:817)
	at org.apache.ratis.server.impl.RaftServerProxy.lambda$appendEntriesAsync$27(RaftServerProxy.java:634)
	at java.base/java.util.concurrent.CompletableFuture.uniComposeStage(CompletableFuture.java:1106)
	at java.base/java.util.concurrent.CompletableFuture.thenCompose(CompletableFuture.java:2235)
	at org.apache.ratis.server.impl.RaftServerProxy.appendEntriesAsync(RaftServerProxy.java:634)
	at org.apache.ratis.grpc.server.GrpcServerProtocolService$1.process(GrpcServerProtocolService.java:219)
	at org.apache.ratis.grpc.server.GrpcServerProtocolService$1.process(GrpcServerProtocolService.java:216)
	at org.apache.ratis.grpc.server.GrpcServerProtocolService$ServerRequestStreamObserver.onNext(GrpcServerProtocolService.java:124)
	at org.apache.ratis.thirdparty.io.grpc.stub.ServerCalls$StreamingServerCallHandler$StreamingServerCallListener.onMessage(ServerCalls.java:262)
	at org.apache.ratis.thirdparty.io.grpc.ForwardingServerCallListener.onMessage(ForwardingServerCallListener.java:33)
	at org.apache.ratis.thirdparty.io.grpc.internal.ServerCallImpl$ServerStreamListenerImpl.messagesAvailableInternal(ServerCallImpl.java:332)
	at org.apache.ratis.thirdparty.io.grpc.internal.ServerCallImpl$ServerStreamListenerImpl.messagesAvailable(ServerCallImpl.java:315)
	at org.apache.ratis.thirdparty.io.grpc.internal.ServerImpl$JumpToApplicationThreadServerStreamListener$1MessagesAvailable.runInContext(ServerImpl.java:834)
	at org.apache.ratis.thirdparty.io.grpc.internal.ContextRunnable.run(ContextRunnable.java:37)
	at org.apache.ratis.thirdparty.io.grpc.internal.SerializingExecutor.run(SerializingExecutor.java:133)
	at java.base/java.util.concurrent.ThreadPoolExecutor.runWorker(ThreadPoolExecutor.java:1128)
	at java.base/java.util.concurrent.ThreadPoolExecutor$Worker.run(ThreadPoolExecutor.java:628)
	at java.base/java.lang.Thread.run(Thread.java:829)
2023-02-09 08:26:13,431 [grpc-default-executor-7] INFO  leader.FollowerInfo (FollowerInfoImpl.java:lambda$new$0(52)) - s1@group-5D8BFF2AC38C->s0: nextIndex: updateUnconditionally 249 -> 83
2023-02-09 08:26:13,432 [s1@group-5D8BFF2AC38C-StateMachineUpdater] INFO  impl.SimpleStateMachine4Testing (SimpleStateMachine4Testing.java:put(205)) - s1: put 249, m122 -> (t:2, i:249), STATEMACHINELOGENTRY, 508@client-F516C80A2025
2023-02-09 08:26:13,433 [grpc-default-executor-5] WARN  server.GrpcServerProtocolService (LogUtils.java:warn(124)) - s0: Failed APPEND_ENTRIES request s1->s0#321-t2,previous=(t:1, i:82),leaderCommit=249,initializing? true,entries: size=168, first=(t:2, i:83), CONFIGURATIONENTRY(current:id: "s0"
address: "localhost:42371"
dataStreamAddress: "localhost:43129"
clientAddress: "localhost:36379"
adminAddress: "localhost:36531"
startupRole: FOLLOWER
,id: "s1"
address: "localhost:35679"
dataStreamAddress: "localhost:42433"
clientAddress: "localhost:41371"
adminAddress: "localhost:44855"
startupRole: FOLLOWER
,id: "s2"
address: "localhost:39787"
dataStreamAddress: "localhost:33651"
clientAddress: "localhost:41113"
adminAddress: "localhost:44467"
startupRole: FOLLOWER
, old:)
java.util.concurrent.CompletionException: java.util.concurrent.RejectedExecutionException: Task java.util.concurrent.CompletableFuture$AsyncSupply@1306daeb rejected from java.util.concurrent.ThreadPoolExecutor@4ecb30e4[Terminated, pool size = 0, active threads = 0, queued tasks = 0, completed tasks = 0]
	at java.base/java.util.concurrent.CompletableFuture.encodeThrowable(CompletableFuture.java:314)
	at java.base/java.util.concurrent.CompletableFuture.uniComposeStage(CompletableFuture.java:1113)
	at java.base/java.util.concurrent.CompletableFuture.thenCompose(CompletableFuture.java:2235)
	at org.apache.ratis.server.impl.RaftServerProxy.appendEntriesAsync(RaftServerProxy.java:634)
	at org.apache.ratis.grpc.server.GrpcServerProtocolService$1.process(GrpcServerProtocolService.java:219)
	at org.apache.ratis.grpc.server.GrpcServerProtocolService$1.process(GrpcServerProtocolService.java:216)
	at org.apache.ratis.grpc.server.GrpcServerProtocolService$ServerRequestStreamObserver.onNext(GrpcServerProtocolService.java:124)
	at org.apache.ratis.thirdparty.io.grpc.stub.ServerCalls$StreamingServerCallHandler$StreamingServerCallListener.onMessage(ServerCalls.java:262)
	at org.apache.ratis.thirdparty.io.grpc.ForwardingServerCallListener.onMessage(ForwardingServerCallListener.java:33)
	at org.apache.ratis.thirdparty.io.grpc.internal.ServerCallImpl$ServerStreamListenerImpl.messagesAvailableInternal(ServerCallImpl.java:332)
	at org.apache.ratis.thirdparty.io.grpc.internal.ServerCallImpl$ServerStreamListenerImpl.messagesAvailable(ServerCallImpl.java:315)
	at org.apache.ratis.thirdparty.io.grpc.internal.ServerImpl$JumpToApplicationThreadServerStreamListener$1MessagesAvailable.runInContext(ServerImpl.java:834)
	at org.apache.ratis.thirdparty.io.grpc.internal.ContextRunnable.run(ContextRunnable.java:37)
	at org.apache.ratis.thirdparty.io.grpc.internal.SerializingExecutor.run(SerializingExecutor.java:133)
	at java.base/java.util.concurrent.ThreadPoolExecutor.runWorker(ThreadPoolExecutor.java:1128)
	at java.base/java.util.concurrent.ThreadPoolExecutor$Worker.run(ThreadPoolExecutor.java:628)
	at java.base/java.lang.Thread.run(Thread.java:829)
Caused by: java.util.concurrent.RejectedExecutionException: Task java.util.concurrent.CompletableFuture$AsyncSupply@1306daeb rejected from java.util.concurrent.ThreadPoolExecutor@4ecb30e4[Terminated, pool size = 0, active threads = 0, queued tasks = 0, completed tasks = 0]
	at java.base/java.util.concurrent.ThreadPoolExecutor$AbortPolicy.rejectedExecution(ThreadPoolExecutor.java:2055)
	at java.base/java.util.concurrent.ThreadPoolExecutor.reject(ThreadPoolExecutor.java:825)
	at java.base/java.util.concurrent.ThreadPoolExecutor.execute(ThreadPoolExecutor.java:1355)
	at java.base/java.util.concurrent.CompletableFuture.asyncSupplyStage(CompletableFuture.java:1714)
	at java.base/java.util.concurrent.CompletableFuture.supplyAsync(CompletableFuture.java:1931)
	at org.apache.ratis.server.impl.RaftServerImpl.executeSubmitServerRequestAsync(RaftServerImpl.java:817)
	at org.apache.ratis.server.impl.RaftServerProxy.lambda$appendEntriesAsync$27(RaftServerProxy.java:634)
	at java.base/java.util.concurrent.CompletableFuture.uniComposeStage(CompletableFuture.java:1106)
	... 15 more
2023-02-09 08:26:13,434 [s2-server-thread1] DEBUG raftlog.RaftLog (SegmentedRaftLog.java:appendImpl(446)) - truncateIndex=-1, arrayIndex=0
2023-02-09 08:26:13,434 [grpc-default-executor-7] WARN  server.GrpcLogAppender (LogUtils.java:warn(124)) - s1@group-5D8BFF2AC38C->s0-AppendLogResponseHandler: Failed appendEntries
java.util.concurrent.RejectedExecutionException: Task java.util.concurrent.CompletableFuture$AsyncSupply@1306daeb rejected from java.util.concurrent.ThreadPoolExecutor@4ecb30e4[Terminated, pool size = 0, active threads = 0, queued tasks = 0, completed tasks = 0]
	at java.base/java.util.concurrent.ThreadPoolExecutor$AbortPolicy.rejectedExecution(ThreadPoolExecutor.java:2055)
	at java.base/java.util.concurrent.ThreadPoolExecutor.reject(ThreadPoolExecutor.java:825)
	at java.base/java.util.concurrent.ThreadPoolExecutor.execute(ThreadPoolExecutor.java:1355)
	at java.base/java.util.concurrent.CompletableFuture.asyncSupplyStage(CompletableFuture.java:1714)
	at java.base/java.util.concurrent.CompletableFuture.supplyAsync(CompletableFuture.java:1931)
	at org.apache.ratis.server.impl.RaftServerImpl.executeSubmitServerRequestAsync(RaftServerImpl.java:817)
	at org.apache.ratis.server.impl.RaftServerProxy.lambda$appendEntriesAsync$27(RaftServerProxy.java:634)
	at java.base/java.util.concurrent.CompletableFuture.uniComposeStage(CompletableFuture.java:1106)
	at java.base/java.util.concurrent.CompletableFuture.thenCompose(CompletableFuture.java:2235)
	at org.apache.ratis.server.impl.RaftServerProxy.appendEntriesAsync(RaftServerProxy.java:634)
	at org.apache.ratis.grpc.server.GrpcServerProtocolService$1.process(GrpcServerProtocolService.java:219)
	at org.apache.ratis.grpc.server.GrpcServerProtocolService$1.process(GrpcServerProtocolService.java:216)
	at org.apache.ratis.grpc.server.GrpcServerProtocolService$ServerRequestStreamObserver.onNext(GrpcServerProtocolService.java:124)
	at org.apache.ratis.thirdparty.io.grpc.stub.ServerCalls$StreamingServerCallHandler$StreamingServerCallListener.onMessage(ServerCalls.java:262)
	at org.apache.ratis.thirdparty.io.grpc.ForwardingServerCallListener.onMessage(ForwardingServerCallListener.java:33)
	at org.apache.ratis.thirdparty.io.grpc.internal.ServerCallImpl$ServerStreamListenerImpl.messagesAvailableInternal(ServerCallImpl.java:332)
	at org.apache.ratis.thirdparty.io.grpc.internal.ServerCallImpl$ServerStreamListenerImpl.messagesAvailable(ServerCallImpl.java:315)
	at org.apache.ratis.thirdparty.io.grpc.internal.ServerImpl$JumpToApplicationThreadServerStreamListener$1MessagesAvailable.runInContext(ServerImpl.java:834)
	at org.apache.ratis.thirdparty.io.grpc.internal.ContextRunnable.run(ContextRunnable.java:37)
	at org.apache.ratis.thirdparty.io.grpc.internal.SerializingExecutor.run(SerializingExecutor.java:133)
	at java.base/java.util.concurrent.ThreadPoolExecutor.runWorker(ThreadPoolExecutor.java:1128)
	at java.base/java.util.concurrent.ThreadPoolExecutor$Worker.run(ThreadPoolExecutor.java:628)
	at java.base/java.lang.Thread.run(Thread.java:829)
2023-02-09 08:26:13,435 [grpc-default-executor-7] INFO  leader.FollowerInfo (FollowerInfoImpl.java:lambda$new$0(52)) - s1@group-5D8BFF2AC38C->s0: nextIndex: updateUnconditionally 251 -> 83
2023-02-09 08:26:13,435 [s2@group-5D8BFF2AC38C-StateMachineUpdater] INFO  impl.SimpleStateMachine4Testing (SimpleStateMachine4Testing.java:put(205)) - s2: put 249, m122 -> (t:2, i:249), STATEMACHINELOGENTRY, 508@client-F516C80A2025
2023-02-09 08:26:13,436 [grpc-default-executor-7] WARN  server.GrpcServerProtocolService (LogUtils.java:warn(124)) - s0: Failed APPEND_ENTRIES request s1->s0#322-t2,previous=(t:1, i:82),leaderCommit=249,initializing? true,entries: size=169, first=(t:2, i:83), CONFIGURATIONENTRY(current:id: "s0"
address: "localhost:42371"
dataStreamAddress: "localhost:43129"
clientAddress: "localhost:36379"
adminAddress: "localhost:36531"
startupRole: FOLLOWER
,id: "s1"
address: "localhost:35679"
dataStreamAddress: "localhost:42433"
clientAddress: "localhost:41371"
adminAddress: "localhost:44855"
startupRole: FOLLOWER
,id: "s2"
address: "localhost:39787"
dataStreamAddress: "localhost:33651"
clientAddress: "localhost:41113"
adminAddress: "localhost:44467"
startupRole: FOLLOWER
, old:)
java.util.concurrent.CompletionException: java.util.concurrent.RejectedExecutionException: Task java.util.concurrent.CompletableFuture$AsyncSupply@7454dd79 rejected from java.util.concurrent.ThreadPoolExecutor@4ecb30e4[Terminated, pool size = 0, active threads = 0, queued tasks = 0, completed tasks = 0]
	at java.base/java.util.concurrent.CompletableFuture.encodeThrowable(CompletableFuture.java:314)
	at java.base/java.util.concurrent.CompletableFuture.uniComposeStage(CompletableFuture.java:1113)
	at java.base/java.util.concurrent.CompletableFuture.thenCompose(CompletableFuture.java:2235)
	at org.apache.ratis.server.impl.RaftServerProxy.appendEntriesAsync(RaftServerProxy.java:634)
	at org.apache.ratis.grpc.server.GrpcServerProtocolService$1.process(GrpcServerProtocolService.java:219)
	at org.apache.ratis.grpc.server.GrpcServerProtocolService$1.process(GrpcServerProtocolService.java:216)
	at org.apache.ratis.grpc.server.GrpcServerProtocolService$ServerRequestStreamObserver.onNext(GrpcServerProtocolService.java:124)
	at org.apache.ratis.thirdparty.io.grpc.stub.ServerCalls$StreamingServerCallHandler$StreamingServerCallListener.onMessage(ServerCalls.java:262)
	at org.apache.ratis.thirdparty.io.grpc.ForwardingServerCallListener.onMessage(ForwardingServerCallListener.java:33)
	at org.apache.ratis.thirdparty.io.grpc.internal.ServerCallImpl$ServerStreamListenerImpl.messagesAvailableInternal(ServerCallImpl.java:332)
	at org.apache.ratis.thirdparty.io.grpc.internal.ServerCallImpl$ServerStreamListenerImpl.messagesAvailable(ServerCallImpl.java:315)
	at org.apache.ratis.thirdparty.io.grpc.internal.ServerImpl$JumpToApplicationThreadServerStreamListener$1MessagesAvailable.runInContext(ServerImpl.java:834)
	at org.apache.ratis.thirdparty.io.grpc.internal.ContextRunnable.run(ContextRunnable.java:37)
	at org.apache.ratis.thirdparty.io.grpc.internal.SerializingExecutor.run(SerializingExecutor.java:133)
	at java.base/java.util.concurrent.ThreadPoolExecutor.runWorker(ThreadPoolExecutor.java:1128)
	at java.base/java.util.concurrent.ThreadPoolExecutor$Worker.run(ThreadPoolExecutor.java:628)
	at java.base/java.lang.Thread.run(Thread.java:829)
Caused by: java.util.concurrent.RejectedExecutionException: Task java.util.concurrent.CompletableFuture$AsyncSupply@7454dd79 rejected from java.util.concurrent.ThreadPoolExecutor@4ecb30e4[Terminated, pool size = 0, active threads = 0, queued tasks = 0, completed tasks = 0]
	at java.base/java.util.concurrent.ThreadPoolExecutor$AbortPolicy.rejectedExecution(ThreadPoolExecutor.java:2055)
	at java.base/java.util.concurrent.ThreadPoolExecutor.reject(ThreadPoolExecutor.java:825)
	at java.base/java.util.concurrent.ThreadPoolExecutor.execute(ThreadPoolExecutor.java:1355)
	at java.base/java.util.concurrent.CompletableFuture.asyncSupplyStage(CompletableFuture.java:1714)
	at java.base/java.util.concurrent.CompletableFuture.supplyAsync(CompletableFuture.java:1931)
	at org.apache.ratis.server.impl.RaftServerImpl.executeSubmitServerRequestAsync(RaftServerImpl.java:817)
	at org.apache.ratis.server.impl.RaftServerProxy.lambda$appendEntriesAsync$27(RaftServerProxy.java:634)
	at java.base/java.util.concurrent.CompletableFuture.uniComposeStage(CompletableFuture.java:1106)
	... 15 more
2023-02-09 08:26:13,436 [s2-server-thread1] DEBUG raftlog.RaftLog (SegmentedRaftLog.java:appendImpl(446)) - truncateIndex=-1, arrayIndex=0
2023-02-09 08:26:13,437 [grpc-default-executor-7] WARN  server.GrpcLogAppender (LogUtils.java:warn(124)) - s1@group-5D8BFF2AC38C->s0-AppendLogResponseHandler: Failed appendEntries
java.util.concurrent.RejectedExecutionException: Task java.util.concurrent.CompletableFuture$AsyncSupply@7454dd79 rejected from java.util.concurrent.ThreadPoolExecutor@4ecb30e4[Terminated, pool size = 0, active threads = 0, queued tasks = 0, completed tasks = 0]
	at java.base/java.util.concurrent.ThreadPoolExecutor$AbortPolicy.rejectedExecution(ThreadPoolExecutor.java:2055)
	at java.base/java.util.concurrent.ThreadPoolExecutor.reject(ThreadPoolExecutor.java:825)
	at java.base/java.util.concurrent.ThreadPoolExecutor.execute(ThreadPoolExecutor.java:1355)
	at java.base/java.util.concurrent.CompletableFuture.asyncSupplyStage(CompletableFuture.java:1714)
	at java.base/java.util.concurrent.CompletableFuture.supplyAsync(CompletableFuture.java:1931)
	at org.apache.ratis.server.impl.RaftServerImpl.executeSubmitServerRequestAsync(RaftServerImpl.java:817)
	at org.apache.ratis.server.impl.RaftServerProxy.lambda$appendEntriesAsync$27(RaftServerProxy.java:634)
	at java.base/java.util.concurrent.CompletableFuture.uniComposeStage(CompletableFuture.java:1106)
	at java.base/java.util.concurrent.CompletableFuture.thenCompose(CompletableFuture.java:2235)
	at org.apache.ratis.server.impl.RaftServerProxy.appendEntriesAsync(RaftServerProxy.java:634)
	at org.apache.ratis.grpc.server.GrpcServerProtocolService$1.process(GrpcServerProtocolService.java:219)
	at org.apache.ratis.grpc.server.GrpcServerProtocolService$1.process(GrpcServerProtocolService.java:216)
	at org.apache.ratis.grpc.server.GrpcServerProtocolService$ServerRequestStreamObserver.onNext(GrpcServerProtocolService.java:124)
	at org.apache.ratis.thirdparty.io.grpc.stub.ServerCalls$StreamingServerCallHandler$StreamingServerCallListener.onMessage(ServerCalls.java:262)
	at org.apache.ratis.thirdparty.io.grpc.ForwardingServerCallListener.onMessage(ForwardingServerCallListener.java:33)
	at org.apache.ratis.thirdparty.io.grpc.internal.ServerCallImpl$ServerStreamListenerImpl.messagesAvailableInternal(ServerCallImpl.java:332)
	at org.apache.ratis.thirdparty.io.grpc.internal.ServerCallImpl$ServerStreamListenerImpl.messagesAvailable(ServerCallImpl.java:315)
	at org.apache.ratis.thirdparty.io.grpc.internal.ServerImpl$JumpToApplicationThreadServerStreamListener$1MessagesAvailable.runInContext(ServerImpl.java:834)
	at org.apache.ratis.thirdparty.io.grpc.internal.ContextRunnable.run(ContextRunnable.java:37)
	at org.apache.ratis.thirdparty.io.grpc.internal.SerializingExecutor.run(SerializingExecutor.java:133)
	at java.base/java.util.concurrent.ThreadPoolExecutor.runWorker(ThreadPoolExecutor.java:1128)
	at java.base/java.util.concurrent.ThreadPoolExecutor$Worker.run(ThreadPoolExecutor.java:628)
	at java.base/java.lang.Thread.run(Thread.java:829)
2023-02-09 08:26:13,438 [s1@group-5D8BFF2AC38C-StateMachineUpdater] INFO  impl.SimpleStateMachine4Testing (SimpleStateMachine4Testing.java:put(205)) - s1: put 251, m123 -> (t:2, i:251), STATEMACHINELOGENTRY, 509@client-F516C80A2025
2023-02-09 08:26:13,438 [grpc-default-executor-7] INFO  leader.FollowerInfo (FollowerInfoImpl.java:lambda$new$0(52)) - s1@group-5D8BFF2AC38C->s0: nextIndex: updateUnconditionally 252 -> 83
2023-02-09 08:26:13,439 [s2-server-thread1] DEBUG raftlog.RaftLog (SegmentedRaftLog.java:appendImpl(446)) - truncateIndex=-1, arrayIndex=0
2023-02-09 08:26:13,439 [s2@group-5D8BFF2AC38C-StateMachineUpdater] INFO  impl.SimpleStateMachine4Testing (SimpleStateMachine4Testing.java:put(205)) - s2: put 251, m123 -> (t:2, i:251), STATEMACHINELOGENTRY, 509@client-F516C80A2025
2023-02-09 08:26:13,440 [grpc-default-executor-9] WARN  server.GrpcServerProtocolService (LogUtils.java:warn(124)) - s0: Failed APPEND_ENTRIES request s1->s0#324-t2,previous=(t:1, i:82),leaderCommit=251,initializing? true,entries: size=170, first=(t:2, i:83), CONFIGURATIONENTRY(current:id: "s0"
address: "localhost:42371"
dataStreamAddress: "localhost:43129"
clientAddress: "localhost:36379"
adminAddress: "localhost:36531"
startupRole: FOLLOWER
,id: "s1"
address: "localhost:35679"
dataStreamAddress: "localhost:42433"
clientAddress: "localhost:41371"
adminAddress: "localhost:44855"
startupRole: FOLLOWER
,id: "s2"
address: "localhost:39787"
dataStreamAddress: "localhost:33651"
clientAddress: "localhost:41113"
adminAddress: "localhost:44467"
startupRole: FOLLOWER
, old:)
java.util.concurrent.CompletionException: java.util.concurrent.RejectedExecutionException: Task java.util.concurrent.CompletableFuture$AsyncSupply@a5650ce rejected from java.util.concurrent.ThreadPoolExecutor@4ecb30e4[Terminated, pool size = 0, active threads = 0, queued tasks = 0, completed tasks = 0]
	at java.base/java.util.concurrent.CompletableFuture.encodeThrowable(CompletableFuture.java:314)
	at java.base/java.util.concurrent.CompletableFuture.uniComposeStage(CompletableFuture.java:1113)
	at java.base/java.util.concurrent.CompletableFuture.thenCompose(CompletableFuture.java:2235)
	at org.apache.ratis.server.impl.RaftServerProxy.appendEntriesAsync(RaftServerProxy.java:634)
	at org.apache.ratis.grpc.server.GrpcServerProtocolService$1.process(GrpcServerProtocolService.java:219)
	at org.apache.ratis.grpc.server.GrpcServerProtocolService$1.process(GrpcServerProtocolService.java:216)
	at org.apache.ratis.grpc.server.GrpcServerProtocolService$ServerRequestStreamObserver.onNext(GrpcServerProtocolService.java:124)
	at org.apache.ratis.thirdparty.io.grpc.stub.ServerCalls$StreamingServerCallHandler$StreamingServerCallListener.onMessage(ServerCalls.java:262)
	at org.apache.ratis.thirdparty.io.grpc.ForwardingServerCallListener.onMessage(ForwardingServerCallListener.java:33)
	at org.apache.ratis.thirdparty.io.grpc.internal.ServerCallImpl$ServerStreamListenerImpl.messagesAvailableInternal(ServerCallImpl.java:332)
	at org.apache.ratis.thirdparty.io.grpc.internal.ServerCallImpl$ServerStreamListenerImpl.messagesAvailable(ServerCallImpl.java:315)
	at org.apache.ratis.thirdparty.io.grpc.internal.ServerImpl$JumpToApplicationThreadServerStreamListener$1MessagesAvailable.runInContext(ServerImpl.java:834)
	at org.apache.ratis.thirdparty.io.grpc.internal.ContextRunnable.run(ContextRunnable.java:37)
	at org.apache.ratis.thirdparty.io.grpc.internal.SerializingExecutor.run(SerializingExecutor.java:133)
	at java.base/java.util.concurrent.ThreadPoolExecutor.runWorker(ThreadPoolExecutor.java:1128)
	at java.base/java.util.concurrent.ThreadPoolExecutor$Worker.run(ThreadPoolExecutor.java:628)
	at java.base/java.lang.Thread.run(Thread.java:829)
Caused by: java.util.concurrent.RejectedExecutionException: Task java.util.concurrent.CompletableFuture$AsyncSupply@a5650ce rejected from java.util.concurrent.ThreadPoolExecutor@4ecb30e4[Terminated, pool size = 0, active threads = 0, queued tasks = 0, completed tasks = 0]
	at java.base/java.util.concurrent.ThreadPoolExecutor$AbortPolicy.rejectedExecution(ThreadPoolExecutor.java:2055)
	at java.base/java.util.concurrent.ThreadPoolExecutor.reject(ThreadPoolExecutor.java:825)
	at java.base/java.util.concurrent.ThreadPoolExecutor.execute(ThreadPoolExecutor.java:1355)
	at java.base/java.util.concurrent.CompletableFuture.asyncSupplyStage(CompletableFuture.java:1714)
	at java.base/java.util.concurrent.CompletableFuture.supplyAsync(CompletableFuture.java:1931)
	at org.apache.ratis.server.impl.RaftServerImpl.executeSubmitServerRequestAsync(RaftServerImpl.java:817)
	at org.apache.ratis.server.impl.RaftServerProxy.lambda$appendEntriesAsync$27(RaftServerProxy.java:634)
	at java.base/java.util.concurrent.CompletableFuture.uniComposeStage(CompletableFuture.java:1106)
	... 15 more
2023-02-09 08:26:13,441 [grpc-default-executor-5] WARN  server.GrpcLogAppender (LogUtils.java:warn(124)) - s1@group-5D8BFF2AC38C->s0-AppendLogResponseHandler: Failed appendEntries
java.util.concurrent.RejectedExecutionException: Task java.util.concurrent.CompletableFuture$AsyncSupply@a5650ce rejected from java.util.concurrent.ThreadPoolExecutor@4ecb30e4[Terminated, pool size = 0, active threads = 0, queued tasks = 0, completed tasks = 0]
	at java.base/java.util.concurrent.ThreadPoolExecutor$AbortPolicy.rejectedExecution(ThreadPoolExecutor.java:2055)
	at java.base/java.util.concurrent.ThreadPoolExecutor.reject(ThreadPoolExecutor.java:825)
	at java.base/java.util.concurrent.ThreadPoolExecutor.execute(ThreadPoolExecutor.java:1355)
	at java.base/java.util.concurrent.CompletableFuture.asyncSupplyStage(CompletableFuture.java:1714)
	at java.base/java.util.concurrent.CompletableFuture.supplyAsync(CompletableFuture.java:1931)
	at org.apache.ratis.server.impl.RaftServerImpl.executeSubmitServerRequestAsync(RaftServerImpl.java:817)
	at org.apache.ratis.server.impl.RaftServerProxy.lambda$appendEntriesAsync$27(RaftServerProxy.java:634)
	at java.base/java.util.concurrent.CompletableFuture.uniComposeStage(CompletableFuture.java:1106)
	at java.base/java.util.concurrent.CompletableFuture.thenCompose(CompletableFuture.java:2235)
	at org.apache.ratis.server.impl.RaftServerProxy.appendEntriesAsync(RaftServerProxy.java:634)
	at org.apache.ratis.grpc.server.GrpcServerProtocolService$1.process(GrpcServerProtocolService.java:219)
	at org.apache.ratis.grpc.server.GrpcServerProtocolService$1.process(GrpcServerProtocolService.java:216)
	at org.apache.ratis.grpc.server.GrpcServerProtocolService$ServerRequestStreamObserver.onNext(GrpcServerProtocolService.java:124)
	at org.apache.ratis.thirdparty.io.grpc.stub.ServerCalls$StreamingServerCallHandler$StreamingServerCallListener.onMessage(ServerCalls.java:262)
	at org.apache.ratis.thirdparty.io.grpc.ForwardingServerCallListener.onMessage(ForwardingServerCallListener.java:33)
	at org.apache.ratis.thirdparty.io.grpc.internal.ServerCallImpl$ServerStreamListenerImpl.messagesAvailableInternal(ServerCallImpl.java:332)
	at org.apache.ratis.thirdparty.io.grpc.internal.ServerCallImpl$ServerStreamListenerImpl.messagesAvailable(ServerCallImpl.java:315)
	at org.apache.ratis.thirdparty.io.grpc.internal.ServerImpl$JumpToApplicationThreadServerStreamListener$1MessagesAvailable.runInContext(ServerImpl.java:834)
	at org.apache.ratis.thirdparty.io.grpc.internal.ContextRunnable.run(ContextRunnable.java:37)
	at org.apache.ratis.thirdparty.io.grpc.internal.SerializingExecutor.run(SerializingExecutor.java:133)
	at java.base/java.util.concurrent.ThreadPoolExecutor.runWorker(ThreadPoolExecutor.java:1128)
	at java.base/java.util.concurrent.ThreadPoolExecutor$Worker.run(ThreadPoolExecutor.java:628)
	at java.base/java.lang.Thread.run(Thread.java:829)
2023-02-09 08:26:13,441 [grpc-default-executor-5] INFO  leader.FollowerInfo (FollowerInfoImpl.java:lambda$new$0(52)) - s1@group-5D8BFF2AC38C->s0: nextIndex: updateUnconditionally 253 -> 83
2023-02-09 08:26:13,442 [s2-server-thread1] DEBUG raftlog.RaftLog (SegmentedRaftLog.java:appendImpl(446)) - truncateIndex=-1, arrayIndex=0
2023-02-09 08:26:13,443 [grpc-default-executor-9] WARN  server.GrpcServerProtocolService (LogUtils.java:warn(124)) - s0: Failed APPEND_ENTRIES request s1->s0#326-t2,previous=(t:1, i:82),leaderCommit=252,initializing? true,entries: size=171, first=(t:2, i:83), CONFIGURATIONENTRY(current:id: "s0"
address: "localhost:42371"
dataStreamAddress: "localhost:43129"
clientAddress: "localhost:36379"
adminAddress: "localhost:36531"
startupRole: FOLLOWER
,id: "s1"
address: "localhost:35679"
dataStreamAddress: "localhost:42433"
clientAddress: "localhost:41371"
adminAddress: "localhost:44855"
startupRole: FOLLOWER
,id: "s2"
address: "localhost:39787"
dataStreamAddress: "localhost:33651"
clientAddress: "localhost:41113"
adminAddress: "localhost:44467"
startupRole: FOLLOWER
, old:)
java.util.concurrent.CompletionException: java.util.concurrent.RejectedExecutionException: Task java.util.concurrent.CompletableFuture$AsyncSupply@58598479 rejected from java.util.concurrent.ThreadPoolExecutor@4ecb30e4[Terminated, pool size = 0, active threads = 0, queued tasks = 0, completed tasks = 0]
	at java.base/java.util.concurrent.CompletableFuture.encodeThrowable(CompletableFuture.java:314)
	at java.base/java.util.concurrent.CompletableFuture.uniComposeStage(CompletableFuture.java:1113)
	at java.base/java.util.concurrent.CompletableFuture.thenCompose(CompletableFuture.java:2235)
	at org.apache.ratis.server.impl.RaftServerProxy.appendEntriesAsync(RaftServerProxy.java:634)
	at org.apache.ratis.grpc.server.GrpcServerProtocolService$1.process(GrpcServerProtocolService.java:219)
	at org.apache.ratis.grpc.server.GrpcServerProtocolService$1.process(GrpcServerProtocolService.java:216)
	at org.apache.ratis.grpc.server.GrpcServerProtocolService$ServerRequestStreamObserver.onNext(GrpcServerProtocolService.java:124)
	at org.apache.ratis.thirdparty.io.grpc.stub.ServerCalls$StreamingServerCallHandler$StreamingServerCallListener.onMessage(ServerCalls.java:262)
	at org.apache.ratis.thirdparty.io.grpc.ForwardingServerCallListener.onMessage(ForwardingServerCallListener.java:33)
	at org.apache.ratis.thirdparty.io.grpc.internal.ServerCallImpl$ServerStreamListenerImpl.messagesAvailableInternal(ServerCallImpl.java:332)
	at org.apache.ratis.thirdparty.io.grpc.internal.ServerCallImpl$ServerStreamListenerImpl.messagesAvailable(ServerCallImpl.java:315)
	at org.apache.ratis.thirdparty.io.grpc.internal.ServerImpl$JumpToApplicationThreadServerStreamListener$1MessagesAvailable.runInContext(ServerImpl.java:834)
	at org.apache.ratis.thirdparty.io.grpc.internal.ContextRunnable.run(ContextRunnable.java:37)
	at org.apache.ratis.thirdparty.io.grpc.internal.SerializingExecutor.run(SerializingExecutor.java:133)
	at java.base/java.util.concurrent.ThreadPoolExecutor.runWorker(ThreadPoolExecutor.java:1128)
	at java.base/java.util.concurrent.ThreadPoolExecutor$Worker.run(ThreadPoolExecutor.java:628)
	at java.base/java.lang.Thread.run(Thread.java:829)
Caused by: java.util.concurrent.RejectedExecutionException: Task java.util.concurrent.CompletableFuture$AsyncSupply@58598479 rejected from java.util.concurrent.ThreadPoolExecutor@4ecb30e4[Terminated, pool size = 0, active threads = 0, queued tasks = 0, completed tasks = 0]
	at java.base/java.util.concurrent.ThreadPoolExecutor$AbortPolicy.rejectedExecution(ThreadPoolExecutor.java:2055)
	at java.base/java.util.concurrent.ThreadPoolExecutor.reject(ThreadPoolExecutor.java:825)
	at java.base/java.util.concurrent.ThreadPoolExecutor.execute(ThreadPoolExecutor.java:1355)
	at java.base/java.util.concurrent.CompletableFuture.asyncSupplyStage(CompletableFuture.java:1714)
	at java.base/java.util.concurrent.CompletableFuture.supplyAsync(CompletableFuture.java:1931)
	at org.apache.ratis.server.impl.RaftServerImpl.executeSubmitServerRequestAsync(RaftServerImpl.java:817)
	at org.apache.ratis.server.impl.RaftServerProxy.lambda$appendEntriesAsync$27(RaftServerProxy.java:634)
	at java.base/java.util.concurrent.CompletableFuture.uniComposeStage(CompletableFuture.java:1106)
	... 15 more
2023-02-09 08:26:13,444 [grpc-default-executor-7] WARN  server.GrpcLogAppender (LogUtils.java:warn(124)) - s1@group-5D8BFF2AC38C->s0-AppendLogResponseHandler: Failed appendEntries
java.util.concurrent.RejectedExecutionException: Task java.util.concurrent.CompletableFuture$AsyncSupply@58598479 rejected from java.util.concurrent.ThreadPoolExecutor@4ecb30e4[Terminated, pool size = 0, active threads = 0, queued tasks = 0, completed tasks = 0]
	at java.base/java.util.concurrent.ThreadPoolExecutor$AbortPolicy.rejectedExecution(ThreadPoolExecutor.java:2055)
	at java.base/java.util.concurrent.ThreadPoolExecutor.reject(ThreadPoolExecutor.java:825)
	at java.base/java.util.concurrent.ThreadPoolExecutor.execute(ThreadPoolExecutor.java:1355)
	at java.base/java.util.concurrent.CompletableFuture.asyncSupplyStage(CompletableFuture.java:1714)
	at java.base/java.util.concurrent.CompletableFuture.supplyAsync(CompletableFuture.java:1931)
	at org.apache.ratis.server.impl.RaftServerImpl.executeSubmitServerRequestAsync(RaftServerImpl.java:817)
	at org.apache.ratis.server.impl.RaftServerProxy.lambda$appendEntriesAsync$27(RaftServerProxy.java:634)
	at java.base/java.util.concurrent.CompletableFuture.uniComposeStage(CompletableFuture.java:1106)
	at java.base/java.util.concurrent.CompletableFuture.thenCompose(CompletableFuture.java:2235)
	at org.apache.ratis.server.impl.RaftServerProxy.appendEntriesAsync(RaftServerProxy.java:634)
	at org.apache.ratis.grpc.server.GrpcServerProtocolService$1.process(GrpcServerProtocolService.java:219)
	at org.apache.ratis.grpc.server.GrpcServerProtocolService$1.process(GrpcServerProtocolService.java:216)
	at org.apache.ratis.grpc.server.GrpcServerProtocolService$ServerRequestStreamObserver.onNext(GrpcServerProtocolService.java:124)
	at org.apache.ratis.thirdparty.io.grpc.stub.ServerCalls$StreamingServerCallHandler$StreamingServerCallListener.onMessage(ServerCalls.java:262)
	at org.apache.ratis.thirdparty.io.grpc.ForwardingServerCallListener.onMessage(ForwardingServerCallListener.java:33)
	at org.apache.ratis.thirdparty.io.grpc.internal.ServerCallImpl$ServerStreamListenerImpl.messagesAvailableInternal(ServerCallImpl.java:332)
	at org.apache.ratis.thirdparty.io.grpc.internal.ServerCallImpl$ServerStreamListenerImpl.messagesAvailable(ServerCallImpl.java:315)
	at org.apache.ratis.thirdparty.io.grpc.internal.ServerImpl$JumpToApplicationThreadServerStreamListener$1MessagesAvailable.runInContext(ServerImpl.java:834)
	at org.apache.ratis.thirdparty.io.grpc.internal.ContextRunnable.run(ContextRunnable.java:37)
	at org.apache.ratis.thirdparty.io.grpc.internal.SerializingExecutor.run(SerializingExecutor.java:133)
	at java.base/java.util.concurrent.ThreadPoolExecutor.runWorker(ThreadPoolExecutor.java:1128)
	at java.base/java.util.concurrent.ThreadPoolExecutor$Worker.run(ThreadPoolExecutor.java:628)
	at java.base/java.lang.Thread.run(Thread.java:829)
2023-02-09 08:26:13,444 [s1@group-5D8BFF2AC38C-StateMachineUpdater] INFO  impl.SimpleStateMachine4Testing (SimpleStateMachine4Testing.java:put(205)) - s1: put 253, m124 -> (t:2, i:253), STATEMACHINELOGENTRY, 510@client-F516C80A2025
2023-02-09 08:26:13,444 [grpc-default-executor-7] INFO  leader.FollowerInfo (FollowerInfoImpl.java:lambda$new$0(52)) - s1@group-5D8BFF2AC38C->s0: nextIndex: updateUnconditionally 254 -> 83
2023-02-09 08:26:13,445 [s2-server-thread1] DEBUG raftlog.RaftLog (SegmentedRaftLog.java:appendImpl(446)) - truncateIndex=-1, arrayIndex=0
2023-02-09 08:26:13,446 [s2@group-5D8BFF2AC38C-StateMachineUpdater] INFO  impl.SimpleStateMachine4Testing (SimpleStateMachine4Testing.java:put(205)) - s2: put 253, m124 -> (t:2, i:253), STATEMACHINELOGENTRY, 510@client-F516C80A2025
2023-02-09 08:26:13,446 [grpc-default-executor-7] WARN  server.GrpcServerProtocolService (LogUtils.java:warn(124)) - s0: Failed APPEND_ENTRIES request s1->s0#327-t2,previous=(t:1, i:82),leaderCommit=253,initializing? true,entries: size=172, first=(t:2, i:83), CONFIGURATIONENTRY(current:id: "s0"
address: "localhost:42371"
dataStreamAddress: "localhost:43129"
clientAddress: "localhost:36379"
adminAddress: "localhost:36531"
startupRole: FOLLOWER
,id: "s1"
address: "localhost:35679"
dataStreamAddress: "localhost:42433"
clientAddress: "localhost:41371"
adminAddress: "localhost:44855"
startupRole: FOLLOWER
,id: "s2"
address: "localhost:39787"
dataStreamAddress: "localhost:33651"
clientAddress: "localhost:41113"
adminAddress: "localhost:44467"
startupRole: FOLLOWER
, old:)
java.util.concurrent.CompletionException: java.util.concurrent.RejectedExecutionException: Task java.util.concurrent.CompletableFuture$AsyncSupply@f9b7afe rejected from java.util.concurrent.ThreadPoolExecutor@4ecb30e4[Terminated, pool size = 0, active threads = 0, queued tasks = 0, completed tasks = 0]
	at java.base/java.util.concurrent.CompletableFuture.encodeThrowable(CompletableFuture.java:314)
	at java.base/java.util.concurrent.CompletableFuture.uniComposeStage(CompletableFuture.java:1113)
	at java.base/java.util.concurrent.CompletableFuture.thenCompose(CompletableFuture.java:2235)
	at org.apache.ratis.server.impl.RaftServerProxy.appendEntriesAsync(RaftServerProxy.java:634)
	at org.apache.ratis.grpc.server.GrpcServerProtocolService$1.process(GrpcServerProtocolService.java:219)
	at org.apache.ratis.grpc.server.GrpcServerProtocolService$1.process(GrpcServerProtocolService.java:216)
	at org.apache.ratis.grpc.server.GrpcServerProtocolService$ServerRequestStreamObserver.onNext(GrpcServerProtocolService.java:124)
	at org.apache.ratis.thirdparty.io.grpc.stub.ServerCalls$StreamingServerCallHandler$StreamingServerCallListener.onMessage(ServerCalls.java:262)
	at org.apache.ratis.thirdparty.io.grpc.ForwardingServerCallListener.onMessage(ForwardingServerCallListener.java:33)
	at org.apache.ratis.thirdparty.io.grpc.internal.ServerCallImpl$ServerStreamListenerImpl.messagesAvailableInternal(ServerCallImpl.java:332)
	at org.apache.ratis.thirdparty.io.grpc.internal.ServerCallImpl$ServerStreamListenerImpl.messagesAvailable(ServerCallImpl.java:315)
	at org.apache.ratis.thirdparty.io.grpc.internal.ServerImpl$JumpToApplicationThreadServerStreamListener$1MessagesAvailable.runInContext(ServerImpl.java:834)
	at org.apache.ratis.thirdparty.io.grpc.internal.ContextRunnable.run(ContextRunnable.java:37)
	at org.apache.ratis.thirdparty.io.grpc.internal.SerializingExecutor.run(SerializingExecutor.java:133)
	at java.base/java.util.concurrent.ThreadPoolExecutor.runWorker(ThreadPoolExecutor.java:1128)
	at java.base/java.util.concurrent.ThreadPoolExecutor$Worker.run(ThreadPoolExecutor.java:628)
	at java.base/java.lang.Thread.run(Thread.java:829)
Caused by: java.util.concurrent.RejectedExecutionException: Task java.util.concurrent.CompletableFuture$AsyncSupply@f9b7afe rejected from java.util.concurrent.ThreadPoolExecutor@4ecb30e4[Terminated, pool size = 0, active threads = 0, queued tasks = 0, completed tasks = 0]
	at java.base/java.util.concurrent.ThreadPoolExecutor$AbortPolicy.rejectedExecution(ThreadPoolExecutor.java:2055)
	at java.base/java.util.concurrent.ThreadPoolExecutor.reject(ThreadPoolExecutor.java:825)
	at java.base/java.util.concurrent.ThreadPoolExecutor.execute(ThreadPoolExecutor.java:1355)
	at java.base/java.util.concurrent.CompletableFuture.asyncSupplyStage(CompletableFuture.java:1714)
	at java.base/java.util.concurrent.CompletableFuture.supplyAsync(CompletableFuture.java:1931)
	at org.apache.ratis.server.impl.RaftServerImpl.executeSubmitServerRequestAsync(RaftServerImpl.java:817)
	at org.apache.ratis.server.impl.RaftServerProxy.lambda$appendEntriesAsync$27(RaftServerProxy.java:634)
	at java.base/java.util.concurrent.CompletableFuture.uniComposeStage(CompletableFuture.java:1106)
	... 15 more
2023-02-09 08:26:13,447 [grpc-default-executor-7] WARN  server.GrpcLogAppender (LogUtils.java:warn(124)) - s1@group-5D8BFF2AC38C->s0-AppendLogResponseHandler: Failed appendEntries
java.util.concurrent.RejectedExecutionException: Task java.util.concurrent.CompletableFuture$AsyncSupply@f9b7afe rejected from java.util.concurrent.ThreadPoolExecutor@4ecb30e4[Terminated, pool size = 0, active threads = 0, queued tasks = 0, completed tasks = 0]
	at java.base/java.util.concurrent.ThreadPoolExecutor$AbortPolicy.rejectedExecution(ThreadPoolExecutor.java:2055)
	at java.base/java.util.concurrent.ThreadPoolExecutor.reject(ThreadPoolExecutor.java:825)
	at java.base/java.util.concurrent.ThreadPoolExecutor.execute(ThreadPoolExecutor.java:1355)
	at java.base/java.util.concurrent.CompletableFuture.asyncSupplyStage(CompletableFuture.java:1714)
	at java.base/java.util.concurrent.CompletableFuture.supplyAsync(CompletableFuture.java:1931)
	at org.apache.ratis.server.impl.RaftServerImpl.executeSubmitServerRequestAsync(RaftServerImpl.java:817)
	at org.apache.ratis.server.impl.RaftServerProxy.lambda$appendEntriesAsync$27(RaftServerProxy.java:634)
	at java.base/java.util.concurrent.CompletableFuture.uniComposeStage(CompletableFuture.java:1106)
	at java.base/java.util.concurrent.CompletableFuture.thenCompose(CompletableFuture.java:2235)
	at org.apache.ratis.server.impl.RaftServerProxy.appendEntriesAsync(RaftServerProxy.java:634)
	at org.apache.ratis.grpc.server.GrpcServerProtocolService$1.process(GrpcServerProtocolService.java:219)
	at org.apache.ratis.grpc.server.GrpcServerProtocolService$1.process(GrpcServerProtocolService.java:216)
	at org.apache.ratis.grpc.server.GrpcServerProtocolService$ServerRequestStreamObserver.onNext(GrpcServerProtocolService.java:124)
	at org.apache.ratis.thirdparty.io.grpc.stub.ServerCalls$StreamingServerCallHandler$StreamingServerCallListener.onMessage(ServerCalls.java:262)
	at org.apache.ratis.thirdparty.io.grpc.ForwardingServerCallListener.onMessage(ForwardingServerCallListener.java:33)
	at org.apache.ratis.thirdparty.io.grpc.internal.ServerCallImpl$ServerStreamListenerImpl.messagesAvailableInternal(ServerCallImpl.java:332)
	at org.apache.ratis.thirdparty.io.grpc.internal.ServerCallImpl$ServerStreamListenerImpl.messagesAvailable(ServerCallImpl.java:315)
	at org.apache.ratis.thirdparty.io.grpc.internal.ServerImpl$JumpToApplicationThreadServerStreamListener$1MessagesAvailable.runInContext(ServerImpl.java:834)
	at org.apache.ratis.thirdparty.io.grpc.internal.ContextRunnable.run(ContextRunnable.java:37)
	at org.apache.ratis.thirdparty.io.grpc.internal.SerializingExecutor.run(SerializingExecutor.java:133)
	at java.base/java.util.concurrent.ThreadPoolExecutor.runWorker(ThreadPoolExecutor.java:1128)
	at java.base/java.util.concurrent.ThreadPoolExecutor$Worker.run(ThreadPoolExecutor.java:628)
	at java.base/java.lang.Thread.run(Thread.java:829)
2023-02-09 08:26:13,447 [grpc-default-executor-7] INFO  leader.FollowerInfo (FollowerInfoImpl.java:lambda$new$0(52)) - s1@group-5D8BFF2AC38C->s0: nextIndex: updateUnconditionally 255 -> 83
2023-02-09 08:26:13,448 [s2-server-thread1] DEBUG raftlog.RaftLog (SegmentedRaftLog.java:appendImpl(446)) - truncateIndex=-1, arrayIndex=0
2023-02-09 08:26:13,448 [grpc-default-executor-7] WARN  server.GrpcServerProtocolService (LogUtils.java:warn(124)) - s0: Failed APPEND_ENTRIES request s1->s0#330-t2,previous=(t:1, i:82),leaderCommit=254,initializing? true,entries: size=173, first=(t:2, i:83), CONFIGURATIONENTRY(current:id: "s0"
address: "localhost:42371"
dataStreamAddress: "localhost:43129"
clientAddress: "localhost:36379"
adminAddress: "localhost:36531"
startupRole: FOLLOWER
,id: "s1"
address: "localhost:35679"
dataStreamAddress: "localhost:42433"
clientAddress: "localhost:41371"
adminAddress: "localhost:44855"
startupRole: FOLLOWER
,id: "s2"
address: "localhost:39787"
dataStreamAddress: "localhost:33651"
clientAddress: "localhost:41113"
adminAddress: "localhost:44467"
startupRole: FOLLOWER
, old:)
java.util.concurrent.CompletionException: java.util.concurrent.RejectedExecutionException: Task java.util.concurrent.CompletableFuture$AsyncSupply@669c369 rejected from java.util.concurrent.ThreadPoolExecutor@4ecb30e4[Terminated, pool size = 0, active threads = 0, queued tasks = 0, completed tasks = 0]
	at java.base/java.util.concurrent.CompletableFuture.encodeThrowable(CompletableFuture.java:314)
	at java.base/java.util.concurrent.CompletableFuture.uniComposeStage(CompletableFuture.java:1113)
	at java.base/java.util.concurrent.CompletableFuture.thenCompose(CompletableFuture.java:2235)
	at org.apache.ratis.server.impl.RaftServerProxy.appendEntriesAsync(RaftServerProxy.java:634)
	at org.apache.ratis.grpc.server.GrpcServerProtocolService$1.process(GrpcServerProtocolService.java:219)
	at org.apache.ratis.grpc.server.GrpcServerProtocolService$1.process(GrpcServerProtocolService.java:216)
	at org.apache.ratis.grpc.server.GrpcServerProtocolService$ServerRequestStreamObserver.onNext(GrpcServerProtocolService.java:124)
	at org.apache.ratis.thirdparty.io.grpc.stub.ServerCalls$StreamingServerCallHandler$StreamingServerCallListener.onMessage(ServerCalls.java:262)
	at org.apache.ratis.thirdparty.io.grpc.ForwardingServerCallListener.onMessage(ForwardingServerCallListener.java:33)
	at org.apache.ratis.thirdparty.io.grpc.internal.ServerCallImpl$ServerStreamListenerImpl.messagesAvailableInternal(ServerCallImpl.java:332)
	at org.apache.ratis.thirdparty.io.grpc.internal.ServerCallImpl$ServerStreamListenerImpl.messagesAvailable(ServerCallImpl.java:315)
	at org.apache.ratis.thirdparty.io.grpc.internal.ServerImpl$JumpToApplicationThreadServerStreamListener$1MessagesAvailable.runInContext(ServerImpl.java:834)
	at org.apache.ratis.thirdparty.io.grpc.internal.ContextRunnable.run(ContextRunnable.java:37)
	at org.apache.ratis.thirdparty.io.grpc.internal.SerializingExecutor.run(SerializingExecutor.java:133)
	at java.base/java.util.concurrent.ThreadPoolExecutor.runWorker(ThreadPoolExecutor.java:1128)
	at java.base/java.util.concurrent.ThreadPoolExecutor$Worker.run(ThreadPoolExecutor.java:628)
	at java.base/java.lang.Thread.run(Thread.java:829)
Caused by: java.util.concurrent.RejectedExecutionException: Task java.util.concurrent.CompletableFuture$AsyncSupply@669c369 rejected from java.util.concurrent.ThreadPoolExecutor@4ecb30e4[Terminated, pool size = 0, active threads = 0, queued tasks = 0, completed tasks = 0]
	at java.base/java.util.concurrent.ThreadPoolExecutor$AbortPolicy.rejectedExecution(ThreadPoolExecutor.java:2055)
	at java.base/java.util.concurrent.ThreadPoolExecutor.reject(ThreadPoolExecutor.java:825)
	at java.base/java.util.concurrent.ThreadPoolExecutor.execute(ThreadPoolExecutor.java:1355)
	at java.base/java.util.concurrent.CompletableFuture.asyncSupplyStage(CompletableFuture.java:1714)
	at java.base/java.util.concurrent.CompletableFuture.supplyAsync(CompletableFuture.java:1931)
	at org.apache.ratis.server.impl.RaftServerImpl.executeSubmitServerRequestAsync(RaftServerImpl.java:817)
	at org.apache.ratis.server.impl.RaftServerProxy.lambda$appendEntriesAsync$27(RaftServerProxy.java:634)
	at java.base/java.util.concurrent.CompletableFuture.uniComposeStage(CompletableFuture.java:1106)
	... 15 more
2023-02-09 08:26:13,449 [s1@group-5D8BFF2AC38C-StateMachineUpdater] INFO  impl.SimpleStateMachine4Testing (SimpleStateMachine4Testing.java:put(205)) - s1: put 255, m125 -> (t:2, i:255), STATEMACHINELOGENTRY, 511@client-F516C80A2025
2023-02-09 08:26:13,453 [s2-server-thread1] DEBUG raftlog.RaftLog (SegmentedRaftLog.java:appendImpl(446)) - truncateIndex=-1, arrayIndex=0
2023-02-09 08:26:13,454 [grpc-default-executor-7] WARN  server.GrpcLogAppender (LogUtils.java:warn(124)) - s1@group-5D8BFF2AC38C->s0-AppendLogResponseHandler: Failed appendEntries
java.util.concurrent.RejectedExecutionException: Task java.util.concurrent.CompletableFuture$AsyncSupply@669c369 rejected from java.util.concurrent.ThreadPoolExecutor@4ecb30e4[Terminated, pool size = 0, active threads = 0, queued tasks = 0, completed tasks = 0]
	at java.base/java.util.concurrent.ThreadPoolExecutor$AbortPolicy.rejectedExecution(ThreadPoolExecutor.java:2055)
	at java.base/java.util.concurrent.ThreadPoolExecutor.reject(ThreadPoolExecutor.java:825)
	at java.base/java.util.concurrent.ThreadPoolExecutor.execute(ThreadPoolExecutor.java:1355)
	at java.base/java.util.concurrent.CompletableFuture.asyncSupplyStage(CompletableFuture.java:1714)
	at java.base/java.util.concurrent.CompletableFuture.supplyAsync(CompletableFuture.java:1931)
	at org.apache.ratis.server.impl.RaftServerImpl.executeSubmitServerRequestAsync(RaftServerImpl.java:817)
	at org.apache.ratis.server.impl.RaftServerProxy.lambda$appendEntriesAsync$27(RaftServerProxy.java:634)
	at java.base/java.util.concurrent.CompletableFuture.uniComposeStage(CompletableFuture.java:1106)
	at java.base/java.util.concurrent.CompletableFuture.thenCompose(CompletableFuture.java:2235)
	at org.apache.ratis.server.impl.RaftServerProxy.appendEntriesAsync(RaftServerProxy.java:634)
	at org.apache.ratis.grpc.server.GrpcServerProtocolService$1.process(GrpcServerProtocolService.java:219)
	at org.apache.ratis.grpc.server.GrpcServerProtocolService$1.process(GrpcServerProtocolService.java:216)
	at org.apache.ratis.grpc.server.GrpcServerProtocolService$ServerRequestStreamObserver.onNext(GrpcServerProtocolService.java:124)
	at org.apache.ratis.thirdparty.io.grpc.stub.ServerCalls$StreamingServerCallHandler$StreamingServerCallListener.onMessage(ServerCalls.java:262)
	at org.apache.ratis.thirdparty.io.grpc.ForwardingServerCallListener.onMessage(ForwardingServerCallListener.java:33)
	at org.apache.ratis.thirdparty.io.grpc.internal.ServerCallImpl$ServerStreamListenerImpl.messagesAvailableInternal(ServerCallImpl.java:332)
	at org.apache.ratis.thirdparty.io.grpc.internal.ServerCallImpl$ServerStreamListenerImpl.messagesAvailable(ServerCallImpl.java:315)
	at org.apache.ratis.thirdparty.io.grpc.internal.ServerImpl$JumpToApplicationThreadServerStreamListener$1MessagesAvailable.runInContext(ServerImpl.java:834)
	at org.apache.ratis.thirdparty.io.grpc.internal.ContextRunnable.run(ContextRunnable.java:37)
	at org.apache.ratis.thirdparty.io.grpc.internal.SerializingExecutor.run(SerializingExecutor.java:133)
	at java.base/java.util.concurrent.ThreadPoolExecutor.runWorker(ThreadPoolExecutor.java:1128)
	at java.base/java.util.concurrent.ThreadPoolExecutor$Worker.run(ThreadPoolExecutor.java:628)
	at java.base/java.lang.Thread.run(Thread.java:829)
2023-02-09 08:26:13,454 [grpc-default-executor-7] INFO  leader.FollowerInfo (FollowerInfoImpl.java:lambda$new$0(52)) - s1@group-5D8BFF2AC38C->s0: nextIndex: updateUnconditionally 256 -> 83
2023-02-09 08:26:13,456 [s2-server-thread1] DEBUG raftlog.RaftLog (SegmentedRaftLog.java:appendImpl(446)) - truncateIndex=-1, arrayIndex=0
2023-02-09 08:26:13,456 [grpc-default-executor-7] WARN  server.GrpcServerProtocolService (LogUtils.java:warn(124)) - s0: Failed APPEND_ENTRIES request s1->s0#333-t2,previous=(t:1, i:82),leaderCommit=255,initializing? true,entries: size=175, first=(t:2, i:83), CONFIGURATIONENTRY(current:id: "s0"
address: "localhost:42371"
dataStreamAddress: "localhost:43129"
clientAddress: "localhost:36379"
adminAddress: "localhost:36531"
startupRole: FOLLOWER
,id: "s1"
address: "localhost:35679"
dataStreamAddress: "localhost:42433"
clientAddress: "localhost:41371"
adminAddress: "localhost:44855"
startupRole: FOLLOWER
,id: "s2"
address: "localhost:39787"
dataStreamAddress: "localhost:33651"
clientAddress: "localhost:41113"
adminAddress: "localhost:44467"
startupRole: FOLLOWER
, old:)
java.util.concurrent.CompletionException: java.util.concurrent.RejectedExecutionException: Task java.util.concurrent.CompletableFuture$AsyncSupply@47f9028a rejected from java.util.concurrent.ThreadPoolExecutor@4ecb30e4[Terminated, pool size = 0, active threads = 0, queued tasks = 0, completed tasks = 0]
	at java.base/java.util.concurrent.CompletableFuture.encodeThrowable(CompletableFuture.java:314)
	at java.base/java.util.concurrent.CompletableFuture.uniComposeStage(CompletableFuture.java:1113)
	at java.base/java.util.concurrent.CompletableFuture.thenCompose(CompletableFuture.java:2235)
	at org.apache.ratis.server.impl.RaftServerProxy.appendEntriesAsync(RaftServerProxy.java:634)
	at org.apache.ratis.grpc.server.GrpcServerProtocolService$1.process(GrpcServerProtocolService.java:219)
	at org.apache.ratis.grpc.server.GrpcServerProtocolService$1.process(GrpcServerProtocolService.java:216)
	at org.apache.ratis.grpc.server.GrpcServerProtocolService$ServerRequestStreamObserver.onNext(GrpcServerProtocolService.java:124)
	at org.apache.ratis.thirdparty.io.grpc.stub.ServerCalls$StreamingServerCallHandler$StreamingServerCallListener.onMessage(ServerCalls.java:262)
	at org.apache.ratis.thirdparty.io.grpc.ForwardingServerCallListener.onMessage(ForwardingServerCallListener.java:33)
	at org.apache.ratis.thirdparty.io.grpc.internal.ServerCallImpl$ServerStreamListenerImpl.messagesAvailableInternal(ServerCallImpl.java:332)
	at org.apache.ratis.thirdparty.io.grpc.internal.ServerCallImpl$ServerStreamListenerImpl.messagesAvailable(ServerCallImpl.java:315)
	at org.apache.ratis.thirdparty.io.grpc.internal.ServerImpl$JumpToApplicationThreadServerStreamListener$1MessagesAvailable.runInContext(ServerImpl.java:834)
	at org.apache.ratis.thirdparty.io.grpc.internal.ContextRunnable.run(ContextRunnable.java:37)
	at org.apache.ratis.thirdparty.io.grpc.internal.SerializingExecutor.run(SerializingExecutor.java:133)
	at java.base/java.util.concurrent.ThreadPoolExecutor.runWorker(ThreadPoolExecutor.java:1128)
	at java.base/java.util.concurrent.ThreadPoolExecutor$Worker.run(ThreadPoolExecutor.java:628)
	at java.base/java.lang.Thread.run(Thread.java:829)
Caused by: java.util.concurrent.RejectedExecutionException: Task java.util.concurrent.CompletableFuture$AsyncSupply@47f9028a rejected from java.util.concurrent.ThreadPoolExecutor@4ecb30e4[Terminated, pool size = 0, active threads = 0, queued tasks = 0, completed tasks = 0]
	at java.base/java.util.concurrent.ThreadPoolExecutor$AbortPolicy.rejectedExecution(ThreadPoolExecutor.java:2055)
	at java.base/java.util.concurrent.ThreadPoolExecutor.reject(ThreadPoolExecutor.java:825)
	at java.base/java.util.concurrent.ThreadPoolExecutor.execute(ThreadPoolExecutor.java:1355)
	at java.base/java.util.concurrent.CompletableFuture.asyncSupplyStage(CompletableFuture.java:1714)
	at java.base/java.util.concurrent.CompletableFuture.supplyAsync(CompletableFuture.java:1931)
	at org.apache.ratis.server.impl.RaftServerImpl.executeSubmitServerRequestAsync(RaftServerImpl.java:817)
	at org.apache.ratis.server.impl.RaftServerProxy.lambda$appendEntriesAsync$27(RaftServerProxy.java:634)
	at java.base/java.util.concurrent.CompletableFuture.uniComposeStage(CompletableFuture.java:1106)
	... 15 more
2023-02-09 08:26:13,457 [grpc-default-executor-3] WARN  server.GrpcLogAppender (LogUtils.java:warn(124)) - s1@group-5D8BFF2AC38C->s0-AppendLogResponseHandler: Failed appendEntries
java.util.concurrent.RejectedExecutionException: Task java.util.concurrent.CompletableFuture$AsyncSupply@47f9028a rejected from java.util.concurrent.ThreadPoolExecutor@4ecb30e4[Terminated, pool size = 0, active threads = 0, queued tasks = 0, completed tasks = 0]
	at java.base/java.util.concurrent.ThreadPoolExecutor$AbortPolicy.rejectedExecution(ThreadPoolExecutor.java:2055)
	at java.base/java.util.concurrent.ThreadPoolExecutor.reject(ThreadPoolExecutor.java:825)
	at java.base/java.util.concurrent.ThreadPoolExecutor.execute(ThreadPoolExecutor.java:1355)
	at java.base/java.util.concurrent.CompletableFuture.asyncSupplyStage(CompletableFuture.java:1714)
	at java.base/java.util.concurrent.CompletableFuture.supplyAsync(CompletableFuture.java:1931)
	at org.apache.ratis.server.impl.RaftServerImpl.executeSubmitServerRequestAsync(RaftServerImpl.java:817)
	at org.apache.ratis.server.impl.RaftServerProxy.lambda$appendEntriesAsync$27(RaftServerProxy.java:634)
	at java.base/java.util.concurrent.CompletableFuture.uniComposeStage(CompletableFuture.java:1106)
	at java.base/java.util.concurrent.CompletableFuture.thenCompose(CompletableFuture.java:2235)
	at org.apache.ratis.server.impl.RaftServerProxy.appendEntriesAsync(RaftServerProxy.java:634)
	at org.apache.ratis.grpc.server.GrpcServerProtocolService$1.process(GrpcServerProtocolService.java:219)
	at org.apache.ratis.grpc.server.GrpcServerProtocolService$1.process(GrpcServerProtocolService.java:216)
	at org.apache.ratis.grpc.server.GrpcServerProtocolService$ServerRequestStreamObserver.onNext(GrpcServerProtocolService.java:124)
	at org.apache.ratis.thirdparty.io.grpc.stub.ServerCalls$StreamingServerCallHandler$StreamingServerCallListener.onMessage(ServerCalls.java:262)
	at org.apache.ratis.thirdparty.io.grpc.ForwardingServerCallListener.onMessage(ForwardingServerCallListener.java:33)
	at org.apache.ratis.thirdparty.io.grpc.internal.ServerCallImpl$ServerStreamListenerImpl.messagesAvailableInternal(ServerCallImpl.java:332)
	at org.apache.ratis.thirdparty.io.grpc.internal.ServerCallImpl$ServerStreamListenerImpl.messagesAvailable(ServerCallImpl.java:315)
	at org.apache.ratis.thirdparty.io.grpc.internal.ServerImpl$JumpToApplicationThreadServerStreamListener$1MessagesAvailable.runInContext(ServerImpl.java:834)
	at org.apache.ratis.thirdparty.io.grpc.internal.ContextRunnable.run(ContextRunnable.java:37)
	at org.apache.ratis.thirdparty.io.grpc.internal.SerializingExecutor.run(SerializingExecutor.java:133)
	at java.base/java.util.concurrent.ThreadPoolExecutor.runWorker(ThreadPoolExecutor.java:1128)
	at java.base/java.util.concurrent.ThreadPoolExecutor$Worker.run(ThreadPoolExecutor.java:628)
	at java.base/java.lang.Thread.run(Thread.java:829)
2023-02-09 08:26:13,457 [grpc-default-executor-3] INFO  leader.FollowerInfo (FollowerInfoImpl.java:lambda$new$0(52)) - s1@group-5D8BFF2AC38C->s0: nextIndex: updateUnconditionally 258 -> 83
2023-02-09 08:26:13,460 [s2@group-5D8BFF2AC38C-StateMachineUpdater] INFO  impl.SimpleStateMachine4Testing (SimpleStateMachine4Testing.java:put(205)) - s2: put 255, m125 -> (t:2, i:255), STATEMACHINELOGENTRY, 511@client-F516C80A2025
2023-02-09 08:26:13,462 [s2-server-thread1] DEBUG raftlog.RaftLog (SegmentedRaftLog.java:appendImpl(446)) - truncateIndex=-1, arrayIndex=0
2023-02-09 08:26:13,463 [grpc-default-executor-3] WARN  server.GrpcServerProtocolService (LogUtils.java:warn(124)) - s0: Failed APPEND_ENTRIES request s1->s0#334-t2,previous=(t:1, i:82),leaderCommit=257,initializing? true,entries: size=175, first=(t:2, i:83), CONFIGURATIONENTRY(current:id: "s0"
address: "localhost:42371"
dataStreamAddress: "localhost:43129"
clientAddress: "localhost:36379"
adminAddress: "localhost:36531"
startupRole: FOLLOWER
,id: "s1"
address: "localhost:35679"
dataStreamAddress: "localhost:42433"
clientAddress: "localhost:41371"
adminAddress: "localhost:44855"
startupRole: FOLLOWER
,id: "s2"
address: "localhost:39787"
dataStreamAddress: "localhost:33651"
clientAddress: "localhost:41113"
adminAddress: "localhost:44467"
startupRole: FOLLOWER
, old:)
java.util.concurrent.CompletionException: java.util.concurrent.RejectedExecutionException: Task java.util.concurrent.CompletableFuture$AsyncSupply@63518bdf rejected from java.util.concurrent.ThreadPoolExecutor@4ecb30e4[Terminated, pool size = 0, active threads = 0, queued tasks = 0, completed tasks = 0]
	at java.base/java.util.concurrent.CompletableFuture.encodeThrowable(CompletableFuture.java:314)
	at java.base/java.util.concurrent.CompletableFuture.uniComposeStage(CompletableFuture.java:1113)
	at java.base/java.util.concurrent.CompletableFuture.thenCompose(CompletableFuture.java:2235)
	at org.apache.ratis.server.impl.RaftServerProxy.appendEntriesAsync(RaftServerProxy.java:634)
	at org.apache.ratis.grpc.server.GrpcServerProtocolService$1.process(GrpcServerProtocolService.java:219)
	at org.apache.ratis.grpc.server.GrpcServerProtocolService$1.process(GrpcServerProtocolService.java:216)
	at org.apache.ratis.grpc.server.GrpcServerProtocolService$ServerRequestStreamObserver.onNext(GrpcServerProtocolService.java:124)
	at org.apache.ratis.thirdparty.io.grpc.stub.ServerCalls$StreamingServerCallHandler$StreamingServerCallListener.onMessage(ServerCalls.java:262)
	at org.apache.ratis.thirdparty.io.grpc.ForwardingServerCallListener.onMessage(ForwardingServerCallListener.java:33)
	at org.apache.ratis.thirdparty.io.grpc.internal.ServerCallImpl$ServerStreamListenerImpl.messagesAvailableInternal(ServerCallImpl.java:332)
	at org.apache.ratis.thirdparty.io.grpc.internal.ServerCallImpl$ServerStreamListenerImpl.messagesAvailable(ServerCallImpl.java:315)
	at org.apache.ratis.thirdparty.io.grpc.internal.ServerImpl$JumpToApplicationThreadServerStreamListener$1MessagesAvailable.runInContext(ServerImpl.java:834)
	at org.apache.ratis.thirdparty.io.grpc.internal.ContextRunnable.run(ContextRunnable.java:37)
	at org.apache.ratis.thirdparty.io.grpc.internal.SerializingExecutor.run(SerializingExecutor.java:133)
	at java.base/java.util.concurrent.ThreadPoolExecutor.runWorker(ThreadPoolExecutor.java:1128)
	at java.base/java.util.concurrent.ThreadPoolExecutor$Worker.run(ThreadPoolExecutor.java:628)
	at java.base/java.lang.Thread.run(Thread.java:829)
Caused by: java.util.concurrent.RejectedExecutionException: Task java.util.concurrent.CompletableFuture$AsyncSupply@63518bdf rejected from java.util.concurrent.ThreadPoolExecutor@4ecb30e4[Terminated, pool size = 0, active threads = 0, queued tasks = 0, completed tasks = 0]
	at java.base/java.util.concurrent.ThreadPoolExecutor$AbortPolicy.rejectedExecution(ThreadPoolExecutor.java:2055)
	at java.base/java.util.concurrent.ThreadPoolExecutor.reject(ThreadPoolExecutor.java:825)
	at java.base/java.util.concurrent.ThreadPoolExecutor.execute(ThreadPoolExecutor.java:1355)
	at java.base/java.util.concurrent.CompletableFuture.asyncSupplyStage(CompletableFuture.java:1714)
	at java.base/java.util.concurrent.CompletableFuture.supplyAsync(CompletableFuture.java:1931)
	at org.apache.ratis.server.impl.RaftServerImpl.executeSubmitServerRequestAsync(RaftServerImpl.java:817)
	at org.apache.ratis.server.impl.RaftServerProxy.lambda$appendEntriesAsync$27(RaftServerProxy.java:634)
	at java.base/java.util.concurrent.CompletableFuture.uniComposeStage(CompletableFuture.java:1106)
	... 15 more
2023-02-09 08:26:13,465 [grpc-default-executor-3] WARN  server.GrpcLogAppender (LogUtils.java:warn(124)) - s1@group-5D8BFF2AC38C->s0-AppendLogResponseHandler: Failed appendEntries
java.util.concurrent.RejectedExecutionException: Task java.util.concurrent.CompletableFuture$AsyncSupply@63518bdf rejected from java.util.concurrent.ThreadPoolExecutor@4ecb30e4[Terminated, pool size = 0, active threads = 0, queued tasks = 0, completed tasks = 0]
	at java.base/java.util.concurrent.ThreadPoolExecutor$AbortPolicy.rejectedExecution(ThreadPoolExecutor.java:2055)
	at java.base/java.util.concurrent.ThreadPoolExecutor.reject(ThreadPoolExecutor.java:825)
	at java.base/java.util.concurrent.ThreadPoolExecutor.execute(ThreadPoolExecutor.java:1355)
	at java.base/java.util.concurrent.CompletableFuture.asyncSupplyStage(CompletableFuture.java:1714)
	at java.base/java.util.concurrent.CompletableFuture.supplyAsync(CompletableFuture.java:1931)
	at org.apache.ratis.server.impl.RaftServerImpl.executeSubmitServerRequestAsync(RaftServerImpl.java:817)
	at org.apache.ratis.server.impl.RaftServerProxy.lambda$appendEntriesAsync$27(RaftServerProxy.java:634)
	at java.base/java.util.concurrent.CompletableFuture.uniComposeStage(CompletableFuture.java:1106)
	at java.base/java.util.concurrent.CompletableFuture.thenCompose(CompletableFuture.java:2235)
	at org.apache.ratis.server.impl.RaftServerProxy.appendEntriesAsync(RaftServerProxy.java:634)
	at org.apache.ratis.grpc.server.GrpcServerProtocolService$1.process(GrpcServerProtocolService.java:219)
	at org.apache.ratis.grpc.server.GrpcServerProtocolService$1.process(GrpcServerProtocolService.java:216)
	at org.apache.ratis.grpc.server.GrpcServerProtocolService$ServerRequestStreamObserver.onNext(GrpcServerProtocolService.java:124)
	at org.apache.ratis.thirdparty.io.grpc.stub.ServerCalls$StreamingServerCallHandler$StreamingServerCallListener.onMessage(ServerCalls.java:262)
	at org.apache.ratis.thirdparty.io.grpc.ForwardingServerCallListener.onMessage(ForwardingServerCallListener.java:33)
	at org.apache.ratis.thirdparty.io.grpc.internal.ServerCallImpl$ServerStreamListenerImpl.messagesAvailableInternal(ServerCallImpl.java:332)
	at org.apache.ratis.thirdparty.io.grpc.internal.ServerCallImpl$ServerStreamListenerImpl.messagesAvailable(ServerCallImpl.java:315)
	at org.apache.ratis.thirdparty.io.grpc.internal.ServerImpl$JumpToApplicationThreadServerStreamListener$1MessagesAvailable.runInContext(ServerImpl.java:834)
	at org.apache.ratis.thirdparty.io.grpc.internal.ContextRunnable.run(ContextRunnable.java:37)
	at org.apache.ratis.thirdparty.io.grpc.internal.SerializingExecutor.run(SerializingExecutor.java:133)
	at java.base/java.util.concurrent.ThreadPoolExecutor.runWorker(ThreadPoolExecutor.java:1128)
	at java.base/java.util.concurrent.ThreadPoolExecutor$Worker.run(ThreadPoolExecutor.java:628)
	at java.base/java.lang.Thread.run(Thread.java:829)
2023-02-09 08:26:13,465 [grpc-default-executor-3] INFO  leader.FollowerInfo (FollowerInfoImpl.java:lambda$new$0(52)) - s1@group-5D8BFF2AC38C->s0: nextIndex: updateUnconditionally 258 -> 83
2023-02-09 08:26:13,466 [grpc-default-executor-3] WARN  server.GrpcServerProtocolService (LogUtils.java:warn(124)) - s0: Failed APPEND_ENTRIES request s1->s0#335-t2,previous=(t:1, i:82),leaderCommit=258,initializing? true,entries: size=176, first=(t:2, i:83), CONFIGURATIONENTRY(current:id: "s0"
address: "localhost:42371"
dataStreamAddress: "localhost:43129"
clientAddress: "localhost:36379"
adminAddress: "localhost:36531"
startupRole: FOLLOWER
,id: "s1"
address: "localhost:35679"
dataStreamAddress: "localhost:42433"
clientAddress: "localhost:41371"
adminAddress: "localhost:44855"
startupRole: FOLLOWER
,id: "s2"
address: "localhost:39787"
dataStreamAddress: "localhost:33651"
clientAddress: "localhost:41113"
adminAddress: "localhost:44467"
startupRole: FOLLOWER
, old:)
java.util.concurrent.CompletionException: java.util.concurrent.RejectedExecutionException: Task java.util.concurrent.CompletableFuture$AsyncSupply@50983e0c rejected from java.util.concurrent.ThreadPoolExecutor@4ecb30e4[Terminated, pool size = 0, active threads = 0, queued tasks = 0, completed tasks = 0]
	at java.base/java.util.concurrent.CompletableFuture.encodeThrowable(CompletableFuture.java:314)
	at java.base/java.util.concurrent.CompletableFuture.uniComposeStage(CompletableFuture.java:1113)
	at java.base/java.util.concurrent.CompletableFuture.thenCompose(CompletableFuture.java:2235)
	at org.apache.ratis.server.impl.RaftServerProxy.appendEntriesAsync(RaftServerProxy.java:634)
	at org.apache.ratis.grpc.server.GrpcServerProtocolService$1.process(GrpcServerProtocolService.java:219)
	at org.apache.ratis.grpc.server.GrpcServerProtocolService$1.process(GrpcServerProtocolService.java:216)
	at org.apache.ratis.grpc.server.GrpcServerProtocolService$ServerRequestStreamObserver.onNext(GrpcServerProtocolService.java:124)
	at org.apache.ratis.thirdparty.io.grpc.stub.ServerCalls$StreamingServerCallHandler$StreamingServerCallListener.onMessage(ServerCalls.java:262)
	at org.apache.ratis.thirdparty.io.grpc.ForwardingServerCallListener.onMessage(ForwardingServerCallListener.java:33)
	at org.apache.ratis.thirdparty.io.grpc.internal.ServerCallImpl$ServerStreamListenerImpl.messagesAvailableInternal(ServerCallImpl.java:332)
	at org.apache.ratis.thirdparty.io.grpc.internal.ServerCallImpl$ServerStreamListenerImpl.messagesAvailable(ServerCallImpl.java:315)
	at org.apache.ratis.thirdparty.io.grpc.internal.ServerImpl$JumpToApplicationThreadServerStreamListener$1MessagesAvailable.runInContext(ServerImpl.java:834)
	at org.apache.ratis.thirdparty.io.grpc.internal.ContextRunnable.run(ContextRunnable.java:37)
	at org.apache.ratis.thirdparty.io.grpc.internal.SerializingExecutor.run(SerializingExecutor.java:133)
	at java.base/java.util.concurrent.ThreadPoolExecutor.runWorker(ThreadPoolExecutor.java:1128)
	at java.base/java.util.concurrent.ThreadPoolExecutor$Worker.run(ThreadPoolExecutor.java:628)
	at java.base/java.lang.Thread.run(Thread.java:829)
Caused by: java.util.concurrent.RejectedExecutionException: Task java.util.concurrent.CompletableFuture$AsyncSupply@50983e0c rejected from java.util.concurrent.ThreadPoolExecutor@4ecb30e4[Terminated, pool size = 0, active threads = 0, queued tasks = 0, completed tasks = 0]
	at java.base/java.util.concurrent.ThreadPoolExecutor$AbortPolicy.rejectedExecution(ThreadPoolExecutor.java:2055)
	at java.base/java.util.concurrent.ThreadPoolExecutor.reject(ThreadPoolExecutor.java:825)
	at java.base/java.util.concurrent.ThreadPoolExecutor.execute(ThreadPoolExecutor.java:1355)
	at java.base/java.util.concurrent.CompletableFuture.asyncSupplyStage(CompletableFuture.java:1714)
	at java.base/java.util.concurrent.CompletableFuture.supplyAsync(CompletableFuture.java:1931)
	at org.apache.ratis.server.impl.RaftServerImpl.executeSubmitServerRequestAsync(RaftServerImpl.java:817)
	at org.apache.ratis.server.impl.RaftServerProxy.lambda$appendEntriesAsync$27(RaftServerProxy.java:634)
	at java.base/java.util.concurrent.CompletableFuture.uniComposeStage(CompletableFuture.java:1106)
	... 15 more
2023-02-09 08:26:13,467 [grpc-default-executor-3] WARN  server.GrpcLogAppender (LogUtils.java:warn(124)) - s1@group-5D8BFF2AC38C->s0-AppendLogResponseHandler: Failed appendEntries
java.util.concurrent.RejectedExecutionException: Task java.util.concurrent.CompletableFuture$AsyncSupply@50983e0c rejected from java.util.concurrent.ThreadPoolExecutor@4ecb30e4[Terminated, pool size = 0, active threads = 0, queued tasks = 0, completed tasks = 0]
	at java.base/java.util.concurrent.ThreadPoolExecutor$AbortPolicy.rejectedExecution(ThreadPoolExecutor.java:2055)
	at java.base/java.util.concurrent.ThreadPoolExecutor.reject(ThreadPoolExecutor.java:825)
	at java.base/java.util.concurrent.ThreadPoolExecutor.execute(ThreadPoolExecutor.java:1355)
	at java.base/java.util.concurrent.CompletableFuture.asyncSupplyStage(CompletableFuture.java:1714)
	at java.base/java.util.concurrent.CompletableFuture.supplyAsync(CompletableFuture.java:1931)
	at org.apache.ratis.server.impl.RaftServerImpl.executeSubmitServerRequestAsync(RaftServerImpl.java:817)
	at org.apache.ratis.server.impl.RaftServerProxy.lambda$appendEntriesAsync$27(RaftServerProxy.java:634)
	at java.base/java.util.concurrent.CompletableFuture.uniComposeStage(CompletableFuture.java:1106)
	at java.base/java.util.concurrent.CompletableFuture.thenCompose(CompletableFuture.java:2235)
	at org.apache.ratis.server.impl.RaftServerProxy.appendEntriesAsync(RaftServerProxy.java:634)
	at org.apache.ratis.grpc.server.GrpcServerProtocolService$1.process(GrpcServerProtocolService.java:219)
	at org.apache.ratis.grpc.server.GrpcServerProtocolService$1.process(GrpcServerProtocolService.java:216)
	at org.apache.ratis.grpc.server.GrpcServerProtocolService$ServerRequestStreamObserver.onNext(GrpcServerProtocolService.java:124)
	at org.apache.ratis.thirdparty.io.grpc.stub.ServerCalls$StreamingServerCallHandler$StreamingServerCallListener.onMessage(ServerCalls.java:262)
	at org.apache.ratis.thirdparty.io.grpc.ForwardingServerCallListener.onMessage(ForwardingServerCallListener.java:33)
	at org.apache.ratis.thirdparty.io.grpc.internal.ServerCallImpl$ServerStreamListenerImpl.messagesAvailableInternal(ServerCallImpl.java:332)
	at org.apache.ratis.thirdparty.io.grpc.internal.ServerCallImpl$ServerStreamListenerImpl.messagesAvailable(ServerCallImpl.java:315)
	at org.apache.ratis.thirdparty.io.grpc.internal.ServerImpl$JumpToApplicationThreadServerStreamListener$1MessagesAvailable.runInContext(ServerImpl.java:834)
	at org.apache.ratis.thirdparty.io.grpc.internal.ContextRunnable.run(ContextRunnable.java:37)
	at org.apache.ratis.thirdparty.io.grpc.internal.SerializingExecutor.run(SerializingExecutor.java:133)
	at java.base/java.util.concurrent.ThreadPoolExecutor.runWorker(ThreadPoolExecutor.java:1128)
	at java.base/java.util.concurrent.ThreadPoolExecutor$Worker.run(ThreadPoolExecutor.java:628)
	at java.base/java.lang.Thread.run(Thread.java:829)
2023-02-09 08:26:13,467 [grpc-default-executor-3] INFO  leader.FollowerInfo (FollowerInfoImpl.java:lambda$new$0(52)) - s1@group-5D8BFF2AC38C->s0: nextIndex: updateUnconditionally 259 -> 83
2023-02-09 08:26:13,473 [s1@group-5D8BFF2AC38C-StateMachineUpdater] INFO  impl.StateMachineUpdater (StateMachineUpdater.java:takeSnapshot(290)) - s1@group-5D8BFF2AC38C-StateMachineUpdater: Took a snapshot at index 255
2023-02-09 08:26:13,473 [s1@group-5D8BFF2AC38C-StateMachineUpdater] INFO  impl.StateMachineUpdater (StateMachineUpdater.java:lambda$new$0(96)) - s1@group-5D8BFF2AC38C-StateMachineUpdater: snapshotIndex: updateIncreasingly 191 -> 255
2023-02-09 08:26:13,473 [s1@group-5D8BFF2AC38C-StateMachineUpdater] INFO  impl.SimpleStateMachine4Testing (SimpleStateMachine4Testing.java:put(205)) - s1: put 257, m126 -> (t:2, i:257), STATEMACHINELOGENTRY, 512@client-F516C80A2025
2023-02-09 08:26:13,475 [Time-limited test] INFO  impl.MiniRaftCluster (MiniRaftCluster.java:runWithNewCluster(143)) - printing ALL groups
  s0:  RUNNING    LEADER s0@group-5D8BFF2AC38C:t1, leader=s0, voted=s0, raftlog=Memoized:s0@group-5D8BFF2AC38C-SegmentedRaftLog:CLOSED:c82, conf=0: peers:[s0|rpc:localhost:42371|admin:localhost:36531|client:localhost:36379|dataStream:localhost:43129|priority:0|startupRole:FOLLOWER, s1|rpc:localhost:35679|admin:localhost:44855|client:localhost:41371|dataStream:localhost:42433|priority:0|startupRole:FOLLOWER, s2|rpc:localhost:39787|admin:localhost:44467|client:localhost:41113|dataStream:localhost:33651|priority:0|startupRole:FOLLOWER]|listeners:[], old=null CLOSED
  s1:  RUNNING    LEADER s1@group-5D8BFF2AC38C:t2, leader=s1, voted=s1, raftlog=Memoized:s1@group-5D8BFF2AC38C-SegmentedRaftLog:OPENED:c258, conf=83: peers:[s0|rpc:localhost:42371|admin:localhost:36531|client:localhost:36379|dataStream:localhost:43129|priority:0|startupRole:FOLLOWER, s1|rpc:localhost:35679|admin:localhost:44855|client:localhost:41371|dataStream:localhost:42433|priority:0|startupRole:FOLLOWER, s2|rpc:localhost:39787|admin:localhost:44467|client:localhost:41113|dataStream:localhost:33651|priority:0|startupRole:FOLLOWER]|listeners:[], old=null RUNNING
  s2:  RUNNING  FOLLOWER s2@group-5D8BFF2AC38C:t2, leader=s1, voted=s1, raftlog=Memoized:s2@group-5D8BFF2AC38C-SegmentedRaftLog:OPENED:c257, conf=83: peers:[s0|rpc:localhost:42371|admin:localhost:36531|client:localhost:36379|dataStream:localhost:43129|priority:0|startupRole:FOLLOWER, s1|rpc:localhost:35679|admin:localhost:44855|client:localhost:41371|dataStream:localhost:42433|priority:0|startupRole:FOLLOWER, s2|rpc:localhost:39787|admin:localhost:44467|client:localhost:41113|dataStream:localhost:33651|priority:0|startupRole:FOLLOWER]|listeners:[], old=null RUNNING
2023-02-09 08:26:13,475 [Time-limited test] ERROR impl.MiniRaftCluster (MiniRaftCluster.java:runWithNewCluster(144)) - Failed org.apache.ratis.server.impl.MiniRaftCluster$Factory$Get.runWithNewCluster(MiniRaftCluster.java:121)
java.lang.IllegalStateException: s0@group-5D8BFF2AC38C-SegmentedRaftLog is expected to be opened but it is CLOSED
	at org.apache.ratis.util.OpenCloseState.assertOpen(OpenCloseState.java:63)
	at org.apache.ratis.server.raftlog.RaftLogBase.checkLogState(RaftLogBase.java:111)
	at org.apache.ratis.server.raftlog.segmented.SegmentedRaftLog.getLastEntryTermIndex(SegmentedRaftLog.java:341)
	at org.apache.ratis.server.raftlog.RaftLog.getNextIndex(RaftLog.java:83)
	at org.apache.ratis.InstallSnapshotNotificationTests.testRestartFollower(InstallSnapshotNotificationTests.java:272)
	at org.apache.ratis.server.impl.MiniRaftCluster$Factory$Get.runWithNewCluster(MiniRaftCluster.java:141)
	at org.apache.ratis.server.impl.MiniRaftCluster$Factory$Get.runWithNewCluster(MiniRaftCluster.java:121)
	at org.apache.ratis.InstallSnapshotNotificationTests.testRestartFollower(InstallSnapshotNotificationTests.java:255)
	at java.base/jdk.internal.reflect.NativeMethodAccessorImpl.invoke0(Native Method)
	at java.base/jdk.internal.reflect.NativeMethodAccessorImpl.invoke(NativeMethodAccessorImpl.java:62)
	at java.base/jdk.internal.reflect.DelegatingMethodAccessorImpl.invoke(DelegatingMethodAccessorImpl.java:43)
	at java.base/java.lang.reflect.Method.invoke(Method.java:566)
	at org.junit.runners.model.FrameworkMethod$1.runReflectiveCall(FrameworkMethod.java:59)
	at org.junit.internal.runners.model.ReflectiveCallable.run(ReflectiveCallable.java:12)
	at org.junit.runners.model.FrameworkMethod.invokeExplosively(FrameworkMethod.java:56)
	at org.junit.internal.runners.statements.InvokeMethod.evaluate(InvokeMethod.java:17)
	at org.junit.internal.runners.statements.RunAfters.evaluate(RunAfters.java:27)
	at org.junit.internal.runners.statements.FailOnTimeout$CallableStatement.call(FailOnTimeout.java:299)
	at org.junit.internal.runners.statements.FailOnTimeout$CallableStatement.call(FailOnTimeout.java:293)
	at java.base/java.util.concurrent.FutureTask.run(FutureTask.java:264)
	at java.base/java.lang.Thread.run(Thread.java:829)
Caused by: org.apache.ratis.util.OpenCloseState$CloseTrace: Close s0@group-5D8BFF2AC38C-SegmentedRaftLog
	at org.apache.ratis.util.OpenCloseState.lambda$close$1(OpenCloseState.java:109)
	at java.base/java.util.concurrent.atomic.AtomicReference.getAndUpdate(AtomicReference.java:187)
	at org.apache.ratis.util.OpenCloseState.close(OpenCloseState.java:109)
	at org.apache.ratis.server.raftlog.RaftLogBase.close(RaftLogBase.java:365)
	at org.apache.ratis.server.raftlog.segmented.SegmentedRaftLog.close(SegmentedRaftLog.java:505)
	at org.apache.ratis.server.impl.ServerState.close(ServerState.java:418)
	at org.apache.ratis.server.impl.RaftServerImpl.lambda$close$4(RaftServerImpl.java:488)
	at org.apache.ratis.util.LifeCycle.lambda$checkStateAndClose$4(LifeCycle.java:299)
	at org.apache.ratis.util.LifeCycle.checkStateAndClose(LifeCycle.java:319)
	at org.apache.ratis.util.LifeCycle.checkStateAndClose(LifeCycle.java:297)
	at org.apache.ratis.server.impl.RaftServerImpl.close(RaftServerImpl.java:465)
	at org.apache.ratis.server.impl.StateMachineUpdater.run(StateMachineUpdater.java:196)
	... 1 more
2023-02-09 08:26:13,475 [Time-limited test] INFO  impl.MiniRaftCluster (MiniRaftCluster.java:shutdown(831)) - ************************************************************** 
2023-02-09 08:26:13,476 [Time-limited test] INFO  impl.MiniRaftCluster (MiniRaftCluster.java:shutdown(832)) - *** 
2023-02-09 08:26:13,476 [Time-limited test] INFO  impl.MiniRaftCluster (MiniRaftCluster.java:shutdown(833)) - ***     Stopping MiniRaftClusterWithGrpc
2023-02-09 08:26:13,476 [Time-limited test] INFO  impl.MiniRaftCluster (MiniRaftCluster.java:shutdown(834)) - *** 
2023-02-09 08:26:13,476 [Time-limited test] INFO  impl.MiniRaftCluster (MiniRaftCluster.java:shutdown(835)) - ************************************************************** 
2023-02-09 08:26:13,476 [Time-limited test] INFO  impl.MiniRaftCluster (MiniRaftCluster.java:shutdown(836)) - printing ALL groups
  s0:  RUNNING    LEADER s0@group-5D8BFF2AC38C:t1, leader=s0, voted=s0, raftlog=Memoized:s0@group-5D8BFF2AC38C-SegmentedRaftLog:CLOSED:c82, conf=0: peers:[s0|rpc:localhost:42371|admin:localhost:36531|client:localhost:36379|dataStream:localhost:43129|priority:0|startupRole:FOLLOWER, s1|rpc:localhost:35679|admin:localhost:44855|client:localhost:41371|dataStream:localhost:42433|priority:0|startupRole:FOLLOWER, s2|rpc:localhost:39787|admin:localhost:44467|client:localhost:41113|dataStream:localhost:33651|priority:0|startupRole:FOLLOWER]|listeners:[], old=null CLOSED
  s1:  RUNNING    LEADER s1@group-5D8BFF2AC38C:t2, leader=s1, voted=s1, raftlog=Memoized:s1@group-5D8BFF2AC38C-SegmentedRaftLog:OPENED:c258, conf=83: peers:[s0|rpc:localhost:42371|admin:localhost:36531|client:localhost:36379|dataStream:localhost:43129|priority:0|startupRole:FOLLOWER, s1|rpc:localhost:35679|admin:localhost:44855|client:localhost:41371|dataStream:localhost:42433|priority:0|startupRole:FOLLOWER, s2|rpc:localhost:39787|admin:localhost:44467|client:localhost:41113|dataStream:localhost:33651|priority:0|startupRole:FOLLOWER]|listeners:[], old=null RUNNING
  s2:  RUNNING  FOLLOWER s2@group-5D8BFF2AC38C:t2, leader=s1, voted=s1, raftlog=Memoized:s2@group-5D8BFF2AC38C-SegmentedRaftLog:OPENED:c257, conf=83: peers:[s0|rpc:localhost:42371|admin:localhost:36531|client:localhost:36379|dataStream:localhost:43129|priority:0|startupRole:FOLLOWER, s1|rpc:localhost:35679|admin:localhost:44855|client:localhost:41371|dataStream:localhost:42433|priority:0|startupRole:FOLLOWER, s2|rpc:localhost:39787|admin:localhost:44467|client:localhost:41113|dataStream:localhost:33651|priority:0|startupRole:FOLLOWER]|listeners:[], old=null RUNNING
2023-02-09 08:26:13,476 [MiniRaftCluster-22] INFO  server.RaftServer (RaftServerProxy.java:lambda$close$7(412)) - s1: close
2023-02-09 08:26:13,477 [MiniRaftCluster-23] INFO  server.RaftServer (RaftServerProxy.java:lambda$close$7(412)) - s2: close
2023-02-09 08:26:13,477 [MiniRaftCluster-22] INFO  server.GrpcService (GrpcService.java:closeImpl(311)) - s1: shutdown server org.apache.ratis.grpc.server.GrpcClientProtocolService now
2023-02-09 08:26:13,477 [s1-impl-thread2] INFO  server.RaftServer$Division (RaftServerImpl.java:lambda$close$4(466)) - s1@group-5D8BFF2AC38C: shutdown
2023-02-09 08:26:13,478 [s1-impl-thread2] INFO  util.JmxRegister (JmxRegister.java:unregister(73)) - Successfully un-registered JMX Bean with object name Ratis:service=RaftServer,group=group-5D8BFF2AC38C,id=s1
2023-02-09 08:26:13,478 [s1-impl-thread2] INFO  impl.RoleInfo (RoleInfo.java:shutdownLeaderState(93)) - s1: shutdown s1@group-5D8BFF2AC38C-LeaderStateImpl
2023-02-09 08:26:13,478 [s1@group-5D8BFF2AC38C->s0-GrpcLogAppender-LogAppenderDaemon] WARN  server.GrpcLogAppender (GrpcLogAppender.java:mayWait(198)) - s1@group-5D8BFF2AC38C->s0-GrpcLogAppender: Wait interrupted by java.lang.InterruptedException
2023-02-09 08:26:13,478 [s1@group-5D8BFF2AC38C->s2-GrpcLogAppender-LogAppenderDaemon] WARN  server.GrpcLogAppender (GrpcLogAppender.java:mayWait(198)) - s1@group-5D8BFF2AC38C->s2-GrpcLogAppender: Wait interrupted by java.lang.InterruptedException
2023-02-09 08:26:13,478 [s2@group-5D8BFF2AC38C-StateMachineUpdater] INFO  impl.StateMachineUpdater (StateMachineUpdater.java:takeSnapshot(290)) - s2@group-5D8BFF2AC38C-StateMachineUpdater: Took a snapshot at index 255
2023-02-09 08:26:13,478 [s2@group-5D8BFF2AC38C-StateMachineUpdater] INFO  impl.StateMachineUpdater (StateMachineUpdater.java:lambda$new$0(96)) - s2@group-5D8BFF2AC38C-StateMachineUpdater: snapshotIndex: updateIncreasingly 191 -> 255
2023-02-09 08:26:13,478 [s2@group-5D8BFF2AC38C-StateMachineUpdater] INFO  impl.SimpleStateMachine4Testing (SimpleStateMachine4Testing.java:put(205)) - s2: put 257, m126 -> (t:2, i:257), STATEMACHINELOGENTRY, 512@client-F516C80A2025
2023-02-09 08:26:13,479 [grpc-default-executor-7] INFO  server.GrpcServerProtocolService (GrpcServerProtocolService.java:onCompleted(143)) - s2: Completed APPEND_ENTRIES, lastRequest: null
2023-02-09 08:26:13,479 [grpc-default-executor-7] INFO  server.GrpcLogAppender (GrpcLogAppender.java:onCompleted(412)) - s1@group-5D8BFF2AC38C->s2-AppendLogResponseHandler: follower responses appendEntries COMPLETED
2023-02-09 08:26:13,479 [grpc-default-executor-7] INFO  leader.FollowerInfo (FollowerInfoImpl.java:lambda$new$0(52)) - s1@group-5D8BFF2AC38C->s2: nextIndex: updateUnconditionally 259 -> 258
2023-02-09 08:26:13,482 [MiniRaftCluster-23] INFO  server.GrpcService (GrpcService.java:closeImpl(311)) - s2: shutdown server org.apache.ratis.grpc.server.GrpcClientProtocolService now
2023-02-09 08:26:13,477 [MiniRaftCluster-21] INFO  server.RaftServer (RaftServerProxy.java:lambda$close$7(412)) - s0: close
2023-02-09 08:26:13,486 [MiniRaftCluster-23] INFO  server.GrpcServerProtocolClient (GrpcServerProtocolClient.java:close(101)) - s0 Close channels
2023-02-09 08:26:13,485 [MiniRaftCluster-22] INFO  server.GrpcServerProtocolClient (GrpcServerProtocolClient.java:close(101)) - s0 Close channels
2023-02-09 08:26:13,486 [s2-impl-thread2] INFO  server.RaftServer$Division (RaftServerImpl.java:lambda$close$4(466)) - s2@group-5D8BFF2AC38C: shutdown
2023-02-09 08:26:13,478 [s1-impl-thread2] INFO  impl.PendingRequests (PendingRequests.java:sendNotLeaderResponses(282)) - s1@group-5D8BFF2AC38C-PendingRequests: sendNotLeaderResponses
2023-02-09 08:26:13,478 [grpc-default-executor-3] INFO  server.GrpcServerProtocolService (GrpcServerProtocolService.java:onCompleted(143)) - s2: Completed APPEND_ENTRIES, lastRequest: s1->s2#334-t2,previous=(t:2, i:257),leaderCommit=257,initializing? true,entries: size=1, first=(t:2, i:258), METADATAENTRY(c:257)
2023-02-09 08:26:13,487 [s2-impl-thread2] INFO  util.JmxRegister (JmxRegister.java:unregister(73)) - Successfully un-registered JMX Bean with object name Ratis:service=RaftServer,group=group-5D8BFF2AC38C,id=s2
2023-02-09 08:26:13,487 [s2-impl-thread2] INFO  impl.RoleInfo (RoleInfo.java:shutdownFollowerState(110)) - s2: shutdown s2@group-5D8BFF2AC38C-FollowerState
2023-02-09 08:26:13,487 [s2@group-5D8BFF2AC38C-FollowerState] INFO  impl.FollowerState (FollowerState.java:run(152)) - s2@group-5D8BFF2AC38C-FollowerState was interrupted
2023-02-09 08:26:13,487 [grpc-default-executor-7] INFO  server.GrpcLogAppender (GrpcLogAppender.java:onCompleted(412)) - s1@group-5D8BFF2AC38C->s2-AppendLogResponseHandler: follower responses appendEntries COMPLETED
2023-02-09 08:26:13,487 [grpc-default-executor-7] INFO  leader.FollowerInfo (FollowerInfoImpl.java:lambda$new$0(52)) - s1@group-5D8BFF2AC38C->s2: nextIndex: updateUnconditionally 258 -> 257
2023-02-09 08:26:13,491 [s2-impl-thread2] INFO  impl.StateMachineUpdater (StateMachineUpdater.java:stopAndJoin(154)) - s2@group-5D8BFF2AC38C-StateMachineUpdater: set stopIndex = 257
2023-02-09 08:26:13,494 [MiniRaftCluster-23] INFO  server.GrpcServerProtocolClient (GrpcServerProtocolClient.java:close(101)) - s1 Close channels
2023-02-09 08:26:13,495 [MiniRaftCluster-23] INFO  server.GrpcService (GrpcService.java:closeImpl(320)) - s2: shutdown server org.apache.ratis.grpc.server.GrpcClientProtocolService successfully
2023-02-09 08:26:13,495 [MiniRaftCluster-23] INFO  server.GrpcService (GrpcService.java:closeImpl(311)) - s2: shutdown server GrpcServerProtocolService now
2023-02-09 08:26:13,495 [MiniRaftCluster-21] INFO  server.GrpcService (GrpcService.java:closeImpl(311)) - s0: shutdown server org.apache.ratis.grpc.server.GrpcClientProtocolService now
2023-02-09 08:26:13,495 [s1-impl-thread2] INFO  impl.StateMachineUpdater (StateMachineUpdater.java:stopAndJoin(154)) - s1@group-5D8BFF2AC38C-StateMachineUpdater: set stopIndex = 258
2023-02-09 08:26:13,499 [ForkJoinPool.commonPool-worker-3] INFO  server.GrpcServerProtocolClient (GrpcServerProtocolClient.java:close(101)) - s1 Close channels
2023-02-09 08:26:13,502 [ForkJoinPool.commonPool-worker-3] INFO  server.GrpcServerProtocolClient (GrpcServerProtocolClient.java:close(101)) - s2 Close channels
2023-02-09 08:26:13,502 [MiniRaftCluster-21] INFO  server.GrpcService (GrpcService.java:closeImpl(320)) - s0: shutdown server org.apache.ratis.grpc.server.GrpcClientProtocolService successfully
2023-02-09 08:26:13,502 [MiniRaftCluster-21] INFO  server.GrpcService (GrpcService.java:closeImpl(311)) - s0: shutdown server GrpcServerProtocolService now
2023-02-09 08:26:13,502 [MiniRaftCluster-23] INFO  server.GrpcService (GrpcService.java:closeImpl(320)) - s2: shutdown server GrpcServerProtocolService successfully
2023-02-09 08:26:13,502 [MiniRaftCluster-23] INFO  server.GrpcService (GrpcService.java:closeImpl(311)) - s2: shutdown server org.apache.ratis.grpc.server.GrpcAdminProtocolService now
2023-02-09 08:26:13,503 [grpc-default-executor-3] WARN  server.GrpcServerProtocolService (LogUtils.java:warn(122)) - s0: installSnapshot onError, lastRequest: null: org.apache.ratis.thirdparty.io.grpc.StatusRuntimeException: CANCELLED: client cancelled
2023-02-09 08:26:13,503 [grpc-default-executor-5] WARN  server.GrpcServerProtocolService (LogUtils.java:warn(122)) - s0: installSnapshot onError, lastRequest: null: org.apache.ratis.thirdparty.io.grpc.StatusRuntimeException: CANCELLED: client cancelled
2023-02-09 08:26:13,503 [grpc-default-executor-8] WARN  server.GrpcServerProtocolService (LogUtils.java:warn(122)) - s0: installSnapshot onError, lastRequest: null: org.apache.ratis.thirdparty.io.grpc.StatusRuntimeException: CANCELLED: client cancelled
2023-02-09 08:26:13,506 [grpc-default-executor-2] WARN  server.GrpcServerProtocolService (LogUtils.java:warn(122)) - s0: installSnapshot onError, lastRequest: null: org.apache.ratis.thirdparty.io.grpc.StatusRuntimeException: CANCELLED: client cancelled
2023-02-09 08:26:13,506 [grpc-default-executor-5] WARN  server.GrpcServerProtocolService (LogUtils.java:warn(122)) - s0: installSnapshot onError, lastRequest: null: org.apache.ratis.thirdparty.io.grpc.StatusRuntimeException: CANCELLED: client cancelled
2023-02-09 08:26:13,506 [grpc-default-executor-9] WARN  server.GrpcServerProtocolService (LogUtils.java:warn(122)) - s0: installSnapshot onError, lastRequest: null: org.apache.ratis.thirdparty.io.grpc.StatusRuntimeException: CANCELLED: client cancelled
2023-02-09 08:26:13,506 [grpc-default-executor-11] WARN  server.GrpcServerProtocolService (LogUtils.java:warn(122)) - s0: installSnapshot onError, lastRequest: null: org.apache.ratis.thirdparty.io.grpc.StatusRuntimeException: CANCELLED: client cancelled
2023-02-09 08:26:13,506 [grpc-default-executor-9] WARN  server.GrpcServerProtocolService (LogUtils.java:warn(122)) - s0: installSnapshot onError, lastRequest: null: org.apache.ratis.thirdparty.io.grpc.StatusRuntimeException: CANCELLED: client cancelled
2023-02-09 08:26:13,506 [grpc-default-executor-5] WARN  server.GrpcServerProtocolService (LogUtils.java:warn(122)) - s0: installSnapshot onError, lastRequest: null: org.apache.ratis.thirdparty.io.grpc.StatusRuntimeException: CANCELLED: client cancelled
2023-02-09 08:26:13,506 [grpc-default-executor-2] WARN  server.GrpcServerProtocolService (LogUtils.java:warn(122)) - s0: installSnapshot onError, lastRequest: null: org.apache.ratis.thirdparty.io.grpc.StatusRuntimeException: CANCELLED: client cancelled
2023-02-09 08:26:13,506 [grpc-default-executor-11] WARN  server.GrpcServerProtocolService (LogUtils.java:warn(122)) - s0: installSnapshot onError, lastRequest: null: org.apache.ratis.thirdparty.io.grpc.StatusRuntimeException: CANCELLED: client cancelled
2023-02-09 08:26:13,508 [s1@group-5D8BFF2AC38C-StateMachineUpdater] INFO  impl.StateMachineUpdater (StateMachineUpdater.java:takeSnapshot(290)) - s1@group-5D8BFF2AC38C-StateMachineUpdater: Took a snapshot at index 258
2023-02-09 08:26:13,508 [s1@group-5D8BFF2AC38C-StateMachineUpdater] INFO  impl.StateMachineUpdater (StateMachineUpdater.java:lambda$new$0(96)) - s1@group-5D8BFF2AC38C-StateMachineUpdater: snapshotIndex: updateIncreasingly 255 -> 258
2023-02-09 08:26:13,509 [s1@group-5D8BFF2AC38C-StateMachineUpdater] INFO  raftlog.RaftLog (RaftLogBase.java:purge(314)) - s1@group-5D8BFF2AC38C-SegmentedRaftLog: purge 258
2023-02-09 08:26:13,509 [s1@group-5D8BFF2AC38C-StateMachineUpdater] INFO  raftlog.RaftLog (RaftLogBase.java:lambda$new$0(53)) - s1@group-5D8BFF2AC38C-SegmentedRaftLog: snapshotIndex: updateIncreasingly 127 -> 258
2023-02-09 08:26:13,509 [s1@group-5D8BFF2AC38C-StateMachineUpdater] DEBUG raftlog.RaftLog (SegmentedRaftLog.java:purgeImpl(366)) - purging segments:toTruncate: null
  toDelete: [(79, 82) isOpen? false, length=0, newEndIndex=0, (83, 105) isOpen? false, length=0, newEndIndex=0, (106, 133) isOpen? false, length=0, newEndIndex=0, (134, 160) isOpen? false, length=0, newEndIndex=0, (161, 187) isOpen? false, length=0, newEndIndex=0, (188, 214) isOpen? false, length=0, newEndIndex=0, (215, 240) isOpen? false, length=0, newEndIndex=0]
2023-02-09 08:26:13,509 [s1@group-5D8BFF2AC38C-SegmentedRaftLogWorker] TRACE util.FileUtils (LogUtils.java:runAndLog(49)) - Successfully ran Files.delete /home/runner/work/ratis/ratis/ratis-test/target/test/data/ca75353f/MiniRaftClusterWithGrpc52e54005/s1/d26acf42-c6a3-40ef-b2da-5d8bff2ac38c/current/log_79-82
2023-02-09 08:26:13,509 [s1@group-5D8BFF2AC38C-SegmentedRaftLogWorker] TRACE util.FileUtils (LogUtils.java:runAndLog(49)) - Successfully ran Files.delete /home/runner/work/ratis/ratis/ratis-test/target/test/data/ca75353f/MiniRaftClusterWithGrpc52e54005/s1/d26acf42-c6a3-40ef-b2da-5d8bff2ac38c/current/log_83-105
2023-02-09 08:26:13,509 [s1@group-5D8BFF2AC38C-SegmentedRaftLogWorker] TRACE util.FileUtils (LogUtils.java:runAndLog(49)) - Successfully ran Files.delete /home/runner/work/ratis/ratis/ratis-test/target/test/data/ca75353f/MiniRaftClusterWithGrpc52e54005/s1/d26acf42-c6a3-40ef-b2da-5d8bff2ac38c/current/log_106-133
2023-02-09 08:26:13,509 [s1@group-5D8BFF2AC38C-SegmentedRaftLogWorker] TRACE util.FileUtils (LogUtils.java:runAndLog(49)) - Successfully ran Files.delete /home/runner/work/ratis/ratis/ratis-test/target/test/data/ca75353f/MiniRaftClusterWithGrpc52e54005/s1/d26acf42-c6a3-40ef-b2da-5d8bff2ac38c/current/log_134-160
2023-02-09 08:26:13,509 [s1@group-5D8BFF2AC38C-SegmentedRaftLogWorker] TRACE util.FileUtils (LogUtils.java:runAndLog(49)) - Successfully ran Files.delete /home/runner/work/ratis/ratis/ratis-test/target/test/data/ca75353f/MiniRaftClusterWithGrpc52e54005/s1/d26acf42-c6a3-40ef-b2da-5d8bff2ac38c/current/log_161-187
2023-02-09 08:26:13,509 [s1@group-5D8BFF2AC38C-SegmentedRaftLogWorker] TRACE util.FileUtils (LogUtils.java:runAndLog(49)) - Successfully ran Files.delete /home/runner/work/ratis/ratis/ratis-test/target/test/data/ca75353f/MiniRaftClusterWithGrpc52e54005/s1/d26acf42-c6a3-40ef-b2da-5d8bff2ac38c/current/log_188-214
2023-02-09 08:26:13,509 [s1@group-5D8BFF2AC38C-SegmentedRaftLogWorker] TRACE util.FileUtils (LogUtils.java:runAndLog(49)) - Successfully ran Files.delete /home/runner/work/ratis/ratis/ratis-test/target/test/data/ca75353f/MiniRaftClusterWithGrpc52e54005/s1/d26acf42-c6a3-40ef-b2da-5d8bff2ac38c/current/log_215-240
2023-02-09 08:26:13,509 [s1@group-5D8BFF2AC38C-SegmentedRaftLogWorker] INFO  raftlog.RaftLog (RaftLogBase.java:lambda$new$0(53)) - s1@group-5D8BFF2AC38C-SegmentedRaftLog: purgeIndex: updateToMax old=78, new=240, updated? true
2023-02-09 08:26:13,509 [s1-impl-thread2] INFO  server.RaftServer$Division (ServerState.java:close(414)) - s1@group-5D8BFF2AC38C: applyIndex: 258
2023-02-09 08:26:13,510 [s1@group-5D8BFF2AC38C-SegmentedRaftLogWorker] INFO  segmented.SegmentedRaftLogWorker (SegmentedRaftLogWorker.java:run(334)) - s1@group-5D8BFF2AC38C-SegmentedRaftLogWorker was interrupted, exiting. There are 0 tasks remaining in the queue.
2023-02-09 08:26:13,510 [grpc-default-executor-3] WARN  server.GrpcServerProtocolService (LogUtils.java:warn(122)) - s0: installSnapshot onError, lastRequest: null: org.apache.ratis.thirdparty.io.grpc.StatusRuntimeException: CANCELLED: client cancelled
2023-02-09 08:26:13,510 [grpc-default-executor-2] WARN  server.GrpcServerProtocolService (LogUtils.java:warn(122)) - s0: installSnapshot onError, lastRequest: null: org.apache.ratis.thirdparty.io.grpc.StatusRuntimeException: CANCELLED: client cancelled
2023-02-09 08:26:13,510 [grpc-default-executor-11] WARN  server.GrpcServerProtocolService (LogUtils.java:warn(122)) - s0: installSnapshot onError, lastRequest: null: org.apache.ratis.thirdparty.io.grpc.StatusRuntimeException: CANCELLED: client cancelled
2023-02-09 08:26:13,510 [grpc-default-executor-13] WARN  server.GrpcServerProtocolService (LogUtils.java:warn(122)) - s0: installSnapshot onError, lastRequest: null: org.apache.ratis.thirdparty.io.grpc.StatusRuntimeException: CANCELLED: client cancelled
2023-02-09 08:26:13,511 [grpc-default-executor-9] WARN  server.GrpcServerProtocolService (LogUtils.java:warn(122)) - s0: installSnapshot onError, lastRequest: null: org.apache.ratis.thirdparty.io.grpc.StatusRuntimeException: CANCELLED: client cancelled
2023-02-09 08:26:13,511 [grpc-default-executor-5] WARN  server.GrpcServerProtocolService (LogUtils.java:warn(122)) - s0: installSnapshot onError, lastRequest: null: org.apache.ratis.thirdparty.io.grpc.StatusRuntimeException: CANCELLED: client cancelled
2023-02-09 08:26:13,511 [grpc-default-executor-2] WARN  server.GrpcServerProtocolService (LogUtils.java:warn(122)) - s0: installSnapshot onError, lastRequest: null: org.apache.ratis.thirdparty.io.grpc.StatusRuntimeException: CANCELLED: client cancelled
2023-02-09 08:26:13,511 [grpc-default-executor-7] WARN  server.GrpcServerProtocolService (LogUtils.java:warn(122)) - s0: installSnapshot onError, lastRequest: null: org.apache.ratis.thirdparty.io.grpc.StatusRuntimeException: CANCELLED: client cancelled
2023-02-09 08:26:13,511 [grpc-default-executor-12] WARN  server.GrpcServerProtocolService (LogUtils.java:warn(122)) - s0: installSnapshot onError, lastRequest: null: org.apache.ratis.thirdparty.io.grpc.StatusRuntimeException: CANCELLED: client cancelled
2023-02-09 08:26:13,511 [grpc-default-executor-14] WARN  server.GrpcServerProtocolService (LogUtils.java:warn(122)) - s0: installSnapshot onError, lastRequest: null: org.apache.ratis.thirdparty.io.grpc.StatusRuntimeException: CANCELLED: client cancelled
2023-02-09 08:26:13,514 [grpc-default-executor-7] WARN  server.GrpcServerProtocolService (LogUtils.java:warn(122)) - s0: installSnapshot onError, lastRequest: null: org.apache.ratis.thirdparty.io.grpc.StatusRuntimeException: CANCELLED: client cancelled
2023-02-09 08:26:13,514 [grpc-default-executor-12] WARN  server.GrpcServerProtocolService (LogUtils.java:warn(122)) - s0: installSnapshot onError, lastRequest: null: org.apache.ratis.thirdparty.io.grpc.StatusRuntimeException: CANCELLED: client cancelled
2023-02-09 08:26:13,514 [grpc-default-executor-14] WARN  server.GrpcServerProtocolService (LogUtils.java:warn(122)) - s0: installSnapshot onError, lastRequest: null: org.apache.ratis.thirdparty.io.grpc.StatusRuntimeException: CANCELLED: client cancelled
2023-02-09 08:26:13,515 [grpc-default-executor-9] WARN  server.GrpcServerProtocolService (LogUtils.java:warn(122)) - s0: installSnapshot onError, lastRequest: null: org.apache.ratis.thirdparty.io.grpc.StatusRuntimeException: CANCELLED: client cancelled
2023-02-09 08:26:13,515 [grpc-default-executor-3] WARN  server.GrpcServerProtocolService (LogUtils.java:warn(122)) - s0: installSnapshot onError, lastRequest: null: org.apache.ratis.thirdparty.io.grpc.StatusRuntimeException: CANCELLED: client cancelled
2023-02-09 08:26:13,515 [grpc-default-executor-3] WARN  server.GrpcServerProtocolService (LogUtils.java:warn(122)) - s0: installSnapshot onError, lastRequest: null: org.apache.ratis.thirdparty.io.grpc.StatusRuntimeException: CANCELLED: client cancelled
2023-02-09 08:26:13,515 [grpc-default-executor-9] WARN  server.GrpcServerProtocolService (LogUtils.java:warn(122)) - s0: installSnapshot onError, lastRequest: null: org.apache.ratis.thirdparty.io.grpc.StatusRuntimeException: CANCELLED: client cancelled
2023-02-09 08:26:13,515 [grpc-default-executor-2] WARN  server.GrpcServerProtocolService (LogUtils.java:warn(122)) - s0: installSnapshot onError, lastRequest: null: org.apache.ratis.thirdparty.io.grpc.StatusRuntimeException: CANCELLED: client cancelled
2023-02-09 08:26:13,515 [grpc-default-executor-12] WARN  server.GrpcServerProtocolService (LogUtils.java:warn(122)) - s0: installSnapshot onError, lastRequest: null: org.apache.ratis.thirdparty.io.grpc.StatusRuntimeException: CANCELLED: client cancelled
2023-02-09 08:26:13,515 [grpc-default-executor-15] WARN  server.GrpcServerProtocolService (LogUtils.java:warn(122)) - s0: installSnapshot onError, lastRequest: null: org.apache.ratis.thirdparty.io.grpc.StatusRuntimeException: CANCELLED: client cancelled
2023-02-09 08:26:13,515 [grpc-default-executor-11] WARN  server.GrpcServerProtocolService (LogUtils.java:warn(122)) - s0: installSnapshot onError, lastRequest: null: org.apache.ratis.thirdparty.io.grpc.StatusRuntimeException: CANCELLED: client cancelled
2023-02-09 08:26:13,516 [grpc-default-executor-2] WARN  server.GrpcServerProtocolService (LogUtils.java:warn(122)) - s0: installSnapshot onError, lastRequest: null: org.apache.ratis.thirdparty.io.grpc.StatusRuntimeException: CANCELLED: client cancelled
2023-02-09 08:26:13,516 [grpc-default-executor-5] WARN  server.GrpcServerProtocolService (LogUtils.java:warn(122)) - s0: installSnapshot onError, lastRequest: null: org.apache.ratis.thirdparty.io.grpc.StatusRuntimeException: CANCELLED: client cancelled
2023-02-09 08:26:13,516 [grpc-default-executor-13] WARN  server.GrpcServerProtocolService (LogUtils.java:warn(122)) - s0: installSnapshot onError, lastRequest: null: org.apache.ratis.thirdparty.io.grpc.StatusRuntimeException: CANCELLED: client cancelled
2023-02-09 08:26:13,516 [grpc-default-executor-15] WARN  server.GrpcServerProtocolService (LogUtils.java:warn(122)) - s0: installSnapshot onError, lastRequest: null: org.apache.ratis.thirdparty.io.grpc.StatusRuntimeException: CANCELLED: client cancelled
2023-02-09 08:26:13,516 [grpc-default-executor-17] WARN  server.GrpcServerProtocolService (LogUtils.java:warn(122)) - s0: installSnapshot onError, lastRequest: null: org.apache.ratis.thirdparty.io.grpc.StatusRuntimeException: CANCELLED: client cancelled
2023-02-09 08:26:13,516 [grpc-default-executor-5] WARN  server.GrpcServerProtocolService (LogUtils.java:warn(122)) - s0: installSnapshot onError, lastRequest: null: org.apache.ratis.thirdparty.io.grpc.StatusRuntimeException: CANCELLED: client cancelled
2023-02-09 08:26:13,516 [grpc-default-executor-2] WARN  server.GrpcServerProtocolService (LogUtils.java:warn(122)) - s0: installSnapshot onError, lastRequest: null: org.apache.ratis.thirdparty.io.grpc.StatusRuntimeException: CANCELLED: client cancelled
2023-02-09 08:26:13,516 [grpc-default-executor-11] WARN  server.GrpcServerProtocolService (LogUtils.java:warn(122)) - s0: installSnapshot onError, lastRequest: null: org.apache.ratis.thirdparty.io.grpc.StatusRuntimeException: CANCELLED: client cancelled
2023-02-09 08:26:13,516 [grpc-default-executor-12] WARN  server.GrpcServerProtocolService (LogUtils.java:warn(122)) - s0: installSnapshot onError, lastRequest: null: org.apache.ratis.thirdparty.io.grpc.StatusRuntimeException: CANCELLED: client cancelled
2023-02-09 08:26:13,516 [grpc-default-executor-14] WARN  server.GrpcServerProtocolService (LogUtils.java:warn(122)) - s0: installSnapshot onError, lastRequest: null: org.apache.ratis.thirdparty.io.grpc.StatusRuntimeException: CANCELLED: client cancelled
2023-02-09 08:26:13,517 [grpc-default-executor-16] WARN  server.GrpcServerProtocolService (LogUtils.java:warn(122)) - s0: installSnapshot onError, lastRequest: null: org.apache.ratis.thirdparty.io.grpc.StatusRuntimeException: CANCELLED: client cancelled
2023-02-09 08:26:13,517 [grpc-default-executor-18] WARN  server.GrpcServerProtocolService (LogUtils.java:warn(122)) - s0: installSnapshot onError, lastRequest: null: org.apache.ratis.thirdparty.io.grpc.StatusRuntimeException: CANCELLED: client cancelled
2023-02-09 08:26:13,517 [grpc-default-executor-12] WARN  server.GrpcServerProtocolService (LogUtils.java:warn(122)) - s0: installSnapshot onError, lastRequest: null: org.apache.ratis.thirdparty.io.grpc.StatusRuntimeException: CANCELLED: client cancelled
2023-02-09 08:26:13,517 [grpc-default-executor-7] WARN  server.GrpcServerProtocolService (LogUtils.java:warn(122)) - s0: installSnapshot onError, lastRequest: null: org.apache.ratis.thirdparty.io.grpc.StatusRuntimeException: CANCELLED: client cancelled
2023-02-09 08:26:13,517 [grpc-default-executor-9] WARN  server.GrpcServerProtocolService (LogUtils.java:warn(122)) - s0: installSnapshot onError, lastRequest: null: org.apache.ratis.thirdparty.io.grpc.StatusRuntimeException: CANCELLED: client cancelled
2023-02-09 08:26:13,517 [grpc-default-executor-3] WARN  server.GrpcServerProtocolService (LogUtils.java:warn(122)) - s0: installSnapshot onError, lastRequest: null: org.apache.ratis.thirdparty.io.grpc.StatusRuntimeException: CANCELLED: client cancelled
2023-02-09 08:26:13,517 [grpc-default-executor-14] WARN  server.GrpcServerProtocolService (LogUtils.java:warn(122)) - s0: installSnapshot onError, lastRequest: null: org.apache.ratis.thirdparty.io.grpc.StatusRuntimeException: CANCELLED: client cancelled
2023-02-09 08:26:13,517 [grpc-default-executor-16] WARN  server.GrpcServerProtocolService (LogUtils.java:warn(122)) - s0: installSnapshot onError, lastRequest: null: org.apache.ratis.thirdparty.io.grpc.StatusRuntimeException: CANCELLED: client cancelled
2023-02-09 08:26:13,517 [grpc-default-executor-18] WARN  server.GrpcServerProtocolService (LogUtils.java:warn(122)) - s0: installSnapshot onError, lastRequest: null: org.apache.ratis.thirdparty.io.grpc.StatusRuntimeException: CANCELLED: client cancelled
2023-02-09 08:26:13,518 [grpc-default-executor-3] WARN  server.GrpcServerProtocolService (LogUtils.java:warn(122)) - s0: installSnapshot onError, lastRequest: null: org.apache.ratis.thirdparty.io.grpc.StatusRuntimeException: CANCELLED: client cancelled
2023-02-09 08:26:13,518 [grpc-default-executor-9] WARN  server.GrpcServerProtocolService (LogUtils.java:warn(122)) - s0: installSnapshot onError, lastRequest: null: org.apache.ratis.thirdparty.io.grpc.StatusRuntimeException: CANCELLED: client cancelled
2023-02-09 08:26:13,518 [grpc-default-executor-7] WARN  server.GrpcServerProtocolService (LogUtils.java:warn(122)) - s0: installSnapshot onError, lastRequest: null: org.apache.ratis.thirdparty.io.grpc.StatusRuntimeException: CANCELLED: client cancelled
2023-02-09 08:26:13,518 [grpc-default-executor-12] WARN  server.GrpcServerProtocolService (LogUtils.java:warn(122)) - s0: installSnapshot onError, lastRequest: null: org.apache.ratis.thirdparty.io.grpc.StatusRuntimeException: CANCELLED: client cancelled
2023-02-09 08:26:13,518 [grpc-default-executor-15] WARN  server.GrpcServerProtocolService (LogUtils.java:warn(122)) - s0: installSnapshot onError, lastRequest: null: org.apache.ratis.thirdparty.io.grpc.StatusRuntimeException: CANCELLED: client cancelled
2023-02-09 08:26:13,518 [grpc-default-executor-17] WARN  server.GrpcServerProtocolService (LogUtils.java:warn(122)) - s0: installSnapshot onError, lastRequest: null: org.apache.ratis.thirdparty.io.grpc.StatusRuntimeException: CANCELLED: client cancelled
2023-02-09 08:26:13,518 [grpc-default-executor-19] WARN  server.GrpcServerProtocolService (LogUtils.java:warn(122)) - s0: installSnapshot onError, lastRequest: null: org.apache.ratis.thirdparty.io.grpc.StatusRuntimeException: CANCELLED: client cancelled
2023-02-09 08:26:13,518 [grpc-default-executor-15] WARN  server.GrpcServerProtocolService (LogUtils.java:warn(122)) - s0: installSnapshot onError, lastRequest: null: org.apache.ratis.thirdparty.io.grpc.StatusRuntimeException: CANCELLED: client cancelled
2023-02-09 08:26:13,519 [grpc-default-executor-13] WARN  server.GrpcServerProtocolService (LogUtils.java:warn(122)) - s0: installSnapshot onError, lastRequest: null: org.apache.ratis.thirdparty.io.grpc.StatusRuntimeException: CANCELLED: client cancelled
2023-02-09 08:26:13,519 [grpc-default-executor-11] WARN  server.GrpcServerProtocolService (LogUtils.java:warn(122)) - s0: installSnapshot onError, lastRequest: null: org.apache.ratis.thirdparty.io.grpc.StatusRuntimeException: CANCELLED: client cancelled
2023-02-09 08:26:13,519 [grpc-default-executor-2] WARN  server.GrpcServerProtocolService (LogUtils.java:warn(122)) - s0: installSnapshot onError, lastRequest: null: org.apache.ratis.thirdparty.io.grpc.StatusRuntimeException: CANCELLED: client cancelled
2023-02-09 08:26:13,519 [grpc-default-executor-5] WARN  server.GrpcServerProtocolService (LogUtils.java:warn(122)) - s0: installSnapshot onError, lastRequest: null: org.apache.ratis.thirdparty.io.grpc.StatusRuntimeException: CANCELLED: client cancelled
2023-02-09 08:26:13,519 [grpc-default-executor-17] WARN  server.GrpcServerProtocolService (LogUtils.java:warn(122)) - s0: installSnapshot onError, lastRequest: null: org.apache.ratis.thirdparty.io.grpc.StatusRuntimeException: CANCELLED: client cancelled
2023-02-09 08:26:13,519 [grpc-default-executor-19] WARN  server.GrpcServerProtocolService (LogUtils.java:warn(122)) - s0: installSnapshot onError, lastRequest: null: org.apache.ratis.thirdparty.io.grpc.StatusRuntimeException: CANCELLED: client cancelled
2023-02-09 08:26:13,519 [grpc-default-executor-21] WARN  server.GrpcServerProtocolService (LogUtils.java:warn(122)) - s0: installSnapshot onError, lastRequest: null: org.apache.ratis.thirdparty.io.grpc.StatusRuntimeException: CANCELLED: client cancelled
2023-02-09 08:26:13,519 [grpc-default-executor-16] WARN  server.GrpcServerProtocolService (LogUtils.java:warn(122)) - s0: installSnapshot onError, lastRequest: null: org.apache.ratis.thirdparty.io.grpc.StatusRuntimeException: CANCELLED: client cancelled
2023-02-09 08:26:13,519 [grpc-default-executor-5] WARN  server.GrpcServerProtocolService (LogUtils.java:warn(122)) - s0: installSnapshot onError, lastRequest: null: org.apache.ratis.thirdparty.io.grpc.StatusRuntimeException: CANCELLED: client cancelled
2023-02-09 08:26:13,519 [grpc-default-executor-2] WARN  server.GrpcServerProtocolService (LogUtils.java:warn(122)) - s0: installSnapshot onError, lastRequest: null: org.apache.ratis.thirdparty.io.grpc.StatusRuntimeException: CANCELLED: client cancelled
2023-02-09 08:26:13,519 [grpc-default-executor-11] WARN  server.GrpcServerProtocolService (LogUtils.java:warn(122)) - s0: installSnapshot onError, lastRequest: null: org.apache.ratis.thirdparty.io.grpc.StatusRuntimeException: CANCELLED: client cancelled
2023-02-09 08:26:13,519 [grpc-default-executor-13] WARN  server.GrpcServerProtocolService (LogUtils.java:warn(122)) - s0: installSnapshot onError, lastRequest: null: org.apache.ratis.thirdparty.io.grpc.StatusRuntimeException: CANCELLED: client cancelled
2023-02-09 08:26:13,519 [grpc-default-executor-15] WARN  server.GrpcServerProtocolService (LogUtils.java:warn(122)) - s0: installSnapshot onError, lastRequest: null: org.apache.ratis.thirdparty.io.grpc.StatusRuntimeException: CANCELLED: client cancelled
2023-02-09 08:26:13,520 [grpc-default-executor-18] WARN  server.GrpcServerProtocolService (LogUtils.java:warn(122)) - s0: installSnapshot onError, lastRequest: null: org.apache.ratis.thirdparty.io.grpc.StatusRuntimeException: CANCELLED: client cancelled
2023-02-09 08:26:13,520 [grpc-default-executor-20] WARN  server.GrpcServerProtocolService (LogUtils.java:warn(122)) - s0: installSnapshot onError, lastRequest: null: org.apache.ratis.thirdparty.io.grpc.StatusRuntimeException: CANCELLED: client cancelled
2023-02-09 08:26:13,520 [grpc-default-executor-22] WARN  server.GrpcServerProtocolService (LogUtils.java:warn(122)) - s0: installSnapshot onError, lastRequest: null: org.apache.ratis.thirdparty.io.grpc.StatusRuntimeException: CANCELLED: client cancelled
2023-02-09 08:26:13,520 [grpc-default-executor-15] WARN  server.GrpcServerProtocolService (LogUtils.java:warn(122)) - s0: installSnapshot onError, lastRequest: null: org.apache.ratis.thirdparty.io.grpc.StatusRuntimeException: CANCELLED: client cancelled
2023-02-09 08:26:13,520 [grpc-default-executor-13] WARN  server.GrpcServerProtocolService (LogUtils.java:warn(122)) - s0: installSnapshot onError, lastRequest: null: org.apache.ratis.thirdparty.io.grpc.StatusRuntimeException: CANCELLED: client cancelled
2023-02-09 08:26:13,520 [grpc-default-executor-11] WARN  server.GrpcServerProtocolService (LogUtils.java:warn(122)) - s0: installSnapshot onError, lastRequest: null: org.apache.ratis.thirdparty.io.grpc.StatusRuntimeException: CANCELLED: client cancelled
2023-02-09 08:26:13,520 [grpc-default-executor-2] WARN  server.GrpcServerProtocolService (LogUtils.java:warn(122)) - s0: installSnapshot onError, lastRequest: null: org.apache.ratis.thirdparty.io.grpc.StatusRuntimeException: CANCELLED: client cancelled
2023-02-09 08:26:13,520 [grpc-default-executor-5] WARN  server.GrpcServerProtocolService (LogUtils.java:warn(122)) - s0: installSnapshot onError, lastRequest: null: org.apache.ratis.thirdparty.io.grpc.StatusRuntimeException: CANCELLED: client cancelled
2023-02-09 08:26:13,520 [grpc-default-executor-16] WARN  server.GrpcServerProtocolService (LogUtils.java:warn(122)) - s0: installSnapshot onError, lastRequest: null: org.apache.ratis.thirdparty.io.grpc.StatusRuntimeException: CANCELLED: client cancelled
2023-02-09 08:26:13,520 [grpc-default-executor-18] WARN  server.GrpcServerProtocolService (LogUtils.java:warn(122)) - s0: installSnapshot onError, lastRequest: null: org.apache.ratis.thirdparty.io.grpc.StatusRuntimeException: CANCELLED: client cancelled
2023-02-09 08:26:13,520 [grpc-default-executor-20] WARN  server.GrpcServerProtocolService (LogUtils.java:warn(122)) - s0: installSnapshot onError, lastRequest: null: org.apache.ratis.thirdparty.io.grpc.StatusRuntimeException: CANCELLED: client cancelled
2023-02-09 08:26:13,520 [grpc-default-executor-22] WARN  server.GrpcServerProtocolService (LogUtils.java:warn(122)) - s0: installSnapshot onError, lastRequest: null: org.apache.ratis.thirdparty.io.grpc.StatusRuntimeException: CANCELLED: client cancelled
2023-02-09 08:26:13,521 [grpc-default-executor-16] WARN  server.GrpcServerProtocolService (LogUtils.java:warn(122)) - s0: installSnapshot onError, lastRequest: null: org.apache.ratis.thirdparty.io.grpc.StatusRuntimeException: CANCELLED: client cancelled
2023-02-09 08:26:13,521 [grpc-default-executor-5] WARN  server.GrpcServerProtocolService (LogUtils.java:warn(122)) - s0: installSnapshot onError, lastRequest: null: org.apache.ratis.thirdparty.io.grpc.StatusRuntimeException: CANCELLED: client cancelled
2023-02-09 08:26:13,521 [grpc-default-executor-2] WARN  server.GrpcServerProtocolService (LogUtils.java:warn(122)) - s0: installSnapshot onError, lastRequest: null: org.apache.ratis.thirdparty.io.grpc.StatusRuntimeException: CANCELLED: client cancelled
2023-02-09 08:26:13,521 [grpc-default-executor-11] WARN  server.GrpcServerProtocolService (LogUtils.java:warn(122)) - s0: installSnapshot onError, lastRequest: null: org.apache.ratis.thirdparty.io.grpc.StatusRuntimeException: CANCELLED: client cancelled
2023-02-09 08:26:13,521 [grpc-default-executor-13] WARN  server.GrpcServerProtocolService (LogUtils.java:warn(122)) - s0: installSnapshot onError, lastRequest: null: org.apache.ratis.thirdparty.io.grpc.StatusRuntimeException: CANCELLED: client cancelled
2023-02-09 08:26:13,521 [grpc-default-executor-15] WARN  server.GrpcServerProtocolService (LogUtils.java:warn(122)) - s0: installSnapshot onError, lastRequest: null: org.apache.ratis.thirdparty.io.grpc.StatusRuntimeException: CANCELLED: client cancelled
2023-02-09 08:26:13,521 [grpc-default-executor-19] WARN  server.GrpcServerProtocolService (LogUtils.java:warn(122)) - s0: installSnapshot onError, lastRequest: null: org.apache.ratis.thirdparty.io.grpc.StatusRuntimeException: CANCELLED: client cancelled
2023-02-09 08:26:13,521 [grpc-default-executor-21] WARN  server.GrpcServerProtocolService (LogUtils.java:warn(122)) - s0: installSnapshot onError, lastRequest: null: org.apache.ratis.thirdparty.io.grpc.StatusRuntimeException: CANCELLED: client cancelled
2023-02-09 08:26:13,521 [grpc-default-executor-23] WARN  server.GrpcServerProtocolService (LogUtils.java:warn(122)) - s0: installSnapshot onError, lastRequest: null: org.apache.ratis.thirdparty.io.grpc.StatusRuntimeException: CANCELLED: client cancelled
2023-02-09 08:26:13,522 [grpc-default-executor-19] WARN  server.GrpcServerProtocolService (LogUtils.java:warn(122)) - s0: installSnapshot onError, lastRequest: null: org.apache.ratis.thirdparty.io.grpc.StatusRuntimeException: CANCELLED: client cancelled
2023-02-09 08:26:13,522 [grpc-default-executor-15] WARN  server.GrpcServerProtocolService (LogUtils.java:warn(122)) - s0: installSnapshot onError, lastRequest: null: org.apache.ratis.thirdparty.io.grpc.StatusRuntimeException: CANCELLED: client cancelled
2023-02-09 08:26:13,522 [grpc-default-executor-13] WARN  server.GrpcServerProtocolService (LogUtils.java:warn(122)) - s0: installSnapshot onError, lastRequest: null: org.apache.ratis.thirdparty.io.grpc.StatusRuntimeException: CANCELLED: client cancelled
2023-02-09 08:26:13,522 [grpc-default-executor-11] WARN  server.GrpcServerProtocolService (LogUtils.java:warn(122)) - s0: installSnapshot onError, lastRequest: null: org.apache.ratis.thirdparty.io.grpc.StatusRuntimeException: CANCELLED: client cancelled
2023-02-09 08:26:13,522 [grpc-default-executor-2] WARN  server.GrpcServerProtocolService (LogUtils.java:warn(122)) - s0: installSnapshot onError, lastRequest: null: org.apache.ratis.thirdparty.io.grpc.StatusRuntimeException: CANCELLED: client cancelled
2023-02-09 08:26:13,522 [grpc-default-executor-5] WARN  server.GrpcServerProtocolService (LogUtils.java:warn(122)) - s0: installSnapshot onError, lastRequest: null: org.apache.ratis.thirdparty.io.grpc.StatusRuntimeException: CANCELLED: client cancelled
2023-02-09 08:26:13,522 [grpc-default-executor-16] WARN  server.GrpcServerProtocolService (LogUtils.java:warn(122)) - s0: installSnapshot onError, lastRequest: null: org.apache.ratis.thirdparty.io.grpc.StatusRuntimeException: CANCELLED: client cancelled
2023-02-09 08:26:13,522 [grpc-default-executor-21] WARN  server.GrpcServerProtocolService (LogUtils.java:warn(122)) - s0: installSnapshot onError, lastRequest: null: org.apache.ratis.thirdparty.io.grpc.StatusRuntimeException: CANCELLED: client cancelled
2023-02-09 08:26:13,522 [grpc-default-executor-23] WARN  server.GrpcServerProtocolService (LogUtils.java:warn(122)) - s0: installSnapshot onError, lastRequest: null: org.apache.ratis.thirdparty.io.grpc.StatusRuntimeException: CANCELLED: client cancelled
2023-02-09 08:26:13,522 [grpc-default-executor-25] WARN  server.GrpcServerProtocolService (LogUtils.java:warn(122)) - s0: installSnapshot onError, lastRequest: null: org.apache.ratis.thirdparty.io.grpc.StatusRuntimeException: CANCELLED: client cancelled
2023-02-09 08:26:13,523 [grpc-default-executor-18] WARN  server.GrpcServerProtocolService (LogUtils.java:warn(122)) - s0: installSnapshot onError, lastRequest: null: org.apache.ratis.thirdparty.io.grpc.StatusRuntimeException: CANCELLED: client cancelled
2023-02-09 08:26:13,523 [grpc-default-executor-3] WARN  server.GrpcServerProtocolService (LogUtils.java:warn(122)) - s0: installSnapshot onError, lastRequest: null: org.apache.ratis.thirdparty.io.grpc.StatusRuntimeException: CANCELLED: client cancelled
2023-02-09 08:26:13,523 [grpc-default-executor-9] WARN  server.GrpcServerProtocolService (LogUtils.java:warn(122)) - s0: installSnapshot onError, lastRequest: null: org.apache.ratis.thirdparty.io.grpc.StatusRuntimeException: CANCELLED: client cancelled
2023-02-09 08:26:13,523 [grpc-default-executor-7] WARN  server.GrpcServerProtocolService (LogUtils.java:warn(122)) - s0: installSnapshot onError, lastRequest: null: org.apache.ratis.thirdparty.io.grpc.StatusRuntimeException: CANCELLED: client cancelled
2023-02-09 08:26:13,523 [grpc-default-executor-12] WARN  server.GrpcServerProtocolService (LogUtils.java:warn(122)) - s0: installSnapshot onError, lastRequest: null: org.apache.ratis.thirdparty.io.grpc.StatusRuntimeException: CANCELLED: client cancelled
2023-02-09 08:26:13,523 [grpc-default-executor-14] WARN  server.GrpcServerProtocolService (LogUtils.java:warn(122)) - s0: installSnapshot onError, lastRequest: null: org.apache.ratis.thirdparty.io.grpc.StatusRuntimeException: CANCELLED: client cancelled
2023-02-09 08:26:13,523 [grpc-default-executor-17] WARN  server.GrpcServerProtocolService (LogUtils.java:warn(122)) - s0: installSnapshot onError, lastRequest: null: org.apache.ratis.thirdparty.io.grpc.StatusRuntimeException: CANCELLED: client cancelled
2023-02-09 08:26:13,523 [grpc-default-executor-20] WARN  server.GrpcServerProtocolService (LogUtils.java:warn(122)) - s0: installSnapshot onError, lastRequest: null: org.apache.ratis.thirdparty.io.grpc.StatusRuntimeException: CANCELLED: client cancelled
2023-02-09 08:26:13,523 [grpc-default-executor-22] WARN  server.GrpcServerProtocolService (LogUtils.java:warn(122)) - s0: installSnapshot onError, lastRequest: null: org.apache.ratis.thirdparty.io.grpc.StatusRuntimeException: CANCELLED: client cancelled
2023-02-09 08:26:13,523 [grpc-default-executor-24] WARN  server.GrpcServerProtocolService (LogUtils.java:warn(122)) - s0: installSnapshot onError, lastRequest: null: org.apache.ratis.thirdparty.io.grpc.StatusRuntimeException: CANCELLED: client cancelled
2023-02-09 08:26:13,523 [grpc-default-executor-26] WARN  server.GrpcServerProtocolService (LogUtils.java:warn(122)) - s0: installSnapshot onError, lastRequest: null: org.apache.ratis.thirdparty.io.grpc.StatusRuntimeException: CANCELLED: client cancelled
2023-02-09 08:26:13,524 [MiniRaftCluster-23] INFO  server.GrpcService (GrpcService.java:closeImpl(320)) - s2: shutdown server org.apache.ratis.grpc.server.GrpcAdminProtocolService successfully
2023-02-09 08:26:13,525 [grpc-default-executor-2] WARN  server.GrpcServerProtocolService (LogUtils.java:warn(122)) - s0: installSnapshot onError, lastRequest: null: org.apache.ratis.thirdparty.io.grpc.StatusRuntimeException: CANCELLED: client cancelled
2023-02-09 08:26:13,525 [grpc-default-executor-5] WARN  server.GrpcServerProtocolService (LogUtils.java:warn(122)) - s0: installSnapshot onError, lastRequest: null: org.apache.ratis.thirdparty.io.grpc.StatusRuntimeException: CANCELLED: client cancelled
2023-02-09 08:26:13,525 [grpc-default-executor-3] INFO  server.GrpcLogAppender (GrpcLogAppender.java:onError(401)) - s1@group-5D8BFF2AC38C->s0-GrpcLogAppender is already stopped
2023-02-09 08:26:13,526 [grpc-default-executor-16] INFO  server.GrpcLogAppender (GrpcLogAppender.java:onError(401)) - s1@group-5D8BFF2AC38C->s0-GrpcLogAppender is already stopped
2023-02-09 08:26:13,526 [grpc-default-executor-18] INFO  server.GrpcLogAppender (GrpcLogAppender.java:onError(401)) - s1@group-5D8BFF2AC38C->s0-GrpcLogAppender is already stopped
2023-02-09 08:26:13,526 [grpc-default-executor-21] INFO  server.GrpcLogAppender (GrpcLogAppender.java:onError(401)) - s1@group-5D8BFF2AC38C->s0-GrpcLogAppender is already stopped
2023-02-09 08:26:13,526 [grpc-default-executor-9] INFO  server.GrpcLogAppender (GrpcLogAppender.java:onError(401)) - s1@group-5D8BFF2AC38C->s0-GrpcLogAppender is already stopped
2023-02-09 08:26:13,526 [grpc-default-executor-7] INFO  server.GrpcLogAppender (GrpcLogAppender.java:onError(401)) - s1@group-5D8BFF2AC38C->s0-GrpcLogAppender is already stopped
2023-02-09 08:26:13,526 [grpc-default-executor-5] INFO  server.GrpcLogAppender (GrpcLogAppender.java:onError(401)) - s1@group-5D8BFF2AC38C->s0-GrpcLogAppender is already stopped
2023-02-09 08:26:13,526 [grpc-default-executor-2] INFO  server.GrpcLogAppender (GrpcLogAppender.java:onError(401)) - s1@group-5D8BFF2AC38C->s0-GrpcLogAppender is already stopped
2023-02-09 08:26:13,526 [grpc-default-executor-19] WARN  server.GrpcServerProtocolService (LogUtils.java:warn(122)) - s0: installSnapshot onError, lastRequest: null: org.apache.ratis.thirdparty.io.grpc.StatusRuntimeException: CANCELLED: client cancelled
2023-02-09 08:26:13,526 [grpc-default-executor-15] WARN  server.GrpcServerProtocolService (LogUtils.java:warn(122)) - s0: installSnapshot onError, lastRequest: null: org.apache.ratis.thirdparty.io.grpc.StatusRuntimeException: CANCELLED: client cancelled
2023-02-09 08:26:13,526 [grpc-default-executor-13] WARN  server.GrpcServerProtocolService (LogUtils.java:warn(122)) - s0: installSnapshot onError, lastRequest: null: org.apache.ratis.thirdparty.io.grpc.StatusRuntimeException: CANCELLED: client cancelled
2023-02-09 08:26:13,526 [grpc-default-executor-11] WARN  server.GrpcServerProtocolService (LogUtils.java:warn(122)) - s0: installSnapshot onError, lastRequest: null: org.apache.ratis.thirdparty.io.grpc.StatusRuntimeException: CANCELLED: client cancelled
2023-02-09 08:26:13,526 [grpc-default-executor-22] WARN  server.GrpcServerProtocolService (LogUtils.java:warn(122)) - s0: installSnapshot onError, lastRequest: null: org.apache.ratis.thirdparty.io.grpc.StatusRuntimeException: CANCELLED: client cancelled
2023-02-09 08:26:13,528 [s2@group-5D8BFF2AC38C-StateMachineUpdater] INFO  impl.StateMachineUpdater (StateMachineUpdater.java:takeSnapshot(290)) - s2@group-5D8BFF2AC38C-StateMachineUpdater: Took a snapshot at index 257
2023-02-09 08:26:13,528 [s2@group-5D8BFF2AC38C-StateMachineUpdater] INFO  impl.StateMachineUpdater (StateMachineUpdater.java:lambda$new$0(96)) - s2@group-5D8BFF2AC38C-StateMachineUpdater: snapshotIndex: updateIncreasingly 255 -> 257
2023-02-09 08:26:13,528 [s2-impl-thread2] INFO  server.RaftServer$Division (ServerState.java:close(414)) - s2@group-5D8BFF2AC38C: applyIndex: 257
2023-02-09 08:26:13,528 [s2@group-5D8BFF2AC38C-SegmentedRaftLogWorker] INFO  segmented.SegmentedRaftLogWorker (SegmentedRaftLogWorker.java:run(334)) - s2@group-5D8BFF2AC38C-SegmentedRaftLogWorker was interrupted, exiting. There are 0 tasks remaining in the queue.
2023-02-09 08:26:13,529 [MiniRaftCluster-21] INFO  server.GrpcService (GrpcService.java:closeImpl(320)) - s0: shutdown server GrpcServerProtocolService successfully
2023-02-09 08:26:13,529 [MiniRaftCluster-21] INFO  server.GrpcService (GrpcService.java:closeImpl(311)) - s0: shutdown server org.apache.ratis.grpc.server.GrpcAdminProtocolService now
2023-02-09 08:26:13,530 [MiniRaftCluster-21] INFO  server.GrpcService (GrpcService.java:closeImpl(320)) - s0: shutdown server org.apache.ratis.grpc.server.GrpcAdminProtocolService successfully
2023-02-09 08:26:13,530 [JvmPauseMonitor12] INFO  util.JvmPauseMonitor (JvmPauseMonitor.java:run(111)) - JvmPauseMonitor-s0: Stopped
2023-02-09 08:26:13,530 [grpc-default-executor-24] WARN  server.GrpcServerProtocolService (LogUtils.java:warn(122)) - s0: installSnapshot onError, lastRequest: null: org.apache.ratis.thirdparty.io.grpc.StatusRuntimeException: CANCELLED: client cancelled
2023-02-09 08:26:13,530 [grpc-default-executor-26] WARN  server.GrpcServerProtocolService (LogUtils.java:warn(122)) - s0: installSnapshot onError, lastRequest: null: org.apache.ratis.thirdparty.io.grpc.StatusRuntimeException: CANCELLED: client cancelled
2023-02-09 08:26:13,530 [grpc-default-executor-8] WARN  server.GrpcServerProtocolService (LogUtils.java:warn(122)) - s0: installSnapshot onError, lastRequest: null: org.apache.ratis.thirdparty.io.grpc.StatusRuntimeException: CANCELLED: client cancelled
2023-02-09 08:26:13,531 [grpc-default-executor-8] INFO  server.GrpcLogAppender (GrpcLogAppender.java:onError(401)) - s1@group-5D8BFF2AC38C->s0-GrpcLogAppender is already stopped
2023-02-09 08:26:13,531 [grpc-default-executor-22] INFO  server.GrpcLogAppender (GrpcLogAppender.java:onError(401)) - s1@group-5D8BFF2AC38C->s0-GrpcLogAppender is already stopped
2023-02-09 08:26:13,531 [grpc-default-executor-10] INFO  server.GrpcLogAppender (GrpcLogAppender.java:onError(401)) - s1@group-5D8BFF2AC38C->s0-GrpcLogAppender is already stopped
2023-02-09 08:26:13,531 [grpc-default-executor-23] INFO  server.GrpcLogAppender (GrpcLogAppender.java:onError(401)) - s1@group-5D8BFF2AC38C->s0-GrpcLogAppender is already stopped
2023-02-09 08:26:13,531 [grpc-default-executor-24] INFO  server.GrpcLogAppender (GrpcLogAppender.java:onError(401)) - s1@group-5D8BFF2AC38C->s0-GrpcLogAppender is already stopped
2023-02-09 08:26:13,531 [grpc-default-executor-25] INFO  server.GrpcLogAppender (GrpcLogAppender.java:onError(401)) - s1@group-5D8BFF2AC38C->s0-GrpcLogAppender is already stopped
2023-02-09 08:26:13,531 [grpc-default-executor-26] INFO  server.GrpcLogAppender (GrpcLogAppender.java:onError(401)) - s1@group-5D8BFF2AC38C->s0-GrpcLogAppender is already stopped
2023-02-09 08:26:13,531 [grpc-default-executor-11] INFO  server.GrpcLogAppender (GrpcLogAppender.java:onError(401)) - s1@group-5D8BFF2AC38C->s0-GrpcLogAppender is already stopped
2023-02-09 08:26:13,531 [grpc-default-executor-11] INFO  server.GrpcLogAppender (GrpcLogAppender.java:onError(401)) - s1@group-5D8BFF2AC38C->s0-GrpcLogAppender is already stopped
2023-02-09 08:26:13,531 [grpc-default-executor-23] INFO  server.GrpcLogAppender (GrpcLogAppender.java:onError(401)) - s1@group-5D8BFF2AC38C->s0-GrpcLogAppender is already stopped
2023-02-09 08:26:13,531 [grpc-default-executor-24] INFO  server.GrpcLogAppender (GrpcLogAppender.java:onError(401)) - s1@group-5D8BFF2AC38C->s0-GrpcLogAppender is already stopped
2023-02-09 08:26:13,531 [grpc-default-executor-25] INFO  server.GrpcLogAppender (GrpcLogAppender.java:onError(401)) - s1@group-5D8BFF2AC38C->s0-GrpcLogAppender is already stopped
2023-02-09 08:26:13,531 [grpc-default-executor-26] INFO  server.GrpcLogAppender (GrpcLogAppender.java:onError(401)) - s1@group-5D8BFF2AC38C->s0-GrpcLogAppender is already stopped
2023-02-09 08:26:13,531 [grpc-default-executor-27] INFO  server.GrpcLogAppender (GrpcLogAppender.java:onError(401)) - s1@group-5D8BFF2AC38C->s0-GrpcLogAppender is already stopped
2023-02-09 08:26:13,535 [s1-impl-thread2] INFO  segmented.SegmentedRaftLogWorker (SegmentedRaftLogWorker.java:close(247)) - s1@group-5D8BFF2AC38C-SegmentedRaftLogWorker close()
2023-02-09 08:26:13,535 [s2-impl-thread2] INFO  segmented.SegmentedRaftLogWorker (SegmentedRaftLogWorker.java:close(247)) - s2@group-5D8BFF2AC38C-SegmentedRaftLogWorker close()
2023-02-09 08:26:13,536 [JvmPauseMonitor14] INFO  util.JvmPauseMonitor (JvmPauseMonitor.java:run(111)) - JvmPauseMonitor-s2: Stopped
2023-02-09 08:26:13,537 [grpc-default-executor-23] INFO  server.GrpcLogAppender (GrpcLogAppender.java:onError(401)) - s1@group-5D8BFF2AC38C->s0-GrpcLogAppender is already stopped
2023-02-09 08:26:13,537 [grpc-default-executor-22] INFO  server.GrpcLogAppender (GrpcLogAppender.java:onError(401)) - s1@group-5D8BFF2AC38C->s0-GrpcLogAppender is already stopped
2023-02-09 08:26:13,537 [grpc-default-executor-17] INFO  server.GrpcLogAppender (GrpcLogAppender.java:onError(401)) - s1@group-5D8BFF2AC38C->s0-GrpcLogAppender is already stopped
2023-02-09 08:26:13,537 [grpc-default-executor-19] INFO  server.GrpcLogAppender (GrpcLogAppender.java:onError(401)) - s1@group-5D8BFF2AC38C->s0-GrpcLogAppender is already stopped
2023-02-09 08:26:13,537 [grpc-default-executor-20] INFO  server.GrpcLogAppender (GrpcLogAppender.java:onError(401)) - s1@group-5D8BFF2AC38C->s0-GrpcLogAppender is already stopped
2023-02-09 08:26:13,537 [grpc-default-executor-17] INFO  server.GrpcLogAppender (GrpcLogAppender.java:onError(401)) - s1@group-5D8BFF2AC38C->s0-GrpcLogAppender is already stopped
2023-02-09 08:26:13,537 [grpc-default-executor-20] INFO  server.GrpcLogAppender (GrpcLogAppender.java:onError(401)) - s1@group-5D8BFF2AC38C->s0-GrpcLogAppender is already stopped
2023-02-09 08:26:13,537 [grpc-default-executor-19] INFO  server.GrpcLogAppender (GrpcLogAppender.java:onError(401)) - s1@group-5D8BFF2AC38C->s0-GrpcLogAppender is already stopped
2023-02-09 08:26:13,537 [grpc-default-executor-17] INFO  server.GrpcLogAppender (GrpcLogAppender.java:onError(401)) - s1@group-5D8BFF2AC38C->s0-GrpcLogAppender is already stopped
2023-02-09 08:26:13,537 [grpc-default-executor-11] INFO  server.GrpcLogAppender (GrpcLogAppender.java:onError(401)) - s1@group-5D8BFF2AC38C->s0-GrpcLogAppender is already stopped
2023-02-09 08:26:13,537 [grpc-default-executor-22] INFO  server.GrpcLogAppender (GrpcLogAppender.java:onError(401)) - s1@group-5D8BFF2AC38C->s0-GrpcLogAppender is already stopped
2023-02-09 08:26:13,537 [grpc-default-executor-23] INFO  server.GrpcLogAppender (GrpcLogAppender.java:onError(401)) - s1@group-5D8BFF2AC38C->s0-GrpcLogAppender is already stopped
2023-02-09 08:26:13,537 [grpc-default-executor-24] INFO  server.GrpcLogAppender (GrpcLogAppender.java:onError(401)) - s1@group-5D8BFF2AC38C->s0-GrpcLogAppender is already stopped
2023-02-09 08:26:13,537 [grpc-default-executor-13] INFO  server.GrpcLogAppender (GrpcLogAppender.java:onError(401)) - s1@group-5D8BFF2AC38C->s0-GrpcLogAppender is already stopped
2023-02-09 08:26:13,537 [grpc-default-executor-12] INFO  server.GrpcLogAppender (GrpcLogAppender.java:onError(401)) - s1@group-5D8BFF2AC38C->s0-GrpcLogAppender is already stopped
2023-02-09 08:26:13,537 [grpc-default-executor-15] INFO  server.GrpcLogAppender (GrpcLogAppender.java:onError(401)) - s1@group-5D8BFF2AC38C->s0-GrpcLogAppender is already stopped
2023-02-09 08:26:13,537 [grpc-default-executor-14] INFO  server.GrpcLogAppender (GrpcLogAppender.java:onError(401)) - s1@group-5D8BFF2AC38C->s0-GrpcLogAppender is already stopped
2023-02-09 08:26:13,537 [grpc-default-executor-5] INFO  server.GrpcLogAppender (GrpcLogAppender.java:onError(401)) - s1@group-5D8BFF2AC38C->s0-GrpcLogAppender is already stopped
2023-02-09 08:26:13,537 [grpc-default-executor-7] INFO  server.GrpcLogAppender (GrpcLogAppender.java:onError(401)) - s1@group-5D8BFF2AC38C->s0-GrpcLogAppender is already stopped
2023-02-09 08:26:13,537 [grpc-default-executor-9] INFO  server.GrpcLogAppender (GrpcLogAppender.java:onError(401)) - s1@group-5D8BFF2AC38C->s0-GrpcLogAppender is already stopped
2023-02-09 08:26:13,537 [grpc-default-executor-21] INFO  server.GrpcLogAppender (GrpcLogAppender.java:onError(401)) - s1@group-5D8BFF2AC38C->s0-GrpcLogAppender is already stopped
2023-02-09 08:26:13,537 [grpc-default-executor-18] INFO  server.GrpcLogAppender (GrpcLogAppender.java:onError(401)) - s1@group-5D8BFF2AC38C->s0-GrpcLogAppender is already stopped
2023-02-09 08:26:13,537 [grpc-default-executor-16] INFO  server.GrpcLogAppender (GrpcLogAppender.java:onError(401)) - s1@group-5D8BFF2AC38C->s0-GrpcLogAppender is already stopped
2023-02-09 08:26:13,538 [grpc-default-executor-3] INFO  server.GrpcLogAppender (GrpcLogAppender.java:onError(401)) - s1@group-5D8BFF2AC38C->s0-GrpcLogAppender is already stopped
2023-02-09 08:26:13,537 [grpc-default-executor-2] INFO  server.GrpcLogAppender (GrpcLogAppender.java:onError(401)) - s1@group-5D8BFF2AC38C->s0-GrpcLogAppender is already stopped
2023-02-09 08:26:13,538 [grpc-default-executor-10] INFO  server.GrpcLogAppender (GrpcLogAppender.java:onError(401)) - s1@group-5D8BFF2AC38C->s0-GrpcLogAppender is already stopped
2023-02-09 08:26:13,538 [grpc-default-executor-8] INFO  server.GrpcLogAppender (GrpcLogAppender.java:onError(401)) - s1@group-5D8BFF2AC38C->s0-GrpcLogAppender is already stopped
2023-02-09 08:26:13,538 [grpc-default-executor-28] INFO  server.GrpcLogAppender (GrpcLogAppender.java:onError(401)) - s1@group-5D8BFF2AC38C->s0-GrpcLogAppender is already stopped
2023-02-09 08:26:13,539 [grpc-default-executor-12] INFO  server.GrpcLogAppender (GrpcLogAppender.java:onError(401)) - s1@group-5D8BFF2AC38C->s0-GrpcLogAppender is already stopped
2023-02-09 08:26:13,539 [grpc-default-executor-20] INFO  server.GrpcLogAppender (GrpcLogAppender.java:onError(401)) - s1@group-5D8BFF2AC38C->s0-GrpcLogAppender is already stopped
2023-02-09 08:26:13,539 [grpc-default-executor-19] INFO  server.GrpcLogAppender (GrpcLogAppender.java:onError(401)) - s1@group-5D8BFF2AC38C->s0-GrpcLogAppender is already stopped
2023-02-09 08:26:13,539 [grpc-default-executor-17] INFO  server.GrpcLogAppender (GrpcLogAppender.java:onError(401)) - s1@group-5D8BFF2AC38C->s0-GrpcLogAppender is already stopped
2023-02-09 08:26:13,539 [grpc-default-executor-11] INFO  server.GrpcLogAppender (GrpcLogAppender.java:onError(401)) - s1@group-5D8BFF2AC38C->s0-GrpcLogAppender is already stopped
2023-02-09 08:26:13,539 [grpc-default-executor-8] INFO  server.GrpcLogAppender (GrpcLogAppender.java:onError(401)) - s1@group-5D8BFF2AC38C->s0-GrpcLogAppender is already stopped
2023-02-09 08:26:13,539 [grpc-default-executor-23] INFO  server.GrpcLogAppender (GrpcLogAppender.java:onError(401)) - s1@group-5D8BFF2AC38C->s0-GrpcLogAppender is already stopped
2023-02-09 08:26:13,539 [grpc-default-executor-2] INFO  server.GrpcLogAppender (GrpcLogAppender.java:onError(401)) - s1@group-5D8BFF2AC38C->s0-GrpcLogAppender is already stopped
2023-02-09 08:26:13,539 [grpc-default-executor-22] INFO  server.GrpcLogAppender (GrpcLogAppender.java:onError(401)) - s1@group-5D8BFF2AC38C->s0-GrpcLogAppender is already stopped
2023-02-09 08:26:13,539 [grpc-default-executor-25] INFO  server.GrpcLogAppender (GrpcLogAppender.java:onError(401)) - s1@group-5D8BFF2AC38C->s0-GrpcLogAppender is already stopped
2023-02-09 08:26:13,539 [grpc-default-executor-18] INFO  server.GrpcLogAppender (GrpcLogAppender.java:onError(401)) - s1@group-5D8BFF2AC38C->s0-GrpcLogAppender is already stopped
2023-02-09 08:26:13,539 [grpc-default-executor-21] INFO  server.GrpcLogAppender (GrpcLogAppender.java:onError(401)) - s1@group-5D8BFF2AC38C->s0-GrpcLogAppender is already stopped
2023-02-09 08:26:13,539 [grpc-default-executor-9] INFO  server.GrpcLogAppender (GrpcLogAppender.java:onError(401)) - s1@group-5D8BFF2AC38C->s0-GrpcLogAppender is already stopped
2023-02-09 08:26:13,539 [grpc-default-executor-7] INFO  server.GrpcLogAppender (GrpcLogAppender.java:onError(401)) - s1@group-5D8BFF2AC38C->s0-GrpcLogAppender is already stopped
2023-02-09 08:26:13,539 [grpc-default-executor-5] INFO  server.GrpcLogAppender (GrpcLogAppender.java:onError(401)) - s1@group-5D8BFF2AC38C->s0-GrpcLogAppender is already stopped
2023-02-09 08:26:13,539 [grpc-default-executor-15] INFO  server.GrpcLogAppender (GrpcLogAppender.java:onError(401)) - s1@group-5D8BFF2AC38C->s0-GrpcLogAppender is already stopped
2023-02-09 08:26:13,539 [grpc-default-executor-13] INFO  server.GrpcLogAppender (GrpcLogAppender.java:onError(401)) - s1@group-5D8BFF2AC38C->s0-GrpcLogAppender is already stopped
2023-02-09 08:26:13,539 [grpc-default-executor-3] INFO  server.GrpcLogAppender (GrpcLogAppender.java:onError(401)) - s1@group-5D8BFF2AC38C->s0-GrpcLogAppender is already stopped
2023-02-09 08:26:13,539 [grpc-default-executor-24] INFO  server.GrpcLogAppender (GrpcLogAppender.java:onError(401)) - s1@group-5D8BFF2AC38C->s0-GrpcLogAppender is already stopped
2023-02-09 08:26:13,539 [grpc-default-executor-10] INFO  server.GrpcLogAppender (GrpcLogAppender.java:onError(401)) - s1@group-5D8BFF2AC38C->s0-GrpcLogAppender is already stopped
2023-02-09 08:26:13,540 [grpc-default-executor-28] INFO  server.GrpcLogAppender (GrpcLogAppender.java:onError(401)) - s1@group-5D8BFF2AC38C->s0-GrpcLogAppender is already stopped
2023-02-09 08:26:13,540 [grpc-default-executor-14] INFO  server.GrpcLogAppender (GrpcLogAppender.java:onError(401)) - s1@group-5D8BFF2AC38C->s0-GrpcLogAppender is already stopped
2023-02-09 08:26:13,539 [grpc-default-executor-16] INFO  server.GrpcLogAppender (GrpcLogAppender.java:onError(401)) - s1@group-5D8BFF2AC38C->s0-GrpcLogAppender is already stopped
2023-02-09 08:26:13,540 [grpc-default-executor-29] INFO  server.GrpcLogAppender (GrpcLogAppender.java:onError(401)) - s1@group-5D8BFF2AC38C->s0-GrpcLogAppender is already stopped
2023-02-09 08:26:13,541 [grpc-default-executor-32] INFO  server.GrpcLogAppender (GrpcLogAppender.java:onError(401)) - s1@group-5D8BFF2AC38C->s0-GrpcLogAppender is already stopped
2023-02-09 08:26:13,541 [grpc-default-executor-31] INFO  server.GrpcLogAppender (GrpcLogAppender.java:onError(401)) - s1@group-5D8BFF2AC38C->s0-GrpcLogAppender is already stopped
2023-02-09 08:26:13,541 [grpc-default-executor-28] INFO  server.GrpcLogAppender (GrpcLogAppender.java:onError(401)) - s1@group-5D8BFF2AC38C->s0-GrpcLogAppender is already stopped
2023-02-09 08:26:13,541 [grpc-default-executor-14] INFO  server.GrpcLogAppender (GrpcLogAppender.java:onError(401)) - s1@group-5D8BFF2AC38C->s0-GrpcLogAppender is already stopped
2023-02-09 08:26:13,541 [grpc-default-executor-8] INFO  server.GrpcLogAppender (GrpcLogAppender.java:onError(401)) - s1@group-5D8BFF2AC38C->s0-GrpcLogAppender is already stopped
2023-02-09 08:26:13,542 [grpc-default-executor-33] INFO  server.GrpcLogAppender (GrpcLogAppender.java:onError(401)) - s1@group-5D8BFF2AC38C->s0-GrpcLogAppender is already stopped
2023-02-09 08:26:13,541 [grpc-default-executor-2] INFO  server.GrpcLogAppender (GrpcLogAppender.java:onError(401)) - s1@group-5D8BFF2AC38C->s0-GrpcLogAppender is already stopped
2023-02-09 08:26:13,541 [grpc-default-executor-18] INFO  server.GrpcLogAppender (GrpcLogAppender.java:onError(401)) - s1@group-5D8BFF2AC38C->s0-GrpcLogAppender is already stopped
2023-02-09 08:26:13,541 [grpc-default-executor-21] INFO  server.GrpcLogAppender (GrpcLogAppender.java:onError(401)) - s1@group-5D8BFF2AC38C->s0-GrpcLogAppender is already stopped
2023-02-09 08:26:13,541 [grpc-default-executor-9] INFO  server.GrpcLogAppender (GrpcLogAppender.java:onError(401)) - s1@group-5D8BFF2AC38C->s0-GrpcLogAppender is already stopped
2023-02-09 08:26:13,541 [grpc-default-executor-7] INFO  server.GrpcLogAppender (GrpcLogAppender.java:onError(401)) - s1@group-5D8BFF2AC38C->s0-GrpcLogAppender is already stopped
2023-02-09 08:26:13,541 [grpc-default-executor-5] INFO  server.GrpcLogAppender (GrpcLogAppender.java:onError(401)) - s1@group-5D8BFF2AC38C->s0-GrpcLogAppender is already stopped
2023-02-09 08:26:13,541 [grpc-default-executor-15] INFO  server.GrpcLogAppender (GrpcLogAppender.java:onError(401)) - s1@group-5D8BFF2AC38C->s0-GrpcLogAppender is already stopped
2023-02-09 08:26:13,541 [grpc-default-executor-13] INFO  server.GrpcLogAppender (GrpcLogAppender.java:onError(401)) - s1@group-5D8BFF2AC38C->s0-GrpcLogAppender is already stopped
2023-02-09 08:26:13,541 [grpc-default-executor-3] INFO  server.GrpcLogAppender (GrpcLogAppender.java:onError(401)) - s1@group-5D8BFF2AC38C->s0-GrpcLogAppender is already stopped
2023-02-09 08:26:13,541 [grpc-default-executor-10] INFO  server.GrpcLogAppender (GrpcLogAppender.java:onError(401)) - s1@group-5D8BFF2AC38C->s0-GrpcLogAppender is already stopped
2023-02-09 08:26:13,541 [grpc-default-executor-16] INFO  server.GrpcLogAppender (GrpcLogAppender.java:onError(401)) - s1@group-5D8BFF2AC38C->s0-GrpcLogAppender is already stopped
2023-02-09 08:26:13,542 [grpc-default-executor-8] INFO  server.GrpcLogAppender (GrpcLogAppender.java:onError(401)) - s1@group-5D8BFF2AC38C->s0-GrpcLogAppender is already stopped
2023-02-09 08:26:13,543 [grpc-default-executor-7] INFO  server.GrpcLogAppender (GrpcLogAppender.java:onError(401)) - s1@group-5D8BFF2AC38C->s0-GrpcLogAppender is already stopped
2023-02-09 08:26:13,541 [grpc-default-executor-12] INFO  server.GrpcLogAppender (GrpcLogAppender.java:onError(401)) - s1@group-5D8BFF2AC38C->s0-GrpcLogAppender is already stopped
2023-02-09 08:26:13,543 [grpc-default-executor-18] INFO  server.GrpcLogAppender (GrpcLogAppender.java:onError(401)) - s1@group-5D8BFF2AC38C->s0-GrpcLogAppender is already stopped
2023-02-09 08:26:13,543 [grpc-default-executor-33] INFO  server.GrpcLogAppender (GrpcLogAppender.java:onError(401)) - s1@group-5D8BFF2AC38C->s0-GrpcLogAppender is already stopped
2023-02-09 08:26:13,543 [grpc-default-executor-3] INFO  server.GrpcLogAppender (GrpcLogAppender.java:onError(401)) - s1@group-5D8BFF2AC38C->s0-GrpcLogAppender is already stopped
2023-02-09 08:26:13,543 [grpc-default-executor-15] INFO  server.GrpcLogAppender (GrpcLogAppender.java:onError(401)) - s1@group-5D8BFF2AC38C->s0-GrpcLogAppender is already stopped
2023-02-09 08:26:13,543 [grpc-default-executor-13] INFO  server.GrpcLogAppender (GrpcLogAppender.java:onError(401)) - s1@group-5D8BFF2AC38C->s0-GrpcLogAppender is already stopped
2023-02-09 08:26:13,543 [grpc-default-executor-5] INFO  server.GrpcLogAppender (GrpcLogAppender.java:onError(401)) - s1@group-5D8BFF2AC38C->s0-GrpcLogAppender is already stopped
2023-02-09 08:26:13,543 [grpc-default-executor-9] INFO  server.GrpcLogAppender (GrpcLogAppender.java:onError(401)) - s1@group-5D8BFF2AC38C->s0-GrpcLogAppender is already stopped
2023-02-09 08:26:13,541 [grpc-default-executor-20] INFO  server.GrpcLogAppender (GrpcLogAppender.java:onError(401)) - s1@group-5D8BFF2AC38C->s0-GrpcLogAppender is already stopped
2023-02-09 08:26:13,543 [grpc-default-executor-2] INFO  server.GrpcLogAppender (GrpcLogAppender.java:onError(401)) - s1@group-5D8BFF2AC38C->s0-GrpcLogAppender is already stopped
2023-02-09 08:26:13,543 [grpc-default-executor-31] INFO  server.GrpcLogAppender (GrpcLogAppender.java:onError(401)) - s1@group-5D8BFF2AC38C->s0-GrpcLogAppender is already stopped
2023-02-09 08:26:13,543 [grpc-default-executor-32] INFO  server.GrpcLogAppender (GrpcLogAppender.java:onError(401)) - s1@group-5D8BFF2AC38C->s0-GrpcLogAppender is already stopped
2023-02-09 08:26:13,543 [grpc-default-executor-28] INFO  server.GrpcLogAppender (GrpcLogAppender.java:onError(401)) - s1@group-5D8BFF2AC38C->s0-GrpcLogAppender is already stopped
2023-02-09 08:26:13,543 [grpc-default-executor-29] INFO  server.GrpcLogAppender (GrpcLogAppender.java:onError(401)) - s1@group-5D8BFF2AC38C->s0-GrpcLogAppender is already stopped
2023-02-09 08:26:13,541 [grpc-default-executor-19] INFO  server.GrpcLogAppender (GrpcLogAppender.java:onError(401)) - s1@group-5D8BFF2AC38C->s0-GrpcLogAppender is already stopped
2023-02-09 08:26:13,541 [grpc-default-executor-17] INFO  server.GrpcLogAppender (GrpcLogAppender.java:onError(401)) - s1@group-5D8BFF2AC38C->s0-GrpcLogAppender is already stopped
2023-02-09 08:26:13,541 [grpc-default-executor-11] INFO  server.GrpcLogAppender (GrpcLogAppender.java:onError(401)) - s1@group-5D8BFF2AC38C->s0-GrpcLogAppender is already stopped
2023-02-09 08:26:13,541 [grpc-default-executor-23] INFO  server.GrpcLogAppender (GrpcLogAppender.java:onError(401)) - s1@group-5D8BFF2AC38C->s0-GrpcLogAppender is already stopped
2023-02-09 08:26:13,541 [grpc-default-executor-22] INFO  server.GrpcLogAppender (GrpcLogAppender.java:onError(401)) - s1@group-5D8BFF2AC38C->s0-GrpcLogAppender is already stopped
2023-02-09 08:26:13,541 [grpc-default-executor-25] INFO  server.GrpcLogAppender (GrpcLogAppender.java:onError(401)) - s1@group-5D8BFF2AC38C->s0-GrpcLogAppender is already stopped
2023-02-09 08:26:13,541 [grpc-default-executor-30] INFO  server.GrpcLogAppender (GrpcLogAppender.java:onError(401)) - s1@group-5D8BFF2AC38C->s0-GrpcLogAppender is already stopped
2023-02-09 08:26:13,541 [grpc-default-executor-24] INFO  server.GrpcLogAppender (GrpcLogAppender.java:onError(401)) - s1@group-5D8BFF2AC38C->s0-GrpcLogAppender is already stopped
2023-02-09 08:26:13,540 [grpc-default-executor-27] INFO  server.GrpcLogAppender (GrpcLogAppender.java:onError(401)) - s1@group-5D8BFF2AC38C->s0-GrpcLogAppender is already stopped
2023-02-09 08:26:13,540 [grpc-default-executor-26] INFO  server.GrpcLogAppender (GrpcLogAppender.java:onError(401)) - s1@group-5D8BFF2AC38C->s0-GrpcLogAppender is already stopped
2023-02-09 08:26:13,543 [grpc-default-executor-34] INFO  server.GrpcLogAppender (GrpcLogAppender.java:onError(401)) - s1@group-5D8BFF2AC38C->s0-GrpcLogAppender is already stopped
2023-02-09 08:26:13,543 [grpc-default-executor-21] INFO  server.GrpcLogAppender (GrpcLogAppender.java:onError(401)) - s1@group-5D8BFF2AC38C->s0-GrpcLogAppender is already stopped
2023-02-09 08:26:13,543 [grpc-default-executor-14] INFO  server.GrpcLogAppender (GrpcLogAppender.java:onError(401)) - s1@group-5D8BFF2AC38C->s0-GrpcLogAppender is already stopped
2023-02-09 08:26:13,545 [grpc-default-executor-35] INFO  server.GrpcLogAppender (GrpcLogAppender.java:onError(401)) - s1@group-5D8BFF2AC38C->s0-GrpcLogAppender is already stopped
2023-02-09 08:26:13,544 [MiniRaftCluster-22] INFO  server.GrpcServerProtocolClient (GrpcServerProtocolClient.java:close(101)) - s2 Close channels
2023-02-09 08:26:13,544 [grpc-default-executor-9] INFO  server.GrpcLogAppender (GrpcLogAppender.java:onError(401)) - s1@group-5D8BFF2AC38C->s0-GrpcLogAppender is already stopped
2023-02-09 08:26:13,544 [grpc-default-executor-5] INFO  server.GrpcLogAppender (GrpcLogAppender.java:onError(401)) - s1@group-5D8BFF2AC38C->s0-GrpcLogAppender is already stopped
2023-02-09 08:26:13,544 [grpc-default-executor-20] INFO  server.GrpcLogAppender (GrpcLogAppender.java:onError(401)) - s1@group-5D8BFF2AC38C->s0-GrpcLogAppender is already stopped
2023-02-09 08:26:13,545 [MiniRaftCluster-22] INFO  server.GrpcService (GrpcService.java:closeImpl(320)) - s1: shutdown server org.apache.ratis.grpc.server.GrpcClientProtocolService successfully
2023-02-09 08:26:13,545 [MiniRaftCluster-22] INFO  server.GrpcService (GrpcService.java:closeImpl(311)) - s1: shutdown server GrpcServerProtocolService now
2023-02-09 08:26:13,545 [MiniRaftCluster-22] INFO  server.GrpcService (GrpcService.java:closeImpl(320)) - s1: shutdown server GrpcServerProtocolService successfully
2023-02-09 08:26:13,545 [MiniRaftCluster-22] INFO  server.GrpcService (GrpcService.java:closeImpl(311)) - s1: shutdown server org.apache.ratis.grpc.server.GrpcAdminProtocolService now
2023-02-09 08:26:13,547 [MiniRaftCluster-22] INFO  server.GrpcService (GrpcService.java:closeImpl(320)) - s1: shutdown server org.apache.ratis.grpc.server.GrpcAdminProtocolService successfully
2023-02-09 08:26:13,547 [JvmPauseMonitor13] INFO  util.JvmPauseMonitor (JvmPauseMonitor.java:run(111)) - JvmPauseMonitor-s1: Stopped
2023-02-09 08:26:13,547 [Time-limited test] INFO  impl.MiniRaftCluster (MiniRaftCluster.java:shutdown(855)) - MiniRaftClusterWithGrpc shutdown completed
]]></system-out>
  </testcase>
  <testcase name="testInstallSnapshotNotificationCount" classname="org.apache.ratis.grpc.TestInstallSnapshotNotificationWithGrpc" time="3.796"/>
</testsuite>