<?xml version="1.0" encoding="UTF-8"?>
<testsuite xmlns:xsi="http://www.w3.org/2001/XMLSchema-instance" xsi:noNamespaceSchemaLocation="https://maven.apache.org/surefire/maven-surefire-plugin/xsd/surefire-test-report.xsd" name="org.apache.ratis.server.simulation.TestLeaderElectionWithSimulatedRpc" time="42.5" tests="12" errors="0" skipped="0" failures="1">
  <properties>
    <property name="awt.toolkit" value="sun.awt.X11.XToolkit"/>
    <property name="file.encoding.pkg" value="sun.io"/>
    <property name="java.specification.version" value="1.8"/>
    <property name="sun.cpu.isalist" value=""/>
    <property name="sun.jnu.encoding" value="UTF-8"/>
    <property name="java.class.path" value="/home/runner/work/ratis/ratis/ratis-test/target/test-classes:/home/runner/work/ratis/ratis/ratis-test/target/classes:/home/runner/work/ratis/ratis/ratis-common/target/classes:/home/runner/.m2/repository/org/apache/ratis/ratis-thirdparty-misc/1.0.0/ratis-thirdparty-misc-1.0.0.jar:/home/runner/work/ratis/ratis/ratis-proto/target/ratis-proto-3.0.0-SNAPSHOT.jar:/home/runner/work/ratis/ratis/ratis-common/target/test-classes:/home/runner/work/ratis/ratis/ratis-client/target/classes:/home/runner/work/ratis/ratis/ratis-server/target/classes:/home/runner/work/ratis/ratis/ratis-server-api/target/classes:/home/runner/work/ratis/ratis/ratis-metrics/target/classes:/home/runner/.m2/repository/io/dropwizard/metrics/metrics-jmx/4.2.9/metrics-jmx-4.2.9.jar:/home/runner/work/ratis/ratis/ratis-server/target/test-classes:/home/runner/work/ratis/ratis/ratis-netty/target/classes:/home/runner/work/ratis/ratis/ratis-netty/target/test-classes:/home/runner/work/ratis/ratis/ratis-grpc/target/classes:/home/runner/work/ratis/ratis/ratis-grpc/target/test-classes:/home/runner/.m2/repository/org/slf4j/slf4j-api/1.7.29/slf4j-api-1.7.29.jar:/home/runner/.m2/repository/org/slf4j/slf4j-log4j12/1.7.29/slf4j-log4j12-1.7.29.jar:/home/runner/.m2/repository/log4j/log4j/1.2.17/log4j-1.2.17.jar:/home/runner/.m2/repository/junit/junit/4.13.2/junit-4.13.2.jar:/home/runner/.m2/repository/org/hamcrest/hamcrest-core/1.3/hamcrest-core-1.3.jar:/home/runner/.m2/repository/org/mockito/mockito-core/4.3.1/mockito-core-4.3.1.jar:/home/runner/.m2/repository/net/bytebuddy/byte-buddy/1.12.7/byte-buddy-1.12.7.jar:/home/runner/.m2/repository/net/bytebuddy/byte-buddy-agent/1.12.7/byte-buddy-agent-1.12.7.jar:/home/runner/.m2/repository/org/objenesis/objenesis/3.2/objenesis-3.2.jar:/home/runner/.m2/repository/io/dropwizard/metrics/metrics-jvm/4.2.9/metrics-jvm-4.2.9.jar:/home/runner/.m2/repository/io/dropwizard/metrics/metrics-core/4.2.9/metrics-core-4.2.9.jar:/home/runner/work/ratis/ratis/ratis-shell/target/classes:/home/runner/.m2/repository/commons-cli/commons-cli/1.5.0/commons-cli-1.5.0.jar:/home/runner/.m2/repository/org/reflections/reflections/0.10.2/reflections-0.10.2.jar:/home/runner/.m2/repository/org/javassist/javassist/3.28.0-GA/javassist-3.28.0-GA.jar:/home/runner/.m2/repository/com/google/code/findbugs/jsr305/3.0.2/jsr305-3.0.2.jar:"/>
    <property name="java.vm.vendor" value="Temurin"/>
    <property name="sun.arch.data.model" value="64"/>
    <property name="java.vendor.url" value="https://adoptium.net/"/>
    <property name="user.timezone" value=""/>
    <property name="java.vm.specification.version" value="1.8"/>
    <property name="os.name" value="Linux"/>
    <property name="sun.java.launcher" value="SUN_STANDARD"/>
    <property name="sun.boot.library.path" value="/usr/lib/jvm/temurin-8-jdk-amd64/jre/lib/amd64"/>
    <property name="sun.java.command" value="/home/runner/work/ratis/ratis/ratis-test/target/surefire/surefirebooter8932209470139024452.jar /home/runner/work/ratis/ratis/ratis-test/target/surefire 2022-06-20T14-43-34_692-jvmRun1 surefire958331911432153079tmp surefire_174297137332641706497tmp"/>
    <property name="surefire.test.class.path" value="/home/runner/work/ratis/ratis/ratis-test/target/test-classes:/home/runner/work/ratis/ratis/ratis-test/target/classes:/home/runner/work/ratis/ratis/ratis-common/target/classes:/home/runner/.m2/repository/org/apache/ratis/ratis-thirdparty-misc/1.0.0/ratis-thirdparty-misc-1.0.0.jar:/home/runner/work/ratis/ratis/ratis-proto/target/ratis-proto-3.0.0-SNAPSHOT.jar:/home/runner/work/ratis/ratis/ratis-common/target/test-classes:/home/runner/work/ratis/ratis/ratis-client/target/classes:/home/runner/work/ratis/ratis/ratis-server/target/classes:/home/runner/work/ratis/ratis/ratis-server-api/target/classes:/home/runner/work/ratis/ratis/ratis-metrics/target/classes:/home/runner/.m2/repository/io/dropwizard/metrics/metrics-jmx/4.2.9/metrics-jmx-4.2.9.jar:/home/runner/work/ratis/ratis/ratis-server/target/test-classes:/home/runner/work/ratis/ratis/ratis-netty/target/classes:/home/runner/work/ratis/ratis/ratis-netty/target/test-classes:/home/runner/work/ratis/ratis/ratis-grpc/target/classes:/home/runner/work/ratis/ratis/ratis-grpc/target/test-classes:/home/runner/.m2/repository/org/slf4j/slf4j-api/1.7.29/slf4j-api-1.7.29.jar:/home/runner/.m2/repository/org/slf4j/slf4j-log4j12/1.7.29/slf4j-log4j12-1.7.29.jar:/home/runner/.m2/repository/log4j/log4j/1.2.17/log4j-1.2.17.jar:/home/runner/.m2/repository/junit/junit/4.13.2/junit-4.13.2.jar:/home/runner/.m2/repository/org/hamcrest/hamcrest-core/1.3/hamcrest-core-1.3.jar:/home/runner/.m2/repository/org/mockito/mockito-core/4.3.1/mockito-core-4.3.1.jar:/home/runner/.m2/repository/net/bytebuddy/byte-buddy/1.12.7/byte-buddy-1.12.7.jar:/home/runner/.m2/repository/net/bytebuddy/byte-buddy-agent/1.12.7/byte-buddy-agent-1.12.7.jar:/home/runner/.m2/repository/org/objenesis/objenesis/3.2/objenesis-3.2.jar:/home/runner/.m2/repository/io/dropwizard/metrics/metrics-jvm/4.2.9/metrics-jvm-4.2.9.jar:/home/runner/.m2/repository/io/dropwizard/metrics/metrics-core/4.2.9/metrics-core-4.2.9.jar:/home/runner/work/ratis/ratis/ratis-shell/target/classes:/home/runner/.m2/repository/commons-cli/commons-cli/1.5.0/commons-cli-1.5.0.jar:/home/runner/.m2/repository/org/reflections/reflections/0.10.2/reflections-0.10.2.jar:/home/runner/.m2/repository/org/javassist/javassist/3.28.0-GA/javassist-3.28.0-GA.jar:/home/runner/.m2/repository/com/google/code/findbugs/jsr305/3.0.2/jsr305-3.0.2.jar:"/>
    <property name="sun.cpu.endian" value="little"/>
    <property name="user.home" value="/home/runner"/>
    <property name="user.language" value="en"/>
    <property name="java.specification.vendor" value="Oracle Corporation"/>
    <property name="java.home" value="/usr/lib/jvm/temurin-8-jdk-amd64/jre"/>
    <property name="basedir" value="/home/runner/work/ratis/ratis/ratis-test"/>
    <property name="file.separator" value="/"/>
    <property name="line.separator" value="&#10;"/>
    <property name="java.vm.specification.vendor" value="Oracle Corporation"/>
    <property name="java.specification.name" value="Java Platform API Specification"/>
    <property name="java.awt.graphicsenv" value="sun.awt.X11GraphicsEnvironment"/>
    <property name="surefire.real.class.path" value="/home/runner/work/ratis/ratis/ratis-test/target/surefire/surefirebooter8932209470139024452.jar"/>
    <property name="sun.boot.class.path" value="/usr/lib/jvm/temurin-8-jdk-amd64/jre/lib/resources.jar:/usr/lib/jvm/temurin-8-jdk-amd64/jre/lib/rt.jar:/usr/lib/jvm/temurin-8-jdk-amd64/jre/lib/sunrsasign.jar:/usr/lib/jvm/temurin-8-jdk-amd64/jre/lib/jsse.jar:/usr/lib/jvm/temurin-8-jdk-amd64/jre/lib/jce.jar:/usr/lib/jvm/temurin-8-jdk-amd64/jre/lib/charsets.jar:/usr/lib/jvm/temurin-8-jdk-amd64/jre/lib/jfr.jar:/usr/lib/jvm/temurin-8-jdk-amd64/jre/classes"/>
    <property name="sun.management.compiler" value="HotSpot 64-Bit Tiered Compilers"/>
    <property name="java.runtime.version" value="1.8.0_332-b09"/>
    <property name="java.net.preferIPv4Stack" value="true"/>
    <property name="user.name" value="runner"/>
    <property name="path.separator" value=":"/>
    <property name="os.version" value="5.4.0-1083-azure"/>
    <property name="java.endorsed.dirs" value="/usr/lib/jvm/temurin-8-jdk-amd64/jre/lib/endorsed"/>
    <property name="java.runtime.name" value="OpenJDK Runtime Environment"/>
    <property name="file.encoding" value="UTF-8"/>
    <property name="java.vm.name" value="OpenJDK 64-Bit Server VM"/>
    <property name="localRepository" value="/home/runner/.m2/repository"/>
    <property name="java.vendor.url.bug" value="https://github.com/adoptium/adoptium-support/issues"/>
    <property name="java.io.tmpdir" value="/tmp"/>
    <property name="java.version" value="1.8.0_332"/>
    <property name="user.dir" value="/home/runner/work/ratis/ratis/ratis-test"/>
    <property name="os.arch" value="amd64"/>
    <property name="ratis.tmp.dir" value="/home/runner/work/ratis/ratis/ratis-test/target/tmp"/>
    <property name="java.vm.specification.name" value="Java Virtual Machine Specification"/>
    <property name="java.awt.printerjob" value="sun.print.PSPrinterJob"/>
    <property name="ratis.log.dir" value="/home/runner/work/ratis/ratis/ratis-test/target/log"/>
    <property name="sun.os.patch.level" value="unknown"/>
    <property name="java.library.path" value="/usr/java/packages/lib/amd64:/usr/lib64:/lib64:/lib:/usr/lib"/>
    <property name="java.vm.info" value="mixed mode"/>
    <property name="java.vendor" value="Temurin"/>
    <property name="java.vm.version" value="25.332-b09"/>
    <property name="java.ext.dirs" value="/usr/lib/jvm/temurin-8-jdk-amd64/jre/lib/ext:/usr/java/packages/lib/ext"/>
    <property name="sun.io.unicode.encoding" value="UnicodeLittle"/>
    <property name="java.class.version" value="52.0"/>
  </properties>
  <testcase name="testEnforceLeader" classname="org.apache.ratis.server.simulation.TestLeaderElectionWithSimulatedRpc" time="11.381">
    <failure message="expected:&lt;s[4]&gt; but was:&lt;s[0]&gt;" type="org.junit.ComparisonFailure"><![CDATA[org.junit.ComparisonFailure: expected:<s[4]> but was:<s[0]>
	at org.junit.Assert.assertEquals(Assert.java:117)
	at org.junit.Assert.assertEquals(Assert.java:146)
	at org.apache.ratis.server.impl.LeaderElectionTests.enforceLeader(LeaderElectionTests.java:249)
	at org.apache.ratis.server.impl.LeaderElectionTests.testEnforceLeader(LeaderElectionTests.java:235)
	at sun.reflect.NativeMethodAccessorImpl.invoke0(Native Method)
	at sun.reflect.NativeMethodAccessorImpl.invoke(NativeMethodAccessorImpl.java:62)
	at sun.reflect.DelegatingMethodAccessorImpl.invoke(DelegatingMethodAccessorImpl.java:43)
	at java.lang.reflect.Method.invoke(Method.java:498)
	at org.junit.runners.model.FrameworkMethod$1.runReflectiveCall(FrameworkMethod.java:59)
	at org.junit.internal.runners.model.ReflectiveCallable.run(ReflectiveCallable.java:12)
	at org.junit.runners.model.FrameworkMethod.invokeExplosively(FrameworkMethod.java:56)
	at org.junit.internal.runners.statements.InvokeMethod.evaluate(InvokeMethod.java:17)
	at org.junit.internal.runners.statements.RunAfters.evaluate(RunAfters.java:27)
	at org.junit.internal.runners.statements.FailOnTimeout$CallableStatement.call(FailOnTimeout.java:299)
	at org.junit.internal.runners.statements.FailOnTimeout$CallableStatement.call(FailOnTimeout.java:293)
	at java.util.concurrent.FutureTask.run(FutureTask.java:266)
	at java.lang.Thread.run(Thread.java:750)
]]></failure>
    <system-out><![CDATA[2022-06-20 14:45:24,208 [main] INFO  util.LogUtils (Log4jUtils.java:setLogLevel(32)) - Set org.apache.ratis.conf.ConfUtils log level to WARN
2022-06-20 14:45:24,211 [main] INFO  util.LogUtils (Log4jUtils.java:setLogLevel(32)) - Set org.apache.ratis.util.FileUtils log level to TRACE
2022-06-20 14:45:24,215 [main] INFO  util.LogUtils (Log4jUtils.java:setLogLevel(32)) - Set org.apache.ratis.server.RaftServer$Division log level to DEBUG
2022-06-20 14:45:24,215 [main] INFO  util.LogUtils (Log4jUtils.java:setLogLevel(32)) - Set org.apache.ratis.client.RaftClient log level to DEBUG
2022-06-20 14:45:24,218 [Time-limited test] INFO  simulation.TestLeaderElectionWithSimulatedRpc (LeaderElectionTests.java:testEnforceLeader(223)) - Running testEnforceLeader
2022-06-20 14:45:24,231 [Time-limited test] INFO  simulation.MiniRaftClusterWithSimulatedRpc (ConfUtils.java:logGet(46)) - org.apache.ratis.server.simulation.SimulatedRequestReply.simulateLatencyMs = 0 (custom)
2022-06-20 14:45:24,276 [Time-limited test] INFO  impl.MiniRaftCluster (MiniRaftCluster.java:<init>(272)) - new MiniRaftClusterWithSimulatedRpc with group-AD521306E148:[s3|rpc:localhost:40171|admin:localhost:41625|client:localhost:33977|dataStream:localhost:44013|priority:0, s4|rpc:localhost:33595|admin:localhost:33437|client:localhost:36325|dataStream:localhost:46195|priority:0, s0|rpc:localhost:37803|admin:localhost:43483|client:localhost:45147|dataStream:localhost:37009|priority:0, s1|rpc:localhost:40679|admin:localhost:39243|client:localhost:35827|dataStream:localhost:36929|priority:0, s2|rpc:localhost:40201|admin:localhost:35363|client:localhost:39699|dataStream:localhost:40971|priority:0]
2022-06-20 14:45:24,277 [Time-limited test] INFO  impl.MiniRaftCluster (MiniRaftCluster.java:start(315)) - .............................................................. 
2022-06-20 14:45:24,277 [Time-limited test] INFO  impl.MiniRaftCluster (MiniRaftCluster.java:start(316)) - ... 
2022-06-20 14:45:24,277 [Time-limited test] INFO  impl.MiniRaftCluster (MiniRaftCluster.java:start(317)) - ...     Starting MiniRaftClusterWithSimulatedRpc
2022-06-20 14:45:24,277 [Time-limited test] INFO  impl.MiniRaftCluster (MiniRaftCluster.java:start(318)) - ... 
2022-06-20 14:45:24,277 [Time-limited test] INFO  impl.MiniRaftCluster (MiniRaftCluster.java:start(319)) - .............................................................. 
2022-06-20 14:45:24,277 [Time-limited test] INFO  impl.MiniRaftCluster (MiniRaftCluster.java:initServers(284)) - servers = {}
2022-06-20 14:45:24,283 [Time-limited test] INFO  impl.MiniRaftCluster (MiniRaftCluster.java:newRaftServer(358)) - newRaftServer: s3, group-AD521306E148:[s3|rpc:localhost:40171|admin:localhost:41625|client:localhost:33977|dataStream:localhost:44013|priority:0, s4|rpc:localhost:33595|admin:localhost:33437|client:localhost:36325|dataStream:localhost:46195|priority:0, s0|rpc:localhost:37803|admin:localhost:43483|client:localhost:45147|dataStream:localhost:37009|priority:0, s1|rpc:localhost:40679|admin:localhost:39243|client:localhost:35827|dataStream:localhost:36929|priority:0, s2|rpc:localhost:40201|admin:localhost:35363|client:localhost:39699|dataStream:localhost:40971|priority:0], format? true
2022-06-20 14:45:24,284 [Time-limited test] TRACE util.FileUtils (FileUtils.java:deleteFully(162)) - deleteFully target/test/data/109298b2/MiniRaftClusterWithSimulatedRpccc6bf63a/s3
2022-06-20 14:45:24,287 [Time-limited test] TRACE util.FileUtils (FileUtils.java:deleteFully(178)) - deleteFully: target/test/data/109298b2/MiniRaftClusterWithSimulatedRpccc6bf63a/s3 does not exist.
2022-06-20 14:45:24,289 [Time-limited test] INFO  impl.MiniRaftCluster (MiniRaftCluster.java:newRaftServer(363)) - Formatted directory target/test/data/109298b2/MiniRaftClusterWithSimulatedRpccc6bf63a/s3
2022-06-20 14:45:24,304 [Time-limited test] INFO  server.RaftServer (ConfUtils.java:logGet(46)) - raft.rpc.type = org.apache.ratis.server.simulation.SimulatedRpc (custom)
2022-06-20 14:45:24,333 [Time-limited test] INFO  impl.DataStreamServerImpl (ConfUtils.java:logGet(46)) - raft.datastream.type = DISABLED (default)
2022-06-20 14:45:24,357 [Time-limited test] INFO  server.RaftServerConfigKeys (ConfUtils.java:logGet(46)) - raft.server.threadpool.proxy.cached = true (default)
2022-06-20 14:45:24,358 [Time-limited test] INFO  server.RaftServerConfigKeys (ConfUtils.java:logGet(46)) - raft.server.threadpool.proxy.size = 0 (default)
2022-06-20 14:45:24,363 [Time-limited test] INFO  server.RaftServerConfigKeys (ConfUtils.java:logGet(46)) - raft.server.rpc.slowness.timeout = 60s (default)
2022-06-20 14:45:24,366 [Time-limited test] INFO  server.RaftServerConfigKeys (ConfUtils.java:logGet(46)) - raft.server.leaderelection.leader.step-down.wait-time = 10s (default)
2022-06-20 14:45:24,372 [Time-limited test] INFO  server.RaftServerConfigKeys (ConfUtils.java:logGet(46)) - raft.server.storage.dir = [/home/runner/work/ratis/ratis/ratis-test/target/test/data/109298b2/MiniRaftClusterWithSimulatedRpccc6bf63a/s3] (custom)
2022-06-20 14:45:24,380 [Time-limited test] INFO  server.RaftServer (RaftServerProxy.java:addNew(96)) - s3: addNew group-AD521306E148:[s3|rpc:localhost:40171|admin:localhost:41625|client:localhost:33977|dataStream:localhost:44013|priority:0, s4|rpc:localhost:33595|admin:localhost:33437|client:localhost:36325|dataStream:localhost:46195|priority:0, s0|rpc:localhost:37803|admin:localhost:43483|client:localhost:45147|dataStream:localhost:37009|priority:0, s1|rpc:localhost:40679|admin:localhost:39243|client:localhost:35827|dataStream:localhost:36929|priority:0, s2|rpc:localhost:40201|admin:localhost:35363|client:localhost:39699|dataStream:localhost:40971|priority:0] returns group-AD521306E148:java.util.concurrent.CompletableFuture@71404251[Not completed]
2022-06-20 14:45:24,380 [Time-limited test] INFO  impl.MiniRaftCluster (MiniRaftCluster.java:newRaftServer(358)) - newRaftServer: s4, group-AD521306E148:[s3|rpc:localhost:40171|admin:localhost:41625|client:localhost:33977|dataStream:localhost:44013|priority:0, s4|rpc:localhost:33595|admin:localhost:33437|client:localhost:36325|dataStream:localhost:46195|priority:0, s0|rpc:localhost:37803|admin:localhost:43483|client:localhost:45147|dataStream:localhost:37009|priority:0, s1|rpc:localhost:40679|admin:localhost:39243|client:localhost:35827|dataStream:localhost:36929|priority:0, s2|rpc:localhost:40201|admin:localhost:35363|client:localhost:39699|dataStream:localhost:40971|priority:0], format? true
2022-06-20 14:45:24,380 [Time-limited test] TRACE util.FileUtils (FileUtils.java:deleteFully(162)) - deleteFully target/test/data/109298b2/MiniRaftClusterWithSimulatedRpccc6bf63a/s4
2022-06-20 14:45:24,381 [Time-limited test] TRACE util.FileUtils (FileUtils.java:deleteFully(178)) - deleteFully: target/test/data/109298b2/MiniRaftClusterWithSimulatedRpccc6bf63a/s4 does not exist.
2022-06-20 14:45:24,381 [Time-limited test] INFO  impl.MiniRaftCluster (MiniRaftCluster.java:newRaftServer(363)) - Formatted directory target/test/data/109298b2/MiniRaftClusterWithSimulatedRpccc6bf63a/s4
2022-06-20 14:45:24,381 [Time-limited test] INFO  server.RaftServer (ConfUtils.java:logGet(46)) - raft.rpc.type = org.apache.ratis.server.simulation.SimulatedRpc (custom)
2022-06-20 14:45:24,381 [Time-limited test] INFO  impl.DataStreamServerImpl (ConfUtils.java:logGet(46)) - raft.datastream.type = DISABLED (default)
2022-06-20 14:45:24,381 [Time-limited test] INFO  server.RaftServerConfigKeys (ConfUtils.java:logGet(46)) - raft.server.threadpool.proxy.cached = true (default)
2022-06-20 14:45:24,382 [Time-limited test] INFO  server.RaftServerConfigKeys (ConfUtils.java:logGet(46)) - raft.server.threadpool.proxy.size = 0 (default)
2022-06-20 14:45:24,382 [Time-limited test] INFO  server.RaftServerConfigKeys (ConfUtils.java:logGet(46)) - raft.server.rpc.slowness.timeout = 60s (default)
2022-06-20 14:45:24,382 [Time-limited test] INFO  server.RaftServerConfigKeys (ConfUtils.java:logGet(46)) - raft.server.leaderelection.leader.step-down.wait-time = 10s (default)
2022-06-20 14:45:24,382 [Time-limited test] INFO  server.RaftServerConfigKeys (ConfUtils.java:logGet(46)) - raft.server.storage.dir = [/home/runner/work/ratis/ratis/ratis-test/target/test/data/109298b2/MiniRaftClusterWithSimulatedRpccc6bf63a/s4] (custom)
2022-06-20 14:45:24,394 [pool-1-thread-1] INFO  server.RaftServer$Division (RaftServerImpl.java:<init>(190)) - s3: new RaftServerImpl for group-AD521306E148:[s3|rpc:localhost:40171|admin:localhost:41625|client:localhost:33977|dataStream:localhost:44013|priority:0, s4|rpc:localhost:33595|admin:localhost:33437|client:localhost:36325|dataStream:localhost:46195|priority:0, s0|rpc:localhost:37803|admin:localhost:43483|client:localhost:45147|dataStream:localhost:37009|priority:0, s1|rpc:localhost:40679|admin:localhost:39243|client:localhost:35827|dataStream:localhost:36929|priority:0, s2|rpc:localhost:40201|admin:localhost:35363|client:localhost:39699|dataStream:localhost:40971|priority:0] with BaseStateMachine:uninitialized
2022-06-20 14:45:24,395 [pool-1-thread-1] INFO  server.RaftServerConfigKeys (ConfUtils.java:logGet(46)) - raft.server.rpc.timeout.min = 150ms (default)
2022-06-20 14:45:24,395 [pool-1-thread-1] INFO  server.RaftServerConfigKeys (ConfUtils.java:logGet(46)) - raft.server.rpc.timeout.max = 300ms (default)
2022-06-20 14:45:24,395 [pool-1-thread-1] INFO  server.RaftServerConfigKeys (ConfUtils.java:logGet(46)) - raft.server.rpc.sleep.time = 25ms (default)
2022-06-20 14:45:24,396 [pool-1-thread-1] INFO  server.RaftServerConfigKeys (ConfUtils.java:logGet(46)) - raft.server.rpc.slowness.timeout = 60s (default)
2022-06-20 14:45:24,396 [pool-1-thread-1] INFO  server.RaftServerConfigKeys (ConfUtils.java:logGet(46)) - raft.server.leaderelection.leader.step-down.wait-time = 10s (default)
2022-06-20 14:45:24,397 [pool-1-thread-1] INFO  server.RaftServerConfigKeys (ConfUtils.java:logGet(46)) - raft.server.sleep.deviation.threshold = 300ms (default)
2022-06-20 14:45:24,400 [Time-limited test] INFO  server.RaftServer (RaftServerProxy.java:addNew(96)) - s4: addNew group-AD521306E148:[s3|rpc:localhost:40171|admin:localhost:41625|client:localhost:33977|dataStream:localhost:44013|priority:0, s4|rpc:localhost:33595|admin:localhost:33437|client:localhost:36325|dataStream:localhost:46195|priority:0, s0|rpc:localhost:37803|admin:localhost:43483|client:localhost:45147|dataStream:localhost:37009|priority:0, s1|rpc:localhost:40679|admin:localhost:39243|client:localhost:35827|dataStream:localhost:36929|priority:0, s2|rpc:localhost:40201|admin:localhost:35363|client:localhost:39699|dataStream:localhost:40971|priority:0] returns group-AD521306E148:java.util.concurrent.CompletableFuture@10bbf83a[Not completed]
2022-06-20 14:45:24,400 [Time-limited test] INFO  impl.MiniRaftCluster (MiniRaftCluster.java:newRaftServer(358)) - newRaftServer: s0, group-AD521306E148:[s3|rpc:localhost:40171|admin:localhost:41625|client:localhost:33977|dataStream:localhost:44013|priority:0, s4|rpc:localhost:33595|admin:localhost:33437|client:localhost:36325|dataStream:localhost:46195|priority:0, s0|rpc:localhost:37803|admin:localhost:43483|client:localhost:45147|dataStream:localhost:37009|priority:0, s1|rpc:localhost:40679|admin:localhost:39243|client:localhost:35827|dataStream:localhost:36929|priority:0, s2|rpc:localhost:40201|admin:localhost:35363|client:localhost:39699|dataStream:localhost:40971|priority:0], format? true
2022-06-20 14:45:24,400 [Time-limited test] TRACE util.FileUtils (FileUtils.java:deleteFully(162)) - deleteFully target/test/data/109298b2/MiniRaftClusterWithSimulatedRpccc6bf63a/s0
2022-06-20 14:45:24,400 [pool-2-thread-1] INFO  server.RaftServer$Division (RaftServerImpl.java:<init>(190)) - s4: new RaftServerImpl for group-AD521306E148:[s3|rpc:localhost:40171|admin:localhost:41625|client:localhost:33977|dataStream:localhost:44013|priority:0, s4|rpc:localhost:33595|admin:localhost:33437|client:localhost:36325|dataStream:localhost:46195|priority:0, s0|rpc:localhost:37803|admin:localhost:43483|client:localhost:45147|dataStream:localhost:37009|priority:0, s1|rpc:localhost:40679|admin:localhost:39243|client:localhost:35827|dataStream:localhost:36929|priority:0, s2|rpc:localhost:40201|admin:localhost:35363|client:localhost:39699|dataStream:localhost:40971|priority:0] with BaseStateMachine:uninitialized
2022-06-20 14:45:24,400 [Time-limited test] TRACE util.FileUtils (FileUtils.java:deleteFully(178)) - deleteFully: target/test/data/109298b2/MiniRaftClusterWithSimulatedRpccc6bf63a/s0 does not exist.
2022-06-20 14:45:24,401 [Time-limited test] INFO  impl.MiniRaftCluster (MiniRaftCluster.java:newRaftServer(363)) - Formatted directory target/test/data/109298b2/MiniRaftClusterWithSimulatedRpccc6bf63a/s0
2022-06-20 14:45:24,401 [Time-limited test] INFO  server.RaftServer (ConfUtils.java:logGet(46)) - raft.rpc.type = org.apache.ratis.server.simulation.SimulatedRpc (custom)
2022-06-20 14:45:24,401 [Time-limited test] INFO  impl.DataStreamServerImpl (ConfUtils.java:logGet(46)) - raft.datastream.type = DISABLED (default)
2022-06-20 14:45:24,402 [Time-limited test] INFO  server.RaftServerConfigKeys (ConfUtils.java:logGet(46)) - raft.server.threadpool.proxy.cached = true (default)
2022-06-20 14:45:24,402 [Time-limited test] INFO  server.RaftServerConfigKeys (ConfUtils.java:logGet(46)) - raft.server.threadpool.proxy.size = 0 (default)
2022-06-20 14:45:24,402 [Time-limited test] INFO  server.RaftServerConfigKeys (ConfUtils.java:logGet(46)) - raft.server.rpc.slowness.timeout = 60s (default)
2022-06-20 14:45:24,402 [Time-limited test] INFO  server.RaftServerConfigKeys (ConfUtils.java:logGet(46)) - raft.server.leaderelection.leader.step-down.wait-time = 10s (default)
2022-06-20 14:45:24,402 [Time-limited test] INFO  server.RaftServerConfigKeys (ConfUtils.java:logGet(46)) - raft.server.storage.dir = [/home/runner/work/ratis/ratis/ratis-test/target/test/data/109298b2/MiniRaftClusterWithSimulatedRpccc6bf63a/s0] (custom)
2022-06-20 14:45:24,402 [pool-2-thread-1] INFO  server.RaftServerConfigKeys (ConfUtils.java:logGet(46)) - raft.server.rpc.timeout.min = 150ms (default)
2022-06-20 14:45:24,404 [pool-2-thread-1] INFO  server.RaftServerConfigKeys (ConfUtils.java:logGet(46)) - raft.server.rpc.timeout.max = 300ms (default)
2022-06-20 14:45:24,404 [pool-2-thread-1] INFO  server.RaftServerConfigKeys (ConfUtils.java:logGet(46)) - raft.server.rpc.sleep.time = 25ms (default)
2022-06-20 14:45:24,404 [pool-2-thread-1] INFO  server.RaftServerConfigKeys (ConfUtils.java:logGet(46)) - raft.server.rpc.slowness.timeout = 60s (default)
2022-06-20 14:45:24,404 [pool-2-thread-1] INFO  server.RaftServerConfigKeys (ConfUtils.java:logGet(46)) - raft.server.leaderelection.leader.step-down.wait-time = 10s (default)
2022-06-20 14:45:24,404 [pool-2-thread-1] INFO  server.RaftServerConfigKeys (ConfUtils.java:logGet(46)) - raft.server.sleep.deviation.threshold = 300ms (default)
2022-06-20 14:45:24,408 [pool-2-thread-1] INFO  server.RaftServer$Division (ServerState.java:<init>(107)) - s4@group-AD521306E148: ConfigurationManager, init=-1: [s3|rpc:localhost:40171|admin:localhost:41625|client:localhost:33977|dataStream:localhost:44013|priority:0, s4|rpc:localhost:33595|admin:localhost:33437|client:localhost:36325|dataStream:localhost:46195|priority:0, s0|rpc:localhost:37803|admin:localhost:43483|client:localhost:45147|dataStream:localhost:37009|priority:0, s1|rpc:localhost:40679|admin:localhost:39243|client:localhost:35827|dataStream:localhost:36929|priority:0, s2|rpc:localhost:40201|admin:localhost:35363|client:localhost:39699|dataStream:localhost:40971|priority:0], old=null, confs=<EMPTY_MAP>
2022-06-20 14:45:24,408 [pool-2-thread-1] INFO  server.RaftServerConfigKeys (ConfUtils.java:logGet(46)) - raft.server.storage.dir = [/home/runner/work/ratis/ratis/ratis-test/target/test/data/109298b2/MiniRaftClusterWithSimulatedRpccc6bf63a/s4] (custom)
2022-06-20 14:45:24,411 [pool-1-thread-1] INFO  server.RaftServer$Division (ServerState.java:<init>(107)) - s3@group-AD521306E148: ConfigurationManager, init=-1: [s3|rpc:localhost:40171|admin:localhost:41625|client:localhost:33977|dataStream:localhost:44013|priority:0, s4|rpc:localhost:33595|admin:localhost:33437|client:localhost:36325|dataStream:localhost:46195|priority:0, s0|rpc:localhost:37803|admin:localhost:43483|client:localhost:45147|dataStream:localhost:37009|priority:0, s1|rpc:localhost:40679|admin:localhost:39243|client:localhost:35827|dataStream:localhost:36929|priority:0, s2|rpc:localhost:40201|admin:localhost:35363|client:localhost:39699|dataStream:localhost:40971|priority:0], old=null, confs=<EMPTY_MAP>
2022-06-20 14:45:24,411 [pool-1-thread-1] INFO  server.RaftServerConfigKeys (ConfUtils.java:logGet(46)) - raft.server.storage.dir = [/home/runner/work/ratis/ratis/ratis-test/target/test/data/109298b2/MiniRaftClusterWithSimulatedRpccc6bf63a/s3] (custom)
2022-06-20 14:45:24,415 [pool-2-thread-1] INFO  server.RaftServerConfigKeys (ConfUtils.java:logGet(46)) - raft.server.log.corruption.policy = EXCEPTION (default)
2022-06-20 14:45:24,416 [pool-2-thread-1] INFO  server.RaftServerConfigKeys (ConfUtils.java:logGet(46)) - raft.server.storage.free-space.min = 0MB (=0) (default)
2022-06-20 14:45:24,418 [pool-1-thread-1] INFO  server.RaftServerConfigKeys (ConfUtils.java:logGet(46)) - raft.server.log.corruption.policy = EXCEPTION (default)
2022-06-20 14:45:24,418 [pool-1-thread-1] INFO  server.RaftServerConfigKeys (ConfUtils.java:logGet(46)) - raft.server.storage.free-space.min = 0MB (=0) (default)
2022-06-20 14:45:24,420 [pool-1-thread-1] INFO  storage.RaftStorageDirectory (RaftStorageDirectoryImpl.java:analyzeStorage(135)) - The storage directory /home/runner/work/ratis/ratis/ratis-test/target/test/data/109298b2/MiniRaftClusterWithSimulatedRpccc6bf63a/s3/1cfb22d2-ca22-46c5-b7bb-ad521306e148 does not exist. Creating ...
2022-06-20 14:45:24,420 [pool-2-thread-1] INFO  storage.RaftStorageDirectory (RaftStorageDirectoryImpl.java:analyzeStorage(135)) - The storage directory /home/runner/work/ratis/ratis/ratis-test/target/test/data/109298b2/MiniRaftClusterWithSimulatedRpccc6bf63a/s4/1cfb22d2-ca22-46c5-b7bb-ad521306e148 does not exist. Creating ...
2022-06-20 14:45:24,422 [pool-2-thread-1] TRACE util.FileUtils (LogUtils.java:runAndLog(49)) - Successfully ran Files.createDirectories /home/runner/work/ratis/ratis/ratis-test/target/test/data/109298b2/MiniRaftClusterWithSimulatedRpccc6bf63a/s4/1cfb22d2-ca22-46c5-b7bb-ad521306e148
2022-06-20 14:45:24,422 [Time-limited test] INFO  server.RaftServer (RaftServerProxy.java:addNew(96)) - s0: addNew group-AD521306E148:[s3|rpc:localhost:40171|admin:localhost:41625|client:localhost:33977|dataStream:localhost:44013|priority:0, s4|rpc:localhost:33595|admin:localhost:33437|client:localhost:36325|dataStream:localhost:46195|priority:0, s0|rpc:localhost:37803|admin:localhost:43483|client:localhost:45147|dataStream:localhost:37009|priority:0, s1|rpc:localhost:40679|admin:localhost:39243|client:localhost:35827|dataStream:localhost:36929|priority:0, s2|rpc:localhost:40201|admin:localhost:35363|client:localhost:39699|dataStream:localhost:40971|priority:0] returns group-AD521306E148:java.util.concurrent.CompletableFuture@3f8d8f7b[Not completed]
2022-06-20 14:45:24,422 [Time-limited test] INFO  impl.MiniRaftCluster (MiniRaftCluster.java:newRaftServer(358)) - newRaftServer: s1, group-AD521306E148:[s3|rpc:localhost:40171|admin:localhost:41625|client:localhost:33977|dataStream:localhost:44013|priority:0, s4|rpc:localhost:33595|admin:localhost:33437|client:localhost:36325|dataStream:localhost:46195|priority:0, s0|rpc:localhost:37803|admin:localhost:43483|client:localhost:45147|dataStream:localhost:37009|priority:0, s1|rpc:localhost:40679|admin:localhost:39243|client:localhost:35827|dataStream:localhost:36929|priority:0, s2|rpc:localhost:40201|admin:localhost:35363|client:localhost:39699|dataStream:localhost:40971|priority:0], format? true
2022-06-20 14:45:24,423 [Time-limited test] TRACE util.FileUtils (FileUtils.java:deleteFully(162)) - deleteFully target/test/data/109298b2/MiniRaftClusterWithSimulatedRpccc6bf63a/s1
2022-06-20 14:45:24,423 [Time-limited test] TRACE util.FileUtils (FileUtils.java:deleteFully(178)) - deleteFully: target/test/data/109298b2/MiniRaftClusterWithSimulatedRpccc6bf63a/s1 does not exist.
2022-06-20 14:45:24,423 [Time-limited test] INFO  impl.MiniRaftCluster (MiniRaftCluster.java:newRaftServer(363)) - Formatted directory target/test/data/109298b2/MiniRaftClusterWithSimulatedRpccc6bf63a/s1
2022-06-20 14:45:24,423 [Time-limited test] INFO  server.RaftServer (ConfUtils.java:logGet(46)) - raft.rpc.type = org.apache.ratis.server.simulation.SimulatedRpc (custom)
2022-06-20 14:45:24,423 [Time-limited test] INFO  impl.DataStreamServerImpl (ConfUtils.java:logGet(46)) - raft.datastream.type = DISABLED (default)
2022-06-20 14:45:24,423 [Time-limited test] INFO  server.RaftServerConfigKeys (ConfUtils.java:logGet(46)) - raft.server.threadpool.proxy.cached = true (default)
2022-06-20 14:45:24,424 [Time-limited test] INFO  server.RaftServerConfigKeys (ConfUtils.java:logGet(46)) - raft.server.threadpool.proxy.size = 0 (default)
2022-06-20 14:45:24,424 [Time-limited test] INFO  server.RaftServerConfigKeys (ConfUtils.java:logGet(46)) - raft.server.rpc.slowness.timeout = 60s (default)
2022-06-20 14:45:24,424 [Time-limited test] INFO  server.RaftServerConfigKeys (ConfUtils.java:logGet(46)) - raft.server.leaderelection.leader.step-down.wait-time = 10s (default)
2022-06-20 14:45:24,424 [Time-limited test] INFO  server.RaftServerConfigKeys (ConfUtils.java:logGet(46)) - raft.server.storage.dir = [/home/runner/work/ratis/ratis/ratis-test/target/test/data/109298b2/MiniRaftClusterWithSimulatedRpccc6bf63a/s1] (custom)
2022-06-20 14:45:24,425 [pool-1-thread-1] TRACE util.FileUtils (LogUtils.java:runAndLog(49)) - Successfully ran Files.createDirectories /home/runner/work/ratis/ratis/ratis-test/target/test/data/109298b2/MiniRaftClusterWithSimulatedRpccc6bf63a/s3/1cfb22d2-ca22-46c5-b7bb-ad521306e148
2022-06-20 14:45:24,426 [pool-3-thread-1] INFO  server.RaftServer$Division (RaftServerImpl.java:<init>(190)) - s0: new RaftServerImpl for group-AD521306E148:[s3|rpc:localhost:40171|admin:localhost:41625|client:localhost:33977|dataStream:localhost:44013|priority:0, s4|rpc:localhost:33595|admin:localhost:33437|client:localhost:36325|dataStream:localhost:46195|priority:0, s0|rpc:localhost:37803|admin:localhost:43483|client:localhost:45147|dataStream:localhost:37009|priority:0, s1|rpc:localhost:40679|admin:localhost:39243|client:localhost:35827|dataStream:localhost:36929|priority:0, s2|rpc:localhost:40201|admin:localhost:35363|client:localhost:39699|dataStream:localhost:40971|priority:0] with BaseStateMachine:uninitialized
2022-06-20 14:45:24,426 [pool-3-thread-1] INFO  server.RaftServerConfigKeys (ConfUtils.java:logGet(46)) - raft.server.rpc.timeout.min = 150ms (default)
2022-06-20 14:45:24,426 [pool-3-thread-1] INFO  server.RaftServerConfigKeys (ConfUtils.java:logGet(46)) - raft.server.rpc.timeout.max = 300ms (default)
2022-06-20 14:45:24,426 [pool-3-thread-1] INFO  server.RaftServerConfigKeys (ConfUtils.java:logGet(46)) - raft.server.rpc.sleep.time = 25ms (default)
2022-06-20 14:45:24,426 [pool-3-thread-1] INFO  server.RaftServerConfigKeys (ConfUtils.java:logGet(46)) - raft.server.rpc.slowness.timeout = 60s (default)
2022-06-20 14:45:24,426 [pool-3-thread-1] INFO  server.RaftServerConfigKeys (ConfUtils.java:logGet(46)) - raft.server.leaderelection.leader.step-down.wait-time = 10s (default)
2022-06-20 14:45:24,427 [Time-limited test] INFO  server.RaftServer (RaftServerProxy.java:addNew(96)) - s1: addNew group-AD521306E148:[s3|rpc:localhost:40171|admin:localhost:41625|client:localhost:33977|dataStream:localhost:44013|priority:0, s4|rpc:localhost:33595|admin:localhost:33437|client:localhost:36325|dataStream:localhost:46195|priority:0, s0|rpc:localhost:37803|admin:localhost:43483|client:localhost:45147|dataStream:localhost:37009|priority:0, s1|rpc:localhost:40679|admin:localhost:39243|client:localhost:35827|dataStream:localhost:36929|priority:0, s2|rpc:localhost:40201|admin:localhost:35363|client:localhost:39699|dataStream:localhost:40971|priority:0] returns group-AD521306E148:java.util.concurrent.CompletableFuture@4b27d794[Not completed]
2022-06-20 14:45:24,427 [Time-limited test] INFO  impl.MiniRaftCluster (MiniRaftCluster.java:newRaftServer(358)) - newRaftServer: s2, group-AD521306E148:[s3|rpc:localhost:40171|admin:localhost:41625|client:localhost:33977|dataStream:localhost:44013|priority:0, s4|rpc:localhost:33595|admin:localhost:33437|client:localhost:36325|dataStream:localhost:46195|priority:0, s0|rpc:localhost:37803|admin:localhost:43483|client:localhost:45147|dataStream:localhost:37009|priority:0, s1|rpc:localhost:40679|admin:localhost:39243|client:localhost:35827|dataStream:localhost:36929|priority:0, s2|rpc:localhost:40201|admin:localhost:35363|client:localhost:39699|dataStream:localhost:40971|priority:0], format? true
2022-06-20 14:45:24,428 [Time-limited test] TRACE util.FileUtils (FileUtils.java:deleteFully(162)) - deleteFully target/test/data/109298b2/MiniRaftClusterWithSimulatedRpccc6bf63a/s2
2022-06-20 14:45:24,428 [Time-limited test] TRACE util.FileUtils (FileUtils.java:deleteFully(178)) - deleteFully: target/test/data/109298b2/MiniRaftClusterWithSimulatedRpccc6bf63a/s2 does not exist.
2022-06-20 14:45:24,428 [Time-limited test] INFO  impl.MiniRaftCluster (MiniRaftCluster.java:newRaftServer(363)) - Formatted directory target/test/data/109298b2/MiniRaftClusterWithSimulatedRpccc6bf63a/s2
2022-06-20 14:45:24,428 [Time-limited test] INFO  server.RaftServer (ConfUtils.java:logGet(46)) - raft.rpc.type = org.apache.ratis.server.simulation.SimulatedRpc (custom)
2022-06-20 14:45:24,428 [Time-limited test] INFO  impl.DataStreamServerImpl (ConfUtils.java:logGet(46)) - raft.datastream.type = DISABLED (default)
2022-06-20 14:45:24,428 [Time-limited test] INFO  server.RaftServerConfigKeys (ConfUtils.java:logGet(46)) - raft.server.threadpool.proxy.cached = true (default)
2022-06-20 14:45:24,429 [Time-limited test] INFO  server.RaftServerConfigKeys (ConfUtils.java:logGet(46)) - raft.server.threadpool.proxy.size = 0 (default)
2022-06-20 14:45:24,429 [Time-limited test] INFO  server.RaftServerConfigKeys (ConfUtils.java:logGet(46)) - raft.server.rpc.slowness.timeout = 60s (default)
2022-06-20 14:45:24,429 [Time-limited test] INFO  server.RaftServerConfigKeys (ConfUtils.java:logGet(46)) - raft.server.leaderelection.leader.step-down.wait-time = 10s (default)
2022-06-20 14:45:24,429 [Time-limited test] INFO  server.RaftServerConfigKeys (ConfUtils.java:logGet(46)) - raft.server.storage.dir = [/home/runner/work/ratis/ratis/ratis-test/target/test/data/109298b2/MiniRaftClusterWithSimulatedRpccc6bf63a/s2] (custom)
2022-06-20 14:45:24,429 [pool-4-thread-1] INFO  server.RaftServer$Division (RaftServerImpl.java:<init>(190)) - s1: new RaftServerImpl for group-AD521306E148:[s3|rpc:localhost:40171|admin:localhost:41625|client:localhost:33977|dataStream:localhost:44013|priority:0, s4|rpc:localhost:33595|admin:localhost:33437|client:localhost:36325|dataStream:localhost:46195|priority:0, s0|rpc:localhost:37803|admin:localhost:43483|client:localhost:45147|dataStream:localhost:37009|priority:0, s1|rpc:localhost:40679|admin:localhost:39243|client:localhost:35827|dataStream:localhost:36929|priority:0, s2|rpc:localhost:40201|admin:localhost:35363|client:localhost:39699|dataStream:localhost:40971|priority:0] with BaseStateMachine:uninitialized
2022-06-20 14:45:24,430 [pool-4-thread-1] INFO  server.RaftServerConfigKeys (ConfUtils.java:logGet(46)) - raft.server.rpc.timeout.min = 150ms (default)
2022-06-20 14:45:24,432 [pool-4-thread-1] INFO  server.RaftServerConfigKeys (ConfUtils.java:logGet(46)) - raft.server.rpc.timeout.max = 300ms (default)
2022-06-20 14:45:24,430 [pool-3-thread-1] INFO  server.RaftServerConfigKeys (ConfUtils.java:logGet(46)) - raft.server.sleep.deviation.threshold = 300ms (default)
2022-06-20 14:45:24,432 [pool-4-thread-1] INFO  server.RaftServerConfigKeys (ConfUtils.java:logGet(46)) - raft.server.rpc.sleep.time = 25ms (default)
2022-06-20 14:45:24,432 [pool-5-thread-1] INFO  server.RaftServer$Division (RaftServerImpl.java:<init>(190)) - s2: new RaftServerImpl for group-AD521306E148:[s3|rpc:localhost:40171|admin:localhost:41625|client:localhost:33977|dataStream:localhost:44013|priority:0, s4|rpc:localhost:33595|admin:localhost:33437|client:localhost:36325|dataStream:localhost:46195|priority:0, s0|rpc:localhost:37803|admin:localhost:43483|client:localhost:45147|dataStream:localhost:37009|priority:0, s1|rpc:localhost:40679|admin:localhost:39243|client:localhost:35827|dataStream:localhost:36929|priority:0, s2|rpc:localhost:40201|admin:localhost:35363|client:localhost:39699|dataStream:localhost:40971|priority:0] with BaseStateMachine:uninitialized
2022-06-20 14:45:24,433 [pool-5-thread-1] INFO  server.RaftServerConfigKeys (ConfUtils.java:logGet(46)) - raft.server.rpc.timeout.min = 150ms (default)
2022-06-20 14:45:24,433 [pool-5-thread-1] INFO  server.RaftServerConfigKeys (ConfUtils.java:logGet(46)) - raft.server.rpc.timeout.max = 300ms (default)
2022-06-20 14:45:24,433 [pool-5-thread-1] INFO  server.RaftServerConfigKeys (ConfUtils.java:logGet(46)) - raft.server.rpc.sleep.time = 25ms (default)
2022-06-20 14:45:24,433 [pool-5-thread-1] INFO  server.RaftServerConfigKeys (ConfUtils.java:logGet(46)) - raft.server.rpc.slowness.timeout = 60s (default)
2022-06-20 14:45:24,433 [pool-5-thread-1] INFO  server.RaftServerConfigKeys (ConfUtils.java:logGet(46)) - raft.server.leaderelection.leader.step-down.wait-time = 10s (default)
2022-06-20 14:45:24,433 [pool-5-thread-1] INFO  server.RaftServerConfigKeys (ConfUtils.java:logGet(46)) - raft.server.sleep.deviation.threshold = 300ms (default)
2022-06-20 14:45:24,433 [pool-5-thread-1] INFO  server.RaftServer$Division (ServerState.java:<init>(107)) - s2@group-AD521306E148: ConfigurationManager, init=-1: [s3|rpc:localhost:40171|admin:localhost:41625|client:localhost:33977|dataStream:localhost:44013|priority:0, s4|rpc:localhost:33595|admin:localhost:33437|client:localhost:36325|dataStream:localhost:46195|priority:0, s0|rpc:localhost:37803|admin:localhost:43483|client:localhost:45147|dataStream:localhost:37009|priority:0, s1|rpc:localhost:40679|admin:localhost:39243|client:localhost:35827|dataStream:localhost:36929|priority:0, s2|rpc:localhost:40201|admin:localhost:35363|client:localhost:39699|dataStream:localhost:40971|priority:0], old=null, confs=<EMPTY_MAP>
2022-06-20 14:45:24,433 [pool-5-thread-1] INFO  server.RaftServerConfigKeys (ConfUtils.java:logGet(46)) - raft.server.storage.dir = [/home/runner/work/ratis/ratis/ratis-test/target/test/data/109298b2/MiniRaftClusterWithSimulatedRpccc6bf63a/s2] (custom)
2022-06-20 14:45:24,432 [Time-limited test] INFO  server.RaftServer (RaftServerProxy.java:addNew(96)) - s2: addNew group-AD521306E148:[s3|rpc:localhost:40171|admin:localhost:41625|client:localhost:33977|dataStream:localhost:44013|priority:0, s4|rpc:localhost:33595|admin:localhost:33437|client:localhost:36325|dataStream:localhost:46195|priority:0, s0|rpc:localhost:37803|admin:localhost:43483|client:localhost:45147|dataStream:localhost:37009|priority:0, s1|rpc:localhost:40679|admin:localhost:39243|client:localhost:35827|dataStream:localhost:36929|priority:0, s2|rpc:localhost:40201|admin:localhost:35363|client:localhost:39699|dataStream:localhost:40971|priority:0] returns group-AD521306E148:java.util.concurrent.CompletableFuture@566806af[Not completed]
2022-06-20 14:45:24,432 [pool-1-thread-1] INFO  storage.RaftStorageDirectory (RaftStorageDirectoryImpl.java:tryLock(230)) - Lock on /home/runner/work/ratis/ratis/ratis-test/target/test/data/109298b2/MiniRaftClusterWithSimulatedRpccc6bf63a/s3/1cfb22d2-ca22-46c5-b7bb-ad521306e148/in_use.lock acquired by nodename 6394@fv-az223-267.yvdtcyk4fxruhab3fij3c3d4ph.cx.internal.cloudapp.net
2022-06-20 14:45:24,435 [pool-1-thread-1] TRACE util.FileUtils (LogUtils.java:runAndLog(49)) - Successfully ran Files.createDirectories /home/runner/work/ratis/ratis/ratis-test/target/test/data/109298b2/MiniRaftClusterWithSimulatedRpccc6bf63a/s3/1cfb22d2-ca22-46c5-b7bb-ad521306e148/current
2022-06-20 14:45:24,435 [pool-1-thread-1] TRACE util.FileUtils (LogUtils.java:runAndLog(49)) - Successfully ran Files.createDirectories /home/runner/work/ratis/ratis/ratis-test/target/test/data/109298b2/MiniRaftClusterWithSimulatedRpccc6bf63a/s3/1cfb22d2-ca22-46c5-b7bb-ad521306e148/sm
2022-06-20 14:45:24,432 [pool-2-thread-1] INFO  storage.RaftStorageDirectory (RaftStorageDirectoryImpl.java:tryLock(230)) - Lock on /home/runner/work/ratis/ratis/ratis-test/target/test/data/109298b2/MiniRaftClusterWithSimulatedRpccc6bf63a/s4/1cfb22d2-ca22-46c5-b7bb-ad521306e148/in_use.lock acquired by nodename 6394@fv-az223-267.yvdtcyk4fxruhab3fij3c3d4ph.cx.internal.cloudapp.net
2022-06-20 14:45:24,436 [pool-2-thread-1] TRACE util.FileUtils (LogUtils.java:runAndLog(49)) - Successfully ran Files.createDirectories /home/runner/work/ratis/ratis/ratis-test/target/test/data/109298b2/MiniRaftClusterWithSimulatedRpccc6bf63a/s4/1cfb22d2-ca22-46c5-b7bb-ad521306e148/current
2022-06-20 14:45:24,436 [pool-2-thread-1] TRACE util.FileUtils (LogUtils.java:runAndLog(49)) - Successfully ran Files.createDirectories /home/runner/work/ratis/ratis/ratis-test/target/test/data/109298b2/MiniRaftClusterWithSimulatedRpccc6bf63a/s4/1cfb22d2-ca22-46c5-b7bb-ad521306e148/sm
2022-06-20 14:45:24,434 [pool-5-thread-1] INFO  server.RaftServerConfigKeys (ConfUtils.java:logGet(46)) - raft.server.log.corruption.policy = EXCEPTION (default)
2022-06-20 14:45:24,446 [pool-5-thread-1] INFO  server.RaftServerConfigKeys (ConfUtils.java:logGet(46)) - raft.server.storage.free-space.min = 0MB (=0) (default)
2022-06-20 14:45:24,433 [pool-4-thread-1] INFO  server.RaftServerConfigKeys (ConfUtils.java:logGet(46)) - raft.server.rpc.slowness.timeout = 60s (default)
2022-06-20 14:45:24,447 [pool-4-thread-1] INFO  server.RaftServerConfigKeys (ConfUtils.java:logGet(46)) - raft.server.leaderelection.leader.step-down.wait-time = 10s (default)
2022-06-20 14:45:24,448 [pool-4-thread-1] INFO  server.RaftServerConfigKeys (ConfUtils.java:logGet(46)) - raft.server.sleep.deviation.threshold = 300ms (default)
2022-06-20 14:45:24,448 [pool-4-thread-1] INFO  server.RaftServer$Division (ServerState.java:<init>(107)) - s1@group-AD521306E148: ConfigurationManager, init=-1: [s3|rpc:localhost:40171|admin:localhost:41625|client:localhost:33977|dataStream:localhost:44013|priority:0, s4|rpc:localhost:33595|admin:localhost:33437|client:localhost:36325|dataStream:localhost:46195|priority:0, s0|rpc:localhost:37803|admin:localhost:43483|client:localhost:45147|dataStream:localhost:37009|priority:0, s1|rpc:localhost:40679|admin:localhost:39243|client:localhost:35827|dataStream:localhost:36929|priority:0, s2|rpc:localhost:40201|admin:localhost:35363|client:localhost:39699|dataStream:localhost:40971|priority:0], old=null, confs=<EMPTY_MAP>
2022-06-20 14:45:24,448 [pool-4-thread-1] INFO  server.RaftServerConfigKeys (ConfUtils.java:logGet(46)) - raft.server.storage.dir = [/home/runner/work/ratis/ratis/ratis-test/target/test/data/109298b2/MiniRaftClusterWithSimulatedRpccc6bf63a/s1] (custom)
2022-06-20 14:45:24,449 [pool-4-thread-1] INFO  server.RaftServerConfigKeys (ConfUtils.java:logGet(46)) - raft.server.log.corruption.policy = EXCEPTION (default)
2022-06-20 14:45:24,449 [pool-4-thread-1] INFO  server.RaftServerConfigKeys (ConfUtils.java:logGet(46)) - raft.server.storage.free-space.min = 0MB (=0) (default)
2022-06-20 14:45:24,449 [pool-4-thread-1] INFO  storage.RaftStorageDirectory (RaftStorageDirectoryImpl.java:analyzeStorage(135)) - The storage directory /home/runner/work/ratis/ratis/ratis-test/target/test/data/109298b2/MiniRaftClusterWithSimulatedRpccc6bf63a/s1/1cfb22d2-ca22-46c5-b7bb-ad521306e148 does not exist. Creating ...
2022-06-20 14:45:24,450 [pool-4-thread-1] TRACE util.FileUtils (LogUtils.java:runAndLog(49)) - Successfully ran Files.createDirectories /home/runner/work/ratis/ratis/ratis-test/target/test/data/109298b2/MiniRaftClusterWithSimulatedRpccc6bf63a/s1/1cfb22d2-ca22-46c5-b7bb-ad521306e148
2022-06-20 14:45:24,432 [pool-3-thread-1] INFO  server.RaftServer$Division (ServerState.java:<init>(107)) - s0@group-AD521306E148: ConfigurationManager, init=-1: [s3|rpc:localhost:40171|admin:localhost:41625|client:localhost:33977|dataStream:localhost:44013|priority:0, s4|rpc:localhost:33595|admin:localhost:33437|client:localhost:36325|dataStream:localhost:46195|priority:0, s0|rpc:localhost:37803|admin:localhost:43483|client:localhost:45147|dataStream:localhost:37009|priority:0, s1|rpc:localhost:40679|admin:localhost:39243|client:localhost:35827|dataStream:localhost:36929|priority:0, s2|rpc:localhost:40201|admin:localhost:35363|client:localhost:39699|dataStream:localhost:40971|priority:0], old=null, confs=<EMPTY_MAP>
2022-06-20 14:45:24,454 [pool-3-thread-1] INFO  server.RaftServerConfigKeys (ConfUtils.java:logGet(46)) - raft.server.storage.dir = [/home/runner/work/ratis/ratis/ratis-test/target/test/data/109298b2/MiniRaftClusterWithSimulatedRpccc6bf63a/s0] (custom)
2022-06-20 14:45:24,455 [pool-3-thread-1] INFO  server.RaftServerConfigKeys (ConfUtils.java:logGet(46)) - raft.server.log.corruption.policy = EXCEPTION (default)
2022-06-20 14:45:24,455 [pool-3-thread-1] INFO  server.RaftServerConfigKeys (ConfUtils.java:logGet(46)) - raft.server.storage.free-space.min = 0MB (=0) (default)
2022-06-20 14:45:24,455 [pool-3-thread-1] INFO  storage.RaftStorageDirectory (RaftStorageDirectoryImpl.java:analyzeStorage(135)) - The storage directory /home/runner/work/ratis/ratis/ratis-test/target/test/data/109298b2/MiniRaftClusterWithSimulatedRpccc6bf63a/s0/1cfb22d2-ca22-46c5-b7bb-ad521306e148 does not exist. Creating ...
2022-06-20 14:45:24,455 [pool-3-thread-1] TRACE util.FileUtils (LogUtils.java:runAndLog(49)) - Successfully ran Files.createDirectories /home/runner/work/ratis/ratis/ratis-test/target/test/data/109298b2/MiniRaftClusterWithSimulatedRpccc6bf63a/s0/1cfb22d2-ca22-46c5-b7bb-ad521306e148
2022-06-20 14:45:24,451 [pool-1-thread-1] INFO  storage.RaftStorage (RaftStorageImpl.java:format(79)) - Storage directory /home/runner/work/ratis/ratis/ratis-test/target/test/data/109298b2/MiniRaftClusterWithSimulatedRpccc6bf63a/s3/1cfb22d2-ca22-46c5-b7bb-ad521306e148 has been successfully formatted.
2022-06-20 14:45:24,451 [pool-2-thread-1] INFO  storage.RaftStorage (RaftStorageImpl.java:format(79)) - Storage directory /home/runner/work/ratis/ratis/ratis-test/target/test/data/109298b2/MiniRaftClusterWithSimulatedRpccc6bf63a/s4/1cfb22d2-ca22-46c5-b7bb-ad521306e148 has been successfully formatted.
2022-06-20 14:45:24,446 [pool-5-thread-1] INFO  storage.RaftStorageDirectory (RaftStorageDirectoryImpl.java:analyzeStorage(135)) - The storage directory /home/runner/work/ratis/ratis/ratis-test/target/test/data/109298b2/MiniRaftClusterWithSimulatedRpccc6bf63a/s2/1cfb22d2-ca22-46c5-b7bb-ad521306e148 does not exist. Creating ...
2022-06-20 14:45:24,460 [pool-5-thread-1] TRACE util.FileUtils (LogUtils.java:runAndLog(49)) - Successfully ran Files.createDirectories /home/runner/work/ratis/ratis/ratis-test/target/test/data/109298b2/MiniRaftClusterWithSimulatedRpccc6bf63a/s2/1cfb22d2-ca22-46c5-b7bb-ad521306e148
2022-06-20 14:45:24,461 [pool-5-thread-1] INFO  storage.RaftStorageDirectory (RaftStorageDirectoryImpl.java:tryLock(230)) - Lock on /home/runner/work/ratis/ratis/ratis-test/target/test/data/109298b2/MiniRaftClusterWithSimulatedRpccc6bf63a/s2/1cfb22d2-ca22-46c5-b7bb-ad521306e148/in_use.lock acquired by nodename 6394@fv-az223-267.yvdtcyk4fxruhab3fij3c3d4ph.cx.internal.cloudapp.net
2022-06-20 14:45:24,461 [pool-5-thread-1] TRACE util.FileUtils (LogUtils.java:runAndLog(49)) - Successfully ran Files.createDirectories /home/runner/work/ratis/ratis/ratis-test/target/test/data/109298b2/MiniRaftClusterWithSimulatedRpccc6bf63a/s2/1cfb22d2-ca22-46c5-b7bb-ad521306e148/current
2022-06-20 14:45:24,461 [pool-5-thread-1] TRACE util.FileUtils (LogUtils.java:runAndLog(49)) - Successfully ran Files.createDirectories /home/runner/work/ratis/ratis/ratis-test/target/test/data/109298b2/MiniRaftClusterWithSimulatedRpccc6bf63a/s2/1cfb22d2-ca22-46c5-b7bb-ad521306e148/sm
2022-06-20 14:45:24,462 [pool-5-thread-1] INFO  storage.RaftStorage (RaftStorageImpl.java:format(79)) - Storage directory /home/runner/work/ratis/ratis/ratis-test/target/test/data/109298b2/MiniRaftClusterWithSimulatedRpccc6bf63a/s2/1cfb22d2-ca22-46c5-b7bb-ad521306e148 has been successfully formatted.
2022-06-20 14:45:24,464 [pool-5-thread-1] INFO  server.RaftServerConfigKeys (ConfUtils.java:logGet(46)) - raft.server.notification.no-leader.timeout = 60s (default)
2022-06-20 14:45:24,465 [pool-5-thread-1] INFO  server.RaftServerConfigKeys (ConfUtils.java:logGet(46)) - raft.server.log.use.memory = false (default)
2022-06-20 14:45:24,466 [pool-2-thread-1] INFO  server.RaftServerConfigKeys (ConfUtils.java:logGet(46)) - raft.server.notification.no-leader.timeout = 60s (default)
2022-06-20 14:45:24,466 [pool-2-thread-1] INFO  server.RaftServerConfigKeys (ConfUtils.java:logGet(46)) - raft.server.log.use.memory = false (default)
2022-06-20 14:45:24,467 [pool-3-thread-1] INFO  storage.RaftStorageDirectory (RaftStorageDirectoryImpl.java:tryLock(230)) - Lock on /home/runner/work/ratis/ratis/ratis-test/target/test/data/109298b2/MiniRaftClusterWithSimulatedRpccc6bf63a/s0/1cfb22d2-ca22-46c5-b7bb-ad521306e148/in_use.lock acquired by nodename 6394@fv-az223-267.yvdtcyk4fxruhab3fij3c3d4ph.cx.internal.cloudapp.net
2022-06-20 14:45:24,467 [pool-3-thread-1] TRACE util.FileUtils (LogUtils.java:runAndLog(49)) - Successfully ran Files.createDirectories /home/runner/work/ratis/ratis/ratis-test/target/test/data/109298b2/MiniRaftClusterWithSimulatedRpccc6bf63a/s0/1cfb22d2-ca22-46c5-b7bb-ad521306e148/current
2022-06-20 14:45:24,467 [pool-3-thread-1] TRACE util.FileUtils (LogUtils.java:runAndLog(49)) - Successfully ran Files.createDirectories /home/runner/work/ratis/ratis/ratis-test/target/test/data/109298b2/MiniRaftClusterWithSimulatedRpccc6bf63a/s0/1cfb22d2-ca22-46c5-b7bb-ad521306e148/sm
2022-06-20 14:45:24,474 [pool-2-thread-1] INFO  server.RaftServerConfigKeys (ConfUtils.java:logGet(46)) - raft.server.log.purge.gap = 1024 (default)
2022-06-20 14:45:24,474 [pool-1-thread-1] INFO  server.RaftServerConfigKeys (ConfUtils.java:logGet(46)) - raft.server.notification.no-leader.timeout = 60s (default)
2022-06-20 14:45:24,474 [pool-4-thread-1] INFO  storage.RaftStorageDirectory (RaftStorageDirectoryImpl.java:tryLock(230)) - Lock on /home/runner/work/ratis/ratis/ratis-test/target/test/data/109298b2/MiniRaftClusterWithSimulatedRpccc6bf63a/s1/1cfb22d2-ca22-46c5-b7bb-ad521306e148/in_use.lock acquired by nodename 6394@fv-az223-267.yvdtcyk4fxruhab3fij3c3d4ph.cx.internal.cloudapp.net
2022-06-20 14:45:24,475 [pool-4-thread-1] TRACE util.FileUtils (LogUtils.java:runAndLog(49)) - Successfully ran Files.createDirectories /home/runner/work/ratis/ratis/ratis-test/target/test/data/109298b2/MiniRaftClusterWithSimulatedRpccc6bf63a/s1/1cfb22d2-ca22-46c5-b7bb-ad521306e148/current
2022-06-20 14:45:24,475 [pool-4-thread-1] TRACE util.FileUtils (LogUtils.java:runAndLog(49)) - Successfully ran Files.createDirectories /home/runner/work/ratis/ratis/ratis-test/target/test/data/109298b2/MiniRaftClusterWithSimulatedRpccc6bf63a/s1/1cfb22d2-ca22-46c5-b7bb-ad521306e148/sm
2022-06-20 14:45:24,475 [pool-3-thread-1] INFO  storage.RaftStorage (RaftStorageImpl.java:format(79)) - Storage directory /home/runner/work/ratis/ratis/ratis-test/target/test/data/109298b2/MiniRaftClusterWithSimulatedRpccc6bf63a/s0/1cfb22d2-ca22-46c5-b7bb-ad521306e148 has been successfully formatted.
2022-06-20 14:45:24,476 [pool-3-thread-1] INFO  server.RaftServerConfigKeys (ConfUtils.java:logGet(46)) - raft.server.notification.no-leader.timeout = 60s (default)
2022-06-20 14:45:24,476 [pool-3-thread-1] INFO  server.RaftServerConfigKeys (ConfUtils.java:logGet(46)) - raft.server.log.use.memory = false (default)
2022-06-20 14:45:24,476 [pool-3-thread-1] INFO  server.RaftServerConfigKeys (ConfUtils.java:logGet(46)) - raft.server.log.purge.gap = 1024 (default)
2022-06-20 14:45:24,474 [pool-1-thread-1] INFO  server.RaftServerConfigKeys (ConfUtils.java:logGet(46)) - raft.server.log.use.memory = false (default)
2022-06-20 14:45:24,476 [pool-1-thread-1] INFO  server.RaftServerConfigKeys (ConfUtils.java:logGet(46)) - raft.server.log.purge.gap = 1024 (default)
2022-06-20 14:45:24,476 [pool-4-thread-1] INFO  storage.RaftStorage (RaftStorageImpl.java:format(79)) - Storage directory /home/runner/work/ratis/ratis/ratis-test/target/test/data/109298b2/MiniRaftClusterWithSimulatedRpccc6bf63a/s1/1cfb22d2-ca22-46c5-b7bb-ad521306e148 has been successfully formatted.
2022-06-20 14:45:24,477 [pool-4-thread-1] INFO  server.RaftServerConfigKeys (ConfUtils.java:logGet(46)) - raft.server.notification.no-leader.timeout = 60s (default)
2022-06-20 14:45:24,477 [pool-4-thread-1] INFO  server.RaftServerConfigKeys (ConfUtils.java:logGet(46)) - raft.server.log.use.memory = false (default)
2022-06-20 14:45:24,477 [pool-4-thread-1] INFO  server.RaftServerConfigKeys (ConfUtils.java:logGet(46)) - raft.server.log.purge.gap = 1024 (default)
2022-06-20 14:45:24,478 [pool-2-thread-1] INFO  server.RaftServerConfigKeys (ConfUtils.java:logGet(46)) - raft.server.log.appender.buffer.byte-limit = 4MB (=4194304) (default)
2022-06-20 14:45:24,478 [pool-4-thread-1] INFO  server.RaftServerConfigKeys (ConfUtils.java:logGet(46)) - raft.server.log.appender.buffer.byte-limit = 4MB (=4194304) (default)
2022-06-20 14:45:24,478 [pool-1-thread-1] INFO  server.RaftServerConfigKeys (ConfUtils.java:logGet(46)) - raft.server.log.appender.buffer.byte-limit = 4MB (=4194304) (default)
2022-06-20 14:45:24,479 [pool-3-thread-1] INFO  server.RaftServerConfigKeys (ConfUtils.java:logGet(46)) - raft.server.log.appender.buffer.byte-limit = 4MB (=4194304) (default)
2022-06-20 14:45:24,479 [pool-5-thread-1] INFO  server.RaftServerConfigKeys (ConfUtils.java:logGet(46)) - raft.server.log.purge.gap = 1024 (default)
2022-06-20 14:45:24,479 [pool-5-thread-1] INFO  server.RaftServerConfigKeys (ConfUtils.java:logGet(46)) - raft.server.log.appender.buffer.byte-limit = 4MB (=4194304) (default)
2022-06-20 14:45:24,479 [pool-2-thread-1] INFO  server.RaftServerConfigKeys (ConfUtils.java:logGet(46)) - raft.server.log.statemachine.data.read.timeout = 1000ms (default)
2022-06-20 14:45:24,479 [pool-4-thread-1] INFO  server.RaftServerConfigKeys (ConfUtils.java:logGet(46)) - raft.server.log.statemachine.data.read.timeout = 1000ms (default)
2022-06-20 14:45:24,480 [pool-5-thread-1] INFO  server.RaftServerConfigKeys (ConfUtils.java:logGet(46)) - raft.server.log.statemachine.data.read.timeout = 1000ms (default)
2022-06-20 14:45:24,480 [pool-1-thread-1] INFO  server.RaftServerConfigKeys (ConfUtils.java:logGet(46)) - raft.server.log.statemachine.data.read.timeout = 1000ms (default)
2022-06-20 14:45:24,480 [pool-3-thread-1] INFO  server.RaftServerConfigKeys (ConfUtils.java:logGet(46)) - raft.server.log.statemachine.data.read.timeout = 1000ms (default)
2022-06-20 14:45:24,486 [pool-3-thread-1] INFO  metrics.MetricRegistries (MetricRegistriesLoader.java:load(64)) - Loaded MetricRegistries class org.apache.ratis.metrics.impl.MetricRegistriesImpl
2022-06-20 14:45:24,539 [pool-2-thread-1] INFO  server.RaftServerConfigKeys (ConfUtils.java:logGet(46)) - raft.server.log.segment.size.max = 8MB (=8388608) (default)
2022-06-20 14:45:24,540 [pool-3-thread-1] INFO  server.RaftServerConfigKeys (ConfUtils.java:logGet(46)) - raft.server.log.segment.size.max = 8MB (=8388608) (default)
2022-06-20 14:45:24,541 [pool-4-thread-1] INFO  server.RaftServerConfigKeys (ConfUtils.java:logGet(46)) - raft.server.log.segment.size.max = 8MB (=8388608) (default)
2022-06-20 14:45:24,541 [pool-5-thread-1] INFO  server.RaftServerConfigKeys (ConfUtils.java:logGet(46)) - raft.server.log.segment.size.max = 8MB (=8388608) (default)
2022-06-20 14:45:24,545 [pool-1-thread-1] INFO  server.RaftServerConfigKeys (ConfUtils.java:logGet(46)) - raft.server.log.segment.size.max = 8MB (=8388608) (default)
2022-06-20 14:45:24,546 [pool-4-thread-1] INFO  server.RaftServerConfigKeys (ConfUtils.java:logGet(46)) - raft.server.log.segment.cache.num.max = 6 (default)
2022-06-20 14:45:24,546 [pool-4-thread-1] INFO  server.RaftServerConfigKeys (ConfUtils.java:logGet(46)) - raft.server.log.segment.cache.size.max = 200MB (=209715200) (default)
2022-06-20 14:45:24,547 [pool-1-thread-1] INFO  server.RaftServerConfigKeys (ConfUtils.java:logGet(46)) - raft.server.log.segment.cache.num.max = 6 (default)
2022-06-20 14:45:24,548 [pool-3-thread-1] INFO  server.RaftServerConfigKeys (ConfUtils.java:logGet(46)) - raft.server.log.segment.cache.num.max = 6 (default)
2022-06-20 14:45:24,548 [pool-3-thread-1] INFO  server.RaftServerConfigKeys (ConfUtils.java:logGet(46)) - raft.server.log.segment.cache.size.max = 200MB (=209715200) (default)
2022-06-20 14:45:24,550 [pool-2-thread-1] INFO  server.RaftServerConfigKeys (ConfUtils.java:logGet(46)) - raft.server.log.segment.cache.num.max = 6 (default)
2022-06-20 14:45:24,550 [pool-2-thread-1] INFO  server.RaftServerConfigKeys (ConfUtils.java:logGet(46)) - raft.server.log.segment.cache.size.max = 200MB (=209715200) (default)
2022-06-20 14:45:24,551 [pool-1-thread-1] INFO  server.RaftServerConfigKeys (ConfUtils.java:logGet(46)) - raft.server.log.segment.cache.size.max = 200MB (=209715200) (default)
2022-06-20 14:45:24,552 [pool-1-thread-1] INFO  segmented.SegmentedRaftLogWorker (SegmentedRaftLogWorker.java:<init>(187)) - new s3@group-AD521306E148-SegmentedRaftLogWorker for RaftStorageImpl:Storage Directory /home/runner/work/ratis/ratis/ratis-test/target/test/data/109298b2/MiniRaftClusterWithSimulatedRpccc6bf63a/s3/1cfb22d2-ca22-46c5-b7bb-ad521306e148
2022-06-20 14:45:24,551 [pool-5-thread-1] INFO  server.RaftServerConfigKeys (ConfUtils.java:logGet(46)) - raft.server.log.segment.cache.num.max = 6 (default)
2022-06-20 14:45:24,552 [pool-5-thread-1] INFO  server.RaftServerConfigKeys (ConfUtils.java:logGet(46)) - raft.server.log.segment.cache.size.max = 200MB (=209715200) (default)
2022-06-20 14:45:24,552 [pool-5-thread-1] INFO  segmented.SegmentedRaftLogWorker (SegmentedRaftLogWorker.java:<init>(187)) - new s2@group-AD521306E148-SegmentedRaftLogWorker for RaftStorageImpl:Storage Directory /home/runner/work/ratis/ratis/ratis-test/target/test/data/109298b2/MiniRaftClusterWithSimulatedRpccc6bf63a/s2/1cfb22d2-ca22-46c5-b7bb-ad521306e148
2022-06-20 14:45:24,552 [pool-1-thread-1] INFO  server.RaftServerConfigKeys (ConfUtils.java:logGet(46)) - raft.server.log.queue.byte-limit = 64MB (=67108864) (default)
2022-06-20 14:45:24,551 [pool-2-thread-1] INFO  segmented.SegmentedRaftLogWorker (SegmentedRaftLogWorker.java:<init>(187)) - new s4@group-AD521306E148-SegmentedRaftLogWorker for RaftStorageImpl:Storage Directory /home/runner/work/ratis/ratis/ratis-test/target/test/data/109298b2/MiniRaftClusterWithSimulatedRpccc6bf63a/s4/1cfb22d2-ca22-46c5-b7bb-ad521306e148
2022-06-20 14:45:24,551 [pool-3-thread-1] INFO  segmented.SegmentedRaftLogWorker (SegmentedRaftLogWorker.java:<init>(187)) - new s0@group-AD521306E148-SegmentedRaftLogWorker for RaftStorageImpl:Storage Directory /home/runner/work/ratis/ratis/ratis-test/target/test/data/109298b2/MiniRaftClusterWithSimulatedRpccc6bf63a/s0/1cfb22d2-ca22-46c5-b7bb-ad521306e148
2022-06-20 14:45:24,552 [pool-3-thread-1] INFO  server.RaftServerConfigKeys (ConfUtils.java:logGet(46)) - raft.server.log.queue.byte-limit = 64MB (=67108864) (default)
2022-06-20 14:45:24,553 [pool-2-thread-1] INFO  server.RaftServerConfigKeys (ConfUtils.java:logGet(46)) - raft.server.log.queue.byte-limit = 64MB (=67108864) (default)
2022-06-20 14:45:24,551 [pool-4-thread-1] INFO  segmented.SegmentedRaftLogWorker (SegmentedRaftLogWorker.java:<init>(187)) - new s1@group-AD521306E148-SegmentedRaftLogWorker for RaftStorageImpl:Storage Directory /home/runner/work/ratis/ratis/ratis-test/target/test/data/109298b2/MiniRaftClusterWithSimulatedRpccc6bf63a/s1/1cfb22d2-ca22-46c5-b7bb-ad521306e148
2022-06-20 14:45:24,553 [pool-4-thread-1] INFO  server.RaftServerConfigKeys (ConfUtils.java:logGet(46)) - raft.server.log.queue.byte-limit = 64MB (=67108864) (default)
2022-06-20 14:45:24,552 [pool-5-thread-1] INFO  server.RaftServerConfigKeys (ConfUtils.java:logGet(46)) - raft.server.log.queue.byte-limit = 64MB (=67108864) (default)
2022-06-20 14:45:24,554 [pool-5-thread-1] INFO  server.RaftServerConfigKeys (ConfUtils.java:logGet(46)) - raft.server.log.queue.element-limit = 4096 (default)
2022-06-20 14:45:24,555 [pool-5-thread-1] INFO  server.RaftServerConfigKeys (ConfUtils.java:logGet(46)) - raft.server.log.segment.size.max = 8MB (=8388608) (default)
2022-06-20 14:45:24,555 [pool-5-thread-1] INFO  server.RaftServerConfigKeys (ConfUtils.java:logGet(46)) - raft.server.log.preallocated.size = 4MB (=4194304) (default)
2022-06-20 14:45:24,556 [pool-5-thread-1] INFO  server.RaftServerConfigKeys (ConfUtils.java:logGet(46)) - raft.server.log.force.sync.num = 128 (default)
2022-06-20 14:45:24,556 [pool-5-thread-1] INFO  server.RaftServerConfigKeys (ConfUtils.java:logGet(46)) - raft.server.log.statemachine.data.sync = true (default)
2022-06-20 14:45:24,557 [pool-5-thread-1] INFO  server.RaftServerConfigKeys (ConfUtils.java:logGet(46)) - raft.server.log.statemachine.data.sync.timeout = 10s (default)
2022-06-20 14:45:24,557 [pool-5-thread-1] INFO  server.RaftServerConfigKeys (ConfUtils.java:logGet(46)) - raft.server.log.statemachine.data.sync.timeout.retry = -1 (default)
2022-06-20 14:45:24,558 [pool-4-thread-1] INFO  server.RaftServerConfigKeys (ConfUtils.java:logGet(46)) - raft.server.log.queue.element-limit = 4096 (default)
2022-06-20 14:45:24,558 [pool-4-thread-1] INFO  server.RaftServerConfigKeys (ConfUtils.java:logGet(46)) - raft.server.log.segment.size.max = 8MB (=8388608) (default)
2022-06-20 14:45:24,558 [pool-4-thread-1] INFO  server.RaftServerConfigKeys (ConfUtils.java:logGet(46)) - raft.server.log.preallocated.size = 4MB (=4194304) (default)
2022-06-20 14:45:24,559 [pool-4-thread-1] INFO  server.RaftServerConfigKeys (ConfUtils.java:logGet(46)) - raft.server.log.force.sync.num = 128 (default)
2022-06-20 14:45:24,559 [pool-4-thread-1] INFO  server.RaftServerConfigKeys (ConfUtils.java:logGet(46)) - raft.server.log.statemachine.data.sync = true (default)
2022-06-20 14:45:24,559 [pool-4-thread-1] INFO  server.RaftServerConfigKeys (ConfUtils.java:logGet(46)) - raft.server.log.statemachine.data.sync.timeout = 10s (default)
2022-06-20 14:45:24,559 [pool-4-thread-1] INFO  server.RaftServerConfigKeys (ConfUtils.java:logGet(46)) - raft.server.log.statemachine.data.sync.timeout.retry = -1 (default)
2022-06-20 14:45:24,562 [pool-3-thread-1] INFO  server.RaftServerConfigKeys (ConfUtils.java:logGet(46)) - raft.server.log.queue.element-limit = 4096 (default)
2022-06-20 14:45:24,562 [pool-1-thread-1] INFO  server.RaftServerConfigKeys (ConfUtils.java:logGet(46)) - raft.server.log.queue.element-limit = 4096 (default)
2022-06-20 14:45:24,562 [pool-3-thread-1] INFO  server.RaftServerConfigKeys (ConfUtils.java:logGet(46)) - raft.server.log.segment.size.max = 8MB (=8388608) (default)
2022-06-20 14:45:24,563 [pool-1-thread-1] INFO  server.RaftServerConfigKeys (ConfUtils.java:logGet(46)) - raft.server.log.segment.size.max = 8MB (=8388608) (default)
2022-06-20 14:45:24,563 [pool-2-thread-1] INFO  server.RaftServerConfigKeys (ConfUtils.java:logGet(46)) - raft.server.log.queue.element-limit = 4096 (default)
2022-06-20 14:45:24,563 [pool-3-thread-1] INFO  server.RaftServerConfigKeys (ConfUtils.java:logGet(46)) - raft.server.log.preallocated.size = 4MB (=4194304) (default)
2022-06-20 14:45:24,563 [pool-1-thread-1] INFO  server.RaftServerConfigKeys (ConfUtils.java:logGet(46)) - raft.server.log.preallocated.size = 4MB (=4194304) (default)
2022-06-20 14:45:24,563 [pool-2-thread-1] INFO  server.RaftServerConfigKeys (ConfUtils.java:logGet(46)) - raft.server.log.segment.size.max = 8MB (=8388608) (default)
2022-06-20 14:45:24,563 [pool-3-thread-1] INFO  server.RaftServerConfigKeys (ConfUtils.java:logGet(46)) - raft.server.log.force.sync.num = 128 (default)
2022-06-20 14:45:24,563 [pool-1-thread-1] INFO  server.RaftServerConfigKeys (ConfUtils.java:logGet(46)) - raft.server.log.force.sync.num = 128 (default)
2022-06-20 14:45:24,563 [pool-3-thread-1] INFO  server.RaftServerConfigKeys (ConfUtils.java:logGet(46)) - raft.server.log.statemachine.data.sync = true (default)
2022-06-20 14:45:24,563 [pool-1-thread-1] INFO  server.RaftServerConfigKeys (ConfUtils.java:logGet(46)) - raft.server.log.statemachine.data.sync = true (default)
2022-06-20 14:45:24,563 [pool-2-thread-1] INFO  server.RaftServerConfigKeys (ConfUtils.java:logGet(46)) - raft.server.log.preallocated.size = 4MB (=4194304) (default)
2022-06-20 14:45:24,563 [pool-3-thread-1] INFO  server.RaftServerConfigKeys (ConfUtils.java:logGet(46)) - raft.server.log.statemachine.data.sync.timeout = 10s (default)
2022-06-20 14:45:24,563 [pool-1-thread-1] INFO  server.RaftServerConfigKeys (ConfUtils.java:logGet(46)) - raft.server.log.statemachine.data.sync.timeout = 10s (default)
2022-06-20 14:45:24,563 [pool-2-thread-1] INFO  server.RaftServerConfigKeys (ConfUtils.java:logGet(46)) - raft.server.log.force.sync.num = 128 (default)
2022-06-20 14:45:24,563 [pool-3-thread-1] INFO  server.RaftServerConfigKeys (ConfUtils.java:logGet(46)) - raft.server.log.statemachine.data.sync.timeout.retry = -1 (default)
2022-06-20 14:45:24,563 [pool-1-thread-1] INFO  server.RaftServerConfigKeys (ConfUtils.java:logGet(46)) - raft.server.log.statemachine.data.sync.timeout.retry = -1 (default)
2022-06-20 14:45:24,564 [pool-2-thread-1] INFO  server.RaftServerConfigKeys (ConfUtils.java:logGet(46)) - raft.server.log.statemachine.data.sync = true (default)
2022-06-20 14:45:24,564 [pool-2-thread-1] INFO  server.RaftServerConfigKeys (ConfUtils.java:logGet(46)) - raft.server.log.statemachine.data.sync.timeout = 10s (default)
2022-06-20 14:45:24,564 [pool-2-thread-1] INFO  server.RaftServerConfigKeys (ConfUtils.java:logGet(46)) - raft.server.log.statemachine.data.sync.timeout.retry = -1 (default)
2022-06-20 14:45:24,573 [pool-3-thread-1] INFO  server.RaftServerConfigKeys (ConfUtils.java:logGet(46)) - raft.server.log.write.buffer.size = 64KB (=65536) (default)
2022-06-20 14:45:24,573 [pool-3-thread-1] INFO  server.RaftServerConfigKeys (ConfUtils.java:logGet(46)) - raft.server.log.unsafe-flush.enabled = false (default)
2022-06-20 14:45:24,574 [pool-3-thread-1] INFO  server.RaftServerConfigKeys (ConfUtils.java:logGet(46)) - raft.server.log.statemachine.data.caching.enabled = false (default)
2022-06-20 14:45:24,574 [pool-2-thread-1] INFO  server.RaftServerConfigKeys (ConfUtils.java:logGet(46)) - raft.server.log.write.buffer.size = 64KB (=65536) (default)
2022-06-20 14:45:24,574 [pool-1-thread-1] INFO  server.RaftServerConfigKeys (ConfUtils.java:logGet(46)) - raft.server.log.write.buffer.size = 64KB (=65536) (default)
2022-06-20 14:45:24,575 [pool-2-thread-1] INFO  server.RaftServerConfigKeys (ConfUtils.java:logGet(46)) - raft.server.log.unsafe-flush.enabled = false (default)
2022-06-20 14:45:24,575 [pool-1-thread-1] INFO  server.RaftServerConfigKeys (ConfUtils.java:logGet(46)) - raft.server.log.unsafe-flush.enabled = false (default)
2022-06-20 14:45:24,575 [pool-2-thread-1] INFO  server.RaftServerConfigKeys (ConfUtils.java:logGet(46)) - raft.server.log.statemachine.data.caching.enabled = false (default)
2022-06-20 14:45:24,575 [pool-1-thread-1] INFO  server.RaftServerConfigKeys (ConfUtils.java:logGet(46)) - raft.server.log.statemachine.data.caching.enabled = false (default)
2022-06-20 14:45:24,577 [pool-4-thread-1] INFO  server.RaftServerConfigKeys (ConfUtils.java:logGet(46)) - raft.server.log.write.buffer.size = 64KB (=65536) (default)
2022-06-20 14:45:24,578 [pool-4-thread-1] INFO  server.RaftServerConfigKeys (ConfUtils.java:logGet(46)) - raft.server.log.unsafe-flush.enabled = false (default)
2022-06-20 14:45:24,578 [pool-4-thread-1] INFO  server.RaftServerConfigKeys (ConfUtils.java:logGet(46)) - raft.server.log.statemachine.data.caching.enabled = false (default)
2022-06-20 14:45:24,581 [pool-1-thread-1] INFO  segmented.SegmentedRaftLogWorker (SegmentedRaftLogWorker.java:lambda$new$0(135)) - s3@group-AD521306E148-SegmentedRaftLogWorker: flushIndex: setUnconditionally 0 -> -1
2022-06-20 14:45:24,581 [pool-1-thread-1] INFO  segmented.SegmentedRaftLogWorker (SegmentedRaftLogWorker.java:lambda$new$0(135)) - s3@group-AD521306E148-SegmentedRaftLogWorker: safeCacheEvictIndex: setUnconditionally 0 -> -1
2022-06-20 14:45:24,581 [pool-2-thread-1] INFO  segmented.SegmentedRaftLogWorker (SegmentedRaftLogWorker.java:lambda$new$0(135)) - s4@group-AD521306E148-SegmentedRaftLogWorker: flushIndex: setUnconditionally 0 -> -1
2022-06-20 14:45:24,581 [pool-2-thread-1] INFO  segmented.SegmentedRaftLogWorker (SegmentedRaftLogWorker.java:lambda$new$0(135)) - s4@group-AD521306E148-SegmentedRaftLogWorker: safeCacheEvictIndex: setUnconditionally 0 -> -1
2022-06-20 14:45:24,584 [pool-3-thread-1] INFO  segmented.SegmentedRaftLogWorker (SegmentedRaftLogWorker.java:lambda$new$0(135)) - s0@group-AD521306E148-SegmentedRaftLogWorker: flushIndex: setUnconditionally 0 -> -1
2022-06-20 14:45:24,584 [pool-3-thread-1] INFO  segmented.SegmentedRaftLogWorker (SegmentedRaftLogWorker.java:lambda$new$0(135)) - s0@group-AD521306E148-SegmentedRaftLogWorker: safeCacheEvictIndex: setUnconditionally 0 -> -1
2022-06-20 14:45:24,584 [pool-4-thread-1] INFO  segmented.SegmentedRaftLogWorker (SegmentedRaftLogWorker.java:lambda$new$0(135)) - s1@group-AD521306E148-SegmentedRaftLogWorker: flushIndex: setUnconditionally 0 -> -1
2022-06-20 14:45:24,584 [pool-4-thread-1] INFO  segmented.SegmentedRaftLogWorker (SegmentedRaftLogWorker.java:lambda$new$0(135)) - s1@group-AD521306E148-SegmentedRaftLogWorker: safeCacheEvictIndex: setUnconditionally 0 -> -1
2022-06-20 14:45:24,585 [pool-5-thread-1] INFO  server.RaftServerConfigKeys (ConfUtils.java:logGet(46)) - raft.server.log.write.buffer.size = 64KB (=65536) (default)
2022-06-20 14:45:24,585 [pool-5-thread-1] INFO  server.RaftServerConfigKeys (ConfUtils.java:logGet(46)) - raft.server.log.unsafe-flush.enabled = false (default)
2022-06-20 14:45:24,585 [pool-5-thread-1] INFO  server.RaftServerConfigKeys (ConfUtils.java:logGet(46)) - raft.server.log.statemachine.data.caching.enabled = false (default)
2022-06-20 14:45:24,585 [pool-5-thread-1] INFO  segmented.SegmentedRaftLogWorker (SegmentedRaftLogWorker.java:lambda$new$0(135)) - s2@group-AD521306E148-SegmentedRaftLogWorker: flushIndex: setUnconditionally 0 -> -1
2022-06-20 14:45:24,585 [pool-5-thread-1] INFO  segmented.SegmentedRaftLogWorker (SegmentedRaftLogWorker.java:lambda$new$0(135)) - s2@group-AD521306E148-SegmentedRaftLogWorker: safeCacheEvictIndex: setUnconditionally 0 -> -1
2022-06-20 14:45:24,589 [pool-1-thread-1] INFO  server.RaftServerConfigKeys (ConfUtils.java:logGet(46)) - raft.server.snapshot.auto.trigger.enabled = false (default)
2022-06-20 14:45:24,589 [pool-1-thread-1] INFO  server.RaftServerConfigKeys (ConfUtils.java:logGet(46)) - raft.server.snapshot.retention.file.num = -1 (default)
2022-06-20 14:45:24,590 [pool-1-thread-1] INFO  server.RaftServerConfigKeys (ConfUtils.java:logGet(46)) - raft.server.log.purge.upto.snapshot.index = false (default)
2022-06-20 14:45:24,590 [pool-5-thread-1] INFO  server.RaftServerConfigKeys (ConfUtils.java:logGet(46)) - raft.server.snapshot.auto.trigger.enabled = false (default)
2022-06-20 14:45:24,590 [pool-5-thread-1] INFO  server.RaftServerConfigKeys (ConfUtils.java:logGet(46)) - raft.server.snapshot.retention.file.num = -1 (default)
2022-06-20 14:45:24,590 [pool-4-thread-1] INFO  server.RaftServerConfigKeys (ConfUtils.java:logGet(46)) - raft.server.snapshot.auto.trigger.enabled = false (default)
2022-06-20 14:45:24,590 [pool-4-thread-1] INFO  server.RaftServerConfigKeys (ConfUtils.java:logGet(46)) - raft.server.snapshot.retention.file.num = -1 (default)
2022-06-20 14:45:24,590 [pool-4-thread-1] INFO  server.RaftServerConfigKeys (ConfUtils.java:logGet(46)) - raft.server.log.purge.upto.snapshot.index = false (default)
2022-06-20 14:45:24,590 [pool-5-thread-1] INFO  server.RaftServerConfigKeys (ConfUtils.java:logGet(46)) - raft.server.log.purge.upto.snapshot.index = false (default)
2022-06-20 14:45:24,592 [pool-4-thread-1] INFO  server.RaftServerConfigKeys (ConfUtils.java:logGet(46)) - raft.server.retrycache.expirytime = 60s (default)
2022-06-20 14:45:24,592 [pool-4-thread-1] INFO  server.RaftServerConfigKeys (ConfUtils.java:logGet(46)) - raft.server.retrycache.statistics.expirytime = 100μs (default)
2022-06-20 14:45:24,594 [pool-5-thread-1] INFO  server.RaftServerConfigKeys (ConfUtils.java:logGet(46)) - raft.server.retrycache.expirytime = 60s (default)
2022-06-20 14:45:24,594 [pool-5-thread-1] INFO  server.RaftServerConfigKeys (ConfUtils.java:logGet(46)) - raft.server.retrycache.statistics.expirytime = 100μs (default)
2022-06-20 14:45:24,598 [pool-3-thread-1] INFO  server.RaftServerConfigKeys (ConfUtils.java:logGet(46)) - raft.server.snapshot.auto.trigger.enabled = false (default)
2022-06-20 14:45:24,598 [pool-3-thread-1] INFO  server.RaftServerConfigKeys (ConfUtils.java:logGet(46)) - raft.server.snapshot.retention.file.num = -1 (default)
2022-06-20 14:45:24,598 [pool-3-thread-1] INFO  server.RaftServerConfigKeys (ConfUtils.java:logGet(46)) - raft.server.log.purge.upto.snapshot.index = false (default)
2022-06-20 14:45:24,606 [pool-2-thread-1] INFO  server.RaftServerConfigKeys (ConfUtils.java:logGet(46)) - raft.server.snapshot.auto.trigger.enabled = false (default)
2022-06-20 14:45:24,606 [pool-2-thread-1] INFO  server.RaftServerConfigKeys (ConfUtils.java:logGet(46)) - raft.server.snapshot.retention.file.num = -1 (default)
2022-06-20 14:45:24,606 [pool-2-thread-1] INFO  server.RaftServerConfigKeys (ConfUtils.java:logGet(46)) - raft.server.log.purge.upto.snapshot.index = false (default)
2022-06-20 14:45:24,607 [pool-2-thread-1] INFO  server.RaftServerConfigKeys (ConfUtils.java:logGet(46)) - raft.server.retrycache.expirytime = 60s (default)
2022-06-20 14:45:24,607 [pool-2-thread-1] INFO  server.RaftServerConfigKeys (ConfUtils.java:logGet(46)) - raft.server.retrycache.statistics.expirytime = 100μs (default)
2022-06-20 14:45:24,607 [pool-1-thread-1] INFO  server.RaftServerConfigKeys (ConfUtils.java:logGet(46)) - raft.server.retrycache.expirytime = 60s (default)
2022-06-20 14:45:24,607 [pool-1-thread-1] INFO  server.RaftServerConfigKeys (ConfUtils.java:logGet(46)) - raft.server.retrycache.statistics.expirytime = 100μs (default)
2022-06-20 14:45:24,607 [pool-3-thread-1] INFO  server.RaftServerConfigKeys (ConfUtils.java:logGet(46)) - raft.server.retrycache.expirytime = 60s (default)
2022-06-20 14:45:24,607 [pool-3-thread-1] INFO  server.RaftServerConfigKeys (ConfUtils.java:logGet(46)) - raft.server.retrycache.statistics.expirytime = 100μs (default)
2022-06-20 14:45:24,630 [pool-2-thread-1] INFO  server.RaftServerConfigKeys (ConfUtils.java:logGet(46)) - raft.server.log.appender.install.snapshot.enabled = true (default)
2022-06-20 14:45:24,631 [pool-3-thread-1] INFO  server.RaftServerConfigKeys (ConfUtils.java:logGet(46)) - raft.server.log.appender.install.snapshot.enabled = true (default)
2022-06-20 14:45:24,631 [pool-2-thread-1] INFO  server.RaftServerConfigKeys (ConfUtils.java:logGet(46)) - raft.server.threadpool.server.cached = true (default)
2022-06-20 14:45:24,631 [pool-2-thread-1] INFO  server.RaftServerConfigKeys (ConfUtils.java:logGet(46)) - raft.server.threadpool.server.size = 0 (default)
2022-06-20 14:45:24,631 [pool-2-thread-1] INFO  server.RaftServerConfigKeys (ConfUtils.java:logGet(46)) - raft.server.threadpool.client.cached = true (default)
2022-06-20 14:45:24,632 [pool-2-thread-1] INFO  server.RaftServerConfigKeys (ConfUtils.java:logGet(46)) - raft.server.threadpool.client.size = 0 (default)
2022-06-20 14:45:24,630 [pool-5-thread-1] INFO  server.RaftServerConfigKeys (ConfUtils.java:logGet(46)) - raft.server.log.appender.install.snapshot.enabled = true (default)
2022-06-20 14:45:24,632 [pool-5-thread-1] INFO  server.RaftServerConfigKeys (ConfUtils.java:logGet(46)) - raft.server.threadpool.server.cached = true (default)
2022-06-20 14:45:24,632 [pool-5-thread-1] INFO  server.RaftServerConfigKeys (ConfUtils.java:logGet(46)) - raft.server.threadpool.server.size = 0 (default)
2022-06-20 14:45:24,632 [pool-5-thread-1] INFO  server.RaftServerConfigKeys (ConfUtils.java:logGet(46)) - raft.server.threadpool.client.cached = true (default)
2022-06-20 14:45:24,632 [pool-5-thread-1] INFO  server.RaftServerConfigKeys (ConfUtils.java:logGet(46)) - raft.server.threadpool.client.size = 0 (default)
2022-06-20 14:45:24,632 [pool-4-thread-1] INFO  server.RaftServerConfigKeys (ConfUtils.java:logGet(46)) - raft.server.log.appender.install.snapshot.enabled = true (default)
2022-06-20 14:45:24,632 [pool-4-thread-1] INFO  server.RaftServerConfigKeys (ConfUtils.java:logGet(46)) - raft.server.threadpool.server.cached = true (default)
2022-06-20 14:45:24,632 [pool-4-thread-1] INFO  server.RaftServerConfigKeys (ConfUtils.java:logGet(46)) - raft.server.threadpool.server.size = 0 (default)
2022-06-20 14:45:24,633 [pool-4-thread-1] INFO  server.RaftServerConfigKeys (ConfUtils.java:logGet(46)) - raft.server.threadpool.client.cached = true (default)
2022-06-20 14:45:24,633 [pool-4-thread-1] INFO  server.RaftServerConfigKeys (ConfUtils.java:logGet(46)) - raft.server.threadpool.client.size = 0 (default)
2022-06-20 14:45:24,631 [pool-3-thread-1] INFO  server.RaftServerConfigKeys (ConfUtils.java:logGet(46)) - raft.server.threadpool.server.cached = true (default)
2022-06-20 14:45:24,633 [pool-3-thread-1] INFO  server.RaftServerConfigKeys (ConfUtils.java:logGet(46)) - raft.server.threadpool.server.size = 0 (default)
2022-06-20 14:45:24,633 [pool-3-thread-1] INFO  server.RaftServerConfigKeys (ConfUtils.java:logGet(46)) - raft.server.threadpool.client.cached = true (default)
2022-06-20 14:45:24,633 [pool-3-thread-1] INFO  server.RaftServerConfigKeys (ConfUtils.java:logGet(46)) - raft.server.threadpool.client.size = 0 (default)
2022-06-20 14:45:24,633 [pool-1-thread-1] INFO  server.RaftServerConfigKeys (ConfUtils.java:logGet(46)) - raft.server.log.appender.install.snapshot.enabled = true (default)
2022-06-20 14:45:24,633 [pool-1-thread-1] INFO  server.RaftServerConfigKeys (ConfUtils.java:logGet(46)) - raft.server.threadpool.server.cached = true (default)
2022-06-20 14:45:24,633 [pool-1-thread-1] INFO  server.RaftServerConfigKeys (ConfUtils.java:logGet(46)) - raft.server.threadpool.server.size = 0 (default)
2022-06-20 14:45:24,633 [pool-1-thread-1] INFO  server.RaftServerConfigKeys (ConfUtils.java:logGet(46)) - raft.server.threadpool.client.cached = true (default)
2022-06-20 14:45:24,633 [pool-1-thread-1] INFO  server.RaftServerConfigKeys (ConfUtils.java:logGet(46)) - raft.server.threadpool.client.size = 0 (default)
2022-06-20 14:45:24,634 [s3-impl-thread1] INFO  server.RaftServer$Division (RaftServerImpl.java:start(310)) - s3@group-AD521306E148: start as a follower, conf=-1: [s3|rpc:localhost:40171|admin:localhost:41625|client:localhost:33977|dataStream:localhost:44013|priority:0, s4|rpc:localhost:33595|admin:localhost:33437|client:localhost:36325|dataStream:localhost:46195|priority:0, s0|rpc:localhost:37803|admin:localhost:43483|client:localhost:45147|dataStream:localhost:37009|priority:0, s1|rpc:localhost:40679|admin:localhost:39243|client:localhost:35827|dataStream:localhost:36929|priority:0, s2|rpc:localhost:40201|admin:localhost:35363|client:localhost:39699|dataStream:localhost:40971|priority:0], old=null
2022-06-20 14:45:24,635 [s3-impl-thread1] INFO  server.RaftServer$Division (RaftServerImpl.java:setRole(299)) - s3@group-AD521306E148: changes role from      null to FOLLOWER at term 0 for startAsFollower
2022-06-20 14:45:24,635 [s3-impl-thread1] INFO  impl.RoleInfo (RoleInfo.java:updateAndGet(139)) - s3: start s3@group-AD521306E148-FollowerState
2022-06-20 14:45:24,637 [s3-impl-thread1] INFO  util.JmxRegister (JmxRegister.java:tryRegister(44)) - Successfully registered JMX Bean with object name Ratis:service=RaftServer,group=group-AD521306E148,id=s3
2022-06-20 14:45:24,639 [Time-limited test] INFO  server.RaftServer (RaftServerProxy.java:lambda$start$6(382)) - s3: start RPC server
2022-06-20 14:45:24,648 [s4-impl-thread1] INFO  server.RaftServer$Division (RaftServerImpl.java:start(310)) - s4@group-AD521306E148: start as a follower, conf=-1: [s3|rpc:localhost:40171|admin:localhost:41625|client:localhost:33977|dataStream:localhost:44013|priority:0, s4|rpc:localhost:33595|admin:localhost:33437|client:localhost:36325|dataStream:localhost:46195|priority:0, s0|rpc:localhost:37803|admin:localhost:43483|client:localhost:45147|dataStream:localhost:37009|priority:0, s1|rpc:localhost:40679|admin:localhost:39243|client:localhost:35827|dataStream:localhost:36929|priority:0, s2|rpc:localhost:40201|admin:localhost:35363|client:localhost:39699|dataStream:localhost:40971|priority:0], old=null
2022-06-20 14:45:24,649 [s4-impl-thread1] INFO  server.RaftServer$Division (RaftServerImpl.java:setRole(299)) - s4@group-AD521306E148: changes role from      null to FOLLOWER at term 0 for startAsFollower
2022-06-20 14:45:24,649 [s4-impl-thread1] INFO  impl.RoleInfo (RoleInfo.java:updateAndGet(139)) - s4: start s4@group-AD521306E148-FollowerState
2022-06-20 14:45:24,649 [org.apache.ratis.util.JvmPauseMonitor$$Lambda$260/721331247@4def0567] INFO  util.JvmPauseMonitor (JvmPauseMonitor.java:run(103)) - JvmPauseMonitor-s3: Started
2022-06-20 14:45:24,650 [s4-impl-thread1] INFO  util.JmxRegister (JmxRegister.java:tryRegister(44)) - Successfully registered JMX Bean with object name Ratis:service=RaftServer,group=group-AD521306E148,id=s4
2022-06-20 14:45:24,653 [Time-limited test] INFO  server.RaftServer (RaftServerProxy.java:lambda$start$6(382)) - s4: start RPC server
2022-06-20 14:45:24,655 [org.apache.ratis.util.JvmPauseMonitor$$Lambda$260/721331247@30683931] INFO  util.JvmPauseMonitor (JvmPauseMonitor.java:run(103)) - JvmPauseMonitor-s4: Started
2022-06-20 14:45:24,655 [s0-impl-thread1] INFO  server.RaftServer$Division (RaftServerImpl.java:start(310)) - s0@group-AD521306E148: start as a follower, conf=-1: [s3|rpc:localhost:40171|admin:localhost:41625|client:localhost:33977|dataStream:localhost:44013|priority:0, s4|rpc:localhost:33595|admin:localhost:33437|client:localhost:36325|dataStream:localhost:46195|priority:0, s0|rpc:localhost:37803|admin:localhost:43483|client:localhost:45147|dataStream:localhost:37009|priority:0, s1|rpc:localhost:40679|admin:localhost:39243|client:localhost:35827|dataStream:localhost:36929|priority:0, s2|rpc:localhost:40201|admin:localhost:35363|client:localhost:39699|dataStream:localhost:40971|priority:0], old=null
2022-06-20 14:45:24,655 [s0-impl-thread1] INFO  server.RaftServer$Division (RaftServerImpl.java:setRole(299)) - s0@group-AD521306E148: changes role from      null to FOLLOWER at term 0 for startAsFollower
2022-06-20 14:45:24,655 [s0-impl-thread1] INFO  impl.RoleInfo (RoleInfo.java:updateAndGet(139)) - s0: start s0@group-AD521306E148-FollowerState
2022-06-20 14:45:24,656 [s0-impl-thread1] INFO  util.JmxRegister (JmxRegister.java:tryRegister(44)) - Successfully registered JMX Bean with object name Ratis:service=RaftServer,group=group-AD521306E148,id=s0
2022-06-20 14:45:24,656 [Time-limited test] INFO  server.RaftServer (RaftServerProxy.java:lambda$start$6(382)) - s0: start RPC server
2022-06-20 14:45:24,657 [s1-impl-thread1] INFO  server.RaftServer$Division (RaftServerImpl.java:start(310)) - s1@group-AD521306E148: start as a follower, conf=-1: [s3|rpc:localhost:40171|admin:localhost:41625|client:localhost:33977|dataStream:localhost:44013|priority:0, s4|rpc:localhost:33595|admin:localhost:33437|client:localhost:36325|dataStream:localhost:46195|priority:0, s0|rpc:localhost:37803|admin:localhost:43483|client:localhost:45147|dataStream:localhost:37009|priority:0, s1|rpc:localhost:40679|admin:localhost:39243|client:localhost:35827|dataStream:localhost:36929|priority:0, s2|rpc:localhost:40201|admin:localhost:35363|client:localhost:39699|dataStream:localhost:40971|priority:0], old=null
2022-06-20 14:45:24,657 [s1-impl-thread1] INFO  server.RaftServer$Division (RaftServerImpl.java:setRole(299)) - s1@group-AD521306E148: changes role from      null to FOLLOWER at term 0 for startAsFollower
2022-06-20 14:45:24,657 [s1-impl-thread1] INFO  impl.RoleInfo (RoleInfo.java:updateAndGet(139)) - s1: start s1@group-AD521306E148-FollowerState
2022-06-20 14:45:24,657 [org.apache.ratis.util.JvmPauseMonitor$$Lambda$260/721331247@599d666] INFO  util.JvmPauseMonitor (JvmPauseMonitor.java:run(103)) - JvmPauseMonitor-s0: Started
2022-06-20 14:45:24,657 [s1-impl-thread1] INFO  util.JmxRegister (JmxRegister.java:tryRegister(44)) - Successfully registered JMX Bean with object name Ratis:service=RaftServer,group=group-AD521306E148,id=s1
2022-06-20 14:45:24,658 [Time-limited test] INFO  server.RaftServer (RaftServerProxy.java:lambda$start$6(382)) - s1: start RPC server
2022-06-20 14:45:24,659 [s2-impl-thread1] INFO  server.RaftServer$Division (RaftServerImpl.java:start(310)) - s2@group-AD521306E148: start as a follower, conf=-1: [s3|rpc:localhost:40171|admin:localhost:41625|client:localhost:33977|dataStream:localhost:44013|priority:0, s4|rpc:localhost:33595|admin:localhost:33437|client:localhost:36325|dataStream:localhost:46195|priority:0, s0|rpc:localhost:37803|admin:localhost:43483|client:localhost:45147|dataStream:localhost:37009|priority:0, s1|rpc:localhost:40679|admin:localhost:39243|client:localhost:35827|dataStream:localhost:36929|priority:0, s2|rpc:localhost:40201|admin:localhost:35363|client:localhost:39699|dataStream:localhost:40971|priority:0], old=null
2022-06-20 14:45:24,659 [s2-impl-thread1] INFO  server.RaftServer$Division (RaftServerImpl.java:setRole(299)) - s2@group-AD521306E148: changes role from      null to FOLLOWER at term 0 for startAsFollower
2022-06-20 14:45:24,659 [s2-impl-thread1] INFO  impl.RoleInfo (RoleInfo.java:updateAndGet(139)) - s2: start s2@group-AD521306E148-FollowerState
2022-06-20 14:45:24,660 [org.apache.ratis.util.JvmPauseMonitor$$Lambda$260/721331247@1c72b66b] INFO  util.JvmPauseMonitor (JvmPauseMonitor.java:run(103)) - JvmPauseMonitor-s1: Started
2022-06-20 14:45:24,660 [s2-impl-thread1] INFO  util.JmxRegister (JmxRegister.java:tryRegister(44)) - Successfully registered JMX Bean with object name Ratis:service=RaftServer,group=group-AD521306E148,id=s2
2022-06-20 14:45:24,660 [Time-limited test] INFO  server.RaftServer (RaftServerProxy.java:lambda$start$6(382)) - s2: start RPC server
2022-06-20 14:45:24,662 [org.apache.ratis.util.JvmPauseMonitor$$Lambda$260/721331247@328d2b85] INFO  util.JvmPauseMonitor (JvmPauseMonitor.java:run(103)) - JvmPauseMonitor-s2: Started
2022-06-20 14:45:24,664 [Time-limited test] INFO  server.RaftServerConfigKeys (ConfUtils.java:logGet(46)) - raft.server.rpc.timeout.max = 300ms (default)
2022-06-20 14:45:24,665 [Time-limited test] INFO  ratis.RaftTestUtil (RaftTestUtil.java:waitForLeader(100)) - printing ALL groups
  s3:  RUNNING  FOLLOWER s3@group-AD521306E148:t0, leader=null, voted=, raftlog=s3@group-AD521306E148-SegmentedRaftLog:OPENED:c-1, conf=-1: [s3|rpc:localhost:40171|admin:localhost:41625|client:localhost:33977|dataStream:localhost:44013|priority:0, s4|rpc:localhost:33595|admin:localhost:33437|client:localhost:36325|dataStream:localhost:46195|priority:0, s0|rpc:localhost:37803|admin:localhost:43483|client:localhost:45147|dataStream:localhost:37009|priority:0, s1|rpc:localhost:40679|admin:localhost:39243|client:localhost:35827|dataStream:localhost:36929|priority:0, s2|rpc:localhost:40201|admin:localhost:35363|client:localhost:39699|dataStream:localhost:40971|priority:0], old=null RUNNING
  s4:  RUNNING  FOLLOWER s4@group-AD521306E148:t0, leader=null, voted=, raftlog=s4@group-AD521306E148-SegmentedRaftLog:OPENED:c-1, conf=-1: [s3|rpc:localhost:40171|admin:localhost:41625|client:localhost:33977|dataStream:localhost:44013|priority:0, s4|rpc:localhost:33595|admin:localhost:33437|client:localhost:36325|dataStream:localhost:46195|priority:0, s0|rpc:localhost:37803|admin:localhost:43483|client:localhost:45147|dataStream:localhost:37009|priority:0, s1|rpc:localhost:40679|admin:localhost:39243|client:localhost:35827|dataStream:localhost:36929|priority:0, s2|rpc:localhost:40201|admin:localhost:35363|client:localhost:39699|dataStream:localhost:40971|priority:0], old=null RUNNING
  s0:  RUNNING  FOLLOWER s0@group-AD521306E148:t0, leader=null, voted=, raftlog=s0@group-AD521306E148-SegmentedRaftLog:OPENED:c-1, conf=-1: [s3|rpc:localhost:40171|admin:localhost:41625|client:localhost:33977|dataStream:localhost:44013|priority:0, s4|rpc:localhost:33595|admin:localhost:33437|client:localhost:36325|dataStream:localhost:46195|priority:0, s0|rpc:localhost:37803|admin:localhost:43483|client:localhost:45147|dataStream:localhost:37009|priority:0, s1|rpc:localhost:40679|admin:localhost:39243|client:localhost:35827|dataStream:localhost:36929|priority:0, s2|rpc:localhost:40201|admin:localhost:35363|client:localhost:39699|dataStream:localhost:40971|priority:0], old=null RUNNING
  s1:  RUNNING  FOLLOWER s1@group-AD521306E148:t0, leader=null, voted=, raftlog=s1@group-AD521306E148-SegmentedRaftLog:OPENED:c-1, conf=-1: [s3|rpc:localhost:40171|admin:localhost:41625|client:localhost:33977|dataStream:localhost:44013|priority:0, s4|rpc:localhost:33595|admin:localhost:33437|client:localhost:36325|dataStream:localhost:46195|priority:0, s0|rpc:localhost:37803|admin:localhost:43483|client:localhost:45147|dataStream:localhost:37009|priority:0, s1|rpc:localhost:40679|admin:localhost:39243|client:localhost:35827|dataStream:localhost:36929|priority:0, s2|rpc:localhost:40201|admin:localhost:35363|client:localhost:39699|dataStream:localhost:40971|priority:0], old=null RUNNING
  s2:  RUNNING  FOLLOWER s2@group-AD521306E148:t0, leader=null, voted=, raftlog=s2@group-AD521306E148-SegmentedRaftLog:OPENED:c-1, conf=-1: [s3|rpc:localhost:40171|admin:localhost:41625|client:localhost:33977|dataStream:localhost:44013|priority:0, s4|rpc:localhost:33595|admin:localhost:33437|client:localhost:36325|dataStream:localhost:46195|priority:0, s0|rpc:localhost:37803|admin:localhost:43483|client:localhost:45147|dataStream:localhost:37009|priority:0, s1|rpc:localhost:40679|admin:localhost:39243|client:localhost:35827|dataStream:localhost:36929|priority:0, s2|rpc:localhost:40201|admin:localhost:35363|client:localhost:39699|dataStream:localhost:40971|priority:0], old=null RUNNING
2022-06-20 14:45:24,668 [Time-limited test] WARN  ratis.RaftTestUtil (JavaUtils.java:attempt(172)) - FAILED "waitForLeader-null-(expectLeader? true)", attempt #1/100: java.lang.IllegalStateException: No leader yet : printing ALL groups
  s3:  RUNNING  FOLLOWER s3@group-AD521306E148:t0, leader=null, voted=, raftlog=s3@group-AD521306E148-SegmentedRaftLog:OPENED:c-1, conf=-1: [s3|rpc:localhost:40171|admin:localhost:41625|client:localhost:33977|dataStream:localhost:44013|priority:0, s4|rpc:localhost:33595|admin:localhost:33437|client:localhost:36325|dataStream:localhost:46195|priority:0, s0|rpc:localhost:37803|admin:localhost:43483|client:localhost:45147|dataStream:localhost:37009|priority:0, s1|rpc:localhost:40679|admin:localhost:39243|client:localhost:35827|dataStream:localhost:36929|priority:0, s2|rpc:localhost:40201|admin:localhost:35363|client:localhost:39699|dataStream:localhost:40971|priority:0], old=null RUNNING
  s4:  RUNNING  FOLLOWER s4@group-AD521306E148:t0, leader=null, voted=, raftlog=s4@group-AD521306E148-SegmentedRaftLog:OPENED:c-1, conf=-1: [s3|rpc:localhost:40171|admin:localhost:41625|client:localhost:33977|dataStream:localhost:44013|priority:0, s4|rpc:localhost:33595|admin:localhost:33437|client:localhost:36325|dataStream:localhost:46195|priority:0, s0|rpc:localhost:37803|admin:localhost:43483|client:localhost:45147|dataStream:localhost:37009|priority:0, s1|rpc:localhost:40679|admin:localhost:39243|client:localhost:35827|dataStream:localhost:36929|priority:0, s2|rpc:localhost:40201|admin:localhost:35363|client:localhost:39699|dataStream:localhost:40971|priority:0], old=null RUNNING
  s0:  RUNNING  FOLLOWER s0@group-AD521306E148:t0, leader=null, voted=, raftlog=s0@group-AD521306E148-SegmentedRaftLog:OPENED:c-1, conf=-1: [s3|rpc:localhost:40171|admin:localhost:41625|client:localhost:33977|dataStream:localhost:44013|priority:0, s4|rpc:localhost:33595|admin:localhost:33437|client:localhost:36325|dataStream:localhost:46195|priority:0, s0|rpc:localhost:37803|admin:localhost:43483|client:localhost:45147|dataStream:localhost:37009|priority:0, s1|rpc:localhost:40679|admin:localhost:39243|client:localhost:35827|dataStream:localhost:36929|priority:0, s2|rpc:localhost:40201|admin:localhost:35363|client:localhost:39699|dataStream:localhost:40971|priority:0], old=null RUNNING
  s1:  RUNNING  FOLLOWER s1@group-AD521306E148:t0, leader=null, voted=, raftlog=s1@group-AD521306E148-SegmentedRaftLog:OPENED:c-1, conf=-1: [s3|rpc:localhost:40171|admin:localhost:41625|client:localhost:33977|dataStream:localhost:44013|priority:0, s4|rpc:localhost:33595|admin:localhost:33437|client:localhost:36325|dataStream:localhost:46195|priority:0, s0|rpc:localhost:37803|admin:localhost:43483|client:localhost:45147|dataStream:localhost:37009|priority:0, s1|rpc:localhost:40679|admin:localhost:39243|client:localhost:35827|dataStream:localhost:36929|priority:0, s2|rpc:localhost:40201|admin:localhost:35363|client:localhost:39699|dataStream:localhost:40971|priority:0], old=null RUNNING
  s2:  RUNNING  FOLLOWER s2@group-AD521306E148:t0, leader=null, voted=, raftlog=s2@group-AD521306E148-SegmentedRaftLog:OPENED:c-1, conf=-1: [s3|rpc:localhost:40171|admin:localhost:41625|client:localhost:33977|dataStream:localhost:44013|priority:0, s4|rpc:localhost:33595|admin:localhost:33437|client:localhost:36325|dataStream:localhost:46195|priority:0, s0|rpc:localhost:37803|admin:localhost:43483|client:localhost:45147|dataStream:localhost:37009|priority:0, s1|rpc:localhost:40679|admin:localhost:39243|client:localhost:35827|dataStream:localhost:36929|priority:0, s2|rpc:localhost:40201|admin:localhost:35363|client:localhost:39699|dataStream:localhost:40971|priority:0], old=null RUNNING, sleep 450ms and then retry.
java.lang.IllegalStateException: No leader yet : printing ALL groups
  s3:  RUNNING  FOLLOWER s3@group-AD521306E148:t0, leader=null, voted=, raftlog=s3@group-AD521306E148-SegmentedRaftLog:OPENED:c-1, conf=-1: [s3|rpc:localhost:40171|admin:localhost:41625|client:localhost:33977|dataStream:localhost:44013|priority:0, s4|rpc:localhost:33595|admin:localhost:33437|client:localhost:36325|dataStream:localhost:46195|priority:0, s0|rpc:localhost:37803|admin:localhost:43483|client:localhost:45147|dataStream:localhost:37009|priority:0, s1|rpc:localhost:40679|admin:localhost:39243|client:localhost:35827|dataStream:localhost:36929|priority:0, s2|rpc:localhost:40201|admin:localhost:35363|client:localhost:39699|dataStream:localhost:40971|priority:0], old=null RUNNING
  s4:  RUNNING  FOLLOWER s4@group-AD521306E148:t0, leader=null, voted=, raftlog=s4@group-AD521306E148-SegmentedRaftLog:OPENED:c-1, conf=-1: [s3|rpc:localhost:40171|admin:localhost:41625|client:localhost:33977|dataStream:localhost:44013|priority:0, s4|rpc:localhost:33595|admin:localhost:33437|client:localhost:36325|dataStream:localhost:46195|priority:0, s0|rpc:localhost:37803|admin:localhost:43483|client:localhost:45147|dataStream:localhost:37009|priority:0, s1|rpc:localhost:40679|admin:localhost:39243|client:localhost:35827|dataStream:localhost:36929|priority:0, s2|rpc:localhost:40201|admin:localhost:35363|client:localhost:39699|dataStream:localhost:40971|priority:0], old=null RUNNING
  s0:  RUNNING  FOLLOWER s0@group-AD521306E148:t0, leader=null, voted=, raftlog=s0@group-AD521306E148-SegmentedRaftLog:OPENED:c-1, conf=-1: [s3|rpc:localhost:40171|admin:localhost:41625|client:localhost:33977|dataStream:localhost:44013|priority:0, s4|rpc:localhost:33595|admin:localhost:33437|client:localhost:36325|dataStream:localhost:46195|priority:0, s0|rpc:localhost:37803|admin:localhost:43483|client:localhost:45147|dataStream:localhost:37009|priority:0, s1|rpc:localhost:40679|admin:localhost:39243|client:localhost:35827|dataStream:localhost:36929|priority:0, s2|rpc:localhost:40201|admin:localhost:35363|client:localhost:39699|dataStream:localhost:40971|priority:0], old=null RUNNING
  s1:  RUNNING  FOLLOWER s1@group-AD521306E148:t0, leader=null, voted=, raftlog=s1@group-AD521306E148-SegmentedRaftLog:OPENED:c-1, conf=-1: [s3|rpc:localhost:40171|admin:localhost:41625|client:localhost:33977|dataStream:localhost:44013|priority:0, s4|rpc:localhost:33595|admin:localhost:33437|client:localhost:36325|dataStream:localhost:46195|priority:0, s0|rpc:localhost:37803|admin:localhost:43483|client:localhost:45147|dataStream:localhost:37009|priority:0, s1|rpc:localhost:40679|admin:localhost:39243|client:localhost:35827|dataStream:localhost:36929|priority:0, s2|rpc:localhost:40201|admin:localhost:35363|client:localhost:39699|dataStream:localhost:40971|priority:0], old=null RUNNING
  s2:  RUNNING  FOLLOWER s2@group-AD521306E148:t0, leader=null, voted=, raftlog=s2@group-AD521306E148-SegmentedRaftLog:OPENED:c-1, conf=-1: [s3|rpc:localhost:40171|admin:localhost:41625|client:localhost:33977|dataStream:localhost:44013|priority:0, s4|rpc:localhost:33595|admin:localhost:33437|client:localhost:36325|dataStream:localhost:46195|priority:0, s0|rpc:localhost:37803|admin:localhost:43483|client:localhost:45147|dataStream:localhost:37009|priority:0, s1|rpc:localhost:40679|admin:localhost:39243|client:localhost:35827|dataStream:localhost:36929|priority:0, s2|rpc:localhost:40201|admin:localhost:35363|client:localhost:39699|dataStream:localhost:40971|priority:0], old=null RUNNING
	at org.apache.ratis.server.impl.MiniRaftCluster.newIllegalStateExceptionForNoLeaders(MiniRaftCluster.java:533)
	at org.apache.ratis.RaftTestUtil.lambda$waitForLeader$1(RaftTestUtil.java:104)
	at org.apache.ratis.server.impl.MiniRaftCluster.getLeader(MiniRaftCluster.java:567)
	at org.apache.ratis.server.impl.MiniRaftCluster.getLeader(MiniRaftCluster.java:560)
	at org.apache.ratis.RaftTestUtil.lambda$waitForLeader$3(RaftTestUtil.java:112)
	at org.apache.ratis.util.JavaUtils.attempt(JavaUtils.java:166)
	at org.apache.ratis.util.JavaUtils.attemptRepeatedly(JavaUtils.java:152)
	at org.apache.ratis.RaftTestUtil.waitForLeader(RaftTestUtil.java:111)
	at org.apache.ratis.RaftTestUtil.waitForLeader(RaftTestUtil.java:92)
	at org.apache.ratis.RaftTestUtil.waitForLeader(RaftTestUtil.java:87)
	at org.apache.ratis.server.impl.LeaderElectionTests.testEnforceLeader(LeaderElectionTests.java:228)
	at sun.reflect.NativeMethodAccessorImpl.invoke0(Native Method)
	at sun.reflect.NativeMethodAccessorImpl.invoke(NativeMethodAccessorImpl.java:62)
	at sun.reflect.DelegatingMethodAccessorImpl.invoke(DelegatingMethodAccessorImpl.java:43)
	at java.lang.reflect.Method.invoke(Method.java:498)
	at org.junit.runners.model.FrameworkMethod$1.runReflectiveCall(FrameworkMethod.java:59)
	at org.junit.internal.runners.model.ReflectiveCallable.run(ReflectiveCallable.java:12)
	at org.junit.runners.model.FrameworkMethod.invokeExplosively(FrameworkMethod.java:56)
	at org.junit.internal.runners.statements.InvokeMethod.evaluate(InvokeMethod.java:17)
	at org.junit.internal.runners.statements.RunAfters.evaluate(RunAfters.java:27)
	at org.junit.internal.runners.statements.FailOnTimeout$CallableStatement.call(FailOnTimeout.java:299)
	at org.junit.internal.runners.statements.FailOnTimeout$CallableStatement.call(FailOnTimeout.java:293)
	at java.util.concurrent.FutureTask.run(FutureTask.java:266)
	at java.lang.Thread.run(Thread.java:750)
2022-06-20 14:45:24,854 [s1@group-AD521306E148-FollowerState] INFO  impl.FollowerState (FollowerState.java:run(143)) - s1@group-AD521306E148-FollowerState: change to CANDIDATE, lastRpcElapsedTime:197182677ns, electionTimeout:188ms
2022-06-20 14:45:24,855 [s1@group-AD521306E148-FollowerState] INFO  impl.RoleInfo (RoleInfo.java:shutdownFollowerState(110)) - s1: shutdown s1@group-AD521306E148-FollowerState
2022-06-20 14:45:24,856 [s1@group-AD521306E148-FollowerState] INFO  server.RaftServer$Division (RaftServerImpl.java:setRole(299)) - s1@group-AD521306E148: changes role from  FOLLOWER to CANDIDATE at term 0 for changeToCandidate
2022-06-20 14:45:24,858 [s1@group-AD521306E148-FollowerState] INFO  server.RaftServerConfigKeys (ConfUtils.java:logGet(46)) - raft.server.leaderelection.pre-vote = true (default)
2022-06-20 14:45:24,858 [s1@group-AD521306E148-FollowerState] INFO  impl.RoleInfo (RoleInfo.java:updateAndGet(139)) - s1: start s1@group-AD521306E148-LeaderElection1
2022-06-20 14:45:24,859 [s1@group-AD521306E148-LeaderElection1] INFO  impl.LeaderElection (LeaderElection.java:askForVotes(310)) - s1@group-AD521306E148-LeaderElection1 PRE_VOTE round 0: submit vote requests at term 0 for -1: [s3|rpc:localhost:40171|admin:localhost:41625|client:localhost:33977|dataStream:localhost:44013|priority:0, s4|rpc:localhost:33595|admin:localhost:33437|client:localhost:36325|dataStream:localhost:46195|priority:0, s0|rpc:localhost:37803|admin:localhost:43483|client:localhost:45147|dataStream:localhost:37009|priority:0, s1|rpc:localhost:40679|admin:localhost:39243|client:localhost:35827|dataStream:localhost:36929|priority:0, s2|rpc:localhost:40201|admin:localhost:35363|client:localhost:39699|dataStream:localhost:40971|priority:0], old=null
2022-06-20 14:45:24,861 [s0@group-AD521306E148-FollowerState] INFO  impl.FollowerState (FollowerState.java:run(143)) - s0@group-AD521306E148-FollowerState: change to CANDIDATE, lastRpcElapsedTime:205371617ns, electionTimeout:205ms
2022-06-20 14:45:24,861 [s0@group-AD521306E148-FollowerState] INFO  impl.RoleInfo (RoleInfo.java:shutdownFollowerState(110)) - s0: shutdown s0@group-AD521306E148-FollowerState
2022-06-20 14:45:24,861 [s0@group-AD521306E148-FollowerState] INFO  server.RaftServer$Division (RaftServerImpl.java:setRole(299)) - s0@group-AD521306E148: changes role from  FOLLOWER to CANDIDATE at term 0 for changeToCandidate
2022-06-20 14:45:24,861 [s0@group-AD521306E148-FollowerState] INFO  server.RaftServerConfigKeys (ConfUtils.java:logGet(46)) - raft.server.leaderelection.pre-vote = true (default)
2022-06-20 14:45:24,861 [s0@group-AD521306E148-FollowerState] INFO  impl.RoleInfo (RoleInfo.java:updateAndGet(139)) - s0: start s0@group-AD521306E148-LeaderElection2
2022-06-20 14:45:24,866 [s2@group-AD521306E148-FollowerState] INFO  impl.FollowerState (FollowerState.java:run(143)) - s2@group-AD521306E148-FollowerState: change to CANDIDATE, lastRpcElapsedTime:206352422ns, electionTimeout:205ms
2022-06-20 14:45:24,866 [s2@group-AD521306E148-FollowerState] INFO  impl.RoleInfo (RoleInfo.java:shutdownFollowerState(110)) - s2: shutdown s2@group-AD521306E148-FollowerState
2022-06-20 14:45:24,866 [s2@group-AD521306E148-FollowerState] INFO  server.RaftServer$Division (RaftServerImpl.java:setRole(299)) - s2@group-AD521306E148: changes role from  FOLLOWER to CANDIDATE at term 0 for changeToCandidate
2022-06-20 14:45:24,867 [s2@group-AD521306E148-FollowerState] INFO  server.RaftServerConfigKeys (ConfUtils.java:logGet(46)) - raft.server.leaderelection.pre-vote = true (default)
2022-06-20 14:45:24,867 [s0@group-AD521306E148-LeaderElection2] INFO  impl.LeaderElection (LeaderElection.java:askForVotes(310)) - s0@group-AD521306E148-LeaderElection2 PRE_VOTE round 0: submit vote requests at term 0 for -1: [s3|rpc:localhost:40171|admin:localhost:41625|client:localhost:33977|dataStream:localhost:44013|priority:0, s4|rpc:localhost:33595|admin:localhost:33437|client:localhost:36325|dataStream:localhost:46195|priority:0, s0|rpc:localhost:37803|admin:localhost:43483|client:localhost:45147|dataStream:localhost:37009|priority:0, s1|rpc:localhost:40679|admin:localhost:39243|client:localhost:35827|dataStream:localhost:36929|priority:0, s2|rpc:localhost:40201|admin:localhost:35363|client:localhost:39699|dataStream:localhost:40971|priority:0], old=null
2022-06-20 14:45:24,867 [s2@group-AD521306E148-FollowerState] INFO  impl.RoleInfo (RoleInfo.java:updateAndGet(139)) - s2: start s2@group-AD521306E148-LeaderElection3
2022-06-20 14:45:24,872 [s2@group-AD521306E148-LeaderElection3] INFO  impl.LeaderElection (LeaderElection.java:askForVotes(310)) - s2@group-AD521306E148-LeaderElection3 PRE_VOTE round 0: submit vote requests at term 0 for -1: [s3|rpc:localhost:40171|admin:localhost:41625|client:localhost:33977|dataStream:localhost:44013|priority:0, s4|rpc:localhost:33595|admin:localhost:33437|client:localhost:36325|dataStream:localhost:46195|priority:0, s0|rpc:localhost:37803|admin:localhost:43483|client:localhost:45147|dataStream:localhost:37009|priority:0, s1|rpc:localhost:40679|admin:localhost:39243|client:localhost:35827|dataStream:localhost:36929|priority:0, s2|rpc:localhost:40201|admin:localhost:35363|client:localhost:39699|dataStream:localhost:40971|priority:0], old=null
2022-06-20 14:45:24,886 [Thread-28] INFO  server.RaftServer$Division (RaftServerImpl.java:requestVote(1152)) - s2@group-AD521306E148: receive requestVote(PRE_VOTE, s0, group-AD521306E148, 0, (t:0, i:0))
2022-06-20 14:45:24,887 [Thread-28] INFO  impl.VoteContext (VoteContext.java:log(48)) - s2@group-AD521306E148-CANDIDATE: accept PRE_VOTE from s0: our priority 0 <= candidate's priority 0
2022-06-20 14:45:24,889 [s3@group-AD521306E148-FollowerState] INFO  impl.FollowerState (FollowerState.java:run(143)) - s3@group-AD521306E148-FollowerState: change to CANDIDATE, lastRpcElapsedTime:253899458ns, electionTimeout:248ms
2022-06-20 14:45:24,889 [s3@group-AD521306E148-FollowerState] INFO  impl.RoleInfo (RoleInfo.java:shutdownFollowerState(110)) - s3: shutdown s3@group-AD521306E148-FollowerState
2022-06-20 14:45:24,889 [s3@group-AD521306E148-FollowerState] INFO  server.RaftServer$Division (RaftServerImpl.java:setRole(299)) - s3@group-AD521306E148: changes role from  FOLLOWER to CANDIDATE at term 0 for changeToCandidate
2022-06-20 14:45:24,892 [Thread-28] INFO  server.RaftServer$Division (RaftServerImpl.java:requestVote(1184)) - s2@group-AD521306E148 replies to PRE_VOTE vote request: s0<-s2#0:OK-t0. Peer's state: s2@group-AD521306E148:t0, leader=null, voted=, raftlog=s2@group-AD521306E148-SegmentedRaftLog:OPENED:c-1, conf=-1: [s3|rpc:localhost:40171|admin:localhost:41625|client:localhost:33977|dataStream:localhost:44013|priority:0, s4|rpc:localhost:33595|admin:localhost:33437|client:localhost:36325|dataStream:localhost:46195|priority:0, s0|rpc:localhost:37803|admin:localhost:43483|client:localhost:45147|dataStream:localhost:37009|priority:0, s1|rpc:localhost:40679|admin:localhost:39243|client:localhost:35827|dataStream:localhost:36929|priority:0, s2|rpc:localhost:40201|admin:localhost:35363|client:localhost:39699|dataStream:localhost:40971|priority:0], old=null
2022-06-20 14:45:24,892 [Thread-21] INFO  server.RaftServer$Division (RaftServerImpl.java:requestVote(1152)) - s1@group-AD521306E148: receive requestVote(PRE_VOTE, s0, group-AD521306E148, 0, (t:0, i:0))
2022-06-20 14:45:24,893 [Thread-21] INFO  impl.VoteContext (VoteContext.java:log(48)) - s1@group-AD521306E148-CANDIDATE: accept PRE_VOTE from s0: our priority 0 <= candidate's priority 0
2022-06-20 14:45:24,893 [Thread-21] INFO  server.RaftServer$Division (RaftServerImpl.java:requestVote(1184)) - s1@group-AD521306E148 replies to PRE_VOTE vote request: s0<-s1#0:OK-t0. Peer's state: s1@group-AD521306E148:t0, leader=null, voted=, raftlog=s1@group-AD521306E148-SegmentedRaftLog:OPENED:c-1, conf=-1: [s3|rpc:localhost:40171|admin:localhost:41625|client:localhost:33977|dataStream:localhost:44013|priority:0, s4|rpc:localhost:33595|admin:localhost:33437|client:localhost:36325|dataStream:localhost:46195|priority:0, s0|rpc:localhost:37803|admin:localhost:43483|client:localhost:45147|dataStream:localhost:37009|priority:0, s1|rpc:localhost:40679|admin:localhost:39243|client:localhost:35827|dataStream:localhost:36929|priority:0, s2|rpc:localhost:40201|admin:localhost:35363|client:localhost:39699|dataStream:localhost:40971|priority:0], old=null
2022-06-20 14:45:24,893 [Thread-22] INFO  server.RaftServer$Division (RaftServerImpl.java:requestVote(1152)) - s1@group-AD521306E148: receive requestVote(PRE_VOTE, s2, group-AD521306E148, 0, (t:0, i:0))
2022-06-20 14:45:24,893 [Thread-22] INFO  impl.VoteContext (VoteContext.java:log(48)) - s1@group-AD521306E148-CANDIDATE: accept PRE_VOTE from s2: our priority 0 <= candidate's priority 0
2022-06-20 14:45:24,893 [Thread-22] INFO  server.RaftServer$Division (RaftServerImpl.java:requestVote(1184)) - s1@group-AD521306E148 replies to PRE_VOTE vote request: s2<-s1#0:OK-t0. Peer's state: s1@group-AD521306E148:t0, leader=null, voted=, raftlog=s1@group-AD521306E148-SegmentedRaftLog:OPENED:c-1, conf=-1: [s3|rpc:localhost:40171|admin:localhost:41625|client:localhost:33977|dataStream:localhost:44013|priority:0, s4|rpc:localhost:33595|admin:localhost:33437|client:localhost:36325|dataStream:localhost:46195|priority:0, s0|rpc:localhost:37803|admin:localhost:43483|client:localhost:45147|dataStream:localhost:37009|priority:0, s1|rpc:localhost:40679|admin:localhost:39243|client:localhost:35827|dataStream:localhost:36929|priority:0, s2|rpc:localhost:40201|admin:localhost:35363|client:localhost:39699|dataStream:localhost:40971|priority:0], old=null
2022-06-20 14:45:24,895 [s0@group-AD521306E148-LeaderElection2] INFO  impl.LeaderElection (LeaderElection.java:logAndReturn(90)) - s0@group-AD521306E148-LeaderElection2: PRE_VOTE PASSED received 2 response(s) and 0 exception(s):
2022-06-20 14:45:24,895 [s0@group-AD521306E148-LeaderElection2] INFO  impl.LeaderElection (LeaderElection.java:logAndReturn(94)) -   Response 0: s0<-s1#0:OK-t0
2022-06-20 14:45:24,895 [s0@group-AD521306E148-LeaderElection2] INFO  impl.LeaderElection (LeaderElection.java:logAndReturn(94)) -   Response 1: s0<-s2#0:OK-t0
2022-06-20 14:45:24,895 [s0@group-AD521306E148-LeaderElection2] INFO  impl.LeaderElection (LeaderElection.java:askForVotes(312)) - s0@group-AD521306E148-LeaderElection2 PRE_VOTE round 0: result PASSED
2022-06-20 14:45:24,895 [s3@group-AD521306E148-FollowerState] INFO  server.RaftServerConfigKeys (ConfUtils.java:logGet(46)) - raft.server.leaderelection.pre-vote = true (default)
2022-06-20 14:45:24,895 [s3@group-AD521306E148-FollowerState] INFO  impl.RoleInfo (RoleInfo.java:updateAndGet(139)) - s3: start s3@group-AD521306E148-LeaderElection4
2022-06-20 14:45:24,896 [Thread-0] INFO  server.RaftServer$Division (RaftServerImpl.java:requestVote(1152)) - s3@group-AD521306E148: receive requestVote(PRE_VOTE, s0, group-AD521306E148, 0, (t:0, i:0))
2022-06-20 14:45:24,896 [Thread-14] INFO  server.RaftServer$Division (RaftServerImpl.java:requestVote(1152)) - s0@group-AD521306E148: receive requestVote(PRE_VOTE, s2, group-AD521306E148, 0, (t:0, i:0))
2022-06-20 14:45:24,896 [Thread-8] INFO  server.RaftServer$Division (RaftServerImpl.java:requestVote(1152)) - s4@group-AD521306E148: receive requestVote(PRE_VOTE, s2, group-AD521306E148, 0, (t:0, i:0))
2022-06-20 14:45:24,896 [Thread-8] INFO  impl.VoteContext (VoteContext.java:log(48)) - s4@group-AD521306E148-FOLLOWER: accept PRE_VOTE from s2: our priority 0 <= candidate's priority 0
2022-06-20 14:45:24,897 [Thread-8] INFO  server.RaftServer$Division (RaftServerImpl.java:requestVote(1184)) - s4@group-AD521306E148 replies to PRE_VOTE vote request: s2<-s4#0:OK-t0. Peer's state: s4@group-AD521306E148:t0, leader=null, voted=, raftlog=s4@group-AD521306E148-SegmentedRaftLog:OPENED:c-1, conf=-1: [s3|rpc:localhost:40171|admin:localhost:41625|client:localhost:33977|dataStream:localhost:44013|priority:0, s4|rpc:localhost:33595|admin:localhost:33437|client:localhost:36325|dataStream:localhost:46195|priority:0, s0|rpc:localhost:37803|admin:localhost:43483|client:localhost:45147|dataStream:localhost:37009|priority:0, s1|rpc:localhost:40679|admin:localhost:39243|client:localhost:35827|dataStream:localhost:36929|priority:0, s2|rpc:localhost:40201|admin:localhost:35363|client:localhost:39699|dataStream:localhost:40971|priority:0], old=null
2022-06-20 14:45:24,895 [Thread-7] INFO  server.RaftServer$Division (RaftServerImpl.java:requestVote(1152)) - s4@group-AD521306E148: receive requestVote(PRE_VOTE, s0, group-AD521306E148, 0, (t:0, i:0))
2022-06-20 14:45:24,897 [s2@group-AD521306E148-LeaderElection3] INFO  impl.LeaderElection (LeaderElection.java:logAndReturn(90)) - s2@group-AD521306E148-LeaderElection3: PRE_VOTE PASSED received 2 response(s) and 0 exception(s):
2022-06-20 14:45:24,898 [s2@group-AD521306E148-LeaderElection3] INFO  impl.LeaderElection (LeaderElection.java:logAndReturn(94)) -   Response 0: s2<-s4#0:OK-t0
2022-06-20 14:45:24,898 [s2@group-AD521306E148-LeaderElection3] INFO  impl.LeaderElection (LeaderElection.java:logAndReturn(94)) -   Response 1: s2<-s1#0:OK-t0
2022-06-20 14:45:24,897 [Thread-7] INFO  impl.VoteContext (VoteContext.java:log(48)) - s4@group-AD521306E148-FOLLOWER: accept PRE_VOTE from s0: our priority 0 <= candidate's priority 0
2022-06-20 14:45:24,898 [Thread-7] INFO  server.RaftServer$Division (RaftServerImpl.java:requestVote(1184)) - s4@group-AD521306E148 replies to PRE_VOTE vote request: s0<-s4#0:OK-t0. Peer's state: s4@group-AD521306E148:t0, leader=null, voted=, raftlog=s4@group-AD521306E148-SegmentedRaftLog:OPENED:c-1, conf=-1: [s3|rpc:localhost:40171|admin:localhost:41625|client:localhost:33977|dataStream:localhost:44013|priority:0, s4|rpc:localhost:33595|admin:localhost:33437|client:localhost:36325|dataStream:localhost:46195|priority:0, s0|rpc:localhost:37803|admin:localhost:43483|client:localhost:45147|dataStream:localhost:37009|priority:0, s1|rpc:localhost:40679|admin:localhost:39243|client:localhost:35827|dataStream:localhost:36929|priority:0, s2|rpc:localhost:40201|admin:localhost:35363|client:localhost:39699|dataStream:localhost:40971|priority:0], old=null
2022-06-20 14:45:24,901 [Thread-0] INFO  impl.VoteContext (VoteContext.java:log(48)) - s3@group-AD521306E148-CANDIDATE: accept PRE_VOTE from s0: our priority 0 <= candidate's priority 0
2022-06-20 14:45:24,901 [Thread-0] INFO  server.RaftServer$Division (RaftServerImpl.java:requestVote(1184)) - s3@group-AD521306E148 replies to PRE_VOTE vote request: s0<-s3#0:OK-t0. Peer's state: s3@group-AD521306E148:t0, leader=null, voted=, raftlog=s3@group-AD521306E148-SegmentedRaftLog:OPENED:c-1, conf=-1: [s3|rpc:localhost:40171|admin:localhost:41625|client:localhost:33977|dataStream:localhost:44013|priority:0, s4|rpc:localhost:33595|admin:localhost:33437|client:localhost:36325|dataStream:localhost:46195|priority:0, s0|rpc:localhost:37803|admin:localhost:43483|client:localhost:45147|dataStream:localhost:37009|priority:0, s1|rpc:localhost:40679|admin:localhost:39243|client:localhost:35827|dataStream:localhost:36929|priority:0, s2|rpc:localhost:40201|admin:localhost:35363|client:localhost:39699|dataStream:localhost:40971|priority:0], old=null
2022-06-20 14:45:24,901 [Thread-2] INFO  server.RaftServer$Division (RaftServerImpl.java:requestVote(1152)) - s3@group-AD521306E148: receive requestVote(PRE_VOTE, s2, group-AD521306E148, 0, (t:0, i:0))
2022-06-20 14:45:24,901 [Thread-1] INFO  server.RaftServer$Division (RaftServerImpl.java:requestVote(1152)) - s3@group-AD521306E148: receive requestVote(PRE_VOTE, s1, group-AD521306E148, 0, (t:0, i:0))
2022-06-20 14:45:24,901 [s2@group-AD521306E148-LeaderElection3] INFO  impl.LeaderElection (LeaderElection.java:askForVotes(312)) - s2@group-AD521306E148-LeaderElection3 PRE_VOTE round 0: result PASSED
2022-06-20 14:45:24,902 [Thread-2] INFO  impl.VoteContext (VoteContext.java:log(48)) - s3@group-AD521306E148-CANDIDATE: accept PRE_VOTE from s2: our priority 0 <= candidate's priority 0
2022-06-20 14:45:24,903 [Thread-2] INFO  server.RaftServer$Division (RaftServerImpl.java:requestVote(1184)) - s3@group-AD521306E148 replies to PRE_VOTE vote request: s2<-s3#0:OK-t0. Peer's state: s3@group-AD521306E148:t0, leader=null, voted=, raftlog=s3@group-AD521306E148-SegmentedRaftLog:OPENED:c-1, conf=-1: [s3|rpc:localhost:40171|admin:localhost:41625|client:localhost:33977|dataStream:localhost:44013|priority:0, s4|rpc:localhost:33595|admin:localhost:33437|client:localhost:36325|dataStream:localhost:46195|priority:0, s0|rpc:localhost:37803|admin:localhost:43483|client:localhost:45147|dataStream:localhost:37009|priority:0, s1|rpc:localhost:40679|admin:localhost:39243|client:localhost:35827|dataStream:localhost:36929|priority:0, s2|rpc:localhost:40201|admin:localhost:35363|client:localhost:39699|dataStream:localhost:40971|priority:0], old=null
2022-06-20 14:45:24,901 [Thread-14] INFO  impl.VoteContext (VoteContext.java:log(48)) - s0@group-AD521306E148-CANDIDATE: accept PRE_VOTE from s2: our priority 0 <= candidate's priority 0
2022-06-20 14:45:24,903 [Thread-14] INFO  server.RaftServer$Division (RaftServerImpl.java:requestVote(1184)) - s0@group-AD521306E148 replies to PRE_VOTE vote request: s2<-s0#0:OK-t1. Peer's state: s0@group-AD521306E148:t1, leader=null, voted=s0, raftlog=s0@group-AD521306E148-SegmentedRaftLog:OPENED:c-1, conf=-1: [s3|rpc:localhost:40171|admin:localhost:41625|client:localhost:33977|dataStream:localhost:44013|priority:0, s4|rpc:localhost:33595|admin:localhost:33437|client:localhost:36325|dataStream:localhost:46195|priority:0, s0|rpc:localhost:37803|admin:localhost:43483|client:localhost:45147|dataStream:localhost:37009|priority:0, s1|rpc:localhost:40679|admin:localhost:39243|client:localhost:35827|dataStream:localhost:36929|priority:0, s2|rpc:localhost:40201|admin:localhost:35363|client:localhost:39699|dataStream:localhost:40971|priority:0], old=null
2022-06-20 14:45:24,901 [s0@group-AD521306E148-LeaderElection2] INFO  impl.LeaderElection (LeaderElection.java:askForVotes(310)) - s0@group-AD521306E148-LeaderElection2 ELECTION round 0: submit vote requests at term 1 for -1: [s3|rpc:localhost:40171|admin:localhost:41625|client:localhost:33977|dataStream:localhost:44013|priority:0, s4|rpc:localhost:33595|admin:localhost:33437|client:localhost:36325|dataStream:localhost:46195|priority:0, s0|rpc:localhost:37803|admin:localhost:43483|client:localhost:45147|dataStream:localhost:37009|priority:0, s1|rpc:localhost:40679|admin:localhost:39243|client:localhost:35827|dataStream:localhost:36929|priority:0, s2|rpc:localhost:40201|admin:localhost:35363|client:localhost:39699|dataStream:localhost:40971|priority:0], old=null
2022-06-20 14:45:24,903 [s2@group-AD521306E148-LeaderElection3] INFO  impl.LeaderElection (LeaderElection.java:askForVotes(310)) - s2@group-AD521306E148-LeaderElection3 ELECTION round 0: submit vote requests at term 1 for -1: [s3|rpc:localhost:40171|admin:localhost:41625|client:localhost:33977|dataStream:localhost:44013|priority:0, s4|rpc:localhost:33595|admin:localhost:33437|client:localhost:36325|dataStream:localhost:46195|priority:0, s0|rpc:localhost:37803|admin:localhost:43483|client:localhost:45147|dataStream:localhost:37009|priority:0, s1|rpc:localhost:40679|admin:localhost:39243|client:localhost:35827|dataStream:localhost:36929|priority:0, s2|rpc:localhost:40201|admin:localhost:35363|client:localhost:39699|dataStream:localhost:40971|priority:0], old=null
2022-06-20 14:45:24,903 [Thread-1] INFO  impl.VoteContext (VoteContext.java:log(48)) - s3@group-AD521306E148-CANDIDATE: accept PRE_VOTE from s1: our priority 0 <= candidate's priority 0
2022-06-20 14:45:24,904 [Thread-1] INFO  server.RaftServer$Division (RaftServerImpl.java:requestVote(1184)) - s3@group-AD521306E148 replies to PRE_VOTE vote request: s1<-s3#0:OK-t0. Peer's state: s3@group-AD521306E148:t0, leader=null, voted=, raftlog=s3@group-AD521306E148-SegmentedRaftLog:OPENED:c-1, conf=-1: [s3|rpc:localhost:40171|admin:localhost:41625|client:localhost:33977|dataStream:localhost:44013|priority:0, s4|rpc:localhost:33595|admin:localhost:33437|client:localhost:36325|dataStream:localhost:46195|priority:0, s0|rpc:localhost:37803|admin:localhost:43483|client:localhost:45147|dataStream:localhost:37009|priority:0, s1|rpc:localhost:40679|admin:localhost:39243|client:localhost:35827|dataStream:localhost:36929|priority:0, s2|rpc:localhost:40201|admin:localhost:35363|client:localhost:39699|dataStream:localhost:40971|priority:0], old=null
2022-06-20 14:45:24,905 [s3@group-AD521306E148-LeaderElection4] INFO  impl.LeaderElection (LeaderElection.java:askForVotes(310)) - s3@group-AD521306E148-LeaderElection4 PRE_VOTE round 0: submit vote requests at term 0 for -1: [s3|rpc:localhost:40171|admin:localhost:41625|client:localhost:33977|dataStream:localhost:44013|priority:0, s4|rpc:localhost:33595|admin:localhost:33437|client:localhost:36325|dataStream:localhost:46195|priority:0, s0|rpc:localhost:37803|admin:localhost:43483|client:localhost:45147|dataStream:localhost:37009|priority:0, s1|rpc:localhost:40679|admin:localhost:39243|client:localhost:35827|dataStream:localhost:36929|priority:0, s2|rpc:localhost:40201|admin:localhost:35363|client:localhost:39699|dataStream:localhost:40971|priority:0], old=null
2022-06-20 14:45:24,906 [Thread-0] INFO  server.RaftServer$Division (RaftServerImpl.java:requestVote(1152)) - s3@group-AD521306E148: receive requestVote(ELECTION, s2, group-AD521306E148, 1, (t:0, i:0))
2022-06-20 14:45:24,906 [Thread-0] INFO  impl.VoteContext (VoteContext.java:log(48)) - s3@group-AD521306E148-CANDIDATE: accept ELECTION from s2: our priority 0 <= candidate's priority 0
2022-06-20 14:45:24,906 [Thread-0] INFO  server.RaftServer$Division (RaftServerImpl.java:setRole(299)) - s3@group-AD521306E148: changes role from CANDIDATE to FOLLOWER at term 1 for candidate:s2
2022-06-20 14:45:24,907 [Thread-0] INFO  impl.RoleInfo (RoleInfo.java:shutdownLeaderElection(130)) - s3: shutdown s3@group-AD521306E148-LeaderElection4
2022-06-20 14:45:24,909 [Thread-2] INFO  server.RaftServer$Division (RaftServerImpl.java:requestVote(1152)) - s3@group-AD521306E148: receive requestVote(ELECTION, s0, group-AD521306E148, 1, (t:0, i:0))
2022-06-20 14:45:24,909 [Thread-0] INFO  impl.RoleInfo (RoleInfo.java:updateAndGet(139)) - s3: start s3@group-AD521306E148-FollowerState
2022-06-20 14:45:24,910 [Thread-23] INFO  server.RaftServer$Division (RaftServerImpl.java:requestVote(1152)) - s1@group-AD521306E148: receive requestVote(ELECTION, s0, group-AD521306E148, 1, (t:0, i:0))
2022-06-20 14:45:24,910 [Thread-23] INFO  impl.VoteContext (VoteContext.java:log(48)) - s1@group-AD521306E148-CANDIDATE: accept ELECTION from s0: our priority 0 <= candidate's priority 0
2022-06-20 14:45:24,910 [Thread-23] INFO  server.RaftServer$Division (RaftServerImpl.java:setRole(299)) - s1@group-AD521306E148: changes role from CANDIDATE to FOLLOWER at term 1 for candidate:s0
2022-06-20 14:45:24,910 [Thread-23] INFO  impl.RoleInfo (RoleInfo.java:shutdownLeaderElection(130)) - s1: shutdown s1@group-AD521306E148-LeaderElection1
2022-06-20 14:45:24,911 [Thread-21] INFO  server.RaftServer$Division (RaftServerImpl.java:requestVote(1152)) - s1@group-AD521306E148: receive requestVote(ELECTION, s2, group-AD521306E148, 1, (t:0, i:0))
2022-06-20 14:45:24,911 [Thread-22] INFO  server.RaftServer$Division (RaftServerImpl.java:requestVote(1152)) - s1@group-AD521306E148: receive requestVote(PRE_VOTE, s3, group-AD521306E148, 0, (t:0, i:0))
2022-06-20 14:45:24,912 [s3@group-AD521306E148-LeaderElection4] INFO  impl.LeaderElection (LeaderElection.java:logAndReturn(90)) - s3@group-AD521306E148-LeaderElection4: PRE_VOTE REJECTED received 0 response(s) and 0 exception(s):
2022-06-20 14:45:24,912 [s3@group-AD521306E148-LeaderElection4] INFO  impl.LeaderElection (LeaderElection.java:askForVotes(312)) - s3@group-AD521306E148-LeaderElection4 PRE_VOTE round 0: result REJECTED
2022-06-20 14:45:24,912 [Thread-9] INFO  server.RaftServer$Division (RaftServerImpl.java:requestVote(1152)) - s4@group-AD521306E148: receive requestVote(PRE_VOTE, s1, group-AD521306E148, 0, (t:0, i:0))
2022-06-20 14:45:24,912 [Thread-9] INFO  impl.VoteContext (VoteContext.java:log(48)) - s4@group-AD521306E148-FOLLOWER: accept PRE_VOTE from s1: our priority 0 <= candidate's priority 0
2022-06-20 14:45:24,912 [Thread-9] INFO  server.RaftServer$Division (RaftServerImpl.java:requestVote(1184)) - s4@group-AD521306E148 replies to PRE_VOTE vote request: s1<-s4#0:OK-t0. Peer's state: s4@group-AD521306E148:t0, leader=null, voted=, raftlog=s4@group-AD521306E148-SegmentedRaftLog:OPENED:c-1, conf=-1: [s3|rpc:localhost:40171|admin:localhost:41625|client:localhost:33977|dataStream:localhost:44013|priority:0, s4|rpc:localhost:33595|admin:localhost:33437|client:localhost:36325|dataStream:localhost:46195|priority:0, s0|rpc:localhost:37803|admin:localhost:43483|client:localhost:45147|dataStream:localhost:37009|priority:0, s1|rpc:localhost:40679|admin:localhost:39243|client:localhost:35827|dataStream:localhost:36929|priority:0, s2|rpc:localhost:40201|admin:localhost:35363|client:localhost:39699|dataStream:localhost:40971|priority:0], old=null
2022-06-20 14:45:24,912 [Thread-9] INFO  server.RaftServer$Division (RaftServerImpl.java:requestVote(1152)) - s4@group-AD521306E148: receive requestVote(PRE_VOTE, s3, group-AD521306E148, 0, (t:0, i:0))
2022-06-20 14:45:24,912 [Thread-9] INFO  impl.VoteContext (VoteContext.java:log(48)) - s4@group-AD521306E148-FOLLOWER: accept PRE_VOTE from s3: our priority 0 <= candidate's priority 0
2022-06-20 14:45:24,912 [Thread-9] INFO  server.RaftServer$Division (RaftServerImpl.java:requestVote(1184)) - s4@group-AD521306E148 replies to PRE_VOTE vote request: s3<-s4#0:OK-t0. Peer's state: s4@group-AD521306E148:t0, leader=null, voted=, raftlog=s4@group-AD521306E148-SegmentedRaftLog:OPENED:c-1, conf=-1: [s3|rpc:localhost:40171|admin:localhost:41625|client:localhost:33977|dataStream:localhost:44013|priority:0, s4|rpc:localhost:33595|admin:localhost:33437|client:localhost:36325|dataStream:localhost:46195|priority:0, s0|rpc:localhost:37803|admin:localhost:43483|client:localhost:45147|dataStream:localhost:37009|priority:0, s1|rpc:localhost:40679|admin:localhost:39243|client:localhost:35827|dataStream:localhost:36929|priority:0, s2|rpc:localhost:40201|admin:localhost:35363|client:localhost:39699|dataStream:localhost:40971|priority:0], old=null
2022-06-20 14:45:24,913 [Thread-9] INFO  server.RaftServer$Division (RaftServerImpl.java:requestVote(1152)) - s4@group-AD521306E148: receive requestVote(ELECTION, s0, group-AD521306E148, 1, (t:0, i:0))
2022-06-20 14:45:24,913 [Thread-9] INFO  impl.VoteContext (VoteContext.java:log(48)) - s4@group-AD521306E148-FOLLOWER: accept ELECTION from s0: our priority 0 <= candidate's priority 0
2022-06-20 14:45:24,913 [Thread-9] INFO  server.RaftServer$Division (RaftServerImpl.java:setRole(299)) - s4@group-AD521306E148: changes role from  FOLLOWER to FOLLOWER at term 1 for candidate:s0
2022-06-20 14:45:24,913 [Thread-9] INFO  impl.RoleInfo (RoleInfo.java:shutdownFollowerState(110)) - s4: shutdown s4@group-AD521306E148-FollowerState
2022-06-20 14:45:24,913 [Thread-8] INFO  server.RaftServer$Division (RaftServerImpl.java:requestVote(1152)) - s4@group-AD521306E148: receive requestVote(ELECTION, s2, group-AD521306E148, 1, (t:0, i:0))
2022-06-20 14:45:24,915 [Thread-23] INFO  impl.RoleInfo (RoleInfo.java:updateAndGet(139)) - s1: start s1@group-AD521306E148-FollowerState
2022-06-20 14:45:24,915 [s1@group-AD521306E148-LeaderElection1] INFO  impl.LeaderElection (LeaderElection.java:logAndReturn(90)) - s1@group-AD521306E148-LeaderElection1: PRE_VOTE REJECTED received 0 response(s) and 0 exception(s):
2022-06-20 14:45:24,915 [Thread-29] INFO  server.RaftServer$Division (RaftServerImpl.java:requestVote(1152)) - s2@group-AD521306E148: receive requestVote(ELECTION, s0, group-AD521306E148, 1, (t:0, i:0))
2022-06-20 14:45:24,915 [Thread-29] INFO  impl.VoteContext (VoteContext.java:log(48)) - s2@group-AD521306E148-CANDIDATE: reject ELECTION from s0: already has voted for s2 at current term 1
2022-06-20 14:45:24,915 [Thread-29] INFO  server.RaftServer$Division (RaftServerImpl.java:requestVote(1184)) - s2@group-AD521306E148 replies to ELECTION vote request: s0<-s2#0:FAIL-t1. Peer's state: s2@group-AD521306E148:t1, leader=null, voted=s2, raftlog=s2@group-AD521306E148-SegmentedRaftLog:OPENED:c-1, conf=-1: [s3|rpc:localhost:40171|admin:localhost:41625|client:localhost:33977|dataStream:localhost:44013|priority:0, s4|rpc:localhost:33595|admin:localhost:33437|client:localhost:36325|dataStream:localhost:46195|priority:0, s0|rpc:localhost:37803|admin:localhost:43483|client:localhost:45147|dataStream:localhost:37009|priority:0, s1|rpc:localhost:40679|admin:localhost:39243|client:localhost:35827|dataStream:localhost:36929|priority:0, s2|rpc:localhost:40201|admin:localhost:35363|client:localhost:39699|dataStream:localhost:40971|priority:0], old=null
2022-06-20 14:45:24,915 [Thread-29] INFO  server.RaftServer$Division (RaftServerImpl.java:requestVote(1152)) - s2@group-AD521306E148: receive requestVote(PRE_VOTE, s1, group-AD521306E148, 0, (t:0, i:0))
2022-06-20 14:45:24,915 [Thread-29] INFO  impl.VoteContext (VoteContext.java:log(48)) - s2@group-AD521306E148-CANDIDATE: accept PRE_VOTE from s1: our priority 0 <= candidate's priority 0
2022-06-20 14:45:24,915 [Thread-29] INFO  server.RaftServer$Division (RaftServerImpl.java:requestVote(1184)) - s2@group-AD521306E148 replies to PRE_VOTE vote request: s1<-s2#0:OK-t1. Peer's state: s2@group-AD521306E148:t1, leader=null, voted=s2, raftlog=s2@group-AD521306E148-SegmentedRaftLog:OPENED:c-1, conf=-1: [s3|rpc:localhost:40171|admin:localhost:41625|client:localhost:33977|dataStream:localhost:44013|priority:0, s4|rpc:localhost:33595|admin:localhost:33437|client:localhost:36325|dataStream:localhost:46195|priority:0, s0|rpc:localhost:37803|admin:localhost:43483|client:localhost:45147|dataStream:localhost:37009|priority:0, s1|rpc:localhost:40679|admin:localhost:39243|client:localhost:35827|dataStream:localhost:36929|priority:0, s2|rpc:localhost:40201|admin:localhost:35363|client:localhost:39699|dataStream:localhost:40971|priority:0], old=null
2022-06-20 14:45:24,915 [Thread-29] INFO  server.RaftServer$Division (RaftServerImpl.java:requestVote(1152)) - s2@group-AD521306E148: receive requestVote(PRE_VOTE, s3, group-AD521306E148, 0, (t:0, i:0))
2022-06-20 14:45:24,916 [Thread-29] INFO  impl.VoteContext (VoteContext.java:log(48)) - s2@group-AD521306E148-CANDIDATE: accept PRE_VOTE from s3: our priority 0 <= candidate's priority 0
2022-06-20 14:45:24,916 [Thread-29] INFO  server.RaftServer$Division (RaftServerImpl.java:requestVote(1184)) - s2@group-AD521306E148 replies to PRE_VOTE vote request: s3<-s2#0:OK-t1. Peer's state: s2@group-AD521306E148:t1, leader=null, voted=s2, raftlog=s2@group-AD521306E148-SegmentedRaftLog:OPENED:c-1, conf=-1: [s3|rpc:localhost:40171|admin:localhost:41625|client:localhost:33977|dataStream:localhost:44013|priority:0, s4|rpc:localhost:33595|admin:localhost:33437|client:localhost:36325|dataStream:localhost:46195|priority:0, s0|rpc:localhost:37803|admin:localhost:43483|client:localhost:45147|dataStream:localhost:37009|priority:0, s1|rpc:localhost:40679|admin:localhost:39243|client:localhost:35827|dataStream:localhost:36929|priority:0, s2|rpc:localhost:40201|admin:localhost:35363|client:localhost:39699|dataStream:localhost:40971|priority:0], old=null
2022-06-20 14:45:24,919 [Thread-0] INFO  server.RaftServer$Division (RaftServerImpl.java:requestVote(1184)) - s3@group-AD521306E148 replies to ELECTION vote request: s2<-s3#0:OK-t1. Peer's state: s3@group-AD521306E148:t1, leader=null, voted=s2, raftlog=s3@group-AD521306E148-SegmentedRaftLog:OPENED:c-1, conf=-1: [s3|rpc:localhost:40171|admin:localhost:41625|client:localhost:33977|dataStream:localhost:44013|priority:0, s4|rpc:localhost:33595|admin:localhost:33437|client:localhost:36325|dataStream:localhost:46195|priority:0, s0|rpc:localhost:37803|admin:localhost:43483|client:localhost:45147|dataStream:localhost:37009|priority:0, s1|rpc:localhost:40679|admin:localhost:39243|client:localhost:35827|dataStream:localhost:36929|priority:0, s2|rpc:localhost:40201|admin:localhost:35363|client:localhost:39699|dataStream:localhost:40971|priority:0], old=null
2022-06-20 14:45:24,920 [Thread-2] INFO  impl.VoteContext (VoteContext.java:log(48)) - s3@group-AD521306E148-FOLLOWER: reject ELECTION from s0: already has voted for s2 at current term 1
2022-06-20 14:45:24,920 [Thread-2] INFO  server.RaftServer$Division (RaftServerImpl.java:requestVote(1184)) - s3@group-AD521306E148 replies to ELECTION vote request: s0<-s3#0:FAIL-t1. Peer's state: s3@group-AD521306E148:t1, leader=null, voted=s2, raftlog=s3@group-AD521306E148-SegmentedRaftLog:OPENED:c-1, conf=-1: [s3|rpc:localhost:40171|admin:localhost:41625|client:localhost:33977|dataStream:localhost:44013|priority:0, s4|rpc:localhost:33595|admin:localhost:33437|client:localhost:36325|dataStream:localhost:46195|priority:0, s0|rpc:localhost:37803|admin:localhost:43483|client:localhost:45147|dataStream:localhost:37009|priority:0, s1|rpc:localhost:40679|admin:localhost:39243|client:localhost:35827|dataStream:localhost:36929|priority:0, s2|rpc:localhost:40201|admin:localhost:35363|client:localhost:39699|dataStream:localhost:40971|priority:0], old=null
2022-06-20 14:45:24,921 [s1@group-AD521306E148-LeaderElection1] INFO  impl.LeaderElection (LeaderElection.java:askForVotes(312)) - s1@group-AD521306E148-LeaderElection1 PRE_VOTE round 0: result REJECTED
2022-06-20 14:45:24,921 [Thread-15] INFO  server.RaftServer$Division (RaftServerImpl.java:requestVote(1152)) - s0@group-AD521306E148: receive requestVote(ELECTION, s2, group-AD521306E148, 1, (t:0, i:0))
2022-06-20 14:45:24,922 [Thread-15] INFO  impl.VoteContext (VoteContext.java:log(48)) - s0@group-AD521306E148-CANDIDATE: reject ELECTION from s2: already has voted for s0 at current term 1
2022-06-20 14:45:24,922 [Thread-15] INFO  server.RaftServer$Division (RaftServerImpl.java:requestVote(1184)) - s0@group-AD521306E148 replies to ELECTION vote request: s2<-s0#0:FAIL-t1. Peer's state: s0@group-AD521306E148:t1, leader=null, voted=s0, raftlog=s0@group-AD521306E148-SegmentedRaftLog:OPENED:c-1, conf=-1: [s3|rpc:localhost:40171|admin:localhost:41625|client:localhost:33977|dataStream:localhost:44013|priority:0, s4|rpc:localhost:33595|admin:localhost:33437|client:localhost:36325|dataStream:localhost:46195|priority:0, s0|rpc:localhost:37803|admin:localhost:43483|client:localhost:45147|dataStream:localhost:37009|priority:0, s1|rpc:localhost:40679|admin:localhost:39243|client:localhost:35827|dataStream:localhost:36929|priority:0, s2|rpc:localhost:40201|admin:localhost:35363|client:localhost:39699|dataStream:localhost:40971|priority:0], old=null
2022-06-20 14:45:24,922 [Thread-14] INFO  server.RaftServer$Division (RaftServerImpl.java:requestVote(1152)) - s0@group-AD521306E148: receive requestVote(PRE_VOTE, s1, group-AD521306E148, 0, (t:0, i:0))
2022-06-20 14:45:24,922 [Thread-14] INFO  impl.VoteContext (VoteContext.java:log(48)) - s0@group-AD521306E148-CANDIDATE: accept PRE_VOTE from s1: our priority 0 <= candidate's priority 0
2022-06-20 14:45:24,922 [Thread-14] INFO  server.RaftServer$Division (RaftServerImpl.java:requestVote(1184)) - s0@group-AD521306E148 replies to PRE_VOTE vote request: s1<-s0#0:OK-t1. Peer's state: s0@group-AD521306E148:t1, leader=null, voted=s0, raftlog=s0@group-AD521306E148-SegmentedRaftLog:OPENED:c-1, conf=-1: [s3|rpc:localhost:40171|admin:localhost:41625|client:localhost:33977|dataStream:localhost:44013|priority:0, s4|rpc:localhost:33595|admin:localhost:33437|client:localhost:36325|dataStream:localhost:46195|priority:0, s0|rpc:localhost:37803|admin:localhost:43483|client:localhost:45147|dataStream:localhost:37009|priority:0, s1|rpc:localhost:40679|admin:localhost:39243|client:localhost:35827|dataStream:localhost:36929|priority:0, s2|rpc:localhost:40201|admin:localhost:35363|client:localhost:39699|dataStream:localhost:40971|priority:0], old=null
2022-06-20 14:45:24,922 [Thread-16] INFO  server.RaftServer$Division (RaftServerImpl.java:requestVote(1152)) - s0@group-AD521306E148: receive requestVote(PRE_VOTE, s3, group-AD521306E148, 0, (t:0, i:0))
2022-06-20 14:45:24,922 [Thread-16] INFO  impl.VoteContext (VoteContext.java:log(48)) - s0@group-AD521306E148-CANDIDATE: accept PRE_VOTE from s3: our priority 0 <= candidate's priority 0
2022-06-20 14:45:24,922 [Thread-16] INFO  server.RaftServer$Division (RaftServerImpl.java:requestVote(1184)) - s0@group-AD521306E148 replies to PRE_VOTE vote request: s3<-s0#0:OK-t1. Peer's state: s0@group-AD521306E148:t1, leader=null, voted=s0, raftlog=s0@group-AD521306E148-SegmentedRaftLog:OPENED:c-1, conf=-1: [s3|rpc:localhost:40171|admin:localhost:41625|client:localhost:33977|dataStream:localhost:44013|priority:0, s4|rpc:localhost:33595|admin:localhost:33437|client:localhost:36325|dataStream:localhost:46195|priority:0, s0|rpc:localhost:37803|admin:localhost:43483|client:localhost:45147|dataStream:localhost:37009|priority:0, s1|rpc:localhost:40679|admin:localhost:39243|client:localhost:35827|dataStream:localhost:36929|priority:0, s2|rpc:localhost:40201|admin:localhost:35363|client:localhost:39699|dataStream:localhost:40971|priority:0], old=null
2022-06-20 14:45:24,930 [Thread-9] INFO  impl.RoleInfo (RoleInfo.java:updateAndGet(139)) - s4: start s4@group-AD521306E148-FollowerState
2022-06-20 14:45:24,930 [s4@group-AD521306E148-FollowerState] INFO  impl.FollowerState (FollowerState.java:run(152)) - s4@group-AD521306E148-FollowerState was interrupted
2022-06-20 14:45:24,931 [Thread-23] INFO  server.RaftServer$Division (RaftServerImpl.java:requestVote(1184)) - s1@group-AD521306E148 replies to ELECTION vote request: s0<-s1#0:OK-t1. Peer's state: s1@group-AD521306E148:t1, leader=null, voted=s0, raftlog=s1@group-AD521306E148-SegmentedRaftLog:OPENED:c-1, conf=-1: [s3|rpc:localhost:40171|admin:localhost:41625|client:localhost:33977|dataStream:localhost:44013|priority:0, s4|rpc:localhost:33595|admin:localhost:33437|client:localhost:36325|dataStream:localhost:46195|priority:0, s0|rpc:localhost:37803|admin:localhost:43483|client:localhost:45147|dataStream:localhost:37009|priority:0, s1|rpc:localhost:40679|admin:localhost:39243|client:localhost:35827|dataStream:localhost:36929|priority:0, s2|rpc:localhost:40201|admin:localhost:35363|client:localhost:39699|dataStream:localhost:40971|priority:0], old=null
2022-06-20 14:45:24,932 [Thread-22] INFO  impl.VoteContext (VoteContext.java:log(48)) - s1@group-AD521306E148-FOLLOWER: accept PRE_VOTE from s3: our priority 0 <= candidate's priority 0
2022-06-20 14:45:24,932 [Thread-22] INFO  server.RaftServer$Division (RaftServerImpl.java:requestVote(1184)) - s1@group-AD521306E148 replies to PRE_VOTE vote request: s3<-s1#0:OK-t1. Peer's state: s1@group-AD521306E148:t1, leader=null, voted=s0, raftlog=s1@group-AD521306E148-SegmentedRaftLog:OPENED:c-1, conf=-1: [s3|rpc:localhost:40171|admin:localhost:41625|client:localhost:33977|dataStream:localhost:44013|priority:0, s4|rpc:localhost:33595|admin:localhost:33437|client:localhost:36325|dataStream:localhost:46195|priority:0, s0|rpc:localhost:37803|admin:localhost:43483|client:localhost:45147|dataStream:localhost:37009|priority:0, s1|rpc:localhost:40679|admin:localhost:39243|client:localhost:35827|dataStream:localhost:36929|priority:0, s2|rpc:localhost:40201|admin:localhost:35363|client:localhost:39699|dataStream:localhost:40971|priority:0], old=null
2022-06-20 14:45:24,932 [Thread-21] INFO  impl.VoteContext (VoteContext.java:log(48)) - s1@group-AD521306E148-FOLLOWER: reject ELECTION from s2: already has voted for s0 at current term 1
2022-06-20 14:45:24,932 [Thread-21] INFO  server.RaftServer$Division (RaftServerImpl.java:requestVote(1184)) - s1@group-AD521306E148 replies to ELECTION vote request: s2<-s1#0:FAIL-t1. Peer's state: s1@group-AD521306E148:t1, leader=null, voted=s0, raftlog=s1@group-AD521306E148-SegmentedRaftLog:OPENED:c-1, conf=-1: [s3|rpc:localhost:40171|admin:localhost:41625|client:localhost:33977|dataStream:localhost:44013|priority:0, s4|rpc:localhost:33595|admin:localhost:33437|client:localhost:36325|dataStream:localhost:46195|priority:0, s0|rpc:localhost:37803|admin:localhost:43483|client:localhost:45147|dataStream:localhost:37009|priority:0, s1|rpc:localhost:40679|admin:localhost:39243|client:localhost:35827|dataStream:localhost:36929|priority:0, s2|rpc:localhost:40201|admin:localhost:35363|client:localhost:39699|dataStream:localhost:40971|priority:0], old=null
2022-06-20 14:45:24,932 [Thread-9] INFO  server.RaftServer$Division (RaftServerImpl.java:requestVote(1184)) - s4@group-AD521306E148 replies to ELECTION vote request: s0<-s4#0:OK-t1. Peer's state: s4@group-AD521306E148:t1, leader=null, voted=s0, raftlog=s4@group-AD521306E148-SegmentedRaftLog:OPENED:c-1, conf=-1: [s3|rpc:localhost:40171|admin:localhost:41625|client:localhost:33977|dataStream:localhost:44013|priority:0, s4|rpc:localhost:33595|admin:localhost:33437|client:localhost:36325|dataStream:localhost:46195|priority:0, s0|rpc:localhost:37803|admin:localhost:43483|client:localhost:45147|dataStream:localhost:37009|priority:0, s1|rpc:localhost:40679|admin:localhost:39243|client:localhost:35827|dataStream:localhost:36929|priority:0, s2|rpc:localhost:40201|admin:localhost:35363|client:localhost:39699|dataStream:localhost:40971|priority:0], old=null
2022-06-20 14:45:24,933 [Thread-8] INFO  impl.VoteContext (VoteContext.java:log(48)) - s4@group-AD521306E148-FOLLOWER: reject ELECTION from s2: already has voted for s0 at current term 1
2022-06-20 14:45:24,933 [Thread-8] INFO  server.RaftServer$Division (RaftServerImpl.java:requestVote(1184)) - s4@group-AD521306E148 replies to ELECTION vote request: s2<-s4#0:FAIL-t1. Peer's state: s4@group-AD521306E148:t1, leader=null, voted=s0, raftlog=s4@group-AD521306E148-SegmentedRaftLog:OPENED:c-1, conf=-1: [s3|rpc:localhost:40171|admin:localhost:41625|client:localhost:33977|dataStream:localhost:44013|priority:0, s4|rpc:localhost:33595|admin:localhost:33437|client:localhost:36325|dataStream:localhost:46195|priority:0, s0|rpc:localhost:37803|admin:localhost:43483|client:localhost:45147|dataStream:localhost:37009|priority:0, s1|rpc:localhost:40679|admin:localhost:39243|client:localhost:35827|dataStream:localhost:36929|priority:0, s2|rpc:localhost:40201|admin:localhost:35363|client:localhost:39699|dataStream:localhost:40971|priority:0], old=null
2022-06-20 14:45:24,933 [s0@group-AD521306E148-LeaderElection2] INFO  impl.LeaderElection (LeaderElection.java:logAndReturn(90)) - s0@group-AD521306E148-LeaderElection2: ELECTION PASSED received 4 response(s) and 0 exception(s):
2022-06-20 14:45:24,933 [s0@group-AD521306E148-LeaderElection2] INFO  impl.LeaderElection (LeaderElection.java:logAndReturn(94)) -   Response 0: s0<-s3#0:FAIL-t1
2022-06-20 14:45:24,933 [s0@group-AD521306E148-LeaderElection2] INFO  impl.LeaderElection (LeaderElection.java:logAndReturn(94)) -   Response 1: s0<-s4#0:OK-t1
2022-06-20 14:45:24,933 [s0@group-AD521306E148-LeaderElection2] INFO  impl.LeaderElection (LeaderElection.java:logAndReturn(94)) -   Response 2: s0<-s1#0:OK-t1
2022-06-20 14:45:24,933 [s0@group-AD521306E148-LeaderElection2] INFO  impl.LeaderElection (LeaderElection.java:logAndReturn(94)) -   Response 3: s0<-s2#0:FAIL-t1
2022-06-20 14:45:24,933 [s0@group-AD521306E148-LeaderElection2] INFO  impl.LeaderElection (LeaderElection.java:askForVotes(312)) - s0@group-AD521306E148-LeaderElection2 ELECTION round 0: result PASSED
2022-06-20 14:45:24,933 [s0@group-AD521306E148-LeaderElection2] INFO  impl.RoleInfo (RoleInfo.java:shutdownLeaderElection(130)) - s0: shutdown s0@group-AD521306E148-LeaderElection2
2022-06-20 14:45:24,933 [s0@group-AD521306E148-LeaderElection2] INFO  server.RaftServer$Division (RaftServerImpl.java:setRole(299)) - s0@group-AD521306E148: changes role from CANDIDATE to LEADER at term 1 for changeToLeader
2022-06-20 14:45:24,933 [s0@group-AD521306E148-LeaderElection2] INFO  server.RaftServer$Division (ServerState.java:setLeader(291)) - s0@group-AD521306E148: change Leader from null to s0 at term 1 for becomeLeader, leader elected after 457ms
2022-06-20 14:45:24,934 [s2@group-AD521306E148-LeaderElection3] INFO  impl.LeaderElection (LeaderElection.java:logAndReturn(90)) - s2@group-AD521306E148-LeaderElection3: ELECTION REJECTED received 4 response(s) and 0 exception(s):
2022-06-20 14:45:24,934 [s2@group-AD521306E148-LeaderElection3] INFO  impl.LeaderElection (LeaderElection.java:logAndReturn(94)) -   Response 0: s2<-s3#0:OK-t1
2022-06-20 14:45:24,934 [s2@group-AD521306E148-LeaderElection3] INFO  impl.LeaderElection (LeaderElection.java:logAndReturn(94)) -   Response 1: s2<-s4#0:FAIL-t1
2022-06-20 14:45:24,934 [s2@group-AD521306E148-LeaderElection3] INFO  impl.LeaderElection (LeaderElection.java:logAndReturn(94)) -   Response 2: s2<-s0#0:FAIL-t1
2022-06-20 14:45:24,934 [s2@group-AD521306E148-LeaderElection3] INFO  impl.LeaderElection (LeaderElection.java:logAndReturn(94)) -   Response 3: s2<-s1#0:FAIL-t1
2022-06-20 14:45:24,934 [s2@group-AD521306E148-LeaderElection3] INFO  impl.LeaderElection (LeaderElection.java:askForVotes(312)) - s2@group-AD521306E148-LeaderElection3 ELECTION round 0: result REJECTED
2022-06-20 14:45:24,934 [s2@group-AD521306E148-LeaderElection3] INFO  server.RaftServer$Division (RaftServerImpl.java:setRole(299)) - s2@group-AD521306E148: changes role from CANDIDATE to FOLLOWER at term 1 for REJECTED
2022-06-20 14:45:24,934 [s2@group-AD521306E148-LeaderElection3] INFO  impl.RoleInfo (RoleInfo.java:shutdownLeaderElection(130)) - s2: shutdown s2@group-AD521306E148-LeaderElection3
2022-06-20 14:45:24,934 [s2@group-AD521306E148-LeaderElection3] INFO  impl.RoleInfo (RoleInfo.java:updateAndGet(139)) - s2: start s2@group-AD521306E148-FollowerState
2022-06-20 14:45:24,937 [s0@group-AD521306E148-LeaderElection2] INFO  server.RaftServerConfigKeys (ConfUtils.java:logGet(46)) - raft.server.staging.catchup.gap = 1000 (default)
2022-06-20 14:45:24,940 [s0@group-AD521306E148-LeaderElection2] INFO  server.RaftServerConfigKeys (ConfUtils.java:logGet(46)) - raft.server.write.element-limit = 4096 (default)
2022-06-20 14:45:24,941 [s0@group-AD521306E148-LeaderElection2] INFO  server.RaftServerConfigKeys (ConfUtils.java:logGet(46)) - raft.server.write.byte-limit = 64MB (=67108864) (default)
2022-06-20 14:45:24,948 [s0@group-AD521306E148-LeaderElection2] INFO  server.RaftServerConfigKeys (ConfUtils.java:logGet(46)) - raft.server.watch.timeout = 10s (default)
2022-06-20 14:45:24,949 [s0@group-AD521306E148-LeaderElection2] INFO  server.RaftServerConfigKeys (ConfUtils.java:logGet(46)) - raft.server.watch.timeout.denomination = 1s (default)
2022-06-20 14:45:24,949 [s0@group-AD521306E148-LeaderElection2] INFO  server.RaftServerConfigKeys (ConfUtils.java:logGet(46)) - raft.server.watch.element-limit = 65536 (default)
2022-06-20 14:45:24,957 [s0@group-AD521306E148-LeaderElection2] INFO  server.RaftServerConfigKeys (ConfUtils.java:logGet(46)) - raft.server.write.element-limit = 4096 (default)
2022-06-20 14:45:24,960 [s0@group-AD521306E148-LeaderElection2] INFO  server.RaftServerConfigKeys (ConfUtils.java:logGet(46)) - raft.server.write.follower.gap.ratio.max = -1.0 (default)
2022-06-20 14:45:24,968 [s0@group-AD521306E148-LeaderElection2] INFO  server.RaftServerConfigKeys (ConfUtils.java:logGet(46)) - raft.server.log.appender.snapshot.chunk.size.max = 16MB (=16777216) (default)
2022-06-20 14:45:24,968 [s0@group-AD521306E148-LeaderElection2] INFO  server.RaftServerConfigKeys (ConfUtils.java:logGet(46)) - raft.server.log.appender.buffer.byte-limit = 4MB (=4194304) (default)
2022-06-20 14:45:24,969 [s0@group-AD521306E148-LeaderElection2] INFO  server.RaftServerConfigKeys (ConfUtils.java:logGet(46)) - raft.server.log.appender.buffer.element-limit = 0 (default)
2022-06-20 14:45:24,972 [s0@group-AD521306E148-LeaderElection2] INFO  server.RaftServerConfigKeys (ConfUtils.java:logGet(46)) - raft.server.log.appender.snapshot.chunk.size.max = 16MB (=16777216) (default)
2022-06-20 14:45:24,972 [s0@group-AD521306E148-LeaderElection2] INFO  server.RaftServerConfigKeys (ConfUtils.java:logGet(46)) - raft.server.log.appender.buffer.byte-limit = 4MB (=4194304) (default)
2022-06-20 14:45:24,972 [s0@group-AD521306E148-LeaderElection2] INFO  server.RaftServerConfigKeys (ConfUtils.java:logGet(46)) - raft.server.log.appender.buffer.element-limit = 0 (default)
2022-06-20 14:45:24,974 [s0@group-AD521306E148-LeaderElection2] INFO  server.RaftServerConfigKeys (ConfUtils.java:logGet(46)) - raft.server.log.appender.snapshot.chunk.size.max = 16MB (=16777216) (default)
2022-06-20 14:45:24,976 [s0@group-AD521306E148-LeaderElection2] INFO  server.RaftServerConfigKeys (ConfUtils.java:logGet(46)) - raft.server.log.appender.buffer.byte-limit = 4MB (=4194304) (default)
2022-06-20 14:45:24,976 [s0@group-AD521306E148-LeaderElection2] INFO  server.RaftServerConfigKeys (ConfUtils.java:logGet(46)) - raft.server.log.appender.buffer.element-limit = 0 (default)
2022-06-20 14:45:24,978 [s0@group-AD521306E148-LeaderElection2] INFO  server.RaftServerConfigKeys (ConfUtils.java:logGet(46)) - raft.server.log.appender.snapshot.chunk.size.max = 16MB (=16777216) (default)
2022-06-20 14:45:24,978 [s0@group-AD521306E148-LeaderElection2] INFO  server.RaftServerConfigKeys (ConfUtils.java:logGet(46)) - raft.server.log.appender.buffer.byte-limit = 4MB (=4194304) (default)
2022-06-20 14:45:24,980 [s0@group-AD521306E148-LeaderElection2] INFO  server.RaftServerConfigKeys (ConfUtils.java:logGet(46)) - raft.server.log.appender.buffer.element-limit = 0 (default)
2022-06-20 14:45:24,981 [s0@group-AD521306E148-LeaderElection2] INFO  impl.RoleInfo (RoleInfo.java:updateAndGet(139)) - s0: start s0@group-AD521306E148-LeaderStateImpl
2022-06-20 14:45:24,996 [s0@group-AD521306E148-LeaderElection2] INFO  segmented.SegmentedRaftLogWorker (SegmentedRaftLogWorker.java:startLogSegment(425)) - s0@group-AD521306E148-SegmentedRaftLogWorker: Starting segment from index:0
2022-06-20 14:45:25,035 [Thread-1] INFO  server.RaftServer$Division (ServerState.java:setLeader(291)) - s3@group-AD521306E148: change Leader from null to s0 at term 1 for appendEntries, leader elected after 561ms
2022-06-20 14:45:25,039 [Thread-7] INFO  server.RaftServer$Division (ServerState.java:setLeader(291)) - s4@group-AD521306E148: change Leader from null to s0 at term 1 for appendEntries, leader elected after 572ms
2022-06-20 14:45:25,046 [Thread-23] INFO  server.RaftServer$Division (ServerState.java:setLeader(291)) - s1@group-AD521306E148: change Leader from null to s0 at term 1 for appendEntries, leader elected after 569ms
2022-06-20 14:45:25,047 [s0@group-AD521306E148-LeaderElection2] INFO  server.RaftServer$Division (ServerState.java:setRaftConf(397)) - s0@group-AD521306E148: set configuration 0: [s3|rpc:localhost:40171|admin:localhost:41625|client:localhost:33977|dataStream:localhost:44013|priority:0, s4|rpc:localhost:33595|admin:localhost:33437|client:localhost:36325|dataStream:localhost:46195|priority:0, s0|rpc:localhost:37803|admin:localhost:43483|client:localhost:45147|dataStream:localhost:37009|priority:0, s1|rpc:localhost:40679|admin:localhost:39243|client:localhost:35827|dataStream:localhost:36929|priority:0, s2|rpc:localhost:40201|admin:localhost:35363|client:localhost:39699|dataStream:localhost:40971|priority:0], old=null
2022-06-20 14:45:25,048 [Thread-29] INFO  server.RaftServer$Division (ServerState.java:setLeader(291)) - s2@group-AD521306E148: change Leader from null to s0 at term 1 for appendEntries, leader elected after 584ms
2022-06-20 14:45:25,058 [Thread-0] DEBUG server.RaftServer$Division (RaftServerImpl.java:logAppendEntries(1258)) - s3@group-AD521306E148: receive appendEntries(s0, 1, null, -1, true, commits[s0:c-1, s3:c-1, s4:c-1, s1:c-1, s2:c-1], entries: (t:1, i:0), CONFIGURATIONENTRY
2022-06-20 14:45:25,059 [Thread-0] INFO  server.RaftServer$Division (ServerState.java:setRaftConf(397)) - s3@group-AD521306E148: set configuration 0: [s3|rpc:localhost:40171|admin:localhost:41625|client:localhost:33977|dataStream:localhost:44013|priority:0, s4|rpc:localhost:33595|admin:localhost:33437|client:localhost:36325|dataStream:localhost:46195|priority:0, s0|rpc:localhost:37803|admin:localhost:43483|client:localhost:45147|dataStream:localhost:37009|priority:0, s1|rpc:localhost:40679|admin:localhost:39243|client:localhost:35827|dataStream:localhost:36929|priority:0, s2|rpc:localhost:40201|admin:localhost:35363|client:localhost:39699|dataStream:localhost:40971|priority:0], old=null
2022-06-20 14:45:25,059 [Thread-0] INFO  segmented.SegmentedRaftLogWorker (SegmentedRaftLogWorker.java:startLogSegment(425)) - s3@group-AD521306E148-SegmentedRaftLogWorker: Starting segment from index:0
2022-06-20 14:45:25,063 [Thread-22] DEBUG server.RaftServer$Division (RaftServerImpl.java:logAppendEntries(1258)) - s1@group-AD521306E148: receive appendEntries(s0, 1, null, -1, true, commits[s0:c-1, s3:c-1, s4:c-1, s1:c-1, s2:c-1], entries: (t:1, i:0), CONFIGURATIONENTRY
2022-06-20 14:45:25,063 [Thread-22] INFO  server.RaftServer$Division (ServerState.java:setRaftConf(397)) - s1@group-AD521306E148: set configuration 0: [s3|rpc:localhost:40171|admin:localhost:41625|client:localhost:33977|dataStream:localhost:44013|priority:0, s4|rpc:localhost:33595|admin:localhost:33437|client:localhost:36325|dataStream:localhost:46195|priority:0, s0|rpc:localhost:37803|admin:localhost:43483|client:localhost:45147|dataStream:localhost:37009|priority:0, s1|rpc:localhost:40679|admin:localhost:39243|client:localhost:35827|dataStream:localhost:36929|priority:0, s2|rpc:localhost:40201|admin:localhost:35363|client:localhost:39699|dataStream:localhost:40971|priority:0], old=null
2022-06-20 14:45:25,063 [Thread-22] INFO  segmented.SegmentedRaftLogWorker (SegmentedRaftLogWorker.java:startLogSegment(425)) - s1@group-AD521306E148-SegmentedRaftLogWorker: Starting segment from index:0
2022-06-20 14:45:25,065 [Thread-30] DEBUG server.RaftServer$Division (RaftServerImpl.java:logAppendEntries(1258)) - s2@group-AD521306E148: receive appendEntries(s0, 1, null, -1, true, commits[s0:c-1, s3:c-1, s4:c-1, s1:c-1, s2:c-1], entries: (t:1, i:0), CONFIGURATIONENTRY
2022-06-20 14:45:25,065 [Thread-30] INFO  server.RaftServer$Division (ServerState.java:setRaftConf(397)) - s2@group-AD521306E148: set configuration 0: [s3|rpc:localhost:40171|admin:localhost:41625|client:localhost:33977|dataStream:localhost:44013|priority:0, s4|rpc:localhost:33595|admin:localhost:33437|client:localhost:36325|dataStream:localhost:46195|priority:0, s0|rpc:localhost:37803|admin:localhost:43483|client:localhost:45147|dataStream:localhost:37009|priority:0, s1|rpc:localhost:40679|admin:localhost:39243|client:localhost:35827|dataStream:localhost:36929|priority:0, s2|rpc:localhost:40201|admin:localhost:35363|client:localhost:39699|dataStream:localhost:40971|priority:0], old=null
2022-06-20 14:45:25,065 [Thread-30] INFO  segmented.SegmentedRaftLogWorker (SegmentedRaftLogWorker.java:startLogSegment(425)) - s2@group-AD521306E148-SegmentedRaftLogWorker: Starting segment from index:0
2022-06-20 14:45:25,067 [Thread-9] DEBUG server.RaftServer$Division (RaftServerImpl.java:logAppendEntries(1258)) - s4@group-AD521306E148: receive appendEntries(s0, 1, null, -1, true, commits[s0:c-1, s3:c-1, s4:c-1, s1:c-1, s2:c-1], entries: (t:1, i:0), CONFIGURATIONENTRY
2022-06-20 14:45:25,067 [Thread-9] INFO  server.RaftServer$Division (ServerState.java:setRaftConf(397)) - s4@group-AD521306E148: set configuration 0: [s3|rpc:localhost:40171|admin:localhost:41625|client:localhost:33977|dataStream:localhost:44013|priority:0, s4|rpc:localhost:33595|admin:localhost:33437|client:localhost:36325|dataStream:localhost:46195|priority:0, s0|rpc:localhost:37803|admin:localhost:43483|client:localhost:45147|dataStream:localhost:37009|priority:0, s1|rpc:localhost:40679|admin:localhost:39243|client:localhost:35827|dataStream:localhost:36929|priority:0, s2|rpc:localhost:40201|admin:localhost:35363|client:localhost:39699|dataStream:localhost:40971|priority:0], old=null
2022-06-20 14:45:25,067 [Thread-9] INFO  segmented.SegmentedRaftLogWorker (SegmentedRaftLogWorker.java:startLogSegment(425)) - s4@group-AD521306E148-SegmentedRaftLogWorker: Starting segment from index:0
2022-06-20 14:45:25,121 [s3@group-AD521306E148-SegmentedRaftLogWorker] INFO  segmented.SegmentedRaftLogWorker (SegmentedRaftLogWorker.java:execute(629)) - s3@group-AD521306E148-SegmentedRaftLogWorker: created new log segment /home/runner/work/ratis/ratis/ratis-test/target/test/data/109298b2/MiniRaftClusterWithSimulatedRpccc6bf63a/s3/1cfb22d2-ca22-46c5-b7bb-ad521306e148/current/log_inprogress_0
2022-06-20 14:45:25,122 [s0@group-AD521306E148-SegmentedRaftLogWorker] INFO  segmented.SegmentedRaftLogWorker (SegmentedRaftLogWorker.java:execute(629)) - s0@group-AD521306E148-SegmentedRaftLogWorker: created new log segment /home/runner/work/ratis/ratis/ratis-test/target/test/data/109298b2/MiniRaftClusterWithSimulatedRpccc6bf63a/s0/1cfb22d2-ca22-46c5-b7bb-ad521306e148/current/log_inprogress_0
2022-06-20 14:45:25,121 [s2@group-AD521306E148-SegmentedRaftLogWorker] INFO  segmented.SegmentedRaftLogWorker (SegmentedRaftLogWorker.java:execute(629)) - s2@group-AD521306E148-SegmentedRaftLogWorker: created new log segment /home/runner/work/ratis/ratis/ratis-test/target/test/data/109298b2/MiniRaftClusterWithSimulatedRpccc6bf63a/s2/1cfb22d2-ca22-46c5-b7bb-ad521306e148/current/log_inprogress_0
2022-06-20 14:45:25,121 [s1@group-AD521306E148-SegmentedRaftLogWorker] INFO  segmented.SegmentedRaftLogWorker (SegmentedRaftLogWorker.java:execute(629)) - s1@group-AD521306E148-SegmentedRaftLogWorker: created new log segment /home/runner/work/ratis/ratis/ratis-test/target/test/data/109298b2/MiniRaftClusterWithSimulatedRpccc6bf63a/s1/1cfb22d2-ca22-46c5-b7bb-ad521306e148/current/log_inprogress_0
2022-06-20 14:45:25,124 [Time-limited test] WARN  ratis.RaftTestUtil (JavaUtils.java:attempt(172)) - FAILED "waitForLeader-null-(expectLeader? true)", attempt #2/100: java.lang.IllegalStateException: Leader: s0@group-AD521306E148 not ready, sleep 450ms and then retry.
java.lang.IllegalStateException: Leader: s0@group-AD521306E148 not ready
	at org.apache.ratis.RaftTestUtil.lambda$waitForLeader$3(RaftTestUtil.java:114)
	at org.apache.ratis.util.JavaUtils.attempt(JavaUtils.java:166)
	at org.apache.ratis.util.JavaUtils.attemptRepeatedly(JavaUtils.java:152)
	at org.apache.ratis.RaftTestUtil.waitForLeader(RaftTestUtil.java:111)
	at org.apache.ratis.RaftTestUtil.waitForLeader(RaftTestUtil.java:92)
	at org.apache.ratis.RaftTestUtil.waitForLeader(RaftTestUtil.java:87)
	at org.apache.ratis.server.impl.LeaderElectionTests.testEnforceLeader(LeaderElectionTests.java:228)
	at sun.reflect.NativeMethodAccessorImpl.invoke0(Native Method)
	at sun.reflect.NativeMethodAccessorImpl.invoke(NativeMethodAccessorImpl.java:62)
	at sun.reflect.DelegatingMethodAccessorImpl.invoke(DelegatingMethodAccessorImpl.java:43)
	at java.lang.reflect.Method.invoke(Method.java:498)
	at org.junit.runners.model.FrameworkMethod$1.runReflectiveCall(FrameworkMethod.java:59)
	at org.junit.internal.runners.model.ReflectiveCallable.run(ReflectiveCallable.java:12)
	at org.junit.runners.model.FrameworkMethod.invokeExplosively(FrameworkMethod.java:56)
	at org.junit.internal.runners.statements.InvokeMethod.evaluate(InvokeMethod.java:17)
	at org.junit.internal.runners.statements.RunAfters.evaluate(RunAfters.java:27)
	at org.junit.internal.runners.statements.FailOnTimeout$CallableStatement.call(FailOnTimeout.java:299)
	at org.junit.internal.runners.statements.FailOnTimeout$CallableStatement.call(FailOnTimeout.java:293)
	at java.util.concurrent.FutureTask.run(FutureTask.java:266)
	at java.lang.Thread.run(Thread.java:750)
2022-06-20 14:45:25,128 [s4@group-AD521306E148-SegmentedRaftLogWorker] INFO  segmented.SegmentedRaftLogWorker (SegmentedRaftLogWorker.java:execute(629)) - s4@group-AD521306E148-SegmentedRaftLogWorker: created new log segment /home/runner/work/ratis/ratis/ratis-test/target/test/data/109298b2/MiniRaftClusterWithSimulatedRpccc6bf63a/s4/1cfb22d2-ca22-46c5-b7bb-ad521306e148/current/log_inprogress_0
2022-06-20 14:45:25,131 [Thread-93] DEBUG server.RaftServer$Division (RaftServerImpl.java:logAppendEntries(1258)) - s1@group-AD521306E148: succeeded to handle AppendEntries. Reply: s0<-s1#5:OK-t1,SUCCESS,nextIndex=1,followerCommit=-1
2022-06-20 14:45:25,132 [Thread-94] DEBUG server.RaftServer$Division (RaftServerImpl.java:logAppendEntries(1258)) - s2@group-AD521306E148: succeeded to handle AppendEntries. Reply: s0<-s2#6:OK-t1,SUCCESS,nextIndex=1,followerCommit=-1
2022-06-20 14:45:25,133 [Thread-95] DEBUG server.RaftServer$Division (RaftServerImpl.java:logAppendEntries(1258)) - s3@group-AD521306E148: succeeded to handle AppendEntries. Reply: s0<-s3#4:OK-t1,SUCCESS,nextIndex=1,followerCommit=-1
2022-06-20 14:45:25,133 [Thread-96] DEBUG server.RaftServer$Division (RaftServerImpl.java:logAppendEntries(1258)) - s4@group-AD521306E148: succeeded to handle AppendEntries. Reply: s0<-s4#7:OK-t1,SUCCESS,nextIndex=1,followerCommit=-1
2022-06-20 14:45:25,575 [Time-limited test] INFO  ratis.RaftTestUtil (RaftTestUtil.java:waitForLeader(119)) - printing ALL groups
  s3:  RUNNING  FOLLOWER s3@group-AD521306E148:t1, leader=s0, voted=s2, raftlog=s3@group-AD521306E148-SegmentedRaftLog:OPENED:c0, conf=0: [s3|rpc:localhost:40171|admin:localhost:41625|client:localhost:33977|dataStream:localhost:44013|priority:0, s4|rpc:localhost:33595|admin:localhost:33437|client:localhost:36325|dataStream:localhost:46195|priority:0, s0|rpc:localhost:37803|admin:localhost:43483|client:localhost:45147|dataStream:localhost:37009|priority:0, s1|rpc:localhost:40679|admin:localhost:39243|client:localhost:35827|dataStream:localhost:36929|priority:0, s2|rpc:localhost:40201|admin:localhost:35363|client:localhost:39699|dataStream:localhost:40971|priority:0], old=null RUNNING
  s4:  RUNNING  FOLLOWER s4@group-AD521306E148:t1, leader=s0, voted=s0, raftlog=s4@group-AD521306E148-SegmentedRaftLog:OPENED:c0, conf=0: [s3|rpc:localhost:40171|admin:localhost:41625|client:localhost:33977|dataStream:localhost:44013|priority:0, s4|rpc:localhost:33595|admin:localhost:33437|client:localhost:36325|dataStream:localhost:46195|priority:0, s0|rpc:localhost:37803|admin:localhost:43483|client:localhost:45147|dataStream:localhost:37009|priority:0, s1|rpc:localhost:40679|admin:localhost:39243|client:localhost:35827|dataStream:localhost:36929|priority:0, s2|rpc:localhost:40201|admin:localhost:35363|client:localhost:39699|dataStream:localhost:40971|priority:0], old=null RUNNING
  s0:  RUNNING    LEADER s0@group-AD521306E148:t1, leader=s0, voted=s0, raftlog=s0@group-AD521306E148-SegmentedRaftLog:OPENED:c0, conf=0: [s3|rpc:localhost:40171|admin:localhost:41625|client:localhost:33977|dataStream:localhost:44013|priority:0, s4|rpc:localhost:33595|admin:localhost:33437|client:localhost:36325|dataStream:localhost:46195|priority:0, s0|rpc:localhost:37803|admin:localhost:43483|client:localhost:45147|dataStream:localhost:37009|priority:0, s1|rpc:localhost:40679|admin:localhost:39243|client:localhost:35827|dataStream:localhost:36929|priority:0, s2|rpc:localhost:40201|admin:localhost:35363|client:localhost:39699|dataStream:localhost:40971|priority:0], old=null RUNNING
  s1:  RUNNING  FOLLOWER s1@group-AD521306E148:t1, leader=s0, voted=s0, raftlog=s1@group-AD521306E148-SegmentedRaftLog:OPENED:c0, conf=0: [s3|rpc:localhost:40171|admin:localhost:41625|client:localhost:33977|dataStream:localhost:44013|priority:0, s4|rpc:localhost:33595|admin:localhost:33437|client:localhost:36325|dataStream:localhost:46195|priority:0, s0|rpc:localhost:37803|admin:localhost:43483|client:localhost:45147|dataStream:localhost:37009|priority:0, s1|rpc:localhost:40679|admin:localhost:39243|client:localhost:35827|dataStream:localhost:36929|priority:0, s2|rpc:localhost:40201|admin:localhost:35363|client:localhost:39699|dataStream:localhost:40971|priority:0], old=null RUNNING
  s2:  RUNNING  FOLLOWER s2@group-AD521306E148:t1, leader=s0, voted=s2, raftlog=s2@group-AD521306E148-SegmentedRaftLog:OPENED:c0, conf=0: [s3|rpc:localhost:40171|admin:localhost:41625|client:localhost:33977|dataStream:localhost:44013|priority:0, s4|rpc:localhost:33595|admin:localhost:33437|client:localhost:36325|dataStream:localhost:46195|priority:0, s0|rpc:localhost:37803|admin:localhost:43483|client:localhost:45147|dataStream:localhost:37009|priority:0, s1|rpc:localhost:40679|admin:localhost:39243|client:localhost:35827|dataStream:localhost:36929|priority:0, s2|rpc:localhost:40201|admin:localhost:35363|client:localhost:39699|dataStream:localhost:40971|priority:0], old=null RUNNING
2022-06-20 14:45:25,576 [Time-limited test] INFO  simulation.TestLeaderElectionWithSimulatedRpc (LeaderElectionTests.java:testEnforceLeader(229)) - firstLeader = s0
2022-06-20 14:45:25,576 [Time-limited test] INFO  simulation.TestLeaderElectionWithSimulatedRpc (LeaderElectionTests.java:testEnforceLeader(234)) - enforce leader to s4
2022-06-20 14:45:25,576 [Time-limited test] INFO  simulation.TestLeaderElectionWithSimulatedRpc (LeaderElectionTests.java:enforceLeader(240)) - printing ALL groups
  s3:  RUNNING  FOLLOWER s3@group-AD521306E148:t1, leader=s0, voted=s2, raftlog=s3@group-AD521306E148-SegmentedRaftLog:OPENED:c0, conf=0: [s3|rpc:localhost:40171|admin:localhost:41625|client:localhost:33977|dataStream:localhost:44013|priority:0, s4|rpc:localhost:33595|admin:localhost:33437|client:localhost:36325|dataStream:localhost:46195|priority:0, s0|rpc:localhost:37803|admin:localhost:43483|client:localhost:45147|dataStream:localhost:37009|priority:0, s1|rpc:localhost:40679|admin:localhost:39243|client:localhost:35827|dataStream:localhost:36929|priority:0, s2|rpc:localhost:40201|admin:localhost:35363|client:localhost:39699|dataStream:localhost:40971|priority:0], old=null RUNNING
  s4:  RUNNING  FOLLOWER s4@group-AD521306E148:t1, leader=s0, voted=s0, raftlog=s4@group-AD521306E148-SegmentedRaftLog:OPENED:c0, conf=0: [s3|rpc:localhost:40171|admin:localhost:41625|client:localhost:33977|dataStream:localhost:44013|priority:0, s4|rpc:localhost:33595|admin:localhost:33437|client:localhost:36325|dataStream:localhost:46195|priority:0, s0|rpc:localhost:37803|admin:localhost:43483|client:localhost:45147|dataStream:localhost:37009|priority:0, s1|rpc:localhost:40679|admin:localhost:39243|client:localhost:35827|dataStream:localhost:36929|priority:0, s2|rpc:localhost:40201|admin:localhost:35363|client:localhost:39699|dataStream:localhost:40971|priority:0], old=null RUNNING
  s0:  RUNNING    LEADER s0@group-AD521306E148:t1, leader=s0, voted=s0, raftlog=s0@group-AD521306E148-SegmentedRaftLog:OPENED:c0, conf=0: [s3|rpc:localhost:40171|admin:localhost:41625|client:localhost:33977|dataStream:localhost:44013|priority:0, s4|rpc:localhost:33595|admin:localhost:33437|client:localhost:36325|dataStream:localhost:46195|priority:0, s0|rpc:localhost:37803|admin:localhost:43483|client:localhost:45147|dataStream:localhost:37009|priority:0, s1|rpc:localhost:40679|admin:localhost:39243|client:localhost:35827|dataStream:localhost:36929|priority:0, s2|rpc:localhost:40201|admin:localhost:35363|client:localhost:39699|dataStream:localhost:40971|priority:0], old=null RUNNING
  s1:  RUNNING  FOLLOWER s1@group-AD521306E148:t1, leader=s0, voted=s0, raftlog=s1@group-AD521306E148-SegmentedRaftLog:OPENED:c0, conf=0: [s3|rpc:localhost:40171|admin:localhost:41625|client:localhost:33977|dataStream:localhost:44013|priority:0, s4|rpc:localhost:33595|admin:localhost:33437|client:localhost:36325|dataStream:localhost:46195|priority:0, s0|rpc:localhost:37803|admin:localhost:43483|client:localhost:45147|dataStream:localhost:37009|priority:0, s1|rpc:localhost:40679|admin:localhost:39243|client:localhost:35827|dataStream:localhost:36929|priority:0, s2|rpc:localhost:40201|admin:localhost:35363|client:localhost:39699|dataStream:localhost:40971|priority:0], old=null RUNNING
  s2:  RUNNING  FOLLOWER s2@group-AD521306E148:t1, leader=s0, voted=s2, raftlog=s2@group-AD521306E148-SegmentedRaftLog:OPENED:c0, conf=0: [s3|rpc:localhost:40171|admin:localhost:41625|client:localhost:33977|dataStream:localhost:44013|priority:0, s4|rpc:localhost:33595|admin:localhost:33437|client:localhost:36325|dataStream:localhost:46195|priority:0, s0|rpc:localhost:37803|admin:localhost:43483|client:localhost:45147|dataStream:localhost:37009|priority:0, s1|rpc:localhost:40679|admin:localhost:39243|client:localhost:35827|dataStream:localhost:36929|priority:0, s2|rpc:localhost:40201|admin:localhost:35363|client:localhost:39699|dataStream:localhost:40971|priority:0], old=null RUNNING
2022-06-20 14:45:25,578 [Time-limited test] INFO  server.RaftServerConfigKeys (ConfUtils.java:logGet(46)) - raft.server.rpc.timeout.max = 300ms (default)
2022-06-20 14:45:25,731 [s3@group-AD521306E148-FollowerState] INFO  impl.FollowerState (FollowerState.java:run(143)) - s3@group-AD521306E148-FollowerState: change to CANDIDATE, lastRpcElapsedTime:212681139ns, electionTimeout:210ms
2022-06-20 14:45:25,731 [s3@group-AD521306E148-FollowerState] INFO  impl.RoleInfo (RoleInfo.java:shutdownFollowerState(110)) - s3: shutdown s3@group-AD521306E148-FollowerState
2022-06-20 14:45:25,731 [s3@group-AD521306E148-FollowerState] INFO  server.RaftServer$Division (RaftServerImpl.java:setRole(299)) - s3@group-AD521306E148: changes role from  FOLLOWER to CANDIDATE at term 1 for changeToCandidate
2022-06-20 14:45:25,731 [s3@group-AD521306E148-FollowerState] INFO  server.RaftServerConfigKeys (ConfUtils.java:logGet(46)) - raft.server.leaderelection.pre-vote = true (default)
2022-06-20 14:45:25,731 [s3@group-AD521306E148-FollowerState] INFO  impl.RoleInfo (RoleInfo.java:updateAndGet(139)) - s3: start s3@group-AD521306E148-LeaderElection5
2022-06-20 14:45:25,731 [s3@group-AD521306E148-LeaderElection5] INFO  server.RaftServer$Division (ServerState.java:setLeader(291)) - s3@group-AD521306E148: change Leader from s0 to null at term 1 for PRE_VOTE
2022-06-20 14:45:25,732 [s3@group-AD521306E148-LeaderElection5] INFO  impl.LeaderElection (LeaderElection.java:askForVotes(310)) - s3@group-AD521306E148-LeaderElection5 PRE_VOTE round 0: submit vote requests at term 1 for 0: [s3|rpc:localhost:40171|admin:localhost:41625|client:localhost:33977|dataStream:localhost:44013|priority:0, s4|rpc:localhost:33595|admin:localhost:33437|client:localhost:36325|dataStream:localhost:46195|priority:0, s0|rpc:localhost:37803|admin:localhost:43483|client:localhost:45147|dataStream:localhost:37009|priority:0, s1|rpc:localhost:40679|admin:localhost:39243|client:localhost:35827|dataStream:localhost:36929|priority:0, s2|rpc:localhost:40201|admin:localhost:35363|client:localhost:39699|dataStream:localhost:40971|priority:0], old=null
2022-06-20 14:45:25,743 [Thread-0] INFO  server.RaftServer$Division (RaftServerImpl.java:setRole(299)) - s3@group-AD521306E148: changes role from CANDIDATE to FOLLOWER at term 1 for appendEntries
2022-06-20 14:45:25,744 [Thread-0] INFO  impl.RoleInfo (RoleInfo.java:shutdownLeaderElection(130)) - s3: shutdown s3@group-AD521306E148-LeaderElection5
2022-06-20 14:45:25,744 [Thread-0] INFO  impl.RoleInfo (RoleInfo.java:updateAndGet(139)) - s3: start s3@group-AD521306E148-FollowerState
2022-06-20 14:45:25,744 [Thread-0] INFO  server.RaftServer$Division (ServerState.java:setLeader(291)) - s3@group-AD521306E148: change Leader from null to s0 at term 1 for appendEntries, leader elected after 12ms
2022-06-20 14:45:25,883 [Thread-15] INFO  server.RaftServer$Division (RaftServerImpl.java:requestVote(1152)) - s0@group-AD521306E148: receive requestVote(PRE_VOTE, s3, group-AD521306E148, 1, (t:1, i:0))
2022-06-20 14:45:25,883 [Thread-21] INFO  server.RaftServer$Division (RaftServerImpl.java:requestVote(1152)) - s1@group-AD521306E148: receive requestVote(PRE_VOTE, s3, group-AD521306E148, 1, (t:1, i:0))
2022-06-20 14:45:25,884 [Thread-21] INFO  impl.VoteContext (VoteContext.java:log(48)) - s1@group-AD521306E148-FOLLOWER: reject PRE_VOTE from s3: this server is a follower and still has a valid leader s0
2022-06-20 14:45:25,884 [Thread-21] INFO  server.RaftServer$Division (RaftServerImpl.java:requestVote(1184)) - s1@group-AD521306E148 replies to PRE_VOTE vote request: s3<-s1#0:FAIL-t1. Peer's state: s1@group-AD521306E148:t1, leader=s0, voted=s0, raftlog=s1@group-AD521306E148-SegmentedRaftLog:OPENED:c0, conf=0: [s3|rpc:localhost:40171|admin:localhost:41625|client:localhost:33977|dataStream:localhost:44013|priority:0, s4|rpc:localhost:33595|admin:localhost:33437|client:localhost:36325|dataStream:localhost:46195|priority:0, s0|rpc:localhost:37803|admin:localhost:43483|client:localhost:45147|dataStream:localhost:37009|priority:0, s1|rpc:localhost:40679|admin:localhost:39243|client:localhost:35827|dataStream:localhost:36929|priority:0, s2|rpc:localhost:40201|admin:localhost:35363|client:localhost:39699|dataStream:localhost:40971|priority:0], old=null
2022-06-20 14:45:25,884 [Thread-28] INFO  server.RaftServer$Division (RaftServerImpl.java:requestVote(1152)) - s2@group-AD521306E148: receive requestVote(PRE_VOTE, s3, group-AD521306E148, 1, (t:1, i:0))
2022-06-20 14:45:25,884 [Thread-15] INFO  impl.VoteContext (VoteContext.java:log(48)) - s0@group-AD521306E148-LEADER: reject PRE_VOTE from s3: this server is the leader and still has leadership
2022-06-20 14:45:25,884 [Thread-15] INFO  server.RaftServer$Division (RaftServerImpl.java:requestVote(1184)) - s0@group-AD521306E148 replies to PRE_VOTE vote request: s3<-s0#0:FAIL-t1. Peer's state: s0@group-AD521306E148:t1, leader=s0, voted=s0, raftlog=s0@group-AD521306E148-SegmentedRaftLog:OPENED:c0, conf=0: [s3|rpc:localhost:40171|admin:localhost:41625|client:localhost:33977|dataStream:localhost:44013|priority:0, s4|rpc:localhost:33595|admin:localhost:33437|client:localhost:36325|dataStream:localhost:46195|priority:0, s0|rpc:localhost:37803|admin:localhost:43483|client:localhost:45147|dataStream:localhost:37009|priority:0, s1|rpc:localhost:40679|admin:localhost:39243|client:localhost:35827|dataStream:localhost:36929|priority:0, s2|rpc:localhost:40201|admin:localhost:35363|client:localhost:39699|dataStream:localhost:40971|priority:0], old=null
2022-06-20 14:45:25,884 [s3@group-AD521306E148-LeaderElection5] INFO  impl.LeaderElection (LeaderElection.java:logAndReturn(90)) - s3@group-AD521306E148-LeaderElection5: PRE_VOTE REJECTED received 1 response(s) and 0 exception(s):
2022-06-20 14:45:25,884 [s3@group-AD521306E148-LeaderElection5] INFO  impl.LeaderElection (LeaderElection.java:logAndReturn(94)) -   Response 0: s3<-s1#0:FAIL-t1
2022-06-20 14:45:25,884 [s3@group-AD521306E148-LeaderElection5] INFO  impl.LeaderElection (LeaderElection.java:askForVotes(312)) - s3@group-AD521306E148-LeaderElection5 PRE_VOTE round 0: result REJECTED
2022-06-20 14:45:25,884 [Thread-28] INFO  impl.VoteContext (VoteContext.java:log(48)) - s2@group-AD521306E148-FOLLOWER: reject PRE_VOTE from s3: this server is a follower and still has a valid leader s0
2022-06-20 14:45:25,885 [Thread-28] INFO  server.RaftServer$Division (RaftServerImpl.java:requestVote(1184)) - s2@group-AD521306E148 replies to PRE_VOTE vote request: s3<-s2#0:FAIL-t1. Peer's state: s2@group-AD521306E148:t1, leader=s0, voted=s2, raftlog=s2@group-AD521306E148-SegmentedRaftLog:OPENED:c0, conf=0: [s3|rpc:localhost:40171|admin:localhost:41625|client:localhost:33977|dataStream:localhost:44013|priority:0, s4|rpc:localhost:33595|admin:localhost:33437|client:localhost:36325|dataStream:localhost:46195|priority:0, s0|rpc:localhost:37803|admin:localhost:43483|client:localhost:45147|dataStream:localhost:37009|priority:0, s1|rpc:localhost:40679|admin:localhost:39243|client:localhost:35827|dataStream:localhost:36929|priority:0, s2|rpc:localhost:40201|admin:localhost:35363|client:localhost:39699|dataStream:localhost:40971|priority:0], old=null
2022-06-20 14:45:25,902 [s3@group-AD521306E148-FollowerState] INFO  impl.FollowerState (FollowerState.java:run(143)) - s3@group-AD521306E148-FollowerState: change to CANDIDATE, lastRpcElapsedTime:157435269ns, electionTimeout:157ms
2022-06-20 14:45:25,902 [s3@group-AD521306E148-FollowerState] INFO  impl.RoleInfo (RoleInfo.java:shutdownFollowerState(110)) - s3: shutdown s3@group-AD521306E148-FollowerState
2022-06-20 14:45:25,902 [s3@group-AD521306E148-FollowerState] INFO  server.RaftServer$Division (RaftServerImpl.java:setRole(299)) - s3@group-AD521306E148: changes role from  FOLLOWER to CANDIDATE at term 1 for changeToCandidate
2022-06-20 14:45:25,902 [s3@group-AD521306E148-FollowerState] INFO  server.RaftServerConfigKeys (ConfUtils.java:logGet(46)) - raft.server.leaderelection.pre-vote = true (default)
2022-06-20 14:45:25,902 [s3@group-AD521306E148-FollowerState] INFO  impl.RoleInfo (RoleInfo.java:updateAndGet(139)) - s3: start s3@group-AD521306E148-LeaderElection6
2022-06-20 14:45:25,902 [s3@group-AD521306E148-LeaderElection6] INFO  server.RaftServer$Division (ServerState.java:setLeader(291)) - s3@group-AD521306E148: change Leader from s0 to null at term 1 for PRE_VOTE
2022-06-20 14:45:25,902 [s3@group-AD521306E148-LeaderElection6] INFO  impl.LeaderElection (LeaderElection.java:askForVotes(310)) - s3@group-AD521306E148-LeaderElection6 PRE_VOTE round 0: submit vote requests at term 1 for 0: [s3|rpc:localhost:40171|admin:localhost:41625|client:localhost:33977|dataStream:localhost:44013|priority:0, s4|rpc:localhost:33595|admin:localhost:33437|client:localhost:36325|dataStream:localhost:46195|priority:0, s0|rpc:localhost:37803|admin:localhost:43483|client:localhost:45147|dataStream:localhost:37009|priority:0, s1|rpc:localhost:40679|admin:localhost:39243|client:localhost:35827|dataStream:localhost:36929|priority:0, s2|rpc:localhost:40201|admin:localhost:35363|client:localhost:39699|dataStream:localhost:40971|priority:0], old=null
2022-06-20 14:45:25,948 [s4@group-AD521306E148-FollowerState] INFO  impl.FollowerState (FollowerState.java:run(143)) - s4@group-AD521306E148-FollowerState: change to CANDIDATE, lastRpcElapsedTime:431378607ns, electionTimeout:288ms
2022-06-20 14:45:25,948 [s4@group-AD521306E148-FollowerState] INFO  impl.RoleInfo (RoleInfo.java:shutdownFollowerState(110)) - s4: shutdown s4@group-AD521306E148-FollowerState
2022-06-20 14:45:25,948 [s4@group-AD521306E148-FollowerState] INFO  server.RaftServer$Division (RaftServerImpl.java:setRole(299)) - s4@group-AD521306E148: changes role from  FOLLOWER to CANDIDATE at term 1 for changeToCandidate
2022-06-20 14:45:25,948 [s4@group-AD521306E148-FollowerState] INFO  server.RaftServerConfigKeys (ConfUtils.java:logGet(46)) - raft.server.leaderelection.pre-vote = true (default)
2022-06-20 14:45:25,948 [s4@group-AD521306E148-FollowerState] INFO  impl.RoleInfo (RoleInfo.java:updateAndGet(139)) - s4: start s4@group-AD521306E148-LeaderElection7
2022-06-20 14:45:25,949 [s4@group-AD521306E148-LeaderElection7] INFO  server.RaftServer$Division (ServerState.java:setLeader(291)) - s4@group-AD521306E148: change Leader from s0 to null at term 1 for PRE_VOTE
2022-06-20 14:45:25,949 [s4@group-AD521306E148-LeaderElection7] INFO  impl.LeaderElection (LeaderElection.java:askForVotes(310)) - s4@group-AD521306E148-LeaderElection7 PRE_VOTE round 0: submit vote requests at term 1 for 0: [s3|rpc:localhost:40171|admin:localhost:41625|client:localhost:33977|dataStream:localhost:44013|priority:0, s4|rpc:localhost:33595|admin:localhost:33437|client:localhost:36325|dataStream:localhost:46195|priority:0, s0|rpc:localhost:37803|admin:localhost:43483|client:localhost:45147|dataStream:localhost:37009|priority:0, s1|rpc:localhost:40679|admin:localhost:39243|client:localhost:35827|dataStream:localhost:36929|priority:0, s2|rpc:localhost:40201|admin:localhost:35363|client:localhost:39699|dataStream:localhost:40971|priority:0], old=null
2022-06-20 14:45:25,970 [Thread-2] INFO  server.RaftServer$Division (RaftServerImpl.java:setRole(299)) - s3@group-AD521306E148: changes role from CANDIDATE to FOLLOWER at term 1 for appendEntries
2022-06-20 14:45:25,970 [Thread-2] INFO  impl.RoleInfo (RoleInfo.java:shutdownLeaderElection(130)) - s3: shutdown s3@group-AD521306E148-LeaderElection6
2022-06-20 14:45:25,970 [Thread-2] INFO  impl.RoleInfo (RoleInfo.java:updateAndGet(139)) - s3: start s3@group-AD521306E148-FollowerState
2022-06-20 14:45:25,970 [Thread-2] INFO  server.RaftServer$Division (ServerState.java:setLeader(291)) - s3@group-AD521306E148: change Leader from null to s0 at term 1 for appendEntries, leader elected after 68ms
2022-06-20 14:45:26,029 [Time-limited test] INFO  server.RaftServerConfigKeys (ConfUtils.java:logGet(46)) - raft.server.rpc.timeout.max = 300ms (default)
2022-06-20 14:45:26,033 [Thread-9] INFO  server.RaftServer$Division (RaftServerImpl.java:requestVote(1152)) - s4@group-AD521306E148: receive requestVote(PRE_VOTE, s3, group-AD521306E148, 1, (t:1, i:0))
2022-06-20 14:45:26,033 [Thread-9] INFO  impl.VoteContext (VoteContext.java:log(48)) - s4@group-AD521306E148-CANDIDATE: accept PRE_VOTE from s3: our priority 0 <= candidate's priority 0
2022-06-20 14:45:26,033 [Thread-9] INFO  server.RaftServer$Division (RaftServerImpl.java:requestVote(1184)) - s4@group-AD521306E148 replies to PRE_VOTE vote request: s3<-s4#0:OK-t1. Peer's state: s4@group-AD521306E148:t1, leader=null, voted=s0, raftlog=s4@group-AD521306E148-SegmentedRaftLog:OPENED:c0, conf=0: [s3|rpc:localhost:40171|admin:localhost:41625|client:localhost:33977|dataStream:localhost:44013|priority:0, s4|rpc:localhost:33595|admin:localhost:33437|client:localhost:36325|dataStream:localhost:46195|priority:0, s0|rpc:localhost:37803|admin:localhost:43483|client:localhost:45147|dataStream:localhost:37009|priority:0, s1|rpc:localhost:40679|admin:localhost:39243|client:localhost:35827|dataStream:localhost:36929|priority:0, s2|rpc:localhost:40201|admin:localhost:35363|client:localhost:39699|dataStream:localhost:40971|priority:0], old=null
2022-06-20 14:45:26,053 [Thread-22] INFO  server.RaftServer$Division (RaftServerImpl.java:requestVote(1152)) - s1@group-AD521306E148: receive requestVote(PRE_VOTE, s3, group-AD521306E148, 1, (t:1, i:0))
2022-06-20 14:45:26,053 [Thread-22] INFO  impl.VoteContext (VoteContext.java:log(48)) - s1@group-AD521306E148-FOLLOWER: reject PRE_VOTE from s3: this server is a follower and still has a valid leader s0
2022-06-20 14:45:26,053 [Thread-30] INFO  server.RaftServer$Division (RaftServerImpl.java:requestVote(1152)) - s2@group-AD521306E148: receive requestVote(PRE_VOTE, s3, group-AD521306E148, 1, (t:1, i:0))
2022-06-20 14:45:26,053 [Thread-30] INFO  impl.VoteContext (VoteContext.java:log(48)) - s2@group-AD521306E148-FOLLOWER: reject PRE_VOTE from s3: this server is a follower and still has a valid leader s0
2022-06-20 14:45:26,053 [Thread-30] INFO  server.RaftServer$Division (RaftServerImpl.java:requestVote(1184)) - s2@group-AD521306E148 replies to PRE_VOTE vote request: s3<-s2#0:FAIL-t1. Peer's state: s2@group-AD521306E148:t1, leader=s0, voted=s2, raftlog=s2@group-AD521306E148-SegmentedRaftLog:OPENED:c0, conf=0: [s3|rpc:localhost:40171|admin:localhost:41625|client:localhost:33977|dataStream:localhost:44013|priority:0, s4|rpc:localhost:33595|admin:localhost:33437|client:localhost:36325|dataStream:localhost:46195|priority:0, s0|rpc:localhost:37803|admin:localhost:43483|client:localhost:45147|dataStream:localhost:37009|priority:0, s1|rpc:localhost:40679|admin:localhost:39243|client:localhost:35827|dataStream:localhost:36929|priority:0, s2|rpc:localhost:40201|admin:localhost:35363|client:localhost:39699|dataStream:localhost:40971|priority:0], old=null
2022-06-20 14:45:26,053 [Thread-22] INFO  server.RaftServer$Division (RaftServerImpl.java:requestVote(1184)) - s1@group-AD521306E148 replies to PRE_VOTE vote request: s3<-s1#0:FAIL-t1. Peer's state: s1@group-AD521306E148:t1, leader=s0, voted=s0, raftlog=s1@group-AD521306E148-SegmentedRaftLog:OPENED:c0, conf=0: [s3|rpc:localhost:40171|admin:localhost:41625|client:localhost:33977|dataStream:localhost:44013|priority:0, s4|rpc:localhost:33595|admin:localhost:33437|client:localhost:36325|dataStream:localhost:46195|priority:0, s0|rpc:localhost:37803|admin:localhost:43483|client:localhost:45147|dataStream:localhost:37009|priority:0, s1|rpc:localhost:40679|admin:localhost:39243|client:localhost:35827|dataStream:localhost:36929|priority:0, s2|rpc:localhost:40201|admin:localhost:35363|client:localhost:39699|dataStream:localhost:40971|priority:0], old=null
2022-06-20 14:45:26,054 [s3@group-AD521306E148-LeaderElection6] INFO  impl.LeaderElection (LeaderElection.java:logAndReturn(90)) - s3@group-AD521306E148-LeaderElection6: PRE_VOTE REJECTED received 1 response(s) and 0 exception(s):
2022-06-20 14:45:26,054 [s3@group-AD521306E148-LeaderElection6] INFO  impl.LeaderElection (LeaderElection.java:logAndReturn(94)) -   Response 0: s3<-s2#0:FAIL-t1
2022-06-20 14:45:26,054 [s3@group-AD521306E148-LeaderElection6] INFO  impl.LeaderElection (LeaderElection.java:askForVotes(312)) - s3@group-AD521306E148-LeaderElection6 PRE_VOTE round 0: result REJECTED
2022-06-20 14:45:26,056 [Thread-14] INFO  server.RaftServer$Division (RaftServerImpl.java:requestVote(1152)) - s0@group-AD521306E148: receive requestVote(PRE_VOTE, s3, group-AD521306E148, 1, (t:1, i:0))
2022-06-20 14:45:26,056 [Thread-14] INFO  impl.VoteContext (VoteContext.java:log(48)) - s0@group-AD521306E148-LEADER: reject PRE_VOTE from s3: this server is the leader and still has leadership
2022-06-20 14:45:26,057 [Thread-14] INFO  server.RaftServer$Division (RaftServerImpl.java:requestVote(1184)) - s0@group-AD521306E148 replies to PRE_VOTE vote request: s3<-s0#0:FAIL-t1. Peer's state: s0@group-AD521306E148:t1, leader=s0, voted=s0, raftlog=s0@group-AD521306E148-SegmentedRaftLog:OPENED:c0, conf=0: [s3|rpc:localhost:40171|admin:localhost:41625|client:localhost:33977|dataStream:localhost:44013|priority:0, s4|rpc:localhost:33595|admin:localhost:33437|client:localhost:36325|dataStream:localhost:46195|priority:0, s0|rpc:localhost:37803|admin:localhost:43483|client:localhost:45147|dataStream:localhost:37009|priority:0, s1|rpc:localhost:40679|admin:localhost:39243|client:localhost:35827|dataStream:localhost:36929|priority:0, s2|rpc:localhost:40201|admin:localhost:35363|client:localhost:39699|dataStream:localhost:40971|priority:0], old=null
2022-06-20 14:45:26,100 [Thread-16] INFO  server.RaftServer$Division (RaftServerImpl.java:requestVote(1152)) - s0@group-AD521306E148: receive requestVote(PRE_VOTE, s4, group-AD521306E148, 1, (t:1, i:0))
2022-06-20 14:45:26,100 [Thread-21] INFO  server.RaftServer$Division (RaftServerImpl.java:requestVote(1152)) - s1@group-AD521306E148: receive requestVote(PRE_VOTE, s4, group-AD521306E148, 1, (t:1, i:0))
2022-06-20 14:45:26,100 [Thread-16] INFO  impl.VoteContext (VoteContext.java:log(48)) - s0@group-AD521306E148-LEADER: reject PRE_VOTE from s4: this server is the leader and still has leadership
2022-06-20 14:45:26,100 [Thread-16] INFO  server.RaftServer$Division (RaftServerImpl.java:requestVote(1184)) - s0@group-AD521306E148 replies to PRE_VOTE vote request: s4<-s0#0:FAIL-t1. Peer's state: s0@group-AD521306E148:t1, leader=s0, voted=s0, raftlog=s0@group-AD521306E148-SegmentedRaftLog:OPENED:c0, conf=0: [s3|rpc:localhost:40171|admin:localhost:41625|client:localhost:33977|dataStream:localhost:44013|priority:0, s4|rpc:localhost:33595|admin:localhost:33437|client:localhost:36325|dataStream:localhost:46195|priority:0, s0|rpc:localhost:37803|admin:localhost:43483|client:localhost:45147|dataStream:localhost:37009|priority:0, s1|rpc:localhost:40679|admin:localhost:39243|client:localhost:35827|dataStream:localhost:36929|priority:0, s2|rpc:localhost:40201|admin:localhost:35363|client:localhost:39699|dataStream:localhost:40971|priority:0], old=null
2022-06-20 14:45:26,100 [Thread-28] INFO  server.RaftServer$Division (RaftServerImpl.java:requestVote(1152)) - s2@group-AD521306E148: receive requestVote(PRE_VOTE, s4, group-AD521306E148, 1, (t:1, i:0))
2022-06-20 14:45:26,100 [Thread-1] INFO  server.RaftServer$Division (RaftServerImpl.java:requestVote(1152)) - s3@group-AD521306E148: receive requestVote(PRE_VOTE, s4, group-AD521306E148, 1, (t:1, i:0))
2022-06-20 14:45:26,100 [Thread-1] INFO  impl.VoteContext (VoteContext.java:log(48)) - s3@group-AD521306E148-FOLLOWER: reject PRE_VOTE from s4: this server is a follower and still has a valid leader s0
2022-06-20 14:45:26,101 [Thread-1] INFO  server.RaftServer$Division (RaftServerImpl.java:requestVote(1184)) - s3@group-AD521306E148 replies to PRE_VOTE vote request: s4<-s3#0:FAIL-t1. Peer's state: s3@group-AD521306E148:t1, leader=s0, voted=s2, raftlog=s3@group-AD521306E148-SegmentedRaftLog:OPENED:c0, conf=0: [s3|rpc:localhost:40171|admin:localhost:41625|client:localhost:33977|dataStream:localhost:44013|priority:0, s4|rpc:localhost:33595|admin:localhost:33437|client:localhost:36325|dataStream:localhost:46195|priority:0, s0|rpc:localhost:37803|admin:localhost:43483|client:localhost:45147|dataStream:localhost:37009|priority:0, s1|rpc:localhost:40679|admin:localhost:39243|client:localhost:35827|dataStream:localhost:36929|priority:0, s2|rpc:localhost:40201|admin:localhost:35363|client:localhost:39699|dataStream:localhost:40971|priority:0], old=null
2022-06-20 14:45:26,100 [Thread-21] INFO  impl.VoteContext (VoteContext.java:log(48)) - s1@group-AD521306E148-FOLLOWER: reject PRE_VOTE from s4: this server is a follower and still has a valid leader s0
2022-06-20 14:45:26,101 [Thread-21] INFO  server.RaftServer$Division (RaftServerImpl.java:requestVote(1184)) - s1@group-AD521306E148 replies to PRE_VOTE vote request: s4<-s1#0:FAIL-t1. Peer's state: s1@group-AD521306E148:t1, leader=s0, voted=s0, raftlog=s1@group-AD521306E148-SegmentedRaftLog:OPENED:c0, conf=0: [s3|rpc:localhost:40171|admin:localhost:41625|client:localhost:33977|dataStream:localhost:44013|priority:0, s4|rpc:localhost:33595|admin:localhost:33437|client:localhost:36325|dataStream:localhost:46195|priority:0, s0|rpc:localhost:37803|admin:localhost:43483|client:localhost:45147|dataStream:localhost:37009|priority:0, s1|rpc:localhost:40679|admin:localhost:39243|client:localhost:35827|dataStream:localhost:36929|priority:0, s2|rpc:localhost:40201|admin:localhost:35363|client:localhost:39699|dataStream:localhost:40971|priority:0], old=null
2022-06-20 14:45:26,100 [Thread-28] INFO  impl.VoteContext (VoteContext.java:log(48)) - s2@group-AD521306E148-FOLLOWER: reject PRE_VOTE from s4: this server is a follower and still has a valid leader s0
2022-06-20 14:45:26,101 [s4@group-AD521306E148-LeaderElection7] INFO  impl.LeaderElection (LeaderElection.java:logAndReturn(90)) - s4@group-AD521306E148-LeaderElection7: PRE_VOTE REJECTED received 3 response(s) and 0 exception(s):
2022-06-20 14:45:26,101 [s4@group-AD521306E148-LeaderElection7] INFO  impl.LeaderElection (LeaderElection.java:logAndReturn(94)) -   Response 0: s4<-s3#0:FAIL-t1
2022-06-20 14:45:26,101 [s4@group-AD521306E148-LeaderElection7] INFO  impl.LeaderElection (LeaderElection.java:logAndReturn(94)) -   Response 1: s4<-s0#0:FAIL-t1
2022-06-20 14:45:26,101 [s4@group-AD521306E148-LeaderElection7] INFO  impl.LeaderElection (LeaderElection.java:logAndReturn(94)) -   Response 2: s4<-s1#0:FAIL-t1
2022-06-20 14:45:26,101 [Thread-28] INFO  server.RaftServer$Division (RaftServerImpl.java:requestVote(1184)) - s2@group-AD521306E148 replies to PRE_VOTE vote request: s4<-s2#0:FAIL-t1. Peer's state: s2@group-AD521306E148:t1, leader=s0, voted=s2, raftlog=s2@group-AD521306E148-SegmentedRaftLog:OPENED:c0, conf=0: [s3|rpc:localhost:40171|admin:localhost:41625|client:localhost:33977|dataStream:localhost:44013|priority:0, s4|rpc:localhost:33595|admin:localhost:33437|client:localhost:36325|dataStream:localhost:46195|priority:0, s0|rpc:localhost:37803|admin:localhost:43483|client:localhost:45147|dataStream:localhost:37009|priority:0, s1|rpc:localhost:40679|admin:localhost:39243|client:localhost:35827|dataStream:localhost:36929|priority:0, s2|rpc:localhost:40201|admin:localhost:35363|client:localhost:39699|dataStream:localhost:40971|priority:0], old=null
2022-06-20 14:45:26,101 [s4@group-AD521306E148-LeaderElection7] INFO  impl.LeaderElection (LeaderElection.java:askForVotes(312)) - s4@group-AD521306E148-LeaderElection7 PRE_VOTE round 0: result REJECTED
2022-06-20 14:45:26,102 [s4@group-AD521306E148-LeaderElection7] INFO  server.RaftServer$Division (RaftServerImpl.java:setRole(299)) - s4@group-AD521306E148: changes role from CANDIDATE to FOLLOWER at term 1 for REJECTED
2022-06-20 14:45:26,102 [s4@group-AD521306E148-LeaderElection7] INFO  impl.RoleInfo (RoleInfo.java:shutdownLeaderElection(130)) - s4: shutdown s4@group-AD521306E148-LeaderElection7
2022-06-20 14:45:26,102 [s4@group-AD521306E148-LeaderElection7] INFO  impl.RoleInfo (RoleInfo.java:updateAndGet(139)) - s4: start s4@group-AD521306E148-FollowerState
2022-06-20 14:45:26,193 [Thread-8] INFO  server.RaftServer$Division (ServerState.java:setLeader(291)) - s4@group-AD521306E148: change Leader from null to s0 at term 1 for appendEntries, leader elected after 243ms
2022-06-20 14:45:26,203 [Thread-7] INFO  server.RaftServer$Division (RaftServerImpl.java:requestVote(1152)) - s4@group-AD521306E148: receive requestVote(PRE_VOTE, s3, group-AD521306E148, 1, (t:1, i:0))
2022-06-20 14:45:26,203 [Thread-7] INFO  impl.VoteContext (VoteContext.java:log(48)) - s4@group-AD521306E148-FOLLOWER: reject PRE_VOTE from s3: this server is a follower and still has a valid leader s0
2022-06-20 14:45:26,203 [Thread-7] INFO  server.RaftServer$Division (RaftServerImpl.java:requestVote(1184)) - s4@group-AD521306E148 replies to PRE_VOTE vote request: s3<-s4#0:FAIL-t1. Peer's state: s4@group-AD521306E148:t1, leader=s0, voted=s0, raftlog=s4@group-AD521306E148-SegmentedRaftLog:OPENED:c0, conf=0: [s3|rpc:localhost:40171|admin:localhost:41625|client:localhost:33977|dataStream:localhost:44013|priority:0, s4|rpc:localhost:33595|admin:localhost:33437|client:localhost:36325|dataStream:localhost:46195|priority:0, s0|rpc:localhost:37803|admin:localhost:43483|client:localhost:45147|dataStream:localhost:37009|priority:0, s1|rpc:localhost:40679|admin:localhost:39243|client:localhost:35827|dataStream:localhost:36929|priority:0, s2|rpc:localhost:40201|admin:localhost:35363|client:localhost:39699|dataStream:localhost:40971|priority:0], old=null
2022-06-20 14:45:26,479 [Time-limited test] INFO  simulation.TestLeaderElectionWithSimulatedRpc (LeaderElectionTests.java:enforceLeader(243)) - try enforcing leader to s4 but new leader is s0
2022-06-20 14:45:26,480 [Time-limited test] INFO  server.RaftServerConfigKeys (ConfUtils.java:logGet(46)) - raft.server.rpc.timeout.max = 300ms (default)
2022-06-20 14:45:26,746 [s4@group-AD521306E148-FollowerState] INFO  impl.FollowerState (FollowerState.java:run(143)) - s4@group-AD521306E148-FollowerState: change to CANDIDATE, lastRpcElapsedTime:325390567ns, electionTimeout:201ms
2022-06-20 14:45:26,746 [s4@group-AD521306E148-FollowerState] INFO  impl.RoleInfo (RoleInfo.java:shutdownFollowerState(110)) - s4: shutdown s4@group-AD521306E148-FollowerState
2022-06-20 14:45:26,746 [s4@group-AD521306E148-FollowerState] INFO  server.RaftServer$Division (RaftServerImpl.java:setRole(299)) - s4@group-AD521306E148: changes role from  FOLLOWER to CANDIDATE at term 1 for changeToCandidate
2022-06-20 14:45:26,746 [s4@group-AD521306E148-FollowerState] INFO  server.RaftServerConfigKeys (ConfUtils.java:logGet(46)) - raft.server.leaderelection.pre-vote = true (default)
2022-06-20 14:45:26,746 [s4@group-AD521306E148-FollowerState] INFO  impl.RoleInfo (RoleInfo.java:updateAndGet(139)) - s4: start s4@group-AD521306E148-LeaderElection8
2022-06-20 14:45:26,747 [s4@group-AD521306E148-LeaderElection8] INFO  server.RaftServer$Division (ServerState.java:setLeader(291)) - s4@group-AD521306E148: change Leader from s0 to null at term 1 for PRE_VOTE
2022-06-20 14:45:26,747 [s4@group-AD521306E148-LeaderElection8] INFO  impl.LeaderElection (LeaderElection.java:askForVotes(310)) - s4@group-AD521306E148-LeaderElection8 PRE_VOTE round 0: submit vote requests at term 1 for 0: [s3|rpc:localhost:40171|admin:localhost:41625|client:localhost:33977|dataStream:localhost:44013|priority:0, s4|rpc:localhost:33595|admin:localhost:33437|client:localhost:36325|dataStream:localhost:46195|priority:0, s0|rpc:localhost:37803|admin:localhost:43483|client:localhost:45147|dataStream:localhost:37009|priority:0, s1|rpc:localhost:40679|admin:localhost:39243|client:localhost:35827|dataStream:localhost:36929|priority:0, s2|rpc:localhost:40201|admin:localhost:35363|client:localhost:39699|dataStream:localhost:40971|priority:0], old=null
2022-06-20 14:45:26,898 [Thread-0] INFO  server.RaftServer$Division (RaftServerImpl.java:requestVote(1152)) - s3@group-AD521306E148: receive requestVote(PRE_VOTE, s4, group-AD521306E148, 1, (t:1, i:0))
2022-06-20 14:45:26,898 [Thread-0] INFO  impl.VoteContext (VoteContext.java:log(48)) - s3@group-AD521306E148-FOLLOWER: reject PRE_VOTE from s4: this server is a follower and still has a valid leader s0
2022-06-20 14:45:26,898 [Thread-0] INFO  server.RaftServer$Division (RaftServerImpl.java:requestVote(1184)) - s3@group-AD521306E148 replies to PRE_VOTE vote request: s4<-s3#0:FAIL-t1. Peer's state: s3@group-AD521306E148:t1, leader=s0, voted=s2, raftlog=s3@group-AD521306E148-SegmentedRaftLog:OPENED:c0, conf=0: [s3|rpc:localhost:40171|admin:localhost:41625|client:localhost:33977|dataStream:localhost:44013|priority:0, s4|rpc:localhost:33595|admin:localhost:33437|client:localhost:36325|dataStream:localhost:46195|priority:0, s0|rpc:localhost:37803|admin:localhost:43483|client:localhost:45147|dataStream:localhost:37009|priority:0, s1|rpc:localhost:40679|admin:localhost:39243|client:localhost:35827|dataStream:localhost:36929|priority:0, s2|rpc:localhost:40201|admin:localhost:35363|client:localhost:39699|dataStream:localhost:40971|priority:0], old=null
2022-06-20 14:45:26,898 [Thread-15] INFO  server.RaftServer$Division (RaftServerImpl.java:requestVote(1152)) - s0@group-AD521306E148: receive requestVote(PRE_VOTE, s4, group-AD521306E148, 1, (t:1, i:0))
2022-06-20 14:45:26,898 [Thread-22] INFO  server.RaftServer$Division (RaftServerImpl.java:requestVote(1152)) - s1@group-AD521306E148: receive requestVote(PRE_VOTE, s4, group-AD521306E148, 1, (t:1, i:0))
2022-06-20 14:45:26,898 [Thread-22] INFO  impl.VoteContext (VoteContext.java:log(48)) - s1@group-AD521306E148-FOLLOWER: reject PRE_VOTE from s4: this server is a follower and still has a valid leader s0
2022-06-20 14:45:26,898 [Thread-22] INFO  server.RaftServer$Division (RaftServerImpl.java:requestVote(1184)) - s1@group-AD521306E148 replies to PRE_VOTE vote request: s4<-s1#0:FAIL-t1. Peer's state: s1@group-AD521306E148:t1, leader=s0, voted=s0, raftlog=s1@group-AD521306E148-SegmentedRaftLog:OPENED:c0, conf=0: [s3|rpc:localhost:40171|admin:localhost:41625|client:localhost:33977|dataStream:localhost:44013|priority:0, s4|rpc:localhost:33595|admin:localhost:33437|client:localhost:36325|dataStream:localhost:46195|priority:0, s0|rpc:localhost:37803|admin:localhost:43483|client:localhost:45147|dataStream:localhost:37009|priority:0, s1|rpc:localhost:40679|admin:localhost:39243|client:localhost:35827|dataStream:localhost:36929|priority:0, s2|rpc:localhost:40201|admin:localhost:35363|client:localhost:39699|dataStream:localhost:40971|priority:0], old=null
2022-06-20 14:45:26,898 [Thread-30] INFO  server.RaftServer$Division (RaftServerImpl.java:requestVote(1152)) - s2@group-AD521306E148: receive requestVote(PRE_VOTE, s4, group-AD521306E148, 1, (t:1, i:0))
2022-06-20 14:45:26,898 [Thread-30] INFO  impl.VoteContext (VoteContext.java:log(48)) - s2@group-AD521306E148-FOLLOWER: reject PRE_VOTE from s4: this server is a follower and still has a valid leader s0
2022-06-20 14:45:26,898 [Thread-30] INFO  server.RaftServer$Division (RaftServerImpl.java:requestVote(1184)) - s2@group-AD521306E148 replies to PRE_VOTE vote request: s4<-s2#0:FAIL-t1. Peer's state: s2@group-AD521306E148:t1, leader=s0, voted=s2, raftlog=s2@group-AD521306E148-SegmentedRaftLog:OPENED:c0, conf=0: [s3|rpc:localhost:40171|admin:localhost:41625|client:localhost:33977|dataStream:localhost:44013|priority:0, s4|rpc:localhost:33595|admin:localhost:33437|client:localhost:36325|dataStream:localhost:46195|priority:0, s0|rpc:localhost:37803|admin:localhost:43483|client:localhost:45147|dataStream:localhost:37009|priority:0, s1|rpc:localhost:40679|admin:localhost:39243|client:localhost:35827|dataStream:localhost:36929|priority:0, s2|rpc:localhost:40201|admin:localhost:35363|client:localhost:39699|dataStream:localhost:40971|priority:0], old=null
2022-06-20 14:45:26,898 [Thread-15] INFO  impl.VoteContext (VoteContext.java:log(48)) - s0@group-AD521306E148-LEADER: reject PRE_VOTE from s4: this server is the leader and still has leadership
2022-06-20 14:45:26,899 [Thread-15] INFO  server.RaftServer$Division (RaftServerImpl.java:requestVote(1184)) - s0@group-AD521306E148 replies to PRE_VOTE vote request: s4<-s0#0:FAIL-t1. Peer's state: s0@group-AD521306E148:t1, leader=s0, voted=s0, raftlog=s0@group-AD521306E148-SegmentedRaftLog:OPENED:c0, conf=0: [s3|rpc:localhost:40171|admin:localhost:41625|client:localhost:33977|dataStream:localhost:44013|priority:0, s4|rpc:localhost:33595|admin:localhost:33437|client:localhost:36325|dataStream:localhost:46195|priority:0, s0|rpc:localhost:37803|admin:localhost:43483|client:localhost:45147|dataStream:localhost:37009|priority:0, s1|rpc:localhost:40679|admin:localhost:39243|client:localhost:35827|dataStream:localhost:36929|priority:0, s2|rpc:localhost:40201|admin:localhost:35363|client:localhost:39699|dataStream:localhost:40971|priority:0], old=null
2022-06-20 14:45:26,899 [s4@group-AD521306E148-LeaderElection8] INFO  impl.LeaderElection (LeaderElection.java:logAndReturn(90)) - s4@group-AD521306E148-LeaderElection8: PRE_VOTE REJECTED received 3 response(s) and 0 exception(s):
2022-06-20 14:45:26,899 [s4@group-AD521306E148-LeaderElection8] INFO  impl.LeaderElection (LeaderElection.java:logAndReturn(94)) -   Response 0: s4<-s3#0:FAIL-t1
2022-06-20 14:45:26,899 [s4@group-AD521306E148-LeaderElection8] INFO  impl.LeaderElection (LeaderElection.java:logAndReturn(94)) -   Response 1: s4<-s1#0:FAIL-t1
2022-06-20 14:45:26,899 [s4@group-AD521306E148-LeaderElection8] INFO  impl.LeaderElection (LeaderElection.java:logAndReturn(94)) -   Response 2: s4<-s2#0:FAIL-t1
2022-06-20 14:45:26,899 [s4@group-AD521306E148-LeaderElection8] INFO  impl.LeaderElection (LeaderElection.java:askForVotes(312)) - s4@group-AD521306E148-LeaderElection8 PRE_VOTE round 0: result REJECTED
2022-06-20 14:45:26,899 [s4@group-AD521306E148-LeaderElection8] INFO  server.RaftServer$Division (RaftServerImpl.java:setRole(299)) - s4@group-AD521306E148: changes role from CANDIDATE to FOLLOWER at term 1 for REJECTED
2022-06-20 14:45:26,899 [s4@group-AD521306E148-LeaderElection8] INFO  impl.RoleInfo (RoleInfo.java:shutdownLeaderElection(130)) - s4: shutdown s4@group-AD521306E148-LeaderElection8
2022-06-20 14:45:26,899 [s4@group-AD521306E148-LeaderElection8] INFO  impl.RoleInfo (RoleInfo.java:updateAndGet(139)) - s4: start s4@group-AD521306E148-FollowerState
2022-06-20 14:45:26,930 [Time-limited test] INFO  server.RaftServerConfigKeys (ConfUtils.java:logGet(46)) - raft.server.rpc.timeout.max = 300ms (default)
2022-06-20 14:45:27,060 [s4@group-AD521306E148-FollowerState] INFO  impl.FollowerState (FollowerState.java:run(143)) - s4@group-AD521306E148-FollowerState: change to CANDIDATE, lastRpcElapsedTime:160874572ns, electionTimeout:160ms
2022-06-20 14:45:27,060 [s4@group-AD521306E148-FollowerState] INFO  impl.RoleInfo (RoleInfo.java:shutdownFollowerState(110)) - s4: shutdown s4@group-AD521306E148-FollowerState
2022-06-20 14:45:27,060 [s4@group-AD521306E148-FollowerState] INFO  server.RaftServer$Division (RaftServerImpl.java:setRole(299)) - s4@group-AD521306E148: changes role from  FOLLOWER to CANDIDATE at term 1 for changeToCandidate
2022-06-20 14:45:27,061 [s4@group-AD521306E148-FollowerState] INFO  server.RaftServerConfigKeys (ConfUtils.java:logGet(46)) - raft.server.leaderelection.pre-vote = true (default)
2022-06-20 14:45:27,061 [s4@group-AD521306E148-FollowerState] INFO  impl.RoleInfo (RoleInfo.java:updateAndGet(139)) - s4: start s4@group-AD521306E148-LeaderElection9
2022-06-20 14:45:27,061 [s4@group-AD521306E148-LeaderElection9] INFO  impl.LeaderElection (LeaderElection.java:askForVotes(310)) - s4@group-AD521306E148-LeaderElection9 PRE_VOTE round 0: submit vote requests at term 1 for 0: [s3|rpc:localhost:40171|admin:localhost:41625|client:localhost:33977|dataStream:localhost:44013|priority:0, s4|rpc:localhost:33595|admin:localhost:33437|client:localhost:36325|dataStream:localhost:46195|priority:0, s0|rpc:localhost:37803|admin:localhost:43483|client:localhost:45147|dataStream:localhost:37009|priority:0, s1|rpc:localhost:40679|admin:localhost:39243|client:localhost:35827|dataStream:localhost:36929|priority:0, s2|rpc:localhost:40201|admin:localhost:35363|client:localhost:39699|dataStream:localhost:40971|priority:0], old=null
2022-06-20 14:45:27,061 [Thread-0] INFO  server.RaftServer$Division (RaftServerImpl.java:requestVote(1152)) - s3@group-AD521306E148: receive requestVote(PRE_VOTE, s4, group-AD521306E148, 1, (t:1, i:0))
2022-06-20 14:45:27,062 [Thread-14] INFO  server.RaftServer$Division (RaftServerImpl.java:requestVote(1152)) - s0@group-AD521306E148: receive requestVote(PRE_VOTE, s4, group-AD521306E148, 1, (t:1, i:0))
2022-06-20 14:45:27,062 [Thread-0] INFO  impl.VoteContext (VoteContext.java:log(48)) - s3@group-AD521306E148-FOLLOWER: reject PRE_VOTE from s4: this server is a follower and still has a valid leader s0
2022-06-20 14:45:27,062 [Thread-14] INFO  impl.VoteContext (VoteContext.java:log(48)) - s0@group-AD521306E148-LEADER: reject PRE_VOTE from s4: this server is the leader and still has leadership
2022-06-20 14:45:27,062 [Thread-14] INFO  server.RaftServer$Division (RaftServerImpl.java:requestVote(1184)) - s0@group-AD521306E148 replies to PRE_VOTE vote request: s4<-s0#0:FAIL-t1. Peer's state: s0@group-AD521306E148:t1, leader=s0, voted=s0, raftlog=s0@group-AD521306E148-SegmentedRaftLog:OPENED:c0, conf=0: [s3|rpc:localhost:40171|admin:localhost:41625|client:localhost:33977|dataStream:localhost:44013|priority:0, s4|rpc:localhost:33595|admin:localhost:33437|client:localhost:36325|dataStream:localhost:46195|priority:0, s0|rpc:localhost:37803|admin:localhost:43483|client:localhost:45147|dataStream:localhost:37009|priority:0, s1|rpc:localhost:40679|admin:localhost:39243|client:localhost:35827|dataStream:localhost:36929|priority:0, s2|rpc:localhost:40201|admin:localhost:35363|client:localhost:39699|dataStream:localhost:40971|priority:0], old=null
2022-06-20 14:45:27,062 [Thread-0] INFO  server.RaftServer$Division (RaftServerImpl.java:requestVote(1184)) - s3@group-AD521306E148 replies to PRE_VOTE vote request: s4<-s3#0:FAIL-t1. Peer's state: s3@group-AD521306E148:t1, leader=s0, voted=s2, raftlog=s3@group-AD521306E148-SegmentedRaftLog:OPENED:c0, conf=0: [s3|rpc:localhost:40171|admin:localhost:41625|client:localhost:33977|dataStream:localhost:44013|priority:0, s4|rpc:localhost:33595|admin:localhost:33437|client:localhost:36325|dataStream:localhost:46195|priority:0, s0|rpc:localhost:37803|admin:localhost:43483|client:localhost:45147|dataStream:localhost:37009|priority:0, s1|rpc:localhost:40679|admin:localhost:39243|client:localhost:35827|dataStream:localhost:36929|priority:0, s2|rpc:localhost:40201|admin:localhost:35363|client:localhost:39699|dataStream:localhost:40971|priority:0], old=null
2022-06-20 14:45:27,062 [Thread-22] INFO  server.RaftServer$Division (RaftServerImpl.java:requestVote(1152)) - s1@group-AD521306E148: receive requestVote(PRE_VOTE, s4, group-AD521306E148, 1, (t:1, i:0))
2022-06-20 14:45:27,062 [Thread-22] INFO  impl.VoteContext (VoteContext.java:log(48)) - s1@group-AD521306E148-FOLLOWER: reject PRE_VOTE from s4: this server is a follower and still has a valid leader s0
2022-06-20 14:45:27,062 [Thread-22] INFO  server.RaftServer$Division (RaftServerImpl.java:requestVote(1184)) - s1@group-AD521306E148 replies to PRE_VOTE vote request: s4<-s1#0:FAIL-t1. Peer's state: s1@group-AD521306E148:t1, leader=s0, voted=s0, raftlog=s1@group-AD521306E148-SegmentedRaftLog:OPENED:c0, conf=0: [s3|rpc:localhost:40171|admin:localhost:41625|client:localhost:33977|dataStream:localhost:44013|priority:0, s4|rpc:localhost:33595|admin:localhost:33437|client:localhost:36325|dataStream:localhost:46195|priority:0, s0|rpc:localhost:37803|admin:localhost:43483|client:localhost:45147|dataStream:localhost:37009|priority:0, s1|rpc:localhost:40679|admin:localhost:39243|client:localhost:35827|dataStream:localhost:36929|priority:0, s2|rpc:localhost:40201|admin:localhost:35363|client:localhost:39699|dataStream:localhost:40971|priority:0], old=null
2022-06-20 14:45:27,063 [s4@group-AD521306E148-LeaderElection9] INFO  impl.LeaderElection (LeaderElection.java:logAndReturn(90)) - s4@group-AD521306E148-LeaderElection9: PRE_VOTE REJECTED received 3 response(s) and 0 exception(s):
2022-06-20 14:45:27,063 [Thread-30] INFO  server.RaftServer$Division (RaftServerImpl.java:requestVote(1152)) - s2@group-AD521306E148: receive requestVote(PRE_VOTE, s4, group-AD521306E148, 1, (t:1, i:0))
2022-06-20 14:45:27,063 [s4@group-AD521306E148-LeaderElection9] INFO  impl.LeaderElection (LeaderElection.java:logAndReturn(94)) -   Response 0: s4<-s3#0:FAIL-t1
2022-06-20 14:45:27,063 [s4@group-AD521306E148-LeaderElection9] INFO  impl.LeaderElection (LeaderElection.java:logAndReturn(94)) -   Response 1: s4<-s0#0:FAIL-t1
2022-06-20 14:45:27,063 [s4@group-AD521306E148-LeaderElection9] INFO  impl.LeaderElection (LeaderElection.java:logAndReturn(94)) -   Response 2: s4<-s1#0:FAIL-t1
2022-06-20 14:45:27,063 [Thread-30] INFO  impl.VoteContext (VoteContext.java:log(48)) - s2@group-AD521306E148-FOLLOWER: reject PRE_VOTE from s4: this server is a follower and still has a valid leader s0
2022-06-20 14:45:27,063 [s4@group-AD521306E148-LeaderElection9] INFO  impl.LeaderElection (LeaderElection.java:askForVotes(312)) - s4@group-AD521306E148-LeaderElection9 PRE_VOTE round 0: result REJECTED
2022-06-20 14:45:27,063 [Thread-30] INFO  server.RaftServer$Division (RaftServerImpl.java:requestVote(1184)) - s2@group-AD521306E148 replies to PRE_VOTE vote request: s4<-s2#0:FAIL-t1. Peer's state: s2@group-AD521306E148:t1, leader=s0, voted=s2, raftlog=s2@group-AD521306E148-SegmentedRaftLog:OPENED:c0, conf=0: [s3|rpc:localhost:40171|admin:localhost:41625|client:localhost:33977|dataStream:localhost:44013|priority:0, s4|rpc:localhost:33595|admin:localhost:33437|client:localhost:36325|dataStream:localhost:46195|priority:0, s0|rpc:localhost:37803|admin:localhost:43483|client:localhost:45147|dataStream:localhost:37009|priority:0, s1|rpc:localhost:40679|admin:localhost:39243|client:localhost:35827|dataStream:localhost:36929|priority:0, s2|rpc:localhost:40201|admin:localhost:35363|client:localhost:39699|dataStream:localhost:40971|priority:0], old=null
2022-06-20 14:45:27,063 [s4@group-AD521306E148-LeaderElection9] INFO  server.RaftServer$Division (RaftServerImpl.java:setRole(299)) - s4@group-AD521306E148: changes role from CANDIDATE to FOLLOWER at term 1 for REJECTED
2022-06-20 14:45:27,063 [s4@group-AD521306E148-LeaderElection9] INFO  impl.RoleInfo (RoleInfo.java:shutdownLeaderElection(130)) - s4: shutdown s4@group-AD521306E148-LeaderElection9
2022-06-20 14:45:27,063 [s4@group-AD521306E148-LeaderElection9] INFO  impl.RoleInfo (RoleInfo.java:updateAndGet(139)) - s4: start s4@group-AD521306E148-FollowerState
2022-06-20 14:45:27,097 [Thread-9] INFO  server.RaftServer$Division (ServerState.java:setLeader(291)) - s4@group-AD521306E148: change Leader from null to s0 at term 1 for appendEntries, leader elected after 350ms
2022-06-20 14:45:27,381 [Time-limited test] INFO  simulation.TestLeaderElectionWithSimulatedRpc (LeaderElectionTests.java:enforceLeader(243)) - try enforcing leader to s4 but new leader is s0
2022-06-20 14:45:27,381 [Time-limited test] INFO  server.RaftServerConfigKeys (ConfUtils.java:logGet(46)) - raft.server.rpc.timeout.max = 300ms (default)
2022-06-20 14:45:27,545 [s1@group-AD521306E148-FollowerState] INFO  impl.FollowerState (FollowerState.java:run(143)) - s1@group-AD521306E148-FollowerState: change to CANDIDATE, lastRpcElapsedTime:212346610ns, electionTimeout:197ms
2022-06-20 14:45:27,545 [s1@group-AD521306E148-FollowerState] INFO  impl.RoleInfo (RoleInfo.java:shutdownFollowerState(110)) - s1: shutdown s1@group-AD521306E148-FollowerState
2022-06-20 14:45:27,545 [s1@group-AD521306E148-FollowerState] INFO  server.RaftServer$Division (RaftServerImpl.java:setRole(299)) - s1@group-AD521306E148: changes role from  FOLLOWER to CANDIDATE at term 1 for changeToCandidate
2022-06-20 14:45:27,546 [s1@group-AD521306E148-FollowerState] INFO  server.RaftServerConfigKeys (ConfUtils.java:logGet(46)) - raft.server.leaderelection.pre-vote = true (default)
2022-06-20 14:45:27,546 [s1@group-AD521306E148-FollowerState] INFO  impl.RoleInfo (RoleInfo.java:updateAndGet(139)) - s1: start s1@group-AD521306E148-LeaderElection10
2022-06-20 14:45:27,546 [s1@group-AD521306E148-LeaderElection10] INFO  server.RaftServer$Division (ServerState.java:setLeader(291)) - s1@group-AD521306E148: change Leader from s0 to null at term 1 for PRE_VOTE
2022-06-20 14:45:27,546 [s1@group-AD521306E148-LeaderElection10] INFO  impl.LeaderElection (LeaderElection.java:askForVotes(310)) - s1@group-AD521306E148-LeaderElection10 PRE_VOTE round 0: submit vote requests at term 1 for 0: [s3|rpc:localhost:40171|admin:localhost:41625|client:localhost:33977|dataStream:localhost:44013|priority:0, s4|rpc:localhost:33595|admin:localhost:33437|client:localhost:36325|dataStream:localhost:46195|priority:0, s0|rpc:localhost:37803|admin:localhost:43483|client:localhost:45147|dataStream:localhost:37009|priority:0, s1|rpc:localhost:40679|admin:localhost:39243|client:localhost:35827|dataStream:localhost:36929|priority:0, s2|rpc:localhost:40201|admin:localhost:35363|client:localhost:39699|dataStream:localhost:40971|priority:0], old=null
2022-06-20 14:45:27,558 [Thread-23] INFO  server.RaftServer$Division (RaftServerImpl.java:setRole(299)) - s1@group-AD521306E148: changes role from CANDIDATE to FOLLOWER at term 1 for appendEntries
2022-06-20 14:45:27,558 [Thread-23] INFO  impl.RoleInfo (RoleInfo.java:shutdownLeaderElection(130)) - s1: shutdown s1@group-AD521306E148-LeaderElection10
2022-06-20 14:45:27,559 [Thread-23] INFO  impl.RoleInfo (RoleInfo.java:updateAndGet(139)) - s1: start s1@group-AD521306E148-FollowerState
2022-06-20 14:45:27,559 [Thread-23] INFO  server.RaftServer$Division (ServerState.java:setLeader(291)) - s1@group-AD521306E148: change Leader from null to s0 at term 1 for appendEntries, leader elected after 13ms
2022-06-20 14:45:27,697 [Thread-0] INFO  server.RaftServer$Division (RaftServerImpl.java:requestVote(1152)) - s3@group-AD521306E148: receive requestVote(PRE_VOTE, s1, group-AD521306E148, 1, (t:1, i:0))
2022-06-20 14:45:27,697 [Thread-0] INFO  impl.VoteContext (VoteContext.java:log(48)) - s3@group-AD521306E148-FOLLOWER: reject PRE_VOTE from s1: this server is a follower and still has a valid leader s0
2022-06-20 14:45:27,697 [Thread-0] INFO  server.RaftServer$Division (RaftServerImpl.java:requestVote(1184)) - s3@group-AD521306E148 replies to PRE_VOTE vote request: s1<-s3#0:FAIL-t1. Peer's state: s3@group-AD521306E148:t1, leader=s0, voted=s2, raftlog=s3@group-AD521306E148-SegmentedRaftLog:OPENED:c0, conf=0: [s3|rpc:localhost:40171|admin:localhost:41625|client:localhost:33977|dataStream:localhost:44013|priority:0, s4|rpc:localhost:33595|admin:localhost:33437|client:localhost:36325|dataStream:localhost:46195|priority:0, s0|rpc:localhost:37803|admin:localhost:43483|client:localhost:45147|dataStream:localhost:37009|priority:0, s1|rpc:localhost:40679|admin:localhost:39243|client:localhost:35827|dataStream:localhost:36929|priority:0, s2|rpc:localhost:40201|admin:localhost:35363|client:localhost:39699|dataStream:localhost:40971|priority:0], old=null
2022-06-20 14:45:27,697 [s1@group-AD521306E148-LeaderElection10] INFO  impl.LeaderElection (LeaderElection.java:logAndReturn(90)) - s1@group-AD521306E148-LeaderElection10: PRE_VOTE REJECTED received 1 response(s) and 0 exception(s):
2022-06-20 14:45:27,697 [s1@group-AD521306E148-LeaderElection10] INFO  impl.LeaderElection (LeaderElection.java:logAndReturn(94)) -   Response 0: s1<-s3#0:FAIL-t1
2022-06-20 14:45:27,697 [s1@group-AD521306E148-LeaderElection10] INFO  impl.LeaderElection (LeaderElection.java:askForVotes(312)) - s1@group-AD521306E148-LeaderElection10 PRE_VOTE round 0: result REJECTED
2022-06-20 14:45:27,702 [s4@group-AD521306E148-FollowerState] INFO  impl.FollowerState (FollowerState.java:run(143)) - s4@group-AD521306E148-FollowerState: change to CANDIDATE, lastRpcElapsedTime:375860087ns, electionTimeout:210ms
2022-06-20 14:45:27,702 [s4@group-AD521306E148-FollowerState] INFO  impl.RoleInfo (RoleInfo.java:shutdownFollowerState(110)) - s4: shutdown s4@group-AD521306E148-FollowerState
2022-06-20 14:45:27,702 [s4@group-AD521306E148-FollowerState] INFO  server.RaftServer$Division (RaftServerImpl.java:setRole(299)) - s4@group-AD521306E148: changes role from  FOLLOWER to CANDIDATE at term 1 for changeToCandidate
2022-06-20 14:45:27,702 [Thread-16] INFO  server.RaftServer$Division (RaftServerImpl.java:requestVote(1152)) - s0@group-AD521306E148: receive requestVote(PRE_VOTE, s1, group-AD521306E148, 1, (t:1, i:0))
2022-06-20 14:45:27,702 [s4@group-AD521306E148-FollowerState] INFO  server.RaftServerConfigKeys (ConfUtils.java:logGet(46)) - raft.server.leaderelection.pre-vote = true (default)
2022-06-20 14:45:27,702 [s4@group-AD521306E148-FollowerState] INFO  impl.RoleInfo (RoleInfo.java:updateAndGet(139)) - s4: start s4@group-AD521306E148-LeaderElection11
2022-06-20 14:45:27,702 [Thread-16] INFO  impl.VoteContext (VoteContext.java:log(48)) - s0@group-AD521306E148-LEADER: reject PRE_VOTE from s1: this server is the leader and still has leadership
2022-06-20 14:45:27,702 [Thread-16] INFO  server.RaftServer$Division (RaftServerImpl.java:requestVote(1184)) - s0@group-AD521306E148 replies to PRE_VOTE vote request: s1<-s0#0:FAIL-t1. Peer's state: s0@group-AD521306E148:t1, leader=s0, voted=s0, raftlog=s0@group-AD521306E148-SegmentedRaftLog:OPENED:c0, conf=0: [s3|rpc:localhost:40171|admin:localhost:41625|client:localhost:33977|dataStream:localhost:44013|priority:0, s4|rpc:localhost:33595|admin:localhost:33437|client:localhost:36325|dataStream:localhost:46195|priority:0, s0|rpc:localhost:37803|admin:localhost:43483|client:localhost:45147|dataStream:localhost:37009|priority:0, s1|rpc:localhost:40679|admin:localhost:39243|client:localhost:35827|dataStream:localhost:36929|priority:0, s2|rpc:localhost:40201|admin:localhost:35363|client:localhost:39699|dataStream:localhost:40971|priority:0], old=null
2022-06-20 14:45:27,703 [s4@group-AD521306E148-LeaderElection11] INFO  server.RaftServer$Division (ServerState.java:setLeader(291)) - s4@group-AD521306E148: change Leader from s0 to null at term 1 for PRE_VOTE
2022-06-20 14:45:27,703 [s4@group-AD521306E148-LeaderElection11] INFO  impl.LeaderElection (LeaderElection.java:askForVotes(310)) - s4@group-AD521306E148-LeaderElection11 PRE_VOTE round 0: submit vote requests at term 1 for 0: [s3|rpc:localhost:40171|admin:localhost:41625|client:localhost:33977|dataStream:localhost:44013|priority:0, s4|rpc:localhost:33595|admin:localhost:33437|client:localhost:36325|dataStream:localhost:46195|priority:0, s0|rpc:localhost:37803|admin:localhost:43483|client:localhost:45147|dataStream:localhost:37009|priority:0, s1|rpc:localhost:40679|admin:localhost:39243|client:localhost:35827|dataStream:localhost:36929|priority:0, s2|rpc:localhost:40201|admin:localhost:35363|client:localhost:39699|dataStream:localhost:40971|priority:0], old=null
2022-06-20 14:45:27,705 [Thread-30] INFO  server.RaftServer$Division (RaftServerImpl.java:requestVote(1152)) - s2@group-AD521306E148: receive requestVote(PRE_VOTE, s1, group-AD521306E148, 1, (t:1, i:0))
2022-06-20 14:45:27,705 [Thread-30] INFO  impl.VoteContext (VoteContext.java:log(48)) - s2@group-AD521306E148-FOLLOWER: reject PRE_VOTE from s1: this server is a follower and still has a valid leader s0
2022-06-20 14:45:27,705 [Thread-30] INFO  server.RaftServer$Division (RaftServerImpl.java:requestVote(1184)) - s2@group-AD521306E148 replies to PRE_VOTE vote request: s1<-s2#0:FAIL-t1. Peer's state: s2@group-AD521306E148:t1, leader=s0, voted=s2, raftlog=s2@group-AD521306E148-SegmentedRaftLog:OPENED:c0, conf=0: [s3|rpc:localhost:40171|admin:localhost:41625|client:localhost:33977|dataStream:localhost:44013|priority:0, s4|rpc:localhost:33595|admin:localhost:33437|client:localhost:36325|dataStream:localhost:46195|priority:0, s0|rpc:localhost:37803|admin:localhost:43483|client:localhost:45147|dataStream:localhost:37009|priority:0, s1|rpc:localhost:40679|admin:localhost:39243|client:localhost:35827|dataStream:localhost:36929|priority:0, s2|rpc:localhost:40201|admin:localhost:35363|client:localhost:39699|dataStream:localhost:40971|priority:0], old=null
2022-06-20 14:45:27,831 [Time-limited test] INFO  server.RaftServerConfigKeys (ConfUtils.java:logGet(46)) - raft.server.rpc.timeout.max = 300ms (default)
2022-06-20 14:45:27,852 [Thread-8] INFO  server.RaftServer$Division (RaftServerImpl.java:requestVote(1152)) - s4@group-AD521306E148: receive requestVote(PRE_VOTE, s1, group-AD521306E148, 1, (t:1, i:0))
2022-06-20 14:45:27,852 [Thread-8] INFO  impl.VoteContext (VoteContext.java:log(48)) - s4@group-AD521306E148-CANDIDATE: accept PRE_VOTE from s1: our priority 0 <= candidate's priority 0
2022-06-20 14:45:27,852 [Thread-8] INFO  server.RaftServer$Division (RaftServerImpl.java:requestVote(1184)) - s4@group-AD521306E148 replies to PRE_VOTE vote request: s1<-s4#0:OK-t1. Peer's state: s4@group-AD521306E148:t1, leader=null, voted=s0, raftlog=s4@group-AD521306E148-SegmentedRaftLog:OPENED:c0, conf=0: [s3|rpc:localhost:40171|admin:localhost:41625|client:localhost:33977|dataStream:localhost:44013|priority:0, s4|rpc:localhost:33595|admin:localhost:33437|client:localhost:36325|dataStream:localhost:46195|priority:0, s0|rpc:localhost:37803|admin:localhost:43483|client:localhost:45147|dataStream:localhost:37009|priority:0, s1|rpc:localhost:40679|admin:localhost:39243|client:localhost:35827|dataStream:localhost:36929|priority:0, s2|rpc:localhost:40201|admin:localhost:35363|client:localhost:39699|dataStream:localhost:40971|priority:0], old=null
2022-06-20 14:45:27,854 [Thread-2] INFO  server.RaftServer$Division (RaftServerImpl.java:requestVote(1152)) - s3@group-AD521306E148: receive requestVote(PRE_VOTE, s4, group-AD521306E148, 1, (t:1, i:0))
2022-06-20 14:45:27,854 [Thread-2] INFO  impl.VoteContext (VoteContext.java:log(48)) - s3@group-AD521306E148-FOLLOWER: reject PRE_VOTE from s4: this server is a follower and still has a valid leader s0
2022-06-20 14:45:27,854 [Thread-21] INFO  server.RaftServer$Division (RaftServerImpl.java:requestVote(1152)) - s1@group-AD521306E148: receive requestVote(PRE_VOTE, s4, group-AD521306E148, 1, (t:1, i:0))
2022-06-20 14:45:27,854 [Thread-21] INFO  impl.VoteContext (VoteContext.java:log(48)) - s1@group-AD521306E148-FOLLOWER: reject PRE_VOTE from s4: this server is a follower and still has a valid leader s0
2022-06-20 14:45:27,854 [Thread-15] INFO  server.RaftServer$Division (RaftServerImpl.java:requestVote(1152)) - s0@group-AD521306E148: receive requestVote(PRE_VOTE, s4, group-AD521306E148, 1, (t:1, i:0))
2022-06-20 14:45:27,854 [Thread-2] INFO  server.RaftServer$Division (RaftServerImpl.java:requestVote(1184)) - s3@group-AD521306E148 replies to PRE_VOTE vote request: s4<-s3#0:FAIL-t1. Peer's state: s3@group-AD521306E148:t1, leader=s0, voted=s2, raftlog=s3@group-AD521306E148-SegmentedRaftLog:OPENED:c0, conf=0: [s3|rpc:localhost:40171|admin:localhost:41625|client:localhost:33977|dataStream:localhost:44013|priority:0, s4|rpc:localhost:33595|admin:localhost:33437|client:localhost:36325|dataStream:localhost:46195|priority:0, s0|rpc:localhost:37803|admin:localhost:43483|client:localhost:45147|dataStream:localhost:37009|priority:0, s1|rpc:localhost:40679|admin:localhost:39243|client:localhost:35827|dataStream:localhost:36929|priority:0, s2|rpc:localhost:40201|admin:localhost:35363|client:localhost:39699|dataStream:localhost:40971|priority:0], old=null
2022-06-20 14:45:27,854 [Thread-15] INFO  impl.VoteContext (VoteContext.java:log(48)) - s0@group-AD521306E148-LEADER: reject PRE_VOTE from s4: this server is the leader and still has leadership
2022-06-20 14:45:27,855 [Thread-15] INFO  server.RaftServer$Division (RaftServerImpl.java:requestVote(1184)) - s0@group-AD521306E148 replies to PRE_VOTE vote request: s4<-s0#0:FAIL-t1. Peer's state: s0@group-AD521306E148:t1, leader=s0, voted=s0, raftlog=s0@group-AD521306E148-SegmentedRaftLog:OPENED:c0, conf=0: [s3|rpc:localhost:40171|admin:localhost:41625|client:localhost:33977|dataStream:localhost:44013|priority:0, s4|rpc:localhost:33595|admin:localhost:33437|client:localhost:36325|dataStream:localhost:46195|priority:0, s0|rpc:localhost:37803|admin:localhost:43483|client:localhost:45147|dataStream:localhost:37009|priority:0, s1|rpc:localhost:40679|admin:localhost:39243|client:localhost:35827|dataStream:localhost:36929|priority:0, s2|rpc:localhost:40201|admin:localhost:35363|client:localhost:39699|dataStream:localhost:40971|priority:0], old=null
2022-06-20 14:45:27,854 [Thread-21] INFO  server.RaftServer$Division (RaftServerImpl.java:requestVote(1184)) - s1@group-AD521306E148 replies to PRE_VOTE vote request: s4<-s1#0:FAIL-t1. Peer's state: s1@group-AD521306E148:t1, leader=s0, voted=s0, raftlog=s1@group-AD521306E148-SegmentedRaftLog:OPENED:c0, conf=0: [s3|rpc:localhost:40171|admin:localhost:41625|client:localhost:33977|dataStream:localhost:44013|priority:0, s4|rpc:localhost:33595|admin:localhost:33437|client:localhost:36325|dataStream:localhost:46195|priority:0, s0|rpc:localhost:37803|admin:localhost:43483|client:localhost:45147|dataStream:localhost:37009|priority:0, s1|rpc:localhost:40679|admin:localhost:39243|client:localhost:35827|dataStream:localhost:36929|priority:0, s2|rpc:localhost:40201|admin:localhost:35363|client:localhost:39699|dataStream:localhost:40971|priority:0], old=null
2022-06-20 14:45:27,854 [Thread-29] INFO  server.RaftServer$Division (RaftServerImpl.java:requestVote(1152)) - s2@group-AD521306E148: receive requestVote(PRE_VOTE, s4, group-AD521306E148, 1, (t:1, i:0))
2022-06-20 14:45:27,855 [Thread-29] INFO  impl.VoteContext (VoteContext.java:log(48)) - s2@group-AD521306E148-FOLLOWER: reject PRE_VOTE from s4: this server is a follower and still has a valid leader s0
2022-06-20 14:45:27,855 [Thread-29] INFO  server.RaftServer$Division (RaftServerImpl.java:requestVote(1184)) - s2@group-AD521306E148 replies to PRE_VOTE vote request: s4<-s2#0:FAIL-t1. Peer's state: s2@group-AD521306E148:t1, leader=s0, voted=s2, raftlog=s2@group-AD521306E148-SegmentedRaftLog:OPENED:c0, conf=0: [s3|rpc:localhost:40171|admin:localhost:41625|client:localhost:33977|dataStream:localhost:44013|priority:0, s4|rpc:localhost:33595|admin:localhost:33437|client:localhost:36325|dataStream:localhost:46195|priority:0, s0|rpc:localhost:37803|admin:localhost:43483|client:localhost:45147|dataStream:localhost:37009|priority:0, s1|rpc:localhost:40679|admin:localhost:39243|client:localhost:35827|dataStream:localhost:36929|priority:0, s2|rpc:localhost:40201|admin:localhost:35363|client:localhost:39699|dataStream:localhost:40971|priority:0], old=null
2022-06-20 14:45:27,856 [s4@group-AD521306E148-LeaderElection11] INFO  impl.LeaderElection (LeaderElection.java:logAndReturn(90)) - s4@group-AD521306E148-LeaderElection11: PRE_VOTE REJECTED received 3 response(s) and 0 exception(s):
2022-06-20 14:45:27,856 [s4@group-AD521306E148-LeaderElection11] INFO  impl.LeaderElection (LeaderElection.java:logAndReturn(94)) -   Response 0: s4<-s3#0:FAIL-t1
2022-06-20 14:45:27,856 [s4@group-AD521306E148-LeaderElection11] INFO  impl.LeaderElection (LeaderElection.java:logAndReturn(94)) -   Response 1: s4<-s0#0:FAIL-t1
2022-06-20 14:45:27,856 [s4@group-AD521306E148-LeaderElection11] INFO  impl.LeaderElection (LeaderElection.java:logAndReturn(94)) -   Response 2: s4<-s2#0:FAIL-t1
2022-06-20 14:45:27,856 [s4@group-AD521306E148-LeaderElection11] INFO  impl.LeaderElection (LeaderElection.java:askForVotes(312)) - s4@group-AD521306E148-LeaderElection11 PRE_VOTE round 0: result REJECTED
2022-06-20 14:45:27,856 [s4@group-AD521306E148-LeaderElection11] INFO  server.RaftServer$Division (RaftServerImpl.java:setRole(299)) - s4@group-AD521306E148: changes role from CANDIDATE to FOLLOWER at term 1 for REJECTED
2022-06-20 14:45:27,856 [s4@group-AD521306E148-LeaderElection11] INFO  impl.RoleInfo (RoleInfo.java:shutdownLeaderElection(130)) - s4: shutdown s4@group-AD521306E148-LeaderElection11
2022-06-20 14:45:27,856 [s4@group-AD521306E148-LeaderElection11] INFO  impl.RoleInfo (RoleInfo.java:updateAndGet(139)) - s4: start s4@group-AD521306E148-FollowerState
2022-06-20 14:45:28,002 [Thread-7] INFO  server.RaftServer$Division (ServerState.java:setLeader(291)) - s4@group-AD521306E148: change Leader from null to s0 at term 1 for appendEntries, leader elected after 298ms
2022-06-20 14:45:28,282 [Time-limited test] INFO  simulation.TestLeaderElectionWithSimulatedRpc (LeaderElectionTests.java:enforceLeader(243)) - try enforcing leader to s4 but new leader is s0
2022-06-20 14:45:28,282 [Time-limited test] INFO  server.RaftServerConfigKeys (ConfUtils.java:logGet(46)) - raft.server.rpc.timeout.max = 300ms (default)
2022-06-20 14:45:28,411 [s1@group-AD521306E148-FollowerState] INFO  impl.FollowerState (FollowerState.java:run(143)) - s1@group-AD521306E148-FollowerState: change to CANDIDATE, lastRpcElapsedTime:167544886ns, electionTimeout:155ms
2022-06-20 14:45:28,411 [s1@group-AD521306E148-FollowerState] INFO  impl.RoleInfo (RoleInfo.java:shutdownFollowerState(110)) - s1: shutdown s1@group-AD521306E148-FollowerState
2022-06-20 14:45:28,411 [s1@group-AD521306E148-FollowerState] INFO  server.RaftServer$Division (RaftServerImpl.java:setRole(299)) - s1@group-AD521306E148: changes role from  FOLLOWER to CANDIDATE at term 1 for changeToCandidate
2022-06-20 14:45:28,412 [s1@group-AD521306E148-FollowerState] INFO  server.RaftServerConfigKeys (ConfUtils.java:logGet(46)) - raft.server.leaderelection.pre-vote = true (default)
2022-06-20 14:45:28,412 [s1@group-AD521306E148-FollowerState] INFO  impl.RoleInfo (RoleInfo.java:updateAndGet(139)) - s1: start s1@group-AD521306E148-LeaderElection12
2022-06-20 14:45:28,412 [s1@group-AD521306E148-LeaderElection12] INFO  server.RaftServer$Division (ServerState.java:setLeader(291)) - s1@group-AD521306E148: change Leader from s0 to null at term 1 for PRE_VOTE
2022-06-20 14:45:28,412 [s1@group-AD521306E148-LeaderElection12] INFO  impl.LeaderElection (LeaderElection.java:askForVotes(310)) - s1@group-AD521306E148-LeaderElection12 PRE_VOTE round 0: submit vote requests at term 1 for 0: [s3|rpc:localhost:40171|admin:localhost:41625|client:localhost:33977|dataStream:localhost:44013|priority:0, s4|rpc:localhost:33595|admin:localhost:33437|client:localhost:36325|dataStream:localhost:46195|priority:0, s0|rpc:localhost:37803|admin:localhost:43483|client:localhost:45147|dataStream:localhost:37009|priority:0, s1|rpc:localhost:40679|admin:localhost:39243|client:localhost:35827|dataStream:localhost:36929|priority:0, s2|rpc:localhost:40201|admin:localhost:35363|client:localhost:39699|dataStream:localhost:40971|priority:0], old=null
2022-06-20 14:45:28,469 [Thread-23] INFO  server.RaftServer$Division (RaftServerImpl.java:setRole(299)) - s1@group-AD521306E148: changes role from CANDIDATE to FOLLOWER at term 1 for appendEntries
2022-06-20 14:45:28,470 [Thread-23] INFO  impl.RoleInfo (RoleInfo.java:shutdownLeaderElection(130)) - s1: shutdown s1@group-AD521306E148-LeaderElection12
2022-06-20 14:45:28,470 [Thread-23] INFO  impl.RoleInfo (RoleInfo.java:updateAndGet(139)) - s1: start s1@group-AD521306E148-FollowerState
2022-06-20 14:45:28,470 [Thread-23] INFO  server.RaftServer$Division (ServerState.java:setLeader(291)) - s1@group-AD521306E148: change Leader from null to s0 at term 1 for appendEntries, leader elected after 57ms
2022-06-20 14:45:28,547 [s4@group-AD521306E148-FollowerState] INFO  impl.FollowerState (FollowerState.java:run(143)) - s4@group-AD521306E148-FollowerState: change to CANDIDATE, lastRpcElapsedTime:316685786ns, electionTimeout:246ms
2022-06-20 14:45:28,548 [s4@group-AD521306E148-FollowerState] INFO  impl.RoleInfo (RoleInfo.java:shutdownFollowerState(110)) - s4: shutdown s4@group-AD521306E148-FollowerState
2022-06-20 14:45:28,548 [s4@group-AD521306E148-FollowerState] INFO  server.RaftServer$Division (RaftServerImpl.java:setRole(299)) - s4@group-AD521306E148: changes role from  FOLLOWER to CANDIDATE at term 1 for changeToCandidate
2022-06-20 14:45:28,548 [s4@group-AD521306E148-FollowerState] INFO  server.RaftServerConfigKeys (ConfUtils.java:logGet(46)) - raft.server.leaderelection.pre-vote = true (default)
2022-06-20 14:45:28,548 [s4@group-AD521306E148-FollowerState] INFO  impl.RoleInfo (RoleInfo.java:updateAndGet(139)) - s4: start s4@group-AD521306E148-LeaderElection13
2022-06-20 14:45:28,548 [s4@group-AD521306E148-LeaderElection13] INFO  server.RaftServer$Division (ServerState.java:setLeader(291)) - s4@group-AD521306E148: change Leader from s0 to null at term 1 for PRE_VOTE
2022-06-20 14:45:28,548 [s4@group-AD521306E148-LeaderElection13] INFO  impl.LeaderElection (LeaderElection.java:askForVotes(310)) - s4@group-AD521306E148-LeaderElection13 PRE_VOTE round 0: submit vote requests at term 1 for 0: [s3|rpc:localhost:40171|admin:localhost:41625|client:localhost:33977|dataStream:localhost:44013|priority:0, s4|rpc:localhost:33595|admin:localhost:33437|client:localhost:36325|dataStream:localhost:46195|priority:0, s0|rpc:localhost:37803|admin:localhost:43483|client:localhost:45147|dataStream:localhost:37009|priority:0, s1|rpc:localhost:40679|admin:localhost:39243|client:localhost:35827|dataStream:localhost:36929|priority:0, s2|rpc:localhost:40201|admin:localhost:35363|client:localhost:39699|dataStream:localhost:40971|priority:0], old=null
2022-06-20 14:45:28,563 [Thread-1] INFO  server.RaftServer$Division (RaftServerImpl.java:requestVote(1152)) - s3@group-AD521306E148: receive requestVote(PRE_VOTE, s1, group-AD521306E148, 1, (t:1, i:0))
2022-06-20 14:45:28,563 [Thread-1] INFO  impl.VoteContext (VoteContext.java:log(48)) - s3@group-AD521306E148-FOLLOWER: reject PRE_VOTE from s1: this server is a follower and still has a valid leader s0
2022-06-20 14:45:28,563 [Thread-14] INFO  server.RaftServer$Division (RaftServerImpl.java:requestVote(1152)) - s0@group-AD521306E148: receive requestVote(PRE_VOTE, s1, group-AD521306E148, 1, (t:1, i:0))
2022-06-20 14:45:28,563 [Thread-28] INFO  server.RaftServer$Division (RaftServerImpl.java:requestVote(1152)) - s2@group-AD521306E148: receive requestVote(PRE_VOTE, s1, group-AD521306E148, 1, (t:1, i:0))
2022-06-20 14:45:28,563 [Thread-14] INFO  impl.VoteContext (VoteContext.java:log(48)) - s0@group-AD521306E148-LEADER: reject PRE_VOTE from s1: this server is the leader and still has leadership
2022-06-20 14:45:28,563 [Thread-14] INFO  server.RaftServer$Division (RaftServerImpl.java:requestVote(1184)) - s0@group-AD521306E148 replies to PRE_VOTE vote request: s1<-s0#0:FAIL-t1. Peer's state: s0@group-AD521306E148:t1, leader=s0, voted=s0, raftlog=s0@group-AD521306E148-SegmentedRaftLog:OPENED:c0, conf=0: [s3|rpc:localhost:40171|admin:localhost:41625|client:localhost:33977|dataStream:localhost:44013|priority:0, s4|rpc:localhost:33595|admin:localhost:33437|client:localhost:36325|dataStream:localhost:46195|priority:0, s0|rpc:localhost:37803|admin:localhost:43483|client:localhost:45147|dataStream:localhost:37009|priority:0, s1|rpc:localhost:40679|admin:localhost:39243|client:localhost:35827|dataStream:localhost:36929|priority:0, s2|rpc:localhost:40201|admin:localhost:35363|client:localhost:39699|dataStream:localhost:40971|priority:0], old=null
2022-06-20 14:45:28,563 [Thread-1] INFO  server.RaftServer$Division (RaftServerImpl.java:requestVote(1184)) - s3@group-AD521306E148 replies to PRE_VOTE vote request: s1<-s3#0:FAIL-t1. Peer's state: s3@group-AD521306E148:t1, leader=s0, voted=s2, raftlog=s3@group-AD521306E148-SegmentedRaftLog:OPENED:c0, conf=0: [s3|rpc:localhost:40171|admin:localhost:41625|client:localhost:33977|dataStream:localhost:44013|priority:0, s4|rpc:localhost:33595|admin:localhost:33437|client:localhost:36325|dataStream:localhost:46195|priority:0, s0|rpc:localhost:37803|admin:localhost:43483|client:localhost:45147|dataStream:localhost:37009|priority:0, s1|rpc:localhost:40679|admin:localhost:39243|client:localhost:35827|dataStream:localhost:36929|priority:0, s2|rpc:localhost:40201|admin:localhost:35363|client:localhost:39699|dataStream:localhost:40971|priority:0], old=null
2022-06-20 14:45:28,563 [Thread-28] INFO  impl.VoteContext (VoteContext.java:log(48)) - s2@group-AD521306E148-FOLLOWER: reject PRE_VOTE from s1: this server is a follower and still has a valid leader s0
2022-06-20 14:45:28,564 [Thread-28] INFO  server.RaftServer$Division (RaftServerImpl.java:requestVote(1184)) - s2@group-AD521306E148 replies to PRE_VOTE vote request: s1<-s2#0:FAIL-t1. Peer's state: s2@group-AD521306E148:t1, leader=s0, voted=s2, raftlog=s2@group-AD521306E148-SegmentedRaftLog:OPENED:c0, conf=0: [s3|rpc:localhost:40171|admin:localhost:41625|client:localhost:33977|dataStream:localhost:44013|priority:0, s4|rpc:localhost:33595|admin:localhost:33437|client:localhost:36325|dataStream:localhost:46195|priority:0, s0|rpc:localhost:37803|admin:localhost:43483|client:localhost:45147|dataStream:localhost:37009|priority:0, s1|rpc:localhost:40679|admin:localhost:39243|client:localhost:35827|dataStream:localhost:36929|priority:0, s2|rpc:localhost:40201|admin:localhost:35363|client:localhost:39699|dataStream:localhost:40971|priority:0], old=null
2022-06-20 14:45:28,564 [s1@group-AD521306E148-LeaderElection12] INFO  impl.LeaderElection (LeaderElection.java:logAndReturn(90)) - s1@group-AD521306E148-LeaderElection12: PRE_VOTE REJECTED received 1 response(s) and 0 exception(s):
2022-06-20 14:45:28,565 [s1@group-AD521306E148-LeaderElection12] INFO  impl.LeaderElection (LeaderElection.java:logAndReturn(94)) -   Response 0: s1<-s0#0:FAIL-t1
2022-06-20 14:45:28,565 [s1@group-AD521306E148-LeaderElection12] INFO  impl.LeaderElection (LeaderElection.java:askForVotes(312)) - s1@group-AD521306E148-LeaderElection12 PRE_VOTE round 0: result REJECTED
2022-06-20 14:45:28,699 [Thread-2] INFO  server.RaftServer$Division (RaftServerImpl.java:requestVote(1152)) - s3@group-AD521306E148: receive requestVote(PRE_VOTE, s4, group-AD521306E148, 1, (t:1, i:0))
2022-06-20 14:45:28,699 [Thread-2] INFO  impl.VoteContext (VoteContext.java:log(48)) - s3@group-AD521306E148-FOLLOWER: accept PRE_VOTE from s4: our priority 0 <= candidate's priority 0
2022-06-20 14:45:28,699 [Thread-21] INFO  server.RaftServer$Division (RaftServerImpl.java:requestVote(1152)) - s1@group-AD521306E148: receive requestVote(PRE_VOTE, s4, group-AD521306E148, 1, (t:1, i:0))
2022-06-20 14:45:28,700 [Thread-30] INFO  server.RaftServer$Division (RaftServerImpl.java:requestVote(1152)) - s2@group-AD521306E148: receive requestVote(PRE_VOTE, s4, group-AD521306E148, 1, (t:1, i:0))
2022-06-20 14:45:28,700 [Thread-30] INFO  impl.VoteContext (VoteContext.java:log(48)) - s2@group-AD521306E148-FOLLOWER: reject PRE_VOTE from s4: this server is a follower and still has a valid leader s0
2022-06-20 14:45:28,700 [Thread-30] INFO  server.RaftServer$Division (RaftServerImpl.java:requestVote(1184)) - s2@group-AD521306E148 replies to PRE_VOTE vote request: s4<-s2#0:FAIL-t1. Peer's state: s2@group-AD521306E148:t1, leader=s0, voted=s2, raftlog=s2@group-AD521306E148-SegmentedRaftLog:OPENED:c0, conf=0: [s3|rpc:localhost:40171|admin:localhost:41625|client:localhost:33977|dataStream:localhost:44013|priority:0, s4|rpc:localhost:33595|admin:localhost:33437|client:localhost:36325|dataStream:localhost:46195|priority:0, s0|rpc:localhost:37803|admin:localhost:43483|client:localhost:45147|dataStream:localhost:37009|priority:0, s1|rpc:localhost:40679|admin:localhost:39243|client:localhost:35827|dataStream:localhost:36929|priority:0, s2|rpc:localhost:40201|admin:localhost:35363|client:localhost:39699|dataStream:localhost:40971|priority:0], old=null
2022-06-20 14:45:28,699 [Thread-16] INFO  server.RaftServer$Division (RaftServerImpl.java:requestVote(1152)) - s0@group-AD521306E148: receive requestVote(PRE_VOTE, s4, group-AD521306E148, 1, (t:1, i:0))
2022-06-20 14:45:28,700 [Thread-16] INFO  impl.VoteContext (VoteContext.java:log(48)) - s0@group-AD521306E148-LEADER: reject PRE_VOTE from s4: this server is the leader and still has leadership
2022-06-20 14:45:28,700 [Thread-16] INFO  server.RaftServer$Division (RaftServerImpl.java:requestVote(1184)) - s0@group-AD521306E148 replies to PRE_VOTE vote request: s4<-s0#0:FAIL-t1. Peer's state: s0@group-AD521306E148:t1, leader=s0, voted=s0, raftlog=s0@group-AD521306E148-SegmentedRaftLog:OPENED:c0, conf=0: [s3|rpc:localhost:40171|admin:localhost:41625|client:localhost:33977|dataStream:localhost:44013|priority:0, s4|rpc:localhost:33595|admin:localhost:33437|client:localhost:36325|dataStream:localhost:46195|priority:0, s0|rpc:localhost:37803|admin:localhost:43483|client:localhost:45147|dataStream:localhost:37009|priority:0, s1|rpc:localhost:40679|admin:localhost:39243|client:localhost:35827|dataStream:localhost:36929|priority:0, s2|rpc:localhost:40201|admin:localhost:35363|client:localhost:39699|dataStream:localhost:40971|priority:0], old=null
2022-06-20 14:45:28,700 [Thread-21] INFO  impl.VoteContext (VoteContext.java:log(48)) - s1@group-AD521306E148-FOLLOWER: reject PRE_VOTE from s4: this server is a follower and still has a valid leader s0
2022-06-20 14:45:28,703 [Thread-21] INFO  server.RaftServer$Division (RaftServerImpl.java:requestVote(1184)) - s1@group-AD521306E148 replies to PRE_VOTE vote request: s4<-s1#0:FAIL-t1. Peer's state: s1@group-AD521306E148:t1, leader=s0, voted=s0, raftlog=s1@group-AD521306E148-SegmentedRaftLog:OPENED:c0, conf=0: [s3|rpc:localhost:40171|admin:localhost:41625|client:localhost:33977|dataStream:localhost:44013|priority:0, s4|rpc:localhost:33595|admin:localhost:33437|client:localhost:36325|dataStream:localhost:46195|priority:0, s0|rpc:localhost:37803|admin:localhost:43483|client:localhost:45147|dataStream:localhost:37009|priority:0, s1|rpc:localhost:40679|admin:localhost:39243|client:localhost:35827|dataStream:localhost:36929|priority:0, s2|rpc:localhost:40201|admin:localhost:35363|client:localhost:39699|dataStream:localhost:40971|priority:0], old=null
2022-06-20 14:45:28,699 [Thread-2] INFO  server.RaftServer$Division (RaftServerImpl.java:requestVote(1184)) - s3@group-AD521306E148 replies to PRE_VOTE vote request: s4<-s3#0:OK-t1. Peer's state: s3@group-AD521306E148:t1, leader=s0, voted=s2, raftlog=s3@group-AD521306E148-SegmentedRaftLog:OPENED:c0, conf=0: [s3|rpc:localhost:40171|admin:localhost:41625|client:localhost:33977|dataStream:localhost:44013|priority:0, s4|rpc:localhost:33595|admin:localhost:33437|client:localhost:36325|dataStream:localhost:46195|priority:0, s0|rpc:localhost:37803|admin:localhost:43483|client:localhost:45147|dataStream:localhost:37009|priority:0, s1|rpc:localhost:40679|admin:localhost:39243|client:localhost:35827|dataStream:localhost:36929|priority:0, s2|rpc:localhost:40201|admin:localhost:35363|client:localhost:39699|dataStream:localhost:40971|priority:0], old=null
2022-06-20 14:45:28,703 [s4@group-AD521306E148-LeaderElection13] INFO  impl.LeaderElection (LeaderElection.java:logAndReturn(90)) - s4@group-AD521306E148-LeaderElection13: PRE_VOTE REJECTED received 4 response(s) and 0 exception(s):
2022-06-20 14:45:28,703 [s4@group-AD521306E148-LeaderElection13] INFO  impl.LeaderElection (LeaderElection.java:logAndReturn(94)) -   Response 0: s4<-s3#0:OK-t1
2022-06-20 14:45:28,703 [s4@group-AD521306E148-LeaderElection13] INFO  impl.LeaderElection (LeaderElection.java:logAndReturn(94)) -   Response 1: s4<-s0#0:FAIL-t1
2022-06-20 14:45:28,703 [s4@group-AD521306E148-LeaderElection13] INFO  impl.LeaderElection (LeaderElection.java:logAndReturn(94)) -   Response 2: s4<-s1#0:FAIL-t1
2022-06-20 14:45:28,703 [s4@group-AD521306E148-LeaderElection13] INFO  impl.LeaderElection (LeaderElection.java:logAndReturn(94)) -   Response 3: s4<-s2#0:FAIL-t1
2022-06-20 14:45:28,704 [s4@group-AD521306E148-LeaderElection13] INFO  impl.LeaderElection (LeaderElection.java:askForVotes(312)) - s4@group-AD521306E148-LeaderElection13 PRE_VOTE round 0: result REJECTED
2022-06-20 14:45:28,704 [s4@group-AD521306E148-LeaderElection13] INFO  server.RaftServer$Division (RaftServerImpl.java:setRole(299)) - s4@group-AD521306E148: changes role from CANDIDATE to FOLLOWER at term 1 for REJECTED
2022-06-20 14:45:28,704 [s4@group-AD521306E148-LeaderElection13] INFO  impl.RoleInfo (RoleInfo.java:shutdownLeaderElection(130)) - s4: shutdown s4@group-AD521306E148-LeaderElection13
2022-06-20 14:45:28,704 [s4@group-AD521306E148-LeaderElection13] INFO  impl.RoleInfo (RoleInfo.java:updateAndGet(139)) - s4: start s4@group-AD521306E148-FollowerState
2022-06-20 14:45:28,733 [Time-limited test] INFO  server.RaftServerConfigKeys (ConfUtils.java:logGet(46)) - raft.server.rpc.timeout.max = 300ms (default)
2022-06-20 14:45:28,907 [Thread-9] INFO  server.RaftServer$Division (ServerState.java:setLeader(291)) - s4@group-AD521306E148: change Leader from null to s0 at term 1 for appendEntries, leader elected after 358ms
2022-06-20 14:45:29,013 [Thread-7] INFO  server.RaftServer$Division (RaftServerImpl.java:requestVote(1152)) - s4@group-AD521306E148: receive requestVote(PRE_VOTE, s1, group-AD521306E148, 1, (t:1, i:0))
2022-06-20 14:45:29,013 [Thread-7] INFO  impl.VoteContext (VoteContext.java:log(48)) - s4@group-AD521306E148-FOLLOWER: reject PRE_VOTE from s1: this server is a follower and still has a valid leader s0
2022-06-20 14:45:29,014 [Thread-7] INFO  server.RaftServer$Division (RaftServerImpl.java:requestVote(1184)) - s4@group-AD521306E148 replies to PRE_VOTE vote request: s1<-s4#0:FAIL-t1. Peer's state: s4@group-AD521306E148:t1, leader=s0, voted=s0, raftlog=s4@group-AD521306E148-SegmentedRaftLog:OPENED:c0, conf=0: [s3|rpc:localhost:40171|admin:localhost:41625|client:localhost:33977|dataStream:localhost:44013|priority:0, s4|rpc:localhost:33595|admin:localhost:33437|client:localhost:36325|dataStream:localhost:46195|priority:0, s0|rpc:localhost:37803|admin:localhost:43483|client:localhost:45147|dataStream:localhost:37009|priority:0, s1|rpc:localhost:40679|admin:localhost:39243|client:localhost:35827|dataStream:localhost:36929|priority:0, s2|rpc:localhost:40201|admin:localhost:35363|client:localhost:39699|dataStream:localhost:40971|priority:0], old=null
2022-06-20 14:45:29,183 [Time-limited test] INFO  simulation.TestLeaderElectionWithSimulatedRpc (LeaderElectionTests.java:enforceLeader(243)) - try enforcing leader to s4 but new leader is s0
2022-06-20 14:45:29,184 [Time-limited test] INFO  server.RaftServerConfigKeys (ConfUtils.java:logGet(46)) - raft.server.rpc.timeout.max = 300ms (default)
2022-06-20 14:45:29,458 [s4@group-AD521306E148-FollowerState] INFO  impl.FollowerState (FollowerState.java:run(143)) - s4@group-AD521306E148-FollowerState: change to CANDIDATE, lastRpcElapsedTime:321697690ns, electionTimeout:228ms
2022-06-20 14:45:29,458 [s4@group-AD521306E148-FollowerState] INFO  impl.RoleInfo (RoleInfo.java:shutdownFollowerState(110)) - s4: shutdown s4@group-AD521306E148-FollowerState
2022-06-20 14:45:29,458 [s4@group-AD521306E148-FollowerState] INFO  server.RaftServer$Division (RaftServerImpl.java:setRole(299)) - s4@group-AD521306E148: changes role from  FOLLOWER to CANDIDATE at term 1 for changeToCandidate
2022-06-20 14:45:29,459 [s4@group-AD521306E148-FollowerState] INFO  server.RaftServerConfigKeys (ConfUtils.java:logGet(46)) - raft.server.leaderelection.pre-vote = true (default)
2022-06-20 14:45:29,459 [s4@group-AD521306E148-FollowerState] INFO  impl.RoleInfo (RoleInfo.java:updateAndGet(139)) - s4: start s4@group-AD521306E148-LeaderElection14
2022-06-20 14:45:29,459 [s4@group-AD521306E148-LeaderElection14] INFO  server.RaftServer$Division (ServerState.java:setLeader(291)) - s4@group-AD521306E148: change Leader from s0 to null at term 1 for PRE_VOTE
2022-06-20 14:45:29,459 [s4@group-AD521306E148-LeaderElection14] INFO  impl.LeaderElection (LeaderElection.java:askForVotes(310)) - s4@group-AD521306E148-LeaderElection14 PRE_VOTE round 0: submit vote requests at term 1 for 0: [s3|rpc:localhost:40171|admin:localhost:41625|client:localhost:33977|dataStream:localhost:44013|priority:0, s4|rpc:localhost:33595|admin:localhost:33437|client:localhost:36325|dataStream:localhost:46195|priority:0, s0|rpc:localhost:37803|admin:localhost:43483|client:localhost:45147|dataStream:localhost:37009|priority:0, s1|rpc:localhost:40679|admin:localhost:39243|client:localhost:35827|dataStream:localhost:36929|priority:0, s2|rpc:localhost:40201|admin:localhost:35363|client:localhost:39699|dataStream:localhost:40971|priority:0], old=null
2022-06-20 14:45:29,569 [s1@group-AD521306E148-FollowerState] INFO  impl.FollowerState (FollowerState.java:run(143)) - s1@group-AD521306E148-FollowerState: change to CANDIDATE, lastRpcElapsedTime:191058085ns, electionTimeout:158ms
2022-06-20 14:45:29,569 [s1@group-AD521306E148-FollowerState] INFO  impl.RoleInfo (RoleInfo.java:shutdownFollowerState(110)) - s1: shutdown s1@group-AD521306E148-FollowerState
2022-06-20 14:45:29,569 [s1@group-AD521306E148-FollowerState] INFO  server.RaftServer$Division (RaftServerImpl.java:setRole(299)) - s1@group-AD521306E148: changes role from  FOLLOWER to CANDIDATE at term 1 for changeToCandidate
2022-06-20 14:45:29,569 [s1@group-AD521306E148-FollowerState] INFO  server.RaftServerConfigKeys (ConfUtils.java:logGet(46)) - raft.server.leaderelection.pre-vote = true (default)
2022-06-20 14:45:29,569 [s1@group-AD521306E148-FollowerState] INFO  impl.RoleInfo (RoleInfo.java:updateAndGet(139)) - s1: start s1@group-AD521306E148-LeaderElection15
2022-06-20 14:45:29,570 [s1@group-AD521306E148-LeaderElection15] INFO  server.RaftServer$Division (ServerState.java:setLeader(291)) - s1@group-AD521306E148: change Leader from s0 to null at term 1 for PRE_VOTE
2022-06-20 14:45:29,570 [s1@group-AD521306E148-LeaderElection15] INFO  impl.LeaderElection (LeaderElection.java:askForVotes(310)) - s1@group-AD521306E148-LeaderElection15 PRE_VOTE round 0: submit vote requests at term 1 for 0: [s3|rpc:localhost:40171|admin:localhost:41625|client:localhost:33977|dataStream:localhost:44013|priority:0, s4|rpc:localhost:33595|admin:localhost:33437|client:localhost:36325|dataStream:localhost:46195|priority:0, s0|rpc:localhost:37803|admin:localhost:43483|client:localhost:45147|dataStream:localhost:37009|priority:0, s1|rpc:localhost:40679|admin:localhost:39243|client:localhost:35827|dataStream:localhost:36929|priority:0, s2|rpc:localhost:40201|admin:localhost:35363|client:localhost:39699|dataStream:localhost:40971|priority:0], old=null
2022-06-20 14:45:29,603 [Thread-22] INFO  server.RaftServer$Division (RaftServerImpl.java:setRole(299)) - s1@group-AD521306E148: changes role from CANDIDATE to FOLLOWER at term 1 for appendEntries
2022-06-20 14:45:29,603 [Thread-22] INFO  impl.RoleInfo (RoleInfo.java:shutdownLeaderElection(130)) - s1: shutdown s1@group-AD521306E148-LeaderElection15
2022-06-20 14:45:29,604 [Thread-22] INFO  impl.RoleInfo (RoleInfo.java:updateAndGet(139)) - s1: start s1@group-AD521306E148-FollowerState
2022-06-20 14:45:29,604 [Thread-22] INFO  server.RaftServer$Division (ServerState.java:setLeader(291)) - s1@group-AD521306E148: change Leader from null to s0 at term 1 for appendEntries, leader elected after 33ms
2022-06-20 14:45:29,610 [Thread-2] INFO  server.RaftServer$Division (RaftServerImpl.java:requestVote(1152)) - s3@group-AD521306E148: receive requestVote(PRE_VOTE, s4, group-AD521306E148, 1, (t:1, i:0))
2022-06-20 14:45:29,611 [Thread-21] INFO  server.RaftServer$Division (RaftServerImpl.java:requestVote(1152)) - s1@group-AD521306E148: receive requestVote(PRE_VOTE, s4, group-AD521306E148, 1, (t:1, i:0))
2022-06-20 14:45:29,611 [Thread-21] INFO  impl.VoteContext (VoteContext.java:log(48)) - s1@group-AD521306E148-FOLLOWER: reject PRE_VOTE from s4: this server is a follower and still has a valid leader s0
2022-06-20 14:45:29,612 [Thread-21] INFO  server.RaftServer$Division (RaftServerImpl.java:requestVote(1184)) - s1@group-AD521306E148 replies to PRE_VOTE vote request: s4<-s1#0:FAIL-t1. Peer's state: s1@group-AD521306E148:t1, leader=s0, voted=s0, raftlog=s1@group-AD521306E148-SegmentedRaftLog:OPENED:c0, conf=0: [s3|rpc:localhost:40171|admin:localhost:41625|client:localhost:33977|dataStream:localhost:44013|priority:0, s4|rpc:localhost:33595|admin:localhost:33437|client:localhost:36325|dataStream:localhost:46195|priority:0, s0|rpc:localhost:37803|admin:localhost:43483|client:localhost:45147|dataStream:localhost:37009|priority:0, s1|rpc:localhost:40679|admin:localhost:39243|client:localhost:35827|dataStream:localhost:36929|priority:0, s2|rpc:localhost:40201|admin:localhost:35363|client:localhost:39699|dataStream:localhost:40971|priority:0], old=null
2022-06-20 14:45:29,610 [Thread-15] INFO  server.RaftServer$Division (RaftServerImpl.java:requestVote(1152)) - s0@group-AD521306E148: receive requestVote(PRE_VOTE, s4, group-AD521306E148, 1, (t:1, i:0))
2022-06-20 14:45:29,612 [Thread-15] INFO  impl.VoteContext (VoteContext.java:log(48)) - s0@group-AD521306E148-LEADER: reject PRE_VOTE from s4: this server is the leader and still has leadership
2022-06-20 14:45:29,612 [Thread-15] INFO  server.RaftServer$Division (RaftServerImpl.java:requestVote(1184)) - s0@group-AD521306E148 replies to PRE_VOTE vote request: s4<-s0#0:FAIL-t1. Peer's state: s0@group-AD521306E148:t1, leader=s0, voted=s0, raftlog=s0@group-AD521306E148-SegmentedRaftLog:OPENED:c0, conf=0: [s3|rpc:localhost:40171|admin:localhost:41625|client:localhost:33977|dataStream:localhost:44013|priority:0, s4|rpc:localhost:33595|admin:localhost:33437|client:localhost:36325|dataStream:localhost:46195|priority:0, s0|rpc:localhost:37803|admin:localhost:43483|client:localhost:45147|dataStream:localhost:37009|priority:0, s1|rpc:localhost:40679|admin:localhost:39243|client:localhost:35827|dataStream:localhost:36929|priority:0, s2|rpc:localhost:40201|admin:localhost:35363|client:localhost:39699|dataStream:localhost:40971|priority:0], old=null
2022-06-20 14:45:29,612 [Thread-30] INFO  server.RaftServer$Division (RaftServerImpl.java:requestVote(1152)) - s2@group-AD521306E148: receive requestVote(PRE_VOTE, s4, group-AD521306E148, 1, (t:1, i:0))
2022-06-20 14:45:29,613 [Thread-30] INFO  impl.VoteContext (VoteContext.java:log(48)) - s2@group-AD521306E148-FOLLOWER: reject PRE_VOTE from s4: this server is a follower and still has a valid leader s0
2022-06-20 14:45:29,613 [Thread-30] INFO  server.RaftServer$Division (RaftServerImpl.java:requestVote(1184)) - s2@group-AD521306E148 replies to PRE_VOTE vote request: s4<-s2#0:FAIL-t1. Peer's state: s2@group-AD521306E148:t1, leader=s0, voted=s2, raftlog=s2@group-AD521306E148-SegmentedRaftLog:OPENED:c0, conf=0: [s3|rpc:localhost:40171|admin:localhost:41625|client:localhost:33977|dataStream:localhost:44013|priority:0, s4|rpc:localhost:33595|admin:localhost:33437|client:localhost:36325|dataStream:localhost:46195|priority:0, s0|rpc:localhost:37803|admin:localhost:43483|client:localhost:45147|dataStream:localhost:37009|priority:0, s1|rpc:localhost:40679|admin:localhost:39243|client:localhost:35827|dataStream:localhost:36929|priority:0, s2|rpc:localhost:40201|admin:localhost:35363|client:localhost:39699|dataStream:localhost:40971|priority:0], old=null
2022-06-20 14:45:29,613 [s4@group-AD521306E148-LeaderElection14] INFO  impl.LeaderElection (LeaderElection.java:logAndReturn(90)) - s4@group-AD521306E148-LeaderElection14: PRE_VOTE REJECTED received 3 response(s) and 0 exception(s):
2022-06-20 14:45:29,613 [s4@group-AD521306E148-LeaderElection14] INFO  impl.LeaderElection (LeaderElection.java:logAndReturn(94)) -   Response 0: s4<-s0#0:FAIL-t1
2022-06-20 14:45:29,613 [s4@group-AD521306E148-LeaderElection14] INFO  impl.LeaderElection (LeaderElection.java:logAndReturn(94)) -   Response 1: s4<-s1#0:FAIL-t1
2022-06-20 14:45:29,613 [s4@group-AD521306E148-LeaderElection14] INFO  impl.LeaderElection (LeaderElection.java:logAndReturn(94)) -   Response 2: s4<-s2#0:FAIL-t1
2022-06-20 14:45:29,613 [s4@group-AD521306E148-LeaderElection14] INFO  impl.LeaderElection (LeaderElection.java:askForVotes(312)) - s4@group-AD521306E148-LeaderElection14 PRE_VOTE round 0: result REJECTED
2022-06-20 14:45:29,613 [s4@group-AD521306E148-LeaderElection14] INFO  server.RaftServer$Division (RaftServerImpl.java:setRole(299)) - s4@group-AD521306E148: changes role from CANDIDATE to FOLLOWER at term 1 for REJECTED
2022-06-20 14:45:29,613 [s4@group-AD521306E148-LeaderElection14] INFO  impl.RoleInfo (RoleInfo.java:shutdownLeaderElection(130)) - s4: shutdown s4@group-AD521306E148-LeaderElection14
2022-06-20 14:45:29,613 [s4@group-AD521306E148-LeaderElection14] INFO  impl.RoleInfo (RoleInfo.java:updateAndGet(139)) - s4: start s4@group-AD521306E148-FollowerState
2022-06-20 14:45:29,611 [Thread-2] INFO  impl.VoteContext (VoteContext.java:log(48)) - s3@group-AD521306E148-FOLLOWER: reject PRE_VOTE from s4: this server is a follower and still has a valid leader s0
2022-06-20 14:45:29,614 [Thread-2] INFO  server.RaftServer$Division (RaftServerImpl.java:requestVote(1184)) - s3@group-AD521306E148 replies to PRE_VOTE vote request: s4<-s3#0:FAIL-t1. Peer's state: s3@group-AD521306E148:t1, leader=s0, voted=s2, raftlog=s3@group-AD521306E148-SegmentedRaftLog:OPENED:c0, conf=0: [s3|rpc:localhost:40171|admin:localhost:41625|client:localhost:33977|dataStream:localhost:44013|priority:0, s4|rpc:localhost:33595|admin:localhost:33437|client:localhost:36325|dataStream:localhost:46195|priority:0, s0|rpc:localhost:37803|admin:localhost:43483|client:localhost:45147|dataStream:localhost:37009|priority:0, s1|rpc:localhost:40679|admin:localhost:39243|client:localhost:35827|dataStream:localhost:36929|priority:0, s2|rpc:localhost:40201|admin:localhost:35363|client:localhost:39699|dataStream:localhost:40971|priority:0], old=null
2022-06-20 14:45:29,634 [Time-limited test] INFO  server.RaftServerConfigKeys (ConfUtils.java:logGet(46)) - raft.server.rpc.timeout.max = 300ms (default)
2022-06-20 14:45:29,722 [Thread-1] INFO  server.RaftServer$Division (RaftServerImpl.java:requestVote(1152)) - s3@group-AD521306E148: receive requestVote(PRE_VOTE, s1, group-AD521306E148, 1, (t:1, i:0))
2022-06-20 14:45:29,722 [Thread-28] INFO  server.RaftServer$Division (RaftServerImpl.java:requestVote(1152)) - s2@group-AD521306E148: receive requestVote(PRE_VOTE, s1, group-AD521306E148, 1, (t:1, i:0))
2022-06-20 14:45:29,722 [Thread-1] INFO  impl.VoteContext (VoteContext.java:log(48)) - s3@group-AD521306E148-FOLLOWER: reject PRE_VOTE from s1: this server is a follower and still has a valid leader s0
2022-06-20 14:45:29,722 [Thread-14] INFO  server.RaftServer$Division (RaftServerImpl.java:requestVote(1152)) - s0@group-AD521306E148: receive requestVote(PRE_VOTE, s1, group-AD521306E148, 1, (t:1, i:0))
2022-06-20 14:45:29,722 [Thread-1] INFO  server.RaftServer$Division (RaftServerImpl.java:requestVote(1184)) - s3@group-AD521306E148 replies to PRE_VOTE vote request: s1<-s3#0:FAIL-t1. Peer's state: s3@group-AD521306E148:t1, leader=s0, voted=s2, raftlog=s3@group-AD521306E148-SegmentedRaftLog:OPENED:c0, conf=0: [s3|rpc:localhost:40171|admin:localhost:41625|client:localhost:33977|dataStream:localhost:44013|priority:0, s4|rpc:localhost:33595|admin:localhost:33437|client:localhost:36325|dataStream:localhost:46195|priority:0, s0|rpc:localhost:37803|admin:localhost:43483|client:localhost:45147|dataStream:localhost:37009|priority:0, s1|rpc:localhost:40679|admin:localhost:39243|client:localhost:35827|dataStream:localhost:36929|priority:0, s2|rpc:localhost:40201|admin:localhost:35363|client:localhost:39699|dataStream:localhost:40971|priority:0], old=null
2022-06-20 14:45:29,722 [Thread-14] INFO  impl.VoteContext (VoteContext.java:log(48)) - s0@group-AD521306E148-LEADER: reject PRE_VOTE from s1: this server is the leader and still has leadership
2022-06-20 14:45:29,722 [Thread-28] INFO  impl.VoteContext (VoteContext.java:log(48)) - s2@group-AD521306E148-FOLLOWER: reject PRE_VOTE from s1: this server is a follower and still has a valid leader s0
2022-06-20 14:45:29,723 [s1@group-AD521306E148-LeaderElection15] INFO  impl.LeaderElection (LeaderElection.java:logAndReturn(90)) - s1@group-AD521306E148-LeaderElection15: PRE_VOTE REJECTED received 1 response(s) and 0 exception(s):
2022-06-20 14:45:29,723 [Thread-28] INFO  server.RaftServer$Division (RaftServerImpl.java:requestVote(1184)) - s2@group-AD521306E148 replies to PRE_VOTE vote request: s1<-s2#0:FAIL-t1. Peer's state: s2@group-AD521306E148:t1, leader=s0, voted=s2, raftlog=s2@group-AD521306E148-SegmentedRaftLog:OPENED:c0, conf=0: [s3|rpc:localhost:40171|admin:localhost:41625|client:localhost:33977|dataStream:localhost:44013|priority:0, s4|rpc:localhost:33595|admin:localhost:33437|client:localhost:36325|dataStream:localhost:46195|priority:0, s0|rpc:localhost:37803|admin:localhost:43483|client:localhost:45147|dataStream:localhost:37009|priority:0, s1|rpc:localhost:40679|admin:localhost:39243|client:localhost:35827|dataStream:localhost:36929|priority:0, s2|rpc:localhost:40201|admin:localhost:35363|client:localhost:39699|dataStream:localhost:40971|priority:0], old=null
2022-06-20 14:45:29,723 [Thread-14] INFO  server.RaftServer$Division (RaftServerImpl.java:requestVote(1184)) - s0@group-AD521306E148 replies to PRE_VOTE vote request: s1<-s0#0:FAIL-t1. Peer's state: s0@group-AD521306E148:t1, leader=s0, voted=s0, raftlog=s0@group-AD521306E148-SegmentedRaftLog:OPENED:c0, conf=0: [s3|rpc:localhost:40171|admin:localhost:41625|client:localhost:33977|dataStream:localhost:44013|priority:0, s4|rpc:localhost:33595|admin:localhost:33437|client:localhost:36325|dataStream:localhost:46195|priority:0, s0|rpc:localhost:37803|admin:localhost:43483|client:localhost:45147|dataStream:localhost:37009|priority:0, s1|rpc:localhost:40679|admin:localhost:39243|client:localhost:35827|dataStream:localhost:36929|priority:0, s2|rpc:localhost:40201|admin:localhost:35363|client:localhost:39699|dataStream:localhost:40971|priority:0], old=null
2022-06-20 14:45:29,723 [s1@group-AD521306E148-LeaderElection15] INFO  impl.LeaderElection (LeaderElection.java:logAndReturn(94)) -   Response 0: s1<-s3#0:FAIL-t1
2022-06-20 14:45:29,724 [s1@group-AD521306E148-LeaderElection15] INFO  impl.LeaderElection (LeaderElection.java:askForVotes(312)) - s1@group-AD521306E148-LeaderElection15 PRE_VOTE round 0: result REJECTED
2022-06-20 14:45:29,811 [s4@group-AD521306E148-FollowerState] INFO  impl.FollowerState (FollowerState.java:run(143)) - s4@group-AD521306E148-FollowerState: change to CANDIDATE, lastRpcElapsedTime:198001617ns, electionTimeout:193ms
2022-06-20 14:45:29,812 [s4@group-AD521306E148-FollowerState] INFO  impl.RoleInfo (RoleInfo.java:shutdownFollowerState(110)) - s4: shutdown s4@group-AD521306E148-FollowerState
2022-06-20 14:45:29,812 [s4@group-AD521306E148-FollowerState] INFO  server.RaftServer$Division (RaftServerImpl.java:setRole(299)) - s4@group-AD521306E148: changes role from  FOLLOWER to CANDIDATE at term 1 for changeToCandidate
2022-06-20 14:45:29,812 [s4@group-AD521306E148-FollowerState] INFO  server.RaftServerConfigKeys (ConfUtils.java:logGet(46)) - raft.server.leaderelection.pre-vote = true (default)
2022-06-20 14:45:29,812 [s4@group-AD521306E148-FollowerState] INFO  impl.RoleInfo (RoleInfo.java:updateAndGet(139)) - s4: start s4@group-AD521306E148-LeaderElection16
2022-06-20 14:45:29,812 [Thread-7] INFO  server.RaftServer$Division (RaftServerImpl.java:setRole(299)) - s4@group-AD521306E148: changes role from CANDIDATE to FOLLOWER at term 1 for appendEntries
2022-06-20 14:45:29,812 [Thread-7] INFO  impl.RoleInfo (RoleInfo.java:shutdownLeaderElection(130)) - s4: shutdown s4@group-AD521306E148-LeaderElection16
2022-06-20 14:45:29,812 [Thread-7] INFO  impl.RoleInfo (RoleInfo.java:updateAndGet(139)) - s4: start s4@group-AD521306E148-FollowerState
2022-06-20 14:45:29,813 [Thread-7] INFO  server.RaftServer$Division (ServerState.java:setLeader(291)) - s4@group-AD521306E148: change Leader from null to s0 at term 1 for appendEntries, leader elected after 353ms
2022-06-20 14:45:29,872 [Thread-9] INFO  server.RaftServer$Division (RaftServerImpl.java:requestVote(1152)) - s4@group-AD521306E148: receive requestVote(PRE_VOTE, s1, group-AD521306E148, 1, (t:1, i:0))
2022-06-20 14:45:29,872 [Thread-9] INFO  impl.VoteContext (VoteContext.java:log(48)) - s4@group-AD521306E148-FOLLOWER: reject PRE_VOTE from s1: this server is a follower and still has a valid leader s0
2022-06-20 14:45:29,872 [Thread-9] INFO  server.RaftServer$Division (RaftServerImpl.java:requestVote(1184)) - s4@group-AD521306E148 replies to PRE_VOTE vote request: s1<-s4#0:FAIL-t1. Peer's state: s4@group-AD521306E148:t1, leader=s0, voted=s0, raftlog=s4@group-AD521306E148-SegmentedRaftLog:OPENED:c0, conf=0: [s3|rpc:localhost:40171|admin:localhost:41625|client:localhost:33977|dataStream:localhost:44013|priority:0, s4|rpc:localhost:33595|admin:localhost:33437|client:localhost:36325|dataStream:localhost:46195|priority:0, s0|rpc:localhost:37803|admin:localhost:43483|client:localhost:45147|dataStream:localhost:37009|priority:0, s1|rpc:localhost:40679|admin:localhost:39243|client:localhost:35827|dataStream:localhost:36929|priority:0, s2|rpc:localhost:40201|admin:localhost:35363|client:localhost:39699|dataStream:localhost:40971|priority:0], old=null
2022-06-20 14:45:30,084 [Time-limited test] INFO  simulation.TestLeaderElectionWithSimulatedRpc (LeaderElectionTests.java:enforceLeader(243)) - try enforcing leader to s4 but new leader is s0
2022-06-20 14:45:30,085 [Time-limited test] INFO  server.RaftServerConfigKeys (ConfUtils.java:logGet(46)) - raft.server.rpc.timeout.max = 300ms (default)
2022-06-20 14:45:30,217 [s2@group-AD521306E148-FollowerState] INFO  impl.FollowerState (FollowerState.java:run(143)) - s2@group-AD521306E148-FollowerState: change to CANDIDATE, lastRpcElapsedTime:157720021ns, electionTimeout:153ms
2022-06-20 14:45:30,218 [s2@group-AD521306E148-FollowerState] INFO  impl.RoleInfo (RoleInfo.java:shutdownFollowerState(110)) - s2: shutdown s2@group-AD521306E148-FollowerState
2022-06-20 14:45:30,218 [s2@group-AD521306E148-FollowerState] INFO  server.RaftServer$Division (RaftServerImpl.java:setRole(299)) - s2@group-AD521306E148: changes role from  FOLLOWER to CANDIDATE at term 1 for changeToCandidate
2022-06-20 14:45:30,218 [s2@group-AD521306E148-FollowerState] INFO  server.RaftServerConfigKeys (ConfUtils.java:logGet(46)) - raft.server.leaderelection.pre-vote = true (default)
2022-06-20 14:45:30,218 [s2@group-AD521306E148-FollowerState] INFO  impl.RoleInfo (RoleInfo.java:updateAndGet(139)) - s2: start s2@group-AD521306E148-LeaderElection17
2022-06-20 14:45:30,219 [s2@group-AD521306E148-LeaderElection17] INFO  server.RaftServer$Division (ServerState.java:setLeader(291)) - s2@group-AD521306E148: change Leader from s0 to null at term 1 for PRE_VOTE
2022-06-20 14:45:30,219 [s2@group-AD521306E148-LeaderElection17] INFO  impl.LeaderElection (LeaderElection.java:askForVotes(310)) - s2@group-AD521306E148-LeaderElection17 PRE_VOTE round 0: submit vote requests at term 1 for 0: [s3|rpc:localhost:40171|admin:localhost:41625|client:localhost:33977|dataStream:localhost:44013|priority:0, s4|rpc:localhost:33595|admin:localhost:33437|client:localhost:36325|dataStream:localhost:46195|priority:0, s0|rpc:localhost:37803|admin:localhost:43483|client:localhost:45147|dataStream:localhost:37009|priority:0, s1|rpc:localhost:40679|admin:localhost:39243|client:localhost:35827|dataStream:localhost:36929|priority:0, s2|rpc:localhost:40201|admin:localhost:35363|client:localhost:39699|dataStream:localhost:40971|priority:0], old=null
2022-06-20 14:45:30,252 [s3@group-AD521306E148-FollowerState] INFO  impl.FollowerState (FollowerState.java:run(143)) - s3@group-AD521306E148-FollowerState: change to CANDIDATE, lastRpcElapsedTime:182222433ns, electionTimeout:158ms
2022-06-20 14:45:30,252 [s3@group-AD521306E148-FollowerState] INFO  impl.RoleInfo (RoleInfo.java:shutdownFollowerState(110)) - s3: shutdown s3@group-AD521306E148-FollowerState
2022-06-20 14:45:30,252 [s3@group-AD521306E148-FollowerState] INFO  server.RaftServer$Division (RaftServerImpl.java:setRole(299)) - s3@group-AD521306E148: changes role from  FOLLOWER to CANDIDATE at term 1 for changeToCandidate
2022-06-20 14:45:30,252 [s3@group-AD521306E148-FollowerState] INFO  server.RaftServerConfigKeys (ConfUtils.java:logGet(46)) - raft.server.leaderelection.pre-vote = true (default)
2022-06-20 14:45:30,252 [s3@group-AD521306E148-FollowerState] INFO  impl.RoleInfo (RoleInfo.java:updateAndGet(139)) - s3: start s3@group-AD521306E148-LeaderElection18
2022-06-20 14:45:30,253 [s3@group-AD521306E148-LeaderElection18] INFO  server.RaftServer$Division (ServerState.java:setLeader(291)) - s3@group-AD521306E148: change Leader from s0 to null at term 1 for PRE_VOTE
2022-06-20 14:45:30,253 [s3@group-AD521306E148-LeaderElection18] INFO  impl.LeaderElection (LeaderElection.java:askForVotes(310)) - s3@group-AD521306E148-LeaderElection18 PRE_VOTE round 0: submit vote requests at term 1 for 0: [s3|rpc:localhost:40171|admin:localhost:41625|client:localhost:33977|dataStream:localhost:44013|priority:0, s4|rpc:localhost:33595|admin:localhost:33437|client:localhost:36325|dataStream:localhost:46195|priority:0, s0|rpc:localhost:37803|admin:localhost:43483|client:localhost:45147|dataStream:localhost:37009|priority:0, s1|rpc:localhost:40679|admin:localhost:39243|client:localhost:35827|dataStream:localhost:36929|priority:0, s2|rpc:localhost:40201|admin:localhost:35363|client:localhost:39699|dataStream:localhost:40971|priority:0], old=null
2022-06-20 14:45:30,281 [s4@group-AD521306E148-FollowerState] INFO  impl.FollowerState (FollowerState.java:run(143)) - s4@group-AD521306E148-FollowerState: change to CANDIDATE, lastRpcElapsedTime:235578878ns, electionTimeout:168ms
2022-06-20 14:45:30,281 [s4@group-AD521306E148-FollowerState] INFO  impl.RoleInfo (RoleInfo.java:shutdownFollowerState(110)) - s4: shutdown s4@group-AD521306E148-FollowerState
2022-06-20 14:45:30,281 [s4@group-AD521306E148-FollowerState] INFO  server.RaftServer$Division (RaftServerImpl.java:setRole(299)) - s4@group-AD521306E148: changes role from  FOLLOWER to CANDIDATE at term 1 for changeToCandidate
2022-06-20 14:45:30,281 [s4@group-AD521306E148-FollowerState] INFO  server.RaftServerConfigKeys (ConfUtils.java:logGet(46)) - raft.server.leaderelection.pre-vote = true (default)
2022-06-20 14:45:30,281 [s4@group-AD521306E148-FollowerState] INFO  impl.RoleInfo (RoleInfo.java:updateAndGet(139)) - s4: start s4@group-AD521306E148-LeaderElection19
2022-06-20 14:45:30,282 [s4@group-AD521306E148-LeaderElection19] INFO  server.RaftServer$Division (ServerState.java:setLeader(291)) - s4@group-AD521306E148: change Leader from s0 to null at term 1 for PRE_VOTE
2022-06-20 14:45:30,282 [s4@group-AD521306E148-LeaderElection19] INFO  impl.LeaderElection (LeaderElection.java:askForVotes(310)) - s4@group-AD521306E148-LeaderElection19 PRE_VOTE round 0: submit vote requests at term 1 for 0: [s3|rpc:localhost:40171|admin:localhost:41625|client:localhost:33977|dataStream:localhost:44013|priority:0, s4|rpc:localhost:33595|admin:localhost:33437|client:localhost:36325|dataStream:localhost:46195|priority:0, s0|rpc:localhost:37803|admin:localhost:43483|client:localhost:45147|dataStream:localhost:37009|priority:0, s1|rpc:localhost:40679|admin:localhost:39243|client:localhost:35827|dataStream:localhost:36929|priority:0, s2|rpc:localhost:40201|admin:localhost:35363|client:localhost:39699|dataStream:localhost:40971|priority:0], old=null
2022-06-20 14:45:30,285 [Thread-28] INFO  server.RaftServer$Division (RaftServerImpl.java:setRole(299)) - s2@group-AD521306E148: changes role from CANDIDATE to FOLLOWER at term 1 for appendEntries
2022-06-20 14:45:30,285 [Thread-28] INFO  impl.RoleInfo (RoleInfo.java:shutdownLeaderElection(130)) - s2: shutdown s2@group-AD521306E148-LeaderElection17
2022-06-20 14:45:30,285 [Thread-28] INFO  impl.RoleInfo (RoleInfo.java:updateAndGet(139)) - s2: start s2@group-AD521306E148-FollowerState
2022-06-20 14:45:30,285 [Thread-28] INFO  server.RaftServer$Division (ServerState.java:setLeader(291)) - s2@group-AD521306E148: change Leader from null to s0 at term 1 for appendEntries, leader elected after 66ms
2022-06-20 14:45:30,295 [Thread-1] INFO  server.RaftServer$Division (RaftServerImpl.java:setRole(299)) - s3@group-AD521306E148: changes role from CANDIDATE to FOLLOWER at term 1 for appendEntries
2022-06-20 14:45:30,296 [Thread-1] INFO  impl.RoleInfo (RoleInfo.java:shutdownLeaderElection(130)) - s3: shutdown s3@group-AD521306E148-LeaderElection18
2022-06-20 14:45:30,296 [Thread-1] INFO  impl.RoleInfo (RoleInfo.java:updateAndGet(139)) - s3: start s3@group-AD521306E148-FollowerState
2022-06-20 14:45:30,296 [Thread-1] INFO  server.RaftServer$Division (ServerState.java:setLeader(291)) - s3@group-AD521306E148: change Leader from null to s0 at term 1 for appendEntries, leader elected after 43ms
2022-06-20 14:45:30,370 [Thread-0] INFO  server.RaftServer$Division (RaftServerImpl.java:requestVote(1152)) - s3@group-AD521306E148: receive requestVote(PRE_VOTE, s2, group-AD521306E148, 1, (t:1, i:0))
2022-06-20 14:45:30,370 [Thread-0] INFO  impl.VoteContext (VoteContext.java:log(48)) - s3@group-AD521306E148-FOLLOWER: reject PRE_VOTE from s2: this server is a follower and still has a valid leader s0
2022-06-20 14:45:30,370 [Thread-0] INFO  server.RaftServer$Division (RaftServerImpl.java:requestVote(1184)) - s3@group-AD521306E148 replies to PRE_VOTE vote request: s2<-s3#0:FAIL-t1. Peer's state: s3@group-AD521306E148:t1, leader=s0, voted=s2, raftlog=s3@group-AD521306E148-SegmentedRaftLog:OPENED:c0, conf=0: [s3|rpc:localhost:40171|admin:localhost:41625|client:localhost:33977|dataStream:localhost:44013|priority:0, s4|rpc:localhost:33595|admin:localhost:33437|client:localhost:36325|dataStream:localhost:46195|priority:0, s0|rpc:localhost:37803|admin:localhost:43483|client:localhost:45147|dataStream:localhost:37009|priority:0, s1|rpc:localhost:40679|admin:localhost:39243|client:localhost:35827|dataStream:localhost:36929|priority:0, s2|rpc:localhost:40201|admin:localhost:35363|client:localhost:39699|dataStream:localhost:40971|priority:0], old=null
2022-06-20 14:45:30,370 [s2@group-AD521306E148-LeaderElection17] INFO  impl.LeaderElection (LeaderElection.java:logAndReturn(90)) - s2@group-AD521306E148-LeaderElection17: PRE_VOTE REJECTED received 1 response(s) and 0 exception(s):
2022-06-20 14:45:30,370 [s2@group-AD521306E148-LeaderElection17] INFO  impl.LeaderElection (LeaderElection.java:logAndReturn(94)) -   Response 0: s2<-s3#0:FAIL-t1
2022-06-20 14:45:30,370 [s2@group-AD521306E148-LeaderElection17] INFO  impl.LeaderElection (LeaderElection.java:askForVotes(312)) - s2@group-AD521306E148-LeaderElection17 PRE_VOTE round 0: result REJECTED
2022-06-20 14:45:30,371 [Thread-16] INFO  server.RaftServer$Division (RaftServerImpl.java:requestVote(1152)) - s0@group-AD521306E148: receive requestVote(PRE_VOTE, s2, group-AD521306E148, 1, (t:1, i:0))
2022-06-20 14:45:30,372 [Thread-22] INFO  server.RaftServer$Division (RaftServerImpl.java:requestVote(1152)) - s1@group-AD521306E148: receive requestVote(PRE_VOTE, s2, group-AD521306E148, 1, (t:1, i:0))
2022-06-20 14:45:30,372 [Thread-16] INFO  impl.VoteContext (VoteContext.java:log(48)) - s0@group-AD521306E148-LEADER: reject PRE_VOTE from s2: this server is the leader and still has leadership
2022-06-20 14:45:30,372 [Thread-16] INFO  server.RaftServer$Division (RaftServerImpl.java:requestVote(1184)) - s0@group-AD521306E148 replies to PRE_VOTE vote request: s2<-s0#0:FAIL-t1. Peer's state: s0@group-AD521306E148:t1, leader=s0, voted=s0, raftlog=s0@group-AD521306E148-SegmentedRaftLog:OPENED:c0, conf=0: [s3|rpc:localhost:40171|admin:localhost:41625|client:localhost:33977|dataStream:localhost:44013|priority:0, s4|rpc:localhost:33595|admin:localhost:33437|client:localhost:36325|dataStream:localhost:46195|priority:0, s0|rpc:localhost:37803|admin:localhost:43483|client:localhost:45147|dataStream:localhost:37009|priority:0, s1|rpc:localhost:40679|admin:localhost:39243|client:localhost:35827|dataStream:localhost:36929|priority:0, s2|rpc:localhost:40201|admin:localhost:35363|client:localhost:39699|dataStream:localhost:40971|priority:0], old=null
2022-06-20 14:45:30,372 [Thread-22] INFO  impl.VoteContext (VoteContext.java:log(48)) - s1@group-AD521306E148-FOLLOWER: reject PRE_VOTE from s2: this server is a follower and still has a valid leader s0
2022-06-20 14:45:30,372 [Thread-22] INFO  server.RaftServer$Division (RaftServerImpl.java:requestVote(1184)) - s1@group-AD521306E148 replies to PRE_VOTE vote request: s2<-s1#0:FAIL-t1. Peer's state: s1@group-AD521306E148:t1, leader=s0, voted=s0, raftlog=s1@group-AD521306E148-SegmentedRaftLog:OPENED:c0, conf=0: [s3|rpc:localhost:40171|admin:localhost:41625|client:localhost:33977|dataStream:localhost:44013|priority:0, s4|rpc:localhost:33595|admin:localhost:33437|client:localhost:36325|dataStream:localhost:46195|priority:0, s0|rpc:localhost:37803|admin:localhost:43483|client:localhost:45147|dataStream:localhost:37009|priority:0, s1|rpc:localhost:40679|admin:localhost:39243|client:localhost:35827|dataStream:localhost:36929|priority:0, s2|rpc:localhost:40201|admin:localhost:35363|client:localhost:39699|dataStream:localhost:40971|priority:0], old=null
2022-06-20 14:45:30,411 [Thread-30] INFO  server.RaftServer$Division (RaftServerImpl.java:requestVote(1152)) - s2@group-AD521306E148: receive requestVote(PRE_VOTE, s3, group-AD521306E148, 1, (t:1, i:0))
2022-06-20 14:45:30,412 [Thread-30] INFO  impl.VoteContext (VoteContext.java:log(48)) - s2@group-AD521306E148-FOLLOWER: reject PRE_VOTE from s3: this server is a follower and still has a valid leader s0
2022-06-20 14:45:30,411 [Thread-15] INFO  server.RaftServer$Division (RaftServerImpl.java:requestVote(1152)) - s0@group-AD521306E148: receive requestVote(PRE_VOTE, s3, group-AD521306E148, 1, (t:1, i:0))
2022-06-20 14:45:30,413 [Thread-30] INFO  server.RaftServer$Division (RaftServerImpl.java:requestVote(1184)) - s2@group-AD521306E148 replies to PRE_VOTE vote request: s3<-s2#0:FAIL-t1. Peer's state: s2@group-AD521306E148:t1, leader=s0, voted=s2, raftlog=s2@group-AD521306E148-SegmentedRaftLog:OPENED:c0, conf=0: [s3|rpc:localhost:40171|admin:localhost:41625|client:localhost:33977|dataStream:localhost:44013|priority:0, s4|rpc:localhost:33595|admin:localhost:33437|client:localhost:36325|dataStream:localhost:46195|priority:0, s0|rpc:localhost:37803|admin:localhost:43483|client:localhost:45147|dataStream:localhost:37009|priority:0, s1|rpc:localhost:40679|admin:localhost:39243|client:localhost:35827|dataStream:localhost:36929|priority:0, s2|rpc:localhost:40201|admin:localhost:35363|client:localhost:39699|dataStream:localhost:40971|priority:0], old=null
2022-06-20 14:45:30,413 [Thread-15] INFO  impl.VoteContext (VoteContext.java:log(48)) - s0@group-AD521306E148-LEADER: reject PRE_VOTE from s3: this server is the leader and still has leadership
2022-06-20 14:45:30,413 [Thread-15] INFO  server.RaftServer$Division (RaftServerImpl.java:requestVote(1184)) - s0@group-AD521306E148 replies to PRE_VOTE vote request: s3<-s0#0:FAIL-t1. Peer's state: s0@group-AD521306E148:t1, leader=s0, voted=s0, raftlog=s0@group-AD521306E148-SegmentedRaftLog:OPENED:c0, conf=0: [s3|rpc:localhost:40171|admin:localhost:41625|client:localhost:33977|dataStream:localhost:44013|priority:0, s4|rpc:localhost:33595|admin:localhost:33437|client:localhost:36325|dataStream:localhost:46195|priority:0, s0|rpc:localhost:37803|admin:localhost:43483|client:localhost:45147|dataStream:localhost:37009|priority:0, s1|rpc:localhost:40679|admin:localhost:39243|client:localhost:35827|dataStream:localhost:36929|priority:0, s2|rpc:localhost:40201|admin:localhost:35363|client:localhost:39699|dataStream:localhost:40971|priority:0], old=null
2022-06-20 14:45:30,413 [Thread-21] INFO  server.RaftServer$Division (RaftServerImpl.java:requestVote(1152)) - s1@group-AD521306E148: receive requestVote(PRE_VOTE, s3, group-AD521306E148, 1, (t:1, i:0))
2022-06-20 14:45:30,413 [Thread-21] INFO  impl.VoteContext (VoteContext.java:log(48)) - s1@group-AD521306E148-FOLLOWER: reject PRE_VOTE from s3: this server is a follower and still has a valid leader s0
2022-06-20 14:45:30,413 [Thread-21] INFO  server.RaftServer$Division (RaftServerImpl.java:requestVote(1184)) - s1@group-AD521306E148 replies to PRE_VOTE vote request: s3<-s1#0:FAIL-t1. Peer's state: s1@group-AD521306E148:t1, leader=s0, voted=s0, raftlog=s1@group-AD521306E148-SegmentedRaftLog:OPENED:c0, conf=0: [s3|rpc:localhost:40171|admin:localhost:41625|client:localhost:33977|dataStream:localhost:44013|priority:0, s4|rpc:localhost:33595|admin:localhost:33437|client:localhost:36325|dataStream:localhost:46195|priority:0, s0|rpc:localhost:37803|admin:localhost:43483|client:localhost:45147|dataStream:localhost:37009|priority:0, s1|rpc:localhost:40679|admin:localhost:39243|client:localhost:35827|dataStream:localhost:36929|priority:0, s2|rpc:localhost:40201|admin:localhost:35363|client:localhost:39699|dataStream:localhost:40971|priority:0], old=null
2022-06-20 14:45:30,413 [s3@group-AD521306E148-LeaderElection18] INFO  impl.LeaderElection (LeaderElection.java:logAndReturn(90)) - s3@group-AD521306E148-LeaderElection18: PRE_VOTE REJECTED received 1 response(s) and 0 exception(s):
2022-06-20 14:45:30,414 [s3@group-AD521306E148-LeaderElection18] INFO  impl.LeaderElection (LeaderElection.java:logAndReturn(94)) -   Response 0: s3<-s2#0:FAIL-t1
2022-06-20 14:45:30,414 [s3@group-AD521306E148-LeaderElection18] INFO  impl.LeaderElection (LeaderElection.java:askForVotes(312)) - s3@group-AD521306E148-LeaderElection18 PRE_VOTE round 0: result REJECTED
2022-06-20 14:45:30,432 [Thread-2] INFO  server.RaftServer$Division (RaftServerImpl.java:requestVote(1152)) - s3@group-AD521306E148: receive requestVote(PRE_VOTE, s4, group-AD521306E148, 1, (t:1, i:0))
2022-06-20 14:45:30,433 [Thread-2] INFO  impl.VoteContext (VoteContext.java:log(48)) - s3@group-AD521306E148-FOLLOWER: reject PRE_VOTE from s4: this server is a follower and still has a valid leader s0
2022-06-20 14:45:30,433 [Thread-29] INFO  server.RaftServer$Division (RaftServerImpl.java:requestVote(1152)) - s2@group-AD521306E148: receive requestVote(PRE_VOTE, s4, group-AD521306E148, 1, (t:1, i:0))
2022-06-20 14:45:30,433 [Thread-14] INFO  server.RaftServer$Division (RaftServerImpl.java:requestVote(1152)) - s0@group-AD521306E148: receive requestVote(PRE_VOTE, s4, group-AD521306E148, 1, (t:1, i:0))
2022-06-20 14:45:30,433 [Thread-29] INFO  impl.VoteContext (VoteContext.java:log(48)) - s2@group-AD521306E148-FOLLOWER: reject PRE_VOTE from s4: this server is a follower and still has a valid leader s0
2022-06-20 14:45:30,433 [Thread-14] INFO  impl.VoteContext (VoteContext.java:log(48)) - s0@group-AD521306E148-LEADER: reject PRE_VOTE from s4: this server is the leader and still has leadership
2022-06-20 14:45:30,433 [Thread-29] INFO  server.RaftServer$Division (RaftServerImpl.java:requestVote(1184)) - s2@group-AD521306E148 replies to PRE_VOTE vote request: s4<-s2#0:FAIL-t1. Peer's state: s2@group-AD521306E148:t1, leader=s0, voted=s2, raftlog=s2@group-AD521306E148-SegmentedRaftLog:OPENED:c0, conf=0: [s3|rpc:localhost:40171|admin:localhost:41625|client:localhost:33977|dataStream:localhost:44013|priority:0, s4|rpc:localhost:33595|admin:localhost:33437|client:localhost:36325|dataStream:localhost:46195|priority:0, s0|rpc:localhost:37803|admin:localhost:43483|client:localhost:45147|dataStream:localhost:37009|priority:0, s1|rpc:localhost:40679|admin:localhost:39243|client:localhost:35827|dataStream:localhost:36929|priority:0, s2|rpc:localhost:40201|admin:localhost:35363|client:localhost:39699|dataStream:localhost:40971|priority:0], old=null
2022-06-20 14:45:30,433 [Thread-14] INFO  server.RaftServer$Division (RaftServerImpl.java:requestVote(1184)) - s0@group-AD521306E148 replies to PRE_VOTE vote request: s4<-s0#0:FAIL-t1. Peer's state: s0@group-AD521306E148:t1, leader=s0, voted=s0, raftlog=s0@group-AD521306E148-SegmentedRaftLog:OPENED:c0, conf=0: [s3|rpc:localhost:40171|admin:localhost:41625|client:localhost:33977|dataStream:localhost:44013|priority:0, s4|rpc:localhost:33595|admin:localhost:33437|client:localhost:36325|dataStream:localhost:46195|priority:0, s0|rpc:localhost:37803|admin:localhost:43483|client:localhost:45147|dataStream:localhost:37009|priority:0, s1|rpc:localhost:40679|admin:localhost:39243|client:localhost:35827|dataStream:localhost:36929|priority:0, s2|rpc:localhost:40201|admin:localhost:35363|client:localhost:39699|dataStream:localhost:40971|priority:0], old=null
2022-06-20 14:45:30,433 [Thread-2] INFO  server.RaftServer$Division (RaftServerImpl.java:requestVote(1184)) - s3@group-AD521306E148 replies to PRE_VOTE vote request: s4<-s3#0:FAIL-t1. Peer's state: s3@group-AD521306E148:t1, leader=s0, voted=s2, raftlog=s3@group-AD521306E148-SegmentedRaftLog:OPENED:c0, conf=0: [s3|rpc:localhost:40171|admin:localhost:41625|client:localhost:33977|dataStream:localhost:44013|priority:0, s4|rpc:localhost:33595|admin:localhost:33437|client:localhost:36325|dataStream:localhost:46195|priority:0, s0|rpc:localhost:37803|admin:localhost:43483|client:localhost:45147|dataStream:localhost:37009|priority:0, s1|rpc:localhost:40679|admin:localhost:39243|client:localhost:35827|dataStream:localhost:36929|priority:0, s2|rpc:localhost:40201|admin:localhost:35363|client:localhost:39699|dataStream:localhost:40971|priority:0], old=null
2022-06-20 14:45:30,433 [s4@group-AD521306E148-LeaderElection19] INFO  impl.LeaderElection (LeaderElection.java:logAndReturn(90)) - s4@group-AD521306E148-LeaderElection19: PRE_VOTE REJECTED received 3 response(s) and 0 exception(s):
2022-06-20 14:45:30,434 [s4@group-AD521306E148-LeaderElection19] INFO  impl.LeaderElection (LeaderElection.java:logAndReturn(94)) -   Response 0: s4<-s3#0:FAIL-t1
2022-06-20 14:45:30,434 [s4@group-AD521306E148-LeaderElection19] INFO  impl.LeaderElection (LeaderElection.java:logAndReturn(94)) -   Response 1: s4<-s0#0:FAIL-t1
2022-06-20 14:45:30,434 [s4@group-AD521306E148-LeaderElection19] INFO  impl.LeaderElection (LeaderElection.java:logAndReturn(94)) -   Response 2: s4<-s2#0:FAIL-t1
2022-06-20 14:45:30,434 [s4@group-AD521306E148-LeaderElection19] INFO  impl.LeaderElection (LeaderElection.java:askForVotes(312)) - s4@group-AD521306E148-LeaderElection19 PRE_VOTE round 0: result REJECTED
2022-06-20 14:45:30,434 [s4@group-AD521306E148-LeaderElection19] INFO  server.RaftServer$Division (RaftServerImpl.java:setRole(299)) - s4@group-AD521306E148: changes role from CANDIDATE to FOLLOWER at term 1 for REJECTED
2022-06-20 14:45:30,434 [s4@group-AD521306E148-LeaderElection19] INFO  impl.RoleInfo (RoleInfo.java:shutdownLeaderElection(130)) - s4: shutdown s4@group-AD521306E148-LeaderElection19
2022-06-20 14:45:30,434 [s4@group-AD521306E148-LeaderElection19] INFO  impl.RoleInfo (RoleInfo.java:updateAndGet(139)) - s4: start s4@group-AD521306E148-FollowerState
2022-06-20 14:45:30,435 [Thread-23] INFO  server.RaftServer$Division (RaftServerImpl.java:requestVote(1152)) - s1@group-AD521306E148: receive requestVote(PRE_VOTE, s4, group-AD521306E148, 1, (t:1, i:0))
2022-06-20 14:45:30,435 [Thread-23] INFO  impl.VoteContext (VoteContext.java:log(48)) - s1@group-AD521306E148-FOLLOWER: accept PRE_VOTE from s4: our priority 0 <= candidate's priority 0
2022-06-20 14:45:30,435 [Thread-23] INFO  server.RaftServer$Division (RaftServerImpl.java:requestVote(1184)) - s1@group-AD521306E148 replies to PRE_VOTE vote request: s4<-s1#0:OK-t1. Peer's state: s1@group-AD521306E148:t1, leader=s0, voted=s0, raftlog=s1@group-AD521306E148-SegmentedRaftLog:OPENED:c0, conf=0: [s3|rpc:localhost:40171|admin:localhost:41625|client:localhost:33977|dataStream:localhost:44013|priority:0, s4|rpc:localhost:33595|admin:localhost:33437|client:localhost:36325|dataStream:localhost:46195|priority:0, s0|rpc:localhost:37803|admin:localhost:43483|client:localhost:45147|dataStream:localhost:37009|priority:0, s1|rpc:localhost:40679|admin:localhost:39243|client:localhost:35827|dataStream:localhost:36929|priority:0, s2|rpc:localhost:40201|admin:localhost:35363|client:localhost:39699|dataStream:localhost:40971|priority:0], old=null
2022-06-20 14:45:30,511 [s2@group-AD521306E148-FollowerState] INFO  impl.FollowerState (FollowerState.java:run(143)) - s2@group-AD521306E148-FollowerState: change to CANDIDATE, lastRpcElapsedTime:225043630ns, electionTimeout:225ms
2022-06-20 14:45:30,511 [s2@group-AD521306E148-FollowerState] INFO  impl.RoleInfo (RoleInfo.java:shutdownFollowerState(110)) - s2: shutdown s2@group-AD521306E148-FollowerState
2022-06-20 14:45:30,511 [s2@group-AD521306E148-FollowerState] INFO  server.RaftServer$Division (RaftServerImpl.java:setRole(299)) - s2@group-AD521306E148: changes role from  FOLLOWER to CANDIDATE at term 1 for changeToCandidate
2022-06-20 14:45:30,511 [s2@group-AD521306E148-FollowerState] INFO  server.RaftServerConfigKeys (ConfUtils.java:logGet(46)) - raft.server.leaderelection.pre-vote = true (default)
2022-06-20 14:45:30,511 [s2@group-AD521306E148-FollowerState] INFO  impl.RoleInfo (RoleInfo.java:updateAndGet(139)) - s2: start s2@group-AD521306E148-LeaderElection20
2022-06-20 14:45:30,511 [Thread-28] INFO  server.RaftServer$Division (RaftServerImpl.java:setRole(299)) - s2@group-AD521306E148: changes role from CANDIDATE to FOLLOWER at term 1 for appendEntries
2022-06-20 14:45:30,512 [Thread-28] INFO  impl.RoleInfo (RoleInfo.java:shutdownLeaderElection(130)) - s2: shutdown s2@group-AD521306E148-LeaderElection20
2022-06-20 14:45:30,512 [Thread-28] INFO  impl.RoleInfo (RoleInfo.java:updateAndGet(139)) - s2: start s2@group-AD521306E148-FollowerState
2022-06-20 14:45:30,535 [Time-limited test] INFO  server.RaftServerConfigKeys (ConfUtils.java:logGet(46)) - raft.server.rpc.timeout.max = 300ms (default)
2022-06-20 14:45:30,554 [Thread-8] INFO  server.RaftServer$Division (RaftServerImpl.java:requestVote(1152)) - s4@group-AD521306E148: receive requestVote(PRE_VOTE, s3, group-AD521306E148, 1, (t:1, i:0))
2022-06-20 14:45:30,554 [Thread-8] INFO  impl.VoteContext (VoteContext.java:log(48)) - s4@group-AD521306E148-FOLLOWER: accept PRE_VOTE from s3: our priority 0 <= candidate's priority 0
2022-06-20 14:45:30,554 [Thread-8] INFO  server.RaftServer$Division (RaftServerImpl.java:requestVote(1184)) - s4@group-AD521306E148 replies to PRE_VOTE vote request: s3<-s4#0:OK-t1. Peer's state: s4@group-AD521306E148:t1, leader=null, voted=s0, raftlog=s4@group-AD521306E148-SegmentedRaftLog:OPENED:c0, conf=0: [s3|rpc:localhost:40171|admin:localhost:41625|client:localhost:33977|dataStream:localhost:44013|priority:0, s4|rpc:localhost:33595|admin:localhost:33437|client:localhost:36325|dataStream:localhost:46195|priority:0, s0|rpc:localhost:37803|admin:localhost:43483|client:localhost:45147|dataStream:localhost:37009|priority:0, s1|rpc:localhost:40679|admin:localhost:39243|client:localhost:35827|dataStream:localhost:36929|priority:0, s2|rpc:localhost:40201|admin:localhost:35363|client:localhost:39699|dataStream:localhost:40971|priority:0], old=null
2022-06-20 14:45:30,721 [Thread-7] INFO  server.RaftServer$Division (ServerState.java:setLeader(291)) - s4@group-AD521306E148: change Leader from null to s0 at term 1 for appendEntries, leader elected after 439ms
2022-06-20 14:45:30,821 [Thread-8] INFO  server.RaftServer$Division (RaftServerImpl.java:requestVote(1152)) - s4@group-AD521306E148: receive requestVote(PRE_VOTE, s2, group-AD521306E148, 1, (t:1, i:0))
2022-06-20 14:45:30,821 [Thread-8] INFO  impl.VoteContext (VoteContext.java:log(48)) - s4@group-AD521306E148-FOLLOWER: reject PRE_VOTE from s2: this server is a follower and still has a valid leader s0
2022-06-20 14:45:30,821 [Thread-8] INFO  server.RaftServer$Division (RaftServerImpl.java:requestVote(1184)) - s4@group-AD521306E148 replies to PRE_VOTE vote request: s2<-s4#0:FAIL-t1. Peer's state: s4@group-AD521306E148:t1, leader=s0, voted=s0, raftlog=s4@group-AD521306E148-SegmentedRaftLog:OPENED:c0, conf=0: [s3|rpc:localhost:40171|admin:localhost:41625|client:localhost:33977|dataStream:localhost:44013|priority:0, s4|rpc:localhost:33595|admin:localhost:33437|client:localhost:36325|dataStream:localhost:46195|priority:0, s0|rpc:localhost:37803|admin:localhost:43483|client:localhost:45147|dataStream:localhost:37009|priority:0, s1|rpc:localhost:40679|admin:localhost:39243|client:localhost:35827|dataStream:localhost:36929|priority:0, s2|rpc:localhost:40201|admin:localhost:35363|client:localhost:39699|dataStream:localhost:40971|priority:0], old=null
2022-06-20 14:45:30,985 [Time-limited test] INFO  simulation.TestLeaderElectionWithSimulatedRpc (LeaderElectionTests.java:enforceLeader(243)) - try enforcing leader to s4 but new leader is s0
2022-06-20 14:45:30,986 [Time-limited test] INFO  server.RaftServerConfigKeys (ConfUtils.java:logGet(46)) - raft.server.rpc.timeout.max = 300ms (default)
2022-06-20 14:45:31,436 [Time-limited test] INFO  server.RaftServerConfigKeys (ConfUtils.java:logGet(46)) - raft.server.rpc.timeout.max = 300ms (default)
2022-06-20 14:45:31,436 [s4@group-AD521306E148-FollowerState] INFO  impl.FollowerState (FollowerState.java:run(143)) - s4@group-AD521306E148-FollowerState: change to CANDIDATE, lastRpcElapsedTime:486672302ns, electionTimeout:229ms
2022-06-20 14:45:31,437 [s4@group-AD521306E148-FollowerState] INFO  impl.RoleInfo (RoleInfo.java:shutdownFollowerState(110)) - s4: shutdown s4@group-AD521306E148-FollowerState
2022-06-20 14:45:31,437 [s4@group-AD521306E148-FollowerState] INFO  server.RaftServer$Division (RaftServerImpl.java:setRole(299)) - s4@group-AD521306E148: changes role from  FOLLOWER to CANDIDATE at term 1 for changeToCandidate
2022-06-20 14:45:31,437 [s4@group-AD521306E148-FollowerState] INFO  server.RaftServerConfigKeys (ConfUtils.java:logGet(46)) - raft.server.leaderelection.pre-vote = true (default)
2022-06-20 14:45:31,437 [s4@group-AD521306E148-FollowerState] INFO  impl.RoleInfo (RoleInfo.java:updateAndGet(139)) - s4: start s4@group-AD521306E148-LeaderElection21
2022-06-20 14:45:31,437 [s4@group-AD521306E148-LeaderElection21] INFO  server.RaftServer$Division (ServerState.java:setLeader(291)) - s4@group-AD521306E148: change Leader from s0 to null at term 1 for PRE_VOTE
2022-06-20 14:45:31,437 [s4@group-AD521306E148-LeaderElection21] INFO  impl.LeaderElection (LeaderElection.java:askForVotes(310)) - s4@group-AD521306E148-LeaderElection21 PRE_VOTE round 0: submit vote requests at term 1 for 0: [s3|rpc:localhost:40171|admin:localhost:41625|client:localhost:33977|dataStream:localhost:44013|priority:0, s4|rpc:localhost:33595|admin:localhost:33437|client:localhost:36325|dataStream:localhost:46195|priority:0, s0|rpc:localhost:37803|admin:localhost:43483|client:localhost:45147|dataStream:localhost:37009|priority:0, s1|rpc:localhost:40679|admin:localhost:39243|client:localhost:35827|dataStream:localhost:36929|priority:0, s2|rpc:localhost:40201|admin:localhost:35363|client:localhost:39699|dataStream:localhost:40971|priority:0], old=null
2022-06-20 14:45:31,438 [Thread-1] INFO  server.RaftServer$Division (RaftServerImpl.java:requestVote(1152)) - s3@group-AD521306E148: receive requestVote(PRE_VOTE, s4, group-AD521306E148, 1, (t:1, i:0))
2022-06-20 14:45:31,438 [Thread-16] INFO  server.RaftServer$Division (RaftServerImpl.java:requestVote(1152)) - s0@group-AD521306E148: receive requestVote(PRE_VOTE, s4, group-AD521306E148, 1, (t:1, i:0))
2022-06-20 14:45:31,442 [Thread-16] INFO  impl.VoteContext (VoteContext.java:log(48)) - s0@group-AD521306E148-LEADER: reject PRE_VOTE from s4: this server is the leader and still has leadership
2022-06-20 14:45:31,442 [Thread-16] INFO  server.RaftServer$Division (RaftServerImpl.java:requestVote(1184)) - s0@group-AD521306E148 replies to PRE_VOTE vote request: s4<-s0#0:FAIL-t1. Peer's state: s0@group-AD521306E148:t1, leader=s0, voted=s0, raftlog=s0@group-AD521306E148-SegmentedRaftLog:OPENED:c0, conf=0: [s3|rpc:localhost:40171|admin:localhost:41625|client:localhost:33977|dataStream:localhost:44013|priority:0, s4|rpc:localhost:33595|admin:localhost:33437|client:localhost:36325|dataStream:localhost:46195|priority:0, s0|rpc:localhost:37803|admin:localhost:43483|client:localhost:45147|dataStream:localhost:37009|priority:0, s1|rpc:localhost:40679|admin:localhost:39243|client:localhost:35827|dataStream:localhost:36929|priority:0, s2|rpc:localhost:40201|admin:localhost:35363|client:localhost:39699|dataStream:localhost:40971|priority:0], old=null
2022-06-20 14:45:31,438 [Thread-1] INFO  impl.VoteContext (VoteContext.java:log(48)) - s3@group-AD521306E148-FOLLOWER: reject PRE_VOTE from s4: this server is a follower and still has a valid leader s0
2022-06-20 14:45:31,442 [Thread-1] INFO  server.RaftServer$Division (RaftServerImpl.java:requestVote(1184)) - s3@group-AD521306E148 replies to PRE_VOTE vote request: s4<-s3#0:FAIL-t1. Peer's state: s3@group-AD521306E148:t1, leader=s0, voted=s2, raftlog=s3@group-AD521306E148-SegmentedRaftLog:OPENED:c0, conf=0: [s3|rpc:localhost:40171|admin:localhost:41625|client:localhost:33977|dataStream:localhost:44013|priority:0, s4|rpc:localhost:33595|admin:localhost:33437|client:localhost:36325|dataStream:localhost:46195|priority:0, s0|rpc:localhost:37803|admin:localhost:43483|client:localhost:45147|dataStream:localhost:37009|priority:0, s1|rpc:localhost:40679|admin:localhost:39243|client:localhost:35827|dataStream:localhost:36929|priority:0, s2|rpc:localhost:40201|admin:localhost:35363|client:localhost:39699|dataStream:localhost:40971|priority:0], old=null
2022-06-20 14:45:31,442 [Thread-28] INFO  server.RaftServer$Division (RaftServerImpl.java:requestVote(1152)) - s2@group-AD521306E148: receive requestVote(PRE_VOTE, s4, group-AD521306E148, 1, (t:1, i:0))
2022-06-20 14:45:31,443 [Thread-28] INFO  impl.VoteContext (VoteContext.java:log(48)) - s2@group-AD521306E148-FOLLOWER: reject PRE_VOTE from s4: this server is a follower and still has a valid leader s0
2022-06-20 14:45:31,443 [Thread-22] INFO  server.RaftServer$Division (RaftServerImpl.java:requestVote(1152)) - s1@group-AD521306E148: receive requestVote(PRE_VOTE, s4, group-AD521306E148, 1, (t:1, i:0))
2022-06-20 14:45:31,443 [Thread-22] INFO  impl.VoteContext (VoteContext.java:log(48)) - s1@group-AD521306E148-FOLLOWER: reject PRE_VOTE from s4: this server is a follower and still has a valid leader s0
2022-06-20 14:45:31,443 [Thread-28] INFO  server.RaftServer$Division (RaftServerImpl.java:requestVote(1184)) - s2@group-AD521306E148 replies to PRE_VOTE vote request: s4<-s2#0:FAIL-t1. Peer's state: s2@group-AD521306E148:t1, leader=s0, voted=s2, raftlog=s2@group-AD521306E148-SegmentedRaftLog:OPENED:c0, conf=0: [s3|rpc:localhost:40171|admin:localhost:41625|client:localhost:33977|dataStream:localhost:44013|priority:0, s4|rpc:localhost:33595|admin:localhost:33437|client:localhost:36325|dataStream:localhost:46195|priority:0, s0|rpc:localhost:37803|admin:localhost:43483|client:localhost:45147|dataStream:localhost:37009|priority:0, s1|rpc:localhost:40679|admin:localhost:39243|client:localhost:35827|dataStream:localhost:36929|priority:0, s2|rpc:localhost:40201|admin:localhost:35363|client:localhost:39699|dataStream:localhost:40971|priority:0], old=null
2022-06-20 14:45:31,443 [Thread-22] INFO  server.RaftServer$Division (RaftServerImpl.java:requestVote(1184)) - s1@group-AD521306E148 replies to PRE_VOTE vote request: s4<-s1#0:FAIL-t1. Peer's state: s1@group-AD521306E148:t1, leader=s0, voted=s0, raftlog=s1@group-AD521306E148-SegmentedRaftLog:OPENED:c0, conf=0: [s3|rpc:localhost:40171|admin:localhost:41625|client:localhost:33977|dataStream:localhost:44013|priority:0, s4|rpc:localhost:33595|admin:localhost:33437|client:localhost:36325|dataStream:localhost:46195|priority:0, s0|rpc:localhost:37803|admin:localhost:43483|client:localhost:45147|dataStream:localhost:37009|priority:0, s1|rpc:localhost:40679|admin:localhost:39243|client:localhost:35827|dataStream:localhost:36929|priority:0, s2|rpc:localhost:40201|admin:localhost:35363|client:localhost:39699|dataStream:localhost:40971|priority:0], old=null
2022-06-20 14:45:31,443 [s4@group-AD521306E148-LeaderElection21] INFO  impl.LeaderElection (LeaderElection.java:logAndReturn(90)) - s4@group-AD521306E148-LeaderElection21: PRE_VOTE REJECTED received 3 response(s) and 0 exception(s):
2022-06-20 14:45:31,444 [s4@group-AD521306E148-LeaderElection21] INFO  impl.LeaderElection (LeaderElection.java:logAndReturn(94)) -   Response 0: s4<-s3#0:FAIL-t1
2022-06-20 14:45:31,444 [s4@group-AD521306E148-LeaderElection21] INFO  impl.LeaderElection (LeaderElection.java:logAndReturn(94)) -   Response 1: s4<-s0#0:FAIL-t1
2022-06-20 14:45:31,444 [s4@group-AD521306E148-LeaderElection21] INFO  impl.LeaderElection (LeaderElection.java:logAndReturn(94)) -   Response 2: s4<-s2#0:FAIL-t1
2022-06-20 14:45:31,444 [s4@group-AD521306E148-LeaderElection21] INFO  impl.LeaderElection (LeaderElection.java:askForVotes(312)) - s4@group-AD521306E148-LeaderElection21 PRE_VOTE round 0: result REJECTED
2022-06-20 14:45:31,444 [s4@group-AD521306E148-LeaderElection21] INFO  server.RaftServer$Division (RaftServerImpl.java:setRole(299)) - s4@group-AD521306E148: changes role from CANDIDATE to FOLLOWER at term 1 for REJECTED
2022-06-20 14:45:31,444 [s4@group-AD521306E148-LeaderElection21] INFO  impl.RoleInfo (RoleInfo.java:shutdownLeaderElection(130)) - s4: shutdown s4@group-AD521306E148-LeaderElection21
2022-06-20 14:45:31,444 [s4@group-AD521306E148-LeaderElection21] INFO  impl.RoleInfo (RoleInfo.java:updateAndGet(139)) - s4: start s4@group-AD521306E148-FollowerState
2022-06-20 14:45:31,623 [s4@group-AD521306E148-FollowerState] INFO  impl.FollowerState (FollowerState.java:run(143)) - s4@group-AD521306E148-FollowerState: change to CANDIDATE, lastRpcElapsedTime:178121804ns, electionTimeout:172ms
2022-06-20 14:45:31,623 [s4@group-AD521306E148-FollowerState] INFO  impl.RoleInfo (RoleInfo.java:shutdownFollowerState(110)) - s4: shutdown s4@group-AD521306E148-FollowerState
2022-06-20 14:45:31,623 [s4@group-AD521306E148-FollowerState] INFO  server.RaftServer$Division (RaftServerImpl.java:setRole(299)) - s4@group-AD521306E148: changes role from  FOLLOWER to CANDIDATE at term 1 for changeToCandidate
2022-06-20 14:45:31,623 [s4@group-AD521306E148-FollowerState] INFO  server.RaftServerConfigKeys (ConfUtils.java:logGet(46)) - raft.server.leaderelection.pre-vote = true (default)
2022-06-20 14:45:31,623 [s4@group-AD521306E148-FollowerState] INFO  impl.RoleInfo (RoleInfo.java:updateAndGet(139)) - s4: start s4@group-AD521306E148-LeaderElection22
2022-06-20 14:45:31,624 [s4@group-AD521306E148-LeaderElection22] INFO  impl.LeaderElection (LeaderElection.java:askForVotes(310)) - s4@group-AD521306E148-LeaderElection22 PRE_VOTE round 0: submit vote requests at term 1 for 0: [s3|rpc:localhost:40171|admin:localhost:41625|client:localhost:33977|dataStream:localhost:44013|priority:0, s4|rpc:localhost:33595|admin:localhost:33437|client:localhost:36325|dataStream:localhost:46195|priority:0, s0|rpc:localhost:37803|admin:localhost:43483|client:localhost:45147|dataStream:localhost:37009|priority:0, s1|rpc:localhost:40679|admin:localhost:39243|client:localhost:35827|dataStream:localhost:36929|priority:0, s2|rpc:localhost:40201|admin:localhost:35363|client:localhost:39699|dataStream:localhost:40971|priority:0], old=null
2022-06-20 14:45:31,625 [Thread-1] INFO  server.RaftServer$Division (RaftServerImpl.java:requestVote(1152)) - s3@group-AD521306E148: receive requestVote(PRE_VOTE, s4, group-AD521306E148, 1, (t:1, i:0))
2022-06-20 14:45:31,625 [Thread-1] INFO  impl.VoteContext (VoteContext.java:log(48)) - s3@group-AD521306E148-FOLLOWER: reject PRE_VOTE from s4: this server is a follower and still has a valid leader s0
2022-06-20 14:45:31,625 [Thread-1] INFO  server.RaftServer$Division (RaftServerImpl.java:requestVote(1184)) - s3@group-AD521306E148 replies to PRE_VOTE vote request: s4<-s3#0:FAIL-t1. Peer's state: s3@group-AD521306E148:t1, leader=s0, voted=s2, raftlog=s3@group-AD521306E148-SegmentedRaftLog:OPENED:c0, conf=0: [s3|rpc:localhost:40171|admin:localhost:41625|client:localhost:33977|dataStream:localhost:44013|priority:0, s4|rpc:localhost:33595|admin:localhost:33437|client:localhost:36325|dataStream:localhost:46195|priority:0, s0|rpc:localhost:37803|admin:localhost:43483|client:localhost:45147|dataStream:localhost:37009|priority:0, s1|rpc:localhost:40679|admin:localhost:39243|client:localhost:35827|dataStream:localhost:36929|priority:0, s2|rpc:localhost:40201|admin:localhost:35363|client:localhost:39699|dataStream:localhost:40971|priority:0], old=null
2022-06-20 14:45:31,625 [Thread-22] INFO  server.RaftServer$Division (RaftServerImpl.java:requestVote(1152)) - s1@group-AD521306E148: receive requestVote(PRE_VOTE, s4, group-AD521306E148, 1, (t:1, i:0))
2022-06-20 14:45:31,625 [Thread-22] INFO  impl.VoteContext (VoteContext.java:log(48)) - s1@group-AD521306E148-FOLLOWER: reject PRE_VOTE from s4: this server is a follower and still has a valid leader s0
2022-06-20 14:45:31,625 [Thread-22] INFO  server.RaftServer$Division (RaftServerImpl.java:requestVote(1184)) - s1@group-AD521306E148 replies to PRE_VOTE vote request: s4<-s1#0:FAIL-t1. Peer's state: s1@group-AD521306E148:t1, leader=s0, voted=s0, raftlog=s1@group-AD521306E148-SegmentedRaftLog:OPENED:c0, conf=0: [s3|rpc:localhost:40171|admin:localhost:41625|client:localhost:33977|dataStream:localhost:44013|priority:0, s4|rpc:localhost:33595|admin:localhost:33437|client:localhost:36325|dataStream:localhost:46195|priority:0, s0|rpc:localhost:37803|admin:localhost:43483|client:localhost:45147|dataStream:localhost:37009|priority:0, s1|rpc:localhost:40679|admin:localhost:39243|client:localhost:35827|dataStream:localhost:36929|priority:0, s2|rpc:localhost:40201|admin:localhost:35363|client:localhost:39699|dataStream:localhost:40971|priority:0], old=null
2022-06-20 14:45:31,625 [Thread-8] INFO  server.RaftServer$Division (RaftServerImpl.java:setRole(299)) - s4@group-AD521306E148: changes role from CANDIDATE to FOLLOWER at term 1 for appendEntries
2022-06-20 14:45:31,625 [Thread-8] INFO  impl.RoleInfo (RoleInfo.java:shutdownLeaderElection(130)) - s4: shutdown s4@group-AD521306E148-LeaderElection22
2022-06-20 14:45:31,626 [Thread-8] INFO  impl.RoleInfo (RoleInfo.java:updateAndGet(139)) - s4: start s4@group-AD521306E148-FollowerState
2022-06-20 14:45:31,626 [Thread-28] INFO  server.RaftServer$Division (RaftServerImpl.java:requestVote(1152)) - s2@group-AD521306E148: receive requestVote(PRE_VOTE, s4, group-AD521306E148, 1, (t:1, i:0))
2022-06-20 14:45:31,626 [Thread-15] INFO  server.RaftServer$Division (RaftServerImpl.java:requestVote(1152)) - s0@group-AD521306E148: receive requestVote(PRE_VOTE, s4, group-AD521306E148, 1, (t:1, i:0))
2022-06-20 14:45:31,626 [Thread-15] INFO  impl.VoteContext (VoteContext.java:log(48)) - s0@group-AD521306E148-LEADER: reject PRE_VOTE from s4: this server is the leader and still has leadership
2022-06-20 14:45:31,626 [Thread-15] INFO  server.RaftServer$Division (RaftServerImpl.java:requestVote(1184)) - s0@group-AD521306E148 replies to PRE_VOTE vote request: s4<-s0#0:FAIL-t1. Peer's state: s0@group-AD521306E148:t1, leader=s0, voted=s0, raftlog=s0@group-AD521306E148-SegmentedRaftLog:OPENED:c0, conf=0: [s3|rpc:localhost:40171|admin:localhost:41625|client:localhost:33977|dataStream:localhost:44013|priority:0, s4|rpc:localhost:33595|admin:localhost:33437|client:localhost:36325|dataStream:localhost:46195|priority:0, s0|rpc:localhost:37803|admin:localhost:43483|client:localhost:45147|dataStream:localhost:37009|priority:0, s1|rpc:localhost:40679|admin:localhost:39243|client:localhost:35827|dataStream:localhost:36929|priority:0, s2|rpc:localhost:40201|admin:localhost:35363|client:localhost:39699|dataStream:localhost:40971|priority:0], old=null
2022-06-20 14:45:31,626 [Thread-28] INFO  impl.VoteContext (VoteContext.java:log(48)) - s2@group-AD521306E148-FOLLOWER: reject PRE_VOTE from s4: this server is a follower and still has a valid leader s0
2022-06-20 14:45:31,626 [Thread-28] INFO  server.RaftServer$Division (RaftServerImpl.java:requestVote(1184)) - s2@group-AD521306E148 replies to PRE_VOTE vote request: s4<-s2#0:FAIL-t1. Peer's state: s2@group-AD521306E148:t1, leader=s0, voted=s2, raftlog=s2@group-AD521306E148-SegmentedRaftLog:OPENED:c0, conf=0: [s3|rpc:localhost:40171|admin:localhost:41625|client:localhost:33977|dataStream:localhost:44013|priority:0, s4|rpc:localhost:33595|admin:localhost:33437|client:localhost:36325|dataStream:localhost:46195|priority:0, s0|rpc:localhost:37803|admin:localhost:43483|client:localhost:45147|dataStream:localhost:37009|priority:0, s1|rpc:localhost:40679|admin:localhost:39243|client:localhost:35827|dataStream:localhost:36929|priority:0, s2|rpc:localhost:40201|admin:localhost:35363|client:localhost:39699|dataStream:localhost:40971|priority:0], old=null
2022-06-20 14:45:31,632 [Thread-8] INFO  server.RaftServer$Division (ServerState.java:setLeader(291)) - s4@group-AD521306E148: change Leader from null to s0 at term 1 for appendEntries, leader elected after 194ms
2022-06-20 14:45:31,632 [s4@group-AD521306E148-LeaderElection22] INFO  impl.LeaderElection (LeaderElection.java:logAndReturn(90)) - s4@group-AD521306E148-LeaderElection22: PRE_VOTE REJECTED received 2 response(s) and 0 exception(s):
2022-06-20 14:45:31,632 [s4@group-AD521306E148-LeaderElection22] INFO  impl.LeaderElection (LeaderElection.java:logAndReturn(94)) -   Response 0: s4<-s3#0:FAIL-t1
2022-06-20 14:45:31,632 [s4@group-AD521306E148-LeaderElection22] INFO  impl.LeaderElection (LeaderElection.java:logAndReturn(94)) -   Response 1: s4<-s2#0:FAIL-t1
2022-06-20 14:45:31,632 [s4@group-AD521306E148-LeaderElection22] INFO  impl.LeaderElection (LeaderElection.java:askForVotes(312)) - s4@group-AD521306E148-LeaderElection22 PRE_VOTE round 0: result REJECTED
2022-06-20 14:45:31,886 [Time-limited test] INFO  simulation.TestLeaderElectionWithSimulatedRpc (LeaderElectionTests.java:enforceLeader(243)) - try enforcing leader to s4 but new leader is s0
2022-06-20 14:45:31,887 [Time-limited test] INFO  server.RaftServerConfigKeys (ConfUtils.java:logGet(46)) - raft.server.rpc.timeout.max = 300ms (default)
2022-06-20 14:45:32,104 [s2@group-AD521306E148-FollowerState] INFO  impl.FollowerState (FollowerState.java:run(143)) - s2@group-AD521306E148-FollowerState: change to CANDIDATE, lastRpcElapsedTime:223718806ns, electionTimeout:182ms
2022-06-20 14:45:32,105 [s2@group-AD521306E148-FollowerState] INFO  impl.RoleInfo (RoleInfo.java:shutdownFollowerState(110)) - s2: shutdown s2@group-AD521306E148-FollowerState
2022-06-20 14:45:32,105 [s2@group-AD521306E148-FollowerState] INFO  server.RaftServer$Division (RaftServerImpl.java:setRole(299)) - s2@group-AD521306E148: changes role from  FOLLOWER to CANDIDATE at term 1 for changeToCandidate
2022-06-20 14:45:32,105 [s2@group-AD521306E148-FollowerState] INFO  server.RaftServerConfigKeys (ConfUtils.java:logGet(46)) - raft.server.leaderelection.pre-vote = true (default)
2022-06-20 14:45:32,105 [s2@group-AD521306E148-FollowerState] INFO  impl.RoleInfo (RoleInfo.java:updateAndGet(139)) - s2: start s2@group-AD521306E148-LeaderElection23
2022-06-20 14:45:32,106 [s2@group-AD521306E148-LeaderElection23] INFO  server.RaftServer$Division (ServerState.java:setLeader(291)) - s2@group-AD521306E148: change Leader from s0 to null at term 1 for PRE_VOTE
2022-06-20 14:45:32,106 [s2@group-AD521306E148-LeaderElection23] INFO  impl.LeaderElection (LeaderElection.java:askForVotes(310)) - s2@group-AD521306E148-LeaderElection23 PRE_VOTE round 0: submit vote requests at term 1 for 0: [s3|rpc:localhost:40171|admin:localhost:41625|client:localhost:33977|dataStream:localhost:44013|priority:0, s4|rpc:localhost:33595|admin:localhost:33437|client:localhost:36325|dataStream:localhost:46195|priority:0, s0|rpc:localhost:37803|admin:localhost:43483|client:localhost:45147|dataStream:localhost:37009|priority:0, s1|rpc:localhost:40679|admin:localhost:39243|client:localhost:35827|dataStream:localhost:36929|priority:0, s2|rpc:localhost:40201|admin:localhost:35363|client:localhost:39699|dataStream:localhost:40971|priority:0], old=null
2022-06-20 14:45:32,106 [Thread-29] INFO  server.RaftServer$Division (RaftServerImpl.java:setRole(299)) - s2@group-AD521306E148: changes role from CANDIDATE to FOLLOWER at term 1 for appendEntries
2022-06-20 14:45:32,106 [Thread-29] INFO  impl.RoleInfo (RoleInfo.java:shutdownLeaderElection(130)) - s2: shutdown s2@group-AD521306E148-LeaderElection23
2022-06-20 14:45:32,107 [Thread-29] INFO  impl.RoleInfo (RoleInfo.java:updateAndGet(139)) - s2: start s2@group-AD521306E148-FollowerState
2022-06-20 14:45:32,107 [Thread-29] INFO  server.RaftServer$Division (ServerState.java:setLeader(291)) - s2@group-AD521306E148: change Leader from null to s0 at term 1 for appendEntries, leader elected after 1ms
2022-06-20 14:45:32,256 [Thread-1] INFO  server.RaftServer$Division (RaftServerImpl.java:requestVote(1152)) - s3@group-AD521306E148: receive requestVote(PRE_VOTE, s2, group-AD521306E148, 1, (t:1, i:0))
2022-06-20 14:45:32,256 [Thread-1] INFO  impl.VoteContext (VoteContext.java:log(48)) - s3@group-AD521306E148-FOLLOWER: reject PRE_VOTE from s2: this server is a follower and still has a valid leader s0
2022-06-20 14:45:32,257 [Thread-1] INFO  server.RaftServer$Division (RaftServerImpl.java:requestVote(1184)) - s3@group-AD521306E148 replies to PRE_VOTE vote request: s2<-s3#0:FAIL-t1. Peer's state: s3@group-AD521306E148:t1, leader=s0, voted=s2, raftlog=s3@group-AD521306E148-SegmentedRaftLog:OPENED:c0, conf=0: [s3|rpc:localhost:40171|admin:localhost:41625|client:localhost:33977|dataStream:localhost:44013|priority:0, s4|rpc:localhost:33595|admin:localhost:33437|client:localhost:36325|dataStream:localhost:46195|priority:0, s0|rpc:localhost:37803|admin:localhost:43483|client:localhost:45147|dataStream:localhost:37009|priority:0, s1|rpc:localhost:40679|admin:localhost:39243|client:localhost:35827|dataStream:localhost:36929|priority:0, s2|rpc:localhost:40201|admin:localhost:35363|client:localhost:39699|dataStream:localhost:40971|priority:0], old=null
2022-06-20 14:45:32,257 [Thread-14] INFO  server.RaftServer$Division (RaftServerImpl.java:requestVote(1152)) - s0@group-AD521306E148: receive requestVote(PRE_VOTE, s2, group-AD521306E148, 1, (t:1, i:0))
2022-06-20 14:45:32,257 [s2@group-AD521306E148-LeaderElection23] INFO  impl.LeaderElection (LeaderElection.java:logAndReturn(90)) - s2@group-AD521306E148-LeaderElection23: PRE_VOTE REJECTED received 1 response(s) and 0 exception(s):
2022-06-20 14:45:32,257 [s2@group-AD521306E148-LeaderElection23] INFO  impl.LeaderElection (LeaderElection.java:logAndReturn(94)) -   Response 0: s2<-s3#0:FAIL-t1
2022-06-20 14:45:32,257 [Thread-14] INFO  impl.VoteContext (VoteContext.java:log(48)) - s0@group-AD521306E148-LEADER: reject PRE_VOTE from s2: this server is the leader and still has leadership
2022-06-20 14:45:32,257 [Thread-14] INFO  server.RaftServer$Division (RaftServerImpl.java:requestVote(1184)) - s0@group-AD521306E148 replies to PRE_VOTE vote request: s2<-s0#0:FAIL-t1. Peer's state: s0@group-AD521306E148:t1, leader=s0, voted=s0, raftlog=s0@group-AD521306E148-SegmentedRaftLog:OPENED:c0, conf=0: [s3|rpc:localhost:40171|admin:localhost:41625|client:localhost:33977|dataStream:localhost:44013|priority:0, s4|rpc:localhost:33595|admin:localhost:33437|client:localhost:36325|dataStream:localhost:46195|priority:0, s0|rpc:localhost:37803|admin:localhost:43483|client:localhost:45147|dataStream:localhost:37009|priority:0, s1|rpc:localhost:40679|admin:localhost:39243|client:localhost:35827|dataStream:localhost:36929|priority:0, s2|rpc:localhost:40201|admin:localhost:35363|client:localhost:39699|dataStream:localhost:40971|priority:0], old=null
2022-06-20 14:45:32,257 [Thread-22] INFO  server.RaftServer$Division (RaftServerImpl.java:requestVote(1152)) - s1@group-AD521306E148: receive requestVote(PRE_VOTE, s2, group-AD521306E148, 1, (t:1, i:0))
2022-06-20 14:45:32,257 [Thread-22] INFO  impl.VoteContext (VoteContext.java:log(48)) - s1@group-AD521306E148-FOLLOWER: reject PRE_VOTE from s2: this server is a follower and still has a valid leader s0
2022-06-20 14:45:32,257 [Thread-22] INFO  server.RaftServer$Division (RaftServerImpl.java:requestVote(1184)) - s1@group-AD521306E148 replies to PRE_VOTE vote request: s2<-s1#0:FAIL-t1. Peer's state: s1@group-AD521306E148:t1, leader=s0, voted=s0, raftlog=s1@group-AD521306E148-SegmentedRaftLog:OPENED:c0, conf=0: [s3|rpc:localhost:40171|admin:localhost:41625|client:localhost:33977|dataStream:localhost:44013|priority:0, s4|rpc:localhost:33595|admin:localhost:33437|client:localhost:36325|dataStream:localhost:46195|priority:0, s0|rpc:localhost:37803|admin:localhost:43483|client:localhost:45147|dataStream:localhost:37009|priority:0, s1|rpc:localhost:40679|admin:localhost:39243|client:localhost:35827|dataStream:localhost:36929|priority:0, s2|rpc:localhost:40201|admin:localhost:35363|client:localhost:39699|dataStream:localhost:40971|priority:0], old=null
2022-06-20 14:45:32,257 [s2@group-AD521306E148-LeaderElection23] INFO  impl.LeaderElection (LeaderElection.java:askForVotes(312)) - s2@group-AD521306E148-LeaderElection23 PRE_VOTE round 0: result REJECTED
2022-06-20 14:45:32,275 [s4@group-AD521306E148-FollowerState] INFO  impl.FollowerState (FollowerState.java:run(143)) - s4@group-AD521306E148-FollowerState: change to CANDIDATE, lastRpcElapsedTime:414845960ns, electionTimeout:158ms
2022-06-20 14:45:32,275 [s4@group-AD521306E148-FollowerState] INFO  impl.RoleInfo (RoleInfo.java:shutdownFollowerState(110)) - s4: shutdown s4@group-AD521306E148-FollowerState
2022-06-20 14:45:32,276 [s4@group-AD521306E148-FollowerState] INFO  server.RaftServer$Division (RaftServerImpl.java:setRole(299)) - s4@group-AD521306E148: changes role from  FOLLOWER to CANDIDATE at term 1 for changeToCandidate
2022-06-20 14:45:32,276 [s4@group-AD521306E148-FollowerState] INFO  server.RaftServerConfigKeys (ConfUtils.java:logGet(46)) - raft.server.leaderelection.pre-vote = true (default)
2022-06-20 14:45:32,276 [s4@group-AD521306E148-FollowerState] INFO  impl.RoleInfo (RoleInfo.java:updateAndGet(139)) - s4: start s4@group-AD521306E148-LeaderElection24
2022-06-20 14:45:32,276 [s4@group-AD521306E148-LeaderElection24] INFO  server.RaftServer$Division (ServerState.java:setLeader(291)) - s4@group-AD521306E148: change Leader from s0 to null at term 1 for PRE_VOTE
2022-06-20 14:45:32,276 [s4@group-AD521306E148-LeaderElection24] INFO  impl.LeaderElection (LeaderElection.java:askForVotes(310)) - s4@group-AD521306E148-LeaderElection24 PRE_VOTE round 0: submit vote requests at term 1 for 0: [s3|rpc:localhost:40171|admin:localhost:41625|client:localhost:33977|dataStream:localhost:44013|priority:0, s4|rpc:localhost:33595|admin:localhost:33437|client:localhost:36325|dataStream:localhost:46195|priority:0, s0|rpc:localhost:37803|admin:localhost:43483|client:localhost:45147|dataStream:localhost:37009|priority:0, s1|rpc:localhost:40679|admin:localhost:39243|client:localhost:35827|dataStream:localhost:36929|priority:0, s2|rpc:localhost:40201|admin:localhost:35363|client:localhost:39699|dataStream:localhost:40971|priority:0], old=null
2022-06-20 14:45:32,337 [Time-limited test] INFO  server.RaftServerConfigKeys (ConfUtils.java:logGet(46)) - raft.server.rpc.timeout.max = 300ms (default)
2022-06-20 14:45:32,406 [Thread-7] INFO  server.RaftServer$Division (RaftServerImpl.java:requestVote(1152)) - s4@group-AD521306E148: receive requestVote(PRE_VOTE, s2, group-AD521306E148, 1, (t:1, i:0))
2022-06-20 14:45:32,407 [Thread-7] INFO  impl.VoteContext (VoteContext.java:log(48)) - s4@group-AD521306E148-CANDIDATE: accept PRE_VOTE from s2: our priority 0 <= candidate's priority 0
2022-06-20 14:45:32,407 [Thread-7] INFO  server.RaftServer$Division (RaftServerImpl.java:requestVote(1184)) - s4@group-AD521306E148 replies to PRE_VOTE vote request: s2<-s4#0:OK-t1. Peer's state: s4@group-AD521306E148:t1, leader=null, voted=s0, raftlog=s4@group-AD521306E148-SegmentedRaftLog:OPENED:c0, conf=0: [s3|rpc:localhost:40171|admin:localhost:41625|client:localhost:33977|dataStream:localhost:44013|priority:0, s4|rpc:localhost:33595|admin:localhost:33437|client:localhost:36325|dataStream:localhost:46195|priority:0, s0|rpc:localhost:37803|admin:localhost:43483|client:localhost:45147|dataStream:localhost:37009|priority:0, s1|rpc:localhost:40679|admin:localhost:39243|client:localhost:35827|dataStream:localhost:36929|priority:0, s2|rpc:localhost:40201|admin:localhost:35363|client:localhost:39699|dataStream:localhost:40971|priority:0], old=null
2022-06-20 14:45:32,427 [Thread-2] INFO  server.RaftServer$Division (RaftServerImpl.java:requestVote(1152)) - s3@group-AD521306E148: receive requestVote(PRE_VOTE, s4, group-AD521306E148, 1, (t:1, i:0))
2022-06-20 14:45:32,427 [Thread-2] INFO  impl.VoteContext (VoteContext.java:log(48)) - s3@group-AD521306E148-FOLLOWER: reject PRE_VOTE from s4: this server is a follower and still has a valid leader s0
2022-06-20 14:45:32,427 [Thread-2] INFO  server.RaftServer$Division (RaftServerImpl.java:requestVote(1184)) - s3@group-AD521306E148 replies to PRE_VOTE vote request: s4<-s3#0:FAIL-t1. Peer's state: s3@group-AD521306E148:t1, leader=s0, voted=s2, raftlog=s3@group-AD521306E148-SegmentedRaftLog:OPENED:c0, conf=0: [s3|rpc:localhost:40171|admin:localhost:41625|client:localhost:33977|dataStream:localhost:44013|priority:0, s4|rpc:localhost:33595|admin:localhost:33437|client:localhost:36325|dataStream:localhost:46195|priority:0, s0|rpc:localhost:37803|admin:localhost:43483|client:localhost:45147|dataStream:localhost:37009|priority:0, s1|rpc:localhost:40679|admin:localhost:39243|client:localhost:35827|dataStream:localhost:36929|priority:0, s2|rpc:localhost:40201|admin:localhost:35363|client:localhost:39699|dataStream:localhost:40971|priority:0], old=null
2022-06-20 14:45:32,427 [Thread-23] INFO  server.RaftServer$Division (RaftServerImpl.java:requestVote(1152)) - s1@group-AD521306E148: receive requestVote(PRE_VOTE, s4, group-AD521306E148, 1, (t:1, i:0))
2022-06-20 14:45:32,427 [Thread-30] INFO  server.RaftServer$Division (RaftServerImpl.java:requestVote(1152)) - s2@group-AD521306E148: receive requestVote(PRE_VOTE, s4, group-AD521306E148, 1, (t:1, i:0))
2022-06-20 14:45:32,427 [Thread-23] INFO  impl.VoteContext (VoteContext.java:log(48)) - s1@group-AD521306E148-FOLLOWER: reject PRE_VOTE from s4: this server is a follower and still has a valid leader s0
2022-06-20 14:45:32,427 [Thread-30] INFO  impl.VoteContext (VoteContext.java:log(48)) - s2@group-AD521306E148-FOLLOWER: reject PRE_VOTE from s4: this server is a follower and still has a valid leader s0
2022-06-20 14:45:32,427 [Thread-23] INFO  server.RaftServer$Division (RaftServerImpl.java:requestVote(1184)) - s1@group-AD521306E148 replies to PRE_VOTE vote request: s4<-s1#0:FAIL-t1. Peer's state: s1@group-AD521306E148:t1, leader=s0, voted=s0, raftlog=s1@group-AD521306E148-SegmentedRaftLog:OPENED:c0, conf=0: [s3|rpc:localhost:40171|admin:localhost:41625|client:localhost:33977|dataStream:localhost:44013|priority:0, s4|rpc:localhost:33595|admin:localhost:33437|client:localhost:36325|dataStream:localhost:46195|priority:0, s0|rpc:localhost:37803|admin:localhost:43483|client:localhost:45147|dataStream:localhost:37009|priority:0, s1|rpc:localhost:40679|admin:localhost:39243|client:localhost:35827|dataStream:localhost:36929|priority:0, s2|rpc:localhost:40201|admin:localhost:35363|client:localhost:39699|dataStream:localhost:40971|priority:0], old=null
2022-06-20 14:45:32,427 [Thread-30] INFO  server.RaftServer$Division (RaftServerImpl.java:requestVote(1184)) - s2@group-AD521306E148 replies to PRE_VOTE vote request: s4<-s2#0:FAIL-t1. Peer's state: s2@group-AD521306E148:t1, leader=s0, voted=s2, raftlog=s2@group-AD521306E148-SegmentedRaftLog:OPENED:c0, conf=0: [s3|rpc:localhost:40171|admin:localhost:41625|client:localhost:33977|dataStream:localhost:44013|priority:0, s4|rpc:localhost:33595|admin:localhost:33437|client:localhost:36325|dataStream:localhost:46195|priority:0, s0|rpc:localhost:37803|admin:localhost:43483|client:localhost:45147|dataStream:localhost:37009|priority:0, s1|rpc:localhost:40679|admin:localhost:39243|client:localhost:35827|dataStream:localhost:36929|priority:0, s2|rpc:localhost:40201|admin:localhost:35363|client:localhost:39699|dataStream:localhost:40971|priority:0], old=null
2022-06-20 14:45:32,427 [Thread-16] INFO  server.RaftServer$Division (RaftServerImpl.java:requestVote(1152)) - s0@group-AD521306E148: receive requestVote(PRE_VOTE, s4, group-AD521306E148, 1, (t:1, i:0))
2022-06-20 14:45:32,427 [Thread-16] INFO  impl.VoteContext (VoteContext.java:log(48)) - s0@group-AD521306E148-LEADER: reject PRE_VOTE from s4: this server is the leader and still has leadership
2022-06-20 14:45:32,427 [s4@group-AD521306E148-LeaderElection24] INFO  impl.LeaderElection (LeaderElection.java:logAndReturn(90)) - s4@group-AD521306E148-LeaderElection24: PRE_VOTE REJECTED received 3 response(s) and 0 exception(s):
2022-06-20 14:45:32,428 [s4@group-AD521306E148-LeaderElection24] INFO  impl.LeaderElection (LeaderElection.java:logAndReturn(94)) -   Response 0: s4<-s3#0:FAIL-t1
2022-06-20 14:45:32,428 [s4@group-AD521306E148-LeaderElection24] INFO  impl.LeaderElection (LeaderElection.java:logAndReturn(94)) -   Response 1: s4<-s1#0:FAIL-t1
2022-06-20 14:45:32,428 [Thread-16] INFO  server.RaftServer$Division (RaftServerImpl.java:requestVote(1184)) - s0@group-AD521306E148 replies to PRE_VOTE vote request: s4<-s0#0:FAIL-t1. Peer's state: s0@group-AD521306E148:t1, leader=s0, voted=s0, raftlog=s0@group-AD521306E148-SegmentedRaftLog:OPENED:c0, conf=0: [s3|rpc:localhost:40171|admin:localhost:41625|client:localhost:33977|dataStream:localhost:44013|priority:0, s4|rpc:localhost:33595|admin:localhost:33437|client:localhost:36325|dataStream:localhost:46195|priority:0, s0|rpc:localhost:37803|admin:localhost:43483|client:localhost:45147|dataStream:localhost:37009|priority:0, s1|rpc:localhost:40679|admin:localhost:39243|client:localhost:35827|dataStream:localhost:36929|priority:0, s2|rpc:localhost:40201|admin:localhost:35363|client:localhost:39699|dataStream:localhost:40971|priority:0], old=null
2022-06-20 14:45:32,428 [s4@group-AD521306E148-LeaderElection24] INFO  impl.LeaderElection (LeaderElection.java:logAndReturn(94)) -   Response 2: s4<-s2#0:FAIL-t1
2022-06-20 14:45:32,428 [s4@group-AD521306E148-LeaderElection24] INFO  impl.LeaderElection (LeaderElection.java:askForVotes(312)) - s4@group-AD521306E148-LeaderElection24 PRE_VOTE round 0: result REJECTED
2022-06-20 14:45:32,428 [s4@group-AD521306E148-LeaderElection24] INFO  server.RaftServer$Division (RaftServerImpl.java:setRole(299)) - s4@group-AD521306E148: changes role from CANDIDATE to FOLLOWER at term 1 for REJECTED
2022-06-20 14:45:32,428 [s4@group-AD521306E148-LeaderElection24] INFO  impl.RoleInfo (RoleInfo.java:shutdownLeaderElection(130)) - s4: shutdown s4@group-AD521306E148-LeaderElection24
2022-06-20 14:45:32,428 [s4@group-AD521306E148-LeaderElection24] INFO  impl.RoleInfo (RoleInfo.java:updateAndGet(139)) - s4: start s4@group-AD521306E148-FollowerState
2022-06-20 14:45:32,536 [Thread-9] INFO  server.RaftServer$Division (ServerState.java:setLeader(291)) - s4@group-AD521306E148: change Leader from null to s0 at term 1 for appendEntries, leader elected after 260ms
2022-06-20 14:45:32,788 [Time-limited test] INFO  simulation.TestLeaderElectionWithSimulatedRpc (LeaderElectionTests.java:enforceLeader(243)) - try enforcing leader to s4 but new leader is s0
2022-06-20 14:45:32,788 [Time-limited test] INFO  server.RaftServerConfigKeys (ConfUtils.java:logGet(46)) - raft.server.rpc.timeout.max = 300ms (default)
2022-06-20 14:45:33,108 [s4@group-AD521306E148-FollowerState] INFO  impl.FollowerState (FollowerState.java:run(143)) - s4@group-AD521306E148-FollowerState: change to CANDIDATE, lastRpcElapsedTime:342722124ns, electionTimeout:222ms
2022-06-20 14:45:33,108 [s4@group-AD521306E148-FollowerState] INFO  impl.RoleInfo (RoleInfo.java:shutdownFollowerState(110)) - s4: shutdown s4@group-AD521306E148-FollowerState
2022-06-20 14:45:33,108 [s4@group-AD521306E148-FollowerState] INFO  server.RaftServer$Division (RaftServerImpl.java:setRole(299)) - s4@group-AD521306E148: changes role from  FOLLOWER to CANDIDATE at term 1 for changeToCandidate
2022-06-20 14:45:33,108 [s4@group-AD521306E148-FollowerState] INFO  server.RaftServerConfigKeys (ConfUtils.java:logGet(46)) - raft.server.leaderelection.pre-vote = true (default)
2022-06-20 14:45:33,108 [s4@group-AD521306E148-FollowerState] INFO  impl.RoleInfo (RoleInfo.java:updateAndGet(139)) - s4: start s4@group-AD521306E148-LeaderElection25
2022-06-20 14:45:33,109 [s4@group-AD521306E148-LeaderElection25] INFO  server.RaftServer$Division (ServerState.java:setLeader(291)) - s4@group-AD521306E148: change Leader from s0 to null at term 1 for PRE_VOTE
2022-06-20 14:45:33,109 [s4@group-AD521306E148-LeaderElection25] INFO  impl.LeaderElection (LeaderElection.java:askForVotes(310)) - s4@group-AD521306E148-LeaderElection25 PRE_VOTE round 0: submit vote requests at term 1 for 0: [s3|rpc:localhost:40171|admin:localhost:41625|client:localhost:33977|dataStream:localhost:44013|priority:0, s4|rpc:localhost:33595|admin:localhost:33437|client:localhost:36325|dataStream:localhost:46195|priority:0, s0|rpc:localhost:37803|admin:localhost:43483|client:localhost:45147|dataStream:localhost:37009|priority:0, s1|rpc:localhost:40679|admin:localhost:39243|client:localhost:35827|dataStream:localhost:36929|priority:0, s2|rpc:localhost:40201|admin:localhost:35363|client:localhost:39699|dataStream:localhost:40971|priority:0], old=null
2022-06-20 14:45:33,238 [Time-limited test] INFO  server.RaftServerConfigKeys (ConfUtils.java:logGet(46)) - raft.server.rpc.timeout.max = 300ms (default)
2022-06-20 14:45:33,259 [Thread-0] INFO  server.RaftServer$Division (RaftServerImpl.java:requestVote(1152)) - s3@group-AD521306E148: receive requestVote(PRE_VOTE, s4, group-AD521306E148, 1, (t:1, i:0))
2022-06-20 14:45:33,259 [Thread-0] INFO  impl.VoteContext (VoteContext.java:log(48)) - s3@group-AD521306E148-FOLLOWER: reject PRE_VOTE from s4: this server is a follower and still has a valid leader s0
2022-06-20 14:45:33,259 [Thread-21] INFO  server.RaftServer$Division (RaftServerImpl.java:requestVote(1152)) - s1@group-AD521306E148: receive requestVote(PRE_VOTE, s4, group-AD521306E148, 1, (t:1, i:0))
2022-06-20 14:45:33,259 [Thread-15] INFO  server.RaftServer$Division (RaftServerImpl.java:requestVote(1152)) - s0@group-AD521306E148: receive requestVote(PRE_VOTE, s4, group-AD521306E148, 1, (t:1, i:0))
2022-06-20 14:45:33,260 [Thread-28] INFO  server.RaftServer$Division (RaftServerImpl.java:requestVote(1152)) - s2@group-AD521306E148: receive requestVote(PRE_VOTE, s4, group-AD521306E148, 1, (t:1, i:0))
2022-06-20 14:45:33,260 [Thread-28] INFO  impl.VoteContext (VoteContext.java:log(48)) - s2@group-AD521306E148-FOLLOWER: reject PRE_VOTE from s4: this server is a follower and still has a valid leader s0
2022-06-20 14:45:33,260 [Thread-28] INFO  server.RaftServer$Division (RaftServerImpl.java:requestVote(1184)) - s2@group-AD521306E148 replies to PRE_VOTE vote request: s4<-s2#0:FAIL-t1. Peer's state: s2@group-AD521306E148:t1, leader=s0, voted=s2, raftlog=s2@group-AD521306E148-SegmentedRaftLog:OPENED:c0, conf=0: [s3|rpc:localhost:40171|admin:localhost:41625|client:localhost:33977|dataStream:localhost:44013|priority:0, s4|rpc:localhost:33595|admin:localhost:33437|client:localhost:36325|dataStream:localhost:46195|priority:0, s0|rpc:localhost:37803|admin:localhost:43483|client:localhost:45147|dataStream:localhost:37009|priority:0, s1|rpc:localhost:40679|admin:localhost:39243|client:localhost:35827|dataStream:localhost:36929|priority:0, s2|rpc:localhost:40201|admin:localhost:35363|client:localhost:39699|dataStream:localhost:40971|priority:0], old=null
2022-06-20 14:45:33,260 [Thread-21] INFO  impl.VoteContext (VoteContext.java:log(48)) - s1@group-AD521306E148-FOLLOWER: reject PRE_VOTE from s4: this server is a follower and still has a valid leader s0
2022-06-20 14:45:33,260 [Thread-21] INFO  server.RaftServer$Division (RaftServerImpl.java:requestVote(1184)) - s1@group-AD521306E148 replies to PRE_VOTE vote request: s4<-s1#0:FAIL-t1. Peer's state: s1@group-AD521306E148:t1, leader=s0, voted=s0, raftlog=s1@group-AD521306E148-SegmentedRaftLog:OPENED:c0, conf=0: [s3|rpc:localhost:40171|admin:localhost:41625|client:localhost:33977|dataStream:localhost:44013|priority:0, s4|rpc:localhost:33595|admin:localhost:33437|client:localhost:36325|dataStream:localhost:46195|priority:0, s0|rpc:localhost:37803|admin:localhost:43483|client:localhost:45147|dataStream:localhost:37009|priority:0, s1|rpc:localhost:40679|admin:localhost:39243|client:localhost:35827|dataStream:localhost:36929|priority:0, s2|rpc:localhost:40201|admin:localhost:35363|client:localhost:39699|dataStream:localhost:40971|priority:0], old=null
2022-06-20 14:45:33,260 [Thread-0] INFO  server.RaftServer$Division (RaftServerImpl.java:requestVote(1184)) - s3@group-AD521306E148 replies to PRE_VOTE vote request: s4<-s3#0:FAIL-t1. Peer's state: s3@group-AD521306E148:t1, leader=s0, voted=s2, raftlog=s3@group-AD521306E148-SegmentedRaftLog:OPENED:c0, conf=0: [s3|rpc:localhost:40171|admin:localhost:41625|client:localhost:33977|dataStream:localhost:44013|priority:0, s4|rpc:localhost:33595|admin:localhost:33437|client:localhost:36325|dataStream:localhost:46195|priority:0, s0|rpc:localhost:37803|admin:localhost:43483|client:localhost:45147|dataStream:localhost:37009|priority:0, s1|rpc:localhost:40679|admin:localhost:39243|client:localhost:35827|dataStream:localhost:36929|priority:0, s2|rpc:localhost:40201|admin:localhost:35363|client:localhost:39699|dataStream:localhost:40971|priority:0], old=null
2022-06-20 14:45:33,260 [s4@group-AD521306E148-LeaderElection25] INFO  impl.LeaderElection (LeaderElection.java:logAndReturn(90)) - s4@group-AD521306E148-LeaderElection25: PRE_VOTE REJECTED received 3 response(s) and 0 exception(s):
2022-06-20 14:45:33,260 [s4@group-AD521306E148-LeaderElection25] INFO  impl.LeaderElection (LeaderElection.java:logAndReturn(94)) -   Response 0: s4<-s3#0:FAIL-t1
2022-06-20 14:45:33,260 [s4@group-AD521306E148-LeaderElection25] INFO  impl.LeaderElection (LeaderElection.java:logAndReturn(94)) -   Response 1: s4<-s1#0:FAIL-t1
2022-06-20 14:45:33,260 [s4@group-AD521306E148-LeaderElection25] INFO  impl.LeaderElection (LeaderElection.java:logAndReturn(94)) -   Response 2: s4<-s2#0:FAIL-t1
2022-06-20 14:45:33,260 [Thread-15] INFO  impl.VoteContext (VoteContext.java:log(48)) - s0@group-AD521306E148-LEADER: reject PRE_VOTE from s4: this server is the leader and still has leadership
2022-06-20 14:45:33,261 [Thread-15] INFO  server.RaftServer$Division (RaftServerImpl.java:requestVote(1184)) - s0@group-AD521306E148 replies to PRE_VOTE vote request: s4<-s0#0:FAIL-t1. Peer's state: s0@group-AD521306E148:t1, leader=s0, voted=s0, raftlog=s0@group-AD521306E148-SegmentedRaftLog:OPENED:c0, conf=0: [s3|rpc:localhost:40171|admin:localhost:41625|client:localhost:33977|dataStream:localhost:44013|priority:0, s4|rpc:localhost:33595|admin:localhost:33437|client:localhost:36325|dataStream:localhost:46195|priority:0, s0|rpc:localhost:37803|admin:localhost:43483|client:localhost:45147|dataStream:localhost:37009|priority:0, s1|rpc:localhost:40679|admin:localhost:39243|client:localhost:35827|dataStream:localhost:36929|priority:0, s2|rpc:localhost:40201|admin:localhost:35363|client:localhost:39699|dataStream:localhost:40971|priority:0], old=null
2022-06-20 14:45:33,261 [s4@group-AD521306E148-LeaderElection25] INFO  impl.LeaderElection (LeaderElection.java:askForVotes(312)) - s4@group-AD521306E148-LeaderElection25 PRE_VOTE round 0: result REJECTED
2022-06-20 14:45:33,261 [s4@group-AD521306E148-LeaderElection25] INFO  server.RaftServer$Division (RaftServerImpl.java:setRole(299)) - s4@group-AD521306E148: changes role from CANDIDATE to FOLLOWER at term 1 for REJECTED
2022-06-20 14:45:33,261 [s4@group-AD521306E148-LeaderElection25] INFO  impl.RoleInfo (RoleInfo.java:shutdownLeaderElection(130)) - s4: shutdown s4@group-AD521306E148-LeaderElection25
2022-06-20 14:45:33,261 [s4@group-AD521306E148-LeaderElection25] INFO  impl.RoleInfo (RoleInfo.java:updateAndGet(139)) - s4: start s4@group-AD521306E148-FollowerState
2022-06-20 14:45:33,441 [Thread-8] INFO  server.RaftServer$Division (ServerState.java:setLeader(291)) - s4@group-AD521306E148: change Leader from null to s0 at term 1 for appendEntries, leader elected after 332ms
2022-06-20 14:45:33,689 [Time-limited test] INFO  simulation.TestLeaderElectionWithSimulatedRpc (LeaderElectionTests.java:enforceLeader(243)) - try enforcing leader to s4 but new leader is s0
2022-06-20 14:45:33,689 [Time-limited test] INFO  server.RaftServerConfigKeys (ConfUtils.java:logGet(46)) - raft.server.rpc.timeout.max = 300ms (default)
2022-06-20 14:45:33,805 [s2@group-AD521306E148-FollowerState] INFO  impl.FollowerState (FollowerState.java:run(143)) - s2@group-AD521306E148-FollowerState: change to CANDIDATE, lastRpcElapsedTime:185316317ns, electionTimeout:163ms
2022-06-20 14:45:33,805 [s2@group-AD521306E148-FollowerState] INFO  impl.RoleInfo (RoleInfo.java:shutdownFollowerState(110)) - s2: shutdown s2@group-AD521306E148-FollowerState
2022-06-20 14:45:33,806 [s2@group-AD521306E148-FollowerState] INFO  server.RaftServer$Division (RaftServerImpl.java:setRole(299)) - s2@group-AD521306E148: changes role from  FOLLOWER to CANDIDATE at term 1 for changeToCandidate
2022-06-20 14:45:33,806 [s2@group-AD521306E148-FollowerState] INFO  server.RaftServerConfigKeys (ConfUtils.java:logGet(46)) - raft.server.leaderelection.pre-vote = true (default)
2022-06-20 14:45:33,806 [s2@group-AD521306E148-FollowerState] INFO  impl.RoleInfo (RoleInfo.java:updateAndGet(139)) - s2: start s2@group-AD521306E148-LeaderElection26
2022-06-20 14:45:33,806 [s2@group-AD521306E148-LeaderElection26] INFO  server.RaftServer$Division (ServerState.java:setLeader(291)) - s2@group-AD521306E148: change Leader from s0 to null at term 1 for PRE_VOTE
2022-06-20 14:45:33,806 [s2@group-AD521306E148-LeaderElection26] INFO  impl.LeaderElection (LeaderElection.java:askForVotes(310)) - s2@group-AD521306E148-LeaderElection26 PRE_VOTE round 0: submit vote requests at term 1 for 0: [s3|rpc:localhost:40171|admin:localhost:41625|client:localhost:33977|dataStream:localhost:44013|priority:0, s4|rpc:localhost:33595|admin:localhost:33437|client:localhost:36325|dataStream:localhost:46195|priority:0, s0|rpc:localhost:37803|admin:localhost:43483|client:localhost:45147|dataStream:localhost:37009|priority:0, s1|rpc:localhost:40679|admin:localhost:39243|client:localhost:35827|dataStream:localhost:36929|priority:0, s2|rpc:localhost:40201|admin:localhost:35363|client:localhost:39699|dataStream:localhost:40971|priority:0], old=null
2022-06-20 14:45:33,846 [Thread-28] INFO  server.RaftServer$Division (RaftServerImpl.java:setRole(299)) - s2@group-AD521306E148: changes role from CANDIDATE to FOLLOWER at term 1 for appendEntries
2022-06-20 14:45:33,846 [Thread-28] INFO  impl.RoleInfo (RoleInfo.java:shutdownLeaderElection(130)) - s2: shutdown s2@group-AD521306E148-LeaderElection26
2022-06-20 14:45:33,846 [Thread-28] INFO  impl.RoleInfo (RoleInfo.java:updateAndGet(139)) - s2: start s2@group-AD521306E148-FollowerState
2022-06-20 14:45:33,846 [Thread-28] INFO  server.RaftServer$Division (ServerState.java:setLeader(291)) - s2@group-AD521306E148: change Leader from null to s0 at term 1 for appendEntries, leader elected after 39ms
2022-06-20 14:45:33,957 [Thread-2] INFO  server.RaftServer$Division (RaftServerImpl.java:requestVote(1152)) - s3@group-AD521306E148: receive requestVote(PRE_VOTE, s2, group-AD521306E148, 1, (t:1, i:0))
2022-06-20 14:45:33,957 [Thread-2] INFO  impl.VoteContext (VoteContext.java:log(48)) - s3@group-AD521306E148-FOLLOWER: reject PRE_VOTE from s2: this server is a follower and still has a valid leader s0
2022-06-20 14:45:33,957 [Thread-2] INFO  server.RaftServer$Division (RaftServerImpl.java:requestVote(1184)) - s3@group-AD521306E148 replies to PRE_VOTE vote request: s2<-s3#0:FAIL-t1. Peer's state: s3@group-AD521306E148:t1, leader=s0, voted=s2, raftlog=s3@group-AD521306E148-SegmentedRaftLog:OPENED:c0, conf=0: [s3|rpc:localhost:40171|admin:localhost:41625|client:localhost:33977|dataStream:localhost:44013|priority:0, s4|rpc:localhost:33595|admin:localhost:33437|client:localhost:36325|dataStream:localhost:46195|priority:0, s0|rpc:localhost:37803|admin:localhost:43483|client:localhost:45147|dataStream:localhost:37009|priority:0, s1|rpc:localhost:40679|admin:localhost:39243|client:localhost:35827|dataStream:localhost:36929|priority:0, s2|rpc:localhost:40201|admin:localhost:35363|client:localhost:39699|dataStream:localhost:40971|priority:0], old=null
2022-06-20 14:45:33,957 [s2@group-AD521306E148-LeaderElection26] INFO  impl.LeaderElection (LeaderElection.java:logAndReturn(90)) - s2@group-AD521306E148-LeaderElection26: PRE_VOTE REJECTED received 1 response(s) and 0 exception(s):
2022-06-20 14:45:33,958 [s2@group-AD521306E148-LeaderElection26] INFO  impl.LeaderElection (LeaderElection.java:logAndReturn(94)) -   Response 0: s2<-s3#0:FAIL-t1
2022-06-20 14:45:33,958 [s2@group-AD521306E148-LeaderElection26] INFO  impl.LeaderElection (LeaderElection.java:askForVotes(312)) - s2@group-AD521306E148-LeaderElection26 PRE_VOTE round 0: result REJECTED
2022-06-20 14:45:33,960 [Thread-14] INFO  server.RaftServer$Division (RaftServerImpl.java:requestVote(1152)) - s0@group-AD521306E148: receive requestVote(PRE_VOTE, s2, group-AD521306E148, 1, (t:1, i:0))
2022-06-20 14:45:33,960 [Thread-14] INFO  impl.VoteContext (VoteContext.java:log(48)) - s0@group-AD521306E148-LEADER: reject PRE_VOTE from s2: this server is the leader and still has leadership
2022-06-20 14:45:33,960 [Thread-23] INFO  server.RaftServer$Division (RaftServerImpl.java:requestVote(1152)) - s1@group-AD521306E148: receive requestVote(PRE_VOTE, s2, group-AD521306E148, 1, (t:1, i:0))
2022-06-20 14:45:33,960 [Thread-14] INFO  server.RaftServer$Division (RaftServerImpl.java:requestVote(1184)) - s0@group-AD521306E148 replies to PRE_VOTE vote request: s2<-s0#0:FAIL-t1. Peer's state: s0@group-AD521306E148:t1, leader=s0, voted=s0, raftlog=s0@group-AD521306E148-SegmentedRaftLog:OPENED:c0, conf=0: [s3|rpc:localhost:40171|admin:localhost:41625|client:localhost:33977|dataStream:localhost:44013|priority:0, s4|rpc:localhost:33595|admin:localhost:33437|client:localhost:36325|dataStream:localhost:46195|priority:0, s0|rpc:localhost:37803|admin:localhost:43483|client:localhost:45147|dataStream:localhost:37009|priority:0, s1|rpc:localhost:40679|admin:localhost:39243|client:localhost:35827|dataStream:localhost:36929|priority:0, s2|rpc:localhost:40201|admin:localhost:35363|client:localhost:39699|dataStream:localhost:40971|priority:0], old=null
2022-06-20 14:45:33,960 [Thread-23] INFO  impl.VoteContext (VoteContext.java:log(48)) - s1@group-AD521306E148-FOLLOWER: reject PRE_VOTE from s2: this server is a follower and still has a valid leader s0
2022-06-20 14:45:33,960 [Thread-23] INFO  server.RaftServer$Division (RaftServerImpl.java:requestVote(1184)) - s1@group-AD521306E148 replies to PRE_VOTE vote request: s2<-s1#0:FAIL-t1. Peer's state: s1@group-AD521306E148:t1, leader=s0, voted=s0, raftlog=s1@group-AD521306E148-SegmentedRaftLog:OPENED:c0, conf=0: [s3|rpc:localhost:40171|admin:localhost:41625|client:localhost:33977|dataStream:localhost:44013|priority:0, s4|rpc:localhost:33595|admin:localhost:33437|client:localhost:36325|dataStream:localhost:46195|priority:0, s0|rpc:localhost:37803|admin:localhost:43483|client:localhost:45147|dataStream:localhost:37009|priority:0, s1|rpc:localhost:40679|admin:localhost:39243|client:localhost:35827|dataStream:localhost:36929|priority:0, s2|rpc:localhost:40201|admin:localhost:35363|client:localhost:39699|dataStream:localhost:40971|priority:0], old=null
2022-06-20 14:45:34,070 [s4@group-AD521306E148-FollowerState] INFO  impl.FollowerState (FollowerState.java:run(143)) - s4@group-AD521306E148-FollowerState: change to CANDIDATE, lastRpcElapsedTime:401589068ns, electionTimeout:253ms
2022-06-20 14:45:34,070 [s4@group-AD521306E148-FollowerState] INFO  impl.RoleInfo (RoleInfo.java:shutdownFollowerState(110)) - s4: shutdown s4@group-AD521306E148-FollowerState
2022-06-20 14:45:34,070 [s4@group-AD521306E148-FollowerState] INFO  server.RaftServer$Division (RaftServerImpl.java:setRole(299)) - s4@group-AD521306E148: changes role from  FOLLOWER to CANDIDATE at term 1 for changeToCandidate
2022-06-20 14:45:34,070 [s4@group-AD521306E148-FollowerState] INFO  server.RaftServerConfigKeys (ConfUtils.java:logGet(46)) - raft.server.leaderelection.pre-vote = true (default)
2022-06-20 14:45:34,070 [s4@group-AD521306E148-FollowerState] INFO  impl.RoleInfo (RoleInfo.java:updateAndGet(139)) - s4: start s4@group-AD521306E148-LeaderElection27
2022-06-20 14:45:34,071 [s4@group-AD521306E148-LeaderElection27] INFO  server.RaftServer$Division (ServerState.java:setLeader(291)) - s4@group-AD521306E148: change Leader from s0 to null at term 1 for PRE_VOTE
2022-06-20 14:45:34,071 [s4@group-AD521306E148-LeaderElection27] INFO  impl.LeaderElection (LeaderElection.java:askForVotes(310)) - s4@group-AD521306E148-LeaderElection27 PRE_VOTE round 0: submit vote requests at term 1 for 0: [s3|rpc:localhost:40171|admin:localhost:41625|client:localhost:33977|dataStream:localhost:44013|priority:0, s4|rpc:localhost:33595|admin:localhost:33437|client:localhost:36325|dataStream:localhost:46195|priority:0, s0|rpc:localhost:37803|admin:localhost:43483|client:localhost:45147|dataStream:localhost:37009|priority:0, s1|rpc:localhost:40679|admin:localhost:39243|client:localhost:35827|dataStream:localhost:36929|priority:0, s2|rpc:localhost:40201|admin:localhost:35363|client:localhost:39699|dataStream:localhost:40971|priority:0], old=null
2022-06-20 14:45:34,140 [Time-limited test] INFO  server.RaftServerConfigKeys (ConfUtils.java:logGet(46)) - raft.server.rpc.timeout.max = 300ms (default)
2022-06-20 14:45:34,221 [Thread-0] INFO  server.RaftServer$Division (RaftServerImpl.java:requestVote(1152)) - s3@group-AD521306E148: receive requestVote(PRE_VOTE, s4, group-AD521306E148, 1, (t:1, i:0))
2022-06-20 14:45:34,222 [Thread-21] INFO  server.RaftServer$Division (RaftServerImpl.java:requestVote(1152)) - s1@group-AD521306E148: receive requestVote(PRE_VOTE, s4, group-AD521306E148, 1, (t:1, i:0))
2022-06-20 14:45:34,222 [Thread-16] INFO  server.RaftServer$Division (RaftServerImpl.java:requestVote(1152)) - s0@group-AD521306E148: receive requestVote(PRE_VOTE, s4, group-AD521306E148, 1, (t:1, i:0))
2022-06-20 14:45:34,222 [Thread-29] INFO  server.RaftServer$Division (RaftServerImpl.java:requestVote(1152)) - s2@group-AD521306E148: receive requestVote(PRE_VOTE, s4, group-AD521306E148, 1, (t:1, i:0))
2022-06-20 14:45:34,222 [Thread-16] INFO  impl.VoteContext (VoteContext.java:log(48)) - s0@group-AD521306E148-LEADER: reject PRE_VOTE from s4: this server is the leader and still has leadership
2022-06-20 14:45:34,222 [Thread-16] INFO  server.RaftServer$Division (RaftServerImpl.java:requestVote(1184)) - s0@group-AD521306E148 replies to PRE_VOTE vote request: s4<-s0#0:FAIL-t1. Peer's state: s0@group-AD521306E148:t1, leader=s0, voted=s0, raftlog=s0@group-AD521306E148-SegmentedRaftLog:OPENED:c0, conf=0: [s3|rpc:localhost:40171|admin:localhost:41625|client:localhost:33977|dataStream:localhost:44013|priority:0, s4|rpc:localhost:33595|admin:localhost:33437|client:localhost:36325|dataStream:localhost:46195|priority:0, s0|rpc:localhost:37803|admin:localhost:43483|client:localhost:45147|dataStream:localhost:37009|priority:0, s1|rpc:localhost:40679|admin:localhost:39243|client:localhost:35827|dataStream:localhost:36929|priority:0, s2|rpc:localhost:40201|admin:localhost:35363|client:localhost:39699|dataStream:localhost:40971|priority:0], old=null
2022-06-20 14:45:34,222 [Thread-0] INFO  impl.VoteContext (VoteContext.java:log(48)) - s3@group-AD521306E148-FOLLOWER: reject PRE_VOTE from s4: this server is a follower and still has a valid leader s0
2022-06-20 14:45:34,222 [Thread-29] INFO  impl.VoteContext (VoteContext.java:log(48)) - s2@group-AD521306E148-FOLLOWER: reject PRE_VOTE from s4: this server is a follower and still has a valid leader s0
2022-06-20 14:45:34,222 [Thread-29] INFO  server.RaftServer$Division (RaftServerImpl.java:requestVote(1184)) - s2@group-AD521306E148 replies to PRE_VOTE vote request: s4<-s2#0:FAIL-t1. Peer's state: s2@group-AD521306E148:t1, leader=s0, voted=s2, raftlog=s2@group-AD521306E148-SegmentedRaftLog:OPENED:c0, conf=0: [s3|rpc:localhost:40171|admin:localhost:41625|client:localhost:33977|dataStream:localhost:44013|priority:0, s4|rpc:localhost:33595|admin:localhost:33437|client:localhost:36325|dataStream:localhost:46195|priority:0, s0|rpc:localhost:37803|admin:localhost:43483|client:localhost:45147|dataStream:localhost:37009|priority:0, s1|rpc:localhost:40679|admin:localhost:39243|client:localhost:35827|dataStream:localhost:36929|priority:0, s2|rpc:localhost:40201|admin:localhost:35363|client:localhost:39699|dataStream:localhost:40971|priority:0], old=null
2022-06-20 14:45:34,222 [Thread-21] INFO  impl.VoteContext (VoteContext.java:log(48)) - s1@group-AD521306E148-FOLLOWER: reject PRE_VOTE from s4: this server is a follower and still has a valid leader s0
2022-06-20 14:45:34,222 [Thread-0] INFO  server.RaftServer$Division (RaftServerImpl.java:requestVote(1184)) - s3@group-AD521306E148 replies to PRE_VOTE vote request: s4<-s3#0:FAIL-t1. Peer's state: s3@group-AD521306E148:t1, leader=s0, voted=s2, raftlog=s3@group-AD521306E148-SegmentedRaftLog:OPENED:c0, conf=0: [s3|rpc:localhost:40171|admin:localhost:41625|client:localhost:33977|dataStream:localhost:44013|priority:0, s4|rpc:localhost:33595|admin:localhost:33437|client:localhost:36325|dataStream:localhost:46195|priority:0, s0|rpc:localhost:37803|admin:localhost:43483|client:localhost:45147|dataStream:localhost:37009|priority:0, s1|rpc:localhost:40679|admin:localhost:39243|client:localhost:35827|dataStream:localhost:36929|priority:0, s2|rpc:localhost:40201|admin:localhost:35363|client:localhost:39699|dataStream:localhost:40971|priority:0], old=null
2022-06-20 14:45:34,222 [Thread-21] INFO  server.RaftServer$Division (RaftServerImpl.java:requestVote(1184)) - s1@group-AD521306E148 replies to PRE_VOTE vote request: s4<-s1#0:FAIL-t1. Peer's state: s1@group-AD521306E148:t1, leader=s0, voted=s0, raftlog=s1@group-AD521306E148-SegmentedRaftLog:OPENED:c0, conf=0: [s3|rpc:localhost:40171|admin:localhost:41625|client:localhost:33977|dataStream:localhost:44013|priority:0, s4|rpc:localhost:33595|admin:localhost:33437|client:localhost:36325|dataStream:localhost:46195|priority:0, s0|rpc:localhost:37803|admin:localhost:43483|client:localhost:45147|dataStream:localhost:37009|priority:0, s1|rpc:localhost:40679|admin:localhost:39243|client:localhost:35827|dataStream:localhost:36929|priority:0, s2|rpc:localhost:40201|admin:localhost:35363|client:localhost:39699|dataStream:localhost:40971|priority:0], old=null
2022-06-20 14:45:34,223 [s4@group-AD521306E148-LeaderElection27] INFO  impl.LeaderElection (LeaderElection.java:logAndReturn(90)) - s4@group-AD521306E148-LeaderElection27: PRE_VOTE REJECTED received 3 response(s) and 0 exception(s):
2022-06-20 14:45:34,223 [s4@group-AD521306E148-LeaderElection27] INFO  impl.LeaderElection (LeaderElection.java:logAndReturn(94)) -   Response 0: s4<-s3#0:FAIL-t1
2022-06-20 14:45:34,223 [s4@group-AD521306E148-LeaderElection27] INFO  impl.LeaderElection (LeaderElection.java:logAndReturn(94)) -   Response 1: s4<-s0#0:FAIL-t1
2022-06-20 14:45:34,223 [s4@group-AD521306E148-LeaderElection27] INFO  impl.LeaderElection (LeaderElection.java:logAndReturn(94)) -   Response 2: s4<-s2#0:FAIL-t1
2022-06-20 14:45:34,223 [s4@group-AD521306E148-LeaderElection27] INFO  impl.LeaderElection (LeaderElection.java:askForVotes(312)) - s4@group-AD521306E148-LeaderElection27 PRE_VOTE round 0: result REJECTED
2022-06-20 14:45:34,223 [s4@group-AD521306E148-LeaderElection27] INFO  server.RaftServer$Division (RaftServerImpl.java:setRole(299)) - s4@group-AD521306E148: changes role from CANDIDATE to FOLLOWER at term 1 for REJECTED
2022-06-20 14:45:34,223 [s4@group-AD521306E148-LeaderElection27] INFO  impl.RoleInfo (RoleInfo.java:shutdownLeaderElection(130)) - s4: shutdown s4@group-AD521306E148-LeaderElection27
2022-06-20 14:45:34,223 [s4@group-AD521306E148-LeaderElection27] INFO  impl.RoleInfo (RoleInfo.java:updateAndGet(139)) - s4: start s4@group-AD521306E148-FollowerState
2022-06-20 14:45:34,344 [Thread-7] INFO  server.RaftServer$Division (ServerState.java:setLeader(291)) - s4@group-AD521306E148: change Leader from null to s0 at term 1 for appendEntries, leader elected after 273ms
2022-06-20 14:45:34,407 [Thread-9] INFO  server.RaftServer$Division (RaftServerImpl.java:requestVote(1152)) - s4@group-AD521306E148: receive requestVote(PRE_VOTE, s2, group-AD521306E148, 1, (t:1, i:0))
2022-06-20 14:45:34,408 [Thread-9] INFO  impl.VoteContext (VoteContext.java:log(48)) - s4@group-AD521306E148-FOLLOWER: reject PRE_VOTE from s2: this server is a follower and still has a valid leader s0
2022-06-20 14:45:34,408 [Thread-9] INFO  server.RaftServer$Division (RaftServerImpl.java:requestVote(1184)) - s4@group-AD521306E148 replies to PRE_VOTE vote request: s2<-s4#0:FAIL-t1. Peer's state: s4@group-AD521306E148:t1, leader=s0, voted=s0, raftlog=s4@group-AD521306E148-SegmentedRaftLog:OPENED:c0, conf=0: [s3|rpc:localhost:40171|admin:localhost:41625|client:localhost:33977|dataStream:localhost:44013|priority:0, s4|rpc:localhost:33595|admin:localhost:33437|client:localhost:36325|dataStream:localhost:46195|priority:0, s0|rpc:localhost:37803|admin:localhost:43483|client:localhost:45147|dataStream:localhost:37009|priority:0, s1|rpc:localhost:40679|admin:localhost:39243|client:localhost:35827|dataStream:localhost:36929|priority:0, s2|rpc:localhost:40201|admin:localhost:35363|client:localhost:39699|dataStream:localhost:40971|priority:0], old=null
2022-06-20 14:45:34,590 [Time-limited test] INFO  simulation.TestLeaderElectionWithSimulatedRpc (LeaderElectionTests.java:enforceLeader(243)) - try enforcing leader to s4 but new leader is s0
2022-06-20 14:45:34,590 [Time-limited test] INFO  server.RaftServerConfigKeys (ConfUtils.java:logGet(46)) - raft.server.rpc.timeout.max = 300ms (default)
2022-06-20 14:45:34,662 [Timer-0] INFO  impl.MiniRaftCluster (MiniRaftCluster.java:lambda$null$6(325)) - TIMED-PRINT: printing ALL groups
  s3:  RUNNING  FOLLOWER s3@group-AD521306E148:t1, leader=s0, voted=s2, raftlog=s3@group-AD521306E148-SegmentedRaftLog:OPENED:c0, conf=0: [s3|rpc:localhost:40171|admin:localhost:41625|client:localhost:33977|dataStream:localhost:44013|priority:0, s4|rpc:localhost:33595|admin:localhost:33437|client:localhost:36325|dataStream:localhost:46195|priority:0, s0|rpc:localhost:37803|admin:localhost:43483|client:localhost:45147|dataStream:localhost:37009|priority:0, s1|rpc:localhost:40679|admin:localhost:39243|client:localhost:35827|dataStream:localhost:36929|priority:0, s2|rpc:localhost:40201|admin:localhost:35363|client:localhost:39699|dataStream:localhost:40971|priority:0], old=null RUNNING
  s4:  RUNNING  FOLLOWER s4@group-AD521306E148:t1, leader=s0, voted=s0, raftlog=s4@group-AD521306E148-SegmentedRaftLog:OPENED:c0, conf=0: [s3|rpc:localhost:40171|admin:localhost:41625|client:localhost:33977|dataStream:localhost:44013|priority:0, s4|rpc:localhost:33595|admin:localhost:33437|client:localhost:36325|dataStream:localhost:46195|priority:0, s0|rpc:localhost:37803|admin:localhost:43483|client:localhost:45147|dataStream:localhost:37009|priority:0, s1|rpc:localhost:40679|admin:localhost:39243|client:localhost:35827|dataStream:localhost:36929|priority:0, s2|rpc:localhost:40201|admin:localhost:35363|client:localhost:39699|dataStream:localhost:40971|priority:0], old=null RUNNING
  s0:  RUNNING    LEADER s0@group-AD521306E148:t1, leader=s0, voted=s0, raftlog=s0@group-AD521306E148-SegmentedRaftLog:OPENED:c0, conf=0: [s3|rpc:localhost:40171|admin:localhost:41625|client:localhost:33977|dataStream:localhost:44013|priority:0, s4|rpc:localhost:33595|admin:localhost:33437|client:localhost:36325|dataStream:localhost:46195|priority:0, s0|rpc:localhost:37803|admin:localhost:43483|client:localhost:45147|dataStream:localhost:37009|priority:0, s1|rpc:localhost:40679|admin:localhost:39243|client:localhost:35827|dataStream:localhost:36929|priority:0, s2|rpc:localhost:40201|admin:localhost:35363|client:localhost:39699|dataStream:localhost:40971|priority:0], old=null RUNNING
  s1:  RUNNING  FOLLOWER s1@group-AD521306E148:t1, leader=s0, voted=s0, raftlog=s1@group-AD521306E148-SegmentedRaftLog:OPENED:c0, conf=0: [s3|rpc:localhost:40171|admin:localhost:41625|client:localhost:33977|dataStream:localhost:44013|priority:0, s4|rpc:localhost:33595|admin:localhost:33437|client:localhost:36325|dataStream:localhost:46195|priority:0, s0|rpc:localhost:37803|admin:localhost:43483|client:localhost:45147|dataStream:localhost:37009|priority:0, s1|rpc:localhost:40679|admin:localhost:39243|client:localhost:35827|dataStream:localhost:36929|priority:0, s2|rpc:localhost:40201|admin:localhost:35363|client:localhost:39699|dataStream:localhost:40971|priority:0], old=null RUNNING
  s2:  RUNNING  FOLLOWER s2@group-AD521306E148:t1, leader=s0, voted=s2, raftlog=s2@group-AD521306E148-SegmentedRaftLog:OPENED:c0, conf=0: [s3|rpc:localhost:40171|admin:localhost:41625|client:localhost:33977|dataStream:localhost:44013|priority:0, s4|rpc:localhost:33595|admin:localhost:33437|client:localhost:36325|dataStream:localhost:46195|priority:0, s0|rpc:localhost:37803|admin:localhost:43483|client:localhost:45147|dataStream:localhost:37009|priority:0, s1|rpc:localhost:40679|admin:localhost:39243|client:localhost:35827|dataStream:localhost:36929|priority:0, s2|rpc:localhost:40201|admin:localhost:35363|client:localhost:39699|dataStream:localhost:40971|priority:0], old=null RUNNING
2022-06-20 14:45:34,711 [s1@group-AD521306E148-FollowerState] INFO  impl.FollowerState (FollowerState.java:run(143)) - s1@group-AD521306E148-FollowerState: change to CANDIDATE, lastRpcElapsedTime:180630087ns, electionTimeout:151ms
2022-06-20 14:45:34,711 [s1@group-AD521306E148-FollowerState] INFO  impl.RoleInfo (RoleInfo.java:shutdownFollowerState(110)) - s1: shutdown s1@group-AD521306E148-FollowerState
2022-06-20 14:45:34,711 [s1@group-AD521306E148-FollowerState] INFO  server.RaftServer$Division (RaftServerImpl.java:setRole(299)) - s1@group-AD521306E148: changes role from  FOLLOWER to CANDIDATE at term 1 for changeToCandidate
2022-06-20 14:45:34,711 [s1@group-AD521306E148-FollowerState] INFO  server.RaftServerConfigKeys (ConfUtils.java:logGet(46)) - raft.server.leaderelection.pre-vote = true (default)
2022-06-20 14:45:34,712 [s1@group-AD521306E148-FollowerState] INFO  impl.RoleInfo (RoleInfo.java:updateAndGet(139)) - s1: start s1@group-AD521306E148-LeaderElection28
2022-06-20 14:45:34,716 [s1@group-AD521306E148-LeaderElection28] INFO  server.RaftServer$Division (ServerState.java:setLeader(291)) - s1@group-AD521306E148: change Leader from s0 to null at term 1 for PRE_VOTE
2022-06-20 14:45:34,716 [s1@group-AD521306E148-LeaderElection28] INFO  impl.LeaderElection (LeaderElection.java:askForVotes(310)) - s1@group-AD521306E148-LeaderElection28 PRE_VOTE round 0: submit vote requests at term 1 for 0: [s3|rpc:localhost:40171|admin:localhost:41625|client:localhost:33977|dataStream:localhost:44013|priority:0, s4|rpc:localhost:33595|admin:localhost:33437|client:localhost:36325|dataStream:localhost:46195|priority:0, s0|rpc:localhost:37803|admin:localhost:43483|client:localhost:45147|dataStream:localhost:37009|priority:0, s1|rpc:localhost:40679|admin:localhost:39243|client:localhost:35827|dataStream:localhost:36929|priority:0, s2|rpc:localhost:40201|admin:localhost:35363|client:localhost:39699|dataStream:localhost:40971|priority:0], old=null
2022-06-20 14:45:34,756 [Thread-21] INFO  server.RaftServer$Division (RaftServerImpl.java:setRole(299)) - s1@group-AD521306E148: changes role from CANDIDATE to FOLLOWER at term 1 for appendEntries
2022-06-20 14:45:34,756 [Thread-21] INFO  impl.RoleInfo (RoleInfo.java:shutdownLeaderElection(130)) - s1: shutdown s1@group-AD521306E148-LeaderElection28
2022-06-20 14:45:34,756 [Thread-21] INFO  impl.RoleInfo (RoleInfo.java:updateAndGet(139)) - s1: start s1@group-AD521306E148-FollowerState
2022-06-20 14:45:34,756 [Thread-21] INFO  server.RaftServer$Division (ServerState.java:setLeader(291)) - s1@group-AD521306E148: change Leader from null to s0 at term 1 for appendEntries, leader elected after 40ms
2022-06-20 14:45:34,867 [Thread-1] INFO  server.RaftServer$Division (RaftServerImpl.java:requestVote(1152)) - s3@group-AD521306E148: receive requestVote(PRE_VOTE, s1, group-AD521306E148, 1, (t:1, i:0))
2022-06-20 14:45:34,867 [Thread-15] INFO  server.RaftServer$Division (RaftServerImpl.java:requestVote(1152)) - s0@group-AD521306E148: receive requestVote(PRE_VOTE, s1, group-AD521306E148, 1, (t:1, i:0))
2022-06-20 14:45:34,867 [Thread-30] INFO  server.RaftServer$Division (RaftServerImpl.java:requestVote(1152)) - s2@group-AD521306E148: receive requestVote(PRE_VOTE, s1, group-AD521306E148, 1, (t:1, i:0))
2022-06-20 14:45:34,867 [Thread-30] INFO  impl.VoteContext (VoteContext.java:log(48)) - s2@group-AD521306E148-FOLLOWER: reject PRE_VOTE from s1: this server is a follower and still has a valid leader s0
2022-06-20 14:45:34,867 [Thread-15] INFO  impl.VoteContext (VoteContext.java:log(48)) - s0@group-AD521306E148-LEADER: reject PRE_VOTE from s1: this server is the leader and still has leadership
2022-06-20 14:45:34,868 [Thread-30] INFO  server.RaftServer$Division (RaftServerImpl.java:requestVote(1184)) - s2@group-AD521306E148 replies to PRE_VOTE vote request: s1<-s2#0:FAIL-t1. Peer's state: s2@group-AD521306E148:t1, leader=s0, voted=s2, raftlog=s2@group-AD521306E148-SegmentedRaftLog:OPENED:c0, conf=0: [s3|rpc:localhost:40171|admin:localhost:41625|client:localhost:33977|dataStream:localhost:44013|priority:0, s4|rpc:localhost:33595|admin:localhost:33437|client:localhost:36325|dataStream:localhost:46195|priority:0, s0|rpc:localhost:37803|admin:localhost:43483|client:localhost:45147|dataStream:localhost:37009|priority:0, s1|rpc:localhost:40679|admin:localhost:39243|client:localhost:35827|dataStream:localhost:36929|priority:0, s2|rpc:localhost:40201|admin:localhost:35363|client:localhost:39699|dataStream:localhost:40971|priority:0], old=null
2022-06-20 14:45:34,868 [Thread-15] INFO  server.RaftServer$Division (RaftServerImpl.java:requestVote(1184)) - s0@group-AD521306E148 replies to PRE_VOTE vote request: s1<-s0#0:FAIL-t1. Peer's state: s0@group-AD521306E148:t1, leader=s0, voted=s0, raftlog=s0@group-AD521306E148-SegmentedRaftLog:OPENED:c0, conf=0: [s3|rpc:localhost:40171|admin:localhost:41625|client:localhost:33977|dataStream:localhost:44013|priority:0, s4|rpc:localhost:33595|admin:localhost:33437|client:localhost:36325|dataStream:localhost:46195|priority:0, s0|rpc:localhost:37803|admin:localhost:43483|client:localhost:45147|dataStream:localhost:37009|priority:0, s1|rpc:localhost:40679|admin:localhost:39243|client:localhost:35827|dataStream:localhost:36929|priority:0, s2|rpc:localhost:40201|admin:localhost:35363|client:localhost:39699|dataStream:localhost:40971|priority:0], old=null
2022-06-20 14:45:34,868 [s1@group-AD521306E148-LeaderElection28] INFO  impl.LeaderElection (LeaderElection.java:logAndReturn(90)) - s1@group-AD521306E148-LeaderElection28: PRE_VOTE REJECTED received 1 response(s) and 0 exception(s):
2022-06-20 14:45:34,868 [s1@group-AD521306E148-LeaderElection28] INFO  impl.LeaderElection (LeaderElection.java:logAndReturn(94)) -   Response 0: s1<-s0#0:FAIL-t1
2022-06-20 14:45:34,868 [s1@group-AD521306E148-LeaderElection28] INFO  impl.LeaderElection (LeaderElection.java:askForVotes(312)) - s1@group-AD521306E148-LeaderElection28 PRE_VOTE round 0: result REJECTED
2022-06-20 14:45:34,867 [Thread-1] INFO  impl.VoteContext (VoteContext.java:log(48)) - s3@group-AD521306E148-FOLLOWER: reject PRE_VOTE from s1: this server is a follower and still has a valid leader s0
2022-06-20 14:45:34,869 [Thread-1] INFO  server.RaftServer$Division (RaftServerImpl.java:requestVote(1184)) - s3@group-AD521306E148 replies to PRE_VOTE vote request: s1<-s3#0:FAIL-t1. Peer's state: s3@group-AD521306E148:t1, leader=s0, voted=s2, raftlog=s3@group-AD521306E148-SegmentedRaftLog:OPENED:c0, conf=0: [s3|rpc:localhost:40171|admin:localhost:41625|client:localhost:33977|dataStream:localhost:44013|priority:0, s4|rpc:localhost:33595|admin:localhost:33437|client:localhost:36325|dataStream:localhost:46195|priority:0, s0|rpc:localhost:37803|admin:localhost:43483|client:localhost:45147|dataStream:localhost:37009|priority:0, s1|rpc:localhost:40679|admin:localhost:39243|client:localhost:35827|dataStream:localhost:36929|priority:0, s2|rpc:localhost:40201|admin:localhost:35363|client:localhost:39699|dataStream:localhost:40971|priority:0], old=null
2022-06-20 14:45:34,916 [s1@group-AD521306E148-FollowerState] INFO  impl.FollowerState (FollowerState.java:run(143)) - s1@group-AD521306E148-FollowerState: change to CANDIDATE, lastRpcElapsedTime:159171594ns, electionTimeout:159ms
2022-06-20 14:45:34,916 [s1@group-AD521306E148-FollowerState] INFO  impl.RoleInfo (RoleInfo.java:shutdownFollowerState(110)) - s1: shutdown s1@group-AD521306E148-FollowerState
2022-06-20 14:45:34,916 [s1@group-AD521306E148-FollowerState] INFO  server.RaftServer$Division (RaftServerImpl.java:setRole(299)) - s1@group-AD521306E148: changes role from  FOLLOWER to CANDIDATE at term 1 for changeToCandidate
2022-06-20 14:45:34,916 [s1@group-AD521306E148-FollowerState] INFO  server.RaftServerConfigKeys (ConfUtils.java:logGet(46)) - raft.server.leaderelection.pre-vote = true (default)
2022-06-20 14:45:34,916 [s1@group-AD521306E148-FollowerState] INFO  impl.RoleInfo (RoleInfo.java:updateAndGet(139)) - s1: start s1@group-AD521306E148-LeaderElection29
2022-06-20 14:45:34,917 [s1@group-AD521306E148-LeaderElection29] INFO  server.RaftServer$Division (ServerState.java:setLeader(291)) - s1@group-AD521306E148: change Leader from s0 to null at term 1 for PRE_VOTE
2022-06-20 14:45:34,917 [s1@group-AD521306E148-LeaderElection29] INFO  impl.LeaderElection (LeaderElection.java:askForVotes(310)) - s1@group-AD521306E148-LeaderElection29 PRE_VOTE round 0: submit vote requests at term 1 for 0: [s3|rpc:localhost:40171|admin:localhost:41625|client:localhost:33977|dataStream:localhost:44013|priority:0, s4|rpc:localhost:33595|admin:localhost:33437|client:localhost:36325|dataStream:localhost:46195|priority:0, s0|rpc:localhost:37803|admin:localhost:43483|client:localhost:45147|dataStream:localhost:37009|priority:0, s1|rpc:localhost:40679|admin:localhost:39243|client:localhost:35827|dataStream:localhost:36929|priority:0, s2|rpc:localhost:40201|admin:localhost:35363|client:localhost:39699|dataStream:localhost:40971|priority:0], old=null
2022-06-20 14:45:34,982 [Thread-22] INFO  server.RaftServer$Division (RaftServerImpl.java:setRole(299)) - s1@group-AD521306E148: changes role from CANDIDATE to FOLLOWER at term 1 for appendEntries
2022-06-20 14:45:34,982 [Thread-22] INFO  impl.RoleInfo (RoleInfo.java:shutdownLeaderElection(130)) - s1: shutdown s1@group-AD521306E148-LeaderElection29
2022-06-20 14:45:34,983 [Thread-22] INFO  impl.RoleInfo (RoleInfo.java:updateAndGet(139)) - s1: start s1@group-AD521306E148-FollowerState
2022-06-20 14:45:34,983 [Thread-22] INFO  server.RaftServer$Division (ServerState.java:setLeader(291)) - s1@group-AD521306E148: change Leader from null to s0 at term 1 for appendEntries, leader elected after 65ms
2022-06-20 14:45:35,019 [s4@group-AD521306E148-FollowerState] INFO  impl.FollowerState (FollowerState.java:run(143)) - s4@group-AD521306E148-FollowerState: change to CANDIDATE, lastRpcElapsedTime:448019752ns, electionTimeout:276ms
2022-06-20 14:45:35,019 [s4@group-AD521306E148-FollowerState] INFO  impl.RoleInfo (RoleInfo.java:shutdownFollowerState(110)) - s4: shutdown s4@group-AD521306E148-FollowerState
2022-06-20 14:45:35,020 [s4@group-AD521306E148-FollowerState] INFO  server.RaftServer$Division (RaftServerImpl.java:setRole(299)) - s4@group-AD521306E148: changes role from  FOLLOWER to CANDIDATE at term 1 for changeToCandidate
2022-06-20 14:45:35,020 [s4@group-AD521306E148-FollowerState] INFO  server.RaftServerConfigKeys (ConfUtils.java:logGet(46)) - raft.server.leaderelection.pre-vote = true (default)
2022-06-20 14:45:35,020 [s4@group-AD521306E148-FollowerState] INFO  impl.RoleInfo (RoleInfo.java:updateAndGet(139)) - s4: start s4@group-AD521306E148-LeaderElection30
2022-06-20 14:45:35,020 [s4@group-AD521306E148-LeaderElection30] INFO  server.RaftServer$Division (ServerState.java:setLeader(291)) - s4@group-AD521306E148: change Leader from s0 to null at term 1 for PRE_VOTE
2022-06-20 14:45:35,020 [s4@group-AD521306E148-LeaderElection30] INFO  impl.LeaderElection (LeaderElection.java:askForVotes(310)) - s4@group-AD521306E148-LeaderElection30 PRE_VOTE round 0: submit vote requests at term 1 for 0: [s3|rpc:localhost:40171|admin:localhost:41625|client:localhost:33977|dataStream:localhost:44013|priority:0, s4|rpc:localhost:33595|admin:localhost:33437|client:localhost:36325|dataStream:localhost:46195|priority:0, s0|rpc:localhost:37803|admin:localhost:43483|client:localhost:45147|dataStream:localhost:37009|priority:0, s1|rpc:localhost:40679|admin:localhost:39243|client:localhost:35827|dataStream:localhost:36929|priority:0, s2|rpc:localhost:40201|admin:localhost:35363|client:localhost:39699|dataStream:localhost:40971|priority:0], old=null
2022-06-20 14:45:35,041 [Time-limited test] INFO  server.RaftServerConfigKeys (ConfUtils.java:logGet(46)) - raft.server.rpc.timeout.max = 300ms (default)
2022-06-20 14:45:35,068 [Thread-0] INFO  server.RaftServer$Division (RaftServerImpl.java:requestVote(1152)) - s3@group-AD521306E148: receive requestVote(PRE_VOTE, s1, group-AD521306E148, 1, (t:1, i:0))
2022-06-20 14:45:35,068 [Thread-0] INFO  impl.VoteContext (VoteContext.java:log(48)) - s3@group-AD521306E148-FOLLOWER: reject PRE_VOTE from s1: this server is a follower and still has a valid leader s0
2022-06-20 14:45:35,068 [Thread-0] INFO  server.RaftServer$Division (RaftServerImpl.java:requestVote(1184)) - s3@group-AD521306E148 replies to PRE_VOTE vote request: s1<-s3#0:FAIL-t1. Peer's state: s3@group-AD521306E148:t1, leader=s0, voted=s2, raftlog=s3@group-AD521306E148-SegmentedRaftLog:OPENED:c0, conf=0: [s3|rpc:localhost:40171|admin:localhost:41625|client:localhost:33977|dataStream:localhost:44013|priority:0, s4|rpc:localhost:33595|admin:localhost:33437|client:localhost:36325|dataStream:localhost:46195|priority:0, s0|rpc:localhost:37803|admin:localhost:43483|client:localhost:45147|dataStream:localhost:37009|priority:0, s1|rpc:localhost:40679|admin:localhost:39243|client:localhost:35827|dataStream:localhost:36929|priority:0, s2|rpc:localhost:40201|admin:localhost:35363|client:localhost:39699|dataStream:localhost:40971|priority:0], old=null
2022-06-20 14:45:35,068 [Thread-14] INFO  server.RaftServer$Division (RaftServerImpl.java:requestVote(1152)) - s0@group-AD521306E148: receive requestVote(PRE_VOTE, s1, group-AD521306E148, 1, (t:1, i:0))
2022-06-20 14:45:35,068 [Thread-29] INFO  server.RaftServer$Division (RaftServerImpl.java:requestVote(1152)) - s2@group-AD521306E148: receive requestVote(PRE_VOTE, s1, group-AD521306E148, 1, (t:1, i:0))
2022-06-20 14:45:35,068 [Thread-14] INFO  impl.VoteContext (VoteContext.java:log(48)) - s0@group-AD521306E148-LEADER: reject PRE_VOTE from s1: this server is the leader and still has leadership
2022-06-20 14:45:35,068 [s1@group-AD521306E148-LeaderElection29] INFO  impl.LeaderElection (LeaderElection.java:logAndReturn(90)) - s1@group-AD521306E148-LeaderElection29: PRE_VOTE REJECTED received 1 response(s) and 0 exception(s):
2022-06-20 14:45:35,068 [s1@group-AD521306E148-LeaderElection29] INFO  impl.LeaderElection (LeaderElection.java:logAndReturn(94)) -   Response 0: s1<-s3#0:FAIL-t1
2022-06-20 14:45:35,068 [s1@group-AD521306E148-LeaderElection29] INFO  impl.LeaderElection (LeaderElection.java:askForVotes(312)) - s1@group-AD521306E148-LeaderElection29 PRE_VOTE round 0: result REJECTED
2022-06-20 14:45:35,068 [Thread-29] INFO  impl.VoteContext (VoteContext.java:log(48)) - s2@group-AD521306E148-FOLLOWER: reject PRE_VOTE from s1: this server is a follower and still has a valid leader s0
2022-06-20 14:45:35,068 [Thread-14] INFO  server.RaftServer$Division (RaftServerImpl.java:requestVote(1184)) - s0@group-AD521306E148 replies to PRE_VOTE vote request: s1<-s0#0:FAIL-t1. Peer's state: s0@group-AD521306E148:t1, leader=s0, voted=s0, raftlog=s0@group-AD521306E148-SegmentedRaftLog:OPENED:c0, conf=0: [s3|rpc:localhost:40171|admin:localhost:41625|client:localhost:33977|dataStream:localhost:44013|priority:0, s4|rpc:localhost:33595|admin:localhost:33437|client:localhost:36325|dataStream:localhost:46195|priority:0, s0|rpc:localhost:37803|admin:localhost:43483|client:localhost:45147|dataStream:localhost:37009|priority:0, s1|rpc:localhost:40679|admin:localhost:39243|client:localhost:35827|dataStream:localhost:36929|priority:0, s2|rpc:localhost:40201|admin:localhost:35363|client:localhost:39699|dataStream:localhost:40971|priority:0], old=null
2022-06-20 14:45:35,069 [Thread-29] INFO  server.RaftServer$Division (RaftServerImpl.java:requestVote(1184)) - s2@group-AD521306E148 replies to PRE_VOTE vote request: s1<-s2#0:FAIL-t1. Peer's state: s2@group-AD521306E148:t1, leader=s0, voted=s2, raftlog=s2@group-AD521306E148-SegmentedRaftLog:OPENED:c0, conf=0: [s3|rpc:localhost:40171|admin:localhost:41625|client:localhost:33977|dataStream:localhost:44013|priority:0, s4|rpc:localhost:33595|admin:localhost:33437|client:localhost:36325|dataStream:localhost:46195|priority:0, s0|rpc:localhost:37803|admin:localhost:43483|client:localhost:45147|dataStream:localhost:37009|priority:0, s1|rpc:localhost:40679|admin:localhost:39243|client:localhost:35827|dataStream:localhost:36929|priority:0, s2|rpc:localhost:40201|admin:localhost:35363|client:localhost:39699|dataStream:localhost:40971|priority:0], old=null
2022-06-20 14:45:35,171 [Thread-1] INFO  server.RaftServer$Division (RaftServerImpl.java:requestVote(1152)) - s3@group-AD521306E148: receive requestVote(PRE_VOTE, s4, group-AD521306E148, 1, (t:1, i:0))
2022-06-20 14:45:35,171 [Thread-16] INFO  server.RaftServer$Division (RaftServerImpl.java:requestVote(1152)) - s0@group-AD521306E148: receive requestVote(PRE_VOTE, s4, group-AD521306E148, 1, (t:1, i:0))
2022-06-20 14:45:35,171 [Thread-16] INFO  impl.VoteContext (VoteContext.java:log(48)) - s0@group-AD521306E148-LEADER: reject PRE_VOTE from s4: this server is the leader and still has leadership
2022-06-20 14:45:35,171 [Thread-30] INFO  server.RaftServer$Division (RaftServerImpl.java:requestVote(1152)) - s2@group-AD521306E148: receive requestVote(PRE_VOTE, s4, group-AD521306E148, 1, (t:1, i:0))
2022-06-20 14:45:35,171 [Thread-16] INFO  server.RaftServer$Division (RaftServerImpl.java:requestVote(1184)) - s0@group-AD521306E148 replies to PRE_VOTE vote request: s4<-s0#0:FAIL-t1. Peer's state: s0@group-AD521306E148:t1, leader=s0, voted=s0, raftlog=s0@group-AD521306E148-SegmentedRaftLog:OPENED:c0, conf=0: [s3|rpc:localhost:40171|admin:localhost:41625|client:localhost:33977|dataStream:localhost:44013|priority:0, s4|rpc:localhost:33595|admin:localhost:33437|client:localhost:36325|dataStream:localhost:46195|priority:0, s0|rpc:localhost:37803|admin:localhost:43483|client:localhost:45147|dataStream:localhost:37009|priority:0, s1|rpc:localhost:40679|admin:localhost:39243|client:localhost:35827|dataStream:localhost:36929|priority:0, s2|rpc:localhost:40201|admin:localhost:35363|client:localhost:39699|dataStream:localhost:40971|priority:0], old=null
2022-06-20 14:45:35,171 [Thread-23] INFO  server.RaftServer$Division (RaftServerImpl.java:requestVote(1152)) - s1@group-AD521306E148: receive requestVote(PRE_VOTE, s4, group-AD521306E148, 1, (t:1, i:0))
2022-06-20 14:45:35,171 [Thread-1] INFO  impl.VoteContext (VoteContext.java:log(48)) - s3@group-AD521306E148-FOLLOWER: reject PRE_VOTE from s4: this server is a follower and still has a valid leader s0
2022-06-20 14:45:35,171 [Thread-23] INFO  impl.VoteContext (VoteContext.java:log(48)) - s1@group-AD521306E148-FOLLOWER: reject PRE_VOTE from s4: this server is a follower and still has a valid leader s0
2022-06-20 14:45:35,171 [Thread-30] INFO  impl.VoteContext (VoteContext.java:log(48)) - s2@group-AD521306E148-FOLLOWER: reject PRE_VOTE from s4: this server is a follower and still has a valid leader s0
2022-06-20 14:45:35,172 [Thread-23] INFO  server.RaftServer$Division (RaftServerImpl.java:requestVote(1184)) - s1@group-AD521306E148 replies to PRE_VOTE vote request: s4<-s1#0:FAIL-t1. Peer's state: s1@group-AD521306E148:t1, leader=s0, voted=s0, raftlog=s1@group-AD521306E148-SegmentedRaftLog:OPENED:c0, conf=0: [s3|rpc:localhost:40171|admin:localhost:41625|client:localhost:33977|dataStream:localhost:44013|priority:0, s4|rpc:localhost:33595|admin:localhost:33437|client:localhost:36325|dataStream:localhost:46195|priority:0, s0|rpc:localhost:37803|admin:localhost:43483|client:localhost:45147|dataStream:localhost:37009|priority:0, s1|rpc:localhost:40679|admin:localhost:39243|client:localhost:35827|dataStream:localhost:36929|priority:0, s2|rpc:localhost:40201|admin:localhost:35363|client:localhost:39699|dataStream:localhost:40971|priority:0], old=null
2022-06-20 14:45:35,171 [Thread-1] INFO  server.RaftServer$Division (RaftServerImpl.java:requestVote(1184)) - s3@group-AD521306E148 replies to PRE_VOTE vote request: s4<-s3#0:FAIL-t1. Peer's state: s3@group-AD521306E148:t1, leader=s0, voted=s2, raftlog=s3@group-AD521306E148-SegmentedRaftLog:OPENED:c0, conf=0: [s3|rpc:localhost:40171|admin:localhost:41625|client:localhost:33977|dataStream:localhost:44013|priority:0, s4|rpc:localhost:33595|admin:localhost:33437|client:localhost:36325|dataStream:localhost:46195|priority:0, s0|rpc:localhost:37803|admin:localhost:43483|client:localhost:45147|dataStream:localhost:37009|priority:0, s1|rpc:localhost:40679|admin:localhost:39243|client:localhost:35827|dataStream:localhost:36929|priority:0, s2|rpc:localhost:40201|admin:localhost:35363|client:localhost:39699|dataStream:localhost:40971|priority:0], old=null
2022-06-20 14:45:35,172 [s4@group-AD521306E148-LeaderElection30] INFO  impl.LeaderElection (LeaderElection.java:logAndReturn(90)) - s4@group-AD521306E148-LeaderElection30: PRE_VOTE REJECTED received 3 response(s) and 0 exception(s):
2022-06-20 14:45:35,172 [s4@group-AD521306E148-LeaderElection30] INFO  impl.LeaderElection (LeaderElection.java:logAndReturn(94)) -   Response 0: s4<-s3#0:FAIL-t1
2022-06-20 14:45:35,172 [s4@group-AD521306E148-LeaderElection30] INFO  impl.LeaderElection (LeaderElection.java:logAndReturn(94)) -   Response 1: s4<-s0#0:FAIL-t1
2022-06-20 14:45:35,172 [s4@group-AD521306E148-LeaderElection30] INFO  impl.LeaderElection (LeaderElection.java:logAndReturn(94)) -   Response 2: s4<-s1#0:FAIL-t1
2022-06-20 14:45:35,172 [s4@group-AD521306E148-LeaderElection30] INFO  impl.LeaderElection (LeaderElection.java:askForVotes(312)) - s4@group-AD521306E148-LeaderElection30 PRE_VOTE round 0: result REJECTED
2022-06-20 14:45:35,172 [s4@group-AD521306E148-LeaderElection30] INFO  server.RaftServer$Division (RaftServerImpl.java:setRole(299)) - s4@group-AD521306E148: changes role from CANDIDATE to FOLLOWER at term 1 for REJECTED
2022-06-20 14:45:35,172 [s4@group-AD521306E148-LeaderElection30] INFO  impl.RoleInfo (RoleInfo.java:shutdownLeaderElection(130)) - s4: shutdown s4@group-AD521306E148-LeaderElection30
2022-06-20 14:45:35,172 [s4@group-AD521306E148-LeaderElection30] INFO  impl.RoleInfo (RoleInfo.java:updateAndGet(139)) - s4: start s4@group-AD521306E148-FollowerState
2022-06-20 14:45:35,172 [Thread-30] INFO  server.RaftServer$Division (RaftServerImpl.java:requestVote(1184)) - s2@group-AD521306E148 replies to PRE_VOTE vote request: s4<-s2#0:FAIL-t1. Peer's state: s2@group-AD521306E148:t1, leader=s0, voted=s2, raftlog=s2@group-AD521306E148-SegmentedRaftLog:OPENED:c0, conf=0: [s3|rpc:localhost:40171|admin:localhost:41625|client:localhost:33977|dataStream:localhost:44013|priority:0, s4|rpc:localhost:33595|admin:localhost:33437|client:localhost:36325|dataStream:localhost:46195|priority:0, s0|rpc:localhost:37803|admin:localhost:43483|client:localhost:45147|dataStream:localhost:37009|priority:0, s1|rpc:localhost:40679|admin:localhost:39243|client:localhost:35827|dataStream:localhost:36929|priority:0, s2|rpc:localhost:40201|admin:localhost:35363|client:localhost:39699|dataStream:localhost:40971|priority:0], old=null
2022-06-20 14:45:35,218 [Thread-8] INFO  server.RaftServer$Division (RaftServerImpl.java:requestVote(1152)) - s4@group-AD521306E148: receive requestVote(PRE_VOTE, s1, group-AD521306E148, 1, (t:1, i:0))
2022-06-20 14:45:35,218 [Thread-8] INFO  impl.VoteContext (VoteContext.java:log(48)) - s4@group-AD521306E148-FOLLOWER: accept PRE_VOTE from s1: our priority 0 <= candidate's priority 0
2022-06-20 14:45:35,218 [Thread-8] INFO  server.RaftServer$Division (RaftServerImpl.java:requestVote(1184)) - s4@group-AD521306E148 replies to PRE_VOTE vote request: s1<-s4#0:OK-t1. Peer's state: s4@group-AD521306E148:t1, leader=null, voted=s0, raftlog=s4@group-AD521306E148-SegmentedRaftLog:OPENED:c0, conf=0: [s3|rpc:localhost:40171|admin:localhost:41625|client:localhost:33977|dataStream:localhost:44013|priority:0, s4|rpc:localhost:33595|admin:localhost:33437|client:localhost:36325|dataStream:localhost:46195|priority:0, s0|rpc:localhost:37803|admin:localhost:43483|client:localhost:45147|dataStream:localhost:37009|priority:0, s1|rpc:localhost:40679|admin:localhost:39243|client:localhost:35827|dataStream:localhost:36929|priority:0, s2|rpc:localhost:40201|admin:localhost:35363|client:localhost:39699|dataStream:localhost:40971|priority:0], old=null
2022-06-20 14:45:35,250 [Thread-7] INFO  server.RaftServer$Division (ServerState.java:setLeader(291)) - s4@group-AD521306E148: change Leader from null to s0 at term 1 for appendEntries, leader elected after 229ms
2022-06-20 14:45:35,318 [Thread-9] INFO  server.RaftServer$Division (RaftServerImpl.java:requestVote(1152)) - s4@group-AD521306E148: receive requestVote(PRE_VOTE, s1, group-AD521306E148, 1, (t:1, i:0))
2022-06-20 14:45:35,318 [Thread-9] INFO  impl.VoteContext (VoteContext.java:log(48)) - s4@group-AD521306E148-FOLLOWER: reject PRE_VOTE from s1: this server is a follower and still has a valid leader s0
2022-06-20 14:45:35,318 [Thread-9] INFO  server.RaftServer$Division (RaftServerImpl.java:requestVote(1184)) - s4@group-AD521306E148 replies to PRE_VOTE vote request: s1<-s4#0:FAIL-t1. Peer's state: s4@group-AD521306E148:t1, leader=s0, voted=s0, raftlog=s4@group-AD521306E148-SegmentedRaftLog:OPENED:c0, conf=0: [s3|rpc:localhost:40171|admin:localhost:41625|client:localhost:33977|dataStream:localhost:44013|priority:0, s4|rpc:localhost:33595|admin:localhost:33437|client:localhost:36325|dataStream:localhost:46195|priority:0, s0|rpc:localhost:37803|admin:localhost:43483|client:localhost:45147|dataStream:localhost:37009|priority:0, s1|rpc:localhost:40679|admin:localhost:39243|client:localhost:35827|dataStream:localhost:36929|priority:0, s2|rpc:localhost:40201|admin:localhost:35363|client:localhost:39699|dataStream:localhost:40971|priority:0], old=null
2022-06-20 14:45:35,491 [Time-limited test] INFO  simulation.TestLeaderElectionWithSimulatedRpc (LeaderElectionTests.java:enforceLeader(246)) - printing ALL groups
  s3:  RUNNING  FOLLOWER s3@group-AD521306E148:t1, leader=s0, voted=s2, raftlog=s3@group-AD521306E148-SegmentedRaftLog:OPENED:c0, conf=0: [s3|rpc:localhost:40171|admin:localhost:41625|client:localhost:33977|dataStream:localhost:44013|priority:0, s4|rpc:localhost:33595|admin:localhost:33437|client:localhost:36325|dataStream:localhost:46195|priority:0, s0|rpc:localhost:37803|admin:localhost:43483|client:localhost:45147|dataStream:localhost:37009|priority:0, s1|rpc:localhost:40679|admin:localhost:39243|client:localhost:35827|dataStream:localhost:36929|priority:0, s2|rpc:localhost:40201|admin:localhost:35363|client:localhost:39699|dataStream:localhost:40971|priority:0], old=null RUNNING
  s4:  RUNNING  FOLLOWER s4@group-AD521306E148:t1, leader=s0, voted=s0, raftlog=s4@group-AD521306E148-SegmentedRaftLog:OPENED:c0, conf=0: [s3|rpc:localhost:40171|admin:localhost:41625|client:localhost:33977|dataStream:localhost:44013|priority:0, s4|rpc:localhost:33595|admin:localhost:33437|client:localhost:36325|dataStream:localhost:46195|priority:0, s0|rpc:localhost:37803|admin:localhost:43483|client:localhost:45147|dataStream:localhost:37009|priority:0, s1|rpc:localhost:40679|admin:localhost:39243|client:localhost:35827|dataStream:localhost:36929|priority:0, s2|rpc:localhost:40201|admin:localhost:35363|client:localhost:39699|dataStream:localhost:40971|priority:0], old=null RUNNING
  s0:  RUNNING    LEADER s0@group-AD521306E148:t1, leader=s0, voted=s0, raftlog=s0@group-AD521306E148-SegmentedRaftLog:OPENED:c0, conf=0: [s3|rpc:localhost:40171|admin:localhost:41625|client:localhost:33977|dataStream:localhost:44013|priority:0, s4|rpc:localhost:33595|admin:localhost:33437|client:localhost:36325|dataStream:localhost:46195|priority:0, s0|rpc:localhost:37803|admin:localhost:43483|client:localhost:45147|dataStream:localhost:37009|priority:0, s1|rpc:localhost:40679|admin:localhost:39243|client:localhost:35827|dataStream:localhost:36929|priority:0, s2|rpc:localhost:40201|admin:localhost:35363|client:localhost:39699|dataStream:localhost:40971|priority:0], old=null RUNNING
  s1:  RUNNING  FOLLOWER s1@group-AD521306E148:t1, leader=s0, voted=s0, raftlog=s1@group-AD521306E148-SegmentedRaftLog:OPENED:c0, conf=0: [s3|rpc:localhost:40171|admin:localhost:41625|client:localhost:33977|dataStream:localhost:44013|priority:0, s4|rpc:localhost:33595|admin:localhost:33437|client:localhost:36325|dataStream:localhost:46195|priority:0, s0|rpc:localhost:37803|admin:localhost:43483|client:localhost:45147|dataStream:localhost:37009|priority:0, s1|rpc:localhost:40679|admin:localhost:39243|client:localhost:35827|dataStream:localhost:36929|priority:0, s2|rpc:localhost:40201|admin:localhost:35363|client:localhost:39699|dataStream:localhost:40971|priority:0], old=null RUNNING
  s2:  RUNNING  FOLLOWER s2@group-AD521306E148:t1, leader=s0, voted=s2, raftlog=s2@group-AD521306E148-SegmentedRaftLog:OPENED:c0, conf=0: [s3|rpc:localhost:40171|admin:localhost:41625|client:localhost:33977|dataStream:localhost:44013|priority:0, s4|rpc:localhost:33595|admin:localhost:33437|client:localhost:36325|dataStream:localhost:46195|priority:0, s0|rpc:localhost:37803|admin:localhost:43483|client:localhost:45147|dataStream:localhost:37009|priority:0, s1|rpc:localhost:40679|admin:localhost:39243|client:localhost:35827|dataStream:localhost:36929|priority:0, s2|rpc:localhost:40201|admin:localhost:35363|client:localhost:39699|dataStream:localhost:40971|priority:0], old=null RUNNING
2022-06-20 14:45:35,492 [Time-limited test] INFO  impl.MiniRaftCluster (MiniRaftCluster.java:shutdown(760)) - ************************************************************** 
2022-06-20 14:45:35,492 [Time-limited test] INFO  impl.MiniRaftCluster (MiniRaftCluster.java:shutdown(761)) - *** 
2022-06-20 14:45:35,492 [Time-limited test] INFO  impl.MiniRaftCluster (MiniRaftCluster.java:shutdown(762)) - ***     Stopping MiniRaftClusterWithSimulatedRpc
2022-06-20 14:45:35,492 [Time-limited test] INFO  impl.MiniRaftCluster (MiniRaftCluster.java:shutdown(763)) - *** 
2022-06-20 14:45:35,492 [Time-limited test] INFO  impl.MiniRaftCluster (MiniRaftCluster.java:shutdown(764)) - ************************************************************** 
2022-06-20 14:45:35,492 [Time-limited test] INFO  impl.MiniRaftCluster (MiniRaftCluster.java:shutdown(765)) - printing ALL groups
  s3:  RUNNING  FOLLOWER s3@group-AD521306E148:t1, leader=s0, voted=s2, raftlog=s3@group-AD521306E148-SegmentedRaftLog:OPENED:c0, conf=0: [s3|rpc:localhost:40171|admin:localhost:41625|client:localhost:33977|dataStream:localhost:44013|priority:0, s4|rpc:localhost:33595|admin:localhost:33437|client:localhost:36325|dataStream:localhost:46195|priority:0, s0|rpc:localhost:37803|admin:localhost:43483|client:localhost:45147|dataStream:localhost:37009|priority:0, s1|rpc:localhost:40679|admin:localhost:39243|client:localhost:35827|dataStream:localhost:36929|priority:0, s2|rpc:localhost:40201|admin:localhost:35363|client:localhost:39699|dataStream:localhost:40971|priority:0], old=null RUNNING
  s4:  RUNNING  FOLLOWER s4@group-AD521306E148:t1, leader=s0, voted=s0, raftlog=s4@group-AD521306E148-SegmentedRaftLog:OPENED:c0, conf=0: [s3|rpc:localhost:40171|admin:localhost:41625|client:localhost:33977|dataStream:localhost:44013|priority:0, s4|rpc:localhost:33595|admin:localhost:33437|client:localhost:36325|dataStream:localhost:46195|priority:0, s0|rpc:localhost:37803|admin:localhost:43483|client:localhost:45147|dataStream:localhost:37009|priority:0, s1|rpc:localhost:40679|admin:localhost:39243|client:localhost:35827|dataStream:localhost:36929|priority:0, s2|rpc:localhost:40201|admin:localhost:35363|client:localhost:39699|dataStream:localhost:40971|priority:0], old=null RUNNING
  s0:  RUNNING    LEADER s0@group-AD521306E148:t1, leader=s0, voted=s0, raftlog=s0@group-AD521306E148-SegmentedRaftLog:OPENED:c0, conf=0: [s3|rpc:localhost:40171|admin:localhost:41625|client:localhost:33977|dataStream:localhost:44013|priority:0, s4|rpc:localhost:33595|admin:localhost:33437|client:localhost:36325|dataStream:localhost:46195|priority:0, s0|rpc:localhost:37803|admin:localhost:43483|client:localhost:45147|dataStream:localhost:37009|priority:0, s1|rpc:localhost:40679|admin:localhost:39243|client:localhost:35827|dataStream:localhost:36929|priority:0, s2|rpc:localhost:40201|admin:localhost:35363|client:localhost:39699|dataStream:localhost:40971|priority:0], old=null RUNNING
  s1:  RUNNING  FOLLOWER s1@group-AD521306E148:t1, leader=s0, voted=s0, raftlog=s1@group-AD521306E148-SegmentedRaftLog:OPENED:c0, conf=0: [s3|rpc:localhost:40171|admin:localhost:41625|client:localhost:33977|dataStream:localhost:44013|priority:0, s4|rpc:localhost:33595|admin:localhost:33437|client:localhost:36325|dataStream:localhost:46195|priority:0, s0|rpc:localhost:37803|admin:localhost:43483|client:localhost:45147|dataStream:localhost:37009|priority:0, s1|rpc:localhost:40679|admin:localhost:39243|client:localhost:35827|dataStream:localhost:36929|priority:0, s2|rpc:localhost:40201|admin:localhost:35363|client:localhost:39699|dataStream:localhost:40971|priority:0], old=null RUNNING
  s2:  RUNNING  FOLLOWER s2@group-AD521306E148:t1, leader=s0, voted=s2, raftlog=s2@group-AD521306E148-SegmentedRaftLog:OPENED:c0, conf=0: [s3|rpc:localhost:40171|admin:localhost:41625|client:localhost:33977|dataStream:localhost:44013|priority:0, s4|rpc:localhost:33595|admin:localhost:33437|client:localhost:36325|dataStream:localhost:46195|priority:0, s0|rpc:localhost:37803|admin:localhost:43483|client:localhost:45147|dataStream:localhost:37009|priority:0, s1|rpc:localhost:40679|admin:localhost:39243|client:localhost:35827|dataStream:localhost:36929|priority:0, s2|rpc:localhost:40201|admin:localhost:35363|client:localhost:39699|dataStream:localhost:40971|priority:0], old=null RUNNING
2022-06-20 14:45:35,495 [java.util.concurrent.ThreadPoolExecutor$Worker@33d0e44b[State = -1, empty queue]] INFO  server.RaftServer (RaftServerProxy.java:lambda$close$7(398)) - s3: close
2022-06-20 14:45:35,495 [java.util.concurrent.ThreadPoolExecutor$Worker@43475d82[State = -1, empty queue]] INFO  server.RaftServer (RaftServerProxy.java:lambda$close$7(398)) - s4: close
2022-06-20 14:45:35,496 [java.util.concurrent.ThreadPoolExecutor$Worker@383d6874[State = -1, empty queue]] INFO  server.RaftServer (RaftServerProxy.java:lambda$close$7(398)) - s0: close
2022-06-20 14:45:35,496 [java.util.concurrent.ThreadPoolExecutor$Worker@1f4515c[State = -1, empty queue]] INFO  server.RaftServer (RaftServerProxy.java:lambda$close$7(398)) - s1: close
2022-06-20 14:45:35,496 [java.util.concurrent.ThreadPoolExecutor$Worker@43475d82[State = -1, empty queue]] INFO  server.RaftServer$Division (RaftServerImpl.java:lambda$close$4(434)) - s4@group-AD521306E148: shutdown
2022-06-20 14:45:35,497 [java.util.concurrent.ThreadPoolExecutor$Worker@1f4515c[State = -1, empty queue]] INFO  server.RaftServer$Division (RaftServerImpl.java:lambda$close$4(434)) - s1@group-AD521306E148: shutdown
2022-06-20 14:45:35,497 [java.util.concurrent.ThreadPoolExecutor$Worker@43475d82[State = -1, empty queue]] INFO  util.JmxRegister (JmxRegister.java:unregister(73)) - Successfully un-registered JMX Bean with object name Ratis:service=RaftServer,group=group-AD521306E148,id=s4
2022-06-20 14:45:35,497 [java.util.concurrent.ThreadPoolExecutor$Worker@43475d82[State = -1, empty queue]] INFO  impl.RoleInfo (RoleInfo.java:shutdownFollowerState(110)) - s4: shutdown s4@group-AD521306E148-FollowerState
2022-06-20 14:45:35,497 [java.util.concurrent.ThreadPoolExecutor$Worker@43475d82[State = -1, empty queue]] INFO  impl.StateMachineUpdater (StateMachineUpdater.java:stopAndJoin(153)) - s4@group-AD521306E148-StateMachineUpdater: set stopIndex = 0
2022-06-20 14:45:35,497 [java.util.concurrent.ThreadPoolExecutor$Worker@1f4515c[State = -1, empty queue]] INFO  util.JmxRegister (JmxRegister.java:unregister(73)) - Successfully un-registered JMX Bean with object name Ratis:service=RaftServer,group=group-AD521306E148,id=s1
2022-06-20 14:45:35,499 [java.util.concurrent.ThreadPoolExecutor$Worker@1f4515c[State = -1, empty queue]] INFO  impl.RoleInfo (RoleInfo.java:shutdownFollowerState(110)) - s1: shutdown s1@group-AD521306E148-FollowerState
2022-06-20 14:45:35,498 [java.util.concurrent.ThreadPoolExecutor$Worker@35b20f95[State = -1, empty queue]] INFO  server.RaftServer (RaftServerProxy.java:lambda$close$7(398)) - s2: close
2022-06-20 14:45:35,498 [java.util.concurrent.ThreadPoolExecutor$Worker@43475d82[State = -1, empty queue]] INFO  server.RaftServer$Division (ServerState.java:close(433)) - s4@group-AD521306E148: closes. applyIndex: 0
2022-06-20 14:45:35,499 [java.util.concurrent.ThreadPoolExecutor$Worker@1f4515c[State = -1, empty queue]] INFO  impl.StateMachineUpdater (StateMachineUpdater.java:stopAndJoin(153)) - s1@group-AD521306E148-StateMachineUpdater: set stopIndex = 0
2022-06-20 14:45:35,499 [java.util.concurrent.ThreadPoolExecutor$Worker@1f4515c[State = -1, empty queue]] INFO  server.RaftServer$Division (ServerState.java:close(433)) - s1@group-AD521306E148: closes. applyIndex: 0
2022-06-20 14:45:35,501 [s1@group-AD521306E148-SegmentedRaftLogWorker] INFO  segmented.SegmentedRaftLogWorker (SegmentedRaftLogWorker.java:run(336)) - s1@group-AD521306E148-SegmentedRaftLogWorker was interrupted, exiting. There are 0 tasks remaining in the queue.
2022-06-20 14:45:35,498 [java.util.concurrent.ThreadPoolExecutor$Worker@33d0e44b[State = -1, empty queue]] INFO  server.RaftServer$Division (RaftServerImpl.java:lambda$close$4(434)) - s3@group-AD521306E148: shutdown
2022-06-20 14:45:35,501 [java.util.concurrent.ThreadPoolExecutor$Worker@33d0e44b[State = -1, empty queue]] INFO  util.JmxRegister (JmxRegister.java:unregister(73)) - Successfully un-registered JMX Bean with object name Ratis:service=RaftServer,group=group-AD521306E148,id=s3
2022-06-20 14:45:35,501 [java.util.concurrent.ThreadPoolExecutor$Worker@33d0e44b[State = -1, empty queue]] INFO  impl.RoleInfo (RoleInfo.java:shutdownFollowerState(110)) - s3: shutdown s3@group-AD521306E148-FollowerState
2022-06-20 14:45:35,501 [java.util.concurrent.ThreadPoolExecutor$Worker@33d0e44b[State = -1, empty queue]] INFO  impl.StateMachineUpdater (StateMachineUpdater.java:stopAndJoin(153)) - s3@group-AD521306E148-StateMachineUpdater: set stopIndex = 0
2022-06-20 14:45:35,502 [java.util.concurrent.ThreadPoolExecutor$Worker@1f4515c[State = -1, empty queue]] INFO  segmented.SegmentedRaftLogWorker (SegmentedRaftLogWorker.java:close(246)) - s1@group-AD521306E148-SegmentedRaftLogWorker close()
2022-06-20 14:45:35,503 [java.util.concurrent.ThreadPoolExecutor$Worker@35b20f95[State = -1, empty queue]] INFO  server.RaftServer$Division (RaftServerImpl.java:lambda$close$4(434)) - s2@group-AD521306E148: shutdown
2022-06-20 14:45:35,503 [java.util.concurrent.ThreadPoolExecutor$Worker@35b20f95[State = -1, empty queue]] INFO  util.JmxRegister (JmxRegister.java:unregister(73)) - Successfully un-registered JMX Bean with object name Ratis:service=RaftServer,group=group-AD521306E148,id=s2
2022-06-20 14:45:35,504 [java.util.concurrent.ThreadPoolExecutor$Worker@35b20f95[State = -1, empty queue]] INFO  impl.RoleInfo (RoleInfo.java:shutdownFollowerState(110)) - s2: shutdown s2@group-AD521306E148-FollowerState
2022-06-20 14:45:35,497 [java.util.concurrent.ThreadPoolExecutor$Worker@383d6874[State = -1, empty queue]] INFO  server.RaftServer$Division (RaftServerImpl.java:lambda$close$4(434)) - s0@group-AD521306E148: shutdown
2022-06-20 14:45:35,504 [java.util.concurrent.ThreadPoolExecutor$Worker@383d6874[State = -1, empty queue]] INFO  util.JmxRegister (JmxRegister.java:unregister(73)) - Successfully un-registered JMX Bean with object name Ratis:service=RaftServer,group=group-AD521306E148,id=s0
2022-06-20 14:45:35,504 [java.util.concurrent.ThreadPoolExecutor$Worker@383d6874[State = -1, empty queue]] INFO  impl.RoleInfo (RoleInfo.java:shutdownLeaderState(93)) - s0: shutdown s0@group-AD521306E148-LeaderStateImpl
2022-06-20 14:45:35,504 [java.util.concurrent.ThreadPoolExecutor$Worker@33d0e44b[State = -1, empty queue]] INFO  server.RaftServer$Division (ServerState.java:close(433)) - s3@group-AD521306E148: closes. applyIndex: 0
2022-06-20 14:45:35,504 [Thread-24] INFO  simulation.RequestHandler (RequestHandler.java:run(126)) - s1.clientHandler0 is interrupted by java.io.InterruptedIOException: 
2022-06-20 14:45:35,504 [java.util.concurrent.ThreadPoolExecutor$Worker@35b20f95[State = -1, empty queue]] INFO  impl.StateMachineUpdater (StateMachineUpdater.java:stopAndJoin(153)) - s2@group-AD521306E148-StateMachineUpdater: set stopIndex = 0
2022-06-20 14:45:35,504 [s3@group-AD521306E148-SegmentedRaftLogWorker] INFO  segmented.SegmentedRaftLogWorker (SegmentedRaftLogWorker.java:run(336)) - s3@group-AD521306E148-SegmentedRaftLogWorker was interrupted, exiting. There are 0 tasks remaining in the queue.
2022-06-20 14:45:35,497 [s4@group-AD521306E148-FollowerState] INFO  impl.FollowerState (FollowerState.java:run(152)) - s4@group-AD521306E148-FollowerState was interrupted
2022-06-20 14:45:35,504 [Thread-26] INFO  simulation.RequestHandler (RequestHandler.java:run(126)) - s1.clientHandler2 is interrupted by java.io.InterruptedIOException: 
2022-06-20 14:45:35,504 [Thread-25] INFO  simulation.RequestHandler (RequestHandler.java:run(126)) - s1.clientHandler1 is interrupted by java.io.InterruptedIOException: 
2022-06-20 14:45:35,499 [s1@group-AD521306E148-FollowerState] INFO  impl.FollowerState (FollowerState.java:run(152)) - s1@group-AD521306E148-FollowerState was interrupted
2022-06-20 14:45:35,505 [java.util.concurrent.ThreadPoolExecutor$Worker@33d0e44b[State = -1, empty queue]] INFO  segmented.SegmentedRaftLogWorker (SegmentedRaftLogWorker.java:close(246)) - s3@group-AD521306E148-SegmentedRaftLogWorker close()
2022-06-20 14:45:35,506 [Thread-3] INFO  simulation.RequestHandler (RequestHandler.java:run(126)) - s3.clientHandler0 is interrupted by java.io.InterruptedIOException: 
2022-06-20 14:45:35,506 [Thread-4] INFO  simulation.RequestHandler (RequestHandler.java:run(126)) - s3.clientHandler1 is interrupted by java.io.InterruptedIOException: 
2022-06-20 14:45:35,506 [Thread-5] INFO  simulation.RequestHandler (RequestHandler.java:run(126)) - s3.clientHandler2 is interrupted by java.io.InterruptedIOException: 
2022-06-20 14:45:35,506 [java.util.concurrent.ThreadPoolExecutor$Worker@35b20f95[State = -1, empty queue]] INFO  server.RaftServer$Division (ServerState.java:close(433)) - s2@group-AD521306E148: closes. applyIndex: 0
2022-06-20 14:45:35,507 [s2@group-AD521306E148-FollowerState] INFO  impl.FollowerState (FollowerState.java:run(152)) - s2@group-AD521306E148-FollowerState was interrupted
2022-06-20 14:45:35,507 [Thread-22] INFO  simulation.RequestHandler (RequestHandler.java:run(126)) - s1.serverHandler1 is interrupted by java.io.InterruptedIOException: 
2022-06-20 14:45:35,507 [s3@group-AD521306E148-FollowerState] INFO  impl.FollowerState (FollowerState.java:run(152)) - s3@group-AD521306E148-FollowerState was interrupted
2022-06-20 14:45:35,506 [Thread-2] INFO  simulation.RequestHandler (RequestHandler.java:run(126)) - s3.serverHandler2 is interrupted by java.io.InterruptedIOException: 
2022-06-20 14:45:35,507 [Thread-23] INFO  simulation.RequestHandler (RequestHandler.java:run(126)) - s1.serverHandler2 is interrupted by java.io.InterruptedIOException: 
2022-06-20 14:45:35,506 [Thread-1] INFO  simulation.RequestHandler (RequestHandler.java:run(126)) - s3.serverHandler1 is interrupted by java.io.InterruptedIOException: 
2022-06-20 14:45:35,507 [s4@group-AD521306E148-SegmentedRaftLogWorker] INFO  segmented.SegmentedRaftLogWorker (SegmentedRaftLogWorker.java:run(336)) - s4@group-AD521306E148-SegmentedRaftLogWorker was interrupted, exiting. There are 0 tasks remaining in the queue.
2022-06-20 14:45:35,506 [Thread-0] INFO  simulation.RequestHandler (RequestHandler.java:run(126)) - s3.serverHandler0 is interrupted by java.io.InterruptedIOException: 
2022-06-20 14:45:35,507 [Thread-21] INFO  simulation.RequestHandler (RequestHandler.java:run(126)) - s1.serverHandler0 is interrupted by java.io.InterruptedIOException: 
2022-06-20 14:45:35,507 [org.apache.ratis.util.JvmPauseMonitor$$Lambda$260/721331247@4def0567] INFO  util.JvmPauseMonitor (JvmPauseMonitor.java:run(109)) - JvmPauseMonitor-s3: Stopped
2022-06-20 14:45:35,508 [org.apache.ratis.util.JvmPauseMonitor$$Lambda$260/721331247@1c72b66b] INFO  util.JvmPauseMonitor (JvmPauseMonitor.java:run(109)) - JvmPauseMonitor-s1: Stopped
2022-06-20 14:45:35,508 [java.util.concurrent.ThreadPoolExecutor$Worker@43475d82[State = -1, empty queue]] INFO  segmented.SegmentedRaftLogWorker (SegmentedRaftLogWorker.java:close(246)) - s4@group-AD521306E148-SegmentedRaftLogWorker close()
2022-06-20 14:45:35,508 [s0@group-AD521306E148->s3-LogAppenderDefault-LogAppenderDaemon] INFO  leader.LogAppenderDaemon (LogAppenderDaemon.java:run(82)) - s0@group-AD521306E148->s3-LogAppenderDefault-LogAppenderDaemon was interrupted: java.lang.InterruptedException
2022-06-20 14:45:35,510 [s0@group-AD521306E148->s4-LogAppenderDefault-LogAppenderDaemon] INFO  leader.LogAppenderDaemon (LogAppenderDaemon.java:run(82)) - s0@group-AD521306E148->s4-LogAppenderDefault-LogAppenderDaemon was interrupted: java.lang.InterruptedException
2022-06-20 14:45:35,510 [s0@group-AD521306E148->s1-LogAppenderDefault-LogAppenderDaemon] INFO  leader.LogAppenderDaemon (LogAppenderDaemon.java:run(82)) - s0@group-AD521306E148->s1-LogAppenderDefault-LogAppenderDaemon was interrupted: java.lang.InterruptedException
2022-06-20 14:45:35,510 [s0@group-AD521306E148->s2-LogAppenderDefault-LogAppenderDaemon] INFO  leader.LogAppenderDaemon (LogAppenderDaemon.java:run(82)) - s0@group-AD521306E148->s2-LogAppenderDefault-LogAppenderDaemon was interrupted: java.lang.InterruptedException
2022-06-20 14:45:35,511 [s2@group-AD521306E148-SegmentedRaftLogWorker] INFO  segmented.SegmentedRaftLogWorker (SegmentedRaftLogWorker.java:run(336)) - s2@group-AD521306E148-SegmentedRaftLogWorker was interrupted, exiting. There are 0 tasks remaining in the queue.
2022-06-20 14:45:35,512 [java.util.concurrent.ThreadPoolExecutor$Worker@35b20f95[State = -1, empty queue]] INFO  segmented.SegmentedRaftLogWorker (SegmentedRaftLogWorker.java:close(246)) - s2@group-AD521306E148-SegmentedRaftLogWorker close()
2022-06-20 14:45:35,512 [Thread-10] INFO  simulation.RequestHandler (RequestHandler.java:run(126)) - s4.clientHandler0 is interrupted by java.io.InterruptedIOException: 
2022-06-20 14:45:35,512 [Thread-11] INFO  simulation.RequestHandler (RequestHandler.java:run(126)) - s4.clientHandler1 is interrupted by java.io.InterruptedIOException: 
2022-06-20 14:45:35,512 [Thread-12] INFO  simulation.RequestHandler (RequestHandler.java:run(126)) - s4.clientHandler2 is interrupted by java.io.InterruptedIOException: 
2022-06-20 14:45:35,512 [Thread-7] INFO  simulation.RequestHandler (RequestHandler.java:run(126)) - s4.serverHandler0 is interrupted by java.io.InterruptedIOException: 
2022-06-20 14:45:35,512 [Thread-8] INFO  simulation.RequestHandler (RequestHandler.java:run(126)) - s4.serverHandler1 is interrupted by java.io.InterruptedIOException: 
2022-06-20 14:45:35,512 [Thread-9] INFO  simulation.RequestHandler (RequestHandler.java:run(126)) - s4.serverHandler2 is interrupted by java.io.InterruptedIOException: 
2022-06-20 14:45:35,513 [org.apache.ratis.util.JvmPauseMonitor$$Lambda$260/721331247@30683931] INFO  util.JvmPauseMonitor (JvmPauseMonitor.java:run(109)) - JvmPauseMonitor-s4: Stopped
2022-06-20 14:45:35,513 [Thread-31] INFO  simulation.RequestHandler (RequestHandler.java:run(126)) - s2.clientHandler0 is interrupted by java.io.InterruptedIOException: 
2022-06-20 14:45:35,513 [Thread-32] INFO  simulation.RequestHandler (RequestHandler.java:run(126)) - s2.clientHandler1 is interrupted by java.io.InterruptedIOException: 
2022-06-20 14:45:35,513 [Thread-33] INFO  simulation.RequestHandler (RequestHandler.java:run(126)) - s2.clientHandler2 is interrupted by java.io.InterruptedIOException: 
2022-06-20 14:45:35,513 [Thread-28] INFO  simulation.RequestHandler (RequestHandler.java:run(126)) - s2.serverHandler0 is interrupted by java.io.InterruptedIOException: 
2022-06-20 14:45:35,513 [Thread-29] INFO  simulation.RequestHandler (RequestHandler.java:run(126)) - s2.serverHandler1 is interrupted by java.io.InterruptedIOException: 
2022-06-20 14:45:35,514 [Thread-30] INFO  simulation.RequestHandler (RequestHandler.java:run(126)) - s2.serverHandler2 is interrupted by java.io.InterruptedIOException: 
2022-06-20 14:45:35,514 [org.apache.ratis.util.JvmPauseMonitor$$Lambda$260/721331247@328d2b85] INFO  util.JvmPauseMonitor (JvmPauseMonitor.java:run(109)) - JvmPauseMonitor-s2: Stopped
2022-06-20 14:45:35,514 [java.util.concurrent.ThreadPoolExecutor$Worker@383d6874[State = -1, empty queue]] INFO  impl.PendingRequests (PendingRequests.java:sendNotLeaderResponses(282)) - s0@group-AD521306E148-PendingRequests: sendNotLeaderResponses
2022-06-20 14:45:35,515 [java.util.concurrent.ThreadPoolExecutor$Worker@383d6874[State = -1, empty queue]] INFO  impl.StateMachineUpdater (StateMachineUpdater.java:stopAndJoin(153)) - s0@group-AD521306E148-StateMachineUpdater: set stopIndex = 0
2022-06-20 14:45:35,516 [java.util.concurrent.ThreadPoolExecutor$Worker@383d6874[State = -1, empty queue]] INFO  server.RaftServer$Division (ServerState.java:close(433)) - s0@group-AD521306E148: closes. applyIndex: 0
2022-06-20 14:45:35,516 [s0@group-AD521306E148-SegmentedRaftLogWorker] INFO  segmented.SegmentedRaftLogWorker (SegmentedRaftLogWorker.java:run(336)) - s0@group-AD521306E148-SegmentedRaftLogWorker was interrupted, exiting. There are 0 tasks remaining in the queue.
2022-06-20 14:45:35,517 [java.util.concurrent.ThreadPoolExecutor$Worker@383d6874[State = -1, empty queue]] INFO  segmented.SegmentedRaftLogWorker (SegmentedRaftLogWorker.java:close(246)) - s0@group-AD521306E148-SegmentedRaftLogWorker close()
2022-06-20 14:45:35,517 [Thread-17] INFO  simulation.RequestHandler (RequestHandler.java:run(126)) - s0.clientHandler0 is interrupted by java.io.InterruptedIOException: 
2022-06-20 14:45:35,517 [Thread-18] INFO  simulation.RequestHandler (RequestHandler.java:run(126)) - s0.clientHandler1 is interrupted by java.io.InterruptedIOException: 
2022-06-20 14:45:35,517 [Thread-19] INFO  simulation.RequestHandler (RequestHandler.java:run(126)) - s0.clientHandler2 is interrupted by java.io.InterruptedIOException: 
2022-06-20 14:45:35,517 [Thread-14] INFO  simulation.RequestHandler (RequestHandler.java:run(126)) - s0.serverHandler0 is interrupted by java.io.InterruptedIOException: 
2022-06-20 14:45:35,517 [Thread-15] INFO  simulation.RequestHandler (RequestHandler.java:run(126)) - s0.serverHandler1 is interrupted by java.io.InterruptedIOException: 
2022-06-20 14:45:35,517 [Thread-16] INFO  simulation.RequestHandler (RequestHandler.java:run(126)) - s0.serverHandler2 is interrupted by java.io.InterruptedIOException: 
2022-06-20 14:45:35,518 [org.apache.ratis.util.JvmPauseMonitor$$Lambda$260/721331247@599d666] INFO  util.JvmPauseMonitor (JvmPauseMonitor.java:run(109)) - JvmPauseMonitor-s0: Stopped
2022-06-20 14:45:35,520 [Time-limited test] INFO  impl.MiniRaftCluster (MiniRaftCluster.java:shutdown(783)) - MiniRaftClusterWithSimulatedRpc shutdown completed
]]></system-out>
  </testcase>
  <testcase name="testLostMajorityHeartbeats" classname="org.apache.ratis.server.simulation.TestLeaderElectionWithSimulatedRpc" time="1.125"/>
  <testcase name="testLateServerStart" classname="org.apache.ratis.server.simulation.TestLeaderElectionWithSimulatedRpc" time="4.487"/>
  <testcase name="testPreVote" classname="org.apache.ratis.server.simulation.TestLeaderElectionWithSimulatedRpc" time="4.583"/>
  <testcase name="testTransferLeaderTimeout" classname="org.apache.ratis.server.simulation.TestLeaderElectionWithSimulatedRpc" time="5.545"/>
  <testcase name="testBasicLeaderElection" classname="org.apache.ratis.server.simulation.TestLeaderElectionWithSimulatedRpc" time="5.516"/>
  <testcase name="testTransferLeader" classname="org.apache.ratis.server.simulation.TestLeaderElectionWithSimulatedRpc" time="1.455"/>
  <testcase name="testPauseResumeLeaderElection" classname="org.apache.ratis.server.simulation.TestLeaderElectionWithSimulatedRpc" time="0.95"/>
  <testcase name="testChangeLeader" classname="org.apache.ratis.server.simulation.TestLeaderElectionWithSimulatedRpc" time="5.41"/>
  <testcase name="testShutdownBeforeStart" classname="org.apache.ratis.server.simulation.TestLeaderElectionWithSimulatedRpc" time="1.401"/>
  <testcase name="testImmediatelyRevertedToFollower" classname="org.apache.ratis.server.simulation.TestLeaderElectionWithSimulatedRpc" time="0.012"/>
  <testcase name="testLeaderElectionMetrics" classname="org.apache.ratis.server.simulation.TestLeaderElectionWithSimulatedRpc" time="0.573"/>
</testsuite>