<?xml version="1.0" encoding="UTF-8"?>
<testsuite xmlns:xsi="http://www.w3.org/2001/XMLSchema-instance" xsi:noNamespaceSchemaLocation="https://maven.apache.org/surefire/maven-surefire-plugin/xsd/surefire-test-report.xsd" name="org.apache.ratis.datastream.TestNettyDataStreamStarTopologyWithGrpcCluster" time="431.532" tests="4" errors="1" skipped="0" failures="0">
  <properties>
    <property name="awt.toolkit" value="sun.awt.X11.XToolkit"/>
    <property name="file.encoding.pkg" value="sun.io"/>
    <property name="java.specification.version" value="1.8"/>
    <property name="sun.cpu.isalist" value=""/>
    <property name="sun.jnu.encoding" value="UTF-8"/>
    <property name="java.class.path" value="/home/runner/work/ratis/ratis/ratis-test/target/test-classes:/home/runner/work/ratis/ratis/ratis-test/target/classes:/home/runner/work/ratis/ratis/ratis-common/target/classes:/home/runner/.m2/repository/org/apache/ratis/ratis-thirdparty-misc/1.0.1/ratis-thirdparty-misc-1.0.1.jar:/home/runner/work/ratis/ratis/ratis-proto/target/ratis-proto-3.0.0-SNAPSHOT.jar:/home/runner/work/ratis/ratis/ratis-common/target/test-classes:/home/runner/work/ratis/ratis/ratis-client/target/classes:/home/runner/work/ratis/ratis/ratis-server/target/classes:/home/runner/work/ratis/ratis/ratis-server-api/target/classes:/home/runner/work/ratis/ratis/ratis-metrics/target/classes:/home/runner/work/ratis/ratis/ratis-server/target/test-classes:/home/runner/work/ratis/ratis/ratis-netty/target/classes:/home/runner/work/ratis/ratis/ratis-netty/target/test-classes:/home/runner/work/ratis/ratis/ratis-grpc/target/classes:/home/runner/work/ratis/ratis/ratis-grpc/target/test-classes:/home/runner/.m2/repository/org/slf4j/slf4j-api/1.7.29/slf4j-api-1.7.29.jar:/home/runner/.m2/repository/org/slf4j/slf4j-log4j12/1.7.29/slf4j-log4j12-1.7.29.jar:/home/runner/.m2/repository/log4j/log4j/1.2.17/log4j-1.2.17.jar:/home/runner/.m2/repository/junit/junit/4.13.2/junit-4.13.2.jar:/home/runner/.m2/repository/org/hamcrest/hamcrest-core/1.3/hamcrest-core-1.3.jar:/home/runner/.m2/repository/org/mockito/mockito-core/4.3.1/mockito-core-4.3.1.jar:/home/runner/.m2/repository/net/bytebuddy/byte-buddy/1.12.7/byte-buddy-1.12.7.jar:/home/runner/.m2/repository/net/bytebuddy/byte-buddy-agent/1.12.7/byte-buddy-agent-1.12.7.jar:/home/runner/.m2/repository/org/objenesis/objenesis/3.2/objenesis-3.2.jar:/home/runner/work/ratis/ratis/ratis-shell/target/classes:/home/runner/.m2/repository/commons-cli/commons-cli/1.5.0/commons-cli-1.5.0.jar:/home/runner/.m2/repository/org/reflections/reflections/0.10.2/reflections-0.10.2.jar:/home/runner/.m2/repository/org/javassist/javassist/3.28.0-GA/javassist-3.28.0-GA.jar:/home/runner/.m2/repository/com/google/code/findbugs/jsr305/3.0.2/jsr305-3.0.2.jar:"/>
    <property name="java.vm.vendor" value="Temurin"/>
    <property name="sun.arch.data.model" value="64"/>
    <property name="java.vendor.url" value="https://adoptium.net/"/>
    <property name="user.timezone" value=""/>
    <property name="java.vm.specification.version" value="1.8"/>
    <property name="os.name" value="Linux"/>
    <property name="sun.java.launcher" value="SUN_STANDARD"/>
    <property name="sun.boot.library.path" value="/usr/lib/jvm/temurin-8-jdk-amd64/jre/lib/amd64"/>
    <property name="sun.java.command" value="/home/runner/work/ratis/ratis/ratis-test/target/surefire/surefirebooter8976539006386334211.jar /home/runner/work/ratis/ratis/ratis-test/target/surefire 2022-07-08T04-28-13_852-jvmRun1 surefire3476416721737360103tmp surefire_353453104948008641143tmp"/>
    <property name="surefire.test.class.path" value="/home/runner/work/ratis/ratis/ratis-test/target/test-classes:/home/runner/work/ratis/ratis/ratis-test/target/classes:/home/runner/work/ratis/ratis/ratis-common/target/classes:/home/runner/.m2/repository/org/apache/ratis/ratis-thirdparty-misc/1.0.1/ratis-thirdparty-misc-1.0.1.jar:/home/runner/work/ratis/ratis/ratis-proto/target/ratis-proto-3.0.0-SNAPSHOT.jar:/home/runner/work/ratis/ratis/ratis-common/target/test-classes:/home/runner/work/ratis/ratis/ratis-client/target/classes:/home/runner/work/ratis/ratis/ratis-server/target/classes:/home/runner/work/ratis/ratis/ratis-server-api/target/classes:/home/runner/work/ratis/ratis/ratis-metrics/target/classes:/home/runner/work/ratis/ratis/ratis-server/target/test-classes:/home/runner/work/ratis/ratis/ratis-netty/target/classes:/home/runner/work/ratis/ratis/ratis-netty/target/test-classes:/home/runner/work/ratis/ratis/ratis-grpc/target/classes:/home/runner/work/ratis/ratis/ratis-grpc/target/test-classes:/home/runner/.m2/repository/org/slf4j/slf4j-api/1.7.29/slf4j-api-1.7.29.jar:/home/runner/.m2/repository/org/slf4j/slf4j-log4j12/1.7.29/slf4j-log4j12-1.7.29.jar:/home/runner/.m2/repository/log4j/log4j/1.2.17/log4j-1.2.17.jar:/home/runner/.m2/repository/junit/junit/4.13.2/junit-4.13.2.jar:/home/runner/.m2/repository/org/hamcrest/hamcrest-core/1.3/hamcrest-core-1.3.jar:/home/runner/.m2/repository/org/mockito/mockito-core/4.3.1/mockito-core-4.3.1.jar:/home/runner/.m2/repository/net/bytebuddy/byte-buddy/1.12.7/byte-buddy-1.12.7.jar:/home/runner/.m2/repository/net/bytebuddy/byte-buddy-agent/1.12.7/byte-buddy-agent-1.12.7.jar:/home/runner/.m2/repository/org/objenesis/objenesis/3.2/objenesis-3.2.jar:/home/runner/work/ratis/ratis/ratis-shell/target/classes:/home/runner/.m2/repository/commons-cli/commons-cli/1.5.0/commons-cli-1.5.0.jar:/home/runner/.m2/repository/org/reflections/reflections/0.10.2/reflections-0.10.2.jar:/home/runner/.m2/repository/org/javassist/javassist/3.28.0-GA/javassist-3.28.0-GA.jar:/home/runner/.m2/repository/com/google/code/findbugs/jsr305/3.0.2/jsr305-3.0.2.jar:"/>
    <property name="sun.cpu.endian" value="little"/>
    <property name="user.home" value="/home/runner"/>
    <property name="user.language" value="en"/>
    <property name="java.specification.vendor" value="Oracle Corporation"/>
    <property name="java.home" value="/usr/lib/jvm/temurin-8-jdk-amd64/jre"/>
    <property name="basedir" value="/home/runner/work/ratis/ratis/ratis-test"/>
    <property name="file.separator" value="/"/>
    <property name="line.separator" value="&#10;"/>
    <property name="java.vm.specification.vendor" value="Oracle Corporation"/>
    <property name="java.specification.name" value="Java Platform API Specification"/>
    <property name="java.awt.graphicsenv" value="sun.awt.X11GraphicsEnvironment"/>
    <property name="surefire.real.class.path" value="/home/runner/work/ratis/ratis/ratis-test/target/surefire/surefirebooter8976539006386334211.jar"/>
    <property name="sun.boot.class.path" value="/usr/lib/jvm/temurin-8-jdk-amd64/jre/lib/resources.jar:/usr/lib/jvm/temurin-8-jdk-amd64/jre/lib/rt.jar:/usr/lib/jvm/temurin-8-jdk-amd64/jre/lib/sunrsasign.jar:/usr/lib/jvm/temurin-8-jdk-amd64/jre/lib/jsse.jar:/usr/lib/jvm/temurin-8-jdk-amd64/jre/lib/jce.jar:/usr/lib/jvm/temurin-8-jdk-amd64/jre/lib/charsets.jar:/usr/lib/jvm/temurin-8-jdk-amd64/jre/lib/jfr.jar:/usr/lib/jvm/temurin-8-jdk-amd64/jre/classes"/>
    <property name="sun.management.compiler" value="HotSpot 64-Bit Tiered Compilers"/>
    <property name="java.runtime.version" value="1.8.0_332-b09"/>
    <property name="java.net.preferIPv4Stack" value="true"/>
    <property name="user.name" value="runner"/>
    <property name="path.separator" value=":"/>
    <property name="os.version" value="5.4.0-1085-azure"/>
    <property name="java.endorsed.dirs" value="/usr/lib/jvm/temurin-8-jdk-amd64/jre/lib/endorsed"/>
    <property name="java.runtime.name" value="OpenJDK Runtime Environment"/>
    <property name="file.encoding" value="UTF-8"/>
    <property name="java.vm.name" value="OpenJDK 64-Bit Server VM"/>
    <property name="localRepository" value="/home/runner/.m2/repository"/>
    <property name="java.vendor.url.bug" value="https://github.com/adoptium/adoptium-support/issues"/>
    <property name="java.io.tmpdir" value="/tmp"/>
    <property name="java.version" value="1.8.0_332"/>
    <property name="user.dir" value="/home/runner/work/ratis/ratis/ratis-test"/>
    <property name="os.arch" value="amd64"/>
    <property name="ratis.tmp.dir" value="/home/runner/work/ratis/ratis/ratis-test/target/tmp"/>
    <property name="java.vm.specification.name" value="Java Virtual Machine Specification"/>
    <property name="java.awt.printerjob" value="sun.print.PSPrinterJob"/>
    <property name="ratis.log.dir" value="/home/runner/work/ratis/ratis/ratis-test/target/log"/>
    <property name="sun.os.patch.level" value="unknown"/>
    <property name="java.library.path" value="/usr/java/packages/lib/amd64:/usr/lib64:/lib64:/lib:/usr/lib"/>
    <property name="java.vm.info" value="mixed mode"/>
    <property name="java.vendor" value="Temurin"/>
    <property name="java.vm.version" value="25.332-b09"/>
    <property name="java.ext.dirs" value="/usr/lib/jvm/temurin-8-jdk-amd64/jre/lib/ext:/usr/java/packages/lib/ext"/>
    <property name="sun.io.unicode.encoding" value="UnicodeLittle"/>
    <property name="java.class.version" value="52.0"/>
  </properties>
  <testcase name="testMultipleStreamsSingleServer" classname="org.apache.ratis.datastream.TestNettyDataStreamStarTopologyWithGrpcCluster" time="28.974"/>
  <testcase name="testMultipleStreamsMultipleServers" classname="org.apache.ratis.datastream.TestNettyDataStreamStarTopologyWithGrpcCluster" time="97.613"/>
  <testcase name="testMultipleStreamsMultipleServersStepDownLeader" classname="org.apache.ratis.datastream.TestNettyDataStreamStarTopologyWithGrpcCluster" time="300.01">
    <error message="test timed out after 300 seconds" type="org.junit.runners.model.TestTimedOutException">org.junit.runners.model.TestTimedOutException: test timed out after 300 seconds
	at sun.misc.Unsafe.park(Native Method)
	at java.util.concurrent.locks.LockSupport.park(LockSupport.java:175)
	at java.util.concurrent.CompletableFuture$Signaller.block(CompletableFuture.java:1707)
	at java.util.concurrent.ForkJoinPool.managedBlock(ForkJoinPool.java:3323)
	at java.util.concurrent.CompletableFuture.waitingGet(CompletableFuture.java:1742)
	at java.util.concurrent.CompletableFuture.join(CompletableFuture.java:1947)
	at org.apache.ratis.datastream.DataStreamAsyncClusterTests$$Lambda$398/783386404.apply(Unknown Source)
	at java.util.stream.ReferencePipeline$3$1.accept(ReferencePipeline.java:193)
	at java.util.ArrayList$ArrayListSpliterator.forEachRemaining(ArrayList.java:1384)
	at java.util.stream.AbstractPipeline.copyInto(AbstractPipeline.java:482)
	at java.util.stream.AbstractPipeline.wrapAndCopyInto(AbstractPipeline.java:472)
	at java.util.stream.ReduceOps$ReduceOp.evaluateSequential(ReduceOps.java:708)
	at java.util.stream.AbstractPipeline.evaluate(AbstractPipeline.java:234)
	at java.util.stream.ReferencePipeline.reduce(ReferencePipeline.java:546)
	at java.util.stream.ReferencePipeline.max(ReferencePipeline.java:582)
	at org.apache.ratis.datastream.DataStreamAsyncClusterTests.runTestDataStream(DataStreamAsyncClusterTests.java:97)
	at org.apache.ratis.datastream.DataStreamAsyncClusterTests.runTestDataStreamStepDownLeader(DataStreamAsyncClusterTests.java:82)
	at org.apache.ratis.datastream.DataStreamAsyncClusterTests$$Lambda$837/158048315.accept(Unknown Source)
	at org.apache.ratis.server.impl.MiniRaftCluster$Factory$Get.runWithNewCluster(MiniRaftCluster.java:125)
	at org.apache.ratis.server.impl.MiniRaftCluster$Factory$Get.runWithNewCluster(MiniRaftCluster.java:113)
	at org.apache.ratis.datastream.DataStreamAsyncClusterTests.testMultipleStreamsMultipleServersStepDownLeader(DataStreamAsyncClusterTests.java:78)
	at sun.reflect.NativeMethodAccessorImpl.invoke0(Native Method)
	at sun.reflect.NativeMethodAccessorImpl.invoke(NativeMethodAccessorImpl.java:62)
	at sun.reflect.DelegatingMethodAccessorImpl.invoke(DelegatingMethodAccessorImpl.java:43)
	at java.lang.reflect.Method.invoke(Method.java:498)
	at org.junit.runners.model.FrameworkMethod$1.runReflectiveCall(FrameworkMethod.java:59)
	at org.junit.internal.runners.model.ReflectiveCallable.run(ReflectiveCallable.java:12)
	at org.junit.runners.model.FrameworkMethod.invokeExplosively(FrameworkMethod.java:56)
	at org.junit.internal.runners.statements.InvokeMethod.evaluate(InvokeMethod.java:17)
	at org.junit.internal.runners.statements.RunAfters.evaluate(RunAfters.java:27)
	at org.junit.internal.runners.statements.FailOnTimeout$CallableStatement.call(FailOnTimeout.java:299)
	at org.junit.internal.runners.statements.FailOnTimeout$CallableStatement.call(FailOnTimeout.java:293)
	at java.util.concurrent.FutureTask.run(FutureTask.java:266)
	at java.lang.Thread.run(Thread.java:750)
</error>
    <system-out><![CDATA[2022-07-08 04:35:48,316 [main] INFO  util.LogUtils (Log4jUtils.java:setLogLevel(32)) - Set org.apache.ratis.conf.ConfUtils log level to WARN
2022-07-08 04:35:48,317 [main] INFO  util.LogUtils (Log4jUtils.java:setLogLevel(32)) - Set org.apache.ratis.util.FileUtils log level to TRACE
2022-07-08 04:35:48,320 [Time-limited test] INFO  impl.MiniRaftCluster (MiniRaftCluster.java:runWithNewCluster(119)) - Running runWithNewCluster
2022-07-08 04:35:48,321 [Time-limited test] INFO  impl.MiniRaftCluster (MiniRaftCluster.java:<init>(272)) - new MiniRaftClusterWithRpcTypeGrpcAndDataStreamTypeNetty with group-9AEA52B37957:[s0|rpc:localhost:45409|admin:localhost:39453|client:localhost:35593|dataStream:localhost:32779|priority:0, s1|rpc:localhost:43687|admin:localhost:37289|client:localhost:37969|dataStream:localhost:45289|priority:0, s2|rpc:localhost:35381|admin:localhost:44889|client:localhost:37093|dataStream:localhost:36223|priority:0]
2022-07-08 04:35:48,321 [Time-limited test] INFO  impl.MiniRaftCluster (MiniRaftCluster.java:start(313)) - .............................................................. 
2022-07-08 04:35:48,321 [Time-limited test] INFO  impl.MiniRaftCluster (MiniRaftCluster.java:start(314)) - ... 
2022-07-08 04:35:48,321 [Time-limited test] INFO  impl.MiniRaftCluster (MiniRaftCluster.java:start(315)) - ...     Starting MiniRaftClusterWithRpcTypeGrpcAndDataStreamTypeNetty
2022-07-08 04:35:48,322 [Time-limited test] INFO  impl.MiniRaftCluster (MiniRaftCluster.java:start(316)) - ... 
2022-07-08 04:35:48,322 [Time-limited test] INFO  impl.MiniRaftCluster (MiniRaftCluster.java:start(317)) - .............................................................. 
2022-07-08 04:35:48,322 [Time-limited test] INFO  impl.MiniRaftCluster (MiniRaftCluster.java:initServers(284)) - servers = {}
2022-07-08 04:35:48,322 [Time-limited test] INFO  impl.MiniRaftCluster (MiniRaftCluster.java:newRaftServer(357)) - newRaftServer: s0, group-9AEA52B37957:[s0|rpc:localhost:45409|admin:localhost:39453|client:localhost:35593|dataStream:localhost:32779|priority:0, s1|rpc:localhost:43687|admin:localhost:37289|client:localhost:37969|dataStream:localhost:45289|priority:0, s2|rpc:localhost:35381|admin:localhost:44889|client:localhost:37093|dataStream:localhost:36223|priority:0], format? true
2022-07-08 04:35:48,322 [Time-limited test] TRACE util.FileUtils (FileUtils.java:deleteFully(162)) - deleteFully target/test/data/d6e910be/MiniRaftClusterWithRpcTypeGrpcAndDataStreamTypeNettyd1ac3dcf/s0
2022-07-08 04:35:48,323 [Time-limited test] TRACE util.FileUtils (FileUtils.java:deleteFully(178)) - deleteFully: target/test/data/d6e910be/MiniRaftClusterWithRpcTypeGrpcAndDataStreamTypeNettyd1ac3dcf/s0 does not exist.
2022-07-08 04:35:48,323 [Time-limited test] INFO  impl.MiniRaftCluster (MiniRaftCluster.java:newRaftServer(362)) - Formatted directory target/test/data/d6e910be/MiniRaftClusterWithRpcTypeGrpcAndDataStreamTypeNettyd1ac3dcf/s0
2022-07-08 04:35:48,324 [Time-limited test] INFO  server.RaftServer (ConfUtils.java:logGet(46)) - raft.rpc.type = GRPC (default)
2022-07-08 04:35:48,324 [Time-limited test] INFO  grpc.GrpcConfigKeys (ConfUtils.java:logGet(46)) - raft.grpc.admin.port = 39453 (custom)
2022-07-08 04:35:48,324 [Time-limited test] INFO  grpc.GrpcConfigKeys (ConfUtils.java:logGet(46)) - raft.grpc.client.port = 35593 (custom)
2022-07-08 04:35:48,326 [Time-limited test] INFO  grpc.GrpcConfigKeys (ConfUtils.java:logGet(46)) - raft.grpc.server.port = 45409 (custom)
2022-07-08 04:35:48,326 [Time-limited test] INFO  server.GrpcService (ConfUtils.java:logGet(46)) - raft.grpc.message.size.max = 64MB (=67108864) (default)
2022-07-08 04:35:48,326 [Time-limited test] INFO  server.RaftServerConfigKeys (ConfUtils.java:logGet(46)) - raft.server.log.appender.buffer.byte-limit = 4MB (=4194304) (default)
2022-07-08 04:35:48,326 [Time-limited test] INFO  server.GrpcService (ConfUtils.java:logGet(46)) - raft.grpc.flow.control.window = 1MB (=1048576) (default)
2022-07-08 04:35:48,327 [Time-limited test] INFO  server.RaftServerConfigKeys (ConfUtils.java:logGet(46)) - raft.server.rpc.request.timeout = 3000ms (default)
2022-07-08 04:35:48,327 [Time-limited test] INFO  grpc.GrpcConfigKeys (ConfUtils.java:logGet(46)) - raft.grpc.server.async.request.thread.pool.cached = true (default)
2022-07-08 04:35:48,327 [Time-limited test] INFO  grpc.GrpcConfigKeys (ConfUtils.java:logGet(46)) - raft.grpc.server.async.request.thread.pool.size = 32 (default)
2022-07-08 04:35:48,329 [Time-limited test] INFO  impl.DataStreamServerImpl (ConfUtils.java:logGet(46)) - raft.datastream.type = NETTY (custom)
2022-07-08 04:35:48,329 [Time-limited test] INFO  netty.NettyConfigKeys$DataStream (ConfUtils.java:logGet(46)) - raft.netty.dataStream.server.tls.conf = null (default)
2022-07-08 04:35:48,329 [Time-limited test] INFO  server.RaftServerConfigKeys (ConfUtils.java:logGet(46)) - raft.server.data-stream.async.request.thread.pool.cached = false (default)
2022-07-08 04:35:48,330 [Time-limited test] INFO  server.RaftServerConfigKeys (ConfUtils.java:logGet(46)) - raft.server.data-stream.async.request.thread.pool.size = 32 (default)
2022-07-08 04:35:48,330 [Time-limited test] INFO  server.RaftServerConfigKeys (ConfUtils.java:logGet(46)) - raft.server.data-stream.async.write.thread.pool.size = 16 (default)
2022-07-08 04:35:48,330 [Time-limited test] INFO  server.RaftServerConfigKeys (ConfUtils.java:logGet(46)) - raft.server.data-stream.client.pool.size = 10 (default)
2022-07-08 04:35:48,330 [Time-limited test] INFO  netty.NettyConfigKeys$DataStream (ConfUtils.java:logGet(46)) - raft.netty.dataStream.server.use-epoll = false (default)
2022-07-08 04:35:48,330 [Time-limited test] INFO  netty.NettyConfigKeys$DataStream (ConfUtils.java:logGet(46)) - raft.netty.dataStream.server.boss-group.size = 0 (default)
2022-07-08 04:35:48,331 [Time-limited test] INFO  netty.NettyConfigKeys$DataStream (ConfUtils.java:logGet(46)) - raft.netty.dataStream.server.worker-group.size = 0 (default)
2022-07-08 04:35:48,331 [Time-limited test] INFO  netty.NettyConfigKeys$DataStream (ConfUtils.java:logGet(46)) - raft.netty.dataStream.host = null (default)
2022-07-08 04:35:48,331 [Time-limited test] INFO  netty.NettyConfigKeys$DataStream (ConfUtils.java:logGet(46)) - raft.netty.dataStream.port = 32779 (custom)
2022-07-08 04:35:48,332 [Time-limited test] INFO  server.RaftServerConfigKeys (ConfUtils.java:logGet(46)) - raft.server.threadpool.proxy.cached = true (default)
2022-07-08 04:35:48,332 [Time-limited test] INFO  server.RaftServerConfigKeys (ConfUtils.java:logGet(46)) - raft.server.threadpool.proxy.size = 0 (default)
2022-07-08 04:35:48,332 [Time-limited test] INFO  server.RaftServerConfigKeys (ConfUtils.java:logGet(46)) - raft.server.rpc.slowness.timeout = 60s (default)
2022-07-08 04:35:48,332 [Time-limited test] INFO  server.RaftServerConfigKeys (ConfUtils.java:logGet(46)) - raft.server.leaderelection.leader.step-down.wait-time = 10s (default)
2022-07-08 04:35:48,332 [Time-limited test] INFO  server.RaftServerConfigKeys (ConfUtils.java:logGet(46)) - raft.server.storage.dir = [/home/runner/work/ratis/ratis/ratis-test/target/test/data/d6e910be/MiniRaftClusterWithRpcTypeGrpcAndDataStreamTypeNettyd1ac3dcf/s0] (custom)
2022-07-08 04:35:48,333 [s0-NettyServerStreamRpc-bossGroup--thread1] INFO  logging.LoggingHandler (AbstractInternalLogger.java:log(148)) - [id: 0x27b8fa9e] REGISTERED
2022-07-08 04:35:48,333 [s0-NettyServerStreamRpc-bossGroup--thread1] INFO  logging.LoggingHandler (AbstractInternalLogger.java:log(148)) - [id: 0x27b8fa9e] BIND: 0.0.0.0/0.0.0.0:32779
2022-07-08 04:35:48,333 [s0-NettyServerStreamRpc-bossGroup--thread1] INFO  logging.LoggingHandler (AbstractInternalLogger.java:log(148)) - [id: 0x27b8fa9e, L:/0.0.0.0:32779] ACTIVE
2022-07-08 04:35:48,334 [Time-limited test] INFO  server.RaftServer (RaftServerProxy.java:addNew(96)) - s0: addNew group-9AEA52B37957:[s0|rpc:localhost:45409|admin:localhost:39453|client:localhost:35593|dataStream:localhost:32779|priority:0, s1|rpc:localhost:43687|admin:localhost:37289|client:localhost:37969|dataStream:localhost:45289|priority:0, s2|rpc:localhost:35381|admin:localhost:44889|client:localhost:37093|dataStream:localhost:36223|priority:0] returns group-9AEA52B37957:java.util.concurrent.CompletableFuture@22f0f015[Not completed]
2022-07-08 04:35:48,334 [Time-limited test] INFO  impl.MiniRaftCluster (MiniRaftCluster.java:newRaftServer(357)) - newRaftServer: s1, group-9AEA52B37957:[s0|rpc:localhost:45409|admin:localhost:39453|client:localhost:35593|dataStream:localhost:32779|priority:0, s1|rpc:localhost:43687|admin:localhost:37289|client:localhost:37969|dataStream:localhost:45289|priority:0, s2|rpc:localhost:35381|admin:localhost:44889|client:localhost:37093|dataStream:localhost:36223|priority:0], format? true
2022-07-08 04:35:48,334 [Time-limited test] TRACE util.FileUtils (FileUtils.java:deleteFully(162)) - deleteFully target/test/data/d6e910be/MiniRaftClusterWithRpcTypeGrpcAndDataStreamTypeNettyd1ac3dcf/s1
2022-07-08 04:35:48,334 [Time-limited test] TRACE util.FileUtils (FileUtils.java:deleteFully(178)) - deleteFully: target/test/data/d6e910be/MiniRaftClusterWithRpcTypeGrpcAndDataStreamTypeNettyd1ac3dcf/s1 does not exist.
2022-07-08 04:35:48,334 [Time-limited test] INFO  impl.MiniRaftCluster (MiniRaftCluster.java:newRaftServer(362)) - Formatted directory target/test/data/d6e910be/MiniRaftClusterWithRpcTypeGrpcAndDataStreamTypeNettyd1ac3dcf/s1
2022-07-08 04:35:48,335 [Time-limited test] INFO  server.RaftServer (ConfUtils.java:logGet(46)) - raft.rpc.type = GRPC (default)
2022-07-08 04:35:48,335 [Time-limited test] INFO  grpc.GrpcConfigKeys (ConfUtils.java:logGet(46)) - raft.grpc.admin.port = 37289 (custom)
2022-07-08 04:35:48,335 [Time-limited test] INFO  grpc.GrpcConfigKeys (ConfUtils.java:logGet(46)) - raft.grpc.client.port = 37969 (custom)
2022-07-08 04:35:48,335 [Time-limited test] INFO  grpc.GrpcConfigKeys (ConfUtils.java:logGet(46)) - raft.grpc.server.port = 43687 (custom)
2022-07-08 04:35:48,335 [Time-limited test] INFO  server.GrpcService (ConfUtils.java:logGet(46)) - raft.grpc.message.size.max = 64MB (=67108864) (default)
2022-07-08 04:35:48,336 [Time-limited test] INFO  server.RaftServerConfigKeys (ConfUtils.java:logGet(46)) - raft.server.log.appender.buffer.byte-limit = 4MB (=4194304) (default)
2022-07-08 04:35:48,336 [Time-limited test] INFO  server.GrpcService (ConfUtils.java:logGet(46)) - raft.grpc.flow.control.window = 1MB (=1048576) (default)
2022-07-08 04:35:48,336 [Time-limited test] INFO  server.RaftServerConfigKeys (ConfUtils.java:logGet(46)) - raft.server.rpc.request.timeout = 3000ms (default)
2022-07-08 04:35:48,336 [Time-limited test] INFO  grpc.GrpcConfigKeys (ConfUtils.java:logGet(46)) - raft.grpc.server.async.request.thread.pool.cached = true (default)
2022-07-08 04:35:48,336 [Time-limited test] INFO  grpc.GrpcConfigKeys (ConfUtils.java:logGet(46)) - raft.grpc.server.async.request.thread.pool.size = 32 (default)
2022-07-08 04:35:48,337 [Time-limited test] INFO  impl.DataStreamServerImpl (ConfUtils.java:logGet(46)) - raft.datastream.type = NETTY (custom)
2022-07-08 04:35:48,338 [Time-limited test] INFO  netty.NettyConfigKeys$DataStream (ConfUtils.java:logGet(46)) - raft.netty.dataStream.server.tls.conf = null (default)
2022-07-08 04:35:48,338 [Time-limited test] INFO  server.RaftServerConfigKeys (ConfUtils.java:logGet(46)) - raft.server.data-stream.async.request.thread.pool.cached = false (default)
2022-07-08 04:35:48,338 [Time-limited test] INFO  server.RaftServerConfigKeys (ConfUtils.java:logGet(46)) - raft.server.data-stream.async.request.thread.pool.size = 32 (default)
2022-07-08 04:35:48,338 [Time-limited test] INFO  server.RaftServerConfigKeys (ConfUtils.java:logGet(46)) - raft.server.data-stream.async.write.thread.pool.size = 16 (default)
2022-07-08 04:35:48,338 [Time-limited test] INFO  server.RaftServerConfigKeys (ConfUtils.java:logGet(46)) - raft.server.data-stream.client.pool.size = 10 (default)
2022-07-08 04:35:48,338 [Time-limited test] INFO  netty.NettyConfigKeys$DataStream (ConfUtils.java:logGet(46)) - raft.netty.dataStream.server.use-epoll = false (default)
2022-07-08 04:35:48,338 [Time-limited test] INFO  netty.NettyConfigKeys$DataStream (ConfUtils.java:logGet(46)) - raft.netty.dataStream.server.boss-group.size = 0 (default)
2022-07-08 04:35:48,339 [Time-limited test] INFO  netty.NettyConfigKeys$DataStream (ConfUtils.java:logGet(46)) - raft.netty.dataStream.server.worker-group.size = 0 (default)
2022-07-08 04:35:48,339 [Time-limited test] INFO  netty.NettyConfigKeys$DataStream (ConfUtils.java:logGet(46)) - raft.netty.dataStream.host = null (default)
2022-07-08 04:35:48,339 [Time-limited test] INFO  netty.NettyConfigKeys$DataStream (ConfUtils.java:logGet(46)) - raft.netty.dataStream.port = 45289 (custom)
2022-07-08 04:35:48,339 [Time-limited test] INFO  server.RaftServerConfigKeys (ConfUtils.java:logGet(46)) - raft.server.threadpool.proxy.cached = true (default)
2022-07-08 04:35:48,340 [Time-limited test] INFO  server.RaftServerConfigKeys (ConfUtils.java:logGet(46)) - raft.server.threadpool.proxy.size = 0 (default)
2022-07-08 04:35:48,340 [Time-limited test] INFO  server.RaftServerConfigKeys (ConfUtils.java:logGet(46)) - raft.server.rpc.slowness.timeout = 60s (default)
2022-07-08 04:35:48,340 [Time-limited test] INFO  server.RaftServerConfigKeys (ConfUtils.java:logGet(46)) - raft.server.leaderelection.leader.step-down.wait-time = 10s (default)
2022-07-08 04:35:48,340 [Time-limited test] INFO  server.RaftServerConfigKeys (ConfUtils.java:logGet(46)) - raft.server.storage.dir = [/home/runner/work/ratis/ratis/ratis-test/target/test/data/d6e910be/MiniRaftClusterWithRpcTypeGrpcAndDataStreamTypeNettyd1ac3dcf/s1] (custom)
2022-07-08 04:35:48,340 [pool-10-thread-1] INFO  server.RaftServer$Division (RaftServerImpl.java:<init>(191)) - s0: new RaftServerImpl for group-9AEA52B37957:[s0|rpc:localhost:45409|admin:localhost:39453|client:localhost:35593|dataStream:localhost:32779|priority:0, s1|rpc:localhost:43687|admin:localhost:37289|client:localhost:37969|dataStream:localhost:45289|priority:0, s2|rpc:localhost:35381|admin:localhost:44889|client:localhost:37093|dataStream:localhost:36223|priority:0] with MultiDataStreamStateMachine:uninitialized
2022-07-08 04:35:48,344 [pool-11-thread-1] INFO  server.RaftServer$Division (RaftServerImpl.java:<init>(191)) - s1: new RaftServerImpl for group-9AEA52B37957:[s0|rpc:localhost:45409|admin:localhost:39453|client:localhost:35593|dataStream:localhost:32779|priority:0, s1|rpc:localhost:43687|admin:localhost:37289|client:localhost:37969|dataStream:localhost:45289|priority:0, s2|rpc:localhost:35381|admin:localhost:44889|client:localhost:37093|dataStream:localhost:36223|priority:0] with MultiDataStreamStateMachine:uninitialized
2022-07-08 04:35:48,344 [Time-limited test] INFO  server.RaftServer (RaftServerProxy.java:addNew(96)) - s1: addNew group-9AEA52B37957:[s0|rpc:localhost:45409|admin:localhost:39453|client:localhost:35593|dataStream:localhost:32779|priority:0, s1|rpc:localhost:43687|admin:localhost:37289|client:localhost:37969|dataStream:localhost:45289|priority:0, s2|rpc:localhost:35381|admin:localhost:44889|client:localhost:37093|dataStream:localhost:36223|priority:0] returns group-9AEA52B37957:java.util.concurrent.CompletableFuture@12591053[Not completed]
2022-07-08 04:35:48,347 [Time-limited test] INFO  impl.MiniRaftCluster (MiniRaftCluster.java:newRaftServer(357)) - newRaftServer: s2, group-9AEA52B37957:[s0|rpc:localhost:45409|admin:localhost:39453|client:localhost:35593|dataStream:localhost:32779|priority:0, s1|rpc:localhost:43687|admin:localhost:37289|client:localhost:37969|dataStream:localhost:45289|priority:0, s2|rpc:localhost:35381|admin:localhost:44889|client:localhost:37093|dataStream:localhost:36223|priority:0], format? true
2022-07-08 04:35:48,347 [Time-limited test] TRACE util.FileUtils (FileUtils.java:deleteFully(162)) - deleteFully target/test/data/d6e910be/MiniRaftClusterWithRpcTypeGrpcAndDataStreamTypeNettyd1ac3dcf/s2
2022-07-08 04:35:48,340 [s1-NettyServerStreamRpc-bossGroup--thread1] INFO  logging.LoggingHandler (AbstractInternalLogger.java:log(148)) - [id: 0x3f7cce2d] REGISTERED
2022-07-08 04:35:48,348 [s1-NettyServerStreamRpc-bossGroup--thread1] INFO  logging.LoggingHandler (AbstractInternalLogger.java:log(148)) - [id: 0x3f7cce2d] BIND: 0.0.0.0/0.0.0.0:45289
2022-07-08 04:35:48,349 [s1-NettyServerStreamRpc-bossGroup--thread1] INFO  logging.LoggingHandler (AbstractInternalLogger.java:log(148)) - [id: 0x3f7cce2d, L:/0.0.0.0:45289] ACTIVE
2022-07-08 04:35:48,349 [pool-11-thread-1] INFO  server.RaftServerConfigKeys (ConfUtils.java:logGet(46)) - raft.server.rpc.timeout.min = 150ms (default)
2022-07-08 04:35:48,349 [Time-limited test] TRACE util.FileUtils (FileUtils.java:deleteFully(178)) - deleteFully: target/test/data/d6e910be/MiniRaftClusterWithRpcTypeGrpcAndDataStreamTypeNettyd1ac3dcf/s2 does not exist.
2022-07-08 04:35:48,349 [Time-limited test] INFO  impl.MiniRaftCluster (MiniRaftCluster.java:newRaftServer(362)) - Formatted directory target/test/data/d6e910be/MiniRaftClusterWithRpcTypeGrpcAndDataStreamTypeNettyd1ac3dcf/s2
2022-07-08 04:35:48,349 [pool-10-thread-1] INFO  server.RaftServerConfigKeys (ConfUtils.java:logGet(46)) - raft.server.rpc.timeout.min = 150ms (default)
2022-07-08 04:35:48,349 [pool-10-thread-1] INFO  server.RaftServerConfigKeys (ConfUtils.java:logGet(46)) - raft.server.rpc.timeout.max = 300ms (default)
2022-07-08 04:35:48,350 [Time-limited test] INFO  server.RaftServer (ConfUtils.java:logGet(46)) - raft.rpc.type = GRPC (default)
2022-07-08 04:35:48,350 [pool-10-thread-1] INFO  server.RaftServerConfigKeys (ConfUtils.java:logGet(46)) - raft.server.rpc.sleep.time = 25ms (default)
2022-07-08 04:35:48,350 [Time-limited test] INFO  grpc.GrpcConfigKeys (ConfUtils.java:logGet(46)) - raft.grpc.admin.port = 44889 (custom)
2022-07-08 04:35:48,350 [Time-limited test] INFO  grpc.GrpcConfigKeys (ConfUtils.java:logGet(46)) - raft.grpc.client.port = 37093 (custom)
2022-07-08 04:35:48,350 [Time-limited test] INFO  grpc.GrpcConfigKeys (ConfUtils.java:logGet(46)) - raft.grpc.server.port = 35381 (custom)
2022-07-08 04:35:48,350 [Time-limited test] INFO  server.GrpcService (ConfUtils.java:logGet(46)) - raft.grpc.message.size.max = 64MB (=67108864) (default)
2022-07-08 04:35:48,350 [pool-11-thread-1] INFO  server.RaftServerConfigKeys (ConfUtils.java:logGet(46)) - raft.server.rpc.timeout.max = 300ms (default)
2022-07-08 04:35:48,351 [pool-11-thread-1] INFO  server.RaftServerConfigKeys (ConfUtils.java:logGet(46)) - raft.server.rpc.sleep.time = 25ms (default)
2022-07-08 04:35:48,351 [pool-11-thread-1] INFO  server.RaftServerConfigKeys (ConfUtils.java:logGet(46)) - raft.server.rpc.slowness.timeout = 60s (default)
2022-07-08 04:35:48,351 [pool-11-thread-1] INFO  server.RaftServerConfigKeys (ConfUtils.java:logGet(46)) - raft.server.leaderelection.leader.step-down.wait-time = 10s (default)
2022-07-08 04:35:48,351 [pool-11-thread-1] INFO  server.RaftServerConfigKeys (ConfUtils.java:logGet(46)) - raft.server.sleep.deviation.threshold = 300ms (default)
2022-07-08 04:35:48,351 [pool-11-thread-1] INFO  server.RaftServer$Division (ServerState.java:<init>(107)) - s1@group-9AEA52B37957: ConfigurationManager, init=-1: [s0|rpc:localhost:45409|admin:localhost:39453|client:localhost:35593|dataStream:localhost:32779|priority:0, s1|rpc:localhost:43687|admin:localhost:37289|client:localhost:37969|dataStream:localhost:45289|priority:0, s2|rpc:localhost:35381|admin:localhost:44889|client:localhost:37093|dataStream:localhost:36223|priority:0], old=null, confs=<EMPTY_MAP>
2022-07-08 04:35:48,351 [pool-11-thread-1] INFO  server.RaftServerConfigKeys (ConfUtils.java:logGet(46)) - raft.server.storage.dir = [/home/runner/work/ratis/ratis/ratis-test/target/test/data/d6e910be/MiniRaftClusterWithRpcTypeGrpcAndDataStreamTypeNettyd1ac3dcf/s1] (custom)
2022-07-08 04:35:48,352 [pool-11-thread-1] INFO  server.RaftServerConfigKeys (ConfUtils.java:logGet(46)) - raft.server.log.corruption.policy = EXCEPTION (default)
2022-07-08 04:35:48,352 [pool-11-thread-1] INFO  server.RaftServerConfigKeys (ConfUtils.java:logGet(46)) - raft.server.storage.free-space.min = 0MB (=0) (default)
2022-07-08 04:35:48,352 [pool-10-thread-1] INFO  server.RaftServerConfigKeys (ConfUtils.java:logGet(46)) - raft.server.rpc.slowness.timeout = 60s (default)
2022-07-08 04:35:48,352 [Time-limited test] INFO  server.RaftServerConfigKeys (ConfUtils.java:logGet(46)) - raft.server.log.appender.buffer.byte-limit = 4MB (=4194304) (default)
2022-07-08 04:35:48,352 [Time-limited test] INFO  server.GrpcService (ConfUtils.java:logGet(46)) - raft.grpc.flow.control.window = 1MB (=1048576) (default)
2022-07-08 04:35:48,352 [Time-limited test] INFO  server.RaftServerConfigKeys (ConfUtils.java:logGet(46)) - raft.server.rpc.request.timeout = 3000ms (default)
2022-07-08 04:35:48,352 [Time-limited test] INFO  grpc.GrpcConfigKeys (ConfUtils.java:logGet(46)) - raft.grpc.server.async.request.thread.pool.cached = true (default)
2022-07-08 04:35:48,353 [Time-limited test] INFO  grpc.GrpcConfigKeys (ConfUtils.java:logGet(46)) - raft.grpc.server.async.request.thread.pool.size = 32 (default)
2022-07-08 04:35:48,354 [Time-limited test] INFO  impl.DataStreamServerImpl (ConfUtils.java:logGet(46)) - raft.datastream.type = NETTY (custom)
2022-07-08 04:35:48,354 [Time-limited test] INFO  netty.NettyConfigKeys$DataStream (ConfUtils.java:logGet(46)) - raft.netty.dataStream.server.tls.conf = null (default)
2022-07-08 04:35:48,355 [Time-limited test] INFO  server.RaftServerConfigKeys (ConfUtils.java:logGet(46)) - raft.server.data-stream.async.request.thread.pool.cached = false (default)
2022-07-08 04:35:48,355 [Time-limited test] INFO  server.RaftServerConfigKeys (ConfUtils.java:logGet(46)) - raft.server.data-stream.async.request.thread.pool.size = 32 (default)
2022-07-08 04:35:48,355 [Time-limited test] INFO  server.RaftServerConfigKeys (ConfUtils.java:logGet(46)) - raft.server.data-stream.async.write.thread.pool.size = 16 (default)
2022-07-08 04:35:48,355 [Time-limited test] INFO  server.RaftServerConfigKeys (ConfUtils.java:logGet(46)) - raft.server.data-stream.client.pool.size = 10 (default)
2022-07-08 04:35:48,355 [Time-limited test] INFO  netty.NettyConfigKeys$DataStream (ConfUtils.java:logGet(46)) - raft.netty.dataStream.server.use-epoll = false (default)
2022-07-08 04:35:48,355 [Time-limited test] INFO  netty.NettyConfigKeys$DataStream (ConfUtils.java:logGet(46)) - raft.netty.dataStream.server.boss-group.size = 0 (default)
2022-07-08 04:35:48,356 [Time-limited test] INFO  netty.NettyConfigKeys$DataStream (ConfUtils.java:logGet(46)) - raft.netty.dataStream.server.worker-group.size = 0 (default)
2022-07-08 04:35:48,356 [Time-limited test] INFO  netty.NettyConfigKeys$DataStream (ConfUtils.java:logGet(46)) - raft.netty.dataStream.host = null (default)
2022-07-08 04:35:48,356 [Time-limited test] INFO  netty.NettyConfigKeys$DataStream (ConfUtils.java:logGet(46)) - raft.netty.dataStream.port = 36223 (custom)
2022-07-08 04:35:48,357 [pool-10-thread-1] INFO  server.RaftServerConfigKeys (ConfUtils.java:logGet(46)) - raft.server.leaderelection.leader.step-down.wait-time = 10s (default)
2022-07-08 04:35:48,357 [pool-10-thread-1] INFO  server.RaftServerConfigKeys (ConfUtils.java:logGet(46)) - raft.server.sleep.deviation.threshold = 300ms (default)
2022-07-08 04:35:48,357 [pool-10-thread-1] INFO  server.RaftServer$Division (ServerState.java:<init>(107)) - s0@group-9AEA52B37957: ConfigurationManager, init=-1: [s0|rpc:localhost:45409|admin:localhost:39453|client:localhost:35593|dataStream:localhost:32779|priority:0, s1|rpc:localhost:43687|admin:localhost:37289|client:localhost:37969|dataStream:localhost:45289|priority:0, s2|rpc:localhost:35381|admin:localhost:44889|client:localhost:37093|dataStream:localhost:36223|priority:0], old=null, confs=<EMPTY_MAP>
2022-07-08 04:35:48,357 [pool-10-thread-1] INFO  server.RaftServerConfigKeys (ConfUtils.java:logGet(46)) - raft.server.storage.dir = [/home/runner/work/ratis/ratis/ratis-test/target/test/data/d6e910be/MiniRaftClusterWithRpcTypeGrpcAndDataStreamTypeNettyd1ac3dcf/s0] (custom)
2022-07-08 04:35:48,357 [pool-11-thread-1] INFO  storage.RaftStorageDirectory (RaftStorageDirectoryImpl.java:analyzeStorage(136)) - The storage directory /home/runner/work/ratis/ratis/ratis-test/target/test/data/d6e910be/MiniRaftClusterWithRpcTypeGrpcAndDataStreamTypeNettyd1ac3dcf/s1/906c665f-be0b-402a-85dc-9aea52b37957 does not exist. Creating ...
2022-07-08 04:35:48,358 [pool-11-thread-1] TRACE util.FileUtils (LogUtils.java:runAndLog(49)) - Successfully ran Files.createDirectories /home/runner/work/ratis/ratis/ratis-test/target/test/data/d6e910be/MiniRaftClusterWithRpcTypeGrpcAndDataStreamTypeNettyd1ac3dcf/s1/906c665f-be0b-402a-85dc-9aea52b37957
2022-07-08 04:35:48,358 [Time-limited test] INFO  server.RaftServerConfigKeys (ConfUtils.java:logGet(46)) - raft.server.threadpool.proxy.cached = true (default)
2022-07-08 04:35:48,358 [Time-limited test] INFO  server.RaftServerConfigKeys (ConfUtils.java:logGet(46)) - raft.server.threadpool.proxy.size = 0 (default)
2022-07-08 04:35:48,358 [Time-limited test] INFO  server.RaftServerConfigKeys (ConfUtils.java:logGet(46)) - raft.server.rpc.slowness.timeout = 60s (default)
2022-07-08 04:35:48,358 [Time-limited test] INFO  server.RaftServerConfigKeys (ConfUtils.java:logGet(46)) - raft.server.leaderelection.leader.step-down.wait-time = 10s (default)
2022-07-08 04:35:48,358 [s2-NettyServerStreamRpc-bossGroup--thread1] INFO  logging.LoggingHandler (AbstractInternalLogger.java:log(148)) - [id: 0xdef2d4b7] REGISTERED
2022-07-08 04:35:48,359 [s2-NettyServerStreamRpc-bossGroup--thread1] INFO  logging.LoggingHandler (AbstractInternalLogger.java:log(148)) - [id: 0xdef2d4b7] BIND: 0.0.0.0/0.0.0.0:36223
2022-07-08 04:35:48,359 [s2-NettyServerStreamRpc-bossGroup--thread1] INFO  logging.LoggingHandler (AbstractInternalLogger.java:log(148)) - [id: 0xdef2d4b7, L:/0.0.0.0:36223] ACTIVE
2022-07-08 04:35:48,359 [pool-10-thread-1] INFO  server.RaftServerConfigKeys (ConfUtils.java:logGet(46)) - raft.server.log.corruption.policy = EXCEPTION (default)
2022-07-08 04:35:48,367 [pool-10-thread-1] INFO  server.RaftServerConfigKeys (ConfUtils.java:logGet(46)) - raft.server.storage.free-space.min = 0MB (=0) (default)
2022-07-08 04:35:48,367 [pool-10-thread-1] INFO  storage.RaftStorageDirectory (RaftStorageDirectoryImpl.java:analyzeStorage(136)) - The storage directory /home/runner/work/ratis/ratis/ratis-test/target/test/data/d6e910be/MiniRaftClusterWithRpcTypeGrpcAndDataStreamTypeNettyd1ac3dcf/s0/906c665f-be0b-402a-85dc-9aea52b37957 does not exist. Creating ...
2022-07-08 04:35:48,358 [Time-limited test] INFO  server.RaftServerConfigKeys (ConfUtils.java:logGet(46)) - raft.server.storage.dir = [/home/runner/work/ratis/ratis/ratis-test/target/test/data/d6e910be/MiniRaftClusterWithRpcTypeGrpcAndDataStreamTypeNettyd1ac3dcf/s2] (custom)
2022-07-08 04:35:48,368 [pool-10-thread-1] TRACE util.FileUtils (LogUtils.java:runAndLog(49)) - Successfully ran Files.createDirectories /home/runner/work/ratis/ratis/ratis-test/target/test/data/d6e910be/MiniRaftClusterWithRpcTypeGrpcAndDataStreamTypeNettyd1ac3dcf/s0/906c665f-be0b-402a-85dc-9aea52b37957
2022-07-08 04:35:48,369 [Time-limited test] INFO  server.RaftServer (RaftServerProxy.java:addNew(96)) - s2: addNew group-9AEA52B37957:[s0|rpc:localhost:45409|admin:localhost:39453|client:localhost:35593|dataStream:localhost:32779|priority:0, s1|rpc:localhost:43687|admin:localhost:37289|client:localhost:37969|dataStream:localhost:45289|priority:0, s2|rpc:localhost:35381|admin:localhost:44889|client:localhost:37093|dataStream:localhost:36223|priority:0] returns group-9AEA52B37957:java.util.concurrent.CompletableFuture@56c6c5b9[Not completed]
2022-07-08 04:35:48,370 [pool-12-thread-1] INFO  server.RaftServer$Division (RaftServerImpl.java:<init>(191)) - s2: new RaftServerImpl for group-9AEA52B37957:[s0|rpc:localhost:45409|admin:localhost:39453|client:localhost:35593|dataStream:localhost:32779|priority:0, s1|rpc:localhost:43687|admin:localhost:37289|client:localhost:37969|dataStream:localhost:45289|priority:0, s2|rpc:localhost:35381|admin:localhost:44889|client:localhost:37093|dataStream:localhost:36223|priority:0] with MultiDataStreamStateMachine:uninitialized
2022-07-08 04:35:48,371 [pool-11-thread-1] INFO  storage.RaftStorageDirectory (RaftStorageDirectoryImpl.java:tryLock(230)) - Lock on /home/runner/work/ratis/ratis/ratis-test/target/test/data/d6e910be/MiniRaftClusterWithRpcTypeGrpcAndDataStreamTypeNettyd1ac3dcf/s1/906c665f-be0b-402a-85dc-9aea52b37957/in_use.lock acquired by nodename 19746@fv-az450-4.jnfmftgkylze5hd05chtbp1i0a.dx.internal.cloudapp.net
2022-07-08 04:35:48,372 [pool-10-thread-1] INFO  storage.RaftStorageDirectory (RaftStorageDirectoryImpl.java:tryLock(230)) - Lock on /home/runner/work/ratis/ratis/ratis-test/target/test/data/d6e910be/MiniRaftClusterWithRpcTypeGrpcAndDataStreamTypeNettyd1ac3dcf/s0/906c665f-be0b-402a-85dc-9aea52b37957/in_use.lock acquired by nodename 19746@fv-az450-4.jnfmftgkylze5hd05chtbp1i0a.dx.internal.cloudapp.net
2022-07-08 04:35:48,372 [pool-11-thread-1] TRACE util.FileUtils (LogUtils.java:runAndLog(49)) - Successfully ran Files.createDirectories /home/runner/work/ratis/ratis/ratis-test/target/test/data/d6e910be/MiniRaftClusterWithRpcTypeGrpcAndDataStreamTypeNettyd1ac3dcf/s1/906c665f-be0b-402a-85dc-9aea52b37957/current
2022-07-08 04:35:48,373 [pool-11-thread-1] TRACE util.FileUtils (LogUtils.java:runAndLog(49)) - Successfully ran Files.createDirectories /home/runner/work/ratis/ratis/ratis-test/target/test/data/d6e910be/MiniRaftClusterWithRpcTypeGrpcAndDataStreamTypeNettyd1ac3dcf/s1/906c665f-be0b-402a-85dc-9aea52b37957/sm
2022-07-08 04:35:48,372 [pool-12-thread-1] INFO  server.RaftServerConfigKeys (ConfUtils.java:logGet(46)) - raft.server.rpc.timeout.min = 150ms (default)
2022-07-08 04:35:48,373 [pool-10-thread-1] TRACE util.FileUtils (LogUtils.java:runAndLog(49)) - Successfully ran Files.createDirectories /home/runner/work/ratis/ratis/ratis-test/target/test/data/d6e910be/MiniRaftClusterWithRpcTypeGrpcAndDataStreamTypeNettyd1ac3dcf/s0/906c665f-be0b-402a-85dc-9aea52b37957/current
2022-07-08 04:35:48,374 [pool-10-thread-1] TRACE util.FileUtils (LogUtils.java:runAndLog(49)) - Successfully ran Files.createDirectories /home/runner/work/ratis/ratis/ratis-test/target/test/data/d6e910be/MiniRaftClusterWithRpcTypeGrpcAndDataStreamTypeNettyd1ac3dcf/s0/906c665f-be0b-402a-85dc-9aea52b37957/sm
2022-07-08 04:35:48,374 [pool-12-thread-1] INFO  server.RaftServerConfigKeys (ConfUtils.java:logGet(46)) - raft.server.rpc.timeout.max = 300ms (default)
2022-07-08 04:35:48,374 [pool-12-thread-1] INFO  server.RaftServerConfigKeys (ConfUtils.java:logGet(46)) - raft.server.rpc.sleep.time = 25ms (default)
2022-07-08 04:35:48,375 [pool-11-thread-1] INFO  storage.RaftStorage (RaftStorageImpl.java:format(79)) - Storage directory /home/runner/work/ratis/ratis/ratis-test/target/test/data/d6e910be/MiniRaftClusterWithRpcTypeGrpcAndDataStreamTypeNettyd1ac3dcf/s1/906c665f-be0b-402a-85dc-9aea52b37957 has been successfully formatted.
2022-07-08 04:35:48,375 [pool-12-thread-1] INFO  server.RaftServerConfigKeys (ConfUtils.java:logGet(46)) - raft.server.rpc.slowness.timeout = 60s (default)
2022-07-08 04:35:48,375 [pool-11-thread-1] INFO  server.RaftServerConfigKeys (ConfUtils.java:logGet(46)) - raft.server.notification.no-leader.timeout = 60s (default)
2022-07-08 04:35:48,375 [pool-10-thread-1] INFO  storage.RaftStorage (RaftStorageImpl.java:format(79)) - Storage directory /home/runner/work/ratis/ratis/ratis-test/target/test/data/d6e910be/MiniRaftClusterWithRpcTypeGrpcAndDataStreamTypeNettyd1ac3dcf/s0/906c665f-be0b-402a-85dc-9aea52b37957 has been successfully formatted.
2022-07-08 04:35:48,375 [pool-10-thread-1] INFO  server.RaftServerConfigKeys (ConfUtils.java:logGet(46)) - raft.server.notification.no-leader.timeout = 60s (default)
2022-07-08 04:35:48,375 [pool-10-thread-1] INFO  server.RaftServerConfigKeys (ConfUtils.java:logGet(46)) - raft.server.log.use.memory = false (default)
2022-07-08 04:35:48,375 [pool-10-thread-1] INFO  server.RaftServerConfigKeys (ConfUtils.java:logGet(46)) - raft.server.log.purge.gap = 1024 (default)
2022-07-08 04:35:48,375 [pool-10-thread-1] INFO  server.RaftServerConfigKeys (ConfUtils.java:logGet(46)) - raft.server.log.appender.buffer.byte-limit = 4MB (=4194304) (default)
2022-07-08 04:35:48,376 [pool-10-thread-1] INFO  server.RaftServerConfigKeys (ConfUtils.java:logGet(46)) - raft.server.log.statemachine.data.read.timeout = 1000ms (default)
2022-07-08 04:35:48,376 [pool-10-thread-1] INFO  server.RaftServerConfigKeys (ConfUtils.java:logGet(46)) - raft.server.log.segment.size.max = 8MB (=8388608) (default)
2022-07-08 04:35:48,376 [pool-10-thread-1] INFO  server.RaftServerConfigKeys (ConfUtils.java:logGet(46)) - raft.server.log.segment.cache.num.max = 6 (default)
2022-07-08 04:35:48,376 [pool-10-thread-1] INFO  server.RaftServerConfigKeys (ConfUtils.java:logGet(46)) - raft.server.log.segment.cache.size.max = 200MB (=209715200) (default)
2022-07-08 04:35:48,376 [pool-10-thread-1] INFO  segmented.SegmentedRaftLogWorker (SegmentedRaftLogWorker.java:<init>(187)) - new s0@group-9AEA52B37957-SegmentedRaftLogWorker for RaftStorageImpl:Storage Directory /home/runner/work/ratis/ratis/ratis-test/target/test/data/d6e910be/MiniRaftClusterWithRpcTypeGrpcAndDataStreamTypeNettyd1ac3dcf/s0/906c665f-be0b-402a-85dc-9aea52b37957
2022-07-08 04:35:48,376 [pool-10-thread-1] INFO  server.RaftServerConfigKeys (ConfUtils.java:logGet(46)) - raft.server.log.queue.byte-limit = 64MB (=67108864) (default)
2022-07-08 04:35:48,377 [pool-10-thread-1] INFO  server.RaftServerConfigKeys (ConfUtils.java:logGet(46)) - raft.server.log.queue.element-limit = 4096 (default)
2022-07-08 04:35:48,377 [pool-10-thread-1] INFO  server.RaftServerConfigKeys (ConfUtils.java:logGet(46)) - raft.server.log.segment.size.max = 8MB (=8388608) (default)
2022-07-08 04:35:48,377 [pool-10-thread-1] INFO  server.RaftServerConfigKeys (ConfUtils.java:logGet(46)) - raft.server.log.preallocated.size = 4MB (=4194304) (default)
2022-07-08 04:35:48,377 [pool-10-thread-1] INFO  server.RaftServerConfigKeys (ConfUtils.java:logGet(46)) - raft.server.log.force.sync.num = 128 (default)
2022-07-08 04:35:48,377 [pool-10-thread-1] INFO  server.RaftServerConfigKeys (ConfUtils.java:logGet(46)) - raft.server.log.statemachine.data.sync = true (default)
2022-07-08 04:35:48,377 [pool-10-thread-1] INFO  server.RaftServerConfigKeys (ConfUtils.java:logGet(46)) - raft.server.log.statemachine.data.sync.timeout = 10s (default)
2022-07-08 04:35:48,377 [pool-10-thread-1] INFO  server.RaftServerConfigKeys (ConfUtils.java:logGet(46)) - raft.server.log.statemachine.data.sync.timeout.retry = -1 (default)
2022-07-08 04:35:48,378 [pool-10-thread-1] INFO  server.RaftServerConfigKeys (ConfUtils.java:logGet(46)) - raft.server.log.write.buffer.size = 64KB (=65536) (default)
2022-07-08 04:35:48,378 [pool-10-thread-1] INFO  server.RaftServerConfigKeys (ConfUtils.java:logGet(46)) - raft.server.log.unsafe-flush.enabled = false (default)
2022-07-08 04:35:48,378 [pool-10-thread-1] INFO  server.RaftServerConfigKeys (ConfUtils.java:logGet(46)) - raft.server.log.statemachine.data.caching.enabled = false (default)
2022-07-08 04:35:48,378 [pool-10-thread-1] INFO  segmented.SegmentedRaftLogWorker (SegmentedRaftLogWorker.java:lambda$new$0(135)) - s0@group-9AEA52B37957-SegmentedRaftLogWorker: flushIndex: setUnconditionally 0 -> -1
2022-07-08 04:35:48,378 [pool-10-thread-1] INFO  segmented.SegmentedRaftLogWorker (SegmentedRaftLogWorker.java:lambda$new$0(135)) - s0@group-9AEA52B37957-SegmentedRaftLogWorker: safeCacheEvictIndex: setUnconditionally 0 -> -1
2022-07-08 04:35:48,375 [pool-12-thread-1] INFO  server.RaftServerConfigKeys (ConfUtils.java:logGet(46)) - raft.server.leaderelection.leader.step-down.wait-time = 10s (default)
2022-07-08 04:35:48,375 [pool-11-thread-1] INFO  server.RaftServerConfigKeys (ConfUtils.java:logGet(46)) - raft.server.log.use.memory = false (default)
2022-07-08 04:35:48,378 [pool-11-thread-1] INFO  server.RaftServerConfigKeys (ConfUtils.java:logGet(46)) - raft.server.log.purge.gap = 1024 (default)
2022-07-08 04:35:48,379 [pool-11-thread-1] INFO  server.RaftServerConfigKeys (ConfUtils.java:logGet(46)) - raft.server.log.appender.buffer.byte-limit = 4MB (=4194304) (default)
2022-07-08 04:35:48,379 [pool-11-thread-1] INFO  server.RaftServerConfigKeys (ConfUtils.java:logGet(46)) - raft.server.log.statemachine.data.read.timeout = 1000ms (default)
2022-07-08 04:35:48,379 [pool-11-thread-1] INFO  server.RaftServerConfigKeys (ConfUtils.java:logGet(46)) - raft.server.log.segment.size.max = 8MB (=8388608) (default)
2022-07-08 04:35:48,379 [pool-11-thread-1] INFO  server.RaftServerConfigKeys (ConfUtils.java:logGet(46)) - raft.server.log.segment.cache.num.max = 6 (default)
2022-07-08 04:35:48,379 [pool-11-thread-1] INFO  server.RaftServerConfigKeys (ConfUtils.java:logGet(46)) - raft.server.log.segment.cache.size.max = 200MB (=209715200) (default)
2022-07-08 04:35:48,379 [pool-11-thread-1] INFO  segmented.SegmentedRaftLogWorker (SegmentedRaftLogWorker.java:<init>(187)) - new s1@group-9AEA52B37957-SegmentedRaftLogWorker for RaftStorageImpl:Storage Directory /home/runner/work/ratis/ratis/ratis-test/target/test/data/d6e910be/MiniRaftClusterWithRpcTypeGrpcAndDataStreamTypeNettyd1ac3dcf/s1/906c665f-be0b-402a-85dc-9aea52b37957
2022-07-08 04:35:48,379 [pool-11-thread-1] INFO  server.RaftServerConfigKeys (ConfUtils.java:logGet(46)) - raft.server.log.queue.byte-limit = 64MB (=67108864) (default)
2022-07-08 04:35:48,379 [pool-11-thread-1] INFO  server.RaftServerConfigKeys (ConfUtils.java:logGet(46)) - raft.server.log.queue.element-limit = 4096 (default)
2022-07-08 04:35:48,379 [pool-11-thread-1] INFO  server.RaftServerConfigKeys (ConfUtils.java:logGet(46)) - raft.server.log.segment.size.max = 8MB (=8388608) (default)
2022-07-08 04:35:48,379 [pool-11-thread-1] INFO  server.RaftServerConfigKeys (ConfUtils.java:logGet(46)) - raft.server.log.preallocated.size = 4MB (=4194304) (default)
2022-07-08 04:35:48,380 [pool-11-thread-1] INFO  server.RaftServerConfigKeys (ConfUtils.java:logGet(46)) - raft.server.log.force.sync.num = 128 (default)
2022-07-08 04:35:48,380 [pool-11-thread-1] INFO  server.RaftServerConfigKeys (ConfUtils.java:logGet(46)) - raft.server.log.statemachine.data.sync = true (default)
2022-07-08 04:35:48,380 [pool-11-thread-1] INFO  server.RaftServerConfigKeys (ConfUtils.java:logGet(46)) - raft.server.log.statemachine.data.sync.timeout = 10s (default)
2022-07-08 04:35:48,380 [pool-11-thread-1] INFO  server.RaftServerConfigKeys (ConfUtils.java:logGet(46)) - raft.server.log.statemachine.data.sync.timeout.retry = -1 (default)
2022-07-08 04:35:48,380 [pool-12-thread-1] INFO  server.RaftServerConfigKeys (ConfUtils.java:logGet(46)) - raft.server.sleep.deviation.threshold = 300ms (default)
2022-07-08 04:35:48,380 [pool-12-thread-1] INFO  server.RaftServer$Division (ServerState.java:<init>(107)) - s2@group-9AEA52B37957: ConfigurationManager, init=-1: [s0|rpc:localhost:45409|admin:localhost:39453|client:localhost:35593|dataStream:localhost:32779|priority:0, s1|rpc:localhost:43687|admin:localhost:37289|client:localhost:37969|dataStream:localhost:45289|priority:0, s2|rpc:localhost:35381|admin:localhost:44889|client:localhost:37093|dataStream:localhost:36223|priority:0], old=null, confs=<EMPTY_MAP>
2022-07-08 04:35:48,380 [pool-12-thread-1] INFO  server.RaftServerConfigKeys (ConfUtils.java:logGet(46)) - raft.server.storage.dir = [/home/runner/work/ratis/ratis/ratis-test/target/test/data/d6e910be/MiniRaftClusterWithRpcTypeGrpcAndDataStreamTypeNettyd1ac3dcf/s2] (custom)
2022-07-08 04:35:48,380 [pool-12-thread-1] INFO  server.RaftServerConfigKeys (ConfUtils.java:logGet(46)) - raft.server.log.corruption.policy = EXCEPTION (default)
2022-07-08 04:35:48,380 [pool-12-thread-1] INFO  server.RaftServerConfigKeys (ConfUtils.java:logGet(46)) - raft.server.storage.free-space.min = 0MB (=0) (default)
2022-07-08 04:35:48,381 [pool-12-thread-1] INFO  storage.RaftStorageDirectory (RaftStorageDirectoryImpl.java:analyzeStorage(136)) - The storage directory /home/runner/work/ratis/ratis/ratis-test/target/test/data/d6e910be/MiniRaftClusterWithRpcTypeGrpcAndDataStreamTypeNettyd1ac3dcf/s2/906c665f-be0b-402a-85dc-9aea52b37957 does not exist. Creating ...
2022-07-08 04:35:48,381 [pool-12-thread-1] TRACE util.FileUtils (LogUtils.java:runAndLog(49)) - Successfully ran Files.createDirectories /home/runner/work/ratis/ratis/ratis-test/target/test/data/d6e910be/MiniRaftClusterWithRpcTypeGrpcAndDataStreamTypeNettyd1ac3dcf/s2/906c665f-be0b-402a-85dc-9aea52b37957
2022-07-08 04:35:48,381 [pool-10-thread-1] INFO  server.RaftServerConfigKeys (ConfUtils.java:logGet(46)) - raft.server.snapshot.auto.trigger.enabled = false (default)
2022-07-08 04:35:48,382 [pool-10-thread-1] INFO  server.RaftServerConfigKeys (ConfUtils.java:logGet(46)) - raft.server.snapshot.retention.file.num = -1 (default)
2022-07-08 04:35:48,382 [pool-10-thread-1] INFO  server.RaftServerConfigKeys (ConfUtils.java:logGet(46)) - raft.server.log.purge.upto.snapshot.index = false (default)
2022-07-08 04:35:48,382 [pool-11-thread-1] INFO  server.RaftServerConfigKeys (ConfUtils.java:logGet(46)) - raft.server.log.write.buffer.size = 64KB (=65536) (default)
2022-07-08 04:35:48,382 [pool-11-thread-1] INFO  server.RaftServerConfigKeys (ConfUtils.java:logGet(46)) - raft.server.log.unsafe-flush.enabled = false (default)
2022-07-08 04:35:48,382 [pool-11-thread-1] INFO  server.RaftServerConfigKeys (ConfUtils.java:logGet(46)) - raft.server.log.statemachine.data.caching.enabled = false (default)
2022-07-08 04:35:48,382 [pool-10-thread-1] INFO  server.RaftServerConfigKeys (ConfUtils.java:logGet(46)) - raft.server.retrycache.expirytime = 60s (default)
2022-07-08 04:35:48,383 [pool-10-thread-1] INFO  server.RaftServerConfigKeys (ConfUtils.java:logGet(46)) - raft.server.retrycache.statistics.expirytime = 100μs (default)
2022-07-08 04:35:48,383 [pool-11-thread-1] INFO  segmented.SegmentedRaftLogWorker (SegmentedRaftLogWorker.java:lambda$new$0(135)) - s1@group-9AEA52B37957-SegmentedRaftLogWorker: flushIndex: setUnconditionally 0 -> -1
2022-07-08 04:35:48,383 [pool-11-thread-1] INFO  segmented.SegmentedRaftLogWorker (SegmentedRaftLogWorker.java:lambda$new$0(135)) - s1@group-9AEA52B37957-SegmentedRaftLogWorker: safeCacheEvictIndex: setUnconditionally 0 -> -1
2022-07-08 04:35:48,383 [pool-10-thread-1] INFO  server.RaftServerConfigKeys (ConfUtils.java:logGet(46)) - raft.server.log.appender.install.snapshot.enabled = true (default)
2022-07-08 04:35:48,383 [pool-10-thread-1] INFO  server.RaftServerConfigKeys (ConfUtils.java:logGet(46)) - raft.server.threadpool.server.cached = true (default)
2022-07-08 04:35:48,383 [pool-10-thread-1] INFO  server.RaftServerConfigKeys (ConfUtils.java:logGet(46)) - raft.server.threadpool.server.size = 0 (default)
2022-07-08 04:35:48,383 [pool-10-thread-1] INFO  server.RaftServerConfigKeys (ConfUtils.java:logGet(46)) - raft.server.threadpool.client.cached = true (default)
2022-07-08 04:35:48,384 [pool-10-thread-1] INFO  server.RaftServerConfigKeys (ConfUtils.java:logGet(46)) - raft.server.threadpool.client.size = 0 (default)
2022-07-08 04:35:48,385 [pool-12-thread-1] INFO  storage.RaftStorageDirectory (RaftStorageDirectoryImpl.java:tryLock(230)) - Lock on /home/runner/work/ratis/ratis/ratis-test/target/test/data/d6e910be/MiniRaftClusterWithRpcTypeGrpcAndDataStreamTypeNettyd1ac3dcf/s2/906c665f-be0b-402a-85dc-9aea52b37957/in_use.lock acquired by nodename 19746@fv-az450-4.jnfmftgkylze5hd05chtbp1i0a.dx.internal.cloudapp.net
2022-07-08 04:35:48,385 [s0-impl-thread1] INFO  server.RaftServer$Division (RaftServerImpl.java:start(311)) - s0@group-9AEA52B37957: start as a follower, conf=-1: [s0|rpc:localhost:45409|admin:localhost:39453|client:localhost:35593|dataStream:localhost:32779|priority:0, s1|rpc:localhost:43687|admin:localhost:37289|client:localhost:37969|dataStream:localhost:45289|priority:0, s2|rpc:localhost:35381|admin:localhost:44889|client:localhost:37093|dataStream:localhost:36223|priority:0], old=null
2022-07-08 04:35:48,385 [s0-impl-thread1] INFO  server.RaftServer$Division (RaftServerImpl.java:setRole(300)) - s0@group-9AEA52B37957: changes role from      null to FOLLOWER at term 0 for startAsFollower
2022-07-08 04:35:48,385 [s0-impl-thread1] INFO  impl.RoleInfo (RoleInfo.java:updateAndGet(139)) - s0: start s0@group-9AEA52B37957-FollowerState
2022-07-08 04:35:48,385 [pool-11-thread-1] INFO  server.RaftServerConfigKeys (ConfUtils.java:logGet(46)) - raft.server.snapshot.auto.trigger.enabled = false (default)
2022-07-08 04:35:48,386 [pool-11-thread-1] INFO  server.RaftServerConfigKeys (ConfUtils.java:logGet(46)) - raft.server.snapshot.retention.file.num = -1 (default)
2022-07-08 04:35:48,386 [pool-11-thread-1] INFO  server.RaftServerConfigKeys (ConfUtils.java:logGet(46)) - raft.server.log.purge.upto.snapshot.index = false (default)
2022-07-08 04:35:48,385 [pool-12-thread-1] TRACE util.FileUtils (LogUtils.java:runAndLog(49)) - Successfully ran Files.createDirectories /home/runner/work/ratis/ratis/ratis-test/target/test/data/d6e910be/MiniRaftClusterWithRpcTypeGrpcAndDataStreamTypeNettyd1ac3dcf/s2/906c665f-be0b-402a-85dc-9aea52b37957/current
2022-07-08 04:35:48,388 [pool-12-thread-1] TRACE util.FileUtils (LogUtils.java:runAndLog(49)) - Successfully ran Files.createDirectories /home/runner/work/ratis/ratis/ratis-test/target/test/data/d6e910be/MiniRaftClusterWithRpcTypeGrpcAndDataStreamTypeNettyd1ac3dcf/s2/906c665f-be0b-402a-85dc-9aea52b37957/sm
2022-07-08 04:35:48,389 [pool-11-thread-1] INFO  server.RaftServerConfigKeys (ConfUtils.java:logGet(46)) - raft.server.retrycache.expirytime = 60s (default)
2022-07-08 04:35:48,389 [s0-impl-thread1] INFO  util.JmxRegister (JmxRegister.java:tryRegister(44)) - Successfully registered JMX Bean with object name Ratis:service=RaftServer,group=group-9AEA52B37957,id=s0
2022-07-08 04:35:48,389 [pool-12-thread-1] INFO  storage.RaftStorage (RaftStorageImpl.java:format(79)) - Storage directory /home/runner/work/ratis/ratis/ratis-test/target/test/data/d6e910be/MiniRaftClusterWithRpcTypeGrpcAndDataStreamTypeNettyd1ac3dcf/s2/906c665f-be0b-402a-85dc-9aea52b37957 has been successfully formatted.
2022-07-08 04:35:48,389 [pool-11-thread-1] INFO  server.RaftServerConfigKeys (ConfUtils.java:logGet(46)) - raft.server.retrycache.statistics.expirytime = 100μs (default)
2022-07-08 04:35:48,390 [pool-12-thread-1] INFO  server.RaftServerConfigKeys (ConfUtils.java:logGet(46)) - raft.server.notification.no-leader.timeout = 60s (default)
2022-07-08 04:35:48,391 [pool-12-thread-1] INFO  server.RaftServerConfigKeys (ConfUtils.java:logGet(46)) - raft.server.log.use.memory = false (default)
2022-07-08 04:35:48,391 [pool-11-thread-1] INFO  server.RaftServerConfigKeys (ConfUtils.java:logGet(46)) - raft.server.log.appender.install.snapshot.enabled = true (default)
2022-07-08 04:35:48,391 [Time-limited test] INFO  server.RaftServer (RaftServerProxy.java:lambda$start$6(382)) - s0: start RPC server
2022-07-08 04:35:48,392 [pool-11-thread-1] INFO  server.RaftServerConfigKeys (ConfUtils.java:logGet(46)) - raft.server.threadpool.server.cached = true (default)
2022-07-08 04:35:48,396 [Time-limited test] INFO  server.GrpcService (GrpcService.java:startImpl(260)) - s0: GrpcService started, listening on 45409
2022-07-08 04:35:48,395 [pool-12-thread-1] INFO  server.RaftServerConfigKeys (ConfUtils.java:logGet(46)) - raft.server.log.purge.gap = 1024 (default)
2022-07-08 04:35:48,396 [pool-11-thread-1] INFO  server.RaftServerConfigKeys (ConfUtils.java:logGet(46)) - raft.server.threadpool.server.size = 0 (default)
2022-07-08 04:35:48,396 [pool-11-thread-1] INFO  server.RaftServerConfigKeys (ConfUtils.java:logGet(46)) - raft.server.threadpool.client.cached = true (default)
2022-07-08 04:35:48,396 [pool-11-thread-1] INFO  server.RaftServerConfigKeys (ConfUtils.java:logGet(46)) - raft.server.threadpool.client.size = 0 (default)
2022-07-08 04:35:48,399 [pool-12-thread-1] INFO  server.RaftServerConfigKeys (ConfUtils.java:logGet(46)) - raft.server.log.appender.buffer.byte-limit = 4MB (=4194304) (default)
2022-07-08 04:35:48,401 [pool-12-thread-1] INFO  server.RaftServerConfigKeys (ConfUtils.java:logGet(46)) - raft.server.log.statemachine.data.read.timeout = 1000ms (default)
2022-07-08 04:35:48,401 [Time-limited test] INFO  server.GrpcService (GrpcService.java:startImpl(260)) - s0: GrpcService started, listening on 39453
2022-07-08 04:35:48,402 [pool-12-thread-1] INFO  server.RaftServerConfigKeys (ConfUtils.java:logGet(46)) - raft.server.log.segment.size.max = 8MB (=8388608) (default)
2022-07-08 04:35:48,404 [pool-12-thread-1] INFO  server.RaftServerConfigKeys (ConfUtils.java:logGet(46)) - raft.server.log.segment.cache.num.max = 6 (default)
2022-07-08 04:35:48,405 [pool-12-thread-1] INFO  server.RaftServerConfigKeys (ConfUtils.java:logGet(46)) - raft.server.log.segment.cache.size.max = 200MB (=209715200) (default)
2022-07-08 04:35:48,405 [pool-12-thread-1] INFO  segmented.SegmentedRaftLogWorker (SegmentedRaftLogWorker.java:<init>(187)) - new s2@group-9AEA52B37957-SegmentedRaftLogWorker for RaftStorageImpl:Storage Directory /home/runner/work/ratis/ratis/ratis-test/target/test/data/d6e910be/MiniRaftClusterWithRpcTypeGrpcAndDataStreamTypeNettyd1ac3dcf/s2/906c665f-be0b-402a-85dc-9aea52b37957
2022-07-08 04:35:48,405 [pool-12-thread-1] INFO  server.RaftServerConfigKeys (ConfUtils.java:logGet(46)) - raft.server.log.queue.byte-limit = 64MB (=67108864) (default)
2022-07-08 04:35:48,405 [Time-limited test] INFO  server.GrpcService (GrpcService.java:startImpl(260)) - s0: GrpcService started, listening on 35593
2022-07-08 04:35:48,407 [pool-12-thread-1] INFO  server.RaftServerConfigKeys (ConfUtils.java:logGet(46)) - raft.server.log.queue.element-limit = 4096 (default)
2022-07-08 04:35:48,407 [pool-12-thread-1] INFO  server.RaftServerConfigKeys (ConfUtils.java:logGet(46)) - raft.server.log.segment.size.max = 8MB (=8388608) (default)
2022-07-08 04:35:48,408 [s1-impl-thread1] INFO  server.RaftServer$Division (RaftServerImpl.java:start(311)) - s1@group-9AEA52B37957: start as a follower, conf=-1: [s0|rpc:localhost:45409|admin:localhost:39453|client:localhost:35593|dataStream:localhost:32779|priority:0, s1|rpc:localhost:43687|admin:localhost:37289|client:localhost:37969|dataStream:localhost:45289|priority:0, s2|rpc:localhost:35381|admin:localhost:44889|client:localhost:37093|dataStream:localhost:36223|priority:0], old=null
2022-07-08 04:35:48,408 [s1-impl-thread1] INFO  server.RaftServer$Division (RaftServerImpl.java:setRole(300)) - s1@group-9AEA52B37957: changes role from      null to FOLLOWER at term 0 for startAsFollower
2022-07-08 04:35:48,408 [s1-impl-thread1] INFO  impl.RoleInfo (RoleInfo.java:updateAndGet(139)) - s1: start s1@group-9AEA52B37957-FollowerState
2022-07-08 04:35:48,408 [s1-impl-thread1] INFO  util.JmxRegister (JmxRegister.java:tryRegister(44)) - Successfully registered JMX Bean with object name Ratis:service=RaftServer,group=group-9AEA52B37957,id=s1
2022-07-08 04:35:48,414 [Time-limited test] INFO  server.RaftServer (RaftServerProxy.java:lambda$start$6(382)) - s1: start RPC server
2022-07-08 04:35:48,417 [Time-limited test] INFO  server.GrpcService (GrpcService.java:startImpl(260)) - s1: GrpcService started, listening on 43687
2022-07-08 04:35:48,417 [pool-12-thread-1] INFO  server.RaftServerConfigKeys (ConfUtils.java:logGet(46)) - raft.server.log.preallocated.size = 4MB (=4194304) (default)
2022-07-08 04:35:48,420 [Time-limited test] INFO  server.GrpcService (GrpcService.java:startImpl(260)) - s1: GrpcService started, listening on 37289
2022-07-08 04:35:48,421 [pool-12-thread-1] INFO  server.RaftServerConfigKeys (ConfUtils.java:logGet(46)) - raft.server.log.force.sync.num = 128 (default)
2022-07-08 04:35:48,421 [pool-12-thread-1] INFO  server.RaftServerConfigKeys (ConfUtils.java:logGet(46)) - raft.server.log.statemachine.data.sync = true (default)
2022-07-08 04:35:48,421 [pool-12-thread-1] INFO  server.RaftServerConfigKeys (ConfUtils.java:logGet(46)) - raft.server.log.statemachine.data.sync.timeout = 10s (default)
2022-07-08 04:35:48,421 [pool-12-thread-1] INFO  server.RaftServerConfigKeys (ConfUtils.java:logGet(46)) - raft.server.log.statemachine.data.sync.timeout.retry = -1 (default)
2022-07-08 04:35:48,418 [org.apache.ratis.util.JvmPauseMonitor$$Lambda$274/210522051@20404a19] INFO  util.JvmPauseMonitor (JvmPauseMonitor.java:run(103)) - JvmPauseMonitor-s0: Started
2022-07-08 04:35:48,423 [pool-12-thread-1] INFO  server.RaftServerConfigKeys (ConfUtils.java:logGet(46)) - raft.server.log.write.buffer.size = 64KB (=65536) (default)
2022-07-08 04:35:48,424 [pool-12-thread-1] INFO  server.RaftServerConfigKeys (ConfUtils.java:logGet(46)) - raft.server.log.unsafe-flush.enabled = false (default)
2022-07-08 04:35:48,424 [pool-12-thread-1] INFO  server.RaftServerConfigKeys (ConfUtils.java:logGet(46)) - raft.server.log.statemachine.data.caching.enabled = false (default)
2022-07-08 04:35:48,424 [pool-12-thread-1] INFO  segmented.SegmentedRaftLogWorker (SegmentedRaftLogWorker.java:lambda$new$0(135)) - s2@group-9AEA52B37957-SegmentedRaftLogWorker: flushIndex: setUnconditionally 0 -> -1
2022-07-08 04:35:48,424 [pool-12-thread-1] INFO  segmented.SegmentedRaftLogWorker (SegmentedRaftLogWorker.java:lambda$new$0(135)) - s2@group-9AEA52B37957-SegmentedRaftLogWorker: safeCacheEvictIndex: setUnconditionally 0 -> -1
2022-07-08 04:35:48,427 [Time-limited test] INFO  server.GrpcService (GrpcService.java:startImpl(260)) - s1: GrpcService started, listening on 37969
2022-07-08 04:35:48,427 [pool-12-thread-1] INFO  server.RaftServerConfigKeys (ConfUtils.java:logGet(46)) - raft.server.snapshot.auto.trigger.enabled = false (default)
2022-07-08 04:35:48,428 [pool-12-thread-1] INFO  server.RaftServerConfigKeys (ConfUtils.java:logGet(46)) - raft.server.snapshot.retention.file.num = -1 (default)
2022-07-08 04:35:48,428 [pool-12-thread-1] INFO  server.RaftServerConfigKeys (ConfUtils.java:logGet(46)) - raft.server.log.purge.upto.snapshot.index = false (default)
2022-07-08 04:35:48,428 [pool-12-thread-1] INFO  server.RaftServerConfigKeys (ConfUtils.java:logGet(46)) - raft.server.retrycache.expirytime = 60s (default)
2022-07-08 04:35:48,428 [pool-12-thread-1] INFO  server.RaftServerConfigKeys (ConfUtils.java:logGet(46)) - raft.server.retrycache.statistics.expirytime = 100μs (default)
2022-07-08 04:35:48,430 [pool-12-thread-1] INFO  server.RaftServerConfigKeys (ConfUtils.java:logGet(46)) - raft.server.log.appender.install.snapshot.enabled = true (default)
2022-07-08 04:35:48,430 [pool-12-thread-1] INFO  server.RaftServerConfigKeys (ConfUtils.java:logGet(46)) - raft.server.threadpool.server.cached = true (default)
2022-07-08 04:35:48,430 [pool-12-thread-1] INFO  server.RaftServerConfigKeys (ConfUtils.java:logGet(46)) - raft.server.threadpool.server.size = 0 (default)
2022-07-08 04:35:48,430 [pool-12-thread-1] INFO  server.RaftServerConfigKeys (ConfUtils.java:logGet(46)) - raft.server.threadpool.client.cached = true (default)
2022-07-08 04:35:48,430 [pool-12-thread-1] INFO  server.RaftServerConfigKeys (ConfUtils.java:logGet(46)) - raft.server.threadpool.client.size = 0 (default)
2022-07-08 04:35:48,431 [s2-impl-thread1] INFO  server.RaftServer$Division (RaftServerImpl.java:start(311)) - s2@group-9AEA52B37957: start as a follower, conf=-1: [s0|rpc:localhost:45409|admin:localhost:39453|client:localhost:35593|dataStream:localhost:32779|priority:0, s1|rpc:localhost:43687|admin:localhost:37289|client:localhost:37969|dataStream:localhost:45289|priority:0, s2|rpc:localhost:35381|admin:localhost:44889|client:localhost:37093|dataStream:localhost:36223|priority:0], old=null
2022-07-08 04:35:48,431 [s2-impl-thread1] INFO  server.RaftServer$Division (RaftServerImpl.java:setRole(300)) - s2@group-9AEA52B37957: changes role from      null to FOLLOWER at term 0 for startAsFollower
2022-07-08 04:35:48,431 [s2-impl-thread1] INFO  impl.RoleInfo (RoleInfo.java:updateAndGet(139)) - s2: start s2@group-9AEA52B37957-FollowerState
2022-07-08 04:35:48,431 [org.apache.ratis.util.JvmPauseMonitor$$Lambda$274/210522051@4d5677b5] INFO  util.JvmPauseMonitor (JvmPauseMonitor.java:run(103)) - JvmPauseMonitor-s1: Started
2022-07-08 04:35:48,435 [s2-impl-thread1] INFO  util.JmxRegister (JmxRegister.java:tryRegister(44)) - Successfully registered JMX Bean with object name Ratis:service=RaftServer,group=group-9AEA52B37957,id=s2
2022-07-08 04:35:48,447 [Time-limited test] INFO  server.RaftServer (RaftServerProxy.java:lambda$start$6(382)) - s2: start RPC server
2022-07-08 04:35:48,450 [Time-limited test] INFO  server.GrpcService (GrpcService.java:startImpl(260)) - s2: GrpcService started, listening on 35381
2022-07-08 04:35:48,453 [Time-limited test] INFO  server.GrpcService (GrpcService.java:startImpl(260)) - s2: GrpcService started, listening on 44889
2022-07-08 04:35:48,455 [Time-limited test] INFO  server.GrpcService (GrpcService.java:startImpl(260)) - s2: GrpcService started, listening on 37093
2022-07-08 04:35:48,456 [org.apache.ratis.util.JvmPauseMonitor$$Lambda$274/210522051@2105c636] INFO  util.JvmPauseMonitor (JvmPauseMonitor.java:run(103)) - JvmPauseMonitor-s2: Started
2022-07-08 04:35:48,456 [Time-limited test] INFO  server.RaftServerConfigKeys (ConfUtils.java:logGet(46)) - raft.server.rpc.timeout.max = 300ms (default)
2022-07-08 04:35:48,457 [Time-limited test] INFO  ratis.RaftTestUtil (RaftTestUtil.java:waitForLeader(100)) - printing ALL groups
  s0:  RUNNING  FOLLOWER s0@group-9AEA52B37957:t0, leader=null, voted=, raftlog=s0@group-9AEA52B37957-SegmentedRaftLog:OPENED:c-1, conf=-1: [s0|rpc:localhost:45409|admin:localhost:39453|client:localhost:35593|dataStream:localhost:32779|priority:0, s1|rpc:localhost:43687|admin:localhost:37289|client:localhost:37969|dataStream:localhost:45289|priority:0, s2|rpc:localhost:35381|admin:localhost:44889|client:localhost:37093|dataStream:localhost:36223|priority:0], old=null RUNNING
  s1:  RUNNING  FOLLOWER s1@group-9AEA52B37957:t0, leader=null, voted=, raftlog=s1@group-9AEA52B37957-SegmentedRaftLog:OPENED:c-1, conf=-1: [s0|rpc:localhost:45409|admin:localhost:39453|client:localhost:35593|dataStream:localhost:32779|priority:0, s1|rpc:localhost:43687|admin:localhost:37289|client:localhost:37969|dataStream:localhost:45289|priority:0, s2|rpc:localhost:35381|admin:localhost:44889|client:localhost:37093|dataStream:localhost:36223|priority:0], old=null RUNNING
  s2:  RUNNING  FOLLOWER s2@group-9AEA52B37957:t0, leader=null, voted=, raftlog=s2@group-9AEA52B37957-SegmentedRaftLog:OPENED:c-1, conf=-1: [s0|rpc:localhost:45409|admin:localhost:39453|client:localhost:35593|dataStream:localhost:32779|priority:0, s1|rpc:localhost:43687|admin:localhost:37289|client:localhost:37969|dataStream:localhost:45289|priority:0, s2|rpc:localhost:35381|admin:localhost:44889|client:localhost:37093|dataStream:localhost:36223|priority:0], old=null RUNNING
2022-07-08 04:35:48,457 [Time-limited test] WARN  ratis.RaftTestUtil (JavaUtils.java:attempt(172)) - FAILED "waitForLeader-null-(expectLeader? true)", attempt #1/100: java.lang.IllegalStateException: No leader yet : printing ALL groups
  s0:  RUNNING  FOLLOWER s0@group-9AEA52B37957:t0, leader=null, voted=, raftlog=s0@group-9AEA52B37957-SegmentedRaftLog:OPENED:c-1, conf=-1: [s0|rpc:localhost:45409|admin:localhost:39453|client:localhost:35593|dataStream:localhost:32779|priority:0, s1|rpc:localhost:43687|admin:localhost:37289|client:localhost:37969|dataStream:localhost:45289|priority:0, s2|rpc:localhost:35381|admin:localhost:44889|client:localhost:37093|dataStream:localhost:36223|priority:0], old=null RUNNING
  s1:  RUNNING  FOLLOWER s1@group-9AEA52B37957:t0, leader=null, voted=, raftlog=s1@group-9AEA52B37957-SegmentedRaftLog:OPENED:c-1, conf=-1: [s0|rpc:localhost:45409|admin:localhost:39453|client:localhost:35593|dataStream:localhost:32779|priority:0, s1|rpc:localhost:43687|admin:localhost:37289|client:localhost:37969|dataStream:localhost:45289|priority:0, s2|rpc:localhost:35381|admin:localhost:44889|client:localhost:37093|dataStream:localhost:36223|priority:0], old=null RUNNING
  s2:  RUNNING  FOLLOWER s2@group-9AEA52B37957:t0, leader=null, voted=, raftlog=s2@group-9AEA52B37957-SegmentedRaftLog:OPENED:c-1, conf=-1: [s0|rpc:localhost:45409|admin:localhost:39453|client:localhost:35593|dataStream:localhost:32779|priority:0, s1|rpc:localhost:43687|admin:localhost:37289|client:localhost:37969|dataStream:localhost:45289|priority:0, s2|rpc:localhost:35381|admin:localhost:44889|client:localhost:37093|dataStream:localhost:36223|priority:0], old=null RUNNING, sleep 450ms and then retry.
java.lang.IllegalStateException: No leader yet : printing ALL groups
  s0:  RUNNING  FOLLOWER s0@group-9AEA52B37957:t0, leader=null, voted=, raftlog=s0@group-9AEA52B37957-SegmentedRaftLog:OPENED:c-1, conf=-1: [s0|rpc:localhost:45409|admin:localhost:39453|client:localhost:35593|dataStream:localhost:32779|priority:0, s1|rpc:localhost:43687|admin:localhost:37289|client:localhost:37969|dataStream:localhost:45289|priority:0, s2|rpc:localhost:35381|admin:localhost:44889|client:localhost:37093|dataStream:localhost:36223|priority:0], old=null RUNNING
  s1:  RUNNING  FOLLOWER s1@group-9AEA52B37957:t0, leader=null, voted=, raftlog=s1@group-9AEA52B37957-SegmentedRaftLog:OPENED:c-1, conf=-1: [s0|rpc:localhost:45409|admin:localhost:39453|client:localhost:35593|dataStream:localhost:32779|priority:0, s1|rpc:localhost:43687|admin:localhost:37289|client:localhost:37969|dataStream:localhost:45289|priority:0, s2|rpc:localhost:35381|admin:localhost:44889|client:localhost:37093|dataStream:localhost:36223|priority:0], old=null RUNNING
  s2:  RUNNING  FOLLOWER s2@group-9AEA52B37957:t0, leader=null, voted=, raftlog=s2@group-9AEA52B37957-SegmentedRaftLog:OPENED:c-1, conf=-1: [s0|rpc:localhost:45409|admin:localhost:39453|client:localhost:35593|dataStream:localhost:32779|priority:0, s1|rpc:localhost:43687|admin:localhost:37289|client:localhost:37969|dataStream:localhost:45289|priority:0, s2|rpc:localhost:35381|admin:localhost:44889|client:localhost:37093|dataStream:localhost:36223|priority:0], old=null RUNNING
	at org.apache.ratis.server.impl.MiniRaftCluster.newIllegalStateExceptionForNoLeaders(MiniRaftCluster.java:533)
	at org.apache.ratis.RaftTestUtil.lambda$waitForLeader$1(RaftTestUtil.java:104)
	at org.apache.ratis.server.impl.MiniRaftCluster.getLeader(MiniRaftCluster.java:567)
	at org.apache.ratis.server.impl.MiniRaftCluster.getLeader(MiniRaftCluster.java:560)
	at org.apache.ratis.RaftTestUtil.lambda$waitForLeader$3(RaftTestUtil.java:112)
	at org.apache.ratis.util.JavaUtils.attempt(JavaUtils.java:166)
	at org.apache.ratis.util.JavaUtils.attemptRepeatedly(JavaUtils.java:152)
	at org.apache.ratis.RaftTestUtil.waitForLeader(RaftTestUtil.java:111)
	at org.apache.ratis.RaftTestUtil.waitForLeader(RaftTestUtil.java:92)
	at org.apache.ratis.RaftTestUtil.waitForLeader(RaftTestUtil.java:87)
	at org.apache.ratis.datastream.DataStreamAsyncClusterTests.runTestDataStream(DataStreamAsyncClusterTests.java:90)
	at org.apache.ratis.datastream.DataStreamAsyncClusterTests.runTestDataStreamStepDownLeader(DataStreamAsyncClusterTests.java:82)
	at org.apache.ratis.server.impl.MiniRaftCluster$Factory$Get.runWithNewCluster(MiniRaftCluster.java:125)
	at org.apache.ratis.server.impl.MiniRaftCluster$Factory$Get.runWithNewCluster(MiniRaftCluster.java:113)
	at org.apache.ratis.datastream.DataStreamAsyncClusterTests.testMultipleStreamsMultipleServersStepDownLeader(DataStreamAsyncClusterTests.java:78)
	at sun.reflect.NativeMethodAccessorImpl.invoke0(Native Method)
	at sun.reflect.NativeMethodAccessorImpl.invoke(NativeMethodAccessorImpl.java:62)
	at sun.reflect.DelegatingMethodAccessorImpl.invoke(DelegatingMethodAccessorImpl.java:43)
	at java.lang.reflect.Method.invoke(Method.java:498)
	at org.junit.runners.model.FrameworkMethod$1.runReflectiveCall(FrameworkMethod.java:59)
	at org.junit.internal.runners.model.ReflectiveCallable.run(ReflectiveCallable.java:12)
	at org.junit.runners.model.FrameworkMethod.invokeExplosively(FrameworkMethod.java:56)
	at org.junit.internal.runners.statements.InvokeMethod.evaluate(InvokeMethod.java:17)
	at org.junit.internal.runners.statements.RunAfters.evaluate(RunAfters.java:27)
	at org.junit.internal.runners.statements.FailOnTimeout$CallableStatement.call(FailOnTimeout.java:299)
	at org.junit.internal.runners.statements.FailOnTimeout$CallableStatement.call(FailOnTimeout.java:293)
	at java.util.concurrent.FutureTask.run(FutureTask.java:266)
	at java.lang.Thread.run(Thread.java:750)
2022-07-08 04:35:48,585 [s2@group-9AEA52B37957-FollowerState] INFO  impl.FollowerState (FollowerState.java:run(143)) - s2@group-9AEA52B37957-FollowerState: change to CANDIDATE, lastRpcElapsedTime:154623629ns, electionTimeout:150ms
2022-07-08 04:35:48,587 [s2@group-9AEA52B37957-FollowerState] INFO  impl.RoleInfo (RoleInfo.java:shutdownFollowerState(110)) - s2: shutdown s2@group-9AEA52B37957-FollowerState
2022-07-08 04:35:48,587 [s2@group-9AEA52B37957-FollowerState] INFO  server.RaftServer$Division (RaftServerImpl.java:setRole(300)) - s2@group-9AEA52B37957: changes role from  FOLLOWER to CANDIDATE at term 0 for changeToCandidate
2022-07-08 04:35:48,587 [s2@group-9AEA52B37957-FollowerState] INFO  server.RaftServerConfigKeys (ConfUtils.java:logGet(46)) - raft.server.leaderelection.pre-vote = true (default)
2022-07-08 04:35:48,587 [s2@group-9AEA52B37957-FollowerState] INFO  impl.RoleInfo (RoleInfo.java:updateAndGet(139)) - s2: start s2@group-9AEA52B37957-LeaderElection3
2022-07-08 04:35:48,590 [s2@group-9AEA52B37957-LeaderElection3] INFO  impl.LeaderElection (LeaderElection.java:askForVotes(310)) - s2@group-9AEA52B37957-LeaderElection3 PRE_VOTE round 0: submit vote requests at term 0 for -1: [s0|rpc:localhost:45409|admin:localhost:39453|client:localhost:35593|dataStream:localhost:32779|priority:0, s1|rpc:localhost:43687|admin:localhost:37289|client:localhost:37969|dataStream:localhost:45289|priority:0, s2|rpc:localhost:35381|admin:localhost:44889|client:localhost:37093|dataStream:localhost:36223|priority:0], old=null
2022-07-08 04:35:48,597 [s0@group-9AEA52B37957-FollowerState] INFO  impl.FollowerState (FollowerState.java:run(143)) - s0@group-9AEA52B37957-FollowerState: change to CANDIDATE, lastRpcElapsedTime:211264195ns, electionTimeout:207ms
2022-07-08 04:35:48,597 [s0@group-9AEA52B37957-FollowerState] INFO  impl.RoleInfo (RoleInfo.java:shutdownFollowerState(110)) - s0: shutdown s0@group-9AEA52B37957-FollowerState
2022-07-08 04:35:48,597 [s0@group-9AEA52B37957-FollowerState] INFO  server.RaftServer$Division (RaftServerImpl.java:setRole(300)) - s0@group-9AEA52B37957: changes role from  FOLLOWER to CANDIDATE at term 0 for changeToCandidate
2022-07-08 04:35:48,597 [s0@group-9AEA52B37957-FollowerState] INFO  server.RaftServerConfigKeys (ConfUtils.java:logGet(46)) - raft.server.leaderelection.pre-vote = true (default)
2022-07-08 04:35:48,597 [s0@group-9AEA52B37957-FollowerState] INFO  impl.RoleInfo (RoleInfo.java:updateAndGet(139)) - s0: start s0@group-9AEA52B37957-LeaderElection4
2022-07-08 04:35:48,606 [grpc-default-executor-11] INFO  server.RaftServer$Division (RaftServerImpl.java:requestVote(1173)) - s1@group-9AEA52B37957: receive requestVote(PRE_VOTE, s2, group-9AEA52B37957, 0, (t:0, i:0))
2022-07-08 04:35:48,612 [grpc-default-executor-11] INFO  impl.VoteContext (VoteContext.java:log(48)) - s1@group-9AEA52B37957-FOLLOWER: accept PRE_VOTE from s2: our priority 0 <= candidate's priority 0
2022-07-08 04:35:48,612 [grpc-default-executor-11] INFO  server.RaftServer$Division (RaftServerImpl.java:requestVote(1205)) - s1@group-9AEA52B37957 replies to PRE_VOTE vote request: s2<-s1#0:OK-t0. Peer's state: s1@group-9AEA52B37957:t0, leader=null, voted=, raftlog=s1@group-9AEA52B37957-SegmentedRaftLog:OPENED:c-1, conf=-1: [s0|rpc:localhost:45409|admin:localhost:39453|client:localhost:35593|dataStream:localhost:32779|priority:0, s1|rpc:localhost:43687|admin:localhost:37289|client:localhost:37969|dataStream:localhost:45289|priority:0, s2|rpc:localhost:35381|admin:localhost:44889|client:localhost:37093|dataStream:localhost:36223|priority:0], old=null
2022-07-08 04:35:48,617 [grpc-default-executor-11] INFO  server.RaftServer$Division (RaftServerImpl.java:requestVote(1173)) - s0@group-9AEA52B37957: receive requestVote(PRE_VOTE, s2, group-9AEA52B37957, 0, (t:0, i:0))
2022-07-08 04:35:48,618 [grpc-default-executor-11] INFO  impl.VoteContext (VoteContext.java:log(48)) - s0@group-9AEA52B37957-CANDIDATE: accept PRE_VOTE from s2: our priority 0 <= candidate's priority 0
2022-07-08 04:35:48,618 [grpc-default-executor-11] INFO  server.RaftServer$Division (RaftServerImpl.java:requestVote(1205)) - s0@group-9AEA52B37957 replies to PRE_VOTE vote request: s2<-s0#0:OK-t0. Peer's state: s0@group-9AEA52B37957:t0, leader=null, voted=, raftlog=s0@group-9AEA52B37957-SegmentedRaftLog:OPENED:c-1, conf=-1: [s0|rpc:localhost:45409|admin:localhost:39453|client:localhost:35593|dataStream:localhost:32779|priority:0, s1|rpc:localhost:43687|admin:localhost:37289|client:localhost:37969|dataStream:localhost:45289|priority:0, s2|rpc:localhost:35381|admin:localhost:44889|client:localhost:37093|dataStream:localhost:36223|priority:0], old=null
2022-07-08 04:35:48,620 [s2@group-9AEA52B37957-LeaderElection3] INFO  impl.LeaderElection (LeaderElection.java:logAndReturn(90)) - s2@group-9AEA52B37957-LeaderElection3: PRE_VOTE PASSED received 1 response(s) and 0 exception(s):
2022-07-08 04:35:48,621 [s2@group-9AEA52B37957-LeaderElection3] INFO  impl.LeaderElection (LeaderElection.java:logAndReturn(94)) -   Response 0: s2<-s1#0:OK-t0
2022-07-08 04:35:48,621 [s2@group-9AEA52B37957-LeaderElection3] INFO  impl.LeaderElection (LeaderElection.java:askForVotes(312)) - s2@group-9AEA52B37957-LeaderElection3 PRE_VOTE round 0: result PASSED
2022-07-08 04:35:48,625 [s2@group-9AEA52B37957-LeaderElection3] INFO  impl.LeaderElection (LeaderElection.java:askForVotes(310)) - s2@group-9AEA52B37957-LeaderElection3 ELECTION round 0: submit vote requests at term 1 for -1: [s0|rpc:localhost:45409|admin:localhost:39453|client:localhost:35593|dataStream:localhost:32779|priority:0, s1|rpc:localhost:43687|admin:localhost:37289|client:localhost:37969|dataStream:localhost:45289|priority:0, s2|rpc:localhost:35381|admin:localhost:44889|client:localhost:37093|dataStream:localhost:36223|priority:0], old=null
2022-07-08 04:35:48,625 [s0@group-9AEA52B37957-LeaderElection4] INFO  impl.LeaderElection (LeaderElection.java:askForVotes(310)) - s0@group-9AEA52B37957-LeaderElection4 PRE_VOTE round 0: submit vote requests at term 0 for -1: [s0|rpc:localhost:45409|admin:localhost:39453|client:localhost:35593|dataStream:localhost:32779|priority:0, s1|rpc:localhost:43687|admin:localhost:37289|client:localhost:37969|dataStream:localhost:45289|priority:0, s2|rpc:localhost:35381|admin:localhost:44889|client:localhost:37093|dataStream:localhost:36223|priority:0], old=null
2022-07-08 04:35:48,639 [grpc-default-executor-11] INFO  server.RaftServer$Division (RaftServerImpl.java:requestVote(1173)) - s0@group-9AEA52B37957: receive requestVote(ELECTION, s2, group-9AEA52B37957, 1, (t:0, i:0))
2022-07-08 04:35:48,640 [grpc-default-executor-11] INFO  impl.VoteContext (VoteContext.java:log(48)) - s0@group-9AEA52B37957-CANDIDATE: accept ELECTION from s2: our priority 0 <= candidate's priority 0
2022-07-08 04:35:48,640 [grpc-default-executor-11] INFO  server.RaftServer$Division (RaftServerImpl.java:setRole(300)) - s0@group-9AEA52B37957: changes role from CANDIDATE to FOLLOWER at term 1 for candidate:s2
2022-07-08 04:35:48,640 [grpc-default-executor-11] INFO  impl.RoleInfo (RoleInfo.java:shutdownLeaderElection(130)) - s0: shutdown s0@group-9AEA52B37957-LeaderElection4
2022-07-08 04:35:48,641 [grpc-default-executor-11] INFO  impl.RoleInfo (RoleInfo.java:updateAndGet(139)) - s0: start s0@group-9AEA52B37957-FollowerState
2022-07-08 04:35:48,639 [grpc-default-executor-0] INFO  server.RaftServer$Division (RaftServerImpl.java:requestVote(1173)) - s1@group-9AEA52B37957: receive requestVote(ELECTION, s2, group-9AEA52B37957, 1, (t:0, i:0))
2022-07-08 04:35:48,642 [grpc-default-executor-0] INFO  impl.VoteContext (VoteContext.java:log(48)) - s1@group-9AEA52B37957-FOLLOWER: accept ELECTION from s2: our priority 0 <= candidate's priority 0
2022-07-08 04:35:48,642 [grpc-default-executor-0] INFO  server.RaftServer$Division (RaftServerImpl.java:setRole(300)) - s1@group-9AEA52B37957: changes role from  FOLLOWER to FOLLOWER at term 1 for candidate:s2
2022-07-08 04:35:48,642 [grpc-default-executor-0] INFO  impl.RoleInfo (RoleInfo.java:shutdownFollowerState(110)) - s1: shutdown s1@group-9AEA52B37957-FollowerState
2022-07-08 04:35:48,642 [grpc-default-executor-0] INFO  impl.RoleInfo (RoleInfo.java:updateAndGet(139)) - s1: start s1@group-9AEA52B37957-FollowerState
2022-07-08 04:35:48,643 [s1@group-9AEA52B37957-FollowerState] INFO  impl.FollowerState (FollowerState.java:run(152)) - s1@group-9AEA52B37957-FollowerState was interrupted
2022-07-08 04:35:48,645 [grpc-default-executor-0] INFO  server.RaftServer$Division (RaftServerImpl.java:requestVote(1205)) - s1@group-9AEA52B37957 replies to ELECTION vote request: s2<-s1#0:OK-t1. Peer's state: s1@group-9AEA52B37957:t1, leader=null, voted=s2, raftlog=s1@group-9AEA52B37957-SegmentedRaftLog:OPENED:c-1, conf=-1: [s0|rpc:localhost:45409|admin:localhost:39453|client:localhost:35593|dataStream:localhost:32779|priority:0, s1|rpc:localhost:43687|admin:localhost:37289|client:localhost:37969|dataStream:localhost:45289|priority:0, s2|rpc:localhost:35381|admin:localhost:44889|client:localhost:37093|dataStream:localhost:36223|priority:0], old=null
2022-07-08 04:35:48,646 [s2@group-9AEA52B37957-LeaderElection3] INFO  impl.LeaderElection (LeaderElection.java:logAndReturn(90)) - s2@group-9AEA52B37957-LeaderElection3: ELECTION PASSED received 1 response(s) and 0 exception(s):
2022-07-08 04:35:48,647 [s2@group-9AEA52B37957-LeaderElection3] INFO  impl.LeaderElection (LeaderElection.java:logAndReturn(94)) -   Response 0: s2<-s1#0:OK-t1
2022-07-08 04:35:48,647 [s2@group-9AEA52B37957-LeaderElection3] INFO  impl.LeaderElection (LeaderElection.java:askForVotes(312)) - s2@group-9AEA52B37957-LeaderElection3 ELECTION round 0: result PASSED
2022-07-08 04:35:48,647 [s2@group-9AEA52B37957-LeaderElection3] INFO  impl.RoleInfo (RoleInfo.java:shutdownLeaderElection(130)) - s2: shutdown s2@group-9AEA52B37957-LeaderElection3
2022-07-08 04:35:48,647 [s2@group-9AEA52B37957-LeaderElection3] INFO  server.RaftServer$Division (RaftServerImpl.java:setRole(300)) - s2@group-9AEA52B37957: changes role from CANDIDATE to LEADER at term 1 for changeToLeader
2022-07-08 04:35:48,647 [s2@group-9AEA52B37957-LeaderElection3] INFO  server.RaftServer$Division (ServerState.java:setLeader(291)) - s2@group-9AEA52B37957: change Leader from null to s2 at term 1 for becomeLeader, leader elected after 256ms
2022-07-08 04:35:48,647 [s2@group-9AEA52B37957-LeaderElection3] INFO  server.RaftServerConfigKeys (ConfUtils.java:logGet(46)) - raft.server.staging.catchup.gap = 1000 (default)
2022-07-08 04:35:48,647 [s2@group-9AEA52B37957-LeaderElection3] INFO  server.RaftServerConfigKeys (ConfUtils.java:logGet(46)) - raft.server.write.element-limit = 4096 (default)
2022-07-08 04:35:48,647 [s2@group-9AEA52B37957-LeaderElection3] INFO  server.RaftServerConfigKeys (ConfUtils.java:logGet(46)) - raft.server.write.byte-limit = 64MB (=67108864) (default)
2022-07-08 04:35:48,647 [s2@group-9AEA52B37957-LeaderElection3] INFO  server.RaftServerConfigKeys (ConfUtils.java:logGet(46)) - raft.server.watch.timeout = 10s (default)
2022-07-08 04:35:48,648 [s2@group-9AEA52B37957-LeaderElection3] INFO  server.RaftServerConfigKeys (ConfUtils.java:logGet(46)) - raft.server.watch.timeout.denomination = 1s (default)
2022-07-08 04:35:48,648 [s2@group-9AEA52B37957-LeaderElection3] INFO  server.RaftServerConfigKeys (ConfUtils.java:logGet(46)) - raft.server.watch.element-limit = 65536 (default)
2022-07-08 04:35:48,648 [s2@group-9AEA52B37957-LeaderElection3] INFO  server.RaftServerConfigKeys (ConfUtils.java:logGet(46)) - raft.server.write.element-limit = 4096 (default)
2022-07-08 04:35:48,648 [s2@group-9AEA52B37957-LeaderElection3] INFO  server.RaftServerConfigKeys (ConfUtils.java:logGet(46)) - raft.server.write.follower.gap.ratio.max = -1.0 (default)
2022-07-08 04:35:48,648 [s2@group-9AEA52B37957-LeaderElection3] INFO  server.RaftServerConfigKeys (ConfUtils.java:logGet(46)) - raft.server.log.appender.snapshot.chunk.size.max = 16MB (=16777216) (default)
2022-07-08 04:35:48,649 [s2@group-9AEA52B37957-LeaderElection3] INFO  server.RaftServerConfigKeys (ConfUtils.java:logGet(46)) - raft.server.log.appender.buffer.byte-limit = 4MB (=4194304) (default)
2022-07-08 04:35:48,649 [s2@group-9AEA52B37957-LeaderElection3] INFO  server.RaftServerConfigKeys (ConfUtils.java:logGet(46)) - raft.server.log.appender.buffer.element-limit = 0 (default)
2022-07-08 04:35:48,649 [s2@group-9AEA52B37957-LeaderElection3] INFO  grpc.GrpcConfigKeys (ConfUtils.java:logGet(46)) - raft.grpc.server.leader.outstanding.appends.max = 128 (default)
2022-07-08 04:35:48,649 [s2@group-9AEA52B37957-LeaderElection3] INFO  server.RaftServerConfigKeys (ConfUtils.java:logGet(46)) - raft.server.rpc.request.timeout = 3000ms (default)
2022-07-08 04:35:48,649 [s2@group-9AEA52B37957-LeaderElection3] INFO  server.RaftServerConfigKeys (ConfUtils.java:logGet(46)) - raft.server.log.appender.install.snapshot.enabled = true (default)
2022-07-08 04:35:48,650 [grpc-default-executor-11] INFO  server.RaftServer$Division (RaftServerImpl.java:requestVote(1205)) - s0@group-9AEA52B37957 replies to ELECTION vote request: s2<-s0#0:OK-t1. Peer's state: s0@group-9AEA52B37957:t1, leader=null, voted=s2, raftlog=s0@group-9AEA52B37957-SegmentedRaftLog:OPENED:c-1, conf=-1: [s0|rpc:localhost:45409|admin:localhost:39453|client:localhost:35593|dataStream:localhost:32779|priority:0, s1|rpc:localhost:43687|admin:localhost:37289|client:localhost:37969|dataStream:localhost:45289|priority:0, s2|rpc:localhost:35381|admin:localhost:44889|client:localhost:37093|dataStream:localhost:36223|priority:0], old=null
2022-07-08 04:35:48,650 [s2@group-9AEA52B37957-LeaderElection3] INFO  server.RaftServerConfigKeys (ConfUtils.java:logGet(46)) - raft.server.log.appender.snapshot.chunk.size.max = 16MB (=16777216) (default)
2022-07-08 04:35:48,652 [s2@group-9AEA52B37957-LeaderElection3] INFO  server.RaftServerConfigKeys (ConfUtils.java:logGet(46)) - raft.server.log.appender.buffer.byte-limit = 4MB (=4194304) (default)
2022-07-08 04:35:48,652 [s2@group-9AEA52B37957-LeaderElection3] INFO  server.RaftServerConfigKeys (ConfUtils.java:logGet(46)) - raft.server.log.appender.buffer.element-limit = 0 (default)
2022-07-08 04:35:48,652 [s2@group-9AEA52B37957-LeaderElection3] INFO  grpc.GrpcConfigKeys (ConfUtils.java:logGet(46)) - raft.grpc.server.leader.outstanding.appends.max = 128 (default)
2022-07-08 04:35:48,652 [s2@group-9AEA52B37957-LeaderElection3] INFO  server.RaftServerConfigKeys (ConfUtils.java:logGet(46)) - raft.server.rpc.request.timeout = 3000ms (default)
2022-07-08 04:35:48,653 [s2@group-9AEA52B37957-LeaderElection3] INFO  server.RaftServerConfigKeys (ConfUtils.java:logGet(46)) - raft.server.log.appender.install.snapshot.enabled = true (default)
2022-07-08 04:35:48,653 [s2@group-9AEA52B37957-LeaderElection3] INFO  impl.RoleInfo (RoleInfo.java:updateAndGet(139)) - s2: start s2@group-9AEA52B37957-LeaderStateImpl
2022-07-08 04:35:48,657 [s2@group-9AEA52B37957-LeaderElection3] INFO  segmented.SegmentedRaftLogWorker (SegmentedRaftLogWorker.java:startLogSegment(425)) - s2@group-9AEA52B37957-SegmentedRaftLogWorker: Starting segment from index:0
2022-07-08 04:35:48,664 [grpc-default-executor-0] INFO  server.RaftServer$Division (RaftServerImpl.java:requestVote(1173)) - s1@group-9AEA52B37957: receive requestVote(PRE_VOTE, s0, group-9AEA52B37957, 0, (t:0, i:0))
2022-07-08 04:35:48,665 [grpc-default-executor-0] INFO  impl.VoteContext (VoteContext.java:log(48)) - s1@group-9AEA52B37957-FOLLOWER: accept PRE_VOTE from s0: our priority 0 <= candidate's priority 0
2022-07-08 04:35:48,666 [grpc-default-executor-0] INFO  server.RaftServer$Division (RaftServerImpl.java:requestVote(1205)) - s1@group-9AEA52B37957 replies to PRE_VOTE vote request: s0<-s1#0:OK-t1. Peer's state: s1@group-9AEA52B37957:t1, leader=null, voted=s2, raftlog=s1@group-9AEA52B37957-SegmentedRaftLog:OPENED:c-1, conf=-1: [s0|rpc:localhost:45409|admin:localhost:39453|client:localhost:35593|dataStream:localhost:32779|priority:0, s1|rpc:localhost:43687|admin:localhost:37289|client:localhost:37969|dataStream:localhost:45289|priority:0, s2|rpc:localhost:35381|admin:localhost:44889|client:localhost:37093|dataStream:localhost:36223|priority:0], old=null
2022-07-08 04:35:48,678 [s2@group-9AEA52B37957-SegmentedRaftLogWorker] INFO  segmented.SegmentedRaftLogWorker (SegmentedRaftLogWorker.java:execute(629)) - s2@group-9AEA52B37957-SegmentedRaftLogWorker: created new log segment /home/runner/work/ratis/ratis/ratis-test/target/test/data/d6e910be/MiniRaftClusterWithRpcTypeGrpcAndDataStreamTypeNettyd1ac3dcf/s2/906c665f-be0b-402a-85dc-9aea52b37957/current/log_inprogress_0
2022-07-08 04:35:48,683 [s1-server-thread1] INFO  server.RaftServer$Division (ServerState.java:setLeader(291)) - s1@group-9AEA52B37957: change Leader from null to s2 at term 1 for appendEntries, leader elected after 308ms
2022-07-08 04:35:48,686 [s0@group-9AEA52B37957-LeaderElection4] INFO  impl.LeaderElection (LeaderElection.java:logAndReturn(90)) - s0@group-9AEA52B37957-LeaderElection4: PRE_VOTE DISCOVERED_A_NEW_TERM (term=1) received 1 response(s) and 0 exception(s):
2022-07-08 04:35:48,686 [s0@group-9AEA52B37957-LeaderElection4] INFO  impl.LeaderElection (LeaderElection.java:logAndReturn(94)) -   Response 0: s0<-s1#0:OK-t1
2022-07-08 04:35:48,686 [s2@group-9AEA52B37957-LeaderElection3] INFO  server.RaftServer$Division (ServerState.java:setRaftConf(397)) - s2@group-9AEA52B37957: set configuration 0: [s0|rpc:localhost:45409|admin:localhost:39453|client:localhost:35593|dataStream:localhost:32779|priority:0, s1|rpc:localhost:43687|admin:localhost:37289|client:localhost:37969|dataStream:localhost:45289|priority:0, s2|rpc:localhost:35381|admin:localhost:44889|client:localhost:37093|dataStream:localhost:36223|priority:0], old=null
2022-07-08 04:35:48,685 [grpc-default-executor-0] INFO  server.RaftServer$Division (RaftServerImpl.java:requestVote(1173)) - s2@group-9AEA52B37957: receive requestVote(PRE_VOTE, s0, group-9AEA52B37957, 0, (t:0, i:0))
2022-07-08 04:35:48,696 [s1-server-thread1] INFO  server.RaftServer$Division (ServerState.java:setRaftConf(397)) - s1@group-9AEA52B37957: set configuration 0: [s0|rpc:localhost:45409|admin:localhost:39453|client:localhost:35593|dataStream:localhost:32779|priority:0, s1|rpc:localhost:43687|admin:localhost:37289|client:localhost:37969|dataStream:localhost:45289|priority:0, s2|rpc:localhost:35381|admin:localhost:44889|client:localhost:37093|dataStream:localhost:36223|priority:0], old=null
2022-07-08 04:35:48,696 [s1-server-thread1] INFO  segmented.SegmentedRaftLogWorker (SegmentedRaftLogWorker.java:startLogSegment(425)) - s1@group-9AEA52B37957-SegmentedRaftLogWorker: Starting segment from index:0
2022-07-08 04:35:48,707 [s0@group-9AEA52B37957-LeaderElection4] INFO  impl.LeaderElection (LeaderElection.java:askForVotes(312)) - s0@group-9AEA52B37957-LeaderElection4 PRE_VOTE round 0: result DISCOVERED_A_NEW_TERM (term=1)
2022-07-08 04:35:48,708 [grpc-default-executor-0] INFO  impl.VoteContext (VoteContext.java:log(48)) - s2@group-9AEA52B37957-LEADER: reject PRE_VOTE from s0: this server is the leader and still has leadership
2022-07-08 04:35:48,708 [grpc-default-executor-0] INFO  server.RaftServer$Division (RaftServerImpl.java:requestVote(1205)) - s2@group-9AEA52B37957 replies to PRE_VOTE vote request: s0<-s2#0:FAIL-t1. Peer's state: s2@group-9AEA52B37957:t1, leader=s2, voted=s2, raftlog=s2@group-9AEA52B37957-SegmentedRaftLog:OPENED:c0, conf=0: [s0|rpc:localhost:45409|admin:localhost:39453|client:localhost:35593|dataStream:localhost:32779|priority:0, s1|rpc:localhost:43687|admin:localhost:37289|client:localhost:37969|dataStream:localhost:45289|priority:0, s2|rpc:localhost:35381|admin:localhost:44889|client:localhost:37093|dataStream:localhost:36223|priority:0], old=null
2022-07-08 04:35:48,709 [s0-server-thread1] INFO  server.RaftServer$Division (ServerState.java:setLeader(291)) - s0@group-9AEA52B37957: change Leader from null to s2 at term 1 for appendEntries, leader elected after 334ms
2022-07-08 04:35:48,713 [s1@group-9AEA52B37957-SegmentedRaftLogWorker] INFO  segmented.SegmentedRaftLogWorker (SegmentedRaftLogWorker.java:execute(629)) - s1@group-9AEA52B37957-SegmentedRaftLogWorker: created new log segment /home/runner/work/ratis/ratis/ratis-test/target/test/data/d6e910be/MiniRaftClusterWithRpcTypeGrpcAndDataStreamTypeNettyd1ac3dcf/s1/906c665f-be0b-402a-85dc-9aea52b37957/current/log_inprogress_0
2022-07-08 04:35:48,737 [s0-server-thread1] INFO  server.RaftServer$Division (ServerState.java:setRaftConf(397)) - s0@group-9AEA52B37957: set configuration 0: [s0|rpc:localhost:45409|admin:localhost:39453|client:localhost:35593|dataStream:localhost:32779|priority:0, s1|rpc:localhost:43687|admin:localhost:37289|client:localhost:37969|dataStream:localhost:45289|priority:0, s2|rpc:localhost:35381|admin:localhost:44889|client:localhost:37093|dataStream:localhost:36223|priority:0], old=null
2022-07-08 04:35:48,737 [s0-server-thread1] INFO  segmented.SegmentedRaftLogWorker (SegmentedRaftLogWorker.java:startLogSegment(425)) - s0@group-9AEA52B37957-SegmentedRaftLogWorker: Starting segment from index:0
2022-07-08 04:35:48,752 [s0@group-9AEA52B37957-SegmentedRaftLogWorker] INFO  segmented.SegmentedRaftLogWorker (SegmentedRaftLogWorker.java:execute(629)) - s0@group-9AEA52B37957-SegmentedRaftLogWorker: created new log segment /home/runner/work/ratis/ratis/ratis-test/target/test/data/d6e910be/MiniRaftClusterWithRpcTypeGrpcAndDataStreamTypeNettyd1ac3dcf/s0/906c665f-be0b-402a-85dc-9aea52b37957/current/log_inprogress_0
2022-07-08 04:35:48,909 [Time-limited test] INFO  ratis.RaftTestUtil (RaftTestUtil.java:waitForLeader(119)) - printing ALL groups
  s0:  RUNNING  FOLLOWER s0@group-9AEA52B37957:t1, leader=s2, voted=s2, raftlog=s0@group-9AEA52B37957-SegmentedRaftLog:OPENED:c0, conf=0: [s0|rpc:localhost:45409|admin:localhost:39453|client:localhost:35593|dataStream:localhost:32779|priority:0, s1|rpc:localhost:43687|admin:localhost:37289|client:localhost:37969|dataStream:localhost:45289|priority:0, s2|rpc:localhost:35381|admin:localhost:44889|client:localhost:37093|dataStream:localhost:36223|priority:0], old=null RUNNING
  s1:  RUNNING  FOLLOWER s1@group-9AEA52B37957:t1, leader=s2, voted=s2, raftlog=s1@group-9AEA52B37957-SegmentedRaftLog:OPENED:c0, conf=0: [s0|rpc:localhost:45409|admin:localhost:39453|client:localhost:35593|dataStream:localhost:32779|priority:0, s1|rpc:localhost:43687|admin:localhost:37289|client:localhost:37969|dataStream:localhost:45289|priority:0, s2|rpc:localhost:35381|admin:localhost:44889|client:localhost:37093|dataStream:localhost:36223|priority:0], old=null RUNNING
  s2:  RUNNING    LEADER s2@group-9AEA52B37957:t1, leader=s2, voted=s2, raftlog=s2@group-9AEA52B37957-SegmentedRaftLog:OPENED:c0, conf=0: [s0|rpc:localhost:45409|admin:localhost:39453|client:localhost:35593|dataStream:localhost:32779|priority:0, s1|rpc:localhost:43687|admin:localhost:37289|client:localhost:37969|dataStream:localhost:45289|priority:0, s2|rpc:localhost:35381|admin:localhost:44889|client:localhost:37093|dataStream:localhost:36223|priority:0], old=null RUNNING
2022-07-08 04:35:48,914 [pool-9-thread-3] INFO  client.DataStreamClient (ConfUtils.java:logGet(46)) - raft.datastream.type = NETTY (custom)
2022-07-08 04:35:48,914 [pool-9-thread-3] INFO  netty.NettyConfigKeys$DataStream (ConfUtils.java:logGet(46)) - raft.netty.dataStream.client.tls.conf = null (default)
2022-07-08 04:35:48,914 [pool-9-thread-3] INFO  netty.NettyConfigKeys$DataStream (ConfUtils.java:logGet(46)) - raft.netty.dataStream.client.reply.queue.grace-period = 1s (default)
2022-07-08 04:35:48,914 [pool-9-thread-5] INFO  client.DataStreamClient (ConfUtils.java:logGet(46)) - raft.datastream.type = NETTY (custom)
2022-07-08 04:35:48,915 [pool-9-thread-5] INFO  netty.NettyConfigKeys$DataStream (ConfUtils.java:logGet(46)) - raft.netty.dataStream.client.tls.conf = null (default)
2022-07-08 04:35:48,916 [pool-9-thread-5] INFO  netty.NettyConfigKeys$DataStream (ConfUtils.java:logGet(46)) - raft.netty.dataStream.client.reply.queue.grace-period = 1s (default)
2022-07-08 04:35:48,915 [pool-9-thread-6] INFO  client.DataStreamClient (ConfUtils.java:logGet(46)) - raft.datastream.type = NETTY (custom)
2022-07-08 04:35:48,916 [pool-9-thread-6] INFO  netty.NettyConfigKeys$DataStream (ConfUtils.java:logGet(46)) - raft.netty.dataStream.client.tls.conf = null (default)
2022-07-08 04:35:48,914 [pool-9-thread-3] INFO  netty.NettyConfigKeys$DataStream (ConfUtils.java:logGet(46)) - raft.netty.dataStream.client.worker-group.share = false (default)
2022-07-08 04:35:48,916 [pool-9-thread-3] INFO  netty.NettyConfigKeys$DataStream (ConfUtils.java:logGet(46)) - raft.netty.dataStream.client.worker-group.size = 4 (default)
2022-07-08 04:35:48,916 [pool-9-thread-5] INFO  netty.NettyConfigKeys$DataStream (ConfUtils.java:logGet(46)) - raft.netty.dataStream.client.worker-group.share = false (default)
2022-07-08 04:35:48,917 [pool-9-thread-5] INFO  netty.NettyConfigKeys$DataStream (ConfUtils.java:logGet(46)) - raft.netty.dataStream.client.worker-group.size = 4 (default)
2022-07-08 04:35:48,916 [pool-9-thread-6] INFO  netty.NettyConfigKeys$DataStream (ConfUtils.java:logGet(46)) - raft.netty.dataStream.client.reply.queue.grace-period = 1s (default)
2022-07-08 04:35:48,917 [pool-9-thread-6] INFO  netty.NettyConfigKeys$DataStream (ConfUtils.java:logGet(46)) - raft.netty.dataStream.client.worker-group.share = false (default)
2022-07-08 04:35:48,918 [pool-9-thread-6] INFO  netty.NettyConfigKeys$DataStream (ConfUtils.java:logGet(46)) - raft.netty.dataStream.client.worker-group.size = 4 (default)
2022-07-08 04:35:48,918 [pool-9-thread-4] INFO  client.DataStreamClient (ConfUtils.java:logGet(46)) - raft.datastream.type = NETTY (custom)
2022-07-08 04:35:48,919 [pool-9-thread-4] INFO  netty.NettyConfigKeys$DataStream (ConfUtils.java:logGet(46)) - raft.netty.dataStream.client.tls.conf = null (default)
2022-07-08 04:35:48,919 [pool-9-thread-4] INFO  netty.NettyConfigKeys$DataStream (ConfUtils.java:logGet(46)) - raft.netty.dataStream.client.reply.queue.grace-period = 1s (default)
2022-07-08 04:35:48,919 [pool-9-thread-4] INFO  netty.NettyConfigKeys$DataStream (ConfUtils.java:logGet(46)) - raft.netty.dataStream.client.worker-group.share = false (default)
2022-07-08 04:35:48,919 [pool-9-thread-4] INFO  netty.NettyConfigKeys$DataStream (ConfUtils.java:logGet(46)) - raft.netty.dataStream.client.worker-group.size = 4 (default)
2022-07-08 04:35:48,919 [pool-9-thread-7] INFO  client.DataStreamClient (ConfUtils.java:logGet(46)) - raft.datastream.type = NETTY (custom)
2022-07-08 04:35:48,919 [pool-9-thread-7] INFO  netty.NettyConfigKeys$DataStream (ConfUtils.java:logGet(46)) - raft.netty.dataStream.client.tls.conf = null (default)
2022-07-08 04:35:48,920 [pool-9-thread-7] INFO  netty.NettyConfigKeys$DataStream (ConfUtils.java:logGet(46)) - raft.netty.dataStream.client.reply.queue.grace-period = 1s (default)
2022-07-08 04:35:48,920 [pool-9-thread-7] INFO  netty.NettyConfigKeys$DataStream (ConfUtils.java:logGet(46)) - raft.netty.dataStream.client.worker-group.share = false (default)
2022-07-08 04:35:48,920 [pool-9-thread-7] INFO  netty.NettyConfigKeys$DataStream (ConfUtils.java:logGet(46)) - raft.netty.dataStream.client.worker-group.size = 4 (default)
2022-07-08 04:35:48,922 [s1-NettyServerStreamRpc-bossGroup--thread1] INFO  logging.LoggingHandler (AbstractInternalLogger.java:log(148)) - [id: 0x3f7cce2d, L:/0.0.0.0:45289] READ: [id: 0xf58db263, L:/127.0.0.1:45289 - R:/127.0.0.1:37342]
2022-07-08 04:35:48,923 [pool-9-thread-8] INFO  client.DataStreamClient (ConfUtils.java:logGet(46)) - raft.datastream.type = NETTY (custom)
2022-07-08 04:35:48,923 [pool-9-thread-8] INFO  netty.NettyConfigKeys$DataStream (ConfUtils.java:logGet(46)) - raft.netty.dataStream.client.tls.conf = null (default)
2022-07-08 04:35:48,923 [pool-9-thread-8] INFO  netty.NettyConfigKeys$DataStream (ConfUtils.java:logGet(46)) - raft.netty.dataStream.client.reply.queue.grace-period = 1s (default)
2022-07-08 04:35:48,923 [pool-9-thread-8] INFO  netty.NettyConfigKeys$DataStream (ConfUtils.java:logGet(46)) - raft.netty.dataStream.client.worker-group.share = false (default)
2022-07-08 04:35:48,923 [pool-9-thread-8] INFO  netty.NettyConfigKeys$DataStream (ConfUtils.java:logGet(46)) - raft.netty.dataStream.client.worker-group.size = 4 (default)
2022-07-08 04:35:48,927 [pool-9-thread-11] INFO  datastream.DataStreamTestUtils (DataStreamTestUtils.java:writeAndCloseAndAssertReplies(311)) - start Stream377
2022-07-08 04:35:48,930 [pool-9-thread-12] INFO  datastream.DataStreamTestUtils (DataStreamTestUtils.java:writeAndCloseAndAssertReplies(311)) - start Stream378
2022-07-08 04:35:48,934 [s0-NettyServerStreamRpc-bossGroup--thread1] INFO  logging.LoggingHandler (AbstractInternalLogger.java:log(148)) - [id: 0x27b8fa9e, L:/0.0.0.0:32779] READ: [id: 0x4625f069, L:/127.0.0.1:32779 - R:/127.0.0.1:37610]
2022-07-08 04:35:48,947 [s2-NettyServerStreamRpc-bossGroup--thread1] INFO  logging.LoggingHandler (AbstractInternalLogger.java:log(148)) - [id: 0xdef2d4b7, L:/0.0.0.0:36223] READ: [id: 0x92883047, L:/127.0.0.1:36223 - R:/127.0.0.1:48538]
2022-07-08 04:35:48,949 [pool-9-thread-15] INFO  datastream.DataStreamTestUtils (DataStreamTestUtils.java:writeAndCloseAndAssertReplies(311)) - start Stream382
2022-07-08 04:35:48,954 [s0-NettyServerStreamRpc-bossGroup--thread1] INFO  logging.LoggingHandler (AbstractInternalLogger.java:log(148)) - [id: 0x27b8fa9e, L:/0.0.0.0:32779] READ COMPLETE
2022-07-08 04:35:48,956 [s0-NettyServerStreamRpc-workerGroup--thread1] INFO  client.DataStreamClient (ConfUtils.java:logGet(46)) - raft.datastream.type = NETTY (custom)
2022-07-08 04:35:48,957 [s0-NettyServerStreamRpc-workerGroup--thread1] INFO  netty.NettyConfigKeys$DataStream (ConfUtils.java:logGet(46)) - raft.netty.dataStream.client.tls.conf = null (default)
2022-07-08 04:35:48,957 [s0-NettyServerStreamRpc-workerGroup--thread1] INFO  netty.NettyConfigKeys$DataStream (ConfUtils.java:logGet(46)) - raft.netty.dataStream.client.reply.queue.grace-period = 1s (default)
2022-07-08 04:35:48,957 [pool-9-thread-13] INFO  datastream.DataStreamTestUtils (DataStreamTestUtils.java:writeAndCloseAndAssertReplies(311)) - start Stream379
2022-07-08 04:35:48,956 [pool-9-thread-14] INFO  datastream.DataStreamTestUtils (DataStreamTestUtils.java:writeAndCloseAndAssertReplies(311)) - start Stream380
2022-07-08 04:35:48,958 [s0-NettyServerStreamRpc-workerGroup--thread1] INFO  netty.NettyConfigKeys$DataStream (ConfUtils.java:logGet(46)) - raft.netty.dataStream.client.worker-group.share = false (default)
2022-07-08 04:35:48,960 [s0-NettyServerStreamRpc-workerGroup--thread1] INFO  netty.NettyConfigKeys$DataStream (ConfUtils.java:logGet(46)) - raft.netty.dataStream.client.worker-group.size = 4 (default)
2022-07-08 04:35:48,962 [pool-9-thread-10] INFO  client.DataStreamClient (ConfUtils.java:logGet(46)) - raft.datastream.type = NETTY (custom)
2022-07-08 04:35:48,962 [pool-9-thread-10] INFO  netty.NettyConfigKeys$DataStream (ConfUtils.java:logGet(46)) - raft.netty.dataStream.client.tls.conf = null (default)
2022-07-08 04:35:48,963 [pool-9-thread-10] INFO  netty.NettyConfigKeys$DataStream (ConfUtils.java:logGet(46)) - raft.netty.dataStream.client.reply.queue.grace-period = 1s (default)
2022-07-08 04:35:48,963 [pool-9-thread-10] INFO  netty.NettyConfigKeys$DataStream (ConfUtils.java:logGet(46)) - raft.netty.dataStream.client.worker-group.share = false (default)
2022-07-08 04:35:48,963 [pool-9-thread-10] INFO  netty.NettyConfigKeys$DataStream (ConfUtils.java:logGet(46)) - raft.netty.dataStream.client.worker-group.size = 4 (default)
2022-07-08 04:35:48,965 [pool-9-thread-9] INFO  datastream.DataStreamTestUtils (DataStreamTestUtils.java:writeAndCloseAndAssertReplies(311)) - start Stream376
2022-07-08 04:35:48,966 [s1-NettyServerStreamRpc-bossGroup--thread1] INFO  logging.LoggingHandler (AbstractInternalLogger.java:log(148)) - [id: 0x3f7cce2d, L:/0.0.0.0:45289] READ COMPLETE
2022-07-08 04:35:48,967 [s1-NettyServerStreamRpc-bossGroup--thread1] INFO  logging.LoggingHandler (AbstractInternalLogger.java:log(148)) - [id: 0x3f7cce2d, L:/0.0.0.0:45289] READ: [id: 0xfebdd2ac, L:/127.0.0.1:45289 - R:/127.0.0.1:37344]
2022-07-08 04:35:48,968 [s1-NettyServerStreamRpc-workerGroup--thread1] INFO  client.DataStreamClient (ConfUtils.java:logGet(46)) - raft.datastream.type = NETTY (custom)
2022-07-08 04:35:48,969 [s1-NettyServerStreamRpc-workerGroup--thread1] INFO  netty.NettyConfigKeys$DataStream (ConfUtils.java:logGet(46)) - raft.netty.dataStream.client.tls.conf = null (default)
2022-07-08 04:35:48,969 [s1-NettyServerStreamRpc-workerGroup--thread1] INFO  netty.NettyConfigKeys$DataStream (ConfUtils.java:logGet(46)) - raft.netty.dataStream.client.reply.queue.grace-period = 1s (default)
2022-07-08 04:35:48,969 [s1-NettyServerStreamRpc-bossGroup--thread1] INFO  logging.LoggingHandler (AbstractInternalLogger.java:log(148)) - [id: 0x3f7cce2d, L:/0.0.0.0:45289] READ: [id: 0x006b7e18, L:/127.0.0.1:45289 - R:/127.0.0.1:37348]
2022-07-08 04:35:48,970 [s1-NettyServerStreamRpc-workerGroup--thread1] INFO  netty.NettyConfigKeys$DataStream (ConfUtils.java:logGet(46)) - raft.netty.dataStream.client.worker-group.share = false (default)
2022-07-08 04:35:48,970 [s1-NettyServerStreamRpc-workerGroup--thread1] INFO  netty.NettyConfigKeys$DataStream (ConfUtils.java:logGet(46)) - raft.netty.dataStream.client.worker-group.size = 4 (default)
2022-07-08 04:35:48,970 [s1-NettyServerStreamRpc-workerGroup--thread2] INFO  client.DataStreamClient (ConfUtils.java:logGet(46)) - raft.datastream.type = NETTY (custom)
2022-07-08 04:35:48,970 [s1-NettyServerStreamRpc-workerGroup--thread2] INFO  netty.NettyConfigKeys$DataStream (ConfUtils.java:logGet(46)) - raft.netty.dataStream.client.tls.conf = null (default)
2022-07-08 04:35:48,970 [s1-NettyServerStreamRpc-workerGroup--thread2] INFO  netty.NettyConfigKeys$DataStream (ConfUtils.java:logGet(46)) - raft.netty.dataStream.client.reply.queue.grace-period = 1s (default)
2022-07-08 04:35:48,971 [s0-NettyServerStreamRpc-workerGroup--thread1] INFO  client.DataStreamClient (ConfUtils.java:logGet(46)) - raft.datastream.type = NETTY (custom)
2022-07-08 04:35:48,971 [s0-NettyServerStreamRpc-workerGroup--thread1] INFO  netty.NettyConfigKeys$DataStream (ConfUtils.java:logGet(46)) - raft.netty.dataStream.client.tls.conf = null (default)
2022-07-08 04:35:48,971 [s0-NettyServerStreamRpc-workerGroup--thread1] INFO  netty.NettyConfigKeys$DataStream (ConfUtils.java:logGet(46)) - raft.netty.dataStream.client.reply.queue.grace-period = 1s (default)
2022-07-08 04:35:48,971 [s0-NettyServerStreamRpc-workerGroup--thread1] INFO  netty.NettyConfigKeys$DataStream (ConfUtils.java:logGet(46)) - raft.netty.dataStream.client.worker-group.share = false (default)
2022-07-08 04:35:48,971 [s0-NettyServerStreamRpc-workerGroup--thread1] INFO  netty.NettyConfigKeys$DataStream (ConfUtils.java:logGet(46)) - raft.netty.dataStream.client.worker-group.size = 4 (default)
2022-07-08 04:35:48,971 [s1-NettyServerStreamRpc-workerGroup--thread2] INFO  netty.NettyConfigKeys$DataStream (ConfUtils.java:logGet(46)) - raft.netty.dataStream.client.worker-group.share = false (default)
2022-07-08 04:35:48,972 [s1-NettyServerStreamRpc-workerGroup--thread2] INFO  netty.NettyConfigKeys$DataStream (ConfUtils.java:logGet(46)) - raft.netty.dataStream.client.worker-group.size = 4 (default)
2022-07-08 04:35:48,973 [pool-9-thread-16] INFO  datastream.DataStreamTestUtils (DataStreamTestUtils.java:writeAndCloseAndAssertReplies(311)) - start Stream381
2022-07-08 04:35:48,976 [s2-NettyServerStreamRpc-bossGroup--thread1] INFO  logging.LoggingHandler (AbstractInternalLogger.java:log(148)) - [id: 0xdef2d4b7, L:/0.0.0.0:36223] READ COMPLETE
2022-07-08 04:35:48,976 [s2-NettyServerStreamRpc-bossGroup--thread1] INFO  logging.LoggingHandler (AbstractInternalLogger.java:log(148)) - [id: 0xdef2d4b7, L:/0.0.0.0:36223] READ: [id: 0x83d716c4, L:/127.0.0.1:36223 - R:/127.0.0.1:48540]
2022-07-08 04:35:48,978 [s2-NettyServerStreamRpc-workerGroup--thread1] INFO  client.DataStreamClient (ConfUtils.java:logGet(46)) - raft.datastream.type = NETTY (custom)
2022-07-08 04:35:48,978 [s2-NettyServerStreamRpc-workerGroup--thread1] INFO  netty.NettyConfigKeys$DataStream (ConfUtils.java:logGet(46)) - raft.netty.dataStream.client.tls.conf = null (default)
2022-07-08 04:35:48,978 [s2-NettyServerStreamRpc-workerGroup--thread1] INFO  netty.NettyConfigKeys$DataStream (ConfUtils.java:logGet(46)) - raft.netty.dataStream.client.reply.queue.grace-period = 1s (default)
2022-07-08 04:35:48,979 [s2-NettyServerStreamRpc-workerGroup--thread1] INFO  netty.NettyConfigKeys$DataStream (ConfUtils.java:logGet(46)) - raft.netty.dataStream.client.worker-group.share = false (default)
2022-07-08 04:35:48,979 [s2-NettyServerStreamRpc-workerGroup--thread1] INFO  netty.NettyConfigKeys$DataStream (ConfUtils.java:logGet(46)) - raft.netty.dataStream.client.worker-group.size = 4 (default)
2022-07-08 04:35:48,980 [s2-NettyServerStreamRpc-bossGroup--thread1] INFO  logging.LoggingHandler (AbstractInternalLogger.java:log(148)) - [id: 0xdef2d4b7, L:/0.0.0.0:36223] READ COMPLETE
2022-07-08 04:35:48,981 [s2-NettyServerStreamRpc-workerGroup--thread2] INFO  client.DataStreamClient (ConfUtils.java:logGet(46)) - raft.datastream.type = NETTY (custom)
2022-07-08 04:35:48,981 [s2-NettyServerStreamRpc-workerGroup--thread2] INFO  netty.NettyConfigKeys$DataStream (ConfUtils.java:logGet(46)) - raft.netty.dataStream.client.tls.conf = null (default)
2022-07-08 04:35:48,982 [s2-NettyServerStreamRpc-workerGroup--thread2] INFO  netty.NettyConfigKeys$DataStream (ConfUtils.java:logGet(46)) - raft.netty.dataStream.client.reply.queue.grace-period = 1s (default)
2022-07-08 04:35:48,982 [s0-NettyServerStreamRpc-bossGroup--thread1] INFO  logging.LoggingHandler (AbstractInternalLogger.java:log(148)) - [id: 0x27b8fa9e, L:/0.0.0.0:32779] READ: [id: 0x158a2ce6, L:/127.0.0.1:32779 - R:/127.0.0.1:37620]
2022-07-08 04:35:48,982 [s2-NettyServerStreamRpc-workerGroup--thread2] INFO  netty.NettyConfigKeys$DataStream (ConfUtils.java:logGet(46)) - raft.netty.dataStream.client.worker-group.share = false (default)
2022-07-08 04:35:48,983 [s1-NettyServerStreamRpc-workerGroup--thread1] INFO  client.DataStreamClient (ConfUtils.java:logGet(46)) - raft.datastream.type = NETTY (custom)
2022-07-08 04:35:48,983 [s1-NettyServerStreamRpc-workerGroup--thread1] INFO  netty.NettyConfigKeys$DataStream (ConfUtils.java:logGet(46)) - raft.netty.dataStream.client.tls.conf = null (default)
2022-07-08 04:35:48,983 [s1-NettyServerStreamRpc-workerGroup--thread1] INFO  netty.NettyConfigKeys$DataStream (ConfUtils.java:logGet(46)) - raft.netty.dataStream.client.reply.queue.grace-period = 1s (default)
2022-07-08 04:35:48,983 [s1-NettyServerStreamRpc-workerGroup--thread1] INFO  netty.NettyConfigKeys$DataStream (ConfUtils.java:logGet(46)) - raft.netty.dataStream.client.worker-group.share = false (default)
2022-07-08 04:35:48,983 [s1-NettyServerStreamRpc-workerGroup--thread1] INFO  netty.NettyConfigKeys$DataStream (ConfUtils.java:logGet(46)) - raft.netty.dataStream.client.worker-group.size = 4 (default)
2022-07-08 04:35:48,984 [s2-NettyServerStreamRpc-workerGroup--thread2] INFO  netty.NettyConfigKeys$DataStream (ConfUtils.java:logGet(46)) - raft.netty.dataStream.client.worker-group.size = 4 (default)
2022-07-08 04:35:48,985 [s1-NettyServerStreamRpc-workerGroup--thread2] INFO  client.DataStreamClient (ConfUtils.java:logGet(46)) - raft.datastream.type = NETTY (custom)
2022-07-08 04:35:48,985 [s1-NettyServerStreamRpc-workerGroup--thread2] INFO  netty.NettyConfigKeys$DataStream (ConfUtils.java:logGet(46)) - raft.netty.dataStream.client.tls.conf = null (default)
2022-07-08 04:35:48,986 [s1-NettyServerStreamRpc-workerGroup--thread2] INFO  netty.NettyConfigKeys$DataStream (ConfUtils.java:logGet(46)) - raft.netty.dataStream.client.reply.queue.grace-period = 1s (default)
2022-07-08 04:35:48,986 [s1-NettyServerStreamRpc-workerGroup--thread2] INFO  netty.NettyConfigKeys$DataStream (ConfUtils.java:logGet(46)) - raft.netty.dataStream.client.worker-group.share = false (default)
2022-07-08 04:35:48,986 [s1-NettyServerStreamRpc-workerGroup--thread2] INFO  netty.NettyConfigKeys$DataStream (ConfUtils.java:logGet(46)) - raft.netty.dataStream.client.worker-group.size = 4 (default)
2022-07-08 04:35:48,987 [s0-NettyServerStreamRpc-bossGroup--thread1] INFO  logging.LoggingHandler (AbstractInternalLogger.java:log(148)) - [id: 0x27b8fa9e, L:/0.0.0.0:32779] READ COMPLETE
2022-07-08 04:35:48,987 [s0-NettyServerStreamRpc-bossGroup--thread1] INFO  logging.LoggingHandler (AbstractInternalLogger.java:log(148)) - [id: 0x27b8fa9e, L:/0.0.0.0:32779] READ: [id: 0xcc0e2b64, L:/127.0.0.1:32779 - R:/127.0.0.1:37622]
2022-07-08 04:35:48,991 [s0-NettyServerStreamRpc-bossGroup--thread1] INFO  logging.LoggingHandler (AbstractInternalLogger.java:log(148)) - [id: 0x27b8fa9e, L:/0.0.0.0:32779] READ COMPLETE
2022-07-08 04:35:48,998 [s1-NettyServerStreamRpc-bossGroup--thread1] INFO  logging.LoggingHandler (AbstractInternalLogger.java:log(148)) - [id: 0x3f7cce2d, L:/0.0.0.0:45289] READ COMPLETE
2022-07-08 04:35:48,998 [s1-NettyServerStreamRpc-bossGroup--thread1] INFO  logging.LoggingHandler (AbstractInternalLogger.java:log(148)) - [id: 0x3f7cce2d, L:/0.0.0.0:45289] READ: [id: 0x40c4a505, L:/127.0.0.1:45289 - R:/127.0.0.1:37354]
2022-07-08 04:35:48,998 [s2-NettyServerStreamRpc-bossGroup--thread1] INFO  logging.LoggingHandler (AbstractInternalLogger.java:log(148)) - [id: 0xdef2d4b7, L:/0.0.0.0:36223] READ: [id: 0xe20ff51a, L:/127.0.0.1:36223 - R:/127.0.0.1:48548]
2022-07-08 04:35:48,999 [s1-NettyServerStreamRpc-workerGroup--thread3] INFO  client.DataStreamClient (ConfUtils.java:logGet(46)) - raft.datastream.type = NETTY (custom)
2022-07-08 04:35:48,999 [s1-NettyServerStreamRpc-workerGroup--thread3] INFO  netty.NettyConfigKeys$DataStream (ConfUtils.java:logGet(46)) - raft.netty.dataStream.client.tls.conf = null (default)
2022-07-08 04:35:49,000 [s1-NettyServerStreamRpc-workerGroup--thread3] INFO  netty.NettyConfigKeys$DataStream (ConfUtils.java:logGet(46)) - raft.netty.dataStream.client.reply.queue.grace-period = 1s (default)
2022-07-08 04:35:49,000 [s1-NettyServerStreamRpc-workerGroup--thread3] INFO  netty.NettyConfigKeys$DataStream (ConfUtils.java:logGet(46)) - raft.netty.dataStream.client.worker-group.share = false (default)
2022-07-08 04:35:49,000 [s1-NettyServerStreamRpc-workerGroup--thread3] INFO  netty.NettyConfigKeys$DataStream (ConfUtils.java:logGet(46)) - raft.netty.dataStream.client.worker-group.size = 4 (default)
2022-07-08 04:35:49,001 [s0-NettyServerStreamRpc-workerGroup--thread1] INFO  client.DataStreamClient (ConfUtils.java:logGet(46)) - raft.datastream.type = NETTY (custom)
2022-07-08 04:35:49,001 [s0-NettyServerStreamRpc-workerGroup--thread1] INFO  netty.NettyConfigKeys$DataStream (ConfUtils.java:logGet(46)) - raft.netty.dataStream.client.tls.conf = null (default)
2022-07-08 04:35:49,001 [s0-NettyServerStreamRpc-workerGroup--thread1] INFO  netty.NettyConfigKeys$DataStream (ConfUtils.java:logGet(46)) - raft.netty.dataStream.client.reply.queue.grace-period = 1s (default)
2022-07-08 04:35:49,001 [s0-NettyServerStreamRpc-workerGroup--thread1] INFO  netty.NettyConfigKeys$DataStream (ConfUtils.java:logGet(46)) - raft.netty.dataStream.client.worker-group.share = false (default)
2022-07-08 04:35:49,001 [s0-NettyServerStreamRpc-workerGroup--thread1] INFO  netty.NettyConfigKeys$DataStream (ConfUtils.java:logGet(46)) - raft.netty.dataStream.client.worker-group.size = 4 (default)
2022-07-08 04:35:49,003 [s0-NettyServerStreamRpc-workerGroup--thread1] INFO  client.DataStreamClient (ConfUtils.java:logGet(46)) - raft.datastream.type = NETTY (custom)
2022-07-08 04:35:49,003 [s0-NettyServerStreamRpc-workerGroup--thread1] INFO  netty.NettyConfigKeys$DataStream (ConfUtils.java:logGet(46)) - raft.netty.dataStream.client.tls.conf = null (default)
2022-07-08 04:35:49,003 [s0-NettyServerStreamRpc-workerGroup--thread1] INFO  netty.NettyConfigKeys$DataStream (ConfUtils.java:logGet(46)) - raft.netty.dataStream.client.reply.queue.grace-period = 1s (default)
2022-07-08 04:35:49,003 [s0-NettyServerStreamRpc-workerGroup--thread1] INFO  netty.NettyConfigKeys$DataStream (ConfUtils.java:logGet(46)) - raft.netty.dataStream.client.worker-group.share = false (default)
2022-07-08 04:35:49,003 [s0-NettyServerStreamRpc-workerGroup--thread1] INFO  netty.NettyConfigKeys$DataStream (ConfUtils.java:logGet(46)) - raft.netty.dataStream.client.worker-group.size = 4 (default)
2022-07-08 04:35:49,009 [s0-NettyServerStreamRpc-bossGroup--thread1] INFO  logging.LoggingHandler (AbstractInternalLogger.java:log(148)) - [id: 0x27b8fa9e, L:/0.0.0.0:32779] READ: [id: 0x76367568, L:/127.0.0.1:32779 - R:/127.0.0.1:37632]
2022-07-08 04:35:49,010 [s1-NettyServerStreamRpc-workerGroup--thread3] INFO  client.DataStreamClient (ConfUtils.java:logGet(46)) - raft.datastream.type = NETTY (custom)
2022-07-08 04:35:49,010 [s1-NettyServerStreamRpc-workerGroup--thread3] INFO  netty.NettyConfigKeys$DataStream (ConfUtils.java:logGet(46)) - raft.netty.dataStream.client.tls.conf = null (default)
2022-07-08 04:35:49,010 [s1-NettyServerStreamRpc-workerGroup--thread3] INFO  netty.NettyConfigKeys$DataStream (ConfUtils.java:logGet(46)) - raft.netty.dataStream.client.reply.queue.grace-period = 1s (default)
2022-07-08 04:35:49,010 [s1-NettyServerStreamRpc-workerGroup--thread3] INFO  netty.NettyConfigKeys$DataStream (ConfUtils.java:logGet(46)) - raft.netty.dataStream.client.worker-group.share = false (default)
2022-07-08 04:35:49,011 [s1-NettyServerStreamRpc-workerGroup--thread3] INFO  netty.NettyConfigKeys$DataStream (ConfUtils.java:logGet(46)) - raft.netty.dataStream.client.worker-group.size = 4 (default)
2022-07-08 04:35:49,011 [s2-NettyServerStreamRpc-bossGroup--thread1] INFO  logging.LoggingHandler (AbstractInternalLogger.java:log(148)) - [id: 0xdef2d4b7, L:/0.0.0.0:36223] READ COMPLETE
2022-07-08 04:35:49,012 [s2-NettyServerStreamRpc-bossGroup--thread1] INFO  logging.LoggingHandler (AbstractInternalLogger.java:log(148)) - [id: 0xdef2d4b7, L:/0.0.0.0:36223] READ: [id: 0xce964fd4, L:/127.0.0.1:36223 - R:/127.0.0.1:48552]
2022-07-08 04:35:49,012 [s1-NettyServerStreamRpc-bossGroup--thread1] INFO  logging.LoggingHandler (AbstractInternalLogger.java:log(148)) - [id: 0x3f7cce2d, L:/0.0.0.0:45289] READ COMPLETE
2022-07-08 04:35:49,013 [s1-NettyServerStreamRpc-bossGroup--thread1] INFO  logging.LoggingHandler (AbstractInternalLogger.java:log(148)) - [id: 0x3f7cce2d, L:/0.0.0.0:45289] READ: [id: 0x91547a9a, L:/127.0.0.1:45289 - R:/127.0.0.1:37362]
2022-07-08 04:35:49,013 [s1-NettyServerStreamRpc-bossGroup--thread1] INFO  logging.LoggingHandler (AbstractInternalLogger.java:log(148)) - [id: 0x3f7cce2d, L:/0.0.0.0:45289] READ COMPLETE
2022-07-08 04:35:49,023 [s2-NettyServerStreamRpc-workerGroup--thread2] INFO  client.DataStreamClient (ConfUtils.java:logGet(46)) - raft.datastream.type = NETTY (custom)
2022-07-08 04:35:49,023 [s2-NettyServerStreamRpc-workerGroup--thread2] INFO  netty.NettyConfigKeys$DataStream (ConfUtils.java:logGet(46)) - raft.netty.dataStream.client.tls.conf = null (default)
2022-07-08 04:35:49,024 [s2-NettyServerStreamRpc-workerGroup--thread2] INFO  netty.NettyConfigKeys$DataStream (ConfUtils.java:logGet(46)) - raft.netty.dataStream.client.reply.queue.grace-period = 1s (default)
2022-07-08 04:35:49,024 [s2-NettyServerStreamRpc-workerGroup--thread2] INFO  netty.NettyConfigKeys$DataStream (ConfUtils.java:logGet(46)) - raft.netty.dataStream.client.worker-group.share = false (default)
2022-07-08 04:35:49,024 [s2-NettyServerStreamRpc-workerGroup--thread2] INFO  netty.NettyConfigKeys$DataStream (ConfUtils.java:logGet(46)) - raft.netty.dataStream.client.worker-group.size = 4 (default)
2022-07-08 04:35:49,031 [s2-NettyServerStreamRpc-workerGroup--thread1] INFO  client.DataStreamClient (ConfUtils.java:logGet(46)) - raft.datastream.type = NETTY (custom)
2022-07-08 04:35:49,031 [s2-NettyServerStreamRpc-workerGroup--thread1] INFO  netty.NettyConfigKeys$DataStream (ConfUtils.java:logGet(46)) - raft.netty.dataStream.client.tls.conf = null (default)
2022-07-08 04:35:49,031 [s1-NettyServerStreamRpc-bossGroup--thread1] INFO  logging.LoggingHandler (AbstractInternalLogger.java:log(148)) - [id: 0x3f7cce2d, L:/0.0.0.0:45289] READ: [id: 0x90395339, L:/127.0.0.1:45289 - R:/127.0.0.1:37378]
2022-07-08 04:35:49,031 [s2-NettyServerStreamRpc-workerGroup--thread1] INFO  netty.NettyConfigKeys$DataStream (ConfUtils.java:logGet(46)) - raft.netty.dataStream.client.reply.queue.grace-period = 1s (default)
2022-07-08 04:35:49,032 [s1-NettyServerStreamRpc-bossGroup--thread1] INFO  logging.LoggingHandler (AbstractInternalLogger.java:log(148)) - [id: 0x3f7cce2d, L:/0.0.0.0:45289] READ COMPLETE
2022-07-08 04:35:49,032 [s2-NettyServerStreamRpc-workerGroup--thread1] INFO  netty.NettyConfigKeys$DataStream (ConfUtils.java:logGet(46)) - raft.netty.dataStream.client.worker-group.share = false (default)
2022-07-08 04:35:49,032 [s2-NettyServerStreamRpc-workerGroup--thread1] INFO  netty.NettyConfigKeys$DataStream (ConfUtils.java:logGet(46)) - raft.netty.dataStream.client.worker-group.size = 4 (default)
2022-07-08 04:35:49,033 [s1-NettyServerStreamRpc-workerGroup--thread2] INFO  client.DataStreamClient (ConfUtils.java:logGet(46)) - raft.datastream.type = NETTY (custom)
2022-07-08 04:35:49,033 [s1-NettyServerStreamRpc-workerGroup--thread2] INFO  netty.NettyConfigKeys$DataStream (ConfUtils.java:logGet(46)) - raft.netty.dataStream.client.tls.conf = null (default)
2022-07-08 04:35:49,033 [s1-NettyServerStreamRpc-workerGroup--thread2] INFO  netty.NettyConfigKeys$DataStream (ConfUtils.java:logGet(46)) - raft.netty.dataStream.client.reply.queue.grace-period = 1s (default)
2022-07-08 04:35:49,034 [s1-NettyServerStreamRpc-workerGroup--thread2] INFO  netty.NettyConfigKeys$DataStream (ConfUtils.java:logGet(46)) - raft.netty.dataStream.client.worker-group.share = false (default)
2022-07-08 04:35:49,034 [s1-NettyServerStreamRpc-workerGroup--thread2] INFO  netty.NettyConfigKeys$DataStream (ConfUtils.java:logGet(46)) - raft.netty.dataStream.client.worker-group.size = 4 (default)
2022-07-08 04:35:49,035 [s1-NettyServerStreamRpc-workerGroup--thread2] INFO  client.DataStreamClient (ConfUtils.java:logGet(46)) - raft.datastream.type = NETTY (custom)
2022-07-08 04:35:49,035 [s1-NettyServerStreamRpc-workerGroup--thread2] INFO  netty.NettyConfigKeys$DataStream (ConfUtils.java:logGet(46)) - raft.netty.dataStream.client.tls.conf = null (default)
2022-07-08 04:35:49,035 [s1-NettyServerStreamRpc-workerGroup--thread2] INFO  netty.NettyConfigKeys$DataStream (ConfUtils.java:logGet(46)) - raft.netty.dataStream.client.reply.queue.grace-period = 1s (default)
2022-07-08 04:35:49,035 [s1-NettyServerStreamRpc-workerGroup--thread2] INFO  netty.NettyConfigKeys$DataStream (ConfUtils.java:logGet(46)) - raft.netty.dataStream.client.worker-group.share = false (default)
2022-07-08 04:35:49,036 [s1-NettyServerStreamRpc-workerGroup--thread2] INFO  netty.NettyConfigKeys$DataStream (ConfUtils.java:logGet(46)) - raft.netty.dataStream.client.worker-group.size = 4 (default)
2022-07-08 04:35:49,040 [s2-NettyServerStreamRpc-bossGroup--thread1] INFO  logging.LoggingHandler (AbstractInternalLogger.java:log(148)) - [id: 0xdef2d4b7, L:/0.0.0.0:36223] READ: [id: 0xccf05710, L:/127.0.0.1:36223 - R:/127.0.0.1:48554]
2022-07-08 04:35:49,040 [s2-NettyServerStreamRpc-bossGroup--thread1] INFO  logging.LoggingHandler (AbstractInternalLogger.java:log(148)) - [id: 0xdef2d4b7, L:/0.0.0.0:36223] READ COMPLETE
2022-07-08 04:35:49,040 [s2-NettyServerStreamRpc-bossGroup--thread1] INFO  logging.LoggingHandler (AbstractInternalLogger.java:log(148)) - [id: 0xdef2d4b7, L:/0.0.0.0:36223] READ: [id: 0x5e96ce02, L:/127.0.0.1:36223 - R:/127.0.0.1:48558]
2022-07-08 04:35:49,040 [s2-NettyServerStreamRpc-bossGroup--thread1] INFO  logging.LoggingHandler (AbstractInternalLogger.java:log(148)) - [id: 0xdef2d4b7, L:/0.0.0.0:36223] READ: [id: 0xdbdcefc6, L:/127.0.0.1:36223 - R:/127.0.0.1:48562]
2022-07-08 04:35:49,041 [s2-NettyServerStreamRpc-bossGroup--thread1] INFO  logging.LoggingHandler (AbstractInternalLogger.java:log(148)) - [id: 0xdef2d4b7, L:/0.0.0.0:36223] READ COMPLETE
2022-07-08 04:35:49,041 [s2-NettyServerStreamRpc-bossGroup--thread1] INFO  logging.LoggingHandler (AbstractInternalLogger.java:log(148)) - [id: 0xdef2d4b7, L:/0.0.0.0:36223] READ: [id: 0x543581f0, L:/127.0.0.1:36223 - R:/127.0.0.1:48570]
2022-07-08 04:35:49,041 [s2-NettyServerStreamRpc-bossGroup--thread1] INFO  logging.LoggingHandler (AbstractInternalLogger.java:log(148)) - [id: 0xdef2d4b7, L:/0.0.0.0:36223] READ COMPLETE
2022-07-08 04:35:49,043 [s0-NettyServerStreamRpc-bossGroup--thread1] INFO  logging.LoggingHandler (AbstractInternalLogger.java:log(148)) - [id: 0x27b8fa9e, L:/0.0.0.0:32779] READ COMPLETE
2022-07-08 04:35:49,043 [s0-NettyServerStreamRpc-bossGroup--thread1] INFO  logging.LoggingHandler (AbstractInternalLogger.java:log(148)) - [id: 0x27b8fa9e, L:/0.0.0.0:32779] READ: [id: 0x4cc08a47, L:/127.0.0.1:32779 - R:/127.0.0.1:37636]
2022-07-08 04:35:49,043 [s0-NettyServerStreamRpc-bossGroup--thread1] INFO  logging.LoggingHandler (AbstractInternalLogger.java:log(148)) - [id: 0x27b8fa9e, L:/0.0.0.0:32779] READ: [id: 0x59f84c24, L:/127.0.0.1:32779 - R:/127.0.0.1:37640]
2022-07-08 04:35:49,043 [s0-NettyServerStreamRpc-bossGroup--thread1] INFO  logging.LoggingHandler (AbstractInternalLogger.java:log(148)) - [id: 0x27b8fa9e, L:/0.0.0.0:32779] READ: [id: 0x5d464278, L:/127.0.0.1:32779 - R:/127.0.0.1:37644]
2022-07-08 04:35:49,043 [s0-NettyServerStreamRpc-bossGroup--thread1] INFO  logging.LoggingHandler (AbstractInternalLogger.java:log(148)) - [id: 0x27b8fa9e, L:/0.0.0.0:32779] READ COMPLETE
2022-07-08 04:35:49,047 [s0-NettyServerStreamRpc-workerGroup--thread1] INFO  client.DataStreamClient (ConfUtils.java:logGet(46)) - raft.datastream.type = NETTY (custom)
2022-07-08 04:35:49,047 [s0-NettyServerStreamRpc-workerGroup--thread1] INFO  netty.NettyConfigKeys$DataStream (ConfUtils.java:logGet(46)) - raft.netty.dataStream.client.tls.conf = null (default)
2022-07-08 04:35:49,047 [s0-NettyServerStreamRpc-workerGroup--thread1] INFO  netty.NettyConfigKeys$DataStream (ConfUtils.java:logGet(46)) - raft.netty.dataStream.client.reply.queue.grace-period = 1s (default)
2022-07-08 04:35:49,047 [s0-NettyServerStreamRpc-workerGroup--thread1] INFO  netty.NettyConfigKeys$DataStream (ConfUtils.java:logGet(46)) - raft.netty.dataStream.client.worker-group.share = false (default)
2022-07-08 04:35:49,047 [s0-NettyServerStreamRpc-workerGroup--thread1] INFO  netty.NettyConfigKeys$DataStream (ConfUtils.java:logGet(46)) - raft.netty.dataStream.client.worker-group.size = 4 (default)
2022-07-08 04:35:49,049 [s1-NettyServerStreamRpc-bossGroup--thread1] INFO  logging.LoggingHandler (AbstractInternalLogger.java:log(148)) - [id: 0x3f7cce2d, L:/0.0.0.0:45289] READ: [id: 0x22c99bda, L:/127.0.0.1:45289 - R:/127.0.0.1:37384]
2022-07-08 04:35:49,049 [s1-NettyServerStreamRpc-bossGroup--thread1] INFO  logging.LoggingHandler (AbstractInternalLogger.java:log(148)) - [id: 0x3f7cce2d, L:/0.0.0.0:45289] READ COMPLETE
2022-07-08 04:35:49,064 [s0-NettyServerStreamRpc-workerGroup--thread1] INFO  client.DataStreamClient (ConfUtils.java:logGet(46)) - raft.datastream.type = NETTY (custom)
2022-07-08 04:35:49,064 [s0-NettyServerStreamRpc-workerGroup--thread1] INFO  netty.NettyConfigKeys$DataStream (ConfUtils.java:logGet(46)) - raft.netty.dataStream.client.tls.conf = null (default)
2022-07-08 04:35:49,065 [s0-NettyServerStreamRpc-workerGroup--thread1] INFO  netty.NettyConfigKeys$DataStream (ConfUtils.java:logGet(46)) - raft.netty.dataStream.client.reply.queue.grace-period = 1s (default)
2022-07-08 04:35:49,065 [s0-NettyServerStreamRpc-workerGroup--thread1] INFO  netty.NettyConfigKeys$DataStream (ConfUtils.java:logGet(46)) - raft.netty.dataStream.client.worker-group.share = false (default)
2022-07-08 04:35:49,065 [s0-NettyServerStreamRpc-workerGroup--thread1] INFO  netty.NettyConfigKeys$DataStream (ConfUtils.java:logGet(46)) - raft.netty.dataStream.client.worker-group.size = 4 (default)
2022-07-08 04:35:49,066 [s1-NettyServerStreamRpc-bossGroup--thread1] INFO  logging.LoggingHandler (AbstractInternalLogger.java:log(148)) - [id: 0x3f7cce2d, L:/0.0.0.0:45289] READ: [id: 0xc6a87932, L:/127.0.0.1:45289 - R:/127.0.0.1:37386]
2022-07-08 04:35:49,067 [s1-NettyServerStreamRpc-bossGroup--thread1] INFO  logging.LoggingHandler (AbstractInternalLogger.java:log(148)) - [id: 0x3f7cce2d, L:/0.0.0.0:45289] READ COMPLETE
2022-07-08 04:35:49,067 [s2-NettyServerStreamRpc-workerGroup--thread2] INFO  client.DataStreamClient (ConfUtils.java:logGet(46)) - raft.datastream.type = NETTY (custom)
2022-07-08 04:35:49,067 [s2-NettyServerStreamRpc-workerGroup--thread2] INFO  netty.NettyConfigKeys$DataStream (ConfUtils.java:logGet(46)) - raft.netty.dataStream.client.tls.conf = null (default)
2022-07-08 04:35:49,067 [s2-NettyServerStreamRpc-workerGroup--thread2] INFO  netty.NettyConfigKeys$DataStream (ConfUtils.java:logGet(46)) - raft.netty.dataStream.client.reply.queue.grace-period = 1s (default)
2022-07-08 04:35:49,067 [s2-NettyServerStreamRpc-workerGroup--thread2] INFO  netty.NettyConfigKeys$DataStream (ConfUtils.java:logGet(46)) - raft.netty.dataStream.client.worker-group.share = false (default)
2022-07-08 04:35:49,067 [s2-NettyServerStreamRpc-workerGroup--thread2] INFO  netty.NettyConfigKeys$DataStream (ConfUtils.java:logGet(46)) - raft.netty.dataStream.client.worker-group.size = 4 (default)
2022-07-08 04:35:49,069 [s0-NettyServerStreamRpc-bossGroup--thread1] INFO  logging.LoggingHandler (AbstractInternalLogger.java:log(148)) - [id: 0x27b8fa9e, L:/0.0.0.0:32779] READ: [id: 0x3692dcc6, L:/127.0.0.1:32779 - R:/127.0.0.1:37652]
2022-07-08 04:35:49,069 [s2-NettyServerStreamRpc-workerGroup--thread2] INFO  client.DataStreamClient (ConfUtils.java:logGet(46)) - raft.datastream.type = NETTY (custom)
2022-07-08 04:35:49,069 [s0-NettyServerStreamRpc-bossGroup--thread1] INFO  logging.LoggingHandler (AbstractInternalLogger.java:log(148)) - [id: 0x27b8fa9e, L:/0.0.0.0:32779] READ COMPLETE
2022-07-08 04:35:49,069 [s2-NettyServerStreamRpc-workerGroup--thread2] INFO  netty.NettyConfigKeys$DataStream (ConfUtils.java:logGet(46)) - raft.netty.dataStream.client.tls.conf = null (default)
2022-07-08 04:35:49,070 [s2-NettyServerStreamRpc-workerGroup--thread2] INFO  netty.NettyConfigKeys$DataStream (ConfUtils.java:logGet(46)) - raft.netty.dataStream.client.reply.queue.grace-period = 1s (default)
2022-07-08 04:35:49,070 [s2-NettyServerStreamRpc-workerGroup--thread2] INFO  netty.NettyConfigKeys$DataStream (ConfUtils.java:logGet(46)) - raft.netty.dataStream.client.worker-group.share = false (default)
2022-07-08 04:35:49,070 [s2-NettyServerStreamRpc-workerGroup--thread2] INFO  netty.NettyConfigKeys$DataStream (ConfUtils.java:logGet(46)) - raft.netty.dataStream.client.worker-group.size = 4 (default)
2022-07-08 04:35:49,071 [s1-NettyServerStreamRpc-workerGroup--thread1] INFO  client.DataStreamClient (ConfUtils.java:logGet(46)) - raft.datastream.type = NETTY (custom)
2022-07-08 04:35:49,071 [s1-NettyServerStreamRpc-workerGroup--thread1] INFO  netty.NettyConfigKeys$DataStream (ConfUtils.java:logGet(46)) - raft.netty.dataStream.client.tls.conf = null (default)
2022-07-08 04:35:49,071 [s1-NettyServerStreamRpc-workerGroup--thread1] INFO  netty.NettyConfigKeys$DataStream (ConfUtils.java:logGet(46)) - raft.netty.dataStream.client.reply.queue.grace-period = 1s (default)
2022-07-08 04:35:49,071 [s1-NettyServerStreamRpc-workerGroup--thread1] INFO  netty.NettyConfigKeys$DataStream (ConfUtils.java:logGet(46)) - raft.netty.dataStream.client.worker-group.share = false (default)
2022-07-08 04:35:49,071 [s1-NettyServerStreamRpc-workerGroup--thread1] INFO  netty.NettyConfigKeys$DataStream (ConfUtils.java:logGet(46)) - raft.netty.dataStream.client.worker-group.size = 4 (default)
2022-07-08 04:35:49,073 [s2-NettyServerStreamRpc-workerGroup--thread1] INFO  client.DataStreamClient (ConfUtils.java:logGet(46)) - raft.datastream.type = NETTY (custom)
2022-07-08 04:35:49,073 [s2-NettyServerStreamRpc-workerGroup--thread1] INFO  netty.NettyConfigKeys$DataStream (ConfUtils.java:logGet(46)) - raft.netty.dataStream.client.tls.conf = null (default)
2022-07-08 04:35:49,073 [s2-NettyServerStreamRpc-workerGroup--thread1] INFO  netty.NettyConfigKeys$DataStream (ConfUtils.java:logGet(46)) - raft.netty.dataStream.client.reply.queue.grace-period = 1s (default)
2022-07-08 04:35:49,073 [s2-NettyServerStreamRpc-workerGroup--thread1] INFO  netty.NettyConfigKeys$DataStream (ConfUtils.java:logGet(46)) - raft.netty.dataStream.client.worker-group.share = false (default)
2022-07-08 04:35:49,073 [s2-NettyServerStreamRpc-workerGroup--thread1] INFO  netty.NettyConfigKeys$DataStream (ConfUtils.java:logGet(46)) - raft.netty.dataStream.client.worker-group.size = 4 (default)
2022-07-08 04:35:49,074 [s1-NettyServerStreamRpc-workerGroup--thread3] INFO  client.DataStreamClient (ConfUtils.java:logGet(46)) - raft.datastream.type = NETTY (custom)
2022-07-08 04:35:49,075 [s1-NettyServerStreamRpc-workerGroup--thread3] INFO  netty.NettyConfigKeys$DataStream (ConfUtils.java:logGet(46)) - raft.netty.dataStream.client.tls.conf = null (default)
2022-07-08 04:35:49,075 [s1-NettyServerStreamRpc-workerGroup--thread3] INFO  netty.NettyConfigKeys$DataStream (ConfUtils.java:logGet(46)) - raft.netty.dataStream.client.reply.queue.grace-period = 1s (default)
2022-07-08 04:35:49,075 [s1-NettyServerStreamRpc-workerGroup--thread3] INFO  netty.NettyConfigKeys$DataStream (ConfUtils.java:logGet(46)) - raft.netty.dataStream.client.worker-group.share = false (default)
2022-07-08 04:35:49,075 [s1-NettyServerStreamRpc-workerGroup--thread3] INFO  netty.NettyConfigKeys$DataStream (ConfUtils.java:logGet(46)) - raft.netty.dataStream.client.worker-group.size = 4 (default)
2022-07-08 04:35:49,077 [s2-NettyServerStreamRpc-workerGroup--thread4] INFO  client.DataStreamClient (ConfUtils.java:logGet(46)) - raft.datastream.type = NETTY (custom)
2022-07-08 04:35:49,078 [s2-NettyServerStreamRpc-workerGroup--thread4] INFO  netty.NettyConfigKeys$DataStream (ConfUtils.java:logGet(46)) - raft.netty.dataStream.client.tls.conf = null (default)
2022-07-08 04:35:49,078 [s2-NettyServerStreamRpc-workerGroup--thread4] INFO  netty.NettyConfigKeys$DataStream (ConfUtils.java:logGet(46)) - raft.netty.dataStream.client.reply.queue.grace-period = 1s (default)
2022-07-08 04:35:49,078 [s2-NettyServerStreamRpc-workerGroup--thread4] INFO  netty.NettyConfigKeys$DataStream (ConfUtils.java:logGet(46)) - raft.netty.dataStream.client.worker-group.share = false (default)
2022-07-08 04:35:49,078 [s2-NettyServerStreamRpc-workerGroup--thread4] INFO  netty.NettyConfigKeys$DataStream (ConfUtils.java:logGet(46)) - raft.netty.dataStream.client.worker-group.size = 4 (default)
2022-07-08 04:35:49,080 [s1-NettyServerStreamRpc-workerGroup--thread2] INFO  client.DataStreamClient (ConfUtils.java:logGet(46)) - raft.datastream.type = NETTY (custom)
2022-07-08 04:35:49,080 [s1-NettyServerStreamRpc-workerGroup--thread2] INFO  netty.NettyConfigKeys$DataStream (ConfUtils.java:logGet(46)) - raft.netty.dataStream.client.tls.conf = null (default)
2022-07-08 04:35:49,080 [s1-NettyServerStreamRpc-workerGroup--thread2] INFO  netty.NettyConfigKeys$DataStream (ConfUtils.java:logGet(46)) - raft.netty.dataStream.client.reply.queue.grace-period = 1s (default)
2022-07-08 04:35:49,080 [s1-NettyServerStreamRpc-workerGroup--thread2] INFO  netty.NettyConfigKeys$DataStream (ConfUtils.java:logGet(46)) - raft.netty.dataStream.client.worker-group.share = false (default)
2022-07-08 04:35:49,080 [s1-NettyServerStreamRpc-workerGroup--thread2] INFO  netty.NettyConfigKeys$DataStream (ConfUtils.java:logGet(46)) - raft.netty.dataStream.client.worker-group.size = 4 (default)
2022-07-08 04:35:49,088 [s2-NettyServerStreamRpc-bossGroup--thread1] INFO  logging.LoggingHandler (AbstractInternalLogger.java:log(148)) - [id: 0xdef2d4b7, L:/0.0.0.0:36223] READ: [id: 0x5ff56a75, L:/127.0.0.1:36223 - R:/127.0.0.1:48578]
2022-07-08 04:35:49,088 [s2-NettyServerStreamRpc-bossGroup--thread1] INFO  logging.LoggingHandler (AbstractInternalLogger.java:log(148)) - [id: 0xdef2d4b7, L:/0.0.0.0:36223] READ: [id: 0x2474311e, L:/127.0.0.1:36223 - R:/127.0.0.1:48580]
2022-07-08 04:35:49,088 [s2-NettyServerStreamRpc-bossGroup--thread1] INFO  logging.LoggingHandler (AbstractInternalLogger.java:log(148)) - [id: 0xdef2d4b7, L:/0.0.0.0:36223] READ COMPLETE
2022-07-08 04:35:49,095 [s0-NettyServerStreamRpc-bossGroup--thread1] INFO  logging.LoggingHandler (AbstractInternalLogger.java:log(148)) - [id: 0x27b8fa9e, L:/0.0.0.0:32779] READ: [id: 0x2a8346be, L:/127.0.0.1:32779 - R:/127.0.0.1:37658]
2022-07-08 04:35:49,095 [s0-NettyServerStreamRpc-bossGroup--thread1] INFO  logging.LoggingHandler (AbstractInternalLogger.java:log(148)) - [id: 0x27b8fa9e, L:/0.0.0.0:32779] READ COMPLETE
2022-07-08 04:35:49,095 [s2-NettyServerStreamRpc-workerGroup--thread1] INFO  client.DataStreamClient (ConfUtils.java:logGet(46)) - raft.datastream.type = NETTY (custom)
2022-07-08 04:35:49,095 [s2-NettyServerStreamRpc-workerGroup--thread1] INFO  netty.NettyConfigKeys$DataStream (ConfUtils.java:logGet(46)) - raft.netty.dataStream.client.tls.conf = null (default)
2022-07-08 04:35:49,096 [s2-NettyServerStreamRpc-workerGroup--thread1] INFO  netty.NettyConfigKeys$DataStream (ConfUtils.java:logGet(46)) - raft.netty.dataStream.client.reply.queue.grace-period = 1s (default)
2022-07-08 04:35:49,096 [s2-NettyServerStreamRpc-workerGroup--thread1] INFO  netty.NettyConfigKeys$DataStream (ConfUtils.java:logGet(46)) - raft.netty.dataStream.client.worker-group.share = false (default)
2022-07-08 04:35:49,096 [s2-NettyServerStreamRpc-workerGroup--thread1] INFO  netty.NettyConfigKeys$DataStream (ConfUtils.java:logGet(46)) - raft.netty.dataStream.client.worker-group.size = 4 (default)
2022-07-08 04:35:49,099 [s0-NettyServerStreamRpc-bossGroup--thread1] INFO  logging.LoggingHandler (AbstractInternalLogger.java:log(148)) - [id: 0x27b8fa9e, L:/0.0.0.0:32779] READ: [id: 0x5c30305b, L:/127.0.0.1:32779 - R:/127.0.0.1:37660]
2022-07-08 04:35:49,099 [s0-NettyServerStreamRpc-bossGroup--thread1] INFO  logging.LoggingHandler (AbstractInternalLogger.java:log(148)) - [id: 0x27b8fa9e, L:/0.0.0.0:32779] READ COMPLETE
2022-07-08 04:35:49,100 [s1-NettyServerStreamRpc-workerGroup--thread3] INFO  client.DataStreamClient (ConfUtils.java:logGet(46)) - raft.datastream.type = NETTY (custom)
2022-07-08 04:35:49,100 [s1-NettyServerStreamRpc-workerGroup--thread3] INFO  netty.NettyConfigKeys$DataStream (ConfUtils.java:logGet(46)) - raft.netty.dataStream.client.tls.conf = null (default)
2022-07-08 04:35:49,100 [s1-NettyServerStreamRpc-workerGroup--thread3] INFO  netty.NettyConfigKeys$DataStream (ConfUtils.java:logGet(46)) - raft.netty.dataStream.client.reply.queue.grace-period = 1s (default)
2022-07-08 04:35:49,101 [s1-NettyServerStreamRpc-workerGroup--thread3] INFO  netty.NettyConfigKeys$DataStream (ConfUtils.java:logGet(46)) - raft.netty.dataStream.client.worker-group.share = false (default)
2022-07-08 04:35:49,101 [s1-NettyServerStreamRpc-workerGroup--thread3] INFO  netty.NettyConfigKeys$DataStream (ConfUtils.java:logGet(46)) - raft.netty.dataStream.client.worker-group.size = 4 (default)
2022-07-08 04:35:49,108 [s0-NettyServerStreamRpc-bossGroup--thread1] INFO  logging.LoggingHandler (AbstractInternalLogger.java:log(148)) - [id: 0x27b8fa9e, L:/0.0.0.0:32779] READ: [id: 0x62a7728e, L:/127.0.0.1:32779 - R:/127.0.0.1:37662]
2022-07-08 04:35:49,108 [s0-NettyServerStreamRpc-bossGroup--thread1] INFO  logging.LoggingHandler (AbstractInternalLogger.java:log(148)) - [id: 0x27b8fa9e, L:/0.0.0.0:32779] READ COMPLETE
2022-07-08 04:35:49,109 [s2-NettyServerStreamRpc-workerGroup--thread4] INFO  client.DataStreamClient (ConfUtils.java:logGet(46)) - raft.datastream.type = NETTY (custom)
2022-07-08 04:35:49,109 [s2-NettyServerStreamRpc-workerGroup--thread4] INFO  netty.NettyConfigKeys$DataStream (ConfUtils.java:logGet(46)) - raft.netty.dataStream.client.tls.conf = null (default)
2022-07-08 04:35:49,109 [s2-NettyServerStreamRpc-workerGroup--thread4] INFO  netty.NettyConfigKeys$DataStream (ConfUtils.java:logGet(46)) - raft.netty.dataStream.client.reply.queue.grace-period = 1s (default)
2022-07-08 04:35:49,109 [s2-NettyServerStreamRpc-workerGroup--thread4] INFO  netty.NettyConfigKeys$DataStream (ConfUtils.java:logGet(46)) - raft.netty.dataStream.client.worker-group.share = false (default)
2022-07-08 04:35:49,109 [s2-NettyServerStreamRpc-workerGroup--thread4] INFO  netty.NettyConfigKeys$DataStream (ConfUtils.java:logGet(46)) - raft.netty.dataStream.client.worker-group.size = 4 (default)
2022-07-08 04:35:49,111 [s0-NettyServerStreamRpc-bossGroup--thread1] INFO  logging.LoggingHandler (AbstractInternalLogger.java:log(148)) - [id: 0x27b8fa9e, L:/0.0.0.0:32779] READ: [id: 0x06195014, L:/127.0.0.1:32779 - R:/127.0.0.1:37664]
2022-07-08 04:35:49,111 [s0-NettyServerStreamRpc-bossGroup--thread1] INFO  logging.LoggingHandler (AbstractInternalLogger.java:log(148)) - [id: 0x27b8fa9e, L:/0.0.0.0:32779] READ COMPLETE
2022-07-08 04:35:49,112 [s1-NettyServerStreamRpc-workerGroup--thread1] INFO  client.DataStreamClient (ConfUtils.java:logGet(46)) - raft.datastream.type = NETTY (custom)
2022-07-08 04:35:49,113 [s1-NettyServerStreamRpc-workerGroup--thread1] INFO  netty.NettyConfigKeys$DataStream (ConfUtils.java:logGet(46)) - raft.netty.dataStream.client.tls.conf = null (default)
2022-07-08 04:35:49,113 [s1-NettyServerStreamRpc-workerGroup--thread1] INFO  netty.NettyConfigKeys$DataStream (ConfUtils.java:logGet(46)) - raft.netty.dataStream.client.reply.queue.grace-period = 1s (default)
2022-07-08 04:35:49,113 [s1-NettyServerStreamRpc-workerGroup--thread1] INFO  netty.NettyConfigKeys$DataStream (ConfUtils.java:logGet(46)) - raft.netty.dataStream.client.worker-group.share = false (default)
2022-07-08 04:35:49,113 [s1-NettyServerStreamRpc-workerGroup--thread1] INFO  netty.NettyConfigKeys$DataStream (ConfUtils.java:logGet(46)) - raft.netty.dataStream.client.worker-group.size = 4 (default)
2022-07-08 04:35:49,120 [s0-NettyServerStreamRpc-workerGroup--thread1] INFO  client.DataStreamClient (ConfUtils.java:logGet(46)) - raft.datastream.type = NETTY (custom)
2022-07-08 04:35:49,121 [s0-NettyServerStreamRpc-workerGroup--thread1] INFO  netty.NettyConfigKeys$DataStream (ConfUtils.java:logGet(46)) - raft.netty.dataStream.client.tls.conf = null (default)
2022-07-08 04:35:49,121 [s0-NettyServerStreamRpc-workerGroup--thread1] INFO  netty.NettyConfigKeys$DataStream (ConfUtils.java:logGet(46)) - raft.netty.dataStream.client.reply.queue.grace-period = 1s (default)
2022-07-08 04:35:49,121 [s0-NettyServerStreamRpc-workerGroup--thread1] INFO  netty.NettyConfigKeys$DataStream (ConfUtils.java:logGet(46)) - raft.netty.dataStream.client.worker-group.share = false (default)
2022-07-08 04:35:49,121 [s0-NettyServerStreamRpc-workerGroup--thread1] INFO  netty.NettyConfigKeys$DataStream (ConfUtils.java:logGet(46)) - raft.netty.dataStream.client.worker-group.size = 4 (default)
2022-07-08 04:35:49,122 [s1-NettyServerStreamRpc-bossGroup--thread1] INFO  logging.LoggingHandler (AbstractInternalLogger.java:log(148)) - [id: 0x3f7cce2d, L:/0.0.0.0:45289] READ: [id: 0xa3073b08, L:/127.0.0.1:45289 - R:/127.0.0.1:37402]
2022-07-08 04:35:49,122 [s1-NettyServerStreamRpc-bossGroup--thread1] INFO  logging.LoggingHandler (AbstractInternalLogger.java:log(148)) - [id: 0x3f7cce2d, L:/0.0.0.0:45289] READ COMPLETE
2022-07-08 04:35:49,125 [s2-NettyServerStreamRpc-bossGroup--thread1] INFO  logging.LoggingHandler (AbstractInternalLogger.java:log(148)) - [id: 0xdef2d4b7, L:/0.0.0.0:36223] READ: [id: 0x4a20dfac, L:/127.0.0.1:36223 - R:/127.0.0.1:48592]
2022-07-08 04:35:49,126 [s2-NettyServerStreamRpc-bossGroup--thread1] INFO  logging.LoggingHandler (AbstractInternalLogger.java:log(148)) - [id: 0xdef2d4b7, L:/0.0.0.0:36223] READ COMPLETE
2022-07-08 04:35:49,130 [s1-NettyServerStreamRpc-bossGroup--thread1] INFO  logging.LoggingHandler (AbstractInternalLogger.java:log(148)) - [id: 0x3f7cce2d, L:/0.0.0.0:45289] READ: [id: 0xc5e97fc1, L:/127.0.0.1:45289 - R:/127.0.0.1:37406]
2022-07-08 04:35:49,130 [s1-NettyServerStreamRpc-bossGroup--thread1] INFO  logging.LoggingHandler (AbstractInternalLogger.java:log(148)) - [id: 0x3f7cce2d, L:/0.0.0.0:45289] READ COMPLETE
2022-07-08 04:35:49,132 [s2-NettyServerStreamRpc-bossGroup--thread1] INFO  logging.LoggingHandler (AbstractInternalLogger.java:log(148)) - [id: 0xdef2d4b7, L:/0.0.0.0:36223] READ: [id: 0x08079fc1, L:/127.0.0.1:36223 - R:/127.0.0.1:48596]
2022-07-08 04:35:49,132 [s2-NettyServerStreamRpc-bossGroup--thread1] INFO  logging.LoggingHandler (AbstractInternalLogger.java:log(148)) - [id: 0xdef2d4b7, L:/0.0.0.0:36223] READ COMPLETE
2022-07-08 04:35:49,133 [s1-NettyServerStreamRpc-bossGroup--thread1] INFO  logging.LoggingHandler (AbstractInternalLogger.java:log(148)) - [id: 0x3f7cce2d, L:/0.0.0.0:45289] READ: [id: 0x0cf4bf73, L:/127.0.0.1:45289 - R:/127.0.0.1:37410]
2022-07-08 04:35:49,133 [s1-NettyServerStreamRpc-bossGroup--thread1] INFO  logging.LoggingHandler (AbstractInternalLogger.java:log(148)) - [id: 0x3f7cce2d, L:/0.0.0.0:45289] READ COMPLETE
2022-07-08 04:35:49,136 [s0-NettyServerStreamRpc-bossGroup--thread1] INFO  logging.LoggingHandler (AbstractInternalLogger.java:log(148)) - [id: 0x27b8fa9e, L:/0.0.0.0:32779] READ: [id: 0x168d2619, L:/127.0.0.1:32779 - R:/127.0.0.1:37676]
2022-07-08 04:35:49,136 [s0-NettyServerStreamRpc-bossGroup--thread1] INFO  logging.LoggingHandler (AbstractInternalLogger.java:log(148)) - [id: 0x27b8fa9e, L:/0.0.0.0:32779] READ COMPLETE
2022-07-08 04:35:49,136 [s1-NettyServerStreamRpc-workerGroup--thread2] INFO  client.DataStreamClient (ConfUtils.java:logGet(46)) - raft.datastream.type = NETTY (custom)
2022-07-08 04:35:49,136 [s1-NettyServerStreamRpc-workerGroup--thread2] INFO  netty.NettyConfigKeys$DataStream (ConfUtils.java:logGet(46)) - raft.netty.dataStream.client.tls.conf = null (default)
2022-07-08 04:35:49,136 [s1-NettyServerStreamRpc-workerGroup--thread2] INFO  netty.NettyConfigKeys$DataStream (ConfUtils.java:logGet(46)) - raft.netty.dataStream.client.reply.queue.grace-period = 1s (default)
2022-07-08 04:35:49,137 [s1-NettyServerStreamRpc-workerGroup--thread2] INFO  netty.NettyConfigKeys$DataStream (ConfUtils.java:logGet(46)) - raft.netty.dataStream.client.worker-group.share = false (default)
2022-07-08 04:35:49,137 [s1-NettyServerStreamRpc-workerGroup--thread2] INFO  netty.NettyConfigKeys$DataStream (ConfUtils.java:logGet(46)) - raft.netty.dataStream.client.worker-group.size = 4 (default)
2022-07-08 04:35:49,138 [s2-NettyServerStreamRpc-workerGroup--thread1] INFO  client.DataStreamClient (ConfUtils.java:logGet(46)) - raft.datastream.type = NETTY (custom)
2022-07-08 04:35:49,138 [s2-NettyServerStreamRpc-workerGroup--thread1] INFO  netty.NettyConfigKeys$DataStream (ConfUtils.java:logGet(46)) - raft.netty.dataStream.client.tls.conf = null (default)
2022-07-08 04:35:49,138 [s2-NettyServerStreamRpc-workerGroup--thread1] INFO  netty.NettyConfigKeys$DataStream (ConfUtils.java:logGet(46)) - raft.netty.dataStream.client.reply.queue.grace-period = 1s (default)
2022-07-08 04:35:49,138 [s2-NettyServerStreamRpc-workerGroup--thread1] INFO  netty.NettyConfigKeys$DataStream (ConfUtils.java:logGet(46)) - raft.netty.dataStream.client.worker-group.share = false (default)
2022-07-08 04:35:49,138 [s2-NettyServerStreamRpc-workerGroup--thread1] INFO  netty.NettyConfigKeys$DataStream (ConfUtils.java:logGet(46)) - raft.netty.dataStream.client.worker-group.size = 4 (default)
2022-07-08 04:35:49,140 [s0-NettyServerStreamRpc-bossGroup--thread1] INFO  logging.LoggingHandler (AbstractInternalLogger.java:log(148)) - [id: 0x27b8fa9e, L:/0.0.0.0:32779] READ: [id: 0x68074f26, L:/127.0.0.1:32779 - R:/127.0.0.1:37678]
2022-07-08 04:35:49,140 [s0-NettyServerStreamRpc-bossGroup--thread1] INFO  logging.LoggingHandler (AbstractInternalLogger.java:log(148)) - [id: 0x27b8fa9e, L:/0.0.0.0:32779] READ COMPLETE
2022-07-08 04:35:49,140 [s2-NettyServerStreamRpc-workerGroup--thread1] INFO  client.DataStreamClient (ConfUtils.java:logGet(46)) - raft.datastream.type = NETTY (custom)
2022-07-08 04:35:49,140 [s2-NettyServerStreamRpc-workerGroup--thread1] INFO  netty.NettyConfigKeys$DataStream (ConfUtils.java:logGet(46)) - raft.netty.dataStream.client.tls.conf = null (default)
2022-07-08 04:35:49,141 [s2-NettyServerStreamRpc-workerGroup--thread1] INFO  netty.NettyConfigKeys$DataStream (ConfUtils.java:logGet(46)) - raft.netty.dataStream.client.reply.queue.grace-period = 1s (default)
2022-07-08 04:35:49,141 [s2-NettyServerStreamRpc-workerGroup--thread1] INFO  netty.NettyConfigKeys$DataStream (ConfUtils.java:logGet(46)) - raft.netty.dataStream.client.worker-group.share = false (default)
2022-07-08 04:35:49,141 [s2-NettyServerStreamRpc-workerGroup--thread1] INFO  netty.NettyConfigKeys$DataStream (ConfUtils.java:logGet(46)) - raft.netty.dataStream.client.worker-group.size = 4 (default)
2022-07-08 04:35:49,142 [s1-NettyServerStreamRpc-workerGroup--thread3] INFO  client.DataStreamClient (ConfUtils.java:logGet(46)) - raft.datastream.type = NETTY (custom)
2022-07-08 04:35:49,142 [s1-NettyServerStreamRpc-workerGroup--thread3] INFO  netty.NettyConfigKeys$DataStream (ConfUtils.java:logGet(46)) - raft.netty.dataStream.client.tls.conf = null (default)
2022-07-08 04:35:49,142 [s1-NettyServerStreamRpc-workerGroup--thread3] INFO  netty.NettyConfigKeys$DataStream (ConfUtils.java:logGet(46)) - raft.netty.dataStream.client.reply.queue.grace-period = 1s (default)
2022-07-08 04:35:49,143 [s1-NettyServerStreamRpc-workerGroup--thread3] INFO  netty.NettyConfigKeys$DataStream (ConfUtils.java:logGet(46)) - raft.netty.dataStream.client.worker-group.share = false (default)
2022-07-08 04:35:49,143 [s1-NettyServerStreamRpc-workerGroup--thread3] INFO  netty.NettyConfigKeys$DataStream (ConfUtils.java:logGet(46)) - raft.netty.dataStream.client.worker-group.size = 4 (default)
2022-07-08 04:35:49,145 [s1-NettyServerStreamRpc-workerGroup--thread1] INFO  client.DataStreamClient (ConfUtils.java:logGet(46)) - raft.datastream.type = NETTY (custom)
2022-07-08 04:35:49,145 [s1-NettyServerStreamRpc-workerGroup--thread1] INFO  netty.NettyConfigKeys$DataStream (ConfUtils.java:logGet(46)) - raft.netty.dataStream.client.tls.conf = null (default)
2022-07-08 04:35:49,145 [s1-NettyServerStreamRpc-workerGroup--thread1] INFO  netty.NettyConfigKeys$DataStream (ConfUtils.java:logGet(46)) - raft.netty.dataStream.client.reply.queue.grace-period = 1s (default)
2022-07-08 04:35:49,145 [s1-NettyServerStreamRpc-workerGroup--thread1] INFO  netty.NettyConfigKeys$DataStream (ConfUtils.java:logGet(46)) - raft.netty.dataStream.client.worker-group.share = false (default)
2022-07-08 04:35:49,145 [s1-NettyServerStreamRpc-workerGroup--thread1] INFO  netty.NettyConfigKeys$DataStream (ConfUtils.java:logGet(46)) - raft.netty.dataStream.client.worker-group.size = 4 (default)
2022-07-08 04:35:49,150 [s1-NettyServerStreamRpc-bossGroup--thread1] INFO  logging.LoggingHandler (AbstractInternalLogger.java:log(148)) - [id: 0x3f7cce2d, L:/0.0.0.0:45289] READ: [id: 0xe0691412, L:/127.0.0.1:45289 - R:/127.0.0.1:37416]
2022-07-08 04:35:49,150 [s1-NettyServerStreamRpc-bossGroup--thread1] INFO  logging.LoggingHandler (AbstractInternalLogger.java:log(148)) - [id: 0x3f7cce2d, L:/0.0.0.0:45289] READ COMPLETE
2022-07-08 04:35:49,151 [s0-NettyServerStreamRpc-workerGroup--thread1] INFO  client.DataStreamClient (ConfUtils.java:logGet(46)) - raft.datastream.type = NETTY (custom)
2022-07-08 04:35:49,151 [s0-NettyServerStreamRpc-workerGroup--thread1] INFO  netty.NettyConfigKeys$DataStream (ConfUtils.java:logGet(46)) - raft.netty.dataStream.client.tls.conf = null (default)
2022-07-08 04:35:49,151 [s0-NettyServerStreamRpc-workerGroup--thread1] INFO  netty.NettyConfigKeys$DataStream (ConfUtils.java:logGet(46)) - raft.netty.dataStream.client.reply.queue.grace-period = 1s (default)
2022-07-08 04:35:49,151 [s0-NettyServerStreamRpc-workerGroup--thread1] INFO  netty.NettyConfigKeys$DataStream (ConfUtils.java:logGet(46)) - raft.netty.dataStream.client.worker-group.share = false (default)
2022-07-08 04:35:49,151 [s0-NettyServerStreamRpc-workerGroup--thread1] INFO  netty.NettyConfigKeys$DataStream (ConfUtils.java:logGet(46)) - raft.netty.dataStream.client.worker-group.size = 4 (default)
2022-07-08 04:35:49,151 [s0-NettyServerStreamRpc-bossGroup--thread1] INFO  logging.LoggingHandler (AbstractInternalLogger.java:log(148)) - [id: 0x27b8fa9e, L:/0.0.0.0:32779] READ: [id: 0x3a521349, L:/127.0.0.1:32779 - R:/127.0.0.1:37682]
2022-07-08 04:35:49,152 [s0-NettyServerStreamRpc-bossGroup--thread1] INFO  logging.LoggingHandler (AbstractInternalLogger.java:log(148)) - [id: 0x27b8fa9e, L:/0.0.0.0:32779] READ COMPLETE
2022-07-08 04:35:49,152 [s1-NettyServerStreamRpc-workerGroup--thread1] INFO  client.DataStreamClient (ConfUtils.java:logGet(46)) - raft.datastream.type = NETTY (custom)
2022-07-08 04:35:49,152 [s1-NettyServerStreamRpc-workerGroup--thread1] INFO  netty.NettyConfigKeys$DataStream (ConfUtils.java:logGet(46)) - raft.netty.dataStream.client.tls.conf = null (default)
2022-07-08 04:35:49,152 [s1-NettyServerStreamRpc-workerGroup--thread1] INFO  netty.NettyConfigKeys$DataStream (ConfUtils.java:logGet(46)) - raft.netty.dataStream.client.reply.queue.grace-period = 1s (default)
2022-07-08 04:35:49,153 [s1-NettyServerStreamRpc-workerGroup--thread1] INFO  netty.NettyConfigKeys$DataStream (ConfUtils.java:logGet(46)) - raft.netty.dataStream.client.worker-group.share = false (default)
2022-07-08 04:35:49,153 [s1-NettyServerStreamRpc-workerGroup--thread1] INFO  netty.NettyConfigKeys$DataStream (ConfUtils.java:logGet(46)) - raft.netty.dataStream.client.worker-group.size = 4 (default)
2022-07-08 04:35:49,154 [s2-NettyServerStreamRpc-bossGroup--thread1] INFO  logging.LoggingHandler (AbstractInternalLogger.java:log(148)) - [id: 0xdef2d4b7, L:/0.0.0.0:36223] READ: [id: 0xa51915ef, L:/127.0.0.1:36223 - R:/127.0.0.1:48608]
2022-07-08 04:35:49,154 [s2-NettyServerStreamRpc-bossGroup--thread1] INFO  logging.LoggingHandler (AbstractInternalLogger.java:log(148)) - [id: 0xdef2d4b7, L:/0.0.0.0:36223] READ COMPLETE
2022-07-08 04:35:49,156 [s0-NettyServerStreamRpc-bossGroup--thread1] INFO  logging.LoggingHandler (AbstractInternalLogger.java:log(148)) - [id: 0x27b8fa9e, L:/0.0.0.0:32779] READ: [id: 0x383c4708, L:/127.0.0.1:32779 - R:/127.0.0.1:37686]
2022-07-08 04:35:49,157 [s0-NettyServerStreamRpc-bossGroup--thread1] INFO  logging.LoggingHandler (AbstractInternalLogger.java:log(148)) - [id: 0x27b8fa9e, L:/0.0.0.0:32779] READ COMPLETE
2022-07-08 04:35:49,157 [s1-NettyServerStreamRpc-workerGroup--thread3] INFO  client.DataStreamClient (ConfUtils.java:logGet(46)) - raft.datastream.type = NETTY (custom)
2022-07-08 04:35:49,157 [s1-NettyServerStreamRpc-workerGroup--thread3] INFO  netty.NettyConfigKeys$DataStream (ConfUtils.java:logGet(46)) - raft.netty.dataStream.client.tls.conf = null (default)
2022-07-08 04:35:49,157 [s1-NettyServerStreamRpc-workerGroup--thread3] INFO  netty.NettyConfigKeys$DataStream (ConfUtils.java:logGet(46)) - raft.netty.dataStream.client.reply.queue.grace-period = 1s (default)
2022-07-08 04:35:49,157 [s1-NettyServerStreamRpc-workerGroup--thread3] INFO  netty.NettyConfigKeys$DataStream (ConfUtils.java:logGet(46)) - raft.netty.dataStream.client.worker-group.share = false (default)
2022-07-08 04:35:49,157 [s1-NettyServerStreamRpc-workerGroup--thread3] INFO  netty.NettyConfigKeys$DataStream (ConfUtils.java:logGet(46)) - raft.netty.dataStream.client.worker-group.size = 4 (default)
2022-07-08 04:35:49,158 [s1-NettyServerStreamRpc-bossGroup--thread1] INFO  logging.LoggingHandler (AbstractInternalLogger.java:log(148)) - [id: 0x3f7cce2d, L:/0.0.0.0:45289] READ: [id: 0x5a58549c, L:/127.0.0.1:45289 - R:/127.0.0.1:37424]
2022-07-08 04:35:49,158 [s1-NettyServerStreamRpc-bossGroup--thread1] INFO  logging.LoggingHandler (AbstractInternalLogger.java:log(148)) - [id: 0x3f7cce2d, L:/0.0.0.0:45289] READ COMPLETE
2022-07-08 04:35:49,159 [s2-NettyServerStreamRpc-bossGroup--thread1] INFO  logging.LoggingHandler (AbstractInternalLogger.java:log(148)) - [id: 0xdef2d4b7, L:/0.0.0.0:36223] READ: [id: 0xbe1e169a, L:/127.0.0.1:36223 - R:/127.0.0.1:48614]
2022-07-08 04:35:49,160 [s2-NettyServerStreamRpc-bossGroup--thread1] INFO  logging.LoggingHandler (AbstractInternalLogger.java:log(148)) - [id: 0xdef2d4b7, L:/0.0.0.0:36223] READ COMPLETE
2022-07-08 04:35:49,165 [s2-NettyServerStreamRpc-workerGroup--thread4] INFO  client.DataStreamClient (ConfUtils.java:logGet(46)) - raft.datastream.type = NETTY (custom)
2022-07-08 04:35:49,165 [s2-NettyServerStreamRpc-workerGroup--thread4] INFO  netty.NettyConfigKeys$DataStream (ConfUtils.java:logGet(46)) - raft.netty.dataStream.client.tls.conf = null (default)
2022-07-08 04:35:49,165 [s2-NettyServerStreamRpc-workerGroup--thread4] INFO  netty.NettyConfigKeys$DataStream (ConfUtils.java:logGet(46)) - raft.netty.dataStream.client.reply.queue.grace-period = 1s (default)
2022-07-08 04:35:49,165 [s2-NettyServerStreamRpc-workerGroup--thread4] INFO  netty.NettyConfigKeys$DataStream (ConfUtils.java:logGet(46)) - raft.netty.dataStream.client.worker-group.share = false (default)
2022-07-08 04:35:49,165 [s2-NettyServerStreamRpc-workerGroup--thread4] INFO  netty.NettyConfigKeys$DataStream (ConfUtils.java:logGet(46)) - raft.netty.dataStream.client.worker-group.size = 4 (default)
2022-07-08 04:35:49,166 [s0-NettyServerStreamRpc-bossGroup--thread1] INFO  logging.LoggingHandler (AbstractInternalLogger.java:log(148)) - [id: 0x27b8fa9e, L:/0.0.0.0:32779] READ: [id: 0x3664aab4, L:/127.0.0.1:32779 - R:/127.0.0.1:37692]
2022-07-08 04:35:49,167 [s0-NettyServerStreamRpc-bossGroup--thread1] INFO  logging.LoggingHandler (AbstractInternalLogger.java:log(148)) - [id: 0x27b8fa9e, L:/0.0.0.0:32779] READ COMPLETE
2022-07-08 04:35:49,167 [s2-NettyServerStreamRpc-workerGroup--thread4] INFO  client.DataStreamClient (ConfUtils.java:logGet(46)) - raft.datastream.type = NETTY (custom)
2022-07-08 04:35:49,167 [s2-NettyServerStreamRpc-workerGroup--thread4] INFO  netty.NettyConfigKeys$DataStream (ConfUtils.java:logGet(46)) - raft.netty.dataStream.client.tls.conf = null (default)
2022-07-08 04:35:49,167 [s2-NettyServerStreamRpc-workerGroup--thread4] INFO  netty.NettyConfigKeys$DataStream (ConfUtils.java:logGet(46)) - raft.netty.dataStream.client.reply.queue.grace-period = 1s (default)
2022-07-08 04:35:49,167 [s2-NettyServerStreamRpc-workerGroup--thread4] INFO  netty.NettyConfigKeys$DataStream (ConfUtils.java:logGet(46)) - raft.netty.dataStream.client.worker-group.share = false (default)
2022-07-08 04:35:49,167 [s2-NettyServerStreamRpc-workerGroup--thread4] INFO  netty.NettyConfigKeys$DataStream (ConfUtils.java:logGet(46)) - raft.netty.dataStream.client.worker-group.size = 4 (default)
2022-07-08 04:35:49,168 [s2-NettyServerStreamRpc-bossGroup--thread1] INFO  logging.LoggingHandler (AbstractInternalLogger.java:log(148)) - [id: 0xdef2d4b7, L:/0.0.0.0:36223] READ: [id: 0x81d93a3f, L:/127.0.0.1:36223 - R:/127.0.0.1:48618]
2022-07-08 04:35:49,168 [s2-NettyServerStreamRpc-bossGroup--thread1] INFO  logging.LoggingHandler (AbstractInternalLogger.java:log(148)) - [id: 0xdef2d4b7, L:/0.0.0.0:36223] READ COMPLETE
2022-07-08 04:35:49,170 [s0-NettyServerStreamRpc-workerGroup--thread1] INFO  client.DataStreamClient (ConfUtils.java:logGet(46)) - raft.datastream.type = NETTY (custom)
2022-07-08 04:35:49,170 [s0-NettyServerStreamRpc-workerGroup--thread1] INFO  netty.NettyConfigKeys$DataStream (ConfUtils.java:logGet(46)) - raft.netty.dataStream.client.tls.conf = null (default)
2022-07-08 04:35:49,171 [s0-NettyServerStreamRpc-workerGroup--thread1] INFO  netty.NettyConfigKeys$DataStream (ConfUtils.java:logGet(46)) - raft.netty.dataStream.client.reply.queue.grace-period = 1s (default)
2022-07-08 04:35:49,171 [s0-NettyServerStreamRpc-workerGroup--thread1] INFO  netty.NettyConfigKeys$DataStream (ConfUtils.java:logGet(46)) - raft.netty.dataStream.client.worker-group.share = false (default)
2022-07-08 04:35:49,171 [s0-NettyServerStreamRpc-workerGroup--thread1] INFO  netty.NettyConfigKeys$DataStream (ConfUtils.java:logGet(46)) - raft.netty.dataStream.client.worker-group.size = 4 (default)
2022-07-08 04:35:49,174 [s2-NettyServerStreamRpc-bossGroup--thread1] INFO  logging.LoggingHandler (AbstractInternalLogger.java:log(148)) - [id: 0xdef2d4b7, L:/0.0.0.0:36223] READ: [id: 0x0b010bf6, L:/127.0.0.1:36223 - R:/127.0.0.1:48620]
2022-07-08 04:35:49,175 [s2-NettyServerStreamRpc-bossGroup--thread1] INFO  logging.LoggingHandler (AbstractInternalLogger.java:log(148)) - [id: 0xdef2d4b7, L:/0.0.0.0:36223] READ COMPLETE
2022-07-08 04:35:49,175 [s1-NettyServerStreamRpc-bossGroup--thread1] INFO  logging.LoggingHandler (AbstractInternalLogger.java:log(148)) - [id: 0x3f7cce2d, L:/0.0.0.0:45289] READ: [id: 0x02c6207f, L:/127.0.0.1:45289 - R:/127.0.0.1:37434]
2022-07-08 04:35:49,176 [s1-NettyServerStreamRpc-bossGroup--thread1] INFO  logging.LoggingHandler (AbstractInternalLogger.java:log(148)) - [id: 0x3f7cce2d, L:/0.0.0.0:45289] READ COMPLETE
2022-07-08 04:35:49,176 [s0-NettyServerStreamRpc-workerGroup--thread1] INFO  client.DataStreamClient (ConfUtils.java:logGet(46)) - raft.datastream.type = NETTY (custom)
2022-07-08 04:35:49,176 [s0-NettyServerStreamRpc-workerGroup--thread1] INFO  netty.NettyConfigKeys$DataStream (ConfUtils.java:logGet(46)) - raft.netty.dataStream.client.tls.conf = null (default)
2022-07-08 04:35:49,176 [s0-NettyServerStreamRpc-workerGroup--thread1] INFO  netty.NettyConfigKeys$DataStream (ConfUtils.java:logGet(46)) - raft.netty.dataStream.client.reply.queue.grace-period = 1s (default)
2022-07-08 04:35:49,176 [s0-NettyServerStreamRpc-workerGroup--thread1] INFO  netty.NettyConfigKeys$DataStream (ConfUtils.java:logGet(46)) - raft.netty.dataStream.client.worker-group.share = false (default)
2022-07-08 04:35:49,177 [s0-NettyServerStreamRpc-workerGroup--thread1] INFO  netty.NettyConfigKeys$DataStream (ConfUtils.java:logGet(46)) - raft.netty.dataStream.client.worker-group.size = 4 (default)
2022-07-08 04:35:49,181 [s1-NettyServerStreamRpc-bossGroup--thread1] INFO  logging.LoggingHandler (AbstractInternalLogger.java:log(148)) - [id: 0x3f7cce2d, L:/0.0.0.0:45289] READ: [id: 0x474b9b2f, L:/127.0.0.1:45289 - R:/127.0.0.1:37436]
2022-07-08 04:35:49,181 [s1-NettyServerStreamRpc-bossGroup--thread1] INFO  logging.LoggingHandler (AbstractInternalLogger.java:log(148)) - [id: 0x3f7cce2d, L:/0.0.0.0:45289] READ COMPLETE
2022-07-08 04:35:49,182 [s2-NettyServerStreamRpc-workerGroup--thread4] INFO  client.DataStreamClient (ConfUtils.java:logGet(46)) - raft.datastream.type = NETTY (custom)
2022-07-08 04:35:49,182 [s2-NettyServerStreamRpc-workerGroup--thread4] INFO  netty.NettyConfigKeys$DataStream (ConfUtils.java:logGet(46)) - raft.netty.dataStream.client.tls.conf = null (default)
2022-07-08 04:35:49,182 [s2-NettyServerStreamRpc-workerGroup--thread4] INFO  netty.NettyConfigKeys$DataStream (ConfUtils.java:logGet(46)) - raft.netty.dataStream.client.reply.queue.grace-period = 1s (default)
2022-07-08 04:35:49,182 [s2-NettyServerStreamRpc-workerGroup--thread4] INFO  netty.NettyConfigKeys$DataStream (ConfUtils.java:logGet(46)) - raft.netty.dataStream.client.worker-group.share = false (default)
2022-07-08 04:35:49,182 [s2-NettyServerStreamRpc-workerGroup--thread4] INFO  netty.NettyConfigKeys$DataStream (ConfUtils.java:logGet(46)) - raft.netty.dataStream.client.worker-group.size = 4 (default)
2022-07-08 04:35:49,189 [s1-NettyServerStreamRpc-workerGroup--thread3] INFO  client.DataStreamClient (ConfUtils.java:logGet(46)) - raft.datastream.type = NETTY (custom)
2022-07-08 04:35:49,189 [s1-NettyServerStreamRpc-workerGroup--thread3] INFO  netty.NettyConfigKeys$DataStream (ConfUtils.java:logGet(46)) - raft.netty.dataStream.client.tls.conf = null (default)
2022-07-08 04:35:49,189 [s1-NettyServerStreamRpc-workerGroup--thread3] INFO  netty.NettyConfigKeys$DataStream (ConfUtils.java:logGet(46)) - raft.netty.dataStream.client.reply.queue.grace-period = 1s (default)
2022-07-08 04:35:49,189 [s1-NettyServerStreamRpc-workerGroup--thread3] INFO  netty.NettyConfigKeys$DataStream (ConfUtils.java:logGet(46)) - raft.netty.dataStream.client.worker-group.share = false (default)
2022-07-08 04:35:49,189 [s1-NettyServerStreamRpc-workerGroup--thread3] INFO  netty.NettyConfigKeys$DataStream (ConfUtils.java:logGet(46)) - raft.netty.dataStream.client.worker-group.size = 4 (default)
2022-07-08 04:35:49,192 [s0-NettyServerStreamRpc-bossGroup--thread1] INFO  logging.LoggingHandler (AbstractInternalLogger.java:log(148)) - [id: 0x27b8fa9e, L:/0.0.0.0:32779] READ: [id: 0x88930e2c, L:/127.0.0.1:32779 - R:/127.0.0.1:37702]
2022-07-08 04:35:49,192 [s1-NettyServerStreamRpc-workerGroup--thread3] INFO  client.DataStreamClient (ConfUtils.java:logGet(46)) - raft.datastream.type = NETTY (custom)
2022-07-08 04:35:49,192 [s0-NettyServerStreamRpc-bossGroup--thread1] INFO  logging.LoggingHandler (AbstractInternalLogger.java:log(148)) - [id: 0x27b8fa9e, L:/0.0.0.0:32779] READ COMPLETE
2022-07-08 04:35:49,192 [s1-NettyServerStreamRpc-workerGroup--thread3] INFO  netty.NettyConfigKeys$DataStream (ConfUtils.java:logGet(46)) - raft.netty.dataStream.client.tls.conf = null (default)
2022-07-08 04:35:49,193 [s1-NettyServerStreamRpc-workerGroup--thread3] INFO  netty.NettyConfigKeys$DataStream (ConfUtils.java:logGet(46)) - raft.netty.dataStream.client.reply.queue.grace-period = 1s (default)
2022-07-08 04:35:49,193 [s1-NettyServerStreamRpc-workerGroup--thread3] INFO  netty.NettyConfigKeys$DataStream (ConfUtils.java:logGet(46)) - raft.netty.dataStream.client.worker-group.share = false (default)
2022-07-08 04:35:49,193 [s1-NettyServerStreamRpc-workerGroup--thread3] INFO  netty.NettyConfigKeys$DataStream (ConfUtils.java:logGet(46)) - raft.netty.dataStream.client.worker-group.size = 4 (default)
2022-07-08 04:35:49,194 [s2-NettyServerStreamRpc-workerGroup--thread4] INFO  client.DataStreamClient (ConfUtils.java:logGet(46)) - raft.datastream.type = NETTY (custom)
2022-07-08 04:35:49,194 [s2-NettyServerStreamRpc-workerGroup--thread4] INFO  netty.NettyConfigKeys$DataStream (ConfUtils.java:logGet(46)) - raft.netty.dataStream.client.tls.conf = null (default)
2022-07-08 04:35:49,194 [s2-NettyServerStreamRpc-workerGroup--thread4] INFO  netty.NettyConfigKeys$DataStream (ConfUtils.java:logGet(46)) - raft.netty.dataStream.client.reply.queue.grace-period = 1s (default)
2022-07-08 04:35:49,194 [s2-NettyServerStreamRpc-workerGroup--thread4] INFO  netty.NettyConfigKeys$DataStream (ConfUtils.java:logGet(46)) - raft.netty.dataStream.client.worker-group.share = false (default)
2022-07-08 04:35:49,194 [s2-NettyServerStreamRpc-workerGroup--thread4] INFO  netty.NettyConfigKeys$DataStream (ConfUtils.java:logGet(46)) - raft.netty.dataStream.client.worker-group.size = 4 (default)
2022-07-08 04:35:49,194 [s0-NettyServerStreamRpc-bossGroup--thread1] INFO  logging.LoggingHandler (AbstractInternalLogger.java:log(148)) - [id: 0x27b8fa9e, L:/0.0.0.0:32779] READ: [id: 0x7e0950fb, L:/127.0.0.1:32779 - R:/127.0.0.1:37704]
2022-07-08 04:35:49,195 [s0-NettyServerStreamRpc-bossGroup--thread1] INFO  logging.LoggingHandler (AbstractInternalLogger.java:log(148)) - [id: 0x27b8fa9e, L:/0.0.0.0:32779] READ COMPLETE
2022-07-08 04:35:49,197 [s2-NettyServerStreamRpc-bossGroup--thread1] INFO  logging.LoggingHandler (AbstractInternalLogger.java:log(148)) - [id: 0xdef2d4b7, L:/0.0.0.0:36223] READ: [id: 0x75ac89d7, L:/127.0.0.1:36223 - R:/127.0.0.1:48630]
2022-07-08 04:35:49,197 [s2-NettyServerStreamRpc-bossGroup--thread1] INFO  logging.LoggingHandler (AbstractInternalLogger.java:log(148)) - [id: 0xdef2d4b7, L:/0.0.0.0:36223] READ COMPLETE
2022-07-08 04:35:49,197 [s0-NettyServerStreamRpc-workerGroup--thread1] INFO  client.DataStreamClient (ConfUtils.java:logGet(46)) - raft.datastream.type = NETTY (custom)
2022-07-08 04:35:49,198 [s0-NettyServerStreamRpc-workerGroup--thread1] INFO  netty.NettyConfigKeys$DataStream (ConfUtils.java:logGet(46)) - raft.netty.dataStream.client.tls.conf = null (default)
2022-07-08 04:35:49,198 [s0-NettyServerStreamRpc-workerGroup--thread1] INFO  netty.NettyConfigKeys$DataStream (ConfUtils.java:logGet(46)) - raft.netty.dataStream.client.reply.queue.grace-period = 1s (default)
2022-07-08 04:35:49,198 [s0-NettyServerStreamRpc-workerGroup--thread1] INFO  netty.NettyConfigKeys$DataStream (ConfUtils.java:logGet(46)) - raft.netty.dataStream.client.worker-group.share = false (default)
2022-07-08 04:35:49,198 [s0-NettyServerStreamRpc-workerGroup--thread1] INFO  netty.NettyConfigKeys$DataStream (ConfUtils.java:logGet(46)) - raft.netty.dataStream.client.worker-group.size = 4 (default)
2022-07-08 04:35:49,201 [s1-NettyServerStreamRpc-bossGroup--thread1] INFO  logging.LoggingHandler (AbstractInternalLogger.java:log(148)) - [id: 0x3f7cce2d, L:/0.0.0.0:45289] READ: [id: 0xc3edf574, L:/127.0.0.1:45289 - R:/127.0.0.1:37444]
2022-07-08 04:35:49,201 [s1-NettyServerStreamRpc-bossGroup--thread1] INFO  logging.LoggingHandler (AbstractInternalLogger.java:log(148)) - [id: 0x3f7cce2d, L:/0.0.0.0:45289] READ COMPLETE
2022-07-08 04:35:49,206 [s0-NettyServerStreamRpc-workerGroup--thread1] INFO  client.DataStreamClient (ConfUtils.java:logGet(46)) - raft.datastream.type = NETTY (custom)
2022-07-08 04:35:49,206 [s0-NettyServerStreamRpc-workerGroup--thread1] INFO  netty.NettyConfigKeys$DataStream (ConfUtils.java:logGet(46)) - raft.netty.dataStream.client.tls.conf = null (default)
2022-07-08 04:35:49,206 [s0-NettyServerStreamRpc-workerGroup--thread1] INFO  netty.NettyConfigKeys$DataStream (ConfUtils.java:logGet(46)) - raft.netty.dataStream.client.reply.queue.grace-period = 1s (default)
2022-07-08 04:35:49,206 [s0-NettyServerStreamRpc-workerGroup--thread1] INFO  netty.NettyConfigKeys$DataStream (ConfUtils.java:logGet(46)) - raft.netty.dataStream.client.worker-group.share = false (default)
2022-07-08 04:35:49,207 [s0-NettyServerStreamRpc-workerGroup--thread1] INFO  netty.NettyConfigKeys$DataStream (ConfUtils.java:logGet(46)) - raft.netty.dataStream.client.worker-group.size = 4 (default)
2022-07-08 04:35:49,217 [s1-NettyServerStreamRpc-bossGroup--thread1] INFO  logging.LoggingHandler (AbstractInternalLogger.java:log(148)) - [id: 0x3f7cce2d, L:/0.0.0.0:45289] READ: [id: 0x827fdc6e, L:/127.0.0.1:45289 - R:/127.0.0.1:37446]
2022-07-08 04:35:49,217 [s1-NettyServerStreamRpc-bossGroup--thread1] INFO  logging.LoggingHandler (AbstractInternalLogger.java:log(148)) - [id: 0x3f7cce2d, L:/0.0.0.0:45289] READ COMPLETE
2022-07-08 04:35:49,219 [s2-NettyServerStreamRpc-bossGroup--thread1] INFO  logging.LoggingHandler (AbstractInternalLogger.java:log(148)) - [id: 0xdef2d4b7, L:/0.0.0.0:36223] READ: [id: 0xaba689d2, L:/127.0.0.1:36223 - R:/127.0.0.1:48636]
2022-07-08 04:35:49,219 [s2-NettyServerStreamRpc-bossGroup--thread1] INFO  logging.LoggingHandler (AbstractInternalLogger.java:log(148)) - [id: 0xdef2d4b7, L:/0.0.0.0:36223] READ COMPLETE
2022-07-08 04:35:49,225 [s2-NettyServerStreamRpc-bossGroup--thread1] INFO  logging.LoggingHandler (AbstractInternalLogger.java:log(148)) - [id: 0xdef2d4b7, L:/0.0.0.0:36223] READ: [id: 0x830abfc4, L:/127.0.0.1:36223 - R:/127.0.0.1:48638]
2022-07-08 04:35:49,225 [s2-NettyServerStreamRpc-bossGroup--thread1] INFO  logging.LoggingHandler (AbstractInternalLogger.java:log(148)) - [id: 0xdef2d4b7, L:/0.0.0.0:36223] READ COMPLETE
2022-07-08 04:35:49,227 [s0-NettyServerStreamRpc-workerGroup--thread1] INFO  client.DataStreamClient (ConfUtils.java:logGet(46)) - raft.datastream.type = NETTY (custom)
2022-07-08 04:35:49,227 [s0-NettyServerStreamRpc-workerGroup--thread1] INFO  netty.NettyConfigKeys$DataStream (ConfUtils.java:logGet(46)) - raft.netty.dataStream.client.tls.conf = null (default)
2022-07-08 04:35:49,227 [s0-NettyServerStreamRpc-workerGroup--thread1] INFO  netty.NettyConfigKeys$DataStream (ConfUtils.java:logGet(46)) - raft.netty.dataStream.client.reply.queue.grace-period = 1s (default)
2022-07-08 04:35:49,227 [s0-NettyServerStreamRpc-workerGroup--thread1] INFO  netty.NettyConfigKeys$DataStream (ConfUtils.java:logGet(46)) - raft.netty.dataStream.client.worker-group.share = false (default)
2022-07-08 04:35:49,228 [s0-NettyServerStreamRpc-workerGroup--thread1] INFO  netty.NettyConfigKeys$DataStream (ConfUtils.java:logGet(46)) - raft.netty.dataStream.client.worker-group.size = 4 (default)
2022-07-08 04:35:49,229 [s2-NettyServerStreamRpc-workerGroup--thread2] INFO  client.DataStreamClient (ConfUtils.java:logGet(46)) - raft.datastream.type = NETTY (custom)
2022-07-08 04:35:49,229 [s2-NettyServerStreamRpc-workerGroup--thread2] INFO  netty.NettyConfigKeys$DataStream (ConfUtils.java:logGet(46)) - raft.netty.dataStream.client.tls.conf = null (default)
2022-07-08 04:35:49,229 [s2-NettyServerStreamRpc-workerGroup--thread2] INFO  netty.NettyConfigKeys$DataStream (ConfUtils.java:logGet(46)) - raft.netty.dataStream.client.reply.queue.grace-period = 1s (default)
2022-07-08 04:35:49,229 [s2-NettyServerStreamRpc-workerGroup--thread2] INFO  netty.NettyConfigKeys$DataStream (ConfUtils.java:logGet(46)) - raft.netty.dataStream.client.worker-group.share = false (default)
2022-07-08 04:35:49,229 [s2-NettyServerStreamRpc-workerGroup--thread2] INFO  netty.NettyConfigKeys$DataStream (ConfUtils.java:logGet(46)) - raft.netty.dataStream.client.worker-group.size = 4 (default)
2022-07-08 04:35:49,248 [s0-NettyServerStreamRpc-bossGroup--thread1] INFO  logging.LoggingHandler (AbstractInternalLogger.java:log(148)) - [id: 0x27b8fa9e, L:/0.0.0.0:32779] READ: [id: 0x9c6070fa, L:/127.0.0.1:32779 - R:/127.0.0.1:37716]
2022-07-08 04:35:49,248 [s0-NettyServerStreamRpc-bossGroup--thread1] INFO  logging.LoggingHandler (AbstractInternalLogger.java:log(148)) - [id: 0x27b8fa9e, L:/0.0.0.0:32779] READ COMPLETE
2022-07-08 04:35:49,249 [s1-NettyServerStreamRpc-bossGroup--thread1] INFO  logging.LoggingHandler (AbstractInternalLogger.java:log(148)) - [id: 0x3f7cce2d, L:/0.0.0.0:45289] READ: [id: 0x10b698a4, L:/127.0.0.1:45289 - R:/127.0.0.1:37454]
2022-07-08 04:35:49,249 [s1-NettyServerStreamRpc-bossGroup--thread1] INFO  logging.LoggingHandler (AbstractInternalLogger.java:log(148)) - [id: 0x3f7cce2d, L:/0.0.0.0:45289] READ COMPLETE
2022-07-08 04:35:49,250 [s2-NettyServerStreamRpc-workerGroup--thread4] INFO  client.DataStreamClient (ConfUtils.java:logGet(46)) - raft.datastream.type = NETTY (custom)
2022-07-08 04:35:49,250 [s2-NettyServerStreamRpc-workerGroup--thread4] INFO  netty.NettyConfigKeys$DataStream (ConfUtils.java:logGet(46)) - raft.netty.dataStream.client.tls.conf = null (default)
2022-07-08 04:35:49,250 [s2-NettyServerStreamRpc-workerGroup--thread4] INFO  netty.NettyConfigKeys$DataStream (ConfUtils.java:logGet(46)) - raft.netty.dataStream.client.reply.queue.grace-period = 1s (default)
2022-07-08 04:35:49,250 [s0-NettyServerStreamRpc-workerGroup--thread1] INFO  client.DataStreamClient (ConfUtils.java:logGet(46)) - raft.datastream.type = NETTY (custom)
2022-07-08 04:35:49,250 [s2-NettyServerStreamRpc-workerGroup--thread4] INFO  netty.NettyConfigKeys$DataStream (ConfUtils.java:logGet(46)) - raft.netty.dataStream.client.worker-group.share = false (default)
2022-07-08 04:35:49,251 [s2-NettyServerStreamRpc-workerGroup--thread4] INFO  netty.NettyConfigKeys$DataStream (ConfUtils.java:logGet(46)) - raft.netty.dataStream.client.worker-group.size = 4 (default)
2022-07-08 04:35:49,251 [s0-NettyServerStreamRpc-workerGroup--thread1] INFO  netty.NettyConfigKeys$DataStream (ConfUtils.java:logGet(46)) - raft.netty.dataStream.client.tls.conf = null (default)
2022-07-08 04:35:49,251 [s0-NettyServerStreamRpc-workerGroup--thread1] INFO  netty.NettyConfigKeys$DataStream (ConfUtils.java:logGet(46)) - raft.netty.dataStream.client.reply.queue.grace-period = 1s (default)
2022-07-08 04:35:49,251 [s0-NettyServerStreamRpc-workerGroup--thread1] INFO  netty.NettyConfigKeys$DataStream (ConfUtils.java:logGet(46)) - raft.netty.dataStream.client.worker-group.share = false (default)
2022-07-08 04:35:49,252 [s0-NettyServerStreamRpc-workerGroup--thread1] INFO  netty.NettyConfigKeys$DataStream (ConfUtils.java:logGet(46)) - raft.netty.dataStream.client.worker-group.size = 4 (default)
2022-07-08 04:35:49,289 [s2-NettyServerStreamRpc-bossGroup--thread1] INFO  logging.LoggingHandler (AbstractInternalLogger.java:log(148)) - [id: 0xdef2d4b7, L:/0.0.0.0:36223] READ: [id: 0xfe8e308d, L:/127.0.0.1:36223 - R:/127.0.0.1:48644]
2022-07-08 04:35:49,290 [s2-NettyServerStreamRpc-bossGroup--thread1] INFO  logging.LoggingHandler (AbstractInternalLogger.java:log(148)) - [id: 0xdef2d4b7, L:/0.0.0.0:36223] READ COMPLETE
2022-07-08 04:35:49,290 [s0-NettyServerStreamRpc-workerGroup--thread1] INFO  client.DataStreamClient (ConfUtils.java:logGet(46)) - raft.datastream.type = NETTY (custom)
2022-07-08 04:35:49,291 [s0-NettyServerStreamRpc-workerGroup--thread1] INFO  netty.NettyConfigKeys$DataStream (ConfUtils.java:logGet(46)) - raft.netty.dataStream.client.tls.conf = null (default)
2022-07-08 04:35:49,291 [s0-NettyServerStreamRpc-workerGroup--thread1] INFO  netty.NettyConfigKeys$DataStream (ConfUtils.java:logGet(46)) - raft.netty.dataStream.client.reply.queue.grace-period = 1s (default)
2022-07-08 04:35:49,291 [s0-NettyServerStreamRpc-workerGroup--thread1] INFO  netty.NettyConfigKeys$DataStream (ConfUtils.java:logGet(46)) - raft.netty.dataStream.client.worker-group.share = false (default)
2022-07-08 04:35:49,291 [s0-NettyServerStreamRpc-workerGroup--thread1] INFO  netty.NettyConfigKeys$DataStream (ConfUtils.java:logGet(46)) - raft.netty.dataStream.client.worker-group.size = 4 (default)
2022-07-08 04:35:49,297 [s1-NettyServerStreamRpc-bossGroup--thread1] INFO  logging.LoggingHandler (AbstractInternalLogger.java:log(148)) - [id: 0x3f7cce2d, L:/0.0.0.0:45289] READ: [id: 0x84ba8bff, L:/127.0.0.1:45289 - R:/127.0.0.1:37458]
2022-07-08 04:35:49,297 [s1-NettyServerStreamRpc-bossGroup--thread1] INFO  logging.LoggingHandler (AbstractInternalLogger.java:log(148)) - [id: 0x3f7cce2d, L:/0.0.0.0:45289] READ COMPLETE
2022-07-08 04:35:49,298 [s2-NettyServerStreamRpc-workerGroup--thread4] INFO  client.DataStreamClient (ConfUtils.java:logGet(46)) - raft.datastream.type = NETTY (custom)
2022-07-08 04:35:49,298 [s2-NettyServerStreamRpc-workerGroup--thread4] INFO  netty.NettyConfigKeys$DataStream (ConfUtils.java:logGet(46)) - raft.netty.dataStream.client.tls.conf = null (default)
2022-07-08 04:35:49,298 [s2-NettyServerStreamRpc-workerGroup--thread4] INFO  netty.NettyConfigKeys$DataStream (ConfUtils.java:logGet(46)) - raft.netty.dataStream.client.reply.queue.grace-period = 1s (default)
2022-07-08 04:35:49,299 [s2-NettyServerStreamRpc-workerGroup--thread4] INFO  netty.NettyConfigKeys$DataStream (ConfUtils.java:logGet(46)) - raft.netty.dataStream.client.worker-group.share = false (default)
2022-07-08 04:35:49,299 [s2-NettyServerStreamRpc-workerGroup--thread4] INFO  netty.NettyConfigKeys$DataStream (ConfUtils.java:logGet(46)) - raft.netty.dataStream.client.worker-group.size = 4 (default)
2022-07-08 04:35:49,300 [s1-NettyServerStreamRpc-bossGroup--thread1] INFO  logging.LoggingHandler (AbstractInternalLogger.java:log(148)) - [id: 0x3f7cce2d, L:/0.0.0.0:45289] READ: [id: 0x5ea380fd, L:/127.0.0.1:45289 - R:/127.0.0.1:37460]
2022-07-08 04:35:49,300 [s1-NettyServerStreamRpc-bossGroup--thread1] INFO  logging.LoggingHandler (AbstractInternalLogger.java:log(148)) - [id: 0x3f7cce2d, L:/0.0.0.0:45289] READ COMPLETE
2022-07-08 04:35:49,301 [s0-NettyServerStreamRpc-workerGroup--thread1] INFO  client.DataStreamClient (ConfUtils.java:logGet(46)) - raft.datastream.type = NETTY (custom)
2022-07-08 04:35:49,301 [s0-NettyServerStreamRpc-workerGroup--thread1] INFO  netty.NettyConfigKeys$DataStream (ConfUtils.java:logGet(46)) - raft.netty.dataStream.client.tls.conf = null (default)
2022-07-08 04:35:49,301 [s0-NettyServerStreamRpc-workerGroup--thread1] INFO  netty.NettyConfigKeys$DataStream (ConfUtils.java:logGet(46)) - raft.netty.dataStream.client.reply.queue.grace-period = 1s (default)
2022-07-08 04:35:49,301 [s0-NettyServerStreamRpc-workerGroup--thread1] INFO  netty.NettyConfigKeys$DataStream (ConfUtils.java:logGet(46)) - raft.netty.dataStream.client.worker-group.share = false (default)
2022-07-08 04:35:49,301 [s0-NettyServerStreamRpc-workerGroup--thread1] INFO  netty.NettyConfigKeys$DataStream (ConfUtils.java:logGet(46)) - raft.netty.dataStream.client.worker-group.size = 4 (default)
2022-07-08 04:35:49,357 [s2-NettyServerStreamRpc-workerGroup--thread2] INFO  client.DataStreamClient (ConfUtils.java:logGet(46)) - raft.datastream.type = NETTY (custom)
2022-07-08 04:35:49,357 [s0-NettyServerStreamRpc-bossGroup--thread1] INFO  logging.LoggingHandler (AbstractInternalLogger.java:log(148)) - [id: 0x27b8fa9e, L:/0.0.0.0:32779] READ: [id: 0x650e7a3e, L:/127.0.0.1:32779 - R:/127.0.0.1:37726]
2022-07-08 04:35:49,358 [s0-NettyServerStreamRpc-bossGroup--thread1] INFO  logging.LoggingHandler (AbstractInternalLogger.java:log(148)) - [id: 0x27b8fa9e, L:/0.0.0.0:32779] READ COMPLETE
2022-07-08 04:35:49,358 [s2-NettyServerStreamRpc-workerGroup--thread2] INFO  netty.NettyConfigKeys$DataStream (ConfUtils.java:logGet(46)) - raft.netty.dataStream.client.tls.conf = null (default)
2022-07-08 04:35:49,360 [s2-NettyServerStreamRpc-workerGroup--thread2] INFO  netty.NettyConfigKeys$DataStream (ConfUtils.java:logGet(46)) - raft.netty.dataStream.client.reply.queue.grace-period = 1s (default)
2022-07-08 04:35:49,360 [s2-NettyServerStreamRpc-workerGroup--thread2] INFO  netty.NettyConfigKeys$DataStream (ConfUtils.java:logGet(46)) - raft.netty.dataStream.client.worker-group.share = false (default)
2022-07-08 04:35:49,360 [s2-NettyServerStreamRpc-workerGroup--thread2] INFO  netty.NettyConfigKeys$DataStream (ConfUtils.java:logGet(46)) - raft.netty.dataStream.client.worker-group.size = 4 (default)
2022-07-08 04:35:49,390 [s2-NettyServerStreamRpc-bossGroup--thread1] INFO  logging.LoggingHandler (AbstractInternalLogger.java:log(148)) - [id: 0xdef2d4b7, L:/0.0.0.0:36223] READ: [id: 0x4ee874fe, L:/127.0.0.1:36223 - R:/127.0.0.1:48652]
2022-07-08 04:35:49,391 [s2-NettyServerStreamRpc-bossGroup--thread1] INFO  logging.LoggingHandler (AbstractInternalLogger.java:log(148)) - [id: 0xdef2d4b7, L:/0.0.0.0:36223] READ COMPLETE
2022-07-08 04:35:49,391 [s0-NettyServerStreamRpc-workerGroup--thread1] INFO  client.DataStreamClient (ConfUtils.java:logGet(46)) - raft.datastream.type = NETTY (custom)
2022-07-08 04:35:49,391 [s0-NettyServerStreamRpc-workerGroup--thread1] INFO  netty.NettyConfigKeys$DataStream (ConfUtils.java:logGet(46)) - raft.netty.dataStream.client.tls.conf = null (default)
2022-07-08 04:35:49,392 [s0-NettyServerStreamRpc-workerGroup--thread1] INFO  netty.NettyConfigKeys$DataStream (ConfUtils.java:logGet(46)) - raft.netty.dataStream.client.reply.queue.grace-period = 1s (default)
2022-07-08 04:35:49,392 [s0-NettyServerStreamRpc-workerGroup--thread1] INFO  netty.NettyConfigKeys$DataStream (ConfUtils.java:logGet(46)) - raft.netty.dataStream.client.worker-group.share = false (default)
2022-07-08 04:35:49,392 [s0-NettyServerStreamRpc-workerGroup--thread1] INFO  netty.NettyConfigKeys$DataStream (ConfUtils.java:logGet(46)) - raft.netty.dataStream.client.worker-group.size = 4 (default)
2022-07-08 04:35:49,423 [s1-NettyServerStreamRpc-bossGroup--thread1] INFO  logging.LoggingHandler (AbstractInternalLogger.java:log(148)) - [id: 0x3f7cce2d, L:/0.0.0.0:45289] READ: [id: 0x1743887b, L:/127.0.0.1:45289 - R:/127.0.0.1:37466]
2022-07-08 04:35:49,423 [s1-NettyServerStreamRpc-bossGroup--thread1] INFO  logging.LoggingHandler (AbstractInternalLogger.java:log(148)) - [id: 0x3f7cce2d, L:/0.0.0.0:45289] READ COMPLETE
2022-07-08 04:35:49,424 [s1-NettyServerStreamRpc-bossGroup--thread1] INFO  logging.LoggingHandler (AbstractInternalLogger.java:log(148)) - [id: 0x3f7cce2d, L:/0.0.0.0:45289] READ: [id: 0x3bbb4435, L:/127.0.0.1:45289 - R:/127.0.0.1:37468]
2022-07-08 04:35:49,424 [s1-NettyServerStreamRpc-bossGroup--thread1] INFO  logging.LoggingHandler (AbstractInternalLogger.java:log(148)) - [id: 0x3f7cce2d, L:/0.0.0.0:45289] READ COMPLETE
2022-07-08 04:35:49,425 [s0-NettyServerStreamRpc-workerGroup--thread1] INFO  client.DataStreamClient (ConfUtils.java:logGet(46)) - raft.datastream.type = NETTY (custom)
2022-07-08 04:35:49,425 [s0-NettyServerStreamRpc-workerGroup--thread1] INFO  netty.NettyConfigKeys$DataStream (ConfUtils.java:logGet(46)) - raft.netty.dataStream.client.tls.conf = null (default)
2022-07-08 04:35:49,426 [s0-NettyServerStreamRpc-workerGroup--thread1] INFO  netty.NettyConfigKeys$DataStream (ConfUtils.java:logGet(46)) - raft.netty.dataStream.client.reply.queue.grace-period = 1s (default)
2022-07-08 04:35:49,426 [s0-NettyServerStreamRpc-workerGroup--thread1] INFO  netty.NettyConfigKeys$DataStream (ConfUtils.java:logGet(46)) - raft.netty.dataStream.client.worker-group.share = false (default)
2022-07-08 04:35:49,426 [s0-NettyServerStreamRpc-workerGroup--thread1] INFO  netty.NettyConfigKeys$DataStream (ConfUtils.java:logGet(46)) - raft.netty.dataStream.client.worker-group.size = 4 (default)
2022-07-08 04:35:49,432 [s2-NettyServerStreamRpc-bossGroup--thread1] INFO  logging.LoggingHandler (AbstractInternalLogger.java:log(148)) - [id: 0xdef2d4b7, L:/0.0.0.0:36223] READ: [id: 0x3f0cbe22, L:/127.0.0.1:36223 - R:/127.0.0.1:48658]
2022-07-08 04:35:49,433 [s2-NettyServerStreamRpc-bossGroup--thread1] INFO  logging.LoggingHandler (AbstractInternalLogger.java:log(148)) - [id: 0xdef2d4b7, L:/0.0.0.0:36223] READ COMPLETE
2022-07-08 04:35:49,745 [pool-9-thread-16] INFO  datastream.DataStreamTestUtils (DataStreamTestUtils.java:writeAndCloseAndAssertReplies(320)) - Stream381: bytesWritten=7066320
2022-07-08 04:35:49,837 [pool-9-thread-12] INFO  datastream.DataStreamTestUtils (DataStreamTestUtils.java:writeAndCloseAndAssertReplies(320)) - Stream378: bytesWritten=7141933
2022-07-08 04:35:49,841 [pool-9-thread-14] INFO  datastream.DataStreamTestUtils (DataStreamTestUtils.java:writeAndCloseAndAssertReplies(320)) - Stream380: bytesWritten=7639031
2022-07-08 04:35:49,850 [pool-9-thread-15] INFO  datastream.DataStreamTestUtils (DataStreamTestUtils.java:writeAndCloseAndAssertReplies(320)) - Stream382: bytesWritten=7473651
2022-07-08 04:35:49,866 [pool-9-thread-9] INFO  datastream.DataStreamTestUtils (DataStreamTestUtils.java:writeAndCloseAndAssertReplies(320)) - Stream376: bytesWritten=7908205
2022-07-08 04:35:49,880 [pool-9-thread-11] INFO  datastream.DataStreamTestUtils (DataStreamTestUtils.java:writeAndCloseAndAssertReplies(320)) - Stream377: bytesWritten=7179112
2022-07-08 04:35:49,925 [pool-9-thread-13] INFO  datastream.DataStreamTestUtils (DataStreamTestUtils.java:writeAndCloseAndAssertReplies(320)) - Stream379: bytesWritten=6586558
2022-07-08 04:35:50,010 [s2-client-thread1] INFO  statemachine.StateMachine (DataStreamTestUtils.java:link(157)) - link SingleDataStream: writeRequest=RaftClientRequest:client-1EF1E56FFE60->s1@group-9AEA52B37957, cid=378, seq=0, DataStream, Message:<EMPTY>, logEntry=null
2022-07-08 04:35:50,019 [s2-client-thread1] INFO  statemachine.StateMachine (DataStreamTestUtils.java:link(157)) - link SingleDataStream: writeRequest=RaftClientRequest:client-423FEAA990A8->s0@group-9AEA52B37957, cid=380, seq=0, DataStream, Message:<EMPTY>, logEntry=null
2022-07-08 04:35:50,019 [s0-server-thread1] INFO  statemachine.StateMachine (DataStreamTestUtils.java:link(157)) - link SingleDataStream: writeRequest=RaftClientRequest:client-1EF1E56FFE60->s1@group-9AEA52B37957, cid=378, seq=0, DataStream, Message:<EMPTY>, logEntry=null
2022-07-08 04:35:50,021 [s1-server-thread1] INFO  statemachine.StateMachine (DataStreamTestUtils.java:link(157)) - link SingleDataStream: writeRequest=RaftClientRequest:client-1EF1E56FFE60->s1@group-9AEA52B37957, cid=378, seq=0, DataStream, Message:<EMPTY>, logEntry=null
2022-07-08 04:35:50,021 [s0-server-thread1] INFO  statemachine.StateMachine (DataStreamTestUtils.java:link(157)) - link SingleDataStream: writeRequest=RaftClientRequest:client-423FEAA990A8->s0@group-9AEA52B37957, cid=380, seq=0, DataStream, Message:<EMPTY>, logEntry=null
2022-07-08 04:35:50,028 [s2-client-thread2] INFO  statemachine.StateMachine (DataStreamTestUtils.java:link(157)) - link SingleDataStream: writeRequest=RaftClientRequest:client-1EF1E56FFE60->s1@group-9AEA52B37957, cid=377, seq=0, DataStream, Message:<EMPTY>, logEntry=null
2022-07-08 04:35:50,028 [s2-client-thread4] INFO  statemachine.StateMachine (DataStreamTestUtils.java:link(157)) - link SingleDataStream: writeRequest=RaftClientRequest:client-490AC9C214CD->s2@group-9AEA52B37957, cid=381, seq=0, DataStream, Message:<EMPTY>, logEntry=null
2022-07-08 04:35:50,029 [s0-server-thread1] INFO  statemachine.StateMachine (DataStreamTestUtils.java:link(157)) - link SingleDataStream: writeRequest=RaftClientRequest:client-1EF1E56FFE60->s1@group-9AEA52B37957, cid=377, seq=0, DataStream, Message:<EMPTY>, logEntry=null
2022-07-08 04:35:50,029 [s1-server-thread1] INFO  statemachine.StateMachine (DataStreamTestUtils.java:link(157)) - link SingleDataStream: writeRequest=RaftClientRequest:client-423FEAA990A8->s0@group-9AEA52B37957, cid=380, seq=0, DataStream, Message:<EMPTY>, logEntry=null
2022-07-08 04:35:50,032 [s0-server-thread1] INFO  statemachine.StateMachine (DataStreamTestUtils.java:link(157)) - link SingleDataStream: writeRequest=RaftClientRequest:client-490AC9C214CD->s2@group-9AEA52B37957, cid=381, seq=0, DataStream, Message:<EMPTY>, logEntry=null
2022-07-08 04:35:50,032 [s1-server-thread1] INFO  statemachine.StateMachine (DataStreamTestUtils.java:link(157)) - link SingleDataStream: writeRequest=RaftClientRequest:client-1EF1E56FFE60->s1@group-9AEA52B37957, cid=377, seq=0, DataStream, Message:<EMPTY>, logEntry=null
2022-07-08 04:35:50,033 [s1-server-thread1] INFO  statemachine.StateMachine (DataStreamTestUtils.java:link(157)) - link SingleDataStream: writeRequest=RaftClientRequest:client-490AC9C214CD->s2@group-9AEA52B37957, cid=381, seq=0, DataStream, Message:<EMPTY>, logEntry=null
2022-07-08 04:35:50,034 [s2-client-thread3] INFO  statemachine.StateMachine (DataStreamTestUtils.java:link(157)) - link SingleDataStream: writeRequest=RaftClientRequest:client-E3E11397E74C->s1@group-9AEA52B37957, cid=376, seq=0, DataStream, Message:<EMPTY>, logEntry=null
2022-07-08 04:35:50,035 [s0-server-thread1] INFO  statemachine.StateMachine (DataStreamTestUtils.java:link(157)) - link SingleDataStream: writeRequest=RaftClientRequest:client-E3E11397E74C->s1@group-9AEA52B37957, cid=376, seq=0, DataStream, Message:<EMPTY>, logEntry=null
2022-07-08 04:35:50,035 [s1-server-thread1] INFO  statemachine.StateMachine (DataStreamTestUtils.java:link(157)) - link SingleDataStream: writeRequest=RaftClientRequest:client-E3E11397E74C->s1@group-9AEA52B37957, cid=376, seq=0, DataStream, Message:<EMPTY>, logEntry=null
2022-07-08 04:35:50,056 [s2-client-thread4] INFO  statemachine.StateMachine (DataStreamTestUtils.java:link(157)) - link SingleDataStream: writeRequest=RaftClientRequest:client-1EF1E56FFE60->s1@group-9AEA52B37957, cid=379, seq=0, DataStream, Message:<EMPTY>, logEntry=null
2022-07-08 04:35:50,061 [s2-client-thread4] INFO  statemachine.StateMachine (DataStreamTestUtils.java:link(157)) - link SingleDataStream: writeRequest=RaftClientRequest:client-282ADA8CE07B->s1@group-9AEA52B37957, cid=382, seq=0, DataStream, Message:<EMPTY>, logEntry=null
2022-07-08 04:35:50,061 [s1-server-thread1] INFO  statemachine.StateMachine (DataStreamTestUtils.java:link(157)) - link SingleDataStream: writeRequest=RaftClientRequest:client-1EF1E56FFE60->s1@group-9AEA52B37957, cid=379, seq=0, DataStream, Message:<EMPTY>, logEntry=null
2022-07-08 04:35:50,062 [s0-server-thread1] INFO  statemachine.StateMachine (DataStreamTestUtils.java:link(157)) - link SingleDataStream: writeRequest=RaftClientRequest:client-1EF1E56FFE60->s1@group-9AEA52B37957, cid=379, seq=0, DataStream, Message:<EMPTY>, logEntry=null
2022-07-08 04:35:50,062 [pool-9-thread-12] INFO  datastream.DataStreamTestUtils (DataStreamTestUtils.java:writeAndCloseAndAssertReplies(311)) - start Stream383
2022-07-08 04:35:50,063 [s0-server-thread1] INFO  statemachine.StateMachine (DataStreamTestUtils.java:link(157)) - link SingleDataStream: writeRequest=RaftClientRequest:client-282ADA8CE07B->s1@group-9AEA52B37957, cid=382, seq=0, DataStream, Message:<EMPTY>, logEntry=null
2022-07-08 04:35:50,063 [s1-server-thread1] INFO  statemachine.StateMachine (DataStreamTestUtils.java:link(157)) - link SingleDataStream: writeRequest=RaftClientRequest:client-282ADA8CE07B->s1@group-9AEA52B37957, cid=382, seq=0, DataStream, Message:<EMPTY>, logEntry=null
2022-07-08 04:35:50,067 [pool-9-thread-11] INFO  datastream.DataStreamTestUtils (DataStreamTestUtils.java:writeAndCloseAndAssertReplies(311)) - start Stream384
2022-07-08 04:35:50,221 [pool-9-thread-14] INFO  datastream.DataStreamTestUtils (DataStreamTestUtils.java:writeAndCloseAndAssertReplies(311)) - start Stream386
2022-07-08 04:35:50,223 [pool-9-thread-16] INFO  datastream.DataStreamTestUtils (DataStreamTestUtils.java:writeAndCloseAndAssertReplies(311)) - start Stream387
2022-07-08 04:35:50,268 [pool-9-thread-9] INFO  datastream.DataStreamTestUtils (DataStreamTestUtils.java:writeAndCloseAndAssertReplies(311)) - start Stream385
2022-07-08 04:35:50,280 [pool-9-thread-13] INFO  datastream.DataStreamTestUtils (DataStreamTestUtils.java:writeAndCloseAndAssertReplies(311)) - start Stream388
2022-07-08 04:35:50,368 [pool-9-thread-15] INFO  datastream.DataStreamTestUtils (DataStreamTestUtils.java:writeAndCloseAndAssertReplies(311)) - start Stream389
2022-07-08 04:35:50,487 [pool-9-thread-11] INFO  datastream.DataStreamTestUtils (DataStreamTestUtils.java:writeAndCloseAndAssertReplies(320)) - Stream384: bytesWritten=7676600
2022-07-08 04:35:50,506 [pool-9-thread-12] INFO  datastream.DataStreamTestUtils (DataStreamTestUtils.java:writeAndCloseAndAssertReplies(320)) - Stream383: bytesWritten=8093079
2022-07-08 04:35:50,558 [s2-client-thread4] INFO  statemachine.StateMachine (DataStreamTestUtils.java:link(157)) - link SingleDataStream: writeRequest=RaftClientRequest:client-282ADA8CE07B->s1@group-9AEA52B37957, cid=384, seq=0, DataStream, Message:<EMPTY>, logEntry=null
2022-07-08 04:35:50,559 [s0-server-thread1] INFO  statemachine.StateMachine (DataStreamTestUtils.java:link(157)) - link SingleDataStream: writeRequest=RaftClientRequest:client-282ADA8CE07B->s1@group-9AEA52B37957, cid=384, seq=0, DataStream, Message:<EMPTY>, logEntry=null
2022-07-08 04:35:50,560 [s1-server-thread1] INFO  statemachine.StateMachine (DataStreamTestUtils.java:link(157)) - link SingleDataStream: writeRequest=RaftClientRequest:client-282ADA8CE07B->s1@group-9AEA52B37957, cid=384, seq=0, DataStream, Message:<EMPTY>, logEntry=null
2022-07-08 04:35:50,573 [pool-9-thread-11] INFO  datastream.DataStreamTestUtils (DataStreamTestUtils.java:writeAndCloseAndAssertReplies(311)) - start Stream390
2022-07-08 04:35:50,621 [s2-client-thread4] INFO  statemachine.StateMachine (DataStreamTestUtils.java:link(157)) - link SingleDataStream: writeRequest=RaftClientRequest:client-282ADA8CE07B->s1@group-9AEA52B37957, cid=383, seq=0, DataStream, Message:<EMPTY>, logEntry=null
2022-07-08 04:35:50,623 [s0-server-thread1] INFO  statemachine.StateMachine (DataStreamTestUtils.java:link(157)) - link SingleDataStream: writeRequest=RaftClientRequest:client-282ADA8CE07B->s1@group-9AEA52B37957, cid=383, seq=0, DataStream, Message:<EMPTY>, logEntry=null
2022-07-08 04:35:50,656 [s1-server-thread1] INFO  statemachine.StateMachine (DataStreamTestUtils.java:link(157)) - link SingleDataStream: writeRequest=RaftClientRequest:client-282ADA8CE07B->s1@group-9AEA52B37957, cid=383, seq=0, DataStream, Message:<EMPTY>, logEntry=null
2022-07-08 04:35:50,681 [pool-9-thread-12] INFO  datastream.DataStreamTestUtils (DataStreamTestUtils.java:writeAndCloseAndAssertReplies(311)) - start Stream391
2022-07-08 04:35:50,771 [pool-9-thread-15] INFO  datastream.DataStreamTestUtils (DataStreamTestUtils.java:writeAndCloseAndAssertReplies(320)) - Stream389: bytesWritten=6123692
2022-07-08 04:35:50,778 [pool-9-thread-13] INFO  datastream.DataStreamTestUtils (DataStreamTestUtils.java:writeAndCloseAndAssertReplies(320)) - Stream388: bytesWritten=7235471
2022-07-08 04:35:50,794 [s2-client-thread4] INFO  statemachine.StateMachine (DataStreamTestUtils.java:link(157)) - link SingleDataStream: writeRequest=RaftClientRequest:client-282ADA8CE07B->s1@group-9AEA52B37957, cid=389, seq=0, DataStream, Message:<EMPTY>, logEntry=null
2022-07-08 04:35:50,832 [pool-9-thread-16] INFO  datastream.DataStreamTestUtils (DataStreamTestUtils.java:writeAndCloseAndAssertReplies(320)) - Stream387: bytesWritten=7150130
2022-07-08 04:35:50,833 [s2-client-thread4] INFO  statemachine.StateMachine (DataStreamTestUtils.java:link(157)) - link SingleDataStream: writeRequest=RaftClientRequest:client-282ADA8CE07B->s1@group-9AEA52B37957, cid=388, seq=0, DataStream, Message:<EMPTY>, logEntry=null
2022-07-08 04:35:50,857 [s2-client-thread4] INFO  statemachine.StateMachine (DataStreamTestUtils.java:link(157)) - link SingleDataStream: writeRequest=RaftClientRequest:client-282ADA8CE07B->s1@group-9AEA52B37957, cid=387, seq=0, DataStream, Message:<EMPTY>, logEntry=null
2022-07-08 04:35:50,913 [pool-9-thread-14] INFO  datastream.DataStreamTestUtils (DataStreamTestUtils.java:writeAndCloseAndAssertReplies(320)) - Stream386: bytesWritten=7843213
2022-07-08 04:35:50,916 [s2-client-thread4] INFO  statemachine.StateMachine (DataStreamTestUtils.java:link(157)) - link SingleDataStream: writeRequest=RaftClientRequest:client-282ADA8CE07B->s1@group-9AEA52B37957, cid=386, seq=0, DataStream, Message:<EMPTY>, logEntry=null
2022-07-08 04:35:50,919 [pool-9-thread-9] INFO  datastream.DataStreamTestUtils (DataStreamTestUtils.java:writeAndCloseAndAssertReplies(320)) - Stream385: bytesWritten=7969479
2022-07-08 04:35:50,920 [s1-server-thread1] INFO  statemachine.StateMachine (DataStreamTestUtils.java:link(157)) - link SingleDataStream: writeRequest=RaftClientRequest:client-282ADA8CE07B->s1@group-9AEA52B37957, cid=389, seq=0, DataStream, Message:<EMPTY>, logEntry=null
2022-07-08 04:35:50,922 [s2-client-thread4] INFO  statemachine.StateMachine (DataStreamTestUtils.java:link(157)) - link SingleDataStream: writeRequest=RaftClientRequest:client-282ADA8CE07B->s1@group-9AEA52B37957, cid=385, seq=0, DataStream, Message:<EMPTY>, logEntry=null
2022-07-08 04:35:50,933 [pool-9-thread-11] INFO  datastream.DataStreamTestUtils (DataStreamTestUtils.java:writeAndCloseAndAssertReplies(320)) - Stream390: bytesWritten=7546929
2022-07-08 04:35:50,934 [s0-server-thread1] INFO  statemachine.StateMachine (DataStreamTestUtils.java:link(157)) - link SingleDataStream: writeRequest=RaftClientRequest:client-282ADA8CE07B->s1@group-9AEA52B37957, cid=389, seq=0, DataStream, Message:<EMPTY>, logEntry=null
2022-07-08 04:35:50,934 [s0-server-thread1] INFO  statemachine.StateMachine (DataStreamTestUtils.java:link(157)) - link SingleDataStream: writeRequest=RaftClientRequest:client-282ADA8CE07B->s1@group-9AEA52B37957, cid=388, seq=0, DataStream, Message:<EMPTY>, logEntry=null
2022-07-08 04:35:50,939 [pool-9-thread-15] INFO  datastream.DataStreamTestUtils (DataStreamTestUtils.java:writeAndCloseAndAssertReplies(311)) - start Stream392
2022-07-08 04:35:50,939 [s0-server-thread1] INFO  statemachine.StateMachine (DataStreamTestUtils.java:link(157)) - link SingleDataStream: writeRequest=RaftClientRequest:client-282ADA8CE07B->s1@group-9AEA52B37957, cid=387, seq=0, DataStream, Message:<EMPTY>, logEntry=null
2022-07-08 04:35:50,940 [s0-server-thread1] INFO  statemachine.StateMachine (DataStreamTestUtils.java:link(157)) - link SingleDataStream: writeRequest=RaftClientRequest:client-282ADA8CE07B->s1@group-9AEA52B37957, cid=386, seq=0, DataStream, Message:<EMPTY>, logEntry=null
2022-07-08 04:35:50,941 [s0-server-thread1] INFO  statemachine.StateMachine (DataStreamTestUtils.java:link(157)) - link SingleDataStream: writeRequest=RaftClientRequest:client-282ADA8CE07B->s1@group-9AEA52B37957, cid=385, seq=0, DataStream, Message:<EMPTY>, logEntry=null
2022-07-08 04:35:50,949 [s2-client-thread4] INFO  statemachine.StateMachine (DataStreamTestUtils.java:link(157)) - link SingleDataStream: writeRequest=RaftClientRequest:client-282ADA8CE07B->s1@group-9AEA52B37957, cid=390, seq=0, DataStream, Message:<EMPTY>, logEntry=null
2022-07-08 04:35:50,960 [s0-server-thread1] INFO  statemachine.StateMachine (DataStreamTestUtils.java:link(157)) - link SingleDataStream: writeRequest=RaftClientRequest:client-282ADA8CE07B->s1@group-9AEA52B37957, cid=390, seq=0, DataStream, Message:<EMPTY>, logEntry=null
2022-07-08 04:35:50,975 [s1-server-thread1] INFO  statemachine.StateMachine (DataStreamTestUtils.java:link(157)) - link SingleDataStream: writeRequest=RaftClientRequest:client-282ADA8CE07B->s1@group-9AEA52B37957, cid=388, seq=0, DataStream, Message:<EMPTY>, logEntry=null
2022-07-08 04:35:50,976 [s1-server-thread1] INFO  statemachine.StateMachine (DataStreamTestUtils.java:link(157)) - link SingleDataStream: writeRequest=RaftClientRequest:client-282ADA8CE07B->s1@group-9AEA52B37957, cid=387, seq=0, DataStream, Message:<EMPTY>, logEntry=null
2022-07-08 04:35:50,977 [s1-server-thread1] INFO  statemachine.StateMachine (DataStreamTestUtils.java:link(157)) - link SingleDataStream: writeRequest=RaftClientRequest:client-282ADA8CE07B->s1@group-9AEA52B37957, cid=386, seq=0, DataStream, Message:<EMPTY>, logEntry=null
2022-07-08 04:35:50,977 [s1-server-thread1] INFO  statemachine.StateMachine (DataStreamTestUtils.java:link(157)) - link SingleDataStream: writeRequest=RaftClientRequest:client-282ADA8CE07B->s1@group-9AEA52B37957, cid=385, seq=0, DataStream, Message:<EMPTY>, logEntry=null
2022-07-08 04:35:50,978 [s1-server-thread1] INFO  statemachine.StateMachine (DataStreamTestUtils.java:link(157)) - link SingleDataStream: writeRequest=RaftClientRequest:client-282ADA8CE07B->s1@group-9AEA52B37957, cid=390, seq=0, DataStream, Message:<EMPTY>, logEntry=null
2022-07-08 04:35:50,983 [pool-9-thread-13] INFO  datastream.DataStreamTestUtils (DataStreamTestUtils.java:writeAndCloseAndAssertReplies(311)) - start Stream393
2022-07-08 04:35:50,995 [pool-9-thread-16] INFO  datastream.DataStreamTestUtils (DataStreamTestUtils.java:writeAndCloseAndAssertReplies(311)) - start Stream394
2022-07-08 04:35:50,998 [pool-9-thread-14] INFO  datastream.DataStreamTestUtils (DataStreamTestUtils.java:writeAndCloseAndAssertReplies(311)) - start Stream395
2022-07-08 04:35:51,001 [pool-9-thread-9] INFO  datastream.DataStreamTestUtils (DataStreamTestUtils.java:writeAndCloseAndAssertReplies(311)) - start Stream396
2022-07-08 04:35:51,007 [pool-9-thread-12] INFO  datastream.DataStreamTestUtils (DataStreamTestUtils.java:writeAndCloseAndAssertReplies(320)) - Stream391: bytesWritten=6324304
2022-07-08 04:35:51,025 [s2-client-thread4] INFO  statemachine.StateMachine (DataStreamTestUtils.java:link(157)) - link SingleDataStream: writeRequest=RaftClientRequest:client-282ADA8CE07B->s1@group-9AEA52B37957, cid=391, seq=0, DataStream, Message:<EMPTY>, logEntry=null
2022-07-08 04:35:51,026 [s0-server-thread1] INFO  statemachine.StateMachine (DataStreamTestUtils.java:link(157)) - link SingleDataStream: writeRequest=RaftClientRequest:client-282ADA8CE07B->s1@group-9AEA52B37957, cid=391, seq=0, DataStream, Message:<EMPTY>, logEntry=null
2022-07-08 04:35:51,031 [s1-server-thread1] INFO  statemachine.StateMachine (DataStreamTestUtils.java:link(157)) - link SingleDataStream: writeRequest=RaftClientRequest:client-282ADA8CE07B->s1@group-9AEA52B37957, cid=391, seq=0, DataStream, Message:<EMPTY>, logEntry=null
2022-07-08 04:35:51,057 [pool-9-thread-11] INFO  datastream.DataStreamTestUtils (DataStreamTestUtils.java:writeAndCloseAndAssertReplies(311)) - start Stream397
2022-07-08 04:35:51,107 [pool-9-thread-12] INFO  datastream.DataStreamTestUtils (DataStreamTestUtils.java:writeAndCloseAndAssertReplies(311)) - start Stream398
2022-07-08 04:35:51,230 [pool-9-thread-15] INFO  datastream.DataStreamTestUtils (DataStreamTestUtils.java:writeAndCloseAndAssertReplies(320)) - Stream392: bytesWritten=6904402
2022-07-08 04:35:51,239 [s2-client-thread4] INFO  statemachine.StateMachine (DataStreamTestUtils.java:link(157)) - link SingleDataStream: writeRequest=RaftClientRequest:client-423FEAA990A8->s0@group-9AEA52B37957, cid=392, seq=0, DataStream, Message:<EMPTY>, logEntry=null
2022-07-08 04:35:51,348 [pool-9-thread-13] INFO  datastream.DataStreamTestUtils (DataStreamTestUtils.java:writeAndCloseAndAssertReplies(320)) - Stream393: bytesWritten=7111085
2022-07-08 04:35:51,354 [s0-server-thread1] INFO  statemachine.StateMachine (DataStreamTestUtils.java:link(157)) - link SingleDataStream: writeRequest=RaftClientRequest:client-423FEAA990A8->s0@group-9AEA52B37957, cid=392, seq=0, DataStream, Message:<EMPTY>, logEntry=null
2022-07-08 04:35:51,441 [s2-client-thread4] INFO  statemachine.StateMachine (DataStreamTestUtils.java:link(157)) - link SingleDataStream: writeRequest=RaftClientRequest:client-423FEAA990A8->s0@group-9AEA52B37957, cid=393, seq=0, DataStream, Message:<EMPTY>, logEntry=null
2022-07-08 04:35:51,507 [pool-9-thread-9] INFO  datastream.DataStreamTestUtils (DataStreamTestUtils.java:writeAndCloseAndAssertReplies(320)) - Stream396: bytesWritten=7458731
2022-07-08 04:35:51,511 [pool-9-thread-16] INFO  datastream.DataStreamTestUtils (DataStreamTestUtils.java:writeAndCloseAndAssertReplies(320)) - Stream394: bytesWritten=7931578
2022-07-08 04:35:51,516 [s2-client-thread4] INFO  statemachine.StateMachine (DataStreamTestUtils.java:link(157)) - link SingleDataStream: writeRequest=RaftClientRequest:client-423FEAA990A8->s0@group-9AEA52B37957, cid=396, seq=0, DataStream, Message:<EMPTY>, logEntry=null
2022-07-08 04:35:51,517 [pool-9-thread-15] INFO  datastream.DataStreamTestUtils (DataStreamTestUtils.java:writeAndCloseAndAssertReplies(311)) - start Stream399
2022-07-08 04:35:51,539 [s2-client-thread4] INFO  statemachine.StateMachine (DataStreamTestUtils.java:link(157)) - link SingleDataStream: writeRequest=RaftClientRequest:client-423FEAA990A8->s0@group-9AEA52B37957, cid=394, seq=0, DataStream, Message:<EMPTY>, logEntry=null
2022-07-08 04:35:51,550 [pool-9-thread-14] INFO  datastream.DataStreamTestUtils (DataStreamTestUtils.java:writeAndCloseAndAssertReplies(320)) - Stream395: bytesWritten=7602953
2022-07-08 04:35:51,556 [pool-9-thread-11] INFO  datastream.DataStreamTestUtils (DataStreamTestUtils.java:writeAndCloseAndAssertReplies(320)) - Stream397: bytesWritten=7435597
2022-07-08 04:35:51,581 [s2-client-thread4] INFO  statemachine.StateMachine (DataStreamTestUtils.java:link(157)) - link SingleDataStream: writeRequest=RaftClientRequest:client-423FEAA990A8->s0@group-9AEA52B37957, cid=397, seq=0, DataStream, Message:<EMPTY>, logEntry=null
2022-07-08 04:35:51,582 [pool-9-thread-12] INFO  datastream.DataStreamTestUtils (DataStreamTestUtils.java:writeAndCloseAndAssertReplies(320)) - Stream398: bytesWritten=7250716
2022-07-08 04:35:51,583 [s1-server-thread1] INFO  statemachine.StateMachine (DataStreamTestUtils.java:link(157)) - link SingleDataStream: writeRequest=RaftClientRequest:client-423FEAA990A8->s0@group-9AEA52B37957, cid=392, seq=0, DataStream, Message:<EMPTY>, logEntry=null
2022-07-08 04:35:51,599 [s2-client-thread4] INFO  statemachine.StateMachine (DataStreamTestUtils.java:link(157)) - link SingleDataStream: writeRequest=RaftClientRequest:client-423FEAA990A8->s0@group-9AEA52B37957, cid=395, seq=0, DataStream, Message:<EMPTY>, logEntry=null
2022-07-08 04:35:51,608 [s2-client-thread4] INFO  statemachine.StateMachine (DataStreamTestUtils.java:link(157)) - link SingleDataStream: writeRequest=RaftClientRequest:client-423FEAA990A8->s0@group-9AEA52B37957, cid=398, seq=0, DataStream, Message:<EMPTY>, logEntry=null
2022-07-08 04:35:51,609 [pool-9-thread-5] INFO  datastream.DataStreamTestUtils (DataStreamTestUtils.java:writeAndCloseAndAssertReplies(311)) - start Stream400
2022-07-08 04:35:51,678 [s0-server-thread1] INFO  statemachine.StateMachine (DataStreamTestUtils.java:link(157)) - link SingleDataStream: writeRequest=RaftClientRequest:client-423FEAA990A8->s0@group-9AEA52B37957, cid=393, seq=0, DataStream, Message:<EMPTY>, logEntry=null
2022-07-08 04:35:51,679 [s1-server-thread1] INFO  statemachine.StateMachine (DataStreamTestUtils.java:link(157)) - link SingleDataStream: writeRequest=RaftClientRequest:client-423FEAA990A8->s0@group-9AEA52B37957, cid=393, seq=0, DataStream, Message:<EMPTY>, logEntry=null
2022-07-08 04:35:51,679 [pool-9-thread-15] INFO  datastream.DataStreamTestUtils (DataStreamTestUtils.java:writeAndCloseAndAssertReplies(320)) - Stream399: bytesWritten=7895661
2022-07-08 04:35:51,682 [s2-client-thread4] INFO  statemachine.StateMachine (DataStreamTestUtils.java:link(157)) - link SingleDataStream: writeRequest=RaftClientRequest:client-423FEAA990A8->s0@group-9AEA52B37957, cid=399, seq=0, DataStream, Message:<EMPTY>, logEntry=null
2022-07-08 04:35:51,683 [s0-server-thread1] INFO  statemachine.StateMachine (DataStreamTestUtils.java:link(157)) - link SingleDataStream: writeRequest=RaftClientRequest:client-423FEAA990A8->s0@group-9AEA52B37957, cid=396, seq=0, DataStream, Message:<EMPTY>, logEntry=null
2022-07-08 04:35:51,683 [s0-server-thread1] INFO  statemachine.StateMachine (DataStreamTestUtils.java:link(157)) - link SingleDataStream: writeRequest=RaftClientRequest:client-423FEAA990A8->s0@group-9AEA52B37957, cid=394, seq=0, DataStream, Message:<EMPTY>, logEntry=null
2022-07-08 04:35:51,686 [pool-9-thread-13] INFO  datastream.DataStreamTestUtils (DataStreamTestUtils.java:writeAndCloseAndAssertReplies(311)) - start Stream402
2022-07-08 04:35:51,687 [s0-server-thread1] INFO  statemachine.StateMachine (DataStreamTestUtils.java:link(157)) - link SingleDataStream: writeRequest=RaftClientRequest:client-423FEAA990A8->s0@group-9AEA52B37957, cid=397, seq=0, DataStream, Message:<EMPTY>, logEntry=null
2022-07-08 04:35:51,731 [s1-server-thread1] INFO  statemachine.StateMachine (DataStreamTestUtils.java:link(157)) - link SingleDataStream: writeRequest=RaftClientRequest:client-423FEAA990A8->s0@group-9AEA52B37957, cid=396, seq=0, DataStream, Message:<EMPTY>, logEntry=null
2022-07-08 04:35:51,743 [s0-server-thread1] INFO  statemachine.StateMachine (DataStreamTestUtils.java:link(157)) - link SingleDataStream: writeRequest=RaftClientRequest:client-423FEAA990A8->s0@group-9AEA52B37957, cid=395, seq=0, DataStream, Message:<EMPTY>, logEntry=null
2022-07-08 04:35:51,744 [s0-server-thread1] INFO  statemachine.StateMachine (DataStreamTestUtils.java:link(157)) - link SingleDataStream: writeRequest=RaftClientRequest:client-423FEAA990A8->s0@group-9AEA52B37957, cid=398, seq=0, DataStream, Message:<EMPTY>, logEntry=null
2022-07-08 04:35:52,509 [s0-server-thread1] INFO  statemachine.StateMachine (DataStreamTestUtils.java:link(157)) - link SingleDataStream: writeRequest=RaftClientRequest:client-423FEAA990A8->s0@group-9AEA52B37957, cid=399, seq=0, DataStream, Message:<EMPTY>, logEntry=null
2022-07-08 04:35:52,509 [s1-server-thread1] INFO  statemachine.StateMachine (DataStreamTestUtils.java:link(157)) - link SingleDataStream: writeRequest=RaftClientRequest:client-423FEAA990A8->s0@group-9AEA52B37957, cid=394, seq=0, DataStream, Message:<EMPTY>, logEntry=null
2022-07-08 04:35:52,510 [s2@group-9AEA52B37957-LeaderStateImpl] WARN  server.RaftServer$Division (LeaderStateImpl.java:checkLeadership(1017)) - s2@group-9AEA52B37957-LeaderStateImpl: Lost leadership on term: 1. Election timeout: 300ms. In charge for: 3863ms. Conf: 0: [s0|rpc:localhost:45409|admin:localhost:39453|client:localhost:35593|dataStream:localhost:32779|priority:0, s1|rpc:localhost:43687|admin:localhost:37289|client:localhost:37969|dataStream:localhost:45289|priority:0, s2|rpc:localhost:35381|admin:localhost:44889|client:localhost:37093|dataStream:localhost:36223|priority:0], old=null
2022-07-08 04:35:52,511 [org.apache.ratis.util.JvmPauseMonitor$$Lambda$274/210522051@2105c636] WARN  util.JvmPauseMonitor (JvmPauseMonitor.java:detectPause(124)) - JvmPauseMonitor-s2: Detected pause in JVM or host machine (eg GC): pause of approximately 537230590ns.
GC pool 'PS MarkSweep' had collection(s): count=1 time=621ms
GC pool 'PS Scavenge' had collection(s): count=1 time=134ms
2022-07-08 04:35:52,512 [s2@group-9AEA52B37957-LeaderStateImpl] WARN  server.RaftServer$Division (LeaderStateImpl.java:lambda$checkLeadership$17(1021)) - Follower s2@group-9AEA52B37957->s0(c32,m33,n42, attendVote=true, lastRpcSendTime=826, lastRpcResponseTime=767)
2022-07-08 04:35:52,530 [s2@group-9AEA52B37957-LeaderStateImpl] WARN  server.RaftServer$Division (LeaderStateImpl.java:lambda$checkLeadership$17(1021)) - Follower s2@group-9AEA52B37957->s1(c32,m33,n42, attendVote=true, lastRpcSendTime=843, lastRpcResponseTime=17)
2022-07-08 04:35:52,530 [s2@group-9AEA52B37957-LeaderStateImpl] INFO  server.RaftServer$Division (RaftServerImpl.java:setRole(300)) - s2@group-9AEA52B37957: changes role from    LEADER to FOLLOWER at term 1 for StepDownReason:LOST_MAJORITY_HEARTBEATS
2022-07-08 04:35:52,530 [s2@group-9AEA52B37957-LeaderStateImpl] INFO  impl.RoleInfo (RoleInfo.java:shutdownLeaderState(93)) - s2: shutdown s2@group-9AEA52B37957-LeaderStateImpl
2022-07-08 04:35:52,531 [s2@group-9AEA52B37957-LeaderStateImpl] INFO  impl.PendingRequests (PendingRequests.java:sendNotLeaderResponses(282)) - s2@group-9AEA52B37957-PendingRequests: sendNotLeaderResponses
2022-07-08 04:35:52,518 [s1@group-9AEA52B37957-FollowerState] WARN  impl.FollowerState (FollowerState.java:run(130)) - Unexpected long sleep: sleep 299ms but took extra 771311443ns (> threshold = 300ms)
2022-07-08 04:35:52,518 [s0@group-9AEA52B37957-FollowerState] WARN  impl.FollowerState (FollowerState.java:run(130)) - Unexpected long sleep: sleep 230ms but took extra 643982434ns (> threshold = 300ms)
2022-07-08 04:35:52,518 [org.apache.ratis.util.JvmPauseMonitor$$Lambda$274/210522051@20404a19] WARN  util.JvmPauseMonitor (JvmPauseMonitor.java:detectPause(124)) - JvmPauseMonitor-s0: Detected pause in JVM or host machine (eg GC): pause of approximately 590991239ns.
GC pool 'PS MarkSweep' had collection(s): count=1 time=621ms
GC pool 'PS Scavenge' had collection(s): count=1 time=134ms
2022-07-08 04:35:52,518 [s1-server-thread1] INFO  statemachine.StateMachine (DataStreamTestUtils.java:link(157)) - link SingleDataStream: writeRequest=RaftClientRequest:client-423FEAA990A8->s0@group-9AEA52B37957, cid=397, seq=0, DataStream, Message:<EMPTY>, logEntry=null
2022-07-08 04:35:52,532 [s2@group-9AEA52B37957->s0-GrpcLogAppender-LogAppenderDaemon] WARN  server.GrpcLogAppender (GrpcLogAppender.java:mayWait(172)) - s2@group-9AEA52B37957->s0-GrpcLogAppender: Wait interrupted by java.lang.InterruptedException
2022-07-08 04:35:52,518 [org.apache.ratis.util.JvmPauseMonitor$$Lambda$274/210522051@4d5677b5] WARN  util.JvmPauseMonitor (JvmPauseMonitor.java:detectPause(124)) - JvmPauseMonitor-s1: Detected pause in JVM or host machine (eg GC): pause of approximately 583788905ns.
GC pool 'PS MarkSweep' had collection(s): count=1 time=621ms
GC pool 'PS Scavenge' had collection(s): count=1 time=134ms
2022-07-08 04:35:52,534 [s2@group-9AEA52B37957->s1-GrpcLogAppender-LogAppenderDaemon] WARN  server.GrpcLogAppender (GrpcLogAppender.java:mayWait(172)) - s2@group-9AEA52B37957->s1-GrpcLogAppender: Wait interrupted by java.lang.InterruptedException
2022-07-08 04:35:52,542 [s2@group-9AEA52B37957-LeaderStateImpl] INFO  impl.RoleInfo (RoleInfo.java:updateAndGet(139)) - s2: start s2@group-9AEA52B37957-FollowerState
2022-07-08 04:35:52,536 [pool-9-thread-5] INFO  datastream.DataStreamTestUtils (DataStreamTestUtils.java:writeAndCloseAndAssertReplies(320)) - Stream400: bytesWritten=7364615
2022-07-08 04:35:52,562 [grpc-default-executor-1] INFO  server.GrpcServerProtocolService (GrpcServerProtocolService.java:onCompleted(140)) - s0: Completed APPEND_ENTRIES, lastRequest: s2->s0#217-t1,previous=(t:1, i:40),leaderCommit=33,initializing? true,entries: size=1, first=(t:1, i:41), METADATAENTRY(c:33)
2022-07-08 04:35:52,574 [grpc-default-executor-1] INFO  server.GrpcLogAppender (GrpcLogAppender.java:onCompleted(340)) - s2@group-9AEA52B37957->s0-AppendLogResponseHandler: follower responses appendEntries COMPLETED
2022-07-08 04:35:52,574 [grpc-default-executor-1] INFO  leader.FollowerInfo (FollowerInfoImpl.java:lambda$new$0(48)) - s2@group-9AEA52B37957->s0: nextIndex: updateUnconditionally 42 -> 41
2022-07-08 04:35:52,578 [s1-server-thread1] INFO  statemachine.StateMachine (DataStreamTestUtils.java:link(157)) - link SingleDataStream: writeRequest=RaftClientRequest:client-423FEAA990A8->s0@group-9AEA52B37957, cid=395, seq=0, DataStream, Message:<EMPTY>, logEntry=null
2022-07-08 04:35:52,578 [s1-server-thread1] INFO  statemachine.StateMachine (DataStreamTestUtils.java:link(157)) - link SingleDataStream: writeRequest=RaftClientRequest:client-423FEAA990A8->s0@group-9AEA52B37957, cid=398, seq=0, DataStream, Message:<EMPTY>, logEntry=null
2022-07-08 04:35:52,583 [s1-server-thread1] INFO  statemachine.StateMachine (DataStreamTestUtils.java:link(157)) - link SingleDataStream: writeRequest=RaftClientRequest:client-423FEAA990A8->s0@group-9AEA52B37957, cid=399, seq=0, DataStream, Message:<EMPTY>, logEntry=null
2022-07-08 04:35:52,595 [grpc-default-executor-2] INFO  server.GrpcServerProtocolService (GrpcServerProtocolService.java:onCompleted(140)) - s1: Completed APPEND_ENTRIES, lastRequest: s2->s1#225-t1,previous=(t:1, i:40),leaderCommit=33,initializing? true,entries: size=1, first=(t:1, i:41), METADATAENTRY(c:33)
2022-07-08 04:35:52,596 [grpc-default-executor-14] INFO  server.GrpcLogAppender (GrpcLogAppender.java:onCompleted(340)) - s2@group-9AEA52B37957->s1-AppendLogResponseHandler: follower responses appendEntries COMPLETED
2022-07-08 04:35:52,601 [grpc-default-executor-14] INFO  leader.FollowerInfo (FollowerInfoImpl.java:lambda$new$0(48)) - s2@group-9AEA52B37957->s1: nextIndex: updateUnconditionally 42 -> 40
2022-07-08 04:35:52,810 [s2@group-9AEA52B37957-FollowerState] INFO  impl.FollowerState (FollowerState.java:lostMajorityHeartbeatsRecently(108)) - s2@group-9AEA52B37957-FollowerState: Skipping leader election since it stepped down recently (elapsed = 267ms < waitTime = 10s)
2022-07-08 04:35:52,893 [s1@group-9AEA52B37957-FollowerState] INFO  impl.FollowerState (FollowerState.java:run(143)) - s1@group-9AEA52B37957-FollowerState: change to CANDIDATE, lastRpcElapsedTime:292037544ns, electionTimeout:207ms
2022-07-08 04:35:52,893 [s1@group-9AEA52B37957-FollowerState] INFO  impl.RoleInfo (RoleInfo.java:shutdownFollowerState(110)) - s1: shutdown s1@group-9AEA52B37957-FollowerState
2022-07-08 04:35:52,893 [s1@group-9AEA52B37957-FollowerState] INFO  server.RaftServer$Division (RaftServerImpl.java:setRole(300)) - s1@group-9AEA52B37957: changes role from  FOLLOWER to CANDIDATE at term 1 for changeToCandidate
2022-07-08 04:35:52,893 [s1@group-9AEA52B37957-FollowerState] INFO  server.RaftServerConfigKeys (ConfUtils.java:logGet(46)) - raft.server.leaderelection.pre-vote = true (default)
2022-07-08 04:35:52,893 [s1@group-9AEA52B37957-FollowerState] INFO  impl.RoleInfo (RoleInfo.java:updateAndGet(139)) - s1: start s1@group-9AEA52B37957-LeaderElection5
2022-07-08 04:35:52,907 [s0@group-9AEA52B37957-FollowerState] INFO  impl.FollowerState (FollowerState.java:run(143)) - s0@group-9AEA52B37957-FollowerState: change to CANDIDATE, lastRpcElapsedTime:360683861ns, electionTimeout:178ms
2022-07-08 04:35:52,907 [s0@group-9AEA52B37957-FollowerState] INFO  impl.RoleInfo (RoleInfo.java:shutdownFollowerState(110)) - s0: shutdown s0@group-9AEA52B37957-FollowerState
2022-07-08 04:35:52,908 [s0@group-9AEA52B37957-FollowerState] INFO  server.RaftServer$Division (RaftServerImpl.java:setRole(300)) - s0@group-9AEA52B37957: changes role from  FOLLOWER to CANDIDATE at term 1 for changeToCandidate
2022-07-08 04:35:52,932 [s0@group-9AEA52B37957-FollowerState] INFO  server.RaftServerConfigKeys (ConfUtils.java:logGet(46)) - raft.server.leaderelection.pre-vote = true (default)
2022-07-08 04:35:52,932 [s0@group-9AEA52B37957-FollowerState] INFO  impl.RoleInfo (RoleInfo.java:updateAndGet(139)) - s0: start s0@group-9AEA52B37957-LeaderElection6
2022-07-08 04:35:52,932 [s1@group-9AEA52B37957-LeaderElection5] INFO  server.RaftServer$Division (ServerState.java:setLeader(291)) - s1@group-9AEA52B37957: change Leader from s2 to null at term 1 for PRE_VOTE
2022-07-08 04:35:52,932 [s1@group-9AEA52B37957-LeaderElection5] INFO  impl.LeaderElection (LeaderElection.java:askForVotes(310)) - s1@group-9AEA52B37957-LeaderElection5 PRE_VOTE round 0: submit vote requests at term 1 for 0: [s0|rpc:localhost:45409|admin:localhost:39453|client:localhost:35593|dataStream:localhost:32779|priority:0, s1|rpc:localhost:43687|admin:localhost:37289|client:localhost:37969|dataStream:localhost:45289|priority:0, s2|rpc:localhost:35381|admin:localhost:44889|client:localhost:37093|dataStream:localhost:36223|priority:0], old=null
2022-07-08 04:35:52,934 [s0@group-9AEA52B37957-LeaderElection6] INFO  server.RaftServer$Division (ServerState.java:setLeader(291)) - s0@group-9AEA52B37957: change Leader from s2 to null at term 1 for PRE_VOTE
2022-07-08 04:35:52,934 [s0@group-9AEA52B37957-LeaderElection6] INFO  impl.LeaderElection (LeaderElection.java:askForVotes(310)) - s0@group-9AEA52B37957-LeaderElection6 PRE_VOTE round 0: submit vote requests at term 1 for 0: [s0|rpc:localhost:45409|admin:localhost:39453|client:localhost:35593|dataStream:localhost:32779|priority:0, s1|rpc:localhost:43687|admin:localhost:37289|client:localhost:37969|dataStream:localhost:45289|priority:0, s2|rpc:localhost:35381|admin:localhost:44889|client:localhost:37093|dataStream:localhost:36223|priority:0], old=null
2022-07-08 04:35:53,006 [grpc-default-executor-14] INFO  server.RaftServer$Division (RaftServerImpl.java:requestVote(1173)) - s0@group-9AEA52B37957: receive requestVote(PRE_VOTE, s1, group-9AEA52B37957, 1, (t:1, i:41))
2022-07-08 04:35:53,008 [grpc-default-executor-14] INFO  impl.VoteContext (VoteContext.java:log(48)) - s0@group-9AEA52B37957-CANDIDATE: accept PRE_VOTE from s1: our priority 0 <= candidate's priority 0
2022-07-08 04:35:53,009 [grpc-default-executor-14] INFO  server.RaftServer$Division (RaftServerImpl.java:requestVote(1205)) - s0@group-9AEA52B37957 replies to PRE_VOTE vote request: s1<-s0#0:OK-t1. Peer's state: s0@group-9AEA52B37957:t1, leader=null, voted=s2, raftlog=s0@group-9AEA52B37957-SegmentedRaftLog:OPENED:c33, conf=0: [s0|rpc:localhost:45409|admin:localhost:39453|client:localhost:35593|dataStream:localhost:32779|priority:0, s1|rpc:localhost:43687|admin:localhost:37289|client:localhost:37969|dataStream:localhost:45289|priority:0, s2|rpc:localhost:35381|admin:localhost:44889|client:localhost:37093|dataStream:localhost:36223|priority:0], old=null
2022-07-08 04:35:53,007 [grpc-default-executor-16] INFO  server.RaftServer$Division (RaftServerImpl.java:requestVote(1173)) - s2@group-9AEA52B37957: receive requestVote(PRE_VOTE, s0, group-9AEA52B37957, 1, (t:1, i:41))
2022-07-08 04:35:53,007 [grpc-default-executor-15] INFO  server.RaftServer$Division (RaftServerImpl.java:requestVote(1173)) - s2@group-9AEA52B37957: receive requestVote(PRE_VOTE, s1, group-9AEA52B37957, 1, (t:1, i:41))
2022-07-08 04:35:53,006 [grpc-default-executor-2] INFO  server.RaftServer$Division (RaftServerImpl.java:requestVote(1173)) - s1@group-9AEA52B37957: receive requestVote(PRE_VOTE, s0, group-9AEA52B37957, 1, (t:1, i:41))
2022-07-08 04:35:53,012 [grpc-default-executor-2] INFO  impl.VoteContext (VoteContext.java:log(48)) - s1@group-9AEA52B37957-CANDIDATE: accept PRE_VOTE from s0: our priority 0 <= candidate's priority 0
2022-07-08 04:35:53,012 [grpc-default-executor-2] INFO  server.RaftServer$Division (RaftServerImpl.java:requestVote(1205)) - s1@group-9AEA52B37957 replies to PRE_VOTE vote request: s0<-s1#0:OK-t1. Peer's state: s1@group-9AEA52B37957:t1, leader=null, voted=s2, raftlog=s1@group-9AEA52B37957-SegmentedRaftLog:OPENED:c33, conf=0: [s0|rpc:localhost:45409|admin:localhost:39453|client:localhost:35593|dataStream:localhost:32779|priority:0, s1|rpc:localhost:43687|admin:localhost:37289|client:localhost:37969|dataStream:localhost:45289|priority:0, s2|rpc:localhost:35381|admin:localhost:44889|client:localhost:37093|dataStream:localhost:36223|priority:0], old=null
2022-07-08 04:35:53,013 [s1@group-9AEA52B37957-LeaderElection5] INFO  impl.LeaderElection (LeaderElection.java:logAndReturn(90)) - s1@group-9AEA52B37957-LeaderElection5: PRE_VOTE PASSED received 1 response(s) and 0 exception(s):
2022-07-08 04:35:53,013 [s1@group-9AEA52B37957-LeaderElection5] INFO  impl.LeaderElection (LeaderElection.java:logAndReturn(94)) -   Response 0: s1<-s0#0:OK-t1
2022-07-08 04:35:53,013 [s1@group-9AEA52B37957-LeaderElection5] INFO  impl.LeaderElection (LeaderElection.java:askForVotes(312)) - s1@group-9AEA52B37957-LeaderElection5 PRE_VOTE round 0: result PASSED
2022-07-08 04:35:53,013 [grpc-default-executor-16] INFO  impl.VoteContext (VoteContext.java:log(48)) - s2@group-9AEA52B37957-FOLLOWER: accept PRE_VOTE from s0: our priority 0 <= candidate's priority 0
2022-07-08 04:35:53,019 [grpc-default-executor-16] INFO  server.RaftServer$Division (RaftServerImpl.java:requestVote(1205)) - s2@group-9AEA52B37957 replies to PRE_VOTE vote request: s0<-s2#0:OK-t1. Peer's state: s2@group-9AEA52B37957:t1, leader=s2, voted=s2, raftlog=s2@group-9AEA52B37957-SegmentedRaftLog:OPENED:c33, conf=0: [s0|rpc:localhost:45409|admin:localhost:39453|client:localhost:35593|dataStream:localhost:32779|priority:0, s1|rpc:localhost:43687|admin:localhost:37289|client:localhost:37969|dataStream:localhost:45289|priority:0, s2|rpc:localhost:35381|admin:localhost:44889|client:localhost:37093|dataStream:localhost:36223|priority:0], old=null
2022-07-08 04:35:53,019 [grpc-default-executor-15] INFO  impl.VoteContext (VoteContext.java:log(48)) - s2@group-9AEA52B37957-FOLLOWER: reject PRE_VOTE from s1: this server is a follower and still has a valid leader s2
2022-07-08 04:35:53,020 [grpc-default-executor-15] INFO  server.RaftServer$Division (RaftServerImpl.java:requestVote(1205)) - s2@group-9AEA52B37957 replies to PRE_VOTE vote request: s1<-s2#0:FAIL-t1. Peer's state: s2@group-9AEA52B37957:t1, leader=s2, voted=s2, raftlog=s2@group-9AEA52B37957-SegmentedRaftLog:OPENED:c33, conf=0: [s0|rpc:localhost:45409|admin:localhost:39453|client:localhost:35593|dataStream:localhost:32779|priority:0, s1|rpc:localhost:43687|admin:localhost:37289|client:localhost:37969|dataStream:localhost:45289|priority:0, s2|rpc:localhost:35381|admin:localhost:44889|client:localhost:37093|dataStream:localhost:36223|priority:0], old=null
2022-07-08 04:35:53,015 [s1@group-9AEA52B37957-LeaderElection5] INFO  impl.LeaderElection (LeaderElection.java:askForVotes(310)) - s1@group-9AEA52B37957-LeaderElection5 ELECTION round 0: submit vote requests at term 2 for 0: [s0|rpc:localhost:45409|admin:localhost:39453|client:localhost:35593|dataStream:localhost:32779|priority:0, s1|rpc:localhost:43687|admin:localhost:37289|client:localhost:37969|dataStream:localhost:45289|priority:0, s2|rpc:localhost:35381|admin:localhost:44889|client:localhost:37093|dataStream:localhost:36223|priority:0], old=null
2022-07-08 04:35:53,020 [s0@group-9AEA52B37957-LeaderElection6] INFO  impl.LeaderElection (LeaderElection.java:logAndReturn(90)) - s0@group-9AEA52B37957-LeaderElection6: PRE_VOTE PASSED received 1 response(s) and 0 exception(s):
2022-07-08 04:35:53,036 [s0@group-9AEA52B37957-LeaderElection6] INFO  impl.LeaderElection (LeaderElection.java:logAndReturn(94)) -   Response 0: s0<-s1#0:OK-t1
2022-07-08 04:35:53,036 [s0@group-9AEA52B37957-LeaderElection6] INFO  impl.LeaderElection (LeaderElection.java:askForVotes(312)) - s0@group-9AEA52B37957-LeaderElection6 PRE_VOTE round 0: result PASSED
2022-07-08 04:35:53,038 [grpc-default-executor-16] INFO  server.RaftServer$Division (RaftServerImpl.java:requestVote(1173)) - s0@group-9AEA52B37957: receive requestVote(ELECTION, s1, group-9AEA52B37957, 2, (t:1, i:41))
2022-07-08 04:35:53,050 [grpc-default-executor-16] INFO  impl.VoteContext (VoteContext.java:log(48)) - s0@group-9AEA52B37957-CANDIDATE: reject ELECTION from s1: already has voted for s0 at current term 2
2022-07-08 04:35:53,050 [grpc-default-executor-16] INFO  server.RaftServer$Division (RaftServerImpl.java:requestVote(1205)) - s0@group-9AEA52B37957 replies to ELECTION vote request: s1<-s0#0:FAIL-t2. Peer's state: s0@group-9AEA52B37957:t2, leader=null, voted=s0, raftlog=s0@group-9AEA52B37957-SegmentedRaftLog:OPENED:c33, conf=0: [s0|rpc:localhost:45409|admin:localhost:39453|client:localhost:35593|dataStream:localhost:32779|priority:0, s1|rpc:localhost:43687|admin:localhost:37289|client:localhost:37969|dataStream:localhost:45289|priority:0, s2|rpc:localhost:35381|admin:localhost:44889|client:localhost:37093|dataStream:localhost:36223|priority:0], old=null
2022-07-08 04:35:53,041 [s0@group-9AEA52B37957-LeaderElection6] INFO  impl.LeaderElection (LeaderElection.java:askForVotes(310)) - s0@group-9AEA52B37957-LeaderElection6 ELECTION round 0: submit vote requests at term 2 for 0: [s0|rpc:localhost:45409|admin:localhost:39453|client:localhost:35593|dataStream:localhost:32779|priority:0, s1|rpc:localhost:43687|admin:localhost:37289|client:localhost:37969|dataStream:localhost:45289|priority:0, s2|rpc:localhost:35381|admin:localhost:44889|client:localhost:37093|dataStream:localhost:36223|priority:0], old=null
2022-07-08 04:35:53,040 [grpc-default-executor-15] INFO  server.RaftServer$Division (RaftServerImpl.java:requestVote(1173)) - s2@group-9AEA52B37957: receive requestVote(ELECTION, s1, group-9AEA52B37957, 2, (t:1, i:41))
2022-07-08 04:35:53,059 [grpc-default-executor-15] INFO  impl.VoteContext (VoteContext.java:log(48)) - s2@group-9AEA52B37957-FOLLOWER: accept ELECTION from s1: our priority 0 <= candidate's priority 0
2022-07-08 04:35:53,059 [grpc-default-executor-15] INFO  server.RaftServer$Division (ServerState.java:setLeader(291)) - s2@group-9AEA52B37957: change Leader from s2 to null at term 2 for updateCurrentTerm
2022-07-08 04:35:53,060 [grpc-default-executor-15] INFO  server.RaftServer$Division (RaftServerImpl.java:setRole(300)) - s2@group-9AEA52B37957: changes role from  FOLLOWER to FOLLOWER at term 2 for candidate:s1
2022-07-08 04:35:53,060 [grpc-default-executor-15] INFO  impl.RoleInfo (RoleInfo.java:shutdownFollowerState(110)) - s2: shutdown s2@group-9AEA52B37957-FollowerState
2022-07-08 04:35:53,060 [grpc-default-executor-15] INFO  impl.RoleInfo (RoleInfo.java:updateAndGet(139)) - s2: start s2@group-9AEA52B37957-FollowerState
2022-07-08 04:35:53,060 [s2@group-9AEA52B37957-FollowerState] INFO  impl.FollowerState (FollowerState.java:run(152)) - s2@group-9AEA52B37957-FollowerState was interrupted
2022-07-08 04:35:53,065 [grpc-default-executor-15] INFO  server.RaftServer$Division (RaftServerImpl.java:requestVote(1205)) - s2@group-9AEA52B37957 replies to ELECTION vote request: s1<-s2#0:OK-t2. Peer's state: s2@group-9AEA52B37957:t2, leader=null, voted=s1, raftlog=s2@group-9AEA52B37957-SegmentedRaftLog:OPENED:c33, conf=0: [s0|rpc:localhost:45409|admin:localhost:39453|client:localhost:35593|dataStream:localhost:32779|priority:0, s1|rpc:localhost:43687|admin:localhost:37289|client:localhost:37969|dataStream:localhost:45289|priority:0, s2|rpc:localhost:35381|admin:localhost:44889|client:localhost:37093|dataStream:localhost:36223|priority:0], old=null
2022-07-08 04:35:53,069 [s1@group-9AEA52B37957-LeaderElection5] INFO  impl.LeaderElection (LeaderElection.java:logAndReturn(90)) - s1@group-9AEA52B37957-LeaderElection5: ELECTION PASSED received 2 response(s) and 0 exception(s):
2022-07-08 04:35:53,069 [s1@group-9AEA52B37957-LeaderElection5] INFO  impl.LeaderElection (LeaderElection.java:logAndReturn(94)) -   Response 0: s1<-s0#0:FAIL-t2
2022-07-08 04:35:53,070 [s1@group-9AEA52B37957-LeaderElection5] INFO  impl.LeaderElection (LeaderElection.java:logAndReturn(94)) -   Response 1: s1<-s2#0:OK-t2
2022-07-08 04:35:53,070 [grpc-default-executor-16] INFO  server.RaftServer$Division (RaftServerImpl.java:requestVote(1173)) - s1@group-9AEA52B37957: receive requestVote(ELECTION, s0, group-9AEA52B37957, 2, (t:1, i:41))
2022-07-08 04:35:53,071 [grpc-default-executor-16] INFO  impl.VoteContext (VoteContext.java:log(48)) - s1@group-9AEA52B37957-CANDIDATE: reject ELECTION from s0: already has voted for s1 at current term 2
2022-07-08 04:35:53,070 [s1@group-9AEA52B37957-LeaderElection5] INFO  impl.LeaderElection (LeaderElection.java:askForVotes(312)) - s1@group-9AEA52B37957-LeaderElection5 ELECTION round 0: result PASSED
2022-07-08 04:35:53,071 [grpc-default-executor-16] INFO  server.RaftServer$Division (RaftServerImpl.java:requestVote(1205)) - s1@group-9AEA52B37957 replies to ELECTION vote request: s0<-s1#0:FAIL-t2. Peer's state: s1@group-9AEA52B37957:t2, leader=null, voted=s1, raftlog=s1@group-9AEA52B37957-SegmentedRaftLog:OPENED:c33, conf=0: [s0|rpc:localhost:45409|admin:localhost:39453|client:localhost:35593|dataStream:localhost:32779|priority:0, s1|rpc:localhost:43687|admin:localhost:37289|client:localhost:37969|dataStream:localhost:45289|priority:0, s2|rpc:localhost:35381|admin:localhost:44889|client:localhost:37093|dataStream:localhost:36223|priority:0], old=null
2022-07-08 04:35:53,072 [s1@group-9AEA52B37957-LeaderElection5] INFO  impl.RoleInfo (RoleInfo.java:shutdownLeaderElection(130)) - s1: shutdown s1@group-9AEA52B37957-LeaderElection5
2022-07-08 04:35:53,073 [s1@group-9AEA52B37957-LeaderElection5] INFO  server.RaftServer$Division (RaftServerImpl.java:setRole(300)) - s1@group-9AEA52B37957: changes role from CANDIDATE to LEADER at term 2 for changeToLeader
2022-07-08 04:35:53,073 [s1@group-9AEA52B37957-LeaderElection5] INFO  server.RaftServer$Division (ServerState.java:setLeader(291)) - s1@group-9AEA52B37957: change Leader from null to s1 at term 2 for becomeLeader, leader elected after 140ms
2022-07-08 04:35:53,073 [s1@group-9AEA52B37957-LeaderElection5] INFO  server.RaftServerConfigKeys (ConfUtils.java:logGet(46)) - raft.server.staging.catchup.gap = 1000 (default)
2022-07-08 04:35:53,073 [s1@group-9AEA52B37957-LeaderElection5] INFO  server.RaftServerConfigKeys (ConfUtils.java:logGet(46)) - raft.server.write.element-limit = 4096 (default)
2022-07-08 04:35:53,073 [s1@group-9AEA52B37957-LeaderElection5] INFO  server.RaftServerConfigKeys (ConfUtils.java:logGet(46)) - raft.server.write.byte-limit = 64MB (=67108864) (default)
2022-07-08 04:35:53,073 [s1@group-9AEA52B37957-LeaderElection5] INFO  server.RaftServerConfigKeys (ConfUtils.java:logGet(46)) - raft.server.watch.timeout = 10s (default)
2022-07-08 04:35:53,073 [s1@group-9AEA52B37957-LeaderElection5] INFO  server.RaftServerConfigKeys (ConfUtils.java:logGet(46)) - raft.server.watch.timeout.denomination = 1s (default)
2022-07-08 04:35:53,073 [s1@group-9AEA52B37957-LeaderElection5] INFO  server.RaftServerConfigKeys (ConfUtils.java:logGet(46)) - raft.server.watch.element-limit = 65536 (default)
2022-07-08 04:35:53,074 [s1@group-9AEA52B37957-LeaderElection5] INFO  server.RaftServerConfigKeys (ConfUtils.java:logGet(46)) - raft.server.write.element-limit = 4096 (default)
2022-07-08 04:35:53,074 [s1@group-9AEA52B37957-LeaderElection5] INFO  server.RaftServerConfigKeys (ConfUtils.java:logGet(46)) - raft.server.write.follower.gap.ratio.max = -1.0 (default)
2022-07-08 04:35:53,074 [s1@group-9AEA52B37957-LeaderElection5] INFO  server.RaftServerConfigKeys (ConfUtils.java:logGet(46)) - raft.server.log.appender.snapshot.chunk.size.max = 16MB (=16777216) (default)
2022-07-08 04:35:53,075 [s1@group-9AEA52B37957-LeaderElection5] INFO  server.RaftServerConfigKeys (ConfUtils.java:logGet(46)) - raft.server.log.appender.buffer.byte-limit = 4MB (=4194304) (default)
2022-07-08 04:35:53,075 [s1@group-9AEA52B37957-LeaderElection5] INFO  server.RaftServerConfigKeys (ConfUtils.java:logGet(46)) - raft.server.log.appender.buffer.element-limit = 0 (default)
2022-07-08 04:35:53,075 [s1@group-9AEA52B37957-LeaderElection5] INFO  grpc.GrpcConfigKeys (ConfUtils.java:logGet(46)) - raft.grpc.server.leader.outstanding.appends.max = 128 (default)
2022-07-08 04:35:53,075 [s1@group-9AEA52B37957-LeaderElection5] INFO  server.RaftServerConfigKeys (ConfUtils.java:logGet(46)) - raft.server.rpc.request.timeout = 3000ms (default)
2022-07-08 04:35:53,076 [s1@group-9AEA52B37957-LeaderElection5] INFO  server.RaftServerConfigKeys (ConfUtils.java:logGet(46)) - raft.server.log.appender.install.snapshot.enabled = true (default)
2022-07-08 04:35:53,076 [s1@group-9AEA52B37957-LeaderElection5] INFO  server.RaftServerConfigKeys (ConfUtils.java:logGet(46)) - raft.server.log.appender.snapshot.chunk.size.max = 16MB (=16777216) (default)
2022-07-08 04:35:53,076 [s1@group-9AEA52B37957-LeaderElection5] INFO  server.RaftServerConfigKeys (ConfUtils.java:logGet(46)) - raft.server.log.appender.buffer.byte-limit = 4MB (=4194304) (default)
2022-07-08 04:35:53,076 [s1@group-9AEA52B37957-LeaderElection5] INFO  server.RaftServerConfigKeys (ConfUtils.java:logGet(46)) - raft.server.log.appender.buffer.element-limit = 0 (default)
2022-07-08 04:35:53,077 [s1@group-9AEA52B37957-LeaderElection5] INFO  grpc.GrpcConfigKeys (ConfUtils.java:logGet(46)) - raft.grpc.server.leader.outstanding.appends.max = 128 (default)
2022-07-08 04:35:53,077 [s1@group-9AEA52B37957-LeaderElection5] INFO  server.RaftServerConfigKeys (ConfUtils.java:logGet(46)) - raft.server.rpc.request.timeout = 3000ms (default)
2022-07-08 04:35:53,077 [s1@group-9AEA52B37957-LeaderElection5] INFO  server.RaftServerConfigKeys (ConfUtils.java:logGet(46)) - raft.server.log.appender.install.snapshot.enabled = true (default)
2022-07-08 04:35:53,077 [s1@group-9AEA52B37957-LeaderElection5] INFO  impl.RoleInfo (RoleInfo.java:updateAndGet(139)) - s1: start s1@group-9AEA52B37957-LeaderStateImpl
2022-07-08 04:35:53,096 [grpc-default-executor-16] INFO  server.RaftServer$Division (RaftServerImpl.java:requestVote(1173)) - s2@group-9AEA52B37957: receive requestVote(ELECTION, s0, group-9AEA52B37957, 2, (t:1, i:41))
2022-07-08 04:35:53,098 [grpc-default-executor-16] INFO  impl.VoteContext (VoteContext.java:log(48)) - s2@group-9AEA52B37957-FOLLOWER: reject ELECTION from s0: already has voted for s1 at current term 2
2022-07-08 04:35:53,098 [grpc-default-executor-16] INFO  server.RaftServer$Division (RaftServerImpl.java:requestVote(1205)) - s2@group-9AEA52B37957 replies to ELECTION vote request: s0<-s2#0:FAIL-t2. Peer's state: s2@group-9AEA52B37957:t2, leader=null, voted=s1, raftlog=s2@group-9AEA52B37957-SegmentedRaftLog:OPENED:c33, conf=0: [s0|rpc:localhost:45409|admin:localhost:39453|client:localhost:35593|dataStream:localhost:32779|priority:0, s1|rpc:localhost:43687|admin:localhost:37289|client:localhost:37969|dataStream:localhost:45289|priority:0, s2|rpc:localhost:35381|admin:localhost:44889|client:localhost:37093|dataStream:localhost:36223|priority:0], old=null
2022-07-08 04:35:53,099 [s1@group-9AEA52B37957-LeaderElection5] INFO  segmented.SegmentedRaftLogWorker (SegmentedRaftLogWorker.java:rollLogSegment(430)) - s1@group-9AEA52B37957-SegmentedRaftLogWorker: Rolling segment log-0_41 to index:41
2022-07-08 04:35:53,118 [s1@group-9AEA52B37957-SegmentedRaftLogWorker] TRACE util.FileUtils (LogUtils.java:runAndLog(49)) - Successfully ran Files.move /home/runner/work/ratis/ratis/ratis-test/target/test/data/d6e910be/MiniRaftClusterWithRpcTypeGrpcAndDataStreamTypeNettyd1ac3dcf/s1/906c665f-be0b-402a-85dc-9aea52b37957/current/log_inprogress_0 to /home/runner/work/ratis/ratis/ratis-test/target/test/data/d6e910be/MiniRaftClusterWithRpcTypeGrpcAndDataStreamTypeNettyd1ac3dcf/s1/906c665f-be0b-402a-85dc-9aea52b37957/current/log_0-41
2022-07-08 04:35:53,122 [s1@group-9AEA52B37957-SegmentedRaftLogWorker] INFO  segmented.SegmentedRaftLogWorker (SegmentedRaftLogWorker.java:execute(586)) - s1@group-9AEA52B37957-SegmentedRaftLogWorker: Rolled log segment from /home/runner/work/ratis/ratis/ratis-test/target/test/data/d6e910be/MiniRaftClusterWithRpcTypeGrpcAndDataStreamTypeNettyd1ac3dcf/s1/906c665f-be0b-402a-85dc-9aea52b37957/current/log_inprogress_0 to /home/runner/work/ratis/ratis/ratis-test/target/test/data/d6e910be/MiniRaftClusterWithRpcTypeGrpcAndDataStreamTypeNettyd1ac3dcf/s1/906c665f-be0b-402a-85dc-9aea52b37957/current/log_0-41
2022-07-08 04:35:53,127 [s0@group-9AEA52B37957-LeaderElection6] INFO  impl.LeaderElection (LeaderElection.java:logAndReturn(90)) - s0@group-9AEA52B37957-LeaderElection6: ELECTION REJECTED received 2 response(s) and 0 exception(s):
2022-07-08 04:35:53,152 [s0@group-9AEA52B37957-LeaderElection6] INFO  impl.LeaderElection (LeaderElection.java:logAndReturn(94)) -   Response 0: s0<-s1#0:FAIL-t2
2022-07-08 04:35:53,152 [s0@group-9AEA52B37957-LeaderElection6] INFO  impl.LeaderElection (LeaderElection.java:logAndReturn(94)) -   Response 1: s0<-s2#0:FAIL-t2
2022-07-08 04:35:53,152 [s0@group-9AEA52B37957-LeaderElection6] INFO  impl.LeaderElection (LeaderElection.java:askForVotes(312)) - s0@group-9AEA52B37957-LeaderElection6 ELECTION round 0: result REJECTED
2022-07-08 04:35:53,148 [s1@group-9AEA52B37957-LeaderElection5] INFO  server.RaftServer$Division (ServerState.java:setRaftConf(397)) - s1@group-9AEA52B37957: set configuration 42: [s0|rpc:localhost:45409|admin:localhost:39453|client:localhost:35593|dataStream:localhost:32779|priority:0, s1|rpc:localhost:43687|admin:localhost:37289|client:localhost:37969|dataStream:localhost:45289|priority:0, s2|rpc:localhost:35381|admin:localhost:44889|client:localhost:37093|dataStream:localhost:36223|priority:0], old=null
2022-07-08 04:35:53,145 [s1@group-9AEA52B37957-SegmentedRaftLogWorker] INFO  segmented.SegmentedRaftLogWorker (SegmentedRaftLogWorker.java:execute(629)) - s1@group-9AEA52B37957-SegmentedRaftLogWorker: created new log segment /home/runner/work/ratis/ratis/ratis-test/target/test/data/d6e910be/MiniRaftClusterWithRpcTypeGrpcAndDataStreamTypeNettyd1ac3dcf/s1/906c665f-be0b-402a-85dc-9aea52b37957/current/log_inprogress_42
2022-07-08 04:35:53,144 [s0-server-thread1] INFO  server.RaftServer$Division (RaftServerImpl.java:setRole(300)) - s0@group-9AEA52B37957: changes role from CANDIDATE to FOLLOWER at term 2 for appendEntries
2022-07-08 04:35:53,166 [s0-server-thread1] INFO  impl.RoleInfo (RoleInfo.java:shutdownLeaderElection(130)) - s0: shutdown s0@group-9AEA52B37957-LeaderElection6
2022-07-08 04:35:53,167 [s0-server-thread1] INFO  impl.RoleInfo (RoleInfo.java:updateAndGet(139)) - s0: start s0@group-9AEA52B37957-FollowerState
2022-07-08 04:35:53,165 [s2-server-thread1] INFO  server.RaftServer$Division (ServerState.java:setLeader(291)) - s2@group-9AEA52B37957: change Leader from null to s1 at term 2 for appendEntries, leader elected after 105ms
2022-07-08 04:35:53,169 [s0-server-thread1] INFO  server.RaftServer$Division (ServerState.java:setLeader(291)) - s0@group-9AEA52B37957: change Leader from null to s1 at term 2 for appendEntries, leader elected after 234ms
2022-07-08 04:35:53,172 [s0-server-thread1] INFO  server.RaftServer$Division (ServerState.java:setRaftConf(397)) - s0@group-9AEA52B37957: set configuration 42: [s0|rpc:localhost:45409|admin:localhost:39453|client:localhost:35593|dataStream:localhost:32779|priority:0, s1|rpc:localhost:43687|admin:localhost:37289|client:localhost:37969|dataStream:localhost:45289|priority:0, s2|rpc:localhost:35381|admin:localhost:44889|client:localhost:37093|dataStream:localhost:36223|priority:0], old=null
2022-07-08 04:35:53,172 [s0-server-thread1] INFO  segmented.SegmentedRaftLogWorker (SegmentedRaftLogWorker.java:rollLogSegment(430)) - s0@group-9AEA52B37957-SegmentedRaftLogWorker: Rolling segment log-0_41 to index:41
2022-07-08 04:35:53,174 [s0@group-9AEA52B37957-SegmentedRaftLogWorker] TRACE util.FileUtils (LogUtils.java:runAndLog(49)) - Successfully ran Files.move /home/runner/work/ratis/ratis/ratis-test/target/test/data/d6e910be/MiniRaftClusterWithRpcTypeGrpcAndDataStreamTypeNettyd1ac3dcf/s0/906c665f-be0b-402a-85dc-9aea52b37957/current/log_inprogress_0 to /home/runner/work/ratis/ratis/ratis-test/target/test/data/d6e910be/MiniRaftClusterWithRpcTypeGrpcAndDataStreamTypeNettyd1ac3dcf/s0/906c665f-be0b-402a-85dc-9aea52b37957/current/log_0-41
2022-07-08 04:35:53,174 [s0@group-9AEA52B37957-SegmentedRaftLogWorker] INFO  segmented.SegmentedRaftLogWorker (SegmentedRaftLogWorker.java:execute(586)) - s0@group-9AEA52B37957-SegmentedRaftLogWorker: Rolled log segment from /home/runner/work/ratis/ratis/ratis-test/target/test/data/d6e910be/MiniRaftClusterWithRpcTypeGrpcAndDataStreamTypeNettyd1ac3dcf/s0/906c665f-be0b-402a-85dc-9aea52b37957/current/log_inprogress_0 to /home/runner/work/ratis/ratis/ratis-test/target/test/data/d6e910be/MiniRaftClusterWithRpcTypeGrpcAndDataStreamTypeNettyd1ac3dcf/s0/906c665f-be0b-402a-85dc-9aea52b37957/current/log_0-41
2022-07-08 04:35:53,201 [s2-server-thread1] INFO  server.RaftServer$Division (ServerState.java:setRaftConf(397)) - s2@group-9AEA52B37957: set configuration 42: [s0|rpc:localhost:45409|admin:localhost:39453|client:localhost:35593|dataStream:localhost:32779|priority:0, s1|rpc:localhost:43687|admin:localhost:37289|client:localhost:37969|dataStream:localhost:45289|priority:0, s2|rpc:localhost:35381|admin:localhost:44889|client:localhost:37093|dataStream:localhost:36223|priority:0], old=null
2022-07-08 04:35:53,207 [s2-server-thread1] INFO  segmented.SegmentedRaftLogWorker (SegmentedRaftLogWorker.java:rollLogSegment(430)) - s2@group-9AEA52B37957-SegmentedRaftLogWorker: Rolling segment log-0_41 to index:41
2022-07-08 04:35:53,208 [s2@group-9AEA52B37957-SegmentedRaftLogWorker] TRACE util.FileUtils (LogUtils.java:runAndLog(49)) - Successfully ran Files.move /home/runner/work/ratis/ratis/ratis-test/target/test/data/d6e910be/MiniRaftClusterWithRpcTypeGrpcAndDataStreamTypeNettyd1ac3dcf/s2/906c665f-be0b-402a-85dc-9aea52b37957/current/log_inprogress_0 to /home/runner/work/ratis/ratis/ratis-test/target/test/data/d6e910be/MiniRaftClusterWithRpcTypeGrpcAndDataStreamTypeNettyd1ac3dcf/s2/906c665f-be0b-402a-85dc-9aea52b37957/current/log_0-41
2022-07-08 04:35:53,209 [s2@group-9AEA52B37957-SegmentedRaftLogWorker] INFO  segmented.SegmentedRaftLogWorker (SegmentedRaftLogWorker.java:execute(586)) - s2@group-9AEA52B37957-SegmentedRaftLogWorker: Rolled log segment from /home/runner/work/ratis/ratis/ratis-test/target/test/data/d6e910be/MiniRaftClusterWithRpcTypeGrpcAndDataStreamTypeNettyd1ac3dcf/s2/906c665f-be0b-402a-85dc-9aea52b37957/current/log_inprogress_0 to /home/runner/work/ratis/ratis/ratis-test/target/test/data/d6e910be/MiniRaftClusterWithRpcTypeGrpcAndDataStreamTypeNettyd1ac3dcf/s2/906c665f-be0b-402a-85dc-9aea52b37957/current/log_0-41
2022-07-08 04:35:53,214 [s0@group-9AEA52B37957-SegmentedRaftLogWorker] INFO  segmented.SegmentedRaftLogWorker (SegmentedRaftLogWorker.java:execute(629)) - s0@group-9AEA52B37957-SegmentedRaftLogWorker: created new log segment /home/runner/work/ratis/ratis/ratis-test/target/test/data/d6e910be/MiniRaftClusterWithRpcTypeGrpcAndDataStreamTypeNettyd1ac3dcf/s0/906c665f-be0b-402a-85dc-9aea52b37957/current/log_inprogress_42
2022-07-08 04:35:53,222 [s2@group-9AEA52B37957-SegmentedRaftLogWorker] INFO  segmented.SegmentedRaftLogWorker (SegmentedRaftLogWorker.java:execute(629)) - s2@group-9AEA52B37957-SegmentedRaftLogWorker: created new log segment /home/runner/work/ratis/ratis/ratis-test/target/test/data/d6e910be/MiniRaftClusterWithRpcTypeGrpcAndDataStreamTypeNettyd1ac3dcf/s2/906c665f-be0b-402a-85dc-9aea52b37957/current/log_inprogress_42
2022-07-08 04:35:53,420 [s1-client-thread1] INFO  statemachine.StateMachine (DataStreamTestUtils.java:link(157)) - link null
2022-07-08 04:35:53,508 [s2@group-9AEA52B37957-FollowerState] INFO  impl.FollowerState (FollowerState.java:run(143)) - s2@group-9AEA52B37957-FollowerState: change to CANDIDATE, lastRpcElapsedTime:161810541ns, electionTimeout:156ms
2022-07-08 04:35:53,508 [s2@group-9AEA52B37957-FollowerState] INFO  impl.RoleInfo (RoleInfo.java:shutdownFollowerState(110)) - s2: shutdown s2@group-9AEA52B37957-FollowerState
2022-07-08 04:35:53,509 [s2@group-9AEA52B37957-FollowerState] INFO  server.RaftServer$Division (RaftServerImpl.java:setRole(300)) - s2@group-9AEA52B37957: changes role from  FOLLOWER to CANDIDATE at term 2 for changeToCandidate
2022-07-08 04:35:53,509 [s2@group-9AEA52B37957-FollowerState] INFO  server.RaftServerConfigKeys (ConfUtils.java:logGet(46)) - raft.server.leaderelection.pre-vote = true (default)
2022-07-08 04:35:53,509 [s2@group-9AEA52B37957-FollowerState] INFO  impl.RoleInfo (RoleInfo.java:updateAndGet(139)) - s2: start s2@group-9AEA52B37957-LeaderElection7
2022-07-08 04:35:53,518 [s2@group-9AEA52B37957-LeaderElection7] INFO  server.RaftServer$Division (ServerState.java:setLeader(291)) - s2@group-9AEA52B37957: change Leader from s1 to null at term 2 for PRE_VOTE
2022-07-08 04:35:53,518 [s2@group-9AEA52B37957-LeaderElection7] INFO  impl.LeaderElection (LeaderElection.java:askForVotes(310)) - s2@group-9AEA52B37957-LeaderElection7 PRE_VOTE round 0: submit vote requests at term 2 for 42: [s0|rpc:localhost:45409|admin:localhost:39453|client:localhost:35593|dataStream:localhost:32779|priority:0, s1|rpc:localhost:43687|admin:localhost:37289|client:localhost:37969|dataStream:localhost:45289|priority:0, s2|rpc:localhost:35381|admin:localhost:44889|client:localhost:37093|dataStream:localhost:36223|priority:0], old=null
2022-07-08 04:35:53,574 [grpc-default-executor-15] INFO  server.RaftServer$Division (RaftServerImpl.java:requestVote(1173)) - s0@group-9AEA52B37957: receive requestVote(PRE_VOTE, s2, group-9AEA52B37957, 2, (t:2, i:43))
2022-07-08 04:35:53,574 [grpc-default-executor-15] INFO  impl.VoteContext (VoteContext.java:log(48)) - s0@group-9AEA52B37957-FOLLOWER: accept PRE_VOTE from s2: our priority 0 <= candidate's priority 0
2022-07-08 04:35:53,575 [grpc-default-executor-15] INFO  server.RaftServer$Division (RaftServerImpl.java:requestVote(1205)) - s0@group-9AEA52B37957 replies to PRE_VOTE vote request: s2<-s0#0:OK-t2. Peer's state: s0@group-9AEA52B37957:t2, leader=s1, voted=s0, raftlog=s0@group-9AEA52B37957-SegmentedRaftLog:OPENED:c43, conf=42: [s0|rpc:localhost:45409|admin:localhost:39453|client:localhost:35593|dataStream:localhost:32779|priority:0, s1|rpc:localhost:43687|admin:localhost:37289|client:localhost:37969|dataStream:localhost:45289|priority:0, s2|rpc:localhost:35381|admin:localhost:44889|client:localhost:37093|dataStream:localhost:36223|priority:0], old=null
2022-07-08 04:35:53,589 [s2@group-9AEA52B37957-LeaderElection7] INFO  impl.LeaderElection (LeaderElection.java:logAndReturn(90)) - s2@group-9AEA52B37957-LeaderElection7: PRE_VOTE PASSED received 1 response(s) and 0 exception(s):
2022-07-08 04:35:53,592 [s2@group-9AEA52B37957-LeaderElection7] INFO  impl.LeaderElection (LeaderElection.java:logAndReturn(94)) -   Response 0: s2<-s0#0:OK-t2
2022-07-08 04:35:53,592 [s2@group-9AEA52B37957-LeaderElection7] INFO  impl.LeaderElection (LeaderElection.java:askForVotes(312)) - s2@group-9AEA52B37957-LeaderElection7 PRE_VOTE round 0: result PASSED
2022-07-08 04:35:53,598 [s2@group-9AEA52B37957-LeaderElection7] INFO  impl.LeaderElection (LeaderElection.java:askForVotes(310)) - s2@group-9AEA52B37957-LeaderElection7 ELECTION round 0: submit vote requests at term 3 for 42: [s0|rpc:localhost:45409|admin:localhost:39453|client:localhost:35593|dataStream:localhost:32779|priority:0, s1|rpc:localhost:43687|admin:localhost:37289|client:localhost:37969|dataStream:localhost:45289|priority:0, s2|rpc:localhost:35381|admin:localhost:44889|client:localhost:37093|dataStream:localhost:36223|priority:0], old=null
2022-07-08 04:35:53,611 [grpc-default-executor-11] INFO  server.RaftServer$Division (RaftServerImpl.java:requestVote(1173)) - s0@group-9AEA52B37957: receive requestVote(ELECTION, s2, group-9AEA52B37957, 3, (t:2, i:43))
2022-07-08 04:35:53,614 [grpc-default-executor-11] INFO  impl.VoteContext (VoteContext.java:log(48)) - s0@group-9AEA52B37957-FOLLOWER: accept ELECTION from s2: our priority 0 <= candidate's priority 0
2022-07-08 04:35:53,614 [grpc-default-executor-11] INFO  server.RaftServer$Division (ServerState.java:setLeader(291)) - s0@group-9AEA52B37957: change Leader from s1 to null at term 3 for updateCurrentTerm
2022-07-08 04:35:53,614 [grpc-default-executor-11] INFO  server.RaftServer$Division (RaftServerImpl.java:setRole(300)) - s0@group-9AEA52B37957: changes role from  FOLLOWER to FOLLOWER at term 3 for candidate:s2
2022-07-08 04:35:53,614 [grpc-default-executor-11] INFO  impl.RoleInfo (RoleInfo.java:shutdownFollowerState(110)) - s0: shutdown s0@group-9AEA52B37957-FollowerState
2022-07-08 04:35:53,611 [grpc-default-executor-16] INFO  server.RaftServer$Division (RaftServerImpl.java:requestVote(1173)) - s1@group-9AEA52B37957: receive requestVote(ELECTION, s2, group-9AEA52B37957, 3, (t:2, i:43))
2022-07-08 04:35:53,611 [grpc-default-executor-15] INFO  server.RaftServer$Division (RaftServerImpl.java:requestVote(1173)) - s1@group-9AEA52B37957: receive requestVote(PRE_VOTE, s2, group-9AEA52B37957, 2, (t:2, i:43))
2022-07-08 04:35:53,615 [grpc-default-executor-11] INFO  impl.RoleInfo (RoleInfo.java:updateAndGet(139)) - s0: start s0@group-9AEA52B37957-FollowerState
2022-07-08 04:35:53,619 [grpc-default-executor-11] INFO  server.RaftServer$Division (RaftServerImpl.java:requestVote(1205)) - s0@group-9AEA52B37957 replies to ELECTION vote request: s2<-s0#0:OK-t3. Peer's state: s0@group-9AEA52B37957:t3, leader=null, voted=s2, raftlog=s0@group-9AEA52B37957-SegmentedRaftLog:OPENED:c43, conf=42: [s0|rpc:localhost:45409|admin:localhost:39453|client:localhost:35593|dataStream:localhost:32779|priority:0, s1|rpc:localhost:43687|admin:localhost:37289|client:localhost:37969|dataStream:localhost:45289|priority:0, s2|rpc:localhost:35381|admin:localhost:44889|client:localhost:37093|dataStream:localhost:36223|priority:0], old=null
2022-07-08 04:35:53,619 [s0@group-9AEA52B37957-FollowerState] INFO  impl.FollowerState (FollowerState.java:run(152)) - s0@group-9AEA52B37957-FollowerState was interrupted
2022-07-08 04:35:53,621 [s2@group-9AEA52B37957-LeaderElection7] INFO  impl.LeaderElection (LeaderElection.java:logAndReturn(90)) - s2@group-9AEA52B37957-LeaderElection7: ELECTION PASSED received 1 response(s) and 0 exception(s):
2022-07-08 04:35:53,622 [s2@group-9AEA52B37957-LeaderElection7] INFO  impl.LeaderElection (LeaderElection.java:logAndReturn(94)) -   Response 0: s2<-s0#0:OK-t3
2022-07-08 04:35:53,622 [s2@group-9AEA52B37957-LeaderElection7] INFO  impl.LeaderElection (LeaderElection.java:askForVotes(312)) - s2@group-9AEA52B37957-LeaderElection7 ELECTION round 0: result PASSED
2022-07-08 04:35:53,622 [s2@group-9AEA52B37957-LeaderElection7] INFO  impl.RoleInfo (RoleInfo.java:shutdownLeaderElection(130)) - s2: shutdown s2@group-9AEA52B37957-LeaderElection7
2022-07-08 04:35:53,622 [s2@group-9AEA52B37957-LeaderElection7] INFO  server.RaftServer$Division (RaftServerImpl.java:setRole(300)) - s2@group-9AEA52B37957: changes role from CANDIDATE to LEADER at term 3 for changeToLeader
2022-07-08 04:35:53,622 [s2@group-9AEA52B37957-LeaderElection7] INFO  server.RaftServer$Division (ServerState.java:setLeader(291)) - s2@group-9AEA52B37957: change Leader from null to s2 at term 3 for becomeLeader, leader elected after 104ms
2022-07-08 04:35:53,622 [s2@group-9AEA52B37957-LeaderElection7] INFO  server.RaftServerConfigKeys (ConfUtils.java:logGet(46)) - raft.server.staging.catchup.gap = 1000 (default)
2022-07-08 04:35:53,623 [s2@group-9AEA52B37957-LeaderElection7] INFO  server.RaftServerConfigKeys (ConfUtils.java:logGet(46)) - raft.server.write.element-limit = 4096 (default)
2022-07-08 04:35:53,623 [s2@group-9AEA52B37957-LeaderElection7] INFO  server.RaftServerConfigKeys (ConfUtils.java:logGet(46)) - raft.server.write.byte-limit = 64MB (=67108864) (default)
2022-07-08 04:35:53,624 [s2@group-9AEA52B37957-LeaderElection7] INFO  server.RaftServerConfigKeys (ConfUtils.java:logGet(46)) - raft.server.watch.timeout = 10s (default)
2022-07-08 04:35:53,624 [s2@group-9AEA52B37957-LeaderElection7] INFO  server.RaftServerConfigKeys (ConfUtils.java:logGet(46)) - raft.server.watch.timeout.denomination = 1s (default)
2022-07-08 04:35:53,624 [s2@group-9AEA52B37957-LeaderElection7] INFO  server.RaftServerConfigKeys (ConfUtils.java:logGet(46)) - raft.server.watch.element-limit = 65536 (default)
2022-07-08 04:35:53,624 [s2@group-9AEA52B37957-LeaderElection7] INFO  server.RaftServerConfigKeys (ConfUtils.java:logGet(46)) - raft.server.write.element-limit = 4096 (default)
2022-07-08 04:35:53,624 [s2@group-9AEA52B37957-LeaderElection7] INFO  server.RaftServerConfigKeys (ConfUtils.java:logGet(46)) - raft.server.write.follower.gap.ratio.max = -1.0 (default)
2022-07-08 04:35:53,624 [s2@group-9AEA52B37957-LeaderElection7] INFO  server.RaftServerConfigKeys (ConfUtils.java:logGet(46)) - raft.server.log.appender.snapshot.chunk.size.max = 16MB (=16777216) (default)
2022-07-08 04:35:53,624 [s2@group-9AEA52B37957-LeaderElection7] INFO  server.RaftServerConfigKeys (ConfUtils.java:logGet(46)) - raft.server.log.appender.buffer.byte-limit = 4MB (=4194304) (default)
2022-07-08 04:35:53,625 [s2@group-9AEA52B37957-LeaderElection7] INFO  server.RaftServerConfigKeys (ConfUtils.java:logGet(46)) - raft.server.log.appender.buffer.element-limit = 0 (default)
2022-07-08 04:35:53,625 [s2@group-9AEA52B37957-LeaderElection7] INFO  grpc.GrpcConfigKeys (ConfUtils.java:logGet(46)) - raft.grpc.server.leader.outstanding.appends.max = 128 (default)
2022-07-08 04:35:53,625 [s2@group-9AEA52B37957-LeaderElection7] INFO  server.RaftServerConfigKeys (ConfUtils.java:logGet(46)) - raft.server.rpc.request.timeout = 3000ms (default)
2022-07-08 04:35:53,625 [s2@group-9AEA52B37957-LeaderElection7] INFO  server.RaftServerConfigKeys (ConfUtils.java:logGet(46)) - raft.server.log.appender.install.snapshot.enabled = true (default)
2022-07-08 04:35:53,625 [s2@group-9AEA52B37957-LeaderElection7] INFO  server.RaftServerConfigKeys (ConfUtils.java:logGet(46)) - raft.server.log.appender.snapshot.chunk.size.max = 16MB (=16777216) (default)
2022-07-08 04:35:53,631 [s2@group-9AEA52B37957-LeaderElection7] INFO  server.RaftServerConfigKeys (ConfUtils.java:logGet(46)) - raft.server.log.appender.buffer.byte-limit = 4MB (=4194304) (default)
2022-07-08 04:35:53,631 [s2@group-9AEA52B37957-LeaderElection7] INFO  server.RaftServerConfigKeys (ConfUtils.java:logGet(46)) - raft.server.log.appender.buffer.element-limit = 0 (default)
2022-07-08 04:35:53,631 [s2@group-9AEA52B37957-LeaderElection7] INFO  grpc.GrpcConfigKeys (ConfUtils.java:logGet(46)) - raft.grpc.server.leader.outstanding.appends.max = 128 (default)
2022-07-08 04:35:53,631 [s2@group-9AEA52B37957-LeaderElection7] INFO  server.RaftServerConfigKeys (ConfUtils.java:logGet(46)) - raft.server.rpc.request.timeout = 3000ms (default)
2022-07-08 04:35:53,631 [s2@group-9AEA52B37957-LeaderElection7] INFO  server.RaftServerConfigKeys (ConfUtils.java:logGet(46)) - raft.server.log.appender.install.snapshot.enabled = true (default)
2022-07-08 04:35:53,631 [s2@group-9AEA52B37957-LeaderElection7] INFO  impl.RoleInfo (RoleInfo.java:updateAndGet(139)) - s2: start s2@group-9AEA52B37957-LeaderStateImpl
2022-07-08 04:35:53,631 [s2@group-9AEA52B37957-LeaderElection7] INFO  segmented.SegmentedRaftLogWorker (SegmentedRaftLogWorker.java:rollLogSegment(430)) - s2@group-9AEA52B37957-SegmentedRaftLogWorker: Rolling segment log-42_43 to index:43
2022-07-08 04:35:53,633 [s2@group-9AEA52B37957-SegmentedRaftLogWorker] TRACE util.FileUtils (LogUtils.java:runAndLog(49)) - Successfully ran Files.move /home/runner/work/ratis/ratis/ratis-test/target/test/data/d6e910be/MiniRaftClusterWithRpcTypeGrpcAndDataStreamTypeNettyd1ac3dcf/s2/906c665f-be0b-402a-85dc-9aea52b37957/current/log_inprogress_42 to /home/runner/work/ratis/ratis/ratis-test/target/test/data/d6e910be/MiniRaftClusterWithRpcTypeGrpcAndDataStreamTypeNettyd1ac3dcf/s2/906c665f-be0b-402a-85dc-9aea52b37957/current/log_42-43
2022-07-08 04:35:53,633 [s2@group-9AEA52B37957-SegmentedRaftLogWorker] INFO  segmented.SegmentedRaftLogWorker (SegmentedRaftLogWorker.java:execute(586)) - s2@group-9AEA52B37957-SegmentedRaftLogWorker: Rolled log segment from /home/runner/work/ratis/ratis/ratis-test/target/test/data/d6e910be/MiniRaftClusterWithRpcTypeGrpcAndDataStreamTypeNettyd1ac3dcf/s2/906c665f-be0b-402a-85dc-9aea52b37957/current/log_inprogress_42 to /home/runner/work/ratis/ratis/ratis-test/target/test/data/d6e910be/MiniRaftClusterWithRpcTypeGrpcAndDataStreamTypeNettyd1ac3dcf/s2/906c665f-be0b-402a-85dc-9aea52b37957/current/log_42-43
2022-07-08 04:35:53,640 [s0-server-thread1] INFO  server.RaftServer$Division (ServerState.java:setLeader(291)) - s0@group-9AEA52B37957: change Leader from null to s2 at term 3 for appendEntries, leader elected after 26ms
2022-07-08 04:35:53,641 [s2@group-9AEA52B37957-LeaderElection7] INFO  server.RaftServer$Division (ServerState.java:setRaftConf(397)) - s2@group-9AEA52B37957: set configuration 44: [s0|rpc:localhost:45409|admin:localhost:39453|client:localhost:35593|dataStream:localhost:32779|priority:0, s1|rpc:localhost:43687|admin:localhost:37289|client:localhost:37969|dataStream:localhost:45289|priority:0, s2|rpc:localhost:35381|admin:localhost:44889|client:localhost:37093|dataStream:localhost:36223|priority:0], old=null
2022-07-08 04:35:53,651 [s2@group-9AEA52B37957-SegmentedRaftLogWorker] INFO  segmented.SegmentedRaftLogWorker (SegmentedRaftLogWorker.java:execute(629)) - s2@group-9AEA52B37957-SegmentedRaftLogWorker: created new log segment /home/runner/work/ratis/ratis/ratis-test/target/test/data/d6e910be/MiniRaftClusterWithRpcTypeGrpcAndDataStreamTypeNettyd1ac3dcf/s2/906c665f-be0b-402a-85dc-9aea52b37957/current/log_inprogress_44
2022-07-08 04:35:53,651 [s0-server-thread1] INFO  server.RaftServer$Division (ServerState.java:setRaftConf(397)) - s0@group-9AEA52B37957: set configuration 44: [s0|rpc:localhost:45409|admin:localhost:39453|client:localhost:35593|dataStream:localhost:32779|priority:0, s1|rpc:localhost:43687|admin:localhost:37289|client:localhost:37969|dataStream:localhost:45289|priority:0, s2|rpc:localhost:35381|admin:localhost:44889|client:localhost:37093|dataStream:localhost:36223|priority:0], old=null
2022-07-08 04:35:53,651 [s0-server-thread1] INFO  segmented.SegmentedRaftLogWorker (SegmentedRaftLogWorker.java:rollLogSegment(430)) - s0@group-9AEA52B37957-SegmentedRaftLogWorker: Rolling segment log-42_43 to index:43
2022-07-08 04:35:53,653 [s0@group-9AEA52B37957-SegmentedRaftLogWorker] TRACE util.FileUtils (LogUtils.java:runAndLog(49)) - Successfully ran Files.move /home/runner/work/ratis/ratis/ratis-test/target/test/data/d6e910be/MiniRaftClusterWithRpcTypeGrpcAndDataStreamTypeNettyd1ac3dcf/s0/906c665f-be0b-402a-85dc-9aea52b37957/current/log_inprogress_42 to /home/runner/work/ratis/ratis/ratis-test/target/test/data/d6e910be/MiniRaftClusterWithRpcTypeGrpcAndDataStreamTypeNettyd1ac3dcf/s0/906c665f-be0b-402a-85dc-9aea52b37957/current/log_42-43
2022-07-08 04:35:53,653 [s0@group-9AEA52B37957-SegmentedRaftLogWorker] INFO  segmented.SegmentedRaftLogWorker (SegmentedRaftLogWorker.java:execute(586)) - s0@group-9AEA52B37957-SegmentedRaftLogWorker: Rolled log segment from /home/runner/work/ratis/ratis/ratis-test/target/test/data/d6e910be/MiniRaftClusterWithRpcTypeGrpcAndDataStreamTypeNettyd1ac3dcf/s0/906c665f-be0b-402a-85dc-9aea52b37957/current/log_inprogress_42 to /home/runner/work/ratis/ratis/ratis-test/target/test/data/d6e910be/MiniRaftClusterWithRpcTypeGrpcAndDataStreamTypeNettyd1ac3dcf/s0/906c665f-be0b-402a-85dc-9aea52b37957/current/log_42-43
2022-07-08 04:35:53,698 [s0@group-9AEA52B37957-SegmentedRaftLogWorker] INFO  segmented.SegmentedRaftLogWorker (SegmentedRaftLogWorker.java:execute(629)) - s0@group-9AEA52B37957-SegmentedRaftLogWorker: created new log segment /home/runner/work/ratis/ratis/ratis-test/target/test/data/d6e910be/MiniRaftClusterWithRpcTypeGrpcAndDataStreamTypeNettyd1ac3dcf/s0/906c665f-be0b-402a-85dc-9aea52b37957/current/log_inprogress_44
2022-07-08 04:35:53,724 [s1-server-thread1] INFO  server.RaftServer$Division (ServerState.java:setLeader(291)) - s1@group-9AEA52B37957: change Leader from s1 to null at term 3 for updateCurrentTerm
2022-07-08 04:35:53,731 [s1-server-thread1] INFO  server.RaftServer$Division (RaftServerImpl.java:setRole(300)) - s1@group-9AEA52B37957: changes role from    LEADER to FOLLOWER at term 3 for appendEntries
2022-07-08 04:35:53,732 [s1-server-thread1] INFO  impl.RoleInfo (RoleInfo.java:shutdownLeaderState(93)) - s1: shutdown s1@group-9AEA52B37957-LeaderStateImpl
2022-07-08 04:35:53,732 [s1-server-thread1] INFO  impl.PendingRequests (PendingRequests.java:sendNotLeaderResponses(282)) - s1@group-9AEA52B37957-PendingRequests: sendNotLeaderResponses
2022-07-08 04:35:53,732 [s1@group-9AEA52B37957->s0-GrpcLogAppender-LogAppenderDaemon] WARN  server.GrpcLogAppender (GrpcLogAppender.java:mayWait(172)) - s1@group-9AEA52B37957->s0-GrpcLogAppender: Wait interrupted by java.lang.InterruptedException
2022-07-08 04:35:53,732 [s1@group-9AEA52B37957->s2-GrpcLogAppender-LogAppenderDaemon] WARN  server.GrpcLogAppender (GrpcLogAppender.java:mayWait(172)) - s1@group-9AEA52B37957->s2-GrpcLogAppender: Wait interrupted by java.lang.InterruptedException
2022-07-08 04:35:53,741 [s1-server-thread1] INFO  impl.RoleInfo (RoleInfo.java:updateAndGet(139)) - s1: start s1@group-9AEA52B37957-FollowerState
2022-07-08 04:35:53,742 [grpc-default-executor-2] INFO  server.GrpcServerProtocolService (GrpcServerProtocolService.java:onCompleted(140)) - s2: Completed APPEND_ENTRIES, lastRequest: s1->s2#18-t2,previous=(t:2, i:43),leaderCommit=43,initializing? true,entries: size=1, first=(t:2, i:44), STATEMACHINELOGENTRY, 396@client-423FEAA990A8
2022-07-08 04:35:53,742 [grpc-default-executor-12] INFO  server.GrpcServerProtocolService (GrpcServerProtocolService.java:onCompleted(140)) - s0: Completed APPEND_ENTRIES, lastRequest: s1->s0#16-t2,previous=(t:2, i:43),leaderCommit=43,initializing? true,entries: size=1, first=(t:2, i:44), STATEMACHINELOGENTRY, 396@client-423FEAA990A8
2022-07-08 04:35:53,746 [s1-server-thread1] INFO  server.RaftServer$Division (ServerState.java:setLeader(291)) - s1@group-9AEA52B37957: change Leader from null to s2 at term 3 for appendEntries, leader elected after 21ms
2022-07-08 04:35:53,746 [grpc-default-executor-15] INFO  impl.VoteContext (VoteContext.java:log(48)) - s1@group-9AEA52B37957-FOLLOWER: reject PRE_VOTE from s2: this server is a follower and still has a valid leader s2
2022-07-08 04:35:53,746 [grpc-default-executor-15] INFO  server.RaftServer$Division (RaftServerImpl.java:requestVote(1205)) - s1@group-9AEA52B37957 replies to PRE_VOTE vote request: s2<-s1#0:FAIL-t3. Peer's state: s1@group-9AEA52B37957:t3, leader=s2, voted=null, raftlog=s1@group-9AEA52B37957-SegmentedRaftLog:OPENED:c43, conf=42: [s0|rpc:localhost:45409|admin:localhost:39453|client:localhost:35593|dataStream:localhost:32779|priority:0, s1|rpc:localhost:43687|admin:localhost:37289|client:localhost:37969|dataStream:localhost:45289|priority:0, s2|rpc:localhost:35381|admin:localhost:44889|client:localhost:37093|dataStream:localhost:36223|priority:0], old=null
2022-07-08 04:35:53,747 [grpc-default-executor-16] INFO  impl.VoteContext (VoteContext.java:log(48)) - s1@group-9AEA52B37957-FOLLOWER: reject ELECTION from s2: this server is a follower and still has a valid leader s2
2022-07-08 04:35:53,747 [grpc-default-executor-16] INFO  server.RaftServer$Division (RaftServerImpl.java:requestVote(1205)) - s1@group-9AEA52B37957 replies to ELECTION vote request: s2<-s1#0:FAIL-t3. Peer's state: s1@group-9AEA52B37957:t3, leader=s2, voted=null, raftlog=s1@group-9AEA52B37957-SegmentedRaftLog:OPENED:c43, conf=42: [s0|rpc:localhost:45409|admin:localhost:39453|client:localhost:35593|dataStream:localhost:32779|priority:0, s1|rpc:localhost:43687|admin:localhost:37289|client:localhost:37969|dataStream:localhost:45289|priority:0, s2|rpc:localhost:35381|admin:localhost:44889|client:localhost:37093|dataStream:localhost:36223|priority:0], old=null
2022-07-08 04:35:53,755 [grpc-default-executor-13] INFO  server.GrpcLogAppender (GrpcLogAppender.java:onCompleted(340)) - s1@group-9AEA52B37957->s2-AppendLogResponseHandler: follower responses appendEntries COMPLETED
2022-07-08 04:35:53,767 [grpc-default-executor-13] INFO  leader.FollowerInfo (FollowerInfoImpl.java:lambda$new$0(48)) - s1@group-9AEA52B37957->s2: nextIndex: updateUnconditionally 45 -> 44
2022-07-08 04:35:53,759 [s1-server-thread1] INFO  server.RaftServer$Division (ServerState.java:setRaftConf(397)) - s1@group-9AEA52B37957: set configuration 44: [s0|rpc:localhost:45409|admin:localhost:39453|client:localhost:35593|dataStream:localhost:32779|priority:0, s1|rpc:localhost:43687|admin:localhost:37289|client:localhost:37969|dataStream:localhost:45289|priority:0, s2|rpc:localhost:35381|admin:localhost:44889|client:localhost:37093|dataStream:localhost:36223|priority:0], old=null
2022-07-08 04:35:53,755 [grpc-default-executor-1] INFO  server.GrpcLogAppender (GrpcLogAppender.java:onCompleted(340)) - s1@group-9AEA52B37957->s0-AppendLogResponseHandler: follower responses appendEntries COMPLETED
2022-07-08 04:35:53,768 [grpc-default-executor-1] INFO  leader.FollowerInfo (FollowerInfoImpl.java:lambda$new$0(48)) - s1@group-9AEA52B37957->s0: nextIndex: updateUnconditionally 45 -> 44
2022-07-08 04:35:53,770 [s1-server-thread1] INFO  segmented.SegmentedRaftLogWorker (SegmentedRaftLogWorker.java:truncate(441)) - s1@group-9AEA52B37957-SegmentedRaftLogWorker: Truncating segments toTruncate: (42, 44) isOpen? true, length=256, newEndIndex=43
  toDelete: [], start index 44
2022-07-08 04:35:53,772 [s1-server-thread1] INFO  segmented.SegmentedRaftLogWorker (SegmentedRaftLogWorker.java:startLogSegment(425)) - s1@group-9AEA52B37957-SegmentedRaftLogWorker: Starting segment from index:44
2022-07-08 04:35:56,180 [pool-9-thread-13] INFO  datastream.DataStreamTestUtils (DataStreamTestUtils.java:writeAndCloseAndAssertReplies(320)) - Stream402: bytesWritten=3747955
2022-07-08 04:35:56,217 [s2-client-thread4] INFO  statemachine.StateMachine (DataStreamTestUtils.java:link(157)) - link SingleDataStream: writeRequest=RaftClientRequest:client-C41AADB69D18->s2@group-9AEA52B37957, cid=402, seq=0, DataStream, Message:<EMPTY>, logEntry=null
2022-07-08 04:35:56,218 [s1-server-thread1] INFO  statemachine.StateMachine (DataStreamTestUtils.java:link(157)) - link SingleDataStream: writeRequest=RaftClientRequest:client-C41AADB69D18->s2@group-9AEA52B37957, cid=402, seq=0, DataStream, Message:<EMPTY>, logEntry=null
2022-07-08 04:35:56,219 [s0-server-thread1] INFO  statemachine.StateMachine (DataStreamTestUtils.java:link(157)) - link SingleDataStream: writeRequest=RaftClientRequest:client-C41AADB69D18->s2@group-9AEA52B37957, cid=402, seq=0, DataStream, Message:<EMPTY>, logEntry=null
2022-07-08 04:35:56,223 [pool-9-thread-13] INFO  datastream.DataStreamTestUtils (DataStreamTestUtils.java:writeAndCloseAndAssertReplies(311)) - start Stream403
2022-07-08 04:35:56,683 [java.util.concurrent.ThreadPoolExecutor$Worker@52cce557[State = -1, empty queue]] WARN  server.GrpcLogAppender (GrpcLogAppender.java:timeoutAppendRequest(240)) - s2@group-9AEA52B37957->s1-GrpcLogAppender:  appendEntries Timeout, request=AppendEntriesRequest:cid=1,entriesCount=1,lastEntry=(t:3, i:44)
2022-07-08 04:35:56,761 [java.util.concurrent.ThreadPoolExecutor$Worker@52cce557[State = -1, empty queue]] WARN  server.GrpcLogAppender (GrpcLogAppender.java:timeoutAppendRequest(240)) - s2@group-9AEA52B37957->s1-GrpcLogAppender:  appendEntries Timeout, request=AppendEntriesRequest:cid=6,entriesCount=1,lastEntry=(t:3, i:45)
2022-07-08 04:35:58,456 [Timer-2] INFO  impl.MiniRaftCluster (MiniRaftCluster.java:lambda$null$6(323)) - TIMED-PRINT: printing ALL groups
  s0:  RUNNING  FOLLOWER s0@group-9AEA52B37957:t3, leader=s2, voted=s2, raftlog=s0@group-9AEA52B37957-SegmentedRaftLog:OPENED:c47, conf=44: [s0|rpc:localhost:45409|admin:localhost:39453|client:localhost:35593|dataStream:localhost:32779|priority:0, s1|rpc:localhost:43687|admin:localhost:37289|client:localhost:37969|dataStream:localhost:45289|priority:0, s2|rpc:localhost:35381|admin:localhost:44889|client:localhost:37093|dataStream:localhost:36223|priority:0], old=null RUNNING
  s1:  RUNNING  FOLLOWER s1@group-9AEA52B37957:t3, leader=s2, voted=null, raftlog=s1@group-9AEA52B37957-SegmentedRaftLog:OPENED:c43, conf=44: [s0|rpc:localhost:45409|admin:localhost:39453|client:localhost:35593|dataStream:localhost:32779|priority:0, s1|rpc:localhost:43687|admin:localhost:37289|client:localhost:37969|dataStream:localhost:45289|priority:0, s2|rpc:localhost:35381|admin:localhost:44889|client:localhost:37093|dataStream:localhost:36223|priority:0], old=null RUNNING
  s2:  RUNNING    LEADER s2@group-9AEA52B37957:t3, leader=s2, voted=s2, raftlog=s2@group-9AEA52B37957-SegmentedRaftLog:OPENED:c47, conf=44: [s0|rpc:localhost:45409|admin:localhost:39453|client:localhost:35593|dataStream:localhost:32779|priority:0, s1|rpc:localhost:43687|admin:localhost:37289|client:localhost:37969|dataStream:localhost:45289|priority:0, s2|rpc:localhost:35381|admin:localhost:44889|client:localhost:37093|dataStream:localhost:36223|priority:0], old=null RUNNING
2022-07-08 04:35:58,646 [pool-9-thread-13] INFO  datastream.DataStreamTestUtils (DataStreamTestUtils.java:writeAndCloseAndAssertReplies(320)) - Stream403: bytesWritten=3761723
2022-07-08 04:35:58,648 [s2-client-thread4] INFO  statemachine.StateMachine (DataStreamTestUtils.java:link(157)) - link SingleDataStream: writeRequest=RaftClientRequest:client-C41AADB69D18->s2@group-9AEA52B37957, cid=403, seq=0, DataStream, Message:<EMPTY>, logEntry=null
2022-07-08 04:35:58,655 [s0-server-thread1] INFO  statemachine.StateMachine (DataStreamTestUtils.java:link(157)) - link SingleDataStream: writeRequest=RaftClientRequest:client-C41AADB69D18->s2@group-9AEA52B37957, cid=403, seq=0, DataStream, Message:<EMPTY>, logEntry=null
2022-07-08 04:35:58,655 [s1-server-thread1] INFO  statemachine.StateMachine (DataStreamTestUtils.java:link(157)) - link SingleDataStream: writeRequest=RaftClientRequest:client-C41AADB69D18->s2@group-9AEA52B37957, cid=403, seq=0, DataStream, Message:<EMPTY>, logEntry=null
2022-07-08 04:35:58,658 [pool-9-thread-13] INFO  datastream.DataStreamTestUtils (DataStreamTestUtils.java:writeAndCloseAndAssertReplies(311)) - start Stream404
2022-07-08 04:35:59,218 [java.util.concurrent.ThreadPoolExecutor$Worker@16210c53[State = -1, empty queue]] WARN  server.GrpcLogAppender (GrpcLogAppender.java:timeoutAppendRequest(240)) - s2@group-9AEA52B37957->s1-GrpcLogAppender:  appendEntries Timeout, request=AppendEntriesRequest:cid=273,entriesCount=1,lastEntry=(t:3, i:46)
2022-07-08 04:35:59,222 [java.util.concurrent.ThreadPoolExecutor$Worker@16210c53[State = -1, empty queue]] WARN  server.GrpcLogAppender (GrpcLogAppender.java:timeoutAppendRequest(240)) - s2@group-9AEA52B37957->s1-GrpcLogAppender:  appendEntries Timeout, request=AppendEntriesRequest:cid=274,entriesCount=1,lastEntry=(t:3, i:47)
2022-07-08 04:35:59,909 [java.util.concurrent.ThreadPoolExecutor$Worker@4c1dbfd[State = -1, empty queue]] WARN  grpc.GrpcUtil (GrpcUtil.java:shutdownManagedChannel(216)) - Timed out gracefully shutting down connection: ManagedChannelOrphanWrapper{delegate=ManagedChannelImpl{logId=391, target=localhost:37093}}. 
2022-07-08 04:36:01,039 [pool-9-thread-13] INFO  datastream.DataStreamTestUtils (DataStreamTestUtils.java:writeAndCloseAndAssertReplies(320)) - Stream404: bytesWritten=3745381
2022-07-08 04:36:01,041 [s2-client-thread4] INFO  statemachine.StateMachine (DataStreamTestUtils.java:link(157)) - link SingleDataStream: writeRequest=RaftClientRequest:client-C41AADB69D18->s2@group-9AEA52B37957, cid=404, seq=0, DataStream, Message:<EMPTY>, logEntry=null
2022-07-08 04:36:01,042 [s0-server-thread1] INFO  statemachine.StateMachine (DataStreamTestUtils.java:link(157)) - link SingleDataStream: writeRequest=RaftClientRequest:client-C41AADB69D18->s2@group-9AEA52B37957, cid=404, seq=0, DataStream, Message:<EMPTY>, logEntry=null
2022-07-08 04:36:01,043 [s1-server-thread1] INFO  statemachine.StateMachine (DataStreamTestUtils.java:link(157)) - link SingleDataStream: writeRequest=RaftClientRequest:client-C41AADB69D18->s2@group-9AEA52B37957, cid=404, seq=0, DataStream, Message:<EMPTY>, logEntry=null
2022-07-08 04:36:01,048 [pool-9-thread-13] INFO  datastream.DataStreamTestUtils (DataStreamTestUtils.java:writeAndCloseAndAssertReplies(311)) - start Stream405
2022-07-08 04:36:01,648 [java.util.concurrent.ThreadPoolExecutor$Worker@16210c53[State = -1, empty queue]] WARN  server.GrpcLogAppender (GrpcLogAppender.java:timeoutAppendRequest(240)) - s2@group-9AEA52B37957->s1-GrpcLogAppender:  appendEntries Timeout, request=AppendEntriesRequest:cid=548,entriesCount=1,lastEntry=(t:3, i:48)
2022-07-08 04:36:01,657 [java.util.concurrent.ThreadPoolExecutor$Worker@16210c53[State = -1, empty queue]] WARN  server.GrpcLogAppender (GrpcLogAppender.java:timeoutAppendRequest(240)) - s2@group-9AEA52B37957->s1-GrpcLogAppender:  appendEntries Timeout, request=AppendEntriesRequest:cid=549,entriesCount=1,lastEntry=(t:3, i:49)
2022-07-08 04:36:03,311 [pool-9-thread-13] INFO  datastream.DataStreamTestUtils (DataStreamTestUtils.java:writeAndCloseAndAssertReplies(320)) - Stream405: bytesWritten=3754066
2022-07-08 04:36:03,313 [s2-client-thread4] INFO  statemachine.StateMachine (DataStreamTestUtils.java:link(157)) - link SingleDataStream: writeRequest=RaftClientRequest:client-C41AADB69D18->s2@group-9AEA52B37957, cid=405, seq=0, DataStream, Message:<EMPTY>, logEntry=null
2022-07-08 04:36:03,314 [s0-server-thread1] INFO  statemachine.StateMachine (DataStreamTestUtils.java:link(157)) - link SingleDataStream: writeRequest=RaftClientRequest:client-C41AADB69D18->s2@group-9AEA52B37957, cid=405, seq=0, DataStream, Message:<EMPTY>, logEntry=null
2022-07-08 04:36:03,314 [s1-server-thread1] INFO  statemachine.StateMachine (DataStreamTestUtils.java:link(157)) - link SingleDataStream: writeRequest=RaftClientRequest:client-C41AADB69D18->s2@group-9AEA52B37957, cid=405, seq=0, DataStream, Message:<EMPTY>, logEntry=null
2022-07-08 04:36:03,319 [pool-9-thread-13] INFO  datastream.DataStreamTestUtils (DataStreamTestUtils.java:writeAndCloseAndAssertReplies(311)) - start Stream406
2022-07-08 04:36:05,583 [pool-9-thread-13] INFO  datastream.DataStreamTestUtils (DataStreamTestUtils.java:writeAndCloseAndAssertReplies(320)) - Stream406: bytesWritten=3736975
2022-07-08 04:36:05,585 [s2-client-thread4] INFO  statemachine.StateMachine (DataStreamTestUtils.java:link(157)) - link SingleDataStream: writeRequest=RaftClientRequest:client-C41AADB69D18->s2@group-9AEA52B37957, cid=406, seq=0, DataStream, Message:<EMPTY>, logEntry=null
2022-07-08 04:36:05,586 [s0-server-thread1] INFO  statemachine.StateMachine (DataStreamTestUtils.java:link(157)) - link SingleDataStream: writeRequest=RaftClientRequest:client-C41AADB69D18->s2@group-9AEA52B37957, cid=406, seq=0, DataStream, Message:<EMPTY>, logEntry=null
2022-07-08 04:36:05,586 [s1-server-thread1] INFO  statemachine.StateMachine (DataStreamTestUtils.java:link(157)) - link SingleDataStream: writeRequest=RaftClientRequest:client-C41AADB69D18->s2@group-9AEA52B37957, cid=406, seq=0, DataStream, Message:<EMPTY>, logEntry=null
2022-07-08 04:36:05,589 [pool-9-thread-13] INFO  datastream.DataStreamTestUtils (DataStreamTestUtils.java:writeAndCloseAndAssertReplies(311)) - start Stream407
2022-07-08 04:36:06,104 [java.util.concurrent.ThreadPoolExecutor$Worker@b72a85c[State = -1, empty queue]] WARN  grpc.GrpcUtil (GrpcUtil.java:shutdownManagedChannel(216)) - Timed out gracefully shutting down connection: ManagedChannelOrphanWrapper{delegate=ManagedChannelImpl{logId=419, target=localhost:37093}}. 
2022-07-08 04:36:06,134 [java.util.concurrent.ThreadPoolExecutor$Worker@b72a85c[State = -1, empty queue]] WARN  server.GrpcLogAppender (GrpcLogAppender.java:timeoutAppendRequest(240)) - s2@group-9AEA52B37957->s1-GrpcLogAppender:  appendEntries Timeout, request=AppendEntriesRequest:cid=804,entriesCount=1,lastEntry=(t:3, i:50)
2022-07-08 04:36:06,138 [java.util.concurrent.ThreadPoolExecutor$Worker@b72a85c[State = -1, empty queue]] WARN  server.GrpcLogAppender (GrpcLogAppender.java:timeoutAppendRequest(240)) - s2@group-9AEA52B37957->s1-GrpcLogAppender:  appendEntries Timeout, request=AppendEntriesRequest:cid=805,entriesCount=1,lastEntry=(t:3, i:51)
2022-07-08 04:36:06,319 [java.util.concurrent.ThreadPoolExecutor$Worker@b72a85c[State = -1, empty queue]] WARN  server.GrpcLogAppender (GrpcLogAppender.java:timeoutAppendRequest(240)) - s2@group-9AEA52B37957->s1-GrpcLogAppender:  appendEntries Timeout, request=AppendEntriesRequest:cid=1051,entriesCount=1,lastEntry=(t:3, i:52)
2022-07-08 04:36:06,319 [java.util.concurrent.ThreadPoolExecutor$Worker@b72a85c[State = -1, empty queue]] WARN  server.GrpcLogAppender (GrpcLogAppender.java:timeoutAppendRequest(240)) - s2@group-9AEA52B37957->s1-GrpcLogAppender:  appendEntries Timeout, request=AppendEntriesRequest:cid=1052,entriesCount=1,lastEntry=(t:3, i:53)
2022-07-08 04:36:08,022 [pool-9-thread-13] INFO  datastream.DataStreamTestUtils (DataStreamTestUtils.java:writeAndCloseAndAssertReplies(320)) - Stream407: bytesWritten=3757045
2022-07-08 04:36:08,024 [s2-client-thread4] INFO  statemachine.StateMachine (DataStreamTestUtils.java:link(157)) - link SingleDataStream: writeRequest=RaftClientRequest:client-C41AADB69D18->s2@group-9AEA52B37957, cid=407, seq=0, DataStream, Message:<EMPTY>, logEntry=null
2022-07-08 04:36:08,025 [s0-server-thread1] INFO  statemachine.StateMachine (DataStreamTestUtils.java:link(157)) - link SingleDataStream: writeRequest=RaftClientRequest:client-C41AADB69D18->s2@group-9AEA52B37957, cid=407, seq=0, DataStream, Message:<EMPTY>, logEntry=null
2022-07-08 04:36:08,025 [s1-server-thread1] INFO  statemachine.StateMachine (DataStreamTestUtils.java:link(157)) - link SingleDataStream: writeRequest=RaftClientRequest:client-C41AADB69D18->s2@group-9AEA52B37957, cid=407, seq=0, DataStream, Message:<EMPTY>, logEntry=null
2022-07-08 04:36:08,030 [pool-9-thread-13] INFO  datastream.DataStreamTestUtils (DataStreamTestUtils.java:writeAndCloseAndAssertReplies(311)) - start Stream408
2022-07-08 04:36:08,524 [Timer-2] INFO  impl.MiniRaftCluster (MiniRaftCluster.java:lambda$null$6(323)) - TIMED-PRINT: printing ALL groups
  s0:  RUNNING  FOLLOWER s0@group-9AEA52B37957:t3, leader=s2, voted=s2, raftlog=s0@group-9AEA52B37957-SegmentedRaftLog:OPENED:c57, conf=44: [s0|rpc:localhost:45409|admin:localhost:39453|client:localhost:35593|dataStream:localhost:32779|priority:0, s1|rpc:localhost:43687|admin:localhost:37289|client:localhost:37969|dataStream:localhost:45289|priority:0, s2|rpc:localhost:35381|admin:localhost:44889|client:localhost:37093|dataStream:localhost:36223|priority:0], old=null RUNNING
  s1:  RUNNING  FOLLOWER s1@group-9AEA52B37957:t3, leader=s2, voted=null, raftlog=s1@group-9AEA52B37957-SegmentedRaftLog:OPENED:c43, conf=44: [s0|rpc:localhost:45409|admin:localhost:39453|client:localhost:35593|dataStream:localhost:32779|priority:0, s1|rpc:localhost:43687|admin:localhost:37289|client:localhost:37969|dataStream:localhost:45289|priority:0, s2|rpc:localhost:35381|admin:localhost:44889|client:localhost:37093|dataStream:localhost:36223|priority:0], old=null RUNNING
  s2:  RUNNING    LEADER s2@group-9AEA52B37957:t3, leader=s2, voted=s2, raftlog=s2@group-9AEA52B37957-SegmentedRaftLog:OPENED:c57, conf=44: [s0|rpc:localhost:45409|admin:localhost:39453|client:localhost:35593|dataStream:localhost:32779|priority:0, s1|rpc:localhost:43687|admin:localhost:37289|client:localhost:37969|dataStream:localhost:45289|priority:0, s2|rpc:localhost:35381|admin:localhost:44889|client:localhost:37093|dataStream:localhost:36223|priority:0], old=null RUNNING
2022-07-08 04:36:08,585 [java.util.concurrent.ThreadPoolExecutor$Worker@b72a85c[State = -1, empty queue]] WARN  server.GrpcLogAppender (GrpcLogAppender.java:timeoutAppendRequest(240)) - s2@group-9AEA52B37957->s1-GrpcLogAppender:  appendEntries Timeout, request=AppendEntriesRequest:cid=1300,entriesCount=1,lastEntry=(t:3, i:54)
2022-07-08 04:36:08,588 [java.util.concurrent.ThreadPoolExecutor$Worker@b72a85c[State = -1, empty queue]] WARN  server.GrpcLogAppender (GrpcLogAppender.java:timeoutAppendRequest(240)) - s2@group-9AEA52B37957->s1-GrpcLogAppender:  appendEntries Timeout, request=AppendEntriesRequest:cid=1301,entriesCount=1,lastEntry=(t:3, i:55)
2022-07-08 04:36:10,417 [pool-9-thread-13] INFO  datastream.DataStreamTestUtils (DataStreamTestUtils.java:writeAndCloseAndAssertReplies(320)) - Stream408: bytesWritten=3749615
2022-07-08 04:36:10,419 [s2-client-thread4] INFO  statemachine.StateMachine (DataStreamTestUtils.java:link(157)) - link SingleDataStream: writeRequest=RaftClientRequest:client-C41AADB69D18->s2@group-9AEA52B37957, cid=408, seq=0, DataStream, Message:<EMPTY>, logEntry=null
2022-07-08 04:36:10,423 [s1-server-thread1] INFO  statemachine.StateMachine (DataStreamTestUtils.java:link(157)) - link SingleDataStream: writeRequest=RaftClientRequest:client-C41AADB69D18->s2@group-9AEA52B37957, cid=408, seq=0, DataStream, Message:<EMPTY>, logEntry=null
2022-07-08 04:36:10,427 [s0-server-thread1] INFO  statemachine.StateMachine (DataStreamTestUtils.java:link(157)) - link SingleDataStream: writeRequest=RaftClientRequest:client-C41AADB69D18->s2@group-9AEA52B37957, cid=408, seq=0, DataStream, Message:<EMPTY>, logEntry=null
2022-07-08 04:36:10,433 [pool-9-thread-13] INFO  datastream.DataStreamTestUtils (DataStreamTestUtils.java:writeAndCloseAndAssertReplies(311)) - start Stream409
2022-07-08 04:36:12,275 [java.util.concurrent.ThreadPoolExecutor$Worker@3f806991[State = -1, empty queue]] WARN  grpc.GrpcUtil (GrpcUtil.java:shutdownManagedChannel(216)) - Timed out gracefully shutting down connection: ManagedChannelOrphanWrapper{delegate=ManagedChannelImpl{logId=433, target=localhost:37093}}. 
2022-07-08 04:36:12,294 [java.util.concurrent.ThreadPoolExecutor$Worker@3f806991[State = -1, empty queue]] WARN  server.GrpcLogAppender (GrpcLogAppender.java:timeoutAppendRequest(240)) - s2@group-9AEA52B37957->s1-GrpcLogAppender:  appendEntries Timeout, request=AppendEntriesRequest:cid=1564,entriesCount=1,lastEntry=(t:3, i:56)
2022-07-08 04:36:12,295 [java.util.concurrent.ThreadPoolExecutor$Worker@3f806991[State = -1, empty queue]] WARN  server.GrpcLogAppender (GrpcLogAppender.java:timeoutAppendRequest(240)) - s2@group-9AEA52B37957->s1-GrpcLogAppender:  appendEntries Timeout, request=AppendEntriesRequest:cid=1565,entriesCount=1,lastEntry=(t:3, i:57)
2022-07-08 04:36:13,055 [pool-9-thread-13] INFO  datastream.DataStreamTestUtils (DataStreamTestUtils.java:writeAndCloseAndAssertReplies(320)) - Stream409: bytesWritten=3746911
2022-07-08 04:36:13,056 [s2-client-thread4] INFO  statemachine.StateMachine (DataStreamTestUtils.java:link(157)) - link SingleDataStream: writeRequest=RaftClientRequest:client-C41AADB69D18->s2@group-9AEA52B37957, cid=409, seq=0, DataStream, Message:<EMPTY>, logEntry=null
2022-07-08 04:36:13,058 [s1-server-thread1] INFO  statemachine.StateMachine (DataStreamTestUtils.java:link(157)) - link SingleDataStream: writeRequest=RaftClientRequest:client-C41AADB69D18->s2@group-9AEA52B37957, cid=409, seq=0, DataStream, Message:<EMPTY>, logEntry=null
2022-07-08 04:36:13,058 [s0-server-thread1] INFO  statemachine.StateMachine (DataStreamTestUtils.java:link(157)) - link SingleDataStream: writeRequest=RaftClientRequest:client-C41AADB69D18->s2@group-9AEA52B37957, cid=409, seq=0, DataStream, Message:<EMPTY>, logEntry=null
2022-07-08 04:36:13,061 [pool-9-thread-13] INFO  datastream.DataStreamTestUtils (DataStreamTestUtils.java:writeAndCloseAndAssertReplies(311)) - start Stream410
2022-07-08 04:36:13,420 [java.util.concurrent.ThreadPoolExecutor$Worker@3f806991[State = -1, empty queue]] WARN  server.GrpcLogAppender (GrpcLogAppender.java:timeoutAppendRequest(240)) - s2@group-9AEA52B37957->s1-GrpcLogAppender:  appendEntries Timeout, request=AppendEntriesRequest:cid=1822,entriesCount=1,lastEntry=(t:3, i:58)
2022-07-08 04:36:13,433 [java.util.concurrent.ThreadPoolExecutor$Worker@3f806991[State = -1, empty queue]] WARN  server.GrpcLogAppender (GrpcLogAppender.java:timeoutAppendRequest(240)) - s2@group-9AEA52B37957->s1-GrpcLogAppender:  appendEntries Timeout, request=AppendEntriesRequest:cid=1825,entriesCount=1,lastEntry=(t:3, i:59)
2022-07-08 04:36:15,450 [pool-9-thread-13] INFO  datastream.DataStreamTestUtils (DataStreamTestUtils.java:writeAndCloseAndAssertReplies(320)) - Stream410: bytesWritten=3728065
2022-07-08 04:36:15,452 [s2-client-thread4] INFO  statemachine.StateMachine (DataStreamTestUtils.java:link(157)) - link SingleDataStream: writeRequest=RaftClientRequest:client-C41AADB69D18->s2@group-9AEA52B37957, cid=410, seq=0, DataStream, Message:<EMPTY>, logEntry=null
2022-07-08 04:36:15,453 [s0-server-thread1] INFO  statemachine.StateMachine (DataStreamTestUtils.java:link(157)) - link SingleDataStream: writeRequest=RaftClientRequest:client-C41AADB69D18->s2@group-9AEA52B37957, cid=410, seq=0, DataStream, Message:<EMPTY>, logEntry=null
2022-07-08 04:36:15,453 [s1-server-thread1] INFO  statemachine.StateMachine (DataStreamTestUtils.java:link(157)) - link SingleDataStream: writeRequest=RaftClientRequest:client-C41AADB69D18->s2@group-9AEA52B37957, cid=410, seq=0, DataStream, Message:<EMPTY>, logEntry=null
2022-07-08 04:36:15,456 [pool-9-thread-13] INFO  datastream.DataStreamTestUtils (DataStreamTestUtils.java:writeAndCloseAndAssertReplies(311)) - start Stream411
2022-07-08 04:36:17,724 [pool-9-thread-13] INFO  datastream.DataStreamTestUtils (DataStreamTestUtils.java:writeAndCloseAndAssertReplies(320)) - Stream411: bytesWritten=3749781
2022-07-08 04:36:17,726 [s2-client-thread4] INFO  statemachine.StateMachine (DataStreamTestUtils.java:link(157)) - link SingleDataStream: writeRequest=RaftClientRequest:client-C41AADB69D18->s2@group-9AEA52B37957, cid=411, seq=0, DataStream, Message:<EMPTY>, logEntry=null
2022-07-08 04:36:17,727 [s0-server-thread1] INFO  statemachine.StateMachine (DataStreamTestUtils.java:link(157)) - link SingleDataStream: writeRequest=RaftClientRequest:client-C41AADB69D18->s2@group-9AEA52B37957, cid=411, seq=0, DataStream, Message:<EMPTY>, logEntry=null
2022-07-08 04:36:17,727 [s1-server-thread1] INFO  statemachine.StateMachine (DataStreamTestUtils.java:link(157)) - link SingleDataStream: writeRequest=RaftClientRequest:client-C41AADB69D18->s2@group-9AEA52B37957, cid=411, seq=0, DataStream, Message:<EMPTY>, logEntry=null
2022-07-08 04:36:17,736 [pool-9-thread-13] INFO  datastream.DataStreamTestUtils (DataStreamTestUtils.java:writeAndCloseAndAssertReplies(311)) - start Stream413
2022-07-08 04:36:17,831 [pool-9-thread-13] INFO  datastream.DataStreamTestUtils (DataStreamTestUtils.java:writeAndCloseAndAssertReplies(320)) - Stream413: bytesWritten=7345473
2022-07-08 04:36:17,952 [s2-client-thread4] INFO  statemachine.StateMachine (DataStreamTestUtils.java:link(157)) - link SingleDataStream: writeRequest=RaftClientRequest:client-E3E11397E74C->s1@group-9AEA52B37957, cid=413, seq=0, DataStream, Message:<EMPTY>, logEntry=null
2022-07-08 04:36:17,954 [s0-server-thread1] INFO  statemachine.StateMachine (DataStreamTestUtils.java:link(157)) - link SingleDataStream: writeRequest=RaftClientRequest:client-E3E11397E74C->s1@group-9AEA52B37957, cid=413, seq=0, DataStream, Message:<EMPTY>, logEntry=null
2022-07-08 04:36:17,954 [s1-server-thread1] INFO  statemachine.StateMachine (DataStreamTestUtils.java:link(157)) - link SingleDataStream: writeRequest=RaftClientRequest:client-E3E11397E74C->s1@group-9AEA52B37957, cid=413, seq=0, DataStream, Message:<EMPTY>, logEntry=null
2022-07-08 04:36:17,959 [pool-9-thread-13] INFO  datastream.DataStreamTestUtils (DataStreamTestUtils.java:writeAndCloseAndAssertReplies(311)) - start Stream414
2022-07-08 04:36:18,056 [pool-9-thread-13] INFO  datastream.DataStreamTestUtils (DataStreamTestUtils.java:writeAndCloseAndAssertReplies(320)) - Stream414: bytesWritten=7849373
2022-07-08 04:36:18,061 [s2-client-thread4] INFO  statemachine.StateMachine (DataStreamTestUtils.java:link(157)) - link SingleDataStream: writeRequest=RaftClientRequest:client-E3E11397E74C->s1@group-9AEA52B37957, cid=414, seq=0, DataStream, Message:<EMPTY>, logEntry=null
2022-07-08 04:36:18,062 [s1-server-thread1] INFO  statemachine.StateMachine (DataStreamTestUtils.java:link(157)) - link SingleDataStream: writeRequest=RaftClientRequest:client-E3E11397E74C->s1@group-9AEA52B37957, cid=414, seq=0, DataStream, Message:<EMPTY>, logEntry=null
2022-07-08 04:36:18,062 [s0-server-thread1] INFO  statemachine.StateMachine (DataStreamTestUtils.java:link(157)) - link SingleDataStream: writeRequest=RaftClientRequest:client-E3E11397E74C->s1@group-9AEA52B37957, cid=414, seq=0, DataStream, Message:<EMPTY>, logEntry=null
2022-07-08 04:36:18,065 [pool-9-thread-13] INFO  datastream.DataStreamTestUtils (DataStreamTestUtils.java:writeAndCloseAndAssertReplies(311)) - start Stream415
2022-07-08 04:36:18,158 [pool-9-thread-13] INFO  datastream.DataStreamTestUtils (DataStreamTestUtils.java:writeAndCloseAndAssertReplies(320)) - Stream415: bytesWritten=7986865
2022-07-08 04:36:18,160 [s2-client-thread4] INFO  statemachine.StateMachine (DataStreamTestUtils.java:link(157)) - link SingleDataStream: writeRequest=RaftClientRequest:client-E3E11397E74C->s1@group-9AEA52B37957, cid=415, seq=0, DataStream, Message:<EMPTY>, logEntry=null
2022-07-08 04:36:18,162 [s1-server-thread1] INFO  statemachine.StateMachine (DataStreamTestUtils.java:link(157)) - link SingleDataStream: writeRequest=RaftClientRequest:client-E3E11397E74C->s1@group-9AEA52B37957, cid=415, seq=0, DataStream, Message:<EMPTY>, logEntry=null
2022-07-08 04:36:18,162 [s0-server-thread1] INFO  statemachine.StateMachine (DataStreamTestUtils.java:link(157)) - link SingleDataStream: writeRequest=RaftClientRequest:client-E3E11397E74C->s1@group-9AEA52B37957, cid=415, seq=0, DataStream, Message:<EMPTY>, logEntry=null
2022-07-08 04:36:18,165 [pool-9-thread-13] INFO  datastream.DataStreamTestUtils (DataStreamTestUtils.java:writeAndCloseAndAssertReplies(311)) - start Stream416
2022-07-08 04:36:18,250 [pool-9-thread-13] INFO  datastream.DataStreamTestUtils (DataStreamTestUtils.java:writeAndCloseAndAssertReplies(320)) - Stream416: bytesWritten=7898621
2022-07-08 04:36:18,253 [s2-client-thread4] INFO  statemachine.StateMachine (DataStreamTestUtils.java:link(157)) - link SingleDataStream: writeRequest=RaftClientRequest:client-E3E11397E74C->s1@group-9AEA52B37957, cid=416, seq=0, DataStream, Message:<EMPTY>, logEntry=null
2022-07-08 04:36:18,253 [s1-server-thread1] INFO  statemachine.StateMachine (DataStreamTestUtils.java:link(157)) - link SingleDataStream: writeRequest=RaftClientRequest:client-E3E11397E74C->s1@group-9AEA52B37957, cid=416, seq=0, DataStream, Message:<EMPTY>, logEntry=null
2022-07-08 04:36:18,254 [s0-server-thread1] INFO  statemachine.StateMachine (DataStreamTestUtils.java:link(157)) - link SingleDataStream: writeRequest=RaftClientRequest:client-E3E11397E74C->s1@group-9AEA52B37957, cid=416, seq=0, DataStream, Message:<EMPTY>, logEntry=null
2022-07-08 04:36:18,258 [pool-9-thread-13] INFO  datastream.DataStreamTestUtils (DataStreamTestUtils.java:writeAndCloseAndAssertReplies(311)) - start Stream417
2022-07-08 04:36:18,433 [java.util.concurrent.ThreadPoolExecutor$Worker@4f148520[State = -1, empty queue]] WARN  grpc.GrpcUtil (GrpcUtil.java:shutdownManagedChannel(216)) - Timed out gracefully shutting down connection: ManagedChannelOrphanWrapper{delegate=ManagedChannelImpl{logId=447, target=localhost:37093}}. 
2022-07-08 04:36:18,447 [java.util.concurrent.ThreadPoolExecutor$Worker@4f148520[State = -1, empty queue]] WARN  server.GrpcLogAppender (GrpcLogAppender.java:timeoutAppendRequest(240)) - s2@group-9AEA52B37957->s1-GrpcLogAppender:  appendEntries Timeout, request=AppendEntriesRequest:cid=2109,entriesCount=1,lastEntry=(t:3, i:60)
2022-07-08 04:36:18,448 [java.util.concurrent.ThreadPoolExecutor$Worker@4f148520[State = -1, empty queue]] WARN  server.GrpcLogAppender (GrpcLogAppender.java:timeoutAppendRequest(240)) - s2@group-9AEA52B37957->s1-GrpcLogAppender:  appendEntries Timeout, request=AppendEntriesRequest:cid=2110,entriesCount=1,lastEntry=(t:3, i:61)
2022-07-08 04:36:18,461 [java.util.concurrent.ThreadPoolExecutor$Worker@4f148520[State = -1, empty queue]] WARN  server.GrpcLogAppender (GrpcLogAppender.java:timeoutAppendRequest(240)) - s2@group-9AEA52B37957->s1-GrpcLogAppender:  appendEntries Timeout, request=AppendEntriesRequest:cid=2366,entriesCount=1,lastEntry=(t:3, i:62)
2022-07-08 04:36:18,461 [java.util.concurrent.ThreadPoolExecutor$Worker@4f148520[State = -1, empty queue]] WARN  server.GrpcLogAppender (GrpcLogAppender.java:timeoutAppendRequest(240)) - s2@group-9AEA52B37957->s1-GrpcLogAppender:  appendEntries Timeout, request=AppendEntriesRequest:cid=2367,entriesCount=1,lastEntry=(t:3, i:63)
2022-07-08 04:36:18,464 [pool-9-thread-13] INFO  datastream.DataStreamTestUtils (DataStreamTestUtils.java:writeAndCloseAndAssertReplies(320)) - Stream417: bytesWritten=7892642
2022-07-08 04:36:18,466 [s2-client-thread4] INFO  statemachine.StateMachine (DataStreamTestUtils.java:link(157)) - link SingleDataStream: writeRequest=RaftClientRequest:client-E3E11397E74C->s1@group-9AEA52B37957, cid=417, seq=0, DataStream, Message:<EMPTY>, logEntry=null
2022-07-08 04:36:18,467 [s0-server-thread1] INFO  statemachine.StateMachine (DataStreamTestUtils.java:link(157)) - link SingleDataStream: writeRequest=RaftClientRequest:client-E3E11397E74C->s1@group-9AEA52B37957, cid=417, seq=0, DataStream, Message:<EMPTY>, logEntry=null
2022-07-08 04:36:18,467 [s1-server-thread1] INFO  statemachine.StateMachine (DataStreamTestUtils.java:link(157)) - link SingleDataStream: writeRequest=RaftClientRequest:client-E3E11397E74C->s1@group-9AEA52B37957, cid=417, seq=0, DataStream, Message:<EMPTY>, logEntry=null
2022-07-08 04:36:18,470 [pool-9-thread-13] INFO  datastream.DataStreamTestUtils (DataStreamTestUtils.java:writeAndCloseAndAssertReplies(311)) - start Stream418
2022-07-08 04:36:18,531 [Timer-2] INFO  impl.MiniRaftCluster (MiniRaftCluster.java:lambda$null$6(323)) - TIMED-PRINT: printing ALL groups
  s0:  RUNNING  FOLLOWER s0@group-9AEA52B37957:t3, leader=s2, voted=s2, raftlog=s0@group-9AEA52B37957-SegmentedRaftLog:OPENED:c74, conf=44: [s0|rpc:localhost:45409|admin:localhost:39453|client:localhost:35593|dataStream:localhost:32779|priority:0, s1|rpc:localhost:43687|admin:localhost:37289|client:localhost:37969|dataStream:localhost:45289|priority:0, s2|rpc:localhost:35381|admin:localhost:44889|client:localhost:37093|dataStream:localhost:36223|priority:0], old=null RUNNING
  s1:  RUNNING  FOLLOWER s1@group-9AEA52B37957:t3, leader=s2, voted=null, raftlog=s1@group-9AEA52B37957-SegmentedRaftLog:OPENED:c43, conf=44: [s0|rpc:localhost:45409|admin:localhost:39453|client:localhost:35593|dataStream:localhost:32779|priority:0, s1|rpc:localhost:43687|admin:localhost:37289|client:localhost:37969|dataStream:localhost:45289|priority:0, s2|rpc:localhost:35381|admin:localhost:44889|client:localhost:37093|dataStream:localhost:36223|priority:0], old=null RUNNING
  s2:  RUNNING    LEADER s2@group-9AEA52B37957:t3, leader=s2, voted=s2, raftlog=s2@group-9AEA52B37957-SegmentedRaftLog:OPENED:c75, conf=44: [s0|rpc:localhost:45409|admin:localhost:39453|client:localhost:35593|dataStream:localhost:32779|priority:0, s1|rpc:localhost:43687|admin:localhost:37289|client:localhost:37969|dataStream:localhost:45289|priority:0, s2|rpc:localhost:35381|admin:localhost:44889|client:localhost:37093|dataStream:localhost:36223|priority:0], old=null RUNNING
2022-07-08 04:36:18,568 [pool-9-thread-13] INFO  datastream.DataStreamTestUtils (DataStreamTestUtils.java:writeAndCloseAndAssertReplies(320)) - Stream418: bytesWritten=6846532
2022-07-08 04:36:18,570 [s2-client-thread4] INFO  statemachine.StateMachine (DataStreamTestUtils.java:link(157)) - link SingleDataStream: writeRequest=RaftClientRequest:client-E3E11397E74C->s1@group-9AEA52B37957, cid=418, seq=0, DataStream, Message:<EMPTY>, logEntry=null
2022-07-08 04:36:18,571 [s1-server-thread1] INFO  statemachine.StateMachine (DataStreamTestUtils.java:link(157)) - link SingleDataStream: writeRequest=RaftClientRequest:client-E3E11397E74C->s1@group-9AEA52B37957, cid=418, seq=0, DataStream, Message:<EMPTY>, logEntry=null
2022-07-08 04:36:18,571 [s0-server-thread1] INFO  statemachine.StateMachine (DataStreamTestUtils.java:link(157)) - link SingleDataStream: writeRequest=RaftClientRequest:client-E3E11397E74C->s1@group-9AEA52B37957, cid=418, seq=0, DataStream, Message:<EMPTY>, logEntry=null
2022-07-08 04:36:18,579 [pool-9-thread-13] INFO  datastream.DataStreamTestUtils (DataStreamTestUtils.java:writeAndCloseAndAssertReplies(311)) - start Stream419
2022-07-08 04:36:18,672 [pool-9-thread-13] INFO  datastream.DataStreamTestUtils (DataStreamTestUtils.java:writeAndCloseAndAssertReplies(320)) - Stream419: bytesWritten=7751367
2022-07-08 04:36:18,675 [s2-client-thread4] INFO  statemachine.StateMachine (DataStreamTestUtils.java:link(157)) - link SingleDataStream: writeRequest=RaftClientRequest:client-E3E11397E74C->s1@group-9AEA52B37957, cid=419, seq=0, DataStream, Message:<EMPTY>, logEntry=null
2022-07-08 04:36:18,676 [s1-server-thread1] INFO  statemachine.StateMachine (DataStreamTestUtils.java:link(157)) - link SingleDataStream: writeRequest=RaftClientRequest:client-E3E11397E74C->s1@group-9AEA52B37957, cid=419, seq=0, DataStream, Message:<EMPTY>, logEntry=null
2022-07-08 04:36:18,676 [s0-server-thread1] INFO  statemachine.StateMachine (DataStreamTestUtils.java:link(157)) - link SingleDataStream: writeRequest=RaftClientRequest:client-E3E11397E74C->s1@group-9AEA52B37957, cid=419, seq=0, DataStream, Message:<EMPTY>, logEntry=null
2022-07-08 04:36:18,679 [pool-9-thread-13] INFO  datastream.DataStreamTestUtils (DataStreamTestUtils.java:writeAndCloseAndAssertReplies(311)) - start Stream420
2022-07-08 04:36:18,768 [pool-9-thread-13] INFO  datastream.DataStreamTestUtils (DataStreamTestUtils.java:writeAndCloseAndAssertReplies(320)) - Stream420: bytesWritten=7741019
2022-07-08 04:36:18,770 [s2-client-thread4] INFO  statemachine.StateMachine (DataStreamTestUtils.java:link(157)) - link SingleDataStream: writeRequest=RaftClientRequest:client-E3E11397E74C->s1@group-9AEA52B37957, cid=420, seq=0, DataStream, Message:<EMPTY>, logEntry=null
2022-07-08 04:36:18,775 [s1-server-thread1] INFO  statemachine.StateMachine (DataStreamTestUtils.java:link(157)) - link SingleDataStream: writeRequest=RaftClientRequest:client-E3E11397E74C->s1@group-9AEA52B37957, cid=420, seq=0, DataStream, Message:<EMPTY>, logEntry=null
2022-07-08 04:36:18,775 [s0-server-thread1] INFO  statemachine.StateMachine (DataStreamTestUtils.java:link(157)) - link SingleDataStream: writeRequest=RaftClientRequest:client-E3E11397E74C->s1@group-9AEA52B37957, cid=420, seq=0, DataStream, Message:<EMPTY>, logEntry=null
2022-07-08 04:36:18,782 [pool-9-thread-13] INFO  datastream.DataStreamTestUtils (DataStreamTestUtils.java:writeAndCloseAndAssertReplies(311)) - start Stream421
2022-07-08 04:36:18,874 [pool-9-thread-13] INFO  datastream.DataStreamTestUtils (DataStreamTestUtils.java:writeAndCloseAndAssertReplies(320)) - Stream421: bytesWritten=7702972
2022-07-08 04:36:18,876 [s2-client-thread4] INFO  statemachine.StateMachine (DataStreamTestUtils.java:link(157)) - link SingleDataStream: writeRequest=RaftClientRequest:client-E3E11397E74C->s1@group-9AEA52B37957, cid=421, seq=0, DataStream, Message:<EMPTY>, logEntry=null
2022-07-08 04:36:18,877 [s0-server-thread1] INFO  statemachine.StateMachine (DataStreamTestUtils.java:link(157)) - link SingleDataStream: writeRequest=RaftClientRequest:client-E3E11397E74C->s1@group-9AEA52B37957, cid=421, seq=0, DataStream, Message:<EMPTY>, logEntry=null
2022-07-08 04:36:18,879 [s1-server-thread1] INFO  statemachine.StateMachine (DataStreamTestUtils.java:link(157)) - link SingleDataStream: writeRequest=RaftClientRequest:client-E3E11397E74C->s1@group-9AEA52B37957, cid=421, seq=0, DataStream, Message:<EMPTY>, logEntry=null
2022-07-08 04:36:18,882 [pool-9-thread-13] INFO  datastream.DataStreamTestUtils (DataStreamTestUtils.java:writeAndCloseAndAssertReplies(311)) - start Stream422
2022-07-08 04:36:18,961 [pool-9-thread-3] INFO  datastream.DataStreamTestUtils (DataStreamTestUtils.java:writeAndCloseAndAssertReplies(311)) - start Stream423
2022-07-08 04:36:19,026 [pool-9-thread-13] INFO  datastream.DataStreamTestUtils (DataStreamTestUtils.java:writeAndCloseAndAssertReplies(320)) - Stream422: bytesWritten=7327930
2022-07-08 04:36:19,069 [pool-9-thread-3] INFO  datastream.DataStreamTestUtils (DataStreamTestUtils.java:writeAndCloseAndAssertReplies(320)) - Stream423: bytesWritten=7917717
2022-07-08 04:36:19,186 [s2-client-thread4] INFO  statemachine.StateMachine (DataStreamTestUtils.java:link(157)) - link SingleDataStream: writeRequest=RaftClientRequest:client-490AC9C214CD->s2@group-9AEA52B37957, cid=422, seq=0, DataStream, Message:<EMPTY>, logEntry=null
2022-07-08 04:36:19,187 [s0-server-thread1] INFO  statemachine.StateMachine (DataStreamTestUtils.java:link(157)) - link SingleDataStream: writeRequest=RaftClientRequest:client-490AC9C214CD->s2@group-9AEA52B37957, cid=422, seq=0, DataStream, Message:<EMPTY>, logEntry=null
2022-07-08 04:36:19,187 [s1-server-thread1] INFO  statemachine.StateMachine (DataStreamTestUtils.java:link(157)) - link SingleDataStream: writeRequest=RaftClientRequest:client-490AC9C214CD->s2@group-9AEA52B37957, cid=422, seq=0, DataStream, Message:<EMPTY>, logEntry=null
2022-07-08 04:36:19,193 [pool-9-thread-13] INFO  datastream.DataStreamTestUtils (DataStreamTestUtils.java:writeAndCloseAndAssertReplies(311)) - start Stream424
2022-07-08 04:36:19,212 [s2-client-thread4] INFO  statemachine.StateMachine (DataStreamTestUtils.java:link(157)) - link SingleDataStream: writeRequest=RaftClientRequest:client-490AC9C214CD->s2@group-9AEA52B37957, cid=423, seq=0, DataStream, Message:<EMPTY>, logEntry=null
2022-07-08 04:36:19,213 [s0-server-thread1] INFO  statemachine.StateMachine (DataStreamTestUtils.java:link(157)) - link SingleDataStream: writeRequest=RaftClientRequest:client-490AC9C214CD->s2@group-9AEA52B37957, cid=423, seq=0, DataStream, Message:<EMPTY>, logEntry=null
2022-07-08 04:36:19,219 [s1-server-thread1] INFO  statemachine.StateMachine (DataStreamTestUtils.java:link(157)) - link SingleDataStream: writeRequest=RaftClientRequest:client-490AC9C214CD->s2@group-9AEA52B37957, cid=423, seq=0, DataStream, Message:<EMPTY>, logEntry=null
2022-07-08 04:36:19,220 [pool-9-thread-3] INFO  datastream.DataStreamTestUtils (DataStreamTestUtils.java:writeAndCloseAndAssertReplies(311)) - start Stream425
2022-07-08 04:36:19,358 [pool-9-thread-13] INFO  datastream.DataStreamTestUtils (DataStreamTestUtils.java:writeAndCloseAndAssertReplies(320)) - Stream424: bytesWritten=7325598
2022-07-08 04:36:19,360 [pool-9-thread-3] INFO  datastream.DataStreamTestUtils (DataStreamTestUtils.java:writeAndCloseAndAssertReplies(320)) - Stream425: bytesWritten=7651527
2022-07-08 04:36:19,361 [s2-client-thread4] INFO  statemachine.StateMachine (DataStreamTestUtils.java:link(157)) - link SingleDataStream: writeRequest=RaftClientRequest:client-490AC9C214CD->s2@group-9AEA52B37957, cid=424, seq=0, DataStream, Message:<EMPTY>, logEntry=null
2022-07-08 04:36:19,362 [s0-server-thread1] INFO  statemachine.StateMachine (DataStreamTestUtils.java:link(157)) - link SingleDataStream: writeRequest=RaftClientRequest:client-490AC9C214CD->s2@group-9AEA52B37957, cid=424, seq=0, DataStream, Message:<EMPTY>, logEntry=null
2022-07-08 04:36:19,362 [s1-server-thread1] INFO  statemachine.StateMachine (DataStreamTestUtils.java:link(157)) - link SingleDataStream: writeRequest=RaftClientRequest:client-490AC9C214CD->s2@group-9AEA52B37957, cid=424, seq=0, DataStream, Message:<EMPTY>, logEntry=null
2022-07-08 04:36:19,363 [s2-client-thread4] INFO  statemachine.StateMachine (DataStreamTestUtils.java:link(157)) - link SingleDataStream: writeRequest=RaftClientRequest:client-490AC9C214CD->s2@group-9AEA52B37957, cid=425, seq=0, DataStream, Message:<EMPTY>, logEntry=null
2022-07-08 04:36:19,364 [s0-server-thread1] INFO  statemachine.StateMachine (DataStreamTestUtils.java:link(157)) - link SingleDataStream: writeRequest=RaftClientRequest:client-490AC9C214CD->s2@group-9AEA52B37957, cid=425, seq=0, DataStream, Message:<EMPTY>, logEntry=null
2022-07-08 04:36:19,364 [s1-server-thread1] INFO  statemachine.StateMachine (DataStreamTestUtils.java:link(157)) - link SingleDataStream: writeRequest=RaftClientRequest:client-490AC9C214CD->s2@group-9AEA52B37957, cid=425, seq=0, DataStream, Message:<EMPTY>, logEntry=null
2022-07-08 04:36:19,367 [pool-9-thread-13] INFO  datastream.DataStreamTestUtils (DataStreamTestUtils.java:writeAndCloseAndAssertReplies(311)) - start Stream426
2022-07-08 04:36:19,391 [pool-9-thread-3] INFO  datastream.DataStreamTestUtils (DataStreamTestUtils.java:writeAndCloseAndAssertReplies(311)) - start Stream427
2022-07-08 04:36:19,505 [pool-9-thread-13] INFO  datastream.DataStreamTestUtils (DataStreamTestUtils.java:writeAndCloseAndAssertReplies(320)) - Stream426: bytesWritten=7765364
2022-07-08 04:36:19,511 [s2-client-thread4] INFO  statemachine.StateMachine (DataStreamTestUtils.java:link(157)) - link SingleDataStream: writeRequest=RaftClientRequest:client-490AC9C214CD->s2@group-9AEA52B37957, cid=426, seq=0, DataStream, Message:<EMPTY>, logEntry=null
2022-07-08 04:36:19,513 [s0-server-thread1] INFO  statemachine.StateMachine (DataStreamTestUtils.java:link(157)) - link SingleDataStream: writeRequest=RaftClientRequest:client-490AC9C214CD->s2@group-9AEA52B37957, cid=426, seq=0, DataStream, Message:<EMPTY>, logEntry=null
2022-07-08 04:36:19,513 [s1-server-thread1] INFO  statemachine.StateMachine (DataStreamTestUtils.java:link(157)) - link SingleDataStream: writeRequest=RaftClientRequest:client-490AC9C214CD->s2@group-9AEA52B37957, cid=426, seq=0, DataStream, Message:<EMPTY>, logEntry=null
2022-07-08 04:36:19,525 [pool-9-thread-13] INFO  datastream.DataStreamTestUtils (DataStreamTestUtils.java:writeAndCloseAndAssertReplies(311)) - start Stream428
2022-07-08 04:36:19,538 [pool-9-thread-3] INFO  datastream.DataStreamTestUtils (DataStreamTestUtils.java:writeAndCloseAndAssertReplies(320)) - Stream427: bytesWritten=7172979
2022-07-08 04:36:19,569 [s2-client-thread4] INFO  statemachine.StateMachine (DataStreamTestUtils.java:link(157)) - link SingleDataStream: writeRequest=RaftClientRequest:client-490AC9C214CD->s2@group-9AEA52B37957, cid=427, seq=0, DataStream, Message:<EMPTY>, logEntry=null
2022-07-08 04:36:19,576 [s0-server-thread1] INFO  statemachine.StateMachine (DataStreamTestUtils.java:link(157)) - link SingleDataStream: writeRequest=RaftClientRequest:client-490AC9C214CD->s2@group-9AEA52B37957, cid=427, seq=0, DataStream, Message:<EMPTY>, logEntry=null
2022-07-08 04:36:19,583 [s1-server-thread1] INFO  statemachine.StateMachine (DataStreamTestUtils.java:link(157)) - link SingleDataStream: writeRequest=RaftClientRequest:client-490AC9C214CD->s2@group-9AEA52B37957, cid=427, seq=0, DataStream, Message:<EMPTY>, logEntry=null
2022-07-08 04:36:19,589 [pool-9-thread-3] INFO  datastream.DataStreamTestUtils (DataStreamTestUtils.java:writeAndCloseAndAssertReplies(311)) - start Stream429
2022-07-08 04:36:19,718 [pool-9-thread-13] INFO  datastream.DataStreamTestUtils (DataStreamTestUtils.java:writeAndCloseAndAssertReplies(320)) - Stream428: bytesWritten=8008740
2022-07-08 04:36:19,723 [s2-client-thread4] INFO  statemachine.StateMachine (DataStreamTestUtils.java:link(157)) - link SingleDataStream: writeRequest=RaftClientRequest:client-490AC9C214CD->s2@group-9AEA52B37957, cid=428, seq=0, DataStream, Message:<EMPTY>, logEntry=null
2022-07-08 04:36:19,725 [s1-server-thread1] INFO  statemachine.StateMachine (DataStreamTestUtils.java:link(157)) - link SingleDataStream: writeRequest=RaftClientRequest:client-490AC9C214CD->s2@group-9AEA52B37957, cid=428, seq=0, DataStream, Message:<EMPTY>, logEntry=null
2022-07-08 04:36:19,725 [s0-server-thread1] INFO  statemachine.StateMachine (DataStreamTestUtils.java:link(157)) - link SingleDataStream: writeRequest=RaftClientRequest:client-490AC9C214CD->s2@group-9AEA52B37957, cid=428, seq=0, DataStream, Message:<EMPTY>, logEntry=null
2022-07-08 04:36:19,726 [pool-9-thread-3] INFO  datastream.DataStreamTestUtils (DataStreamTestUtils.java:writeAndCloseAndAssertReplies(320)) - Stream429: bytesWritten=7604387
2022-07-08 04:36:19,728 [s2-client-thread4] INFO  statemachine.StateMachine (DataStreamTestUtils.java:link(157)) - link SingleDataStream: writeRequest=RaftClientRequest:client-490AC9C214CD->s2@group-9AEA52B37957, cid=429, seq=0, DataStream, Message:<EMPTY>, logEntry=null
2022-07-08 04:36:19,731 [s1-server-thread1] INFO  statemachine.StateMachine (DataStreamTestUtils.java:link(157)) - link SingleDataStream: writeRequest=RaftClientRequest:client-490AC9C214CD->s2@group-9AEA52B37957, cid=429, seq=0, DataStream, Message:<EMPTY>, logEntry=null
2022-07-08 04:36:19,731 [s0-server-thread1] INFO  statemachine.StateMachine (DataStreamTestUtils.java:link(157)) - link SingleDataStream: writeRequest=RaftClientRequest:client-490AC9C214CD->s2@group-9AEA52B37957, cid=429, seq=0, DataStream, Message:<EMPTY>, logEntry=null
2022-07-08 04:36:19,735 [pool-9-thread-13] INFO  datastream.DataStreamTestUtils (DataStreamTestUtils.java:writeAndCloseAndAssertReplies(311)) - start Stream430
2022-07-08 04:36:19,770 [pool-9-thread-3] INFO  datastream.DataStreamTestUtils (DataStreamTestUtils.java:writeAndCloseAndAssertReplies(311)) - start Stream431
2022-07-08 04:36:19,919 [pool-9-thread-13] INFO  datastream.DataStreamTestUtils (DataStreamTestUtils.java:writeAndCloseAndAssertReplies(320)) - Stream430: bytesWritten=7866598
2022-07-08 04:36:19,922 [s2-client-thread4] INFO  statemachine.StateMachine (DataStreamTestUtils.java:link(157)) - link SingleDataStream: writeRequest=RaftClientRequest:client-490AC9C214CD->s2@group-9AEA52B37957, cid=430, seq=0, DataStream, Message:<EMPTY>, logEntry=null
2022-07-08 04:36:19,922 [s0-server-thread1] INFO  statemachine.StateMachine (DataStreamTestUtils.java:link(157)) - link SingleDataStream: writeRequest=RaftClientRequest:client-490AC9C214CD->s2@group-9AEA52B37957, cid=430, seq=0, DataStream, Message:<EMPTY>, logEntry=null
2022-07-08 04:36:19,923 [s1-server-thread1] INFO  statemachine.StateMachine (DataStreamTestUtils.java:link(157)) - link SingleDataStream: writeRequest=RaftClientRequest:client-490AC9C214CD->s2@group-9AEA52B37957, cid=430, seq=0, DataStream, Message:<EMPTY>, logEntry=null
2022-07-08 04:36:19,927 [pool-9-thread-13] INFO  datastream.DataStreamTestUtils (DataStreamTestUtils.java:writeAndCloseAndAssertReplies(311)) - start Stream432
2022-07-08 04:36:19,967 [pool-9-thread-6] INFO  datastream.DataStreamTestUtils (DataStreamTestUtils.java:writeAndCloseAndAssertReplies(311)) - start Stream433
2022-07-08 04:36:20,735 [s2@group-9AEA52B37957-LeaderStateImpl] WARN  server.RaftServer$Division (LeaderStateImpl.java:checkLeadership(1017)) - s2@group-9AEA52B37957-LeaderStateImpl: Lost leadership on term: 3. Election timeout: 300ms. In charge for: 27112ms. Conf: 44: [s0|rpc:localhost:45409|admin:localhost:39453|client:localhost:35593|dataStream:localhost:32779|priority:0, s1|rpc:localhost:43687|admin:localhost:37289|client:localhost:37969|dataStream:localhost:45289|priority:0, s2|rpc:localhost:35381|admin:localhost:44889|client:localhost:37093|dataStream:localhost:36223|priority:0], old=null
2022-07-08 04:36:20,735 [s1@group-9AEA52B37957-FollowerState] WARN  impl.FollowerState (FollowerState.java:run(130)) - Unexpected long sleep: sleep 259ms but took extra 563302039ns (> threshold = 300ms)
2022-07-08 04:36:20,735 [s2@group-9AEA52B37957-LeaderStateImpl] WARN  server.RaftServer$Division (LeaderStateImpl.java:lambda$checkLeadership$17(1021)) - Follower s2@group-9AEA52B37957->s0(c100,m101,n102, attendVote=true, lastRpcSendTime=808, lastRpcResponseTime=804)
2022-07-08 04:36:20,735 [s2@group-9AEA52B37957-LeaderStateImpl] WARN  server.RaftServer$Division (LeaderStateImpl.java:lambda$checkLeadership$17(1021)) - Follower s2@group-9AEA52B37957->s1(c43,m0,n102, attendVote=true, lastRpcSendTime=763, lastRpcResponseTime=838)
2022-07-08 04:36:20,735 [s2@group-9AEA52B37957-LeaderStateImpl] INFO  server.RaftServer$Division (RaftServerImpl.java:setRole(300)) - s2@group-9AEA52B37957: changes role from    LEADER to FOLLOWER at term 3 for StepDownReason:LOST_MAJORITY_HEARTBEATS
2022-07-08 04:36:20,735 [s2@group-9AEA52B37957-LeaderStateImpl] INFO  impl.RoleInfo (RoleInfo.java:shutdownLeaderState(93)) - s2: shutdown s2@group-9AEA52B37957-LeaderStateImpl
2022-07-08 04:36:20,735 [s2@group-9AEA52B37957-LeaderStateImpl] INFO  impl.PendingRequests (PendingRequests.java:sendNotLeaderResponses(282)) - s2@group-9AEA52B37957-PendingRequests: sendNotLeaderResponses
2022-07-08 04:36:20,737 [s0@group-9AEA52B37957-FollowerState] WARN  impl.FollowerState (FollowerState.java:run(130)) - Unexpected long sleep: sleep 243ms but took extra 589429479ns (> threshold = 300ms)
2022-07-08 04:36:20,737 [org.apache.ratis.util.JvmPauseMonitor$$Lambda$274/210522051@4d5677b5] WARN  util.JvmPauseMonitor (JvmPauseMonitor.java:detectPause(124)) - JvmPauseMonitor-s1: Detected pause in JVM or host machine (eg GC): pause of approximately 602374147ns.
GC pool 'PS MarkSweep' had collection(s): count=1 time=634ms
GC pool 'PS Scavenge' had collection(s): count=1 time=104ms
2022-07-08 04:36:20,737 [org.apache.ratis.util.JvmPauseMonitor$$Lambda$274/210522051@20404a19] WARN  util.JvmPauseMonitor (JvmPauseMonitor.java:detectPause(124)) - JvmPauseMonitor-s0: Detected pause in JVM or host machine (eg GC): pause of approximately 606341363ns.
GC pool 'PS MarkSweep' had collection(s): count=1 time=634ms
GC pool 'PS Scavenge' had collection(s): count=1 time=104ms
2022-07-08 04:36:20,737 [org.apache.ratis.util.JvmPauseMonitor$$Lambda$274/210522051@2105c636] WARN  util.JvmPauseMonitor (JvmPauseMonitor.java:detectPause(124)) - JvmPauseMonitor-s2: Detected pause in JVM or host machine (eg GC): pause of approximately 613363792ns.
GC pool 'PS MarkSweep' had collection(s): count=1 time=634ms
GC pool 'PS Scavenge' had collection(s): count=1 time=104ms
2022-07-08 04:36:20,744 [java.util.concurrent.ThreadPoolExecutor$Worker@4f148520[State = -1, empty queue]] WARN  server.GrpcLogAppender (GrpcLogAppender.java:timeoutAppendRequest(240)) - s2@group-9AEA52B37957->s1-GrpcLogAppender:  appendEntries Timeout, request=AppendEntriesRequest:cid=2614,entriesCount=1,lastEntry=(t:3, i:64)
2022-07-08 04:36:20,744 [s2@group-9AEA52B37957-LeaderStateImpl] INFO  impl.RoleInfo (RoleInfo.java:updateAndGet(139)) - s2: start s2@group-9AEA52B37957-FollowerState
2022-07-08 04:36:20,744 [java.util.concurrent.ThreadPoolExecutor$Worker@4f148520[State = -1, empty queue]] WARN  server.GrpcLogAppender (GrpcLogAppender.java:timeoutAppendRequest(240)) - s2@group-9AEA52B37957->s1-GrpcLogAppender:  appendEntries Timeout, request=AppendEntriesRequest:cid=2615,entriesCount=1,lastEntry=(t:3, i:65)
2022-07-08 04:36:20,746 [s2@group-9AEA52B37957->s0-GrpcLogAppender-LogAppenderDaemon] WARN  server.GrpcLogAppender (GrpcLogAppender.java:mayWait(172)) - s2@group-9AEA52B37957->s0-GrpcLogAppender: Wait interrupted by java.lang.InterruptedException
2022-07-08 04:36:20,751 [grpc-default-executor-11] INFO  server.GrpcServerProtocolService (GrpcServerProtocolService.java:onCompleted(140)) - s0: Completed APPEND_ENTRIES, lastRequest: s2->s0#585-t3,previous=(t:3, i:100),leaderCommit=100,initializing? true,entries: size=1, first=(t:3, i:101), METADATAENTRY(c:100)
2022-07-08 04:36:20,760 [grpc-default-executor-13] INFO  server.GrpcServerProtocolService (GrpcServerProtocolService.java:onCompleted(140)) - s1: Completed APPEND_ENTRIES, lastRequest: s2->s1#2879-t3,previous=(t:3, i:100),leaderCommit=100,initializing? true,entries: size=1, first=(t:3, i:101), METADATAENTRY(c:100)
2022-07-08 04:36:20,761 [grpc-default-executor-16] INFO  server.GrpcLogAppender (GrpcLogAppender.java:onCompleted(340)) - s2@group-9AEA52B37957->s0-AppendLogResponseHandler: follower responses appendEntries COMPLETED
2022-07-08 04:36:20,761 [grpc-default-executor-16] INFO  leader.FollowerInfo (FollowerInfoImpl.java:lambda$new$0(48)) - s2@group-9AEA52B37957->s0: nextIndex: updateUnconditionally 102 -> 101
2022-07-08 04:36:20,762 [grpc-default-executor-13] INFO  server.GrpcLogAppender (GrpcLogAppender.java:onCompleted(340)) - s2@group-9AEA52B37957->s1-AppendLogResponseHandler: follower responses appendEntries COMPLETED
2022-07-08 04:36:20,770 [grpc-default-executor-13] INFO  leader.FollowerInfo (FollowerInfoImpl.java:lambda$new$0(48)) - s2@group-9AEA52B37957->s1: nextIndex: updateUnconditionally 102 -> 1
2022-07-08 04:36:20,980 [s0@group-9AEA52B37957-FollowerState] INFO  impl.FollowerState (FollowerState.java:run(143)) - s0@group-9AEA52B37957-FollowerState: change to CANDIDATE, lastRpcElapsedTime:1052518545ns, electionTimeout:243ms
2022-07-08 04:36:20,980 [s0@group-9AEA52B37957-FollowerState] INFO  impl.RoleInfo (RoleInfo.java:shutdownFollowerState(110)) - s0: shutdown s0@group-9AEA52B37957-FollowerState
2022-07-08 04:36:20,980 [s0@group-9AEA52B37957-FollowerState] INFO  server.RaftServer$Division (RaftServerImpl.java:setRole(300)) - s0@group-9AEA52B37957: changes role from  FOLLOWER to CANDIDATE at term 3 for changeToCandidate
2022-07-08 04:36:20,980 [s0@group-9AEA52B37957-FollowerState] INFO  server.RaftServerConfigKeys (ConfUtils.java:logGet(46)) - raft.server.leaderelection.pre-vote = true (default)
2022-07-08 04:36:20,980 [s0@group-9AEA52B37957-FollowerState] INFO  impl.RoleInfo (RoleInfo.java:updateAndGet(139)) - s0: start s0@group-9AEA52B37957-LeaderElection8
2022-07-08 04:36:20,993 [s0@group-9AEA52B37957-LeaderElection8] INFO  server.RaftServer$Division (ServerState.java:setLeader(291)) - s0@group-9AEA52B37957: change Leader from s2 to null at term 3 for PRE_VOTE
2022-07-08 04:36:20,993 [s0@group-9AEA52B37957-LeaderElection8] INFO  impl.LeaderElection (LeaderElection.java:askForVotes(310)) - s0@group-9AEA52B37957-LeaderElection8 PRE_VOTE round 0: submit vote requests at term 3 for 44: [s0|rpc:localhost:45409|admin:localhost:39453|client:localhost:35593|dataStream:localhost:32779|priority:0, s1|rpc:localhost:43687|admin:localhost:37289|client:localhost:37969|dataStream:localhost:45289|priority:0, s2|rpc:localhost:35381|admin:localhost:44889|client:localhost:37093|dataStream:localhost:36223|priority:0], old=null
2022-07-08 04:36:20,995 [grpc-default-executor-15] INFO  server.RaftServer$Division (RaftServerImpl.java:requestVote(1173)) - s1@group-9AEA52B37957: receive requestVote(PRE_VOTE, s0, group-9AEA52B37957, 3, (t:3, i:101))
2022-07-08 04:36:20,996 [grpc-default-executor-15] INFO  impl.VoteContext (VoteContext.java:log(48)) - s1@group-9AEA52B37957-FOLLOWER: accept PRE_VOTE from s0: our priority 0 <= candidate's priority 0
2022-07-08 04:36:20,996 [grpc-default-executor-15] INFO  server.RaftServer$Division (RaftServerImpl.java:requestVote(1205)) - s1@group-9AEA52B37957 replies to PRE_VOTE vote request: s0<-s1#0:OK-t3. Peer's state: s1@group-9AEA52B37957:t3, leader=s2, voted=null, raftlog=s1@group-9AEA52B37957-SegmentedRaftLog:OPENED:c43, conf=44: [s0|rpc:localhost:45409|admin:localhost:39453|client:localhost:35593|dataStream:localhost:32779|priority:0, s1|rpc:localhost:43687|admin:localhost:37289|client:localhost:37969|dataStream:localhost:45289|priority:0, s2|rpc:localhost:35381|admin:localhost:44889|client:localhost:37093|dataStream:localhost:36223|priority:0], old=null
2022-07-08 04:36:20,997 [s2@group-9AEA52B37957-FollowerState] INFO  impl.FollowerState (FollowerState.java:lostMajorityHeartbeatsRecently(108)) - s2@group-9AEA52B37957-FollowerState: Skipping leader election since it stepped down recently (elapsed = 252ms < waitTime = 10s)
2022-07-08 04:36:20,998 [s0@group-9AEA52B37957-LeaderElection8] INFO  impl.LeaderElection (LeaderElection.java:logAndReturn(90)) - s0@group-9AEA52B37957-LeaderElection8: PRE_VOTE PASSED received 1 response(s) and 0 exception(s):
2022-07-08 04:36:20,999 [s0@group-9AEA52B37957-LeaderElection8] INFO  impl.LeaderElection (LeaderElection.java:logAndReturn(94)) -   Response 0: s0<-s1#0:OK-t3
2022-07-08 04:36:20,999 [s0@group-9AEA52B37957-LeaderElection8] INFO  impl.LeaderElection (LeaderElection.java:askForVotes(312)) - s0@group-9AEA52B37957-LeaderElection8 PRE_VOTE round 0: result PASSED
2022-07-08 04:36:21,014 [grpc-default-executor-15] INFO  server.RaftServer$Division (RaftServerImpl.java:requestVote(1173)) - s2@group-9AEA52B37957: receive requestVote(PRE_VOTE, s0, group-9AEA52B37957, 3, (t:3, i:101))
2022-07-08 04:36:21,014 [grpc-default-executor-15] INFO  impl.VoteContext (VoteContext.java:log(48)) - s2@group-9AEA52B37957-FOLLOWER: accept PRE_VOTE from s0: our priority 0 <= candidate's priority 0
2022-07-08 04:36:21,014 [grpc-default-executor-15] INFO  server.RaftServer$Division (RaftServerImpl.java:requestVote(1205)) - s2@group-9AEA52B37957 replies to PRE_VOTE vote request: s0<-s2#0:OK-t3. Peer's state: s2@group-9AEA52B37957:t3, leader=s2, voted=s2, raftlog=s2@group-9AEA52B37957-SegmentedRaftLog:OPENED:c101, conf=44: [s0|rpc:localhost:45409|admin:localhost:39453|client:localhost:35593|dataStream:localhost:32779|priority:0, s1|rpc:localhost:43687|admin:localhost:37289|client:localhost:37969|dataStream:localhost:45289|priority:0, s2|rpc:localhost:35381|admin:localhost:44889|client:localhost:37093|dataStream:localhost:36223|priority:0], old=null
2022-07-08 04:36:21,016 [s0@group-9AEA52B37957-LeaderElection8] INFO  impl.LeaderElection (LeaderElection.java:askForVotes(310)) - s0@group-9AEA52B37957-LeaderElection8 ELECTION round 0: submit vote requests at term 4 for 44: [s0|rpc:localhost:45409|admin:localhost:39453|client:localhost:35593|dataStream:localhost:32779|priority:0, s1|rpc:localhost:43687|admin:localhost:37289|client:localhost:37969|dataStream:localhost:45289|priority:0, s2|rpc:localhost:35381|admin:localhost:44889|client:localhost:37093|dataStream:localhost:36223|priority:0], old=null
2022-07-08 04:36:21,053 [grpc-default-executor-13] INFO  server.RaftServer$Division (RaftServerImpl.java:requestVote(1173)) - s2@group-9AEA52B37957: receive requestVote(ELECTION, s0, group-9AEA52B37957, 4, (t:3, i:101))
2022-07-08 04:36:21,054 [grpc-default-executor-13] INFO  impl.VoteContext (VoteContext.java:log(48)) - s2@group-9AEA52B37957-FOLLOWER: accept ELECTION from s0: our priority 0 <= candidate's priority 0
2022-07-08 04:36:21,064 [grpc-default-executor-13] INFO  server.RaftServer$Division (ServerState.java:setLeader(291)) - s2@group-9AEA52B37957: change Leader from s2 to null at term 4 for updateCurrentTerm
2022-07-08 04:36:21,064 [grpc-default-executor-13] INFO  server.RaftServer$Division (RaftServerImpl.java:setRole(300)) - s2@group-9AEA52B37957: changes role from  FOLLOWER to FOLLOWER at term 4 for candidate:s0
2022-07-08 04:36:21,064 [grpc-default-executor-13] INFO  impl.RoleInfo (RoleInfo.java:shutdownFollowerState(110)) - s2: shutdown s2@group-9AEA52B37957-FollowerState
2022-07-08 04:36:21,064 [grpc-default-executor-13] INFO  impl.RoleInfo (RoleInfo.java:updateAndGet(139)) - s2: start s2@group-9AEA52B37957-FollowerState
2022-07-08 04:36:21,065 [s2@group-9AEA52B37957-FollowerState] INFO  impl.FollowerState (FollowerState.java:run(152)) - s2@group-9AEA52B37957-FollowerState was interrupted
2022-07-08 04:36:21,067 [grpc-default-executor-13] INFO  server.RaftServer$Division (RaftServerImpl.java:requestVote(1205)) - s2@group-9AEA52B37957 replies to ELECTION vote request: s0<-s2#0:OK-t4. Peer's state: s2@group-9AEA52B37957:t4, leader=null, voted=s0, raftlog=s2@group-9AEA52B37957-SegmentedRaftLog:OPENED:c101, conf=44: [s0|rpc:localhost:45409|admin:localhost:39453|client:localhost:35593|dataStream:localhost:32779|priority:0, s1|rpc:localhost:43687|admin:localhost:37289|client:localhost:37969|dataStream:localhost:45289|priority:0, s2|rpc:localhost:35381|admin:localhost:44889|client:localhost:37093|dataStream:localhost:36223|priority:0], old=null
2022-07-08 04:36:21,071 [grpc-default-executor-13] INFO  server.RaftServer$Division (RaftServerImpl.java:requestVote(1173)) - s1@group-9AEA52B37957: receive requestVote(ELECTION, s0, group-9AEA52B37957, 4, (t:3, i:101))
2022-07-08 04:36:21,071 [grpc-default-executor-13] INFO  impl.VoteContext (VoteContext.java:log(48)) - s1@group-9AEA52B37957-FOLLOWER: accept ELECTION from s0: our priority 0 <= candidate's priority 0
2022-07-08 04:36:21,072 [grpc-default-executor-13] INFO  server.RaftServer$Division (ServerState.java:setLeader(291)) - s1@group-9AEA52B37957: change Leader from s2 to null at term 4 for updateCurrentTerm
2022-07-08 04:36:21,072 [grpc-default-executor-13] INFO  server.RaftServer$Division (RaftServerImpl.java:setRole(300)) - s1@group-9AEA52B37957: changes role from  FOLLOWER to FOLLOWER at term 4 for candidate:s0
2022-07-08 04:36:21,072 [grpc-default-executor-13] INFO  impl.RoleInfo (RoleInfo.java:shutdownFollowerState(110)) - s1: shutdown s1@group-9AEA52B37957-FollowerState
2022-07-08 04:36:21,072 [grpc-default-executor-13] INFO  impl.RoleInfo (RoleInfo.java:updateAndGet(139)) - s1: start s1@group-9AEA52B37957-FollowerState
2022-07-08 04:36:21,072 [s1@group-9AEA52B37957-FollowerState] INFO  impl.FollowerState (FollowerState.java:run(152)) - s1@group-9AEA52B37957-FollowerState was interrupted
2022-07-08 04:36:21,106 [s0@group-9AEA52B37957-LeaderElection8] INFO  impl.LeaderElection (LeaderElection.java:logAndReturn(90)) - s0@group-9AEA52B37957-LeaderElection8: ELECTION PASSED received 1 response(s) and 0 exception(s):
2022-07-08 04:36:21,107 [s0@group-9AEA52B37957-LeaderElection8] INFO  impl.LeaderElection (LeaderElection.java:logAndReturn(94)) -   Response 0: s0<-s2#0:OK-t4
2022-07-08 04:36:21,107 [s0@group-9AEA52B37957-LeaderElection8] INFO  impl.LeaderElection (LeaderElection.java:askForVotes(312)) - s0@group-9AEA52B37957-LeaderElection8 ELECTION round 0: result PASSED
2022-07-08 04:36:21,107 [s0@group-9AEA52B37957-LeaderElection8] INFO  impl.RoleInfo (RoleInfo.java:shutdownLeaderElection(130)) - s0: shutdown s0@group-9AEA52B37957-LeaderElection8
2022-07-08 04:36:21,107 [s0@group-9AEA52B37957-LeaderElection8] INFO  server.RaftServer$Division (RaftServerImpl.java:setRole(300)) - s0@group-9AEA52B37957: changes role from CANDIDATE to LEADER at term 4 for changeToLeader
2022-07-08 04:36:21,107 [s0@group-9AEA52B37957-LeaderElection8] INFO  server.RaftServer$Division (ServerState.java:setLeader(291)) - s0@group-9AEA52B37957: change Leader from null to s0 at term 4 for becomeLeader, leader elected after 114ms
2022-07-08 04:36:21,107 [s0@group-9AEA52B37957-LeaderElection8] INFO  server.RaftServerConfigKeys (ConfUtils.java:logGet(46)) - raft.server.staging.catchup.gap = 1000 (default)
2022-07-08 04:36:21,107 [s0@group-9AEA52B37957-LeaderElection8] INFO  server.RaftServerConfigKeys (ConfUtils.java:logGet(46)) - raft.server.write.element-limit = 4096 (default)
2022-07-08 04:36:21,107 [s0@group-9AEA52B37957-LeaderElection8] INFO  server.RaftServerConfigKeys (ConfUtils.java:logGet(46)) - raft.server.write.byte-limit = 64MB (=67108864) (default)
2022-07-08 04:36:21,107 [s0@group-9AEA52B37957-LeaderElection8] INFO  server.RaftServerConfigKeys (ConfUtils.java:logGet(46)) - raft.server.watch.timeout = 10s (default)
2022-07-08 04:36:21,107 [s0@group-9AEA52B37957-LeaderElection8] INFO  server.RaftServerConfigKeys (ConfUtils.java:logGet(46)) - raft.server.watch.timeout.denomination = 1s (default)
2022-07-08 04:36:21,108 [s0@group-9AEA52B37957-LeaderElection8] INFO  server.RaftServerConfigKeys (ConfUtils.java:logGet(46)) - raft.server.watch.element-limit = 65536 (default)
2022-07-08 04:36:21,108 [s0@group-9AEA52B37957-LeaderElection8] INFO  server.RaftServerConfigKeys (ConfUtils.java:logGet(46)) - raft.server.write.element-limit = 4096 (default)
2022-07-08 04:36:21,108 [s0@group-9AEA52B37957-LeaderElection8] INFO  server.RaftServerConfigKeys (ConfUtils.java:logGet(46)) - raft.server.write.follower.gap.ratio.max = -1.0 (default)
2022-07-08 04:36:21,108 [s0@group-9AEA52B37957-LeaderElection8] INFO  server.RaftServerConfigKeys (ConfUtils.java:logGet(46)) - raft.server.log.appender.snapshot.chunk.size.max = 16MB (=16777216) (default)
2022-07-08 04:36:21,108 [s0@group-9AEA52B37957-LeaderElection8] INFO  server.RaftServerConfigKeys (ConfUtils.java:logGet(46)) - raft.server.log.appender.buffer.byte-limit = 4MB (=4194304) (default)
2022-07-08 04:36:21,108 [s0@group-9AEA52B37957-LeaderElection8] INFO  server.RaftServerConfigKeys (ConfUtils.java:logGet(46)) - raft.server.log.appender.buffer.element-limit = 0 (default)
2022-07-08 04:36:21,108 [s0@group-9AEA52B37957-LeaderElection8] INFO  grpc.GrpcConfigKeys (ConfUtils.java:logGet(46)) - raft.grpc.server.leader.outstanding.appends.max = 128 (default)
2022-07-08 04:36:21,109 [s0@group-9AEA52B37957-LeaderElection8] INFO  server.RaftServerConfigKeys (ConfUtils.java:logGet(46)) - raft.server.rpc.request.timeout = 3000ms (default)
2022-07-08 04:36:21,109 [s0@group-9AEA52B37957-LeaderElection8] INFO  server.RaftServerConfigKeys (ConfUtils.java:logGet(46)) - raft.server.log.appender.install.snapshot.enabled = true (default)
2022-07-08 04:36:21,109 [s0@group-9AEA52B37957-LeaderElection8] INFO  server.RaftServerConfigKeys (ConfUtils.java:logGet(46)) - raft.server.log.appender.snapshot.chunk.size.max = 16MB (=16777216) (default)
2022-07-08 04:36:21,109 [s0@group-9AEA52B37957-LeaderElection8] INFO  server.RaftServerConfigKeys (ConfUtils.java:logGet(46)) - raft.server.log.appender.buffer.byte-limit = 4MB (=4194304) (default)
2022-07-08 04:36:21,109 [s0@group-9AEA52B37957-LeaderElection8] INFO  server.RaftServerConfigKeys (ConfUtils.java:logGet(46)) - raft.server.log.appender.buffer.element-limit = 0 (default)
2022-07-08 04:36:21,109 [s0@group-9AEA52B37957-LeaderElection8] INFO  grpc.GrpcConfigKeys (ConfUtils.java:logGet(46)) - raft.grpc.server.leader.outstanding.appends.max = 128 (default)
2022-07-08 04:36:21,109 [s0@group-9AEA52B37957-LeaderElection8] INFO  server.RaftServerConfigKeys (ConfUtils.java:logGet(46)) - raft.server.rpc.request.timeout = 3000ms (default)
2022-07-08 04:36:21,109 [s0@group-9AEA52B37957-LeaderElection8] INFO  server.RaftServerConfigKeys (ConfUtils.java:logGet(46)) - raft.server.log.appender.install.snapshot.enabled = true (default)
2022-07-08 04:36:21,109 [s0@group-9AEA52B37957-LeaderElection8] INFO  impl.RoleInfo (RoleInfo.java:updateAndGet(139)) - s0: start s0@group-9AEA52B37957-LeaderStateImpl
2022-07-08 04:36:21,110 [s0@group-9AEA52B37957-LeaderElection8] INFO  segmented.SegmentedRaftLogWorker (SegmentedRaftLogWorker.java:rollLogSegment(430)) - s0@group-9AEA52B37957-SegmentedRaftLogWorker: Rolling segment log-44_101 to index:101
2022-07-08 04:36:21,111 [s0@group-9AEA52B37957-SegmentedRaftLogWorker] TRACE util.FileUtils (LogUtils.java:runAndLog(49)) - Successfully ran Files.move /home/runner/work/ratis/ratis/ratis-test/target/test/data/d6e910be/MiniRaftClusterWithRpcTypeGrpcAndDataStreamTypeNettyd1ac3dcf/s0/906c665f-be0b-402a-85dc-9aea52b37957/current/log_inprogress_44 to /home/runner/work/ratis/ratis/ratis-test/target/test/data/d6e910be/MiniRaftClusterWithRpcTypeGrpcAndDataStreamTypeNettyd1ac3dcf/s0/906c665f-be0b-402a-85dc-9aea52b37957/current/log_44-101
2022-07-08 04:36:21,111 [s0@group-9AEA52B37957-SegmentedRaftLogWorker] INFO  segmented.SegmentedRaftLogWorker (SegmentedRaftLogWorker.java:execute(586)) - s0@group-9AEA52B37957-SegmentedRaftLogWorker: Rolled log segment from /home/runner/work/ratis/ratis/ratis-test/target/test/data/d6e910be/MiniRaftClusterWithRpcTypeGrpcAndDataStreamTypeNettyd1ac3dcf/s0/906c665f-be0b-402a-85dc-9aea52b37957/current/log_inprogress_44 to /home/runner/work/ratis/ratis/ratis-test/target/test/data/d6e910be/MiniRaftClusterWithRpcTypeGrpcAndDataStreamTypeNettyd1ac3dcf/s0/906c665f-be0b-402a-85dc-9aea52b37957/current/log_44-101
2022-07-08 04:36:21,118 [s0@group-9AEA52B37957-LeaderElection8] INFO  server.RaftServer$Division (ServerState.java:setRaftConf(397)) - s0@group-9AEA52B37957: set configuration 102: [s0|rpc:localhost:45409|admin:localhost:39453|client:localhost:35593|dataStream:localhost:32779|priority:0, s1|rpc:localhost:43687|admin:localhost:37289|client:localhost:37969|dataStream:localhost:45289|priority:0, s2|rpc:localhost:35381|admin:localhost:44889|client:localhost:37093|dataStream:localhost:36223|priority:0], old=null
2022-07-08 04:36:21,118 [grpc-default-executor-13] INFO  server.RaftServer$Division (RaftServerImpl.java:requestVote(1205)) - s1@group-9AEA52B37957 replies to ELECTION vote request: s0<-s1#0:OK-t4. Peer's state: s1@group-9AEA52B37957:t4, leader=null, voted=s0, raftlog=s1@group-9AEA52B37957-SegmentedRaftLog:OPENED:c43, conf=44: [s0|rpc:localhost:45409|admin:localhost:39453|client:localhost:35593|dataStream:localhost:32779|priority:0, s1|rpc:localhost:43687|admin:localhost:37289|client:localhost:37969|dataStream:localhost:45289|priority:0, s2|rpc:localhost:35381|admin:localhost:44889|client:localhost:37093|dataStream:localhost:36223|priority:0], old=null
2022-07-08 04:36:21,128 [s0@group-9AEA52B37957-SegmentedRaftLogWorker] INFO  segmented.SegmentedRaftLogWorker (SegmentedRaftLogWorker.java:execute(629)) - s0@group-9AEA52B37957-SegmentedRaftLogWorker: created new log segment /home/runner/work/ratis/ratis/ratis-test/target/test/data/d6e910be/MiniRaftClusterWithRpcTypeGrpcAndDataStreamTypeNettyd1ac3dcf/s0/906c665f-be0b-402a-85dc-9aea52b37957/current/log_inprogress_102
2022-07-08 04:36:21,130 [s1-server-thread1] INFO  server.RaftServer$Division (ServerState.java:setLeader(291)) - s1@group-9AEA52B37957: change Leader from null to s0 at term 4 for appendEntries, leader elected after 58ms
2022-07-08 04:36:21,131 [s1-server-thread1] INFO  server.RaftServer$Division (ServerState.java:setRaftConf(397)) - s1@group-9AEA52B37957: set configuration 102: [s0|rpc:localhost:45409|admin:localhost:39453|client:localhost:35593|dataStream:localhost:32779|priority:0, s1|rpc:localhost:43687|admin:localhost:37289|client:localhost:37969|dataStream:localhost:45289|priority:0, s2|rpc:localhost:35381|admin:localhost:44889|client:localhost:37093|dataStream:localhost:36223|priority:0], old=null
2022-07-08 04:36:21,131 [s1-server-thread1] INFO  segmented.SegmentedRaftLogWorker (SegmentedRaftLogWorker.java:rollLogSegment(430)) - s1@group-9AEA52B37957-SegmentedRaftLogWorker: Rolling segment log-44_101 to index:101
2022-07-08 04:36:21,143 [s2-server-thread1] INFO  server.RaftServer$Division (ServerState.java:setLeader(291)) - s2@group-9AEA52B37957: change Leader from null to s0 at term 4 for appendEntries, leader elected after 78ms
2022-07-08 04:36:21,143 [s2-server-thread1] INFO  server.RaftServer$Division (ServerState.java:setRaftConf(397)) - s2@group-9AEA52B37957: set configuration 102: [s0|rpc:localhost:45409|admin:localhost:39453|client:localhost:35593|dataStream:localhost:32779|priority:0, s1|rpc:localhost:43687|admin:localhost:37289|client:localhost:37969|dataStream:localhost:45289|priority:0, s2|rpc:localhost:35381|admin:localhost:44889|client:localhost:37093|dataStream:localhost:36223|priority:0], old=null
2022-07-08 04:36:21,144 [s2-server-thread1] INFO  segmented.SegmentedRaftLogWorker (SegmentedRaftLogWorker.java:rollLogSegment(430)) - s2@group-9AEA52B37957-SegmentedRaftLogWorker: Rolling segment log-44_101 to index:101
2022-07-08 04:36:21,145 [s2@group-9AEA52B37957-SegmentedRaftLogWorker] TRACE util.FileUtils (LogUtils.java:runAndLog(49)) - Successfully ran Files.move /home/runner/work/ratis/ratis/ratis-test/target/test/data/d6e910be/MiniRaftClusterWithRpcTypeGrpcAndDataStreamTypeNettyd1ac3dcf/s2/906c665f-be0b-402a-85dc-9aea52b37957/current/log_inprogress_44 to /home/runner/work/ratis/ratis/ratis-test/target/test/data/d6e910be/MiniRaftClusterWithRpcTypeGrpcAndDataStreamTypeNettyd1ac3dcf/s2/906c665f-be0b-402a-85dc-9aea52b37957/current/log_44-101
2022-07-08 04:36:21,146 [s2@group-9AEA52B37957-SegmentedRaftLogWorker] INFO  segmented.SegmentedRaftLogWorker (SegmentedRaftLogWorker.java:execute(586)) - s2@group-9AEA52B37957-SegmentedRaftLogWorker: Rolled log segment from /home/runner/work/ratis/ratis/ratis-test/target/test/data/d6e910be/MiniRaftClusterWithRpcTypeGrpcAndDataStreamTypeNettyd1ac3dcf/s2/906c665f-be0b-402a-85dc-9aea52b37957/current/log_inprogress_44 to /home/runner/work/ratis/ratis/ratis-test/target/test/data/d6e910be/MiniRaftClusterWithRpcTypeGrpcAndDataStreamTypeNettyd1ac3dcf/s2/906c665f-be0b-402a-85dc-9aea52b37957/current/log_44-101
2022-07-08 04:36:21,172 [s2@group-9AEA52B37957-SegmentedRaftLogWorker] INFO  segmented.SegmentedRaftLogWorker (SegmentedRaftLogWorker.java:execute(629)) - s2@group-9AEA52B37957-SegmentedRaftLogWorker: created new log segment /home/runner/work/ratis/ratis/ratis-test/target/test/data/d6e910be/MiniRaftClusterWithRpcTypeGrpcAndDataStreamTypeNettyd1ac3dcf/s2/906c665f-be0b-402a-85dc-9aea52b37957/current/log_inprogress_102
2022-07-08 04:36:21,376 [s0-client-thread1] INFO  statemachine.StateMachine (DataStreamTestUtils.java:link(157)) - link null
2022-07-08 04:36:21,377 [s1-server-thread1] INFO  statemachine.StateMachine (DataStreamTestUtils.java:link(157)) - link null
2022-07-08 04:36:21,380 [s2-server-thread1] INFO  statemachine.StateMachine (DataStreamTestUtils.java:link(157)) - link null
2022-07-08 04:36:24,117 [java.util.concurrent.ThreadPoolExecutor$Worker@5fe7b39d[State = -1, empty queue]] WARN  server.GrpcLogAppender (GrpcLogAppender.java:timeoutAppendRequest(240)) - s0@group-9AEA52B37957->s1-GrpcLogAppender:  appendEntries Timeout, request=AppendEntriesRequest:cid=1,entriesCount=1,lastEntry=(t:4, i:102)
2022-07-08 04:36:24,256 [java.util.concurrent.ThreadPoolExecutor$Worker@5540fef1[State = -1, empty queue]] WARN  server.GrpcLogAppender (GrpcLogAppender.java:timeoutAppendRequest(240)) - s0@group-9AEA52B37957->s1-GrpcLogAppender:  appendEntries Timeout, request=AppendEntriesRequest:cid=14,entriesCount=1,lastEntry=(t:4, i:103)
2022-07-08 04:36:27,134 [pool-9-thread-3] INFO  datastream.DataStreamTestUtils (DataStreamTestUtils.java:writeAndCloseAndAssertReplies(320)) - Stream431: bytesWritten=3762726
2022-07-08 04:36:27,156 [s0-client-thread1] INFO  statemachine.StateMachine (DataStreamTestUtils.java:link(157)) - link SingleDataStream: writeRequest=RaftClientRequest:client-739CD3666396->s2@group-9AEA52B37957, cid=431, seq=0, DataStream, Message:<EMPTY>, logEntry=null
2022-07-08 04:36:27,157 [s2-server-thread1] INFO  statemachine.StateMachine (DataStreamTestUtils.java:link(157)) - link SingleDataStream: writeRequest=RaftClientRequest:client-739CD3666396->s2@group-9AEA52B37957, cid=431, seq=0, DataStream, Message:<EMPTY>, logEntry=null
2022-07-08 04:36:27,157 [s1-server-thread1] INFO  statemachine.StateMachine (DataStreamTestUtils.java:link(157)) - link SingleDataStream: writeRequest=RaftClientRequest:client-739CD3666396->s2@group-9AEA52B37957, cid=431, seq=0, DataStream, Message:<EMPTY>, logEntry=null
2022-07-08 04:36:27,320 [pool-9-thread-6] INFO  datastream.DataStreamTestUtils (DataStreamTestUtils.java:writeAndCloseAndAssertReplies(320)) - Stream433: bytesWritten=3733156
2022-07-08 04:36:27,323 [s0-client-thread1] INFO  statemachine.StateMachine (DataStreamTestUtils.java:link(157)) - link SingleDataStream: writeRequest=RaftClientRequest:client-739CD3666396->s2@group-9AEA52B37957, cid=433, seq=0, DataStream, Message:<EMPTY>, logEntry=null
2022-07-08 04:36:27,324 [s2-server-thread1] INFO  statemachine.StateMachine (DataStreamTestUtils.java:link(157)) - link SingleDataStream: writeRequest=RaftClientRequest:client-739CD3666396->s2@group-9AEA52B37957, cid=433, seq=0, DataStream, Message:<EMPTY>, logEntry=null
2022-07-08 04:36:27,325 [s1-server-thread1] INFO  statemachine.StateMachine (DataStreamTestUtils.java:link(157)) - link SingleDataStream: writeRequest=RaftClientRequest:client-739CD3666396->s2@group-9AEA52B37957, cid=433, seq=0, DataStream, Message:<EMPTY>, logEntry=null
2022-07-08 04:36:27,357 [pool-9-thread-13] INFO  datastream.DataStreamTestUtils (DataStreamTestUtils.java:writeAndCloseAndAssertReplies(320)) - Stream432: bytesWritten=3729955
2022-07-08 04:36:27,359 [s0-client-thread1] INFO  statemachine.StateMachine (DataStreamTestUtils.java:link(157)) - link SingleDataStream: writeRequest=RaftClientRequest:client-739CD3666396->s2@group-9AEA52B37957, cid=432, seq=0, DataStream, Message:<EMPTY>, logEntry=null
2022-07-08 04:36:27,360 [s1-server-thread1] INFO  statemachine.StateMachine (DataStreamTestUtils.java:link(157)) - link SingleDataStream: writeRequest=RaftClientRequest:client-739CD3666396->s2@group-9AEA52B37957, cid=432, seq=0, DataStream, Message:<EMPTY>, logEntry=null
2022-07-08 04:36:27,360 [s2-server-thread1] INFO  statemachine.StateMachine (DataStreamTestUtils.java:link(157)) - link SingleDataStream: writeRequest=RaftClientRequest:client-739CD3666396->s2@group-9AEA52B37957, cid=432, seq=0, DataStream, Message:<EMPTY>, logEntry=null
2022-07-08 04:36:27,376 [java.util.concurrent.ThreadPoolExecutor$Worker@7b54a7f5[State = -1, empty queue]] WARN  grpc.GrpcUtil (GrpcUtil.java:shutdownManagedChannel(216)) - Timed out gracefully shutting down connection: ManagedChannelOrphanWrapper{delegate=ManagedChannelImpl{logId=524, target=localhost:35593}}. 
2022-07-08 04:36:27,380 [java.util.concurrent.ThreadPoolExecutor$Worker@7b54a7f5[State = -1, empty queue]] WARN  server.GrpcLogAppender (GrpcLogAppender.java:timeoutAppendRequest(240)) - s0@group-9AEA52B37957->s1-GrpcLogAppender:  appendEntries Timeout, request=AppendEntriesRequest:cid=28,entriesCount=1,lastEntry=(t:4, i:104)
2022-07-08 04:36:27,380 [java.util.concurrent.ThreadPoolExecutor$Worker@7b54a7f5[State = -1, empty queue]] WARN  server.GrpcLogAppender (GrpcLogAppender.java:timeoutAppendRequest(240)) - s0@group-9AEA52B37957->s2-GrpcLogAppender:  appendEntries Timeout, request=AppendEntriesRequest:cid=17,entriesCount=1,lastEntry=(t:4, i:104)
2022-07-08 04:36:28,530 [Timer-2] INFO  impl.MiniRaftCluster (MiniRaftCluster.java:lambda$null$6(323)) - TIMED-PRINT: printing ALL groups
  s0:  RUNNING    LEADER s0@group-9AEA52B37957:t4, leader=s0, voted=s0, raftlog=s0@group-9AEA52B37957-SegmentedRaftLog:OPENED:c103, conf=102: [s0|rpc:localhost:45409|admin:localhost:39453|client:localhost:35593|dataStream:localhost:32779|priority:0, s1|rpc:localhost:43687|admin:localhost:37289|client:localhost:37969|dataStream:localhost:45289|priority:0, s2|rpc:localhost:35381|admin:localhost:44889|client:localhost:37093|dataStream:localhost:36223|priority:0], old=null RUNNING
  s1:  RUNNING  FOLLOWER s1@group-9AEA52B37957:t4, leader=s0, voted=s0, raftlog=s1@group-9AEA52B37957-SegmentedRaftLog:OPENED:c43, conf=102: [s0|rpc:localhost:45409|admin:localhost:39453|client:localhost:35593|dataStream:localhost:32779|priority:0, s1|rpc:localhost:43687|admin:localhost:37289|client:localhost:37969|dataStream:localhost:45289|priority:0, s2|rpc:localhost:35381|admin:localhost:44889|client:localhost:37093|dataStream:localhost:36223|priority:0], old=null RUNNING
  s2:  RUNNING  FOLLOWER s2@group-9AEA52B37957:t4, leader=s0, voted=s0, raftlog=s2@group-9AEA52B37957-SegmentedRaftLog:OPENED:c103, conf=102: [s0|rpc:localhost:45409|admin:localhost:39453|client:localhost:35593|dataStream:localhost:32779|priority:0, s1|rpc:localhost:43687|admin:localhost:37289|client:localhost:37969|dataStream:localhost:45289|priority:0, s2|rpc:localhost:35381|admin:localhost:44889|client:localhost:37093|dataStream:localhost:36223|priority:0], old=null RUNNING
2022-07-08 04:36:33,158 [java.util.concurrent.ThreadPoolExecutor$Worker@7b54a7f5[State = -1, empty queue]] WARN  grpc.GrpcUtil (GrpcUtil.java:shutdownManagedChannel(216)) - Timed out gracefully shutting down connection: ManagedChannelOrphanWrapper{delegate=ManagedChannelImpl{logId=531, target=localhost:35593}}. 
2022-07-08 04:36:33,162 [java.util.concurrent.ThreadPoolExecutor$Worker@7b54a7f5[State = -1, empty queue]] WARN  server.GrpcLogAppender (GrpcLogAppender.java:timeoutAppendRequest(240)) - s0@group-9AEA52B37957->s1-GrpcLogAppender:  appendEntries Timeout, request=AppendEntriesRequest:cid=657,entriesCount=1,lastEntry=(t:4, i:105)
2022-07-08 04:36:33,162 [java.util.concurrent.ThreadPoolExecutor$Worker@7b54a7f5[State = -1, empty queue]] WARN  server.GrpcLogAppender (GrpcLogAppender.java:timeoutAppendRequest(240)) - s0@group-9AEA52B37957->s2-GrpcLogAppender:  appendEntries Timeout, request=AppendEntriesRequest:cid=86,entriesCount=1,lastEntry=(t:4, i:105)
2022-07-08 04:36:33,162 [java.util.concurrent.ThreadPoolExecutor$Worker@7b54a7f5[State = -1, empty queue]] WARN  server.GrpcLogAppender (GrpcLogAppender.java:timeoutAppendRequest(240)) - s0@group-9AEA52B37957->s1-GrpcLogAppender:  appendEntries Timeout, request=AppendEntriesRequest:cid=675,entriesCount=1,lastEntry=(t:4, i:106)
2022-07-08 04:36:33,162 [java.util.concurrent.ThreadPoolExecutor$Worker@7b54a7f5[State = -1, empty queue]] WARN  server.GrpcLogAppender (GrpcLogAppender.java:timeoutAppendRequest(240)) - s0@group-9AEA52B37957->s2-GrpcLogAppender:  appendEntries Timeout, request=AppendEntriesRequest:cid=89,entriesCount=1,lastEntry=(t:4, i:106)
2022-07-08 04:36:33,162 [java.util.concurrent.ThreadPoolExecutor$Worker@7b54a7f5[State = -1, empty queue]] WARN  server.GrpcLogAppender (GrpcLogAppender.java:timeoutAppendRequest(240)) - s0@group-9AEA52B37957->s1-GrpcLogAppender:  appendEntries Timeout, request=AppendEntriesRequest:cid=679,entriesCount=1,lastEntry=(t:4, i:107)
2022-07-08 04:36:33,162 [java.util.concurrent.ThreadPoolExecutor$Worker@7b54a7f5[State = -1, empty queue]] WARN  server.GrpcLogAppender (GrpcLogAppender.java:timeoutAppendRequest(240)) - s0@group-9AEA52B37957->s2-GrpcLogAppender:  appendEntries Timeout, request=AppendEntriesRequest:cid=90,entriesCount=1,lastEntry=(t:4, i:107)
2022-07-08 04:36:33,502 [java.util.concurrent.ThreadPoolExecutor$Worker@c517015[State = -1, empty queue]] WARN  grpc.GrpcUtil (GrpcUtil.java:shutdownManagedChannel(216)) - Timed out gracefully shutting down connection: ManagedChannelOrphanWrapper{delegate=ManagedChannelImpl{logId=545, target=localhost:35593}}. 
2022-07-08 04:36:38,531 [Timer-2] INFO  impl.MiniRaftCluster (MiniRaftCluster.java:lambda$null$6(323)) - TIMED-PRINT: printing ALL groups
  s0:  RUNNING    LEADER s0@group-9AEA52B37957:t4, leader=s0, voted=s0, raftlog=s0@group-9AEA52B37957-SegmentedRaftLog:OPENED:c103, conf=102: [s0|rpc:localhost:45409|admin:localhost:39453|client:localhost:35593|dataStream:localhost:32779|priority:0, s1|rpc:localhost:43687|admin:localhost:37289|client:localhost:37969|dataStream:localhost:45289|priority:0, s2|rpc:localhost:35381|admin:localhost:44889|client:localhost:37093|dataStream:localhost:36223|priority:0], old=null RUNNING
  s1:  RUNNING  FOLLOWER s1@group-9AEA52B37957:t4, leader=s0, voted=s0, raftlog=s1@group-9AEA52B37957-SegmentedRaftLog:OPENED:c43, conf=102: [s0|rpc:localhost:45409|admin:localhost:39453|client:localhost:35593|dataStream:localhost:32779|priority:0, s1|rpc:localhost:43687|admin:localhost:37289|client:localhost:37969|dataStream:localhost:45289|priority:0, s2|rpc:localhost:35381|admin:localhost:44889|client:localhost:37093|dataStream:localhost:36223|priority:0], old=null RUNNING
  s2:  RUNNING  FOLLOWER s2@group-9AEA52B37957:t4, leader=s0, voted=s0, raftlog=s2@group-9AEA52B37957-SegmentedRaftLog:OPENED:c103, conf=102: [s0|rpc:localhost:45409|admin:localhost:39453|client:localhost:35593|dataStream:localhost:32779|priority:0, s1|rpc:localhost:43687|admin:localhost:37289|client:localhost:37969|dataStream:localhost:45289|priority:0, s2|rpc:localhost:35381|admin:localhost:44889|client:localhost:37093|dataStream:localhost:36223|priority:0], old=null RUNNING
2022-07-08 04:36:39,276 [java.util.concurrent.ThreadPoolExecutor$Worker@2d1e62c[State = -1, empty queue]] WARN  grpc.GrpcUtil (GrpcUtil.java:shutdownManagedChannel(216)) - Timed out gracefully shutting down connection: ManagedChannelOrphanWrapper{delegate=ManagedChannelImpl{logId=559, target=localhost:35593}}. 
2022-07-08 04:36:39,627 [java.util.concurrent.ThreadPoolExecutor$Worker@345b4469[State = -1, empty queue]] WARN  grpc.GrpcUtil (GrpcUtil.java:shutdownManagedChannel(216)) - Timed out gracefully shutting down connection: ManagedChannelOrphanWrapper{delegate=ManagedChannelImpl{logId=573, target=localhost:35593}}. 
2022-07-08 04:36:45,398 [java.util.concurrent.ThreadPoolExecutor$Worker@3605f4d4[State = -1, empty queue]] WARN  grpc.GrpcUtil (GrpcUtil.java:shutdownManagedChannel(216)) - Timed out gracefully shutting down connection: ManagedChannelOrphanWrapper{delegate=ManagedChannelImpl{logId=587, target=localhost:35593}}. 
2022-07-08 04:36:45,745 [java.util.concurrent.ThreadPoolExecutor$Worker@6f7837d[State = -1, empty queue]] WARN  grpc.GrpcUtil (GrpcUtil.java:shutdownManagedChannel(216)) - Timed out gracefully shutting down connection: ManagedChannelOrphanWrapper{delegate=ManagedChannelImpl{logId=601, target=localhost:35593}}. 
2022-07-08 04:36:48,532 [Timer-2] INFO  impl.MiniRaftCluster (MiniRaftCluster.java:lambda$null$6(323)) - TIMED-PRINT: printing ALL groups
  s0:  RUNNING    LEADER s0@group-9AEA52B37957:t4, leader=s0, voted=s0, raftlog=s0@group-9AEA52B37957-SegmentedRaftLog:OPENED:c103, conf=102: [s0|rpc:localhost:45409|admin:localhost:39453|client:localhost:35593|dataStream:localhost:32779|priority:0, s1|rpc:localhost:43687|admin:localhost:37289|client:localhost:37969|dataStream:localhost:45289|priority:0, s2|rpc:localhost:35381|admin:localhost:44889|client:localhost:37093|dataStream:localhost:36223|priority:0], old=null RUNNING
  s1:  RUNNING  FOLLOWER s1@group-9AEA52B37957:t4, leader=s0, voted=s0, raftlog=s1@group-9AEA52B37957-SegmentedRaftLog:OPENED:c43, conf=102: [s0|rpc:localhost:45409|admin:localhost:39453|client:localhost:35593|dataStream:localhost:32779|priority:0, s1|rpc:localhost:43687|admin:localhost:37289|client:localhost:37969|dataStream:localhost:45289|priority:0, s2|rpc:localhost:35381|admin:localhost:44889|client:localhost:37093|dataStream:localhost:36223|priority:0], old=null RUNNING
  s2:  RUNNING  FOLLOWER s2@group-9AEA52B37957:t4, leader=s0, voted=s0, raftlog=s2@group-9AEA52B37957-SegmentedRaftLog:OPENED:c103, conf=102: [s0|rpc:localhost:45409|admin:localhost:39453|client:localhost:35593|dataStream:localhost:32779|priority:0, s1|rpc:localhost:43687|admin:localhost:37289|client:localhost:37969|dataStream:localhost:45289|priority:0, s2|rpc:localhost:35381|admin:localhost:44889|client:localhost:37093|dataStream:localhost:36223|priority:0], old=null RUNNING
2022-07-08 04:36:51,519 [java.util.concurrent.ThreadPoolExecutor$Worker@7f355dfc[State = -1, empty queue]] WARN  grpc.GrpcUtil (GrpcUtil.java:shutdownManagedChannel(216)) - Timed out gracefully shutting down connection: ManagedChannelOrphanWrapper{delegate=ManagedChannelImpl{logId=615, target=localhost:35593}}. 
2022-07-08 04:36:51,902 [java.util.concurrent.ThreadPoolExecutor$Worker@52d96250[State = -1, empty queue]] WARN  grpc.GrpcUtil (GrpcUtil.java:shutdownManagedChannel(216)) - Timed out gracefully shutting down connection: ManagedChannelOrphanWrapper{delegate=ManagedChannelImpl{logId=629, target=localhost:35593}}. 
2022-07-08 04:36:57,639 [java.util.concurrent.ThreadPoolExecutor$Worker@47895e6f[State = -1, empty queue]] WARN  grpc.GrpcUtil (GrpcUtil.java:shutdownManagedChannel(216)) - Timed out gracefully shutting down connection: ManagedChannelOrphanWrapper{delegate=ManagedChannelImpl{logId=643, target=localhost:35593}}. 
2022-07-08 04:36:58,025 [java.util.concurrent.ThreadPoolExecutor$Worker@71507d2c[State = -1, empty queue]] WARN  grpc.GrpcUtil (GrpcUtil.java:shutdownManagedChannel(216)) - Timed out gracefully shutting down connection: ManagedChannelOrphanWrapper{delegate=ManagedChannelImpl{logId=657, target=localhost:35593}}. 
2022-07-08 04:36:58,531 [Timer-2] INFO  impl.MiniRaftCluster (MiniRaftCluster.java:lambda$null$6(323)) - TIMED-PRINT: printing ALL groups
  s0:  RUNNING    LEADER s0@group-9AEA52B37957:t4, leader=s0, voted=s0, raftlog=s0@group-9AEA52B37957-SegmentedRaftLog:OPENED:c103, conf=102: [s0|rpc:localhost:45409|admin:localhost:39453|client:localhost:35593|dataStream:localhost:32779|priority:0, s1|rpc:localhost:43687|admin:localhost:37289|client:localhost:37969|dataStream:localhost:45289|priority:0, s2|rpc:localhost:35381|admin:localhost:44889|client:localhost:37093|dataStream:localhost:36223|priority:0], old=null RUNNING
  s1:  RUNNING  FOLLOWER s1@group-9AEA52B37957:t4, leader=s0, voted=s0, raftlog=s1@group-9AEA52B37957-SegmentedRaftLog:OPENED:c43, conf=102: [s0|rpc:localhost:45409|admin:localhost:39453|client:localhost:35593|dataStream:localhost:32779|priority:0, s1|rpc:localhost:43687|admin:localhost:37289|client:localhost:37969|dataStream:localhost:45289|priority:0, s2|rpc:localhost:35381|admin:localhost:44889|client:localhost:37093|dataStream:localhost:36223|priority:0], old=null RUNNING
  s2:  RUNNING  FOLLOWER s2@group-9AEA52B37957:t4, leader=s0, voted=s0, raftlog=s2@group-9AEA52B37957-SegmentedRaftLog:OPENED:c103, conf=102: [s0|rpc:localhost:45409|admin:localhost:39453|client:localhost:35593|dataStream:localhost:32779|priority:0, s1|rpc:localhost:43687|admin:localhost:37289|client:localhost:37969|dataStream:localhost:45289|priority:0, s2|rpc:localhost:35381|admin:localhost:44889|client:localhost:37093|dataStream:localhost:36223|priority:0], old=null RUNNING
2022-07-08 04:37:03,765 [java.util.concurrent.ThreadPoolExecutor$Worker@38d5339e[State = -1, empty queue]] WARN  grpc.GrpcUtil (GrpcUtil.java:shutdownManagedChannel(216)) - Timed out gracefully shutting down connection: ManagedChannelOrphanWrapper{delegate=ManagedChannelImpl{logId=671, target=localhost:35593}}. 
2022-07-08 04:37:04,151 [java.util.concurrent.ThreadPoolExecutor$Worker@122902d9[State = -1, empty queue]] WARN  grpc.GrpcUtil (GrpcUtil.java:shutdownManagedChannel(216)) - Timed out gracefully shutting down connection: ManagedChannelOrphanWrapper{delegate=ManagedChannelImpl{logId=685, target=localhost:35593}}. 
2022-07-08 04:37:08,532 [Timer-2] INFO  impl.MiniRaftCluster (MiniRaftCluster.java:lambda$null$6(323)) - TIMED-PRINT: printing ALL groups
  s0:  RUNNING    LEADER s0@group-9AEA52B37957:t4, leader=s0, voted=s0, raftlog=s0@group-9AEA52B37957-SegmentedRaftLog:OPENED:c103, conf=102: [s0|rpc:localhost:45409|admin:localhost:39453|client:localhost:35593|dataStream:localhost:32779|priority:0, s1|rpc:localhost:43687|admin:localhost:37289|client:localhost:37969|dataStream:localhost:45289|priority:0, s2|rpc:localhost:35381|admin:localhost:44889|client:localhost:37093|dataStream:localhost:36223|priority:0], old=null RUNNING
  s1:  RUNNING  FOLLOWER s1@group-9AEA52B37957:t4, leader=s0, voted=s0, raftlog=s1@group-9AEA52B37957-SegmentedRaftLog:OPENED:c43, conf=102: [s0|rpc:localhost:45409|admin:localhost:39453|client:localhost:35593|dataStream:localhost:32779|priority:0, s1|rpc:localhost:43687|admin:localhost:37289|client:localhost:37969|dataStream:localhost:45289|priority:0, s2|rpc:localhost:35381|admin:localhost:44889|client:localhost:37093|dataStream:localhost:36223|priority:0], old=null RUNNING
  s2:  RUNNING  FOLLOWER s2@group-9AEA52B37957:t4, leader=s0, voted=s0, raftlog=s2@group-9AEA52B37957-SegmentedRaftLog:OPENED:c103, conf=102: [s0|rpc:localhost:45409|admin:localhost:39453|client:localhost:35593|dataStream:localhost:32779|priority:0, s1|rpc:localhost:43687|admin:localhost:37289|client:localhost:37969|dataStream:localhost:45289|priority:0, s2|rpc:localhost:35381|admin:localhost:44889|client:localhost:37093|dataStream:localhost:36223|priority:0], old=null RUNNING
2022-07-08 04:37:09,878 [java.util.concurrent.ThreadPoolExecutor$Worker@77ed60a[State = -1, empty queue]] WARN  grpc.GrpcUtil (GrpcUtil.java:shutdownManagedChannel(216)) - Timed out gracefully shutting down connection: ManagedChannelOrphanWrapper{delegate=ManagedChannelImpl{logId=699, target=localhost:35593}}. 
2022-07-08 04:37:10,268 [java.util.concurrent.ThreadPoolExecutor$Worker@7b547b47[State = -1, empty queue]] WARN  grpc.GrpcUtil (GrpcUtil.java:shutdownManagedChannel(216)) - Timed out gracefully shutting down connection: ManagedChannelOrphanWrapper{delegate=ManagedChannelImpl{logId=713, target=localhost:35593}}. 
2022-07-08 04:37:16,007 [java.util.concurrent.ThreadPoolExecutor$Worker@45f3d591[State = -1, empty queue]] WARN  grpc.GrpcUtil (GrpcUtil.java:shutdownManagedChannel(216)) - Timed out gracefully shutting down connection: ManagedChannelOrphanWrapper{delegate=ManagedChannelImpl{logId=727, target=localhost:35593}}. 
2022-07-08 04:37:16,388 [java.util.concurrent.ThreadPoolExecutor$Worker@655fd425[State = -1, empty queue]] WARN  grpc.GrpcUtil (GrpcUtil.java:shutdownManagedChannel(216)) - Timed out gracefully shutting down connection: ManagedChannelOrphanWrapper{delegate=ManagedChannelImpl{logId=741, target=localhost:35593}}. 
2022-07-08 04:37:18,532 [Timer-2] INFO  impl.MiniRaftCluster (MiniRaftCluster.java:lambda$null$6(323)) - TIMED-PRINT: printing ALL groups
  s0:  RUNNING    LEADER s0@group-9AEA52B37957:t4, leader=s0, voted=s0, raftlog=s0@group-9AEA52B37957-SegmentedRaftLog:OPENED:c103, conf=102: [s0|rpc:localhost:45409|admin:localhost:39453|client:localhost:35593|dataStream:localhost:32779|priority:0, s1|rpc:localhost:43687|admin:localhost:37289|client:localhost:37969|dataStream:localhost:45289|priority:0, s2|rpc:localhost:35381|admin:localhost:44889|client:localhost:37093|dataStream:localhost:36223|priority:0], old=null RUNNING
  s1:  RUNNING  FOLLOWER s1@group-9AEA52B37957:t4, leader=s0, voted=s0, raftlog=s1@group-9AEA52B37957-SegmentedRaftLog:OPENED:c43, conf=102: [s0|rpc:localhost:45409|admin:localhost:39453|client:localhost:35593|dataStream:localhost:32779|priority:0, s1|rpc:localhost:43687|admin:localhost:37289|client:localhost:37969|dataStream:localhost:45289|priority:0, s2|rpc:localhost:35381|admin:localhost:44889|client:localhost:37093|dataStream:localhost:36223|priority:0], old=null RUNNING
  s2:  RUNNING  FOLLOWER s2@group-9AEA52B37957:t4, leader=s0, voted=s0, raftlog=s2@group-9AEA52B37957-SegmentedRaftLog:OPENED:c103, conf=102: [s0|rpc:localhost:45409|admin:localhost:39453|client:localhost:35593|dataStream:localhost:32779|priority:0, s1|rpc:localhost:43687|admin:localhost:37289|client:localhost:37969|dataStream:localhost:45289|priority:0, s2|rpc:localhost:35381|admin:localhost:44889|client:localhost:37093|dataStream:localhost:36223|priority:0], old=null RUNNING
2022-07-08 04:37:22,135 [java.util.concurrent.ThreadPoolExecutor$Worker@447a1f32[State = -1, empty queue]] WARN  grpc.GrpcUtil (GrpcUtil.java:shutdownManagedChannel(216)) - Timed out gracefully shutting down connection: ManagedChannelOrphanWrapper{delegate=ManagedChannelImpl{logId=755, target=localhost:35593}}. 
2022-07-08 04:37:22,505 [java.util.concurrent.ThreadPoolExecutor$Worker@48a33622[State = -1, empty queue]] WARN  grpc.GrpcUtil (GrpcUtil.java:shutdownManagedChannel(216)) - Timed out gracefully shutting down connection: ManagedChannelOrphanWrapper{delegate=ManagedChannelImpl{logId=769, target=localhost:35593}}. 
2022-07-08 04:37:22,631 [s0-client-thread1] INFO  statemachine.StateMachine (DataStreamTestUtils.java:link(157)) - link null
2022-07-08 04:37:22,632 [s1-server-thread1] INFO  statemachine.StateMachine (DataStreamTestUtils.java:link(157)) - link null
2022-07-08 04:37:22,633 [s2-server-thread1] INFO  statemachine.StateMachine (DataStreamTestUtils.java:link(157)) - link null
2022-07-08 04:37:28,251 [java.util.concurrent.ThreadPoolExecutor$Worker@2a1969ed[State = -1, empty queue]] WARN  grpc.GrpcUtil (GrpcUtil.java:shutdownManagedChannel(216)) - Timed out gracefully shutting down connection: ManagedChannelOrphanWrapper{delegate=ManagedChannelImpl{logId=783, target=localhost:35593}}. 
2022-07-08 04:37:28,376 [s0-client-thread1] INFO  statemachine.StateMachine (DataStreamTestUtils.java:link(157)) - link null
2022-07-08 04:37:28,380 [s2-server-thread1] INFO  statemachine.StateMachine (DataStreamTestUtils.java:link(157)) - link null
2022-07-08 04:37:28,381 [s1-server-thread1] INFO  statemachine.StateMachine (DataStreamTestUtils.java:link(157)) - link null
2022-07-08 04:37:28,532 [Timer-2] INFO  impl.MiniRaftCluster (MiniRaftCluster.java:lambda$null$6(323)) - TIMED-PRINT: printing ALL groups
  s0:  RUNNING    LEADER s0@group-9AEA52B37957:t4, leader=s0, voted=s0, raftlog=s0@group-9AEA52B37957-SegmentedRaftLog:OPENED:c103, conf=102: [s0|rpc:localhost:45409|admin:localhost:39453|client:localhost:35593|dataStream:localhost:32779|priority:0, s1|rpc:localhost:43687|admin:localhost:37289|client:localhost:37969|dataStream:localhost:45289|priority:0, s2|rpc:localhost:35381|admin:localhost:44889|client:localhost:37093|dataStream:localhost:36223|priority:0], old=null RUNNING
  s1:  RUNNING  FOLLOWER s1@group-9AEA52B37957:t4, leader=s0, voted=s0, raftlog=s1@group-9AEA52B37957-SegmentedRaftLog:OPENED:c43, conf=102: [s0|rpc:localhost:45409|admin:localhost:39453|client:localhost:35593|dataStream:localhost:32779|priority:0, s1|rpc:localhost:43687|admin:localhost:37289|client:localhost:37969|dataStream:localhost:45289|priority:0, s2|rpc:localhost:35381|admin:localhost:44889|client:localhost:37093|dataStream:localhost:36223|priority:0], old=null RUNNING
  s2:  RUNNING  FOLLOWER s2@group-9AEA52B37957:t4, leader=s0, voted=s0, raftlog=s2@group-9AEA52B37957-SegmentedRaftLog:OPENED:c103, conf=102: [s0|rpc:localhost:45409|admin:localhost:39453|client:localhost:35593|dataStream:localhost:32779|priority:0, s1|rpc:localhost:43687|admin:localhost:37289|client:localhost:37969|dataStream:localhost:45289|priority:0, s2|rpc:localhost:35381|admin:localhost:44889|client:localhost:37093|dataStream:localhost:36223|priority:0], old=null RUNNING
2022-07-08 04:37:28,627 [java.util.concurrent.ThreadPoolExecutor$Worker@4d2f07a9[State = -1, empty queue]] WARN  grpc.GrpcUtil (GrpcUtil.java:shutdownManagedChannel(216)) - Timed out gracefully shutting down connection: ManagedChannelOrphanWrapper{delegate=ManagedChannelImpl{logId=797, target=localhost:35593}}. 
2022-07-08 04:37:28,630 [java.util.concurrent.ThreadPoolExecutor$Worker@4d2f07a9[State = -1, empty queue]] WARN  server.GrpcLogAppender (GrpcLogAppender.java:timeoutAppendRequest(240)) - s0@group-9AEA52B37957->s1-GrpcLogAppender:  appendEntries Timeout, request=AppendEntriesRequest:cid=7143,entriesCount=1,lastEntry=(t:4, i:108)
2022-07-08 04:37:28,630 [java.util.concurrent.ThreadPoolExecutor$Worker@4d2f07a9[State = -1, empty queue]] WARN  server.GrpcLogAppender (GrpcLogAppender.java:timeoutAppendRequest(240)) - s0@group-9AEA52B37957->s2-GrpcLogAppender:  appendEntries Timeout, request=AppendEntriesRequest:cid=810,entriesCount=1,lastEntry=(t:4, i:108)
2022-07-08 04:37:34,374 [java.util.concurrent.ThreadPoolExecutor$Worker@ecc7052[State = -1, empty queue]] WARN  grpc.GrpcUtil (GrpcUtil.java:shutdownManagedChannel(216)) - Timed out gracefully shutting down connection: ManagedChannelOrphanWrapper{delegate=ManagedChannelImpl{logId=811, target=localhost:35593}}. 
2022-07-08 04:37:34,377 [java.util.concurrent.ThreadPoolExecutor$Worker@ecc7052[State = -1, empty queue]] WARN  server.GrpcLogAppender (GrpcLogAppender.java:timeoutAppendRequest(240)) - s0@group-9AEA52B37957->s1-GrpcLogAppender:  appendEntries Timeout, request=AppendEntriesRequest:cid=7815,entriesCount=1,lastEntry=(t:4, i:109)
2022-07-08 04:37:34,377 [java.util.concurrent.ThreadPoolExecutor$Worker@ecc7052[State = -1, empty queue]] WARN  server.GrpcLogAppender (GrpcLogAppender.java:timeoutAppendRequest(240)) - s0@group-9AEA52B37957->s2-GrpcLogAppender:  appendEntries Timeout, request=AppendEntriesRequest:cid=886,entriesCount=1,lastEntry=(t:4, i:109)
2022-07-08 04:37:34,746 [java.util.concurrent.ThreadPoolExecutor$Worker@1f9a5b28[State = -1, empty queue]] WARN  grpc.GrpcUtil (GrpcUtil.java:shutdownManagedChannel(216)) - Timed out gracefully shutting down connection: ManagedChannelOrphanWrapper{delegate=ManagedChannelImpl{logId=825, target=localhost:35593}}. 
2022-07-08 04:37:38,533 [Timer-2] INFO  impl.MiniRaftCluster (MiniRaftCluster.java:lambda$null$6(323)) - TIMED-PRINT: printing ALL groups
  s0:  RUNNING    LEADER s0@group-9AEA52B37957:t4, leader=s0, voted=s0, raftlog=s0@group-9AEA52B37957-SegmentedRaftLog:OPENED:c103, conf=102: [s0|rpc:localhost:45409|admin:localhost:39453|client:localhost:35593|dataStream:localhost:32779|priority:0, s1|rpc:localhost:43687|admin:localhost:37289|client:localhost:37969|dataStream:localhost:45289|priority:0, s2|rpc:localhost:35381|admin:localhost:44889|client:localhost:37093|dataStream:localhost:36223|priority:0], old=null RUNNING
  s1:  RUNNING  FOLLOWER s1@group-9AEA52B37957:t4, leader=s0, voted=s0, raftlog=s1@group-9AEA52B37957-SegmentedRaftLog:OPENED:c43, conf=102: [s0|rpc:localhost:45409|admin:localhost:39453|client:localhost:35593|dataStream:localhost:32779|priority:0, s1|rpc:localhost:43687|admin:localhost:37289|client:localhost:37969|dataStream:localhost:45289|priority:0, s2|rpc:localhost:35381|admin:localhost:44889|client:localhost:37093|dataStream:localhost:36223|priority:0], old=null RUNNING
  s2:  RUNNING  FOLLOWER s2@group-9AEA52B37957:t4, leader=s0, voted=s0, raftlog=s2@group-9AEA52B37957-SegmentedRaftLog:OPENED:c103, conf=102: [s0|rpc:localhost:45409|admin:localhost:39453|client:localhost:35593|dataStream:localhost:32779|priority:0, s1|rpc:localhost:43687|admin:localhost:37289|client:localhost:37969|dataStream:localhost:45289|priority:0, s2|rpc:localhost:35381|admin:localhost:44889|client:localhost:37093|dataStream:localhost:36223|priority:0], old=null RUNNING
2022-07-08 04:37:40,497 [java.util.concurrent.ThreadPoolExecutor$Worker@75f4b75e[State = -1, empty queue]] WARN  grpc.GrpcUtil (GrpcUtil.java:shutdownManagedChannel(216)) - Timed out gracefully shutting down connection: ManagedChannelOrphanWrapper{delegate=ManagedChannelImpl{logId=839, target=localhost:35593}}. 
2022-07-08 04:37:40,871 [java.util.concurrent.ThreadPoolExecutor$Worker@649b989d[State = -1, empty queue]] WARN  grpc.GrpcUtil (GrpcUtil.java:shutdownManagedChannel(216)) - Timed out gracefully shutting down connection: ManagedChannelOrphanWrapper{delegate=ManagedChannelImpl{logId=853, target=localhost:35593}}. 
2022-07-08 04:37:46,617 [java.util.concurrent.ThreadPoolExecutor$Worker@64d715f8[State = -1, empty queue]] WARN  grpc.GrpcUtil (GrpcUtil.java:shutdownManagedChannel(216)) - Timed out gracefully shutting down connection: ManagedChannelOrphanWrapper{delegate=ManagedChannelImpl{logId=867, target=localhost:35593}}. 
2022-07-08 04:37:46,986 [java.util.concurrent.ThreadPoolExecutor$Worker@1844e2d7[State = -1, empty queue]] WARN  grpc.GrpcUtil (GrpcUtil.java:shutdownManagedChannel(216)) - Timed out gracefully shutting down connection: ManagedChannelOrphanWrapper{delegate=ManagedChannelImpl{logId=881, target=localhost:35593}}. 
2022-07-08 04:37:48,532 [Timer-2] INFO  impl.MiniRaftCluster (MiniRaftCluster.java:lambda$null$6(323)) - TIMED-PRINT: printing ALL groups
  s0:  RUNNING    LEADER s0@group-9AEA52B37957:t4, leader=s0, voted=s0, raftlog=s0@group-9AEA52B37957-SegmentedRaftLog:OPENED:c103, conf=102: [s0|rpc:localhost:45409|admin:localhost:39453|client:localhost:35593|dataStream:localhost:32779|priority:0, s1|rpc:localhost:43687|admin:localhost:37289|client:localhost:37969|dataStream:localhost:45289|priority:0, s2|rpc:localhost:35381|admin:localhost:44889|client:localhost:37093|dataStream:localhost:36223|priority:0], old=null RUNNING
  s1:  RUNNING  FOLLOWER s1@group-9AEA52B37957:t4, leader=s0, voted=s0, raftlog=s1@group-9AEA52B37957-SegmentedRaftLog:OPENED:c43, conf=102: [s0|rpc:localhost:45409|admin:localhost:39453|client:localhost:35593|dataStream:localhost:32779|priority:0, s1|rpc:localhost:43687|admin:localhost:37289|client:localhost:37969|dataStream:localhost:45289|priority:0, s2|rpc:localhost:35381|admin:localhost:44889|client:localhost:37093|dataStream:localhost:36223|priority:0], old=null RUNNING
  s2:  RUNNING  FOLLOWER s2@group-9AEA52B37957:t4, leader=s0, voted=s0, raftlog=s2@group-9AEA52B37957-SegmentedRaftLog:OPENED:c103, conf=102: [s0|rpc:localhost:45409|admin:localhost:39453|client:localhost:35593|dataStream:localhost:32779|priority:0, s1|rpc:localhost:43687|admin:localhost:37289|client:localhost:37969|dataStream:localhost:45289|priority:0, s2|rpc:localhost:35381|admin:localhost:44889|client:localhost:37093|dataStream:localhost:36223|priority:0], old=null RUNNING
2022-07-08 04:37:52,740 [java.util.concurrent.ThreadPoolExecutor$Worker@2ac131c7[State = -1, empty queue]] WARN  grpc.GrpcUtil (GrpcUtil.java:shutdownManagedChannel(216)) - Timed out gracefully shutting down connection: ManagedChannelOrphanWrapper{delegate=ManagedChannelImpl{logId=895, target=localhost:35593}}. 
2022-07-08 04:37:53,119 [java.util.concurrent.ThreadPoolExecutor$Worker@683d13f8[State = -1, empty queue]] WARN  grpc.GrpcUtil (GrpcUtil.java:shutdownManagedChannel(216)) - Timed out gracefully shutting down connection: ManagedChannelOrphanWrapper{delegate=ManagedChannelImpl{logId=909, target=localhost:35593}}. 
2022-07-08 04:37:58,533 [Timer-2] INFO  impl.MiniRaftCluster (MiniRaftCluster.java:lambda$null$6(323)) - TIMED-PRINT: printing ALL groups
  s0:  RUNNING    LEADER s0@group-9AEA52B37957:t4, leader=s0, voted=s0, raftlog=s0@group-9AEA52B37957-SegmentedRaftLog:OPENED:c103, conf=102: [s0|rpc:localhost:45409|admin:localhost:39453|client:localhost:35593|dataStream:localhost:32779|priority:0, s1|rpc:localhost:43687|admin:localhost:37289|client:localhost:37969|dataStream:localhost:45289|priority:0, s2|rpc:localhost:35381|admin:localhost:44889|client:localhost:37093|dataStream:localhost:36223|priority:0], old=null RUNNING
  s1:  RUNNING  FOLLOWER s1@group-9AEA52B37957:t4, leader=s0, voted=s0, raftlog=s1@group-9AEA52B37957-SegmentedRaftLog:OPENED:c43, conf=102: [s0|rpc:localhost:45409|admin:localhost:39453|client:localhost:35593|dataStream:localhost:32779|priority:0, s1|rpc:localhost:43687|admin:localhost:37289|client:localhost:37969|dataStream:localhost:45289|priority:0, s2|rpc:localhost:35381|admin:localhost:44889|client:localhost:37093|dataStream:localhost:36223|priority:0], old=null RUNNING
  s2:  RUNNING  FOLLOWER s2@group-9AEA52B37957:t4, leader=s0, voted=s0, raftlog=s2@group-9AEA52B37957-SegmentedRaftLog:OPENED:c103, conf=102: [s0|rpc:localhost:45409|admin:localhost:39453|client:localhost:35593|dataStream:localhost:32779|priority:0, s1|rpc:localhost:43687|admin:localhost:37289|client:localhost:37969|dataStream:localhost:45289|priority:0, s2|rpc:localhost:35381|admin:localhost:44889|client:localhost:37093|dataStream:localhost:36223|priority:0], old=null RUNNING
2022-07-08 04:37:58,860 [java.util.concurrent.ThreadPoolExecutor$Worker@44d426fe[State = -1, empty queue]] WARN  grpc.GrpcUtil (GrpcUtil.java:shutdownManagedChannel(216)) - Timed out gracefully shutting down connection: ManagedChannelOrphanWrapper{delegate=ManagedChannelImpl{logId=923, target=localhost:35593}}. 
2022-07-08 04:37:59,236 [java.util.concurrent.ThreadPoolExecutor$Worker@137d2d81[State = -1, empty queue]] WARN  grpc.GrpcUtil (GrpcUtil.java:shutdownManagedChannel(216)) - Timed out gracefully shutting down connection: ManagedChannelOrphanWrapper{delegate=ManagedChannelImpl{logId=937, target=localhost:35593}}. 
2022-07-08 04:38:04,978 [java.util.concurrent.ThreadPoolExecutor$Worker@554ad593[State = -1, empty queue]] WARN  grpc.GrpcUtil (GrpcUtil.java:shutdownManagedChannel(216)) - Timed out gracefully shutting down connection: ManagedChannelOrphanWrapper{delegate=ManagedChannelImpl{logId=951, target=localhost:35593}}. 
2022-07-08 04:38:05,354 [java.util.concurrent.ThreadPoolExecutor$Worker@383c734c[State = -1, empty queue]] WARN  grpc.GrpcUtil (GrpcUtil.java:shutdownManagedChannel(216)) - Timed out gracefully shutting down connection: ManagedChannelOrphanWrapper{delegate=ManagedChannelImpl{logId=965, target=localhost:35593}}. 
2022-07-08 04:38:08,532 [Timer-2] INFO  impl.MiniRaftCluster (MiniRaftCluster.java:lambda$null$6(323)) - TIMED-PRINT: printing ALL groups
  s0:  RUNNING    LEADER s0@group-9AEA52B37957:t4, leader=s0, voted=s0, raftlog=s0@group-9AEA52B37957-SegmentedRaftLog:OPENED:c103, conf=102: [s0|rpc:localhost:45409|admin:localhost:39453|client:localhost:35593|dataStream:localhost:32779|priority:0, s1|rpc:localhost:43687|admin:localhost:37289|client:localhost:37969|dataStream:localhost:45289|priority:0, s2|rpc:localhost:35381|admin:localhost:44889|client:localhost:37093|dataStream:localhost:36223|priority:0], old=null RUNNING
  s1:  RUNNING  FOLLOWER s1@group-9AEA52B37957:t4, leader=s0, voted=s0, raftlog=s1@group-9AEA52B37957-SegmentedRaftLog:OPENED:c43, conf=102: [s0|rpc:localhost:45409|admin:localhost:39453|client:localhost:35593|dataStream:localhost:32779|priority:0, s1|rpc:localhost:43687|admin:localhost:37289|client:localhost:37969|dataStream:localhost:45289|priority:0, s2|rpc:localhost:35381|admin:localhost:44889|client:localhost:37093|dataStream:localhost:36223|priority:0], old=null RUNNING
  s2:  RUNNING  FOLLOWER s2@group-9AEA52B37957:t4, leader=s0, voted=s0, raftlog=s2@group-9AEA52B37957-SegmentedRaftLog:OPENED:c103, conf=102: [s0|rpc:localhost:45409|admin:localhost:39453|client:localhost:35593|dataStream:localhost:32779|priority:0, s1|rpc:localhost:43687|admin:localhost:37289|client:localhost:37969|dataStream:localhost:45289|priority:0, s2|rpc:localhost:35381|admin:localhost:44889|client:localhost:37093|dataStream:localhost:36223|priority:0], old=null RUNNING
2022-07-08 04:38:11,096 [java.util.concurrent.ThreadPoolExecutor$Worker@1e2ef4fc[State = -1, empty queue]] WARN  grpc.GrpcUtil (GrpcUtil.java:shutdownManagedChannel(216)) - Timed out gracefully shutting down connection: ManagedChannelOrphanWrapper{delegate=ManagedChannelImpl{logId=979, target=localhost:35593}}. 
2022-07-08 04:38:11,472 [java.util.concurrent.ThreadPoolExecutor$Worker@2a4b38e2[State = -1, empty queue]] WARN  grpc.GrpcUtil (GrpcUtil.java:shutdownManagedChannel(216)) - Timed out gracefully shutting down connection: ManagedChannelOrphanWrapper{delegate=ManagedChannelImpl{logId=993, target=localhost:35593}}. 
2022-07-08 04:38:17,212 [java.util.concurrent.ThreadPoolExecutor$Worker@34b27bd8[State = -1, empty queue]] WARN  grpc.GrpcUtil (GrpcUtil.java:shutdownManagedChannel(216)) - Timed out gracefully shutting down connection: ManagedChannelOrphanWrapper{delegate=ManagedChannelImpl{logId=1007, target=localhost:35593}}. 
2022-07-08 04:38:17,595 [java.util.concurrent.ThreadPoolExecutor$Worker@3119079a[State = -1, empty queue]] WARN  grpc.GrpcUtil (GrpcUtil.java:shutdownManagedChannel(216)) - Timed out gracefully shutting down connection: ManagedChannelOrphanWrapper{delegate=ManagedChannelImpl{logId=1021, target=localhost:35593}}. 
2022-07-08 04:38:18,533 [Timer-2] INFO  impl.MiniRaftCluster (MiniRaftCluster.java:lambda$null$6(323)) - TIMED-PRINT: printing ALL groups
  s0:  RUNNING    LEADER s0@group-9AEA52B37957:t4, leader=s0, voted=s0, raftlog=s0@group-9AEA52B37957-SegmentedRaftLog:OPENED:c103, conf=102: [s0|rpc:localhost:45409|admin:localhost:39453|client:localhost:35593|dataStream:localhost:32779|priority:0, s1|rpc:localhost:43687|admin:localhost:37289|client:localhost:37969|dataStream:localhost:45289|priority:0, s2|rpc:localhost:35381|admin:localhost:44889|client:localhost:37093|dataStream:localhost:36223|priority:0], old=null RUNNING
  s1:  RUNNING  FOLLOWER s1@group-9AEA52B37957:t4, leader=s0, voted=s0, raftlog=s1@group-9AEA52B37957-SegmentedRaftLog:OPENED:c43, conf=102: [s0|rpc:localhost:45409|admin:localhost:39453|client:localhost:35593|dataStream:localhost:32779|priority:0, s1|rpc:localhost:43687|admin:localhost:37289|client:localhost:37969|dataStream:localhost:45289|priority:0, s2|rpc:localhost:35381|admin:localhost:44889|client:localhost:37093|dataStream:localhost:36223|priority:0], old=null RUNNING
  s2:  RUNNING  FOLLOWER s2@group-9AEA52B37957:t4, leader=s0, voted=s0, raftlog=s2@group-9AEA52B37957-SegmentedRaftLog:OPENED:c103, conf=102: [s0|rpc:localhost:45409|admin:localhost:39453|client:localhost:35593|dataStream:localhost:32779|priority:0, s1|rpc:localhost:43687|admin:localhost:37289|client:localhost:37969|dataStream:localhost:45289|priority:0, s2|rpc:localhost:35381|admin:localhost:44889|client:localhost:37093|dataStream:localhost:36223|priority:0], old=null RUNNING
2022-07-08 04:38:23,330 [java.util.concurrent.ThreadPoolExecutor$Worker@43fe9df1[State = -1, empty queue]] WARN  grpc.GrpcUtil (GrpcUtil.java:shutdownManagedChannel(216)) - Timed out gracefully shutting down connection: ManagedChannelOrphanWrapper{delegate=ManagedChannelImpl{logId=1035, target=localhost:35593}}. 
2022-07-08 04:38:23,714 [java.util.concurrent.ThreadPoolExecutor$Worker@54edafe[State = -1, empty queue]] WARN  grpc.GrpcUtil (GrpcUtil.java:shutdownManagedChannel(216)) - Timed out gracefully shutting down connection: ManagedChannelOrphanWrapper{delegate=ManagedChannelImpl{logId=1049, target=localhost:35593}}. 
2022-07-08 04:38:23,853 [s0-client-thread1] INFO  statemachine.StateMachine (DataStreamTestUtils.java:link(157)) - link null
2022-07-08 04:38:23,854 [s1-server-thread1] INFO  statemachine.StateMachine (DataStreamTestUtils.java:link(157)) - link null
2022-07-08 04:38:23,854 [s2-server-thread1] INFO  statemachine.StateMachine (DataStreamTestUtils.java:link(157)) - link null
2022-07-08 04:38:28,532 [Timer-2] INFO  impl.MiniRaftCluster (MiniRaftCluster.java:lambda$null$6(323)) - TIMED-PRINT: printing ALL groups
  s0:  RUNNING    LEADER s0@group-9AEA52B37957:t4, leader=s0, voted=s0, raftlog=s0@group-9AEA52B37957-SegmentedRaftLog:OPENED:c103, conf=102: [s0|rpc:localhost:45409|admin:localhost:39453|client:localhost:35593|dataStream:localhost:32779|priority:0, s1|rpc:localhost:43687|admin:localhost:37289|client:localhost:37969|dataStream:localhost:45289|priority:0, s2|rpc:localhost:35381|admin:localhost:44889|client:localhost:37093|dataStream:localhost:36223|priority:0], old=null RUNNING
  s1:  RUNNING  FOLLOWER s1@group-9AEA52B37957:t4, leader=s0, voted=s0, raftlog=s1@group-9AEA52B37957-SegmentedRaftLog:OPENED:c43, conf=102: [s0|rpc:localhost:45409|admin:localhost:39453|client:localhost:35593|dataStream:localhost:32779|priority:0, s1|rpc:localhost:43687|admin:localhost:37289|client:localhost:37969|dataStream:localhost:45289|priority:0, s2|rpc:localhost:35381|admin:localhost:44889|client:localhost:37093|dataStream:localhost:36223|priority:0], old=null RUNNING
  s2:  RUNNING  FOLLOWER s2@group-9AEA52B37957:t4, leader=s0, voted=s0, raftlog=s2@group-9AEA52B37957-SegmentedRaftLog:OPENED:c103, conf=102: [s0|rpc:localhost:45409|admin:localhost:39453|client:localhost:35593|dataStream:localhost:32779|priority:0, s1|rpc:localhost:43687|admin:localhost:37289|client:localhost:37969|dataStream:localhost:45289|priority:0, s2|rpc:localhost:35381|admin:localhost:44889|client:localhost:37093|dataStream:localhost:36223|priority:0], old=null RUNNING
2022-07-08 04:38:29,452 [java.util.concurrent.ThreadPoolExecutor$Worker@7f7a65c9[State = -1, empty queue]] WARN  grpc.GrpcUtil (GrpcUtil.java:shutdownManagedChannel(216)) - Timed out gracefully shutting down connection: ManagedChannelOrphanWrapper{delegate=ManagedChannelImpl{logId=1063, target=localhost:35593}}. 
2022-07-08 04:38:29,572 [s0-client-thread1] INFO  statemachine.StateMachine (DataStreamTestUtils.java:link(157)) - link null
2022-07-08 04:38:29,573 [s1-server-thread1] INFO  statemachine.StateMachine (DataStreamTestUtils.java:link(157)) - link null
2022-07-08 04:38:29,573 [s2-server-thread1] INFO  statemachine.StateMachine (DataStreamTestUtils.java:link(157)) - link null
2022-07-08 04:38:29,846 [java.util.concurrent.ThreadPoolExecutor$Worker@7607011[State = -1, empty queue]] WARN  grpc.GrpcUtil (GrpcUtil.java:shutdownManagedChannel(216)) - Timed out gracefully shutting down connection: ManagedChannelOrphanWrapper{delegate=ManagedChannelImpl{logId=1077, target=localhost:35593}}. 
2022-07-08 04:38:29,849 [java.util.concurrent.ThreadPoolExecutor$Worker@7607011[State = -1, empty queue]] WARN  server.GrpcLogAppender (GrpcLogAppender.java:timeoutAppendRequest(240)) - s0@group-9AEA52B37957->s2-GrpcLogAppender:  appendEntries Timeout, request=AppendEntriesRequest:cid=1611,entriesCount=1,lastEntry=(t:4, i:110)
2022-07-08 04:38:29,849 [java.util.concurrent.ThreadPoolExecutor$Worker@7607011[State = -1, empty queue]] WARN  server.GrpcLogAppender (GrpcLogAppender.java:timeoutAppendRequest(240)) - s0@group-9AEA52B37957->s1-GrpcLogAppender:  appendEntries Timeout, request=AppendEntriesRequest:cid=14330,entriesCount=1,lastEntry=(t:4, i:110)
2022-07-08 04:38:35,567 [java.util.concurrent.ThreadPoolExecutor$Worker@30cd5ea8[State = -1, empty queue]] WARN  grpc.GrpcUtil (GrpcUtil.java:shutdownManagedChannel(216)) - Timed out gracefully shutting down connection: ManagedChannelOrphanWrapper{delegate=ManagedChannelImpl{logId=1091, target=localhost:35593}}. 
2022-07-08 04:38:35,570 [java.util.concurrent.ThreadPoolExecutor$Worker@30cd5ea8[State = -1, empty queue]] WARN  server.GrpcLogAppender (GrpcLogAppender.java:timeoutAppendRequest(240)) - s0@group-9AEA52B37957->s1-GrpcLogAppender:  appendEntries Timeout, request=AppendEntriesRequest:cid=15000,entriesCount=1,lastEntry=(t:4, i:111)
2022-07-08 04:38:35,570 [java.util.concurrent.ThreadPoolExecutor$Worker@30cd5ea8[State = -1, empty queue]] WARN  server.GrpcLogAppender (GrpcLogAppender.java:timeoutAppendRequest(240)) - s0@group-9AEA52B37957->s2-GrpcLogAppender:  appendEntries Timeout, request=AppendEntriesRequest:cid=1686,entriesCount=1,lastEntry=(t:4, i:111)
2022-07-08 04:38:35,963 [java.util.concurrent.ThreadPoolExecutor$Worker@1388274b[State = -1, empty queue]] WARN  grpc.GrpcUtil (GrpcUtil.java:shutdownManagedChannel(216)) - Timed out gracefully shutting down connection: ManagedChannelOrphanWrapper{delegate=ManagedChannelImpl{logId=1105, target=localhost:35593}}. 
2022-07-08 04:38:38,533 [Timer-2] INFO  impl.MiniRaftCluster (MiniRaftCluster.java:lambda$null$6(323)) - TIMED-PRINT: printing ALL groups
  s0:  RUNNING    LEADER s0@group-9AEA52B37957:t4, leader=s0, voted=s0, raftlog=s0@group-9AEA52B37957-SegmentedRaftLog:OPENED:c103, conf=102: [s0|rpc:localhost:45409|admin:localhost:39453|client:localhost:35593|dataStream:localhost:32779|priority:0, s1|rpc:localhost:43687|admin:localhost:37289|client:localhost:37969|dataStream:localhost:45289|priority:0, s2|rpc:localhost:35381|admin:localhost:44889|client:localhost:37093|dataStream:localhost:36223|priority:0], old=null RUNNING
  s1:  RUNNING  FOLLOWER s1@group-9AEA52B37957:t4, leader=s0, voted=s0, raftlog=s1@group-9AEA52B37957-SegmentedRaftLog:OPENED:c43, conf=102: [s0|rpc:localhost:45409|admin:localhost:39453|client:localhost:35593|dataStream:localhost:32779|priority:0, s1|rpc:localhost:43687|admin:localhost:37289|client:localhost:37969|dataStream:localhost:45289|priority:0, s2|rpc:localhost:35381|admin:localhost:44889|client:localhost:37093|dataStream:localhost:36223|priority:0], old=null RUNNING
  s2:  RUNNING  FOLLOWER s2@group-9AEA52B37957:t4, leader=s0, voted=s0, raftlog=s2@group-9AEA52B37957-SegmentedRaftLog:OPENED:c103, conf=102: [s0|rpc:localhost:45409|admin:localhost:39453|client:localhost:35593|dataStream:localhost:32779|priority:0, s1|rpc:localhost:43687|admin:localhost:37289|client:localhost:37969|dataStream:localhost:45289|priority:0, s2|rpc:localhost:35381|admin:localhost:44889|client:localhost:37093|dataStream:localhost:36223|priority:0], old=null RUNNING
2022-07-08 04:38:41,684 [java.util.concurrent.ThreadPoolExecutor$Worker@56f7be76[State = -1, empty queue]] WARN  grpc.GrpcUtil (GrpcUtil.java:shutdownManagedChannel(216)) - Timed out gracefully shutting down connection: ManagedChannelOrphanWrapper{delegate=ManagedChannelImpl{logId=1119, target=localhost:35593}}. 
2022-07-08 04:38:42,085 [java.util.concurrent.ThreadPoolExecutor$Worker@16eb2d27[State = -1, empty queue]] WARN  grpc.GrpcUtil (GrpcUtil.java:shutdownManagedChannel(216)) - Timed out gracefully shutting down connection: ManagedChannelOrphanWrapper{delegate=ManagedChannelImpl{logId=1133, target=localhost:35593}}. 
2022-07-08 04:38:47,809 [java.util.concurrent.ThreadPoolExecutor$Worker@2f8154a7[State = -1, empty queue]] WARN  grpc.GrpcUtil (GrpcUtil.java:shutdownManagedChannel(216)) - Timed out gracefully shutting down connection: ManagedChannelOrphanWrapper{delegate=ManagedChannelImpl{logId=1147, target=localhost:35593}}. 
2022-07-08 04:38:48,202 [java.util.concurrent.ThreadPoolExecutor$Worker@2c016681[State = -1, empty queue]] WARN  grpc.GrpcUtil (GrpcUtil.java:shutdownManagedChannel(216)) - Timed out gracefully shutting down connection: ManagedChannelOrphanWrapper{delegate=ManagedChannelImpl{logId=1161, target=localhost:35593}}. 
2022-07-08 04:38:48,534 [Timer-2] INFO  impl.MiniRaftCluster (MiniRaftCluster.java:lambda$null$6(323)) - TIMED-PRINT: printing ALL groups
  s0:  RUNNING    LEADER s0@group-9AEA52B37957:t4, leader=s0, voted=s0, raftlog=s0@group-9AEA52B37957-SegmentedRaftLog:OPENED:c103, conf=102: [s0|rpc:localhost:45409|admin:localhost:39453|client:localhost:35593|dataStream:localhost:32779|priority:0, s1|rpc:localhost:43687|admin:localhost:37289|client:localhost:37969|dataStream:localhost:45289|priority:0, s2|rpc:localhost:35381|admin:localhost:44889|client:localhost:37093|dataStream:localhost:36223|priority:0], old=null RUNNING
  s1:  RUNNING  FOLLOWER s1@group-9AEA52B37957:t4, leader=s0, voted=s0, raftlog=s1@group-9AEA52B37957-SegmentedRaftLog:OPENED:c43, conf=102: [s0|rpc:localhost:45409|admin:localhost:39453|client:localhost:35593|dataStream:localhost:32779|priority:0, s1|rpc:localhost:43687|admin:localhost:37289|client:localhost:37969|dataStream:localhost:45289|priority:0, s2|rpc:localhost:35381|admin:localhost:44889|client:localhost:37093|dataStream:localhost:36223|priority:0], old=null RUNNING
  s2:  RUNNING  FOLLOWER s2@group-9AEA52B37957:t4, leader=s0, voted=s0, raftlog=s2@group-9AEA52B37957-SegmentedRaftLog:OPENED:c103, conf=102: [s0|rpc:localhost:45409|admin:localhost:39453|client:localhost:35593|dataStream:localhost:32779|priority:0, s1|rpc:localhost:43687|admin:localhost:37289|client:localhost:37969|dataStream:localhost:45289|priority:0, s2|rpc:localhost:35381|admin:localhost:44889|client:localhost:37093|dataStream:localhost:36223|priority:0], old=null RUNNING
2022-07-08 04:38:53,931 [java.util.concurrent.ThreadPoolExecutor$Worker@5e814106[State = -1, empty queue]] WARN  grpc.GrpcUtil (GrpcUtil.java:shutdownManagedChannel(216)) - Timed out gracefully shutting down connection: ManagedChannelOrphanWrapper{delegate=ManagedChannelImpl{logId=1175, target=localhost:35593}}. 
2022-07-08 04:38:54,323 [java.util.concurrent.ThreadPoolExecutor$Worker@58b7145a[State = -1, empty queue]] WARN  grpc.GrpcUtil (GrpcUtil.java:shutdownManagedChannel(216)) - Timed out gracefully shutting down connection: ManagedChannelOrphanWrapper{delegate=ManagedChannelImpl{logId=1189, target=localhost:35593}}. 
2022-07-08 04:38:58,533 [Timer-2] INFO  impl.MiniRaftCluster (MiniRaftCluster.java:lambda$null$6(323)) - TIMED-PRINT: printing ALL groups
  s0:  RUNNING    LEADER s0@group-9AEA52B37957:t4, leader=s0, voted=s0, raftlog=s0@group-9AEA52B37957-SegmentedRaftLog:OPENED:c103, conf=102: [s0|rpc:localhost:45409|admin:localhost:39453|client:localhost:35593|dataStream:localhost:32779|priority:0, s1|rpc:localhost:43687|admin:localhost:37289|client:localhost:37969|dataStream:localhost:45289|priority:0, s2|rpc:localhost:35381|admin:localhost:44889|client:localhost:37093|dataStream:localhost:36223|priority:0], old=null RUNNING
  s1:  RUNNING  FOLLOWER s1@group-9AEA52B37957:t4, leader=s0, voted=s0, raftlog=s1@group-9AEA52B37957-SegmentedRaftLog:OPENED:c43, conf=102: [s0|rpc:localhost:45409|admin:localhost:39453|client:localhost:35593|dataStream:localhost:32779|priority:0, s1|rpc:localhost:43687|admin:localhost:37289|client:localhost:37969|dataStream:localhost:45289|priority:0, s2|rpc:localhost:35381|admin:localhost:44889|client:localhost:37093|dataStream:localhost:36223|priority:0], old=null RUNNING
  s2:  RUNNING  FOLLOWER s2@group-9AEA52B37957:t4, leader=s0, voted=s0, raftlog=s2@group-9AEA52B37957-SegmentedRaftLog:OPENED:c103, conf=102: [s0|rpc:localhost:45409|admin:localhost:39453|client:localhost:35593|dataStream:localhost:32779|priority:0, s1|rpc:localhost:43687|admin:localhost:37289|client:localhost:37969|dataStream:localhost:45289|priority:0, s2|rpc:localhost:35381|admin:localhost:44889|client:localhost:37093|dataStream:localhost:36223|priority:0], old=null RUNNING
2022-07-08 04:39:00,049 [java.util.concurrent.ThreadPoolExecutor$Worker@7aff9a62[State = -1, empty queue]] WARN  grpc.GrpcUtil (GrpcUtil.java:shutdownManagedChannel(216)) - Timed out gracefully shutting down connection: ManagedChannelOrphanWrapper{delegate=ManagedChannelImpl{logId=1203, target=localhost:35593}}. 
2022-07-08 04:39:00,439 [java.util.concurrent.ThreadPoolExecutor$Worker@323bbee9[State = -1, empty queue]] WARN  grpc.GrpcUtil (GrpcUtil.java:shutdownManagedChannel(216)) - Timed out gracefully shutting down connection: ManagedChannelOrphanWrapper{delegate=ManagedChannelImpl{logId=1217, target=localhost:35593}}. 
2022-07-08 04:39:06,164 [java.util.concurrent.ThreadPoolExecutor$Worker@34d2d2cc[State = -1, empty queue]] WARN  grpc.GrpcUtil (GrpcUtil.java:shutdownManagedChannel(216)) - Timed out gracefully shutting down connection: ManagedChannelOrphanWrapper{delegate=ManagedChannelImpl{logId=1231, target=localhost:35593}}. 
2022-07-08 04:39:06,559 [java.util.concurrent.ThreadPoolExecutor$Worker@2ec5efbf[State = -1, empty queue]] WARN  grpc.GrpcUtil (GrpcUtil.java:shutdownManagedChannel(216)) - Timed out gracefully shutting down connection: ManagedChannelOrphanWrapper{delegate=ManagedChannelImpl{logId=1245, target=localhost:35593}}. 
2022-07-08 04:39:08,534 [Timer-2] INFO  impl.MiniRaftCluster (MiniRaftCluster.java:lambda$null$6(323)) - TIMED-PRINT: printing ALL groups
  s0:  RUNNING    LEADER s0@group-9AEA52B37957:t4, leader=s0, voted=s0, raftlog=s0@group-9AEA52B37957-SegmentedRaftLog:OPENED:c103, conf=102: [s0|rpc:localhost:45409|admin:localhost:39453|client:localhost:35593|dataStream:localhost:32779|priority:0, s1|rpc:localhost:43687|admin:localhost:37289|client:localhost:37969|dataStream:localhost:45289|priority:0, s2|rpc:localhost:35381|admin:localhost:44889|client:localhost:37093|dataStream:localhost:36223|priority:0], old=null RUNNING
  s1:  RUNNING  FOLLOWER s1@group-9AEA52B37957:t4, leader=s0, voted=s0, raftlog=s1@group-9AEA52B37957-SegmentedRaftLog:OPENED:c43, conf=102: [s0|rpc:localhost:45409|admin:localhost:39453|client:localhost:35593|dataStream:localhost:32779|priority:0, s1|rpc:localhost:43687|admin:localhost:37289|client:localhost:37969|dataStream:localhost:45289|priority:0, s2|rpc:localhost:35381|admin:localhost:44889|client:localhost:37093|dataStream:localhost:36223|priority:0], old=null RUNNING
  s2:  RUNNING  FOLLOWER s2@group-9AEA52B37957:t4, leader=s0, voted=s0, raftlog=s2@group-9AEA52B37957-SegmentedRaftLog:OPENED:c103, conf=102: [s0|rpc:localhost:45409|admin:localhost:39453|client:localhost:35593|dataStream:localhost:32779|priority:0, s1|rpc:localhost:43687|admin:localhost:37289|client:localhost:37969|dataStream:localhost:45289|priority:0, s2|rpc:localhost:35381|admin:localhost:44889|client:localhost:37093|dataStream:localhost:36223|priority:0], old=null RUNNING
2022-07-08 04:39:12,299 [java.util.concurrent.ThreadPoolExecutor$Worker@3d18f5c1[State = -1, empty queue]] WARN  grpc.GrpcUtil (GrpcUtil.java:shutdownManagedChannel(216)) - Timed out gracefully shutting down connection: ManagedChannelOrphanWrapper{delegate=ManagedChannelImpl{logId=1259, target=localhost:35593}}. 
2022-07-08 04:39:12,713 [java.util.concurrent.ThreadPoolExecutor$Worker@68e0dbd4[State = -1, empty queue]] WARN  grpc.GrpcUtil (GrpcUtil.java:shutdownManagedChannel(216)) - Timed out gracefully shutting down connection: ManagedChannelOrphanWrapper{delegate=ManagedChannelImpl{logId=1273, target=localhost:35593}}. 
2022-07-08 04:39:18,419 [java.util.concurrent.ThreadPoolExecutor$Worker@5fc4c0[State = -1, empty queue]] WARN  grpc.GrpcUtil (GrpcUtil.java:shutdownManagedChannel(216)) - Timed out gracefully shutting down connection: ManagedChannelOrphanWrapper{delegate=ManagedChannelImpl{logId=1287, target=localhost:35593}}. 
2022-07-08 04:39:18,535 [Timer-2] INFO  impl.MiniRaftCluster (MiniRaftCluster.java:lambda$null$6(323)) - TIMED-PRINT: printing ALL groups
  s0:  RUNNING    LEADER s0@group-9AEA52B37957:t4, leader=s0, voted=s0, raftlog=s0@group-9AEA52B37957-SegmentedRaftLog:OPENED:c103, conf=102: [s0|rpc:localhost:45409|admin:localhost:39453|client:localhost:35593|dataStream:localhost:32779|priority:0, s1|rpc:localhost:43687|admin:localhost:37289|client:localhost:37969|dataStream:localhost:45289|priority:0, s2|rpc:localhost:35381|admin:localhost:44889|client:localhost:37093|dataStream:localhost:36223|priority:0], old=null RUNNING
  s1:  RUNNING  FOLLOWER s1@group-9AEA52B37957:t4, leader=s0, voted=s0, raftlog=s1@group-9AEA52B37957-SegmentedRaftLog:OPENED:c43, conf=102: [s0|rpc:localhost:45409|admin:localhost:39453|client:localhost:35593|dataStream:localhost:32779|priority:0, s1|rpc:localhost:43687|admin:localhost:37289|client:localhost:37969|dataStream:localhost:45289|priority:0, s2|rpc:localhost:35381|admin:localhost:44889|client:localhost:37093|dataStream:localhost:36223|priority:0], old=null RUNNING
  s2:  RUNNING  FOLLOWER s2@group-9AEA52B37957:t4, leader=s0, voted=s0, raftlog=s2@group-9AEA52B37957-SegmentedRaftLog:OPENED:c103, conf=102: [s0|rpc:localhost:45409|admin:localhost:39453|client:localhost:35593|dataStream:localhost:32779|priority:0, s1|rpc:localhost:43687|admin:localhost:37289|client:localhost:37969|dataStream:localhost:45289|priority:0, s2|rpc:localhost:35381|admin:localhost:44889|client:localhost:37093|dataStream:localhost:36223|priority:0], old=null RUNNING
2022-07-08 04:39:18,833 [java.util.concurrent.ThreadPoolExecutor$Worker@5d2d6d88[State = -1, empty queue]] WARN  grpc.GrpcUtil (GrpcUtil.java:shutdownManagedChannel(216)) - Timed out gracefully shutting down connection: ManagedChannelOrphanWrapper{delegate=ManagedChannelImpl{logId=1301, target=localhost:35593}}. 
2022-07-08 04:39:24,532 [java.util.concurrent.ThreadPoolExecutor$Worker@314def5c[State = -1, empty queue]] WARN  grpc.GrpcUtil (GrpcUtil.java:shutdownManagedChannel(216)) - Timed out gracefully shutting down connection: ManagedChannelOrphanWrapper{delegate=ManagedChannelImpl{logId=1315, target=localhost:35593}}. 
2022-07-08 04:39:24,950 [java.util.concurrent.ThreadPoolExecutor$Worker@17190da0[State = -1, empty queue]] WARN  grpc.GrpcUtil (GrpcUtil.java:shutdownManagedChannel(216)) - Timed out gracefully shutting down connection: ManagedChannelOrphanWrapper{delegate=ManagedChannelImpl{logId=1329, target=localhost:35593}}. 
2022-07-08 04:39:25,073 [s0-client-thread1] INFO  statemachine.StateMachine (DataStreamTestUtils.java:link(157)) - link null
2022-07-08 04:39:25,074 [s2-server-thread1] INFO  statemachine.StateMachine (DataStreamTestUtils.java:link(157)) - link null
2022-07-08 04:39:25,074 [s1-server-thread1] INFO  statemachine.StateMachine (DataStreamTestUtils.java:link(157)) - link null
2022-07-08 04:39:28,534 [Timer-2] INFO  impl.MiniRaftCluster (MiniRaftCluster.java:lambda$null$6(323)) - TIMED-PRINT: printing ALL groups
  s0:  RUNNING    LEADER s0@group-9AEA52B37957:t4, leader=s0, voted=s0, raftlog=s0@group-9AEA52B37957-SegmentedRaftLog:OPENED:c103, conf=102: [s0|rpc:localhost:45409|admin:localhost:39453|client:localhost:35593|dataStream:localhost:32779|priority:0, s1|rpc:localhost:43687|admin:localhost:37289|client:localhost:37969|dataStream:localhost:45289|priority:0, s2|rpc:localhost:35381|admin:localhost:44889|client:localhost:37093|dataStream:localhost:36223|priority:0], old=null RUNNING
  s1:  RUNNING  FOLLOWER s1@group-9AEA52B37957:t4, leader=s0, voted=s0, raftlog=s1@group-9AEA52B37957-SegmentedRaftLog:OPENED:c43, conf=102: [s0|rpc:localhost:45409|admin:localhost:39453|client:localhost:35593|dataStream:localhost:32779|priority:0, s1|rpc:localhost:43687|admin:localhost:37289|client:localhost:37969|dataStream:localhost:45289|priority:0, s2|rpc:localhost:35381|admin:localhost:44889|client:localhost:37093|dataStream:localhost:36223|priority:0], old=null RUNNING
  s2:  RUNNING  FOLLOWER s2@group-9AEA52B37957:t4, leader=s0, voted=s0, raftlog=s2@group-9AEA52B37957-SegmentedRaftLog:OPENED:c103, conf=102: [s0|rpc:localhost:45409|admin:localhost:39453|client:localhost:35593|dataStream:localhost:32779|priority:0, s1|rpc:localhost:43687|admin:localhost:37289|client:localhost:37969|dataStream:localhost:45289|priority:0, s2|rpc:localhost:35381|admin:localhost:44889|client:localhost:37093|dataStream:localhost:36223|priority:0], old=null RUNNING
2022-07-08 04:39:30,648 [java.util.concurrent.ThreadPoolExecutor$Worker@3eba6c77[State = -1, empty queue]] WARN  grpc.GrpcUtil (GrpcUtil.java:shutdownManagedChannel(216)) - Timed out gracefully shutting down connection: ManagedChannelOrphanWrapper{delegate=ManagedChannelImpl{logId=1343, target=localhost:35593}}. 
2022-07-08 04:39:30,769 [s0-client-thread1] INFO  statemachine.StateMachine (DataStreamTestUtils.java:link(157)) - link null
2022-07-08 04:39:30,770 [s2-server-thread1] INFO  statemachine.StateMachine (DataStreamTestUtils.java:link(157)) - link null
2022-07-08 04:39:30,770 [s1-server-thread1] INFO  statemachine.StateMachine (DataStreamTestUtils.java:link(157)) - link null
2022-07-08 04:39:31,073 [java.util.concurrent.ThreadPoolExecutor$Worker@1ee63e41[State = -1, empty queue]] WARN  grpc.GrpcUtil (GrpcUtil.java:shutdownManagedChannel(216)) - Timed out gracefully shutting down connection: ManagedChannelOrphanWrapper{delegate=ManagedChannelImpl{logId=1357, target=localhost:35593}}. 
2022-07-08 04:39:31,075 [java.util.concurrent.ThreadPoolExecutor$Worker@1ee63e41[State = -1, empty queue]] WARN  server.GrpcLogAppender (GrpcLogAppender.java:timeoutAppendRequest(240)) - s0@group-9AEA52B37957->s1-GrpcLogAppender:  appendEntries Timeout, request=AppendEntriesRequest:cid=21511,entriesCount=1,lastEntry=(t:4, i:112)
2022-07-08 04:39:31,075 [java.util.concurrent.ThreadPoolExecutor$Worker@1ee63e41[State = -1, empty queue]] WARN  server.GrpcLogAppender (GrpcLogAppender.java:timeoutAppendRequest(240)) - s0@group-9AEA52B37957->s2-GrpcLogAppender:  appendEntries Timeout, request=AppendEntriesRequest:cid=2411,entriesCount=1,lastEntry=(t:4, i:112)
2022-07-08 04:39:36,770 [java.util.concurrent.ThreadPoolExecutor$Worker@1bec3ed0[State = -1, empty queue]] WARN  grpc.GrpcUtil (GrpcUtil.java:shutdownManagedChannel(216)) - Timed out gracefully shutting down connection: ManagedChannelOrphanWrapper{delegate=ManagedChannelImpl{logId=1371, target=localhost:35593}}. 
2022-07-08 04:39:36,771 [java.util.concurrent.ThreadPoolExecutor$Worker@1bec3ed0[State = -1, empty queue]] WARN  server.GrpcLogAppender (GrpcLogAppender.java:timeoutAppendRequest(240)) - s0@group-9AEA52B37957->s2-GrpcLogAppender:  appendEntries Timeout, request=AppendEntriesRequest:cid=2486,entriesCount=1,lastEntry=(t:4, i:113)
2022-07-08 04:39:36,771 [java.util.concurrent.ThreadPoolExecutor$Worker@1bec3ed0[State = -1, empty queue]] WARN  server.GrpcLogAppender (GrpcLogAppender.java:timeoutAppendRequest(240)) - s0@group-9AEA52B37957->s1-GrpcLogAppender:  appendEntries Timeout, request=AppendEntriesRequest:cid=22181,entriesCount=1,lastEntry=(t:4, i:113)
2022-07-08 04:39:37,190 [java.util.concurrent.ThreadPoolExecutor$Worker@5b46fd8e[State = -1, empty queue]] WARN  grpc.GrpcUtil (GrpcUtil.java:shutdownManagedChannel(216)) - Timed out gracefully shutting down connection: ManagedChannelOrphanWrapper{delegate=ManagedChannelImpl{logId=1385, target=localhost:35593}}. 
2022-07-08 04:39:38,534 [Timer-2] INFO  impl.MiniRaftCluster (MiniRaftCluster.java:lambda$null$6(323)) - TIMED-PRINT: printing ALL groups
  s0:  RUNNING    LEADER s0@group-9AEA52B37957:t4, leader=s0, voted=s0, raftlog=s0@group-9AEA52B37957-SegmentedRaftLog:OPENED:c103, conf=102: [s0|rpc:localhost:45409|admin:localhost:39453|client:localhost:35593|dataStream:localhost:32779|priority:0, s1|rpc:localhost:43687|admin:localhost:37289|client:localhost:37969|dataStream:localhost:45289|priority:0, s2|rpc:localhost:35381|admin:localhost:44889|client:localhost:37093|dataStream:localhost:36223|priority:0], old=null RUNNING
  s1:  RUNNING  FOLLOWER s1@group-9AEA52B37957:t4, leader=s0, voted=s0, raftlog=s1@group-9AEA52B37957-SegmentedRaftLog:OPENED:c43, conf=102: [s0|rpc:localhost:45409|admin:localhost:39453|client:localhost:35593|dataStream:localhost:32779|priority:0, s1|rpc:localhost:43687|admin:localhost:37289|client:localhost:37969|dataStream:localhost:45289|priority:0, s2|rpc:localhost:35381|admin:localhost:44889|client:localhost:37093|dataStream:localhost:36223|priority:0], old=null RUNNING
  s2:  RUNNING  FOLLOWER s2@group-9AEA52B37957:t4, leader=s0, voted=s0, raftlog=s2@group-9AEA52B37957-SegmentedRaftLog:OPENED:c103, conf=102: [s0|rpc:localhost:45409|admin:localhost:39453|client:localhost:35593|dataStream:localhost:32779|priority:0, s1|rpc:localhost:43687|admin:localhost:37289|client:localhost:37969|dataStream:localhost:45289|priority:0, s2|rpc:localhost:35381|admin:localhost:44889|client:localhost:37093|dataStream:localhost:36223|priority:0], old=null RUNNING
2022-07-08 04:39:42,883 [java.util.concurrent.ThreadPoolExecutor$Worker@631ea17[State = -1, empty queue]] WARN  grpc.GrpcUtil (GrpcUtil.java:shutdownManagedChannel(216)) - Timed out gracefully shutting down connection: ManagedChannelOrphanWrapper{delegate=ManagedChannelImpl{logId=1399, target=localhost:35593}}. 
2022-07-08 04:39:43,305 [java.util.concurrent.ThreadPoolExecutor$Worker@15e93958[State = -1, empty queue]] WARN  grpc.GrpcUtil (GrpcUtil.java:shutdownManagedChannel(216)) - Timed out gracefully shutting down connection: ManagedChannelOrphanWrapper{delegate=ManagedChannelImpl{logId=1413, target=localhost:35593}}. 
2022-07-08 04:39:48,535 [Timer-2] INFO  impl.MiniRaftCluster (MiniRaftCluster.java:lambda$null$6(323)) - TIMED-PRINT: printing ALL groups
  s0:  RUNNING    LEADER s0@group-9AEA52B37957:t4, leader=s0, voted=s0, raftlog=s0@group-9AEA52B37957-SegmentedRaftLog:OPENED:c103, conf=102: [s0|rpc:localhost:45409|admin:localhost:39453|client:localhost:35593|dataStream:localhost:32779|priority:0, s1|rpc:localhost:43687|admin:localhost:37289|client:localhost:37969|dataStream:localhost:45289|priority:0, s2|rpc:localhost:35381|admin:localhost:44889|client:localhost:37093|dataStream:localhost:36223|priority:0], old=null RUNNING
  s1:  RUNNING  FOLLOWER s1@group-9AEA52B37957:t4, leader=s0, voted=s0, raftlog=s1@group-9AEA52B37957-SegmentedRaftLog:OPENED:c43, conf=102: [s0|rpc:localhost:45409|admin:localhost:39453|client:localhost:35593|dataStream:localhost:32779|priority:0, s1|rpc:localhost:43687|admin:localhost:37289|client:localhost:37969|dataStream:localhost:45289|priority:0, s2|rpc:localhost:35381|admin:localhost:44889|client:localhost:37093|dataStream:localhost:36223|priority:0], old=null RUNNING
  s2:  RUNNING  FOLLOWER s2@group-9AEA52B37957:t4, leader=s0, voted=s0, raftlog=s2@group-9AEA52B37957-SegmentedRaftLog:OPENED:c103, conf=102: [s0|rpc:localhost:45409|admin:localhost:39453|client:localhost:35593|dataStream:localhost:32779|priority:0, s1|rpc:localhost:43687|admin:localhost:37289|client:localhost:37969|dataStream:localhost:45289|priority:0, s2|rpc:localhost:35381|admin:localhost:44889|client:localhost:37093|dataStream:localhost:36223|priority:0], old=null RUNNING
2022-07-08 04:39:49,003 [java.util.concurrent.ThreadPoolExecutor$Worker@140fe5a8[State = -1, empty queue]] WARN  grpc.GrpcUtil (GrpcUtil.java:shutdownManagedChannel(216)) - Timed out gracefully shutting down connection: ManagedChannelOrphanWrapper{delegate=ManagedChannelImpl{logId=1427, target=localhost:35593}}. 
2022-07-08 04:39:49,422 [java.util.concurrent.ThreadPoolExecutor$Worker@9cb7c08[State = -1, empty queue]] WARN  grpc.GrpcUtil (GrpcUtil.java:shutdownManagedChannel(216)) - Timed out gracefully shutting down connection: ManagedChannelOrphanWrapper{delegate=ManagedChannelImpl{logId=1441, target=localhost:35593}}. 
2022-07-08 04:39:55,123 [java.util.concurrent.ThreadPoolExecutor$Worker@63ab4b99[State = -1, empty queue]] WARN  grpc.GrpcUtil (GrpcUtil.java:shutdownManagedChannel(216)) - Timed out gracefully shutting down connection: ManagedChannelOrphanWrapper{delegate=ManagedChannelImpl{logId=1455, target=localhost:35593}}. 
2022-07-08 04:39:55,549 [java.util.concurrent.ThreadPoolExecutor$Worker@4397e4eb[State = -1, empty queue]] WARN  grpc.GrpcUtil (GrpcUtil.java:shutdownManagedChannel(216)) - Timed out gracefully shutting down connection: ManagedChannelOrphanWrapper{delegate=ManagedChannelImpl{logId=1469, target=localhost:35593}}. 
2022-07-08 04:39:58,534 [Timer-2] INFO  impl.MiniRaftCluster (MiniRaftCluster.java:lambda$null$6(323)) - TIMED-PRINT: printing ALL groups
  s0:  RUNNING    LEADER s0@group-9AEA52B37957:t4, leader=s0, voted=s0, raftlog=s0@group-9AEA52B37957-SegmentedRaftLog:OPENED:c103, conf=102: [s0|rpc:localhost:45409|admin:localhost:39453|client:localhost:35593|dataStream:localhost:32779|priority:0, s1|rpc:localhost:43687|admin:localhost:37289|client:localhost:37969|dataStream:localhost:45289|priority:0, s2|rpc:localhost:35381|admin:localhost:44889|client:localhost:37093|dataStream:localhost:36223|priority:0], old=null RUNNING
  s1:  RUNNING  FOLLOWER s1@group-9AEA52B37957:t4, leader=s0, voted=s0, raftlog=s1@group-9AEA52B37957-SegmentedRaftLog:OPENED:c43, conf=102: [s0|rpc:localhost:45409|admin:localhost:39453|client:localhost:35593|dataStream:localhost:32779|priority:0, s1|rpc:localhost:43687|admin:localhost:37289|client:localhost:37969|dataStream:localhost:45289|priority:0, s2|rpc:localhost:35381|admin:localhost:44889|client:localhost:37093|dataStream:localhost:36223|priority:0], old=null RUNNING
  s2:  RUNNING  FOLLOWER s2@group-9AEA52B37957:t4, leader=s0, voted=s0, raftlog=s2@group-9AEA52B37957-SegmentedRaftLog:OPENED:c103, conf=102: [s0|rpc:localhost:45409|admin:localhost:39453|client:localhost:35593|dataStream:localhost:32779|priority:0, s1|rpc:localhost:43687|admin:localhost:37289|client:localhost:37969|dataStream:localhost:45289|priority:0, s2|rpc:localhost:35381|admin:localhost:44889|client:localhost:37093|dataStream:localhost:36223|priority:0], old=null RUNNING
2022-07-08 04:40:01,239 [java.util.concurrent.ThreadPoolExecutor$Worker@2b516318[State = -1, empty queue]] WARN  grpc.GrpcUtil (GrpcUtil.java:shutdownManagedChannel(216)) - Timed out gracefully shutting down connection: ManagedChannelOrphanWrapper{delegate=ManagedChannelImpl{logId=1483, target=localhost:35593}}. 
2022-07-08 04:40:01,667 [java.util.concurrent.ThreadPoolExecutor$Worker@5e11dc5[State = -1, empty queue]] WARN  grpc.GrpcUtil (GrpcUtil.java:shutdownManagedChannel(216)) - Timed out gracefully shutting down connection: ManagedChannelOrphanWrapper{delegate=ManagedChannelImpl{logId=1497, target=localhost:35593}}. 
2022-07-08 04:40:07,354 [java.util.concurrent.ThreadPoolExecutor$Worker@eec1155[State = -1, empty queue]] WARN  grpc.GrpcUtil (GrpcUtil.java:shutdownManagedChannel(216)) - Timed out gracefully shutting down connection: ManagedChannelOrphanWrapper{delegate=ManagedChannelImpl{logId=1511, target=localhost:35593}}. 
2022-07-08 04:40:07,786 [java.util.concurrent.ThreadPoolExecutor$Worker@28ef71e8[State = -1, empty queue]] WARN  grpc.GrpcUtil (GrpcUtil.java:shutdownManagedChannel(216)) - Timed out gracefully shutting down connection: ManagedChannelOrphanWrapper{delegate=ManagedChannelImpl{logId=1525, target=localhost:35593}}. 
2022-07-08 04:40:08,534 [Timer-2] INFO  impl.MiniRaftCluster (MiniRaftCluster.java:lambda$null$6(323)) - TIMED-PRINT: printing ALL groups
  s0:  RUNNING    LEADER s0@group-9AEA52B37957:t4, leader=s0, voted=s0, raftlog=s0@group-9AEA52B37957-SegmentedRaftLog:OPENED:c103, conf=102: [s0|rpc:localhost:45409|admin:localhost:39453|client:localhost:35593|dataStream:localhost:32779|priority:0, s1|rpc:localhost:43687|admin:localhost:37289|client:localhost:37969|dataStream:localhost:45289|priority:0, s2|rpc:localhost:35381|admin:localhost:44889|client:localhost:37093|dataStream:localhost:36223|priority:0], old=null RUNNING
  s1:  RUNNING  FOLLOWER s1@group-9AEA52B37957:t4, leader=s0, voted=s0, raftlog=s1@group-9AEA52B37957-SegmentedRaftLog:OPENED:c43, conf=102: [s0|rpc:localhost:45409|admin:localhost:39453|client:localhost:35593|dataStream:localhost:32779|priority:0, s1|rpc:localhost:43687|admin:localhost:37289|client:localhost:37969|dataStream:localhost:45289|priority:0, s2|rpc:localhost:35381|admin:localhost:44889|client:localhost:37093|dataStream:localhost:36223|priority:0], old=null RUNNING
  s2:  RUNNING  FOLLOWER s2@group-9AEA52B37957:t4, leader=s0, voted=s0, raftlog=s2@group-9AEA52B37957-SegmentedRaftLog:OPENED:c103, conf=102: [s0|rpc:localhost:45409|admin:localhost:39453|client:localhost:35593|dataStream:localhost:32779|priority:0, s1|rpc:localhost:43687|admin:localhost:37289|client:localhost:37969|dataStream:localhost:45289|priority:0, s2|rpc:localhost:35381|admin:localhost:44889|client:localhost:37093|dataStream:localhost:36223|priority:0], old=null RUNNING
2022-07-08 04:40:13,468 [java.util.concurrent.ThreadPoolExecutor$Worker@6dc65a76[State = -1, empty queue]] WARN  grpc.GrpcUtil (GrpcUtil.java:shutdownManagedChannel(216)) - Timed out gracefully shutting down connection: ManagedChannelOrphanWrapper{delegate=ManagedChannelImpl{logId=1539, target=localhost:35593}}. 
2022-07-08 04:40:13,911 [java.util.concurrent.ThreadPoolExecutor$Worker@87c60bd[State = -1, empty queue]] WARN  grpc.GrpcUtil (GrpcUtil.java:shutdownManagedChannel(216)) - Timed out gracefully shutting down connection: ManagedChannelOrphanWrapper{delegate=ManagedChannelImpl{logId=1553, target=localhost:35593}}. 
2022-07-08 04:40:18,535 [Timer-2] INFO  impl.MiniRaftCluster (MiniRaftCluster.java:lambda$null$6(323)) - TIMED-PRINT: printing ALL groups
  s0:  RUNNING    LEADER s0@group-9AEA52B37957:t4, leader=s0, voted=s0, raftlog=s0@group-9AEA52B37957-SegmentedRaftLog:OPENED:c103, conf=102: [s0|rpc:localhost:45409|admin:localhost:39453|client:localhost:35593|dataStream:localhost:32779|priority:0, s1|rpc:localhost:43687|admin:localhost:37289|client:localhost:37969|dataStream:localhost:45289|priority:0, s2|rpc:localhost:35381|admin:localhost:44889|client:localhost:37093|dataStream:localhost:36223|priority:0], old=null RUNNING
  s1:  RUNNING  FOLLOWER s1@group-9AEA52B37957:t4, leader=s0, voted=s0, raftlog=s1@group-9AEA52B37957-SegmentedRaftLog:OPENED:c43, conf=102: [s0|rpc:localhost:45409|admin:localhost:39453|client:localhost:35593|dataStream:localhost:32779|priority:0, s1|rpc:localhost:43687|admin:localhost:37289|client:localhost:37969|dataStream:localhost:45289|priority:0, s2|rpc:localhost:35381|admin:localhost:44889|client:localhost:37093|dataStream:localhost:36223|priority:0], old=null RUNNING
  s2:  RUNNING  FOLLOWER s2@group-9AEA52B37957:t4, leader=s0, voted=s0, raftlog=s2@group-9AEA52B37957-SegmentedRaftLog:OPENED:c103, conf=102: [s0|rpc:localhost:45409|admin:localhost:39453|client:localhost:35593|dataStream:localhost:32779|priority:0, s1|rpc:localhost:43687|admin:localhost:37289|client:localhost:37969|dataStream:localhost:45289|priority:0, s2|rpc:localhost:35381|admin:localhost:44889|client:localhost:37093|dataStream:localhost:36223|priority:0], old=null RUNNING
2022-07-08 04:40:19,582 [java.util.concurrent.ThreadPoolExecutor$Worker@59d16473[State = -1, empty queue]] WARN  grpc.GrpcUtil (GrpcUtil.java:shutdownManagedChannel(216)) - Timed out gracefully shutting down connection: ManagedChannelOrphanWrapper{delegate=ManagedChannelImpl{logId=1567, target=localhost:35593}}. 
2022-07-08 04:40:20,024 [java.util.concurrent.ThreadPoolExecutor$Worker@634609eb[State = -1, empty queue]] WARN  grpc.GrpcUtil (GrpcUtil.java:shutdownManagedChannel(216)) - Timed out gracefully shutting down connection: ManagedChannelOrphanWrapper{delegate=ManagedChannelImpl{logId=1581, target=localhost:35593}}. 
2022-07-08 04:40:25,702 [java.util.concurrent.ThreadPoolExecutor$Worker@2003cd9[State = -1, empty queue]] WARN  grpc.GrpcUtil (GrpcUtil.java:shutdownManagedChannel(216)) - Timed out gracefully shutting down connection: ManagedChannelOrphanWrapper{delegate=ManagedChannelImpl{logId=1595, target=localhost:35593}}. 
2022-07-08 04:40:26,144 [java.util.concurrent.ThreadPoolExecutor$Worker@60e8a2d6[State = -1, empty queue]] WARN  grpc.GrpcUtil (GrpcUtil.java:shutdownManagedChannel(216)) - Timed out gracefully shutting down connection: ManagedChannelOrphanWrapper{delegate=ManagedChannelImpl{logId=1609, target=localhost:35593}}. 
2022-07-08 04:40:26,264 [s0-client-thread1] INFO  statemachine.StateMachine (DataStreamTestUtils.java:link(157)) - link null
2022-07-08 04:40:26,265 [s2-server-thread1] INFO  statemachine.StateMachine (DataStreamTestUtils.java:link(157)) - link null
2022-07-08 04:40:26,267 [s1-server-thread1] INFO  statemachine.StateMachine (DataStreamTestUtils.java:link(157)) - link null
2022-07-08 04:40:28,534 [Timer-2] INFO  impl.MiniRaftCluster (MiniRaftCluster.java:lambda$null$6(323)) - TIMED-PRINT: printing ALL groups
  s0:  RUNNING    LEADER s0@group-9AEA52B37957:t4, leader=s0, voted=s0, raftlog=s0@group-9AEA52B37957-SegmentedRaftLog:OPENED:c103, conf=102: [s0|rpc:localhost:45409|admin:localhost:39453|client:localhost:35593|dataStream:localhost:32779|priority:0, s1|rpc:localhost:43687|admin:localhost:37289|client:localhost:37969|dataStream:localhost:45289|priority:0, s2|rpc:localhost:35381|admin:localhost:44889|client:localhost:37093|dataStream:localhost:36223|priority:0], old=null RUNNING
  s1:  RUNNING  FOLLOWER s1@group-9AEA52B37957:t4, leader=s0, voted=s0, raftlog=s1@group-9AEA52B37957-SegmentedRaftLog:OPENED:c43, conf=102: [s0|rpc:localhost:45409|admin:localhost:39453|client:localhost:35593|dataStream:localhost:32779|priority:0, s1|rpc:localhost:43687|admin:localhost:37289|client:localhost:37969|dataStream:localhost:45289|priority:0, s2|rpc:localhost:35381|admin:localhost:44889|client:localhost:37093|dataStream:localhost:36223|priority:0], old=null RUNNING
  s2:  RUNNING  FOLLOWER s2@group-9AEA52B37957:t4, leader=s0, voted=s0, raftlog=s2@group-9AEA52B37957-SegmentedRaftLog:OPENED:c103, conf=102: [s0|rpc:localhost:45409|admin:localhost:39453|client:localhost:35593|dataStream:localhost:32779|priority:0, s1|rpc:localhost:43687|admin:localhost:37289|client:localhost:37969|dataStream:localhost:45289|priority:0, s2|rpc:localhost:35381|admin:localhost:44889|client:localhost:37093|dataStream:localhost:36223|priority:0], old=null RUNNING
2022-07-08 04:40:31,817 [java.util.concurrent.ThreadPoolExecutor$Worker@63597ec7[State = -1, empty queue]] WARN  grpc.GrpcUtil (GrpcUtil.java:shutdownManagedChannel(216)) - Timed out gracefully shutting down connection: ManagedChannelOrphanWrapper{delegate=ManagedChannelImpl{logId=1623, target=localhost:35593}}. 
2022-07-08 04:40:31,936 [s0-client-thread1] INFO  statemachine.StateMachine (DataStreamTestUtils.java:link(157)) - link null
2022-07-08 04:40:31,937 [s2-server-thread1] INFO  statemachine.StateMachine (DataStreamTestUtils.java:link(157)) - link null
2022-07-08 04:40:31,938 [s1-server-thread1] INFO  statemachine.StateMachine (DataStreamTestUtils.java:link(157)) - link null
2022-07-08 04:40:32,260 [java.util.concurrent.ThreadPoolExecutor$Worker@7adaa94[State = -1, empty queue]] WARN  grpc.GrpcUtil (GrpcUtil.java:shutdownManagedChannel(216)) - Timed out gracefully shutting down connection: ManagedChannelOrphanWrapper{delegate=ManagedChannelImpl{logId=1637, target=localhost:35593}}. 
2022-07-08 04:40:32,263 [java.util.concurrent.ThreadPoolExecutor$Worker@7adaa94[State = -1, empty queue]] WARN  server.GrpcLogAppender (GrpcLogAppender.java:timeoutAppendRequest(240)) - s0@group-9AEA52B37957->s1-GrpcLogAppender:  appendEntries Timeout, request=AppendEntriesRequest:cid=28710,entriesCount=1,lastEntry=(t:4, i:114)
2022-07-08 04:40:32,263 [java.util.concurrent.ThreadPoolExecutor$Worker@7adaa94[State = -1, empty queue]] WARN  server.GrpcLogAppender (GrpcLogAppender.java:timeoutAppendRequest(240)) - s0@group-9AEA52B37957->s2-GrpcLogAppender:  appendEntries Timeout, request=AppendEntriesRequest:cid=3213,entriesCount=1,lastEntry=(t:4, i:114)
2022-07-08 04:40:37,934 [java.util.concurrent.ThreadPoolExecutor$Worker@704aa1c3[State = -1, empty queue]] WARN  grpc.GrpcUtil (GrpcUtil.java:shutdownManagedChannel(216)) - Timed out gracefully shutting down connection: ManagedChannelOrphanWrapper{delegate=ManagedChannelImpl{logId=1651, target=localhost:35593}}. 
2022-07-08 04:40:37,938 [java.util.concurrent.ThreadPoolExecutor$Worker@704aa1c3[State = -1, empty queue]] WARN  server.GrpcLogAppender (GrpcLogAppender.java:timeoutAppendRequest(240)) - s0@group-9AEA52B37957->s1-GrpcLogAppender:  appendEntries Timeout, request=AppendEntriesRequest:cid=29375,entriesCount=1,lastEntry=(t:4, i:115)
2022-07-08 04:40:37,938 [java.util.concurrent.ThreadPoolExecutor$Worker@704aa1c3[State = -1, empty queue]] WARN  server.GrpcLogAppender (GrpcLogAppender.java:timeoutAppendRequest(240)) - s0@group-9AEA52B37957->s2-GrpcLogAppender:  appendEntries Timeout, request=AppendEntriesRequest:cid=3288,entriesCount=1,lastEntry=(t:4, i:115)
2022-07-08 04:40:38,383 [java.util.concurrent.ThreadPoolExecutor$Worker@66f591b3[State = -1, empty queue]] WARN  grpc.GrpcUtil (GrpcUtil.java:shutdownManagedChannel(216)) - Timed out gracefully shutting down connection: ManagedChannelOrphanWrapper{delegate=ManagedChannelImpl{logId=1665, target=localhost:35593}}. 
2022-07-08 04:40:38,535 [Timer-2] INFO  impl.MiniRaftCluster (MiniRaftCluster.java:lambda$null$6(323)) - TIMED-PRINT: printing ALL groups
  s0:  RUNNING    LEADER s0@group-9AEA52B37957:t4, leader=s0, voted=s0, raftlog=s0@group-9AEA52B37957-SegmentedRaftLog:OPENED:c103, conf=102: [s0|rpc:localhost:45409|admin:localhost:39453|client:localhost:35593|dataStream:localhost:32779|priority:0, s1|rpc:localhost:43687|admin:localhost:37289|client:localhost:37969|dataStream:localhost:45289|priority:0, s2|rpc:localhost:35381|admin:localhost:44889|client:localhost:37093|dataStream:localhost:36223|priority:0], old=null RUNNING
  s1:  RUNNING  FOLLOWER s1@group-9AEA52B37957:t4, leader=s0, voted=s0, raftlog=s1@group-9AEA52B37957-SegmentedRaftLog:OPENED:c43, conf=102: [s0|rpc:localhost:45409|admin:localhost:39453|client:localhost:35593|dataStream:localhost:32779|priority:0, s1|rpc:localhost:43687|admin:localhost:37289|client:localhost:37969|dataStream:localhost:45289|priority:0, s2|rpc:localhost:35381|admin:localhost:44889|client:localhost:37093|dataStream:localhost:36223|priority:0], old=null RUNNING
  s2:  RUNNING  FOLLOWER s2@group-9AEA52B37957:t4, leader=s0, voted=s0, raftlog=s2@group-9AEA52B37957-SegmentedRaftLog:OPENED:c103, conf=102: [s0|rpc:localhost:45409|admin:localhost:39453|client:localhost:35593|dataStream:localhost:32779|priority:0, s1|rpc:localhost:43687|admin:localhost:37289|client:localhost:37969|dataStream:localhost:45289|priority:0, s2|rpc:localhost:35381|admin:localhost:44889|client:localhost:37093|dataStream:localhost:36223|priority:0], old=null RUNNING
2022-07-08 04:40:44,052 [java.util.concurrent.ThreadPoolExecutor$Worker@6bb5ad53[State = -1, empty queue]] WARN  grpc.GrpcUtil (GrpcUtil.java:shutdownManagedChannel(216)) - Timed out gracefully shutting down connection: ManagedChannelOrphanWrapper{delegate=ManagedChannelImpl{logId=1679, target=localhost:35593}}. 
2022-07-08 04:40:44,497 [java.util.concurrent.ThreadPoolExecutor$Worker@5ebe9e5f[State = -1, empty queue]] WARN  grpc.GrpcUtil (GrpcUtil.java:shutdownManagedChannel(216)) - Timed out gracefully shutting down connection: ManagedChannelOrphanWrapper{delegate=ManagedChannelImpl{logId=1693, target=localhost:35593}}. 
]]></system-out>
  </testcase>
  <testcase name="testStreamWrites" classname="org.apache.ratis.datastream.TestNettyDataStreamStarTopologyWithGrpcCluster" time="4.588"/>
</testsuite>