<?xml version="1.0" encoding="UTF-8"?>
<testsuite xmlns:xsi="http://www.w3.org/2001/XMLSchema-instance" xsi:noNamespaceSchemaLocation="https://maven.apache.org/surefire/maven-surefire-plugin/xsd/surefire-test-report.xsd" name="org.apache.ratis.server.simulation.TestLeaderElectionWithSimulatedRpc" time="48.406" tests="19" errors="0" skipped="0" failures="1">
  <properties>
    <property name="awt.toolkit" value="sun.awt.X11.XToolkit"/>
    <property name="java.specification.version" value="11"/>
    <property name="sun.cpu.isalist" value=""/>
    <property name="sun.jnu.encoding" value="UTF-8"/>
    <property name="java.class.path" value="/home/runner/work/ratis/ratis/ratis-test/target/test-classes:/home/runner/work/ratis/ratis/ratis-test/target/classes:/home/runner/work/ratis/ratis/ratis-common/target/classes:/home/runner/.m2/repository/org/apache/ratis/ratis-thirdparty-misc/1.0.3/ratis-thirdparty-misc-1.0.3.jar:/home/runner/work/ratis/ratis/ratis-proto/target/ratis-proto-3.0.0-SNAPSHOT.jar:/home/runner/work/ratis/ratis/ratis-common/target/test-classes:/home/runner/work/ratis/ratis/ratis-client/target/classes:/home/runner/work/ratis/ratis/ratis-server/target/classes:/home/runner/work/ratis/ratis/ratis-server-api/target/classes:/home/runner/work/ratis/ratis/ratis-metrics-api/target/classes:/home/runner/work/ratis/ratis/ratis-server/target/test-classes:/home/runner/work/ratis/ratis/ratis-metrics-default/target/classes:/home/runner/work/ratis/ratis/ratis-netty/target/classes:/home/runner/work/ratis/ratis/ratis-netty/target/test-classes:/home/runner/work/ratis/ratis/ratis-grpc/target/classes:/home/runner/work/ratis/ratis/ratis-grpc/target/test-classes:/home/runner/.m2/repository/org/slf4j/slf4j-api/1.7.29/slf4j-api-1.7.29.jar:/home/runner/.m2/repository/org/slf4j/slf4j-log4j12/1.7.29/slf4j-log4j12-1.7.29.jar:/home/runner/.m2/repository/log4j/log4j/1.2.17/log4j-1.2.17.jar:/home/runner/.m2/repository/junit/junit/4.13.2/junit-4.13.2.jar:/home/runner/.m2/repository/org/hamcrest/hamcrest-core/1.3/hamcrest-core-1.3.jar:/home/runner/.m2/repository/org/mockito/mockito-core/4.3.1/mockito-core-4.3.1.jar:/home/runner/.m2/repository/net/bytebuddy/byte-buddy/1.12.7/byte-buddy-1.12.7.jar:/home/runner/.m2/repository/net/bytebuddy/byte-buddy-agent/1.12.7/byte-buddy-agent-1.12.7.jar:/home/runner/.m2/repository/org/objenesis/objenesis/3.2/objenesis-3.2.jar:/home/runner/work/ratis/ratis/ratis-shell/target/classes:/home/runner/.m2/repository/commons-cli/commons-cli/1.5.0/commons-cli-1.5.0.jar:/home/runner/.m2/repository/org/slf4j/slf4j-simple/1.7.29/slf4j-simple-1.7.29.jar:/home/runner/.m2/repository/org/reflections/reflections/0.10.2/reflections-0.10.2.jar:/home/runner/.m2/repository/org/javassist/javassist/3.28.0-GA/javassist-3.28.0-GA.jar:/home/runner/.m2/repository/com/google/code/findbugs/jsr305/3.0.2/jsr305-3.0.2.jar:"/>
    <property name="java.vm.vendor" value="Eclipse Adoptium"/>
    <property name="sun.arch.data.model" value="64"/>
    <property name="java.vendor.url" value="https://adoptium.net/"/>
    <property name="user.timezone" value=""/>
    <property name="java.vm.specification.version" value="11"/>
    <property name="os.name" value="Linux"/>
    <property name="sun.java.launcher" value="SUN_STANDARD"/>
    <property name="sun.boot.library.path" value="/usr/lib/jvm/temurin-11-jdk-amd64/lib"/>
    <property name="sun.java.command" value="/home/runner/work/ratis/ratis/ratis-test/target/surefire/surefirebooter12239861697377442685.jar /home/runner/work/ratis/ratis/ratis-test/target/surefire 2022-11-16T04-20-44_233-jvmRun1 surefire6433646475472960571tmp surefire_226988056184386191593tmp"/>
    <property name="jdk.debug" value="release"/>
    <property name="surefire.test.class.path" value="/home/runner/work/ratis/ratis/ratis-test/target/test-classes:/home/runner/work/ratis/ratis/ratis-test/target/classes:/home/runner/work/ratis/ratis/ratis-common/target/classes:/home/runner/.m2/repository/org/apache/ratis/ratis-thirdparty-misc/1.0.3/ratis-thirdparty-misc-1.0.3.jar:/home/runner/work/ratis/ratis/ratis-proto/target/ratis-proto-3.0.0-SNAPSHOT.jar:/home/runner/work/ratis/ratis/ratis-common/target/test-classes:/home/runner/work/ratis/ratis/ratis-client/target/classes:/home/runner/work/ratis/ratis/ratis-server/target/classes:/home/runner/work/ratis/ratis/ratis-server-api/target/classes:/home/runner/work/ratis/ratis/ratis-metrics-api/target/classes:/home/runner/work/ratis/ratis/ratis-server/target/test-classes:/home/runner/work/ratis/ratis/ratis-metrics-default/target/classes:/home/runner/work/ratis/ratis/ratis-netty/target/classes:/home/runner/work/ratis/ratis/ratis-netty/target/test-classes:/home/runner/work/ratis/ratis/ratis-grpc/target/classes:/home/runner/work/ratis/ratis/ratis-grpc/target/test-classes:/home/runner/.m2/repository/org/slf4j/slf4j-api/1.7.29/slf4j-api-1.7.29.jar:/home/runner/.m2/repository/org/slf4j/slf4j-log4j12/1.7.29/slf4j-log4j12-1.7.29.jar:/home/runner/.m2/repository/log4j/log4j/1.2.17/log4j-1.2.17.jar:/home/runner/.m2/repository/junit/junit/4.13.2/junit-4.13.2.jar:/home/runner/.m2/repository/org/hamcrest/hamcrest-core/1.3/hamcrest-core-1.3.jar:/home/runner/.m2/repository/org/mockito/mockito-core/4.3.1/mockito-core-4.3.1.jar:/home/runner/.m2/repository/net/bytebuddy/byte-buddy/1.12.7/byte-buddy-1.12.7.jar:/home/runner/.m2/repository/net/bytebuddy/byte-buddy-agent/1.12.7/byte-buddy-agent-1.12.7.jar:/home/runner/.m2/repository/org/objenesis/objenesis/3.2/objenesis-3.2.jar:/home/runner/work/ratis/ratis/ratis-shell/target/classes:/home/runner/.m2/repository/commons-cli/commons-cli/1.5.0/commons-cli-1.5.0.jar:/home/runner/.m2/repository/org/slf4j/slf4j-simple/1.7.29/slf4j-simple-1.7.29.jar:/home/runner/.m2/repository/org/reflections/reflections/0.10.2/reflections-0.10.2.jar:/home/runner/.m2/repository/org/javassist/javassist/3.28.0-GA/javassist-3.28.0-GA.jar:/home/runner/.m2/repository/com/google/code/findbugs/jsr305/3.0.2/jsr305-3.0.2.jar:"/>
    <property name="sun.cpu.endian" value="little"/>
    <property name="user.home" value="/home/runner"/>
    <property name="user.language" value="en"/>
    <property name="java.specification.vendor" value="Oracle Corporation"/>
    <property name="java.version.date" value="2022-10-18"/>
    <property name="java.home" value="/usr/lib/jvm/temurin-11-jdk-amd64"/>
    <property name="file.separator" value="/"/>
    <property name="basedir" value="/home/runner/work/ratis/ratis/ratis-test"/>
    <property name="java.vm.compressedOopsMode" value="32-bit"/>
    <property name="line.separator" value="&#10;"/>
    <property name="java.specification.name" value="Java Platform API Specification"/>
    <property name="java.vm.specification.vendor" value="Oracle Corporation"/>
    <property name="java.awt.graphicsenv" value="sun.awt.X11GraphicsEnvironment"/>
    <property name="surefire.real.class.path" value="/home/runner/work/ratis/ratis/ratis-test/target/surefire/surefirebooter12239861697377442685.jar"/>
    <property name="sun.management.compiler" value="HotSpot 64-Bit Tiered Compilers"/>
    <property name="java.runtime.version" value="11.0.17+8"/>
    <property name="user.name" value="runner"/>
    <property name="java.net.preferIPv4Stack" value="true"/>
    <property name="path.separator" value=":"/>
    <property name="os.version" value="5.15.0-1022-azure"/>
    <property name="java.runtime.name" value="OpenJDK Runtime Environment"/>
    <property name="file.encoding" value="UTF-8"/>
    <property name="java.vm.name" value="OpenJDK 64-Bit Server VM"/>
    <property name="java.vendor.version" value="Temurin-11.0.17+8"/>
    <property name="localRepository" value="/home/runner/.m2/repository"/>
    <property name="java.vendor.url.bug" value="https://github.com/adoptium/adoptium-support/issues"/>
    <property name="java.io.tmpdir" value="/tmp"/>
    <property name="java.version" value="11.0.17"/>
    <property name="user.dir" value="/home/runner/work/ratis/ratis/ratis-test"/>
    <property name="os.arch" value="amd64"/>
    <property name="ratis.tmp.dir" value="/home/runner/work/ratis/ratis/ratis-test/target/tmp"/>
    <property name="java.vm.specification.name" value="Java Virtual Machine Specification"/>
    <property name="java.awt.printerjob" value="sun.print.PSPrinterJob"/>
    <property name="ratis.log.dir" value="/home/runner/work/ratis/ratis/ratis-test/target/log"/>
    <property name="sun.os.patch.level" value="unknown"/>
    <property name="java.library.path" value="/usr/java/packages/lib:/usr/lib64:/lib64:/lib:/usr/lib"/>
    <property name="java.vm.info" value="mixed mode"/>
    <property name="java.vendor" value="Eclipse Adoptium"/>
    <property name="java.vm.version" value="11.0.17+8"/>
    <property name="sun.io.unicode.encoding" value="UnicodeLittle"/>
    <property name="java.class.version" value="55.0"/>
  </properties>
  <testcase name="testRemoveListener" classname="org.apache.ratis.server.simulation.TestLeaderElectionWithSimulatedRpc" time="1.389"/>
  <testcase name="testEnforceLeader" classname="org.apache.ratis.server.simulation.TestLeaderElectionWithSimulatedRpc" time="10.527">
    <failure message="expected:&lt;s[1]&gt; but was:&lt;s[3]&gt;" type="org.junit.ComparisonFailure"><![CDATA[org.junit.ComparisonFailure: expected:<s[1]> but was:<s[3]>
	at org.junit.Assert.assertEquals(Assert.java:117)
	at org.junit.Assert.assertEquals(Assert.java:146)
	at org.apache.ratis.server.impl.LeaderElectionTests.enforceLeader(LeaderElectionTests.java:298)
	at org.apache.ratis.server.impl.LeaderElectionTests.testEnforceLeader(LeaderElectionTests.java:284)
	at java.base/jdk.internal.reflect.NativeMethodAccessorImpl.invoke0(Native Method)
	at java.base/jdk.internal.reflect.NativeMethodAccessorImpl.invoke(NativeMethodAccessorImpl.java:62)
	at java.base/jdk.internal.reflect.DelegatingMethodAccessorImpl.invoke(DelegatingMethodAccessorImpl.java:43)
	at java.base/java.lang.reflect.Method.invoke(Method.java:566)
	at org.junit.runners.model.FrameworkMethod$1.runReflectiveCall(FrameworkMethod.java:59)
	at org.junit.internal.runners.model.ReflectiveCallable.run(ReflectiveCallable.java:12)
	at org.junit.runners.model.FrameworkMethod.invokeExplosively(FrameworkMethod.java:56)
	at org.junit.internal.runners.statements.InvokeMethod.evaluate(InvokeMethod.java:17)
	at org.junit.internal.runners.statements.RunAfters.evaluate(RunAfters.java:27)
	at org.junit.internal.runners.statements.FailOnTimeout$CallableStatement.call(FailOnTimeout.java:299)
	at org.junit.internal.runners.statements.FailOnTimeout$CallableStatement.call(FailOnTimeout.java:293)
	at java.base/java.util.concurrent.FutureTask.run(FutureTask.java:264)
	at java.base/java.lang.Thread.run(Thread.java:829)
]]></failure>
    <system-out><![CDATA[2022-11-16 04:23:59,370 [main] INFO  util.LogUtils (Slf4jUtils.java:setLogLevel(33)) - Set org.apache.ratis.conf.ConfUtils log level to WARN
2022-11-16 04:23:59,371 [main] INFO  util.LogUtils (Slf4jUtils.java:setLogLevel(33)) - Set org.apache.ratis.util.FileUtils log level to TRACE
2022-11-16 04:23:59,371 [main] INFO  util.LogUtils (Slf4jUtils.java:setLogLevel(33)) - Set org.apache.ratis.server.RaftServer$Division log level to DEBUG
2022-11-16 04:23:59,371 [main] INFO  util.LogUtils (Slf4jUtils.java:setLogLevel(33)) - Set org.apache.ratis.client.RaftClient log level to DEBUG
2022-11-16 04:23:59,371 [Time-limited test] INFO  simulation.TestLeaderElectionWithSimulatedRpc (LeaderElectionTests.java:testEnforceLeader(272)) - Running testEnforceLeader
2022-11-16 04:23:59,373 [Time-limited test] INFO  simulation.MiniRaftClusterWithSimulatedRpc (ConfUtils.java:logGet(46)) - org.apache.ratis.server.simulation.SimulatedRequestReply.simulateLatencyMs = 0 (custom)
2022-11-16 04:23:59,374 [Time-limited test] INFO  impl.MiniRaftCluster (MiniRaftCluster.java:<init>(306)) - new MiniRaftClusterWithSimulatedRpc with group-742A07453557:[s3|rpc:localhost:32935|admin:localhost:46155|client:localhost:45497|dataStream:localhost:45325|priority:0|startupRole:FOLLOWER, s4|rpc:localhost:43443|admin:localhost:35771|client:localhost:42171|dataStream:localhost:35973|priority:0|startupRole:FOLLOWER, s0|rpc:localhost:39127|admin:localhost:34665|client:localhost:40015|dataStream:localhost:33597|priority:0|startupRole:FOLLOWER, s1|rpc:localhost:34777|admin:localhost:44841|client:localhost:46383|dataStream:localhost:39499|priority:0|startupRole:FOLLOWER, s2|rpc:localhost:42831|admin:localhost:43735|client:localhost:36571|dataStream:localhost:33613|priority:0|startupRole:FOLLOWER]
2022-11-16 04:23:59,374 [Time-limited test] INFO  impl.MiniRaftCluster (MiniRaftCluster.java:start(339)) - .............................................................. 
2022-11-16 04:23:59,374 [Time-limited test] INFO  impl.MiniRaftCluster (MiniRaftCluster.java:start(340)) - ... 
2022-11-16 04:23:59,374 [Time-limited test] INFO  impl.MiniRaftCluster (MiniRaftCluster.java:start(341)) - ...     Starting MiniRaftClusterWithSimulatedRpc
2022-11-16 04:23:59,374 [Time-limited test] INFO  impl.MiniRaftCluster (MiniRaftCluster.java:start(342)) - ... 
2022-11-16 04:23:59,374 [Time-limited test] INFO  impl.MiniRaftCluster (MiniRaftCluster.java:start(343)) - .............................................................. 
2022-11-16 04:23:59,374 [Time-limited test] INFO  impl.MiniRaftCluster (MiniRaftCluster.java:initServers(318)) - servers = {}
2022-11-16 04:23:59,374 [Time-limited test] INFO  impl.MiniRaftCluster (MiniRaftCluster.java:newRaftServer(382)) - newRaftServer: s3, group-742A07453557:[s3|rpc:localhost:32935|admin:localhost:46155|client:localhost:45497|dataStream:localhost:45325|priority:0|startupRole:FOLLOWER, s4|rpc:localhost:43443|admin:localhost:35771|client:localhost:42171|dataStream:localhost:35973|priority:0|startupRole:FOLLOWER, s0|rpc:localhost:39127|admin:localhost:34665|client:localhost:40015|dataStream:localhost:33597|priority:0|startupRole:FOLLOWER, s1|rpc:localhost:34777|admin:localhost:44841|client:localhost:46383|dataStream:localhost:39499|priority:0|startupRole:FOLLOWER, s2|rpc:localhost:42831|admin:localhost:43735|client:localhost:36571|dataStream:localhost:33613|priority:0|startupRole:FOLLOWER], format? true
2022-11-16 04:23:59,374 [Time-limited test] TRACE util.FileUtils (FileUtils.java:deleteFully(170)) - deleteFully target/test/data/959ca2e3/MiniRaftClusterWithSimulatedRpcfa2c1080/s3
2022-11-16 04:23:59,374 [Time-limited test] TRACE util.FileUtils (FileUtils.java:deleteFully(186)) - deleteFully: target/test/data/959ca2e3/MiniRaftClusterWithSimulatedRpcfa2c1080/s3 does not exist.
2022-11-16 04:23:59,375 [Time-limited test] INFO  impl.MiniRaftCluster (MiniRaftCluster.java:newRaftServer(387)) - Formatted directory target/test/data/959ca2e3/MiniRaftClusterWithSimulatedRpcfa2c1080/s3
2022-11-16 04:23:59,375 [Time-limited test] INFO  server.RaftServer (ConfUtils.java:logGet(46)) - raft.rpc.type = org.apache.ratis.server.simulation.SimulatedRpc (custom)
2022-11-16 04:23:59,375 [Time-limited test] INFO  impl.DataStreamServerImpl (ConfUtils.java:logGet(46)) - raft.datastream.type = DISABLED (default)
2022-11-16 04:23:59,376 [Time-limited test] INFO  server.RaftServerConfigKeys (ConfUtils.java:logGet(46)) - raft.server.threadpool.proxy.cached = true (default)
2022-11-16 04:23:59,376 [Time-limited test] INFO  server.RaftServerConfigKeys (ConfUtils.java:logGet(46)) - raft.server.threadpool.proxy.size = 0 (default)
2022-11-16 04:23:59,376 [Time-limited test] INFO  server.RaftServerConfigKeys (ConfUtils.java:logGet(46)) - raft.server.rpc.slowness.timeout = 60s (default)
2022-11-16 04:23:59,376 [Time-limited test] INFO  server.RaftServerConfigKeys (ConfUtils.java:logGet(46)) - raft.server.leaderelection.leader.step-down.wait-time = 10s (default)
2022-11-16 04:23:59,376 [Time-limited test] INFO  server.RaftServerConfigKeys (ConfUtils.java:logGet(46)) - raft.server.storage.dir = [/home/runner/work/ratis/ratis/ratis-test/target/test/data/959ca2e3/MiniRaftClusterWithSimulatedRpcfa2c1080/s3] (custom)
2022-11-16 04:23:59,377 [Time-limited test] INFO  server.RaftServer (RaftServerProxy.java:addNew(99)) - s3: addNew group-742A07453557:[s3|rpc:localhost:32935|admin:localhost:46155|client:localhost:45497|dataStream:localhost:45325|priority:0|startupRole:FOLLOWER, s4|rpc:localhost:43443|admin:localhost:35771|client:localhost:42171|dataStream:localhost:35973|priority:0|startupRole:FOLLOWER, s0|rpc:localhost:39127|admin:localhost:34665|client:localhost:40015|dataStream:localhost:33597|priority:0|startupRole:FOLLOWER, s1|rpc:localhost:34777|admin:localhost:44841|client:localhost:46383|dataStream:localhost:39499|priority:0|startupRole:FOLLOWER, s2|rpc:localhost:42831|admin:localhost:43735|client:localhost:36571|dataStream:localhost:33613|priority:0|startupRole:FOLLOWER] returns group-742A07453557:java.util.concurrent.CompletableFuture@5af46d7e[Not completed]
2022-11-16 04:23:59,377 [Time-limited test] INFO  impl.MiniRaftCluster (MiniRaftCluster.java:newRaftServer(382)) - newRaftServer: s4, group-742A07453557:[s3|rpc:localhost:32935|admin:localhost:46155|client:localhost:45497|dataStream:localhost:45325|priority:0|startupRole:FOLLOWER, s4|rpc:localhost:43443|admin:localhost:35771|client:localhost:42171|dataStream:localhost:35973|priority:0|startupRole:FOLLOWER, s0|rpc:localhost:39127|admin:localhost:34665|client:localhost:40015|dataStream:localhost:33597|priority:0|startupRole:FOLLOWER, s1|rpc:localhost:34777|admin:localhost:44841|client:localhost:46383|dataStream:localhost:39499|priority:0|startupRole:FOLLOWER, s2|rpc:localhost:42831|admin:localhost:43735|client:localhost:36571|dataStream:localhost:33613|priority:0|startupRole:FOLLOWER], format? true
2022-11-16 04:23:59,377 [Time-limited test] TRACE util.FileUtils (FileUtils.java:deleteFully(170)) - deleteFully target/test/data/959ca2e3/MiniRaftClusterWithSimulatedRpcfa2c1080/s4
2022-11-16 04:23:59,377 [Time-limited test] TRACE util.FileUtils (FileUtils.java:deleteFully(186)) - deleteFully: target/test/data/959ca2e3/MiniRaftClusterWithSimulatedRpcfa2c1080/s4 does not exist.
2022-11-16 04:23:59,377 [Time-limited test] INFO  impl.MiniRaftCluster (MiniRaftCluster.java:newRaftServer(387)) - Formatted directory target/test/data/959ca2e3/MiniRaftClusterWithSimulatedRpcfa2c1080/s4
2022-11-16 04:23:59,378 [Time-limited test] INFO  server.RaftServer (ConfUtils.java:logGet(46)) - raft.rpc.type = org.apache.ratis.server.simulation.SimulatedRpc (custom)
2022-11-16 04:23:59,378 [Time-limited test] INFO  impl.DataStreamServerImpl (ConfUtils.java:logGet(46)) - raft.datastream.type = DISABLED (default)
2022-11-16 04:23:59,378 [Time-limited test] INFO  server.RaftServerConfigKeys (ConfUtils.java:logGet(46)) - raft.server.threadpool.proxy.cached = true (default)
2022-11-16 04:23:59,378 [Time-limited test] INFO  server.RaftServerConfigKeys (ConfUtils.java:logGet(46)) - raft.server.threadpool.proxy.size = 0 (default)
2022-11-16 04:23:59,378 [Time-limited test] INFO  server.RaftServerConfigKeys (ConfUtils.java:logGet(46)) - raft.server.rpc.slowness.timeout = 60s (default)
2022-11-16 04:23:59,378 [Time-limited test] INFO  server.RaftServerConfigKeys (ConfUtils.java:logGet(46)) - raft.server.leaderelection.leader.step-down.wait-time = 10s (default)
2022-11-16 04:23:59,378 [Time-limited test] INFO  server.RaftServerConfigKeys (ConfUtils.java:logGet(46)) - raft.server.storage.dir = [/home/runner/work/ratis/ratis/ratis-test/target/test/data/959ca2e3/MiniRaftClusterWithSimulatedRpcfa2c1080/s4] (custom)
2022-11-16 04:23:59,379 [pool-5-thread-1] INFO  server.RaftServer$Division (RaftServerImpl.java:<init>(198)) - s3: new RaftServerImpl for group-742A07453557:[s3|rpc:localhost:32935|admin:localhost:46155|client:localhost:45497|dataStream:localhost:45325|priority:0|startupRole:FOLLOWER, s4|rpc:localhost:43443|admin:localhost:35771|client:localhost:42171|dataStream:localhost:35973|priority:0|startupRole:FOLLOWER, s0|rpc:localhost:39127|admin:localhost:34665|client:localhost:40015|dataStream:localhost:33597|priority:0|startupRole:FOLLOWER, s1|rpc:localhost:34777|admin:localhost:44841|client:localhost:46383|dataStream:localhost:39499|priority:0|startupRole:FOLLOWER, s2|rpc:localhost:42831|admin:localhost:43735|client:localhost:36571|dataStream:localhost:33613|priority:0|startupRole:FOLLOWER] with BaseStateMachine:uninitialized
2022-11-16 04:23:59,379 [pool-5-thread-1] INFO  server.RaftServerConfigKeys (ConfUtils.java:logGet(46)) - raft.server.rpc.timeout.min = 150ms (default)
2022-11-16 04:23:59,379 [pool-5-thread-1] INFO  server.RaftServerConfigKeys (ConfUtils.java:logGet(46)) - raft.server.rpc.timeout.max = 300ms (default)
2022-11-16 04:23:59,379 [pool-5-thread-1] INFO  server.RaftServerConfigKeys (ConfUtils.java:logGet(46)) - raft.server.rpc.sleep.time = 25ms (default)
2022-11-16 04:23:59,379 [pool-5-thread-1] INFO  server.RaftServerConfigKeys (ConfUtils.java:logGet(46)) - raft.server.rpc.slowness.timeout = 60s (default)
2022-11-16 04:23:59,379 [pool-5-thread-1] INFO  server.RaftServerConfigKeys (ConfUtils.java:logGet(46)) - raft.server.leaderelection.leader.step-down.wait-time = 10s (default)
2022-11-16 04:23:59,379 [pool-5-thread-1] INFO  server.RaftServerConfigKeys (ConfUtils.java:logGet(46)) - raft.server.sleep.deviation.threshold = 300ms (default)
2022-11-16 04:23:59,379 [pool-5-thread-1] INFO  server.RaftServer$Division (ServerState.java:<init>(113)) - s3@group-742A07453557: ConfigurationManager, init=-1: peers:[s3|rpc:localhost:32935|admin:localhost:46155|client:localhost:45497|dataStream:localhost:45325|priority:0|startupRole:FOLLOWER, s4|rpc:localhost:43443|admin:localhost:35771|client:localhost:42171|dataStream:localhost:35973|priority:0|startupRole:FOLLOWER, s0|rpc:localhost:39127|admin:localhost:34665|client:localhost:40015|dataStream:localhost:33597|priority:0|startupRole:FOLLOWER, s1|rpc:localhost:34777|admin:localhost:44841|client:localhost:46383|dataStream:localhost:39499|priority:0|startupRole:FOLLOWER, s2|rpc:localhost:42831|admin:localhost:43735|client:localhost:36571|dataStream:localhost:33613|priority:0|startupRole:FOLLOWER]|listeners:[], old=null, confs=<EMPTY_MAP>
2022-11-16 04:23:59,379 [pool-5-thread-1] INFO  server.RaftServerConfigKeys (ConfUtils.java:logGet(46)) - raft.server.notification.no-leader.timeout = 60s (default)
2022-11-16 04:23:59,380 [pool-5-thread-1] INFO  server.RaftServerConfigKeys (ConfUtils.java:logGet(46)) - raft.server.read.timeout = 10s (default)
2022-11-16 04:23:59,380 [pool-5-thread-1] INFO  server.RaftServerConfigKeys (ConfUtils.java:logGet(46)) - raft.server.retrycache.expirytime = 60s (default)
2022-11-16 04:23:59,380 [pool-5-thread-1] INFO  server.RaftServerConfigKeys (ConfUtils.java:logGet(46)) - raft.server.retrycache.statistics.expirytime = 100μs (default)
2022-11-16 04:23:59,380 [pool-5-thread-1] INFO  server.RaftServerConfigKeys (ConfUtils.java:logGet(46)) - raft.server.read.option = DEFAULT (default)
2022-11-16 04:23:59,386 [pool-5-thread-1] INFO  server.RaftServerConfigKeys (ConfUtils.java:logGet(46)) - raft.server.log.appender.install.snapshot.enabled = true (default)
2022-11-16 04:23:59,386 [pool-5-thread-1] INFO  server.RaftServerConfigKeys (ConfUtils.java:logGet(46)) - raft.server.threadpool.server.cached = true (default)
2022-11-16 04:23:59,387 [pool-5-thread-1] INFO  server.RaftServerConfigKeys (ConfUtils.java:logGet(46)) - raft.server.threadpool.server.size = 0 (default)
2022-11-16 04:23:59,387 [pool-5-thread-1] INFO  server.RaftServerConfigKeys (ConfUtils.java:logGet(46)) - raft.server.threadpool.client.cached = true (default)
2022-11-16 04:23:59,387 [pool-5-thread-1] INFO  server.RaftServerConfigKeys (ConfUtils.java:logGet(46)) - raft.server.threadpool.client.size = 0 (default)
2022-11-16 04:23:59,387 [Time-limited test] INFO  server.RaftServer (RaftServerProxy.java:addNew(99)) - s4: addNew group-742A07453557:[s3|rpc:localhost:32935|admin:localhost:46155|client:localhost:45497|dataStream:localhost:45325|priority:0|startupRole:FOLLOWER, s4|rpc:localhost:43443|admin:localhost:35771|client:localhost:42171|dataStream:localhost:35973|priority:0|startupRole:FOLLOWER, s0|rpc:localhost:39127|admin:localhost:34665|client:localhost:40015|dataStream:localhost:33597|priority:0|startupRole:FOLLOWER, s1|rpc:localhost:34777|admin:localhost:44841|client:localhost:46383|dataStream:localhost:39499|priority:0|startupRole:FOLLOWER, s2|rpc:localhost:42831|admin:localhost:43735|client:localhost:36571|dataStream:localhost:33613|priority:0|startupRole:FOLLOWER] returns group-742A07453557:java.util.concurrent.CompletableFuture@2ea37648[Not completed]
2022-11-16 04:23:59,387 [Time-limited test] INFO  impl.MiniRaftCluster (MiniRaftCluster.java:newRaftServer(382)) - newRaftServer: s0, group-742A07453557:[s3|rpc:localhost:32935|admin:localhost:46155|client:localhost:45497|dataStream:localhost:45325|priority:0|startupRole:FOLLOWER, s4|rpc:localhost:43443|admin:localhost:35771|client:localhost:42171|dataStream:localhost:35973|priority:0|startupRole:FOLLOWER, s0|rpc:localhost:39127|admin:localhost:34665|client:localhost:40015|dataStream:localhost:33597|priority:0|startupRole:FOLLOWER, s1|rpc:localhost:34777|admin:localhost:44841|client:localhost:46383|dataStream:localhost:39499|priority:0|startupRole:FOLLOWER, s2|rpc:localhost:42831|admin:localhost:43735|client:localhost:36571|dataStream:localhost:33613|priority:0|startupRole:FOLLOWER], format? true
2022-11-16 04:23:59,387 [Time-limited test] TRACE util.FileUtils (FileUtils.java:deleteFully(170)) - deleteFully target/test/data/959ca2e3/MiniRaftClusterWithSimulatedRpcfa2c1080/s0
2022-11-16 04:23:59,387 [Time-limited test] TRACE util.FileUtils (FileUtils.java:deleteFully(186)) - deleteFully: target/test/data/959ca2e3/MiniRaftClusterWithSimulatedRpcfa2c1080/s0 does not exist.
2022-11-16 04:23:59,387 [Time-limited test] INFO  impl.MiniRaftCluster (MiniRaftCluster.java:newRaftServer(387)) - Formatted directory target/test/data/959ca2e3/MiniRaftClusterWithSimulatedRpcfa2c1080/s0
2022-11-16 04:23:59,388 [Time-limited test] INFO  server.RaftServer (ConfUtils.java:logGet(46)) - raft.rpc.type = org.apache.ratis.server.simulation.SimulatedRpc (custom)
2022-11-16 04:23:59,388 [Time-limited test] INFO  impl.DataStreamServerImpl (ConfUtils.java:logGet(46)) - raft.datastream.type = DISABLED (default)
2022-11-16 04:23:59,388 [Time-limited test] INFO  server.RaftServerConfigKeys (ConfUtils.java:logGet(46)) - raft.server.threadpool.proxy.cached = true (default)
2022-11-16 04:23:59,388 [Time-limited test] INFO  server.RaftServerConfigKeys (ConfUtils.java:logGet(46)) - raft.server.threadpool.proxy.size = 0 (default)
2022-11-16 04:23:59,388 [Time-limited test] INFO  server.RaftServerConfigKeys (ConfUtils.java:logGet(46)) - raft.server.rpc.slowness.timeout = 60s (default)
2022-11-16 04:23:59,388 [Time-limited test] INFO  server.RaftServerConfigKeys (ConfUtils.java:logGet(46)) - raft.server.leaderelection.leader.step-down.wait-time = 10s (default)
2022-11-16 04:23:59,388 [Time-limited test] INFO  server.RaftServerConfigKeys (ConfUtils.java:logGet(46)) - raft.server.storage.dir = [/home/runner/work/ratis/ratis/ratis-test/target/test/data/959ca2e3/MiniRaftClusterWithSimulatedRpcfa2c1080/s0] (custom)
2022-11-16 04:23:59,389 [pool-6-thread-1] INFO  server.RaftServer$Division (RaftServerImpl.java:<init>(198)) - s4: new RaftServerImpl for group-742A07453557:[s3|rpc:localhost:32935|admin:localhost:46155|client:localhost:45497|dataStream:localhost:45325|priority:0|startupRole:FOLLOWER, s4|rpc:localhost:43443|admin:localhost:35771|client:localhost:42171|dataStream:localhost:35973|priority:0|startupRole:FOLLOWER, s0|rpc:localhost:39127|admin:localhost:34665|client:localhost:40015|dataStream:localhost:33597|priority:0|startupRole:FOLLOWER, s1|rpc:localhost:34777|admin:localhost:44841|client:localhost:46383|dataStream:localhost:39499|priority:0|startupRole:FOLLOWER, s2|rpc:localhost:42831|admin:localhost:43735|client:localhost:36571|dataStream:localhost:33613|priority:0|startupRole:FOLLOWER] with BaseStateMachine:uninitialized
2022-11-16 04:23:59,389 [pool-6-thread-1] INFO  server.RaftServerConfigKeys (ConfUtils.java:logGet(46)) - raft.server.rpc.timeout.min = 150ms (default)
2022-11-16 04:23:59,390 [pool-6-thread-1] INFO  server.RaftServerConfigKeys (ConfUtils.java:logGet(46)) - raft.server.rpc.timeout.max = 300ms (default)
2022-11-16 04:23:59,390 [pool-6-thread-1] INFO  server.RaftServerConfigKeys (ConfUtils.java:logGet(46)) - raft.server.rpc.sleep.time = 25ms (default)
2022-11-16 04:23:59,390 [pool-6-thread-1] INFO  server.RaftServerConfigKeys (ConfUtils.java:logGet(46)) - raft.server.rpc.slowness.timeout = 60s (default)
2022-11-16 04:23:59,390 [pool-6-thread-1] INFO  server.RaftServerConfigKeys (ConfUtils.java:logGet(46)) - raft.server.leaderelection.leader.step-down.wait-time = 10s (default)
2022-11-16 04:23:59,390 [pool-6-thread-1] INFO  server.RaftServerConfigKeys (ConfUtils.java:logGet(46)) - raft.server.sleep.deviation.threshold = 300ms (default)
2022-11-16 04:23:59,391 [pool-6-thread-1] INFO  server.RaftServer$Division (ServerState.java:<init>(113)) - s4@group-742A07453557: ConfigurationManager, init=-1: peers:[s3|rpc:localhost:32935|admin:localhost:46155|client:localhost:45497|dataStream:localhost:45325|priority:0|startupRole:FOLLOWER, s4|rpc:localhost:43443|admin:localhost:35771|client:localhost:42171|dataStream:localhost:35973|priority:0|startupRole:FOLLOWER, s0|rpc:localhost:39127|admin:localhost:34665|client:localhost:40015|dataStream:localhost:33597|priority:0|startupRole:FOLLOWER, s1|rpc:localhost:34777|admin:localhost:44841|client:localhost:46383|dataStream:localhost:39499|priority:0|startupRole:FOLLOWER, s2|rpc:localhost:42831|admin:localhost:43735|client:localhost:36571|dataStream:localhost:33613|priority:0|startupRole:FOLLOWER]|listeners:[], old=null, confs=<EMPTY_MAP>
2022-11-16 04:23:59,391 [pool-6-thread-1] INFO  server.RaftServerConfigKeys (ConfUtils.java:logGet(46)) - raft.server.notification.no-leader.timeout = 60s (default)
2022-11-16 04:23:59,391 [pool-6-thread-1] INFO  server.RaftServerConfigKeys (ConfUtils.java:logGet(46)) - raft.server.read.timeout = 10s (default)
2022-11-16 04:23:59,391 [pool-6-thread-1] INFO  server.RaftServerConfigKeys (ConfUtils.java:logGet(46)) - raft.server.retrycache.expirytime = 60s (default)
2022-11-16 04:23:59,391 [pool-6-thread-1] INFO  server.RaftServerConfigKeys (ConfUtils.java:logGet(46)) - raft.server.retrycache.statistics.expirytime = 100μs (default)
2022-11-16 04:23:59,391 [pool-6-thread-1] INFO  server.RaftServerConfigKeys (ConfUtils.java:logGet(46)) - raft.server.read.option = DEFAULT (default)
2022-11-16 04:23:59,394 [pool-6-thread-1] INFO  server.RaftServerConfigKeys (ConfUtils.java:logGet(46)) - raft.server.log.appender.install.snapshot.enabled = true (default)
2022-11-16 04:23:59,394 [pool-6-thread-1] INFO  server.RaftServerConfigKeys (ConfUtils.java:logGet(46)) - raft.server.threadpool.server.cached = true (default)
2022-11-16 04:23:59,395 [pool-6-thread-1] INFO  server.RaftServerConfigKeys (ConfUtils.java:logGet(46)) - raft.server.threadpool.server.size = 0 (default)
2022-11-16 04:23:59,395 [pool-6-thread-1] INFO  server.RaftServerConfigKeys (ConfUtils.java:logGet(46)) - raft.server.threadpool.client.cached = true (default)
2022-11-16 04:23:59,395 [pool-6-thread-1] INFO  server.RaftServerConfigKeys (ConfUtils.java:logGet(46)) - raft.server.threadpool.client.size = 0 (default)
2022-11-16 04:23:59,395 [Time-limited test] INFO  server.RaftServer (RaftServerProxy.java:addNew(99)) - s0: addNew group-742A07453557:[s3|rpc:localhost:32935|admin:localhost:46155|client:localhost:45497|dataStream:localhost:45325|priority:0|startupRole:FOLLOWER, s4|rpc:localhost:43443|admin:localhost:35771|client:localhost:42171|dataStream:localhost:35973|priority:0|startupRole:FOLLOWER, s0|rpc:localhost:39127|admin:localhost:34665|client:localhost:40015|dataStream:localhost:33597|priority:0|startupRole:FOLLOWER, s1|rpc:localhost:34777|admin:localhost:44841|client:localhost:46383|dataStream:localhost:39499|priority:0|startupRole:FOLLOWER, s2|rpc:localhost:42831|admin:localhost:43735|client:localhost:36571|dataStream:localhost:33613|priority:0|startupRole:FOLLOWER] returns group-742A07453557:java.util.concurrent.CompletableFuture@5d7cd83[Not completed]
2022-11-16 04:23:59,395 [Time-limited test] INFO  impl.MiniRaftCluster (MiniRaftCluster.java:newRaftServer(382)) - newRaftServer: s1, group-742A07453557:[s3|rpc:localhost:32935|admin:localhost:46155|client:localhost:45497|dataStream:localhost:45325|priority:0|startupRole:FOLLOWER, s4|rpc:localhost:43443|admin:localhost:35771|client:localhost:42171|dataStream:localhost:35973|priority:0|startupRole:FOLLOWER, s0|rpc:localhost:39127|admin:localhost:34665|client:localhost:40015|dataStream:localhost:33597|priority:0|startupRole:FOLLOWER, s1|rpc:localhost:34777|admin:localhost:44841|client:localhost:46383|dataStream:localhost:39499|priority:0|startupRole:FOLLOWER, s2|rpc:localhost:42831|admin:localhost:43735|client:localhost:36571|dataStream:localhost:33613|priority:0|startupRole:FOLLOWER], format? true
2022-11-16 04:23:59,395 [Time-limited test] TRACE util.FileUtils (FileUtils.java:deleteFully(170)) - deleteFully target/test/data/959ca2e3/MiniRaftClusterWithSimulatedRpcfa2c1080/s1
2022-11-16 04:23:59,395 [Time-limited test] TRACE util.FileUtils (FileUtils.java:deleteFully(186)) - deleteFully: target/test/data/959ca2e3/MiniRaftClusterWithSimulatedRpcfa2c1080/s1 does not exist.
2022-11-16 04:23:59,395 [Time-limited test] INFO  impl.MiniRaftCluster (MiniRaftCluster.java:newRaftServer(387)) - Formatted directory target/test/data/959ca2e3/MiniRaftClusterWithSimulatedRpcfa2c1080/s1
2022-11-16 04:23:59,395 [Time-limited test] INFO  server.RaftServer (ConfUtils.java:logGet(46)) - raft.rpc.type = org.apache.ratis.server.simulation.SimulatedRpc (custom)
2022-11-16 04:23:59,396 [Time-limited test] INFO  impl.DataStreamServerImpl (ConfUtils.java:logGet(46)) - raft.datastream.type = DISABLED (default)
2022-11-16 04:23:59,396 [Time-limited test] INFO  server.RaftServerConfigKeys (ConfUtils.java:logGet(46)) - raft.server.threadpool.proxy.cached = true (default)
2022-11-16 04:23:59,396 [Time-limited test] INFO  server.RaftServerConfigKeys (ConfUtils.java:logGet(46)) - raft.server.threadpool.proxy.size = 0 (default)
2022-11-16 04:23:59,396 [Time-limited test] INFO  server.RaftServerConfigKeys (ConfUtils.java:logGet(46)) - raft.server.rpc.slowness.timeout = 60s (default)
2022-11-16 04:23:59,396 [Time-limited test] INFO  server.RaftServerConfigKeys (ConfUtils.java:logGet(46)) - raft.server.leaderelection.leader.step-down.wait-time = 10s (default)
2022-11-16 04:23:59,396 [Time-limited test] INFO  server.RaftServerConfigKeys (ConfUtils.java:logGet(46)) - raft.server.storage.dir = [/home/runner/work/ratis/ratis/ratis-test/target/test/data/959ca2e3/MiniRaftClusterWithSimulatedRpcfa2c1080/s1] (custom)
2022-11-16 04:23:59,398 [pool-7-thread-1] INFO  server.RaftServer$Division (RaftServerImpl.java:<init>(198)) - s0: new RaftServerImpl for group-742A07453557:[s3|rpc:localhost:32935|admin:localhost:46155|client:localhost:45497|dataStream:localhost:45325|priority:0|startupRole:FOLLOWER, s4|rpc:localhost:43443|admin:localhost:35771|client:localhost:42171|dataStream:localhost:35973|priority:0|startupRole:FOLLOWER, s0|rpc:localhost:39127|admin:localhost:34665|client:localhost:40015|dataStream:localhost:33597|priority:0|startupRole:FOLLOWER, s1|rpc:localhost:34777|admin:localhost:44841|client:localhost:46383|dataStream:localhost:39499|priority:0|startupRole:FOLLOWER, s2|rpc:localhost:42831|admin:localhost:43735|client:localhost:36571|dataStream:localhost:33613|priority:0|startupRole:FOLLOWER] with BaseStateMachine:uninitialized
2022-11-16 04:23:59,398 [pool-7-thread-1] INFO  server.RaftServerConfigKeys (ConfUtils.java:logGet(46)) - raft.server.rpc.timeout.min = 150ms (default)
2022-11-16 04:23:59,398 [pool-7-thread-1] INFO  server.RaftServerConfigKeys (ConfUtils.java:logGet(46)) - raft.server.rpc.timeout.max = 300ms (default)
2022-11-16 04:23:59,398 [pool-7-thread-1] INFO  server.RaftServerConfigKeys (ConfUtils.java:logGet(46)) - raft.server.rpc.sleep.time = 25ms (default)
2022-11-16 04:23:59,398 [pool-7-thread-1] INFO  server.RaftServerConfigKeys (ConfUtils.java:logGet(46)) - raft.server.rpc.slowness.timeout = 60s (default)
2022-11-16 04:23:59,398 [pool-7-thread-1] INFO  server.RaftServerConfigKeys (ConfUtils.java:logGet(46)) - raft.server.leaderelection.leader.step-down.wait-time = 10s (default)
2022-11-16 04:23:59,398 [pool-7-thread-1] INFO  server.RaftServerConfigKeys (ConfUtils.java:logGet(46)) - raft.server.sleep.deviation.threshold = 300ms (default)
2022-11-16 04:23:59,398 [pool-7-thread-1] INFO  server.RaftServer$Division (ServerState.java:<init>(113)) - s0@group-742A07453557: ConfigurationManager, init=-1: peers:[s3|rpc:localhost:32935|admin:localhost:46155|client:localhost:45497|dataStream:localhost:45325|priority:0|startupRole:FOLLOWER, s4|rpc:localhost:43443|admin:localhost:35771|client:localhost:42171|dataStream:localhost:35973|priority:0|startupRole:FOLLOWER, s0|rpc:localhost:39127|admin:localhost:34665|client:localhost:40015|dataStream:localhost:33597|priority:0|startupRole:FOLLOWER, s1|rpc:localhost:34777|admin:localhost:44841|client:localhost:46383|dataStream:localhost:39499|priority:0|startupRole:FOLLOWER, s2|rpc:localhost:42831|admin:localhost:43735|client:localhost:36571|dataStream:localhost:33613|priority:0|startupRole:FOLLOWER]|listeners:[], old=null, confs=<EMPTY_MAP>
2022-11-16 04:23:59,398 [pool-7-thread-1] INFO  server.RaftServerConfigKeys (ConfUtils.java:logGet(46)) - raft.server.notification.no-leader.timeout = 60s (default)
2022-11-16 04:23:59,398 [pool-7-thread-1] INFO  server.RaftServerConfigKeys (ConfUtils.java:logGet(46)) - raft.server.read.timeout = 10s (default)
2022-11-16 04:23:59,398 [pool-7-thread-1] INFO  server.RaftServerConfigKeys (ConfUtils.java:logGet(46)) - raft.server.retrycache.expirytime = 60s (default)
2022-11-16 04:23:59,398 [pool-7-thread-1] INFO  server.RaftServerConfigKeys (ConfUtils.java:logGet(46)) - raft.server.retrycache.statistics.expirytime = 100μs (default)
2022-11-16 04:23:59,399 [pool-7-thread-1] INFO  server.RaftServerConfigKeys (ConfUtils.java:logGet(46)) - raft.server.read.option = DEFAULT (default)
2022-11-16 04:23:59,400 [pool-7-thread-1] INFO  server.RaftServerConfigKeys (ConfUtils.java:logGet(46)) - raft.server.log.appender.install.snapshot.enabled = true (default)
2022-11-16 04:23:59,400 [pool-7-thread-1] INFO  server.RaftServerConfigKeys (ConfUtils.java:logGet(46)) - raft.server.threadpool.server.cached = true (default)
2022-11-16 04:23:59,400 [pool-7-thread-1] INFO  server.RaftServerConfigKeys (ConfUtils.java:logGet(46)) - raft.server.threadpool.server.size = 0 (default)
2022-11-16 04:23:59,400 [pool-7-thread-1] INFO  server.RaftServerConfigKeys (ConfUtils.java:logGet(46)) - raft.server.threadpool.client.cached = true (default)
2022-11-16 04:23:59,400 [pool-7-thread-1] INFO  server.RaftServerConfigKeys (ConfUtils.java:logGet(46)) - raft.server.threadpool.client.size = 0 (default)
2022-11-16 04:23:59,400 [Time-limited test] INFO  server.RaftServer (RaftServerProxy.java:addNew(99)) - s1: addNew group-742A07453557:[s3|rpc:localhost:32935|admin:localhost:46155|client:localhost:45497|dataStream:localhost:45325|priority:0|startupRole:FOLLOWER, s4|rpc:localhost:43443|admin:localhost:35771|client:localhost:42171|dataStream:localhost:35973|priority:0|startupRole:FOLLOWER, s0|rpc:localhost:39127|admin:localhost:34665|client:localhost:40015|dataStream:localhost:33597|priority:0|startupRole:FOLLOWER, s1|rpc:localhost:34777|admin:localhost:44841|client:localhost:46383|dataStream:localhost:39499|priority:0|startupRole:FOLLOWER, s2|rpc:localhost:42831|admin:localhost:43735|client:localhost:36571|dataStream:localhost:33613|priority:0|startupRole:FOLLOWER] returns group-742A07453557:java.util.concurrent.CompletableFuture@7b978c73[Not completed]
2022-11-16 04:23:59,400 [Time-limited test] INFO  impl.MiniRaftCluster (MiniRaftCluster.java:newRaftServer(382)) - newRaftServer: s2, group-742A07453557:[s3|rpc:localhost:32935|admin:localhost:46155|client:localhost:45497|dataStream:localhost:45325|priority:0|startupRole:FOLLOWER, s4|rpc:localhost:43443|admin:localhost:35771|client:localhost:42171|dataStream:localhost:35973|priority:0|startupRole:FOLLOWER, s0|rpc:localhost:39127|admin:localhost:34665|client:localhost:40015|dataStream:localhost:33597|priority:0|startupRole:FOLLOWER, s1|rpc:localhost:34777|admin:localhost:44841|client:localhost:46383|dataStream:localhost:39499|priority:0|startupRole:FOLLOWER, s2|rpc:localhost:42831|admin:localhost:43735|client:localhost:36571|dataStream:localhost:33613|priority:0|startupRole:FOLLOWER], format? true
2022-11-16 04:23:59,400 [Time-limited test] TRACE util.FileUtils (FileUtils.java:deleteFully(170)) - deleteFully target/test/data/959ca2e3/MiniRaftClusterWithSimulatedRpcfa2c1080/s2
2022-11-16 04:23:59,401 [Time-limited test] TRACE util.FileUtils (FileUtils.java:deleteFully(186)) - deleteFully: target/test/data/959ca2e3/MiniRaftClusterWithSimulatedRpcfa2c1080/s2 does not exist.
2022-11-16 04:23:59,401 [Time-limited test] INFO  impl.MiniRaftCluster (MiniRaftCluster.java:newRaftServer(387)) - Formatted directory target/test/data/959ca2e3/MiniRaftClusterWithSimulatedRpcfa2c1080/s2
2022-11-16 04:23:59,401 [Time-limited test] INFO  server.RaftServer (ConfUtils.java:logGet(46)) - raft.rpc.type = org.apache.ratis.server.simulation.SimulatedRpc (custom)
2022-11-16 04:23:59,401 [Time-limited test] INFO  impl.DataStreamServerImpl (ConfUtils.java:logGet(46)) - raft.datastream.type = DISABLED (default)
2022-11-16 04:23:59,401 [Time-limited test] INFO  server.RaftServerConfigKeys (ConfUtils.java:logGet(46)) - raft.server.threadpool.proxy.cached = true (default)
2022-11-16 04:23:59,401 [Time-limited test] INFO  server.RaftServerConfigKeys (ConfUtils.java:logGet(46)) - raft.server.threadpool.proxy.size = 0 (default)
2022-11-16 04:23:59,401 [Time-limited test] INFO  server.RaftServerConfigKeys (ConfUtils.java:logGet(46)) - raft.server.rpc.slowness.timeout = 60s (default)
2022-11-16 04:23:59,401 [Time-limited test] INFO  server.RaftServerConfigKeys (ConfUtils.java:logGet(46)) - raft.server.leaderelection.leader.step-down.wait-time = 10s (default)
2022-11-16 04:23:59,401 [Time-limited test] INFO  server.RaftServerConfigKeys (ConfUtils.java:logGet(46)) - raft.server.storage.dir = [/home/runner/work/ratis/ratis/ratis-test/target/test/data/959ca2e3/MiniRaftClusterWithSimulatedRpcfa2c1080/s2] (custom)
2022-11-16 04:23:59,402 [pool-8-thread-1] INFO  server.RaftServer$Division (RaftServerImpl.java:<init>(198)) - s1: new RaftServerImpl for group-742A07453557:[s3|rpc:localhost:32935|admin:localhost:46155|client:localhost:45497|dataStream:localhost:45325|priority:0|startupRole:FOLLOWER, s4|rpc:localhost:43443|admin:localhost:35771|client:localhost:42171|dataStream:localhost:35973|priority:0|startupRole:FOLLOWER, s0|rpc:localhost:39127|admin:localhost:34665|client:localhost:40015|dataStream:localhost:33597|priority:0|startupRole:FOLLOWER, s1|rpc:localhost:34777|admin:localhost:44841|client:localhost:46383|dataStream:localhost:39499|priority:0|startupRole:FOLLOWER, s2|rpc:localhost:42831|admin:localhost:43735|client:localhost:36571|dataStream:localhost:33613|priority:0|startupRole:FOLLOWER] with BaseStateMachine:uninitialized
2022-11-16 04:23:59,402 [pool-8-thread-1] INFO  server.RaftServerConfigKeys (ConfUtils.java:logGet(46)) - raft.server.rpc.timeout.min = 150ms (default)
2022-11-16 04:23:59,402 [pool-8-thread-1] INFO  server.RaftServerConfigKeys (ConfUtils.java:logGet(46)) - raft.server.rpc.timeout.max = 300ms (default)
2022-11-16 04:23:59,403 [pool-8-thread-1] INFO  server.RaftServerConfigKeys (ConfUtils.java:logGet(46)) - raft.server.rpc.sleep.time = 25ms (default)
2022-11-16 04:23:59,403 [pool-8-thread-1] INFO  server.RaftServerConfigKeys (ConfUtils.java:logGet(46)) - raft.server.rpc.slowness.timeout = 60s (default)
2022-11-16 04:23:59,403 [pool-8-thread-1] INFO  server.RaftServerConfigKeys (ConfUtils.java:logGet(46)) - raft.server.leaderelection.leader.step-down.wait-time = 10s (default)
2022-11-16 04:23:59,403 [pool-8-thread-1] INFO  server.RaftServerConfigKeys (ConfUtils.java:logGet(46)) - raft.server.sleep.deviation.threshold = 300ms (default)
2022-11-16 04:23:59,403 [pool-8-thread-1] INFO  server.RaftServer$Division (ServerState.java:<init>(113)) - s1@group-742A07453557: ConfigurationManager, init=-1: peers:[s3|rpc:localhost:32935|admin:localhost:46155|client:localhost:45497|dataStream:localhost:45325|priority:0|startupRole:FOLLOWER, s4|rpc:localhost:43443|admin:localhost:35771|client:localhost:42171|dataStream:localhost:35973|priority:0|startupRole:FOLLOWER, s0|rpc:localhost:39127|admin:localhost:34665|client:localhost:40015|dataStream:localhost:33597|priority:0|startupRole:FOLLOWER, s1|rpc:localhost:34777|admin:localhost:44841|client:localhost:46383|dataStream:localhost:39499|priority:0|startupRole:FOLLOWER, s2|rpc:localhost:42831|admin:localhost:43735|client:localhost:36571|dataStream:localhost:33613|priority:0|startupRole:FOLLOWER]|listeners:[], old=null, confs=<EMPTY_MAP>
2022-11-16 04:23:59,403 [pool-8-thread-1] INFO  server.RaftServerConfigKeys (ConfUtils.java:logGet(46)) - raft.server.notification.no-leader.timeout = 60s (default)
2022-11-16 04:23:59,403 [pool-8-thread-1] INFO  server.RaftServerConfigKeys (ConfUtils.java:logGet(46)) - raft.server.read.timeout = 10s (default)
2022-11-16 04:23:59,403 [pool-8-thread-1] INFO  server.RaftServerConfigKeys (ConfUtils.java:logGet(46)) - raft.server.retrycache.expirytime = 60s (default)
2022-11-16 04:23:59,403 [pool-8-thread-1] INFO  server.RaftServerConfigKeys (ConfUtils.java:logGet(46)) - raft.server.retrycache.statistics.expirytime = 100μs (default)
2022-11-16 04:23:59,403 [pool-8-thread-1] INFO  server.RaftServerConfigKeys (ConfUtils.java:logGet(46)) - raft.server.read.option = DEFAULT (default)
2022-11-16 04:23:59,409 [pool-8-thread-1] INFO  server.RaftServerConfigKeys (ConfUtils.java:logGet(46)) - raft.server.log.appender.install.snapshot.enabled = true (default)
2022-11-16 04:23:59,409 [pool-8-thread-1] INFO  server.RaftServerConfigKeys (ConfUtils.java:logGet(46)) - raft.server.threadpool.server.cached = true (default)
2022-11-16 04:23:59,409 [pool-8-thread-1] INFO  server.RaftServerConfigKeys (ConfUtils.java:logGet(46)) - raft.server.threadpool.server.size = 0 (default)
2022-11-16 04:23:59,409 [pool-8-thread-1] INFO  server.RaftServerConfigKeys (ConfUtils.java:logGet(46)) - raft.server.threadpool.client.cached = true (default)
2022-11-16 04:23:59,409 [pool-8-thread-1] INFO  server.RaftServerConfigKeys (ConfUtils.java:logGet(46)) - raft.server.threadpool.client.size = 0 (default)
2022-11-16 04:23:59,411 [Time-limited test] INFO  server.RaftServer (RaftServerProxy.java:addNew(99)) - s2: addNew group-742A07453557:[s3|rpc:localhost:32935|admin:localhost:46155|client:localhost:45497|dataStream:localhost:45325|priority:0|startupRole:FOLLOWER, s4|rpc:localhost:43443|admin:localhost:35771|client:localhost:42171|dataStream:localhost:35973|priority:0|startupRole:FOLLOWER, s0|rpc:localhost:39127|admin:localhost:34665|client:localhost:40015|dataStream:localhost:33597|priority:0|startupRole:FOLLOWER, s1|rpc:localhost:34777|admin:localhost:44841|client:localhost:46383|dataStream:localhost:39499|priority:0|startupRole:FOLLOWER, s2|rpc:localhost:42831|admin:localhost:43735|client:localhost:36571|dataStream:localhost:33613|priority:0|startupRole:FOLLOWER] returns group-742A07453557:java.util.concurrent.CompletableFuture@2ec4d44f[Not completed]
2022-11-16 04:23:59,411 [pool-9-thread-1] INFO  server.RaftServer$Division (RaftServerImpl.java:<init>(198)) - s2: new RaftServerImpl for group-742A07453557:[s3|rpc:localhost:32935|admin:localhost:46155|client:localhost:45497|dataStream:localhost:45325|priority:0|startupRole:FOLLOWER, s4|rpc:localhost:43443|admin:localhost:35771|client:localhost:42171|dataStream:localhost:35973|priority:0|startupRole:FOLLOWER, s0|rpc:localhost:39127|admin:localhost:34665|client:localhost:40015|dataStream:localhost:33597|priority:0|startupRole:FOLLOWER, s1|rpc:localhost:34777|admin:localhost:44841|client:localhost:46383|dataStream:localhost:39499|priority:0|startupRole:FOLLOWER, s2|rpc:localhost:42831|admin:localhost:43735|client:localhost:36571|dataStream:localhost:33613|priority:0|startupRole:FOLLOWER] with BaseStateMachine:uninitialized
2022-11-16 04:23:59,411 [s3-impl-thread1] INFO  server.RaftServerConfigKeys (ConfUtils.java:logGet(46)) - raft.server.storage.free-space.min = 0MB (=0) (default)
2022-11-16 04:23:59,412 [s3-impl-thread1] INFO  server.RaftServerConfigKeys (ConfUtils.java:logGet(46)) - raft.server.log.corruption.policy = EXCEPTION (default)
2022-11-16 04:23:59,412 [s3-impl-thread1] INFO  server.RaftServerConfigKeys (ConfUtils.java:logGet(46)) - raft.server.storage.dir = [/home/runner/work/ratis/ratis/ratis-test/target/test/data/959ca2e3/MiniRaftClusterWithSimulatedRpcfa2c1080/s3] (custom)
2022-11-16 04:23:59,412 [s3-impl-thread1] INFO  storage.RaftStorageDirectory (RaftStorageDirectoryImpl.java:analyzeStorage(138)) - The storage directory /home/runner/work/ratis/ratis/ratis-test/target/test/data/959ca2e3/MiniRaftClusterWithSimulatedRpcfa2c1080/s3/a05d1f5a-1365-4042-985a-742a07453557 does not exist. Creating ...
2022-11-16 04:23:59,412 [s3-impl-thread1] TRACE util.FileUtils (LogUtils.java:runAndLog(49)) - Successfully ran Files.createDirectories /home/runner/work/ratis/ratis/ratis-test/target/test/data/959ca2e3/MiniRaftClusterWithSimulatedRpcfa2c1080/s3/a05d1f5a-1365-4042-985a-742a07453557
2022-11-16 04:23:59,413 [s3-impl-thread1] INFO  storage.RaftStorageDirectory (RaftStorageDirectoryImpl.java:tryLock(232)) - Lock on /home/runner/work/ratis/ratis/ratis-test/target/test/data/959ca2e3/MiniRaftClusterWithSimulatedRpcfa2c1080/s3/a05d1f5a-1365-4042-985a-742a07453557/in_use.lock acquired by nodename 5511@fv-az570-467
2022-11-16 04:23:59,414 [s3-impl-thread1] TRACE util.FileUtils (LogUtils.java:runAndLog(49)) - Successfully ran Files.createDirectories /home/runner/work/ratis/ratis/ratis-test/target/test/data/959ca2e3/MiniRaftClusterWithSimulatedRpcfa2c1080/s3/a05d1f5a-1365-4042-985a-742a07453557/current
2022-11-16 04:23:59,414 [s3-impl-thread1] TRACE util.FileUtils (LogUtils.java:runAndLog(49)) - Successfully ran Files.createDirectories /home/runner/work/ratis/ratis/ratis-test/target/test/data/959ca2e3/MiniRaftClusterWithSimulatedRpcfa2c1080/s3/a05d1f5a-1365-4042-985a-742a07453557/sm
2022-11-16 04:23:59,415 [s3-impl-thread1] INFO  storage.RaftStorage (RaftStorageImpl.java:format(96)) - Storage directory /home/runner/work/ratis/ratis/ratis-test/target/test/data/959ca2e3/MiniRaftClusterWithSimulatedRpcfa2c1080/s3/a05d1f5a-1365-4042-985a-742a07453557 has been successfully formatted.
2022-11-16 04:23:59,415 [s3-impl-thread1] INFO  server.RaftServerConfigKeys (ConfUtils.java:logGet(46)) - raft.server.log.use.memory = false (default)
2022-11-16 04:23:59,415 [s3-impl-thread1] INFO  server.RaftServerConfigKeys (ConfUtils.java:logGet(46)) - raft.server.log.purge.gap = 1024 (default)
2022-11-16 04:23:59,415 [s3-impl-thread1] INFO  server.RaftServerConfigKeys (ConfUtils.java:logGet(46)) - raft.server.log.appender.buffer.byte-limit = 4MB (=4194304) (default)
2022-11-16 04:23:59,415 [s3-impl-thread1] INFO  server.RaftServerConfigKeys (ConfUtils.java:logGet(46)) - raft.server.log.statemachine.data.read.timeout = 1000ms (default)
2022-11-16 04:23:59,416 [s3-impl-thread1] INFO  server.RaftServerConfigKeys (ConfUtils.java:logGet(46)) - raft.server.log.purge.preservation.log.num = 0 (default)
2022-11-16 04:23:59,416 [s3-impl-thread1] INFO  server.RaftServerConfigKeys (ConfUtils.java:logGet(46)) - raft.server.log.segment.size.max = 8MB (=8388608) (default)
2022-11-16 04:23:59,416 [s3-impl-thread1] INFO  server.RaftServerConfigKeys (ConfUtils.java:logGet(46)) - raft.server.log.segment.cache.num.max = 6 (default)
2022-11-16 04:23:59,416 [s3-impl-thread1] INFO  server.RaftServerConfigKeys (ConfUtils.java:logGet(46)) - raft.server.log.segment.cache.size.max = 200MB (=209715200) (default)
2022-11-16 04:23:59,416 [s3-impl-thread1] INFO  segmented.SegmentedRaftLogWorker (SegmentedRaftLogWorker.java:<init>(184)) - new s3@group-742A07453557-SegmentedRaftLogWorker for RaftStorageImpl:Storage Directory /home/runner/work/ratis/ratis/ratis-test/target/test/data/959ca2e3/MiniRaftClusterWithSimulatedRpcfa2c1080/s3/a05d1f5a-1365-4042-985a-742a07453557
2022-11-16 04:23:59,416 [s3-impl-thread1] INFO  server.RaftServerConfigKeys (ConfUtils.java:logGet(46)) - raft.server.log.queue.byte-limit = 64MB (=67108864) (default)
2022-11-16 04:23:59,416 [s3-impl-thread1] INFO  server.RaftServerConfigKeys (ConfUtils.java:logGet(46)) - raft.server.log.queue.element-limit = 4096 (default)
2022-11-16 04:23:59,417 [s3-impl-thread1] INFO  server.RaftServerConfigKeys (ConfUtils.java:logGet(46)) - raft.server.log.segment.size.max = 8MB (=8388608) (default)
2022-11-16 04:23:59,417 [s3-impl-thread1] INFO  server.RaftServerConfigKeys (ConfUtils.java:logGet(46)) - raft.server.log.preallocated.size = 4MB (=4194304) (default)
2022-11-16 04:23:59,417 [s3-impl-thread1] INFO  server.RaftServerConfigKeys (ConfUtils.java:logGet(46)) - raft.server.log.force.sync.num = 128 (default)
2022-11-16 04:23:59,417 [s3-impl-thread1] INFO  server.RaftServerConfigKeys (ConfUtils.java:logGet(46)) - raft.server.log.statemachine.data.sync = true (default)
2022-11-16 04:23:59,417 [s3-impl-thread1] INFO  server.RaftServerConfigKeys (ConfUtils.java:logGet(46)) - raft.server.log.statemachine.data.sync.timeout = 10s (default)
2022-11-16 04:23:59,417 [s3-impl-thread1] INFO  server.RaftServerConfigKeys (ConfUtils.java:logGet(46)) - raft.server.log.statemachine.data.sync.timeout.retry = -1 (default)
2022-11-16 04:23:59,417 [s3-impl-thread1] INFO  server.RaftServerConfigKeys (ConfUtils.java:logGet(46)) - raft.server.log.write.buffer.size = 64KB (=65536) (default)
2022-11-16 04:23:59,417 [s3-impl-thread1] INFO  server.RaftServerConfigKeys (ConfUtils.java:logGet(46)) - raft.server.log.appender.buffer.byte-limit = 4MB (=4194304) (default)
2022-11-16 04:23:59,419 [s3-impl-thread1] INFO  server.RaftServerConfigKeys (ConfUtils.java:logGet(46)) - raft.server.log.unsafe-flush.enabled = false (default)
2022-11-16 04:23:59,419 [s3-impl-thread1] INFO  server.RaftServerConfigKeys (ConfUtils.java:logGet(46)) - raft.server.log.async-flush.enabled = false (default)
2022-11-16 04:23:59,419 [s3-impl-thread1] INFO  server.RaftServerConfigKeys (ConfUtils.java:logGet(46)) - raft.server.log.statemachine.data.caching.enabled = false (default)
2022-11-16 04:23:59,419 [s3-impl-thread1] INFO  segmented.SegmentedRaftLogWorker (SegmentedRaftLogWorker.java:lambda$new$0(134)) - s3@group-742A07453557-SegmentedRaftLogWorker: flushIndex: setUnconditionally 0 -> -1
2022-11-16 04:23:59,419 [s3-impl-thread1] INFO  segmented.SegmentedRaftLogWorker (SegmentedRaftLogWorker.java:lambda$new$0(134)) - s3@group-742A07453557-SegmentedRaftLogWorker: safeCacheEvictIndex: setUnconditionally 0 -> -1
2022-11-16 04:23:59,421 [pool-9-thread-1] INFO  server.RaftServerConfigKeys (ConfUtils.java:logGet(46)) - raft.server.rpc.timeout.min = 150ms (default)
2022-11-16 04:23:59,421 [pool-9-thread-1] INFO  server.RaftServerConfigKeys (ConfUtils.java:logGet(46)) - raft.server.rpc.timeout.max = 300ms (default)
2022-11-16 04:23:59,421 [pool-9-thread-1] INFO  server.RaftServerConfigKeys (ConfUtils.java:logGet(46)) - raft.server.rpc.sleep.time = 25ms (default)
2022-11-16 04:23:59,422 [pool-9-thread-1] INFO  server.RaftServerConfigKeys (ConfUtils.java:logGet(46)) - raft.server.rpc.slowness.timeout = 60s (default)
2022-11-16 04:23:59,422 [pool-9-thread-1] INFO  server.RaftServerConfigKeys (ConfUtils.java:logGet(46)) - raft.server.leaderelection.leader.step-down.wait-time = 10s (default)
2022-11-16 04:23:59,422 [pool-9-thread-1] INFO  server.RaftServerConfigKeys (ConfUtils.java:logGet(46)) - raft.server.sleep.deviation.threshold = 300ms (default)
2022-11-16 04:23:59,422 [pool-9-thread-1] INFO  server.RaftServer$Division (ServerState.java:<init>(113)) - s2@group-742A07453557: ConfigurationManager, init=-1: peers:[s3|rpc:localhost:32935|admin:localhost:46155|client:localhost:45497|dataStream:localhost:45325|priority:0|startupRole:FOLLOWER, s4|rpc:localhost:43443|admin:localhost:35771|client:localhost:42171|dataStream:localhost:35973|priority:0|startupRole:FOLLOWER, s0|rpc:localhost:39127|admin:localhost:34665|client:localhost:40015|dataStream:localhost:33597|priority:0|startupRole:FOLLOWER, s1|rpc:localhost:34777|admin:localhost:44841|client:localhost:46383|dataStream:localhost:39499|priority:0|startupRole:FOLLOWER, s2|rpc:localhost:42831|admin:localhost:43735|client:localhost:36571|dataStream:localhost:33613|priority:0|startupRole:FOLLOWER]|listeners:[], old=null, confs=<EMPTY_MAP>
2022-11-16 04:23:59,422 [pool-9-thread-1] INFO  server.RaftServerConfigKeys (ConfUtils.java:logGet(46)) - raft.server.notification.no-leader.timeout = 60s (default)
2022-11-16 04:23:59,422 [pool-9-thread-1] INFO  server.RaftServerConfigKeys (ConfUtils.java:logGet(46)) - raft.server.read.timeout = 10s (default)
2022-11-16 04:23:59,422 [pool-9-thread-1] INFO  server.RaftServerConfigKeys (ConfUtils.java:logGet(46)) - raft.server.retrycache.expirytime = 60s (default)
2022-11-16 04:23:59,422 [pool-9-thread-1] INFO  server.RaftServerConfigKeys (ConfUtils.java:logGet(46)) - raft.server.retrycache.statistics.expirytime = 100μs (default)
2022-11-16 04:23:59,422 [pool-9-thread-1] INFO  server.RaftServerConfigKeys (ConfUtils.java:logGet(46)) - raft.server.read.option = DEFAULT (default)
2022-11-16 04:23:59,423 [pool-9-thread-1] INFO  server.RaftServerConfigKeys (ConfUtils.java:logGet(46)) - raft.server.log.appender.install.snapshot.enabled = true (default)
2022-11-16 04:23:59,423 [pool-9-thread-1] INFO  server.RaftServerConfigKeys (ConfUtils.java:logGet(46)) - raft.server.threadpool.server.cached = true (default)
2022-11-16 04:23:59,423 [pool-9-thread-1] INFO  server.RaftServerConfigKeys (ConfUtils.java:logGet(46)) - raft.server.threadpool.server.size = 0 (default)
2022-11-16 04:23:59,423 [pool-9-thread-1] INFO  server.RaftServerConfigKeys (ConfUtils.java:logGet(46)) - raft.server.threadpool.client.cached = true (default)
2022-11-16 04:23:59,423 [pool-9-thread-1] INFO  server.RaftServerConfigKeys (ConfUtils.java:logGet(46)) - raft.server.threadpool.client.size = 0 (default)
2022-11-16 04:23:59,423 [s3-impl-thread1] INFO  server.RaftServer$Division (RaftServerImpl.java:start(338)) - s3@group-742A07453557: start as a follower, conf=-1: peers:[s3|rpc:localhost:32935|admin:localhost:46155|client:localhost:45497|dataStream:localhost:45325|priority:0|startupRole:FOLLOWER, s4|rpc:localhost:43443|admin:localhost:35771|client:localhost:42171|dataStream:localhost:35973|priority:0|startupRole:FOLLOWER, s0|rpc:localhost:39127|admin:localhost:34665|client:localhost:40015|dataStream:localhost:33597|priority:0|startupRole:FOLLOWER, s1|rpc:localhost:34777|admin:localhost:44841|client:localhost:46383|dataStream:localhost:39499|priority:0|startupRole:FOLLOWER, s2|rpc:localhost:42831|admin:localhost:43735|client:localhost:36571|dataStream:localhost:33613|priority:0|startupRole:FOLLOWER]|listeners:[], old=null
2022-11-16 04:23:59,423 [s3-impl-thread1] INFO  server.RaftServer$Division (RaftServerImpl.java:setRole(325)) - s3@group-742A07453557: changes role from      null to FOLLOWER at term 0 for startAsFollower
2022-11-16 04:23:59,423 [s3-impl-thread1] INFO  impl.RoleInfo (RoleInfo.java:updateAndGet(139)) - s3: start s3@group-742A07453557-FollowerState
2022-11-16 04:23:59,430 [s3-impl-thread1] INFO  util.JmxRegister (JmxRegister.java:tryRegister(44)) - Successfully registered JMX Bean with object name Ratis:service=RaftServer,group=group-742A07453557,id=s3
2022-11-16 04:23:59,430 [s3-impl-thread1] INFO  server.RaftServerConfigKeys (ConfUtils.java:logGet(46)) - raft.server.snapshot.auto.trigger.enabled = false (default)
2022-11-16 04:23:59,430 [s3-impl-thread1] INFO  server.RaftServerConfigKeys (ConfUtils.java:logGet(46)) - raft.server.snapshot.retention.file.num = -1 (default)
2022-11-16 04:23:59,430 [s3-impl-thread1] INFO  server.RaftServerConfigKeys (ConfUtils.java:logGet(46)) - raft.server.log.purge.upto.snapshot.index = false (default)
2022-11-16 04:23:59,430 [s3@group-742A07453557-FollowerState] INFO  server.RaftServerConfigKeys (ConfUtils.java:logFallback(53)) - raft.server.rpc.first-election.timeout.min = 150ms (fallback to raft.server.rpc.timeout.min)
2022-11-16 04:23:59,430 [s3@group-742A07453557-FollowerState] INFO  server.RaftServerConfigKeys (ConfUtils.java:logFallback(53)) - raft.server.rpc.first-election.timeout.max = 300ms (fallback to raft.server.rpc.timeout.max)
2022-11-16 04:23:59,433 [Time-limited test] INFO  server.RaftServer (RaftServerProxy.java:startImpl(396)) - s3: start RPC server
2022-11-16 04:23:59,434 [JvmPauseMonitor4] INFO  util.JvmPauseMonitor (JvmPauseMonitor.java:run(105)) - JvmPauseMonitor-s3: Started
2022-11-16 04:23:59,434 [s4-impl-thread1] INFO  server.RaftServerConfigKeys (ConfUtils.java:logGet(46)) - raft.server.storage.free-space.min = 0MB (=0) (default)
2022-11-16 04:23:59,434 [s4-impl-thread1] INFO  server.RaftServerConfigKeys (ConfUtils.java:logGet(46)) - raft.server.log.corruption.policy = EXCEPTION (default)
2022-11-16 04:23:59,435 [s4-impl-thread1] INFO  server.RaftServerConfigKeys (ConfUtils.java:logGet(46)) - raft.server.storage.dir = [/home/runner/work/ratis/ratis/ratis-test/target/test/data/959ca2e3/MiniRaftClusterWithSimulatedRpcfa2c1080/s4] (custom)
2022-11-16 04:23:59,435 [s4-impl-thread1] INFO  storage.RaftStorageDirectory (RaftStorageDirectoryImpl.java:analyzeStorage(138)) - The storage directory /home/runner/work/ratis/ratis/ratis-test/target/test/data/959ca2e3/MiniRaftClusterWithSimulatedRpcfa2c1080/s4/a05d1f5a-1365-4042-985a-742a07453557 does not exist. Creating ...
2022-11-16 04:23:59,435 [s4-impl-thread1] TRACE util.FileUtils (LogUtils.java:runAndLog(49)) - Successfully ran Files.createDirectories /home/runner/work/ratis/ratis/ratis-test/target/test/data/959ca2e3/MiniRaftClusterWithSimulatedRpcfa2c1080/s4/a05d1f5a-1365-4042-985a-742a07453557
2022-11-16 04:23:59,436 [s4-impl-thread1] INFO  storage.RaftStorageDirectory (RaftStorageDirectoryImpl.java:tryLock(232)) - Lock on /home/runner/work/ratis/ratis/ratis-test/target/test/data/959ca2e3/MiniRaftClusterWithSimulatedRpcfa2c1080/s4/a05d1f5a-1365-4042-985a-742a07453557/in_use.lock acquired by nodename 5511@fv-az570-467
2022-11-16 04:23:59,436 [s4-impl-thread1] TRACE util.FileUtils (LogUtils.java:runAndLog(49)) - Successfully ran Files.createDirectories /home/runner/work/ratis/ratis/ratis-test/target/test/data/959ca2e3/MiniRaftClusterWithSimulatedRpcfa2c1080/s4/a05d1f5a-1365-4042-985a-742a07453557/current
2022-11-16 04:23:59,436 [s4-impl-thread1] TRACE util.FileUtils (LogUtils.java:runAndLog(49)) - Successfully ran Files.createDirectories /home/runner/work/ratis/ratis/ratis-test/target/test/data/959ca2e3/MiniRaftClusterWithSimulatedRpcfa2c1080/s4/a05d1f5a-1365-4042-985a-742a07453557/sm
2022-11-16 04:23:59,437 [s4-impl-thread1] INFO  storage.RaftStorage (RaftStorageImpl.java:format(96)) - Storage directory /home/runner/work/ratis/ratis/ratis-test/target/test/data/959ca2e3/MiniRaftClusterWithSimulatedRpcfa2c1080/s4/a05d1f5a-1365-4042-985a-742a07453557 has been successfully formatted.
2022-11-16 04:23:59,437 [s4-impl-thread1] INFO  server.RaftServerConfigKeys (ConfUtils.java:logGet(46)) - raft.server.log.use.memory = false (default)
2022-11-16 04:23:59,438 [s4-impl-thread1] INFO  server.RaftServerConfigKeys (ConfUtils.java:logGet(46)) - raft.server.log.purge.gap = 1024 (default)
2022-11-16 04:23:59,438 [s4-impl-thread1] INFO  server.RaftServerConfigKeys (ConfUtils.java:logGet(46)) - raft.server.log.appender.buffer.byte-limit = 4MB (=4194304) (default)
2022-11-16 04:23:59,438 [s4-impl-thread1] INFO  server.RaftServerConfigKeys (ConfUtils.java:logGet(46)) - raft.server.log.statemachine.data.read.timeout = 1000ms (default)
2022-11-16 04:23:59,438 [s4-impl-thread1] INFO  server.RaftServerConfigKeys (ConfUtils.java:logGet(46)) - raft.server.log.purge.preservation.log.num = 0 (default)
2022-11-16 04:23:59,438 [s4-impl-thread1] INFO  server.RaftServerConfigKeys (ConfUtils.java:logGet(46)) - raft.server.log.segment.size.max = 8MB (=8388608) (default)
2022-11-16 04:23:59,438 [s4-impl-thread1] INFO  server.RaftServerConfigKeys (ConfUtils.java:logGet(46)) - raft.server.log.segment.cache.num.max = 6 (default)
2022-11-16 04:23:59,438 [s4-impl-thread1] INFO  server.RaftServerConfigKeys (ConfUtils.java:logGet(46)) - raft.server.log.segment.cache.size.max = 200MB (=209715200) (default)
2022-11-16 04:23:59,438 [s4-impl-thread1] INFO  segmented.SegmentedRaftLogWorker (SegmentedRaftLogWorker.java:<init>(184)) - new s4@group-742A07453557-SegmentedRaftLogWorker for RaftStorageImpl:Storage Directory /home/runner/work/ratis/ratis/ratis-test/target/test/data/959ca2e3/MiniRaftClusterWithSimulatedRpcfa2c1080/s4/a05d1f5a-1365-4042-985a-742a07453557
2022-11-16 04:23:59,438 [s4-impl-thread1] INFO  server.RaftServerConfigKeys (ConfUtils.java:logGet(46)) - raft.server.log.queue.byte-limit = 64MB (=67108864) (default)
2022-11-16 04:23:59,439 [s4-impl-thread1] INFO  server.RaftServerConfigKeys (ConfUtils.java:logGet(46)) - raft.server.log.queue.element-limit = 4096 (default)
2022-11-16 04:23:59,439 [s4-impl-thread1] INFO  server.RaftServerConfigKeys (ConfUtils.java:logGet(46)) - raft.server.log.segment.size.max = 8MB (=8388608) (default)
2022-11-16 04:23:59,439 [s4-impl-thread1] INFO  server.RaftServerConfigKeys (ConfUtils.java:logGet(46)) - raft.server.log.preallocated.size = 4MB (=4194304) (default)
2022-11-16 04:23:59,439 [s4-impl-thread1] INFO  server.RaftServerConfigKeys (ConfUtils.java:logGet(46)) - raft.server.log.force.sync.num = 128 (default)
2022-11-16 04:23:59,439 [s4-impl-thread1] INFO  server.RaftServerConfigKeys (ConfUtils.java:logGet(46)) - raft.server.log.statemachine.data.sync = true (default)
2022-11-16 04:23:59,439 [s4-impl-thread1] INFO  server.RaftServerConfigKeys (ConfUtils.java:logGet(46)) - raft.server.log.statemachine.data.sync.timeout = 10s (default)
2022-11-16 04:23:59,439 [s4-impl-thread1] INFO  server.RaftServerConfigKeys (ConfUtils.java:logGet(46)) - raft.server.log.statemachine.data.sync.timeout.retry = -1 (default)
2022-11-16 04:23:59,439 [s4-impl-thread1] INFO  server.RaftServerConfigKeys (ConfUtils.java:logGet(46)) - raft.server.log.write.buffer.size = 64KB (=65536) (default)
2022-11-16 04:23:59,439 [s4-impl-thread1] INFO  server.RaftServerConfigKeys (ConfUtils.java:logGet(46)) - raft.server.log.appender.buffer.byte-limit = 4MB (=4194304) (default)
2022-11-16 04:23:59,440 [s4-impl-thread1] INFO  server.RaftServerConfigKeys (ConfUtils.java:logGet(46)) - raft.server.log.unsafe-flush.enabled = false (default)
2022-11-16 04:23:59,441 [s4-impl-thread1] INFO  server.RaftServerConfigKeys (ConfUtils.java:logGet(46)) - raft.server.log.async-flush.enabled = false (default)
2022-11-16 04:23:59,441 [s4-impl-thread1] INFO  server.RaftServerConfigKeys (ConfUtils.java:logGet(46)) - raft.server.log.statemachine.data.caching.enabled = false (default)
2022-11-16 04:23:59,441 [s4-impl-thread1] INFO  segmented.SegmentedRaftLogWorker (SegmentedRaftLogWorker.java:lambda$new$0(134)) - s4@group-742A07453557-SegmentedRaftLogWorker: flushIndex: setUnconditionally 0 -> -1
2022-11-16 04:23:59,441 [s4-impl-thread1] INFO  segmented.SegmentedRaftLogWorker (SegmentedRaftLogWorker.java:lambda$new$0(134)) - s4@group-742A07453557-SegmentedRaftLogWorker: safeCacheEvictIndex: setUnconditionally 0 -> -1
2022-11-16 04:23:59,441 [s4-impl-thread1] INFO  server.RaftServer$Division (RaftServerImpl.java:start(338)) - s4@group-742A07453557: start as a follower, conf=-1: peers:[s3|rpc:localhost:32935|admin:localhost:46155|client:localhost:45497|dataStream:localhost:45325|priority:0|startupRole:FOLLOWER, s4|rpc:localhost:43443|admin:localhost:35771|client:localhost:42171|dataStream:localhost:35973|priority:0|startupRole:FOLLOWER, s0|rpc:localhost:39127|admin:localhost:34665|client:localhost:40015|dataStream:localhost:33597|priority:0|startupRole:FOLLOWER, s1|rpc:localhost:34777|admin:localhost:44841|client:localhost:46383|dataStream:localhost:39499|priority:0|startupRole:FOLLOWER, s2|rpc:localhost:42831|admin:localhost:43735|client:localhost:36571|dataStream:localhost:33613|priority:0|startupRole:FOLLOWER]|listeners:[], old=null
2022-11-16 04:23:59,442 [s4-impl-thread1] INFO  server.RaftServer$Division (RaftServerImpl.java:setRole(325)) - s4@group-742A07453557: changes role from      null to FOLLOWER at term 0 for startAsFollower
2022-11-16 04:23:59,442 [s4-impl-thread1] INFO  impl.RoleInfo (RoleInfo.java:updateAndGet(139)) - s4: start s4@group-742A07453557-FollowerState
2022-11-16 04:23:59,442 [s4-impl-thread1] INFO  util.JmxRegister (JmxRegister.java:tryRegister(44)) - Successfully registered JMX Bean with object name Ratis:service=RaftServer,group=group-742A07453557,id=s4
2022-11-16 04:23:59,442 [s4-impl-thread1] INFO  server.RaftServerConfigKeys (ConfUtils.java:logGet(46)) - raft.server.snapshot.auto.trigger.enabled = false (default)
2022-11-16 04:23:59,442 [s4-impl-thread1] INFO  server.RaftServerConfigKeys (ConfUtils.java:logGet(46)) - raft.server.snapshot.retention.file.num = -1 (default)
2022-11-16 04:23:59,442 [s4-impl-thread1] INFO  server.RaftServerConfigKeys (ConfUtils.java:logGet(46)) - raft.server.log.purge.upto.snapshot.index = false (default)
2022-11-16 04:23:59,443 [s4@group-742A07453557-FollowerState] INFO  server.RaftServerConfigKeys (ConfUtils.java:logFallback(53)) - raft.server.rpc.first-election.timeout.min = 150ms (fallback to raft.server.rpc.timeout.min)
2022-11-16 04:23:59,443 [s4@group-742A07453557-FollowerState] INFO  server.RaftServerConfigKeys (ConfUtils.java:logFallback(53)) - raft.server.rpc.first-election.timeout.max = 300ms (fallback to raft.server.rpc.timeout.max)
2022-11-16 04:23:59,443 [Time-limited test] INFO  server.RaftServer (RaftServerProxy.java:startImpl(396)) - s4: start RPC server
2022-11-16 04:23:59,444 [s0-impl-thread1] INFO  server.RaftServerConfigKeys (ConfUtils.java:logGet(46)) - raft.server.storage.free-space.min = 0MB (=0) (default)
2022-11-16 04:23:59,444 [s0-impl-thread1] INFO  server.RaftServerConfigKeys (ConfUtils.java:logGet(46)) - raft.server.log.corruption.policy = EXCEPTION (default)
2022-11-16 04:23:59,444 [s0-impl-thread1] INFO  server.RaftServerConfigKeys (ConfUtils.java:logGet(46)) - raft.server.storage.dir = [/home/runner/work/ratis/ratis/ratis-test/target/test/data/959ca2e3/MiniRaftClusterWithSimulatedRpcfa2c1080/s0] (custom)
2022-11-16 04:23:59,444 [s0-impl-thread1] INFO  storage.RaftStorageDirectory (RaftStorageDirectoryImpl.java:analyzeStorage(138)) - The storage directory /home/runner/work/ratis/ratis/ratis-test/target/test/data/959ca2e3/MiniRaftClusterWithSimulatedRpcfa2c1080/s0/a05d1f5a-1365-4042-985a-742a07453557 does not exist. Creating ...
2022-11-16 04:23:59,444 [s0-impl-thread1] TRACE util.FileUtils (LogUtils.java:runAndLog(49)) - Successfully ran Files.createDirectories /home/runner/work/ratis/ratis/ratis-test/target/test/data/959ca2e3/MiniRaftClusterWithSimulatedRpcfa2c1080/s0/a05d1f5a-1365-4042-985a-742a07453557
2022-11-16 04:23:59,445 [JvmPauseMonitor5] INFO  util.JvmPauseMonitor (JvmPauseMonitor.java:run(105)) - JvmPauseMonitor-s4: Started
2022-11-16 04:23:59,446 [s0-impl-thread1] INFO  storage.RaftStorageDirectory (RaftStorageDirectoryImpl.java:tryLock(232)) - Lock on /home/runner/work/ratis/ratis/ratis-test/target/test/data/959ca2e3/MiniRaftClusterWithSimulatedRpcfa2c1080/s0/a05d1f5a-1365-4042-985a-742a07453557/in_use.lock acquired by nodename 5511@fv-az570-467
2022-11-16 04:23:59,446 [s0-impl-thread1] TRACE util.FileUtils (LogUtils.java:runAndLog(49)) - Successfully ran Files.createDirectories /home/runner/work/ratis/ratis/ratis-test/target/test/data/959ca2e3/MiniRaftClusterWithSimulatedRpcfa2c1080/s0/a05d1f5a-1365-4042-985a-742a07453557/current
2022-11-16 04:23:59,446 [s0-impl-thread1] TRACE util.FileUtils (LogUtils.java:runAndLog(49)) - Successfully ran Files.createDirectories /home/runner/work/ratis/ratis/ratis-test/target/test/data/959ca2e3/MiniRaftClusterWithSimulatedRpcfa2c1080/s0/a05d1f5a-1365-4042-985a-742a07453557/sm
2022-11-16 04:23:59,447 [s0-impl-thread1] INFO  storage.RaftStorage (RaftStorageImpl.java:format(96)) - Storage directory /home/runner/work/ratis/ratis/ratis-test/target/test/data/959ca2e3/MiniRaftClusterWithSimulatedRpcfa2c1080/s0/a05d1f5a-1365-4042-985a-742a07453557 has been successfully formatted.
2022-11-16 04:23:59,447 [s0-impl-thread1] INFO  server.RaftServerConfigKeys (ConfUtils.java:logGet(46)) - raft.server.log.use.memory = false (default)
2022-11-16 04:23:59,447 [s0-impl-thread1] INFO  server.RaftServerConfigKeys (ConfUtils.java:logGet(46)) - raft.server.log.purge.gap = 1024 (default)
2022-11-16 04:23:59,447 [s0-impl-thread1] INFO  server.RaftServerConfigKeys (ConfUtils.java:logGet(46)) - raft.server.log.appender.buffer.byte-limit = 4MB (=4194304) (default)
2022-11-16 04:23:59,447 [s0-impl-thread1] INFO  server.RaftServerConfigKeys (ConfUtils.java:logGet(46)) - raft.server.log.statemachine.data.read.timeout = 1000ms (default)
2022-11-16 04:23:59,447 [s0-impl-thread1] INFO  server.RaftServerConfigKeys (ConfUtils.java:logGet(46)) - raft.server.log.purge.preservation.log.num = 0 (default)
2022-11-16 04:23:59,448 [s0-impl-thread1] INFO  server.RaftServerConfigKeys (ConfUtils.java:logGet(46)) - raft.server.log.segment.size.max = 8MB (=8388608) (default)
2022-11-16 04:23:59,448 [s0-impl-thread1] INFO  server.RaftServerConfigKeys (ConfUtils.java:logGet(46)) - raft.server.log.segment.cache.num.max = 6 (default)
2022-11-16 04:23:59,448 [s0-impl-thread1] INFO  server.RaftServerConfigKeys (ConfUtils.java:logGet(46)) - raft.server.log.segment.cache.size.max = 200MB (=209715200) (default)
2022-11-16 04:23:59,448 [s0-impl-thread1] INFO  segmented.SegmentedRaftLogWorker (SegmentedRaftLogWorker.java:<init>(184)) - new s0@group-742A07453557-SegmentedRaftLogWorker for RaftStorageImpl:Storage Directory /home/runner/work/ratis/ratis/ratis-test/target/test/data/959ca2e3/MiniRaftClusterWithSimulatedRpcfa2c1080/s0/a05d1f5a-1365-4042-985a-742a07453557
2022-11-16 04:23:59,448 [s0-impl-thread1] INFO  server.RaftServerConfigKeys (ConfUtils.java:logGet(46)) - raft.server.log.queue.byte-limit = 64MB (=67108864) (default)
2022-11-16 04:23:59,448 [s0-impl-thread1] INFO  server.RaftServerConfigKeys (ConfUtils.java:logGet(46)) - raft.server.log.queue.element-limit = 4096 (default)
2022-11-16 04:23:59,448 [s0-impl-thread1] INFO  server.RaftServerConfigKeys (ConfUtils.java:logGet(46)) - raft.server.log.segment.size.max = 8MB (=8388608) (default)
2022-11-16 04:23:59,448 [s0-impl-thread1] INFO  server.RaftServerConfigKeys (ConfUtils.java:logGet(46)) - raft.server.log.preallocated.size = 4MB (=4194304) (default)
2022-11-16 04:23:59,448 [s0-impl-thread1] INFO  server.RaftServerConfigKeys (ConfUtils.java:logGet(46)) - raft.server.log.force.sync.num = 128 (default)
2022-11-16 04:23:59,449 [s0-impl-thread1] INFO  server.RaftServerConfigKeys (ConfUtils.java:logGet(46)) - raft.server.log.statemachine.data.sync = true (default)
2022-11-16 04:23:59,449 [s0-impl-thread1] INFO  server.RaftServerConfigKeys (ConfUtils.java:logGet(46)) - raft.server.log.statemachine.data.sync.timeout = 10s (default)
2022-11-16 04:23:59,449 [s0-impl-thread1] INFO  server.RaftServerConfigKeys (ConfUtils.java:logGet(46)) - raft.server.log.statemachine.data.sync.timeout.retry = -1 (default)
2022-11-16 04:23:59,449 [s0-impl-thread1] INFO  server.RaftServerConfigKeys (ConfUtils.java:logGet(46)) - raft.server.log.write.buffer.size = 64KB (=65536) (default)
2022-11-16 04:23:59,449 [s0-impl-thread1] INFO  server.RaftServerConfigKeys (ConfUtils.java:logGet(46)) - raft.server.log.appender.buffer.byte-limit = 4MB (=4194304) (default)
2022-11-16 04:23:59,451 [s0-impl-thread1] INFO  server.RaftServerConfigKeys (ConfUtils.java:logGet(46)) - raft.server.log.unsafe-flush.enabled = false (default)
2022-11-16 04:23:59,451 [s0-impl-thread1] INFO  server.RaftServerConfigKeys (ConfUtils.java:logGet(46)) - raft.server.log.async-flush.enabled = false (default)
2022-11-16 04:23:59,451 [s0-impl-thread1] INFO  server.RaftServerConfigKeys (ConfUtils.java:logGet(46)) - raft.server.log.statemachine.data.caching.enabled = false (default)
2022-11-16 04:23:59,451 [s0-impl-thread1] INFO  segmented.SegmentedRaftLogWorker (SegmentedRaftLogWorker.java:lambda$new$0(134)) - s0@group-742A07453557-SegmentedRaftLogWorker: flushIndex: setUnconditionally 0 -> -1
2022-11-16 04:23:59,451 [s0-impl-thread1] INFO  segmented.SegmentedRaftLogWorker (SegmentedRaftLogWorker.java:lambda$new$0(134)) - s0@group-742A07453557-SegmentedRaftLogWorker: safeCacheEvictIndex: setUnconditionally 0 -> -1
2022-11-16 04:23:59,453 [s0-impl-thread1] INFO  server.RaftServer$Division (RaftServerImpl.java:start(338)) - s0@group-742A07453557: start as a follower, conf=-1: peers:[s3|rpc:localhost:32935|admin:localhost:46155|client:localhost:45497|dataStream:localhost:45325|priority:0|startupRole:FOLLOWER, s4|rpc:localhost:43443|admin:localhost:35771|client:localhost:42171|dataStream:localhost:35973|priority:0|startupRole:FOLLOWER, s0|rpc:localhost:39127|admin:localhost:34665|client:localhost:40015|dataStream:localhost:33597|priority:0|startupRole:FOLLOWER, s1|rpc:localhost:34777|admin:localhost:44841|client:localhost:46383|dataStream:localhost:39499|priority:0|startupRole:FOLLOWER, s2|rpc:localhost:42831|admin:localhost:43735|client:localhost:36571|dataStream:localhost:33613|priority:0|startupRole:FOLLOWER]|listeners:[], old=null
2022-11-16 04:23:59,453 [s0-impl-thread1] INFO  server.RaftServer$Division (RaftServerImpl.java:setRole(325)) - s0@group-742A07453557: changes role from      null to FOLLOWER at term 0 for startAsFollower
2022-11-16 04:23:59,454 [s0-impl-thread1] INFO  impl.RoleInfo (RoleInfo.java:updateAndGet(139)) - s0: start s0@group-742A07453557-FollowerState
2022-11-16 04:23:59,454 [s0-impl-thread1] INFO  util.JmxRegister (JmxRegister.java:tryRegister(44)) - Successfully registered JMX Bean with object name Ratis:service=RaftServer,group=group-742A07453557,id=s0
2022-11-16 04:23:59,454 [s0-impl-thread1] INFO  server.RaftServerConfigKeys (ConfUtils.java:logGet(46)) - raft.server.snapshot.auto.trigger.enabled = false (default)
2022-11-16 04:23:59,454 [s0-impl-thread1] INFO  server.RaftServerConfigKeys (ConfUtils.java:logGet(46)) - raft.server.snapshot.retention.file.num = -1 (default)
2022-11-16 04:23:59,454 [s0-impl-thread1] INFO  server.RaftServerConfigKeys (ConfUtils.java:logGet(46)) - raft.server.log.purge.upto.snapshot.index = false (default)
2022-11-16 04:23:59,458 [Time-limited test] INFO  server.RaftServer (RaftServerProxy.java:startImpl(396)) - s0: start RPC server
2022-11-16 04:23:59,458 [s0@group-742A07453557-FollowerState] INFO  server.RaftServerConfigKeys (ConfUtils.java:logFallback(53)) - raft.server.rpc.first-election.timeout.min = 150ms (fallback to raft.server.rpc.timeout.min)
2022-11-16 04:23:59,459 [s0@group-742A07453557-FollowerState] INFO  server.RaftServerConfigKeys (ConfUtils.java:logFallback(53)) - raft.server.rpc.first-election.timeout.max = 300ms (fallback to raft.server.rpc.timeout.max)
2022-11-16 04:23:59,460 [s1-impl-thread1] INFO  server.RaftServerConfigKeys (ConfUtils.java:logGet(46)) - raft.server.storage.free-space.min = 0MB (=0) (default)
2022-11-16 04:23:59,460 [s1-impl-thread1] INFO  server.RaftServerConfigKeys (ConfUtils.java:logGet(46)) - raft.server.log.corruption.policy = EXCEPTION (default)
2022-11-16 04:23:59,460 [s1-impl-thread1] INFO  server.RaftServerConfigKeys (ConfUtils.java:logGet(46)) - raft.server.storage.dir = [/home/runner/work/ratis/ratis/ratis-test/target/test/data/959ca2e3/MiniRaftClusterWithSimulatedRpcfa2c1080/s1] (custom)
2022-11-16 04:23:59,461 [s1-impl-thread1] INFO  storage.RaftStorageDirectory (RaftStorageDirectoryImpl.java:analyzeStorage(138)) - The storage directory /home/runner/work/ratis/ratis/ratis-test/target/test/data/959ca2e3/MiniRaftClusterWithSimulatedRpcfa2c1080/s1/a05d1f5a-1365-4042-985a-742a07453557 does not exist. Creating ...
2022-11-16 04:23:59,461 [s1-impl-thread1] TRACE util.FileUtils (LogUtils.java:runAndLog(49)) - Successfully ran Files.createDirectories /home/runner/work/ratis/ratis/ratis-test/target/test/data/959ca2e3/MiniRaftClusterWithSimulatedRpcfa2c1080/s1/a05d1f5a-1365-4042-985a-742a07453557
2022-11-16 04:23:59,460 [JvmPauseMonitor6] INFO  util.JvmPauseMonitor (JvmPauseMonitor.java:run(105)) - JvmPauseMonitor-s0: Started
2022-11-16 04:23:59,462 [s1-impl-thread1] INFO  storage.RaftStorageDirectory (RaftStorageDirectoryImpl.java:tryLock(232)) - Lock on /home/runner/work/ratis/ratis/ratis-test/target/test/data/959ca2e3/MiniRaftClusterWithSimulatedRpcfa2c1080/s1/a05d1f5a-1365-4042-985a-742a07453557/in_use.lock acquired by nodename 5511@fv-az570-467
2022-11-16 04:23:59,462 [s1-impl-thread1] TRACE util.FileUtils (LogUtils.java:runAndLog(49)) - Successfully ran Files.createDirectories /home/runner/work/ratis/ratis/ratis-test/target/test/data/959ca2e3/MiniRaftClusterWithSimulatedRpcfa2c1080/s1/a05d1f5a-1365-4042-985a-742a07453557/current
2022-11-16 04:23:59,463 [s1-impl-thread1] TRACE util.FileUtils (LogUtils.java:runAndLog(49)) - Successfully ran Files.createDirectories /home/runner/work/ratis/ratis/ratis-test/target/test/data/959ca2e3/MiniRaftClusterWithSimulatedRpcfa2c1080/s1/a05d1f5a-1365-4042-985a-742a07453557/sm
2022-11-16 04:23:59,464 [s1-impl-thread1] INFO  storage.RaftStorage (RaftStorageImpl.java:format(96)) - Storage directory /home/runner/work/ratis/ratis/ratis-test/target/test/data/959ca2e3/MiniRaftClusterWithSimulatedRpcfa2c1080/s1/a05d1f5a-1365-4042-985a-742a07453557 has been successfully formatted.
2022-11-16 04:23:59,464 [s1-impl-thread1] INFO  server.RaftServerConfigKeys (ConfUtils.java:logGet(46)) - raft.server.log.use.memory = false (default)
2022-11-16 04:23:59,464 [s1-impl-thread1] INFO  server.RaftServerConfigKeys (ConfUtils.java:logGet(46)) - raft.server.log.purge.gap = 1024 (default)
2022-11-16 04:23:59,464 [s1-impl-thread1] INFO  server.RaftServerConfigKeys (ConfUtils.java:logGet(46)) - raft.server.log.appender.buffer.byte-limit = 4MB (=4194304) (default)
2022-11-16 04:23:59,464 [s1-impl-thread1] INFO  server.RaftServerConfigKeys (ConfUtils.java:logGet(46)) - raft.server.log.statemachine.data.read.timeout = 1000ms (default)
2022-11-16 04:23:59,464 [s1-impl-thread1] INFO  server.RaftServerConfigKeys (ConfUtils.java:logGet(46)) - raft.server.log.purge.preservation.log.num = 0 (default)
2022-11-16 04:23:59,465 [s1-impl-thread1] INFO  server.RaftServerConfigKeys (ConfUtils.java:logGet(46)) - raft.server.log.segment.size.max = 8MB (=8388608) (default)
2022-11-16 04:23:59,465 [s1-impl-thread1] INFO  server.RaftServerConfigKeys (ConfUtils.java:logGet(46)) - raft.server.log.segment.cache.num.max = 6 (default)
2022-11-16 04:23:59,465 [s1-impl-thread1] INFO  server.RaftServerConfigKeys (ConfUtils.java:logGet(46)) - raft.server.log.segment.cache.size.max = 200MB (=209715200) (default)
2022-11-16 04:23:59,465 [s1-impl-thread1] INFO  segmented.SegmentedRaftLogWorker (SegmentedRaftLogWorker.java:<init>(184)) - new s1@group-742A07453557-SegmentedRaftLogWorker for RaftStorageImpl:Storage Directory /home/runner/work/ratis/ratis/ratis-test/target/test/data/959ca2e3/MiniRaftClusterWithSimulatedRpcfa2c1080/s1/a05d1f5a-1365-4042-985a-742a07453557
2022-11-16 04:23:59,465 [s1-impl-thread1] INFO  server.RaftServerConfigKeys (ConfUtils.java:logGet(46)) - raft.server.log.queue.byte-limit = 64MB (=67108864) (default)
2022-11-16 04:23:59,465 [s1-impl-thread1] INFO  server.RaftServerConfigKeys (ConfUtils.java:logGet(46)) - raft.server.log.queue.element-limit = 4096 (default)
2022-11-16 04:23:59,465 [s1-impl-thread1] INFO  server.RaftServerConfigKeys (ConfUtils.java:logGet(46)) - raft.server.log.segment.size.max = 8MB (=8388608) (default)
2022-11-16 04:23:59,465 [s1-impl-thread1] INFO  server.RaftServerConfigKeys (ConfUtils.java:logGet(46)) - raft.server.log.preallocated.size = 4MB (=4194304) (default)
2022-11-16 04:23:59,465 [s1-impl-thread1] INFO  server.RaftServerConfigKeys (ConfUtils.java:logGet(46)) - raft.server.log.force.sync.num = 128 (default)
2022-11-16 04:23:59,465 [s1-impl-thread1] INFO  server.RaftServerConfigKeys (ConfUtils.java:logGet(46)) - raft.server.log.statemachine.data.sync = true (default)
2022-11-16 04:23:59,465 [s1-impl-thread1] INFO  server.RaftServerConfigKeys (ConfUtils.java:logGet(46)) - raft.server.log.statemachine.data.sync.timeout = 10s (default)
2022-11-16 04:23:59,465 [s1-impl-thread1] INFO  server.RaftServerConfigKeys (ConfUtils.java:logGet(46)) - raft.server.log.statemachine.data.sync.timeout.retry = -1 (default)
2022-11-16 04:23:59,465 [s1-impl-thread1] INFO  server.RaftServerConfigKeys (ConfUtils.java:logGet(46)) - raft.server.log.write.buffer.size = 64KB (=65536) (default)
2022-11-16 04:23:59,466 [s1-impl-thread1] INFO  server.RaftServerConfigKeys (ConfUtils.java:logGet(46)) - raft.server.log.appender.buffer.byte-limit = 4MB (=4194304) (default)
2022-11-16 04:23:59,467 [s1-impl-thread1] INFO  server.RaftServerConfigKeys (ConfUtils.java:logGet(46)) - raft.server.log.unsafe-flush.enabled = false (default)
2022-11-16 04:23:59,467 [s1-impl-thread1] INFO  server.RaftServerConfigKeys (ConfUtils.java:logGet(46)) - raft.server.log.async-flush.enabled = false (default)
2022-11-16 04:23:59,467 [s1-impl-thread1] INFO  server.RaftServerConfigKeys (ConfUtils.java:logGet(46)) - raft.server.log.statemachine.data.caching.enabled = false (default)
2022-11-16 04:23:59,467 [s1-impl-thread1] INFO  segmented.SegmentedRaftLogWorker (SegmentedRaftLogWorker.java:lambda$new$0(134)) - s1@group-742A07453557-SegmentedRaftLogWorker: flushIndex: setUnconditionally 0 -> -1
2022-11-16 04:23:59,467 [s1-impl-thread1] INFO  segmented.SegmentedRaftLogWorker (SegmentedRaftLogWorker.java:lambda$new$0(134)) - s1@group-742A07453557-SegmentedRaftLogWorker: safeCacheEvictIndex: setUnconditionally 0 -> -1
2022-11-16 04:23:59,468 [s1-impl-thread1] INFO  server.RaftServer$Division (RaftServerImpl.java:start(338)) - s1@group-742A07453557: start as a follower, conf=-1: peers:[s3|rpc:localhost:32935|admin:localhost:46155|client:localhost:45497|dataStream:localhost:45325|priority:0|startupRole:FOLLOWER, s4|rpc:localhost:43443|admin:localhost:35771|client:localhost:42171|dataStream:localhost:35973|priority:0|startupRole:FOLLOWER, s0|rpc:localhost:39127|admin:localhost:34665|client:localhost:40015|dataStream:localhost:33597|priority:0|startupRole:FOLLOWER, s1|rpc:localhost:34777|admin:localhost:44841|client:localhost:46383|dataStream:localhost:39499|priority:0|startupRole:FOLLOWER, s2|rpc:localhost:42831|admin:localhost:43735|client:localhost:36571|dataStream:localhost:33613|priority:0|startupRole:FOLLOWER]|listeners:[], old=null
2022-11-16 04:23:59,468 [s1-impl-thread1] INFO  server.RaftServer$Division (RaftServerImpl.java:setRole(325)) - s1@group-742A07453557: changes role from      null to FOLLOWER at term 0 for startAsFollower
2022-11-16 04:23:59,468 [s1-impl-thread1] INFO  impl.RoleInfo (RoleInfo.java:updateAndGet(139)) - s1: start s1@group-742A07453557-FollowerState
2022-11-16 04:23:59,468 [s1-impl-thread1] INFO  util.JmxRegister (JmxRegister.java:tryRegister(44)) - Successfully registered JMX Bean with object name Ratis:service=RaftServer,group=group-742A07453557,id=s1
2022-11-16 04:23:59,468 [s1-impl-thread1] INFO  server.RaftServerConfigKeys (ConfUtils.java:logGet(46)) - raft.server.snapshot.auto.trigger.enabled = false (default)
2022-11-16 04:23:59,468 [s1-impl-thread1] INFO  server.RaftServerConfigKeys (ConfUtils.java:logGet(46)) - raft.server.snapshot.retention.file.num = -1 (default)
2022-11-16 04:23:59,468 [s1-impl-thread1] INFO  server.RaftServerConfigKeys (ConfUtils.java:logGet(46)) - raft.server.log.purge.upto.snapshot.index = false (default)
2022-11-16 04:23:59,469 [s1@group-742A07453557-FollowerState] INFO  server.RaftServerConfigKeys (ConfUtils.java:logFallback(53)) - raft.server.rpc.first-election.timeout.min = 150ms (fallback to raft.server.rpc.timeout.min)
2022-11-16 04:23:59,469 [s1@group-742A07453557-FollowerState] INFO  server.RaftServerConfigKeys (ConfUtils.java:logFallback(53)) - raft.server.rpc.first-election.timeout.max = 300ms (fallback to raft.server.rpc.timeout.max)
2022-11-16 04:23:59,469 [Time-limited test] INFO  server.RaftServer (RaftServerProxy.java:startImpl(396)) - s1: start RPC server
2022-11-16 04:23:59,474 [s2-impl-thread1] INFO  server.RaftServerConfigKeys (ConfUtils.java:logGet(46)) - raft.server.storage.free-space.min = 0MB (=0) (default)
2022-11-16 04:23:59,474 [s2-impl-thread1] INFO  server.RaftServerConfigKeys (ConfUtils.java:logGet(46)) - raft.server.log.corruption.policy = EXCEPTION (default)
2022-11-16 04:23:59,474 [s2-impl-thread1] INFO  server.RaftServerConfigKeys (ConfUtils.java:logGet(46)) - raft.server.storage.dir = [/home/runner/work/ratis/ratis/ratis-test/target/test/data/959ca2e3/MiniRaftClusterWithSimulatedRpcfa2c1080/s2] (custom)
2022-11-16 04:23:59,474 [s2-impl-thread1] INFO  storage.RaftStorageDirectory (RaftStorageDirectoryImpl.java:analyzeStorage(138)) - The storage directory /home/runner/work/ratis/ratis/ratis-test/target/test/data/959ca2e3/MiniRaftClusterWithSimulatedRpcfa2c1080/s2/a05d1f5a-1365-4042-985a-742a07453557 does not exist. Creating ...
2022-11-16 04:23:59,474 [s2-impl-thread1] TRACE util.FileUtils (LogUtils.java:runAndLog(49)) - Successfully ran Files.createDirectories /home/runner/work/ratis/ratis/ratis-test/target/test/data/959ca2e3/MiniRaftClusterWithSimulatedRpcfa2c1080/s2/a05d1f5a-1365-4042-985a-742a07453557
2022-11-16 04:23:59,474 [JvmPauseMonitor7] INFO  util.JvmPauseMonitor (JvmPauseMonitor.java:run(105)) - JvmPauseMonitor-s1: Started
2022-11-16 04:23:59,475 [s2-impl-thread1] INFO  storage.RaftStorageDirectory (RaftStorageDirectoryImpl.java:tryLock(232)) - Lock on /home/runner/work/ratis/ratis/ratis-test/target/test/data/959ca2e3/MiniRaftClusterWithSimulatedRpcfa2c1080/s2/a05d1f5a-1365-4042-985a-742a07453557/in_use.lock acquired by nodename 5511@fv-az570-467
2022-11-16 04:23:59,476 [s2-impl-thread1] TRACE util.FileUtils (LogUtils.java:runAndLog(49)) - Successfully ran Files.createDirectories /home/runner/work/ratis/ratis/ratis-test/target/test/data/959ca2e3/MiniRaftClusterWithSimulatedRpcfa2c1080/s2/a05d1f5a-1365-4042-985a-742a07453557/current
2022-11-16 04:23:59,476 [s2-impl-thread1] TRACE util.FileUtils (LogUtils.java:runAndLog(49)) - Successfully ran Files.createDirectories /home/runner/work/ratis/ratis/ratis-test/target/test/data/959ca2e3/MiniRaftClusterWithSimulatedRpcfa2c1080/s2/a05d1f5a-1365-4042-985a-742a07453557/sm
2022-11-16 04:23:59,477 [s2-impl-thread1] INFO  storage.RaftStorage (RaftStorageImpl.java:format(96)) - Storage directory /home/runner/work/ratis/ratis/ratis-test/target/test/data/959ca2e3/MiniRaftClusterWithSimulatedRpcfa2c1080/s2/a05d1f5a-1365-4042-985a-742a07453557 has been successfully formatted.
2022-11-16 04:23:59,477 [s2-impl-thread1] INFO  server.RaftServerConfigKeys (ConfUtils.java:logGet(46)) - raft.server.log.use.memory = false (default)
2022-11-16 04:23:59,477 [s2-impl-thread1] INFO  server.RaftServerConfigKeys (ConfUtils.java:logGet(46)) - raft.server.log.purge.gap = 1024 (default)
2022-11-16 04:23:59,477 [s2-impl-thread1] INFO  server.RaftServerConfigKeys (ConfUtils.java:logGet(46)) - raft.server.log.appender.buffer.byte-limit = 4MB (=4194304) (default)
2022-11-16 04:23:59,477 [s2-impl-thread1] INFO  server.RaftServerConfigKeys (ConfUtils.java:logGet(46)) - raft.server.log.statemachine.data.read.timeout = 1000ms (default)
2022-11-16 04:23:59,477 [s2-impl-thread1] INFO  server.RaftServerConfigKeys (ConfUtils.java:logGet(46)) - raft.server.log.purge.preservation.log.num = 0 (default)
2022-11-16 04:23:59,478 [s2-impl-thread1] INFO  server.RaftServerConfigKeys (ConfUtils.java:logGet(46)) - raft.server.log.segment.size.max = 8MB (=8388608) (default)
2022-11-16 04:23:59,478 [s2-impl-thread1] INFO  server.RaftServerConfigKeys (ConfUtils.java:logGet(46)) - raft.server.log.segment.cache.num.max = 6 (default)
2022-11-16 04:23:59,478 [s2-impl-thread1] INFO  server.RaftServerConfigKeys (ConfUtils.java:logGet(46)) - raft.server.log.segment.cache.size.max = 200MB (=209715200) (default)
2022-11-16 04:23:59,478 [s2-impl-thread1] INFO  segmented.SegmentedRaftLogWorker (SegmentedRaftLogWorker.java:<init>(184)) - new s2@group-742A07453557-SegmentedRaftLogWorker for RaftStorageImpl:Storage Directory /home/runner/work/ratis/ratis/ratis-test/target/test/data/959ca2e3/MiniRaftClusterWithSimulatedRpcfa2c1080/s2/a05d1f5a-1365-4042-985a-742a07453557
2022-11-16 04:23:59,478 [s2-impl-thread1] INFO  server.RaftServerConfigKeys (ConfUtils.java:logGet(46)) - raft.server.log.queue.byte-limit = 64MB (=67108864) (default)
2022-11-16 04:23:59,478 [s2-impl-thread1] INFO  server.RaftServerConfigKeys (ConfUtils.java:logGet(46)) - raft.server.log.queue.element-limit = 4096 (default)
2022-11-16 04:23:59,478 [s2-impl-thread1] INFO  server.RaftServerConfigKeys (ConfUtils.java:logGet(46)) - raft.server.log.segment.size.max = 8MB (=8388608) (default)
2022-11-16 04:23:59,478 [s2-impl-thread1] INFO  server.RaftServerConfigKeys (ConfUtils.java:logGet(46)) - raft.server.log.preallocated.size = 4MB (=4194304) (default)
2022-11-16 04:23:59,478 [s2-impl-thread1] INFO  server.RaftServerConfigKeys (ConfUtils.java:logGet(46)) - raft.server.log.force.sync.num = 128 (default)
2022-11-16 04:23:59,478 [s2-impl-thread1] INFO  server.RaftServerConfigKeys (ConfUtils.java:logGet(46)) - raft.server.log.statemachine.data.sync = true (default)
2022-11-16 04:23:59,478 [s2-impl-thread1] INFO  server.RaftServerConfigKeys (ConfUtils.java:logGet(46)) - raft.server.log.statemachine.data.sync.timeout = 10s (default)
2022-11-16 04:23:59,478 [s2-impl-thread1] INFO  server.RaftServerConfigKeys (ConfUtils.java:logGet(46)) - raft.server.log.statemachine.data.sync.timeout.retry = -1 (default)
2022-11-16 04:23:59,478 [s2-impl-thread1] INFO  server.RaftServerConfigKeys (ConfUtils.java:logGet(46)) - raft.server.log.write.buffer.size = 64KB (=65536) (default)
2022-11-16 04:23:59,479 [s2-impl-thread1] INFO  server.RaftServerConfigKeys (ConfUtils.java:logGet(46)) - raft.server.log.appender.buffer.byte-limit = 4MB (=4194304) (default)
2022-11-16 04:23:59,480 [s2-impl-thread1] INFO  server.RaftServerConfigKeys (ConfUtils.java:logGet(46)) - raft.server.log.unsafe-flush.enabled = false (default)
2022-11-16 04:23:59,481 [s2-impl-thread1] INFO  server.RaftServerConfigKeys (ConfUtils.java:logGet(46)) - raft.server.log.async-flush.enabled = false (default)
2022-11-16 04:23:59,481 [s2-impl-thread1] INFO  server.RaftServerConfigKeys (ConfUtils.java:logGet(46)) - raft.server.log.statemachine.data.caching.enabled = false (default)
2022-11-16 04:23:59,481 [s2-impl-thread1] INFO  segmented.SegmentedRaftLogWorker (SegmentedRaftLogWorker.java:lambda$new$0(134)) - s2@group-742A07453557-SegmentedRaftLogWorker: flushIndex: setUnconditionally 0 -> -1
2022-11-16 04:23:59,481 [s2-impl-thread1] INFO  segmented.SegmentedRaftLogWorker (SegmentedRaftLogWorker.java:lambda$new$0(134)) - s2@group-742A07453557-SegmentedRaftLogWorker: safeCacheEvictIndex: setUnconditionally 0 -> -1
2022-11-16 04:23:59,484 [s2-impl-thread1] INFO  server.RaftServer$Division (RaftServerImpl.java:start(338)) - s2@group-742A07453557: start as a follower, conf=-1: peers:[s3|rpc:localhost:32935|admin:localhost:46155|client:localhost:45497|dataStream:localhost:45325|priority:0|startupRole:FOLLOWER, s4|rpc:localhost:43443|admin:localhost:35771|client:localhost:42171|dataStream:localhost:35973|priority:0|startupRole:FOLLOWER, s0|rpc:localhost:39127|admin:localhost:34665|client:localhost:40015|dataStream:localhost:33597|priority:0|startupRole:FOLLOWER, s1|rpc:localhost:34777|admin:localhost:44841|client:localhost:46383|dataStream:localhost:39499|priority:0|startupRole:FOLLOWER, s2|rpc:localhost:42831|admin:localhost:43735|client:localhost:36571|dataStream:localhost:33613|priority:0|startupRole:FOLLOWER]|listeners:[], old=null
2022-11-16 04:23:59,485 [s2-impl-thread1] INFO  server.RaftServer$Division (RaftServerImpl.java:setRole(325)) - s2@group-742A07453557: changes role from      null to FOLLOWER at term 0 for startAsFollower
2022-11-16 04:23:59,485 [s2-impl-thread1] INFO  impl.RoleInfo (RoleInfo.java:updateAndGet(139)) - s2: start s2@group-742A07453557-FollowerState
2022-11-16 04:23:59,485 [s2-impl-thread1] INFO  util.JmxRegister (JmxRegister.java:tryRegister(44)) - Successfully registered JMX Bean with object name Ratis:service=RaftServer,group=group-742A07453557,id=s2
2022-11-16 04:23:59,485 [s2-impl-thread1] INFO  server.RaftServerConfigKeys (ConfUtils.java:logGet(46)) - raft.server.snapshot.auto.trigger.enabled = false (default)
2022-11-16 04:23:59,485 [s2-impl-thread1] INFO  server.RaftServerConfigKeys (ConfUtils.java:logGet(46)) - raft.server.snapshot.retention.file.num = -1 (default)
2022-11-16 04:23:59,485 [s2-impl-thread1] INFO  server.RaftServerConfigKeys (ConfUtils.java:logGet(46)) - raft.server.log.purge.upto.snapshot.index = false (default)
2022-11-16 04:23:59,485 [s2@group-742A07453557-FollowerState] INFO  server.RaftServerConfigKeys (ConfUtils.java:logFallback(53)) - raft.server.rpc.first-election.timeout.min = 150ms (fallback to raft.server.rpc.timeout.min)
2022-11-16 04:23:59,486 [s2@group-742A07453557-FollowerState] INFO  server.RaftServerConfigKeys (ConfUtils.java:logFallback(53)) - raft.server.rpc.first-election.timeout.max = 300ms (fallback to raft.server.rpc.timeout.max)
2022-11-16 04:23:59,489 [Time-limited test] INFO  server.RaftServer (RaftServerProxy.java:startImpl(396)) - s2: start RPC server
2022-11-16 04:23:59,491 [JvmPauseMonitor8] INFO  util.JvmPauseMonitor (JvmPauseMonitor.java:run(105)) - JvmPauseMonitor-s2: Started
2022-11-16 04:23:59,491 [Time-limited test] INFO  server.RaftServerConfigKeys (ConfUtils.java:logGet(46)) - raft.server.rpc.timeout.max = 300ms (default)
2022-11-16 04:23:59,491 [Time-limited test] INFO  ratis.RaftTestUtil (RaftTestUtil.java:waitForLeader(100)) - printing ALL groups
  s3:  RUNNING  FOLLOWER s3@group-742A07453557:t0, leader=null, voted=, raftlog=Memoized:s3@group-742A07453557-SegmentedRaftLog:OPENED:c-1, conf=-1: peers:[s3|rpc:localhost:32935|admin:localhost:46155|client:localhost:45497|dataStream:localhost:45325|priority:0|startupRole:FOLLOWER, s4|rpc:localhost:43443|admin:localhost:35771|client:localhost:42171|dataStream:localhost:35973|priority:0|startupRole:FOLLOWER, s0|rpc:localhost:39127|admin:localhost:34665|client:localhost:40015|dataStream:localhost:33597|priority:0|startupRole:FOLLOWER, s1|rpc:localhost:34777|admin:localhost:44841|client:localhost:46383|dataStream:localhost:39499|priority:0|startupRole:FOLLOWER, s2|rpc:localhost:42831|admin:localhost:43735|client:localhost:36571|dataStream:localhost:33613|priority:0|startupRole:FOLLOWER]|listeners:[], old=null RUNNING
  s4:  RUNNING  FOLLOWER s4@group-742A07453557:t0, leader=null, voted=, raftlog=Memoized:s4@group-742A07453557-SegmentedRaftLog:OPENED:c-1, conf=-1: peers:[s3|rpc:localhost:32935|admin:localhost:46155|client:localhost:45497|dataStream:localhost:45325|priority:0|startupRole:FOLLOWER, s4|rpc:localhost:43443|admin:localhost:35771|client:localhost:42171|dataStream:localhost:35973|priority:0|startupRole:FOLLOWER, s0|rpc:localhost:39127|admin:localhost:34665|client:localhost:40015|dataStream:localhost:33597|priority:0|startupRole:FOLLOWER, s1|rpc:localhost:34777|admin:localhost:44841|client:localhost:46383|dataStream:localhost:39499|priority:0|startupRole:FOLLOWER, s2|rpc:localhost:42831|admin:localhost:43735|client:localhost:36571|dataStream:localhost:33613|priority:0|startupRole:FOLLOWER]|listeners:[], old=null RUNNING
  s0:  RUNNING  FOLLOWER s0@group-742A07453557:t0, leader=null, voted=, raftlog=Memoized:s0@group-742A07453557-SegmentedRaftLog:OPENED:c-1, conf=-1: peers:[s3|rpc:localhost:32935|admin:localhost:46155|client:localhost:45497|dataStream:localhost:45325|priority:0|startupRole:FOLLOWER, s4|rpc:localhost:43443|admin:localhost:35771|client:localhost:42171|dataStream:localhost:35973|priority:0|startupRole:FOLLOWER, s0|rpc:localhost:39127|admin:localhost:34665|client:localhost:40015|dataStream:localhost:33597|priority:0|startupRole:FOLLOWER, s1|rpc:localhost:34777|admin:localhost:44841|client:localhost:46383|dataStream:localhost:39499|priority:0|startupRole:FOLLOWER, s2|rpc:localhost:42831|admin:localhost:43735|client:localhost:36571|dataStream:localhost:33613|priority:0|startupRole:FOLLOWER]|listeners:[], old=null RUNNING
  s1:  RUNNING  FOLLOWER s1@group-742A07453557:t0, leader=null, voted=, raftlog=Memoized:s1@group-742A07453557-SegmentedRaftLog:OPENED:c-1, conf=-1: peers:[s3|rpc:localhost:32935|admin:localhost:46155|client:localhost:45497|dataStream:localhost:45325|priority:0|startupRole:FOLLOWER, s4|rpc:localhost:43443|admin:localhost:35771|client:localhost:42171|dataStream:localhost:35973|priority:0|startupRole:FOLLOWER, s0|rpc:localhost:39127|admin:localhost:34665|client:localhost:40015|dataStream:localhost:33597|priority:0|startupRole:FOLLOWER, s1|rpc:localhost:34777|admin:localhost:44841|client:localhost:46383|dataStream:localhost:39499|priority:0|startupRole:FOLLOWER, s2|rpc:localhost:42831|admin:localhost:43735|client:localhost:36571|dataStream:localhost:33613|priority:0|startupRole:FOLLOWER]|listeners:[], old=null RUNNING
  s2:  RUNNING  FOLLOWER s2@group-742A07453557:t0, leader=null, voted=, raftlog=Memoized:s2@group-742A07453557-SegmentedRaftLog:OPENED:c-1, conf=-1: peers:[s3|rpc:localhost:32935|admin:localhost:46155|client:localhost:45497|dataStream:localhost:45325|priority:0|startupRole:FOLLOWER, s4|rpc:localhost:43443|admin:localhost:35771|client:localhost:42171|dataStream:localhost:35973|priority:0|startupRole:FOLLOWER, s0|rpc:localhost:39127|admin:localhost:34665|client:localhost:40015|dataStream:localhost:33597|priority:0|startupRole:FOLLOWER, s1|rpc:localhost:34777|admin:localhost:44841|client:localhost:46383|dataStream:localhost:39499|priority:0|startupRole:FOLLOWER, s2|rpc:localhost:42831|admin:localhost:43735|client:localhost:36571|dataStream:localhost:33613|priority:0|startupRole:FOLLOWER]|listeners:[], old=null RUNNING
2022-11-16 04:23:59,491 [Time-limited test] WARN  ratis.RaftTestUtil (JavaUtils.java:attempt(217)) - FAILED "waitForLeader-null-(expectLeader? true)", attempt #1/100: java.lang.IllegalStateException: No leader yet : printing ALL groups
  s3:  RUNNING  FOLLOWER s3@group-742A07453557:t0, leader=null, voted=, raftlog=Memoized:s3@group-742A07453557-SegmentedRaftLog:OPENED:c-1, conf=-1: peers:[s3|rpc:localhost:32935|admin:localhost:46155|client:localhost:45497|dataStream:localhost:45325|priority:0|startupRole:FOLLOWER, s4|rpc:localhost:43443|admin:localhost:35771|client:localhost:42171|dataStream:localhost:35973|priority:0|startupRole:FOLLOWER, s0|rpc:localhost:39127|admin:localhost:34665|client:localhost:40015|dataStream:localhost:33597|priority:0|startupRole:FOLLOWER, s1|rpc:localhost:34777|admin:localhost:44841|client:localhost:46383|dataStream:localhost:39499|priority:0|startupRole:FOLLOWER, s2|rpc:localhost:42831|admin:localhost:43735|client:localhost:36571|dataStream:localhost:33613|priority:0|startupRole:FOLLOWER]|listeners:[], old=null RUNNING
  s4:  RUNNING  FOLLOWER s4@group-742A07453557:t0, leader=null, voted=, raftlog=Memoized:s4@group-742A07453557-SegmentedRaftLog:OPENED:c-1, conf=-1: peers:[s3|rpc:localhost:32935|admin:localhost:46155|client:localhost:45497|dataStream:localhost:45325|priority:0|startupRole:FOLLOWER, s4|rpc:localhost:43443|admin:localhost:35771|client:localhost:42171|dataStream:localhost:35973|priority:0|startupRole:FOLLOWER, s0|rpc:localhost:39127|admin:localhost:34665|client:localhost:40015|dataStream:localhost:33597|priority:0|startupRole:FOLLOWER, s1|rpc:localhost:34777|admin:localhost:44841|client:localhost:46383|dataStream:localhost:39499|priority:0|startupRole:FOLLOWER, s2|rpc:localhost:42831|admin:localhost:43735|client:localhost:36571|dataStream:localhost:33613|priority:0|startupRole:FOLLOWER]|listeners:[], old=null RUNNING
  s0:  RUNNING  FOLLOWER s0@group-742A07453557:t0, leader=null, voted=, raftlog=Memoized:s0@group-742A07453557-SegmentedRaftLog:OPENED:c-1, conf=-1: peers:[s3|rpc:localhost:32935|admin:localhost:46155|client:localhost:45497|dataStream:localhost:45325|priority:0|startupRole:FOLLOWER, s4|rpc:localhost:43443|admin:localhost:35771|client:localhost:42171|dataStream:localhost:35973|priority:0|startupRole:FOLLOWER, s0|rpc:localhost:39127|admin:localhost:34665|client:localhost:40015|dataStream:localhost:33597|priority:0|startupRole:FOLLOWER, s1|rpc:localhost:34777|admin:localhost:44841|client:localhost:46383|dataStream:localhost:39499|priority:0|startupRole:FOLLOWER, s2|rpc:localhost:42831|admin:localhost:43735|client:localhost:36571|dataStream:localhost:33613|priority:0|startupRole:FOLLOWER]|listeners:[], old=null RUNNING
  s1:  RUNNING  FOLLOWER s1@group-742A07453557:t0, leader=null, voted=, raftlog=Memoized:s1@group-742A07453557-SegmentedRaftLog:OPENED:c-1, conf=-1: peers:[s3|rpc:localhost:32935|admin:localhost:46155|client:localhost:45497|dataStream:localhost:45325|priority:0|startupRole:FOLLOWER, s4|rpc:localhost:43443|admin:localhost:35771|client:localhost:42171|dataStream:localhost:35973|priority:0|startupRole:FOLLOWER, s0|rpc:localhost:39127|admin:localhost:34665|client:localhost:40015|dataStream:localhost:33597|priority:0|startupRole:FOLLOWER, s1|rpc:localhost:34777|admin:localhost:44841|client:localhost:46383|dataStream:localhost:39499|priority:0|startupRole:FOLLOWER, s2|rpc:localhost:42831|admin:localhost:43735|client:localhost:36571|dataStream:localhost:33613|priority:0|startupRole:FOLLOWER]|listeners:[], old=null RUNNING
  s2:  RUNNING  FOLLOWER s2@group-742A07453557:t0, leader=null, voted=, raftlog=Memoized:s2@group-742A07453557-SegmentedRaftLog:OPENED:c-1, conf=-1: peers:[s3|rpc:localhost:32935|admin:localhost:46155|client:localhost:45497|dataStream:localhost:45325|priority:0|startupRole:FOLLOWER, s4|rpc:localhost:43443|admin:localhost:35771|client:localhost:42171|dataStream:localhost:35973|priority:0|startupRole:FOLLOWER, s0|rpc:localhost:39127|admin:localhost:34665|client:localhost:40015|dataStream:localhost:33597|priority:0|startupRole:FOLLOWER, s1|rpc:localhost:34777|admin:localhost:44841|client:localhost:46383|dataStream:localhost:39499|priority:0|startupRole:FOLLOWER, s2|rpc:localhost:42831|admin:localhost:43735|client:localhost:36571|dataStream:localhost:33613|priority:0|startupRole:FOLLOWER]|listeners:[], old=null RUNNING, sleep 450ms and then retry.
java.lang.IllegalStateException: No leader yet : printing ALL groups
  s3:  RUNNING  FOLLOWER s3@group-742A07453557:t0, leader=null, voted=, raftlog=Memoized:s3@group-742A07453557-SegmentedRaftLog:OPENED:c-1, conf=-1: peers:[s3|rpc:localhost:32935|admin:localhost:46155|client:localhost:45497|dataStream:localhost:45325|priority:0|startupRole:FOLLOWER, s4|rpc:localhost:43443|admin:localhost:35771|client:localhost:42171|dataStream:localhost:35973|priority:0|startupRole:FOLLOWER, s0|rpc:localhost:39127|admin:localhost:34665|client:localhost:40015|dataStream:localhost:33597|priority:0|startupRole:FOLLOWER, s1|rpc:localhost:34777|admin:localhost:44841|client:localhost:46383|dataStream:localhost:39499|priority:0|startupRole:FOLLOWER, s2|rpc:localhost:42831|admin:localhost:43735|client:localhost:36571|dataStream:localhost:33613|priority:0|startupRole:FOLLOWER]|listeners:[], old=null RUNNING
  s4:  RUNNING  FOLLOWER s4@group-742A07453557:t0, leader=null, voted=, raftlog=Memoized:s4@group-742A07453557-SegmentedRaftLog:OPENED:c-1, conf=-1: peers:[s3|rpc:localhost:32935|admin:localhost:46155|client:localhost:45497|dataStream:localhost:45325|priority:0|startupRole:FOLLOWER, s4|rpc:localhost:43443|admin:localhost:35771|client:localhost:42171|dataStream:localhost:35973|priority:0|startupRole:FOLLOWER, s0|rpc:localhost:39127|admin:localhost:34665|client:localhost:40015|dataStream:localhost:33597|priority:0|startupRole:FOLLOWER, s1|rpc:localhost:34777|admin:localhost:44841|client:localhost:46383|dataStream:localhost:39499|priority:0|startupRole:FOLLOWER, s2|rpc:localhost:42831|admin:localhost:43735|client:localhost:36571|dataStream:localhost:33613|priority:0|startupRole:FOLLOWER]|listeners:[], old=null RUNNING
  s0:  RUNNING  FOLLOWER s0@group-742A07453557:t0, leader=null, voted=, raftlog=Memoized:s0@group-742A07453557-SegmentedRaftLog:OPENED:c-1, conf=-1: peers:[s3|rpc:localhost:32935|admin:localhost:46155|client:localhost:45497|dataStream:localhost:45325|priority:0|startupRole:FOLLOWER, s4|rpc:localhost:43443|admin:localhost:35771|client:localhost:42171|dataStream:localhost:35973|priority:0|startupRole:FOLLOWER, s0|rpc:localhost:39127|admin:localhost:34665|client:localhost:40015|dataStream:localhost:33597|priority:0|startupRole:FOLLOWER, s1|rpc:localhost:34777|admin:localhost:44841|client:localhost:46383|dataStream:localhost:39499|priority:0|startupRole:FOLLOWER, s2|rpc:localhost:42831|admin:localhost:43735|client:localhost:36571|dataStream:localhost:33613|priority:0|startupRole:FOLLOWER]|listeners:[], old=null RUNNING
  s1:  RUNNING  FOLLOWER s1@group-742A07453557:t0, leader=null, voted=, raftlog=Memoized:s1@group-742A07453557-SegmentedRaftLog:OPENED:c-1, conf=-1: peers:[s3|rpc:localhost:32935|admin:localhost:46155|client:localhost:45497|dataStream:localhost:45325|priority:0|startupRole:FOLLOWER, s4|rpc:localhost:43443|admin:localhost:35771|client:localhost:42171|dataStream:localhost:35973|priority:0|startupRole:FOLLOWER, s0|rpc:localhost:39127|admin:localhost:34665|client:localhost:40015|dataStream:localhost:33597|priority:0|startupRole:FOLLOWER, s1|rpc:localhost:34777|admin:localhost:44841|client:localhost:46383|dataStream:localhost:39499|priority:0|startupRole:FOLLOWER, s2|rpc:localhost:42831|admin:localhost:43735|client:localhost:36571|dataStream:localhost:33613|priority:0|startupRole:FOLLOWER]|listeners:[], old=null RUNNING
  s2:  RUNNING  FOLLOWER s2@group-742A07453557:t0, leader=null, voted=, raftlog=Memoized:s2@group-742A07453557-SegmentedRaftLog:OPENED:c-1, conf=-1: peers:[s3|rpc:localhost:32935|admin:localhost:46155|client:localhost:45497|dataStream:localhost:45325|priority:0|startupRole:FOLLOWER, s4|rpc:localhost:43443|admin:localhost:35771|client:localhost:42171|dataStream:localhost:35973|priority:0|startupRole:FOLLOWER, s0|rpc:localhost:39127|admin:localhost:34665|client:localhost:40015|dataStream:localhost:33597|priority:0|startupRole:FOLLOWER, s1|rpc:localhost:34777|admin:localhost:44841|client:localhost:46383|dataStream:localhost:39499|priority:0|startupRole:FOLLOWER, s2|rpc:localhost:42831|admin:localhost:43735|client:localhost:36571|dataStream:localhost:33613|priority:0|startupRole:FOLLOWER]|listeners:[], old=null RUNNING
	at org.apache.ratis.server.impl.MiniRaftCluster.newIllegalStateExceptionForNoLeaders(MiniRaftCluster.java:581)
	at org.apache.ratis.RaftTestUtil.lambda$waitForLeader$1(RaftTestUtil.java:104)
	at org.apache.ratis.server.impl.MiniRaftCluster.getLeader(MiniRaftCluster.java:615)
	at org.apache.ratis.server.impl.MiniRaftCluster.getLeader(MiniRaftCluster.java:608)
	at org.apache.ratis.RaftTestUtil.lambda$waitForLeader$3(RaftTestUtil.java:112)
	at org.apache.ratis.util.JavaUtils.attempt(JavaUtils.java:211)
	at org.apache.ratis.util.JavaUtils.attemptRepeatedly(JavaUtils.java:197)
	at org.apache.ratis.RaftTestUtil.waitForLeader(RaftTestUtil.java:111)
	at org.apache.ratis.RaftTestUtil.waitForLeader(RaftTestUtil.java:92)
	at org.apache.ratis.RaftTestUtil.waitForLeader(RaftTestUtil.java:87)
	at org.apache.ratis.server.impl.LeaderElectionTests.testEnforceLeader(LeaderElectionTests.java:277)
	at java.base/jdk.internal.reflect.NativeMethodAccessorImpl.invoke0(Native Method)
	at java.base/jdk.internal.reflect.NativeMethodAccessorImpl.invoke(NativeMethodAccessorImpl.java:62)
	at java.base/jdk.internal.reflect.DelegatingMethodAccessorImpl.invoke(DelegatingMethodAccessorImpl.java:43)
	at java.base/java.lang.reflect.Method.invoke(Method.java:566)
	at org.junit.runners.model.FrameworkMethod$1.runReflectiveCall(FrameworkMethod.java:59)
	at org.junit.internal.runners.model.ReflectiveCallable.run(ReflectiveCallable.java:12)
	at org.junit.runners.model.FrameworkMethod.invokeExplosively(FrameworkMethod.java:56)
	at org.junit.internal.runners.statements.InvokeMethod.evaluate(InvokeMethod.java:17)
	at org.junit.internal.runners.statements.RunAfters.evaluate(RunAfters.java:27)
	at org.junit.internal.runners.statements.FailOnTimeout$CallableStatement.call(FailOnTimeout.java:299)
	at org.junit.internal.runners.statements.FailOnTimeout$CallableStatement.call(FailOnTimeout.java:293)
	at java.base/java.util.concurrent.FutureTask.run(FutureTask.java:264)
	at java.base/java.lang.Thread.run(Thread.java:829)
2022-11-16 04:23:59,585 [s3@group-742A07453557-FollowerState] INFO  impl.FollowerState (FollowerState.java:run(143)) - s3@group-742A07453557-FollowerState: change to CANDIDATE, lastRpcElapsedTime:161270819ns, electionTimeout:154ms
2022-11-16 04:23:59,585 [s3@group-742A07453557-FollowerState] INFO  impl.RoleInfo (RoleInfo.java:shutdownFollowerState(110)) - s3: shutdown s3@group-742A07453557-FollowerState
2022-11-16 04:23:59,585 [s3@group-742A07453557-FollowerState] INFO  server.RaftServer$Division (RaftServerImpl.java:setRole(325)) - s3@group-742A07453557: changes role from  FOLLOWER to CANDIDATE at term 0 for changeToCandidate
2022-11-16 04:23:59,586 [s3@group-742A07453557-FollowerState] INFO  server.RaftServerConfigKeys (ConfUtils.java:logGet(46)) - raft.server.leaderelection.pre-vote = true (default)
2022-11-16 04:23:59,586 [s3@group-742A07453557-FollowerState] INFO  impl.RoleInfo (RoleInfo.java:updateAndGet(139)) - s3: start s3@group-742A07453557-LeaderElection3
2022-11-16 04:23:59,590 [s3@group-742A07453557-LeaderElection3] INFO  impl.LeaderElection (LeaderElection.java:askForVotes(309)) - s3@group-742A07453557-LeaderElection3 PRE_VOTE round 0: submit vote requests at term 0 for -1: peers:[s3|rpc:localhost:32935|admin:localhost:46155|client:localhost:45497|dataStream:localhost:45325|priority:0|startupRole:FOLLOWER, s4|rpc:localhost:43443|admin:localhost:35771|client:localhost:42171|dataStream:localhost:35973|priority:0|startupRole:FOLLOWER, s0|rpc:localhost:39127|admin:localhost:34665|client:localhost:40015|dataStream:localhost:33597|priority:0|startupRole:FOLLOWER, s1|rpc:localhost:34777|admin:localhost:44841|client:localhost:46383|dataStream:localhost:39499|priority:0|startupRole:FOLLOWER, s2|rpc:localhost:42831|admin:localhost:43735|client:localhost:36571|dataStream:localhost:33613|priority:0|startupRole:FOLLOWER]|listeners:[], old=null
2022-11-16 04:23:59,590 [HandlerDaemon-0] INFO  server.RaftServer$Division (RaftServerImpl.java:requestVote(1294)) - s4@group-742A07453557: receive requestVote(PRE_VOTE, s3, group-742A07453557, 0, (t:0, i:0))
2022-11-16 04:23:59,591 [HandlerDaemon-0] INFO  impl.VoteContext (VoteContext.java:log(49)) - s4@group-742A07453557-FOLLOWER: accept PRE_VOTE from s3: our priority 0 <= candidate's priority 0
2022-11-16 04:23:59,591 [HandlerDaemon-0] INFO  server.RaftServer$Division (RaftServerImpl.java:requestVote(1327)) - s4@group-742A07453557 replies to PRE_VOTE vote request: s3<-s4#0:OK-t0. Peer's state: s4@group-742A07453557:t0, leader=null, voted=, raftlog=Memoized:s4@group-742A07453557-SegmentedRaftLog:OPENED:c-1, conf=-1: peers:[s3|rpc:localhost:32935|admin:localhost:46155|client:localhost:45497|dataStream:localhost:45325|priority:0|startupRole:FOLLOWER, s4|rpc:localhost:43443|admin:localhost:35771|client:localhost:42171|dataStream:localhost:35973|priority:0|startupRole:FOLLOWER, s0|rpc:localhost:39127|admin:localhost:34665|client:localhost:40015|dataStream:localhost:33597|priority:0|startupRole:FOLLOWER, s1|rpc:localhost:34777|admin:localhost:44841|client:localhost:46383|dataStream:localhost:39499|priority:0|startupRole:FOLLOWER, s2|rpc:localhost:42831|admin:localhost:43735|client:localhost:36571|dataStream:localhost:33613|priority:0|startupRole:FOLLOWER]|listeners:[], old=null
2022-11-16 04:23:59,591 [HandlerDaemon-0] INFO  server.RaftServer$Division (RaftServerImpl.java:requestVote(1294)) - s0@group-742A07453557: receive requestVote(PRE_VOTE, s3, group-742A07453557, 0, (t:0, i:0))
2022-11-16 04:23:59,591 [HandlerDaemon-0] INFO  impl.VoteContext (VoteContext.java:log(49)) - s0@group-742A07453557-FOLLOWER: accept PRE_VOTE from s3: our priority 0 <= candidate's priority 0
2022-11-16 04:23:59,591 [HandlerDaemon-0] INFO  server.RaftServer$Division (RaftServerImpl.java:requestVote(1327)) - s0@group-742A07453557 replies to PRE_VOTE vote request: s3<-s0#0:OK-t0. Peer's state: s0@group-742A07453557:t0, leader=null, voted=, raftlog=Memoized:s0@group-742A07453557-SegmentedRaftLog:OPENED:c-1, conf=-1: peers:[s3|rpc:localhost:32935|admin:localhost:46155|client:localhost:45497|dataStream:localhost:45325|priority:0|startupRole:FOLLOWER, s4|rpc:localhost:43443|admin:localhost:35771|client:localhost:42171|dataStream:localhost:35973|priority:0|startupRole:FOLLOWER, s0|rpc:localhost:39127|admin:localhost:34665|client:localhost:40015|dataStream:localhost:33597|priority:0|startupRole:FOLLOWER, s1|rpc:localhost:34777|admin:localhost:44841|client:localhost:46383|dataStream:localhost:39499|priority:0|startupRole:FOLLOWER, s2|rpc:localhost:42831|admin:localhost:43735|client:localhost:36571|dataStream:localhost:33613|priority:0|startupRole:FOLLOWER]|listeners:[], old=null
2022-11-16 04:23:59,593 [HandlerDaemon-0] INFO  server.RaftServer$Division (RaftServerImpl.java:requestVote(1294)) - s1@group-742A07453557: receive requestVote(PRE_VOTE, s3, group-742A07453557, 0, (t:0, i:0))
2022-11-16 04:23:59,593 [HandlerDaemon-0] INFO  impl.VoteContext (VoteContext.java:log(49)) - s1@group-742A07453557-FOLLOWER: accept PRE_VOTE from s3: our priority 0 <= candidate's priority 0
2022-11-16 04:23:59,593 [HandlerDaemon-0] INFO  server.RaftServer$Division (RaftServerImpl.java:requestVote(1327)) - s1@group-742A07453557 replies to PRE_VOTE vote request: s3<-s1#0:OK-t0. Peer's state: s1@group-742A07453557:t0, leader=null, voted=, raftlog=Memoized:s1@group-742A07453557-SegmentedRaftLog:OPENED:c-1, conf=-1: peers:[s3|rpc:localhost:32935|admin:localhost:46155|client:localhost:45497|dataStream:localhost:45325|priority:0|startupRole:FOLLOWER, s4|rpc:localhost:43443|admin:localhost:35771|client:localhost:42171|dataStream:localhost:35973|priority:0|startupRole:FOLLOWER, s0|rpc:localhost:39127|admin:localhost:34665|client:localhost:40015|dataStream:localhost:33597|priority:0|startupRole:FOLLOWER, s1|rpc:localhost:34777|admin:localhost:44841|client:localhost:46383|dataStream:localhost:39499|priority:0|startupRole:FOLLOWER, s2|rpc:localhost:42831|admin:localhost:43735|client:localhost:36571|dataStream:localhost:33613|priority:0|startupRole:FOLLOWER]|listeners:[], old=null
2022-11-16 04:23:59,593 [s3@group-742A07453557-LeaderElection3] INFO  server.RaftServerConfigKeys (ConfUtils.java:logFallback(53)) - raft.server.rpc.first-election.timeout.min = 150ms (fallback to raft.server.rpc.timeout.min)
2022-11-16 04:23:59,593 [s3@group-742A07453557-LeaderElection3] INFO  server.RaftServerConfigKeys (ConfUtils.java:logFallback(53)) - raft.server.rpc.first-election.timeout.max = 300ms (fallback to raft.server.rpc.timeout.max)
2022-11-16 04:23:59,594 [s3@group-742A07453557-LeaderElection3] INFO  impl.LeaderElection (LeaderElection.java:logAndReturn(89)) - s3@group-742A07453557-LeaderElection3: PRE_VOTE PASSED received 2 response(s) and 0 exception(s):
2022-11-16 04:23:59,594 [s3@group-742A07453557-LeaderElection3] INFO  impl.LeaderElection (LeaderElection.java:logAndReturn(93)) -   Response 0: s3<-s4#0:OK-t0
2022-11-16 04:23:59,594 [s3@group-742A07453557-LeaderElection3] INFO  impl.LeaderElection (LeaderElection.java:logAndReturn(93)) -   Response 1: s3<-s0#0:OK-t0
2022-11-16 04:23:59,594 [s3@group-742A07453557-LeaderElection3] INFO  impl.LeaderElection (LeaderElection.java:askForVotes(311)) - s3@group-742A07453557-LeaderElection3 PRE_VOTE round 0: result PASSED
2022-11-16 04:23:59,595 [s3@group-742A07453557-LeaderElection3] INFO  impl.LeaderElection (LeaderElection.java:askForVotes(309)) - s3@group-742A07453557-LeaderElection3 ELECTION round 0: submit vote requests at term 1 for -1: peers:[s3|rpc:localhost:32935|admin:localhost:46155|client:localhost:45497|dataStream:localhost:45325|priority:0|startupRole:FOLLOWER, s4|rpc:localhost:43443|admin:localhost:35771|client:localhost:42171|dataStream:localhost:35973|priority:0|startupRole:FOLLOWER, s0|rpc:localhost:39127|admin:localhost:34665|client:localhost:40015|dataStream:localhost:33597|priority:0|startupRole:FOLLOWER, s1|rpc:localhost:34777|admin:localhost:44841|client:localhost:46383|dataStream:localhost:39499|priority:0|startupRole:FOLLOWER, s2|rpc:localhost:42831|admin:localhost:43735|client:localhost:36571|dataStream:localhost:33613|priority:0|startupRole:FOLLOWER]|listeners:[], old=null
2022-11-16 04:23:59,598 [HandlerDaemon-1] INFO  server.RaftServer$Division (RaftServerImpl.java:requestVote(1294)) - s4@group-742A07453557: receive requestVote(ELECTION, s3, group-742A07453557, 1, (t:0, i:0))
2022-11-16 04:23:59,598 [HandlerDaemon-1] INFO  server.RaftServer$Division (RaftServerImpl.java:requestVote(1294)) - s0@group-742A07453557: receive requestVote(ELECTION, s3, group-742A07453557, 1, (t:0, i:0))
2022-11-16 04:23:59,599 [HandlerDaemon-1] INFO  server.RaftServer$Division (RaftServerImpl.java:requestVote(1294)) - s1@group-742A07453557: receive requestVote(ELECTION, s3, group-742A07453557, 1, (t:0, i:0))
2022-11-16 04:23:59,599 [s3@group-742A07453557-LeaderElection3] INFO  server.RaftServerConfigKeys (ConfUtils.java:logFallback(53)) - raft.server.rpc.first-election.timeout.min = 150ms (fallback to raft.server.rpc.timeout.min)
2022-11-16 04:23:59,599 [s3@group-742A07453557-LeaderElection3] INFO  server.RaftServerConfigKeys (ConfUtils.java:logFallback(53)) - raft.server.rpc.first-election.timeout.max = 300ms (fallback to raft.server.rpc.timeout.max)
2022-11-16 04:23:59,599 [HandlerDaemon-1] INFO  impl.VoteContext (VoteContext.java:log(49)) - s4@group-742A07453557-FOLLOWER: accept ELECTION from s3: our priority 0 <= candidate's priority 0
2022-11-16 04:23:59,599 [HandlerDaemon-1] INFO  server.RaftServer$Division (RaftServerImpl.java:setRole(325)) - s4@group-742A07453557: changes role from  FOLLOWER to FOLLOWER at term 1 for candidate:s3
2022-11-16 04:23:59,599 [HandlerDaemon-1] INFO  impl.RoleInfo (RoleInfo.java:shutdownFollowerState(110)) - s4: shutdown s4@group-742A07453557-FollowerState
2022-11-16 04:23:59,600 [HandlerDaemon-1] INFO  impl.VoteContext (VoteContext.java:log(49)) - s0@group-742A07453557-FOLLOWER: accept ELECTION from s3: our priority 0 <= candidate's priority 0
2022-11-16 04:23:59,600 [HandlerDaemon-1] INFO  server.RaftServer$Division (RaftServerImpl.java:setRole(325)) - s0@group-742A07453557: changes role from  FOLLOWER to FOLLOWER at term 1 for candidate:s3
2022-11-16 04:23:59,600 [HandlerDaemon-1] INFO  impl.RoleInfo (RoleInfo.java:shutdownFollowerState(110)) - s0: shutdown s0@group-742A07453557-FollowerState
2022-11-16 04:23:59,600 [s0@group-742A07453557-FollowerState] INFO  impl.FollowerState (FollowerState.java:run(152)) - s0@group-742A07453557-FollowerState was interrupted
2022-11-16 04:23:59,600 [s4@group-742A07453557-FollowerState] INFO  impl.FollowerState (FollowerState.java:run(152)) - s4@group-742A07453557-FollowerState was interrupted
2022-11-16 04:23:59,601 [HandlerDaemon-1] INFO  impl.VoteContext (VoteContext.java:log(49)) - s1@group-742A07453557-FOLLOWER: accept ELECTION from s3: our priority 0 <= candidate's priority 0
2022-11-16 04:23:59,601 [HandlerDaemon-1] INFO  server.RaftServer$Division (RaftServerImpl.java:setRole(325)) - s1@group-742A07453557: changes role from  FOLLOWER to FOLLOWER at term 1 for candidate:s3
2022-11-16 04:23:59,601 [HandlerDaemon-1] INFO  impl.RoleInfo (RoleInfo.java:shutdownFollowerState(110)) - s1: shutdown s1@group-742A07453557-FollowerState
2022-11-16 04:23:59,602 [s1@group-742A07453557-FollowerState] INFO  impl.FollowerState (FollowerState.java:run(152)) - s1@group-742A07453557-FollowerState was interrupted
2022-11-16 04:23:59,602 [HandlerDaemon-0] INFO  server.RaftServer$Division (RaftServerImpl.java:requestVote(1294)) - s2@group-742A07453557: receive requestVote(PRE_VOTE, s3, group-742A07453557, 0, (t:0, i:0))
2022-11-16 04:23:59,602 [HandlerDaemon-0] INFO  impl.VoteContext (VoteContext.java:log(49)) - s2@group-742A07453557-FOLLOWER: accept PRE_VOTE from s3: our priority 0 <= candidate's priority 0
2022-11-16 04:23:59,602 [HandlerDaemon-0] INFO  server.RaftServer$Division (RaftServerImpl.java:requestVote(1327)) - s2@group-742A07453557 replies to PRE_VOTE vote request: s3<-s2#0:OK-t0. Peer's state: s2@group-742A07453557:t0, leader=null, voted=, raftlog=Memoized:s2@group-742A07453557-SegmentedRaftLog:OPENED:c-1, conf=-1: peers:[s3|rpc:localhost:32935|admin:localhost:46155|client:localhost:45497|dataStream:localhost:45325|priority:0|startupRole:FOLLOWER, s4|rpc:localhost:43443|admin:localhost:35771|client:localhost:42171|dataStream:localhost:35973|priority:0|startupRole:FOLLOWER, s0|rpc:localhost:39127|admin:localhost:34665|client:localhost:40015|dataStream:localhost:33597|priority:0|startupRole:FOLLOWER, s1|rpc:localhost:34777|admin:localhost:44841|client:localhost:46383|dataStream:localhost:39499|priority:0|startupRole:FOLLOWER, s2|rpc:localhost:42831|admin:localhost:43735|client:localhost:36571|dataStream:localhost:33613|priority:0|startupRole:FOLLOWER]|listeners:[], old=null
2022-11-16 04:23:59,602 [HandlerDaemon-1] INFO  impl.RoleInfo (RoleInfo.java:updateAndGet(139)) - s4: start s4@group-742A07453557-FollowerState
2022-11-16 04:23:59,602 [HandlerDaemon-1] INFO  impl.RoleInfo (RoleInfo.java:updateAndGet(139)) - s1: start s1@group-742A07453557-FollowerState
2022-11-16 04:23:59,603 [HandlerDaemon-1] INFO  server.RaftServer$Division (RaftServerImpl.java:requestVote(1294)) - s2@group-742A07453557: receive requestVote(ELECTION, s3, group-742A07453557, 1, (t:0, i:0))
2022-11-16 04:23:59,603 [HandlerDaemon-1] INFO  impl.RoleInfo (RoleInfo.java:updateAndGet(139)) - s0: start s0@group-742A07453557-FollowerState
2022-11-16 04:23:59,603 [s4@group-742A07453557-FollowerState] INFO  server.RaftServerConfigKeys (ConfUtils.java:logFallback(53)) - raft.server.rpc.first-election.timeout.min = 150ms (fallback to raft.server.rpc.timeout.min)
2022-11-16 04:23:59,603 [s4@group-742A07453557-FollowerState] INFO  server.RaftServerConfigKeys (ConfUtils.java:logFallback(53)) - raft.server.rpc.first-election.timeout.max = 300ms (fallback to raft.server.rpc.timeout.max)
2022-11-16 04:23:59,603 [HandlerDaemon-1] INFO  server.RaftServer$Division (RaftServerImpl.java:requestVote(1327)) - s4@group-742A07453557 replies to ELECTION vote request: s3<-s4#0:OK-t1. Peer's state: s4@group-742A07453557:t1, leader=null, voted=s3, raftlog=Memoized:s4@group-742A07453557-SegmentedRaftLog:OPENED:c-1, conf=-1: peers:[s3|rpc:localhost:32935|admin:localhost:46155|client:localhost:45497|dataStream:localhost:45325|priority:0|startupRole:FOLLOWER, s4|rpc:localhost:43443|admin:localhost:35771|client:localhost:42171|dataStream:localhost:35973|priority:0|startupRole:FOLLOWER, s0|rpc:localhost:39127|admin:localhost:34665|client:localhost:40015|dataStream:localhost:33597|priority:0|startupRole:FOLLOWER, s1|rpc:localhost:34777|admin:localhost:44841|client:localhost:46383|dataStream:localhost:39499|priority:0|startupRole:FOLLOWER, s2|rpc:localhost:42831|admin:localhost:43735|client:localhost:36571|dataStream:localhost:33613|priority:0|startupRole:FOLLOWER]|listeners:[], old=null
2022-11-16 04:23:59,604 [s1@group-742A07453557-FollowerState] INFO  server.RaftServerConfigKeys (ConfUtils.java:logFallback(53)) - raft.server.rpc.first-election.timeout.min = 150ms (fallback to raft.server.rpc.timeout.min)
2022-11-16 04:23:59,604 [s1@group-742A07453557-FollowerState] INFO  server.RaftServerConfigKeys (ConfUtils.java:logFallback(53)) - raft.server.rpc.first-election.timeout.max = 300ms (fallback to raft.server.rpc.timeout.max)
2022-11-16 04:23:59,604 [HandlerDaemon-1] INFO  server.RaftServer$Division (RaftServerImpl.java:requestVote(1327)) - s1@group-742A07453557 replies to ELECTION vote request: s3<-s1#0:OK-t1. Peer's state: s1@group-742A07453557:t1, leader=null, voted=s3, raftlog=Memoized:s1@group-742A07453557-SegmentedRaftLog:OPENED:c-1, conf=-1: peers:[s3|rpc:localhost:32935|admin:localhost:46155|client:localhost:45497|dataStream:localhost:45325|priority:0|startupRole:FOLLOWER, s4|rpc:localhost:43443|admin:localhost:35771|client:localhost:42171|dataStream:localhost:35973|priority:0|startupRole:FOLLOWER, s0|rpc:localhost:39127|admin:localhost:34665|client:localhost:40015|dataStream:localhost:33597|priority:0|startupRole:FOLLOWER, s1|rpc:localhost:34777|admin:localhost:44841|client:localhost:46383|dataStream:localhost:39499|priority:0|startupRole:FOLLOWER, s2|rpc:localhost:42831|admin:localhost:43735|client:localhost:36571|dataStream:localhost:33613|priority:0|startupRole:FOLLOWER]|listeners:[], old=null
2022-11-16 04:23:59,606 [s3@group-742A07453557-LeaderElection3] INFO  impl.LeaderElection (LeaderElection.java:logAndReturn(89)) - s3@group-742A07453557-LeaderElection3: ELECTION PASSED received 2 response(s) and 0 exception(s):
2022-11-16 04:23:59,606 [s3@group-742A07453557-LeaderElection3] INFO  impl.LeaderElection (LeaderElection.java:logAndReturn(93)) -   Response 0: s3<-s4#0:OK-t1
2022-11-16 04:23:59,606 [s3@group-742A07453557-LeaderElection3] INFO  impl.LeaderElection (LeaderElection.java:logAndReturn(93)) -   Response 1: s3<-s1#0:OK-t1
2022-11-16 04:23:59,606 [s3@group-742A07453557-LeaderElection3] INFO  impl.LeaderElection (LeaderElection.java:askForVotes(311)) - s3@group-742A07453557-LeaderElection3 ELECTION round 0: result PASSED
2022-11-16 04:23:59,606 [s3@group-742A07453557-LeaderElection3] INFO  impl.RoleInfo (RoleInfo.java:shutdownLeaderElection(130)) - s3: shutdown s3@group-742A07453557-LeaderElection3
2022-11-16 04:23:59,606 [s3@group-742A07453557-LeaderElection3] INFO  server.RaftServer$Division (RaftServerImpl.java:setRole(325)) - s3@group-742A07453557: changes role from CANDIDATE to LEADER at term 1 for changeToLeader
2022-11-16 04:23:59,606 [s3@group-742A07453557-LeaderElection3] INFO  server.RaftServer$Division (ServerState.java:setLeader(260)) - s3@group-742A07453557: change Leader from null to s3 at term 1 for becomeLeader, leader elected after 226ms
2022-11-16 04:23:59,606 [s3@group-742A07453557-LeaderElection3] INFO  server.RaftServerConfigKeys (ConfUtils.java:logGet(46)) - raft.server.staging.catchup.gap = 1000 (default)
2022-11-16 04:23:59,606 [s3@group-742A07453557-LeaderElection3] INFO  server.RaftServerConfigKeys (ConfUtils.java:logGet(46)) - raft.server.write.element-limit = 4096 (default)
2022-11-16 04:23:59,606 [s3@group-742A07453557-LeaderElection3] INFO  server.RaftServerConfigKeys (ConfUtils.java:logGet(46)) - raft.server.write.byte-limit = 64MB (=67108864) (default)
2022-11-16 04:23:59,606 [s3@group-742A07453557-LeaderElection3] INFO  server.RaftServerConfigKeys (ConfUtils.java:logGet(46)) - raft.server.watch.timeout = 10s (default)
2022-11-16 04:23:59,606 [s3@group-742A07453557-LeaderElection3] INFO  server.RaftServerConfigKeys (ConfUtils.java:logGet(46)) - raft.server.watch.timeout.denomination = 1s (default)
2022-11-16 04:23:59,606 [s3@group-742A07453557-LeaderElection3] INFO  server.RaftServerConfigKeys (ConfUtils.java:logGet(46)) - raft.server.watch.element-limit = 65536 (default)
2022-11-16 04:23:59,606 [s3@group-742A07453557-LeaderElection3] INFO  server.RaftServerConfigKeys (ConfUtils.java:logGet(46)) - raft.server.write.element-limit = 4096 (default)
2022-11-16 04:23:59,607 [s3@group-742A07453557-LeaderElection3] INFO  server.RaftServerConfigKeys (ConfUtils.java:logGet(46)) - raft.server.write.follower.gap.ratio.max = -1.0 (default)
2022-11-16 04:23:59,607 [s3@group-742A07453557-LeaderElection3] INFO  server.RaftServerConfigKeys (ConfUtils.java:logGet(46)) - raft.server.log.appender.snapshot.chunk.size.max = 16MB (=16777216) (default)
2022-11-16 04:23:59,607 [s3@group-742A07453557-LeaderElection3] INFO  server.RaftServerConfigKeys (ConfUtils.java:logGet(46)) - raft.server.log.appender.buffer.byte-limit = 4MB (=4194304) (default)
2022-11-16 04:23:59,607 [s3@group-742A07453557-LeaderElection3] INFO  server.RaftServerConfigKeys (ConfUtils.java:logGet(46)) - raft.server.log.appender.buffer.element-limit = 0 (default)
2022-11-16 04:23:59,607 [s3@group-742A07453557-LeaderElection3] INFO  server.RaftServerConfigKeys (ConfUtils.java:logGet(46)) - raft.server.log.appender.snapshot.chunk.size.max = 16MB (=16777216) (default)
2022-11-16 04:23:59,607 [s3@group-742A07453557-LeaderElection3] INFO  server.RaftServerConfigKeys (ConfUtils.java:logGet(46)) - raft.server.log.appender.buffer.byte-limit = 4MB (=4194304) (default)
2022-11-16 04:23:59,607 [s3@group-742A07453557-LeaderElection3] INFO  server.RaftServerConfigKeys (ConfUtils.java:logGet(46)) - raft.server.log.appender.buffer.element-limit = 0 (default)
2022-11-16 04:23:59,608 [s3@group-742A07453557-LeaderElection3] INFO  server.RaftServerConfigKeys (ConfUtils.java:logGet(46)) - raft.server.log.appender.snapshot.chunk.size.max = 16MB (=16777216) (default)
2022-11-16 04:23:59,608 [s3@group-742A07453557-LeaderElection3] INFO  server.RaftServerConfigKeys (ConfUtils.java:logGet(46)) - raft.server.log.appender.buffer.byte-limit = 4MB (=4194304) (default)
2022-11-16 04:23:59,608 [s3@group-742A07453557-LeaderElection3] INFO  server.RaftServerConfigKeys (ConfUtils.java:logGet(46)) - raft.server.log.appender.buffer.element-limit = 0 (default)
2022-11-16 04:23:59,608 [s3@group-742A07453557-LeaderElection3] INFO  server.RaftServerConfigKeys (ConfUtils.java:logGet(46)) - raft.server.log.appender.snapshot.chunk.size.max = 16MB (=16777216) (default)
2022-11-16 04:23:59,608 [s3@group-742A07453557-LeaderElection3] INFO  server.RaftServerConfigKeys (ConfUtils.java:logGet(46)) - raft.server.log.appender.buffer.byte-limit = 4MB (=4194304) (default)
2022-11-16 04:23:59,608 [s3@group-742A07453557-LeaderElection3] INFO  server.RaftServerConfigKeys (ConfUtils.java:logGet(46)) - raft.server.log.appender.buffer.element-limit = 0 (default)
2022-11-16 04:23:59,608 [s3@group-742A07453557-LeaderElection3] INFO  impl.RoleInfo (RoleInfo.java:updateAndGet(139)) - s3: start s3@group-742A07453557-LeaderStateImpl
2022-11-16 04:23:59,609 [s3@group-742A07453557-LeaderElection3] INFO  segmented.SegmentedRaftLogWorker (SegmentedRaftLogWorker.java:startLogSegment(431)) - s3@group-742A07453557-SegmentedRaftLogWorker: Starting segment from index:0
2022-11-16 04:23:59,614 [HandlerDaemon-1] INFO  impl.VoteContext (VoteContext.java:log(49)) - s2@group-742A07453557-FOLLOWER: accept ELECTION from s3: our priority 0 <= candidate's priority 0
2022-11-16 04:23:59,615 [HandlerDaemon-1] INFO  server.RaftServer$Division (RaftServerImpl.java:setRole(325)) - s2@group-742A07453557: changes role from  FOLLOWER to FOLLOWER at term 1 for candidate:s3
2022-11-16 04:23:59,615 [HandlerDaemon-1] INFO  impl.RoleInfo (RoleInfo.java:shutdownFollowerState(110)) - s2: shutdown s2@group-742A07453557-FollowerState
2022-11-16 04:23:59,615 [s2@group-742A07453557-FollowerState] INFO  impl.FollowerState (FollowerState.java:run(152)) - s2@group-742A07453557-FollowerState was interrupted
2022-11-16 04:23:59,615 [HandlerDaemon-1] INFO  impl.RoleInfo (RoleInfo.java:updateAndGet(139)) - s2: start s2@group-742A07453557-FollowerState
2022-11-16 04:23:59,615 [s0@group-742A07453557-FollowerState] INFO  server.RaftServerConfigKeys (ConfUtils.java:logFallback(53)) - raft.server.rpc.first-election.timeout.min = 150ms (fallback to raft.server.rpc.timeout.min)
2022-11-16 04:23:59,615 [s0@group-742A07453557-FollowerState] INFO  server.RaftServerConfigKeys (ConfUtils.java:logFallback(53)) - raft.server.rpc.first-election.timeout.max = 300ms (fallback to raft.server.rpc.timeout.max)
2022-11-16 04:23:59,616 [HandlerDaemon-1] INFO  server.RaftServer$Division (RaftServerImpl.java:requestVote(1327)) - s0@group-742A07453557 replies to ELECTION vote request: s3<-s0#0:OK-t1. Peer's state: s0@group-742A07453557:t1, leader=null, voted=s3, raftlog=Memoized:s0@group-742A07453557-SegmentedRaftLog:OPENED:c-1, conf=-1: peers:[s3|rpc:localhost:32935|admin:localhost:46155|client:localhost:45497|dataStream:localhost:45325|priority:0|startupRole:FOLLOWER, s4|rpc:localhost:43443|admin:localhost:35771|client:localhost:42171|dataStream:localhost:35973|priority:0|startupRole:FOLLOWER, s0|rpc:localhost:39127|admin:localhost:34665|client:localhost:40015|dataStream:localhost:33597|priority:0|startupRole:FOLLOWER, s1|rpc:localhost:34777|admin:localhost:44841|client:localhost:46383|dataStream:localhost:39499|priority:0|startupRole:FOLLOWER, s2|rpc:localhost:42831|admin:localhost:43735|client:localhost:36571|dataStream:localhost:33613|priority:0|startupRole:FOLLOWER]|listeners:[], old=null
2022-11-16 04:23:59,618 [s2@group-742A07453557-FollowerState] INFO  server.RaftServerConfigKeys (ConfUtils.java:logFallback(53)) - raft.server.rpc.first-election.timeout.min = 150ms (fallback to raft.server.rpc.timeout.min)
2022-11-16 04:23:59,618 [s2@group-742A07453557-FollowerState] INFO  server.RaftServerConfigKeys (ConfUtils.java:logFallback(53)) - raft.server.rpc.first-election.timeout.max = 300ms (fallback to raft.server.rpc.timeout.max)
2022-11-16 04:23:59,620 [HandlerDaemon-2] INFO  server.RaftServer$Division (ServerState.java:setLeader(260)) - s0@group-742A07453557: change Leader from null to s3 at term 1 for appendEntries, leader elected after 221ms
2022-11-16 04:23:59,629 [s3@group-742A07453557-LeaderElection3] INFO  server.RaftServer$Division (ServerState.java:setRaftConf(377)) - s3@group-742A07453557: set configuration 0: peers:[s3|rpc:localhost:32935|admin:localhost:46155|client:localhost:45497|dataStream:localhost:45325|priority:0|startupRole:FOLLOWER, s4|rpc:localhost:43443|admin:localhost:35771|client:localhost:42171|dataStream:localhost:35973|priority:0|startupRole:FOLLOWER, s0|rpc:localhost:39127|admin:localhost:34665|client:localhost:40015|dataStream:localhost:33597|priority:0|startupRole:FOLLOWER, s1|rpc:localhost:34777|admin:localhost:44841|client:localhost:46383|dataStream:localhost:39499|priority:0|startupRole:FOLLOWER, s2|rpc:localhost:42831|admin:localhost:43735|client:localhost:36571|dataStream:localhost:33613|priority:0|startupRole:FOLLOWER]|listeners:[], old=null
2022-11-16 04:23:59,629 [HandlerDaemon-2] INFO  server.RaftServer$Division (ServerState.java:setLeader(260)) - s4@group-742A07453557: change Leader from null to s3 at term 1 for appendEntries, leader elected after 238ms
2022-11-16 04:23:59,630 [HandlerDaemon-1] INFO  server.RaftServer$Division (RaftServerImpl.java:requestVote(1327)) - s2@group-742A07453557 replies to ELECTION vote request: s3<-s2#0:OK-t1. Peer's state: s2@group-742A07453557:t1, leader=null, voted=s3, raftlog=Memoized:s2@group-742A07453557-SegmentedRaftLog:OPENED:c-1, conf=-1: peers:[s3|rpc:localhost:32935|admin:localhost:46155|client:localhost:45497|dataStream:localhost:45325|priority:0|startupRole:FOLLOWER, s4|rpc:localhost:43443|admin:localhost:35771|client:localhost:42171|dataStream:localhost:35973|priority:0|startupRole:FOLLOWER, s0|rpc:localhost:39127|admin:localhost:34665|client:localhost:40015|dataStream:localhost:33597|priority:0|startupRole:FOLLOWER, s1|rpc:localhost:34777|admin:localhost:44841|client:localhost:46383|dataStream:localhost:39499|priority:0|startupRole:FOLLOWER, s2|rpc:localhost:42831|admin:localhost:43735|client:localhost:36571|dataStream:localhost:33613|priority:0|startupRole:FOLLOWER]|listeners:[], old=null
2022-11-16 04:23:59,630 [HandlerDaemon-2] INFO  server.RaftServer$Division (ServerState.java:setLeader(260)) - s2@group-742A07453557: change Leader from null to s3 at term 1 for appendEntries, leader elected after 208ms
2022-11-16 04:23:59,630 [HandlerDaemon-0] DEBUG server.RaftServer$Division (RaftServerImpl.java:logAppendEntries(1421)) - s0@group-742A07453557: receive appendEntries(s3, 1, null, -1, true, commits:[s3:c-1, s4:c-1, s0:c-1, s1:c-1, s2:c-1], cId:32, entries: [(t:1, i:0), CONFIGURATIONENTRY(current:id: "s3"
address: "localhost:32935"
dataStreamAddress: "localhost:45325"
clientAddress: "localhost:45497"
adminAddress: "localhost:46155"
startupRole: FOLLOWER
,id: "s4"
address: "localhost:43443"
dataStreamAddress: "localhost:35973"
clientAddress: "localhost:42171"
adminAddress: "localhost:35771"
startupRole: FOLLOWER
,id: "s0"
address: "localhost:39127"
dataStreamAddress: "localhost:33597"
clientAddress: "localhost:40015"
adminAddress: "localhost:34665"
startupRole: FOLLOWER
,id: "s1"
address: "localhost:34777"
dataStreamAddress: "localhost:39499"
clientAddress: "localhost:46383"
adminAddress: "localhost:44841"
startupRole: FOLLOWER
,id: "s2"
address: "localhost:42831"
dataStreamAddress: "localhost:33613"
clientAddress: "localhost:36571"
adminAddress: "localhost:43735"
startupRole: FOLLOWER
, old:)]
2022-11-16 04:23:59,629 [s3@group-742A07453557-SegmentedRaftLogWorker] INFO  segmented.SegmentedRaftLogWorker (SegmentedRaftLogWorker.java:execute(635)) - s3@group-742A07453557-SegmentedRaftLogWorker: created new log segment /home/runner/work/ratis/ratis/ratis-test/target/test/data/959ca2e3/MiniRaftClusterWithSimulatedRpcfa2c1080/s3/a05d1f5a-1365-4042-985a-742a07453557/current/log_inprogress_0
2022-11-16 04:23:59,631 [HandlerDaemon-2] INFO  server.RaftServer$Division (ServerState.java:setLeader(260)) - s1@group-742A07453557: change Leader from null to s3 at term 1 for appendEntries, leader elected after 227ms
2022-11-16 04:23:59,636 [HandlerDaemon-0] INFO  server.RaftServer$Division (ServerState.java:setRaftConf(377)) - s0@group-742A07453557: set configuration 0: peers:[s3|rpc:localhost:32935|admin:localhost:46155|client:localhost:45497|dataStream:localhost:45325|priority:0|startupRole:FOLLOWER, s4|rpc:localhost:43443|admin:localhost:35771|client:localhost:42171|dataStream:localhost:35973|priority:0|startupRole:FOLLOWER, s0|rpc:localhost:39127|admin:localhost:34665|client:localhost:40015|dataStream:localhost:33597|priority:0|startupRole:FOLLOWER, s1|rpc:localhost:34777|admin:localhost:44841|client:localhost:46383|dataStream:localhost:39499|priority:0|startupRole:FOLLOWER, s2|rpc:localhost:42831|admin:localhost:43735|client:localhost:36571|dataStream:localhost:33613|priority:0|startupRole:FOLLOWER]|listeners:[], old=null
2022-11-16 04:23:59,636 [HandlerDaemon-0] INFO  segmented.SegmentedRaftLogWorker (SegmentedRaftLogWorker.java:startLogSegment(431)) - s0@group-742A07453557-SegmentedRaftLogWorker: Starting segment from index:0
2022-11-16 04:23:59,638 [HandlerDaemon-0] DEBUG server.RaftServer$Division (RaftServerImpl.java:logAppendEntries(1421)) - s1@group-742A07453557: receive appendEntries(s3, 1, null, 0, true, commits:[s3:c0, s4:c-1, s0:c-1, s1:c-1, s2:c-1], cId:36, entries: [(t:1, i:0), CONFIGURATIONENTRY(current:id: "s3"
address: "localhost:32935"
dataStreamAddress: "localhost:45325"
clientAddress: "localhost:45497"
adminAddress: "localhost:46155"
startupRole: FOLLOWER
,id: "s4"
address: "localhost:43443"
dataStreamAddress: "localhost:35973"
clientAddress: "localhost:42171"
adminAddress: "localhost:35771"
startupRole: FOLLOWER
,id: "s0"
address: "localhost:39127"
dataStreamAddress: "localhost:33597"
clientAddress: "localhost:40015"
adminAddress: "localhost:34665"
startupRole: FOLLOWER
,id: "s1"
address: "localhost:34777"
dataStreamAddress: "localhost:39499"
clientAddress: "localhost:46383"
adminAddress: "localhost:44841"
startupRole: FOLLOWER
,id: "s2"
address: "localhost:42831"
dataStreamAddress: "localhost:33613"
clientAddress: "localhost:36571"
adminAddress: "localhost:43735"
startupRole: FOLLOWER
, old:)]
2022-11-16 04:23:59,638 [HandlerDaemon-0] DEBUG server.RaftServer$Division (RaftServerImpl.java:logAppendEntries(1421)) - s4@group-742A07453557: receive appendEntries(s3, 1, null, 0, true, commits:[s3:c0, s4:c-1, s0:c-1, s1:c-1, s2:c-1], cId:35, entries: [(t:1, i:0), CONFIGURATIONENTRY(current:id: "s3"
address: "localhost:32935"
dataStreamAddress: "localhost:45325"
clientAddress: "localhost:45497"
adminAddress: "localhost:46155"
startupRole: FOLLOWER
,id: "s4"
address: "localhost:43443"
dataStreamAddress: "localhost:35973"
clientAddress: "localhost:42171"
adminAddress: "localhost:35771"
startupRole: FOLLOWER
,id: "s0"
address: "localhost:39127"
dataStreamAddress: "localhost:33597"
clientAddress: "localhost:40015"
adminAddress: "localhost:34665"
startupRole: FOLLOWER
,id: "s1"
address: "localhost:34777"
dataStreamAddress: "localhost:39499"
clientAddress: "localhost:46383"
adminAddress: "localhost:44841"
startupRole: FOLLOWER
,id: "s2"
address: "localhost:42831"
dataStreamAddress: "localhost:33613"
clientAddress: "localhost:36571"
adminAddress: "localhost:43735"
startupRole: FOLLOWER
, old:)]
2022-11-16 04:23:59,638 [HandlerDaemon-0] DEBUG server.RaftServer$Division (RaftServerImpl.java:logAppendEntries(1421)) - s2@group-742A07453557: receive appendEntries(s3, 1, null, 0, true, commits:[s3:c0, s4:c-1, s0:c-1, s1:c-1, s2:c-1], cId:37, entries: [(t:1, i:0), CONFIGURATIONENTRY(current:id: "s3"
address: "localhost:32935"
dataStreamAddress: "localhost:45325"
clientAddress: "localhost:45497"
adminAddress: "localhost:46155"
startupRole: FOLLOWER
,id: "s4"
address: "localhost:43443"
dataStreamAddress: "localhost:35973"
clientAddress: "localhost:42171"
adminAddress: "localhost:35771"
startupRole: FOLLOWER
,id: "s0"
address: "localhost:39127"
dataStreamAddress: "localhost:33597"
clientAddress: "localhost:40015"
adminAddress: "localhost:34665"
startupRole: FOLLOWER
,id: "s1"
address: "localhost:34777"
dataStreamAddress: "localhost:39499"
clientAddress: "localhost:46383"
adminAddress: "localhost:44841"
startupRole: FOLLOWER
,id: "s2"
address: "localhost:42831"
dataStreamAddress: "localhost:33613"
clientAddress: "localhost:36571"
adminAddress: "localhost:43735"
startupRole: FOLLOWER
, old:)]
2022-11-16 04:23:59,639 [HandlerDaemon-0] INFO  server.RaftServer$Division (ServerState.java:setRaftConf(377)) - s1@group-742A07453557: set configuration 0: peers:[s3|rpc:localhost:32935|admin:localhost:46155|client:localhost:45497|dataStream:localhost:45325|priority:0|startupRole:FOLLOWER, s4|rpc:localhost:43443|admin:localhost:35771|client:localhost:42171|dataStream:localhost:35973|priority:0|startupRole:FOLLOWER, s0|rpc:localhost:39127|admin:localhost:34665|client:localhost:40015|dataStream:localhost:33597|priority:0|startupRole:FOLLOWER, s1|rpc:localhost:34777|admin:localhost:44841|client:localhost:46383|dataStream:localhost:39499|priority:0|startupRole:FOLLOWER, s2|rpc:localhost:42831|admin:localhost:43735|client:localhost:36571|dataStream:localhost:33613|priority:0|startupRole:FOLLOWER]|listeners:[], old=null
2022-11-16 04:23:59,639 [HandlerDaemon-0] INFO  segmented.SegmentedRaftLogWorker (SegmentedRaftLogWorker.java:startLogSegment(431)) - s1@group-742A07453557-SegmentedRaftLogWorker: Starting segment from index:0
2022-11-16 04:23:59,639 [HandlerDaemon-0] INFO  server.RaftServer$Division (ServerState.java:setRaftConf(377)) - s4@group-742A07453557: set configuration 0: peers:[s3|rpc:localhost:32935|admin:localhost:46155|client:localhost:45497|dataStream:localhost:45325|priority:0|startupRole:FOLLOWER, s4|rpc:localhost:43443|admin:localhost:35771|client:localhost:42171|dataStream:localhost:35973|priority:0|startupRole:FOLLOWER, s0|rpc:localhost:39127|admin:localhost:34665|client:localhost:40015|dataStream:localhost:33597|priority:0|startupRole:FOLLOWER, s1|rpc:localhost:34777|admin:localhost:44841|client:localhost:46383|dataStream:localhost:39499|priority:0|startupRole:FOLLOWER, s2|rpc:localhost:42831|admin:localhost:43735|client:localhost:36571|dataStream:localhost:33613|priority:0|startupRole:FOLLOWER]|listeners:[], old=null
2022-11-16 04:23:59,639 [HandlerDaemon-0] INFO  segmented.SegmentedRaftLogWorker (SegmentedRaftLogWorker.java:startLogSegment(431)) - s4@group-742A07453557-SegmentedRaftLogWorker: Starting segment from index:0
2022-11-16 04:23:59,641 [HandlerDaemon-0] INFO  server.RaftServer$Division (ServerState.java:setRaftConf(377)) - s2@group-742A07453557: set configuration 0: peers:[s3|rpc:localhost:32935|admin:localhost:46155|client:localhost:45497|dataStream:localhost:45325|priority:0|startupRole:FOLLOWER, s4|rpc:localhost:43443|admin:localhost:35771|client:localhost:42171|dataStream:localhost:35973|priority:0|startupRole:FOLLOWER, s0|rpc:localhost:39127|admin:localhost:34665|client:localhost:40015|dataStream:localhost:33597|priority:0|startupRole:FOLLOWER, s1|rpc:localhost:34777|admin:localhost:44841|client:localhost:46383|dataStream:localhost:39499|priority:0|startupRole:FOLLOWER, s2|rpc:localhost:42831|admin:localhost:43735|client:localhost:36571|dataStream:localhost:33613|priority:0|startupRole:FOLLOWER]|listeners:[], old=null
2022-11-16 04:23:59,642 [HandlerDaemon-0] INFO  segmented.SegmentedRaftLogWorker (SegmentedRaftLogWorker.java:startLogSegment(431)) - s2@group-742A07453557-SegmentedRaftLogWorker: Starting segment from index:0
2022-11-16 04:23:59,660 [s0@group-742A07453557-SegmentedRaftLogWorker] INFO  segmented.SegmentedRaftLogWorker (SegmentedRaftLogWorker.java:execute(635)) - s0@group-742A07453557-SegmentedRaftLogWorker: created new log segment /home/runner/work/ratis/ratis/ratis-test/target/test/data/959ca2e3/MiniRaftClusterWithSimulatedRpcfa2c1080/s0/a05d1f5a-1365-4042-985a-742a07453557/current/log_inprogress_0
2022-11-16 04:23:59,670 [s1@group-742A07453557-SegmentedRaftLogWorker] INFO  segmented.SegmentedRaftLogWorker (SegmentedRaftLogWorker.java:execute(635)) - s1@group-742A07453557-SegmentedRaftLogWorker: created new log segment /home/runner/work/ratis/ratis/ratis-test/target/test/data/959ca2e3/MiniRaftClusterWithSimulatedRpcfa2c1080/s1/a05d1f5a-1365-4042-985a-742a07453557/current/log_inprogress_0
2022-11-16 04:23:59,670 [s4@group-742A07453557-SegmentedRaftLogWorker] INFO  segmented.SegmentedRaftLogWorker (SegmentedRaftLogWorker.java:execute(635)) - s4@group-742A07453557-SegmentedRaftLogWorker: created new log segment /home/runner/work/ratis/ratis/ratis-test/target/test/data/959ca2e3/MiniRaftClusterWithSimulatedRpcfa2c1080/s4/a05d1f5a-1365-4042-985a-742a07453557/current/log_inprogress_0
2022-11-16 04:23:59,670 [s2@group-742A07453557-SegmentedRaftLogWorker] INFO  segmented.SegmentedRaftLogWorker (SegmentedRaftLogWorker.java:execute(635)) - s2@group-742A07453557-SegmentedRaftLogWorker: created new log segment /home/runner/work/ratis/ratis/ratis-test/target/test/data/959ca2e3/MiniRaftClusterWithSimulatedRpcfa2c1080/s2/a05d1f5a-1365-4042-985a-742a07453557/current/log_inprogress_0
2022-11-16 04:23:59,671 [s4-server-thread1] DEBUG server.RaftServer$Division (RaftServerImpl.java:logAppendEntries(1421)) - s4@group-742A07453557: succeeded to handle AppendEntries. Reply: s3<-s4#35:OK-t1,SUCCESS,nextIndex=1,followerCommit=0,matchIndex=0
2022-11-16 04:23:59,672 [s0-server-thread1] DEBUG server.RaftServer$Division (RaftServerImpl.java:logAppendEntries(1421)) - s0@group-742A07453557: succeeded to handle AppendEntries. Reply: s3<-s0#32:OK-t1,SUCCESS,nextIndex=1,followerCommit=-1,matchIndex=0
2022-11-16 04:23:59,672 [s2-server-thread1] DEBUG server.RaftServer$Division (RaftServerImpl.java:logAppendEntries(1421)) - s2@group-742A07453557: succeeded to handle AppendEntries. Reply: s3<-s2#37:OK-t1,SUCCESS,nextIndex=1,followerCommit=0,matchIndex=0
2022-11-16 04:23:59,673 [s1-server-thread1] DEBUG server.RaftServer$Division (RaftServerImpl.java:logAppendEntries(1421)) - s1@group-742A07453557: succeeded to handle AppendEntries. Reply: s3<-s1#36:OK-t1,SUCCESS,nextIndex=1,followerCommit=0,matchIndex=0
2022-11-16 04:23:59,943 [Time-limited test] INFO  ratis.RaftTestUtil (RaftTestUtil.java:waitForLeader(119)) - printing ALL groups
  s3:  RUNNING    LEADER s3@group-742A07453557:t1, leader=s3, voted=s3, raftlog=Memoized:s3@group-742A07453557-SegmentedRaftLog:OPENED:c0, conf=0: peers:[s3|rpc:localhost:32935|admin:localhost:46155|client:localhost:45497|dataStream:localhost:45325|priority:0|startupRole:FOLLOWER, s4|rpc:localhost:43443|admin:localhost:35771|client:localhost:42171|dataStream:localhost:35973|priority:0|startupRole:FOLLOWER, s0|rpc:localhost:39127|admin:localhost:34665|client:localhost:40015|dataStream:localhost:33597|priority:0|startupRole:FOLLOWER, s1|rpc:localhost:34777|admin:localhost:44841|client:localhost:46383|dataStream:localhost:39499|priority:0|startupRole:FOLLOWER, s2|rpc:localhost:42831|admin:localhost:43735|client:localhost:36571|dataStream:localhost:33613|priority:0|startupRole:FOLLOWER]|listeners:[], old=null RUNNING
  s4:  RUNNING  FOLLOWER s4@group-742A07453557:t1, leader=s3, voted=s3, raftlog=Memoized:s4@group-742A07453557-SegmentedRaftLog:OPENED:c0, conf=0: peers:[s3|rpc:localhost:32935|admin:localhost:46155|client:localhost:45497|dataStream:localhost:45325|priority:0|startupRole:FOLLOWER, s4|rpc:localhost:43443|admin:localhost:35771|client:localhost:42171|dataStream:localhost:35973|priority:0|startupRole:FOLLOWER, s0|rpc:localhost:39127|admin:localhost:34665|client:localhost:40015|dataStream:localhost:33597|priority:0|startupRole:FOLLOWER, s1|rpc:localhost:34777|admin:localhost:44841|client:localhost:46383|dataStream:localhost:39499|priority:0|startupRole:FOLLOWER, s2|rpc:localhost:42831|admin:localhost:43735|client:localhost:36571|dataStream:localhost:33613|priority:0|startupRole:FOLLOWER]|listeners:[], old=null RUNNING
  s0:  RUNNING  FOLLOWER s0@group-742A07453557:t1, leader=s3, voted=s3, raftlog=Memoized:s0@group-742A07453557-SegmentedRaftLog:OPENED:c0, conf=0: peers:[s3|rpc:localhost:32935|admin:localhost:46155|client:localhost:45497|dataStream:localhost:45325|priority:0|startupRole:FOLLOWER, s4|rpc:localhost:43443|admin:localhost:35771|client:localhost:42171|dataStream:localhost:35973|priority:0|startupRole:FOLLOWER, s0|rpc:localhost:39127|admin:localhost:34665|client:localhost:40015|dataStream:localhost:33597|priority:0|startupRole:FOLLOWER, s1|rpc:localhost:34777|admin:localhost:44841|client:localhost:46383|dataStream:localhost:39499|priority:0|startupRole:FOLLOWER, s2|rpc:localhost:42831|admin:localhost:43735|client:localhost:36571|dataStream:localhost:33613|priority:0|startupRole:FOLLOWER]|listeners:[], old=null RUNNING
  s1:  RUNNING  FOLLOWER s1@group-742A07453557:t1, leader=s3, voted=s3, raftlog=Memoized:s1@group-742A07453557-SegmentedRaftLog:OPENED:c0, conf=0: peers:[s3|rpc:localhost:32935|admin:localhost:46155|client:localhost:45497|dataStream:localhost:45325|priority:0|startupRole:FOLLOWER, s4|rpc:localhost:43443|admin:localhost:35771|client:localhost:42171|dataStream:localhost:35973|priority:0|startupRole:FOLLOWER, s0|rpc:localhost:39127|admin:localhost:34665|client:localhost:40015|dataStream:localhost:33597|priority:0|startupRole:FOLLOWER, s1|rpc:localhost:34777|admin:localhost:44841|client:localhost:46383|dataStream:localhost:39499|priority:0|startupRole:FOLLOWER, s2|rpc:localhost:42831|admin:localhost:43735|client:localhost:36571|dataStream:localhost:33613|priority:0|startupRole:FOLLOWER]|listeners:[], old=null RUNNING
  s2:  RUNNING  FOLLOWER s2@group-742A07453557:t1, leader=s3, voted=s3, raftlog=Memoized:s2@group-742A07453557-SegmentedRaftLog:OPENED:c0, conf=0: peers:[s3|rpc:localhost:32935|admin:localhost:46155|client:localhost:45497|dataStream:localhost:45325|priority:0|startupRole:FOLLOWER, s4|rpc:localhost:43443|admin:localhost:35771|client:localhost:42171|dataStream:localhost:35973|priority:0|startupRole:FOLLOWER, s0|rpc:localhost:39127|admin:localhost:34665|client:localhost:40015|dataStream:localhost:33597|priority:0|startupRole:FOLLOWER, s1|rpc:localhost:34777|admin:localhost:44841|client:localhost:46383|dataStream:localhost:39499|priority:0|startupRole:FOLLOWER, s2|rpc:localhost:42831|admin:localhost:43735|client:localhost:36571|dataStream:localhost:33613|priority:0|startupRole:FOLLOWER]|listeners:[], old=null RUNNING
2022-11-16 04:23:59,943 [Time-limited test] INFO  simulation.TestLeaderElectionWithSimulatedRpc (LeaderElectionTests.java:testEnforceLeader(278)) - firstLeader = s3
2022-11-16 04:23:59,943 [Time-limited test] INFO  simulation.TestLeaderElectionWithSimulatedRpc (LeaderElectionTests.java:testEnforceLeader(283)) - enforce leader to s1
2022-11-16 04:23:59,944 [Time-limited test] INFO  simulation.TestLeaderElectionWithSimulatedRpc (LeaderElectionTests.java:enforceLeader(289)) - printing ALL groups
  s3:  RUNNING    LEADER s3@group-742A07453557:t1, leader=s3, voted=s3, raftlog=Memoized:s3@group-742A07453557-SegmentedRaftLog:OPENED:c0, conf=0: peers:[s3|rpc:localhost:32935|admin:localhost:46155|client:localhost:45497|dataStream:localhost:45325|priority:0|startupRole:FOLLOWER, s4|rpc:localhost:43443|admin:localhost:35771|client:localhost:42171|dataStream:localhost:35973|priority:0|startupRole:FOLLOWER, s0|rpc:localhost:39127|admin:localhost:34665|client:localhost:40015|dataStream:localhost:33597|priority:0|startupRole:FOLLOWER, s1|rpc:localhost:34777|admin:localhost:44841|client:localhost:46383|dataStream:localhost:39499|priority:0|startupRole:FOLLOWER, s2|rpc:localhost:42831|admin:localhost:43735|client:localhost:36571|dataStream:localhost:33613|priority:0|startupRole:FOLLOWER]|listeners:[], old=null RUNNING
  s4:  RUNNING  FOLLOWER s4@group-742A07453557:t1, leader=s3, voted=s3, raftlog=Memoized:s4@group-742A07453557-SegmentedRaftLog:OPENED:c0, conf=0: peers:[s3|rpc:localhost:32935|admin:localhost:46155|client:localhost:45497|dataStream:localhost:45325|priority:0|startupRole:FOLLOWER, s4|rpc:localhost:43443|admin:localhost:35771|client:localhost:42171|dataStream:localhost:35973|priority:0|startupRole:FOLLOWER, s0|rpc:localhost:39127|admin:localhost:34665|client:localhost:40015|dataStream:localhost:33597|priority:0|startupRole:FOLLOWER, s1|rpc:localhost:34777|admin:localhost:44841|client:localhost:46383|dataStream:localhost:39499|priority:0|startupRole:FOLLOWER, s2|rpc:localhost:42831|admin:localhost:43735|client:localhost:36571|dataStream:localhost:33613|priority:0|startupRole:FOLLOWER]|listeners:[], old=null RUNNING
  s0:  RUNNING  FOLLOWER s0@group-742A07453557:t1, leader=s3, voted=s3, raftlog=Memoized:s0@group-742A07453557-SegmentedRaftLog:OPENED:c0, conf=0: peers:[s3|rpc:localhost:32935|admin:localhost:46155|client:localhost:45497|dataStream:localhost:45325|priority:0|startupRole:FOLLOWER, s4|rpc:localhost:43443|admin:localhost:35771|client:localhost:42171|dataStream:localhost:35973|priority:0|startupRole:FOLLOWER, s0|rpc:localhost:39127|admin:localhost:34665|client:localhost:40015|dataStream:localhost:33597|priority:0|startupRole:FOLLOWER, s1|rpc:localhost:34777|admin:localhost:44841|client:localhost:46383|dataStream:localhost:39499|priority:0|startupRole:FOLLOWER, s2|rpc:localhost:42831|admin:localhost:43735|client:localhost:36571|dataStream:localhost:33613|priority:0|startupRole:FOLLOWER]|listeners:[], old=null RUNNING
  s1:  RUNNING  FOLLOWER s1@group-742A07453557:t1, leader=s3, voted=s3, raftlog=Memoized:s1@group-742A07453557-SegmentedRaftLog:OPENED:c0, conf=0: peers:[s3|rpc:localhost:32935|admin:localhost:46155|client:localhost:45497|dataStream:localhost:45325|priority:0|startupRole:FOLLOWER, s4|rpc:localhost:43443|admin:localhost:35771|client:localhost:42171|dataStream:localhost:35973|priority:0|startupRole:FOLLOWER, s0|rpc:localhost:39127|admin:localhost:34665|client:localhost:40015|dataStream:localhost:33597|priority:0|startupRole:FOLLOWER, s1|rpc:localhost:34777|admin:localhost:44841|client:localhost:46383|dataStream:localhost:39499|priority:0|startupRole:FOLLOWER, s2|rpc:localhost:42831|admin:localhost:43735|client:localhost:36571|dataStream:localhost:33613|priority:0|startupRole:FOLLOWER]|listeners:[], old=null RUNNING
  s2:  RUNNING  FOLLOWER s2@group-742A07453557:t1, leader=s3, voted=s3, raftlog=Memoized:s2@group-742A07453557-SegmentedRaftLog:OPENED:c0, conf=0: peers:[s3|rpc:localhost:32935|admin:localhost:46155|client:localhost:45497|dataStream:localhost:45325|priority:0|startupRole:FOLLOWER, s4|rpc:localhost:43443|admin:localhost:35771|client:localhost:42171|dataStream:localhost:35973|priority:0|startupRole:FOLLOWER, s0|rpc:localhost:39127|admin:localhost:34665|client:localhost:40015|dataStream:localhost:33597|priority:0|startupRole:FOLLOWER, s1|rpc:localhost:34777|admin:localhost:44841|client:localhost:46383|dataStream:localhost:39499|priority:0|startupRole:FOLLOWER, s2|rpc:localhost:42831|admin:localhost:43735|client:localhost:36571|dataStream:localhost:33613|priority:0|startupRole:FOLLOWER]|listeners:[], old=null RUNNING
2022-11-16 04:23:59,947 [Time-limited test] INFO  server.RaftServerConfigKeys (ConfUtils.java:logGet(46)) - raft.server.rpc.timeout.max = 300ms (default)
2022-11-16 04:24:00,277 [s1@group-742A07453557-FollowerState] INFO  impl.FollowerState (FollowerState.java:run(143)) - s1@group-742A07453557-FollowerState: change to CANDIDATE, lastRpcElapsedTime:373726448ns, electionTimeout:216ms
2022-11-16 04:24:00,277 [s1@group-742A07453557-FollowerState] INFO  impl.RoleInfo (RoleInfo.java:shutdownFollowerState(110)) - s1: shutdown s1@group-742A07453557-FollowerState
2022-11-16 04:24:00,277 [s1@group-742A07453557-FollowerState] INFO  server.RaftServer$Division (RaftServerImpl.java:setRole(325)) - s1@group-742A07453557: changes role from  FOLLOWER to CANDIDATE at term 1 for changeToCandidate
2022-11-16 04:24:00,277 [s1@group-742A07453557-FollowerState] INFO  server.RaftServerConfigKeys (ConfUtils.java:logGet(46)) - raft.server.leaderelection.pre-vote = true (default)
2022-11-16 04:24:00,278 [s1@group-742A07453557-FollowerState] INFO  impl.RoleInfo (RoleInfo.java:updateAndGet(139)) - s1: start s1@group-742A07453557-LeaderElection4
2022-11-16 04:24:00,279 [s1@group-742A07453557-LeaderElection4] INFO  server.RaftServer$Division (ServerState.java:setLeader(260)) - s1@group-742A07453557: change Leader from s3 to null at term 1 for PRE_VOTE
2022-11-16 04:24:00,280 [s1@group-742A07453557-LeaderElection4] INFO  impl.LeaderElection (LeaderElection.java:askForVotes(309)) - s1@group-742A07453557-LeaderElection4 PRE_VOTE round 0: submit vote requests at term 1 for 0: peers:[s3|rpc:localhost:32935|admin:localhost:46155|client:localhost:45497|dataStream:localhost:45325|priority:0|startupRole:FOLLOWER, s4|rpc:localhost:43443|admin:localhost:35771|client:localhost:42171|dataStream:localhost:35973|priority:0|startupRole:FOLLOWER, s0|rpc:localhost:39127|admin:localhost:34665|client:localhost:40015|dataStream:localhost:33597|priority:0|startupRole:FOLLOWER, s1|rpc:localhost:34777|admin:localhost:44841|client:localhost:46383|dataStream:localhost:39499|priority:0|startupRole:FOLLOWER, s2|rpc:localhost:42831|admin:localhost:43735|client:localhost:36571|dataStream:localhost:33613|priority:0|startupRole:FOLLOWER]|listeners:[], old=null
2022-11-16 04:24:00,398 [Time-limited test] INFO  server.RaftServerConfigKeys (ConfUtils.java:logGet(46)) - raft.server.rpc.timeout.max = 300ms (default)
2022-11-16 04:24:00,431 [HandlerDaemon-0] INFO  server.RaftServer$Division (RaftServerImpl.java:requestVote(1294)) - s3@group-742A07453557: receive requestVote(PRE_VOTE, s1, group-742A07453557, 1, (t:1, i:0))
2022-11-16 04:24:00,431 [HandlerDaemon-0] INFO  server.RaftServer$Division (RaftServerImpl.java:requestVote(1294)) - s4@group-742A07453557: receive requestVote(PRE_VOTE, s1, group-742A07453557, 1, (t:1, i:0))
2022-11-16 04:24:00,432 [HandlerDaemon-0] INFO  impl.VoteContext (VoteContext.java:log(49)) - s3@group-742A07453557-LEADER: reject PRE_VOTE from s1: this server is the leader and still has leadership
2022-11-16 04:24:00,432 [HandlerDaemon-0] INFO  impl.VoteContext (VoteContext.java:log(49)) - s4@group-742A07453557-FOLLOWER: reject PRE_VOTE from s1: this server is a follower and still has a valid leader s3
2022-11-16 04:24:00,432 [HandlerDaemon-0] INFO  server.RaftServer$Division (RaftServerImpl.java:requestVote(1294)) - s2@group-742A07453557: receive requestVote(PRE_VOTE, s1, group-742A07453557, 1, (t:1, i:0))
2022-11-16 04:24:00,432 [HandlerDaemon-0] INFO  server.RaftServer$Division (RaftServerImpl.java:requestVote(1327)) - s4@group-742A07453557 replies to PRE_VOTE vote request: s1<-s4#0:FAIL-t1. Peer's state: s4@group-742A07453557:t1, leader=s3, voted=s3, raftlog=Memoized:s4@group-742A07453557-SegmentedRaftLog:OPENED:c0, conf=0: peers:[s3|rpc:localhost:32935|admin:localhost:46155|client:localhost:45497|dataStream:localhost:45325|priority:0|startupRole:FOLLOWER, s4|rpc:localhost:43443|admin:localhost:35771|client:localhost:42171|dataStream:localhost:35973|priority:0|startupRole:FOLLOWER, s0|rpc:localhost:39127|admin:localhost:34665|client:localhost:40015|dataStream:localhost:33597|priority:0|startupRole:FOLLOWER, s1|rpc:localhost:34777|admin:localhost:44841|client:localhost:46383|dataStream:localhost:39499|priority:0|startupRole:FOLLOWER, s2|rpc:localhost:42831|admin:localhost:43735|client:localhost:36571|dataStream:localhost:33613|priority:0|startupRole:FOLLOWER]|listeners:[], old=null
2022-11-16 04:24:00,432 [HandlerDaemon-0] INFO  server.RaftServer$Division (RaftServerImpl.java:requestVote(1294)) - s0@group-742A07453557: receive requestVote(PRE_VOTE, s1, group-742A07453557, 1, (t:1, i:0))
2022-11-16 04:24:00,433 [HandlerDaemon-0] INFO  impl.VoteContext (VoteContext.java:log(49)) - s0@group-742A07453557-FOLLOWER: reject PRE_VOTE from s1: this server is a follower and still has a valid leader s3
2022-11-16 04:24:00,433 [HandlerDaemon-0] INFO  server.RaftServer$Division (RaftServerImpl.java:requestVote(1327)) - s0@group-742A07453557 replies to PRE_VOTE vote request: s1<-s0#0:FAIL-t1. Peer's state: s0@group-742A07453557:t1, leader=s3, voted=s3, raftlog=Memoized:s0@group-742A07453557-SegmentedRaftLog:OPENED:c0, conf=0: peers:[s3|rpc:localhost:32935|admin:localhost:46155|client:localhost:45497|dataStream:localhost:45325|priority:0|startupRole:FOLLOWER, s4|rpc:localhost:43443|admin:localhost:35771|client:localhost:42171|dataStream:localhost:35973|priority:0|startupRole:FOLLOWER, s0|rpc:localhost:39127|admin:localhost:34665|client:localhost:40015|dataStream:localhost:33597|priority:0|startupRole:FOLLOWER, s1|rpc:localhost:34777|admin:localhost:44841|client:localhost:46383|dataStream:localhost:39499|priority:0|startupRole:FOLLOWER, s2|rpc:localhost:42831|admin:localhost:43735|client:localhost:36571|dataStream:localhost:33613|priority:0|startupRole:FOLLOWER]|listeners:[], old=null
2022-11-16 04:24:00,432 [HandlerDaemon-0] INFO  server.RaftServer$Division (RaftServerImpl.java:requestVote(1327)) - s3@group-742A07453557 replies to PRE_VOTE vote request: s1<-s3#0:FAIL-t1. Peer's state: s3@group-742A07453557:t1, leader=s3, voted=s3, raftlog=Memoized:s3@group-742A07453557-SegmentedRaftLog:OPENED:c0, conf=0: peers:[s3|rpc:localhost:32935|admin:localhost:46155|client:localhost:45497|dataStream:localhost:45325|priority:0|startupRole:FOLLOWER, s4|rpc:localhost:43443|admin:localhost:35771|client:localhost:42171|dataStream:localhost:35973|priority:0|startupRole:FOLLOWER, s0|rpc:localhost:39127|admin:localhost:34665|client:localhost:40015|dataStream:localhost:33597|priority:0|startupRole:FOLLOWER, s1|rpc:localhost:34777|admin:localhost:44841|client:localhost:46383|dataStream:localhost:39499|priority:0|startupRole:FOLLOWER, s2|rpc:localhost:42831|admin:localhost:43735|client:localhost:36571|dataStream:localhost:33613|priority:0|startupRole:FOLLOWER]|listeners:[], old=null
2022-11-16 04:24:00,432 [HandlerDaemon-0] INFO  impl.VoteContext (VoteContext.java:log(49)) - s2@group-742A07453557-FOLLOWER: reject PRE_VOTE from s1: this server is a follower and still has a valid leader s3
2022-11-16 04:24:00,433 [HandlerDaemon-0] INFO  server.RaftServer$Division (RaftServerImpl.java:requestVote(1327)) - s2@group-742A07453557 replies to PRE_VOTE vote request: s1<-s2#0:FAIL-t1. Peer's state: s2@group-742A07453557:t1, leader=s3, voted=s3, raftlog=Memoized:s2@group-742A07453557-SegmentedRaftLog:OPENED:c0, conf=0: peers:[s3|rpc:localhost:32935|admin:localhost:46155|client:localhost:45497|dataStream:localhost:45325|priority:0|startupRole:FOLLOWER, s4|rpc:localhost:43443|admin:localhost:35771|client:localhost:42171|dataStream:localhost:35973|priority:0|startupRole:FOLLOWER, s0|rpc:localhost:39127|admin:localhost:34665|client:localhost:40015|dataStream:localhost:33597|priority:0|startupRole:FOLLOWER, s1|rpc:localhost:34777|admin:localhost:44841|client:localhost:46383|dataStream:localhost:39499|priority:0|startupRole:FOLLOWER, s2|rpc:localhost:42831|admin:localhost:43735|client:localhost:36571|dataStream:localhost:33613|priority:0|startupRole:FOLLOWER]|listeners:[], old=null
2022-11-16 04:24:00,440 [s1@group-742A07453557-LeaderElection4] INFO  impl.LeaderElection (LeaderElection.java:logAndReturn(89)) - s1@group-742A07453557-LeaderElection4: PRE_VOTE REJECTED received 3 response(s) and 0 exception(s):
2022-11-16 04:24:00,440 [s1@group-742A07453557-LeaderElection4] INFO  impl.LeaderElection (LeaderElection.java:logAndReturn(93)) -   Response 0: s1<-s3#0:FAIL-t1
2022-11-16 04:24:00,440 [s1@group-742A07453557-LeaderElection4] INFO  impl.LeaderElection (LeaderElection.java:logAndReturn(93)) -   Response 1: s1<-s4#0:FAIL-t1
2022-11-16 04:24:00,440 [s1@group-742A07453557-LeaderElection4] INFO  impl.LeaderElection (LeaderElection.java:logAndReturn(93)) -   Response 2: s1<-s0#0:FAIL-t1
2022-11-16 04:24:00,440 [s1@group-742A07453557-LeaderElection4] INFO  impl.LeaderElection (LeaderElection.java:askForVotes(311)) - s1@group-742A07453557-LeaderElection4 PRE_VOTE round 0: result REJECTED
2022-11-16 04:24:00,441 [s1@group-742A07453557-LeaderElection4] INFO  server.RaftServer$Division (RaftServerImpl.java:setRole(325)) - s1@group-742A07453557: changes role from CANDIDATE to FOLLOWER at term 1 for REJECTED
2022-11-16 04:24:00,441 [s1@group-742A07453557-LeaderElection4] INFO  impl.RoleInfo (RoleInfo.java:shutdownLeaderElection(130)) - s1: shutdown s1@group-742A07453557-LeaderElection4
2022-11-16 04:24:00,441 [s1@group-742A07453557-LeaderElection4] INFO  impl.RoleInfo (RoleInfo.java:updateAndGet(139)) - s1: start s1@group-742A07453557-FollowerState
2022-11-16 04:24:00,580 [HandlerDaemon-1] INFO  server.RaftServer$Division (ServerState.java:setLeader(260)) - s1@group-742A07453557: change Leader from null to s3 at term 1 for appendEntries, leader elected after 300ms
2022-11-16 04:24:00,848 [Time-limited test] INFO  simulation.TestLeaderElectionWithSimulatedRpc (LeaderElectionTests.java:enforceLeader(292)) - try enforcing leader to s1 but new leader is s3
2022-11-16 04:24:00,848 [Time-limited test] INFO  server.RaftServerConfigKeys (ConfUtils.java:logGet(46)) - raft.server.rpc.timeout.max = 300ms (default)
2022-11-16 04:24:01,032 [s1@group-742A07453557-FollowerState] INFO  impl.FollowerState (FollowerState.java:run(143)) - s1@group-742A07453557-FollowerState: change to CANDIDATE, lastRpcElapsedTime:223308658ns, electionTimeout:212ms
2022-11-16 04:24:01,033 [s1@group-742A07453557-FollowerState] INFO  impl.RoleInfo (RoleInfo.java:shutdownFollowerState(110)) - s1: shutdown s1@group-742A07453557-FollowerState
2022-11-16 04:24:01,033 [s1@group-742A07453557-FollowerState] INFO  server.RaftServer$Division (RaftServerImpl.java:setRole(325)) - s1@group-742A07453557: changes role from  FOLLOWER to CANDIDATE at term 1 for changeToCandidate
2022-11-16 04:24:01,033 [s1@group-742A07453557-FollowerState] INFO  server.RaftServerConfigKeys (ConfUtils.java:logGet(46)) - raft.server.leaderelection.pre-vote = true (default)
2022-11-16 04:24:01,033 [s1@group-742A07453557-FollowerState] INFO  impl.RoleInfo (RoleInfo.java:updateAndGet(139)) - s1: start s1@group-742A07453557-LeaderElection5
2022-11-16 04:24:01,034 [s1@group-742A07453557-LeaderElection5] INFO  server.RaftServer$Division (ServerState.java:setLeader(260)) - s1@group-742A07453557: change Leader from s3 to null at term 1 for PRE_VOTE
2022-11-16 04:24:01,034 [s1@group-742A07453557-LeaderElection5] INFO  impl.LeaderElection (LeaderElection.java:askForVotes(309)) - s1@group-742A07453557-LeaderElection5 PRE_VOTE round 0: submit vote requests at term 1 for 0: peers:[s3|rpc:localhost:32935|admin:localhost:46155|client:localhost:45497|dataStream:localhost:45325|priority:0|startupRole:FOLLOWER, s4|rpc:localhost:43443|admin:localhost:35771|client:localhost:42171|dataStream:localhost:35973|priority:0|startupRole:FOLLOWER, s0|rpc:localhost:39127|admin:localhost:34665|client:localhost:40015|dataStream:localhost:33597|priority:0|startupRole:FOLLOWER, s1|rpc:localhost:34777|admin:localhost:44841|client:localhost:46383|dataStream:localhost:39499|priority:0|startupRole:FOLLOWER, s2|rpc:localhost:42831|admin:localhost:43735|client:localhost:36571|dataStream:localhost:33613|priority:0|startupRole:FOLLOWER]|listeners:[], old=null
2022-11-16 04:24:01,185 [HandlerDaemon-1] INFO  server.RaftServer$Division (RaftServerImpl.java:requestVote(1294)) - s3@group-742A07453557: receive requestVote(PRE_VOTE, s1, group-742A07453557, 1, (t:1, i:0))
2022-11-16 04:24:01,185 [HandlerDaemon-2] INFO  server.RaftServer$Division (RaftServerImpl.java:requestVote(1294)) - s0@group-742A07453557: receive requestVote(PRE_VOTE, s1, group-742A07453557, 1, (t:1, i:0))
2022-11-16 04:24:01,186 [HandlerDaemon-1] INFO  impl.VoteContext (VoteContext.java:log(49)) - s3@group-742A07453557-LEADER: reject PRE_VOTE from s1: this server is the leader and still has leadership
2022-11-16 04:24:01,186 [HandlerDaemon-2] INFO  server.RaftServer$Division (RaftServerImpl.java:requestVote(1294)) - s2@group-742A07453557: receive requestVote(PRE_VOTE, s1, group-742A07453557, 1, (t:1, i:0))
2022-11-16 04:24:01,186 [HandlerDaemon-1] INFO  server.RaftServer$Division (RaftServerImpl.java:requestVote(1327)) - s3@group-742A07453557 replies to PRE_VOTE vote request: s1<-s3#0:FAIL-t1. Peer's state: s3@group-742A07453557:t1, leader=s3, voted=s3, raftlog=Memoized:s3@group-742A07453557-SegmentedRaftLog:OPENED:c0, conf=0: peers:[s3|rpc:localhost:32935|admin:localhost:46155|client:localhost:45497|dataStream:localhost:45325|priority:0|startupRole:FOLLOWER, s4|rpc:localhost:43443|admin:localhost:35771|client:localhost:42171|dataStream:localhost:35973|priority:0|startupRole:FOLLOWER, s0|rpc:localhost:39127|admin:localhost:34665|client:localhost:40015|dataStream:localhost:33597|priority:0|startupRole:FOLLOWER, s1|rpc:localhost:34777|admin:localhost:44841|client:localhost:46383|dataStream:localhost:39499|priority:0|startupRole:FOLLOWER, s2|rpc:localhost:42831|admin:localhost:43735|client:localhost:36571|dataStream:localhost:33613|priority:0|startupRole:FOLLOWER]|listeners:[], old=null
2022-11-16 04:24:01,185 [HandlerDaemon-2] INFO  server.RaftServer$Division (RaftServerImpl.java:requestVote(1294)) - s4@group-742A07453557: receive requestVote(PRE_VOTE, s1, group-742A07453557, 1, (t:1, i:0))
2022-11-16 04:24:01,186 [HandlerDaemon-2] INFO  impl.VoteContext (VoteContext.java:log(49)) - s4@group-742A07453557-FOLLOWER: reject PRE_VOTE from s1: this server is a follower and still has a valid leader s3
2022-11-16 04:24:01,186 [HandlerDaemon-2] INFO  server.RaftServer$Division (RaftServerImpl.java:requestVote(1327)) - s4@group-742A07453557 replies to PRE_VOTE vote request: s1<-s4#0:FAIL-t1. Peer's state: s4@group-742A07453557:t1, leader=s3, voted=s3, raftlog=Memoized:s4@group-742A07453557-SegmentedRaftLog:OPENED:c0, conf=0: peers:[s3|rpc:localhost:32935|admin:localhost:46155|client:localhost:45497|dataStream:localhost:45325|priority:0|startupRole:FOLLOWER, s4|rpc:localhost:43443|admin:localhost:35771|client:localhost:42171|dataStream:localhost:35973|priority:0|startupRole:FOLLOWER, s0|rpc:localhost:39127|admin:localhost:34665|client:localhost:40015|dataStream:localhost:33597|priority:0|startupRole:FOLLOWER, s1|rpc:localhost:34777|admin:localhost:44841|client:localhost:46383|dataStream:localhost:39499|priority:0|startupRole:FOLLOWER, s2|rpc:localhost:42831|admin:localhost:43735|client:localhost:36571|dataStream:localhost:33613|priority:0|startupRole:FOLLOWER]|listeners:[], old=null
2022-11-16 04:24:01,186 [HandlerDaemon-2] INFO  impl.VoteContext (VoteContext.java:log(49)) - s2@group-742A07453557-FOLLOWER: reject PRE_VOTE from s1: this server is a follower and still has a valid leader s3
2022-11-16 04:24:01,186 [HandlerDaemon-2] INFO  server.RaftServer$Division (RaftServerImpl.java:requestVote(1327)) - s2@group-742A07453557 replies to PRE_VOTE vote request: s1<-s2#0:FAIL-t1. Peer's state: s2@group-742A07453557:t1, leader=s3, voted=s3, raftlog=Memoized:s2@group-742A07453557-SegmentedRaftLog:OPENED:c0, conf=0: peers:[s3|rpc:localhost:32935|admin:localhost:46155|client:localhost:45497|dataStream:localhost:45325|priority:0|startupRole:FOLLOWER, s4|rpc:localhost:43443|admin:localhost:35771|client:localhost:42171|dataStream:localhost:35973|priority:0|startupRole:FOLLOWER, s0|rpc:localhost:39127|admin:localhost:34665|client:localhost:40015|dataStream:localhost:33597|priority:0|startupRole:FOLLOWER, s1|rpc:localhost:34777|admin:localhost:44841|client:localhost:46383|dataStream:localhost:39499|priority:0|startupRole:FOLLOWER, s2|rpc:localhost:42831|admin:localhost:43735|client:localhost:36571|dataStream:localhost:33613|priority:0|startupRole:FOLLOWER]|listeners:[], old=null
2022-11-16 04:24:01,186 [HandlerDaemon-2] INFO  impl.VoteContext (VoteContext.java:log(49)) - s0@group-742A07453557-FOLLOWER: reject PRE_VOTE from s1: this server is a follower and still has a valid leader s3
2022-11-16 04:24:01,187 [HandlerDaemon-2] INFO  server.RaftServer$Division (RaftServerImpl.java:requestVote(1327)) - s0@group-742A07453557 replies to PRE_VOTE vote request: s1<-s0#0:FAIL-t1. Peer's state: s0@group-742A07453557:t1, leader=s3, voted=s3, raftlog=Memoized:s0@group-742A07453557-SegmentedRaftLog:OPENED:c0, conf=0: peers:[s3|rpc:localhost:32935|admin:localhost:46155|client:localhost:45497|dataStream:localhost:45325|priority:0|startupRole:FOLLOWER, s4|rpc:localhost:43443|admin:localhost:35771|client:localhost:42171|dataStream:localhost:35973|priority:0|startupRole:FOLLOWER, s0|rpc:localhost:39127|admin:localhost:34665|client:localhost:40015|dataStream:localhost:33597|priority:0|startupRole:FOLLOWER, s1|rpc:localhost:34777|admin:localhost:44841|client:localhost:46383|dataStream:localhost:39499|priority:0|startupRole:FOLLOWER, s2|rpc:localhost:42831|admin:localhost:43735|client:localhost:36571|dataStream:localhost:33613|priority:0|startupRole:FOLLOWER]|listeners:[], old=null
2022-11-16 04:24:01,187 [s1@group-742A07453557-LeaderElection5] INFO  impl.LeaderElection (LeaderElection.java:logAndReturn(89)) - s1@group-742A07453557-LeaderElection5: PRE_VOTE REJECTED received 3 response(s) and 0 exception(s):
2022-11-16 04:24:01,187 [s1@group-742A07453557-LeaderElection5] INFO  impl.LeaderElection (LeaderElection.java:logAndReturn(93)) -   Response 0: s1<-s4#0:FAIL-t1
2022-11-16 04:24:01,187 [s1@group-742A07453557-LeaderElection5] INFO  impl.LeaderElection (LeaderElection.java:logAndReturn(93)) -   Response 1: s1<-s0#0:FAIL-t1
2022-11-16 04:24:01,187 [s1@group-742A07453557-LeaderElection5] INFO  impl.LeaderElection (LeaderElection.java:logAndReturn(93)) -   Response 2: s1<-s2#0:FAIL-t1
2022-11-16 04:24:01,187 [s1@group-742A07453557-LeaderElection5] INFO  impl.LeaderElection (LeaderElection.java:askForVotes(311)) - s1@group-742A07453557-LeaderElection5 PRE_VOTE round 0: result REJECTED
2022-11-16 04:24:01,187 [s1@group-742A07453557-LeaderElection5] INFO  server.RaftServer$Division (RaftServerImpl.java:setRole(325)) - s1@group-742A07453557: changes role from CANDIDATE to FOLLOWER at term 1 for REJECTED
2022-11-16 04:24:01,187 [s1@group-742A07453557-LeaderElection5] INFO  impl.RoleInfo (RoleInfo.java:shutdownLeaderElection(130)) - s1: shutdown s1@group-742A07453557-LeaderElection5
2022-11-16 04:24:01,188 [s1@group-742A07453557-LeaderElection5] INFO  impl.RoleInfo (RoleInfo.java:updateAndGet(139)) - s1: start s1@group-742A07453557-FollowerState
2022-11-16 04:24:01,299 [Time-limited test] INFO  server.RaftServerConfigKeys (ConfUtils.java:logGet(46)) - raft.server.rpc.timeout.max = 300ms (default)
2022-11-16 04:24:01,375 [s1@group-742A07453557-FollowerState] INFO  impl.FollowerState (FollowerState.java:run(143)) - s1@group-742A07453557-FollowerState: change to CANDIDATE, lastRpcElapsedTime:187251728ns, electionTimeout:185ms
2022-11-16 04:24:01,375 [s1@group-742A07453557-FollowerState] INFO  impl.RoleInfo (RoleInfo.java:shutdownFollowerState(110)) - s1: shutdown s1@group-742A07453557-FollowerState
2022-11-16 04:24:01,375 [s1@group-742A07453557-FollowerState] INFO  server.RaftServer$Division (RaftServerImpl.java:setRole(325)) - s1@group-742A07453557: changes role from  FOLLOWER to CANDIDATE at term 1 for changeToCandidate
2022-11-16 04:24:01,375 [s1@group-742A07453557-FollowerState] INFO  server.RaftServerConfigKeys (ConfUtils.java:logGet(46)) - raft.server.leaderelection.pre-vote = true (default)
2022-11-16 04:24:01,376 [s1@group-742A07453557-FollowerState] INFO  impl.RoleInfo (RoleInfo.java:updateAndGet(139)) - s1: start s1@group-742A07453557-LeaderElection6
2022-11-16 04:24:01,376 [s1@group-742A07453557-LeaderElection6] INFO  impl.LeaderElection (LeaderElection.java:askForVotes(309)) - s1@group-742A07453557-LeaderElection6 PRE_VOTE round 0: submit vote requests at term 1 for 0: peers:[s3|rpc:localhost:32935|admin:localhost:46155|client:localhost:45497|dataStream:localhost:45325|priority:0|startupRole:FOLLOWER, s4|rpc:localhost:43443|admin:localhost:35771|client:localhost:42171|dataStream:localhost:35973|priority:0|startupRole:FOLLOWER, s0|rpc:localhost:39127|admin:localhost:34665|client:localhost:40015|dataStream:localhost:33597|priority:0|startupRole:FOLLOWER, s1|rpc:localhost:34777|admin:localhost:44841|client:localhost:46383|dataStream:localhost:39499|priority:0|startupRole:FOLLOWER, s2|rpc:localhost:42831|admin:localhost:43735|client:localhost:36571|dataStream:localhost:33613|priority:0|startupRole:FOLLOWER]|listeners:[], old=null
2022-11-16 04:24:01,377 [HandlerDaemon-2] INFO  server.RaftServer$Division (RaftServerImpl.java:requestVote(1294)) - s3@group-742A07453557: receive requestVote(PRE_VOTE, s1, group-742A07453557, 1, (t:1, i:0))
2022-11-16 04:24:01,377 [HandlerDaemon-2] INFO  impl.VoteContext (VoteContext.java:log(49)) - s3@group-742A07453557-LEADER: reject PRE_VOTE from s1: this server is the leader and still has leadership
2022-11-16 04:24:01,377 [HandlerDaemon-2] INFO  server.RaftServer$Division (RaftServerImpl.java:requestVote(1294)) - s4@group-742A07453557: receive requestVote(PRE_VOTE, s1, group-742A07453557, 1, (t:1, i:0))
2022-11-16 04:24:01,378 [HandlerDaemon-2] INFO  server.RaftServer$Division (RaftServerImpl.java:requestVote(1327)) - s3@group-742A07453557 replies to PRE_VOTE vote request: s1<-s3#0:FAIL-t1. Peer's state: s3@group-742A07453557:t1, leader=s3, voted=s3, raftlog=Memoized:s3@group-742A07453557-SegmentedRaftLog:OPENED:c0, conf=0: peers:[s3|rpc:localhost:32935|admin:localhost:46155|client:localhost:45497|dataStream:localhost:45325|priority:0|startupRole:FOLLOWER, s4|rpc:localhost:43443|admin:localhost:35771|client:localhost:42171|dataStream:localhost:35973|priority:0|startupRole:FOLLOWER, s0|rpc:localhost:39127|admin:localhost:34665|client:localhost:40015|dataStream:localhost:33597|priority:0|startupRole:FOLLOWER, s1|rpc:localhost:34777|admin:localhost:44841|client:localhost:46383|dataStream:localhost:39499|priority:0|startupRole:FOLLOWER, s2|rpc:localhost:42831|admin:localhost:43735|client:localhost:36571|dataStream:localhost:33613|priority:0|startupRole:FOLLOWER]|listeners:[], old=null
2022-11-16 04:24:01,378 [HandlerDaemon-2] INFO  impl.VoteContext (VoteContext.java:log(49)) - s4@group-742A07453557-FOLLOWER: reject PRE_VOTE from s1: this server is a follower and still has a valid leader s3
2022-11-16 04:24:01,378 [HandlerDaemon-2] INFO  server.RaftServer$Division (RaftServerImpl.java:requestVote(1327)) - s4@group-742A07453557 replies to PRE_VOTE vote request: s1<-s4#0:FAIL-t1. Peer's state: s4@group-742A07453557:t1, leader=s3, voted=s3, raftlog=Memoized:s4@group-742A07453557-SegmentedRaftLog:OPENED:c0, conf=0: peers:[s3|rpc:localhost:32935|admin:localhost:46155|client:localhost:45497|dataStream:localhost:45325|priority:0|startupRole:FOLLOWER, s4|rpc:localhost:43443|admin:localhost:35771|client:localhost:42171|dataStream:localhost:35973|priority:0|startupRole:FOLLOWER, s0|rpc:localhost:39127|admin:localhost:34665|client:localhost:40015|dataStream:localhost:33597|priority:0|startupRole:FOLLOWER, s1|rpc:localhost:34777|admin:localhost:44841|client:localhost:46383|dataStream:localhost:39499|priority:0|startupRole:FOLLOWER, s2|rpc:localhost:42831|admin:localhost:43735|client:localhost:36571|dataStream:localhost:33613|priority:0|startupRole:FOLLOWER]|listeners:[], old=null
2022-11-16 04:24:01,378 [HandlerDaemon-2] INFO  server.RaftServer$Division (RaftServerImpl.java:requestVote(1294)) - s0@group-742A07453557: receive requestVote(PRE_VOTE, s1, group-742A07453557, 1, (t:1, i:0))
2022-11-16 04:24:01,378 [HandlerDaemon-2] INFO  impl.VoteContext (VoteContext.java:log(49)) - s0@group-742A07453557-FOLLOWER: reject PRE_VOTE from s1: this server is a follower and still has a valid leader s3
2022-11-16 04:24:01,379 [HandlerDaemon-2] INFO  server.RaftServer$Division (RaftServerImpl.java:requestVote(1327)) - s0@group-742A07453557 replies to PRE_VOTE vote request: s1<-s0#0:FAIL-t1. Peer's state: s0@group-742A07453557:t1, leader=s3, voted=s3, raftlog=Memoized:s0@group-742A07453557-SegmentedRaftLog:OPENED:c0, conf=0: peers:[s3|rpc:localhost:32935|admin:localhost:46155|client:localhost:45497|dataStream:localhost:45325|priority:0|startupRole:FOLLOWER, s4|rpc:localhost:43443|admin:localhost:35771|client:localhost:42171|dataStream:localhost:35973|priority:0|startupRole:FOLLOWER, s0|rpc:localhost:39127|admin:localhost:34665|client:localhost:40015|dataStream:localhost:33597|priority:0|startupRole:FOLLOWER, s1|rpc:localhost:34777|admin:localhost:44841|client:localhost:46383|dataStream:localhost:39499|priority:0|startupRole:FOLLOWER, s2|rpc:localhost:42831|admin:localhost:43735|client:localhost:36571|dataStream:localhost:33613|priority:0|startupRole:FOLLOWER]|listeners:[], old=null
2022-11-16 04:24:01,379 [s1@group-742A07453557-LeaderElection6] INFO  impl.LeaderElection (LeaderElection.java:logAndReturn(89)) - s1@group-742A07453557-LeaderElection6: PRE_VOTE REJECTED received 3 response(s) and 0 exception(s):
2022-11-16 04:24:01,379 [s1@group-742A07453557-LeaderElection6] INFO  impl.LeaderElection (LeaderElection.java:logAndReturn(93)) -   Response 0: s1<-s3#0:FAIL-t1
2022-11-16 04:24:01,379 [s1@group-742A07453557-LeaderElection6] INFO  impl.LeaderElection (LeaderElection.java:logAndReturn(93)) -   Response 1: s1<-s4#0:FAIL-t1
2022-11-16 04:24:01,379 [s1@group-742A07453557-LeaderElection6] INFO  impl.LeaderElection (LeaderElection.java:logAndReturn(93)) -   Response 2: s1<-s0#0:FAIL-t1
2022-11-16 04:24:01,379 [s1@group-742A07453557-LeaderElection6] INFO  impl.LeaderElection (LeaderElection.java:askForVotes(311)) - s1@group-742A07453557-LeaderElection6 PRE_VOTE round 0: result REJECTED
2022-11-16 04:24:01,379 [s1@group-742A07453557-LeaderElection6] INFO  server.RaftServer$Division (RaftServerImpl.java:setRole(325)) - s1@group-742A07453557: changes role from CANDIDATE to FOLLOWER at term 1 for REJECTED
2022-11-16 04:24:01,379 [s1@group-742A07453557-LeaderElection6] INFO  impl.RoleInfo (RoleInfo.java:shutdownLeaderElection(130)) - s1: shutdown s1@group-742A07453557-LeaderElection6
2022-11-16 04:24:01,379 [s1@group-742A07453557-LeaderElection6] INFO  impl.RoleInfo (RoleInfo.java:updateAndGet(139)) - s1: start s1@group-742A07453557-FollowerState
2022-11-16 04:24:01,381 [HandlerDaemon-2] INFO  server.RaftServer$Division (RaftServerImpl.java:requestVote(1294)) - s2@group-742A07453557: receive requestVote(PRE_VOTE, s1, group-742A07453557, 1, (t:1, i:0))
2022-11-16 04:24:01,381 [HandlerDaemon-2] INFO  impl.VoteContext (VoteContext.java:log(49)) - s2@group-742A07453557-FOLLOWER: reject PRE_VOTE from s1: this server is a follower and still has a valid leader s3
2022-11-16 04:24:01,381 [HandlerDaemon-2] INFO  server.RaftServer$Division (RaftServerImpl.java:requestVote(1327)) - s2@group-742A07453557 replies to PRE_VOTE vote request: s1<-s2#0:FAIL-t1. Peer's state: s2@group-742A07453557:t1, leader=s3, voted=s3, raftlog=Memoized:s2@group-742A07453557-SegmentedRaftLog:OPENED:c0, conf=0: peers:[s3|rpc:localhost:32935|admin:localhost:46155|client:localhost:45497|dataStream:localhost:45325|priority:0|startupRole:FOLLOWER, s4|rpc:localhost:43443|admin:localhost:35771|client:localhost:42171|dataStream:localhost:35973|priority:0|startupRole:FOLLOWER, s0|rpc:localhost:39127|admin:localhost:34665|client:localhost:40015|dataStream:localhost:33597|priority:0|startupRole:FOLLOWER, s1|rpc:localhost:34777|admin:localhost:44841|client:localhost:46383|dataStream:localhost:39499|priority:0|startupRole:FOLLOWER, s2|rpc:localhost:42831|admin:localhost:43735|client:localhost:36571|dataStream:localhost:33613|priority:0|startupRole:FOLLOWER]|listeners:[], old=null
2022-11-16 04:24:01,485 [HandlerDaemon-2] INFO  server.RaftServer$Division (ServerState.java:setLeader(260)) - s1@group-742A07453557: change Leader from null to s3 at term 1 for appendEntries, leader elected after 451ms
2022-11-16 04:24:01,750 [Time-limited test] INFO  simulation.TestLeaderElectionWithSimulatedRpc (LeaderElectionTests.java:enforceLeader(292)) - try enforcing leader to s1 but new leader is s3
2022-11-16 04:24:01,750 [Time-limited test] INFO  server.RaftServerConfigKeys (ConfUtils.java:logGet(46)) - raft.server.rpc.timeout.max = 300ms (default)
2022-11-16 04:24:02,157 [s1@group-742A07453557-FollowerState] INFO  impl.FollowerState (FollowerState.java:run(143)) - s1@group-742A07453557-FollowerState: change to CANDIDATE, lastRpcElapsedTime:441315652ns, electionTimeout:270ms
2022-11-16 04:24:02,157 [s1@group-742A07453557-FollowerState] INFO  impl.RoleInfo (RoleInfo.java:shutdownFollowerState(110)) - s1: shutdown s1@group-742A07453557-FollowerState
2022-11-16 04:24:02,157 [s1@group-742A07453557-FollowerState] INFO  server.RaftServer$Division (RaftServerImpl.java:setRole(325)) - s1@group-742A07453557: changes role from  FOLLOWER to CANDIDATE at term 1 for changeToCandidate
2022-11-16 04:24:02,157 [s1@group-742A07453557-FollowerState] INFO  server.RaftServerConfigKeys (ConfUtils.java:logGet(46)) - raft.server.leaderelection.pre-vote = true (default)
2022-11-16 04:24:02,157 [s1@group-742A07453557-FollowerState] INFO  impl.RoleInfo (RoleInfo.java:updateAndGet(139)) - s1: start s1@group-742A07453557-LeaderElection7
2022-11-16 04:24:02,158 [s1@group-742A07453557-LeaderElection7] INFO  server.RaftServer$Division (ServerState.java:setLeader(260)) - s1@group-742A07453557: change Leader from s3 to null at term 1 for PRE_VOTE
2022-11-16 04:24:02,158 [s1@group-742A07453557-LeaderElection7] INFO  impl.LeaderElection (LeaderElection.java:askForVotes(309)) - s1@group-742A07453557-LeaderElection7 PRE_VOTE round 0: submit vote requests at term 1 for 0: peers:[s3|rpc:localhost:32935|admin:localhost:46155|client:localhost:45497|dataStream:localhost:45325|priority:0|startupRole:FOLLOWER, s4|rpc:localhost:43443|admin:localhost:35771|client:localhost:42171|dataStream:localhost:35973|priority:0|startupRole:FOLLOWER, s0|rpc:localhost:39127|admin:localhost:34665|client:localhost:40015|dataStream:localhost:33597|priority:0|startupRole:FOLLOWER, s1|rpc:localhost:34777|admin:localhost:44841|client:localhost:46383|dataStream:localhost:39499|priority:0|startupRole:FOLLOWER, s2|rpc:localhost:42831|admin:localhost:43735|client:localhost:36571|dataStream:localhost:33613|priority:0|startupRole:FOLLOWER]|listeners:[], old=null
2022-11-16 04:24:02,201 [Time-limited test] INFO  server.RaftServerConfigKeys (ConfUtils.java:logGet(46)) - raft.server.rpc.timeout.max = 300ms (default)
2022-11-16 04:24:02,309 [HandlerDaemon-0] INFO  server.RaftServer$Division (RaftServerImpl.java:requestVote(1294)) - s3@group-742A07453557: receive requestVote(PRE_VOTE, s1, group-742A07453557, 1, (t:1, i:0))
2022-11-16 04:24:02,309 [HandlerDaemon-0] INFO  impl.VoteContext (VoteContext.java:log(49)) - s3@group-742A07453557-LEADER: reject PRE_VOTE from s1: this server is the leader and still has leadership
2022-11-16 04:24:02,310 [HandlerDaemon-0] INFO  server.RaftServer$Division (RaftServerImpl.java:requestVote(1327)) - s3@group-742A07453557 replies to PRE_VOTE vote request: s1<-s3#0:FAIL-t1. Peer's state: s3@group-742A07453557:t1, leader=s3, voted=s3, raftlog=Memoized:s3@group-742A07453557-SegmentedRaftLog:OPENED:c0, conf=0: peers:[s3|rpc:localhost:32935|admin:localhost:46155|client:localhost:45497|dataStream:localhost:45325|priority:0|startupRole:FOLLOWER, s4|rpc:localhost:43443|admin:localhost:35771|client:localhost:42171|dataStream:localhost:35973|priority:0|startupRole:FOLLOWER, s0|rpc:localhost:39127|admin:localhost:34665|client:localhost:40015|dataStream:localhost:33597|priority:0|startupRole:FOLLOWER, s1|rpc:localhost:34777|admin:localhost:44841|client:localhost:46383|dataStream:localhost:39499|priority:0|startupRole:FOLLOWER, s2|rpc:localhost:42831|admin:localhost:43735|client:localhost:36571|dataStream:localhost:33613|priority:0|startupRole:FOLLOWER]|listeners:[], old=null
2022-11-16 04:24:02,310 [HandlerDaemon-1] INFO  server.RaftServer$Division (RaftServerImpl.java:requestVote(1294)) - s0@group-742A07453557: receive requestVote(PRE_VOTE, s1, group-742A07453557, 1, (t:1, i:0))
2022-11-16 04:24:02,310 [HandlerDaemon-1] INFO  impl.VoteContext (VoteContext.java:log(49)) - s0@group-742A07453557-FOLLOWER: reject PRE_VOTE from s1: this server is a follower and still has a valid leader s3
2022-11-16 04:24:02,310 [HandlerDaemon-1] INFO  server.RaftServer$Division (RaftServerImpl.java:requestVote(1327)) - s0@group-742A07453557 replies to PRE_VOTE vote request: s1<-s0#0:FAIL-t1. Peer's state: s0@group-742A07453557:t1, leader=s3, voted=s3, raftlog=Memoized:s0@group-742A07453557-SegmentedRaftLog:OPENED:c0, conf=0: peers:[s3|rpc:localhost:32935|admin:localhost:46155|client:localhost:45497|dataStream:localhost:45325|priority:0|startupRole:FOLLOWER, s4|rpc:localhost:43443|admin:localhost:35771|client:localhost:42171|dataStream:localhost:35973|priority:0|startupRole:FOLLOWER, s0|rpc:localhost:39127|admin:localhost:34665|client:localhost:40015|dataStream:localhost:33597|priority:0|startupRole:FOLLOWER, s1|rpc:localhost:34777|admin:localhost:44841|client:localhost:46383|dataStream:localhost:39499|priority:0|startupRole:FOLLOWER, s2|rpc:localhost:42831|admin:localhost:43735|client:localhost:36571|dataStream:localhost:33613|priority:0|startupRole:FOLLOWER]|listeners:[], old=null
2022-11-16 04:24:02,310 [HandlerDaemon-1] INFO  server.RaftServer$Division (RaftServerImpl.java:requestVote(1294)) - s4@group-742A07453557: receive requestVote(PRE_VOTE, s1, group-742A07453557, 1, (t:1, i:0))
2022-11-16 04:24:02,310 [HandlerDaemon-1] INFO  impl.VoteContext (VoteContext.java:log(49)) - s4@group-742A07453557-FOLLOWER: reject PRE_VOTE from s1: this server is a follower and still has a valid leader s3
2022-11-16 04:24:02,310 [HandlerDaemon-1] INFO  server.RaftServer$Division (RaftServerImpl.java:requestVote(1327)) - s4@group-742A07453557 replies to PRE_VOTE vote request: s1<-s4#0:FAIL-t1. Peer's state: s4@group-742A07453557:t1, leader=s3, voted=s3, raftlog=Memoized:s4@group-742A07453557-SegmentedRaftLog:OPENED:c0, conf=0: peers:[s3|rpc:localhost:32935|admin:localhost:46155|client:localhost:45497|dataStream:localhost:45325|priority:0|startupRole:FOLLOWER, s4|rpc:localhost:43443|admin:localhost:35771|client:localhost:42171|dataStream:localhost:35973|priority:0|startupRole:FOLLOWER, s0|rpc:localhost:39127|admin:localhost:34665|client:localhost:40015|dataStream:localhost:33597|priority:0|startupRole:FOLLOWER, s1|rpc:localhost:34777|admin:localhost:44841|client:localhost:46383|dataStream:localhost:39499|priority:0|startupRole:FOLLOWER, s2|rpc:localhost:42831|admin:localhost:43735|client:localhost:36571|dataStream:localhost:33613|priority:0|startupRole:FOLLOWER]|listeners:[], old=null
2022-11-16 04:24:02,311 [s1@group-742A07453557-LeaderElection7] INFO  impl.LeaderElection (LeaderElection.java:logAndReturn(89)) - s1@group-742A07453557-LeaderElection7: PRE_VOTE REJECTED received 3 response(s) and 0 exception(s):
2022-11-16 04:24:02,311 [HandlerDaemon-1] INFO  server.RaftServer$Division (RaftServerImpl.java:requestVote(1294)) - s2@group-742A07453557: receive requestVote(PRE_VOTE, s1, group-742A07453557, 1, (t:1, i:0))
2022-11-16 04:24:02,311 [s1@group-742A07453557-LeaderElection7] INFO  impl.LeaderElection (LeaderElection.java:logAndReturn(93)) -   Response 0: s1<-s3#0:FAIL-t1
2022-11-16 04:24:02,311 [HandlerDaemon-1] INFO  impl.VoteContext (VoteContext.java:log(49)) - s2@group-742A07453557-FOLLOWER: reject PRE_VOTE from s1: this server is a follower and still has a valid leader s3
2022-11-16 04:24:02,311 [s1@group-742A07453557-LeaderElection7] INFO  impl.LeaderElection (LeaderElection.java:logAndReturn(93)) -   Response 1: s1<-s4#0:FAIL-t1
2022-11-16 04:24:02,311 [s1@group-742A07453557-LeaderElection7] INFO  impl.LeaderElection (LeaderElection.java:logAndReturn(93)) -   Response 2: s1<-s0#0:FAIL-t1
2022-11-16 04:24:02,311 [HandlerDaemon-1] INFO  server.RaftServer$Division (RaftServerImpl.java:requestVote(1327)) - s2@group-742A07453557 replies to PRE_VOTE vote request: s1<-s2#0:FAIL-t1. Peer's state: s2@group-742A07453557:t1, leader=s3, voted=s3, raftlog=Memoized:s2@group-742A07453557-SegmentedRaftLog:OPENED:c0, conf=0: peers:[s3|rpc:localhost:32935|admin:localhost:46155|client:localhost:45497|dataStream:localhost:45325|priority:0|startupRole:FOLLOWER, s4|rpc:localhost:43443|admin:localhost:35771|client:localhost:42171|dataStream:localhost:35973|priority:0|startupRole:FOLLOWER, s0|rpc:localhost:39127|admin:localhost:34665|client:localhost:40015|dataStream:localhost:33597|priority:0|startupRole:FOLLOWER, s1|rpc:localhost:34777|admin:localhost:44841|client:localhost:46383|dataStream:localhost:39499|priority:0|startupRole:FOLLOWER, s2|rpc:localhost:42831|admin:localhost:43735|client:localhost:36571|dataStream:localhost:33613|priority:0|startupRole:FOLLOWER]|listeners:[], old=null
2022-11-16 04:24:02,311 [s1@group-742A07453557-LeaderElection7] INFO  impl.LeaderElection (LeaderElection.java:askForVotes(311)) - s1@group-742A07453557-LeaderElection7 PRE_VOTE round 0: result REJECTED
2022-11-16 04:24:02,312 [s1@group-742A07453557-LeaderElection7] INFO  server.RaftServer$Division (RaftServerImpl.java:setRole(325)) - s1@group-742A07453557: changes role from CANDIDATE to FOLLOWER at term 1 for REJECTED
2022-11-16 04:24:02,312 [s1@group-742A07453557-LeaderElection7] INFO  impl.RoleInfo (RoleInfo.java:shutdownLeaderElection(130)) - s1: shutdown s1@group-742A07453557-LeaderElection7
2022-11-16 04:24:02,312 [s1@group-742A07453557-LeaderElection7] INFO  impl.RoleInfo (RoleInfo.java:updateAndGet(139)) - s1: start s1@group-742A07453557-FollowerState
2022-11-16 04:24:02,392 [HandlerDaemon-0] INFO  server.RaftServer$Division (ServerState.java:setLeader(260)) - s1@group-742A07453557: change Leader from null to s3 at term 1 for appendEntries, leader elected after 233ms
2022-11-16 04:24:02,651 [Time-limited test] INFO  simulation.TestLeaderElectionWithSimulatedRpc (LeaderElectionTests.java:enforceLeader(292)) - try enforcing leader to s1 but new leader is s3
2022-11-16 04:24:02,651 [Time-limited test] INFO  server.RaftServerConfigKeys (ConfUtils.java:logGet(46)) - raft.server.rpc.timeout.max = 300ms (default)
2022-11-16 04:24:02,965 [s1@group-742A07453557-FollowerState] INFO  impl.FollowerState (FollowerState.java:run(143)) - s1@group-742A07453557-FollowerState: change to CANDIDATE, lastRpcElapsedTime:344117495ns, electionTimeout:240ms
2022-11-16 04:24:02,965 [s1@group-742A07453557-FollowerState] INFO  impl.RoleInfo (RoleInfo.java:shutdownFollowerState(110)) - s1: shutdown s1@group-742A07453557-FollowerState
2022-11-16 04:24:02,965 [s1@group-742A07453557-FollowerState] INFO  server.RaftServer$Division (RaftServerImpl.java:setRole(325)) - s1@group-742A07453557: changes role from  FOLLOWER to CANDIDATE at term 1 for changeToCandidate
2022-11-16 04:24:02,965 [s1@group-742A07453557-FollowerState] INFO  server.RaftServerConfigKeys (ConfUtils.java:logGet(46)) - raft.server.leaderelection.pre-vote = true (default)
2022-11-16 04:24:02,965 [s1@group-742A07453557-FollowerState] INFO  impl.RoleInfo (RoleInfo.java:updateAndGet(139)) - s1: start s1@group-742A07453557-LeaderElection8
2022-11-16 04:24:02,966 [s1@group-742A07453557-LeaderElection8] INFO  server.RaftServer$Division (ServerState.java:setLeader(260)) - s1@group-742A07453557: change Leader from s3 to null at term 1 for PRE_VOTE
2022-11-16 04:24:02,966 [s1@group-742A07453557-LeaderElection8] INFO  impl.LeaderElection (LeaderElection.java:askForVotes(309)) - s1@group-742A07453557-LeaderElection8 PRE_VOTE round 0: submit vote requests at term 1 for 0: peers:[s3|rpc:localhost:32935|admin:localhost:46155|client:localhost:45497|dataStream:localhost:45325|priority:0|startupRole:FOLLOWER, s4|rpc:localhost:43443|admin:localhost:35771|client:localhost:42171|dataStream:localhost:35973|priority:0|startupRole:FOLLOWER, s0|rpc:localhost:39127|admin:localhost:34665|client:localhost:40015|dataStream:localhost:33597|priority:0|startupRole:FOLLOWER, s1|rpc:localhost:34777|admin:localhost:44841|client:localhost:46383|dataStream:localhost:39499|priority:0|startupRole:FOLLOWER, s2|rpc:localhost:42831|admin:localhost:43735|client:localhost:36571|dataStream:localhost:33613|priority:0|startupRole:FOLLOWER]|listeners:[], old=null
2022-11-16 04:24:03,102 [Time-limited test] INFO  server.RaftServerConfigKeys (ConfUtils.java:logGet(46)) - raft.server.rpc.timeout.max = 300ms (default)
2022-11-16 04:24:03,117 [HandlerDaemon-1] INFO  server.RaftServer$Division (RaftServerImpl.java:requestVote(1294)) - s3@group-742A07453557: receive requestVote(PRE_VOTE, s1, group-742A07453557, 1, (t:1, i:0))
2022-11-16 04:24:03,117 [HandlerDaemon-2] INFO  server.RaftServer$Division (RaftServerImpl.java:requestVote(1294)) - s0@group-742A07453557: receive requestVote(PRE_VOTE, s1, group-742A07453557, 1, (t:1, i:0))
2022-11-16 04:24:03,117 [HandlerDaemon-1] INFO  impl.VoteContext (VoteContext.java:log(49)) - s3@group-742A07453557-LEADER: reject PRE_VOTE from s1: this server is the leader and still has leadership
2022-11-16 04:24:03,117 [HandlerDaemon-2] INFO  impl.VoteContext (VoteContext.java:log(49)) - s0@group-742A07453557-FOLLOWER: reject PRE_VOTE from s1: this server is a follower and still has a valid leader s3
2022-11-16 04:24:03,117 [HandlerDaemon-1] INFO  server.RaftServer$Division (RaftServerImpl.java:requestVote(1327)) - s3@group-742A07453557 replies to PRE_VOTE vote request: s1<-s3#0:FAIL-t1. Peer's state: s3@group-742A07453557:t1, leader=s3, voted=s3, raftlog=Memoized:s3@group-742A07453557-SegmentedRaftLog:OPENED:c0, conf=0: peers:[s3|rpc:localhost:32935|admin:localhost:46155|client:localhost:45497|dataStream:localhost:45325|priority:0|startupRole:FOLLOWER, s4|rpc:localhost:43443|admin:localhost:35771|client:localhost:42171|dataStream:localhost:35973|priority:0|startupRole:FOLLOWER, s0|rpc:localhost:39127|admin:localhost:34665|client:localhost:40015|dataStream:localhost:33597|priority:0|startupRole:FOLLOWER, s1|rpc:localhost:34777|admin:localhost:44841|client:localhost:46383|dataStream:localhost:39499|priority:0|startupRole:FOLLOWER, s2|rpc:localhost:42831|admin:localhost:43735|client:localhost:36571|dataStream:localhost:33613|priority:0|startupRole:FOLLOWER]|listeners:[], old=null
2022-11-16 04:24:03,117 [HandlerDaemon-2] INFO  server.RaftServer$Division (RaftServerImpl.java:requestVote(1327)) - s0@group-742A07453557 replies to PRE_VOTE vote request: s1<-s0#0:FAIL-t1. Peer's state: s0@group-742A07453557:t1, leader=s3, voted=s3, raftlog=Memoized:s0@group-742A07453557-SegmentedRaftLog:OPENED:c0, conf=0: peers:[s3|rpc:localhost:32935|admin:localhost:46155|client:localhost:45497|dataStream:localhost:45325|priority:0|startupRole:FOLLOWER, s4|rpc:localhost:43443|admin:localhost:35771|client:localhost:42171|dataStream:localhost:35973|priority:0|startupRole:FOLLOWER, s0|rpc:localhost:39127|admin:localhost:34665|client:localhost:40015|dataStream:localhost:33597|priority:0|startupRole:FOLLOWER, s1|rpc:localhost:34777|admin:localhost:44841|client:localhost:46383|dataStream:localhost:39499|priority:0|startupRole:FOLLOWER, s2|rpc:localhost:42831|admin:localhost:43735|client:localhost:36571|dataStream:localhost:33613|priority:0|startupRole:FOLLOWER]|listeners:[], old=null
2022-11-16 04:24:03,118 [HandlerDaemon-2] INFO  server.RaftServer$Division (RaftServerImpl.java:requestVote(1294)) - s4@group-742A07453557: receive requestVote(PRE_VOTE, s1, group-742A07453557, 1, (t:1, i:0))
2022-11-16 04:24:03,118 [HandlerDaemon-2] INFO  impl.VoteContext (VoteContext.java:log(49)) - s4@group-742A07453557-FOLLOWER: reject PRE_VOTE from s1: this server is a follower and still has a valid leader s3
2022-11-16 04:24:03,118 [HandlerDaemon-2] INFO  server.RaftServer$Division (RaftServerImpl.java:requestVote(1327)) - s4@group-742A07453557 replies to PRE_VOTE vote request: s1<-s4#0:FAIL-t1. Peer's state: s4@group-742A07453557:t1, leader=s3, voted=s3, raftlog=Memoized:s4@group-742A07453557-SegmentedRaftLog:OPENED:c0, conf=0: peers:[s3|rpc:localhost:32935|admin:localhost:46155|client:localhost:45497|dataStream:localhost:45325|priority:0|startupRole:FOLLOWER, s4|rpc:localhost:43443|admin:localhost:35771|client:localhost:42171|dataStream:localhost:35973|priority:0|startupRole:FOLLOWER, s0|rpc:localhost:39127|admin:localhost:34665|client:localhost:40015|dataStream:localhost:33597|priority:0|startupRole:FOLLOWER, s1|rpc:localhost:34777|admin:localhost:44841|client:localhost:46383|dataStream:localhost:39499|priority:0|startupRole:FOLLOWER, s2|rpc:localhost:42831|admin:localhost:43735|client:localhost:36571|dataStream:localhost:33613|priority:0|startupRole:FOLLOWER]|listeners:[], old=null
2022-11-16 04:24:03,118 [HandlerDaemon-2] INFO  server.RaftServer$Division (RaftServerImpl.java:requestVote(1294)) - s2@group-742A07453557: receive requestVote(PRE_VOTE, s1, group-742A07453557, 1, (t:1, i:0))
2022-11-16 04:24:03,118 [HandlerDaemon-2] INFO  impl.VoteContext (VoteContext.java:log(49)) - s2@group-742A07453557-FOLLOWER: reject PRE_VOTE from s1: this server is a follower and still has a valid leader s3
2022-11-16 04:24:03,118 [HandlerDaemon-2] INFO  server.RaftServer$Division (RaftServerImpl.java:requestVote(1327)) - s2@group-742A07453557 replies to PRE_VOTE vote request: s1<-s2#0:FAIL-t1. Peer's state: s2@group-742A07453557:t1, leader=s3, voted=s3, raftlog=Memoized:s2@group-742A07453557-SegmentedRaftLog:OPENED:c0, conf=0: peers:[s3|rpc:localhost:32935|admin:localhost:46155|client:localhost:45497|dataStream:localhost:45325|priority:0|startupRole:FOLLOWER, s4|rpc:localhost:43443|admin:localhost:35771|client:localhost:42171|dataStream:localhost:35973|priority:0|startupRole:FOLLOWER, s0|rpc:localhost:39127|admin:localhost:34665|client:localhost:40015|dataStream:localhost:33597|priority:0|startupRole:FOLLOWER, s1|rpc:localhost:34777|admin:localhost:44841|client:localhost:46383|dataStream:localhost:39499|priority:0|startupRole:FOLLOWER, s2|rpc:localhost:42831|admin:localhost:43735|client:localhost:36571|dataStream:localhost:33613|priority:0|startupRole:FOLLOWER]|listeners:[], old=null
2022-11-16 04:24:03,118 [s1@group-742A07453557-LeaderElection8] INFO  impl.LeaderElection (LeaderElection.java:logAndReturn(89)) - s1@group-742A07453557-LeaderElection8: PRE_VOTE REJECTED received 3 response(s) and 0 exception(s):
2022-11-16 04:24:03,119 [s1@group-742A07453557-LeaderElection8] INFO  impl.LeaderElection (LeaderElection.java:logAndReturn(93)) -   Response 0: s1<-s3#0:FAIL-t1
2022-11-16 04:24:03,119 [s1@group-742A07453557-LeaderElection8] INFO  impl.LeaderElection (LeaderElection.java:logAndReturn(93)) -   Response 1: s1<-s4#0:FAIL-t1
2022-11-16 04:24:03,119 [s1@group-742A07453557-LeaderElection8] INFO  impl.LeaderElection (LeaderElection.java:logAndReturn(93)) -   Response 2: s1<-s2#0:FAIL-t1
2022-11-16 04:24:03,119 [s1@group-742A07453557-LeaderElection8] INFO  impl.LeaderElection (LeaderElection.java:askForVotes(311)) - s1@group-742A07453557-LeaderElection8 PRE_VOTE round 0: result REJECTED
2022-11-16 04:24:03,119 [s1@group-742A07453557-LeaderElection8] INFO  server.RaftServer$Division (RaftServerImpl.java:setRole(325)) - s1@group-742A07453557: changes role from CANDIDATE to FOLLOWER at term 1 for REJECTED
2022-11-16 04:24:03,119 [s1@group-742A07453557-LeaderElection8] INFO  impl.RoleInfo (RoleInfo.java:shutdownLeaderElection(130)) - s1: shutdown s1@group-742A07453557-LeaderElection8
2022-11-16 04:24:03,119 [s1@group-742A07453557-LeaderElection8] INFO  impl.RoleInfo (RoleInfo.java:updateAndGet(139)) - s1: start s1@group-742A07453557-FollowerState
2022-11-16 04:24:03,297 [HandlerDaemon-1] INFO  server.RaftServer$Division (ServerState.java:setLeader(260)) - s1@group-742A07453557: change Leader from null to s3 at term 1 for appendEntries, leader elected after 331ms
2022-11-16 04:24:03,552 [Time-limited test] INFO  simulation.TestLeaderElectionWithSimulatedRpc (LeaderElectionTests.java:enforceLeader(292)) - try enforcing leader to s1 but new leader is s3
2022-11-16 04:24:03,553 [Time-limited test] INFO  server.RaftServerConfigKeys (ConfUtils.java:logGet(46)) - raft.server.rpc.timeout.max = 300ms (default)
2022-11-16 04:24:03,998 [s1@group-742A07453557-FollowerState] INFO  impl.FollowerState (FollowerState.java:run(143)) - s1@group-742A07453557-FollowerState: change to CANDIDATE, lastRpcElapsedTime:472651025ns, electionTimeout:285ms
2022-11-16 04:24:03,998 [s1@group-742A07453557-FollowerState] INFO  impl.RoleInfo (RoleInfo.java:shutdownFollowerState(110)) - s1: shutdown s1@group-742A07453557-FollowerState
2022-11-16 04:24:03,998 [s1@group-742A07453557-FollowerState] INFO  server.RaftServer$Division (RaftServerImpl.java:setRole(325)) - s1@group-742A07453557: changes role from  FOLLOWER to CANDIDATE at term 1 for changeToCandidate
2022-11-16 04:24:03,998 [s1@group-742A07453557-FollowerState] INFO  server.RaftServerConfigKeys (ConfUtils.java:logGet(46)) - raft.server.leaderelection.pre-vote = true (default)
2022-11-16 04:24:03,998 [s1@group-742A07453557-FollowerState] INFO  impl.RoleInfo (RoleInfo.java:updateAndGet(139)) - s1: start s1@group-742A07453557-LeaderElection9
2022-11-16 04:24:04,000 [s1@group-742A07453557-LeaderElection9] INFO  server.RaftServer$Division (ServerState.java:setLeader(260)) - s1@group-742A07453557: change Leader from s3 to null at term 1 for PRE_VOTE
2022-11-16 04:24:04,000 [s1@group-742A07453557-LeaderElection9] INFO  impl.LeaderElection (LeaderElection.java:askForVotes(309)) - s1@group-742A07453557-LeaderElection9 PRE_VOTE round 0: submit vote requests at term 1 for 0: peers:[s3|rpc:localhost:32935|admin:localhost:46155|client:localhost:45497|dataStream:localhost:45325|priority:0|startupRole:FOLLOWER, s4|rpc:localhost:43443|admin:localhost:35771|client:localhost:42171|dataStream:localhost:35973|priority:0|startupRole:FOLLOWER, s0|rpc:localhost:39127|admin:localhost:34665|client:localhost:40015|dataStream:localhost:33597|priority:0|startupRole:FOLLOWER, s1|rpc:localhost:34777|admin:localhost:44841|client:localhost:46383|dataStream:localhost:39499|priority:0|startupRole:FOLLOWER, s2|rpc:localhost:42831|admin:localhost:43735|client:localhost:36571|dataStream:localhost:33613|priority:0|startupRole:FOLLOWER]|listeners:[], old=null
2022-11-16 04:24:04,003 [Time-limited test] INFO  server.RaftServerConfigKeys (ConfUtils.java:logGet(46)) - raft.server.rpc.timeout.max = 300ms (default)
2022-11-16 04:24:04,151 [HandlerDaemon-2] INFO  server.RaftServer$Division (RaftServerImpl.java:requestVote(1294)) - s3@group-742A07453557: receive requestVote(PRE_VOTE, s1, group-742A07453557, 1, (t:1, i:0))
2022-11-16 04:24:04,152 [HandlerDaemon-2] INFO  impl.VoteContext (VoteContext.java:log(49)) - s3@group-742A07453557-LEADER: reject PRE_VOTE from s1: this server is the leader and still has leadership
2022-11-16 04:24:04,152 [HandlerDaemon-2] INFO  server.RaftServer$Division (RaftServerImpl.java:requestVote(1327)) - s3@group-742A07453557 replies to PRE_VOTE vote request: s1<-s3#0:FAIL-t1. Peer's state: s3@group-742A07453557:t1, leader=s3, voted=s3, raftlog=Memoized:s3@group-742A07453557-SegmentedRaftLog:OPENED:c0, conf=0: peers:[s3|rpc:localhost:32935|admin:localhost:46155|client:localhost:45497|dataStream:localhost:45325|priority:0|startupRole:FOLLOWER, s4|rpc:localhost:43443|admin:localhost:35771|client:localhost:42171|dataStream:localhost:35973|priority:0|startupRole:FOLLOWER, s0|rpc:localhost:39127|admin:localhost:34665|client:localhost:40015|dataStream:localhost:33597|priority:0|startupRole:FOLLOWER, s1|rpc:localhost:34777|admin:localhost:44841|client:localhost:46383|dataStream:localhost:39499|priority:0|startupRole:FOLLOWER, s2|rpc:localhost:42831|admin:localhost:43735|client:localhost:36571|dataStream:localhost:33613|priority:0|startupRole:FOLLOWER]|listeners:[], old=null
2022-11-16 04:24:04,152 [HandlerDaemon-2] INFO  server.RaftServer$Division (RaftServerImpl.java:requestVote(1294)) - s4@group-742A07453557: receive requestVote(PRE_VOTE, s1, group-742A07453557, 1, (t:1, i:0))
2022-11-16 04:24:04,152 [HandlerDaemon-2] INFO  impl.VoteContext (VoteContext.java:log(49)) - s4@group-742A07453557-FOLLOWER: reject PRE_VOTE from s1: this server is a follower and still has a valid leader s3
2022-11-16 04:24:04,152 [HandlerDaemon-2] INFO  server.RaftServer$Division (RaftServerImpl.java:requestVote(1327)) - s4@group-742A07453557 replies to PRE_VOTE vote request: s1<-s4#0:FAIL-t1. Peer's state: s4@group-742A07453557:t1, leader=s3, voted=s3, raftlog=Memoized:s4@group-742A07453557-SegmentedRaftLog:OPENED:c0, conf=0: peers:[s3|rpc:localhost:32935|admin:localhost:46155|client:localhost:45497|dataStream:localhost:45325|priority:0|startupRole:FOLLOWER, s4|rpc:localhost:43443|admin:localhost:35771|client:localhost:42171|dataStream:localhost:35973|priority:0|startupRole:FOLLOWER, s0|rpc:localhost:39127|admin:localhost:34665|client:localhost:40015|dataStream:localhost:33597|priority:0|startupRole:FOLLOWER, s1|rpc:localhost:34777|admin:localhost:44841|client:localhost:46383|dataStream:localhost:39499|priority:0|startupRole:FOLLOWER, s2|rpc:localhost:42831|admin:localhost:43735|client:localhost:36571|dataStream:localhost:33613|priority:0|startupRole:FOLLOWER]|listeners:[], old=null
2022-11-16 04:24:04,152 [HandlerDaemon-2] INFO  server.RaftServer$Division (RaftServerImpl.java:requestVote(1294)) - s2@group-742A07453557: receive requestVote(PRE_VOTE, s1, group-742A07453557, 1, (t:1, i:0))
2022-11-16 04:24:04,152 [HandlerDaemon-2] INFO  impl.VoteContext (VoteContext.java:log(49)) - s2@group-742A07453557-FOLLOWER: reject PRE_VOTE from s1: this server is a follower and still has a valid leader s3
2022-11-16 04:24:04,153 [HandlerDaemon-2] INFO  server.RaftServer$Division (RaftServerImpl.java:requestVote(1327)) - s2@group-742A07453557 replies to PRE_VOTE vote request: s1<-s2#0:FAIL-t1. Peer's state: s2@group-742A07453557:t1, leader=s3, voted=s3, raftlog=Memoized:s2@group-742A07453557-SegmentedRaftLog:OPENED:c0, conf=0: peers:[s3|rpc:localhost:32935|admin:localhost:46155|client:localhost:45497|dataStream:localhost:45325|priority:0|startupRole:FOLLOWER, s4|rpc:localhost:43443|admin:localhost:35771|client:localhost:42171|dataStream:localhost:35973|priority:0|startupRole:FOLLOWER, s0|rpc:localhost:39127|admin:localhost:34665|client:localhost:40015|dataStream:localhost:33597|priority:0|startupRole:FOLLOWER, s1|rpc:localhost:34777|admin:localhost:44841|client:localhost:46383|dataStream:localhost:39499|priority:0|startupRole:FOLLOWER, s2|rpc:localhost:42831|admin:localhost:43735|client:localhost:36571|dataStream:localhost:33613|priority:0|startupRole:FOLLOWER]|listeners:[], old=null
2022-11-16 04:24:04,153 [HandlerDaemon-2] INFO  server.RaftServer$Division (RaftServerImpl.java:requestVote(1294)) - s0@group-742A07453557: receive requestVote(PRE_VOTE, s1, group-742A07453557, 1, (t:1, i:0))
2022-11-16 04:24:04,153 [HandlerDaemon-2] INFO  impl.VoteContext (VoteContext.java:log(49)) - s0@group-742A07453557-FOLLOWER: reject PRE_VOTE from s1: this server is a follower and still has a valid leader s3
2022-11-16 04:24:04,153 [HandlerDaemon-2] INFO  server.RaftServer$Division (RaftServerImpl.java:requestVote(1327)) - s0@group-742A07453557 replies to PRE_VOTE vote request: s1<-s0#0:FAIL-t1. Peer's state: s0@group-742A07453557:t1, leader=s3, voted=s3, raftlog=Memoized:s0@group-742A07453557-SegmentedRaftLog:OPENED:c0, conf=0: peers:[s3|rpc:localhost:32935|admin:localhost:46155|client:localhost:45497|dataStream:localhost:45325|priority:0|startupRole:FOLLOWER, s4|rpc:localhost:43443|admin:localhost:35771|client:localhost:42171|dataStream:localhost:35973|priority:0|startupRole:FOLLOWER, s0|rpc:localhost:39127|admin:localhost:34665|client:localhost:40015|dataStream:localhost:33597|priority:0|startupRole:FOLLOWER, s1|rpc:localhost:34777|admin:localhost:44841|client:localhost:46383|dataStream:localhost:39499|priority:0|startupRole:FOLLOWER, s2|rpc:localhost:42831|admin:localhost:43735|client:localhost:36571|dataStream:localhost:33613|priority:0|startupRole:FOLLOWER]|listeners:[], old=null
2022-11-16 04:24:04,153 [s1@group-742A07453557-LeaderElection9] INFO  impl.LeaderElection (LeaderElection.java:logAndReturn(89)) - s1@group-742A07453557-LeaderElection9: PRE_VOTE REJECTED received 3 response(s) and 0 exception(s):
2022-11-16 04:24:04,153 [s1@group-742A07453557-LeaderElection9] INFO  impl.LeaderElection (LeaderElection.java:logAndReturn(93)) -   Response 0: s1<-s3#0:FAIL-t1
2022-11-16 04:24:04,154 [s1@group-742A07453557-LeaderElection9] INFO  impl.LeaderElection (LeaderElection.java:logAndReturn(93)) -   Response 1: s1<-s4#0:FAIL-t1
2022-11-16 04:24:04,154 [s1@group-742A07453557-LeaderElection9] INFO  impl.LeaderElection (LeaderElection.java:logAndReturn(93)) -   Response 2: s1<-s0#0:FAIL-t1
2022-11-16 04:24:04,154 [s1@group-742A07453557-LeaderElection9] INFO  impl.LeaderElection (LeaderElection.java:askForVotes(311)) - s1@group-742A07453557-LeaderElection9 PRE_VOTE round 0: result REJECTED
2022-11-16 04:24:04,154 [s1@group-742A07453557-LeaderElection9] INFO  server.RaftServer$Division (RaftServerImpl.java:setRole(325)) - s1@group-742A07453557: changes role from CANDIDATE to FOLLOWER at term 1 for REJECTED
2022-11-16 04:24:04,154 [s1@group-742A07453557-LeaderElection9] INFO  impl.RoleInfo (RoleInfo.java:shutdownLeaderElection(130)) - s1: shutdown s1@group-742A07453557-LeaderElection9
2022-11-16 04:24:04,154 [s1@group-742A07453557-LeaderElection9] INFO  impl.RoleInfo (RoleInfo.java:updateAndGet(139)) - s1: start s1@group-742A07453557-FollowerState
2022-11-16 04:24:04,201 [HandlerDaemon-2] INFO  server.RaftServer$Division (ServerState.java:setLeader(260)) - s1@group-742A07453557: change Leader from null to s3 at term 1 for appendEntries, leader elected after 201ms
2022-11-16 04:24:04,453 [Time-limited test] INFO  simulation.TestLeaderElectionWithSimulatedRpc (LeaderElectionTests.java:enforceLeader(292)) - try enforcing leader to s1 but new leader is s3
2022-11-16 04:24:04,454 [Time-limited test] INFO  server.RaftServerConfigKeys (ConfUtils.java:logGet(46)) - raft.server.rpc.timeout.max = 300ms (default)
2022-11-16 04:24:04,675 [s0@group-742A07453557-FollowerState] INFO  impl.FollowerState (FollowerState.java:run(143)) - s0@group-742A07453557-FollowerState: change to CANDIDATE, lastRpcElapsedTime:221348534ns, electionTimeout:206ms
2022-11-16 04:24:04,675 [s0@group-742A07453557-FollowerState] INFO  impl.RoleInfo (RoleInfo.java:shutdownFollowerState(110)) - s0: shutdown s0@group-742A07453557-FollowerState
2022-11-16 04:24:04,675 [s0@group-742A07453557-FollowerState] INFO  server.RaftServer$Division (RaftServerImpl.java:setRole(325)) - s0@group-742A07453557: changes role from  FOLLOWER to CANDIDATE at term 1 for changeToCandidate
2022-11-16 04:24:04,676 [s0@group-742A07453557-FollowerState] INFO  server.RaftServerConfigKeys (ConfUtils.java:logGet(46)) - raft.server.leaderelection.pre-vote = true (default)
2022-11-16 04:24:04,676 [s0@group-742A07453557-FollowerState] INFO  impl.RoleInfo (RoleInfo.java:updateAndGet(139)) - s0: start s0@group-742A07453557-LeaderElection10
2022-11-16 04:24:04,677 [s0@group-742A07453557-LeaderElection10] INFO  server.RaftServer$Division (ServerState.java:setLeader(260)) - s0@group-742A07453557: change Leader from s3 to null at term 1 for PRE_VOTE
2022-11-16 04:24:04,677 [s0@group-742A07453557-LeaderElection10] INFO  impl.LeaderElection (LeaderElection.java:askForVotes(309)) - s0@group-742A07453557-LeaderElection10 PRE_VOTE round 0: submit vote requests at term 1 for 0: peers:[s3|rpc:localhost:32935|admin:localhost:46155|client:localhost:45497|dataStream:localhost:45325|priority:0|startupRole:FOLLOWER, s4|rpc:localhost:43443|admin:localhost:35771|client:localhost:42171|dataStream:localhost:35973|priority:0|startupRole:FOLLOWER, s0|rpc:localhost:39127|admin:localhost:34665|client:localhost:40015|dataStream:localhost:33597|priority:0|startupRole:FOLLOWER, s1|rpc:localhost:34777|admin:localhost:44841|client:localhost:46383|dataStream:localhost:39499|priority:0|startupRole:FOLLOWER, s2|rpc:localhost:42831|admin:localhost:43735|client:localhost:36571|dataStream:localhost:33613|priority:0|startupRole:FOLLOWER]|listeners:[], old=null
2022-11-16 04:24:04,680 [HandlerDaemon-0] INFO  server.RaftServer$Division (RaftServerImpl.java:setRole(325)) - s0@group-742A07453557: changes role from CANDIDATE to FOLLOWER at term 1 for appendEntries
2022-11-16 04:24:04,680 [HandlerDaemon-0] INFO  impl.RoleInfo (RoleInfo.java:shutdownLeaderElection(130)) - s0: shutdown s0@group-742A07453557-LeaderElection10
2022-11-16 04:24:04,680 [s0@group-742A07453557-LeaderElection10] INFO  impl.LeaderElection (LeaderElection.java:logAndReturn(89)) - s0@group-742A07453557-LeaderElection10: PRE_VOTE REJECTED received 0 response(s) and 0 exception(s):
2022-11-16 04:24:04,680 [s0@group-742A07453557-LeaderElection10] INFO  impl.LeaderElection (LeaderElection.java:askForVotes(311)) - s0@group-742A07453557-LeaderElection10 PRE_VOTE round 0: result REJECTED
2022-11-16 04:24:04,680 [HandlerDaemon-0] INFO  impl.RoleInfo (RoleInfo.java:updateAndGet(139)) - s0: start s0@group-742A07453557-FollowerState
2022-11-16 04:24:04,681 [HandlerDaemon-0] INFO  server.RaftServer$Division (ServerState.java:setLeader(260)) - s0@group-742A07453557: change Leader from null to s3 at term 1 for appendEntries, leader elected after 4ms
2022-11-16 04:24:04,766 [s1@group-742A07453557-FollowerState] INFO  impl.FollowerState (FollowerState.java:run(143)) - s1@group-742A07453557-FollowerState: change to CANDIDATE, lastRpcElapsedTime:335023987ns, electionTimeout:187ms
2022-11-16 04:24:04,766 [s1@group-742A07453557-FollowerState] INFO  impl.RoleInfo (RoleInfo.java:shutdownFollowerState(110)) - s1: shutdown s1@group-742A07453557-FollowerState
2022-11-16 04:24:04,767 [s1@group-742A07453557-FollowerState] INFO  server.RaftServer$Division (RaftServerImpl.java:setRole(325)) - s1@group-742A07453557: changes role from  FOLLOWER to CANDIDATE at term 1 for changeToCandidate
2022-11-16 04:24:04,767 [s1@group-742A07453557-FollowerState] INFO  server.RaftServerConfigKeys (ConfUtils.java:logGet(46)) - raft.server.leaderelection.pre-vote = true (default)
2022-11-16 04:24:04,767 [s1@group-742A07453557-FollowerState] INFO  impl.RoleInfo (RoleInfo.java:updateAndGet(139)) - s1: start s1@group-742A07453557-LeaderElection11
2022-11-16 04:24:04,773 [s1@group-742A07453557-LeaderElection11] INFO  server.RaftServer$Division (ServerState.java:setLeader(260)) - s1@group-742A07453557: change Leader from s3 to null at term 1 for PRE_VOTE
2022-11-16 04:24:04,773 [s1@group-742A07453557-LeaderElection11] INFO  impl.LeaderElection (LeaderElection.java:askForVotes(309)) - s1@group-742A07453557-LeaderElection11 PRE_VOTE round 0: submit vote requests at term 1 for 0: peers:[s3|rpc:localhost:32935|admin:localhost:46155|client:localhost:45497|dataStream:localhost:45325|priority:0|startupRole:FOLLOWER, s4|rpc:localhost:43443|admin:localhost:35771|client:localhost:42171|dataStream:localhost:35973|priority:0|startupRole:FOLLOWER, s0|rpc:localhost:39127|admin:localhost:34665|client:localhost:40015|dataStream:localhost:33597|priority:0|startupRole:FOLLOWER, s1|rpc:localhost:34777|admin:localhost:44841|client:localhost:46383|dataStream:localhost:39499|priority:0|startupRole:FOLLOWER, s2|rpc:localhost:42831|admin:localhost:43735|client:localhost:36571|dataStream:localhost:33613|priority:0|startupRole:FOLLOWER]|listeners:[], old=null
2022-11-16 04:24:04,828 [HandlerDaemon-0] INFO  server.RaftServer$Division (RaftServerImpl.java:requestVote(1294)) - s3@group-742A07453557: receive requestVote(PRE_VOTE, s0, group-742A07453557, 1, (t:1, i:0))
2022-11-16 04:24:04,828 [HandlerDaemon-0] INFO  impl.VoteContext (VoteContext.java:log(49)) - s3@group-742A07453557-LEADER: reject PRE_VOTE from s0: this server is the leader and still has leadership
2022-11-16 04:24:04,828 [HandlerDaemon-0] INFO  server.RaftServer$Division (RaftServerImpl.java:requestVote(1327)) - s3@group-742A07453557 replies to PRE_VOTE vote request: s0<-s3#0:FAIL-t1. Peer's state: s3@group-742A07453557:t1, leader=s3, voted=s3, raftlog=Memoized:s3@group-742A07453557-SegmentedRaftLog:OPENED:c0, conf=0: peers:[s3|rpc:localhost:32935|admin:localhost:46155|client:localhost:45497|dataStream:localhost:45325|priority:0|startupRole:FOLLOWER, s4|rpc:localhost:43443|admin:localhost:35771|client:localhost:42171|dataStream:localhost:35973|priority:0|startupRole:FOLLOWER, s0|rpc:localhost:39127|admin:localhost:34665|client:localhost:40015|dataStream:localhost:33597|priority:0|startupRole:FOLLOWER, s1|rpc:localhost:34777|admin:localhost:44841|client:localhost:46383|dataStream:localhost:39499|priority:0|startupRole:FOLLOWER, s2|rpc:localhost:42831|admin:localhost:43735|client:localhost:36571|dataStream:localhost:33613|priority:0|startupRole:FOLLOWER]|listeners:[], old=null
2022-11-16 04:24:04,829 [HandlerDaemon-0] INFO  server.RaftServer$Division (RaftServerImpl.java:requestVote(1294)) - s4@group-742A07453557: receive requestVote(PRE_VOTE, s0, group-742A07453557, 1, (t:1, i:0))
2022-11-16 04:24:04,829 [HandlerDaemon-0] INFO  impl.VoteContext (VoteContext.java:log(49)) - s4@group-742A07453557-FOLLOWER: accept PRE_VOTE from s0: our priority 0 <= candidate's priority 0
2022-11-16 04:24:04,829 [HandlerDaemon-0] INFO  server.RaftServer$Division (RaftServerImpl.java:requestVote(1327)) - s4@group-742A07453557 replies to PRE_VOTE vote request: s0<-s4#0:OK-t1. Peer's state: s4@group-742A07453557:t1, leader=s3, voted=s3, raftlog=Memoized:s4@group-742A07453557-SegmentedRaftLog:OPENED:c0, conf=0: peers:[s3|rpc:localhost:32935|admin:localhost:46155|client:localhost:45497|dataStream:localhost:45325|priority:0|startupRole:FOLLOWER, s4|rpc:localhost:43443|admin:localhost:35771|client:localhost:42171|dataStream:localhost:35973|priority:0|startupRole:FOLLOWER, s0|rpc:localhost:39127|admin:localhost:34665|client:localhost:40015|dataStream:localhost:33597|priority:0|startupRole:FOLLOWER, s1|rpc:localhost:34777|admin:localhost:44841|client:localhost:46383|dataStream:localhost:39499|priority:0|startupRole:FOLLOWER, s2|rpc:localhost:42831|admin:localhost:43735|client:localhost:36571|dataStream:localhost:33613|priority:0|startupRole:FOLLOWER]|listeners:[], old=null
2022-11-16 04:24:04,831 [HandlerDaemon-2] INFO  server.RaftServer$Division (RaftServerImpl.java:requestVote(1294)) - s2@group-742A07453557: receive requestVote(PRE_VOTE, s0, group-742A07453557, 1, (t:1, i:0))
2022-11-16 04:24:04,832 [HandlerDaemon-2] INFO  impl.VoteContext (VoteContext.java:log(49)) - s2@group-742A07453557-FOLLOWER: reject PRE_VOTE from s0: this server is a follower and still has a valid leader s3
2022-11-16 04:24:04,832 [HandlerDaemon-2] INFO  server.RaftServer$Division (RaftServerImpl.java:requestVote(1327)) - s2@group-742A07453557 replies to PRE_VOTE vote request: s0<-s2#0:FAIL-t1. Peer's state: s2@group-742A07453557:t1, leader=s3, voted=s3, raftlog=Memoized:s2@group-742A07453557-SegmentedRaftLog:OPENED:c0, conf=0: peers:[s3|rpc:localhost:32935|admin:localhost:46155|client:localhost:45497|dataStream:localhost:45325|priority:0|startupRole:FOLLOWER, s4|rpc:localhost:43443|admin:localhost:35771|client:localhost:42171|dataStream:localhost:35973|priority:0|startupRole:FOLLOWER, s0|rpc:localhost:39127|admin:localhost:34665|client:localhost:40015|dataStream:localhost:33597|priority:0|startupRole:FOLLOWER, s1|rpc:localhost:34777|admin:localhost:44841|client:localhost:46383|dataStream:localhost:39499|priority:0|startupRole:FOLLOWER, s2|rpc:localhost:42831|admin:localhost:43735|client:localhost:36571|dataStream:localhost:33613|priority:0|startupRole:FOLLOWER]|listeners:[], old=null
2022-11-16 04:24:04,904 [Time-limited test] INFO  server.RaftServerConfigKeys (ConfUtils.java:logGet(46)) - raft.server.rpc.timeout.max = 300ms (default)
2022-11-16 04:24:04,925 [HandlerDaemon-1] INFO  server.RaftServer$Division (RaftServerImpl.java:requestVote(1294)) - s3@group-742A07453557: receive requestVote(PRE_VOTE, s1, group-742A07453557, 1, (t:1, i:0))
2022-11-16 04:24:04,925 [HandlerDaemon-1] INFO  server.RaftServer$Division (RaftServerImpl.java:requestVote(1294)) - s4@group-742A07453557: receive requestVote(PRE_VOTE, s1, group-742A07453557, 1, (t:1, i:0))
2022-11-16 04:24:04,926 [HandlerDaemon-1] INFO  impl.VoteContext (VoteContext.java:log(49)) - s4@group-742A07453557-FOLLOWER: reject PRE_VOTE from s1: this server is a follower and still has a valid leader s3
2022-11-16 04:24:04,926 [HandlerDaemon-1] INFO  server.RaftServer$Division (RaftServerImpl.java:requestVote(1294)) - s2@group-742A07453557: receive requestVote(PRE_VOTE, s1, group-742A07453557, 1, (t:1, i:0))
2022-11-16 04:24:04,926 [HandlerDaemon-1] INFO  impl.VoteContext (VoteContext.java:log(49)) - s2@group-742A07453557-FOLLOWER: reject PRE_VOTE from s1: this server is a follower and still has a valid leader s3
2022-11-16 04:24:04,926 [HandlerDaemon-1] INFO  server.RaftServer$Division (RaftServerImpl.java:requestVote(1327)) - s2@group-742A07453557 replies to PRE_VOTE vote request: s1<-s2#0:FAIL-t1. Peer's state: s2@group-742A07453557:t1, leader=s3, voted=s3, raftlog=Memoized:s2@group-742A07453557-SegmentedRaftLog:OPENED:c0, conf=0: peers:[s3|rpc:localhost:32935|admin:localhost:46155|client:localhost:45497|dataStream:localhost:45325|priority:0|startupRole:FOLLOWER, s4|rpc:localhost:43443|admin:localhost:35771|client:localhost:42171|dataStream:localhost:35973|priority:0|startupRole:FOLLOWER, s0|rpc:localhost:39127|admin:localhost:34665|client:localhost:40015|dataStream:localhost:33597|priority:0|startupRole:FOLLOWER, s1|rpc:localhost:34777|admin:localhost:44841|client:localhost:46383|dataStream:localhost:39499|priority:0|startupRole:FOLLOWER, s2|rpc:localhost:42831|admin:localhost:43735|client:localhost:36571|dataStream:localhost:33613|priority:0|startupRole:FOLLOWER]|listeners:[], old=null
2022-11-16 04:24:04,926 [HandlerDaemon-1] INFO  impl.VoteContext (VoteContext.java:log(49)) - s3@group-742A07453557-LEADER: reject PRE_VOTE from s1: this server is the leader and still has leadership
2022-11-16 04:24:04,926 [HandlerDaemon-1] INFO  server.RaftServer$Division (RaftServerImpl.java:requestVote(1327)) - s4@group-742A07453557 replies to PRE_VOTE vote request: s1<-s4#0:FAIL-t1. Peer's state: s4@group-742A07453557:t1, leader=s3, voted=s3, raftlog=Memoized:s4@group-742A07453557-SegmentedRaftLog:OPENED:c0, conf=0: peers:[s3|rpc:localhost:32935|admin:localhost:46155|client:localhost:45497|dataStream:localhost:45325|priority:0|startupRole:FOLLOWER, s4|rpc:localhost:43443|admin:localhost:35771|client:localhost:42171|dataStream:localhost:35973|priority:0|startupRole:FOLLOWER, s0|rpc:localhost:39127|admin:localhost:34665|client:localhost:40015|dataStream:localhost:33597|priority:0|startupRole:FOLLOWER, s1|rpc:localhost:34777|admin:localhost:44841|client:localhost:46383|dataStream:localhost:39499|priority:0|startupRole:FOLLOWER, s2|rpc:localhost:42831|admin:localhost:43735|client:localhost:36571|dataStream:localhost:33613|priority:0|startupRole:FOLLOWER]|listeners:[], old=null
2022-11-16 04:24:04,926 [HandlerDaemon-1] INFO  server.RaftServer$Division (RaftServerImpl.java:requestVote(1294)) - s0@group-742A07453557: receive requestVote(PRE_VOTE, s1, group-742A07453557, 1, (t:1, i:0))
2022-11-16 04:24:04,926 [HandlerDaemon-1] INFO  impl.VoteContext (VoteContext.java:log(49)) - s0@group-742A07453557-FOLLOWER: reject PRE_VOTE from s1: this server is a follower and still has a valid leader s3
2022-11-16 04:24:04,927 [HandlerDaemon-1] INFO  server.RaftServer$Division (RaftServerImpl.java:requestVote(1327)) - s0@group-742A07453557 replies to PRE_VOTE vote request: s1<-s0#0:FAIL-t1. Peer's state: s0@group-742A07453557:t1, leader=s3, voted=s3, raftlog=Memoized:s0@group-742A07453557-SegmentedRaftLog:OPENED:c0, conf=0: peers:[s3|rpc:localhost:32935|admin:localhost:46155|client:localhost:45497|dataStream:localhost:45325|priority:0|startupRole:FOLLOWER, s4|rpc:localhost:43443|admin:localhost:35771|client:localhost:42171|dataStream:localhost:35973|priority:0|startupRole:FOLLOWER, s0|rpc:localhost:39127|admin:localhost:34665|client:localhost:40015|dataStream:localhost:33597|priority:0|startupRole:FOLLOWER, s1|rpc:localhost:34777|admin:localhost:44841|client:localhost:46383|dataStream:localhost:39499|priority:0|startupRole:FOLLOWER, s2|rpc:localhost:42831|admin:localhost:43735|client:localhost:36571|dataStream:localhost:33613|priority:0|startupRole:FOLLOWER]|listeners:[], old=null
2022-11-16 04:24:04,927 [s1@group-742A07453557-LeaderElection11] INFO  impl.LeaderElection (LeaderElection.java:logAndReturn(89)) - s1@group-742A07453557-LeaderElection11: PRE_VOTE REJECTED received 3 response(s) and 0 exception(s):
2022-11-16 04:24:04,927 [s1@group-742A07453557-LeaderElection11] INFO  impl.LeaderElection (LeaderElection.java:logAndReturn(93)) -   Response 0: s1<-s4#0:FAIL-t1
2022-11-16 04:24:04,927 [s1@group-742A07453557-LeaderElection11] INFO  impl.LeaderElection (LeaderElection.java:logAndReturn(93)) -   Response 1: s1<-s0#0:FAIL-t1
2022-11-16 04:24:04,927 [s1@group-742A07453557-LeaderElection11] INFO  impl.LeaderElection (LeaderElection.java:logAndReturn(93)) -   Response 2: s1<-s2#0:FAIL-t1
2022-11-16 04:24:04,927 [s1@group-742A07453557-LeaderElection11] INFO  impl.LeaderElection (LeaderElection.java:askForVotes(311)) - s1@group-742A07453557-LeaderElection11 PRE_VOTE round 0: result REJECTED
2022-11-16 04:24:04,927 [s1@group-742A07453557-LeaderElection11] INFO  server.RaftServer$Division (RaftServerImpl.java:setRole(325)) - s1@group-742A07453557: changes role from CANDIDATE to FOLLOWER at term 1 for REJECTED
2022-11-16 04:24:04,927 [s1@group-742A07453557-LeaderElection11] INFO  impl.RoleInfo (RoleInfo.java:shutdownLeaderElection(130)) - s1: shutdown s1@group-742A07453557-LeaderElection11
2022-11-16 04:24:04,927 [s1@group-742A07453557-LeaderElection11] INFO  impl.RoleInfo (RoleInfo.java:updateAndGet(139)) - s1: start s1@group-742A07453557-FollowerState
2022-11-16 04:24:04,926 [HandlerDaemon-1] INFO  server.RaftServer$Division (RaftServerImpl.java:requestVote(1327)) - s3@group-742A07453557 replies to PRE_VOTE vote request: s1<-s3#0:FAIL-t1. Peer's state: s3@group-742A07453557:t1, leader=s3, voted=s3, raftlog=Memoized:s3@group-742A07453557-SegmentedRaftLog:OPENED:c0, conf=0: peers:[s3|rpc:localhost:32935|admin:localhost:46155|client:localhost:45497|dataStream:localhost:45325|priority:0|startupRole:FOLLOWER, s4|rpc:localhost:43443|admin:localhost:35771|client:localhost:42171|dataStream:localhost:35973|priority:0|startupRole:FOLLOWER, s0|rpc:localhost:39127|admin:localhost:34665|client:localhost:40015|dataStream:localhost:33597|priority:0|startupRole:FOLLOWER, s1|rpc:localhost:34777|admin:localhost:44841|client:localhost:46383|dataStream:localhost:39499|priority:0|startupRole:FOLLOWER, s2|rpc:localhost:42831|admin:localhost:43735|client:localhost:36571|dataStream:localhost:33613|priority:0|startupRole:FOLLOWER]|listeners:[], old=null
2022-11-16 04:24:04,981 [HandlerDaemon-0] INFO  server.RaftServer$Division (RaftServerImpl.java:requestVote(1294)) - s1@group-742A07453557: receive requestVote(PRE_VOTE, s0, group-742A07453557, 1, (t:1, i:0))
2022-11-16 04:24:04,981 [HandlerDaemon-0] INFO  impl.VoteContext (VoteContext.java:log(49)) - s1@group-742A07453557-FOLLOWER: accept PRE_VOTE from s0: our priority 0 <= candidate's priority 0
2022-11-16 04:24:04,981 [HandlerDaemon-0] INFO  server.RaftServer$Division (RaftServerImpl.java:requestVote(1327)) - s1@group-742A07453557 replies to PRE_VOTE vote request: s0<-s1#0:OK-t1. Peer's state: s1@group-742A07453557:t1, leader=null, voted=s3, raftlog=Memoized:s1@group-742A07453557-SegmentedRaftLog:OPENED:c0, conf=0: peers:[s3|rpc:localhost:32935|admin:localhost:46155|client:localhost:45497|dataStream:localhost:45325|priority:0|startupRole:FOLLOWER, s4|rpc:localhost:43443|admin:localhost:35771|client:localhost:42171|dataStream:localhost:35973|priority:0|startupRole:FOLLOWER, s0|rpc:localhost:39127|admin:localhost:34665|client:localhost:40015|dataStream:localhost:33597|priority:0|startupRole:FOLLOWER, s1|rpc:localhost:34777|admin:localhost:44841|client:localhost:46383|dataStream:localhost:39499|priority:0|startupRole:FOLLOWER, s2|rpc:localhost:42831|admin:localhost:43735|client:localhost:36571|dataStream:localhost:33613|priority:0|startupRole:FOLLOWER]|listeners:[], old=null
2022-11-16 04:24:05,108 [HandlerDaemon-1] INFO  server.RaftServer$Division (ServerState.java:setLeader(260)) - s1@group-742A07453557: change Leader from null to s3 at term 1 for appendEntries, leader elected after 334ms
2022-11-16 04:24:05,355 [Time-limited test] INFO  simulation.TestLeaderElectionWithSimulatedRpc (LeaderElectionTests.java:enforceLeader(292)) - try enforcing leader to s1 but new leader is s3
2022-11-16 04:24:05,355 [Time-limited test] INFO  server.RaftServerConfigKeys (ConfUtils.java:logGet(46)) - raft.server.rpc.timeout.max = 300ms (default)
2022-11-16 04:24:05,702 [s1@group-742A07453557-FollowerState] INFO  impl.FollowerState (FollowerState.java:run(143)) - s1@group-742A07453557-FollowerState: change to CANDIDATE, lastRpcElapsedTime:365646352ns, electionTimeout:222ms
2022-11-16 04:24:05,702 [s1@group-742A07453557-FollowerState] INFO  impl.RoleInfo (RoleInfo.java:shutdownFollowerState(110)) - s1: shutdown s1@group-742A07453557-FollowerState
2022-11-16 04:24:05,702 [s1@group-742A07453557-FollowerState] INFO  server.RaftServer$Division (RaftServerImpl.java:setRole(325)) - s1@group-742A07453557: changes role from  FOLLOWER to CANDIDATE at term 1 for changeToCandidate
2022-11-16 04:24:05,702 [s1@group-742A07453557-FollowerState] INFO  server.RaftServerConfigKeys (ConfUtils.java:logGet(46)) - raft.server.leaderelection.pre-vote = true (default)
2022-11-16 04:24:05,702 [s1@group-742A07453557-FollowerState] INFO  impl.RoleInfo (RoleInfo.java:updateAndGet(139)) - s1: start s1@group-742A07453557-LeaderElection12
2022-11-16 04:24:05,703 [s1@group-742A07453557-LeaderElection12] INFO  server.RaftServer$Division (ServerState.java:setLeader(260)) - s1@group-742A07453557: change Leader from s3 to null at term 1 for PRE_VOTE
2022-11-16 04:24:05,703 [s1@group-742A07453557-LeaderElection12] INFO  impl.LeaderElection (LeaderElection.java:askForVotes(309)) - s1@group-742A07453557-LeaderElection12 PRE_VOTE round 0: submit vote requests at term 1 for 0: peers:[s3|rpc:localhost:32935|admin:localhost:46155|client:localhost:45497|dataStream:localhost:45325|priority:0|startupRole:FOLLOWER, s4|rpc:localhost:43443|admin:localhost:35771|client:localhost:42171|dataStream:localhost:35973|priority:0|startupRole:FOLLOWER, s0|rpc:localhost:39127|admin:localhost:34665|client:localhost:40015|dataStream:localhost:33597|priority:0|startupRole:FOLLOWER, s1|rpc:localhost:34777|admin:localhost:44841|client:localhost:46383|dataStream:localhost:39499|priority:0|startupRole:FOLLOWER, s2|rpc:localhost:42831|admin:localhost:43735|client:localhost:36571|dataStream:localhost:33613|priority:0|startupRole:FOLLOWER]|listeners:[], old=null
2022-11-16 04:24:05,805 [Time-limited test] INFO  server.RaftServerConfigKeys (ConfUtils.java:logGet(46)) - raft.server.rpc.timeout.max = 300ms (default)
2022-11-16 04:24:05,854 [HandlerDaemon-2] INFO  server.RaftServer$Division (RaftServerImpl.java:requestVote(1294)) - s3@group-742A07453557: receive requestVote(PRE_VOTE, s1, group-742A07453557, 1, (t:1, i:0))
2022-11-16 04:24:05,855 [HandlerDaemon-0] INFO  server.RaftServer$Division (RaftServerImpl.java:requestVote(1294)) - s4@group-742A07453557: receive requestVote(PRE_VOTE, s1, group-742A07453557, 1, (t:1, i:0))
2022-11-16 04:24:05,855 [HandlerDaemon-0] INFO  impl.VoteContext (VoteContext.java:log(49)) - s4@group-742A07453557-FOLLOWER: reject PRE_VOTE from s1: this server is a follower and still has a valid leader s3
2022-11-16 04:24:05,855 [HandlerDaemon-0] INFO  server.RaftServer$Division (RaftServerImpl.java:requestVote(1327)) - s4@group-742A07453557 replies to PRE_VOTE vote request: s1<-s4#0:FAIL-t1. Peer's state: s4@group-742A07453557:t1, leader=s3, voted=s3, raftlog=Memoized:s4@group-742A07453557-SegmentedRaftLog:OPENED:c0, conf=0: peers:[s3|rpc:localhost:32935|admin:localhost:46155|client:localhost:45497|dataStream:localhost:45325|priority:0|startupRole:FOLLOWER, s4|rpc:localhost:43443|admin:localhost:35771|client:localhost:42171|dataStream:localhost:35973|priority:0|startupRole:FOLLOWER, s0|rpc:localhost:39127|admin:localhost:34665|client:localhost:40015|dataStream:localhost:33597|priority:0|startupRole:FOLLOWER, s1|rpc:localhost:34777|admin:localhost:44841|client:localhost:46383|dataStream:localhost:39499|priority:0|startupRole:FOLLOWER, s2|rpc:localhost:42831|admin:localhost:43735|client:localhost:36571|dataStream:localhost:33613|priority:0|startupRole:FOLLOWER]|listeners:[], old=null
2022-11-16 04:24:05,855 [HandlerDaemon-2] INFO  impl.VoteContext (VoteContext.java:log(49)) - s3@group-742A07453557-LEADER: reject PRE_VOTE from s1: this server is the leader and still has leadership
2022-11-16 04:24:05,855 [HandlerDaemon-0] INFO  server.RaftServer$Division (RaftServerImpl.java:requestVote(1294)) - s2@group-742A07453557: receive requestVote(PRE_VOTE, s1, group-742A07453557, 1, (t:1, i:0))
2022-11-16 04:24:05,855 [HandlerDaemon-0] INFO  impl.VoteContext (VoteContext.java:log(49)) - s2@group-742A07453557-FOLLOWER: reject PRE_VOTE from s1: this server is a follower and still has a valid leader s3
2022-11-16 04:24:05,855 [HandlerDaemon-0] INFO  server.RaftServer$Division (RaftServerImpl.java:requestVote(1327)) - s2@group-742A07453557 replies to PRE_VOTE vote request: s1<-s2#0:FAIL-t1. Peer's state: s2@group-742A07453557:t1, leader=s3, voted=s3, raftlog=Memoized:s2@group-742A07453557-SegmentedRaftLog:OPENED:c0, conf=0: peers:[s3|rpc:localhost:32935|admin:localhost:46155|client:localhost:45497|dataStream:localhost:45325|priority:0|startupRole:FOLLOWER, s4|rpc:localhost:43443|admin:localhost:35771|client:localhost:42171|dataStream:localhost:35973|priority:0|startupRole:FOLLOWER, s0|rpc:localhost:39127|admin:localhost:34665|client:localhost:40015|dataStream:localhost:33597|priority:0|startupRole:FOLLOWER, s1|rpc:localhost:34777|admin:localhost:44841|client:localhost:46383|dataStream:localhost:39499|priority:0|startupRole:FOLLOWER, s2|rpc:localhost:42831|admin:localhost:43735|client:localhost:36571|dataStream:localhost:33613|priority:0|startupRole:FOLLOWER]|listeners:[], old=null
2022-11-16 04:24:05,855 [HandlerDaemon-2] INFO  server.RaftServer$Division (RaftServerImpl.java:requestVote(1294)) - s0@group-742A07453557: receive requestVote(PRE_VOTE, s1, group-742A07453557, 1, (t:1, i:0))
2022-11-16 04:24:05,855 [HandlerDaemon-2] INFO  impl.VoteContext (VoteContext.java:log(49)) - s0@group-742A07453557-FOLLOWER: reject PRE_VOTE from s1: this server is a follower and still has a valid leader s3
2022-11-16 04:24:05,856 [HandlerDaemon-2] INFO  server.RaftServer$Division (RaftServerImpl.java:requestVote(1327)) - s0@group-742A07453557 replies to PRE_VOTE vote request: s1<-s0#0:FAIL-t1. Peer's state: s0@group-742A07453557:t1, leader=s3, voted=s3, raftlog=Memoized:s0@group-742A07453557-SegmentedRaftLog:OPENED:c0, conf=0: peers:[s3|rpc:localhost:32935|admin:localhost:46155|client:localhost:45497|dataStream:localhost:45325|priority:0|startupRole:FOLLOWER, s4|rpc:localhost:43443|admin:localhost:35771|client:localhost:42171|dataStream:localhost:35973|priority:0|startupRole:FOLLOWER, s0|rpc:localhost:39127|admin:localhost:34665|client:localhost:40015|dataStream:localhost:33597|priority:0|startupRole:FOLLOWER, s1|rpc:localhost:34777|admin:localhost:44841|client:localhost:46383|dataStream:localhost:39499|priority:0|startupRole:FOLLOWER, s2|rpc:localhost:42831|admin:localhost:43735|client:localhost:36571|dataStream:localhost:33613|priority:0|startupRole:FOLLOWER]|listeners:[], old=null
2022-11-16 04:24:05,855 [HandlerDaemon-2] INFO  server.RaftServer$Division (RaftServerImpl.java:requestVote(1327)) - s3@group-742A07453557 replies to PRE_VOTE vote request: s1<-s3#0:FAIL-t1. Peer's state: s3@group-742A07453557:t1, leader=s3, voted=s3, raftlog=Memoized:s3@group-742A07453557-SegmentedRaftLog:OPENED:c0, conf=0: peers:[s3|rpc:localhost:32935|admin:localhost:46155|client:localhost:45497|dataStream:localhost:45325|priority:0|startupRole:FOLLOWER, s4|rpc:localhost:43443|admin:localhost:35771|client:localhost:42171|dataStream:localhost:35973|priority:0|startupRole:FOLLOWER, s0|rpc:localhost:39127|admin:localhost:34665|client:localhost:40015|dataStream:localhost:33597|priority:0|startupRole:FOLLOWER, s1|rpc:localhost:34777|admin:localhost:44841|client:localhost:46383|dataStream:localhost:39499|priority:0|startupRole:FOLLOWER, s2|rpc:localhost:42831|admin:localhost:43735|client:localhost:36571|dataStream:localhost:33613|priority:0|startupRole:FOLLOWER]|listeners:[], old=null
2022-11-16 04:24:05,856 [s1@group-742A07453557-LeaderElection12] INFO  impl.LeaderElection (LeaderElection.java:logAndReturn(89)) - s1@group-742A07453557-LeaderElection12: PRE_VOTE REJECTED received 3 response(s) and 0 exception(s):
2022-11-16 04:24:05,856 [s1@group-742A07453557-LeaderElection12] INFO  impl.LeaderElection (LeaderElection.java:logAndReturn(93)) -   Response 0: s1<-s3#0:FAIL-t1
2022-11-16 04:24:05,856 [s1@group-742A07453557-LeaderElection12] INFO  impl.LeaderElection (LeaderElection.java:logAndReturn(93)) -   Response 1: s1<-s4#0:FAIL-t1
2022-11-16 04:24:05,856 [s1@group-742A07453557-LeaderElection12] INFO  impl.LeaderElection (LeaderElection.java:logAndReturn(93)) -   Response 2: s1<-s2#0:FAIL-t1
2022-11-16 04:24:05,856 [s1@group-742A07453557-LeaderElection12] INFO  impl.LeaderElection (LeaderElection.java:askForVotes(311)) - s1@group-742A07453557-LeaderElection12 PRE_VOTE round 0: result REJECTED
2022-11-16 04:24:05,856 [s1@group-742A07453557-LeaderElection12] INFO  server.RaftServer$Division (RaftServerImpl.java:setRole(325)) - s1@group-742A07453557: changes role from CANDIDATE to FOLLOWER at term 1 for REJECTED
2022-11-16 04:24:05,856 [s1@group-742A07453557-LeaderElection12] INFO  impl.RoleInfo (RoleInfo.java:shutdownLeaderElection(130)) - s1: shutdown s1@group-742A07453557-LeaderElection12
2022-11-16 04:24:05,856 [s1@group-742A07453557-LeaderElection12] INFO  impl.RoleInfo (RoleInfo.java:updateAndGet(139)) - s1: start s1@group-742A07453557-FollowerState
2022-11-16 04:24:06,012 [HandlerDaemon-2] INFO  server.RaftServer$Division (ServerState.java:setLeader(260)) - s1@group-742A07453557: change Leader from null to s3 at term 1 for appendEntries, leader elected after 309ms
2022-11-16 04:24:06,256 [Time-limited test] INFO  simulation.TestLeaderElectionWithSimulatedRpc (LeaderElectionTests.java:enforceLeader(292)) - try enforcing leader to s1 but new leader is s3
2022-11-16 04:24:06,256 [Time-limited test] INFO  server.RaftServerConfigKeys (ConfUtils.java:logGet(46)) - raft.server.rpc.timeout.max = 300ms (default)
2022-11-16 04:24:06,506 [s1@group-742A07453557-FollowerState] INFO  impl.FollowerState (FollowerState.java:run(143)) - s1@group-742A07453557-FollowerState: change to CANDIDATE, lastRpcElapsedTime:265154656ns, electionTimeout:168ms
2022-11-16 04:24:06,506 [s1@group-742A07453557-FollowerState] INFO  impl.RoleInfo (RoleInfo.java:shutdownFollowerState(110)) - s1: shutdown s1@group-742A07453557-FollowerState
2022-11-16 04:24:06,506 [s1@group-742A07453557-FollowerState] INFO  server.RaftServer$Division (RaftServerImpl.java:setRole(325)) - s1@group-742A07453557: changes role from  FOLLOWER to CANDIDATE at term 1 for changeToCandidate
2022-11-16 04:24:06,506 [s1@group-742A07453557-FollowerState] INFO  server.RaftServerConfigKeys (ConfUtils.java:logGet(46)) - raft.server.leaderelection.pre-vote = true (default)
2022-11-16 04:24:06,506 [s1@group-742A07453557-FollowerState] INFO  impl.RoleInfo (RoleInfo.java:updateAndGet(139)) - s1: start s1@group-742A07453557-LeaderElection13
2022-11-16 04:24:06,507 [s1@group-742A07453557-LeaderElection13] INFO  server.RaftServer$Division (ServerState.java:setLeader(260)) - s1@group-742A07453557: change Leader from s3 to null at term 1 for PRE_VOTE
2022-11-16 04:24:06,507 [s1@group-742A07453557-LeaderElection13] INFO  impl.LeaderElection (LeaderElection.java:askForVotes(309)) - s1@group-742A07453557-LeaderElection13 PRE_VOTE round 0: submit vote requests at term 1 for 0: peers:[s3|rpc:localhost:32935|admin:localhost:46155|client:localhost:45497|dataStream:localhost:45325|priority:0|startupRole:FOLLOWER, s4|rpc:localhost:43443|admin:localhost:35771|client:localhost:42171|dataStream:localhost:35973|priority:0|startupRole:FOLLOWER, s0|rpc:localhost:39127|admin:localhost:34665|client:localhost:40015|dataStream:localhost:33597|priority:0|startupRole:FOLLOWER, s1|rpc:localhost:34777|admin:localhost:44841|client:localhost:46383|dataStream:localhost:39499|priority:0|startupRole:FOLLOWER, s2|rpc:localhost:42831|admin:localhost:43735|client:localhost:36571|dataStream:localhost:33613|priority:0|startupRole:FOLLOWER]|listeners:[], old=null
2022-11-16 04:24:06,659 [HandlerDaemon-0] INFO  server.RaftServer$Division (RaftServerImpl.java:requestVote(1294)) - s3@group-742A07453557: receive requestVote(PRE_VOTE, s1, group-742A07453557, 1, (t:1, i:0))
2022-11-16 04:24:06,659 [HandlerDaemon-0] INFO  impl.VoteContext (VoteContext.java:log(49)) - s3@group-742A07453557-LEADER: reject PRE_VOTE from s1: this server is the leader and still has leadership
2022-11-16 04:24:06,659 [HandlerDaemon-1] INFO  server.RaftServer$Division (RaftServerImpl.java:requestVote(1294)) - s4@group-742A07453557: receive requestVote(PRE_VOTE, s1, group-742A07453557, 1, (t:1, i:0))
2022-11-16 04:24:06,660 [HandlerDaemon-1] INFO  impl.VoteContext (VoteContext.java:log(49)) - s4@group-742A07453557-FOLLOWER: reject PRE_VOTE from s1: this server is a follower and still has a valid leader s3
2022-11-16 04:24:06,659 [HandlerDaemon-1] INFO  server.RaftServer$Division (RaftServerImpl.java:requestVote(1294)) - s0@group-742A07453557: receive requestVote(PRE_VOTE, s1, group-742A07453557, 1, (t:1, i:0))
2022-11-16 04:24:06,660 [HandlerDaemon-1] INFO  server.RaftServer$Division (RaftServerImpl.java:requestVote(1327)) - s4@group-742A07453557 replies to PRE_VOTE vote request: s1<-s4#0:FAIL-t1. Peer's state: s4@group-742A07453557:t1, leader=s3, voted=s3, raftlog=Memoized:s4@group-742A07453557-SegmentedRaftLog:OPENED:c0, conf=0: peers:[s3|rpc:localhost:32935|admin:localhost:46155|client:localhost:45497|dataStream:localhost:45325|priority:0|startupRole:FOLLOWER, s4|rpc:localhost:43443|admin:localhost:35771|client:localhost:42171|dataStream:localhost:35973|priority:0|startupRole:FOLLOWER, s0|rpc:localhost:39127|admin:localhost:34665|client:localhost:40015|dataStream:localhost:33597|priority:0|startupRole:FOLLOWER, s1|rpc:localhost:34777|admin:localhost:44841|client:localhost:46383|dataStream:localhost:39499|priority:0|startupRole:FOLLOWER, s2|rpc:localhost:42831|admin:localhost:43735|client:localhost:36571|dataStream:localhost:33613|priority:0|startupRole:FOLLOWER]|listeners:[], old=null
2022-11-16 04:24:06,659 [HandlerDaemon-0] INFO  server.RaftServer$Division (RaftServerImpl.java:requestVote(1327)) - s3@group-742A07453557 replies to PRE_VOTE vote request: s1<-s3#0:FAIL-t1. Peer's state: s3@group-742A07453557:t1, leader=s3, voted=s3, raftlog=Memoized:s3@group-742A07453557-SegmentedRaftLog:OPENED:c0, conf=0: peers:[s3|rpc:localhost:32935|admin:localhost:46155|client:localhost:45497|dataStream:localhost:45325|priority:0|startupRole:FOLLOWER, s4|rpc:localhost:43443|admin:localhost:35771|client:localhost:42171|dataStream:localhost:35973|priority:0|startupRole:FOLLOWER, s0|rpc:localhost:39127|admin:localhost:34665|client:localhost:40015|dataStream:localhost:33597|priority:0|startupRole:FOLLOWER, s1|rpc:localhost:34777|admin:localhost:44841|client:localhost:46383|dataStream:localhost:39499|priority:0|startupRole:FOLLOWER, s2|rpc:localhost:42831|admin:localhost:43735|client:localhost:36571|dataStream:localhost:33613|priority:0|startupRole:FOLLOWER]|listeners:[], old=null
2022-11-16 04:24:06,659 [HandlerDaemon-1] INFO  server.RaftServer$Division (RaftServerImpl.java:requestVote(1294)) - s2@group-742A07453557: receive requestVote(PRE_VOTE, s1, group-742A07453557, 1, (t:1, i:0))
2022-11-16 04:24:06,660 [HandlerDaemon-1] INFO  impl.VoteContext (VoteContext.java:log(49)) - s2@group-742A07453557-FOLLOWER: reject PRE_VOTE from s1: this server is a follower and still has a valid leader s3
2022-11-16 04:24:06,660 [HandlerDaemon-1] INFO  server.RaftServer$Division (RaftServerImpl.java:requestVote(1327)) - s2@group-742A07453557 replies to PRE_VOTE vote request: s1<-s2#0:FAIL-t1. Peer's state: s2@group-742A07453557:t1, leader=s3, voted=s3, raftlog=Memoized:s2@group-742A07453557-SegmentedRaftLog:OPENED:c0, conf=0: peers:[s3|rpc:localhost:32935|admin:localhost:46155|client:localhost:45497|dataStream:localhost:45325|priority:0|startupRole:FOLLOWER, s4|rpc:localhost:43443|admin:localhost:35771|client:localhost:42171|dataStream:localhost:35973|priority:0|startupRole:FOLLOWER, s0|rpc:localhost:39127|admin:localhost:34665|client:localhost:40015|dataStream:localhost:33597|priority:0|startupRole:FOLLOWER, s1|rpc:localhost:34777|admin:localhost:44841|client:localhost:46383|dataStream:localhost:39499|priority:0|startupRole:FOLLOWER, s2|rpc:localhost:42831|admin:localhost:43735|client:localhost:36571|dataStream:localhost:33613|priority:0|startupRole:FOLLOWER]|listeners:[], old=null
2022-11-16 04:24:06,660 [HandlerDaemon-1] INFO  impl.VoteContext (VoteContext.java:log(49)) - s0@group-742A07453557-FOLLOWER: reject PRE_VOTE from s1: this server is a follower and still has a valid leader s3
2022-11-16 04:24:06,661 [s1@group-742A07453557-LeaderElection13] INFO  impl.LeaderElection (LeaderElection.java:logAndReturn(89)) - s1@group-742A07453557-LeaderElection13: PRE_VOTE REJECTED received 3 response(s) and 0 exception(s):
2022-11-16 04:24:06,661 [HandlerDaemon-1] INFO  server.RaftServer$Division (RaftServerImpl.java:requestVote(1327)) - s0@group-742A07453557 replies to PRE_VOTE vote request: s1<-s0#0:FAIL-t1. Peer's state: s0@group-742A07453557:t1, leader=s3, voted=s3, raftlog=Memoized:s0@group-742A07453557-SegmentedRaftLog:OPENED:c0, conf=0: peers:[s3|rpc:localhost:32935|admin:localhost:46155|client:localhost:45497|dataStream:localhost:45325|priority:0|startupRole:FOLLOWER, s4|rpc:localhost:43443|admin:localhost:35771|client:localhost:42171|dataStream:localhost:35973|priority:0|startupRole:FOLLOWER, s0|rpc:localhost:39127|admin:localhost:34665|client:localhost:40015|dataStream:localhost:33597|priority:0|startupRole:FOLLOWER, s1|rpc:localhost:34777|admin:localhost:44841|client:localhost:46383|dataStream:localhost:39499|priority:0|startupRole:FOLLOWER, s2|rpc:localhost:42831|admin:localhost:43735|client:localhost:36571|dataStream:localhost:33613|priority:0|startupRole:FOLLOWER]|listeners:[], old=null
2022-11-16 04:24:06,661 [s1@group-742A07453557-LeaderElection13] INFO  impl.LeaderElection (LeaderElection.java:logAndReturn(93)) -   Response 0: s1<-s3#0:FAIL-t1
2022-11-16 04:24:06,661 [s1@group-742A07453557-LeaderElection13] INFO  impl.LeaderElection (LeaderElection.java:logAndReturn(93)) -   Response 1: s1<-s4#0:FAIL-t1
2022-11-16 04:24:06,661 [s1@group-742A07453557-LeaderElection13] INFO  impl.LeaderElection (LeaderElection.java:logAndReturn(93)) -   Response 2: s1<-s2#0:FAIL-t1
2022-11-16 04:24:06,661 [s1@group-742A07453557-LeaderElection13] INFO  impl.LeaderElection (LeaderElection.java:askForVotes(311)) - s1@group-742A07453557-LeaderElection13 PRE_VOTE round 0: result REJECTED
2022-11-16 04:24:06,661 [s1@group-742A07453557-LeaderElection13] INFO  server.RaftServer$Division (RaftServerImpl.java:setRole(325)) - s1@group-742A07453557: changes role from CANDIDATE to FOLLOWER at term 1 for REJECTED
2022-11-16 04:24:06,661 [s1@group-742A07453557-LeaderElection13] INFO  impl.RoleInfo (RoleInfo.java:shutdownLeaderElection(130)) - s1: shutdown s1@group-742A07453557-LeaderElection13
2022-11-16 04:24:06,662 [s1@group-742A07453557-LeaderElection13] INFO  impl.RoleInfo (RoleInfo.java:updateAndGet(139)) - s1: start s1@group-742A07453557-FollowerState
2022-11-16 04:24:06,707 [Time-limited test] INFO  server.RaftServerConfigKeys (ConfUtils.java:logGet(46)) - raft.server.rpc.timeout.max = 300ms (default)
2022-11-16 04:24:06,834 [s1@group-742A07453557-FollowerState] INFO  impl.FollowerState (FollowerState.java:run(143)) - s1@group-742A07453557-FollowerState: change to CANDIDATE, lastRpcElapsedTime:172301350ns, electionTimeout:171ms
2022-11-16 04:24:06,834 [s1@group-742A07453557-FollowerState] INFO  impl.RoleInfo (RoleInfo.java:shutdownFollowerState(110)) - s1: shutdown s1@group-742A07453557-FollowerState
2022-11-16 04:24:06,834 [s1@group-742A07453557-FollowerState] INFO  server.RaftServer$Division (RaftServerImpl.java:setRole(325)) - s1@group-742A07453557: changes role from  FOLLOWER to CANDIDATE at term 1 for changeToCandidate
2022-11-16 04:24:06,835 [s1@group-742A07453557-FollowerState] INFO  server.RaftServerConfigKeys (ConfUtils.java:logGet(46)) - raft.server.leaderelection.pre-vote = true (default)
2022-11-16 04:24:06,835 [s1@group-742A07453557-FollowerState] INFO  impl.RoleInfo (RoleInfo.java:updateAndGet(139)) - s1: start s1@group-742A07453557-LeaderElection14
2022-11-16 04:24:06,836 [s1@group-742A07453557-LeaderElection14] INFO  impl.LeaderElection (LeaderElection.java:askForVotes(309)) - s1@group-742A07453557-LeaderElection14 PRE_VOTE round 0: submit vote requests at term 1 for 0: peers:[s3|rpc:localhost:32935|admin:localhost:46155|client:localhost:45497|dataStream:localhost:45325|priority:0|startupRole:FOLLOWER, s4|rpc:localhost:43443|admin:localhost:35771|client:localhost:42171|dataStream:localhost:35973|priority:0|startupRole:FOLLOWER, s0|rpc:localhost:39127|admin:localhost:34665|client:localhost:40015|dataStream:localhost:33597|priority:0|startupRole:FOLLOWER, s1|rpc:localhost:34777|admin:localhost:44841|client:localhost:46383|dataStream:localhost:39499|priority:0|startupRole:FOLLOWER, s2|rpc:localhost:42831|admin:localhost:43735|client:localhost:36571|dataStream:localhost:33613|priority:0|startupRole:FOLLOWER]|listeners:[], old=null
2022-11-16 04:24:06,837 [HandlerDaemon-1] INFO  server.RaftServer$Division (RaftServerImpl.java:requestVote(1294)) - s3@group-742A07453557: receive requestVote(PRE_VOTE, s1, group-742A07453557, 1, (t:1, i:0))
2022-11-16 04:24:06,837 [HandlerDaemon-1] INFO  impl.VoteContext (VoteContext.java:log(49)) - s3@group-742A07453557-LEADER: reject PRE_VOTE from s1: this server is the leader and still has leadership
2022-11-16 04:24:06,837 [HandlerDaemon-1] INFO  server.RaftServer$Division (RaftServerImpl.java:requestVote(1327)) - s3@group-742A07453557 replies to PRE_VOTE vote request: s1<-s3#0:FAIL-t1. Peer's state: s3@group-742A07453557:t1, leader=s3, voted=s3, raftlog=Memoized:s3@group-742A07453557-SegmentedRaftLog:OPENED:c0, conf=0: peers:[s3|rpc:localhost:32935|admin:localhost:46155|client:localhost:45497|dataStream:localhost:45325|priority:0|startupRole:FOLLOWER, s4|rpc:localhost:43443|admin:localhost:35771|client:localhost:42171|dataStream:localhost:35973|priority:0|startupRole:FOLLOWER, s0|rpc:localhost:39127|admin:localhost:34665|client:localhost:40015|dataStream:localhost:33597|priority:0|startupRole:FOLLOWER, s1|rpc:localhost:34777|admin:localhost:44841|client:localhost:46383|dataStream:localhost:39499|priority:0|startupRole:FOLLOWER, s2|rpc:localhost:42831|admin:localhost:43735|client:localhost:36571|dataStream:localhost:33613|priority:0|startupRole:FOLLOWER]|listeners:[], old=null
2022-11-16 04:24:06,837 [HandlerDaemon-1] INFO  server.RaftServer$Division (RaftServerImpl.java:requestVote(1294)) - s4@group-742A07453557: receive requestVote(PRE_VOTE, s1, group-742A07453557, 1, (t:1, i:0))
2022-11-16 04:24:06,837 [HandlerDaemon-1] INFO  server.RaftServer$Division (RaftServerImpl.java:requestVote(1294)) - s0@group-742A07453557: receive requestVote(PRE_VOTE, s1, group-742A07453557, 1, (t:1, i:0))
2022-11-16 04:24:06,837 [HandlerDaemon-1] INFO  impl.VoteContext (VoteContext.java:log(49)) - s4@group-742A07453557-FOLLOWER: reject PRE_VOTE from s1: this server is a follower and still has a valid leader s3
2022-11-16 04:24:06,838 [HandlerDaemon-1] INFO  server.RaftServer$Division (RaftServerImpl.java:requestVote(1327)) - s4@group-742A07453557 replies to PRE_VOTE vote request: s1<-s4#0:FAIL-t1. Peer's state: s4@group-742A07453557:t1, leader=s3, voted=s3, raftlog=Memoized:s4@group-742A07453557-SegmentedRaftLog:OPENED:c0, conf=0: peers:[s3|rpc:localhost:32935|admin:localhost:46155|client:localhost:45497|dataStream:localhost:45325|priority:0|startupRole:FOLLOWER, s4|rpc:localhost:43443|admin:localhost:35771|client:localhost:42171|dataStream:localhost:35973|priority:0|startupRole:FOLLOWER, s0|rpc:localhost:39127|admin:localhost:34665|client:localhost:40015|dataStream:localhost:33597|priority:0|startupRole:FOLLOWER, s1|rpc:localhost:34777|admin:localhost:44841|client:localhost:46383|dataStream:localhost:39499|priority:0|startupRole:FOLLOWER, s2|rpc:localhost:42831|admin:localhost:43735|client:localhost:36571|dataStream:localhost:33613|priority:0|startupRole:FOLLOWER]|listeners:[], old=null
2022-11-16 04:24:06,838 [HandlerDaemon-1] INFO  impl.VoteContext (VoteContext.java:log(49)) - s0@group-742A07453557-FOLLOWER: reject PRE_VOTE from s1: this server is a follower and still has a valid leader s3
2022-11-16 04:24:06,839 [HandlerDaemon-1] INFO  server.RaftServer$Division (RaftServerImpl.java:requestVote(1327)) - s0@group-742A07453557 replies to PRE_VOTE vote request: s1<-s0#0:FAIL-t1. Peer's state: s0@group-742A07453557:t1, leader=s3, voted=s3, raftlog=Memoized:s0@group-742A07453557-SegmentedRaftLog:OPENED:c0, conf=0: peers:[s3|rpc:localhost:32935|admin:localhost:46155|client:localhost:45497|dataStream:localhost:45325|priority:0|startupRole:FOLLOWER, s4|rpc:localhost:43443|admin:localhost:35771|client:localhost:42171|dataStream:localhost:35973|priority:0|startupRole:FOLLOWER, s0|rpc:localhost:39127|admin:localhost:34665|client:localhost:40015|dataStream:localhost:33597|priority:0|startupRole:FOLLOWER, s1|rpc:localhost:34777|admin:localhost:44841|client:localhost:46383|dataStream:localhost:39499|priority:0|startupRole:FOLLOWER, s2|rpc:localhost:42831|admin:localhost:43735|client:localhost:36571|dataStream:localhost:33613|priority:0|startupRole:FOLLOWER]|listeners:[], old=null
2022-11-16 04:24:06,839 [HandlerDaemon-1] INFO  server.RaftServer$Division (RaftServerImpl.java:requestVote(1294)) - s2@group-742A07453557: receive requestVote(PRE_VOTE, s1, group-742A07453557, 1, (t:1, i:0))
2022-11-16 04:24:06,839 [HandlerDaemon-1] INFO  impl.VoteContext (VoteContext.java:log(49)) - s2@group-742A07453557-FOLLOWER: reject PRE_VOTE from s1: this server is a follower and still has a valid leader s3
2022-11-16 04:24:06,839 [HandlerDaemon-1] INFO  server.RaftServer$Division (RaftServerImpl.java:requestVote(1327)) - s2@group-742A07453557 replies to PRE_VOTE vote request: s1<-s2#0:FAIL-t1. Peer's state: s2@group-742A07453557:t1, leader=s3, voted=s3, raftlog=Memoized:s2@group-742A07453557-SegmentedRaftLog:OPENED:c0, conf=0: peers:[s3|rpc:localhost:32935|admin:localhost:46155|client:localhost:45497|dataStream:localhost:45325|priority:0|startupRole:FOLLOWER, s4|rpc:localhost:43443|admin:localhost:35771|client:localhost:42171|dataStream:localhost:35973|priority:0|startupRole:FOLLOWER, s0|rpc:localhost:39127|admin:localhost:34665|client:localhost:40015|dataStream:localhost:33597|priority:0|startupRole:FOLLOWER, s1|rpc:localhost:34777|admin:localhost:44841|client:localhost:46383|dataStream:localhost:39499|priority:0|startupRole:FOLLOWER, s2|rpc:localhost:42831|admin:localhost:43735|client:localhost:36571|dataStream:localhost:33613|priority:0|startupRole:FOLLOWER]|listeners:[], old=null
2022-11-16 04:24:06,839 [s1@group-742A07453557-LeaderElection14] INFO  impl.LeaderElection (LeaderElection.java:logAndReturn(89)) - s1@group-742A07453557-LeaderElection14: PRE_VOTE REJECTED received 3 response(s) and 0 exception(s):
2022-11-16 04:24:06,839 [s1@group-742A07453557-LeaderElection14] INFO  impl.LeaderElection (LeaderElection.java:logAndReturn(93)) -   Response 0: s1<-s3#0:FAIL-t1
2022-11-16 04:24:06,839 [s1@group-742A07453557-LeaderElection14] INFO  impl.LeaderElection (LeaderElection.java:logAndReturn(93)) -   Response 1: s1<-s4#0:FAIL-t1
2022-11-16 04:24:06,839 [s1@group-742A07453557-LeaderElection14] INFO  impl.LeaderElection (LeaderElection.java:logAndReturn(93)) -   Response 2: s1<-s2#0:FAIL-t1
2022-11-16 04:24:06,839 [s1@group-742A07453557-LeaderElection14] INFO  impl.LeaderElection (LeaderElection.java:askForVotes(311)) - s1@group-742A07453557-LeaderElection14 PRE_VOTE round 0: result REJECTED
2022-11-16 04:24:06,840 [s1@group-742A07453557-LeaderElection14] INFO  server.RaftServer$Division (RaftServerImpl.java:setRole(325)) - s1@group-742A07453557: changes role from CANDIDATE to FOLLOWER at term 1 for REJECTED
2022-11-16 04:24:06,840 [s1@group-742A07453557-LeaderElection14] INFO  impl.RoleInfo (RoleInfo.java:shutdownLeaderElection(130)) - s1: shutdown s1@group-742A07453557-LeaderElection14
2022-11-16 04:24:06,840 [s1@group-742A07453557-LeaderElection14] INFO  impl.RoleInfo (RoleInfo.java:updateAndGet(139)) - s1: start s1@group-742A07453557-FollowerState
2022-11-16 04:24:06,917 [HandlerDaemon-0] INFO  server.RaftServer$Division (ServerState.java:setLeader(260)) - s1@group-742A07453557: change Leader from null to s3 at term 1 for appendEntries, leader elected after 409ms
2022-11-16 04:24:07,157 [Time-limited test] INFO  simulation.TestLeaderElectionWithSimulatedRpc (LeaderElectionTests.java:enforceLeader(292)) - try enforcing leader to s1 but new leader is s3
2022-11-16 04:24:07,158 [Time-limited test] INFO  server.RaftServerConfigKeys (ConfUtils.java:logGet(46)) - raft.server.rpc.timeout.max = 300ms (default)
2022-11-16 04:24:07,608 [Time-limited test] INFO  server.RaftServerConfigKeys (ConfUtils.java:logGet(46)) - raft.server.rpc.timeout.max = 300ms (default)
2022-11-16 04:24:07,615 [s1@group-742A07453557-FollowerState] INFO  impl.FollowerState (FollowerState.java:run(143)) - s1@group-742A07453557-FollowerState: change to CANDIDATE, lastRpcElapsedTime:470572528ns, electionTimeout:190ms
2022-11-16 04:24:07,615 [s1@group-742A07453557-FollowerState] INFO  impl.RoleInfo (RoleInfo.java:shutdownFollowerState(110)) - s1: shutdown s1@group-742A07453557-FollowerState
2022-11-16 04:24:07,615 [s1@group-742A07453557-FollowerState] INFO  server.RaftServer$Division (RaftServerImpl.java:setRole(325)) - s1@group-742A07453557: changes role from  FOLLOWER to CANDIDATE at term 1 for changeToCandidate
2022-11-16 04:24:07,615 [s1@group-742A07453557-FollowerState] INFO  server.RaftServerConfigKeys (ConfUtils.java:logGet(46)) - raft.server.leaderelection.pre-vote = true (default)
2022-11-16 04:24:07,615 [s1@group-742A07453557-FollowerState] INFO  impl.RoleInfo (RoleInfo.java:updateAndGet(139)) - s1: start s1@group-742A07453557-LeaderElection15
2022-11-16 04:24:07,615 [s1@group-742A07453557-LeaderElection15] INFO  server.RaftServer$Division (ServerState.java:setLeader(260)) - s1@group-742A07453557: change Leader from s3 to null at term 1 for PRE_VOTE
2022-11-16 04:24:07,616 [s1@group-742A07453557-LeaderElection15] INFO  impl.LeaderElection (LeaderElection.java:askForVotes(309)) - s1@group-742A07453557-LeaderElection15 PRE_VOTE round 0: submit vote requests at term 1 for 0: peers:[s3|rpc:localhost:32935|admin:localhost:46155|client:localhost:45497|dataStream:localhost:45325|priority:0|startupRole:FOLLOWER, s4|rpc:localhost:43443|admin:localhost:35771|client:localhost:42171|dataStream:localhost:35973|priority:0|startupRole:FOLLOWER, s0|rpc:localhost:39127|admin:localhost:34665|client:localhost:40015|dataStream:localhost:33597|priority:0|startupRole:FOLLOWER, s1|rpc:localhost:34777|admin:localhost:44841|client:localhost:46383|dataStream:localhost:39499|priority:0|startupRole:FOLLOWER, s2|rpc:localhost:42831|admin:localhost:43735|client:localhost:36571|dataStream:localhost:33613|priority:0|startupRole:FOLLOWER]|listeners:[], old=null
2022-11-16 04:24:07,616 [HandlerDaemon-2] INFO  server.RaftServer$Division (RaftServerImpl.java:requestVote(1294)) - s3@group-742A07453557: receive requestVote(PRE_VOTE, s1, group-742A07453557, 1, (t:1, i:0))
2022-11-16 04:24:07,616 [HandlerDaemon-2] INFO  impl.VoteContext (VoteContext.java:log(49)) - s3@group-742A07453557-LEADER: reject PRE_VOTE from s1: this server is the leader and still has leadership
2022-11-16 04:24:07,616 [HandlerDaemon-2] INFO  server.RaftServer$Division (RaftServerImpl.java:requestVote(1327)) - s3@group-742A07453557 replies to PRE_VOTE vote request: s1<-s3#0:FAIL-t1. Peer's state: s3@group-742A07453557:t1, leader=s3, voted=s3, raftlog=Memoized:s3@group-742A07453557-SegmentedRaftLog:OPENED:c0, conf=0: peers:[s3|rpc:localhost:32935|admin:localhost:46155|client:localhost:45497|dataStream:localhost:45325|priority:0|startupRole:FOLLOWER, s4|rpc:localhost:43443|admin:localhost:35771|client:localhost:42171|dataStream:localhost:35973|priority:0|startupRole:FOLLOWER, s0|rpc:localhost:39127|admin:localhost:34665|client:localhost:40015|dataStream:localhost:33597|priority:0|startupRole:FOLLOWER, s1|rpc:localhost:34777|admin:localhost:44841|client:localhost:46383|dataStream:localhost:39499|priority:0|startupRole:FOLLOWER, s2|rpc:localhost:42831|admin:localhost:43735|client:localhost:36571|dataStream:localhost:33613|priority:0|startupRole:FOLLOWER]|listeners:[], old=null
2022-11-16 04:24:07,617 [HandlerDaemon-0] INFO  server.RaftServer$Division (RaftServerImpl.java:requestVote(1294)) - s4@group-742A07453557: receive requestVote(PRE_VOTE, s1, group-742A07453557, 1, (t:1, i:0))
2022-11-16 04:24:07,617 [HandlerDaemon-0] INFO  impl.VoteContext (VoteContext.java:log(49)) - s4@group-742A07453557-FOLLOWER: reject PRE_VOTE from s1: this server is a follower and still has a valid leader s3
2022-11-16 04:24:07,617 [HandlerDaemon-2] INFO  server.RaftServer$Division (RaftServerImpl.java:requestVote(1294)) - s0@group-742A07453557: receive requestVote(PRE_VOTE, s1, group-742A07453557, 1, (t:1, i:0))
2022-11-16 04:24:07,617 [HandlerDaemon-0] INFO  server.RaftServer$Division (RaftServerImpl.java:requestVote(1327)) - s4@group-742A07453557 replies to PRE_VOTE vote request: s1<-s4#0:FAIL-t1. Peer's state: s4@group-742A07453557:t1, leader=s3, voted=s3, raftlog=Memoized:s4@group-742A07453557-SegmentedRaftLog:OPENED:c0, conf=0: peers:[s3|rpc:localhost:32935|admin:localhost:46155|client:localhost:45497|dataStream:localhost:45325|priority:0|startupRole:FOLLOWER, s4|rpc:localhost:43443|admin:localhost:35771|client:localhost:42171|dataStream:localhost:35973|priority:0|startupRole:FOLLOWER, s0|rpc:localhost:39127|admin:localhost:34665|client:localhost:40015|dataStream:localhost:33597|priority:0|startupRole:FOLLOWER, s1|rpc:localhost:34777|admin:localhost:44841|client:localhost:46383|dataStream:localhost:39499|priority:0|startupRole:FOLLOWER, s2|rpc:localhost:42831|admin:localhost:43735|client:localhost:36571|dataStream:localhost:33613|priority:0|startupRole:FOLLOWER]|listeners:[], old=null
2022-11-16 04:24:07,617 [HandlerDaemon-2] INFO  impl.VoteContext (VoteContext.java:log(49)) - s0@group-742A07453557-FOLLOWER: reject PRE_VOTE from s1: this server is a follower and still has a valid leader s3
2022-11-16 04:24:07,617 [HandlerDaemon-2] INFO  server.RaftServer$Division (RaftServerImpl.java:requestVote(1327)) - s0@group-742A07453557 replies to PRE_VOTE vote request: s1<-s0#0:FAIL-t1. Peer's state: s0@group-742A07453557:t1, leader=s3, voted=s3, raftlog=Memoized:s0@group-742A07453557-SegmentedRaftLog:OPENED:c0, conf=0: peers:[s3|rpc:localhost:32935|admin:localhost:46155|client:localhost:45497|dataStream:localhost:45325|priority:0|startupRole:FOLLOWER, s4|rpc:localhost:43443|admin:localhost:35771|client:localhost:42171|dataStream:localhost:35973|priority:0|startupRole:FOLLOWER, s0|rpc:localhost:39127|admin:localhost:34665|client:localhost:40015|dataStream:localhost:33597|priority:0|startupRole:FOLLOWER, s1|rpc:localhost:34777|admin:localhost:44841|client:localhost:46383|dataStream:localhost:39499|priority:0|startupRole:FOLLOWER, s2|rpc:localhost:42831|admin:localhost:43735|client:localhost:36571|dataStream:localhost:33613|priority:0|startupRole:FOLLOWER]|listeners:[], old=null
2022-11-16 04:24:07,617 [s1@group-742A07453557-LeaderElection15] INFO  impl.LeaderElection (LeaderElection.java:logAndReturn(89)) - s1@group-742A07453557-LeaderElection15: PRE_VOTE REJECTED received 3 response(s) and 0 exception(s):
2022-11-16 04:24:07,617 [s1@group-742A07453557-LeaderElection15] INFO  impl.LeaderElection (LeaderElection.java:logAndReturn(93)) -   Response 0: s1<-s3#0:FAIL-t1
2022-11-16 04:24:07,617 [s1@group-742A07453557-LeaderElection15] INFO  impl.LeaderElection (LeaderElection.java:logAndReturn(93)) -   Response 1: s1<-s4#0:FAIL-t1
2022-11-16 04:24:07,617 [s1@group-742A07453557-LeaderElection15] INFO  impl.LeaderElection (LeaderElection.java:logAndReturn(93)) -   Response 2: s1<-s0#0:FAIL-t1
2022-11-16 04:24:07,617 [s1@group-742A07453557-LeaderElection15] INFO  impl.LeaderElection (LeaderElection.java:askForVotes(311)) - s1@group-742A07453557-LeaderElection15 PRE_VOTE round 0: result REJECTED
2022-11-16 04:24:07,617 [s1@group-742A07453557-LeaderElection15] INFO  server.RaftServer$Division (RaftServerImpl.java:setRole(325)) - s1@group-742A07453557: changes role from CANDIDATE to FOLLOWER at term 1 for REJECTED
2022-11-16 04:24:07,617 [s1@group-742A07453557-LeaderElection15] INFO  impl.RoleInfo (RoleInfo.java:shutdownLeaderElection(130)) - s1: shutdown s1@group-742A07453557-LeaderElection15
2022-11-16 04:24:07,618 [s1@group-742A07453557-LeaderElection15] INFO  impl.RoleInfo (RoleInfo.java:updateAndGet(139)) - s1: start s1@group-742A07453557-FollowerState
2022-11-16 04:24:07,618 [HandlerDaemon-0] INFO  server.RaftServer$Division (RaftServerImpl.java:requestVote(1294)) - s2@group-742A07453557: receive requestVote(PRE_VOTE, s1, group-742A07453557, 1, (t:1, i:0))
2022-11-16 04:24:07,618 [HandlerDaemon-0] INFO  impl.VoteContext (VoteContext.java:log(49)) - s2@group-742A07453557-FOLLOWER: reject PRE_VOTE from s1: this server is a follower and still has a valid leader s3
2022-11-16 04:24:07,618 [HandlerDaemon-0] INFO  server.RaftServer$Division (RaftServerImpl.java:requestVote(1327)) - s2@group-742A07453557 replies to PRE_VOTE vote request: s1<-s2#0:FAIL-t1. Peer's state: s2@group-742A07453557:t1, leader=s3, voted=s3, raftlog=Memoized:s2@group-742A07453557-SegmentedRaftLog:OPENED:c0, conf=0: peers:[s3|rpc:localhost:32935|admin:localhost:46155|client:localhost:45497|dataStream:localhost:45325|priority:0|startupRole:FOLLOWER, s4|rpc:localhost:43443|admin:localhost:35771|client:localhost:42171|dataStream:localhost:35973|priority:0|startupRole:FOLLOWER, s0|rpc:localhost:39127|admin:localhost:34665|client:localhost:40015|dataStream:localhost:33597|priority:0|startupRole:FOLLOWER, s1|rpc:localhost:34777|admin:localhost:44841|client:localhost:46383|dataStream:localhost:39499|priority:0|startupRole:FOLLOWER, s2|rpc:localhost:42831|admin:localhost:43735|client:localhost:36571|dataStream:localhost:33613|priority:0|startupRole:FOLLOWER]|listeners:[], old=null
2022-11-16 04:24:07,820 [HandlerDaemon-1] INFO  server.RaftServer$Division (ServerState.java:setLeader(260)) - s1@group-742A07453557: change Leader from null to s3 at term 1 for appendEntries, leader elected after 204ms
2022-11-16 04:24:08,059 [Time-limited test] INFO  simulation.TestLeaderElectionWithSimulatedRpc (LeaderElectionTests.java:enforceLeader(292)) - try enforcing leader to s1 but new leader is s3
2022-11-16 04:24:08,059 [Time-limited test] INFO  server.RaftServerConfigKeys (ConfUtils.java:logGet(46)) - raft.server.rpc.timeout.max = 300ms (default)
2022-11-16 04:24:08,426 [s1@group-742A07453557-FollowerState] INFO  impl.FollowerState (FollowerState.java:run(143)) - s1@group-742A07453557-FollowerState: change to CANDIDATE, lastRpcElapsedTime:378256323ns, electionTimeout:248ms
2022-11-16 04:24:08,426 [s1@group-742A07453557-FollowerState] INFO  impl.RoleInfo (RoleInfo.java:shutdownFollowerState(110)) - s1: shutdown s1@group-742A07453557-FollowerState
2022-11-16 04:24:08,426 [s1@group-742A07453557-FollowerState] INFO  server.RaftServer$Division (RaftServerImpl.java:setRole(325)) - s1@group-742A07453557: changes role from  FOLLOWER to CANDIDATE at term 1 for changeToCandidate
2022-11-16 04:24:08,427 [s1@group-742A07453557-FollowerState] INFO  server.RaftServerConfigKeys (ConfUtils.java:logGet(46)) - raft.server.leaderelection.pre-vote = true (default)
2022-11-16 04:24:08,427 [s1@group-742A07453557-FollowerState] INFO  impl.RoleInfo (RoleInfo.java:updateAndGet(139)) - s1: start s1@group-742A07453557-LeaderElection16
2022-11-16 04:24:08,433 [s1@group-742A07453557-LeaderElection16] INFO  server.RaftServer$Division (ServerState.java:setLeader(260)) - s1@group-742A07453557: change Leader from s3 to null at term 1 for PRE_VOTE
2022-11-16 04:24:08,434 [s1@group-742A07453557-LeaderElection16] INFO  impl.LeaderElection (LeaderElection.java:askForVotes(309)) - s1@group-742A07453557-LeaderElection16 PRE_VOTE round 0: submit vote requests at term 1 for 0: peers:[s3|rpc:localhost:32935|admin:localhost:46155|client:localhost:45497|dataStream:localhost:45325|priority:0|startupRole:FOLLOWER, s4|rpc:localhost:43443|admin:localhost:35771|client:localhost:42171|dataStream:localhost:35973|priority:0|startupRole:FOLLOWER, s0|rpc:localhost:39127|admin:localhost:34665|client:localhost:40015|dataStream:localhost:33597|priority:0|startupRole:FOLLOWER, s1|rpc:localhost:34777|admin:localhost:44841|client:localhost:46383|dataStream:localhost:39499|priority:0|startupRole:FOLLOWER, s2|rpc:localhost:42831|admin:localhost:43735|client:localhost:36571|dataStream:localhost:33613|priority:0|startupRole:FOLLOWER]|listeners:[], old=null
2022-11-16 04:24:08,510 [Time-limited test] INFO  server.RaftServerConfigKeys (ConfUtils.java:logGet(46)) - raft.server.rpc.timeout.max = 300ms (default)
2022-11-16 04:24:08,585 [HandlerDaemon-0] INFO  server.RaftServer$Division (RaftServerImpl.java:requestVote(1294)) - s3@group-742A07453557: receive requestVote(PRE_VOTE, s1, group-742A07453557, 1, (t:1, i:0))
2022-11-16 04:24:08,585 [HandlerDaemon-0] INFO  server.RaftServer$Division (RaftServerImpl.java:requestVote(1294)) - s4@group-742A07453557: receive requestVote(PRE_VOTE, s1, group-742A07453557, 1, (t:1, i:0))
2022-11-16 04:24:08,585 [HandlerDaemon-0] INFO  impl.VoteContext (VoteContext.java:log(49)) - s3@group-742A07453557-LEADER: reject PRE_VOTE from s1: this server is the leader and still has leadership
2022-11-16 04:24:08,585 [HandlerDaemon-0] INFO  impl.VoteContext (VoteContext.java:log(49)) - s4@group-742A07453557-FOLLOWER: reject PRE_VOTE from s1: this server is a follower and still has a valid leader s3
2022-11-16 04:24:08,586 [HandlerDaemon-0] INFO  server.RaftServer$Division (RaftServerImpl.java:requestVote(1327)) - s3@group-742A07453557 replies to PRE_VOTE vote request: s1<-s3#0:FAIL-t1. Peer's state: s3@group-742A07453557:t1, leader=s3, voted=s3, raftlog=Memoized:s3@group-742A07453557-SegmentedRaftLog:OPENED:c0, conf=0: peers:[s3|rpc:localhost:32935|admin:localhost:46155|client:localhost:45497|dataStream:localhost:45325|priority:0|startupRole:FOLLOWER, s4|rpc:localhost:43443|admin:localhost:35771|client:localhost:42171|dataStream:localhost:35973|priority:0|startupRole:FOLLOWER, s0|rpc:localhost:39127|admin:localhost:34665|client:localhost:40015|dataStream:localhost:33597|priority:0|startupRole:FOLLOWER, s1|rpc:localhost:34777|admin:localhost:44841|client:localhost:46383|dataStream:localhost:39499|priority:0|startupRole:FOLLOWER, s2|rpc:localhost:42831|admin:localhost:43735|client:localhost:36571|dataStream:localhost:33613|priority:0|startupRole:FOLLOWER]|listeners:[], old=null
2022-11-16 04:24:08,586 [HandlerDaemon-0] INFO  server.RaftServer$Division (RaftServerImpl.java:requestVote(1327)) - s4@group-742A07453557 replies to PRE_VOTE vote request: s1<-s4#0:FAIL-t1. Peer's state: s4@group-742A07453557:t1, leader=s3, voted=s3, raftlog=Memoized:s4@group-742A07453557-SegmentedRaftLog:OPENED:c0, conf=0: peers:[s3|rpc:localhost:32935|admin:localhost:46155|client:localhost:45497|dataStream:localhost:45325|priority:0|startupRole:FOLLOWER, s4|rpc:localhost:43443|admin:localhost:35771|client:localhost:42171|dataStream:localhost:35973|priority:0|startupRole:FOLLOWER, s0|rpc:localhost:39127|admin:localhost:34665|client:localhost:40015|dataStream:localhost:33597|priority:0|startupRole:FOLLOWER, s1|rpc:localhost:34777|admin:localhost:44841|client:localhost:46383|dataStream:localhost:39499|priority:0|startupRole:FOLLOWER, s2|rpc:localhost:42831|admin:localhost:43735|client:localhost:36571|dataStream:localhost:33613|priority:0|startupRole:FOLLOWER]|listeners:[], old=null
2022-11-16 04:24:08,587 [HandlerDaemon-2] INFO  server.RaftServer$Division (RaftServerImpl.java:requestVote(1294)) - s0@group-742A07453557: receive requestVote(PRE_VOTE, s1, group-742A07453557, 1, (t:1, i:0))
2022-11-16 04:24:08,587 [HandlerDaemon-2] INFO  impl.VoteContext (VoteContext.java:log(49)) - s0@group-742A07453557-FOLLOWER: reject PRE_VOTE from s1: this server is a follower and still has a valid leader s3
2022-11-16 04:24:08,587 [HandlerDaemon-2] INFO  server.RaftServer$Division (RaftServerImpl.java:requestVote(1327)) - s0@group-742A07453557 replies to PRE_VOTE vote request: s1<-s0#0:FAIL-t1. Peer's state: s0@group-742A07453557:t1, leader=s3, voted=s3, raftlog=Memoized:s0@group-742A07453557-SegmentedRaftLog:OPENED:c0, conf=0: peers:[s3|rpc:localhost:32935|admin:localhost:46155|client:localhost:45497|dataStream:localhost:45325|priority:0|startupRole:FOLLOWER, s4|rpc:localhost:43443|admin:localhost:35771|client:localhost:42171|dataStream:localhost:35973|priority:0|startupRole:FOLLOWER, s0|rpc:localhost:39127|admin:localhost:34665|client:localhost:40015|dataStream:localhost:33597|priority:0|startupRole:FOLLOWER, s1|rpc:localhost:34777|admin:localhost:44841|client:localhost:46383|dataStream:localhost:39499|priority:0|startupRole:FOLLOWER, s2|rpc:localhost:42831|admin:localhost:43735|client:localhost:36571|dataStream:localhost:33613|priority:0|startupRole:FOLLOWER]|listeners:[], old=null
2022-11-16 04:24:08,587 [HandlerDaemon-0] INFO  server.RaftServer$Division (RaftServerImpl.java:requestVote(1294)) - s2@group-742A07453557: receive requestVote(PRE_VOTE, s1, group-742A07453557, 1, (t:1, i:0))
2022-11-16 04:24:08,588 [HandlerDaemon-0] INFO  impl.VoteContext (VoteContext.java:log(49)) - s2@group-742A07453557-FOLLOWER: reject PRE_VOTE from s1: this server is a follower and still has a valid leader s3
2022-11-16 04:24:08,588 [s1@group-742A07453557-LeaderElection16] INFO  impl.LeaderElection (LeaderElection.java:logAndReturn(89)) - s1@group-742A07453557-LeaderElection16: PRE_VOTE REJECTED received 3 response(s) and 0 exception(s):
2022-11-16 04:24:08,588 [s1@group-742A07453557-LeaderElection16] INFO  impl.LeaderElection (LeaderElection.java:logAndReturn(93)) -   Response 0: s1<-s3#0:FAIL-t1
2022-11-16 04:24:08,588 [s1@group-742A07453557-LeaderElection16] INFO  impl.LeaderElection (LeaderElection.java:logAndReturn(93)) -   Response 1: s1<-s4#0:FAIL-t1
2022-11-16 04:24:08,588 [s1@group-742A07453557-LeaderElection16] INFO  impl.LeaderElection (LeaderElection.java:logAndReturn(93)) -   Response 2: s1<-s0#0:FAIL-t1
2022-11-16 04:24:08,588 [HandlerDaemon-0] INFO  server.RaftServer$Division (RaftServerImpl.java:requestVote(1327)) - s2@group-742A07453557 replies to PRE_VOTE vote request: s1<-s2#0:FAIL-t1. Peer's state: s2@group-742A07453557:t1, leader=s3, voted=s3, raftlog=Memoized:s2@group-742A07453557-SegmentedRaftLog:OPENED:c0, conf=0: peers:[s3|rpc:localhost:32935|admin:localhost:46155|client:localhost:45497|dataStream:localhost:45325|priority:0|startupRole:FOLLOWER, s4|rpc:localhost:43443|admin:localhost:35771|client:localhost:42171|dataStream:localhost:35973|priority:0|startupRole:FOLLOWER, s0|rpc:localhost:39127|admin:localhost:34665|client:localhost:40015|dataStream:localhost:33597|priority:0|startupRole:FOLLOWER, s1|rpc:localhost:34777|admin:localhost:44841|client:localhost:46383|dataStream:localhost:39499|priority:0|startupRole:FOLLOWER, s2|rpc:localhost:42831|admin:localhost:43735|client:localhost:36571|dataStream:localhost:33613|priority:0|startupRole:FOLLOWER]|listeners:[], old=null
2022-11-16 04:24:08,588 [s1@group-742A07453557-LeaderElection16] INFO  impl.LeaderElection (LeaderElection.java:askForVotes(311)) - s1@group-742A07453557-LeaderElection16 PRE_VOTE round 0: result REJECTED
2022-11-16 04:24:08,588 [s1@group-742A07453557-LeaderElection16] INFO  server.RaftServer$Division (RaftServerImpl.java:setRole(325)) - s1@group-742A07453557: changes role from CANDIDATE to FOLLOWER at term 1 for REJECTED
2022-11-16 04:24:08,588 [s1@group-742A07453557-LeaderElection16] INFO  impl.RoleInfo (RoleInfo.java:shutdownLeaderElection(130)) - s1: shutdown s1@group-742A07453557-LeaderElection16
2022-11-16 04:24:08,588 [s1@group-742A07453557-LeaderElection16] INFO  impl.RoleInfo (RoleInfo.java:updateAndGet(139)) - s1: start s1@group-742A07453557-FollowerState
2022-11-16 04:24:08,724 [HandlerDaemon-2] INFO  server.RaftServer$Division (ServerState.java:setLeader(260)) - s1@group-742A07453557: change Leader from null to s3 at term 1 for appendEntries, leader elected after 293ms
2022-11-16 04:24:08,960 [Time-limited test] INFO  simulation.TestLeaderElectionWithSimulatedRpc (LeaderElectionTests.java:enforceLeader(292)) - try enforcing leader to s1 but new leader is s3
2022-11-16 04:24:08,960 [Time-limited test] INFO  server.RaftServerConfigKeys (ConfUtils.java:logGet(46)) - raft.server.rpc.timeout.max = 300ms (default)
2022-11-16 04:24:09,411 [Time-limited test] INFO  server.RaftServerConfigKeys (ConfUtils.java:logGet(46)) - raft.server.rpc.timeout.max = 300ms (default)
2022-11-16 04:24:09,435 [s1@group-742A07453557-FollowerState] INFO  impl.FollowerState (FollowerState.java:run(143)) - s1@group-742A07453557-FollowerState: change to CANDIDATE, lastRpcElapsedTime:484112089ns, electionTimeout:296ms
2022-11-16 04:24:09,436 [s1@group-742A07453557-FollowerState] INFO  impl.RoleInfo (RoleInfo.java:shutdownFollowerState(110)) - s1: shutdown s1@group-742A07453557-FollowerState
2022-11-16 04:24:09,436 [s1@group-742A07453557-FollowerState] INFO  server.RaftServer$Division (RaftServerImpl.java:setRole(325)) - s1@group-742A07453557: changes role from  FOLLOWER to CANDIDATE at term 1 for changeToCandidate
2022-11-16 04:24:09,436 [s1@group-742A07453557-FollowerState] INFO  server.RaftServerConfigKeys (ConfUtils.java:logGet(46)) - raft.server.leaderelection.pre-vote = true (default)
2022-11-16 04:24:09,436 [s1@group-742A07453557-FollowerState] INFO  impl.RoleInfo (RoleInfo.java:updateAndGet(139)) - s1: start s1@group-742A07453557-LeaderElection17
2022-11-16 04:24:09,437 [s1@group-742A07453557-LeaderElection17] INFO  server.RaftServer$Division (ServerState.java:setLeader(260)) - s1@group-742A07453557: change Leader from s3 to null at term 1 for PRE_VOTE
2022-11-16 04:24:09,437 [s1@group-742A07453557-LeaderElection17] INFO  impl.LeaderElection (LeaderElection.java:askForVotes(309)) - s1@group-742A07453557-LeaderElection17 PRE_VOTE round 0: submit vote requests at term 1 for 0: peers:[s3|rpc:localhost:32935|admin:localhost:46155|client:localhost:45497|dataStream:localhost:45325|priority:0|startupRole:FOLLOWER, s4|rpc:localhost:43443|admin:localhost:35771|client:localhost:42171|dataStream:localhost:35973|priority:0|startupRole:FOLLOWER, s0|rpc:localhost:39127|admin:localhost:34665|client:localhost:40015|dataStream:localhost:33597|priority:0|startupRole:FOLLOWER, s1|rpc:localhost:34777|admin:localhost:44841|client:localhost:46383|dataStream:localhost:39499|priority:0|startupRole:FOLLOWER, s2|rpc:localhost:42831|admin:localhost:43735|client:localhost:36571|dataStream:localhost:33613|priority:0|startupRole:FOLLOWER]|listeners:[], old=null
2022-11-16 04:24:09,438 [HandlerDaemon-1] INFO  server.RaftServer$Division (RaftServerImpl.java:requestVote(1294)) - s3@group-742A07453557: receive requestVote(PRE_VOTE, s1, group-742A07453557, 1, (t:1, i:0))
2022-11-16 04:24:09,438 [HandlerDaemon-1] INFO  impl.VoteContext (VoteContext.java:log(49)) - s3@group-742A07453557-LEADER: reject PRE_VOTE from s1: this server is the leader and still has leadership
2022-11-16 04:24:09,438 [HandlerDaemon-1] INFO  server.RaftServer$Division (RaftServerImpl.java:requestVote(1327)) - s3@group-742A07453557 replies to PRE_VOTE vote request: s1<-s3#0:FAIL-t1. Peer's state: s3@group-742A07453557:t1, leader=s3, voted=s3, raftlog=Memoized:s3@group-742A07453557-SegmentedRaftLog:OPENED:c0, conf=0: peers:[s3|rpc:localhost:32935|admin:localhost:46155|client:localhost:45497|dataStream:localhost:45325|priority:0|startupRole:FOLLOWER, s4|rpc:localhost:43443|admin:localhost:35771|client:localhost:42171|dataStream:localhost:35973|priority:0|startupRole:FOLLOWER, s0|rpc:localhost:39127|admin:localhost:34665|client:localhost:40015|dataStream:localhost:33597|priority:0|startupRole:FOLLOWER, s1|rpc:localhost:34777|admin:localhost:44841|client:localhost:46383|dataStream:localhost:39499|priority:0|startupRole:FOLLOWER, s2|rpc:localhost:42831|admin:localhost:43735|client:localhost:36571|dataStream:localhost:33613|priority:0|startupRole:FOLLOWER]|listeners:[], old=null
2022-11-16 04:24:09,441 [HandlerDaemon-2] INFO  server.RaftServer$Division (RaftServerImpl.java:requestVote(1294)) - s4@group-742A07453557: receive requestVote(PRE_VOTE, s1, group-742A07453557, 1, (t:1, i:0))
2022-11-16 04:24:09,457 [HandlerDaemon-0] INFO  server.RaftServer$Division (RaftServerImpl.java:requestVote(1294)) - s0@group-742A07453557: receive requestVote(PRE_VOTE, s1, group-742A07453557, 1, (t:1, i:0))
2022-11-16 04:24:09,457 [HandlerDaemon-0] INFO  impl.VoteContext (VoteContext.java:log(49)) - s0@group-742A07453557-FOLLOWER: reject PRE_VOTE from s1: this server is a follower and still has a valid leader s3
2022-11-16 04:24:09,457 [HandlerDaemon-0] INFO  server.RaftServer$Division (RaftServerImpl.java:requestVote(1327)) - s0@group-742A07453557 replies to PRE_VOTE vote request: s1<-s0#0:FAIL-t1. Peer's state: s0@group-742A07453557:t1, leader=s3, voted=s3, raftlog=Memoized:s0@group-742A07453557-SegmentedRaftLog:OPENED:c0, conf=0: peers:[s3|rpc:localhost:32935|admin:localhost:46155|client:localhost:45497|dataStream:localhost:45325|priority:0|startupRole:FOLLOWER, s4|rpc:localhost:43443|admin:localhost:35771|client:localhost:42171|dataStream:localhost:35973|priority:0|startupRole:FOLLOWER, s0|rpc:localhost:39127|admin:localhost:34665|client:localhost:40015|dataStream:localhost:33597|priority:0|startupRole:FOLLOWER, s1|rpc:localhost:34777|admin:localhost:44841|client:localhost:46383|dataStream:localhost:39499|priority:0|startupRole:FOLLOWER, s2|rpc:localhost:42831|admin:localhost:43735|client:localhost:36571|dataStream:localhost:33613|priority:0|startupRole:FOLLOWER]|listeners:[], old=null
2022-11-16 04:24:09,457 [HandlerDaemon-2] INFO  impl.VoteContext (VoteContext.java:log(49)) - s4@group-742A07453557-FOLLOWER: reject PRE_VOTE from s1: this server is a follower and still has a valid leader s3
2022-11-16 04:24:09,457 [HandlerDaemon-2] INFO  server.RaftServer$Division (RaftServerImpl.java:requestVote(1327)) - s4@group-742A07453557 replies to PRE_VOTE vote request: s1<-s4#0:FAIL-t1. Peer's state: s4@group-742A07453557:t1, leader=s3, voted=s3, raftlog=Memoized:s4@group-742A07453557-SegmentedRaftLog:OPENED:c0, conf=0: peers:[s3|rpc:localhost:32935|admin:localhost:46155|client:localhost:45497|dataStream:localhost:45325|priority:0|startupRole:FOLLOWER, s4|rpc:localhost:43443|admin:localhost:35771|client:localhost:42171|dataStream:localhost:35973|priority:0|startupRole:FOLLOWER, s0|rpc:localhost:39127|admin:localhost:34665|client:localhost:40015|dataStream:localhost:33597|priority:0|startupRole:FOLLOWER, s1|rpc:localhost:34777|admin:localhost:44841|client:localhost:46383|dataStream:localhost:39499|priority:0|startupRole:FOLLOWER, s2|rpc:localhost:42831|admin:localhost:43735|client:localhost:36571|dataStream:localhost:33613|priority:0|startupRole:FOLLOWER]|listeners:[], old=null
2022-11-16 04:24:09,459 [HandlerDaemon-0] INFO  server.RaftServer$Division (RaftServerImpl.java:requestVote(1294)) - s2@group-742A07453557: receive requestVote(PRE_VOTE, s1, group-742A07453557, 1, (t:1, i:0))
2022-11-16 04:24:09,459 [HandlerDaemon-0] INFO  impl.VoteContext (VoteContext.java:log(49)) - s2@group-742A07453557-FOLLOWER: reject PRE_VOTE from s1: this server is a follower and still has a valid leader s3
2022-11-16 04:24:09,459 [HandlerDaemon-0] INFO  server.RaftServer$Division (RaftServerImpl.java:requestVote(1327)) - s2@group-742A07453557 replies to PRE_VOTE vote request: s1<-s2#0:FAIL-t1. Peer's state: s2@group-742A07453557:t1, leader=s3, voted=s3, raftlog=Memoized:s2@group-742A07453557-SegmentedRaftLog:OPENED:c0, conf=0: peers:[s3|rpc:localhost:32935|admin:localhost:46155|client:localhost:45497|dataStream:localhost:45325|priority:0|startupRole:FOLLOWER, s4|rpc:localhost:43443|admin:localhost:35771|client:localhost:42171|dataStream:localhost:35973|priority:0|startupRole:FOLLOWER, s0|rpc:localhost:39127|admin:localhost:34665|client:localhost:40015|dataStream:localhost:33597|priority:0|startupRole:FOLLOWER, s1|rpc:localhost:34777|admin:localhost:44841|client:localhost:46383|dataStream:localhost:39499|priority:0|startupRole:FOLLOWER, s2|rpc:localhost:42831|admin:localhost:43735|client:localhost:36571|dataStream:localhost:33613|priority:0|startupRole:FOLLOWER]|listeners:[], old=null
2022-11-16 04:24:09,459 [s1@group-742A07453557-LeaderElection17] INFO  impl.LeaderElection (LeaderElection.java:logAndReturn(89)) - s1@group-742A07453557-LeaderElection17: PRE_VOTE REJECTED received 3 response(s) and 0 exception(s):
2022-11-16 04:24:09,459 [s1@group-742A07453557-LeaderElection17] INFO  impl.LeaderElection (LeaderElection.java:logAndReturn(93)) -   Response 0: s1<-s3#0:FAIL-t1
2022-11-16 04:24:09,459 [s1@group-742A07453557-LeaderElection17] INFO  impl.LeaderElection (LeaderElection.java:logAndReturn(93)) -   Response 1: s1<-s4#0:FAIL-t1
2022-11-16 04:24:09,459 [s1@group-742A07453557-LeaderElection17] INFO  impl.LeaderElection (LeaderElection.java:logAndReturn(93)) -   Response 2: s1<-s0#0:FAIL-t1
2022-11-16 04:24:09,459 [s1@group-742A07453557-LeaderElection17] INFO  impl.LeaderElection (LeaderElection.java:askForVotes(311)) - s1@group-742A07453557-LeaderElection17 PRE_VOTE round 0: result REJECTED
2022-11-16 04:24:09,459 [s1@group-742A07453557-LeaderElection17] INFO  server.RaftServer$Division (RaftServerImpl.java:setRole(325)) - s1@group-742A07453557: changes role from CANDIDATE to FOLLOWER at term 1 for REJECTED
2022-11-16 04:24:09,459 [s1@group-742A07453557-LeaderElection17] INFO  impl.RoleInfo (RoleInfo.java:shutdownLeaderElection(130)) - s1: shutdown s1@group-742A07453557-LeaderElection17
2022-11-16 04:24:09,459 [s1@group-742A07453557-LeaderElection17] INFO  impl.RoleInfo (RoleInfo.java:updateAndGet(139)) - s1: start s1@group-742A07453557-FollowerState
2022-11-16 04:24:09,494 [Timer-1] INFO  impl.MiniRaftCluster (MiniRaftCluster.java:lambda$start$6(349)) - TIMED-PRINT: printing ALL groups
  s3:  RUNNING    LEADER s3@group-742A07453557:t1, leader=s3, voted=s3, raftlog=Memoized:s3@group-742A07453557-SegmentedRaftLog:OPENED:c0, conf=0: peers:[s3|rpc:localhost:32935|admin:localhost:46155|client:localhost:45497|dataStream:localhost:45325|priority:0|startupRole:FOLLOWER, s4|rpc:localhost:43443|admin:localhost:35771|client:localhost:42171|dataStream:localhost:35973|priority:0|startupRole:FOLLOWER, s0|rpc:localhost:39127|admin:localhost:34665|client:localhost:40015|dataStream:localhost:33597|priority:0|startupRole:FOLLOWER, s1|rpc:localhost:34777|admin:localhost:44841|client:localhost:46383|dataStream:localhost:39499|priority:0|startupRole:FOLLOWER, s2|rpc:localhost:42831|admin:localhost:43735|client:localhost:36571|dataStream:localhost:33613|priority:0|startupRole:FOLLOWER]|listeners:[], old=null RUNNING
  s4:  RUNNING  FOLLOWER s4@group-742A07453557:t1, leader=s3, voted=s3, raftlog=Memoized:s4@group-742A07453557-SegmentedRaftLog:OPENED:c0, conf=0: peers:[s3|rpc:localhost:32935|admin:localhost:46155|client:localhost:45497|dataStream:localhost:45325|priority:0|startupRole:FOLLOWER, s4|rpc:localhost:43443|admin:localhost:35771|client:localhost:42171|dataStream:localhost:35973|priority:0|startupRole:FOLLOWER, s0|rpc:localhost:39127|admin:localhost:34665|client:localhost:40015|dataStream:localhost:33597|priority:0|startupRole:FOLLOWER, s1|rpc:localhost:34777|admin:localhost:44841|client:localhost:46383|dataStream:localhost:39499|priority:0|startupRole:FOLLOWER, s2|rpc:localhost:42831|admin:localhost:43735|client:localhost:36571|dataStream:localhost:33613|priority:0|startupRole:FOLLOWER]|listeners:[], old=null RUNNING
  s0:  RUNNING  FOLLOWER s0@group-742A07453557:t1, leader=s3, voted=s3, raftlog=Memoized:s0@group-742A07453557-SegmentedRaftLog:OPENED:c0, conf=0: peers:[s3|rpc:localhost:32935|admin:localhost:46155|client:localhost:45497|dataStream:localhost:45325|priority:0|startupRole:FOLLOWER, s4|rpc:localhost:43443|admin:localhost:35771|client:localhost:42171|dataStream:localhost:35973|priority:0|startupRole:FOLLOWER, s0|rpc:localhost:39127|admin:localhost:34665|client:localhost:40015|dataStream:localhost:33597|priority:0|startupRole:FOLLOWER, s1|rpc:localhost:34777|admin:localhost:44841|client:localhost:46383|dataStream:localhost:39499|priority:0|startupRole:FOLLOWER, s2|rpc:localhost:42831|admin:localhost:43735|client:localhost:36571|dataStream:localhost:33613|priority:0|startupRole:FOLLOWER]|listeners:[], old=null RUNNING
  s1:  RUNNING  FOLLOWER s1@group-742A07453557:t1, leader=null, voted=s3, raftlog=Memoized:s1@group-742A07453557-SegmentedRaftLog:OPENED:c0, conf=0: peers:[s3|rpc:localhost:32935|admin:localhost:46155|client:localhost:45497|dataStream:localhost:45325|priority:0|startupRole:FOLLOWER, s4|rpc:localhost:43443|admin:localhost:35771|client:localhost:42171|dataStream:localhost:35973|priority:0|startupRole:FOLLOWER, s0|rpc:localhost:39127|admin:localhost:34665|client:localhost:40015|dataStream:localhost:33597|priority:0|startupRole:FOLLOWER, s1|rpc:localhost:34777|admin:localhost:44841|client:localhost:46383|dataStream:localhost:39499|priority:0|startupRole:FOLLOWER, s2|rpc:localhost:42831|admin:localhost:43735|client:localhost:36571|dataStream:localhost:33613|priority:0|startupRole:FOLLOWER]|listeners:[], old=null RUNNING
  s2:  RUNNING  FOLLOWER s2@group-742A07453557:t1, leader=s3, voted=s3, raftlog=Memoized:s2@group-742A07453557-SegmentedRaftLog:OPENED:c0, conf=0: peers:[s3|rpc:localhost:32935|admin:localhost:46155|client:localhost:45497|dataStream:localhost:45325|priority:0|startupRole:FOLLOWER, s4|rpc:localhost:43443|admin:localhost:35771|client:localhost:42171|dataStream:localhost:35973|priority:0|startupRole:FOLLOWER, s0|rpc:localhost:39127|admin:localhost:34665|client:localhost:40015|dataStream:localhost:33597|priority:0|startupRole:FOLLOWER, s1|rpc:localhost:34777|admin:localhost:44841|client:localhost:46383|dataStream:localhost:39499|priority:0|startupRole:FOLLOWER, s2|rpc:localhost:42831|admin:localhost:43735|client:localhost:36571|dataStream:localhost:33613|priority:0|startupRole:FOLLOWER]|listeners:[], old=null RUNNING
2022-11-16 04:24:09,627 [HandlerDaemon-0] INFO  server.RaftServer$Division (ServerState.java:setLeader(260)) - s1@group-742A07453557: change Leader from null to s3 at term 1 for appendEntries, leader elected after 190ms
2022-11-16 04:24:09,862 [Time-limited test] INFO  simulation.TestLeaderElectionWithSimulatedRpc (LeaderElectionTests.java:enforceLeader(295)) - printing ALL groups
  s3:  RUNNING    LEADER s3@group-742A07453557:t1, leader=s3, voted=s3, raftlog=Memoized:s3@group-742A07453557-SegmentedRaftLog:OPENED:c0, conf=0: peers:[s3|rpc:localhost:32935|admin:localhost:46155|client:localhost:45497|dataStream:localhost:45325|priority:0|startupRole:FOLLOWER, s4|rpc:localhost:43443|admin:localhost:35771|client:localhost:42171|dataStream:localhost:35973|priority:0|startupRole:FOLLOWER, s0|rpc:localhost:39127|admin:localhost:34665|client:localhost:40015|dataStream:localhost:33597|priority:0|startupRole:FOLLOWER, s1|rpc:localhost:34777|admin:localhost:44841|client:localhost:46383|dataStream:localhost:39499|priority:0|startupRole:FOLLOWER, s2|rpc:localhost:42831|admin:localhost:43735|client:localhost:36571|dataStream:localhost:33613|priority:0|startupRole:FOLLOWER]|listeners:[], old=null RUNNING
  s4:  RUNNING  FOLLOWER s4@group-742A07453557:t1, leader=s3, voted=s3, raftlog=Memoized:s4@group-742A07453557-SegmentedRaftLog:OPENED:c0, conf=0: peers:[s3|rpc:localhost:32935|admin:localhost:46155|client:localhost:45497|dataStream:localhost:45325|priority:0|startupRole:FOLLOWER, s4|rpc:localhost:43443|admin:localhost:35771|client:localhost:42171|dataStream:localhost:35973|priority:0|startupRole:FOLLOWER, s0|rpc:localhost:39127|admin:localhost:34665|client:localhost:40015|dataStream:localhost:33597|priority:0|startupRole:FOLLOWER, s1|rpc:localhost:34777|admin:localhost:44841|client:localhost:46383|dataStream:localhost:39499|priority:0|startupRole:FOLLOWER, s2|rpc:localhost:42831|admin:localhost:43735|client:localhost:36571|dataStream:localhost:33613|priority:0|startupRole:FOLLOWER]|listeners:[], old=null RUNNING
  s0:  RUNNING  FOLLOWER s0@group-742A07453557:t1, leader=s3, voted=s3, raftlog=Memoized:s0@group-742A07453557-SegmentedRaftLog:OPENED:c0, conf=0: peers:[s3|rpc:localhost:32935|admin:localhost:46155|client:localhost:45497|dataStream:localhost:45325|priority:0|startupRole:FOLLOWER, s4|rpc:localhost:43443|admin:localhost:35771|client:localhost:42171|dataStream:localhost:35973|priority:0|startupRole:FOLLOWER, s0|rpc:localhost:39127|admin:localhost:34665|client:localhost:40015|dataStream:localhost:33597|priority:0|startupRole:FOLLOWER, s1|rpc:localhost:34777|admin:localhost:44841|client:localhost:46383|dataStream:localhost:39499|priority:0|startupRole:FOLLOWER, s2|rpc:localhost:42831|admin:localhost:43735|client:localhost:36571|dataStream:localhost:33613|priority:0|startupRole:FOLLOWER]|listeners:[], old=null RUNNING
  s1:  RUNNING  FOLLOWER s1@group-742A07453557:t1, leader=s3, voted=s3, raftlog=Memoized:s1@group-742A07453557-SegmentedRaftLog:OPENED:c0, conf=0: peers:[s3|rpc:localhost:32935|admin:localhost:46155|client:localhost:45497|dataStream:localhost:45325|priority:0|startupRole:FOLLOWER, s4|rpc:localhost:43443|admin:localhost:35771|client:localhost:42171|dataStream:localhost:35973|priority:0|startupRole:FOLLOWER, s0|rpc:localhost:39127|admin:localhost:34665|client:localhost:40015|dataStream:localhost:33597|priority:0|startupRole:FOLLOWER, s1|rpc:localhost:34777|admin:localhost:44841|client:localhost:46383|dataStream:localhost:39499|priority:0|startupRole:FOLLOWER, s2|rpc:localhost:42831|admin:localhost:43735|client:localhost:36571|dataStream:localhost:33613|priority:0|startupRole:FOLLOWER]|listeners:[], old=null RUNNING
  s2:  RUNNING  FOLLOWER s2@group-742A07453557:t1, leader=s3, voted=s3, raftlog=Memoized:s2@group-742A07453557-SegmentedRaftLog:OPENED:c0, conf=0: peers:[s3|rpc:localhost:32935|admin:localhost:46155|client:localhost:45497|dataStream:localhost:45325|priority:0|startupRole:FOLLOWER, s4|rpc:localhost:43443|admin:localhost:35771|client:localhost:42171|dataStream:localhost:35973|priority:0|startupRole:FOLLOWER, s0|rpc:localhost:39127|admin:localhost:34665|client:localhost:40015|dataStream:localhost:33597|priority:0|startupRole:FOLLOWER, s1|rpc:localhost:34777|admin:localhost:44841|client:localhost:46383|dataStream:localhost:39499|priority:0|startupRole:FOLLOWER, s2|rpc:localhost:42831|admin:localhost:43735|client:localhost:36571|dataStream:localhost:33613|priority:0|startupRole:FOLLOWER]|listeners:[], old=null RUNNING
2022-11-16 04:24:09,862 [Time-limited test] INFO  impl.MiniRaftCluster (MiniRaftCluster.java:shutdown(831)) - ************************************************************** 
2022-11-16 04:24:09,863 [Time-limited test] INFO  impl.MiniRaftCluster (MiniRaftCluster.java:shutdown(832)) - *** 
2022-11-16 04:24:09,863 [Time-limited test] INFO  impl.MiniRaftCluster (MiniRaftCluster.java:shutdown(833)) - ***     Stopping MiniRaftClusterWithSimulatedRpc
2022-11-16 04:24:09,863 [Time-limited test] INFO  impl.MiniRaftCluster (MiniRaftCluster.java:shutdown(834)) - *** 
2022-11-16 04:24:09,863 [Time-limited test] INFO  impl.MiniRaftCluster (MiniRaftCluster.java:shutdown(835)) - ************************************************************** 
2022-11-16 04:24:09,863 [Time-limited test] INFO  impl.MiniRaftCluster (MiniRaftCluster.java:shutdown(836)) - printing ALL groups
  s3:  RUNNING    LEADER s3@group-742A07453557:t1, leader=s3, voted=s3, raftlog=Memoized:s3@group-742A07453557-SegmentedRaftLog:OPENED:c0, conf=0: peers:[s3|rpc:localhost:32935|admin:localhost:46155|client:localhost:45497|dataStream:localhost:45325|priority:0|startupRole:FOLLOWER, s4|rpc:localhost:43443|admin:localhost:35771|client:localhost:42171|dataStream:localhost:35973|priority:0|startupRole:FOLLOWER, s0|rpc:localhost:39127|admin:localhost:34665|client:localhost:40015|dataStream:localhost:33597|priority:0|startupRole:FOLLOWER, s1|rpc:localhost:34777|admin:localhost:44841|client:localhost:46383|dataStream:localhost:39499|priority:0|startupRole:FOLLOWER, s2|rpc:localhost:42831|admin:localhost:43735|client:localhost:36571|dataStream:localhost:33613|priority:0|startupRole:FOLLOWER]|listeners:[], old=null RUNNING
  s4:  RUNNING  FOLLOWER s4@group-742A07453557:t1, leader=s3, voted=s3, raftlog=Memoized:s4@group-742A07453557-SegmentedRaftLog:OPENED:c0, conf=0: peers:[s3|rpc:localhost:32935|admin:localhost:46155|client:localhost:45497|dataStream:localhost:45325|priority:0|startupRole:FOLLOWER, s4|rpc:localhost:43443|admin:localhost:35771|client:localhost:42171|dataStream:localhost:35973|priority:0|startupRole:FOLLOWER, s0|rpc:localhost:39127|admin:localhost:34665|client:localhost:40015|dataStream:localhost:33597|priority:0|startupRole:FOLLOWER, s1|rpc:localhost:34777|admin:localhost:44841|client:localhost:46383|dataStream:localhost:39499|priority:0|startupRole:FOLLOWER, s2|rpc:localhost:42831|admin:localhost:43735|client:localhost:36571|dataStream:localhost:33613|priority:0|startupRole:FOLLOWER]|listeners:[], old=null RUNNING
  s0:  RUNNING  FOLLOWER s0@group-742A07453557:t1, leader=s3, voted=s3, raftlog=Memoized:s0@group-742A07453557-SegmentedRaftLog:OPENED:c0, conf=0: peers:[s3|rpc:localhost:32935|admin:localhost:46155|client:localhost:45497|dataStream:localhost:45325|priority:0|startupRole:FOLLOWER, s4|rpc:localhost:43443|admin:localhost:35771|client:localhost:42171|dataStream:localhost:35973|priority:0|startupRole:FOLLOWER, s0|rpc:localhost:39127|admin:localhost:34665|client:localhost:40015|dataStream:localhost:33597|priority:0|startupRole:FOLLOWER, s1|rpc:localhost:34777|admin:localhost:44841|client:localhost:46383|dataStream:localhost:39499|priority:0|startupRole:FOLLOWER, s2|rpc:localhost:42831|admin:localhost:43735|client:localhost:36571|dataStream:localhost:33613|priority:0|startupRole:FOLLOWER]|listeners:[], old=null RUNNING
  s1:  RUNNING  FOLLOWER s1@group-742A07453557:t1, leader=s3, voted=s3, raftlog=Memoized:s1@group-742A07453557-SegmentedRaftLog:OPENED:c0, conf=0: peers:[s3|rpc:localhost:32935|admin:localhost:46155|client:localhost:45497|dataStream:localhost:45325|priority:0|startupRole:FOLLOWER, s4|rpc:localhost:43443|admin:localhost:35771|client:localhost:42171|dataStream:localhost:35973|priority:0|startupRole:FOLLOWER, s0|rpc:localhost:39127|admin:localhost:34665|client:localhost:40015|dataStream:localhost:33597|priority:0|startupRole:FOLLOWER, s1|rpc:localhost:34777|admin:localhost:44841|client:localhost:46383|dataStream:localhost:39499|priority:0|startupRole:FOLLOWER, s2|rpc:localhost:42831|admin:localhost:43735|client:localhost:36571|dataStream:localhost:33613|priority:0|startupRole:FOLLOWER]|listeners:[], old=null RUNNING
  s2:  RUNNING  FOLLOWER s2@group-742A07453557:t1, leader=s3, voted=s3, raftlog=Memoized:s2@group-742A07453557-SegmentedRaftLog:OPENED:c0, conf=0: peers:[s3|rpc:localhost:32935|admin:localhost:46155|client:localhost:45497|dataStream:localhost:45325|priority:0|startupRole:FOLLOWER, s4|rpc:localhost:43443|admin:localhost:35771|client:localhost:42171|dataStream:localhost:35973|priority:0|startupRole:FOLLOWER, s0|rpc:localhost:39127|admin:localhost:34665|client:localhost:40015|dataStream:localhost:33597|priority:0|startupRole:FOLLOWER, s1|rpc:localhost:34777|admin:localhost:44841|client:localhost:46383|dataStream:localhost:39499|priority:0|startupRole:FOLLOWER, s2|rpc:localhost:42831|admin:localhost:43735|client:localhost:36571|dataStream:localhost:33613|priority:0|startupRole:FOLLOWER]|listeners:[], old=null RUNNING
2022-11-16 04:24:09,864 [MiniRaftCluster-9] INFO  server.RaftServer (RaftServerProxy.java:lambda$close$7(412)) - s3: close
2022-11-16 04:24:09,864 [s3-impl-thread1] INFO  server.RaftServer$Division (RaftServerImpl.java:lambda$close$4(462)) - s3@group-742A07453557: shutdown
2022-11-16 04:24:09,864 [MiniRaftCluster-10] INFO  server.RaftServer (RaftServerProxy.java:lambda$close$7(412)) - s4: close
2022-11-16 04:24:09,864 [s3-impl-thread1] INFO  util.JmxRegister (JmxRegister.java:unregister(73)) - Successfully un-registered JMX Bean with object name Ratis:service=RaftServer,group=group-742A07453557,id=s3
2022-11-16 04:24:09,864 [s4-impl-thread1] INFO  server.RaftServer$Division (RaftServerImpl.java:lambda$close$4(462)) - s4@group-742A07453557: shutdown
2022-11-16 04:24:09,864 [s4-impl-thread1] INFO  util.JmxRegister (JmxRegister.java:unregister(73)) - Successfully un-registered JMX Bean with object name Ratis:service=RaftServer,group=group-742A07453557,id=s4
2022-11-16 04:24:09,865 [s4-impl-thread1] INFO  impl.RoleInfo (RoleInfo.java:shutdownFollowerState(110)) - s4: shutdown s4@group-742A07453557-FollowerState
2022-11-16 04:24:09,865 [s4-impl-thread1] INFO  impl.StateMachineUpdater (StateMachineUpdater.java:stopAndJoin(154)) - s4@group-742A07453557-StateMachineUpdater: set stopIndex = 0
2022-11-16 04:24:09,866 [s4@group-742A07453557-FollowerState] INFO  impl.FollowerState (FollowerState.java:run(152)) - s4@group-742A07453557-FollowerState was interrupted
2022-11-16 04:24:09,864 [s3-impl-thread1] INFO  impl.RoleInfo (RoleInfo.java:shutdownLeaderState(93)) - s3: shutdown s3@group-742A07453557-LeaderStateImpl
2022-11-16 04:24:09,866 [s3-impl-thread1] INFO  impl.PendingRequests (PendingRequests.java:sendNotLeaderResponses(282)) - s3@group-742A07453557-PendingRequests: sendNotLeaderResponses
2022-11-16 04:24:09,867 [s3-impl-thread1] INFO  impl.StateMachineUpdater (StateMachineUpdater.java:stopAndJoin(154)) - s3@group-742A07453557-StateMachineUpdater: set stopIndex = 0
2022-11-16 04:24:09,867 [s3@group-742A07453557->s4-LogAppenderDefault-LogAppenderDaemon] INFO  leader.LogAppenderDaemon (LogAppenderDaemon.java:run(83)) - s3@group-742A07453557->s4-LogAppenderDefault-LogAppenderDaemon was interrupted: java.lang.InterruptedException
2022-11-16 04:24:09,867 [s3@group-742A07453557->s0-LogAppenderDefault-LogAppenderDaemon] INFO  leader.LogAppenderDaemon (LogAppenderDaemon.java:run(83)) - s3@group-742A07453557->s0-LogAppenderDefault-LogAppenderDaemon was interrupted: java.lang.InterruptedException
2022-11-16 04:24:09,867 [s3@group-742A07453557->s2-LogAppenderDefault-LogAppenderDaemon] INFO  leader.LogAppenderDaemon (LogAppenderDaemon.java:run(83)) - s3@group-742A07453557->s2-LogAppenderDefault-LogAppenderDaemon was interrupted: java.lang.InterruptedException
2022-11-16 04:24:09,867 [s3@group-742A07453557->s1-LogAppenderDefault-LogAppenderDaemon] INFO  leader.LogAppenderDaemon (LogAppenderDaemon.java:run(83)) - s3@group-742A07453557->s1-LogAppenderDefault-LogAppenderDaemon was interrupted: java.lang.InterruptedException
2022-11-16 04:24:09,867 [s4-impl-thread1] INFO  server.RaftServer$Division (ServerState.java:close(413)) - s4@group-742A07453557: applyIndex: 0
2022-11-16 04:24:09,868 [s4@group-742A07453557-SegmentedRaftLogWorker] INFO  segmented.SegmentedRaftLogWorker (SegmentedRaftLogWorker.java:run(334)) - s4@group-742A07453557-SegmentedRaftLogWorker was interrupted, exiting. There are 0 tasks remaining in the queue.
2022-11-16 04:24:09,868 [HandlerDaemon-0] INFO  simulation.RequestHandler (RequestHandler.java:run(127)) - s4.clientHandler0 is interrupted by java.io.InterruptedIOException: 
2022-11-16 04:24:09,868 [HandlerDaemon-1] INFO  simulation.RequestHandler (RequestHandler.java:run(127)) - s4.clientHandler1 is interrupted by java.io.InterruptedIOException: 
2022-11-16 04:24:09,868 [s3-impl-thread1] INFO  server.RaftServer$Division (ServerState.java:close(413)) - s3@group-742A07453557: applyIndex: 0
2022-11-16 04:24:09,868 [s3@group-742A07453557-SegmentedRaftLogWorker] INFO  segmented.SegmentedRaftLogWorker (SegmentedRaftLogWorker.java:run(334)) - s3@group-742A07453557-SegmentedRaftLogWorker was interrupted, exiting. There are 0 tasks remaining in the queue.
2022-11-16 04:24:09,868 [HandlerDaemon-2] INFO  simulation.RequestHandler (RequestHandler.java:run(127)) - s4.clientHandler2 is interrupted by java.io.InterruptedIOException: 
2022-11-16 04:24:09,868 [MiniRaftCluster-11] INFO  server.RaftServer (RaftServerProxy.java:lambda$close$7(412)) - s0: close
2022-11-16 04:24:09,868 [HandlerDaemon-2] INFO  simulation.RequestHandler (RequestHandler.java:run(127)) - s3.clientHandler2 is interrupted by java.io.InterruptedIOException: 
2022-11-16 04:24:09,869 [HandlerDaemon-0] INFO  simulation.RequestHandler (RequestHandler.java:run(127)) - s0.clientHandler0 is interrupted by java.io.InterruptedIOException: 
2022-11-16 04:24:09,868 [HandlerDaemon-1] INFO  simulation.RequestHandler (RequestHandler.java:run(127)) - s3.clientHandler1 is interrupted by java.io.InterruptedIOException: 
2022-11-16 04:24:09,869 [HandlerDaemon-1] INFO  simulation.RequestHandler (RequestHandler.java:run(127)) - s0.clientHandler1 is interrupted by java.io.InterruptedIOException: 
2022-11-16 04:24:09,868 [HandlerDaemon-0] INFO  simulation.RequestHandler (RequestHandler.java:run(127)) - s3.clientHandler0 is interrupted by java.io.InterruptedIOException: 
2022-11-16 04:24:09,869 [HandlerDaemon-2] INFO  simulation.RequestHandler (RequestHandler.java:run(127)) - s0.clientHandler2 is interrupted by java.io.InterruptedIOException: 
2022-11-16 04:24:09,869 [s0-impl-thread1] INFO  server.RaftServer$Division (RaftServerImpl.java:lambda$close$4(462)) - s0@group-742A07453557: shutdown
2022-11-16 04:24:09,869 [s0-impl-thread1] INFO  util.JmxRegister (JmxRegister.java:unregister(73)) - Successfully un-registered JMX Bean with object name Ratis:service=RaftServer,group=group-742A07453557,id=s0
2022-11-16 04:24:09,869 [s0-impl-thread1] INFO  impl.RoleInfo (RoleInfo.java:shutdownFollowerState(110)) - s0: shutdown s0@group-742A07453557-FollowerState
2022-11-16 04:24:09,869 [s0-impl-thread1] INFO  impl.StateMachineUpdater (StateMachineUpdater.java:stopAndJoin(154)) - s0@group-742A07453557-StateMachineUpdater: set stopIndex = 0
2022-11-16 04:24:09,869 [s0@group-742A07453557-FollowerState] INFO  impl.FollowerState (FollowerState.java:run(152)) - s0@group-742A07453557-FollowerState was interrupted
2022-11-16 04:24:09,871 [HandlerDaemon-0] INFO  simulation.RequestHandler (RequestHandler.java:run(127)) - s4.serverHandler0 is interrupted by java.io.InterruptedIOException: 
2022-11-16 04:24:09,871 [HandlerDaemon-1] INFO  simulation.RequestHandler (RequestHandler.java:run(127)) - s4.serverHandler1 is interrupted by java.io.InterruptedIOException: 
2022-11-16 04:24:09,871 [HandlerDaemon-2] INFO  simulation.RequestHandler (RequestHandler.java:run(127)) - s4.serverHandler2 is interrupted by java.io.InterruptedIOException: 
2022-11-16 04:24:09,872 [MiniRaftCluster-12] INFO  server.RaftServer (RaftServerProxy.java:lambda$close$7(412)) - s1: close
2022-11-16 04:24:09,872 [s0-impl-thread1] INFO  server.RaftServer$Division (ServerState.java:close(413)) - s0@group-742A07453557: applyIndex: 0
2022-11-16 04:24:09,872 [s1-impl-thread1] INFO  server.RaftServer$Division (RaftServerImpl.java:lambda$close$4(462)) - s1@group-742A07453557: shutdown
2022-11-16 04:24:09,872 [s1-impl-thread1] INFO  util.JmxRegister (JmxRegister.java:unregister(73)) - Successfully un-registered JMX Bean with object name Ratis:service=RaftServer,group=group-742A07453557,id=s1
2022-11-16 04:24:09,872 [s1-impl-thread1] INFO  impl.RoleInfo (RoleInfo.java:shutdownFollowerState(110)) - s1: shutdown s1@group-742A07453557-FollowerState
2022-11-16 04:24:09,872 [s1-impl-thread1] INFO  impl.StateMachineUpdater (StateMachineUpdater.java:stopAndJoin(154)) - s1@group-742A07453557-StateMachineUpdater: set stopIndex = 0
2022-11-16 04:24:09,872 [s1@group-742A07453557-FollowerState] INFO  impl.FollowerState (FollowerState.java:run(152)) - s1@group-742A07453557-FollowerState was interrupted
2022-11-16 04:24:09,872 [s0@group-742A07453557-SegmentedRaftLogWorker] INFO  segmented.SegmentedRaftLogWorker (SegmentedRaftLogWorker.java:run(334)) - s0@group-742A07453557-SegmentedRaftLogWorker was interrupted, exiting. There are 0 tasks remaining in the queue.
2022-11-16 04:24:09,873 [HandlerDaemon-0] INFO  simulation.RequestHandler (RequestHandler.java:run(127)) - s0.serverHandler0 is interrupted by java.io.InterruptedIOException: 
2022-11-16 04:24:09,873 [HandlerDaemon-1] INFO  simulation.RequestHandler (RequestHandler.java:run(127)) - s0.serverHandler1 is interrupted by java.io.InterruptedIOException: 
2022-11-16 04:24:09,873 [HandlerDaemon-2] INFO  simulation.RequestHandler (RequestHandler.java:run(127)) - s3.serverHandler2 is interrupted by java.io.InterruptedIOException: 
2022-11-16 04:24:09,873 [HandlerDaemon-1] INFO  simulation.RequestHandler (RequestHandler.java:run(127)) - s3.serverHandler1 is interrupted by java.io.InterruptedIOException: 
2022-11-16 04:24:09,873 [HandlerDaemon-0] INFO  simulation.RequestHandler (RequestHandler.java:run(127)) - s3.serverHandler0 is interrupted by java.io.InterruptedIOException: 
2022-11-16 04:24:09,873 [HandlerDaemon-2] INFO  simulation.RequestHandler (RequestHandler.java:run(127)) - s0.serverHandler2 is interrupted by java.io.InterruptedIOException: 
2022-11-16 04:24:09,873 [s1-impl-thread1] INFO  server.RaftServer$Division (ServerState.java:close(413)) - s1@group-742A07453557: applyIndex: 0
2022-11-16 04:24:09,874 [s1@group-742A07453557-SegmentedRaftLogWorker] INFO  segmented.SegmentedRaftLogWorker (SegmentedRaftLogWorker.java:run(334)) - s1@group-742A07453557-SegmentedRaftLogWorker was interrupted, exiting. There are 0 tasks remaining in the queue.
2022-11-16 04:24:09,874 [HandlerDaemon-0] INFO  simulation.RequestHandler (RequestHandler.java:run(127)) - s1.clientHandler0 is interrupted by java.io.InterruptedIOException: 
2022-11-16 04:24:09,875 [HandlerDaemon-1] INFO  simulation.RequestHandler (RequestHandler.java:run(127)) - s1.clientHandler1 is interrupted by java.io.InterruptedIOException: 
2022-11-16 04:24:09,875 [HandlerDaemon-2] INFO  simulation.RequestHandler (RequestHandler.java:run(127)) - s1.clientHandler2 is interrupted by java.io.InterruptedIOException: 
2022-11-16 04:24:09,875 [HandlerDaemon-1] INFO  simulation.RequestHandler (RequestHandler.java:run(127)) - s1.serverHandler1 is interrupted by java.io.InterruptedIOException: 
2022-11-16 04:24:09,875 [HandlerDaemon-0] INFO  simulation.RequestHandler (RequestHandler.java:run(127)) - s1.serverHandler0 is interrupted by java.io.InterruptedIOException: 
2022-11-16 04:24:09,875 [HandlerDaemon-2] INFO  simulation.RequestHandler (RequestHandler.java:run(127)) - s1.serverHandler2 is interrupted by java.io.InterruptedIOException: 
2022-11-16 04:24:09,875 [s4-impl-thread1] INFO  segmented.SegmentedRaftLogWorker (SegmentedRaftLogWorker.java:close(247)) - s4@group-742A07453557-SegmentedRaftLogWorker close()
2022-11-16 04:24:09,875 [MiniRaftCluster-13] INFO  server.RaftServer (RaftServerProxy.java:lambda$close$7(412)) - s2: close
2022-11-16 04:24:09,875 [s2-impl-thread1] INFO  server.RaftServer$Division (RaftServerImpl.java:lambda$close$4(462)) - s2@group-742A07453557: shutdown
2022-11-16 04:24:09,876 [s2-impl-thread1] INFO  util.JmxRegister (JmxRegister.java:unregister(73)) - Successfully un-registered JMX Bean with object name Ratis:service=RaftServer,group=group-742A07453557,id=s2
2022-11-16 04:24:09,876 [s3-impl-thread1] INFO  segmented.SegmentedRaftLogWorker (SegmentedRaftLogWorker.java:close(247)) - s3@group-742A07453557-SegmentedRaftLogWorker close()
2022-11-16 04:24:09,876 [HandlerDaemon-0] INFO  simulation.RequestHandler (RequestHandler.java:run(127)) - s2.clientHandler0 is interrupted by java.io.InterruptedIOException: 
2022-11-16 04:24:09,876 [HandlerDaemon-1] INFO  simulation.RequestHandler (RequestHandler.java:run(127)) - s2.clientHandler1 is interrupted by java.io.InterruptedIOException: 
2022-11-16 04:24:09,876 [s2-impl-thread1] INFO  impl.RoleInfo (RoleInfo.java:shutdownFollowerState(110)) - s2: shutdown s2@group-742A07453557-FollowerState
2022-11-16 04:24:09,877 [s2-impl-thread1] INFO  impl.StateMachineUpdater (StateMachineUpdater.java:stopAndJoin(154)) - s2@group-742A07453557-StateMachineUpdater: set stopIndex = 0
2022-11-16 04:24:09,877 [s2@group-742A07453557-FollowerState] INFO  impl.FollowerState (FollowerState.java:run(152)) - s2@group-742A07453557-FollowerState was interrupted
2022-11-16 04:24:09,877 [HandlerDaemon-2] INFO  simulation.RequestHandler (RequestHandler.java:run(127)) - s2.clientHandler2 is interrupted by java.io.InterruptedIOException: 
2022-11-16 04:24:09,877 [HandlerDaemon-0] INFO  simulation.RequestHandler (RequestHandler.java:run(127)) - s2.serverHandler0 is interrupted by java.io.InterruptedIOException: 
2022-11-16 04:24:09,877 [HandlerDaemon-1] INFO  simulation.RequestHandler (RequestHandler.java:run(127)) - s2.serverHandler1 is interrupted by java.io.InterruptedIOException: 
2022-11-16 04:24:09,877 [HandlerDaemon-2] INFO  simulation.RequestHandler (RequestHandler.java:run(127)) - s2.serverHandler2 is interrupted by java.io.InterruptedIOException: 
2022-11-16 04:24:09,878 [s0-impl-thread1] INFO  segmented.SegmentedRaftLogWorker (SegmentedRaftLogWorker.java:close(247)) - s0@group-742A07453557-SegmentedRaftLogWorker close()
2022-11-16 04:24:09,878 [s2-impl-thread1] INFO  server.RaftServer$Division (ServerState.java:close(413)) - s2@group-742A07453557: applyIndex: 0
2022-11-16 04:24:09,879 [s2@group-742A07453557-SegmentedRaftLogWorker] INFO  segmented.SegmentedRaftLogWorker (SegmentedRaftLogWorker.java:run(334)) - s2@group-742A07453557-SegmentedRaftLogWorker was interrupted, exiting. There are 0 tasks remaining in the queue.
2022-11-16 04:24:09,879 [s1-impl-thread1] INFO  segmented.SegmentedRaftLogWorker (SegmentedRaftLogWorker.java:close(247)) - s1@group-742A07453557-SegmentedRaftLogWorker close()
2022-11-16 04:24:09,880 [s2-impl-thread1] INFO  segmented.SegmentedRaftLogWorker (SegmentedRaftLogWorker.java:close(247)) - s2@group-742A07453557-SegmentedRaftLogWorker close()
2022-11-16 04:24:09,884 [JvmPauseMonitor5] INFO  util.JvmPauseMonitor (JvmPauseMonitor.java:run(111)) - JvmPauseMonitor-s4: Stopped
2022-11-16 04:24:09,889 [JvmPauseMonitor7] INFO  util.JvmPauseMonitor (JvmPauseMonitor.java:run(111)) - JvmPauseMonitor-s1: Stopped
2022-11-16 04:24:09,889 [JvmPauseMonitor4] INFO  util.JvmPauseMonitor (JvmPauseMonitor.java:run(111)) - JvmPauseMonitor-s3: Stopped
2022-11-16 04:24:09,890 [JvmPauseMonitor8] INFO  util.JvmPauseMonitor (JvmPauseMonitor.java:run(111)) - JvmPauseMonitor-s2: Stopped
2022-11-16 04:24:09,890 [JvmPauseMonitor6] INFO  util.JvmPauseMonitor (JvmPauseMonitor.java:run(111)) - JvmPauseMonitor-s0: Stopped
2022-11-16 04:24:09,890 [Time-limited test] INFO  impl.MiniRaftCluster (MiniRaftCluster.java:shutdown(855)) - MiniRaftClusterWithSimulatedRpc shutdown completed
]]></system-out>
  </testcase>
  <testcase name="testLostMajorityHeartbeats" classname="org.apache.ratis.server.simulation.TestLeaderElectionWithSimulatedRpc" time="1.122"/>
  <testcase name="testLateServerStart" classname="org.apache.ratis.server.simulation.TestLeaderElectionWithSimulatedRpc" time="4.516"/>
  <testcase name="testListenerNotStartLeaderElection" classname="org.apache.ratis.server.simulation.TestLeaderElectionWithSimulatedRpc" time="1.183"/>
  <testcase name="testPreVote" classname="org.apache.ratis.server.simulation.TestLeaderElectionWithSimulatedRpc" time="4.532"/>
  <testcase name="testListenerRejectRequestVote" classname="org.apache.ratis.server.simulation.TestLeaderElectionWithSimulatedRpc" time="0.587"/>
  <testcase name="testAddListener" classname="org.apache.ratis.server.simulation.TestLeaderElectionWithSimulatedRpc" time="0.611"/>
  <testcase name="testTransferLeaderTimeout" classname="org.apache.ratis.server.simulation.TestLeaderElectionWithSimulatedRpc" time="5.554"/>
  <testcase name="testBasicLeaderElection" classname="org.apache.ratis.server.simulation.TestLeaderElectionWithSimulatedRpc" time="5.554"/>
  <testcase name="testChangeFollowerToListener" classname="org.apache.ratis.server.simulation.TestLeaderElectionWithSimulatedRpc" time="0.549"/>
  <testcase name="testTransferLeader" classname="org.apache.ratis.server.simulation.TestLeaderElectionWithSimulatedRpc" time="1.439"/>
  <testcase name="testPauseResumeLeaderElection" classname="org.apache.ratis.server.simulation.TestLeaderElectionWithSimulatedRpc" time="1.335"/>
  <testcase name="testChangeLeader" classname="org.apache.ratis.server.simulation.TestLeaderElectionWithSimulatedRpc" time="5.875"/>
  <testcase name="testChangeListenerToFollower" classname="org.apache.ratis.server.simulation.TestLeaderElectionWithSimulatedRpc" time="0.52"/>
  <testcase name="testShutdownBeforeStart" classname="org.apache.ratis.server.simulation.TestLeaderElectionWithSimulatedRpc" time="1.71"/>
  <testcase name="testLeaderNotCountListenerForMajority" classname="org.apache.ratis.server.simulation.TestLeaderElectionWithSimulatedRpc" time="0.775"/>
  <testcase name="testImmediatelyRevertedToFollower" classname="org.apache.ratis.server.simulation.TestLeaderElectionWithSimulatedRpc" time="0.012"/>
  <testcase name="testLeaderElectionMetrics" classname="org.apache.ratis.server.simulation.TestLeaderElectionWithSimulatedRpc" time="0.531"/>
</testsuite>