<?xml version="1.0" encoding="UTF-8"?>
<testsuite xmlns:xsi="http://www.w3.org/2001/XMLSchema-instance" xsi:noNamespaceSchemaLocation="https://maven.apache.org/surefire/maven-surefire-plugin/xsd/surefire-test-report.xsd" name="org.apache.ratis.server.simulation.TestLeaderElectionWithSimulatedRpc" time="48.134" tests="19" errors="0" skipped="0" failures="1">
  <properties>
    <property name="awt.toolkit" value="sun.awt.X11.XToolkit"/>
    <property name="java.specification.version" value="11"/>
    <property name="sun.cpu.isalist" value=""/>
    <property name="sun.jnu.encoding" value="UTF-8"/>
    <property name="java.class.path" value="/home/runner/work/ratis/ratis/ratis-test/target/test-classes:/home/runner/work/ratis/ratis/ratis-test/target/classes:/home/runner/work/ratis/ratis/ratis-common/target/classes:/home/runner/.m2/repository/org/apache/ratis/ratis-thirdparty-misc/1.0.3/ratis-thirdparty-misc-1.0.3.jar:/home/runner/work/ratis/ratis/ratis-proto/target/ratis-proto-3.0.0-SNAPSHOT.jar:/home/runner/work/ratis/ratis/ratis-common/target/test-classes:/home/runner/work/ratis/ratis/ratis-client/target/classes:/home/runner/work/ratis/ratis/ratis-server/target/classes:/home/runner/work/ratis/ratis/ratis-server-api/target/classes:/home/runner/work/ratis/ratis/ratis-metrics-api/target/classes:/home/runner/work/ratis/ratis/ratis-server/target/test-classes:/home/runner/work/ratis/ratis/ratis-metrics-default/target/classes:/home/runner/work/ratis/ratis/ratis-netty/target/classes:/home/runner/work/ratis/ratis/ratis-netty/target/test-classes:/home/runner/work/ratis/ratis/ratis-grpc/target/classes:/home/runner/work/ratis/ratis/ratis-grpc/target/test-classes:/home/runner/.m2/repository/org/slf4j/slf4j-api/1.7.29/slf4j-api-1.7.29.jar:/home/runner/.m2/repository/org/slf4j/slf4j-log4j12/1.7.29/slf4j-log4j12-1.7.29.jar:/home/runner/.m2/repository/log4j/log4j/1.2.17/log4j-1.2.17.jar:/home/runner/.m2/repository/junit/junit/4.13.2/junit-4.13.2.jar:/home/runner/.m2/repository/org/hamcrest/hamcrest-core/1.3/hamcrest-core-1.3.jar:/home/runner/.m2/repository/org/mockito/mockito-core/4.3.1/mockito-core-4.3.1.jar:/home/runner/.m2/repository/net/bytebuddy/byte-buddy/1.12.7/byte-buddy-1.12.7.jar:/home/runner/.m2/repository/net/bytebuddy/byte-buddy-agent/1.12.7/byte-buddy-agent-1.12.7.jar:/home/runner/.m2/repository/org/objenesis/objenesis/3.2/objenesis-3.2.jar:/home/runner/work/ratis/ratis/ratis-shell/target/classes:/home/runner/.m2/repository/commons-cli/commons-cli/1.5.0/commons-cli-1.5.0.jar:/home/runner/.m2/repository/org/slf4j/slf4j-simple/1.7.29/slf4j-simple-1.7.29.jar:/home/runner/.m2/repository/org/reflections/reflections/0.10.2/reflections-0.10.2.jar:/home/runner/.m2/repository/org/javassist/javassist/3.28.0-GA/javassist-3.28.0-GA.jar:/home/runner/.m2/repository/com/google/code/findbugs/jsr305/3.0.2/jsr305-3.0.2.jar:"/>
    <property name="java.vm.vendor" value="Eclipse Adoptium"/>
    <property name="sun.arch.data.model" value="64"/>
    <property name="java.vendor.url" value="https://adoptium.net/"/>
    <property name="user.timezone" value=""/>
    <property name="java.vm.specification.version" value="11"/>
    <property name="os.name" value="Linux"/>
    <property name="sun.java.launcher" value="SUN_STANDARD"/>
    <property name="sun.boot.library.path" value="/usr/lib/jvm/temurin-11-jdk-amd64/lib"/>
    <property name="sun.java.command" value="/home/runner/work/ratis/ratis/ratis-test/target/surefire/surefirebooter10519643553609088991.jar /home/runner/work/ratis/ratis/ratis-test/target/surefire 2022-11-08T19-08-36_977-jvmRun1 surefire11314465267273777370tmp surefire_2215937667472173805386tmp"/>
    <property name="jdk.debug" value="release"/>
    <property name="surefire.test.class.path" value="/home/runner/work/ratis/ratis/ratis-test/target/test-classes:/home/runner/work/ratis/ratis/ratis-test/target/classes:/home/runner/work/ratis/ratis/ratis-common/target/classes:/home/runner/.m2/repository/org/apache/ratis/ratis-thirdparty-misc/1.0.3/ratis-thirdparty-misc-1.0.3.jar:/home/runner/work/ratis/ratis/ratis-proto/target/ratis-proto-3.0.0-SNAPSHOT.jar:/home/runner/work/ratis/ratis/ratis-common/target/test-classes:/home/runner/work/ratis/ratis/ratis-client/target/classes:/home/runner/work/ratis/ratis/ratis-server/target/classes:/home/runner/work/ratis/ratis/ratis-server-api/target/classes:/home/runner/work/ratis/ratis/ratis-metrics-api/target/classes:/home/runner/work/ratis/ratis/ratis-server/target/test-classes:/home/runner/work/ratis/ratis/ratis-metrics-default/target/classes:/home/runner/work/ratis/ratis/ratis-netty/target/classes:/home/runner/work/ratis/ratis/ratis-netty/target/test-classes:/home/runner/work/ratis/ratis/ratis-grpc/target/classes:/home/runner/work/ratis/ratis/ratis-grpc/target/test-classes:/home/runner/.m2/repository/org/slf4j/slf4j-api/1.7.29/slf4j-api-1.7.29.jar:/home/runner/.m2/repository/org/slf4j/slf4j-log4j12/1.7.29/slf4j-log4j12-1.7.29.jar:/home/runner/.m2/repository/log4j/log4j/1.2.17/log4j-1.2.17.jar:/home/runner/.m2/repository/junit/junit/4.13.2/junit-4.13.2.jar:/home/runner/.m2/repository/org/hamcrest/hamcrest-core/1.3/hamcrest-core-1.3.jar:/home/runner/.m2/repository/org/mockito/mockito-core/4.3.1/mockito-core-4.3.1.jar:/home/runner/.m2/repository/net/bytebuddy/byte-buddy/1.12.7/byte-buddy-1.12.7.jar:/home/runner/.m2/repository/net/bytebuddy/byte-buddy-agent/1.12.7/byte-buddy-agent-1.12.7.jar:/home/runner/.m2/repository/org/objenesis/objenesis/3.2/objenesis-3.2.jar:/home/runner/work/ratis/ratis/ratis-shell/target/classes:/home/runner/.m2/repository/commons-cli/commons-cli/1.5.0/commons-cli-1.5.0.jar:/home/runner/.m2/repository/org/slf4j/slf4j-simple/1.7.29/slf4j-simple-1.7.29.jar:/home/runner/.m2/repository/org/reflections/reflections/0.10.2/reflections-0.10.2.jar:/home/runner/.m2/repository/org/javassist/javassist/3.28.0-GA/javassist-3.28.0-GA.jar:/home/runner/.m2/repository/com/google/code/findbugs/jsr305/3.0.2/jsr305-3.0.2.jar:"/>
    <property name="sun.cpu.endian" value="little"/>
    <property name="user.home" value="/home/runner"/>
    <property name="user.language" value="en"/>
    <property name="java.specification.vendor" value="Oracle Corporation"/>
    <property name="java.version.date" value="2022-08-12"/>
    <property name="java.home" value="/usr/lib/jvm/temurin-11-jdk-amd64"/>
    <property name="file.separator" value="/"/>
    <property name="basedir" value="/home/runner/work/ratis/ratis/ratis-test"/>
    <property name="java.vm.compressedOopsMode" value="32-bit"/>
    <property name="line.separator" value="&#10;"/>
    <property name="java.specification.name" value="Java Platform API Specification"/>
    <property name="java.vm.specification.vendor" value="Oracle Corporation"/>
    <property name="java.awt.graphicsenv" value="sun.awt.X11GraphicsEnvironment"/>
    <property name="surefire.real.class.path" value="/home/runner/work/ratis/ratis/ratis-test/target/surefire/surefirebooter10519643553609088991.jar"/>
    <property name="sun.management.compiler" value="HotSpot 64-Bit Tiered Compilers"/>
    <property name="java.runtime.version" value="11.0.16.1+1"/>
    <property name="user.name" value="runner"/>
    <property name="java.net.preferIPv4Stack" value="true"/>
    <property name="path.separator" value=":"/>
    <property name="os.version" value="5.15.0-1022-azure"/>
    <property name="java.runtime.name" value="OpenJDK Runtime Environment"/>
    <property name="file.encoding" value="UTF-8"/>
    <property name="java.vm.name" value="OpenJDK 64-Bit Server VM"/>
    <property name="java.vendor.version" value="Temurin-11.0.16.1+1"/>
    <property name="localRepository" value="/home/runner/.m2/repository"/>
    <property name="java.vendor.url.bug" value="https://github.com/adoptium/adoptium-support/issues"/>
    <property name="java.io.tmpdir" value="/tmp"/>
    <property name="java.version" value="11.0.16.1"/>
    <property name="user.dir" value="/home/runner/work/ratis/ratis/ratis-test"/>
    <property name="os.arch" value="amd64"/>
    <property name="ratis.tmp.dir" value="/home/runner/work/ratis/ratis/ratis-test/target/tmp"/>
    <property name="java.vm.specification.name" value="Java Virtual Machine Specification"/>
    <property name="java.awt.printerjob" value="sun.print.PSPrinterJob"/>
    <property name="ratis.log.dir" value="/home/runner/work/ratis/ratis/ratis-test/target/log"/>
    <property name="sun.os.patch.level" value="unknown"/>
    <property name="java.library.path" value="/usr/java/packages/lib:/usr/lib64:/lib64:/lib:/usr/lib"/>
    <property name="java.vm.info" value="mixed mode"/>
    <property name="java.vendor" value="Eclipse Adoptium"/>
    <property name="java.vm.version" value="11.0.16.1+1"/>
    <property name="sun.io.unicode.encoding" value="UnicodeLittle"/>
    <property name="java.class.version" value="55.0"/>
  </properties>
  <testcase name="testRemoveListener" classname="org.apache.ratis.server.simulation.TestLeaderElectionWithSimulatedRpc" time="1.424"/>
  <testcase name="testEnforceLeader" classname="org.apache.ratis.server.simulation.TestLeaderElectionWithSimulatedRpc" time="10.486">
    <failure message="expected:&lt;s[2]&gt; but was:&lt;s[3]&gt;" type="org.junit.ComparisonFailure"><![CDATA[org.junit.ComparisonFailure: expected:<s[2]> but was:<s[3]>
	at org.junit.Assert.assertEquals(Assert.java:117)
	at org.junit.Assert.assertEquals(Assert.java:146)
	at org.apache.ratis.server.impl.LeaderElectionTests.enforceLeader(LeaderElectionTests.java:298)
	at org.apache.ratis.server.impl.LeaderElectionTests.testEnforceLeader(LeaderElectionTests.java:284)
	at java.base/jdk.internal.reflect.NativeMethodAccessorImpl.invoke0(Native Method)
	at java.base/jdk.internal.reflect.NativeMethodAccessorImpl.invoke(NativeMethodAccessorImpl.java:62)
	at java.base/jdk.internal.reflect.DelegatingMethodAccessorImpl.invoke(DelegatingMethodAccessorImpl.java:43)
	at java.base/java.lang.reflect.Method.invoke(Method.java:566)
	at org.junit.runners.model.FrameworkMethod$1.runReflectiveCall(FrameworkMethod.java:59)
	at org.junit.internal.runners.model.ReflectiveCallable.run(ReflectiveCallable.java:12)
	at org.junit.runners.model.FrameworkMethod.invokeExplosively(FrameworkMethod.java:56)
	at org.junit.internal.runners.statements.InvokeMethod.evaluate(InvokeMethod.java:17)
	at org.junit.internal.runners.statements.RunAfters.evaluate(RunAfters.java:27)
	at org.junit.internal.runners.statements.FailOnTimeout$CallableStatement.call(FailOnTimeout.java:299)
	at org.junit.internal.runners.statements.FailOnTimeout$CallableStatement.call(FailOnTimeout.java:293)
	at java.base/java.util.concurrent.FutureTask.run(FutureTask.java:264)
	at java.base/java.lang.Thread.run(Thread.java:829)
]]></failure>
    <system-out><![CDATA[2022-11-08 19:11:17,856 [main] INFO  util.LogUtils (Slf4jUtils.java:setLogLevel(33)) - Set org.apache.ratis.conf.ConfUtils log level to WARN
2022-11-08 19:11:17,856 [main] INFO  util.LogUtils (Slf4jUtils.java:setLogLevel(33)) - Set org.apache.ratis.util.FileUtils log level to TRACE
2022-11-08 19:11:17,856 [main] INFO  util.LogUtils (Slf4jUtils.java:setLogLevel(33)) - Set org.apache.ratis.server.RaftServer$Division log level to DEBUG
2022-11-08 19:11:17,856 [main] INFO  util.LogUtils (Slf4jUtils.java:setLogLevel(33)) - Set org.apache.ratis.client.RaftClient log level to DEBUG
2022-11-08 19:11:17,857 [Time-limited test] INFO  simulation.TestLeaderElectionWithSimulatedRpc (LeaderElectionTests.java:testEnforceLeader(272)) - Running testEnforceLeader
2022-11-08 19:11:17,857 [Time-limited test] INFO  simulation.MiniRaftClusterWithSimulatedRpc (ConfUtils.java:logGet(46)) - org.apache.ratis.server.simulation.SimulatedRequestReply.simulateLatencyMs = 0 (custom)
2022-11-08 19:11:17,858 [Time-limited test] INFO  impl.MiniRaftCluster (MiniRaftCluster.java:<init>(306)) - new MiniRaftClusterWithSimulatedRpc with group-5D589E31C35B:[s3|rpc:localhost:37653|admin:localhost:36015|client:localhost:42101|dataStream:localhost:39669|priority:0|startupRole:FOLLOWER, s4|rpc:localhost:43189|admin:localhost:35299|client:localhost:33007|dataStream:localhost:42297|priority:0|startupRole:FOLLOWER, s0|rpc:localhost:41893|admin:localhost:37625|client:localhost:41993|dataStream:localhost:45101|priority:0|startupRole:FOLLOWER, s1|rpc:localhost:34273|admin:localhost:36031|client:localhost:35527|dataStream:localhost:45605|priority:0|startupRole:FOLLOWER, s2|rpc:localhost:37305|admin:localhost:39781|client:localhost:45787|dataStream:localhost:38773|priority:0|startupRole:FOLLOWER]
2022-11-08 19:11:17,858 [Time-limited test] INFO  impl.MiniRaftCluster (MiniRaftCluster.java:start(339)) - .............................................................. 
2022-11-08 19:11:17,858 [Time-limited test] INFO  impl.MiniRaftCluster (MiniRaftCluster.java:start(340)) - ... 
2022-11-08 19:11:17,858 [Time-limited test] INFO  impl.MiniRaftCluster (MiniRaftCluster.java:start(341)) - ...     Starting MiniRaftClusterWithSimulatedRpc
2022-11-08 19:11:17,858 [Time-limited test] INFO  impl.MiniRaftCluster (MiniRaftCluster.java:start(342)) - ... 
2022-11-08 19:11:17,858 [Time-limited test] INFO  impl.MiniRaftCluster (MiniRaftCluster.java:start(343)) - .............................................................. 
2022-11-08 19:11:17,858 [Time-limited test] INFO  impl.MiniRaftCluster (MiniRaftCluster.java:initServers(318)) - servers = {}
2022-11-08 19:11:17,858 [Time-limited test] INFO  impl.MiniRaftCluster (MiniRaftCluster.java:newRaftServer(382)) - newRaftServer: s3, group-5D589E31C35B:[s3|rpc:localhost:37653|admin:localhost:36015|client:localhost:42101|dataStream:localhost:39669|priority:0|startupRole:FOLLOWER, s4|rpc:localhost:43189|admin:localhost:35299|client:localhost:33007|dataStream:localhost:42297|priority:0|startupRole:FOLLOWER, s0|rpc:localhost:41893|admin:localhost:37625|client:localhost:41993|dataStream:localhost:45101|priority:0|startupRole:FOLLOWER, s1|rpc:localhost:34273|admin:localhost:36031|client:localhost:35527|dataStream:localhost:45605|priority:0|startupRole:FOLLOWER, s2|rpc:localhost:37305|admin:localhost:39781|client:localhost:45787|dataStream:localhost:38773|priority:0|startupRole:FOLLOWER], format? true
2022-11-08 19:11:17,859 [Time-limited test] TRACE util.FileUtils (FileUtils.java:deleteFully(170)) - deleteFully target/test/data/57858a89/MiniRaftClusterWithSimulatedRpcd730cf0b/s3
2022-11-08 19:11:17,859 [Time-limited test] TRACE util.FileUtils (FileUtils.java:deleteFully(186)) - deleteFully: target/test/data/57858a89/MiniRaftClusterWithSimulatedRpcd730cf0b/s3 does not exist.
2022-11-08 19:11:17,859 [Time-limited test] INFO  impl.MiniRaftCluster (MiniRaftCluster.java:newRaftServer(387)) - Formatted directory target/test/data/57858a89/MiniRaftClusterWithSimulatedRpcd730cf0b/s3
2022-11-08 19:11:17,859 [Time-limited test] INFO  server.RaftServer (ConfUtils.java:logGet(46)) - raft.rpc.type = org.apache.ratis.server.simulation.SimulatedRpc (custom)
2022-11-08 19:11:17,859 [Time-limited test] INFO  impl.DataStreamServerImpl (ConfUtils.java:logGet(46)) - raft.datastream.type = DISABLED (default)
2022-11-08 19:11:17,860 [Time-limited test] INFO  server.RaftServerConfigKeys (ConfUtils.java:logGet(46)) - raft.server.threadpool.proxy.cached = true (default)
2022-11-08 19:11:17,860 [Time-limited test] INFO  server.RaftServerConfigKeys (ConfUtils.java:logGet(46)) - raft.server.threadpool.proxy.size = 0 (default)
2022-11-08 19:11:17,860 [Time-limited test] INFO  server.RaftServerConfigKeys (ConfUtils.java:logGet(46)) - raft.server.rpc.slowness.timeout = 60s (default)
2022-11-08 19:11:17,860 [Time-limited test] INFO  server.RaftServerConfigKeys (ConfUtils.java:logGet(46)) - raft.server.leaderelection.leader.step-down.wait-time = 10s (default)
2022-11-08 19:11:17,860 [Time-limited test] INFO  server.RaftServerConfigKeys (ConfUtils.java:logGet(46)) - raft.server.storage.dir = [/home/runner/work/ratis/ratis/ratis-test/target/test/data/57858a89/MiniRaftClusterWithSimulatedRpcd730cf0b/s3] (custom)
2022-11-08 19:11:17,863 [Time-limited test] INFO  server.RaftServer (RaftServerProxy.java:addNew(99)) - s3: addNew group-5D589E31C35B:[s3|rpc:localhost:37653|admin:localhost:36015|client:localhost:42101|dataStream:localhost:39669|priority:0|startupRole:FOLLOWER, s4|rpc:localhost:43189|admin:localhost:35299|client:localhost:33007|dataStream:localhost:42297|priority:0|startupRole:FOLLOWER, s0|rpc:localhost:41893|admin:localhost:37625|client:localhost:41993|dataStream:localhost:45101|priority:0|startupRole:FOLLOWER, s1|rpc:localhost:34273|admin:localhost:36031|client:localhost:35527|dataStream:localhost:45605|priority:0|startupRole:FOLLOWER, s2|rpc:localhost:37305|admin:localhost:39781|client:localhost:45787|dataStream:localhost:38773|priority:0|startupRole:FOLLOWER] returns group-5D589E31C35B:java.util.concurrent.CompletableFuture@7145c315[Not completed]
2022-11-08 19:11:17,864 [Time-limited test] INFO  impl.MiniRaftCluster (MiniRaftCluster.java:newRaftServer(382)) - newRaftServer: s4, group-5D589E31C35B:[s3|rpc:localhost:37653|admin:localhost:36015|client:localhost:42101|dataStream:localhost:39669|priority:0|startupRole:FOLLOWER, s4|rpc:localhost:43189|admin:localhost:35299|client:localhost:33007|dataStream:localhost:42297|priority:0|startupRole:FOLLOWER, s0|rpc:localhost:41893|admin:localhost:37625|client:localhost:41993|dataStream:localhost:45101|priority:0|startupRole:FOLLOWER, s1|rpc:localhost:34273|admin:localhost:36031|client:localhost:35527|dataStream:localhost:45605|priority:0|startupRole:FOLLOWER, s2|rpc:localhost:37305|admin:localhost:39781|client:localhost:45787|dataStream:localhost:38773|priority:0|startupRole:FOLLOWER], format? true
2022-11-08 19:11:17,864 [Time-limited test] TRACE util.FileUtils (FileUtils.java:deleteFully(170)) - deleteFully target/test/data/57858a89/MiniRaftClusterWithSimulatedRpcd730cf0b/s4
2022-11-08 19:11:17,864 [Time-limited test] TRACE util.FileUtils (FileUtils.java:deleteFully(186)) - deleteFully: target/test/data/57858a89/MiniRaftClusterWithSimulatedRpcd730cf0b/s4 does not exist.
2022-11-08 19:11:17,864 [Time-limited test] INFO  impl.MiniRaftCluster (MiniRaftCluster.java:newRaftServer(387)) - Formatted directory target/test/data/57858a89/MiniRaftClusterWithSimulatedRpcd730cf0b/s4
2022-11-08 19:11:17,864 [Time-limited test] INFO  server.RaftServer (ConfUtils.java:logGet(46)) - raft.rpc.type = org.apache.ratis.server.simulation.SimulatedRpc (custom)
2022-11-08 19:11:17,864 [Time-limited test] INFO  impl.DataStreamServerImpl (ConfUtils.java:logGet(46)) - raft.datastream.type = DISABLED (default)
2022-11-08 19:11:17,864 [Time-limited test] INFO  server.RaftServerConfigKeys (ConfUtils.java:logGet(46)) - raft.server.threadpool.proxy.cached = true (default)
2022-11-08 19:11:17,864 [Time-limited test] INFO  server.RaftServerConfigKeys (ConfUtils.java:logGet(46)) - raft.server.threadpool.proxy.size = 0 (default)
2022-11-08 19:11:17,864 [Time-limited test] INFO  server.RaftServerConfigKeys (ConfUtils.java:logGet(46)) - raft.server.rpc.slowness.timeout = 60s (default)
2022-11-08 19:11:17,864 [Time-limited test] INFO  server.RaftServerConfigKeys (ConfUtils.java:logGet(46)) - raft.server.leaderelection.leader.step-down.wait-time = 10s (default)
2022-11-08 19:11:17,864 [Time-limited test] INFO  server.RaftServerConfigKeys (ConfUtils.java:logGet(46)) - raft.server.storage.dir = [/home/runner/work/ratis/ratis/ratis-test/target/test/data/57858a89/MiniRaftClusterWithSimulatedRpcd730cf0b/s4] (custom)
2022-11-08 19:11:17,866 [pool-5-thread-1] INFO  server.RaftServer$Division (RaftServerImpl.java:<init>(198)) - s3: new RaftServerImpl for group-5D589E31C35B:[s3|rpc:localhost:37653|admin:localhost:36015|client:localhost:42101|dataStream:localhost:39669|priority:0|startupRole:FOLLOWER, s4|rpc:localhost:43189|admin:localhost:35299|client:localhost:33007|dataStream:localhost:42297|priority:0|startupRole:FOLLOWER, s0|rpc:localhost:41893|admin:localhost:37625|client:localhost:41993|dataStream:localhost:45101|priority:0|startupRole:FOLLOWER, s1|rpc:localhost:34273|admin:localhost:36031|client:localhost:35527|dataStream:localhost:45605|priority:0|startupRole:FOLLOWER, s2|rpc:localhost:37305|admin:localhost:39781|client:localhost:45787|dataStream:localhost:38773|priority:0|startupRole:FOLLOWER] with BaseStateMachine:uninitialized
2022-11-08 19:11:17,867 [pool-5-thread-1] INFO  server.RaftServerConfigKeys (ConfUtils.java:logGet(46)) - raft.server.rpc.timeout.min = 150ms (default)
2022-11-08 19:11:17,867 [pool-5-thread-1] INFO  server.RaftServerConfigKeys (ConfUtils.java:logGet(46)) - raft.server.rpc.timeout.max = 300ms (default)
2022-11-08 19:11:17,867 [pool-5-thread-1] INFO  server.RaftServerConfigKeys (ConfUtils.java:logGet(46)) - raft.server.rpc.sleep.time = 25ms (default)
2022-11-08 19:11:17,867 [pool-5-thread-1] INFO  server.RaftServerConfigKeys (ConfUtils.java:logGet(46)) - raft.server.rpc.slowness.timeout = 60s (default)
2022-11-08 19:11:17,867 [pool-5-thread-1] INFO  server.RaftServerConfigKeys (ConfUtils.java:logGet(46)) - raft.server.leaderelection.leader.step-down.wait-time = 10s (default)
2022-11-08 19:11:17,867 [pool-5-thread-1] INFO  server.RaftServerConfigKeys (ConfUtils.java:logGet(46)) - raft.server.sleep.deviation.threshold = 300ms (default)
2022-11-08 19:11:17,867 [pool-5-thread-1] INFO  server.RaftServer$Division (ServerState.java:<init>(113)) - s3@group-5D589E31C35B: ConfigurationManager, init=-1: peers:[s3|rpc:localhost:37653|admin:localhost:36015|client:localhost:42101|dataStream:localhost:39669|priority:0|startupRole:FOLLOWER, s4|rpc:localhost:43189|admin:localhost:35299|client:localhost:33007|dataStream:localhost:42297|priority:0|startupRole:FOLLOWER, s0|rpc:localhost:41893|admin:localhost:37625|client:localhost:41993|dataStream:localhost:45101|priority:0|startupRole:FOLLOWER, s1|rpc:localhost:34273|admin:localhost:36031|client:localhost:35527|dataStream:localhost:45605|priority:0|startupRole:FOLLOWER, s2|rpc:localhost:37305|admin:localhost:39781|client:localhost:45787|dataStream:localhost:38773|priority:0|startupRole:FOLLOWER]|listeners:[], old=null, confs=<EMPTY_MAP>
2022-11-08 19:11:17,867 [pool-5-thread-1] INFO  server.RaftServerConfigKeys (ConfUtils.java:logGet(46)) - raft.server.notification.no-leader.timeout = 60s (default)
2022-11-08 19:11:17,867 [pool-5-thread-1] INFO  server.RaftServerConfigKeys (ConfUtils.java:logGet(46)) - raft.server.read.timeout = 10s (default)
2022-11-08 19:11:17,867 [pool-5-thread-1] INFO  server.RaftServerConfigKeys (ConfUtils.java:logGet(46)) - raft.server.retrycache.expirytime = 60s (default)
2022-11-08 19:11:17,867 [pool-5-thread-1] INFO  server.RaftServerConfigKeys (ConfUtils.java:logGet(46)) - raft.server.retrycache.statistics.expirytime = 100μs (default)
2022-11-08 19:11:17,868 [pool-5-thread-1] INFO  server.RaftServerConfigKeys (ConfUtils.java:logGet(46)) - raft.server.read.option = DEFAULT (default)
2022-11-08 19:11:17,870 [pool-5-thread-1] INFO  server.RaftServerConfigKeys (ConfUtils.java:logGet(46)) - raft.server.log.appender.install.snapshot.enabled = true (default)
2022-11-08 19:11:17,870 [pool-5-thread-1] INFO  server.RaftServerConfigKeys (ConfUtils.java:logGet(46)) - raft.server.threadpool.server.cached = true (default)
2022-11-08 19:11:17,870 [pool-5-thread-1] INFO  server.RaftServerConfigKeys (ConfUtils.java:logGet(46)) - raft.server.threadpool.server.size = 0 (default)
2022-11-08 19:11:17,870 [pool-5-thread-1] INFO  server.RaftServerConfigKeys (ConfUtils.java:logGet(46)) - raft.server.threadpool.client.cached = true (default)
2022-11-08 19:11:17,870 [pool-5-thread-1] INFO  server.RaftServerConfigKeys (ConfUtils.java:logGet(46)) - raft.server.threadpool.client.size = 0 (default)
2022-11-08 19:11:17,873 [Time-limited test] INFO  server.RaftServer (RaftServerProxy.java:addNew(99)) - s4: addNew group-5D589E31C35B:[s3|rpc:localhost:37653|admin:localhost:36015|client:localhost:42101|dataStream:localhost:39669|priority:0|startupRole:FOLLOWER, s4|rpc:localhost:43189|admin:localhost:35299|client:localhost:33007|dataStream:localhost:42297|priority:0|startupRole:FOLLOWER, s0|rpc:localhost:41893|admin:localhost:37625|client:localhost:41993|dataStream:localhost:45101|priority:0|startupRole:FOLLOWER, s1|rpc:localhost:34273|admin:localhost:36031|client:localhost:35527|dataStream:localhost:45605|priority:0|startupRole:FOLLOWER, s2|rpc:localhost:37305|admin:localhost:39781|client:localhost:45787|dataStream:localhost:38773|priority:0|startupRole:FOLLOWER] returns group-5D589E31C35B:java.util.concurrent.CompletableFuture@5b9c75a[Not completed]
2022-11-08 19:11:17,873 [Time-limited test] INFO  impl.MiniRaftCluster (MiniRaftCluster.java:newRaftServer(382)) - newRaftServer: s0, group-5D589E31C35B:[s3|rpc:localhost:37653|admin:localhost:36015|client:localhost:42101|dataStream:localhost:39669|priority:0|startupRole:FOLLOWER, s4|rpc:localhost:43189|admin:localhost:35299|client:localhost:33007|dataStream:localhost:42297|priority:0|startupRole:FOLLOWER, s0|rpc:localhost:41893|admin:localhost:37625|client:localhost:41993|dataStream:localhost:45101|priority:0|startupRole:FOLLOWER, s1|rpc:localhost:34273|admin:localhost:36031|client:localhost:35527|dataStream:localhost:45605|priority:0|startupRole:FOLLOWER, s2|rpc:localhost:37305|admin:localhost:39781|client:localhost:45787|dataStream:localhost:38773|priority:0|startupRole:FOLLOWER], format? true
2022-11-08 19:11:17,873 [Time-limited test] TRACE util.FileUtils (FileUtils.java:deleteFully(170)) - deleteFully target/test/data/57858a89/MiniRaftClusterWithSimulatedRpcd730cf0b/s0
2022-11-08 19:11:17,873 [Time-limited test] TRACE util.FileUtils (FileUtils.java:deleteFully(186)) - deleteFully: target/test/data/57858a89/MiniRaftClusterWithSimulatedRpcd730cf0b/s0 does not exist.
2022-11-08 19:11:17,873 [Time-limited test] INFO  impl.MiniRaftCluster (MiniRaftCluster.java:newRaftServer(387)) - Formatted directory target/test/data/57858a89/MiniRaftClusterWithSimulatedRpcd730cf0b/s0
2022-11-08 19:11:17,873 [Time-limited test] INFO  server.RaftServer (ConfUtils.java:logGet(46)) - raft.rpc.type = org.apache.ratis.server.simulation.SimulatedRpc (custom)
2022-11-08 19:11:17,873 [Time-limited test] INFO  impl.DataStreamServerImpl (ConfUtils.java:logGet(46)) - raft.datastream.type = DISABLED (default)
2022-11-08 19:11:17,873 [Time-limited test] INFO  server.RaftServerConfigKeys (ConfUtils.java:logGet(46)) - raft.server.threadpool.proxy.cached = true (default)
2022-11-08 19:11:17,873 [Time-limited test] INFO  server.RaftServerConfigKeys (ConfUtils.java:logGet(46)) - raft.server.threadpool.proxy.size = 0 (default)
2022-11-08 19:11:17,873 [Time-limited test] INFO  server.RaftServerConfigKeys (ConfUtils.java:logGet(46)) - raft.server.rpc.slowness.timeout = 60s (default)
2022-11-08 19:11:17,873 [Time-limited test] INFO  server.RaftServerConfigKeys (ConfUtils.java:logGet(46)) - raft.server.leaderelection.leader.step-down.wait-time = 10s (default)
2022-11-08 19:11:17,874 [Time-limited test] INFO  server.RaftServerConfigKeys (ConfUtils.java:logGet(46)) - raft.server.storage.dir = [/home/runner/work/ratis/ratis/ratis-test/target/test/data/57858a89/MiniRaftClusterWithSimulatedRpcd730cf0b/s0] (custom)
2022-11-08 19:11:17,875 [pool-6-thread-1] INFO  server.RaftServer$Division (RaftServerImpl.java:<init>(198)) - s4: new RaftServerImpl for group-5D589E31C35B:[s3|rpc:localhost:37653|admin:localhost:36015|client:localhost:42101|dataStream:localhost:39669|priority:0|startupRole:FOLLOWER, s4|rpc:localhost:43189|admin:localhost:35299|client:localhost:33007|dataStream:localhost:42297|priority:0|startupRole:FOLLOWER, s0|rpc:localhost:41893|admin:localhost:37625|client:localhost:41993|dataStream:localhost:45101|priority:0|startupRole:FOLLOWER, s1|rpc:localhost:34273|admin:localhost:36031|client:localhost:35527|dataStream:localhost:45605|priority:0|startupRole:FOLLOWER, s2|rpc:localhost:37305|admin:localhost:39781|client:localhost:45787|dataStream:localhost:38773|priority:0|startupRole:FOLLOWER] with BaseStateMachine:uninitialized
2022-11-08 19:11:17,875 [pool-6-thread-1] INFO  server.RaftServerConfigKeys (ConfUtils.java:logGet(46)) - raft.server.rpc.timeout.min = 150ms (default)
2022-11-08 19:11:17,875 [pool-6-thread-1] INFO  server.RaftServerConfigKeys (ConfUtils.java:logGet(46)) - raft.server.rpc.timeout.max = 300ms (default)
2022-11-08 19:11:17,875 [pool-6-thread-1] INFO  server.RaftServerConfigKeys (ConfUtils.java:logGet(46)) - raft.server.rpc.sleep.time = 25ms (default)
2022-11-08 19:11:17,875 [pool-6-thread-1] INFO  server.RaftServerConfigKeys (ConfUtils.java:logGet(46)) - raft.server.rpc.slowness.timeout = 60s (default)
2022-11-08 19:11:17,875 [pool-6-thread-1] INFO  server.RaftServerConfigKeys (ConfUtils.java:logGet(46)) - raft.server.leaderelection.leader.step-down.wait-time = 10s (default)
2022-11-08 19:11:17,875 [pool-6-thread-1] INFO  server.RaftServerConfigKeys (ConfUtils.java:logGet(46)) - raft.server.sleep.deviation.threshold = 300ms (default)
2022-11-08 19:11:17,875 [pool-6-thread-1] INFO  server.RaftServer$Division (ServerState.java:<init>(113)) - s4@group-5D589E31C35B: ConfigurationManager, init=-1: peers:[s3|rpc:localhost:37653|admin:localhost:36015|client:localhost:42101|dataStream:localhost:39669|priority:0|startupRole:FOLLOWER, s4|rpc:localhost:43189|admin:localhost:35299|client:localhost:33007|dataStream:localhost:42297|priority:0|startupRole:FOLLOWER, s0|rpc:localhost:41893|admin:localhost:37625|client:localhost:41993|dataStream:localhost:45101|priority:0|startupRole:FOLLOWER, s1|rpc:localhost:34273|admin:localhost:36031|client:localhost:35527|dataStream:localhost:45605|priority:0|startupRole:FOLLOWER, s2|rpc:localhost:37305|admin:localhost:39781|client:localhost:45787|dataStream:localhost:38773|priority:0|startupRole:FOLLOWER]|listeners:[], old=null, confs=<EMPTY_MAP>
2022-11-08 19:11:17,875 [pool-6-thread-1] INFO  server.RaftServerConfigKeys (ConfUtils.java:logGet(46)) - raft.server.notification.no-leader.timeout = 60s (default)
2022-11-08 19:11:17,875 [pool-6-thread-1] INFO  server.RaftServerConfigKeys (ConfUtils.java:logGet(46)) - raft.server.read.timeout = 10s (default)
2022-11-08 19:11:17,875 [pool-6-thread-1] INFO  server.RaftServerConfigKeys (ConfUtils.java:logGet(46)) - raft.server.retrycache.expirytime = 60s (default)
2022-11-08 19:11:17,875 [pool-6-thread-1] INFO  server.RaftServerConfigKeys (ConfUtils.java:logGet(46)) - raft.server.retrycache.statistics.expirytime = 100μs (default)
2022-11-08 19:11:17,875 [pool-6-thread-1] INFO  server.RaftServerConfigKeys (ConfUtils.java:logGet(46)) - raft.server.read.option = DEFAULT (default)
2022-11-08 19:11:17,879 [pool-6-thread-1] INFO  server.RaftServerConfigKeys (ConfUtils.java:logGet(46)) - raft.server.log.appender.install.snapshot.enabled = true (default)
2022-11-08 19:11:17,879 [pool-6-thread-1] INFO  server.RaftServerConfigKeys (ConfUtils.java:logGet(46)) - raft.server.threadpool.server.cached = true (default)
2022-11-08 19:11:17,880 [pool-6-thread-1] INFO  server.RaftServerConfigKeys (ConfUtils.java:logGet(46)) - raft.server.threadpool.server.size = 0 (default)
2022-11-08 19:11:17,880 [pool-6-thread-1] INFO  server.RaftServerConfigKeys (ConfUtils.java:logGet(46)) - raft.server.threadpool.client.cached = true (default)
2022-11-08 19:11:17,880 [pool-6-thread-1] INFO  server.RaftServerConfigKeys (ConfUtils.java:logGet(46)) - raft.server.threadpool.client.size = 0 (default)
2022-11-08 19:11:17,883 [Time-limited test] INFO  server.RaftServer (RaftServerProxy.java:addNew(99)) - s0: addNew group-5D589E31C35B:[s3|rpc:localhost:37653|admin:localhost:36015|client:localhost:42101|dataStream:localhost:39669|priority:0|startupRole:FOLLOWER, s4|rpc:localhost:43189|admin:localhost:35299|client:localhost:33007|dataStream:localhost:42297|priority:0|startupRole:FOLLOWER, s0|rpc:localhost:41893|admin:localhost:37625|client:localhost:41993|dataStream:localhost:45101|priority:0|startupRole:FOLLOWER, s1|rpc:localhost:34273|admin:localhost:36031|client:localhost:35527|dataStream:localhost:45605|priority:0|startupRole:FOLLOWER, s2|rpc:localhost:37305|admin:localhost:39781|client:localhost:45787|dataStream:localhost:38773|priority:0|startupRole:FOLLOWER] returns group-5D589E31C35B:java.util.concurrent.CompletableFuture@fc5cb34[Not completed]
2022-11-08 19:11:17,883 [Time-limited test] INFO  impl.MiniRaftCluster (MiniRaftCluster.java:newRaftServer(382)) - newRaftServer: s1, group-5D589E31C35B:[s3|rpc:localhost:37653|admin:localhost:36015|client:localhost:42101|dataStream:localhost:39669|priority:0|startupRole:FOLLOWER, s4|rpc:localhost:43189|admin:localhost:35299|client:localhost:33007|dataStream:localhost:42297|priority:0|startupRole:FOLLOWER, s0|rpc:localhost:41893|admin:localhost:37625|client:localhost:41993|dataStream:localhost:45101|priority:0|startupRole:FOLLOWER, s1|rpc:localhost:34273|admin:localhost:36031|client:localhost:35527|dataStream:localhost:45605|priority:0|startupRole:FOLLOWER, s2|rpc:localhost:37305|admin:localhost:39781|client:localhost:45787|dataStream:localhost:38773|priority:0|startupRole:FOLLOWER], format? true
2022-11-08 19:11:17,883 [Time-limited test] TRACE util.FileUtils (FileUtils.java:deleteFully(170)) - deleteFully target/test/data/57858a89/MiniRaftClusterWithSimulatedRpcd730cf0b/s1
2022-11-08 19:11:17,883 [Time-limited test] TRACE util.FileUtils (FileUtils.java:deleteFully(186)) - deleteFully: target/test/data/57858a89/MiniRaftClusterWithSimulatedRpcd730cf0b/s1 does not exist.
2022-11-08 19:11:17,883 [Time-limited test] INFO  impl.MiniRaftCluster (MiniRaftCluster.java:newRaftServer(387)) - Formatted directory target/test/data/57858a89/MiniRaftClusterWithSimulatedRpcd730cf0b/s1
2022-11-08 19:11:17,883 [pool-7-thread-1] INFO  server.RaftServer$Division (RaftServerImpl.java:<init>(198)) - s0: new RaftServerImpl for group-5D589E31C35B:[s3|rpc:localhost:37653|admin:localhost:36015|client:localhost:42101|dataStream:localhost:39669|priority:0|startupRole:FOLLOWER, s4|rpc:localhost:43189|admin:localhost:35299|client:localhost:33007|dataStream:localhost:42297|priority:0|startupRole:FOLLOWER, s0|rpc:localhost:41893|admin:localhost:37625|client:localhost:41993|dataStream:localhost:45101|priority:0|startupRole:FOLLOWER, s1|rpc:localhost:34273|admin:localhost:36031|client:localhost:35527|dataStream:localhost:45605|priority:0|startupRole:FOLLOWER, s2|rpc:localhost:37305|admin:localhost:39781|client:localhost:45787|dataStream:localhost:38773|priority:0|startupRole:FOLLOWER] with BaseStateMachine:uninitialized
2022-11-08 19:11:17,883 [Time-limited test] INFO  server.RaftServer (ConfUtils.java:logGet(46)) - raft.rpc.type = org.apache.ratis.server.simulation.SimulatedRpc (custom)
2022-11-08 19:11:17,883 [Time-limited test] INFO  impl.DataStreamServerImpl (ConfUtils.java:logGet(46)) - raft.datastream.type = DISABLED (default)
2022-11-08 19:11:17,883 [Time-limited test] INFO  server.RaftServerConfigKeys (ConfUtils.java:logGet(46)) - raft.server.threadpool.proxy.cached = true (default)
2022-11-08 19:11:17,884 [Time-limited test] INFO  server.RaftServerConfigKeys (ConfUtils.java:logGet(46)) - raft.server.threadpool.proxy.size = 0 (default)
2022-11-08 19:11:17,884 [Time-limited test] INFO  server.RaftServerConfigKeys (ConfUtils.java:logGet(46)) - raft.server.rpc.slowness.timeout = 60s (default)
2022-11-08 19:11:17,884 [Time-limited test] INFO  server.RaftServerConfigKeys (ConfUtils.java:logGet(46)) - raft.server.leaderelection.leader.step-down.wait-time = 10s (default)
2022-11-08 19:11:17,884 [Time-limited test] INFO  server.RaftServerConfigKeys (ConfUtils.java:logGet(46)) - raft.server.storage.dir = [/home/runner/work/ratis/ratis/ratis-test/target/test/data/57858a89/MiniRaftClusterWithSimulatedRpcd730cf0b/s1] (custom)
2022-11-08 19:11:17,883 [pool-7-thread-1] INFO  server.RaftServerConfigKeys (ConfUtils.java:logGet(46)) - raft.server.rpc.timeout.min = 150ms (default)
2022-11-08 19:11:17,884 [pool-7-thread-1] INFO  server.RaftServerConfigKeys (ConfUtils.java:logGet(46)) - raft.server.rpc.timeout.max = 300ms (default)
2022-11-08 19:11:17,884 [pool-7-thread-1] INFO  server.RaftServerConfigKeys (ConfUtils.java:logGet(46)) - raft.server.rpc.sleep.time = 25ms (default)
2022-11-08 19:11:17,884 [pool-7-thread-1] INFO  server.RaftServerConfigKeys (ConfUtils.java:logGet(46)) - raft.server.rpc.slowness.timeout = 60s (default)
2022-11-08 19:11:17,884 [pool-7-thread-1] INFO  server.RaftServerConfigKeys (ConfUtils.java:logGet(46)) - raft.server.leaderelection.leader.step-down.wait-time = 10s (default)
2022-11-08 19:11:17,884 [pool-7-thread-1] INFO  server.RaftServerConfigKeys (ConfUtils.java:logGet(46)) - raft.server.sleep.deviation.threshold = 300ms (default)
2022-11-08 19:11:17,884 [pool-7-thread-1] INFO  server.RaftServer$Division (ServerState.java:<init>(113)) - s0@group-5D589E31C35B: ConfigurationManager, init=-1: peers:[s3|rpc:localhost:37653|admin:localhost:36015|client:localhost:42101|dataStream:localhost:39669|priority:0|startupRole:FOLLOWER, s4|rpc:localhost:43189|admin:localhost:35299|client:localhost:33007|dataStream:localhost:42297|priority:0|startupRole:FOLLOWER, s0|rpc:localhost:41893|admin:localhost:37625|client:localhost:41993|dataStream:localhost:45101|priority:0|startupRole:FOLLOWER, s1|rpc:localhost:34273|admin:localhost:36031|client:localhost:35527|dataStream:localhost:45605|priority:0|startupRole:FOLLOWER, s2|rpc:localhost:37305|admin:localhost:39781|client:localhost:45787|dataStream:localhost:38773|priority:0|startupRole:FOLLOWER]|listeners:[], old=null, confs=<EMPTY_MAP>
2022-11-08 19:11:17,884 [pool-7-thread-1] INFO  server.RaftServerConfigKeys (ConfUtils.java:logGet(46)) - raft.server.notification.no-leader.timeout = 60s (default)
2022-11-08 19:11:17,884 [pool-7-thread-1] INFO  server.RaftServerConfigKeys (ConfUtils.java:logGet(46)) - raft.server.read.timeout = 10s (default)
2022-11-08 19:11:17,884 [pool-7-thread-1] INFO  server.RaftServerConfigKeys (ConfUtils.java:logGet(46)) - raft.server.retrycache.expirytime = 60s (default)
2022-11-08 19:11:17,884 [pool-7-thread-1] INFO  server.RaftServerConfigKeys (ConfUtils.java:logGet(46)) - raft.server.retrycache.statistics.expirytime = 100μs (default)
2022-11-08 19:11:17,885 [pool-7-thread-1] INFO  server.RaftServerConfigKeys (ConfUtils.java:logGet(46)) - raft.server.read.option = DEFAULT (default)
2022-11-08 19:11:17,886 [pool-7-thread-1] INFO  server.RaftServerConfigKeys (ConfUtils.java:logGet(46)) - raft.server.log.appender.install.snapshot.enabled = true (default)
2022-11-08 19:11:17,886 [pool-7-thread-1] INFO  server.RaftServerConfigKeys (ConfUtils.java:logGet(46)) - raft.server.threadpool.server.cached = true (default)
2022-11-08 19:11:17,886 [pool-7-thread-1] INFO  server.RaftServerConfigKeys (ConfUtils.java:logGet(46)) - raft.server.threadpool.server.size = 0 (default)
2022-11-08 19:11:17,886 [pool-7-thread-1] INFO  server.RaftServerConfigKeys (ConfUtils.java:logGet(46)) - raft.server.threadpool.client.cached = true (default)
2022-11-08 19:11:17,886 [pool-7-thread-1] INFO  server.RaftServerConfigKeys (ConfUtils.java:logGet(46)) - raft.server.threadpool.client.size = 0 (default)
2022-11-08 19:11:17,887 [Time-limited test] INFO  server.RaftServer (RaftServerProxy.java:addNew(99)) - s1: addNew group-5D589E31C35B:[s3|rpc:localhost:37653|admin:localhost:36015|client:localhost:42101|dataStream:localhost:39669|priority:0|startupRole:FOLLOWER, s4|rpc:localhost:43189|admin:localhost:35299|client:localhost:33007|dataStream:localhost:42297|priority:0|startupRole:FOLLOWER, s0|rpc:localhost:41893|admin:localhost:37625|client:localhost:41993|dataStream:localhost:45101|priority:0|startupRole:FOLLOWER, s1|rpc:localhost:34273|admin:localhost:36031|client:localhost:35527|dataStream:localhost:45605|priority:0|startupRole:FOLLOWER, s2|rpc:localhost:37305|admin:localhost:39781|client:localhost:45787|dataStream:localhost:38773|priority:0|startupRole:FOLLOWER] returns group-5D589E31C35B:java.util.concurrent.CompletableFuture@502694c7[Not completed]
2022-11-08 19:11:17,887 [Time-limited test] INFO  impl.MiniRaftCluster (MiniRaftCluster.java:newRaftServer(382)) - newRaftServer: s2, group-5D589E31C35B:[s3|rpc:localhost:37653|admin:localhost:36015|client:localhost:42101|dataStream:localhost:39669|priority:0|startupRole:FOLLOWER, s4|rpc:localhost:43189|admin:localhost:35299|client:localhost:33007|dataStream:localhost:42297|priority:0|startupRole:FOLLOWER, s0|rpc:localhost:41893|admin:localhost:37625|client:localhost:41993|dataStream:localhost:45101|priority:0|startupRole:FOLLOWER, s1|rpc:localhost:34273|admin:localhost:36031|client:localhost:35527|dataStream:localhost:45605|priority:0|startupRole:FOLLOWER, s2|rpc:localhost:37305|admin:localhost:39781|client:localhost:45787|dataStream:localhost:38773|priority:0|startupRole:FOLLOWER], format? true
2022-11-08 19:11:17,887 [Time-limited test] TRACE util.FileUtils (FileUtils.java:deleteFully(170)) - deleteFully target/test/data/57858a89/MiniRaftClusterWithSimulatedRpcd730cf0b/s2
2022-11-08 19:11:17,887 [Time-limited test] TRACE util.FileUtils (FileUtils.java:deleteFully(186)) - deleteFully: target/test/data/57858a89/MiniRaftClusterWithSimulatedRpcd730cf0b/s2 does not exist.
2022-11-08 19:11:17,887 [Time-limited test] INFO  impl.MiniRaftCluster (MiniRaftCluster.java:newRaftServer(387)) - Formatted directory target/test/data/57858a89/MiniRaftClusterWithSimulatedRpcd730cf0b/s2
2022-11-08 19:11:17,887 [Time-limited test] INFO  server.RaftServer (ConfUtils.java:logGet(46)) - raft.rpc.type = org.apache.ratis.server.simulation.SimulatedRpc (custom)
2022-11-08 19:11:17,887 [Time-limited test] INFO  impl.DataStreamServerImpl (ConfUtils.java:logGet(46)) - raft.datastream.type = DISABLED (default)
2022-11-08 19:11:17,888 [Time-limited test] INFO  server.RaftServerConfigKeys (ConfUtils.java:logGet(46)) - raft.server.threadpool.proxy.cached = true (default)
2022-11-08 19:11:17,888 [Time-limited test] INFO  server.RaftServerConfigKeys (ConfUtils.java:logGet(46)) - raft.server.threadpool.proxy.size = 0 (default)
2022-11-08 19:11:17,888 [Time-limited test] INFO  server.RaftServerConfigKeys (ConfUtils.java:logGet(46)) - raft.server.rpc.slowness.timeout = 60s (default)
2022-11-08 19:11:17,888 [Time-limited test] INFO  server.RaftServerConfigKeys (ConfUtils.java:logGet(46)) - raft.server.leaderelection.leader.step-down.wait-time = 10s (default)
2022-11-08 19:11:17,888 [Time-limited test] INFO  server.RaftServerConfigKeys (ConfUtils.java:logGet(46)) - raft.server.storage.dir = [/home/runner/work/ratis/ratis/ratis-test/target/test/data/57858a89/MiniRaftClusterWithSimulatedRpcd730cf0b/s2] (custom)
2022-11-08 19:11:17,889 [pool-8-thread-1] INFO  server.RaftServer$Division (RaftServerImpl.java:<init>(198)) - s1: new RaftServerImpl for group-5D589E31C35B:[s3|rpc:localhost:37653|admin:localhost:36015|client:localhost:42101|dataStream:localhost:39669|priority:0|startupRole:FOLLOWER, s4|rpc:localhost:43189|admin:localhost:35299|client:localhost:33007|dataStream:localhost:42297|priority:0|startupRole:FOLLOWER, s0|rpc:localhost:41893|admin:localhost:37625|client:localhost:41993|dataStream:localhost:45101|priority:0|startupRole:FOLLOWER, s1|rpc:localhost:34273|admin:localhost:36031|client:localhost:35527|dataStream:localhost:45605|priority:0|startupRole:FOLLOWER, s2|rpc:localhost:37305|admin:localhost:39781|client:localhost:45787|dataStream:localhost:38773|priority:0|startupRole:FOLLOWER] with BaseStateMachine:uninitialized
2022-11-08 19:11:17,889 [pool-8-thread-1] INFO  server.RaftServerConfigKeys (ConfUtils.java:logGet(46)) - raft.server.rpc.timeout.min = 150ms (default)
2022-11-08 19:11:17,889 [pool-8-thread-1] INFO  server.RaftServerConfigKeys (ConfUtils.java:logGet(46)) - raft.server.rpc.timeout.max = 300ms (default)
2022-11-08 19:11:17,889 [pool-8-thread-1] INFO  server.RaftServerConfigKeys (ConfUtils.java:logGet(46)) - raft.server.rpc.sleep.time = 25ms (default)
2022-11-08 19:11:17,889 [pool-8-thread-1] INFO  server.RaftServerConfigKeys (ConfUtils.java:logGet(46)) - raft.server.rpc.slowness.timeout = 60s (default)
2022-11-08 19:11:17,889 [pool-8-thread-1] INFO  server.RaftServerConfigKeys (ConfUtils.java:logGet(46)) - raft.server.leaderelection.leader.step-down.wait-time = 10s (default)
2022-11-08 19:11:17,889 [pool-8-thread-1] INFO  server.RaftServerConfigKeys (ConfUtils.java:logGet(46)) - raft.server.sleep.deviation.threshold = 300ms (default)
2022-11-08 19:11:17,889 [pool-8-thread-1] INFO  server.RaftServer$Division (ServerState.java:<init>(113)) - s1@group-5D589E31C35B: ConfigurationManager, init=-1: peers:[s3|rpc:localhost:37653|admin:localhost:36015|client:localhost:42101|dataStream:localhost:39669|priority:0|startupRole:FOLLOWER, s4|rpc:localhost:43189|admin:localhost:35299|client:localhost:33007|dataStream:localhost:42297|priority:0|startupRole:FOLLOWER, s0|rpc:localhost:41893|admin:localhost:37625|client:localhost:41993|dataStream:localhost:45101|priority:0|startupRole:FOLLOWER, s1|rpc:localhost:34273|admin:localhost:36031|client:localhost:35527|dataStream:localhost:45605|priority:0|startupRole:FOLLOWER, s2|rpc:localhost:37305|admin:localhost:39781|client:localhost:45787|dataStream:localhost:38773|priority:0|startupRole:FOLLOWER]|listeners:[], old=null, confs=<EMPTY_MAP>
2022-11-08 19:11:17,889 [pool-8-thread-1] INFO  server.RaftServerConfigKeys (ConfUtils.java:logGet(46)) - raft.server.notification.no-leader.timeout = 60s (default)
2022-11-08 19:11:17,889 [pool-8-thread-1] INFO  server.RaftServerConfigKeys (ConfUtils.java:logGet(46)) - raft.server.read.timeout = 10s (default)
2022-11-08 19:11:17,889 [pool-8-thread-1] INFO  server.RaftServerConfigKeys (ConfUtils.java:logGet(46)) - raft.server.retrycache.expirytime = 60s (default)
2022-11-08 19:11:17,889 [pool-8-thread-1] INFO  server.RaftServerConfigKeys (ConfUtils.java:logGet(46)) - raft.server.retrycache.statistics.expirytime = 100μs (default)
2022-11-08 19:11:17,890 [pool-8-thread-1] INFO  server.RaftServerConfigKeys (ConfUtils.java:logGet(46)) - raft.server.read.option = DEFAULT (default)
2022-11-08 19:11:17,892 [Time-limited test] INFO  server.RaftServer (RaftServerProxy.java:addNew(99)) - s2: addNew group-5D589E31C35B:[s3|rpc:localhost:37653|admin:localhost:36015|client:localhost:42101|dataStream:localhost:39669|priority:0|startupRole:FOLLOWER, s4|rpc:localhost:43189|admin:localhost:35299|client:localhost:33007|dataStream:localhost:42297|priority:0|startupRole:FOLLOWER, s0|rpc:localhost:41893|admin:localhost:37625|client:localhost:41993|dataStream:localhost:45101|priority:0|startupRole:FOLLOWER, s1|rpc:localhost:34273|admin:localhost:36031|client:localhost:35527|dataStream:localhost:45605|priority:0|startupRole:FOLLOWER, s2|rpc:localhost:37305|admin:localhost:39781|client:localhost:45787|dataStream:localhost:38773|priority:0|startupRole:FOLLOWER] returns group-5D589E31C35B:java.util.concurrent.CompletableFuture@628973b3[Not completed]
2022-11-08 19:11:17,892 [s3-impl-thread1] INFO  server.RaftServerConfigKeys (ConfUtils.java:logGet(46)) - raft.server.storage.free-space.min = 0MB (=0) (default)
2022-11-08 19:11:17,892 [s3-impl-thread1] INFO  server.RaftServerConfigKeys (ConfUtils.java:logGet(46)) - raft.server.log.corruption.policy = EXCEPTION (default)
2022-11-08 19:11:17,892 [s3-impl-thread1] INFO  server.RaftServerConfigKeys (ConfUtils.java:logGet(46)) - raft.server.storage.dir = [/home/runner/work/ratis/ratis/ratis-test/target/test/data/57858a89/MiniRaftClusterWithSimulatedRpcd730cf0b/s3] (custom)
2022-11-08 19:11:17,892 [s3-impl-thread1] INFO  storage.RaftStorageDirectory (RaftStorageDirectoryImpl.java:analyzeStorage(138)) - The storage directory /home/runner/work/ratis/ratis/ratis-test/target/test/data/57858a89/MiniRaftClusterWithSimulatedRpcd730cf0b/s3/e116aa7c-2c7b-4931-a82a-5d589e31c35b does not exist. Creating ...
2022-11-08 19:11:17,893 [s3-impl-thread1] TRACE util.FileUtils (LogUtils.java:runAndLog(49)) - Successfully ran Files.createDirectories /home/runner/work/ratis/ratis/ratis-test/target/test/data/57858a89/MiniRaftClusterWithSimulatedRpcd730cf0b/s3/e116aa7c-2c7b-4931-a82a-5d589e31c35b
2022-11-08 19:11:17,894 [s3-impl-thread1] INFO  storage.RaftStorageDirectory (RaftStorageDirectoryImpl.java:tryLock(232)) - Lock on /home/runner/work/ratis/ratis/ratis-test/target/test/data/57858a89/MiniRaftClusterWithSimulatedRpcd730cf0b/s3/e116aa7c-2c7b-4931-a82a-5d589e31c35b/in_use.lock acquired by nodename 5573@fv-az206-447
2022-11-08 19:11:17,894 [s3-impl-thread1] TRACE util.FileUtils (LogUtils.java:runAndLog(49)) - Successfully ran Files.createDirectories /home/runner/work/ratis/ratis/ratis-test/target/test/data/57858a89/MiniRaftClusterWithSimulatedRpcd730cf0b/s3/e116aa7c-2c7b-4931-a82a-5d589e31c35b/current
2022-11-08 19:11:17,894 [s3-impl-thread1] TRACE util.FileUtils (LogUtils.java:runAndLog(49)) - Successfully ran Files.createDirectories /home/runner/work/ratis/ratis/ratis-test/target/test/data/57858a89/MiniRaftClusterWithSimulatedRpcd730cf0b/s3/e116aa7c-2c7b-4931-a82a-5d589e31c35b/sm
2022-11-08 19:11:17,895 [s3-impl-thread1] INFO  storage.RaftStorage (RaftStorageImpl.java:format(96)) - Storage directory /home/runner/work/ratis/ratis/ratis-test/target/test/data/57858a89/MiniRaftClusterWithSimulatedRpcd730cf0b/s3/e116aa7c-2c7b-4931-a82a-5d589e31c35b has been successfully formatted.
2022-11-08 19:11:17,895 [s3-impl-thread1] INFO  server.RaftServerConfigKeys (ConfUtils.java:logGet(46)) - raft.server.log.use.memory = false (default)
2022-11-08 19:11:17,895 [s3-impl-thread1] INFO  server.RaftServerConfigKeys (ConfUtils.java:logGet(46)) - raft.server.log.purge.gap = 1024 (default)
2022-11-08 19:11:17,895 [s3-impl-thread1] INFO  server.RaftServerConfigKeys (ConfUtils.java:logGet(46)) - raft.server.log.appender.buffer.byte-limit = 4MB (=4194304) (default)
2022-11-08 19:11:17,895 [s3-impl-thread1] INFO  server.RaftServerConfigKeys (ConfUtils.java:logGet(46)) - raft.server.log.statemachine.data.read.timeout = 1000ms (default)
2022-11-08 19:11:17,895 [s3-impl-thread1] INFO  server.RaftServerConfigKeys (ConfUtils.java:logGet(46)) - raft.server.log.purge.preservation.log.num = 0 (default)
2022-11-08 19:11:17,896 [s3-impl-thread1] INFO  server.RaftServerConfigKeys (ConfUtils.java:logGet(46)) - raft.server.log.segment.size.max = 8MB (=8388608) (default)
2022-11-08 19:11:17,897 [s3-impl-thread1] INFO  server.RaftServerConfigKeys (ConfUtils.java:logGet(46)) - raft.server.log.segment.cache.num.max = 6 (default)
2022-11-08 19:11:17,897 [s3-impl-thread1] INFO  server.RaftServerConfigKeys (ConfUtils.java:logGet(46)) - raft.server.log.segment.cache.size.max = 200MB (=209715200) (default)
2022-11-08 19:11:17,897 [s3-impl-thread1] INFO  segmented.SegmentedRaftLogWorker (SegmentedRaftLogWorker.java:<init>(184)) - new s3@group-5D589E31C35B-SegmentedRaftLogWorker for RaftStorageImpl:Storage Directory /home/runner/work/ratis/ratis/ratis-test/target/test/data/57858a89/MiniRaftClusterWithSimulatedRpcd730cf0b/s3/e116aa7c-2c7b-4931-a82a-5d589e31c35b
2022-11-08 19:11:17,897 [s3-impl-thread1] INFO  server.RaftServerConfigKeys (ConfUtils.java:logGet(46)) - raft.server.log.queue.byte-limit = 64MB (=67108864) (default)
2022-11-08 19:11:17,897 [s3-impl-thread1] INFO  server.RaftServerConfigKeys (ConfUtils.java:logGet(46)) - raft.server.log.queue.element-limit = 4096 (default)
2022-11-08 19:11:17,897 [s3-impl-thread1] INFO  server.RaftServerConfigKeys (ConfUtils.java:logGet(46)) - raft.server.log.segment.size.max = 8MB (=8388608) (default)
2022-11-08 19:11:17,897 [s3-impl-thread1] INFO  server.RaftServerConfigKeys (ConfUtils.java:logGet(46)) - raft.server.log.preallocated.size = 4MB (=4194304) (default)
2022-11-08 19:11:17,897 [s3-impl-thread1] INFO  server.RaftServerConfigKeys (ConfUtils.java:logGet(46)) - raft.server.log.force.sync.num = 128 (default)
2022-11-08 19:11:17,897 [s3-impl-thread1] INFO  server.RaftServerConfigKeys (ConfUtils.java:logGet(46)) - raft.server.log.statemachine.data.sync = true (default)
2022-11-08 19:11:17,897 [s3-impl-thread1] INFO  server.RaftServerConfigKeys (ConfUtils.java:logGet(46)) - raft.server.log.statemachine.data.sync.timeout = 10s (default)
2022-11-08 19:11:17,897 [s3-impl-thread1] INFO  server.RaftServerConfigKeys (ConfUtils.java:logGet(46)) - raft.server.log.statemachine.data.sync.timeout.retry = -1 (default)
2022-11-08 19:11:17,897 [s3-impl-thread1] INFO  server.RaftServerConfigKeys (ConfUtils.java:logGet(46)) - raft.server.log.write.buffer.size = 64KB (=65536) (default)
2022-11-08 19:11:17,898 [s3-impl-thread1] INFO  server.RaftServerConfigKeys (ConfUtils.java:logGet(46)) - raft.server.log.appender.buffer.byte-limit = 4MB (=4194304) (default)
2022-11-08 19:11:17,898 [s3-impl-thread1] INFO  server.RaftServerConfigKeys (ConfUtils.java:logGet(46)) - raft.server.log.unsafe-flush.enabled = false (default)
2022-11-08 19:11:17,898 [s3-impl-thread1] INFO  server.RaftServerConfigKeys (ConfUtils.java:logGet(46)) - raft.server.log.async-flush.enabled = false (default)
2022-11-08 19:11:17,898 [s3-impl-thread1] INFO  server.RaftServerConfigKeys (ConfUtils.java:logGet(46)) - raft.server.log.statemachine.data.caching.enabled = false (default)
2022-11-08 19:11:17,898 [s3-impl-thread1] INFO  segmented.SegmentedRaftLogWorker (SegmentedRaftLogWorker.java:lambda$new$0(134)) - s3@group-5D589E31C35B-SegmentedRaftLogWorker: flushIndex: setUnconditionally 0 -> -1
2022-11-08 19:11:17,898 [s3-impl-thread1] INFO  segmented.SegmentedRaftLogWorker (SegmentedRaftLogWorker.java:lambda$new$0(134)) - s3@group-5D589E31C35B-SegmentedRaftLogWorker: safeCacheEvictIndex: setUnconditionally 0 -> -1
2022-11-08 19:11:17,898 [pool-8-thread-1] INFO  server.RaftServerConfigKeys (ConfUtils.java:logGet(46)) - raft.server.log.appender.install.snapshot.enabled = true (default)
2022-11-08 19:11:17,901 [pool-8-thread-1] INFO  server.RaftServerConfigKeys (ConfUtils.java:logGet(46)) - raft.server.threadpool.server.cached = true (default)
2022-11-08 19:11:17,901 [pool-9-thread-1] INFO  server.RaftServer$Division (RaftServerImpl.java:<init>(198)) - s2: new RaftServerImpl for group-5D589E31C35B:[s3|rpc:localhost:37653|admin:localhost:36015|client:localhost:42101|dataStream:localhost:39669|priority:0|startupRole:FOLLOWER, s4|rpc:localhost:43189|admin:localhost:35299|client:localhost:33007|dataStream:localhost:42297|priority:0|startupRole:FOLLOWER, s0|rpc:localhost:41893|admin:localhost:37625|client:localhost:41993|dataStream:localhost:45101|priority:0|startupRole:FOLLOWER, s1|rpc:localhost:34273|admin:localhost:36031|client:localhost:35527|dataStream:localhost:45605|priority:0|startupRole:FOLLOWER, s2|rpc:localhost:37305|admin:localhost:39781|client:localhost:45787|dataStream:localhost:38773|priority:0|startupRole:FOLLOWER] with BaseStateMachine:uninitialized
2022-11-08 19:11:17,901 [pool-8-thread-1] INFO  server.RaftServerConfigKeys (ConfUtils.java:logGet(46)) - raft.server.threadpool.server.size = 0 (default)
2022-11-08 19:11:17,901 [pool-9-thread-1] INFO  server.RaftServerConfigKeys (ConfUtils.java:logGet(46)) - raft.server.rpc.timeout.min = 150ms (default)
2022-11-08 19:11:17,901 [pool-8-thread-1] INFO  server.RaftServerConfigKeys (ConfUtils.java:logGet(46)) - raft.server.threadpool.client.cached = true (default)
2022-11-08 19:11:17,901 [pool-9-thread-1] INFO  server.RaftServerConfigKeys (ConfUtils.java:logGet(46)) - raft.server.rpc.timeout.max = 300ms (default)
2022-11-08 19:11:17,901 [pool-8-thread-1] INFO  server.RaftServerConfigKeys (ConfUtils.java:logGet(46)) - raft.server.threadpool.client.size = 0 (default)
2022-11-08 19:11:17,901 [pool-9-thread-1] INFO  server.RaftServerConfigKeys (ConfUtils.java:logGet(46)) - raft.server.rpc.sleep.time = 25ms (default)
2022-11-08 19:11:17,902 [pool-9-thread-1] INFO  server.RaftServerConfigKeys (ConfUtils.java:logGet(46)) - raft.server.rpc.slowness.timeout = 60s (default)
2022-11-08 19:11:17,902 [pool-9-thread-1] INFO  server.RaftServerConfigKeys (ConfUtils.java:logGet(46)) - raft.server.leaderelection.leader.step-down.wait-time = 10s (default)
2022-11-08 19:11:17,902 [pool-9-thread-1] INFO  server.RaftServerConfigKeys (ConfUtils.java:logGet(46)) - raft.server.sleep.deviation.threshold = 300ms (default)
2022-11-08 19:11:17,902 [pool-9-thread-1] INFO  server.RaftServer$Division (ServerState.java:<init>(113)) - s2@group-5D589E31C35B: ConfigurationManager, init=-1: peers:[s3|rpc:localhost:37653|admin:localhost:36015|client:localhost:42101|dataStream:localhost:39669|priority:0|startupRole:FOLLOWER, s4|rpc:localhost:43189|admin:localhost:35299|client:localhost:33007|dataStream:localhost:42297|priority:0|startupRole:FOLLOWER, s0|rpc:localhost:41893|admin:localhost:37625|client:localhost:41993|dataStream:localhost:45101|priority:0|startupRole:FOLLOWER, s1|rpc:localhost:34273|admin:localhost:36031|client:localhost:35527|dataStream:localhost:45605|priority:0|startupRole:FOLLOWER, s2|rpc:localhost:37305|admin:localhost:39781|client:localhost:45787|dataStream:localhost:38773|priority:0|startupRole:FOLLOWER]|listeners:[], old=null, confs=<EMPTY_MAP>
2022-11-08 19:11:17,902 [pool-9-thread-1] INFO  server.RaftServerConfigKeys (ConfUtils.java:logGet(46)) - raft.server.notification.no-leader.timeout = 60s (default)
2022-11-08 19:11:17,902 [pool-9-thread-1] INFO  server.RaftServerConfigKeys (ConfUtils.java:logGet(46)) - raft.server.read.timeout = 10s (default)
2022-11-08 19:11:17,902 [pool-9-thread-1] INFO  server.RaftServerConfigKeys (ConfUtils.java:logGet(46)) - raft.server.retrycache.expirytime = 60s (default)
2022-11-08 19:11:17,902 [pool-9-thread-1] INFO  server.RaftServerConfigKeys (ConfUtils.java:logGet(46)) - raft.server.retrycache.statistics.expirytime = 100μs (default)
2022-11-08 19:11:17,902 [s3-impl-thread1] INFO  server.RaftServer$Division (RaftServerImpl.java:start(338)) - s3@group-5D589E31C35B: start as a follower, conf=-1: peers:[s3|rpc:localhost:37653|admin:localhost:36015|client:localhost:42101|dataStream:localhost:39669|priority:0|startupRole:FOLLOWER, s4|rpc:localhost:43189|admin:localhost:35299|client:localhost:33007|dataStream:localhost:42297|priority:0|startupRole:FOLLOWER, s0|rpc:localhost:41893|admin:localhost:37625|client:localhost:41993|dataStream:localhost:45101|priority:0|startupRole:FOLLOWER, s1|rpc:localhost:34273|admin:localhost:36031|client:localhost:35527|dataStream:localhost:45605|priority:0|startupRole:FOLLOWER, s2|rpc:localhost:37305|admin:localhost:39781|client:localhost:45787|dataStream:localhost:38773|priority:0|startupRole:FOLLOWER]|listeners:[], old=null
2022-11-08 19:11:17,902 [pool-9-thread-1] INFO  server.RaftServerConfigKeys (ConfUtils.java:logGet(46)) - raft.server.read.option = DEFAULT (default)
2022-11-08 19:11:17,902 [s3-impl-thread1] INFO  server.RaftServer$Division (RaftServerImpl.java:setRole(325)) - s3@group-5D589E31C35B: changes role from      null to FOLLOWER at term 0 for startAsFollower
2022-11-08 19:11:17,902 [s3-impl-thread1] INFO  impl.RoleInfo (RoleInfo.java:updateAndGet(139)) - s3: start s3@group-5D589E31C35B-FollowerState
2022-11-08 19:11:17,904 [pool-9-thread-1] INFO  server.RaftServerConfigKeys (ConfUtils.java:logGet(46)) - raft.server.log.appender.install.snapshot.enabled = true (default)
2022-11-08 19:11:17,904 [pool-9-thread-1] INFO  server.RaftServerConfigKeys (ConfUtils.java:logGet(46)) - raft.server.threadpool.server.cached = true (default)
2022-11-08 19:11:17,908 [pool-9-thread-1] INFO  server.RaftServerConfigKeys (ConfUtils.java:logGet(46)) - raft.server.threadpool.server.size = 0 (default)
2022-11-08 19:11:17,908 [pool-9-thread-1] INFO  server.RaftServerConfigKeys (ConfUtils.java:logGet(46)) - raft.server.threadpool.client.cached = true (default)
2022-11-08 19:11:17,908 [pool-9-thread-1] INFO  server.RaftServerConfigKeys (ConfUtils.java:logGet(46)) - raft.server.threadpool.client.size = 0 (default)
2022-11-08 19:11:17,906 [s3@group-5D589E31C35B-FollowerState] INFO  server.RaftServerConfigKeys (ConfUtils.java:logFallback(53)) - raft.server.rpc.first-election.timeout.min = 150ms (fallback to raft.server.rpc.timeout.min)
2022-11-08 19:11:17,905 [s3-impl-thread1] INFO  util.JmxRegister (JmxRegister.java:tryRegister(44)) - Successfully registered JMX Bean with object name Ratis:service=RaftServer,group=group-5D589E31C35B,id=s3
2022-11-08 19:11:17,908 [s3-impl-thread1] INFO  server.RaftServerConfigKeys (ConfUtils.java:logGet(46)) - raft.server.snapshot.auto.trigger.enabled = false (default)
2022-11-08 19:11:17,908 [s3-impl-thread1] INFO  server.RaftServerConfigKeys (ConfUtils.java:logGet(46)) - raft.server.snapshot.retention.file.num = -1 (default)
2022-11-08 19:11:17,908 [s3-impl-thread1] INFO  server.RaftServerConfigKeys (ConfUtils.java:logGet(46)) - raft.server.log.purge.upto.snapshot.index = false (default)
2022-11-08 19:11:17,908 [s3@group-5D589E31C35B-FollowerState] INFO  server.RaftServerConfigKeys (ConfUtils.java:logFallback(53)) - raft.server.rpc.first-election.timeout.max = 300ms (fallback to raft.server.rpc.timeout.max)
2022-11-08 19:11:17,909 [Time-limited test] INFO  server.RaftServer (RaftServerProxy.java:startImpl(396)) - s3: start RPC server
2022-11-08 19:11:17,911 [JvmPauseMonitor4] INFO  util.JvmPauseMonitor (JvmPauseMonitor.java:run(105)) - JvmPauseMonitor-s3: Started
2022-11-08 19:11:17,911 [s4-impl-thread1] INFO  server.RaftServerConfigKeys (ConfUtils.java:logGet(46)) - raft.server.storage.free-space.min = 0MB (=0) (default)
2022-11-08 19:11:17,911 [s4-impl-thread1] INFO  server.RaftServerConfigKeys (ConfUtils.java:logGet(46)) - raft.server.log.corruption.policy = EXCEPTION (default)
2022-11-08 19:11:17,911 [s4-impl-thread1] INFO  server.RaftServerConfigKeys (ConfUtils.java:logGet(46)) - raft.server.storage.dir = [/home/runner/work/ratis/ratis/ratis-test/target/test/data/57858a89/MiniRaftClusterWithSimulatedRpcd730cf0b/s4] (custom)
2022-11-08 19:11:17,912 [s4-impl-thread1] INFO  storage.RaftStorageDirectory (RaftStorageDirectoryImpl.java:analyzeStorage(138)) - The storage directory /home/runner/work/ratis/ratis/ratis-test/target/test/data/57858a89/MiniRaftClusterWithSimulatedRpcd730cf0b/s4/e116aa7c-2c7b-4931-a82a-5d589e31c35b does not exist. Creating ...
2022-11-08 19:11:17,912 [s4-impl-thread1] TRACE util.FileUtils (LogUtils.java:runAndLog(49)) - Successfully ran Files.createDirectories /home/runner/work/ratis/ratis/ratis-test/target/test/data/57858a89/MiniRaftClusterWithSimulatedRpcd730cf0b/s4/e116aa7c-2c7b-4931-a82a-5d589e31c35b
2022-11-08 19:11:17,913 [s4-impl-thread1] INFO  storage.RaftStorageDirectory (RaftStorageDirectoryImpl.java:tryLock(232)) - Lock on /home/runner/work/ratis/ratis/ratis-test/target/test/data/57858a89/MiniRaftClusterWithSimulatedRpcd730cf0b/s4/e116aa7c-2c7b-4931-a82a-5d589e31c35b/in_use.lock acquired by nodename 5573@fv-az206-447
2022-11-08 19:11:17,913 [s4-impl-thread1] TRACE util.FileUtils (LogUtils.java:runAndLog(49)) - Successfully ran Files.createDirectories /home/runner/work/ratis/ratis/ratis-test/target/test/data/57858a89/MiniRaftClusterWithSimulatedRpcd730cf0b/s4/e116aa7c-2c7b-4931-a82a-5d589e31c35b/current
2022-11-08 19:11:17,913 [s4-impl-thread1] TRACE util.FileUtils (LogUtils.java:runAndLog(49)) - Successfully ran Files.createDirectories /home/runner/work/ratis/ratis/ratis-test/target/test/data/57858a89/MiniRaftClusterWithSimulatedRpcd730cf0b/s4/e116aa7c-2c7b-4931-a82a-5d589e31c35b/sm
2022-11-08 19:11:17,914 [s4-impl-thread1] INFO  storage.RaftStorage (RaftStorageImpl.java:format(96)) - Storage directory /home/runner/work/ratis/ratis/ratis-test/target/test/data/57858a89/MiniRaftClusterWithSimulatedRpcd730cf0b/s4/e116aa7c-2c7b-4931-a82a-5d589e31c35b has been successfully formatted.
2022-11-08 19:11:17,914 [s4-impl-thread1] INFO  server.RaftServerConfigKeys (ConfUtils.java:logGet(46)) - raft.server.log.use.memory = false (default)
2022-11-08 19:11:17,914 [s4-impl-thread1] INFO  server.RaftServerConfigKeys (ConfUtils.java:logGet(46)) - raft.server.log.purge.gap = 1024 (default)
2022-11-08 19:11:17,914 [s4-impl-thread1] INFO  server.RaftServerConfigKeys (ConfUtils.java:logGet(46)) - raft.server.log.appender.buffer.byte-limit = 4MB (=4194304) (default)
2022-11-08 19:11:17,914 [s4-impl-thread1] INFO  server.RaftServerConfigKeys (ConfUtils.java:logGet(46)) - raft.server.log.statemachine.data.read.timeout = 1000ms (default)
2022-11-08 19:11:17,915 [s4-impl-thread1] INFO  server.RaftServerConfigKeys (ConfUtils.java:logGet(46)) - raft.server.log.purge.preservation.log.num = 0 (default)
2022-11-08 19:11:17,915 [s4-impl-thread1] INFO  server.RaftServerConfigKeys (ConfUtils.java:logGet(46)) - raft.server.log.segment.size.max = 8MB (=8388608) (default)
2022-11-08 19:11:17,916 [s4-impl-thread1] INFO  server.RaftServerConfigKeys (ConfUtils.java:logGet(46)) - raft.server.log.segment.cache.num.max = 6 (default)
2022-11-08 19:11:17,916 [s4-impl-thread1] INFO  server.RaftServerConfigKeys (ConfUtils.java:logGet(46)) - raft.server.log.segment.cache.size.max = 200MB (=209715200) (default)
2022-11-08 19:11:17,916 [s4-impl-thread1] INFO  segmented.SegmentedRaftLogWorker (SegmentedRaftLogWorker.java:<init>(184)) - new s4@group-5D589E31C35B-SegmentedRaftLogWorker for RaftStorageImpl:Storage Directory /home/runner/work/ratis/ratis/ratis-test/target/test/data/57858a89/MiniRaftClusterWithSimulatedRpcd730cf0b/s4/e116aa7c-2c7b-4931-a82a-5d589e31c35b
2022-11-08 19:11:17,916 [s4-impl-thread1] INFO  server.RaftServerConfigKeys (ConfUtils.java:logGet(46)) - raft.server.log.queue.byte-limit = 64MB (=67108864) (default)
2022-11-08 19:11:17,916 [s4-impl-thread1] INFO  server.RaftServerConfigKeys (ConfUtils.java:logGet(46)) - raft.server.log.queue.element-limit = 4096 (default)
2022-11-08 19:11:17,916 [s4-impl-thread1] INFO  server.RaftServerConfigKeys (ConfUtils.java:logGet(46)) - raft.server.log.segment.size.max = 8MB (=8388608) (default)
2022-11-08 19:11:17,916 [s4-impl-thread1] INFO  server.RaftServerConfigKeys (ConfUtils.java:logGet(46)) - raft.server.log.preallocated.size = 4MB (=4194304) (default)
2022-11-08 19:11:17,916 [s4-impl-thread1] INFO  server.RaftServerConfigKeys (ConfUtils.java:logGet(46)) - raft.server.log.force.sync.num = 128 (default)
2022-11-08 19:11:17,916 [s4-impl-thread1] INFO  server.RaftServerConfigKeys (ConfUtils.java:logGet(46)) - raft.server.log.statemachine.data.sync = true (default)
2022-11-08 19:11:17,916 [s4-impl-thread1] INFO  server.RaftServerConfigKeys (ConfUtils.java:logGet(46)) - raft.server.log.statemachine.data.sync.timeout = 10s (default)
2022-11-08 19:11:17,917 [s4-impl-thread1] INFO  server.RaftServerConfigKeys (ConfUtils.java:logGet(46)) - raft.server.log.statemachine.data.sync.timeout.retry = -1 (default)
2022-11-08 19:11:17,917 [s4-impl-thread1] INFO  server.RaftServerConfigKeys (ConfUtils.java:logGet(46)) - raft.server.log.write.buffer.size = 64KB (=65536) (default)
2022-11-08 19:11:17,917 [s4-impl-thread1] INFO  server.RaftServerConfigKeys (ConfUtils.java:logGet(46)) - raft.server.log.appender.buffer.byte-limit = 4MB (=4194304) (default)
2022-11-08 19:11:17,917 [s4-impl-thread1] INFO  server.RaftServerConfigKeys (ConfUtils.java:logGet(46)) - raft.server.log.unsafe-flush.enabled = false (default)
2022-11-08 19:11:17,917 [s4-impl-thread1] INFO  server.RaftServerConfigKeys (ConfUtils.java:logGet(46)) - raft.server.log.async-flush.enabled = false (default)
2022-11-08 19:11:17,917 [s4-impl-thread1] INFO  server.RaftServerConfigKeys (ConfUtils.java:logGet(46)) - raft.server.log.statemachine.data.caching.enabled = false (default)
2022-11-08 19:11:17,917 [s4-impl-thread1] INFO  segmented.SegmentedRaftLogWorker (SegmentedRaftLogWorker.java:lambda$new$0(134)) - s4@group-5D589E31C35B-SegmentedRaftLogWorker: flushIndex: setUnconditionally 0 -> -1
2022-11-08 19:11:17,917 [s4-impl-thread1] INFO  segmented.SegmentedRaftLogWorker (SegmentedRaftLogWorker.java:lambda$new$0(134)) - s4@group-5D589E31C35B-SegmentedRaftLogWorker: safeCacheEvictIndex: setUnconditionally 0 -> -1
2022-11-08 19:11:17,917 [s4-impl-thread1] INFO  server.RaftServer$Division (RaftServerImpl.java:start(338)) - s4@group-5D589E31C35B: start as a follower, conf=-1: peers:[s3|rpc:localhost:37653|admin:localhost:36015|client:localhost:42101|dataStream:localhost:39669|priority:0|startupRole:FOLLOWER, s4|rpc:localhost:43189|admin:localhost:35299|client:localhost:33007|dataStream:localhost:42297|priority:0|startupRole:FOLLOWER, s0|rpc:localhost:41893|admin:localhost:37625|client:localhost:41993|dataStream:localhost:45101|priority:0|startupRole:FOLLOWER, s1|rpc:localhost:34273|admin:localhost:36031|client:localhost:35527|dataStream:localhost:45605|priority:0|startupRole:FOLLOWER, s2|rpc:localhost:37305|admin:localhost:39781|client:localhost:45787|dataStream:localhost:38773|priority:0|startupRole:FOLLOWER]|listeners:[], old=null
2022-11-08 19:11:17,917 [s4-impl-thread1] INFO  server.RaftServer$Division (RaftServerImpl.java:setRole(325)) - s4@group-5D589E31C35B: changes role from      null to FOLLOWER at term 0 for startAsFollower
2022-11-08 19:11:17,918 [s4-impl-thread1] INFO  impl.RoleInfo (RoleInfo.java:updateAndGet(139)) - s4: start s4@group-5D589E31C35B-FollowerState
2022-11-08 19:11:17,918 [s4-impl-thread1] INFO  util.JmxRegister (JmxRegister.java:tryRegister(44)) - Successfully registered JMX Bean with object name Ratis:service=RaftServer,group=group-5D589E31C35B,id=s4
2022-11-08 19:11:17,918 [s4-impl-thread1] INFO  server.RaftServerConfigKeys (ConfUtils.java:logGet(46)) - raft.server.snapshot.auto.trigger.enabled = false (default)
2022-11-08 19:11:17,919 [s4-impl-thread1] INFO  server.RaftServerConfigKeys (ConfUtils.java:logGet(46)) - raft.server.snapshot.retention.file.num = -1 (default)
2022-11-08 19:11:17,919 [s4-impl-thread1] INFO  server.RaftServerConfigKeys (ConfUtils.java:logGet(46)) - raft.server.log.purge.upto.snapshot.index = false (default)
2022-11-08 19:11:17,918 [s4@group-5D589E31C35B-FollowerState] INFO  server.RaftServerConfigKeys (ConfUtils.java:logFallback(53)) - raft.server.rpc.first-election.timeout.min = 150ms (fallback to raft.server.rpc.timeout.min)
2022-11-08 19:11:17,919 [s4@group-5D589E31C35B-FollowerState] INFO  server.RaftServerConfigKeys (ConfUtils.java:logFallback(53)) - raft.server.rpc.first-election.timeout.max = 300ms (fallback to raft.server.rpc.timeout.max)
2022-11-08 19:11:17,924 [Time-limited test] INFO  server.RaftServer (RaftServerProxy.java:startImpl(396)) - s4: start RPC server
2022-11-08 19:11:17,924 [s0-impl-thread1] INFO  server.RaftServerConfigKeys (ConfUtils.java:logGet(46)) - raft.server.storage.free-space.min = 0MB (=0) (default)
2022-11-08 19:11:17,924 [s0-impl-thread1] INFO  server.RaftServerConfigKeys (ConfUtils.java:logGet(46)) - raft.server.log.corruption.policy = EXCEPTION (default)
2022-11-08 19:11:17,924 [s0-impl-thread1] INFO  server.RaftServerConfigKeys (ConfUtils.java:logGet(46)) - raft.server.storage.dir = [/home/runner/work/ratis/ratis/ratis-test/target/test/data/57858a89/MiniRaftClusterWithSimulatedRpcd730cf0b/s0] (custom)
2022-11-08 19:11:17,925 [s0-impl-thread1] INFO  storage.RaftStorageDirectory (RaftStorageDirectoryImpl.java:analyzeStorage(138)) - The storage directory /home/runner/work/ratis/ratis/ratis-test/target/test/data/57858a89/MiniRaftClusterWithSimulatedRpcd730cf0b/s0/e116aa7c-2c7b-4931-a82a-5d589e31c35b does not exist. Creating ...
2022-11-08 19:11:17,925 [s0-impl-thread1] TRACE util.FileUtils (LogUtils.java:runAndLog(49)) - Successfully ran Files.createDirectories /home/runner/work/ratis/ratis/ratis-test/target/test/data/57858a89/MiniRaftClusterWithSimulatedRpcd730cf0b/s0/e116aa7c-2c7b-4931-a82a-5d589e31c35b
2022-11-08 19:11:17,925 [JvmPauseMonitor5] INFO  util.JvmPauseMonitor (JvmPauseMonitor.java:run(105)) - JvmPauseMonitor-s4: Started
2022-11-08 19:11:17,926 [s0-impl-thread1] INFO  storage.RaftStorageDirectory (RaftStorageDirectoryImpl.java:tryLock(232)) - Lock on /home/runner/work/ratis/ratis/ratis-test/target/test/data/57858a89/MiniRaftClusterWithSimulatedRpcd730cf0b/s0/e116aa7c-2c7b-4931-a82a-5d589e31c35b/in_use.lock acquired by nodename 5573@fv-az206-447
2022-11-08 19:11:17,926 [s0-impl-thread1] TRACE util.FileUtils (LogUtils.java:runAndLog(49)) - Successfully ran Files.createDirectories /home/runner/work/ratis/ratis/ratis-test/target/test/data/57858a89/MiniRaftClusterWithSimulatedRpcd730cf0b/s0/e116aa7c-2c7b-4931-a82a-5d589e31c35b/current
2022-11-08 19:11:17,926 [s0-impl-thread1] TRACE util.FileUtils (LogUtils.java:runAndLog(49)) - Successfully ran Files.createDirectories /home/runner/work/ratis/ratis/ratis-test/target/test/data/57858a89/MiniRaftClusterWithSimulatedRpcd730cf0b/s0/e116aa7c-2c7b-4931-a82a-5d589e31c35b/sm
2022-11-08 19:11:17,927 [s0-impl-thread1] INFO  storage.RaftStorage (RaftStorageImpl.java:format(96)) - Storage directory /home/runner/work/ratis/ratis/ratis-test/target/test/data/57858a89/MiniRaftClusterWithSimulatedRpcd730cf0b/s0/e116aa7c-2c7b-4931-a82a-5d589e31c35b has been successfully formatted.
2022-11-08 19:11:17,927 [s0-impl-thread1] INFO  server.RaftServerConfigKeys (ConfUtils.java:logGet(46)) - raft.server.log.use.memory = false (default)
2022-11-08 19:11:17,927 [s0-impl-thread1] INFO  server.RaftServerConfigKeys (ConfUtils.java:logGet(46)) - raft.server.log.purge.gap = 1024 (default)
2022-11-08 19:11:17,927 [s0-impl-thread1] INFO  server.RaftServerConfigKeys (ConfUtils.java:logGet(46)) - raft.server.log.appender.buffer.byte-limit = 4MB (=4194304) (default)
2022-11-08 19:11:17,927 [s0-impl-thread1] INFO  server.RaftServerConfigKeys (ConfUtils.java:logGet(46)) - raft.server.log.statemachine.data.read.timeout = 1000ms (default)
2022-11-08 19:11:17,927 [s0-impl-thread1] INFO  server.RaftServerConfigKeys (ConfUtils.java:logGet(46)) - raft.server.log.purge.preservation.log.num = 0 (default)
2022-11-08 19:11:17,928 [s0-impl-thread1] INFO  server.RaftServerConfigKeys (ConfUtils.java:logGet(46)) - raft.server.log.segment.size.max = 8MB (=8388608) (default)
2022-11-08 19:11:17,929 [s0-impl-thread1] INFO  server.RaftServerConfigKeys (ConfUtils.java:logGet(46)) - raft.server.log.segment.cache.num.max = 6 (default)
2022-11-08 19:11:17,929 [s0-impl-thread1] INFO  server.RaftServerConfigKeys (ConfUtils.java:logGet(46)) - raft.server.log.segment.cache.size.max = 200MB (=209715200) (default)
2022-11-08 19:11:17,929 [s0-impl-thread1] INFO  segmented.SegmentedRaftLogWorker (SegmentedRaftLogWorker.java:<init>(184)) - new s0@group-5D589E31C35B-SegmentedRaftLogWorker for RaftStorageImpl:Storage Directory /home/runner/work/ratis/ratis/ratis-test/target/test/data/57858a89/MiniRaftClusterWithSimulatedRpcd730cf0b/s0/e116aa7c-2c7b-4931-a82a-5d589e31c35b
2022-11-08 19:11:17,929 [s0-impl-thread1] INFO  server.RaftServerConfigKeys (ConfUtils.java:logGet(46)) - raft.server.log.queue.byte-limit = 64MB (=67108864) (default)
2022-11-08 19:11:17,929 [s0-impl-thread1] INFO  server.RaftServerConfigKeys (ConfUtils.java:logGet(46)) - raft.server.log.queue.element-limit = 4096 (default)
2022-11-08 19:11:17,929 [s0-impl-thread1] INFO  server.RaftServerConfigKeys (ConfUtils.java:logGet(46)) - raft.server.log.segment.size.max = 8MB (=8388608) (default)
2022-11-08 19:11:17,929 [s0-impl-thread1] INFO  server.RaftServerConfigKeys (ConfUtils.java:logGet(46)) - raft.server.log.preallocated.size = 4MB (=4194304) (default)
2022-11-08 19:11:17,929 [s0-impl-thread1] INFO  server.RaftServerConfigKeys (ConfUtils.java:logGet(46)) - raft.server.log.force.sync.num = 128 (default)
2022-11-08 19:11:17,929 [s0-impl-thread1] INFO  server.RaftServerConfigKeys (ConfUtils.java:logGet(46)) - raft.server.log.statemachine.data.sync = true (default)
2022-11-08 19:11:17,929 [s0-impl-thread1] INFO  server.RaftServerConfigKeys (ConfUtils.java:logGet(46)) - raft.server.log.statemachine.data.sync.timeout = 10s (default)
2022-11-08 19:11:17,929 [s0-impl-thread1] INFO  server.RaftServerConfigKeys (ConfUtils.java:logGet(46)) - raft.server.log.statemachine.data.sync.timeout.retry = -1 (default)
2022-11-08 19:11:17,929 [s0-impl-thread1] INFO  server.RaftServerConfigKeys (ConfUtils.java:logGet(46)) - raft.server.log.write.buffer.size = 64KB (=65536) (default)
2022-11-08 19:11:17,929 [s0-impl-thread1] INFO  server.RaftServerConfigKeys (ConfUtils.java:logGet(46)) - raft.server.log.appender.buffer.byte-limit = 4MB (=4194304) (default)
2022-11-08 19:11:17,929 [s0-impl-thread1] INFO  server.RaftServerConfigKeys (ConfUtils.java:logGet(46)) - raft.server.log.unsafe-flush.enabled = false (default)
2022-11-08 19:11:17,929 [s0-impl-thread1] INFO  server.RaftServerConfigKeys (ConfUtils.java:logGet(46)) - raft.server.log.async-flush.enabled = false (default)
2022-11-08 19:11:17,930 [s0-impl-thread1] INFO  server.RaftServerConfigKeys (ConfUtils.java:logGet(46)) - raft.server.log.statemachine.data.caching.enabled = false (default)
2022-11-08 19:11:17,930 [s0-impl-thread1] INFO  segmented.SegmentedRaftLogWorker (SegmentedRaftLogWorker.java:lambda$new$0(134)) - s0@group-5D589E31C35B-SegmentedRaftLogWorker: flushIndex: setUnconditionally 0 -> -1
2022-11-08 19:11:17,930 [s0-impl-thread1] INFO  segmented.SegmentedRaftLogWorker (SegmentedRaftLogWorker.java:lambda$new$0(134)) - s0@group-5D589E31C35B-SegmentedRaftLogWorker: safeCacheEvictIndex: setUnconditionally 0 -> -1
2022-11-08 19:11:17,930 [s0-impl-thread1] INFO  server.RaftServer$Division (RaftServerImpl.java:start(338)) - s0@group-5D589E31C35B: start as a follower, conf=-1: peers:[s3|rpc:localhost:37653|admin:localhost:36015|client:localhost:42101|dataStream:localhost:39669|priority:0|startupRole:FOLLOWER, s4|rpc:localhost:43189|admin:localhost:35299|client:localhost:33007|dataStream:localhost:42297|priority:0|startupRole:FOLLOWER, s0|rpc:localhost:41893|admin:localhost:37625|client:localhost:41993|dataStream:localhost:45101|priority:0|startupRole:FOLLOWER, s1|rpc:localhost:34273|admin:localhost:36031|client:localhost:35527|dataStream:localhost:45605|priority:0|startupRole:FOLLOWER, s2|rpc:localhost:37305|admin:localhost:39781|client:localhost:45787|dataStream:localhost:38773|priority:0|startupRole:FOLLOWER]|listeners:[], old=null
2022-11-08 19:11:17,930 [s0-impl-thread1] INFO  server.RaftServer$Division (RaftServerImpl.java:setRole(325)) - s0@group-5D589E31C35B: changes role from      null to FOLLOWER at term 0 for startAsFollower
2022-11-08 19:11:17,930 [s0-impl-thread1] INFO  impl.RoleInfo (RoleInfo.java:updateAndGet(139)) - s0: start s0@group-5D589E31C35B-FollowerState
2022-11-08 19:11:17,932 [s0-impl-thread1] INFO  util.JmxRegister (JmxRegister.java:tryRegister(44)) - Successfully registered JMX Bean with object name Ratis:service=RaftServer,group=group-5D589E31C35B,id=s0
2022-11-08 19:11:17,932 [s0-impl-thread1] INFO  server.RaftServerConfigKeys (ConfUtils.java:logGet(46)) - raft.server.snapshot.auto.trigger.enabled = false (default)
2022-11-08 19:11:17,932 [s0-impl-thread1] INFO  server.RaftServerConfigKeys (ConfUtils.java:logGet(46)) - raft.server.snapshot.retention.file.num = -1 (default)
2022-11-08 19:11:17,932 [s0-impl-thread1] INFO  server.RaftServerConfigKeys (ConfUtils.java:logGet(46)) - raft.server.log.purge.upto.snapshot.index = false (default)
2022-11-08 19:11:17,932 [s0@group-5D589E31C35B-FollowerState] INFO  server.RaftServerConfigKeys (ConfUtils.java:logFallback(53)) - raft.server.rpc.first-election.timeout.min = 150ms (fallback to raft.server.rpc.timeout.min)
2022-11-08 19:11:17,933 [s0@group-5D589E31C35B-FollowerState] INFO  server.RaftServerConfigKeys (ConfUtils.java:logFallback(53)) - raft.server.rpc.first-election.timeout.max = 300ms (fallback to raft.server.rpc.timeout.max)
2022-11-08 19:11:17,933 [Time-limited test] INFO  server.RaftServer (RaftServerProxy.java:startImpl(396)) - s0: start RPC server
2022-11-08 19:11:17,934 [s1-impl-thread1] INFO  server.RaftServerConfigKeys (ConfUtils.java:logGet(46)) - raft.server.storage.free-space.min = 0MB (=0) (default)
2022-11-08 19:11:17,934 [s1-impl-thread1] INFO  server.RaftServerConfigKeys (ConfUtils.java:logGet(46)) - raft.server.log.corruption.policy = EXCEPTION (default)
2022-11-08 19:11:17,934 [s1-impl-thread1] INFO  server.RaftServerConfigKeys (ConfUtils.java:logGet(46)) - raft.server.storage.dir = [/home/runner/work/ratis/ratis/ratis-test/target/test/data/57858a89/MiniRaftClusterWithSimulatedRpcd730cf0b/s1] (custom)
2022-11-08 19:11:17,934 [s1-impl-thread1] INFO  storage.RaftStorageDirectory (RaftStorageDirectoryImpl.java:analyzeStorage(138)) - The storage directory /home/runner/work/ratis/ratis/ratis-test/target/test/data/57858a89/MiniRaftClusterWithSimulatedRpcd730cf0b/s1/e116aa7c-2c7b-4931-a82a-5d589e31c35b does not exist. Creating ...
2022-11-08 19:11:17,934 [JvmPauseMonitor6] INFO  util.JvmPauseMonitor (JvmPauseMonitor.java:run(105)) - JvmPauseMonitor-s0: Started
2022-11-08 19:11:17,934 [s1-impl-thread1] TRACE util.FileUtils (LogUtils.java:runAndLog(49)) - Successfully ran Files.createDirectories /home/runner/work/ratis/ratis/ratis-test/target/test/data/57858a89/MiniRaftClusterWithSimulatedRpcd730cf0b/s1/e116aa7c-2c7b-4931-a82a-5d589e31c35b
2022-11-08 19:11:17,935 [s1-impl-thread1] INFO  storage.RaftStorageDirectory (RaftStorageDirectoryImpl.java:tryLock(232)) - Lock on /home/runner/work/ratis/ratis/ratis-test/target/test/data/57858a89/MiniRaftClusterWithSimulatedRpcd730cf0b/s1/e116aa7c-2c7b-4931-a82a-5d589e31c35b/in_use.lock acquired by nodename 5573@fv-az206-447
2022-11-08 19:11:17,935 [s1-impl-thread1] TRACE util.FileUtils (LogUtils.java:runAndLog(49)) - Successfully ran Files.createDirectories /home/runner/work/ratis/ratis/ratis-test/target/test/data/57858a89/MiniRaftClusterWithSimulatedRpcd730cf0b/s1/e116aa7c-2c7b-4931-a82a-5d589e31c35b/current
2022-11-08 19:11:17,935 [s1-impl-thread1] TRACE util.FileUtils (LogUtils.java:runAndLog(49)) - Successfully ran Files.createDirectories /home/runner/work/ratis/ratis/ratis-test/target/test/data/57858a89/MiniRaftClusterWithSimulatedRpcd730cf0b/s1/e116aa7c-2c7b-4931-a82a-5d589e31c35b/sm
2022-11-08 19:11:17,936 [s1-impl-thread1] INFO  storage.RaftStorage (RaftStorageImpl.java:format(96)) - Storage directory /home/runner/work/ratis/ratis/ratis-test/target/test/data/57858a89/MiniRaftClusterWithSimulatedRpcd730cf0b/s1/e116aa7c-2c7b-4931-a82a-5d589e31c35b has been successfully formatted.
2022-11-08 19:11:17,936 [s1-impl-thread1] INFO  server.RaftServerConfigKeys (ConfUtils.java:logGet(46)) - raft.server.log.use.memory = false (default)
2022-11-08 19:11:17,936 [s1-impl-thread1] INFO  server.RaftServerConfigKeys (ConfUtils.java:logGet(46)) - raft.server.log.purge.gap = 1024 (default)
2022-11-08 19:11:17,936 [s1-impl-thread1] INFO  server.RaftServerConfigKeys (ConfUtils.java:logGet(46)) - raft.server.log.appender.buffer.byte-limit = 4MB (=4194304) (default)
2022-11-08 19:11:17,936 [s1-impl-thread1] INFO  server.RaftServerConfigKeys (ConfUtils.java:logGet(46)) - raft.server.log.statemachine.data.read.timeout = 1000ms (default)
2022-11-08 19:11:17,936 [s1-impl-thread1] INFO  server.RaftServerConfigKeys (ConfUtils.java:logGet(46)) - raft.server.log.purge.preservation.log.num = 0 (default)
2022-11-08 19:11:17,937 [s1-impl-thread1] INFO  server.RaftServerConfigKeys (ConfUtils.java:logGet(46)) - raft.server.log.segment.size.max = 8MB (=8388608) (default)
2022-11-08 19:11:17,937 [s1-impl-thread1] INFO  server.RaftServerConfigKeys (ConfUtils.java:logGet(46)) - raft.server.log.segment.cache.num.max = 6 (default)
2022-11-08 19:11:17,937 [s1-impl-thread1] INFO  server.RaftServerConfigKeys (ConfUtils.java:logGet(46)) - raft.server.log.segment.cache.size.max = 200MB (=209715200) (default)
2022-11-08 19:11:17,937 [s1-impl-thread1] INFO  segmented.SegmentedRaftLogWorker (SegmentedRaftLogWorker.java:<init>(184)) - new s1@group-5D589E31C35B-SegmentedRaftLogWorker for RaftStorageImpl:Storage Directory /home/runner/work/ratis/ratis/ratis-test/target/test/data/57858a89/MiniRaftClusterWithSimulatedRpcd730cf0b/s1/e116aa7c-2c7b-4931-a82a-5d589e31c35b
2022-11-08 19:11:17,937 [s1-impl-thread1] INFO  server.RaftServerConfigKeys (ConfUtils.java:logGet(46)) - raft.server.log.queue.byte-limit = 64MB (=67108864) (default)
2022-11-08 19:11:17,938 [s1-impl-thread1] INFO  server.RaftServerConfigKeys (ConfUtils.java:logGet(46)) - raft.server.log.queue.element-limit = 4096 (default)
2022-11-08 19:11:17,938 [s1-impl-thread1] INFO  server.RaftServerConfigKeys (ConfUtils.java:logGet(46)) - raft.server.log.segment.size.max = 8MB (=8388608) (default)
2022-11-08 19:11:17,938 [s1-impl-thread1] INFO  server.RaftServerConfigKeys (ConfUtils.java:logGet(46)) - raft.server.log.preallocated.size = 4MB (=4194304) (default)
2022-11-08 19:11:17,938 [s1-impl-thread1] INFO  server.RaftServerConfigKeys (ConfUtils.java:logGet(46)) - raft.server.log.force.sync.num = 128 (default)
2022-11-08 19:11:17,938 [s1-impl-thread1] INFO  server.RaftServerConfigKeys (ConfUtils.java:logGet(46)) - raft.server.log.statemachine.data.sync = true (default)
2022-11-08 19:11:17,938 [s1-impl-thread1] INFO  server.RaftServerConfigKeys (ConfUtils.java:logGet(46)) - raft.server.log.statemachine.data.sync.timeout = 10s (default)
2022-11-08 19:11:17,938 [s1-impl-thread1] INFO  server.RaftServerConfigKeys (ConfUtils.java:logGet(46)) - raft.server.log.statemachine.data.sync.timeout.retry = -1 (default)
2022-11-08 19:11:17,938 [s1-impl-thread1] INFO  server.RaftServerConfigKeys (ConfUtils.java:logGet(46)) - raft.server.log.write.buffer.size = 64KB (=65536) (default)
2022-11-08 19:11:17,938 [s1-impl-thread1] INFO  server.RaftServerConfigKeys (ConfUtils.java:logGet(46)) - raft.server.log.appender.buffer.byte-limit = 4MB (=4194304) (default)
2022-11-08 19:11:17,938 [s1-impl-thread1] INFO  server.RaftServerConfigKeys (ConfUtils.java:logGet(46)) - raft.server.log.unsafe-flush.enabled = false (default)
2022-11-08 19:11:17,938 [s1-impl-thread1] INFO  server.RaftServerConfigKeys (ConfUtils.java:logGet(46)) - raft.server.log.async-flush.enabled = false (default)
2022-11-08 19:11:17,938 [s1-impl-thread1] INFO  server.RaftServerConfigKeys (ConfUtils.java:logGet(46)) - raft.server.log.statemachine.data.caching.enabled = false (default)
2022-11-08 19:11:17,938 [s1-impl-thread1] INFO  segmented.SegmentedRaftLogWorker (SegmentedRaftLogWorker.java:lambda$new$0(134)) - s1@group-5D589E31C35B-SegmentedRaftLogWorker: flushIndex: setUnconditionally 0 -> -1
2022-11-08 19:11:17,938 [s1-impl-thread1] INFO  segmented.SegmentedRaftLogWorker (SegmentedRaftLogWorker.java:lambda$new$0(134)) - s1@group-5D589E31C35B-SegmentedRaftLogWorker: safeCacheEvictIndex: setUnconditionally 0 -> -1
2022-11-08 19:11:17,938 [s1-impl-thread1] INFO  server.RaftServer$Division (RaftServerImpl.java:start(338)) - s1@group-5D589E31C35B: start as a follower, conf=-1: peers:[s3|rpc:localhost:37653|admin:localhost:36015|client:localhost:42101|dataStream:localhost:39669|priority:0|startupRole:FOLLOWER, s4|rpc:localhost:43189|admin:localhost:35299|client:localhost:33007|dataStream:localhost:42297|priority:0|startupRole:FOLLOWER, s0|rpc:localhost:41893|admin:localhost:37625|client:localhost:41993|dataStream:localhost:45101|priority:0|startupRole:FOLLOWER, s1|rpc:localhost:34273|admin:localhost:36031|client:localhost:35527|dataStream:localhost:45605|priority:0|startupRole:FOLLOWER, s2|rpc:localhost:37305|admin:localhost:39781|client:localhost:45787|dataStream:localhost:38773|priority:0|startupRole:FOLLOWER]|listeners:[], old=null
2022-11-08 19:11:17,939 [s1-impl-thread1] INFO  server.RaftServer$Division (RaftServerImpl.java:setRole(325)) - s1@group-5D589E31C35B: changes role from      null to FOLLOWER at term 0 for startAsFollower
2022-11-08 19:11:17,939 [s1-impl-thread1] INFO  impl.RoleInfo (RoleInfo.java:updateAndGet(139)) - s1: start s1@group-5D589E31C35B-FollowerState
2022-11-08 19:11:17,939 [s1@group-5D589E31C35B-FollowerState] INFO  server.RaftServerConfigKeys (ConfUtils.java:logFallback(53)) - raft.server.rpc.first-election.timeout.min = 150ms (fallback to raft.server.rpc.timeout.min)
2022-11-08 19:11:17,939 [s1-impl-thread1] INFO  util.JmxRegister (JmxRegister.java:tryRegister(44)) - Successfully registered JMX Bean with object name Ratis:service=RaftServer,group=group-5D589E31C35B,id=s1
2022-11-08 19:11:17,939 [s1-impl-thread1] INFO  server.RaftServerConfigKeys (ConfUtils.java:logGet(46)) - raft.server.snapshot.auto.trigger.enabled = false (default)
2022-11-08 19:11:17,939 [s1-impl-thread1] INFO  server.RaftServerConfigKeys (ConfUtils.java:logGet(46)) - raft.server.snapshot.retention.file.num = -1 (default)
2022-11-08 19:11:17,939 [s1-impl-thread1] INFO  server.RaftServerConfigKeys (ConfUtils.java:logGet(46)) - raft.server.log.purge.upto.snapshot.index = false (default)
2022-11-08 19:11:17,939 [Time-limited test] INFO  server.RaftServer (RaftServerProxy.java:startImpl(396)) - s1: start RPC server
2022-11-08 19:11:17,939 [s1@group-5D589E31C35B-FollowerState] INFO  server.RaftServerConfigKeys (ConfUtils.java:logFallback(53)) - raft.server.rpc.first-election.timeout.max = 300ms (fallback to raft.server.rpc.timeout.max)
2022-11-08 19:11:17,941 [JvmPauseMonitor7] INFO  util.JvmPauseMonitor (JvmPauseMonitor.java:run(105)) - JvmPauseMonitor-s1: Started
2022-11-08 19:11:17,941 [s2-impl-thread1] INFO  server.RaftServerConfigKeys (ConfUtils.java:logGet(46)) - raft.server.storage.free-space.min = 0MB (=0) (default)
2022-11-08 19:11:17,941 [s2-impl-thread1] INFO  server.RaftServerConfigKeys (ConfUtils.java:logGet(46)) - raft.server.log.corruption.policy = EXCEPTION (default)
2022-11-08 19:11:17,941 [s2-impl-thread1] INFO  server.RaftServerConfigKeys (ConfUtils.java:logGet(46)) - raft.server.storage.dir = [/home/runner/work/ratis/ratis/ratis-test/target/test/data/57858a89/MiniRaftClusterWithSimulatedRpcd730cf0b/s2] (custom)
2022-11-08 19:11:17,941 [s2-impl-thread1] INFO  storage.RaftStorageDirectory (RaftStorageDirectoryImpl.java:analyzeStorage(138)) - The storage directory /home/runner/work/ratis/ratis/ratis-test/target/test/data/57858a89/MiniRaftClusterWithSimulatedRpcd730cf0b/s2/e116aa7c-2c7b-4931-a82a-5d589e31c35b does not exist. Creating ...
2022-11-08 19:11:17,941 [s2-impl-thread1] TRACE util.FileUtils (LogUtils.java:runAndLog(49)) - Successfully ran Files.createDirectories /home/runner/work/ratis/ratis/ratis-test/target/test/data/57858a89/MiniRaftClusterWithSimulatedRpcd730cf0b/s2/e116aa7c-2c7b-4931-a82a-5d589e31c35b
2022-11-08 19:11:17,942 [s2-impl-thread1] INFO  storage.RaftStorageDirectory (RaftStorageDirectoryImpl.java:tryLock(232)) - Lock on /home/runner/work/ratis/ratis/ratis-test/target/test/data/57858a89/MiniRaftClusterWithSimulatedRpcd730cf0b/s2/e116aa7c-2c7b-4931-a82a-5d589e31c35b/in_use.lock acquired by nodename 5573@fv-az206-447
2022-11-08 19:11:17,942 [s2-impl-thread1] TRACE util.FileUtils (LogUtils.java:runAndLog(49)) - Successfully ran Files.createDirectories /home/runner/work/ratis/ratis/ratis-test/target/test/data/57858a89/MiniRaftClusterWithSimulatedRpcd730cf0b/s2/e116aa7c-2c7b-4931-a82a-5d589e31c35b/current
2022-11-08 19:11:17,942 [s2-impl-thread1] TRACE util.FileUtils (LogUtils.java:runAndLog(49)) - Successfully ran Files.createDirectories /home/runner/work/ratis/ratis/ratis-test/target/test/data/57858a89/MiniRaftClusterWithSimulatedRpcd730cf0b/s2/e116aa7c-2c7b-4931-a82a-5d589e31c35b/sm
2022-11-08 19:11:17,943 [s2-impl-thread1] INFO  storage.RaftStorage (RaftStorageImpl.java:format(96)) - Storage directory /home/runner/work/ratis/ratis/ratis-test/target/test/data/57858a89/MiniRaftClusterWithSimulatedRpcd730cf0b/s2/e116aa7c-2c7b-4931-a82a-5d589e31c35b has been successfully formatted.
2022-11-08 19:11:17,943 [s2-impl-thread1] INFO  server.RaftServerConfigKeys (ConfUtils.java:logGet(46)) - raft.server.log.use.memory = false (default)
2022-11-08 19:11:17,943 [s2-impl-thread1] INFO  server.RaftServerConfigKeys (ConfUtils.java:logGet(46)) - raft.server.log.purge.gap = 1024 (default)
2022-11-08 19:11:17,944 [s2-impl-thread1] INFO  server.RaftServerConfigKeys (ConfUtils.java:logGet(46)) - raft.server.log.appender.buffer.byte-limit = 4MB (=4194304) (default)
2022-11-08 19:11:17,944 [s2-impl-thread1] INFO  server.RaftServerConfigKeys (ConfUtils.java:logGet(46)) - raft.server.log.statemachine.data.read.timeout = 1000ms (default)
2022-11-08 19:11:17,944 [s2-impl-thread1] INFO  server.RaftServerConfigKeys (ConfUtils.java:logGet(46)) - raft.server.log.purge.preservation.log.num = 0 (default)
2022-11-08 19:11:17,944 [s2-impl-thread1] INFO  server.RaftServerConfigKeys (ConfUtils.java:logGet(46)) - raft.server.log.segment.size.max = 8MB (=8388608) (default)
2022-11-08 19:11:17,945 [s2-impl-thread1] INFO  server.RaftServerConfigKeys (ConfUtils.java:logGet(46)) - raft.server.log.segment.cache.num.max = 6 (default)
2022-11-08 19:11:17,945 [s2-impl-thread1] INFO  server.RaftServerConfigKeys (ConfUtils.java:logGet(46)) - raft.server.log.segment.cache.size.max = 200MB (=209715200) (default)
2022-11-08 19:11:17,945 [s2-impl-thread1] INFO  segmented.SegmentedRaftLogWorker (SegmentedRaftLogWorker.java:<init>(184)) - new s2@group-5D589E31C35B-SegmentedRaftLogWorker for RaftStorageImpl:Storage Directory /home/runner/work/ratis/ratis/ratis-test/target/test/data/57858a89/MiniRaftClusterWithSimulatedRpcd730cf0b/s2/e116aa7c-2c7b-4931-a82a-5d589e31c35b
2022-11-08 19:11:17,945 [s2-impl-thread1] INFO  server.RaftServerConfigKeys (ConfUtils.java:logGet(46)) - raft.server.log.queue.byte-limit = 64MB (=67108864) (default)
2022-11-08 19:11:17,945 [s2-impl-thread1] INFO  server.RaftServerConfigKeys (ConfUtils.java:logGet(46)) - raft.server.log.queue.element-limit = 4096 (default)
2022-11-08 19:11:17,945 [s2-impl-thread1] INFO  server.RaftServerConfigKeys (ConfUtils.java:logGet(46)) - raft.server.log.segment.size.max = 8MB (=8388608) (default)
2022-11-08 19:11:17,945 [s2-impl-thread1] INFO  server.RaftServerConfigKeys (ConfUtils.java:logGet(46)) - raft.server.log.preallocated.size = 4MB (=4194304) (default)
2022-11-08 19:11:17,945 [s2-impl-thread1] INFO  server.RaftServerConfigKeys (ConfUtils.java:logGet(46)) - raft.server.log.force.sync.num = 128 (default)
2022-11-08 19:11:17,945 [s2-impl-thread1] INFO  server.RaftServerConfigKeys (ConfUtils.java:logGet(46)) - raft.server.log.statemachine.data.sync = true (default)
2022-11-08 19:11:17,945 [s2-impl-thread1] INFO  server.RaftServerConfigKeys (ConfUtils.java:logGet(46)) - raft.server.log.statemachine.data.sync.timeout = 10s (default)
2022-11-08 19:11:17,945 [s2-impl-thread1] INFO  server.RaftServerConfigKeys (ConfUtils.java:logGet(46)) - raft.server.log.statemachine.data.sync.timeout.retry = -1 (default)
2022-11-08 19:11:17,945 [s2-impl-thread1] INFO  server.RaftServerConfigKeys (ConfUtils.java:logGet(46)) - raft.server.log.write.buffer.size = 64KB (=65536) (default)
2022-11-08 19:11:17,945 [s2-impl-thread1] INFO  server.RaftServerConfigKeys (ConfUtils.java:logGet(46)) - raft.server.log.appender.buffer.byte-limit = 4MB (=4194304) (default)
2022-11-08 19:11:17,945 [s2-impl-thread1] INFO  server.RaftServerConfigKeys (ConfUtils.java:logGet(46)) - raft.server.log.unsafe-flush.enabled = false (default)
2022-11-08 19:11:17,945 [s2-impl-thread1] INFO  server.RaftServerConfigKeys (ConfUtils.java:logGet(46)) - raft.server.log.async-flush.enabled = false (default)
2022-11-08 19:11:17,945 [s2-impl-thread1] INFO  server.RaftServerConfigKeys (ConfUtils.java:logGet(46)) - raft.server.log.statemachine.data.caching.enabled = false (default)
2022-11-08 19:11:17,946 [s2-impl-thread1] INFO  segmented.SegmentedRaftLogWorker (SegmentedRaftLogWorker.java:lambda$new$0(134)) - s2@group-5D589E31C35B-SegmentedRaftLogWorker: flushIndex: setUnconditionally 0 -> -1
2022-11-08 19:11:17,946 [s2-impl-thread1] INFO  segmented.SegmentedRaftLogWorker (SegmentedRaftLogWorker.java:lambda$new$0(134)) - s2@group-5D589E31C35B-SegmentedRaftLogWorker: safeCacheEvictIndex: setUnconditionally 0 -> -1
2022-11-08 19:11:17,946 [s2-impl-thread1] INFO  server.RaftServer$Division (RaftServerImpl.java:start(338)) - s2@group-5D589E31C35B: start as a follower, conf=-1: peers:[s3|rpc:localhost:37653|admin:localhost:36015|client:localhost:42101|dataStream:localhost:39669|priority:0|startupRole:FOLLOWER, s4|rpc:localhost:43189|admin:localhost:35299|client:localhost:33007|dataStream:localhost:42297|priority:0|startupRole:FOLLOWER, s0|rpc:localhost:41893|admin:localhost:37625|client:localhost:41993|dataStream:localhost:45101|priority:0|startupRole:FOLLOWER, s1|rpc:localhost:34273|admin:localhost:36031|client:localhost:35527|dataStream:localhost:45605|priority:0|startupRole:FOLLOWER, s2|rpc:localhost:37305|admin:localhost:39781|client:localhost:45787|dataStream:localhost:38773|priority:0|startupRole:FOLLOWER]|listeners:[], old=null
2022-11-08 19:11:17,946 [s2-impl-thread1] INFO  server.RaftServer$Division (RaftServerImpl.java:setRole(325)) - s2@group-5D589E31C35B: changes role from      null to FOLLOWER at term 0 for startAsFollower
2022-11-08 19:11:17,946 [s2-impl-thread1] INFO  impl.RoleInfo (RoleInfo.java:updateAndGet(139)) - s2: start s2@group-5D589E31C35B-FollowerState
2022-11-08 19:11:17,949 [s2-impl-thread1] INFO  util.JmxRegister (JmxRegister.java:tryRegister(44)) - Successfully registered JMX Bean with object name Ratis:service=RaftServer,group=group-5D589E31C35B,id=s2
2022-11-08 19:11:17,949 [s2-impl-thread1] INFO  server.RaftServerConfigKeys (ConfUtils.java:logGet(46)) - raft.server.snapshot.auto.trigger.enabled = false (default)
2022-11-08 19:11:17,950 [s2-impl-thread1] INFO  server.RaftServerConfigKeys (ConfUtils.java:logGet(46)) - raft.server.snapshot.retention.file.num = -1 (default)
2022-11-08 19:11:17,950 [s2-impl-thread1] INFO  server.RaftServerConfigKeys (ConfUtils.java:logGet(46)) - raft.server.log.purge.upto.snapshot.index = false (default)
2022-11-08 19:11:17,950 [s2@group-5D589E31C35B-FollowerState] INFO  server.RaftServerConfigKeys (ConfUtils.java:logFallback(53)) - raft.server.rpc.first-election.timeout.min = 150ms (fallback to raft.server.rpc.timeout.min)
2022-11-08 19:11:17,950 [s2@group-5D589E31C35B-FollowerState] INFO  server.RaftServerConfigKeys (ConfUtils.java:logFallback(53)) - raft.server.rpc.first-election.timeout.max = 300ms (fallback to raft.server.rpc.timeout.max)
2022-11-08 19:11:17,951 [Time-limited test] INFO  server.RaftServer (RaftServerProxy.java:startImpl(396)) - s2: start RPC server
2022-11-08 19:11:17,957 [JvmPauseMonitor8] INFO  util.JvmPauseMonitor (JvmPauseMonitor.java:run(105)) - JvmPauseMonitor-s2: Started
2022-11-08 19:11:17,957 [Time-limited test] INFO  server.RaftServerConfigKeys (ConfUtils.java:logGet(46)) - raft.server.rpc.timeout.max = 300ms (default)
2022-11-08 19:11:17,958 [Time-limited test] INFO  ratis.RaftTestUtil (RaftTestUtil.java:waitForLeader(100)) - printing ALL groups
  s3:  RUNNING  FOLLOWER s3@group-5D589E31C35B:t0, leader=null, voted=, raftlog=Memoized:s3@group-5D589E31C35B-SegmentedRaftLog:OPENED:c-1, conf=-1: peers:[s3|rpc:localhost:37653|admin:localhost:36015|client:localhost:42101|dataStream:localhost:39669|priority:0|startupRole:FOLLOWER, s4|rpc:localhost:43189|admin:localhost:35299|client:localhost:33007|dataStream:localhost:42297|priority:0|startupRole:FOLLOWER, s0|rpc:localhost:41893|admin:localhost:37625|client:localhost:41993|dataStream:localhost:45101|priority:0|startupRole:FOLLOWER, s1|rpc:localhost:34273|admin:localhost:36031|client:localhost:35527|dataStream:localhost:45605|priority:0|startupRole:FOLLOWER, s2|rpc:localhost:37305|admin:localhost:39781|client:localhost:45787|dataStream:localhost:38773|priority:0|startupRole:FOLLOWER]|listeners:[], old=null RUNNING
  s4:  RUNNING  FOLLOWER s4@group-5D589E31C35B:t0, leader=null, voted=, raftlog=Memoized:s4@group-5D589E31C35B-SegmentedRaftLog:OPENED:c-1, conf=-1: peers:[s3|rpc:localhost:37653|admin:localhost:36015|client:localhost:42101|dataStream:localhost:39669|priority:0|startupRole:FOLLOWER, s4|rpc:localhost:43189|admin:localhost:35299|client:localhost:33007|dataStream:localhost:42297|priority:0|startupRole:FOLLOWER, s0|rpc:localhost:41893|admin:localhost:37625|client:localhost:41993|dataStream:localhost:45101|priority:0|startupRole:FOLLOWER, s1|rpc:localhost:34273|admin:localhost:36031|client:localhost:35527|dataStream:localhost:45605|priority:0|startupRole:FOLLOWER, s2|rpc:localhost:37305|admin:localhost:39781|client:localhost:45787|dataStream:localhost:38773|priority:0|startupRole:FOLLOWER]|listeners:[], old=null RUNNING
  s0:  RUNNING  FOLLOWER s0@group-5D589E31C35B:t0, leader=null, voted=, raftlog=Memoized:s0@group-5D589E31C35B-SegmentedRaftLog:OPENED:c-1, conf=-1: peers:[s3|rpc:localhost:37653|admin:localhost:36015|client:localhost:42101|dataStream:localhost:39669|priority:0|startupRole:FOLLOWER, s4|rpc:localhost:43189|admin:localhost:35299|client:localhost:33007|dataStream:localhost:42297|priority:0|startupRole:FOLLOWER, s0|rpc:localhost:41893|admin:localhost:37625|client:localhost:41993|dataStream:localhost:45101|priority:0|startupRole:FOLLOWER, s1|rpc:localhost:34273|admin:localhost:36031|client:localhost:35527|dataStream:localhost:45605|priority:0|startupRole:FOLLOWER, s2|rpc:localhost:37305|admin:localhost:39781|client:localhost:45787|dataStream:localhost:38773|priority:0|startupRole:FOLLOWER]|listeners:[], old=null RUNNING
  s1:  RUNNING  FOLLOWER s1@group-5D589E31C35B:t0, leader=null, voted=, raftlog=Memoized:s1@group-5D589E31C35B-SegmentedRaftLog:OPENED:c-1, conf=-1: peers:[s3|rpc:localhost:37653|admin:localhost:36015|client:localhost:42101|dataStream:localhost:39669|priority:0|startupRole:FOLLOWER, s4|rpc:localhost:43189|admin:localhost:35299|client:localhost:33007|dataStream:localhost:42297|priority:0|startupRole:FOLLOWER, s0|rpc:localhost:41893|admin:localhost:37625|client:localhost:41993|dataStream:localhost:45101|priority:0|startupRole:FOLLOWER, s1|rpc:localhost:34273|admin:localhost:36031|client:localhost:35527|dataStream:localhost:45605|priority:0|startupRole:FOLLOWER, s2|rpc:localhost:37305|admin:localhost:39781|client:localhost:45787|dataStream:localhost:38773|priority:0|startupRole:FOLLOWER]|listeners:[], old=null RUNNING
  s2:  RUNNING  FOLLOWER s2@group-5D589E31C35B:t0, leader=null, voted=, raftlog=Memoized:s2@group-5D589E31C35B-SegmentedRaftLog:OPENED:c-1, conf=-1: peers:[s3|rpc:localhost:37653|admin:localhost:36015|client:localhost:42101|dataStream:localhost:39669|priority:0|startupRole:FOLLOWER, s4|rpc:localhost:43189|admin:localhost:35299|client:localhost:33007|dataStream:localhost:42297|priority:0|startupRole:FOLLOWER, s0|rpc:localhost:41893|admin:localhost:37625|client:localhost:41993|dataStream:localhost:45101|priority:0|startupRole:FOLLOWER, s1|rpc:localhost:34273|admin:localhost:36031|client:localhost:35527|dataStream:localhost:45605|priority:0|startupRole:FOLLOWER, s2|rpc:localhost:37305|admin:localhost:39781|client:localhost:45787|dataStream:localhost:38773|priority:0|startupRole:FOLLOWER]|listeners:[], old=null RUNNING
2022-11-08 19:11:17,958 [Time-limited test] WARN  ratis.RaftTestUtil (JavaUtils.java:attempt(217)) - FAILED "waitForLeader-null-(expectLeader? true)", attempt #1/100: java.lang.IllegalStateException: No leader yet : printing ALL groups
  s3:  RUNNING  FOLLOWER s3@group-5D589E31C35B:t0, leader=null, voted=, raftlog=Memoized:s3@group-5D589E31C35B-SegmentedRaftLog:OPENED:c-1, conf=-1: peers:[s3|rpc:localhost:37653|admin:localhost:36015|client:localhost:42101|dataStream:localhost:39669|priority:0|startupRole:FOLLOWER, s4|rpc:localhost:43189|admin:localhost:35299|client:localhost:33007|dataStream:localhost:42297|priority:0|startupRole:FOLLOWER, s0|rpc:localhost:41893|admin:localhost:37625|client:localhost:41993|dataStream:localhost:45101|priority:0|startupRole:FOLLOWER, s1|rpc:localhost:34273|admin:localhost:36031|client:localhost:35527|dataStream:localhost:45605|priority:0|startupRole:FOLLOWER, s2|rpc:localhost:37305|admin:localhost:39781|client:localhost:45787|dataStream:localhost:38773|priority:0|startupRole:FOLLOWER]|listeners:[], old=null RUNNING
  s4:  RUNNING  FOLLOWER s4@group-5D589E31C35B:t0, leader=null, voted=, raftlog=Memoized:s4@group-5D589E31C35B-SegmentedRaftLog:OPENED:c-1, conf=-1: peers:[s3|rpc:localhost:37653|admin:localhost:36015|client:localhost:42101|dataStream:localhost:39669|priority:0|startupRole:FOLLOWER, s4|rpc:localhost:43189|admin:localhost:35299|client:localhost:33007|dataStream:localhost:42297|priority:0|startupRole:FOLLOWER, s0|rpc:localhost:41893|admin:localhost:37625|client:localhost:41993|dataStream:localhost:45101|priority:0|startupRole:FOLLOWER, s1|rpc:localhost:34273|admin:localhost:36031|client:localhost:35527|dataStream:localhost:45605|priority:0|startupRole:FOLLOWER, s2|rpc:localhost:37305|admin:localhost:39781|client:localhost:45787|dataStream:localhost:38773|priority:0|startupRole:FOLLOWER]|listeners:[], old=null RUNNING
  s0:  RUNNING  FOLLOWER s0@group-5D589E31C35B:t0, leader=null, voted=, raftlog=Memoized:s0@group-5D589E31C35B-SegmentedRaftLog:OPENED:c-1, conf=-1: peers:[s3|rpc:localhost:37653|admin:localhost:36015|client:localhost:42101|dataStream:localhost:39669|priority:0|startupRole:FOLLOWER, s4|rpc:localhost:43189|admin:localhost:35299|client:localhost:33007|dataStream:localhost:42297|priority:0|startupRole:FOLLOWER, s0|rpc:localhost:41893|admin:localhost:37625|client:localhost:41993|dataStream:localhost:45101|priority:0|startupRole:FOLLOWER, s1|rpc:localhost:34273|admin:localhost:36031|client:localhost:35527|dataStream:localhost:45605|priority:0|startupRole:FOLLOWER, s2|rpc:localhost:37305|admin:localhost:39781|client:localhost:45787|dataStream:localhost:38773|priority:0|startupRole:FOLLOWER]|listeners:[], old=null RUNNING
  s1:  RUNNING  FOLLOWER s1@group-5D589E31C35B:t0, leader=null, voted=, raftlog=Memoized:s1@group-5D589E31C35B-SegmentedRaftLog:OPENED:c-1, conf=-1: peers:[s3|rpc:localhost:37653|admin:localhost:36015|client:localhost:42101|dataStream:localhost:39669|priority:0|startupRole:FOLLOWER, s4|rpc:localhost:43189|admin:localhost:35299|client:localhost:33007|dataStream:localhost:42297|priority:0|startupRole:FOLLOWER, s0|rpc:localhost:41893|admin:localhost:37625|client:localhost:41993|dataStream:localhost:45101|priority:0|startupRole:FOLLOWER, s1|rpc:localhost:34273|admin:localhost:36031|client:localhost:35527|dataStream:localhost:45605|priority:0|startupRole:FOLLOWER, s2|rpc:localhost:37305|admin:localhost:39781|client:localhost:45787|dataStream:localhost:38773|priority:0|startupRole:FOLLOWER]|listeners:[], old=null RUNNING
  s2:  RUNNING  FOLLOWER s2@group-5D589E31C35B:t0, leader=null, voted=, raftlog=Memoized:s2@group-5D589E31C35B-SegmentedRaftLog:OPENED:c-1, conf=-1: peers:[s3|rpc:localhost:37653|admin:localhost:36015|client:localhost:42101|dataStream:localhost:39669|priority:0|startupRole:FOLLOWER, s4|rpc:localhost:43189|admin:localhost:35299|client:localhost:33007|dataStream:localhost:42297|priority:0|startupRole:FOLLOWER, s0|rpc:localhost:41893|admin:localhost:37625|client:localhost:41993|dataStream:localhost:45101|priority:0|startupRole:FOLLOWER, s1|rpc:localhost:34273|admin:localhost:36031|client:localhost:35527|dataStream:localhost:45605|priority:0|startupRole:FOLLOWER, s2|rpc:localhost:37305|admin:localhost:39781|client:localhost:45787|dataStream:localhost:38773|priority:0|startupRole:FOLLOWER]|listeners:[], old=null RUNNING, sleep 450ms and then retry.
java.lang.IllegalStateException: No leader yet : printing ALL groups
  s3:  RUNNING  FOLLOWER s3@group-5D589E31C35B:t0, leader=null, voted=, raftlog=Memoized:s3@group-5D589E31C35B-SegmentedRaftLog:OPENED:c-1, conf=-1: peers:[s3|rpc:localhost:37653|admin:localhost:36015|client:localhost:42101|dataStream:localhost:39669|priority:0|startupRole:FOLLOWER, s4|rpc:localhost:43189|admin:localhost:35299|client:localhost:33007|dataStream:localhost:42297|priority:0|startupRole:FOLLOWER, s0|rpc:localhost:41893|admin:localhost:37625|client:localhost:41993|dataStream:localhost:45101|priority:0|startupRole:FOLLOWER, s1|rpc:localhost:34273|admin:localhost:36031|client:localhost:35527|dataStream:localhost:45605|priority:0|startupRole:FOLLOWER, s2|rpc:localhost:37305|admin:localhost:39781|client:localhost:45787|dataStream:localhost:38773|priority:0|startupRole:FOLLOWER]|listeners:[], old=null RUNNING
  s4:  RUNNING  FOLLOWER s4@group-5D589E31C35B:t0, leader=null, voted=, raftlog=Memoized:s4@group-5D589E31C35B-SegmentedRaftLog:OPENED:c-1, conf=-1: peers:[s3|rpc:localhost:37653|admin:localhost:36015|client:localhost:42101|dataStream:localhost:39669|priority:0|startupRole:FOLLOWER, s4|rpc:localhost:43189|admin:localhost:35299|client:localhost:33007|dataStream:localhost:42297|priority:0|startupRole:FOLLOWER, s0|rpc:localhost:41893|admin:localhost:37625|client:localhost:41993|dataStream:localhost:45101|priority:0|startupRole:FOLLOWER, s1|rpc:localhost:34273|admin:localhost:36031|client:localhost:35527|dataStream:localhost:45605|priority:0|startupRole:FOLLOWER, s2|rpc:localhost:37305|admin:localhost:39781|client:localhost:45787|dataStream:localhost:38773|priority:0|startupRole:FOLLOWER]|listeners:[], old=null RUNNING
  s0:  RUNNING  FOLLOWER s0@group-5D589E31C35B:t0, leader=null, voted=, raftlog=Memoized:s0@group-5D589E31C35B-SegmentedRaftLog:OPENED:c-1, conf=-1: peers:[s3|rpc:localhost:37653|admin:localhost:36015|client:localhost:42101|dataStream:localhost:39669|priority:0|startupRole:FOLLOWER, s4|rpc:localhost:43189|admin:localhost:35299|client:localhost:33007|dataStream:localhost:42297|priority:0|startupRole:FOLLOWER, s0|rpc:localhost:41893|admin:localhost:37625|client:localhost:41993|dataStream:localhost:45101|priority:0|startupRole:FOLLOWER, s1|rpc:localhost:34273|admin:localhost:36031|client:localhost:35527|dataStream:localhost:45605|priority:0|startupRole:FOLLOWER, s2|rpc:localhost:37305|admin:localhost:39781|client:localhost:45787|dataStream:localhost:38773|priority:0|startupRole:FOLLOWER]|listeners:[], old=null RUNNING
  s1:  RUNNING  FOLLOWER s1@group-5D589E31C35B:t0, leader=null, voted=, raftlog=Memoized:s1@group-5D589E31C35B-SegmentedRaftLog:OPENED:c-1, conf=-1: peers:[s3|rpc:localhost:37653|admin:localhost:36015|client:localhost:42101|dataStream:localhost:39669|priority:0|startupRole:FOLLOWER, s4|rpc:localhost:43189|admin:localhost:35299|client:localhost:33007|dataStream:localhost:42297|priority:0|startupRole:FOLLOWER, s0|rpc:localhost:41893|admin:localhost:37625|client:localhost:41993|dataStream:localhost:45101|priority:0|startupRole:FOLLOWER, s1|rpc:localhost:34273|admin:localhost:36031|client:localhost:35527|dataStream:localhost:45605|priority:0|startupRole:FOLLOWER, s2|rpc:localhost:37305|admin:localhost:39781|client:localhost:45787|dataStream:localhost:38773|priority:0|startupRole:FOLLOWER]|listeners:[], old=null RUNNING
  s2:  RUNNING  FOLLOWER s2@group-5D589E31C35B:t0, leader=null, voted=, raftlog=Memoized:s2@group-5D589E31C35B-SegmentedRaftLog:OPENED:c-1, conf=-1: peers:[s3|rpc:localhost:37653|admin:localhost:36015|client:localhost:42101|dataStream:localhost:39669|priority:0|startupRole:FOLLOWER, s4|rpc:localhost:43189|admin:localhost:35299|client:localhost:33007|dataStream:localhost:42297|priority:0|startupRole:FOLLOWER, s0|rpc:localhost:41893|admin:localhost:37625|client:localhost:41993|dataStream:localhost:45101|priority:0|startupRole:FOLLOWER, s1|rpc:localhost:34273|admin:localhost:36031|client:localhost:35527|dataStream:localhost:45605|priority:0|startupRole:FOLLOWER, s2|rpc:localhost:37305|admin:localhost:39781|client:localhost:45787|dataStream:localhost:38773|priority:0|startupRole:FOLLOWER]|listeners:[], old=null RUNNING
	at org.apache.ratis.server.impl.MiniRaftCluster.newIllegalStateExceptionForNoLeaders(MiniRaftCluster.java:581)
	at org.apache.ratis.RaftTestUtil.lambda$waitForLeader$1(RaftTestUtil.java:104)
	at org.apache.ratis.server.impl.MiniRaftCluster.getLeader(MiniRaftCluster.java:615)
	at org.apache.ratis.server.impl.MiniRaftCluster.getLeader(MiniRaftCluster.java:608)
	at org.apache.ratis.RaftTestUtil.lambda$waitForLeader$3(RaftTestUtil.java:112)
	at org.apache.ratis.util.JavaUtils.attempt(JavaUtils.java:211)
	at org.apache.ratis.util.JavaUtils.attemptRepeatedly(JavaUtils.java:197)
	at org.apache.ratis.RaftTestUtil.waitForLeader(RaftTestUtil.java:111)
	at org.apache.ratis.RaftTestUtil.waitForLeader(RaftTestUtil.java:92)
	at org.apache.ratis.RaftTestUtil.waitForLeader(RaftTestUtil.java:87)
	at org.apache.ratis.server.impl.LeaderElectionTests.testEnforceLeader(LeaderElectionTests.java:277)
	at java.base/jdk.internal.reflect.NativeMethodAccessorImpl.invoke0(Native Method)
	at java.base/jdk.internal.reflect.NativeMethodAccessorImpl.invoke(NativeMethodAccessorImpl.java:62)
	at java.base/jdk.internal.reflect.DelegatingMethodAccessorImpl.invoke(DelegatingMethodAccessorImpl.java:43)
	at java.base/java.lang.reflect.Method.invoke(Method.java:566)
	at org.junit.runners.model.FrameworkMethod$1.runReflectiveCall(FrameworkMethod.java:59)
	at org.junit.internal.runners.model.ReflectiveCallable.run(ReflectiveCallable.java:12)
	at org.junit.runners.model.FrameworkMethod.invokeExplosively(FrameworkMethod.java:56)
	at org.junit.internal.runners.statements.InvokeMethod.evaluate(InvokeMethod.java:17)
	at org.junit.internal.runners.statements.RunAfters.evaluate(RunAfters.java:27)
	at org.junit.internal.runners.statements.FailOnTimeout$CallableStatement.call(FailOnTimeout.java:299)
	at org.junit.internal.runners.statements.FailOnTimeout$CallableStatement.call(FailOnTimeout.java:293)
	at java.base/java.util.concurrent.FutureTask.run(FutureTask.java:264)
	at java.base/java.lang.Thread.run(Thread.java:829)
2022-11-08 19:11:18,092 [s3@group-5D589E31C35B-FollowerState] INFO  impl.FollowerState (FollowerState.java:run(143)) - s3@group-5D589E31C35B-FollowerState: change to CANDIDATE, lastRpcElapsedTime:190226066ns, electionTimeout:184ms
2022-11-08 19:11:18,093 [s3@group-5D589E31C35B-FollowerState] INFO  impl.RoleInfo (RoleInfo.java:shutdownFollowerState(110)) - s3: shutdown s3@group-5D589E31C35B-FollowerState
2022-11-08 19:11:18,093 [s3@group-5D589E31C35B-FollowerState] INFO  server.RaftServer$Division (RaftServerImpl.java:setRole(325)) - s3@group-5D589E31C35B: changes role from  FOLLOWER to CANDIDATE at term 0 for changeToCandidate
2022-11-08 19:11:18,093 [s3@group-5D589E31C35B-FollowerState] INFO  server.RaftServerConfigKeys (ConfUtils.java:logGet(46)) - raft.server.leaderelection.pre-vote = true (default)
2022-11-08 19:11:18,093 [s3@group-5D589E31C35B-FollowerState] INFO  impl.RoleInfo (RoleInfo.java:updateAndGet(139)) - s3: start s3@group-5D589E31C35B-LeaderElection2
2022-11-08 19:11:18,094 [s3@group-5D589E31C35B-LeaderElection2] INFO  impl.LeaderElection (LeaderElection.java:askForVotes(309)) - s3@group-5D589E31C35B-LeaderElection2 PRE_VOTE round 0: submit vote requests at term 0 for -1: peers:[s3|rpc:localhost:37653|admin:localhost:36015|client:localhost:42101|dataStream:localhost:39669|priority:0|startupRole:FOLLOWER, s4|rpc:localhost:43189|admin:localhost:35299|client:localhost:33007|dataStream:localhost:42297|priority:0|startupRole:FOLLOWER, s0|rpc:localhost:41893|admin:localhost:37625|client:localhost:41993|dataStream:localhost:45101|priority:0|startupRole:FOLLOWER, s1|rpc:localhost:34273|admin:localhost:36031|client:localhost:35527|dataStream:localhost:45605|priority:0|startupRole:FOLLOWER, s2|rpc:localhost:37305|admin:localhost:39781|client:localhost:45787|dataStream:localhost:38773|priority:0|startupRole:FOLLOWER]|listeners:[], old=null
2022-11-08 19:11:18,094 [HandlerDaemon-0] INFO  server.RaftServer$Division (RaftServerImpl.java:requestVote(1294)) - s4@group-5D589E31C35B: receive requestVote(PRE_VOTE, s3, group-5D589E31C35B, 0, (t:0, i:0))
2022-11-08 19:11:18,094 [HandlerDaemon-0] INFO  impl.VoteContext (VoteContext.java:log(49)) - s4@group-5D589E31C35B-FOLLOWER: accept PRE_VOTE from s3: our priority 0 <= candidate's priority 0
2022-11-08 19:11:18,095 [HandlerDaemon-0] INFO  server.RaftServer$Division (RaftServerImpl.java:requestVote(1327)) - s4@group-5D589E31C35B replies to PRE_VOTE vote request: s3<-s4#0:OK-t0. Peer's state: s4@group-5D589E31C35B:t0, leader=null, voted=, raftlog=Memoized:s4@group-5D589E31C35B-SegmentedRaftLog:OPENED:c-1, conf=-1: peers:[s3|rpc:localhost:37653|admin:localhost:36015|client:localhost:42101|dataStream:localhost:39669|priority:0|startupRole:FOLLOWER, s4|rpc:localhost:43189|admin:localhost:35299|client:localhost:33007|dataStream:localhost:42297|priority:0|startupRole:FOLLOWER, s0|rpc:localhost:41893|admin:localhost:37625|client:localhost:41993|dataStream:localhost:45101|priority:0|startupRole:FOLLOWER, s1|rpc:localhost:34273|admin:localhost:36031|client:localhost:35527|dataStream:localhost:45605|priority:0|startupRole:FOLLOWER, s2|rpc:localhost:37305|admin:localhost:39781|client:localhost:45787|dataStream:localhost:38773|priority:0|startupRole:FOLLOWER]|listeners:[], old=null
2022-11-08 19:11:18,096 [HandlerDaemon-0] INFO  server.RaftServer$Division (RaftServerImpl.java:requestVote(1294)) - s0@group-5D589E31C35B: receive requestVote(PRE_VOTE, s3, group-5D589E31C35B, 0, (t:0, i:0))
2022-11-08 19:11:18,096 [HandlerDaemon-0] INFO  impl.VoteContext (VoteContext.java:log(49)) - s0@group-5D589E31C35B-FOLLOWER: accept PRE_VOTE from s3: our priority 0 <= candidate's priority 0
2022-11-08 19:11:18,096 [s3@group-5D589E31C35B-LeaderElection2] INFO  server.RaftServerConfigKeys (ConfUtils.java:logFallback(53)) - raft.server.rpc.first-election.timeout.min = 150ms (fallback to raft.server.rpc.timeout.min)
2022-11-08 19:11:18,096 [s3@group-5D589E31C35B-LeaderElection2] INFO  server.RaftServerConfigKeys (ConfUtils.java:logFallback(53)) - raft.server.rpc.first-election.timeout.max = 300ms (fallback to raft.server.rpc.timeout.max)
2022-11-08 19:11:18,096 [HandlerDaemon-0] INFO  server.RaftServer$Division (RaftServerImpl.java:requestVote(1294)) - s1@group-5D589E31C35B: receive requestVote(PRE_VOTE, s3, group-5D589E31C35B, 0, (t:0, i:0))
2022-11-08 19:11:18,096 [HandlerDaemon-0] INFO  impl.VoteContext (VoteContext.java:log(49)) - s1@group-5D589E31C35B-FOLLOWER: accept PRE_VOTE from s3: our priority 0 <= candidate's priority 0
2022-11-08 19:11:18,096 [HandlerDaemon-0] INFO  server.RaftServer$Division (RaftServerImpl.java:requestVote(1327)) - s1@group-5D589E31C35B replies to PRE_VOTE vote request: s3<-s1#0:OK-t0. Peer's state: s1@group-5D589E31C35B:t0, leader=null, voted=, raftlog=Memoized:s1@group-5D589E31C35B-SegmentedRaftLog:OPENED:c-1, conf=-1: peers:[s3|rpc:localhost:37653|admin:localhost:36015|client:localhost:42101|dataStream:localhost:39669|priority:0|startupRole:FOLLOWER, s4|rpc:localhost:43189|admin:localhost:35299|client:localhost:33007|dataStream:localhost:42297|priority:0|startupRole:FOLLOWER, s0|rpc:localhost:41893|admin:localhost:37625|client:localhost:41993|dataStream:localhost:45101|priority:0|startupRole:FOLLOWER, s1|rpc:localhost:34273|admin:localhost:36031|client:localhost:35527|dataStream:localhost:45605|priority:0|startupRole:FOLLOWER, s2|rpc:localhost:37305|admin:localhost:39781|client:localhost:45787|dataStream:localhost:38773|priority:0|startupRole:FOLLOWER]|listeners:[], old=null
2022-11-08 19:11:18,096 [s3@group-5D589E31C35B-LeaderElection2] INFO  impl.LeaderElection (LeaderElection.java:logAndReturn(89)) - s3@group-5D589E31C35B-LeaderElection2: PRE_VOTE PASSED received 2 response(s) and 0 exception(s):
2022-11-08 19:11:18,096 [s3@group-5D589E31C35B-LeaderElection2] INFO  impl.LeaderElection (LeaderElection.java:logAndReturn(93)) -   Response 0: s3<-s4#0:OK-t0
2022-11-08 19:11:18,096 [s3@group-5D589E31C35B-LeaderElection2] INFO  impl.LeaderElection (LeaderElection.java:logAndReturn(93)) -   Response 1: s3<-s1#0:OK-t0
2022-11-08 19:11:18,096 [s3@group-5D589E31C35B-LeaderElection2] INFO  impl.LeaderElection (LeaderElection.java:askForVotes(311)) - s3@group-5D589E31C35B-LeaderElection2 PRE_VOTE round 0: result PASSED
2022-11-08 19:11:18,096 [HandlerDaemon-0] INFO  server.RaftServer$Division (RaftServerImpl.java:requestVote(1327)) - s0@group-5D589E31C35B replies to PRE_VOTE vote request: s3<-s0#0:OK-t0. Peer's state: s0@group-5D589E31C35B:t0, leader=null, voted=, raftlog=Memoized:s0@group-5D589E31C35B-SegmentedRaftLog:OPENED:c-1, conf=-1: peers:[s3|rpc:localhost:37653|admin:localhost:36015|client:localhost:42101|dataStream:localhost:39669|priority:0|startupRole:FOLLOWER, s4|rpc:localhost:43189|admin:localhost:35299|client:localhost:33007|dataStream:localhost:42297|priority:0|startupRole:FOLLOWER, s0|rpc:localhost:41893|admin:localhost:37625|client:localhost:41993|dataStream:localhost:45101|priority:0|startupRole:FOLLOWER, s1|rpc:localhost:34273|admin:localhost:36031|client:localhost:35527|dataStream:localhost:45605|priority:0|startupRole:FOLLOWER, s2|rpc:localhost:37305|admin:localhost:39781|client:localhost:45787|dataStream:localhost:38773|priority:0|startupRole:FOLLOWER]|listeners:[], old=null
2022-11-08 19:11:18,100 [HandlerDaemon-0] INFO  server.RaftServer$Division (RaftServerImpl.java:requestVote(1294)) - s2@group-5D589E31C35B: receive requestVote(PRE_VOTE, s3, group-5D589E31C35B, 0, (t:0, i:0))
2022-11-08 19:11:18,100 [s3@group-5D589E31C35B-LeaderElection2] INFO  impl.LeaderElection (LeaderElection.java:askForVotes(309)) - s3@group-5D589E31C35B-LeaderElection2 ELECTION round 0: submit vote requests at term 1 for -1: peers:[s3|rpc:localhost:37653|admin:localhost:36015|client:localhost:42101|dataStream:localhost:39669|priority:0|startupRole:FOLLOWER, s4|rpc:localhost:43189|admin:localhost:35299|client:localhost:33007|dataStream:localhost:42297|priority:0|startupRole:FOLLOWER, s0|rpc:localhost:41893|admin:localhost:37625|client:localhost:41993|dataStream:localhost:45101|priority:0|startupRole:FOLLOWER, s1|rpc:localhost:34273|admin:localhost:36031|client:localhost:35527|dataStream:localhost:45605|priority:0|startupRole:FOLLOWER, s2|rpc:localhost:37305|admin:localhost:39781|client:localhost:45787|dataStream:localhost:38773|priority:0|startupRole:FOLLOWER]|listeners:[], old=null
2022-11-08 19:11:18,101 [HandlerDaemon-0] INFO  impl.VoteContext (VoteContext.java:log(49)) - s2@group-5D589E31C35B-FOLLOWER: accept PRE_VOTE from s3: our priority 0 <= candidate's priority 0
2022-11-08 19:11:18,101 [HandlerDaemon-0] INFO  server.RaftServer$Division (RaftServerImpl.java:requestVote(1327)) - s2@group-5D589E31C35B replies to PRE_VOTE vote request: s3<-s2#0:OK-t0. Peer's state: s2@group-5D589E31C35B:t0, leader=null, voted=, raftlog=Memoized:s2@group-5D589E31C35B-SegmentedRaftLog:OPENED:c-1, conf=-1: peers:[s3|rpc:localhost:37653|admin:localhost:36015|client:localhost:42101|dataStream:localhost:39669|priority:0|startupRole:FOLLOWER, s4|rpc:localhost:43189|admin:localhost:35299|client:localhost:33007|dataStream:localhost:42297|priority:0|startupRole:FOLLOWER, s0|rpc:localhost:41893|admin:localhost:37625|client:localhost:41993|dataStream:localhost:45101|priority:0|startupRole:FOLLOWER, s1|rpc:localhost:34273|admin:localhost:36031|client:localhost:35527|dataStream:localhost:45605|priority:0|startupRole:FOLLOWER, s2|rpc:localhost:37305|admin:localhost:39781|client:localhost:45787|dataStream:localhost:38773|priority:0|startupRole:FOLLOWER]|listeners:[], old=null
2022-11-08 19:11:18,102 [HandlerDaemon-1] INFO  server.RaftServer$Division (RaftServerImpl.java:requestVote(1294)) - s4@group-5D589E31C35B: receive requestVote(ELECTION, s3, group-5D589E31C35B, 1, (t:0, i:0))
2022-11-08 19:11:18,106 [HandlerDaemon-1] INFO  impl.VoteContext (VoteContext.java:log(49)) - s4@group-5D589E31C35B-FOLLOWER: accept ELECTION from s3: our priority 0 <= candidate's priority 0
2022-11-08 19:11:18,106 [HandlerDaemon-1] INFO  server.RaftServer$Division (RaftServerImpl.java:setRole(325)) - s4@group-5D589E31C35B: changes role from  FOLLOWER to FOLLOWER at term 1 for candidate:s3
2022-11-08 19:11:18,106 [HandlerDaemon-1] INFO  impl.RoleInfo (RoleInfo.java:shutdownFollowerState(110)) - s4: shutdown s4@group-5D589E31C35B-FollowerState
2022-11-08 19:11:18,109 [s4@group-5D589E31C35B-FollowerState] INFO  impl.FollowerState (FollowerState.java:run(152)) - s4@group-5D589E31C35B-FollowerState was interrupted
2022-11-08 19:11:18,109 [HandlerDaemon-1] INFO  server.RaftServer$Division (RaftServerImpl.java:requestVote(1294)) - s1@group-5D589E31C35B: receive requestVote(ELECTION, s3, group-5D589E31C35B, 1, (t:0, i:0))
2022-11-08 19:11:18,109 [HandlerDaemon-1] INFO  server.RaftServer$Division (RaftServerImpl.java:requestVote(1294)) - s0@group-5D589E31C35B: receive requestVote(ELECTION, s3, group-5D589E31C35B, 1, (t:0, i:0))
2022-11-08 19:11:18,110 [s3@group-5D589E31C35B-LeaderElection2] INFO  server.RaftServerConfigKeys (ConfUtils.java:logFallback(53)) - raft.server.rpc.first-election.timeout.min = 150ms (fallback to raft.server.rpc.timeout.min)
2022-11-08 19:11:18,110 [s3@group-5D589E31C35B-LeaderElection2] INFO  server.RaftServerConfigKeys (ConfUtils.java:logFallback(53)) - raft.server.rpc.first-election.timeout.max = 300ms (fallback to raft.server.rpc.timeout.max)
2022-11-08 19:11:18,112 [HandlerDaemon-1] INFO  impl.RoleInfo (RoleInfo.java:updateAndGet(139)) - s4: start s4@group-5D589E31C35B-FollowerState
2022-11-08 19:11:18,112 [HandlerDaemon-1] INFO  impl.VoteContext (VoteContext.java:log(49)) - s1@group-5D589E31C35B-FOLLOWER: accept ELECTION from s3: our priority 0 <= candidate's priority 0
2022-11-08 19:11:18,112 [HandlerDaemon-1] INFO  server.RaftServer$Division (RaftServerImpl.java:setRole(325)) - s1@group-5D589E31C35B: changes role from  FOLLOWER to FOLLOWER at term 1 for candidate:s3
2022-11-08 19:11:18,112 [HandlerDaemon-1] INFO  impl.RoleInfo (RoleInfo.java:shutdownFollowerState(110)) - s1: shutdown s1@group-5D589E31C35B-FollowerState
2022-11-08 19:11:18,112 [s1@group-5D589E31C35B-FollowerState] INFO  impl.FollowerState (FollowerState.java:run(152)) - s1@group-5D589E31C35B-FollowerState was interrupted
2022-11-08 19:11:18,112 [HandlerDaemon-1] INFO  impl.VoteContext (VoteContext.java:log(49)) - s0@group-5D589E31C35B-FOLLOWER: accept ELECTION from s3: our priority 0 <= candidate's priority 0
2022-11-08 19:11:18,112 [HandlerDaemon-1] INFO  server.RaftServer$Division (RaftServerImpl.java:setRole(325)) - s0@group-5D589E31C35B: changes role from  FOLLOWER to FOLLOWER at term 1 for candidate:s3
2022-11-08 19:11:18,112 [HandlerDaemon-1] INFO  impl.RoleInfo (RoleInfo.java:shutdownFollowerState(110)) - s0: shutdown s0@group-5D589E31C35B-FollowerState
2022-11-08 19:11:18,112 [s0@group-5D589E31C35B-FollowerState] INFO  impl.FollowerState (FollowerState.java:run(152)) - s0@group-5D589E31C35B-FollowerState was interrupted
2022-11-08 19:11:18,113 [HandlerDaemon-1] INFO  impl.RoleInfo (RoleInfo.java:updateAndGet(139)) - s1: start s1@group-5D589E31C35B-FollowerState
2022-11-08 19:11:18,113 [HandlerDaemon-1] INFO  impl.RoleInfo (RoleInfo.java:updateAndGet(139)) - s0: start s0@group-5D589E31C35B-FollowerState
2022-11-08 19:11:18,113 [HandlerDaemon-1] INFO  server.RaftServer$Division (RaftServerImpl.java:requestVote(1327)) - s4@group-5D589E31C35B replies to ELECTION vote request: s3<-s4#0:OK-t1. Peer's state: s4@group-5D589E31C35B:t1, leader=null, voted=s3, raftlog=Memoized:s4@group-5D589E31C35B-SegmentedRaftLog:OPENED:c-1, conf=-1: peers:[s3|rpc:localhost:37653|admin:localhost:36015|client:localhost:42101|dataStream:localhost:39669|priority:0|startupRole:FOLLOWER, s4|rpc:localhost:43189|admin:localhost:35299|client:localhost:33007|dataStream:localhost:42297|priority:0|startupRole:FOLLOWER, s0|rpc:localhost:41893|admin:localhost:37625|client:localhost:41993|dataStream:localhost:45101|priority:0|startupRole:FOLLOWER, s1|rpc:localhost:34273|admin:localhost:36031|client:localhost:35527|dataStream:localhost:45605|priority:0|startupRole:FOLLOWER, s2|rpc:localhost:37305|admin:localhost:39781|client:localhost:45787|dataStream:localhost:38773|priority:0|startupRole:FOLLOWER]|listeners:[], old=null
2022-11-08 19:11:18,114 [HandlerDaemon-1] INFO  server.RaftServer$Division (RaftServerImpl.java:requestVote(1294)) - s2@group-5D589E31C35B: receive requestVote(ELECTION, s3, group-5D589E31C35B, 1, (t:0, i:0))
2022-11-08 19:11:18,118 [HandlerDaemon-1] INFO  impl.VoteContext (VoteContext.java:log(49)) - s2@group-5D589E31C35B-FOLLOWER: accept ELECTION from s3: our priority 0 <= candidate's priority 0
2022-11-08 19:11:18,118 [s0@group-5D589E31C35B-FollowerState] INFO  server.RaftServerConfigKeys (ConfUtils.java:logFallback(53)) - raft.server.rpc.first-election.timeout.min = 150ms (fallback to raft.server.rpc.timeout.min)
2022-11-08 19:11:18,118 [s0@group-5D589E31C35B-FollowerState] INFO  server.RaftServerConfigKeys (ConfUtils.java:logFallback(53)) - raft.server.rpc.first-election.timeout.max = 300ms (fallback to raft.server.rpc.timeout.max)
2022-11-08 19:11:18,118 [s4@group-5D589E31C35B-FollowerState] INFO  server.RaftServerConfigKeys (ConfUtils.java:logFallback(53)) - raft.server.rpc.first-election.timeout.min = 150ms (fallback to raft.server.rpc.timeout.min)
2022-11-08 19:11:18,119 [s4@group-5D589E31C35B-FollowerState] INFO  server.RaftServerConfigKeys (ConfUtils.java:logFallback(53)) - raft.server.rpc.first-election.timeout.max = 300ms (fallback to raft.server.rpc.timeout.max)
2022-11-08 19:11:18,118 [s1@group-5D589E31C35B-FollowerState] INFO  server.RaftServerConfigKeys (ConfUtils.java:logFallback(53)) - raft.server.rpc.first-election.timeout.min = 150ms (fallback to raft.server.rpc.timeout.min)
2022-11-08 19:11:18,119 [s1@group-5D589E31C35B-FollowerState] INFO  server.RaftServerConfigKeys (ConfUtils.java:logFallback(53)) - raft.server.rpc.first-election.timeout.max = 300ms (fallback to raft.server.rpc.timeout.max)
2022-11-08 19:11:18,119 [HandlerDaemon-1] INFO  server.RaftServer$Division (RaftServerImpl.java:requestVote(1327)) - s1@group-5D589E31C35B replies to ELECTION vote request: s3<-s1#0:OK-t1. Peer's state: s1@group-5D589E31C35B:t1, leader=null, voted=s3, raftlog=Memoized:s1@group-5D589E31C35B-SegmentedRaftLog:OPENED:c-1, conf=-1: peers:[s3|rpc:localhost:37653|admin:localhost:36015|client:localhost:42101|dataStream:localhost:39669|priority:0|startupRole:FOLLOWER, s4|rpc:localhost:43189|admin:localhost:35299|client:localhost:33007|dataStream:localhost:42297|priority:0|startupRole:FOLLOWER, s0|rpc:localhost:41893|admin:localhost:37625|client:localhost:41993|dataStream:localhost:45101|priority:0|startupRole:FOLLOWER, s1|rpc:localhost:34273|admin:localhost:36031|client:localhost:35527|dataStream:localhost:45605|priority:0|startupRole:FOLLOWER, s2|rpc:localhost:37305|admin:localhost:39781|client:localhost:45787|dataStream:localhost:38773|priority:0|startupRole:FOLLOWER]|listeners:[], old=null
2022-11-08 19:11:18,119 [HandlerDaemon-1] INFO  server.RaftServer$Division (RaftServerImpl.java:setRole(325)) - s2@group-5D589E31C35B: changes role from  FOLLOWER to FOLLOWER at term 1 for candidate:s3
2022-11-08 19:11:18,119 [HandlerDaemon-1] INFO  impl.RoleInfo (RoleInfo.java:shutdownFollowerState(110)) - s2: shutdown s2@group-5D589E31C35B-FollowerState
2022-11-08 19:11:18,119 [HandlerDaemon-1] INFO  impl.RoleInfo (RoleInfo.java:updateAndGet(139)) - s2: start s2@group-5D589E31C35B-FollowerState
2022-11-08 19:11:18,119 [s3@group-5D589E31C35B-LeaderElection2] INFO  impl.LeaderElection (LeaderElection.java:logAndReturn(89)) - s3@group-5D589E31C35B-LeaderElection2: ELECTION PASSED received 2 response(s) and 0 exception(s):
2022-11-08 19:11:18,119 [s3@group-5D589E31C35B-LeaderElection2] INFO  impl.LeaderElection (LeaderElection.java:logAndReturn(93)) -   Response 0: s3<-s4#0:OK-t1
2022-11-08 19:11:18,119 [s3@group-5D589E31C35B-LeaderElection2] INFO  impl.LeaderElection (LeaderElection.java:logAndReturn(93)) -   Response 1: s3<-s1#0:OK-t1
2022-11-08 19:11:18,119 [s3@group-5D589E31C35B-LeaderElection2] INFO  impl.LeaderElection (LeaderElection.java:askForVotes(311)) - s3@group-5D589E31C35B-LeaderElection2 ELECTION round 0: result PASSED
2022-11-08 19:11:18,119 [s3@group-5D589E31C35B-LeaderElection2] INFO  impl.RoleInfo (RoleInfo.java:shutdownLeaderElection(130)) - s3: shutdown s3@group-5D589E31C35B-LeaderElection2
2022-11-08 19:11:18,119 [s3@group-5D589E31C35B-LeaderElection2] INFO  server.RaftServer$Division (RaftServerImpl.java:setRole(325)) - s3@group-5D589E31C35B: changes role from CANDIDATE to LEADER at term 1 for changeToLeader
2022-11-08 19:11:18,119 [s3@group-5D589E31C35B-LeaderElection2] INFO  server.RaftServer$Division (ServerState.java:setLeader(259)) - s3@group-5D589E31C35B: change Leader from null to s3 at term 1 for becomeLeader, leader elected after 252ms
2022-11-08 19:11:18,119 [s3@group-5D589E31C35B-LeaderElection2] INFO  server.RaftServerConfigKeys (ConfUtils.java:logGet(46)) - raft.server.staging.catchup.gap = 1000 (default)
2022-11-08 19:11:18,120 [s2@group-5D589E31C35B-FollowerState] INFO  server.RaftServerConfigKeys (ConfUtils.java:logFallback(53)) - raft.server.rpc.first-election.timeout.min = 150ms (fallback to raft.server.rpc.timeout.min)
2022-11-08 19:11:18,120 [s2@group-5D589E31C35B-FollowerState] INFO  server.RaftServerConfigKeys (ConfUtils.java:logFallback(53)) - raft.server.rpc.first-election.timeout.max = 300ms (fallback to raft.server.rpc.timeout.max)
2022-11-08 19:11:18,125 [HandlerDaemon-1] INFO  server.RaftServer$Division (RaftServerImpl.java:requestVote(1327)) - s2@group-5D589E31C35B replies to ELECTION vote request: s3<-s2#0:OK-t1. Peer's state: s2@group-5D589E31C35B:t1, leader=null, voted=s3, raftlog=Memoized:s2@group-5D589E31C35B-SegmentedRaftLog:OPENED:c-1, conf=-1: peers:[s3|rpc:localhost:37653|admin:localhost:36015|client:localhost:42101|dataStream:localhost:39669|priority:0|startupRole:FOLLOWER, s4|rpc:localhost:43189|admin:localhost:35299|client:localhost:33007|dataStream:localhost:42297|priority:0|startupRole:FOLLOWER, s0|rpc:localhost:41893|admin:localhost:37625|client:localhost:41993|dataStream:localhost:45101|priority:0|startupRole:FOLLOWER, s1|rpc:localhost:34273|admin:localhost:36031|client:localhost:35527|dataStream:localhost:45605|priority:0|startupRole:FOLLOWER, s2|rpc:localhost:37305|admin:localhost:39781|client:localhost:45787|dataStream:localhost:38773|priority:0|startupRole:FOLLOWER]|listeners:[], old=null
2022-11-08 19:11:18,125 [s3@group-5D589E31C35B-LeaderElection2] INFO  server.RaftServerConfigKeys (ConfUtils.java:logGet(46)) - raft.server.write.element-limit = 4096 (default)
2022-11-08 19:11:18,123 [HandlerDaemon-1] INFO  server.RaftServer$Division (RaftServerImpl.java:requestVote(1327)) - s0@group-5D589E31C35B replies to ELECTION vote request: s3<-s0#0:OK-t1. Peer's state: s0@group-5D589E31C35B:t1, leader=null, voted=s3, raftlog=Memoized:s0@group-5D589E31C35B-SegmentedRaftLog:OPENED:c-1, conf=-1: peers:[s3|rpc:localhost:37653|admin:localhost:36015|client:localhost:42101|dataStream:localhost:39669|priority:0|startupRole:FOLLOWER, s4|rpc:localhost:43189|admin:localhost:35299|client:localhost:33007|dataStream:localhost:42297|priority:0|startupRole:FOLLOWER, s0|rpc:localhost:41893|admin:localhost:37625|client:localhost:41993|dataStream:localhost:45101|priority:0|startupRole:FOLLOWER, s1|rpc:localhost:34273|admin:localhost:36031|client:localhost:35527|dataStream:localhost:45605|priority:0|startupRole:FOLLOWER, s2|rpc:localhost:37305|admin:localhost:39781|client:localhost:45787|dataStream:localhost:38773|priority:0|startupRole:FOLLOWER]|listeners:[], old=null
2022-11-08 19:11:18,123 [s2@group-5D589E31C35B-FollowerState] INFO  impl.FollowerState (FollowerState.java:run(152)) - s2@group-5D589E31C35B-FollowerState was interrupted
2022-11-08 19:11:18,126 [s3@group-5D589E31C35B-LeaderElection2] INFO  server.RaftServerConfigKeys (ConfUtils.java:logGet(46)) - raft.server.write.byte-limit = 64MB (=67108864) (default)
2022-11-08 19:11:18,126 [s3@group-5D589E31C35B-LeaderElection2] INFO  server.RaftServerConfigKeys (ConfUtils.java:logGet(46)) - raft.server.watch.timeout = 10s (default)
2022-11-08 19:11:18,126 [s3@group-5D589E31C35B-LeaderElection2] INFO  server.RaftServerConfigKeys (ConfUtils.java:logGet(46)) - raft.server.watch.timeout.denomination = 1s (default)
2022-11-08 19:11:18,126 [s3@group-5D589E31C35B-LeaderElection2] INFO  server.RaftServerConfigKeys (ConfUtils.java:logGet(46)) - raft.server.watch.element-limit = 65536 (default)
2022-11-08 19:11:18,126 [s3@group-5D589E31C35B-LeaderElection2] INFO  server.RaftServerConfigKeys (ConfUtils.java:logGet(46)) - raft.server.write.element-limit = 4096 (default)
2022-11-08 19:11:18,126 [s3@group-5D589E31C35B-LeaderElection2] INFO  server.RaftServerConfigKeys (ConfUtils.java:logGet(46)) - raft.server.write.follower.gap.ratio.max = -1.0 (default)
2022-11-08 19:11:18,127 [s3@group-5D589E31C35B-LeaderElection2] INFO  server.RaftServerConfigKeys (ConfUtils.java:logGet(46)) - raft.server.log.appender.snapshot.chunk.size.max = 16MB (=16777216) (default)
2022-11-08 19:11:18,127 [s3@group-5D589E31C35B-LeaderElection2] INFO  server.RaftServerConfigKeys (ConfUtils.java:logGet(46)) - raft.server.log.appender.buffer.byte-limit = 4MB (=4194304) (default)
2022-11-08 19:11:18,127 [s3@group-5D589E31C35B-LeaderElection2] INFO  server.RaftServerConfigKeys (ConfUtils.java:logGet(46)) - raft.server.log.appender.buffer.element-limit = 0 (default)
2022-11-08 19:11:18,127 [s3@group-5D589E31C35B-LeaderElection2] INFO  server.RaftServerConfigKeys (ConfUtils.java:logGet(46)) - raft.server.log.appender.snapshot.chunk.size.max = 16MB (=16777216) (default)
2022-11-08 19:11:18,127 [s3@group-5D589E31C35B-LeaderElection2] INFO  server.RaftServerConfigKeys (ConfUtils.java:logGet(46)) - raft.server.log.appender.buffer.byte-limit = 4MB (=4194304) (default)
2022-11-08 19:11:18,127 [s3@group-5D589E31C35B-LeaderElection2] INFO  server.RaftServerConfigKeys (ConfUtils.java:logGet(46)) - raft.server.log.appender.buffer.element-limit = 0 (default)
2022-11-08 19:11:18,127 [s3@group-5D589E31C35B-LeaderElection2] INFO  server.RaftServerConfigKeys (ConfUtils.java:logGet(46)) - raft.server.log.appender.snapshot.chunk.size.max = 16MB (=16777216) (default)
2022-11-08 19:11:18,128 [s3@group-5D589E31C35B-LeaderElection2] INFO  server.RaftServerConfigKeys (ConfUtils.java:logGet(46)) - raft.server.log.appender.buffer.byte-limit = 4MB (=4194304) (default)
2022-11-08 19:11:18,128 [s3@group-5D589E31C35B-LeaderElection2] INFO  server.RaftServerConfigKeys (ConfUtils.java:logGet(46)) - raft.server.log.appender.buffer.element-limit = 0 (default)
2022-11-08 19:11:18,128 [s3@group-5D589E31C35B-LeaderElection2] INFO  server.RaftServerConfigKeys (ConfUtils.java:logGet(46)) - raft.server.log.appender.snapshot.chunk.size.max = 16MB (=16777216) (default)
2022-11-08 19:11:18,128 [s3@group-5D589E31C35B-LeaderElection2] INFO  server.RaftServerConfigKeys (ConfUtils.java:logGet(46)) - raft.server.log.appender.buffer.byte-limit = 4MB (=4194304) (default)
2022-11-08 19:11:18,128 [s3@group-5D589E31C35B-LeaderElection2] INFO  server.RaftServerConfigKeys (ConfUtils.java:logGet(46)) - raft.server.log.appender.buffer.element-limit = 0 (default)
2022-11-08 19:11:18,128 [s3@group-5D589E31C35B-LeaderElection2] INFO  impl.RoleInfo (RoleInfo.java:updateAndGet(139)) - s3: start s3@group-5D589E31C35B-LeaderStateImpl
2022-11-08 19:11:18,129 [s3@group-5D589E31C35B-LeaderElection2] INFO  segmented.SegmentedRaftLogWorker (SegmentedRaftLogWorker.java:startLogSegment(431)) - s3@group-5D589E31C35B-SegmentedRaftLogWorker: Starting segment from index:0
2022-11-08 19:11:18,133 [HandlerDaemon-2] INFO  server.RaftServer$Division (ServerState.java:setLeader(259)) - s4@group-5D589E31C35B: change Leader from null to s3 at term 1 for appendEntries, leader elected after 257ms
2022-11-08 19:11:18,134 [HandlerDaemon-0] DEBUG server.RaftServer$Division (RaftServerImpl.java:logAppendEntries(1421)) - s4@group-5D589E31C35B: receive appendEntries(s3, 1, null, -1, true, commits:[s3:c-1, s4:c-1, s0:c-1, s1:c-1, s2:c-1], cId:28, entries: [(t:1, i:0), CONFIGURATIONENTRY(current:id: "s3"
address: "localhost:37653"
dataStreamAddress: "localhost:39669"
clientAddress: "localhost:42101"
adminAddress: "localhost:36015"
startupRole: FOLLOWER
,id: "s4"
address: "localhost:43189"
dataStreamAddress: "localhost:42297"
clientAddress: "localhost:33007"
adminAddress: "localhost:35299"
startupRole: FOLLOWER
,id: "s0"
address: "localhost:41893"
dataStreamAddress: "localhost:45101"
clientAddress: "localhost:41993"
adminAddress: "localhost:37625"
startupRole: FOLLOWER
,id: "s1"
address: "localhost:34273"
dataStreamAddress: "localhost:45605"
clientAddress: "localhost:35527"
adminAddress: "localhost:36031"
startupRole: FOLLOWER
,id: "s2"
address: "localhost:37305"
dataStreamAddress: "localhost:38773"
clientAddress: "localhost:45787"
adminAddress: "localhost:39781"
startupRole: FOLLOWER
, old:)]
2022-11-08 19:11:18,136 [HandlerDaemon-2] INFO  server.RaftServer$Division (ServerState.java:setLeader(259)) - s0@group-5D589E31C35B: change Leader from null to s3 at term 1 for appendEntries, leader elected after 251ms
2022-11-08 19:11:18,136 [HandlerDaemon-2] INFO  server.RaftServer$Division (ServerState.java:setLeader(259)) - s1@group-5D589E31C35B: change Leader from null to s3 at term 1 for appendEntries, leader elected after 247ms
2022-11-08 19:11:18,136 [s3@group-5D589E31C35B-SegmentedRaftLogWorker] INFO  segmented.SegmentedRaftLogWorker (SegmentedRaftLogWorker.java:execute(635)) - s3@group-5D589E31C35B-SegmentedRaftLogWorker: created new log segment /home/runner/work/ratis/ratis/ratis-test/target/test/data/57858a89/MiniRaftClusterWithSimulatedRpcd730cf0b/s3/e116aa7c-2c7b-4931-a82a-5d589e31c35b/current/log_inprogress_0
2022-11-08 19:11:18,142 [HandlerDaemon-0] INFO  server.RaftServer$Division (ServerState.java:setRaftConf(376)) - s4@group-5D589E31C35B: set configuration 0: peers:[s3|rpc:localhost:37653|admin:localhost:36015|client:localhost:42101|dataStream:localhost:39669|priority:0|startupRole:FOLLOWER, s4|rpc:localhost:43189|admin:localhost:35299|client:localhost:33007|dataStream:localhost:42297|priority:0|startupRole:FOLLOWER, s0|rpc:localhost:41893|admin:localhost:37625|client:localhost:41993|dataStream:localhost:45101|priority:0|startupRole:FOLLOWER, s1|rpc:localhost:34273|admin:localhost:36031|client:localhost:35527|dataStream:localhost:45605|priority:0|startupRole:FOLLOWER, s2|rpc:localhost:37305|admin:localhost:39781|client:localhost:45787|dataStream:localhost:38773|priority:0|startupRole:FOLLOWER]|listeners:[], old=null
2022-11-08 19:11:18,143 [HandlerDaemon-0] INFO  segmented.SegmentedRaftLogWorker (SegmentedRaftLogWorker.java:startLogSegment(431)) - s4@group-5D589E31C35B-SegmentedRaftLogWorker: Starting segment from index:0
2022-11-08 19:11:18,151 [HandlerDaemon-0] DEBUG server.RaftServer$Division (RaftServerImpl.java:logAppendEntries(1421)) - s1@group-5D589E31C35B: receive appendEntries(s3, 1, null, -1, true, commits:[s3:c-1, s4:c-1, s0:c-1, s1:c-1, s2:c-1], cId:31, entries: [(t:1, i:0), CONFIGURATIONENTRY(current:id: "s3"
address: "localhost:37653"
dataStreamAddress: "localhost:39669"
clientAddress: "localhost:42101"
adminAddress: "localhost:36015"
startupRole: FOLLOWER
,id: "s4"
address: "localhost:43189"
dataStreamAddress: "localhost:42297"
clientAddress: "localhost:33007"
adminAddress: "localhost:35299"
startupRole: FOLLOWER
,id: "s0"
address: "localhost:41893"
dataStreamAddress: "localhost:45101"
clientAddress: "localhost:41993"
adminAddress: "localhost:37625"
startupRole: FOLLOWER
,id: "s1"
address: "localhost:34273"
dataStreamAddress: "localhost:45605"
clientAddress: "localhost:35527"
adminAddress: "localhost:36031"
startupRole: FOLLOWER
,id: "s2"
address: "localhost:37305"
dataStreamAddress: "localhost:38773"
clientAddress: "localhost:45787"
adminAddress: "localhost:39781"
startupRole: FOLLOWER
, old:)]
2022-11-08 19:11:18,151 [s3@group-5D589E31C35B-LeaderElection2] INFO  server.RaftServer$Division (ServerState.java:setRaftConf(376)) - s3@group-5D589E31C35B: set configuration 0: peers:[s3|rpc:localhost:37653|admin:localhost:36015|client:localhost:42101|dataStream:localhost:39669|priority:0|startupRole:FOLLOWER, s4|rpc:localhost:43189|admin:localhost:35299|client:localhost:33007|dataStream:localhost:42297|priority:0|startupRole:FOLLOWER, s0|rpc:localhost:41893|admin:localhost:37625|client:localhost:41993|dataStream:localhost:45101|priority:0|startupRole:FOLLOWER, s1|rpc:localhost:34273|admin:localhost:36031|client:localhost:35527|dataStream:localhost:45605|priority:0|startupRole:FOLLOWER, s2|rpc:localhost:37305|admin:localhost:39781|client:localhost:45787|dataStream:localhost:38773|priority:0|startupRole:FOLLOWER]|listeners:[], old=null
2022-11-08 19:11:18,152 [HandlerDaemon-0] DEBUG server.RaftServer$Division (RaftServerImpl.java:logAppendEntries(1421)) - s0@group-5D589E31C35B: receive appendEntries(s3, 1, null, -1, true, commits:[s3:c-1, s4:c-1, s0:c-1, s1:c-1, s2:c-1], cId:32, entries: [(t:1, i:0), CONFIGURATIONENTRY(current:id: "s3"
address: "localhost:37653"
dataStreamAddress: "localhost:39669"
clientAddress: "localhost:42101"
adminAddress: "localhost:36015"
startupRole: FOLLOWER
,id: "s4"
address: "localhost:43189"
dataStreamAddress: "localhost:42297"
clientAddress: "localhost:33007"
adminAddress: "localhost:35299"
startupRole: FOLLOWER
,id: "s0"
address: "localhost:41893"
dataStreamAddress: "localhost:45101"
clientAddress: "localhost:41993"
adminAddress: "localhost:37625"
startupRole: FOLLOWER
,id: "s1"
address: "localhost:34273"
dataStreamAddress: "localhost:45605"
clientAddress: "localhost:35527"
adminAddress: "localhost:36031"
startupRole: FOLLOWER
,id: "s2"
address: "localhost:37305"
dataStreamAddress: "localhost:38773"
clientAddress: "localhost:45787"
adminAddress: "localhost:39781"
startupRole: FOLLOWER
, old:)]
2022-11-08 19:11:18,152 [s4@group-5D589E31C35B-SegmentedRaftLogWorker] INFO  segmented.SegmentedRaftLogWorker (SegmentedRaftLogWorker.java:execute(635)) - s4@group-5D589E31C35B-SegmentedRaftLogWorker: created new log segment /home/runner/work/ratis/ratis/ratis-test/target/test/data/57858a89/MiniRaftClusterWithSimulatedRpcd730cf0b/s4/e116aa7c-2c7b-4931-a82a-5d589e31c35b/current/log_inprogress_0
2022-11-08 19:11:18,154 [s4-server-thread1] DEBUG server.RaftServer$Division (RaftServerImpl.java:logAppendEntries(1421)) - s4@group-5D589E31C35B: succeeded to handle AppendEntries. Reply: s3<-s4#28:OK-t1,SUCCESS,nextIndex=1,followerCommit=-1,matchIndex=0
2022-11-08 19:11:18,154 [HandlerDaemon-0] INFO  server.RaftServer$Division (ServerState.java:setRaftConf(376)) - s1@group-5D589E31C35B: set configuration 0: peers:[s3|rpc:localhost:37653|admin:localhost:36015|client:localhost:42101|dataStream:localhost:39669|priority:0|startupRole:FOLLOWER, s4|rpc:localhost:43189|admin:localhost:35299|client:localhost:33007|dataStream:localhost:42297|priority:0|startupRole:FOLLOWER, s0|rpc:localhost:41893|admin:localhost:37625|client:localhost:41993|dataStream:localhost:45101|priority:0|startupRole:FOLLOWER, s1|rpc:localhost:34273|admin:localhost:36031|client:localhost:35527|dataStream:localhost:45605|priority:0|startupRole:FOLLOWER, s2|rpc:localhost:37305|admin:localhost:39781|client:localhost:45787|dataStream:localhost:38773|priority:0|startupRole:FOLLOWER]|listeners:[], old=null
2022-11-08 19:11:18,155 [HandlerDaemon-0] INFO  segmented.SegmentedRaftLogWorker (SegmentedRaftLogWorker.java:startLogSegment(431)) - s1@group-5D589E31C35B-SegmentedRaftLogWorker: Starting segment from index:0
2022-11-08 19:11:18,156 [HandlerDaemon-0] INFO  server.RaftServer$Division (ServerState.java:setRaftConf(376)) - s0@group-5D589E31C35B: set configuration 0: peers:[s3|rpc:localhost:37653|admin:localhost:36015|client:localhost:42101|dataStream:localhost:39669|priority:0|startupRole:FOLLOWER, s4|rpc:localhost:43189|admin:localhost:35299|client:localhost:33007|dataStream:localhost:42297|priority:0|startupRole:FOLLOWER, s0|rpc:localhost:41893|admin:localhost:37625|client:localhost:41993|dataStream:localhost:45101|priority:0|startupRole:FOLLOWER, s1|rpc:localhost:34273|admin:localhost:36031|client:localhost:35527|dataStream:localhost:45605|priority:0|startupRole:FOLLOWER, s2|rpc:localhost:37305|admin:localhost:39781|client:localhost:45787|dataStream:localhost:38773|priority:0|startupRole:FOLLOWER]|listeners:[], old=null
2022-11-08 19:11:18,156 [HandlerDaemon-0] INFO  segmented.SegmentedRaftLogWorker (SegmentedRaftLogWorker.java:startLogSegment(431)) - s0@group-5D589E31C35B-SegmentedRaftLogWorker: Starting segment from index:0
2022-11-08 19:11:18,156 [HandlerDaemon-2] INFO  server.RaftServer$Division (ServerState.java:setLeader(259)) - s2@group-5D589E31C35B: change Leader from null to s3 at term 1 for appendEntries, leader elected after 254ms
2022-11-08 19:11:18,163 [HandlerDaemon-0] DEBUG server.RaftServer$Division (RaftServerImpl.java:logAppendEntries(1421)) - s2@group-5D589E31C35B: receive appendEntries(s3, 1, null, 0, true, commits:[s3:c0, s4:c-1, s0:c-1, s1:c-1, s2:c-1], cId:35, entries: [(t:1, i:0), CONFIGURATIONENTRY(current:id: "s3"
address: "localhost:37653"
dataStreamAddress: "localhost:39669"
clientAddress: "localhost:42101"
adminAddress: "localhost:36015"
startupRole: FOLLOWER
,id: "s4"
address: "localhost:43189"
dataStreamAddress: "localhost:42297"
clientAddress: "localhost:33007"
adminAddress: "localhost:35299"
startupRole: FOLLOWER
,id: "s0"
address: "localhost:41893"
dataStreamAddress: "localhost:45101"
clientAddress: "localhost:41993"
adminAddress: "localhost:37625"
startupRole: FOLLOWER
,id: "s1"
address: "localhost:34273"
dataStreamAddress: "localhost:45605"
clientAddress: "localhost:35527"
adminAddress: "localhost:36031"
startupRole: FOLLOWER
,id: "s2"
address: "localhost:37305"
dataStreamAddress: "localhost:38773"
clientAddress: "localhost:45787"
adminAddress: "localhost:39781"
startupRole: FOLLOWER
, old:)]
2022-11-08 19:11:18,163 [HandlerDaemon-0] INFO  server.RaftServer$Division (ServerState.java:setRaftConf(376)) - s2@group-5D589E31C35B: set configuration 0: peers:[s3|rpc:localhost:37653|admin:localhost:36015|client:localhost:42101|dataStream:localhost:39669|priority:0|startupRole:FOLLOWER, s4|rpc:localhost:43189|admin:localhost:35299|client:localhost:33007|dataStream:localhost:42297|priority:0|startupRole:FOLLOWER, s0|rpc:localhost:41893|admin:localhost:37625|client:localhost:41993|dataStream:localhost:45101|priority:0|startupRole:FOLLOWER, s1|rpc:localhost:34273|admin:localhost:36031|client:localhost:35527|dataStream:localhost:45605|priority:0|startupRole:FOLLOWER, s2|rpc:localhost:37305|admin:localhost:39781|client:localhost:45787|dataStream:localhost:38773|priority:0|startupRole:FOLLOWER]|listeners:[], old=null
2022-11-08 19:11:18,164 [HandlerDaemon-0] INFO  segmented.SegmentedRaftLogWorker (SegmentedRaftLogWorker.java:startLogSegment(431)) - s2@group-5D589E31C35B-SegmentedRaftLogWorker: Starting segment from index:0
2022-11-08 19:11:18,167 [s0@group-5D589E31C35B-SegmentedRaftLogWorker] INFO  segmented.SegmentedRaftLogWorker (SegmentedRaftLogWorker.java:execute(635)) - s0@group-5D589E31C35B-SegmentedRaftLogWorker: created new log segment /home/runner/work/ratis/ratis/ratis-test/target/test/data/57858a89/MiniRaftClusterWithSimulatedRpcd730cf0b/s0/e116aa7c-2c7b-4931-a82a-5d589e31c35b/current/log_inprogress_0
2022-11-08 19:11:18,168 [s1@group-5D589E31C35B-SegmentedRaftLogWorker] INFO  segmented.SegmentedRaftLogWorker (SegmentedRaftLogWorker.java:execute(635)) - s1@group-5D589E31C35B-SegmentedRaftLogWorker: created new log segment /home/runner/work/ratis/ratis/ratis-test/target/test/data/57858a89/MiniRaftClusterWithSimulatedRpcd730cf0b/s1/e116aa7c-2c7b-4931-a82a-5d589e31c35b/current/log_inprogress_0
2022-11-08 19:11:18,170 [s1-server-thread1] DEBUG server.RaftServer$Division (RaftServerImpl.java:logAppendEntries(1421)) - s1@group-5D589E31C35B: succeeded to handle AppendEntries. Reply: s3<-s1#31:OK-t1,SUCCESS,nextIndex=1,followerCommit=-1,matchIndex=0
2022-11-08 19:11:18,175 [s0-server-thread1] DEBUG server.RaftServer$Division (RaftServerImpl.java:logAppendEntries(1421)) - s0@group-5D589E31C35B: succeeded to handle AppendEntries. Reply: s3<-s0#32:OK-t1,SUCCESS,nextIndex=1,followerCommit=-1,matchIndex=0
2022-11-08 19:11:18,175 [s2@group-5D589E31C35B-SegmentedRaftLogWorker] INFO  segmented.SegmentedRaftLogWorker (SegmentedRaftLogWorker.java:execute(635)) - s2@group-5D589E31C35B-SegmentedRaftLogWorker: created new log segment /home/runner/work/ratis/ratis/ratis-test/target/test/data/57858a89/MiniRaftClusterWithSimulatedRpcd730cf0b/s2/e116aa7c-2c7b-4931-a82a-5d589e31c35b/current/log_inprogress_0
2022-11-08 19:11:18,177 [s2-server-thread1] DEBUG server.RaftServer$Division (RaftServerImpl.java:logAppendEntries(1421)) - s2@group-5D589E31C35B: succeeded to handle AppendEntries. Reply: s3<-s2#35:OK-t1,SUCCESS,nextIndex=1,followerCommit=0,matchIndex=0
2022-11-08 19:11:18,409 [Time-limited test] INFO  ratis.RaftTestUtil (RaftTestUtil.java:waitForLeader(119)) - printing ALL groups
  s3:  RUNNING    LEADER s3@group-5D589E31C35B:t1, leader=s3, voted=s3, raftlog=Memoized:s3@group-5D589E31C35B-SegmentedRaftLog:OPENED:c0, conf=0: peers:[s3|rpc:localhost:37653|admin:localhost:36015|client:localhost:42101|dataStream:localhost:39669|priority:0|startupRole:FOLLOWER, s4|rpc:localhost:43189|admin:localhost:35299|client:localhost:33007|dataStream:localhost:42297|priority:0|startupRole:FOLLOWER, s0|rpc:localhost:41893|admin:localhost:37625|client:localhost:41993|dataStream:localhost:45101|priority:0|startupRole:FOLLOWER, s1|rpc:localhost:34273|admin:localhost:36031|client:localhost:35527|dataStream:localhost:45605|priority:0|startupRole:FOLLOWER, s2|rpc:localhost:37305|admin:localhost:39781|client:localhost:45787|dataStream:localhost:38773|priority:0|startupRole:FOLLOWER]|listeners:[], old=null RUNNING
  s4:  RUNNING  FOLLOWER s4@group-5D589E31C35B:t1, leader=s3, voted=s3, raftlog=Memoized:s4@group-5D589E31C35B-SegmentedRaftLog:OPENED:c0, conf=0: peers:[s3|rpc:localhost:37653|admin:localhost:36015|client:localhost:42101|dataStream:localhost:39669|priority:0|startupRole:FOLLOWER, s4|rpc:localhost:43189|admin:localhost:35299|client:localhost:33007|dataStream:localhost:42297|priority:0|startupRole:FOLLOWER, s0|rpc:localhost:41893|admin:localhost:37625|client:localhost:41993|dataStream:localhost:45101|priority:0|startupRole:FOLLOWER, s1|rpc:localhost:34273|admin:localhost:36031|client:localhost:35527|dataStream:localhost:45605|priority:0|startupRole:FOLLOWER, s2|rpc:localhost:37305|admin:localhost:39781|client:localhost:45787|dataStream:localhost:38773|priority:0|startupRole:FOLLOWER]|listeners:[], old=null RUNNING
  s0:  RUNNING  FOLLOWER s0@group-5D589E31C35B:t1, leader=s3, voted=s3, raftlog=Memoized:s0@group-5D589E31C35B-SegmentedRaftLog:OPENED:c0, conf=0: peers:[s3|rpc:localhost:37653|admin:localhost:36015|client:localhost:42101|dataStream:localhost:39669|priority:0|startupRole:FOLLOWER, s4|rpc:localhost:43189|admin:localhost:35299|client:localhost:33007|dataStream:localhost:42297|priority:0|startupRole:FOLLOWER, s0|rpc:localhost:41893|admin:localhost:37625|client:localhost:41993|dataStream:localhost:45101|priority:0|startupRole:FOLLOWER, s1|rpc:localhost:34273|admin:localhost:36031|client:localhost:35527|dataStream:localhost:45605|priority:0|startupRole:FOLLOWER, s2|rpc:localhost:37305|admin:localhost:39781|client:localhost:45787|dataStream:localhost:38773|priority:0|startupRole:FOLLOWER]|listeners:[], old=null RUNNING
  s1:  RUNNING  FOLLOWER s1@group-5D589E31C35B:t1, leader=s3, voted=s3, raftlog=Memoized:s1@group-5D589E31C35B-SegmentedRaftLog:OPENED:c0, conf=0: peers:[s3|rpc:localhost:37653|admin:localhost:36015|client:localhost:42101|dataStream:localhost:39669|priority:0|startupRole:FOLLOWER, s4|rpc:localhost:43189|admin:localhost:35299|client:localhost:33007|dataStream:localhost:42297|priority:0|startupRole:FOLLOWER, s0|rpc:localhost:41893|admin:localhost:37625|client:localhost:41993|dataStream:localhost:45101|priority:0|startupRole:FOLLOWER, s1|rpc:localhost:34273|admin:localhost:36031|client:localhost:35527|dataStream:localhost:45605|priority:0|startupRole:FOLLOWER, s2|rpc:localhost:37305|admin:localhost:39781|client:localhost:45787|dataStream:localhost:38773|priority:0|startupRole:FOLLOWER]|listeners:[], old=null RUNNING
  s2:  RUNNING  FOLLOWER s2@group-5D589E31C35B:t1, leader=s3, voted=s3, raftlog=Memoized:s2@group-5D589E31C35B-SegmentedRaftLog:OPENED:c0, conf=0: peers:[s3|rpc:localhost:37653|admin:localhost:36015|client:localhost:42101|dataStream:localhost:39669|priority:0|startupRole:FOLLOWER, s4|rpc:localhost:43189|admin:localhost:35299|client:localhost:33007|dataStream:localhost:42297|priority:0|startupRole:FOLLOWER, s0|rpc:localhost:41893|admin:localhost:37625|client:localhost:41993|dataStream:localhost:45101|priority:0|startupRole:FOLLOWER, s1|rpc:localhost:34273|admin:localhost:36031|client:localhost:35527|dataStream:localhost:45605|priority:0|startupRole:FOLLOWER, s2|rpc:localhost:37305|admin:localhost:39781|client:localhost:45787|dataStream:localhost:38773|priority:0|startupRole:FOLLOWER]|listeners:[], old=null RUNNING
2022-11-08 19:11:18,409 [Time-limited test] INFO  simulation.TestLeaderElectionWithSimulatedRpc (LeaderElectionTests.java:testEnforceLeader(278)) - firstLeader = s3
2022-11-08 19:11:18,409 [Time-limited test] INFO  simulation.TestLeaderElectionWithSimulatedRpc (LeaderElectionTests.java:testEnforceLeader(283)) - enforce leader to s2
2022-11-08 19:11:18,410 [Time-limited test] INFO  simulation.TestLeaderElectionWithSimulatedRpc (LeaderElectionTests.java:enforceLeader(289)) - printing ALL groups
  s3:  RUNNING    LEADER s3@group-5D589E31C35B:t1, leader=s3, voted=s3, raftlog=Memoized:s3@group-5D589E31C35B-SegmentedRaftLog:OPENED:c0, conf=0: peers:[s3|rpc:localhost:37653|admin:localhost:36015|client:localhost:42101|dataStream:localhost:39669|priority:0|startupRole:FOLLOWER, s4|rpc:localhost:43189|admin:localhost:35299|client:localhost:33007|dataStream:localhost:42297|priority:0|startupRole:FOLLOWER, s0|rpc:localhost:41893|admin:localhost:37625|client:localhost:41993|dataStream:localhost:45101|priority:0|startupRole:FOLLOWER, s1|rpc:localhost:34273|admin:localhost:36031|client:localhost:35527|dataStream:localhost:45605|priority:0|startupRole:FOLLOWER, s2|rpc:localhost:37305|admin:localhost:39781|client:localhost:45787|dataStream:localhost:38773|priority:0|startupRole:FOLLOWER]|listeners:[], old=null RUNNING
  s4:  RUNNING  FOLLOWER s4@group-5D589E31C35B:t1, leader=s3, voted=s3, raftlog=Memoized:s4@group-5D589E31C35B-SegmentedRaftLog:OPENED:c0, conf=0: peers:[s3|rpc:localhost:37653|admin:localhost:36015|client:localhost:42101|dataStream:localhost:39669|priority:0|startupRole:FOLLOWER, s4|rpc:localhost:43189|admin:localhost:35299|client:localhost:33007|dataStream:localhost:42297|priority:0|startupRole:FOLLOWER, s0|rpc:localhost:41893|admin:localhost:37625|client:localhost:41993|dataStream:localhost:45101|priority:0|startupRole:FOLLOWER, s1|rpc:localhost:34273|admin:localhost:36031|client:localhost:35527|dataStream:localhost:45605|priority:0|startupRole:FOLLOWER, s2|rpc:localhost:37305|admin:localhost:39781|client:localhost:45787|dataStream:localhost:38773|priority:0|startupRole:FOLLOWER]|listeners:[], old=null RUNNING
  s0:  RUNNING  FOLLOWER s0@group-5D589E31C35B:t1, leader=s3, voted=s3, raftlog=Memoized:s0@group-5D589E31C35B-SegmentedRaftLog:OPENED:c0, conf=0: peers:[s3|rpc:localhost:37653|admin:localhost:36015|client:localhost:42101|dataStream:localhost:39669|priority:0|startupRole:FOLLOWER, s4|rpc:localhost:43189|admin:localhost:35299|client:localhost:33007|dataStream:localhost:42297|priority:0|startupRole:FOLLOWER, s0|rpc:localhost:41893|admin:localhost:37625|client:localhost:41993|dataStream:localhost:45101|priority:0|startupRole:FOLLOWER, s1|rpc:localhost:34273|admin:localhost:36031|client:localhost:35527|dataStream:localhost:45605|priority:0|startupRole:FOLLOWER, s2|rpc:localhost:37305|admin:localhost:39781|client:localhost:45787|dataStream:localhost:38773|priority:0|startupRole:FOLLOWER]|listeners:[], old=null RUNNING
  s1:  RUNNING  FOLLOWER s1@group-5D589E31C35B:t1, leader=s3, voted=s3, raftlog=Memoized:s1@group-5D589E31C35B-SegmentedRaftLog:OPENED:c0, conf=0: peers:[s3|rpc:localhost:37653|admin:localhost:36015|client:localhost:42101|dataStream:localhost:39669|priority:0|startupRole:FOLLOWER, s4|rpc:localhost:43189|admin:localhost:35299|client:localhost:33007|dataStream:localhost:42297|priority:0|startupRole:FOLLOWER, s0|rpc:localhost:41893|admin:localhost:37625|client:localhost:41993|dataStream:localhost:45101|priority:0|startupRole:FOLLOWER, s1|rpc:localhost:34273|admin:localhost:36031|client:localhost:35527|dataStream:localhost:45605|priority:0|startupRole:FOLLOWER, s2|rpc:localhost:37305|admin:localhost:39781|client:localhost:45787|dataStream:localhost:38773|priority:0|startupRole:FOLLOWER]|listeners:[], old=null RUNNING
  s2:  RUNNING  FOLLOWER s2@group-5D589E31C35B:t1, leader=s3, voted=s3, raftlog=Memoized:s2@group-5D589E31C35B-SegmentedRaftLog:OPENED:c0, conf=0: peers:[s3|rpc:localhost:37653|admin:localhost:36015|client:localhost:42101|dataStream:localhost:39669|priority:0|startupRole:FOLLOWER, s4|rpc:localhost:43189|admin:localhost:35299|client:localhost:33007|dataStream:localhost:42297|priority:0|startupRole:FOLLOWER, s0|rpc:localhost:41893|admin:localhost:37625|client:localhost:41993|dataStream:localhost:45101|priority:0|startupRole:FOLLOWER, s1|rpc:localhost:34273|admin:localhost:36031|client:localhost:35527|dataStream:localhost:45605|priority:0|startupRole:FOLLOWER, s2|rpc:localhost:37305|admin:localhost:39781|client:localhost:45787|dataStream:localhost:38773|priority:0|startupRole:FOLLOWER]|listeners:[], old=null RUNNING
2022-11-08 19:11:18,411 [Time-limited test] INFO  server.RaftServerConfigKeys (ConfUtils.java:logGet(46)) - raft.server.rpc.timeout.max = 300ms (default)
2022-11-08 19:11:18,623 [s0@group-5D589E31C35B-FollowerState] INFO  impl.FollowerState (FollowerState.java:run(143)) - s0@group-5D589E31C35B-FollowerState: change to CANDIDATE, lastRpcElapsedTime:220097261ns, electionTimeout:164ms
2022-11-08 19:11:18,623 [s0@group-5D589E31C35B-FollowerState] INFO  impl.RoleInfo (RoleInfo.java:shutdownFollowerState(110)) - s0: shutdown s0@group-5D589E31C35B-FollowerState
2022-11-08 19:11:18,623 [s0@group-5D589E31C35B-FollowerState] INFO  server.RaftServer$Division (RaftServerImpl.java:setRole(325)) - s0@group-5D589E31C35B: changes role from  FOLLOWER to CANDIDATE at term 1 for changeToCandidate
2022-11-08 19:11:18,623 [s0@group-5D589E31C35B-FollowerState] INFO  server.RaftServerConfigKeys (ConfUtils.java:logGet(46)) - raft.server.leaderelection.pre-vote = true (default)
2022-11-08 19:11:18,623 [s0@group-5D589E31C35B-FollowerState] INFO  impl.RoleInfo (RoleInfo.java:updateAndGet(139)) - s0: start s0@group-5D589E31C35B-LeaderElection3
2022-11-08 19:11:18,623 [s0@group-5D589E31C35B-LeaderElection3] INFO  server.RaftServer$Division (ServerState.java:setLeader(259)) - s0@group-5D589E31C35B: change Leader from s3 to null at term 1 for PRE_VOTE
2022-11-08 19:11:18,624 [s0@group-5D589E31C35B-LeaderElection3] INFO  impl.LeaderElection (LeaderElection.java:askForVotes(309)) - s0@group-5D589E31C35B-LeaderElection3 PRE_VOTE round 0: submit vote requests at term 1 for 0: peers:[s3|rpc:localhost:37653|admin:localhost:36015|client:localhost:42101|dataStream:localhost:39669|priority:0|startupRole:FOLLOWER, s4|rpc:localhost:43189|admin:localhost:35299|client:localhost:33007|dataStream:localhost:42297|priority:0|startupRole:FOLLOWER, s0|rpc:localhost:41893|admin:localhost:37625|client:localhost:41993|dataStream:localhost:45101|priority:0|startupRole:FOLLOWER, s1|rpc:localhost:34273|admin:localhost:36031|client:localhost:35527|dataStream:localhost:45605|priority:0|startupRole:FOLLOWER, s2|rpc:localhost:37305|admin:localhost:39781|client:localhost:45787|dataStream:localhost:38773|priority:0|startupRole:FOLLOWER]|listeners:[], old=null
2022-11-08 19:11:18,628 [HandlerDaemon-1] INFO  server.RaftServer$Division (RaftServerImpl.java:setRole(325)) - s0@group-5D589E31C35B: changes role from CANDIDATE to FOLLOWER at term 1 for appendEntries
2022-11-08 19:11:18,628 [HandlerDaemon-1] INFO  impl.RoleInfo (RoleInfo.java:shutdownLeaderElection(130)) - s0: shutdown s0@group-5D589E31C35B-LeaderElection3
2022-11-08 19:11:18,628 [HandlerDaemon-1] INFO  impl.RoleInfo (RoleInfo.java:updateAndGet(139)) - s0: start s0@group-5D589E31C35B-FollowerState
2022-11-08 19:11:18,628 [HandlerDaemon-1] INFO  server.RaftServer$Division (ServerState.java:setLeader(259)) - s0@group-5D589E31C35B: change Leader from null to s3 at term 1 for appendEntries, leader elected after 4ms
2022-11-08 19:11:18,774 [HandlerDaemon-0] INFO  server.RaftServer$Division (RaftServerImpl.java:requestVote(1294)) - s3@group-5D589E31C35B: receive requestVote(PRE_VOTE, s0, group-5D589E31C35B, 1, (t:1, i:0))
2022-11-08 19:11:18,775 [HandlerDaemon-2] INFO  server.RaftServer$Division (RaftServerImpl.java:requestVote(1294)) - s1@group-5D589E31C35B: receive requestVote(PRE_VOTE, s0, group-5D589E31C35B, 1, (t:1, i:0))
2022-11-08 19:11:18,775 [HandlerDaemon-0] INFO  impl.VoteContext (VoteContext.java:log(49)) - s3@group-5D589E31C35B-LEADER: reject PRE_VOTE from s0: this server is the leader and still has leadership
2022-11-08 19:11:18,775 [HandlerDaemon-0] INFO  server.RaftServer$Division (RaftServerImpl.java:requestVote(1327)) - s3@group-5D589E31C35B replies to PRE_VOTE vote request: s0<-s3#0:FAIL-t1. Peer's state: s3@group-5D589E31C35B:t1, leader=s3, voted=s3, raftlog=Memoized:s3@group-5D589E31C35B-SegmentedRaftLog:OPENED:c0, conf=0: peers:[s3|rpc:localhost:37653|admin:localhost:36015|client:localhost:42101|dataStream:localhost:39669|priority:0|startupRole:FOLLOWER, s4|rpc:localhost:43189|admin:localhost:35299|client:localhost:33007|dataStream:localhost:42297|priority:0|startupRole:FOLLOWER, s0|rpc:localhost:41893|admin:localhost:37625|client:localhost:41993|dataStream:localhost:45101|priority:0|startupRole:FOLLOWER, s1|rpc:localhost:34273|admin:localhost:36031|client:localhost:35527|dataStream:localhost:45605|priority:0|startupRole:FOLLOWER, s2|rpc:localhost:37305|admin:localhost:39781|client:localhost:45787|dataStream:localhost:38773|priority:0|startupRole:FOLLOWER]|listeners:[], old=null
2022-11-08 19:11:18,774 [HandlerDaemon-2] INFO  server.RaftServer$Division (RaftServerImpl.java:requestVote(1294)) - s4@group-5D589E31C35B: receive requestVote(PRE_VOTE, s0, group-5D589E31C35B, 1, (t:1, i:0))
2022-11-08 19:11:18,775 [HandlerDaemon-2] INFO  impl.VoteContext (VoteContext.java:log(49)) - s4@group-5D589E31C35B-FOLLOWER: accept PRE_VOTE from s0: our priority 0 <= candidate's priority 0
2022-11-08 19:11:18,775 [HandlerDaemon-2] INFO  server.RaftServer$Division (RaftServerImpl.java:requestVote(1327)) - s4@group-5D589E31C35B replies to PRE_VOTE vote request: s0<-s4#0:OK-t1. Peer's state: s4@group-5D589E31C35B:t1, leader=s3, voted=s3, raftlog=Memoized:s4@group-5D589E31C35B-SegmentedRaftLog:OPENED:c0, conf=0: peers:[s3|rpc:localhost:37653|admin:localhost:36015|client:localhost:42101|dataStream:localhost:39669|priority:0|startupRole:FOLLOWER, s4|rpc:localhost:43189|admin:localhost:35299|client:localhost:33007|dataStream:localhost:42297|priority:0|startupRole:FOLLOWER, s0|rpc:localhost:41893|admin:localhost:37625|client:localhost:41993|dataStream:localhost:45101|priority:0|startupRole:FOLLOWER, s1|rpc:localhost:34273|admin:localhost:36031|client:localhost:35527|dataStream:localhost:45605|priority:0|startupRole:FOLLOWER, s2|rpc:localhost:37305|admin:localhost:39781|client:localhost:45787|dataStream:localhost:38773|priority:0|startupRole:FOLLOWER]|listeners:[], old=null
2022-11-08 19:11:18,775 [HandlerDaemon-2] INFO  impl.VoteContext (VoteContext.java:log(49)) - s1@group-5D589E31C35B-FOLLOWER: accept PRE_VOTE from s0: our priority 0 <= candidate's priority 0
2022-11-08 19:11:18,775 [HandlerDaemon-2] INFO  server.RaftServer$Division (RaftServerImpl.java:requestVote(1327)) - s1@group-5D589E31C35B replies to PRE_VOTE vote request: s0<-s1#0:OK-t1. Peer's state: s1@group-5D589E31C35B:t1, leader=s3, voted=s3, raftlog=Memoized:s1@group-5D589E31C35B-SegmentedRaftLog:OPENED:c0, conf=0: peers:[s3|rpc:localhost:37653|admin:localhost:36015|client:localhost:42101|dataStream:localhost:39669|priority:0|startupRole:FOLLOWER, s4|rpc:localhost:43189|admin:localhost:35299|client:localhost:33007|dataStream:localhost:42297|priority:0|startupRole:FOLLOWER, s0|rpc:localhost:41893|admin:localhost:37625|client:localhost:41993|dataStream:localhost:45101|priority:0|startupRole:FOLLOWER, s1|rpc:localhost:34273|admin:localhost:36031|client:localhost:35527|dataStream:localhost:45605|priority:0|startupRole:FOLLOWER, s2|rpc:localhost:37305|admin:localhost:39781|client:localhost:45787|dataStream:localhost:38773|priority:0|startupRole:FOLLOWER]|listeners:[], old=null
2022-11-08 19:11:18,775 [s0@group-5D589E31C35B-LeaderElection3] INFO  impl.LeaderElection (LeaderElection.java:logAndReturn(89)) - s0@group-5D589E31C35B-LeaderElection3: PRE_VOTE REJECTED received 1 response(s) and 0 exception(s):
2022-11-08 19:11:18,775 [s0@group-5D589E31C35B-LeaderElection3] INFO  impl.LeaderElection (LeaderElection.java:logAndReturn(93)) -   Response 0: s0<-s4#0:OK-t1
2022-11-08 19:11:18,776 [s0@group-5D589E31C35B-LeaderElection3] INFO  impl.LeaderElection (LeaderElection.java:askForVotes(311)) - s0@group-5D589E31C35B-LeaderElection3 PRE_VOTE round 0: result REJECTED
2022-11-08 19:11:18,861 [Time-limited test] INFO  server.RaftServerConfigKeys (ConfUtils.java:logGet(46)) - raft.server.rpc.timeout.max = 300ms (default)
2022-11-08 19:11:18,863 [s2@group-5D589E31C35B-FollowerState] INFO  impl.FollowerState (FollowerState.java:run(143)) - s2@group-5D589E31C35B-FollowerState: change to CANDIDATE, lastRpcElapsedTime:459255919ns, electionTimeout:209ms
2022-11-08 19:11:18,863 [s2@group-5D589E31C35B-FollowerState] INFO  impl.RoleInfo (RoleInfo.java:shutdownFollowerState(110)) - s2: shutdown s2@group-5D589E31C35B-FollowerState
2022-11-08 19:11:18,864 [s2@group-5D589E31C35B-FollowerState] INFO  server.RaftServer$Division (RaftServerImpl.java:setRole(325)) - s2@group-5D589E31C35B: changes role from  FOLLOWER to CANDIDATE at term 1 for changeToCandidate
2022-11-08 19:11:18,864 [s2@group-5D589E31C35B-FollowerState] INFO  server.RaftServerConfigKeys (ConfUtils.java:logGet(46)) - raft.server.leaderelection.pre-vote = true (default)
2022-11-08 19:11:18,864 [s2@group-5D589E31C35B-FollowerState] INFO  impl.RoleInfo (RoleInfo.java:updateAndGet(139)) - s2: start s2@group-5D589E31C35B-LeaderElection4
2022-11-08 19:11:18,864 [s2@group-5D589E31C35B-LeaderElection4] INFO  server.RaftServer$Division (ServerState.java:setLeader(259)) - s2@group-5D589E31C35B: change Leader from s3 to null at term 1 for PRE_VOTE
2022-11-08 19:11:18,864 [s2@group-5D589E31C35B-LeaderElection4] INFO  impl.LeaderElection (LeaderElection.java:askForVotes(309)) - s2@group-5D589E31C35B-LeaderElection4 PRE_VOTE round 0: submit vote requests at term 1 for 0: peers:[s3|rpc:localhost:37653|admin:localhost:36015|client:localhost:42101|dataStream:localhost:39669|priority:0|startupRole:FOLLOWER, s4|rpc:localhost:43189|admin:localhost:35299|client:localhost:33007|dataStream:localhost:42297|priority:0|startupRole:FOLLOWER, s0|rpc:localhost:41893|admin:localhost:37625|client:localhost:41993|dataStream:localhost:45101|priority:0|startupRole:FOLLOWER, s1|rpc:localhost:34273|admin:localhost:36031|client:localhost:35527|dataStream:localhost:45605|priority:0|startupRole:FOLLOWER, s2|rpc:localhost:37305|admin:localhost:39781|client:localhost:45787|dataStream:localhost:38773|priority:0|startupRole:FOLLOWER]|listeners:[], old=null
2022-11-08 19:11:18,865 [HandlerDaemon-1] INFO  server.RaftServer$Division (RaftServerImpl.java:requestVote(1294)) - s3@group-5D589E31C35B: receive requestVote(PRE_VOTE, s2, group-5D589E31C35B, 1, (t:1, i:0))
2022-11-08 19:11:18,865 [HandlerDaemon-1] INFO  impl.VoteContext (VoteContext.java:log(49)) - s3@group-5D589E31C35B-LEADER: reject PRE_VOTE from s2: this server is the leader and still has leadership
2022-11-08 19:11:18,865 [HandlerDaemon-1] INFO  server.RaftServer$Division (RaftServerImpl.java:requestVote(1327)) - s3@group-5D589E31C35B replies to PRE_VOTE vote request: s2<-s3#0:FAIL-t1. Peer's state: s3@group-5D589E31C35B:t1, leader=s3, voted=s3, raftlog=Memoized:s3@group-5D589E31C35B-SegmentedRaftLog:OPENED:c0, conf=0: peers:[s3|rpc:localhost:37653|admin:localhost:36015|client:localhost:42101|dataStream:localhost:39669|priority:0|startupRole:FOLLOWER, s4|rpc:localhost:43189|admin:localhost:35299|client:localhost:33007|dataStream:localhost:42297|priority:0|startupRole:FOLLOWER, s0|rpc:localhost:41893|admin:localhost:37625|client:localhost:41993|dataStream:localhost:45101|priority:0|startupRole:FOLLOWER, s1|rpc:localhost:34273|admin:localhost:36031|client:localhost:35527|dataStream:localhost:45605|priority:0|startupRole:FOLLOWER, s2|rpc:localhost:37305|admin:localhost:39781|client:localhost:45787|dataStream:localhost:38773|priority:0|startupRole:FOLLOWER]|listeners:[], old=null
2022-11-08 19:11:18,865 [HandlerDaemon-0] INFO  server.RaftServer$Division (RaftServerImpl.java:requestVote(1294)) - s0@group-5D589E31C35B: receive requestVote(PRE_VOTE, s2, group-5D589E31C35B, 1, (t:1, i:0))
2022-11-08 19:11:18,865 [HandlerDaemon-0] INFO  impl.VoteContext (VoteContext.java:log(49)) - s0@group-5D589E31C35B-FOLLOWER: reject PRE_VOTE from s2: this server is a follower and still has a valid leader s3
2022-11-08 19:11:18,865 [HandlerDaemon-0] INFO  server.RaftServer$Division (RaftServerImpl.java:requestVote(1327)) - s0@group-5D589E31C35B replies to PRE_VOTE vote request: s2<-s0#0:FAIL-t1. Peer's state: s0@group-5D589E31C35B:t1, leader=s3, voted=s3, raftlog=Memoized:s0@group-5D589E31C35B-SegmentedRaftLog:OPENED:c0, conf=0: peers:[s3|rpc:localhost:37653|admin:localhost:36015|client:localhost:42101|dataStream:localhost:39669|priority:0|startupRole:FOLLOWER, s4|rpc:localhost:43189|admin:localhost:35299|client:localhost:33007|dataStream:localhost:42297|priority:0|startupRole:FOLLOWER, s0|rpc:localhost:41893|admin:localhost:37625|client:localhost:41993|dataStream:localhost:45101|priority:0|startupRole:FOLLOWER, s1|rpc:localhost:34273|admin:localhost:36031|client:localhost:35527|dataStream:localhost:45605|priority:0|startupRole:FOLLOWER, s2|rpc:localhost:37305|admin:localhost:39781|client:localhost:45787|dataStream:localhost:38773|priority:0|startupRole:FOLLOWER]|listeners:[], old=null
2022-11-08 19:11:18,866 [HandlerDaemon-1] INFO  server.RaftServer$Division (RaftServerImpl.java:requestVote(1294)) - s4@group-5D589E31C35B: receive requestVote(PRE_VOTE, s2, group-5D589E31C35B, 1, (t:1, i:0))
2022-11-08 19:11:18,866 [HandlerDaemon-1] INFO  impl.VoteContext (VoteContext.java:log(49)) - s4@group-5D589E31C35B-FOLLOWER: reject PRE_VOTE from s2: this server is a follower and still has a valid leader s3
2022-11-08 19:11:18,866 [HandlerDaemon-1] INFO  server.RaftServer$Division (RaftServerImpl.java:requestVote(1327)) - s4@group-5D589E31C35B replies to PRE_VOTE vote request: s2<-s4#0:FAIL-t1. Peer's state: s4@group-5D589E31C35B:t1, leader=s3, voted=s3, raftlog=Memoized:s4@group-5D589E31C35B-SegmentedRaftLog:OPENED:c0, conf=0: peers:[s3|rpc:localhost:37653|admin:localhost:36015|client:localhost:42101|dataStream:localhost:39669|priority:0|startupRole:FOLLOWER, s4|rpc:localhost:43189|admin:localhost:35299|client:localhost:33007|dataStream:localhost:42297|priority:0|startupRole:FOLLOWER, s0|rpc:localhost:41893|admin:localhost:37625|client:localhost:41993|dataStream:localhost:45101|priority:0|startupRole:FOLLOWER, s1|rpc:localhost:34273|admin:localhost:36031|client:localhost:35527|dataStream:localhost:45605|priority:0|startupRole:FOLLOWER, s2|rpc:localhost:37305|admin:localhost:39781|client:localhost:45787|dataStream:localhost:38773|priority:0|startupRole:FOLLOWER]|listeners:[], old=null
2022-11-08 19:11:18,866 [s2@group-5D589E31C35B-LeaderElection4] INFO  impl.LeaderElection (LeaderElection.java:logAndReturn(89)) - s2@group-5D589E31C35B-LeaderElection4: PRE_VOTE REJECTED received 3 response(s) and 0 exception(s):
2022-11-08 19:11:18,866 [s2@group-5D589E31C35B-LeaderElection4] INFO  impl.LeaderElection (LeaderElection.java:logAndReturn(93)) -   Response 0: s2<-s3#0:FAIL-t1
2022-11-08 19:11:18,866 [s2@group-5D589E31C35B-LeaderElection4] INFO  impl.LeaderElection (LeaderElection.java:logAndReturn(93)) -   Response 1: s2<-s4#0:FAIL-t1
2022-11-08 19:11:18,866 [s2@group-5D589E31C35B-LeaderElection4] INFO  impl.LeaderElection (LeaderElection.java:logAndReturn(93)) -   Response 2: s2<-s0#0:FAIL-t1
2022-11-08 19:11:18,866 [s2@group-5D589E31C35B-LeaderElection4] INFO  impl.LeaderElection (LeaderElection.java:askForVotes(311)) - s2@group-5D589E31C35B-LeaderElection4 PRE_VOTE round 0: result REJECTED
2022-11-08 19:11:18,866 [s2@group-5D589E31C35B-LeaderElection4] INFO  server.RaftServer$Division (RaftServerImpl.java:setRole(325)) - s2@group-5D589E31C35B: changes role from CANDIDATE to FOLLOWER at term 1 for REJECTED
2022-11-08 19:11:18,866 [s2@group-5D589E31C35B-LeaderElection4] INFO  impl.RoleInfo (RoleInfo.java:shutdownLeaderElection(130)) - s2: shutdown s2@group-5D589E31C35B-LeaderElection4
2022-11-08 19:11:18,867 [s2@group-5D589E31C35B-LeaderElection4] INFO  impl.RoleInfo (RoleInfo.java:updateAndGet(139)) - s2: start s2@group-5D589E31C35B-FollowerState
2022-11-08 19:11:18,873 [HandlerDaemon-1] INFO  server.RaftServer$Division (RaftServerImpl.java:requestVote(1294)) - s1@group-5D589E31C35B: receive requestVote(PRE_VOTE, s2, group-5D589E31C35B, 1, (t:1, i:0))
2022-11-08 19:11:18,873 [HandlerDaemon-1] INFO  impl.VoteContext (VoteContext.java:log(49)) - s1@group-5D589E31C35B-FOLLOWER: reject PRE_VOTE from s2: this server is a follower and still has a valid leader s3
2022-11-08 19:11:18,873 [HandlerDaemon-1] INFO  server.RaftServer$Division (RaftServerImpl.java:requestVote(1327)) - s1@group-5D589E31C35B replies to PRE_VOTE vote request: s2<-s1#0:FAIL-t1. Peer's state: s1@group-5D589E31C35B:t1, leader=s3, voted=s3, raftlog=Memoized:s1@group-5D589E31C35B-SegmentedRaftLog:OPENED:c0, conf=0: peers:[s3|rpc:localhost:37653|admin:localhost:36015|client:localhost:42101|dataStream:localhost:39669|priority:0|startupRole:FOLLOWER, s4|rpc:localhost:43189|admin:localhost:35299|client:localhost:33007|dataStream:localhost:42297|priority:0|startupRole:FOLLOWER, s0|rpc:localhost:41893|admin:localhost:37625|client:localhost:41993|dataStream:localhost:45101|priority:0|startupRole:FOLLOWER, s1|rpc:localhost:34273|admin:localhost:36031|client:localhost:35527|dataStream:localhost:45605|priority:0|startupRole:FOLLOWER, s2|rpc:localhost:37305|admin:localhost:39781|client:localhost:45787|dataStream:localhost:38773|priority:0|startupRole:FOLLOWER]|listeners:[], old=null
2022-11-08 19:11:18,925 [HandlerDaemon-1] INFO  server.RaftServer$Division (RaftServerImpl.java:requestVote(1294)) - s2@group-5D589E31C35B: receive requestVote(PRE_VOTE, s0, group-5D589E31C35B, 1, (t:1, i:0))
2022-11-08 19:11:18,926 [HandlerDaemon-1] INFO  impl.VoteContext (VoteContext.java:log(49)) - s2@group-5D589E31C35B-FOLLOWER: accept PRE_VOTE from s0: our priority 0 <= candidate's priority 0
2022-11-08 19:11:18,926 [HandlerDaemon-1] INFO  server.RaftServer$Division (RaftServerImpl.java:requestVote(1327)) - s2@group-5D589E31C35B replies to PRE_VOTE vote request: s0<-s2#0:OK-t1. Peer's state: s2@group-5D589E31C35B:t1, leader=null, voted=s3, raftlog=Memoized:s2@group-5D589E31C35B-SegmentedRaftLog:OPENED:c0, conf=0: peers:[s3|rpc:localhost:37653|admin:localhost:36015|client:localhost:42101|dataStream:localhost:39669|priority:0|startupRole:FOLLOWER, s4|rpc:localhost:43189|admin:localhost:35299|client:localhost:33007|dataStream:localhost:42297|priority:0|startupRole:FOLLOWER, s0|rpc:localhost:41893|admin:localhost:37625|client:localhost:41993|dataStream:localhost:45101|priority:0|startupRole:FOLLOWER, s1|rpc:localhost:34273|admin:localhost:36031|client:localhost:35527|dataStream:localhost:45605|priority:0|startupRole:FOLLOWER, s2|rpc:localhost:37305|admin:localhost:39781|client:localhost:45787|dataStream:localhost:38773|priority:0|startupRole:FOLLOWER]|listeners:[], old=null
2022-11-08 19:11:19,080 [HandlerDaemon-2] INFO  server.RaftServer$Division (ServerState.java:setLeader(259)) - s2@group-5D589E31C35B: change Leader from null to s3 at term 1 for appendEntries, leader elected after 215ms
2022-11-08 19:11:19,312 [Time-limited test] INFO  simulation.TestLeaderElectionWithSimulatedRpc (LeaderElectionTests.java:enforceLeader(292)) - try enforcing leader to s2 but new leader is s3
2022-11-08 19:11:19,312 [Time-limited test] INFO  server.RaftServerConfigKeys (ConfUtils.java:logGet(46)) - raft.server.rpc.timeout.max = 300ms (default)
2022-11-08 19:11:19,600 [s2@group-5D589E31C35B-FollowerState] INFO  impl.FollowerState (FollowerState.java:run(143)) - s2@group-5D589E31C35B-FollowerState: change to CANDIDATE, lastRpcElapsedTime:293926049ns, electionTimeout:183ms
2022-11-08 19:11:19,600 [s2@group-5D589E31C35B-FollowerState] INFO  impl.RoleInfo (RoleInfo.java:shutdownFollowerState(110)) - s2: shutdown s2@group-5D589E31C35B-FollowerState
2022-11-08 19:11:19,600 [s2@group-5D589E31C35B-FollowerState] INFO  server.RaftServer$Division (RaftServerImpl.java:setRole(325)) - s2@group-5D589E31C35B: changes role from  FOLLOWER to CANDIDATE at term 1 for changeToCandidate
2022-11-08 19:11:19,600 [s2@group-5D589E31C35B-FollowerState] INFO  server.RaftServerConfigKeys (ConfUtils.java:logGet(46)) - raft.server.leaderelection.pre-vote = true (default)
2022-11-08 19:11:19,601 [s2@group-5D589E31C35B-FollowerState] INFO  impl.RoleInfo (RoleInfo.java:updateAndGet(139)) - s2: start s2@group-5D589E31C35B-LeaderElection5
2022-11-08 19:11:19,604 [s2@group-5D589E31C35B-LeaderElection5] INFO  server.RaftServer$Division (ServerState.java:setLeader(259)) - s2@group-5D589E31C35B: change Leader from s3 to null at term 1 for PRE_VOTE
2022-11-08 19:11:19,604 [s2@group-5D589E31C35B-LeaderElection5] INFO  impl.LeaderElection (LeaderElection.java:askForVotes(309)) - s2@group-5D589E31C35B-LeaderElection5 PRE_VOTE round 0: submit vote requests at term 1 for 0: peers:[s3|rpc:localhost:37653|admin:localhost:36015|client:localhost:42101|dataStream:localhost:39669|priority:0|startupRole:FOLLOWER, s4|rpc:localhost:43189|admin:localhost:35299|client:localhost:33007|dataStream:localhost:42297|priority:0|startupRole:FOLLOWER, s0|rpc:localhost:41893|admin:localhost:37625|client:localhost:41993|dataStream:localhost:45101|priority:0|startupRole:FOLLOWER, s1|rpc:localhost:34273|admin:localhost:36031|client:localhost:35527|dataStream:localhost:45605|priority:0|startupRole:FOLLOWER, s2|rpc:localhost:37305|admin:localhost:39781|client:localhost:45787|dataStream:localhost:38773|priority:0|startupRole:FOLLOWER]|listeners:[], old=null
2022-11-08 19:11:19,736 [s4@group-5D589E31C35B-FollowerState] INFO  impl.FollowerState (FollowerState.java:run(143)) - s4@group-5D589E31C35B-FollowerState: change to CANDIDATE, lastRpcElapsedTime:223118661ns, electionTimeout:208ms
2022-11-08 19:11:19,736 [s4@group-5D589E31C35B-FollowerState] INFO  impl.RoleInfo (RoleInfo.java:shutdownFollowerState(110)) - s4: shutdown s4@group-5D589E31C35B-FollowerState
2022-11-08 19:11:19,737 [s4@group-5D589E31C35B-FollowerState] INFO  server.RaftServer$Division (RaftServerImpl.java:setRole(325)) - s4@group-5D589E31C35B: changes role from  FOLLOWER to CANDIDATE at term 1 for changeToCandidate
2022-11-08 19:11:19,737 [s4@group-5D589E31C35B-FollowerState] INFO  server.RaftServerConfigKeys (ConfUtils.java:logGet(46)) - raft.server.leaderelection.pre-vote = true (default)
2022-11-08 19:11:19,737 [s4@group-5D589E31C35B-FollowerState] INFO  impl.RoleInfo (RoleInfo.java:updateAndGet(139)) - s4: start s4@group-5D589E31C35B-LeaderElection6
2022-11-08 19:11:19,737 [s4@group-5D589E31C35B-LeaderElection6] INFO  server.RaftServer$Division (ServerState.java:setLeader(259)) - s4@group-5D589E31C35B: change Leader from s3 to null at term 1 for PRE_VOTE
2022-11-08 19:11:19,737 [s4@group-5D589E31C35B-LeaderElection6] INFO  impl.LeaderElection (LeaderElection.java:askForVotes(309)) - s4@group-5D589E31C35B-LeaderElection6 PRE_VOTE round 0: submit vote requests at term 1 for 0: peers:[s3|rpc:localhost:37653|admin:localhost:36015|client:localhost:42101|dataStream:localhost:39669|priority:0|startupRole:FOLLOWER, s4|rpc:localhost:43189|admin:localhost:35299|client:localhost:33007|dataStream:localhost:42297|priority:0|startupRole:FOLLOWER, s0|rpc:localhost:41893|admin:localhost:37625|client:localhost:41993|dataStream:localhost:45101|priority:0|startupRole:FOLLOWER, s1|rpc:localhost:34273|admin:localhost:36031|client:localhost:35527|dataStream:localhost:45605|priority:0|startupRole:FOLLOWER, s2|rpc:localhost:37305|admin:localhost:39781|client:localhost:45787|dataStream:localhost:38773|priority:0|startupRole:FOLLOWER]|listeners:[], old=null
2022-11-08 19:11:19,739 [HandlerDaemon-0] INFO  server.RaftServer$Division (RaftServerImpl.java:setRole(325)) - s4@group-5D589E31C35B: changes role from CANDIDATE to FOLLOWER at term 1 for appendEntries
2022-11-08 19:11:19,739 [HandlerDaemon-0] INFO  impl.RoleInfo (RoleInfo.java:shutdownLeaderElection(130)) - s4: shutdown s4@group-5D589E31C35B-LeaderElection6
2022-11-08 19:11:19,739 [HandlerDaemon-0] INFO  impl.RoleInfo (RoleInfo.java:updateAndGet(139)) - s4: start s4@group-5D589E31C35B-FollowerState
2022-11-08 19:11:19,739 [HandlerDaemon-0] INFO  server.RaftServer$Division (ServerState.java:setLeader(259)) - s4@group-5D589E31C35B: change Leader from null to s3 at term 1 for appendEntries, leader elected after 2ms
2022-11-08 19:11:19,755 [HandlerDaemon-1] INFO  server.RaftServer$Division (RaftServerImpl.java:requestVote(1294)) - s4@group-5D589E31C35B: receive requestVote(PRE_VOTE, s2, group-5D589E31C35B, 1, (t:1, i:0))
2022-11-08 19:11:19,755 [HandlerDaemon-1] INFO  impl.VoteContext (VoteContext.java:log(49)) - s4@group-5D589E31C35B-FOLLOWER: reject PRE_VOTE from s2: this server is a follower and still has a valid leader s3
2022-11-08 19:11:19,755 [HandlerDaemon-2] INFO  server.RaftServer$Division (RaftServerImpl.java:requestVote(1294)) - s3@group-5D589E31C35B: receive requestVote(PRE_VOTE, s2, group-5D589E31C35B, 1, (t:1, i:0))
2022-11-08 19:11:19,755 [HandlerDaemon-1] INFO  server.RaftServer$Division (RaftServerImpl.java:requestVote(1294)) - s1@group-5D589E31C35B: receive requestVote(PRE_VOTE, s2, group-5D589E31C35B, 1, (t:1, i:0))
2022-11-08 19:11:19,755 [HandlerDaemon-1] INFO  impl.VoteContext (VoteContext.java:log(49)) - s1@group-5D589E31C35B-FOLLOWER: reject PRE_VOTE from s2: this server is a follower and still has a valid leader s3
2022-11-08 19:11:19,755 [HandlerDaemon-1] INFO  server.RaftServer$Division (RaftServerImpl.java:requestVote(1327)) - s1@group-5D589E31C35B replies to PRE_VOTE vote request: s2<-s1#0:FAIL-t1. Peer's state: s1@group-5D589E31C35B:t1, leader=s3, voted=s3, raftlog=Memoized:s1@group-5D589E31C35B-SegmentedRaftLog:OPENED:c0, conf=0: peers:[s3|rpc:localhost:37653|admin:localhost:36015|client:localhost:42101|dataStream:localhost:39669|priority:0|startupRole:FOLLOWER, s4|rpc:localhost:43189|admin:localhost:35299|client:localhost:33007|dataStream:localhost:42297|priority:0|startupRole:FOLLOWER, s0|rpc:localhost:41893|admin:localhost:37625|client:localhost:41993|dataStream:localhost:45101|priority:0|startupRole:FOLLOWER, s1|rpc:localhost:34273|admin:localhost:36031|client:localhost:35527|dataStream:localhost:45605|priority:0|startupRole:FOLLOWER, s2|rpc:localhost:37305|admin:localhost:39781|client:localhost:45787|dataStream:localhost:38773|priority:0|startupRole:FOLLOWER]|listeners:[], old=null
2022-11-08 19:11:19,755 [HandlerDaemon-1] INFO  server.RaftServer$Division (RaftServerImpl.java:requestVote(1327)) - s4@group-5D589E31C35B replies to PRE_VOTE vote request: s2<-s4#0:FAIL-t1. Peer's state: s4@group-5D589E31C35B:t1, leader=s3, voted=s3, raftlog=Memoized:s4@group-5D589E31C35B-SegmentedRaftLog:OPENED:c0, conf=0: peers:[s3|rpc:localhost:37653|admin:localhost:36015|client:localhost:42101|dataStream:localhost:39669|priority:0|startupRole:FOLLOWER, s4|rpc:localhost:43189|admin:localhost:35299|client:localhost:33007|dataStream:localhost:42297|priority:0|startupRole:FOLLOWER, s0|rpc:localhost:41893|admin:localhost:37625|client:localhost:41993|dataStream:localhost:45101|priority:0|startupRole:FOLLOWER, s1|rpc:localhost:34273|admin:localhost:36031|client:localhost:35527|dataStream:localhost:45605|priority:0|startupRole:FOLLOWER, s2|rpc:localhost:37305|admin:localhost:39781|client:localhost:45787|dataStream:localhost:38773|priority:0|startupRole:FOLLOWER]|listeners:[], old=null
2022-11-08 19:11:19,763 [Time-limited test] INFO  server.RaftServerConfigKeys (ConfUtils.java:logGet(46)) - raft.server.rpc.timeout.max = 300ms (default)
2022-11-08 19:11:19,755 [HandlerDaemon-2] INFO  server.RaftServer$Division (RaftServerImpl.java:requestVote(1294)) - s0@group-5D589E31C35B: receive requestVote(PRE_VOTE, s2, group-5D589E31C35B, 1, (t:1, i:0))
2022-11-08 19:11:19,755 [HandlerDaemon-2] INFO  impl.VoteContext (VoteContext.java:log(49)) - s3@group-5D589E31C35B-LEADER: reject PRE_VOTE from s2: this server is the leader and still has leadership
2022-11-08 19:11:19,764 [HandlerDaemon-2] INFO  server.RaftServer$Division (RaftServerImpl.java:requestVote(1327)) - s3@group-5D589E31C35B replies to PRE_VOTE vote request: s2<-s3#0:FAIL-t1. Peer's state: s3@group-5D589E31C35B:t1, leader=s3, voted=s3, raftlog=Memoized:s3@group-5D589E31C35B-SegmentedRaftLog:OPENED:c0, conf=0: peers:[s3|rpc:localhost:37653|admin:localhost:36015|client:localhost:42101|dataStream:localhost:39669|priority:0|startupRole:FOLLOWER, s4|rpc:localhost:43189|admin:localhost:35299|client:localhost:33007|dataStream:localhost:42297|priority:0|startupRole:FOLLOWER, s0|rpc:localhost:41893|admin:localhost:37625|client:localhost:41993|dataStream:localhost:45101|priority:0|startupRole:FOLLOWER, s1|rpc:localhost:34273|admin:localhost:36031|client:localhost:35527|dataStream:localhost:45605|priority:0|startupRole:FOLLOWER, s2|rpc:localhost:37305|admin:localhost:39781|client:localhost:45787|dataStream:localhost:38773|priority:0|startupRole:FOLLOWER]|listeners:[], old=null
2022-11-08 19:11:19,764 [s2@group-5D589E31C35B-LeaderElection5] INFO  impl.LeaderElection (LeaderElection.java:logAndReturn(89)) - s2@group-5D589E31C35B-LeaderElection5: PRE_VOTE REJECTED received 3 response(s) and 0 exception(s):
2022-11-08 19:11:19,764 [s2@group-5D589E31C35B-LeaderElection5] INFO  impl.LeaderElection (LeaderElection.java:logAndReturn(93)) -   Response 0: s2<-s3#0:FAIL-t1
2022-11-08 19:11:19,764 [s2@group-5D589E31C35B-LeaderElection5] INFO  impl.LeaderElection (LeaderElection.java:logAndReturn(93)) -   Response 1: s2<-s4#0:FAIL-t1
2022-11-08 19:11:19,764 [s2@group-5D589E31C35B-LeaderElection5] INFO  impl.LeaderElection (LeaderElection.java:logAndReturn(93)) -   Response 2: s2<-s1#0:FAIL-t1
2022-11-08 19:11:19,764 [s2@group-5D589E31C35B-LeaderElection5] INFO  impl.LeaderElection (LeaderElection.java:askForVotes(311)) - s2@group-5D589E31C35B-LeaderElection5 PRE_VOTE round 0: result REJECTED
2022-11-08 19:11:19,764 [s2@group-5D589E31C35B-LeaderElection5] INFO  server.RaftServer$Division (RaftServerImpl.java:setRole(325)) - s2@group-5D589E31C35B: changes role from CANDIDATE to FOLLOWER at term 1 for REJECTED
2022-11-08 19:11:19,764 [s2@group-5D589E31C35B-LeaderElection5] INFO  impl.RoleInfo (RoleInfo.java:shutdownLeaderElection(130)) - s2: shutdown s2@group-5D589E31C35B-LeaderElection5
2022-11-08 19:11:19,764 [s2@group-5D589E31C35B-LeaderElection5] INFO  impl.RoleInfo (RoleInfo.java:updateAndGet(139)) - s2: start s2@group-5D589E31C35B-FollowerState
2022-11-08 19:11:19,764 [HandlerDaemon-2] INFO  impl.VoteContext (VoteContext.java:log(49)) - s0@group-5D589E31C35B-FOLLOWER: reject PRE_VOTE from s2: this server is a follower and still has a valid leader s3
2022-11-08 19:11:19,764 [HandlerDaemon-2] INFO  server.RaftServer$Division (RaftServerImpl.java:requestVote(1327)) - s0@group-5D589E31C35B replies to PRE_VOTE vote request: s2<-s0#0:FAIL-t1. Peer's state: s0@group-5D589E31C35B:t1, leader=s3, voted=s3, raftlog=Memoized:s0@group-5D589E31C35B-SegmentedRaftLog:OPENED:c0, conf=0: peers:[s3|rpc:localhost:37653|admin:localhost:36015|client:localhost:42101|dataStream:localhost:39669|priority:0|startupRole:FOLLOWER, s4|rpc:localhost:43189|admin:localhost:35299|client:localhost:33007|dataStream:localhost:42297|priority:0|startupRole:FOLLOWER, s0|rpc:localhost:41893|admin:localhost:37625|client:localhost:41993|dataStream:localhost:45101|priority:0|startupRole:FOLLOWER, s1|rpc:localhost:34273|admin:localhost:36031|client:localhost:35527|dataStream:localhost:45605|priority:0|startupRole:FOLLOWER, s2|rpc:localhost:37305|admin:localhost:39781|client:localhost:45787|dataStream:localhost:38773|priority:0|startupRole:FOLLOWER]|listeners:[], old=null
2022-11-08 19:11:19,888 [HandlerDaemon-0] INFO  server.RaftServer$Division (RaftServerImpl.java:requestVote(1294)) - s3@group-5D589E31C35B: receive requestVote(PRE_VOTE, s4, group-5D589E31C35B, 1, (t:1, i:0))
2022-11-08 19:11:19,888 [HandlerDaemon-0] INFO  impl.VoteContext (VoteContext.java:log(49)) - s3@group-5D589E31C35B-LEADER: reject PRE_VOTE from s4: this server is the leader and still has leadership
2022-11-08 19:11:19,888 [HandlerDaemon-0] INFO  server.RaftServer$Division (RaftServerImpl.java:requestVote(1327)) - s3@group-5D589E31C35B replies to PRE_VOTE vote request: s4<-s3#0:FAIL-t1. Peer's state: s3@group-5D589E31C35B:t1, leader=s3, voted=s3, raftlog=Memoized:s3@group-5D589E31C35B-SegmentedRaftLog:OPENED:c0, conf=0: peers:[s3|rpc:localhost:37653|admin:localhost:36015|client:localhost:42101|dataStream:localhost:39669|priority:0|startupRole:FOLLOWER, s4|rpc:localhost:43189|admin:localhost:35299|client:localhost:33007|dataStream:localhost:42297|priority:0|startupRole:FOLLOWER, s0|rpc:localhost:41893|admin:localhost:37625|client:localhost:41993|dataStream:localhost:45101|priority:0|startupRole:FOLLOWER, s1|rpc:localhost:34273|admin:localhost:36031|client:localhost:35527|dataStream:localhost:45605|priority:0|startupRole:FOLLOWER, s2|rpc:localhost:37305|admin:localhost:39781|client:localhost:45787|dataStream:localhost:38773|priority:0|startupRole:FOLLOWER]|listeners:[], old=null
2022-11-08 19:11:19,888 [HandlerDaemon-2] INFO  server.RaftServer$Division (RaftServerImpl.java:requestVote(1294)) - s1@group-5D589E31C35B: receive requestVote(PRE_VOTE, s4, group-5D589E31C35B, 1, (t:1, i:0))
2022-11-08 19:11:19,888 [HandlerDaemon-2] INFO  impl.VoteContext (VoteContext.java:log(49)) - s1@group-5D589E31C35B-FOLLOWER: reject PRE_VOTE from s4: this server is a follower and still has a valid leader s3
2022-11-08 19:11:19,888 [HandlerDaemon-1] INFO  server.RaftServer$Division (RaftServerImpl.java:requestVote(1294)) - s0@group-5D589E31C35B: receive requestVote(PRE_VOTE, s4, group-5D589E31C35B, 1, (t:1, i:0))
2022-11-08 19:11:19,888 [HandlerDaemon-2] INFO  server.RaftServer$Division (RaftServerImpl.java:requestVote(1327)) - s1@group-5D589E31C35B replies to PRE_VOTE vote request: s4<-s1#0:FAIL-t1. Peer's state: s1@group-5D589E31C35B:t1, leader=s3, voted=s3, raftlog=Memoized:s1@group-5D589E31C35B-SegmentedRaftLog:OPENED:c0, conf=0: peers:[s3|rpc:localhost:37653|admin:localhost:36015|client:localhost:42101|dataStream:localhost:39669|priority:0|startupRole:FOLLOWER, s4|rpc:localhost:43189|admin:localhost:35299|client:localhost:33007|dataStream:localhost:42297|priority:0|startupRole:FOLLOWER, s0|rpc:localhost:41893|admin:localhost:37625|client:localhost:41993|dataStream:localhost:45101|priority:0|startupRole:FOLLOWER, s1|rpc:localhost:34273|admin:localhost:36031|client:localhost:35527|dataStream:localhost:45605|priority:0|startupRole:FOLLOWER, s2|rpc:localhost:37305|admin:localhost:39781|client:localhost:45787|dataStream:localhost:38773|priority:0|startupRole:FOLLOWER]|listeners:[], old=null
2022-11-08 19:11:19,888 [s4@group-5D589E31C35B-LeaderElection6] INFO  impl.LeaderElection (LeaderElection.java:logAndReturn(89)) - s4@group-5D589E31C35B-LeaderElection6: PRE_VOTE REJECTED received 1 response(s) and 0 exception(s):
2022-11-08 19:11:19,888 [s4@group-5D589E31C35B-LeaderElection6] INFO  impl.LeaderElection (LeaderElection.java:logAndReturn(93)) -   Response 0: s4<-s3#0:FAIL-t1
2022-11-08 19:11:19,888 [s4@group-5D589E31C35B-LeaderElection6] INFO  impl.LeaderElection (LeaderElection.java:askForVotes(311)) - s4@group-5D589E31C35B-LeaderElection6 PRE_VOTE round 0: result REJECTED
2022-11-08 19:11:19,888 [HandlerDaemon-1] INFO  impl.VoteContext (VoteContext.java:log(49)) - s0@group-5D589E31C35B-FOLLOWER: reject PRE_VOTE from s4: this server is a follower and still has a valid leader s3
2022-11-08 19:11:19,889 [HandlerDaemon-1] INFO  server.RaftServer$Division (RaftServerImpl.java:requestVote(1327)) - s0@group-5D589E31C35B replies to PRE_VOTE vote request: s4<-s0#0:FAIL-t1. Peer's state: s0@group-5D589E31C35B:t1, leader=s3, voted=s3, raftlog=Memoized:s0@group-5D589E31C35B-SegmentedRaftLog:OPENED:c0, conf=0: peers:[s3|rpc:localhost:37653|admin:localhost:36015|client:localhost:42101|dataStream:localhost:39669|priority:0|startupRole:FOLLOWER, s4|rpc:localhost:43189|admin:localhost:35299|client:localhost:33007|dataStream:localhost:42297|priority:0|startupRole:FOLLOWER, s0|rpc:localhost:41893|admin:localhost:37625|client:localhost:41993|dataStream:localhost:45101|priority:0|startupRole:FOLLOWER, s1|rpc:localhost:34273|admin:localhost:36031|client:localhost:35527|dataStream:localhost:45605|priority:0|startupRole:FOLLOWER, s2|rpc:localhost:37305|admin:localhost:39781|client:localhost:45787|dataStream:localhost:38773|priority:0|startupRole:FOLLOWER]|listeners:[], old=null
2022-11-08 19:11:19,919 [s2@group-5D589E31C35B-FollowerState] INFO  impl.FollowerState (FollowerState.java:run(143)) - s2@group-5D589E31C35B-FollowerState: change to CANDIDATE, lastRpcElapsedTime:155343772ns, electionTimeout:154ms
2022-11-08 19:11:19,920 [s2@group-5D589E31C35B-FollowerState] INFO  impl.RoleInfo (RoleInfo.java:shutdownFollowerState(110)) - s2: shutdown s2@group-5D589E31C35B-FollowerState
2022-11-08 19:11:19,920 [s2@group-5D589E31C35B-FollowerState] INFO  server.RaftServer$Division (RaftServerImpl.java:setRole(325)) - s2@group-5D589E31C35B: changes role from  FOLLOWER to CANDIDATE at term 1 for changeToCandidate
2022-11-08 19:11:19,920 [s2@group-5D589E31C35B-FollowerState] INFO  server.RaftServerConfigKeys (ConfUtils.java:logGet(46)) - raft.server.leaderelection.pre-vote = true (default)
2022-11-08 19:11:19,920 [s2@group-5D589E31C35B-FollowerState] INFO  impl.RoleInfo (RoleInfo.java:updateAndGet(139)) - s2: start s2@group-5D589E31C35B-LeaderElection7
2022-11-08 19:11:19,920 [s2@group-5D589E31C35B-LeaderElection7] INFO  impl.LeaderElection (LeaderElection.java:askForVotes(309)) - s2@group-5D589E31C35B-LeaderElection7 PRE_VOTE round 0: submit vote requests at term 1 for 0: peers:[s3|rpc:localhost:37653|admin:localhost:36015|client:localhost:42101|dataStream:localhost:39669|priority:0|startupRole:FOLLOWER, s4|rpc:localhost:43189|admin:localhost:35299|client:localhost:33007|dataStream:localhost:42297|priority:0|startupRole:FOLLOWER, s0|rpc:localhost:41893|admin:localhost:37625|client:localhost:41993|dataStream:localhost:45101|priority:0|startupRole:FOLLOWER, s1|rpc:localhost:34273|admin:localhost:36031|client:localhost:35527|dataStream:localhost:45605|priority:0|startupRole:FOLLOWER, s2|rpc:localhost:37305|admin:localhost:39781|client:localhost:45787|dataStream:localhost:38773|priority:0|startupRole:FOLLOWER]|listeners:[], old=null
2022-11-08 19:11:19,921 [HandlerDaemon-1] INFO  server.RaftServer$Division (RaftServerImpl.java:requestVote(1294)) - s3@group-5D589E31C35B: receive requestVote(PRE_VOTE, s2, group-5D589E31C35B, 1, (t:1, i:0))
2022-11-08 19:11:19,921 [HandlerDaemon-1] INFO  impl.VoteContext (VoteContext.java:log(49)) - s3@group-5D589E31C35B-LEADER: reject PRE_VOTE from s2: this server is the leader and still has leadership
2022-11-08 19:11:19,921 [HandlerDaemon-1] INFO  server.RaftServer$Division (RaftServerImpl.java:requestVote(1327)) - s3@group-5D589E31C35B replies to PRE_VOTE vote request: s2<-s3#0:FAIL-t1. Peer's state: s3@group-5D589E31C35B:t1, leader=s3, voted=s3, raftlog=Memoized:s3@group-5D589E31C35B-SegmentedRaftLog:OPENED:c0, conf=0: peers:[s3|rpc:localhost:37653|admin:localhost:36015|client:localhost:42101|dataStream:localhost:39669|priority:0|startupRole:FOLLOWER, s4|rpc:localhost:43189|admin:localhost:35299|client:localhost:33007|dataStream:localhost:42297|priority:0|startupRole:FOLLOWER, s0|rpc:localhost:41893|admin:localhost:37625|client:localhost:41993|dataStream:localhost:45101|priority:0|startupRole:FOLLOWER, s1|rpc:localhost:34273|admin:localhost:36031|client:localhost:35527|dataStream:localhost:45605|priority:0|startupRole:FOLLOWER, s2|rpc:localhost:37305|admin:localhost:39781|client:localhost:45787|dataStream:localhost:38773|priority:0|startupRole:FOLLOWER]|listeners:[], old=null
2022-11-08 19:11:19,921 [HandlerDaemon-1] INFO  server.RaftServer$Division (RaftServerImpl.java:requestVote(1294)) - s4@group-5D589E31C35B: receive requestVote(PRE_VOTE, s2, group-5D589E31C35B, 1, (t:1, i:0))
2022-11-08 19:11:19,921 [HandlerDaemon-1] INFO  impl.VoteContext (VoteContext.java:log(49)) - s4@group-5D589E31C35B-FOLLOWER: reject PRE_VOTE from s2: this server is a follower and still has a valid leader s3
2022-11-08 19:11:19,921 [HandlerDaemon-1] INFO  server.RaftServer$Division (RaftServerImpl.java:requestVote(1327)) - s4@group-5D589E31C35B replies to PRE_VOTE vote request: s2<-s4#0:FAIL-t1. Peer's state: s4@group-5D589E31C35B:t1, leader=s3, voted=s3, raftlog=Memoized:s4@group-5D589E31C35B-SegmentedRaftLog:OPENED:c0, conf=0: peers:[s3|rpc:localhost:37653|admin:localhost:36015|client:localhost:42101|dataStream:localhost:39669|priority:0|startupRole:FOLLOWER, s4|rpc:localhost:43189|admin:localhost:35299|client:localhost:33007|dataStream:localhost:42297|priority:0|startupRole:FOLLOWER, s0|rpc:localhost:41893|admin:localhost:37625|client:localhost:41993|dataStream:localhost:45101|priority:0|startupRole:FOLLOWER, s1|rpc:localhost:34273|admin:localhost:36031|client:localhost:35527|dataStream:localhost:45605|priority:0|startupRole:FOLLOWER, s2|rpc:localhost:37305|admin:localhost:39781|client:localhost:45787|dataStream:localhost:38773|priority:0|startupRole:FOLLOWER]|listeners:[], old=null
2022-11-08 19:11:19,922 [HandlerDaemon-0] INFO  server.RaftServer$Division (RaftServerImpl.java:requestVote(1294)) - s0@group-5D589E31C35B: receive requestVote(PRE_VOTE, s2, group-5D589E31C35B, 1, (t:1, i:0))
2022-11-08 19:11:19,923 [HandlerDaemon-0] INFO  impl.VoteContext (VoteContext.java:log(49)) - s0@group-5D589E31C35B-FOLLOWER: reject PRE_VOTE from s2: this server is a follower and still has a valid leader s3
2022-11-08 19:11:19,923 [HandlerDaemon-0] INFO  server.RaftServer$Division (RaftServerImpl.java:requestVote(1327)) - s0@group-5D589E31C35B replies to PRE_VOTE vote request: s2<-s0#0:FAIL-t1. Peer's state: s0@group-5D589E31C35B:t1, leader=s3, voted=s3, raftlog=Memoized:s0@group-5D589E31C35B-SegmentedRaftLog:OPENED:c0, conf=0: peers:[s3|rpc:localhost:37653|admin:localhost:36015|client:localhost:42101|dataStream:localhost:39669|priority:0|startupRole:FOLLOWER, s4|rpc:localhost:43189|admin:localhost:35299|client:localhost:33007|dataStream:localhost:42297|priority:0|startupRole:FOLLOWER, s0|rpc:localhost:41893|admin:localhost:37625|client:localhost:41993|dataStream:localhost:45101|priority:0|startupRole:FOLLOWER, s1|rpc:localhost:34273|admin:localhost:36031|client:localhost:35527|dataStream:localhost:45605|priority:0|startupRole:FOLLOWER, s2|rpc:localhost:37305|admin:localhost:39781|client:localhost:45787|dataStream:localhost:38773|priority:0|startupRole:FOLLOWER]|listeners:[], old=null
2022-11-08 19:11:19,923 [s2@group-5D589E31C35B-LeaderElection7] INFO  impl.LeaderElection (LeaderElection.java:logAndReturn(89)) - s2@group-5D589E31C35B-LeaderElection7: PRE_VOTE REJECTED received 3 response(s) and 0 exception(s):
2022-11-08 19:11:19,923 [HandlerDaemon-0] INFO  server.RaftServer$Division (RaftServerImpl.java:requestVote(1294)) - s1@group-5D589E31C35B: receive requestVote(PRE_VOTE, s2, group-5D589E31C35B, 1, (t:1, i:0))
2022-11-08 19:11:19,923 [s2@group-5D589E31C35B-LeaderElection7] INFO  impl.LeaderElection (LeaderElection.java:logAndReturn(93)) -   Response 0: s2<-s3#0:FAIL-t1
2022-11-08 19:11:19,923 [s2@group-5D589E31C35B-LeaderElection7] INFO  impl.LeaderElection (LeaderElection.java:logAndReturn(93)) -   Response 1: s2<-s4#0:FAIL-t1
2022-11-08 19:11:19,923 [s2@group-5D589E31C35B-LeaderElection7] INFO  impl.LeaderElection (LeaderElection.java:logAndReturn(93)) -   Response 2: s2<-s0#0:FAIL-t1
2022-11-08 19:11:19,923 [s2@group-5D589E31C35B-LeaderElection7] INFO  impl.LeaderElection (LeaderElection.java:askForVotes(311)) - s2@group-5D589E31C35B-LeaderElection7 PRE_VOTE round 0: result REJECTED
2022-11-08 19:11:19,923 [s2@group-5D589E31C35B-LeaderElection7] INFO  server.RaftServer$Division (RaftServerImpl.java:setRole(325)) - s2@group-5D589E31C35B: changes role from CANDIDATE to FOLLOWER at term 1 for REJECTED
2022-11-08 19:11:19,923 [s2@group-5D589E31C35B-LeaderElection7] INFO  impl.RoleInfo (RoleInfo.java:shutdownLeaderElection(130)) - s2: shutdown s2@group-5D589E31C35B-LeaderElection7
2022-11-08 19:11:19,924 [s2@group-5D589E31C35B-LeaderElection7] INFO  impl.RoleInfo (RoleInfo.java:updateAndGet(139)) - s2: start s2@group-5D589E31C35B-FollowerState
2022-11-08 19:11:19,923 [HandlerDaemon-0] INFO  impl.VoteContext (VoteContext.java:log(49)) - s1@group-5D589E31C35B-FOLLOWER: reject PRE_VOTE from s2: this server is a follower and still has a valid leader s3
2022-11-08 19:11:19,924 [HandlerDaemon-0] INFO  server.RaftServer$Division (RaftServerImpl.java:requestVote(1327)) - s1@group-5D589E31C35B replies to PRE_VOTE vote request: s2<-s1#0:FAIL-t1. Peer's state: s1@group-5D589E31C35B:t1, leader=s3, voted=s3, raftlog=Memoized:s1@group-5D589E31C35B-SegmentedRaftLog:OPENED:c0, conf=0: peers:[s3|rpc:localhost:37653|admin:localhost:36015|client:localhost:42101|dataStream:localhost:39669|priority:0|startupRole:FOLLOWER, s4|rpc:localhost:43189|admin:localhost:35299|client:localhost:33007|dataStream:localhost:42297|priority:0|startupRole:FOLLOWER, s0|rpc:localhost:41893|admin:localhost:37625|client:localhost:41993|dataStream:localhost:45101|priority:0|startupRole:FOLLOWER, s1|rpc:localhost:34273|admin:localhost:36031|client:localhost:35527|dataStream:localhost:45605|priority:0|startupRole:FOLLOWER, s2|rpc:localhost:37305|admin:localhost:39781|client:localhost:45787|dataStream:localhost:38773|priority:0|startupRole:FOLLOWER]|listeners:[], old=null
2022-11-08 19:11:19,982 [HandlerDaemon-0] INFO  server.RaftServer$Division (ServerState.java:setLeader(259)) - s2@group-5D589E31C35B: change Leader from null to s3 at term 1 for appendEntries, leader elected after 377ms
2022-11-08 19:11:20,038 [HandlerDaemon-1] INFO  server.RaftServer$Division (RaftServerImpl.java:requestVote(1294)) - s2@group-5D589E31C35B: receive requestVote(PRE_VOTE, s4, group-5D589E31C35B, 1, (t:1, i:0))
2022-11-08 19:11:20,039 [HandlerDaemon-1] INFO  impl.VoteContext (VoteContext.java:log(49)) - s2@group-5D589E31C35B-FOLLOWER: reject PRE_VOTE from s4: this server is a follower and still has a valid leader s3
2022-11-08 19:11:20,039 [HandlerDaemon-1] INFO  server.RaftServer$Division (RaftServerImpl.java:requestVote(1327)) - s2@group-5D589E31C35B replies to PRE_VOTE vote request: s4<-s2#0:FAIL-t1. Peer's state: s2@group-5D589E31C35B:t1, leader=s3, voted=s3, raftlog=Memoized:s2@group-5D589E31C35B-SegmentedRaftLog:OPENED:c0, conf=0: peers:[s3|rpc:localhost:37653|admin:localhost:36015|client:localhost:42101|dataStream:localhost:39669|priority:0|startupRole:FOLLOWER, s4|rpc:localhost:43189|admin:localhost:35299|client:localhost:33007|dataStream:localhost:42297|priority:0|startupRole:FOLLOWER, s0|rpc:localhost:41893|admin:localhost:37625|client:localhost:41993|dataStream:localhost:45101|priority:0|startupRole:FOLLOWER, s1|rpc:localhost:34273|admin:localhost:36031|client:localhost:35527|dataStream:localhost:45605|priority:0|startupRole:FOLLOWER, s2|rpc:localhost:37305|admin:localhost:39781|client:localhost:45787|dataStream:localhost:38773|priority:0|startupRole:FOLLOWER]|listeners:[], old=null
2022-11-08 19:11:20,214 [Time-limited test] INFO  simulation.TestLeaderElectionWithSimulatedRpc (LeaderElectionTests.java:enforceLeader(292)) - try enforcing leader to s2 but new leader is s3
2022-11-08 19:11:20,214 [Time-limited test] INFO  server.RaftServerConfigKeys (ConfUtils.java:logGet(46)) - raft.server.rpc.timeout.max = 300ms (default)
2022-11-08 19:11:20,652 [s2@group-5D589E31C35B-FollowerState] INFO  impl.FollowerState (FollowerState.java:run(143)) - s2@group-5D589E31C35B-FollowerState: change to CANDIDATE, lastRpcElapsedTime:444003722ns, electionTimeout:265ms
2022-11-08 19:11:20,652 [s2@group-5D589E31C35B-FollowerState] INFO  impl.RoleInfo (RoleInfo.java:shutdownFollowerState(110)) - s2: shutdown s2@group-5D589E31C35B-FollowerState
2022-11-08 19:11:20,653 [s2@group-5D589E31C35B-FollowerState] INFO  server.RaftServer$Division (RaftServerImpl.java:setRole(325)) - s2@group-5D589E31C35B: changes role from  FOLLOWER to CANDIDATE at term 1 for changeToCandidate
2022-11-08 19:11:20,653 [s2@group-5D589E31C35B-FollowerState] INFO  server.RaftServerConfigKeys (ConfUtils.java:logGet(46)) - raft.server.leaderelection.pre-vote = true (default)
2022-11-08 19:11:20,653 [s2@group-5D589E31C35B-FollowerState] INFO  impl.RoleInfo (RoleInfo.java:updateAndGet(139)) - s2: start s2@group-5D589E31C35B-LeaderElection8
2022-11-08 19:11:20,654 [s2@group-5D589E31C35B-LeaderElection8] INFO  server.RaftServer$Division (ServerState.java:setLeader(259)) - s2@group-5D589E31C35B: change Leader from s3 to null at term 1 for PRE_VOTE
2022-11-08 19:11:20,655 [s2@group-5D589E31C35B-LeaderElection8] INFO  impl.LeaderElection (LeaderElection.java:askForVotes(309)) - s2@group-5D589E31C35B-LeaderElection8 PRE_VOTE round 0: submit vote requests at term 1 for 0: peers:[s3|rpc:localhost:37653|admin:localhost:36015|client:localhost:42101|dataStream:localhost:39669|priority:0|startupRole:FOLLOWER, s4|rpc:localhost:43189|admin:localhost:35299|client:localhost:33007|dataStream:localhost:42297|priority:0|startupRole:FOLLOWER, s0|rpc:localhost:41893|admin:localhost:37625|client:localhost:41993|dataStream:localhost:45101|priority:0|startupRole:FOLLOWER, s1|rpc:localhost:34273|admin:localhost:36031|client:localhost:35527|dataStream:localhost:45605|priority:0|startupRole:FOLLOWER, s2|rpc:localhost:37305|admin:localhost:39781|client:localhost:45787|dataStream:localhost:38773|priority:0|startupRole:FOLLOWER]|listeners:[], old=null
2022-11-08 19:11:20,664 [Time-limited test] INFO  server.RaftServerConfigKeys (ConfUtils.java:logGet(46)) - raft.server.rpc.timeout.max = 300ms (default)
2022-11-08 19:11:20,805 [HandlerDaemon-2] INFO  server.RaftServer$Division (RaftServerImpl.java:requestVote(1294)) - s3@group-5D589E31C35B: receive requestVote(PRE_VOTE, s2, group-5D589E31C35B, 1, (t:1, i:0))
2022-11-08 19:11:20,805 [HandlerDaemon-2] INFO  server.RaftServer$Division (RaftServerImpl.java:requestVote(1294)) - s4@group-5D589E31C35B: receive requestVote(PRE_VOTE, s2, group-5D589E31C35B, 1, (t:1, i:0))
2022-11-08 19:11:20,805 [HandlerDaemon-2] INFO  impl.VoteContext (VoteContext.java:log(49)) - s4@group-5D589E31C35B-FOLLOWER: reject PRE_VOTE from s2: this server is a follower and still has a valid leader s3
2022-11-08 19:11:20,805 [HandlerDaemon-0] INFO  server.RaftServer$Division (RaftServerImpl.java:requestVote(1294)) - s0@group-5D589E31C35B: receive requestVote(PRE_VOTE, s2, group-5D589E31C35B, 1, (t:1, i:0))
2022-11-08 19:11:20,805 [HandlerDaemon-0] INFO  impl.VoteContext (VoteContext.java:log(49)) - s0@group-5D589E31C35B-FOLLOWER: reject PRE_VOTE from s2: this server is a follower and still has a valid leader s3
2022-11-08 19:11:20,805 [HandlerDaemon-0] INFO  server.RaftServer$Division (RaftServerImpl.java:requestVote(1327)) - s0@group-5D589E31C35B replies to PRE_VOTE vote request: s2<-s0#0:FAIL-t1. Peer's state: s0@group-5D589E31C35B:t1, leader=s3, voted=s3, raftlog=Memoized:s0@group-5D589E31C35B-SegmentedRaftLog:OPENED:c0, conf=0: peers:[s3|rpc:localhost:37653|admin:localhost:36015|client:localhost:42101|dataStream:localhost:39669|priority:0|startupRole:FOLLOWER, s4|rpc:localhost:43189|admin:localhost:35299|client:localhost:33007|dataStream:localhost:42297|priority:0|startupRole:FOLLOWER, s0|rpc:localhost:41893|admin:localhost:37625|client:localhost:41993|dataStream:localhost:45101|priority:0|startupRole:FOLLOWER, s1|rpc:localhost:34273|admin:localhost:36031|client:localhost:35527|dataStream:localhost:45605|priority:0|startupRole:FOLLOWER, s2|rpc:localhost:37305|admin:localhost:39781|client:localhost:45787|dataStream:localhost:38773|priority:0|startupRole:FOLLOWER]|listeners:[], old=null
2022-11-08 19:11:20,806 [HandlerDaemon-2] INFO  server.RaftServer$Division (RaftServerImpl.java:requestVote(1294)) - s1@group-5D589E31C35B: receive requestVote(PRE_VOTE, s2, group-5D589E31C35B, 1, (t:1, i:0))
2022-11-08 19:11:20,806 [HandlerDaemon-2] INFO  impl.VoteContext (VoteContext.java:log(49)) - s1@group-5D589E31C35B-FOLLOWER: reject PRE_VOTE from s2: this server is a follower and still has a valid leader s3
2022-11-08 19:11:20,806 [HandlerDaemon-2] INFO  server.RaftServer$Division (RaftServerImpl.java:requestVote(1327)) - s1@group-5D589E31C35B replies to PRE_VOTE vote request: s2<-s1#0:FAIL-t1. Peer's state: s1@group-5D589E31C35B:t1, leader=s3, voted=s3, raftlog=Memoized:s1@group-5D589E31C35B-SegmentedRaftLog:OPENED:c0, conf=0: peers:[s3|rpc:localhost:37653|admin:localhost:36015|client:localhost:42101|dataStream:localhost:39669|priority:0|startupRole:FOLLOWER, s4|rpc:localhost:43189|admin:localhost:35299|client:localhost:33007|dataStream:localhost:42297|priority:0|startupRole:FOLLOWER, s0|rpc:localhost:41893|admin:localhost:37625|client:localhost:41993|dataStream:localhost:45101|priority:0|startupRole:FOLLOWER, s1|rpc:localhost:34273|admin:localhost:36031|client:localhost:35527|dataStream:localhost:45605|priority:0|startupRole:FOLLOWER, s2|rpc:localhost:37305|admin:localhost:39781|client:localhost:45787|dataStream:localhost:38773|priority:0|startupRole:FOLLOWER]|listeners:[], old=null
2022-11-08 19:11:20,805 [HandlerDaemon-2] INFO  impl.VoteContext (VoteContext.java:log(49)) - s3@group-5D589E31C35B-LEADER: reject PRE_VOTE from s2: this server is the leader and still has leadership
2022-11-08 19:11:20,806 [HandlerDaemon-2] INFO  server.RaftServer$Division (RaftServerImpl.java:requestVote(1327)) - s3@group-5D589E31C35B replies to PRE_VOTE vote request: s2<-s3#0:FAIL-t1. Peer's state: s3@group-5D589E31C35B:t1, leader=s3, voted=s3, raftlog=Memoized:s3@group-5D589E31C35B-SegmentedRaftLog:OPENED:c0, conf=0: peers:[s3|rpc:localhost:37653|admin:localhost:36015|client:localhost:42101|dataStream:localhost:39669|priority:0|startupRole:FOLLOWER, s4|rpc:localhost:43189|admin:localhost:35299|client:localhost:33007|dataStream:localhost:42297|priority:0|startupRole:FOLLOWER, s0|rpc:localhost:41893|admin:localhost:37625|client:localhost:41993|dataStream:localhost:45101|priority:0|startupRole:FOLLOWER, s1|rpc:localhost:34273|admin:localhost:36031|client:localhost:35527|dataStream:localhost:45605|priority:0|startupRole:FOLLOWER, s2|rpc:localhost:37305|admin:localhost:39781|client:localhost:45787|dataStream:localhost:38773|priority:0|startupRole:FOLLOWER]|listeners:[], old=null
2022-11-08 19:11:20,805 [HandlerDaemon-2] INFO  server.RaftServer$Division (RaftServerImpl.java:requestVote(1327)) - s4@group-5D589E31C35B replies to PRE_VOTE vote request: s2<-s4#0:FAIL-t1. Peer's state: s4@group-5D589E31C35B:t1, leader=s3, voted=s3, raftlog=Memoized:s4@group-5D589E31C35B-SegmentedRaftLog:OPENED:c0, conf=0: peers:[s3|rpc:localhost:37653|admin:localhost:36015|client:localhost:42101|dataStream:localhost:39669|priority:0|startupRole:FOLLOWER, s4|rpc:localhost:43189|admin:localhost:35299|client:localhost:33007|dataStream:localhost:42297|priority:0|startupRole:FOLLOWER, s0|rpc:localhost:41893|admin:localhost:37625|client:localhost:41993|dataStream:localhost:45101|priority:0|startupRole:FOLLOWER, s1|rpc:localhost:34273|admin:localhost:36031|client:localhost:35527|dataStream:localhost:45605|priority:0|startupRole:FOLLOWER, s2|rpc:localhost:37305|admin:localhost:39781|client:localhost:45787|dataStream:localhost:38773|priority:0|startupRole:FOLLOWER]|listeners:[], old=null
2022-11-08 19:11:20,806 [s2@group-5D589E31C35B-LeaderElection8] INFO  impl.LeaderElection (LeaderElection.java:logAndReturn(89)) - s2@group-5D589E31C35B-LeaderElection8: PRE_VOTE REJECTED received 3 response(s) and 0 exception(s):
2022-11-08 19:11:20,806 [s2@group-5D589E31C35B-LeaderElection8] INFO  impl.LeaderElection (LeaderElection.java:logAndReturn(93)) -   Response 0: s2<-s3#0:FAIL-t1
2022-11-08 19:11:20,806 [s2@group-5D589E31C35B-LeaderElection8] INFO  impl.LeaderElection (LeaderElection.java:logAndReturn(93)) -   Response 1: s2<-s0#0:FAIL-t1
2022-11-08 19:11:20,806 [s2@group-5D589E31C35B-LeaderElection8] INFO  impl.LeaderElection (LeaderElection.java:logAndReturn(93)) -   Response 2: s2<-s1#0:FAIL-t1
2022-11-08 19:11:20,806 [s2@group-5D589E31C35B-LeaderElection8] INFO  impl.LeaderElection (LeaderElection.java:askForVotes(311)) - s2@group-5D589E31C35B-LeaderElection8 PRE_VOTE round 0: result REJECTED
2022-11-08 19:11:20,806 [s2@group-5D589E31C35B-LeaderElection8] INFO  server.RaftServer$Division (RaftServerImpl.java:setRole(325)) - s2@group-5D589E31C35B: changes role from CANDIDATE to FOLLOWER at term 1 for REJECTED
2022-11-08 19:11:20,806 [s2@group-5D589E31C35B-LeaderElection8] INFO  impl.RoleInfo (RoleInfo.java:shutdownLeaderElection(130)) - s2: shutdown s2@group-5D589E31C35B-LeaderElection8
2022-11-08 19:11:20,806 [s2@group-5D589E31C35B-LeaderElection8] INFO  impl.RoleInfo (RoleInfo.java:updateAndGet(139)) - s2: start s2@group-5D589E31C35B-FollowerState
2022-11-08 19:11:20,884 [HandlerDaemon-2] INFO  server.RaftServer$Division (ServerState.java:setLeader(259)) - s2@group-5D589E31C35B: change Leader from null to s3 at term 1 for appendEntries, leader elected after 229ms
2022-11-08 19:11:21,114 [Time-limited test] INFO  simulation.TestLeaderElectionWithSimulatedRpc (LeaderElectionTests.java:enforceLeader(292)) - try enforcing leader to s2 but new leader is s3
2022-11-08 19:11:21,115 [Time-limited test] INFO  server.RaftServerConfigKeys (ConfUtils.java:logGet(46)) - raft.server.rpc.timeout.max = 300ms (default)
2022-11-08 19:11:21,454 [s2@group-5D589E31C35B-FollowerState] INFO  impl.FollowerState (FollowerState.java:run(143)) - s2@group-5D589E31C35B-FollowerState: change to CANDIDATE, lastRpcElapsedTime:343986140ns, electionTimeout:254ms
2022-11-08 19:11:21,454 [s2@group-5D589E31C35B-FollowerState] INFO  impl.RoleInfo (RoleInfo.java:shutdownFollowerState(110)) - s2: shutdown s2@group-5D589E31C35B-FollowerState
2022-11-08 19:11:21,454 [s2@group-5D589E31C35B-FollowerState] INFO  server.RaftServer$Division (RaftServerImpl.java:setRole(325)) - s2@group-5D589E31C35B: changes role from  FOLLOWER to CANDIDATE at term 1 for changeToCandidate
2022-11-08 19:11:21,454 [s2@group-5D589E31C35B-FollowerState] INFO  server.RaftServerConfigKeys (ConfUtils.java:logGet(46)) - raft.server.leaderelection.pre-vote = true (default)
2022-11-08 19:11:21,454 [s2@group-5D589E31C35B-FollowerState] INFO  impl.RoleInfo (RoleInfo.java:updateAndGet(139)) - s2: start s2@group-5D589E31C35B-LeaderElection9
2022-11-08 19:11:21,457 [s2@group-5D589E31C35B-LeaderElection9] INFO  server.RaftServer$Division (ServerState.java:setLeader(259)) - s2@group-5D589E31C35B: change Leader from s3 to null at term 1 for PRE_VOTE
2022-11-08 19:11:21,457 [s2@group-5D589E31C35B-LeaderElection9] INFO  impl.LeaderElection (LeaderElection.java:askForVotes(309)) - s2@group-5D589E31C35B-LeaderElection9 PRE_VOTE round 0: submit vote requests at term 1 for 0: peers:[s3|rpc:localhost:37653|admin:localhost:36015|client:localhost:42101|dataStream:localhost:39669|priority:0|startupRole:FOLLOWER, s4|rpc:localhost:43189|admin:localhost:35299|client:localhost:33007|dataStream:localhost:42297|priority:0|startupRole:FOLLOWER, s0|rpc:localhost:41893|admin:localhost:37625|client:localhost:41993|dataStream:localhost:45101|priority:0|startupRole:FOLLOWER, s1|rpc:localhost:34273|admin:localhost:36031|client:localhost:35527|dataStream:localhost:45605|priority:0|startupRole:FOLLOWER, s2|rpc:localhost:37305|admin:localhost:39781|client:localhost:45787|dataStream:localhost:38773|priority:0|startupRole:FOLLOWER]|listeners:[], old=null
2022-11-08 19:11:21,493 [s0@group-5D589E31C35B-FollowerState] INFO  impl.FollowerState (FollowerState.java:run(143)) - s0@group-5D589E31C35B-FollowerState: change to CANDIDATE, lastRpcElapsedTime:223822361ns, electionTimeout:199ms
2022-11-08 19:11:21,493 [s0@group-5D589E31C35B-FollowerState] INFO  impl.RoleInfo (RoleInfo.java:shutdownFollowerState(110)) - s0: shutdown s0@group-5D589E31C35B-FollowerState
2022-11-08 19:11:21,493 [s0@group-5D589E31C35B-FollowerState] INFO  server.RaftServer$Division (RaftServerImpl.java:setRole(325)) - s0@group-5D589E31C35B: changes role from  FOLLOWER to CANDIDATE at term 1 for changeToCandidate
2022-11-08 19:11:21,493 [s0@group-5D589E31C35B-FollowerState] INFO  server.RaftServerConfigKeys (ConfUtils.java:logGet(46)) - raft.server.leaderelection.pre-vote = true (default)
2022-11-08 19:11:21,493 [s0@group-5D589E31C35B-FollowerState] INFO  impl.RoleInfo (RoleInfo.java:updateAndGet(139)) - s0: start s0@group-5D589E31C35B-LeaderElection10
2022-11-08 19:11:21,493 [s0@group-5D589E31C35B-LeaderElection10] INFO  server.RaftServer$Division (ServerState.java:setLeader(259)) - s0@group-5D589E31C35B: change Leader from s3 to null at term 1 for PRE_VOTE
2022-11-08 19:11:21,493 [s0@group-5D589E31C35B-LeaderElection10] INFO  impl.LeaderElection (LeaderElection.java:askForVotes(309)) - s0@group-5D589E31C35B-LeaderElection10 PRE_VOTE round 0: submit vote requests at term 1 for 0: peers:[s3|rpc:localhost:37653|admin:localhost:36015|client:localhost:42101|dataStream:localhost:39669|priority:0|startupRole:FOLLOWER, s4|rpc:localhost:43189|admin:localhost:35299|client:localhost:33007|dataStream:localhost:42297|priority:0|startupRole:FOLLOWER, s0|rpc:localhost:41893|admin:localhost:37625|client:localhost:41993|dataStream:localhost:45101|priority:0|startupRole:FOLLOWER, s1|rpc:localhost:34273|admin:localhost:36031|client:localhost:35527|dataStream:localhost:45605|priority:0|startupRole:FOLLOWER, s2|rpc:localhost:37305|admin:localhost:39781|client:localhost:45787|dataStream:localhost:38773|priority:0|startupRole:FOLLOWER]|listeners:[], old=null
2022-11-08 19:11:21,494 [HandlerDaemon-0] INFO  server.RaftServer$Division (RaftServerImpl.java:setRole(325)) - s0@group-5D589E31C35B: changes role from CANDIDATE to FOLLOWER at term 1 for appendEntries
2022-11-08 19:11:21,495 [HandlerDaemon-0] INFO  impl.RoleInfo (RoleInfo.java:shutdownLeaderElection(130)) - s0: shutdown s0@group-5D589E31C35B-LeaderElection10
2022-11-08 19:11:21,495 [HandlerDaemon-0] INFO  impl.RoleInfo (RoleInfo.java:updateAndGet(139)) - s0: start s0@group-5D589E31C35B-FollowerState
2022-11-08 19:11:21,496 [HandlerDaemon-0] INFO  server.RaftServer$Division (ServerState.java:setLeader(259)) - s0@group-5D589E31C35B: change Leader from null to s3 at term 1 for appendEntries, leader elected after 1ms
2022-11-08 19:11:21,496 [s0@group-5D589E31C35B-LeaderElection10] INFO  impl.LeaderElection (LeaderElection.java:logAndReturn(89)) - s0@group-5D589E31C35B-LeaderElection10: PRE_VOTE REJECTED received 0 response(s) and 0 exception(s):
2022-11-08 19:11:21,496 [s0@group-5D589E31C35B-LeaderElection10] INFO  impl.LeaderElection (LeaderElection.java:askForVotes(311)) - s0@group-5D589E31C35B-LeaderElection10 PRE_VOTE round 0: result REJECTED
2022-11-08 19:11:21,565 [Time-limited test] INFO  server.RaftServerConfigKeys (ConfUtils.java:logGet(46)) - raft.server.rpc.timeout.max = 300ms (default)
2022-11-08 19:11:21,607 [HandlerDaemon-0] INFO  server.RaftServer$Division (RaftServerImpl.java:requestVote(1294)) - s3@group-5D589E31C35B: receive requestVote(PRE_VOTE, s2, group-5D589E31C35B, 1, (t:1, i:0))
2022-11-08 19:11:21,607 [HandlerDaemon-0] INFO  server.RaftServer$Division (RaftServerImpl.java:requestVote(1294)) - s4@group-5D589E31C35B: receive requestVote(PRE_VOTE, s2, group-5D589E31C35B, 1, (t:1, i:0))
2022-11-08 19:11:21,608 [HandlerDaemon-0] INFO  impl.VoteContext (VoteContext.java:log(49)) - s4@group-5D589E31C35B-FOLLOWER: reject PRE_VOTE from s2: this server is a follower and still has a valid leader s3
2022-11-08 19:11:21,608 [HandlerDaemon-1] INFO  server.RaftServer$Division (RaftServerImpl.java:requestVote(1294)) - s0@group-5D589E31C35B: receive requestVote(PRE_VOTE, s2, group-5D589E31C35B, 1, (t:1, i:0))
2022-11-08 19:11:21,608 [HandlerDaemon-1] INFO  impl.VoteContext (VoteContext.java:log(49)) - s0@group-5D589E31C35B-FOLLOWER: reject PRE_VOTE from s2: this server is a follower and still has a valid leader s3
2022-11-08 19:11:21,608 [HandlerDaemon-1] INFO  server.RaftServer$Division (RaftServerImpl.java:requestVote(1294)) - s1@group-5D589E31C35B: receive requestVote(PRE_VOTE, s2, group-5D589E31C35B, 1, (t:1, i:0))
2022-11-08 19:11:21,608 [HandlerDaemon-1] INFO  impl.VoteContext (VoteContext.java:log(49)) - s1@group-5D589E31C35B-FOLLOWER: reject PRE_VOTE from s2: this server is a follower and still has a valid leader s3
2022-11-08 19:11:21,607 [HandlerDaemon-0] INFO  impl.VoteContext (VoteContext.java:log(49)) - s3@group-5D589E31C35B-LEADER: reject PRE_VOTE from s2: this server is the leader and still has leadership
2022-11-08 19:11:21,608 [HandlerDaemon-1] INFO  server.RaftServer$Division (RaftServerImpl.java:requestVote(1327)) - s1@group-5D589E31C35B replies to PRE_VOTE vote request: s2<-s1#0:FAIL-t1. Peer's state: s1@group-5D589E31C35B:t1, leader=s3, voted=s3, raftlog=Memoized:s1@group-5D589E31C35B-SegmentedRaftLog:OPENED:c0, conf=0: peers:[s3|rpc:localhost:37653|admin:localhost:36015|client:localhost:42101|dataStream:localhost:39669|priority:0|startupRole:FOLLOWER, s4|rpc:localhost:43189|admin:localhost:35299|client:localhost:33007|dataStream:localhost:42297|priority:0|startupRole:FOLLOWER, s0|rpc:localhost:41893|admin:localhost:37625|client:localhost:41993|dataStream:localhost:45101|priority:0|startupRole:FOLLOWER, s1|rpc:localhost:34273|admin:localhost:36031|client:localhost:35527|dataStream:localhost:45605|priority:0|startupRole:FOLLOWER, s2|rpc:localhost:37305|admin:localhost:39781|client:localhost:45787|dataStream:localhost:38773|priority:0|startupRole:FOLLOWER]|listeners:[], old=null
2022-11-08 19:11:21,608 [HandlerDaemon-0] INFO  server.RaftServer$Division (RaftServerImpl.java:requestVote(1327)) - s3@group-5D589E31C35B replies to PRE_VOTE vote request: s2<-s3#0:FAIL-t1. Peer's state: s3@group-5D589E31C35B:t1, leader=s3, voted=s3, raftlog=Memoized:s3@group-5D589E31C35B-SegmentedRaftLog:OPENED:c0, conf=0: peers:[s3|rpc:localhost:37653|admin:localhost:36015|client:localhost:42101|dataStream:localhost:39669|priority:0|startupRole:FOLLOWER, s4|rpc:localhost:43189|admin:localhost:35299|client:localhost:33007|dataStream:localhost:42297|priority:0|startupRole:FOLLOWER, s0|rpc:localhost:41893|admin:localhost:37625|client:localhost:41993|dataStream:localhost:45101|priority:0|startupRole:FOLLOWER, s1|rpc:localhost:34273|admin:localhost:36031|client:localhost:35527|dataStream:localhost:45605|priority:0|startupRole:FOLLOWER, s2|rpc:localhost:37305|admin:localhost:39781|client:localhost:45787|dataStream:localhost:38773|priority:0|startupRole:FOLLOWER]|listeners:[], old=null
2022-11-08 19:11:21,608 [HandlerDaemon-1] INFO  server.RaftServer$Division (RaftServerImpl.java:requestVote(1327)) - s0@group-5D589E31C35B replies to PRE_VOTE vote request: s2<-s0#0:FAIL-t1. Peer's state: s0@group-5D589E31C35B:t1, leader=s3, voted=s3, raftlog=Memoized:s0@group-5D589E31C35B-SegmentedRaftLog:OPENED:c0, conf=0: peers:[s3|rpc:localhost:37653|admin:localhost:36015|client:localhost:42101|dataStream:localhost:39669|priority:0|startupRole:FOLLOWER, s4|rpc:localhost:43189|admin:localhost:35299|client:localhost:33007|dataStream:localhost:42297|priority:0|startupRole:FOLLOWER, s0|rpc:localhost:41893|admin:localhost:37625|client:localhost:41993|dataStream:localhost:45101|priority:0|startupRole:FOLLOWER, s1|rpc:localhost:34273|admin:localhost:36031|client:localhost:35527|dataStream:localhost:45605|priority:0|startupRole:FOLLOWER, s2|rpc:localhost:37305|admin:localhost:39781|client:localhost:45787|dataStream:localhost:38773|priority:0|startupRole:FOLLOWER]|listeners:[], old=null
2022-11-08 19:11:21,608 [HandlerDaemon-0] INFO  server.RaftServer$Division (RaftServerImpl.java:requestVote(1327)) - s4@group-5D589E31C35B replies to PRE_VOTE vote request: s2<-s4#0:FAIL-t1. Peer's state: s4@group-5D589E31C35B:t1, leader=s3, voted=s3, raftlog=Memoized:s4@group-5D589E31C35B-SegmentedRaftLog:OPENED:c0, conf=0: peers:[s3|rpc:localhost:37653|admin:localhost:36015|client:localhost:42101|dataStream:localhost:39669|priority:0|startupRole:FOLLOWER, s4|rpc:localhost:43189|admin:localhost:35299|client:localhost:33007|dataStream:localhost:42297|priority:0|startupRole:FOLLOWER, s0|rpc:localhost:41893|admin:localhost:37625|client:localhost:41993|dataStream:localhost:45101|priority:0|startupRole:FOLLOWER, s1|rpc:localhost:34273|admin:localhost:36031|client:localhost:35527|dataStream:localhost:45605|priority:0|startupRole:FOLLOWER, s2|rpc:localhost:37305|admin:localhost:39781|client:localhost:45787|dataStream:localhost:38773|priority:0|startupRole:FOLLOWER]|listeners:[], old=null
2022-11-08 19:11:21,608 [s2@group-5D589E31C35B-LeaderElection9] INFO  impl.LeaderElection (LeaderElection.java:logAndReturn(89)) - s2@group-5D589E31C35B-LeaderElection9: PRE_VOTE REJECTED received 3 response(s) and 0 exception(s):
2022-11-08 19:11:21,608 [s2@group-5D589E31C35B-LeaderElection9] INFO  impl.LeaderElection (LeaderElection.java:logAndReturn(93)) -   Response 0: s2<-s3#0:FAIL-t1
2022-11-08 19:11:21,608 [s2@group-5D589E31C35B-LeaderElection9] INFO  impl.LeaderElection (LeaderElection.java:logAndReturn(93)) -   Response 1: s2<-s4#0:FAIL-t1
2022-11-08 19:11:21,608 [s2@group-5D589E31C35B-LeaderElection9] INFO  impl.LeaderElection (LeaderElection.java:logAndReturn(93)) -   Response 2: s2<-s0#0:FAIL-t1
2022-11-08 19:11:21,608 [s2@group-5D589E31C35B-LeaderElection9] INFO  impl.LeaderElection (LeaderElection.java:askForVotes(311)) - s2@group-5D589E31C35B-LeaderElection9 PRE_VOTE round 0: result REJECTED
2022-11-08 19:11:21,608 [s2@group-5D589E31C35B-LeaderElection9] INFO  server.RaftServer$Division (RaftServerImpl.java:setRole(325)) - s2@group-5D589E31C35B: changes role from CANDIDATE to FOLLOWER at term 1 for REJECTED
2022-11-08 19:11:21,608 [s2@group-5D589E31C35B-LeaderElection9] INFO  impl.RoleInfo (RoleInfo.java:shutdownLeaderElection(130)) - s2: shutdown s2@group-5D589E31C35B-LeaderElection9
2022-11-08 19:11:21,609 [s2@group-5D589E31C35B-LeaderElection9] INFO  impl.RoleInfo (RoleInfo.java:updateAndGet(139)) - s2: start s2@group-5D589E31C35B-FollowerState
2022-11-08 19:11:21,644 [HandlerDaemon-1] INFO  server.RaftServer$Division (RaftServerImpl.java:requestVote(1294)) - s3@group-5D589E31C35B: receive requestVote(PRE_VOTE, s0, group-5D589E31C35B, 1, (t:1, i:0))
2022-11-08 19:11:21,644 [HandlerDaemon-1] INFO  impl.VoteContext (VoteContext.java:log(49)) - s3@group-5D589E31C35B-LEADER: reject PRE_VOTE from s0: this server is the leader and still has leadership
2022-11-08 19:11:21,644 [HandlerDaemon-1] INFO  server.RaftServer$Division (RaftServerImpl.java:requestVote(1294)) - s4@group-5D589E31C35B: receive requestVote(PRE_VOTE, s0, group-5D589E31C35B, 1, (t:1, i:0))
2022-11-08 19:11:21,644 [HandlerDaemon-1] INFO  server.RaftServer$Division (RaftServerImpl.java:requestVote(1327)) - s3@group-5D589E31C35B replies to PRE_VOTE vote request: s0<-s3#0:FAIL-t1. Peer's state: s3@group-5D589E31C35B:t1, leader=s3, voted=s3, raftlog=Memoized:s3@group-5D589E31C35B-SegmentedRaftLog:OPENED:c0, conf=0: peers:[s3|rpc:localhost:37653|admin:localhost:36015|client:localhost:42101|dataStream:localhost:39669|priority:0|startupRole:FOLLOWER, s4|rpc:localhost:43189|admin:localhost:35299|client:localhost:33007|dataStream:localhost:42297|priority:0|startupRole:FOLLOWER, s0|rpc:localhost:41893|admin:localhost:37625|client:localhost:41993|dataStream:localhost:45101|priority:0|startupRole:FOLLOWER, s1|rpc:localhost:34273|admin:localhost:36031|client:localhost:35527|dataStream:localhost:45605|priority:0|startupRole:FOLLOWER, s2|rpc:localhost:37305|admin:localhost:39781|client:localhost:45787|dataStream:localhost:38773|priority:0|startupRole:FOLLOWER]|listeners:[], old=null
2022-11-08 19:11:21,644 [HandlerDaemon-1] INFO  impl.VoteContext (VoteContext.java:log(49)) - s4@group-5D589E31C35B-FOLLOWER: reject PRE_VOTE from s0: this server is a follower and still has a valid leader s3
2022-11-08 19:11:21,644 [HandlerDaemon-1] INFO  server.RaftServer$Division (RaftServerImpl.java:requestVote(1327)) - s4@group-5D589E31C35B replies to PRE_VOTE vote request: s0<-s4#0:FAIL-t1. Peer's state: s4@group-5D589E31C35B:t1, leader=s3, voted=s3, raftlog=Memoized:s4@group-5D589E31C35B-SegmentedRaftLog:OPENED:c0, conf=0: peers:[s3|rpc:localhost:37653|admin:localhost:36015|client:localhost:42101|dataStream:localhost:39669|priority:0|startupRole:FOLLOWER, s4|rpc:localhost:43189|admin:localhost:35299|client:localhost:33007|dataStream:localhost:42297|priority:0|startupRole:FOLLOWER, s0|rpc:localhost:41893|admin:localhost:37625|client:localhost:41993|dataStream:localhost:45101|priority:0|startupRole:FOLLOWER, s1|rpc:localhost:34273|admin:localhost:36031|client:localhost:35527|dataStream:localhost:45605|priority:0|startupRole:FOLLOWER, s2|rpc:localhost:37305|admin:localhost:39781|client:localhost:45787|dataStream:localhost:38773|priority:0|startupRole:FOLLOWER]|listeners:[], old=null
2022-11-08 19:11:21,646 [HandlerDaemon-2] INFO  server.RaftServer$Division (RaftServerImpl.java:requestVote(1294)) - s1@group-5D589E31C35B: receive requestVote(PRE_VOTE, s0, group-5D589E31C35B, 1, (t:1, i:0))
2022-11-08 19:11:21,646 [HandlerDaemon-2] INFO  impl.VoteContext (VoteContext.java:log(49)) - s1@group-5D589E31C35B-FOLLOWER: reject PRE_VOTE from s0: this server is a follower and still has a valid leader s3
2022-11-08 19:11:21,646 [HandlerDaemon-2] INFO  server.RaftServer$Division (RaftServerImpl.java:requestVote(1327)) - s1@group-5D589E31C35B replies to PRE_VOTE vote request: s0<-s1#0:FAIL-t1. Peer's state: s1@group-5D589E31C35B:t1, leader=s3, voted=s3, raftlog=Memoized:s1@group-5D589E31C35B-SegmentedRaftLog:OPENED:c0, conf=0: peers:[s3|rpc:localhost:37653|admin:localhost:36015|client:localhost:42101|dataStream:localhost:39669|priority:0|startupRole:FOLLOWER, s4|rpc:localhost:43189|admin:localhost:35299|client:localhost:33007|dataStream:localhost:42297|priority:0|startupRole:FOLLOWER, s0|rpc:localhost:41893|admin:localhost:37625|client:localhost:41993|dataStream:localhost:45101|priority:0|startupRole:FOLLOWER, s1|rpc:localhost:34273|admin:localhost:36031|client:localhost:35527|dataStream:localhost:45605|priority:0|startupRole:FOLLOWER, s2|rpc:localhost:37305|admin:localhost:39781|client:localhost:45787|dataStream:localhost:38773|priority:0|startupRole:FOLLOWER]|listeners:[], old=null
2022-11-08 19:11:21,786 [HandlerDaemon-0] INFO  server.RaftServer$Division (ServerState.java:setLeader(259)) - s2@group-5D589E31C35B: change Leader from null to s3 at term 1 for appendEntries, leader elected after 328ms
2022-11-08 19:11:21,796 [HandlerDaemon-1] INFO  server.RaftServer$Division (RaftServerImpl.java:requestVote(1294)) - s2@group-5D589E31C35B: receive requestVote(PRE_VOTE, s0, group-5D589E31C35B, 1, (t:1, i:0))
2022-11-08 19:11:21,797 [HandlerDaemon-1] INFO  impl.VoteContext (VoteContext.java:log(49)) - s2@group-5D589E31C35B-FOLLOWER: reject PRE_VOTE from s0: this server is a follower and still has a valid leader s3
2022-11-08 19:11:21,797 [HandlerDaemon-1] INFO  server.RaftServer$Division (RaftServerImpl.java:requestVote(1327)) - s2@group-5D589E31C35B replies to PRE_VOTE vote request: s0<-s2#0:FAIL-t1. Peer's state: s2@group-5D589E31C35B:t1, leader=s3, voted=s3, raftlog=Memoized:s2@group-5D589E31C35B-SegmentedRaftLog:OPENED:c0, conf=0: peers:[s3|rpc:localhost:37653|admin:localhost:36015|client:localhost:42101|dataStream:localhost:39669|priority:0|startupRole:FOLLOWER, s4|rpc:localhost:43189|admin:localhost:35299|client:localhost:33007|dataStream:localhost:42297|priority:0|startupRole:FOLLOWER, s0|rpc:localhost:41893|admin:localhost:37625|client:localhost:41993|dataStream:localhost:45101|priority:0|startupRole:FOLLOWER, s1|rpc:localhost:34273|admin:localhost:36031|client:localhost:35527|dataStream:localhost:45605|priority:0|startupRole:FOLLOWER, s2|rpc:localhost:37305|admin:localhost:39781|client:localhost:45787|dataStream:localhost:38773|priority:0|startupRole:FOLLOWER]|listeners:[], old=null
2022-11-08 19:11:22,015 [Time-limited test] INFO  simulation.TestLeaderElectionWithSimulatedRpc (LeaderElectionTests.java:enforceLeader(292)) - try enforcing leader to s2 but new leader is s3
2022-11-08 19:11:22,015 [Time-limited test] INFO  server.RaftServerConfigKeys (ConfUtils.java:logGet(46)) - raft.server.rpc.timeout.max = 300ms (default)
2022-11-08 19:11:22,337 [s2@group-5D589E31C35B-FollowerState] INFO  impl.FollowerState (FollowerState.java:run(143)) - s2@group-5D589E31C35B-FollowerState: change to CANDIDATE, lastRpcElapsedTime:325556143ns, electionTimeout:264ms
2022-11-08 19:11:22,338 [s2@group-5D589E31C35B-FollowerState] INFO  impl.RoleInfo (RoleInfo.java:shutdownFollowerState(110)) - s2: shutdown s2@group-5D589E31C35B-FollowerState
2022-11-08 19:11:22,338 [s2@group-5D589E31C35B-FollowerState] INFO  server.RaftServer$Division (RaftServerImpl.java:setRole(325)) - s2@group-5D589E31C35B: changes role from  FOLLOWER to CANDIDATE at term 1 for changeToCandidate
2022-11-08 19:11:22,338 [s2@group-5D589E31C35B-FollowerState] INFO  server.RaftServerConfigKeys (ConfUtils.java:logGet(46)) - raft.server.leaderelection.pre-vote = true (default)
2022-11-08 19:11:22,338 [s2@group-5D589E31C35B-FollowerState] INFO  impl.RoleInfo (RoleInfo.java:updateAndGet(139)) - s2: start s2@group-5D589E31C35B-LeaderElection11
2022-11-08 19:11:22,341 [s2@group-5D589E31C35B-LeaderElection11] INFO  server.RaftServer$Division (ServerState.java:setLeader(259)) - s2@group-5D589E31C35B: change Leader from s3 to null at term 1 for PRE_VOTE
2022-11-08 19:11:22,341 [s2@group-5D589E31C35B-LeaderElection11] INFO  impl.LeaderElection (LeaderElection.java:askForVotes(309)) - s2@group-5D589E31C35B-LeaderElection11 PRE_VOTE round 0: submit vote requests at term 1 for 0: peers:[s3|rpc:localhost:37653|admin:localhost:36015|client:localhost:42101|dataStream:localhost:39669|priority:0|startupRole:FOLLOWER, s4|rpc:localhost:43189|admin:localhost:35299|client:localhost:33007|dataStream:localhost:42297|priority:0|startupRole:FOLLOWER, s0|rpc:localhost:41893|admin:localhost:37625|client:localhost:41993|dataStream:localhost:45101|priority:0|startupRole:FOLLOWER, s1|rpc:localhost:34273|admin:localhost:36031|client:localhost:35527|dataStream:localhost:45605|priority:0|startupRole:FOLLOWER, s2|rpc:localhost:37305|admin:localhost:39781|client:localhost:45787|dataStream:localhost:38773|priority:0|startupRole:FOLLOWER]|listeners:[], old=null
2022-11-08 19:11:22,466 [Time-limited test] INFO  server.RaftServerConfigKeys (ConfUtils.java:logGet(46)) - raft.server.rpc.timeout.max = 300ms (default)
2022-11-08 19:11:22,492 [HandlerDaemon-0] INFO  server.RaftServer$Division (RaftServerImpl.java:requestVote(1294)) - s1@group-5D589E31C35B: receive requestVote(PRE_VOTE, s2, group-5D589E31C35B, 1, (t:1, i:0))
2022-11-08 19:11:22,492 [HandlerDaemon-0] INFO  impl.VoteContext (VoteContext.java:log(49)) - s1@group-5D589E31C35B-FOLLOWER: reject PRE_VOTE from s2: this server is a follower and still has a valid leader s3
2022-11-08 19:11:22,492 [HandlerDaemon-0] INFO  server.RaftServer$Division (RaftServerImpl.java:requestVote(1327)) - s1@group-5D589E31C35B replies to PRE_VOTE vote request: s2<-s1#0:FAIL-t1. Peer's state: s1@group-5D589E31C35B:t1, leader=s3, voted=s3, raftlog=Memoized:s1@group-5D589E31C35B-SegmentedRaftLog:OPENED:c0, conf=0: peers:[s3|rpc:localhost:37653|admin:localhost:36015|client:localhost:42101|dataStream:localhost:39669|priority:0|startupRole:FOLLOWER, s4|rpc:localhost:43189|admin:localhost:35299|client:localhost:33007|dataStream:localhost:42297|priority:0|startupRole:FOLLOWER, s0|rpc:localhost:41893|admin:localhost:37625|client:localhost:41993|dataStream:localhost:45101|priority:0|startupRole:FOLLOWER, s1|rpc:localhost:34273|admin:localhost:36031|client:localhost:35527|dataStream:localhost:45605|priority:0|startupRole:FOLLOWER, s2|rpc:localhost:37305|admin:localhost:39781|client:localhost:45787|dataStream:localhost:38773|priority:0|startupRole:FOLLOWER]|listeners:[], old=null
2022-11-08 19:11:22,492 [HandlerDaemon-2] INFO  server.RaftServer$Division (RaftServerImpl.java:requestVote(1294)) - s4@group-5D589E31C35B: receive requestVote(PRE_VOTE, s2, group-5D589E31C35B, 1, (t:1, i:0))
2022-11-08 19:11:22,492 [HandlerDaemon-2] INFO  impl.VoteContext (VoteContext.java:log(49)) - s4@group-5D589E31C35B-FOLLOWER: reject PRE_VOTE from s2: this server is a follower and still has a valid leader s3
2022-11-08 19:11:22,492 [HandlerDaemon-2] INFO  server.RaftServer$Division (RaftServerImpl.java:requestVote(1294)) - s0@group-5D589E31C35B: receive requestVote(PRE_VOTE, s2, group-5D589E31C35B, 1, (t:1, i:0))
2022-11-08 19:11:22,492 [HandlerDaemon-2] INFO  server.RaftServer$Division (RaftServerImpl.java:requestVote(1327)) - s4@group-5D589E31C35B replies to PRE_VOTE vote request: s2<-s4#0:FAIL-t1. Peer's state: s4@group-5D589E31C35B:t1, leader=s3, voted=s3, raftlog=Memoized:s4@group-5D589E31C35B-SegmentedRaftLog:OPENED:c0, conf=0: peers:[s3|rpc:localhost:37653|admin:localhost:36015|client:localhost:42101|dataStream:localhost:39669|priority:0|startupRole:FOLLOWER, s4|rpc:localhost:43189|admin:localhost:35299|client:localhost:33007|dataStream:localhost:42297|priority:0|startupRole:FOLLOWER, s0|rpc:localhost:41893|admin:localhost:37625|client:localhost:41993|dataStream:localhost:45101|priority:0|startupRole:FOLLOWER, s1|rpc:localhost:34273|admin:localhost:36031|client:localhost:35527|dataStream:localhost:45605|priority:0|startupRole:FOLLOWER, s2|rpc:localhost:37305|admin:localhost:39781|client:localhost:45787|dataStream:localhost:38773|priority:0|startupRole:FOLLOWER]|listeners:[], old=null
2022-11-08 19:11:22,492 [HandlerDaemon-2] INFO  impl.VoteContext (VoteContext.java:log(49)) - s0@group-5D589E31C35B-FOLLOWER: reject PRE_VOTE from s2: this server is a follower and still has a valid leader s3
2022-11-08 19:11:22,492 [HandlerDaemon-2] INFO  server.RaftServer$Division (RaftServerImpl.java:requestVote(1327)) - s0@group-5D589E31C35B replies to PRE_VOTE vote request: s2<-s0#0:FAIL-t1. Peer's state: s0@group-5D589E31C35B:t1, leader=s3, voted=s3, raftlog=Memoized:s0@group-5D589E31C35B-SegmentedRaftLog:OPENED:c0, conf=0: peers:[s3|rpc:localhost:37653|admin:localhost:36015|client:localhost:42101|dataStream:localhost:39669|priority:0|startupRole:FOLLOWER, s4|rpc:localhost:43189|admin:localhost:35299|client:localhost:33007|dataStream:localhost:42297|priority:0|startupRole:FOLLOWER, s0|rpc:localhost:41893|admin:localhost:37625|client:localhost:41993|dataStream:localhost:45101|priority:0|startupRole:FOLLOWER, s1|rpc:localhost:34273|admin:localhost:36031|client:localhost:35527|dataStream:localhost:45605|priority:0|startupRole:FOLLOWER, s2|rpc:localhost:37305|admin:localhost:39781|client:localhost:45787|dataStream:localhost:38773|priority:0|startupRole:FOLLOWER]|listeners:[], old=null
2022-11-08 19:11:22,492 [s2@group-5D589E31C35B-LeaderElection11] INFO  impl.LeaderElection (LeaderElection.java:logAndReturn(89)) - s2@group-5D589E31C35B-LeaderElection11: PRE_VOTE REJECTED received 3 response(s) and 0 exception(s):
2022-11-08 19:11:22,492 [s2@group-5D589E31C35B-LeaderElection11] INFO  impl.LeaderElection (LeaderElection.java:logAndReturn(93)) -   Response 0: s2<-s4#0:FAIL-t1
2022-11-08 19:11:22,492 [s2@group-5D589E31C35B-LeaderElection11] INFO  impl.LeaderElection (LeaderElection.java:logAndReturn(93)) -   Response 1: s2<-s0#0:FAIL-t1
2022-11-08 19:11:22,492 [s2@group-5D589E31C35B-LeaderElection11] INFO  impl.LeaderElection (LeaderElection.java:logAndReturn(93)) -   Response 2: s2<-s1#0:FAIL-t1
2022-11-08 19:11:22,492 [s2@group-5D589E31C35B-LeaderElection11] INFO  impl.LeaderElection (LeaderElection.java:askForVotes(311)) - s2@group-5D589E31C35B-LeaderElection11 PRE_VOTE round 0: result REJECTED
2022-11-08 19:11:22,492 [s2@group-5D589E31C35B-LeaderElection11] INFO  server.RaftServer$Division (RaftServerImpl.java:setRole(325)) - s2@group-5D589E31C35B: changes role from CANDIDATE to FOLLOWER at term 1 for REJECTED
2022-11-08 19:11:22,493 [s2@group-5D589E31C35B-LeaderElection11] INFO  impl.RoleInfo (RoleInfo.java:shutdownLeaderElection(130)) - s2: shutdown s2@group-5D589E31C35B-LeaderElection11
2022-11-08 19:11:22,493 [s2@group-5D589E31C35B-LeaderElection11] INFO  impl.RoleInfo (RoleInfo.java:updateAndGet(139)) - s2: start s2@group-5D589E31C35B-FollowerState
2022-11-08 19:11:22,495 [HandlerDaemon-2] INFO  server.RaftServer$Division (RaftServerImpl.java:requestVote(1294)) - s3@group-5D589E31C35B: receive requestVote(PRE_VOTE, s2, group-5D589E31C35B, 1, (t:1, i:0))
2022-11-08 19:11:22,496 [HandlerDaemon-2] INFO  impl.VoteContext (VoteContext.java:log(49)) - s3@group-5D589E31C35B-LEADER: reject PRE_VOTE from s2: this server is the leader and still has leadership
2022-11-08 19:11:22,496 [HandlerDaemon-2] INFO  server.RaftServer$Division (RaftServerImpl.java:requestVote(1327)) - s3@group-5D589E31C35B replies to PRE_VOTE vote request: s2<-s3#0:FAIL-t1. Peer's state: s3@group-5D589E31C35B:t1, leader=s3, voted=s3, raftlog=Memoized:s3@group-5D589E31C35B-SegmentedRaftLog:OPENED:c0, conf=0: peers:[s3|rpc:localhost:37653|admin:localhost:36015|client:localhost:42101|dataStream:localhost:39669|priority:0|startupRole:FOLLOWER, s4|rpc:localhost:43189|admin:localhost:35299|client:localhost:33007|dataStream:localhost:42297|priority:0|startupRole:FOLLOWER, s0|rpc:localhost:41893|admin:localhost:37625|client:localhost:41993|dataStream:localhost:45101|priority:0|startupRole:FOLLOWER, s1|rpc:localhost:34273|admin:localhost:36031|client:localhost:35527|dataStream:localhost:45605|priority:0|startupRole:FOLLOWER, s2|rpc:localhost:37305|admin:localhost:39781|client:localhost:45787|dataStream:localhost:38773|priority:0|startupRole:FOLLOWER]|listeners:[], old=null
2022-11-08 19:11:22,687 [HandlerDaemon-2] INFO  server.RaftServer$Division (ServerState.java:setLeader(259)) - s2@group-5D589E31C35B: change Leader from null to s3 at term 1 for appendEntries, leader elected after 346ms
2022-11-08 19:11:22,916 [Time-limited test] INFO  simulation.TestLeaderElectionWithSimulatedRpc (LeaderElectionTests.java:enforceLeader(292)) - try enforcing leader to s2 but new leader is s3
2022-11-08 19:11:22,916 [Time-limited test] INFO  server.RaftServerConfigKeys (ConfUtils.java:logGet(46)) - raft.server.rpc.timeout.max = 300ms (default)
2022-11-08 19:11:23,182 [s2@group-5D589E31C35B-FollowerState] INFO  impl.FollowerState (FollowerState.java:run(143)) - s2@group-5D589E31C35B-FollowerState: change to CANDIDATE, lastRpcElapsedTime:268539652ns, electionTimeout:221ms
2022-11-08 19:11:23,182 [s2@group-5D589E31C35B-FollowerState] INFO  impl.RoleInfo (RoleInfo.java:shutdownFollowerState(110)) - s2: shutdown s2@group-5D589E31C35B-FollowerState
2022-11-08 19:11:23,182 [s2@group-5D589E31C35B-FollowerState] INFO  server.RaftServer$Division (RaftServerImpl.java:setRole(325)) - s2@group-5D589E31C35B: changes role from  FOLLOWER to CANDIDATE at term 1 for changeToCandidate
2022-11-08 19:11:23,183 [s2@group-5D589E31C35B-FollowerState] INFO  server.RaftServerConfigKeys (ConfUtils.java:logGet(46)) - raft.server.leaderelection.pre-vote = true (default)
2022-11-08 19:11:23,183 [s2@group-5D589E31C35B-FollowerState] INFO  impl.RoleInfo (RoleInfo.java:updateAndGet(139)) - s2: start s2@group-5D589E31C35B-LeaderElection12
2022-11-08 19:11:23,183 [s2@group-5D589E31C35B-LeaderElection12] INFO  server.RaftServer$Division (ServerState.java:setLeader(259)) - s2@group-5D589E31C35B: change Leader from s3 to null at term 1 for PRE_VOTE
2022-11-08 19:11:23,183 [s2@group-5D589E31C35B-LeaderElection12] INFO  impl.LeaderElection (LeaderElection.java:askForVotes(309)) - s2@group-5D589E31C35B-LeaderElection12 PRE_VOTE round 0: submit vote requests at term 1 for 0: peers:[s3|rpc:localhost:37653|admin:localhost:36015|client:localhost:42101|dataStream:localhost:39669|priority:0|startupRole:FOLLOWER, s4|rpc:localhost:43189|admin:localhost:35299|client:localhost:33007|dataStream:localhost:42297|priority:0|startupRole:FOLLOWER, s0|rpc:localhost:41893|admin:localhost:37625|client:localhost:41993|dataStream:localhost:45101|priority:0|startupRole:FOLLOWER, s1|rpc:localhost:34273|admin:localhost:36031|client:localhost:35527|dataStream:localhost:45605|priority:0|startupRole:FOLLOWER, s2|rpc:localhost:37305|admin:localhost:39781|client:localhost:45787|dataStream:localhost:38773|priority:0|startupRole:FOLLOWER]|listeners:[], old=null
2022-11-08 19:11:23,334 [HandlerDaemon-0] INFO  server.RaftServer$Division (RaftServerImpl.java:requestVote(1294)) - s3@group-5D589E31C35B: receive requestVote(PRE_VOTE, s2, group-5D589E31C35B, 1, (t:1, i:0))
2022-11-08 19:11:23,334 [HandlerDaemon-0] INFO  server.RaftServer$Division (RaftServerImpl.java:requestVote(1294)) - s4@group-5D589E31C35B: receive requestVote(PRE_VOTE, s2, group-5D589E31C35B, 1, (t:1, i:0))
2022-11-08 19:11:23,334 [HandlerDaemon-0] INFO  impl.VoteContext (VoteContext.java:log(49)) - s4@group-5D589E31C35B-FOLLOWER: accept PRE_VOTE from s2: our priority 0 <= candidate's priority 0
2022-11-08 19:11:23,334 [HandlerDaemon-0] INFO  impl.VoteContext (VoteContext.java:log(49)) - s3@group-5D589E31C35B-LEADER: reject PRE_VOTE from s2: this server is the leader and still has leadership
2022-11-08 19:11:23,334 [HandlerDaemon-0] INFO  server.RaftServer$Division (RaftServerImpl.java:requestVote(1327)) - s4@group-5D589E31C35B replies to PRE_VOTE vote request: s2<-s4#0:OK-t1. Peer's state: s4@group-5D589E31C35B:t1, leader=s3, voted=s3, raftlog=Memoized:s4@group-5D589E31C35B-SegmentedRaftLog:OPENED:c0, conf=0: peers:[s3|rpc:localhost:37653|admin:localhost:36015|client:localhost:42101|dataStream:localhost:39669|priority:0|startupRole:FOLLOWER, s4|rpc:localhost:43189|admin:localhost:35299|client:localhost:33007|dataStream:localhost:42297|priority:0|startupRole:FOLLOWER, s0|rpc:localhost:41893|admin:localhost:37625|client:localhost:41993|dataStream:localhost:45101|priority:0|startupRole:FOLLOWER, s1|rpc:localhost:34273|admin:localhost:36031|client:localhost:35527|dataStream:localhost:45605|priority:0|startupRole:FOLLOWER, s2|rpc:localhost:37305|admin:localhost:39781|client:localhost:45787|dataStream:localhost:38773|priority:0|startupRole:FOLLOWER]|listeners:[], old=null
2022-11-08 19:11:23,334 [HandlerDaemon-0] INFO  server.RaftServer$Division (RaftServerImpl.java:requestVote(1327)) - s3@group-5D589E31C35B replies to PRE_VOTE vote request: s2<-s3#0:FAIL-t1. Peer's state: s3@group-5D589E31C35B:t1, leader=s3, voted=s3, raftlog=Memoized:s3@group-5D589E31C35B-SegmentedRaftLog:OPENED:c0, conf=0: peers:[s3|rpc:localhost:37653|admin:localhost:36015|client:localhost:42101|dataStream:localhost:39669|priority:0|startupRole:FOLLOWER, s4|rpc:localhost:43189|admin:localhost:35299|client:localhost:33007|dataStream:localhost:42297|priority:0|startupRole:FOLLOWER, s0|rpc:localhost:41893|admin:localhost:37625|client:localhost:41993|dataStream:localhost:45101|priority:0|startupRole:FOLLOWER, s1|rpc:localhost:34273|admin:localhost:36031|client:localhost:35527|dataStream:localhost:45605|priority:0|startupRole:FOLLOWER, s2|rpc:localhost:37305|admin:localhost:39781|client:localhost:45787|dataStream:localhost:38773|priority:0|startupRole:FOLLOWER]|listeners:[], old=null
2022-11-08 19:11:23,334 [HandlerDaemon-1] INFO  server.RaftServer$Division (RaftServerImpl.java:requestVote(1294)) - s0@group-5D589E31C35B: receive requestVote(PRE_VOTE, s2, group-5D589E31C35B, 1, (t:1, i:0))
2022-11-08 19:11:23,334 [HandlerDaemon-1] INFO  impl.VoteContext (VoteContext.java:log(49)) - s0@group-5D589E31C35B-FOLLOWER: reject PRE_VOTE from s2: this server is a follower and still has a valid leader s3
2022-11-08 19:11:23,334 [HandlerDaemon-1] INFO  server.RaftServer$Division (RaftServerImpl.java:requestVote(1327)) - s0@group-5D589E31C35B replies to PRE_VOTE vote request: s2<-s0#0:FAIL-t1. Peer's state: s0@group-5D589E31C35B:t1, leader=s3, voted=s3, raftlog=Memoized:s0@group-5D589E31C35B-SegmentedRaftLog:OPENED:c0, conf=0: peers:[s3|rpc:localhost:37653|admin:localhost:36015|client:localhost:42101|dataStream:localhost:39669|priority:0|startupRole:FOLLOWER, s4|rpc:localhost:43189|admin:localhost:35299|client:localhost:33007|dataStream:localhost:42297|priority:0|startupRole:FOLLOWER, s0|rpc:localhost:41893|admin:localhost:37625|client:localhost:41993|dataStream:localhost:45101|priority:0|startupRole:FOLLOWER, s1|rpc:localhost:34273|admin:localhost:36031|client:localhost:35527|dataStream:localhost:45605|priority:0|startupRole:FOLLOWER, s2|rpc:localhost:37305|admin:localhost:39781|client:localhost:45787|dataStream:localhost:38773|priority:0|startupRole:FOLLOWER]|listeners:[], old=null
2022-11-08 19:11:23,334 [HandlerDaemon-1] INFO  server.RaftServer$Division (RaftServerImpl.java:requestVote(1294)) - s1@group-5D589E31C35B: receive requestVote(PRE_VOTE, s2, group-5D589E31C35B, 1, (t:1, i:0))
2022-11-08 19:11:23,335 [HandlerDaemon-1] INFO  impl.VoteContext (VoteContext.java:log(49)) - s1@group-5D589E31C35B-FOLLOWER: reject PRE_VOTE from s2: this server is a follower and still has a valid leader s3
2022-11-08 19:11:23,335 [HandlerDaemon-1] INFO  server.RaftServer$Division (RaftServerImpl.java:requestVote(1327)) - s1@group-5D589E31C35B replies to PRE_VOTE vote request: s2<-s1#0:FAIL-t1. Peer's state: s1@group-5D589E31C35B:t1, leader=s3, voted=s3, raftlog=Memoized:s1@group-5D589E31C35B-SegmentedRaftLog:OPENED:c0, conf=0: peers:[s3|rpc:localhost:37653|admin:localhost:36015|client:localhost:42101|dataStream:localhost:39669|priority:0|startupRole:FOLLOWER, s4|rpc:localhost:43189|admin:localhost:35299|client:localhost:33007|dataStream:localhost:42297|priority:0|startupRole:FOLLOWER, s0|rpc:localhost:41893|admin:localhost:37625|client:localhost:41993|dataStream:localhost:45101|priority:0|startupRole:FOLLOWER, s1|rpc:localhost:34273|admin:localhost:36031|client:localhost:35527|dataStream:localhost:45605|priority:0|startupRole:FOLLOWER, s2|rpc:localhost:37305|admin:localhost:39781|client:localhost:45787|dataStream:localhost:38773|priority:0|startupRole:FOLLOWER]|listeners:[], old=null
2022-11-08 19:11:23,335 [s2@group-5D589E31C35B-LeaderElection12] INFO  impl.LeaderElection (LeaderElection.java:logAndReturn(89)) - s2@group-5D589E31C35B-LeaderElection12: PRE_VOTE REJECTED received 4 response(s) and 0 exception(s):
2022-11-08 19:11:23,335 [s2@group-5D589E31C35B-LeaderElection12] INFO  impl.LeaderElection (LeaderElection.java:logAndReturn(93)) -   Response 0: s2<-s3#0:FAIL-t1
2022-11-08 19:11:23,335 [s2@group-5D589E31C35B-LeaderElection12] INFO  impl.LeaderElection (LeaderElection.java:logAndReturn(93)) -   Response 1: s2<-s4#0:OK-t1
2022-11-08 19:11:23,335 [s2@group-5D589E31C35B-LeaderElection12] INFO  impl.LeaderElection (LeaderElection.java:logAndReturn(93)) -   Response 2: s2<-s0#0:FAIL-t1
2022-11-08 19:11:23,335 [s2@group-5D589E31C35B-LeaderElection12] INFO  impl.LeaderElection (LeaderElection.java:logAndReturn(93)) -   Response 3: s2<-s1#0:FAIL-t1
2022-11-08 19:11:23,335 [s2@group-5D589E31C35B-LeaderElection12] INFO  impl.LeaderElection (LeaderElection.java:askForVotes(311)) - s2@group-5D589E31C35B-LeaderElection12 PRE_VOTE round 0: result REJECTED
2022-11-08 19:11:23,335 [s2@group-5D589E31C35B-LeaderElection12] INFO  server.RaftServer$Division (RaftServerImpl.java:setRole(325)) - s2@group-5D589E31C35B: changes role from CANDIDATE to FOLLOWER at term 1 for REJECTED
2022-11-08 19:11:23,335 [s2@group-5D589E31C35B-LeaderElection12] INFO  impl.RoleInfo (RoleInfo.java:shutdownLeaderElection(130)) - s2: shutdown s2@group-5D589E31C35B-LeaderElection12
2022-11-08 19:11:23,335 [s2@group-5D589E31C35B-LeaderElection12] INFO  impl.RoleInfo (RoleInfo.java:updateAndGet(139)) - s2: start s2@group-5D589E31C35B-FollowerState
2022-11-08 19:11:23,366 [Time-limited test] INFO  server.RaftServerConfigKeys (ConfUtils.java:logGet(46)) - raft.server.rpc.timeout.max = 300ms (default)
2022-11-08 19:11:23,520 [s2@group-5D589E31C35B-FollowerState] INFO  impl.FollowerState (FollowerState.java:run(143)) - s2@group-5D589E31C35B-FollowerState: change to CANDIDATE, lastRpcElapsedTime:184676768ns, electionTimeout:183ms
2022-11-08 19:11:23,520 [s2@group-5D589E31C35B-FollowerState] INFO  impl.RoleInfo (RoleInfo.java:shutdownFollowerState(110)) - s2: shutdown s2@group-5D589E31C35B-FollowerState
2022-11-08 19:11:23,520 [s2@group-5D589E31C35B-FollowerState] INFO  server.RaftServer$Division (RaftServerImpl.java:setRole(325)) - s2@group-5D589E31C35B: changes role from  FOLLOWER to CANDIDATE at term 1 for changeToCandidate
2022-11-08 19:11:23,520 [s2@group-5D589E31C35B-FollowerState] INFO  server.RaftServerConfigKeys (ConfUtils.java:logGet(46)) - raft.server.leaderelection.pre-vote = true (default)
2022-11-08 19:11:23,520 [s2@group-5D589E31C35B-FollowerState] INFO  impl.RoleInfo (RoleInfo.java:updateAndGet(139)) - s2: start s2@group-5D589E31C35B-LeaderElection13
2022-11-08 19:11:23,525 [s2@group-5D589E31C35B-LeaderElection13] INFO  impl.LeaderElection (LeaderElection.java:askForVotes(309)) - s2@group-5D589E31C35B-LeaderElection13 PRE_VOTE round 0: submit vote requests at term 1 for 0: peers:[s3|rpc:localhost:37653|admin:localhost:36015|client:localhost:42101|dataStream:localhost:39669|priority:0|startupRole:FOLLOWER, s4|rpc:localhost:43189|admin:localhost:35299|client:localhost:33007|dataStream:localhost:42297|priority:0|startupRole:FOLLOWER, s0|rpc:localhost:41893|admin:localhost:37625|client:localhost:41993|dataStream:localhost:45101|priority:0|startupRole:FOLLOWER, s1|rpc:localhost:34273|admin:localhost:36031|client:localhost:35527|dataStream:localhost:45605|priority:0|startupRole:FOLLOWER, s2|rpc:localhost:37305|admin:localhost:39781|client:localhost:45787|dataStream:localhost:38773|priority:0|startupRole:FOLLOWER]|listeners:[], old=null
2022-11-08 19:11:23,525 [HandlerDaemon-1] INFO  server.RaftServer$Division (RaftServerImpl.java:requestVote(1294)) - s3@group-5D589E31C35B: receive requestVote(PRE_VOTE, s2, group-5D589E31C35B, 1, (t:1, i:0))
2022-11-08 19:11:23,525 [HandlerDaemon-1] INFO  impl.VoteContext (VoteContext.java:log(49)) - s3@group-5D589E31C35B-LEADER: reject PRE_VOTE from s2: this server is the leader and still has leadership
2022-11-08 19:11:23,525 [HandlerDaemon-1] INFO  server.RaftServer$Division (RaftServerImpl.java:requestVote(1327)) - s3@group-5D589E31C35B replies to PRE_VOTE vote request: s2<-s3#0:FAIL-t1. Peer's state: s3@group-5D589E31C35B:t1, leader=s3, voted=s3, raftlog=Memoized:s3@group-5D589E31C35B-SegmentedRaftLog:OPENED:c0, conf=0: peers:[s3|rpc:localhost:37653|admin:localhost:36015|client:localhost:42101|dataStream:localhost:39669|priority:0|startupRole:FOLLOWER, s4|rpc:localhost:43189|admin:localhost:35299|client:localhost:33007|dataStream:localhost:42297|priority:0|startupRole:FOLLOWER, s0|rpc:localhost:41893|admin:localhost:37625|client:localhost:41993|dataStream:localhost:45101|priority:0|startupRole:FOLLOWER, s1|rpc:localhost:34273|admin:localhost:36031|client:localhost:35527|dataStream:localhost:45605|priority:0|startupRole:FOLLOWER, s2|rpc:localhost:37305|admin:localhost:39781|client:localhost:45787|dataStream:localhost:38773|priority:0|startupRole:FOLLOWER]|listeners:[], old=null
2022-11-08 19:11:23,526 [HandlerDaemon-1] INFO  server.RaftServer$Division (RaftServerImpl.java:requestVote(1294)) - s0@group-5D589E31C35B: receive requestVote(PRE_VOTE, s2, group-5D589E31C35B, 1, (t:1, i:0))
2022-11-08 19:11:23,526 [HandlerDaemon-1] INFO  impl.VoteContext (VoteContext.java:log(49)) - s0@group-5D589E31C35B-FOLLOWER: reject PRE_VOTE from s2: this server is a follower and still has a valid leader s3
2022-11-08 19:11:23,526 [HandlerDaemon-1] INFO  server.RaftServer$Division (RaftServerImpl.java:requestVote(1327)) - s0@group-5D589E31C35B replies to PRE_VOTE vote request: s2<-s0#0:FAIL-t1. Peer's state: s0@group-5D589E31C35B:t1, leader=s3, voted=s3, raftlog=Memoized:s0@group-5D589E31C35B-SegmentedRaftLog:OPENED:c0, conf=0: peers:[s3|rpc:localhost:37653|admin:localhost:36015|client:localhost:42101|dataStream:localhost:39669|priority:0|startupRole:FOLLOWER, s4|rpc:localhost:43189|admin:localhost:35299|client:localhost:33007|dataStream:localhost:42297|priority:0|startupRole:FOLLOWER, s0|rpc:localhost:41893|admin:localhost:37625|client:localhost:41993|dataStream:localhost:45101|priority:0|startupRole:FOLLOWER, s1|rpc:localhost:34273|admin:localhost:36031|client:localhost:35527|dataStream:localhost:45605|priority:0|startupRole:FOLLOWER, s2|rpc:localhost:37305|admin:localhost:39781|client:localhost:45787|dataStream:localhost:38773|priority:0|startupRole:FOLLOWER]|listeners:[], old=null
2022-11-08 19:11:23,526 [HandlerDaemon-2] INFO  server.RaftServer$Division (RaftServerImpl.java:requestVote(1294)) - s4@group-5D589E31C35B: receive requestVote(PRE_VOTE, s2, group-5D589E31C35B, 1, (t:1, i:0))
2022-11-08 19:11:23,526 [HandlerDaemon-2] INFO  impl.VoteContext (VoteContext.java:log(49)) - s4@group-5D589E31C35B-FOLLOWER: reject PRE_VOTE from s2: this server is a follower and still has a valid leader s3
2022-11-08 19:11:23,527 [HandlerDaemon-2] INFO  server.RaftServer$Division (RaftServerImpl.java:requestVote(1327)) - s4@group-5D589E31C35B replies to PRE_VOTE vote request: s2<-s4#0:FAIL-t1. Peer's state: s4@group-5D589E31C35B:t1, leader=s3, voted=s3, raftlog=Memoized:s4@group-5D589E31C35B-SegmentedRaftLog:OPENED:c0, conf=0: peers:[s3|rpc:localhost:37653|admin:localhost:36015|client:localhost:42101|dataStream:localhost:39669|priority:0|startupRole:FOLLOWER, s4|rpc:localhost:43189|admin:localhost:35299|client:localhost:33007|dataStream:localhost:42297|priority:0|startupRole:FOLLOWER, s0|rpc:localhost:41893|admin:localhost:37625|client:localhost:41993|dataStream:localhost:45101|priority:0|startupRole:FOLLOWER, s1|rpc:localhost:34273|admin:localhost:36031|client:localhost:35527|dataStream:localhost:45605|priority:0|startupRole:FOLLOWER, s2|rpc:localhost:37305|admin:localhost:39781|client:localhost:45787|dataStream:localhost:38773|priority:0|startupRole:FOLLOWER]|listeners:[], old=null
2022-11-08 19:11:23,527 [HandlerDaemon-0] INFO  server.RaftServer$Division (RaftServerImpl.java:requestVote(1294)) - s1@group-5D589E31C35B: receive requestVote(PRE_VOTE, s2, group-5D589E31C35B, 1, (t:1, i:0))
2022-11-08 19:11:23,527 [s2@group-5D589E31C35B-LeaderElection13] INFO  impl.LeaderElection (LeaderElection.java:logAndReturn(89)) - s2@group-5D589E31C35B-LeaderElection13: PRE_VOTE REJECTED received 3 response(s) and 0 exception(s):
2022-11-08 19:11:23,527 [s2@group-5D589E31C35B-LeaderElection13] INFO  impl.LeaderElection (LeaderElection.java:logAndReturn(93)) -   Response 0: s2<-s3#0:FAIL-t1
2022-11-08 19:11:23,527 [HandlerDaemon-0] INFO  impl.VoteContext (VoteContext.java:log(49)) - s1@group-5D589E31C35B-FOLLOWER: reject PRE_VOTE from s2: this server is a follower and still has a valid leader s3
2022-11-08 19:11:23,527 [s2@group-5D589E31C35B-LeaderElection13] INFO  impl.LeaderElection (LeaderElection.java:logAndReturn(93)) -   Response 1: s2<-s4#0:FAIL-t1
2022-11-08 19:11:23,527 [s2@group-5D589E31C35B-LeaderElection13] INFO  impl.LeaderElection (LeaderElection.java:logAndReturn(93)) -   Response 2: s2<-s0#0:FAIL-t1
2022-11-08 19:11:23,527 [HandlerDaemon-0] INFO  server.RaftServer$Division (RaftServerImpl.java:requestVote(1327)) - s1@group-5D589E31C35B replies to PRE_VOTE vote request: s2<-s1#0:FAIL-t1. Peer's state: s1@group-5D589E31C35B:t1, leader=s3, voted=s3, raftlog=Memoized:s1@group-5D589E31C35B-SegmentedRaftLog:OPENED:c0, conf=0: peers:[s3|rpc:localhost:37653|admin:localhost:36015|client:localhost:42101|dataStream:localhost:39669|priority:0|startupRole:FOLLOWER, s4|rpc:localhost:43189|admin:localhost:35299|client:localhost:33007|dataStream:localhost:42297|priority:0|startupRole:FOLLOWER, s0|rpc:localhost:41893|admin:localhost:37625|client:localhost:41993|dataStream:localhost:45101|priority:0|startupRole:FOLLOWER, s1|rpc:localhost:34273|admin:localhost:36031|client:localhost:35527|dataStream:localhost:45605|priority:0|startupRole:FOLLOWER, s2|rpc:localhost:37305|admin:localhost:39781|client:localhost:45787|dataStream:localhost:38773|priority:0|startupRole:FOLLOWER]|listeners:[], old=null
2022-11-08 19:11:23,527 [s2@group-5D589E31C35B-LeaderElection13] INFO  impl.LeaderElection (LeaderElection.java:askForVotes(311)) - s2@group-5D589E31C35B-LeaderElection13 PRE_VOTE round 0: result REJECTED
2022-11-08 19:11:23,527 [s2@group-5D589E31C35B-LeaderElection13] INFO  server.RaftServer$Division (RaftServerImpl.java:setRole(325)) - s2@group-5D589E31C35B: changes role from CANDIDATE to FOLLOWER at term 1 for REJECTED
2022-11-08 19:11:23,527 [s2@group-5D589E31C35B-LeaderElection13] INFO  impl.RoleInfo (RoleInfo.java:shutdownLeaderElection(130)) - s2: shutdown s2@group-5D589E31C35B-LeaderElection13
2022-11-08 19:11:23,527 [s2@group-5D589E31C35B-LeaderElection13] INFO  impl.RoleInfo (RoleInfo.java:updateAndGet(139)) - s2: start s2@group-5D589E31C35B-FollowerState
2022-11-08 19:11:23,589 [HandlerDaemon-0] INFO  server.RaftServer$Division (ServerState.java:setLeader(259)) - s2@group-5D589E31C35B: change Leader from null to s3 at term 1 for appendEntries, leader elected after 405ms
2022-11-08 19:11:23,817 [Time-limited test] INFO  simulation.TestLeaderElectionWithSimulatedRpc (LeaderElectionTests.java:enforceLeader(292)) - try enforcing leader to s2 but new leader is s3
2022-11-08 19:11:23,817 [Time-limited test] INFO  server.RaftServerConfigKeys (ConfUtils.java:logGet(46)) - raft.server.rpc.timeout.max = 300ms (default)
2022-11-08 19:11:23,915 [s1@group-5D589E31C35B-FollowerState] INFO  impl.FollowerState (FollowerState.java:run(143)) - s1@group-5D589E31C35B-FollowerState: change to CANDIDATE, lastRpcElapsedTime:164864871ns, electionTimeout:156ms
2022-11-08 19:11:23,915 [s1@group-5D589E31C35B-FollowerState] INFO  impl.RoleInfo (RoleInfo.java:shutdownFollowerState(110)) - s1: shutdown s1@group-5D589E31C35B-FollowerState
2022-11-08 19:11:23,915 [s1@group-5D589E31C35B-FollowerState] INFO  server.RaftServer$Division (RaftServerImpl.java:setRole(325)) - s1@group-5D589E31C35B: changes role from  FOLLOWER to CANDIDATE at term 1 for changeToCandidate
2022-11-08 19:11:23,915 [s1@group-5D589E31C35B-FollowerState] INFO  server.RaftServerConfigKeys (ConfUtils.java:logGet(46)) - raft.server.leaderelection.pre-vote = true (default)
2022-11-08 19:11:23,915 [s1@group-5D589E31C35B-FollowerState] INFO  impl.RoleInfo (RoleInfo.java:updateAndGet(139)) - s1: start s1@group-5D589E31C35B-LeaderElection14
2022-11-08 19:11:23,915 [s1@group-5D589E31C35B-LeaderElection14] INFO  server.RaftServer$Division (ServerState.java:setLeader(259)) - s1@group-5D589E31C35B: change Leader from s3 to null at term 1 for PRE_VOTE
2022-11-08 19:11:23,915 [s1@group-5D589E31C35B-LeaderElection14] INFO  impl.LeaderElection (LeaderElection.java:askForVotes(309)) - s1@group-5D589E31C35B-LeaderElection14 PRE_VOTE round 0: submit vote requests at term 1 for 0: peers:[s3|rpc:localhost:37653|admin:localhost:36015|client:localhost:42101|dataStream:localhost:39669|priority:0|startupRole:FOLLOWER, s4|rpc:localhost:43189|admin:localhost:35299|client:localhost:33007|dataStream:localhost:42297|priority:0|startupRole:FOLLOWER, s0|rpc:localhost:41893|admin:localhost:37625|client:localhost:41993|dataStream:localhost:45101|priority:0|startupRole:FOLLOWER, s1|rpc:localhost:34273|admin:localhost:36031|client:localhost:35527|dataStream:localhost:45605|priority:0|startupRole:FOLLOWER, s2|rpc:localhost:37305|admin:localhost:39781|client:localhost:45787|dataStream:localhost:38773|priority:0|startupRole:FOLLOWER]|listeners:[], old=null
2022-11-08 19:11:23,975 [HandlerDaemon-2] INFO  server.RaftServer$Division (RaftServerImpl.java:setRole(325)) - s1@group-5D589E31C35B: changes role from CANDIDATE to FOLLOWER at term 1 for appendEntries
2022-11-08 19:11:23,975 [HandlerDaemon-2] INFO  impl.RoleInfo (RoleInfo.java:shutdownLeaderElection(130)) - s1: shutdown s1@group-5D589E31C35B-LeaderElection14
2022-11-08 19:11:23,975 [HandlerDaemon-2] INFO  impl.RoleInfo (RoleInfo.java:updateAndGet(139)) - s1: start s1@group-5D589E31C35B-FollowerState
2022-11-08 19:11:23,976 [HandlerDaemon-2] INFO  server.RaftServer$Division (ServerState.java:setLeader(259)) - s1@group-5D589E31C35B: change Leader from null to s3 at term 1 for appendEntries, leader elected after 60ms
2022-11-08 19:11:24,066 [HandlerDaemon-2] INFO  server.RaftServer$Division (RaftServerImpl.java:requestVote(1294)) - s3@group-5D589E31C35B: receive requestVote(PRE_VOTE, s1, group-5D589E31C35B, 1, (t:1, i:0))
2022-11-08 19:11:24,066 [HandlerDaemon-2] INFO  impl.VoteContext (VoteContext.java:log(49)) - s3@group-5D589E31C35B-LEADER: reject PRE_VOTE from s1: this server is the leader and still has leadership
2022-11-08 19:11:24,066 [HandlerDaemon-2] INFO  server.RaftServer$Division (RaftServerImpl.java:requestVote(1294)) - s4@group-5D589E31C35B: receive requestVote(PRE_VOTE, s1, group-5D589E31C35B, 1, (t:1, i:0))
2022-11-08 19:11:24,066 [HandlerDaemon-2] INFO  server.RaftServer$Division (RaftServerImpl.java:requestVote(1327)) - s3@group-5D589E31C35B replies to PRE_VOTE vote request: s1<-s3#0:FAIL-t1. Peer's state: s3@group-5D589E31C35B:t1, leader=s3, voted=s3, raftlog=Memoized:s3@group-5D589E31C35B-SegmentedRaftLog:OPENED:c0, conf=0: peers:[s3|rpc:localhost:37653|admin:localhost:36015|client:localhost:42101|dataStream:localhost:39669|priority:0|startupRole:FOLLOWER, s4|rpc:localhost:43189|admin:localhost:35299|client:localhost:33007|dataStream:localhost:42297|priority:0|startupRole:FOLLOWER, s0|rpc:localhost:41893|admin:localhost:37625|client:localhost:41993|dataStream:localhost:45101|priority:0|startupRole:FOLLOWER, s1|rpc:localhost:34273|admin:localhost:36031|client:localhost:35527|dataStream:localhost:45605|priority:0|startupRole:FOLLOWER, s2|rpc:localhost:37305|admin:localhost:39781|client:localhost:45787|dataStream:localhost:38773|priority:0|startupRole:FOLLOWER]|listeners:[], old=null
2022-11-08 19:11:24,066 [HandlerDaemon-1] INFO  server.RaftServer$Division (RaftServerImpl.java:requestVote(1294)) - s0@group-5D589E31C35B: receive requestVote(PRE_VOTE, s1, group-5D589E31C35B, 1, (t:1, i:0))
2022-11-08 19:11:24,066 [HandlerDaemon-1] INFO  impl.VoteContext (VoteContext.java:log(49)) - s0@group-5D589E31C35B-FOLLOWER: reject PRE_VOTE from s1: this server is a follower and still has a valid leader s3
2022-11-08 19:11:24,066 [s1@group-5D589E31C35B-LeaderElection14] INFO  impl.LeaderElection (LeaderElection.java:logAndReturn(89)) - s1@group-5D589E31C35B-LeaderElection14: PRE_VOTE REJECTED received 1 response(s) and 0 exception(s):
2022-11-08 19:11:24,066 [HandlerDaemon-1] INFO  server.RaftServer$Division (RaftServerImpl.java:requestVote(1327)) - s0@group-5D589E31C35B replies to PRE_VOTE vote request: s1<-s0#0:FAIL-t1. Peer's state: s0@group-5D589E31C35B:t1, leader=s3, voted=s3, raftlog=Memoized:s0@group-5D589E31C35B-SegmentedRaftLog:OPENED:c0, conf=0: peers:[s3|rpc:localhost:37653|admin:localhost:36015|client:localhost:42101|dataStream:localhost:39669|priority:0|startupRole:FOLLOWER, s4|rpc:localhost:43189|admin:localhost:35299|client:localhost:33007|dataStream:localhost:42297|priority:0|startupRole:FOLLOWER, s0|rpc:localhost:41893|admin:localhost:37625|client:localhost:41993|dataStream:localhost:45101|priority:0|startupRole:FOLLOWER, s1|rpc:localhost:34273|admin:localhost:36031|client:localhost:35527|dataStream:localhost:45605|priority:0|startupRole:FOLLOWER, s2|rpc:localhost:37305|admin:localhost:39781|client:localhost:45787|dataStream:localhost:38773|priority:0|startupRole:FOLLOWER]|listeners:[], old=null
2022-11-08 19:11:24,066 [HandlerDaemon-2] INFO  impl.VoteContext (VoteContext.java:log(49)) - s4@group-5D589E31C35B-FOLLOWER: reject PRE_VOTE from s1: this server is a follower and still has a valid leader s3
2022-11-08 19:11:24,066 [s1@group-5D589E31C35B-LeaderElection14] INFO  impl.LeaderElection (LeaderElection.java:logAndReturn(93)) -   Response 0: s1<-s3#0:FAIL-t1
2022-11-08 19:11:24,067 [HandlerDaemon-2] INFO  server.RaftServer$Division (RaftServerImpl.java:requestVote(1327)) - s4@group-5D589E31C35B replies to PRE_VOTE vote request: s1<-s4#0:FAIL-t1. Peer's state: s4@group-5D589E31C35B:t1, leader=s3, voted=s3, raftlog=Memoized:s4@group-5D589E31C35B-SegmentedRaftLog:OPENED:c0, conf=0: peers:[s3|rpc:localhost:37653|admin:localhost:36015|client:localhost:42101|dataStream:localhost:39669|priority:0|startupRole:FOLLOWER, s4|rpc:localhost:43189|admin:localhost:35299|client:localhost:33007|dataStream:localhost:42297|priority:0|startupRole:FOLLOWER, s0|rpc:localhost:41893|admin:localhost:37625|client:localhost:41993|dataStream:localhost:45101|priority:0|startupRole:FOLLOWER, s1|rpc:localhost:34273|admin:localhost:36031|client:localhost:35527|dataStream:localhost:45605|priority:0|startupRole:FOLLOWER, s2|rpc:localhost:37305|admin:localhost:39781|client:localhost:45787|dataStream:localhost:38773|priority:0|startupRole:FOLLOWER]|listeners:[], old=null
2022-11-08 19:11:24,067 [s1@group-5D589E31C35B-LeaderElection14] INFO  impl.LeaderElection (LeaderElection.java:askForVotes(311)) - s1@group-5D589E31C35B-LeaderElection14 PRE_VOTE round 0: result REJECTED
2022-11-08 19:11:24,220 [s4@group-5D589E31C35B-FollowerState] INFO  impl.FollowerState (FollowerState.java:run(143)) - s4@group-5D589E31C35B-FollowerState: change to CANDIDATE, lastRpcElapsedTime:184190267ns, electionTimeout:165ms
2022-11-08 19:11:24,221 [s4@group-5D589E31C35B-FollowerState] INFO  impl.RoleInfo (RoleInfo.java:shutdownFollowerState(110)) - s4: shutdown s4@group-5D589E31C35B-FollowerState
2022-11-08 19:11:24,221 [s4@group-5D589E31C35B-FollowerState] INFO  server.RaftServer$Division (RaftServerImpl.java:setRole(325)) - s4@group-5D589E31C35B: changes role from  FOLLOWER to CANDIDATE at term 1 for changeToCandidate
2022-11-08 19:11:24,221 [s4@group-5D589E31C35B-FollowerState] INFO  server.RaftServerConfigKeys (ConfUtils.java:logGet(46)) - raft.server.leaderelection.pre-vote = true (default)
2022-11-08 19:11:24,221 [s4@group-5D589E31C35B-FollowerState] INFO  impl.RoleInfo (RoleInfo.java:updateAndGet(139)) - s4: start s4@group-5D589E31C35B-LeaderElection15
2022-11-08 19:11:24,221 [s4@group-5D589E31C35B-LeaderElection15] INFO  server.RaftServer$Division (ServerState.java:setLeader(259)) - s4@group-5D589E31C35B: change Leader from s3 to null at term 1 for PRE_VOTE
2022-11-08 19:11:24,221 [s4@group-5D589E31C35B-LeaderElection15] INFO  impl.LeaderElection (LeaderElection.java:askForVotes(309)) - s4@group-5D589E31C35B-LeaderElection15 PRE_VOTE round 0: submit vote requests at term 1 for 0: peers:[s3|rpc:localhost:37653|admin:localhost:36015|client:localhost:42101|dataStream:localhost:39669|priority:0|startupRole:FOLLOWER, s4|rpc:localhost:43189|admin:localhost:35299|client:localhost:33007|dataStream:localhost:42297|priority:0|startupRole:FOLLOWER, s0|rpc:localhost:41893|admin:localhost:37625|client:localhost:41993|dataStream:localhost:45101|priority:0|startupRole:FOLLOWER, s1|rpc:localhost:34273|admin:localhost:36031|client:localhost:35527|dataStream:localhost:45605|priority:0|startupRole:FOLLOWER, s2|rpc:localhost:37305|admin:localhost:39781|client:localhost:45787|dataStream:localhost:38773|priority:0|startupRole:FOLLOWER]|listeners:[], old=null
2022-11-08 19:11:24,261 [s2@group-5D589E31C35B-FollowerState] INFO  impl.FollowerState (FollowerState.java:run(143)) - s2@group-5D589E31C35B-FollowerState: change to CANDIDATE, lastRpcElapsedTime:445365621ns, electionTimeout:193ms
2022-11-08 19:11:24,261 [s2@group-5D589E31C35B-FollowerState] INFO  impl.RoleInfo (RoleInfo.java:shutdownFollowerState(110)) - s2: shutdown s2@group-5D589E31C35B-FollowerState
2022-11-08 19:11:24,261 [s2@group-5D589E31C35B-FollowerState] INFO  server.RaftServer$Division (RaftServerImpl.java:setRole(325)) - s2@group-5D589E31C35B: changes role from  FOLLOWER to CANDIDATE at term 1 for changeToCandidate
2022-11-08 19:11:24,261 [s2@group-5D589E31C35B-FollowerState] INFO  server.RaftServerConfigKeys (ConfUtils.java:logGet(46)) - raft.server.leaderelection.pre-vote = true (default)
2022-11-08 19:11:24,261 [s2@group-5D589E31C35B-FollowerState] INFO  impl.RoleInfo (RoleInfo.java:updateAndGet(139)) - s2: start s2@group-5D589E31C35B-LeaderElection16
2022-11-08 19:11:24,262 [HandlerDaemon-1] INFO  server.RaftServer$Division (RaftServerImpl.java:setRole(325)) - s4@group-5D589E31C35B: changes role from CANDIDATE to FOLLOWER at term 1 for appendEntries
2022-11-08 19:11:24,262 [HandlerDaemon-1] INFO  impl.RoleInfo (RoleInfo.java:shutdownLeaderElection(130)) - s4: shutdown s4@group-5D589E31C35B-LeaderElection15
2022-11-08 19:11:24,262 [HandlerDaemon-1] INFO  impl.RoleInfo (RoleInfo.java:updateAndGet(139)) - s4: start s4@group-5D589E31C35B-FollowerState
2022-11-08 19:11:24,262 [s2@group-5D589E31C35B-LeaderElection16] INFO  server.RaftServer$Division (ServerState.java:setLeader(259)) - s2@group-5D589E31C35B: change Leader from s3 to null at term 1 for PRE_VOTE
2022-11-08 19:11:24,262 [s2@group-5D589E31C35B-LeaderElection16] INFO  impl.LeaderElection (LeaderElection.java:askForVotes(309)) - s2@group-5D589E31C35B-LeaderElection16 PRE_VOTE round 0: submit vote requests at term 1 for 0: peers:[s3|rpc:localhost:37653|admin:localhost:36015|client:localhost:42101|dataStream:localhost:39669|priority:0|startupRole:FOLLOWER, s4|rpc:localhost:43189|admin:localhost:35299|client:localhost:33007|dataStream:localhost:42297|priority:0|startupRole:FOLLOWER, s0|rpc:localhost:41893|admin:localhost:37625|client:localhost:41993|dataStream:localhost:45101|priority:0|startupRole:FOLLOWER, s1|rpc:localhost:34273|admin:localhost:36031|client:localhost:35527|dataStream:localhost:45605|priority:0|startupRole:FOLLOWER, s2|rpc:localhost:37305|admin:localhost:39781|client:localhost:45787|dataStream:localhost:38773|priority:0|startupRole:FOLLOWER]|listeners:[], old=null
2022-11-08 19:11:24,263 [HandlerDaemon-1] INFO  server.RaftServer$Division (ServerState.java:setLeader(259)) - s4@group-5D589E31C35B: change Leader from null to s3 at term 1 for appendEntries, leader elected after 41ms
2022-11-08 19:11:24,267 [Time-limited test] INFO  server.RaftServerConfigKeys (ConfUtils.java:logGet(46)) - raft.server.rpc.timeout.max = 300ms (default)
2022-11-08 19:11:24,372 [HandlerDaemon-0] INFO  server.RaftServer$Division (RaftServerImpl.java:requestVote(1294)) - s3@group-5D589E31C35B: receive requestVote(PRE_VOTE, s4, group-5D589E31C35B, 1, (t:1, i:0))
2022-11-08 19:11:24,372 [HandlerDaemon-0] INFO  server.RaftServer$Division (RaftServerImpl.java:requestVote(1294)) - s1@group-5D589E31C35B: receive requestVote(PRE_VOTE, s4, group-5D589E31C35B, 1, (t:1, i:0))
2022-11-08 19:11:24,372 [HandlerDaemon-0] INFO  impl.VoteContext (VoteContext.java:log(49)) - s1@group-5D589E31C35B-FOLLOWER: reject PRE_VOTE from s4: this server is a follower and still has a valid leader s3
2022-11-08 19:11:24,372 [HandlerDaemon-0] INFO  server.RaftServer$Division (RaftServerImpl.java:requestVote(1294)) - s0@group-5D589E31C35B: receive requestVote(PRE_VOTE, s4, group-5D589E31C35B, 1, (t:1, i:0))
2022-11-08 19:11:24,372 [HandlerDaemon-0] INFO  server.RaftServer$Division (RaftServerImpl.java:requestVote(1327)) - s1@group-5D589E31C35B replies to PRE_VOTE vote request: s4<-s1#0:FAIL-t1. Peer's state: s1@group-5D589E31C35B:t1, leader=s3, voted=s3, raftlog=Memoized:s1@group-5D589E31C35B-SegmentedRaftLog:OPENED:c0, conf=0: peers:[s3|rpc:localhost:37653|admin:localhost:36015|client:localhost:42101|dataStream:localhost:39669|priority:0|startupRole:FOLLOWER, s4|rpc:localhost:43189|admin:localhost:35299|client:localhost:33007|dataStream:localhost:42297|priority:0|startupRole:FOLLOWER, s0|rpc:localhost:41893|admin:localhost:37625|client:localhost:41993|dataStream:localhost:45101|priority:0|startupRole:FOLLOWER, s1|rpc:localhost:34273|admin:localhost:36031|client:localhost:35527|dataStream:localhost:45605|priority:0|startupRole:FOLLOWER, s2|rpc:localhost:37305|admin:localhost:39781|client:localhost:45787|dataStream:localhost:38773|priority:0|startupRole:FOLLOWER]|listeners:[], old=null
2022-11-08 19:11:24,372 [HandlerDaemon-0] INFO  impl.VoteContext (VoteContext.java:log(49)) - s3@group-5D589E31C35B-LEADER: reject PRE_VOTE from s4: this server is the leader and still has leadership
2022-11-08 19:11:24,372 [HandlerDaemon-0] INFO  server.RaftServer$Division (RaftServerImpl.java:requestVote(1327)) - s3@group-5D589E31C35B replies to PRE_VOTE vote request: s4<-s3#0:FAIL-t1. Peer's state: s3@group-5D589E31C35B:t1, leader=s3, voted=s3, raftlog=Memoized:s3@group-5D589E31C35B-SegmentedRaftLog:OPENED:c0, conf=0: peers:[s3|rpc:localhost:37653|admin:localhost:36015|client:localhost:42101|dataStream:localhost:39669|priority:0|startupRole:FOLLOWER, s4|rpc:localhost:43189|admin:localhost:35299|client:localhost:33007|dataStream:localhost:42297|priority:0|startupRole:FOLLOWER, s0|rpc:localhost:41893|admin:localhost:37625|client:localhost:41993|dataStream:localhost:45101|priority:0|startupRole:FOLLOWER, s1|rpc:localhost:34273|admin:localhost:36031|client:localhost:35527|dataStream:localhost:45605|priority:0|startupRole:FOLLOWER, s2|rpc:localhost:37305|admin:localhost:39781|client:localhost:45787|dataStream:localhost:38773|priority:0|startupRole:FOLLOWER]|listeners:[], old=null
2022-11-08 19:11:24,372 [s4@group-5D589E31C35B-LeaderElection15] INFO  impl.LeaderElection (LeaderElection.java:logAndReturn(89)) - s4@group-5D589E31C35B-LeaderElection15: PRE_VOTE REJECTED received 1 response(s) and 0 exception(s):
2022-11-08 19:11:24,372 [s4@group-5D589E31C35B-LeaderElection15] INFO  impl.LeaderElection (LeaderElection.java:logAndReturn(93)) -   Response 0: s4<-s1#0:FAIL-t1
2022-11-08 19:11:24,372 [HandlerDaemon-0] INFO  impl.VoteContext (VoteContext.java:log(49)) - s0@group-5D589E31C35B-FOLLOWER: reject PRE_VOTE from s4: this server is a follower and still has a valid leader s3
2022-11-08 19:11:24,372 [HandlerDaemon-0] INFO  server.RaftServer$Division (RaftServerImpl.java:requestVote(1327)) - s0@group-5D589E31C35B replies to PRE_VOTE vote request: s4<-s0#0:FAIL-t1. Peer's state: s0@group-5D589E31C35B:t1, leader=s3, voted=s3, raftlog=Memoized:s0@group-5D589E31C35B-SegmentedRaftLog:OPENED:c0, conf=0: peers:[s3|rpc:localhost:37653|admin:localhost:36015|client:localhost:42101|dataStream:localhost:39669|priority:0|startupRole:FOLLOWER, s4|rpc:localhost:43189|admin:localhost:35299|client:localhost:33007|dataStream:localhost:42297|priority:0|startupRole:FOLLOWER, s0|rpc:localhost:41893|admin:localhost:37625|client:localhost:41993|dataStream:localhost:45101|priority:0|startupRole:FOLLOWER, s1|rpc:localhost:34273|admin:localhost:36031|client:localhost:35527|dataStream:localhost:45605|priority:0|startupRole:FOLLOWER, s2|rpc:localhost:37305|admin:localhost:39781|client:localhost:45787|dataStream:localhost:38773|priority:0|startupRole:FOLLOWER]|listeners:[], old=null
2022-11-08 19:11:24,372 [s4@group-5D589E31C35B-LeaderElection15] INFO  impl.LeaderElection (LeaderElection.java:askForVotes(311)) - s4@group-5D589E31C35B-LeaderElection15 PRE_VOTE round 0: result REJECTED
2022-11-08 19:11:24,414 [HandlerDaemon-0] INFO  server.RaftServer$Division (RaftServerImpl.java:requestVote(1294)) - s4@group-5D589E31C35B: receive requestVote(PRE_VOTE, s2, group-5D589E31C35B, 1, (t:1, i:0))
2022-11-08 19:11:24,414 [HandlerDaemon-0] INFO  impl.VoteContext (VoteContext.java:log(49)) - s4@group-5D589E31C35B-FOLLOWER: reject PRE_VOTE from s2: this server is a follower and still has a valid leader s3
2022-11-08 19:11:24,414 [HandlerDaemon-1] INFO  server.RaftServer$Division (RaftServerImpl.java:requestVote(1294)) - s3@group-5D589E31C35B: receive requestVote(PRE_VOTE, s2, group-5D589E31C35B, 1, (t:1, i:0))
2022-11-08 19:11:24,414 [HandlerDaemon-1] INFO  server.RaftServer$Division (RaftServerImpl.java:requestVote(1294)) - s0@group-5D589E31C35B: receive requestVote(PRE_VOTE, s2, group-5D589E31C35B, 1, (t:1, i:0))
2022-11-08 19:11:24,414 [HandlerDaemon-1] INFO  impl.VoteContext (VoteContext.java:log(49)) - s3@group-5D589E31C35B-LEADER: reject PRE_VOTE from s2: this server is the leader and still has leadership
2022-11-08 19:11:24,414 [HandlerDaemon-2] INFO  server.RaftServer$Division (RaftServerImpl.java:requestVote(1294)) - s1@group-5D589E31C35B: receive requestVote(PRE_VOTE, s2, group-5D589E31C35B, 1, (t:1, i:0))
2022-11-08 19:11:24,414 [HandlerDaemon-2] INFO  impl.VoteContext (VoteContext.java:log(49)) - s1@group-5D589E31C35B-FOLLOWER: reject PRE_VOTE from s2: this server is a follower and still has a valid leader s3
2022-11-08 19:11:24,414 [HandlerDaemon-2] INFO  server.RaftServer$Division (RaftServerImpl.java:requestVote(1327)) - s1@group-5D589E31C35B replies to PRE_VOTE vote request: s2<-s1#0:FAIL-t1. Peer's state: s1@group-5D589E31C35B:t1, leader=s3, voted=s3, raftlog=Memoized:s1@group-5D589E31C35B-SegmentedRaftLog:OPENED:c0, conf=0: peers:[s3|rpc:localhost:37653|admin:localhost:36015|client:localhost:42101|dataStream:localhost:39669|priority:0|startupRole:FOLLOWER, s4|rpc:localhost:43189|admin:localhost:35299|client:localhost:33007|dataStream:localhost:42297|priority:0|startupRole:FOLLOWER, s0|rpc:localhost:41893|admin:localhost:37625|client:localhost:41993|dataStream:localhost:45101|priority:0|startupRole:FOLLOWER, s1|rpc:localhost:34273|admin:localhost:36031|client:localhost:35527|dataStream:localhost:45605|priority:0|startupRole:FOLLOWER, s2|rpc:localhost:37305|admin:localhost:39781|client:localhost:45787|dataStream:localhost:38773|priority:0|startupRole:FOLLOWER]|listeners:[], old=null
2022-11-08 19:11:24,414 [HandlerDaemon-0] INFO  server.RaftServer$Division (RaftServerImpl.java:requestVote(1327)) - s4@group-5D589E31C35B replies to PRE_VOTE vote request: s2<-s4#0:FAIL-t1. Peer's state: s4@group-5D589E31C35B:t1, leader=s3, voted=s3, raftlog=Memoized:s4@group-5D589E31C35B-SegmentedRaftLog:OPENED:c0, conf=0: peers:[s3|rpc:localhost:37653|admin:localhost:36015|client:localhost:42101|dataStream:localhost:39669|priority:0|startupRole:FOLLOWER, s4|rpc:localhost:43189|admin:localhost:35299|client:localhost:33007|dataStream:localhost:42297|priority:0|startupRole:FOLLOWER, s0|rpc:localhost:41893|admin:localhost:37625|client:localhost:41993|dataStream:localhost:45101|priority:0|startupRole:FOLLOWER, s1|rpc:localhost:34273|admin:localhost:36031|client:localhost:35527|dataStream:localhost:45605|priority:0|startupRole:FOLLOWER, s2|rpc:localhost:37305|admin:localhost:39781|client:localhost:45787|dataStream:localhost:38773|priority:0|startupRole:FOLLOWER]|listeners:[], old=null
2022-11-08 19:11:24,414 [HandlerDaemon-1] INFO  server.RaftServer$Division (RaftServerImpl.java:requestVote(1327)) - s3@group-5D589E31C35B replies to PRE_VOTE vote request: s2<-s3#0:FAIL-t1. Peer's state: s3@group-5D589E31C35B:t1, leader=s3, voted=s3, raftlog=Memoized:s3@group-5D589E31C35B-SegmentedRaftLog:OPENED:c0, conf=0: peers:[s3|rpc:localhost:37653|admin:localhost:36015|client:localhost:42101|dataStream:localhost:39669|priority:0|startupRole:FOLLOWER, s4|rpc:localhost:43189|admin:localhost:35299|client:localhost:33007|dataStream:localhost:42297|priority:0|startupRole:FOLLOWER, s0|rpc:localhost:41893|admin:localhost:37625|client:localhost:41993|dataStream:localhost:45101|priority:0|startupRole:FOLLOWER, s1|rpc:localhost:34273|admin:localhost:36031|client:localhost:35527|dataStream:localhost:45605|priority:0|startupRole:FOLLOWER, s2|rpc:localhost:37305|admin:localhost:39781|client:localhost:45787|dataStream:localhost:38773|priority:0|startupRole:FOLLOWER]|listeners:[], old=null
2022-11-08 19:11:24,414 [HandlerDaemon-1] INFO  impl.VoteContext (VoteContext.java:log(49)) - s0@group-5D589E31C35B-FOLLOWER: reject PRE_VOTE from s2: this server is a follower and still has a valid leader s3
2022-11-08 19:11:24,415 [s2@group-5D589E31C35B-LeaderElection16] INFO  impl.LeaderElection (LeaderElection.java:logAndReturn(89)) - s2@group-5D589E31C35B-LeaderElection16: PRE_VOTE REJECTED received 3 response(s) and 0 exception(s):
2022-11-08 19:11:24,415 [s2@group-5D589E31C35B-LeaderElection16] INFO  impl.LeaderElection (LeaderElection.java:logAndReturn(93)) -   Response 0: s2<-s3#0:FAIL-t1
2022-11-08 19:11:24,415 [s2@group-5D589E31C35B-LeaderElection16] INFO  impl.LeaderElection (LeaderElection.java:logAndReturn(93)) -   Response 1: s2<-s4#0:FAIL-t1
2022-11-08 19:11:24,415 [s2@group-5D589E31C35B-LeaderElection16] INFO  impl.LeaderElection (LeaderElection.java:logAndReturn(93)) -   Response 2: s2<-s1#0:FAIL-t1
2022-11-08 19:11:24,415 [s2@group-5D589E31C35B-LeaderElection16] INFO  impl.LeaderElection (LeaderElection.java:askForVotes(311)) - s2@group-5D589E31C35B-LeaderElection16 PRE_VOTE round 0: result REJECTED
2022-11-08 19:11:24,415 [s2@group-5D589E31C35B-LeaderElection16] INFO  server.RaftServer$Division (RaftServerImpl.java:setRole(325)) - s2@group-5D589E31C35B: changes role from CANDIDATE to FOLLOWER at term 1 for REJECTED
2022-11-08 19:11:24,415 [s2@group-5D589E31C35B-LeaderElection16] INFO  impl.RoleInfo (RoleInfo.java:shutdownLeaderElection(130)) - s2: shutdown s2@group-5D589E31C35B-LeaderElection16
2022-11-08 19:11:24,415 [s2@group-5D589E31C35B-LeaderElection16] INFO  impl.RoleInfo (RoleInfo.java:updateAndGet(139)) - s2: start s2@group-5D589E31C35B-FollowerState
2022-11-08 19:11:24,415 [HandlerDaemon-1] INFO  server.RaftServer$Division (RaftServerImpl.java:requestVote(1327)) - s0@group-5D589E31C35B replies to PRE_VOTE vote request: s2<-s0#0:FAIL-t1. Peer's state: s0@group-5D589E31C35B:t1, leader=s3, voted=s3, raftlog=Memoized:s0@group-5D589E31C35B-SegmentedRaftLog:OPENED:c0, conf=0: peers:[s3|rpc:localhost:37653|admin:localhost:36015|client:localhost:42101|dataStream:localhost:39669|priority:0|startupRole:FOLLOWER, s4|rpc:localhost:43189|admin:localhost:35299|client:localhost:33007|dataStream:localhost:42297|priority:0|startupRole:FOLLOWER, s0|rpc:localhost:41893|admin:localhost:37625|client:localhost:41993|dataStream:localhost:45101|priority:0|startupRole:FOLLOWER, s1|rpc:localhost:34273|admin:localhost:36031|client:localhost:35527|dataStream:localhost:45605|priority:0|startupRole:FOLLOWER, s2|rpc:localhost:37305|admin:localhost:39781|client:localhost:45787|dataStream:localhost:38773|priority:0|startupRole:FOLLOWER]|listeners:[], old=null
2022-11-08 19:11:24,491 [HandlerDaemon-1] INFO  server.RaftServer$Division (ServerState.java:setLeader(259)) - s2@group-5D589E31C35B: change Leader from null to s3 at term 1 for appendEntries, leader elected after 228ms
2022-11-08 19:11:24,517 [HandlerDaemon-2] INFO  server.RaftServer$Division (RaftServerImpl.java:requestVote(1294)) - s2@group-5D589E31C35B: receive requestVote(PRE_VOTE, s1, group-5D589E31C35B, 1, (t:1, i:0))
2022-11-08 19:11:24,517 [HandlerDaemon-2] INFO  impl.VoteContext (VoteContext.java:log(49)) - s2@group-5D589E31C35B-FOLLOWER: reject PRE_VOTE from s1: this server is a follower and still has a valid leader s3
2022-11-08 19:11:24,517 [HandlerDaemon-2] INFO  server.RaftServer$Division (RaftServerImpl.java:requestVote(1327)) - s2@group-5D589E31C35B replies to PRE_VOTE vote request: s1<-s2#0:FAIL-t1. Peer's state: s2@group-5D589E31C35B:t1, leader=s3, voted=s3, raftlog=Memoized:s2@group-5D589E31C35B-SegmentedRaftLog:OPENED:c0, conf=0: peers:[s3|rpc:localhost:37653|admin:localhost:36015|client:localhost:42101|dataStream:localhost:39669|priority:0|startupRole:FOLLOWER, s4|rpc:localhost:43189|admin:localhost:35299|client:localhost:33007|dataStream:localhost:42297|priority:0|startupRole:FOLLOWER, s0|rpc:localhost:41893|admin:localhost:37625|client:localhost:41993|dataStream:localhost:45101|priority:0|startupRole:FOLLOWER, s1|rpc:localhost:34273|admin:localhost:36031|client:localhost:35527|dataStream:localhost:45605|priority:0|startupRole:FOLLOWER, s2|rpc:localhost:37305|admin:localhost:39781|client:localhost:45787|dataStream:localhost:38773|priority:0|startupRole:FOLLOWER]|listeners:[], old=null
2022-11-08 19:11:24,522 [HandlerDaemon-0] INFO  server.RaftServer$Division (RaftServerImpl.java:requestVote(1294)) - s2@group-5D589E31C35B: receive requestVote(PRE_VOTE, s4, group-5D589E31C35B, 1, (t:1, i:0))
2022-11-08 19:11:24,522 [HandlerDaemon-0] INFO  impl.VoteContext (VoteContext.java:log(49)) - s2@group-5D589E31C35B-FOLLOWER: reject PRE_VOTE from s4: this server is a follower and still has a valid leader s3
2022-11-08 19:11:24,522 [HandlerDaemon-0] INFO  server.RaftServer$Division (RaftServerImpl.java:requestVote(1327)) - s2@group-5D589E31C35B replies to PRE_VOTE vote request: s4<-s2#0:FAIL-t1. Peer's state: s2@group-5D589E31C35B:t1, leader=s3, voted=s3, raftlog=Memoized:s2@group-5D589E31C35B-SegmentedRaftLog:OPENED:c0, conf=0: peers:[s3|rpc:localhost:37653|admin:localhost:36015|client:localhost:42101|dataStream:localhost:39669|priority:0|startupRole:FOLLOWER, s4|rpc:localhost:43189|admin:localhost:35299|client:localhost:33007|dataStream:localhost:42297|priority:0|startupRole:FOLLOWER, s0|rpc:localhost:41893|admin:localhost:37625|client:localhost:41993|dataStream:localhost:45101|priority:0|startupRole:FOLLOWER, s1|rpc:localhost:34273|admin:localhost:36031|client:localhost:35527|dataStream:localhost:45605|priority:0|startupRole:FOLLOWER, s2|rpc:localhost:37305|admin:localhost:39781|client:localhost:45787|dataStream:localhost:38773|priority:0|startupRole:FOLLOWER]|listeners:[], old=null
2022-11-08 19:11:24,717 [Time-limited test] INFO  simulation.TestLeaderElectionWithSimulatedRpc (LeaderElectionTests.java:enforceLeader(292)) - try enforcing leader to s2 but new leader is s3
2022-11-08 19:11:24,718 [Time-limited test] INFO  server.RaftServerConfigKeys (ConfUtils.java:logGet(46)) - raft.server.rpc.timeout.max = 300ms (default)
2022-11-08 19:11:25,101 [s1@group-5D589E31C35B-FollowerState] INFO  impl.FollowerState (FollowerState.java:run(143)) - s1@group-5D589E31C35B-FollowerState: change to CANDIDATE, lastRpcElapsedTime:222035246ns, electionTimeout:156ms
2022-11-08 19:11:25,102 [s1@group-5D589E31C35B-FollowerState] INFO  impl.RoleInfo (RoleInfo.java:shutdownFollowerState(110)) - s1: shutdown s1@group-5D589E31C35B-FollowerState
2022-11-08 19:11:25,102 [s1@group-5D589E31C35B-FollowerState] INFO  server.RaftServer$Division (RaftServerImpl.java:setRole(325)) - s1@group-5D589E31C35B: changes role from  FOLLOWER to CANDIDATE at term 1 for changeToCandidate
2022-11-08 19:11:25,102 [s1@group-5D589E31C35B-FollowerState] INFO  server.RaftServerConfigKeys (ConfUtils.java:logGet(46)) - raft.server.leaderelection.pre-vote = true (default)
2022-11-08 19:11:25,102 [s1@group-5D589E31C35B-FollowerState] INFO  impl.RoleInfo (RoleInfo.java:updateAndGet(139)) - s1: start s1@group-5D589E31C35B-LeaderElection17
2022-11-08 19:11:25,102 [s1@group-5D589E31C35B-LeaderElection17] INFO  server.RaftServer$Division (ServerState.java:setLeader(259)) - s1@group-5D589E31C35B: change Leader from s3 to null at term 1 for PRE_VOTE
2022-11-08 19:11:25,102 [s1@group-5D589E31C35B-LeaderElection17] INFO  impl.LeaderElection (LeaderElection.java:askForVotes(309)) - s1@group-5D589E31C35B-LeaderElection17 PRE_VOTE round 0: submit vote requests at term 1 for 0: peers:[s3|rpc:localhost:37653|admin:localhost:36015|client:localhost:42101|dataStream:localhost:39669|priority:0|startupRole:FOLLOWER, s4|rpc:localhost:43189|admin:localhost:35299|client:localhost:33007|dataStream:localhost:42297|priority:0|startupRole:FOLLOWER, s0|rpc:localhost:41893|admin:localhost:37625|client:localhost:41993|dataStream:localhost:45101|priority:0|startupRole:FOLLOWER, s1|rpc:localhost:34273|admin:localhost:36031|client:localhost:35527|dataStream:localhost:45605|priority:0|startupRole:FOLLOWER, s2|rpc:localhost:37305|admin:localhost:39781|client:localhost:45787|dataStream:localhost:38773|priority:0|startupRole:FOLLOWER]|listeners:[], old=null
2022-11-08 19:11:25,105 [HandlerDaemon-2] INFO  server.RaftServer$Division (RaftServerImpl.java:setRole(325)) - s1@group-5D589E31C35B: changes role from CANDIDATE to FOLLOWER at term 1 for appendEntries
2022-11-08 19:11:25,105 [HandlerDaemon-2] INFO  impl.RoleInfo (RoleInfo.java:shutdownLeaderElection(130)) - s1: shutdown s1@group-5D589E31C35B-LeaderElection17
2022-11-08 19:11:25,105 [HandlerDaemon-2] INFO  impl.RoleInfo (RoleInfo.java:updateAndGet(139)) - s1: start s1@group-5D589E31C35B-FollowerState
2022-11-08 19:11:25,105 [HandlerDaemon-2] INFO  server.RaftServer$Division (ServerState.java:setLeader(259)) - s1@group-5D589E31C35B: change Leader from null to s3 at term 1 for appendEntries, leader elected after 3ms
2022-11-08 19:11:25,168 [Time-limited test] INFO  server.RaftServerConfigKeys (ConfUtils.java:logGet(46)) - raft.server.rpc.timeout.max = 300ms (default)
2022-11-08 19:11:25,250 [s2@group-5D589E31C35B-FollowerState] INFO  impl.FollowerState (FollowerState.java:run(143)) - s2@group-5D589E31C35B-FollowerState: change to CANDIDATE, lastRpcElapsedTime:532779070ns, electionTimeout:297ms
2022-11-08 19:11:25,250 [s2@group-5D589E31C35B-FollowerState] INFO  impl.RoleInfo (RoleInfo.java:shutdownFollowerState(110)) - s2: shutdown s2@group-5D589E31C35B-FollowerState
2022-11-08 19:11:25,250 [s2@group-5D589E31C35B-FollowerState] INFO  server.RaftServer$Division (RaftServerImpl.java:setRole(325)) - s2@group-5D589E31C35B: changes role from  FOLLOWER to CANDIDATE at term 1 for changeToCandidate
2022-11-08 19:11:25,250 [s2@group-5D589E31C35B-FollowerState] INFO  server.RaftServerConfigKeys (ConfUtils.java:logGet(46)) - raft.server.leaderelection.pre-vote = true (default)
2022-11-08 19:11:25,250 [s2@group-5D589E31C35B-FollowerState] INFO  impl.RoleInfo (RoleInfo.java:updateAndGet(139)) - s2: start s2@group-5D589E31C35B-LeaderElection18
2022-11-08 19:11:25,251 [s2@group-5D589E31C35B-LeaderElection18] INFO  server.RaftServer$Division (ServerState.java:setLeader(259)) - s2@group-5D589E31C35B: change Leader from s3 to null at term 1 for PRE_VOTE
2022-11-08 19:11:25,251 [s2@group-5D589E31C35B-LeaderElection18] INFO  impl.LeaderElection (LeaderElection.java:askForVotes(309)) - s2@group-5D589E31C35B-LeaderElection18 PRE_VOTE round 0: submit vote requests at term 1 for 0: peers:[s3|rpc:localhost:37653|admin:localhost:36015|client:localhost:42101|dataStream:localhost:39669|priority:0|startupRole:FOLLOWER, s4|rpc:localhost:43189|admin:localhost:35299|client:localhost:33007|dataStream:localhost:42297|priority:0|startupRole:FOLLOWER, s0|rpc:localhost:41893|admin:localhost:37625|client:localhost:41993|dataStream:localhost:45101|priority:0|startupRole:FOLLOWER, s1|rpc:localhost:34273|admin:localhost:36031|client:localhost:35527|dataStream:localhost:45605|priority:0|startupRole:FOLLOWER, s2|rpc:localhost:37305|admin:localhost:39781|client:localhost:45787|dataStream:localhost:38773|priority:0|startupRole:FOLLOWER]|listeners:[], old=null
2022-11-08 19:11:25,251 [HandlerDaemon-0] INFO  server.RaftServer$Division (RaftServerImpl.java:requestVote(1294)) - s3@group-5D589E31C35B: receive requestVote(PRE_VOTE, s2, group-5D589E31C35B, 1, (t:1, i:0))
2022-11-08 19:11:25,251 [HandlerDaemon-0] INFO  impl.VoteContext (VoteContext.java:log(49)) - s3@group-5D589E31C35B-LEADER: reject PRE_VOTE from s2: this server is the leader and still has leadership
2022-11-08 19:11:25,251 [HandlerDaemon-0] INFO  server.RaftServer$Division (RaftServerImpl.java:requestVote(1327)) - s3@group-5D589E31C35B replies to PRE_VOTE vote request: s2<-s3#0:FAIL-t1. Peer's state: s3@group-5D589E31C35B:t1, leader=s3, voted=s3, raftlog=Memoized:s3@group-5D589E31C35B-SegmentedRaftLog:OPENED:c0, conf=0: peers:[s3|rpc:localhost:37653|admin:localhost:36015|client:localhost:42101|dataStream:localhost:39669|priority:0|startupRole:FOLLOWER, s4|rpc:localhost:43189|admin:localhost:35299|client:localhost:33007|dataStream:localhost:42297|priority:0|startupRole:FOLLOWER, s0|rpc:localhost:41893|admin:localhost:37625|client:localhost:41993|dataStream:localhost:45101|priority:0|startupRole:FOLLOWER, s1|rpc:localhost:34273|admin:localhost:36031|client:localhost:35527|dataStream:localhost:45605|priority:0|startupRole:FOLLOWER, s2|rpc:localhost:37305|admin:localhost:39781|client:localhost:45787|dataStream:localhost:38773|priority:0|startupRole:FOLLOWER]|listeners:[], old=null
2022-11-08 19:11:25,252 [HandlerDaemon-1] INFO  server.RaftServer$Division (RaftServerImpl.java:requestVote(1294)) - s0@group-5D589E31C35B: receive requestVote(PRE_VOTE, s2, group-5D589E31C35B, 1, (t:1, i:0))
2022-11-08 19:11:25,252 [HandlerDaemon-1] INFO  impl.VoteContext (VoteContext.java:log(49)) - s0@group-5D589E31C35B-FOLLOWER: reject PRE_VOTE from s2: this server is a follower and still has a valid leader s3
2022-11-08 19:11:25,252 [HandlerDaemon-1] INFO  server.RaftServer$Division (RaftServerImpl.java:requestVote(1294)) - s4@group-5D589E31C35B: receive requestVote(PRE_VOTE, s2, group-5D589E31C35B, 1, (t:1, i:0))
2022-11-08 19:11:25,252 [HandlerDaemon-1] INFO  server.RaftServer$Division (RaftServerImpl.java:requestVote(1327)) - s0@group-5D589E31C35B replies to PRE_VOTE vote request: s2<-s0#0:FAIL-t1. Peer's state: s0@group-5D589E31C35B:t1, leader=s3, voted=s3, raftlog=Memoized:s0@group-5D589E31C35B-SegmentedRaftLog:OPENED:c0, conf=0: peers:[s3|rpc:localhost:37653|admin:localhost:36015|client:localhost:42101|dataStream:localhost:39669|priority:0|startupRole:FOLLOWER, s4|rpc:localhost:43189|admin:localhost:35299|client:localhost:33007|dataStream:localhost:42297|priority:0|startupRole:FOLLOWER, s0|rpc:localhost:41893|admin:localhost:37625|client:localhost:41993|dataStream:localhost:45101|priority:0|startupRole:FOLLOWER, s1|rpc:localhost:34273|admin:localhost:36031|client:localhost:35527|dataStream:localhost:45605|priority:0|startupRole:FOLLOWER, s2|rpc:localhost:37305|admin:localhost:39781|client:localhost:45787|dataStream:localhost:38773|priority:0|startupRole:FOLLOWER]|listeners:[], old=null
2022-11-08 19:11:25,252 [HandlerDaemon-1] INFO  impl.VoteContext (VoteContext.java:log(49)) - s4@group-5D589E31C35B-FOLLOWER: reject PRE_VOTE from s2: this server is a follower and still has a valid leader s3
2022-11-08 19:11:25,252 [HandlerDaemon-1] INFO  server.RaftServer$Division (RaftServerImpl.java:requestVote(1327)) - s4@group-5D589E31C35B replies to PRE_VOTE vote request: s2<-s4#0:FAIL-t1. Peer's state: s4@group-5D589E31C35B:t1, leader=s3, voted=s3, raftlog=Memoized:s4@group-5D589E31C35B-SegmentedRaftLog:OPENED:c0, conf=0: peers:[s3|rpc:localhost:37653|admin:localhost:36015|client:localhost:42101|dataStream:localhost:39669|priority:0|startupRole:FOLLOWER, s4|rpc:localhost:43189|admin:localhost:35299|client:localhost:33007|dataStream:localhost:42297|priority:0|startupRole:FOLLOWER, s0|rpc:localhost:41893|admin:localhost:37625|client:localhost:41993|dataStream:localhost:45101|priority:0|startupRole:FOLLOWER, s1|rpc:localhost:34273|admin:localhost:36031|client:localhost:35527|dataStream:localhost:45605|priority:0|startupRole:FOLLOWER, s2|rpc:localhost:37305|admin:localhost:39781|client:localhost:45787|dataStream:localhost:38773|priority:0|startupRole:FOLLOWER]|listeners:[], old=null
2022-11-08 19:11:25,252 [s2@group-5D589E31C35B-LeaderElection18] INFO  impl.LeaderElection (LeaderElection.java:logAndReturn(89)) - s2@group-5D589E31C35B-LeaderElection18: PRE_VOTE REJECTED received 3 response(s) and 0 exception(s):
2022-11-08 19:11:25,252 [s2@group-5D589E31C35B-LeaderElection18] INFO  impl.LeaderElection (LeaderElection.java:logAndReturn(93)) -   Response 0: s2<-s3#0:FAIL-t1
2022-11-08 19:11:25,253 [s2@group-5D589E31C35B-LeaderElection18] INFO  impl.LeaderElection (LeaderElection.java:logAndReturn(93)) -   Response 1: s2<-s4#0:FAIL-t1
2022-11-08 19:11:25,253 [s2@group-5D589E31C35B-LeaderElection18] INFO  impl.LeaderElection (LeaderElection.java:logAndReturn(93)) -   Response 2: s2<-s0#0:FAIL-t1
2022-11-08 19:11:25,252 [HandlerDaemon-0] INFO  server.RaftServer$Division (RaftServerImpl.java:requestVote(1294)) - s1@group-5D589E31C35B: receive requestVote(PRE_VOTE, s2, group-5D589E31C35B, 1, (t:1, i:0))
2022-11-08 19:11:25,253 [s2@group-5D589E31C35B-LeaderElection18] INFO  impl.LeaderElection (LeaderElection.java:askForVotes(311)) - s2@group-5D589E31C35B-LeaderElection18 PRE_VOTE round 0: result REJECTED
2022-11-08 19:11:25,253 [s2@group-5D589E31C35B-LeaderElection18] INFO  server.RaftServer$Division (RaftServerImpl.java:setRole(325)) - s2@group-5D589E31C35B: changes role from CANDIDATE to FOLLOWER at term 1 for REJECTED
2022-11-08 19:11:25,253 [s2@group-5D589E31C35B-LeaderElection18] INFO  impl.RoleInfo (RoleInfo.java:shutdownLeaderElection(130)) - s2: shutdown s2@group-5D589E31C35B-LeaderElection18
2022-11-08 19:11:25,253 [HandlerDaemon-0] INFO  impl.VoteContext (VoteContext.java:log(49)) - s1@group-5D589E31C35B-FOLLOWER: reject PRE_VOTE from s2: this server is a follower and still has a valid leader s3
2022-11-08 19:11:25,253 [s2@group-5D589E31C35B-LeaderElection18] INFO  impl.RoleInfo (RoleInfo.java:updateAndGet(139)) - s2: start s2@group-5D589E31C35B-FollowerState
2022-11-08 19:11:25,253 [HandlerDaemon-0] INFO  server.RaftServer$Division (RaftServerImpl.java:requestVote(1327)) - s1@group-5D589E31C35B replies to PRE_VOTE vote request: s2<-s1#0:FAIL-t1. Peer's state: s1@group-5D589E31C35B:t1, leader=s3, voted=s3, raftlog=Memoized:s1@group-5D589E31C35B-SegmentedRaftLog:OPENED:c0, conf=0: peers:[s3|rpc:localhost:37653|admin:localhost:36015|client:localhost:42101|dataStream:localhost:39669|priority:0|startupRole:FOLLOWER, s4|rpc:localhost:43189|admin:localhost:35299|client:localhost:33007|dataStream:localhost:42297|priority:0|startupRole:FOLLOWER, s0|rpc:localhost:41893|admin:localhost:37625|client:localhost:41993|dataStream:localhost:45101|priority:0|startupRole:FOLLOWER, s1|rpc:localhost:34273|admin:localhost:36031|client:localhost:35527|dataStream:localhost:45605|priority:0|startupRole:FOLLOWER, s2|rpc:localhost:37305|admin:localhost:39781|client:localhost:45787|dataStream:localhost:38773|priority:0|startupRole:FOLLOWER]|listeners:[], old=null
2022-11-08 19:11:25,253 [HandlerDaemon-2] INFO  server.RaftServer$Division (RaftServerImpl.java:requestVote(1294)) - s3@group-5D589E31C35B: receive requestVote(PRE_VOTE, s1, group-5D589E31C35B, 1, (t:1, i:0))
2022-11-08 19:11:25,253 [HandlerDaemon-2] INFO  impl.VoteContext (VoteContext.java:log(49)) - s3@group-5D589E31C35B-LEADER: reject PRE_VOTE from s1: this server is the leader and still has leadership
2022-11-08 19:11:25,254 [HandlerDaemon-2] INFO  server.RaftServer$Division (RaftServerImpl.java:requestVote(1327)) - s3@group-5D589E31C35B replies to PRE_VOTE vote request: s1<-s3#0:FAIL-t1. Peer's state: s3@group-5D589E31C35B:t1, leader=s3, voted=s3, raftlog=Memoized:s3@group-5D589E31C35B-SegmentedRaftLog:OPENED:c0, conf=0: peers:[s3|rpc:localhost:37653|admin:localhost:36015|client:localhost:42101|dataStream:localhost:39669|priority:0|startupRole:FOLLOWER, s4|rpc:localhost:43189|admin:localhost:35299|client:localhost:33007|dataStream:localhost:42297|priority:0|startupRole:FOLLOWER, s0|rpc:localhost:41893|admin:localhost:37625|client:localhost:41993|dataStream:localhost:45101|priority:0|startupRole:FOLLOWER, s1|rpc:localhost:34273|admin:localhost:36031|client:localhost:35527|dataStream:localhost:45605|priority:0|startupRole:FOLLOWER, s2|rpc:localhost:37305|admin:localhost:39781|client:localhost:45787|dataStream:localhost:38773|priority:0|startupRole:FOLLOWER]|listeners:[], old=null
2022-11-08 19:11:25,254 [s1@group-5D589E31C35B-LeaderElection17] INFO  impl.LeaderElection (LeaderElection.java:logAndReturn(89)) - s1@group-5D589E31C35B-LeaderElection17: PRE_VOTE REJECTED received 1 response(s) and 0 exception(s):
2022-11-08 19:11:25,254 [s1@group-5D589E31C35B-LeaderElection17] INFO  impl.LeaderElection (LeaderElection.java:logAndReturn(93)) -   Response 0: s1<-s3#0:FAIL-t1
2022-11-08 19:11:25,254 [s1@group-5D589E31C35B-LeaderElection17] INFO  impl.LeaderElection (LeaderElection.java:askForVotes(311)) - s1@group-5D589E31C35B-LeaderElection17 PRE_VOTE round 0: result REJECTED
2022-11-08 19:11:25,254 [HandlerDaemon-2] INFO  server.RaftServer$Division (RaftServerImpl.java:requestVote(1294)) - s4@group-5D589E31C35B: receive requestVote(PRE_VOTE, s1, group-5D589E31C35B, 1, (t:1, i:0))
2022-11-08 19:11:25,254 [HandlerDaemon-2] INFO  server.RaftServer$Division (RaftServerImpl.java:requestVote(1294)) - s0@group-5D589E31C35B: receive requestVote(PRE_VOTE, s1, group-5D589E31C35B, 1, (t:1, i:0))
2022-11-08 19:11:25,254 [HandlerDaemon-2] INFO  impl.VoteContext (VoteContext.java:log(49)) - s4@group-5D589E31C35B-FOLLOWER: reject PRE_VOTE from s1: this server is a follower and still has a valid leader s3
2022-11-08 19:11:25,255 [HandlerDaemon-2] INFO  server.RaftServer$Division (RaftServerImpl.java:requestVote(1327)) - s4@group-5D589E31C35B replies to PRE_VOTE vote request: s1<-s4#0:FAIL-t1. Peer's state: s4@group-5D589E31C35B:t1, leader=s3, voted=s3, raftlog=Memoized:s4@group-5D589E31C35B-SegmentedRaftLog:OPENED:c0, conf=0: peers:[s3|rpc:localhost:37653|admin:localhost:36015|client:localhost:42101|dataStream:localhost:39669|priority:0|startupRole:FOLLOWER, s4|rpc:localhost:43189|admin:localhost:35299|client:localhost:33007|dataStream:localhost:42297|priority:0|startupRole:FOLLOWER, s0|rpc:localhost:41893|admin:localhost:37625|client:localhost:41993|dataStream:localhost:45101|priority:0|startupRole:FOLLOWER, s1|rpc:localhost:34273|admin:localhost:36031|client:localhost:35527|dataStream:localhost:45605|priority:0|startupRole:FOLLOWER, s2|rpc:localhost:37305|admin:localhost:39781|client:localhost:45787|dataStream:localhost:38773|priority:0|startupRole:FOLLOWER]|listeners:[], old=null
2022-11-08 19:11:25,254 [HandlerDaemon-2] INFO  impl.VoteContext (VoteContext.java:log(49)) - s0@group-5D589E31C35B-FOLLOWER: reject PRE_VOTE from s1: this server is a follower and still has a valid leader s3
2022-11-08 19:11:25,255 [HandlerDaemon-2] INFO  server.RaftServer$Division (RaftServerImpl.java:requestVote(1327)) - s0@group-5D589E31C35B replies to PRE_VOTE vote request: s1<-s0#0:FAIL-t1. Peer's state: s0@group-5D589E31C35B:t1, leader=s3, voted=s3, raftlog=Memoized:s0@group-5D589E31C35B-SegmentedRaftLog:OPENED:c0, conf=0: peers:[s3|rpc:localhost:37653|admin:localhost:36015|client:localhost:42101|dataStream:localhost:39669|priority:0|startupRole:FOLLOWER, s4|rpc:localhost:43189|admin:localhost:35299|client:localhost:33007|dataStream:localhost:42297|priority:0|startupRole:FOLLOWER, s0|rpc:localhost:41893|admin:localhost:37625|client:localhost:41993|dataStream:localhost:45101|priority:0|startupRole:FOLLOWER, s1|rpc:localhost:34273|admin:localhost:36031|client:localhost:35527|dataStream:localhost:45605|priority:0|startupRole:FOLLOWER, s2|rpc:localhost:37305|admin:localhost:39781|client:localhost:45787|dataStream:localhost:38773|priority:0|startupRole:FOLLOWER]|listeners:[], old=null
2022-11-08 19:11:25,393 [HandlerDaemon-1] INFO  server.RaftServer$Division (ServerState.java:setLeader(259)) - s2@group-5D589E31C35B: change Leader from null to s3 at term 1 for appendEntries, leader elected after 142ms
2022-11-08 19:11:25,406 [HandlerDaemon-2] INFO  server.RaftServer$Division (RaftServerImpl.java:requestVote(1294)) - s2@group-5D589E31C35B: receive requestVote(PRE_VOTE, s1, group-5D589E31C35B, 1, (t:1, i:0))
2022-11-08 19:11:25,406 [HandlerDaemon-2] INFO  impl.VoteContext (VoteContext.java:log(49)) - s2@group-5D589E31C35B-FOLLOWER: reject PRE_VOTE from s1: this server is a follower and still has a valid leader s3
2022-11-08 19:11:25,406 [HandlerDaemon-2] INFO  server.RaftServer$Division (RaftServerImpl.java:requestVote(1327)) - s2@group-5D589E31C35B replies to PRE_VOTE vote request: s1<-s2#0:FAIL-t1. Peer's state: s2@group-5D589E31C35B:t1, leader=s3, voted=s3, raftlog=Memoized:s2@group-5D589E31C35B-SegmentedRaftLog:OPENED:c0, conf=0: peers:[s3|rpc:localhost:37653|admin:localhost:36015|client:localhost:42101|dataStream:localhost:39669|priority:0|startupRole:FOLLOWER, s4|rpc:localhost:43189|admin:localhost:35299|client:localhost:33007|dataStream:localhost:42297|priority:0|startupRole:FOLLOWER, s0|rpc:localhost:41893|admin:localhost:37625|client:localhost:41993|dataStream:localhost:45101|priority:0|startupRole:FOLLOWER, s1|rpc:localhost:34273|admin:localhost:36031|client:localhost:35527|dataStream:localhost:45605|priority:0|startupRole:FOLLOWER, s2|rpc:localhost:37305|admin:localhost:39781|client:localhost:45787|dataStream:localhost:38773|priority:0|startupRole:FOLLOWER]|listeners:[], old=null
2022-11-08 19:11:25,618 [Time-limited test] INFO  simulation.TestLeaderElectionWithSimulatedRpc (LeaderElectionTests.java:enforceLeader(292)) - try enforcing leader to s2 but new leader is s3
2022-11-08 19:11:25,618 [Time-limited test] INFO  server.RaftServerConfigKeys (ConfUtils.java:logGet(46)) - raft.server.rpc.timeout.max = 300ms (default)
2022-11-08 19:11:25,742 [s4@group-5D589E31C35B-FollowerState] INFO  impl.FollowerState (FollowerState.java:run(143)) - s4@group-5D589E31C35B-FollowerState: change to CANDIDATE, lastRpcElapsedTime:193431153ns, electionTimeout:180ms
2022-11-08 19:11:25,742 [s4@group-5D589E31C35B-FollowerState] INFO  impl.RoleInfo (RoleInfo.java:shutdownFollowerState(110)) - s4: shutdown s4@group-5D589E31C35B-FollowerState
2022-11-08 19:11:25,742 [s4@group-5D589E31C35B-FollowerState] INFO  server.RaftServer$Division (RaftServerImpl.java:setRole(325)) - s4@group-5D589E31C35B: changes role from  FOLLOWER to CANDIDATE at term 1 for changeToCandidate
2022-11-08 19:11:25,742 [s4@group-5D589E31C35B-FollowerState] INFO  server.RaftServerConfigKeys (ConfUtils.java:logGet(46)) - raft.server.leaderelection.pre-vote = true (default)
2022-11-08 19:11:25,742 [s4@group-5D589E31C35B-FollowerState] INFO  impl.RoleInfo (RoleInfo.java:updateAndGet(139)) - s4: start s4@group-5D589E31C35B-LeaderElection19
2022-11-08 19:11:25,742 [s4@group-5D589E31C35B-LeaderElection19] INFO  server.RaftServer$Division (ServerState.java:setLeader(259)) - s4@group-5D589E31C35B: change Leader from s3 to null at term 1 for PRE_VOTE
2022-11-08 19:11:25,742 [s4@group-5D589E31C35B-LeaderElection19] INFO  impl.LeaderElection (LeaderElection.java:askForVotes(309)) - s4@group-5D589E31C35B-LeaderElection19 PRE_VOTE round 0: submit vote requests at term 1 for 0: peers:[s3|rpc:localhost:37653|admin:localhost:36015|client:localhost:42101|dataStream:localhost:39669|priority:0|startupRole:FOLLOWER, s4|rpc:localhost:43189|admin:localhost:35299|client:localhost:33007|dataStream:localhost:42297|priority:0|startupRole:FOLLOWER, s0|rpc:localhost:41893|admin:localhost:37625|client:localhost:41993|dataStream:localhost:45101|priority:0|startupRole:FOLLOWER, s1|rpc:localhost:34273|admin:localhost:36031|client:localhost:35527|dataStream:localhost:45605|priority:0|startupRole:FOLLOWER, s2|rpc:localhost:37305|admin:localhost:39781|client:localhost:45787|dataStream:localhost:38773|priority:0|startupRole:FOLLOWER]|listeners:[], old=null
2022-11-08 19:11:25,774 [HandlerDaemon-1] INFO  server.RaftServer$Division (RaftServerImpl.java:setRole(325)) - s4@group-5D589E31C35B: changes role from CANDIDATE to FOLLOWER at term 1 for appendEntries
2022-11-08 19:11:25,774 [HandlerDaemon-1] INFO  impl.RoleInfo (RoleInfo.java:shutdownLeaderElection(130)) - s4: shutdown s4@group-5D589E31C35B-LeaderElection19
2022-11-08 19:11:25,774 [HandlerDaemon-1] INFO  impl.RoleInfo (RoleInfo.java:updateAndGet(139)) - s4: start s4@group-5D589E31C35B-FollowerState
2022-11-08 19:11:25,774 [HandlerDaemon-1] INFO  server.RaftServer$Division (ServerState.java:setLeader(259)) - s4@group-5D589E31C35B: change Leader from null to s3 at term 1 for appendEntries, leader elected after 31ms
2022-11-08 19:11:25,893 [HandlerDaemon-1] INFO  server.RaftServer$Division (RaftServerImpl.java:requestVote(1294)) - s3@group-5D589E31C35B: receive requestVote(PRE_VOTE, s4, group-5D589E31C35B, 1, (t:1, i:0))
2022-11-08 19:11:25,893 [HandlerDaemon-2] INFO  server.RaftServer$Division (RaftServerImpl.java:requestVote(1294)) - s1@group-5D589E31C35B: receive requestVote(PRE_VOTE, s4, group-5D589E31C35B, 1, (t:1, i:0))
2022-11-08 19:11:25,893 [HandlerDaemon-2] INFO  impl.VoteContext (VoteContext.java:log(49)) - s1@group-5D589E31C35B-FOLLOWER: reject PRE_VOTE from s4: this server is a follower and still has a valid leader s3
2022-11-08 19:11:25,893 [HandlerDaemon-2] INFO  server.RaftServer$Division (RaftServerImpl.java:requestVote(1327)) - s1@group-5D589E31C35B replies to PRE_VOTE vote request: s4<-s1#0:FAIL-t1. Peer's state: s1@group-5D589E31C35B:t1, leader=s3, voted=s3, raftlog=Memoized:s1@group-5D589E31C35B-SegmentedRaftLog:OPENED:c0, conf=0: peers:[s3|rpc:localhost:37653|admin:localhost:36015|client:localhost:42101|dataStream:localhost:39669|priority:0|startupRole:FOLLOWER, s4|rpc:localhost:43189|admin:localhost:35299|client:localhost:33007|dataStream:localhost:42297|priority:0|startupRole:FOLLOWER, s0|rpc:localhost:41893|admin:localhost:37625|client:localhost:41993|dataStream:localhost:45101|priority:0|startupRole:FOLLOWER, s1|rpc:localhost:34273|admin:localhost:36031|client:localhost:35527|dataStream:localhost:45605|priority:0|startupRole:FOLLOWER, s2|rpc:localhost:37305|admin:localhost:39781|client:localhost:45787|dataStream:localhost:38773|priority:0|startupRole:FOLLOWER]|listeners:[], old=null
2022-11-08 19:11:25,893 [HandlerDaemon-0] INFO  server.RaftServer$Division (RaftServerImpl.java:requestVote(1294)) - s0@group-5D589E31C35B: receive requestVote(PRE_VOTE, s4, group-5D589E31C35B, 1, (t:1, i:0))
2022-11-08 19:11:25,893 [HandlerDaemon-0] INFO  impl.VoteContext (VoteContext.java:log(49)) - s0@group-5D589E31C35B-FOLLOWER: reject PRE_VOTE from s4: this server is a follower and still has a valid leader s3
2022-11-08 19:11:25,893 [HandlerDaemon-1] INFO  impl.VoteContext (VoteContext.java:log(49)) - s3@group-5D589E31C35B-LEADER: reject PRE_VOTE from s4: this server is the leader and still has leadership
2022-11-08 19:11:25,893 [HandlerDaemon-0] INFO  server.RaftServer$Division (RaftServerImpl.java:requestVote(1327)) - s0@group-5D589E31C35B replies to PRE_VOTE vote request: s4<-s0#0:FAIL-t1. Peer's state: s0@group-5D589E31C35B:t1, leader=s3, voted=s3, raftlog=Memoized:s0@group-5D589E31C35B-SegmentedRaftLog:OPENED:c0, conf=0: peers:[s3|rpc:localhost:37653|admin:localhost:36015|client:localhost:42101|dataStream:localhost:39669|priority:0|startupRole:FOLLOWER, s4|rpc:localhost:43189|admin:localhost:35299|client:localhost:33007|dataStream:localhost:42297|priority:0|startupRole:FOLLOWER, s0|rpc:localhost:41893|admin:localhost:37625|client:localhost:41993|dataStream:localhost:45101|priority:0|startupRole:FOLLOWER, s1|rpc:localhost:34273|admin:localhost:36031|client:localhost:35527|dataStream:localhost:45605|priority:0|startupRole:FOLLOWER, s2|rpc:localhost:37305|admin:localhost:39781|client:localhost:45787|dataStream:localhost:38773|priority:0|startupRole:FOLLOWER]|listeners:[], old=null
2022-11-08 19:11:25,894 [HandlerDaemon-1] INFO  server.RaftServer$Division (RaftServerImpl.java:requestVote(1327)) - s3@group-5D589E31C35B replies to PRE_VOTE vote request: s4<-s3#0:FAIL-t1. Peer's state: s3@group-5D589E31C35B:t1, leader=s3, voted=s3, raftlog=Memoized:s3@group-5D589E31C35B-SegmentedRaftLog:OPENED:c0, conf=0: peers:[s3|rpc:localhost:37653|admin:localhost:36015|client:localhost:42101|dataStream:localhost:39669|priority:0|startupRole:FOLLOWER, s4|rpc:localhost:43189|admin:localhost:35299|client:localhost:33007|dataStream:localhost:42297|priority:0|startupRole:FOLLOWER, s0|rpc:localhost:41893|admin:localhost:37625|client:localhost:41993|dataStream:localhost:45101|priority:0|startupRole:FOLLOWER, s1|rpc:localhost:34273|admin:localhost:36031|client:localhost:35527|dataStream:localhost:45605|priority:0|startupRole:FOLLOWER, s2|rpc:localhost:37305|admin:localhost:39781|client:localhost:45787|dataStream:localhost:38773|priority:0|startupRole:FOLLOWER]|listeners:[], old=null
2022-11-08 19:11:25,893 [s4@group-5D589E31C35B-LeaderElection19] INFO  impl.LeaderElection (LeaderElection.java:logAndReturn(89)) - s4@group-5D589E31C35B-LeaderElection19: PRE_VOTE REJECTED received 1 response(s) and 0 exception(s):
2022-11-08 19:11:25,894 [s4@group-5D589E31C35B-LeaderElection19] INFO  impl.LeaderElection (LeaderElection.java:logAndReturn(93)) -   Response 0: s4<-s1#0:FAIL-t1
2022-11-08 19:11:25,894 [s4@group-5D589E31C35B-LeaderElection19] INFO  impl.LeaderElection (LeaderElection.java:askForVotes(311)) - s4@group-5D589E31C35B-LeaderElection19 PRE_VOTE round 0: result REJECTED
2022-11-08 19:11:25,922 [s2@group-5D589E31C35B-FollowerState] INFO  impl.FollowerState (FollowerState.java:run(143)) - s2@group-5D589E31C35B-FollowerState: change to CANDIDATE, lastRpcElapsedTime:378077908ns, electionTimeout:184ms
2022-11-08 19:11:25,922 [s2@group-5D589E31C35B-FollowerState] INFO  impl.RoleInfo (RoleInfo.java:shutdownFollowerState(110)) - s2: shutdown s2@group-5D589E31C35B-FollowerState
2022-11-08 19:11:25,922 [s2@group-5D589E31C35B-FollowerState] INFO  server.RaftServer$Division (RaftServerImpl.java:setRole(325)) - s2@group-5D589E31C35B: changes role from  FOLLOWER to CANDIDATE at term 1 for changeToCandidate
2022-11-08 19:11:25,922 [s2@group-5D589E31C35B-FollowerState] INFO  server.RaftServerConfigKeys (ConfUtils.java:logGet(46)) - raft.server.leaderelection.pre-vote = true (default)
2022-11-08 19:11:25,922 [s2@group-5D589E31C35B-FollowerState] INFO  impl.RoleInfo (RoleInfo.java:updateAndGet(139)) - s2: start s2@group-5D589E31C35B-LeaderElection20
2022-11-08 19:11:25,922 [s2@group-5D589E31C35B-LeaderElection20] INFO  server.RaftServer$Division (ServerState.java:setLeader(259)) - s2@group-5D589E31C35B: change Leader from s3 to null at term 1 for PRE_VOTE
2022-11-08 19:11:25,922 [s2@group-5D589E31C35B-LeaderElection20] INFO  impl.LeaderElection (LeaderElection.java:askForVotes(309)) - s2@group-5D589E31C35B-LeaderElection20 PRE_VOTE round 0: submit vote requests at term 1 for 0: peers:[s3|rpc:localhost:37653|admin:localhost:36015|client:localhost:42101|dataStream:localhost:39669|priority:0|startupRole:FOLLOWER, s4|rpc:localhost:43189|admin:localhost:35299|client:localhost:33007|dataStream:localhost:42297|priority:0|startupRole:FOLLOWER, s0|rpc:localhost:41893|admin:localhost:37625|client:localhost:41993|dataStream:localhost:45101|priority:0|startupRole:FOLLOWER, s1|rpc:localhost:34273|admin:localhost:36031|client:localhost:35527|dataStream:localhost:45605|priority:0|startupRole:FOLLOWER, s2|rpc:localhost:37305|admin:localhost:39781|client:localhost:45787|dataStream:localhost:38773|priority:0|startupRole:FOLLOWER]|listeners:[], old=null
2022-11-08 19:11:26,069 [Time-limited test] INFO  server.RaftServerConfigKeys (ConfUtils.java:logGet(46)) - raft.server.rpc.timeout.max = 300ms (default)
2022-11-08 19:11:26,073 [HandlerDaemon-0] INFO  server.RaftServer$Division (RaftServerImpl.java:requestVote(1294)) - s3@group-5D589E31C35B: receive requestVote(PRE_VOTE, s2, group-5D589E31C35B, 1, (t:1, i:0))
2022-11-08 19:11:26,073 [HandlerDaemon-0] INFO  impl.VoteContext (VoteContext.java:log(49)) - s3@group-5D589E31C35B-LEADER: reject PRE_VOTE from s2: this server is the leader and still has leadership
2022-11-08 19:11:26,073 [HandlerDaemon-0] INFO  server.RaftServer$Division (RaftServerImpl.java:requestVote(1294)) - s4@group-5D589E31C35B: receive requestVote(PRE_VOTE, s2, group-5D589E31C35B, 1, (t:1, i:0))
2022-11-08 19:11:26,073 [HandlerDaemon-0] INFO  impl.VoteContext (VoteContext.java:log(49)) - s4@group-5D589E31C35B-FOLLOWER: reject PRE_VOTE from s2: this server is a follower and still has a valid leader s3
2022-11-08 19:11:26,073 [HandlerDaemon-0] INFO  server.RaftServer$Division (RaftServerImpl.java:requestVote(1327)) - s3@group-5D589E31C35B replies to PRE_VOTE vote request: s2<-s3#0:FAIL-t1. Peer's state: s3@group-5D589E31C35B:t1, leader=s3, voted=s3, raftlog=Memoized:s3@group-5D589E31C35B-SegmentedRaftLog:OPENED:c0, conf=0: peers:[s3|rpc:localhost:37653|admin:localhost:36015|client:localhost:42101|dataStream:localhost:39669|priority:0|startupRole:FOLLOWER, s4|rpc:localhost:43189|admin:localhost:35299|client:localhost:33007|dataStream:localhost:42297|priority:0|startupRole:FOLLOWER, s0|rpc:localhost:41893|admin:localhost:37625|client:localhost:41993|dataStream:localhost:45101|priority:0|startupRole:FOLLOWER, s1|rpc:localhost:34273|admin:localhost:36031|client:localhost:35527|dataStream:localhost:45605|priority:0|startupRole:FOLLOWER, s2|rpc:localhost:37305|admin:localhost:39781|client:localhost:45787|dataStream:localhost:38773|priority:0|startupRole:FOLLOWER]|listeners:[], old=null
2022-11-08 19:11:26,073 [HandlerDaemon-0] INFO  server.RaftServer$Division (RaftServerImpl.java:requestVote(1327)) - s4@group-5D589E31C35B replies to PRE_VOTE vote request: s2<-s4#0:FAIL-t1. Peer's state: s4@group-5D589E31C35B:t1, leader=s3, voted=s3, raftlog=Memoized:s4@group-5D589E31C35B-SegmentedRaftLog:OPENED:c0, conf=0: peers:[s3|rpc:localhost:37653|admin:localhost:36015|client:localhost:42101|dataStream:localhost:39669|priority:0|startupRole:FOLLOWER, s4|rpc:localhost:43189|admin:localhost:35299|client:localhost:33007|dataStream:localhost:42297|priority:0|startupRole:FOLLOWER, s0|rpc:localhost:41893|admin:localhost:37625|client:localhost:41993|dataStream:localhost:45101|priority:0|startupRole:FOLLOWER, s1|rpc:localhost:34273|admin:localhost:36031|client:localhost:35527|dataStream:localhost:45605|priority:0|startupRole:FOLLOWER, s2|rpc:localhost:37305|admin:localhost:39781|client:localhost:45787|dataStream:localhost:38773|priority:0|startupRole:FOLLOWER]|listeners:[], old=null
2022-11-08 19:11:26,073 [HandlerDaemon-2] INFO  server.RaftServer$Division (RaftServerImpl.java:requestVote(1294)) - s0@group-5D589E31C35B: receive requestVote(PRE_VOTE, s2, group-5D589E31C35B, 1, (t:1, i:0))
2022-11-08 19:11:26,073 [HandlerDaemon-2] INFO  impl.VoteContext (VoteContext.java:log(49)) - s0@group-5D589E31C35B-FOLLOWER: reject PRE_VOTE from s2: this server is a follower and still has a valid leader s3
2022-11-08 19:11:26,073 [HandlerDaemon-2] INFO  server.RaftServer$Division (RaftServerImpl.java:requestVote(1327)) - s0@group-5D589E31C35B replies to PRE_VOTE vote request: s2<-s0#0:FAIL-t1. Peer's state: s0@group-5D589E31C35B:t1, leader=s3, voted=s3, raftlog=Memoized:s0@group-5D589E31C35B-SegmentedRaftLog:OPENED:c0, conf=0: peers:[s3|rpc:localhost:37653|admin:localhost:36015|client:localhost:42101|dataStream:localhost:39669|priority:0|startupRole:FOLLOWER, s4|rpc:localhost:43189|admin:localhost:35299|client:localhost:33007|dataStream:localhost:42297|priority:0|startupRole:FOLLOWER, s0|rpc:localhost:41893|admin:localhost:37625|client:localhost:41993|dataStream:localhost:45101|priority:0|startupRole:FOLLOWER, s1|rpc:localhost:34273|admin:localhost:36031|client:localhost:35527|dataStream:localhost:45605|priority:0|startupRole:FOLLOWER, s2|rpc:localhost:37305|admin:localhost:39781|client:localhost:45787|dataStream:localhost:38773|priority:0|startupRole:FOLLOWER]|listeners:[], old=null
2022-11-08 19:11:26,073 [HandlerDaemon-0] INFO  server.RaftServer$Division (RaftServerImpl.java:requestVote(1294)) - s1@group-5D589E31C35B: receive requestVote(PRE_VOTE, s2, group-5D589E31C35B, 1, (t:1, i:0))
2022-11-08 19:11:26,073 [HandlerDaemon-0] INFO  impl.VoteContext (VoteContext.java:log(49)) - s1@group-5D589E31C35B-FOLLOWER: reject PRE_VOTE from s2: this server is a follower and still has a valid leader s3
2022-11-08 19:11:26,073 [HandlerDaemon-0] INFO  server.RaftServer$Division (RaftServerImpl.java:requestVote(1327)) - s1@group-5D589E31C35B replies to PRE_VOTE vote request: s2<-s1#0:FAIL-t1. Peer's state: s1@group-5D589E31C35B:t1, leader=s3, voted=s3, raftlog=Memoized:s1@group-5D589E31C35B-SegmentedRaftLog:OPENED:c0, conf=0: peers:[s3|rpc:localhost:37653|admin:localhost:36015|client:localhost:42101|dataStream:localhost:39669|priority:0|startupRole:FOLLOWER, s4|rpc:localhost:43189|admin:localhost:35299|client:localhost:33007|dataStream:localhost:42297|priority:0|startupRole:FOLLOWER, s0|rpc:localhost:41893|admin:localhost:37625|client:localhost:41993|dataStream:localhost:45101|priority:0|startupRole:FOLLOWER, s1|rpc:localhost:34273|admin:localhost:36031|client:localhost:35527|dataStream:localhost:45605|priority:0|startupRole:FOLLOWER, s2|rpc:localhost:37305|admin:localhost:39781|client:localhost:45787|dataStream:localhost:38773|priority:0|startupRole:FOLLOWER]|listeners:[], old=null
2022-11-08 19:11:26,074 [s2@group-5D589E31C35B-LeaderElection20] INFO  impl.LeaderElection (LeaderElection.java:logAndReturn(89)) - s2@group-5D589E31C35B-LeaderElection20: PRE_VOTE REJECTED received 3 response(s) and 0 exception(s):
2022-11-08 19:11:26,074 [s2@group-5D589E31C35B-LeaderElection20] INFO  impl.LeaderElection (LeaderElection.java:logAndReturn(93)) -   Response 0: s2<-s3#0:FAIL-t1
2022-11-08 19:11:26,074 [s2@group-5D589E31C35B-LeaderElection20] INFO  impl.LeaderElection (LeaderElection.java:logAndReturn(93)) -   Response 1: s2<-s4#0:FAIL-t1
2022-11-08 19:11:26,074 [s2@group-5D589E31C35B-LeaderElection20] INFO  impl.LeaderElection (LeaderElection.java:logAndReturn(93)) -   Response 2: s2<-s0#0:FAIL-t1
2022-11-08 19:11:26,074 [s2@group-5D589E31C35B-LeaderElection20] INFO  impl.LeaderElection (LeaderElection.java:askForVotes(311)) - s2@group-5D589E31C35B-LeaderElection20 PRE_VOTE round 0: result REJECTED
2022-11-08 19:11:26,074 [s2@group-5D589E31C35B-LeaderElection20] INFO  server.RaftServer$Division (RaftServerImpl.java:setRole(325)) - s2@group-5D589E31C35B: changes role from CANDIDATE to FOLLOWER at term 1 for REJECTED
2022-11-08 19:11:26,074 [s2@group-5D589E31C35B-LeaderElection20] INFO  impl.RoleInfo (RoleInfo.java:shutdownLeaderElection(130)) - s2: shutdown s2@group-5D589E31C35B-LeaderElection20
2022-11-08 19:11:26,074 [s2@group-5D589E31C35B-LeaderElection20] INFO  impl.RoleInfo (RoleInfo.java:updateAndGet(139)) - s2: start s2@group-5D589E31C35B-FollowerState
2022-11-08 19:11:26,219 [HandlerDaemon-2] INFO  server.RaftServer$Division (ServerState.java:setLeader(259)) - s2@group-5D589E31C35B: change Leader from null to s3 at term 1 for appendEntries, leader elected after 296ms
2022-11-08 19:11:26,343 [HandlerDaemon-1] INFO  server.RaftServer$Division (RaftServerImpl.java:requestVote(1294)) - s2@group-5D589E31C35B: receive requestVote(PRE_VOTE, s4, group-5D589E31C35B, 1, (t:1, i:0))
2022-11-08 19:11:26,344 [HandlerDaemon-1] INFO  impl.VoteContext (VoteContext.java:log(49)) - s2@group-5D589E31C35B-FOLLOWER: reject PRE_VOTE from s4: this server is a follower and still has a valid leader s3
2022-11-08 19:11:26,344 [HandlerDaemon-1] INFO  server.RaftServer$Division (RaftServerImpl.java:requestVote(1327)) - s2@group-5D589E31C35B replies to PRE_VOTE vote request: s4<-s2#0:FAIL-t1. Peer's state: s2@group-5D589E31C35B:t1, leader=s3, voted=s3, raftlog=Memoized:s2@group-5D589E31C35B-SegmentedRaftLog:OPENED:c0, conf=0: peers:[s3|rpc:localhost:37653|admin:localhost:36015|client:localhost:42101|dataStream:localhost:39669|priority:0|startupRole:FOLLOWER, s4|rpc:localhost:43189|admin:localhost:35299|client:localhost:33007|dataStream:localhost:42297|priority:0|startupRole:FOLLOWER, s0|rpc:localhost:41893|admin:localhost:37625|client:localhost:41993|dataStream:localhost:45101|priority:0|startupRole:FOLLOWER, s1|rpc:localhost:34273|admin:localhost:36031|client:localhost:35527|dataStream:localhost:45605|priority:0|startupRole:FOLLOWER, s2|rpc:localhost:37305|admin:localhost:39781|client:localhost:45787|dataStream:localhost:38773|priority:0|startupRole:FOLLOWER]|listeners:[], old=null
2022-11-08 19:11:26,519 [Time-limited test] INFO  simulation.TestLeaderElectionWithSimulatedRpc (LeaderElectionTests.java:enforceLeader(292)) - try enforcing leader to s2 but new leader is s3
2022-11-08 19:11:26,519 [Time-limited test] INFO  server.RaftServerConfigKeys (ConfUtils.java:logGet(46)) - raft.server.rpc.timeout.max = 300ms (default)
2022-11-08 19:11:26,916 [s2@group-5D589E31C35B-FollowerState] INFO  impl.FollowerState (FollowerState.java:run(143)) - s2@group-5D589E31C35B-FollowerState: change to CANDIDATE, lastRpcElapsedTime:469582786ns, electionTimeout:295ms
2022-11-08 19:11:26,916 [s2@group-5D589E31C35B-FollowerState] INFO  impl.RoleInfo (RoleInfo.java:shutdownFollowerState(110)) - s2: shutdown s2@group-5D589E31C35B-FollowerState
2022-11-08 19:11:26,916 [s2@group-5D589E31C35B-FollowerState] INFO  server.RaftServer$Division (RaftServerImpl.java:setRole(325)) - s2@group-5D589E31C35B: changes role from  FOLLOWER to CANDIDATE at term 1 for changeToCandidate
2022-11-08 19:11:26,916 [s2@group-5D589E31C35B-FollowerState] INFO  server.RaftServerConfigKeys (ConfUtils.java:logGet(46)) - raft.server.leaderelection.pre-vote = true (default)
2022-11-08 19:11:26,916 [s2@group-5D589E31C35B-FollowerState] INFO  impl.RoleInfo (RoleInfo.java:updateAndGet(139)) - s2: start s2@group-5D589E31C35B-LeaderElection21
2022-11-08 19:11:26,916 [s2@group-5D589E31C35B-LeaderElection21] INFO  server.RaftServer$Division (ServerState.java:setLeader(259)) - s2@group-5D589E31C35B: change Leader from s3 to null at term 1 for PRE_VOTE
2022-11-08 19:11:26,916 [s2@group-5D589E31C35B-LeaderElection21] INFO  impl.LeaderElection (LeaderElection.java:askForVotes(309)) - s2@group-5D589E31C35B-LeaderElection21 PRE_VOTE round 0: submit vote requests at term 1 for 0: peers:[s3|rpc:localhost:37653|admin:localhost:36015|client:localhost:42101|dataStream:localhost:39669|priority:0|startupRole:FOLLOWER, s4|rpc:localhost:43189|admin:localhost:35299|client:localhost:33007|dataStream:localhost:42297|priority:0|startupRole:FOLLOWER, s0|rpc:localhost:41893|admin:localhost:37625|client:localhost:41993|dataStream:localhost:45101|priority:0|startupRole:FOLLOWER, s1|rpc:localhost:34273|admin:localhost:36031|client:localhost:35527|dataStream:localhost:45605|priority:0|startupRole:FOLLOWER, s2|rpc:localhost:37305|admin:localhost:39781|client:localhost:45787|dataStream:localhost:38773|priority:0|startupRole:FOLLOWER]|listeners:[], old=null
2022-11-08 19:11:26,970 [Time-limited test] INFO  server.RaftServerConfigKeys (ConfUtils.java:logGet(46)) - raft.server.rpc.timeout.max = 300ms (default)
2022-11-08 19:11:27,067 [HandlerDaemon-0] INFO  server.RaftServer$Division (RaftServerImpl.java:requestVote(1294)) - s4@group-5D589E31C35B: receive requestVote(PRE_VOTE, s2, group-5D589E31C35B, 1, (t:1, i:0))
2022-11-08 19:11:27,067 [HandlerDaemon-0] INFO  impl.VoteContext (VoteContext.java:log(49)) - s4@group-5D589E31C35B-FOLLOWER: reject PRE_VOTE from s2: this server is a follower and still has a valid leader s3
2022-11-08 19:11:27,067 [HandlerDaemon-0] INFO  server.RaftServer$Division (RaftServerImpl.java:requestVote(1294)) - s1@group-5D589E31C35B: receive requestVote(PRE_VOTE, s2, group-5D589E31C35B, 1, (t:1, i:0))
2022-11-08 19:11:27,067 [HandlerDaemon-0] INFO  impl.VoteContext (VoteContext.java:log(49)) - s1@group-5D589E31C35B-FOLLOWER: reject PRE_VOTE from s2: this server is a follower and still has a valid leader s3
2022-11-08 19:11:27,067 [HandlerDaemon-2] INFO  server.RaftServer$Division (RaftServerImpl.java:requestVote(1294)) - s0@group-5D589E31C35B: receive requestVote(PRE_VOTE, s2, group-5D589E31C35B, 1, (t:1, i:0))
2022-11-08 19:11:27,067 [HandlerDaemon-2] INFO  impl.VoteContext (VoteContext.java:log(49)) - s0@group-5D589E31C35B-FOLLOWER: reject PRE_VOTE from s2: this server is a follower and still has a valid leader s3
2022-11-08 19:11:27,067 [HandlerDaemon-2] INFO  server.RaftServer$Division (RaftServerImpl.java:requestVote(1294)) - s3@group-5D589E31C35B: receive requestVote(PRE_VOTE, s2, group-5D589E31C35B, 1, (t:1, i:0))
2022-11-08 19:11:27,067 [HandlerDaemon-2] INFO  server.RaftServer$Division (RaftServerImpl.java:requestVote(1327)) - s0@group-5D589E31C35B replies to PRE_VOTE vote request: s2<-s0#0:FAIL-t1. Peer's state: s0@group-5D589E31C35B:t1, leader=s3, voted=s3, raftlog=Memoized:s0@group-5D589E31C35B-SegmentedRaftLog:OPENED:c0, conf=0: peers:[s3|rpc:localhost:37653|admin:localhost:36015|client:localhost:42101|dataStream:localhost:39669|priority:0|startupRole:FOLLOWER, s4|rpc:localhost:43189|admin:localhost:35299|client:localhost:33007|dataStream:localhost:42297|priority:0|startupRole:FOLLOWER, s0|rpc:localhost:41893|admin:localhost:37625|client:localhost:41993|dataStream:localhost:45101|priority:0|startupRole:FOLLOWER, s1|rpc:localhost:34273|admin:localhost:36031|client:localhost:35527|dataStream:localhost:45605|priority:0|startupRole:FOLLOWER, s2|rpc:localhost:37305|admin:localhost:39781|client:localhost:45787|dataStream:localhost:38773|priority:0|startupRole:FOLLOWER]|listeners:[], old=null
2022-11-08 19:11:27,067 [HandlerDaemon-2] INFO  impl.VoteContext (VoteContext.java:log(49)) - s3@group-5D589E31C35B-LEADER: reject PRE_VOTE from s2: this server is the leader and still has leadership
2022-11-08 19:11:27,067 [HandlerDaemon-0] INFO  server.RaftServer$Division (RaftServerImpl.java:requestVote(1327)) - s1@group-5D589E31C35B replies to PRE_VOTE vote request: s2<-s1#0:FAIL-t1. Peer's state: s1@group-5D589E31C35B:t1, leader=s3, voted=s3, raftlog=Memoized:s1@group-5D589E31C35B-SegmentedRaftLog:OPENED:c0, conf=0: peers:[s3|rpc:localhost:37653|admin:localhost:36015|client:localhost:42101|dataStream:localhost:39669|priority:0|startupRole:FOLLOWER, s4|rpc:localhost:43189|admin:localhost:35299|client:localhost:33007|dataStream:localhost:42297|priority:0|startupRole:FOLLOWER, s0|rpc:localhost:41893|admin:localhost:37625|client:localhost:41993|dataStream:localhost:45101|priority:0|startupRole:FOLLOWER, s1|rpc:localhost:34273|admin:localhost:36031|client:localhost:35527|dataStream:localhost:45605|priority:0|startupRole:FOLLOWER, s2|rpc:localhost:37305|admin:localhost:39781|client:localhost:45787|dataStream:localhost:38773|priority:0|startupRole:FOLLOWER]|listeners:[], old=null
2022-11-08 19:11:27,068 [HandlerDaemon-2] INFO  server.RaftServer$Division (RaftServerImpl.java:requestVote(1327)) - s3@group-5D589E31C35B replies to PRE_VOTE vote request: s2<-s3#0:FAIL-t1. Peer's state: s3@group-5D589E31C35B:t1, leader=s3, voted=s3, raftlog=Memoized:s3@group-5D589E31C35B-SegmentedRaftLog:OPENED:c0, conf=0: peers:[s3|rpc:localhost:37653|admin:localhost:36015|client:localhost:42101|dataStream:localhost:39669|priority:0|startupRole:FOLLOWER, s4|rpc:localhost:43189|admin:localhost:35299|client:localhost:33007|dataStream:localhost:42297|priority:0|startupRole:FOLLOWER, s0|rpc:localhost:41893|admin:localhost:37625|client:localhost:41993|dataStream:localhost:45101|priority:0|startupRole:FOLLOWER, s1|rpc:localhost:34273|admin:localhost:36031|client:localhost:35527|dataStream:localhost:45605|priority:0|startupRole:FOLLOWER, s2|rpc:localhost:37305|admin:localhost:39781|client:localhost:45787|dataStream:localhost:38773|priority:0|startupRole:FOLLOWER]|listeners:[], old=null
2022-11-08 19:11:27,067 [HandlerDaemon-0] INFO  server.RaftServer$Division (RaftServerImpl.java:requestVote(1327)) - s4@group-5D589E31C35B replies to PRE_VOTE vote request: s2<-s4#0:FAIL-t1. Peer's state: s4@group-5D589E31C35B:t1, leader=s3, voted=s3, raftlog=Memoized:s4@group-5D589E31C35B-SegmentedRaftLog:OPENED:c0, conf=0: peers:[s3|rpc:localhost:37653|admin:localhost:36015|client:localhost:42101|dataStream:localhost:39669|priority:0|startupRole:FOLLOWER, s4|rpc:localhost:43189|admin:localhost:35299|client:localhost:33007|dataStream:localhost:42297|priority:0|startupRole:FOLLOWER, s0|rpc:localhost:41893|admin:localhost:37625|client:localhost:41993|dataStream:localhost:45101|priority:0|startupRole:FOLLOWER, s1|rpc:localhost:34273|admin:localhost:36031|client:localhost:35527|dataStream:localhost:45605|priority:0|startupRole:FOLLOWER, s2|rpc:localhost:37305|admin:localhost:39781|client:localhost:45787|dataStream:localhost:38773|priority:0|startupRole:FOLLOWER]|listeners:[], old=null
2022-11-08 19:11:27,068 [s2@group-5D589E31C35B-LeaderElection21] INFO  impl.LeaderElection (LeaderElection.java:logAndReturn(89)) - s2@group-5D589E31C35B-LeaderElection21: PRE_VOTE REJECTED received 3 response(s) and 0 exception(s):
2022-11-08 19:11:27,068 [s2@group-5D589E31C35B-LeaderElection21] INFO  impl.LeaderElection (LeaderElection.java:logAndReturn(93)) -   Response 0: s2<-s3#0:FAIL-t1
2022-11-08 19:11:27,068 [s2@group-5D589E31C35B-LeaderElection21] INFO  impl.LeaderElection (LeaderElection.java:logAndReturn(93)) -   Response 1: s2<-s4#0:FAIL-t1
2022-11-08 19:11:27,069 [s2@group-5D589E31C35B-LeaderElection21] INFO  impl.LeaderElection (LeaderElection.java:logAndReturn(93)) -   Response 2: s2<-s0#0:FAIL-t1
2022-11-08 19:11:27,069 [s2@group-5D589E31C35B-LeaderElection21] INFO  impl.LeaderElection (LeaderElection.java:askForVotes(311)) - s2@group-5D589E31C35B-LeaderElection21 PRE_VOTE round 0: result REJECTED
2022-11-08 19:11:27,069 [s2@group-5D589E31C35B-LeaderElection21] INFO  server.RaftServer$Division (RaftServerImpl.java:setRole(325)) - s2@group-5D589E31C35B: changes role from CANDIDATE to FOLLOWER at term 1 for REJECTED
2022-11-08 19:11:27,069 [s2@group-5D589E31C35B-LeaderElection21] INFO  impl.RoleInfo (RoleInfo.java:shutdownLeaderElection(130)) - s2: shutdown s2@group-5D589E31C35B-LeaderElection21
2022-11-08 19:11:27,069 [s2@group-5D589E31C35B-LeaderElection21] INFO  impl.RoleInfo (RoleInfo.java:updateAndGet(139)) - s2: start s2@group-5D589E31C35B-FollowerState
2022-11-08 19:11:27,121 [HandlerDaemon-1] INFO  server.RaftServer$Division (ServerState.java:setLeader(259)) - s2@group-5D589E31C35B: change Leader from null to s3 at term 1 for appendEntries, leader elected after 205ms
2022-11-08 19:11:27,420 [Time-limited test] INFO  simulation.TestLeaderElectionWithSimulatedRpc (LeaderElectionTests.java:enforceLeader(292)) - try enforcing leader to s2 but new leader is s3
2022-11-08 19:11:27,420 [Time-limited test] INFO  server.RaftServerConfigKeys (ConfUtils.java:logGet(46)) - raft.server.rpc.timeout.max = 300ms (default)
2022-11-08 19:11:27,556 [s0@group-5D589E31C35B-FollowerState] INFO  impl.FollowerState (FollowerState.java:run(143)) - s0@group-5D589E31C35B-FollowerState: change to CANDIDATE, lastRpcElapsedTime:189408054ns, electionTimeout:175ms
2022-11-08 19:11:27,557 [s0@group-5D589E31C35B-FollowerState] INFO  impl.RoleInfo (RoleInfo.java:shutdownFollowerState(110)) - s0: shutdown s0@group-5D589E31C35B-FollowerState
2022-11-08 19:11:27,557 [s0@group-5D589E31C35B-FollowerState] INFO  server.RaftServer$Division (RaftServerImpl.java:setRole(325)) - s0@group-5D589E31C35B: changes role from  FOLLOWER to CANDIDATE at term 1 for changeToCandidate
2022-11-08 19:11:27,557 [s0@group-5D589E31C35B-FollowerState] INFO  server.RaftServerConfigKeys (ConfUtils.java:logGet(46)) - raft.server.leaderelection.pre-vote = true (default)
2022-11-08 19:11:27,557 [s0@group-5D589E31C35B-FollowerState] INFO  impl.RoleInfo (RoleInfo.java:updateAndGet(139)) - s0: start s0@group-5D589E31C35B-LeaderElection22
2022-11-08 19:11:27,557 [s0@group-5D589E31C35B-LeaderElection22] INFO  server.RaftServer$Division (ServerState.java:setLeader(259)) - s0@group-5D589E31C35B: change Leader from s3 to null at term 1 for PRE_VOTE
2022-11-08 19:11:27,557 [s0@group-5D589E31C35B-LeaderElection22] INFO  impl.LeaderElection (LeaderElection.java:askForVotes(309)) - s0@group-5D589E31C35B-LeaderElection22 PRE_VOTE round 0: submit vote requests at term 1 for 0: peers:[s3|rpc:localhost:37653|admin:localhost:36015|client:localhost:42101|dataStream:localhost:39669|priority:0|startupRole:FOLLOWER, s4|rpc:localhost:43189|admin:localhost:35299|client:localhost:33007|dataStream:localhost:42297|priority:0|startupRole:FOLLOWER, s0|rpc:localhost:41893|admin:localhost:37625|client:localhost:41993|dataStream:localhost:45101|priority:0|startupRole:FOLLOWER, s1|rpc:localhost:34273|admin:localhost:36031|client:localhost:35527|dataStream:localhost:45605|priority:0|startupRole:FOLLOWER, s2|rpc:localhost:37305|admin:localhost:39781|client:localhost:45787|dataStream:localhost:38773|priority:0|startupRole:FOLLOWER]|listeners:[], old=null
2022-11-08 19:11:27,592 [HandlerDaemon-1] INFO  server.RaftServer$Division (RaftServerImpl.java:setRole(325)) - s0@group-5D589E31C35B: changes role from CANDIDATE to FOLLOWER at term 1 for appendEntries
2022-11-08 19:11:27,592 [HandlerDaemon-1] INFO  impl.RoleInfo (RoleInfo.java:shutdownLeaderElection(130)) - s0: shutdown s0@group-5D589E31C35B-LeaderElection22
2022-11-08 19:11:27,592 [HandlerDaemon-1] INFO  impl.RoleInfo (RoleInfo.java:updateAndGet(139)) - s0: start s0@group-5D589E31C35B-FollowerState
2022-11-08 19:11:27,593 [HandlerDaemon-1] INFO  server.RaftServer$Division (ServerState.java:setLeader(259)) - s0@group-5D589E31C35B: change Leader from null to s3 at term 1 for appendEntries, leader elected after 35ms
2022-11-08 19:11:27,708 [HandlerDaemon-0] INFO  server.RaftServer$Division (RaftServerImpl.java:requestVote(1294)) - s1@group-5D589E31C35B: receive requestVote(PRE_VOTE, s0, group-5D589E31C35B, 1, (t:1, i:0))
2022-11-08 19:11:27,708 [HandlerDaemon-0] INFO  impl.VoteContext (VoteContext.java:log(49)) - s1@group-5D589E31C35B-FOLLOWER: reject PRE_VOTE from s0: this server is a follower and still has a valid leader s3
2022-11-08 19:11:27,708 [HandlerDaemon-0] INFO  server.RaftServer$Division (RaftServerImpl.java:requestVote(1294)) - s4@group-5D589E31C35B: receive requestVote(PRE_VOTE, s0, group-5D589E31C35B, 1, (t:1, i:0))
2022-11-08 19:11:27,708 [HandlerDaemon-0] INFO  impl.VoteContext (VoteContext.java:log(49)) - s4@group-5D589E31C35B-FOLLOWER: reject PRE_VOTE from s0: this server is a follower and still has a valid leader s3
2022-11-08 19:11:27,708 [HandlerDaemon-0] INFO  server.RaftServer$Division (RaftServerImpl.java:requestVote(1327)) - s4@group-5D589E31C35B replies to PRE_VOTE vote request: s0<-s4#0:FAIL-t1. Peer's state: s4@group-5D589E31C35B:t1, leader=s3, voted=s3, raftlog=Memoized:s4@group-5D589E31C35B-SegmentedRaftLog:OPENED:c0, conf=0: peers:[s3|rpc:localhost:37653|admin:localhost:36015|client:localhost:42101|dataStream:localhost:39669|priority:0|startupRole:FOLLOWER, s4|rpc:localhost:43189|admin:localhost:35299|client:localhost:33007|dataStream:localhost:42297|priority:0|startupRole:FOLLOWER, s0|rpc:localhost:41893|admin:localhost:37625|client:localhost:41993|dataStream:localhost:45101|priority:0|startupRole:FOLLOWER, s1|rpc:localhost:34273|admin:localhost:36031|client:localhost:35527|dataStream:localhost:45605|priority:0|startupRole:FOLLOWER, s2|rpc:localhost:37305|admin:localhost:39781|client:localhost:45787|dataStream:localhost:38773|priority:0|startupRole:FOLLOWER]|listeners:[], old=null
2022-11-08 19:11:27,708 [HandlerDaemon-1] INFO  server.RaftServer$Division (RaftServerImpl.java:requestVote(1294)) - s3@group-5D589E31C35B: receive requestVote(PRE_VOTE, s0, group-5D589E31C35B, 1, (t:1, i:0))
2022-11-08 19:11:27,708 [s0@group-5D589E31C35B-LeaderElection22] INFO  impl.LeaderElection (LeaderElection.java:logAndReturn(89)) - s0@group-5D589E31C35B-LeaderElection22: PRE_VOTE REJECTED received 1 response(s) and 0 exception(s):
2022-11-08 19:11:27,708 [s0@group-5D589E31C35B-LeaderElection22] INFO  impl.LeaderElection (LeaderElection.java:logAndReturn(93)) -   Response 0: s0<-s4#0:FAIL-t1
2022-11-08 19:11:27,708 [s0@group-5D589E31C35B-LeaderElection22] INFO  impl.LeaderElection (LeaderElection.java:askForVotes(311)) - s0@group-5D589E31C35B-LeaderElection22 PRE_VOTE round 0: result REJECTED
2022-11-08 19:11:27,708 [HandlerDaemon-0] INFO  server.RaftServer$Division (RaftServerImpl.java:requestVote(1327)) - s1@group-5D589E31C35B replies to PRE_VOTE vote request: s0<-s1#0:FAIL-t1. Peer's state: s1@group-5D589E31C35B:t1, leader=s3, voted=s3, raftlog=Memoized:s1@group-5D589E31C35B-SegmentedRaftLog:OPENED:c0, conf=0: peers:[s3|rpc:localhost:37653|admin:localhost:36015|client:localhost:42101|dataStream:localhost:39669|priority:0|startupRole:FOLLOWER, s4|rpc:localhost:43189|admin:localhost:35299|client:localhost:33007|dataStream:localhost:42297|priority:0|startupRole:FOLLOWER, s0|rpc:localhost:41893|admin:localhost:37625|client:localhost:41993|dataStream:localhost:45101|priority:0|startupRole:FOLLOWER, s1|rpc:localhost:34273|admin:localhost:36031|client:localhost:35527|dataStream:localhost:45605|priority:0|startupRole:FOLLOWER, s2|rpc:localhost:37305|admin:localhost:39781|client:localhost:45787|dataStream:localhost:38773|priority:0|startupRole:FOLLOWER]|listeners:[], old=null
2022-11-08 19:11:27,708 [HandlerDaemon-1] INFO  impl.VoteContext (VoteContext.java:log(49)) - s3@group-5D589E31C35B-LEADER: reject PRE_VOTE from s0: this server is the leader and still has leadership
2022-11-08 19:11:27,709 [HandlerDaemon-1] INFO  server.RaftServer$Division (RaftServerImpl.java:requestVote(1327)) - s3@group-5D589E31C35B replies to PRE_VOTE vote request: s0<-s3#0:FAIL-t1. Peer's state: s3@group-5D589E31C35B:t1, leader=s3, voted=s3, raftlog=Memoized:s3@group-5D589E31C35B-SegmentedRaftLog:OPENED:c0, conf=0: peers:[s3|rpc:localhost:37653|admin:localhost:36015|client:localhost:42101|dataStream:localhost:39669|priority:0|startupRole:FOLLOWER, s4|rpc:localhost:43189|admin:localhost:35299|client:localhost:33007|dataStream:localhost:42297|priority:0|startupRole:FOLLOWER, s0|rpc:localhost:41893|admin:localhost:37625|client:localhost:41993|dataStream:localhost:45101|priority:0|startupRole:FOLLOWER, s1|rpc:localhost:34273|admin:localhost:36031|client:localhost:35527|dataStream:localhost:45605|priority:0|startupRole:FOLLOWER, s2|rpc:localhost:37305|admin:localhost:39781|client:localhost:45787|dataStream:localhost:38773|priority:0|startupRole:FOLLOWER]|listeners:[], old=null
2022-11-08 19:11:27,747 [s2@group-5D589E31C35B-FollowerState] INFO  impl.FollowerState (FollowerState.java:run(143)) - s2@group-5D589E31C35B-FollowerState: change to CANDIDATE, lastRpcElapsedTime:398386003ns, electionTimeout:277ms
2022-11-08 19:11:27,747 [s2@group-5D589E31C35B-FollowerState] INFO  impl.RoleInfo (RoleInfo.java:shutdownFollowerState(110)) - s2: shutdown s2@group-5D589E31C35B-FollowerState
2022-11-08 19:11:27,747 [s2@group-5D589E31C35B-FollowerState] INFO  server.RaftServer$Division (RaftServerImpl.java:setRole(325)) - s2@group-5D589E31C35B: changes role from  FOLLOWER to CANDIDATE at term 1 for changeToCandidate
2022-11-08 19:11:27,747 [s2@group-5D589E31C35B-FollowerState] INFO  server.RaftServerConfigKeys (ConfUtils.java:logGet(46)) - raft.server.leaderelection.pre-vote = true (default)
2022-11-08 19:11:27,747 [s2@group-5D589E31C35B-FollowerState] INFO  impl.RoleInfo (RoleInfo.java:updateAndGet(139)) - s2: start s2@group-5D589E31C35B-LeaderElection23
2022-11-08 19:11:27,747 [s2@group-5D589E31C35B-LeaderElection23] INFO  server.RaftServer$Division (ServerState.java:setLeader(259)) - s2@group-5D589E31C35B: change Leader from s3 to null at term 1 for PRE_VOTE
2022-11-08 19:11:27,747 [s2@group-5D589E31C35B-LeaderElection23] INFO  impl.LeaderElection (LeaderElection.java:askForVotes(309)) - s2@group-5D589E31C35B-LeaderElection23 PRE_VOTE round 0: submit vote requests at term 1 for 0: peers:[s3|rpc:localhost:37653|admin:localhost:36015|client:localhost:42101|dataStream:localhost:39669|priority:0|startupRole:FOLLOWER, s4|rpc:localhost:43189|admin:localhost:35299|client:localhost:33007|dataStream:localhost:42297|priority:0|startupRole:FOLLOWER, s0|rpc:localhost:41893|admin:localhost:37625|client:localhost:41993|dataStream:localhost:45101|priority:0|startupRole:FOLLOWER, s1|rpc:localhost:34273|admin:localhost:36031|client:localhost:35527|dataStream:localhost:45605|priority:0|startupRole:FOLLOWER, s2|rpc:localhost:37305|admin:localhost:39781|client:localhost:45787|dataStream:localhost:38773|priority:0|startupRole:FOLLOWER]|listeners:[], old=null
2022-11-08 19:11:27,870 [Time-limited test] INFO  server.RaftServerConfigKeys (ConfUtils.java:logGet(46)) - raft.server.rpc.timeout.max = 300ms (default)
2022-11-08 19:11:27,898 [HandlerDaemon-0] INFO  server.RaftServer$Division (RaftServerImpl.java:requestVote(1294)) - s3@group-5D589E31C35B: receive requestVote(PRE_VOTE, s2, group-5D589E31C35B, 1, (t:1, i:0))
2022-11-08 19:11:27,898 [HandlerDaemon-0] INFO  impl.VoteContext (VoteContext.java:log(49)) - s3@group-5D589E31C35B-LEADER: reject PRE_VOTE from s2: this server is the leader and still has leadership
2022-11-08 19:11:27,898 [HandlerDaemon-0] INFO  server.RaftServer$Division (RaftServerImpl.java:requestVote(1327)) - s3@group-5D589E31C35B replies to PRE_VOTE vote request: s2<-s3#0:FAIL-t1. Peer's state: s3@group-5D589E31C35B:t1, leader=s3, voted=s3, raftlog=Memoized:s3@group-5D589E31C35B-SegmentedRaftLog:OPENED:c0, conf=0: peers:[s3|rpc:localhost:37653|admin:localhost:36015|client:localhost:42101|dataStream:localhost:39669|priority:0|startupRole:FOLLOWER, s4|rpc:localhost:43189|admin:localhost:35299|client:localhost:33007|dataStream:localhost:42297|priority:0|startupRole:FOLLOWER, s0|rpc:localhost:41893|admin:localhost:37625|client:localhost:41993|dataStream:localhost:45101|priority:0|startupRole:FOLLOWER, s1|rpc:localhost:34273|admin:localhost:36031|client:localhost:35527|dataStream:localhost:45605|priority:0|startupRole:FOLLOWER, s2|rpc:localhost:37305|admin:localhost:39781|client:localhost:45787|dataStream:localhost:38773|priority:0|startupRole:FOLLOWER]|listeners:[], old=null
2022-11-08 19:11:27,898 [HandlerDaemon-2] INFO  server.RaftServer$Division (RaftServerImpl.java:requestVote(1294)) - s4@group-5D589E31C35B: receive requestVote(PRE_VOTE, s2, group-5D589E31C35B, 1, (t:1, i:0))
2022-11-08 19:11:27,898 [HandlerDaemon-2] INFO  impl.VoteContext (VoteContext.java:log(49)) - s4@group-5D589E31C35B-FOLLOWER: reject PRE_VOTE from s2: this server is a follower and still has a valid leader s3
2022-11-08 19:11:27,898 [HandlerDaemon-1] INFO  server.RaftServer$Division (RaftServerImpl.java:requestVote(1294)) - s1@group-5D589E31C35B: receive requestVote(PRE_VOTE, s2, group-5D589E31C35B, 1, (t:1, i:0))
2022-11-08 19:11:27,898 [HandlerDaemon-1] INFO  impl.VoteContext (VoteContext.java:log(49)) - s1@group-5D589E31C35B-FOLLOWER: reject PRE_VOTE from s2: this server is a follower and still has a valid leader s3
2022-11-08 19:11:27,898 [HandlerDaemon-1] INFO  server.RaftServer$Division (RaftServerImpl.java:requestVote(1327)) - s1@group-5D589E31C35B replies to PRE_VOTE vote request: s2<-s1#0:FAIL-t1. Peer's state: s1@group-5D589E31C35B:t1, leader=s3, voted=s3, raftlog=Memoized:s1@group-5D589E31C35B-SegmentedRaftLog:OPENED:c0, conf=0: peers:[s3|rpc:localhost:37653|admin:localhost:36015|client:localhost:42101|dataStream:localhost:39669|priority:0|startupRole:FOLLOWER, s4|rpc:localhost:43189|admin:localhost:35299|client:localhost:33007|dataStream:localhost:42297|priority:0|startupRole:FOLLOWER, s0|rpc:localhost:41893|admin:localhost:37625|client:localhost:41993|dataStream:localhost:45101|priority:0|startupRole:FOLLOWER, s1|rpc:localhost:34273|admin:localhost:36031|client:localhost:35527|dataStream:localhost:45605|priority:0|startupRole:FOLLOWER, s2|rpc:localhost:37305|admin:localhost:39781|client:localhost:45787|dataStream:localhost:38773|priority:0|startupRole:FOLLOWER]|listeners:[], old=null
2022-11-08 19:11:27,898 [HandlerDaemon-0] INFO  server.RaftServer$Division (RaftServerImpl.java:requestVote(1294)) - s0@group-5D589E31C35B: receive requestVote(PRE_VOTE, s2, group-5D589E31C35B, 1, (t:1, i:0))
2022-11-08 19:11:27,898 [HandlerDaemon-0] INFO  impl.VoteContext (VoteContext.java:log(49)) - s0@group-5D589E31C35B-FOLLOWER: reject PRE_VOTE from s2: this server is a follower and still has a valid leader s3
2022-11-08 19:11:27,898 [HandlerDaemon-0] INFO  server.RaftServer$Division (RaftServerImpl.java:requestVote(1327)) - s0@group-5D589E31C35B replies to PRE_VOTE vote request: s2<-s0#0:FAIL-t1. Peer's state: s0@group-5D589E31C35B:t1, leader=s3, voted=s3, raftlog=Memoized:s0@group-5D589E31C35B-SegmentedRaftLog:OPENED:c0, conf=0: peers:[s3|rpc:localhost:37653|admin:localhost:36015|client:localhost:42101|dataStream:localhost:39669|priority:0|startupRole:FOLLOWER, s4|rpc:localhost:43189|admin:localhost:35299|client:localhost:33007|dataStream:localhost:42297|priority:0|startupRole:FOLLOWER, s0|rpc:localhost:41893|admin:localhost:37625|client:localhost:41993|dataStream:localhost:45101|priority:0|startupRole:FOLLOWER, s1|rpc:localhost:34273|admin:localhost:36031|client:localhost:35527|dataStream:localhost:45605|priority:0|startupRole:FOLLOWER, s2|rpc:localhost:37305|admin:localhost:39781|client:localhost:45787|dataStream:localhost:38773|priority:0|startupRole:FOLLOWER]|listeners:[], old=null
2022-11-08 19:11:27,899 [s2@group-5D589E31C35B-LeaderElection23] INFO  impl.LeaderElection (LeaderElection.java:logAndReturn(89)) - s2@group-5D589E31C35B-LeaderElection23: PRE_VOTE REJECTED received 3 response(s) and 0 exception(s):
2022-11-08 19:11:27,899 [s2@group-5D589E31C35B-LeaderElection23] INFO  impl.LeaderElection (LeaderElection.java:logAndReturn(93)) -   Response 0: s2<-s3#0:FAIL-t1
2022-11-08 19:11:27,899 [s2@group-5D589E31C35B-LeaderElection23] INFO  impl.LeaderElection (LeaderElection.java:logAndReturn(93)) -   Response 1: s2<-s0#0:FAIL-t1
2022-11-08 19:11:27,899 [s2@group-5D589E31C35B-LeaderElection23] INFO  impl.LeaderElection (LeaderElection.java:logAndReturn(93)) -   Response 2: s2<-s1#0:FAIL-t1
2022-11-08 19:11:27,898 [HandlerDaemon-2] INFO  server.RaftServer$Division (RaftServerImpl.java:requestVote(1327)) - s4@group-5D589E31C35B replies to PRE_VOTE vote request: s2<-s4#0:FAIL-t1. Peer's state: s4@group-5D589E31C35B:t1, leader=s3, voted=s3, raftlog=Memoized:s4@group-5D589E31C35B-SegmentedRaftLog:OPENED:c0, conf=0: peers:[s3|rpc:localhost:37653|admin:localhost:36015|client:localhost:42101|dataStream:localhost:39669|priority:0|startupRole:FOLLOWER, s4|rpc:localhost:43189|admin:localhost:35299|client:localhost:33007|dataStream:localhost:42297|priority:0|startupRole:FOLLOWER, s0|rpc:localhost:41893|admin:localhost:37625|client:localhost:41993|dataStream:localhost:45101|priority:0|startupRole:FOLLOWER, s1|rpc:localhost:34273|admin:localhost:36031|client:localhost:35527|dataStream:localhost:45605|priority:0|startupRole:FOLLOWER, s2|rpc:localhost:37305|admin:localhost:39781|client:localhost:45787|dataStream:localhost:38773|priority:0|startupRole:FOLLOWER]|listeners:[], old=null
2022-11-08 19:11:27,899 [s2@group-5D589E31C35B-LeaderElection23] INFO  impl.LeaderElection (LeaderElection.java:askForVotes(311)) - s2@group-5D589E31C35B-LeaderElection23 PRE_VOTE round 0: result REJECTED
2022-11-08 19:11:27,899 [s2@group-5D589E31C35B-LeaderElection23] INFO  server.RaftServer$Division (RaftServerImpl.java:setRole(325)) - s2@group-5D589E31C35B: changes role from CANDIDATE to FOLLOWER at term 1 for REJECTED
2022-11-08 19:11:27,899 [s2@group-5D589E31C35B-LeaderElection23] INFO  impl.RoleInfo (RoleInfo.java:shutdownLeaderElection(130)) - s2: shutdown s2@group-5D589E31C35B-LeaderElection23
2022-11-08 19:11:27,899 [s2@group-5D589E31C35B-LeaderElection23] INFO  impl.RoleInfo (RoleInfo.java:updateAndGet(139)) - s2: start s2@group-5D589E31C35B-FollowerState
2022-11-08 19:11:27,958 [Timer-1] INFO  impl.MiniRaftCluster (MiniRaftCluster.java:lambda$start$6(349)) - TIMED-PRINT: printing ALL groups
  s3:  RUNNING    LEADER s3@group-5D589E31C35B:t1, leader=s3, voted=s3, raftlog=Memoized:s3@group-5D589E31C35B-SegmentedRaftLog:OPENED:c0, conf=0: peers:[s3|rpc:localhost:37653|admin:localhost:36015|client:localhost:42101|dataStream:localhost:39669|priority:0|startupRole:FOLLOWER, s4|rpc:localhost:43189|admin:localhost:35299|client:localhost:33007|dataStream:localhost:42297|priority:0|startupRole:FOLLOWER, s0|rpc:localhost:41893|admin:localhost:37625|client:localhost:41993|dataStream:localhost:45101|priority:0|startupRole:FOLLOWER, s1|rpc:localhost:34273|admin:localhost:36031|client:localhost:35527|dataStream:localhost:45605|priority:0|startupRole:FOLLOWER, s2|rpc:localhost:37305|admin:localhost:39781|client:localhost:45787|dataStream:localhost:38773|priority:0|startupRole:FOLLOWER]|listeners:[], old=null RUNNING
  s4:  RUNNING  FOLLOWER s4@group-5D589E31C35B:t1, leader=s3, voted=s3, raftlog=Memoized:s4@group-5D589E31C35B-SegmentedRaftLog:OPENED:c0, conf=0: peers:[s3|rpc:localhost:37653|admin:localhost:36015|client:localhost:42101|dataStream:localhost:39669|priority:0|startupRole:FOLLOWER, s4|rpc:localhost:43189|admin:localhost:35299|client:localhost:33007|dataStream:localhost:42297|priority:0|startupRole:FOLLOWER, s0|rpc:localhost:41893|admin:localhost:37625|client:localhost:41993|dataStream:localhost:45101|priority:0|startupRole:FOLLOWER, s1|rpc:localhost:34273|admin:localhost:36031|client:localhost:35527|dataStream:localhost:45605|priority:0|startupRole:FOLLOWER, s2|rpc:localhost:37305|admin:localhost:39781|client:localhost:45787|dataStream:localhost:38773|priority:0|startupRole:FOLLOWER]|listeners:[], old=null RUNNING
  s0:  RUNNING  FOLLOWER s0@group-5D589E31C35B:t1, leader=s3, voted=s3, raftlog=Memoized:s0@group-5D589E31C35B-SegmentedRaftLog:OPENED:c0, conf=0: peers:[s3|rpc:localhost:37653|admin:localhost:36015|client:localhost:42101|dataStream:localhost:39669|priority:0|startupRole:FOLLOWER, s4|rpc:localhost:43189|admin:localhost:35299|client:localhost:33007|dataStream:localhost:42297|priority:0|startupRole:FOLLOWER, s0|rpc:localhost:41893|admin:localhost:37625|client:localhost:41993|dataStream:localhost:45101|priority:0|startupRole:FOLLOWER, s1|rpc:localhost:34273|admin:localhost:36031|client:localhost:35527|dataStream:localhost:45605|priority:0|startupRole:FOLLOWER, s2|rpc:localhost:37305|admin:localhost:39781|client:localhost:45787|dataStream:localhost:38773|priority:0|startupRole:FOLLOWER]|listeners:[], old=null RUNNING
  s1:  RUNNING  FOLLOWER s1@group-5D589E31C35B:t1, leader=s3, voted=s3, raftlog=Memoized:s1@group-5D589E31C35B-SegmentedRaftLog:OPENED:c0, conf=0: peers:[s3|rpc:localhost:37653|admin:localhost:36015|client:localhost:42101|dataStream:localhost:39669|priority:0|startupRole:FOLLOWER, s4|rpc:localhost:43189|admin:localhost:35299|client:localhost:33007|dataStream:localhost:42297|priority:0|startupRole:FOLLOWER, s0|rpc:localhost:41893|admin:localhost:37625|client:localhost:41993|dataStream:localhost:45101|priority:0|startupRole:FOLLOWER, s1|rpc:localhost:34273|admin:localhost:36031|client:localhost:35527|dataStream:localhost:45605|priority:0|startupRole:FOLLOWER, s2|rpc:localhost:37305|admin:localhost:39781|client:localhost:45787|dataStream:localhost:38773|priority:0|startupRole:FOLLOWER]|listeners:[], old=null RUNNING
  s2:  RUNNING  FOLLOWER s2@group-5D589E31C35B:t1, leader=null, voted=s3, raftlog=Memoized:s2@group-5D589E31C35B-SegmentedRaftLog:OPENED:c0, conf=0: peers:[s3|rpc:localhost:37653|admin:localhost:36015|client:localhost:42101|dataStream:localhost:39669|priority:0|startupRole:FOLLOWER, s4|rpc:localhost:43189|admin:localhost:35299|client:localhost:33007|dataStream:localhost:42297|priority:0|startupRole:FOLLOWER, s0|rpc:localhost:41893|admin:localhost:37625|client:localhost:41993|dataStream:localhost:45101|priority:0|startupRole:FOLLOWER, s1|rpc:localhost:34273|admin:localhost:36031|client:localhost:35527|dataStream:localhost:45605|priority:0|startupRole:FOLLOWER, s2|rpc:localhost:37305|admin:localhost:39781|client:localhost:45787|dataStream:localhost:38773|priority:0|startupRole:FOLLOWER]|listeners:[], old=null RUNNING
2022-11-08 19:11:28,024 [HandlerDaemon-2] INFO  server.RaftServer$Division (ServerState.java:setLeader(259)) - s2@group-5D589E31C35B: change Leader from null to s3 at term 1 for appendEntries, leader elected after 276ms
2022-11-08 19:11:28,158 [HandlerDaemon-1] INFO  server.RaftServer$Division (RaftServerImpl.java:requestVote(1294)) - s2@group-5D589E31C35B: receive requestVote(PRE_VOTE, s0, group-5D589E31C35B, 1, (t:1, i:0))
2022-11-08 19:11:28,158 [HandlerDaemon-1] INFO  impl.VoteContext (VoteContext.java:log(49)) - s2@group-5D589E31C35B-FOLLOWER: reject PRE_VOTE from s0: this server is a follower and still has a valid leader s3
2022-11-08 19:11:28,158 [HandlerDaemon-1] INFO  server.RaftServer$Division (RaftServerImpl.java:requestVote(1327)) - s2@group-5D589E31C35B replies to PRE_VOTE vote request: s0<-s2#0:FAIL-t1. Peer's state: s2@group-5D589E31C35B:t1, leader=s3, voted=s3, raftlog=Memoized:s2@group-5D589E31C35B-SegmentedRaftLog:OPENED:c0, conf=0: peers:[s3|rpc:localhost:37653|admin:localhost:36015|client:localhost:42101|dataStream:localhost:39669|priority:0|startupRole:FOLLOWER, s4|rpc:localhost:43189|admin:localhost:35299|client:localhost:33007|dataStream:localhost:42297|priority:0|startupRole:FOLLOWER, s0|rpc:localhost:41893|admin:localhost:37625|client:localhost:41993|dataStream:localhost:45101|priority:0|startupRole:FOLLOWER, s1|rpc:localhost:34273|admin:localhost:36031|client:localhost:35527|dataStream:localhost:45605|priority:0|startupRole:FOLLOWER, s2|rpc:localhost:37305|admin:localhost:39781|client:localhost:45787|dataStream:localhost:38773|priority:0|startupRole:FOLLOWER]|listeners:[], old=null
2022-11-08 19:11:28,321 [Time-limited test] INFO  simulation.TestLeaderElectionWithSimulatedRpc (LeaderElectionTests.java:enforceLeader(295)) - printing ALL groups
  s3:  RUNNING    LEADER s3@group-5D589E31C35B:t1, leader=s3, voted=s3, raftlog=Memoized:s3@group-5D589E31C35B-SegmentedRaftLog:OPENED:c0, conf=0: peers:[s3|rpc:localhost:37653|admin:localhost:36015|client:localhost:42101|dataStream:localhost:39669|priority:0|startupRole:FOLLOWER, s4|rpc:localhost:43189|admin:localhost:35299|client:localhost:33007|dataStream:localhost:42297|priority:0|startupRole:FOLLOWER, s0|rpc:localhost:41893|admin:localhost:37625|client:localhost:41993|dataStream:localhost:45101|priority:0|startupRole:FOLLOWER, s1|rpc:localhost:34273|admin:localhost:36031|client:localhost:35527|dataStream:localhost:45605|priority:0|startupRole:FOLLOWER, s2|rpc:localhost:37305|admin:localhost:39781|client:localhost:45787|dataStream:localhost:38773|priority:0|startupRole:FOLLOWER]|listeners:[], old=null RUNNING
  s4:  RUNNING  FOLLOWER s4@group-5D589E31C35B:t1, leader=s3, voted=s3, raftlog=Memoized:s4@group-5D589E31C35B-SegmentedRaftLog:OPENED:c0, conf=0: peers:[s3|rpc:localhost:37653|admin:localhost:36015|client:localhost:42101|dataStream:localhost:39669|priority:0|startupRole:FOLLOWER, s4|rpc:localhost:43189|admin:localhost:35299|client:localhost:33007|dataStream:localhost:42297|priority:0|startupRole:FOLLOWER, s0|rpc:localhost:41893|admin:localhost:37625|client:localhost:41993|dataStream:localhost:45101|priority:0|startupRole:FOLLOWER, s1|rpc:localhost:34273|admin:localhost:36031|client:localhost:35527|dataStream:localhost:45605|priority:0|startupRole:FOLLOWER, s2|rpc:localhost:37305|admin:localhost:39781|client:localhost:45787|dataStream:localhost:38773|priority:0|startupRole:FOLLOWER]|listeners:[], old=null RUNNING
  s0:  RUNNING  FOLLOWER s0@group-5D589E31C35B:t1, leader=s3, voted=s3, raftlog=Memoized:s0@group-5D589E31C35B-SegmentedRaftLog:OPENED:c0, conf=0: peers:[s3|rpc:localhost:37653|admin:localhost:36015|client:localhost:42101|dataStream:localhost:39669|priority:0|startupRole:FOLLOWER, s4|rpc:localhost:43189|admin:localhost:35299|client:localhost:33007|dataStream:localhost:42297|priority:0|startupRole:FOLLOWER, s0|rpc:localhost:41893|admin:localhost:37625|client:localhost:41993|dataStream:localhost:45101|priority:0|startupRole:FOLLOWER, s1|rpc:localhost:34273|admin:localhost:36031|client:localhost:35527|dataStream:localhost:45605|priority:0|startupRole:FOLLOWER, s2|rpc:localhost:37305|admin:localhost:39781|client:localhost:45787|dataStream:localhost:38773|priority:0|startupRole:FOLLOWER]|listeners:[], old=null RUNNING
  s1:  RUNNING  FOLLOWER s1@group-5D589E31C35B:t1, leader=s3, voted=s3, raftlog=Memoized:s1@group-5D589E31C35B-SegmentedRaftLog:OPENED:c0, conf=0: peers:[s3|rpc:localhost:37653|admin:localhost:36015|client:localhost:42101|dataStream:localhost:39669|priority:0|startupRole:FOLLOWER, s4|rpc:localhost:43189|admin:localhost:35299|client:localhost:33007|dataStream:localhost:42297|priority:0|startupRole:FOLLOWER, s0|rpc:localhost:41893|admin:localhost:37625|client:localhost:41993|dataStream:localhost:45101|priority:0|startupRole:FOLLOWER, s1|rpc:localhost:34273|admin:localhost:36031|client:localhost:35527|dataStream:localhost:45605|priority:0|startupRole:FOLLOWER, s2|rpc:localhost:37305|admin:localhost:39781|client:localhost:45787|dataStream:localhost:38773|priority:0|startupRole:FOLLOWER]|listeners:[], old=null RUNNING
  s2:  RUNNING  FOLLOWER s2@group-5D589E31C35B:t1, leader=s3, voted=s3, raftlog=Memoized:s2@group-5D589E31C35B-SegmentedRaftLog:OPENED:c0, conf=0: peers:[s3|rpc:localhost:37653|admin:localhost:36015|client:localhost:42101|dataStream:localhost:39669|priority:0|startupRole:FOLLOWER, s4|rpc:localhost:43189|admin:localhost:35299|client:localhost:33007|dataStream:localhost:42297|priority:0|startupRole:FOLLOWER, s0|rpc:localhost:41893|admin:localhost:37625|client:localhost:41993|dataStream:localhost:45101|priority:0|startupRole:FOLLOWER, s1|rpc:localhost:34273|admin:localhost:36031|client:localhost:35527|dataStream:localhost:45605|priority:0|startupRole:FOLLOWER, s2|rpc:localhost:37305|admin:localhost:39781|client:localhost:45787|dataStream:localhost:38773|priority:0|startupRole:FOLLOWER]|listeners:[], old=null RUNNING
2022-11-08 19:11:28,322 [Time-limited test] INFO  impl.MiniRaftCluster (MiniRaftCluster.java:shutdown(831)) - ************************************************************** 
2022-11-08 19:11:28,322 [Time-limited test] INFO  impl.MiniRaftCluster (MiniRaftCluster.java:shutdown(832)) - *** 
2022-11-08 19:11:28,322 [Time-limited test] INFO  impl.MiniRaftCluster (MiniRaftCluster.java:shutdown(833)) - ***     Stopping MiniRaftClusterWithSimulatedRpc
2022-11-08 19:11:28,322 [Time-limited test] INFO  impl.MiniRaftCluster (MiniRaftCluster.java:shutdown(834)) - *** 
2022-11-08 19:11:28,322 [Time-limited test] INFO  impl.MiniRaftCluster (MiniRaftCluster.java:shutdown(835)) - ************************************************************** 
2022-11-08 19:11:28,322 [Time-limited test] INFO  impl.MiniRaftCluster (MiniRaftCluster.java:shutdown(836)) - printing ALL groups
  s3:  RUNNING    LEADER s3@group-5D589E31C35B:t1, leader=s3, voted=s3, raftlog=Memoized:s3@group-5D589E31C35B-SegmentedRaftLog:OPENED:c0, conf=0: peers:[s3|rpc:localhost:37653|admin:localhost:36015|client:localhost:42101|dataStream:localhost:39669|priority:0|startupRole:FOLLOWER, s4|rpc:localhost:43189|admin:localhost:35299|client:localhost:33007|dataStream:localhost:42297|priority:0|startupRole:FOLLOWER, s0|rpc:localhost:41893|admin:localhost:37625|client:localhost:41993|dataStream:localhost:45101|priority:0|startupRole:FOLLOWER, s1|rpc:localhost:34273|admin:localhost:36031|client:localhost:35527|dataStream:localhost:45605|priority:0|startupRole:FOLLOWER, s2|rpc:localhost:37305|admin:localhost:39781|client:localhost:45787|dataStream:localhost:38773|priority:0|startupRole:FOLLOWER]|listeners:[], old=null RUNNING
  s4:  RUNNING  FOLLOWER s4@group-5D589E31C35B:t1, leader=s3, voted=s3, raftlog=Memoized:s4@group-5D589E31C35B-SegmentedRaftLog:OPENED:c0, conf=0: peers:[s3|rpc:localhost:37653|admin:localhost:36015|client:localhost:42101|dataStream:localhost:39669|priority:0|startupRole:FOLLOWER, s4|rpc:localhost:43189|admin:localhost:35299|client:localhost:33007|dataStream:localhost:42297|priority:0|startupRole:FOLLOWER, s0|rpc:localhost:41893|admin:localhost:37625|client:localhost:41993|dataStream:localhost:45101|priority:0|startupRole:FOLLOWER, s1|rpc:localhost:34273|admin:localhost:36031|client:localhost:35527|dataStream:localhost:45605|priority:0|startupRole:FOLLOWER, s2|rpc:localhost:37305|admin:localhost:39781|client:localhost:45787|dataStream:localhost:38773|priority:0|startupRole:FOLLOWER]|listeners:[], old=null RUNNING
  s0:  RUNNING  FOLLOWER s0@group-5D589E31C35B:t1, leader=s3, voted=s3, raftlog=Memoized:s0@group-5D589E31C35B-SegmentedRaftLog:OPENED:c0, conf=0: peers:[s3|rpc:localhost:37653|admin:localhost:36015|client:localhost:42101|dataStream:localhost:39669|priority:0|startupRole:FOLLOWER, s4|rpc:localhost:43189|admin:localhost:35299|client:localhost:33007|dataStream:localhost:42297|priority:0|startupRole:FOLLOWER, s0|rpc:localhost:41893|admin:localhost:37625|client:localhost:41993|dataStream:localhost:45101|priority:0|startupRole:FOLLOWER, s1|rpc:localhost:34273|admin:localhost:36031|client:localhost:35527|dataStream:localhost:45605|priority:0|startupRole:FOLLOWER, s2|rpc:localhost:37305|admin:localhost:39781|client:localhost:45787|dataStream:localhost:38773|priority:0|startupRole:FOLLOWER]|listeners:[], old=null RUNNING
  s1:  RUNNING  FOLLOWER s1@group-5D589E31C35B:t1, leader=s3, voted=s3, raftlog=Memoized:s1@group-5D589E31C35B-SegmentedRaftLog:OPENED:c0, conf=0: peers:[s3|rpc:localhost:37653|admin:localhost:36015|client:localhost:42101|dataStream:localhost:39669|priority:0|startupRole:FOLLOWER, s4|rpc:localhost:43189|admin:localhost:35299|client:localhost:33007|dataStream:localhost:42297|priority:0|startupRole:FOLLOWER, s0|rpc:localhost:41893|admin:localhost:37625|client:localhost:41993|dataStream:localhost:45101|priority:0|startupRole:FOLLOWER, s1|rpc:localhost:34273|admin:localhost:36031|client:localhost:35527|dataStream:localhost:45605|priority:0|startupRole:FOLLOWER, s2|rpc:localhost:37305|admin:localhost:39781|client:localhost:45787|dataStream:localhost:38773|priority:0|startupRole:FOLLOWER]|listeners:[], old=null RUNNING
  s2:  RUNNING  FOLLOWER s2@group-5D589E31C35B:t1, leader=s3, voted=s3, raftlog=Memoized:s2@group-5D589E31C35B-SegmentedRaftLog:OPENED:c0, conf=0: peers:[s3|rpc:localhost:37653|admin:localhost:36015|client:localhost:42101|dataStream:localhost:39669|priority:0|startupRole:FOLLOWER, s4|rpc:localhost:43189|admin:localhost:35299|client:localhost:33007|dataStream:localhost:42297|priority:0|startupRole:FOLLOWER, s0|rpc:localhost:41893|admin:localhost:37625|client:localhost:41993|dataStream:localhost:45101|priority:0|startupRole:FOLLOWER, s1|rpc:localhost:34273|admin:localhost:36031|client:localhost:35527|dataStream:localhost:45605|priority:0|startupRole:FOLLOWER, s2|rpc:localhost:37305|admin:localhost:39781|client:localhost:45787|dataStream:localhost:38773|priority:0|startupRole:FOLLOWER]|listeners:[], old=null RUNNING
2022-11-08 19:11:28,322 [MiniRaftCluster-9] INFO  server.RaftServer (RaftServerProxy.java:lambda$close$7(412)) - s3: close
2022-11-08 19:11:28,322 [s3-impl-thread1] INFO  server.RaftServer$Division (RaftServerImpl.java:lambda$close$4(462)) - s3@group-5D589E31C35B: shutdown
2022-11-08 19:11:28,322 [HandlerDaemon-1] INFO  simulation.RequestHandler (RequestHandler.java:run(127)) - s3.clientHandler1 is interrupted by java.io.InterruptedIOException: 
2022-11-08 19:11:28,323 [HandlerDaemon-0] INFO  simulation.RequestHandler (RequestHandler.java:run(127)) - s3.clientHandler0 is interrupted by java.io.InterruptedIOException: 
2022-11-08 19:11:28,323 [s3-impl-thread1] INFO  util.JmxRegister (JmxRegister.java:unregister(73)) - Successfully un-registered JMX Bean with object name Ratis:service=RaftServer,group=group-5D589E31C35B,id=s3
2022-11-08 19:11:28,323 [s3-impl-thread1] INFO  impl.RoleInfo (RoleInfo.java:shutdownLeaderState(93)) - s3: shutdown s3@group-5D589E31C35B-LeaderStateImpl
2022-11-08 19:11:28,323 [HandlerDaemon-2] INFO  simulation.RequestHandler (RequestHandler.java:run(127)) - s3.clientHandler2 is interrupted by java.io.InterruptedIOException: 
2022-11-08 19:11:28,323 [s3@group-5D589E31C35B->s4-LogAppenderDefault-LogAppenderDaemon] INFO  leader.LogAppenderDaemon (LogAppenderDaemon.java:run(83)) - s3@group-5D589E31C35B->s4-LogAppenderDefault-LogAppenderDaemon was interrupted: java.lang.InterruptedException
2022-11-08 19:11:28,323 [s3@group-5D589E31C35B->s0-LogAppenderDefault-LogAppenderDaemon] INFO  leader.LogAppenderDaemon (LogAppenderDaemon.java:run(83)) - s3@group-5D589E31C35B->s0-LogAppenderDefault-LogAppenderDaemon was interrupted: java.lang.InterruptedException
2022-11-08 19:11:28,323 [s3@group-5D589E31C35B->s2-LogAppenderDefault-LogAppenderDaemon] INFO  leader.LogAppenderDaemon (LogAppenderDaemon.java:run(83)) - s3@group-5D589E31C35B->s2-LogAppenderDefault-LogAppenderDaemon was interrupted: java.lang.InterruptedException
2022-11-08 19:11:28,323 [s3@group-5D589E31C35B->s1-LogAppenderDefault-LogAppenderDaemon] INFO  leader.LogAppenderDaemon (LogAppenderDaemon.java:run(83)) - s3@group-5D589E31C35B->s1-LogAppenderDefault-LogAppenderDaemon was interrupted: java.lang.InterruptedException
2022-11-08 19:11:28,323 [MiniRaftCluster-10] INFO  server.RaftServer (RaftServerProxy.java:lambda$close$7(412)) - s4: close
2022-11-08 19:11:28,323 [s4-impl-thread1] INFO  server.RaftServer$Division (RaftServerImpl.java:lambda$close$4(462)) - s4@group-5D589E31C35B: shutdown
2022-11-08 19:11:28,323 [HandlerDaemon-1] INFO  simulation.RequestHandler (RequestHandler.java:run(127)) - s4.clientHandler1 is interrupted by java.io.InterruptedIOException: 
2022-11-08 19:11:28,323 [HandlerDaemon-2] INFO  simulation.RequestHandler (RequestHandler.java:run(127)) - s4.clientHandler2 is interrupted by java.io.InterruptedIOException: 
2022-11-08 19:11:28,323 [s4-impl-thread1] INFO  util.JmxRegister (JmxRegister.java:unregister(73)) - Successfully un-registered JMX Bean with object name Ratis:service=RaftServer,group=group-5D589E31C35B,id=s4
2022-11-08 19:11:28,324 [s4-impl-thread1] INFO  impl.RoleInfo (RoleInfo.java:shutdownFollowerState(110)) - s4: shutdown s4@group-5D589E31C35B-FollowerState
2022-11-08 19:11:28,324 [s4-impl-thread1] INFO  impl.StateMachineUpdater (StateMachineUpdater.java:stopAndJoin(154)) - s4@group-5D589E31C35B-StateMachineUpdater: set stopIndex = 0
2022-11-08 19:11:28,324 [s4@group-5D589E31C35B-FollowerState] INFO  impl.FollowerState (FollowerState.java:run(152)) - s4@group-5D589E31C35B-FollowerState was interrupted
2022-11-08 19:11:28,324 [s4-impl-thread1] INFO  server.RaftServer$Division (ServerState.java:close(412)) - s4@group-5D589E31C35B: applyIndex: 0
2022-11-08 19:11:28,323 [MiniRaftCluster-11] INFO  server.RaftServer (RaftServerProxy.java:lambda$close$7(412)) - s0: close
2022-11-08 19:11:28,324 [HandlerDaemon-0] INFO  simulation.RequestHandler (RequestHandler.java:run(127)) - s4.clientHandler0 is interrupted by java.io.InterruptedIOException: 
2022-11-08 19:11:28,324 [s0-impl-thread1] INFO  server.RaftServer$Division (RaftServerImpl.java:lambda$close$4(462)) - s0@group-5D589E31C35B: shutdown
2022-11-08 19:11:28,324 [HandlerDaemon-1] INFO  simulation.RequestHandler (RequestHandler.java:run(127)) - s0.clientHandler1 is interrupted by java.io.InterruptedIOException: 
2022-11-08 19:11:28,324 [HandlerDaemon-2] INFO  simulation.RequestHandler (RequestHandler.java:run(127)) - s0.clientHandler2 is interrupted by java.io.InterruptedIOException: 
2022-11-08 19:11:28,324 [HandlerDaemon-0] INFO  simulation.RequestHandler (RequestHandler.java:run(127)) - s0.clientHandler0 is interrupted by java.io.InterruptedIOException: 
2022-11-08 19:11:28,324 [s4@group-5D589E31C35B-SegmentedRaftLogWorker] INFO  segmented.SegmentedRaftLogWorker (SegmentedRaftLogWorker.java:run(333)) - s4@group-5D589E31C35B-SegmentedRaftLogWorker was interrupted, exiting. There are 0 tasks remaining in the queue.
2022-11-08 19:11:28,324 [s0-impl-thread1] INFO  util.JmxRegister (JmxRegister.java:unregister(73)) - Successfully un-registered JMX Bean with object name Ratis:service=RaftServer,group=group-5D589E31C35B,id=s0
2022-11-08 19:11:28,329 [s0-impl-thread1] INFO  impl.RoleInfo (RoleInfo.java:shutdownFollowerState(110)) - s0: shutdown s0@group-5D589E31C35B-FollowerState
2022-11-08 19:11:28,329 [s0-impl-thread1] INFO  impl.StateMachineUpdater (StateMachineUpdater.java:stopAndJoin(154)) - s0@group-5D589E31C35B-StateMachineUpdater: set stopIndex = 0
2022-11-08 19:11:28,329 [MiniRaftCluster-12] INFO  server.RaftServer (RaftServerProxy.java:lambda$close$7(412)) - s1: close
2022-11-08 19:11:28,329 [HandlerDaemon-0] INFO  simulation.RequestHandler (RequestHandler.java:run(127)) - s3.serverHandler0 is interrupted by java.io.InterruptedIOException: 
2022-11-08 19:11:28,329 [HandlerDaemon-2] INFO  simulation.RequestHandler (RequestHandler.java:run(127)) - s3.serverHandler2 is interrupted by java.io.InterruptedIOException: 
2022-11-08 19:11:28,323 [s3-impl-thread1] INFO  impl.PendingRequests (PendingRequests.java:sendNotLeaderResponses(282)) - s3@group-5D589E31C35B-PendingRequests: sendNotLeaderResponses
2022-11-08 19:11:28,329 [s0-impl-thread1] INFO  server.RaftServer$Division (ServerState.java:close(412)) - s0@group-5D589E31C35B: applyIndex: 0
2022-11-08 19:11:28,329 [s0@group-5D589E31C35B-SegmentedRaftLogWorker] INFO  segmented.SegmentedRaftLogWorker (SegmentedRaftLogWorker.java:run(333)) - s0@group-5D589E31C35B-SegmentedRaftLogWorker was interrupted, exiting. There are 0 tasks remaining in the queue.
2022-11-08 19:11:28,329 [s3-impl-thread1] INFO  impl.StateMachineUpdater (StateMachineUpdater.java:stopAndJoin(154)) - s3@group-5D589E31C35B-StateMachineUpdater: set stopIndex = 0
2022-11-08 19:11:28,329 [s0@group-5D589E31C35B-FollowerState] INFO  impl.FollowerState (FollowerState.java:run(152)) - s0@group-5D589E31C35B-FollowerState was interrupted
2022-11-08 19:11:28,330 [s3-impl-thread1] INFO  server.RaftServer$Division (ServerState.java:close(412)) - s3@group-5D589E31C35B: applyIndex: 0
2022-11-08 19:11:28,330 [HandlerDaemon-0] INFO  simulation.RequestHandler (RequestHandler.java:run(127)) - s1.clientHandler0 is interrupted by java.io.InterruptedIOException: 
2022-11-08 19:11:28,330 [s1-impl-thread1] INFO  server.RaftServer$Division (RaftServerImpl.java:lambda$close$4(462)) - s1@group-5D589E31C35B: shutdown
2022-11-08 19:11:28,330 [HandlerDaemon-1] INFO  simulation.RequestHandler (RequestHandler.java:run(127)) - s1.clientHandler1 is interrupted by java.io.InterruptedIOException: 
2022-11-08 19:11:28,330 [s1-impl-thread1] INFO  util.JmxRegister (JmxRegister.java:unregister(73)) - Successfully un-registered JMX Bean with object name Ratis:service=RaftServer,group=group-5D589E31C35B,id=s1
2022-11-08 19:11:28,330 [s1-impl-thread1] INFO  impl.RoleInfo (RoleInfo.java:shutdownFollowerState(110)) - s1: shutdown s1@group-5D589E31C35B-FollowerState
2022-11-08 19:11:28,330 [s1-impl-thread1] INFO  impl.StateMachineUpdater (StateMachineUpdater.java:stopAndJoin(154)) - s1@group-5D589E31C35B-StateMachineUpdater: set stopIndex = 0
2022-11-08 19:11:28,330 [s1@group-5D589E31C35B-FollowerState] INFO  impl.FollowerState (FollowerState.java:run(152)) - s1@group-5D589E31C35B-FollowerState was interrupted
2022-11-08 19:11:28,330 [s3@group-5D589E31C35B-SegmentedRaftLogWorker] INFO  segmented.SegmentedRaftLogWorker (SegmentedRaftLogWorker.java:run(333)) - s3@group-5D589E31C35B-SegmentedRaftLogWorker was interrupted, exiting. There are 0 tasks remaining in the queue.
2022-11-08 19:11:28,330 [HandlerDaemon-2] INFO  simulation.RequestHandler (RequestHandler.java:run(127)) - s1.clientHandler2 is interrupted by java.io.InterruptedIOException: 
2022-11-08 19:11:28,330 [MiniRaftCluster-13] INFO  server.RaftServer (RaftServerProxy.java:lambda$close$7(412)) - s2: close
2022-11-08 19:11:28,330 [HandlerDaemon-1] INFO  simulation.RequestHandler (RequestHandler.java:run(127)) - s2.clientHandler1 is interrupted by java.io.InterruptedIOException: 
2022-11-08 19:11:28,330 [HandlerDaemon-0] INFO  simulation.RequestHandler (RequestHandler.java:run(127)) - s2.clientHandler0 is interrupted by java.io.InterruptedIOException: 
2022-11-08 19:11:28,330 [s2-impl-thread1] INFO  server.RaftServer$Division (RaftServerImpl.java:lambda$close$4(462)) - s2@group-5D589E31C35B: shutdown
2022-11-08 19:11:28,330 [s2-impl-thread1] INFO  util.JmxRegister (JmxRegister.java:unregister(73)) - Successfully un-registered JMX Bean with object name Ratis:service=RaftServer,group=group-5D589E31C35B,id=s2
2022-11-08 19:11:28,330 [s2-impl-thread1] INFO  impl.RoleInfo (RoleInfo.java:shutdownFollowerState(110)) - s2: shutdown s2@group-5D589E31C35B-FollowerState
2022-11-08 19:11:28,330 [s2-impl-thread1] INFO  impl.StateMachineUpdater (StateMachineUpdater.java:stopAndJoin(154)) - s2@group-5D589E31C35B-StateMachineUpdater: set stopIndex = 0
2022-11-08 19:11:28,330 [s2@group-5D589E31C35B-FollowerState] INFO  impl.FollowerState (FollowerState.java:run(152)) - s2@group-5D589E31C35B-FollowerState was interrupted
2022-11-08 19:11:28,331 [HandlerDaemon-2] INFO  simulation.RequestHandler (RequestHandler.java:run(127)) - s2.clientHandler2 is interrupted by java.io.InterruptedIOException: 
2022-11-08 19:11:28,330 [s1-impl-thread1] INFO  server.RaftServer$Division (ServerState.java:close(412)) - s1@group-5D589E31C35B: applyIndex: 0
2022-11-08 19:11:28,331 [s2-impl-thread1] INFO  server.RaftServer$Division (ServerState.java:close(412)) - s2@group-5D589E31C35B: applyIndex: 0
2022-11-08 19:11:28,331 [s1@group-5D589E31C35B-SegmentedRaftLogWorker] INFO  segmented.SegmentedRaftLogWorker (SegmentedRaftLogWorker.java:run(333)) - s1@group-5D589E31C35B-SegmentedRaftLogWorker was interrupted, exiting. There are 0 tasks remaining in the queue.
2022-11-08 19:11:28,331 [s2@group-5D589E31C35B-SegmentedRaftLogWorker] INFO  segmented.SegmentedRaftLogWorker (SegmentedRaftLogWorker.java:run(333)) - s2@group-5D589E31C35B-SegmentedRaftLogWorker was interrupted, exiting. There are 0 tasks remaining in the queue.
2022-11-08 19:11:28,331 [HandlerDaemon-1] INFO  simulation.RequestHandler (RequestHandler.java:run(127)) - s3.serverHandler1 is interrupted by java.io.InterruptedIOException: 
2022-11-08 19:11:28,331 [HandlerDaemon-1] INFO  simulation.RequestHandler (RequestHandler.java:run(127)) - s4.serverHandler1 is interrupted by java.io.InterruptedIOException: 
2022-11-08 19:11:28,331 [HandlerDaemon-2] INFO  simulation.RequestHandler (RequestHandler.java:run(127)) - s4.serverHandler2 is interrupted by java.io.InterruptedIOException: 
2022-11-08 19:11:28,331 [HandlerDaemon-0] INFO  simulation.RequestHandler (RequestHandler.java:run(127)) - s4.serverHandler0 is interrupted by java.io.InterruptedIOException: 
2022-11-08 19:11:28,331 [HandlerDaemon-0] INFO  simulation.RequestHandler (RequestHandler.java:run(127)) - s0.serverHandler0 is interrupted by java.io.InterruptedIOException: 
2022-11-08 19:11:28,331 [HandlerDaemon-1] INFO  simulation.RequestHandler (RequestHandler.java:run(127)) - s0.serverHandler1 is interrupted by java.io.InterruptedIOException: 
2022-11-08 19:11:28,331 [HandlerDaemon-2] INFO  simulation.RequestHandler (RequestHandler.java:run(127)) - s0.serverHandler2 is interrupted by java.io.InterruptedIOException: 
2022-11-08 19:11:28,333 [s3-impl-thread1] INFO  segmented.SegmentedRaftLogWorker (SegmentedRaftLogWorker.java:close(246)) - s3@group-5D589E31C35B-SegmentedRaftLogWorker close()
2022-11-08 19:11:28,333 [s1-impl-thread1] INFO  segmented.SegmentedRaftLogWorker (SegmentedRaftLogWorker.java:close(246)) - s1@group-5D589E31C35B-SegmentedRaftLogWorker close()
2022-11-08 19:11:28,334 [s2-impl-thread1] INFO  segmented.SegmentedRaftLogWorker (SegmentedRaftLogWorker.java:close(246)) - s2@group-5D589E31C35B-SegmentedRaftLogWorker close()
2022-11-08 19:11:28,334 [HandlerDaemon-0] INFO  simulation.RequestHandler (RequestHandler.java:run(127)) - s2.serverHandler0 is interrupted by java.io.InterruptedIOException: 
2022-11-08 19:11:28,334 [HandlerDaemon-2] INFO  simulation.RequestHandler (RequestHandler.java:run(127)) - s2.serverHandler2 is interrupted by java.io.InterruptedIOException: 
2022-11-08 19:11:28,335 [HandlerDaemon-1] INFO  simulation.RequestHandler (RequestHandler.java:run(127)) - s2.serverHandler1 is interrupted by java.io.InterruptedIOException: 
2022-11-08 19:11:28,335 [s0-impl-thread1] INFO  segmented.SegmentedRaftLogWorker (SegmentedRaftLogWorker.java:close(246)) - s0@group-5D589E31C35B-SegmentedRaftLogWorker close()
2022-11-08 19:11:28,336 [HandlerDaemon-0] INFO  simulation.RequestHandler (RequestHandler.java:run(127)) - s1.serverHandler0 is interrupted by java.io.InterruptedIOException: 
2022-11-08 19:11:28,336 [HandlerDaemon-1] INFO  simulation.RequestHandler (RequestHandler.java:run(127)) - s1.serverHandler1 is interrupted by java.io.InterruptedIOException: 
2022-11-08 19:11:28,336 [HandlerDaemon-2] INFO  simulation.RequestHandler (RequestHandler.java:run(127)) - s1.serverHandler2 is interrupted by java.io.InterruptedIOException: 
2022-11-08 19:11:28,336 [s4-impl-thread1] INFO  segmented.SegmentedRaftLogWorker (SegmentedRaftLogWorker.java:close(246)) - s4@group-5D589E31C35B-SegmentedRaftLogWorker close()
2022-11-08 19:11:28,336 [JvmPauseMonitor7] INFO  util.JvmPauseMonitor (JvmPauseMonitor.java:run(111)) - JvmPauseMonitor-s1: Stopped
2022-11-08 19:11:28,336 [JvmPauseMonitor4] INFO  util.JvmPauseMonitor (JvmPauseMonitor.java:run(111)) - JvmPauseMonitor-s3: Stopped
2022-11-08 19:11:28,336 [JvmPauseMonitor6] INFO  util.JvmPauseMonitor (JvmPauseMonitor.java:run(111)) - JvmPauseMonitor-s0: Stopped
2022-11-08 19:11:28,337 [JvmPauseMonitor5] INFO  util.JvmPauseMonitor (JvmPauseMonitor.java:run(111)) - JvmPauseMonitor-s4: Stopped
2022-11-08 19:11:28,337 [JvmPauseMonitor8] INFO  util.JvmPauseMonitor (JvmPauseMonitor.java:run(111)) - JvmPauseMonitor-s2: Stopped
2022-11-08 19:11:28,337 [Time-limited test] INFO  impl.MiniRaftCluster (MiniRaftCluster.java:shutdown(855)) - MiniRaftClusterWithSimulatedRpc shutdown completed
]]></system-out>
  </testcase>
  <testcase name="testLostMajorityHeartbeats" classname="org.apache.ratis.server.simulation.TestLeaderElectionWithSimulatedRpc" time="1.125"/>
  <testcase name="testLateServerStart" classname="org.apache.ratis.server.simulation.TestLeaderElectionWithSimulatedRpc" time="4.505"/>
  <testcase name="testListenerNotStartLeaderElection" classname="org.apache.ratis.server.simulation.TestLeaderElectionWithSimulatedRpc" time="1.137"/>
  <testcase name="testPreVote" classname="org.apache.ratis.server.simulation.TestLeaderElectionWithSimulatedRpc" time="4.516"/>
  <testcase name="testListenerRejectRequestVote" classname="org.apache.ratis.server.simulation.TestLeaderElectionWithSimulatedRpc" time="0.567"/>
  <testcase name="testAddListener" classname="org.apache.ratis.server.simulation.TestLeaderElectionWithSimulatedRpc" time="0.594"/>
  <testcase name="testTransferLeaderTimeout" classname="org.apache.ratis.server.simulation.TestLeaderElectionWithSimulatedRpc" time="5.54"/>
  <testcase name="testBasicLeaderElection" classname="org.apache.ratis.server.simulation.TestLeaderElectionWithSimulatedRpc" time="5.542"/>
  <testcase name="testChangeFollowerToListener" classname="org.apache.ratis.server.simulation.TestLeaderElectionWithSimulatedRpc" time="0.528"/>
  <testcase name="testTransferLeader" classname="org.apache.ratis.server.simulation.TestLeaderElectionWithSimulatedRpc" time="1.402"/>
  <testcase name="testPauseResumeLeaderElection" classname="org.apache.ratis.server.simulation.TestLeaderElectionWithSimulatedRpc" time="1.031"/>
  <testcase name="testChangeLeader" classname="org.apache.ratis.server.simulation.TestLeaderElectionWithSimulatedRpc" time="6.328"/>
  <testcase name="testChangeListenerToFollower" classname="org.apache.ratis.server.simulation.TestLeaderElectionWithSimulatedRpc" time="0.5"/>
  <testcase name="testShutdownBeforeStart" classname="org.apache.ratis.server.simulation.TestLeaderElectionWithSimulatedRpc" time="1.609"/>
  <testcase name="testLeaderNotCountListenerForMajority" classname="org.apache.ratis.server.simulation.TestLeaderElectionWithSimulatedRpc" time="0.704"/>
  <testcase name="testImmediatelyRevertedToFollower" classname="org.apache.ratis.server.simulation.TestLeaderElectionWithSimulatedRpc" time="0.007"/>
  <testcase name="testLeaderElectionMetrics" classname="org.apache.ratis.server.simulation.TestLeaderElectionWithSimulatedRpc" time="0.504"/>
</testsuite>