<?xml version="1.0" encoding="UTF-8"?>
<testsuite xmlns:xsi="http://www.w3.org/2001/XMLSchema-instance" xsi:noNamespaceSchemaLocation="https://maven.apache.org/surefire/maven-surefire-plugin/xsd/surefire-test-report-3.0.xsd" version="3.0" name="org.apache.ratis.examples.arithmetic.TestArithmetic" time="9.623" tests="6" errors="5" skipped="0" failures="0">
  <properties>
    <property name="awt.toolkit" value="sun.awt.X11.XToolkit"/>
    <property name="file.encoding.pkg" value="sun.io"/>
    <property name="java.specification.version" value="1.8"/>
    <property name="sun.cpu.isalist" value=""/>
    <property name="sun.jnu.encoding" value="UTF-8"/>
    <property name="java.class.path" value="/home/runner/work/ratis/ratis/ratis-examples/target/test-classes:/home/runner/work/ratis/ratis/ratis-examples/target/classes:/home/runner/.m2/repository/org/apache/ratis/ratis-thirdparty-misc/1.0.6/ratis-thirdparty-misc-1.0.6.jar:/home/runner/work/ratis/ratis/ratis-proto/target/classes:/home/runner/work/ratis/ratis/ratis-tools/target/classes:/home/runner/work/ratis/ratis/ratis-common/target/classes:/home/runner/work/ratis/ratis/ratis-common/target/test-classes:/home/runner/work/ratis/ratis/ratis-client/target/classes:/home/runner/work/ratis/ratis/ratis-server/target/classes:/home/runner/work/ratis/ratis/ratis-server-api/target/classes:/home/runner/work/ratis/ratis/ratis-metrics-api/target/classes:/home/runner/work/ratis/ratis/ratis-server/target/test-classes:/home/runner/work/ratis/ratis/ratis-metrics-default/target/classes:/home/runner/work/ratis/ratis/ratis-grpc/target/classes:/home/runner/work/ratis/ratis/ratis-grpc/target/test-classes:/home/runner/work/ratis/ratis/ratis-netty/target/classes:/home/runner/work/ratis/ratis/ratis-netty/target/test-classes:/home/runner/work/ratis/ratis/ratis-test/target/test-classes:/home/runner/.m2/repository/com/beust/jcommander/1.82/jcommander-1.82.jar:/home/runner/.m2/repository/org/slf4j/slf4j-api/2.0.7/slf4j-api-2.0.7.jar:/home/runner/.m2/repository/org/slf4j/slf4j-reload4j/2.0.7/slf4j-reload4j-2.0.7.jar:/home/runner/.m2/repository/ch/qos/reload4j/reload4j/1.2.22/reload4j-1.2.22.jar:/home/runner/.m2/repository/junit/junit/4.13.2/junit-4.13.2.jar:/home/runner/.m2/repository/org/hamcrest/hamcrest-core/1.3/hamcrest-core-1.3.jar:/home/runner/.m2/repository/org/junit/jupiter/junit-jupiter-engine/5.10.1/junit-jupiter-engine-5.10.1.jar:/home/runner/.m2/repository/org/junit/platform/junit-platform-engine/1.10.1/junit-platform-engine-1.10.1.jar:/home/runner/.m2/repository/org/apiguardian/apiguardian-api/1.1.2/apiguardian-api-1.1.2.jar:/home/runner/.m2/repository/org/junit/jupiter/junit-jupiter-api/5.10.1/junit-jupiter-api-5.10.1.jar:/home/runner/.m2/repository/org/opentest4j/opentest4j/1.3.0/opentest4j-1.3.0.jar:/home/runner/.m2/repository/org/junit/platform/junit-platform-commons/1.10.1/junit-platform-commons-1.10.1.jar:/home/runner/.m2/repository/org/junit/jupiter/junit-jupiter-params/5.10.1/junit-jupiter-params-5.10.1.jar:"/>
    <property name="java.vm.vendor" value="Temurin"/>
    <property name="sun.arch.data.model" value="64"/>
    <property name="java.vendor.url" value="https://adoptium.net/"/>
    <property name="user.timezone" value="Etc/UTC"/>
    <property name="java.vm.specification.version" value="1.8"/>
    <property name="os.name" value="Linux"/>
    <property name="sun.java.launcher" value="SUN_STANDARD"/>
    <property name="sun.boot.library.path" value="/usr/lib/jvm/temurin-8-jdk-amd64/jre/lib/amd64"/>
    <property name="sun.java.command" value="/home/runner/work/ratis/ratis/ratis-examples/target/surefire/surefirebooter1337533910772861937.jar /home/runner/work/ratis/ratis/ratis-examples/target/surefire 2024-09-07T02-57-15_366-jvmRun1 surefire7122807634955144344tmp surefire_422857059750785662189tmp"/>
    <property name="surefire.test.class.path" value="/home/runner/work/ratis/ratis/ratis-examples/target/test-classes:/home/runner/work/ratis/ratis/ratis-examples/target/classes:/home/runner/.m2/repository/org/apache/ratis/ratis-thirdparty-misc/1.0.6/ratis-thirdparty-misc-1.0.6.jar:/home/runner/work/ratis/ratis/ratis-proto/target/classes:/home/runner/work/ratis/ratis/ratis-tools/target/classes:/home/runner/work/ratis/ratis/ratis-common/target/classes:/home/runner/work/ratis/ratis/ratis-common/target/test-classes:/home/runner/work/ratis/ratis/ratis-client/target/classes:/home/runner/work/ratis/ratis/ratis-server/target/classes:/home/runner/work/ratis/ratis/ratis-server-api/target/classes:/home/runner/work/ratis/ratis/ratis-metrics-api/target/classes:/home/runner/work/ratis/ratis/ratis-server/target/test-classes:/home/runner/work/ratis/ratis/ratis-metrics-default/target/classes:/home/runner/work/ratis/ratis/ratis-grpc/target/classes:/home/runner/work/ratis/ratis/ratis-grpc/target/test-classes:/home/runner/work/ratis/ratis/ratis-netty/target/classes:/home/runner/work/ratis/ratis/ratis-netty/target/test-classes:/home/runner/work/ratis/ratis/ratis-test/target/test-classes:/home/runner/.m2/repository/com/beust/jcommander/1.82/jcommander-1.82.jar:/home/runner/.m2/repository/org/slf4j/slf4j-api/2.0.7/slf4j-api-2.0.7.jar:/home/runner/.m2/repository/org/slf4j/slf4j-reload4j/2.0.7/slf4j-reload4j-2.0.7.jar:/home/runner/.m2/repository/ch/qos/reload4j/reload4j/1.2.22/reload4j-1.2.22.jar:/home/runner/.m2/repository/junit/junit/4.13.2/junit-4.13.2.jar:/home/runner/.m2/repository/org/hamcrest/hamcrest-core/1.3/hamcrest-core-1.3.jar:/home/runner/.m2/repository/org/junit/jupiter/junit-jupiter-engine/5.10.1/junit-jupiter-engine-5.10.1.jar:/home/runner/.m2/repository/org/junit/platform/junit-platform-engine/1.10.1/junit-platform-engine-1.10.1.jar:/home/runner/.m2/repository/org/apiguardian/apiguardian-api/1.1.2/apiguardian-api-1.1.2.jar:/home/runner/.m2/repository/org/junit/jupiter/junit-jupiter-api/5.10.1/junit-jupiter-api-5.10.1.jar:/home/runner/.m2/repository/org/opentest4j/opentest4j/1.3.0/opentest4j-1.3.0.jar:/home/runner/.m2/repository/org/junit/platform/junit-platform-commons/1.10.1/junit-platform-commons-1.10.1.jar:/home/runner/.m2/repository/org/junit/jupiter/junit-jupiter-params/5.10.1/junit-jupiter-params-5.10.1.jar:"/>
    <property name="sun.cpu.endian" value="little"/>
    <property name="user.home" value="/home/runner"/>
    <property name="user.language" value="en"/>
    <property name="java.specification.vendor" value="Oracle Corporation"/>
    <property name="java.home" value="/usr/lib/jvm/temurin-8-jdk-amd64/jre"/>
    <property name="basedir" value="/home/runner/work/ratis/ratis/ratis-examples"/>
    <property name="file.separator" value="/"/>
    <property name="line.separator" value="&#10;"/>
    <property name="java.vm.specification.vendor" value="Oracle Corporation"/>
    <property name="java.specification.name" value="Java Platform API Specification"/>
    <property name="java.awt.graphicsenv" value="sun.awt.X11GraphicsEnvironment"/>
    <property name="surefire.real.class.path" value="/home/runner/work/ratis/ratis/ratis-examples/target/surefire/surefirebooter1337533910772861937.jar:/home/runner/.m2/repository/org/jacoco/org.jacoco.agent/0.8.11/org.jacoco.agent-0.8.11-runtime.jar"/>
    <property name="sun.boot.class.path" value="/usr/lib/jvm/temurin-8-jdk-amd64/jre/lib/resources.jar:/usr/lib/jvm/temurin-8-jdk-amd64/jre/lib/rt.jar:/usr/lib/jvm/temurin-8-jdk-amd64/jre/lib/sunrsasign.jar:/usr/lib/jvm/temurin-8-jdk-amd64/jre/lib/jsse.jar:/usr/lib/jvm/temurin-8-jdk-amd64/jre/lib/jce.jar:/usr/lib/jvm/temurin-8-jdk-amd64/jre/lib/charsets.jar:/usr/lib/jvm/temurin-8-jdk-amd64/jre/lib/jfr.jar:/usr/lib/jvm/temurin-8-jdk-amd64/jre/classes"/>
    <property name="sun.management.compiler" value="HotSpot 64-Bit Tiered Compilers"/>
    <property name="java.runtime.version" value="1.8.0_422-b05"/>
    <property name="java.net.preferIPv4Stack" value="true"/>
    <property name="user.name" value="runner"/>
    <property name="path.separator" value=":"/>
    <property name="os.version" value="5.15.0-1071-azure"/>
    <property name="java.endorsed.dirs" value="/usr/lib/jvm/temurin-8-jdk-amd64/jre/lib/endorsed"/>
    <property name="java.runtime.name" value="OpenJDK Runtime Environment"/>
    <property name="file.encoding" value="UTF-8"/>
    <property name="java.vm.name" value="OpenJDK 64-Bit Server VM"/>
    <property name="localRepository" value="/home/runner/.m2/repository"/>
    <property name="java.vendor.url.bug" value="https://github.com/adoptium/adoptium-support/issues"/>
    <property name="java.io.tmpdir" value="/tmp"/>
    <property name="java.version" value="1.8.0_422"/>
    <property name="user.dir" value="/home/runner/work/ratis/ratis/ratis-examples"/>
    <property name="os.arch" value="amd64"/>
    <property name="ratis.tmp.dir" value="/home/runner/work/ratis/ratis/ratis-examples/target/tmp"/>
    <property name="java.vm.specification.name" value="Java Virtual Machine Specification"/>
    <property name="java.awt.printerjob" value="sun.print.PSPrinterJob"/>
    <property name="ratis.log.dir" value="/home/runner/work/ratis/ratis/ratis-examples/target/log"/>
    <property name="sun.os.patch.level" value="unknown"/>
    <property name="org.apache.ratis.thirdparty.io.netty.allocator.useCacheForAllThreads" value="false"/>
    <property name="java.library.path" value="/usr/java/packages/lib/amd64:/usr/lib64:/lib64:/lib:/usr/lib"/>
    <property name="java.vm.info" value="mixed mode"/>
    <property name="java.vendor" value="Temurin"/>
    <property name="java.vm.version" value="25.422-b05"/>
    <property name="java.specification.maintenance.version" value="5"/>
    <property name="java.ext.dirs" value="/usr/lib/jvm/temurin-8-jdk-amd64/jre/lib/ext:/usr/java/packages/lib/ext"/>
    <property name="sun.io.unicode.encoding" value="UnicodeLittle"/>
    <property name="java.class.version" value="52.0"/>
  </properties>
  <testcase name="testPythagorean(MiniRaftCluster)[1]" classname="org.apache.ratis.examples.arithmetic.TestArithmetic" time="3.993"/>
  <testcase name="testPythagorean(MiniRaftCluster)[2]" classname="org.apache.ratis.examples.arithmetic.TestArithmetic" time="5.118">
    <error type="java.lang.IllegalStateException"><![CDATA[java.lang.IllegalStateException: allLeaks.size = 3
	at org.apache.ratis.util.Preconditions.assertTrue(Preconditions.java:77)
	at org.apache.ratis.util.LeakDetector.assertNoLeaks(LeakDetector.java:107)
	at org.apache.ratis.server.impl.MiniRaftCluster.shutdown(MiniRaftCluster.java:869)
	at org.apache.ratis.grpc.MiniRaftClusterWithGrpc.shutdown(MiniRaftClusterWithGrpc.java:93)
	at org.apache.ratis.server.impl.MiniRaftCluster.close(MiniRaftCluster.java:833)
	at java.util.stream.ForEachOps$ForEachOp$OfRef.accept(ForEachOps.java:183)
	at java.util.ArrayList.forEach(ArrayList.java:1259)
	at java.util.stream.SortedOps$RefSortingSink.end(SortedOps.java:395)
	at java.util.stream.Sink$ChainedReference.end(Sink.java:258)
	at java.util.stream.Sink$ChainedReference.end(Sink.java:258)
	at java.util.stream.AbstractPipeline.copyInto(AbstractPipeline.java:483)
	at java.util.stream.AbstractPipeline.wrapAndCopyInto(AbstractPipeline.java:472)
	at java.util.stream.ForEachOps$ForEachOp.evaluateSequential(ForEachOps.java:150)
	at java.util.stream.ForEachOps$ForEachOp$OfRef.evaluateSequential(ForEachOps.java:173)
	at java.util.stream.AbstractPipeline.evaluate(AbstractPipeline.java:234)
	at java.util.stream.ReferencePipeline.forEach(ReferencePipeline.java:485)
	at java.util.stream.ForEachOps$ForEachOp$OfRef.accept(ForEachOps.java:183)
	at java.util.stream.ReferencePipeline$3$1.accept(ReferencePipeline.java:193)
	at java.util.stream.ReferencePipeline$2$1.accept(ReferencePipeline.java:175)
	at java.util.stream.ReferencePipeline$3$1.accept(ReferencePipeline.java:193)
	at java.util.stream.ForEachOps$ForEachOp$OfRef.accept(ForEachOps.java:183)
	at java.util.stream.ReferencePipeline$3$1.accept(ReferencePipeline.java:193)
	at java.util.stream.ReferencePipeline$3$1.accept(ReferencePipeline.java:193)
	at java.util.stream.ReferencePipeline$3$1.accept(ReferencePipeline.java:193)
	at java.util.stream.ForEachOps$ForEachOp$OfRef.accept(ForEachOps.java:183)
	at java.util.stream.ReferencePipeline$3$1.accept(ReferencePipeline.java:193)
	at java.util.ArrayList$ArrayListSpliterator.forEachRemaining(ArrayList.java:1384)
	at java.util.stream.ReferencePipeline$Head.forEach(ReferencePipeline.java:647)
	at java.util.stream.ReferencePipeline$7$1.accept(ReferencePipeline.java:272)
	at java.util.stream.ReferencePipeline$3$1.accept(ReferencePipeline.java:193)
	at java.util.stream.ReferencePipeline$3$1.accept(ReferencePipeline.java:193)
	at java.util.stream.ReferencePipeline$3$1.accept(ReferencePipeline.java:193)
	at java.util.Spliterators$ArraySpliterator.forEachRemaining(Spliterators.java:948)
	at java.util.stream.AbstractPipeline.copyInto(AbstractPipeline.java:482)
	at java.util.stream.AbstractPipeline.wrapAndCopyInto(AbstractPipeline.java:472)
	at java.util.stream.ForEachOps$ForEachOp.evaluateSequential(ForEachOps.java:150)
	at java.util.stream.ForEachOps$ForEachOp$OfRef.evaluateSequential(ForEachOps.java:173)
	at java.util.stream.AbstractPipeline.evaluate(AbstractPipeline.java:234)
	at java.util.stream.ReferencePipeline.forEach(ReferencePipeline.java:485)
	at java.util.stream.ReferencePipeline$7$1.accept(ReferencePipeline.java:272)
	at java.util.stream.ReferencePipeline$3$1.accept(ReferencePipeline.java:193)
	at java.util.stream.ReferencePipeline$3$1.accept(ReferencePipeline.java:193)
	at java.util.stream.ReferencePipeline$3$1.accept(ReferencePipeline.java:193)
	at java.util.ArrayList$ArrayListSpliterator.forEachRemaining(ArrayList.java:1384)
	at java.util.stream.AbstractPipeline.copyInto(AbstractPipeline.java:482)
	at java.util.stream.AbstractPipeline.wrapAndCopyInto(AbstractPipeline.java:472)
	at java.util.stream.ForEachOps$ForEachOp.evaluateSequential(ForEachOps.java:150)
	at java.util.stream.ForEachOps$ForEachOp$OfRef.evaluateSequential(ForEachOps.java:173)
	at java.util.stream.AbstractPipeline.evaluate(AbstractPipeline.java:234)
	at java.util.stream.ReferencePipeline.forEach(ReferencePipeline.java:485)
	at java.util.stream.ReferencePipeline$7$1.accept(ReferencePipeline.java:272)
	at java.util.ArrayList$ArrayListSpliterator.forEachRemaining(ArrayList.java:1384)
	at java.util.stream.AbstractPipeline.copyInto(AbstractPipeline.java:482)
	at java.util.stream.AbstractPipeline.wrapAndCopyInto(AbstractPipeline.java:472)
	at java.util.stream.ForEachOps$ForEachOp.evaluateSequential(ForEachOps.java:150)
	at java.util.stream.ForEachOps$ForEachOp$OfRef.evaluateSequential(ForEachOps.java:173)
	at java.util.stream.AbstractPipeline.evaluate(AbstractPipeline.java:234)
	at java.util.stream.ReferencePipeline.forEach(ReferencePipeline.java:485)
	at java.util.ArrayList.forEach(ArrayList.java:1259)
	at java.util.ArrayList.forEach(ArrayList.java:1259)
]]></error>
    <system-out><![CDATA[2024-09-07 03:04:37,768 INFO  util.LogUtils (Slf4jUtils.java:setLogLevel(38)) - Successfully set org.apache.ratis.conf.ConfUtils log level to WARN
2024-09-07 03:04:37,769 INFO  util.LogUtils (Slf4jUtils.java:setLogLevel(38)) - Successfully set org.apache.ratis.util.FileUtils log level to TRACE
2024-09-07 03:04:37,769 INFO  util.LogUtils (Slf4jUtils.java:setLogLevel(38)) - Successfully set org.apache.ratis.statemachine.StateMachine log level to DEBUG
2024-09-07 03:04:37,770 INFO  impl.MiniRaftCluster (MiniRaftCluster.java:shutdown(837)) - ************************************************************** 
2024-09-07 03:04:37,770 INFO  impl.MiniRaftCluster (MiniRaftCluster.java:shutdown(838)) - *** 
2024-09-07 03:04:37,771 INFO  impl.MiniRaftCluster (MiniRaftCluster.java:shutdown(839)) - ***     Stopping MiniRaftClusterWithSimulatedRpc
2024-09-07 03:04:37,771 INFO  impl.MiniRaftCluster (MiniRaftCluster.java:shutdown(840)) - *** 
2024-09-07 03:04:37,771 INFO  impl.MiniRaftCluster (MiniRaftCluster.java:shutdown(841)) - ************************************************************** 
2024-09-07 03:04:37,771 INFO  impl.MiniRaftCluster (MiniRaftCluster.java:shutdown(842)) - printing ALL groups
  s0:   CLOSED  FOLLOWER s0@group-D747A288D68B:t2, leader=s1, voted=s1, raftlog=Memoized:s0@group-D747A288D68B-SegmentedRaftLog:CLOSED:c119, conf=conf: {index: 0, cur=peers:[s0|localhost:15000, s1|localhost:15004, s2|localhost:15008]|listeners:[], old=null} CLOSED
  s1:   CLOSED    LEADER s1@group-D747A288D68B:t2, leader=s1, voted=s1, raftlog=Memoized:s1@group-D747A288D68B-SegmentedRaftLog:CLOSED:c120, conf=conf: {index: 0, cur=peers:[s0|localhost:15000, s1|localhost:15004, s2|localhost:15008]|listeners:[], old=null} CLOSED
  s2:   CLOSED  FOLLOWER s2@group-D747A288D68B:t2, leader=s1, voted=s1, raftlog=Memoized:s2@group-D747A288D68B-SegmentedRaftLog:CLOSED:c119, conf=conf: {index: 0, cur=peers:[s0|localhost:15000, s1|localhost:15004, s2|localhost:15008]|listeners:[], old=null} CLOSED
2024-09-07 03:04:37,772 INFO  impl.MiniRaftCluster (MiniRaftCluster.java:shutdown(861)) - MiniRaftClusterWithSimulatedRpc shutdown completed
2024-09-07 03:04:37,772 INFO  ratis.RaftTestUtil (RaftTestUtil.java:gc(593)) - gc 0
2024-09-07 03:04:37,914 INFO  impl.MiniRaftCluster (MiniRaftCluster.java:start(342)) - .............................................................. 
2024-09-07 03:04:37,914 INFO  impl.MiniRaftCluster (MiniRaftCluster.java:start(343)) - ... 
2024-09-07 03:04:37,914 INFO  impl.MiniRaftCluster (MiniRaftCluster.java:start(344)) - ...     Starting MiniRaftClusterWithGrpc
2024-09-07 03:04:37,914 INFO  impl.MiniRaftCluster (MiniRaftCluster.java:start(345)) - ... 
2024-09-07 03:04:37,915 INFO  impl.MiniRaftCluster (MiniRaftCluster.java:start(346)) - .............................................................. 
2024-09-07 03:04:37,915 INFO  impl.MiniRaftCluster (MiniRaftCluster.java:initServers(321)) - servers = {}
2024-09-07 03:04:37,915 INFO  impl.MiniRaftCluster (MiniRaftCluster.java:newRaftServer(386)) - newRaftServer: s3, group-81EED7A8EFD4:[s3|localhost:15012, s4|localhost:15016, s5|localhost:15020], format? true
2024-09-07 03:04:37,915 TRACE util.FileUtils (FileUtils.java:deleteFully(305)) - deleteFully target/test/data/72ef903c/MiniRaftClusterWithGrpcffb1a70b/s3
2024-09-07 03:04:37,915 TRACE util.FileUtils (FileUtils.java:deleteFully(318)) - deleteFully: target/test/data/72ef903c/MiniRaftClusterWithGrpcffb1a70b/s3 does not exist.
2024-09-07 03:04:37,916 INFO  impl.MiniRaftCluster (MiniRaftCluster.java:newRaftServer(391)) - Formatted directory target/test/data/72ef903c/MiniRaftClusterWithGrpcffb1a70b/s3
2024-09-07 03:04:37,924 INFO  server.RaftServer (ConfUtils.java:logGet(46)) - raft.rpc.type = GRPC (default)
2024-09-07 03:04:37,990 INFO  grpc.GrpcConfigKeys (ConfUtils.java:logFallback(53)) - raft.grpc.admin.host = null (fallback to raft.grpc.server.host)
2024-09-07 03:04:37,991 INFO  grpc.GrpcConfigKeys (ConfUtils.java:logGet(46)) - raft.grpc.admin.port = 15013 (custom)
2024-09-07 03:04:37,992 INFO  grpc.GrpcConfigKeys (ConfUtils.java:logFallback(53)) - raft.grpc.client.host = null (fallback to raft.grpc.server.host)
2024-09-07 03:04:37,992 INFO  grpc.GrpcConfigKeys (ConfUtils.java:logGet(46)) - raft.grpc.client.port = 15014 (custom)
2024-09-07 03:04:37,993 INFO  grpc.GrpcConfigKeys (ConfUtils.java:logGet(46)) - raft.grpc.server.host = null (default)
2024-09-07 03:04:37,993 INFO  grpc.GrpcConfigKeys (ConfUtils.java:logGet(46)) - raft.grpc.server.port = 15012 (custom)
2024-09-07 03:04:37,994 INFO  server.GrpcService (ConfUtils.java:logGet(46)) - raft.grpc.message.size.max = 64MB (=67108864) (default)
2024-09-07 03:04:37,994 INFO  server.GrpcService (ConfUtils.java:logGet(46)) - raft.grpc.flow.control.window = 1MB (=1048576) (default)
2024-09-07 03:04:37,995 INFO  server.RaftServerConfigKeys (ConfUtils.java:logGet(46)) - raft.server.rpc.request.timeout = 3000ms (default)
2024-09-07 03:04:37,995 INFO  grpc.GrpcConfigKeys (ConfUtils.java:logGet(46)) - raft.grpc.server.heartbeat.channel = true (default)
2024-09-07 03:04:37,996 INFO  grpc.GrpcConfigKeys (ConfUtils.java:logGet(46)) - raft.grpc.server.zerocopy.enabled = true (custom)
2024-09-07 03:04:37,996 INFO  server.RaftServerConfigKeys (ConfUtils.java:logGet(46)) - raft.server.log.appender.buffer.byte-limit = 4MB (=4194304) (default)
2024-09-07 03:04:38,000 INFO  grpc.GrpcConfigKeys (ConfUtils.java:logGet(46)) - raft.grpc.server.async.request.thread.pool.cached = true (default)
2024-09-07 03:04:38,000 INFO  grpc.GrpcConfigKeys (ConfUtils.java:logGet(46)) - raft.grpc.server.async.request.thread.pool.size = 32 (default)
2024-09-07 03:04:38,251 INFO  impl.DataStreamServerImpl (ConfUtils.java:logGet(46)) - raft.datastream.type = DISABLED (default)
2024-09-07 03:04:38,252 INFO  server.RaftServerConfigKeys (ConfUtils.java:logGet(46)) - raft.server.sleep.deviation.threshold = 300ms (default)
2024-09-07 03:04:38,252 INFO  server.RaftServerConfigKeys (ConfUtils.java:logGet(46)) - raft.server.close.threshold = 60s (default)
2024-09-07 03:04:38,252 INFO  server.RaftServerConfigKeys (ConfUtils.java:logGet(46)) - raft.server.leaderelection.leader.step-down.wait-time = 10s (default)
2024-09-07 03:04:38,253 INFO  server.RaftServerConfigKeys (ConfUtils.java:logGet(46)) - raft.server.storage.dir = [/home/runner/work/ratis/ratis/ratis-examples/target/test/data/72ef903c/MiniRaftClusterWithGrpcffb1a70b/s3] (custom)
2024-09-07 03:04:38,253 INFO  server.RaftServerConfigKeys (ConfUtils.java:logGet(46)) - raft.server.threadpool.proxy.cached = true (default)
2024-09-07 03:04:38,253 INFO  server.RaftServerConfigKeys (ConfUtils.java:logGet(46)) - raft.server.threadpool.proxy.size = 0 (default)
2024-09-07 03:04:38,254 INFO  server.RaftServer (RaftServerProxy.java:addNew(101)) - s3: addNew group-81EED7A8EFD4:[s3|localhost:15012, s4|localhost:15016, s5|localhost:15020] returns group-81EED7A8EFD4:java.util.concurrent.CompletableFuture@13a9cdae[Not completed]
2024-09-07 03:04:38,255 INFO  impl.MiniRaftCluster (MiniRaftCluster.java:newRaftServer(386)) - newRaftServer: s4, group-81EED7A8EFD4:[s3|localhost:15012, s4|localhost:15016, s5|localhost:15020], format? true
2024-09-07 03:04:38,255 TRACE util.FileUtils (FileUtils.java:deleteFully(305)) - deleteFully target/test/data/72ef903c/MiniRaftClusterWithGrpcffb1a70b/s4
2024-09-07 03:04:38,255 TRACE util.FileUtils (FileUtils.java:deleteFully(318)) - deleteFully: target/test/data/72ef903c/MiniRaftClusterWithGrpcffb1a70b/s4 does not exist.
2024-09-07 03:04:38,256 INFO  impl.MiniRaftCluster (MiniRaftCluster.java:newRaftServer(391)) - Formatted directory target/test/data/72ef903c/MiniRaftClusterWithGrpcffb1a70b/s4
2024-09-07 03:04:38,256 INFO  server.RaftServer (ConfUtils.java:logGet(46)) - raft.rpc.type = GRPC (default)
2024-09-07 03:04:38,256 INFO  grpc.GrpcConfigKeys (ConfUtils.java:logFallback(53)) - raft.grpc.admin.host = null (fallback to raft.grpc.server.host)
2024-09-07 03:04:38,257 INFO  grpc.GrpcConfigKeys (ConfUtils.java:logGet(46)) - raft.grpc.admin.port = 15017 (custom)
2024-09-07 03:04:38,257 INFO  grpc.GrpcConfigKeys (ConfUtils.java:logFallback(53)) - raft.grpc.client.host = null (fallback to raft.grpc.server.host)
2024-09-07 03:04:38,257 INFO  grpc.GrpcConfigKeys (ConfUtils.java:logGet(46)) - raft.grpc.client.port = 15018 (custom)
2024-09-07 03:04:38,258 INFO  server.RaftServer$Division (RaftServerImpl.java:<init>(255)) - s3: new RaftServerImpl for group-81EED7A8EFD4:[s3|localhost:15012, s4|localhost:15016, s5|localhost:15020] with ArithmeticStateMachine:uninitialized
2024-09-07 03:04:38,258 INFO  grpc.GrpcConfigKeys (ConfUtils.java:logGet(46)) - raft.grpc.server.host = null (default)
2024-09-07 03:04:38,262 INFO  grpc.GrpcConfigKeys (ConfUtils.java:logGet(46)) - raft.grpc.server.port = 15016 (custom)
2024-09-07 03:04:38,263 INFO  server.GrpcService (ConfUtils.java:logGet(46)) - raft.grpc.message.size.max = 64MB (=67108864) (default)
2024-09-07 03:04:38,263 INFO  server.GrpcService (ConfUtils.java:logGet(46)) - raft.grpc.flow.control.window = 1MB (=1048576) (default)
2024-09-07 03:04:38,263 INFO  server.RaftServerConfigKeys (ConfUtils.java:logGet(46)) - raft.server.rpc.request.timeout = 3000ms (default)
2024-09-07 03:04:38,264 INFO  grpc.GrpcConfigKeys (ConfUtils.java:logGet(46)) - raft.grpc.server.heartbeat.channel = true (default)
2024-09-07 03:04:38,264 INFO  grpc.GrpcConfigKeys (ConfUtils.java:logGet(46)) - raft.grpc.server.zerocopy.enabled = true (custom)
2024-09-07 03:04:38,264 INFO  server.RaftServerConfigKeys (ConfUtils.java:logGet(46)) - raft.server.log.appender.buffer.byte-limit = 4MB (=4194304) (default)
2024-09-07 03:04:38,265 INFO  grpc.GrpcConfigKeys (ConfUtils.java:logGet(46)) - raft.grpc.server.async.request.thread.pool.cached = true (default)
2024-09-07 03:04:38,265 INFO  grpc.GrpcConfigKeys (ConfUtils.java:logGet(46)) - raft.grpc.server.async.request.thread.pool.size = 32 (default)
2024-09-07 03:04:38,268 INFO  impl.DataStreamServerImpl (ConfUtils.java:logGet(46)) - raft.datastream.type = DISABLED (default)
2024-09-07 03:04:38,268 INFO  server.RaftServerConfigKeys (ConfUtils.java:logGet(46)) - raft.server.sleep.deviation.threshold = 300ms (default)
2024-09-07 03:04:38,268 INFO  server.RaftServerConfigKeys (ConfUtils.java:logGet(46)) - raft.server.close.threshold = 60s (default)
2024-09-07 03:04:38,269 INFO  server.RaftServerConfigKeys (ConfUtils.java:logGet(46)) - raft.server.leaderelection.leader.step-down.wait-time = 10s (default)
2024-09-07 03:04:38,269 INFO  server.RaftServerConfigKeys (ConfUtils.java:logGet(46)) - raft.server.storage.dir = [/home/runner/work/ratis/ratis/ratis-examples/target/test/data/72ef903c/MiniRaftClusterWithGrpcffb1a70b/s4] (custom)
2024-09-07 03:04:38,269 INFO  server.RaftServerConfigKeys (ConfUtils.java:logGet(46)) - raft.server.threadpool.proxy.cached = true (default)
2024-09-07 03:04:38,270 INFO  server.RaftServerConfigKeys (ConfUtils.java:logGet(46)) - raft.server.threadpool.proxy.size = 0 (default)
2024-09-07 03:04:38,262 INFO  server.RaftServerConfigKeys (ConfUtils.java:logGet(46)) - raft.server.rpc.timeout.min = 300ms (custom)
2024-09-07 03:04:38,271 INFO  server.RaftServerConfigKeys (ConfUtils.java:logGet(46)) - raft.server.rpc.timeout.max = 600ms (custom)
2024-09-07 03:04:38,271 INFO  server.RaftServerConfigKeys (ConfUtils.java:logGet(46)) - raft.server.rpc.sleep.time = 25ms (default)
2024-09-07 03:04:38,271 INFO  server.RaftServerConfigKeys (ConfUtils.java:logGet(46)) - raft.server.rpc.slowness.timeout = 60s (default)
2024-09-07 03:04:38,271 INFO  server.RaftServerConfigKeys (ConfUtils.java:logGet(46)) - raft.server.leaderelection.leader.step-down.wait-time = 10s (default)
2024-09-07 03:04:38,271 INFO  server.RaftServerConfigKeys (ConfUtils.java:logGet(46)) - raft.server.leaderelection.member.majority-add = false (default)
2024-09-07 03:04:38,271 INFO  server.RaftServerConfigKeys (ConfUtils.java:logGet(46)) - raft.server.sleep.deviation.threshold = 300ms (default)
2024-09-07 03:04:38,272 INFO  server.RaftServer$Division (ServerState.java:<init>(114)) - s3@group-81EED7A8EFD4: ConfigurationManager, init=conf: {index: -1, cur=peers:[s3|localhost:15012, s4|localhost:15016, s5|localhost:15020]|listeners:[], old=null}, confs=<EMPTY_MAP>
2024-09-07 03:04:38,272 INFO  server.RaftServerConfigKeys (ConfUtils.java:logGet(46)) - raft.server.notification.no-leader.timeout = 60s (default)
2024-09-07 03:04:38,272 INFO  server.RaftServerConfigKeys (ConfUtils.java:logGet(46)) - raft.server.read.timeout = 10s (default)
2024-09-07 03:04:38,272 INFO  server.RaftServerConfigKeys (ConfUtils.java:logGet(46)) - raft.server.retrycache.expirytime = 60s (default)
2024-09-07 03:04:38,272 INFO  server.RaftServerConfigKeys (ConfUtils.java:logGet(46)) - raft.server.retrycache.statistics.expirytime = 100ms (default)
2024-09-07 03:04:38,272 INFO  server.RaftServerConfigKeys (ConfUtils.java:logGet(46)) - raft.server.read.option = DEFAULT (default)
2024-09-07 03:04:38,272 INFO  server.RaftServerConfigKeys (ConfUtils.java:logGet(46)) - raft.server.read.read-after-write-consistent.write-index-cache.expiry-time = 60s (default)
2024-09-07 03:04:38,274 INFO  server.RaftServerConfigKeys (ConfUtils.java:logGet(46)) - raft.server.rpc.request.timeout = 3000ms (default)
2024-09-07 03:04:38,274 INFO  server.RaftServerConfigKeys (ConfUtils.java:logGet(46)) - raft.server.log.appender.install.snapshot.enabled = true (default)
2024-09-07 03:04:38,275 INFO  server.RaftServerConfigKeys (ConfUtils.java:logGet(46)) - raft.server.threadpool.server.cached = true (default)
2024-09-07 03:04:38,275 INFO  server.RaftServerConfigKeys (ConfUtils.java:logGet(46)) - raft.server.threadpool.server.size = 0 (default)
2024-09-07 03:04:38,275 INFO  server.RaftServerConfigKeys (ConfUtils.java:logGet(46)) - raft.server.threadpool.client.cached = true (default)
2024-09-07 03:04:38,275 INFO  server.RaftServerConfigKeys (ConfUtils.java:logGet(46)) - raft.server.threadpool.client.size = 0 (default)
2024-09-07 03:04:38,276 INFO  server.RaftServer (RaftServerProxy.java:addNew(101)) - s4: addNew group-81EED7A8EFD4:[s3|localhost:15012, s4|localhost:15016, s5|localhost:15020] returns group-81EED7A8EFD4:java.util.concurrent.CompletableFuture@49f6c25e[Not completed]
2024-09-07 03:04:38,276 INFO  server.RaftServer$Division (RaftServerImpl.java:<init>(255)) - s4: new RaftServerImpl for group-81EED7A8EFD4:[s3|localhost:15012, s4|localhost:15016, s5|localhost:15020] with ArithmeticStateMachine:uninitialized
2024-09-07 03:04:38,276 INFO  impl.MiniRaftCluster (MiniRaftCluster.java:newRaftServer(386)) - newRaftServer: s5, group-81EED7A8EFD4:[s3|localhost:15012, s4|localhost:15016, s5|localhost:15020], format? true
2024-09-07 03:04:38,277 TRACE util.FileUtils (FileUtils.java:deleteFully(305)) - deleteFully target/test/data/72ef903c/MiniRaftClusterWithGrpcffb1a70b/s5
2024-09-07 03:04:38,276 INFO  server.RaftServerConfigKeys (ConfUtils.java:logGet(46)) - raft.server.rpc.timeout.min = 300ms (custom)
2024-09-07 03:04:38,277 TRACE util.FileUtils (FileUtils.java:deleteFully(318)) - deleteFully: target/test/data/72ef903c/MiniRaftClusterWithGrpcffb1a70b/s5 does not exist.
2024-09-07 03:04:38,277 INFO  impl.MiniRaftCluster (MiniRaftCluster.java:newRaftServer(391)) - Formatted directory target/test/data/72ef903c/MiniRaftClusterWithGrpcffb1a70b/s5
2024-09-07 03:04:38,277 INFO  server.RaftServerConfigKeys (ConfUtils.java:logGet(46)) - raft.server.rpc.timeout.max = 600ms (custom)
2024-09-07 03:04:38,277 INFO  server.RaftServerConfigKeys (ConfUtils.java:logGet(46)) - raft.server.rpc.sleep.time = 25ms (default)
2024-09-07 03:04:38,278 INFO  server.RaftServerConfigKeys (ConfUtils.java:logGet(46)) - raft.server.rpc.slowness.timeout = 60s (default)
2024-09-07 03:04:38,278 INFO  server.RaftServerConfigKeys (ConfUtils.java:logGet(46)) - raft.server.leaderelection.leader.step-down.wait-time = 10s (default)
2024-09-07 03:04:38,278 INFO  server.RaftServerConfigKeys (ConfUtils.java:logGet(46)) - raft.server.leaderelection.member.majority-add = false (default)
2024-09-07 03:04:38,278 INFO  server.RaftServer (ConfUtils.java:logGet(46)) - raft.rpc.type = GRPC (default)
2024-09-07 03:04:38,278 INFO  server.RaftServerConfigKeys (ConfUtils.java:logGet(46)) - raft.server.sleep.deviation.threshold = 300ms (default)
2024-09-07 03:04:38,278 INFO  grpc.GrpcConfigKeys (ConfUtils.java:logFallback(53)) - raft.grpc.admin.host = null (fallback to raft.grpc.server.host)
2024-09-07 03:04:38,278 INFO  grpc.GrpcConfigKeys (ConfUtils.java:logGet(46)) - raft.grpc.admin.port = 15021 (custom)
2024-09-07 03:04:38,279 INFO  grpc.GrpcConfigKeys (ConfUtils.java:logFallback(53)) - raft.grpc.client.host = null (fallback to raft.grpc.server.host)
2024-09-07 03:04:38,279 INFO  grpc.GrpcConfigKeys (ConfUtils.java:logGet(46)) - raft.grpc.client.port = 15022 (custom)
2024-09-07 03:04:38,279 INFO  grpc.GrpcConfigKeys (ConfUtils.java:logGet(46)) - raft.grpc.server.host = null (default)
2024-09-07 03:04:38,279 INFO  grpc.GrpcConfigKeys (ConfUtils.java:logGet(46)) - raft.grpc.server.port = 15020 (custom)
2024-09-07 03:04:38,279 INFO  server.GrpcService (ConfUtils.java:logGet(46)) - raft.grpc.message.size.max = 64MB (=67108864) (default)
2024-09-07 03:04:38,280 INFO  server.GrpcService (ConfUtils.java:logGet(46)) - raft.grpc.flow.control.window = 1MB (=1048576) (default)
2024-09-07 03:04:38,280 INFO  server.RaftServerConfigKeys (ConfUtils.java:logGet(46)) - raft.server.rpc.request.timeout = 3000ms (default)
2024-09-07 03:04:38,280 INFO  grpc.GrpcConfigKeys (ConfUtils.java:logGet(46)) - raft.grpc.server.heartbeat.channel = true (default)
2024-09-07 03:04:38,280 INFO  grpc.GrpcConfigKeys (ConfUtils.java:logGet(46)) - raft.grpc.server.zerocopy.enabled = true (custom)
2024-09-07 03:04:38,280 INFO  server.RaftServerConfigKeys (ConfUtils.java:logGet(46)) - raft.server.log.appender.buffer.byte-limit = 4MB (=4194304) (default)
2024-09-07 03:04:38,281 INFO  grpc.GrpcConfigKeys (ConfUtils.java:logGet(46)) - raft.grpc.server.async.request.thread.pool.cached = true (default)
2024-09-07 03:04:38,281 INFO  grpc.GrpcConfigKeys (ConfUtils.java:logGet(46)) - raft.grpc.server.async.request.thread.pool.size = 32 (default)
2024-09-07 03:04:38,278 INFO  server.RaftServer$Division (ServerState.java:<init>(114)) - s4@group-81EED7A8EFD4: ConfigurationManager, init=conf: {index: -1, cur=peers:[s3|localhost:15012, s4|localhost:15016, s5|localhost:15020]|listeners:[], old=null}, confs=<EMPTY_MAP>
2024-09-07 03:04:38,282 INFO  server.RaftServerConfigKeys (ConfUtils.java:logGet(46)) - raft.server.notification.no-leader.timeout = 60s (default)
2024-09-07 03:04:38,282 INFO  server.RaftServerConfigKeys (ConfUtils.java:logGet(46)) - raft.server.read.timeout = 10s (default)
2024-09-07 03:04:38,282 INFO  server.RaftServerConfigKeys (ConfUtils.java:logGet(46)) - raft.server.retrycache.expirytime = 60s (default)
2024-09-07 03:04:38,282 INFO  server.RaftServerConfigKeys (ConfUtils.java:logGet(46)) - raft.server.retrycache.statistics.expirytime = 100ms (default)
2024-09-07 03:04:38,283 INFO  server.RaftServerConfigKeys (ConfUtils.java:logGet(46)) - raft.server.read.option = DEFAULT (default)
2024-09-07 03:04:38,283 INFO  server.RaftServerConfigKeys (ConfUtils.java:logGet(46)) - raft.server.read.read-after-write-consistent.write-index-cache.expiry-time = 60s (default)
2024-09-07 03:04:38,285 INFO  server.RaftServerConfigKeys (ConfUtils.java:logGet(46)) - raft.server.rpc.request.timeout = 3000ms (default)
2024-09-07 03:04:38,285 INFO  server.RaftServerConfigKeys (ConfUtils.java:logGet(46)) - raft.server.log.appender.install.snapshot.enabled = true (default)
2024-09-07 03:04:38,285 INFO  server.RaftServerConfigKeys (ConfUtils.java:logGet(46)) - raft.server.threadpool.server.cached = true (default)
2024-09-07 03:04:38,286 INFO  server.RaftServerConfigKeys (ConfUtils.java:logGet(46)) - raft.server.threadpool.server.size = 0 (default)
2024-09-07 03:04:38,286 INFO  server.RaftServerConfigKeys (ConfUtils.java:logGet(46)) - raft.server.threadpool.client.cached = true (default)
2024-09-07 03:04:38,286 INFO  server.RaftServerConfigKeys (ConfUtils.java:logGet(46)) - raft.server.threadpool.client.size = 0 (default)
2024-09-07 03:04:38,286 INFO  impl.DataStreamServerImpl (ConfUtils.java:logGet(46)) - raft.datastream.type = DISABLED (default)
2024-09-07 03:04:38,286 INFO  server.RaftServerConfigKeys (ConfUtils.java:logGet(46)) - raft.server.sleep.deviation.threshold = 300ms (default)
2024-09-07 03:04:38,287 INFO  server.RaftServerConfigKeys (ConfUtils.java:logGet(46)) - raft.server.close.threshold = 60s (default)
2024-09-07 03:04:38,287 INFO  server.RaftServerConfigKeys (ConfUtils.java:logGet(46)) - raft.server.leaderelection.leader.step-down.wait-time = 10s (default)
2024-09-07 03:04:38,287 INFO  server.RaftServerConfigKeys (ConfUtils.java:logGet(46)) - raft.server.storage.dir = [/home/runner/work/ratis/ratis/ratis-examples/target/test/data/72ef903c/MiniRaftClusterWithGrpcffb1a70b/s5] (custom)
2024-09-07 03:04:38,287 INFO  server.RaftServerConfigKeys (ConfUtils.java:logGet(46)) - raft.server.threadpool.proxy.cached = true (default)
2024-09-07 03:04:38,287 INFO  server.RaftServerConfigKeys (ConfUtils.java:logGet(46)) - raft.server.threadpool.proxy.size = 0 (default)
2024-09-07 03:04:38,288 INFO  server.RaftServer (RaftServerProxy.java:addNew(101)) - s5: addNew group-81EED7A8EFD4:[s3|localhost:15012, s4|localhost:15016, s5|localhost:15020] returns group-81EED7A8EFD4:java.util.concurrent.CompletableFuture@47ae6c18[Not completed]
2024-09-07 03:04:38,289 INFO  server.RaftServer$Division (RaftServerImpl.java:<init>(255)) - s5: new RaftServerImpl for group-81EED7A8EFD4:[s3|localhost:15012, s4|localhost:15016, s5|localhost:15020] with ArithmeticStateMachine:uninitialized
2024-09-07 03:04:38,289 INFO  server.RaftServerConfigKeys (ConfUtils.java:logGet(46)) - raft.server.storage.free-space.min = 0MB (=0) (default)
2024-09-07 03:04:38,289 INFO  server.RaftServerConfigKeys (ConfUtils.java:logGet(46)) - raft.server.log.corruption.policy = EXCEPTION (default)
2024-09-07 03:04:38,289 INFO  server.RaftServerConfigKeys (ConfUtils.java:logGet(46)) - raft.server.storage.dir = [/home/runner/work/ratis/ratis/ratis-examples/target/test/data/72ef903c/MiniRaftClusterWithGrpcffb1a70b/s3] (custom)
2024-09-07 03:04:38,290 INFO  storage.RaftStorageDirectory (RaftStorageDirectoryImpl.java:analyzeStorage(138)) - The storage directory /home/runner/work/ratis/ratis/ratis-examples/target/test/data/72ef903c/MiniRaftClusterWithGrpcffb1a70b/s3/b69ea0dd-c9c6-4c9f-92ec-81eed7a8efd4 does not exist. Creating ...
2024-09-07 03:04:38,290 TRACE util.FileUtils (LogUtils.java:runAndLog(49)) - Successfully ran Files.createDirectories /home/runner/work/ratis/ratis/ratis-examples/target/test/data/72ef903c/MiniRaftClusterWithGrpcffb1a70b/s3/b69ea0dd-c9c6-4c9f-92ec-81eed7a8efd4
2024-09-07 03:04:38,291 INFO  storage.RaftStorageDirectory (RaftStorageDirectoryImpl.java:tryLock(229)) - Lock on /home/runner/work/ratis/ratis/ratis-examples/target/test/data/72ef903c/MiniRaftClusterWithGrpcffb1a70b/s3/b69ea0dd-c9c6-4c9f-92ec-81eed7a8efd4/in_use.lock acquired by nodename 16781@fv-az1386-707
2024-09-07 03:04:38,292 TRACE util.FileUtils (LogUtils.java:runAndLog(49)) - Successfully ran Files.createDirectories /home/runner/work/ratis/ratis/ratis-examples/target/test/data/72ef903c/MiniRaftClusterWithGrpcffb1a70b/s3/b69ea0dd-c9c6-4c9f-92ec-81eed7a8efd4/current
2024-09-07 03:04:38,292 TRACE util.FileUtils (LogUtils.java:runAndLog(49)) - Successfully ran Files.createDirectories /home/runner/work/ratis/ratis/ratis-examples/target/test/data/72ef903c/MiniRaftClusterWithGrpcffb1a70b/s3/b69ea0dd-c9c6-4c9f-92ec-81eed7a8efd4/sm
2024-09-07 03:04:38,292 TRACE util.FileUtils (LogUtils.java:supplyAndLog(69)) - Successfully supplied FileChannel.open /home/runner/work/ratis/ratis/ratis-examples/target/test/data/72ef903c/MiniRaftClusterWithGrpcffb1a70b/s3/b69ea0dd-c9c6-4c9f-92ec-81eed7a8efd4/current/raft-meta.tmp with options [CREATE, WRITE]: sun.nio.ch.FileChannelImpl@53e68de1
2024-09-07 03:04:38,293 INFO  server.RaftServerConfigKeys (ConfUtils.java:logGet(46)) - raft.server.rpc.timeout.min = 300ms (custom)
2024-09-07 03:04:38,293 INFO  server.RaftServerConfigKeys (ConfUtils.java:logGet(46)) - raft.server.rpc.timeout.max = 600ms (custom)
2024-09-07 03:04:38,293 INFO  server.RaftServerConfigKeys (ConfUtils.java:logGet(46)) - raft.server.rpc.sleep.time = 25ms (default)
2024-09-07 03:04:38,293 INFO  server.RaftServerConfigKeys (ConfUtils.java:logGet(46)) - raft.server.rpc.slowness.timeout = 60s (default)
2024-09-07 03:04:38,293 TRACE util.FileUtils (LogUtils.java:runAndLog(49)) - Successfully ran Atomic Files.move /home/runner/work/ratis/ratis/ratis-examples/target/test/data/72ef903c/MiniRaftClusterWithGrpcffb1a70b/s3/b69ea0dd-c9c6-4c9f-92ec-81eed7a8efd4/current/raft-meta.tmp to /home/runner/work/ratis/ratis/ratis-examples/target/test/data/72ef903c/MiniRaftClusterWithGrpcffb1a70b/s3/b69ea0dd-c9c6-4c9f-92ec-81eed7a8efd4/current/raft-meta with options [REPLACE_EXISTING]
2024-09-07 03:04:38,293 INFO  storage.RaftStorage (RaftStorageImpl.java:format(98)) - Storage directory /home/runner/work/ratis/ratis/ratis-examples/target/test/data/72ef903c/MiniRaftClusterWithGrpcffb1a70b/s3/b69ea0dd-c9c6-4c9f-92ec-81eed7a8efd4 has been successfully formatted.
2024-09-07 03:04:38,294 WARN  statemachine.StateMachine (ArithmeticStateMachine.java:loadSnapshot(115)) - The snapshot info is null.
2024-09-07 03:04:38,294 INFO  server.RaftServerConfigKeys (ConfUtils.java:logGet(46)) - raft.server.leaderelection.leader.step-down.wait-time = 10s (default)
2024-09-07 03:04:38,294 INFO  server.RaftServerConfigKeys (ConfUtils.java:logGet(46)) - raft.server.leaderelection.member.majority-add = false (default)
2024-09-07 03:04:38,294 INFO  server.RaftServerConfigKeys (ConfUtils.java:logGet(46)) - raft.server.sleep.deviation.threshold = 300ms (default)
2024-09-07 03:04:38,294 INFO  server.RaftServerConfigKeys (ConfUtils.java:logGet(46)) - raft.server.log.use.memory = false (default)
2024-09-07 03:04:38,294 INFO  server.RaftServer$Division (ServerState.java:<init>(114)) - s5@group-81EED7A8EFD4: ConfigurationManager, init=conf: {index: -1, cur=peers:[s3|localhost:15012, s4|localhost:15016, s5|localhost:15020]|listeners:[], old=null}, confs=<EMPTY_MAP>
2024-09-07 03:04:38,294 INFO  server.RaftServerConfigKeys (ConfUtils.java:logGet(46)) - raft.server.log.purge.gap = 1024 (default)
2024-09-07 03:04:38,294 INFO  server.RaftServerConfigKeys (ConfUtils.java:logGet(46)) - raft.server.notification.no-leader.timeout = 60s (default)
2024-09-07 03:04:38,294 INFO  server.RaftServerConfigKeys (ConfUtils.java:logGet(46)) - raft.server.read.timeout = 10s (default)
2024-09-07 03:04:38,294 INFO  server.RaftServerConfigKeys (ConfUtils.java:logGet(46)) - raft.server.log.appender.buffer.byte-limit = 4MB (=4194304) (default)
2024-09-07 03:04:38,294 INFO  server.RaftServerConfigKeys (ConfUtils.java:logGet(46)) - raft.server.retrycache.expirytime = 60s (default)
2024-09-07 03:04:38,295 INFO  server.RaftServerConfigKeys (ConfUtils.java:logGet(46)) - raft.server.retrycache.statistics.expirytime = 100ms (default)
2024-09-07 03:04:38,295 INFO  server.RaftServerConfigKeys (ConfUtils.java:logGet(46)) - raft.server.log.statemachine.data.read.timeout = 1000ms (default)
2024-09-07 03:04:38,295 INFO  server.RaftServerConfigKeys (ConfUtils.java:logGet(46)) - raft.server.log.purge.preservation.log.num = 0 (default)
2024-09-07 03:04:38,296 INFO  server.RaftServerConfigKeys (ConfUtils.java:logGet(46)) - raft.server.read.option = DEFAULT (default)
2024-09-07 03:04:38,296 INFO  server.RaftServerConfigKeys (ConfUtils.java:logGet(46)) - raft.server.read.read-after-write-consistent.write-index-cache.expiry-time = 60s (default)
2024-09-07 03:04:38,296 INFO  server.RaftServerConfigKeys (ConfUtils.java:logGet(46)) - raft.server.log.segment.size.max = 32MB (=33554432) (default)
2024-09-07 03:04:38,296 INFO  server.RaftServerConfigKeys (ConfUtils.java:logGet(46)) - raft.server.log.segment.cache.num.max = 6 (default)
2024-09-07 03:04:38,296 INFO  server.RaftServerConfigKeys (ConfUtils.java:logGet(46)) - raft.server.log.segment.cache.size.max = 200MB (=209715200) (default)
2024-09-07 03:04:38,297 INFO  server.RaftServerConfigKeys (ConfUtils.java:logGet(46)) - raft.server.log.appender.buffer.byte-limit = 4MB (=4194304) (default)
2024-09-07 03:04:38,298 INFO  server.RaftServerConfigKeys (ConfUtils.java:logGet(46)) - raft.server.rpc.request.timeout = 3000ms (default)
2024-09-07 03:04:38,299 INFO  server.RaftServerConfigKeys (ConfUtils.java:logGet(46)) - raft.server.log.appender.install.snapshot.enabled = true (default)
2024-09-07 03:04:38,299 INFO  server.RaftServerConfigKeys (ConfUtils.java:logGet(46)) - raft.server.threadpool.server.cached = true (default)
2024-09-07 03:04:38,299 INFO  server.RaftServerConfigKeys (ConfUtils.java:logGet(46)) - raft.server.threadpool.server.size = 0 (default)
2024-09-07 03:04:38,299 INFO  server.RaftServerConfigKeys (ConfUtils.java:logGet(46)) - raft.server.threadpool.client.cached = true (default)
2024-09-07 03:04:38,299 INFO  server.RaftServerConfigKeys (ConfUtils.java:logGet(46)) - raft.server.threadpool.client.size = 0 (default)
2024-09-07 03:04:38,305 INFO  util.AwaitToRun (AwaitToRun.java:start(81)) - Thread[s3@group-81EED7A8EFD4-cacheEviction-AwaitToRun,5,main] started
2024-09-07 03:04:38,306 INFO  segmented.SegmentedRaftLogWorker (SegmentedRaftLogWorker.java:<init>(187)) - new s3@group-81EED7A8EFD4-SegmentedRaftLogWorker for RaftStorageImpl:Storage Directory /home/runner/work/ratis/ratis/ratis-examples/target/test/data/72ef903c/MiniRaftClusterWithGrpcffb1a70b/s3/b69ea0dd-c9c6-4c9f-92ec-81eed7a8efd4
2024-09-07 03:04:38,306 INFO  server.RaftServerConfigKeys (ConfUtils.java:logGet(46)) - raft.server.log.queue.byte-limit = 64MB (=67108864) (default)
2024-09-07 03:04:38,306 INFO  server.RaftServerConfigKeys (ConfUtils.java:logGet(46)) - raft.server.log.queue.element-limit = 4096 (default)
2024-09-07 03:04:38,306 INFO  server.RaftServerConfigKeys (ConfUtils.java:logGet(46)) - raft.server.log.segment.size.max = 32MB (=33554432) (default)
2024-09-07 03:04:38,306 INFO  server.RaftServerConfigKeys (ConfUtils.java:logGet(46)) - raft.server.log.preallocated.size = 4MB (=4194304) (default)
2024-09-07 03:04:38,307 INFO  server.RaftServerConfigKeys (ConfUtils.java:logGet(46)) - raft.server.log.force.sync.num = 128 (default)
2024-09-07 03:04:38,307 INFO  server.RaftServerConfigKeys (ConfUtils.java:logGet(46)) - raft.server.log.statemachine.data.sync = true (default)
2024-09-07 03:04:38,307 INFO  server.RaftServerConfigKeys (ConfUtils.java:logGet(46)) - raft.server.log.statemachine.data.sync.timeout = 10s (default)
2024-09-07 03:04:38,307 INFO  server.RaftServerConfigKeys (ConfUtils.java:logGet(46)) - raft.server.log.statemachine.data.sync.timeout.retry = -1 (default)
2024-09-07 03:04:38,307 INFO  server.RaftServerConfigKeys (ConfUtils.java:logGet(46)) - raft.server.log.write.buffer.size = 8MB (=8388608) (default)
2024-09-07 03:04:38,309 INFO  server.RaftServerConfigKeys (ConfUtils.java:logGet(46)) - raft.server.log.appender.buffer.byte-limit = 4MB (=4194304) (default)
2024-09-07 03:04:38,310 INFO  server.RaftServerConfigKeys (ConfUtils.java:logGet(46)) - raft.server.log.unsafe-flush.enabled = false (default)
2024-09-07 03:04:38,310 INFO  server.RaftServerConfigKeys (ConfUtils.java:logGet(46)) - raft.server.log.async-flush.enabled = false (default)
2024-09-07 03:04:38,310 INFO  server.RaftServerConfigKeys (ConfUtils.java:logGet(46)) - raft.server.log.statemachine.data.caching.enabled = false (default)
2024-09-07 03:04:38,310 INFO  segmented.SegmentedRaftLogWorker (SegmentedRaftLogWorker.java:lambda$new$0(138)) - s3@group-81EED7A8EFD4-SegmentedRaftLogWorker: flushIndex: setUnconditionally 0 -> -1
2024-09-07 03:04:38,310 INFO  segmented.SegmentedRaftLogWorker (SegmentedRaftLogWorker.java:lambda$new$0(138)) - s3@group-81EED7A8EFD4-SegmentedRaftLogWorker: safeCacheEvictIndex: setUnconditionally 0 -> -1
2024-09-07 03:04:38,311 INFO  server.RaftServer$Division (RaftServerImpl.java:start(391)) - s3@group-81EED7A8EFD4: start as a follower, conf=conf: {index: -1, cur=peers:[s3|localhost:15012, s4|localhost:15016, s5|localhost:15020]|listeners:[], old=null}
2024-09-07 03:04:38,311 INFO  server.RaftServer$Division (RaftServerImpl.java:setRole(378)) - s3@group-81EED7A8EFD4: changes role from      null to FOLLOWER at term 0 for startAsFollower
2024-09-07 03:04:38,311 INFO  impl.RoleInfo (RoleInfo.java:updateAndGet(148)) - s3: start s3@group-81EED7A8EFD4-FollowerState
2024-09-07 03:04:38,312 INFO  util.JmxRegister (JmxRegister.java:tryRegister(44)) - Successfully registered JMX Bean with object name Ratis:service=RaftServer,group=group-81EED7A8EFD4,id=s3
2024-09-07 03:04:38,312 INFO  util.JmxRegister (JmxRegister.java:register(58)) - register mxBean class org.apache.ratis.server.impl.RaftServerJmxAdapter as Ratis:service=RaftServer,group=group-81EED7A8EFD4,id=s3
2024-09-07 03:04:38,312 INFO  server.RaftServerConfigKeys (ConfUtils.java:logGet(46)) - raft.server.snapshot.trigger-when-stop.enabled = true (default)
2024-09-07 03:04:38,312 INFO  server.RaftServerConfigKeys (ConfUtils.java:logGet(46)) - raft.server.snapshot.trigger-when-remove.enabled = true (default)
2024-09-07 03:04:38,312 INFO  server.RaftServerConfigKeys (ConfUtils.java:logGet(46)) - raft.server.snapshot.auto.trigger.enabled = false (default)
2024-09-07 03:04:38,312 INFO  server.RaftServerConfigKeys (ConfUtils.java:logGet(46)) - raft.server.snapshot.retention.file.num = -1 (default)
2024-09-07 03:04:38,312 INFO  server.RaftServerConfigKeys (ConfUtils.java:logGet(46)) - raft.server.log.purge.upto.snapshot.index = false (default)
2024-09-07 03:04:38,313 INFO  server.RaftServerConfigKeys (ConfUtils.java:logFallback(53)) - raft.server.rpc.first-election.timeout.min = 300ms (fallback to raft.server.rpc.timeout.min)
2024-09-07 03:04:38,313 INFO  server.RaftServerConfigKeys (ConfUtils.java:logFallback(53)) - raft.server.rpc.first-election.timeout.max = 600ms (fallback to raft.server.rpc.timeout.max)
2024-09-07 03:04:38,313 INFO  server.RaftServer (RaftServerProxy.java:startImpl(408)) - s3: start RPC server
2024-09-07 03:04:38,367 INFO  server.GrpcService (GrpcService.java:startImpl(340)) - s3: GrpcService started, listening on 15014
2024-09-07 03:04:38,369 INFO  server.GrpcService (GrpcService.java:startImpl(340)) - s3: GrpcService started, listening on 15012
2024-09-07 03:04:38,370 INFO  server.GrpcService (GrpcService.java:startImpl(340)) - s3: GrpcService started, listening on 15013
2024-09-07 03:04:38,371 INFO  util.JvmPauseMonitor (JvmPauseMonitor.java:run(146)) - JvmPauseMonitor-s3: Started
2024-09-07 03:04:38,371 INFO  server.RaftServerConfigKeys (ConfUtils.java:logGet(46)) - raft.server.storage.free-space.min = 0MB (=0) (default)
2024-09-07 03:04:38,371 INFO  server.RaftServerConfigKeys (ConfUtils.java:logGet(46)) - raft.server.log.corruption.policy = EXCEPTION (default)
2024-09-07 03:04:38,371 INFO  server.RaftServerConfigKeys (ConfUtils.java:logGet(46)) - raft.server.storage.dir = [/home/runner/work/ratis/ratis/ratis-examples/target/test/data/72ef903c/MiniRaftClusterWithGrpcffb1a70b/s4] (custom)
2024-09-07 03:04:38,371 INFO  storage.RaftStorageDirectory (RaftStorageDirectoryImpl.java:analyzeStorage(138)) - The storage directory /home/runner/work/ratis/ratis/ratis-examples/target/test/data/72ef903c/MiniRaftClusterWithGrpcffb1a70b/s4/b69ea0dd-c9c6-4c9f-92ec-81eed7a8efd4 does not exist. Creating ...
2024-09-07 03:04:38,372 TRACE util.FileUtils (LogUtils.java:runAndLog(49)) - Successfully ran Files.createDirectories /home/runner/work/ratis/ratis/ratis-examples/target/test/data/72ef903c/MiniRaftClusterWithGrpcffb1a70b/s4/b69ea0dd-c9c6-4c9f-92ec-81eed7a8efd4
2024-09-07 03:04:38,373 INFO  storage.RaftStorageDirectory (RaftStorageDirectoryImpl.java:tryLock(229)) - Lock on /home/runner/work/ratis/ratis/ratis-examples/target/test/data/72ef903c/MiniRaftClusterWithGrpcffb1a70b/s4/b69ea0dd-c9c6-4c9f-92ec-81eed7a8efd4/in_use.lock acquired by nodename 16781@fv-az1386-707
2024-09-07 03:04:38,373 TRACE util.FileUtils (LogUtils.java:runAndLog(49)) - Successfully ran Files.createDirectories /home/runner/work/ratis/ratis/ratis-examples/target/test/data/72ef903c/MiniRaftClusterWithGrpcffb1a70b/s4/b69ea0dd-c9c6-4c9f-92ec-81eed7a8efd4/current
2024-09-07 03:04:38,373 TRACE util.FileUtils (LogUtils.java:runAndLog(49)) - Successfully ran Files.createDirectories /home/runner/work/ratis/ratis/ratis-examples/target/test/data/72ef903c/MiniRaftClusterWithGrpcffb1a70b/s4/b69ea0dd-c9c6-4c9f-92ec-81eed7a8efd4/sm
2024-09-07 03:04:38,373 TRACE util.FileUtils (LogUtils.java:supplyAndLog(69)) - Successfully supplied FileChannel.open /home/runner/work/ratis/ratis/ratis-examples/target/test/data/72ef903c/MiniRaftClusterWithGrpcffb1a70b/s4/b69ea0dd-c9c6-4c9f-92ec-81eed7a8efd4/current/raft-meta.tmp with options [CREATE, WRITE]: sun.nio.ch.FileChannelImpl@7748f192
2024-09-07 03:04:38,374 TRACE util.FileUtils (LogUtils.java:runAndLog(49)) - Successfully ran Atomic Files.move /home/runner/work/ratis/ratis/ratis-examples/target/test/data/72ef903c/MiniRaftClusterWithGrpcffb1a70b/s4/b69ea0dd-c9c6-4c9f-92ec-81eed7a8efd4/current/raft-meta.tmp to /home/runner/work/ratis/ratis/ratis-examples/target/test/data/72ef903c/MiniRaftClusterWithGrpcffb1a70b/s4/b69ea0dd-c9c6-4c9f-92ec-81eed7a8efd4/current/raft-meta with options [REPLACE_EXISTING]
2024-09-07 03:04:38,374 INFO  storage.RaftStorage (RaftStorageImpl.java:format(98)) - Storage directory /home/runner/work/ratis/ratis/ratis-examples/target/test/data/72ef903c/MiniRaftClusterWithGrpcffb1a70b/s4/b69ea0dd-c9c6-4c9f-92ec-81eed7a8efd4 has been successfully formatted.
2024-09-07 03:04:38,374 WARN  statemachine.StateMachine (ArithmeticStateMachine.java:loadSnapshot(115)) - The snapshot info is null.
2024-09-07 03:04:38,374 INFO  server.RaftServerConfigKeys (ConfUtils.java:logGet(46)) - raft.server.log.use.memory = false (default)
2024-09-07 03:04:38,374 INFO  server.RaftServerConfigKeys (ConfUtils.java:logGet(46)) - raft.server.log.purge.gap = 1024 (default)
2024-09-07 03:04:38,374 INFO  server.RaftServerConfigKeys (ConfUtils.java:logGet(46)) - raft.server.log.appender.buffer.byte-limit = 4MB (=4194304) (default)
2024-09-07 03:04:38,374 INFO  server.RaftServerConfigKeys (ConfUtils.java:logGet(46)) - raft.server.log.statemachine.data.read.timeout = 1000ms (default)
2024-09-07 03:04:38,374 INFO  server.RaftServerConfigKeys (ConfUtils.java:logGet(46)) - raft.server.log.purge.preservation.log.num = 0 (default)
2024-09-07 03:04:38,375 INFO  server.RaftServerConfigKeys (ConfUtils.java:logGet(46)) - raft.server.log.segment.size.max = 32MB (=33554432) (default)
2024-09-07 03:04:38,376 INFO  server.RaftServerConfigKeys (ConfUtils.java:logGet(46)) - raft.server.log.segment.cache.num.max = 6 (default)
2024-09-07 03:04:38,376 INFO  server.RaftServerConfigKeys (ConfUtils.java:logGet(46)) - raft.server.log.segment.cache.size.max = 200MB (=209715200) (default)
2024-09-07 03:04:38,376 INFO  server.RaftServerConfigKeys (ConfUtils.java:logGet(46)) - raft.server.log.appender.buffer.byte-limit = 4MB (=4194304) (default)
2024-09-07 03:04:38,377 INFO  util.AwaitToRun (AwaitToRun.java:start(81)) - Thread[s4@group-81EED7A8EFD4-cacheEviction-AwaitToRun,5,main] started
2024-09-07 03:04:38,377 INFO  segmented.SegmentedRaftLogWorker (SegmentedRaftLogWorker.java:<init>(187)) - new s4@group-81EED7A8EFD4-SegmentedRaftLogWorker for RaftStorageImpl:Storage Directory /home/runner/work/ratis/ratis/ratis-examples/target/test/data/72ef903c/MiniRaftClusterWithGrpcffb1a70b/s4/b69ea0dd-c9c6-4c9f-92ec-81eed7a8efd4
2024-09-07 03:04:38,377 INFO  server.RaftServerConfigKeys (ConfUtils.java:logGet(46)) - raft.server.log.queue.byte-limit = 64MB (=67108864) (default)
2024-09-07 03:04:38,377 INFO  server.RaftServerConfigKeys (ConfUtils.java:logGet(46)) - raft.server.log.queue.element-limit = 4096 (default)
2024-09-07 03:04:38,377 INFO  server.RaftServerConfigKeys (ConfUtils.java:logGet(46)) - raft.server.log.segment.size.max = 32MB (=33554432) (default)
2024-09-07 03:04:38,377 INFO  server.RaftServerConfigKeys (ConfUtils.java:logGet(46)) - raft.server.log.preallocated.size = 4MB (=4194304) (default)
2024-09-07 03:04:38,377 INFO  server.RaftServerConfigKeys (ConfUtils.java:logGet(46)) - raft.server.log.force.sync.num = 128 (default)
2024-09-07 03:04:38,377 INFO  server.RaftServerConfigKeys (ConfUtils.java:logGet(46)) - raft.server.log.statemachine.data.sync = true (default)
2024-09-07 03:04:38,377 INFO  server.RaftServerConfigKeys (ConfUtils.java:logGet(46)) - raft.server.log.statemachine.data.sync.timeout = 10s (default)
2024-09-07 03:04:38,377 INFO  server.RaftServerConfigKeys (ConfUtils.java:logGet(46)) - raft.server.log.statemachine.data.sync.timeout.retry = -1 (default)
2024-09-07 03:04:38,378 INFO  server.RaftServerConfigKeys (ConfUtils.java:logGet(46)) - raft.server.log.write.buffer.size = 8MB (=8388608) (default)
2024-09-07 03:04:38,379 INFO  server.RaftServerConfigKeys (ConfUtils.java:logGet(46)) - raft.server.log.appender.buffer.byte-limit = 4MB (=4194304) (default)
2024-09-07 03:04:38,379 INFO  server.RaftServerConfigKeys (ConfUtils.java:logGet(46)) - raft.server.log.unsafe-flush.enabled = false (default)
2024-09-07 03:04:38,379 INFO  server.RaftServerConfigKeys (ConfUtils.java:logGet(46)) - raft.server.log.async-flush.enabled = false (default)
2024-09-07 03:04:38,379 INFO  server.RaftServerConfigKeys (ConfUtils.java:logGet(46)) - raft.server.log.statemachine.data.caching.enabled = false (default)
2024-09-07 03:04:38,379 INFO  segmented.SegmentedRaftLogWorker (SegmentedRaftLogWorker.java:lambda$new$0(138)) - s4@group-81EED7A8EFD4-SegmentedRaftLogWorker: flushIndex: setUnconditionally 0 -> -1
2024-09-07 03:04:38,380 INFO  segmented.SegmentedRaftLogWorker (SegmentedRaftLogWorker.java:lambda$new$0(138)) - s4@group-81EED7A8EFD4-SegmentedRaftLogWorker: safeCacheEvictIndex: setUnconditionally 0 -> -1
2024-09-07 03:04:38,380 INFO  server.RaftServer$Division (RaftServerImpl.java:start(391)) - s4@group-81EED7A8EFD4: start as a follower, conf=conf: {index: -1, cur=peers:[s3|localhost:15012, s4|localhost:15016, s5|localhost:15020]|listeners:[], old=null}
2024-09-07 03:04:38,380 INFO  server.RaftServer$Division (RaftServerImpl.java:setRole(378)) - s4@group-81EED7A8EFD4: changes role from      null to FOLLOWER at term 0 for startAsFollower
2024-09-07 03:04:38,380 INFO  impl.RoleInfo (RoleInfo.java:updateAndGet(148)) - s4: start s4@group-81EED7A8EFD4-FollowerState
2024-09-07 03:04:38,380 INFO  server.RaftServerConfigKeys (ConfUtils.java:logFallback(53)) - raft.server.rpc.first-election.timeout.min = 300ms (fallback to raft.server.rpc.timeout.min)
2024-09-07 03:04:38,380 INFO  server.RaftServerConfigKeys (ConfUtils.java:logFallback(53)) - raft.server.rpc.first-election.timeout.max = 600ms (fallback to raft.server.rpc.timeout.max)
2024-09-07 03:04:38,381 INFO  util.JmxRegister (JmxRegister.java:tryRegister(44)) - Successfully registered JMX Bean with object name Ratis:service=RaftServer,group=group-81EED7A8EFD4,id=s4
2024-09-07 03:04:38,381 INFO  util.JmxRegister (JmxRegister.java:register(58)) - register mxBean class org.apache.ratis.server.impl.RaftServerJmxAdapter as Ratis:service=RaftServer,group=group-81EED7A8EFD4,id=s4
2024-09-07 03:04:38,381 INFO  server.RaftServerConfigKeys (ConfUtils.java:logGet(46)) - raft.server.snapshot.trigger-when-stop.enabled = true (default)
2024-09-07 03:04:38,381 INFO  server.RaftServerConfigKeys (ConfUtils.java:logGet(46)) - raft.server.snapshot.trigger-when-remove.enabled = true (default)
2024-09-07 03:04:38,381 INFO  server.RaftServerConfigKeys (ConfUtils.java:logGet(46)) - raft.server.snapshot.auto.trigger.enabled = false (default)
2024-09-07 03:04:38,381 INFO  server.RaftServerConfigKeys (ConfUtils.java:logGet(46)) - raft.server.snapshot.retention.file.num = -1 (default)
2024-09-07 03:04:38,381 INFO  server.RaftServerConfigKeys (ConfUtils.java:logGet(46)) - raft.server.log.purge.upto.snapshot.index = false (default)
2024-09-07 03:04:38,382 INFO  server.RaftServer (RaftServerProxy.java:startImpl(408)) - s4: start RPC server
2024-09-07 03:04:38,384 INFO  server.GrpcService (GrpcService.java:startImpl(340)) - s4: GrpcService started, listening on 15018
2024-09-07 03:04:38,385 INFO  server.GrpcService (GrpcService.java:startImpl(340)) - s4: GrpcService started, listening on 15016
2024-09-07 03:04:38,386 INFO  server.GrpcService (GrpcService.java:startImpl(340)) - s4: GrpcService started, listening on 15017
2024-09-07 03:04:38,390 INFO  util.JvmPauseMonitor (JvmPauseMonitor.java:run(146)) - JvmPauseMonitor-s4: Started
2024-09-07 03:04:38,390 INFO  server.RaftServerConfigKeys (ConfUtils.java:logGet(46)) - raft.server.storage.free-space.min = 0MB (=0) (default)
2024-09-07 03:04:38,390 INFO  server.RaftServerConfigKeys (ConfUtils.java:logGet(46)) - raft.server.log.corruption.policy = EXCEPTION (default)
2024-09-07 03:04:38,391 INFO  server.RaftServerConfigKeys (ConfUtils.java:logGet(46)) - raft.server.storage.dir = [/home/runner/work/ratis/ratis/ratis-examples/target/test/data/72ef903c/MiniRaftClusterWithGrpcffb1a70b/s5] (custom)
2024-09-07 03:04:38,391 INFO  storage.RaftStorageDirectory (RaftStorageDirectoryImpl.java:analyzeStorage(138)) - The storage directory /home/runner/work/ratis/ratis/ratis-examples/target/test/data/72ef903c/MiniRaftClusterWithGrpcffb1a70b/s5/b69ea0dd-c9c6-4c9f-92ec-81eed7a8efd4 does not exist. Creating ...
2024-09-07 03:04:38,391 TRACE util.FileUtils (LogUtils.java:runAndLog(49)) - Successfully ran Files.createDirectories /home/runner/work/ratis/ratis/ratis-examples/target/test/data/72ef903c/MiniRaftClusterWithGrpcffb1a70b/s5/b69ea0dd-c9c6-4c9f-92ec-81eed7a8efd4
2024-09-07 03:04:38,392 INFO  storage.RaftStorageDirectory (RaftStorageDirectoryImpl.java:tryLock(229)) - Lock on /home/runner/work/ratis/ratis/ratis-examples/target/test/data/72ef903c/MiniRaftClusterWithGrpcffb1a70b/s5/b69ea0dd-c9c6-4c9f-92ec-81eed7a8efd4/in_use.lock acquired by nodename 16781@fv-az1386-707
2024-09-07 03:04:38,392 TRACE util.FileUtils (LogUtils.java:runAndLog(49)) - Successfully ran Files.createDirectories /home/runner/work/ratis/ratis/ratis-examples/target/test/data/72ef903c/MiniRaftClusterWithGrpcffb1a70b/s5/b69ea0dd-c9c6-4c9f-92ec-81eed7a8efd4/current
2024-09-07 03:04:38,392 TRACE util.FileUtils (LogUtils.java:runAndLog(49)) - Successfully ran Files.createDirectories /home/runner/work/ratis/ratis/ratis-examples/target/test/data/72ef903c/MiniRaftClusterWithGrpcffb1a70b/s5/b69ea0dd-c9c6-4c9f-92ec-81eed7a8efd4/sm
2024-09-07 03:04:38,392 TRACE util.FileUtils (LogUtils.java:supplyAndLog(69)) - Successfully supplied FileChannel.open /home/runner/work/ratis/ratis/ratis-examples/target/test/data/72ef903c/MiniRaftClusterWithGrpcffb1a70b/s5/b69ea0dd-c9c6-4c9f-92ec-81eed7a8efd4/current/raft-meta.tmp with options [CREATE, WRITE]: sun.nio.ch.FileChannelImpl@7d62009b
2024-09-07 03:04:38,394 TRACE util.FileUtils (LogUtils.java:runAndLog(49)) - Successfully ran Atomic Files.move /home/runner/work/ratis/ratis/ratis-examples/target/test/data/72ef903c/MiniRaftClusterWithGrpcffb1a70b/s5/b69ea0dd-c9c6-4c9f-92ec-81eed7a8efd4/current/raft-meta.tmp to /home/runner/work/ratis/ratis/ratis-examples/target/test/data/72ef903c/MiniRaftClusterWithGrpcffb1a70b/s5/b69ea0dd-c9c6-4c9f-92ec-81eed7a8efd4/current/raft-meta with options [REPLACE_EXISTING]
2024-09-07 03:04:38,394 INFO  storage.RaftStorage (RaftStorageImpl.java:format(98)) - Storage directory /home/runner/work/ratis/ratis/ratis-examples/target/test/data/72ef903c/MiniRaftClusterWithGrpcffb1a70b/s5/b69ea0dd-c9c6-4c9f-92ec-81eed7a8efd4 has been successfully formatted.
2024-09-07 03:04:38,394 WARN  statemachine.StateMachine (ArithmeticStateMachine.java:loadSnapshot(115)) - The snapshot info is null.
2024-09-07 03:04:38,394 INFO  server.RaftServerConfigKeys (ConfUtils.java:logGet(46)) - raft.server.log.use.memory = false (default)
2024-09-07 03:04:38,394 INFO  server.RaftServerConfigKeys (ConfUtils.java:logGet(46)) - raft.server.log.purge.gap = 1024 (default)
2024-09-07 03:04:38,394 INFO  server.RaftServerConfigKeys (ConfUtils.java:logGet(46)) - raft.server.log.appender.buffer.byte-limit = 4MB (=4194304) (default)
2024-09-07 03:04:38,394 INFO  server.RaftServerConfigKeys (ConfUtils.java:logGet(46)) - raft.server.log.statemachine.data.read.timeout = 1000ms (default)
2024-09-07 03:04:38,395 INFO  server.RaftServerConfigKeys (ConfUtils.java:logGet(46)) - raft.server.log.purge.preservation.log.num = 0 (default)
2024-09-07 03:04:38,396 INFO  server.RaftServerConfigKeys (ConfUtils.java:logGet(46)) - raft.server.log.segment.size.max = 32MB (=33554432) (default)
2024-09-07 03:04:38,396 INFO  server.RaftServerConfigKeys (ConfUtils.java:logGet(46)) - raft.server.log.segment.cache.num.max = 6 (default)
2024-09-07 03:04:38,396 INFO  server.RaftServerConfigKeys (ConfUtils.java:logGet(46)) - raft.server.log.segment.cache.size.max = 200MB (=209715200) (default)
2024-09-07 03:04:38,396 INFO  server.RaftServerConfigKeys (ConfUtils.java:logGet(46)) - raft.server.log.appender.buffer.byte-limit = 4MB (=4194304) (default)
2024-09-07 03:04:38,396 INFO  util.AwaitToRun (AwaitToRun.java:start(81)) - Thread[s5@group-81EED7A8EFD4-cacheEviction-AwaitToRun,5,main] started
2024-09-07 03:04:38,397 INFO  segmented.SegmentedRaftLogWorker (SegmentedRaftLogWorker.java:<init>(187)) - new s5@group-81EED7A8EFD4-SegmentedRaftLogWorker for RaftStorageImpl:Storage Directory /home/runner/work/ratis/ratis/ratis-examples/target/test/data/72ef903c/MiniRaftClusterWithGrpcffb1a70b/s5/b69ea0dd-c9c6-4c9f-92ec-81eed7a8efd4
2024-09-07 03:04:38,397 INFO  server.RaftServerConfigKeys (ConfUtils.java:logGet(46)) - raft.server.log.queue.byte-limit = 64MB (=67108864) (default)
2024-09-07 03:04:38,397 INFO  server.RaftServerConfigKeys (ConfUtils.java:logGet(46)) - raft.server.log.queue.element-limit = 4096 (default)
2024-09-07 03:04:38,397 INFO  server.RaftServerConfigKeys (ConfUtils.java:logGet(46)) - raft.server.log.segment.size.max = 32MB (=33554432) (default)
2024-09-07 03:04:38,397 INFO  server.RaftServerConfigKeys (ConfUtils.java:logGet(46)) - raft.server.log.preallocated.size = 4MB (=4194304) (default)
2024-09-07 03:04:38,397 INFO  server.RaftServerConfigKeys (ConfUtils.java:logGet(46)) - raft.server.log.force.sync.num = 128 (default)
2024-09-07 03:04:38,397 INFO  server.RaftServerConfigKeys (ConfUtils.java:logGet(46)) - raft.server.log.statemachine.data.sync = true (default)
2024-09-07 03:04:38,397 INFO  server.RaftServerConfigKeys (ConfUtils.java:logGet(46)) - raft.server.log.statemachine.data.sync.timeout = 10s (default)
2024-09-07 03:04:38,397 INFO  server.RaftServerConfigKeys (ConfUtils.java:logGet(46)) - raft.server.log.statemachine.data.sync.timeout.retry = -1 (default)
2024-09-07 03:04:38,397 INFO  server.RaftServerConfigKeys (ConfUtils.java:logGet(46)) - raft.server.log.write.buffer.size = 8MB (=8388608) (default)
2024-09-07 03:04:38,399 INFO  server.RaftServerConfigKeys (ConfUtils.java:logGet(46)) - raft.server.log.appender.buffer.byte-limit = 4MB (=4194304) (default)
2024-09-07 03:04:38,399 INFO  server.RaftServerConfigKeys (ConfUtils.java:logGet(46)) - raft.server.log.unsafe-flush.enabled = false (default)
2024-09-07 03:04:38,399 INFO  server.RaftServerConfigKeys (ConfUtils.java:logGet(46)) - raft.server.log.async-flush.enabled = false (default)
2024-09-07 03:04:38,399 INFO  server.RaftServerConfigKeys (ConfUtils.java:logGet(46)) - raft.server.log.statemachine.data.caching.enabled = false (default)
2024-09-07 03:04:38,400 INFO  segmented.SegmentedRaftLogWorker (SegmentedRaftLogWorker.java:lambda$new$0(138)) - s5@group-81EED7A8EFD4-SegmentedRaftLogWorker: flushIndex: setUnconditionally 0 -> -1
2024-09-07 03:04:38,400 INFO  segmented.SegmentedRaftLogWorker (SegmentedRaftLogWorker.java:lambda$new$0(138)) - s5@group-81EED7A8EFD4-SegmentedRaftLogWorker: safeCacheEvictIndex: setUnconditionally 0 -> -1
2024-09-07 03:04:38,400 INFO  server.RaftServer$Division (RaftServerImpl.java:start(391)) - s5@group-81EED7A8EFD4: start as a follower, conf=conf: {index: -1, cur=peers:[s3|localhost:15012, s4|localhost:15016, s5|localhost:15020]|listeners:[], old=null}
2024-09-07 03:04:38,400 INFO  server.RaftServer$Division (RaftServerImpl.java:setRole(378)) - s5@group-81EED7A8EFD4: changes role from      null to FOLLOWER at term 0 for startAsFollower
2024-09-07 03:04:38,400 INFO  impl.RoleInfo (RoleInfo.java:updateAndGet(148)) - s5: start s5@group-81EED7A8EFD4-FollowerState
2024-09-07 03:04:38,401 INFO  server.RaftServerConfigKeys (ConfUtils.java:logFallback(53)) - raft.server.rpc.first-election.timeout.min = 300ms (fallback to raft.server.rpc.timeout.min)
2024-09-07 03:04:38,401 INFO  util.JmxRegister (JmxRegister.java:tryRegister(44)) - Successfully registered JMX Bean with object name Ratis:service=RaftServer,group=group-81EED7A8EFD4,id=s5
2024-09-07 03:04:38,401 INFO  util.JmxRegister (JmxRegister.java:register(58)) - register mxBean class org.apache.ratis.server.impl.RaftServerJmxAdapter as Ratis:service=RaftServer,group=group-81EED7A8EFD4,id=s5
2024-09-07 03:04:38,401 INFO  server.RaftServerConfigKeys (ConfUtils.java:logGet(46)) - raft.server.snapshot.trigger-when-stop.enabled = true (default)
2024-09-07 03:04:38,401 INFO  server.RaftServerConfigKeys (ConfUtils.java:logGet(46)) - raft.server.snapshot.trigger-when-remove.enabled = true (default)
2024-09-07 03:04:38,401 INFO  server.RaftServerConfigKeys (ConfUtils.java:logGet(46)) - raft.server.snapshot.auto.trigger.enabled = false (default)
2024-09-07 03:04:38,401 INFO  server.RaftServerConfigKeys (ConfUtils.java:logGet(46)) - raft.server.snapshot.retention.file.num = -1 (default)
2024-09-07 03:04:38,401 INFO  server.RaftServerConfigKeys (ConfUtils.java:logGet(46)) - raft.server.log.purge.upto.snapshot.index = false (default)
2024-09-07 03:04:38,401 INFO  server.RaftServerConfigKeys (ConfUtils.java:logFallback(53)) - raft.server.rpc.first-election.timeout.max = 600ms (fallback to raft.server.rpc.timeout.max)
2024-09-07 03:04:38,406 INFO  server.RaftServer (RaftServerProxy.java:startImpl(408)) - s5: start RPC server
2024-09-07 03:04:38,407 INFO  server.GrpcService (GrpcService.java:startImpl(340)) - s5: GrpcService started, listening on 15022
2024-09-07 03:04:38,409 INFO  server.GrpcService (GrpcService.java:startImpl(340)) - s5: GrpcService started, listening on 15020
2024-09-07 03:04:38,411 INFO  server.GrpcService (GrpcService.java:startImpl(340)) - s5: GrpcService started, listening on 15021
2024-09-07 03:04:38,411 INFO  util.JvmPauseMonitor (JvmPauseMonitor.java:run(146)) - JvmPauseMonitor-s5: Started
2024-09-07 03:04:38,411 INFO  server.RaftServerConfigKeys (ConfUtils.java:logGet(46)) - raft.server.rpc.timeout.max = 600ms (custom)
2024-09-07 03:04:38,412 INFO  ratis.RaftTestUtil (RaftTestUtil.java:waitForLeader(107)) - printing ALL groups
  s3:  RUNNING  FOLLOWER s3@group-81EED7A8EFD4:t0, leader=null, voted=, raftlog=Memoized:s3@group-81EED7A8EFD4-SegmentedRaftLog:OPENED:c-1:lastnull, conf=conf: {index: -1, cur=peers:[s3|localhost:15012, s4|localhost:15016, s5|localhost:15020]|listeners:[], old=null} RUNNING
  s4:  RUNNING  FOLLOWER s4@group-81EED7A8EFD4:t0, leader=null, voted=, raftlog=Memoized:s4@group-81EED7A8EFD4-SegmentedRaftLog:OPENED:c-1:lastnull, conf=conf: {index: -1, cur=peers:[s3|localhost:15012, s4|localhost:15016, s5|localhost:15020]|listeners:[], old=null} RUNNING
  s5:  RUNNING  FOLLOWER s5@group-81EED7A8EFD4:t0, leader=null, voted=, raftlog=Memoized:s5@group-81EED7A8EFD4-SegmentedRaftLog:OPENED:c-1:lastnull, conf=conf: {index: -1, cur=peers:[s3|localhost:15012, s4|localhost:15016, s5|localhost:15020]|listeners:[], old=null} RUNNING
2024-09-07 03:04:38,412 WARN  ratis.RaftTestUtil (RaftTestUtil.java:lambda$waitForLeader$3(126)) - Attempt #1 failed: java.lang.IllegalStateException: No leader yet : printing ALL groups
  s3:  RUNNING  FOLLOWER s3@group-81EED7A8EFD4:t0, leader=null, voted=, raftlog=Memoized:s3@group-81EED7A8EFD4-SegmentedRaftLog:OPENED:c-1:lastnull, conf=conf: {index: -1, cur=peers:[s3|localhost:15012, s4|localhost:15016, s5|localhost:15020]|listeners:[], old=null} RUNNING
  s4:  RUNNING  FOLLOWER s4@group-81EED7A8EFD4:t0, leader=null, voted=, raftlog=Memoized:s4@group-81EED7A8EFD4-SegmentedRaftLog:OPENED:c-1:lastnull, conf=conf: {index: -1, cur=peers:[s3|localhost:15012, s4|localhost:15016, s5|localhost:15020]|listeners:[], old=null} RUNNING
  s5:  RUNNING  FOLLOWER s5@group-81EED7A8EFD4:t0, leader=null, voted=, raftlog=Memoized:s5@group-81EED7A8EFD4-SegmentedRaftLog:OPENED:c-1:lastnull, conf=conf: {index: -1, cur=peers:[s3|localhost:15012, s4|localhost:15016, s5|localhost:15020]|listeners:[], old=null} RUNNING
2024-09-07 03:04:38,689 INFO  impl.FollowerState (FollowerState.java:run(144)) - s3@group-81EED7A8EFD4-FollowerState: change to CANDIDATE, lastRpcElapsedTime:378229664ns, electionTimeout:376ms
2024-09-07 03:04:38,689 INFO  impl.RoleInfo (RoleInfo.java:shutdownFollowerState(119)) - s3: shutdown s3@group-81EED7A8EFD4-FollowerState
2024-09-07 03:04:38,690 INFO  server.RaftServer$Division (RaftServerImpl.java:setRole(378)) - s3@group-81EED7A8EFD4: changes role from  FOLLOWER to CANDIDATE at term 0 for changeToCandidate
2024-09-07 03:04:38,690 INFO  server.RaftServerConfigKeys (ConfUtils.java:logGet(46)) - raft.server.leaderelection.pre-vote = true (default)
2024-09-07 03:04:38,690 INFO  impl.RoleInfo (RoleInfo.java:updateAndGet(148)) - s3: start s3@group-81EED7A8EFD4-LeaderElection5
2024-09-07 03:04:38,690 INFO  impl.LeaderElection (LeaderElection.java:askForVotes(325)) - s3@group-81EED7A8EFD4-LeaderElection5 PRE_VOTE round 0: submit vote requests at term 0 for conf: {index: -1, cur=peers:[s3|localhost:15012, s4|localhost:15016, s5|localhost:15020]|listeners:[], old=null}
2024-09-07 03:04:38,714 INFO  server.RaftServerConfigKeys (ConfUtils.java:logFallback(53)) - raft.server.rpc.first-election.timeout.min = 300ms (fallback to raft.server.rpc.timeout.min)
2024-09-07 03:04:38,715 INFO  server.RaftServerConfigKeys (ConfUtils.java:logFallback(53)) - raft.server.rpc.first-election.timeout.max = 600ms (fallback to raft.server.rpc.timeout.max)
2024-09-07 03:04:38,716 INFO  server.GrpcServerProtocolClient (GrpcServerProtocolClient.java:<init>(65)) - Build channel for s4|localhost:15016
2024-09-07 03:04:38,716 INFO  server.GrpcServerProtocolClient (GrpcServerProtocolClient.java:<init>(65)) - Build channel for s5|localhost:15020
2024-09-07 03:04:38,760 INFO  impl.FollowerState (FollowerState.java:run(144)) - s5@group-81EED7A8EFD4-FollowerState: change to CANDIDATE, lastRpcElapsedTime:359896528ns, electionTimeout:358ms
2024-09-07 03:04:38,760 INFO  impl.RoleInfo (RoleInfo.java:shutdownFollowerState(119)) - s5: shutdown s5@group-81EED7A8EFD4-FollowerState
2024-09-07 03:04:38,760 INFO  server.RaftServer$Division (RaftServerImpl.java:setRole(378)) - s5@group-81EED7A8EFD4: changes role from  FOLLOWER to CANDIDATE at term 0 for changeToCandidate
2024-09-07 03:04:38,762 INFO  server.RaftServerConfigKeys (ConfUtils.java:logGet(46)) - raft.server.leaderelection.pre-vote = true (default)
2024-09-07 03:04:38,762 INFO  impl.RoleInfo (RoleInfo.java:updateAndGet(148)) - s5: start s5@group-81EED7A8EFD4-LeaderElection6
2024-09-07 03:04:38,766 INFO  impl.LeaderElection (LeaderElection.java:askForVotes(325)) - s5@group-81EED7A8EFD4-LeaderElection6 PRE_VOTE round 0: submit vote requests at term 0 for conf: {index: -1, cur=peers:[s3|localhost:15012, s4|localhost:15016, s5|localhost:15020]|listeners:[], old=null}
2024-09-07 03:04:38,770 INFO  server.RaftServerConfigKeys (ConfUtils.java:logFallback(53)) - raft.server.rpc.first-election.timeout.min = 300ms (fallback to raft.server.rpc.timeout.min)
2024-09-07 03:04:38,771 INFO  server.RaftServerConfigKeys (ConfUtils.java:logFallback(53)) - raft.server.rpc.first-election.timeout.max = 600ms (fallback to raft.server.rpc.timeout.max)
2024-09-07 03:04:38,771 INFO  server.GrpcServerProtocolClient (GrpcServerProtocolClient.java:<init>(65)) - Build channel for s4|localhost:15016
2024-09-07 03:04:38,776 INFO  server.GrpcServerProtocolClient (GrpcServerProtocolClient.java:<init>(65)) - Build channel for s3|localhost:15012
2024-09-07 03:04:38,926 INFO  impl.FollowerState (FollowerState.java:run(144)) - s4@group-81EED7A8EFD4-FollowerState: change to CANDIDATE, lastRpcElapsedTime:545651128ns, electionTimeout:545ms
2024-09-07 03:04:38,926 INFO  impl.RoleInfo (RoleInfo.java:shutdownFollowerState(119)) - s4: shutdown s4@group-81EED7A8EFD4-FollowerState
2024-09-07 03:04:38,926 INFO  server.RaftServer$Division (RaftServerImpl.java:setRole(378)) - s4@group-81EED7A8EFD4: changes role from  FOLLOWER to CANDIDATE at term 0 for changeToCandidate
2024-09-07 03:04:38,927 INFO  server.RaftServerConfigKeys (ConfUtils.java:logGet(46)) - raft.server.leaderelection.pre-vote = true (default)
2024-09-07 03:04:38,927 INFO  impl.RoleInfo (RoleInfo.java:updateAndGet(148)) - s4: start s4@group-81EED7A8EFD4-LeaderElection7
2024-09-07 03:04:38,932 INFO  impl.LeaderElection (LeaderElection.java:askForVotes(325)) - s4@group-81EED7A8EFD4-LeaderElection7 PRE_VOTE round 0: submit vote requests at term 0 for conf: {index: -1, cur=peers:[s3|localhost:15012, s4|localhost:15016, s5|localhost:15020]|listeners:[], old=null}
2024-09-07 03:04:38,933 INFO  server.GrpcServerProtocolClient (GrpcServerProtocolClient.java:<init>(65)) - Build channel for s3|localhost:15012
2024-09-07 03:04:38,935 INFO  server.RaftServerConfigKeys (ConfUtils.java:logFallback(53)) - raft.server.rpc.first-election.timeout.min = 300ms (fallback to raft.server.rpc.timeout.min)
2024-09-07 03:04:38,935 INFO  server.RaftServerConfigKeys (ConfUtils.java:logFallback(53)) - raft.server.rpc.first-election.timeout.max = 600ms (fallback to raft.server.rpc.timeout.max)
2024-09-07 03:04:38,935 INFO  server.GrpcServerProtocolClient (GrpcServerProtocolClient.java:<init>(65)) - Build channel for s5|localhost:15020
2024-09-07 03:04:39,072 INFO  impl.LeaderElection (LeaderElection.java:logAndReturn(89)) - s3@group-81EED7A8EFD4-LeaderElection5: PRE_VOTE TIMEOUT received 0 response(s) and 0 exception(s):
2024-09-07 03:04:39,073 INFO  impl.LeaderElection (LeaderElection.java:askForVotes(327)) - s3@group-81EED7A8EFD4-LeaderElection5 PRE_VOTE round 0: result TIMEOUT
2024-09-07 03:04:39,073 INFO  impl.LeaderElection (LeaderElection.java:askForVotes(325)) - s3@group-81EED7A8EFD4-LeaderElection5 PRE_VOTE round 1: submit vote requests at term 0 for conf: {index: -1, cur=peers:[s3|localhost:15012, s4|localhost:15016, s5|localhost:15020]|listeners:[], old=null}
2024-09-07 03:04:39,075 INFO  server.RaftServerConfigKeys (ConfUtils.java:logFallback(53)) - raft.server.rpc.first-election.timeout.min = 300ms (fallback to raft.server.rpc.timeout.min)
2024-09-07 03:04:39,075 INFO  server.RaftServerConfigKeys (ConfUtils.java:logFallback(53)) - raft.server.rpc.first-election.timeout.max = 600ms (fallback to raft.server.rpc.timeout.max)
2024-09-07 03:04:39,154 INFO  server.RaftServer$Division (RaftServerImpl.java:requestVote(1437)) - s4@group-81EED7A8EFD4: receive requestVote(PRE_VOTE, s5, group-81EED7A8EFD4, 0, (t:0, i:0))
2024-09-07 03:04:39,155 INFO  server.RaftServer$Division (RaftServerImpl.java:requestVote(1437)) - s5@group-81EED7A8EFD4: receive requestVote(PRE_VOTE, s4, group-81EED7A8EFD4, 0, (t:0, i:0))
2024-09-07 03:04:39,155 INFO  impl.VoteContext (VoteContext.java:log(49)) - s4@group-81EED7A8EFD4-CANDIDATE: accept PRE_VOTE from s5: our priority 0 <= candidate's priority 0
2024-09-07 03:04:39,155 INFO  server.RaftServer$Division (RaftServerImpl.java:requestVote(1470)) - s4@group-81EED7A8EFD4 replies to PRE_VOTE vote request: s5<-s4#0:OK-t0. Peer's state: s4@group-81EED7A8EFD4:t0, leader=null, voted=, raftlog=Memoized:s4@group-81EED7A8EFD4-SegmentedRaftLog:OPENED:c-1:lastnull, conf=conf: {index: -1, cur=peers:[s3|localhost:15012, s4|localhost:15016, s5|localhost:15020]|listeners:[], old=null}
2024-09-07 03:04:39,155 INFO  impl.VoteContext (VoteContext.java:log(49)) - s5@group-81EED7A8EFD4-CANDIDATE: accept PRE_VOTE from s4: our priority 0 <= candidate's priority 0
2024-09-07 03:04:39,155 INFO  server.RaftServer$Division (RaftServerImpl.java:requestVote(1470)) - s5@group-81EED7A8EFD4 replies to PRE_VOTE vote request: s4<-s5#0:OK-t0. Peer's state: s5@group-81EED7A8EFD4:t0, leader=null, voted=, raftlog=Memoized:s5@group-81EED7A8EFD4-SegmentedRaftLog:OPENED:c-1:lastnull, conf=conf: {index: -1, cur=peers:[s3|localhost:15012, s4|localhost:15016, s5|localhost:15020]|listeners:[], old=null}
2024-09-07 03:04:39,155 INFO  server.RaftServer$Division (RaftServerImpl.java:requestVote(1437)) - s4@group-81EED7A8EFD4: receive requestVote(PRE_VOTE, s3, group-81EED7A8EFD4, 0, (t:0, i:0))
2024-09-07 03:04:39,155 INFO  impl.VoteContext (VoteContext.java:log(49)) - s4@group-81EED7A8EFD4-CANDIDATE: accept PRE_VOTE from s3: our priority 0 <= candidate's priority 0
2024-09-07 03:04:39,155 INFO  server.RaftServer$Division (RaftServerImpl.java:requestVote(1470)) - s4@group-81EED7A8EFD4 replies to PRE_VOTE vote request: s3<-s4#0:OK-t0. Peer's state: s4@group-81EED7A8EFD4:t0, leader=null, voted=, raftlog=Memoized:s4@group-81EED7A8EFD4-SegmentedRaftLog:OPENED:c-1:lastnull, conf=conf: {index: -1, cur=peers:[s3|localhost:15012, s4|localhost:15016, s5|localhost:15020]|listeners:[], old=null}
2024-09-07 03:04:39,156 INFO  server.RaftServer$Division (RaftServerImpl.java:requestVote(1437)) - s5@group-81EED7A8EFD4: receive requestVote(PRE_VOTE, s3, group-81EED7A8EFD4, 0, (t:0, i:0))
2024-09-07 03:04:39,157 INFO  impl.VoteContext (VoteContext.java:log(49)) - s5@group-81EED7A8EFD4-CANDIDATE: accept PRE_VOTE from s3: our priority 0 <= candidate's priority 0
2024-09-07 03:04:39,157 INFO  server.RaftServer$Division (RaftServerImpl.java:requestVote(1470)) - s5@group-81EED7A8EFD4 replies to PRE_VOTE vote request: s3<-s5#0:OK-t0. Peer's state: s5@group-81EED7A8EFD4:t0, leader=null, voted=, raftlog=Memoized:s5@group-81EED7A8EFD4-SegmentedRaftLog:OPENED:c-1:lastnull, conf=conf: {index: -1, cur=peers:[s3|localhost:15012, s4|localhost:15016, s5|localhost:15020]|listeners:[], old=null}
2024-09-07 03:04:39,158 INFO  server.RaftServer$Division (RaftServerImpl.java:requestVote(1437)) - s3@group-81EED7A8EFD4: receive requestVote(PRE_VOTE, s5, group-81EED7A8EFD4, 0, (t:0, i:0))
2024-09-07 03:04:39,159 INFO  impl.VoteContext (VoteContext.java:log(49)) - s3@group-81EED7A8EFD4-CANDIDATE: accept PRE_VOTE from s5: our priority 0 <= candidate's priority 0
2024-09-07 03:04:39,159 INFO  server.RaftServer$Division (RaftServerImpl.java:requestVote(1470)) - s3@group-81EED7A8EFD4 replies to PRE_VOTE vote request: s5<-s3#0:OK-t0. Peer's state: s3@group-81EED7A8EFD4:t0, leader=null, voted=, raftlog=Memoized:s3@group-81EED7A8EFD4-SegmentedRaftLog:OPENED:c-1:lastnull, conf=conf: {index: -1, cur=peers:[s3|localhost:15012, s4|localhost:15016, s5|localhost:15020]|listeners:[], old=null}
2024-09-07 03:04:39,159 INFO  server.RaftServer$Division (RaftServerImpl.java:requestVote(1437)) - s3@group-81EED7A8EFD4: receive requestVote(PRE_VOTE, s4, group-81EED7A8EFD4, 0, (t:0, i:0))
2024-09-07 03:04:39,160 INFO  impl.VoteContext (VoteContext.java:log(49)) - s3@group-81EED7A8EFD4-CANDIDATE: accept PRE_VOTE from s4: our priority 0 <= candidate's priority 0
2024-09-07 03:04:39,160 INFO  server.RaftServer$Division (RaftServerImpl.java:requestVote(1470)) - s3@group-81EED7A8EFD4 replies to PRE_VOTE vote request: s4<-s3#0:OK-t0. Peer's state: s3@group-81EED7A8EFD4:t0, leader=null, voted=, raftlog=Memoized:s3@group-81EED7A8EFD4-SegmentedRaftLog:OPENED:c-1:lastnull, conf=conf: {index: -1, cur=peers:[s3|localhost:15012, s4|localhost:15016, s5|localhost:15020]|listeners:[], old=null}
2024-09-07 03:04:39,166 INFO  impl.LeaderElection (LeaderElection.java:logAndReturn(89)) - s5@group-81EED7A8EFD4-LeaderElection6: PRE_VOTE PASSED received 1 response(s) and 0 exception(s):
2024-09-07 03:04:39,166 INFO  impl.LeaderElection (LeaderElection.java:logAndReturn(89)) - s3@group-81EED7A8EFD4-LeaderElection5: PRE_VOTE PASSED received 1 response(s) and 0 exception(s):
2024-09-07 03:04:39,166 INFO  impl.LeaderElection (LeaderElection.java:logAndReturn(93)) -   Response 0: s3<-s5#0:OK-t0
2024-09-07 03:04:39,166 INFO  impl.LeaderElection (LeaderElection.java:askForVotes(327)) - s3@group-81EED7A8EFD4-LeaderElection5 PRE_VOTE round 1: result PASSED
2024-09-07 03:04:39,166 INFO  impl.LeaderElection (LeaderElection.java:logAndReturn(93)) -   Response 0: s5<-s3#0:OK-t0
2024-09-07 03:04:39,167 INFO  impl.LeaderElection (LeaderElection.java:logAndReturn(89)) - s4@group-81EED7A8EFD4-LeaderElection7: PRE_VOTE PASSED received 1 response(s) and 0 exception(s):
2024-09-07 03:04:39,167 INFO  impl.LeaderElection (LeaderElection.java:askForVotes(327)) - s5@group-81EED7A8EFD4-LeaderElection6 PRE_VOTE round 0: result PASSED
2024-09-07 03:04:39,167 TRACE util.FileUtils (LogUtils.java:supplyAndLog(69)) - Successfully supplied FileChannel.open /home/runner/work/ratis/ratis/ratis-examples/target/test/data/72ef903c/MiniRaftClusterWithGrpcffb1a70b/s5/b69ea0dd-c9c6-4c9f-92ec-81eed7a8efd4/current/raft-meta.tmp with options [CREATE, WRITE]: sun.nio.ch.FileChannelImpl@777c4f4a
2024-09-07 03:04:39,167 INFO  impl.LeaderElection (LeaderElection.java:logAndReturn(93)) -   Response 0: s4<-s5#0:OK-t0
2024-09-07 03:04:39,168 INFO  impl.LeaderElection (LeaderElection.java:askForVotes(327)) - s4@group-81EED7A8EFD4-LeaderElection7 PRE_VOTE round 0: result PASSED
2024-09-07 03:04:39,168 TRACE util.FileUtils (LogUtils.java:supplyAndLog(69)) - Successfully supplied FileChannel.open /home/runner/work/ratis/ratis/ratis-examples/target/test/data/72ef903c/MiniRaftClusterWithGrpcffb1a70b/s4/b69ea0dd-c9c6-4c9f-92ec-81eed7a8efd4/current/raft-meta.tmp with options [CREATE, WRITE]: sun.nio.ch.FileChannelImpl@21e4f229
2024-09-07 03:04:39,169 TRACE util.FileUtils (LogUtils.java:supplyAndLog(69)) - Successfully supplied FileChannel.open /home/runner/work/ratis/ratis/ratis-examples/target/test/data/72ef903c/MiniRaftClusterWithGrpcffb1a70b/s3/b69ea0dd-c9c6-4c9f-92ec-81eed7a8efd4/current/raft-meta.tmp with options [CREATE, WRITE]: sun.nio.ch.FileChannelImpl@4fb419a8
2024-09-07 03:04:39,170 TRACE util.FileUtils (LogUtils.java:runAndLog(49)) - Successfully ran Atomic Files.move /home/runner/work/ratis/ratis/ratis-examples/target/test/data/72ef903c/MiniRaftClusterWithGrpcffb1a70b/s5/b69ea0dd-c9c6-4c9f-92ec-81eed7a8efd4/current/raft-meta.tmp to /home/runner/work/ratis/ratis/ratis-examples/target/test/data/72ef903c/MiniRaftClusterWithGrpcffb1a70b/s5/b69ea0dd-c9c6-4c9f-92ec-81eed7a8efd4/current/raft-meta with options [REPLACE_EXISTING]
2024-09-07 03:04:39,170 INFO  impl.LeaderElection (LeaderElection.java:askForVotes(325)) - s5@group-81EED7A8EFD4-LeaderElection6 ELECTION round 0: submit vote requests at term 1 for conf: {index: -1, cur=peers:[s3|localhost:15012, s4|localhost:15016, s5|localhost:15020]|listeners:[], old=null}
2024-09-07 03:04:39,170 TRACE util.FileUtils (LogUtils.java:runAndLog(49)) - Successfully ran Atomic Files.move /home/runner/work/ratis/ratis/ratis-examples/target/test/data/72ef903c/MiniRaftClusterWithGrpcffb1a70b/s3/b69ea0dd-c9c6-4c9f-92ec-81eed7a8efd4/current/raft-meta.tmp to /home/runner/work/ratis/ratis/ratis-examples/target/test/data/72ef903c/MiniRaftClusterWithGrpcffb1a70b/s3/b69ea0dd-c9c6-4c9f-92ec-81eed7a8efd4/current/raft-meta with options [REPLACE_EXISTING]
2024-09-07 03:04:39,170 INFO  impl.LeaderElection (LeaderElection.java:askForVotes(325)) - s3@group-81EED7A8EFD4-LeaderElection5 ELECTION round 1: submit vote requests at term 1 for conf: {index: -1, cur=peers:[s3|localhost:15012, s4|localhost:15016, s5|localhost:15020]|listeners:[], old=null}
2024-09-07 03:04:39,170 TRACE util.FileUtils (LogUtils.java:runAndLog(49)) - Successfully ran Atomic Files.move /home/runner/work/ratis/ratis/ratis-examples/target/test/data/72ef903c/MiniRaftClusterWithGrpcffb1a70b/s4/b69ea0dd-c9c6-4c9f-92ec-81eed7a8efd4/current/raft-meta.tmp to /home/runner/work/ratis/ratis/ratis-examples/target/test/data/72ef903c/MiniRaftClusterWithGrpcffb1a70b/s4/b69ea0dd-c9c6-4c9f-92ec-81eed7a8efd4/current/raft-meta with options [REPLACE_EXISTING]
2024-09-07 03:04:39,170 INFO  impl.LeaderElection (LeaderElection.java:askForVotes(325)) - s4@group-81EED7A8EFD4-LeaderElection7 ELECTION round 0: submit vote requests at term 1 for conf: {index: -1, cur=peers:[s3|localhost:15012, s4|localhost:15016, s5|localhost:15020]|listeners:[], old=null}
2024-09-07 03:04:39,176 INFO  server.RaftServerConfigKeys (ConfUtils.java:logFallback(53)) - raft.server.rpc.first-election.timeout.min = 300ms (fallback to raft.server.rpc.timeout.min)
2024-09-07 03:04:39,176 INFO  server.RaftServerConfigKeys (ConfUtils.java:logFallback(53)) - raft.server.rpc.first-election.timeout.max = 600ms (fallback to raft.server.rpc.timeout.max)
2024-09-07 03:04:39,177 INFO  server.RaftServerConfigKeys (ConfUtils.java:logFallback(53)) - raft.server.rpc.first-election.timeout.min = 300ms (fallback to raft.server.rpc.timeout.min)
2024-09-07 03:04:39,177 INFO  server.RaftServerConfigKeys (ConfUtils.java:logFallback(53)) - raft.server.rpc.first-election.timeout.max = 600ms (fallback to raft.server.rpc.timeout.max)
2024-09-07 03:04:39,182 INFO  server.RaftServerConfigKeys (ConfUtils.java:logFallback(53)) - raft.server.rpc.first-election.timeout.min = 300ms (fallback to raft.server.rpc.timeout.min)
2024-09-07 03:04:39,182 INFO  server.RaftServerConfigKeys (ConfUtils.java:logFallback(53)) - raft.server.rpc.first-election.timeout.max = 600ms (fallback to raft.server.rpc.timeout.max)
2024-09-07 03:04:39,186 INFO  server.RaftServer$Division (RaftServerImpl.java:requestVote(1437)) - s3@group-81EED7A8EFD4: receive requestVote(ELECTION, s5, group-81EED7A8EFD4, 1, (t:0, i:0))
2024-09-07 03:04:39,187 INFO  impl.VoteContext (VoteContext.java:log(49)) - s3@group-81EED7A8EFD4-CANDIDATE: reject ELECTION from s5: already has voted for s3 at current term 1
2024-09-07 03:04:39,187 INFO  server.RaftServer$Division (RaftServerImpl.java:requestVote(1470)) - s3@group-81EED7A8EFD4 replies to ELECTION vote request: s5<-s3#0:FAIL-t1. Peer's state: s3@group-81EED7A8EFD4:t1, leader=null, voted=s3, raftlog=Memoized:s3@group-81EED7A8EFD4-SegmentedRaftLog:OPENED:c-1:lastnull, conf=conf: {index: -1, cur=peers:[s3|localhost:15012, s4|localhost:15016, s5|localhost:15020]|listeners:[], old=null}
2024-09-07 03:04:39,193 INFO  server.RaftServer$Division (RaftServerImpl.java:requestVote(1437)) - s4@group-81EED7A8EFD4: receive requestVote(ELECTION, s3, group-81EED7A8EFD4, 1, (t:0, i:0))
2024-09-07 03:04:39,193 INFO  impl.VoteContext (VoteContext.java:log(49)) - s4@group-81EED7A8EFD4-CANDIDATE: reject ELECTION from s3: already has voted for s4 at current term 1
2024-09-07 03:04:39,193 INFO  server.RaftServer$Division (RaftServerImpl.java:requestVote(1470)) - s4@group-81EED7A8EFD4 replies to ELECTION vote request: s3<-s4#0:FAIL-t1. Peer's state: s4@group-81EED7A8EFD4:t1, leader=null, voted=s4, raftlog=Memoized:s4@group-81EED7A8EFD4-SegmentedRaftLog:OPENED:c-1:lastnull, conf=conf: {index: -1, cur=peers:[s3|localhost:15012, s4|localhost:15016, s5|localhost:15020]|listeners:[], old=null}
2024-09-07 03:04:39,193 INFO  server.RaftServer$Division (RaftServerImpl.java:requestVote(1437)) - s4@group-81EED7A8EFD4: receive requestVote(ELECTION, s5, group-81EED7A8EFD4, 1, (t:0, i:0))
2024-09-07 03:04:39,193 INFO  impl.VoteContext (VoteContext.java:log(49)) - s4@group-81EED7A8EFD4-CANDIDATE: reject ELECTION from s5: already has voted for s4 at current term 1
2024-09-07 03:04:39,194 INFO  server.RaftServer$Division (RaftServerImpl.java:requestVote(1470)) - s4@group-81EED7A8EFD4 replies to ELECTION vote request: s5<-s4#0:FAIL-t1. Peer's state: s4@group-81EED7A8EFD4:t1, leader=null, voted=s4, raftlog=Memoized:s4@group-81EED7A8EFD4-SegmentedRaftLog:OPENED:c-1:lastnull, conf=conf: {index: -1, cur=peers:[s3|localhost:15012, s4|localhost:15016, s5|localhost:15020]|listeners:[], old=null}
2024-09-07 03:04:39,195 INFO  server.RaftServer$Division (RaftServerImpl.java:requestVote(1437)) - s3@group-81EED7A8EFD4: receive requestVote(ELECTION, s4, group-81EED7A8EFD4, 1, (t:0, i:0))
2024-09-07 03:04:39,195 INFO  impl.VoteContext (VoteContext.java:log(49)) - s3@group-81EED7A8EFD4-CANDIDATE: reject ELECTION from s4: already has voted for s3 at current term 1
2024-09-07 03:04:39,195 INFO  server.RaftServer$Division (RaftServerImpl.java:requestVote(1470)) - s3@group-81EED7A8EFD4 replies to ELECTION vote request: s4<-s3#0:FAIL-t1. Peer's state: s3@group-81EED7A8EFD4:t1, leader=null, voted=s3, raftlog=Memoized:s3@group-81EED7A8EFD4-SegmentedRaftLog:OPENED:c-1:lastnull, conf=conf: {index: -1, cur=peers:[s3|localhost:15012, s4|localhost:15016, s5|localhost:15020]|listeners:[], old=null}
2024-09-07 03:04:39,199 INFO  impl.LeaderElection (LeaderElection.java:logAndReturn(89)) - s5@group-81EED7A8EFD4-LeaderElection6: ELECTION REJECTED received 2 response(s) and 0 exception(s):
2024-09-07 03:04:39,199 INFO  impl.LeaderElection (LeaderElection.java:logAndReturn(93)) -   Response 0: s5<-s3#0:FAIL-t1
2024-09-07 03:04:39,199 INFO  impl.LeaderElection (LeaderElection.java:logAndReturn(93)) -   Response 1: s5<-s4#0:FAIL-t1
2024-09-07 03:04:39,199 INFO  impl.LeaderElection (LeaderElection.java:askForVotes(327)) - s5@group-81EED7A8EFD4-LeaderElection6 ELECTION round 0: result REJECTED
2024-09-07 03:04:39,199 INFO  server.RaftServer$Division (RaftServerImpl.java:setRole(378)) - s5@group-81EED7A8EFD4: changes role from CANDIDATE to FOLLOWER at term 1 for REJECTED
2024-09-07 03:04:39,199 INFO  impl.RoleInfo (RoleInfo.java:shutdownLeaderElection(139)) - s5: shutdown s5@group-81EED7A8EFD4-LeaderElection6
2024-09-07 03:04:39,199 INFO  impl.RoleInfo (RoleInfo.java:updateAndGet(148)) - s5: start s5@group-81EED7A8EFD4-FollowerState
2024-09-07 03:04:39,199 INFO  server.RaftServer$Division (RaftServerImpl.java:requestVote(1437)) - s5@group-81EED7A8EFD4: receive requestVote(ELECTION, s3, group-81EED7A8EFD4, 1, (t:0, i:0))
2024-09-07 03:04:39,200 INFO  server.RaftServer$Division (RaftServerImpl.java:requestVote(1437)) - s5@group-81EED7A8EFD4: receive requestVote(ELECTION, s4, group-81EED7A8EFD4, 1, (t:0, i:0))
2024-09-07 03:04:39,202 INFO  server.RaftServer$Division (RaftServerImpl.java:setFirstElection(559)) - s5@group-81EED7A8EFD4: set firstElectionSinceStartup to false for REJECTED
2024-09-07 03:04:39,202 INFO  impl.VoteContext (VoteContext.java:log(49)) - s5@group-81EED7A8EFD4-FOLLOWER: reject ELECTION from s4: already has voted for s5 at current term 1
2024-09-07 03:04:39,202 INFO  server.RaftServer$Division (RaftServerImpl.java:requestVote(1470)) - s5@group-81EED7A8EFD4 replies to ELECTION vote request: s4<-s5#0:FAIL-t1. Peer's state: s5@group-81EED7A8EFD4:t1, leader=null, voted=s5, raftlog=Memoized:s5@group-81EED7A8EFD4-SegmentedRaftLog:OPENED:c-1:lastnull, conf=conf: {index: -1, cur=peers:[s3|localhost:15012, s4|localhost:15016, s5|localhost:15020]|listeners:[], old=null}
2024-09-07 03:04:39,202 INFO  impl.VoteContext (VoteContext.java:log(49)) - s5@group-81EED7A8EFD4-FOLLOWER: reject ELECTION from s3: already has voted for s5 at current term 1
2024-09-07 03:04:39,203 INFO  server.RaftServer$Division (RaftServerImpl.java:requestVote(1470)) - s5@group-81EED7A8EFD4 replies to ELECTION vote request: s3<-s5#0:FAIL-t1. Peer's state: s5@group-81EED7A8EFD4:t1, leader=null, voted=s5, raftlog=Memoized:s5@group-81EED7A8EFD4-SegmentedRaftLog:OPENED:c-1:lastnull, conf=conf: {index: -1, cur=peers:[s3|localhost:15012, s4|localhost:15016, s5|localhost:15020]|listeners:[], old=null}
2024-09-07 03:04:39,205 INFO  impl.LeaderElection (LeaderElection.java:logAndReturn(89)) - s4@group-81EED7A8EFD4-LeaderElection7: ELECTION REJECTED received 2 response(s) and 0 exception(s):
2024-09-07 03:04:39,206 INFO  impl.LeaderElection (LeaderElection.java:logAndReturn(93)) -   Response 0: s4<-s3#0:FAIL-t1
2024-09-07 03:04:39,206 INFO  impl.LeaderElection (LeaderElection.java:logAndReturn(93)) -   Response 1: s4<-s5#0:FAIL-t1
2024-09-07 03:04:39,206 INFO  impl.LeaderElection (LeaderElection.java:askForVotes(327)) - s4@group-81EED7A8EFD4-LeaderElection7 ELECTION round 0: result REJECTED
2024-09-07 03:04:39,206 INFO  server.RaftServer$Division (RaftServerImpl.java:setRole(378)) - s4@group-81EED7A8EFD4: changes role from CANDIDATE to FOLLOWER at term 1 for REJECTED
2024-09-07 03:04:39,206 INFO  impl.RoleInfo (RoleInfo.java:shutdownLeaderElection(139)) - s4: shutdown s4@group-81EED7A8EFD4-LeaderElection7
2024-09-07 03:04:39,206 INFO  impl.RoleInfo (RoleInfo.java:updateAndGet(148)) - s4: start s4@group-81EED7A8EFD4-FollowerState
2024-09-07 03:04:39,210 INFO  server.RaftServer$Division (RaftServerImpl.java:setFirstElection(559)) - s4@group-81EED7A8EFD4: set firstElectionSinceStartup to false for REJECTED
2024-09-07 03:04:39,211 INFO  impl.LeaderElection (LeaderElection.java:logAndReturn(89)) - s3@group-81EED7A8EFD4-LeaderElection5: ELECTION REJECTED received 2 response(s) and 0 exception(s):
2024-09-07 03:04:39,211 INFO  impl.LeaderElection (LeaderElection.java:logAndReturn(93)) -   Response 0: s3<-s4#0:FAIL-t1
2024-09-07 03:04:39,211 INFO  impl.LeaderElection (LeaderElection.java:logAndReturn(93)) -   Response 1: s3<-s5#0:FAIL-t1
2024-09-07 03:04:39,211 INFO  impl.LeaderElection (LeaderElection.java:askForVotes(327)) - s3@group-81EED7A8EFD4-LeaderElection5 ELECTION round 1: result REJECTED
2024-09-07 03:04:39,212 INFO  server.RaftServer$Division (RaftServerImpl.java:setRole(378)) - s3@group-81EED7A8EFD4: changes role from CANDIDATE to FOLLOWER at term 1 for REJECTED
2024-09-07 03:04:39,212 INFO  impl.RoleInfo (RoleInfo.java:shutdownLeaderElection(139)) - s3: shutdown s3@group-81EED7A8EFD4-LeaderElection5
2024-09-07 03:04:39,212 INFO  impl.RoleInfo (RoleInfo.java:updateAndGet(148)) - s3: start s3@group-81EED7A8EFD4-FollowerState
2024-09-07 03:04:39,212 INFO  server.RaftServer$Division (RaftServerImpl.java:setFirstElection(559)) - s3@group-81EED7A8EFD4: set firstElectionSinceStartup to false for REJECTED
2024-09-07 03:04:39,313 WARN  ratis.RaftTestUtil (RaftTestUtil.java:lambda$waitForLeader$3(126)) - Attempt #2 failed: java.lang.IllegalStateException: No leader yet : printing ALL groups
  s3:  RUNNING  FOLLOWER s3@group-81EED7A8EFD4:t1, leader=null, voted=s3, raftlog=Memoized:s3@group-81EED7A8EFD4-SegmentedRaftLog:OPENED:c-1:lastnull, conf=conf: {index: -1, cur=peers:[s3|localhost:15012, s4|localhost:15016, s5|localhost:15020]|listeners:[], old=null} RUNNING
  s4:  RUNNING  FOLLOWER s4@group-81EED7A8EFD4:t1, leader=null, voted=s4, raftlog=Memoized:s4@group-81EED7A8EFD4-SegmentedRaftLog:OPENED:c-1:lastnull, conf=conf: {index: -1, cur=peers:[s3|localhost:15012, s4|localhost:15016, s5|localhost:15020]|listeners:[], old=null} RUNNING
  s5:  RUNNING  FOLLOWER s5@group-81EED7A8EFD4:t1, leader=null, voted=s5, raftlog=Memoized:s5@group-81EED7A8EFD4-SegmentedRaftLog:OPENED:c-1:lastnull, conf=conf: {index: -1, cur=peers:[s3|localhost:15012, s4|localhost:15016, s5|localhost:15020]|listeners:[], old=null} RUNNING
2024-09-07 03:04:39,570 INFO  impl.FollowerState (FollowerState.java:run(144)) - s5@group-81EED7A8EFD4-FollowerState: change to CANDIDATE, lastRpcElapsedTime:371001880ns, electionTimeout:368ms
2024-09-07 03:04:39,570 INFO  impl.RoleInfo (RoleInfo.java:shutdownFollowerState(119)) - s5: shutdown s5@group-81EED7A8EFD4-FollowerState
2024-09-07 03:04:39,570 INFO  server.RaftServer$Division (RaftServerImpl.java:setRole(378)) - s5@group-81EED7A8EFD4: changes role from  FOLLOWER to CANDIDATE at term 1 for changeToCandidate
2024-09-07 03:04:39,571 INFO  server.RaftServerConfigKeys (ConfUtils.java:logGet(46)) - raft.server.leaderelection.pre-vote = true (default)
2024-09-07 03:04:39,571 INFO  impl.RoleInfo (RoleInfo.java:updateAndGet(148)) - s5: start s5@group-81EED7A8EFD4-LeaderElection8
2024-09-07 03:04:39,571 INFO  impl.LeaderElection (LeaderElection.java:askForVotes(325)) - s5@group-81EED7A8EFD4-LeaderElection8 PRE_VOTE round 0: submit vote requests at term 1 for conf: {index: -1, cur=peers:[s3|localhost:15012, s4|localhost:15016, s5|localhost:15020]|listeners:[], old=null}
2024-09-07 03:04:39,575 INFO  impl.FollowerState (FollowerState.java:run(144)) - s4@group-81EED7A8EFD4-FollowerState: change to CANDIDATE, lastRpcElapsedTime:369107346ns, electionTimeout:365ms
2024-09-07 03:04:39,576 INFO  impl.RoleInfo (RoleInfo.java:shutdownFollowerState(119)) - s4: shutdown s4@group-81EED7A8EFD4-FollowerState
2024-09-07 03:04:39,576 INFO  server.RaftServer$Division (RaftServerImpl.java:requestVote(1437)) - s4@group-81EED7A8EFD4: receive requestVote(PRE_VOTE, s5, group-81EED7A8EFD4, 1, (t:0, i:0))
2024-09-07 03:04:39,576 INFO  server.RaftServer$Division (RaftServerImpl.java:setRole(378)) - s4@group-81EED7A8EFD4: changes role from  FOLLOWER to CANDIDATE at term 1 for changeToCandidate
2024-09-07 03:04:39,576 INFO  server.RaftServer$Division (RaftServerImpl.java:requestVote(1437)) - s3@group-81EED7A8EFD4: receive requestVote(PRE_VOTE, s5, group-81EED7A8EFD4, 1, (t:0, i:0))
2024-09-07 03:04:39,577 INFO  impl.VoteContext (VoteContext.java:log(49)) - s3@group-81EED7A8EFD4-FOLLOWER: accept PRE_VOTE from s5: our priority 0 <= candidate's priority 0
2024-09-07 03:04:39,577 INFO  server.RaftServer$Division (RaftServerImpl.java:requestVote(1470)) - s3@group-81EED7A8EFD4 replies to PRE_VOTE vote request: s5<-s3#0:OK-t1. Peer's state: s3@group-81EED7A8EFD4:t1, leader=null, voted=s3, raftlog=Memoized:s3@group-81EED7A8EFD4-SegmentedRaftLog:OPENED:c-1:lastnull, conf=conf: {index: -1, cur=peers:[s3|localhost:15012, s4|localhost:15016, s5|localhost:15020]|listeners:[], old=null}
2024-09-07 03:04:39,579 INFO  server.RaftServerConfigKeys (ConfUtils.java:logGet(46)) - raft.server.leaderelection.pre-vote = true (default)
2024-09-07 03:04:39,579 INFO  impl.RoleInfo (RoleInfo.java:updateAndGet(148)) - s4: start s4@group-81EED7A8EFD4-LeaderElection9
2024-09-07 03:04:39,580 INFO  impl.VoteContext (VoteContext.java:log(49)) - s4@group-81EED7A8EFD4-CANDIDATE: accept PRE_VOTE from s5: our priority 0 <= candidate's priority 0
2024-09-07 03:04:39,580 INFO  server.RaftServer$Division (RaftServerImpl.java:requestVote(1470)) - s4@group-81EED7A8EFD4 replies to PRE_VOTE vote request: s5<-s4#0:OK-t1. Peer's state: s4@group-81EED7A8EFD4:t1, leader=null, voted=s4, raftlog=Memoized:s4@group-81EED7A8EFD4-SegmentedRaftLog:OPENED:c-1:lastnull, conf=conf: {index: -1, cur=peers:[s3|localhost:15012, s4|localhost:15016, s5|localhost:15020]|listeners:[], old=null}
2024-09-07 03:04:39,581 INFO  impl.LeaderElection (LeaderElection.java:logAndReturn(89)) - s5@group-81EED7A8EFD4-LeaderElection8: PRE_VOTE PASSED received 1 response(s) and 0 exception(s):
2024-09-07 03:04:39,582 INFO  impl.LeaderElection (LeaderElection.java:logAndReturn(93)) -   Response 0: s5<-s3#0:OK-t1
2024-09-07 03:04:39,582 INFO  impl.LeaderElection (LeaderElection.java:askForVotes(327)) - s5@group-81EED7A8EFD4-LeaderElection8 PRE_VOTE round 0: result PASSED
2024-09-07 03:04:39,582 INFO  impl.LeaderElection (LeaderElection.java:askForVotes(325)) - s4@group-81EED7A8EFD4-LeaderElection9 PRE_VOTE round 0: submit vote requests at term 1 for conf: {index: -1, cur=peers:[s3|localhost:15012, s4|localhost:15016, s5|localhost:15020]|listeners:[], old=null}
2024-09-07 03:04:39,582 TRACE util.FileUtils (LogUtils.java:supplyAndLog(69)) - Successfully supplied FileChannel.open /home/runner/work/ratis/ratis/ratis-examples/target/test/data/72ef903c/MiniRaftClusterWithGrpcffb1a70b/s5/b69ea0dd-c9c6-4c9f-92ec-81eed7a8efd4/current/raft-meta.tmp with options [CREATE, WRITE]: sun.nio.ch.FileChannelImpl@1c5c480c
2024-09-07 03:04:39,586 TRACE util.FileUtils (LogUtils.java:runAndLog(49)) - Successfully ran Atomic Files.move /home/runner/work/ratis/ratis/ratis-examples/target/test/data/72ef903c/MiniRaftClusterWithGrpcffb1a70b/s5/b69ea0dd-c9c6-4c9f-92ec-81eed7a8efd4/current/raft-meta.tmp to /home/runner/work/ratis/ratis/ratis-examples/target/test/data/72ef903c/MiniRaftClusterWithGrpcffb1a70b/s5/b69ea0dd-c9c6-4c9f-92ec-81eed7a8efd4/current/raft-meta with options [REPLACE_EXISTING]
2024-09-07 03:04:39,586 INFO  impl.LeaderElection (LeaderElection.java:askForVotes(325)) - s5@group-81EED7A8EFD4-LeaderElection8 ELECTION round 0: submit vote requests at term 2 for conf: {index: -1, cur=peers:[s3|localhost:15012, s4|localhost:15016, s5|localhost:15020]|listeners:[], old=null}
2024-09-07 03:04:39,587 INFO  server.RaftServer$Division (RaftServerImpl.java:requestVote(1437)) - s3@group-81EED7A8EFD4: receive requestVote(PRE_VOTE, s4, group-81EED7A8EFD4, 1, (t:0, i:0))
2024-09-07 03:04:39,587 INFO  server.RaftServer$Division (RaftServerImpl.java:requestVote(1437)) - s5@group-81EED7A8EFD4: receive requestVote(PRE_VOTE, s4, group-81EED7A8EFD4, 1, (t:0, i:0))
2024-09-07 03:04:39,587 INFO  impl.VoteContext (VoteContext.java:log(49)) - s3@group-81EED7A8EFD4-FOLLOWER: accept PRE_VOTE from s4: our priority 0 <= candidate's priority 0
2024-09-07 03:04:39,587 INFO  impl.VoteContext (VoteContext.java:log(49)) - s5@group-81EED7A8EFD4-CANDIDATE: accept PRE_VOTE from s4: our priority 0 <= candidate's priority 0
2024-09-07 03:04:39,587 INFO  server.RaftServer$Division (RaftServerImpl.java:requestVote(1470)) - s3@group-81EED7A8EFD4 replies to PRE_VOTE vote request: s4<-s3#0:OK-t1. Peer's state: s3@group-81EED7A8EFD4:t1, leader=null, voted=s3, raftlog=Memoized:s3@group-81EED7A8EFD4-SegmentedRaftLog:OPENED:c-1:lastnull, conf=conf: {index: -1, cur=peers:[s3|localhost:15012, s4|localhost:15016, s5|localhost:15020]|listeners:[], old=null}
2024-09-07 03:04:39,587 INFO  server.RaftServer$Division (RaftServerImpl.java:requestVote(1470)) - s5@group-81EED7A8EFD4 replies to PRE_VOTE vote request: s4<-s5#0:OK-t2. Peer's state: s5@group-81EED7A8EFD4:t2, leader=null, voted=s5, raftlog=Memoized:s5@group-81EED7A8EFD4-SegmentedRaftLog:OPENED:c-1:lastnull, conf=conf: {index: -1, cur=peers:[s3|localhost:15012, s4|localhost:15016, s5|localhost:15020]|listeners:[], old=null}
2024-09-07 03:04:39,590 INFO  impl.LeaderElection (LeaderElection.java:logAndReturn(89)) - s4@group-81EED7A8EFD4-LeaderElection9: PRE_VOTE DISCOVERED_A_NEW_TERM (term=2) received 1 response(s) and 0 exception(s):
2024-09-07 03:04:39,590 INFO  impl.LeaderElection (LeaderElection.java:logAndReturn(93)) -   Response 0: s4<-s5#0:OK-t2
2024-09-07 03:04:39,590 INFO  impl.LeaderElection (LeaderElection.java:askForVotes(327)) - s4@group-81EED7A8EFD4-LeaderElection9 PRE_VOTE round 0: result DISCOVERED_A_NEW_TERM (term=2)
2024-09-07 03:04:39,591 INFO  server.RaftServer$Division (RaftServerImpl.java:setRole(378)) - s4@group-81EED7A8EFD4: changes role from CANDIDATE to FOLLOWER at term 2 for DISCOVERED_A_NEW_TERM (term=2)
2024-09-07 03:04:39,591 INFO  impl.RoleInfo (RoleInfo.java:shutdownLeaderElection(139)) - s4: shutdown s4@group-81EED7A8EFD4-LeaderElection9
2024-09-07 03:04:39,591 INFO  impl.RoleInfo (RoleInfo.java:updateAndGet(148)) - s4: start s4@group-81EED7A8EFD4-FollowerState
2024-09-07 03:04:39,595 TRACE util.FileUtils (LogUtils.java:supplyAndLog(69)) - Successfully supplied FileChannel.open /home/runner/work/ratis/ratis/ratis-examples/target/test/data/72ef903c/MiniRaftClusterWithGrpcffb1a70b/s4/b69ea0dd-c9c6-4c9f-92ec-81eed7a8efd4/current/raft-meta.tmp with options [CREATE, WRITE]: sun.nio.ch.FileChannelImpl@4c6eb9dc
2024-09-07 03:04:39,595 INFO  server.RaftServer$Division (RaftServerImpl.java:requestVote(1437)) - s3@group-81EED7A8EFD4: receive requestVote(ELECTION, s5, group-81EED7A8EFD4, 2, (t:0, i:0))
2024-09-07 03:04:39,595 INFO  impl.VoteContext (VoteContext.java:log(49)) - s3@group-81EED7A8EFD4-FOLLOWER: accept ELECTION from s5: our priority 0 <= candidate's priority 0
2024-09-07 03:04:39,596 INFO  server.RaftServer$Division (RaftServerImpl.java:setRole(378)) - s3@group-81EED7A8EFD4: changes role from  FOLLOWER to FOLLOWER at term 2 for candidate:s5
2024-09-07 03:04:39,596 INFO  impl.RoleInfo (RoleInfo.java:shutdownFollowerState(119)) - s3: shutdown s3@group-81EED7A8EFD4-FollowerState
2024-09-07 03:04:39,596 INFO  impl.RoleInfo (RoleInfo.java:updateAndGet(148)) - s3: start s3@group-81EED7A8EFD4-FollowerState
2024-09-07 03:04:39,596 TRACE util.FileUtils (LogUtils.java:runAndLog(49)) - Successfully ran Atomic Files.move /home/runner/work/ratis/ratis/ratis-examples/target/test/data/72ef903c/MiniRaftClusterWithGrpcffb1a70b/s4/b69ea0dd-c9c6-4c9f-92ec-81eed7a8efd4/current/raft-meta.tmp to /home/runner/work/ratis/ratis/ratis-examples/target/test/data/72ef903c/MiniRaftClusterWithGrpcffb1a70b/s4/b69ea0dd-c9c6-4c9f-92ec-81eed7a8efd4/current/raft-meta with options [REPLACE_EXISTING]
2024-09-07 03:04:39,596 INFO  impl.FollowerState (FollowerState.java:run(153)) - s3@group-81EED7A8EFD4-FollowerState was interrupted
2024-09-07 03:04:39,598 TRACE util.FileUtils (LogUtils.java:supplyAndLog(69)) - Successfully supplied FileChannel.open /home/runner/work/ratis/ratis/ratis-examples/target/test/data/72ef903c/MiniRaftClusterWithGrpcffb1a70b/s3/b69ea0dd-c9c6-4c9f-92ec-81eed7a8efd4/current/raft-meta.tmp with options [CREATE, WRITE]: sun.nio.ch.FileChannelImpl@237e61cf
2024-09-07 03:04:39,598 INFO  server.RaftServer$Division (RaftServerImpl.java:requestVote(1437)) - s4@group-81EED7A8EFD4: receive requestVote(ELECTION, s5, group-81EED7A8EFD4, 2, (t:0, i:0))
2024-09-07 03:04:39,598 INFO  impl.VoteContext (VoteContext.java:log(49)) - s4@group-81EED7A8EFD4-FOLLOWER: accept ELECTION from s5: our priority 0 <= candidate's priority 0
2024-09-07 03:04:39,598 INFO  server.RaftServer$Division (RaftServerImpl.java:setRole(378)) - s4@group-81EED7A8EFD4: changes role from  FOLLOWER to FOLLOWER at term 2 for candidate:s5
2024-09-07 03:04:39,598 INFO  impl.RoleInfo (RoleInfo.java:shutdownFollowerState(119)) - s4: shutdown s4@group-81EED7A8EFD4-FollowerState
2024-09-07 03:04:39,598 INFO  impl.RoleInfo (RoleInfo.java:updateAndGet(148)) - s4: start s4@group-81EED7A8EFD4-FollowerState
2024-09-07 03:04:39,598 INFO  impl.FollowerState (FollowerState.java:run(153)) - s4@group-81EED7A8EFD4-FollowerState was interrupted
2024-09-07 03:04:39,598 TRACE util.FileUtils (LogUtils.java:supplyAndLog(69)) - Successfully supplied FileChannel.open /home/runner/work/ratis/ratis/ratis-examples/target/test/data/72ef903c/MiniRaftClusterWithGrpcffb1a70b/s4/b69ea0dd-c9c6-4c9f-92ec-81eed7a8efd4/current/raft-meta.tmp with options [CREATE, WRITE]: sun.nio.ch.FileChannelImpl@69a74d35
2024-09-07 03:04:39,599 TRACE util.FileUtils (LogUtils.java:runAndLog(49)) - Successfully ran Atomic Files.move /home/runner/work/ratis/ratis/ratis-examples/target/test/data/72ef903c/MiniRaftClusterWithGrpcffb1a70b/s3/b69ea0dd-c9c6-4c9f-92ec-81eed7a8efd4/current/raft-meta.tmp to /home/runner/work/ratis/ratis/ratis-examples/target/test/data/72ef903c/MiniRaftClusterWithGrpcffb1a70b/s3/b69ea0dd-c9c6-4c9f-92ec-81eed7a8efd4/current/raft-meta with options [REPLACE_EXISTING]
2024-09-07 03:04:39,599 INFO  server.RaftServer$Division (RaftServerImpl.java:requestVote(1470)) - s3@group-81EED7A8EFD4 replies to ELECTION vote request: s5<-s3#0:OK-t2. Peer's state: s3@group-81EED7A8EFD4:t2, leader=null, voted=s5, raftlog=Memoized:s3@group-81EED7A8EFD4-SegmentedRaftLog:OPENED:c-1:lastnull, conf=conf: {index: -1, cur=peers:[s3|localhost:15012, s4|localhost:15016, s5|localhost:15020]|listeners:[], old=null}
2024-09-07 03:04:39,600 TRACE util.FileUtils (LogUtils.java:runAndLog(49)) - Successfully ran Atomic Files.move /home/runner/work/ratis/ratis/ratis-examples/target/test/data/72ef903c/MiniRaftClusterWithGrpcffb1a70b/s4/b69ea0dd-c9c6-4c9f-92ec-81eed7a8efd4/current/raft-meta.tmp to /home/runner/work/ratis/ratis/ratis-examples/target/test/data/72ef903c/MiniRaftClusterWithGrpcffb1a70b/s4/b69ea0dd-c9c6-4c9f-92ec-81eed7a8efd4/current/raft-meta with options [REPLACE_EXISTING]
2024-09-07 03:04:39,600 INFO  server.RaftServer$Division (RaftServerImpl.java:requestVote(1470)) - s4@group-81EED7A8EFD4 replies to ELECTION vote request: s5<-s4#0:OK-t2. Peer's state: s4@group-81EED7A8EFD4:t2, leader=null, voted=s5, raftlog=Memoized:s4@group-81EED7A8EFD4-SegmentedRaftLog:OPENED:c-1:lastnull, conf=conf: {index: -1, cur=peers:[s3|localhost:15012, s4|localhost:15016, s5|localhost:15020]|listeners:[], old=null}
2024-09-07 03:04:39,601 INFO  impl.LeaderElection (LeaderElection.java:logAndReturn(89)) - s5@group-81EED7A8EFD4-LeaderElection8: ELECTION PASSED received 1 response(s) and 0 exception(s):
2024-09-07 03:04:39,601 INFO  impl.LeaderElection (LeaderElection.java:logAndReturn(93)) -   Response 0: s5<-s3#0:OK-t2
2024-09-07 03:04:39,601 INFO  impl.LeaderElection (LeaderElection.java:askForVotes(327)) - s5@group-81EED7A8EFD4-LeaderElection8 ELECTION round 0: result PASSED
2024-09-07 03:04:39,601 INFO  impl.RoleInfo (RoleInfo.java:shutdownLeaderElection(139)) - s5: shutdown s5@group-81EED7A8EFD4-LeaderElection8
2024-09-07 03:04:39,602 INFO  server.RaftServer$Division (RaftServerImpl.java:setRole(378)) - s5@group-81EED7A8EFD4: changes role from CANDIDATE to LEADER at term 2 for changeToLeader
2024-09-07 03:04:39,602 INFO  server.RaftServerConfigKeys (ConfUtils.java:logGet(46)) - raft.server.staging.catchup.gap = 1000 (default)
2024-09-07 03:04:39,602 INFO  server.RaftServerConfigKeys (ConfUtils.java:logGet(46)) - raft.server.write.element-limit = 4096 (default)
2024-09-07 03:04:39,602 INFO  server.RaftServerConfigKeys (ConfUtils.java:logGet(46)) - raft.server.write.byte-limit = 64MB (=67108864) (default)
2024-09-07 03:04:39,602 INFO  server.RaftServerConfigKeys (ConfUtils.java:logGet(46)) - raft.server.watch.timeout = 10s (default)
2024-09-07 03:04:39,602 INFO  server.RaftServerConfigKeys (ConfUtils.java:logGet(46)) - raft.server.watch.timeout.denomination = 1s (default)
2024-09-07 03:04:39,602 INFO  server.RaftServerConfigKeys (ConfUtils.java:logGet(46)) - raft.server.watch.element-limit = 65536 (default)
2024-09-07 03:04:39,603 INFO  server.RaftServerConfigKeys (ConfUtils.java:logGet(46)) - raft.server.read.leader.lease.enabled = false (default)
2024-09-07 03:04:39,603 INFO  server.RaftServerConfigKeys (ConfUtils.java:logGet(46)) - raft.server.read.leader.lease.timeout.ratio = 0.9 (default)
2024-09-07 03:04:39,603 INFO  server.RaftServerConfigKeys (ConfUtils.java:logGet(46)) - raft.server.rpc.timeout.min = 300ms (custom)
2024-09-07 03:04:39,603 INFO  server.RaftServerConfigKeys (ConfUtils.java:logGet(46)) - raft.server.log.log-metadata.enabled = true (default)
2024-09-07 03:04:39,603 INFO  server.RaftServerConfigKeys (ConfUtils.java:logGet(46)) - raft.server.write.element-limit = 4096 (default)
2024-09-07 03:04:39,603 INFO  server.RaftServerConfigKeys (ConfUtils.java:logGet(46)) - raft.server.write.follower.gap.ratio.max = -1.0 (default)
2024-09-07 03:04:39,607 INFO  server.RaftServerConfigKeys (ConfUtils.java:logGet(46)) - raft.server.log.appender.snapshot.chunk.size.max = 16MB (=16777216) (default)
2024-09-07 03:04:39,607 INFO  server.RaftServerConfigKeys (ConfUtils.java:logGet(46)) - raft.server.log.appender.buffer.byte-limit = 4MB (=4194304) (default)
2024-09-07 03:04:39,607 INFO  server.RaftServerConfigKeys (ConfUtils.java:logGet(46)) - raft.server.log.appender.buffer.element-limit = 0 (default)
2024-09-07 03:04:39,607 INFO  server.RaftServerConfigKeys (ConfUtils.java:logGet(46)) - raft.server.log.appender.wait-time.min = 1ms (default)
2024-09-07 03:04:39,608 INFO  grpc.GrpcConfigKeys (ConfUtils.java:logGet(46)) - raft.grpc.server.leader.outstanding.appends.max = 8 (default)
2024-09-07 03:04:39,608 INFO  server.RaftServerConfigKeys (ConfUtils.java:logGet(46)) - raft.server.rpc.request.timeout = 3000ms (default)
2024-09-07 03:04:39,608 INFO  grpc.GrpcConfigKeys (ConfUtils.java:logGet(46)) - raft.grpc.server.install_snapshot.request.element-limit = 8 (default)
2024-09-07 03:04:39,608 INFO  grpc.GrpcConfigKeys (ConfUtils.java:logGet(46)) - raft.grpc.server.install_snapshot.request.timeout = 3000ms (default)
2024-09-07 03:04:39,608 INFO  grpc.GrpcConfigKeys (ConfUtils.java:logGet(46)) - raft.grpc.server.log-message.batch.duration = 5s (default)
2024-09-07 03:04:39,608 INFO  server.RaftServerConfigKeys (ConfUtils.java:logGet(46)) - raft.server.log.appender.install.snapshot.enabled = true (default)
2024-09-07 03:04:39,609 INFO  grpc.GrpcConfigKeys (ConfUtils.java:logGet(46)) - raft.grpc.server.heartbeat.channel = true (default)
2024-09-07 03:04:39,612 INFO  server.RaftServerConfigKeys (ConfUtils.java:logGet(46)) - raft.server.log.appender.snapshot.chunk.size.max = 16MB (=16777216) (default)
2024-09-07 03:04:39,612 INFO  server.RaftServerConfigKeys (ConfUtils.java:logGet(46)) - raft.server.log.appender.buffer.byte-limit = 4MB (=4194304) (default)
2024-09-07 03:04:39,612 INFO  server.RaftServerConfigKeys (ConfUtils.java:logGet(46)) - raft.server.log.appender.buffer.element-limit = 0 (default)
2024-09-07 03:04:39,612 INFO  server.RaftServerConfigKeys (ConfUtils.java:logGet(46)) - raft.server.log.appender.wait-time.min = 1ms (default)
2024-09-07 03:04:39,612 INFO  grpc.GrpcConfigKeys (ConfUtils.java:logGet(46)) - raft.grpc.server.leader.outstanding.appends.max = 8 (default)
2024-09-07 03:04:39,612 INFO  server.RaftServerConfigKeys (ConfUtils.java:logGet(46)) - raft.server.rpc.request.timeout = 3000ms (default)
2024-09-07 03:04:39,612 INFO  grpc.GrpcConfigKeys (ConfUtils.java:logGet(46)) - raft.grpc.server.install_snapshot.request.element-limit = 8 (default)
2024-09-07 03:04:39,612 INFO  grpc.GrpcConfigKeys (ConfUtils.java:logGet(46)) - raft.grpc.server.install_snapshot.request.timeout = 3000ms (default)
2024-09-07 03:04:39,612 INFO  grpc.GrpcConfigKeys (ConfUtils.java:logGet(46)) - raft.grpc.server.log-message.batch.duration = 5s (default)
2024-09-07 03:04:39,612 INFO  server.RaftServerConfigKeys (ConfUtils.java:logGet(46)) - raft.server.log.appender.install.snapshot.enabled = true (default)
2024-09-07 03:04:39,613 INFO  grpc.GrpcConfigKeys (ConfUtils.java:logGet(46)) - raft.grpc.server.heartbeat.channel = true (default)
2024-09-07 03:04:39,613 INFO  impl.RoleInfo (RoleInfo.java:updateAndGet(148)) - s5: start s5@group-81EED7A8EFD4-LeaderStateImpl
2024-09-07 03:04:39,613 INFO  server.RaftServer$Division (ServerState.java:setLeader(272)) - s5@group-81EED7A8EFD4: change Leader from null to s5 at term 2 for becomeLeader, leader elected after 1318ms
2024-09-07 03:04:39,613 INFO  segmented.SegmentedRaftLogWorker (SegmentedRaftLogWorker.java:startLogSegment(438)) - s5@group-81EED7A8EFD4-SegmentedRaftLogWorker: Starting segment from index:0
2024-09-07 03:04:39,614 INFO  server.RaftServer$Division (ServerState.java:setRaftConf(386)) - s5@group-81EED7A8EFD4: set configuration conf: {index: 0, cur=peers:[s3|localhost:15012, s4|localhost:15016, s5|localhost:15020]|listeners:[], old=null}
2024-09-07 03:04:39,614 INFO  segmented.BufferedWriteChannel (BufferedWriteChannel.java:open(61)) - open log_inprogress_0 at position 0
2024-09-07 03:04:39,623 INFO  segmented.SegmentedRaftLogWorker (SegmentedRaftLogWorker.java:execute(660)) - s5@group-81EED7A8EFD4-SegmentedRaftLogWorker: created new log segment /home/runner/work/ratis/ratis/ratis-examples/target/test/data/72ef903c/MiniRaftClusterWithGrpcffb1a70b/s5/b69ea0dd-c9c6-4c9f-92ec-81eed7a8efd4/current/log_inprogress_0
2024-09-07 03:04:39,638 INFO  server.RaftServer$Division (ServerState.java:setLeader(272)) - s4@group-81EED7A8EFD4: change Leader from null to s5 at term 2 for appendEntries, leader elected after 1355ms
2024-09-07 03:04:39,638 INFO  server.RaftServer$Division (ServerState.java:setLeader(272)) - s3@group-81EED7A8EFD4: change Leader from null to s5 at term 2 for appendEntries, leader elected after 1366ms
2024-09-07 03:04:39,643 INFO  server.RaftServer$Division (ServerState.java:setRaftConf(386)) - s3@group-81EED7A8EFD4: set configuration conf: {index: 0, cur=peers:[s3|localhost:15012, s4|localhost:15016, s5|localhost:15020]|listeners:[], old=null}
2024-09-07 03:04:39,643 INFO  server.RaftServer$Division (ServerState.java:setRaftConf(386)) - s4@group-81EED7A8EFD4: set configuration conf: {index: 0, cur=peers:[s3|localhost:15012, s4|localhost:15016, s5|localhost:15020]|listeners:[], old=null}
2024-09-07 03:04:39,643 INFO  segmented.SegmentedRaftLogWorker (SegmentedRaftLogWorker.java:startLogSegment(438)) - s4@group-81EED7A8EFD4-SegmentedRaftLogWorker: Starting segment from index:0
2024-09-07 03:04:39,643 INFO  segmented.BufferedWriteChannel (BufferedWriteChannel.java:open(61)) - open log_inprogress_0 at position 0
2024-09-07 03:04:39,644 INFO  segmented.SegmentedRaftLogWorker (SegmentedRaftLogWorker.java:startLogSegment(438)) - s3@group-81EED7A8EFD4-SegmentedRaftLogWorker: Starting segment from index:0
2024-09-07 03:04:39,648 INFO  segmented.BufferedWriteChannel (BufferedWriteChannel.java:open(61)) - open log_inprogress_0 at position 0
2024-09-07 03:04:39,655 INFO  segmented.SegmentedRaftLogWorker (SegmentedRaftLogWorker.java:execute(660)) - s4@group-81EED7A8EFD4-SegmentedRaftLogWorker: created new log segment /home/runner/work/ratis/ratis/ratis-examples/target/test/data/72ef903c/MiniRaftClusterWithGrpcffb1a70b/s4/b69ea0dd-c9c6-4c9f-92ec-81eed7a8efd4/current/log_inprogress_0
2024-09-07 03:04:39,658 INFO  segmented.SegmentedRaftLogWorker (SegmentedRaftLogWorker.java:execute(660)) - s3@group-81EED7A8EFD4-SegmentedRaftLogWorker: created new log segment /home/runner/work/ratis/ratis/ratis-examples/target/test/data/72ef903c/MiniRaftClusterWithGrpcffb1a70b/s3/b69ea0dd-c9c6-4c9f-92ec-81eed7a8efd4/current/log_inprogress_0
2024-09-07 03:04:39,660 TRACE util.FileUtils (LogUtils.java:supplyAndLog(69)) - Successfully supplied FileChannel.open /home/runner/work/ratis/ratis/ratis-examples/target/test/data/72ef903c/MiniRaftClusterWithGrpcffb1a70b/s5/b69ea0dd-c9c6-4c9f-92ec-81eed7a8efd4/current/raft-meta.conf.tmp with options [CREATE, WRITE]: sun.nio.ch.FileChannelImpl@5ca54dc7
2024-09-07 03:04:39,662 TRACE util.FileUtils (LogUtils.java:runAndLog(49)) - Successfully ran Atomic Files.move /home/runner/work/ratis/ratis/ratis-examples/target/test/data/72ef903c/MiniRaftClusterWithGrpcffb1a70b/s5/b69ea0dd-c9c6-4c9f-92ec-81eed7a8efd4/current/raft-meta.conf.tmp to /home/runner/work/ratis/ratis/ratis-examples/target/test/data/72ef903c/MiniRaftClusterWithGrpcffb1a70b/s5/b69ea0dd-c9c6-4c9f-92ec-81eed7a8efd4/current/raft-meta.conf with options [REPLACE_EXISTING]
2024-09-07 03:04:39,662 INFO  server.RaftServer$Division (LeaderStateImpl.java:checkStartIndex(317)) - Leader s5@group-81EED7A8EFD4-LeaderStateImpl is ready since appliedIndex == startIndex == 0
2024-09-07 03:04:39,813 TRACE util.FileUtils (LogUtils.java:supplyAndLog(69)) - Successfully supplied FileChannel.open /home/runner/work/ratis/ratis/ratis-examples/target/test/data/72ef903c/MiniRaftClusterWithGrpcffb1a70b/s4/b69ea0dd-c9c6-4c9f-92ec-81eed7a8efd4/current/raft-meta.conf.tmp with options [CREATE, WRITE]: sun.nio.ch.FileChannelImpl@86c1e02
2024-09-07 03:04:39,814 TRACE util.FileUtils (LogUtils.java:supplyAndLog(69)) - Successfully supplied FileChannel.open /home/runner/work/ratis/ratis/ratis-examples/target/test/data/72ef903c/MiniRaftClusterWithGrpcffb1a70b/s3/b69ea0dd-c9c6-4c9f-92ec-81eed7a8efd4/current/raft-meta.conf.tmp with options [CREATE, WRITE]: sun.nio.ch.FileChannelImpl@197868ea
2024-09-07 03:04:39,815 TRACE util.FileUtils (LogUtils.java:runAndLog(49)) - Successfully ran Atomic Files.move /home/runner/work/ratis/ratis/ratis-examples/target/test/data/72ef903c/MiniRaftClusterWithGrpcffb1a70b/s4/b69ea0dd-c9c6-4c9f-92ec-81eed7a8efd4/current/raft-meta.conf.tmp to /home/runner/work/ratis/ratis/ratis-examples/target/test/data/72ef903c/MiniRaftClusterWithGrpcffb1a70b/s4/b69ea0dd-c9c6-4c9f-92ec-81eed7a8efd4/current/raft-meta.conf with options [REPLACE_EXISTING]
2024-09-07 03:04:39,817 TRACE util.FileUtils (LogUtils.java:runAndLog(49)) - Successfully ran Atomic Files.move /home/runner/work/ratis/ratis/ratis-examples/target/test/data/72ef903c/MiniRaftClusterWithGrpcffb1a70b/s3/b69ea0dd-c9c6-4c9f-92ec-81eed7a8efd4/current/raft-meta.conf.tmp to /home/runner/work/ratis/ratis/ratis-examples/target/test/data/72ef903c/MiniRaftClusterWithGrpcffb1a70b/s3/b69ea0dd-c9c6-4c9f-92ec-81eed7a8efd4/current/raft-meta.conf with options [REPLACE_EXISTING]
2024-09-07 03:04:40,213 INFO  ratis.RaftTestUtil (RaftTestUtil.java:waitForLeader(131)) - printing ALL groups
  s3:  RUNNING  FOLLOWER s3@group-81EED7A8EFD4:t2, leader=s5, voted=s5, raftlog=Memoized:s3@group-81EED7A8EFD4-SegmentedRaftLog:OPENED:c0:last(t:2, i:0), conf=conf: {index: 0, cur=peers:[s3|localhost:15012, s4|localhost:15016, s5|localhost:15020]|listeners:[], old=null} RUNNING
  s4:  RUNNING  FOLLOWER s4@group-81EED7A8EFD4:t2, leader=s5, voted=s5, raftlog=Memoized:s4@group-81EED7A8EFD4-SegmentedRaftLog:OPENED:c0:last(t:2, i:0), conf=conf: {index: 0, cur=peers:[s3|localhost:15012, s4|localhost:15016, s5|localhost:15020]|listeners:[], old=null} RUNNING
  s5:  RUNNING    LEADER s5@group-81EED7A8EFD4:t2, leader=s5, voted=s5, raftlog=Memoized:s5@group-81EED7A8EFD4-SegmentedRaftLog:OPENED:c0:last(t:2, i:0), conf=conf: {index: 0, cur=peers:[s3|localhost:15012, s4|localhost:15016, s5|localhost:15020]|listeners:[], old=null} RUNNING
2024-09-07 03:04:40,249 INFO  server.GrpcClientProtocolService (GrpcClientProtocolService.java:lambda$processClientRequest$0(331)) - Failed request cid=293, null, reply=RaftClientReply:client-9A2451D9D84D->s3@group-81EED7A8EFD4, cid=293, FAILED org.apache.ratis.protocol.exceptions.NotLeaderException: Server s3@group-81EED7A8EFD4 is not the leader, suggested leader is: s5|localhost:15020, logIndex=0, commits[s3:c0, s4:c0, s5:c0]
2024-09-07 03:04:40,388 INFO  statemachine.StateMachine (ArithmeticStateMachine.java:applyTransaction(181)) - LEADER:s5-1: a = 3 = 3
2024-09-07 03:04:40,391 DEBUG statemachine.StateMachine (ArithmeticStateMachine.java:applyTransaction(183)) - FOLLOWER:s3-1: a = 3 = 3
2024-09-07 03:04:40,391 DEBUG statemachine.StateMachine (ArithmeticStateMachine.java:applyTransaction(183)) - FOLLOWER:s4-1: a = 3 = 3
2024-09-07 03:04:40,399 INFO  statemachine.StateMachine (ArithmeticStateMachine.java:applyTransaction(181)) - LEADER:s5-3: b = 4 = 4
2024-09-07 03:04:40,402 DEBUG statemachine.StateMachine (ArithmeticStateMachine.java:applyTransaction(183)) - FOLLOWER:s3-3: b = 4 = 4
2024-09-07 03:04:40,406 DEBUG statemachine.StateMachine (ArithmeticStateMachine.java:applyTransaction(183)) - FOLLOWER:s4-3: b = 4 = 4
2024-09-07 03:04:40,413 INFO  statemachine.StateMachine (ArithmeticStateMachine.java:applyTransaction(181)) - LEADER:s5-5: c = √(a^2 + b^2) = 5
2024-09-07 03:04:40,415 DEBUG statemachine.StateMachine (ArithmeticStateMachine.java:applyTransaction(183)) - FOLLOWER:s4-5: c = √(a^2 + b^2) = 5
2024-09-07 03:04:40,419 DEBUG statemachine.StateMachine (ArithmeticStateMachine.java:applyTransaction(183)) - FOLLOWER:s3-5: c = √(a^2 + b^2) = 5
2024-09-07 03:04:40,424 INFO  statemachine.StateMachine (ArithmeticStateMachine.java:applyTransaction(181)) - LEADER:s5-7: a = null = null
2024-09-07 03:04:40,428 DEBUG statemachine.StateMachine (ArithmeticStateMachine.java:applyTransaction(183)) - FOLLOWER:s3-7: a = null = null
2024-09-07 03:04:40,429 DEBUG statemachine.StateMachine (ArithmeticStateMachine.java:applyTransaction(183)) - FOLLOWER:s4-7: a = null = null
2024-09-07 03:04:40,434 INFO  statemachine.StateMachine (ArithmeticStateMachine.java:applyTransaction(181)) - LEADER:s5-9: b = null = null
2024-09-07 03:04:40,441 DEBUG statemachine.StateMachine (ArithmeticStateMachine.java:applyTransaction(183)) - FOLLOWER:s4-9: b = null = null
2024-09-07 03:04:40,442 DEBUG statemachine.StateMachine (ArithmeticStateMachine.java:applyTransaction(183)) - FOLLOWER:s3-9: b = null = null
2024-09-07 03:04:40,444 INFO  statemachine.StateMachine (ArithmeticStateMachine.java:applyTransaction(181)) - LEADER:s5-11: c = null = null
2024-09-07 03:04:40,448 DEBUG statemachine.StateMachine (ArithmeticStateMachine.java:applyTransaction(183)) - FOLLOWER:s4-11: c = null = null
2024-09-07 03:04:40,451 DEBUG statemachine.StateMachine (ArithmeticStateMachine.java:applyTransaction(183)) - FOLLOWER:s3-11: c = null = null
2024-09-07 03:04:40,457 INFO  statemachine.StateMachine (ArithmeticStateMachine.java:applyTransaction(181)) - LEADER:s5-13: a = 5 = 5
2024-09-07 03:04:40,459 DEBUG statemachine.StateMachine (ArithmeticStateMachine.java:applyTransaction(183)) - FOLLOWER:s4-13: a = 5 = 5
2024-09-07 03:04:40,465 DEBUG statemachine.StateMachine (ArithmeticStateMachine.java:applyTransaction(183)) - FOLLOWER:s3-13: a = 5 = 5
2024-09-07 03:04:40,467 INFO  statemachine.StateMachine (ArithmeticStateMachine.java:applyTransaction(181)) - LEADER:s5-15: b = 12 = 12
2024-09-07 03:04:40,473 DEBUG statemachine.StateMachine (ArithmeticStateMachine.java:applyTransaction(183)) - FOLLOWER:s4-15: b = 12 = 12
2024-09-07 03:04:40,478 DEBUG statemachine.StateMachine (ArithmeticStateMachine.java:applyTransaction(183)) - FOLLOWER:s3-15: b = 12 = 12
2024-09-07 03:04:40,485 INFO  statemachine.StateMachine (ArithmeticStateMachine.java:applyTransaction(181)) - LEADER:s5-17: c = √(a^2 + b^2) = 13
2024-09-07 03:04:40,488 DEBUG statemachine.StateMachine (ArithmeticStateMachine.java:applyTransaction(183)) - FOLLOWER:s4-17: c = √(a^2 + b^2) = 13
2024-09-07 03:04:40,498 DEBUG statemachine.StateMachine (ArithmeticStateMachine.java:applyTransaction(183)) - FOLLOWER:s3-17: c = √(a^2 + b^2) = 13
2024-09-07 03:04:40,504 INFO  statemachine.StateMachine (ArithmeticStateMachine.java:applyTransaction(181)) - LEADER:s5-19: a = null = null
2024-09-07 03:04:40,508 DEBUG statemachine.StateMachine (ArithmeticStateMachine.java:applyTransaction(183)) - FOLLOWER:s3-19: a = null = null
2024-09-07 03:04:40,509 DEBUG statemachine.StateMachine (ArithmeticStateMachine.java:applyTransaction(183)) - FOLLOWER:s4-19: a = null = null
2024-09-07 03:04:40,516 INFO  statemachine.StateMachine (ArithmeticStateMachine.java:applyTransaction(181)) - LEADER:s5-21: b = null = null
2024-09-07 03:04:40,518 DEBUG statemachine.StateMachine (ArithmeticStateMachine.java:applyTransaction(183)) - FOLLOWER:s4-21: b = null = null
2024-09-07 03:04:40,523 DEBUG statemachine.StateMachine (ArithmeticStateMachine.java:applyTransaction(183)) - FOLLOWER:s3-21: b = null = null
2024-09-07 03:04:40,528 INFO  statemachine.StateMachine (ArithmeticStateMachine.java:applyTransaction(181)) - LEADER:s5-23: c = null = null
2024-09-07 03:04:40,531 DEBUG statemachine.StateMachine (ArithmeticStateMachine.java:applyTransaction(183)) - FOLLOWER:s4-23: c = null = null
2024-09-07 03:04:40,534 DEBUG statemachine.StateMachine (ArithmeticStateMachine.java:applyTransaction(183)) - FOLLOWER:s3-23: c = null = null
2024-09-07 03:04:40,540 INFO  statemachine.StateMachine (ArithmeticStateMachine.java:applyTransaction(181)) - LEADER:s5-25: a = 7 = 7
2024-09-07 03:04:40,544 DEBUG statemachine.StateMachine (ArithmeticStateMachine.java:applyTransaction(183)) - FOLLOWER:s4-25: a = 7 = 7
2024-09-07 03:04:40,548 DEBUG statemachine.StateMachine (ArithmeticStateMachine.java:applyTransaction(183)) - FOLLOWER:s3-25: a = 7 = 7
2024-09-07 03:04:40,556 INFO  statemachine.StateMachine (ArithmeticStateMachine.java:applyTransaction(181)) - LEADER:s5-27: b = 24 = 24
2024-09-07 03:04:40,561 DEBUG statemachine.StateMachine (ArithmeticStateMachine.java:applyTransaction(183)) - FOLLOWER:s3-27: b = 24 = 24
2024-09-07 03:04:40,563 DEBUG statemachine.StateMachine (ArithmeticStateMachine.java:applyTransaction(183)) - FOLLOWER:s4-27: b = 24 = 24
2024-09-07 03:04:40,567 INFO  statemachine.StateMachine (ArithmeticStateMachine.java:applyTransaction(181)) - LEADER:s5-29: c = √(a^2 + b^2) = 25
2024-09-07 03:04:40,571 DEBUG statemachine.StateMachine (ArithmeticStateMachine.java:applyTransaction(183)) - FOLLOWER:s4-29: c = √(a^2 + b^2) = 25
2024-09-07 03:04:40,572 DEBUG statemachine.StateMachine (ArithmeticStateMachine.java:applyTransaction(183)) - FOLLOWER:s3-29: c = √(a^2 + b^2) = 25
2024-09-07 03:04:40,579 INFO  statemachine.StateMachine (ArithmeticStateMachine.java:applyTransaction(181)) - LEADER:s5-31: a = null = null
2024-09-07 03:04:40,581 DEBUG statemachine.StateMachine (ArithmeticStateMachine.java:applyTransaction(183)) - FOLLOWER:s4-31: a = null = null
2024-09-07 03:04:40,582 DEBUG statemachine.StateMachine (ArithmeticStateMachine.java:applyTransaction(183)) - FOLLOWER:s3-31: a = null = null
2024-09-07 03:04:40,589 INFO  statemachine.StateMachine (ArithmeticStateMachine.java:applyTransaction(181)) - LEADER:s5-33: b = null = null
2024-09-07 03:04:40,592 DEBUG statemachine.StateMachine (ArithmeticStateMachine.java:applyTransaction(183)) - FOLLOWER:s4-33: b = null = null
2024-09-07 03:04:40,602 DEBUG statemachine.StateMachine (ArithmeticStateMachine.java:applyTransaction(183)) - FOLLOWER:s3-33: b = null = null
2024-09-07 03:04:40,605 INFO  statemachine.StateMachine (ArithmeticStateMachine.java:applyTransaction(181)) - LEADER:s5-35: c = null = null
2024-09-07 03:04:40,608 DEBUG statemachine.StateMachine (ArithmeticStateMachine.java:applyTransaction(183)) - FOLLOWER:s4-35: c = null = null
2024-09-07 03:04:40,608 DEBUG statemachine.StateMachine (ArithmeticStateMachine.java:applyTransaction(183)) - FOLLOWER:s3-35: c = null = null
2024-09-07 03:04:40,618 INFO  statemachine.StateMachine (ArithmeticStateMachine.java:applyTransaction(181)) - LEADER:s5-37: a = 9 = 9
2024-09-07 03:04:40,624 DEBUG statemachine.StateMachine (ArithmeticStateMachine.java:applyTransaction(183)) - FOLLOWER:s3-37: a = 9 = 9
2024-09-07 03:04:40,628 DEBUG statemachine.StateMachine (ArithmeticStateMachine.java:applyTransaction(183)) - FOLLOWER:s4-37: a = 9 = 9
2024-09-07 03:04:40,632 INFO  statemachine.StateMachine (ArithmeticStateMachine.java:applyTransaction(181)) - LEADER:s5-39: b = 40 = 40
2024-09-07 03:04:40,634 DEBUG statemachine.StateMachine (ArithmeticStateMachine.java:applyTransaction(183)) - FOLLOWER:s4-39: b = 40 = 40
2024-09-07 03:04:40,636 DEBUG statemachine.StateMachine (ArithmeticStateMachine.java:applyTransaction(183)) - FOLLOWER:s3-39: b = 40 = 40
2024-09-07 03:04:40,641 INFO  statemachine.StateMachine (ArithmeticStateMachine.java:applyTransaction(181)) - LEADER:s5-41: c = √(a^2 + b^2) = 41
2024-09-07 03:04:40,645 DEBUG statemachine.StateMachine (ArithmeticStateMachine.java:applyTransaction(183)) - FOLLOWER:s4-41: c = √(a^2 + b^2) = 41
2024-09-07 03:04:40,647 DEBUG statemachine.StateMachine (ArithmeticStateMachine.java:applyTransaction(183)) - FOLLOWER:s3-41: c = √(a^2 + b^2) = 41
2024-09-07 03:04:40,652 INFO  statemachine.StateMachine (ArithmeticStateMachine.java:applyTransaction(181)) - LEADER:s5-43: a = null = null
2024-09-07 03:04:40,655 DEBUG statemachine.StateMachine (ArithmeticStateMachine.java:applyTransaction(183)) - FOLLOWER:s4-43: a = null = null
2024-09-07 03:04:40,659 DEBUG statemachine.StateMachine (ArithmeticStateMachine.java:applyTransaction(183)) - FOLLOWER:s3-43: a = null = null
2024-09-07 03:04:40,663 INFO  statemachine.StateMachine (ArithmeticStateMachine.java:applyTransaction(181)) - LEADER:s5-45: b = null = null
2024-09-07 03:04:40,666 DEBUG statemachine.StateMachine (ArithmeticStateMachine.java:applyTransaction(183)) - FOLLOWER:s4-45: b = null = null
2024-09-07 03:04:40,669 DEBUG statemachine.StateMachine (ArithmeticStateMachine.java:applyTransaction(183)) - FOLLOWER:s3-45: b = null = null
2024-09-07 03:04:40,673 INFO  statemachine.StateMachine (ArithmeticStateMachine.java:applyTransaction(181)) - LEADER:s5-47: c = null = null
2024-09-07 03:04:40,676 DEBUG statemachine.StateMachine (ArithmeticStateMachine.java:applyTransaction(183)) - FOLLOWER:s4-47: c = null = null
2024-09-07 03:04:40,678 DEBUG statemachine.StateMachine (ArithmeticStateMachine.java:applyTransaction(183)) - FOLLOWER:s3-47: c = null = null
2024-09-07 03:04:40,684 INFO  statemachine.StateMachine (ArithmeticStateMachine.java:applyTransaction(181)) - LEADER:s5-49: a = 11 = 11
2024-09-07 03:04:40,686 DEBUG statemachine.StateMachine (ArithmeticStateMachine.java:applyTransaction(183)) - FOLLOWER:s4-49: a = 11 = 11
2024-09-07 03:04:40,687 DEBUG statemachine.StateMachine (ArithmeticStateMachine.java:applyTransaction(183)) - FOLLOWER:s3-49: a = 11 = 11
2024-09-07 03:04:40,694 INFO  statemachine.StateMachine (ArithmeticStateMachine.java:applyTransaction(181)) - LEADER:s5-51: b = 60 = 60
2024-09-07 03:04:40,696 DEBUG statemachine.StateMachine (ArithmeticStateMachine.java:applyTransaction(183)) - FOLLOWER:s4-51: b = 60 = 60
2024-09-07 03:04:40,699 DEBUG statemachine.StateMachine (ArithmeticStateMachine.java:applyTransaction(183)) - FOLLOWER:s3-51: b = 60 = 60
2024-09-07 03:04:40,703 INFO  statemachine.StateMachine (ArithmeticStateMachine.java:applyTransaction(181)) - LEADER:s5-53: c = √(a^2 + b^2) = 61
2024-09-07 03:04:40,705 DEBUG statemachine.StateMachine (ArithmeticStateMachine.java:applyTransaction(183)) - FOLLOWER:s4-53: c = √(a^2 + b^2) = 61
2024-09-07 03:04:40,707 DEBUG statemachine.StateMachine (ArithmeticStateMachine.java:applyTransaction(183)) - FOLLOWER:s3-53: c = √(a^2 + b^2) = 61
2024-09-07 03:04:40,711 INFO  statemachine.StateMachine (ArithmeticStateMachine.java:applyTransaction(181)) - LEADER:s5-55: a = null = null
2024-09-07 03:04:40,713 DEBUG statemachine.StateMachine (ArithmeticStateMachine.java:applyTransaction(183)) - FOLLOWER:s4-55: a = null = null
2024-09-07 03:04:40,716 DEBUG statemachine.StateMachine (ArithmeticStateMachine.java:applyTransaction(183)) - FOLLOWER:s3-55: a = null = null
2024-09-07 03:04:40,719 INFO  statemachine.StateMachine (ArithmeticStateMachine.java:applyTransaction(181)) - LEADER:s5-57: b = null = null
2024-09-07 03:04:40,721 DEBUG statemachine.StateMachine (ArithmeticStateMachine.java:applyTransaction(183)) - FOLLOWER:s4-57: b = null = null
2024-09-07 03:04:40,724 DEBUG statemachine.StateMachine (ArithmeticStateMachine.java:applyTransaction(183)) - FOLLOWER:s3-57: b = null = null
2024-09-07 03:04:40,728 INFO  statemachine.StateMachine (ArithmeticStateMachine.java:applyTransaction(181)) - LEADER:s5-59: c = null = null
2024-09-07 03:04:40,729 DEBUG statemachine.StateMachine (ArithmeticStateMachine.java:applyTransaction(183)) - FOLLOWER:s4-59: c = null = null
2024-09-07 03:04:40,732 DEBUG statemachine.StateMachine (ArithmeticStateMachine.java:applyTransaction(183)) - FOLLOWER:s3-59: c = null = null
2024-09-07 03:04:40,736 INFO  statemachine.StateMachine (ArithmeticStateMachine.java:applyTransaction(181)) - LEADER:s5-61: a = 13 = 13
2024-09-07 03:04:40,738 DEBUG statemachine.StateMachine (ArithmeticStateMachine.java:applyTransaction(183)) - FOLLOWER:s4-61: a = 13 = 13
2024-09-07 03:04:40,741 DEBUG statemachine.StateMachine (ArithmeticStateMachine.java:applyTransaction(183)) - FOLLOWER:s3-61: a = 13 = 13
2024-09-07 03:04:40,745 INFO  statemachine.StateMachine (ArithmeticStateMachine.java:applyTransaction(181)) - LEADER:s5-63: b = 84 = 84
2024-09-07 03:04:40,746 DEBUG statemachine.StateMachine (ArithmeticStateMachine.java:applyTransaction(183)) - FOLLOWER:s4-63: b = 84 = 84
2024-09-07 03:04:40,750 DEBUG statemachine.StateMachine (ArithmeticStateMachine.java:applyTransaction(183)) - FOLLOWER:s3-63: b = 84 = 84
2024-09-07 03:04:40,754 INFO  statemachine.StateMachine (ArithmeticStateMachine.java:applyTransaction(181)) - LEADER:s5-65: c = √(a^2 + b^2) = 85
2024-09-07 03:04:40,755 DEBUG statemachine.StateMachine (ArithmeticStateMachine.java:applyTransaction(183)) - FOLLOWER:s4-65: c = √(a^2 + b^2) = 85
2024-09-07 03:04:40,756 DEBUG statemachine.StateMachine (ArithmeticStateMachine.java:applyTransaction(183)) - FOLLOWER:s3-65: c = √(a^2 + b^2) = 85
2024-09-07 03:04:40,763 INFO  statemachine.StateMachine (ArithmeticStateMachine.java:applyTransaction(181)) - LEADER:s5-67: a = null = null
2024-09-07 03:04:40,765 DEBUG statemachine.StateMachine (ArithmeticStateMachine.java:applyTransaction(183)) - FOLLOWER:s4-67: a = null = null
2024-09-07 03:04:40,768 DEBUG statemachine.StateMachine (ArithmeticStateMachine.java:applyTransaction(183)) - FOLLOWER:s3-67: a = null = null
2024-09-07 03:04:40,772 INFO  statemachine.StateMachine (ArithmeticStateMachine.java:applyTransaction(181)) - LEADER:s5-69: b = null = null
2024-09-07 03:04:40,776 DEBUG statemachine.StateMachine (ArithmeticStateMachine.java:applyTransaction(183)) - FOLLOWER:s4-69: b = null = null
2024-09-07 03:04:40,781 DEBUG statemachine.StateMachine (ArithmeticStateMachine.java:applyTransaction(183)) - FOLLOWER:s3-69: b = null = null
2024-09-07 03:04:40,784 INFO  statemachine.StateMachine (ArithmeticStateMachine.java:applyTransaction(181)) - LEADER:s5-71: c = null = null
2024-09-07 03:04:40,786 DEBUG statemachine.StateMachine (ArithmeticStateMachine.java:applyTransaction(183)) - FOLLOWER:s4-71: c = null = null
2024-09-07 03:04:40,789 DEBUG statemachine.StateMachine (ArithmeticStateMachine.java:applyTransaction(183)) - FOLLOWER:s3-71: c = null = null
2024-09-07 03:04:40,793 INFO  statemachine.StateMachine (ArithmeticStateMachine.java:applyTransaction(181)) - LEADER:s5-73: a = 15 = 15
2024-09-07 03:04:40,796 DEBUG statemachine.StateMachine (ArithmeticStateMachine.java:applyTransaction(183)) - FOLLOWER:s4-73: a = 15 = 15
2024-09-07 03:04:40,798 DEBUG statemachine.StateMachine (ArithmeticStateMachine.java:applyTransaction(183)) - FOLLOWER:s3-73: a = 15 = 15
2024-09-07 03:04:40,802 INFO  statemachine.StateMachine (ArithmeticStateMachine.java:applyTransaction(181)) - LEADER:s5-75: b = 112 = 112
2024-09-07 03:04:40,804 DEBUG statemachine.StateMachine (ArithmeticStateMachine.java:applyTransaction(183)) - FOLLOWER:s4-75: b = 112 = 112
2024-09-07 03:04:40,806 DEBUG statemachine.StateMachine (ArithmeticStateMachine.java:applyTransaction(183)) - FOLLOWER:s3-75: b = 112 = 112
2024-09-07 03:04:40,810 INFO  statemachine.StateMachine (ArithmeticStateMachine.java:applyTransaction(181)) - LEADER:s5-77: c = √(a^2 + b^2) = 113
2024-09-07 03:04:40,812 DEBUG statemachine.StateMachine (ArithmeticStateMachine.java:applyTransaction(183)) - FOLLOWER:s4-77: c = √(a^2 + b^2) = 113
2024-09-07 03:04:40,813 DEBUG statemachine.StateMachine (ArithmeticStateMachine.java:applyTransaction(183)) - FOLLOWER:s3-77: c = √(a^2 + b^2) = 113
2024-09-07 03:04:40,819 INFO  statemachine.StateMachine (ArithmeticStateMachine.java:applyTransaction(181)) - LEADER:s5-79: a = null = null
2024-09-07 03:04:40,822 DEBUG statemachine.StateMachine (ArithmeticStateMachine.java:applyTransaction(183)) - FOLLOWER:s4-79: a = null = null
2024-09-07 03:04:40,825 DEBUG statemachine.StateMachine (ArithmeticStateMachine.java:applyTransaction(183)) - FOLLOWER:s3-79: a = null = null
2024-09-07 03:04:40,827 INFO  statemachine.StateMachine (ArithmeticStateMachine.java:applyTransaction(181)) - LEADER:s5-81: b = null = null
2024-09-07 03:04:40,832 DEBUG statemachine.StateMachine (ArithmeticStateMachine.java:applyTransaction(183)) - FOLLOWER:s4-81: b = null = null
2024-09-07 03:04:40,836 DEBUG statemachine.StateMachine (ArithmeticStateMachine.java:applyTransaction(183)) - FOLLOWER:s3-81: b = null = null
2024-09-07 03:04:40,839 INFO  statemachine.StateMachine (ArithmeticStateMachine.java:applyTransaction(181)) - LEADER:s5-83: c = null = null
2024-09-07 03:04:40,842 DEBUG statemachine.StateMachine (ArithmeticStateMachine.java:applyTransaction(183)) - FOLLOWER:s3-83: c = null = null
2024-09-07 03:04:40,848 INFO  statemachine.StateMachine (ArithmeticStateMachine.java:applyTransaction(181)) - LEADER:s5-85: a = 17 = 17
2024-09-07 03:04:40,849 DEBUG statemachine.StateMachine (ArithmeticStateMachine.java:applyTransaction(183)) - FOLLOWER:s4-83: c = null = null
2024-09-07 03:04:40,852 DEBUG statemachine.StateMachine (ArithmeticStateMachine.java:applyTransaction(183)) - FOLLOWER:s3-85: a = 17 = 17
2024-09-07 03:04:40,854 DEBUG statemachine.StateMachine (ArithmeticStateMachine.java:applyTransaction(183)) - FOLLOWER:s4-85: a = 17 = 17
2024-09-07 03:04:40,856 ERROR impl.StateMachineUpdater (StateMachineUpdater.java:run(206)) - s5@group-81EED7A8EFD4-StateMachineUpdater caught a Throwable.
java.lang.IllegalStateException: Failed to retain: object has already been completely released.
	at org.apache.ratis.util.ReferenceCountedLeakDetector$Impl.retain(ReferenceCountedLeakDetector.java:116)
	at org.apache.ratis.util.ReferenceCountedObject$3.retain(ReferenceCountedObject.java:145)
	at org.apache.ratis.server.raftlog.segmented.SegmentedRaftLog.retainLog(SegmentedRaftLog.java:310)
	at org.apache.ratis.server.impl.StateMachineUpdater.applyLog(StateMachineUpdater.java:244)
	at org.apache.ratis.server.impl.StateMachineUpdater.run(StateMachineUpdater.java:193)
	at java.lang.Thread.run(Thread.java:750)
2024-09-07 03:04:40,859 INFO  server.RaftServer$Division (RaftServerImpl.java:lambda$close$1(510)) - s5@group-81EED7A8EFD4: shutdown
2024-09-07 03:04:40,859 INFO  util.JmxRegister (JmxRegister.java:unregister(74)) - Successfully un-registered JMX Bean with object name Ratis:service=RaftServer,group=group-81EED7A8EFD4,id=s5
2024-09-07 03:04:40,859 INFO  impl.RoleInfo (RoleInfo.java:shutdownLeaderState(103)) - s5: shutdown s5@group-81EED7A8EFD4-LeaderStateImpl
2024-09-07 03:04:40,859 INFO  impl.PendingRequests (PendingRequests.java:sendNotLeaderResponses(287)) - s5@group-81EED7A8EFD4-PendingRequests: sendNotLeaderResponses
2024-09-07 03:04:40,859 WARN  server.GrpcLogAppender (GrpcLogAppender.java:mayWait(293)) - s5@group-81EED7A8EFD4->s3-GrpcLogAppender: Wait interrupted by java.lang.InterruptedException
2024-09-07 03:04:40,861 INFO  server.GrpcServerProtocolService (GrpcServerProtocolService.java:onCompleted(200)) - s3: Completed APPEND_ENTRIES, lastRequest: null
2024-09-07 03:04:40,862 DEBUG statemachine.StateMachine (ArithmeticStateMachine.java:applyTransaction(183)) - FOLLOWER:s4-87: b = 144 = 144
2024-09-07 03:04:40,862 DEBUG statemachine.StateMachine (ArithmeticStateMachine.java:applyTransaction(183)) - FOLLOWER:s3-87: b = 144 = 144
2024-09-07 03:04:40,861 WARN  server.GrpcLogAppender (GrpcLogAppender.java:mayWait(293)) - s5@group-81EED7A8EFD4->s4-GrpcLogAppender: Wait interrupted by java.lang.InterruptedException
2024-09-07 03:04:40,862 INFO  server.GrpcServerProtocolService (GrpcServerProtocolService.java:onCompleted(200)) - s3: Completed APPEND_ENTRIES, lastRequest: s5->s3#246-t2,previous=(t:2, i:87),leaderCommit=87,initializing? false,entries: size=1, first=(t:2, i:88), METADATAENTRY(c:87)
2024-09-07 03:04:40,863 INFO  server.GrpcServerProtocolService (GrpcServerProtocolService.java:lambda$onCompleted$7(202)) - s3: Completed APPEND_ENTRIES, lastReply: null
2024-09-07 03:04:40,867 INFO  server.GrpcServerProtocolService (GrpcServerProtocolService.java:onCompleted(200)) - s4: Completed APPEND_ENTRIES, lastRequest: null
2024-09-07 03:04:40,863 INFO  server.GrpcClientProtocolService (GrpcClientProtocolService.java:lambda$processClientRequest$0(331)) - Failed request cid=336, null, reply=RaftClientReply:client-9A2451D9D84D->s5@group-81EED7A8EFD4, cid=336, FAILED org.apache.ratis.protocol.exceptions.NotLeaderException: Server s5@group-81EED7A8EFD4 is not the leader, logIndex=0, commits[s5:c87]
2024-09-07 03:04:40,867 INFO  server.GrpcServerProtocolService (GrpcServerProtocolService.java:onCompleted(200)) - s4: Completed APPEND_ENTRIES, lastRequest: s5->s4#215-t2,previous=(t:2, i:87),leaderCommit=87,initializing? false,entries: size=1, first=(t:2, i:88), METADATAENTRY(c:87)
2024-09-07 03:04:40,868 INFO  server.GrpcServerProtocolService (GrpcServerProtocolService.java:lambda$onCompleted$7(202)) - s4: Completed APPEND_ENTRIES, lastReply: null
2024-09-07 03:04:40,869 INFO  server.GrpcLogAppender (GrpcLogAppender.java:onCompleted(559)) - s5@group-81EED7A8EFD4->s4-AppendLogResponseHandler: follower responses appendEntries COMPLETED
2024-09-07 03:04:40,869 INFO  impl.StateMachineUpdater (StateMachineUpdater.java:stop(141)) - s5@group-81EED7A8EFD4-StateMachineUpdater: closing ArithmeticStateMachine, lastApplied=(t:2, i:86)
2024-09-07 03:04:40,870 INFO  util.AwaitToRun (AwaitToRun.java:run(49)) - s5@group-81EED7A8EFD4-cacheEviction-AwaitToRun-AwaitForSignal is interrupted
2024-09-07 03:04:40,872 INFO  server.GrpcLogAppender (GrpcLogAppender.java:onCompleted(559)) - s5@group-81EED7A8EFD4->s3-AppendLogResponseHandler: follower responses appendEntries COMPLETED
2024-09-07 03:04:40,873 WARN  server.RaftServer$Division (ServerState.java:close(437)) - s5@group-81EED7A8EFD4: Failed to close raft log s5@group-81EED7A8EFD4-SegmentedRaftLog:CLOSED:c87
java.lang.IllegalStateException: Failed to release: object has already been completely released.
	at org.apache.ratis.util.ReferenceCountedLeakDetector$Impl.release(ReferenceCountedLeakDetector.java:130)
	at org.apache.ratis.util.ReferenceCountedLeakDetector$SimpleTracing.release(ReferenceCountedLeakDetector.java:152)
	at org.apache.ratis.util.ReferenceCountedObject$3.release(ReferenceCountedObject.java:151)
	at java.util.concurrent.ConcurrentHashMap$ValuesView.forEach(ConcurrentHashMap.java:4705)
	at org.apache.ratis.server.raftlog.segmented.LogSegment$EntryCache.clear(LogSegment.java:309)
	at org.apache.ratis.server.raftlog.segmented.LogSegment.evictCache(LogSegment.java:517)
	at org.apache.ratis.server.raftlog.segmented.LogSegment.clear(LogSegment.java:508)
	at org.apache.ratis.server.raftlog.segmented.SegmentedRaftLogCache.close(SegmentedRaftLogCache.java:742)
	at org.apache.ratis.server.raftlog.segmented.SegmentedRaftLog.close(SegmentedRaftLog.java:563)
	at org.apache.ratis.server.impl.ServerState.close(ServerState.java:434)
	at org.apache.ratis.server.impl.RaftServerImpl.lambda$close$1(RaftServerImpl.java:532)
	at org.apache.ratis.util.LifeCycle.lambda$checkStateAndClose$7(LifeCycle.java:306)
	at org.apache.ratis.util.LifeCycle.checkStateAndClose(LifeCycle.java:326)
	at org.apache.ratis.util.LifeCycle.checkStateAndClose(LifeCycle.java:304)
	at org.apache.ratis.server.impl.RaftServerImpl.close(RaftServerImpl.java:509)
	at org.apache.ratis.server.impl.StateMachineUpdater.run(StateMachineUpdater.java:207)
	at java.lang.Thread.run(Thread.java:750)
2024-09-07 03:04:40,984 INFO  server.GrpcServerProtocolService (GrpcServerProtocolService.java:lambda$onCompleted$7(202)) - s4: Completed APPEND_ENTRIES, lastReply: serverReply {
  requestorId: "s5"
  replyId: "s4"
  raftGroupId {
    id: "\266\236\240\335\311\306L\237\222\354\201\356\327\250\357\324"
  }
  callId: 6
  success: true
}
term: 2
nextIndex: 1
matchIndex: 18446744073709551615
isHearbeat: true

2024-09-07 03:04:40,986 INFO  server.GrpcLogAppender (GrpcLogAppender.java:onCompleted(559)) - s5@group-81EED7A8EFD4->s4-AppendLogResponseHandler: follower responses appendEntries COMPLETED
2024-09-07 03:04:40,987 INFO  server.GrpcServerProtocolService (GrpcServerProtocolService.java:lambda$onCompleted$7(202)) - s3: Completed APPEND_ENTRIES, lastReply: serverReply {
  requestorId: "s5"
  replyId: "s3"
  raftGroupId {
    id: "\266\236\240\335\311\306L\237\222\354\201\356\327\250\357\324"
  }
  callId: 7
  success: true
}
term: 2
nextIndex: 1
matchIndex: 18446744073709551615
isHearbeat: true

2024-09-07 03:04:40,994 INFO  server.GrpcLogAppender (GrpcLogAppender.java:onCompleted(559)) - s5@group-81EED7A8EFD4->s3-AppendLogResponseHandler: follower responses appendEntries COMPLETED
2024-09-07 03:04:40,995 INFO  server.GrpcClientProtocolService (GrpcClientProtocolService.java:lambda$processClientRequest$0(331)) - Failed request cid=336, null, reply=RaftClientReply:client-9A2451D9D84D->s4@group-81EED7A8EFD4, cid=336, FAILED org.apache.ratis.protocol.exceptions.NotLeaderException: Server s4@group-81EED7A8EFD4 is not the leader, suggested leader is: s5|localhost:15020, logIndex=0, commits[s4:c87, s3:c86, s5:c87]
2024-09-07 03:04:41,239 INFO  server.GrpcClientProtocolService (GrpcClientProtocolService.java:lambda$processClientRequest$0(331)) - Failed request cid=336, null, reply=RaftClientReply:client-9A2451D9D84D->s4@group-81EED7A8EFD4, cid=336, FAILED org.apache.ratis.protocol.exceptions.NotLeaderException: Server s4@group-81EED7A8EFD4 is not the leader, suggested leader is: s5|localhost:15020, logIndex=0, commits[s4:c87, s3:c86, s5:c87]
2024-09-07 03:04:41,320 INFO  impl.FollowerState (FollowerState.java:run(144)) - s3@group-81EED7A8EFD4-FollowerState: change to CANDIDATE, lastRpcElapsedTime:462273527ns, electionTimeout:425ms
2024-09-07 03:04:41,320 INFO  impl.RoleInfo (RoleInfo.java:shutdownFollowerState(119)) - s3: shutdown s3@group-81EED7A8EFD4-FollowerState
2024-09-07 03:04:41,320 INFO  server.RaftServer$Division (RaftServerImpl.java:setRole(378)) - s3@group-81EED7A8EFD4: changes role from  FOLLOWER to CANDIDATE at term 2 for changeToCandidate
2024-09-07 03:04:41,320 INFO  server.RaftServerConfigKeys (ConfUtils.java:logGet(46)) - raft.server.leaderelection.pre-vote = true (default)
2024-09-07 03:04:41,320 INFO  impl.RoleInfo (RoleInfo.java:updateAndGet(148)) - s3: start s3@group-81EED7A8EFD4-LeaderElection10
2024-09-07 03:04:41,321 INFO  server.RaftServer$Division (ServerState.java:setLeader(272)) - s3@group-81EED7A8EFD4: change Leader from s5 to null at term 2 for PRE_VOTE
2024-09-07 03:04:41,321 INFO  impl.LeaderElection (LeaderElection.java:askForVotes(325)) - s3@group-81EED7A8EFD4-LeaderElection10 PRE_VOTE round 0: submit vote requests at term 2 for conf: {index: 0, cur=peers:[s3|localhost:15012, s4|localhost:15016, s5|localhost:15020]|listeners:[], old=null}
2024-09-07 03:04:41,324 INFO  server.RaftServer$Division (RaftServerImpl.java:requestVote(1437)) - s4@group-81EED7A8EFD4: receive requestVote(PRE_VOTE, s3, group-81EED7A8EFD4, 2, (t:2, i:88))
2024-09-07 03:04:41,324 INFO  server.RaftServer$Division (RaftServerImpl.java:requestVote(1437)) - s5@group-81EED7A8EFD4: receive requestVote(PRE_VOTE, s3, group-81EED7A8EFD4, 2, (t:2, i:88))
2024-09-07 03:04:41,324 INFO  impl.VoteContext (VoteContext.java:log(49)) - s4@group-81EED7A8EFD4-FOLLOWER: accept PRE_VOTE from s3: our priority 0 <= candidate's priority 0
2024-09-07 03:04:41,325 INFO  server.RaftServer$Division (RaftServerImpl.java:requestVote(1470)) - s4@group-81EED7A8EFD4 replies to PRE_VOTE vote request: s3<-s4#0:OK-t2. Peer's state: s4@group-81EED7A8EFD4:t2, leader=s5, voted=s5, raftlog=Memoized:s4@group-81EED7A8EFD4-SegmentedRaftLog:OPENED:c87:last(t:2, i:88), conf=conf: {index: 0, cur=peers:[s3|localhost:15012, s4|localhost:15016, s5|localhost:15020]|listeners:[], old=null}
2024-09-07 03:04:41,325 WARN  server.GrpcServerProtocolService (LogUtils.java:warn(121)) - s5: Failed requestVote s3->s5#0: org.apache.ratis.protocol.exceptions.ServerNotReadyException: s5@group-81EED7A8EFD4 is not in [RUNNING]: current state is CLOSED
2024-09-07 03:04:41,327 INFO  impl.LeaderElection (LeaderElection.java:logAndReturn(89)) - s3@group-81EED7A8EFD4-LeaderElection10: PRE_VOTE PASSED received 1 response(s) and 0 exception(s):
2024-09-07 03:04:41,327 INFO  impl.LeaderElection (LeaderElection.java:logAndReturn(93)) -   Response 0: s3<-s4#0:OK-t2
2024-09-07 03:04:41,327 INFO  impl.LeaderElection (LeaderElection.java:askForVotes(327)) - s3@group-81EED7A8EFD4-LeaderElection10 PRE_VOTE round 0: result PASSED
2024-09-07 03:04:41,328 TRACE util.FileUtils (LogUtils.java:supplyAndLog(69)) - Successfully supplied FileChannel.open /home/runner/work/ratis/ratis/ratis-examples/target/test/data/72ef903c/MiniRaftClusterWithGrpcffb1a70b/s3/b69ea0dd-c9c6-4c9f-92ec-81eed7a8efd4/current/raft-meta.tmp with options [CREATE, WRITE]: sun.nio.ch.FileChannelImpl@3c59e82
2024-09-07 03:04:41,330 TRACE util.FileUtils (LogUtils.java:runAndLog(49)) - Successfully ran Atomic Files.move /home/runner/work/ratis/ratis/ratis-examples/target/test/data/72ef903c/MiniRaftClusterWithGrpcffb1a70b/s3/b69ea0dd-c9c6-4c9f-92ec-81eed7a8efd4/current/raft-meta.tmp to /home/runner/work/ratis/ratis/ratis-examples/target/test/data/72ef903c/MiniRaftClusterWithGrpcffb1a70b/s3/b69ea0dd-c9c6-4c9f-92ec-81eed7a8efd4/current/raft-meta with options [REPLACE_EXISTING]
2024-09-07 03:04:41,330 INFO  impl.LeaderElection (LeaderElection.java:askForVotes(325)) - s3@group-81EED7A8EFD4-LeaderElection10 ELECTION round 0: submit vote requests at term 3 for conf: {index: 0, cur=peers:[s3|localhost:15012, s4|localhost:15016, s5|localhost:15020]|listeners:[], old=null}
2024-09-07 03:04:41,333 INFO  server.RaftServer$Division (RaftServerImpl.java:requestVote(1437)) - s5@group-81EED7A8EFD4: receive requestVote(ELECTION, s3, group-81EED7A8EFD4, 3, (t:2, i:88))
2024-09-07 03:04:41,333 INFO  server.RaftServer$Division (RaftServerImpl.java:requestVote(1437)) - s4@group-81EED7A8EFD4: receive requestVote(ELECTION, s3, group-81EED7A8EFD4, 3, (t:2, i:88))
2024-09-07 03:04:41,333 WARN  server.GrpcServerProtocolService (LogUtils.java:warn(121)) - s5: Failed requestVote s3->s5#0: org.apache.ratis.protocol.exceptions.ServerNotReadyException: s5@group-81EED7A8EFD4 is not in [RUNNING]: current state is CLOSED
2024-09-07 03:04:41,333 INFO  impl.VoteContext (VoteContext.java:log(49)) - s4@group-81EED7A8EFD4-FOLLOWER: accept ELECTION from s3: our priority 0 <= candidate's priority 0
2024-09-07 03:04:41,333 INFO  server.RaftServer$Division (ServerState.java:setLeader(272)) - s4@group-81EED7A8EFD4: change Leader from s5 to null at term 3 for updateCurrentTerm
2024-09-07 03:04:41,333 INFO  server.RaftServer$Division (RaftServerImpl.java:setRole(378)) - s4@group-81EED7A8EFD4: changes role from  FOLLOWER to FOLLOWER at term 3 for candidate:s3
2024-09-07 03:04:41,334 INFO  impl.RoleInfo (RoleInfo.java:shutdownFollowerState(119)) - s4: shutdown s4@group-81EED7A8EFD4-FollowerState
2024-09-07 03:04:41,334 INFO  impl.FollowerState (FollowerState.java:run(153)) - s4@group-81EED7A8EFD4-FollowerState was interrupted
2024-09-07 03:04:41,334 INFO  impl.RoleInfo (RoleInfo.java:updateAndGet(148)) - s4: start s4@group-81EED7A8EFD4-FollowerState
2024-09-07 03:04:41,334 TRACE util.FileUtils (LogUtils.java:supplyAndLog(69)) - Successfully supplied FileChannel.open /home/runner/work/ratis/ratis/ratis-examples/target/test/data/72ef903c/MiniRaftClusterWithGrpcffb1a70b/s4/b69ea0dd-c9c6-4c9f-92ec-81eed7a8efd4/current/raft-meta.tmp with options [CREATE, WRITE]: sun.nio.ch.FileChannelImpl@af5cc3f
2024-09-07 03:04:41,337 TRACE util.FileUtils (LogUtils.java:runAndLog(49)) - Successfully ran Atomic Files.move /home/runner/work/ratis/ratis/ratis-examples/target/test/data/72ef903c/MiniRaftClusterWithGrpcffb1a70b/s4/b69ea0dd-c9c6-4c9f-92ec-81eed7a8efd4/current/raft-meta.tmp to /home/runner/work/ratis/ratis/ratis-examples/target/test/data/72ef903c/MiniRaftClusterWithGrpcffb1a70b/s4/b69ea0dd-c9c6-4c9f-92ec-81eed7a8efd4/current/raft-meta with options [REPLACE_EXISTING]
2024-09-07 03:04:41,337 INFO  server.RaftServer$Division (RaftServerImpl.java:requestVote(1470)) - s4@group-81EED7A8EFD4 replies to ELECTION vote request: s3<-s4#0:OK-t3. Peer's state: s4@group-81EED7A8EFD4:t3, leader=null, voted=s3, raftlog=Memoized:s4@group-81EED7A8EFD4-SegmentedRaftLog:OPENED:c87:last(t:2, i:88), conf=conf: {index: 0, cur=peers:[s3|localhost:15012, s4|localhost:15016, s5|localhost:15020]|listeners:[], old=null}
2024-09-07 03:04:41,338 INFO  impl.LeaderElection (LeaderElection.java:logAndReturn(89)) - s3@group-81EED7A8EFD4-LeaderElection10: ELECTION PASSED received 1 response(s) and 0 exception(s):
2024-09-07 03:04:41,338 INFO  impl.LeaderElection (LeaderElection.java:logAndReturn(93)) -   Response 0: s3<-s4#0:OK-t3
2024-09-07 03:04:41,339 INFO  impl.LeaderElection (LeaderElection.java:askForVotes(327)) - s3@group-81EED7A8EFD4-LeaderElection10 ELECTION round 0: result PASSED
2024-09-07 03:04:41,339 INFO  impl.RoleInfo (RoleInfo.java:shutdownLeaderElection(139)) - s3: shutdown s3@group-81EED7A8EFD4-LeaderElection10
2024-09-07 03:04:41,339 INFO  server.RaftServer$Division (RaftServerImpl.java:setRole(378)) - s3@group-81EED7A8EFD4: changes role from CANDIDATE to LEADER at term 3 for changeToLeader
2024-09-07 03:04:41,339 INFO  server.RaftServerConfigKeys (ConfUtils.java:logGet(46)) - raft.server.staging.catchup.gap = 1000 (default)
2024-09-07 03:04:41,339 INFO  server.RaftServerConfigKeys (ConfUtils.java:logGet(46)) - raft.server.write.element-limit = 4096 (default)
2024-09-07 03:04:41,339 INFO  server.RaftServerConfigKeys (ConfUtils.java:logGet(46)) - raft.server.write.byte-limit = 64MB (=67108864) (default)
2024-09-07 03:04:41,339 INFO  server.RaftServerConfigKeys (ConfUtils.java:logGet(46)) - raft.server.watch.timeout = 10s (default)
2024-09-07 03:04:41,339 INFO  server.RaftServerConfigKeys (ConfUtils.java:logGet(46)) - raft.server.watch.timeout.denomination = 1s (default)
2024-09-07 03:04:41,339 INFO  server.RaftServerConfigKeys (ConfUtils.java:logGet(46)) - raft.server.watch.element-limit = 65536 (default)
2024-09-07 03:04:41,340 INFO  server.RaftServerConfigKeys (ConfUtils.java:logGet(46)) - raft.server.read.leader.lease.enabled = false (default)
2024-09-07 03:04:41,340 INFO  server.RaftServerConfigKeys (ConfUtils.java:logGet(46)) - raft.server.read.leader.lease.timeout.ratio = 0.9 (default)
2024-09-07 03:04:41,340 INFO  server.RaftServerConfigKeys (ConfUtils.java:logGet(46)) - raft.server.rpc.timeout.min = 300ms (custom)
2024-09-07 03:04:41,340 INFO  server.RaftServerConfigKeys (ConfUtils.java:logGet(46)) - raft.server.log.log-metadata.enabled = true (default)
2024-09-07 03:04:41,340 INFO  server.RaftServerConfigKeys (ConfUtils.java:logGet(46)) - raft.server.write.element-limit = 4096 (default)
2024-09-07 03:04:41,340 INFO  server.RaftServerConfigKeys (ConfUtils.java:logGet(46)) - raft.server.write.follower.gap.ratio.max = -1.0 (default)
2024-09-07 03:04:41,341 INFO  server.RaftServerConfigKeys (ConfUtils.java:logGet(46)) - raft.server.log.appender.snapshot.chunk.size.max = 16MB (=16777216) (default)
2024-09-07 03:04:41,341 INFO  server.RaftServerConfigKeys (ConfUtils.java:logGet(46)) - raft.server.log.appender.buffer.byte-limit = 4MB (=4194304) (default)
2024-09-07 03:04:41,341 INFO  server.RaftServerConfigKeys (ConfUtils.java:logGet(46)) - raft.server.log.appender.buffer.element-limit = 0 (default)
2024-09-07 03:04:41,341 INFO  server.RaftServerConfigKeys (ConfUtils.java:logGet(46)) - raft.server.log.appender.wait-time.min = 1ms (default)
2024-09-07 03:04:41,341 INFO  grpc.GrpcConfigKeys (ConfUtils.java:logGet(46)) - raft.grpc.server.leader.outstanding.appends.max = 8 (default)
2024-09-07 03:04:41,341 INFO  server.RaftServerConfigKeys (ConfUtils.java:logGet(46)) - raft.server.rpc.request.timeout = 3000ms (default)
2024-09-07 03:04:41,341 INFO  grpc.GrpcConfigKeys (ConfUtils.java:logGet(46)) - raft.grpc.server.install_snapshot.request.element-limit = 8 (default)
2024-09-07 03:04:41,341 INFO  grpc.GrpcConfigKeys (ConfUtils.java:logGet(46)) - raft.grpc.server.install_snapshot.request.timeout = 3000ms (default)
2024-09-07 03:04:41,341 INFO  grpc.GrpcConfigKeys (ConfUtils.java:logGet(46)) - raft.grpc.server.log-message.batch.duration = 5s (default)
2024-09-07 03:04:41,341 INFO  server.RaftServerConfigKeys (ConfUtils.java:logGet(46)) - raft.server.log.appender.install.snapshot.enabled = true (default)
2024-09-07 03:04:41,341 INFO  grpc.GrpcConfigKeys (ConfUtils.java:logGet(46)) - raft.grpc.server.heartbeat.channel = true (default)
2024-09-07 03:04:41,343 INFO  server.RaftServerConfigKeys (ConfUtils.java:logGet(46)) - raft.server.log.appender.snapshot.chunk.size.max = 16MB (=16777216) (default)
2024-09-07 03:04:41,343 INFO  server.RaftServerConfigKeys (ConfUtils.java:logGet(46)) - raft.server.log.appender.buffer.byte-limit = 4MB (=4194304) (default)
2024-09-07 03:04:41,343 INFO  server.RaftServerConfigKeys (ConfUtils.java:logGet(46)) - raft.server.log.appender.buffer.element-limit = 0 (default)
2024-09-07 03:04:41,343 INFO  server.RaftServerConfigKeys (ConfUtils.java:logGet(46)) - raft.server.log.appender.wait-time.min = 1ms (default)
2024-09-07 03:04:41,343 INFO  grpc.GrpcConfigKeys (ConfUtils.java:logGet(46)) - raft.grpc.server.leader.outstanding.appends.max = 8 (default)
2024-09-07 03:04:41,343 INFO  server.RaftServerConfigKeys (ConfUtils.java:logGet(46)) - raft.server.rpc.request.timeout = 3000ms (default)
2024-09-07 03:04:41,344 INFO  grpc.GrpcConfigKeys (ConfUtils.java:logGet(46)) - raft.grpc.server.install_snapshot.request.element-limit = 8 (default)
2024-09-07 03:04:41,344 INFO  grpc.GrpcConfigKeys (ConfUtils.java:logGet(46)) - raft.grpc.server.install_snapshot.request.timeout = 3000ms (default)
2024-09-07 03:04:41,344 INFO  grpc.GrpcConfigKeys (ConfUtils.java:logGet(46)) - raft.grpc.server.log-message.batch.duration = 5s (default)
2024-09-07 03:04:41,344 INFO  server.RaftServerConfigKeys (ConfUtils.java:logGet(46)) - raft.server.log.appender.install.snapshot.enabled = true (default)
2024-09-07 03:04:41,344 INFO  grpc.GrpcConfigKeys (ConfUtils.java:logGet(46)) - raft.grpc.server.heartbeat.channel = true (default)
2024-09-07 03:04:41,344 INFO  impl.RoleInfo (RoleInfo.java:updateAndGet(148)) - s3: start s3@group-81EED7A8EFD4-LeaderStateImpl
2024-09-07 03:04:41,344 INFO  server.RaftServer$Division (ServerState.java:setLeader(272)) - s3@group-81EED7A8EFD4: change Leader from null to s3 at term 3 for becomeLeader, leader elected after 23ms
2024-09-07 03:04:41,345 INFO  segmented.SegmentedRaftLogWorker (SegmentedRaftLogWorker.java:rollLogSegment(443)) - s3@group-81EED7A8EFD4-SegmentedRaftLogWorker: Rolling segment log-0_88 to index:88
2024-09-07 03:04:41,345 INFO  server.RaftServer$Division (ServerState.java:setRaftConf(386)) - s3@group-81EED7A8EFD4: set configuration conf: {index: 89, cur=peers:[s3|localhost:15012, s4|localhost:15016, s5|localhost:15020]|listeners:[], old=null}
2024-09-07 03:04:41,347 TRACE util.FileUtils (LogUtils.java:runAndLog(49)) - Successfully ran Atomic Files.move /home/runner/work/ratis/ratis/ratis-examples/target/test/data/72ef903c/MiniRaftClusterWithGrpcffb1a70b/s3/b69ea0dd-c9c6-4c9f-92ec-81eed7a8efd4/current/log_inprogress_0 to /home/runner/work/ratis/ratis/ratis-examples/target/test/data/72ef903c/MiniRaftClusterWithGrpcffb1a70b/s3/b69ea0dd-c9c6-4c9f-92ec-81eed7a8efd4/current/log_0-88
2024-09-07 03:04:41,347 INFO  segmented.SegmentedRaftLogWorker (SegmentedRaftLogWorker.java:execute(617)) - s3@group-81EED7A8EFD4-SegmentedRaftLogWorker: Rolled log segment from /home/runner/work/ratis/ratis/ratis-examples/target/test/data/72ef903c/MiniRaftClusterWithGrpcffb1a70b/s3/b69ea0dd-c9c6-4c9f-92ec-81eed7a8efd4/current/log_inprogress_0 to /home/runner/work/ratis/ratis/ratis-examples/target/test/data/72ef903c/MiniRaftClusterWithGrpcffb1a70b/s3/b69ea0dd-c9c6-4c9f-92ec-81eed7a8efd4/current/log_0-88
2024-09-07 03:04:41,347 INFO  segmented.BufferedWriteChannel (BufferedWriteChannel.java:open(61)) - open log_inprogress_89 at position 0
2024-09-07 03:04:41,361 INFO  segmented.SegmentedRaftLogWorker (SegmentedRaftLogWorker.java:execute(660)) - s3@group-81EED7A8EFD4-SegmentedRaftLogWorker: created new log segment /home/runner/work/ratis/ratis/ratis-examples/target/test/data/72ef903c/MiniRaftClusterWithGrpcffb1a70b/s3/b69ea0dd-c9c6-4c9f-92ec-81eed7a8efd4/current/log_inprogress_89
2024-09-07 03:04:41,361 INFO  server.RaftServer$Division (ServerState.java:setLeader(272)) - s4@group-81EED7A8EFD4: change Leader from null to s3 at term 3 for appendEntries, leader elected after 28ms
2024-09-07 03:04:41,366 WARN  server.GrpcServerProtocolService (LogUtils.java:warn(123)) - s5: Failed APPEND_ENTRIES request cid=1, isHeartbeat? false
java.util.concurrent.CompletionException: java.util.concurrent.RejectedExecutionException: Task java.util.concurrent.CompletableFuture$AsyncSupply@4218abdb rejected from java.util.concurrent.ThreadPoolExecutor@4d44117d[Terminated, pool size = 0, active threads = 0, queued tasks = 0, completed tasks = 0]
	at java.util.concurrent.CompletableFuture.encodeThrowable(CompletableFuture.java:273)
	at java.util.concurrent.CompletableFuture.uniComposeStage(CompletableFuture.java:1005)
	at java.util.concurrent.CompletableFuture.thenCompose(CompletableFuture.java:2137)
	at org.apache.ratis.server.impl.RaftServerProxy.appendEntriesAsync(RaftServerProxy.java:655)
	at org.apache.ratis.grpc.server.GrpcServerProtocolService$1.process(GrpcServerProtocolService.java:307)
	at org.apache.ratis.grpc.server.GrpcServerProtocolService$ServerRequestStreamObserver.onNext(GrpcServerProtocolService.java:174)
	at org.apache.ratis.thirdparty.io.grpc.stub.ServerCalls$StreamingServerCallHandler$StreamingServerCallListener.onMessage(ServerCalls.java:262)
	at org.apache.ratis.thirdparty.io.grpc.internal.ServerCallImpl$ServerStreamListenerImpl.messagesAvailableInternal(ServerCallImpl.java:329)
	at org.apache.ratis.thirdparty.io.grpc.internal.ServerCallImpl$ServerStreamListenerImpl.messagesAvailable(ServerCallImpl.java:314)
	at org.apache.ratis.thirdparty.io.grpc.internal.ServerImpl$JumpToApplicationThreadServerStreamListener$1MessagesAvailable.runInContext(ServerImpl.java:833)
	at org.apache.ratis.thirdparty.io.grpc.internal.ContextRunnable.run(ContextRunnable.java:37)
	at org.apache.ratis.thirdparty.io.grpc.internal.SerializingExecutor.run(SerializingExecutor.java:133)
	at java.util.concurrent.ThreadPoolExecutor.runWorker(ThreadPoolExecutor.java:1149)
	at java.util.concurrent.ThreadPoolExecutor$Worker.run(ThreadPoolExecutor.java:624)
	at java.lang.Thread.run(Thread.java:750)
Caused by: java.util.concurrent.RejectedExecutionException: Task java.util.concurrent.CompletableFuture$AsyncSupply@4218abdb rejected from java.util.concurrent.ThreadPoolExecutor@4d44117d[Terminated, pool size = 0, active threads = 0, queued tasks = 0, completed tasks = 0]
	at java.util.concurrent.ThreadPoolExecutor$AbortPolicy.rejectedExecution(ThreadPoolExecutor.java:2063)
	at java.util.concurrent.ThreadPoolExecutor.reject(ThreadPoolExecutor.java:830)
	at java.util.concurrent.ThreadPoolExecutor.execute(ThreadPoolExecutor.java:1379)
	at java.util.concurrent.CompletableFuture.asyncSupplyStage(CompletableFuture.java:1618)
	at java.util.concurrent.CompletableFuture.supplyAsync(CompletableFuture.java:1843)
	at org.apache.ratis.server.impl.RaftServerImpl.executeSubmitServerRequestAsync(RaftServerImpl.java:896)
	at org.apache.ratis.server.impl.RaftServerProxy.lambda$appendEntriesAsync$29(RaftServerProxy.java:655)
	at java.util.concurrent.CompletableFuture.uniComposeStage(CompletableFuture.java:995)
	... 13 more
2024-09-07 03:04:41,370 INFO  server.RaftServer$Division (ServerState.java:setRaftConf(386)) - s4@group-81EED7A8EFD4: set configuration conf: {index: 89, cur=peers:[s3|localhost:15012, s4|localhost:15016, s5|localhost:15020]|listeners:[], old=null}
2024-09-07 03:04:41,370 INFO  segmented.SegmentedRaftLogWorker (SegmentedRaftLogWorker.java:rollLogSegment(443)) - s4@group-81EED7A8EFD4-SegmentedRaftLogWorker: Rolling segment log-0_88 to index:88
2024-09-07 03:04:41,371 TRACE util.FileUtils (LogUtils.java:runAndLog(49)) - Successfully ran Atomic Files.move /home/runner/work/ratis/ratis/ratis-examples/target/test/data/72ef903c/MiniRaftClusterWithGrpcffb1a70b/s4/b69ea0dd-c9c6-4c9f-92ec-81eed7a8efd4/current/log_inprogress_0 to /home/runner/work/ratis/ratis/ratis-examples/target/test/data/72ef903c/MiniRaftClusterWithGrpcffb1a70b/s4/b69ea0dd-c9c6-4c9f-92ec-81eed7a8efd4/current/log_0-88
2024-09-07 03:04:41,371 INFO  segmented.SegmentedRaftLogWorker (SegmentedRaftLogWorker.java:execute(617)) - s4@group-81EED7A8EFD4-SegmentedRaftLogWorker: Rolled log segment from /home/runner/work/ratis/ratis/ratis-examples/target/test/data/72ef903c/MiniRaftClusterWithGrpcffb1a70b/s4/b69ea0dd-c9c6-4c9f-92ec-81eed7a8efd4/current/log_inprogress_0 to /home/runner/work/ratis/ratis/ratis-examples/target/test/data/72ef903c/MiniRaftClusterWithGrpcffb1a70b/s4/b69ea0dd-c9c6-4c9f-92ec-81eed7a8efd4/current/log_0-88
2024-09-07 03:04:41,371 INFO  segmented.BufferedWriteChannel (BufferedWriteChannel.java:open(61)) - open log_inprogress_89 at position 0
2024-09-07 03:04:41,377 WARN  server.GrpcLogAppender (LogUtils.java:warn(123)) - s3@group-81EED7A8EFD4->s5-AppendLogResponseHandler: Failed appendEntries
java.util.concurrent.RejectedExecutionException: Task java.util.concurrent.CompletableFuture$AsyncSupply@4218abdb rejected from java.util.concurrent.ThreadPoolExecutor@4d44117d[Terminated, pool size = 0, active threads = 0, queued tasks = 0, completed tasks = 0]
	at java.util.concurrent.ThreadPoolExecutor$AbortPolicy.rejectedExecution(ThreadPoolExecutor.java:2063)
	at java.util.concurrent.ThreadPoolExecutor.reject(ThreadPoolExecutor.java:830)
	at java.util.concurrent.ThreadPoolExecutor.execute(ThreadPoolExecutor.java:1379)
	at java.util.concurrent.CompletableFuture.asyncSupplyStage(CompletableFuture.java:1618)
	at java.util.concurrent.CompletableFuture.supplyAsync(CompletableFuture.java:1843)
	at org.apache.ratis.server.impl.RaftServerImpl.executeSubmitServerRequestAsync(RaftServerImpl.java:896)
	at org.apache.ratis.server.impl.RaftServerProxy.lambda$appendEntriesAsync$29(RaftServerProxy.java:655)
	at java.util.concurrent.CompletableFuture.uniComposeStage(CompletableFuture.java:995)
	at java.util.concurrent.CompletableFuture.thenCompose(CompletableFuture.java:2137)
	at org.apache.ratis.server.impl.RaftServerProxy.appendEntriesAsync(RaftServerProxy.java:655)
	at org.apache.ratis.grpc.server.GrpcServerProtocolService$1.process(GrpcServerProtocolService.java:307)
	at org.apache.ratis.grpc.server.GrpcServerProtocolService$ServerRequestStreamObserver.onNext(GrpcServerProtocolService.java:174)
	at org.apache.ratis.thirdparty.io.grpc.stub.ServerCalls$StreamingServerCallHandler$StreamingServerCallListener.onMessage(ServerCalls.java:262)
	at org.apache.ratis.thirdparty.io.grpc.internal.ServerCallImpl$ServerStreamListenerImpl.messagesAvailableInternal(ServerCallImpl.java:329)
	at org.apache.ratis.thirdparty.io.grpc.internal.ServerCallImpl$ServerStreamListenerImpl.messagesAvailable(ServerCallImpl.java:314)
	at org.apache.ratis.thirdparty.io.grpc.internal.ServerImpl$JumpToApplicationThreadServerStreamListener$1MessagesAvailable.runInContext(ServerImpl.java:833)
	at org.apache.ratis.thirdparty.io.grpc.internal.ContextRunnable.run(ContextRunnable.java:37)
	at org.apache.ratis.thirdparty.io.grpc.internal.SerializingExecutor.run(SerializingExecutor.java:133)
	at java.util.concurrent.ThreadPoolExecutor.runWorker(ThreadPoolExecutor.java:1149)
	at java.util.concurrent.ThreadPoolExecutor$Worker.run(ThreadPoolExecutor.java:624)
	at java.lang.Thread.run(Thread.java:750)
2024-09-07 03:04:41,377 INFO  leader.LogAppender (LogAppenderBase.java:lambda$getNextIndexForError$0(219)) - Decrease nextIndex to 89
2024-09-07 03:04:41,378 INFO  leader.LogAppender (LogAppenderBase.java:lambda$getNextIndexForError$0(219)) - Decrease nextIndex to 89
2024-09-07 03:04:41,378 INFO  leader.FollowerInfo (FollowerInfoImpl.java:info(70)) - s3@group-81EED7A8EFD4->s5: computeNextIndex nextIndex: updateUnconditionally 90 -> 89
2024-09-07 03:04:41,382 INFO  segmented.SegmentedRaftLogWorker (SegmentedRaftLogWorker.java:execute(660)) - s4@group-81EED7A8EFD4-SegmentedRaftLogWorker: created new log segment /home/runner/work/ratis/ratis/ratis-examples/target/test/data/72ef903c/MiniRaftClusterWithGrpcffb1a70b/s4/b69ea0dd-c9c6-4c9f-92ec-81eed7a8efd4/current/log_inprogress_89
2024-09-07 03:04:41,385 TRACE util.FileUtils (LogUtils.java:supplyAndLog(69)) - Successfully supplied FileChannel.open /home/runner/work/ratis/ratis/ratis-examples/target/test/data/72ef903c/MiniRaftClusterWithGrpcffb1a70b/s3/b69ea0dd-c9c6-4c9f-92ec-81eed7a8efd4/current/raft-meta.conf.tmp with options [CREATE, WRITE]: sun.nio.ch.FileChannelImpl@17bf85b5
2024-09-07 03:04:41,387 TRACE util.FileUtils (LogUtils.java:runAndLog(49)) - Successfully ran Atomic Files.move /home/runner/work/ratis/ratis/ratis-examples/target/test/data/72ef903c/MiniRaftClusterWithGrpcffb1a70b/s3/b69ea0dd-c9c6-4c9f-92ec-81eed7a8efd4/current/raft-meta.conf.tmp to /home/runner/work/ratis/ratis/ratis-examples/target/test/data/72ef903c/MiniRaftClusterWithGrpcffb1a70b/s3/b69ea0dd-c9c6-4c9f-92ec-81eed7a8efd4/current/raft-meta.conf with options [REPLACE_EXISTING]
2024-09-07 03:04:41,387 INFO  server.RaftServer$Division (LeaderStateImpl.java:checkStartIndex(317)) - Leader s3@group-81EED7A8EFD4-LeaderStateImpl is ready since appliedIndex == startIndex == 89
2024-09-07 03:04:41,388 TRACE util.FileUtils (LogUtils.java:supplyAndLog(69)) - Successfully supplied FileChannel.open /home/runner/work/ratis/ratis/ratis-examples/target/test/data/72ef903c/MiniRaftClusterWithGrpcffb1a70b/s4/b69ea0dd-c9c6-4c9f-92ec-81eed7a8efd4/current/raft-meta.conf.tmp with options [CREATE, WRITE]: sun.nio.ch.FileChannelImpl@6abe17f
2024-09-07 03:04:41,390 TRACE util.FileUtils (LogUtils.java:runAndLog(49)) - Successfully ran Atomic Files.move /home/runner/work/ratis/ratis/ratis-examples/target/test/data/72ef903c/MiniRaftClusterWithGrpcffb1a70b/s4/b69ea0dd-c9c6-4c9f-92ec-81eed7a8efd4/current/raft-meta.conf.tmp to /home/runner/work/ratis/ratis/ratis-examples/target/test/data/72ef903c/MiniRaftClusterWithGrpcffb1a70b/s4/b69ea0dd-c9c6-4c9f-92ec-81eed7a8efd4/current/raft-meta.conf with options [REPLACE_EXISTING]
2024-09-07 03:04:41,392 WARN  server.GrpcServerProtocolService (LogUtils.java:warn(123)) - s5: Failed APPEND_ENTRIES request cid=3, isHeartbeat? false
java.util.concurrent.CompletionException: java.util.concurrent.RejectedExecutionException: Task java.util.concurrent.CompletableFuture$AsyncSupply@1070a899 rejected from java.util.concurrent.ThreadPoolExecutor@4d44117d[Terminated, pool size = 0, active threads = 0, queued tasks = 0, completed tasks = 0]
	at java.util.concurrent.CompletableFuture.encodeThrowable(CompletableFuture.java:273)
	at java.util.concurrent.CompletableFuture.uniComposeStage(CompletableFuture.java:1005)
	at java.util.concurrent.CompletableFuture.thenCompose(CompletableFuture.java:2137)
	at org.apache.ratis.server.impl.RaftServerProxy.appendEntriesAsync(RaftServerProxy.java:655)
	at org.apache.ratis.grpc.server.GrpcServerProtocolService$1.process(GrpcServerProtocolService.java:307)
	at org.apache.ratis.grpc.server.GrpcServerProtocolService$ServerRequestStreamObserver.onNext(GrpcServerProtocolService.java:174)
	at org.apache.ratis.thirdparty.io.grpc.stub.ServerCalls$StreamingServerCallHandler$StreamingServerCallListener.onMessage(ServerCalls.java:262)
	at org.apache.ratis.thirdparty.io.grpc.internal.ServerCallImpl$ServerStreamListenerImpl.messagesAvailableInternal(ServerCallImpl.java:329)
	at org.apache.ratis.thirdparty.io.grpc.internal.ServerCallImpl$ServerStreamListenerImpl.messagesAvailable(ServerCallImpl.java:314)
	at org.apache.ratis.thirdparty.io.grpc.internal.ServerImpl$JumpToApplicationThreadServerStreamListener$1MessagesAvailable.runInContext(ServerImpl.java:833)
	at org.apache.ratis.thirdparty.io.grpc.internal.ContextRunnable.run(ContextRunnable.java:37)
	at org.apache.ratis.thirdparty.io.grpc.internal.SerializingExecutor.run(SerializingExecutor.java:133)
	at java.util.concurrent.ThreadPoolExecutor.runWorker(ThreadPoolExecutor.java:1149)
	at java.util.concurrent.ThreadPoolExecutor$Worker.run(ThreadPoolExecutor.java:624)
	at java.lang.Thread.run(Thread.java:750)
Caused by: java.util.concurrent.RejectedExecutionException: Task java.util.concurrent.CompletableFuture$AsyncSupply@1070a899 rejected from java.util.concurrent.ThreadPoolExecutor@4d44117d[Terminated, pool size = 0, active threads = 0, queued tasks = 0, completed tasks = 0]
	at java.util.concurrent.ThreadPoolExecutor$AbortPolicy.rejectedExecution(ThreadPoolExecutor.java:2063)
	at java.util.concurrent.ThreadPoolExecutor.reject(ThreadPoolExecutor.java:830)
	at java.util.concurrent.ThreadPoolExecutor.execute(ThreadPoolExecutor.java:1379)
	at java.util.concurrent.CompletableFuture.asyncSupplyStage(CompletableFuture.java:1618)
	at java.util.concurrent.CompletableFuture.supplyAsync(CompletableFuture.java:1843)
	at org.apache.ratis.server.impl.RaftServerImpl.executeSubmitServerRequestAsync(RaftServerImpl.java:896)
	at org.apache.ratis.server.impl.RaftServerProxy.lambda$appendEntriesAsync$29(RaftServerProxy.java:655)
	at java.util.concurrent.CompletableFuture.uniComposeStage(CompletableFuture.java:995)
	... 13 more
2024-09-07 03:04:41,398 INFO  leader.LogAppender (LogAppenderBase.java:lambda$getNextIndexForError$0(219)) - Decrease nextIndex to 89
2024-09-07 03:04:41,398 INFO  leader.LogAppender (LogAppenderBase.java:lambda$getNextIndexForError$0(219)) - Decrease nextIndex to 89
2024-09-07 03:04:41,398 INFO  leader.FollowerInfo (FollowerInfoImpl.java:info(70)) - s3@group-81EED7A8EFD4->s5: computeNextIndex nextIndex: updateUnconditionally 91 -> 89
2024-09-07 03:04:41,476 WARN  server.GrpcServerProtocolService (LogUtils.java:warn(123)) - s5: Failed APPEND_ENTRIES request cid=7, isHeartbeat? false
java.util.concurrent.CompletionException: java.util.concurrent.RejectedExecutionException: Task java.util.concurrent.CompletableFuture$AsyncSupply@7276cf28 rejected from java.util.concurrent.ThreadPoolExecutor@4d44117d[Terminated, pool size = 0, active threads = 0, queued tasks = 0, completed tasks = 0]
	at java.util.concurrent.CompletableFuture.encodeThrowable(CompletableFuture.java:273)
	at java.util.concurrent.CompletableFuture.uniComposeStage(CompletableFuture.java:1005)
	at java.util.concurrent.CompletableFuture.thenCompose(CompletableFuture.java:2137)
	at org.apache.ratis.server.impl.RaftServerProxy.appendEntriesAsync(RaftServerProxy.java:655)
	at org.apache.ratis.grpc.server.GrpcServerProtocolService$1.process(GrpcServerProtocolService.java:307)
	at org.apache.ratis.grpc.server.GrpcServerProtocolService$ServerRequestStreamObserver.onNext(GrpcServerProtocolService.java:174)
	at org.apache.ratis.thirdparty.io.grpc.stub.ServerCalls$StreamingServerCallHandler$StreamingServerCallListener.onMessage(ServerCalls.java:262)
	at org.apache.ratis.thirdparty.io.grpc.internal.ServerCallImpl$ServerStreamListenerImpl.messagesAvailableInternal(ServerCallImpl.java:329)
	at org.apache.ratis.thirdparty.io.grpc.internal.ServerCallImpl$ServerStreamListenerImpl.messagesAvailable(ServerCallImpl.java:314)
	at org.apache.ratis.thirdparty.io.grpc.internal.ServerImpl$JumpToApplicationThreadServerStreamListener$1MessagesAvailable.runInContext(ServerImpl.java:833)
	at org.apache.ratis.thirdparty.io.grpc.internal.ContextRunnable.run(ContextRunnable.java:37)
	at org.apache.ratis.thirdparty.io.grpc.internal.SerializingExecutor.run(SerializingExecutor.java:133)
	at java.util.concurrent.ThreadPoolExecutor.runWorker(ThreadPoolExecutor.java:1149)
	at java.util.concurrent.ThreadPoolExecutor$Worker.run(ThreadPoolExecutor.java:624)
	at java.lang.Thread.run(Thread.java:750)
Caused by: java.util.concurrent.RejectedExecutionException: Task java.util.concurrent.CompletableFuture$AsyncSupply@7276cf28 rejected from java.util.concurrent.ThreadPoolExecutor@4d44117d[Terminated, pool size = 0, active threads = 0, queued tasks = 0, completed tasks = 0]
	at java.util.concurrent.ThreadPoolExecutor$AbortPolicy.rejectedExecution(ThreadPoolExecutor.java:2063)
	at java.util.concurrent.ThreadPoolExecutor.reject(ThreadPoolExecutor.java:830)
	at java.util.concurrent.ThreadPoolExecutor.execute(ThreadPoolExecutor.java:1379)
	at java.util.concurrent.CompletableFuture.asyncSupplyStage(CompletableFuture.java:1618)
	at java.util.concurrent.CompletableFuture.supplyAsync(CompletableFuture.java:1843)
	at org.apache.ratis.server.impl.RaftServerImpl.executeSubmitServerRequestAsync(RaftServerImpl.java:896)
	at org.apache.ratis.server.impl.RaftServerProxy.lambda$appendEntriesAsync$29(RaftServerProxy.java:655)
	at java.util.concurrent.CompletableFuture.uniComposeStage(CompletableFuture.java:995)
	... 13 more
2024-09-07 03:04:41,481 INFO  leader.LogAppender (LogAppenderBase.java:lambda$getNextIndexForError$0(219)) - Decrease nextIndex to 89
2024-09-07 03:04:41,481 INFO  leader.LogAppender (LogAppenderBase.java:lambda$getNextIndexForError$0(219)) - Decrease nextIndex to 89
2024-09-07 03:04:41,481 INFO  leader.FollowerInfo (FollowerInfoImpl.java:info(70)) - s3@group-81EED7A8EFD4->s5: computeNextIndex nextIndex: updateUnconditionally 91 -> 89
2024-09-07 03:04:41,487 INFO  server.GrpcClientProtocolService (GrpcClientProtocolService.java:lambda$processClientRequest$0(331)) - Failed request cid=336, null, reply=RaftClientReply:client-9A2451D9D84D->s4@group-81EED7A8EFD4, cid=336, FAILED org.apache.ratis.protocol.exceptions.NotLeaderException: Server s4@group-81EED7A8EFD4 is not the leader, suggested leader is: s3|localhost:15012, logIndex=0, commits[s4:c89, s3:c89, s5:c87]
2024-09-07 03:04:41,547 WARN  server.GrpcServerProtocolService (LogUtils.java:warn(123)) - s5: Failed APPEND_ENTRIES request cid=8, isHeartbeat? false
java.util.concurrent.CompletionException: java.util.concurrent.RejectedExecutionException: Task java.util.concurrent.CompletableFuture$AsyncSupply@241c0ef8 rejected from java.util.concurrent.ThreadPoolExecutor@4d44117d[Terminated, pool size = 0, active threads = 0, queued tasks = 0, completed tasks = 0]
	at java.util.concurrent.CompletableFuture.encodeThrowable(CompletableFuture.java:273)
	at java.util.concurrent.CompletableFuture.uniComposeStage(CompletableFuture.java:1005)
	at java.util.concurrent.CompletableFuture.thenCompose(CompletableFuture.java:2137)
	at org.apache.ratis.server.impl.RaftServerProxy.appendEntriesAsync(RaftServerProxy.java:655)
	at org.apache.ratis.grpc.server.GrpcServerProtocolService$1.process(GrpcServerProtocolService.java:307)
	at org.apache.ratis.grpc.server.GrpcServerProtocolService$ServerRequestStreamObserver.onNext(GrpcServerProtocolService.java:174)
	at org.apache.ratis.thirdparty.io.grpc.stub.ServerCalls$StreamingServerCallHandler$StreamingServerCallListener.onMessage(ServerCalls.java:262)
	at org.apache.ratis.thirdparty.io.grpc.internal.ServerCallImpl$ServerStreamListenerImpl.messagesAvailableInternal(ServerCallImpl.java:329)
	at org.apache.ratis.thirdparty.io.grpc.internal.ServerCallImpl$ServerStreamListenerImpl.messagesAvailable(ServerCallImpl.java:314)
	at org.apache.ratis.thirdparty.io.grpc.internal.ServerImpl$JumpToApplicationThreadServerStreamListener$1MessagesAvailable.runInContext(ServerImpl.java:833)
	at org.apache.ratis.thirdparty.io.grpc.internal.ContextRunnable.run(ContextRunnable.java:37)
	at org.apache.ratis.thirdparty.io.grpc.internal.SerializingExecutor.run(SerializingExecutor.java:133)
	at java.util.concurrent.ThreadPoolExecutor.runWorker(ThreadPoolExecutor.java:1149)
	at java.util.concurrent.ThreadPoolExecutor$Worker.run(ThreadPoolExecutor.java:624)
	at java.lang.Thread.run(Thread.java:750)
Caused by: java.util.concurrent.RejectedExecutionException: Task java.util.concurrent.CompletableFuture$AsyncSupply@241c0ef8 rejected from java.util.concurrent.ThreadPoolExecutor@4d44117d[Terminated, pool size = 0, active threads = 0, queued tasks = 0, completed tasks = 0]
	at java.util.concurrent.ThreadPoolExecutor$AbortPolicy.rejectedExecution(ThreadPoolExecutor.java:2063)
	at java.util.concurrent.ThreadPoolExecutor.reject(ThreadPoolExecutor.java:830)
	at java.util.concurrent.ThreadPoolExecutor.execute(ThreadPoolExecutor.java:1379)
	at java.util.concurrent.CompletableFuture.asyncSupplyStage(CompletableFuture.java:1618)
	at java.util.concurrent.CompletableFuture.supplyAsync(CompletableFuture.java:1843)
	at org.apache.ratis.server.impl.RaftServerImpl.executeSubmitServerRequestAsync(RaftServerImpl.java:896)
	at org.apache.ratis.server.impl.RaftServerProxy.lambda$appendEntriesAsync$29(RaftServerProxy.java:655)
	at java.util.concurrent.CompletableFuture.uniComposeStage(CompletableFuture.java:995)
	... 13 more
2024-09-07 03:04:41,551 INFO  leader.LogAppender (LogAppenderBase.java:lambda$getNextIndexForError$0(219)) - Decrease nextIndex to 89
2024-09-07 03:04:41,551 INFO  leader.LogAppender (LogAppenderBase.java:lambda$getNextIndexForError$0(219)) - Decrease nextIndex to 89
2024-09-07 03:04:41,551 INFO  leader.FollowerInfo (FollowerInfoImpl.java:info(70)) - s3@group-81EED7A8EFD4->s5: computeNextIndex nextIndex: updateUnconditionally 91 -> 89
2024-09-07 03:04:41,602 WARN  server.GrpcServerProtocolService (LogUtils.java:warn(123)) - s5: Failed APPEND_ENTRIES request cid=10, isHeartbeat? false
java.util.concurrent.CompletionException: java.util.concurrent.RejectedExecutionException: Task java.util.concurrent.CompletableFuture$AsyncSupply@7481ec80 rejected from java.util.concurrent.ThreadPoolExecutor@4d44117d[Terminated, pool size = 0, active threads = 0, queued tasks = 0, completed tasks = 0]
	at java.util.concurrent.CompletableFuture.encodeThrowable(CompletableFuture.java:273)
	at java.util.concurrent.CompletableFuture.uniComposeStage(CompletableFuture.java:1005)
	at java.util.concurrent.CompletableFuture.thenCompose(CompletableFuture.java:2137)
	at org.apache.ratis.server.impl.RaftServerProxy.appendEntriesAsync(RaftServerProxy.java:655)
	at org.apache.ratis.grpc.server.GrpcServerProtocolService$1.process(GrpcServerProtocolService.java:307)
	at org.apache.ratis.grpc.server.GrpcServerProtocolService$ServerRequestStreamObserver.onNext(GrpcServerProtocolService.java:174)
	at org.apache.ratis.thirdparty.io.grpc.stub.ServerCalls$StreamingServerCallHandler$StreamingServerCallListener.onMessage(ServerCalls.java:262)
	at org.apache.ratis.thirdparty.io.grpc.internal.ServerCallImpl$ServerStreamListenerImpl.messagesAvailableInternal(ServerCallImpl.java:329)
	at org.apache.ratis.thirdparty.io.grpc.internal.ServerCallImpl$ServerStreamListenerImpl.messagesAvailable(ServerCallImpl.java:314)
	at org.apache.ratis.thirdparty.io.grpc.internal.ServerImpl$JumpToApplicationThreadServerStreamListener$1MessagesAvailable.runInContext(ServerImpl.java:833)
	at org.apache.ratis.thirdparty.io.grpc.internal.ContextRunnable.run(ContextRunnable.java:37)
	at org.apache.ratis.thirdparty.io.grpc.internal.SerializingExecutor.run(SerializingExecutor.java:133)
	at java.util.concurrent.ThreadPoolExecutor.runWorker(ThreadPoolExecutor.java:1149)
	at java.util.concurrent.ThreadPoolExecutor$Worker.run(ThreadPoolExecutor.java:624)
	at java.lang.Thread.run(Thread.java:750)
Caused by: java.util.concurrent.RejectedExecutionException: Task java.util.concurrent.CompletableFuture$AsyncSupply@7481ec80 rejected from java.util.concurrent.ThreadPoolExecutor@4d44117d[Terminated, pool size = 0, active threads = 0, queued tasks = 0, completed tasks = 0]
	at java.util.concurrent.ThreadPoolExecutor$AbortPolicy.rejectedExecution(ThreadPoolExecutor.java:2063)
	at java.util.concurrent.ThreadPoolExecutor.reject(ThreadPoolExecutor.java:830)
	at java.util.concurrent.ThreadPoolExecutor.execute(ThreadPoolExecutor.java:1379)
	at java.util.concurrent.CompletableFuture.asyncSupplyStage(CompletableFuture.java:1618)
	at java.util.concurrent.CompletableFuture.supplyAsync(CompletableFuture.java:1843)
	at org.apache.ratis.server.impl.RaftServerImpl.executeSubmitServerRequestAsync(RaftServerImpl.java:896)
	at org.apache.ratis.server.impl.RaftServerProxy.lambda$appendEntriesAsync$29(RaftServerProxy.java:655)
	at java.util.concurrent.CompletableFuture.uniComposeStage(CompletableFuture.java:995)
	... 13 more
2024-09-07 03:04:41,603 INFO  statemachine.StateMachine (ArithmeticStateMachine.java:applyTransaction(181)) - LEADER:s3-91: c = √(a^2 + b^2) = 145
2024-09-07 03:04:41,605 DEBUG statemachine.StateMachine (ArithmeticStateMachine.java:applyTransaction(183)) - FOLLOWER:s4-91: c = √(a^2 + b^2) = 145
2024-09-07 03:04:41,613 INFO  leader.LogAppender (LogAppenderBase.java:lambda$getNextIndexForError$0(219)) - Decrease nextIndex to 89
2024-09-07 03:04:41,613 INFO  leader.LogAppender (LogAppenderBase.java:lambda$getNextIndexForError$0(219)) - Decrease nextIndex to 89
2024-09-07 03:04:41,613 INFO  leader.FollowerInfo (FollowerInfoImpl.java:info(70)) - s3@group-81EED7A8EFD4->s5: computeNextIndex nextIndex: updateUnconditionally 92 -> 89
2024-09-07 03:04:41,614 INFO  statemachine.StateMachine (ArithmeticStateMachine.java:applyTransaction(181)) - LEADER:s3-93: a = null = null
2024-09-07 03:04:41,619 DEBUG statemachine.StateMachine (ArithmeticStateMachine.java:applyTransaction(183)) - FOLLOWER:s4-93: a = null = null
2024-09-07 03:04:41,619 WARN  server.GrpcServerProtocolService (LogUtils.java:warn(123)) - s5: Failed APPEND_ENTRIES request cid=15, isHeartbeat? false
java.util.concurrent.CompletionException: java.util.concurrent.RejectedExecutionException: Task java.util.concurrent.CompletableFuture$AsyncSupply@517bc92a rejected from java.util.concurrent.ThreadPoolExecutor@4d44117d[Terminated, pool size = 0, active threads = 0, queued tasks = 0, completed tasks = 0]
	at java.util.concurrent.CompletableFuture.encodeThrowable(CompletableFuture.java:273)
	at java.util.concurrent.CompletableFuture.uniComposeStage(CompletableFuture.java:1005)
	at java.util.concurrent.CompletableFuture.thenCompose(CompletableFuture.java:2137)
	at org.apache.ratis.server.impl.RaftServerProxy.appendEntriesAsync(RaftServerProxy.java:655)
	at org.apache.ratis.grpc.server.GrpcServerProtocolService$1.process(GrpcServerProtocolService.java:307)
	at org.apache.ratis.grpc.server.GrpcServerProtocolService$ServerRequestStreamObserver.onNext(GrpcServerProtocolService.java:174)
	at org.apache.ratis.thirdparty.io.grpc.stub.ServerCalls$StreamingServerCallHandler$StreamingServerCallListener.onMessage(ServerCalls.java:262)
	at org.apache.ratis.thirdparty.io.grpc.internal.ServerCallImpl$ServerStreamListenerImpl.messagesAvailableInternal(ServerCallImpl.java:329)
	at org.apache.ratis.thirdparty.io.grpc.internal.ServerCallImpl$ServerStreamListenerImpl.messagesAvailable(ServerCallImpl.java:314)
	at org.apache.ratis.thirdparty.io.grpc.internal.ServerImpl$JumpToApplicationThreadServerStreamListener$1MessagesAvailable.runInContext(ServerImpl.java:833)
	at org.apache.ratis.thirdparty.io.grpc.internal.ContextRunnable.run(ContextRunnable.java:37)
	at org.apache.ratis.thirdparty.io.grpc.internal.SerializingExecutor.run(SerializingExecutor.java:133)
	at java.util.concurrent.ThreadPoolExecutor.runWorker(ThreadPoolExecutor.java:1149)
	at java.util.concurrent.ThreadPoolExecutor$Worker.run(ThreadPoolExecutor.java:624)
	at java.lang.Thread.run(Thread.java:750)
Caused by: java.util.concurrent.RejectedExecutionException: Task java.util.concurrent.CompletableFuture$AsyncSupply@517bc92a rejected from java.util.concurrent.ThreadPoolExecutor@4d44117d[Terminated, pool size = 0, active threads = 0, queued tasks = 0, completed tasks = 0]
	at java.util.concurrent.ThreadPoolExecutor$AbortPolicy.rejectedExecution(ThreadPoolExecutor.java:2063)
	at java.util.concurrent.ThreadPoolExecutor.reject(ThreadPoolExecutor.java:830)
	at java.util.concurrent.ThreadPoolExecutor.execute(ThreadPoolExecutor.java:1379)
	at java.util.concurrent.CompletableFuture.asyncSupplyStage(CompletableFuture.java:1618)
	at java.util.concurrent.CompletableFuture.supplyAsync(CompletableFuture.java:1843)
	at org.apache.ratis.server.impl.RaftServerImpl.executeSubmitServerRequestAsync(RaftServerImpl.java:896)
	at org.apache.ratis.server.impl.RaftServerProxy.lambda$appendEntriesAsync$29(RaftServerProxy.java:655)
	at java.util.concurrent.CompletableFuture.uniComposeStage(CompletableFuture.java:995)
	... 13 more
2024-09-07 03:04:41,622 INFO  statemachine.StateMachine (ArithmeticStateMachine.java:applyTransaction(181)) - LEADER:s3-95: b = null = null
2024-09-07 03:04:41,623 INFO  leader.LogAppender (LogAppenderBase.java:lambda$getNextIndexForError$0(219)) - Decrease nextIndex to 89
2024-09-07 03:04:41,623 INFO  leader.LogAppender (LogAppenderBase.java:lambda$getNextIndexForError$0(219)) - Decrease nextIndex to 89
2024-09-07 03:04:41,623 INFO  leader.FollowerInfo (FollowerInfoImpl.java:info(70)) - s3@group-81EED7A8EFD4->s5: computeNextIndex nextIndex: updateUnconditionally 95 -> 89
2024-09-07 03:04:41,625 DEBUG statemachine.StateMachine (ArithmeticStateMachine.java:applyTransaction(183)) - FOLLOWER:s4-95: b = null = null
2024-09-07 03:04:41,626 WARN  server.GrpcServerProtocolService (LogUtils.java:warn(123)) - s5: Failed APPEND_ENTRIES request cid=17, isHeartbeat? false
java.util.concurrent.CompletionException: java.util.concurrent.RejectedExecutionException: Task java.util.concurrent.CompletableFuture$AsyncSupply@7a6db2f3 rejected from java.util.concurrent.ThreadPoolExecutor@4d44117d[Terminated, pool size = 0, active threads = 0, queued tasks = 0, completed tasks = 0]
	at java.util.concurrent.CompletableFuture.encodeThrowable(CompletableFuture.java:273)
	at java.util.concurrent.CompletableFuture.uniComposeStage(CompletableFuture.java:1005)
	at java.util.concurrent.CompletableFuture.thenCompose(CompletableFuture.java:2137)
	at org.apache.ratis.server.impl.RaftServerProxy.appendEntriesAsync(RaftServerProxy.java:655)
	at org.apache.ratis.grpc.server.GrpcServerProtocolService$1.process(GrpcServerProtocolService.java:307)
	at org.apache.ratis.grpc.server.GrpcServerProtocolService$ServerRequestStreamObserver.onNext(GrpcServerProtocolService.java:174)
	at org.apache.ratis.thirdparty.io.grpc.stub.ServerCalls$StreamingServerCallHandler$StreamingServerCallListener.onMessage(ServerCalls.java:262)
	at org.apache.ratis.thirdparty.io.grpc.internal.ServerCallImpl$ServerStreamListenerImpl.messagesAvailableInternal(ServerCallImpl.java:329)
	at org.apache.ratis.thirdparty.io.grpc.internal.ServerCallImpl$ServerStreamListenerImpl.messagesAvailable(ServerCallImpl.java:314)
	at org.apache.ratis.thirdparty.io.grpc.internal.ServerImpl$JumpToApplicationThreadServerStreamListener$1MessagesAvailable.runInContext(ServerImpl.java:833)
	at org.apache.ratis.thirdparty.io.grpc.internal.ContextRunnable.run(ContextRunnable.java:37)
	at org.apache.ratis.thirdparty.io.grpc.internal.SerializingExecutor.run(SerializingExecutor.java:133)
	at java.util.concurrent.ThreadPoolExecutor.runWorker(ThreadPoolExecutor.java:1149)
	at java.util.concurrent.ThreadPoolExecutor$Worker.run(ThreadPoolExecutor.java:624)
	at java.lang.Thread.run(Thread.java:750)
Caused by: java.util.concurrent.RejectedExecutionException: Task java.util.concurrent.CompletableFuture$AsyncSupply@7a6db2f3 rejected from java.util.concurrent.ThreadPoolExecutor@4d44117d[Terminated, pool size = 0, active threads = 0, queued tasks = 0, completed tasks = 0]
	at java.util.concurrent.ThreadPoolExecutor$AbortPolicy.rejectedExecution(ThreadPoolExecutor.java:2063)
	at java.util.concurrent.ThreadPoolExecutor.reject(ThreadPoolExecutor.java:830)
	at java.util.concurrent.ThreadPoolExecutor.execute(ThreadPoolExecutor.java:1379)
	at java.util.concurrent.CompletableFuture.asyncSupplyStage(CompletableFuture.java:1618)
	at java.util.concurrent.CompletableFuture.supplyAsync(CompletableFuture.java:1843)
	at org.apache.ratis.server.impl.RaftServerImpl.executeSubmitServerRequestAsync(RaftServerImpl.java:896)
	at org.apache.ratis.server.impl.RaftServerProxy.lambda$appendEntriesAsync$29(RaftServerProxy.java:655)
	at java.util.concurrent.CompletableFuture.uniComposeStage(CompletableFuture.java:995)
	... 13 more
2024-09-07 03:04:41,631 INFO  leader.LogAppender (LogAppenderBase.java:lambda$getNextIndexForError$0(219)) - Decrease nextIndex to 89
2024-09-07 03:04:41,631 INFO  leader.LogAppender (LogAppenderBase.java:lambda$getNextIndexForError$0(219)) - Decrease nextIndex to 89
2024-09-07 03:04:41,631 INFO  leader.FollowerInfo (FollowerInfoImpl.java:info(70)) - s3@group-81EED7A8EFD4->s5: computeNextIndex nextIndex: updateUnconditionally 97 -> 89
2024-09-07 03:04:41,632 INFO  statemachine.StateMachine (ArithmeticStateMachine.java:applyTransaction(181)) - LEADER:s3-97: c = null = null
2024-09-07 03:04:41,634 DEBUG statemachine.StateMachine (ArithmeticStateMachine.java:applyTransaction(183)) - FOLLOWER:s4-97: c = null = null
2024-09-07 03:04:41,636 WARN  server.GrpcServerProtocolService (LogUtils.java:warn(123)) - s5: Failed APPEND_ENTRIES request cid=20, isHeartbeat? false
java.util.concurrent.CompletionException: java.util.concurrent.RejectedExecutionException: Task java.util.concurrent.CompletableFuture$AsyncSupply@6b4d4831 rejected from java.util.concurrent.ThreadPoolExecutor@4d44117d[Terminated, pool size = 0, active threads = 0, queued tasks = 0, completed tasks = 0]
	at java.util.concurrent.CompletableFuture.encodeThrowable(CompletableFuture.java:273)
	at java.util.concurrent.CompletableFuture.uniComposeStage(CompletableFuture.java:1005)
	at java.util.concurrent.CompletableFuture.thenCompose(CompletableFuture.java:2137)
	at org.apache.ratis.server.impl.RaftServerProxy.appendEntriesAsync(RaftServerProxy.java:655)
	at org.apache.ratis.grpc.server.GrpcServerProtocolService$1.process(GrpcServerProtocolService.java:307)
	at org.apache.ratis.grpc.server.GrpcServerProtocolService$ServerRequestStreamObserver.onNext(GrpcServerProtocolService.java:174)
	at org.apache.ratis.thirdparty.io.grpc.stub.ServerCalls$StreamingServerCallHandler$StreamingServerCallListener.onMessage(ServerCalls.java:262)
	at org.apache.ratis.thirdparty.io.grpc.internal.ServerCallImpl$ServerStreamListenerImpl.messagesAvailableInternal(ServerCallImpl.java:329)
	at org.apache.ratis.thirdparty.io.grpc.internal.ServerCallImpl$ServerStreamListenerImpl.messagesAvailable(ServerCallImpl.java:314)
	at org.apache.ratis.thirdparty.io.grpc.internal.ServerImpl$JumpToApplicationThreadServerStreamListener$1MessagesAvailable.runInContext(ServerImpl.java:833)
	at org.apache.ratis.thirdparty.io.grpc.internal.ContextRunnable.run(ContextRunnable.java:37)
	at org.apache.ratis.thirdparty.io.grpc.internal.SerializingExecutor.run(SerializingExecutor.java:133)
	at java.util.concurrent.ThreadPoolExecutor.runWorker(ThreadPoolExecutor.java:1149)
	at java.util.concurrent.ThreadPoolExecutor$Worker.run(ThreadPoolExecutor.java:624)
	at java.lang.Thread.run(Thread.java:750)
Caused by: java.util.concurrent.RejectedExecutionException: Task java.util.concurrent.CompletableFuture$AsyncSupply@6b4d4831 rejected from java.util.concurrent.ThreadPoolExecutor@4d44117d[Terminated, pool size = 0, active threads = 0, queued tasks = 0, completed tasks = 0]
	at java.util.concurrent.ThreadPoolExecutor$AbortPolicy.rejectedExecution(ThreadPoolExecutor.java:2063)
	at java.util.concurrent.ThreadPoolExecutor.reject(ThreadPoolExecutor.java:830)
	at java.util.concurrent.ThreadPoolExecutor.execute(ThreadPoolExecutor.java:1379)
	at java.util.concurrent.CompletableFuture.asyncSupplyStage(CompletableFuture.java:1618)
	at java.util.concurrent.CompletableFuture.supplyAsync(CompletableFuture.java:1843)
	at org.apache.ratis.server.impl.RaftServerImpl.executeSubmitServerRequestAsync(RaftServerImpl.java:896)
	at org.apache.ratis.server.impl.RaftServerProxy.lambda$appendEntriesAsync$29(RaftServerProxy.java:655)
	at java.util.concurrent.CompletableFuture.uniComposeStage(CompletableFuture.java:995)
	... 13 more
2024-09-07 03:04:41,638 INFO  statemachine.StateMachine (ArithmeticStateMachine.java:applyTransaction(181)) - LEADER:s3-99: a = 19 = 19
2024-09-07 03:04:41,640 INFO  leader.LogAppender (LogAppenderBase.java:lambda$getNextIndexForError$0(219)) - Decrease nextIndex to 89
2024-09-07 03:04:41,640 INFO  leader.LogAppender (LogAppenderBase.java:lambda$getNextIndexForError$0(219)) - Decrease nextIndex to 89
2024-09-07 03:04:41,640 INFO  leader.FollowerInfo (FollowerInfoImpl.java:info(70)) - s3@group-81EED7A8EFD4->s5: computeNextIndex nextIndex: updateUnconditionally 98 -> 89
2024-09-07 03:04:41,640 DEBUG statemachine.StateMachine (ArithmeticStateMachine.java:applyTransaction(183)) - FOLLOWER:s4-99: a = 19 = 19
2024-09-07 03:04:41,644 INFO  statemachine.StateMachine (ArithmeticStateMachine.java:applyTransaction(181)) - LEADER:s3-101: b = 180 = 180
2024-09-07 03:04:41,645 WARN  server.GrpcServerProtocolService (LogUtils.java:warn(123)) - s5: Failed APPEND_ENTRIES request cid=23, isHeartbeat? false
java.util.concurrent.CompletionException: java.util.concurrent.RejectedExecutionException: Task java.util.concurrent.CompletableFuture$AsyncSupply@4b094f90 rejected from java.util.concurrent.ThreadPoolExecutor@4d44117d[Terminated, pool size = 0, active threads = 0, queued tasks = 0, completed tasks = 0]
	at java.util.concurrent.CompletableFuture.encodeThrowable(CompletableFuture.java:273)
	at java.util.concurrent.CompletableFuture.uniComposeStage(CompletableFuture.java:1005)
	at java.util.concurrent.CompletableFuture.thenCompose(CompletableFuture.java:2137)
	at org.apache.ratis.server.impl.RaftServerProxy.appendEntriesAsync(RaftServerProxy.java:655)
	at org.apache.ratis.grpc.server.GrpcServerProtocolService$1.process(GrpcServerProtocolService.java:307)
	at org.apache.ratis.grpc.server.GrpcServerProtocolService$ServerRequestStreamObserver.onNext(GrpcServerProtocolService.java:174)
	at org.apache.ratis.thirdparty.io.grpc.stub.ServerCalls$StreamingServerCallHandler$StreamingServerCallListener.onMessage(ServerCalls.java:262)
	at org.apache.ratis.thirdparty.io.grpc.internal.ServerCallImpl$ServerStreamListenerImpl.messagesAvailableInternal(ServerCallImpl.java:329)
	at org.apache.ratis.thirdparty.io.grpc.internal.ServerCallImpl$ServerStreamListenerImpl.messagesAvailable(ServerCallImpl.java:314)
	at org.apache.ratis.thirdparty.io.grpc.internal.ServerImpl$JumpToApplicationThreadServerStreamListener$1MessagesAvailable.runInContext(ServerImpl.java:833)
	at org.apache.ratis.thirdparty.io.grpc.internal.ContextRunnable.run(ContextRunnable.java:37)
	at org.apache.ratis.thirdparty.io.grpc.internal.SerializingExecutor.run(SerializingExecutor.java:133)
	at java.util.concurrent.ThreadPoolExecutor.runWorker(ThreadPoolExecutor.java:1149)
	at java.util.concurrent.ThreadPoolExecutor$Worker.run(ThreadPoolExecutor.java:624)
	at java.lang.Thread.run(Thread.java:750)
Caused by: java.util.concurrent.RejectedExecutionException: Task java.util.concurrent.CompletableFuture$AsyncSupply@4b094f90 rejected from java.util.concurrent.ThreadPoolExecutor@4d44117d[Terminated, pool size = 0, active threads = 0, queued tasks = 0, completed tasks = 0]
	at java.util.concurrent.ThreadPoolExecutor$AbortPolicy.rejectedExecution(ThreadPoolExecutor.java:2063)
	at java.util.concurrent.ThreadPoolExecutor.reject(ThreadPoolExecutor.java:830)
	at java.util.concurrent.ThreadPoolExecutor.execute(ThreadPoolExecutor.java:1379)
	at java.util.concurrent.CompletableFuture.asyncSupplyStage(CompletableFuture.java:1618)
	at java.util.concurrent.CompletableFuture.supplyAsync(CompletableFuture.java:1843)
	at org.apache.ratis.server.impl.RaftServerImpl.executeSubmitServerRequestAsync(RaftServerImpl.java:896)
	at org.apache.ratis.server.impl.RaftServerProxy.lambda$appendEntriesAsync$29(RaftServerProxy.java:655)
	at java.util.concurrent.CompletableFuture.uniComposeStage(CompletableFuture.java:995)
	... 13 more
2024-09-07 03:04:41,646 DEBUG statemachine.StateMachine (ArithmeticStateMachine.java:applyTransaction(183)) - FOLLOWER:s4-101: b = 180 = 180
2024-09-07 03:04:41,651 INFO  statemachine.StateMachine (ArithmeticStateMachine.java:applyTransaction(181)) - LEADER:s3-103: c = √(a^2 + b^2) = 181
2024-09-07 03:04:41,652 DEBUG statemachine.StateMachine (ArithmeticStateMachine.java:applyTransaction(183)) - FOLLOWER:s4-103: c = √(a^2 + b^2) = 181
2024-09-07 03:04:41,656 INFO  leader.LogAppender (LogAppenderBase.java:lambda$getNextIndexForError$0(219)) - Decrease nextIndex to 89
2024-09-07 03:04:41,656 INFO  leader.LogAppender (LogAppenderBase.java:lambda$getNextIndexForError$0(219)) - Decrease nextIndex to 89
2024-09-07 03:04:41,656 INFO  leader.FollowerInfo (FollowerInfoImpl.java:info(70)) - s3@group-81EED7A8EFD4->s5: computeNextIndex nextIndex: updateUnconditionally 101 -> 89
2024-09-07 03:04:41,656 INFO  statemachine.StateMachine (ArithmeticStateMachine.java:applyTransaction(181)) - LEADER:s3-105: a = null = null
2024-09-07 03:04:41,658 DEBUG statemachine.StateMachine (ArithmeticStateMachine.java:applyTransaction(183)) - FOLLOWER:s4-105: a = null = null
2024-09-07 03:04:41,662 INFO  statemachine.StateMachine (ArithmeticStateMachine.java:applyTransaction(181)) - LEADER:s3-107: b = null = null
2024-09-07 03:04:41,662 WARN  server.GrpcServerProtocolService (LogUtils.java:warn(123)) - s5: Failed APPEND_ENTRIES request cid=31, isHeartbeat? false
java.util.concurrent.CompletionException: java.util.concurrent.RejectedExecutionException: Task java.util.concurrent.CompletableFuture$AsyncSupply@77c367c6 rejected from java.util.concurrent.ThreadPoolExecutor@4d44117d[Terminated, pool size = 0, active threads = 0, queued tasks = 0, completed tasks = 0]
	at java.util.concurrent.CompletableFuture.encodeThrowable(CompletableFuture.java:273)
	at java.util.concurrent.CompletableFuture.uniComposeStage(CompletableFuture.java:1005)
	at java.util.concurrent.CompletableFuture.thenCompose(CompletableFuture.java:2137)
	at org.apache.ratis.server.impl.RaftServerProxy.appendEntriesAsync(RaftServerProxy.java:655)
	at org.apache.ratis.grpc.server.GrpcServerProtocolService$1.process(GrpcServerProtocolService.java:307)
	at org.apache.ratis.grpc.server.GrpcServerProtocolService$ServerRequestStreamObserver.onNext(GrpcServerProtocolService.java:174)
	at org.apache.ratis.thirdparty.io.grpc.stub.ServerCalls$StreamingServerCallHandler$StreamingServerCallListener.onMessage(ServerCalls.java:262)
	at org.apache.ratis.thirdparty.io.grpc.internal.ServerCallImpl$ServerStreamListenerImpl.messagesAvailableInternal(ServerCallImpl.java:329)
	at org.apache.ratis.thirdparty.io.grpc.internal.ServerCallImpl$ServerStreamListenerImpl.messagesAvailable(ServerCallImpl.java:314)
	at org.apache.ratis.thirdparty.io.grpc.internal.ServerImpl$JumpToApplicationThreadServerStreamListener$1MessagesAvailable.runInContext(ServerImpl.java:833)
	at org.apache.ratis.thirdparty.io.grpc.internal.ContextRunnable.run(ContextRunnable.java:37)
	at org.apache.ratis.thirdparty.io.grpc.internal.SerializingExecutor.run(SerializingExecutor.java:133)
	at java.util.concurrent.ThreadPoolExecutor.runWorker(ThreadPoolExecutor.java:1149)
	at java.util.concurrent.ThreadPoolExecutor$Worker.run(ThreadPoolExecutor.java:624)
	at java.lang.Thread.run(Thread.java:750)
Caused by: java.util.concurrent.RejectedExecutionException: Task java.util.concurrent.CompletableFuture$AsyncSupply@77c367c6 rejected from java.util.concurrent.ThreadPoolExecutor@4d44117d[Terminated, pool size = 0, active threads = 0, queued tasks = 0, completed tasks = 0]
	at java.util.concurrent.ThreadPoolExecutor$AbortPolicy.rejectedExecution(ThreadPoolExecutor.java:2063)
	at java.util.concurrent.ThreadPoolExecutor.reject(ThreadPoolExecutor.java:830)
	at java.util.concurrent.ThreadPoolExecutor.execute(ThreadPoolExecutor.java:1379)
	at java.util.concurrent.CompletableFuture.asyncSupplyStage(CompletableFuture.java:1618)
	at java.util.concurrent.CompletableFuture.supplyAsync(CompletableFuture.java:1843)
	at org.apache.ratis.server.impl.RaftServerImpl.executeSubmitServerRequestAsync(RaftServerImpl.java:896)
	at org.apache.ratis.server.impl.RaftServerProxy.lambda$appendEntriesAsync$29(RaftServerProxy.java:655)
	at java.util.concurrent.CompletableFuture.uniComposeStage(CompletableFuture.java:995)
	... 13 more
2024-09-07 03:04:41,663 DEBUG statemachine.StateMachine (ArithmeticStateMachine.java:applyTransaction(183)) - FOLLOWER:s4-107: b = null = null
2024-09-07 03:04:41,667 INFO  leader.LogAppender (LogAppenderBase.java:lambda$getNextIndexForError$0(219)) - Decrease nextIndex to 89
2024-09-07 03:04:41,667 INFO  leader.LogAppender (LogAppenderBase.java:lambda$getNextIndexForError$0(219)) - Decrease nextIndex to 89
2024-09-07 03:04:41,667 INFO  leader.FollowerInfo (FollowerInfoImpl.java:info(70)) - s3@group-81EED7A8EFD4->s5: computeNextIndex nextIndex: updateUnconditionally 107 -> 89
2024-09-07 03:04:41,668 INFO  statemachine.StateMachine (ArithmeticStateMachine.java:applyTransaction(181)) - LEADER:s3-109: c = null = null
2024-09-07 03:04:41,669 DEBUG statemachine.StateMachine (ArithmeticStateMachine.java:applyTransaction(183)) - FOLLOWER:s4-109: c = null = null
2024-09-07 03:04:41,671 WARN  server.GrpcServerProtocolService (LogUtils.java:warn(123)) - s5: Failed APPEND_ENTRIES request cid=35, isHeartbeat? false
java.util.concurrent.CompletionException: java.util.concurrent.RejectedExecutionException: Task java.util.concurrent.CompletableFuture$AsyncSupply@6358109f rejected from java.util.concurrent.ThreadPoolExecutor@4d44117d[Terminated, pool size = 0, active threads = 0, queued tasks = 0, completed tasks = 0]
	at java.util.concurrent.CompletableFuture.encodeThrowable(CompletableFuture.java:273)
	at java.util.concurrent.CompletableFuture.uniComposeStage(CompletableFuture.java:1005)
	at java.util.concurrent.CompletableFuture.thenCompose(CompletableFuture.java:2137)
	at org.apache.ratis.server.impl.RaftServerProxy.appendEntriesAsync(RaftServerProxy.java:655)
	at org.apache.ratis.grpc.server.GrpcServerProtocolService$1.process(GrpcServerProtocolService.java:307)
	at org.apache.ratis.grpc.server.GrpcServerProtocolService$ServerRequestStreamObserver.onNext(GrpcServerProtocolService.java:174)
	at org.apache.ratis.thirdparty.io.grpc.stub.ServerCalls$StreamingServerCallHandler$StreamingServerCallListener.onMessage(ServerCalls.java:262)
	at org.apache.ratis.thirdparty.io.grpc.internal.ServerCallImpl$ServerStreamListenerImpl.messagesAvailableInternal(ServerCallImpl.java:329)
	at org.apache.ratis.thirdparty.io.grpc.internal.ServerCallImpl$ServerStreamListenerImpl.messagesAvailable(ServerCallImpl.java:314)
	at org.apache.ratis.thirdparty.io.grpc.internal.ServerImpl$JumpToApplicationThreadServerStreamListener$1MessagesAvailable.runInContext(ServerImpl.java:833)
	at org.apache.ratis.thirdparty.io.grpc.internal.ContextRunnable.run(ContextRunnable.java:37)
	at org.apache.ratis.thirdparty.io.grpc.internal.SerializingExecutor.run(SerializingExecutor.java:133)
	at java.util.concurrent.ThreadPoolExecutor.runWorker(ThreadPoolExecutor.java:1149)
	at java.util.concurrent.ThreadPoolExecutor$Worker.run(ThreadPoolExecutor.java:624)
	at java.lang.Thread.run(Thread.java:750)
Caused by: java.util.concurrent.RejectedExecutionException: Task java.util.concurrent.CompletableFuture$AsyncSupply@6358109f rejected from java.util.concurrent.ThreadPoolExecutor@4d44117d[Terminated, pool size = 0, active threads = 0, queued tasks = 0, completed tasks = 0]
	at java.util.concurrent.ThreadPoolExecutor$AbortPolicy.rejectedExecution(ThreadPoolExecutor.java:2063)
	at java.util.concurrent.ThreadPoolExecutor.reject(ThreadPoolExecutor.java:830)
	at java.util.concurrent.ThreadPoolExecutor.execute(ThreadPoolExecutor.java:1379)
	at java.util.concurrent.CompletableFuture.asyncSupplyStage(CompletableFuture.java:1618)
	at java.util.concurrent.CompletableFuture.supplyAsync(CompletableFuture.java:1843)
	at org.apache.ratis.server.impl.RaftServerImpl.executeSubmitServerRequestAsync(RaftServerImpl.java:896)
	at org.apache.ratis.server.impl.RaftServerProxy.lambda$appendEntriesAsync$29(RaftServerProxy.java:655)
	at java.util.concurrent.CompletableFuture.uniComposeStage(CompletableFuture.java:995)
	... 13 more
2024-09-07 03:04:41,675 INFO  leader.LogAppender (LogAppenderBase.java:lambda$getNextIndexForError$0(219)) - Decrease nextIndex to 89
2024-09-07 03:04:41,675 INFO  leader.LogAppender (LogAppenderBase.java:lambda$getNextIndexForError$0(219)) - Decrease nextIndex to 89
2024-09-07 03:04:41,675 INFO  leader.FollowerInfo (FollowerInfoImpl.java:info(70)) - s3@group-81EED7A8EFD4->s5: computeNextIndex nextIndex: updateUnconditionally 110 -> 89
2024-09-07 03:04:41,675 INFO  statemachine.StateMachine (ArithmeticStateMachine.java:applyTransaction(181)) - LEADER:s3-111: a = 21 = 21
2024-09-07 03:04:41,678 DEBUG statemachine.StateMachine (ArithmeticStateMachine.java:applyTransaction(183)) - FOLLOWER:s4-111: a = 21 = 21
2024-09-07 03:04:41,680 WARN  server.GrpcServerProtocolService (LogUtils.java:warn(123)) - s5: Failed APPEND_ENTRIES request cid=38, isHeartbeat? false
java.util.concurrent.CompletionException: java.util.concurrent.RejectedExecutionException: Task java.util.concurrent.CompletableFuture$AsyncSupply@6684cfb8 rejected from java.util.concurrent.ThreadPoolExecutor@4d44117d[Terminated, pool size = 0, active threads = 0, queued tasks = 0, completed tasks = 0]
	at java.util.concurrent.CompletableFuture.encodeThrowable(CompletableFuture.java:273)
	at java.util.concurrent.CompletableFuture.uniComposeStage(CompletableFuture.java:1005)
	at java.util.concurrent.CompletableFuture.thenCompose(CompletableFuture.java:2137)
	at org.apache.ratis.server.impl.RaftServerProxy.appendEntriesAsync(RaftServerProxy.java:655)
	at org.apache.ratis.grpc.server.GrpcServerProtocolService$1.process(GrpcServerProtocolService.java:307)
	at org.apache.ratis.grpc.server.GrpcServerProtocolService$ServerRequestStreamObserver.onNext(GrpcServerProtocolService.java:174)
	at org.apache.ratis.thirdparty.io.grpc.stub.ServerCalls$StreamingServerCallHandler$StreamingServerCallListener.onMessage(ServerCalls.java:262)
	at org.apache.ratis.thirdparty.io.grpc.internal.ServerCallImpl$ServerStreamListenerImpl.messagesAvailableInternal(ServerCallImpl.java:329)
	at org.apache.ratis.thirdparty.io.grpc.internal.ServerCallImpl$ServerStreamListenerImpl.messagesAvailable(ServerCallImpl.java:314)
	at org.apache.ratis.thirdparty.io.grpc.internal.ServerImpl$JumpToApplicationThreadServerStreamListener$1MessagesAvailable.runInContext(ServerImpl.java:833)
	at org.apache.ratis.thirdparty.io.grpc.internal.ContextRunnable.run(ContextRunnable.java:37)
	at org.apache.ratis.thirdparty.io.grpc.internal.SerializingExecutor.run(SerializingExecutor.java:133)
	at java.util.concurrent.ThreadPoolExecutor.runWorker(ThreadPoolExecutor.java:1149)
	at java.util.concurrent.ThreadPoolExecutor$Worker.run(ThreadPoolExecutor.java:624)
	at java.lang.Thread.run(Thread.java:750)
Caused by: java.util.concurrent.RejectedExecutionException: Task java.util.concurrent.CompletableFuture$AsyncSupply@6684cfb8 rejected from java.util.concurrent.ThreadPoolExecutor@4d44117d[Terminated, pool size = 0, active threads = 0, queued tasks = 0, completed tasks = 0]
	at java.util.concurrent.ThreadPoolExecutor$AbortPolicy.rejectedExecution(ThreadPoolExecutor.java:2063)
	at java.util.concurrent.ThreadPoolExecutor.reject(ThreadPoolExecutor.java:830)
	at java.util.concurrent.ThreadPoolExecutor.execute(ThreadPoolExecutor.java:1379)
	at java.util.concurrent.CompletableFuture.asyncSupplyStage(CompletableFuture.java:1618)
	at java.util.concurrent.CompletableFuture.supplyAsync(CompletableFuture.java:1843)
	at org.apache.ratis.server.impl.RaftServerImpl.executeSubmitServerRequestAsync(RaftServerImpl.java:896)
	at org.apache.ratis.server.impl.RaftServerProxy.lambda$appendEntriesAsync$29(RaftServerProxy.java:655)
	at java.util.concurrent.CompletableFuture.uniComposeStage(CompletableFuture.java:995)
	... 13 more
2024-09-07 03:04:41,682 INFO  statemachine.StateMachine (ArithmeticStateMachine.java:applyTransaction(181)) - LEADER:s3-113: b = 220 = 220
2024-09-07 03:04:41,685 DEBUG statemachine.StateMachine (ArithmeticStateMachine.java:applyTransaction(183)) - FOLLOWER:s4-113: b = 220 = 220
2024-09-07 03:04:41,687 INFO  leader.LogAppender (LogAppenderBase.java:lambda$getNextIndexForError$0(219)) - Decrease nextIndex to 89
2024-09-07 03:04:41,687 INFO  leader.LogAppender (LogAppenderBase.java:lambda$getNextIndexForError$0(219)) - Decrease nextIndex to 89
2024-09-07 03:04:41,687 INFO  leader.FollowerInfo (FollowerInfoImpl.java:info(70)) - s3@group-81EED7A8EFD4->s5: computeNextIndex nextIndex: updateUnconditionally 113 -> 89
2024-09-07 03:04:41,688 INFO  statemachine.StateMachine (ArithmeticStateMachine.java:applyTransaction(181)) - LEADER:s3-115: c = √(a^2 + b^2) = 221
2024-09-07 03:04:41,690 DEBUG statemachine.StateMachine (ArithmeticStateMachine.java:applyTransaction(183)) - FOLLOWER:s4-115: c = √(a^2 + b^2) = 221
2024-09-07 03:04:41,695 INFO  statemachine.StateMachine (ArithmeticStateMachine.java:applyTransaction(181)) - LEADER:s3-117: a = null = null
2024-09-07 03:04:41,697 WARN  server.GrpcServerProtocolService (LogUtils.java:warn(123)) - s5: Failed APPEND_ENTRIES request cid=43, isHeartbeat? false
java.util.concurrent.CompletionException: java.util.concurrent.RejectedExecutionException: Task java.util.concurrent.CompletableFuture$AsyncSupply@1ec19631 rejected from java.util.concurrent.ThreadPoolExecutor@4d44117d[Terminated, pool size = 0, active threads = 0, queued tasks = 0, completed tasks = 0]
	at java.util.concurrent.CompletableFuture.encodeThrowable(CompletableFuture.java:273)
	at java.util.concurrent.CompletableFuture.uniComposeStage(CompletableFuture.java:1005)
	at java.util.concurrent.CompletableFuture.thenCompose(CompletableFuture.java:2137)
	at org.apache.ratis.server.impl.RaftServerProxy.appendEntriesAsync(RaftServerProxy.java:655)
	at org.apache.ratis.grpc.server.GrpcServerProtocolService$1.process(GrpcServerProtocolService.java:307)
	at org.apache.ratis.grpc.server.GrpcServerProtocolService$ServerRequestStreamObserver.onNext(GrpcServerProtocolService.java:174)
	at org.apache.ratis.thirdparty.io.grpc.stub.ServerCalls$StreamingServerCallHandler$StreamingServerCallListener.onMessage(ServerCalls.java:262)
	at org.apache.ratis.thirdparty.io.grpc.internal.ServerCallImpl$ServerStreamListenerImpl.messagesAvailableInternal(ServerCallImpl.java:329)
	at org.apache.ratis.thirdparty.io.grpc.internal.ServerCallImpl$ServerStreamListenerImpl.messagesAvailable(ServerCallImpl.java:314)
	at org.apache.ratis.thirdparty.io.grpc.internal.ServerImpl$JumpToApplicationThreadServerStreamListener$1MessagesAvailable.runInContext(ServerImpl.java:833)
	at org.apache.ratis.thirdparty.io.grpc.internal.ContextRunnable.run(ContextRunnable.java:37)
	at org.apache.ratis.thirdparty.io.grpc.internal.SerializingExecutor.run(SerializingExecutor.java:133)
	at java.util.concurrent.ThreadPoolExecutor.runWorker(ThreadPoolExecutor.java:1149)
	at java.util.concurrent.ThreadPoolExecutor$Worker.run(ThreadPoolExecutor.java:624)
	at java.lang.Thread.run(Thread.java:750)
Caused by: java.util.concurrent.RejectedExecutionException: Task java.util.concurrent.CompletableFuture$AsyncSupply@1ec19631 rejected from java.util.concurrent.ThreadPoolExecutor@4d44117d[Terminated, pool size = 0, active threads = 0, queued tasks = 0, completed tasks = 0]
	at java.util.concurrent.ThreadPoolExecutor$AbortPolicy.rejectedExecution(ThreadPoolExecutor.java:2063)
	at java.util.concurrent.ThreadPoolExecutor.reject(ThreadPoolExecutor.java:830)
	at java.util.concurrent.ThreadPoolExecutor.execute(ThreadPoolExecutor.java:1379)
	at java.util.concurrent.CompletableFuture.asyncSupplyStage(CompletableFuture.java:1618)
	at java.util.concurrent.CompletableFuture.supplyAsync(CompletableFuture.java:1843)
	at org.apache.ratis.server.impl.RaftServerImpl.executeSubmitServerRequestAsync(RaftServerImpl.java:896)
	at org.apache.ratis.server.impl.RaftServerProxy.lambda$appendEntriesAsync$29(RaftServerProxy.java:655)
	at java.util.concurrent.CompletableFuture.uniComposeStage(CompletableFuture.java:995)
	... 13 more
2024-09-07 03:04:41,698 DEBUG statemachine.StateMachine (ArithmeticStateMachine.java:applyTransaction(183)) - FOLLOWER:s4-117: a = null = null
2024-09-07 03:04:41,702 INFO  leader.LogAppender (LogAppenderBase.java:lambda$getNextIndexForError$0(219)) - Decrease nextIndex to 89
2024-09-07 03:04:41,702 INFO  leader.LogAppender (LogAppenderBase.java:lambda$getNextIndexForError$0(219)) - Decrease nextIndex to 89
2024-09-07 03:04:41,702 INFO  leader.FollowerInfo (FollowerInfoImpl.java:info(70)) - s3@group-81EED7A8EFD4->s5: computeNextIndex nextIndex: updateUnconditionally 117 -> 89
2024-09-07 03:04:41,703 INFO  statemachine.StateMachine (ArithmeticStateMachine.java:applyTransaction(181)) - LEADER:s3-119: b = null = null
2024-09-07 03:04:41,705 DEBUG statemachine.StateMachine (ArithmeticStateMachine.java:applyTransaction(183)) - FOLLOWER:s4-119: b = null = null
2024-09-07 03:04:41,708 WARN  server.GrpcServerProtocolService (LogUtils.java:warn(123)) - s5: Failed APPEND_ENTRIES request cid=47, isHeartbeat? false
java.util.concurrent.CompletionException: java.util.concurrent.RejectedExecutionException: Task java.util.concurrent.CompletableFuture$AsyncSupply@6d64bdb5 rejected from java.util.concurrent.ThreadPoolExecutor@4d44117d[Terminated, pool size = 0, active threads = 0, queued tasks = 0, completed tasks = 0]
	at java.util.concurrent.CompletableFuture.encodeThrowable(CompletableFuture.java:273)
	at java.util.concurrent.CompletableFuture.uniComposeStage(CompletableFuture.java:1005)
	at java.util.concurrent.CompletableFuture.thenCompose(CompletableFuture.java:2137)
	at org.apache.ratis.server.impl.RaftServerProxy.appendEntriesAsync(RaftServerProxy.java:655)
	at org.apache.ratis.grpc.server.GrpcServerProtocolService$1.process(GrpcServerProtocolService.java:307)
	at org.apache.ratis.grpc.server.GrpcServerProtocolService$ServerRequestStreamObserver.onNext(GrpcServerProtocolService.java:174)
	at org.apache.ratis.thirdparty.io.grpc.stub.ServerCalls$StreamingServerCallHandler$StreamingServerCallListener.onMessage(ServerCalls.java:262)
	at org.apache.ratis.thirdparty.io.grpc.internal.ServerCallImpl$ServerStreamListenerImpl.messagesAvailableInternal(ServerCallImpl.java:329)
	at org.apache.ratis.thirdparty.io.grpc.internal.ServerCallImpl$ServerStreamListenerImpl.messagesAvailable(ServerCallImpl.java:314)
	at org.apache.ratis.thirdparty.io.grpc.internal.ServerImpl$JumpToApplicationThreadServerStreamListener$1MessagesAvailable.runInContext(ServerImpl.java:833)
	at org.apache.ratis.thirdparty.io.grpc.internal.ContextRunnable.run(ContextRunnable.java:37)
	at org.apache.ratis.thirdparty.io.grpc.internal.SerializingExecutor.run(SerializingExecutor.java:133)
	at java.util.concurrent.ThreadPoolExecutor.runWorker(ThreadPoolExecutor.java:1149)
	at java.util.concurrent.ThreadPoolExecutor$Worker.run(ThreadPoolExecutor.java:624)
	at java.lang.Thread.run(Thread.java:750)
Caused by: java.util.concurrent.RejectedExecutionException: Task java.util.concurrent.CompletableFuture$AsyncSupply@6d64bdb5 rejected from java.util.concurrent.ThreadPoolExecutor@4d44117d[Terminated, pool size = 0, active threads = 0, queued tasks = 0, completed tasks = 0]
	at java.util.concurrent.ThreadPoolExecutor$AbortPolicy.rejectedExecution(ThreadPoolExecutor.java:2063)
	at java.util.concurrent.ThreadPoolExecutor.reject(ThreadPoolExecutor.java:830)
	at java.util.concurrent.ThreadPoolExecutor.execute(ThreadPoolExecutor.java:1379)
	at java.util.concurrent.CompletableFuture.asyncSupplyStage(CompletableFuture.java:1618)
	at java.util.concurrent.CompletableFuture.supplyAsync(CompletableFuture.java:1843)
	at org.apache.ratis.server.impl.RaftServerImpl.executeSubmitServerRequestAsync(RaftServerImpl.java:896)
	at org.apache.ratis.server.impl.RaftServerProxy.lambda$appendEntriesAsync$29(RaftServerProxy.java:655)
	at java.util.concurrent.CompletableFuture.uniComposeStage(CompletableFuture.java:995)
	... 13 more
2024-09-07 03:04:41,711 INFO  statemachine.StateMachine (ArithmeticStateMachine.java:applyTransaction(181)) - LEADER:s3-121: c = null = null
2024-09-07 03:04:41,713 INFO  leader.LogAppender (LogAppenderBase.java:lambda$getNextIndexForError$0(219)) - Decrease nextIndex to 89
2024-09-07 03:04:41,713 INFO  leader.LogAppender (LogAppenderBase.java:lambda$getNextIndexForError$0(219)) - Decrease nextIndex to 89
2024-09-07 03:04:41,714 INFO  leader.FollowerInfo (FollowerInfoImpl.java:info(70)) - s3@group-81EED7A8EFD4->s5: computeNextIndex nextIndex: updateUnconditionally 121 -> 89
2024-09-07 03:04:41,714 DEBUG statemachine.StateMachine (ArithmeticStateMachine.java:applyTransaction(183)) - FOLLOWER:s4-121: c = null = null
2024-09-07 03:04:41,717 WARN  server.GrpcServerProtocolService (LogUtils.java:warn(123)) - s5: Failed APPEND_ENTRIES request cid=49, isHeartbeat? false
java.util.concurrent.CompletionException: java.util.concurrent.RejectedExecutionException: Task java.util.concurrent.CompletableFuture$AsyncSupply@ccaee74 rejected from java.util.concurrent.ThreadPoolExecutor@4d44117d[Terminated, pool size = 0, active threads = 0, queued tasks = 0, completed tasks = 0]
	at java.util.concurrent.CompletableFuture.encodeThrowable(CompletableFuture.java:273)
	at java.util.concurrent.CompletableFuture.uniComposeStage(CompletableFuture.java:1005)
	at java.util.concurrent.CompletableFuture.thenCompose(CompletableFuture.java:2137)
	at org.apache.ratis.server.impl.RaftServerProxy.appendEntriesAsync(RaftServerProxy.java:655)
	at org.apache.ratis.grpc.server.GrpcServerProtocolService$1.process(GrpcServerProtocolService.java:307)
	at org.apache.ratis.grpc.server.GrpcServerProtocolService$ServerRequestStreamObserver.onNext(GrpcServerProtocolService.java:174)
	at org.apache.ratis.thirdparty.io.grpc.stub.ServerCalls$StreamingServerCallHandler$StreamingServerCallListener.onMessage(ServerCalls.java:262)
	at org.apache.ratis.thirdparty.io.grpc.internal.ServerCallImpl$ServerStreamListenerImpl.messagesAvailableInternal(ServerCallImpl.java:329)
	at org.apache.ratis.thirdparty.io.grpc.internal.ServerCallImpl$ServerStreamListenerImpl.messagesAvailable(ServerCallImpl.java:314)
	at org.apache.ratis.thirdparty.io.grpc.internal.ServerImpl$JumpToApplicationThreadServerStreamListener$1MessagesAvailable.runInContext(ServerImpl.java:833)
	at org.apache.ratis.thirdparty.io.grpc.internal.ContextRunnable.run(ContextRunnable.java:37)
	at org.apache.ratis.thirdparty.io.grpc.internal.SerializingExecutor.run(SerializingExecutor.java:133)
	at java.util.concurrent.ThreadPoolExecutor.runWorker(ThreadPoolExecutor.java:1149)
	at java.util.concurrent.ThreadPoolExecutor$Worker.run(ThreadPoolExecutor.java:624)
	at java.lang.Thread.run(Thread.java:750)
Caused by: java.util.concurrent.RejectedExecutionException: Task java.util.concurrent.CompletableFuture$AsyncSupply@ccaee74 rejected from java.util.concurrent.ThreadPoolExecutor@4d44117d[Terminated, pool size = 0, active threads = 0, queued tasks = 0, completed tasks = 0]
	at java.util.concurrent.ThreadPoolExecutor$AbortPolicy.rejectedExecution(ThreadPoolExecutor.java:2063)
	at java.util.concurrent.ThreadPoolExecutor.reject(ThreadPoolExecutor.java:830)
	at java.util.concurrent.ThreadPoolExecutor.execute(ThreadPoolExecutor.java:1379)
	at java.util.concurrent.CompletableFuture.asyncSupplyStage(CompletableFuture.java:1618)
	at java.util.concurrent.CompletableFuture.supplyAsync(CompletableFuture.java:1843)
	at org.apache.ratis.server.impl.RaftServerImpl.executeSubmitServerRequestAsync(RaftServerImpl.java:896)
	at org.apache.ratis.server.impl.RaftServerProxy.lambda$appendEntriesAsync$29(RaftServerProxy.java:655)
	at java.util.concurrent.CompletableFuture.uniComposeStage(CompletableFuture.java:995)
	... 13 more
2024-09-07 03:04:41,721 INFO  leader.LogAppender (LogAppenderBase.java:lambda$getNextIndexForError$0(219)) - Decrease nextIndex to 89
2024-09-07 03:04:41,721 INFO  leader.LogAppender (LogAppenderBase.java:lambda$getNextIndexForError$0(219)) - Decrease nextIndex to 89
2024-09-07 03:04:41,721 INFO  leader.FollowerInfo (FollowerInfoImpl.java:info(70)) - s3@group-81EED7A8EFD4->s5: computeNextIndex nextIndex: updateUnconditionally 123 -> 89
2024-09-07 03:04:41,726 INFO  impl.MiniRaftCluster (MiniRaftCluster.java:shutdown(837)) - ************************************************************** 
2024-09-07 03:04:41,727 INFO  impl.MiniRaftCluster (MiniRaftCluster.java:shutdown(838)) - *** 
2024-09-07 03:04:41,727 INFO  impl.MiniRaftCluster (MiniRaftCluster.java:shutdown(839)) - ***     Stopping MiniRaftClusterWithGrpc
2024-09-07 03:04:41,727 INFO  impl.MiniRaftCluster (MiniRaftCluster.java:shutdown(840)) - *** 
2024-09-07 03:04:41,727 INFO  impl.MiniRaftCluster (MiniRaftCluster.java:shutdown(841)) - ************************************************************** 
2024-09-07 03:04:41,728 INFO  impl.MiniRaftCluster (MiniRaftCluster.java:shutdown(842)) - printing ALL groups
  s3:  RUNNING    LEADER s3@group-81EED7A8EFD4:t3, leader=s3, voted=s3, raftlog=Memoized:s3@group-81EED7A8EFD4-SegmentedRaftLog:OPENED:c122:last(t:3, i:122), conf=conf: {index: 89, cur=peers:[s3|localhost:15012, s4|localhost:15016, s5|localhost:15020]|listeners:[], old=null} RUNNING
  s4:  RUNNING  FOLLOWER s4@group-81EED7A8EFD4:t3, leader=s3, voted=s3, raftlog=Memoized:s4@group-81EED7A8EFD4-SegmentedRaftLog:OPENED:c121:last(t:3, i:122), conf=conf: {index: 89, cur=peers:[s3|localhost:15012, s4|localhost:15016, s5|localhost:15020]|listeners:[], old=null} RUNNING
  s5:  RUNNING    LEADER s5@group-81EED7A8EFD4:t2, leader=s5, voted=s5, raftlog=Memoized:s5@group-81EED7A8EFD4-SegmentedRaftLog:CLOSED:c87, conf=conf: {index: 0, cur=peers:[s3|localhost:15012, s4|localhost:15016, s5|localhost:15020]|listeners:[], old=null} CLOSED
2024-09-07 03:04:41,728 INFO  server.RaftServer (RaftServerProxy.java:lambda$close$9(418)) - s3: close
2024-09-07 03:04:41,730 INFO  server.RaftServer$Division (RaftServerImpl.java:lambda$close$1(510)) - s3@group-81EED7A8EFD4: shutdown
2024-09-07 03:04:41,730 INFO  server.RaftServer (RaftServerProxy.java:lambda$close$9(418)) - s4: close
2024-09-07 03:04:41,730 INFO  util.JmxRegister (JmxRegister.java:unregister(74)) - Successfully un-registered JMX Bean with object name Ratis:service=RaftServer,group=group-81EED7A8EFD4,id=s3
2024-09-07 03:04:41,734 INFO  impl.RoleInfo (RoleInfo.java:shutdownLeaderState(103)) - s3: shutdown s3@group-81EED7A8EFD4-LeaderStateImpl
2024-09-07 03:04:41,735 WARN  server.GrpcLogAppender (GrpcLogAppender.java:mayWait(293)) - s3@group-81EED7A8EFD4->s4-GrpcLogAppender: Wait interrupted by java.lang.InterruptedException
2024-09-07 03:04:41,735 INFO  impl.PendingRequests (PendingRequests.java:sendNotLeaderResponses(287)) - s3@group-81EED7A8EFD4-PendingRequests: sendNotLeaderResponses
2024-09-07 03:04:41,735 WARN  server.GrpcLogAppender (GrpcLogAppender.java:mayWait(293)) - s3@group-81EED7A8EFD4->s5-GrpcLogAppender: Wait interrupted by java.lang.InterruptedException
2024-09-07 03:04:41,735 INFO  server.GrpcServerProtocolService (GrpcServerProtocolService.java:onCompleted(200)) - s4: Completed APPEND_ENTRIES, lastRequest: s3->s4#51-t3,previous=(t:3, i:121),leaderCommit=121,initializing? false,entries: size=1, first=(t:3, i:122), METADATAENTRY(c:121)
2024-09-07 03:04:41,735 INFO  server.GrpcServerProtocolService (GrpcServerProtocolService.java:onCompleted(200)) - s4: Completed APPEND_ENTRIES, lastRequest: null
2024-09-07 03:04:41,736 INFO  server.GrpcServerProtocolService (GrpcServerProtocolService.java:lambda$onCompleted$7(202)) - s4: Completed APPEND_ENTRIES, lastReply: null
2024-09-07 03:04:41,736 INFO  server.GrpcServerProtocolService (GrpcServerProtocolService.java:lambda$onCompleted$7(202)) - s4: Completed APPEND_ENTRIES, lastReply: serverReply {
  requestorId: "s3"
  replyId: "s4"
  raftGroupId {
    id: "\266\236\240\335\311\306L\237\222\354\201\356\327\250\357\324"
  }
  callId: 4
  success: true
}
term: 3
nextIndex: 91
followerCommit: 90
matchIndex: 18446744073709551615
isHearbeat: true

2024-09-07 03:04:41,736 INFO  server.GrpcLogAppender (GrpcLogAppender.java:onCompleted(559)) - s3@group-81EED7A8EFD4->s4-AppendLogResponseHandler: follower responses appendEntries COMPLETED
2024-09-07 03:04:41,738 INFO  server.RaftServer (RaftServerProxy.java:lambda$close$9(418)) - s5: close
2024-09-07 03:04:41,738 INFO  impl.StateMachineUpdater (StateMachineUpdater.java:stopAndJoin(164)) - s3@group-81EED7A8EFD4-StateMachineUpdater: set stopIndex = 122
2024-09-07 03:04:41,739 INFO  server.GrpcLogAppender (GrpcLogAppender.java:onCompleted(559)) - s3@group-81EED7A8EFD4->s4-AppendLogResponseHandler: follower responses appendEntries COMPLETED
2024-09-07 03:04:41,739 INFO  server.GrpcService (GrpcService.java:closeImpl(349)) - s3: shutdown server org.apache.ratis.grpc.server.GrpcClientProtocolService now
2024-09-07 03:04:41,739 INFO  impl.StateMachineUpdater (StateMachineUpdater.java:stop(141)) - s3@group-81EED7A8EFD4-StateMachineUpdater: closing ArithmeticStateMachine, lastApplied=(t:3, i:122)
2024-09-07 03:04:41,739 INFO  util.AwaitToRun (AwaitToRun.java:run(49)) - s3@group-81EED7A8EFD4-cacheEviction-AwaitToRun-AwaitForSignal is interrupted
2024-09-07 03:04:41,743 INFO  server.RaftServer$Division (RaftServerImpl.java:lambda$close$1(510)) - s4@group-81EED7A8EFD4: shutdown
2024-09-07 03:04:41,744 INFO  util.JmxRegister (JmxRegister.java:unregister(74)) - Successfully un-registered JMX Bean with object name Ratis:service=RaftServer,group=group-81EED7A8EFD4,id=s4
2024-09-07 03:04:41,744 INFO  impl.RoleInfo (RoleInfo.java:shutdownFollowerState(119)) - s4: shutdown s4@group-81EED7A8EFD4-FollowerState
2024-09-07 03:04:41,745 INFO  server.GrpcService (GrpcService.java:closeImpl(349)) - s5: shutdown server org.apache.ratis.grpc.server.GrpcClientProtocolService now
2024-09-07 03:04:41,745 INFO  server.GrpcService (GrpcService.java:closeImpl(349)) - s4: shutdown server org.apache.ratis.grpc.server.GrpcClientProtocolService now
2024-09-07 03:04:41,746 INFO  impl.StateMachineUpdater (StateMachineUpdater.java:stopAndJoin(164)) - s4@group-81EED7A8EFD4-StateMachineUpdater: set stopIndex = 121
2024-09-07 03:04:41,746 INFO  impl.FollowerState (FollowerState.java:run(153)) - s4@group-81EED7A8EFD4-FollowerState was interrupted
2024-09-07 03:04:41,746 INFO  impl.StateMachineUpdater (StateMachineUpdater.java:stop(141)) - s4@group-81EED7A8EFD4-StateMachineUpdater: closing ArithmeticStateMachine, lastApplied=(t:3, i:121)
2024-09-07 03:04:41,754 INFO  util.AwaitToRun (AwaitToRun.java:run(49)) - s4@group-81EED7A8EFD4-cacheEviction-AwaitToRun-AwaitForSignal is interrupted
2024-09-07 03:04:41,754 INFO  server.GrpcServerProtocolClient (GrpcServerProtocolClient.java:close(105)) - s4 Close channels
2024-09-07 03:04:41,755 INFO  server.GrpcServerProtocolClient (GrpcServerProtocolClient.java:close(105)) - s5 Close channels
2024-09-07 03:04:41,756 INFO  server.GrpcServerProtocolClient (GrpcServerProtocolClient.java:close(105)) - s3 Close channels
2024-09-07 03:04:41,757 INFO  server.GrpcServerProtocolClient (GrpcServerProtocolClient.java:close(105)) - s3 Close channels
2024-09-07 03:04:41,757 INFO  server.GrpcServerProtocolClient (GrpcServerProtocolClient.java:close(105)) - s5 Close channels
2024-09-07 03:04:41,757 INFO  server.GrpcServerProtocolClient (GrpcServerProtocolClient.java:close(105)) - s4 Close channels
2024-09-07 03:04:41,760 INFO  server.GrpcService (GrpcService.java:closeImpl(358)) - s5: shutdown server org.apache.ratis.grpc.server.GrpcClientProtocolService successfully
2024-09-07 03:04:41,760 INFO  server.GrpcService (GrpcService.java:closeImpl(349)) - s5: shutdown server GrpcServerProtocolService now
2024-09-07 03:04:41,761 INFO  server.GrpcService (GrpcService.java:closeImpl(358)) - s4: shutdown server org.apache.ratis.grpc.server.GrpcClientProtocolService successfully
2024-09-07 03:04:41,762 INFO  server.GrpcService (GrpcService.java:closeImpl(349)) - s4: shutdown server GrpcServerProtocolService now
2024-09-07 03:04:41,762 INFO  server.GrpcService (GrpcService.java:closeImpl(358)) - s4: shutdown server GrpcServerProtocolService successfully
2024-09-07 03:04:41,762 INFO  server.GrpcService (GrpcService.java:closeImpl(349)) - s4: shutdown server org.apache.ratis.grpc.server.GrpcAdminProtocolService now
2024-09-07 03:04:41,763 INFO  server.GrpcService (GrpcService.java:closeImpl(358)) - s4: shutdown server org.apache.ratis.grpc.server.GrpcAdminProtocolService successfully
2024-09-07 03:04:41,764 WARN  server.GrpcServerProtocolService (LogUtils.java:warn(121)) - s5: APPEND_ENTRIES onError, lastRequest: null: org.apache.ratis.thirdparty.io.grpc.StatusRuntimeException: CANCELLED: client cancelled
2024-09-07 03:04:41,765 WARN  server.GrpcServerProtocolService (LogUtils.java:warn(121)) - s5: APPEND_ENTRIES onError, lastRequest: null: org.apache.ratis.thirdparty.io.grpc.StatusRuntimeException: CANCELLED: client cancelled
2024-09-07 03:04:41,765 WARN  server.GrpcServerProtocolService (LogUtils.java:warn(121)) - s5: APPEND_ENTRIES onError, lastRequest: null: org.apache.ratis.thirdparty.io.grpc.StatusRuntimeException: CANCELLED: client cancelled
2024-09-07 03:04:41,765 WARN  server.GrpcServerProtocolService (LogUtils.java:warn(121)) - s5: APPEND_ENTRIES onError, lastRequest: null: org.apache.ratis.thirdparty.io.grpc.StatusRuntimeException: CANCELLED: client cancelled
2024-09-07 03:04:41,765 WARN  server.GrpcServerProtocolService (LogUtils.java:warn(121)) - s5: APPEND_ENTRIES onError, lastRequest: null: org.apache.ratis.thirdparty.io.grpc.StatusRuntimeException: CANCELLED: client cancelled
2024-09-07 03:04:41,765 WARN  server.GrpcServerProtocolService (LogUtils.java:warn(121)) - s5: APPEND_ENTRIES onError, lastRequest: null: org.apache.ratis.thirdparty.io.grpc.StatusRuntimeException: CANCELLED: client cancelled
2024-09-07 03:04:41,766 WARN  server.GrpcServerProtocolService (LogUtils.java:warn(121)) - s5: APPEND_ENTRIES onError, lastRequest: null: org.apache.ratis.thirdparty.io.grpc.StatusRuntimeException: CANCELLED: client cancelled
2024-09-07 03:04:41,766 WARN  server.GrpcServerProtocolService (LogUtils.java:warn(121)) - s5: APPEND_ENTRIES onError, lastRequest: null: org.apache.ratis.thirdparty.io.grpc.StatusRuntimeException: CANCELLED: client cancelled
2024-09-07 03:04:41,766 WARN  server.GrpcServerProtocolService (LogUtils.java:warn(121)) - s5: APPEND_ENTRIES onError, lastRequest: null: org.apache.ratis.thirdparty.io.grpc.StatusRuntimeException: CANCELLED: client cancelled
2024-09-07 03:04:41,766 WARN  server.GrpcServerProtocolService (LogUtils.java:warn(121)) - s5: APPEND_ENTRIES onError, lastRequest: null: org.apache.ratis.thirdparty.io.grpc.StatusRuntimeException: CANCELLED: client cancelled
2024-09-07 03:04:41,766 WARN  server.GrpcServerProtocolService (LogUtils.java:warn(121)) - s5: APPEND_ENTRIES onError, lastRequest: null: org.apache.ratis.thirdparty.io.grpc.StatusRuntimeException: CANCELLED: client cancelled
2024-09-07 03:04:41,766 WARN  server.GrpcServerProtocolService (LogUtils.java:warn(121)) - s5: APPEND_ENTRIES onError, lastRequest: null: org.apache.ratis.thirdparty.io.grpc.StatusRuntimeException: CANCELLED: client cancelled
2024-09-07 03:04:41,766 WARN  server.GrpcServerProtocolService (LogUtils.java:warn(121)) - s5: APPEND_ENTRIES onError, lastRequest: null: org.apache.ratis.thirdparty.io.grpc.StatusRuntimeException: CANCELLED: client cancelled
2024-09-07 03:04:41,767 WARN  server.GrpcServerProtocolService (LogUtils.java:warn(121)) - s5: APPEND_ENTRIES onError, lastRequest: null: org.apache.ratis.thirdparty.io.grpc.StatusRuntimeException: CANCELLED: client cancelled
2024-09-07 03:04:41,767 WARN  server.GrpcServerProtocolService (LogUtils.java:warn(121)) - s5: APPEND_ENTRIES onError, lastRequest: null: org.apache.ratis.thirdparty.io.grpc.StatusRuntimeException: CANCELLED: client cancelled
2024-09-07 03:04:41,767 INFO  server.GrpcService (GrpcService.java:closeImpl(358)) - s5: shutdown server GrpcServerProtocolService successfully
2024-09-07 03:04:41,767 INFO  server.GrpcService (GrpcService.java:closeImpl(349)) - s5: shutdown server org.apache.ratis.grpc.server.GrpcAdminProtocolService now
2024-09-07 03:04:41,768 INFO  server.GrpcLogAppender (GrpcLogAppender.java:onError(546)) - s3@group-81EED7A8EFD4->s5-GrpcLogAppender is already stopped
2024-09-07 03:04:41,768 INFO  server.GrpcService (GrpcService.java:closeImpl(358)) - s5: shutdown server org.apache.ratis.grpc.server.GrpcAdminProtocolService successfully
2024-09-07 03:04:41,768 INFO  server.GrpcLogAppender (GrpcLogAppender.java:onError(546)) - s3@group-81EED7A8EFD4->s5-GrpcLogAppender is already stopped
2024-09-07 03:04:41,768 INFO  server.GrpcLogAppender (GrpcLogAppender.java:onError(546)) - s3@group-81EED7A8EFD4->s5-GrpcLogAppender is already stopped
2024-09-07 03:04:41,768 INFO  server.GrpcLogAppender (GrpcLogAppender.java:onError(546)) - s3@group-81EED7A8EFD4->s5-GrpcLogAppender is already stopped
2024-09-07 03:04:41,768 INFO  server.GrpcLogAppender (GrpcLogAppender.java:onError(546)) - s3@group-81EED7A8EFD4->s5-GrpcLogAppender is already stopped
2024-09-07 03:04:41,769 INFO  server.GrpcLogAppender (GrpcLogAppender.java:onError(546)) - s3@group-81EED7A8EFD4->s5-GrpcLogAppender is already stopped
2024-09-07 03:04:41,769 INFO  util.JvmPauseMonitor (JvmPauseMonitor.java:run(152)) - JvmPauseMonitor-s5: Stopped
2024-09-07 03:04:41,769 INFO  server.GrpcLogAppender (GrpcLogAppender.java:onError(546)) - s3@group-81EED7A8EFD4->s5-GrpcLogAppender is already stopped
2024-09-07 03:04:41,769 INFO  server.GrpcLogAppender (GrpcLogAppender.java:onError(546)) - s3@group-81EED7A8EFD4->s5-GrpcLogAppender is already stopped
2024-09-07 03:04:41,768 INFO  server.GrpcLogAppender (GrpcLogAppender.java:onError(546)) - s3@group-81EED7A8EFD4->s5-GrpcLogAppender is already stopped
2024-09-07 03:04:41,768 INFO  server.GrpcLogAppender (GrpcLogAppender.java:onError(546)) - s3@group-81EED7A8EFD4->s5-GrpcLogAppender is already stopped
2024-09-07 03:04:41,769 INFO  server.GrpcLogAppender (GrpcLogAppender.java:onError(546)) - s3@group-81EED7A8EFD4->s5-GrpcLogAppender is already stopped
2024-09-07 03:04:41,769 INFO  server.GrpcLogAppender (GrpcLogAppender.java:onError(546)) - s3@group-81EED7A8EFD4->s5-GrpcLogAppender is already stopped
2024-09-07 03:04:41,769 INFO  server.GrpcLogAppender (GrpcLogAppender.java:onError(546)) - s3@group-81EED7A8EFD4->s5-GrpcLogAppender is already stopped
2024-09-07 03:04:41,769 INFO  server.GrpcLogAppender (GrpcLogAppender.java:onError(546)) - s3@group-81EED7A8EFD4->s5-GrpcLogAppender is already stopped
2024-09-07 03:04:41,770 INFO  server.GrpcService (GrpcService.java:closeImpl(358)) - s3: shutdown server org.apache.ratis.grpc.server.GrpcClientProtocolService successfully
2024-09-07 03:04:41,770 INFO  server.GrpcService (GrpcService.java:closeImpl(349)) - s3: shutdown server GrpcServerProtocolService now
2024-09-07 03:04:41,770 INFO  server.GrpcLogAppender (GrpcLogAppender.java:onError(546)) - s3@group-81EED7A8EFD4->s5-GrpcLogAppender is already stopped
2024-09-07 03:04:41,770 INFO  server.GrpcService (GrpcService.java:closeImpl(358)) - s3: shutdown server GrpcServerProtocolService successfully
2024-09-07 03:04:41,771 INFO  server.GrpcService (GrpcService.java:closeImpl(349)) - s3: shutdown server org.apache.ratis.grpc.server.GrpcAdminProtocolService now
2024-09-07 03:04:41,771 INFO  server.GrpcService (GrpcService.java:closeImpl(358)) - s3: shutdown server org.apache.ratis.grpc.server.GrpcAdminProtocolService successfully
2024-09-07 03:04:42,713 INFO  segmented.SegmentedRaftLogWorker (SegmentedRaftLogWorker.java:close(251)) - s3@group-81EED7A8EFD4-SegmentedRaftLogWorker close()
2024-09-07 03:04:42,714 INFO  util.JvmPauseMonitor (JvmPauseMonitor.java:run(152)) - JvmPauseMonitor-s3: Stopped
2024-09-07 03:04:42,715 INFO  segmented.SegmentedRaftLogWorker (SegmentedRaftLogWorker.java:close(251)) - s4@group-81EED7A8EFD4-SegmentedRaftLogWorker close()
2024-09-07 03:04:42,716 INFO  util.JvmPauseMonitor (JvmPauseMonitor.java:run(152)) - JvmPauseMonitor-s4: Stopped
2024-09-07 03:04:42,716 INFO  impl.MiniRaftCluster (MiniRaftCluster.java:shutdown(861)) - MiniRaftClusterWithGrpc shutdown completed
2024-09-07 03:04:42,716 INFO  ratis.RaftTestUtil (RaftTestUtil.java:gc(593)) - gc 0
2024-09-07 03:04:42,877 WARN  util.ReferenceCountedLeakDetector (ReferenceCountedLeakDetector.java:lambda$new$0(147)) - LEAK: A org.apache.ratis.proto.RaftProtos$LogEntryProto is not released properly
2024-09-07 03:04:42,878 WARN  util.ReferenceCountedLeakDetector (ReferenceCountedLeakDetector.java:lambda$new$0(147)) - LEAK: A org.apache.ratis.protocol.RaftClientRequest is not released properly
2024-09-07 03:04:42,878 WARN  util.ReferenceCountedLeakDetector (ReferenceCountedLeakDetector.java:lambda$new$0(147)) - LEAK: A org.apache.ratis.proto.RaftProtos$LogEntryProto is not released properly
]]></system-out>
    <system-err><![CDATA[Sep 07, 2024 3:04:42 AM org.junit.jupiter.engine.execution.JupiterEngineExecutionContext close
SEVERE: Caught exception while closing extension context: org.junit.jupiter.engine.descriptor.MethodExtensionContext@58486deb
java.lang.IllegalStateException: allLeaks.size = 3
	at org.apache.ratis.util.Preconditions.assertTrue(Preconditions.java:77)
	at org.apache.ratis.util.LeakDetector.assertNoLeaks(LeakDetector.java:107)
	at org.apache.ratis.server.impl.MiniRaftCluster.shutdown(MiniRaftCluster.java:869)
	at org.apache.ratis.grpc.MiniRaftClusterWithGrpc.shutdown(MiniRaftClusterWithGrpc.java:93)
	at org.apache.ratis.server.impl.MiniRaftCluster.close(MiniRaftCluster.java:833)
	at org.junit.jupiter.params.ParameterizedTestParameterResolver$CloseableArgument.close(ParameterizedTestParameterResolver.java:109)
	at org.junit.jupiter.engine.descriptor.AbstractExtensionContext.lambda$static$0(AbstractExtensionContext.java:45)
	at org.junit.platform.engine.support.store.NamespacedHierarchicalStore$EvaluatedValue.close(NamespacedHierarchicalStore.java:333)
	at org.junit.platform.engine.support.store.NamespacedHierarchicalStore$EvaluatedValue.access$800(NamespacedHierarchicalStore.java:317)
	at org.junit.platform.engine.support.store.NamespacedHierarchicalStore.lambda$close$3(NamespacedHierarchicalStore.java:98)
	at org.junit.platform.engine.support.hierarchical.ThrowableCollector.execute(ThrowableCollector.java:73)
	at org.junit.platform.engine.support.store.NamespacedHierarchicalStore.lambda$close$4(NamespacedHierarchicalStore.java:98)
	at java.util.stream.ForEachOps$ForEachOp$OfRef.accept(ForEachOps.java:183)
	at java.util.ArrayList.forEach(ArrayList.java:1259)
	at java.util.stream.SortedOps$RefSortingSink.end(SortedOps.java:395)
	at java.util.stream.Sink$ChainedReference.end(Sink.java:258)
	at java.util.stream.Sink$ChainedReference.end(Sink.java:258)
	at java.util.stream.AbstractPipeline.copyInto(AbstractPipeline.java:483)
	at java.util.stream.AbstractPipeline.wrapAndCopyInto(AbstractPipeline.java:472)
	at java.util.stream.ForEachOps$ForEachOp.evaluateSequential(ForEachOps.java:150)
	at java.util.stream.ForEachOps$ForEachOp$OfRef.evaluateSequential(ForEachOps.java:173)
	at java.util.stream.AbstractPipeline.evaluate(AbstractPipeline.java:234)
	at java.util.stream.ReferencePipeline.forEach(ReferencePipeline.java:485)
	at org.junit.platform.engine.support.store.NamespacedHierarchicalStore.close(NamespacedHierarchicalStore.java:98)
	at org.junit.jupiter.engine.descriptor.AbstractExtensionContext.close(AbstractExtensionContext.java:87)
	at org.junit.jupiter.engine.execution.JupiterEngineExecutionContext.close(JupiterEngineExecutionContext.java:53)
	at org.junit.jupiter.engine.descriptor.JupiterTestDescriptor.cleanUp(JupiterTestDescriptor.java:224)
	at org.junit.jupiter.engine.descriptor.TestMethodTestDescriptor.lambda$cleanUp$1(TestMethodTestDescriptor.java:156)
	at org.junit.platform.engine.support.hierarchical.ThrowableCollector.execute(ThrowableCollector.java:73)
	at org.junit.jupiter.engine.descriptor.TestMethodTestDescriptor.cleanUp(TestMethodTestDescriptor.java:156)
	at org.junit.jupiter.engine.descriptor.TestMethodTestDescriptor.cleanUp(TestMethodTestDescriptor.java:69)
	at org.junit.platform.engine.support.hierarchical.NodeTestTask.lambda$cleanUp$10(NodeTestTask.java:167)
	at org.junit.platform.engine.support.hierarchical.ThrowableCollector.execute(ThrowableCollector.java:73)
	at org.junit.platform.engine.support.hierarchical.NodeTestTask.cleanUp(NodeTestTask.java:167)
	at org.junit.platform.engine.support.hierarchical.NodeTestTask.execute(NodeTestTask.java:98)
	at org.junit.platform.engine.support.hierarchical.SameThreadHierarchicalTestExecutorService.submit(SameThreadHierarchicalTestExecutorService.java:35)
	at org.junit.platform.engine.support.hierarchical.NodeTestTask$DefaultDynamicTestExecutor.execute(NodeTestTask.java:226)
	at org.junit.platform.engine.support.hierarchical.NodeTestTask$DefaultDynamicTestExecutor.execute(NodeTestTask.java:204)
	at org.junit.jupiter.engine.descriptor.TestTemplateTestDescriptor.execute(TestTemplateTestDescriptor.java:142)
	at org.junit.jupiter.engine.descriptor.TestTemplateTestDescriptor.lambda$execute$2(TestTemplateTestDescriptor.java:110)
	at java.util.stream.ForEachOps$ForEachOp$OfRef.accept(ForEachOps.java:183)
	at java.util.stream.ReferencePipeline$3$1.accept(ReferencePipeline.java:193)
	at java.util.stream.ReferencePipeline$2$1.accept(ReferencePipeline.java:175)
	at java.util.stream.ReferencePipeline$3$1.accept(ReferencePipeline.java:193)
	at java.util.stream.ForEachOps$ForEachOp$OfRef.accept(ForEachOps.java:183)
	at java.util.stream.ReferencePipeline$3$1.accept(ReferencePipeline.java:193)
	at java.util.stream.ReferencePipeline$3$1.accept(ReferencePipeline.java:193)
	at java.util.stream.ReferencePipeline$3$1.accept(ReferencePipeline.java:193)
	at java.util.stream.ForEachOps$ForEachOp$OfRef.accept(ForEachOps.java:183)
	at java.util.stream.ReferencePipeline$3$1.accept(ReferencePipeline.java:193)
	at java.util.ArrayList$ArrayListSpliterator.forEachRemaining(ArrayList.java:1384)
	at java.util.stream.ReferencePipeline$Head.forEach(ReferencePipeline.java:647)
	at java.util.stream.ReferencePipeline$7$1.accept(ReferencePipeline.java:272)
	at java.util.stream.ReferencePipeline$3$1.accept(ReferencePipeline.java:193)
	at java.util.stream.ReferencePipeline$3$1.accept(ReferencePipeline.java:193)
	at java.util.stream.ReferencePipeline$3$1.accept(ReferencePipeline.java:193)
	at java.util.Spliterators$ArraySpliterator.forEachRemaining(Spliterators.java:948)
	at java.util.stream.AbstractPipeline.copyInto(AbstractPipeline.java:482)
	at java.util.stream.AbstractPipeline.wrapAndCopyInto(AbstractPipeline.java:472)
	at java.util.stream.ForEachOps$ForEachOp.evaluateSequential(ForEachOps.java:150)
	at java.util.stream.ForEachOps$ForEachOp$OfRef.evaluateSequential(ForEachOps.java:173)
	at java.util.stream.AbstractPipeline.evaluate(AbstractPipeline.java:234)
	at java.util.stream.ReferencePipeline.forEach(ReferencePipeline.java:485)
	at java.util.stream.ReferencePipeline$7$1.accept(ReferencePipeline.java:272)
	at java.util.stream.ReferencePipeline$3$1.accept(ReferencePipeline.java:193)
	at java.util.stream.ReferencePipeline$3$1.accept(ReferencePipeline.java:193)
	at java.util.stream.ReferencePipeline$3$1.accept(ReferencePipeline.java:193)
	at java.util.ArrayList$ArrayListSpliterator.forEachRemaining(ArrayList.java:1384)
	at java.util.stream.AbstractPipeline.copyInto(AbstractPipeline.java:482)
	at java.util.stream.AbstractPipeline.wrapAndCopyInto(AbstractPipeline.java:472)
	at java.util.stream.ForEachOps$ForEachOp.evaluateSequential(ForEachOps.java:150)
	at java.util.stream.ForEachOps$ForEachOp$OfRef.evaluateSequential(ForEachOps.java:173)
	at java.util.stream.AbstractPipeline.evaluate(AbstractPipeline.java:234)
	at java.util.stream.ReferencePipeline.forEach(ReferencePipeline.java:485)
	at java.util.stream.ReferencePipeline$7$1.accept(ReferencePipeline.java:272)
	at java.util.ArrayList$ArrayListSpliterator.forEachRemaining(ArrayList.java:1384)
	at java.util.stream.AbstractPipeline.copyInto(AbstractPipeline.java:482)
	at java.util.stream.AbstractPipeline.wrapAndCopyInto(AbstractPipeline.java:472)
	at java.util.stream.ForEachOps$ForEachOp.evaluateSequential(ForEachOps.java:150)
	at java.util.stream.ForEachOps$ForEachOp$OfRef.evaluateSequential(ForEachOps.java:173)
	at java.util.stream.AbstractPipeline.evaluate(AbstractPipeline.java:234)
	at java.util.stream.ReferencePipeline.forEach(ReferencePipeline.java:485)
	at org.junit.jupiter.engine.descriptor.TestTemplateTestDescriptor.execute(TestTemplateTestDescriptor.java:110)
	at org.junit.jupiter.engine.descriptor.TestTemplateTestDescriptor.execute(TestTemplateTestDescriptor.java:44)
	at org.junit.platform.engine.support.hierarchical.NodeTestTask.lambda$executeRecursively$6(NodeTestTask.java:151)
	at org.junit.platform.engine.support.hierarchical.ThrowableCollector.execute(ThrowableCollector.java:73)
	at org.junit.platform.engine.support.hierarchical.NodeTestTask.lambda$executeRecursively$8(NodeTestTask.java:141)
	at org.junit.platform.engine.support.hierarchical.Node.around(Node.java:137)
	at org.junit.platform.engine.support.hierarchical.NodeTestTask.lambda$executeRecursively$9(NodeTestTask.java:139)
	at org.junit.platform.engine.support.hierarchical.ThrowableCollector.execute(ThrowableCollector.java:73)
	at org.junit.platform.engine.support.hierarchical.NodeTestTask.executeRecursively(NodeTestTask.java:138)
	at org.junit.platform.engine.support.hierarchical.NodeTestTask.execute(NodeTestTask.java:95)
	at java.util.ArrayList.forEach(ArrayList.java:1259)
	at org.junit.platform.engine.support.hierarchical.SameThreadHierarchicalTestExecutorService.invokeAll(SameThreadHierarchicalTestExecutorService.java:41)
	at org.junit.platform.engine.support.hierarchical.NodeTestTask.lambda$executeRecursively$6(NodeTestTask.java:155)
	at org.junit.platform.engine.support.hierarchical.ThrowableCollector.execute(ThrowableCollector.java:73)
	at org.junit.platform.engine.support.hierarchical.NodeTestTask.lambda$executeRecursively$8(NodeTestTask.java:141)
	at org.junit.platform.engine.support.hierarchical.Node.around(Node.java:137)
	at org.junit.platform.engine.support.hierarchical.NodeTestTask.lambda$executeRecursively$9(NodeTestTask.java:139)
	at org.junit.platform.engine.support.hierarchical.ThrowableCollector.execute(ThrowableCollector.java:73)
	at org.junit.platform.engine.support.hierarchical.NodeTestTask.executeRecursively(NodeTestTask.java:138)
	at org.junit.platform.engine.support.hierarchical.NodeTestTask.execute(NodeTestTask.java:95)
	at java.util.ArrayList.forEach(ArrayList.java:1259)
	at org.junit.platform.engine.support.hierarchical.SameThreadHierarchicalTestExecutorService.invokeAll(SameThreadHierarchicalTestExecutorService.java:41)
	at org.junit.platform.engine.support.hierarchical.NodeTestTask.lambda$executeRecursively$6(NodeTestTask.java:155)
	at org.junit.platform.engine.support.hierarchical.ThrowableCollector.execute(ThrowableCollector.java:73)
	at org.junit.platform.engine.support.hierarchical.NodeTestTask.lambda$executeRecursively$8(NodeTestTask.java:141)
	at org.junit.platform.engine.support.hierarchical.Node.around(Node.java:137)
	at org.junit.platform.engine.support.hierarchical.NodeTestTask.lambda$executeRecursively$9(NodeTestTask.java:139)
	at org.junit.platform.engine.support.hierarchical.ThrowableCollector.execute(ThrowableCollector.java:73)
	at org.junit.platform.engine.support.hierarchical.NodeTestTask.executeRecursively(NodeTestTask.java:138)
	at org.junit.platform.engine.support.hierarchical.NodeTestTask.execute(NodeTestTask.java:95)
	at org.junit.platform.engine.support.hierarchical.SameThreadHierarchicalTestExecutorService.submit(SameThreadHierarchicalTestExecutorService.java:35)
	at org.junit.platform.engine.support.hierarchical.HierarchicalTestExecutor.execute(HierarchicalTestExecutor.java:57)
	at org.junit.platform.engine.support.hierarchical.HierarchicalTestEngine.execute(HierarchicalTestEngine.java:54)
	at org.junit.platform.launcher.core.EngineExecutionOrchestrator.execute(EngineExecutionOrchestrator.java:198)
	at org.junit.platform.launcher.core.EngineExecutionOrchestrator.execute(EngineExecutionOrchestrator.java:169)
	at org.junit.platform.launcher.core.EngineExecutionOrchestrator.execute(EngineExecutionOrchestrator.java:93)
	at org.junit.platform.launcher.core.EngineExecutionOrchestrator.lambda$execute$0(EngineExecutionOrchestrator.java:58)
	at org.junit.platform.launcher.core.EngineExecutionOrchestrator.withInterceptedStreams(EngineExecutionOrchestrator.java:141)
	at org.junit.platform.launcher.core.EngineExecutionOrchestrator.execute(EngineExecutionOrchestrator.java:57)
	at org.junit.platform.launcher.core.DefaultLauncher.execute(DefaultLauncher.java:103)
	at org.junit.platform.launcher.core.DefaultLauncher.execute(DefaultLauncher.java:85)
	at org.junit.platform.launcher.core.DelegatingLauncher.execute(DelegatingLauncher.java:47)
	at org.junit.platform.launcher.core.SessionPerRequestLauncher.execute(SessionPerRequestLauncher.java:63)
	at org.apache.maven.surefire.junitplatform.JUnitPlatformProvider.invokeAllTests(JUnitPlatformProvider.java:154)
	at org.apache.maven.surefire.junitplatform.JUnitPlatformProvider.invoke(JUnitPlatformProvider.java:123)
	at org.apache.maven.surefire.booter.ForkedBooter.runSuitesInProcess(ForkedBooter.java:377)
	at org.apache.maven.surefire.booter.ForkedBooter.execute(ForkedBooter.java:138)
	at org.apache.maven.surefire.booter.ForkedBooter.run(ForkedBooter.java:465)
	at org.apache.maven.surefire.booter.ForkedBooter.main(ForkedBooter.java:451)

]]></system-err>
  </testcase>
  <testcase name="testPythagorean(MiniRaftCluster)[3]" classname="org.apache.ratis.examples.arithmetic.TestArithmetic" time="0.159">
    <error type="java.lang.IllegalStateException"><![CDATA[java.lang.IllegalStateException: allLeaks.size = 3
	at org.apache.ratis.util.Preconditions.assertTrue(Preconditions.java:77)
	at org.apache.ratis.util.LeakDetector.assertNoLeaks(LeakDetector.java:107)
	at org.apache.ratis.server.impl.MiniRaftCluster.shutdown(MiniRaftCluster.java:869)
	at org.apache.ratis.grpc.MiniRaftClusterWithGrpc.shutdown(MiniRaftClusterWithGrpc.java:93)
	at org.apache.ratis.examples.ParameterizedBaseTest.setAndStart(ParameterizedBaseTest.java:58)
	at org.apache.ratis.examples.arithmetic.TestArithmetic.testPythagorean(TestArithmetic.java:54)
	at java.lang.reflect.Method.invoke(Method.java:498)
	at java.util.stream.ForEachOps$ForEachOp$OfRef.accept(ForEachOps.java:183)
	at java.util.stream.ReferencePipeline$3$1.accept(ReferencePipeline.java:193)
	at java.util.stream.ReferencePipeline$2$1.accept(ReferencePipeline.java:175)
	at java.util.stream.ReferencePipeline$3$1.accept(ReferencePipeline.java:193)
	at java.util.stream.ForEachOps$ForEachOp$OfRef.accept(ForEachOps.java:183)
	at java.util.stream.ReferencePipeline$3$1.accept(ReferencePipeline.java:193)
	at java.util.stream.ReferencePipeline$3$1.accept(ReferencePipeline.java:193)
	at java.util.stream.ReferencePipeline$3$1.accept(ReferencePipeline.java:193)
	at java.util.stream.ForEachOps$ForEachOp$OfRef.accept(ForEachOps.java:183)
	at java.util.stream.ReferencePipeline$3$1.accept(ReferencePipeline.java:193)
	at java.util.ArrayList$ArrayListSpliterator.forEachRemaining(ArrayList.java:1384)
	at java.util.stream.ReferencePipeline$Head.forEach(ReferencePipeline.java:647)
	at java.util.stream.ReferencePipeline$7$1.accept(ReferencePipeline.java:272)
	at java.util.stream.ReferencePipeline$3$1.accept(ReferencePipeline.java:193)
	at java.util.stream.ReferencePipeline$3$1.accept(ReferencePipeline.java:193)
	at java.util.stream.ReferencePipeline$3$1.accept(ReferencePipeline.java:193)
	at java.util.Spliterators$ArraySpliterator.forEachRemaining(Spliterators.java:948)
	at java.util.stream.AbstractPipeline.copyInto(AbstractPipeline.java:482)
	at java.util.stream.AbstractPipeline.wrapAndCopyInto(AbstractPipeline.java:472)
	at java.util.stream.ForEachOps$ForEachOp.evaluateSequential(ForEachOps.java:150)
	at java.util.stream.ForEachOps$ForEachOp$OfRef.evaluateSequential(ForEachOps.java:173)
	at java.util.stream.AbstractPipeline.evaluate(AbstractPipeline.java:234)
	at java.util.stream.ReferencePipeline.forEach(ReferencePipeline.java:485)
	at java.util.stream.ReferencePipeline$7$1.accept(ReferencePipeline.java:272)
	at java.util.stream.ReferencePipeline$3$1.accept(ReferencePipeline.java:193)
	at java.util.stream.ReferencePipeline$3$1.accept(ReferencePipeline.java:193)
	at java.util.stream.ReferencePipeline$3$1.accept(ReferencePipeline.java:193)
	at java.util.ArrayList$ArrayListSpliterator.forEachRemaining(ArrayList.java:1384)
	at java.util.stream.AbstractPipeline.copyInto(AbstractPipeline.java:482)
	at java.util.stream.AbstractPipeline.wrapAndCopyInto(AbstractPipeline.java:472)
	at java.util.stream.ForEachOps$ForEachOp.evaluateSequential(ForEachOps.java:150)
	at java.util.stream.ForEachOps$ForEachOp$OfRef.evaluateSequential(ForEachOps.java:173)
	at java.util.stream.AbstractPipeline.evaluate(AbstractPipeline.java:234)
	at java.util.stream.ReferencePipeline.forEach(ReferencePipeline.java:485)
	at java.util.stream.ReferencePipeline$7$1.accept(ReferencePipeline.java:272)
	at java.util.ArrayList$ArrayListSpliterator.forEachRemaining(ArrayList.java:1384)
	at java.util.stream.AbstractPipeline.copyInto(AbstractPipeline.java:482)
	at java.util.stream.AbstractPipeline.wrapAndCopyInto(AbstractPipeline.java:472)
	at java.util.stream.ForEachOps$ForEachOp.evaluateSequential(ForEachOps.java:150)
	at java.util.stream.ForEachOps$ForEachOp$OfRef.evaluateSequential(ForEachOps.java:173)
	at java.util.stream.AbstractPipeline.evaluate(AbstractPipeline.java:234)
	at java.util.stream.ReferencePipeline.forEach(ReferencePipeline.java:485)
	at java.util.ArrayList.forEach(ArrayList.java:1259)
	at java.util.ArrayList.forEach(ArrayList.java:1259)
	Suppressed: java.lang.IllegalArgumentException
		at java.util.concurrent.ThreadPoolExecutor.<init>(ThreadPoolExecutor.java:1314)
		at java.util.concurrent.ThreadPoolExecutor.<init>(ThreadPoolExecutor.java:1237)
		at java.util.concurrent.Executors.newFixedThreadPool(Executors.java:151)
		at org.apache.ratis.server.impl.MiniRaftCluster.shutdown(MiniRaftCluster.java:847)
		at org.apache.ratis.server.impl.MiniRaftCluster.close(MiniRaftCluster.java:833)
		at java.util.stream.ForEachOps$ForEachOp$OfRef.accept(ForEachOps.java:183)
		at java.util.ArrayList.forEach(ArrayList.java:1259)
		at java.util.stream.SortedOps$RefSortingSink.end(SortedOps.java:395)
		at java.util.stream.Sink$ChainedReference.end(Sink.java:258)
		at java.util.stream.Sink$ChainedReference.end(Sink.java:258)
		at java.util.stream.AbstractPipeline.copyInto(AbstractPipeline.java:483)
		at java.util.stream.AbstractPipeline.wrapAndCopyInto(AbstractPipeline.java:472)
		at java.util.stream.ForEachOps$ForEachOp.evaluateSequential(ForEachOps.java:150)
		at java.util.stream.ForEachOps$ForEachOp$OfRef.evaluateSequential(ForEachOps.java:173)
		at java.util.stream.AbstractPipeline.evaluate(AbstractPipeline.java:234)
		at java.util.stream.ReferencePipeline.forEach(ReferencePipeline.java:485)
		... 44 more
]]></error>
    <system-out><![CDATA[2024-09-07 03:04:42,892 INFO  util.LogUtils (Slf4jUtils.java:setLogLevel(38)) - Successfully set org.apache.ratis.conf.ConfUtils log level to WARN
2024-09-07 03:04:42,892 INFO  util.LogUtils (Slf4jUtils.java:setLogLevel(38)) - Successfully set org.apache.ratis.util.FileUtils log level to TRACE
2024-09-07 03:04:42,892 INFO  util.LogUtils (Slf4jUtils.java:setLogLevel(38)) - Successfully set org.apache.ratis.statemachine.StateMachine log level to DEBUG
2024-09-07 03:04:42,894 INFO  impl.MiniRaftCluster (MiniRaftCluster.java:shutdown(837)) - ************************************************************** 
2024-09-07 03:04:42,894 INFO  impl.MiniRaftCluster (MiniRaftCluster.java:shutdown(838)) - *** 
2024-09-07 03:04:42,894 INFO  impl.MiniRaftCluster (MiniRaftCluster.java:shutdown(839)) - ***     Stopping MiniRaftClusterWithGrpc
2024-09-07 03:04:42,894 INFO  impl.MiniRaftCluster (MiniRaftCluster.java:shutdown(840)) - *** 
2024-09-07 03:04:42,894 INFO  impl.MiniRaftCluster (MiniRaftCluster.java:shutdown(841)) - ************************************************************** 
2024-09-07 03:04:42,895 INFO  impl.MiniRaftCluster (MiniRaftCluster.java:shutdown(842)) - printing ALL groups
  s3:   CLOSED    LEADER s3@group-81EED7A8EFD4:t3, leader=s3, voted=s3, raftlog=Memoized:s3@group-81EED7A8EFD4-SegmentedRaftLog:CLOSED:c122, conf=conf: {index: 89, cur=peers:[s3|localhost:15012, s4|localhost:15016, s5|localhost:15020]|listeners:[], old=null} CLOSED
  s4:   CLOSED  FOLLOWER s4@group-81EED7A8EFD4:t3, leader=s3, voted=s3, raftlog=Memoized:s4@group-81EED7A8EFD4-SegmentedRaftLog:CLOSED:c121, conf=conf: {index: 89, cur=peers:[s3|localhost:15012, s4|localhost:15016, s5|localhost:15020]|listeners:[], old=null} CLOSED
  s5:   CLOSED    LEADER s5@group-81EED7A8EFD4:t2, leader=s5, voted=s5, raftlog=Memoized:s5@group-81EED7A8EFD4-SegmentedRaftLog:CLOSED:c87, conf=conf: {index: 0, cur=peers:[s3|localhost:15012, s4|localhost:15016, s5|localhost:15020]|listeners:[], old=null} CLOSED
2024-09-07 03:04:42,896 INFO  impl.MiniRaftCluster (MiniRaftCluster.java:shutdown(861)) - MiniRaftClusterWithGrpc shutdown completed
2024-09-07 03:04:42,896 INFO  ratis.RaftTestUtil (RaftTestUtil.java:gc(593)) - gc 0
2024-09-07 03:04:43,045 WARN  util.ReferenceCountedLeakDetector (ReferenceCountedLeakDetector.java:lambda$new$0(147)) - LEAK: A org.apache.ratis.proto.RaftProtos$LogEntryProto is not released properly
2024-09-07 03:04:43,046 WARN  util.ReferenceCountedLeakDetector (ReferenceCountedLeakDetector.java:lambda$new$0(147)) - LEAK: A org.apache.ratis.protocol.RaftClientRequest is not released properly
2024-09-07 03:04:43,046 WARN  util.ReferenceCountedLeakDetector (ReferenceCountedLeakDetector.java:lambda$new$0(147)) - LEAK: A org.apache.ratis.proto.RaftProtos$LogEntryProto is not released properly
2024-09-07 03:04:43,048 INFO  impl.MiniRaftCluster (MiniRaftCluster.java:shutdown(837)) - ************************************************************** 
2024-09-07 03:04:43,048 INFO  impl.MiniRaftCluster (MiniRaftCluster.java:shutdown(838)) - *** 
2024-09-07 03:04:43,048 INFO  impl.MiniRaftCluster (MiniRaftCluster.java:shutdown(839)) - ***     Stopping MiniRaftClusterWithNetty
2024-09-07 03:04:43,048 INFO  impl.MiniRaftCluster (MiniRaftCluster.java:shutdown(840)) - *** 
2024-09-07 03:04:43,048 INFO  impl.MiniRaftCluster (MiniRaftCluster.java:shutdown(841)) - ************************************************************** 
2024-09-07 03:04:43,048 INFO  impl.MiniRaftCluster (MiniRaftCluster.java:shutdown(842)) - printing ALL groups
]]></system-out>
    <system-err><![CDATA[Sep 07, 2024 3:04:43 AM org.junit.jupiter.engine.execution.JupiterEngineExecutionContext close
SEVERE: Caught exception while closing extension context: org.junit.jupiter.engine.descriptor.MethodExtensionContext@cda144a
java.lang.IllegalArgumentException
	at java.util.concurrent.ThreadPoolExecutor.<init>(ThreadPoolExecutor.java:1314)
	at java.util.concurrent.ThreadPoolExecutor.<init>(ThreadPoolExecutor.java:1237)
	at java.util.concurrent.Executors.newFixedThreadPool(Executors.java:151)
	at org.apache.ratis.server.impl.MiniRaftCluster.shutdown(MiniRaftCluster.java:847)
	at org.apache.ratis.server.impl.MiniRaftCluster.close(MiniRaftCluster.java:833)
	at org.junit.jupiter.params.ParameterizedTestParameterResolver$CloseableArgument.close(ParameterizedTestParameterResolver.java:109)
	at org.junit.jupiter.engine.descriptor.AbstractExtensionContext.lambda$static$0(AbstractExtensionContext.java:45)
	at org.junit.platform.engine.support.store.NamespacedHierarchicalStore$EvaluatedValue.close(NamespacedHierarchicalStore.java:333)
	at org.junit.platform.engine.support.store.NamespacedHierarchicalStore$EvaluatedValue.access$800(NamespacedHierarchicalStore.java:317)
	at org.junit.platform.engine.support.store.NamespacedHierarchicalStore.lambda$close$3(NamespacedHierarchicalStore.java:98)
	at org.junit.platform.engine.support.hierarchical.ThrowableCollector.execute(ThrowableCollector.java:73)
	at org.junit.platform.engine.support.store.NamespacedHierarchicalStore.lambda$close$4(NamespacedHierarchicalStore.java:98)
	at java.util.stream.ForEachOps$ForEachOp$OfRef.accept(ForEachOps.java:183)
	at java.util.ArrayList.forEach(ArrayList.java:1259)
	at java.util.stream.SortedOps$RefSortingSink.end(SortedOps.java:395)
	at java.util.stream.Sink$ChainedReference.end(Sink.java:258)
	at java.util.stream.Sink$ChainedReference.end(Sink.java:258)
	at java.util.stream.AbstractPipeline.copyInto(AbstractPipeline.java:483)
	at java.util.stream.AbstractPipeline.wrapAndCopyInto(AbstractPipeline.java:472)
	at java.util.stream.ForEachOps$ForEachOp.evaluateSequential(ForEachOps.java:150)
	at java.util.stream.ForEachOps$ForEachOp$OfRef.evaluateSequential(ForEachOps.java:173)
	at java.util.stream.AbstractPipeline.evaluate(AbstractPipeline.java:234)
	at java.util.stream.ReferencePipeline.forEach(ReferencePipeline.java:485)
	at org.junit.platform.engine.support.store.NamespacedHierarchicalStore.close(NamespacedHierarchicalStore.java:98)
	at org.junit.jupiter.engine.descriptor.AbstractExtensionContext.close(AbstractExtensionContext.java:87)
	at org.junit.jupiter.engine.execution.JupiterEngineExecutionContext.close(JupiterEngineExecutionContext.java:53)
	at org.junit.jupiter.engine.descriptor.JupiterTestDescriptor.cleanUp(JupiterTestDescriptor.java:224)
	at org.junit.jupiter.engine.descriptor.TestMethodTestDescriptor.lambda$cleanUp$1(TestMethodTestDescriptor.java:156)
	at org.junit.platform.engine.support.hierarchical.ThrowableCollector.execute(ThrowableCollector.java:73)
	at org.junit.jupiter.engine.descriptor.TestMethodTestDescriptor.cleanUp(TestMethodTestDescriptor.java:156)
	at org.junit.jupiter.engine.descriptor.TestMethodTestDescriptor.cleanUp(TestMethodTestDescriptor.java:69)
	at org.junit.platform.engine.support.hierarchical.NodeTestTask.lambda$cleanUp$10(NodeTestTask.java:167)
	at org.junit.platform.engine.support.hierarchical.ThrowableCollector.execute(ThrowableCollector.java:73)
	at org.junit.platform.engine.support.hierarchical.NodeTestTask.cleanUp(NodeTestTask.java:167)
	at org.junit.platform.engine.support.hierarchical.NodeTestTask.execute(NodeTestTask.java:98)
	at org.junit.platform.engine.support.hierarchical.SameThreadHierarchicalTestExecutorService.submit(SameThreadHierarchicalTestExecutorService.java:35)
	at org.junit.platform.engine.support.hierarchical.NodeTestTask$DefaultDynamicTestExecutor.execute(NodeTestTask.java:226)
	at org.junit.platform.engine.support.hierarchical.NodeTestTask$DefaultDynamicTestExecutor.execute(NodeTestTask.java:204)
	at org.junit.jupiter.engine.descriptor.TestTemplateTestDescriptor.execute(TestTemplateTestDescriptor.java:142)
	at org.junit.jupiter.engine.descriptor.TestTemplateTestDescriptor.lambda$execute$2(TestTemplateTestDescriptor.java:110)
	at java.util.stream.ForEachOps$ForEachOp$OfRef.accept(ForEachOps.java:183)
	at java.util.stream.ReferencePipeline$3$1.accept(ReferencePipeline.java:193)
	at java.util.stream.ReferencePipeline$2$1.accept(ReferencePipeline.java:175)
	at java.util.stream.ReferencePipeline$3$1.accept(ReferencePipeline.java:193)
	at java.util.stream.ForEachOps$ForEachOp$OfRef.accept(ForEachOps.java:183)
	at java.util.stream.ReferencePipeline$3$1.accept(ReferencePipeline.java:193)
	at java.util.stream.ReferencePipeline$3$1.accept(ReferencePipeline.java:193)
	at java.util.stream.ReferencePipeline$3$1.accept(ReferencePipeline.java:193)
	at java.util.stream.ForEachOps$ForEachOp$OfRef.accept(ForEachOps.java:183)
	at java.util.stream.ReferencePipeline$3$1.accept(ReferencePipeline.java:193)
	at java.util.ArrayList$ArrayListSpliterator.forEachRemaining(ArrayList.java:1384)
	at java.util.stream.ReferencePipeline$Head.forEach(ReferencePipeline.java:647)
	at java.util.stream.ReferencePipeline$7$1.accept(ReferencePipeline.java:272)
	at java.util.stream.ReferencePipeline$3$1.accept(ReferencePipeline.java:193)
	at java.util.stream.ReferencePipeline$3$1.accept(ReferencePipeline.java:193)
	at java.util.stream.ReferencePipeline$3$1.accept(ReferencePipeline.java:193)
	at java.util.Spliterators$ArraySpliterator.forEachRemaining(Spliterators.java:948)
	at java.util.stream.AbstractPipeline.copyInto(AbstractPipeline.java:482)
	at java.util.stream.AbstractPipeline.wrapAndCopyInto(AbstractPipeline.java:472)
	at java.util.stream.ForEachOps$ForEachOp.evaluateSequential(ForEachOps.java:150)
	at java.util.stream.ForEachOps$ForEachOp$OfRef.evaluateSequential(ForEachOps.java:173)
	at java.util.stream.AbstractPipeline.evaluate(AbstractPipeline.java:234)
	at java.util.stream.ReferencePipeline.forEach(ReferencePipeline.java:485)
	at java.util.stream.ReferencePipeline$7$1.accept(ReferencePipeline.java:272)
	at java.util.stream.ReferencePipeline$3$1.accept(ReferencePipeline.java:193)
	at java.util.stream.ReferencePipeline$3$1.accept(ReferencePipeline.java:193)
	at java.util.stream.ReferencePipeline$3$1.accept(ReferencePipeline.java:193)
	at java.util.ArrayList$ArrayListSpliterator.forEachRemaining(ArrayList.java:1384)
	at java.util.stream.AbstractPipeline.copyInto(AbstractPipeline.java:482)
	at java.util.stream.AbstractPipeline.wrapAndCopyInto(AbstractPipeline.java:472)
	at java.util.stream.ForEachOps$ForEachOp.evaluateSequential(ForEachOps.java:150)
	at java.util.stream.ForEachOps$ForEachOp$OfRef.evaluateSequential(ForEachOps.java:173)
	at java.util.stream.AbstractPipeline.evaluate(AbstractPipeline.java:234)
	at java.util.stream.ReferencePipeline.forEach(ReferencePipeline.java:485)
	at java.util.stream.ReferencePipeline$7$1.accept(ReferencePipeline.java:272)
	at java.util.ArrayList$ArrayListSpliterator.forEachRemaining(ArrayList.java:1384)
	at java.util.stream.AbstractPipeline.copyInto(AbstractPipeline.java:482)
	at java.util.stream.AbstractPipeline.wrapAndCopyInto(AbstractPipeline.java:472)
	at java.util.stream.ForEachOps$ForEachOp.evaluateSequential(ForEachOps.java:150)
	at java.util.stream.ForEachOps$ForEachOp$OfRef.evaluateSequential(ForEachOps.java:173)
	at java.util.stream.AbstractPipeline.evaluate(AbstractPipeline.java:234)
	at java.util.stream.ReferencePipeline.forEach(ReferencePipeline.java:485)
	at org.junit.jupiter.engine.descriptor.TestTemplateTestDescriptor.execute(TestTemplateTestDescriptor.java:110)
	at org.junit.jupiter.engine.descriptor.TestTemplateTestDescriptor.execute(TestTemplateTestDescriptor.java:44)
	at org.junit.platform.engine.support.hierarchical.NodeTestTask.lambda$executeRecursively$6(NodeTestTask.java:151)
	at org.junit.platform.engine.support.hierarchical.ThrowableCollector.execute(ThrowableCollector.java:73)
	at org.junit.platform.engine.support.hierarchical.NodeTestTask.lambda$executeRecursively$8(NodeTestTask.java:141)
	at org.junit.platform.engine.support.hierarchical.Node.around(Node.java:137)
	at org.junit.platform.engine.support.hierarchical.NodeTestTask.lambda$executeRecursively$9(NodeTestTask.java:139)
	at org.junit.platform.engine.support.hierarchical.ThrowableCollector.execute(ThrowableCollector.java:73)
	at org.junit.platform.engine.support.hierarchical.NodeTestTask.executeRecursively(NodeTestTask.java:138)
	at org.junit.platform.engine.support.hierarchical.NodeTestTask.execute(NodeTestTask.java:95)
	at java.util.ArrayList.forEach(ArrayList.java:1259)
	at org.junit.platform.engine.support.hierarchical.SameThreadHierarchicalTestExecutorService.invokeAll(SameThreadHierarchicalTestExecutorService.java:41)
	at org.junit.platform.engine.support.hierarchical.NodeTestTask.lambda$executeRecursively$6(NodeTestTask.java:155)
	at org.junit.platform.engine.support.hierarchical.ThrowableCollector.execute(ThrowableCollector.java:73)
	at org.junit.platform.engine.support.hierarchical.NodeTestTask.lambda$executeRecursively$8(NodeTestTask.java:141)
	at org.junit.platform.engine.support.hierarchical.Node.around(Node.java:137)
	at org.junit.platform.engine.support.hierarchical.NodeTestTask.lambda$executeRecursively$9(NodeTestTask.java:139)
	at org.junit.platform.engine.support.hierarchical.ThrowableCollector.execute(ThrowableCollector.java:73)
	at org.junit.platform.engine.support.hierarchical.NodeTestTask.executeRecursively(NodeTestTask.java:138)
	at org.junit.platform.engine.support.hierarchical.NodeTestTask.execute(NodeTestTask.java:95)
	at java.util.ArrayList.forEach(ArrayList.java:1259)
	at org.junit.platform.engine.support.hierarchical.SameThreadHierarchicalTestExecutorService.invokeAll(SameThreadHierarchicalTestExecutorService.java:41)
	at org.junit.platform.engine.support.hierarchical.NodeTestTask.lambda$executeRecursively$6(NodeTestTask.java:155)
	at org.junit.platform.engine.support.hierarchical.ThrowableCollector.execute(ThrowableCollector.java:73)
	at org.junit.platform.engine.support.hierarchical.NodeTestTask.lambda$executeRecursively$8(NodeTestTask.java:141)
	at org.junit.platform.engine.support.hierarchical.Node.around(Node.java:137)
	at org.junit.platform.engine.support.hierarchical.NodeTestTask.lambda$executeRecursively$9(NodeTestTask.java:139)
	at org.junit.platform.engine.support.hierarchical.ThrowableCollector.execute(ThrowableCollector.java:73)
	at org.junit.platform.engine.support.hierarchical.NodeTestTask.executeRecursively(NodeTestTask.java:138)
	at org.junit.platform.engine.support.hierarchical.NodeTestTask.execute(NodeTestTask.java:95)
	at org.junit.platform.engine.support.hierarchical.SameThreadHierarchicalTestExecutorService.submit(SameThreadHierarchicalTestExecutorService.java:35)
	at org.junit.platform.engine.support.hierarchical.HierarchicalTestExecutor.execute(HierarchicalTestExecutor.java:57)
	at org.junit.platform.engine.support.hierarchical.HierarchicalTestEngine.execute(HierarchicalTestEngine.java:54)
	at org.junit.platform.launcher.core.EngineExecutionOrchestrator.execute(EngineExecutionOrchestrator.java:198)
	at org.junit.platform.launcher.core.EngineExecutionOrchestrator.execute(EngineExecutionOrchestrator.java:169)
	at org.junit.platform.launcher.core.EngineExecutionOrchestrator.execute(EngineExecutionOrchestrator.java:93)
	at org.junit.platform.launcher.core.EngineExecutionOrchestrator.lambda$execute$0(EngineExecutionOrchestrator.java:58)
	at org.junit.platform.launcher.core.EngineExecutionOrchestrator.withInterceptedStreams(EngineExecutionOrchestrator.java:141)
	at org.junit.platform.launcher.core.EngineExecutionOrchestrator.execute(EngineExecutionOrchestrator.java:57)
	at org.junit.platform.launcher.core.DefaultLauncher.execute(DefaultLauncher.java:103)
	at org.junit.platform.launcher.core.DefaultLauncher.execute(DefaultLauncher.java:85)
	at org.junit.platform.launcher.core.DelegatingLauncher.execute(DelegatingLauncher.java:47)
	at org.junit.platform.launcher.core.SessionPerRequestLauncher.execute(SessionPerRequestLauncher.java:63)
	at org.apache.maven.surefire.junitplatform.JUnitPlatformProvider.invokeAllTests(JUnitPlatformProvider.java:154)
	at org.apache.maven.surefire.junitplatform.JUnitPlatformProvider.invoke(JUnitPlatformProvider.java:123)
	at org.apache.maven.surefire.booter.ForkedBooter.runSuitesInProcess(ForkedBooter.java:377)
	at org.apache.maven.surefire.booter.ForkedBooter.execute(ForkedBooter.java:138)
	at org.apache.maven.surefire.booter.ForkedBooter.run(ForkedBooter.java:465)
	at org.apache.maven.surefire.booter.ForkedBooter.main(ForkedBooter.java:451)

]]></system-err>
  </testcase>
  <testcase name="testGaussLegendre(MiniRaftCluster)[1]" classname="org.apache.ratis.examples.arithmetic.TestArithmetic" time="0.005">
    <error type="java.lang.IllegalArgumentException"><![CDATA[java.lang.IllegalArgumentException
	at java.util.concurrent.ThreadPoolExecutor.<init>(ThreadPoolExecutor.java:1314)
	at java.util.concurrent.ThreadPoolExecutor.<init>(ThreadPoolExecutor.java:1237)
	at java.util.concurrent.Executors.newFixedThreadPool(Executors.java:151)
	at org.apache.ratis.server.impl.MiniRaftCluster.shutdown(MiniRaftCluster.java:847)
	at org.apache.ratis.examples.ParameterizedBaseTest.setAndStart(ParameterizedBaseTest.java:58)
	at org.apache.ratis.examples.arithmetic.TestArithmetic.testGaussLegendre(TestArithmetic.java:88)
	at java.lang.reflect.Method.invoke(Method.java:498)
	at java.util.stream.ForEachOps$ForEachOp$OfRef.accept(ForEachOps.java:183)
	at java.util.stream.ReferencePipeline$3$1.accept(ReferencePipeline.java:193)
	at java.util.stream.ReferencePipeline$2$1.accept(ReferencePipeline.java:175)
	at java.util.stream.ReferencePipeline$3$1.accept(ReferencePipeline.java:193)
	at java.util.stream.ForEachOps$ForEachOp$OfRef.accept(ForEachOps.java:183)
	at java.util.stream.ReferencePipeline$3$1.accept(ReferencePipeline.java:193)
	at java.util.stream.ReferencePipeline$3$1.accept(ReferencePipeline.java:193)
	at java.util.stream.ReferencePipeline$3$1.accept(ReferencePipeline.java:193)
	at java.util.stream.ForEachOps$ForEachOp$OfRef.accept(ForEachOps.java:183)
	at java.util.stream.ReferencePipeline$3$1.accept(ReferencePipeline.java:193)
	at java.util.ArrayList$ArrayListSpliterator.forEachRemaining(ArrayList.java:1384)
	at java.util.stream.ReferencePipeline$Head.forEach(ReferencePipeline.java:647)
	at java.util.stream.ReferencePipeline$7$1.accept(ReferencePipeline.java:272)
	at java.util.stream.ReferencePipeline$3$1.accept(ReferencePipeline.java:193)
	at java.util.stream.ReferencePipeline$3$1.accept(ReferencePipeline.java:193)
	at java.util.stream.ReferencePipeline$3$1.accept(ReferencePipeline.java:193)
	at java.util.Spliterators$ArraySpliterator.forEachRemaining(Spliterators.java:948)
	at java.util.stream.AbstractPipeline.copyInto(AbstractPipeline.java:482)
	at java.util.stream.AbstractPipeline.wrapAndCopyInto(AbstractPipeline.java:472)
	at java.util.stream.ForEachOps$ForEachOp.evaluateSequential(ForEachOps.java:150)
	at java.util.stream.ForEachOps$ForEachOp$OfRef.evaluateSequential(ForEachOps.java:173)
	at java.util.stream.AbstractPipeline.evaluate(AbstractPipeline.java:234)
	at java.util.stream.ReferencePipeline.forEach(ReferencePipeline.java:485)
	at java.util.stream.ReferencePipeline$7$1.accept(ReferencePipeline.java:272)
	at java.util.stream.ReferencePipeline$3$1.accept(ReferencePipeline.java:193)
	at java.util.stream.ReferencePipeline$3$1.accept(ReferencePipeline.java:193)
	at java.util.stream.ReferencePipeline$3$1.accept(ReferencePipeline.java:193)
	at java.util.ArrayList$ArrayListSpliterator.forEachRemaining(ArrayList.java:1384)
	at java.util.stream.AbstractPipeline.copyInto(AbstractPipeline.java:482)
	at java.util.stream.AbstractPipeline.wrapAndCopyInto(AbstractPipeline.java:472)
	at java.util.stream.ForEachOps$ForEachOp.evaluateSequential(ForEachOps.java:150)
	at java.util.stream.ForEachOps$ForEachOp$OfRef.evaluateSequential(ForEachOps.java:173)
	at java.util.stream.AbstractPipeline.evaluate(AbstractPipeline.java:234)
	at java.util.stream.ReferencePipeline.forEach(ReferencePipeline.java:485)
	at java.util.stream.ReferencePipeline$7$1.accept(ReferencePipeline.java:272)
	at java.util.ArrayList$ArrayListSpliterator.forEachRemaining(ArrayList.java:1384)
	at java.util.stream.AbstractPipeline.copyInto(AbstractPipeline.java:482)
	at java.util.stream.AbstractPipeline.wrapAndCopyInto(AbstractPipeline.java:472)
	at java.util.stream.ForEachOps$ForEachOp.evaluateSequential(ForEachOps.java:150)
	at java.util.stream.ForEachOps$ForEachOp$OfRef.evaluateSequential(ForEachOps.java:173)
	at java.util.stream.AbstractPipeline.evaluate(AbstractPipeline.java:234)
	at java.util.stream.ReferencePipeline.forEach(ReferencePipeline.java:485)
	at java.util.ArrayList.forEach(ArrayList.java:1259)
	at java.util.ArrayList.forEach(ArrayList.java:1259)
	Suppressed: java.lang.IllegalArgumentException
		at java.util.concurrent.ThreadPoolExecutor.<init>(ThreadPoolExecutor.java:1314)
		at java.util.concurrent.ThreadPoolExecutor.<init>(ThreadPoolExecutor.java:1237)
		at java.util.concurrent.Executors.newFixedThreadPool(Executors.java:151)
		at org.apache.ratis.server.impl.MiniRaftCluster.shutdown(MiniRaftCluster.java:847)
		at org.apache.ratis.server.impl.MiniRaftCluster.close(MiniRaftCluster.java:833)
		at java.util.stream.ForEachOps$ForEachOp$OfRef.accept(ForEachOps.java:183)
		at java.util.ArrayList.forEach(ArrayList.java:1259)
		at java.util.stream.SortedOps$RefSortingSink.end(SortedOps.java:395)
		at java.util.stream.Sink$ChainedReference.end(Sink.java:258)
		at java.util.stream.Sink$ChainedReference.end(Sink.java:258)
		at java.util.stream.AbstractPipeline.copyInto(AbstractPipeline.java:483)
		at java.util.stream.AbstractPipeline.wrapAndCopyInto(AbstractPipeline.java:472)
		at java.util.stream.ForEachOps$ForEachOp.evaluateSequential(ForEachOps.java:150)
		at java.util.stream.ForEachOps$ForEachOp$OfRef.evaluateSequential(ForEachOps.java:173)
		at java.util.stream.AbstractPipeline.evaluate(AbstractPipeline.java:234)
		at java.util.stream.ReferencePipeline.forEach(ReferencePipeline.java:485)
		... 44 more
]]></error>
    <system-out><![CDATA[2024-09-07 03:04:43,055 INFO  simulation.MiniRaftClusterWithSimulatedRpc (ConfUtils.java:logGet(46)) - org.apache.ratis.server.simulation.SimulatedRequestReply.simulateLatencyMs = 150 (default)
2024-09-07 03:04:43,055 INFO  impl.MiniRaftCluster (MiniRaftCluster.java:<init>(309)) - new MiniRaftClusterWithSimulatedRpc with group-8A0C07117CAF:[s0|localhost:15036, s1|localhost:15040, s2|localhost:15044]
2024-09-07 03:04:43,056 INFO  impl.MiniRaftCluster (MiniRaftCluster.java:<init>(309)) - new MiniRaftClusterWithGrpc with group-29D256EBC8D3:[s3|localhost:15048, s4|localhost:15052, s5|localhost:15056]
2024-09-07 03:04:43,057 INFO  impl.MiniRaftCluster (MiniRaftCluster.java:<init>(309)) - new MiniRaftClusterWithNetty with group-61461DC59455:[s6|localhost:15060, s7|localhost:15064, s8|localhost:15068]
2024-09-07 03:04:43,057 INFO  examples.ParameterizedBaseTest (ParameterizedBaseTest.java:getMiniRaftClusters(109)) - 0: MiniRaftClusterWithSimulatedRpc
2024-09-07 03:04:43,057 INFO  examples.ParameterizedBaseTest (ParameterizedBaseTest.java:getMiniRaftClusters(109)) - 1: MiniRaftClusterWithGrpc
2024-09-07 03:04:43,057 INFO  examples.ParameterizedBaseTest (ParameterizedBaseTest.java:getMiniRaftClusters(109)) - 2: MiniRaftClusterWithNetty
2024-09-07 03:04:43,057 INFO  examples.ParameterizedBaseTest (ParameterizedBaseTest.java:getMiniRaftClusters(111)) - #clusters = 3
2024-09-07 03:04:43,058 INFO  util.LogUtils (Slf4jUtils.java:setLogLevel(38)) - Successfully set org.apache.ratis.conf.ConfUtils log level to WARN
2024-09-07 03:04:43,058 INFO  util.LogUtils (Slf4jUtils.java:setLogLevel(38)) - Successfully set org.apache.ratis.util.FileUtils log level to TRACE
2024-09-07 03:04:43,058 INFO  util.LogUtils (Slf4jUtils.java:setLogLevel(38)) - Successfully set org.apache.ratis.statemachine.StateMachine log level to DEBUG
2024-09-07 03:04:43,059 INFO  impl.MiniRaftCluster (MiniRaftCluster.java:shutdown(837)) - ************************************************************** 
2024-09-07 03:04:43,059 INFO  impl.MiniRaftCluster (MiniRaftCluster.java:shutdown(838)) - *** 
2024-09-07 03:04:43,060 INFO  impl.MiniRaftCluster (MiniRaftCluster.java:shutdown(839)) - ***     Stopping MiniRaftClusterWithNetty
2024-09-07 03:04:43,060 INFO  impl.MiniRaftCluster (MiniRaftCluster.java:shutdown(840)) - *** 
2024-09-07 03:04:43,060 INFO  impl.MiniRaftCluster (MiniRaftCluster.java:shutdown(841)) - ************************************************************** 
2024-09-07 03:04:43,060 INFO  impl.MiniRaftCluster (MiniRaftCluster.java:shutdown(842)) - printing ALL groups
2024-09-07 03:04:43,060 INFO  impl.MiniRaftCluster (MiniRaftCluster.java:shutdown(837)) - ************************************************************** 
2024-09-07 03:04:43,061 INFO  impl.MiniRaftCluster (MiniRaftCluster.java:shutdown(838)) - *** 
2024-09-07 03:04:43,061 INFO  impl.MiniRaftCluster (MiniRaftCluster.java:shutdown(839)) - ***     Stopping MiniRaftClusterWithSimulatedRpc
2024-09-07 03:04:43,061 INFO  impl.MiniRaftCluster (MiniRaftCluster.java:shutdown(840)) - *** 
2024-09-07 03:04:43,061 INFO  impl.MiniRaftCluster (MiniRaftCluster.java:shutdown(841)) - ************************************************************** 
2024-09-07 03:04:43,061 INFO  impl.MiniRaftCluster (MiniRaftCluster.java:shutdown(842)) - printing ALL groups
]]></system-out>
    <system-err><![CDATA[Sep 07, 2024 3:04:43 AM org.junit.jupiter.engine.execution.JupiterEngineExecutionContext close
SEVERE: Caught exception while closing extension context: org.junit.jupiter.engine.descriptor.MethodExtensionContext@36885319
java.lang.IllegalArgumentException
	at java.util.concurrent.ThreadPoolExecutor.<init>(ThreadPoolExecutor.java:1314)
	at java.util.concurrent.ThreadPoolExecutor.<init>(ThreadPoolExecutor.java:1237)
	at java.util.concurrent.Executors.newFixedThreadPool(Executors.java:151)
	at org.apache.ratis.server.impl.MiniRaftCluster.shutdown(MiniRaftCluster.java:847)
	at org.apache.ratis.server.impl.MiniRaftCluster.close(MiniRaftCluster.java:833)
	at org.junit.jupiter.params.ParameterizedTestParameterResolver$CloseableArgument.close(ParameterizedTestParameterResolver.java:109)
	at org.junit.jupiter.engine.descriptor.AbstractExtensionContext.lambda$static$0(AbstractExtensionContext.java:45)
	at org.junit.platform.engine.support.store.NamespacedHierarchicalStore$EvaluatedValue.close(NamespacedHierarchicalStore.java:333)
	at org.junit.platform.engine.support.store.NamespacedHierarchicalStore$EvaluatedValue.access$800(NamespacedHierarchicalStore.java:317)
	at org.junit.platform.engine.support.store.NamespacedHierarchicalStore.lambda$close$3(NamespacedHierarchicalStore.java:98)
	at org.junit.platform.engine.support.hierarchical.ThrowableCollector.execute(ThrowableCollector.java:73)
	at org.junit.platform.engine.support.store.NamespacedHierarchicalStore.lambda$close$4(NamespacedHierarchicalStore.java:98)
	at java.util.stream.ForEachOps$ForEachOp$OfRef.accept(ForEachOps.java:183)
	at java.util.ArrayList.forEach(ArrayList.java:1259)
	at java.util.stream.SortedOps$RefSortingSink.end(SortedOps.java:395)
	at java.util.stream.Sink$ChainedReference.end(Sink.java:258)
	at java.util.stream.Sink$ChainedReference.end(Sink.java:258)
	at java.util.stream.AbstractPipeline.copyInto(AbstractPipeline.java:483)
	at java.util.stream.AbstractPipeline.wrapAndCopyInto(AbstractPipeline.java:472)
	at java.util.stream.ForEachOps$ForEachOp.evaluateSequential(ForEachOps.java:150)
	at java.util.stream.ForEachOps$ForEachOp$OfRef.evaluateSequential(ForEachOps.java:173)
	at java.util.stream.AbstractPipeline.evaluate(AbstractPipeline.java:234)
	at java.util.stream.ReferencePipeline.forEach(ReferencePipeline.java:485)
	at org.junit.platform.engine.support.store.NamespacedHierarchicalStore.close(NamespacedHierarchicalStore.java:98)
	at org.junit.jupiter.engine.descriptor.AbstractExtensionContext.close(AbstractExtensionContext.java:87)
	at org.junit.jupiter.engine.execution.JupiterEngineExecutionContext.close(JupiterEngineExecutionContext.java:53)
	at org.junit.jupiter.engine.descriptor.JupiterTestDescriptor.cleanUp(JupiterTestDescriptor.java:224)
	at org.junit.jupiter.engine.descriptor.TestMethodTestDescriptor.lambda$cleanUp$1(TestMethodTestDescriptor.java:156)
	at org.junit.platform.engine.support.hierarchical.ThrowableCollector.execute(ThrowableCollector.java:73)
	at org.junit.jupiter.engine.descriptor.TestMethodTestDescriptor.cleanUp(TestMethodTestDescriptor.java:156)
	at org.junit.jupiter.engine.descriptor.TestMethodTestDescriptor.cleanUp(TestMethodTestDescriptor.java:69)
	at org.junit.platform.engine.support.hierarchical.NodeTestTask.lambda$cleanUp$10(NodeTestTask.java:167)
	at org.junit.platform.engine.support.hierarchical.ThrowableCollector.execute(ThrowableCollector.java:73)
	at org.junit.platform.engine.support.hierarchical.NodeTestTask.cleanUp(NodeTestTask.java:167)
	at org.junit.platform.engine.support.hierarchical.NodeTestTask.execute(NodeTestTask.java:98)
	at org.junit.platform.engine.support.hierarchical.SameThreadHierarchicalTestExecutorService.submit(SameThreadHierarchicalTestExecutorService.java:35)
	at org.junit.platform.engine.support.hierarchical.NodeTestTask$DefaultDynamicTestExecutor.execute(NodeTestTask.java:226)
	at org.junit.platform.engine.support.hierarchical.NodeTestTask$DefaultDynamicTestExecutor.execute(NodeTestTask.java:204)
	at org.junit.jupiter.engine.descriptor.TestTemplateTestDescriptor.execute(TestTemplateTestDescriptor.java:142)
	at org.junit.jupiter.engine.descriptor.TestTemplateTestDescriptor.lambda$execute$2(TestTemplateTestDescriptor.java:110)
	at java.util.stream.ForEachOps$ForEachOp$OfRef.accept(ForEachOps.java:183)
	at java.util.stream.ReferencePipeline$3$1.accept(ReferencePipeline.java:193)
	at java.util.stream.ReferencePipeline$2$1.accept(ReferencePipeline.java:175)
	at java.util.stream.ReferencePipeline$3$1.accept(ReferencePipeline.java:193)
	at java.util.stream.ForEachOps$ForEachOp$OfRef.accept(ForEachOps.java:183)
	at java.util.stream.ReferencePipeline$3$1.accept(ReferencePipeline.java:193)
	at java.util.stream.ReferencePipeline$3$1.accept(ReferencePipeline.java:193)
	at java.util.stream.ReferencePipeline$3$1.accept(ReferencePipeline.java:193)
	at java.util.stream.ForEachOps$ForEachOp$OfRef.accept(ForEachOps.java:183)
	at java.util.stream.ReferencePipeline$3$1.accept(ReferencePipeline.java:193)
	at java.util.ArrayList$ArrayListSpliterator.forEachRemaining(ArrayList.java:1384)
	at java.util.stream.ReferencePipeline$Head.forEach(ReferencePipeline.java:647)
	at java.util.stream.ReferencePipeline$7$1.accept(ReferencePipeline.java:272)
	at java.util.stream.ReferencePipeline$3$1.accept(ReferencePipeline.java:193)
	at java.util.stream.ReferencePipeline$3$1.accept(ReferencePipeline.java:193)
	at java.util.stream.ReferencePipeline$3$1.accept(ReferencePipeline.java:193)
	at java.util.Spliterators$ArraySpliterator.forEachRemaining(Spliterators.java:948)
	at java.util.stream.AbstractPipeline.copyInto(AbstractPipeline.java:482)
	at java.util.stream.AbstractPipeline.wrapAndCopyInto(AbstractPipeline.java:472)
	at java.util.stream.ForEachOps$ForEachOp.evaluateSequential(ForEachOps.java:150)
	at java.util.stream.ForEachOps$ForEachOp$OfRef.evaluateSequential(ForEachOps.java:173)
	at java.util.stream.AbstractPipeline.evaluate(AbstractPipeline.java:234)
	at java.util.stream.ReferencePipeline.forEach(ReferencePipeline.java:485)
	at java.util.stream.ReferencePipeline$7$1.accept(ReferencePipeline.java:272)
	at java.util.stream.ReferencePipeline$3$1.accept(ReferencePipeline.java:193)
	at java.util.stream.ReferencePipeline$3$1.accept(ReferencePipeline.java:193)
	at java.util.stream.ReferencePipeline$3$1.accept(ReferencePipeline.java:193)
	at java.util.ArrayList$ArrayListSpliterator.forEachRemaining(ArrayList.java:1384)
	at java.util.stream.AbstractPipeline.copyInto(AbstractPipeline.java:482)
	at java.util.stream.AbstractPipeline.wrapAndCopyInto(AbstractPipeline.java:472)
	at java.util.stream.ForEachOps$ForEachOp.evaluateSequential(ForEachOps.java:150)
	at java.util.stream.ForEachOps$ForEachOp$OfRef.evaluateSequential(ForEachOps.java:173)
	at java.util.stream.AbstractPipeline.evaluate(AbstractPipeline.java:234)
	at java.util.stream.ReferencePipeline.forEach(ReferencePipeline.java:485)
	at java.util.stream.ReferencePipeline$7$1.accept(ReferencePipeline.java:272)
	at java.util.ArrayList$ArrayListSpliterator.forEachRemaining(ArrayList.java:1384)
	at java.util.stream.AbstractPipeline.copyInto(AbstractPipeline.java:482)
	at java.util.stream.AbstractPipeline.wrapAndCopyInto(AbstractPipeline.java:472)
	at java.util.stream.ForEachOps$ForEachOp.evaluateSequential(ForEachOps.java:150)
	at java.util.stream.ForEachOps$ForEachOp$OfRef.evaluateSequential(ForEachOps.java:173)
	at java.util.stream.AbstractPipeline.evaluate(AbstractPipeline.java:234)
	at java.util.stream.ReferencePipeline.forEach(ReferencePipeline.java:485)
	at org.junit.jupiter.engine.descriptor.TestTemplateTestDescriptor.execute(TestTemplateTestDescriptor.java:110)
	at org.junit.jupiter.engine.descriptor.TestTemplateTestDescriptor.execute(TestTemplateTestDescriptor.java:44)
	at org.junit.platform.engine.support.hierarchical.NodeTestTask.lambda$executeRecursively$6(NodeTestTask.java:151)
	at org.junit.platform.engine.support.hierarchical.ThrowableCollector.execute(ThrowableCollector.java:73)
	at org.junit.platform.engine.support.hierarchical.NodeTestTask.lambda$executeRecursively$8(NodeTestTask.java:141)
	at org.junit.platform.engine.support.hierarchical.Node.around(Node.java:137)
	at org.junit.platform.engine.support.hierarchical.NodeTestTask.lambda$executeRecursively$9(NodeTestTask.java:139)
	at org.junit.platform.engine.support.hierarchical.ThrowableCollector.execute(ThrowableCollector.java:73)
	at org.junit.platform.engine.support.hierarchical.NodeTestTask.executeRecursively(NodeTestTask.java:138)
	at org.junit.platform.engine.support.hierarchical.NodeTestTask.execute(NodeTestTask.java:95)
	at java.util.ArrayList.forEach(ArrayList.java:1259)
	at org.junit.platform.engine.support.hierarchical.SameThreadHierarchicalTestExecutorService.invokeAll(SameThreadHierarchicalTestExecutorService.java:41)
	at org.junit.platform.engine.support.hierarchical.NodeTestTask.lambda$executeRecursively$6(NodeTestTask.java:155)
	at org.junit.platform.engine.support.hierarchical.ThrowableCollector.execute(ThrowableCollector.java:73)
	at org.junit.platform.engine.support.hierarchical.NodeTestTask.lambda$executeRecursively$8(NodeTestTask.java:141)
	at org.junit.platform.engine.support.hierarchical.Node.around(Node.java:137)
	at org.junit.platform.engine.support.hierarchical.NodeTestTask.lambda$executeRecursively$9(NodeTestTask.java:139)
	at org.junit.platform.engine.support.hierarchical.ThrowableCollector.execute(ThrowableCollector.java:73)
	at org.junit.platform.engine.support.hierarchical.NodeTestTask.executeRecursively(NodeTestTask.java:138)
	at org.junit.platform.engine.support.hierarchical.NodeTestTask.execute(NodeTestTask.java:95)
	at java.util.ArrayList.forEach(ArrayList.java:1259)
	at org.junit.platform.engine.support.hierarchical.SameThreadHierarchicalTestExecutorService.invokeAll(SameThreadHierarchicalTestExecutorService.java:41)
	at org.junit.platform.engine.support.hierarchical.NodeTestTask.lambda$executeRecursively$6(NodeTestTask.java:155)
	at org.junit.platform.engine.support.hierarchical.ThrowableCollector.execute(ThrowableCollector.java:73)
	at org.junit.platform.engine.support.hierarchical.NodeTestTask.lambda$executeRecursively$8(NodeTestTask.java:141)
	at org.junit.platform.engine.support.hierarchical.Node.around(Node.java:137)
	at org.junit.platform.engine.support.hierarchical.NodeTestTask.lambda$executeRecursively$9(NodeTestTask.java:139)
	at org.junit.platform.engine.support.hierarchical.ThrowableCollector.execute(ThrowableCollector.java:73)
	at org.junit.platform.engine.support.hierarchical.NodeTestTask.executeRecursively(NodeTestTask.java:138)
	at org.junit.platform.engine.support.hierarchical.NodeTestTask.execute(NodeTestTask.java:95)
	at org.junit.platform.engine.support.hierarchical.SameThreadHierarchicalTestExecutorService.submit(SameThreadHierarchicalTestExecutorService.java:35)
	at org.junit.platform.engine.support.hierarchical.HierarchicalTestExecutor.execute(HierarchicalTestExecutor.java:57)
	at org.junit.platform.engine.support.hierarchical.HierarchicalTestEngine.execute(HierarchicalTestEngine.java:54)
	at org.junit.platform.launcher.core.EngineExecutionOrchestrator.execute(EngineExecutionOrchestrator.java:198)
	at org.junit.platform.launcher.core.EngineExecutionOrchestrator.execute(EngineExecutionOrchestrator.java:169)
	at org.junit.platform.launcher.core.EngineExecutionOrchestrator.execute(EngineExecutionOrchestrator.java:93)
	at org.junit.platform.launcher.core.EngineExecutionOrchestrator.lambda$execute$0(EngineExecutionOrchestrator.java:58)
	at org.junit.platform.launcher.core.EngineExecutionOrchestrator.withInterceptedStreams(EngineExecutionOrchestrator.java:141)
	at org.junit.platform.launcher.core.EngineExecutionOrchestrator.execute(EngineExecutionOrchestrator.java:57)
	at org.junit.platform.launcher.core.DefaultLauncher.execute(DefaultLauncher.java:103)
	at org.junit.platform.launcher.core.DefaultLauncher.execute(DefaultLauncher.java:85)
	at org.junit.platform.launcher.core.DelegatingLauncher.execute(DelegatingLauncher.java:47)
	at org.junit.platform.launcher.core.SessionPerRequestLauncher.execute(SessionPerRequestLauncher.java:63)
	at org.apache.maven.surefire.junitplatform.JUnitPlatformProvider.invokeAllTests(JUnitPlatformProvider.java:154)
	at org.apache.maven.surefire.junitplatform.JUnitPlatformProvider.invoke(JUnitPlatformProvider.java:123)
	at org.apache.maven.surefire.booter.ForkedBooter.runSuitesInProcess(ForkedBooter.java:377)
	at org.apache.maven.surefire.booter.ForkedBooter.execute(ForkedBooter.java:138)
	at org.apache.maven.surefire.booter.ForkedBooter.run(ForkedBooter.java:465)
	at org.apache.maven.surefire.booter.ForkedBooter.main(ForkedBooter.java:451)

]]></system-err>
  </testcase>
  <testcase name="testGaussLegendre(MiniRaftCluster)[2]" classname="org.apache.ratis.examples.arithmetic.TestArithmetic" time="0.005">
    <error type="java.lang.IllegalArgumentException"><![CDATA[java.lang.IllegalArgumentException
	at java.util.concurrent.ThreadPoolExecutor.<init>(ThreadPoolExecutor.java:1314)
	at java.util.concurrent.ThreadPoolExecutor.<init>(ThreadPoolExecutor.java:1237)
	at java.util.concurrent.Executors.newFixedThreadPool(Executors.java:151)
	at org.apache.ratis.server.impl.MiniRaftCluster.shutdown(MiniRaftCluster.java:847)
	at org.apache.ratis.examples.ParameterizedBaseTest.setAndStart(ParameterizedBaseTest.java:58)
	at org.apache.ratis.examples.arithmetic.TestArithmetic.testGaussLegendre(TestArithmetic.java:88)
	at java.lang.reflect.Method.invoke(Method.java:498)
	at java.util.stream.ForEachOps$ForEachOp$OfRef.accept(ForEachOps.java:183)
	at java.util.stream.ReferencePipeline$3$1.accept(ReferencePipeline.java:193)
	at java.util.stream.ReferencePipeline$2$1.accept(ReferencePipeline.java:175)
	at java.util.stream.ReferencePipeline$3$1.accept(ReferencePipeline.java:193)
	at java.util.stream.ForEachOps$ForEachOp$OfRef.accept(ForEachOps.java:183)
	at java.util.stream.ReferencePipeline$3$1.accept(ReferencePipeline.java:193)
	at java.util.stream.ReferencePipeline$3$1.accept(ReferencePipeline.java:193)
	at java.util.stream.ReferencePipeline$3$1.accept(ReferencePipeline.java:193)
	at java.util.stream.ForEachOps$ForEachOp$OfRef.accept(ForEachOps.java:183)
	at java.util.stream.ReferencePipeline$3$1.accept(ReferencePipeline.java:193)
	at java.util.ArrayList$ArrayListSpliterator.forEachRemaining(ArrayList.java:1384)
	at java.util.stream.ReferencePipeline$Head.forEach(ReferencePipeline.java:647)
	at java.util.stream.ReferencePipeline$7$1.accept(ReferencePipeline.java:272)
	at java.util.stream.ReferencePipeline$3$1.accept(ReferencePipeline.java:193)
	at java.util.stream.ReferencePipeline$3$1.accept(ReferencePipeline.java:193)
	at java.util.stream.ReferencePipeline$3$1.accept(ReferencePipeline.java:193)
	at java.util.Spliterators$ArraySpliterator.forEachRemaining(Spliterators.java:948)
	at java.util.stream.AbstractPipeline.copyInto(AbstractPipeline.java:482)
	at java.util.stream.AbstractPipeline.wrapAndCopyInto(AbstractPipeline.java:472)
	at java.util.stream.ForEachOps$ForEachOp.evaluateSequential(ForEachOps.java:150)
	at java.util.stream.ForEachOps$ForEachOp$OfRef.evaluateSequential(ForEachOps.java:173)
	at java.util.stream.AbstractPipeline.evaluate(AbstractPipeline.java:234)
	at java.util.stream.ReferencePipeline.forEach(ReferencePipeline.java:485)
	at java.util.stream.ReferencePipeline$7$1.accept(ReferencePipeline.java:272)
	at java.util.stream.ReferencePipeline$3$1.accept(ReferencePipeline.java:193)
	at java.util.stream.ReferencePipeline$3$1.accept(ReferencePipeline.java:193)
	at java.util.stream.ReferencePipeline$3$1.accept(ReferencePipeline.java:193)
	at java.util.ArrayList$ArrayListSpliterator.forEachRemaining(ArrayList.java:1384)
	at java.util.stream.AbstractPipeline.copyInto(AbstractPipeline.java:482)
	at java.util.stream.AbstractPipeline.wrapAndCopyInto(AbstractPipeline.java:472)
	at java.util.stream.ForEachOps$ForEachOp.evaluateSequential(ForEachOps.java:150)
	at java.util.stream.ForEachOps$ForEachOp$OfRef.evaluateSequential(ForEachOps.java:173)
	at java.util.stream.AbstractPipeline.evaluate(AbstractPipeline.java:234)
	at java.util.stream.ReferencePipeline.forEach(ReferencePipeline.java:485)
	at java.util.stream.ReferencePipeline$7$1.accept(ReferencePipeline.java:272)
	at java.util.ArrayList$ArrayListSpliterator.forEachRemaining(ArrayList.java:1384)
	at java.util.stream.AbstractPipeline.copyInto(AbstractPipeline.java:482)
	at java.util.stream.AbstractPipeline.wrapAndCopyInto(AbstractPipeline.java:472)
	at java.util.stream.ForEachOps$ForEachOp.evaluateSequential(ForEachOps.java:150)
	at java.util.stream.ForEachOps$ForEachOp$OfRef.evaluateSequential(ForEachOps.java:173)
	at java.util.stream.AbstractPipeline.evaluate(AbstractPipeline.java:234)
	at java.util.stream.ReferencePipeline.forEach(ReferencePipeline.java:485)
	at java.util.ArrayList.forEach(ArrayList.java:1259)
	at java.util.ArrayList.forEach(ArrayList.java:1259)
	Suppressed: java.lang.IllegalArgumentException
		at java.util.concurrent.ThreadPoolExecutor.<init>(ThreadPoolExecutor.java:1314)
		at java.util.concurrent.ThreadPoolExecutor.<init>(ThreadPoolExecutor.java:1237)
		at java.util.concurrent.Executors.newFixedThreadPool(Executors.java:151)
		at org.apache.ratis.server.impl.MiniRaftCluster.shutdown(MiniRaftCluster.java:847)
		at org.apache.ratis.grpc.MiniRaftClusterWithGrpc.shutdown(MiniRaftClusterWithGrpc.java:93)
		at org.apache.ratis.server.impl.MiniRaftCluster.close(MiniRaftCluster.java:833)
		at java.util.stream.ForEachOps$ForEachOp$OfRef.accept(ForEachOps.java:183)
		at java.util.ArrayList.forEach(ArrayList.java:1259)
		at java.util.stream.SortedOps$RefSortingSink.end(SortedOps.java:395)
		at java.util.stream.Sink$ChainedReference.end(Sink.java:258)
		at java.util.stream.Sink$ChainedReference.end(Sink.java:258)
		at java.util.stream.AbstractPipeline.copyInto(AbstractPipeline.java:483)
		at java.util.stream.AbstractPipeline.wrapAndCopyInto(AbstractPipeline.java:472)
		at java.util.stream.ForEachOps$ForEachOp.evaluateSequential(ForEachOps.java:150)
		at java.util.stream.ForEachOps$ForEachOp$OfRef.evaluateSequential(ForEachOps.java:173)
		at java.util.stream.AbstractPipeline.evaluate(AbstractPipeline.java:234)
		at java.util.stream.ReferencePipeline.forEach(ReferencePipeline.java:485)
		... 44 more
]]></error>
    <system-out><![CDATA[2024-09-07 03:04:43,065 INFO  util.LogUtils (Slf4jUtils.java:setLogLevel(38)) - Successfully set org.apache.ratis.conf.ConfUtils log level to WARN
2024-09-07 03:04:43,066 INFO  util.LogUtils (Slf4jUtils.java:setLogLevel(38)) - Successfully set org.apache.ratis.util.FileUtils log level to TRACE
2024-09-07 03:04:43,066 INFO  util.LogUtils (Slf4jUtils.java:setLogLevel(38)) - Successfully set org.apache.ratis.statemachine.StateMachine log level to DEBUG
2024-09-07 03:04:43,067 INFO  impl.MiniRaftCluster (MiniRaftCluster.java:shutdown(837)) - ************************************************************** 
2024-09-07 03:04:43,067 INFO  impl.MiniRaftCluster (MiniRaftCluster.java:shutdown(838)) - *** 
2024-09-07 03:04:43,068 INFO  impl.MiniRaftCluster (MiniRaftCluster.java:shutdown(839)) - ***     Stopping MiniRaftClusterWithSimulatedRpc
2024-09-07 03:04:43,068 INFO  impl.MiniRaftCluster (MiniRaftCluster.java:shutdown(840)) - *** 
2024-09-07 03:04:43,068 INFO  impl.MiniRaftCluster (MiniRaftCluster.java:shutdown(841)) - ************************************************************** 
2024-09-07 03:04:43,068 INFO  impl.MiniRaftCluster (MiniRaftCluster.java:shutdown(842)) - printing ALL groups
2024-09-07 03:04:43,069 INFO  impl.MiniRaftCluster (MiniRaftCluster.java:shutdown(837)) - ************************************************************** 
2024-09-07 03:04:43,069 INFO  impl.MiniRaftCluster (MiniRaftCluster.java:shutdown(838)) - *** 
2024-09-07 03:04:43,069 INFO  impl.MiniRaftCluster (MiniRaftCluster.java:shutdown(839)) - ***     Stopping MiniRaftClusterWithGrpc
2024-09-07 03:04:43,069 INFO  impl.MiniRaftCluster (MiniRaftCluster.java:shutdown(840)) - *** 
2024-09-07 03:04:43,070 INFO  impl.MiniRaftCluster (MiniRaftCluster.java:shutdown(841)) - ************************************************************** 
2024-09-07 03:04:43,070 INFO  impl.MiniRaftCluster (MiniRaftCluster.java:shutdown(842)) - printing ALL groups
]]></system-out>
    <system-err><![CDATA[Sep 07, 2024 3:04:43 AM org.junit.jupiter.engine.execution.JupiterEngineExecutionContext close
SEVERE: Caught exception while closing extension context: org.junit.jupiter.engine.descriptor.MethodExtensionContext@7a0f43dc
java.lang.IllegalArgumentException
	at java.util.concurrent.ThreadPoolExecutor.<init>(ThreadPoolExecutor.java:1314)
	at java.util.concurrent.ThreadPoolExecutor.<init>(ThreadPoolExecutor.java:1237)
	at java.util.concurrent.Executors.newFixedThreadPool(Executors.java:151)
	at org.apache.ratis.server.impl.MiniRaftCluster.shutdown(MiniRaftCluster.java:847)
	at org.apache.ratis.grpc.MiniRaftClusterWithGrpc.shutdown(MiniRaftClusterWithGrpc.java:93)
	at org.apache.ratis.server.impl.MiniRaftCluster.close(MiniRaftCluster.java:833)
	at org.junit.jupiter.params.ParameterizedTestParameterResolver$CloseableArgument.close(ParameterizedTestParameterResolver.java:109)
	at org.junit.jupiter.engine.descriptor.AbstractExtensionContext.lambda$static$0(AbstractExtensionContext.java:45)
	at org.junit.platform.engine.support.store.NamespacedHierarchicalStore$EvaluatedValue.close(NamespacedHierarchicalStore.java:333)
	at org.junit.platform.engine.support.store.NamespacedHierarchicalStore$EvaluatedValue.access$800(NamespacedHierarchicalStore.java:317)
	at org.junit.platform.engine.support.store.NamespacedHierarchicalStore.lambda$close$3(NamespacedHierarchicalStore.java:98)
	at org.junit.platform.engine.support.hierarchical.ThrowableCollector.execute(ThrowableCollector.java:73)
	at org.junit.platform.engine.support.store.NamespacedHierarchicalStore.lambda$close$4(NamespacedHierarchicalStore.java:98)
	at java.util.stream.ForEachOps$ForEachOp$OfRef.accept(ForEachOps.java:183)
	at java.util.ArrayList.forEach(ArrayList.java:1259)
	at java.util.stream.SortedOps$RefSortingSink.end(SortedOps.java:395)
	at java.util.stream.Sink$ChainedReference.end(Sink.java:258)
	at java.util.stream.Sink$ChainedReference.end(Sink.java:258)
	at java.util.stream.AbstractPipeline.copyInto(AbstractPipeline.java:483)
	at java.util.stream.AbstractPipeline.wrapAndCopyInto(AbstractPipeline.java:472)
	at java.util.stream.ForEachOps$ForEachOp.evaluateSequential(ForEachOps.java:150)
	at java.util.stream.ForEachOps$ForEachOp$OfRef.evaluateSequential(ForEachOps.java:173)
	at java.util.stream.AbstractPipeline.evaluate(AbstractPipeline.java:234)
	at java.util.stream.ReferencePipeline.forEach(ReferencePipeline.java:485)
	at org.junit.platform.engine.support.store.NamespacedHierarchicalStore.close(NamespacedHierarchicalStore.java:98)
	at org.junit.jupiter.engine.descriptor.AbstractExtensionContext.close(AbstractExtensionContext.java:87)
	at org.junit.jupiter.engine.execution.JupiterEngineExecutionContext.close(JupiterEngineExecutionContext.java:53)
	at org.junit.jupiter.engine.descriptor.JupiterTestDescriptor.cleanUp(JupiterTestDescriptor.java:224)
	at org.junit.jupiter.engine.descriptor.TestMethodTestDescriptor.lambda$cleanUp$1(TestMethodTestDescriptor.java:156)
	at org.junit.platform.engine.support.hierarchical.ThrowableCollector.execute(ThrowableCollector.java:73)
	at org.junit.jupiter.engine.descriptor.TestMethodTestDescriptor.cleanUp(TestMethodTestDescriptor.java:156)
	at org.junit.jupiter.engine.descriptor.TestMethodTestDescriptor.cleanUp(TestMethodTestDescriptor.java:69)
	at org.junit.platform.engine.support.hierarchical.NodeTestTask.lambda$cleanUp$10(NodeTestTask.java:167)
	at org.junit.platform.engine.support.hierarchical.ThrowableCollector.execute(ThrowableCollector.java:73)
	at org.junit.platform.engine.support.hierarchical.NodeTestTask.cleanUp(NodeTestTask.java:167)
	at org.junit.platform.engine.support.hierarchical.NodeTestTask.execute(NodeTestTask.java:98)
	at org.junit.platform.engine.support.hierarchical.SameThreadHierarchicalTestExecutorService.submit(SameThreadHierarchicalTestExecutorService.java:35)
	at org.junit.platform.engine.support.hierarchical.NodeTestTask$DefaultDynamicTestExecutor.execute(NodeTestTask.java:226)
	at org.junit.platform.engine.support.hierarchical.NodeTestTask$DefaultDynamicTestExecutor.execute(NodeTestTask.java:204)
	at org.junit.jupiter.engine.descriptor.TestTemplateTestDescriptor.execute(TestTemplateTestDescriptor.java:142)
	at org.junit.jupiter.engine.descriptor.TestTemplateTestDescriptor.lambda$execute$2(TestTemplateTestDescriptor.java:110)
	at java.util.stream.ForEachOps$ForEachOp$OfRef.accept(ForEachOps.java:183)
	at java.util.stream.ReferencePipeline$3$1.accept(ReferencePipeline.java:193)
	at java.util.stream.ReferencePipeline$2$1.accept(ReferencePipeline.java:175)
	at java.util.stream.ReferencePipeline$3$1.accept(ReferencePipeline.java:193)
	at java.util.stream.ForEachOps$ForEachOp$OfRef.accept(ForEachOps.java:183)
	at java.util.stream.ReferencePipeline$3$1.accept(ReferencePipeline.java:193)
	at java.util.stream.ReferencePipeline$3$1.accept(ReferencePipeline.java:193)
	at java.util.stream.ReferencePipeline$3$1.accept(ReferencePipeline.java:193)
	at java.util.stream.ForEachOps$ForEachOp$OfRef.accept(ForEachOps.java:183)
	at java.util.stream.ReferencePipeline$3$1.accept(ReferencePipeline.java:193)
	at java.util.ArrayList$ArrayListSpliterator.forEachRemaining(ArrayList.java:1384)
	at java.util.stream.ReferencePipeline$Head.forEach(ReferencePipeline.java:647)
	at java.util.stream.ReferencePipeline$7$1.accept(ReferencePipeline.java:272)
	at java.util.stream.ReferencePipeline$3$1.accept(ReferencePipeline.java:193)
	at java.util.stream.ReferencePipeline$3$1.accept(ReferencePipeline.java:193)
	at java.util.stream.ReferencePipeline$3$1.accept(ReferencePipeline.java:193)
	at java.util.Spliterators$ArraySpliterator.forEachRemaining(Spliterators.java:948)
	at java.util.stream.AbstractPipeline.copyInto(AbstractPipeline.java:482)
	at java.util.stream.AbstractPipeline.wrapAndCopyInto(AbstractPipeline.java:472)
	at java.util.stream.ForEachOps$ForEachOp.evaluateSequential(ForEachOps.java:150)
	at java.util.stream.ForEachOps$ForEachOp$OfRef.evaluateSequential(ForEachOps.java:173)
	at java.util.stream.AbstractPipeline.evaluate(AbstractPipeline.java:234)
	at java.util.stream.ReferencePipeline.forEach(ReferencePipeline.java:485)
	at java.util.stream.ReferencePipeline$7$1.accept(ReferencePipeline.java:272)
	at java.util.stream.ReferencePipeline$3$1.accept(ReferencePipeline.java:193)
	at java.util.stream.ReferencePipeline$3$1.accept(ReferencePipeline.java:193)
	at java.util.stream.ReferencePipeline$3$1.accept(ReferencePipeline.java:193)
	at java.util.ArrayList$ArrayListSpliterator.forEachRemaining(ArrayList.java:1384)
	at java.util.stream.AbstractPipeline.copyInto(AbstractPipeline.java:482)
	at java.util.stream.AbstractPipeline.wrapAndCopyInto(AbstractPipeline.java:472)
	at java.util.stream.ForEachOps$ForEachOp.evaluateSequential(ForEachOps.java:150)
	at java.util.stream.ForEachOps$ForEachOp$OfRef.evaluateSequential(ForEachOps.java:173)
	at java.util.stream.AbstractPipeline.evaluate(AbstractPipeline.java:234)
	at java.util.stream.ReferencePipeline.forEach(ReferencePipeline.java:485)
	at java.util.stream.ReferencePipeline$7$1.accept(ReferencePipeline.java:272)
	at java.util.ArrayList$ArrayListSpliterator.forEachRemaining(ArrayList.java:1384)
	at java.util.stream.AbstractPipeline.copyInto(AbstractPipeline.java:482)
	at java.util.stream.AbstractPipeline.wrapAndCopyInto(AbstractPipeline.java:472)
	at java.util.stream.ForEachOps$ForEachOp.evaluateSequential(ForEachOps.java:150)
	at java.util.stream.ForEachOps$ForEachOp$OfRef.evaluateSequential(ForEachOps.java:173)
	at java.util.stream.AbstractPipeline.evaluate(AbstractPipeline.java:234)
	at java.util.stream.ReferencePipeline.forEach(ReferencePipeline.java:485)
	at org.junit.jupiter.engine.descriptor.TestTemplateTestDescriptor.execute(TestTemplateTestDescriptor.java:110)
	at org.junit.jupiter.engine.descriptor.TestTemplateTestDescriptor.execute(TestTemplateTestDescriptor.java:44)
	at org.junit.platform.engine.support.hierarchical.NodeTestTask.lambda$executeRecursively$6(NodeTestTask.java:151)
	at org.junit.platform.engine.support.hierarchical.ThrowableCollector.execute(ThrowableCollector.java:73)
	at org.junit.platform.engine.support.hierarchical.NodeTestTask.lambda$executeRecursively$8(NodeTestTask.java:141)
	at org.junit.platform.engine.support.hierarchical.Node.around(Node.java:137)
	at org.junit.platform.engine.support.hierarchical.NodeTestTask.lambda$executeRecursively$9(NodeTestTask.java:139)
	at org.junit.platform.engine.support.hierarchical.ThrowableCollector.execute(ThrowableCollector.java:73)
	at org.junit.platform.engine.support.hierarchical.NodeTestTask.executeRecursively(NodeTestTask.java:138)
	at org.junit.platform.engine.support.hierarchical.NodeTestTask.execute(NodeTestTask.java:95)
	at java.util.ArrayList.forEach(ArrayList.java:1259)
	at org.junit.platform.engine.support.hierarchical.SameThreadHierarchicalTestExecutorService.invokeAll(SameThreadHierarchicalTestExecutorService.java:41)
	at org.junit.platform.engine.support.hierarchical.NodeTestTask.lambda$executeRecursively$6(NodeTestTask.java:155)
	at org.junit.platform.engine.support.hierarchical.ThrowableCollector.execute(ThrowableCollector.java:73)
	at org.junit.platform.engine.support.hierarchical.NodeTestTask.lambda$executeRecursively$8(NodeTestTask.java:141)
	at org.junit.platform.engine.support.hierarchical.Node.around(Node.java:137)
	at org.junit.platform.engine.support.hierarchical.NodeTestTask.lambda$executeRecursively$9(NodeTestTask.java:139)
	at org.junit.platform.engine.support.hierarchical.ThrowableCollector.execute(ThrowableCollector.java:73)
	at org.junit.platform.engine.support.hierarchical.NodeTestTask.executeRecursively(NodeTestTask.java:138)
	at org.junit.platform.engine.support.hierarchical.NodeTestTask.execute(NodeTestTask.java:95)
	at java.util.ArrayList.forEach(ArrayList.java:1259)
	at org.junit.platform.engine.support.hierarchical.SameThreadHierarchicalTestExecutorService.invokeAll(SameThreadHierarchicalTestExecutorService.java:41)
	at org.junit.platform.engine.support.hierarchical.NodeTestTask.lambda$executeRecursively$6(NodeTestTask.java:155)
	at org.junit.platform.engine.support.hierarchical.ThrowableCollector.execute(ThrowableCollector.java:73)
	at org.junit.platform.engine.support.hierarchical.NodeTestTask.lambda$executeRecursively$8(NodeTestTask.java:141)
	at org.junit.platform.engine.support.hierarchical.Node.around(Node.java:137)
	at org.junit.platform.engine.support.hierarchical.NodeTestTask.lambda$executeRecursively$9(NodeTestTask.java:139)
	at org.junit.platform.engine.support.hierarchical.ThrowableCollector.execute(ThrowableCollector.java:73)
	at org.junit.platform.engine.support.hierarchical.NodeTestTask.executeRecursively(NodeTestTask.java:138)
	at org.junit.platform.engine.support.hierarchical.NodeTestTask.execute(NodeTestTask.java:95)
	at org.junit.platform.engine.support.hierarchical.SameThreadHierarchicalTestExecutorService.submit(SameThreadHierarchicalTestExecutorService.java:35)
	at org.junit.platform.engine.support.hierarchical.HierarchicalTestExecutor.execute(HierarchicalTestExecutor.java:57)
	at org.junit.platform.engine.support.hierarchical.HierarchicalTestEngine.execute(HierarchicalTestEngine.java:54)
	at org.junit.platform.launcher.core.EngineExecutionOrchestrator.execute(EngineExecutionOrchestrator.java:198)
	at org.junit.platform.launcher.core.EngineExecutionOrchestrator.execute(EngineExecutionOrchestrator.java:169)
	at org.junit.platform.launcher.core.EngineExecutionOrchestrator.execute(EngineExecutionOrchestrator.java:93)
	at org.junit.platform.launcher.core.EngineExecutionOrchestrator.lambda$execute$0(EngineExecutionOrchestrator.java:58)
	at org.junit.platform.launcher.core.EngineExecutionOrchestrator.withInterceptedStreams(EngineExecutionOrchestrator.java:141)
	at org.junit.platform.launcher.core.EngineExecutionOrchestrator.execute(EngineExecutionOrchestrator.java:57)
	at org.junit.platform.launcher.core.DefaultLauncher.execute(DefaultLauncher.java:103)
	at org.junit.platform.launcher.core.DefaultLauncher.execute(DefaultLauncher.java:85)
	at org.junit.platform.launcher.core.DelegatingLauncher.execute(DelegatingLauncher.java:47)
	at org.junit.platform.launcher.core.SessionPerRequestLauncher.execute(SessionPerRequestLauncher.java:63)
	at org.apache.maven.surefire.junitplatform.JUnitPlatformProvider.invokeAllTests(JUnitPlatformProvider.java:154)
	at org.apache.maven.surefire.junitplatform.JUnitPlatformProvider.invoke(JUnitPlatformProvider.java:123)
	at org.apache.maven.surefire.booter.ForkedBooter.runSuitesInProcess(ForkedBooter.java:377)
	at org.apache.maven.surefire.booter.ForkedBooter.execute(ForkedBooter.java:138)
	at org.apache.maven.surefire.booter.ForkedBooter.run(ForkedBooter.java:465)
	at org.apache.maven.surefire.booter.ForkedBooter.main(ForkedBooter.java:451)

]]></system-err>
  </testcase>
  <testcase name="testGaussLegendre(MiniRaftCluster)[3]" classname="org.apache.ratis.examples.arithmetic.TestArithmetic" time="0.005">
    <error type="java.lang.IllegalArgumentException"><![CDATA[java.lang.IllegalArgumentException
	at java.util.concurrent.ThreadPoolExecutor.<init>(ThreadPoolExecutor.java:1314)
	at java.util.concurrent.ThreadPoolExecutor.<init>(ThreadPoolExecutor.java:1237)
	at java.util.concurrent.Executors.newFixedThreadPool(Executors.java:151)
	at org.apache.ratis.server.impl.MiniRaftCluster.shutdown(MiniRaftCluster.java:847)
	at org.apache.ratis.grpc.MiniRaftClusterWithGrpc.shutdown(MiniRaftClusterWithGrpc.java:93)
	at org.apache.ratis.examples.ParameterizedBaseTest.setAndStart(ParameterizedBaseTest.java:58)
	at org.apache.ratis.examples.arithmetic.TestArithmetic.testGaussLegendre(TestArithmetic.java:88)
	at java.lang.reflect.Method.invoke(Method.java:498)
	at java.util.stream.ForEachOps$ForEachOp$OfRef.accept(ForEachOps.java:183)
	at java.util.stream.ReferencePipeline$3$1.accept(ReferencePipeline.java:193)
	at java.util.stream.ReferencePipeline$2$1.accept(ReferencePipeline.java:175)
	at java.util.stream.ReferencePipeline$3$1.accept(ReferencePipeline.java:193)
	at java.util.stream.ForEachOps$ForEachOp$OfRef.accept(ForEachOps.java:183)
	at java.util.stream.ReferencePipeline$3$1.accept(ReferencePipeline.java:193)
	at java.util.stream.ReferencePipeline$3$1.accept(ReferencePipeline.java:193)
	at java.util.stream.ReferencePipeline$3$1.accept(ReferencePipeline.java:193)
	at java.util.stream.ForEachOps$ForEachOp$OfRef.accept(ForEachOps.java:183)
	at java.util.stream.ReferencePipeline$3$1.accept(ReferencePipeline.java:193)
	at java.util.ArrayList$ArrayListSpliterator.forEachRemaining(ArrayList.java:1384)
	at java.util.stream.ReferencePipeline$Head.forEach(ReferencePipeline.java:647)
	at java.util.stream.ReferencePipeline$7$1.accept(ReferencePipeline.java:272)
	at java.util.stream.ReferencePipeline$3$1.accept(ReferencePipeline.java:193)
	at java.util.stream.ReferencePipeline$3$1.accept(ReferencePipeline.java:193)
	at java.util.stream.ReferencePipeline$3$1.accept(ReferencePipeline.java:193)
	at java.util.Spliterators$ArraySpliterator.forEachRemaining(Spliterators.java:948)
	at java.util.stream.AbstractPipeline.copyInto(AbstractPipeline.java:482)
	at java.util.stream.AbstractPipeline.wrapAndCopyInto(AbstractPipeline.java:472)
	at java.util.stream.ForEachOps$ForEachOp.evaluateSequential(ForEachOps.java:150)
	at java.util.stream.ForEachOps$ForEachOp$OfRef.evaluateSequential(ForEachOps.java:173)
	at java.util.stream.AbstractPipeline.evaluate(AbstractPipeline.java:234)
	at java.util.stream.ReferencePipeline.forEach(ReferencePipeline.java:485)
	at java.util.stream.ReferencePipeline$7$1.accept(ReferencePipeline.java:272)
	at java.util.stream.ReferencePipeline$3$1.accept(ReferencePipeline.java:193)
	at java.util.stream.ReferencePipeline$3$1.accept(ReferencePipeline.java:193)
	at java.util.stream.ReferencePipeline$3$1.accept(ReferencePipeline.java:193)
	at java.util.ArrayList$ArrayListSpliterator.forEachRemaining(ArrayList.java:1384)
	at java.util.stream.AbstractPipeline.copyInto(AbstractPipeline.java:482)
	at java.util.stream.AbstractPipeline.wrapAndCopyInto(AbstractPipeline.java:472)
	at java.util.stream.ForEachOps$ForEachOp.evaluateSequential(ForEachOps.java:150)
	at java.util.stream.ForEachOps$ForEachOp$OfRef.evaluateSequential(ForEachOps.java:173)
	at java.util.stream.AbstractPipeline.evaluate(AbstractPipeline.java:234)
	at java.util.stream.ReferencePipeline.forEach(ReferencePipeline.java:485)
	at java.util.stream.ReferencePipeline$7$1.accept(ReferencePipeline.java:272)
	at java.util.ArrayList$ArrayListSpliterator.forEachRemaining(ArrayList.java:1384)
	at java.util.stream.AbstractPipeline.copyInto(AbstractPipeline.java:482)
	at java.util.stream.AbstractPipeline.wrapAndCopyInto(AbstractPipeline.java:472)
	at java.util.stream.ForEachOps$ForEachOp.evaluateSequential(ForEachOps.java:150)
	at java.util.stream.ForEachOps$ForEachOp$OfRef.evaluateSequential(ForEachOps.java:173)
	at java.util.stream.AbstractPipeline.evaluate(AbstractPipeline.java:234)
	at java.util.stream.ReferencePipeline.forEach(ReferencePipeline.java:485)
	at java.util.ArrayList.forEach(ArrayList.java:1259)
	at java.util.ArrayList.forEach(ArrayList.java:1259)
	Suppressed: java.lang.IllegalArgumentException
		at java.util.concurrent.ThreadPoolExecutor.<init>(ThreadPoolExecutor.java:1314)
		at java.util.concurrent.ThreadPoolExecutor.<init>(ThreadPoolExecutor.java:1237)
		at java.util.concurrent.Executors.newFixedThreadPool(Executors.java:151)
		at org.apache.ratis.server.impl.MiniRaftCluster.shutdown(MiniRaftCluster.java:847)
		at org.apache.ratis.server.impl.MiniRaftCluster.close(MiniRaftCluster.java:833)
		at java.util.stream.ForEachOps$ForEachOp$OfRef.accept(ForEachOps.java:183)
		at java.util.ArrayList.forEach(ArrayList.java:1259)
		at java.util.stream.SortedOps$RefSortingSink.end(SortedOps.java:395)
		at java.util.stream.Sink$ChainedReference.end(Sink.java:258)
		at java.util.stream.Sink$ChainedReference.end(Sink.java:258)
		at java.util.stream.AbstractPipeline.copyInto(AbstractPipeline.java:483)
		at java.util.stream.AbstractPipeline.wrapAndCopyInto(AbstractPipeline.java:472)
		at java.util.stream.ForEachOps$ForEachOp.evaluateSequential(ForEachOps.java:150)
		at java.util.stream.ForEachOps$ForEachOp$OfRef.evaluateSequential(ForEachOps.java:173)
		at java.util.stream.AbstractPipeline.evaluate(AbstractPipeline.java:234)
		at java.util.stream.ReferencePipeline.forEach(ReferencePipeline.java:485)
		... 44 more
]]></error>
    <system-out><![CDATA[2024-09-07 03:04:43,074 INFO  util.LogUtils (Slf4jUtils.java:setLogLevel(38)) - Successfully set org.apache.ratis.conf.ConfUtils log level to WARN
2024-09-07 03:04:43,074 INFO  util.LogUtils (Slf4jUtils.java:setLogLevel(38)) - Successfully set org.apache.ratis.util.FileUtils log level to TRACE
2024-09-07 03:04:43,074 INFO  util.LogUtils (Slf4jUtils.java:setLogLevel(38)) - Successfully set org.apache.ratis.statemachine.StateMachine log level to DEBUG
2024-09-07 03:04:43,075 INFO  impl.MiniRaftCluster (MiniRaftCluster.java:shutdown(837)) - ************************************************************** 
2024-09-07 03:04:43,076 INFO  impl.MiniRaftCluster (MiniRaftCluster.java:shutdown(838)) - *** 
2024-09-07 03:04:43,076 INFO  impl.MiniRaftCluster (MiniRaftCluster.java:shutdown(839)) - ***     Stopping MiniRaftClusterWithGrpc
2024-09-07 03:04:43,076 INFO  impl.MiniRaftCluster (MiniRaftCluster.java:shutdown(840)) - *** 
2024-09-07 03:04:43,076 INFO  impl.MiniRaftCluster (MiniRaftCluster.java:shutdown(841)) - ************************************************************** 
2024-09-07 03:04:43,077 INFO  impl.MiniRaftCluster (MiniRaftCluster.java:shutdown(842)) - printing ALL groups
2024-09-07 03:04:43,077 INFO  impl.MiniRaftCluster (MiniRaftCluster.java:shutdown(837)) - ************************************************************** 
2024-09-07 03:04:43,077 INFO  impl.MiniRaftCluster (MiniRaftCluster.java:shutdown(838)) - *** 
2024-09-07 03:04:43,078 INFO  impl.MiniRaftCluster (MiniRaftCluster.java:shutdown(839)) - ***     Stopping MiniRaftClusterWithNetty
2024-09-07 03:04:43,078 INFO  impl.MiniRaftCluster (MiniRaftCluster.java:shutdown(840)) - *** 
2024-09-07 03:04:43,078 INFO  impl.MiniRaftCluster (MiniRaftCluster.java:shutdown(841)) - ************************************************************** 
2024-09-07 03:04:43,078 INFO  impl.MiniRaftCluster (MiniRaftCluster.java:shutdown(842)) - printing ALL groups
]]></system-out>
    <system-err><![CDATA[Sep 07, 2024 3:04:43 AM org.junit.jupiter.engine.execution.JupiterEngineExecutionContext close
SEVERE: Caught exception while closing extension context: org.junit.jupiter.engine.descriptor.MethodExtensionContext@7a71ebf1
java.lang.IllegalArgumentException
	at java.util.concurrent.ThreadPoolExecutor.<init>(ThreadPoolExecutor.java:1314)
	at java.util.concurrent.ThreadPoolExecutor.<init>(ThreadPoolExecutor.java:1237)
	at java.util.concurrent.Executors.newFixedThreadPool(Executors.java:151)
	at org.apache.ratis.server.impl.MiniRaftCluster.shutdown(MiniRaftCluster.java:847)
	at org.apache.ratis.server.impl.MiniRaftCluster.close(MiniRaftCluster.java:833)
	at org.junit.jupiter.params.ParameterizedTestParameterResolver$CloseableArgument.close(ParameterizedTestParameterResolver.java:109)
	at org.junit.jupiter.engine.descriptor.AbstractExtensionContext.lambda$static$0(AbstractExtensionContext.java:45)
	at org.junit.platform.engine.support.store.NamespacedHierarchicalStore$EvaluatedValue.close(NamespacedHierarchicalStore.java:333)
	at org.junit.platform.engine.support.store.NamespacedHierarchicalStore$EvaluatedValue.access$800(NamespacedHierarchicalStore.java:317)
	at org.junit.platform.engine.support.store.NamespacedHierarchicalStore.lambda$close$3(NamespacedHierarchicalStore.java:98)
	at org.junit.platform.engine.support.hierarchical.ThrowableCollector.execute(ThrowableCollector.java:73)
	at org.junit.platform.engine.support.store.NamespacedHierarchicalStore.lambda$close$4(NamespacedHierarchicalStore.java:98)
	at java.util.stream.ForEachOps$ForEachOp$OfRef.accept(ForEachOps.java:183)
	at java.util.ArrayList.forEach(ArrayList.java:1259)
	at java.util.stream.SortedOps$RefSortingSink.end(SortedOps.java:395)
	at java.util.stream.Sink$ChainedReference.end(Sink.java:258)
	at java.util.stream.Sink$ChainedReference.end(Sink.java:258)
	at java.util.stream.AbstractPipeline.copyInto(AbstractPipeline.java:483)
	at java.util.stream.AbstractPipeline.wrapAndCopyInto(AbstractPipeline.java:472)
	at java.util.stream.ForEachOps$ForEachOp.evaluateSequential(ForEachOps.java:150)
	at java.util.stream.ForEachOps$ForEachOp$OfRef.evaluateSequential(ForEachOps.java:173)
	at java.util.stream.AbstractPipeline.evaluate(AbstractPipeline.java:234)
	at java.util.stream.ReferencePipeline.forEach(ReferencePipeline.java:485)
	at org.junit.platform.engine.support.store.NamespacedHierarchicalStore.close(NamespacedHierarchicalStore.java:98)
	at org.junit.jupiter.engine.descriptor.AbstractExtensionContext.close(AbstractExtensionContext.java:87)
	at org.junit.jupiter.engine.execution.JupiterEngineExecutionContext.close(JupiterEngineExecutionContext.java:53)
	at org.junit.jupiter.engine.descriptor.JupiterTestDescriptor.cleanUp(JupiterTestDescriptor.java:224)
	at org.junit.jupiter.engine.descriptor.TestMethodTestDescriptor.lambda$cleanUp$1(TestMethodTestDescriptor.java:156)
	at org.junit.platform.engine.support.hierarchical.ThrowableCollector.execute(ThrowableCollector.java:73)
	at org.junit.jupiter.engine.descriptor.TestMethodTestDescriptor.cleanUp(TestMethodTestDescriptor.java:156)
	at org.junit.jupiter.engine.descriptor.TestMethodTestDescriptor.cleanUp(TestMethodTestDescriptor.java:69)
	at org.junit.platform.engine.support.hierarchical.NodeTestTask.lambda$cleanUp$10(NodeTestTask.java:167)
	at org.junit.platform.engine.support.hierarchical.ThrowableCollector.execute(ThrowableCollector.java:73)
	at org.junit.platform.engine.support.hierarchical.NodeTestTask.cleanUp(NodeTestTask.java:167)
	at org.junit.platform.engine.support.hierarchical.NodeTestTask.execute(NodeTestTask.java:98)
	at org.junit.platform.engine.support.hierarchical.SameThreadHierarchicalTestExecutorService.submit(SameThreadHierarchicalTestExecutorService.java:35)
	at org.junit.platform.engine.support.hierarchical.NodeTestTask$DefaultDynamicTestExecutor.execute(NodeTestTask.java:226)
	at org.junit.platform.engine.support.hierarchical.NodeTestTask$DefaultDynamicTestExecutor.execute(NodeTestTask.java:204)
	at org.junit.jupiter.engine.descriptor.TestTemplateTestDescriptor.execute(TestTemplateTestDescriptor.java:142)
	at org.junit.jupiter.engine.descriptor.TestTemplateTestDescriptor.lambda$execute$2(TestTemplateTestDescriptor.java:110)
	at java.util.stream.ForEachOps$ForEachOp$OfRef.accept(ForEachOps.java:183)
	at java.util.stream.ReferencePipeline$3$1.accept(ReferencePipeline.java:193)
	at java.util.stream.ReferencePipeline$2$1.accept(ReferencePipeline.java:175)
	at java.util.stream.ReferencePipeline$3$1.accept(ReferencePipeline.java:193)
	at java.util.stream.ForEachOps$ForEachOp$OfRef.accept(ForEachOps.java:183)
	at java.util.stream.ReferencePipeline$3$1.accept(ReferencePipeline.java:193)
	at java.util.stream.ReferencePipeline$3$1.accept(ReferencePipeline.java:193)
	at java.util.stream.ReferencePipeline$3$1.accept(ReferencePipeline.java:193)
	at java.util.stream.ForEachOps$ForEachOp$OfRef.accept(ForEachOps.java:183)
	at java.util.stream.ReferencePipeline$3$1.accept(ReferencePipeline.java:193)
	at java.util.ArrayList$ArrayListSpliterator.forEachRemaining(ArrayList.java:1384)
	at java.util.stream.ReferencePipeline$Head.forEach(ReferencePipeline.java:647)
	at java.util.stream.ReferencePipeline$7$1.accept(ReferencePipeline.java:272)
	at java.util.stream.ReferencePipeline$3$1.accept(ReferencePipeline.java:193)
	at java.util.stream.ReferencePipeline$3$1.accept(ReferencePipeline.java:193)
	at java.util.stream.ReferencePipeline$3$1.accept(ReferencePipeline.java:193)
	at java.util.Spliterators$ArraySpliterator.forEachRemaining(Spliterators.java:948)
	at java.util.stream.AbstractPipeline.copyInto(AbstractPipeline.java:482)
	at java.util.stream.AbstractPipeline.wrapAndCopyInto(AbstractPipeline.java:472)
	at java.util.stream.ForEachOps$ForEachOp.evaluateSequential(ForEachOps.java:150)
	at java.util.stream.ForEachOps$ForEachOp$OfRef.evaluateSequential(ForEachOps.java:173)
	at java.util.stream.AbstractPipeline.evaluate(AbstractPipeline.java:234)
	at java.util.stream.ReferencePipeline.forEach(ReferencePipeline.java:485)
	at java.util.stream.ReferencePipeline$7$1.accept(ReferencePipeline.java:272)
	at java.util.stream.ReferencePipeline$3$1.accept(ReferencePipeline.java:193)
	at java.util.stream.ReferencePipeline$3$1.accept(ReferencePipeline.java:193)
	at java.util.stream.ReferencePipeline$3$1.accept(ReferencePipeline.java:193)
	at java.util.ArrayList$ArrayListSpliterator.forEachRemaining(ArrayList.java:1384)
	at java.util.stream.AbstractPipeline.copyInto(AbstractPipeline.java:482)
	at java.util.stream.AbstractPipeline.wrapAndCopyInto(AbstractPipeline.java:472)
	at java.util.stream.ForEachOps$ForEachOp.evaluateSequential(ForEachOps.java:150)
	at java.util.stream.ForEachOps$ForEachOp$OfRef.evaluateSequential(ForEachOps.java:173)
	at java.util.stream.AbstractPipeline.evaluate(AbstractPipeline.java:234)
	at java.util.stream.ReferencePipeline.forEach(ReferencePipeline.java:485)
	at java.util.stream.ReferencePipeline$7$1.accept(ReferencePipeline.java:272)
	at java.util.ArrayList$ArrayListSpliterator.forEachRemaining(ArrayList.java:1384)
	at java.util.stream.AbstractPipeline.copyInto(AbstractPipeline.java:482)
	at java.util.stream.AbstractPipeline.wrapAndCopyInto(AbstractPipeline.java:472)
	at java.util.stream.ForEachOps$ForEachOp.evaluateSequential(ForEachOps.java:150)
	at java.util.stream.ForEachOps$ForEachOp$OfRef.evaluateSequential(ForEachOps.java:173)
	at java.util.stream.AbstractPipeline.evaluate(AbstractPipeline.java:234)
	at java.util.stream.ReferencePipeline.forEach(ReferencePipeline.java:485)
	at org.junit.jupiter.engine.descriptor.TestTemplateTestDescriptor.execute(TestTemplateTestDescriptor.java:110)
	at org.junit.jupiter.engine.descriptor.TestTemplateTestDescriptor.execute(TestTemplateTestDescriptor.java:44)
	at org.junit.platform.engine.support.hierarchical.NodeTestTask.lambda$executeRecursively$6(NodeTestTask.java:151)
	at org.junit.platform.engine.support.hierarchical.ThrowableCollector.execute(ThrowableCollector.java:73)
	at org.junit.platform.engine.support.hierarchical.NodeTestTask.lambda$executeRecursively$8(NodeTestTask.java:141)
	at org.junit.platform.engine.support.hierarchical.Node.around(Node.java:137)
	at org.junit.platform.engine.support.hierarchical.NodeTestTask.lambda$executeRecursively$9(NodeTestTask.java:139)
	at org.junit.platform.engine.support.hierarchical.ThrowableCollector.execute(ThrowableCollector.java:73)
	at org.junit.platform.engine.support.hierarchical.NodeTestTask.executeRecursively(NodeTestTask.java:138)
	at org.junit.platform.engine.support.hierarchical.NodeTestTask.execute(NodeTestTask.java:95)
	at java.util.ArrayList.forEach(ArrayList.java:1259)
	at org.junit.platform.engine.support.hierarchical.SameThreadHierarchicalTestExecutorService.invokeAll(SameThreadHierarchicalTestExecutorService.java:41)
	at org.junit.platform.engine.support.hierarchical.NodeTestTask.lambda$executeRecursively$6(NodeTestTask.java:155)
	at org.junit.platform.engine.support.hierarchical.ThrowableCollector.execute(ThrowableCollector.java:73)
	at org.junit.platform.engine.support.hierarchical.NodeTestTask.lambda$executeRecursively$8(NodeTestTask.java:141)
	at org.junit.platform.engine.support.hierarchical.Node.around(Node.java:137)
	at org.junit.platform.engine.support.hierarchical.NodeTestTask.lambda$executeRecursively$9(NodeTestTask.java:139)
	at org.junit.platform.engine.support.hierarchical.ThrowableCollector.execute(ThrowableCollector.java:73)
	at org.junit.platform.engine.support.hierarchical.NodeTestTask.executeRecursively(NodeTestTask.java:138)
	at org.junit.platform.engine.support.hierarchical.NodeTestTask.execute(NodeTestTask.java:95)
	at java.util.ArrayList.forEach(ArrayList.java:1259)
	at org.junit.platform.engine.support.hierarchical.SameThreadHierarchicalTestExecutorService.invokeAll(SameThreadHierarchicalTestExecutorService.java:41)
	at org.junit.platform.engine.support.hierarchical.NodeTestTask.lambda$executeRecursively$6(NodeTestTask.java:155)
	at org.junit.platform.engine.support.hierarchical.ThrowableCollector.execute(ThrowableCollector.java:73)
	at org.junit.platform.engine.support.hierarchical.NodeTestTask.lambda$executeRecursively$8(NodeTestTask.java:141)
	at org.junit.platform.engine.support.hierarchical.Node.around(Node.java:137)
	at org.junit.platform.engine.support.hierarchical.NodeTestTask.lambda$executeRecursively$9(NodeTestTask.java:139)
	at org.junit.platform.engine.support.hierarchical.ThrowableCollector.execute(ThrowableCollector.java:73)
	at org.junit.platform.engine.support.hierarchical.NodeTestTask.executeRecursively(NodeTestTask.java:138)
	at org.junit.platform.engine.support.hierarchical.NodeTestTask.execute(NodeTestTask.java:95)
	at org.junit.platform.engine.support.hierarchical.SameThreadHierarchicalTestExecutorService.submit(SameThreadHierarchicalTestExecutorService.java:35)
	at org.junit.platform.engine.support.hierarchical.HierarchicalTestExecutor.execute(HierarchicalTestExecutor.java:57)
	at org.junit.platform.engine.support.hierarchical.HierarchicalTestEngine.execute(HierarchicalTestEngine.java:54)
	at org.junit.platform.launcher.core.EngineExecutionOrchestrator.execute(EngineExecutionOrchestrator.java:198)
	at org.junit.platform.launcher.core.EngineExecutionOrchestrator.execute(EngineExecutionOrchestrator.java:169)
	at org.junit.platform.launcher.core.EngineExecutionOrchestrator.execute(EngineExecutionOrchestrator.java:93)
	at org.junit.platform.launcher.core.EngineExecutionOrchestrator.lambda$execute$0(EngineExecutionOrchestrator.java:58)
	at org.junit.platform.launcher.core.EngineExecutionOrchestrator.withInterceptedStreams(EngineExecutionOrchestrator.java:141)
	at org.junit.platform.launcher.core.EngineExecutionOrchestrator.execute(EngineExecutionOrchestrator.java:57)
	at org.junit.platform.launcher.core.DefaultLauncher.execute(DefaultLauncher.java:103)
	at org.junit.platform.launcher.core.DefaultLauncher.execute(DefaultLauncher.java:85)
	at org.junit.platform.launcher.core.DelegatingLauncher.execute(DelegatingLauncher.java:47)
	at org.junit.platform.launcher.core.SessionPerRequestLauncher.execute(SessionPerRequestLauncher.java:63)
	at org.apache.maven.surefire.junitplatform.JUnitPlatformProvider.invokeAllTests(JUnitPlatformProvider.java:154)
	at org.apache.maven.surefire.junitplatform.JUnitPlatformProvider.invoke(JUnitPlatformProvider.java:123)
	at org.apache.maven.surefire.booter.ForkedBooter.runSuitesInProcess(ForkedBooter.java:377)
	at org.apache.maven.surefire.booter.ForkedBooter.execute(ForkedBooter.java:138)
	at org.apache.maven.surefire.booter.ForkedBooter.run(ForkedBooter.java:465)
	at org.apache.maven.surefire.booter.ForkedBooter.main(ForkedBooter.java:451)

]]></system-err>
  </testcase>
</testsuite>