<?xml version="1.0" encoding="UTF-8"?>
<testsuite xmlns:xsi="http://www.w3.org/2001/XMLSchema-instance" xsi:noNamespaceSchemaLocation="https://maven.apache.org/surefire/maven-surefire-plugin/xsd/surefire-test-report-3.0.xsd" version="3.0" name="org.apache.ratis.grpc.TestLeaderElectionWithGrpc" time="89.647" tests="26" errors="2" skipped="0" failures="0">
  <properties>
    <property name="awt.toolkit" value="sun.awt.X11.XToolkit"/>
    <property name="file.encoding.pkg" value="sun.io"/>
    <property name="java.specification.version" value="1.8"/>
    <property name="sun.cpu.isalist" value=""/>
    <property name="sun.jnu.encoding" value="UTF-8"/>
    <property name="java.class.path" value="/home/runner/work/ratis/ratis/ratis-test/target/test-classes:/home/runner/work/ratis/ratis/ratis-test/target/classes:/home/runner/work/ratis/ratis/ratis-common/target/classes:/home/runner/.m2/repository/org/apache/ratis/ratis-thirdparty-misc/1.0.6/ratis-thirdparty-misc-1.0.6.jar:/home/runner/work/ratis/ratis/ratis-proto/target/classes:/home/runner/work/ratis/ratis/ratis-common/target/test-classes:/home/runner/work/ratis/ratis/ratis-client/target/classes:/home/runner/work/ratis/ratis/ratis-server/target/classes:/home/runner/work/ratis/ratis/ratis-server-api/target/classes:/home/runner/work/ratis/ratis/ratis-metrics-api/target/classes:/home/runner/work/ratis/ratis/ratis-server/target/test-classes:/home/runner/work/ratis/ratis/ratis-metrics-default/target/classes:/home/runner/work/ratis/ratis/ratis-netty/target/classes:/home/runner/work/ratis/ratis/ratis-netty/target/test-classes:/home/runner/work/ratis/ratis/ratis-grpc/target/classes:/home/runner/work/ratis/ratis/ratis-grpc/target/test-classes:/home/runner/work/ratis/ratis/ratis-shell/target/classes:/home/runner/.m2/repository/commons-cli/commons-cli/1.5.0/commons-cli-1.5.0.jar:/home/runner/.m2/repository/org/reflections/reflections/0.10.2/reflections-0.10.2.jar:/home/runner/.m2/repository/org/javassist/javassist/3.28.0-GA/javassist-3.28.0-GA.jar:/home/runner/.m2/repository/com/google/code/findbugs/jsr305/3.0.2/jsr305-3.0.2.jar:/home/runner/.m2/repository/org/bouncycastle/bcprov-jdk18on/1.78.1/bcprov-jdk18on-1.78.1.jar:/home/runner/.m2/repository/org/bouncycastle/bcpkix-jdk18on/1.78.1/bcpkix-jdk18on-1.78.1.jar:/home/runner/.m2/repository/org/bouncycastle/bcutil-jdk18on/1.78.1/bcutil-jdk18on-1.78.1.jar:/home/runner/.m2/repository/org/slf4j/slf4j-api/2.0.7/slf4j-api-2.0.7.jar:/home/runner/.m2/repository/org/slf4j/slf4j-reload4j/2.0.7/slf4j-reload4j-2.0.7.jar:/home/runner/.m2/repository/ch/qos/reload4j/reload4j/1.2.22/reload4j-1.2.22.jar:/home/runner/.m2/repository/junit/junit/4.13.2/junit-4.13.2.jar:/home/runner/.m2/repository/org/hamcrest/hamcrest-core/1.3/hamcrest-core-1.3.jar:/home/runner/.m2/repository/org/junit/jupiter/junit-jupiter-engine/5.11.2/junit-jupiter-engine-5.11.2.jar:/home/runner/.m2/repository/org/junit/platform/junit-platform-engine/1.11.2/junit-platform-engine-1.11.2.jar:/home/runner/.m2/repository/org/apiguardian/apiguardian-api/1.1.2/apiguardian-api-1.1.2.jar:/home/runner/.m2/repository/org/junit/jupiter/junit-jupiter-api/5.11.2/junit-jupiter-api-5.11.2.jar:/home/runner/.m2/repository/org/opentest4j/opentest4j/1.3.0/opentest4j-1.3.0.jar:/home/runner/.m2/repository/org/junit/platform/junit-platform-commons/1.11.2/junit-platform-commons-1.11.2.jar:/home/runner/.m2/repository/org/junit/jupiter/junit-jupiter-params/5.11.2/junit-jupiter-params-5.11.2.jar:/home/runner/.m2/repository/org/mockito/mockito-core/4.3.1/mockito-core-4.3.1.jar:/home/runner/.m2/repository/net/bytebuddy/byte-buddy/1.12.7/byte-buddy-1.12.7.jar:/home/runner/.m2/repository/net/bytebuddy/byte-buddy-agent/1.12.7/byte-buddy-agent-1.12.7.jar:/home/runner/.m2/repository/org/objenesis/objenesis/3.2/objenesis-3.2.jar:"/>
    <property name="java.vm.vendor" value="Temurin"/>
    <property name="sun.arch.data.model" value="64"/>
    <property name="java.vendor.url" value="https://adoptium.net/"/>
    <property name="user.timezone" value="Etc/UTC"/>
    <property name="java.vm.specification.version" value="1.8"/>
    <property name="os.name" value="Linux"/>
    <property name="sun.java.launcher" value="SUN_STANDARD"/>
    <property name="sun.boot.library.path" value="/usr/lib/jvm/temurin-8-jdk-amd64/jre/lib/amd64"/>
    <property name="sun.java.command" value="/home/runner/work/ratis/ratis/ratis-test/target/surefire/surefirebooter1396898065750326029.jar /home/runner/work/ratis/ratis/ratis-test/target/surefire 2024-10-11T21-55-55_138-jvmRun1 surefire2041322742777702010tmp surefire_121663614853934120758tmp"/>
    <property name="surefire.test.class.path" value="/home/runner/work/ratis/ratis/ratis-test/target/test-classes:/home/runner/work/ratis/ratis/ratis-test/target/classes:/home/runner/work/ratis/ratis/ratis-common/target/classes:/home/runner/.m2/repository/org/apache/ratis/ratis-thirdparty-misc/1.0.6/ratis-thirdparty-misc-1.0.6.jar:/home/runner/work/ratis/ratis/ratis-proto/target/classes:/home/runner/work/ratis/ratis/ratis-common/target/test-classes:/home/runner/work/ratis/ratis/ratis-client/target/classes:/home/runner/work/ratis/ratis/ratis-server/target/classes:/home/runner/work/ratis/ratis/ratis-server-api/target/classes:/home/runner/work/ratis/ratis/ratis-metrics-api/target/classes:/home/runner/work/ratis/ratis/ratis-server/target/test-classes:/home/runner/work/ratis/ratis/ratis-metrics-default/target/classes:/home/runner/work/ratis/ratis/ratis-netty/target/classes:/home/runner/work/ratis/ratis/ratis-netty/target/test-classes:/home/runner/work/ratis/ratis/ratis-grpc/target/classes:/home/runner/work/ratis/ratis/ratis-grpc/target/test-classes:/home/runner/work/ratis/ratis/ratis-shell/target/classes:/home/runner/.m2/repository/commons-cli/commons-cli/1.5.0/commons-cli-1.5.0.jar:/home/runner/.m2/repository/org/reflections/reflections/0.10.2/reflections-0.10.2.jar:/home/runner/.m2/repository/org/javassist/javassist/3.28.0-GA/javassist-3.28.0-GA.jar:/home/runner/.m2/repository/com/google/code/findbugs/jsr305/3.0.2/jsr305-3.0.2.jar:/home/runner/.m2/repository/org/bouncycastle/bcprov-jdk18on/1.78.1/bcprov-jdk18on-1.78.1.jar:/home/runner/.m2/repository/org/bouncycastle/bcpkix-jdk18on/1.78.1/bcpkix-jdk18on-1.78.1.jar:/home/runner/.m2/repository/org/bouncycastle/bcutil-jdk18on/1.78.1/bcutil-jdk18on-1.78.1.jar:/home/runner/.m2/repository/org/slf4j/slf4j-api/2.0.7/slf4j-api-2.0.7.jar:/home/runner/.m2/repository/org/slf4j/slf4j-reload4j/2.0.7/slf4j-reload4j-2.0.7.jar:/home/runner/.m2/repository/ch/qos/reload4j/reload4j/1.2.22/reload4j-1.2.22.jar:/home/runner/.m2/repository/junit/junit/4.13.2/junit-4.13.2.jar:/home/runner/.m2/repository/org/hamcrest/hamcrest-core/1.3/hamcrest-core-1.3.jar:/home/runner/.m2/repository/org/junit/jupiter/junit-jupiter-engine/5.11.2/junit-jupiter-engine-5.11.2.jar:/home/runner/.m2/repository/org/junit/platform/junit-platform-engine/1.11.2/junit-platform-engine-1.11.2.jar:/home/runner/.m2/repository/org/apiguardian/apiguardian-api/1.1.2/apiguardian-api-1.1.2.jar:/home/runner/.m2/repository/org/junit/jupiter/junit-jupiter-api/5.11.2/junit-jupiter-api-5.11.2.jar:/home/runner/.m2/repository/org/opentest4j/opentest4j/1.3.0/opentest4j-1.3.0.jar:/home/runner/.m2/repository/org/junit/platform/junit-platform-commons/1.11.2/junit-platform-commons-1.11.2.jar:/home/runner/.m2/repository/org/junit/jupiter/junit-jupiter-params/5.11.2/junit-jupiter-params-5.11.2.jar:/home/runner/.m2/repository/org/mockito/mockito-core/4.3.1/mockito-core-4.3.1.jar:/home/runner/.m2/repository/net/bytebuddy/byte-buddy/1.12.7/byte-buddy-1.12.7.jar:/home/runner/.m2/repository/net/bytebuddy/byte-buddy-agent/1.12.7/byte-buddy-agent-1.12.7.jar:/home/runner/.m2/repository/org/objenesis/objenesis/3.2/objenesis-3.2.jar:"/>
    <property name="sun.cpu.endian" value="little"/>
    <property name="user.home" value="/home/runner"/>
    <property name="user.language" value="en"/>
    <property name="java.specification.vendor" value="Oracle Corporation"/>
    <property name="java.home" value="/usr/lib/jvm/temurin-8-jdk-amd64/jre"/>
    <property name="basedir" value="/home/runner/work/ratis/ratis/ratis-test"/>
    <property name="file.separator" value="/"/>
    <property name="line.separator" value="&#10;"/>
    <property name="java.vm.specification.vendor" value="Oracle Corporation"/>
    <property name="java.specification.name" value="Java Platform API Specification"/>
    <property name="java.awt.graphicsenv" value="sun.awt.X11GraphicsEnvironment"/>
    <property name="surefire.real.class.path" value="/home/runner/work/ratis/ratis/ratis-test/target/surefire/surefirebooter1396898065750326029.jar:/home/runner/.m2/repository/org/jacoco/org.jacoco.agent/0.8.12/org.jacoco.agent-0.8.12-runtime.jar"/>
    <property name="sun.boot.class.path" value="/usr/lib/jvm/temurin-8-jdk-amd64/jre/lib/resources.jar:/usr/lib/jvm/temurin-8-jdk-amd64/jre/lib/rt.jar:/usr/lib/jvm/temurin-8-jdk-amd64/jre/lib/sunrsasign.jar:/usr/lib/jvm/temurin-8-jdk-amd64/jre/lib/jsse.jar:/usr/lib/jvm/temurin-8-jdk-amd64/jre/lib/jce.jar:/usr/lib/jvm/temurin-8-jdk-amd64/jre/lib/charsets.jar:/usr/lib/jvm/temurin-8-jdk-amd64/jre/lib/jfr.jar:/usr/lib/jvm/temurin-8-jdk-amd64/jre/classes"/>
    <property name="sun.management.compiler" value="HotSpot 64-Bit Tiered Compilers"/>
    <property name="java.runtime.version" value="1.8.0_422-b05"/>
    <property name="java.net.preferIPv4Stack" value="true"/>
    <property name="user.name" value="runner"/>
    <property name="path.separator" value=":"/>
    <property name="os.version" value="5.15.0-1073-azure"/>
    <property name="java.endorsed.dirs" value="/usr/lib/jvm/temurin-8-jdk-amd64/jre/lib/endorsed"/>
    <property name="java.runtime.name" value="OpenJDK Runtime Environment"/>
    <property name="file.encoding" value="UTF-8"/>
    <property name="java.vm.name" value="OpenJDK 64-Bit Server VM"/>
    <property name="localRepository" value="/home/runner/.m2/repository"/>
    <property name="java.vendor.url.bug" value="https://github.com/adoptium/adoptium-support/issues"/>
    <property name="java.io.tmpdir" value="/tmp"/>
    <property name="java.version" value="1.8.0_422"/>
    <property name="user.dir" value="/home/runner/work/ratis/ratis/ratis-test"/>
    <property name="os.arch" value="amd64"/>
    <property name="ratis.tmp.dir" value="/home/runner/work/ratis/ratis/ratis-test/target/tmp"/>
    <property name="java.vm.specification.name" value="Java Virtual Machine Specification"/>
    <property name="java.awt.printerjob" value="sun.print.PSPrinterJob"/>
    <property name="ratis.log.dir" value="/home/runner/work/ratis/ratis/ratis-test/target/log"/>
    <property name="sun.os.patch.level" value="unknown"/>
    <property name="org.apache.ratis.thirdparty.io.netty.allocator.useCacheForAllThreads" value="false"/>
    <property name="java.library.path" value="/usr/java/packages/lib/amd64:/usr/lib64:/lib64:/lib:/usr/lib"/>
    <property name="java.vm.info" value="mixed mode"/>
    <property name="java.vendor" value="Temurin"/>
    <property name="java.vm.version" value="25.422-b05"/>
    <property name="java.specification.maintenance.version" value="5"/>
    <property name="java.ext.dirs" value="/usr/lib/jvm/temurin-8-jdk-amd64/jre/lib/ext:/usr/java/packages/lib/ext"/>
    <property name="sun.io.unicode.encoding" value="UnicodeLittle"/>
    <property name="java.class.version" value="52.0"/>
  </properties>
  <testcase name="testAddFollowerWhenExistsListener" classname="org.apache.ratis.grpc.TestLeaderElectionWithGrpc" time="4.077"/>
  <testcase name="testRemoveListener" classname="org.apache.ratis.grpc.TestLeaderElectionWithGrpc" time="1.911"/>
  <testcase name="testLostMajorityHeartbeats" classname="org.apache.ratis.grpc.TestLeaderElectionWithGrpc" time="4.336"/>
  <testcase name="testLateServerStart" classname="org.apache.ratis.grpc.TestLeaderElectionWithGrpc" time="6.417"/>
  <testcase name="testListenerNotStartLeaderElection" classname="org.apache.ratis.grpc.TestLeaderElectionWithGrpc" time="1.471"/>
  <testcase name="testWaitServerReady" classname="org.apache.ratis.grpc.TestLeaderElectionWithGrpc" time="3.275"/>
  <testcase name="testPreVote" classname="org.apache.ratis.grpc.TestLeaderElectionWithGrpc" time="5.819"/>
  <testcase name="testListenerRejectRequestVote" classname="org.apache.ratis.grpc.TestLeaderElectionWithGrpc" time="1.48"/>
  <testcase name="testAddListener" classname="org.apache.ratis.grpc.TestLeaderElectionWithGrpc" time="1.864"/>
  <testcase name="testTransferLeaderTimeout" classname="org.apache.ratis.grpc.TestLeaderElectionWithGrpc" time="6.827"/>
  <testcase name="testBasicLeaderElection" classname="org.apache.ratis.grpc.TestLeaderElectionWithGrpc" time="7.767"/>
  <testcase name="testChangeFollowerToListener" classname="org.apache.ratis.grpc.TestLeaderElectionWithGrpc" time="1.805"/>
  <testcase name="testTransferLeader" classname="org.apache.ratis.grpc.TestLeaderElectionWithGrpc" time="2.389"/>
  <testcase name="testAddServerForWaitReady" classname="org.apache.ratis.grpc.TestLeaderElectionWithGrpc" time="5.777"/>
  <testcase name="testPauseResumeLeaderElection" classname="org.apache.ratis.grpc.TestLeaderElectionWithGrpc" time="2.046"/>
  <testcase name="testYieldLeaderToHigherPriority" classname="org.apache.ratis.grpc.TestLeaderElectionWithGrpc" time="2.906"/>
  <testcase name="testLeaderLeaseDuringReconfiguration" classname="org.apache.ratis.grpc.TestLeaderElectionWithGrpc" time="1.718"/>
  <testcase name="testChangeLeader" classname="org.apache.ratis.grpc.TestLeaderElectionWithGrpc" time="6.553"/>
  <testcase name="testChangeListenerToFollower" classname="org.apache.ratis.grpc.TestLeaderElectionWithGrpc" time="1.787"/>
  <testcase name="testShutdownBeforeStart" classname="org.apache.ratis.grpc.TestLeaderElectionWithGrpc" time="1.329"/>
  <testcase name="testLeaderLease" classname="org.apache.ratis.grpc.TestLeaderElectionWithGrpc" time="1.802"/>
  <testcase name="testLeaderNotCountListenerForMajority" classname="org.apache.ratis.grpc.TestLeaderElectionWithGrpc" time="1.822"/>
  <testcase name="testImmediatelyRevertedToFollower" classname="org.apache.ratis.grpc.TestLeaderElectionWithGrpc" time="0.005"/>
  <testcase name="testLeaderElectionMetrics" classname="org.apache.ratis.grpc.TestLeaderElectionWithGrpc" time="1.505"/>
  <testcase name="testEnforceLeader" classname="org.apache.ratis.grpc.TestLeaderElectionWithGrpc" time="7.55">
    <error type="java.lang.IllegalStateException"><![CDATA[java.lang.IllegalStateException: allLeaks.size = 3
	at org.apache.ratis.util.Preconditions.assertTrue(Preconditions.java:77)
	at org.apache.ratis.util.LeakDetector.assertNoLeaks(LeakDetector.java:107)
	at org.apache.ratis.server.impl.MiniRaftCluster.shutdown(MiniRaftCluster.java:869)
	at org.apache.ratis.grpc.MiniRaftClusterWithGrpc.shutdown(MiniRaftClusterWithGrpc.java:96)
	at org.apache.ratis.server.impl.MiniRaftCluster.close(MiniRaftCluster.java:833)
	at org.apache.ratis.server.impl.LeaderElectionTests.testEnforceLeader(LeaderElectionTests.java:389)
	at org.apache.ratis.grpc.TestLeaderElectionWithGrpc.testEnforceLeader(TestLeaderElectionWithGrpc.java:31)
	at java.lang.reflect.Method.invoke(Method.java:498)
	at java.util.ArrayList.forEach(ArrayList.java:1259)
	at java.util.ArrayList.forEach(ArrayList.java:1259)
]]></error>
    <system-out><![CDATA[2024-10-11 22:06:48,478 [main] INFO  util.LogUtils (Slf4jUtils.java:setLogLevel(38)) - Successfully set org.apache.ratis.conf.ConfUtils log level to WARN
2024-10-11 22:06:48,479 [main] INFO  util.LogUtils (Slf4jUtils.java:setLogLevel(38)) - Successfully set org.apache.ratis.util.FileUtils log level to TRACE
2024-10-11 22:06:48,479 [main] INFO  util.LogUtils (Slf4jUtils.java:setLogLevel(38)) - Successfully set org.apache.ratis.server.RaftServer$Division log level to DEBUG
2024-10-11 22:06:48,479 [main] INFO  util.LogUtils (Slf4jUtils.java:setLogLevel(38)) - Successfully set org.apache.ratis.client.RaftClient log level to DEBUG
2024-10-11 22:06:48,480 [main] INFO  grpc.TestLeaderElectionWithGrpc (LeaderElectionTests.java:testEnforceLeader(376)) - Running testEnforceLeader
2024-10-11 22:06:48,481 [main] INFO  impl.MiniRaftCluster (MiniRaftCluster.java:<init>(309)) - new MiniRaftClusterWithGrpc with group-1AD9B673A28D:[s3|localhost:15332, s4|localhost:15336, s0|localhost:15320, s1|localhost:15324, s2|localhost:15328]
2024-10-11 22:06:48,481 [main] INFO  impl.MiniRaftCluster (MiniRaftCluster.java:start(342)) - .............................................................. 
2024-10-11 22:06:48,481 [main] INFO  impl.MiniRaftCluster (MiniRaftCluster.java:start(343)) - ... 
2024-10-11 22:06:48,482 [main] INFO  impl.MiniRaftCluster (MiniRaftCluster.java:start(344)) - ...     Starting MiniRaftClusterWithGrpc
2024-10-11 22:06:48,482 [main] INFO  impl.MiniRaftCluster (MiniRaftCluster.java:start(345)) - ... 
2024-10-11 22:06:48,482 [main] INFO  impl.MiniRaftCluster (MiniRaftCluster.java:start(346)) - .............................................................. 
2024-10-11 22:06:48,482 [main] INFO  impl.MiniRaftCluster (MiniRaftCluster.java:initServers(321)) - servers = {}
2024-10-11 22:06:48,482 [main] INFO  impl.MiniRaftCluster (MiniRaftCluster.java:newRaftServer(386)) - newRaftServer: s3, group-1AD9B673A28D:[s3|localhost:15332, s4|localhost:15336, s0|localhost:15320, s1|localhost:15324, s2|localhost:15328], format? true
2024-10-11 22:06:48,482 [main] TRACE util.FileUtils (FileUtils.java:deleteFully(305)) - deleteFully target/test/data/30a65e24/MiniRaftClusterWithGrpc3c72539d/s3
2024-10-11 22:06:48,483 [main] TRACE util.FileUtils (FileUtils.java:deleteFully(318)) - deleteFully: target/test/data/30a65e24/MiniRaftClusterWithGrpc3c72539d/s3 does not exist.
2024-10-11 22:06:48,483 [main] INFO  impl.MiniRaftCluster (MiniRaftCluster.java:newRaftServer(391)) - Formatted directory target/test/data/30a65e24/MiniRaftClusterWithGrpc3c72539d/s3
2024-10-11 22:06:48,483 [main] INFO  server.RaftServer (ConfUtils.java:logGet(46)) - raft.rpc.type = GRPC (default)
2024-10-11 22:06:48,483 [main] INFO  grpc.GrpcConfigKeys (ConfUtils.java:logFallback(53)) - raft.grpc.admin.host = null (fallback to raft.grpc.server.host)
2024-10-11 22:06:48,483 [main] INFO  grpc.GrpcConfigKeys (ConfUtils.java:logGet(46)) - raft.grpc.admin.port = 15333 (custom)
2024-10-11 22:06:48,484 [main] INFO  grpc.GrpcConfigKeys (ConfUtils.java:logFallback(53)) - raft.grpc.client.host = null (fallback to raft.grpc.server.host)
2024-10-11 22:06:48,484 [main] INFO  grpc.GrpcConfigKeys (ConfUtils.java:logGet(46)) - raft.grpc.client.port = 15334 (custom)
2024-10-11 22:06:48,484 [main] INFO  grpc.GrpcConfigKeys (ConfUtils.java:logGet(46)) - raft.grpc.server.host = null (default)
2024-10-11 22:06:48,484 [main] INFO  grpc.GrpcConfigKeys (ConfUtils.java:logGet(46)) - raft.grpc.server.port = 15332 (custom)
2024-10-11 22:06:48,484 [main] INFO  server.GrpcService (ConfUtils.java:logGet(46)) - raft.grpc.message.size.max = 64MB (=67108864) (default)
2024-10-11 22:06:48,484 [main] INFO  server.GrpcService (ConfUtils.java:logGet(46)) - raft.grpc.flow.control.window = 1MB (=1048576) (default)
2024-10-11 22:06:48,484 [main] INFO  server.RaftServerConfigKeys (ConfUtils.java:logGet(46)) - raft.server.rpc.request.timeout = 3000ms (default)
2024-10-11 22:06:48,484 [main] INFO  grpc.GrpcConfigKeys (ConfUtils.java:logGet(46)) - raft.grpc.server.heartbeat.channel = true (default)
2024-10-11 22:06:48,485 [main] INFO  grpc.GrpcConfigKeys (ConfUtils.java:logGet(46)) - raft.grpc.server.zerocopy.enabled = true (custom)
2024-10-11 22:06:48,485 [main] INFO  server.RaftServerConfigKeys (ConfUtils.java:logGet(46)) - raft.server.log.appender.buffer.byte-limit = 4MB (=4194304) (default)
2024-10-11 22:06:48,485 [main] INFO  grpc.GrpcConfigKeys (ConfUtils.java:logGet(46)) - raft.grpc.server.async.request.thread.pool.cached = true (default)
2024-10-11 22:06:48,485 [main] INFO  grpc.GrpcConfigKeys (ConfUtils.java:logGet(46)) - raft.grpc.server.async.request.thread.pool.size = 32 (default)
2024-10-11 22:06:48,487 [main] INFO  impl.DataStreamServerImpl (ConfUtils.java:logGet(46)) - raft.datastream.type = DISABLED (default)
2024-10-11 22:06:48,488 [main] INFO  server.RaftServerConfigKeys (ConfUtils.java:logGet(46)) - raft.server.sleep.deviation.threshold = 300ms (default)
2024-10-11 22:06:48,488 [main] INFO  server.RaftServerConfigKeys (ConfUtils.java:logGet(46)) - raft.server.close.threshold = 60s (default)
2024-10-11 22:06:48,488 [main] INFO  server.RaftServerConfigKeys (ConfUtils.java:logGet(46)) - raft.server.leaderelection.leader.step-down.wait-time = 10s (default)
2024-10-11 22:06:48,488 [main] INFO  server.RaftServerConfigKeys (ConfUtils.java:logGet(46)) - raft.server.storage.dir = [/home/runner/work/ratis/ratis/ratis-test/target/test/data/30a65e24/MiniRaftClusterWithGrpc3c72539d/s3] (custom)
2024-10-11 22:06:48,489 [main] INFO  server.RaftServerConfigKeys (ConfUtils.java:logGet(46)) - raft.server.threadpool.proxy.cached = true (default)
2024-10-11 22:06:48,489 [main] INFO  server.RaftServerConfigKeys (ConfUtils.java:logGet(46)) - raft.server.threadpool.proxy.size = 0 (default)
2024-10-11 22:06:48,489 [main] INFO  server.RaftServer (RaftServerProxy.java:addNew(101)) - s3: addNew group-1AD9B673A28D:[s3|localhost:15332, s4|localhost:15336, s0|localhost:15320, s1|localhost:15324, s2|localhost:15328] returns group-1AD9B673A28D:java.util.concurrent.CompletableFuture@23973547[Not completed]
2024-10-11 22:06:48,490 [s3-groupManagement] INFO  server.RaftServer$Division (RaftServerImpl.java:<init>(257)) - s3: new RaftServerImpl for group-1AD9B673A28D:[s3|localhost:15332, s4|localhost:15336, s0|localhost:15320, s1|localhost:15324, s2|localhost:15328] with BaseStateMachine:uninitialized
2024-10-11 22:06:48,490 [s3-groupManagement] INFO  server.RaftServerConfigKeys (ConfUtils.java:logGet(46)) - raft.server.rpc.timeout.min = 150ms (default)
2024-10-11 22:06:48,490 [s3-groupManagement] INFO  server.RaftServerConfigKeys (ConfUtils.java:logGet(46)) - raft.server.rpc.timeout.max = 300ms (default)
2024-10-11 22:06:48,490 [s3-groupManagement] INFO  server.RaftServerConfigKeys (ConfUtils.java:logGet(46)) - raft.server.rpc.sleep.time = 25ms (default)
2024-10-11 22:06:48,490 [s3-groupManagement] INFO  server.RaftServerConfigKeys (ConfUtils.java:logGet(46)) - raft.server.rpc.slowness.timeout = 60s (default)
2024-10-11 22:06:48,490 [s3-groupManagement] INFO  server.RaftServerConfigKeys (ConfUtils.java:logGet(46)) - raft.server.leaderelection.leader.step-down.wait-time = 10s (default)
2024-10-11 22:06:48,490 [s3-groupManagement] INFO  server.RaftServerConfigKeys (ConfUtils.java:logGet(46)) - raft.server.leaderelection.member.majority-add = false (default)
2024-10-11 22:06:48,490 [s3-groupManagement] INFO  server.RaftServerConfigKeys (ConfUtils.java:logGet(46)) - raft.server.sleep.deviation.threshold = 300ms (default)
2024-10-11 22:06:48,490 [main] INFO  impl.MiniRaftCluster (MiniRaftCluster.java:newRaftServer(386)) - newRaftServer: s4, group-1AD9B673A28D:[s3|localhost:15332, s4|localhost:15336, s0|localhost:15320, s1|localhost:15324, s2|localhost:15328], format? true
2024-10-11 22:06:48,490 [s3-groupManagement] INFO  server.RaftServer$Division (ServerState.java:<init>(114)) - s3@group-1AD9B673A28D: ConfigurationManager, init=conf: {index: -1, cur=peers:[s3|localhost:15332, s4|localhost:15336, s0|localhost:15320, s1|localhost:15324, s2|localhost:15328]|listeners:[], old=null}, confs=<EMPTY_MAP>
2024-10-11 22:06:48,490 [s3-groupManagement] INFO  server.RaftServerConfigKeys (ConfUtils.java:logGet(46)) - raft.server.notification.no-leader.timeout = 60s (default)
2024-10-11 22:06:48,491 [main] TRACE util.FileUtils (FileUtils.java:deleteFully(305)) - deleteFully target/test/data/30a65e24/MiniRaftClusterWithGrpc3c72539d/s4
2024-10-11 22:06:48,491 [s3-groupManagement] INFO  server.RaftServerConfigKeys (ConfUtils.java:logGet(46)) - raft.server.read.timeout = 10s (default)
2024-10-11 22:06:48,491 [main] TRACE util.FileUtils (FileUtils.java:deleteFully(318)) - deleteFully: target/test/data/30a65e24/MiniRaftClusterWithGrpc3c72539d/s4 does not exist.
2024-10-11 22:06:48,491 [main] INFO  impl.MiniRaftCluster (MiniRaftCluster.java:newRaftServer(391)) - Formatted directory target/test/data/30a65e24/MiniRaftClusterWithGrpc3c72539d/s4
2024-10-11 22:06:48,491 [s3-groupManagement] INFO  server.RaftServerConfigKeys (ConfUtils.java:logGet(46)) - raft.server.retrycache.expirytime = 60s (default)
2024-10-11 22:06:48,491 [s3-groupManagement] INFO  server.RaftServerConfigKeys (ConfUtils.java:logGet(46)) - raft.server.retrycache.statistics.expirytime = 100ms (default)
2024-10-11 22:06:48,491 [main] INFO  server.RaftServer (ConfUtils.java:logGet(46)) - raft.rpc.type = GRPC (default)
2024-10-11 22:06:48,491 [s3-groupManagement] INFO  server.RaftServerConfigKeys (ConfUtils.java:logGet(46)) - raft.server.read.option = DEFAULT (default)
2024-10-11 22:06:48,491 [s3-groupManagement] INFO  server.RaftServerConfigKeys (ConfUtils.java:logGet(46)) - raft.server.read.read-after-write-consistent.write-index-cache.expiry-time = 60s (default)
2024-10-11 22:06:48,492 [s3-groupManagement] INFO  server.RaftServerConfigKeys (ConfUtils.java:logGet(46)) - raft.server.rpc.request.timeout = 3000ms (default)
2024-10-11 22:06:48,492 [s3-groupManagement] INFO  server.RaftServerConfigKeys (ConfUtils.java:logGet(46)) - raft.server.log.appender.install.snapshot.enabled = true (default)
2024-10-11 22:06:48,493 [s3-groupManagement] INFO  server.RaftServerConfigKeys (ConfUtils.java:logGet(46)) - raft.server.threadpool.server.cached = true (default)
2024-10-11 22:06:48,493 [s3-groupManagement] INFO  server.RaftServerConfigKeys (ConfUtils.java:logGet(46)) - raft.server.threadpool.server.size = 0 (default)
2024-10-11 22:06:48,493 [s3-groupManagement] INFO  server.RaftServerConfigKeys (ConfUtils.java:logGet(46)) - raft.server.threadpool.client.cached = true (default)
2024-10-11 22:06:48,493 [s3-groupManagement] INFO  server.RaftServerConfigKeys (ConfUtils.java:logGet(46)) - raft.server.threadpool.client.size = 0 (default)
2024-10-11 22:06:48,491 [main] INFO  grpc.GrpcConfigKeys (ConfUtils.java:logFallback(53)) - raft.grpc.admin.host = null (fallback to raft.grpc.server.host)
2024-10-11 22:06:48,493 [main] INFO  grpc.GrpcConfigKeys (ConfUtils.java:logGet(46)) - raft.grpc.admin.port = 15337 (custom)
2024-10-11 22:06:48,493 [main] INFO  grpc.GrpcConfigKeys (ConfUtils.java:logFallback(53)) - raft.grpc.client.host = null (fallback to raft.grpc.server.host)
2024-10-11 22:06:48,494 [main] INFO  grpc.GrpcConfigKeys (ConfUtils.java:logGet(46)) - raft.grpc.client.port = 15338 (custom)
2024-10-11 22:06:48,494 [main] INFO  grpc.GrpcConfigKeys (ConfUtils.java:logGet(46)) - raft.grpc.server.host = null (default)
2024-10-11 22:06:48,494 [main] INFO  grpc.GrpcConfigKeys (ConfUtils.java:logGet(46)) - raft.grpc.server.port = 15336 (custom)
2024-10-11 22:06:48,494 [main] INFO  server.GrpcService (ConfUtils.java:logGet(46)) - raft.grpc.message.size.max = 64MB (=67108864) (default)
2024-10-11 22:06:48,494 [main] INFO  server.GrpcService (ConfUtils.java:logGet(46)) - raft.grpc.flow.control.window = 1MB (=1048576) (default)
2024-10-11 22:06:48,495 [main] INFO  server.RaftServerConfigKeys (ConfUtils.java:logGet(46)) - raft.server.rpc.request.timeout = 3000ms (default)
2024-10-11 22:06:48,495 [main] INFO  grpc.GrpcConfigKeys (ConfUtils.java:logGet(46)) - raft.grpc.server.heartbeat.channel = true (default)
2024-10-11 22:06:48,495 [main] INFO  grpc.GrpcConfigKeys (ConfUtils.java:logGet(46)) - raft.grpc.server.zerocopy.enabled = true (custom)
2024-10-11 22:06:48,495 [main] INFO  server.RaftServerConfigKeys (ConfUtils.java:logGet(46)) - raft.server.log.appender.buffer.byte-limit = 4MB (=4194304) (default)
2024-10-11 22:06:48,495 [main] INFO  grpc.GrpcConfigKeys (ConfUtils.java:logGet(46)) - raft.grpc.server.async.request.thread.pool.cached = true (default)
2024-10-11 22:06:48,495 [main] INFO  grpc.GrpcConfigKeys (ConfUtils.java:logGet(46)) - raft.grpc.server.async.request.thread.pool.size = 32 (default)
2024-10-11 22:06:48,497 [main] INFO  impl.DataStreamServerImpl (ConfUtils.java:logGet(46)) - raft.datastream.type = DISABLED (default)
2024-10-11 22:06:48,497 [main] INFO  server.RaftServerConfigKeys (ConfUtils.java:logGet(46)) - raft.server.sleep.deviation.threshold = 300ms (default)
2024-10-11 22:06:48,497 [main] INFO  server.RaftServerConfigKeys (ConfUtils.java:logGet(46)) - raft.server.close.threshold = 60s (default)
2024-10-11 22:06:48,497 [main] INFO  server.RaftServerConfigKeys (ConfUtils.java:logGet(46)) - raft.server.leaderelection.leader.step-down.wait-time = 10s (default)
2024-10-11 22:06:48,497 [main] INFO  server.RaftServerConfigKeys (ConfUtils.java:logGet(46)) - raft.server.storage.dir = [/home/runner/work/ratis/ratis/ratis-test/target/test/data/30a65e24/MiniRaftClusterWithGrpc3c72539d/s4] (custom)
2024-10-11 22:06:48,497 [main] INFO  server.RaftServerConfigKeys (ConfUtils.java:logGet(46)) - raft.server.threadpool.proxy.cached = true (default)
2024-10-11 22:06:48,498 [main] INFO  server.RaftServerConfigKeys (ConfUtils.java:logGet(46)) - raft.server.threadpool.proxy.size = 0 (default)
2024-10-11 22:06:48,498 [main] INFO  server.RaftServer (RaftServerProxy.java:addNew(101)) - s4: addNew group-1AD9B673A28D:[s3|localhost:15332, s4|localhost:15336, s0|localhost:15320, s1|localhost:15324, s2|localhost:15328] returns group-1AD9B673A28D:java.util.concurrent.CompletableFuture@7fec6c2f[Not completed]
2024-10-11 22:06:48,498 [main] INFO  impl.MiniRaftCluster (MiniRaftCluster.java:newRaftServer(386)) - newRaftServer: s0, group-1AD9B673A28D:[s3|localhost:15332, s4|localhost:15336, s0|localhost:15320, s1|localhost:15324, s2|localhost:15328], format? true
2024-10-11 22:06:48,498 [main] TRACE util.FileUtils (FileUtils.java:deleteFully(305)) - deleteFully target/test/data/30a65e24/MiniRaftClusterWithGrpc3c72539d/s0
2024-10-11 22:06:48,499 [main] TRACE util.FileUtils (FileUtils.java:deleteFully(318)) - deleteFully: target/test/data/30a65e24/MiniRaftClusterWithGrpc3c72539d/s0 does not exist.
2024-10-11 22:06:48,499 [main] INFO  impl.MiniRaftCluster (MiniRaftCluster.java:newRaftServer(391)) - Formatted directory target/test/data/30a65e24/MiniRaftClusterWithGrpc3c72539d/s0
2024-10-11 22:06:48,499 [main] INFO  server.RaftServer (ConfUtils.java:logGet(46)) - raft.rpc.type = GRPC (default)
2024-10-11 22:06:48,499 [main] INFO  grpc.GrpcConfigKeys (ConfUtils.java:logFallback(53)) - raft.grpc.admin.host = null (fallback to raft.grpc.server.host)
2024-10-11 22:06:48,499 [main] INFO  grpc.GrpcConfigKeys (ConfUtils.java:logGet(46)) - raft.grpc.admin.port = 15321 (custom)
2024-10-11 22:06:48,499 [main] INFO  grpc.GrpcConfigKeys (ConfUtils.java:logFallback(53)) - raft.grpc.client.host = null (fallback to raft.grpc.server.host)
2024-10-11 22:06:48,500 [main] INFO  grpc.GrpcConfigKeys (ConfUtils.java:logGet(46)) - raft.grpc.client.port = 15322 (custom)
2024-10-11 22:06:48,500 [main] INFO  grpc.GrpcConfigKeys (ConfUtils.java:logGet(46)) - raft.grpc.server.host = null (default)
2024-10-11 22:06:48,500 [main] INFO  grpc.GrpcConfigKeys (ConfUtils.java:logGet(46)) - raft.grpc.server.port = 15320 (custom)
2024-10-11 22:06:48,500 [main] INFO  server.GrpcService (ConfUtils.java:logGet(46)) - raft.grpc.message.size.max = 64MB (=67108864) (default)
2024-10-11 22:06:48,500 [main] INFO  server.GrpcService (ConfUtils.java:logGet(46)) - raft.grpc.flow.control.window = 1MB (=1048576) (default)
2024-10-11 22:06:48,500 [main] INFO  server.RaftServerConfigKeys (ConfUtils.java:logGet(46)) - raft.server.rpc.request.timeout = 3000ms (default)
2024-10-11 22:06:48,500 [main] INFO  grpc.GrpcConfigKeys (ConfUtils.java:logGet(46)) - raft.grpc.server.heartbeat.channel = true (default)
2024-10-11 22:06:48,500 [main] INFO  grpc.GrpcConfigKeys (ConfUtils.java:logGet(46)) - raft.grpc.server.zerocopy.enabled = true (custom)
2024-10-11 22:06:48,500 [main] INFO  server.RaftServerConfigKeys (ConfUtils.java:logGet(46)) - raft.server.log.appender.buffer.byte-limit = 4MB (=4194304) (default)
2024-10-11 22:06:48,501 [main] INFO  grpc.GrpcConfigKeys (ConfUtils.java:logGet(46)) - raft.grpc.server.async.request.thread.pool.cached = true (default)
2024-10-11 22:06:48,501 [main] INFO  grpc.GrpcConfigKeys (ConfUtils.java:logGet(46)) - raft.grpc.server.async.request.thread.pool.size = 32 (default)
2024-10-11 22:06:48,498 [s4-groupManagement] INFO  server.RaftServer$Division (RaftServerImpl.java:<init>(257)) - s4: new RaftServerImpl for group-1AD9B673A28D:[s3|localhost:15332, s4|localhost:15336, s0|localhost:15320, s1|localhost:15324, s2|localhost:15328] with BaseStateMachine:uninitialized
2024-10-11 22:06:48,502 [s4-groupManagement] INFO  server.RaftServerConfigKeys (ConfUtils.java:logGet(46)) - raft.server.rpc.timeout.min = 150ms (default)
2024-10-11 22:06:48,502 [s4-groupManagement] INFO  server.RaftServerConfigKeys (ConfUtils.java:logGet(46)) - raft.server.rpc.timeout.max = 300ms (default)
2024-10-11 22:06:48,502 [s4-groupManagement] INFO  server.RaftServerConfigKeys (ConfUtils.java:logGet(46)) - raft.server.rpc.sleep.time = 25ms (default)
2024-10-11 22:06:48,502 [s4-groupManagement] INFO  server.RaftServerConfigKeys (ConfUtils.java:logGet(46)) - raft.server.rpc.slowness.timeout = 60s (default)
2024-10-11 22:06:48,502 [s4-groupManagement] INFO  server.RaftServerConfigKeys (ConfUtils.java:logGet(46)) - raft.server.leaderelection.leader.step-down.wait-time = 10s (default)
2024-10-11 22:06:48,502 [s4-groupManagement] INFO  server.RaftServerConfigKeys (ConfUtils.java:logGet(46)) - raft.server.leaderelection.member.majority-add = false (default)
2024-10-11 22:06:48,503 [s4-groupManagement] INFO  server.RaftServerConfigKeys (ConfUtils.java:logGet(46)) - raft.server.sleep.deviation.threshold = 300ms (default)
2024-10-11 22:06:48,503 [s4-groupManagement] INFO  server.RaftServer$Division (ServerState.java:<init>(114)) - s4@group-1AD9B673A28D: ConfigurationManager, init=conf: {index: -1, cur=peers:[s3|localhost:15332, s4|localhost:15336, s0|localhost:15320, s1|localhost:15324, s2|localhost:15328]|listeners:[], old=null}, confs=<EMPTY_MAP>
2024-10-11 22:06:48,503 [s4-groupManagement] INFO  server.RaftServerConfigKeys (ConfUtils.java:logGet(46)) - raft.server.notification.no-leader.timeout = 60s (default)
2024-10-11 22:06:48,503 [s4-groupManagement] INFO  server.RaftServerConfigKeys (ConfUtils.java:logGet(46)) - raft.server.read.timeout = 10s (default)
2024-10-11 22:06:48,503 [s4-groupManagement] INFO  server.RaftServerConfigKeys (ConfUtils.java:logGet(46)) - raft.server.retrycache.expirytime = 60s (default)
2024-10-11 22:06:48,503 [s4-groupManagement] INFO  server.RaftServerConfigKeys (ConfUtils.java:logGet(46)) - raft.server.retrycache.statistics.expirytime = 100ms (default)
2024-10-11 22:06:48,503 [s4-groupManagement] INFO  server.RaftServerConfigKeys (ConfUtils.java:logGet(46)) - raft.server.read.option = DEFAULT (default)
2024-10-11 22:06:48,503 [s4-groupManagement] INFO  server.RaftServerConfigKeys (ConfUtils.java:logGet(46)) - raft.server.read.read-after-write-consistent.write-index-cache.expiry-time = 60s (default)
2024-10-11 22:06:48,504 [s4-groupManagement] INFO  server.RaftServerConfigKeys (ConfUtils.java:logGet(46)) - raft.server.rpc.request.timeout = 3000ms (default)
2024-10-11 22:06:48,504 [s4-groupManagement] INFO  server.RaftServerConfigKeys (ConfUtils.java:logGet(46)) - raft.server.log.appender.install.snapshot.enabled = true (default)
2024-10-11 22:06:48,504 [s4-groupManagement] INFO  server.RaftServerConfigKeys (ConfUtils.java:logGet(46)) - raft.server.threadpool.server.cached = true (default)
2024-10-11 22:06:48,504 [s4-groupManagement] INFO  server.RaftServerConfigKeys (ConfUtils.java:logGet(46)) - raft.server.threadpool.server.size = 0 (default)
2024-10-11 22:06:48,504 [s4-groupManagement] INFO  server.RaftServerConfigKeys (ConfUtils.java:logGet(46)) - raft.server.threadpool.client.cached = true (default)
2024-10-11 22:06:48,504 [s4-groupManagement] INFO  server.RaftServerConfigKeys (ConfUtils.java:logGet(46)) - raft.server.threadpool.client.size = 0 (default)
2024-10-11 22:06:48,504 [main] INFO  impl.DataStreamServerImpl (ConfUtils.java:logGet(46)) - raft.datastream.type = DISABLED (default)
2024-10-11 22:06:48,504 [main] INFO  server.RaftServerConfigKeys (ConfUtils.java:logGet(46)) - raft.server.sleep.deviation.threshold = 300ms (default)
2024-10-11 22:06:48,504 [main] INFO  server.RaftServerConfigKeys (ConfUtils.java:logGet(46)) - raft.server.close.threshold = 60s (default)
2024-10-11 22:06:48,505 [main] INFO  server.RaftServerConfigKeys (ConfUtils.java:logGet(46)) - raft.server.leaderelection.leader.step-down.wait-time = 10s (default)
2024-10-11 22:06:48,505 [main] INFO  server.RaftServerConfigKeys (ConfUtils.java:logGet(46)) - raft.server.storage.dir = [/home/runner/work/ratis/ratis/ratis-test/target/test/data/30a65e24/MiniRaftClusterWithGrpc3c72539d/s0] (custom)
2024-10-11 22:06:48,505 [main] INFO  server.RaftServerConfigKeys (ConfUtils.java:logGet(46)) - raft.server.threadpool.proxy.cached = true (default)
2024-10-11 22:06:48,505 [main] INFO  server.RaftServerConfigKeys (ConfUtils.java:logGet(46)) - raft.server.threadpool.proxy.size = 0 (default)
2024-10-11 22:06:48,506 [main] INFO  server.RaftServer (RaftServerProxy.java:addNew(101)) - s0: addNew group-1AD9B673A28D:[s3|localhost:15332, s4|localhost:15336, s0|localhost:15320, s1|localhost:15324, s2|localhost:15328] returns group-1AD9B673A28D:java.util.concurrent.CompletableFuture@15f3f9cf[Not completed]
2024-10-11 22:06:48,506 [main] INFO  impl.MiniRaftCluster (MiniRaftCluster.java:newRaftServer(386)) - newRaftServer: s1, group-1AD9B673A28D:[s3|localhost:15332, s4|localhost:15336, s0|localhost:15320, s1|localhost:15324, s2|localhost:15328], format? true
2024-10-11 22:06:48,506 [main] TRACE util.FileUtils (FileUtils.java:deleteFully(305)) - deleteFully target/test/data/30a65e24/MiniRaftClusterWithGrpc3c72539d/s1
2024-10-11 22:06:48,506 [main] TRACE util.FileUtils (FileUtils.java:deleteFully(318)) - deleteFully: target/test/data/30a65e24/MiniRaftClusterWithGrpc3c72539d/s1 does not exist.
2024-10-11 22:06:48,506 [main] INFO  impl.MiniRaftCluster (MiniRaftCluster.java:newRaftServer(391)) - Formatted directory target/test/data/30a65e24/MiniRaftClusterWithGrpc3c72539d/s1
2024-10-11 22:06:48,507 [main] INFO  server.RaftServer (ConfUtils.java:logGet(46)) - raft.rpc.type = GRPC (default)
2024-10-11 22:06:48,507 [main] INFO  grpc.GrpcConfigKeys (ConfUtils.java:logFallback(53)) - raft.grpc.admin.host = null (fallback to raft.grpc.server.host)
2024-10-11 22:06:48,507 [main] INFO  grpc.GrpcConfigKeys (ConfUtils.java:logGet(46)) - raft.grpc.admin.port = 15325 (custom)
2024-10-11 22:06:48,507 [main] INFO  grpc.GrpcConfigKeys (ConfUtils.java:logFallback(53)) - raft.grpc.client.host = null (fallback to raft.grpc.server.host)
2024-10-11 22:06:48,508 [main] INFO  grpc.GrpcConfigKeys (ConfUtils.java:logGet(46)) - raft.grpc.client.port = 15326 (custom)
2024-10-11 22:06:48,508 [main] INFO  grpc.GrpcConfigKeys (ConfUtils.java:logGet(46)) - raft.grpc.server.host = null (default)
2024-10-11 22:06:48,508 [main] INFO  grpc.GrpcConfigKeys (ConfUtils.java:logGet(46)) - raft.grpc.server.port = 15324 (custom)
2024-10-11 22:06:48,508 [main] INFO  server.GrpcService (ConfUtils.java:logGet(46)) - raft.grpc.message.size.max = 64MB (=67108864) (default)
2024-10-11 22:06:48,508 [main] INFO  server.GrpcService (ConfUtils.java:logGet(46)) - raft.grpc.flow.control.window = 1MB (=1048576) (default)
2024-10-11 22:06:48,508 [main] INFO  server.RaftServerConfigKeys (ConfUtils.java:logGet(46)) - raft.server.rpc.request.timeout = 3000ms (default)
2024-10-11 22:06:48,509 [main] INFO  grpc.GrpcConfigKeys (ConfUtils.java:logGet(46)) - raft.grpc.server.heartbeat.channel = true (default)
2024-10-11 22:06:48,509 [main] INFO  grpc.GrpcConfigKeys (ConfUtils.java:logGet(46)) - raft.grpc.server.zerocopy.enabled = true (custom)
2024-10-11 22:06:48,509 [main] INFO  server.RaftServerConfigKeys (ConfUtils.java:logGet(46)) - raft.server.log.appender.buffer.byte-limit = 4MB (=4194304) (default)
2024-10-11 22:06:48,509 [main] INFO  grpc.GrpcConfigKeys (ConfUtils.java:logGet(46)) - raft.grpc.server.async.request.thread.pool.cached = true (default)
2024-10-11 22:06:48,510 [main] INFO  grpc.GrpcConfigKeys (ConfUtils.java:logGet(46)) - raft.grpc.server.async.request.thread.pool.size = 32 (default)
2024-10-11 22:06:48,509 [s0-groupManagement] INFO  server.RaftServer$Division (RaftServerImpl.java:<init>(257)) - s0: new RaftServerImpl for group-1AD9B673A28D:[s3|localhost:15332, s4|localhost:15336, s0|localhost:15320, s1|localhost:15324, s2|localhost:15328] with BaseStateMachine:uninitialized
2024-10-11 22:06:48,510 [s0-groupManagement] INFO  server.RaftServerConfigKeys (ConfUtils.java:logGet(46)) - raft.server.rpc.timeout.min = 150ms (default)
2024-10-11 22:06:48,510 [s0-groupManagement] INFO  server.RaftServerConfigKeys (ConfUtils.java:logGet(46)) - raft.server.rpc.timeout.max = 300ms (default)
2024-10-11 22:06:48,510 [s0-groupManagement] INFO  server.RaftServerConfigKeys (ConfUtils.java:logGet(46)) - raft.server.rpc.sleep.time = 25ms (default)
2024-10-11 22:06:48,511 [s0-groupManagement] INFO  server.RaftServerConfigKeys (ConfUtils.java:logGet(46)) - raft.server.rpc.slowness.timeout = 60s (default)
2024-10-11 22:06:48,511 [s0-groupManagement] INFO  server.RaftServerConfigKeys (ConfUtils.java:logGet(46)) - raft.server.leaderelection.leader.step-down.wait-time = 10s (default)
2024-10-11 22:06:48,511 [s0-groupManagement] INFO  server.RaftServerConfigKeys (ConfUtils.java:logGet(46)) - raft.server.leaderelection.member.majority-add = false (default)
2024-10-11 22:06:48,511 [s0-groupManagement] INFO  server.RaftServerConfigKeys (ConfUtils.java:logGet(46)) - raft.server.sleep.deviation.threshold = 300ms (default)
2024-10-11 22:06:48,511 [main] INFO  impl.DataStreamServerImpl (ConfUtils.java:logGet(46)) - raft.datastream.type = DISABLED (default)
2024-10-11 22:06:48,512 [main] INFO  server.RaftServerConfigKeys (ConfUtils.java:logGet(46)) - raft.server.sleep.deviation.threshold = 300ms (default)
2024-10-11 22:06:48,512 [main] INFO  server.RaftServerConfigKeys (ConfUtils.java:logGet(46)) - raft.server.close.threshold = 60s (default)
2024-10-11 22:06:48,512 [main] INFO  server.RaftServerConfigKeys (ConfUtils.java:logGet(46)) - raft.server.leaderelection.leader.step-down.wait-time = 10s (default)
2024-10-11 22:06:48,512 [s0-groupManagement] INFO  server.RaftServer$Division (ServerState.java:<init>(114)) - s0@group-1AD9B673A28D: ConfigurationManager, init=conf: {index: -1, cur=peers:[s3|localhost:15332, s4|localhost:15336, s0|localhost:15320, s1|localhost:15324, s2|localhost:15328]|listeners:[], old=null}, confs=<EMPTY_MAP>
2024-10-11 22:06:48,513 [main] INFO  server.RaftServerConfigKeys (ConfUtils.java:logGet(46)) - raft.server.storage.dir = [/home/runner/work/ratis/ratis/ratis-test/target/test/data/30a65e24/MiniRaftClusterWithGrpc3c72539d/s1] (custom)
2024-10-11 22:06:48,513 [main] INFO  server.RaftServerConfigKeys (ConfUtils.java:logGet(46)) - raft.server.threadpool.proxy.cached = true (default)
2024-10-11 22:06:48,513 [main] INFO  server.RaftServerConfigKeys (ConfUtils.java:logGet(46)) - raft.server.threadpool.proxy.size = 0 (default)
2024-10-11 22:06:48,514 [main] INFO  server.RaftServer (RaftServerProxy.java:addNew(101)) - s1: addNew group-1AD9B673A28D:[s3|localhost:15332, s4|localhost:15336, s0|localhost:15320, s1|localhost:15324, s2|localhost:15328] returns group-1AD9B673A28D:java.util.concurrent.CompletableFuture@593d0173[Not completed]
2024-10-11 22:06:48,514 [main] INFO  impl.MiniRaftCluster (MiniRaftCluster.java:newRaftServer(386)) - newRaftServer: s2, group-1AD9B673A28D:[s3|localhost:15332, s4|localhost:15336, s0|localhost:15320, s1|localhost:15324, s2|localhost:15328], format? true
2024-10-11 22:06:48,514 [main] TRACE util.FileUtils (FileUtils.java:deleteFully(305)) - deleteFully target/test/data/30a65e24/MiniRaftClusterWithGrpc3c72539d/s2
2024-10-11 22:06:48,515 [main] TRACE util.FileUtils (FileUtils.java:deleteFully(318)) - deleteFully: target/test/data/30a65e24/MiniRaftClusterWithGrpc3c72539d/s2 does not exist.
2024-10-11 22:06:48,515 [main] INFO  impl.MiniRaftCluster (MiniRaftCluster.java:newRaftServer(391)) - Formatted directory target/test/data/30a65e24/MiniRaftClusterWithGrpc3c72539d/s2
2024-10-11 22:06:48,515 [main] INFO  server.RaftServer (ConfUtils.java:logGet(46)) - raft.rpc.type = GRPC (default)
2024-10-11 22:06:48,515 [main] INFO  grpc.GrpcConfigKeys (ConfUtils.java:logFallback(53)) - raft.grpc.admin.host = null (fallback to raft.grpc.server.host)
2024-10-11 22:06:48,515 [main] INFO  grpc.GrpcConfigKeys (ConfUtils.java:logGet(46)) - raft.grpc.admin.port = 15329 (custom)
2024-10-11 22:06:48,516 [main] INFO  grpc.GrpcConfigKeys (ConfUtils.java:logFallback(53)) - raft.grpc.client.host = null (fallback to raft.grpc.server.host)
2024-10-11 22:06:48,516 [main] INFO  grpc.GrpcConfigKeys (ConfUtils.java:logGet(46)) - raft.grpc.client.port = 15330 (custom)
2024-10-11 22:06:48,516 [main] INFO  grpc.GrpcConfigKeys (ConfUtils.java:logGet(46)) - raft.grpc.server.host = null (default)
2024-10-11 22:06:48,516 [main] INFO  grpc.GrpcConfigKeys (ConfUtils.java:logGet(46)) - raft.grpc.server.port = 15328 (custom)
2024-10-11 22:06:48,516 [main] INFO  server.GrpcService (ConfUtils.java:logGet(46)) - raft.grpc.message.size.max = 64MB (=67108864) (default)
2024-10-11 22:06:48,516 [main] INFO  server.GrpcService (ConfUtils.java:logGet(46)) - raft.grpc.flow.control.window = 1MB (=1048576) (default)
2024-10-11 22:06:48,517 [main] INFO  server.RaftServerConfigKeys (ConfUtils.java:logGet(46)) - raft.server.rpc.request.timeout = 3000ms (default)
2024-10-11 22:06:48,517 [main] INFO  grpc.GrpcConfigKeys (ConfUtils.java:logGet(46)) - raft.grpc.server.heartbeat.channel = true (default)
2024-10-11 22:06:48,517 [main] INFO  grpc.GrpcConfigKeys (ConfUtils.java:logGet(46)) - raft.grpc.server.zerocopy.enabled = true (custom)
2024-10-11 22:06:48,517 [main] INFO  server.RaftServerConfigKeys (ConfUtils.java:logGet(46)) - raft.server.log.appender.buffer.byte-limit = 4MB (=4194304) (default)
2024-10-11 22:06:48,517 [main] INFO  grpc.GrpcConfigKeys (ConfUtils.java:logGet(46)) - raft.grpc.server.async.request.thread.pool.cached = true (default)
2024-10-11 22:06:48,517 [main] INFO  grpc.GrpcConfigKeys (ConfUtils.java:logGet(46)) - raft.grpc.server.async.request.thread.pool.size = 32 (default)
2024-10-11 22:06:48,519 [main] INFO  impl.DataStreamServerImpl (ConfUtils.java:logGet(46)) - raft.datastream.type = DISABLED (default)
2024-10-11 22:06:48,519 [main] INFO  server.RaftServerConfigKeys (ConfUtils.java:logGet(46)) - raft.server.sleep.deviation.threshold = 300ms (default)
2024-10-11 22:06:48,519 [main] INFO  server.RaftServerConfigKeys (ConfUtils.java:logGet(46)) - raft.server.close.threshold = 60s (default)
2024-10-11 22:06:48,519 [main] INFO  server.RaftServerConfigKeys (ConfUtils.java:logGet(46)) - raft.server.leaderelection.leader.step-down.wait-time = 10s (default)
2024-10-11 22:06:48,520 [main] INFO  server.RaftServerConfigKeys (ConfUtils.java:logGet(46)) - raft.server.storage.dir = [/home/runner/work/ratis/ratis/ratis-test/target/test/data/30a65e24/MiniRaftClusterWithGrpc3c72539d/s2] (custom)
2024-10-11 22:06:48,520 [main] INFO  server.RaftServerConfigKeys (ConfUtils.java:logGet(46)) - raft.server.threadpool.proxy.cached = true (default)
2024-10-11 22:06:48,520 [main] INFO  server.RaftServerConfigKeys (ConfUtils.java:logGet(46)) - raft.server.threadpool.proxy.size = 0 (default)
2024-10-11 22:06:48,520 [s1-groupManagement] INFO  server.RaftServer$Division (RaftServerImpl.java:<init>(257)) - s1: new RaftServerImpl for group-1AD9B673A28D:[s3|localhost:15332, s4|localhost:15336, s0|localhost:15320, s1|localhost:15324, s2|localhost:15328] with BaseStateMachine:uninitialized
2024-10-11 22:06:48,520 [s1-groupManagement] INFO  server.RaftServerConfigKeys (ConfUtils.java:logGet(46)) - raft.server.rpc.timeout.min = 150ms (default)
2024-10-11 22:06:48,520 [s1-groupManagement] INFO  server.RaftServerConfigKeys (ConfUtils.java:logGet(46)) - raft.server.rpc.timeout.max = 300ms (default)
2024-10-11 22:06:48,521 [s1-groupManagement] INFO  server.RaftServerConfigKeys (ConfUtils.java:logGet(46)) - raft.server.rpc.sleep.time = 25ms (default)
2024-10-11 22:06:48,521 [s1-groupManagement] INFO  server.RaftServerConfigKeys (ConfUtils.java:logGet(46)) - raft.server.rpc.slowness.timeout = 60s (default)
2024-10-11 22:06:48,521 [s1-groupManagement] INFO  server.RaftServerConfigKeys (ConfUtils.java:logGet(46)) - raft.server.leaderelection.leader.step-down.wait-time = 10s (default)
2024-10-11 22:06:48,521 [s1-groupManagement] INFO  server.RaftServerConfigKeys (ConfUtils.java:logGet(46)) - raft.server.leaderelection.member.majority-add = false (default)
2024-10-11 22:06:48,521 [s1-groupManagement] INFO  server.RaftServerConfigKeys (ConfUtils.java:logGet(46)) - raft.server.sleep.deviation.threshold = 300ms (default)
2024-10-11 22:06:48,521 [s1-groupManagement] INFO  server.RaftServer$Division (ServerState.java:<init>(114)) - s1@group-1AD9B673A28D: ConfigurationManager, init=conf: {index: -1, cur=peers:[s3|localhost:15332, s4|localhost:15336, s0|localhost:15320, s1|localhost:15324, s2|localhost:15328]|listeners:[], old=null}, confs=<EMPTY_MAP>
2024-10-11 22:06:48,521 [s1-groupManagement] INFO  server.RaftServerConfigKeys (ConfUtils.java:logGet(46)) - raft.server.notification.no-leader.timeout = 60s (default)
2024-10-11 22:06:48,521 [s1-groupManagement] INFO  server.RaftServerConfigKeys (ConfUtils.java:logGet(46)) - raft.server.read.timeout = 10s (default)
2024-10-11 22:06:48,521 [s1-groupManagement] INFO  server.RaftServerConfigKeys (ConfUtils.java:logGet(46)) - raft.server.retrycache.expirytime = 60s (default)
2024-10-11 22:06:48,521 [s1-groupManagement] INFO  server.RaftServerConfigKeys (ConfUtils.java:logGet(46)) - raft.server.retrycache.statistics.expirytime = 100ms (default)
2024-10-11 22:06:48,521 [s1-groupManagement] INFO  server.RaftServerConfigKeys (ConfUtils.java:logGet(46)) - raft.server.read.option = DEFAULT (default)
2024-10-11 22:06:48,522 [s1-groupManagement] INFO  server.RaftServerConfigKeys (ConfUtils.java:logGet(46)) - raft.server.read.read-after-write-consistent.write-index-cache.expiry-time = 60s (default)
2024-10-11 22:06:48,513 [s0-groupManagement] INFO  server.RaftServerConfigKeys (ConfUtils.java:logGet(46)) - raft.server.notification.no-leader.timeout = 60s (default)
2024-10-11 22:06:48,522 [s0-groupManagement] INFO  server.RaftServerConfigKeys (ConfUtils.java:logGet(46)) - raft.server.read.timeout = 10s (default)
2024-10-11 22:06:48,522 [s1-groupManagement] INFO  server.RaftServerConfigKeys (ConfUtils.java:logGet(46)) - raft.server.rpc.request.timeout = 3000ms (default)
2024-10-11 22:06:48,522 [s0-groupManagement] INFO  server.RaftServerConfigKeys (ConfUtils.java:logGet(46)) - raft.server.retrycache.expirytime = 60s (default)
2024-10-11 22:06:48,522 [s1-groupManagement] INFO  server.RaftServerConfigKeys (ConfUtils.java:logGet(46)) - raft.server.log.appender.install.snapshot.enabled = true (default)
2024-10-11 22:06:48,522 [s0-groupManagement] INFO  server.RaftServerConfigKeys (ConfUtils.java:logGet(46)) - raft.server.retrycache.statistics.expirytime = 100ms (default)
2024-10-11 22:06:48,523 [s1-groupManagement] INFO  server.RaftServerConfigKeys (ConfUtils.java:logGet(46)) - raft.server.threadpool.server.cached = true (default)
2024-10-11 22:06:48,523 [s0-groupManagement] INFO  server.RaftServerConfigKeys (ConfUtils.java:logGet(46)) - raft.server.read.option = DEFAULT (default)
2024-10-11 22:06:48,523 [s0-groupManagement] INFO  server.RaftServerConfigKeys (ConfUtils.java:logGet(46)) - raft.server.read.read-after-write-consistent.write-index-cache.expiry-time = 60s (default)
2024-10-11 22:06:48,523 [s1-groupManagement] INFO  server.RaftServerConfigKeys (ConfUtils.java:logGet(46)) - raft.server.threadpool.server.size = 0 (default)
2024-10-11 22:06:48,523 [s1-groupManagement] INFO  server.RaftServerConfigKeys (ConfUtils.java:logGet(46)) - raft.server.threadpool.client.cached = true (default)
2024-10-11 22:06:48,523 [s1-groupManagement] INFO  server.RaftServerConfigKeys (ConfUtils.java:logGet(46)) - raft.server.threadpool.client.size = 0 (default)
2024-10-11 22:06:48,524 [s0-groupManagement] INFO  server.RaftServerConfigKeys (ConfUtils.java:logGet(46)) - raft.server.rpc.request.timeout = 3000ms (default)
2024-10-11 22:06:48,524 [s0-groupManagement] INFO  server.RaftServerConfigKeys (ConfUtils.java:logGet(46)) - raft.server.log.appender.install.snapshot.enabled = true (default)
2024-10-11 22:06:48,524 [s0-groupManagement] INFO  server.RaftServerConfigKeys (ConfUtils.java:logGet(46)) - raft.server.threadpool.server.cached = true (default)
2024-10-11 22:06:48,524 [s0-groupManagement] INFO  server.RaftServerConfigKeys (ConfUtils.java:logGet(46)) - raft.server.threadpool.server.size = 0 (default)
2024-10-11 22:06:48,524 [s0-groupManagement] INFO  server.RaftServerConfigKeys (ConfUtils.java:logGet(46)) - raft.server.threadpool.client.cached = true (default)
2024-10-11 22:06:48,524 [s0-groupManagement] INFO  server.RaftServerConfigKeys (ConfUtils.java:logGet(46)) - raft.server.threadpool.client.size = 0 (default)
2024-10-11 22:06:48,526 [main] INFO  server.RaftServer (RaftServerProxy.java:addNew(101)) - s2: addNew group-1AD9B673A28D:[s3|localhost:15332, s4|localhost:15336, s0|localhost:15320, s1|localhost:15324, s2|localhost:15328] returns group-1AD9B673A28D:java.util.concurrent.CompletableFuture@53f18591[Not completed]
2024-10-11 22:06:48,526 [s2-groupManagement] INFO  server.RaftServer$Division (RaftServerImpl.java:<init>(257)) - s2: new RaftServerImpl for group-1AD9B673A28D:[s3|localhost:15332, s4|localhost:15336, s0|localhost:15320, s1|localhost:15324, s2|localhost:15328] with BaseStateMachine:uninitialized
2024-10-11 22:06:48,527 [s3-impl-thread1] INFO  server.RaftServerConfigKeys (ConfUtils.java:logGet(46)) - raft.server.storage.free-space.min = 0MB (=0) (default)
2024-10-11 22:06:48,527 [s3-impl-thread1] INFO  server.RaftServerConfigKeys (ConfUtils.java:logGet(46)) - raft.server.log.corruption.policy = EXCEPTION (default)
2024-10-11 22:06:48,527 [s2-groupManagement] INFO  server.RaftServerConfigKeys (ConfUtils.java:logGet(46)) - raft.server.rpc.timeout.min = 150ms (default)
2024-10-11 22:06:48,527 [s2-groupManagement] INFO  server.RaftServerConfigKeys (ConfUtils.java:logGet(46)) - raft.server.rpc.timeout.max = 300ms (default)
2024-10-11 22:06:48,527 [s3-impl-thread1] INFO  server.RaftServerConfigKeys (ConfUtils.java:logGet(46)) - raft.server.storage.dir = [/home/runner/work/ratis/ratis/ratis-test/target/test/data/30a65e24/MiniRaftClusterWithGrpc3c72539d/s3] (custom)
2024-10-11 22:06:48,527 [s3-impl-thread1] INFO  storage.RaftStorageDirectory (RaftStorageDirectoryImpl.java:analyzeStorage(138)) - The storage directory /home/runner/work/ratis/ratis/ratis-test/target/test/data/30a65e24/MiniRaftClusterWithGrpc3c72539d/s3/d6644593-8c1d-4974-ad56-1ad9b673a28d does not exist. Creating ...
2024-10-11 22:06:48,528 [s3-impl-thread1] TRACE util.FileUtils (LogUtils.java:runAndLog(49)) - Successfully ran Files.createDirectories /home/runner/work/ratis/ratis/ratis-test/target/test/data/30a65e24/MiniRaftClusterWithGrpc3c72539d/s3/d6644593-8c1d-4974-ad56-1ad9b673a28d
2024-10-11 22:06:48,527 [s2-groupManagement] INFO  server.RaftServerConfigKeys (ConfUtils.java:logGet(46)) - raft.server.rpc.sleep.time = 25ms (default)
2024-10-11 22:06:48,528 [s2-groupManagement] INFO  server.RaftServerConfigKeys (ConfUtils.java:logGet(46)) - raft.server.rpc.slowness.timeout = 60s (default)
2024-10-11 22:06:48,528 [s2-groupManagement] INFO  server.RaftServerConfigKeys (ConfUtils.java:logGet(46)) - raft.server.leaderelection.leader.step-down.wait-time = 10s (default)
2024-10-11 22:06:48,528 [s2-groupManagement] INFO  server.RaftServerConfigKeys (ConfUtils.java:logGet(46)) - raft.server.leaderelection.member.majority-add = false (default)
2024-10-11 22:06:48,529 [s2-groupManagement] INFO  server.RaftServerConfigKeys (ConfUtils.java:logGet(46)) - raft.server.sleep.deviation.threshold = 300ms (default)
2024-10-11 22:06:48,529 [s3-impl-thread1] INFO  storage.RaftStorageDirectory (RaftStorageDirectoryImpl.java:tryLock(229)) - Lock on /home/runner/work/ratis/ratis/ratis-test/target/test/data/30a65e24/MiniRaftClusterWithGrpc3c72539d/s3/d6644593-8c1d-4974-ad56-1ad9b673a28d/in_use.lock acquired by nodename 10193@fv-az884-730
2024-10-11 22:06:48,529 [s2-groupManagement] INFO  server.RaftServer$Division (ServerState.java:<init>(114)) - s2@group-1AD9B673A28D: ConfigurationManager, init=conf: {index: -1, cur=peers:[s3|localhost:15332, s4|localhost:15336, s0|localhost:15320, s1|localhost:15324, s2|localhost:15328]|listeners:[], old=null}, confs=<EMPTY_MAP>
2024-10-11 22:06:48,529 [s3-impl-thread1] TRACE util.FileUtils (LogUtils.java:runAndLog(49)) - Successfully ran Files.createDirectories /home/runner/work/ratis/ratis/ratis-test/target/test/data/30a65e24/MiniRaftClusterWithGrpc3c72539d/s3/d6644593-8c1d-4974-ad56-1ad9b673a28d/current
2024-10-11 22:06:48,529 [s2-groupManagement] INFO  server.RaftServerConfigKeys (ConfUtils.java:logGet(46)) - raft.server.notification.no-leader.timeout = 60s (default)
2024-10-11 22:06:48,529 [s3-impl-thread1] TRACE util.FileUtils (LogUtils.java:runAndLog(49)) - Successfully ran Files.createDirectories /home/runner/work/ratis/ratis/ratis-test/target/test/data/30a65e24/MiniRaftClusterWithGrpc3c72539d/s3/d6644593-8c1d-4974-ad56-1ad9b673a28d/sm
2024-10-11 22:06:48,529 [s2-groupManagement] INFO  server.RaftServerConfigKeys (ConfUtils.java:logGet(46)) - raft.server.read.timeout = 10s (default)
2024-10-11 22:06:48,529 [s2-groupManagement] INFO  server.RaftServerConfigKeys (ConfUtils.java:logGet(46)) - raft.server.retrycache.expirytime = 60s (default)
2024-10-11 22:06:48,529 [s2-groupManagement] INFO  server.RaftServerConfigKeys (ConfUtils.java:logGet(46)) - raft.server.retrycache.statistics.expirytime = 100ms (default)
2024-10-11 22:06:48,529 [s3-impl-thread1] TRACE util.FileUtils (LogUtils.java:supplyAndLog(69)) - Successfully supplied FileChannel.open /home/runner/work/ratis/ratis/ratis-test/target/test/data/30a65e24/MiniRaftClusterWithGrpc3c72539d/s3/d6644593-8c1d-4974-ad56-1ad9b673a28d/current/raft-meta.tmp with options [CREATE, WRITE]: sun.nio.ch.FileChannelImpl@78d7478b
2024-10-11 22:06:48,529 [s2-groupManagement] INFO  server.RaftServerConfigKeys (ConfUtils.java:logGet(46)) - raft.server.read.option = DEFAULT (default)
2024-10-11 22:06:48,529 [s2-groupManagement] INFO  server.RaftServerConfigKeys (ConfUtils.java:logGet(46)) - raft.server.read.read-after-write-consistent.write-index-cache.expiry-time = 60s (default)
2024-10-11 22:06:48,530 [s2-groupManagement] INFO  server.RaftServerConfigKeys (ConfUtils.java:logGet(46)) - raft.server.rpc.request.timeout = 3000ms (default)
2024-10-11 22:06:48,530 [s2-groupManagement] INFO  server.RaftServerConfigKeys (ConfUtils.java:logGet(46)) - raft.server.log.appender.install.snapshot.enabled = true (default)
2024-10-11 22:06:48,530 [s2-groupManagement] INFO  server.RaftServerConfigKeys (ConfUtils.java:logGet(46)) - raft.server.threadpool.server.cached = true (default)
2024-10-11 22:06:48,530 [s2-groupManagement] INFO  server.RaftServerConfigKeys (ConfUtils.java:logGet(46)) - raft.server.threadpool.server.size = 0 (default)
2024-10-11 22:06:48,530 [s2-groupManagement] INFO  server.RaftServerConfigKeys (ConfUtils.java:logGet(46)) - raft.server.threadpool.client.cached = true (default)
2024-10-11 22:06:48,531 [s2-groupManagement] INFO  server.RaftServerConfigKeys (ConfUtils.java:logGet(46)) - raft.server.threadpool.client.size = 0 (default)
2024-10-11 22:06:48,531 [s3-impl-thread1] TRACE util.FileUtils (LogUtils.java:runAndLog(49)) - Successfully ran Atomic Files.move /home/runner/work/ratis/ratis/ratis-test/target/test/data/30a65e24/MiniRaftClusterWithGrpc3c72539d/s3/d6644593-8c1d-4974-ad56-1ad9b673a28d/current/raft-meta.tmp to /home/runner/work/ratis/ratis/ratis-test/target/test/data/30a65e24/MiniRaftClusterWithGrpc3c72539d/s3/d6644593-8c1d-4974-ad56-1ad9b673a28d/current/raft-meta with options [REPLACE_EXISTING]
2024-10-11 22:06:48,531 [s3-impl-thread1] INFO  storage.RaftStorage (RaftStorageImpl.java:format(98)) - Storage directory /home/runner/work/ratis/ratis/ratis-test/target/test/data/30a65e24/MiniRaftClusterWithGrpc3c72539d/s3/d6644593-8c1d-4974-ad56-1ad9b673a28d has been successfully formatted.
2024-10-11 22:06:48,531 [s3-impl-thread1] INFO  server.RaftServerConfigKeys (ConfUtils.java:logGet(46)) - raft.server.log.use.memory = false (default)
2024-10-11 22:06:48,531 [s3-impl-thread1] INFO  server.RaftServerConfigKeys (ConfUtils.java:logGet(46)) - raft.server.log.purge.gap = 1024 (default)
2024-10-11 22:06:48,531 [s3-impl-thread1] INFO  server.RaftServerConfigKeys (ConfUtils.java:logGet(46)) - raft.server.log.appender.buffer.byte-limit = 4MB (=4194304) (default)
2024-10-11 22:06:48,531 [s3-impl-thread1] INFO  server.RaftServerConfigKeys (ConfUtils.java:logGet(46)) - raft.server.log.statemachine.data.read.timeout = 1000ms (default)
2024-10-11 22:06:48,531 [s3-impl-thread1] INFO  server.RaftServerConfigKeys (ConfUtils.java:logGet(46)) - raft.server.log.purge.preservation.log.num = 0 (default)
2024-10-11 22:06:48,532 [s3-impl-thread1] INFO  server.RaftServerConfigKeys (ConfUtils.java:logGet(46)) - raft.server.log.segment.size.max = 32MB (=33554432) (default)
2024-10-11 22:06:48,532 [s3-impl-thread1] INFO  server.RaftServerConfigKeys (ConfUtils.java:logGet(46)) - raft.server.log.segment.cache.num.max = 6 (default)
2024-10-11 22:06:48,532 [s3-impl-thread1] INFO  server.RaftServerConfigKeys (ConfUtils.java:logGet(46)) - raft.server.log.segment.cache.size.max = 200MB (=209715200) (default)
2024-10-11 22:06:48,532 [s3-impl-thread1] INFO  server.RaftServerConfigKeys (ConfUtils.java:logGet(46)) - raft.server.log.appender.buffer.byte-limit = 4MB (=4194304) (default)
2024-10-11 22:06:48,532 [s3-impl-thread1] INFO  util.AwaitToRun (AwaitToRun.java:start(81)) - Thread[s3@group-1AD9B673A28D-cacheEviction-AwaitToRun,5,main] started
2024-10-11 22:06:48,532 [s3-impl-thread1] INFO  segmented.SegmentedRaftLogWorker (SegmentedRaftLogWorker.java:<init>(188)) - new s3@group-1AD9B673A28D-SegmentedRaftLogWorker for RaftStorageImpl:Storage Directory /home/runner/work/ratis/ratis/ratis-test/target/test/data/30a65e24/MiniRaftClusterWithGrpc3c72539d/s3/d6644593-8c1d-4974-ad56-1ad9b673a28d
2024-10-11 22:06:48,532 [s3-impl-thread1] INFO  server.RaftServerConfigKeys (ConfUtils.java:logGet(46)) - raft.server.log.queue.byte-limit = 64MB (=67108864) (default)
2024-10-11 22:06:48,532 [s3-impl-thread1] INFO  server.RaftServerConfigKeys (ConfUtils.java:logGet(46)) - raft.server.log.queue.element-limit = 4096 (default)
2024-10-11 22:06:48,532 [s3-impl-thread1] INFO  server.RaftServerConfigKeys (ConfUtils.java:logGet(46)) - raft.server.log.segment.size.max = 32MB (=33554432) (default)
2024-10-11 22:06:48,532 [s3-impl-thread1] INFO  server.RaftServerConfigKeys (ConfUtils.java:logGet(46)) - raft.server.log.preallocated.size = 4MB (=4194304) (default)
2024-10-11 22:06:48,532 [s3-impl-thread1] INFO  server.RaftServerConfigKeys (ConfUtils.java:logGet(46)) - raft.server.log.force.sync.num = 128 (default)
2024-10-11 22:06:48,532 [s3-impl-thread1] INFO  server.RaftServerConfigKeys (ConfUtils.java:logGet(46)) - raft.server.log.statemachine.data.sync = true (default)
2024-10-11 22:06:48,532 [s3-impl-thread1] INFO  server.RaftServerConfigKeys (ConfUtils.java:logGet(46)) - raft.server.log.statemachine.data.sync.timeout = 10s (default)
2024-10-11 22:06:48,532 [s3-impl-thread1] INFO  server.RaftServerConfigKeys (ConfUtils.java:logGet(46)) - raft.server.log.statemachine.data.sync.timeout.retry = -1 (default)
2024-10-11 22:06:48,532 [s3-impl-thread1] INFO  server.RaftServerConfigKeys (ConfUtils.java:logGet(46)) - raft.server.log.write.buffer.size = 8MB (=8388608) (default)
2024-10-11 22:06:48,533 [s3-impl-thread1] INFO  server.RaftServerConfigKeys (ConfUtils.java:logGet(46)) - raft.server.log.appender.buffer.byte-limit = 4MB (=4194304) (default)
2024-10-11 22:06:48,533 [s3-impl-thread1] INFO  server.RaftServerConfigKeys (ConfUtils.java:logGet(46)) - raft.server.log.unsafe-flush.enabled = false (default)
2024-10-11 22:06:48,533 [s3-impl-thread1] INFO  server.RaftServerConfigKeys (ConfUtils.java:logGet(46)) - raft.server.log.async-flush.enabled = false (default)
2024-10-11 22:06:48,533 [s3-impl-thread1] INFO  server.RaftServerConfigKeys (ConfUtils.java:logGet(46)) - raft.server.log.statemachine.data.caching.enabled = false (default)
2024-10-11 22:06:48,533 [s3-impl-thread1] INFO  segmented.SegmentedRaftLogWorker (SegmentedRaftLogWorker.java:lambda$new$0(139)) - s3@group-1AD9B673A28D-SegmentedRaftLogWorker: flushIndex: setUnconditionally 0 -> -1
2024-10-11 22:06:48,533 [s3-impl-thread1] INFO  segmented.SegmentedRaftLogWorker (SegmentedRaftLogWorker.java:lambda$new$0(139)) - s3@group-1AD9B673A28D-SegmentedRaftLogWorker: safeCacheEvictIndex: setUnconditionally 0 -> -1
2024-10-11 22:06:48,534 [s3-impl-thread1] INFO  server.RaftServer$Division (RaftServerImpl.java:start(393)) - s3@group-1AD9B673A28D: start as a follower, conf=conf: {index: -1, cur=peers:[s3|localhost:15332, s4|localhost:15336, s0|localhost:15320, s1|localhost:15324, s2|localhost:15328]|listeners:[], old=null}
2024-10-11 22:06:48,534 [s3-impl-thread1] INFO  server.RaftServer$Division (RaftServerImpl.java:setRole(380)) - s3@group-1AD9B673A28D: changes role from      null to FOLLOWER at term 0 for startAsFollower
2024-10-11 22:06:48,534 [s3-impl-thread1] INFO  impl.RoleInfo (RoleInfo.java:updateAndGet(148)) - s3: start s3@group-1AD9B673A28D-FollowerState
2024-10-11 22:06:48,538 [s3@group-1AD9B673A28D-FollowerState] INFO  server.RaftServerConfigKeys (ConfUtils.java:logFallback(53)) - raft.server.rpc.first-election.timeout.min = 150ms (fallback to raft.server.rpc.timeout.min)
2024-10-11 22:06:48,538 [s3@group-1AD9B673A28D-FollowerState] INFO  server.RaftServerConfigKeys (ConfUtils.java:logFallback(53)) - raft.server.rpc.first-election.timeout.max = 300ms (fallback to raft.server.rpc.timeout.max)
2024-10-11 22:06:48,539 [s3-impl-thread1] INFO  util.JmxRegister (JmxRegister.java:tryRegister(44)) - Successfully registered JMX Bean with object name Ratis:service=RaftServer,group=group-1AD9B673A28D,id=s3
2024-10-11 22:06:48,539 [s3-impl-thread1] INFO  util.JmxRegister (JmxRegister.java:register(58)) - register mxBean class org.apache.ratis.server.impl.RaftServerJmxAdapter as Ratis:service=RaftServer,group=group-1AD9B673A28D,id=s3
2024-10-11 22:06:48,539 [s3-impl-thread1] INFO  server.RaftServerConfigKeys (ConfUtils.java:logGet(46)) - raft.server.snapshot.trigger-when-stop.enabled = true (default)
2024-10-11 22:06:48,539 [s3-impl-thread1] INFO  server.RaftServerConfigKeys (ConfUtils.java:logGet(46)) - raft.server.snapshot.trigger-when-remove.enabled = true (default)
2024-10-11 22:06:48,539 [s3-impl-thread1] INFO  server.RaftServerConfigKeys (ConfUtils.java:logGet(46)) - raft.server.snapshot.auto.trigger.enabled = false (default)
2024-10-11 22:06:48,539 [s3-impl-thread1] INFO  server.RaftServerConfigKeys (ConfUtils.java:logGet(46)) - raft.server.snapshot.retention.file.num = -1 (default)
2024-10-11 22:06:48,539 [s3-impl-thread1] INFO  server.RaftServerConfigKeys (ConfUtils.java:logGet(46)) - raft.server.log.purge.upto.snapshot.index = false (default)
2024-10-11 22:06:48,541 [s3-impl-thread1] INFO  server.RaftServer$Division (RaftServerImpl.java:start(407)) - s3@group-1AD9B673A28D: Successfully started.
2024-10-11 22:06:48,541 [main] INFO  server.RaftServer (RaftServerProxy.java:startImpl(408)) - s3: start RPC server
2024-10-11 22:06:48,541 [main] INFO  server.GrpcService (GrpcService.java:startImpl(341)) - s3: GrpcService started, listening on 15334
2024-10-11 22:06:48,542 [main] INFO  server.GrpcService (GrpcService.java:startImpl(341)) - s3: GrpcService started, listening on 15332
2024-10-11 22:06:48,542 [main] INFO  server.GrpcService (GrpcService.java:startImpl(341)) - s3: GrpcService started, listening on 15333
2024-10-11 22:06:48,543 [JvmPauseMonitor80] INFO  util.JvmPauseMonitor (JvmPauseMonitor.java:run(146)) - JvmPauseMonitor-s3: Started
2024-10-11 22:06:48,543 [s4-impl-thread1] INFO  server.RaftServerConfigKeys (ConfUtils.java:logGet(46)) - raft.server.storage.free-space.min = 0MB (=0) (default)
2024-10-11 22:06:48,543 [s4-impl-thread1] INFO  server.RaftServerConfigKeys (ConfUtils.java:logGet(46)) - raft.server.log.corruption.policy = EXCEPTION (default)
2024-10-11 22:06:48,543 [s4-impl-thread1] INFO  server.RaftServerConfigKeys (ConfUtils.java:logGet(46)) - raft.server.storage.dir = [/home/runner/work/ratis/ratis/ratis-test/target/test/data/30a65e24/MiniRaftClusterWithGrpc3c72539d/s4] (custom)
2024-10-11 22:06:48,543 [s4-impl-thread1] INFO  storage.RaftStorageDirectory (RaftStorageDirectoryImpl.java:analyzeStorage(138)) - The storage directory /home/runner/work/ratis/ratis/ratis-test/target/test/data/30a65e24/MiniRaftClusterWithGrpc3c72539d/s4/d6644593-8c1d-4974-ad56-1ad9b673a28d does not exist. Creating ...
2024-10-11 22:06:48,544 [s4-impl-thread1] TRACE util.FileUtils (LogUtils.java:runAndLog(49)) - Successfully ran Files.createDirectories /home/runner/work/ratis/ratis/ratis-test/target/test/data/30a65e24/MiniRaftClusterWithGrpc3c72539d/s4/d6644593-8c1d-4974-ad56-1ad9b673a28d
2024-10-11 22:06:48,544 [s4-impl-thread1] INFO  storage.RaftStorageDirectory (RaftStorageDirectoryImpl.java:tryLock(229)) - Lock on /home/runner/work/ratis/ratis/ratis-test/target/test/data/30a65e24/MiniRaftClusterWithGrpc3c72539d/s4/d6644593-8c1d-4974-ad56-1ad9b673a28d/in_use.lock acquired by nodename 10193@fv-az884-730
2024-10-11 22:06:48,544 [s4-impl-thread1] TRACE util.FileUtils (LogUtils.java:runAndLog(49)) - Successfully ran Files.createDirectories /home/runner/work/ratis/ratis/ratis-test/target/test/data/30a65e24/MiniRaftClusterWithGrpc3c72539d/s4/d6644593-8c1d-4974-ad56-1ad9b673a28d/current
2024-10-11 22:06:48,545 [s4-impl-thread1] TRACE util.FileUtils (LogUtils.java:runAndLog(49)) - Successfully ran Files.createDirectories /home/runner/work/ratis/ratis/ratis-test/target/test/data/30a65e24/MiniRaftClusterWithGrpc3c72539d/s4/d6644593-8c1d-4974-ad56-1ad9b673a28d/sm
2024-10-11 22:06:48,545 [s4-impl-thread1] TRACE util.FileUtils (LogUtils.java:supplyAndLog(69)) - Successfully supplied FileChannel.open /home/runner/work/ratis/ratis/ratis-test/target/test/data/30a65e24/MiniRaftClusterWithGrpc3c72539d/s4/d6644593-8c1d-4974-ad56-1ad9b673a28d/current/raft-meta.tmp with options [CREATE, WRITE]: sun.nio.ch.FileChannelImpl@7bcf78cc
2024-10-11 22:06:48,546 [s4-impl-thread1] TRACE util.FileUtils (LogUtils.java:runAndLog(49)) - Successfully ran Atomic Files.move /home/runner/work/ratis/ratis/ratis-test/target/test/data/30a65e24/MiniRaftClusterWithGrpc3c72539d/s4/d6644593-8c1d-4974-ad56-1ad9b673a28d/current/raft-meta.tmp to /home/runner/work/ratis/ratis/ratis-test/target/test/data/30a65e24/MiniRaftClusterWithGrpc3c72539d/s4/d6644593-8c1d-4974-ad56-1ad9b673a28d/current/raft-meta with options [REPLACE_EXISTING]
2024-10-11 22:06:48,546 [s4-impl-thread1] INFO  storage.RaftStorage (RaftStorageImpl.java:format(98)) - Storage directory /home/runner/work/ratis/ratis/ratis-test/target/test/data/30a65e24/MiniRaftClusterWithGrpc3c72539d/s4/d6644593-8c1d-4974-ad56-1ad9b673a28d has been successfully formatted.
2024-10-11 22:06:48,546 [s4-impl-thread1] INFO  server.RaftServerConfigKeys (ConfUtils.java:logGet(46)) - raft.server.log.use.memory = false (default)
2024-10-11 22:06:48,546 [s4-impl-thread1] INFO  server.RaftServerConfigKeys (ConfUtils.java:logGet(46)) - raft.server.log.purge.gap = 1024 (default)
2024-10-11 22:06:48,546 [s4-impl-thread1] INFO  server.RaftServerConfigKeys (ConfUtils.java:logGet(46)) - raft.server.log.appender.buffer.byte-limit = 4MB (=4194304) (default)
2024-10-11 22:06:48,546 [s4-impl-thread1] INFO  server.RaftServerConfigKeys (ConfUtils.java:logGet(46)) - raft.server.log.statemachine.data.read.timeout = 1000ms (default)
2024-10-11 22:06:48,546 [s4-impl-thread1] INFO  server.RaftServerConfigKeys (ConfUtils.java:logGet(46)) - raft.server.log.purge.preservation.log.num = 0 (default)
2024-10-11 22:06:48,547 [s4-impl-thread1] INFO  server.RaftServerConfigKeys (ConfUtils.java:logGet(46)) - raft.server.log.segment.size.max = 32MB (=33554432) (default)
2024-10-11 22:06:48,547 [s4-impl-thread1] INFO  server.RaftServerConfigKeys (ConfUtils.java:logGet(46)) - raft.server.log.segment.cache.num.max = 6 (default)
2024-10-11 22:06:48,547 [s4-impl-thread1] INFO  server.RaftServerConfigKeys (ConfUtils.java:logGet(46)) - raft.server.log.segment.cache.size.max = 200MB (=209715200) (default)
2024-10-11 22:06:48,547 [s4-impl-thread1] INFO  server.RaftServerConfigKeys (ConfUtils.java:logGet(46)) - raft.server.log.appender.buffer.byte-limit = 4MB (=4194304) (default)
2024-10-11 22:06:48,547 [s4-impl-thread1] INFO  util.AwaitToRun (AwaitToRun.java:start(81)) - Thread[s4@group-1AD9B673A28D-cacheEviction-AwaitToRun,5,main] started
2024-10-11 22:06:48,547 [s4-impl-thread1] INFO  segmented.SegmentedRaftLogWorker (SegmentedRaftLogWorker.java:<init>(188)) - new s4@group-1AD9B673A28D-SegmentedRaftLogWorker for RaftStorageImpl:Storage Directory /home/runner/work/ratis/ratis/ratis-test/target/test/data/30a65e24/MiniRaftClusterWithGrpc3c72539d/s4/d6644593-8c1d-4974-ad56-1ad9b673a28d
2024-10-11 22:06:48,547 [s4-impl-thread1] INFO  server.RaftServerConfigKeys (ConfUtils.java:logGet(46)) - raft.server.log.queue.byte-limit = 64MB (=67108864) (default)
2024-10-11 22:06:48,547 [s4-impl-thread1] INFO  server.RaftServerConfigKeys (ConfUtils.java:logGet(46)) - raft.server.log.queue.element-limit = 4096 (default)
2024-10-11 22:06:48,547 [s4-impl-thread1] INFO  server.RaftServerConfigKeys (ConfUtils.java:logGet(46)) - raft.server.log.segment.size.max = 32MB (=33554432) (default)
2024-10-11 22:06:48,547 [s4-impl-thread1] INFO  server.RaftServerConfigKeys (ConfUtils.java:logGet(46)) - raft.server.log.preallocated.size = 4MB (=4194304) (default)
2024-10-11 22:06:48,548 [s4-impl-thread1] INFO  server.RaftServerConfigKeys (ConfUtils.java:logGet(46)) - raft.server.log.force.sync.num = 128 (default)
2024-10-11 22:06:48,548 [s4-impl-thread1] INFO  server.RaftServerConfigKeys (ConfUtils.java:logGet(46)) - raft.server.log.statemachine.data.sync = true (default)
2024-10-11 22:06:48,548 [s4-impl-thread1] INFO  server.RaftServerConfigKeys (ConfUtils.java:logGet(46)) - raft.server.log.statemachine.data.sync.timeout = 10s (default)
2024-10-11 22:06:48,548 [s4-impl-thread1] INFO  server.RaftServerConfigKeys (ConfUtils.java:logGet(46)) - raft.server.log.statemachine.data.sync.timeout.retry = -1 (default)
2024-10-11 22:06:48,548 [s4-impl-thread1] INFO  server.RaftServerConfigKeys (ConfUtils.java:logGet(46)) - raft.server.log.write.buffer.size = 8MB (=8388608) (default)
2024-10-11 22:06:48,550 [s4-impl-thread1] INFO  server.RaftServerConfigKeys (ConfUtils.java:logGet(46)) - raft.server.log.appender.buffer.byte-limit = 4MB (=4194304) (default)
2024-10-11 22:06:48,550 [s4-impl-thread1] INFO  server.RaftServerConfigKeys (ConfUtils.java:logGet(46)) - raft.server.log.unsafe-flush.enabled = false (default)
2024-10-11 22:06:48,550 [s4-impl-thread1] INFO  server.RaftServerConfigKeys (ConfUtils.java:logGet(46)) - raft.server.log.async-flush.enabled = false (default)
2024-10-11 22:06:48,550 [s4-impl-thread1] INFO  server.RaftServerConfigKeys (ConfUtils.java:logGet(46)) - raft.server.log.statemachine.data.caching.enabled = false (default)
2024-10-11 22:06:48,550 [s4-impl-thread1] INFO  segmented.SegmentedRaftLogWorker (SegmentedRaftLogWorker.java:lambda$new$0(139)) - s4@group-1AD9B673A28D-SegmentedRaftLogWorker: flushIndex: setUnconditionally 0 -> -1
2024-10-11 22:06:48,551 [s4-impl-thread1] INFO  segmented.SegmentedRaftLogWorker (SegmentedRaftLogWorker.java:lambda$new$0(139)) - s4@group-1AD9B673A28D-SegmentedRaftLogWorker: safeCacheEvictIndex: setUnconditionally 0 -> -1
2024-10-11 22:06:48,551 [s4-impl-thread1] INFO  server.RaftServer$Division (RaftServerImpl.java:start(393)) - s4@group-1AD9B673A28D: start as a follower, conf=conf: {index: -1, cur=peers:[s3|localhost:15332, s4|localhost:15336, s0|localhost:15320, s1|localhost:15324, s2|localhost:15328]|listeners:[], old=null}
2024-10-11 22:06:48,551 [s4-impl-thread1] INFO  server.RaftServer$Division (RaftServerImpl.java:setRole(380)) - s4@group-1AD9B673A28D: changes role from      null to FOLLOWER at term 0 for startAsFollower
2024-10-11 22:06:48,551 [s4-impl-thread1] INFO  impl.RoleInfo (RoleInfo.java:updateAndGet(148)) - s4: start s4@group-1AD9B673A28D-FollowerState
2024-10-11 22:06:48,551 [s4-impl-thread1] INFO  util.JmxRegister (JmxRegister.java:tryRegister(44)) - Successfully registered JMX Bean with object name Ratis:service=RaftServer,group=group-1AD9B673A28D,id=s4
2024-10-11 22:06:48,551 [s4-impl-thread1] INFO  util.JmxRegister (JmxRegister.java:register(58)) - register mxBean class org.apache.ratis.server.impl.RaftServerJmxAdapter as Ratis:service=RaftServer,group=group-1AD9B673A28D,id=s4
2024-10-11 22:06:48,551 [s4-impl-thread1] INFO  server.RaftServerConfigKeys (ConfUtils.java:logGet(46)) - raft.server.snapshot.trigger-when-stop.enabled = true (default)
2024-10-11 22:06:48,551 [s4-impl-thread1] INFO  server.RaftServerConfigKeys (ConfUtils.java:logGet(46)) - raft.server.snapshot.trigger-when-remove.enabled = true (default)
2024-10-11 22:06:48,551 [s4-impl-thread1] INFO  server.RaftServerConfigKeys (ConfUtils.java:logGet(46)) - raft.server.snapshot.auto.trigger.enabled = false (default)
2024-10-11 22:06:48,552 [s4-impl-thread1] INFO  server.RaftServerConfigKeys (ConfUtils.java:logGet(46)) - raft.server.snapshot.retention.file.num = -1 (default)
2024-10-11 22:06:48,552 [s4-impl-thread1] INFO  server.RaftServerConfigKeys (ConfUtils.java:logGet(46)) - raft.server.log.purge.upto.snapshot.index = false (default)
2024-10-11 22:06:48,552 [s4@group-1AD9B673A28D-FollowerState] INFO  server.RaftServerConfigKeys (ConfUtils.java:logFallback(53)) - raft.server.rpc.first-election.timeout.min = 150ms (fallback to raft.server.rpc.timeout.min)
2024-10-11 22:06:48,552 [s4@group-1AD9B673A28D-FollowerState] INFO  server.RaftServerConfigKeys (ConfUtils.java:logFallback(53)) - raft.server.rpc.first-election.timeout.max = 300ms (fallback to raft.server.rpc.timeout.max)
2024-10-11 22:06:48,554 [s4-impl-thread1] INFO  server.RaftServer$Division (RaftServerImpl.java:start(407)) - s4@group-1AD9B673A28D: Successfully started.
2024-10-11 22:06:48,554 [main] INFO  server.RaftServer (RaftServerProxy.java:startImpl(408)) - s4: start RPC server
2024-10-11 22:06:48,555 [main] INFO  server.GrpcService (GrpcService.java:startImpl(341)) - s4: GrpcService started, listening on 15338
2024-10-11 22:06:48,555 [main] INFO  server.GrpcService (GrpcService.java:startImpl(341)) - s4: GrpcService started, listening on 15336
2024-10-11 22:06:48,556 [main] INFO  server.GrpcService (GrpcService.java:startImpl(341)) - s4: GrpcService started, listening on 15337
2024-10-11 22:06:48,561 [JvmPauseMonitor81] INFO  util.JvmPauseMonitor (JvmPauseMonitor.java:run(146)) - JvmPauseMonitor-s4: Started
2024-10-11 22:06:48,561 [s0-impl-thread1] INFO  server.RaftServerConfigKeys (ConfUtils.java:logGet(46)) - raft.server.storage.free-space.min = 0MB (=0) (default)
2024-10-11 22:06:48,561 [s0-impl-thread1] INFO  server.RaftServerConfigKeys (ConfUtils.java:logGet(46)) - raft.server.log.corruption.policy = EXCEPTION (default)
2024-10-11 22:06:48,561 [s0-impl-thread1] INFO  server.RaftServerConfigKeys (ConfUtils.java:logGet(46)) - raft.server.storage.dir = [/home/runner/work/ratis/ratis/ratis-test/target/test/data/30a65e24/MiniRaftClusterWithGrpc3c72539d/s0] (custom)
2024-10-11 22:06:48,562 [s0-impl-thread1] INFO  storage.RaftStorageDirectory (RaftStorageDirectoryImpl.java:analyzeStorage(138)) - The storage directory /home/runner/work/ratis/ratis/ratis-test/target/test/data/30a65e24/MiniRaftClusterWithGrpc3c72539d/s0/d6644593-8c1d-4974-ad56-1ad9b673a28d does not exist. Creating ...
2024-10-11 22:06:48,562 [s0-impl-thread1] TRACE util.FileUtils (LogUtils.java:runAndLog(49)) - Successfully ran Files.createDirectories /home/runner/work/ratis/ratis/ratis-test/target/test/data/30a65e24/MiniRaftClusterWithGrpc3c72539d/s0/d6644593-8c1d-4974-ad56-1ad9b673a28d
2024-10-11 22:06:48,563 [s0-impl-thread1] INFO  storage.RaftStorageDirectory (RaftStorageDirectoryImpl.java:tryLock(229)) - Lock on /home/runner/work/ratis/ratis/ratis-test/target/test/data/30a65e24/MiniRaftClusterWithGrpc3c72539d/s0/d6644593-8c1d-4974-ad56-1ad9b673a28d/in_use.lock acquired by nodename 10193@fv-az884-730
2024-10-11 22:06:48,563 [s0-impl-thread1] TRACE util.FileUtils (LogUtils.java:runAndLog(49)) - Successfully ran Files.createDirectories /home/runner/work/ratis/ratis/ratis-test/target/test/data/30a65e24/MiniRaftClusterWithGrpc3c72539d/s0/d6644593-8c1d-4974-ad56-1ad9b673a28d/current
2024-10-11 22:06:48,563 [s0-impl-thread1] TRACE util.FileUtils (LogUtils.java:runAndLog(49)) - Successfully ran Files.createDirectories /home/runner/work/ratis/ratis/ratis-test/target/test/data/30a65e24/MiniRaftClusterWithGrpc3c72539d/s0/d6644593-8c1d-4974-ad56-1ad9b673a28d/sm
2024-10-11 22:06:48,563 [s0-impl-thread1] TRACE util.FileUtils (LogUtils.java:supplyAndLog(69)) - Successfully supplied FileChannel.open /home/runner/work/ratis/ratis/ratis-test/target/test/data/30a65e24/MiniRaftClusterWithGrpc3c72539d/s0/d6644593-8c1d-4974-ad56-1ad9b673a28d/current/raft-meta.tmp with options [CREATE, WRITE]: sun.nio.ch.FileChannelImpl@46c89e1f
2024-10-11 22:06:48,564 [s0-impl-thread1] TRACE util.FileUtils (LogUtils.java:runAndLog(49)) - Successfully ran Atomic Files.move /home/runner/work/ratis/ratis/ratis-test/target/test/data/30a65e24/MiniRaftClusterWithGrpc3c72539d/s0/d6644593-8c1d-4974-ad56-1ad9b673a28d/current/raft-meta.tmp to /home/runner/work/ratis/ratis/ratis-test/target/test/data/30a65e24/MiniRaftClusterWithGrpc3c72539d/s0/d6644593-8c1d-4974-ad56-1ad9b673a28d/current/raft-meta with options [REPLACE_EXISTING]
2024-10-11 22:06:48,564 [s0-impl-thread1] INFO  storage.RaftStorage (RaftStorageImpl.java:format(98)) - Storage directory /home/runner/work/ratis/ratis/ratis-test/target/test/data/30a65e24/MiniRaftClusterWithGrpc3c72539d/s0/d6644593-8c1d-4974-ad56-1ad9b673a28d has been successfully formatted.
2024-10-11 22:06:48,564 [s0-impl-thread1] INFO  server.RaftServerConfigKeys (ConfUtils.java:logGet(46)) - raft.server.log.use.memory = false (default)
2024-10-11 22:06:48,565 [s0-impl-thread1] INFO  server.RaftServerConfigKeys (ConfUtils.java:logGet(46)) - raft.server.log.purge.gap = 1024 (default)
2024-10-11 22:06:48,565 [s0-impl-thread1] INFO  server.RaftServerConfigKeys (ConfUtils.java:logGet(46)) - raft.server.log.appender.buffer.byte-limit = 4MB (=4194304) (default)
2024-10-11 22:06:48,565 [s0-impl-thread1] INFO  server.RaftServerConfigKeys (ConfUtils.java:logGet(46)) - raft.server.log.statemachine.data.read.timeout = 1000ms (default)
2024-10-11 22:06:48,565 [s0-impl-thread1] INFO  server.RaftServerConfigKeys (ConfUtils.java:logGet(46)) - raft.server.log.purge.preservation.log.num = 0 (default)
2024-10-11 22:06:48,565 [s0-impl-thread1] INFO  server.RaftServerConfigKeys (ConfUtils.java:logGet(46)) - raft.server.log.segment.size.max = 32MB (=33554432) (default)
2024-10-11 22:06:48,565 [s0-impl-thread1] INFO  server.RaftServerConfigKeys (ConfUtils.java:logGet(46)) - raft.server.log.segment.cache.num.max = 6 (default)
2024-10-11 22:06:48,565 [s0-impl-thread1] INFO  server.RaftServerConfigKeys (ConfUtils.java:logGet(46)) - raft.server.log.segment.cache.size.max = 200MB (=209715200) (default)
2024-10-11 22:06:48,565 [s0-impl-thread1] INFO  server.RaftServerConfigKeys (ConfUtils.java:logGet(46)) - raft.server.log.appender.buffer.byte-limit = 4MB (=4194304) (default)
2024-10-11 22:06:48,566 [s0-impl-thread1] INFO  util.AwaitToRun (AwaitToRun.java:start(81)) - Thread[s0@group-1AD9B673A28D-cacheEviction-AwaitToRun,5,main] started
2024-10-11 22:06:48,566 [s0-impl-thread1] INFO  segmented.SegmentedRaftLogWorker (SegmentedRaftLogWorker.java:<init>(188)) - new s0@group-1AD9B673A28D-SegmentedRaftLogWorker for RaftStorageImpl:Storage Directory /home/runner/work/ratis/ratis/ratis-test/target/test/data/30a65e24/MiniRaftClusterWithGrpc3c72539d/s0/d6644593-8c1d-4974-ad56-1ad9b673a28d
2024-10-11 22:06:48,566 [s0-impl-thread1] INFO  server.RaftServerConfigKeys (ConfUtils.java:logGet(46)) - raft.server.log.queue.byte-limit = 64MB (=67108864) (default)
2024-10-11 22:06:48,566 [s0-impl-thread1] INFO  server.RaftServerConfigKeys (ConfUtils.java:logGet(46)) - raft.server.log.queue.element-limit = 4096 (default)
2024-10-11 22:06:48,566 [s0-impl-thread1] INFO  server.RaftServerConfigKeys (ConfUtils.java:logGet(46)) - raft.server.log.segment.size.max = 32MB (=33554432) (default)
2024-10-11 22:06:48,566 [s0-impl-thread1] INFO  server.RaftServerConfigKeys (ConfUtils.java:logGet(46)) - raft.server.log.preallocated.size = 4MB (=4194304) (default)
2024-10-11 22:06:48,566 [s0-impl-thread1] INFO  server.RaftServerConfigKeys (ConfUtils.java:logGet(46)) - raft.server.log.force.sync.num = 128 (default)
2024-10-11 22:06:48,566 [s0-impl-thread1] INFO  server.RaftServerConfigKeys (ConfUtils.java:logGet(46)) - raft.server.log.statemachine.data.sync = true (default)
2024-10-11 22:06:48,566 [s0-impl-thread1] INFO  server.RaftServerConfigKeys (ConfUtils.java:logGet(46)) - raft.server.log.statemachine.data.sync.timeout = 10s (default)
2024-10-11 22:06:48,566 [s0-impl-thread1] INFO  server.RaftServerConfigKeys (ConfUtils.java:logGet(46)) - raft.server.log.statemachine.data.sync.timeout.retry = -1 (default)
2024-10-11 22:06:48,567 [s0-impl-thread1] INFO  server.RaftServerConfigKeys (ConfUtils.java:logGet(46)) - raft.server.log.write.buffer.size = 8MB (=8388608) (default)
2024-10-11 22:06:48,567 [s0-impl-thread1] INFO  server.RaftServerConfigKeys (ConfUtils.java:logGet(46)) - raft.server.log.appender.buffer.byte-limit = 4MB (=4194304) (default)
2024-10-11 22:06:48,567 [s0-impl-thread1] INFO  server.RaftServerConfigKeys (ConfUtils.java:logGet(46)) - raft.server.log.unsafe-flush.enabled = false (default)
2024-10-11 22:06:48,567 [s0-impl-thread1] INFO  server.RaftServerConfigKeys (ConfUtils.java:logGet(46)) - raft.server.log.async-flush.enabled = false (default)
2024-10-11 22:06:48,567 [s0-impl-thread1] INFO  server.RaftServerConfigKeys (ConfUtils.java:logGet(46)) - raft.server.log.statemachine.data.caching.enabled = false (default)
2024-10-11 22:06:48,568 [s0-impl-thread1] INFO  segmented.SegmentedRaftLogWorker (SegmentedRaftLogWorker.java:lambda$new$0(139)) - s0@group-1AD9B673A28D-SegmentedRaftLogWorker: flushIndex: setUnconditionally 0 -> -1
2024-10-11 22:06:48,568 [s0-impl-thread1] INFO  segmented.SegmentedRaftLogWorker (SegmentedRaftLogWorker.java:lambda$new$0(139)) - s0@group-1AD9B673A28D-SegmentedRaftLogWorker: safeCacheEvictIndex: setUnconditionally 0 -> -1
2024-10-11 22:06:48,570 [s0-impl-thread1] INFO  server.RaftServer$Division (RaftServerImpl.java:start(393)) - s0@group-1AD9B673A28D: start as a follower, conf=conf: {index: -1, cur=peers:[s3|localhost:15332, s4|localhost:15336, s0|localhost:15320, s1|localhost:15324, s2|localhost:15328]|listeners:[], old=null}
2024-10-11 22:06:48,570 [s0-impl-thread1] INFO  server.RaftServer$Division (RaftServerImpl.java:setRole(380)) - s0@group-1AD9B673A28D: changes role from      null to FOLLOWER at term 0 for startAsFollower
2024-10-11 22:06:48,570 [s0-impl-thread1] INFO  impl.RoleInfo (RoleInfo.java:updateAndGet(148)) - s0: start s0@group-1AD9B673A28D-FollowerState
2024-10-11 22:06:48,571 [s0-impl-thread1] INFO  util.JmxRegister (JmxRegister.java:tryRegister(44)) - Successfully registered JMX Bean with object name Ratis:service=RaftServer,group=group-1AD9B673A28D,id=s0
2024-10-11 22:06:48,571 [s0-impl-thread1] INFO  util.JmxRegister (JmxRegister.java:register(58)) - register mxBean class org.apache.ratis.server.impl.RaftServerJmxAdapter as Ratis:service=RaftServer,group=group-1AD9B673A28D,id=s0
2024-10-11 22:06:48,571 [s0-impl-thread1] INFO  server.RaftServerConfigKeys (ConfUtils.java:logGet(46)) - raft.server.snapshot.trigger-when-stop.enabled = true (default)
2024-10-11 22:06:48,571 [s0-impl-thread1] INFO  server.RaftServerConfigKeys (ConfUtils.java:logGet(46)) - raft.server.snapshot.trigger-when-remove.enabled = true (default)
2024-10-11 22:06:48,571 [s0-impl-thread1] INFO  server.RaftServerConfigKeys (ConfUtils.java:logGet(46)) - raft.server.snapshot.auto.trigger.enabled = false (default)
2024-10-11 22:06:48,571 [s0-impl-thread1] INFO  server.RaftServerConfigKeys (ConfUtils.java:logGet(46)) - raft.server.snapshot.retention.file.num = -1 (default)
2024-10-11 22:06:48,571 [s0-impl-thread1] INFO  server.RaftServerConfigKeys (ConfUtils.java:logGet(46)) - raft.server.log.purge.upto.snapshot.index = false (default)
2024-10-11 22:06:48,571 [s0@group-1AD9B673A28D-FollowerState] INFO  server.RaftServerConfigKeys (ConfUtils.java:logFallback(53)) - raft.server.rpc.first-election.timeout.min = 150ms (fallback to raft.server.rpc.timeout.min)
2024-10-11 22:06:48,571 [s0@group-1AD9B673A28D-FollowerState] INFO  server.RaftServerConfigKeys (ConfUtils.java:logFallback(53)) - raft.server.rpc.first-election.timeout.max = 300ms (fallback to raft.server.rpc.timeout.max)
2024-10-11 22:06:48,573 [s0-impl-thread1] INFO  server.RaftServer$Division (RaftServerImpl.java:start(407)) - s0@group-1AD9B673A28D: Successfully started.
2024-10-11 22:06:48,573 [main] INFO  server.RaftServer (RaftServerProxy.java:startImpl(408)) - s0: start RPC server
2024-10-11 22:06:48,574 [main] INFO  server.GrpcService (GrpcService.java:startImpl(341)) - s0: GrpcService started, listening on 15322
2024-10-11 22:06:48,574 [main] INFO  server.GrpcService (GrpcService.java:startImpl(341)) - s0: GrpcService started, listening on 15320
2024-10-11 22:06:48,575 [main] INFO  server.GrpcService (GrpcService.java:startImpl(341)) - s0: GrpcService started, listening on 15321
2024-10-11 22:06:48,577 [JvmPauseMonitor82] INFO  util.JvmPauseMonitor (JvmPauseMonitor.java:run(146)) - JvmPauseMonitor-s0: Started
2024-10-11 22:06:48,577 [s1-impl-thread1] INFO  server.RaftServerConfigKeys (ConfUtils.java:logGet(46)) - raft.server.storage.free-space.min = 0MB (=0) (default)
2024-10-11 22:06:48,577 [s1-impl-thread1] INFO  server.RaftServerConfigKeys (ConfUtils.java:logGet(46)) - raft.server.log.corruption.policy = EXCEPTION (default)
2024-10-11 22:06:48,577 [s1-impl-thread1] INFO  server.RaftServerConfigKeys (ConfUtils.java:logGet(46)) - raft.server.storage.dir = [/home/runner/work/ratis/ratis/ratis-test/target/test/data/30a65e24/MiniRaftClusterWithGrpc3c72539d/s1] (custom)
2024-10-11 22:06:48,577 [s1-impl-thread1] INFO  storage.RaftStorageDirectory (RaftStorageDirectoryImpl.java:analyzeStorage(138)) - The storage directory /home/runner/work/ratis/ratis/ratis-test/target/test/data/30a65e24/MiniRaftClusterWithGrpc3c72539d/s1/d6644593-8c1d-4974-ad56-1ad9b673a28d does not exist. Creating ...
2024-10-11 22:06:48,578 [s1-impl-thread1] TRACE util.FileUtils (LogUtils.java:runAndLog(49)) - Successfully ran Files.createDirectories /home/runner/work/ratis/ratis/ratis-test/target/test/data/30a65e24/MiniRaftClusterWithGrpc3c72539d/s1/d6644593-8c1d-4974-ad56-1ad9b673a28d
2024-10-11 22:06:48,578 [s1-impl-thread1] INFO  storage.RaftStorageDirectory (RaftStorageDirectoryImpl.java:tryLock(229)) - Lock on /home/runner/work/ratis/ratis/ratis-test/target/test/data/30a65e24/MiniRaftClusterWithGrpc3c72539d/s1/d6644593-8c1d-4974-ad56-1ad9b673a28d/in_use.lock acquired by nodename 10193@fv-az884-730
2024-10-11 22:06:48,579 [s1-impl-thread1] TRACE util.FileUtils (LogUtils.java:runAndLog(49)) - Successfully ran Files.createDirectories /home/runner/work/ratis/ratis/ratis-test/target/test/data/30a65e24/MiniRaftClusterWithGrpc3c72539d/s1/d6644593-8c1d-4974-ad56-1ad9b673a28d/current
2024-10-11 22:06:48,579 [s1-impl-thread1] TRACE util.FileUtils (LogUtils.java:runAndLog(49)) - Successfully ran Files.createDirectories /home/runner/work/ratis/ratis/ratis-test/target/test/data/30a65e24/MiniRaftClusterWithGrpc3c72539d/s1/d6644593-8c1d-4974-ad56-1ad9b673a28d/sm
2024-10-11 22:06:48,579 [s1-impl-thread1] TRACE util.FileUtils (LogUtils.java:supplyAndLog(69)) - Successfully supplied FileChannel.open /home/runner/work/ratis/ratis/ratis-test/target/test/data/30a65e24/MiniRaftClusterWithGrpc3c72539d/s1/d6644593-8c1d-4974-ad56-1ad9b673a28d/current/raft-meta.tmp with options [CREATE, WRITE]: sun.nio.ch.FileChannelImpl@19e8b403
2024-10-11 22:06:48,580 [s1-impl-thread1] TRACE util.FileUtils (LogUtils.java:runAndLog(49)) - Successfully ran Atomic Files.move /home/runner/work/ratis/ratis/ratis-test/target/test/data/30a65e24/MiniRaftClusterWithGrpc3c72539d/s1/d6644593-8c1d-4974-ad56-1ad9b673a28d/current/raft-meta.tmp to /home/runner/work/ratis/ratis/ratis-test/target/test/data/30a65e24/MiniRaftClusterWithGrpc3c72539d/s1/d6644593-8c1d-4974-ad56-1ad9b673a28d/current/raft-meta with options [REPLACE_EXISTING]
2024-10-11 22:06:48,580 [s1-impl-thread1] INFO  storage.RaftStorage (RaftStorageImpl.java:format(98)) - Storage directory /home/runner/work/ratis/ratis/ratis-test/target/test/data/30a65e24/MiniRaftClusterWithGrpc3c72539d/s1/d6644593-8c1d-4974-ad56-1ad9b673a28d has been successfully formatted.
2024-10-11 22:06:48,580 [s1-impl-thread1] INFO  server.RaftServerConfigKeys (ConfUtils.java:logGet(46)) - raft.server.log.use.memory = false (default)
2024-10-11 22:06:48,580 [s1-impl-thread1] INFO  server.RaftServerConfigKeys (ConfUtils.java:logGet(46)) - raft.server.log.purge.gap = 1024 (default)
2024-10-11 22:06:48,580 [s1-impl-thread1] INFO  server.RaftServerConfigKeys (ConfUtils.java:logGet(46)) - raft.server.log.appender.buffer.byte-limit = 4MB (=4194304) (default)
2024-10-11 22:06:48,580 [s1-impl-thread1] INFO  server.RaftServerConfigKeys (ConfUtils.java:logGet(46)) - raft.server.log.statemachine.data.read.timeout = 1000ms (default)
2024-10-11 22:06:48,580 [s1-impl-thread1] INFO  server.RaftServerConfigKeys (ConfUtils.java:logGet(46)) - raft.server.log.purge.preservation.log.num = 0 (default)
2024-10-11 22:06:48,581 [s1-impl-thread1] INFO  server.RaftServerConfigKeys (ConfUtils.java:logGet(46)) - raft.server.log.segment.size.max = 32MB (=33554432) (default)
2024-10-11 22:06:48,581 [s1-impl-thread1] INFO  server.RaftServerConfigKeys (ConfUtils.java:logGet(46)) - raft.server.log.segment.cache.num.max = 6 (default)
2024-10-11 22:06:48,581 [s1-impl-thread1] INFO  server.RaftServerConfigKeys (ConfUtils.java:logGet(46)) - raft.server.log.segment.cache.size.max = 200MB (=209715200) (default)
2024-10-11 22:06:48,581 [s1-impl-thread1] INFO  server.RaftServerConfigKeys (ConfUtils.java:logGet(46)) - raft.server.log.appender.buffer.byte-limit = 4MB (=4194304) (default)
2024-10-11 22:06:48,586 [s1-impl-thread1] INFO  util.AwaitToRun (AwaitToRun.java:start(81)) - Thread[s1@group-1AD9B673A28D-cacheEviction-AwaitToRun,5,main] started
2024-10-11 22:06:48,586 [s1-impl-thread1] INFO  segmented.SegmentedRaftLogWorker (SegmentedRaftLogWorker.java:<init>(188)) - new s1@group-1AD9B673A28D-SegmentedRaftLogWorker for RaftStorageImpl:Storage Directory /home/runner/work/ratis/ratis/ratis-test/target/test/data/30a65e24/MiniRaftClusterWithGrpc3c72539d/s1/d6644593-8c1d-4974-ad56-1ad9b673a28d
2024-10-11 22:06:48,586 [s1-impl-thread1] INFO  server.RaftServerConfigKeys (ConfUtils.java:logGet(46)) - raft.server.log.queue.byte-limit = 64MB (=67108864) (default)
2024-10-11 22:06:48,586 [s1-impl-thread1] INFO  server.RaftServerConfigKeys (ConfUtils.java:logGet(46)) - raft.server.log.queue.element-limit = 4096 (default)
2024-10-11 22:06:48,586 [s1-impl-thread1] INFO  server.RaftServerConfigKeys (ConfUtils.java:logGet(46)) - raft.server.log.segment.size.max = 32MB (=33554432) (default)
2024-10-11 22:06:48,587 [s1-impl-thread1] INFO  server.RaftServerConfigKeys (ConfUtils.java:logGet(46)) - raft.server.log.preallocated.size = 4MB (=4194304) (default)
2024-10-11 22:06:48,587 [s1-impl-thread1] INFO  server.RaftServerConfigKeys (ConfUtils.java:logGet(46)) - raft.server.log.force.sync.num = 128 (default)
2024-10-11 22:06:48,587 [s1-impl-thread1] INFO  server.RaftServerConfigKeys (ConfUtils.java:logGet(46)) - raft.server.log.statemachine.data.sync = true (default)
2024-10-11 22:06:48,587 [s1-impl-thread1] INFO  server.RaftServerConfigKeys (ConfUtils.java:logGet(46)) - raft.server.log.statemachine.data.sync.timeout = 10s (default)
2024-10-11 22:06:48,587 [s1-impl-thread1] INFO  server.RaftServerConfigKeys (ConfUtils.java:logGet(46)) - raft.server.log.statemachine.data.sync.timeout.retry = -1 (default)
2024-10-11 22:06:48,587 [s1-impl-thread1] INFO  server.RaftServerConfigKeys (ConfUtils.java:logGet(46)) - raft.server.log.write.buffer.size = 8MB (=8388608) (default)
2024-10-11 22:06:48,588 [s1-impl-thread1] INFO  server.RaftServerConfigKeys (ConfUtils.java:logGet(46)) - raft.server.log.appender.buffer.byte-limit = 4MB (=4194304) (default)
2024-10-11 22:06:48,588 [s1-impl-thread1] INFO  server.RaftServerConfigKeys (ConfUtils.java:logGet(46)) - raft.server.log.unsafe-flush.enabled = false (default)
2024-10-11 22:06:48,588 [s1-impl-thread1] INFO  server.RaftServerConfigKeys (ConfUtils.java:logGet(46)) - raft.server.log.async-flush.enabled = false (default)
2024-10-11 22:06:48,588 [s1-impl-thread1] INFO  server.RaftServerConfigKeys (ConfUtils.java:logGet(46)) - raft.server.log.statemachine.data.caching.enabled = false (default)
2024-10-11 22:06:48,588 [s1-impl-thread1] INFO  segmented.SegmentedRaftLogWorker (SegmentedRaftLogWorker.java:lambda$new$0(139)) - s1@group-1AD9B673A28D-SegmentedRaftLogWorker: flushIndex: setUnconditionally 0 -> -1
2024-10-11 22:06:48,588 [s1-impl-thread1] INFO  segmented.SegmentedRaftLogWorker (SegmentedRaftLogWorker.java:lambda$new$0(139)) - s1@group-1AD9B673A28D-SegmentedRaftLogWorker: safeCacheEvictIndex: setUnconditionally 0 -> -1
2024-10-11 22:06:48,588 [s1-impl-thread1] INFO  server.RaftServer$Division (RaftServerImpl.java:start(393)) - s1@group-1AD9B673A28D: start as a follower, conf=conf: {index: -1, cur=peers:[s3|localhost:15332, s4|localhost:15336, s0|localhost:15320, s1|localhost:15324, s2|localhost:15328]|listeners:[], old=null}
2024-10-11 22:06:48,588 [s1-impl-thread1] INFO  server.RaftServer$Division (RaftServerImpl.java:setRole(380)) - s1@group-1AD9B673A28D: changes role from      null to FOLLOWER at term 0 for startAsFollower
2024-10-11 22:06:48,589 [s1-impl-thread1] INFO  impl.RoleInfo (RoleInfo.java:updateAndGet(148)) - s1: start s1@group-1AD9B673A28D-FollowerState
2024-10-11 22:06:48,589 [s1@group-1AD9B673A28D-FollowerState] INFO  server.RaftServerConfigKeys (ConfUtils.java:logFallback(53)) - raft.server.rpc.first-election.timeout.min = 150ms (fallback to raft.server.rpc.timeout.min)
2024-10-11 22:06:48,589 [s1-impl-thread1] INFO  util.JmxRegister (JmxRegister.java:tryRegister(44)) - Successfully registered JMX Bean with object name Ratis:service=RaftServer,group=group-1AD9B673A28D,id=s1
2024-10-11 22:06:48,589 [s1-impl-thread1] INFO  util.JmxRegister (JmxRegister.java:register(58)) - register mxBean class org.apache.ratis.server.impl.RaftServerJmxAdapter as Ratis:service=RaftServer,group=group-1AD9B673A28D,id=s1
2024-10-11 22:06:48,589 [s1-impl-thread1] INFO  server.RaftServerConfigKeys (ConfUtils.java:logGet(46)) - raft.server.snapshot.trigger-when-stop.enabled = true (default)
2024-10-11 22:06:48,589 [s1-impl-thread1] INFO  server.RaftServerConfigKeys (ConfUtils.java:logGet(46)) - raft.server.snapshot.trigger-when-remove.enabled = true (default)
2024-10-11 22:06:48,589 [s1-impl-thread1] INFO  server.RaftServerConfigKeys (ConfUtils.java:logGet(46)) - raft.server.snapshot.auto.trigger.enabled = false (default)
2024-10-11 22:06:48,589 [s1-impl-thread1] INFO  server.RaftServerConfigKeys (ConfUtils.java:logGet(46)) - raft.server.snapshot.retention.file.num = -1 (default)
2024-10-11 22:06:48,589 [s1-impl-thread1] INFO  server.RaftServerConfigKeys (ConfUtils.java:logGet(46)) - raft.server.log.purge.upto.snapshot.index = false (default)
2024-10-11 22:06:48,589 [s1-impl-thread1] INFO  server.RaftServer$Division (RaftServerImpl.java:start(407)) - s1@group-1AD9B673A28D: Successfully started.
2024-10-11 22:06:48,590 [main] INFO  server.RaftServer (RaftServerProxy.java:startImpl(408)) - s1: start RPC server
2024-10-11 22:06:48,589 [s1@group-1AD9B673A28D-FollowerState] INFO  server.RaftServerConfigKeys (ConfUtils.java:logFallback(53)) - raft.server.rpc.first-election.timeout.max = 300ms (fallback to raft.server.rpc.timeout.max)
2024-10-11 22:06:48,590 [main] INFO  server.GrpcService (GrpcService.java:startImpl(341)) - s1: GrpcService started, listening on 15326
2024-10-11 22:06:48,591 [main] INFO  server.GrpcService (GrpcService.java:startImpl(341)) - s1: GrpcService started, listening on 15324
2024-10-11 22:06:48,593 [main] INFO  server.GrpcService (GrpcService.java:startImpl(341)) - s1: GrpcService started, listening on 15325
2024-10-11 22:06:48,593 [s2-impl-thread1] INFO  server.RaftServerConfigKeys (ConfUtils.java:logGet(46)) - raft.server.storage.free-space.min = 0MB (=0) (default)
2024-10-11 22:06:48,593 [s2-impl-thread1] INFO  server.RaftServerConfigKeys (ConfUtils.java:logGet(46)) - raft.server.log.corruption.policy = EXCEPTION (default)
2024-10-11 22:06:48,593 [s2-impl-thread1] INFO  server.RaftServerConfigKeys (ConfUtils.java:logGet(46)) - raft.server.storage.dir = [/home/runner/work/ratis/ratis/ratis-test/target/test/data/30a65e24/MiniRaftClusterWithGrpc3c72539d/s2] (custom)
2024-10-11 22:06:48,594 [s2-impl-thread1] INFO  storage.RaftStorageDirectory (RaftStorageDirectoryImpl.java:analyzeStorage(138)) - The storage directory /home/runner/work/ratis/ratis/ratis-test/target/test/data/30a65e24/MiniRaftClusterWithGrpc3c72539d/s2/d6644593-8c1d-4974-ad56-1ad9b673a28d does not exist. Creating ...
2024-10-11 22:06:48,594 [s2-impl-thread1] TRACE util.FileUtils (LogUtils.java:runAndLog(49)) - Successfully ran Files.createDirectories /home/runner/work/ratis/ratis/ratis-test/target/test/data/30a65e24/MiniRaftClusterWithGrpc3c72539d/s2/d6644593-8c1d-4974-ad56-1ad9b673a28d
2024-10-11 22:06:48,593 [JvmPauseMonitor83] INFO  util.JvmPauseMonitor (JvmPauseMonitor.java:run(146)) - JvmPauseMonitor-s1: Started
2024-10-11 22:06:48,595 [s2-impl-thread1] INFO  storage.RaftStorageDirectory (RaftStorageDirectoryImpl.java:tryLock(229)) - Lock on /home/runner/work/ratis/ratis/ratis-test/target/test/data/30a65e24/MiniRaftClusterWithGrpc3c72539d/s2/d6644593-8c1d-4974-ad56-1ad9b673a28d/in_use.lock acquired by nodename 10193@fv-az884-730
2024-10-11 22:06:48,595 [s2-impl-thread1] TRACE util.FileUtils (LogUtils.java:runAndLog(49)) - Successfully ran Files.createDirectories /home/runner/work/ratis/ratis/ratis-test/target/test/data/30a65e24/MiniRaftClusterWithGrpc3c72539d/s2/d6644593-8c1d-4974-ad56-1ad9b673a28d/current
2024-10-11 22:06:48,595 [s2-impl-thread1] TRACE util.FileUtils (LogUtils.java:runAndLog(49)) - Successfully ran Files.createDirectories /home/runner/work/ratis/ratis/ratis-test/target/test/data/30a65e24/MiniRaftClusterWithGrpc3c72539d/s2/d6644593-8c1d-4974-ad56-1ad9b673a28d/sm
2024-10-11 22:06:48,595 [s2-impl-thread1] TRACE util.FileUtils (LogUtils.java:supplyAndLog(69)) - Successfully supplied FileChannel.open /home/runner/work/ratis/ratis/ratis-test/target/test/data/30a65e24/MiniRaftClusterWithGrpc3c72539d/s2/d6644593-8c1d-4974-ad56-1ad9b673a28d/current/raft-meta.tmp with options [CREATE, WRITE]: sun.nio.ch.FileChannelImpl@4fd8e56
2024-10-11 22:06:48,596 [s2-impl-thread1] TRACE util.FileUtils (LogUtils.java:runAndLog(49)) - Successfully ran Atomic Files.move /home/runner/work/ratis/ratis/ratis-test/target/test/data/30a65e24/MiniRaftClusterWithGrpc3c72539d/s2/d6644593-8c1d-4974-ad56-1ad9b673a28d/current/raft-meta.tmp to /home/runner/work/ratis/ratis/ratis-test/target/test/data/30a65e24/MiniRaftClusterWithGrpc3c72539d/s2/d6644593-8c1d-4974-ad56-1ad9b673a28d/current/raft-meta with options [REPLACE_EXISTING]
2024-10-11 22:06:48,596 [s2-impl-thread1] INFO  storage.RaftStorage (RaftStorageImpl.java:format(98)) - Storage directory /home/runner/work/ratis/ratis/ratis-test/target/test/data/30a65e24/MiniRaftClusterWithGrpc3c72539d/s2/d6644593-8c1d-4974-ad56-1ad9b673a28d has been successfully formatted.
2024-10-11 22:06:48,596 [s2-impl-thread1] INFO  server.RaftServerConfigKeys (ConfUtils.java:logGet(46)) - raft.server.log.use.memory = false (default)
2024-10-11 22:06:48,596 [s2-impl-thread1] INFO  server.RaftServerConfigKeys (ConfUtils.java:logGet(46)) - raft.server.log.purge.gap = 1024 (default)
2024-10-11 22:06:48,596 [s2-impl-thread1] INFO  server.RaftServerConfigKeys (ConfUtils.java:logGet(46)) - raft.server.log.appender.buffer.byte-limit = 4MB (=4194304) (default)
2024-10-11 22:06:48,596 [s2-impl-thread1] INFO  server.RaftServerConfigKeys (ConfUtils.java:logGet(46)) - raft.server.log.statemachine.data.read.timeout = 1000ms (default)
2024-10-11 22:06:48,596 [s2-impl-thread1] INFO  server.RaftServerConfigKeys (ConfUtils.java:logGet(46)) - raft.server.log.purge.preservation.log.num = 0 (default)
2024-10-11 22:06:48,597 [s2-impl-thread1] INFO  server.RaftServerConfigKeys (ConfUtils.java:logGet(46)) - raft.server.log.segment.size.max = 32MB (=33554432) (default)
2024-10-11 22:06:48,597 [s2-impl-thread1] INFO  server.RaftServerConfigKeys (ConfUtils.java:logGet(46)) - raft.server.log.segment.cache.num.max = 6 (default)
2024-10-11 22:06:48,597 [s2-impl-thread1] INFO  server.RaftServerConfigKeys (ConfUtils.java:logGet(46)) - raft.server.log.segment.cache.size.max = 200MB (=209715200) (default)
2024-10-11 22:06:48,597 [s2-impl-thread1] INFO  server.RaftServerConfigKeys (ConfUtils.java:logGet(46)) - raft.server.log.appender.buffer.byte-limit = 4MB (=4194304) (default)
2024-10-11 22:06:48,597 [s2-impl-thread1] INFO  util.AwaitToRun (AwaitToRun.java:start(81)) - Thread[s2@group-1AD9B673A28D-cacheEviction-AwaitToRun,5,main] started
2024-10-11 22:06:48,597 [s2-impl-thread1] INFO  segmented.SegmentedRaftLogWorker (SegmentedRaftLogWorker.java:<init>(188)) - new s2@group-1AD9B673A28D-SegmentedRaftLogWorker for RaftStorageImpl:Storage Directory /home/runner/work/ratis/ratis/ratis-test/target/test/data/30a65e24/MiniRaftClusterWithGrpc3c72539d/s2/d6644593-8c1d-4974-ad56-1ad9b673a28d
2024-10-11 22:06:48,597 [s2-impl-thread1] INFO  server.RaftServerConfigKeys (ConfUtils.java:logGet(46)) - raft.server.log.queue.byte-limit = 64MB (=67108864) (default)
2024-10-11 22:06:48,597 [s2-impl-thread1] INFO  server.RaftServerConfigKeys (ConfUtils.java:logGet(46)) - raft.server.log.queue.element-limit = 4096 (default)
2024-10-11 22:06:48,598 [s2-impl-thread1] INFO  server.RaftServerConfigKeys (ConfUtils.java:logGet(46)) - raft.server.log.segment.size.max = 32MB (=33554432) (default)
2024-10-11 22:06:48,598 [s2-impl-thread1] INFO  server.RaftServerConfigKeys (ConfUtils.java:logGet(46)) - raft.server.log.preallocated.size = 4MB (=4194304) (default)
2024-10-11 22:06:48,598 [s2-impl-thread1] INFO  server.RaftServerConfigKeys (ConfUtils.java:logGet(46)) - raft.server.log.force.sync.num = 128 (default)
2024-10-11 22:06:48,598 [s2-impl-thread1] INFO  server.RaftServerConfigKeys (ConfUtils.java:logGet(46)) - raft.server.log.statemachine.data.sync = true (default)
2024-10-11 22:06:48,598 [s2-impl-thread1] INFO  server.RaftServerConfigKeys (ConfUtils.java:logGet(46)) - raft.server.log.statemachine.data.sync.timeout = 10s (default)
2024-10-11 22:06:48,598 [s2-impl-thread1] INFO  server.RaftServerConfigKeys (ConfUtils.java:logGet(46)) - raft.server.log.statemachine.data.sync.timeout.retry = -1 (default)
2024-10-11 22:06:48,598 [s2-impl-thread1] INFO  server.RaftServerConfigKeys (ConfUtils.java:logGet(46)) - raft.server.log.write.buffer.size = 8MB (=8388608) (default)
2024-10-11 22:06:48,599 [s2-impl-thread1] INFO  server.RaftServerConfigKeys (ConfUtils.java:logGet(46)) - raft.server.log.appender.buffer.byte-limit = 4MB (=4194304) (default)
2024-10-11 22:06:48,599 [s2-impl-thread1] INFO  server.RaftServerConfigKeys (ConfUtils.java:logGet(46)) - raft.server.log.unsafe-flush.enabled = false (default)
2024-10-11 22:06:48,599 [s2-impl-thread1] INFO  server.RaftServerConfigKeys (ConfUtils.java:logGet(46)) - raft.server.log.async-flush.enabled = false (default)
2024-10-11 22:06:48,599 [s2-impl-thread1] INFO  server.RaftServerConfigKeys (ConfUtils.java:logGet(46)) - raft.server.log.statemachine.data.caching.enabled = false (default)
2024-10-11 22:06:48,599 [s2-impl-thread1] INFO  segmented.SegmentedRaftLogWorker (SegmentedRaftLogWorker.java:lambda$new$0(139)) - s2@group-1AD9B673A28D-SegmentedRaftLogWorker: flushIndex: setUnconditionally 0 -> -1
2024-10-11 22:06:48,599 [s2-impl-thread1] INFO  segmented.SegmentedRaftLogWorker (SegmentedRaftLogWorker.java:lambda$new$0(139)) - s2@group-1AD9B673A28D-SegmentedRaftLogWorker: safeCacheEvictIndex: setUnconditionally 0 -> -1
2024-10-11 22:06:48,600 [s2-impl-thread1] INFO  server.RaftServer$Division (RaftServerImpl.java:start(393)) - s2@group-1AD9B673A28D: start as a follower, conf=conf: {index: -1, cur=peers:[s3|localhost:15332, s4|localhost:15336, s0|localhost:15320, s1|localhost:15324, s2|localhost:15328]|listeners:[], old=null}
2024-10-11 22:06:48,600 [s2-impl-thread1] INFO  server.RaftServer$Division (RaftServerImpl.java:setRole(380)) - s2@group-1AD9B673A28D: changes role from      null to FOLLOWER at term 0 for startAsFollower
2024-10-11 22:06:48,600 [s2-impl-thread1] INFO  impl.RoleInfo (RoleInfo.java:updateAndGet(148)) - s2: start s2@group-1AD9B673A28D-FollowerState
2024-10-11 22:06:48,600 [s2-impl-thread1] INFO  util.JmxRegister (JmxRegister.java:tryRegister(44)) - Successfully registered JMX Bean with object name Ratis:service=RaftServer,group=group-1AD9B673A28D,id=s2
2024-10-11 22:06:48,600 [s2-impl-thread1] INFO  util.JmxRegister (JmxRegister.java:register(58)) - register mxBean class org.apache.ratis.server.impl.RaftServerJmxAdapter as Ratis:service=RaftServer,group=group-1AD9B673A28D,id=s2
2024-10-11 22:06:48,600 [s2-impl-thread1] INFO  server.RaftServerConfigKeys (ConfUtils.java:logGet(46)) - raft.server.snapshot.trigger-when-stop.enabled = true (default)
2024-10-11 22:06:48,601 [s2-impl-thread1] INFO  server.RaftServerConfigKeys (ConfUtils.java:logGet(46)) - raft.server.snapshot.trigger-when-remove.enabled = true (default)
2024-10-11 22:06:48,601 [s2-impl-thread1] INFO  server.RaftServerConfigKeys (ConfUtils.java:logGet(46)) - raft.server.snapshot.auto.trigger.enabled = false (default)
2024-10-11 22:06:48,601 [s2@group-1AD9B673A28D-FollowerState] INFO  server.RaftServerConfigKeys (ConfUtils.java:logFallback(53)) - raft.server.rpc.first-election.timeout.min = 150ms (fallback to raft.server.rpc.timeout.min)
2024-10-11 22:06:48,601 [s2@group-1AD9B673A28D-FollowerState] INFO  server.RaftServerConfigKeys (ConfUtils.java:logFallback(53)) - raft.server.rpc.first-election.timeout.max = 300ms (fallback to raft.server.rpc.timeout.max)
2024-10-11 22:06:48,601 [s2-impl-thread1] INFO  server.RaftServerConfigKeys (ConfUtils.java:logGet(46)) - raft.server.snapshot.retention.file.num = -1 (default)
2024-10-11 22:06:48,601 [s2-impl-thread1] INFO  server.RaftServerConfigKeys (ConfUtils.java:logGet(46)) - raft.server.log.purge.upto.snapshot.index = false (default)
2024-10-11 22:06:48,602 [s2-impl-thread1] INFO  server.RaftServer$Division (RaftServerImpl.java:start(407)) - s2@group-1AD9B673A28D: Successfully started.
2024-10-11 22:06:48,602 [main] INFO  server.RaftServer (RaftServerProxy.java:startImpl(408)) - s2: start RPC server
2024-10-11 22:06:48,602 [main] INFO  server.GrpcService (GrpcService.java:startImpl(341)) - s2: GrpcService started, listening on 15330
2024-10-11 22:06:48,603 [main] INFO  server.GrpcService (GrpcService.java:startImpl(341)) - s2: GrpcService started, listening on 15328
2024-10-11 22:06:48,604 [main] INFO  server.GrpcService (GrpcService.java:startImpl(341)) - s2: GrpcService started, listening on 15329
2024-10-11 22:06:48,605 [JvmPauseMonitor84] INFO  util.JvmPauseMonitor (JvmPauseMonitor.java:run(146)) - JvmPauseMonitor-s2: Started
2024-10-11 22:06:48,605 [main] INFO  server.RaftServerConfigKeys (ConfUtils.java:logGet(46)) - raft.server.rpc.timeout.max = 300ms (default)
2024-10-11 22:06:48,606 [main] INFO  ratis.RaftTestUtil (RaftTestUtil.java:waitForLeader(107)) - printing ALL groups
  s3:  RUNNING  FOLLOWER s3@group-1AD9B673A28D:t0, leader=null, voted=, raftlog=Memoized:s3@group-1AD9B673A28D-SegmentedRaftLog:OPENED:c-1:lastnull, conf=conf: {index: -1, cur=peers:[s3|localhost:15332, s4|localhost:15336, s0|localhost:15320, s1|localhost:15324, s2|localhost:15328]|listeners:[], old=null} RUNNING
  s4:  RUNNING  FOLLOWER s4@group-1AD9B673A28D:t0, leader=null, voted=, raftlog=Memoized:s4@group-1AD9B673A28D-SegmentedRaftLog:OPENED:c-1:lastnull, conf=conf: {index: -1, cur=peers:[s3|localhost:15332, s4|localhost:15336, s0|localhost:15320, s1|localhost:15324, s2|localhost:15328]|listeners:[], old=null} RUNNING
  s0:  RUNNING  FOLLOWER s0@group-1AD9B673A28D:t0, leader=null, voted=, raftlog=Memoized:s0@group-1AD9B673A28D-SegmentedRaftLog:OPENED:c-1:lastnull, conf=conf: {index: -1, cur=peers:[s3|localhost:15332, s4|localhost:15336, s0|localhost:15320, s1|localhost:15324, s2|localhost:15328]|listeners:[], old=null} RUNNING
  s1:  RUNNING  FOLLOWER s1@group-1AD9B673A28D:t0, leader=null, voted=, raftlog=Memoized:s1@group-1AD9B673A28D-SegmentedRaftLog:OPENED:c-1:lastnull, conf=conf: {index: -1, cur=peers:[s3|localhost:15332, s4|localhost:15336, s0|localhost:15320, s1|localhost:15324, s2|localhost:15328]|listeners:[], old=null} RUNNING
  s2:  RUNNING  FOLLOWER s2@group-1AD9B673A28D:t0, leader=null, voted=, raftlog=Memoized:s2@group-1AD9B673A28D-SegmentedRaftLog:OPENED:c-1:lastnull, conf=conf: {index: -1, cur=peers:[s3|localhost:15332, s4|localhost:15336, s0|localhost:15320, s1|localhost:15324, s2|localhost:15328]|listeners:[], old=null} RUNNING
2024-10-11 22:06:48,606 [main] WARN  ratis.RaftTestUtil (RaftTestUtil.java:lambda$waitForLeader$3(126)) - Attempt #1 failed: java.lang.IllegalStateException: No leader yet : printing ALL groups
  s3:  RUNNING  FOLLOWER s3@group-1AD9B673A28D:t0, leader=null, voted=, raftlog=Memoized:s3@group-1AD9B673A28D-SegmentedRaftLog:OPENED:c-1:lastnull, conf=conf: {index: -1, cur=peers:[s3|localhost:15332, s4|localhost:15336, s0|localhost:15320, s1|localhost:15324, s2|localhost:15328]|listeners:[], old=null} RUNNING
  s4:  RUNNING  FOLLOWER s4@group-1AD9B673A28D:t0, leader=null, voted=, raftlog=Memoized:s4@group-1AD9B673A28D-SegmentedRaftLog:OPENED:c-1:lastnull, conf=conf: {index: -1, cur=peers:[s3|localhost:15332, s4|localhost:15336, s0|localhost:15320, s1|localhost:15324, s2|localhost:15328]|listeners:[], old=null} RUNNING
  s0:  RUNNING  FOLLOWER s0@group-1AD9B673A28D:t0, leader=null, voted=, raftlog=Memoized:s0@group-1AD9B673A28D-SegmentedRaftLog:OPENED:c-1:lastnull, conf=conf: {index: -1, cur=peers:[s3|localhost:15332, s4|localhost:15336, s0|localhost:15320, s1|localhost:15324, s2|localhost:15328]|listeners:[], old=null} RUNNING
  s1:  RUNNING  FOLLOWER s1@group-1AD9B673A28D:t0, leader=null, voted=, raftlog=Memoized:s1@group-1AD9B673A28D-SegmentedRaftLog:OPENED:c-1:lastnull, conf=conf: {index: -1, cur=peers:[s3|localhost:15332, s4|localhost:15336, s0|localhost:15320, s1|localhost:15324, s2|localhost:15328]|listeners:[], old=null} RUNNING
  s2:  RUNNING  FOLLOWER s2@group-1AD9B673A28D:t0, leader=null, voted=, raftlog=Memoized:s2@group-1AD9B673A28D-SegmentedRaftLog:OPENED:c-1:lastnull, conf=conf: {index: -1, cur=peers:[s3|localhost:15332, s4|localhost:15336, s0|localhost:15320, s1|localhost:15324, s2|localhost:15328]|listeners:[], old=null} RUNNING
2024-10-11 22:06:48,721 [s4@group-1AD9B673A28D-FollowerState] INFO  impl.FollowerState (FollowerState.java:runImpl(161)) - s4@group-1AD9B673A28D-FollowerState: change to CANDIDATE, lastRpcElapsedTime:170347388ns, electionTimeout:169ms
2024-10-11 22:06:48,721 [s4@group-1AD9B673A28D-FollowerState] INFO  impl.RoleInfo (RoleInfo.java:shutdownFollowerState(121)) - s4: shutdown s4@group-1AD9B673A28D-FollowerState
2024-10-11 22:06:48,722 [s4@group-1AD9B673A28D-FollowerState] INFO  server.RaftServer$Division (RaftServerImpl.java:setRole(380)) - s4@group-1AD9B673A28D: changes role from  FOLLOWER to CANDIDATE at term 0 for changeToCandidate
2024-10-11 22:06:48,722 [s4@group-1AD9B673A28D-FollowerState] INFO  server.RaftServerConfigKeys (ConfUtils.java:logGet(46)) - raft.server.leaderelection.pre-vote = true (default)
2024-10-11 22:06:48,722 [s4@group-1AD9B673A28D-FollowerState] INFO  impl.RoleInfo (RoleInfo.java:updateAndGet(148)) - s4: start s4@group-1AD9B673A28D-LeaderElection91
2024-10-11 22:06:48,722 [s4@group-1AD9B673A28D-LeaderElection91] INFO  impl.LeaderElection (LeaderElection.java:askForVotes(333)) - s4@group-1AD9B673A28D-LeaderElection91 PRE_VOTE round 0: submit vote requests at term 0 for conf: {index: -1, cur=peers:[s3|localhost:15332, s4|localhost:15336, s0|localhost:15320, s1|localhost:15324, s2|localhost:15328]|listeners:[], old=null}
2024-10-11 22:06:48,722 [s4@group-1AD9B673A28D-LeaderElection91-1] INFO  server.GrpcServerProtocolClient (GrpcServerProtocolClient.java:<init>(65)) - Build channel for s3|localhost:15332
2024-10-11 22:06:48,723 [s4@group-1AD9B673A28D-LeaderElection91-2] INFO  server.GrpcServerProtocolClient (GrpcServerProtocolClient.java:<init>(65)) - Build channel for s0|localhost:15320
2024-10-11 22:06:48,723 [s4@group-1AD9B673A28D-LeaderElection91-3] INFO  server.GrpcServerProtocolClient (GrpcServerProtocolClient.java:<init>(65)) - Build channel for s1|localhost:15324
2024-10-11 22:06:48,723 [s4@group-1AD9B673A28D-LeaderElection91] INFO  server.RaftServerConfigKeys (ConfUtils.java:logFallback(53)) - raft.server.rpc.first-election.timeout.min = 150ms (fallback to raft.server.rpc.timeout.min)
2024-10-11 22:06:48,723 [s4@group-1AD9B673A28D-LeaderElection91] INFO  server.RaftServerConfigKeys (ConfUtils.java:logFallback(53)) - raft.server.rpc.first-election.timeout.max = 300ms (fallback to raft.server.rpc.timeout.max)
2024-10-11 22:06:48,723 [s4@group-1AD9B673A28D-LeaderElection91-4] INFO  server.GrpcServerProtocolClient (GrpcServerProtocolClient.java:<init>(65)) - Build channel for s2|localhost:15328
2024-10-11 22:06:48,734 [grpc-default-executor-2] INFO  server.RaftServer$Division (RaftServerImpl.java:requestVote(1447)) - s2@group-1AD9B673A28D: receive requestVote(PRE_VOTE, s4, group-1AD9B673A28D, 0, (t:0, i:0))
2024-10-11 22:06:48,734 [grpc-default-executor-2] INFO  impl.VoteContext (VoteContext.java:log(49)) - s2@group-1AD9B673A28D-FOLLOWER: accept PRE_VOTE from s4: our priority 0 <= candidate's priority 0
2024-10-11 22:06:48,734 [grpc-default-executor-2] INFO  server.RaftServer$Division (RaftServerImpl.java:requestVote(1480)) - s2@group-1AD9B673A28D replies to PRE_VOTE vote request: s4<-s2#0:OK-t0. Peer's state: s2@group-1AD9B673A28D:t0, leader=null, voted=, raftlog=Memoized:s2@group-1AD9B673A28D-SegmentedRaftLog:OPENED:c-1:lastnull, conf=conf: {index: -1, cur=peers:[s3|localhost:15332, s4|localhost:15336, s0|localhost:15320, s1|localhost:15324, s2|localhost:15328]|listeners:[], old=null}
2024-10-11 22:06:48,737 [grpc-default-executor-3] INFO  server.RaftServer$Division (RaftServerImpl.java:requestVote(1447)) - s3@group-1AD9B673A28D: receive requestVote(PRE_VOTE, s4, group-1AD9B673A28D, 0, (t:0, i:0))
2024-10-11 22:06:48,738 [grpc-default-executor-3] INFO  impl.VoteContext (VoteContext.java:log(49)) - s3@group-1AD9B673A28D-FOLLOWER: accept PRE_VOTE from s4: our priority 0 <= candidate's priority 0
2024-10-11 22:06:48,738 [grpc-default-executor-3] INFO  server.RaftServer$Division (RaftServerImpl.java:requestVote(1480)) - s3@group-1AD9B673A28D replies to PRE_VOTE vote request: s4<-s3#0:OK-t0. Peer's state: s3@group-1AD9B673A28D:t0, leader=null, voted=, raftlog=Memoized:s3@group-1AD9B673A28D-SegmentedRaftLog:OPENED:c-1:lastnull, conf=conf: {index: -1, cur=peers:[s3|localhost:15332, s4|localhost:15336, s0|localhost:15320, s1|localhost:15324, s2|localhost:15328]|listeners:[], old=null}
2024-10-11 22:06:48,738 [grpc-default-executor-1] INFO  server.RaftServer$Division (RaftServerImpl.java:requestVote(1447)) - s1@group-1AD9B673A28D: receive requestVote(PRE_VOTE, s4, group-1AD9B673A28D, 0, (t:0, i:0))
2024-10-11 22:06:48,739 [grpc-default-executor-2] INFO  server.RaftServer$Division (RaftServerImpl.java:requestVote(1447)) - s0@group-1AD9B673A28D: receive requestVote(PRE_VOTE, s4, group-1AD9B673A28D, 0, (t:0, i:0))
2024-10-11 22:06:48,739 [grpc-default-executor-2] INFO  impl.VoteContext (VoteContext.java:log(49)) - s0@group-1AD9B673A28D-FOLLOWER: accept PRE_VOTE from s4: our priority 0 <= candidate's priority 0
2024-10-11 22:06:48,739 [s4@group-1AD9B673A28D-LeaderElection91] INFO  impl.LeaderElection (LeaderElection.java:logAndReturn(90)) - s4@group-1AD9B673A28D-LeaderElection91: PRE_VOTE PASSED received 2 response(s) and 0 exception(s):
2024-10-11 22:06:48,740 [s4@group-1AD9B673A28D-LeaderElection91] INFO  impl.LeaderElection (LeaderElection.java:logAndReturn(94)) -   Response 0: s4<-s3#0:OK-t0
2024-10-11 22:06:48,740 [s4@group-1AD9B673A28D-LeaderElection91] INFO  impl.LeaderElection (LeaderElection.java:logAndReturn(94)) -   Response 1: s4<-s2#0:OK-t0
2024-10-11 22:06:48,740 [s4@group-1AD9B673A28D-LeaderElection91] INFO  impl.LeaderElection (LeaderElection.java:askForVotes(335)) - s4@group-1AD9B673A28D-LeaderElection91 PRE_VOTE round 0: result PASSED
2024-10-11 22:06:48,740 [s4@group-1AD9B673A28D-LeaderElection91] TRACE util.FileUtils (LogUtils.java:supplyAndLog(69)) - Successfully supplied FileChannel.open /home/runner/work/ratis/ratis/ratis-test/target/test/data/30a65e24/MiniRaftClusterWithGrpc3c72539d/s4/d6644593-8c1d-4974-ad56-1ad9b673a28d/current/raft-meta.tmp with options [CREATE, WRITE]: sun.nio.ch.FileChannelImpl@dfb5149
2024-10-11 22:06:48,740 [grpc-default-executor-2] INFO  server.RaftServer$Division (RaftServerImpl.java:requestVote(1480)) - s0@group-1AD9B673A28D replies to PRE_VOTE vote request: s4<-s0#0:OK-t0. Peer's state: s0@group-1AD9B673A28D:t0, leader=null, voted=, raftlog=Memoized:s0@group-1AD9B673A28D-SegmentedRaftLog:OPENED:c-1:lastnull, conf=conf: {index: -1, cur=peers:[s3|localhost:15332, s4|localhost:15336, s0|localhost:15320, s1|localhost:15324, s2|localhost:15328]|listeners:[], old=null}
2024-10-11 22:06:48,740 [grpc-default-executor-1] INFO  impl.VoteContext (VoteContext.java:log(49)) - s1@group-1AD9B673A28D-FOLLOWER: accept PRE_VOTE from s4: our priority 0 <= candidate's priority 0
2024-10-11 22:06:48,741 [grpc-default-executor-1] INFO  server.RaftServer$Division (RaftServerImpl.java:requestVote(1480)) - s1@group-1AD9B673A28D replies to PRE_VOTE vote request: s4<-s1#0:OK-t0. Peer's state: s1@group-1AD9B673A28D:t0, leader=null, voted=, raftlog=Memoized:s1@group-1AD9B673A28D-SegmentedRaftLog:OPENED:c-1:lastnull, conf=conf: {index: -1, cur=peers:[s3|localhost:15332, s4|localhost:15336, s0|localhost:15320, s1|localhost:15324, s2|localhost:15328]|listeners:[], old=null}
2024-10-11 22:06:48,741 [s4@group-1AD9B673A28D-LeaderElection91] TRACE util.FileUtils (LogUtils.java:runAndLog(49)) - Successfully ran Atomic Files.move /home/runner/work/ratis/ratis/ratis-test/target/test/data/30a65e24/MiniRaftClusterWithGrpc3c72539d/s4/d6644593-8c1d-4974-ad56-1ad9b673a28d/current/raft-meta.tmp to /home/runner/work/ratis/ratis/ratis-test/target/test/data/30a65e24/MiniRaftClusterWithGrpc3c72539d/s4/d6644593-8c1d-4974-ad56-1ad9b673a28d/current/raft-meta with options [REPLACE_EXISTING]
2024-10-11 22:06:48,741 [s4@group-1AD9B673A28D-LeaderElection91] INFO  impl.LeaderElection (LeaderElection.java:askForVotes(333)) - s4@group-1AD9B673A28D-LeaderElection91 ELECTION round 0: submit vote requests at term 1 for conf: {index: -1, cur=peers:[s3|localhost:15332, s4|localhost:15336, s0|localhost:15320, s1|localhost:15324, s2|localhost:15328]|listeners:[], old=null}
2024-10-11 22:06:48,742 [s4@group-1AD9B673A28D-LeaderElection91] INFO  server.RaftServerConfigKeys (ConfUtils.java:logFallback(53)) - raft.server.rpc.first-election.timeout.min = 150ms (fallback to raft.server.rpc.timeout.min)
2024-10-11 22:06:48,742 [s4@group-1AD9B673A28D-LeaderElection91] INFO  server.RaftServerConfigKeys (ConfUtils.java:logFallback(53)) - raft.server.rpc.first-election.timeout.max = 300ms (fallback to raft.server.rpc.timeout.max)
2024-10-11 22:06:48,743 [grpc-default-executor-1] INFO  server.RaftServer$Division (RaftServerImpl.java:requestVote(1447)) - s1@group-1AD9B673A28D: receive requestVote(ELECTION, s4, group-1AD9B673A28D, 1, (t:0, i:0))
2024-10-11 22:06:48,744 [grpc-default-executor-0] INFO  server.RaftServer$Division (RaftServerImpl.java:requestVote(1447)) - s2@group-1AD9B673A28D: receive requestVote(ELECTION, s4, group-1AD9B673A28D, 1, (t:0, i:0))
2024-10-11 22:06:48,744 [grpc-default-executor-2] INFO  server.RaftServer$Division (RaftServerImpl.java:requestVote(1447)) - s3@group-1AD9B673A28D: receive requestVote(ELECTION, s4, group-1AD9B673A28D, 1, (t:0, i:0))
2024-10-11 22:06:48,744 [grpc-default-executor-3] INFO  server.RaftServer$Division (RaftServerImpl.java:requestVote(1447)) - s0@group-1AD9B673A28D: receive requestVote(ELECTION, s4, group-1AD9B673A28D, 1, (t:0, i:0))
2024-10-11 22:06:48,744 [grpc-default-executor-3] INFO  impl.VoteContext (VoteContext.java:log(49)) - s0@group-1AD9B673A28D-FOLLOWER: accept ELECTION from s4: our priority 0 <= candidate's priority 0
2024-10-11 22:06:48,744 [grpc-default-executor-3] INFO  server.RaftServer$Division (RaftServerImpl.java:setRole(380)) - s0@group-1AD9B673A28D: changes role from  FOLLOWER to FOLLOWER at term 0 for candidate:s4
2024-10-11 22:06:48,744 [grpc-default-executor-3] INFO  impl.RoleInfo (RoleInfo.java:shutdownFollowerState(121)) - s0: shutdown s0@group-1AD9B673A28D-FollowerState
2024-10-11 22:06:48,744 [grpc-default-executor-0] INFO  impl.VoteContext (VoteContext.java:log(49)) - s2@group-1AD9B673A28D-FOLLOWER: accept ELECTION from s4: our priority 0 <= candidate's priority 0
2024-10-11 22:06:48,744 [grpc-default-executor-1] INFO  impl.VoteContext (VoteContext.java:log(49)) - s1@group-1AD9B673A28D-FOLLOWER: accept ELECTION from s4: our priority 0 <= candidate's priority 0
2024-10-11 22:06:48,744 [grpc-default-executor-1] INFO  server.RaftServer$Division (RaftServerImpl.java:setRole(380)) - s1@group-1AD9B673A28D: changes role from  FOLLOWER to FOLLOWER at term 0 for candidate:s4
2024-10-11 22:06:48,744 [grpc-default-executor-1] INFO  impl.RoleInfo (RoleInfo.java:shutdownFollowerState(121)) - s1: shutdown s1@group-1AD9B673A28D-FollowerState
2024-10-11 22:06:48,744 [grpc-default-executor-0] INFO  server.RaftServer$Division (RaftServerImpl.java:setRole(380)) - s2@group-1AD9B673A28D: changes role from  FOLLOWER to FOLLOWER at term 0 for candidate:s4
2024-10-11 22:06:48,745 [grpc-default-executor-0] INFO  impl.RoleInfo (RoleInfo.java:shutdownFollowerState(121)) - s2: shutdown s2@group-1AD9B673A28D-FollowerState
2024-10-11 22:06:48,745 [grpc-default-executor-0] INFO  impl.RoleInfo (RoleInfo.java:updateAndGet(148)) - s2: start s2@group-1AD9B673A28D-FollowerState
2024-10-11 22:06:48,744 [s0@group-1AD9B673A28D-FollowerState] INFO  impl.FollowerState (FollowerState.java:runImpl(170)) - s0@group-1AD9B673A28D-FollowerState was interrupted
2024-10-11 22:06:48,744 [grpc-default-executor-3] INFO  impl.RoleInfo (RoleInfo.java:updateAndGet(148)) - s0: start s0@group-1AD9B673A28D-FollowerState
2024-10-11 22:06:48,744 [grpc-default-executor-2] INFO  impl.VoteContext (VoteContext.java:log(49)) - s3@group-1AD9B673A28D-FOLLOWER: accept ELECTION from s4: our priority 0 <= candidate's priority 0
2024-10-11 22:06:48,745 [grpc-default-executor-2] INFO  server.RaftServer$Division (RaftServerImpl.java:setRole(380)) - s3@group-1AD9B673A28D: changes role from  FOLLOWER to FOLLOWER at term 0 for candidate:s4
2024-10-11 22:06:48,745 [grpc-default-executor-2] INFO  impl.RoleInfo (RoleInfo.java:shutdownFollowerState(121)) - s3: shutdown s3@group-1AD9B673A28D-FollowerState
2024-10-11 22:06:48,745 [grpc-default-executor-3] INFO  server.RaftServer$Division (RaftServerImpl.java:setFirstElection(564)) - s0@group-1AD9B673A28D: set firstElectionSinceStartup to false for candidate:s4
2024-10-11 22:06:48,745 [s3@group-1AD9B673A28D-FollowerState] INFO  impl.FollowerState (FollowerState.java:runImpl(170)) - s3@group-1AD9B673A28D-FollowerState was interrupted
2024-10-11 22:06:48,745 [grpc-default-executor-0] INFO  server.RaftServer$Division (RaftServerImpl.java:setFirstElection(564)) - s2@group-1AD9B673A28D: set firstElectionSinceStartup to false for candidate:s4
2024-10-11 22:06:48,745 [s2@group-1AD9B673A28D-FollowerState] INFO  impl.FollowerState (FollowerState.java:runImpl(170)) - s2@group-1AD9B673A28D-FollowerState was interrupted
2024-10-11 22:06:48,744 [s1@group-1AD9B673A28D-FollowerState] INFO  impl.FollowerState (FollowerState.java:runImpl(170)) - s1@group-1AD9B673A28D-FollowerState was interrupted
2024-10-11 22:06:48,746 [grpc-default-executor-0] TRACE util.FileUtils (LogUtils.java:supplyAndLog(69)) - Successfully supplied FileChannel.open /home/runner/work/ratis/ratis/ratis-test/target/test/data/30a65e24/MiniRaftClusterWithGrpc3c72539d/s2/d6644593-8c1d-4974-ad56-1ad9b673a28d/current/raft-meta.tmp with options [CREATE, WRITE]: sun.nio.ch.FileChannelImpl@bfc321b
2024-10-11 22:06:48,744 [grpc-default-executor-1] INFO  impl.RoleInfo (RoleInfo.java:updateAndGet(148)) - s1: start s1@group-1AD9B673A28D-FollowerState
2024-10-11 22:06:48,745 [grpc-default-executor-3] TRACE util.FileUtils (LogUtils.java:supplyAndLog(69)) - Successfully supplied FileChannel.open /home/runner/work/ratis/ratis/ratis-test/target/test/data/30a65e24/MiniRaftClusterWithGrpc3c72539d/s0/d6644593-8c1d-4974-ad56-1ad9b673a28d/current/raft-meta.tmp with options [CREATE, WRITE]: sun.nio.ch.FileChannelImpl@4873a6be
2024-10-11 22:06:48,745 [grpc-default-executor-2] INFO  impl.RoleInfo (RoleInfo.java:updateAndGet(148)) - s3: start s3@group-1AD9B673A28D-FollowerState
2024-10-11 22:06:48,746 [grpc-default-executor-1] INFO  server.RaftServer$Division (RaftServerImpl.java:setFirstElection(564)) - s1@group-1AD9B673A28D: set firstElectionSinceStartup to false for candidate:s4
2024-10-11 22:06:48,747 [grpc-default-executor-1] TRACE util.FileUtils (LogUtils.java:supplyAndLog(69)) - Successfully supplied FileChannel.open /home/runner/work/ratis/ratis/ratis-test/target/test/data/30a65e24/MiniRaftClusterWithGrpc3c72539d/s1/d6644593-8c1d-4974-ad56-1ad9b673a28d/current/raft-meta.tmp with options [CREATE, WRITE]: sun.nio.ch.FileChannelImpl@7f77a113
2024-10-11 22:06:48,747 [grpc-default-executor-0] TRACE util.FileUtils (LogUtils.java:runAndLog(49)) - Successfully ran Atomic Files.move /home/runner/work/ratis/ratis/ratis-test/target/test/data/30a65e24/MiniRaftClusterWithGrpc3c72539d/s2/d6644593-8c1d-4974-ad56-1ad9b673a28d/current/raft-meta.tmp to /home/runner/work/ratis/ratis/ratis-test/target/test/data/30a65e24/MiniRaftClusterWithGrpc3c72539d/s2/d6644593-8c1d-4974-ad56-1ad9b673a28d/current/raft-meta with options [REPLACE_EXISTING]
2024-10-11 22:06:48,747 [grpc-default-executor-3] TRACE util.FileUtils (LogUtils.java:runAndLog(49)) - Successfully ran Atomic Files.move /home/runner/work/ratis/ratis/ratis-test/target/test/data/30a65e24/MiniRaftClusterWithGrpc3c72539d/s0/d6644593-8c1d-4974-ad56-1ad9b673a28d/current/raft-meta.tmp to /home/runner/work/ratis/ratis/ratis-test/target/test/data/30a65e24/MiniRaftClusterWithGrpc3c72539d/s0/d6644593-8c1d-4974-ad56-1ad9b673a28d/current/raft-meta with options [REPLACE_EXISTING]
2024-10-11 22:06:48,747 [grpc-default-executor-2] INFO  server.RaftServer$Division (RaftServerImpl.java:setFirstElection(564)) - s3@group-1AD9B673A28D: set firstElectionSinceStartup to false for candidate:s4
2024-10-11 22:06:48,747 [grpc-default-executor-3] INFO  server.RaftServer$Division (RaftServerImpl.java:requestVote(1480)) - s0@group-1AD9B673A28D replies to ELECTION vote request: s4<-s0#0:OK-t1. Peer's state: s0@group-1AD9B673A28D:t1, leader=null, voted=s4, raftlog=Memoized:s0@group-1AD9B673A28D-SegmentedRaftLog:OPENED:c-1:lastnull, conf=conf: {index: -1, cur=peers:[s3|localhost:15332, s4|localhost:15336, s0|localhost:15320, s1|localhost:15324, s2|localhost:15328]|listeners:[], old=null}
2024-10-11 22:06:48,747 [grpc-default-executor-2] TRACE util.FileUtils (LogUtils.java:supplyAndLog(69)) - Successfully supplied FileChannel.open /home/runner/work/ratis/ratis/ratis-test/target/test/data/30a65e24/MiniRaftClusterWithGrpc3c72539d/s3/d6644593-8c1d-4974-ad56-1ad9b673a28d/current/raft-meta.tmp with options [CREATE, WRITE]: sun.nio.ch.FileChannelImpl@74421657
2024-10-11 22:06:48,747 [grpc-default-executor-0] INFO  server.RaftServer$Division (RaftServerImpl.java:requestVote(1480)) - s2@group-1AD9B673A28D replies to ELECTION vote request: s4<-s2#0:OK-t1. Peer's state: s2@group-1AD9B673A28D:t1, leader=null, voted=s4, raftlog=Memoized:s2@group-1AD9B673A28D-SegmentedRaftLog:OPENED:c-1:lastnull, conf=conf: {index: -1, cur=peers:[s3|localhost:15332, s4|localhost:15336, s0|localhost:15320, s1|localhost:15324, s2|localhost:15328]|listeners:[], old=null}
2024-10-11 22:06:48,748 [grpc-default-executor-1] TRACE util.FileUtils (LogUtils.java:runAndLog(49)) - Successfully ran Atomic Files.move /home/runner/work/ratis/ratis/ratis-test/target/test/data/30a65e24/MiniRaftClusterWithGrpc3c72539d/s1/d6644593-8c1d-4974-ad56-1ad9b673a28d/current/raft-meta.tmp to /home/runner/work/ratis/ratis/ratis-test/target/test/data/30a65e24/MiniRaftClusterWithGrpc3c72539d/s1/d6644593-8c1d-4974-ad56-1ad9b673a28d/current/raft-meta with options [REPLACE_EXISTING]
2024-10-11 22:06:48,749 [grpc-default-executor-1] INFO  server.RaftServer$Division (RaftServerImpl.java:requestVote(1480)) - s1@group-1AD9B673A28D replies to ELECTION vote request: s4<-s1#0:OK-t1. Peer's state: s1@group-1AD9B673A28D:t1, leader=null, voted=s4, raftlog=Memoized:s1@group-1AD9B673A28D-SegmentedRaftLog:OPENED:c-1:lastnull, conf=conf: {index: -1, cur=peers:[s3|localhost:15332, s4|localhost:15336, s0|localhost:15320, s1|localhost:15324, s2|localhost:15328]|listeners:[], old=null}
2024-10-11 22:06:48,748 [grpc-default-executor-2] TRACE util.FileUtils (LogUtils.java:runAndLog(49)) - Successfully ran Atomic Files.move /home/runner/work/ratis/ratis/ratis-test/target/test/data/30a65e24/MiniRaftClusterWithGrpc3c72539d/s3/d6644593-8c1d-4974-ad56-1ad9b673a28d/current/raft-meta.tmp to /home/runner/work/ratis/ratis/ratis-test/target/test/data/30a65e24/MiniRaftClusterWithGrpc3c72539d/s3/d6644593-8c1d-4974-ad56-1ad9b673a28d/current/raft-meta with options [REPLACE_EXISTING]
2024-10-11 22:06:48,750 [grpc-default-executor-2] INFO  server.RaftServer$Division (RaftServerImpl.java:requestVote(1480)) - s3@group-1AD9B673A28D replies to ELECTION vote request: s4<-s3#0:OK-t1. Peer's state: s3@group-1AD9B673A28D:t1, leader=null, voted=s4, raftlog=Memoized:s3@group-1AD9B673A28D-SegmentedRaftLog:OPENED:c-1:lastnull, conf=conf: {index: -1, cur=peers:[s3|localhost:15332, s4|localhost:15336, s0|localhost:15320, s1|localhost:15324, s2|localhost:15328]|listeners:[], old=null}
2024-10-11 22:06:48,751 [s4@group-1AD9B673A28D-LeaderElection91] INFO  impl.LeaderElection (LeaderElection.java:logAndReturn(90)) - s4@group-1AD9B673A28D-LeaderElection91: ELECTION PASSED received 2 response(s) and 0 exception(s):
2024-10-11 22:06:48,751 [s4@group-1AD9B673A28D-LeaderElection91] INFO  impl.LeaderElection (LeaderElection.java:logAndReturn(94)) -   Response 0: s4<-s0#0:OK-t1
2024-10-11 22:06:48,751 [s4@group-1AD9B673A28D-LeaderElection91] INFO  impl.LeaderElection (LeaderElection.java:logAndReturn(94)) -   Response 1: s4<-s2#0:OK-t1
2024-10-11 22:06:48,751 [s4@group-1AD9B673A28D-LeaderElection91] INFO  impl.LeaderElection (LeaderElection.java:askForVotes(335)) - s4@group-1AD9B673A28D-LeaderElection91 ELECTION round 0: result PASSED
2024-10-11 22:06:48,751 [s4@group-1AD9B673A28D-LeaderElection91] INFO  impl.RoleInfo (RoleInfo.java:shutdownLeaderElection(141)) - s4: shutdown s4@group-1AD9B673A28D-LeaderElection91
2024-10-11 22:06:48,751 [s4@group-1AD9B673A28D-LeaderElection91] INFO  server.RaftServer$Division (RaftServerImpl.java:setRole(380)) - s4@group-1AD9B673A28D: changes role from CANDIDATE to LEADER at term 1 for changeToLeader
2024-10-11 22:06:48,751 [s4@group-1AD9B673A28D-LeaderElection91] INFO  server.RaftServerConfigKeys (ConfUtils.java:logGet(46)) - raft.server.staging.catchup.gap = 1000 (default)
2024-10-11 22:06:48,751 [s4@group-1AD9B673A28D-LeaderElection91] INFO  server.RaftServerConfigKeys (ConfUtils.java:logGet(46)) - raft.server.write.element-limit = 4096 (default)
2024-10-11 22:06:48,751 [s4@group-1AD9B673A28D-LeaderElection91] INFO  server.RaftServerConfigKeys (ConfUtils.java:logGet(46)) - raft.server.write.byte-limit = 64MB (=67108864) (default)
2024-10-11 22:06:48,752 [s4@group-1AD9B673A28D-LeaderElection91] INFO  server.RaftServerConfigKeys (ConfUtils.java:logGet(46)) - raft.server.watch.timeout = 10s (default)
2024-10-11 22:06:48,752 [s4@group-1AD9B673A28D-LeaderElection91] INFO  server.RaftServerConfigKeys (ConfUtils.java:logGet(46)) - raft.server.watch.timeout.denomination = 1s (default)
2024-10-11 22:06:48,752 [s4@group-1AD9B673A28D-LeaderElection91] INFO  server.RaftServerConfigKeys (ConfUtils.java:logGet(46)) - raft.server.watch.element-limit = 65536 (default)
2024-10-11 22:06:48,752 [s4@group-1AD9B673A28D-LeaderElection91] INFO  server.RaftServerConfigKeys (ConfUtils.java:logGet(46)) - raft.server.read.leader.lease.enabled = true (custom)
2024-10-11 22:06:48,752 [s4@group-1AD9B673A28D-LeaderElection91] INFO  server.RaftServerConfigKeys (ConfUtils.java:logGet(46)) - raft.server.read.leader.lease.timeout.ratio = 0.5 (custom)
2024-10-11 22:06:48,752 [s4@group-1AD9B673A28D-LeaderElection91] INFO  server.RaftServerConfigKeys (ConfUtils.java:logGet(46)) - raft.server.rpc.timeout.min = 150ms (default)
2024-10-11 22:06:48,752 [s4@group-1AD9B673A28D-LeaderElection91] INFO  server.RaftServerConfigKeys (ConfUtils.java:logGet(46)) - raft.server.log.log-metadata.enabled = true (default)
2024-10-11 22:06:48,752 [s4@group-1AD9B673A28D-LeaderElection91] INFO  server.RaftServerConfigKeys (ConfUtils.java:logGet(46)) - raft.server.write.element-limit = 4096 (default)
2024-10-11 22:06:48,752 [s4@group-1AD9B673A28D-LeaderElection91] INFO  server.RaftServerConfigKeys (ConfUtils.java:logGet(46)) - raft.server.write.follower.gap.ratio.max = -1.0 (default)
2024-10-11 22:06:48,752 [s4@group-1AD9B673A28D-LeaderElection91] INFO  server.RaftServerConfigKeys (ConfUtils.java:logGet(46)) - raft.server.log.appender.snapshot.chunk.size.max = 16MB (=16777216) (default)
2024-10-11 22:06:48,752 [s4@group-1AD9B673A28D-LeaderElection91] INFO  server.RaftServerConfigKeys (ConfUtils.java:logGet(46)) - raft.server.log.appender.buffer.byte-limit = 4MB (=4194304) (default)
2024-10-11 22:06:48,752 [s4@group-1AD9B673A28D-LeaderElection91] INFO  server.RaftServerConfigKeys (ConfUtils.java:logGet(46)) - raft.server.log.appender.buffer.element-limit = 0 (default)
2024-10-11 22:06:48,752 [s4@group-1AD9B673A28D-LeaderElection91] INFO  server.RaftServerConfigKeys (ConfUtils.java:logGet(46)) - raft.server.log.appender.wait-time.min = 1ms (default)
2024-10-11 22:06:48,752 [s4@group-1AD9B673A28D-LeaderElection91] INFO  grpc.GrpcConfigKeys (ConfUtils.java:logGet(46)) - raft.grpc.server.leader.outstanding.appends.max = 8 (default)
2024-10-11 22:06:48,752 [s4@group-1AD9B673A28D-LeaderElection91] INFO  server.RaftServerConfigKeys (ConfUtils.java:logGet(46)) - raft.server.rpc.request.timeout = 3000ms (default)
2024-10-11 22:06:48,752 [s4@group-1AD9B673A28D-LeaderElection91] INFO  grpc.GrpcConfigKeys (ConfUtils.java:logGet(46)) - raft.grpc.server.install_snapshot.request.element-limit = 8 (default)
2024-10-11 22:06:48,752 [s4@group-1AD9B673A28D-LeaderElection91] INFO  grpc.GrpcConfigKeys (ConfUtils.java:logGet(46)) - raft.grpc.server.install_snapshot.request.timeout = 3000ms (default)
2024-10-11 22:06:48,752 [s4@group-1AD9B673A28D-LeaderElection91] INFO  grpc.GrpcConfigKeys (ConfUtils.java:logGet(46)) - raft.grpc.server.log-message.batch.duration = 5s (default)
2024-10-11 22:06:48,752 [s4@group-1AD9B673A28D-LeaderElection91] INFO  server.RaftServerConfigKeys (ConfUtils.java:logGet(46)) - raft.server.log.appender.install.snapshot.enabled = true (default)
2024-10-11 22:06:48,752 [s4@group-1AD9B673A28D-LeaderElection91] INFO  grpc.GrpcConfigKeys (ConfUtils.java:logGet(46)) - raft.grpc.server.heartbeat.channel = true (default)
2024-10-11 22:06:48,753 [s4@group-1AD9B673A28D-LeaderElection91] INFO  server.RaftServerConfigKeys (ConfUtils.java:logGet(46)) - raft.server.log.appender.snapshot.chunk.size.max = 16MB (=16777216) (default)
2024-10-11 22:06:48,753 [s4@group-1AD9B673A28D-LeaderElection91] INFO  server.RaftServerConfigKeys (ConfUtils.java:logGet(46)) - raft.server.log.appender.buffer.byte-limit = 4MB (=4194304) (default)
2024-10-11 22:06:48,753 [s4@group-1AD9B673A28D-LeaderElection91] INFO  server.RaftServerConfigKeys (ConfUtils.java:logGet(46)) - raft.server.log.appender.buffer.element-limit = 0 (default)
2024-10-11 22:06:48,753 [s4@group-1AD9B673A28D-LeaderElection91] INFO  server.RaftServerConfigKeys (ConfUtils.java:logGet(46)) - raft.server.log.appender.wait-time.min = 1ms (default)
2024-10-11 22:06:48,753 [s4@group-1AD9B673A28D-LeaderElection91] INFO  grpc.GrpcConfigKeys (ConfUtils.java:logGet(46)) - raft.grpc.server.leader.outstanding.appends.max = 8 (default)
2024-10-11 22:06:48,753 [s4@group-1AD9B673A28D-LeaderElection91] INFO  server.RaftServerConfigKeys (ConfUtils.java:logGet(46)) - raft.server.rpc.request.timeout = 3000ms (default)
2024-10-11 22:06:48,753 [s4@group-1AD9B673A28D-LeaderElection91] INFO  grpc.GrpcConfigKeys (ConfUtils.java:logGet(46)) - raft.grpc.server.install_snapshot.request.element-limit = 8 (default)
2024-10-11 22:06:48,753 [s4@group-1AD9B673A28D-LeaderElection91] INFO  grpc.GrpcConfigKeys (ConfUtils.java:logGet(46)) - raft.grpc.server.install_snapshot.request.timeout = 3000ms (default)
2024-10-11 22:06:48,753 [s4@group-1AD9B673A28D-LeaderElection91] INFO  grpc.GrpcConfigKeys (ConfUtils.java:logGet(46)) - raft.grpc.server.log-message.batch.duration = 5s (default)
2024-10-11 22:06:48,753 [s4@group-1AD9B673A28D-LeaderElection91] INFO  server.RaftServerConfigKeys (ConfUtils.java:logGet(46)) - raft.server.log.appender.install.snapshot.enabled = true (default)
2024-10-11 22:06:48,753 [s4@group-1AD9B673A28D-LeaderElection91] INFO  grpc.GrpcConfigKeys (ConfUtils.java:logGet(46)) - raft.grpc.server.heartbeat.channel = true (default)
2024-10-11 22:06:48,753 [s4@group-1AD9B673A28D-LeaderElection91] INFO  server.RaftServerConfigKeys (ConfUtils.java:logGet(46)) - raft.server.log.appender.snapshot.chunk.size.max = 16MB (=16777216) (default)
2024-10-11 22:06:48,753 [s4@group-1AD9B673A28D-LeaderElection91] INFO  server.RaftServerConfigKeys (ConfUtils.java:logGet(46)) - raft.server.log.appender.buffer.byte-limit = 4MB (=4194304) (default)
2024-10-11 22:06:48,753 [s4@group-1AD9B673A28D-LeaderElection91] INFO  server.RaftServerConfigKeys (ConfUtils.java:logGet(46)) - raft.server.log.appender.buffer.element-limit = 0 (default)
2024-10-11 22:06:48,753 [s4@group-1AD9B673A28D-LeaderElection91] INFO  server.RaftServerConfigKeys (ConfUtils.java:logGet(46)) - raft.server.log.appender.wait-time.min = 1ms (default)
2024-10-11 22:06:48,753 [s4@group-1AD9B673A28D-LeaderElection91] INFO  grpc.GrpcConfigKeys (ConfUtils.java:logGet(46)) - raft.grpc.server.leader.outstanding.appends.max = 8 (default)
2024-10-11 22:06:48,753 [s4@group-1AD9B673A28D-LeaderElection91] INFO  server.RaftServerConfigKeys (ConfUtils.java:logGet(46)) - raft.server.rpc.request.timeout = 3000ms (default)
2024-10-11 22:06:48,753 [s4@group-1AD9B673A28D-LeaderElection91] INFO  grpc.GrpcConfigKeys (ConfUtils.java:logGet(46)) - raft.grpc.server.install_snapshot.request.element-limit = 8 (default)
2024-10-11 22:06:48,753 [s4@group-1AD9B673A28D-LeaderElection91] INFO  grpc.GrpcConfigKeys (ConfUtils.java:logGet(46)) - raft.grpc.server.install_snapshot.request.timeout = 3000ms (default)
2024-10-11 22:06:48,754 [s4@group-1AD9B673A28D-LeaderElection91] INFO  grpc.GrpcConfigKeys (ConfUtils.java:logGet(46)) - raft.grpc.server.log-message.batch.duration = 5s (default)
2024-10-11 22:06:48,754 [s4@group-1AD9B673A28D-LeaderElection91] INFO  server.RaftServerConfigKeys (ConfUtils.java:logGet(46)) - raft.server.log.appender.install.snapshot.enabled = true (default)
2024-10-11 22:06:48,754 [s4@group-1AD9B673A28D-LeaderElection91] INFO  grpc.GrpcConfigKeys (ConfUtils.java:logGet(46)) - raft.grpc.server.heartbeat.channel = true (default)
2024-10-11 22:06:48,754 [s4@group-1AD9B673A28D-LeaderElection91] INFO  server.RaftServerConfigKeys (ConfUtils.java:logGet(46)) - raft.server.log.appender.snapshot.chunk.size.max = 16MB (=16777216) (default)
2024-10-11 22:06:48,754 [s4@group-1AD9B673A28D-LeaderElection91] INFO  server.RaftServerConfigKeys (ConfUtils.java:logGet(46)) - raft.server.log.appender.buffer.byte-limit = 4MB (=4194304) (default)
2024-10-11 22:06:48,754 [s4@group-1AD9B673A28D-LeaderElection91] INFO  server.RaftServerConfigKeys (ConfUtils.java:logGet(46)) - raft.server.log.appender.buffer.element-limit = 0 (default)
2024-10-11 22:06:48,754 [s4@group-1AD9B673A28D-LeaderElection91] INFO  server.RaftServerConfigKeys (ConfUtils.java:logGet(46)) - raft.server.log.appender.wait-time.min = 1ms (default)
2024-10-11 22:06:48,754 [s4@group-1AD9B673A28D-LeaderElection91] INFO  grpc.GrpcConfigKeys (ConfUtils.java:logGet(46)) - raft.grpc.server.leader.outstanding.appends.max = 8 (default)
2024-10-11 22:06:48,754 [s4@group-1AD9B673A28D-LeaderElection91] INFO  server.RaftServerConfigKeys (ConfUtils.java:logGet(46)) - raft.server.rpc.request.timeout = 3000ms (default)
2024-10-11 22:06:48,754 [s4@group-1AD9B673A28D-LeaderElection91] INFO  grpc.GrpcConfigKeys (ConfUtils.java:logGet(46)) - raft.grpc.server.install_snapshot.request.element-limit = 8 (default)
2024-10-11 22:06:48,754 [s4@group-1AD9B673A28D-LeaderElection91] INFO  grpc.GrpcConfigKeys (ConfUtils.java:logGet(46)) - raft.grpc.server.install_snapshot.request.timeout = 3000ms (default)
2024-10-11 22:06:48,754 [s4@group-1AD9B673A28D-LeaderElection91] INFO  grpc.GrpcConfigKeys (ConfUtils.java:logGet(46)) - raft.grpc.server.log-message.batch.duration = 5s (default)
2024-10-11 22:06:48,754 [s4@group-1AD9B673A28D-LeaderElection91] INFO  server.RaftServerConfigKeys (ConfUtils.java:logGet(46)) - raft.server.log.appender.install.snapshot.enabled = true (default)
2024-10-11 22:06:48,754 [s4@group-1AD9B673A28D-LeaderElection91] INFO  grpc.GrpcConfigKeys (ConfUtils.java:logGet(46)) - raft.grpc.server.heartbeat.channel = true (default)
2024-10-11 22:06:48,754 [s4@group-1AD9B673A28D-LeaderElection91] INFO  impl.RoleInfo (RoleInfo.java:updateAndGet(148)) - s4: start s4@group-1AD9B673A28D-LeaderStateImpl
2024-10-11 22:06:48,754 [s4@group-1AD9B673A28D-LeaderElection91] INFO  server.RaftServer$Division (RaftServerImpl.java:setFirstElection(564)) - s4@group-1AD9B673A28D: set firstElectionSinceStartup to false for becomeLeader
2024-10-11 22:06:48,754 [s4@group-1AD9B673A28D-LeaderElection91] INFO  server.RaftServer$Division (ServerState.java:setLeader(272)) - s4@group-1AD9B673A28D: change Leader from null to s4 at term 1 for becomeLeader, leader elected after 251ms
2024-10-11 22:06:48,755 [s4@group-1AD9B673A28D-LeaderElection91] INFO  segmented.SegmentedRaftLogWorker (SegmentedRaftLogWorker.java:startLogSegment(442)) - s4@group-1AD9B673A28D-SegmentedRaftLogWorker: Starting segment from index:0
2024-10-11 22:06:48,755 [s4@group-1AD9B673A28D-LeaderElection91] INFO  server.RaftServer$Division (ServerState.java:setRaftConf(386)) - s4@group-1AD9B673A28D: set configuration conf: {index: 0, cur=peers:[s3|localhost:15332, s4|localhost:15336, s0|localhost:15320, s1|localhost:15324, s2|localhost:15328]|listeners:[], old=null}
2024-10-11 22:06:48,762 [s4@group-1AD9B673A28D-SegmentedRaftLogWorker] INFO  segmented.BufferedWriteChannel (BufferedWriteChannel.java:open(61)) - open log_inprogress_0 at position 0
2024-10-11 22:06:48,763 [s0-server-thread1] INFO  server.RaftServer$Division (ServerState.java:setLeader(272)) - s0@group-1AD9B673A28D: change Leader from null to s4 at term 1 for appendEntries, leader elected after 250ms
2024-10-11 22:06:48,763 [s1-server-thread1] INFO  server.RaftServer$Division (ServerState.java:setLeader(272)) - s1@group-1AD9B673A28D: change Leader from null to s4 at term 1 for appendEntries, leader elected after 242ms
2024-10-11 22:06:48,766 [s0-server-thread1] DEBUG server.RaftServer$Division (RaftServerImpl.java:logAppendEntries(1549)) - s0@group-1AD9B673A28D: appendEntries* s4->s0#1-t1,previous=(t:0, i:0),leaderCommit=-1,initializing? false,entries: size=1, first=(t:1, i:0), CONFIGURATIONENTRY(current:id:"s3"address:"localhost:15332"dataStreamAddress:"localhost:15335"clientAddress:"localhost:15334"adminAddress:"localhost:15333"startupRole:FOLLOWER, id:"s4"address:"localhost:15336"dataStreamAddress:"localhost:15339"clientAddress:"localhost:15338"adminAddress:"localhost:15337"startupRole:FOLLOWER, id:"s0"address:"localhost:15320"dataStreamAddress:"localhost:15323"clientAddress:"localhost:15322"adminAddress:"localhost:15321"startupRole:FOLLOWER, id:"s1"address:"localhost:15324"dataStreamAddress:"localhost:15327"clientAddress:"localhost:15326"adminAddress:"localhost:15325"startupRole:FOLLOWER, id:"s2"address:"localhost:15328"dataStreamAddress:"localhost:15331"clientAddress:"localhost:15330"adminAddress:"localhost:15329"startupRole:FOLLOWER, old:)
2024-10-11 22:06:48,766 [s0-server-thread1] INFO  server.RaftServer$Division (ServerState.java:setRaftConf(386)) - s0@group-1AD9B673A28D: set configuration conf: {index: 0, cur=peers:[s3|localhost:15332, s4|localhost:15336, s0|localhost:15320, s1|localhost:15324, s2|localhost:15328]|listeners:[], old=null}
2024-10-11 22:06:48,766 [s0-server-thread1] INFO  segmented.SegmentedRaftLogWorker (SegmentedRaftLogWorker.java:startLogSegment(442)) - s0@group-1AD9B673A28D-SegmentedRaftLogWorker: Starting segment from index:0
2024-10-11 22:06:48,767 [s0@group-1AD9B673A28D-SegmentedRaftLogWorker] INFO  segmented.BufferedWriteChannel (BufferedWriteChannel.java:open(61)) - open log_inprogress_0 at position 0
2024-10-11 22:06:48,768 [s1-server-thread3] DEBUG server.RaftServer$Division (RaftServerImpl.java:logAppendEntries(1549)) - s1@group-1AD9B673A28D: appendEntries* s4->s1#1-t1,previous=(t:0, i:0),leaderCommit=-1,initializing? false,entries: size=1, first=(t:1, i:0), CONFIGURATIONENTRY(current:id:"s3"address:"localhost:15332"dataStreamAddress:"localhost:15335"clientAddress:"localhost:15334"adminAddress:"localhost:15333"startupRole:FOLLOWER, id:"s4"address:"localhost:15336"dataStreamAddress:"localhost:15339"clientAddress:"localhost:15338"adminAddress:"localhost:15337"startupRole:FOLLOWER, id:"s0"address:"localhost:15320"dataStreamAddress:"localhost:15323"clientAddress:"localhost:15322"adminAddress:"localhost:15321"startupRole:FOLLOWER, id:"s1"address:"localhost:15324"dataStreamAddress:"localhost:15327"clientAddress:"localhost:15326"adminAddress:"localhost:15325"startupRole:FOLLOWER, id:"s2"address:"localhost:15328"dataStreamAddress:"localhost:15331"clientAddress:"localhost:15330"adminAddress:"localhost:15329"startupRole:FOLLOWER, old:)
2024-10-11 22:06:48,769 [s1-server-thread3] INFO  server.RaftServer$Division (ServerState.java:setRaftConf(386)) - s1@group-1AD9B673A28D: set configuration conf: {index: 0, cur=peers:[s3|localhost:15332, s4|localhost:15336, s0|localhost:15320, s1|localhost:15324, s2|localhost:15328]|listeners:[], old=null}
2024-10-11 22:06:48,769 [s1-server-thread3] INFO  segmented.SegmentedRaftLogWorker (SegmentedRaftLogWorker.java:startLogSegment(442)) - s1@group-1AD9B673A28D-SegmentedRaftLogWorker: Starting segment from index:0
2024-10-11 22:06:48,770 [s2-server-thread1] DEBUG server.RaftServer$Division (RaftServerImpl.java:logAppendEntries(1549)) - s2@group-1AD9B673A28D: appendEntries* s4->s2#1-t1,previous=(t:0, i:0),leaderCommit=-1,initializing? false,entries: size=1, first=(t:1, i:0), CONFIGURATIONENTRY(current:id:"s3"address:"localhost:15332"dataStreamAddress:"localhost:15335"clientAddress:"localhost:15334"adminAddress:"localhost:15333"startupRole:FOLLOWER, id:"s4"address:"localhost:15336"dataStreamAddress:"localhost:15339"clientAddress:"localhost:15338"adminAddress:"localhost:15337"startupRole:FOLLOWER, id:"s0"address:"localhost:15320"dataStreamAddress:"localhost:15323"clientAddress:"localhost:15322"adminAddress:"localhost:15321"startupRole:FOLLOWER, id:"s1"address:"localhost:15324"dataStreamAddress:"localhost:15327"clientAddress:"localhost:15326"adminAddress:"localhost:15325"startupRole:FOLLOWER, id:"s2"address:"localhost:15328"dataStreamAddress:"localhost:15331"clientAddress:"localhost:15330"adminAddress:"localhost:15329"startupRole:FOLLOWER, old:)
2024-10-11 22:06:48,770 [s2-server-thread1] INFO  server.RaftServer$Division (ServerState.java:setLeader(272)) - s2@group-1AD9B673A28D: change Leader from null to s4 at term 1 for appendEntries, leader elected after 240ms
2024-10-11 22:06:48,770 [s2-server-thread1] INFO  server.RaftServer$Division (ServerState.java:setRaftConf(386)) - s2@group-1AD9B673A28D: set configuration conf: {index: 0, cur=peers:[s3|localhost:15332, s4|localhost:15336, s0|localhost:15320, s1|localhost:15324, s2|localhost:15328]|listeners:[], old=null}
2024-10-11 22:06:48,770 [s2-server-thread1] INFO  segmented.SegmentedRaftLogWorker (SegmentedRaftLogWorker.java:startLogSegment(442)) - s2@group-1AD9B673A28D-SegmentedRaftLogWorker: Starting segment from index:0
2024-10-11 22:06:48,770 [s1@group-1AD9B673A28D-SegmentedRaftLogWorker] INFO  segmented.BufferedWriteChannel (BufferedWriteChannel.java:open(61)) - open log_inprogress_0 at position 0
2024-10-11 22:06:48,778 [s3-server-thread1] INFO  server.RaftServer$Division (ServerState.java:setLeader(272)) - s3@group-1AD9B673A28D: change Leader from null to s4 at term 1 for appendEntries, leader elected after 287ms
2024-10-11 22:06:48,779 [s2@group-1AD9B673A28D-SegmentedRaftLogWorker] INFO  segmented.BufferedWriteChannel (BufferedWriteChannel.java:open(61)) - open log_inprogress_0 at position 0
2024-10-11 22:06:48,787 [s3-server-thread2] DEBUG server.RaftServer$Division (RaftServerImpl.java:logAppendEntries(1549)) - s3@group-1AD9B673A28D: appendEntries* s4->s3#1-t1,previous=(t:0, i:0),leaderCommit=-1,initializing? false,entries: size=1, first=(t:1, i:0), CONFIGURATIONENTRY(current:id:"s3"address:"localhost:15332"dataStreamAddress:"localhost:15335"clientAddress:"localhost:15334"adminAddress:"localhost:15333"startupRole:FOLLOWER, id:"s4"address:"localhost:15336"dataStreamAddress:"localhost:15339"clientAddress:"localhost:15338"adminAddress:"localhost:15337"startupRole:FOLLOWER, id:"s0"address:"localhost:15320"dataStreamAddress:"localhost:15323"clientAddress:"localhost:15322"adminAddress:"localhost:15321"startupRole:FOLLOWER, id:"s1"address:"localhost:15324"dataStreamAddress:"localhost:15327"clientAddress:"localhost:15326"adminAddress:"localhost:15325"startupRole:FOLLOWER, id:"s2"address:"localhost:15328"dataStreamAddress:"localhost:15331"clientAddress:"localhost:15330"adminAddress:"localhost:15329"startupRole:FOLLOWER, old:)
2024-10-11 22:06:48,788 [s3-server-thread2] INFO  server.RaftServer$Division (ServerState.java:setRaftConf(386)) - s3@group-1AD9B673A28D: set configuration conf: {index: 0, cur=peers:[s3|localhost:15332, s4|localhost:15336, s0|localhost:15320, s1|localhost:15324, s2|localhost:15328]|listeners:[], old=null}
2024-10-11 22:06:48,788 [s3-server-thread2] INFO  segmented.SegmentedRaftLogWorker (SegmentedRaftLogWorker.java:startLogSegment(442)) - s3@group-1AD9B673A28D-SegmentedRaftLogWorker: Starting segment from index:0
2024-10-11 22:06:48,790 [s0@group-1AD9B673A28D-SegmentedRaftLogWorker] INFO  segmented.SegmentedRaftLogWorker (SegmentedRaftLogWorker.java:execute(663)) - s0@group-1AD9B673A28D-SegmentedRaftLogWorker: created new log segment /home/runner/work/ratis/ratis/ratis-test/target/test/data/30a65e24/MiniRaftClusterWithGrpc3c72539d/s0/d6644593-8c1d-4974-ad56-1ad9b673a28d/current/log_inprogress_0
2024-10-11 22:06:48,793 [s3@group-1AD9B673A28D-SegmentedRaftLogWorker] INFO  segmented.BufferedWriteChannel (BufferedWriteChannel.java:open(61)) - open log_inprogress_0 at position 0
2024-10-11 22:06:48,798 [s0-server-thread1] DEBUG server.RaftServer$Division (RaftServerImpl.java:logAppendEntries(1549)) - s0@group-1AD9B673A28D: appendEntries* reply s4<-s0#1:OK-t1,SUCCESS,nextIndex=1,followerCommit=-1,matchIndex=0
2024-10-11 22:06:48,801 [s1@group-1AD9B673A28D-SegmentedRaftLogWorker] INFO  segmented.SegmentedRaftLogWorker (SegmentedRaftLogWorker.java:execute(663)) - s1@group-1AD9B673A28D-SegmentedRaftLogWorker: created new log segment /home/runner/work/ratis/ratis/ratis-test/target/test/data/30a65e24/MiniRaftClusterWithGrpc3c72539d/s1/d6644593-8c1d-4974-ad56-1ad9b673a28d/current/log_inprogress_0
2024-10-11 22:06:48,803 [s1-server-thread3] DEBUG server.RaftServer$Division (RaftServerImpl.java:logAppendEntries(1549)) - s1@group-1AD9B673A28D: appendEntries* reply s4<-s1#1:OK-t1,SUCCESS,nextIndex=1,followerCommit=-1,matchIndex=0
2024-10-11 22:06:48,810 [s4@group-1AD9B673A28D-SegmentedRaftLogWorker] INFO  segmented.SegmentedRaftLogWorker (SegmentedRaftLogWorker.java:execute(663)) - s4@group-1AD9B673A28D-SegmentedRaftLogWorker: created new log segment /home/runner/work/ratis/ratis/ratis-test/target/test/data/30a65e24/MiniRaftClusterWithGrpc3c72539d/s4/d6644593-8c1d-4974-ad56-1ad9b673a28d/current/log_inprogress_0
2024-10-11 22:06:48,811 [s3@group-1AD9B673A28D-SegmentedRaftLogWorker] INFO  segmented.SegmentedRaftLogWorker (SegmentedRaftLogWorker.java:execute(663)) - s3@group-1AD9B673A28D-SegmentedRaftLogWorker: created new log segment /home/runner/work/ratis/ratis/ratis-test/target/test/data/30a65e24/MiniRaftClusterWithGrpc3c72539d/s3/d6644593-8c1d-4974-ad56-1ad9b673a28d/current/log_inprogress_0
2024-10-11 22:06:48,811 [s2@group-1AD9B673A28D-SegmentedRaftLogWorker] INFO  segmented.SegmentedRaftLogWorker (SegmentedRaftLogWorker.java:execute(663)) - s2@group-1AD9B673A28D-SegmentedRaftLogWorker: created new log segment /home/runner/work/ratis/ratis/ratis-test/target/test/data/30a65e24/MiniRaftClusterWithGrpc3c72539d/s2/d6644593-8c1d-4974-ad56-1ad9b673a28d/current/log_inprogress_0
2024-10-11 22:06:48,811 [s4@group-1AD9B673A28D-StateMachineUpdater] TRACE util.FileUtils (LogUtils.java:supplyAndLog(69)) - Successfully supplied FileChannel.open /home/runner/work/ratis/ratis/ratis-test/target/test/data/30a65e24/MiniRaftClusterWithGrpc3c72539d/s4/d6644593-8c1d-4974-ad56-1ad9b673a28d/current/raft-meta.conf.tmp with options [CREATE, WRITE]: sun.nio.ch.FileChannelImpl@3529db9c
2024-10-11 22:06:48,812 [s3-server-thread2] DEBUG server.RaftServer$Division (RaftServerImpl.java:logAppendEntries(1549)) - s3@group-1AD9B673A28D: appendEntries* reply s4<-s3#1:OK-t1,SUCCESS,nextIndex=1,followerCommit=-1,matchIndex=0
2024-10-11 22:06:48,813 [s2-server-thread2] DEBUG server.RaftServer$Division (RaftServerImpl.java:logAppendEntries(1549)) - s2@group-1AD9B673A28D: appendEntries* reply s4<-s2#1:OK-t1,SUCCESS,nextIndex=1,followerCommit=-1,matchIndex=0
2024-10-11 22:06:48,814 [s4@group-1AD9B673A28D-StateMachineUpdater] TRACE util.FileUtils (LogUtils.java:runAndLog(49)) - Successfully ran Atomic Files.move /home/runner/work/ratis/ratis/ratis-test/target/test/data/30a65e24/MiniRaftClusterWithGrpc3c72539d/s4/d6644593-8c1d-4974-ad56-1ad9b673a28d/current/raft-meta.conf.tmp to /home/runner/work/ratis/ratis/ratis-test/target/test/data/30a65e24/MiniRaftClusterWithGrpc3c72539d/s4/d6644593-8c1d-4974-ad56-1ad9b673a28d/current/raft-meta.conf with options [REPLACE_EXISTING]
2024-10-11 22:06:48,814 [s4@group-1AD9B673A28D-StateMachineUpdater] INFO  server.RaftServer$Division (LeaderStateImpl.java:checkStartIndex(314)) - Leader s4@group-1AD9B673A28D-LeaderStateImpl is ready since appliedIndex == startIndex == 0
2024-10-11 22:06:48,878 [s0@group-1AD9B673A28D-StateMachineUpdater] TRACE util.FileUtils (LogUtils.java:supplyAndLog(69)) - Successfully supplied FileChannel.open /home/runner/work/ratis/ratis/ratis-test/target/test/data/30a65e24/MiniRaftClusterWithGrpc3c72539d/s0/d6644593-8c1d-4974-ad56-1ad9b673a28d/current/raft-meta.conf.tmp with options [CREATE, WRITE]: sun.nio.ch.FileChannelImpl@38562c42
2024-10-11 22:06:48,880 [s0@group-1AD9B673A28D-StateMachineUpdater] TRACE util.FileUtils (LogUtils.java:runAndLog(49)) - Successfully ran Atomic Files.move /home/runner/work/ratis/ratis/ratis-test/target/test/data/30a65e24/MiniRaftClusterWithGrpc3c72539d/s0/d6644593-8c1d-4974-ad56-1ad9b673a28d/current/raft-meta.conf.tmp to /home/runner/work/ratis/ratis/ratis-test/target/test/data/30a65e24/MiniRaftClusterWithGrpc3c72539d/s0/d6644593-8c1d-4974-ad56-1ad9b673a28d/current/raft-meta.conf with options [REPLACE_EXISTING]
2024-10-11 22:06:48,881 [s1@group-1AD9B673A28D-StateMachineUpdater] TRACE util.FileUtils (LogUtils.java:supplyAndLog(69)) - Successfully supplied FileChannel.open /home/runner/work/ratis/ratis/ratis-test/target/test/data/30a65e24/MiniRaftClusterWithGrpc3c72539d/s1/d6644593-8c1d-4974-ad56-1ad9b673a28d/current/raft-meta.conf.tmp with options [CREATE, WRITE]: sun.nio.ch.FileChannelImpl@5538348a
2024-10-11 22:06:48,883 [s1@group-1AD9B673A28D-StateMachineUpdater] TRACE util.FileUtils (LogUtils.java:runAndLog(49)) - Successfully ran Atomic Files.move /home/runner/work/ratis/ratis/ratis-test/target/test/data/30a65e24/MiniRaftClusterWithGrpc3c72539d/s1/d6644593-8c1d-4974-ad56-1ad9b673a28d/current/raft-meta.conf.tmp to /home/runner/work/ratis/ratis/ratis-test/target/test/data/30a65e24/MiniRaftClusterWithGrpc3c72539d/s1/d6644593-8c1d-4974-ad56-1ad9b673a28d/current/raft-meta.conf with options [REPLACE_EXISTING]
2024-10-11 22:06:48,891 [s3@group-1AD9B673A28D-StateMachineUpdater] TRACE util.FileUtils (LogUtils.java:supplyAndLog(69)) - Successfully supplied FileChannel.open /home/runner/work/ratis/ratis/ratis-test/target/test/data/30a65e24/MiniRaftClusterWithGrpc3c72539d/s3/d6644593-8c1d-4974-ad56-1ad9b673a28d/current/raft-meta.conf.tmp with options [CREATE, WRITE]: sun.nio.ch.FileChannelImpl@65cb906a
2024-10-11 22:06:48,891 [s2@group-1AD9B673A28D-StateMachineUpdater] TRACE util.FileUtils (LogUtils.java:supplyAndLog(69)) - Successfully supplied FileChannel.open /home/runner/work/ratis/ratis/ratis-test/target/test/data/30a65e24/MiniRaftClusterWithGrpc3c72539d/s2/d6644593-8c1d-4974-ad56-1ad9b673a28d/current/raft-meta.conf.tmp with options [CREATE, WRITE]: sun.nio.ch.FileChannelImpl@497f2a73
2024-10-11 22:06:48,893 [s3@group-1AD9B673A28D-StateMachineUpdater] TRACE util.FileUtils (LogUtils.java:runAndLog(49)) - Successfully ran Atomic Files.move /home/runner/work/ratis/ratis/ratis-test/target/test/data/30a65e24/MiniRaftClusterWithGrpc3c72539d/s3/d6644593-8c1d-4974-ad56-1ad9b673a28d/current/raft-meta.conf.tmp to /home/runner/work/ratis/ratis/ratis-test/target/test/data/30a65e24/MiniRaftClusterWithGrpc3c72539d/s3/d6644593-8c1d-4974-ad56-1ad9b673a28d/current/raft-meta.conf with options [REPLACE_EXISTING]
2024-10-11 22:06:48,893 [s2@group-1AD9B673A28D-StateMachineUpdater] TRACE util.FileUtils (LogUtils.java:runAndLog(49)) - Successfully ran Atomic Files.move /home/runner/work/ratis/ratis/ratis-test/target/test/data/30a65e24/MiniRaftClusterWithGrpc3c72539d/s2/d6644593-8c1d-4974-ad56-1ad9b673a28d/current/raft-meta.conf.tmp to /home/runner/work/ratis/ratis/ratis-test/target/test/data/30a65e24/MiniRaftClusterWithGrpc3c72539d/s2/d6644593-8c1d-4974-ad56-1ad9b673a28d/current/raft-meta.conf with options [REPLACE_EXISTING]
2024-10-11 22:06:49,057 [main] INFO  ratis.RaftTestUtil (RaftTestUtil.java:waitForLeader(131)) - printing ALL groups
  s3:  RUNNING  FOLLOWER s3@group-1AD9B673A28D:t1, leader=s4, voted=s4, raftlog=Memoized:s3@group-1AD9B673A28D-SegmentedRaftLog:OPENED:c0:last(t:1, i:0), conf=conf: {index: 0, cur=peers:[s3|localhost:15332, s4|localhost:15336, s0|localhost:15320, s1|localhost:15324, s2|localhost:15328]|listeners:[], old=null} RUNNING
  s4:  RUNNING    LEADER s4@group-1AD9B673A28D:t1, leader=s4, voted=s4, raftlog=Memoized:s4@group-1AD9B673A28D-SegmentedRaftLog:OPENED:c0:last(t:1, i:0), conf=conf: {index: 0, cur=peers:[s3|localhost:15332, s4|localhost:15336, s0|localhost:15320, s1|localhost:15324, s2|localhost:15328]|listeners:[], old=null} RUNNING
  s0:  RUNNING  FOLLOWER s0@group-1AD9B673A28D:t1, leader=s4, voted=s4, raftlog=Memoized:s0@group-1AD9B673A28D-SegmentedRaftLog:OPENED:c0:last(t:1, i:0), conf=conf: {index: 0, cur=peers:[s3|localhost:15332, s4|localhost:15336, s0|localhost:15320, s1|localhost:15324, s2|localhost:15328]|listeners:[], old=null} RUNNING
  s1:  RUNNING  FOLLOWER s1@group-1AD9B673A28D:t1, leader=s4, voted=s4, raftlog=Memoized:s1@group-1AD9B673A28D-SegmentedRaftLog:OPENED:c0:last(t:1, i:0), conf=conf: {index: 0, cur=peers:[s3|localhost:15332, s4|localhost:15336, s0|localhost:15320, s1|localhost:15324, s2|localhost:15328]|listeners:[], old=null} RUNNING
  s2:  RUNNING  FOLLOWER s2@group-1AD9B673A28D:t1, leader=s4, voted=s4, raftlog=Memoized:s2@group-1AD9B673A28D-SegmentedRaftLog:OPENED:c0:last(t:1, i:0), conf=conf: {index: 0, cur=peers:[s3|localhost:15332, s4|localhost:15336, s0|localhost:15320, s1|localhost:15324, s2|localhost:15328]|listeners:[], old=null} RUNNING
2024-10-11 22:06:49,057 [main] INFO  grpc.TestLeaderElectionWithGrpc (LeaderElectionTests.java:testEnforceLeader(382)) - firstLeader = s4
2024-10-11 22:06:49,057 [main] INFO  grpc.TestLeaderElectionWithGrpc (LeaderElectionTests.java:testEnforceLeader(387)) - enforce leader to s2
2024-10-11 22:06:49,058 [main] INFO  grpc.TestLeaderElectionWithGrpc (LeaderElectionTests.java:enforceLeader(393)) - printing ALL groups
  s3:  RUNNING  FOLLOWER s3@group-1AD9B673A28D:t1, leader=s4, voted=s4, raftlog=Memoized:s3@group-1AD9B673A28D-SegmentedRaftLog:OPENED:c0:last(t:1, i:0), conf=conf: {index: 0, cur=peers:[s3|localhost:15332, s4|localhost:15336, s0|localhost:15320, s1|localhost:15324, s2|localhost:15328]|listeners:[], old=null} RUNNING
  s4:  RUNNING    LEADER s4@group-1AD9B673A28D:t1, leader=s4, voted=s4, raftlog=Memoized:s4@group-1AD9B673A28D-SegmentedRaftLog:OPENED:c0:last(t:1, i:0), conf=conf: {index: 0, cur=peers:[s3|localhost:15332, s4|localhost:15336, s0|localhost:15320, s1|localhost:15324, s2|localhost:15328]|listeners:[], old=null} RUNNING
  s0:  RUNNING  FOLLOWER s0@group-1AD9B673A28D:t1, leader=s4, voted=s4, raftlog=Memoized:s0@group-1AD9B673A28D-SegmentedRaftLog:OPENED:c0:last(t:1, i:0), conf=conf: {index: 0, cur=peers:[s3|localhost:15332, s4|localhost:15336, s0|localhost:15320, s1|localhost:15324, s2|localhost:15328]|listeners:[], old=null} RUNNING
  s1:  RUNNING  FOLLOWER s1@group-1AD9B673A28D:t1, leader=s4, voted=s4, raftlog=Memoized:s1@group-1AD9B673A28D-SegmentedRaftLog:OPENED:c0:last(t:1, i:0), conf=conf: {index: 0, cur=peers:[s3|localhost:15332, s4|localhost:15336, s0|localhost:15320, s1|localhost:15324, s2|localhost:15328]|listeners:[], old=null} RUNNING
  s2:  RUNNING  FOLLOWER s2@group-1AD9B673A28D:t1, leader=s4, voted=s4, raftlog=Memoized:s2@group-1AD9B673A28D-SegmentedRaftLog:OPENED:c0:last(t:1, i:0), conf=conf: {index: 0, cur=peers:[s3|localhost:15332, s4|localhost:15336, s0|localhost:15320, s1|localhost:15324, s2|localhost:15328]|listeners:[], old=null} RUNNING
2024-10-11 22:06:49,058 [main] INFO  server.RaftServerConfigKeys (ConfUtils.java:logGet(46)) - raft.server.rpc.timeout.max = 300ms (default)
2024-10-11 22:06:49,132 [s4@group-1AD9B673A28D->s1-GrpcLogAppender-LogAppenderDaemon] INFO  util.CodeInjectionForTesting (DelayLocalExecutionInjection.java:execute(65)) - s4 delay 150 ms, args=[serverRequest {
  requestorId: "s4"
  replyId: "s1"
  raftGroupId {
    id: "\326dE\223\214\035It\255V\032\331\266s\242\215"
  }
  callId: 7
}
leaderTerm: 1
previousLog {
  term: 1
}
commitInfos {
  server {
    id: "s4"
    address: "localhost:15336"
    dataStreamAddress: "localhost:15339"
    clientAddress: "localhost:15338"
    adminAddress: "localhost:15337"
    startupRole: FOLLOWER
  }
}
commitInfos {
  server {
    id: "s3"
    address: "localhost:15332"
    dataStreamAddress: "localhost:15335"
    clientAddress: "localhost:15334"
    adminAddress: "localhost:15333"
    startupRole: FOLLOWER
  }
}
commitInfos {
  server {
    id: "s0"
    address: "localhost:15320"
    dataStreamAddress: "localhost:15323"
    clientAddress: "localhost:15322"
    adminAddress: "localhost:15321"
    startupRole: FOLLOWER
  }
}
commitInfos {
  server {
    id: "s1"
    address: "localhost:15324"
    dataStreamAddress: "localhost:15327"
    clientAddress: "localhost:15326"
    adminAddress: "localhost:15325"
    startupRole: FOLLOWER
  }
}
commitInfos {
  server {
    id: "s2"
    address: "localhost:15328"
    dataStreamAddress: "localhost:15331"
    clientAddress: "localhost:15330"
    adminAddress: "localhost:15329"
    startupRole: FOLLOWER
  }
}
]
2024-10-11 22:06:49,132 [s4@group-1AD9B673A28D->s2-GrpcLogAppender-LogAppenderDaemon] INFO  util.CodeInjectionForTesting (DelayLocalExecutionInjection.java:execute(65)) - s4 delay 150 ms, args=[serverRequest {
  requestorId: "s4"
  replyId: "s2"
  raftGroupId {
    id: "\326dE\223\214\035It\255V\032\331\266s\242\215"
  }
  callId: 10
}
leaderTerm: 1
previousLog {
  term: 1
}
commitInfos {
  server {
    id: "s4"
    address: "localhost:15336"
    dataStreamAddress: "localhost:15339"
    clientAddress: "localhost:15338"
    adminAddress: "localhost:15337"
    startupRole: FOLLOWER
  }
}
commitInfos {
  server {
    id: "s3"
    address: "localhost:15332"
    dataStreamAddress: "localhost:15335"
    clientAddress: "localhost:15334"
    adminAddress: "localhost:15333"
    startupRole: FOLLOWER
  }
}
commitInfos {
  server {
    id: "s0"
    address: "localhost:15320"
    dataStreamAddress: "localhost:15323"
    clientAddress: "localhost:15322"
    adminAddress: "localhost:15321"
    startupRole: FOLLOWER
  }
}
commitInfos {
  server {
    id: "s1"
    address: "localhost:15324"
    dataStreamAddress: "localhost:15327"
    clientAddress: "localhost:15326"
    adminAddress: "localhost:15325"
    startupRole: FOLLOWER
  }
}
commitInfos {
  server {
    id: "s2"
    address: "localhost:15328"
    dataStreamAddress: "localhost:15331"
    clientAddress: "localhost:15330"
    adminAddress: "localhost:15329"
    startupRole: FOLLOWER
  }
}
]
2024-10-11 22:06:49,133 [s4@group-1AD9B673A28D->s3-GrpcLogAppender-LogAppenderDaemon] INFO  util.CodeInjectionForTesting (DelayLocalExecutionInjection.java:execute(65)) - s4 delay 150 ms, args=[serverRequest {
  requestorId: "s4"
  replyId: "s3"
  raftGroupId {
    id: "\326dE\223\214\035It\255V\032\331\266s\242\215"
  }
  callId: 9
}
leaderTerm: 1
previousLog {
  term: 1
}
commitInfos {
  server {
    id: "s4"
    address: "localhost:15336"
    dataStreamAddress: "localhost:15339"
    clientAddress: "localhost:15338"
    adminAddress: "localhost:15337"
    startupRole: FOLLOWER
  }
}
commitInfos {
  server {
    id: "s3"
    address: "localhost:15332"
    dataStreamAddress: "localhost:15335"
    clientAddress: "localhost:15334"
    adminAddress: "localhost:15333"
    startupRole: FOLLOWER
  }
}
commitInfos {
  server {
    id: "s0"
    address: "localhost:15320"
    dataStreamAddress: "localhost:15323"
    clientAddress: "localhost:15322"
    adminAddress: "localhost:15321"
    startupRole: FOLLOWER
  }
}
commitInfos {
  server {
    id: "s1"
    address: "localhost:15324"
    dataStreamAddress: "localhost:15327"
    clientAddress: "localhost:15326"
    adminAddress: "localhost:15325"
    startupRole: FOLLOWER
  }
}
commitInfos {
  server {
    id: "s2"
    address: "localhost:15328"
    dataStreamAddress: "localhost:15331"
    clientAddress: "localhost:15330"
    adminAddress: "localhost:15329"
    startupRole: FOLLOWER
  }
}
]
2024-10-11 22:06:49,134 [s4@group-1AD9B673A28D->s0-GrpcLogAppender-LogAppenderDaemon] INFO  util.CodeInjectionForTesting (DelayLocalExecutionInjection.java:execute(65)) - s4 delay 150 ms, args=[serverRequest {
  requestorId: "s4"
  replyId: "s0"
  raftGroupId {
    id: "\326dE\223\214\035It\255V\032\331\266s\242\215"
  }
  callId: 6
}
leaderTerm: 1
previousLog {
  term: 1
}
commitInfos {
  server {
    id: "s4"
    address: "localhost:15336"
    dataStreamAddress: "localhost:15339"
    clientAddress: "localhost:15338"
    adminAddress: "localhost:15337"
    startupRole: FOLLOWER
  }
}
commitInfos {
  server {
    id: "s3"
    address: "localhost:15332"
    dataStreamAddress: "localhost:15335"
    clientAddress: "localhost:15334"
    adminAddress: "localhost:15333"
    startupRole: FOLLOWER
  }
}
commitInfos {
  server {
    id: "s0"
    address: "localhost:15320"
    dataStreamAddress: "localhost:15323"
    clientAddress: "localhost:15322"
    adminAddress: "localhost:15321"
    startupRole: FOLLOWER
  }
}
commitInfos {
  server {
    id: "s1"
    address: "localhost:15324"
    dataStreamAddress: "localhost:15327"
    clientAddress: "localhost:15326"
    adminAddress: "localhost:15325"
    startupRole: FOLLOWER
  }
}
commitInfos {
  server {
    id: "s2"
    address: "localhost:15328"
    dataStreamAddress: "localhost:15331"
    clientAddress: "localhost:15330"
    adminAddress: "localhost:15329"
    startupRole: FOLLOWER
  }
}
]
2024-10-11 22:06:49,284 [s2-server-thread1] INFO  util.CodeInjectionForTesting (BlockRequestHandlingInjection.java:execute(77)) - s2: Block request from s4
2024-10-11 22:06:49,322 [s4@group-1AD9B673A28D->s2-GrpcLogAppender-LogAppenderDaemon] INFO  util.CodeInjectionForTesting (DelayLocalExecutionInjection.java:execute(65)) - s4 delay 150 ms, args=[serverRequest {
  requestorId: "s4"
  replyId: "s2"
  raftGroupId {
    id: "\326dE\223\214\035It\255V\032\331\266s\242\215"
  }
  callId: 11
}
leaderTerm: 1
previousLog {
  term: 1
}
commitInfos {
  server {
    id: "s4"
    address: "localhost:15336"
    dataStreamAddress: "localhost:15339"
    clientAddress: "localhost:15338"
    adminAddress: "localhost:15337"
    startupRole: FOLLOWER
  }
}
commitInfos {
  server {
    id: "s3"
    address: "localhost:15332"
    dataStreamAddress: "localhost:15335"
    clientAddress: "localhost:15334"
    adminAddress: "localhost:15333"
    startupRole: FOLLOWER
  }
}
commitInfos {
  server {
    id: "s0"
    address: "localhost:15320"
    dataStreamAddress: "localhost:15323"
    clientAddress: "localhost:15322"
    adminAddress: "localhost:15321"
    startupRole: FOLLOWER
  }
}
commitInfos {
  server {
    id: "s1"
    address: "localhost:15324"
    dataStreamAddress: "localhost:15327"
    clientAddress: "localhost:15326"
    adminAddress: "localhost:15325"
    startupRole: FOLLOWER
  }
}
commitInfos {
  server {
    id: "s2"
    address: "localhost:15328"
    dataStreamAddress: "localhost:15331"
    clientAddress: "localhost:15330"
    adminAddress: "localhost:15329"
    startupRole: FOLLOWER
  }
}
]
2024-10-11 22:06:49,362 [s4@group-1AD9B673A28D->s3-GrpcLogAppender-LogAppenderDaemon] INFO  util.CodeInjectionForTesting (DelayLocalExecutionInjection.java:execute(65)) - s4 delay 150 ms, args=[serverRequest {
  requestorId: "s4"
  replyId: "s3"
  raftGroupId {
    id: "\326dE\223\214\035It\255V\032\331\266s\242\215"
  }
  callId: 10
}
leaderTerm: 1
previousLog {
  term: 1
}
commitInfos {
  server {
    id: "s4"
    address: "localhost:15336"
    dataStreamAddress: "localhost:15339"
    clientAddress: "localhost:15338"
    adminAddress: "localhost:15337"
    startupRole: FOLLOWER
  }
}
commitInfos {
  server {
    id: "s3"
    address: "localhost:15332"
    dataStreamAddress: "localhost:15335"
    clientAddress: "localhost:15334"
    adminAddress: "localhost:15333"
    startupRole: FOLLOWER
  }
}
commitInfos {
  server {
    id: "s0"
    address: "localhost:15320"
    dataStreamAddress: "localhost:15323"
    clientAddress: "localhost:15322"
    adminAddress: "localhost:15321"
    startupRole: FOLLOWER
  }
}
commitInfos {
  server {
    id: "s1"
    address: "localhost:15324"
    dataStreamAddress: "localhost:15327"
    clientAddress: "localhost:15326"
    adminAddress: "localhost:15325"
    startupRole: FOLLOWER
  }
}
commitInfos {
  server {
    id: "s2"
    address: "localhost:15328"
    dataStreamAddress: "localhost:15331"
    clientAddress: "localhost:15330"
    adminAddress: "localhost:15329"
    startupRole: FOLLOWER
  }
}
]
2024-10-11 22:06:49,363 [s4@group-1AD9B673A28D->s0-GrpcLogAppender-LogAppenderDaemon] INFO  util.CodeInjectionForTesting (DelayLocalExecutionInjection.java:execute(65)) - s4 delay 150 ms, args=[serverRequest {
  requestorId: "s4"
  replyId: "s0"
  raftGroupId {
    id: "\326dE\223\214\035It\255V\032\331\266s\242\215"
  }
  callId: 7
}
leaderTerm: 1
previousLog {
  term: 1
}
commitInfos {
  server {
    id: "s4"
    address: "localhost:15336"
    dataStreamAddress: "localhost:15339"
    clientAddress: "localhost:15338"
    adminAddress: "localhost:15337"
    startupRole: FOLLOWER
  }
}
commitInfos {
  server {
    id: "s3"
    address: "localhost:15332"
    dataStreamAddress: "localhost:15335"
    clientAddress: "localhost:15334"
    adminAddress: "localhost:15333"
    startupRole: FOLLOWER
  }
}
commitInfos {
  server {
    id: "s0"
    address: "localhost:15320"
    dataStreamAddress: "localhost:15323"
    clientAddress: "localhost:15322"
    adminAddress: "localhost:15321"
    startupRole: FOLLOWER
  }
}
commitInfos {
  server {
    id: "s1"
    address: "localhost:15324"
    dataStreamAddress: "localhost:15327"
    clientAddress: "localhost:15326"
    adminAddress: "localhost:15325"
    startupRole: FOLLOWER
  }
}
commitInfos {
  server {
    id: "s2"
    address: "localhost:15328"
    dataStreamAddress: "localhost:15331"
    clientAddress: "localhost:15330"
    adminAddress: "localhost:15329"
    startupRole: FOLLOWER
  }
}
]
2024-10-11 22:06:49,365 [s4@group-1AD9B673A28D->s1-GrpcLogAppender-LogAppenderDaemon] INFO  util.CodeInjectionForTesting (DelayLocalExecutionInjection.java:execute(65)) - s4 delay 150 ms, args=[serverRequest {
  requestorId: "s4"
  replyId: "s1"
  raftGroupId {
    id: "\326dE\223\214\035It\255V\032\331\266s\242\215"
  }
  callId: 8
}
leaderTerm: 1
previousLog {
  term: 1
}
commitInfos {
  server {
    id: "s4"
    address: "localhost:15336"
    dataStreamAddress: "localhost:15339"
    clientAddress: "localhost:15338"
    adminAddress: "localhost:15337"
    startupRole: FOLLOWER
  }
}
commitInfos {
  server {
    id: "s3"
    address: "localhost:15332"
    dataStreamAddress: "localhost:15335"
    clientAddress: "localhost:15334"
    adminAddress: "localhost:15333"
    startupRole: FOLLOWER
  }
}
commitInfos {
  server {
    id: "s0"
    address: "localhost:15320"
    dataStreamAddress: "localhost:15323"
    clientAddress: "localhost:15322"
    adminAddress: "localhost:15321"
    startupRole: FOLLOWER
  }
}
commitInfos {
  server {
    id: "s1"
    address: "localhost:15324"
    dataStreamAddress: "localhost:15327"
    clientAddress: "localhost:15326"
    adminAddress: "localhost:15325"
    startupRole: FOLLOWER
  }
}
commitInfos {
  server {
    id: "s2"
    address: "localhost:15328"
    dataStreamAddress: "localhost:15331"
    clientAddress: "localhost:15330"
    adminAddress: "localhost:15329"
    startupRole: FOLLOWER
  }
}
]
2024-10-11 22:06:49,426 [s2@group-1AD9B673A28D-FollowerState] INFO  impl.FollowerState (FollowerState.java:runImpl(161)) - s2@group-1AD9B673A28D-FollowerState: change to CANDIDATE, lastRpcElapsedTime:380557294ns, electionTimeout:255ms
2024-10-11 22:06:49,426 [s2@group-1AD9B673A28D-FollowerState] INFO  impl.RoleInfo (RoleInfo.java:shutdownFollowerState(121)) - s2: shutdown s2@group-1AD9B673A28D-FollowerState
2024-10-11 22:06:49,427 [s2@group-1AD9B673A28D-FollowerState] INFO  server.RaftServer$Division (RaftServerImpl.java:setRole(380)) - s2@group-1AD9B673A28D: changes role from  FOLLOWER to CANDIDATE at term 1 for changeToCandidate
2024-10-11 22:06:49,427 [s2@group-1AD9B673A28D-FollowerState] INFO  server.RaftServerConfigKeys (ConfUtils.java:logGet(46)) - raft.server.leaderelection.pre-vote = true (default)
2024-10-11 22:06:49,427 [s2@group-1AD9B673A28D-FollowerState] INFO  impl.RoleInfo (RoleInfo.java:updateAndGet(148)) - s2: start s2@group-1AD9B673A28D-LeaderElection92
2024-10-11 22:06:49,427 [s2@group-1AD9B673A28D-LeaderElection92] INFO  server.RaftServer$Division (ServerState.java:setLeader(272)) - s2@group-1AD9B673A28D: change Leader from s4 to null at term 1 for PRE_VOTE
2024-10-11 22:06:49,427 [s2@group-1AD9B673A28D-LeaderElection92] INFO  impl.LeaderElection (LeaderElection.java:askForVotes(333)) - s2@group-1AD9B673A28D-LeaderElection92 PRE_VOTE round 0: submit vote requests at term 1 for conf: {index: 0, cur=peers:[s3|localhost:15332, s4|localhost:15336, s0|localhost:15320, s1|localhost:15324, s2|localhost:15328]|listeners:[], old=null}
2024-10-11 22:06:49,427 [s2@group-1AD9B673A28D-LeaderElection92-1] INFO  server.GrpcServerProtocolClient (GrpcServerProtocolClient.java:<init>(65)) - Build channel for s3|localhost:15332
2024-10-11 22:06:49,428 [s2@group-1AD9B673A28D-LeaderElection92-2] INFO  server.GrpcServerProtocolClient (GrpcServerProtocolClient.java:<init>(65)) - Build channel for s4|localhost:15336
2024-10-11 22:06:49,429 [s2@group-1AD9B673A28D-LeaderElection92-3] INFO  server.GrpcServerProtocolClient (GrpcServerProtocolClient.java:<init>(65)) - Build channel for s0|localhost:15320
2024-10-11 22:06:49,440 [s2@group-1AD9B673A28D-LeaderElection92-4] INFO  server.GrpcServerProtocolClient (GrpcServerProtocolClient.java:<init>(65)) - Build channel for s1|localhost:15324
2024-10-11 22:06:49,440 [grpc-default-executor-0] INFO  server.RaftServer$Division (RaftServerImpl.java:requestVote(1447)) - s4@group-1AD9B673A28D: receive requestVote(PRE_VOTE, s2, group-1AD9B673A28D, 1, (t:1, i:0))
2024-10-11 22:06:49,440 [grpc-default-executor-0] INFO  impl.VoteContext (VoteContext.java:log(49)) - s4@group-1AD9B673A28D-LEADER: reject PRE_VOTE from s2: this server is the leader and still has leadership
2024-10-11 22:06:49,440 [grpc-default-executor-0] INFO  server.RaftServer$Division (RaftServerImpl.java:requestVote(1480)) - s4@group-1AD9B673A28D replies to PRE_VOTE vote request: s2<-s4#0:FAIL-t1. Peer's state: s4@group-1AD9B673A28D:t1, leader=s4, voted=s4, raftlog=Memoized:s4@group-1AD9B673A28D-SegmentedRaftLog:OPENED:c0:last(t:1, i:0), conf=conf: {index: 0, cur=peers:[s3|localhost:15332, s4|localhost:15336, s0|localhost:15320, s1|localhost:15324, s2|localhost:15328]|listeners:[], old=null}
2024-10-11 22:06:49,442 [grpc-default-executor-5] INFO  server.RaftServer$Division (RaftServerImpl.java:requestVote(1447)) - s0@group-1AD9B673A28D: receive requestVote(PRE_VOTE, s2, group-1AD9B673A28D, 1, (t:1, i:0))
2024-10-11 22:06:49,442 [grpc-default-executor-5] INFO  impl.VoteContext (VoteContext.java:log(49)) - s0@group-1AD9B673A28D-FOLLOWER: accept PRE_VOTE from s2: our priority 0 <= candidate's priority 0
2024-10-11 22:06:49,442 [grpc-default-executor-5] INFO  server.RaftServer$Division (RaftServerImpl.java:requestVote(1480)) - s0@group-1AD9B673A28D replies to PRE_VOTE vote request: s2<-s0#0:OK-t1. Peer's state: s0@group-1AD9B673A28D:t1, leader=s4, voted=s4, raftlog=Memoized:s0@group-1AD9B673A28D-SegmentedRaftLog:OPENED:c0:last(t:1, i:0), conf=conf: {index: 0, cur=peers:[s3|localhost:15332, s4|localhost:15336, s0|localhost:15320, s1|localhost:15324, s2|localhost:15328]|listeners:[], old=null}
2024-10-11 22:06:49,442 [grpc-default-executor-4] INFO  server.RaftServer$Division (RaftServerImpl.java:requestVote(1447)) - s3@group-1AD9B673A28D: receive requestVote(PRE_VOTE, s2, group-1AD9B673A28D, 1, (t:1, i:0))
2024-10-11 22:06:49,442 [grpc-default-executor-4] INFO  impl.VoteContext (VoteContext.java:log(49)) - s3@group-1AD9B673A28D-FOLLOWER: accept PRE_VOTE from s2: our priority 0 <= candidate's priority 0
2024-10-11 22:06:49,442 [grpc-default-executor-4] INFO  server.RaftServer$Division (RaftServerImpl.java:requestVote(1480)) - s3@group-1AD9B673A28D replies to PRE_VOTE vote request: s2<-s3#0:OK-t1. Peer's state: s3@group-1AD9B673A28D:t1, leader=s4, voted=s4, raftlog=Memoized:s3@group-1AD9B673A28D-SegmentedRaftLog:OPENED:c0:last(t:1, i:0), conf=conf: {index: 0, cur=peers:[s3|localhost:15332, s4|localhost:15336, s0|localhost:15320, s1|localhost:15324, s2|localhost:15328]|listeners:[], old=null}
2024-10-11 22:06:49,447 [s2@group-1AD9B673A28D-LeaderElection92] INFO  impl.LeaderElection (LeaderElection.java:logAndReturn(90)) - s2@group-1AD9B673A28D-LeaderElection92: PRE_VOTE PASSED received 3 response(s) and 0 exception(s):
2024-10-11 22:06:49,447 [s2@group-1AD9B673A28D-LeaderElection92] INFO  impl.LeaderElection (LeaderElection.java:logAndReturn(94)) -   Response 0: s2<-s3#0:OK-t1
2024-10-11 22:06:49,447 [s2@group-1AD9B673A28D-LeaderElection92] INFO  impl.LeaderElection (LeaderElection.java:logAndReturn(94)) -   Response 1: s2<-s4#0:FAIL-t1
2024-10-11 22:06:49,447 [s2@group-1AD9B673A28D-LeaderElection92] INFO  impl.LeaderElection (LeaderElection.java:logAndReturn(94)) -   Response 2: s2<-s0#0:OK-t1
2024-10-11 22:06:49,447 [s2@group-1AD9B673A28D-LeaderElection92] INFO  impl.LeaderElection (LeaderElection.java:askForVotes(335)) - s2@group-1AD9B673A28D-LeaderElection92 PRE_VOTE round 0: result PASSED
2024-10-11 22:06:49,447 [s2@group-1AD9B673A28D-LeaderElection92] TRACE util.FileUtils (LogUtils.java:supplyAndLog(69)) - Successfully supplied FileChannel.open /home/runner/work/ratis/ratis/ratis-test/target/test/data/30a65e24/MiniRaftClusterWithGrpc3c72539d/s2/d6644593-8c1d-4974-ad56-1ad9b673a28d/current/raft-meta.tmp with options [CREATE, WRITE]: sun.nio.ch.FileChannelImpl@63edabcd
2024-10-11 22:06:49,448 [s2@group-1AD9B673A28D-LeaderElection92] TRACE util.FileUtils (LogUtils.java:runAndLog(49)) - Successfully ran Atomic Files.move /home/runner/work/ratis/ratis/ratis-test/target/test/data/30a65e24/MiniRaftClusterWithGrpc3c72539d/s2/d6644593-8c1d-4974-ad56-1ad9b673a28d/current/raft-meta.tmp to /home/runner/work/ratis/ratis/ratis-test/target/test/data/30a65e24/MiniRaftClusterWithGrpc3c72539d/s2/d6644593-8c1d-4974-ad56-1ad9b673a28d/current/raft-meta with options [REPLACE_EXISTING]
2024-10-11 22:06:49,448 [s2@group-1AD9B673A28D-LeaderElection92] INFO  impl.LeaderElection (LeaderElection.java:askForVotes(333)) - s2@group-1AD9B673A28D-LeaderElection92 ELECTION round 0: submit vote requests at term 2 for conf: {index: 0, cur=peers:[s3|localhost:15332, s4|localhost:15336, s0|localhost:15320, s1|localhost:15324, s2|localhost:15328]|listeners:[], old=null}
2024-10-11 22:06:49,450 [grpc-default-executor-0] INFO  server.RaftServer$Division (RaftServerImpl.java:requestVote(1447)) - s4@group-1AD9B673A28D: receive requestVote(ELECTION, s2, group-1AD9B673A28D, 2, (t:1, i:0))
2024-10-11 22:06:49,450 [grpc-default-executor-0] INFO  impl.VoteContext (VoteContext.java:log(49)) - s4@group-1AD9B673A28D-LEADER: accept ELECTION from s2: our priority 0 <= candidate's priority 0
2024-10-11 22:06:49,450 [grpc-default-executor-0] INFO  server.RaftServer$Division (RaftServerImpl.java:setRole(380)) - s4@group-1AD9B673A28D: changes role from    LEADER to FOLLOWER at term 1 for candidate:s2
2024-10-11 22:06:49,450 [grpc-default-executor-0] INFO  impl.RoleInfo (RoleInfo.java:shutdownLeaderState(103)) - s4: shutdown s4@group-1AD9B673A28D-LeaderStateImpl
2024-10-11 22:06:49,452 [grpc-default-executor-5] INFO  server.RaftServer$Division (RaftServerImpl.java:requestVote(1447)) - s1@group-1AD9B673A28D: receive requestVote(PRE_VOTE, s2, group-1AD9B673A28D, 1, (t:1, i:0))
2024-10-11 22:06:49,452 [grpc-default-executor-5] INFO  impl.VoteContext (VoteContext.java:log(49)) - s1@group-1AD9B673A28D-FOLLOWER: accept PRE_VOTE from s2: our priority 0 <= candidate's priority 0
2024-10-11 22:06:49,452 [grpc-default-executor-5] INFO  server.RaftServer$Division (RaftServerImpl.java:requestVote(1480)) - s1@group-1AD9B673A28D replies to PRE_VOTE vote request: s2<-s1#0:OK-t1. Peer's state: s1@group-1AD9B673A28D:t1, leader=s4, voted=s4, raftlog=Memoized:s1@group-1AD9B673A28D-SegmentedRaftLog:OPENED:c0:last(t:1, i:0), conf=conf: {index: 0, cur=peers:[s3|localhost:15332, s4|localhost:15336, s0|localhost:15320, s1|localhost:15324, s2|localhost:15328]|listeners:[], old=null}
2024-10-11 22:06:49,455 [grpc-default-executor-5] INFO  server.RaftServer$Division (RaftServerImpl.java:requestVote(1447)) - s3@group-1AD9B673A28D: receive requestVote(ELECTION, s2, group-1AD9B673A28D, 2, (t:1, i:0))
2024-10-11 22:06:49,455 [grpc-default-executor-5] INFO  impl.VoteContext (VoteContext.java:log(49)) - s3@group-1AD9B673A28D-FOLLOWER: accept ELECTION from s2: our priority 0 <= candidate's priority 0
2024-10-11 22:06:49,455 [s4@group-1AD9B673A28D->s2-GrpcLogAppender-LogAppenderDaemon] WARN  server.GrpcLogAppender (GrpcLogAppender.java:mayWait(293)) - s4@group-1AD9B673A28D->s2-GrpcLogAppender: Wait interrupted by java.lang.InterruptedException
2024-10-11 22:06:49,455 [s4@group-1AD9B673A28D->s3-GrpcLogAppender-LogAppenderDaemon] WARN  server.GrpcLogAppender (GrpcLogAppender.java:mayWait(293)) - s4@group-1AD9B673A28D->s3-GrpcLogAppender: Wait interrupted by java.lang.InterruptedException
2024-10-11 22:06:49,455 [s4@group-1AD9B673A28D->s0-GrpcLogAppender-LogAppenderDaemon] WARN  server.GrpcLogAppender (GrpcLogAppender.java:mayWait(293)) - s4@group-1AD9B673A28D->s0-GrpcLogAppender: Wait interrupted by java.lang.InterruptedException
2024-10-11 22:06:49,455 [grpc-default-executor-0] INFO  impl.PendingRequests (PendingRequests.java:sendNotLeaderResponses(287)) - s4@group-1AD9B673A28D-PendingRequests: sendNotLeaderResponses
2024-10-11 22:06:49,456 [s4@group-1AD9B673A28D->s1-GrpcLogAppender-LogAppenderDaemon] WARN  server.GrpcLogAppender (GrpcLogAppender.java:mayWait(293)) - s4@group-1AD9B673A28D->s1-GrpcLogAppender: Wait interrupted by java.lang.InterruptedException
2024-10-11 22:06:49,457 [grpc-default-executor-0] INFO  server.RaftServer$Division (ServerState.java:setLeader(272)) - s4@group-1AD9B673A28D: change Leader from s4 to null at term 1 for candidate:s2
2024-10-11 22:06:49,457 [grpc-default-executor-4] INFO  server.GrpcServerProtocolService (GrpcServerProtocolService.java:onCompleted(200)) - s2: Completed APPEND_ENTRIES, lastRequest: s4->s2#1-t1,previous=(t:0, i:0),leaderCommit=-1,initializing? false,entries: size=1, first=(t:1, i:0), CONFIGURATIONENTRY(current:id:"s3"address:"localhost:15332"dataStreamAddress:"localhost:15335"clientAddress:"localhost:15334"adminAddress:"localhost:15333"startupRole:FOLLOWER, id:"s4"address:"localhost:15336"dataStreamAddress:"localhost:15339"clientAddress:"localhost:15338"adminAddress:"localhost:15337"startupRole:FOLLOWER, id:"s0"address:"localhost:15320"dataStreamAddress:"localhost:15323"clientAddress:"localhost:15322"adminAddress:"localhost:15321"startupRole:FOLLOWER, id:"s1"address:"localhost:15324"dataStreamAddress:"localhost:15327"clientAddress:"localhost:15326"adminAddress:"localhost:15325"startupRole:FOLLOWER, id:"s2"address:"localhost:15328"dataStreamAddress:"localhost:15331"clientAddress:"localhost:15330"adminAddress:"localhost:15329"startupRole:FOLLOWER, old:)
2024-10-11 22:06:49,457 [grpc-default-executor-4] INFO  server.GrpcServerProtocolService (GrpcServerProtocolService.java:lambda$onCompleted$7(202)) - s2: Completed APPEND_ENTRIES, lastReply: null
2024-10-11 22:06:49,455 [grpc-default-executor-5] INFO  server.RaftServer$Division (RaftServerImpl.java:setRole(380)) - s3@group-1AD9B673A28D: changes role from  FOLLOWER to FOLLOWER at term 1 for candidate:s2
2024-10-11 22:06:49,458 [grpc-default-executor-5] INFO  impl.RoleInfo (RoleInfo.java:shutdownFollowerState(121)) - s3: shutdown s3@group-1AD9B673A28D-FollowerState
2024-10-11 22:06:49,459 [grpc-default-executor-1] INFO  server.GrpcLogAppender (GrpcLogAppender.java:onCompleted(559)) - s4@group-1AD9B673A28D->s2-AppendLogResponseHandler: follower responses appendEntries COMPLETED
2024-10-11 22:06:49,459 [grpc-default-executor-1] INFO  server.GrpcServerProtocolService (GrpcServerProtocolService.java:onCompleted(200)) - s0: Completed APPEND_ENTRIES, lastRequest: null
2024-10-11 22:06:49,460 [grpc-default-executor-1] INFO  server.GrpcServerProtocolService (GrpcServerProtocolService.java:lambda$onCompleted$7(202)) - s0: Completed APPEND_ENTRIES, lastReply: serverReply {
  requestorId: "s4"
  replyId: "s0"
  raftGroupId {
    id: "\326dE\223\214\035It\255V\032\331\266s\242\215"
  }
  callId: 7
  success: true
}
term: 1
nextIndex: 1
matchIndex: 18446744073709551615
isHearbeat: true

2024-10-11 22:06:49,461 [grpc-default-executor-1] INFO  server.GrpcLogAppender (GrpcLogAppender.java:onCompleted(559)) - s4@group-1AD9B673A28D->s0-AppendLogResponseHandler: follower responses appendEntries COMPLETED
2024-10-11 22:06:49,462 [grpc-default-executor-1] INFO  server.RaftServer$Division (RaftServerImpl.java:requestVote(1447)) - s1@group-1AD9B673A28D: receive requestVote(ELECTION, s2, group-1AD9B673A28D, 2, (t:1, i:0))
2024-10-11 22:06:49,462 [grpc-default-executor-1] INFO  impl.VoteContext (VoteContext.java:log(49)) - s1@group-1AD9B673A28D-FOLLOWER: accept ELECTION from s2: our priority 0 <= candidate's priority 0
2024-10-11 22:06:49,462 [grpc-default-executor-1] INFO  server.RaftServer$Division (RaftServerImpl.java:setRole(380)) - s1@group-1AD9B673A28D: changes role from  FOLLOWER to FOLLOWER at term 1 for candidate:s2
2024-10-11 22:06:49,462 [grpc-default-executor-1] INFO  impl.RoleInfo (RoleInfo.java:shutdownFollowerState(121)) - s1: shutdown s1@group-1AD9B673A28D-FollowerState
2024-10-11 22:06:49,463 [grpc-default-executor-6] INFO  server.GrpcServerProtocolService (GrpcServerProtocolService.java:onCompleted(200)) - s0: Completed APPEND_ENTRIES, lastRequest: s4->s0#1-t1,previous=(t:0, i:0),leaderCommit=-1,initializing? false,entries: size=1, first=(t:1, i:0), CONFIGURATIONENTRY(current:id:"s3"address:"localhost:15332"dataStreamAddress:"localhost:15335"clientAddress:"localhost:15334"adminAddress:"localhost:15333"startupRole:FOLLOWER, id:"s4"address:"localhost:15336"dataStreamAddress:"localhost:15339"clientAddress:"localhost:15338"adminAddress:"localhost:15337"startupRole:FOLLOWER, id:"s0"address:"localhost:15320"dataStreamAddress:"localhost:15323"clientAddress:"localhost:15322"adminAddress:"localhost:15321"startupRole:FOLLOWER, id:"s1"address:"localhost:15324"dataStreamAddress:"localhost:15327"clientAddress:"localhost:15326"adminAddress:"localhost:15325"startupRole:FOLLOWER, id:"s2"address:"localhost:15328"dataStreamAddress:"localhost:15331"clientAddress:"localhost:15330"adminAddress:"localhost:15329"startupRole:FOLLOWER, old:)
2024-10-11 22:06:49,463 [grpc-default-executor-6] INFO  server.GrpcServerProtocolService (GrpcServerProtocolService.java:lambda$onCompleted$7(202)) - s0: Completed APPEND_ENTRIES, lastReply: null
2024-10-11 22:06:49,464 [grpc-default-executor-7] INFO  server.GrpcServerProtocolService (GrpcServerProtocolService.java:onCompleted(200)) - s1: Completed APPEND_ENTRIES, lastRequest: s4->s1#1-t1,previous=(t:0, i:0),leaderCommit=-1,initializing? false,entries: size=1, first=(t:1, i:0), CONFIGURATIONENTRY(current:id:"s3"address:"localhost:15332"dataStreamAddress:"localhost:15335"clientAddress:"localhost:15334"adminAddress:"localhost:15333"startupRole:FOLLOWER, id:"s4"address:"localhost:15336"dataStreamAddress:"localhost:15339"clientAddress:"localhost:15338"adminAddress:"localhost:15337"startupRole:FOLLOWER, id:"s0"address:"localhost:15320"dataStreamAddress:"localhost:15323"clientAddress:"localhost:15322"adminAddress:"localhost:15321"startupRole:FOLLOWER, id:"s1"address:"localhost:15324"dataStreamAddress:"localhost:15327"clientAddress:"localhost:15326"adminAddress:"localhost:15325"startupRole:FOLLOWER, id:"s2"address:"localhost:15328"dataStreamAddress:"localhost:15331"clientAddress:"localhost:15330"adminAddress:"localhost:15329"startupRole:FOLLOWER, old:)
2024-10-11 22:06:49,465 [grpc-default-executor-7] INFO  server.GrpcServerProtocolService (GrpcServerProtocolService.java:lambda$onCompleted$7(202)) - s1: Completed APPEND_ENTRIES, lastReply: null
2024-10-11 22:06:49,465 [grpc-default-executor-5] INFO  server.RaftServer$Division (ServerState.java:setLeader(272)) - s3@group-1AD9B673A28D: change Leader from s4 to null at term 2 for updateCurrentTerm
2024-10-11 22:06:49,465 [grpc-default-executor-5] INFO  impl.RoleInfo (RoleInfo.java:updateAndGet(148)) - s3: start s3@group-1AD9B673A28D-FollowerState
2024-10-11 22:06:49,465 [s1@group-1AD9B673A28D-FollowerState] INFO  impl.FollowerState (FollowerState.java:runImpl(170)) - s1@group-1AD9B673A28D-FollowerState was interrupted
2024-10-11 22:06:49,465 [grpc-default-executor-1] INFO  server.RaftServer$Division (ServerState.java:setLeader(272)) - s1@group-1AD9B673A28D: change Leader from s4 to null at term 2 for updateCurrentTerm
2024-10-11 22:06:49,465 [grpc-default-executor-0] INFO  impl.RoleInfo (RoleInfo.java:updateAndGet(148)) - s4: start s4@group-1AD9B673A28D-FollowerState
2024-10-11 22:06:49,465 [grpc-default-executor-6] INFO  server.GrpcServerProtocolService (GrpcServerProtocolService.java:onCompleted(200)) - s3: Completed APPEND_ENTRIES, lastRequest: s4->s3#1-t1,previous=(t:0, i:0),leaderCommit=-1,initializing? false,entries: size=1, first=(t:1, i:0), CONFIGURATIONENTRY(current:id:"s3"address:"localhost:15332"dataStreamAddress:"localhost:15335"clientAddress:"localhost:15334"adminAddress:"localhost:15333"startupRole:FOLLOWER, id:"s4"address:"localhost:15336"dataStreamAddress:"localhost:15339"clientAddress:"localhost:15338"adminAddress:"localhost:15337"startupRole:FOLLOWER, id:"s0"address:"localhost:15320"dataStreamAddress:"localhost:15323"clientAddress:"localhost:15322"adminAddress:"localhost:15321"startupRole:FOLLOWER, id:"s1"address:"localhost:15324"dataStreamAddress:"localhost:15327"clientAddress:"localhost:15326"adminAddress:"localhost:15325"startupRole:FOLLOWER, id:"s2"address:"localhost:15328"dataStreamAddress:"localhost:15331"clientAddress:"localhost:15330"adminAddress:"localhost:15329"startupRole:FOLLOWER, old:)
2024-10-11 22:06:49,465 [grpc-default-executor-6] INFO  server.GrpcServerProtocolService (GrpcServerProtocolService.java:lambda$onCompleted$7(202)) - s3: Completed APPEND_ENTRIES, lastReply: null
2024-10-11 22:06:49,466 [grpc-default-executor-7] INFO  server.RaftServer$Division (RaftServerImpl.java:requestVote(1447)) - s0@group-1AD9B673A28D: receive requestVote(ELECTION, s2, group-1AD9B673A28D, 2, (t:1, i:0))
2024-10-11 22:06:49,466 [grpc-default-executor-7] INFO  impl.VoteContext (VoteContext.java:log(49)) - s0@group-1AD9B673A28D-FOLLOWER: accept ELECTION from s2: our priority 0 <= candidate's priority 0
2024-10-11 22:06:49,466 [grpc-default-executor-7] INFO  server.RaftServer$Division (RaftServerImpl.java:setRole(380)) - s0@group-1AD9B673A28D: changes role from  FOLLOWER to FOLLOWER at term 1 for candidate:s2
2024-10-11 22:06:49,466 [grpc-default-executor-7] INFO  impl.RoleInfo (RoleInfo.java:shutdownFollowerState(121)) - s0: shutdown s0@group-1AD9B673A28D-FollowerState
2024-10-11 22:06:49,466 [grpc-default-executor-0] TRACE util.FileUtils (LogUtils.java:supplyAndLog(69)) - Successfully supplied FileChannel.open /home/runner/work/ratis/ratis/ratis-test/target/test/data/30a65e24/MiniRaftClusterWithGrpc3c72539d/s4/d6644593-8c1d-4974-ad56-1ad9b673a28d/current/raft-meta.tmp with options [CREATE, WRITE]: sun.nio.ch.FileChannelImpl@477cc385
2024-10-11 22:06:49,467 [grpc-default-executor-1] INFO  impl.RoleInfo (RoleInfo.java:updateAndGet(148)) - s1: start s1@group-1AD9B673A28D-FollowerState
2024-10-11 22:06:49,467 [grpc-default-executor-0] TRACE util.FileUtils (LogUtils.java:runAndLog(49)) - Successfully ran Atomic Files.move /home/runner/work/ratis/ratis/ratis-test/target/test/data/30a65e24/MiniRaftClusterWithGrpc3c72539d/s4/d6644593-8c1d-4974-ad56-1ad9b673a28d/current/raft-meta.tmp to /home/runner/work/ratis/ratis/ratis-test/target/test/data/30a65e24/MiniRaftClusterWithGrpc3c72539d/s4/d6644593-8c1d-4974-ad56-1ad9b673a28d/current/raft-meta with options [REPLACE_EXISTING]
2024-10-11 22:06:49,468 [grpc-default-executor-0] INFO  server.RaftServer$Division (RaftServerImpl.java:requestVote(1480)) - s4@group-1AD9B673A28D replies to ELECTION vote request: s2<-s4#0:OK-t2. Peer's state: s4@group-1AD9B673A28D:t2, leader=null, voted=s2, raftlog=Memoized:s4@group-1AD9B673A28D-SegmentedRaftLog:OPENED:c0:last(t:1, i:0), conf=conf: {index: 0, cur=peers:[s3|localhost:15332, s4|localhost:15336, s0|localhost:15320, s1|localhost:15324, s2|localhost:15328]|listeners:[], old=null}
2024-10-11 22:06:49,470 [grpc-default-executor-1] TRACE util.FileUtils (LogUtils.java:supplyAndLog(69)) - Successfully supplied FileChannel.open /home/runner/work/ratis/ratis/ratis-test/target/test/data/30a65e24/MiniRaftClusterWithGrpc3c72539d/s1/d6644593-8c1d-4974-ad56-1ad9b673a28d/current/raft-meta.tmp with options [CREATE, WRITE]: sun.nio.ch.FileChannelImpl@5de513ca
2024-10-11 22:06:49,471 [grpc-default-executor-0] INFO  server.GrpcLogAppender (GrpcLogAppender.java:onCompleted(559)) - s4@group-1AD9B673A28D->s1-AppendLogResponseHandler: follower responses appendEntries COMPLETED
2024-10-11 22:06:49,471 [grpc-default-executor-0] INFO  server.GrpcLogAppender (GrpcLogAppender.java:onCompleted(559)) - s4@group-1AD9B673A28D->s3-AppendLogResponseHandler: follower responses appendEntries COMPLETED
2024-10-11 22:06:49,471 [grpc-default-executor-1] TRACE util.FileUtils (LogUtils.java:runAndLog(49)) - Successfully ran Atomic Files.move /home/runner/work/ratis/ratis/ratis-test/target/test/data/30a65e24/MiniRaftClusterWithGrpc3c72539d/s1/d6644593-8c1d-4974-ad56-1ad9b673a28d/current/raft-meta.tmp to /home/runner/work/ratis/ratis/ratis-test/target/test/data/30a65e24/MiniRaftClusterWithGrpc3c72539d/s1/d6644593-8c1d-4974-ad56-1ad9b673a28d/current/raft-meta with options [REPLACE_EXISTING]
2024-10-11 22:06:49,471 [grpc-default-executor-1] INFO  server.RaftServer$Division (RaftServerImpl.java:requestVote(1480)) - s1@group-1AD9B673A28D replies to ELECTION vote request: s2<-s1#0:OK-t2. Peer's state: s1@group-1AD9B673A28D:t2, leader=null, voted=s2, raftlog=Memoized:s1@group-1AD9B673A28D-SegmentedRaftLog:OPENED:c0:last(t:1, i:0), conf=conf: {index: 0, cur=peers:[s3|localhost:15332, s4|localhost:15336, s0|localhost:15320, s1|localhost:15324, s2|localhost:15328]|listeners:[], old=null}
2024-10-11 22:06:49,471 [s1-server-thread3] WARN  server.RaftServer$Division (ServerState.java:recognizeLeader(331)) - s1@group-1AD9B673A28D: Failed to recognize s4 as leader for APPEND_ENTRIES since peerTerm = 1 < currentTerm = 2
2024-10-11 22:06:49,472 [grpc-default-executor-4] INFO  server.GrpcServerProtocolService (GrpcServerProtocolService.java:onCompleted(200)) - s1: Completed APPEND_ENTRIES, lastRequest: null
2024-10-11 22:06:49,472 [grpc-default-executor-7] INFO  server.RaftServer$Division (ServerState.java:setLeader(272)) - s0@group-1AD9B673A28D: change Leader from s4 to null at term 2 for updateCurrentTerm
2024-10-11 22:06:49,472 [grpc-default-executor-7] INFO  impl.RoleInfo (RoleInfo.java:updateAndGet(148)) - s0: start s0@group-1AD9B673A28D-FollowerState
2024-10-11 22:06:49,472 [s2@group-1AD9B673A28D-LeaderElection92] INFO  impl.LeaderElection (LeaderElection.java:logAndReturn(90)) - s2@group-1AD9B673A28D-LeaderElection92: ELECTION PASSED received 2 response(s) and 0 exception(s):
2024-10-11 22:06:49,472 [s2@group-1AD9B673A28D-LeaderElection92] INFO  impl.LeaderElection (LeaderElection.java:logAndReturn(94)) -   Response 0: s2<-s4#0:OK-t2
2024-10-11 22:06:49,472 [s2@group-1AD9B673A28D-LeaderElection92] INFO  impl.LeaderElection (LeaderElection.java:logAndReturn(94)) -   Response 1: s2<-s1#0:OK-t2
2024-10-11 22:06:49,473 [grpc-default-executor-1] WARN  server.GrpcLogAppender (GrpcLogAppender.java:onNextImpl(521)) - s4@group-1AD9B673A28D->s1-AppendLogResponseHandler: received NOT_LEADER reply with term 2
2024-10-11 22:06:49,473 [s2@group-1AD9B673A28D-LeaderElection92] INFO  impl.LeaderElection (LeaderElection.java:askForVotes(335)) - s2@group-1AD9B673A28D-LeaderElection92 ELECTION round 0: result PASSED
2024-10-11 22:06:49,473 [s2@group-1AD9B673A28D-LeaderElection92] INFO  impl.RoleInfo (RoleInfo.java:shutdownLeaderElection(141)) - s2: shutdown s2@group-1AD9B673A28D-LeaderElection92
2024-10-11 22:06:49,473 [s2@group-1AD9B673A28D-LeaderElection92] INFO  server.RaftServer$Division (RaftServerImpl.java:setRole(380)) - s2@group-1AD9B673A28D: changes role from CANDIDATE to LEADER at term 2 for changeToLeader
2024-10-11 22:06:49,473 [s2@group-1AD9B673A28D-LeaderElection92] INFO  server.RaftServerConfigKeys (ConfUtils.java:logGet(46)) - raft.server.staging.catchup.gap = 1000 (default)
2024-10-11 22:06:49,473 [s2@group-1AD9B673A28D-LeaderElection92] INFO  server.RaftServerConfigKeys (ConfUtils.java:logGet(46)) - raft.server.write.element-limit = 4096 (default)
2024-10-11 22:06:49,473 [s2@group-1AD9B673A28D-LeaderElection92] INFO  server.RaftServerConfigKeys (ConfUtils.java:logGet(46)) - raft.server.write.byte-limit = 64MB (=67108864) (default)
2024-10-11 22:06:49,473 [s2@group-1AD9B673A28D-LeaderElection92] INFO  server.RaftServerConfigKeys (ConfUtils.java:logGet(46)) - raft.server.watch.timeout = 10s (default)
2024-10-11 22:06:49,473 [s2@group-1AD9B673A28D-LeaderElection92] INFO  server.RaftServerConfigKeys (ConfUtils.java:logGet(46)) - raft.server.watch.timeout.denomination = 1s (default)
2024-10-11 22:06:49,474 [s2@group-1AD9B673A28D-LeaderElection92] INFO  server.RaftServerConfigKeys (ConfUtils.java:logGet(46)) - raft.server.watch.element-limit = 65536 (default)
2024-10-11 22:06:49,474 [s2@group-1AD9B673A28D-LeaderElection92] INFO  server.RaftServerConfigKeys (ConfUtils.java:logGet(46)) - raft.server.read.leader.lease.enabled = true (custom)
2024-10-11 22:06:49,474 [s2@group-1AD9B673A28D-LeaderElection92] INFO  server.RaftServerConfigKeys (ConfUtils.java:logGet(46)) - raft.server.read.leader.lease.timeout.ratio = 0.5 (custom)
2024-10-11 22:06:49,474 [s2@group-1AD9B673A28D-LeaderElection92] INFO  server.RaftServerConfigKeys (ConfUtils.java:logGet(46)) - raft.server.rpc.timeout.min = 150ms (default)
2024-10-11 22:06:49,474 [s2@group-1AD9B673A28D-LeaderElection92] INFO  server.RaftServerConfigKeys (ConfUtils.java:logGet(46)) - raft.server.log.log-metadata.enabled = true (default)
2024-10-11 22:06:49,474 [s0@group-1AD9B673A28D-FollowerState] INFO  impl.FollowerState (FollowerState.java:runImpl(170)) - s0@group-1AD9B673A28D-FollowerState was interrupted
2024-10-11 22:06:49,474 [grpc-default-executor-7] TRACE util.FileUtils (LogUtils.java:supplyAndLog(69)) - Successfully supplied FileChannel.open /home/runner/work/ratis/ratis/ratis-test/target/test/data/30a65e24/MiniRaftClusterWithGrpc3c72539d/s0/d6644593-8c1d-4974-ad56-1ad9b673a28d/current/raft-meta.tmp with options [CREATE, WRITE]: sun.nio.ch.FileChannelImpl@6aa44ef8
2024-10-11 22:06:49,474 [s2@group-1AD9B673A28D-LeaderElection92] INFO  server.RaftServerConfigKeys (ConfUtils.java:logGet(46)) - raft.server.write.element-limit = 4096 (default)
2024-10-11 22:06:49,475 [s2@group-1AD9B673A28D-LeaderElection92] INFO  server.RaftServerConfigKeys (ConfUtils.java:logGet(46)) - raft.server.write.follower.gap.ratio.max = -1.0 (default)
2024-10-11 22:06:49,474 [grpc-default-executor-4] INFO  server.GrpcServerProtocolService (GrpcServerProtocolService.java:lambda$onCompleted$7(202)) - s1: Completed APPEND_ENTRIES, lastReply: serverReply {
  requestorId: "s4"
  replyId: "s1"
  raftGroupId {
    id: "\326dE\223\214\035It\255V\032\331\266s\242\215"
  }
  callId: 8
}
term: 2
nextIndex: 1
result: NOT_LEADER
matchIndex: 18446744073709551615
isHearbeat: true

2024-10-11 22:06:49,475 [grpc-default-executor-1] INFO  server.GrpcLogAppender (GrpcLogAppender.java:onCompleted(559)) - s4@group-1AD9B673A28D->s1-AppendLogResponseHandler: follower responses appendEntries COMPLETED
2024-10-11 22:06:49,476 [grpc-default-executor-9] INFO  server.GrpcLogAppender (GrpcLogAppender.java:onCompleted(559)) - s4@group-1AD9B673A28D->s0-AppendLogResponseHandler: follower responses appendEntries COMPLETED
2024-10-11 22:06:49,476 [grpc-default-executor-7] TRACE util.FileUtils (LogUtils.java:runAndLog(49)) - Successfully ran Atomic Files.move /home/runner/work/ratis/ratis/ratis-test/target/test/data/30a65e24/MiniRaftClusterWithGrpc3c72539d/s0/d6644593-8c1d-4974-ad56-1ad9b673a28d/current/raft-meta.tmp to /home/runner/work/ratis/ratis/ratis-test/target/test/data/30a65e24/MiniRaftClusterWithGrpc3c72539d/s0/d6644593-8c1d-4974-ad56-1ad9b673a28d/current/raft-meta with options [REPLACE_EXISTING]
2024-10-11 22:06:49,476 [grpc-default-executor-7] INFO  server.RaftServer$Division (RaftServerImpl.java:requestVote(1480)) - s0@group-1AD9B673A28D replies to ELECTION vote request: s2<-s0#0:OK-t2. Peer's state: s0@group-1AD9B673A28D:t2, leader=null, voted=s2, raftlog=Memoized:s0@group-1AD9B673A28D-SegmentedRaftLog:OPENED:c0:last(t:1, i:0), conf=conf: {index: 0, cur=peers:[s3|localhost:15332, s4|localhost:15336, s0|localhost:15320, s1|localhost:15324, s2|localhost:15328]|listeners:[], old=null}
2024-10-11 22:06:49,477 [s2@group-1AD9B673A28D-LeaderElection92] INFO  server.RaftServerConfigKeys (ConfUtils.java:logGet(46)) - raft.server.log.appender.snapshot.chunk.size.max = 16MB (=16777216) (default)
2024-10-11 22:06:49,477 [s2@group-1AD9B673A28D-LeaderElection92] INFO  server.RaftServerConfigKeys (ConfUtils.java:logGet(46)) - raft.server.log.appender.buffer.byte-limit = 4MB (=4194304) (default)
2024-10-11 22:06:49,477 [s2@group-1AD9B673A28D-LeaderElection92] INFO  server.RaftServerConfigKeys (ConfUtils.java:logGet(46)) - raft.server.log.appender.buffer.element-limit = 0 (default)
2024-10-11 22:06:49,477 [s2@group-1AD9B673A28D-LeaderElection92] INFO  server.RaftServerConfigKeys (ConfUtils.java:logGet(46)) - raft.server.log.appender.wait-time.min = 1ms (default)
2024-10-11 22:06:49,477 [s2@group-1AD9B673A28D-LeaderElection92] INFO  grpc.GrpcConfigKeys (ConfUtils.java:logGet(46)) - raft.grpc.server.leader.outstanding.appends.max = 8 (default)
2024-10-11 22:06:49,477 [s2@group-1AD9B673A28D-LeaderElection92] INFO  server.RaftServerConfigKeys (ConfUtils.java:logGet(46)) - raft.server.rpc.request.timeout = 3000ms (default)
2024-10-11 22:06:49,477 [s2@group-1AD9B673A28D-LeaderElection92] INFO  grpc.GrpcConfigKeys (ConfUtils.java:logGet(46)) - raft.grpc.server.install_snapshot.request.element-limit = 8 (default)
2024-10-11 22:06:49,477 [s2@group-1AD9B673A28D-LeaderElection92] INFO  grpc.GrpcConfigKeys (ConfUtils.java:logGet(46)) - raft.grpc.server.install_snapshot.request.timeout = 3000ms (default)
2024-10-11 22:06:49,477 [s2@group-1AD9B673A28D-LeaderElection92] INFO  grpc.GrpcConfigKeys (ConfUtils.java:logGet(46)) - raft.grpc.server.log-message.batch.duration = 5s (default)
2024-10-11 22:06:49,477 [s2@group-1AD9B673A28D-LeaderElection92] INFO  server.RaftServerConfigKeys (ConfUtils.java:logGet(46)) - raft.server.log.appender.install.snapshot.enabled = true (default)
2024-10-11 22:06:49,477 [s2@group-1AD9B673A28D-LeaderElection92] INFO  grpc.GrpcConfigKeys (ConfUtils.java:logGet(46)) - raft.grpc.server.heartbeat.channel = true (default)
2024-10-11 22:06:49,477 [s2@group-1AD9B673A28D-LeaderElection92] INFO  server.RaftServerConfigKeys (ConfUtils.java:logGet(46)) - raft.server.log.appender.snapshot.chunk.size.max = 16MB (=16777216) (default)
2024-10-11 22:06:49,478 [s2@group-1AD9B673A28D-LeaderElection92] INFO  server.RaftServerConfigKeys (ConfUtils.java:logGet(46)) - raft.server.log.appender.buffer.byte-limit = 4MB (=4194304) (default)
2024-10-11 22:06:49,478 [s2@group-1AD9B673A28D-LeaderElection92] INFO  server.RaftServerConfigKeys (ConfUtils.java:logGet(46)) - raft.server.log.appender.buffer.element-limit = 0 (default)
2024-10-11 22:06:49,478 [s2@group-1AD9B673A28D-LeaderElection92] INFO  server.RaftServerConfigKeys (ConfUtils.java:logGet(46)) - raft.server.log.appender.wait-time.min = 1ms (default)
2024-10-11 22:06:49,478 [s2@group-1AD9B673A28D-LeaderElection92] INFO  grpc.GrpcConfigKeys (ConfUtils.java:logGet(46)) - raft.grpc.server.leader.outstanding.appends.max = 8 (default)
2024-10-11 22:06:49,478 [s2@group-1AD9B673A28D-LeaderElection92] INFO  server.RaftServerConfigKeys (ConfUtils.java:logGet(46)) - raft.server.rpc.request.timeout = 3000ms (default)
2024-10-11 22:06:49,478 [s2@group-1AD9B673A28D-LeaderElection92] INFO  grpc.GrpcConfigKeys (ConfUtils.java:logGet(46)) - raft.grpc.server.install_snapshot.request.element-limit = 8 (default)
2024-10-11 22:06:49,478 [s2@group-1AD9B673A28D-LeaderElection92] INFO  grpc.GrpcConfigKeys (ConfUtils.java:logGet(46)) - raft.grpc.server.install_snapshot.request.timeout = 3000ms (default)
2024-10-11 22:06:49,478 [s2@group-1AD9B673A28D-LeaderElection92] INFO  grpc.GrpcConfigKeys (ConfUtils.java:logGet(46)) - raft.grpc.server.log-message.batch.duration = 5s (default)
2024-10-11 22:06:49,478 [s2@group-1AD9B673A28D-LeaderElection92] INFO  server.RaftServerConfigKeys (ConfUtils.java:logGet(46)) - raft.server.log.appender.install.snapshot.enabled = true (default)
2024-10-11 22:06:49,478 [s2@group-1AD9B673A28D-LeaderElection92] INFO  grpc.GrpcConfigKeys (ConfUtils.java:logGet(46)) - raft.grpc.server.heartbeat.channel = true (default)
2024-10-11 22:06:49,478 [s2@group-1AD9B673A28D-LeaderElection92] INFO  server.RaftServerConfigKeys (ConfUtils.java:logGet(46)) - raft.server.log.appender.snapshot.chunk.size.max = 16MB (=16777216) (default)
2024-10-11 22:06:49,478 [s2@group-1AD9B673A28D-LeaderElection92] INFO  server.RaftServerConfigKeys (ConfUtils.java:logGet(46)) - raft.server.log.appender.buffer.byte-limit = 4MB (=4194304) (default)
2024-10-11 22:06:49,479 [s2@group-1AD9B673A28D-LeaderElection92] INFO  server.RaftServerConfigKeys (ConfUtils.java:logGet(46)) - raft.server.log.appender.buffer.element-limit = 0 (default)
2024-10-11 22:06:49,479 [s2@group-1AD9B673A28D-LeaderElection92] INFO  server.RaftServerConfigKeys (ConfUtils.java:logGet(46)) - raft.server.log.appender.wait-time.min = 1ms (default)
2024-10-11 22:06:49,479 [s2@group-1AD9B673A28D-LeaderElection92] INFO  grpc.GrpcConfigKeys (ConfUtils.java:logGet(46)) - raft.grpc.server.leader.outstanding.appends.max = 8 (default)
2024-10-11 22:06:49,479 [s2@group-1AD9B673A28D-LeaderElection92] INFO  server.RaftServerConfigKeys (ConfUtils.java:logGet(46)) - raft.server.rpc.request.timeout = 3000ms (default)
2024-10-11 22:06:49,479 [s2@group-1AD9B673A28D-LeaderElection92] INFO  grpc.GrpcConfigKeys (ConfUtils.java:logGet(46)) - raft.grpc.server.install_snapshot.request.element-limit = 8 (default)
2024-10-11 22:06:49,479 [s2@group-1AD9B673A28D-LeaderElection92] INFO  grpc.GrpcConfigKeys (ConfUtils.java:logGet(46)) - raft.grpc.server.install_snapshot.request.timeout = 3000ms (default)
2024-10-11 22:06:49,479 [s2@group-1AD9B673A28D-LeaderElection92] INFO  grpc.GrpcConfigKeys (ConfUtils.java:logGet(46)) - raft.grpc.server.log-message.batch.duration = 5s (default)
2024-10-11 22:06:49,479 [s2@group-1AD9B673A28D-LeaderElection92] INFO  server.RaftServerConfigKeys (ConfUtils.java:logGet(46)) - raft.server.log.appender.install.snapshot.enabled = true (default)
2024-10-11 22:06:49,479 [s2@group-1AD9B673A28D-LeaderElection92] INFO  grpc.GrpcConfigKeys (ConfUtils.java:logGet(46)) - raft.grpc.server.heartbeat.channel = true (default)
2024-10-11 22:06:49,479 [s2@group-1AD9B673A28D-LeaderElection92] INFO  server.RaftServerConfigKeys (ConfUtils.java:logGet(46)) - raft.server.log.appender.snapshot.chunk.size.max = 16MB (=16777216) (default)
2024-10-11 22:06:49,479 [s2@group-1AD9B673A28D-LeaderElection92] INFO  server.RaftServerConfigKeys (ConfUtils.java:logGet(46)) - raft.server.log.appender.buffer.byte-limit = 4MB (=4194304) (default)
2024-10-11 22:06:49,479 [s2@group-1AD9B673A28D-LeaderElection92] INFO  server.RaftServerConfigKeys (ConfUtils.java:logGet(46)) - raft.server.log.appender.buffer.element-limit = 0 (default)
2024-10-11 22:06:49,479 [s2@group-1AD9B673A28D-LeaderElection92] INFO  server.RaftServerConfigKeys (ConfUtils.java:logGet(46)) - raft.server.log.appender.wait-time.min = 1ms (default)
2024-10-11 22:06:49,480 [s2@group-1AD9B673A28D-LeaderElection92] INFO  grpc.GrpcConfigKeys (ConfUtils.java:logGet(46)) - raft.grpc.server.leader.outstanding.appends.max = 8 (default)
2024-10-11 22:06:49,480 [s2@group-1AD9B673A28D-LeaderElection92] INFO  server.RaftServerConfigKeys (ConfUtils.java:logGet(46)) - raft.server.rpc.request.timeout = 3000ms (default)
2024-10-11 22:06:49,480 [s2@group-1AD9B673A28D-LeaderElection92] INFO  grpc.GrpcConfigKeys (ConfUtils.java:logGet(46)) - raft.grpc.server.install_snapshot.request.element-limit = 8 (default)
2024-10-11 22:06:49,480 [s2@group-1AD9B673A28D-LeaderElection92] INFO  grpc.GrpcConfigKeys (ConfUtils.java:logGet(46)) - raft.grpc.server.install_snapshot.request.timeout = 3000ms (default)
2024-10-11 22:06:49,480 [s2@group-1AD9B673A28D-LeaderElection92] INFO  grpc.GrpcConfigKeys (ConfUtils.java:logGet(46)) - raft.grpc.server.log-message.batch.duration = 5s (default)
2024-10-11 22:06:49,480 [s2@group-1AD9B673A28D-LeaderElection92] INFO  server.RaftServerConfigKeys (ConfUtils.java:logGet(46)) - raft.server.log.appender.install.snapshot.enabled = true (default)
2024-10-11 22:06:49,480 [s2@group-1AD9B673A28D-LeaderElection92] INFO  grpc.GrpcConfigKeys (ConfUtils.java:logGet(46)) - raft.grpc.server.heartbeat.channel = true (default)
2024-10-11 22:06:49,480 [s2@group-1AD9B673A28D-LeaderElection92] INFO  impl.RoleInfo (RoleInfo.java:updateAndGet(148)) - s2: start s2@group-1AD9B673A28D-LeaderStateImpl
2024-10-11 22:06:49,480 [s2@group-1AD9B673A28D-LeaderElection92] INFO  server.RaftServer$Division (ServerState.java:setLeader(272)) - s2@group-1AD9B673A28D: change Leader from null to s2 at term 2 for becomeLeader, leader elected after 53ms
2024-10-11 22:06:49,480 [s2@group-1AD9B673A28D-LeaderElection92] INFO  segmented.SegmentedRaftLogWorker (SegmentedRaftLogWorker.java:rollLogSegment(447)) - s2@group-1AD9B673A28D-SegmentedRaftLogWorker: Rolling segment log-0_0 to index:0
2024-10-11 22:06:49,482 [s2@group-1AD9B673A28D-SegmentedRaftLogWorker] TRACE util.FileUtils (LogUtils.java:runAndLog(49)) - Successfully ran Atomic Files.move /home/runner/work/ratis/ratis/ratis-test/target/test/data/30a65e24/MiniRaftClusterWithGrpc3c72539d/s2/d6644593-8c1d-4974-ad56-1ad9b673a28d/current/log_inprogress_0 to /home/runner/work/ratis/ratis/ratis-test/target/test/data/30a65e24/MiniRaftClusterWithGrpc3c72539d/s2/d6644593-8c1d-4974-ad56-1ad9b673a28d/current/log_0-0
2024-10-11 22:06:49,482 [s2@group-1AD9B673A28D-SegmentedRaftLogWorker] INFO  segmented.SegmentedRaftLogWorker (SegmentedRaftLogWorker.java:execute(620)) - s2@group-1AD9B673A28D-SegmentedRaftLogWorker: Rolled log segment from /home/runner/work/ratis/ratis/ratis-test/target/test/data/30a65e24/MiniRaftClusterWithGrpc3c72539d/s2/d6644593-8c1d-4974-ad56-1ad9b673a28d/current/log_inprogress_0 to /home/runner/work/ratis/ratis/ratis-test/target/test/data/30a65e24/MiniRaftClusterWithGrpc3c72539d/s2/d6644593-8c1d-4974-ad56-1ad9b673a28d/current/log_0-0
2024-10-11 22:06:49,483 [s2@group-1AD9B673A28D-SegmentedRaftLogWorker] INFO  segmented.BufferedWriteChannel (BufferedWriteChannel.java:open(61)) - open log_inprogress_1 at position 0
2024-10-11 22:06:49,489 [s2@group-1AD9B673A28D-LeaderElection92] INFO  server.RaftServer$Division (ServerState.java:setRaftConf(386)) - s2@group-1AD9B673A28D: set configuration conf: {index: 1, cur=peers:[s3|localhost:15332, s4|localhost:15336, s0|localhost:15320, s1|localhost:15324, s2|localhost:15328]|listeners:[], old=null}
2024-10-11 22:06:49,494 [s2@group-1AD9B673A28D-SegmentedRaftLogWorker] INFO  segmented.SegmentedRaftLogWorker (SegmentedRaftLogWorker.java:execute(663)) - s2@group-1AD9B673A28D-SegmentedRaftLogWorker: created new log segment /home/runner/work/ratis/ratis/ratis-test/target/test/data/30a65e24/MiniRaftClusterWithGrpc3c72539d/s2/d6644593-8c1d-4974-ad56-1ad9b673a28d/current/log_inprogress_1
2024-10-11 22:06:49,501 [s4-server-thread1] INFO  server.RaftServer$Division (ServerState.java:setLeader(272)) - s4@group-1AD9B673A28D: change Leader from null to s2 at term 2 for appendEntries, leader elected after 44ms
2024-10-11 22:06:49,502 [s1-server-thread3] INFO  server.RaftServer$Division (ServerState.java:setLeader(272)) - s1@group-1AD9B673A28D: change Leader from null to s2 at term 2 for appendEntries, leader elected after 37ms
2024-10-11 22:06:49,504 [s1-server-thread2] DEBUG server.RaftServer$Division (RaftServerImpl.java:logAppendEntries(1549)) - s1@group-1AD9B673A28D: appendEntries* s2->s1#1-t2,previous=(t:1, i:0),leaderCommit=0,initializing? false,entries: size=1, first=(t:2, i:1), CONFIGURATIONENTRY(current:id:"s3"address:"localhost:15332"dataStreamAddress:"localhost:15335"clientAddress:"localhost:15334"adminAddress:"localhost:15333"startupRole:FOLLOWER, id:"s4"address:"localhost:15336"dataStreamAddress:"localhost:15339"clientAddress:"localhost:15338"adminAddress:"localhost:15337"startupRole:FOLLOWER, id:"s0"address:"localhost:15320"dataStreamAddress:"localhost:15323"clientAddress:"localhost:15322"adminAddress:"localhost:15321"startupRole:FOLLOWER, id:"s1"address:"localhost:15324"dataStreamAddress:"localhost:15327"clientAddress:"localhost:15326"adminAddress:"localhost:15325"startupRole:FOLLOWER, id:"s2"address:"localhost:15328"dataStreamAddress:"localhost:15331"clientAddress:"localhost:15330"adminAddress:"localhost:15329"startupRole:FOLLOWER, old:)
2024-10-11 22:06:49,504 [s1-server-thread2] INFO  server.RaftServer$Division (ServerState.java:setRaftConf(386)) - s1@group-1AD9B673A28D: set configuration conf: {index: 1, cur=peers:[s3|localhost:15332, s4|localhost:15336, s0|localhost:15320, s1|localhost:15324, s2|localhost:15328]|listeners:[], old=null}
2024-10-11 22:06:49,504 [s1-server-thread2] INFO  segmented.SegmentedRaftLogWorker (SegmentedRaftLogWorker.java:rollLogSegment(447)) - s1@group-1AD9B673A28D-SegmentedRaftLogWorker: Rolling segment log-0_0 to index:0
2024-10-11 22:06:49,506 [s1@group-1AD9B673A28D-SegmentedRaftLogWorker] TRACE util.FileUtils (LogUtils.java:runAndLog(49)) - Successfully ran Atomic Files.move /home/runner/work/ratis/ratis/ratis-test/target/test/data/30a65e24/MiniRaftClusterWithGrpc3c72539d/s1/d6644593-8c1d-4974-ad56-1ad9b673a28d/current/log_inprogress_0 to /home/runner/work/ratis/ratis/ratis-test/target/test/data/30a65e24/MiniRaftClusterWithGrpc3c72539d/s1/d6644593-8c1d-4974-ad56-1ad9b673a28d/current/log_0-0
2024-10-11 22:06:49,506 [s1@group-1AD9B673A28D-SegmentedRaftLogWorker] INFO  segmented.SegmentedRaftLogWorker (SegmentedRaftLogWorker.java:execute(620)) - s1@group-1AD9B673A28D-SegmentedRaftLogWorker: Rolled log segment from /home/runner/work/ratis/ratis/ratis-test/target/test/data/30a65e24/MiniRaftClusterWithGrpc3c72539d/s1/d6644593-8c1d-4974-ad56-1ad9b673a28d/current/log_inprogress_0 to /home/runner/work/ratis/ratis/ratis-test/target/test/data/30a65e24/MiniRaftClusterWithGrpc3c72539d/s1/d6644593-8c1d-4974-ad56-1ad9b673a28d/current/log_0-0
2024-10-11 22:06:49,506 [s1@group-1AD9B673A28D-SegmentedRaftLogWorker] INFO  segmented.BufferedWriteChannel (BufferedWriteChannel.java:open(61)) - open log_inprogress_1 at position 0
2024-10-11 22:06:49,513 [s3-server-thread3] DEBUG server.RaftServer$Division (RaftServerImpl.java:logAppendEntries(1549)) - s3@group-1AD9B673A28D: appendEntries* s2->s3#1-t2,previous=(t:1, i:0),leaderCommit=0,initializing? false,entries: size=1, first=(t:2, i:1), CONFIGURATIONENTRY(current:id:"s3"address:"localhost:15332"dataStreamAddress:"localhost:15335"clientAddress:"localhost:15334"adminAddress:"localhost:15333"startupRole:FOLLOWER, id:"s4"address:"localhost:15336"dataStreamAddress:"localhost:15339"clientAddress:"localhost:15338"adminAddress:"localhost:15337"startupRole:FOLLOWER, id:"s0"address:"localhost:15320"dataStreamAddress:"localhost:15323"clientAddress:"localhost:15322"adminAddress:"localhost:15321"startupRole:FOLLOWER, id:"s1"address:"localhost:15324"dataStreamAddress:"localhost:15327"clientAddress:"localhost:15326"adminAddress:"localhost:15325"startupRole:FOLLOWER, id:"s2"address:"localhost:15328"dataStreamAddress:"localhost:15331"clientAddress:"localhost:15330"adminAddress:"localhost:15329"startupRole:FOLLOWER, old:)
2024-10-11 22:06:49,514 [s0-server-thread2] DEBUG server.RaftServer$Division (RaftServerImpl.java:logAppendEntries(1549)) - s0@group-1AD9B673A28D: appendEntries* s2->s0#1-t2,previous=(t:1, i:0),leaderCommit=0,initializing? false,entries: size=1, first=(t:2, i:1), CONFIGURATIONENTRY(current:id:"s3"address:"localhost:15332"dataStreamAddress:"localhost:15335"clientAddress:"localhost:15334"adminAddress:"localhost:15333"startupRole:FOLLOWER, id:"s4"address:"localhost:15336"dataStreamAddress:"localhost:15339"clientAddress:"localhost:15338"adminAddress:"localhost:15337"startupRole:FOLLOWER, id:"s0"address:"localhost:15320"dataStreamAddress:"localhost:15323"clientAddress:"localhost:15322"adminAddress:"localhost:15321"startupRole:FOLLOWER, id:"s1"address:"localhost:15324"dataStreamAddress:"localhost:15327"clientAddress:"localhost:15326"adminAddress:"localhost:15325"startupRole:FOLLOWER, id:"s2"address:"localhost:15328"dataStreamAddress:"localhost:15331"clientAddress:"localhost:15330"adminAddress:"localhost:15329"startupRole:FOLLOWER, old:)
2024-10-11 22:06:49,514 [s0-server-thread1] INFO  server.RaftServer$Division (ServerState.java:setLeader(272)) - s0@group-1AD9B673A28D: change Leader from null to s2 at term 2 for appendEntries, leader elected after 41ms
2024-10-11 22:06:49,514 [s0-server-thread2] INFO  server.RaftServer$Division (ServerState.java:setRaftConf(386)) - s0@group-1AD9B673A28D: set configuration conf: {index: 1, cur=peers:[s3|localhost:15332, s4|localhost:15336, s0|localhost:15320, s1|localhost:15324, s2|localhost:15328]|listeners:[], old=null}
2024-10-11 22:06:49,514 [s0-server-thread2] INFO  segmented.SegmentedRaftLogWorker (SegmentedRaftLogWorker.java:rollLogSegment(447)) - s0@group-1AD9B673A28D-SegmentedRaftLogWorker: Rolling segment log-0_0 to index:0
2024-10-11 22:06:49,518 [s4-server-thread2] DEBUG server.RaftServer$Division (RaftServerImpl.java:logAppendEntries(1549)) - s4@group-1AD9B673A28D: appendEntries* s2->s4#1-t2,previous=(t:1, i:0),leaderCommit=0,initializing? false,entries: size=1, first=(t:2, i:1), CONFIGURATIONENTRY(current:id:"s3"address:"localhost:15332"dataStreamAddress:"localhost:15335"clientAddress:"localhost:15334"adminAddress:"localhost:15333"startupRole:FOLLOWER, id:"s4"address:"localhost:15336"dataStreamAddress:"localhost:15339"clientAddress:"localhost:15338"adminAddress:"localhost:15337"startupRole:FOLLOWER, id:"s0"address:"localhost:15320"dataStreamAddress:"localhost:15323"clientAddress:"localhost:15322"adminAddress:"localhost:15321"startupRole:FOLLOWER, id:"s1"address:"localhost:15324"dataStreamAddress:"localhost:15327"clientAddress:"localhost:15326"adminAddress:"localhost:15325"startupRole:FOLLOWER, id:"s2"address:"localhost:15328"dataStreamAddress:"localhost:15331"clientAddress:"localhost:15330"adminAddress:"localhost:15329"startupRole:FOLLOWER, old:)
2024-10-11 22:06:49,519 [s4-server-thread2] INFO  server.RaftServer$Division (ServerState.java:setRaftConf(386)) - s4@group-1AD9B673A28D: set configuration conf: {index: 1, cur=peers:[s3|localhost:15332, s4|localhost:15336, s0|localhost:15320, s1|localhost:15324, s2|localhost:15328]|listeners:[], old=null}
2024-10-11 22:06:49,519 [s4-server-thread2] INFO  segmented.SegmentedRaftLogWorker (SegmentedRaftLogWorker.java:rollLogSegment(447)) - s4@group-1AD9B673A28D-SegmentedRaftLogWorker: Rolling segment log-0_0 to index:0
2024-10-11 22:06:49,519 [s1@group-1AD9B673A28D-SegmentedRaftLogWorker] INFO  segmented.SegmentedRaftLogWorker (SegmentedRaftLogWorker.java:execute(663)) - s1@group-1AD9B673A28D-SegmentedRaftLogWorker: created new log segment /home/runner/work/ratis/ratis/ratis-test/target/test/data/30a65e24/MiniRaftClusterWithGrpc3c72539d/s1/d6644593-8c1d-4974-ad56-1ad9b673a28d/current/log_inprogress_1
2024-10-11 22:06:49,520 [s4@group-1AD9B673A28D-SegmentedRaftLogWorker] TRACE util.FileUtils (LogUtils.java:runAndLog(49)) - Successfully ran Atomic Files.move /home/runner/work/ratis/ratis/ratis-test/target/test/data/30a65e24/MiniRaftClusterWithGrpc3c72539d/s4/d6644593-8c1d-4974-ad56-1ad9b673a28d/current/log_inprogress_0 to /home/runner/work/ratis/ratis/ratis-test/target/test/data/30a65e24/MiniRaftClusterWithGrpc3c72539d/s4/d6644593-8c1d-4974-ad56-1ad9b673a28d/current/log_0-0
2024-10-11 22:06:49,520 [s1-server-thread2] DEBUG server.RaftServer$Division (RaftServerImpl.java:logAppendEntries(1549)) - s1@group-1AD9B673A28D: appendEntries* reply s2<-s1#1:OK-t2,SUCCESS,nextIndex=2,followerCommit=0,matchIndex=1
2024-10-11 22:06:49,520 [s4@group-1AD9B673A28D-SegmentedRaftLogWorker] INFO  segmented.SegmentedRaftLogWorker (SegmentedRaftLogWorker.java:execute(620)) - s4@group-1AD9B673A28D-SegmentedRaftLogWorker: Rolled log segment from /home/runner/work/ratis/ratis/ratis-test/target/test/data/30a65e24/MiniRaftClusterWithGrpc3c72539d/s4/d6644593-8c1d-4974-ad56-1ad9b673a28d/current/log_inprogress_0 to /home/runner/work/ratis/ratis/ratis-test/target/test/data/30a65e24/MiniRaftClusterWithGrpc3c72539d/s4/d6644593-8c1d-4974-ad56-1ad9b673a28d/current/log_0-0
2024-10-11 22:06:49,520 [s4@group-1AD9B673A28D-SegmentedRaftLogWorker] INFO  segmented.BufferedWriteChannel (BufferedWriteChannel.java:open(61)) - open log_inprogress_1 at position 0
2024-10-11 22:06:49,527 [s0@group-1AD9B673A28D-SegmentedRaftLogWorker] TRACE util.FileUtils (LogUtils.java:runAndLog(49)) - Successfully ran Atomic Files.move /home/runner/work/ratis/ratis/ratis-test/target/test/data/30a65e24/MiniRaftClusterWithGrpc3c72539d/s0/d6644593-8c1d-4974-ad56-1ad9b673a28d/current/log_inprogress_0 to /home/runner/work/ratis/ratis/ratis-test/target/test/data/30a65e24/MiniRaftClusterWithGrpc3c72539d/s0/d6644593-8c1d-4974-ad56-1ad9b673a28d/current/log_0-0
2024-10-11 22:06:49,527 [s0@group-1AD9B673A28D-SegmentedRaftLogWorker] INFO  segmented.SegmentedRaftLogWorker (SegmentedRaftLogWorker.java:execute(620)) - s0@group-1AD9B673A28D-SegmentedRaftLogWorker: Rolled log segment from /home/runner/work/ratis/ratis/ratis-test/target/test/data/30a65e24/MiniRaftClusterWithGrpc3c72539d/s0/d6644593-8c1d-4974-ad56-1ad9b673a28d/current/log_inprogress_0 to /home/runner/work/ratis/ratis/ratis-test/target/test/data/30a65e24/MiniRaftClusterWithGrpc3c72539d/s0/d6644593-8c1d-4974-ad56-1ad9b673a28d/current/log_0-0
2024-10-11 22:06:49,527 [s0@group-1AD9B673A28D-SegmentedRaftLogWorker] INFO  segmented.BufferedWriteChannel (BufferedWriteChannel.java:open(61)) - open log_inprogress_1 at position 0
2024-10-11 22:06:49,537 [s4@group-1AD9B673A28D-SegmentedRaftLogWorker] INFO  segmented.SegmentedRaftLogWorker (SegmentedRaftLogWorker.java:execute(663)) - s4@group-1AD9B673A28D-SegmentedRaftLogWorker: created new log segment /home/runner/work/ratis/ratis/ratis-test/target/test/data/30a65e24/MiniRaftClusterWithGrpc3c72539d/s4/d6644593-8c1d-4974-ad56-1ad9b673a28d/current/log_inprogress_1
2024-10-11 22:06:49,541 [s4-server-thread2] DEBUG server.RaftServer$Division (RaftServerImpl.java:logAppendEntries(1549)) - s4@group-1AD9B673A28D: appendEntries* reply s2<-s4#1:OK-t2,SUCCESS,nextIndex=2,followerCommit=0,matchIndex=1
2024-10-11 22:06:49,542 [s2@group-1AD9B673A28D-StateMachineUpdater] TRACE util.FileUtils (LogUtils.java:supplyAndLog(69)) - Successfully supplied FileChannel.open /home/runner/work/ratis/ratis/ratis-test/target/test/data/30a65e24/MiniRaftClusterWithGrpc3c72539d/s2/d6644593-8c1d-4974-ad56-1ad9b673a28d/current/raft-meta.conf.tmp with options [CREATE, WRITE]: sun.nio.ch.FileChannelImpl@47b8dd2c
2024-10-11 22:06:49,543 [s1-server-thread2] DEBUG server.RaftServer$Division (RaftServerImpl.java:logAppendEntries(1549)) - s1@group-1AD9B673A28D: appendEntries* s2->s1#2-t2,previous=(t:2, i:1),leaderCommit=1,initializing? false,entries: size=1, first=(t:2, i:2), METADATAENTRY(c:1)
2024-10-11 22:06:49,544 [s1-server-thread2] DEBUG server.RaftServer$Division (RaftServerImpl.java:logAppendEntries(1549)) - s1@group-1AD9B673A28D: appendEntries* reply s2<-s1#2:OK-t2,SUCCESS,nextIndex=3,followerCommit=1,matchIndex=2
2024-10-11 22:06:49,544 [s1@group-1AD9B673A28D-StateMachineUpdater] TRACE util.FileUtils (LogUtils.java:supplyAndLog(69)) - Successfully supplied FileChannel.open /home/runner/work/ratis/ratis/ratis-test/target/test/data/30a65e24/MiniRaftClusterWithGrpc3c72539d/s1/d6644593-8c1d-4974-ad56-1ad9b673a28d/current/raft-meta.conf.tmp with options [CREATE, WRITE]: sun.nio.ch.FileChannelImpl@5bffd05d
2024-10-11 22:06:49,545 [s4-server-thread2] DEBUG server.RaftServer$Division (RaftServerImpl.java:logAppendEntries(1549)) - s4@group-1AD9B673A28D: appendEntries* s2->s4#3-t2,previous=(t:2, i:1),leaderCommit=1,initializing? false,entries: size=1, first=(t:2, i:2), METADATAENTRY(c:1)
2024-10-11 22:06:49,546 [s0-server-thread1] DEBUG server.RaftServer$Division (RaftServerImpl.java:logAppendEntries(1549)) - s0@group-1AD9B673A28D: appendEntries* s2->s0#4-t2,previous=(t:2, i:1),leaderCommit=1,initializing? false,entries: size=1, first=(t:2, i:2), METADATAENTRY(c:1)
2024-10-11 22:06:49,547 [s2@group-1AD9B673A28D-StateMachineUpdater] TRACE util.FileUtils (LogUtils.java:runAndLog(49)) - Successfully ran Atomic Files.move /home/runner/work/ratis/ratis/ratis-test/target/test/data/30a65e24/MiniRaftClusterWithGrpc3c72539d/s2/d6644593-8c1d-4974-ad56-1ad9b673a28d/current/raft-meta.conf.tmp to /home/runner/work/ratis/ratis/ratis-test/target/test/data/30a65e24/MiniRaftClusterWithGrpc3c72539d/s2/d6644593-8c1d-4974-ad56-1ad9b673a28d/current/raft-meta.conf with options [REPLACE_EXISTING]
2024-10-11 22:06:49,547 [s2@group-1AD9B673A28D-StateMachineUpdater] INFO  server.RaftServer$Division (LeaderStateImpl.java:checkStartIndex(314)) - Leader s2@group-1AD9B673A28D-LeaderStateImpl is ready since appliedIndex == startIndex == 1
2024-10-11 22:06:49,547 [s1@group-1AD9B673A28D-StateMachineUpdater] TRACE util.FileUtils (LogUtils.java:runAndLog(49)) - Successfully ran Atomic Files.move /home/runner/work/ratis/ratis/ratis-test/target/test/data/30a65e24/MiniRaftClusterWithGrpc3c72539d/s1/d6644593-8c1d-4974-ad56-1ad9b673a28d/current/raft-meta.conf.tmp to /home/runner/work/ratis/ratis/ratis-test/target/test/data/30a65e24/MiniRaftClusterWithGrpc3c72539d/s1/d6644593-8c1d-4974-ad56-1ad9b673a28d/current/raft-meta.conf with options [REPLACE_EXISTING]
2024-10-11 22:06:49,547 [s0@group-1AD9B673A28D-SegmentedRaftLogWorker] INFO  segmented.SegmentedRaftLogWorker (SegmentedRaftLogWorker.java:execute(663)) - s0@group-1AD9B673A28D-SegmentedRaftLogWorker: created new log segment /home/runner/work/ratis/ratis/ratis-test/target/test/data/30a65e24/MiniRaftClusterWithGrpc3c72539d/s0/d6644593-8c1d-4974-ad56-1ad9b673a28d/current/log_inprogress_1
2024-10-11 22:06:49,548 [s4-server-thread2] DEBUG server.RaftServer$Division (RaftServerImpl.java:logAppendEntries(1549)) - s4@group-1AD9B673A28D: appendEntries* reply s2<-s4#3:OK-t2,SUCCESS,nextIndex=3,followerCommit=1,matchIndex=2
2024-10-11 22:06:49,548 [s4@group-1AD9B673A28D-StateMachineUpdater] TRACE util.FileUtils (LogUtils.java:supplyAndLog(69)) - Successfully supplied FileChannel.open /home/runner/work/ratis/ratis/ratis-test/target/test/data/30a65e24/MiniRaftClusterWithGrpc3c72539d/s4/d6644593-8c1d-4974-ad56-1ad9b673a28d/current/raft-meta.conf.tmp with options [CREATE, WRITE]: sun.nio.ch.FileChannelImpl@3bee3349
2024-10-11 22:06:49,551 [s4@group-1AD9B673A28D-StateMachineUpdater] TRACE util.FileUtils (LogUtils.java:runAndLog(49)) - Successfully ran Atomic Files.move /home/runner/work/ratis/ratis/ratis-test/target/test/data/30a65e24/MiniRaftClusterWithGrpc3c72539d/s4/d6644593-8c1d-4974-ad56-1ad9b673a28d/current/raft-meta.conf.tmp to /home/runner/work/ratis/ratis/ratis-test/target/test/data/30a65e24/MiniRaftClusterWithGrpc3c72539d/s4/d6644593-8c1d-4974-ad56-1ad9b673a28d/current/raft-meta.conf with options [REPLACE_EXISTING]
2024-10-11 22:06:49,551 [s0-server-thread1] DEBUG server.RaftServer$Division (RaftServerImpl.java:logAppendEntries(1549)) - s0@group-1AD9B673A28D: appendEntries* reply s2<-s0#1:OK-t2,SUCCESS,nextIndex=2,followerCommit=0,matchIndex=1
2024-10-11 22:06:49,552 [s0-server-thread1] DEBUG server.RaftServer$Division (RaftServerImpl.java:logAppendEntries(1549)) - s0@group-1AD9B673A28D: appendEntries* reply s2<-s0#4:OK-t2,SUCCESS,nextIndex=3,followerCommit=1,matchIndex=2
2024-10-11 22:06:49,552 [s0@group-1AD9B673A28D-StateMachineUpdater] TRACE util.FileUtils (LogUtils.java:supplyAndLog(69)) - Successfully supplied FileChannel.open /home/runner/work/ratis/ratis/ratis-test/target/test/data/30a65e24/MiniRaftClusterWithGrpc3c72539d/s0/d6644593-8c1d-4974-ad56-1ad9b673a28d/current/raft-meta.conf.tmp with options [CREATE, WRITE]: sun.nio.ch.FileChannelImpl@3691d538
2024-10-11 22:06:49,554 [s0@group-1AD9B673A28D-StateMachineUpdater] TRACE util.FileUtils (LogUtils.java:runAndLog(49)) - Successfully ran Atomic Files.move /home/runner/work/ratis/ratis/ratis-test/target/test/data/30a65e24/MiniRaftClusterWithGrpc3c72539d/s0/d6644593-8c1d-4974-ad56-1ad9b673a28d/current/raft-meta.conf.tmp to /home/runner/work/ratis/ratis/ratis-test/target/test/data/30a65e24/MiniRaftClusterWithGrpc3c72539d/s0/d6644593-8c1d-4974-ad56-1ad9b673a28d/current/raft-meta.conf with options [REPLACE_EXISTING]
2024-10-11 22:06:49,961 [main] INFO  server.RaftServerConfigKeys (ConfUtils.java:logGet(46)) - raft.server.rpc.timeout.max = 300ms (default)
2024-10-11 22:06:50,185 [s2-server-thread1] INFO  util.CodeInjectionForTesting (BlockRequestHandlingInjection.java:execute(84)) - s2: unBlock request from s4
2024-10-11 22:06:50,185 [s2-server-thread1] WARN  server.RaftServer$Division (ServerState.java:recognizeLeader(331)) - s2@group-1AD9B673A28D: Failed to recognize s4 as leader for APPEND_ENTRIES since peerTerm = 1 < currentTerm = 2
2024-10-11 22:06:50,185 [grpc-default-executor-11] WARN  server.GrpcLogAppender (GrpcLogAppender.java:onNextImpl(521)) - s4@group-1AD9B673A28D->s2-AppendLogResponseHandler: received NOT_LEADER reply with term 2
2024-10-11 22:06:50,185 [s2-server-thread1] WARN  server.RaftServer$Division (ServerState.java:recognizeLeader(331)) - s2@group-1AD9B673A28D: Failed to recognize s4 as leader for APPEND_ENTRIES since peerTerm = 1 < currentTerm = 2
2024-10-11 22:06:50,186 [grpc-default-executor-3] INFO  server.GrpcServerProtocolService (GrpcServerProtocolService.java:onCompleted(200)) - s2: Completed APPEND_ENTRIES, lastRequest: null
2024-10-11 22:06:50,186 [grpc-default-executor-11] WARN  server.GrpcLogAppender (GrpcLogAppender.java:onNextImpl(521)) - s4@group-1AD9B673A28D->s2-AppendLogResponseHandler: received NOT_LEADER reply with term 2
2024-10-11 22:06:50,186 [grpc-default-executor-3] INFO  server.GrpcServerProtocolService (GrpcServerProtocolService.java:lambda$onCompleted$7(202)) - s2: Completed APPEND_ENTRIES, lastReply: serverReply {
  requestorId: "s4"
  replyId: "s2"
  raftGroupId {
    id: "\326dE\223\214\035It\255V\032\331\266s\242\215"
  }
  callId: 11
}
term: 2
nextIndex: 3
result: NOT_LEADER
followerCommit: 2
matchIndex: 18446744073709551615
isHearbeat: true

2024-10-11 22:06:50,187 [grpc-default-executor-3] INFO  server.GrpcLogAppender (GrpcLogAppender.java:onCompleted(559)) - s4@group-1AD9B673A28D->s2-AppendLogResponseHandler: follower responses appendEntries COMPLETED
2024-10-11 22:06:50,842 [timer2] WARN  server.GrpcLogAppender (GrpcLogAppender.java:lambda$resetClient$1(221)) - s0@group-777F688EFC55->s3-GrpcLogAppender: Follower failed (request=null, errorCount=2); keep nextIndex (7) unchanged and retry. (Repeated 2 times in the last 5.000s)
2024-10-11 22:06:50,843 [timer1] WARN  server.GrpcLogAppender (LogUtils.java:warn(121)) - s0@group-777F688EFC55->s3-AppendLogResponseHandler: Failed appendEntries (Repeated 2 times in the last 5.000s): org.apache.ratis.thirdparty.io.grpc.StatusRuntimeException: CANCELLED: RST_STREAM closed stream. HTTP/2 error code: CANCEL
2024-10-11 22:06:50,862 [main] INFO  grpc.TestLeaderElectionWithGrpc (LeaderElectionTests.java:enforceLeader(400)) - printing ALL groups
  s3:  RUNNING  FOLLOWER s3@group-1AD9B673A28D:t2, leader=null, voted=null, raftlog=Memoized:s3@group-1AD9B673A28D-SegmentedRaftLog:OPENED:c0:last(t:1, i:0), conf=conf: {index: 0, cur=peers:[s3|localhost:15332, s4|localhost:15336, s0|localhost:15320, s1|localhost:15324, s2|localhost:15328]|listeners:[], old=null} RUNNING
  s4:  RUNNING  FOLLOWER s4@group-1AD9B673A28D:t2, leader=s2, voted=s2, raftlog=Memoized:s4@group-1AD9B673A28D-SegmentedRaftLog:OPENED:c2:last(t:2, i:2), conf=conf: {index: 1, cur=peers:[s3|localhost:15332, s4|localhost:15336, s0|localhost:15320, s1|localhost:15324, s2|localhost:15328]|listeners:[], old=null} RUNNING
  s0:  RUNNING  FOLLOWER s0@group-1AD9B673A28D:t2, leader=s2, voted=s2, raftlog=Memoized:s0@group-1AD9B673A28D-SegmentedRaftLog:OPENED:c2:last(t:2, i:2), conf=conf: {index: 1, cur=peers:[s3|localhost:15332, s4|localhost:15336, s0|localhost:15320, s1|localhost:15324, s2|localhost:15328]|listeners:[], old=null} RUNNING
  s1:  RUNNING  FOLLOWER s1@group-1AD9B673A28D:t2, leader=s2, voted=s2, raftlog=Memoized:s1@group-1AD9B673A28D-SegmentedRaftLog:OPENED:c2:last(t:2, i:2), conf=conf: {index: 1, cur=peers:[s3|localhost:15332, s4|localhost:15336, s0|localhost:15320, s1|localhost:15324, s2|localhost:15328]|listeners:[], old=null} RUNNING
  s2:  RUNNING    LEADER s2@group-1AD9B673A28D:t2, leader=s2, voted=s2, raftlog=Memoized:s2@group-1AD9B673A28D-SegmentedRaftLog:OPENED:c2:last(t:2, i:2), conf=conf: {index: 1, cur=peers:[s3|localhost:15332, s4|localhost:15336, s0|localhost:15320, s1|localhost:15324, s2|localhost:15328]|listeners:[], old=null} RUNNING
2024-10-11 22:06:50,862 [main] INFO  impl.MiniRaftCluster (MiniRaftCluster.java:shutdown(837)) - ************************************************************** 
2024-10-11 22:06:50,862 [main] INFO  impl.MiniRaftCluster (MiniRaftCluster.java:shutdown(838)) - *** 
2024-10-11 22:06:50,862 [main] INFO  impl.MiniRaftCluster (MiniRaftCluster.java:shutdown(839)) - ***     Stopping MiniRaftClusterWithGrpc
2024-10-11 22:06:50,862 [main] INFO  impl.MiniRaftCluster (MiniRaftCluster.java:shutdown(840)) - *** 
2024-10-11 22:06:50,863 [main] INFO  impl.MiniRaftCluster (MiniRaftCluster.java:shutdown(841)) - ************************************************************** 
2024-10-11 22:06:50,863 [main] INFO  impl.MiniRaftCluster (MiniRaftCluster.java:shutdown(842)) - printing ALL groups
  s3:  RUNNING  FOLLOWER s3@group-1AD9B673A28D:t2, leader=null, voted=null, raftlog=Memoized:s3@group-1AD9B673A28D-SegmentedRaftLog:OPENED:c0:last(t:1, i:0), conf=conf: {index: 0, cur=peers:[s3|localhost:15332, s4|localhost:15336, s0|localhost:15320, s1|localhost:15324, s2|localhost:15328]|listeners:[], old=null} RUNNING
  s4:  RUNNING  FOLLOWER s4@group-1AD9B673A28D:t2, leader=s2, voted=s2, raftlog=Memoized:s4@group-1AD9B673A28D-SegmentedRaftLog:OPENED:c2:last(t:2, i:2), conf=conf: {index: 1, cur=peers:[s3|localhost:15332, s4|localhost:15336, s0|localhost:15320, s1|localhost:15324, s2|localhost:15328]|listeners:[], old=null} RUNNING
  s0:  RUNNING  FOLLOWER s0@group-1AD9B673A28D:t2, leader=s2, voted=s2, raftlog=Memoized:s0@group-1AD9B673A28D-SegmentedRaftLog:OPENED:c2:last(t:2, i:2), conf=conf: {index: 1, cur=peers:[s3|localhost:15332, s4|localhost:15336, s0|localhost:15320, s1|localhost:15324, s2|localhost:15328]|listeners:[], old=null} RUNNING
  s1:  RUNNING  FOLLOWER s1@group-1AD9B673A28D:t2, leader=s2, voted=s2, raftlog=Memoized:s1@group-1AD9B673A28D-SegmentedRaftLog:OPENED:c2:last(t:2, i:2), conf=conf: {index: 1, cur=peers:[s3|localhost:15332, s4|localhost:15336, s0|localhost:15320, s1|localhost:15324, s2|localhost:15328]|listeners:[], old=null} RUNNING
  s2:  RUNNING    LEADER s2@group-1AD9B673A28D:t2, leader=s2, voted=s2, raftlog=Memoized:s2@group-1AD9B673A28D-SegmentedRaftLog:OPENED:c2:last(t:2, i:2), conf=conf: {index: 1, cur=peers:[s3|localhost:15332, s4|localhost:15336, s0|localhost:15320, s1|localhost:15324, s2|localhost:15328]|listeners:[], old=null} RUNNING
2024-10-11 22:06:50,864 [MiniRaftCluster-112] INFO  server.RaftServer (RaftServerProxy.java:lambda$close$9(418)) - s3: close
2024-10-11 22:06:50,864 [s3-impl-thread1] INFO  server.RaftServer$Division (RaftServerImpl.java:lambda$close$1(515)) - s3@group-1AD9B673A28D: shutdown
2024-10-11 22:06:50,864 [MiniRaftCluster-112] INFO  server.GrpcService (GrpcService.java:closeImpl(350)) - s3: shutdown server org.apache.ratis.grpc.server.GrpcClientProtocolService now
2024-10-11 22:06:50,864 [s3-impl-thread1] INFO  util.JmxRegister (JmxRegister.java:unregister(74)) - Successfully un-registered JMX Bean with object name Ratis:service=RaftServer,group=group-1AD9B673A28D,id=s3
2024-10-11 22:06:50,864 [s3-impl-thread1] INFO  impl.RoleInfo (RoleInfo.java:shutdownFollowerState(121)) - s3: shutdown s3@group-1AD9B673A28D-FollowerState
2024-10-11 22:06:50,864 [s3-impl-thread1] INFO  impl.StateMachineUpdater (StateMachineUpdater.java:stopAndJoin(164)) - s3@group-1AD9B673A28D-StateMachineUpdater: set stopIndex = 0
2024-10-11 22:06:50,864 [s3@group-1AD9B673A28D-StateMachineUpdater] INFO  impl.StateMachineUpdater (StateMachineUpdater.java:stop(141)) - s3@group-1AD9B673A28D-StateMachineUpdater: closing BaseStateMachine, lastApplied=(t:1, i:0)
2024-10-11 22:06:50,864 [MiniRaftCluster-113] INFO  server.RaftServer (RaftServerProxy.java:lambda$close$9(418)) - s4: close
2024-10-11 22:06:50,864 [MiniRaftCluster-113] INFO  server.GrpcService (GrpcService.java:closeImpl(350)) - s4: shutdown server org.apache.ratis.grpc.server.GrpcClientProtocolService now
2024-10-11 22:06:50,864 [s4-impl-thread1] INFO  server.RaftServer$Division (RaftServerImpl.java:lambda$close$1(515)) - s4@group-1AD9B673A28D: shutdown
2024-10-11 22:06:50,864 [s4-impl-thread1] INFO  util.JmxRegister (JmxRegister.java:unregister(74)) - Successfully un-registered JMX Bean with object name Ratis:service=RaftServer,group=group-1AD9B673A28D,id=s4
2024-10-11 22:06:50,864 [s4-impl-thread1] INFO  impl.RoleInfo (RoleInfo.java:shutdownFollowerState(121)) - s4: shutdown s4@group-1AD9B673A28D-FollowerState
2024-10-11 22:06:50,865 [s4-impl-thread1] INFO  impl.StateMachineUpdater (StateMachineUpdater.java:stopAndJoin(164)) - s4@group-1AD9B673A28D-StateMachineUpdater: set stopIndex = 2
2024-10-11 22:06:50,864 [s3-impl-thread1] INFO  raftlog.RaftLog (SegmentedRaftLog.java:close(567)) - Start closing s3@group-1AD9B673A28D-SegmentedRaftLog:OPENED:c0:last(t:1, i:0)
2024-10-11 22:06:50,865 [s4@group-1AD9B673A28D-StateMachineUpdater] INFO  impl.StateMachineUpdater (StateMachineUpdater.java:stop(141)) - s4@group-1AD9B673A28D-StateMachineUpdater: closing BaseStateMachine, lastApplied=(t:2, i:2)
2024-10-11 22:06:50,865 [MiniRaftCluster-115] INFO  server.RaftServer (RaftServerProxy.java:lambda$close$9(418)) - s1: close
2024-10-11 22:06:50,865 [s4@group-1AD9B673A28D-FollowerState] INFO  impl.FollowerState (FollowerState.java:runImpl(170)) - s4@group-1AD9B673A28D-FollowerState was interrupted
2024-10-11 22:06:50,865 [MiniRaftCluster-114] INFO  server.RaftServer (RaftServerProxy.java:lambda$close$9(418)) - s0: close
2024-10-11 22:06:50,865 [s3@group-1AD9B673A28D-cacheEviction-AwaitToRun] INFO  util.AwaitToRun (AwaitToRun.java:run(49)) - s3@group-1AD9B673A28D-cacheEviction-AwaitToRun-AwaitForSignal is interrupted
2024-10-11 22:06:50,865 [s4-impl-thread1] INFO  raftlog.RaftLog (SegmentedRaftLog.java:close(567)) - Start closing s4@group-1AD9B673A28D-SegmentedRaftLog:OPENED:c2:last(t:2, i:2)
2024-10-11 22:06:50,865 [MiniRaftCluster-116] INFO  server.RaftServer (RaftServerProxy.java:lambda$close$9(418)) - s2: close
2024-10-11 22:06:50,865 [s1-impl-thread1] INFO  server.RaftServer$Division (RaftServerImpl.java:lambda$close$1(515)) - s1@group-1AD9B673A28D: shutdown
2024-10-11 22:06:50,865 [s1-impl-thread1] INFO  util.JmxRegister (JmxRegister.java:unregister(74)) - Successfully un-registered JMX Bean with object name Ratis:service=RaftServer,group=group-1AD9B673A28D,id=s1
2024-10-11 22:06:50,865 [s1-impl-thread1] INFO  impl.RoleInfo (RoleInfo.java:shutdownFollowerState(121)) - s1: shutdown s1@group-1AD9B673A28D-FollowerState
2024-10-11 22:06:50,866 [s2-impl-thread1] INFO  server.RaftServer$Division (RaftServerImpl.java:lambda$close$1(515)) - s2@group-1AD9B673A28D: shutdown
2024-10-11 22:06:50,866 [s2-impl-thread1] INFO  util.JmxRegister (JmxRegister.java:unregister(74)) - Successfully un-registered JMX Bean with object name Ratis:service=RaftServer,group=group-1AD9B673A28D,id=s2
2024-10-11 22:06:50,866 [s2-impl-thread1] INFO  impl.RoleInfo (RoleInfo.java:shutdownLeaderState(103)) - s2: shutdown s2@group-1AD9B673A28D-LeaderStateImpl
2024-10-11 22:06:50,865 [MiniRaftCluster-115] INFO  server.GrpcService (GrpcService.java:closeImpl(350)) - s1: shutdown server org.apache.ratis.grpc.server.GrpcClientProtocolService now
2024-10-11 22:06:50,865 [MiniRaftCluster-116] INFO  server.GrpcService (GrpcService.java:closeImpl(350)) - s2: shutdown server org.apache.ratis.grpc.server.GrpcClientProtocolService now
2024-10-11 22:06:50,865 [MiniRaftCluster-114] INFO  server.GrpcService (GrpcService.java:closeImpl(350)) - s0: shutdown server org.apache.ratis.grpc.server.GrpcClientProtocolService now
2024-10-11 22:06:50,865 [s3-impl-thread1] INFO  segmented.LogSegment (LogSegment.java:close(348)) - Successfully closed EntryCache-log_inprogress_0
2024-10-11 22:06:50,865 [s0-impl-thread1] INFO  server.RaftServer$Division (RaftServerImpl.java:lambda$close$1(515)) - s0@group-1AD9B673A28D: shutdown
2024-10-11 22:06:50,867 [s0-impl-thread1] INFO  util.JmxRegister (JmxRegister.java:unregister(74)) - Successfully un-registered JMX Bean with object name Ratis:service=RaftServer,group=group-1AD9B673A28D,id=s0
2024-10-11 22:06:50,867 [s0-impl-thread1] INFO  impl.RoleInfo (RoleInfo.java:shutdownFollowerState(121)) - s0: shutdown s0@group-1AD9B673A28D-FollowerState
2024-10-11 22:06:50,867 [Thread-2092] INFO  server.GrpcServerProtocolClient (GrpcServerProtocolClient.java:close(105)) - s3 Close channels
2024-10-11 22:06:50,868 [Thread-2098] INFO  server.GrpcServerProtocolClient (GrpcServerProtocolClient.java:close(105)) - s0 Close channels
2024-10-11 22:06:50,869 [Thread-2099] INFO  server.GrpcServerProtocolClient (GrpcServerProtocolClient.java:close(105)) - s1 Close channels
2024-10-11 22:06:50,870 [Thread-2100] INFO  server.GrpcServerProtocolClient (GrpcServerProtocolClient.java:close(105)) - s2 Close channels
2024-10-11 22:06:50,871 [s0-impl-thread1] INFO  impl.StateMachineUpdater (StateMachineUpdater.java:stopAndJoin(164)) - s0@group-1AD9B673A28D-StateMachineUpdater: set stopIndex = 2
2024-10-11 22:06:50,871 [s0@group-1AD9B673A28D-StateMachineUpdater] INFO  impl.StateMachineUpdater (StateMachineUpdater.java:stop(141)) - s0@group-1AD9B673A28D-StateMachineUpdater: closing BaseStateMachine, lastApplied=(t:2, i:2)
2024-10-11 22:06:50,871 [s0-impl-thread1] INFO  raftlog.RaftLog (SegmentedRaftLog.java:close(567)) - Start closing s0@group-1AD9B673A28D-SegmentedRaftLog:OPENED:c2:last(t:2, i:2)
2024-10-11 22:06:50,873 [s0@group-1AD9B673A28D-FollowerState] INFO  impl.FollowerState (FollowerState.java:runImpl(170)) - s0@group-1AD9B673A28D-FollowerState was interrupted
2024-10-11 22:06:50,873 [s2@group-1AD9B673A28D->s3-GrpcLogAppender-LogAppenderDaemon] WARN  server.GrpcLogAppender (GrpcLogAppender.java:mayWait(293)) - s2@group-1AD9B673A28D->s3-GrpcLogAppender: Wait interrupted by java.lang.InterruptedException
2024-10-11 22:06:50,875 [s1-impl-thread1] INFO  impl.StateMachineUpdater (StateMachineUpdater.java:stopAndJoin(164)) - s1@group-1AD9B673A28D-StateMachineUpdater: set stopIndex = 2
2024-10-11 22:06:50,875 [s1@group-1AD9B673A28D-StateMachineUpdater] INFO  impl.StateMachineUpdater (StateMachineUpdater.java:stop(141)) - s1@group-1AD9B673A28D-StateMachineUpdater: closing BaseStateMachine, lastApplied=(t:2, i:2)
2024-10-11 22:06:50,875 [MiniRaftCluster-115] INFO  server.GrpcService (GrpcService.java:closeImpl(359)) - s1: shutdown server org.apache.ratis.grpc.server.GrpcClientProtocolService successfully
2024-10-11 22:06:50,876 [MiniRaftCluster-115] INFO  server.GrpcService (GrpcService.java:closeImpl(350)) - s1: shutdown server GrpcServerProtocolService now
2024-10-11 22:06:50,875 [s1@group-1AD9B673A28D-FollowerState] INFO  impl.FollowerState (FollowerState.java:runImpl(170)) - s1@group-1AD9B673A28D-FollowerState was interrupted
2024-10-11 22:06:50,876 [s4@group-1AD9B673A28D-cacheEviction-AwaitToRun] INFO  util.AwaitToRun (AwaitToRun.java:run(49)) - s4@group-1AD9B673A28D-cacheEviction-AwaitToRun-AwaitForSignal is interrupted
2024-10-11 22:06:50,876 [s1-impl-thread1] INFO  raftlog.RaftLog (SegmentedRaftLog.java:close(567)) - Start closing s1@group-1AD9B673A28D-SegmentedRaftLog:OPENED:c2:last(t:2, i:2)
2024-10-11 22:06:50,877 [s4-impl-thread1] INFO  segmented.LogSegment (LogSegment.java:close(348)) - Successfully closed EntryCache-log_inprogress_1
2024-10-11 22:06:50,877 [s4-impl-thread1] INFO  segmented.LogSegment (LogSegment.java:close(348)) - Successfully closed EntryCache-log-0_0
2024-10-11 22:06:50,877 [grpc-default-executor-3] WARN  server.GrpcServerProtocolService (LogUtils.java:warn(121)) - s1: APPEND_ENTRIES onError, lastRequest: s2->s1#2-t2,previous=(t:2, i:1),leaderCommit=1,initializing? false,entries: size=1, first=(t:2, i:2), METADATAENTRY(c:1): org.apache.ratis.thirdparty.io.grpc.StatusRuntimeException: CANCELLED: client cancelled
2024-10-11 22:06:50,877 [grpc-default-executor-8] WARN  server.GrpcLogAppender (LogUtils.java:warn(121)) - s2@group-1AD9B673A28D->s1-AppendLogResponseHandler: Failed appendEntries: org.apache.ratis.thirdparty.io.grpc.StatusRuntimeException: CANCELLED: RST_STREAM closed stream. HTTP/2 error code: CANCEL
2024-10-11 22:06:50,878 [grpc-default-executor-8] WARN  server.GrpcLogAppender (GrpcLogAppender.java:lambda$resetClient$1(221)) - s2@group-1AD9B673A28D->s1-GrpcLogAppender: Follower failed (request=null, errorCount=1); keep nextIndex (3) unchanged and retry.
2024-10-11 22:06:50,879 [s2-impl-thread1] INFO  impl.PendingRequests (PendingRequests.java:sendNotLeaderResponses(287)) - s2@group-1AD9B673A28D-PendingRequests: sendNotLeaderResponses
2024-10-11 22:06:50,880 [s2@group-1AD9B673A28D->s4-GrpcLogAppender-LogAppenderDaemon] WARN  server.GrpcLogAppender (GrpcLogAppender.java:mayWait(293)) - s2@group-1AD9B673A28D->s4-GrpcLogAppender: Wait interrupted by java.lang.InterruptedException
2024-10-11 22:06:50,880 [s2@group-1AD9B673A28D->s0-GrpcLogAppender-LogAppenderDaemon] WARN  server.GrpcLogAppender (GrpcLogAppender.java:mayWait(293)) - s2@group-1AD9B673A28D->s0-GrpcLogAppender: Wait interrupted by java.lang.InterruptedException
2024-10-11 22:06:50,880 [s2@group-1AD9B673A28D->s1-GrpcLogAppender-LogAppenderDaemon] WARN  server.GrpcLogAppender (GrpcLogAppender.java:mayWait(293)) - s2@group-1AD9B673A28D->s1-GrpcLogAppender: Wait interrupted by java.lang.InterruptedException
2024-10-11 22:06:50,880 [grpc-default-executor-3] INFO  server.GrpcServerProtocolService (GrpcServerProtocolService.java:onCompleted(200)) - s0: Completed APPEND_ENTRIES, lastRequest: null
2024-10-11 22:06:50,881 [grpc-default-executor-3] INFO  server.GrpcServerProtocolService (GrpcServerProtocolService.java:lambda$onCompleted$7(202)) - s0: Completed APPEND_ENTRIES, lastReply: serverReply {
  requestorId: "s2"
  replyId: "s0"
  raftGroupId {
    id: "\326dE\223\214\035It\255V\032\331\266s\242\215"
  }
  callId: 28
  success: true
}
term: 2
nextIndex: 3
followerCommit: 2
matchIndex: 18446744073709551615
isHearbeat: true

2024-10-11 22:06:50,881 [grpc-default-executor-11] INFO  server.GrpcLogAppender (GrpcLogAppender.java:onCompleted(559)) - s2@group-1AD9B673A28D->s0-AppendLogResponseHandler: follower responses appendEntries COMPLETED
2024-10-11 22:06:50,881 [s2-impl-thread1] INFO  impl.StateMachineUpdater (StateMachineUpdater.java:stopAndJoin(164)) - s2@group-1AD9B673A28D-StateMachineUpdater: set stopIndex = 2
2024-10-11 22:06:50,881 [s2@group-1AD9B673A28D-StateMachineUpdater] INFO  impl.StateMachineUpdater (StateMachineUpdater.java:stop(141)) - s2@group-1AD9B673A28D-StateMachineUpdater: closing BaseStateMachine, lastApplied=(t:2, i:2)
2024-10-11 22:06:50,882 [grpc-default-executor-8] INFO  server.GrpcServerProtocolService (GrpcServerProtocolService.java:onCompleted(200)) - s4: Completed APPEND_ENTRIES, lastRequest: s2->s4#3-t2,previous=(t:2, i:1),leaderCommit=1,initializing? false,entries: size=1, first=(t:2, i:2), METADATAENTRY(c:1)
2024-10-11 22:06:50,882 [grpc-default-executor-8] INFO  server.GrpcServerProtocolService (GrpcServerProtocolService.java:lambda$onCompleted$7(202)) - s4: Completed APPEND_ENTRIES, lastReply: null
2024-10-11 22:06:50,882 [s0@group-1AD9B673A28D-cacheEviction-AwaitToRun] INFO  util.AwaitToRun (AwaitToRun.java:run(49)) - s0@group-1AD9B673A28D-cacheEviction-AwaitToRun-AwaitForSignal is interrupted
2024-10-11 22:06:50,882 [s0-impl-thread1] INFO  segmented.LogSegment (LogSegment.java:close(348)) - Successfully closed EntryCache-log_inprogress_1
2024-10-11 22:06:50,882 [s0-impl-thread1] INFO  segmented.LogSegment (LogSegment.java:close(348)) - Successfully closed EntryCache-log-0_0
2024-10-11 22:06:50,882 [grpc-default-executor-11] INFO  server.GrpcLogAppender (GrpcLogAppender.java:onCompleted(559)) - s2@group-1AD9B673A28D->s4-AppendLogResponseHandler: follower responses appendEntries COMPLETED
2024-10-11 22:06:50,882 [s2-impl-thread1] INFO  raftlog.RaftLog (SegmentedRaftLog.java:close(567)) - Start closing s2@group-1AD9B673A28D-SegmentedRaftLog:OPENED:c2:last(t:2, i:2)
2024-10-11 22:06:50,883 [MiniRaftCluster-115] INFO  server.GrpcService (GrpcService.java:closeImpl(359)) - s1: shutdown server GrpcServerProtocolService successfully
2024-10-11 22:06:50,883 [MiniRaftCluster-115] INFO  server.GrpcService (GrpcService.java:closeImpl(350)) - s1: shutdown server org.apache.ratis.grpc.server.GrpcAdminProtocolService now
2024-10-11 22:06:50,883 [grpc-default-executor-3] WARN  server.GrpcServerProtocolService (LogUtils.java:warn(121)) - s1: APPEND_ENTRIES onError, lastRequest: null: org.apache.ratis.thirdparty.io.grpc.StatusRuntimeException: CANCELLED: client cancelled
2024-10-11 22:06:50,883 [MiniRaftCluster-115] INFO  server.GrpcService (GrpcService.java:closeImpl(359)) - s1: shutdown server org.apache.ratis.grpc.server.GrpcAdminProtocolService successfully
2024-10-11 22:06:50,883 [MiniRaftCluster-114] INFO  server.GrpcService (GrpcService.java:closeImpl(359)) - s0: shutdown server org.apache.ratis.grpc.server.GrpcClientProtocolService successfully
2024-10-11 22:06:50,883 [MiniRaftCluster-114] INFO  server.GrpcService (GrpcService.java:closeImpl(350)) - s0: shutdown server GrpcServerProtocolService now
2024-10-11 22:06:50,884 [grpc-default-executor-3] INFO  server.GrpcServerProtocolService (GrpcServerProtocolService.java:onCompleted(200)) - s4: Completed APPEND_ENTRIES, lastRequest: null
2024-10-11 22:06:50,884 [grpc-default-executor-3] INFO  server.GrpcServerProtocolService (GrpcServerProtocolService.java:lambda$onCompleted$7(202)) - s4: Completed APPEND_ENTRIES, lastReply: serverReply {
  requestorId: "s2"
  replyId: "s4"
  raftGroupId {
    id: "\326dE\223\214\035It\255V\032\331\266s\242\215"
  }
  callId: 24
  success: true
}
term: 2
nextIndex: 3
followerCommit: 2
matchIndex: 18446744073709551615
isHearbeat: true

2024-10-11 22:06:50,884 [grpc-default-executor-3] INFO  server.GrpcLogAppender (GrpcLogAppender.java:onError(546)) - s2@group-1AD9B673A28D->s1-GrpcLogAppender is already stopped
2024-10-11 22:06:50,889 [Thread-2113] INFO  server.GrpcServerProtocolClient (GrpcServerProtocolClient.java:close(105)) - s4 Close channels
2024-10-11 22:06:50,889 [Thread-2114] INFO  server.GrpcServerProtocolClient (GrpcServerProtocolClient.java:close(105)) - s0 Close channels
2024-10-11 22:06:50,889 [Thread-2097] INFO  server.GrpcServerProtocolClient (GrpcServerProtocolClient.java:close(105)) - s3 Close channels
2024-10-11 22:06:50,890 [Thread-2115] INFO  server.GrpcServerProtocolClient (GrpcServerProtocolClient.java:close(105)) - s1 Close channels
2024-10-11 22:06:50,890 [s1@group-1AD9B673A28D-cacheEviction-AwaitToRun] INFO  util.AwaitToRun (AwaitToRun.java:run(49)) - s1@group-1AD9B673A28D-cacheEviction-AwaitToRun-AwaitForSignal is interrupted
2024-10-11 22:06:50,891 [s1-impl-thread1] INFO  segmented.LogSegment (LogSegment.java:close(348)) - Successfully closed EntryCache-log_inprogress_1
2024-10-11 22:06:50,891 [s1-impl-thread1] INFO  segmented.LogSegment (LogSegment.java:close(348)) - Successfully closed EntryCache-log-0_0
2024-10-11 22:06:50,891 [MiniRaftCluster-112] INFO  server.GrpcService (GrpcService.java:closeImpl(359)) - s3: shutdown server org.apache.ratis.grpc.server.GrpcClientProtocolService successfully
2024-10-11 22:06:50,891 [MiniRaftCluster-112] INFO  server.GrpcService (GrpcService.java:closeImpl(350)) - s3: shutdown server GrpcServerProtocolService now
2024-10-11 22:06:50,893 [grpc-default-executor-8] INFO  server.GrpcLogAppender (GrpcLogAppender.java:onError(546)) - s2@group-1AD9B673A28D->s3-GrpcLogAppender is already stopped
2024-10-11 22:06:50,893 [grpc-default-executor-3] INFO  server.GrpcLogAppender (GrpcLogAppender.java:onError(546)) - s2@group-1AD9B673A28D->s3-GrpcLogAppender is already stopped
2024-10-11 22:06:50,894 [MiniRaftCluster-114] INFO  server.GrpcService (GrpcService.java:closeImpl(359)) - s0: shutdown server GrpcServerProtocolService successfully
2024-10-11 22:06:50,894 [MiniRaftCluster-114] INFO  server.GrpcService (GrpcService.java:closeImpl(350)) - s0: shutdown server org.apache.ratis.grpc.server.GrpcAdminProtocolService now
2024-10-11 22:06:50,894 [grpc-default-executor-3] INFO  server.GrpcLogAppender (GrpcLogAppender.java:onError(546)) - s2@group-1AD9B673A28D->s0-GrpcLogAppender is already stopped
2024-10-11 22:06:50,894 [MiniRaftCluster-114] INFO  server.GrpcService (GrpcService.java:closeImpl(359)) - s0: shutdown server org.apache.ratis.grpc.server.GrpcAdminProtocolService successfully
2024-10-11 22:06:50,894 [grpc-default-executor-11] INFO  server.GrpcLogAppender (GrpcLogAppender.java:onError(546)) - s4@group-1AD9B673A28D->s3-GrpcLogAppender is already stopped
2024-10-11 22:06:50,895 [grpc-default-executor-11] INFO  server.GrpcLogAppender (GrpcLogAppender.java:onCompleted(559)) - s2@group-1AD9B673A28D->s4-AppendLogResponseHandler: follower responses appendEntries COMPLETED
2024-10-11 22:06:50,895 [grpc-default-executor-11] WARN  server.GrpcLogAppender (GrpcLogAppender.java:resetClient(230)) - s2@group-1AD9B673A28D->s4-GrpcLogAppender: Failed to getClient for s4
org.apache.ratis.protocol.exceptions.AlreadyClosedException: s2 is already CLOSED
	at org.apache.ratis.util.PeerProxyMap$PeerAndProxy.getProxy(PeerProxyMap.java:67)
	at org.apache.ratis.util.PeerProxyMap.getProxy(PeerProxyMap.java:124)
	at org.apache.ratis.grpc.server.GrpcLogAppender.getClient(GrpcLogAppender.java:200)
	at org.apache.ratis.grpc.server.GrpcLogAppender.resetClient(GrpcLogAppender.java:205)
	at org.apache.ratis.grpc.server.GrpcLogAppender.access$800(GrpcLogAppender.java:64)
	at org.apache.ratis.grpc.server.GrpcLogAppender$AppendLogResponseHandler.onCompleted(GrpcLogAppender.java:560)
	at org.apache.ratis.thirdparty.io.grpc.stub.ClientCalls$StreamObserverToCallListenerAdapter.onClose(ClientCalls.java:479)
	at org.apache.ratis.thirdparty.io.grpc.internal.ClientCallImpl.closeObserver(ClientCallImpl.java:567)
	at org.apache.ratis.thirdparty.io.grpc.internal.ClientCallImpl.access$300(ClientCallImpl.java:71)
	at org.apache.ratis.thirdparty.io.grpc.internal.ClientCallImpl$ClientStreamListenerImpl$1StreamClosed.runInternal(ClientCallImpl.java:735)
	at org.apache.ratis.thirdparty.io.grpc.internal.ClientCallImpl$ClientStreamListenerImpl$1StreamClosed.runInContext(ClientCallImpl.java:716)
	at org.apache.ratis.thirdparty.io.grpc.internal.ContextRunnable.run(ContextRunnable.java:37)
	at org.apache.ratis.thirdparty.io.grpc.internal.SerializingExecutor.run(SerializingExecutor.java:133)
	at java.util.concurrent.ThreadPoolExecutor.runWorker(ThreadPoolExecutor.java:1149)
	at java.util.concurrent.ThreadPoolExecutor$Worker.run(ThreadPoolExecutor.java:624)
	at java.lang.Thread.run(Thread.java:750)
2024-10-11 22:06:50,895 [grpc-default-executor-8] WARN  server.GrpcServerProtocolService (LogUtils.java:warn(121)) - s0: APPEND_ENTRIES onError, lastRequest: s2->s0#4-t2,previous=(t:2, i:1),leaderCommit=1,initializing? false,entries: size=1, first=(t:2, i:2), METADATAENTRY(c:1): org.apache.ratis.thirdparty.io.grpc.StatusRuntimeException: CANCELLED: client cancelled
2024-10-11 22:06:50,895 [s2@group-1AD9B673A28D-cacheEviction-AwaitToRun] INFO  util.AwaitToRun (AwaitToRun.java:run(49)) - s2@group-1AD9B673A28D-cacheEviction-AwaitToRun-AwaitForSignal is interrupted
2024-10-11 22:06:50,895 [s2-impl-thread1] INFO  segmented.LogSegment (LogSegment.java:close(348)) - Successfully closed EntryCache-log_inprogress_1
2024-10-11 22:06:50,895 [s2-impl-thread1] INFO  segmented.LogSegment (LogSegment.java:close(348)) - Successfully closed EntryCache-log-0_0
2024-10-11 22:06:50,895 [MiniRaftCluster-112] INFO  server.GrpcService (GrpcService.java:closeImpl(359)) - s3: shutdown server GrpcServerProtocolService successfully
2024-10-11 22:06:50,896 [MiniRaftCluster-112] INFO  server.GrpcService (GrpcService.java:closeImpl(350)) - s3: shutdown server org.apache.ratis.grpc.server.GrpcAdminProtocolService now
2024-10-11 22:06:50,896 [MiniRaftCluster-112] INFO  server.GrpcService (GrpcService.java:closeImpl(359)) - s3: shutdown server org.apache.ratis.grpc.server.GrpcAdminProtocolService successfully
2024-10-11 22:06:50,897 [MiniRaftCluster-113] INFO  server.GrpcService (GrpcService.java:closeImpl(359)) - s4: shutdown server org.apache.ratis.grpc.server.GrpcClientProtocolService successfully
2024-10-11 22:06:50,897 [MiniRaftCluster-113] INFO  server.GrpcService (GrpcService.java:closeImpl(350)) - s4: shutdown server GrpcServerProtocolService now
2024-10-11 22:06:50,898 [MiniRaftCluster-113] INFO  server.GrpcService (GrpcService.java:closeImpl(359)) - s4: shutdown server GrpcServerProtocolService successfully
2024-10-11 22:06:50,898 [MiniRaftCluster-113] INFO  server.GrpcService (GrpcService.java:closeImpl(350)) - s4: shutdown server org.apache.ratis.grpc.server.GrpcAdminProtocolService now
2024-10-11 22:06:50,898 [MiniRaftCluster-113] INFO  server.GrpcService (GrpcService.java:closeImpl(359)) - s4: shutdown server org.apache.ratis.grpc.server.GrpcAdminProtocolService successfully
2024-10-11 22:06:50,898 [MiniRaftCluster-116] INFO  server.GrpcService (GrpcService.java:closeImpl(359)) - s2: shutdown server org.apache.ratis.grpc.server.GrpcClientProtocolService successfully
2024-10-11 22:06:50,898 [MiniRaftCluster-116] INFO  server.GrpcService (GrpcService.java:closeImpl(350)) - s2: shutdown server GrpcServerProtocolService now
2024-10-11 22:06:50,898 [MiniRaftCluster-116] INFO  server.GrpcService (GrpcService.java:closeImpl(359)) - s2: shutdown server GrpcServerProtocolService successfully
2024-10-11 22:06:50,898 [MiniRaftCluster-116] INFO  server.GrpcService (GrpcService.java:closeImpl(350)) - s2: shutdown server org.apache.ratis.grpc.server.GrpcAdminProtocolService now
2024-10-11 22:06:50,899 [MiniRaftCluster-116] INFO  server.GrpcService (GrpcService.java:closeImpl(359)) - s2: shutdown server org.apache.ratis.grpc.server.GrpcAdminProtocolService successfully
2024-10-11 22:06:51,544 [s2-impl-thread1] INFO  segmented.SegmentedRaftLogWorker (SegmentedRaftLogWorker.java:close(253)) - s2@group-1AD9B673A28D-SegmentedRaftLogWorker close()
2024-10-11 22:06:51,545 [s2-impl-thread1] INFO  raftlog.RaftLog (SegmentedRaftLog.java:close(575)) - Successfully closed s2@group-1AD9B673A28D-SegmentedRaftLog:CLOSED:c2
2024-10-11 22:06:51,545 [JvmPauseMonitor84] INFO  util.JvmPauseMonitor (JvmPauseMonitor.java:run(152)) - JvmPauseMonitor-s2: Stopped
2024-10-11 22:06:51,545 [s1-impl-thread1] INFO  segmented.SegmentedRaftLogWorker (SegmentedRaftLogWorker.java:close(253)) - s1@group-1AD9B673A28D-SegmentedRaftLogWorker close()
2024-10-11 22:06:51,545 [s1-impl-thread1] INFO  raftlog.RaftLog (SegmentedRaftLog.java:close(575)) - Successfully closed s1@group-1AD9B673A28D-SegmentedRaftLog:CLOSED:c2
2024-10-11 22:06:51,546 [JvmPauseMonitor83] INFO  util.JvmPauseMonitor (JvmPauseMonitor.java:run(152)) - JvmPauseMonitor-s1: Stopped
2024-10-11 22:06:51,551 [s4-impl-thread1] INFO  segmented.SegmentedRaftLogWorker (SegmentedRaftLogWorker.java:close(253)) - s4@group-1AD9B673A28D-SegmentedRaftLogWorker close()
2024-10-11 22:06:51,551 [s4-impl-thread1] INFO  raftlog.RaftLog (SegmentedRaftLog.java:close(575)) - Successfully closed s4@group-1AD9B673A28D-SegmentedRaftLog:CLOSED:c2
2024-10-11 22:06:51,552 [JvmPauseMonitor81] INFO  util.JvmPauseMonitor (JvmPauseMonitor.java:run(152)) - JvmPauseMonitor-s4: Stopped
2024-10-11 22:06:51,555 [s0-impl-thread1] INFO  segmented.SegmentedRaftLogWorker (SegmentedRaftLogWorker.java:close(253)) - s0@group-1AD9B673A28D-SegmentedRaftLogWorker close()
2024-10-11 22:06:51,555 [s0-impl-thread1] INFO  raftlog.RaftLog (SegmentedRaftLog.java:close(575)) - Successfully closed s0@group-1AD9B673A28D-SegmentedRaftLog:CLOSED:c2
2024-10-11 22:06:51,555 [JvmPauseMonitor82] INFO  util.JvmPauseMonitor (JvmPauseMonitor.java:run(152)) - JvmPauseMonitor-s0: Stopped
2024-10-11 22:06:51,814 [s3-impl-thread1] INFO  segmented.SegmentedRaftLogWorker (SegmentedRaftLogWorker.java:close(253)) - s3@group-1AD9B673A28D-SegmentedRaftLogWorker close()
2024-10-11 22:06:51,814 [s3-impl-thread1] INFO  raftlog.RaftLog (SegmentedRaftLog.java:close(575)) - Successfully closed s3@group-1AD9B673A28D-SegmentedRaftLog:CLOSED:c0
2024-10-11 22:06:52,499 [timer1] WARN  server.GrpcLogAppender (GrpcLogAppender.java:timeoutAppendRequest(450)) - s2@group-1AD9B673A28D->s3-GrpcLogAppender: Timed out HEARTBEAT appendEntries, errorCount=1, request=AppendEntriesRequest:cid=0,entriesCount=0
2024-10-11 22:06:52,501 [timer2] WARN  server.GrpcLogAppender (GrpcLogAppender.java:timeoutAppendRequest(450)) - s2@group-1AD9B673A28D->s3-GrpcLogAppender: Timed out appendEntries, errorCount=2, request=AppendEntriesRequest:cid=1,entriesCount=1,entry=(t:2, i:1)
2024-10-11 22:06:52,514 [timer0] WARN  server.GrpcLogAppender (GrpcLogAppender.java:timeoutAppendRequest(450)) - s2@group-1AD9B673A28D->s3-GrpcLogAppender: Timed out HEARTBEAT appendEntries, errorCount=3, request=AppendEntriesRequest:cid=2,entriesCount=0
2024-10-11 22:06:52,515 [timer2] WARN  server.GrpcLogAppender (GrpcLogAppender.java:timeoutAppendRequest(450)) - s2@group-1AD9B673A28D->s3-GrpcLogAppender: Timed out HEARTBEAT appendEntries, errorCount=4, request=AppendEntriesRequest:cid=3,entriesCount=0
2024-10-11 22:06:52,539 [timer4] WARN  server.GrpcLogAppender (GrpcLogAppender.java:timeoutAppendRequest(450)) - s2@group-1AD9B673A28D->s3-GrpcLogAppender: Timed out HEARTBEAT appendEntries, errorCount=5, request=AppendEntriesRequest:cid=4,entriesCount=0
2024-10-11 22:06:52,544 [timer0] WARN  server.GrpcLogAppender (GrpcLogAppender.java:timeoutAppendRequest(450)) - s2@group-1AD9B673A28D->s3-GrpcLogAppender: Timed out HEARTBEAT appendEntries, errorCount=6, request=AppendEntriesRequest:cid=5,entriesCount=0
2024-10-11 22:06:52,546 [timer1] WARN  server.GrpcLogAppender (GrpcLogAppender.java:timeoutAppendRequest(450)) - s2@group-1AD9B673A28D->s3-GrpcLogAppender: Timed out HEARTBEAT appendEntries, errorCount=7, request=AppendEntriesRequest:cid=6,entriesCount=0
2024-10-11 22:06:52,550 [timer2] WARN  server.GrpcLogAppender (GrpcLogAppender.java:timeoutAppendRequest(450)) - s2@group-1AD9B673A28D->s3-GrpcLogAppender: Timed out HEARTBEAT appendEntries, errorCount=8, request=AppendEntriesRequest:cid=7,entriesCount=0
2024-10-11 22:06:52,554 [timer3] WARN  server.GrpcLogAppender (GrpcLogAppender.java:timeoutAppendRequest(450)) - s2@group-1AD9B673A28D->s3-GrpcLogAppender: Timed out HEARTBEAT appendEntries, errorCount=9, request=AppendEntriesRequest:cid=8,entriesCount=0
2024-10-11 22:06:52,592 [timer4] WARN  server.GrpcLogAppender (GrpcLogAppender.java:timeoutAppendRequest(450)) - s2@group-1AD9B673A28D->s3-GrpcLogAppender: Timed out HEARTBEAT appendEntries, errorCount=10, request=AppendEntriesRequest:cid=9,entriesCount=0
2024-10-11 22:06:52,624 [timer6] WARN  server.GrpcLogAppender (GrpcLogAppender.java:timeoutAppendRequest(450)) - s2@group-1AD9B673A28D->s3-GrpcLogAppender: Timed out HEARTBEAT appendEntries, errorCount=11, request=AppendEntriesRequest:cid=10,entriesCount=0
2024-10-11 22:06:52,627 [timer0] WARN  server.GrpcLogAppender (GrpcLogAppender.java:timeoutAppendRequest(450)) - s2@group-1AD9B673A28D->s3-GrpcLogAppender: Timed out HEARTBEAT appendEntries, errorCount=12, request=AppendEntriesRequest:cid=11,entriesCount=0
2024-10-11 22:06:52,632 [timer2] WARN  server.GrpcLogAppender (GrpcLogAppender.java:timeoutAppendRequest(450)) - s2@group-1AD9B673A28D->s3-GrpcLogAppender: Timed out HEARTBEAT appendEntries, errorCount=13, request=AppendEntriesRequest:cid=12,entriesCount=0
2024-10-11 22:06:52,669 [timer3] WARN  server.GrpcLogAppender (GrpcLogAppender.java:timeoutAppendRequest(450)) - s2@group-1AD9B673A28D->s3-GrpcLogAppender: Timed out HEARTBEAT appendEntries, errorCount=14, request=AppendEntriesRequest:cid=13,entriesCount=0
2024-10-11 22:06:52,707 [timer6] WARN  server.GrpcLogAppender (GrpcLogAppender.java:timeoutAppendRequest(450)) - s2@group-1AD9B673A28D->s3-GrpcLogAppender: Timed out HEARTBEAT appendEntries, errorCount=15, request=AppendEntriesRequest:cid=14,entriesCount=0
2024-10-11 22:06:52,745 [timer0] WARN  server.GrpcLogAppender (GrpcLogAppender.java:timeoutAppendRequest(450)) - s2@group-1AD9B673A28D->s3-GrpcLogAppender: Timed out HEARTBEAT appendEntries, errorCount=16, request=AppendEntriesRequest:cid=15,entriesCount=0
2024-10-11 22:06:52,784 [timer3] WARN  server.GrpcLogAppender (GrpcLogAppender.java:timeoutAppendRequest(450)) - s2@group-1AD9B673A28D->s3-GrpcLogAppender: Timed out HEARTBEAT appendEntries, errorCount=17, request=AppendEntriesRequest:cid=16,entriesCount=0
2024-10-11 22:06:52,822 [timer5] WARN  server.GrpcLogAppender (GrpcLogAppender.java:timeoutAppendRequest(450)) - s2@group-1AD9B673A28D->s3-GrpcLogAppender: Timed out HEARTBEAT appendEntries, errorCount=18, request=AppendEntriesRequest:cid=17,entriesCount=0
2024-10-11 22:06:52,859 [timer0] WARN  server.GrpcLogAppender (GrpcLogAppender.java:timeoutAppendRequest(450)) - s2@group-1AD9B673A28D->s3-GrpcLogAppender: Timed out HEARTBEAT appendEntries, errorCount=19, request=AppendEntriesRequest:cid=18,entriesCount=0
2024-10-11 22:06:52,898 [timer2] WARN  server.GrpcLogAppender (GrpcLogAppender.java:timeoutAppendRequest(450)) - s2@group-1AD9B673A28D->s3-GrpcLogAppender: Timed out HEARTBEAT appendEntries, errorCount=20, request=AppendEntriesRequest:cid=19,entriesCount=0
2024-10-11 22:06:52,934 [timer3] WARN  server.GrpcLogAppender (GrpcLogAppender.java:timeoutAppendRequest(450)) - s2@group-1AD9B673A28D->s3-GrpcLogAppender: Timed out HEARTBEAT appendEntries, errorCount=21, request=AppendEntriesRequest:cid=20,entriesCount=0
2024-10-11 22:06:52,972 [timer7] WARN  server.GrpcLogAppender (GrpcLogAppender.java:timeoutAppendRequest(450)) - s2@group-1AD9B673A28D->s3-GrpcLogAppender: Timed out HEARTBEAT appendEntries, errorCount=22, request=AppendEntriesRequest:cid=21,entriesCount=0
2024-10-11 22:06:53,011 [timer0] WARN  server.GrpcLogAppender (GrpcLogAppender.java:timeoutAppendRequest(450)) - s2@group-1AD9B673A28D->s3-GrpcLogAppender: Timed out HEARTBEAT appendEntries, errorCount=23, request=AppendEntriesRequest:cid=22,entriesCount=0
2024-10-11 22:06:53,049 [timer4] WARN  server.GrpcLogAppender (GrpcLogAppender.java:timeoutAppendRequest(450)) - s2@group-1AD9B673A28D->s3-GrpcLogAppender: Timed out HEARTBEAT appendEntries, errorCount=24, request=AppendEntriesRequest:cid=23,entriesCount=0
2024-10-11 22:06:53,087 [timer5] WARN  server.GrpcLogAppender (GrpcLogAppender.java:timeoutAppendRequest(450)) - s2@group-1AD9B673A28D->s3-GrpcLogAppender: Timed out HEARTBEAT appendEntries, errorCount=25, request=AppendEntriesRequest:cid=24,entriesCount=0
2024-10-11 22:06:53,125 [timer1] WARN  server.GrpcLogAppender (GrpcLogAppender.java:timeoutAppendRequest(450)) - s2@group-1AD9B673A28D->s3-GrpcLogAppender: Timed out HEARTBEAT appendEntries, errorCount=26, request=AppendEntriesRequest:cid=25,entriesCount=0
2024-10-11 22:06:53,162 [timer2] WARN  server.GrpcLogAppender (GrpcLogAppender.java:timeoutAppendRequest(450)) - s2@group-1AD9B673A28D->s3-GrpcLogAppender: Timed out HEARTBEAT appendEntries, errorCount=27, request=AppendEntriesRequest:cid=26,entriesCount=0
2024-10-11 22:06:53,200 [timer6] WARN  server.GrpcLogAppender (GrpcLogAppender.java:timeoutAppendRequest(450)) - s2@group-1AD9B673A28D->s3-GrpcLogAppender: Timed out HEARTBEAT appendEntries, errorCount=28, request=AppendEntriesRequest:cid=27,entriesCount=0
2024-10-11 22:06:53,238 [timer7] WARN  server.GrpcLogAppender (GrpcLogAppender.java:timeoutAppendRequest(450)) - s2@group-1AD9B673A28D->s3-GrpcLogAppender: Timed out HEARTBEAT appendEntries, errorCount=29, request=AppendEntriesRequest:cid=28,entriesCount=0
2024-10-11 22:06:53,275 [timer3] WARN  server.GrpcLogAppender (GrpcLogAppender.java:timeoutAppendRequest(450)) - s2@group-1AD9B673A28D->s3-GrpcLogAppender: Timed out HEARTBEAT appendEntries, errorCount=30, request=AppendEntriesRequest:cid=29,entriesCount=0
2024-10-11 22:06:53,313 [timer0] WARN  server.GrpcLogAppender (GrpcLogAppender.java:timeoutAppendRequest(450)) - s2@group-1AD9B673A28D->s3-GrpcLogAppender: Timed out HEARTBEAT appendEntries, errorCount=31, request=AppendEntriesRequest:cid=30,entriesCount=0
2024-10-11 22:06:53,351 [timer4] WARN  server.GrpcLogAppender (GrpcLogAppender.java:timeoutAppendRequest(450)) - s2@group-1AD9B673A28D->s3-GrpcLogAppender: Timed out HEARTBEAT appendEntries, errorCount=32, request=AppendEntriesRequest:cid=31,entriesCount=0
2024-10-11 22:06:53,389 [timer4] WARN  server.GrpcLogAppender (GrpcLogAppender.java:timeoutAppendRequest(450)) - s2@group-1AD9B673A28D->s3-GrpcLogAppender: Timed out HEARTBEAT appendEntries, errorCount=33, request=AppendEntriesRequest:cid=32,entriesCount=0
2024-10-11 22:06:53,426 [timer7] WARN  server.GrpcLogAppender (GrpcLogAppender.java:timeoutAppendRequest(450)) - s2@group-1AD9B673A28D->s3-GrpcLogAppender: Timed out HEARTBEAT appendEntries, errorCount=34, request=AppendEntriesRequest:cid=33,entriesCount=0
2024-10-11 22:06:53,464 [timer7] WARN  server.GrpcLogAppender (GrpcLogAppender.java:timeoutAppendRequest(450)) - s2@group-1AD9B673A28D->s3-GrpcLogAppender: Timed out HEARTBEAT appendEntries, errorCount=35, request=AppendEntriesRequest:cid=34,entriesCount=0
2024-10-11 22:06:53,501 [timer2] WARN  server.GrpcLogAppender (GrpcLogAppender.java:timeoutAppendRequest(450)) - s2@group-1AD9B673A28D->s3-GrpcLogAppender: Timed out HEARTBEAT appendEntries, errorCount=36, request=AppendEntriesRequest:cid=35,entriesCount=0
2024-10-11 22:06:53,539 [timer3] WARN  server.GrpcLogAppender (GrpcLogAppender.java:timeoutAppendRequest(450)) - s2@group-1AD9B673A28D->s3-GrpcLogAppender: Timed out HEARTBEAT appendEntries, errorCount=37, request=AppendEntriesRequest:cid=36,entriesCount=0
2024-10-11 22:06:53,576 [timer7] WARN  server.GrpcLogAppender (GrpcLogAppender.java:timeoutAppendRequest(450)) - s2@group-1AD9B673A28D->s3-GrpcLogAppender: Timed out HEARTBEAT appendEntries, errorCount=38, request=AppendEntriesRequest:cid=37,entriesCount=0
2024-10-11 22:06:53,614 [timer0] WARN  server.GrpcLogAppender (GrpcLogAppender.java:timeoutAppendRequest(450)) - s2@group-1AD9B673A28D->s3-GrpcLogAppender: Timed out HEARTBEAT appendEntries, errorCount=39, request=AppendEntriesRequest:cid=38,entriesCount=0
2024-10-11 22:06:53,652 [timer4] WARN  server.GrpcLogAppender (GrpcLogAppender.java:timeoutAppendRequest(450)) - s2@group-1AD9B673A28D->s3-GrpcLogAppender: Timed out HEARTBEAT appendEntries, errorCount=40, request=AppendEntriesRequest:cid=39,entriesCount=0
2024-10-11 22:06:53,690 [timer5] WARN  server.GrpcLogAppender (GrpcLogAppender.java:timeoutAppendRequest(450)) - s2@group-1AD9B673A28D->s3-GrpcLogAppender: Timed out HEARTBEAT appendEntries, errorCount=41, request=AppendEntriesRequest:cid=40,entriesCount=0
2024-10-11 22:06:53,729 [timer1] WARN  server.GrpcLogAppender (GrpcLogAppender.java:timeoutAppendRequest(450)) - s2@group-1AD9B673A28D->s3-GrpcLogAppender: Timed out HEARTBEAT appendEntries, errorCount=42, request=AppendEntriesRequest:cid=41,entriesCount=0
2024-10-11 22:06:53,766 [timer2] WARN  server.GrpcLogAppender (GrpcLogAppender.java:timeoutAppendRequest(450)) - s2@group-1AD9B673A28D->s3-GrpcLogAppender: Timed out HEARTBEAT appendEntries, errorCount=43, request=AppendEntriesRequest:cid=42,entriesCount=0
2024-10-11 22:06:53,803 [timer6] WARN  server.GrpcLogAppender (GrpcLogAppender.java:timeoutAppendRequest(450)) - s2@group-1AD9B673A28D->s3-GrpcLogAppender: Timed out HEARTBEAT appendEntries, errorCount=44, request=AppendEntriesRequest:cid=43,entriesCount=0
2024-10-11 22:06:53,841 [timer7] WARN  server.GrpcLogAppender (GrpcLogAppender.java:timeoutAppendRequest(450)) - s2@group-1AD9B673A28D->s3-GrpcLogAppender: Timed out HEARTBEAT appendEntries, errorCount=45, request=AppendEntriesRequest:cid=44,entriesCount=0
2024-10-11 22:06:55,865 [main] INFO  impl.MiniRaftCluster (MiniRaftCluster.java:shutdown(861)) - MiniRaftClusterWithGrpc shutdown completed
2024-10-11 22:06:55,865 [main] INFO  ratis.RaftTestUtil (RaftTestUtil.java:gc(593)) - gc 0
2024-10-11 22:06:56,023 [main] WARN  util.ReferenceCountedLeakDetector (ReferenceCountedLeakDetector.java:lambda$new$0(147)) - LEAK: A org.apache.ratis.proto.RaftProtos$AppendEntriesRequestProto is not released properly
2024-10-11 22:06:56,024 [main] WARN  util.ReferenceCountedLeakDetector (ReferenceCountedLeakDetector.java:lambda$new$0(147)) - LEAK: A org.apache.ratis.proto.RaftProtos$AppendEntriesRequestProto is not released properly
2024-10-11 22:06:56,024 [main] WARN  util.ReferenceCountedLeakDetector (ReferenceCountedLeakDetector.java:lambda$new$0(147)) - LEAK: A org.apache.ratis.proto.RaftProtos$AppendEntriesRequestProto is not released properly
]]></system-out>
  </testcase>
  <testcase name="testDisconnectLeader" classname="org.apache.ratis.grpc.TestLeaderElectionWithGrpc" time="5.268">
    <error type="java.lang.IllegalStateException"><![CDATA[java.lang.IllegalStateException: allLeaks.size = 3
	at org.apache.ratis.util.Preconditions.assertTrue(Preconditions.java:77)
	at org.apache.ratis.util.LeakDetector.assertNoLeaks(LeakDetector.java:107)
	at org.apache.ratis.server.impl.MiniRaftCluster.shutdown(MiniRaftCluster.java:869)
	at org.apache.ratis.grpc.MiniRaftClusterWithGrpc.shutdown(MiniRaftClusterWithGrpc.java:96)
	at org.apache.ratis.server.impl.LeaderElectionTests.testDisconnectLeader(LeaderElectionTests.java:452)
	at org.apache.ratis.grpc.TestLeaderElectionWithGrpc.testDisconnectLeader(TestLeaderElectionWithGrpc.java:39)
	at java.lang.reflect.Method.invoke(Method.java:498)
	at java.util.ArrayList.forEach(ArrayList.java:1259)
	at java.util.ArrayList.forEach(ArrayList.java:1259)
	Suppressed: java.lang.IllegalStateException: allLeaks.size = 3
		at org.apache.ratis.util.Preconditions.assertTrue(Preconditions.java:77)
		at org.apache.ratis.util.LeakDetector.assertNoLeaks(LeakDetector.java:107)
		at org.apache.ratis.server.impl.MiniRaftCluster.shutdown(MiniRaftCluster.java:869)
		at org.apache.ratis.grpc.MiniRaftClusterWithGrpc.shutdown(MiniRaftClusterWithGrpc.java:96)
		at org.apache.ratis.server.impl.MiniRaftCluster.close(MiniRaftCluster.java:833)
		at org.apache.ratis.server.impl.LeaderElectionTests.testDisconnectLeader(LeaderElectionTests.java:453)
		... 4 more
]]></error>
    <system-out><![CDATA[2024-10-11 22:06:56,034 [main] INFO  util.LogUtils (Slf4jUtils.java:setLogLevel(38)) - Successfully set org.apache.ratis.conf.ConfUtils log level to WARN
2024-10-11 22:06:56,034 [main] INFO  util.LogUtils (Slf4jUtils.java:setLogLevel(38)) - Successfully set org.apache.ratis.util.FileUtils log level to TRACE
2024-10-11 22:06:56,034 [main] INFO  util.LogUtils (Slf4jUtils.java:setLogLevel(38)) - Successfully set org.apache.ratis.server.RaftServer$Division log level to DEBUG
2024-10-11 22:06:56,035 [main] INFO  util.LogUtils (Slf4jUtils.java:setLogLevel(38)) - Successfully set org.apache.ratis.client.RaftClient log level to DEBUG
2024-10-11 22:06:56,036 [main] INFO  impl.MiniRaftCluster (MiniRaftCluster.java:<init>(309)) - new MiniRaftClusterWithGrpc with group-139FF0DD8ED4:[s0|localhost:15340, s1|localhost:15344, s2|localhost:15348]
2024-10-11 22:06:56,036 [main] INFO  impl.MiniRaftCluster (MiniRaftCluster.java:start(342)) - .............................................................. 
2024-10-11 22:06:56,037 [main] INFO  impl.MiniRaftCluster (MiniRaftCluster.java:start(343)) - ... 
2024-10-11 22:06:56,037 [main] INFO  impl.MiniRaftCluster (MiniRaftCluster.java:start(344)) - ...     Starting MiniRaftClusterWithGrpc
2024-10-11 22:06:56,037 [main] INFO  impl.MiniRaftCluster (MiniRaftCluster.java:start(345)) - ... 
2024-10-11 22:06:56,037 [main] INFO  impl.MiniRaftCluster (MiniRaftCluster.java:start(346)) - .............................................................. 
2024-10-11 22:06:56,037 [main] INFO  impl.MiniRaftCluster (MiniRaftCluster.java:initServers(321)) - servers = {}
2024-10-11 22:06:56,037 [main] INFO  impl.MiniRaftCluster (MiniRaftCluster.java:newRaftServer(386)) - newRaftServer: s0, group-139FF0DD8ED4:[s0|localhost:15340, s1|localhost:15344, s2|localhost:15348], format? true
2024-10-11 22:06:56,037 [main] TRACE util.FileUtils (FileUtils.java:deleteFully(305)) - deleteFully target/test/data/30a65e24/MiniRaftClusterWithGrpcff34dc0d/s0
2024-10-11 22:06:56,038 [main] TRACE util.FileUtils (FileUtils.java:deleteFully(318)) - deleteFully: target/test/data/30a65e24/MiniRaftClusterWithGrpcff34dc0d/s0 does not exist.
2024-10-11 22:06:56,038 [main] INFO  impl.MiniRaftCluster (MiniRaftCluster.java:newRaftServer(391)) - Formatted directory target/test/data/30a65e24/MiniRaftClusterWithGrpcff34dc0d/s0
2024-10-11 22:06:56,038 [main] INFO  server.RaftServer (ConfUtils.java:logGet(46)) - raft.rpc.type = GRPC (default)
2024-10-11 22:06:56,039 [main] INFO  grpc.GrpcConfigKeys (ConfUtils.java:logFallback(53)) - raft.grpc.admin.host = null (fallback to raft.grpc.server.host)
2024-10-11 22:06:56,039 [main] INFO  grpc.GrpcConfigKeys (ConfUtils.java:logGet(46)) - raft.grpc.admin.port = 15341 (custom)
2024-10-11 22:06:56,039 [main] INFO  grpc.GrpcConfigKeys (ConfUtils.java:logFallback(53)) - raft.grpc.client.host = null (fallback to raft.grpc.server.host)
2024-10-11 22:06:56,039 [main] INFO  grpc.GrpcConfigKeys (ConfUtils.java:logGet(46)) - raft.grpc.client.port = 15342 (custom)
2024-10-11 22:06:56,039 [main] INFO  grpc.GrpcConfigKeys (ConfUtils.java:logGet(46)) - raft.grpc.server.host = null (default)
2024-10-11 22:06:56,040 [main] INFO  grpc.GrpcConfigKeys (ConfUtils.java:logGet(46)) - raft.grpc.server.port = 15340 (custom)
2024-10-11 22:06:56,040 [main] INFO  server.GrpcService (ConfUtils.java:logGet(46)) - raft.grpc.message.size.max = 64MB (=67108864) (default)
2024-10-11 22:06:56,040 [main] INFO  server.GrpcService (ConfUtils.java:logGet(46)) - raft.grpc.flow.control.window = 1MB (=1048576) (default)
2024-10-11 22:06:56,040 [main] INFO  server.RaftServerConfigKeys (ConfUtils.java:logGet(46)) - raft.server.rpc.request.timeout = 3000ms (default)
2024-10-11 22:06:56,040 [main] INFO  grpc.GrpcConfigKeys (ConfUtils.java:logGet(46)) - raft.grpc.server.heartbeat.channel = true (default)
2024-10-11 22:06:56,040 [main] INFO  grpc.GrpcConfigKeys (ConfUtils.java:logGet(46)) - raft.grpc.server.zerocopy.enabled = true (custom)
2024-10-11 22:06:56,041 [main] INFO  server.RaftServerConfigKeys (ConfUtils.java:logGet(46)) - raft.server.log.appender.buffer.byte-limit = 4MB (=4194304) (default)
2024-10-11 22:06:56,041 [main] INFO  grpc.GrpcConfigKeys (ConfUtils.java:logGet(46)) - raft.grpc.server.async.request.thread.pool.cached = true (default)
2024-10-11 22:06:56,041 [main] INFO  grpc.GrpcConfigKeys (ConfUtils.java:logGet(46)) - raft.grpc.server.async.request.thread.pool.size = 32 (default)
2024-10-11 22:06:56,044 [main] INFO  impl.DataStreamServerImpl (ConfUtils.java:logGet(46)) - raft.datastream.type = DISABLED (default)
2024-10-11 22:06:56,044 [main] INFO  server.RaftServerConfigKeys (ConfUtils.java:logGet(46)) - raft.server.sleep.deviation.threshold = 300ms (default)
2024-10-11 22:06:56,044 [main] INFO  server.RaftServerConfigKeys (ConfUtils.java:logGet(46)) - raft.server.close.threshold = 60s (default)
2024-10-11 22:06:56,044 [main] INFO  server.RaftServerConfigKeys (ConfUtils.java:logGet(46)) - raft.server.leaderelection.leader.step-down.wait-time = 10s (default)
2024-10-11 22:06:56,045 [main] INFO  server.RaftServerConfigKeys (ConfUtils.java:logGet(46)) - raft.server.storage.dir = [/home/runner/work/ratis/ratis/ratis-test/target/test/data/30a65e24/MiniRaftClusterWithGrpcff34dc0d/s0] (custom)
2024-10-11 22:06:56,045 [main] INFO  server.RaftServerConfigKeys (ConfUtils.java:logGet(46)) - raft.server.threadpool.proxy.cached = true (default)
2024-10-11 22:06:56,045 [main] INFO  server.RaftServerConfigKeys (ConfUtils.java:logGet(46)) - raft.server.threadpool.proxy.size = 0 (default)
2024-10-11 22:06:56,046 [main] INFO  server.RaftServer (RaftServerProxy.java:addNew(101)) - s0: addNew group-139FF0DD8ED4:[s0|localhost:15340, s1|localhost:15344, s2|localhost:15348] returns group-139FF0DD8ED4:java.util.concurrent.CompletableFuture@274b0c2a[Not completed]
2024-10-11 22:06:56,046 [s0-groupManagement] INFO  server.RaftServer$Division (RaftServerImpl.java:<init>(257)) - s0: new RaftServerImpl for group-139FF0DD8ED4:[s0|localhost:15340, s1|localhost:15344, s2|localhost:15348] with BaseStateMachine:uninitialized
2024-10-11 22:06:56,046 [s0-groupManagement] INFO  server.RaftServerConfigKeys (ConfUtils.java:logGet(46)) - raft.server.rpc.timeout.min = 150ms (default)
2024-10-11 22:06:56,046 [s0-groupManagement] INFO  server.RaftServerConfigKeys (ConfUtils.java:logGet(46)) - raft.server.rpc.timeout.max = 300ms (default)
2024-10-11 22:06:56,046 [s0-groupManagement] INFO  server.RaftServerConfigKeys (ConfUtils.java:logGet(46)) - raft.server.rpc.sleep.time = 25ms (default)
2024-10-11 22:06:56,046 [s0-groupManagement] INFO  server.RaftServerConfigKeys (ConfUtils.java:logGet(46)) - raft.server.rpc.slowness.timeout = 60s (default)
2024-10-11 22:06:56,046 [s0-groupManagement] INFO  server.RaftServerConfigKeys (ConfUtils.java:logGet(46)) - raft.server.leaderelection.leader.step-down.wait-time = 10s (default)
2024-10-11 22:06:56,046 [s0-groupManagement] INFO  server.RaftServerConfigKeys (ConfUtils.java:logGet(46)) - raft.server.leaderelection.member.majority-add = false (default)
2024-10-11 22:06:56,046 [s0-groupManagement] INFO  server.RaftServerConfigKeys (ConfUtils.java:logGet(46)) - raft.server.sleep.deviation.threshold = 300ms (default)
2024-10-11 22:06:56,046 [main] INFO  impl.MiniRaftCluster (MiniRaftCluster.java:newRaftServer(386)) - newRaftServer: s1, group-139FF0DD8ED4:[s0|localhost:15340, s1|localhost:15344, s2|localhost:15348], format? true
2024-10-11 22:06:56,047 [main] TRACE util.FileUtils (FileUtils.java:deleteFully(305)) - deleteFully target/test/data/30a65e24/MiniRaftClusterWithGrpcff34dc0d/s1
2024-10-11 22:06:56,046 [s0-groupManagement] INFO  server.RaftServer$Division (ServerState.java:<init>(114)) - s0@group-139FF0DD8ED4: ConfigurationManager, init=conf: {index: -1, cur=peers:[s0|localhost:15340, s1|localhost:15344, s2|localhost:15348]|listeners:[], old=null}, confs=<EMPTY_MAP>
2024-10-11 22:06:56,047 [main] TRACE util.FileUtils (FileUtils.java:deleteFully(318)) - deleteFully: target/test/data/30a65e24/MiniRaftClusterWithGrpcff34dc0d/s1 does not exist.
2024-10-11 22:06:56,047 [main] INFO  impl.MiniRaftCluster (MiniRaftCluster.java:newRaftServer(391)) - Formatted directory target/test/data/30a65e24/MiniRaftClusterWithGrpcff34dc0d/s1
2024-10-11 22:06:56,047 [s0-groupManagement] INFO  server.RaftServerConfigKeys (ConfUtils.java:logGet(46)) - raft.server.notification.no-leader.timeout = 60s (default)
2024-10-11 22:06:56,047 [s0-groupManagement] INFO  server.RaftServerConfigKeys (ConfUtils.java:logGet(46)) - raft.server.read.timeout = 10s (default)
2024-10-11 22:06:56,047 [main] INFO  server.RaftServer (ConfUtils.java:logGet(46)) - raft.rpc.type = GRPC (default)
2024-10-11 22:06:56,047 [s0-groupManagement] INFO  server.RaftServerConfigKeys (ConfUtils.java:logGet(46)) - raft.server.retrycache.expirytime = 60s (default)
2024-10-11 22:06:56,048 [s0-groupManagement] INFO  server.RaftServerConfigKeys (ConfUtils.java:logGet(46)) - raft.server.retrycache.statistics.expirytime = 100ms (default)
2024-10-11 22:06:56,048 [main] INFO  grpc.GrpcConfigKeys (ConfUtils.java:logFallback(53)) - raft.grpc.admin.host = null (fallback to raft.grpc.server.host)
2024-10-11 22:06:56,048 [s0-groupManagement] INFO  server.RaftServerConfigKeys (ConfUtils.java:logGet(46)) - raft.server.read.option = DEFAULT (default)
2024-10-11 22:06:56,048 [main] INFO  grpc.GrpcConfigKeys (ConfUtils.java:logGet(46)) - raft.grpc.admin.port = 15345 (custom)
2024-10-11 22:06:56,048 [s0-groupManagement] INFO  server.RaftServerConfigKeys (ConfUtils.java:logGet(46)) - raft.server.read.read-after-write-consistent.write-index-cache.expiry-time = 60s (default)
2024-10-11 22:06:56,048 [main] INFO  grpc.GrpcConfigKeys (ConfUtils.java:logFallback(53)) - raft.grpc.client.host = null (fallback to raft.grpc.server.host)
2024-10-11 22:06:56,048 [main] INFO  grpc.GrpcConfigKeys (ConfUtils.java:logGet(46)) - raft.grpc.client.port = 15346 (custom)
2024-10-11 22:06:56,049 [main] INFO  grpc.GrpcConfigKeys (ConfUtils.java:logGet(46)) - raft.grpc.server.host = null (default)
2024-10-11 22:06:56,049 [main] INFO  grpc.GrpcConfigKeys (ConfUtils.java:logGet(46)) - raft.grpc.server.port = 15344 (custom)
2024-10-11 22:06:56,049 [main] INFO  server.GrpcService (ConfUtils.java:logGet(46)) - raft.grpc.message.size.max = 64MB (=67108864) (default)
2024-10-11 22:06:56,049 [s0-groupManagement] INFO  server.RaftServerConfigKeys (ConfUtils.java:logGet(46)) - raft.server.rpc.request.timeout = 3000ms (default)
2024-10-11 22:06:56,049 [main] INFO  server.GrpcService (ConfUtils.java:logGet(46)) - raft.grpc.flow.control.window = 1MB (=1048576) (default)
2024-10-11 22:06:56,049 [s0-groupManagement] INFO  server.RaftServerConfigKeys (ConfUtils.java:logGet(46)) - raft.server.log.appender.install.snapshot.enabled = true (default)
2024-10-11 22:06:56,049 [s0-groupManagement] INFO  server.RaftServerConfigKeys (ConfUtils.java:logGet(46)) - raft.server.threadpool.server.cached = true (default)
2024-10-11 22:06:56,049 [main] INFO  server.RaftServerConfigKeys (ConfUtils.java:logGet(46)) - raft.server.rpc.request.timeout = 3000ms (default)
2024-10-11 22:06:56,049 [s0-groupManagement] INFO  server.RaftServerConfigKeys (ConfUtils.java:logGet(46)) - raft.server.threadpool.server.size = 0 (default)
2024-10-11 22:06:56,049 [main] INFO  grpc.GrpcConfigKeys (ConfUtils.java:logGet(46)) - raft.grpc.server.heartbeat.channel = true (default)
2024-10-11 22:06:56,049 [s0-groupManagement] INFO  server.RaftServerConfigKeys (ConfUtils.java:logGet(46)) - raft.server.threadpool.client.cached = true (default)
2024-10-11 22:06:56,050 [main] INFO  grpc.GrpcConfigKeys (ConfUtils.java:logGet(46)) - raft.grpc.server.zerocopy.enabled = true (custom)
2024-10-11 22:06:56,050 [s0-groupManagement] INFO  server.RaftServerConfigKeys (ConfUtils.java:logGet(46)) - raft.server.threadpool.client.size = 0 (default)
2024-10-11 22:06:56,050 [main] INFO  server.RaftServerConfigKeys (ConfUtils.java:logGet(46)) - raft.server.log.appender.buffer.byte-limit = 4MB (=4194304) (default)
2024-10-11 22:06:56,050 [main] INFO  grpc.GrpcConfigKeys (ConfUtils.java:logGet(46)) - raft.grpc.server.async.request.thread.pool.cached = true (default)
2024-10-11 22:06:56,050 [main] INFO  grpc.GrpcConfigKeys (ConfUtils.java:logGet(46)) - raft.grpc.server.async.request.thread.pool.size = 32 (default)
2024-10-11 22:06:56,052 [main] INFO  impl.DataStreamServerImpl (ConfUtils.java:logGet(46)) - raft.datastream.type = DISABLED (default)
2024-10-11 22:06:56,052 [main] INFO  server.RaftServerConfigKeys (ConfUtils.java:logGet(46)) - raft.server.sleep.deviation.threshold = 300ms (default)
2024-10-11 22:06:56,052 [main] INFO  server.RaftServerConfigKeys (ConfUtils.java:logGet(46)) - raft.server.close.threshold = 60s (default)
2024-10-11 22:06:56,052 [main] INFO  server.RaftServerConfigKeys (ConfUtils.java:logGet(46)) - raft.server.leaderelection.leader.step-down.wait-time = 10s (default)
2024-10-11 22:06:56,052 [main] INFO  server.RaftServerConfigKeys (ConfUtils.java:logGet(46)) - raft.server.storage.dir = [/home/runner/work/ratis/ratis/ratis-test/target/test/data/30a65e24/MiniRaftClusterWithGrpcff34dc0d/s1] (custom)
2024-10-11 22:06:56,052 [main] INFO  server.RaftServerConfigKeys (ConfUtils.java:logGet(46)) - raft.server.threadpool.proxy.cached = true (default)
2024-10-11 22:06:56,052 [main] INFO  server.RaftServerConfigKeys (ConfUtils.java:logGet(46)) - raft.server.threadpool.proxy.size = 0 (default)
2024-10-11 22:06:56,053 [main] INFO  server.RaftServer (RaftServerProxy.java:addNew(101)) - s1: addNew group-139FF0DD8ED4:[s0|localhost:15340, s1|localhost:15344, s2|localhost:15348] returns group-139FF0DD8ED4:java.util.concurrent.CompletableFuture@5702232d[Not completed]
2024-10-11 22:06:56,053 [s1-groupManagement] INFO  server.RaftServer$Division (RaftServerImpl.java:<init>(257)) - s1: new RaftServerImpl for group-139FF0DD8ED4:[s0|localhost:15340, s1|localhost:15344, s2|localhost:15348] with BaseStateMachine:uninitialized
2024-10-11 22:06:56,053 [main] INFO  impl.MiniRaftCluster (MiniRaftCluster.java:newRaftServer(386)) - newRaftServer: s2, group-139FF0DD8ED4:[s0|localhost:15340, s1|localhost:15344, s2|localhost:15348], format? true
2024-10-11 22:06:56,053 [main] TRACE util.FileUtils (FileUtils.java:deleteFully(305)) - deleteFully target/test/data/30a65e24/MiniRaftClusterWithGrpcff34dc0d/s2
2024-10-11 22:06:56,053 [s1-groupManagement] INFO  server.RaftServerConfigKeys (ConfUtils.java:logGet(46)) - raft.server.rpc.timeout.min = 150ms (default)
2024-10-11 22:06:56,053 [s1-groupManagement] INFO  server.RaftServerConfigKeys (ConfUtils.java:logGet(46)) - raft.server.rpc.timeout.max = 300ms (default)
2024-10-11 22:06:56,054 [s1-groupManagement] INFO  server.RaftServerConfigKeys (ConfUtils.java:logGet(46)) - raft.server.rpc.sleep.time = 25ms (default)
2024-10-11 22:06:56,054 [s1-groupManagement] INFO  server.RaftServerConfigKeys (ConfUtils.java:logGet(46)) - raft.server.rpc.slowness.timeout = 60s (default)
2024-10-11 22:06:56,054 [s1-groupManagement] INFO  server.RaftServerConfigKeys (ConfUtils.java:logGet(46)) - raft.server.leaderelection.leader.step-down.wait-time = 10s (default)
2024-10-11 22:06:56,054 [s1-groupManagement] INFO  server.RaftServerConfigKeys (ConfUtils.java:logGet(46)) - raft.server.leaderelection.member.majority-add = false (default)
2024-10-11 22:06:56,054 [s1-groupManagement] INFO  server.RaftServerConfigKeys (ConfUtils.java:logGet(46)) - raft.server.sleep.deviation.threshold = 300ms (default)
2024-10-11 22:06:56,053 [main] TRACE util.FileUtils (FileUtils.java:deleteFully(318)) - deleteFully: target/test/data/30a65e24/MiniRaftClusterWithGrpcff34dc0d/s2 does not exist.
2024-10-11 22:06:56,054 [main] INFO  impl.MiniRaftCluster (MiniRaftCluster.java:newRaftServer(391)) - Formatted directory target/test/data/30a65e24/MiniRaftClusterWithGrpcff34dc0d/s2
2024-10-11 22:06:56,054 [s1-groupManagement] INFO  server.RaftServer$Division (ServerState.java:<init>(114)) - s1@group-139FF0DD8ED4: ConfigurationManager, init=conf: {index: -1, cur=peers:[s0|localhost:15340, s1|localhost:15344, s2|localhost:15348]|listeners:[], old=null}, confs=<EMPTY_MAP>
2024-10-11 22:06:56,054 [s1-groupManagement] INFO  server.RaftServerConfigKeys (ConfUtils.java:logGet(46)) - raft.server.notification.no-leader.timeout = 60s (default)
2024-10-11 22:06:56,054 [s1-groupManagement] INFO  server.RaftServerConfigKeys (ConfUtils.java:logGet(46)) - raft.server.read.timeout = 10s (default)
2024-10-11 22:06:56,054 [main] INFO  server.RaftServer (ConfUtils.java:logGet(46)) - raft.rpc.type = GRPC (default)
2024-10-11 22:06:56,054 [s1-groupManagement] INFO  server.RaftServerConfigKeys (ConfUtils.java:logGet(46)) - raft.server.retrycache.expirytime = 60s (default)
2024-10-11 22:06:56,055 [s1-groupManagement] INFO  server.RaftServerConfigKeys (ConfUtils.java:logGet(46)) - raft.server.retrycache.statistics.expirytime = 100ms (default)
2024-10-11 22:06:56,055 [main] INFO  grpc.GrpcConfigKeys (ConfUtils.java:logFallback(53)) - raft.grpc.admin.host = null (fallback to raft.grpc.server.host)
2024-10-11 22:06:56,055 [s1-groupManagement] INFO  server.RaftServerConfigKeys (ConfUtils.java:logGet(46)) - raft.server.read.option = DEFAULT (default)
2024-10-11 22:06:56,055 [s1-groupManagement] INFO  server.RaftServerConfigKeys (ConfUtils.java:logGet(46)) - raft.server.read.read-after-write-consistent.write-index-cache.expiry-time = 60s (default)
2024-10-11 22:06:56,055 [s1-groupManagement] INFO  server.RaftServerConfigKeys (ConfUtils.java:logGet(46)) - raft.server.rpc.request.timeout = 3000ms (default)
2024-10-11 22:06:56,055 [s1-groupManagement] INFO  server.RaftServerConfigKeys (ConfUtils.java:logGet(46)) - raft.server.log.appender.install.snapshot.enabled = true (default)
2024-10-11 22:06:56,055 [s1-groupManagement] INFO  server.RaftServerConfigKeys (ConfUtils.java:logGet(46)) - raft.server.threadpool.server.cached = true (default)
2024-10-11 22:06:56,055 [s1-groupManagement] INFO  server.RaftServerConfigKeys (ConfUtils.java:logGet(46)) - raft.server.threadpool.server.size = 0 (default)
2024-10-11 22:06:56,056 [s1-groupManagement] INFO  server.RaftServerConfigKeys (ConfUtils.java:logGet(46)) - raft.server.threadpool.client.cached = true (default)
2024-10-11 22:06:56,056 [s1-groupManagement] INFO  server.RaftServerConfigKeys (ConfUtils.java:logGet(46)) - raft.server.threadpool.client.size = 0 (default)
2024-10-11 22:06:56,056 [main] INFO  grpc.GrpcConfigKeys (ConfUtils.java:logGet(46)) - raft.grpc.admin.port = 15349 (custom)
2024-10-11 22:06:56,056 [main] INFO  grpc.GrpcConfigKeys (ConfUtils.java:logFallback(53)) - raft.grpc.client.host = null (fallback to raft.grpc.server.host)
2024-10-11 22:06:56,056 [main] INFO  grpc.GrpcConfigKeys (ConfUtils.java:logGet(46)) - raft.grpc.client.port = 15350 (custom)
2024-10-11 22:06:56,056 [main] INFO  grpc.GrpcConfigKeys (ConfUtils.java:logGet(46)) - raft.grpc.server.host = null (default)
2024-10-11 22:06:56,056 [main] INFO  grpc.GrpcConfigKeys (ConfUtils.java:logGet(46)) - raft.grpc.server.port = 15348 (custom)
2024-10-11 22:06:56,056 [main] INFO  server.GrpcService (ConfUtils.java:logGet(46)) - raft.grpc.message.size.max = 64MB (=67108864) (default)
2024-10-11 22:06:56,056 [main] INFO  server.GrpcService (ConfUtils.java:logGet(46)) - raft.grpc.flow.control.window = 1MB (=1048576) (default)
2024-10-11 22:06:56,057 [main] INFO  server.RaftServerConfigKeys (ConfUtils.java:logGet(46)) - raft.server.rpc.request.timeout = 3000ms (default)
2024-10-11 22:06:56,057 [main] INFO  grpc.GrpcConfigKeys (ConfUtils.java:logGet(46)) - raft.grpc.server.heartbeat.channel = true (default)
2024-10-11 22:06:56,057 [main] INFO  grpc.GrpcConfigKeys (ConfUtils.java:logGet(46)) - raft.grpc.server.zerocopy.enabled = true (custom)
2024-10-11 22:06:56,057 [main] INFO  server.RaftServerConfigKeys (ConfUtils.java:logGet(46)) - raft.server.log.appender.buffer.byte-limit = 4MB (=4194304) (default)
2024-10-11 22:06:56,057 [main] INFO  grpc.GrpcConfigKeys (ConfUtils.java:logGet(46)) - raft.grpc.server.async.request.thread.pool.cached = true (default)
2024-10-11 22:06:56,057 [main] INFO  grpc.GrpcConfigKeys (ConfUtils.java:logGet(46)) - raft.grpc.server.async.request.thread.pool.size = 32 (default)
2024-10-11 22:06:56,058 [main] INFO  impl.DataStreamServerImpl (ConfUtils.java:logGet(46)) - raft.datastream.type = DISABLED (default)
2024-10-11 22:06:56,058 [main] INFO  server.RaftServerConfigKeys (ConfUtils.java:logGet(46)) - raft.server.sleep.deviation.threshold = 300ms (default)
2024-10-11 22:06:56,058 [main] INFO  server.RaftServerConfigKeys (ConfUtils.java:logGet(46)) - raft.server.close.threshold = 60s (default)
2024-10-11 22:06:56,059 [main] INFO  server.RaftServerConfigKeys (ConfUtils.java:logGet(46)) - raft.server.leaderelection.leader.step-down.wait-time = 10s (default)
2024-10-11 22:06:56,059 [main] INFO  server.RaftServerConfigKeys (ConfUtils.java:logGet(46)) - raft.server.storage.dir = [/home/runner/work/ratis/ratis/ratis-test/target/test/data/30a65e24/MiniRaftClusterWithGrpcff34dc0d/s2] (custom)
2024-10-11 22:06:56,059 [main] INFO  server.RaftServerConfigKeys (ConfUtils.java:logGet(46)) - raft.server.threadpool.proxy.cached = true (default)
2024-10-11 22:06:56,059 [main] INFO  server.RaftServerConfigKeys (ConfUtils.java:logGet(46)) - raft.server.threadpool.proxy.size = 0 (default)
2024-10-11 22:06:56,059 [main] INFO  server.RaftServer (RaftServerProxy.java:addNew(101)) - s2: addNew group-139FF0DD8ED4:[s0|localhost:15340, s1|localhost:15344, s2|localhost:15348] returns group-139FF0DD8ED4:java.util.concurrent.CompletableFuture@6108c962[Not completed]
2024-10-11 22:06:56,060 [s2-groupManagement] INFO  server.RaftServer$Division (RaftServerImpl.java:<init>(257)) - s2: new RaftServerImpl for group-139FF0DD8ED4:[s0|localhost:15340, s1|localhost:15344, s2|localhost:15348] with BaseStateMachine:uninitialized
2024-10-11 22:06:56,060 [s2-groupManagement] INFO  server.RaftServerConfigKeys (ConfUtils.java:logGet(46)) - raft.server.rpc.timeout.min = 150ms (default)
2024-10-11 22:06:56,060 [s0-impl-thread1] INFO  server.RaftServerConfigKeys (ConfUtils.java:logGet(46)) - raft.server.storage.free-space.min = 0MB (=0) (default)
2024-10-11 22:06:56,060 [s0-impl-thread1] INFO  server.RaftServerConfigKeys (ConfUtils.java:logGet(46)) - raft.server.log.corruption.policy = EXCEPTION (default)
2024-10-11 22:06:56,060 [s0-impl-thread1] INFO  server.RaftServerConfigKeys (ConfUtils.java:logGet(46)) - raft.server.storage.dir = [/home/runner/work/ratis/ratis/ratis-test/target/test/data/30a65e24/MiniRaftClusterWithGrpcff34dc0d/s0] (custom)
2024-10-11 22:06:56,060 [s0-impl-thread1] INFO  storage.RaftStorageDirectory (RaftStorageDirectoryImpl.java:analyzeStorage(138)) - The storage directory /home/runner/work/ratis/ratis/ratis-test/target/test/data/30a65e24/MiniRaftClusterWithGrpcff34dc0d/s0/8a328bcf-f5cd-48f8-aa5b-139ff0dd8ed4 does not exist. Creating ...
2024-10-11 22:06:56,061 [s0-impl-thread1] TRACE util.FileUtils (LogUtils.java:runAndLog(49)) - Successfully ran Files.createDirectories /home/runner/work/ratis/ratis/ratis-test/target/test/data/30a65e24/MiniRaftClusterWithGrpcff34dc0d/s0/8a328bcf-f5cd-48f8-aa5b-139ff0dd8ed4
2024-10-11 22:06:56,061 [s2-groupManagement] INFO  server.RaftServerConfigKeys (ConfUtils.java:logGet(46)) - raft.server.rpc.timeout.max = 300ms (default)
2024-10-11 22:06:56,061 [s2-groupManagement] INFO  server.RaftServerConfigKeys (ConfUtils.java:logGet(46)) - raft.server.rpc.sleep.time = 25ms (default)
2024-10-11 22:06:56,061 [s2-groupManagement] INFO  server.RaftServerConfigKeys (ConfUtils.java:logGet(46)) - raft.server.rpc.slowness.timeout = 60s (default)
2024-10-11 22:06:56,061 [s2-groupManagement] INFO  server.RaftServerConfigKeys (ConfUtils.java:logGet(46)) - raft.server.leaderelection.leader.step-down.wait-time = 10s (default)
2024-10-11 22:06:56,061 [s2-groupManagement] INFO  server.RaftServerConfigKeys (ConfUtils.java:logGet(46)) - raft.server.leaderelection.member.majority-add = false (default)
2024-10-11 22:06:56,061 [s2-groupManagement] INFO  server.RaftServerConfigKeys (ConfUtils.java:logGet(46)) - raft.server.sleep.deviation.threshold = 300ms (default)
2024-10-11 22:06:56,062 [s2-groupManagement] INFO  server.RaftServer$Division (ServerState.java:<init>(114)) - s2@group-139FF0DD8ED4: ConfigurationManager, init=conf: {index: -1, cur=peers:[s0|localhost:15340, s1|localhost:15344, s2|localhost:15348]|listeners:[], old=null}, confs=<EMPTY_MAP>
2024-10-11 22:06:56,062 [s2-groupManagement] INFO  server.RaftServerConfigKeys (ConfUtils.java:logGet(46)) - raft.server.notification.no-leader.timeout = 60s (default)
2024-10-11 22:06:56,062 [s2-groupManagement] INFO  server.RaftServerConfigKeys (ConfUtils.java:logGet(46)) - raft.server.read.timeout = 10s (default)
2024-10-11 22:06:56,062 [s2-groupManagement] INFO  server.RaftServerConfigKeys (ConfUtils.java:logGet(46)) - raft.server.retrycache.expirytime = 60s (default)
2024-10-11 22:06:56,062 [s2-groupManagement] INFO  server.RaftServerConfigKeys (ConfUtils.java:logGet(46)) - raft.server.retrycache.statistics.expirytime = 100ms (default)
2024-10-11 22:06:56,062 [s2-groupManagement] INFO  server.RaftServerConfigKeys (ConfUtils.java:logGet(46)) - raft.server.read.option = DEFAULT (default)
2024-10-11 22:06:56,062 [s2-groupManagement] INFO  server.RaftServerConfigKeys (ConfUtils.java:logGet(46)) - raft.server.read.read-after-write-consistent.write-index-cache.expiry-time = 60s (default)
2024-10-11 22:06:56,062 [s0-impl-thread1] INFO  storage.RaftStorageDirectory (RaftStorageDirectoryImpl.java:tryLock(229)) - Lock on /home/runner/work/ratis/ratis/ratis-test/target/test/data/30a65e24/MiniRaftClusterWithGrpcff34dc0d/s0/8a328bcf-f5cd-48f8-aa5b-139ff0dd8ed4/in_use.lock acquired by nodename 10193@fv-az884-730
2024-10-11 22:06:56,062 [s0-impl-thread1] TRACE util.FileUtils (LogUtils.java:runAndLog(49)) - Successfully ran Files.createDirectories /home/runner/work/ratis/ratis/ratis-test/target/test/data/30a65e24/MiniRaftClusterWithGrpcff34dc0d/s0/8a328bcf-f5cd-48f8-aa5b-139ff0dd8ed4/current
2024-10-11 22:06:56,063 [s0-impl-thread1] TRACE util.FileUtils (LogUtils.java:runAndLog(49)) - Successfully ran Files.createDirectories /home/runner/work/ratis/ratis/ratis-test/target/test/data/30a65e24/MiniRaftClusterWithGrpcff34dc0d/s0/8a328bcf-f5cd-48f8-aa5b-139ff0dd8ed4/sm
2024-10-11 22:06:56,063 [s0-impl-thread1] TRACE util.FileUtils (LogUtils.java:supplyAndLog(69)) - Successfully supplied FileChannel.open /home/runner/work/ratis/ratis/ratis-test/target/test/data/30a65e24/MiniRaftClusterWithGrpcff34dc0d/s0/8a328bcf-f5cd-48f8-aa5b-139ff0dd8ed4/current/raft-meta.tmp with options [CREATE, WRITE]: sun.nio.ch.FileChannelImpl@596002fe
2024-10-11 22:06:56,063 [s2-groupManagement] INFO  server.RaftServerConfigKeys (ConfUtils.java:logGet(46)) - raft.server.rpc.request.timeout = 3000ms (default)
2024-10-11 22:06:56,064 [s2-groupManagement] INFO  server.RaftServerConfigKeys (ConfUtils.java:logGet(46)) - raft.server.log.appender.install.snapshot.enabled = true (default)
2024-10-11 22:06:56,064 [s2-groupManagement] INFO  server.RaftServerConfigKeys (ConfUtils.java:logGet(46)) - raft.server.threadpool.server.cached = true (default)
2024-10-11 22:06:56,064 [s2-groupManagement] INFO  server.RaftServerConfigKeys (ConfUtils.java:logGet(46)) - raft.server.threadpool.server.size = 0 (default)
2024-10-11 22:06:56,064 [s0-impl-thread1] TRACE util.FileUtils (LogUtils.java:runAndLog(49)) - Successfully ran Atomic Files.move /home/runner/work/ratis/ratis/ratis-test/target/test/data/30a65e24/MiniRaftClusterWithGrpcff34dc0d/s0/8a328bcf-f5cd-48f8-aa5b-139ff0dd8ed4/current/raft-meta.tmp to /home/runner/work/ratis/ratis/ratis-test/target/test/data/30a65e24/MiniRaftClusterWithGrpcff34dc0d/s0/8a328bcf-f5cd-48f8-aa5b-139ff0dd8ed4/current/raft-meta with options [REPLACE_EXISTING]
2024-10-11 22:06:56,064 [s0-impl-thread1] INFO  storage.RaftStorage (RaftStorageImpl.java:format(98)) - Storage directory /home/runner/work/ratis/ratis/ratis-test/target/test/data/30a65e24/MiniRaftClusterWithGrpcff34dc0d/s0/8a328bcf-f5cd-48f8-aa5b-139ff0dd8ed4 has been successfully formatted.
2024-10-11 22:06:56,064 [s2-groupManagement] INFO  server.RaftServerConfigKeys (ConfUtils.java:logGet(46)) - raft.server.threadpool.client.cached = true (default)
2024-10-11 22:06:56,064 [s0-impl-thread1] INFO  server.RaftServerConfigKeys (ConfUtils.java:logGet(46)) - raft.server.log.use.memory = false (default)
2024-10-11 22:06:56,064 [s2-groupManagement] INFO  server.RaftServerConfigKeys (ConfUtils.java:logGet(46)) - raft.server.threadpool.client.size = 0 (default)
2024-10-11 22:06:56,064 [s0-impl-thread1] INFO  server.RaftServerConfigKeys (ConfUtils.java:logGet(46)) - raft.server.log.purge.gap = 1024 (default)
2024-10-11 22:06:56,064 [s0-impl-thread1] INFO  server.RaftServerConfigKeys (ConfUtils.java:logGet(46)) - raft.server.log.appender.buffer.byte-limit = 4MB (=4194304) (default)
2024-10-11 22:06:56,064 [s0-impl-thread1] INFO  server.RaftServerConfigKeys (ConfUtils.java:logGet(46)) - raft.server.log.statemachine.data.read.timeout = 1000ms (default)
2024-10-11 22:06:56,064 [s0-impl-thread1] INFO  server.RaftServerConfigKeys (ConfUtils.java:logGet(46)) - raft.server.log.purge.preservation.log.num = 0 (default)
2024-10-11 22:06:56,065 [s0-impl-thread1] INFO  server.RaftServerConfigKeys (ConfUtils.java:logGet(46)) - raft.server.log.segment.size.max = 32MB (=33554432) (default)
2024-10-11 22:06:56,065 [s0-impl-thread1] INFO  server.RaftServerConfigKeys (ConfUtils.java:logGet(46)) - raft.server.log.segment.cache.num.max = 6 (default)
2024-10-11 22:06:56,065 [s0-impl-thread1] INFO  server.RaftServerConfigKeys (ConfUtils.java:logGet(46)) - raft.server.log.segment.cache.size.max = 200MB (=209715200) (default)
2024-10-11 22:06:56,065 [s0-impl-thread1] INFO  server.RaftServerConfigKeys (ConfUtils.java:logGet(46)) - raft.server.log.appender.buffer.byte-limit = 4MB (=4194304) (default)
2024-10-11 22:06:56,065 [s0-impl-thread1] INFO  util.AwaitToRun (AwaitToRun.java:start(81)) - Thread[s0@group-139FF0DD8ED4-cacheEviction-AwaitToRun,5,main] started
2024-10-11 22:06:56,065 [s0-impl-thread1] INFO  segmented.SegmentedRaftLogWorker (SegmentedRaftLogWorker.java:<init>(188)) - new s0@group-139FF0DD8ED4-SegmentedRaftLogWorker for RaftStorageImpl:Storage Directory /home/runner/work/ratis/ratis/ratis-test/target/test/data/30a65e24/MiniRaftClusterWithGrpcff34dc0d/s0/8a328bcf-f5cd-48f8-aa5b-139ff0dd8ed4
2024-10-11 22:06:56,065 [s0-impl-thread1] INFO  server.RaftServerConfigKeys (ConfUtils.java:logGet(46)) - raft.server.log.queue.byte-limit = 64MB (=67108864) (default)
2024-10-11 22:06:56,065 [s0-impl-thread1] INFO  server.RaftServerConfigKeys (ConfUtils.java:logGet(46)) - raft.server.log.queue.element-limit = 4096 (default)
2024-10-11 22:06:56,065 [s0-impl-thread1] INFO  server.RaftServerConfigKeys (ConfUtils.java:logGet(46)) - raft.server.log.segment.size.max = 32MB (=33554432) (default)
2024-10-11 22:06:56,065 [s0-impl-thread1] INFO  server.RaftServerConfigKeys (ConfUtils.java:logGet(46)) - raft.server.log.preallocated.size = 4MB (=4194304) (default)
2024-10-11 22:06:56,065 [s0-impl-thread1] INFO  server.RaftServerConfigKeys (ConfUtils.java:logGet(46)) - raft.server.log.force.sync.num = 128 (default)
2024-10-11 22:06:56,065 [s0-impl-thread1] INFO  server.RaftServerConfigKeys (ConfUtils.java:logGet(46)) - raft.server.log.statemachine.data.sync = true (default)
2024-10-11 22:06:56,065 [s0-impl-thread1] INFO  server.RaftServerConfigKeys (ConfUtils.java:logGet(46)) - raft.server.log.statemachine.data.sync.timeout = 10s (default)
2024-10-11 22:06:56,065 [s0-impl-thread1] INFO  server.RaftServerConfigKeys (ConfUtils.java:logGet(46)) - raft.server.log.statemachine.data.sync.timeout.retry = -1 (default)
2024-10-11 22:06:56,065 [s0-impl-thread1] INFO  server.RaftServerConfigKeys (ConfUtils.java:logGet(46)) - raft.server.log.write.buffer.size = 8MB (=8388608) (default)
2024-10-11 22:06:56,066 [s0-impl-thread1] INFO  server.RaftServerConfigKeys (ConfUtils.java:logGet(46)) - raft.server.log.appender.buffer.byte-limit = 4MB (=4194304) (default)
2024-10-11 22:06:56,066 [s0-impl-thread1] INFO  server.RaftServerConfigKeys (ConfUtils.java:logGet(46)) - raft.server.log.unsafe-flush.enabled = false (default)
2024-10-11 22:06:56,066 [s0-impl-thread1] INFO  server.RaftServerConfigKeys (ConfUtils.java:logGet(46)) - raft.server.log.async-flush.enabled = false (default)
2024-10-11 22:06:56,066 [s0-impl-thread1] INFO  server.RaftServerConfigKeys (ConfUtils.java:logGet(46)) - raft.server.log.statemachine.data.caching.enabled = false (default)
2024-10-11 22:06:56,066 [s0-impl-thread1] INFO  segmented.SegmentedRaftLogWorker (SegmentedRaftLogWorker.java:lambda$new$0(139)) - s0@group-139FF0DD8ED4-SegmentedRaftLogWorker: flushIndex: setUnconditionally 0 -> -1
2024-10-11 22:06:56,066 [s0-impl-thread1] INFO  segmented.SegmentedRaftLogWorker (SegmentedRaftLogWorker.java:lambda$new$0(139)) - s0@group-139FF0DD8ED4-SegmentedRaftLogWorker: safeCacheEvictIndex: setUnconditionally 0 -> -1
2024-10-11 22:06:56,067 [s0-impl-thread1] INFO  server.RaftServer$Division (RaftServerImpl.java:start(393)) - s0@group-139FF0DD8ED4: start as a follower, conf=conf: {index: -1, cur=peers:[s0|localhost:15340, s1|localhost:15344, s2|localhost:15348]|listeners:[], old=null}
2024-10-11 22:06:56,067 [s0-impl-thread1] INFO  server.RaftServer$Division (RaftServerImpl.java:setRole(380)) - s0@group-139FF0DD8ED4: changes role from      null to FOLLOWER at term 0 for startAsFollower
2024-10-11 22:06:56,067 [s0-impl-thread1] INFO  impl.RoleInfo (RoleInfo.java:updateAndGet(148)) - s0: start s0@group-139FF0DD8ED4-FollowerState
2024-10-11 22:06:56,071 [s0-impl-thread1] INFO  util.JmxRegister (JmxRegister.java:tryRegister(44)) - Successfully registered JMX Bean with object name Ratis:service=RaftServer,group=group-139FF0DD8ED4,id=s0
2024-10-11 22:06:56,071 [s0-impl-thread1] INFO  util.JmxRegister (JmxRegister.java:register(58)) - register mxBean class org.apache.ratis.server.impl.RaftServerJmxAdapter as Ratis:service=RaftServer,group=group-139FF0DD8ED4,id=s0
2024-10-11 22:06:56,071 [s0-impl-thread1] INFO  server.RaftServerConfigKeys (ConfUtils.java:logGet(46)) - raft.server.snapshot.trigger-when-stop.enabled = true (default)
2024-10-11 22:06:56,071 [s0-impl-thread1] INFO  server.RaftServerConfigKeys (ConfUtils.java:logGet(46)) - raft.server.snapshot.trigger-when-remove.enabled = true (default)
2024-10-11 22:06:56,071 [s0-impl-thread1] INFO  server.RaftServerConfigKeys (ConfUtils.java:logGet(46)) - raft.server.snapshot.auto.trigger.enabled = false (default)
2024-10-11 22:06:56,071 [s0-impl-thread1] INFO  server.RaftServerConfigKeys (ConfUtils.java:logGet(46)) - raft.server.snapshot.retention.file.num = -1 (default)
2024-10-11 22:06:56,071 [s0-impl-thread1] INFO  server.RaftServerConfigKeys (ConfUtils.java:logGet(46)) - raft.server.log.purge.upto.snapshot.index = false (default)
2024-10-11 22:06:56,071 [s0-impl-thread1] INFO  server.RaftServer$Division (RaftServerImpl.java:start(407)) - s0@group-139FF0DD8ED4: Successfully started.
2024-10-11 22:06:56,072 [main] INFO  server.RaftServer (RaftServerProxy.java:startImpl(408)) - s0: start RPC server
2024-10-11 22:06:56,072 [s0@group-139FF0DD8ED4-FollowerState] INFO  server.RaftServerConfigKeys (ConfUtils.java:logFallback(53)) - raft.server.rpc.first-election.timeout.min = 150ms (fallback to raft.server.rpc.timeout.min)
2024-10-11 22:06:56,072 [s0@group-139FF0DD8ED4-FollowerState] INFO  server.RaftServerConfigKeys (ConfUtils.java:logFallback(53)) - raft.server.rpc.first-election.timeout.max = 300ms (fallback to raft.server.rpc.timeout.max)
2024-10-11 22:06:56,073 [main] INFO  server.GrpcService (GrpcService.java:startImpl(341)) - s0: GrpcService started, listening on 15342
2024-10-11 22:06:56,073 [main] INFO  server.GrpcService (GrpcService.java:startImpl(341)) - s0: GrpcService started, listening on 15340
2024-10-11 22:06:56,074 [main] INFO  server.GrpcService (GrpcService.java:startImpl(341)) - s0: GrpcService started, listening on 15341
2024-10-11 22:06:56,074 [s1-impl-thread1] INFO  server.RaftServerConfigKeys (ConfUtils.java:logGet(46)) - raft.server.storage.free-space.min = 0MB (=0) (default)
2024-10-11 22:06:56,074 [s1-impl-thread1] INFO  server.RaftServerConfigKeys (ConfUtils.java:logGet(46)) - raft.server.log.corruption.policy = EXCEPTION (default)
2024-10-11 22:06:56,075 [s1-impl-thread1] INFO  server.RaftServerConfigKeys (ConfUtils.java:logGet(46)) - raft.server.storage.dir = [/home/runner/work/ratis/ratis/ratis-test/target/test/data/30a65e24/MiniRaftClusterWithGrpcff34dc0d/s1] (custom)
2024-10-11 22:06:56,075 [s1-impl-thread1] INFO  storage.RaftStorageDirectory (RaftStorageDirectoryImpl.java:analyzeStorage(138)) - The storage directory /home/runner/work/ratis/ratis/ratis-test/target/test/data/30a65e24/MiniRaftClusterWithGrpcff34dc0d/s1/8a328bcf-f5cd-48f8-aa5b-139ff0dd8ed4 does not exist. Creating ...
2024-10-11 22:06:56,075 [s1-impl-thread1] TRACE util.FileUtils (LogUtils.java:runAndLog(49)) - Successfully ran Files.createDirectories /home/runner/work/ratis/ratis/ratis-test/target/test/data/30a65e24/MiniRaftClusterWithGrpcff34dc0d/s1/8a328bcf-f5cd-48f8-aa5b-139ff0dd8ed4
2024-10-11 22:06:56,074 [JvmPauseMonitor85] INFO  util.JvmPauseMonitor (JvmPauseMonitor.java:run(146)) - JvmPauseMonitor-s0: Started
2024-10-11 22:06:56,076 [s1-impl-thread1] INFO  storage.RaftStorageDirectory (RaftStorageDirectoryImpl.java:tryLock(229)) - Lock on /home/runner/work/ratis/ratis/ratis-test/target/test/data/30a65e24/MiniRaftClusterWithGrpcff34dc0d/s1/8a328bcf-f5cd-48f8-aa5b-139ff0dd8ed4/in_use.lock acquired by nodename 10193@fv-az884-730
2024-10-11 22:06:56,076 [s1-impl-thread1] TRACE util.FileUtils (LogUtils.java:runAndLog(49)) - Successfully ran Files.createDirectories /home/runner/work/ratis/ratis/ratis-test/target/test/data/30a65e24/MiniRaftClusterWithGrpcff34dc0d/s1/8a328bcf-f5cd-48f8-aa5b-139ff0dd8ed4/current
2024-10-11 22:06:56,076 [s1-impl-thread1] TRACE util.FileUtils (LogUtils.java:runAndLog(49)) - Successfully ran Files.createDirectories /home/runner/work/ratis/ratis/ratis-test/target/test/data/30a65e24/MiniRaftClusterWithGrpcff34dc0d/s1/8a328bcf-f5cd-48f8-aa5b-139ff0dd8ed4/sm
2024-10-11 22:06:56,077 [s1-impl-thread1] TRACE util.FileUtils (LogUtils.java:supplyAndLog(69)) - Successfully supplied FileChannel.open /home/runner/work/ratis/ratis/ratis-test/target/test/data/30a65e24/MiniRaftClusterWithGrpcff34dc0d/s1/8a328bcf-f5cd-48f8-aa5b-139ff0dd8ed4/current/raft-meta.tmp with options [CREATE, WRITE]: sun.nio.ch.FileChannelImpl@580b797b
2024-10-11 22:06:56,077 [s1-impl-thread1] TRACE util.FileUtils (LogUtils.java:runAndLog(49)) - Successfully ran Atomic Files.move /home/runner/work/ratis/ratis/ratis-test/target/test/data/30a65e24/MiniRaftClusterWithGrpcff34dc0d/s1/8a328bcf-f5cd-48f8-aa5b-139ff0dd8ed4/current/raft-meta.tmp to /home/runner/work/ratis/ratis/ratis-test/target/test/data/30a65e24/MiniRaftClusterWithGrpcff34dc0d/s1/8a328bcf-f5cd-48f8-aa5b-139ff0dd8ed4/current/raft-meta with options [REPLACE_EXISTING]
2024-10-11 22:06:56,078 [s1-impl-thread1] INFO  storage.RaftStorage (RaftStorageImpl.java:format(98)) - Storage directory /home/runner/work/ratis/ratis/ratis-test/target/test/data/30a65e24/MiniRaftClusterWithGrpcff34dc0d/s1/8a328bcf-f5cd-48f8-aa5b-139ff0dd8ed4 has been successfully formatted.
2024-10-11 22:06:56,078 [s1-impl-thread1] INFO  server.RaftServerConfigKeys (ConfUtils.java:logGet(46)) - raft.server.log.use.memory = false (default)
2024-10-11 22:06:56,078 [s1-impl-thread1] INFO  server.RaftServerConfigKeys (ConfUtils.java:logGet(46)) - raft.server.log.purge.gap = 1024 (default)
2024-10-11 22:06:56,078 [s1-impl-thread1] INFO  server.RaftServerConfigKeys (ConfUtils.java:logGet(46)) - raft.server.log.appender.buffer.byte-limit = 4MB (=4194304) (default)
2024-10-11 22:06:56,078 [s1-impl-thread1] INFO  server.RaftServerConfigKeys (ConfUtils.java:logGet(46)) - raft.server.log.statemachine.data.read.timeout = 1000ms (default)
2024-10-11 22:06:56,078 [s1-impl-thread1] INFO  server.RaftServerConfigKeys (ConfUtils.java:logGet(46)) - raft.server.log.purge.preservation.log.num = 0 (default)
2024-10-11 22:06:56,078 [s1-impl-thread1] INFO  server.RaftServerConfigKeys (ConfUtils.java:logGet(46)) - raft.server.log.segment.size.max = 32MB (=33554432) (default)
2024-10-11 22:06:56,078 [s1-impl-thread1] INFO  server.RaftServerConfigKeys (ConfUtils.java:logGet(46)) - raft.server.log.segment.cache.num.max = 6 (default)
2024-10-11 22:06:56,079 [s1-impl-thread1] INFO  server.RaftServerConfigKeys (ConfUtils.java:logGet(46)) - raft.server.log.segment.cache.size.max = 200MB (=209715200) (default)
2024-10-11 22:06:56,079 [s1-impl-thread1] INFO  server.RaftServerConfigKeys (ConfUtils.java:logGet(46)) - raft.server.log.appender.buffer.byte-limit = 4MB (=4194304) (default)
2024-10-11 22:06:56,079 [s1-impl-thread1] INFO  util.AwaitToRun (AwaitToRun.java:start(81)) - Thread[s1@group-139FF0DD8ED4-cacheEviction-AwaitToRun,5,main] started
2024-10-11 22:06:56,079 [s1-impl-thread1] INFO  segmented.SegmentedRaftLogWorker (SegmentedRaftLogWorker.java:<init>(188)) - new s1@group-139FF0DD8ED4-SegmentedRaftLogWorker for RaftStorageImpl:Storage Directory /home/runner/work/ratis/ratis/ratis-test/target/test/data/30a65e24/MiniRaftClusterWithGrpcff34dc0d/s1/8a328bcf-f5cd-48f8-aa5b-139ff0dd8ed4
2024-10-11 22:06:56,079 [s1-impl-thread1] INFO  server.RaftServerConfigKeys (ConfUtils.java:logGet(46)) - raft.server.log.queue.byte-limit = 64MB (=67108864) (default)
2024-10-11 22:06:56,079 [s1-impl-thread1] INFO  server.RaftServerConfigKeys (ConfUtils.java:logGet(46)) - raft.server.log.queue.element-limit = 4096 (default)
2024-10-11 22:06:56,079 [s1-impl-thread1] INFO  server.RaftServerConfigKeys (ConfUtils.java:logGet(46)) - raft.server.log.segment.size.max = 32MB (=33554432) (default)
2024-10-11 22:06:56,079 [s1-impl-thread1] INFO  server.RaftServerConfigKeys (ConfUtils.java:logGet(46)) - raft.server.log.preallocated.size = 4MB (=4194304) (default)
2024-10-11 22:06:56,079 [s1-impl-thread1] INFO  server.RaftServerConfigKeys (ConfUtils.java:logGet(46)) - raft.server.log.force.sync.num = 128 (default)
2024-10-11 22:06:56,079 [s1-impl-thread1] INFO  server.RaftServerConfigKeys (ConfUtils.java:logGet(46)) - raft.server.log.statemachine.data.sync = true (default)
2024-10-11 22:06:56,079 [s1-impl-thread1] INFO  server.RaftServerConfigKeys (ConfUtils.java:logGet(46)) - raft.server.log.statemachine.data.sync.timeout = 10s (default)
2024-10-11 22:06:56,079 [s1-impl-thread1] INFO  server.RaftServerConfigKeys (ConfUtils.java:logGet(46)) - raft.server.log.statemachine.data.sync.timeout.retry = -1 (default)
2024-10-11 22:06:56,079 [s1-impl-thread1] INFO  server.RaftServerConfigKeys (ConfUtils.java:logGet(46)) - raft.server.log.write.buffer.size = 8MB (=8388608) (default)
2024-10-11 22:06:56,080 [s1-impl-thread1] INFO  server.RaftServerConfigKeys (ConfUtils.java:logGet(46)) - raft.server.log.appender.buffer.byte-limit = 4MB (=4194304) (default)
2024-10-11 22:06:56,080 [s1-impl-thread1] INFO  server.RaftServerConfigKeys (ConfUtils.java:logGet(46)) - raft.server.log.unsafe-flush.enabled = false (default)
2024-10-11 22:06:56,080 [s1-impl-thread1] INFO  server.RaftServerConfigKeys (ConfUtils.java:logGet(46)) - raft.server.log.async-flush.enabled = false (default)
2024-10-11 22:06:56,080 [s1-impl-thread1] INFO  server.RaftServerConfigKeys (ConfUtils.java:logGet(46)) - raft.server.log.statemachine.data.caching.enabled = false (default)
2024-10-11 22:06:56,080 [s1-impl-thread1] INFO  segmented.SegmentedRaftLogWorker (SegmentedRaftLogWorker.java:lambda$new$0(139)) - s1@group-139FF0DD8ED4-SegmentedRaftLogWorker: flushIndex: setUnconditionally 0 -> -1
2024-10-11 22:06:56,080 [s1-impl-thread1] INFO  segmented.SegmentedRaftLogWorker (SegmentedRaftLogWorker.java:lambda$new$0(139)) - s1@group-139FF0DD8ED4-SegmentedRaftLogWorker: safeCacheEvictIndex: setUnconditionally 0 -> -1
2024-10-11 22:06:56,081 [s1-impl-thread1] INFO  server.RaftServer$Division (RaftServerImpl.java:start(393)) - s1@group-139FF0DD8ED4: start as a follower, conf=conf: {index: -1, cur=peers:[s0|localhost:15340, s1|localhost:15344, s2|localhost:15348]|listeners:[], old=null}
2024-10-11 22:06:56,081 [s1-impl-thread1] INFO  server.RaftServer$Division (RaftServerImpl.java:setRole(380)) - s1@group-139FF0DD8ED4: changes role from      null to FOLLOWER at term 0 for startAsFollower
2024-10-11 22:06:56,081 [s1-impl-thread1] INFO  impl.RoleInfo (RoleInfo.java:updateAndGet(148)) - s1: start s1@group-139FF0DD8ED4-FollowerState
2024-10-11 22:06:56,081 [s1-impl-thread1] INFO  util.JmxRegister (JmxRegister.java:tryRegister(44)) - Successfully registered JMX Bean with object name Ratis:service=RaftServer,group=group-139FF0DD8ED4,id=s1
2024-10-11 22:06:56,081 [s1-impl-thread1] INFO  util.JmxRegister (JmxRegister.java:register(58)) - register mxBean class org.apache.ratis.server.impl.RaftServerJmxAdapter as Ratis:service=RaftServer,group=group-139FF0DD8ED4,id=s1
2024-10-11 22:06:56,081 [s1@group-139FF0DD8ED4-FollowerState] INFO  server.RaftServerConfigKeys (ConfUtils.java:logFallback(53)) - raft.server.rpc.first-election.timeout.min = 150ms (fallback to raft.server.rpc.timeout.min)
2024-10-11 22:06:56,081 [s1@group-139FF0DD8ED4-FollowerState] INFO  server.RaftServerConfigKeys (ConfUtils.java:logFallback(53)) - raft.server.rpc.first-election.timeout.max = 300ms (fallback to raft.server.rpc.timeout.max)
2024-10-11 22:06:56,081 [s1-impl-thread1] INFO  server.RaftServerConfigKeys (ConfUtils.java:logGet(46)) - raft.server.snapshot.trigger-when-stop.enabled = true (default)
2024-10-11 22:06:56,081 [s1-impl-thread1] INFO  server.RaftServerConfigKeys (ConfUtils.java:logGet(46)) - raft.server.snapshot.trigger-when-remove.enabled = true (default)
2024-10-11 22:06:56,081 [s1-impl-thread1] INFO  server.RaftServerConfigKeys (ConfUtils.java:logGet(46)) - raft.server.snapshot.auto.trigger.enabled = false (default)
2024-10-11 22:06:56,081 [s1-impl-thread1] INFO  server.RaftServerConfigKeys (ConfUtils.java:logGet(46)) - raft.server.snapshot.retention.file.num = -1 (default)
2024-10-11 22:06:56,081 [s1-impl-thread1] INFO  server.RaftServerConfigKeys (ConfUtils.java:logGet(46)) - raft.server.log.purge.upto.snapshot.index = false (default)
2024-10-11 22:06:56,082 [s1-impl-thread1] INFO  server.RaftServer$Division (RaftServerImpl.java:start(407)) - s1@group-139FF0DD8ED4: Successfully started.
2024-10-11 22:06:56,082 [main] INFO  server.RaftServer (RaftServerProxy.java:startImpl(408)) - s1: start RPC server
2024-10-11 22:06:56,082 [main] INFO  server.GrpcService (GrpcService.java:startImpl(341)) - s1: GrpcService started, listening on 15346
2024-10-11 22:06:56,083 [main] INFO  server.GrpcService (GrpcService.java:startImpl(341)) - s1: GrpcService started, listening on 15344
2024-10-11 22:06:56,083 [main] INFO  server.GrpcService (GrpcService.java:startImpl(341)) - s1: GrpcService started, listening on 15345
2024-10-11 22:06:56,086 [JvmPauseMonitor86] INFO  util.JvmPauseMonitor (JvmPauseMonitor.java:run(146)) - JvmPauseMonitor-s1: Started
2024-10-11 22:06:56,086 [s2-impl-thread1] INFO  server.RaftServerConfigKeys (ConfUtils.java:logGet(46)) - raft.server.storage.free-space.min = 0MB (=0) (default)
2024-10-11 22:06:56,086 [s2-impl-thread1] INFO  server.RaftServerConfigKeys (ConfUtils.java:logGet(46)) - raft.server.log.corruption.policy = EXCEPTION (default)
2024-10-11 22:06:56,087 [s2-impl-thread1] INFO  server.RaftServerConfigKeys (ConfUtils.java:logGet(46)) - raft.server.storage.dir = [/home/runner/work/ratis/ratis/ratis-test/target/test/data/30a65e24/MiniRaftClusterWithGrpcff34dc0d/s2] (custom)
2024-10-11 22:06:56,087 [s2-impl-thread1] INFO  storage.RaftStorageDirectory (RaftStorageDirectoryImpl.java:analyzeStorage(138)) - The storage directory /home/runner/work/ratis/ratis/ratis-test/target/test/data/30a65e24/MiniRaftClusterWithGrpcff34dc0d/s2/8a328bcf-f5cd-48f8-aa5b-139ff0dd8ed4 does not exist. Creating ...
2024-10-11 22:06:56,087 [s2-impl-thread1] TRACE util.FileUtils (LogUtils.java:runAndLog(49)) - Successfully ran Files.createDirectories /home/runner/work/ratis/ratis/ratis-test/target/test/data/30a65e24/MiniRaftClusterWithGrpcff34dc0d/s2/8a328bcf-f5cd-48f8-aa5b-139ff0dd8ed4
2024-10-11 22:06:56,088 [s2-impl-thread1] INFO  storage.RaftStorageDirectory (RaftStorageDirectoryImpl.java:tryLock(229)) - Lock on /home/runner/work/ratis/ratis/ratis-test/target/test/data/30a65e24/MiniRaftClusterWithGrpcff34dc0d/s2/8a328bcf-f5cd-48f8-aa5b-139ff0dd8ed4/in_use.lock acquired by nodename 10193@fv-az884-730
2024-10-11 22:06:56,088 [s2-impl-thread1] TRACE util.FileUtils (LogUtils.java:runAndLog(49)) - Successfully ran Files.createDirectories /home/runner/work/ratis/ratis/ratis-test/target/test/data/30a65e24/MiniRaftClusterWithGrpcff34dc0d/s2/8a328bcf-f5cd-48f8-aa5b-139ff0dd8ed4/current
2024-10-11 22:06:56,088 [s2-impl-thread1] TRACE util.FileUtils (LogUtils.java:runAndLog(49)) - Successfully ran Files.createDirectories /home/runner/work/ratis/ratis/ratis-test/target/test/data/30a65e24/MiniRaftClusterWithGrpcff34dc0d/s2/8a328bcf-f5cd-48f8-aa5b-139ff0dd8ed4/sm
2024-10-11 22:06:56,088 [s2-impl-thread1] TRACE util.FileUtils (LogUtils.java:supplyAndLog(69)) - Successfully supplied FileChannel.open /home/runner/work/ratis/ratis/ratis-test/target/test/data/30a65e24/MiniRaftClusterWithGrpcff34dc0d/s2/8a328bcf-f5cd-48f8-aa5b-139ff0dd8ed4/current/raft-meta.tmp with options [CREATE, WRITE]: sun.nio.ch.FileChannelImpl@5a49981
2024-10-11 22:06:56,089 [s2-impl-thread1] TRACE util.FileUtils (LogUtils.java:runAndLog(49)) - Successfully ran Atomic Files.move /home/runner/work/ratis/ratis/ratis-test/target/test/data/30a65e24/MiniRaftClusterWithGrpcff34dc0d/s2/8a328bcf-f5cd-48f8-aa5b-139ff0dd8ed4/current/raft-meta.tmp to /home/runner/work/ratis/ratis/ratis-test/target/test/data/30a65e24/MiniRaftClusterWithGrpcff34dc0d/s2/8a328bcf-f5cd-48f8-aa5b-139ff0dd8ed4/current/raft-meta with options [REPLACE_EXISTING]
2024-10-11 22:06:56,089 [s2-impl-thread1] INFO  storage.RaftStorage (RaftStorageImpl.java:format(98)) - Storage directory /home/runner/work/ratis/ratis/ratis-test/target/test/data/30a65e24/MiniRaftClusterWithGrpcff34dc0d/s2/8a328bcf-f5cd-48f8-aa5b-139ff0dd8ed4 has been successfully formatted.
2024-10-11 22:06:56,089 [s2-impl-thread1] INFO  server.RaftServerConfigKeys (ConfUtils.java:logGet(46)) - raft.server.log.use.memory = false (default)
2024-10-11 22:06:56,090 [s2-impl-thread1] INFO  server.RaftServerConfigKeys (ConfUtils.java:logGet(46)) - raft.server.log.purge.gap = 1024 (default)
2024-10-11 22:06:56,090 [s2-impl-thread1] INFO  server.RaftServerConfigKeys (ConfUtils.java:logGet(46)) - raft.server.log.appender.buffer.byte-limit = 4MB (=4194304) (default)
2024-10-11 22:06:56,090 [s2-impl-thread1] INFO  server.RaftServerConfigKeys (ConfUtils.java:logGet(46)) - raft.server.log.statemachine.data.read.timeout = 1000ms (default)
2024-10-11 22:06:56,090 [s2-impl-thread1] INFO  server.RaftServerConfigKeys (ConfUtils.java:logGet(46)) - raft.server.log.purge.preservation.log.num = 0 (default)
2024-10-11 22:06:56,090 [s2-impl-thread1] INFO  server.RaftServerConfigKeys (ConfUtils.java:logGet(46)) - raft.server.log.segment.size.max = 32MB (=33554432) (default)
2024-10-11 22:06:56,090 [s2-impl-thread1] INFO  server.RaftServerConfigKeys (ConfUtils.java:logGet(46)) - raft.server.log.segment.cache.num.max = 6 (default)
2024-10-11 22:06:56,090 [s2-impl-thread1] INFO  server.RaftServerConfigKeys (ConfUtils.java:logGet(46)) - raft.server.log.segment.cache.size.max = 200MB (=209715200) (default)
2024-10-11 22:06:56,090 [s2-impl-thread1] INFO  server.RaftServerConfigKeys (ConfUtils.java:logGet(46)) - raft.server.log.appender.buffer.byte-limit = 4MB (=4194304) (default)
2024-10-11 22:06:56,090 [s2-impl-thread1] INFO  util.AwaitToRun (AwaitToRun.java:start(81)) - Thread[s2@group-139FF0DD8ED4-cacheEviction-AwaitToRun,5,main] started
2024-10-11 22:06:56,091 [s2-impl-thread1] INFO  segmented.SegmentedRaftLogWorker (SegmentedRaftLogWorker.java:<init>(188)) - new s2@group-139FF0DD8ED4-SegmentedRaftLogWorker for RaftStorageImpl:Storage Directory /home/runner/work/ratis/ratis/ratis-test/target/test/data/30a65e24/MiniRaftClusterWithGrpcff34dc0d/s2/8a328bcf-f5cd-48f8-aa5b-139ff0dd8ed4
2024-10-11 22:06:56,091 [s2-impl-thread1] INFO  server.RaftServerConfigKeys (ConfUtils.java:logGet(46)) - raft.server.log.queue.byte-limit = 64MB (=67108864) (default)
2024-10-11 22:06:56,091 [s2-impl-thread1] INFO  server.RaftServerConfigKeys (ConfUtils.java:logGet(46)) - raft.server.log.queue.element-limit = 4096 (default)
2024-10-11 22:06:56,091 [s2-impl-thread1] INFO  server.RaftServerConfigKeys (ConfUtils.java:logGet(46)) - raft.server.log.segment.size.max = 32MB (=33554432) (default)
2024-10-11 22:06:56,091 [s2-impl-thread1] INFO  server.RaftServerConfigKeys (ConfUtils.java:logGet(46)) - raft.server.log.preallocated.size = 4MB (=4194304) (default)
2024-10-11 22:06:56,091 [s2-impl-thread1] INFO  server.RaftServerConfigKeys (ConfUtils.java:logGet(46)) - raft.server.log.force.sync.num = 128 (default)
2024-10-11 22:06:56,091 [s2-impl-thread1] INFO  server.RaftServerConfigKeys (ConfUtils.java:logGet(46)) - raft.server.log.statemachine.data.sync = true (default)
2024-10-11 22:06:56,091 [s2-impl-thread1] INFO  server.RaftServerConfigKeys (ConfUtils.java:logGet(46)) - raft.server.log.statemachine.data.sync.timeout = 10s (default)
2024-10-11 22:06:56,091 [s2-impl-thread1] INFO  server.RaftServerConfigKeys (ConfUtils.java:logGet(46)) - raft.server.log.statemachine.data.sync.timeout.retry = -1 (default)
2024-10-11 22:06:56,091 [s2-impl-thread1] INFO  server.RaftServerConfigKeys (ConfUtils.java:logGet(46)) - raft.server.log.write.buffer.size = 8MB (=8388608) (default)
2024-10-11 22:06:56,092 [s2-impl-thread1] INFO  server.RaftServerConfigKeys (ConfUtils.java:logGet(46)) - raft.server.log.appender.buffer.byte-limit = 4MB (=4194304) (default)
2024-10-11 22:06:56,092 [s2-impl-thread1] INFO  server.RaftServerConfigKeys (ConfUtils.java:logGet(46)) - raft.server.log.unsafe-flush.enabled = false (default)
2024-10-11 22:06:56,092 [s2-impl-thread1] INFO  server.RaftServerConfigKeys (ConfUtils.java:logGet(46)) - raft.server.log.async-flush.enabled = false (default)
2024-10-11 22:06:56,092 [s2-impl-thread1] INFO  server.RaftServerConfigKeys (ConfUtils.java:logGet(46)) - raft.server.log.statemachine.data.caching.enabled = false (default)
2024-10-11 22:06:56,092 [s2-impl-thread1] INFO  segmented.SegmentedRaftLogWorker (SegmentedRaftLogWorker.java:lambda$new$0(139)) - s2@group-139FF0DD8ED4-SegmentedRaftLogWorker: flushIndex: setUnconditionally 0 -> -1
2024-10-11 22:06:56,093 [s2-impl-thread1] INFO  segmented.SegmentedRaftLogWorker (SegmentedRaftLogWorker.java:lambda$new$0(139)) - s2@group-139FF0DD8ED4-SegmentedRaftLogWorker: safeCacheEvictIndex: setUnconditionally 0 -> -1
2024-10-11 22:06:56,093 [s2-impl-thread1] INFO  server.RaftServer$Division (RaftServerImpl.java:start(393)) - s2@group-139FF0DD8ED4: start as a follower, conf=conf: {index: -1, cur=peers:[s0|localhost:15340, s1|localhost:15344, s2|localhost:15348]|listeners:[], old=null}
2024-10-11 22:06:56,093 [s2-impl-thread1] INFO  server.RaftServer$Division (RaftServerImpl.java:setRole(380)) - s2@group-139FF0DD8ED4: changes role from      null to FOLLOWER at term 0 for startAsFollower
2024-10-11 22:06:56,093 [s2-impl-thread1] INFO  impl.RoleInfo (RoleInfo.java:updateAndGet(148)) - s2: start s2@group-139FF0DD8ED4-FollowerState
2024-10-11 22:06:56,093 [s2@group-139FF0DD8ED4-FollowerState] INFO  server.RaftServerConfigKeys (ConfUtils.java:logFallback(53)) - raft.server.rpc.first-election.timeout.min = 150ms (fallback to raft.server.rpc.timeout.min)
2024-10-11 22:06:56,093 [s2@group-139FF0DD8ED4-FollowerState] INFO  server.RaftServerConfigKeys (ConfUtils.java:logFallback(53)) - raft.server.rpc.first-election.timeout.max = 300ms (fallback to raft.server.rpc.timeout.max)
2024-10-11 22:06:56,093 [s2-impl-thread1] INFO  util.JmxRegister (JmxRegister.java:tryRegister(44)) - Successfully registered JMX Bean with object name Ratis:service=RaftServer,group=group-139FF0DD8ED4,id=s2
2024-10-11 22:06:56,093 [s2-impl-thread1] INFO  util.JmxRegister (JmxRegister.java:register(58)) - register mxBean class org.apache.ratis.server.impl.RaftServerJmxAdapter as Ratis:service=RaftServer,group=group-139FF0DD8ED4,id=s2
2024-10-11 22:06:56,093 [s2-impl-thread1] INFO  server.RaftServerConfigKeys (ConfUtils.java:logGet(46)) - raft.server.snapshot.trigger-when-stop.enabled = true (default)
2024-10-11 22:06:56,094 [s2-impl-thread1] INFO  server.RaftServerConfigKeys (ConfUtils.java:logGet(46)) - raft.server.snapshot.trigger-when-remove.enabled = true (default)
2024-10-11 22:06:56,094 [s2-impl-thread1] INFO  server.RaftServerConfigKeys (ConfUtils.java:logGet(46)) - raft.server.snapshot.auto.trigger.enabled = false (default)
2024-10-11 22:06:56,094 [s2-impl-thread1] INFO  server.RaftServerConfigKeys (ConfUtils.java:logGet(46)) - raft.server.snapshot.retention.file.num = -1 (default)
2024-10-11 22:06:56,094 [s2-impl-thread1] INFO  server.RaftServerConfigKeys (ConfUtils.java:logGet(46)) - raft.server.log.purge.upto.snapshot.index = false (default)
2024-10-11 22:06:56,094 [s2-impl-thread1] INFO  server.RaftServer$Division (RaftServerImpl.java:start(407)) - s2@group-139FF0DD8ED4: Successfully started.
2024-10-11 22:06:56,094 [main] INFO  server.RaftServer (RaftServerProxy.java:startImpl(408)) - s2: start RPC server
2024-10-11 22:06:56,095 [main] INFO  server.GrpcService (GrpcService.java:startImpl(341)) - s2: GrpcService started, listening on 15350
2024-10-11 22:06:56,095 [main] INFO  server.GrpcService (GrpcService.java:startImpl(341)) - s2: GrpcService started, listening on 15348
2024-10-11 22:06:56,095 [main] INFO  server.GrpcService (GrpcService.java:startImpl(341)) - s2: GrpcService started, listening on 15349
2024-10-11 22:06:56,096 [JvmPauseMonitor87] INFO  util.JvmPauseMonitor (JvmPauseMonitor.java:run(146)) - JvmPauseMonitor-s2: Started
2024-10-11 22:06:56,096 [main] INFO  server.RaftServerConfigKeys (ConfUtils.java:logGet(46)) - raft.server.rpc.timeout.max = 300ms (default)
2024-10-11 22:06:56,096 [main] INFO  ratis.RaftTestUtil (RaftTestUtil.java:waitForLeader(107)) - printing ALL groups
  s0:  RUNNING  FOLLOWER s0@group-139FF0DD8ED4:t0, leader=null, voted=, raftlog=Memoized:s0@group-139FF0DD8ED4-SegmentedRaftLog:OPENED:c-1:lastnull, conf=conf: {index: -1, cur=peers:[s0|localhost:15340, s1|localhost:15344, s2|localhost:15348]|listeners:[], old=null} RUNNING
  s1:  RUNNING  FOLLOWER s1@group-139FF0DD8ED4:t0, leader=null, voted=, raftlog=Memoized:s1@group-139FF0DD8ED4-SegmentedRaftLog:OPENED:c-1:lastnull, conf=conf: {index: -1, cur=peers:[s0|localhost:15340, s1|localhost:15344, s2|localhost:15348]|listeners:[], old=null} RUNNING
  s2:  RUNNING  FOLLOWER s2@group-139FF0DD8ED4:t0, leader=null, voted=, raftlog=Memoized:s2@group-139FF0DD8ED4-SegmentedRaftLog:OPENED:c-1:lastnull, conf=conf: {index: -1, cur=peers:[s0|localhost:15340, s1|localhost:15344, s2|localhost:15348]|listeners:[], old=null} RUNNING
2024-10-11 22:06:56,097 [main] WARN  ratis.RaftTestUtil (RaftTestUtil.java:lambda$waitForLeader$3(126)) - Attempt #1 failed: java.lang.IllegalStateException: No leader yet : printing ALL groups
  s0:  RUNNING  FOLLOWER s0@group-139FF0DD8ED4:t0, leader=null, voted=, raftlog=Memoized:s0@group-139FF0DD8ED4-SegmentedRaftLog:OPENED:c-1:lastnull, conf=conf: {index: -1, cur=peers:[s0|localhost:15340, s1|localhost:15344, s2|localhost:15348]|listeners:[], old=null} RUNNING
  s1:  RUNNING  FOLLOWER s1@group-139FF0DD8ED4:t0, leader=null, voted=, raftlog=Memoized:s1@group-139FF0DD8ED4-SegmentedRaftLog:OPENED:c-1:lastnull, conf=conf: {index: -1, cur=peers:[s0|localhost:15340, s1|localhost:15344, s2|localhost:15348]|listeners:[], old=null} RUNNING
  s2:  RUNNING  FOLLOWER s2@group-139FF0DD8ED4:t0, leader=null, voted=, raftlog=Memoized:s2@group-139FF0DD8ED4-SegmentedRaftLog:OPENED:c-1:lastnull, conf=conf: {index: -1, cur=peers:[s0|localhost:15340, s1|localhost:15344, s2|localhost:15348]|listeners:[], old=null} RUNNING
2024-10-11 22:06:56,252 [s2@group-139FF0DD8ED4-FollowerState] INFO  impl.FollowerState (FollowerState.java:runImpl(161)) - s2@group-139FF0DD8ED4-FollowerState: change to CANDIDATE, lastRpcElapsedTime:159449726ns, electionTimeout:159ms
2024-10-11 22:06:56,253 [s2@group-139FF0DD8ED4-FollowerState] INFO  impl.RoleInfo (RoleInfo.java:shutdownFollowerState(121)) - s2: shutdown s2@group-139FF0DD8ED4-FollowerState
2024-10-11 22:06:56,253 [s2@group-139FF0DD8ED4-FollowerState] INFO  server.RaftServer$Division (RaftServerImpl.java:setRole(380)) - s2@group-139FF0DD8ED4: changes role from  FOLLOWER to CANDIDATE at term 0 for changeToCandidate
2024-10-11 22:06:56,253 [s2@group-139FF0DD8ED4-FollowerState] INFO  server.RaftServerConfigKeys (ConfUtils.java:logGet(46)) - raft.server.leaderelection.pre-vote = true (default)
2024-10-11 22:06:56,253 [s2@group-139FF0DD8ED4-FollowerState] INFO  impl.RoleInfo (RoleInfo.java:updateAndGet(148)) - s2: start s2@group-139FF0DD8ED4-LeaderElection93
2024-10-11 22:06:56,253 [s2@group-139FF0DD8ED4-LeaderElection93] INFO  impl.LeaderElection (LeaderElection.java:askForVotes(333)) - s2@group-139FF0DD8ED4-LeaderElection93 PRE_VOTE round 0: submit vote requests at term 0 for conf: {index: -1, cur=peers:[s0|localhost:15340, s1|localhost:15344, s2|localhost:15348]|listeners:[], old=null}
2024-10-11 22:06:56,254 [s2@group-139FF0DD8ED4-LeaderElection93] INFO  server.RaftServerConfigKeys (ConfUtils.java:logFallback(53)) - raft.server.rpc.first-election.timeout.min = 150ms (fallback to raft.server.rpc.timeout.min)
2024-10-11 22:06:56,254 [s2@group-139FF0DD8ED4-LeaderElection93-1] INFO  server.GrpcServerProtocolClient (GrpcServerProtocolClient.java:<init>(65)) - Build channel for s0|localhost:15340
2024-10-11 22:06:56,254 [s2@group-139FF0DD8ED4-LeaderElection93-2] INFO  server.GrpcServerProtocolClient (GrpcServerProtocolClient.java:<init>(65)) - Build channel for s1|localhost:15344
2024-10-11 22:06:56,254 [s2@group-139FF0DD8ED4-LeaderElection93] INFO  server.RaftServerConfigKeys (ConfUtils.java:logFallback(53)) - raft.server.rpc.first-election.timeout.max = 300ms (fallback to raft.server.rpc.timeout.max)
2024-10-11 22:06:56,256 [s0@group-139FF0DD8ED4-FollowerState] INFO  impl.FollowerState (FollowerState.java:runImpl(161)) - s0@group-139FF0DD8ED4-FollowerState: change to CANDIDATE, lastRpcElapsedTime:189782946ns, electionTimeout:184ms
2024-10-11 22:06:56,257 [s0@group-139FF0DD8ED4-FollowerState] INFO  impl.RoleInfo (RoleInfo.java:shutdownFollowerState(121)) - s0: shutdown s0@group-139FF0DD8ED4-FollowerState
2024-10-11 22:06:56,257 [s0@group-139FF0DD8ED4-FollowerState] INFO  server.RaftServer$Division (RaftServerImpl.java:setRole(380)) - s0@group-139FF0DD8ED4: changes role from  FOLLOWER to CANDIDATE at term 0 for changeToCandidate
2024-10-11 22:06:56,257 [s0@group-139FF0DD8ED4-FollowerState] INFO  server.RaftServerConfigKeys (ConfUtils.java:logGet(46)) - raft.server.leaderelection.pre-vote = true (default)
2024-10-11 22:06:56,257 [s0@group-139FF0DD8ED4-FollowerState] INFO  impl.RoleInfo (RoleInfo.java:updateAndGet(148)) - s0: start s0@group-139FF0DD8ED4-LeaderElection94
2024-10-11 22:06:56,257 [s0@group-139FF0DD8ED4-LeaderElection94] INFO  impl.LeaderElection (LeaderElection.java:askForVotes(333)) - s0@group-139FF0DD8ED4-LeaderElection94 PRE_VOTE round 0: submit vote requests at term 0 for conf: {index: -1, cur=peers:[s0|localhost:15340, s1|localhost:15344, s2|localhost:15348]|listeners:[], old=null}
2024-10-11 22:06:56,257 [s0@group-139FF0DD8ED4-LeaderElection94-1] INFO  server.GrpcServerProtocolClient (GrpcServerProtocolClient.java:<init>(65)) - Build channel for s1|localhost:15344
2024-10-11 22:06:56,258 [s0@group-139FF0DD8ED4-LeaderElection94] INFO  server.RaftServerConfigKeys (ConfUtils.java:logFallback(53)) - raft.server.rpc.first-election.timeout.min = 150ms (fallback to raft.server.rpc.timeout.min)
2024-10-11 22:06:56,258 [s0@group-139FF0DD8ED4-LeaderElection94] INFO  server.RaftServerConfigKeys (ConfUtils.java:logFallback(53)) - raft.server.rpc.first-election.timeout.max = 300ms (fallback to raft.server.rpc.timeout.max)
2024-10-11 22:06:56,258 [s0@group-139FF0DD8ED4-LeaderElection94-2] INFO  server.GrpcServerProtocolClient (GrpcServerProtocolClient.java:<init>(65)) - Build channel for s2|localhost:15348
2024-10-11 22:06:56,265 [grpc-default-executor-0] INFO  server.RaftServer$Division (RaftServerImpl.java:requestVote(1447)) - s2@group-139FF0DD8ED4: receive requestVote(PRE_VOTE, s0, group-139FF0DD8ED4, 0, (t:0, i:0))
2024-10-11 22:06:56,266 [grpc-default-executor-0] INFO  impl.VoteContext (VoteContext.java:log(49)) - s2@group-139FF0DD8ED4-CANDIDATE: accept PRE_VOTE from s0: our priority 0 <= candidate's priority 0
2024-10-11 22:06:56,266 [grpc-default-executor-0] INFO  server.RaftServer$Division (RaftServerImpl.java:requestVote(1480)) - s2@group-139FF0DD8ED4 replies to PRE_VOTE vote request: s0<-s2#0:OK-t0. Peer's state: s2@group-139FF0DD8ED4:t0, leader=null, voted=, raftlog=Memoized:s2@group-139FF0DD8ED4-SegmentedRaftLog:OPENED:c-1:lastnull, conf=conf: {index: -1, cur=peers:[s0|localhost:15340, s1|localhost:15344, s2|localhost:15348]|listeners:[], old=null}
2024-10-11 22:06:56,267 [grpc-default-executor-2] INFO  server.RaftServer$Division (RaftServerImpl.java:requestVote(1447)) - s0@group-139FF0DD8ED4: receive requestVote(PRE_VOTE, s2, group-139FF0DD8ED4, 0, (t:0, i:0))
2024-10-11 22:06:56,267 [grpc-default-executor-2] INFO  impl.VoteContext (VoteContext.java:log(49)) - s0@group-139FF0DD8ED4-CANDIDATE: accept PRE_VOTE from s2: our priority 0 <= candidate's priority 0
2024-10-11 22:06:56,268 [grpc-default-executor-2] INFO  server.RaftServer$Division (RaftServerImpl.java:requestVote(1480)) - s0@group-139FF0DD8ED4 replies to PRE_VOTE vote request: s2<-s0#0:OK-t0. Peer's state: s0@group-139FF0DD8ED4:t0, leader=null, voted=, raftlog=Memoized:s0@group-139FF0DD8ED4-SegmentedRaftLog:OPENED:c-1:lastnull, conf=conf: {index: -1, cur=peers:[s0|localhost:15340, s1|localhost:15344, s2|localhost:15348]|listeners:[], old=null}
2024-10-11 22:06:56,271 [s0@group-139FF0DD8ED4-LeaderElection94] INFO  impl.LeaderElection (LeaderElection.java:logAndReturn(90)) - s0@group-139FF0DD8ED4-LeaderElection94: PRE_VOTE PASSED received 1 response(s) and 0 exception(s):
2024-10-11 22:06:56,271 [s0@group-139FF0DD8ED4-LeaderElection94] INFO  impl.LeaderElection (LeaderElection.java:logAndReturn(94)) -   Response 0: s0<-s2#0:OK-t0
2024-10-11 22:06:56,271 [s0@group-139FF0DD8ED4-LeaderElection94] INFO  impl.LeaderElection (LeaderElection.java:askForVotes(335)) - s0@group-139FF0DD8ED4-LeaderElection94 PRE_VOTE round 0: result PASSED
2024-10-11 22:06:56,271 [s0@group-139FF0DD8ED4-LeaderElection94] TRACE util.FileUtils (LogUtils.java:supplyAndLog(69)) - Successfully supplied FileChannel.open /home/runner/work/ratis/ratis/ratis-test/target/test/data/30a65e24/MiniRaftClusterWithGrpcff34dc0d/s0/8a328bcf-f5cd-48f8-aa5b-139ff0dd8ed4/current/raft-meta.tmp with options [CREATE, WRITE]: sun.nio.ch.FileChannelImpl@6520aab5
2024-10-11 22:06:56,272 [s2@group-139FF0DD8ED4-LeaderElection93] INFO  impl.LeaderElection (LeaderElection.java:logAndReturn(90)) - s2@group-139FF0DD8ED4-LeaderElection93: PRE_VOTE PASSED received 1 response(s) and 0 exception(s):
2024-10-11 22:06:56,272 [s2@group-139FF0DD8ED4-LeaderElection93] INFO  impl.LeaderElection (LeaderElection.java:logAndReturn(94)) -   Response 0: s2<-s0#0:OK-t0
2024-10-11 22:06:56,272 [s2@group-139FF0DD8ED4-LeaderElection93] INFO  impl.LeaderElection (LeaderElection.java:askForVotes(335)) - s2@group-139FF0DD8ED4-LeaderElection93 PRE_VOTE round 0: result PASSED
2024-10-11 22:06:56,272 [s2@group-139FF0DD8ED4-LeaderElection93] TRACE util.FileUtils (LogUtils.java:supplyAndLog(69)) - Successfully supplied FileChannel.open /home/runner/work/ratis/ratis/ratis-test/target/test/data/30a65e24/MiniRaftClusterWithGrpcff34dc0d/s2/8a328bcf-f5cd-48f8-aa5b-139ff0dd8ed4/current/raft-meta.tmp with options [CREATE, WRITE]: sun.nio.ch.FileChannelImpl@33bb0c2d
2024-10-11 22:06:56,272 [grpc-default-executor-1] INFO  server.RaftServer$Division (RaftServerImpl.java:requestVote(1447)) - s1@group-139FF0DD8ED4: receive requestVote(PRE_VOTE, s2, group-139FF0DD8ED4, 0, (t:0, i:0))
2024-10-11 22:06:56,272 [grpc-default-executor-1] INFO  impl.VoteContext (VoteContext.java:log(49)) - s1@group-139FF0DD8ED4-FOLLOWER: accept PRE_VOTE from s2: our priority 0 <= candidate's priority 0
2024-10-11 22:06:56,272 [grpc-default-executor-1] INFO  server.RaftServer$Division (RaftServerImpl.java:requestVote(1480)) - s1@group-139FF0DD8ED4 replies to PRE_VOTE vote request: s2<-s1#0:OK-t0. Peer's state: s1@group-139FF0DD8ED4:t0, leader=null, voted=, raftlog=Memoized:s1@group-139FF0DD8ED4-SegmentedRaftLog:OPENED:c-1:lastnull, conf=conf: {index: -1, cur=peers:[s0|localhost:15340, s1|localhost:15344, s2|localhost:15348]|listeners:[], old=null}
2024-10-11 22:06:56,273 [s0@group-139FF0DD8ED4-LeaderElection94] TRACE util.FileUtils (LogUtils.java:runAndLog(49)) - Successfully ran Atomic Files.move /home/runner/work/ratis/ratis/ratis-test/target/test/data/30a65e24/MiniRaftClusterWithGrpcff34dc0d/s0/8a328bcf-f5cd-48f8-aa5b-139ff0dd8ed4/current/raft-meta.tmp to /home/runner/work/ratis/ratis/ratis-test/target/test/data/30a65e24/MiniRaftClusterWithGrpcff34dc0d/s0/8a328bcf-f5cd-48f8-aa5b-139ff0dd8ed4/current/raft-meta with options [REPLACE_EXISTING]
2024-10-11 22:06:56,273 [s0@group-139FF0DD8ED4-LeaderElection94] INFO  impl.LeaderElection (LeaderElection.java:askForVotes(333)) - s0@group-139FF0DD8ED4-LeaderElection94 ELECTION round 0: submit vote requests at term 1 for conf: {index: -1, cur=peers:[s0|localhost:15340, s1|localhost:15344, s2|localhost:15348]|listeners:[], old=null}
2024-10-11 22:06:56,273 [s2@group-139FF0DD8ED4-LeaderElection93] TRACE util.FileUtils (LogUtils.java:runAndLog(49)) - Successfully ran Atomic Files.move /home/runner/work/ratis/ratis/ratis-test/target/test/data/30a65e24/MiniRaftClusterWithGrpcff34dc0d/s2/8a328bcf-f5cd-48f8-aa5b-139ff0dd8ed4/current/raft-meta.tmp to /home/runner/work/ratis/ratis/ratis-test/target/test/data/30a65e24/MiniRaftClusterWithGrpcff34dc0d/s2/8a328bcf-f5cd-48f8-aa5b-139ff0dd8ed4/current/raft-meta with options [REPLACE_EXISTING]
2024-10-11 22:06:56,274 [s2@group-139FF0DD8ED4-LeaderElection93] INFO  impl.LeaderElection (LeaderElection.java:askForVotes(333)) - s2@group-139FF0DD8ED4-LeaderElection93 ELECTION round 0: submit vote requests at term 1 for conf: {index: -1, cur=peers:[s0|localhost:15340, s1|localhost:15344, s2|localhost:15348]|listeners:[], old=null}
2024-10-11 22:06:56,277 [grpc-default-executor-1] INFO  server.RaftServer$Division (RaftServerImpl.java:requestVote(1447)) - s1@group-139FF0DD8ED4: receive requestVote(ELECTION, s0, group-139FF0DD8ED4, 1, (t:0, i:0))
2024-10-11 22:06:56,277 [grpc-default-executor-1] INFO  impl.VoteContext (VoteContext.java:log(49)) - s1@group-139FF0DD8ED4-FOLLOWER: accept ELECTION from s0: our priority 0 <= candidate's priority 0
2024-10-11 22:06:56,277 [grpc-default-executor-1] INFO  server.RaftServer$Division (RaftServerImpl.java:setRole(380)) - s1@group-139FF0DD8ED4: changes role from  FOLLOWER to FOLLOWER at term 0 for candidate:s0
2024-10-11 22:06:56,277 [s2@group-139FF0DD8ED4-LeaderElection93] INFO  server.RaftServerConfigKeys (ConfUtils.java:logFallback(53)) - raft.server.rpc.first-election.timeout.min = 150ms (fallback to raft.server.rpc.timeout.min)
2024-10-11 22:06:56,277 [grpc-default-executor-1] INFO  impl.RoleInfo (RoleInfo.java:shutdownFollowerState(121)) - s1: shutdown s1@group-139FF0DD8ED4-FollowerState
2024-10-11 22:06:56,277 [s2@group-139FF0DD8ED4-LeaderElection93] INFO  server.RaftServerConfigKeys (ConfUtils.java:logFallback(53)) - raft.server.rpc.first-election.timeout.max = 300ms (fallback to raft.server.rpc.timeout.max)
2024-10-11 22:06:56,277 [s1@group-139FF0DD8ED4-FollowerState] INFO  impl.FollowerState (FollowerState.java:shouldRun(122)) - s1@group-139FF0DD8ED4-FollowerState: Stopping now (isRunning? false, role = FOLLOWER)
2024-10-11 22:06:56,277 [s0@group-139FF0DD8ED4-LeaderElection94] INFO  server.RaftServerConfigKeys (ConfUtils.java:logFallback(53)) - raft.server.rpc.first-election.timeout.min = 150ms (fallback to raft.server.rpc.timeout.min)
2024-10-11 22:06:56,278 [s0@group-139FF0DD8ED4-LeaderElection94] INFO  server.RaftServerConfigKeys (ConfUtils.java:logFallback(53)) - raft.server.rpc.first-election.timeout.max = 300ms (fallback to raft.server.rpc.timeout.max)
2024-10-11 22:06:56,278 [grpc-default-executor-1] INFO  impl.RoleInfo (RoleInfo.java:updateAndGet(148)) - s1: start s1@group-139FF0DD8ED4-FollowerState
2024-10-11 22:06:56,278 [grpc-default-executor-0] INFO  server.RaftServer$Division (RaftServerImpl.java:requestVote(1447)) - s0@group-139FF0DD8ED4: receive requestVote(ELECTION, s2, group-139FF0DD8ED4, 1, (t:0, i:0))
2024-10-11 22:06:56,278 [grpc-default-executor-0] INFO  impl.VoteContext (VoteContext.java:log(49)) - s0@group-139FF0DD8ED4-CANDIDATE: reject ELECTION from s2: already has voted for s0 at current term 1
2024-10-11 22:06:56,278 [grpc-default-executor-0] INFO  server.RaftServer$Division (RaftServerImpl.java:requestVote(1480)) - s0@group-139FF0DD8ED4 replies to ELECTION vote request: s2<-s0#0:FAIL-t1. Peer's state: s0@group-139FF0DD8ED4:t1, leader=null, voted=s0, raftlog=Memoized:s0@group-139FF0DD8ED4-SegmentedRaftLog:OPENED:c-1:lastnull, conf=conf: {index: -1, cur=peers:[s0|localhost:15340, s1|localhost:15344, s2|localhost:15348]|listeners:[], old=null}
2024-10-11 22:06:56,282 [grpc-default-executor-1] INFO  server.RaftServer$Division (RaftServerImpl.java:setFirstElection(564)) - s1@group-139FF0DD8ED4: set firstElectionSinceStartup to false for candidate:s0
2024-10-11 22:06:56,283 [grpc-default-executor-1] TRACE util.FileUtils (LogUtils.java:supplyAndLog(69)) - Successfully supplied FileChannel.open /home/runner/work/ratis/ratis/ratis-test/target/test/data/30a65e24/MiniRaftClusterWithGrpcff34dc0d/s1/8a328bcf-f5cd-48f8-aa5b-139ff0dd8ed4/current/raft-meta.tmp with options [CREATE, WRITE]: sun.nio.ch.FileChannelImpl@1125e37c
2024-10-11 22:06:56,284 [grpc-default-executor-1] TRACE util.FileUtils (LogUtils.java:runAndLog(49)) - Successfully ran Atomic Files.move /home/runner/work/ratis/ratis/ratis-test/target/test/data/30a65e24/MiniRaftClusterWithGrpcff34dc0d/s1/8a328bcf-f5cd-48f8-aa5b-139ff0dd8ed4/current/raft-meta.tmp to /home/runner/work/ratis/ratis/ratis-test/target/test/data/30a65e24/MiniRaftClusterWithGrpcff34dc0d/s1/8a328bcf-f5cd-48f8-aa5b-139ff0dd8ed4/current/raft-meta with options [REPLACE_EXISTING]
2024-10-11 22:06:56,284 [grpc-default-executor-1] INFO  server.RaftServer$Division (RaftServerImpl.java:requestVote(1480)) - s1@group-139FF0DD8ED4 replies to ELECTION vote request: s0<-s1#0:OK-t1. Peer's state: s1@group-139FF0DD8ED4:t1, leader=null, voted=s0, raftlog=Memoized:s1@group-139FF0DD8ED4-SegmentedRaftLog:OPENED:c-1:lastnull, conf=conf: {index: -1, cur=peers:[s0|localhost:15340, s1|localhost:15344, s2|localhost:15348]|listeners:[], old=null}
2024-10-11 22:06:56,285 [s0@group-139FF0DD8ED4-LeaderElection94] INFO  impl.LeaderElection (LeaderElection.java:logAndReturn(90)) - s0@group-139FF0DD8ED4-LeaderElection94: ELECTION PASSED received 1 response(s) and 0 exception(s):
2024-10-11 22:06:56,285 [s0@group-139FF0DD8ED4-LeaderElection94] INFO  impl.LeaderElection (LeaderElection.java:logAndReturn(94)) -   Response 0: s0<-s1#0:OK-t1
2024-10-11 22:06:56,285 [grpc-default-executor-2] INFO  server.RaftServer$Division (RaftServerImpl.java:requestVote(1447)) - s1@group-139FF0DD8ED4: receive requestVote(ELECTION, s2, group-139FF0DD8ED4, 1, (t:0, i:0))
2024-10-11 22:06:56,285 [grpc-default-executor-2] INFO  impl.VoteContext (VoteContext.java:log(49)) - s1@group-139FF0DD8ED4-FOLLOWER: reject ELECTION from s2: already has voted for s0 at current term 1
2024-10-11 22:06:56,285 [s0@group-139FF0DD8ED4-LeaderElection94] INFO  impl.LeaderElection (LeaderElection.java:askForVotes(335)) - s0@group-139FF0DD8ED4-LeaderElection94 ELECTION round 0: result PASSED
2024-10-11 22:06:56,285 [s0@group-139FF0DD8ED4-LeaderElection94] INFO  impl.RoleInfo (RoleInfo.java:shutdownLeaderElection(141)) - s0: shutdown s0@group-139FF0DD8ED4-LeaderElection94
2024-10-11 22:06:56,286 [s0@group-139FF0DD8ED4-LeaderElection94] INFO  server.RaftServer$Division (RaftServerImpl.java:setRole(380)) - s0@group-139FF0DD8ED4: changes role from CANDIDATE to LEADER at term 1 for changeToLeader
2024-10-11 22:06:56,286 [s0@group-139FF0DD8ED4-LeaderElection94] INFO  server.RaftServerConfigKeys (ConfUtils.java:logGet(46)) - raft.server.staging.catchup.gap = 1000 (default)
2024-10-11 22:06:56,286 [s0@group-139FF0DD8ED4-LeaderElection94] INFO  server.RaftServerConfigKeys (ConfUtils.java:logGet(46)) - raft.server.write.element-limit = 4096 (default)
2024-10-11 22:06:56,286 [s0@group-139FF0DD8ED4-LeaderElection94] INFO  server.RaftServerConfigKeys (ConfUtils.java:logGet(46)) - raft.server.write.byte-limit = 64MB (=67108864) (default)
2024-10-11 22:06:56,286 [s0@group-139FF0DD8ED4-LeaderElection94] INFO  server.RaftServerConfigKeys (ConfUtils.java:logGet(46)) - raft.server.watch.timeout = 10s (default)
2024-10-11 22:06:56,286 [s0@group-139FF0DD8ED4-LeaderElection94] INFO  server.RaftServerConfigKeys (ConfUtils.java:logGet(46)) - raft.server.watch.timeout.denomination = 1s (default)
2024-10-11 22:06:56,286 [s0@group-139FF0DD8ED4-LeaderElection94] INFO  server.RaftServerConfigKeys (ConfUtils.java:logGet(46)) - raft.server.watch.element-limit = 65536 (default)
2024-10-11 22:06:56,286 [s0@group-139FF0DD8ED4-LeaderElection94] INFO  server.RaftServerConfigKeys (ConfUtils.java:logGet(46)) - raft.server.read.leader.lease.enabled = true (custom)
2024-10-11 22:06:56,286 [s0@group-139FF0DD8ED4-LeaderElection94] INFO  server.RaftServerConfigKeys (ConfUtils.java:logGet(46)) - raft.server.read.leader.lease.timeout.ratio = 0.5 (custom)
2024-10-11 22:06:56,286 [s0@group-139FF0DD8ED4-LeaderElection94] INFO  server.RaftServerConfigKeys (ConfUtils.java:logGet(46)) - raft.server.rpc.timeout.min = 150ms (default)
2024-10-11 22:06:56,286 [s0@group-139FF0DD8ED4-LeaderElection94] INFO  server.RaftServerConfigKeys (ConfUtils.java:logGet(46)) - raft.server.log.log-metadata.enabled = true (default)
2024-10-11 22:06:56,286 [s0@group-139FF0DD8ED4-LeaderElection94] INFO  server.RaftServerConfigKeys (ConfUtils.java:logGet(46)) - raft.server.write.element-limit = 4096 (default)
2024-10-11 22:06:56,286 [s0@group-139FF0DD8ED4-LeaderElection94] INFO  server.RaftServerConfigKeys (ConfUtils.java:logGet(46)) - raft.server.write.follower.gap.ratio.max = -1.0 (default)
2024-10-11 22:06:56,285 [grpc-default-executor-1] INFO  server.RaftServer$Division (RaftServerImpl.java:requestVote(1447)) - s2@group-139FF0DD8ED4: receive requestVote(ELECTION, s0, group-139FF0DD8ED4, 1, (t:0, i:0))
2024-10-11 22:06:56,287 [s0@group-139FF0DD8ED4-LeaderElection94] INFO  server.RaftServerConfigKeys (ConfUtils.java:logGet(46)) - raft.server.log.appender.snapshot.chunk.size.max = 16MB (=16777216) (default)
2024-10-11 22:06:56,287 [s0@group-139FF0DD8ED4-LeaderElection94] INFO  server.RaftServerConfigKeys (ConfUtils.java:logGet(46)) - raft.server.log.appender.buffer.byte-limit = 4MB (=4194304) (default)
2024-10-11 22:06:56,287 [s0@group-139FF0DD8ED4-LeaderElection94] INFO  server.RaftServerConfigKeys (ConfUtils.java:logGet(46)) - raft.server.log.appender.buffer.element-limit = 0 (default)
2024-10-11 22:06:56,287 [s0@group-139FF0DD8ED4-LeaderElection94] INFO  server.RaftServerConfigKeys (ConfUtils.java:logGet(46)) - raft.server.log.appender.wait-time.min = 1ms (default)
2024-10-11 22:06:56,287 [s0@group-139FF0DD8ED4-LeaderElection94] INFO  grpc.GrpcConfigKeys (ConfUtils.java:logGet(46)) - raft.grpc.server.leader.outstanding.appends.max = 8 (default)
2024-10-11 22:06:56,287 [s0@group-139FF0DD8ED4-LeaderElection94] INFO  server.RaftServerConfigKeys (ConfUtils.java:logGet(46)) - raft.server.rpc.request.timeout = 3000ms (default)
2024-10-11 22:06:56,287 [s0@group-139FF0DD8ED4-LeaderElection94] INFO  grpc.GrpcConfigKeys (ConfUtils.java:logGet(46)) - raft.grpc.server.install_snapshot.request.element-limit = 8 (default)
2024-10-11 22:06:56,287 [s0@group-139FF0DD8ED4-LeaderElection94] INFO  grpc.GrpcConfigKeys (ConfUtils.java:logGet(46)) - raft.grpc.server.install_snapshot.request.timeout = 3000ms (default)
2024-10-11 22:06:56,287 [s0@group-139FF0DD8ED4-LeaderElection94] INFO  grpc.GrpcConfigKeys (ConfUtils.java:logGet(46)) - raft.grpc.server.log-message.batch.duration = 5s (default)
2024-10-11 22:06:56,287 [s0@group-139FF0DD8ED4-LeaderElection94] INFO  server.RaftServerConfigKeys (ConfUtils.java:logGet(46)) - raft.server.log.appender.install.snapshot.enabled = true (default)
2024-10-11 22:06:56,287 [s0@group-139FF0DD8ED4-LeaderElection94] INFO  grpc.GrpcConfigKeys (ConfUtils.java:logGet(46)) - raft.grpc.server.heartbeat.channel = true (default)
2024-10-11 22:06:56,288 [s0@group-139FF0DD8ED4-LeaderElection94] INFO  server.RaftServerConfigKeys (ConfUtils.java:logGet(46)) - raft.server.log.appender.snapshot.chunk.size.max = 16MB (=16777216) (default)
2024-10-11 22:06:56,288 [s0@group-139FF0DD8ED4-LeaderElection94] INFO  server.RaftServerConfigKeys (ConfUtils.java:logGet(46)) - raft.server.log.appender.buffer.byte-limit = 4MB (=4194304) (default)
2024-10-11 22:06:56,288 [s0@group-139FF0DD8ED4-LeaderElection94] INFO  server.RaftServerConfigKeys (ConfUtils.java:logGet(46)) - raft.server.log.appender.buffer.element-limit = 0 (default)
2024-10-11 22:06:56,288 [s0@group-139FF0DD8ED4-LeaderElection94] INFO  server.RaftServerConfigKeys (ConfUtils.java:logGet(46)) - raft.server.log.appender.wait-time.min = 1ms (default)
2024-10-11 22:06:56,288 [s0@group-139FF0DD8ED4-LeaderElection94] INFO  grpc.GrpcConfigKeys (ConfUtils.java:logGet(46)) - raft.grpc.server.leader.outstanding.appends.max = 8 (default)
2024-10-11 22:06:56,288 [s0@group-139FF0DD8ED4-LeaderElection94] INFO  server.RaftServerConfigKeys (ConfUtils.java:logGet(46)) - raft.server.rpc.request.timeout = 3000ms (default)
2024-10-11 22:06:56,288 [s0@group-139FF0DD8ED4-LeaderElection94] INFO  grpc.GrpcConfigKeys (ConfUtils.java:logGet(46)) - raft.grpc.server.install_snapshot.request.element-limit = 8 (default)
2024-10-11 22:06:56,288 [s0@group-139FF0DD8ED4-LeaderElection94] INFO  grpc.GrpcConfigKeys (ConfUtils.java:logGet(46)) - raft.grpc.server.install_snapshot.request.timeout = 3000ms (default)
2024-10-11 22:06:56,288 [s0@group-139FF0DD8ED4-LeaderElection94] INFO  grpc.GrpcConfigKeys (ConfUtils.java:logGet(46)) - raft.grpc.server.log-message.batch.duration = 5s (default)
2024-10-11 22:06:56,288 [s0@group-139FF0DD8ED4-LeaderElection94] INFO  server.RaftServerConfigKeys (ConfUtils.java:logGet(46)) - raft.server.log.appender.install.snapshot.enabled = true (default)
2024-10-11 22:06:56,288 [s0@group-139FF0DD8ED4-LeaderElection94] INFO  grpc.GrpcConfigKeys (ConfUtils.java:logGet(46)) - raft.grpc.server.heartbeat.channel = true (default)
2024-10-11 22:06:56,289 [s0@group-139FF0DD8ED4-LeaderElection94] INFO  impl.RoleInfo (RoleInfo.java:updateAndGet(148)) - s0: start s0@group-139FF0DD8ED4-LeaderStateImpl
2024-10-11 22:06:56,289 [s0@group-139FF0DD8ED4-LeaderElection94] INFO  server.RaftServer$Division (RaftServerImpl.java:setFirstElection(564)) - s0@group-139FF0DD8ED4: set firstElectionSinceStartup to false for becomeLeader
2024-10-11 22:06:56,289 [s0@group-139FF0DD8ED4-LeaderElection94] INFO  server.RaftServer$Division (ServerState.java:setLeader(272)) - s0@group-139FF0DD8ED4: change Leader from null to s0 at term 1 for becomeLeader, leader elected after 241ms
2024-10-11 22:06:56,289 [s0@group-139FF0DD8ED4-LeaderElection94] INFO  segmented.SegmentedRaftLogWorker (SegmentedRaftLogWorker.java:startLogSegment(442)) - s0@group-139FF0DD8ED4-SegmentedRaftLogWorker: Starting segment from index:0
2024-10-11 22:06:56,285 [grpc-default-executor-2] INFO  server.RaftServer$Division (RaftServerImpl.java:requestVote(1480)) - s1@group-139FF0DD8ED4 replies to ELECTION vote request: s2<-s1#0:FAIL-t1. Peer's state: s1@group-139FF0DD8ED4:t1, leader=null, voted=s0, raftlog=Memoized:s1@group-139FF0DD8ED4-SegmentedRaftLog:OPENED:c-1:lastnull, conf=conf: {index: -1, cur=peers:[s0|localhost:15340, s1|localhost:15344, s2|localhost:15348]|listeners:[], old=null}
2024-10-11 22:06:56,287 [grpc-default-executor-1] INFO  impl.VoteContext (VoteContext.java:log(49)) - s2@group-139FF0DD8ED4-CANDIDATE: reject ELECTION from s0: already has voted for s2 at current term 1
2024-10-11 22:06:56,289 [grpc-default-executor-1] INFO  server.RaftServer$Division (RaftServerImpl.java:requestVote(1480)) - s2@group-139FF0DD8ED4 replies to ELECTION vote request: s0<-s2#0:FAIL-t1. Peer's state: s2@group-139FF0DD8ED4:t1, leader=null, voted=s2, raftlog=Memoized:s2@group-139FF0DD8ED4-SegmentedRaftLog:OPENED:c-1:lastnull, conf=conf: {index: -1, cur=peers:[s0|localhost:15340, s1|localhost:15344, s2|localhost:15348]|listeners:[], old=null}
2024-10-11 22:06:56,289 [s0@group-139FF0DD8ED4-SegmentedRaftLogWorker] INFO  segmented.BufferedWriteChannel (BufferedWriteChannel.java:open(61)) - open log_inprogress_0 at position 0
2024-10-11 22:06:56,290 [s0@group-139FF0DD8ED4-LeaderElection94] INFO  server.RaftServer$Division (ServerState.java:setRaftConf(386)) - s0@group-139FF0DD8ED4: set configuration conf: {index: 0, cur=peers:[s0|localhost:15340, s1|localhost:15344, s2|localhost:15348]|listeners:[], old=null}
2024-10-11 22:06:56,290 [s2@group-139FF0DD8ED4-LeaderElection93] INFO  impl.LeaderElection (LeaderElection.java:logAndReturn(90)) - s2@group-139FF0DD8ED4-LeaderElection93: ELECTION REJECTED received 2 response(s) and 0 exception(s):
2024-10-11 22:06:56,291 [s2@group-139FF0DD8ED4-LeaderElection93] INFO  impl.LeaderElection (LeaderElection.java:logAndReturn(94)) -   Response 0: s2<-s0#0:FAIL-t1
2024-10-11 22:06:56,291 [s2@group-139FF0DD8ED4-LeaderElection93] INFO  impl.LeaderElection (LeaderElection.java:logAndReturn(94)) -   Response 1: s2<-s1#0:FAIL-t1
2024-10-11 22:06:56,301 [s0@group-139FF0DD8ED4-SegmentedRaftLogWorker] INFO  segmented.SegmentedRaftLogWorker (SegmentedRaftLogWorker.java:execute(663)) - s0@group-139FF0DD8ED4-SegmentedRaftLogWorker: created new log segment /home/runner/work/ratis/ratis/ratis-test/target/test/data/30a65e24/MiniRaftClusterWithGrpcff34dc0d/s0/8a328bcf-f5cd-48f8-aa5b-139ff0dd8ed4/current/log_inprogress_0
2024-10-11 22:06:56,303 [s2@group-139FF0DD8ED4-LeaderElection93] INFO  impl.LeaderElection (LeaderElection.java:askForVotes(335)) - s2@group-139FF0DD8ED4-LeaderElection93 ELECTION round 0: result REJECTED
2024-10-11 22:06:56,303 [s2@group-139FF0DD8ED4-LeaderElection93] INFO  server.RaftServer$Division (RaftServerImpl.java:setRole(380)) - s2@group-139FF0DD8ED4: changes role from CANDIDATE to FOLLOWER at term 1 for REJECTED
2024-10-11 22:06:56,303 [s2@group-139FF0DD8ED4-LeaderElection93] INFO  impl.RoleInfo (RoleInfo.java:shutdownLeaderElection(141)) - s2: shutdown s2@group-139FF0DD8ED4-LeaderElection93
2024-10-11 22:06:56,303 [s1-server-thread1] INFO  server.RaftServer$Division (ServerState.java:setLeader(272)) - s1@group-139FF0DD8ED4: change Leader from null to s0 at term 1 for appendEntries, leader elected after 248ms
2024-10-11 22:06:56,305 [s2@group-139FF0DD8ED4-LeaderElection93] INFO  impl.RoleInfo (RoleInfo.java:updateAndGet(148)) - s2: start s2@group-139FF0DD8ED4-FollowerState
2024-10-11 22:06:56,305 [s2@group-139FF0DD8ED4-LeaderElection93] INFO  server.RaftServer$Division (RaftServerImpl.java:setFirstElection(564)) - s2@group-139FF0DD8ED4: set firstElectionSinceStartup to false for REJECTED
2024-10-11 22:06:56,305 [s2-server-thread1] INFO  server.RaftServer$Division (ServerState.java:setLeader(272)) - s2@group-139FF0DD8ED4: change Leader from null to s0 at term 1 for appendEntries, leader elected after 243ms
2024-10-11 22:06:56,307 [s1-server-thread3] DEBUG server.RaftServer$Division (RaftServerImpl.java:logAppendEntries(1549)) - s1@group-139FF0DD8ED4: appendEntries* s0->s1#1-t1,previous=(t:0, i:0),leaderCommit=-1,initializing? false,entries: size=1, first=(t:1, i:0), CONFIGURATIONENTRY(current:id:"s0"address:"localhost:15340"dataStreamAddress:"localhost:15343"clientAddress:"localhost:15342"adminAddress:"localhost:15341"startupRole:FOLLOWER, id:"s1"address:"localhost:15344"dataStreamAddress:"localhost:15347"clientAddress:"localhost:15346"adminAddress:"localhost:15345"startupRole:FOLLOWER, id:"s2"address:"localhost:15348"dataStreamAddress:"localhost:15351"clientAddress:"localhost:15350"adminAddress:"localhost:15349"startupRole:FOLLOWER, old:)
2024-10-11 22:06:56,307 [s1-server-thread3] INFO  server.RaftServer$Division (ServerState.java:setRaftConf(386)) - s1@group-139FF0DD8ED4: set configuration conf: {index: 0, cur=peers:[s0|localhost:15340, s1|localhost:15344, s2|localhost:15348]|listeners:[], old=null}
2024-10-11 22:06:56,307 [s1-server-thread3] INFO  segmented.SegmentedRaftLogWorker (SegmentedRaftLogWorker.java:startLogSegment(442)) - s1@group-139FF0DD8ED4-SegmentedRaftLogWorker: Starting segment from index:0
2024-10-11 22:06:56,308 [s1@group-139FF0DD8ED4-SegmentedRaftLogWorker] INFO  segmented.BufferedWriteChannel (BufferedWriteChannel.java:open(61)) - open log_inprogress_0 at position 0
2024-10-11 22:06:56,309 [s2-server-thread2] DEBUG server.RaftServer$Division (RaftServerImpl.java:logAppendEntries(1549)) - s2@group-139FF0DD8ED4: appendEntries* s0->s2#1-t1,previous=(t:0, i:0),leaderCommit=-1,initializing? false,entries: size=1, first=(t:1, i:0), CONFIGURATIONENTRY(current:id:"s0"address:"localhost:15340"dataStreamAddress:"localhost:15343"clientAddress:"localhost:15342"adminAddress:"localhost:15341"startupRole:FOLLOWER, id:"s1"address:"localhost:15344"dataStreamAddress:"localhost:15347"clientAddress:"localhost:15346"adminAddress:"localhost:15345"startupRole:FOLLOWER, id:"s2"address:"localhost:15348"dataStreamAddress:"localhost:15351"clientAddress:"localhost:15350"adminAddress:"localhost:15349"startupRole:FOLLOWER, old:)
2024-10-11 22:06:56,309 [s2-server-thread2] INFO  server.RaftServer$Division (ServerState.java:setRaftConf(386)) - s2@group-139FF0DD8ED4: set configuration conf: {index: 0, cur=peers:[s0|localhost:15340, s1|localhost:15344, s2|localhost:15348]|listeners:[], old=null}
2024-10-11 22:06:56,309 [s2-server-thread2] INFO  segmented.SegmentedRaftLogWorker (SegmentedRaftLogWorker.java:startLogSegment(442)) - s2@group-139FF0DD8ED4-SegmentedRaftLogWorker: Starting segment from index:0
2024-10-11 22:06:56,311 [s2@group-139FF0DD8ED4-SegmentedRaftLogWorker] INFO  segmented.BufferedWriteChannel (BufferedWriteChannel.java:open(61)) - open log_inprogress_0 at position 0
2024-10-11 22:06:56,323 [s1@group-139FF0DD8ED4-SegmentedRaftLogWorker] INFO  segmented.SegmentedRaftLogWorker (SegmentedRaftLogWorker.java:execute(663)) - s1@group-139FF0DD8ED4-SegmentedRaftLogWorker: created new log segment /home/runner/work/ratis/ratis/ratis-test/target/test/data/30a65e24/MiniRaftClusterWithGrpcff34dc0d/s1/8a328bcf-f5cd-48f8-aa5b-139ff0dd8ed4/current/log_inprogress_0
2024-10-11 22:06:56,324 [s2@group-139FF0DD8ED4-SegmentedRaftLogWorker] INFO  segmented.SegmentedRaftLogWorker (SegmentedRaftLogWorker.java:execute(663)) - s2@group-139FF0DD8ED4-SegmentedRaftLogWorker: created new log segment /home/runner/work/ratis/ratis/ratis-test/target/test/data/30a65e24/MiniRaftClusterWithGrpcff34dc0d/s2/8a328bcf-f5cd-48f8-aa5b-139ff0dd8ed4/current/log_inprogress_0
2024-10-11 22:06:56,324 [s2-server-thread3] DEBUG server.RaftServer$Division (RaftServerImpl.java:logAppendEntries(1549)) - s2@group-139FF0DD8ED4: appendEntries* reply s0<-s2#1:OK-t1,SUCCESS,nextIndex=1,followerCommit=-1,matchIndex=0
2024-10-11 22:06:56,325 [s0@group-139FF0DD8ED4-StateMachineUpdater] TRACE util.FileUtils (LogUtils.java:supplyAndLog(69)) - Successfully supplied FileChannel.open /home/runner/work/ratis/ratis/ratis-test/target/test/data/30a65e24/MiniRaftClusterWithGrpcff34dc0d/s0/8a328bcf-f5cd-48f8-aa5b-139ff0dd8ed4/current/raft-meta.conf.tmp with options [CREATE, WRITE]: sun.nio.ch.FileChannelImpl@f1001cf
2024-10-11 22:06:56,326 [s1-server-thread3] DEBUG server.RaftServer$Division (RaftServerImpl.java:logAppendEntries(1549)) - s1@group-139FF0DD8ED4: appendEntries* reply s0<-s1#1:OK-t1,SUCCESS,nextIndex=1,followerCommit=-1,matchIndex=0
2024-10-11 22:06:56,327 [s0@group-139FF0DD8ED4-StateMachineUpdater] TRACE util.FileUtils (LogUtils.java:runAndLog(49)) - Successfully ran Atomic Files.move /home/runner/work/ratis/ratis/ratis-test/target/test/data/30a65e24/MiniRaftClusterWithGrpcff34dc0d/s0/8a328bcf-f5cd-48f8-aa5b-139ff0dd8ed4/current/raft-meta.conf.tmp to /home/runner/work/ratis/ratis/ratis-test/target/test/data/30a65e24/MiniRaftClusterWithGrpcff34dc0d/s0/8a328bcf-f5cd-48f8-aa5b-139ff0dd8ed4/current/raft-meta.conf with options [REPLACE_EXISTING]
2024-10-11 22:06:56,327 [s0@group-139FF0DD8ED4-StateMachineUpdater] INFO  server.RaftServer$Division (LeaderStateImpl.java:checkStartIndex(314)) - Leader s0@group-139FF0DD8ED4-LeaderStateImpl is ready since appliedIndex == startIndex == 0
2024-10-11 22:06:56,402 [s2@group-139FF0DD8ED4-StateMachineUpdater] TRACE util.FileUtils (LogUtils.java:supplyAndLog(69)) - Successfully supplied FileChannel.open /home/runner/work/ratis/ratis/ratis-test/target/test/data/30a65e24/MiniRaftClusterWithGrpcff34dc0d/s2/8a328bcf-f5cd-48f8-aa5b-139ff0dd8ed4/current/raft-meta.conf.tmp with options [CREATE, WRITE]: sun.nio.ch.FileChannelImpl@255a847d
2024-10-11 22:06:56,403 [s1@group-139FF0DD8ED4-StateMachineUpdater] TRACE util.FileUtils (LogUtils.java:supplyAndLog(69)) - Successfully supplied FileChannel.open /home/runner/work/ratis/ratis/ratis-test/target/test/data/30a65e24/MiniRaftClusterWithGrpcff34dc0d/s1/8a328bcf-f5cd-48f8-aa5b-139ff0dd8ed4/current/raft-meta.conf.tmp with options [CREATE, WRITE]: sun.nio.ch.FileChannelImpl@11ef1ee
2024-10-11 22:06:56,404 [s2@group-139FF0DD8ED4-StateMachineUpdater] TRACE util.FileUtils (LogUtils.java:runAndLog(49)) - Successfully ran Atomic Files.move /home/runner/work/ratis/ratis/ratis-test/target/test/data/30a65e24/MiniRaftClusterWithGrpcff34dc0d/s2/8a328bcf-f5cd-48f8-aa5b-139ff0dd8ed4/current/raft-meta.conf.tmp to /home/runner/work/ratis/ratis/ratis-test/target/test/data/30a65e24/MiniRaftClusterWithGrpcff34dc0d/s2/8a328bcf-f5cd-48f8-aa5b-139ff0dd8ed4/current/raft-meta.conf with options [REPLACE_EXISTING]
2024-10-11 22:06:56,404 [s1@group-139FF0DD8ED4-StateMachineUpdater] TRACE util.FileUtils (LogUtils.java:runAndLog(49)) - Successfully ran Atomic Files.move /home/runner/work/ratis/ratis/ratis-test/target/test/data/30a65e24/MiniRaftClusterWithGrpcff34dc0d/s1/8a328bcf-f5cd-48f8-aa5b-139ff0dd8ed4/current/raft-meta.conf.tmp to /home/runner/work/ratis/ratis/ratis-test/target/test/data/30a65e24/MiniRaftClusterWithGrpcff34dc0d/s1/8a328bcf-f5cd-48f8-aa5b-139ff0dd8ed4/current/raft-meta.conf with options [REPLACE_EXISTING]
2024-10-11 22:06:56,547 [main] INFO  ratis.RaftTestUtil (RaftTestUtil.java:waitForLeader(131)) - printing ALL groups
  s0:  RUNNING    LEADER s0@group-139FF0DD8ED4:t1, leader=s0, voted=s0, raftlog=Memoized:s0@group-139FF0DD8ED4-SegmentedRaftLog:OPENED:c0:last(t:1, i:0), conf=conf: {index: 0, cur=peers:[s0|localhost:15340, s1|localhost:15344, s2|localhost:15348]|listeners:[], old=null} RUNNING
  s1:  RUNNING  FOLLOWER s1@group-139FF0DD8ED4:t1, leader=s0, voted=s0, raftlog=Memoized:s1@group-139FF0DD8ED4-SegmentedRaftLog:OPENED:c0:last(t:1, i:0), conf=conf: {index: 0, cur=peers:[s0|localhost:15340, s1|localhost:15344, s2|localhost:15348]|listeners:[], old=null} RUNNING
  s2:  RUNNING  FOLLOWER s2@group-139FF0DD8ED4:t1, leader=s0, voted=s2, raftlog=Memoized:s2@group-139FF0DD8ED4-SegmentedRaftLog:OPENED:c0:last(t:1, i:0), conf=conf: {index: 0, cur=peers:[s0|localhost:15340, s1|localhost:15344, s2|localhost:15348]|listeners:[], old=null} RUNNING
2024-10-11 22:06:56,548 [main] DEBUG client.RaftClient (ConfUtils.java:logGet(46)) - raft.rpc.type = GRPC (default)
2024-10-11 22:06:56,548 [main] DEBUG client.RaftClient (RaftClientImpl.java:get(158)) - client-62EBE4A38906: get 43 returns []
2024-10-11 22:06:56,548 [main] DEBUG client.RaftClient (RaftClientImpl.java:newRequest(95)) - attempt #1, newRequest RaftClientRequest:client-62EBE4A38906->s0@group-139FF0DD8ED4, cid=43, seq=null, RW, message
2024-10-11 22:06:56,554 [s0-client-thread1] DEBUG server.RaftServer$Division (RaftServerImpl.java:submitClientRequestAsync(920)) - s0@group-139FF0DD8ED4: receive client request(RaftClientRequest:client-62EBE4A38906->s0@group-139FF0DD8ED4, cid=43, seq=null, RW, Message:6d657373616765)
2024-10-11 22:06:56,554 [s0-client-thread1] DEBUG server.RaftServer$Division (LeaderStateImpl.java:addPendingRequest(529)) - s0@group-139FF0DD8ED4-LeaderStateImpl: addPendingRequest at RaftClientRequest:client-62EBE4A38906->s0@group-139FF0DD8ED4, cid=43, seq=null, RW, Message:6d657373616765, entry=(t:1, i:1), STATEMACHINELOGENTRY, WRITE: logData.size=7, stateMachineData.size=0, logEntryProtoSerializedSize=0
2024-10-11 22:06:56,555 [s1-server-thread3] DEBUG server.RaftServer$Division (RaftServerImpl.java:logAppendEntries(1549)) - s1@group-139FF0DD8ED4: appendEntries* s0->s1#6-t1,previous=(t:1, i:0),leaderCommit=0,initializing? false,entries: size=1, first=(t:1, i:1), STATEMACHINELOGENTRY, StateMachineLogEntryProto:43@client-62EBE4A38906
2024-10-11 22:06:56,556 [s2-server-thread3] DEBUG server.RaftServer$Division (RaftServerImpl.java:logAppendEntries(1549)) - s2@group-139FF0DD8ED4: appendEntries* s0->s2#6-t1,previous=(t:1, i:0),leaderCommit=0,initializing? false,entries: size=1, first=(t:1, i:1), STATEMACHINELOGENTRY, StateMachineLogEntryProto:43@client-62EBE4A38906
2024-10-11 22:06:56,557 [s1-server-thread3] DEBUG server.RaftServer$Division (RaftServerImpl.java:logAppendEntries(1549)) - s1@group-139FF0DD8ED4: appendEntries* reply s0<-s1#6:OK-t1,SUCCESS,nextIndex=2,followerCommit=0,matchIndex=1
2024-10-11 22:06:56,558 [s2-server-thread3] DEBUG server.RaftServer$Division (RaftServerImpl.java:logAppendEntries(1549)) - s2@group-139FF0DD8ED4: appendEntries* reply s0<-s2#6:OK-t1,SUCCESS,nextIndex=2,followerCommit=0,matchIndex=1
2024-10-11 22:06:56,559 [s1-server-thread3] DEBUG server.RaftServer$Division (RaftServerImpl.java:logAppendEntries(1549)) - s1@group-139FF0DD8ED4: appendEntries* s0->s1#7-t1,previous=(t:1, i:1),leaderCommit=1,initializing? false,entries: size=1, first=(t:1, i:2), METADATAENTRY(c:1)
2024-10-11 22:06:56,559 [s2-server-thread1] DEBUG server.RaftServer$Division (RaftServerImpl.java:logAppendEntries(1549)) - s2@group-139FF0DD8ED4: appendEntries* s0->s2#8-t1,previous=(t:1, i:1),leaderCommit=1,initializing? false,entries: size=1, first=(t:1, i:2), METADATAENTRY(c:1)
2024-10-11 22:06:56,560 [s1-server-thread3] DEBUG server.RaftServer$Division (RaftServerImpl.java:logAppendEntries(1549)) - s1@group-139FF0DD8ED4: appendEntries* reply s0<-s1#7:OK-t1,SUCCESS,nextIndex=3,followerCommit=1,matchIndex=2
2024-10-11 22:06:56,560 [s2-server-thread1] DEBUG server.RaftServer$Division (RaftServerImpl.java:logAppendEntries(1549)) - s2@group-139FF0DD8ED4: appendEntries* reply s0<-s2#8:OK-t1,SUCCESS,nextIndex=3,followerCommit=1,matchIndex=2
2024-10-11 22:06:56,560 [main] DEBUG client.RaftClient (RaftClientImpl.java:add(146)) - client-62EBE4A38906: add replied callId 43
2024-10-11 22:06:57,561 [main] INFO  util.CodeInjectionForTesting (BlockRequestHandlingInjection.java:blockRequestor(49)) - Block requestor s0
2024-10-11 22:06:57,561 [main] DEBUG client.RaftClient (RaftClientImpl.java:get(158)) - client-62EBE4A38906: get 44 returns [43]
2024-10-11 22:06:57,561 [main] DEBUG client.RaftClient (RaftClientImpl.java:newRequest(95)) - attempt #1, newRequest RaftClientRequest:client-62EBE4A38906->s0@group-139FF0DD8ED4, cid=44, seq=null, RW, message
2024-10-11 22:06:57,563 [s0-client-thread1] DEBUG server.RaftServer$Division (RaftServerImpl.java:submitClientRequestAsync(920)) - s0@group-139FF0DD8ED4: receive client request(RaftClientRequest:client-62EBE4A38906->s0@group-139FF0DD8ED4, cid=44, seq=null, RW, Message:6d657373616765)
2024-10-11 22:06:57,563 [s0-client-thread1] DEBUG server.RaftServer$Division (LeaderStateImpl.java:addPendingRequest(529)) - s0@group-139FF0DD8ED4-LeaderStateImpl: addPendingRequest at RaftClientRequest:client-62EBE4A38906->s0@group-139FF0DD8ED4, cid=44, seq=null, RW, Message:6d657373616765, entry=(t:1, i:3), STATEMACHINELOGENTRY, WRITE: logData.size=7, stateMachineData.size=0, logEntryProtoSerializedSize=0
2024-10-11 22:06:57,564 [s2-server-thread2] INFO  util.CodeInjectionForTesting (BlockRequestHandlingInjection.java:execute(77)) - s2: Block request from s0
2024-10-11 22:06:57,564 [s1-server-thread2] INFO  util.CodeInjectionForTesting (BlockRequestHandlingInjection.java:execute(77)) - s1: Block request from s0
2024-10-11 22:06:57,636 [s1-server-thread3] INFO  util.CodeInjectionForTesting (BlockRequestHandlingInjection.java:execute(77)) - s1: Block request from s0
2024-10-11 22:06:57,636 [s2-server-thread1] INFO  util.CodeInjectionForTesting (BlockRequestHandlingInjection.java:execute(77)) - s2: Block request from s0
2024-10-11 22:06:57,726 [s2@group-139FF0DD8ED4-FollowerState] INFO  impl.FollowerState (FollowerState.java:runImpl(161)) - s2@group-139FF0DD8ED4-FollowerState: change to CANDIDATE, lastRpcElapsedTime:166381387ns, electionTimeout:164ms
2024-10-11 22:06:57,726 [s2@group-139FF0DD8ED4-FollowerState] INFO  impl.RoleInfo (RoleInfo.java:shutdownFollowerState(121)) - s2: shutdown s2@group-139FF0DD8ED4-FollowerState
2024-10-11 22:06:57,726 [s2@group-139FF0DD8ED4-FollowerState] INFO  server.RaftServer$Division (RaftServerImpl.java:setRole(380)) - s2@group-139FF0DD8ED4: changes role from  FOLLOWER to CANDIDATE at term 1 for changeToCandidate
2024-10-11 22:06:57,726 [s2@group-139FF0DD8ED4-FollowerState] INFO  server.RaftServerConfigKeys (ConfUtils.java:logGet(46)) - raft.server.leaderelection.pre-vote = true (default)
2024-10-11 22:06:57,726 [s2@group-139FF0DD8ED4-FollowerState] INFO  impl.RoleInfo (RoleInfo.java:updateAndGet(148)) - s2: start s2@group-139FF0DD8ED4-LeaderElection95
2024-10-11 22:06:57,726 [s2@group-139FF0DD8ED4-LeaderElection95] INFO  server.RaftServer$Division (ServerState.java:setLeader(272)) - s2@group-139FF0DD8ED4: change Leader from s0 to null at term 1 for PRE_VOTE
2024-10-11 22:06:57,726 [s2@group-139FF0DD8ED4-LeaderElection95] INFO  impl.LeaderElection (LeaderElection.java:askForVotes(333)) - s2@group-139FF0DD8ED4-LeaderElection95 PRE_VOTE round 0: submit vote requests at term 1 for conf: {index: 0, cur=peers:[s0|localhost:15340, s1|localhost:15344, s2|localhost:15348]|listeners:[], old=null}
2024-10-11 22:06:57,728 [grpc-default-executor-4] INFO  util.CodeInjectionForTesting (BlockRequestHandlingInjection.java:execute(77)) - s0: Block request from s2
2024-10-11 22:06:57,728 [grpc-default-executor-5] INFO  server.RaftServer$Division (RaftServerImpl.java:requestVote(1447)) - s1@group-139FF0DD8ED4: receive requestVote(PRE_VOTE, s2, group-139FF0DD8ED4, 1, (t:1, i:2))
2024-10-11 22:06:57,729 [grpc-default-executor-5] INFO  impl.VoteContext (VoteContext.java:log(49)) - s1@group-139FF0DD8ED4-FOLLOWER: accept PRE_VOTE from s2: our priority 0 <= candidate's priority 0
2024-10-11 22:06:57,729 [grpc-default-executor-5] INFO  server.RaftServer$Division (RaftServerImpl.java:requestVote(1480)) - s1@group-139FF0DD8ED4 replies to PRE_VOTE vote request: s2<-s1#0:OK-t1. Peer's state: s1@group-139FF0DD8ED4:t1, leader=s0, voted=s0, raftlog=Memoized:s1@group-139FF0DD8ED4-SegmentedRaftLog:OPENED:c2:last(t:1, i:2), conf=conf: {index: 0, cur=peers:[s0|localhost:15340, s1|localhost:15344, s2|localhost:15348]|listeners:[], old=null}
2024-10-11 22:06:57,730 [s2@group-139FF0DD8ED4-LeaderElection95] INFO  impl.LeaderElection (LeaderElection.java:logAndReturn(90)) - s2@group-139FF0DD8ED4-LeaderElection95: PRE_VOTE PASSED received 1 response(s) and 0 exception(s):
2024-10-11 22:06:57,730 [s2@group-139FF0DD8ED4-LeaderElection95] INFO  impl.LeaderElection (LeaderElection.java:logAndReturn(94)) -   Response 0: s2<-s1#0:OK-t1
2024-10-11 22:06:57,730 [s2@group-139FF0DD8ED4-LeaderElection95] INFO  impl.LeaderElection (LeaderElection.java:askForVotes(335)) - s2@group-139FF0DD8ED4-LeaderElection95 PRE_VOTE round 0: result PASSED
2024-10-11 22:06:57,731 [s2@group-139FF0DD8ED4-LeaderElection95] TRACE util.FileUtils (LogUtils.java:supplyAndLog(69)) - Successfully supplied FileChannel.open /home/runner/work/ratis/ratis/ratis-test/target/test/data/30a65e24/MiniRaftClusterWithGrpcff34dc0d/s2/8a328bcf-f5cd-48f8-aa5b-139ff0dd8ed4/current/raft-meta.tmp with options [CREATE, WRITE]: sun.nio.ch.FileChannelImpl@dcd6659
2024-10-11 22:06:57,732 [s2@group-139FF0DD8ED4-LeaderElection95] TRACE util.FileUtils (LogUtils.java:runAndLog(49)) - Successfully ran Atomic Files.move /home/runner/work/ratis/ratis/ratis-test/target/test/data/30a65e24/MiniRaftClusterWithGrpcff34dc0d/s2/8a328bcf-f5cd-48f8-aa5b-139ff0dd8ed4/current/raft-meta.tmp to /home/runner/work/ratis/ratis/ratis-test/target/test/data/30a65e24/MiniRaftClusterWithGrpcff34dc0d/s2/8a328bcf-f5cd-48f8-aa5b-139ff0dd8ed4/current/raft-meta with options [REPLACE_EXISTING]
2024-10-11 22:06:57,732 [s2@group-139FF0DD8ED4-LeaderElection95] INFO  impl.LeaderElection (LeaderElection.java:askForVotes(333)) - s2@group-139FF0DD8ED4-LeaderElection95 ELECTION round 0: submit vote requests at term 2 for conf: {index: 0, cur=peers:[s0|localhost:15340, s1|localhost:15344, s2|localhost:15348]|listeners:[], old=null}
2024-10-11 22:06:57,733 [grpc-default-executor-5] INFO  server.RaftServer$Division (RaftServerImpl.java:requestVote(1447)) - s1@group-139FF0DD8ED4: receive requestVote(ELECTION, s2, group-139FF0DD8ED4, 2, (t:1, i:2))
2024-10-11 22:06:57,733 [grpc-default-executor-5] INFO  impl.VoteContext (VoteContext.java:log(49)) - s1@group-139FF0DD8ED4-FOLLOWER: accept ELECTION from s2: our priority 0 <= candidate's priority 0
2024-10-11 22:06:57,733 [grpc-default-executor-6] INFO  util.CodeInjectionForTesting (BlockRequestHandlingInjection.java:execute(77)) - s0: Block request from s2
2024-10-11 22:06:57,733 [grpc-default-executor-5] INFO  server.RaftServer$Division (RaftServerImpl.java:setRole(380)) - s1@group-139FF0DD8ED4: changes role from  FOLLOWER to FOLLOWER at term 1 for candidate:s2
2024-10-11 22:06:57,733 [grpc-default-executor-5] INFO  impl.RoleInfo (RoleInfo.java:shutdownFollowerState(121)) - s1: shutdown s1@group-139FF0DD8ED4-FollowerState
2024-10-11 22:06:57,733 [grpc-default-executor-5] INFO  server.RaftServer$Division (ServerState.java:setLeader(272)) - s1@group-139FF0DD8ED4: change Leader from s0 to null at term 2 for updateCurrentTerm
2024-10-11 22:06:57,733 [grpc-default-executor-5] INFO  impl.RoleInfo (RoleInfo.java:updateAndGet(148)) - s1: start s1@group-139FF0DD8ED4-FollowerState
2024-10-11 22:06:57,733 [s1@group-139FF0DD8ED4-FollowerState] INFO  impl.FollowerState (FollowerState.java:runImpl(170)) - s1@group-139FF0DD8ED4-FollowerState was interrupted
2024-10-11 22:06:57,734 [grpc-default-executor-5] TRACE util.FileUtils (LogUtils.java:supplyAndLog(69)) - Successfully supplied FileChannel.open /home/runner/work/ratis/ratis/ratis-test/target/test/data/30a65e24/MiniRaftClusterWithGrpcff34dc0d/s1/8a328bcf-f5cd-48f8-aa5b-139ff0dd8ed4/current/raft-meta.tmp with options [CREATE, WRITE]: sun.nio.ch.FileChannelImpl@7f1d3a23
2024-10-11 22:06:57,735 [grpc-default-executor-5] TRACE util.FileUtils (LogUtils.java:runAndLog(49)) - Successfully ran Atomic Files.move /home/runner/work/ratis/ratis/ratis-test/target/test/data/30a65e24/MiniRaftClusterWithGrpcff34dc0d/s1/8a328bcf-f5cd-48f8-aa5b-139ff0dd8ed4/current/raft-meta.tmp to /home/runner/work/ratis/ratis/ratis-test/target/test/data/30a65e24/MiniRaftClusterWithGrpcff34dc0d/s1/8a328bcf-f5cd-48f8-aa5b-139ff0dd8ed4/current/raft-meta with options [REPLACE_EXISTING]
2024-10-11 22:06:57,735 [grpc-default-executor-5] INFO  server.RaftServer$Division (RaftServerImpl.java:requestVote(1480)) - s1@group-139FF0DD8ED4 replies to ELECTION vote request: s2<-s1#0:OK-t2. Peer's state: s1@group-139FF0DD8ED4:t2, leader=null, voted=s2, raftlog=Memoized:s1@group-139FF0DD8ED4-SegmentedRaftLog:OPENED:c2:last(t:1, i:2), conf=conf: {index: 0, cur=peers:[s0|localhost:15340, s1|localhost:15344, s2|localhost:15348]|listeners:[], old=null}
2024-10-11 22:06:57,737 [s2@group-139FF0DD8ED4-LeaderElection95] INFO  impl.LeaderElection (LeaderElection.java:logAndReturn(90)) - s2@group-139FF0DD8ED4-LeaderElection95: ELECTION PASSED received 1 response(s) and 0 exception(s):
2024-10-11 22:06:57,737 [s2@group-139FF0DD8ED4-LeaderElection95] INFO  impl.LeaderElection (LeaderElection.java:logAndReturn(94)) -   Response 0: s2<-s1#0:OK-t2
2024-10-11 22:06:57,737 [s2@group-139FF0DD8ED4-LeaderElection95] INFO  impl.LeaderElection (LeaderElection.java:askForVotes(335)) - s2@group-139FF0DD8ED4-LeaderElection95 ELECTION round 0: result PASSED
2024-10-11 22:06:57,737 [s2@group-139FF0DD8ED4-LeaderElection95] INFO  impl.RoleInfo (RoleInfo.java:shutdownLeaderElection(141)) - s2: shutdown s2@group-139FF0DD8ED4-LeaderElection95
2024-10-11 22:06:57,737 [s2@group-139FF0DD8ED4-LeaderElection95] INFO  server.RaftServer$Division (RaftServerImpl.java:setRole(380)) - s2@group-139FF0DD8ED4: changes role from CANDIDATE to LEADER at term 2 for changeToLeader
2024-10-11 22:06:57,737 [s2@group-139FF0DD8ED4-LeaderElection95] INFO  server.RaftServerConfigKeys (ConfUtils.java:logGet(46)) - raft.server.staging.catchup.gap = 1000 (default)
2024-10-11 22:06:57,737 [s2@group-139FF0DD8ED4-LeaderElection95] INFO  server.RaftServerConfigKeys (ConfUtils.java:logGet(46)) - raft.server.write.element-limit = 4096 (default)
2024-10-11 22:06:57,737 [s2@group-139FF0DD8ED4-LeaderElection95] INFO  server.RaftServerConfigKeys (ConfUtils.java:logGet(46)) - raft.server.write.byte-limit = 64MB (=67108864) (default)
2024-10-11 22:06:57,738 [s2@group-139FF0DD8ED4-LeaderElection95] INFO  server.RaftServerConfigKeys (ConfUtils.java:logGet(46)) - raft.server.watch.timeout = 10s (default)
2024-10-11 22:06:57,738 [s2@group-139FF0DD8ED4-LeaderElection95] INFO  server.RaftServerConfigKeys (ConfUtils.java:logGet(46)) - raft.server.watch.timeout.denomination = 1s (default)
2024-10-11 22:06:57,738 [s2@group-139FF0DD8ED4-LeaderElection95] INFO  server.RaftServerConfigKeys (ConfUtils.java:logGet(46)) - raft.server.watch.element-limit = 65536 (default)
2024-10-11 22:06:57,738 [s2@group-139FF0DD8ED4-LeaderElection95] INFO  server.RaftServerConfigKeys (ConfUtils.java:logGet(46)) - raft.server.read.leader.lease.enabled = true (custom)
2024-10-11 22:06:57,738 [s2@group-139FF0DD8ED4-LeaderElection95] INFO  server.RaftServerConfigKeys (ConfUtils.java:logGet(46)) - raft.server.read.leader.lease.timeout.ratio = 0.5 (custom)
2024-10-11 22:06:57,738 [s2@group-139FF0DD8ED4-LeaderElection95] INFO  server.RaftServerConfigKeys (ConfUtils.java:logGet(46)) - raft.server.rpc.timeout.min = 150ms (default)
2024-10-11 22:06:57,738 [s2@group-139FF0DD8ED4-LeaderElection95] INFO  server.RaftServerConfigKeys (ConfUtils.java:logGet(46)) - raft.server.log.log-metadata.enabled = true (default)
2024-10-11 22:06:57,738 [s2@group-139FF0DD8ED4-LeaderElection95] INFO  server.RaftServerConfigKeys (ConfUtils.java:logGet(46)) - raft.server.write.element-limit = 4096 (default)
2024-10-11 22:06:57,738 [s2@group-139FF0DD8ED4-LeaderElection95] INFO  server.RaftServerConfigKeys (ConfUtils.java:logGet(46)) - raft.server.write.follower.gap.ratio.max = -1.0 (default)
2024-10-11 22:06:57,739 [s2@group-139FF0DD8ED4-LeaderElection95] INFO  server.RaftServerConfigKeys (ConfUtils.java:logGet(46)) - raft.server.log.appender.snapshot.chunk.size.max = 16MB (=16777216) (default)
2024-10-11 22:06:57,739 [s2@group-139FF0DD8ED4-LeaderElection95] INFO  server.RaftServerConfigKeys (ConfUtils.java:logGet(46)) - raft.server.log.appender.buffer.byte-limit = 4MB (=4194304) (default)
2024-10-11 22:06:57,739 [s2@group-139FF0DD8ED4-LeaderElection95] INFO  server.RaftServerConfigKeys (ConfUtils.java:logGet(46)) - raft.server.log.appender.buffer.element-limit = 0 (default)
2024-10-11 22:06:57,739 [s2@group-139FF0DD8ED4-LeaderElection95] INFO  server.RaftServerConfigKeys (ConfUtils.java:logGet(46)) - raft.server.log.appender.wait-time.min = 1ms (default)
2024-10-11 22:06:57,739 [s2@group-139FF0DD8ED4-LeaderElection95] INFO  grpc.GrpcConfigKeys (ConfUtils.java:logGet(46)) - raft.grpc.server.leader.outstanding.appends.max = 8 (default)
2024-10-11 22:06:57,739 [s2@group-139FF0DD8ED4-LeaderElection95] INFO  server.RaftServerConfigKeys (ConfUtils.java:logGet(46)) - raft.server.rpc.request.timeout = 3000ms (default)
2024-10-11 22:06:57,739 [s2@group-139FF0DD8ED4-LeaderElection95] INFO  grpc.GrpcConfigKeys (ConfUtils.java:logGet(46)) - raft.grpc.server.install_snapshot.request.element-limit = 8 (default)
2024-10-11 22:06:57,739 [s2@group-139FF0DD8ED4-LeaderElection95] INFO  grpc.GrpcConfigKeys (ConfUtils.java:logGet(46)) - raft.grpc.server.install_snapshot.request.timeout = 3000ms (default)
2024-10-11 22:06:57,739 [s2@group-139FF0DD8ED4-LeaderElection95] INFO  grpc.GrpcConfigKeys (ConfUtils.java:logGet(46)) - raft.grpc.server.log-message.batch.duration = 5s (default)
2024-10-11 22:06:57,739 [s2@group-139FF0DD8ED4-LeaderElection95] INFO  server.RaftServerConfigKeys (ConfUtils.java:logGet(46)) - raft.server.log.appender.install.snapshot.enabled = true (default)
2024-10-11 22:06:57,739 [s2@group-139FF0DD8ED4-LeaderElection95] INFO  grpc.GrpcConfigKeys (ConfUtils.java:logGet(46)) - raft.grpc.server.heartbeat.channel = true (default)
2024-10-11 22:06:57,739 [s2@group-139FF0DD8ED4-LeaderElection95] INFO  server.RaftServerConfigKeys (ConfUtils.java:logGet(46)) - raft.server.log.appender.snapshot.chunk.size.max = 16MB (=16777216) (default)
2024-10-11 22:06:57,739 [s2@group-139FF0DD8ED4-LeaderElection95] INFO  server.RaftServerConfigKeys (ConfUtils.java:logGet(46)) - raft.server.log.appender.buffer.byte-limit = 4MB (=4194304) (default)
2024-10-11 22:06:57,739 [s2@group-139FF0DD8ED4-LeaderElection95] INFO  server.RaftServerConfigKeys (ConfUtils.java:logGet(46)) - raft.server.log.appender.buffer.element-limit = 0 (default)
2024-10-11 22:06:57,740 [s2@group-139FF0DD8ED4-LeaderElection95] INFO  server.RaftServerConfigKeys (ConfUtils.java:logGet(46)) - raft.server.log.appender.wait-time.min = 1ms (default)
2024-10-11 22:06:57,740 [s2@group-139FF0DD8ED4-LeaderElection95] INFO  grpc.GrpcConfigKeys (ConfUtils.java:logGet(46)) - raft.grpc.server.leader.outstanding.appends.max = 8 (default)
2024-10-11 22:06:57,740 [s2@group-139FF0DD8ED4-LeaderElection95] INFO  server.RaftServerConfigKeys (ConfUtils.java:logGet(46)) - raft.server.rpc.request.timeout = 3000ms (default)
2024-10-11 22:06:57,740 [s2@group-139FF0DD8ED4-LeaderElection95] INFO  grpc.GrpcConfigKeys (ConfUtils.java:logGet(46)) - raft.grpc.server.install_snapshot.request.element-limit = 8 (default)
2024-10-11 22:06:57,740 [s2@group-139FF0DD8ED4-LeaderElection95] INFO  grpc.GrpcConfigKeys (ConfUtils.java:logGet(46)) - raft.grpc.server.install_snapshot.request.timeout = 3000ms (default)
2024-10-11 22:06:57,740 [s2@group-139FF0DD8ED4-LeaderElection95] INFO  grpc.GrpcConfigKeys (ConfUtils.java:logGet(46)) - raft.grpc.server.log-message.batch.duration = 5s (default)
2024-10-11 22:06:57,740 [s2@group-139FF0DD8ED4-LeaderElection95] INFO  server.RaftServerConfigKeys (ConfUtils.java:logGet(46)) - raft.server.log.appender.install.snapshot.enabled = true (default)
2024-10-11 22:06:57,740 [s2@group-139FF0DD8ED4-LeaderElection95] INFO  grpc.GrpcConfigKeys (ConfUtils.java:logGet(46)) - raft.grpc.server.heartbeat.channel = true (default)
2024-10-11 22:06:57,740 [s2@group-139FF0DD8ED4-LeaderElection95] INFO  impl.RoleInfo (RoleInfo.java:updateAndGet(148)) - s2: start s2@group-139FF0DD8ED4-LeaderStateImpl
2024-10-11 22:06:57,740 [s2@group-139FF0DD8ED4-LeaderElection95] INFO  server.RaftServer$Division (ServerState.java:setLeader(272)) - s2@group-139FF0DD8ED4: change Leader from null to s2 at term 2 for becomeLeader, leader elected after 14ms
2024-10-11 22:06:57,741 [s2@group-139FF0DD8ED4-LeaderElection95] INFO  segmented.SegmentedRaftLogWorker (SegmentedRaftLogWorker.java:rollLogSegment(447)) - s2@group-139FF0DD8ED4-SegmentedRaftLogWorker: Rolling segment log-0_2 to index:2
2024-10-11 22:06:57,741 [s2@group-139FF0DD8ED4-LeaderElection95] INFO  server.RaftServer$Division (ServerState.java:setRaftConf(386)) - s2@group-139FF0DD8ED4: set configuration conf: {index: 3, cur=peers:[s0|localhost:15340, s1|localhost:15344, s2|localhost:15348]|listeners:[], old=null}
2024-10-11 22:06:57,742 [s2@group-139FF0DD8ED4-SegmentedRaftLogWorker] TRACE util.FileUtils (LogUtils.java:runAndLog(49)) - Successfully ran Atomic Files.move /home/runner/work/ratis/ratis/ratis-test/target/test/data/30a65e24/MiniRaftClusterWithGrpcff34dc0d/s2/8a328bcf-f5cd-48f8-aa5b-139ff0dd8ed4/current/log_inprogress_0 to /home/runner/work/ratis/ratis/ratis-test/target/test/data/30a65e24/MiniRaftClusterWithGrpcff34dc0d/s2/8a328bcf-f5cd-48f8-aa5b-139ff0dd8ed4/current/log_0-2
2024-10-11 22:06:57,742 [s2@group-139FF0DD8ED4-SegmentedRaftLogWorker] INFO  segmented.SegmentedRaftLogWorker (SegmentedRaftLogWorker.java:execute(620)) - s2@group-139FF0DD8ED4-SegmentedRaftLogWorker: Rolled log segment from /home/runner/work/ratis/ratis/ratis-test/target/test/data/30a65e24/MiniRaftClusterWithGrpcff34dc0d/s2/8a328bcf-f5cd-48f8-aa5b-139ff0dd8ed4/current/log_inprogress_0 to /home/runner/work/ratis/ratis/ratis-test/target/test/data/30a65e24/MiniRaftClusterWithGrpcff34dc0d/s2/8a328bcf-f5cd-48f8-aa5b-139ff0dd8ed4/current/log_0-2
2024-10-11 22:06:57,742 [s2@group-139FF0DD8ED4-SegmentedRaftLogWorker] INFO  segmented.BufferedWriteChannel (BufferedWriteChannel.java:open(61)) - open log_inprogress_3 at position 0
2024-10-11 22:06:57,753 [s1-server-thread1] INFO  server.RaftServer$Division (ServerState.java:setLeader(272)) - s1@group-139FF0DD8ED4: change Leader from null to s2 at term 2 for appendEntries, leader elected after 19ms
2024-10-11 22:06:57,753 [s2@group-139FF0DD8ED4-SegmentedRaftLogWorker] INFO  segmented.SegmentedRaftLogWorker (SegmentedRaftLogWorker.java:execute(663)) - s2@group-139FF0DD8ED4-SegmentedRaftLogWorker: created new log segment /home/runner/work/ratis/ratis/ratis-test/target/test/data/30a65e24/MiniRaftClusterWithGrpcff34dc0d/s2/8a328bcf-f5cd-48f8-aa5b-139ff0dd8ed4/current/log_inprogress_3
2024-10-11 22:06:57,759 [s0-server-thread1] INFO  util.CodeInjectionForTesting (BlockRequestHandlingInjection.java:execute(77)) - s0: Block request from s2
2024-10-11 22:06:57,760 [s1-server-thread4] DEBUG server.RaftServer$Division (RaftServerImpl.java:logAppendEntries(1549)) - s1@group-139FF0DD8ED4: appendEntries* s2->s1#1-t2,previous=(t:1, i:2),leaderCommit=2,initializing? false,entries: size=1, first=(t:2, i:3), CONFIGURATIONENTRY(current:id:"s0"address:"localhost:15340"dataStreamAddress:"localhost:15343"clientAddress:"localhost:15342"adminAddress:"localhost:15341"startupRole:FOLLOWER, id:"s1"address:"localhost:15344"dataStreamAddress:"localhost:15347"clientAddress:"localhost:15346"adminAddress:"localhost:15345"startupRole:FOLLOWER, id:"s2"address:"localhost:15348"dataStreamAddress:"localhost:15351"clientAddress:"localhost:15350"adminAddress:"localhost:15349"startupRole:FOLLOWER, old:)
2024-10-11 22:06:57,761 [s1-server-thread4] INFO  server.RaftServer$Division (ServerState.java:setRaftConf(386)) - s1@group-139FF0DD8ED4: set configuration conf: {index: 3, cur=peers:[s0|localhost:15340, s1|localhost:15344, s2|localhost:15348]|listeners:[], old=null}
2024-10-11 22:06:57,761 [s1-server-thread4] INFO  segmented.SegmentedRaftLogWorker (SegmentedRaftLogWorker.java:rollLogSegment(447)) - s1@group-139FF0DD8ED4-SegmentedRaftLogWorker: Rolling segment log-0_2 to index:2
2024-10-11 22:06:57,762 [s0-server-thread2] INFO  util.CodeInjectionForTesting (BlockRequestHandlingInjection.java:execute(77)) - s0: Block request from s2
2024-10-11 22:06:57,762 [s1@group-139FF0DD8ED4-SegmentedRaftLogWorker] TRACE util.FileUtils (LogUtils.java:runAndLog(49)) - Successfully ran Atomic Files.move /home/runner/work/ratis/ratis/ratis-test/target/test/data/30a65e24/MiniRaftClusterWithGrpcff34dc0d/s1/8a328bcf-f5cd-48f8-aa5b-139ff0dd8ed4/current/log_inprogress_0 to /home/runner/work/ratis/ratis/ratis-test/target/test/data/30a65e24/MiniRaftClusterWithGrpcff34dc0d/s1/8a328bcf-f5cd-48f8-aa5b-139ff0dd8ed4/current/log_0-2
2024-10-11 22:06:57,762 [s1@group-139FF0DD8ED4-SegmentedRaftLogWorker] INFO  segmented.SegmentedRaftLogWorker (SegmentedRaftLogWorker.java:execute(620)) - s1@group-139FF0DD8ED4-SegmentedRaftLogWorker: Rolled log segment from /home/runner/work/ratis/ratis/ratis-test/target/test/data/30a65e24/MiniRaftClusterWithGrpcff34dc0d/s1/8a328bcf-f5cd-48f8-aa5b-139ff0dd8ed4/current/log_inprogress_0 to /home/runner/work/ratis/ratis/ratis-test/target/test/data/30a65e24/MiniRaftClusterWithGrpcff34dc0d/s1/8a328bcf-f5cd-48f8-aa5b-139ff0dd8ed4/current/log_0-2
2024-10-11 22:06:57,763 [s1@group-139FF0DD8ED4-SegmentedRaftLogWorker] INFO  segmented.BufferedWriteChannel (BufferedWriteChannel.java:open(61)) - open log_inprogress_3 at position 0
2024-10-11 22:06:57,773 [s1@group-139FF0DD8ED4-SegmentedRaftLogWorker] INFO  segmented.SegmentedRaftLogWorker (SegmentedRaftLogWorker.java:execute(663)) - s1@group-139FF0DD8ED4-SegmentedRaftLogWorker: created new log segment /home/runner/work/ratis/ratis/ratis-test/target/test/data/30a65e24/MiniRaftClusterWithGrpcff34dc0d/s1/8a328bcf-f5cd-48f8-aa5b-139ff0dd8ed4/current/log_inprogress_3
2024-10-11 22:06:57,774 [s1-server-thread4] DEBUG server.RaftServer$Division (RaftServerImpl.java:logAppendEntries(1549)) - s1@group-139FF0DD8ED4: appendEntries* reply s2<-s1#1:OK-t2,SUCCESS,nextIndex=4,followerCommit=2,matchIndex=3
2024-10-11 22:06:57,775 [s2@group-139FF0DD8ED4-StateMachineUpdater] TRACE util.FileUtils (LogUtils.java:supplyAndLog(69)) - Successfully supplied FileChannel.open /home/runner/work/ratis/ratis/ratis-test/target/test/data/30a65e24/MiniRaftClusterWithGrpcff34dc0d/s2/8a328bcf-f5cd-48f8-aa5b-139ff0dd8ed4/current/raft-meta.conf.tmp with options [CREATE, WRITE]: sun.nio.ch.FileChannelImpl@2b9d6ea6
2024-10-11 22:06:57,777 [s1-server-thread1] DEBUG server.RaftServer$Division (RaftServerImpl.java:logAppendEntries(1549)) - s1@group-139FF0DD8ED4: appendEntries* s2->s1#2-t2,previous=(t:2, i:3),leaderCommit=3,initializing? false,entries: size=1, first=(t:2, i:4), METADATAENTRY(c:3)
2024-10-11 22:06:57,777 [s2@group-139FF0DD8ED4-StateMachineUpdater] TRACE util.FileUtils (LogUtils.java:runAndLog(49)) - Successfully ran Atomic Files.move /home/runner/work/ratis/ratis/ratis-test/target/test/data/30a65e24/MiniRaftClusterWithGrpcff34dc0d/s2/8a328bcf-f5cd-48f8-aa5b-139ff0dd8ed4/current/raft-meta.conf.tmp to /home/runner/work/ratis/ratis/ratis-test/target/test/data/30a65e24/MiniRaftClusterWithGrpcff34dc0d/s2/8a328bcf-f5cd-48f8-aa5b-139ff0dd8ed4/current/raft-meta.conf with options [REPLACE_EXISTING]
2024-10-11 22:06:57,777 [s2@group-139FF0DD8ED4-StateMachineUpdater] INFO  server.RaftServer$Division (LeaderStateImpl.java:checkStartIndex(314)) - Leader s2@group-139FF0DD8ED4-LeaderStateImpl is ready since appliedIndex == startIndex == 3
2024-10-11 22:06:57,781 [s1-server-thread1] DEBUG server.RaftServer$Division (RaftServerImpl.java:logAppendEntries(1549)) - s1@group-139FF0DD8ED4: appendEntries* reply s2<-s1#2:OK-t2,SUCCESS,nextIndex=5,followerCommit=3,matchIndex=4
2024-10-11 22:06:57,781 [s1@group-139FF0DD8ED4-StateMachineUpdater] TRACE util.FileUtils (LogUtils.java:supplyAndLog(69)) - Successfully supplied FileChannel.open /home/runner/work/ratis/ratis/ratis-test/target/test/data/30a65e24/MiniRaftClusterWithGrpcff34dc0d/s1/8a328bcf-f5cd-48f8-aa5b-139ff0dd8ed4/current/raft-meta.conf.tmp with options [CREATE, WRITE]: sun.nio.ch.FileChannelImpl@fd91fbd
2024-10-11 22:06:57,783 [s1@group-139FF0DD8ED4-StateMachineUpdater] TRACE util.FileUtils (LogUtils.java:runAndLog(49)) - Successfully ran Atomic Files.move /home/runner/work/ratis/ratis/ratis-test/target/test/data/30a65e24/MiniRaftClusterWithGrpcff34dc0d/s1/8a328bcf-f5cd-48f8-aa5b-139ff0dd8ed4/current/raft-meta.conf.tmp to /home/runner/work/ratis/ratis/ratis-test/target/test/data/30a65e24/MiniRaftClusterWithGrpcff34dc0d/s1/8a328bcf-f5cd-48f8-aa5b-139ff0dd8ed4/current/raft-meta.conf with options [REPLACE_EXISTING]
2024-10-11 22:06:57,864 [s0@group-139FF0DD8ED4-LeaderStateImpl] WARN  server.RaftServer$Division (LeaderStateImpl.java:checkLeadership(1117)) - s0@group-139FF0DD8ED4-LeaderStateImpl: Lost leadership on term: 1. Election timeout: 300ms. In charge for: 1578ms. Conf: conf: {index: 0, cur=peers:[s0|localhost:15340, s1|localhost:15344, s2|localhost:15348]|listeners:[], old=null}
2024-10-11 22:06:57,864 [s0@group-139FF0DD8ED4-LeaderStateImpl] WARN  server.RaftServer$Division (LeaderStateImpl.java:lambda$checkLeadership$20(1121)) - Follower s0@group-139FF0DD8ED4->s1(c2,m2,n4, caughtUp=true, lastRpcSendTime=2, lastRpcResponseTime=305)
2024-10-11 22:06:57,864 [s0@group-139FF0DD8ED4-LeaderStateImpl] WARN  server.RaftServer$Division (LeaderStateImpl.java:lambda$checkLeadership$20(1121)) - Follower s0@group-139FF0DD8ED4->s2(c2,m2,n4, caughtUp=true, lastRpcSendTime=2, lastRpcResponseTime=304)
2024-10-11 22:06:57,864 [s0@group-139FF0DD8ED4-LeaderStateImpl] INFO  server.RaftServer$Division (RaftServerImpl.java:setRole(380)) - s0@group-139FF0DD8ED4: changes role from    LEADER to FOLLOWER at term 1 for StepDownReason:LOST_MAJORITY_HEARTBEATS
2024-10-11 22:06:57,865 [s0@group-139FF0DD8ED4-LeaderStateImpl] INFO  impl.RoleInfo (RoleInfo.java:shutdownLeaderState(103)) - s0: shutdown s0@group-139FF0DD8ED4-LeaderStateImpl
2024-10-11 22:06:57,865 [s0@group-139FF0DD8ED4->s1-GrpcLogAppender-LogAppenderDaemon] WARN  server.GrpcLogAppender (GrpcLogAppender.java:mayWait(293)) - s0@group-139FF0DD8ED4->s1-GrpcLogAppender: Wait interrupted by java.lang.InterruptedException
2024-10-11 22:06:57,865 [s0@group-139FF0DD8ED4-LeaderStateImpl] INFO  impl.PendingRequests (PendingRequests.java:sendNotLeaderResponses(287)) - s0@group-139FF0DD8ED4-PendingRequests: sendNotLeaderResponses
2024-10-11 22:06:57,865 [s0@group-139FF0DD8ED4->s2-GrpcLogAppender-LogAppenderDaemon] WARN  server.GrpcLogAppender (GrpcLogAppender.java:mayWait(293)) - s0@group-139FF0DD8ED4->s2-GrpcLogAppender: Wait interrupted by java.lang.InterruptedException
2024-10-11 22:06:57,866 [null-request--thread1] INFO  server.GrpcClientProtocolService (GrpcClientProtocolService.java:lambda$processClientRequest$0(330)) - Failed request cid=44, reply=RaftClientReply:client-62EBE4A38906->s0@group-139FF0DD8ED4, cid=44, FAILED org.apache.ratis.protocol.exceptions.NotLeaderException: Server s0@group-139FF0DD8ED4 is not the leader, logIndex=0, commits[s0:c2, s1:c2, s2:c2]
2024-10-11 22:06:57,866 [s0@group-139FF0DD8ED4-LeaderStateImpl] INFO  server.RaftServer$Division (ServerState.java:setLeader(272)) - s0@group-139FF0DD8ED4: change Leader from s0 to null at term 1 for StepDownReason:LOST_MAJORITY_HEARTBEATS
2024-10-11 22:06:57,866 [s0@group-139FF0DD8ED4-LeaderStateImpl] INFO  impl.RoleInfo (RoleInfo.java:updateAndGet(148)) - s0: start s0@group-139FF0DD8ED4-FollowerState
2024-10-11 22:06:57,868 [main] DEBUG client.RaftClient (RaftClientImpl.java:handleIOException(418)) - client-62EBE4A38906: suggested new leader: null. Failed RaftClientRequest:client-62EBE4A38906->s0@group-139FF0DD8ED4, cid=44, seq=null, RW, message
org.apache.ratis.protocol.exceptions.NotLeaderException: Server s0@group-139FF0DD8ED4 is not the leader
	at org.apache.ratis.client.impl.ClientProtoUtils.toRaftClientReply(ClientProtoUtils.java:402)
	at java.util.concurrent.CompletableFuture.uniApply(CompletableFuture.java:616)
	at java.util.concurrent.CompletableFuture$UniApply.tryFire(CompletableFuture.java:591)
	at java.util.concurrent.CompletableFuture.postComplete(CompletableFuture.java:488)
	at java.util.concurrent.CompletableFuture.complete(CompletableFuture.java:1975)
	at org.apache.ratis.grpc.client.GrpcClientRpc$1.onNext(GrpcClientRpc.java:151)
	at org.apache.ratis.grpc.client.GrpcClientRpc$1.onNext(GrpcClientRpc.java:148)
	at org.apache.ratis.thirdparty.io.grpc.stub.ClientCalls$StreamObserverToCallListenerAdapter.onMessage(ClientCalls.java:468)
	at org.apache.ratis.thirdparty.io.grpc.ForwardingClientCallListener.onMessage(ForwardingClientCallListener.java:33)
	at org.apache.ratis.thirdparty.io.grpc.internal.ClientCallImpl$ClientStreamListenerImpl$1MessagesAvailable.runInternal(ClientCallImpl.java:660)
	at org.apache.ratis.thirdparty.io.grpc.internal.ClientCallImpl$ClientStreamListenerImpl$1MessagesAvailable.runInContext(ClientCallImpl.java:647)
	at org.apache.ratis.thirdparty.io.grpc.internal.ContextRunnable.run(ContextRunnable.java:37)
	at org.apache.ratis.thirdparty.io.grpc.internal.SerializingExecutor.run(SerializingExecutor.java:133)
	at java.util.concurrent.ThreadPoolExecutor.runWorker(ThreadPoolExecutor.java:1149)
	at java.util.concurrent.ThreadPoolExecutor$Worker.run(ThreadPoolExecutor.java:624)
	at java.lang.Thread.run(Thread.java:750)
2024-10-11 22:06:57,868 [main] DEBUG client.RaftClient (RaftClientImpl.java:handleIOException(436)) - client-62EBE4A38906: oldLeader=s0,  curLeader=s0, newLeader=s2
2024-10-11 22:06:57,868 [main] DEBUG client.RaftClient (RaftClientImpl.java:handleIOException(442)) - client-62EBE4A38906 changes Leader from s0 to s2 for group-139FF0DD8ED4
org.apache.ratis.protocol.exceptions.NotLeaderException: Server s0@group-139FF0DD8ED4 is not the leader
	at org.apache.ratis.client.impl.ClientProtoUtils.toRaftClientReply(ClientProtoUtils.java:402)
	at java.util.concurrent.CompletableFuture.uniApply(CompletableFuture.java:616)
	at java.util.concurrent.CompletableFuture$UniApply.tryFire(CompletableFuture.java:591)
	at java.util.concurrent.CompletableFuture.postComplete(CompletableFuture.java:488)
	at java.util.concurrent.CompletableFuture.complete(CompletableFuture.java:1975)
	at org.apache.ratis.grpc.client.GrpcClientRpc$1.onNext(GrpcClientRpc.java:151)
	at org.apache.ratis.grpc.client.GrpcClientRpc$1.onNext(GrpcClientRpc.java:148)
	at org.apache.ratis.thirdparty.io.grpc.stub.ClientCalls$StreamObserverToCallListenerAdapter.onMessage(ClientCalls.java:468)
	at org.apache.ratis.thirdparty.io.grpc.ForwardingClientCallListener.onMessage(ForwardingClientCallListener.java:33)
	at org.apache.ratis.thirdparty.io.grpc.internal.ClientCallImpl$ClientStreamListenerImpl$1MessagesAvailable.runInternal(ClientCallImpl.java:660)
	at org.apache.ratis.thirdparty.io.grpc.internal.ClientCallImpl$ClientStreamListenerImpl$1MessagesAvailable.runInContext(ClientCallImpl.java:647)
	at org.apache.ratis.thirdparty.io.grpc.internal.ContextRunnable.run(ContextRunnable.java:37)
	at org.apache.ratis.thirdparty.io.grpc.internal.SerializingExecutor.run(SerializingExecutor.java:133)
	at java.util.concurrent.ThreadPoolExecutor.runWorker(ThreadPoolExecutor.java:1149)
	at java.util.concurrent.ThreadPoolExecutor$Worker.run(ThreadPoolExecutor.java:624)
	at java.lang.Thread.run(Thread.java:750)
2024-10-11 22:06:57,969 [main] DEBUG client.RaftClient (RaftClientImpl.java:get(158)) - client-62EBE4A38906: get 44 returns [43]
2024-10-11 22:06:57,970 [main] DEBUG client.RaftClient (RaftClientImpl.java:newRequest(95)) - attempt #2, newRequest RaftClientRequest:client-62EBE4A38906->s2@group-139FF0DD8ED4, cid=44, seq=null, RW, message
2024-10-11 22:06:57,975 [s2-client-thread1] DEBUG server.RaftServer$Division (RaftServerImpl.java:submitClientRequestAsync(920)) - s2@group-139FF0DD8ED4: receive client request(RaftClientRequest:client-62EBE4A38906->s2@group-139FF0DD8ED4, cid=44, seq=null, RW, Message:6d657373616765)
2024-10-11 22:06:57,976 [s2-client-thread1] DEBUG server.RaftServer$Division (LeaderStateImpl.java:addPendingRequest(529)) - s2@group-139FF0DD8ED4-LeaderStateImpl: addPendingRequest at RaftClientRequest:client-62EBE4A38906->s2@group-139FF0DD8ED4, cid=44, seq=null, RW, Message:6d657373616765, entry=(t:2, i:5), STATEMACHINELOGENTRY, WRITE: logData.size=7, stateMachineData.size=0, logEntryProtoSerializedSize=0
2024-10-11 22:06:57,977 [s1-server-thread1] DEBUG server.RaftServer$Division (RaftServerImpl.java:logAppendEntries(1549)) - s1@group-139FF0DD8ED4: appendEntries* s2->s1#6-t2,previous=(t:2, i:4),leaderCommit=4,initializing? false,entries: size=1, first=(t:2, i:5), STATEMACHINELOGENTRY, StateMachineLogEntryProto:44@client-62EBE4A38906
2024-10-11 22:06:57,977 [s1-server-thread1] DEBUG server.RaftServer$Division (RaftServerImpl.java:logAppendEntries(1549)) - s1@group-139FF0DD8ED4: appendEntries* reply s2<-s1#6:OK-t2,SUCCESS,nextIndex=6,followerCommit=4,matchIndex=5
2024-10-11 22:06:57,978 [s1-server-thread1] DEBUG server.RaftServer$Division (RaftServerImpl.java:logAppendEntries(1549)) - s1@group-139FF0DD8ED4: appendEntries* s2->s1#7-t2,previous=(t:2, i:5),leaderCommit=5,initializing? false,entries: size=1, first=(t:2, i:6), METADATAENTRY(c:5)
2024-10-11 22:06:57,979 [s1-server-thread1] DEBUG server.RaftServer$Division (RaftServerImpl.java:logAppendEntries(1549)) - s1@group-139FF0DD8ED4: appendEntries* reply s2<-s1#7:OK-t2,SUCCESS,nextIndex=7,followerCommit=5,matchIndex=6
2024-10-11 22:06:57,982 [main] DEBUG client.RaftClient (RaftClientImpl.java:add(146)) - client-62EBE4A38906: add replied callId 44
2024-10-11 22:06:57,983 [main] DEBUG client.RaftClient (RaftClientImpl.java:close(465)) - close client-62EBE4A38906
2024-10-11 22:06:57,984 [main] INFO  util.CodeInjectionForTesting (BlockRequestHandlingInjection.java:unblockRequestor(54)) - UnBlock requestor s0
2024-10-11 22:06:57,985 [main] INFO  impl.MiniRaftCluster (MiniRaftCluster.java:shutdown(837)) - ************************************************************** 
2024-10-11 22:06:57,985 [main] INFO  impl.MiniRaftCluster (MiniRaftCluster.java:shutdown(838)) - *** 
2024-10-11 22:06:57,985 [main] INFO  impl.MiniRaftCluster (MiniRaftCluster.java:shutdown(839)) - ***     Stopping MiniRaftClusterWithGrpc
2024-10-11 22:06:57,985 [main] INFO  impl.MiniRaftCluster (MiniRaftCluster.java:shutdown(840)) - *** 
2024-10-11 22:06:57,985 [main] INFO  impl.MiniRaftCluster (MiniRaftCluster.java:shutdown(841)) - ************************************************************** 
2024-10-11 22:06:57,985 [main] INFO  impl.MiniRaftCluster (MiniRaftCluster.java:shutdown(842)) - printing ALL groups
  s0:  RUNNING  FOLLOWER s0@group-139FF0DD8ED4:t1, leader=null, voted=s0, raftlog=Memoized:s0@group-139FF0DD8ED4-SegmentedRaftLog:OPENED:c2:last(t:1, i:3), conf=conf: {index: 0, cur=peers:[s0|localhost:15340, s1|localhost:15344, s2|localhost:15348]|listeners:[], old=null} RUNNING
  s1:  RUNNING  FOLLOWER s1@group-139FF0DD8ED4:t2, leader=s2, voted=s2, raftlog=Memoized:s1@group-139FF0DD8ED4-SegmentedRaftLog:OPENED:c5:last(t:2, i:6), conf=conf: {index: 3, cur=peers:[s0|localhost:15340, s1|localhost:15344, s2|localhost:15348]|listeners:[], old=null} RUNNING
  s2:  RUNNING    LEADER s2@group-139FF0DD8ED4:t2, leader=s2, voted=s2, raftlog=Memoized:s2@group-139FF0DD8ED4-SegmentedRaftLog:OPENED:c6:last(t:2, i:6), conf=conf: {index: 3, cur=peers:[s0|localhost:15340, s1|localhost:15344, s2|localhost:15348]|listeners:[], old=null} RUNNING
2024-10-11 22:06:57,986 [MiniRaftCluster-117] INFO  server.RaftServer (RaftServerProxy.java:lambda$close$9(418)) - s0: close
2024-10-11 22:06:57,986 [MiniRaftCluster-118] INFO  server.RaftServer (RaftServerProxy.java:lambda$close$9(418)) - s1: close
2024-10-11 22:06:57,986 [s0-impl-thread1] INFO  server.RaftServer$Division (RaftServerImpl.java:lambda$close$1(515)) - s0@group-139FF0DD8ED4: shutdown
2024-10-11 22:06:57,986 [MiniRaftCluster-118] INFO  server.GrpcService (GrpcService.java:closeImpl(350)) - s1: shutdown server org.apache.ratis.grpc.server.GrpcClientProtocolService now
2024-10-11 22:06:57,986 [MiniRaftCluster-119] INFO  server.RaftServer (RaftServerProxy.java:lambda$close$9(418)) - s2: close
2024-10-11 22:06:57,987 [s2-impl-thread1] INFO  server.RaftServer$Division (RaftServerImpl.java:lambda$close$1(515)) - s2@group-139FF0DD8ED4: shutdown
2024-10-11 22:06:57,987 [s2-impl-thread1] INFO  util.JmxRegister (JmxRegister.java:unregister(74)) - Successfully un-registered JMX Bean with object name Ratis:service=RaftServer,group=group-139FF0DD8ED4,id=s2
2024-10-11 22:06:57,987 [s2-impl-thread1] INFO  impl.RoleInfo (RoleInfo.java:shutdownLeaderState(103)) - s2: shutdown s2@group-139FF0DD8ED4-LeaderStateImpl
2024-10-11 22:06:57,987 [MiniRaftCluster-119] INFO  server.GrpcService (GrpcService.java:closeImpl(350)) - s2: shutdown server org.apache.ratis.grpc.server.GrpcClientProtocolService now
2024-10-11 22:06:57,986 [s1-impl-thread1] INFO  server.RaftServer$Division (RaftServerImpl.java:lambda$close$1(515)) - s1@group-139FF0DD8ED4: shutdown
2024-10-11 22:06:57,987 [s1-impl-thread1] INFO  util.JmxRegister (JmxRegister.java:unregister(74)) - Successfully un-registered JMX Bean with object name Ratis:service=RaftServer,group=group-139FF0DD8ED4,id=s1
2024-10-11 22:06:57,987 [s1-impl-thread1] INFO  impl.RoleInfo (RoleInfo.java:shutdownFollowerState(121)) - s1: shutdown s1@group-139FF0DD8ED4-FollowerState
2024-10-11 22:06:57,987 [s1-impl-thread1] INFO  impl.StateMachineUpdater (StateMachineUpdater.java:stopAndJoin(164)) - s1@group-139FF0DD8ED4-StateMachineUpdater: set stopIndex = 5
2024-10-11 22:06:57,987 [s1@group-139FF0DD8ED4-StateMachineUpdater] INFO  impl.StateMachineUpdater (StateMachineUpdater.java:stop(141)) - s1@group-139FF0DD8ED4-StateMachineUpdater: closing BaseStateMachine, lastApplied=(t:2, i:5)
2024-10-11 22:06:57,987 [s1-impl-thread1] INFO  raftlog.RaftLog (SegmentedRaftLog.java:close(567)) - Start closing s1@group-139FF0DD8ED4-SegmentedRaftLog:OPENED:c5:last(t:2, i:6)
2024-10-11 22:06:57,986 [s0-impl-thread1] INFO  util.JmxRegister (JmxRegister.java:unregister(74)) - Successfully un-registered JMX Bean with object name Ratis:service=RaftServer,group=group-139FF0DD8ED4,id=s0
2024-10-11 22:06:57,988 [s0-impl-thread1] INFO  impl.RoleInfo (RoleInfo.java:shutdownFollowerState(121)) - s0: shutdown s0@group-139FF0DD8ED4-FollowerState
2024-10-11 22:06:57,988 [s0-impl-thread1] INFO  impl.StateMachineUpdater (StateMachineUpdater.java:stopAndJoin(164)) - s0@group-139FF0DD8ED4-StateMachineUpdater: set stopIndex = 2
2024-10-11 22:06:57,987 [s1@group-139FF0DD8ED4-FollowerState] INFO  impl.FollowerState (FollowerState.java:runImpl(170)) - s1@group-139FF0DD8ED4-FollowerState was interrupted
2024-10-11 22:06:57,988 [Thread-2187] INFO  server.GrpcServerProtocolClient (GrpcServerProtocolClient.java:close(105)) - s1 Close channels
2024-10-11 22:06:57,988 [s0@group-139FF0DD8ED4-FollowerState] INFO  impl.FollowerState (FollowerState.java:runImpl(170)) - s0@group-139FF0DD8ED4-FollowerState was interrupted
2024-10-11 22:06:57,988 [Thread-2184] INFO  server.GrpcServerProtocolClient (GrpcServerProtocolClient.java:close(105)) - s0 Close channels
2024-10-11 22:06:57,989 [s2@group-139FF0DD8ED4->s0-GrpcLogAppender-LogAppenderDaemon] WARN  server.GrpcLogAppender (GrpcLogAppender.java:mayWait(293)) - s2@group-139FF0DD8ED4->s0-GrpcLogAppender: Wait interrupted by java.lang.InterruptedException
2024-10-11 22:06:57,989 [s2@group-139FF0DD8ED4->s1-GrpcLogAppender-LogAppenderDaemon] WARN  server.GrpcLogAppender (GrpcLogAppender.java:mayWait(293)) - s2@group-139FF0DD8ED4->s1-GrpcLogAppender: Wait interrupted by java.lang.InterruptedException
2024-10-11 22:06:57,988 [s0@group-139FF0DD8ED4-StateMachineUpdater] INFO  impl.StateMachineUpdater (StateMachineUpdater.java:stop(141)) - s0@group-139FF0DD8ED4-StateMachineUpdater: closing BaseStateMachine, lastApplied=(t:1, i:2)
2024-10-11 22:06:57,990 [grpc-default-executor-8] INFO  server.GrpcServerProtocolService (GrpcServerProtocolService.java:onCompleted(200)) - s1: Completed APPEND_ENTRIES, lastRequest: null
2024-10-11 22:06:57,990 [grpc-default-executor-8] INFO  server.GrpcServerProtocolService (GrpcServerProtocolService.java:lambda$onCompleted$7(202)) - s1: Completed APPEND_ENTRIES, lastReply: serverReply {
  requestorId: "s2"
  replyId: "s1"
  raftGroupId {
    id: "\2122\213\317\365\315H\370\252[\023\237\360\335\216\324"
  }
  callId: 5
  success: true
}
term: 2
nextIndex: 5
followerCommit: 4
matchIndex: 18446744073709551615
isHearbeat: true

2024-10-11 22:06:57,989 [s2-impl-thread1] INFO  impl.PendingRequests (PendingRequests.java:sendNotLeaderResponses(287)) - s2@group-139FF0DD8ED4-PendingRequests: sendNotLeaderResponses
2024-10-11 22:06:57,990 [s0-impl-thread1] INFO  raftlog.RaftLog (SegmentedRaftLog.java:close(567)) - Start closing s0@group-139FF0DD8ED4-SegmentedRaftLog:OPENED:c2:last(t:1, i:3)
2024-10-11 22:06:57,990 [s1@group-139FF0DD8ED4-cacheEviction-AwaitToRun] INFO  util.AwaitToRun (AwaitToRun.java:run(49)) - s1@group-139FF0DD8ED4-cacheEviction-AwaitToRun-AwaitForSignal is interrupted
2024-10-11 22:06:57,992 [s0@group-139FF0DD8ED4-cacheEviction-AwaitToRun] INFO  util.AwaitToRun (AwaitToRun.java:run(49)) - s0@group-139FF0DD8ED4-cacheEviction-AwaitToRun-AwaitForSignal is interrupted
2024-10-11 22:06:57,992 [s2@group-139FF0DD8ED4-StateMachineUpdater] INFO  impl.StateMachineUpdater (StateMachineUpdater.java:stop(141)) - s2@group-139FF0DD8ED4-StateMachineUpdater: closing BaseStateMachine, lastApplied=(t:2, i:6)
2024-10-11 22:06:57,993 [s1-impl-thread1] INFO  segmented.LogSegment (LogSegment.java:close(348)) - Successfully closed EntryCache-log_inprogress_3
2024-10-11 22:06:57,993 [s1-impl-thread1] INFO  segmented.LogSegment (LogSegment.java:close(348)) - Successfully closed EntryCache-log-0_2
2024-10-11 22:06:57,993 [grpc-default-executor-12] INFO  server.GrpcLogAppender (GrpcLogAppender.java:onCompleted(559)) - s2@group-139FF0DD8ED4->s1-AppendLogResponseHandler: follower responses appendEntries COMPLETED
2024-10-11 22:06:57,993 [grpc-default-executor-8] INFO  server.GrpcServerProtocolService (GrpcServerProtocolService.java:onCompleted(200)) - s1: Completed APPEND_ENTRIES, lastRequest: s2->s1#7-t2,previous=(t:2, i:5),leaderCommit=5,initializing? false,entries: size=1, first=(t:2, i:6), METADATAENTRY(c:5)
2024-10-11 22:06:57,993 [grpc-default-executor-8] INFO  server.GrpcServerProtocolService (GrpcServerProtocolService.java:lambda$onCompleted$7(202)) - s1: Completed APPEND_ENTRIES, lastReply: null
2024-10-11 22:06:57,994 [grpc-default-executor-8] INFO  server.GrpcLogAppender (GrpcLogAppender.java:onCompleted(559)) - s2@group-139FF0DD8ED4->s1-AppendLogResponseHandler: follower responses appendEntries COMPLETED
2024-10-11 22:06:57,992 [s2-impl-thread1] INFO  impl.StateMachineUpdater (StateMachineUpdater.java:stopAndJoin(164)) - s2@group-139FF0DD8ED4-StateMachineUpdater: set stopIndex = 6
2024-10-11 22:06:57,994 [s2-impl-thread1] INFO  raftlog.RaftLog (SegmentedRaftLog.java:close(567)) - Start closing s2@group-139FF0DD8ED4-SegmentedRaftLog:OPENED:c6:last(t:2, i:6)
2024-10-11 22:06:57,994 [s2@group-139FF0DD8ED4-cacheEviction-AwaitToRun] INFO  util.AwaitToRun (AwaitToRun.java:run(49)) - s2@group-139FF0DD8ED4-cacheEviction-AwaitToRun-AwaitForSignal is interrupted
2024-10-11 22:06:57,992 [MiniRaftCluster-118] INFO  server.GrpcService (GrpcService.java:closeImpl(359)) - s1: shutdown server org.apache.ratis.grpc.server.GrpcClientProtocolService successfully
2024-10-11 22:06:57,994 [MiniRaftCluster-118] INFO  server.GrpcService (GrpcService.java:closeImpl(350)) - s1: shutdown server GrpcServerProtocolService now
2024-10-11 22:06:57,994 [grpc-default-executor-12] WARN  server.GrpcLogAppender (GrpcLogAppender.java:resetClient(230)) - s2@group-139FF0DD8ED4->s1-GrpcLogAppender: Failed to getClient for s1
org.apache.ratis.protocol.exceptions.AlreadyClosedException: s2 is already CLOSED
	at org.apache.ratis.util.PeerProxyMap$PeerAndProxy.getProxy(PeerProxyMap.java:67)
	at org.apache.ratis.util.PeerProxyMap.getProxy(PeerProxyMap.java:124)
	at org.apache.ratis.grpc.server.GrpcLogAppender.getClient(GrpcLogAppender.java:200)
	at org.apache.ratis.grpc.server.GrpcLogAppender.resetClient(GrpcLogAppender.java:205)
	at org.apache.ratis.grpc.server.GrpcLogAppender.access$800(GrpcLogAppender.java:64)
	at org.apache.ratis.grpc.server.GrpcLogAppender$AppendLogResponseHandler.onCompleted(GrpcLogAppender.java:560)
	at org.apache.ratis.thirdparty.io.grpc.stub.ClientCalls$StreamObserverToCallListenerAdapter.onClose(ClientCalls.java:479)
	at org.apache.ratis.thirdparty.io.grpc.internal.DelayedClientCall$DelayedListener$3.run(DelayedClientCall.java:489)
	at org.apache.ratis.thirdparty.io.grpc.internal.DelayedClientCall$DelayedListener.delayOrExecute(DelayedClientCall.java:453)
	at org.apache.ratis.thirdparty.io.grpc.internal.DelayedClientCall$DelayedListener.onClose(DelayedClientCall.java:486)
	at org.apache.ratis.thirdparty.io.grpc.internal.ClientCallImpl.closeObserver(ClientCallImpl.java:567)
	at org.apache.ratis.thirdparty.io.grpc.internal.ClientCallImpl.access$300(ClientCallImpl.java:71)
	at org.apache.ratis.thirdparty.io.grpc.internal.ClientCallImpl$ClientStreamListenerImpl$1StreamClosed.runInternal(ClientCallImpl.java:735)
	at org.apache.ratis.thirdparty.io.grpc.internal.ClientCallImpl$ClientStreamListenerImpl$1StreamClosed.runInContext(ClientCallImpl.java:716)
	at org.apache.ratis.thirdparty.io.grpc.internal.ContextRunnable.run(ContextRunnable.java:37)
	at org.apache.ratis.thirdparty.io.grpc.internal.SerializingExecutor.run(SerializingExecutor.java:133)
	at java.util.concurrent.ThreadPoolExecutor.runWorker(ThreadPoolExecutor.java:1149)
	at java.util.concurrent.ThreadPoolExecutor$Worker.run(ThreadPoolExecutor.java:624)
	at java.lang.Thread.run(Thread.java:750)
2024-10-11 22:06:57,994 [grpc-default-executor-8] WARN  server.GrpcLogAppender (GrpcLogAppender.java:resetClient(230)) - s2@group-139FF0DD8ED4->s1-GrpcLogAppender: Failed to getClient for s1
org.apache.ratis.protocol.exceptions.AlreadyClosedException: s2 is already CLOSED
	at org.apache.ratis.util.PeerProxyMap$PeerAndProxy.getProxy(PeerProxyMap.java:67)
	at org.apache.ratis.util.PeerProxyMap.getProxy(PeerProxyMap.java:124)
	at org.apache.ratis.grpc.server.GrpcLogAppender.getClient(GrpcLogAppender.java:200)
	at org.apache.ratis.grpc.server.GrpcLogAppender.resetClient(GrpcLogAppender.java:205)
	at org.apache.ratis.grpc.server.GrpcLogAppender.access$800(GrpcLogAppender.java:64)
	at org.apache.ratis.grpc.server.GrpcLogAppender$AppendLogResponseHandler.onCompleted(GrpcLogAppender.java:560)
	at org.apache.ratis.thirdparty.io.grpc.stub.ClientCalls$StreamObserverToCallListenerAdapter.onClose(ClientCalls.java:479)
	at org.apache.ratis.thirdparty.io.grpc.internal.ClientCallImpl.closeObserver(ClientCallImpl.java:567)
	at org.apache.ratis.thirdparty.io.grpc.internal.ClientCallImpl.access$300(ClientCallImpl.java:71)
	at org.apache.ratis.thirdparty.io.grpc.internal.ClientCallImpl$ClientStreamListenerImpl$1StreamClosed.runInternal(ClientCallImpl.java:735)
	at org.apache.ratis.thirdparty.io.grpc.internal.ClientCallImpl$ClientStreamListenerImpl$1StreamClosed.runInContext(ClientCallImpl.java:716)
	at org.apache.ratis.thirdparty.io.grpc.internal.ContextRunnable.run(ContextRunnable.java:37)
	at org.apache.ratis.thirdparty.io.grpc.internal.SerializingExecutor.run(SerializingExecutor.java:133)
	at java.util.concurrent.ThreadPoolExecutor.runWorker(ThreadPoolExecutor.java:1149)
	at java.util.concurrent.ThreadPoolExecutor$Worker.run(ThreadPoolExecutor.java:624)
	at java.lang.Thread.run(Thread.java:750)
2024-10-11 22:06:57,992 [MiniRaftCluster-117] INFO  server.GrpcService (GrpcService.java:closeImpl(350)) - s0: shutdown server org.apache.ratis.grpc.server.GrpcClientProtocolService now
2024-10-11 22:06:57,995 [grpc-default-executor-5] INFO  server.GrpcLogAppender (GrpcLogAppender.java:onError(546)) - s0@group-139FF0DD8ED4->s1-GrpcLogAppender is already stopped
2024-10-11 22:06:57,995 [MiniRaftCluster-118] INFO  server.GrpcService (GrpcService.java:closeImpl(359)) - s1: shutdown server GrpcServerProtocolService successfully
2024-10-11 22:06:57,996 [MiniRaftCluster-118] INFO  server.GrpcService (GrpcService.java:closeImpl(350)) - s1: shutdown server org.apache.ratis.grpc.server.GrpcAdminProtocolService now
2024-10-11 22:06:57,996 [MiniRaftCluster-118] INFO  server.GrpcService (GrpcService.java:closeImpl(359)) - s1: shutdown server org.apache.ratis.grpc.server.GrpcAdminProtocolService successfully
2024-10-11 22:06:57,996 [grpc-default-executor-8] INFO  server.GrpcLogAppender (GrpcLogAppender.java:onError(546)) - s0@group-139FF0DD8ED4->s1-GrpcLogAppender is already stopped
2024-10-11 22:06:57,995 [s2-impl-thread1] INFO  segmented.LogSegment (LogSegment.java:close(348)) - Successfully closed EntryCache-log_inprogress_3
2024-10-11 22:06:57,996 [s2-impl-thread1] INFO  segmented.LogSegment (LogSegment.java:close(348)) - Successfully closed EntryCache-log-0_2
2024-10-11 22:06:57,994 [s0-impl-thread1] INFO  segmented.LogSegment (LogSegment.java:close(348)) - Successfully closed EntryCache-log_inprogress_0
2024-10-11 22:06:57,996 [Thread-2190] INFO  server.GrpcServerProtocolClient (GrpcServerProtocolClient.java:close(105)) - s1 Close channels
2024-10-11 22:06:57,996 [Thread-2191] INFO  server.GrpcServerProtocolClient (GrpcServerProtocolClient.java:close(105)) - s2 Close channels
2024-10-11 22:06:58,029 [grpc-default-executor-4] INFO  util.CodeInjectionForTesting (BlockRequestHandlingInjection.java:execute(84)) - s0: unBlock request from s2
2024-10-11 22:06:58,029 [grpc-default-executor-4] INFO  server.RaftServer$Division (RaftServerImpl.java:requestVote(1447)) - s0@group-139FF0DD8ED4: receive requestVote(PRE_VOTE, s2, group-139FF0DD8ED4, 1, (t:1, i:2))
2024-10-11 22:06:58,029 [grpc-default-executor-4] WARN  server.GrpcServerProtocolService (LogUtils.java:warn(121)) - s0: Failed requestVote s2->s0#0: org.apache.ratis.protocol.exceptions.ServerNotReadyException: s0@group-139FF0DD8ED4 is not in [RUNNING]: current state is CLOSING
2024-10-11 22:06:58,033 [grpc-default-executor-6] INFO  util.CodeInjectionForTesting (BlockRequestHandlingInjection.java:execute(84)) - s0: unBlock request from s2
2024-10-11 22:06:58,033 [grpc-default-executor-6] INFO  server.RaftServer$Division (RaftServerImpl.java:requestVote(1447)) - s0@group-139FF0DD8ED4: receive requestVote(ELECTION, s2, group-139FF0DD8ED4, 2, (t:1, i:2))
2024-10-11 22:06:58,033 [grpc-default-executor-6] WARN  server.GrpcServerProtocolService (LogUtils.java:warn(121)) - s0: Failed requestVote s2->s0#0: org.apache.ratis.protocol.exceptions.ServerNotReadyException: s0@group-139FF0DD8ED4 is not in [RUNNING]: current state is CLOSING
2024-10-11 22:06:58,059 [s0-server-thread1] INFO  util.CodeInjectionForTesting (BlockRequestHandlingInjection.java:execute(84)) - s0: unBlock request from s2
2024-10-11 22:06:58,059 [s0-server-thread1] ERROR server.RaftServer$Division (RaftServerImpl.java:appendEntriesAsync(1518)) - s0@group-139FF0DD8ED4: Failed appendEntries* s2->s0#0-t2,previous=(t:1, i:2),leaderCommit=2,initializing? false,HEARTBEAT
org.apache.ratis.protocol.exceptions.ServerNotReadyException: s0@group-139FF0DD8ED4 is not in [STARTING, RUNNING]: current state is CLOSING
	at org.apache.ratis.server.impl.RaftServerImpl.lambda$assertLifeCycleState$7(RaftServerImpl.java:791)
	at org.apache.ratis.util.LifeCycle.assertCurrentState(LifeCycle.java:260)
	at org.apache.ratis.server.impl.RaftServerImpl.assertLifeCycleState(RaftServerImpl.java:790)
	at org.apache.ratis.server.impl.RaftServerImpl.appendEntriesAsync(RaftServerImpl.java:1509)
	at org.apache.ratis.server.impl.RaftServerProxy.lambda$null$28(RaftServerProxy.java:655)
	at org.apache.ratis.util.JavaUtils.callAsUnchecked(JavaUtils.java:118)
	at org.apache.ratis.server.impl.RaftServerImpl.lambda$executeSubmitServerRequestAsync$10(RaftServerImpl.java:907)
	at java.util.concurrent.CompletableFuture$AsyncSupply.run(CompletableFuture.java:1604)
	at java.util.concurrent.ThreadPoolExecutor.runWorker(ThreadPoolExecutor.java:1149)
	at java.util.concurrent.ThreadPoolExecutor$Worker.run(ThreadPoolExecutor.java:624)
	at java.lang.Thread.run(Thread.java:750)
2024-10-11 22:06:58,060 [s0-server-thread1] ERROR server.RaftServer$Division (RaftServerImpl.java:appendEntriesAsync(1518)) - s0@group-139FF0DD8ED4: Failed appendEntries* s2->s0#2-t2,previous=(t:0, i:0),leaderCommit=0,initializing? false,HEARTBEAT
org.apache.ratis.protocol.exceptions.ServerNotReadyException: s0@group-139FF0DD8ED4 is not in [STARTING, RUNNING]: current state is CLOSING
	at org.apache.ratis.server.impl.RaftServerImpl.lambda$assertLifeCycleState$7(RaftServerImpl.java:791)
	at org.apache.ratis.util.LifeCycle.assertCurrentState(LifeCycle.java:260)
	at org.apache.ratis.server.impl.RaftServerImpl.assertLifeCycleState(RaftServerImpl.java:790)
	at org.apache.ratis.server.impl.RaftServerImpl.appendEntriesAsync(RaftServerImpl.java:1509)
	at org.apache.ratis.server.impl.RaftServerProxy.lambda$null$28(RaftServerProxy.java:655)
	at org.apache.ratis.util.JavaUtils.callAsUnchecked(JavaUtils.java:118)
	at org.apache.ratis.server.impl.RaftServerImpl.lambda$executeSubmitServerRequestAsync$10(RaftServerImpl.java:907)
	at java.util.concurrent.CompletableFuture$AsyncSupply.run(CompletableFuture.java:1604)
	at java.util.concurrent.ThreadPoolExecutor.runWorker(ThreadPoolExecutor.java:1149)
	at java.util.concurrent.ThreadPoolExecutor$Worker.run(ThreadPoolExecutor.java:624)
	at java.lang.Thread.run(Thread.java:750)
2024-10-11 22:06:58,060 [s0-server-thread1] ERROR server.RaftServer$Division (RaftServerImpl.java:appendEntriesAsync(1518)) - s0@group-139FF0DD8ED4: Failed appendEntries* s2->s0#3-t2,previous=(t:0, i:0),leaderCommit=0,initializing? false,HEARTBEAT
org.apache.ratis.protocol.exceptions.ServerNotReadyException: s0@group-139FF0DD8ED4 is not in [STARTING, RUNNING]: current state is CLOSING
	at org.apache.ratis.server.impl.RaftServerImpl.lambda$assertLifeCycleState$7(RaftServerImpl.java:791)
	at org.apache.ratis.util.LifeCycle.assertCurrentState(LifeCycle.java:260)
	at org.apache.ratis.server.impl.RaftServerImpl.assertLifeCycleState(RaftServerImpl.java:790)
	at org.apache.ratis.server.impl.RaftServerImpl.appendEntriesAsync(RaftServerImpl.java:1509)
	at org.apache.ratis.server.impl.RaftServerProxy.lambda$null$28(RaftServerProxy.java:655)
	at org.apache.ratis.util.JavaUtils.callAsUnchecked(JavaUtils.java:118)
	at org.apache.ratis.server.impl.RaftServerImpl.lambda$executeSubmitServerRequestAsync$10(RaftServerImpl.java:907)
	at java.util.concurrent.CompletableFuture$AsyncSupply.run(CompletableFuture.java:1604)
	at java.util.concurrent.ThreadPoolExecutor.runWorker(ThreadPoolExecutor.java:1149)
	at java.util.concurrent.ThreadPoolExecutor$Worker.run(ThreadPoolExecutor.java:624)
	at java.lang.Thread.run(Thread.java:750)
2024-10-11 22:06:58,061 [s0-server-thread1] ERROR server.RaftServer$Division (RaftServerImpl.java:appendEntriesAsync(1518)) - s0@group-139FF0DD8ED4: Failed appendEntries* s2->s0#4-t2,previous=(t:0, i:0),leaderCommit=0,initializing? false,HEARTBEAT
org.apache.ratis.protocol.exceptions.ServerNotReadyException: s0@group-139FF0DD8ED4 is not in [STARTING, RUNNING]: current state is CLOSING
	at org.apache.ratis.server.impl.RaftServerImpl.lambda$assertLifeCycleState$7(RaftServerImpl.java:791)
	at org.apache.ratis.util.LifeCycle.assertCurrentState(LifeCycle.java:260)
	at org.apache.ratis.server.impl.RaftServerImpl.assertLifeCycleState(RaftServerImpl.java:790)
	at org.apache.ratis.server.impl.RaftServerImpl.appendEntriesAsync(RaftServerImpl.java:1509)
	at org.apache.ratis.server.impl.RaftServerProxy.lambda$null$28(RaftServerProxy.java:655)
	at org.apache.ratis.util.JavaUtils.callAsUnchecked(JavaUtils.java:118)
	at org.apache.ratis.server.impl.RaftServerImpl.lambda$executeSubmitServerRequestAsync$10(RaftServerImpl.java:907)
	at java.util.concurrent.CompletableFuture$AsyncSupply.run(CompletableFuture.java:1604)
	at java.util.concurrent.ThreadPoolExecutor.runWorker(ThreadPoolExecutor.java:1149)
	at java.util.concurrent.ThreadPoolExecutor$Worker.run(ThreadPoolExecutor.java:624)
	at java.lang.Thread.run(Thread.java:750)
2024-10-11 22:06:58,061 [s0-server-thread1] ERROR server.RaftServer$Division (RaftServerImpl.java:appendEntriesAsync(1518)) - s0@group-139FF0DD8ED4: Failed appendEntries* s2->s0#5-t2,previous=(t:0, i:0),leaderCommit=0,initializing? false,HEARTBEAT
org.apache.ratis.protocol.exceptions.ServerNotReadyException: s0@group-139FF0DD8ED4 is not in [STARTING, RUNNING]: current state is CLOSING
	at org.apache.ratis.server.impl.RaftServerImpl.lambda$assertLifeCycleState$7(RaftServerImpl.java:791)
	at org.apache.ratis.util.LifeCycle.assertCurrentState(LifeCycle.java:260)
	at org.apache.ratis.server.impl.RaftServerImpl.assertLifeCycleState(RaftServerImpl.java:790)
	at org.apache.ratis.server.impl.RaftServerImpl.appendEntriesAsync(RaftServerImpl.java:1509)
	at org.apache.ratis.server.impl.RaftServerProxy.lambda$null$28(RaftServerProxy.java:655)
	at org.apache.ratis.util.JavaUtils.callAsUnchecked(JavaUtils.java:118)
	at org.apache.ratis.server.impl.RaftServerImpl.lambda$executeSubmitServerRequestAsync$10(RaftServerImpl.java:907)
	at java.util.concurrent.CompletableFuture$AsyncSupply.run(CompletableFuture.java:1604)
	at java.util.concurrent.ThreadPoolExecutor.runWorker(ThreadPoolExecutor.java:1149)
	at java.util.concurrent.ThreadPoolExecutor$Worker.run(ThreadPoolExecutor.java:624)
	at java.lang.Thread.run(Thread.java:750)
2024-10-11 22:06:58,061 [s0-server-thread1] ERROR server.RaftServer$Division (RaftServerImpl.java:appendEntriesAsync(1518)) - s0@group-139FF0DD8ED4: Failed appendEntries* s2->s0#6-t2,previous=(t:0, i:0),leaderCommit=0,initializing? false,HEARTBEAT
org.apache.ratis.protocol.exceptions.ServerNotReadyException: s0@group-139FF0DD8ED4 is not in [STARTING, RUNNING]: current state is CLOSING
	at org.apache.ratis.server.impl.RaftServerImpl.lambda$assertLifeCycleState$7(RaftServerImpl.java:791)
	at org.apache.ratis.util.LifeCycle.assertCurrentState(LifeCycle.java:260)
	at org.apache.ratis.server.impl.RaftServerImpl.assertLifeCycleState(RaftServerImpl.java:790)
	at org.apache.ratis.server.impl.RaftServerImpl.appendEntriesAsync(RaftServerImpl.java:1509)
	at org.apache.ratis.server.impl.RaftServerProxy.lambda$null$28(RaftServerProxy.java:655)
	at org.apache.ratis.util.JavaUtils.callAsUnchecked(JavaUtils.java:118)
	at org.apache.ratis.server.impl.RaftServerImpl.lambda$executeSubmitServerRequestAsync$10(RaftServerImpl.java:907)
	at java.util.concurrent.CompletableFuture$AsyncSupply.run(CompletableFuture.java:1604)
	at java.util.concurrent.ThreadPoolExecutor.runWorker(ThreadPoolExecutor.java:1149)
	at java.util.concurrent.ThreadPoolExecutor$Worker.run(ThreadPoolExecutor.java:624)
	at java.lang.Thread.run(Thread.java:750)
2024-10-11 22:06:58,062 [s0-server-thread1] ERROR server.RaftServer$Division (RaftServerImpl.java:appendEntriesAsync(1518)) - s0@group-139FF0DD8ED4: Failed appendEntries* s2->s0#7-t2,previous=(t:0, i:0),leaderCommit=0,initializing? false,HEARTBEAT
org.apache.ratis.protocol.exceptions.ServerNotReadyException: s0@group-139FF0DD8ED4 is not in [STARTING, RUNNING]: current state is CLOSING
	at org.apache.ratis.server.impl.RaftServerImpl.lambda$assertLifeCycleState$7(RaftServerImpl.java:791)
	at org.apache.ratis.util.LifeCycle.assertCurrentState(LifeCycle.java:260)
	at org.apache.ratis.server.impl.RaftServerImpl.assertLifeCycleState(RaftServerImpl.java:790)
	at org.apache.ratis.server.impl.RaftServerImpl.appendEntriesAsync(RaftServerImpl.java:1509)
	at org.apache.ratis.server.impl.RaftServerProxy.lambda$null$28(RaftServerProxy.java:655)
	at org.apache.ratis.util.JavaUtils.callAsUnchecked(JavaUtils.java:118)
	at org.apache.ratis.server.impl.RaftServerImpl.lambda$executeSubmitServerRequestAsync$10(RaftServerImpl.java:907)
	at java.util.concurrent.CompletableFuture$AsyncSupply.run(CompletableFuture.java:1604)
	at java.util.concurrent.ThreadPoolExecutor.runWorker(ThreadPoolExecutor.java:1149)
	at java.util.concurrent.ThreadPoolExecutor$Worker.run(ThreadPoolExecutor.java:624)
	at java.lang.Thread.run(Thread.java:750)
2024-10-11 22:06:58,062 [s0-server-thread1] ERROR server.RaftServer$Division (RaftServerImpl.java:appendEntriesAsync(1518)) - s0@group-139FF0DD8ED4: Failed appendEntries* s2->s0#8-t2,previous=(t:0, i:0),leaderCommit=0,initializing? false,HEARTBEAT
org.apache.ratis.protocol.exceptions.ServerNotReadyException: s0@group-139FF0DD8ED4 is not in [STARTING, RUNNING]: current state is CLOSING
	at org.apache.ratis.server.impl.RaftServerImpl.lambda$assertLifeCycleState$7(RaftServerImpl.java:791)
	at org.apache.ratis.util.LifeCycle.assertCurrentState(LifeCycle.java:260)
	at org.apache.ratis.server.impl.RaftServerImpl.assertLifeCycleState(RaftServerImpl.java:790)
	at org.apache.ratis.server.impl.RaftServerImpl.appendEntriesAsync(RaftServerImpl.java:1509)
	at org.apache.ratis.server.impl.RaftServerProxy.lambda$null$28(RaftServerProxy.java:655)
	at org.apache.ratis.util.JavaUtils.callAsUnchecked(JavaUtils.java:118)
	at org.apache.ratis.server.impl.RaftServerImpl.lambda$executeSubmitServerRequestAsync$10(RaftServerImpl.java:907)
	at java.util.concurrent.CompletableFuture$AsyncSupply.run(CompletableFuture.java:1604)
	at java.util.concurrent.ThreadPoolExecutor.runWorker(ThreadPoolExecutor.java:1149)
	at java.util.concurrent.ThreadPoolExecutor$Worker.run(ThreadPoolExecutor.java:624)
	at java.lang.Thread.run(Thread.java:750)
2024-10-11 22:06:58,062 [s0-server-thread1] ERROR server.RaftServer$Division (RaftServerImpl.java:appendEntriesAsync(1518)) - s0@group-139FF0DD8ED4: Failed appendEntries* s2->s0#9-t2,previous=(t:0, i:0),leaderCommit=0,initializing? false,HEARTBEAT
org.apache.ratis.protocol.exceptions.ServerNotReadyException: s0@group-139FF0DD8ED4 is not in [STARTING, RUNNING]: current state is CLOSING
	at org.apache.ratis.server.impl.RaftServerImpl.lambda$assertLifeCycleState$7(RaftServerImpl.java:791)
	at org.apache.ratis.util.LifeCycle.assertCurrentState(LifeCycle.java:260)
	at org.apache.ratis.server.impl.RaftServerImpl.assertLifeCycleState(RaftServerImpl.java:790)
	at org.apache.ratis.server.impl.RaftServerImpl.appendEntriesAsync(RaftServerImpl.java:1509)
	at org.apache.ratis.server.impl.RaftServerProxy.lambda$null$28(RaftServerProxy.java:655)
	at org.apache.ratis.util.JavaUtils.callAsUnchecked(JavaUtils.java:118)
	at org.apache.ratis.server.impl.RaftServerImpl.lambda$executeSubmitServerRequestAsync$10(RaftServerImpl.java:907)
	at java.util.concurrent.CompletableFuture$AsyncSupply.run(CompletableFuture.java:1604)
	at java.util.concurrent.ThreadPoolExecutor.runWorker(ThreadPoolExecutor.java:1149)
	at java.util.concurrent.ThreadPoolExecutor$Worker.run(ThreadPoolExecutor.java:624)
	at java.lang.Thread.run(Thread.java:750)
2024-10-11 22:06:58,062 [s0-server-thread2] INFO  util.CodeInjectionForTesting (BlockRequestHandlingInjection.java:execute(84)) - s0: unBlock request from s2
2024-10-11 22:06:58,063 [s0-server-thread1] ERROR server.RaftServer$Division (RaftServerImpl.java:appendEntriesAsync(1518)) - s0@group-139FF0DD8ED4: Failed appendEntries* s2->s0#10-t2,previous=(t:0, i:0),leaderCommit=0,initializing? false,HEARTBEAT
org.apache.ratis.protocol.exceptions.ServerNotReadyException: s0@group-139FF0DD8ED4 is not in [STARTING, RUNNING]: current state is CLOSING
	at org.apache.ratis.server.impl.RaftServerImpl.lambda$assertLifeCycleState$7(RaftServerImpl.java:791)
	at org.apache.ratis.util.LifeCycle.assertCurrentState(LifeCycle.java:260)
	at org.apache.ratis.server.impl.RaftServerImpl.assertLifeCycleState(RaftServerImpl.java:790)
	at org.apache.ratis.server.impl.RaftServerImpl.appendEntriesAsync(RaftServerImpl.java:1509)
	at org.apache.ratis.server.impl.RaftServerProxy.lambda$null$28(RaftServerProxy.java:655)
	at org.apache.ratis.util.JavaUtils.callAsUnchecked(JavaUtils.java:118)
	at org.apache.ratis.server.impl.RaftServerImpl.lambda$executeSubmitServerRequestAsync$10(RaftServerImpl.java:907)
	at java.util.concurrent.CompletableFuture$AsyncSupply.run(CompletableFuture.java:1604)
	at java.util.concurrent.ThreadPoolExecutor.runWorker(ThreadPoolExecutor.java:1149)
	at java.util.concurrent.ThreadPoolExecutor$Worker.run(ThreadPoolExecutor.java:624)
	at java.lang.Thread.run(Thread.java:750)
2024-10-11 22:06:58,063 [s0-server-thread1] ERROR server.RaftServer$Division (RaftServerImpl.java:appendEntriesAsync(1518)) - s0@group-139FF0DD8ED4: Failed appendEntries* s2->s0#11-t2,previous=(t:0, i:0),leaderCommit=0,initializing? false,HEARTBEAT
org.apache.ratis.protocol.exceptions.ServerNotReadyException: s0@group-139FF0DD8ED4 is not in [STARTING, RUNNING]: current state is CLOSING
	at org.apache.ratis.server.impl.RaftServerImpl.lambda$assertLifeCycleState$7(RaftServerImpl.java:791)
	at org.apache.ratis.util.LifeCycle.assertCurrentState(LifeCycle.java:260)
	at org.apache.ratis.server.impl.RaftServerImpl.assertLifeCycleState(RaftServerImpl.java:790)
	at org.apache.ratis.server.impl.RaftServerImpl.appendEntriesAsync(RaftServerImpl.java:1509)
	at org.apache.ratis.server.impl.RaftServerProxy.lambda$null$28(RaftServerProxy.java:655)
	at org.apache.ratis.util.JavaUtils.callAsUnchecked(JavaUtils.java:118)
	at org.apache.ratis.server.impl.RaftServerImpl.lambda$executeSubmitServerRequestAsync$10(RaftServerImpl.java:907)
	at java.util.concurrent.CompletableFuture$AsyncSupply.run(CompletableFuture.java:1604)
	at java.util.concurrent.ThreadPoolExecutor.runWorker(ThreadPoolExecutor.java:1149)
	at java.util.concurrent.ThreadPoolExecutor$Worker.run(ThreadPoolExecutor.java:624)
	at java.lang.Thread.run(Thread.java:750)
2024-10-11 22:06:58,063 [s0-server-thread2] ERROR server.RaftServer$Division (RaftServerImpl.java:appendEntriesAsync(1518)) - s0@group-139FF0DD8ED4: Failed appendEntries* s2->s0#1-t2,previous=(t:1, i:2),leaderCommit=2,initializing? false,entries: size=1, first=(t:2, i:3), CONFIGURATIONENTRY(current:id:"s0"address:"localhost:15340"dataStreamAddress:"localhost:15343"clientAddress:"localhost:15342"adminAddress:"localhost:15341"startupRole:FOLLOWER, id:"s1"address:"localhost:15344"dataStreamAddress:"localhost:15347"clientAddress:"localhost:15346"adminAddress:"localhost:15345"startupRole:FOLLOWER, id:"s2"address:"localhost:15348"dataStreamAddress:"localhost:15351"clientAddress:"localhost:15350"adminAddress:"localhost:15349"startupRole:FOLLOWER, old:)
org.apache.ratis.protocol.exceptions.ServerNotReadyException: s0@group-139FF0DD8ED4 is not in [STARTING, RUNNING]: current state is CLOSING
	at org.apache.ratis.server.impl.RaftServerImpl.lambda$assertLifeCycleState$7(RaftServerImpl.java:791)
	at org.apache.ratis.util.LifeCycle.assertCurrentState(LifeCycle.java:260)
	at org.apache.ratis.server.impl.RaftServerImpl.assertLifeCycleState(RaftServerImpl.java:790)
	at org.apache.ratis.server.impl.RaftServerImpl.appendEntriesAsync(RaftServerImpl.java:1509)
	at org.apache.ratis.server.impl.RaftServerProxy.lambda$null$28(RaftServerProxy.java:655)
	at org.apache.ratis.util.JavaUtils.callAsUnchecked(JavaUtils.java:118)
	at org.apache.ratis.server.impl.RaftServerImpl.lambda$executeSubmitServerRequestAsync$10(RaftServerImpl.java:907)
	at java.util.concurrent.CompletableFuture$AsyncSupply.run(CompletableFuture.java:1604)
	at java.util.concurrent.ThreadPoolExecutor.runWorker(ThreadPoolExecutor.java:1149)
	at java.util.concurrent.ThreadPoolExecutor$Worker.run(ThreadPoolExecutor.java:624)
	at java.lang.Thread.run(Thread.java:750)
2024-10-11 22:06:58,063 [grpc-default-executor-7] WARN  server.GrpcServerProtocolService (LogUtils.java:warn(123)) - s0: Failed APPEND_ENTRIES request cid=1, isHeartbeat? false
java.util.concurrent.CompletionException: org.apache.ratis.protocol.exceptions.ServerNotReadyException: s0@group-139FF0DD8ED4 is not in [STARTING, RUNNING]: current state is CLOSING
	at org.apache.ratis.util.JavaUtils.callAsUnchecked(JavaUtils.java:122)
	at org.apache.ratis.server.impl.RaftServerImpl.lambda$executeSubmitServerRequestAsync$10(RaftServerImpl.java:907)
	at java.util.concurrent.CompletableFuture$AsyncSupply.run(CompletableFuture.java:1604)
	at java.util.concurrent.ThreadPoolExecutor.runWorker(ThreadPoolExecutor.java:1149)
	at java.util.concurrent.ThreadPoolExecutor$Worker.run(ThreadPoolExecutor.java:624)
	at java.lang.Thread.run(Thread.java:750)
Caused by: org.apache.ratis.protocol.exceptions.ServerNotReadyException: s0@group-139FF0DD8ED4 is not in [STARTING, RUNNING]: current state is CLOSING
	at org.apache.ratis.server.impl.RaftServerImpl.lambda$assertLifeCycleState$7(RaftServerImpl.java:791)
	at org.apache.ratis.util.LifeCycle.assertCurrentState(LifeCycle.java:260)
	at org.apache.ratis.server.impl.RaftServerImpl.assertLifeCycleState(RaftServerImpl.java:790)
	at org.apache.ratis.server.impl.RaftServerImpl.appendEntriesAsync(RaftServerImpl.java:1509)
	at org.apache.ratis.server.impl.RaftServerProxy.lambda$null$28(RaftServerProxy.java:655)
	at org.apache.ratis.util.JavaUtils.callAsUnchecked(JavaUtils.java:118)
	... 5 more
2024-10-11 22:06:58,063 [s0-server-thread1] ERROR server.RaftServer$Division (RaftServerImpl.java:appendEntriesAsync(1518)) - s0@group-139FF0DD8ED4: Failed appendEntries* s2->s0#12-t2,previous=(t:0, i:0),leaderCommit=0,initializing? false,HEARTBEAT
org.apache.ratis.protocol.exceptions.ServerNotReadyException: s0@group-139FF0DD8ED4 is not in [STARTING, RUNNING]: current state is CLOSING
	at org.apache.ratis.server.impl.RaftServerImpl.lambda$assertLifeCycleState$7(RaftServerImpl.java:791)
	at org.apache.ratis.util.LifeCycle.assertCurrentState(LifeCycle.java:260)
	at org.apache.ratis.server.impl.RaftServerImpl.assertLifeCycleState(RaftServerImpl.java:790)
	at org.apache.ratis.server.impl.RaftServerImpl.appendEntriesAsync(RaftServerImpl.java:1509)
	at org.apache.ratis.server.impl.RaftServerProxy.lambda$null$28(RaftServerProxy.java:655)
	at org.apache.ratis.util.JavaUtils.callAsUnchecked(JavaUtils.java:118)
	at org.apache.ratis.server.impl.RaftServerImpl.lambda$executeSubmitServerRequestAsync$10(RaftServerImpl.java:907)
	at java.util.concurrent.CompletableFuture$AsyncSupply.run(CompletableFuture.java:1604)
	at java.util.concurrent.ThreadPoolExecutor.runWorker(ThreadPoolExecutor.java:1149)
	at java.util.concurrent.ThreadPoolExecutor$Worker.run(ThreadPoolExecutor.java:624)
	at java.lang.Thread.run(Thread.java:750)
2024-10-11 22:06:58,064 [s0-server-thread1] ERROR server.RaftServer$Division (RaftServerImpl.java:appendEntriesAsync(1518)) - s0@group-139FF0DD8ED4: Failed appendEntries* s2->s0#13-t2,previous=(t:0, i:0),leaderCommit=0,initializing? false,HEARTBEAT
org.apache.ratis.protocol.exceptions.ServerNotReadyException: s0@group-139FF0DD8ED4 is not in [STARTING, RUNNING]: current state is CLOSING
	at org.apache.ratis.server.impl.RaftServerImpl.lambda$assertLifeCycleState$7(RaftServerImpl.java:791)
	at org.apache.ratis.util.LifeCycle.assertCurrentState(LifeCycle.java:260)
	at org.apache.ratis.server.impl.RaftServerImpl.assertLifeCycleState(RaftServerImpl.java:790)
	at org.apache.ratis.server.impl.RaftServerImpl.appendEntriesAsync(RaftServerImpl.java:1509)
	at org.apache.ratis.server.impl.RaftServerProxy.lambda$null$28(RaftServerProxy.java:655)
	at org.apache.ratis.util.JavaUtils.callAsUnchecked(JavaUtils.java:118)
	at org.apache.ratis.server.impl.RaftServerImpl.lambda$executeSubmitServerRequestAsync$10(RaftServerImpl.java:907)
	at java.util.concurrent.CompletableFuture$AsyncSupply.run(CompletableFuture.java:1604)
	at java.util.concurrent.ThreadPoolExecutor.runWorker(ThreadPoolExecutor.java:1149)
	at java.util.concurrent.ThreadPoolExecutor$Worker.run(ThreadPoolExecutor.java:624)
	at java.lang.Thread.run(Thread.java:750)
2024-10-11 22:06:58,064 [s0-server-thread1] ERROR server.RaftServer$Division (RaftServerImpl.java:appendEntriesAsync(1518)) - s0@group-139FF0DD8ED4: Failed appendEntries* s2->s0#14-t2,previous=(t:0, i:0),leaderCommit=0,initializing? false,HEARTBEAT
org.apache.ratis.protocol.exceptions.ServerNotReadyException: s0@group-139FF0DD8ED4 is not in [STARTING, RUNNING]: current state is CLOSING
	at org.apache.ratis.server.impl.RaftServerImpl.lambda$assertLifeCycleState$7(RaftServerImpl.java:791)
	at org.apache.ratis.util.LifeCycle.assertCurrentState(LifeCycle.java:260)
	at org.apache.ratis.server.impl.RaftServerImpl.assertLifeCycleState(RaftServerImpl.java:790)
	at org.apache.ratis.server.impl.RaftServerImpl.appendEntriesAsync(RaftServerImpl.java:1509)
	at org.apache.ratis.server.impl.RaftServerProxy.lambda$null$28(RaftServerProxy.java:655)
	at org.apache.ratis.util.JavaUtils.callAsUnchecked(JavaUtils.java:118)
	at org.apache.ratis.server.impl.RaftServerImpl.lambda$executeSubmitServerRequestAsync$10(RaftServerImpl.java:907)
	at java.util.concurrent.CompletableFuture$AsyncSupply.run(CompletableFuture.java:1604)
	at java.util.concurrent.ThreadPoolExecutor.runWorker(ThreadPoolExecutor.java:1149)
	at java.util.concurrent.ThreadPoolExecutor$Worker.run(ThreadPoolExecutor.java:624)
	at java.lang.Thread.run(Thread.java:750)
2024-10-11 22:06:58,065 [grpc-default-executor-11] INFO  server.GrpcServerProtocolService (GrpcServerProtocolService.java:onCompleted(200)) - s0: Completed APPEND_ENTRIES, lastRequest: null
2024-10-11 22:06:58,069 [grpc-default-executor-11] INFO  server.GrpcLogAppender (GrpcLogAppender.java:onError(546)) - s2@group-139FF0DD8ED4->s0-GrpcLogAppender is already stopped
2024-10-11 22:06:58,165 [s2-server-thread2] INFO  util.CodeInjectionForTesting (BlockRequestHandlingInjection.java:execute(84)) - s2: unBlock request from s0
2024-10-11 22:06:58,165 [s1-server-thread2] INFO  util.CodeInjectionForTesting (BlockRequestHandlingInjection.java:execute(84)) - s1: unBlock request from s0
2024-10-11 22:06:58,165 [s2-server-thread2] ERROR server.RaftServer$Division (RaftServerImpl.java:appendEntriesAsync(1518)) - s2@group-139FF0DD8ED4: Failed appendEntries* s0->s2#24-t1,previous=(t:1, i:2),leaderCommit=2,initializing? false,entries: size=1, first=(t:1, i:3), STATEMACHINELOGENTRY, StateMachineLogEntryProto:44@client-62EBE4A38906
org.apache.ratis.protocol.exceptions.ServerNotReadyException: s2@group-139FF0DD8ED4 is not in [STARTING, RUNNING]: current state is CLOSING
	at org.apache.ratis.server.impl.RaftServerImpl.lambda$assertLifeCycleState$7(RaftServerImpl.java:791)
	at org.apache.ratis.util.LifeCycle.assertCurrentState(LifeCycle.java:260)
	at org.apache.ratis.server.impl.RaftServerImpl.assertLifeCycleState(RaftServerImpl.java:790)
	at org.apache.ratis.server.impl.RaftServerImpl.appendEntriesAsync(RaftServerImpl.java:1509)
	at org.apache.ratis.server.impl.RaftServerProxy.lambda$null$28(RaftServerProxy.java:655)
	at org.apache.ratis.util.JavaUtils.callAsUnchecked(JavaUtils.java:118)
	at org.apache.ratis.server.impl.RaftServerImpl.lambda$executeSubmitServerRequestAsync$10(RaftServerImpl.java:907)
	at java.util.concurrent.CompletableFuture$AsyncSupply.run(CompletableFuture.java:1604)
	at java.util.concurrent.ThreadPoolExecutor.runWorker(ThreadPoolExecutor.java:1149)
	at java.util.concurrent.ThreadPoolExecutor$Worker.run(ThreadPoolExecutor.java:624)
	at java.lang.Thread.run(Thread.java:750)
2024-10-11 22:06:58,165 [s1-server-thread2] ERROR server.RaftServer$Division (RaftServerImpl.java:appendEntriesAsync(1518)) - s1@group-139FF0DD8ED4: Failed appendEntries* s0->s1#23-t1,previous=(t:1, i:2),leaderCommit=2,initializing? false,entries: size=1, first=(t:1, i:3), STATEMACHINELOGENTRY, StateMachineLogEntryProto:44@client-62EBE4A38906
org.apache.ratis.protocol.exceptions.ServerNotReadyException: s1@group-139FF0DD8ED4 is not in [STARTING, RUNNING]: current state is CLOSING
	at org.apache.ratis.server.impl.RaftServerImpl.lambda$assertLifeCycleState$7(RaftServerImpl.java:791)
	at org.apache.ratis.util.LifeCycle.assertCurrentState(LifeCycle.java:260)
	at org.apache.ratis.server.impl.RaftServerImpl.assertLifeCycleState(RaftServerImpl.java:790)
	at org.apache.ratis.server.impl.RaftServerImpl.appendEntriesAsync(RaftServerImpl.java:1509)
	at org.apache.ratis.server.impl.RaftServerProxy.lambda$null$28(RaftServerProxy.java:655)
	at org.apache.ratis.util.JavaUtils.callAsUnchecked(JavaUtils.java:118)
	at org.apache.ratis.server.impl.RaftServerImpl.lambda$executeSubmitServerRequestAsync$10(RaftServerImpl.java:907)
	at java.util.concurrent.CompletableFuture$AsyncSupply.run(CompletableFuture.java:1604)
	at java.util.concurrent.ThreadPoolExecutor.runWorker(ThreadPoolExecutor.java:1149)
	at java.util.concurrent.ThreadPoolExecutor$Worker.run(ThreadPoolExecutor.java:624)
	at java.lang.Thread.run(Thread.java:750)
2024-10-11 22:06:58,165 [grpc-default-executor-1] WARN  server.GrpcServerProtocolService (LogUtils.java:warn(123)) - s2: Failed APPEND_ENTRIES request cid=24, isHeartbeat? false
java.util.concurrent.CompletionException: org.apache.ratis.protocol.exceptions.ServerNotReadyException: s2@group-139FF0DD8ED4 is not in [STARTING, RUNNING]: current state is CLOSING
	at org.apache.ratis.util.JavaUtils.callAsUnchecked(JavaUtils.java:122)
	at org.apache.ratis.server.impl.RaftServerImpl.lambda$executeSubmitServerRequestAsync$10(RaftServerImpl.java:907)
	at java.util.concurrent.CompletableFuture$AsyncSupply.run(CompletableFuture.java:1604)
	at java.util.concurrent.ThreadPoolExecutor.runWorker(ThreadPoolExecutor.java:1149)
	at java.util.concurrent.ThreadPoolExecutor$Worker.run(ThreadPoolExecutor.java:624)
	at java.lang.Thread.run(Thread.java:750)
Caused by: org.apache.ratis.protocol.exceptions.ServerNotReadyException: s2@group-139FF0DD8ED4 is not in [STARTING, RUNNING]: current state is CLOSING
	at org.apache.ratis.server.impl.RaftServerImpl.lambda$assertLifeCycleState$7(RaftServerImpl.java:791)
	at org.apache.ratis.util.LifeCycle.assertCurrentState(LifeCycle.java:260)
	at org.apache.ratis.server.impl.RaftServerImpl.assertLifeCycleState(RaftServerImpl.java:790)
	at org.apache.ratis.server.impl.RaftServerImpl.appendEntriesAsync(RaftServerImpl.java:1509)
	at org.apache.ratis.server.impl.RaftServerProxy.lambda$null$28(RaftServerProxy.java:655)
	at org.apache.ratis.util.JavaUtils.callAsUnchecked(JavaUtils.java:118)
	... 5 more
2024-10-11 22:06:58,165 [grpc-default-executor-3] WARN  server.GrpcServerProtocolService (LogUtils.java:warn(123)) - s1: Failed APPEND_ENTRIES request cid=23, isHeartbeat? false
java.util.concurrent.CompletionException: org.apache.ratis.protocol.exceptions.ServerNotReadyException: s1@group-139FF0DD8ED4 is not in [STARTING, RUNNING]: current state is CLOSING
	at org.apache.ratis.util.JavaUtils.callAsUnchecked(JavaUtils.java:122)
	at org.apache.ratis.server.impl.RaftServerImpl.lambda$executeSubmitServerRequestAsync$10(RaftServerImpl.java:907)
	at java.util.concurrent.CompletableFuture$AsyncSupply.run(CompletableFuture.java:1604)
	at java.util.concurrent.ThreadPoolExecutor.runWorker(ThreadPoolExecutor.java:1149)
	at java.util.concurrent.ThreadPoolExecutor$Worker.run(ThreadPoolExecutor.java:624)
	at java.lang.Thread.run(Thread.java:750)
Caused by: org.apache.ratis.protocol.exceptions.ServerNotReadyException: s1@group-139FF0DD8ED4 is not in [STARTING, RUNNING]: current state is CLOSING
	at org.apache.ratis.server.impl.RaftServerImpl.lambda$assertLifeCycleState$7(RaftServerImpl.java:791)
	at org.apache.ratis.util.LifeCycle.assertCurrentState(LifeCycle.java:260)
	at org.apache.ratis.server.impl.RaftServerImpl.assertLifeCycleState(RaftServerImpl.java:790)
	at org.apache.ratis.server.impl.RaftServerImpl.appendEntriesAsync(RaftServerImpl.java:1509)
	at org.apache.ratis.server.impl.RaftServerProxy.lambda$null$28(RaftServerProxy.java:655)
	at org.apache.ratis.util.JavaUtils.callAsUnchecked(JavaUtils.java:118)
	... 5 more
2024-10-11 22:06:58,167 [grpc-default-executor-3] WARN  server.GrpcServerProtocolService (LogUtils.java:warn(121)) - s1: APPEND_ENTRIES onError, lastRequest: null: org.apache.ratis.thirdparty.io.grpc.StatusRuntimeException: CANCELLED: client cancelled
2024-10-11 22:06:58,169 [grpc-default-executor-3] INFO  server.GrpcLogAppender (GrpcLogAppender.java:onError(546)) - s0@group-139FF0DD8ED4->s2-GrpcLogAppender is already stopped
2024-10-11 22:06:58,236 [s2-server-thread1] INFO  util.CodeInjectionForTesting (BlockRequestHandlingInjection.java:execute(84)) - s2: unBlock request from s0
2024-10-11 22:06:58,236 [s1-server-thread3] INFO  util.CodeInjectionForTesting (BlockRequestHandlingInjection.java:execute(84)) - s1: unBlock request from s0
2024-10-11 22:06:58,236 [s2-server-thread1] ERROR server.RaftServer$Division (RaftServerImpl.java:appendEntriesAsync(1518)) - s2@group-139FF0DD8ED4: Failed appendEntries* s0->s2#25-t1,previous=(t:0, i:0),leaderCommit=0,initializing? false,HEARTBEAT
org.apache.ratis.protocol.exceptions.ServerNotReadyException: s2@group-139FF0DD8ED4 is not in [STARTING, RUNNING]: current state is CLOSING
	at org.apache.ratis.server.impl.RaftServerImpl.lambda$assertLifeCycleState$7(RaftServerImpl.java:791)
	at org.apache.ratis.util.LifeCycle.assertCurrentState(LifeCycle.java:260)
	at org.apache.ratis.server.impl.RaftServerImpl.assertLifeCycleState(RaftServerImpl.java:790)
	at org.apache.ratis.server.impl.RaftServerImpl.appendEntriesAsync(RaftServerImpl.java:1509)
	at org.apache.ratis.server.impl.RaftServerProxy.lambda$null$28(RaftServerProxy.java:655)
	at org.apache.ratis.util.JavaUtils.callAsUnchecked(JavaUtils.java:118)
	at org.apache.ratis.server.impl.RaftServerImpl.lambda$executeSubmitServerRequestAsync$10(RaftServerImpl.java:907)
	at java.util.concurrent.CompletableFuture$AsyncSupply.run(CompletableFuture.java:1604)
	at java.util.concurrent.ThreadPoolExecutor.runWorker(ThreadPoolExecutor.java:1149)
	at java.util.concurrent.ThreadPoolExecutor$Worker.run(ThreadPoolExecutor.java:624)
	at java.lang.Thread.run(Thread.java:750)
2024-10-11 22:06:58,236 [s1-server-thread3] ERROR server.RaftServer$Division (RaftServerImpl.java:appendEntriesAsync(1518)) - s1@group-139FF0DD8ED4: Failed appendEntries* s0->s1#24-t1,previous=(t:0, i:0),leaderCommit=0,initializing? false,HEARTBEAT
org.apache.ratis.protocol.exceptions.ServerNotReadyException: s1@group-139FF0DD8ED4 is not in [STARTING, RUNNING]: current state is CLOSING
	at org.apache.ratis.server.impl.RaftServerImpl.lambda$assertLifeCycleState$7(RaftServerImpl.java:791)
	at org.apache.ratis.util.LifeCycle.assertCurrentState(LifeCycle.java:260)
	at org.apache.ratis.server.impl.RaftServerImpl.assertLifeCycleState(RaftServerImpl.java:790)
	at org.apache.ratis.server.impl.RaftServerImpl.appendEntriesAsync(RaftServerImpl.java:1509)
	at org.apache.ratis.server.impl.RaftServerProxy.lambda$null$28(RaftServerProxy.java:655)
	at org.apache.ratis.util.JavaUtils.callAsUnchecked(JavaUtils.java:118)
	at org.apache.ratis.server.impl.RaftServerImpl.lambda$executeSubmitServerRequestAsync$10(RaftServerImpl.java:907)
	at java.util.concurrent.CompletableFuture$AsyncSupply.run(CompletableFuture.java:1604)
	at java.util.concurrent.ThreadPoolExecutor.runWorker(ThreadPoolExecutor.java:1149)
	at java.util.concurrent.ThreadPoolExecutor$Worker.run(ThreadPoolExecutor.java:624)
	at java.lang.Thread.run(Thread.java:750)
2024-10-11 22:06:58,237 [grpc-default-executor-2] WARN  server.GrpcServerProtocolService (LogUtils.java:warn(121)) - s1: APPEND_ENTRIES onError, lastRequest: null: org.apache.ratis.thirdparty.io.grpc.StatusRuntimeException: CANCELLED: client cancelled
2024-10-11 22:06:58,237 [s2-server-thread1] ERROR server.RaftServer$Division (RaftServerImpl.java:appendEntriesAsync(1518)) - s2@group-139FF0DD8ED4: Failed appendEntries* s0->s2#26-t1,previous=(t:0, i:0),leaderCommit=0,initializing? false,HEARTBEAT
org.apache.ratis.protocol.exceptions.ServerNotReadyException: s2@group-139FF0DD8ED4 is not in [STARTING, RUNNING]: current state is CLOSING
	at org.apache.ratis.server.impl.RaftServerImpl.lambda$assertLifeCycleState$7(RaftServerImpl.java:791)
	at org.apache.ratis.util.LifeCycle.assertCurrentState(LifeCycle.java:260)
	at org.apache.ratis.server.impl.RaftServerImpl.assertLifeCycleState(RaftServerImpl.java:790)
	at org.apache.ratis.server.impl.RaftServerImpl.appendEntriesAsync(RaftServerImpl.java:1509)
	at org.apache.ratis.server.impl.RaftServerProxy.lambda$null$28(RaftServerProxy.java:655)
	at org.apache.ratis.util.JavaUtils.callAsUnchecked(JavaUtils.java:118)
	at org.apache.ratis.server.impl.RaftServerImpl.lambda$executeSubmitServerRequestAsync$10(RaftServerImpl.java:907)
	at java.util.concurrent.CompletableFuture$AsyncSupply.run(CompletableFuture.java:1604)
	at java.util.concurrent.ThreadPoolExecutor.runWorker(ThreadPoolExecutor.java:1149)
	at java.util.concurrent.ThreadPoolExecutor$Worker.run(ThreadPoolExecutor.java:624)
	at java.lang.Thread.run(Thread.java:750)
2024-10-11 22:06:58,237 [s2-server-thread1] ERROR server.RaftServer$Division (RaftServerImpl.java:appendEntriesAsync(1518)) - s2@group-139FF0DD8ED4: Failed appendEntries* s0->s2#27-t1,previous=(t:0, i:0),leaderCommit=0,initializing? false,HEARTBEAT
org.apache.ratis.protocol.exceptions.ServerNotReadyException: s2@group-139FF0DD8ED4 is not in [STARTING, RUNNING]: current state is CLOSING
	at org.apache.ratis.server.impl.RaftServerImpl.lambda$assertLifeCycleState$7(RaftServerImpl.java:791)
	at org.apache.ratis.util.LifeCycle.assertCurrentState(LifeCycle.java:260)
	at org.apache.ratis.server.impl.RaftServerImpl.assertLifeCycleState(RaftServerImpl.java:790)
	at org.apache.ratis.server.impl.RaftServerImpl.appendEntriesAsync(RaftServerImpl.java:1509)
	at org.apache.ratis.server.impl.RaftServerProxy.lambda$null$28(RaftServerProxy.java:655)
	at org.apache.ratis.util.JavaUtils.callAsUnchecked(JavaUtils.java:118)
	at org.apache.ratis.server.impl.RaftServerImpl.lambda$executeSubmitServerRequestAsync$10(RaftServerImpl.java:907)
	at java.util.concurrent.CompletableFuture$AsyncSupply.run(CompletableFuture.java:1604)
	at java.util.concurrent.ThreadPoolExecutor.runWorker(ThreadPoolExecutor.java:1149)
	at java.util.concurrent.ThreadPoolExecutor$Worker.run(ThreadPoolExecutor.java:624)
	at java.lang.Thread.run(Thread.java:750)
2024-10-11 22:06:58,237 [s2-server-thread1] ERROR server.RaftServer$Division (RaftServerImpl.java:appendEntriesAsync(1518)) - s2@group-139FF0DD8ED4: Failed appendEntries* s0->s2#28-t1,previous=(t:0, i:0),leaderCommit=0,initializing? false,HEARTBEAT
org.apache.ratis.protocol.exceptions.ServerNotReadyException: s2@group-139FF0DD8ED4 is not in [STARTING, RUNNING]: current state is CLOSING
	at org.apache.ratis.server.impl.RaftServerImpl.lambda$assertLifeCycleState$7(RaftServerImpl.java:791)
	at org.apache.ratis.util.LifeCycle.assertCurrentState(LifeCycle.java:260)
	at org.apache.ratis.server.impl.RaftServerImpl.assertLifeCycleState(RaftServerImpl.java:790)
	at org.apache.ratis.server.impl.RaftServerImpl.appendEntriesAsync(RaftServerImpl.java:1509)
	at org.apache.ratis.server.impl.RaftServerProxy.lambda$null$28(RaftServerProxy.java:655)
	at org.apache.ratis.util.JavaUtils.callAsUnchecked(JavaUtils.java:118)
	at org.apache.ratis.server.impl.RaftServerImpl.lambda$executeSubmitServerRequestAsync$10(RaftServerImpl.java:907)
	at java.util.concurrent.CompletableFuture$AsyncSupply.run(CompletableFuture.java:1604)
	at java.util.concurrent.ThreadPoolExecutor.runWorker(ThreadPoolExecutor.java:1149)
	at java.util.concurrent.ThreadPoolExecutor$Worker.run(ThreadPoolExecutor.java:624)
	at java.lang.Thread.run(Thread.java:750)
2024-10-11 22:06:58,238 [s2-server-thread1] ERROR server.RaftServer$Division (RaftServerImpl.java:appendEntriesAsync(1518)) - s2@group-139FF0DD8ED4: Failed appendEntries* s0->s2#29-t1,previous=(t:0, i:0),leaderCommit=0,initializing? false,HEARTBEAT
org.apache.ratis.protocol.exceptions.ServerNotReadyException: s2@group-139FF0DD8ED4 is not in [STARTING, RUNNING]: current state is CLOSING
	at org.apache.ratis.server.impl.RaftServerImpl.lambda$assertLifeCycleState$7(RaftServerImpl.java:791)
	at org.apache.ratis.util.LifeCycle.assertCurrentState(LifeCycle.java:260)
	at org.apache.ratis.server.impl.RaftServerImpl.assertLifeCycleState(RaftServerImpl.java:790)
	at org.apache.ratis.server.impl.RaftServerImpl.appendEntriesAsync(RaftServerImpl.java:1509)
	at org.apache.ratis.server.impl.RaftServerProxy.lambda$null$28(RaftServerProxy.java:655)
	at org.apache.ratis.util.JavaUtils.callAsUnchecked(JavaUtils.java:118)
	at org.apache.ratis.server.impl.RaftServerImpl.lambda$executeSubmitServerRequestAsync$10(RaftServerImpl.java:907)
	at java.util.concurrent.CompletableFuture$AsyncSupply.run(CompletableFuture.java:1604)
	at java.util.concurrent.ThreadPoolExecutor.runWorker(ThreadPoolExecutor.java:1149)
	at java.util.concurrent.ThreadPoolExecutor$Worker.run(ThreadPoolExecutor.java:624)
	at java.lang.Thread.run(Thread.java:750)
2024-10-11 22:06:58,238 [s2-server-thread1] ERROR server.RaftServer$Division (RaftServerImpl.java:appendEntriesAsync(1518)) - s2@group-139FF0DD8ED4: Failed appendEntries* s0->s2#30-t1,previous=(t:0, i:0),leaderCommit=0,initializing? false,HEARTBEAT
org.apache.ratis.protocol.exceptions.ServerNotReadyException: s2@group-139FF0DD8ED4 is not in [STARTING, RUNNING]: current state is CLOSING
	at org.apache.ratis.server.impl.RaftServerImpl.lambda$assertLifeCycleState$7(RaftServerImpl.java:791)
	at org.apache.ratis.util.LifeCycle.assertCurrentState(LifeCycle.java:260)
	at org.apache.ratis.server.impl.RaftServerImpl.assertLifeCycleState(RaftServerImpl.java:790)
	at org.apache.ratis.server.impl.RaftServerImpl.appendEntriesAsync(RaftServerImpl.java:1509)
	at org.apache.ratis.server.impl.RaftServerProxy.lambda$null$28(RaftServerProxy.java:655)
	at org.apache.ratis.util.JavaUtils.callAsUnchecked(JavaUtils.java:118)
	at org.apache.ratis.server.impl.RaftServerImpl.lambda$executeSubmitServerRequestAsync$10(RaftServerImpl.java:907)
	at java.util.concurrent.CompletableFuture$AsyncSupply.run(CompletableFuture.java:1604)
	at java.util.concurrent.ThreadPoolExecutor.runWorker(ThreadPoolExecutor.java:1149)
	at java.util.concurrent.ThreadPoolExecutor$Worker.run(ThreadPoolExecutor.java:624)
	at java.lang.Thread.run(Thread.java:750)
2024-10-11 22:06:58,238 [s2-server-thread1] ERROR server.RaftServer$Division (RaftServerImpl.java:appendEntriesAsync(1518)) - s2@group-139FF0DD8ED4: Failed appendEntries* s0->s2#31-t1,previous=(t:0, i:0),leaderCommit=0,initializing? false,HEARTBEAT
org.apache.ratis.protocol.exceptions.ServerNotReadyException: s2@group-139FF0DD8ED4 is not in [STARTING, RUNNING]: current state is CLOSING
	at org.apache.ratis.server.impl.RaftServerImpl.lambda$assertLifeCycleState$7(RaftServerImpl.java:791)
	at org.apache.ratis.util.LifeCycle.assertCurrentState(LifeCycle.java:260)
	at org.apache.ratis.server.impl.RaftServerImpl.assertLifeCycleState(RaftServerImpl.java:790)
	at org.apache.ratis.server.impl.RaftServerImpl.appendEntriesAsync(RaftServerImpl.java:1509)
	at org.apache.ratis.server.impl.RaftServerProxy.lambda$null$28(RaftServerProxy.java:655)
	at org.apache.ratis.util.JavaUtils.callAsUnchecked(JavaUtils.java:118)
	at org.apache.ratis.server.impl.RaftServerImpl.lambda$executeSubmitServerRequestAsync$10(RaftServerImpl.java:907)
	at java.util.concurrent.CompletableFuture$AsyncSupply.run(CompletableFuture.java:1604)
	at java.util.concurrent.ThreadPoolExecutor.runWorker(ThreadPoolExecutor.java:1149)
	at java.util.concurrent.ThreadPoolExecutor$Worker.run(ThreadPoolExecutor.java:624)
	at java.lang.Thread.run(Thread.java:750)
2024-10-11 22:06:58,238 [grpc-default-executor-0] INFO  server.GrpcServerProtocolService (GrpcServerProtocolService.java:onCompleted(200)) - s2: Completed APPEND_ENTRIES, lastRequest: null
2024-10-11 22:06:58,565 [s0-impl-thread1] INFO  segmented.SegmentedRaftLogWorker (SegmentedRaftLogWorker.java:close(253)) - s0@group-139FF0DD8ED4-SegmentedRaftLogWorker close()
2024-10-11 22:06:58,566 [s0-impl-thread1] INFO  raftlog.RaftLog (SegmentedRaftLog.java:close(575)) - Successfully closed s0@group-139FF0DD8ED4-SegmentedRaftLog:CLOSED:c2
2024-10-11 22:06:58,980 [s2-impl-thread1] INFO  segmented.SegmentedRaftLogWorker (SegmentedRaftLogWorker.java:close(253)) - s2@group-139FF0DD8ED4-SegmentedRaftLogWorker close()
2024-10-11 22:06:58,980 [s2-impl-thread1] INFO  raftlog.RaftLog (SegmentedRaftLog.java:close(575)) - Successfully closed s2@group-139FF0DD8ED4-SegmentedRaftLog:CLOSED:c6
2024-10-11 22:06:58,980 [s1-impl-thread1] INFO  segmented.SegmentedRaftLogWorker (SegmentedRaftLogWorker.java:close(253)) - s1@group-139FF0DD8ED4-SegmentedRaftLogWorker close()
2024-10-11 22:06:58,980 [s1-impl-thread1] INFO  raftlog.RaftLog (SegmentedRaftLog.java:close(575)) - Successfully closed s1@group-139FF0DD8ED4-SegmentedRaftLog:CLOSED:c5
2024-10-11 22:06:58,981 [JvmPauseMonitor86] INFO  util.JvmPauseMonitor (JvmPauseMonitor.java:run(152)) - JvmPauseMonitor-s1: Stopped
2024-10-11 22:07:00,564 [timer0] WARN  server.GrpcLogAppender (GrpcLogAppender.java:timeoutAppendRequest(450)) - s0@group-139FF0DD8ED4->s2-GrpcLogAppender: Timed out appendEntries, errorCount=1, request=AppendEntriesRequest:cid=24,entriesCount=1,entry=(t:1, i:3)
2024-10-11 22:07:00,564 [timer1] WARN  server.GrpcLogAppender (GrpcLogAppender.java:timeoutAppendRequest(450)) - s0@group-139FF0DD8ED4->s1-GrpcLogAppender: Timed out appendEntries, errorCount=1, request=AppendEntriesRequest:cid=23,entriesCount=1,entry=(t:1, i:3)
2024-10-11 22:07:00,635 [timer3] WARN  server.GrpcLogAppender (GrpcLogAppender.java:timeoutAppendRequest(450)) - s0@group-139FF0DD8ED4->s1-GrpcLogAppender: Timed out HEARTBEAT appendEntries, errorCount=2, request=AppendEntriesRequest:cid=24,entriesCount=0
2024-10-11 22:07:00,635 [timer2] WARN  server.GrpcLogAppender (GrpcLogAppender.java:timeoutAppendRequest(450)) - s0@group-139FF0DD8ED4->s2-GrpcLogAppender: Timed out HEARTBEAT appendEntries, errorCount=2, request=AppendEntriesRequest:cid=25,entriesCount=0
2024-10-11 22:07:00,673 [timer5] WARN  server.GrpcLogAppender (GrpcLogAppender.java:timeoutAppendRequest(450)) - s0@group-139FF0DD8ED4->s2-GrpcLogAppender: Timed out HEARTBEAT appendEntries, errorCount=3, request=AppendEntriesRequest:cid=26,entriesCount=0
2024-10-11 22:07:00,673 [timer4] WARN  server.GrpcLogAppender (GrpcLogAppender.java:timeoutAppendRequest(450)) - s0@group-139FF0DD8ED4->s1-GrpcLogAppender: Timed out HEARTBEAT appendEntries, errorCount=3, request=AppendEntriesRequest:cid=25,entriesCount=0
2024-10-11 22:07:00,712 [timer7] WARN  server.GrpcLogAppender (GrpcLogAppender.java:timeoutAppendRequest(450)) - s0@group-139FF0DD8ED4->s1-GrpcLogAppender: Timed out HEARTBEAT appendEntries, errorCount=4, request=AppendEntriesRequest:cid=26,entriesCount=0
2024-10-11 22:07:00,712 [timer6] WARN  server.GrpcLogAppender (GrpcLogAppender.java:timeoutAppendRequest(450)) - s0@group-139FF0DD8ED4->s2-GrpcLogAppender: Timed out HEARTBEAT appendEntries, errorCount=4, request=AppendEntriesRequest:cid=27,entriesCount=0
2024-10-11 22:07:00,749 [timer1] WARN  server.GrpcLogAppender (GrpcLogAppender.java:timeoutAppendRequest(450)) - s0@group-139FF0DD8ED4->s1-GrpcLogAppender: Timed out HEARTBEAT appendEntries, errorCount=5, request=AppendEntriesRequest:cid=27,entriesCount=0
2024-10-11 22:07:00,749 [timer0] WARN  server.GrpcLogAppender (GrpcLogAppender.java:timeoutAppendRequest(450)) - s0@group-139FF0DD8ED4->s2-GrpcLogAppender: Timed out HEARTBEAT appendEntries, errorCount=5, request=AppendEntriesRequest:cid=28,entriesCount=0
2024-10-11 22:07:00,758 [timer4] WARN  server.GrpcLogAppender (GrpcLogAppender.java:timeoutAppendRequest(450)) - s2@group-139FF0DD8ED4->s0-GrpcLogAppender: Timed out HEARTBEAT appendEntries, errorCount=1, request=AppendEntriesRequest:cid=0,entriesCount=0
2024-10-11 22:07:00,759 [timer5] WARN  server.GrpcLogAppender (GrpcLogAppender.java:timeoutAppendRequest(450)) - s2@group-139FF0DD8ED4->s0-GrpcLogAppender: Timed out appendEntries, errorCount=2, request=AppendEntriesRequest:cid=1,entriesCount=1,entry=(t:2, i:3)
2024-10-11 22:07:00,776 [timer7] WARN  server.GrpcLogAppender (GrpcLogAppender.java:timeoutAppendRequest(450)) - s2@group-139FF0DD8ED4->s0-GrpcLogAppender: Timed out HEARTBEAT appendEntries, errorCount=3, request=AppendEntriesRequest:cid=2,entriesCount=0
2024-10-11 22:07:00,782 [timer0] WARN  server.GrpcLogAppender (GrpcLogAppender.java:timeoutAppendRequest(450)) - s2@group-139FF0DD8ED4->s0-GrpcLogAppender: Timed out HEARTBEAT appendEntries, errorCount=4, request=AppendEntriesRequest:cid=3,entriesCount=0
2024-10-11 22:07:00,784 [timer1] WARN  server.GrpcLogAppender (GrpcLogAppender.java:timeoutAppendRequest(450)) - s2@group-139FF0DD8ED4->s0-GrpcLogAppender: Timed out HEARTBEAT appendEntries, errorCount=5, request=AppendEntriesRequest:cid=4,entriesCount=0
2024-10-11 22:07:00,786 [timer3] WARN  server.GrpcLogAppender (GrpcLogAppender.java:timeoutAppendRequest(450)) - s0@group-139FF0DD8ED4->s1-GrpcLogAppender: Timed out HEARTBEAT appendEntries, errorCount=6, request=AppendEntriesRequest:cid=28,entriesCount=0
2024-10-11 22:07:00,786 [timer2] WARN  server.GrpcLogAppender (GrpcLogAppender.java:timeoutAppendRequest(450)) - s0@group-139FF0DD8ED4->s2-GrpcLogAppender: Timed out HEARTBEAT appendEntries, errorCount=6, request=AppendEntriesRequest:cid=29,entriesCount=0
2024-10-11 22:07:00,821 [timer4] WARN  server.GrpcLogAppender (GrpcLogAppender.java:timeoutAppendRequest(450)) - s2@group-139FF0DD8ED4->s0-GrpcLogAppender: Timed out HEARTBEAT appendEntries, errorCount=6, request=AppendEntriesRequest:cid=5,entriesCount=0
2024-10-11 22:07:00,823 [timer5] WARN  server.GrpcLogAppender (GrpcLogAppender.java:timeoutAppendRequest(450)) - s0@group-139FF0DD8ED4->s2-GrpcLogAppender: Timed out HEARTBEAT appendEntries, errorCount=7, request=AppendEntriesRequest:cid=30,entriesCount=0
2024-10-11 22:07:00,824 [timer6] WARN  server.GrpcLogAppender (GrpcLogAppender.java:timeoutAppendRequest(450)) - s0@group-139FF0DD8ED4->s1-GrpcLogAppender: Timed out HEARTBEAT appendEntries, errorCount=7, request=AppendEntriesRequest:cid=29,entriesCount=0
2024-10-11 22:07:00,859 [timer0] WARN  server.GrpcLogAppender (GrpcLogAppender.java:timeoutAppendRequest(450)) - s2@group-139FF0DD8ED4->s0-GrpcLogAppender: Timed out HEARTBEAT appendEntries, errorCount=7, request=AppendEntriesRequest:cid=6,entriesCount=0
2024-10-11 22:07:00,860 [timer1] WARN  server.GrpcLogAppender (GrpcLogAppender.java:timeoutAppendRequest(450)) - s2@group-139FF0DD8ED4->s0-GrpcLogAppender: Timed out HEARTBEAT appendEntries, errorCount=8, request=AppendEntriesRequest:cid=7,entriesCount=0
2024-10-11 22:07:00,861 [timer3] WARN  server.GrpcLogAppender (GrpcLogAppender.java:timeoutAppendRequest(450)) - s0@group-139FF0DD8ED4->s2-GrpcLogAppender: Timed out HEARTBEAT appendEntries, errorCount=8, request=AppendEntriesRequest:cid=31,entriesCount=0
2024-10-11 22:07:00,861 [timer2] WARN  server.GrpcLogAppender (GrpcLogAppender.java:timeoutAppendRequest(450)) - s0@group-139FF0DD8ED4->s1-GrpcLogAppender: Timed out HEARTBEAT appendEntries, errorCount=8, request=AppendEntriesRequest:cid=30,entriesCount=0
2024-10-11 22:07:00,897 [timer4] WARN  server.GrpcLogAppender (GrpcLogAppender.java:timeoutAppendRequest(450)) - s2@group-139FF0DD8ED4->s0-GrpcLogAppender: Timed out HEARTBEAT appendEntries, errorCount=9, request=AppendEntriesRequest:cid=8,entriesCount=0
2024-10-11 22:07:00,936 [timer5] WARN  server.GrpcLogAppender (GrpcLogAppender.java:timeoutAppendRequest(450)) - s2@group-139FF0DD8ED4->s0-GrpcLogAppender: Timed out HEARTBEAT appendEntries, errorCount=10, request=AppendEntriesRequest:cid=9,entriesCount=0
2024-10-11 22:07:00,972 [timer7] WARN  server.GrpcLogAppender (GrpcLogAppender.java:timeoutAppendRequest(450)) - s2@group-139FF0DD8ED4->s0-GrpcLogAppender: Timed out HEARTBEAT appendEntries, errorCount=11, request=AppendEntriesRequest:cid=10,entriesCount=0
2024-10-11 22:07:00,976 [timer0] WARN  server.GrpcLogAppender (GrpcLogAppender.java:timeoutAppendRequest(450)) - s2@group-139FF0DD8ED4->s0-GrpcLogAppender: Timed out HEARTBEAT appendEntries, errorCount=12, request=AppendEntriesRequest:cid=11,entriesCount=0
2024-10-11 22:07:00,978 [timer2] WARN  server.GrpcLogAppender (GrpcLogAppender.java:timeoutAppendRequest(450)) - s2@group-139FF0DD8ED4->s0-GrpcLogAppender: Timed out HEARTBEAT appendEntries, errorCount=13, request=AppendEntriesRequest:cid=12,entriesCount=0
2024-10-11 22:07:00,979 [timer4] WARN  server.GrpcLogAppender (GrpcLogAppender.java:timeoutAppendRequest(450)) - s2@group-139FF0DD8ED4->s0-GrpcLogAppender: Timed out HEARTBEAT appendEntries, errorCount=14, request=AppendEntriesRequest:cid=13,entriesCount=0
2024-10-11 22:07:00,981 [timer5] WARN  server.GrpcLogAppender (GrpcLogAppender.java:timeoutAppendRequest(450)) - s2@group-139FF0DD8ED4->s0-GrpcLogAppender: Timed out HEARTBEAT appendEntries, errorCount=15, request=AppendEntriesRequest:cid=14,entriesCount=0
2024-10-11 22:07:00,988 [Thread-2184] WARN  grpc.GrpcUtil (GrpcUtil.java:shutdownManagedChannel(231)) - Timed out gracefully shutting down connection: ManagedChannelOrphanWrapper{delegate=ManagedChannelImpl{logId=2192, target=localhost:15340}}. 
2024-10-11 22:07:00,989 [grpc-default-executor-0] INFO  server.GrpcLogAppender (GrpcLogAppender.java:onError(546)) - s2@group-139FF0DD8ED4->s0-GrpcLogAppender is already stopped
2024-10-11 22:07:00,990 [MiniRaftCluster-119] INFO  server.GrpcService (GrpcService.java:closeImpl(359)) - s2: shutdown server org.apache.ratis.grpc.server.GrpcClientProtocolService successfully
2024-10-11 22:07:00,990 [MiniRaftCluster-119] INFO  server.GrpcService (GrpcService.java:closeImpl(350)) - s2: shutdown server GrpcServerProtocolService now
2024-10-11 22:07:00,990 [MiniRaftCluster-119] INFO  server.GrpcService (GrpcService.java:closeImpl(359)) - s2: shutdown server GrpcServerProtocolService successfully
2024-10-11 22:07:00,990 [MiniRaftCluster-119] INFO  server.GrpcService (GrpcService.java:closeImpl(350)) - s2: shutdown server org.apache.ratis.grpc.server.GrpcAdminProtocolService now
2024-10-11 22:07:00,991 [MiniRaftCluster-119] INFO  server.GrpcService (GrpcService.java:closeImpl(359)) - s2: shutdown server org.apache.ratis.grpc.server.GrpcAdminProtocolService successfully
2024-10-11 22:07:00,991 [grpc-default-executor-0] INFO  server.GrpcLogAppender (GrpcLogAppender.java:onError(546)) - s0@group-139FF0DD8ED4->s2-GrpcLogAppender is already stopped
2024-10-11 22:07:00,991 [MiniRaftCluster-117] INFO  server.GrpcService (GrpcService.java:closeImpl(359)) - s0: shutdown server org.apache.ratis.grpc.server.GrpcClientProtocolService successfully
2024-10-11 22:07:00,991 [MiniRaftCluster-117] INFO  server.GrpcService (GrpcService.java:closeImpl(350)) - s0: shutdown server GrpcServerProtocolService now
2024-10-11 22:07:00,991 [MiniRaftCluster-117] INFO  server.GrpcService (GrpcService.java:closeImpl(359)) - s0: shutdown server GrpcServerProtocolService successfully
2024-10-11 22:07:00,991 [JvmPauseMonitor87] INFO  util.JvmPauseMonitor (JvmPauseMonitor.java:run(152)) - JvmPauseMonitor-s2: Stopped
2024-10-11 22:07:00,991 [MiniRaftCluster-117] INFO  server.GrpcService (GrpcService.java:closeImpl(350)) - s0: shutdown server org.apache.ratis.grpc.server.GrpcAdminProtocolService now
2024-10-11 22:07:00,992 [MiniRaftCluster-117] INFO  server.GrpcService (GrpcService.java:closeImpl(359)) - s0: shutdown server org.apache.ratis.grpc.server.GrpcAdminProtocolService successfully
2024-10-11 22:07:00,992 [JvmPauseMonitor85] INFO  util.JvmPauseMonitor (JvmPauseMonitor.java:run(152)) - JvmPauseMonitor-s0: Stopped
2024-10-11 22:07:00,992 [main] INFO  impl.MiniRaftCluster (MiniRaftCluster.java:shutdown(861)) - MiniRaftClusterWithGrpc shutdown completed
2024-10-11 22:07:00,992 [main] INFO  ratis.RaftTestUtil (RaftTestUtil.java:gc(593)) - gc 0
2024-10-11 22:07:01,151 [main] WARN  util.ReferenceCountedLeakDetector (ReferenceCountedLeakDetector.java:lambda$new$0(147)) - LEAK: A org.apache.ratis.proto.RaftProtos$AppendEntriesRequestProto is not released properly
2024-10-11 22:07:01,151 [main] WARN  util.ReferenceCountedLeakDetector (ReferenceCountedLeakDetector.java:lambda$new$0(147)) - LEAK: A org.apache.ratis.proto.RaftProtos$AppendEntriesRequestProto is not released properly
2024-10-11 22:07:01,151 [main] WARN  util.ReferenceCountedLeakDetector (ReferenceCountedLeakDetector.java:lambda$new$0(147)) - LEAK: A org.apache.ratis.proto.RaftProtos$AppendEntriesRequestProto is not released properly
2024-10-11 22:07:01,152 [main] INFO  impl.MiniRaftCluster (MiniRaftCluster.java:shutdown(837)) - ************************************************************** 
2024-10-11 22:07:01,152 [main] INFO  impl.MiniRaftCluster (MiniRaftCluster.java:shutdown(838)) - *** 
2024-10-11 22:07:01,152 [main] INFO  impl.MiniRaftCluster (MiniRaftCluster.java:shutdown(839)) - ***     Stopping MiniRaftClusterWithGrpc
2024-10-11 22:07:01,152 [main] INFO  impl.MiniRaftCluster (MiniRaftCluster.java:shutdown(840)) - *** 
2024-10-11 22:07:01,152 [main] INFO  impl.MiniRaftCluster (MiniRaftCluster.java:shutdown(841)) - ************************************************************** 
2024-10-11 22:07:01,152 [main] INFO  impl.MiniRaftCluster (MiniRaftCluster.java:shutdown(842)) - printing ALL groups
  s0:   CLOSED  FOLLOWER s0@group-139FF0DD8ED4:t1, leader=null, voted=s0, raftlog=Memoized:s0@group-139FF0DD8ED4-SegmentedRaftLog:CLOSED:c2, conf=conf: {index: 0, cur=peers:[s0|localhost:15340, s1|localhost:15344, s2|localhost:15348]|listeners:[], old=null} CLOSED
  s1:   CLOSED  FOLLOWER s1@group-139FF0DD8ED4:t2, leader=s2, voted=s2, raftlog=Memoized:s1@group-139FF0DD8ED4-SegmentedRaftLog:CLOSED:c5, conf=conf: {index: 3, cur=peers:[s0|localhost:15340, s1|localhost:15344, s2|localhost:15348]|listeners:[], old=null} CLOSED
  s2:   CLOSED    LEADER s2@group-139FF0DD8ED4:t2, leader=s2, voted=s2, raftlog=Memoized:s2@group-139FF0DD8ED4-SegmentedRaftLog:CLOSED:c6, conf=conf: {index: 3, cur=peers:[s0|localhost:15340, s1|localhost:15344, s2|localhost:15348]|listeners:[], old=null} CLOSED
2024-10-11 22:07:01,153 [main] INFO  impl.MiniRaftCluster (MiniRaftCluster.java:shutdown(861)) - MiniRaftClusterWithGrpc shutdown completed
2024-10-11 22:07:01,153 [main] INFO  ratis.RaftTestUtil (RaftTestUtil.java:gc(593)) - gc 0
2024-10-11 22:07:01,301 [main] WARN  util.ReferenceCountedLeakDetector (ReferenceCountedLeakDetector.java:lambda$new$0(147)) - LEAK: A org.apache.ratis.proto.RaftProtos$AppendEntriesRequestProto is not released properly
2024-10-11 22:07:01,301 [main] WARN  util.ReferenceCountedLeakDetector (ReferenceCountedLeakDetector.java:lambda$new$0(147)) - LEAK: A org.apache.ratis.proto.RaftProtos$AppendEntriesRequestProto is not released properly
2024-10-11 22:07:01,301 [main] WARN  util.ReferenceCountedLeakDetector (ReferenceCountedLeakDetector.java:lambda$new$0(147)) - LEAK: A org.apache.ratis.proto.RaftProtos$AppendEntriesRequestProto is not released properly
]]></system-out>
  </testcase>
</testsuite>