<?xml version="1.0" encoding="UTF-8"?>
<testsuite xmlns:xsi="http://www.w3.org/2001/XMLSchema-instance" xsi:noNamespaceSchemaLocation="https://maven.apache.org/surefire/maven-surefire-plugin/xsd/surefire-test-report-3.0.xsd" version="3.0" name="org.apache.ratis.grpc.TestReadOnlyRequestWithGrpc" time="32.565" tests="13" errors="0" skipped="0" failures="1">
  <properties>
    <property name="awt.toolkit" value="sun.awt.X11.XToolkit"/>
    <property name="file.encoding.pkg" value="sun.io"/>
    <property name="java.specification.version" value="1.8"/>
    <property name="sun.cpu.isalist" value=""/>
    <property name="sun.jnu.encoding" value="UTF-8"/>
    <property name="java.class.path" value="/home/runner/work/ratis/ratis/ratis-test/target/test-classes:/home/runner/work/ratis/ratis/ratis-test/target/classes:/home/runner/work/ratis/ratis/ratis-common/target/classes:/home/runner/.m2/repository/org/apache/ratis/ratis-thirdparty-misc/1.0.9/ratis-thirdparty-misc-1.0.9.jar:/home/runner/work/ratis/ratis/ratis-proto/target/classes:/home/runner/work/ratis/ratis/ratis-common/target/test-classes:/home/runner/work/ratis/ratis/ratis-client/target/classes:/home/runner/work/ratis/ratis/ratis-server/target/classes:/home/runner/work/ratis/ratis/ratis-server-api/target/classes:/home/runner/work/ratis/ratis/ratis-metrics-api/target/classes:/home/runner/work/ratis/ratis/ratis-server/target/test-classes:/home/runner/work/ratis/ratis/ratis-metrics-default/target/classes:/home/runner/work/ratis/ratis/ratis-netty/target/classes:/home/runner/work/ratis/ratis/ratis-netty/target/test-classes:/home/runner/work/ratis/ratis/ratis-grpc/target/classes:/home/runner/work/ratis/ratis/ratis-grpc/target/test-classes:/home/runner/work/ratis/ratis/ratis-shell/target/classes:/home/runner/.m2/repository/commons-cli/commons-cli/1.5.0/commons-cli-1.5.0.jar:/home/runner/.m2/repository/org/reflections/reflections/0.10.2/reflections-0.10.2.jar:/home/runner/.m2/repository/org/javassist/javassist/3.28.0-GA/javassist-3.28.0-GA.jar:/home/runner/.m2/repository/com/google/code/findbugs/jsr305/3.0.2/jsr305-3.0.2.jar:/home/runner/.m2/repository/org/bouncycastle/bcprov-jdk18on/1.78.1/bcprov-jdk18on-1.78.1.jar:/home/runner/.m2/repository/org/bouncycastle/bcpkix-jdk18on/1.78.1/bcpkix-jdk18on-1.78.1.jar:/home/runner/.m2/repository/org/bouncycastle/bcutil-jdk18on/1.78.1/bcutil-jdk18on-1.78.1.jar:/home/runner/.m2/repository/org/slf4j/slf4j-api/2.0.7/slf4j-api-2.0.7.jar:/home/runner/.m2/repository/org/slf4j/slf4j-reload4j/2.0.7/slf4j-reload4j-2.0.7.jar:/home/runner/.m2/repository/ch/qos/reload4j/reload4j/1.2.22/reload4j-1.2.22.jar:/home/runner/.m2/repository/junit/junit/4.13.2/junit-4.13.2.jar:/home/runner/.m2/repository/org/hamcrest/hamcrest-core/1.3/hamcrest-core-1.3.jar:/home/runner/.m2/repository/org/junit/jupiter/junit-jupiter-engine/5.11.2/junit-jupiter-engine-5.11.2.jar:/home/runner/.m2/repository/org/junit/platform/junit-platform-engine/1.11.2/junit-platform-engine-1.11.2.jar:/home/runner/.m2/repository/org/apiguardian/apiguardian-api/1.1.2/apiguardian-api-1.1.2.jar:/home/runner/.m2/repository/org/junit/jupiter/junit-jupiter-api/5.11.2/junit-jupiter-api-5.11.2.jar:/home/runner/.m2/repository/org/opentest4j/opentest4j/1.3.0/opentest4j-1.3.0.jar:/home/runner/.m2/repository/org/junit/platform/junit-platform-commons/1.11.2/junit-platform-commons-1.11.2.jar:/home/runner/.m2/repository/org/junit/jupiter/junit-jupiter-params/5.11.2/junit-jupiter-params-5.11.2.jar:/home/runner/.m2/repository/org/junit/vintage/junit-vintage-engine/5.11.2/junit-vintage-engine-5.11.2.jar:/home/runner/.m2/repository/org/junit/platform/junit-platform-launcher/1.11.2/junit-platform-launcher-1.11.2.jar:/home/runner/.m2/repository/org/mockito/mockito-core/4.3.1/mockito-core-4.3.1.jar:/home/runner/.m2/repository/net/bytebuddy/byte-buddy/1.12.7/byte-buddy-1.12.7.jar:/home/runner/.m2/repository/net/bytebuddy/byte-buddy-agent/1.12.7/byte-buddy-agent-1.12.7.jar:/home/runner/.m2/repository/org/objenesis/objenesis/3.2/objenesis-3.2.jar:/home/runner/work/ratis/ratis/ratis-test/target/gradle-enterprise/test-listeners.jar:"/>
    <property name="java.vm.vendor" value="Temurin"/>
    <property name="sun.arch.data.model" value="64"/>
    <property name="java.vendor.url" value="https://adoptium.net/"/>
    <property name="user.timezone" value="Etc/UTC"/>
    <property name="java.vm.specification.version" value="1.8"/>
    <property name="os.name" value="Linux"/>
    <property name="sun.java.launcher" value="SUN_STANDARD"/>
    <property name="sun.boot.library.path" value="/usr/lib/jvm/temurin-8-jdk-amd64/jre/lib/amd64"/>
    <property name="sun.java.command" value="/home/runner/work/ratis/ratis/ratis-test/target/surefire/surefirebooter6422050974867668431.jar /home/runner/work/ratis/ratis/ratis-test/target/surefire 2025-05-22T15-20-35_936-jvmRun1 surefire2971883654529928113tmp surefire_158333475905521261334tmp"/>
    <property name="surefire.test.class.path" value="/home/runner/work/ratis/ratis/ratis-test/target/test-classes:/home/runner/work/ratis/ratis/ratis-test/target/classes:/home/runner/work/ratis/ratis/ratis-common/target/classes:/home/runner/.m2/repository/org/apache/ratis/ratis-thirdparty-misc/1.0.9/ratis-thirdparty-misc-1.0.9.jar:/home/runner/work/ratis/ratis/ratis-proto/target/classes:/home/runner/work/ratis/ratis/ratis-common/target/test-classes:/home/runner/work/ratis/ratis/ratis-client/target/classes:/home/runner/work/ratis/ratis/ratis-server/target/classes:/home/runner/work/ratis/ratis/ratis-server-api/target/classes:/home/runner/work/ratis/ratis/ratis-metrics-api/target/classes:/home/runner/work/ratis/ratis/ratis-server/target/test-classes:/home/runner/work/ratis/ratis/ratis-metrics-default/target/classes:/home/runner/work/ratis/ratis/ratis-netty/target/classes:/home/runner/work/ratis/ratis/ratis-netty/target/test-classes:/home/runner/work/ratis/ratis/ratis-grpc/target/classes:/home/runner/work/ratis/ratis/ratis-grpc/target/test-classes:/home/runner/work/ratis/ratis/ratis-shell/target/classes:/home/runner/.m2/repository/commons-cli/commons-cli/1.5.0/commons-cli-1.5.0.jar:/home/runner/.m2/repository/org/reflections/reflections/0.10.2/reflections-0.10.2.jar:/home/runner/.m2/repository/org/javassist/javassist/3.28.0-GA/javassist-3.28.0-GA.jar:/home/runner/.m2/repository/com/google/code/findbugs/jsr305/3.0.2/jsr305-3.0.2.jar:/home/runner/.m2/repository/org/bouncycastle/bcprov-jdk18on/1.78.1/bcprov-jdk18on-1.78.1.jar:/home/runner/.m2/repository/org/bouncycastle/bcpkix-jdk18on/1.78.1/bcpkix-jdk18on-1.78.1.jar:/home/runner/.m2/repository/org/bouncycastle/bcutil-jdk18on/1.78.1/bcutil-jdk18on-1.78.1.jar:/home/runner/.m2/repository/org/slf4j/slf4j-api/2.0.7/slf4j-api-2.0.7.jar:/home/runner/.m2/repository/org/slf4j/slf4j-reload4j/2.0.7/slf4j-reload4j-2.0.7.jar:/home/runner/.m2/repository/ch/qos/reload4j/reload4j/1.2.22/reload4j-1.2.22.jar:/home/runner/.m2/repository/junit/junit/4.13.2/junit-4.13.2.jar:/home/runner/.m2/repository/org/hamcrest/hamcrest-core/1.3/hamcrest-core-1.3.jar:/home/runner/.m2/repository/org/junit/jupiter/junit-jupiter-engine/5.11.2/junit-jupiter-engine-5.11.2.jar:/home/runner/.m2/repository/org/junit/platform/junit-platform-engine/1.11.2/junit-platform-engine-1.11.2.jar:/home/runner/.m2/repository/org/apiguardian/apiguardian-api/1.1.2/apiguardian-api-1.1.2.jar:/home/runner/.m2/repository/org/junit/jupiter/junit-jupiter-api/5.11.2/junit-jupiter-api-5.11.2.jar:/home/runner/.m2/repository/org/opentest4j/opentest4j/1.3.0/opentest4j-1.3.0.jar:/home/runner/.m2/repository/org/junit/platform/junit-platform-commons/1.11.2/junit-platform-commons-1.11.2.jar:/home/runner/.m2/repository/org/junit/jupiter/junit-jupiter-params/5.11.2/junit-jupiter-params-5.11.2.jar:/home/runner/.m2/repository/org/junit/vintage/junit-vintage-engine/5.11.2/junit-vintage-engine-5.11.2.jar:/home/runner/.m2/repository/org/junit/platform/junit-platform-launcher/1.11.2/junit-platform-launcher-1.11.2.jar:/home/runner/.m2/repository/org/mockito/mockito-core/4.3.1/mockito-core-4.3.1.jar:/home/runner/.m2/repository/net/bytebuddy/byte-buddy/1.12.7/byte-buddy-1.12.7.jar:/home/runner/.m2/repository/net/bytebuddy/byte-buddy-agent/1.12.7/byte-buddy-agent-1.12.7.jar:/home/runner/.m2/repository/org/objenesis/objenesis/3.2/objenesis-3.2.jar:/home/runner/work/ratis/ratis/ratis-test/target/gradle-enterprise/test-listeners.jar:"/>
    <property name="sun.cpu.endian" value="little"/>
    <property name="user.home" value="/home/runner"/>
    <property name="user.language" value="en"/>
    <property name="java.specification.vendor" value="Oracle Corporation"/>
    <property name="java.home" value="/usr/lib/jvm/temurin-8-jdk-amd64/jre"/>
    <property name="basedir" value="/home/runner/work/ratis/ratis/ratis-test"/>
    <property name="file.separator" value="/"/>
    <property name="line.separator" value="&#10;"/>
    <property name="java.vm.specification.vendor" value="Oracle Corporation"/>
    <property name="java.specification.name" value="Java Platform API Specification"/>
    <property name="java.awt.graphicsenv" value="sun.awt.X11GraphicsEnvironment"/>
    <property name="surefire.real.class.path" value="/home/runner/work/ratis/ratis/ratis-test/target/surefire/surefirebooter6422050974867668431.jar:/home/runner/.m2/repository/org/jacoco/org.jacoco.agent/0.8.12/org.jacoco.agent-0.8.12-runtime.jar"/>
    <property name="sun.boot.class.path" value="/usr/lib/jvm/temurin-8-jdk-amd64/jre/lib/resources.jar:/usr/lib/jvm/temurin-8-jdk-amd64/jre/lib/rt.jar:/usr/lib/jvm/temurin-8-jdk-amd64/jre/lib/sunrsasign.jar:/usr/lib/jvm/temurin-8-jdk-amd64/jre/lib/jsse.jar:/usr/lib/jvm/temurin-8-jdk-amd64/jre/lib/jce.jar:/usr/lib/jvm/temurin-8-jdk-amd64/jre/lib/charsets.jar:/usr/lib/jvm/temurin-8-jdk-amd64/jre/lib/jfr.jar:/usr/lib/jvm/temurin-8-jdk-amd64/jre/classes"/>
    <property name="sun.management.compiler" value="HotSpot 64-Bit Tiered Compilers"/>
    <property name="java.runtime.version" value="1.8.0_452-b09"/>
    <property name="java.net.preferIPv4Stack" value="true"/>
    <property name="user.name" value="runner"/>
    <property name="path.separator" value=":"/>
    <property name="os.version" value="6.11.0-1014-azure"/>
    <property name="java.endorsed.dirs" value="/usr/lib/jvm/temurin-8-jdk-amd64/jre/lib/endorsed"/>
    <property name="java.runtime.name" value="OpenJDK Runtime Environment"/>
    <property name="com.gradle.maven.scan.extension.test.listener.junitplatform.NestedExecutionSafeDelegatingTestExecutionListener" value="4d5d943d"/>
    <property name="file.encoding" value="UTF-8"/>
    <property name="java.vm.name" value="OpenJDK 64-Bit Server VM"/>
    <property name="develocity.listener.surefire.forkId" value="1"/>
    <property name="localRepository" value="/home/runner/.m2/repository"/>
    <property name="java.vendor.url.bug" value="https://github.com/adoptium/adoptium-support/issues"/>
    <property name="java.io.tmpdir" value="/tmp"/>
    <property name="java.version" value="1.8.0_452"/>
    <property name="user.dir" value="/home/runner/work/ratis/ratis/ratis-test"/>
    <property name="os.arch" value="amd64"/>
    <property name="ratis.tmp.dir" value="/home/runner/work/ratis/ratis/ratis-test/target/tmp"/>
    <property name="java.vm.specification.name" value="Java Virtual Machine Specification"/>
    <property name="java.awt.printerjob" value="sun.print.PSPrinterJob"/>
    <property name="ratis.log.dir" value="/home/runner/work/ratis/ratis/ratis-test/target/log"/>
    <property name="sun.os.patch.level" value="unknown"/>
    <property name="org.apache.ratis.thirdparty.io.netty.allocator.useCacheForAllThreads" value="false"/>
    <property name="java.library.path" value="/usr/java/packages/lib/amd64:/usr/lib64:/lib64:/lib:/usr/lib"/>
    <property name="java.vm.info" value="mixed mode"/>
    <property name="java.vendor" value="Temurin"/>
    <property name="java.vm.version" value="25.452-b09"/>
    <property name="java.specification.maintenance.version" value="6"/>
    <property name="develocity.listener.port" value="41781"/>
    <property name="java.ext.dirs" value="/usr/lib/jvm/temurin-8-jdk-amd64/jre/lib/ext:/usr/java/packages/lib/ext"/>
    <property name="sun.io.unicode.encoding" value="UnicodeLittle"/>
    <property name="java.class.version" value="52.0"/>
  </properties>
  <testcase name="testFollowerLinearizableReadFailWhenLeaderDown" classname="org.apache.ratis.grpc.TestReadOnlyRequestWithGrpc" time="4.03"/>
  <testcase name="testFollowerLinearizableRead" classname="org.apache.ratis.grpc.TestReadOnlyRequestWithGrpc" time="2.267"/>
  <testcase name="testLeaseRead" classname="org.apache.ratis.grpc.TestReadOnlyRequestWithGrpc" time="1.979"/>
  <testcase name="testFollowerLeaseReadWhenLeaderDown" classname="org.apache.ratis.grpc.TestReadOnlyRequestWithGrpc" time="1.8"/>
  <testcase name="testFollowerLeaseRead" classname="org.apache.ratis.grpc.TestReadOnlyRequestWithGrpc" time="2.649"/>
  <testcase name="testLeaseReadTimeout" classname="org.apache.ratis.grpc.TestReadOnlyRequestWithGrpc" time="1.55"/>
  <testcase name="testFollowerLinearizableReadParallel" classname="org.apache.ratis.grpc.TestReadOnlyRequestWithGrpc" time="1.805"/>
  <testcase name="testFollowerLeaseReadRetryWhenLeaderDown" classname="org.apache.ratis.grpc.TestReadOnlyRequestWithGrpc" time="1.904"/>
  <testcase name="testFollowerLeaseReadParallel" classname="org.apache.ratis.grpc.TestReadOnlyRequestWithGrpc" time="1.802"/>
  <testcase name="testReadAfterWrite" classname="org.apache.ratis.grpc.TestReadOnlyRequestWithGrpc" time="1.888">
    <failure type="org.opentest4j.AssertionFailedError"><![CDATA[org.opentest4j.AssertionFailedError: expected: <true> but was: <false>
	at org.apache.ratis.ReadOnlyRequestTests.testReadAfterWriteImpl(ReadOnlyRequestTests.java:315)
	at org.apache.ratis.server.impl.MiniRaftCluster$Factory$Get.runWithNewCluster(MiniRaftCluster.java:144)
	at org.apache.ratis.server.impl.MiniRaftCluster$Factory$Get.runWithNewCluster(MiniRaftCluster.java:121)
	at org.apache.ratis.ReadOnlyRequestTests.testReadAfterWrite(ReadOnlyRequestTests.java:290)
	at java.lang.reflect.Method.invoke(Method.java:498)
	at java.util.ArrayList.forEach(ArrayList.java:1259)
	at java.util.ArrayList.forEach(ArrayList.java:1259)
]]></failure>
    <system-out><![CDATA[2025-05-22 15:28:54,332 [main] INFO  util.LogUtils (Slf4jUtils.java:setLogLevel(38)) - Successfully set org.apache.ratis.conf.ConfUtils log level to WARN
2025-05-22 15:28:54,332 [main] INFO  util.LogUtils (Slf4jUtils.java:setLogLevel(38)) - Successfully set org.apache.ratis.util.FileUtils log level to TRACE
2025-05-22 15:28:54,333 [main] INFO  util.LogUtils (Slf4jUtils.java:setLogLevel(38)) - Successfully set org.apache.ratis.server.RaftServer$Division log level to DEBUG
2025-05-22 15:28:54,334 [main] INFO  impl.MiniRaftCluster (MiniRaftCluster.java:runWithNewCluster(137)) - Running runWithNewCluster
2025-05-22 15:28:54,335 [main] INFO  impl.MiniRaftCluster (MiniRaftCluster.java:<init>(319)) - new MiniRaftClusterWithGrpc with group-DEC0AEAFF274:[s0|localhost:15108, s1|localhost:15112, s2|localhost:15116]
2025-05-22 15:28:54,335 [main] INFO  impl.MiniRaftCluster (MiniRaftCluster.java:start(352)) - .............................................................. 
2025-05-22 15:28:54,335 [main] INFO  impl.MiniRaftCluster (MiniRaftCluster.java:start(353)) - ... 
2025-05-22 15:28:54,335 [main] INFO  impl.MiniRaftCluster (MiniRaftCluster.java:start(354)) - ...     Starting MiniRaftClusterWithGrpc
2025-05-22 15:28:54,335 [main] INFO  impl.MiniRaftCluster (MiniRaftCluster.java:start(355)) - ... 
2025-05-22 15:28:54,335 [main] INFO  impl.MiniRaftCluster (MiniRaftCluster.java:start(356)) - .............................................................. 
2025-05-22 15:28:54,336 [main] INFO  impl.MiniRaftCluster (MiniRaftCluster.java:initServers(331)) - servers = {}
2025-05-22 15:28:54,336 [main] INFO  impl.MiniRaftCluster (MiniRaftCluster.java:newRaftServer(396)) - newRaftServer: s0, group-DEC0AEAFF274:[s0|localhost:15108, s1|localhost:15112, s2|localhost:15116], format? true
2025-05-22 15:28:54,336 [main] TRACE util.FileUtils (FileUtils.java:deleteFully(351)) - deleteFully target/test/data/20dcd2fe/MiniRaftClusterWithGrpcd06f1a4c/s0
2025-05-22 15:28:54,336 [main] TRACE util.FileUtils (FileUtils.java:deleteFully(364)) - deleteFully: target/test/data/20dcd2fe/MiniRaftClusterWithGrpcd06f1a4c/s0 does not exist.
2025-05-22 15:28:54,336 [main] INFO  impl.MiniRaftCluster (MiniRaftCluster.java:newRaftServer(401)) - Formatted directory target/test/data/20dcd2fe/MiniRaftClusterWithGrpcd06f1a4c/s0
2025-05-22 15:28:54,337 [main] INFO  grpc.GrpcConfigKeys (ConfUtils.java:logFallback(69)) - raft.grpc.admin.host = null (fallback to raft.grpc.server.host)
2025-05-22 15:28:54,337 [main] INFO  grpc.GrpcConfigKeys (ConfUtils.java:logGet(62)) - raft.grpc.admin.port = 15109 (custom)
2025-05-22 15:28:54,337 [main] INFO  grpc.GrpcConfigKeys (ConfUtils.java:logFallback(69)) - raft.grpc.client.host = null (fallback to raft.grpc.server.host)
2025-05-22 15:28:54,337 [main] INFO  grpc.GrpcConfigKeys (ConfUtils.java:logGet(62)) - raft.grpc.client.port = 15110 (custom)
2025-05-22 15:28:54,337 [main] INFO  grpc.GrpcConfigKeys (ConfUtils.java:logGet(62)) - raft.grpc.server.port = 15108 (custom)
2025-05-22 15:28:54,339 [main] INFO  server.RaftServerConfigKeys (ConfUtils.java:logGet(62)) - raft.server.storage.dir = [/home/runner/work/ratis/ratis/ratis-test/target/test/data/20dcd2fe/MiniRaftClusterWithGrpcd06f1a4c/s0] (custom)
2025-05-22 15:28:54,340 [main] INFO  server.RaftServer (RaftServerProxy.java:addNew(106)) - s0: addNew group-DEC0AEAFF274:[s0|localhost:15108, s1|localhost:15112, s2|localhost:15116] returns group-DEC0AEAFF274:java.util.concurrent.CompletableFuture@5eae392d[Not completed]
2025-05-22 15:28:54,340 [s0-groupManagement] INFO  server.RaftServer$Division (RaftServerImpl.java:<init>(271)) - s0: new RaftServerImpl for group-DEC0AEAFF274:[s0|localhost:15108, s1|localhost:15112, s2|localhost:15116] with CounterStateMachine:uninitialized
2025-05-22 15:28:54,340 [main] INFO  impl.MiniRaftCluster (MiniRaftCluster.java:newRaftServer(396)) - newRaftServer: s1, group-DEC0AEAFF274:[s0|localhost:15108, s1|localhost:15112, s2|localhost:15116], format? true
2025-05-22 15:28:54,340 [s0-groupManagement] INFO  server.RaftServer$Division (ServerState.java:<init>(114)) - s0@group-DEC0AEAFF274: ConfigurationManager, init=conf: {index: -1, cur=peers:[s0|localhost:15108, s1|localhost:15112, s2|localhost:15116]|listeners:[], old=null}, confs=<EMPTY_MAP>
2025-05-22 15:28:54,340 [main] TRACE util.FileUtils (FileUtils.java:deleteFully(351)) - deleteFully target/test/data/20dcd2fe/MiniRaftClusterWithGrpcd06f1a4c/s1
2025-05-22 15:28:54,341 [main] TRACE util.FileUtils (FileUtils.java:deleteFully(364)) - deleteFully: target/test/data/20dcd2fe/MiniRaftClusterWithGrpcd06f1a4c/s1 does not exist.
2025-05-22 15:28:54,341 [main] INFO  impl.MiniRaftCluster (MiniRaftCluster.java:newRaftServer(401)) - Formatted directory target/test/data/20dcd2fe/MiniRaftClusterWithGrpcd06f1a4c/s1
2025-05-22 15:28:54,341 [main] INFO  grpc.GrpcConfigKeys (ConfUtils.java:logFallback(69)) - raft.grpc.admin.host = null (fallback to raft.grpc.server.host)
2025-05-22 15:28:54,342 [main] INFO  grpc.GrpcConfigKeys (ConfUtils.java:logGet(62)) - raft.grpc.admin.port = 15113 (custom)
2025-05-22 15:28:54,342 [main] INFO  grpc.GrpcConfigKeys (ConfUtils.java:logFallback(69)) - raft.grpc.client.host = null (fallback to raft.grpc.server.host)
2025-05-22 15:28:54,342 [main] INFO  grpc.GrpcConfigKeys (ConfUtils.java:logGet(62)) - raft.grpc.client.port = 15114 (custom)
2025-05-22 15:28:54,342 [main] INFO  grpc.GrpcConfigKeys (ConfUtils.java:logGet(62)) - raft.grpc.server.port = 15112 (custom)
2025-05-22 15:28:54,344 [main] INFO  server.RaftServerConfigKeys (ConfUtils.java:logGet(62)) - raft.server.storage.dir = [/home/runner/work/ratis/ratis/ratis-test/target/test/data/20dcd2fe/MiniRaftClusterWithGrpcd06f1a4c/s1] (custom)
2025-05-22 15:28:54,345 [main] INFO  server.RaftServer (RaftServerProxy.java:addNew(106)) - s1: addNew group-DEC0AEAFF274:[s0|localhost:15108, s1|localhost:15112, s2|localhost:15116] returns group-DEC0AEAFF274:java.util.concurrent.CompletableFuture@6f7a65e[Not completed]
2025-05-22 15:28:54,345 [s1-groupManagement] INFO  server.RaftServer$Division (RaftServerImpl.java:<init>(271)) - s1: new RaftServerImpl for group-DEC0AEAFF274:[s0|localhost:15108, s1|localhost:15112, s2|localhost:15116] with CounterStateMachine:uninitialized
2025-05-22 15:28:54,345 [main] INFO  impl.MiniRaftCluster (MiniRaftCluster.java:newRaftServer(396)) - newRaftServer: s2, group-DEC0AEAFF274:[s0|localhost:15108, s1|localhost:15112, s2|localhost:15116], format? true
2025-05-22 15:28:54,345 [main] TRACE util.FileUtils (FileUtils.java:deleteFully(351)) - deleteFully target/test/data/20dcd2fe/MiniRaftClusterWithGrpcd06f1a4c/s2
2025-05-22 15:28:54,345 [s1-groupManagement] INFO  server.RaftServer$Division (ServerState.java:<init>(114)) - s1@group-DEC0AEAFF274: ConfigurationManager, init=conf: {index: -1, cur=peers:[s0|localhost:15108, s1|localhost:15112, s2|localhost:15116]|listeners:[], old=null}, confs=<EMPTY_MAP>
2025-05-22 15:28:54,345 [main] TRACE util.FileUtils (FileUtils.java:deleteFully(364)) - deleteFully: target/test/data/20dcd2fe/MiniRaftClusterWithGrpcd06f1a4c/s2 does not exist.
2025-05-22 15:28:54,347 [main] INFO  impl.MiniRaftCluster (MiniRaftCluster.java:newRaftServer(401)) - Formatted directory target/test/data/20dcd2fe/MiniRaftClusterWithGrpcd06f1a4c/s2
2025-05-22 15:28:54,347 [main] INFO  grpc.GrpcConfigKeys (ConfUtils.java:logFallback(69)) - raft.grpc.admin.host = null (fallback to raft.grpc.server.host)
2025-05-22 15:28:54,347 [main] INFO  grpc.GrpcConfigKeys (ConfUtils.java:logGet(62)) - raft.grpc.admin.port = 15117 (custom)
2025-05-22 15:28:54,347 [main] INFO  grpc.GrpcConfigKeys (ConfUtils.java:logFallback(69)) - raft.grpc.client.host = null (fallback to raft.grpc.server.host)
2025-05-22 15:28:54,347 [main] INFO  grpc.GrpcConfigKeys (ConfUtils.java:logGet(62)) - raft.grpc.client.port = 15118 (custom)
2025-05-22 15:28:54,348 [main] INFO  grpc.GrpcConfigKeys (ConfUtils.java:logGet(62)) - raft.grpc.server.port = 15116 (custom)
2025-05-22 15:28:54,350 [main] INFO  server.RaftServerConfigKeys (ConfUtils.java:logGet(62)) - raft.server.storage.dir = [/home/runner/work/ratis/ratis/ratis-test/target/test/data/20dcd2fe/MiniRaftClusterWithGrpcd06f1a4c/s2] (custom)
2025-05-22 15:28:54,350 [main] INFO  server.RaftServer (RaftServerProxy.java:addNew(106)) - s2: addNew group-DEC0AEAFF274:[s0|localhost:15108, s1|localhost:15112, s2|localhost:15116] returns group-DEC0AEAFF274:java.util.concurrent.CompletableFuture@32121140[Not completed]
2025-05-22 15:28:54,350 [s2-groupManagement] INFO  server.RaftServer$Division (RaftServerImpl.java:<init>(271)) - s2: new RaftServerImpl for group-DEC0AEAFF274:[s0|localhost:15108, s1|localhost:15112, s2|localhost:15116] with CounterStateMachine:uninitialized
2025-05-22 15:28:54,351 [s0-impl-thread1] INFO  server.RaftServerConfigKeys (ConfUtils.java:logGet(62)) - raft.server.storage.dir = [/home/runner/work/ratis/ratis/ratis-test/target/test/data/20dcd2fe/MiniRaftClusterWithGrpcd06f1a4c/s0] (custom)
2025-05-22 15:28:54,351 [s2-groupManagement] INFO  server.RaftServer$Division (ServerState.java:<init>(114)) - s2@group-DEC0AEAFF274: ConfigurationManager, init=conf: {index: -1, cur=peers:[s0|localhost:15108, s1|localhost:15112, s2|localhost:15116]|listeners:[], old=null}, confs=<EMPTY_MAP>
2025-05-22 15:28:54,351 [s0-impl-thread1] INFO  storage.RaftStorageDirectory (RaftStorageDirectoryImpl.java:analyzeStorage(138)) - The storage directory /home/runner/work/ratis/ratis/ratis-test/target/test/data/20dcd2fe/MiniRaftClusterWithGrpcd06f1a4c/s0/45e41a95-8305-4ad1-a05a-dec0aeaff274 does not exist. Creating ...
2025-05-22 15:28:54,351 [s0-impl-thread1] TRACE util.FileUtils (LogUtils.java:runAndLog(49)) - Successfully ran Files.createDirectories /home/runner/work/ratis/ratis/ratis-test/target/test/data/20dcd2fe/MiniRaftClusterWithGrpcd06f1a4c/s0/45e41a95-8305-4ad1-a05a-dec0aeaff274
2025-05-22 15:28:54,352 [s0-impl-thread1] INFO  storage.RaftStorageDirectory (RaftStorageDirectoryImpl.java:tryLock(229)) - Lock on /home/runner/work/ratis/ratis/ratis-test/target/test/data/20dcd2fe/MiniRaftClusterWithGrpcd06f1a4c/s0/45e41a95-8305-4ad1-a05a-dec0aeaff274/in_use.lock acquired by nodename 11375@fv-az1344-429
2025-05-22 15:28:54,352 [s0-impl-thread1] TRACE util.FileUtils (LogUtils.java:runAndLog(49)) - Successfully ran Files.createDirectories /home/runner/work/ratis/ratis/ratis-test/target/test/data/20dcd2fe/MiniRaftClusterWithGrpcd06f1a4c/s0/45e41a95-8305-4ad1-a05a-dec0aeaff274/current
2025-05-22 15:28:54,352 [s0-impl-thread1] TRACE util.FileUtils (LogUtils.java:runAndLog(49)) - Successfully ran Files.createDirectories /home/runner/work/ratis/ratis/ratis-test/target/test/data/20dcd2fe/MiniRaftClusterWithGrpcd06f1a4c/s0/45e41a95-8305-4ad1-a05a-dec0aeaff274/sm
2025-05-22 15:28:54,353 [s0-impl-thread1] TRACE util.FileUtils (LogUtils.java:supplyAndLog(69)) - Successfully supplied FileChannel.open /home/runner/work/ratis/ratis/ratis-test/target/test/data/20dcd2fe/MiniRaftClusterWithGrpcd06f1a4c/s0/45e41a95-8305-4ad1-a05a-dec0aeaff274/current/raft-meta.tmp with options [CREATE, TRUNCATE_EXISTING, WRITE]: sun.nio.ch.FileChannelImpl@31dc8a55
2025-05-22 15:28:54,354 [s0-impl-thread1] TRACE util.FileUtils (LogUtils.java:runAndLog(49)) - Successfully ran Atomic Files.move /home/runner/work/ratis/ratis/ratis-test/target/test/data/20dcd2fe/MiniRaftClusterWithGrpcd06f1a4c/s0/45e41a95-8305-4ad1-a05a-dec0aeaff274/current/raft-meta.tmp to /home/runner/work/ratis/ratis/ratis-test/target/test/data/20dcd2fe/MiniRaftClusterWithGrpcd06f1a4c/s0/45e41a95-8305-4ad1-a05a-dec0aeaff274/current/raft-meta with options [REPLACE_EXISTING]
2025-05-22 15:28:54,354 [s0-impl-thread1] INFO  storage.RaftStorage (RaftStorageImpl.java:format(98)) - Storage directory /home/runner/work/ratis/ratis/ratis-test/target/test/data/20dcd2fe/MiniRaftClusterWithGrpcd06f1a4c/s0/45e41a95-8305-4ad1-a05a-dec0aeaff274 has been successfully formatted.
2025-05-22 15:28:54,355 [s0-impl-thread1] INFO  util.AwaitToRun (AwaitToRun.java:start(81)) - Thread[s0@group-DEC0AEAFF274-cacheEviction-AwaitToRun,5,main] started
2025-05-22 15:28:54,355 [s0-impl-thread1] INFO  segmented.SegmentedRaftLogWorker (SegmentedRaftLogWorker.java:<init>(191)) - new s0@group-DEC0AEAFF274-SegmentedRaftLogWorker for RaftStorageImpl:Storage Directory /home/runner/work/ratis/ratis/ratis-test/target/test/data/20dcd2fe/MiniRaftClusterWithGrpcd06f1a4c/s0/45e41a95-8305-4ad1-a05a-dec0aeaff274
2025-05-22 15:28:54,355 [s0-impl-thread1] INFO  segmented.SegmentedRaftLogWorker (SegmentedRaftLogWorker.java:lambda$new$0(142)) - s0@group-DEC0AEAFF274-SegmentedRaftLogWorker: flushIndex: setUnconditionally 0 -> -1
2025-05-22 15:28:54,355 [s0-impl-thread1] INFO  segmented.SegmentedRaftLogWorker (SegmentedRaftLogWorker.java:lambda$new$0(142)) - s0@group-DEC0AEAFF274-SegmentedRaftLogWorker: safeCacheEvictIndex: setUnconditionally 0 -> -1
2025-05-22 15:28:54,356 [s0-impl-thread1] INFO  server.RaftServer$Division (RaftServerImpl.java:start(408)) - s0@group-DEC0AEAFF274: start as a follower, conf=conf: {index: -1, cur=peers:[s0|localhost:15108, s1|localhost:15112, s2|localhost:15116]|listeners:[], old=null}
2025-05-22 15:28:54,356 [s0-impl-thread1] INFO  server.RaftServer$Division (RaftServerImpl.java:setRole(395)) - s0@group-DEC0AEAFF274: changes role from      null to FOLLOWER at term 0 for startAsFollower
2025-05-22 15:28:54,356 [s0-impl-thread1] INFO  impl.RoleInfo (RoleInfo.java:updateAndGet(148)) - s0: start s0@group-DEC0AEAFF274-FollowerState
2025-05-22 15:28:54,357 [s0@group-DEC0AEAFF274-FollowerState] INFO  server.RaftServerConfigKeys (ConfUtils.java:logFallback(69)) - raft.server.rpc.first-election.timeout.min = 150ms (fallback to raft.server.rpc.timeout.min)
2025-05-22 15:28:54,357 [s0-impl-thread1] INFO  util.JmxRegister (JmxRegister.java:tryRegister(44)) - Successfully registered JMX Bean with object name Ratis:service=RaftServer,group=group-DEC0AEAFF274,id=s0
2025-05-22 15:28:54,357 [s0-impl-thread1] INFO  util.JmxRegister (JmxRegister.java:register(58)) - register mxBean class org.apache.ratis.server.impl.RaftServerJmxAdapter as Ratis:service=RaftServer,group=group-DEC0AEAFF274,id=s0
2025-05-22 15:28:54,357 [s0@group-DEC0AEAFF274-FollowerState] INFO  server.RaftServerConfigKeys (ConfUtils.java:logFallback(69)) - raft.server.rpc.first-election.timeout.max = 300ms (fallback to raft.server.rpc.timeout.max)
2025-05-22 15:28:54,357 [s0-impl-thread1] INFO  server.RaftServer$Division (RaftServerImpl.java:start(422)) - s0@group-DEC0AEAFF274: Successfully started.
2025-05-22 15:28:54,357 [main] INFO  server.RaftServer (RaftServerProxy.java:startImpl(413)) - s0: start RPC server
2025-05-22 15:28:54,358 [main] INFO  server.GrpcServicesImpl (GrpcServicesImpl.java:startImpl(353)) - s0: GrpcServicesImpl started, listening on 15110
2025-05-22 15:28:54,359 [main] INFO  server.GrpcServicesImpl (GrpcServicesImpl.java:startImpl(353)) - s0: GrpcServicesImpl started, listening on 15108
2025-05-22 15:28:54,359 [main] INFO  server.GrpcServicesImpl (GrpcServicesImpl.java:startImpl(353)) - s0: GrpcServicesImpl started, listening on 15109
2025-05-22 15:28:54,359 [JvmPauseMonitor27] INFO  util.JvmPauseMonitor (JvmPauseMonitor.java:run(146)) - JvmPauseMonitor-s0: Started
2025-05-22 15:28:54,359 [s1-impl-thread1] INFO  server.RaftServerConfigKeys (ConfUtils.java:logGet(62)) - raft.server.storage.dir = [/home/runner/work/ratis/ratis/ratis-test/target/test/data/20dcd2fe/MiniRaftClusterWithGrpcd06f1a4c/s1] (custom)
2025-05-22 15:28:54,360 [s1-impl-thread1] INFO  storage.RaftStorageDirectory (RaftStorageDirectoryImpl.java:analyzeStorage(138)) - The storage directory /home/runner/work/ratis/ratis/ratis-test/target/test/data/20dcd2fe/MiniRaftClusterWithGrpcd06f1a4c/s1/45e41a95-8305-4ad1-a05a-dec0aeaff274 does not exist. Creating ...
2025-05-22 15:28:54,360 [s1-impl-thread1] TRACE util.FileUtils (LogUtils.java:runAndLog(49)) - Successfully ran Files.createDirectories /home/runner/work/ratis/ratis/ratis-test/target/test/data/20dcd2fe/MiniRaftClusterWithGrpcd06f1a4c/s1/45e41a95-8305-4ad1-a05a-dec0aeaff274
2025-05-22 15:28:54,361 [s1-impl-thread1] INFO  storage.RaftStorageDirectory (RaftStorageDirectoryImpl.java:tryLock(229)) - Lock on /home/runner/work/ratis/ratis/ratis-test/target/test/data/20dcd2fe/MiniRaftClusterWithGrpcd06f1a4c/s1/45e41a95-8305-4ad1-a05a-dec0aeaff274/in_use.lock acquired by nodename 11375@fv-az1344-429
2025-05-22 15:28:54,362 [s1-impl-thread1] TRACE util.FileUtils (LogUtils.java:runAndLog(49)) - Successfully ran Files.createDirectories /home/runner/work/ratis/ratis/ratis-test/target/test/data/20dcd2fe/MiniRaftClusterWithGrpcd06f1a4c/s1/45e41a95-8305-4ad1-a05a-dec0aeaff274/current
2025-05-22 15:28:54,362 [s1-impl-thread1] TRACE util.FileUtils (LogUtils.java:runAndLog(49)) - Successfully ran Files.createDirectories /home/runner/work/ratis/ratis/ratis-test/target/test/data/20dcd2fe/MiniRaftClusterWithGrpcd06f1a4c/s1/45e41a95-8305-4ad1-a05a-dec0aeaff274/sm
2025-05-22 15:28:54,362 [s1-impl-thread1] TRACE util.FileUtils (LogUtils.java:supplyAndLog(69)) - Successfully supplied FileChannel.open /home/runner/work/ratis/ratis/ratis-test/target/test/data/20dcd2fe/MiniRaftClusterWithGrpcd06f1a4c/s1/45e41a95-8305-4ad1-a05a-dec0aeaff274/current/raft-meta.tmp with options [CREATE, TRUNCATE_EXISTING, WRITE]: sun.nio.ch.FileChannelImpl@7c82edb0
2025-05-22 15:28:54,363 [s1-impl-thread1] TRACE util.FileUtils (LogUtils.java:runAndLog(49)) - Successfully ran Atomic Files.move /home/runner/work/ratis/ratis/ratis-test/target/test/data/20dcd2fe/MiniRaftClusterWithGrpcd06f1a4c/s1/45e41a95-8305-4ad1-a05a-dec0aeaff274/current/raft-meta.tmp to /home/runner/work/ratis/ratis/ratis-test/target/test/data/20dcd2fe/MiniRaftClusterWithGrpcd06f1a4c/s1/45e41a95-8305-4ad1-a05a-dec0aeaff274/current/raft-meta with options [REPLACE_EXISTING]
2025-05-22 15:28:54,363 [s1-impl-thread1] INFO  storage.RaftStorage (RaftStorageImpl.java:format(98)) - Storage directory /home/runner/work/ratis/ratis/ratis-test/target/test/data/20dcd2fe/MiniRaftClusterWithGrpcd06f1a4c/s1/45e41a95-8305-4ad1-a05a-dec0aeaff274 has been successfully formatted.
2025-05-22 15:28:54,363 [s1-impl-thread1] INFO  util.AwaitToRun (AwaitToRun.java:start(81)) - Thread[s1@group-DEC0AEAFF274-cacheEviction-AwaitToRun,5,main] started
2025-05-22 15:28:54,364 [s1-impl-thread1] INFO  segmented.SegmentedRaftLogWorker (SegmentedRaftLogWorker.java:<init>(191)) - new s1@group-DEC0AEAFF274-SegmentedRaftLogWorker for RaftStorageImpl:Storage Directory /home/runner/work/ratis/ratis/ratis-test/target/test/data/20dcd2fe/MiniRaftClusterWithGrpcd06f1a4c/s1/45e41a95-8305-4ad1-a05a-dec0aeaff274
2025-05-22 15:28:54,364 [s1-impl-thread1] INFO  segmented.SegmentedRaftLogWorker (SegmentedRaftLogWorker.java:lambda$new$0(142)) - s1@group-DEC0AEAFF274-SegmentedRaftLogWorker: flushIndex: setUnconditionally 0 -> -1
2025-05-22 15:28:54,364 [s1-impl-thread1] INFO  segmented.SegmentedRaftLogWorker (SegmentedRaftLogWorker.java:lambda$new$0(142)) - s1@group-DEC0AEAFF274-SegmentedRaftLogWorker: safeCacheEvictIndex: setUnconditionally 0 -> -1
2025-05-22 15:28:54,365 [s1-impl-thread1] INFO  server.RaftServer$Division (RaftServerImpl.java:start(408)) - s1@group-DEC0AEAFF274: start as a follower, conf=conf: {index: -1, cur=peers:[s0|localhost:15108, s1|localhost:15112, s2|localhost:15116]|listeners:[], old=null}
2025-05-22 15:28:54,365 [s1-impl-thread1] INFO  server.RaftServer$Division (RaftServerImpl.java:setRole(395)) - s1@group-DEC0AEAFF274: changes role from      null to FOLLOWER at term 0 for startAsFollower
2025-05-22 15:28:54,365 [s1-impl-thread1] INFO  impl.RoleInfo (RoleInfo.java:updateAndGet(148)) - s1: start s1@group-DEC0AEAFF274-FollowerState
2025-05-22 15:28:54,365 [s1-impl-thread1] INFO  util.JmxRegister (JmxRegister.java:tryRegister(44)) - Successfully registered JMX Bean with object name Ratis:service=RaftServer,group=group-DEC0AEAFF274,id=s1
2025-05-22 15:28:54,365 [s1@group-DEC0AEAFF274-FollowerState] INFO  server.RaftServerConfigKeys (ConfUtils.java:logFallback(69)) - raft.server.rpc.first-election.timeout.min = 150ms (fallback to raft.server.rpc.timeout.min)
2025-05-22 15:28:54,365 [s1-impl-thread1] INFO  util.JmxRegister (JmxRegister.java:register(58)) - register mxBean class org.apache.ratis.server.impl.RaftServerJmxAdapter as Ratis:service=RaftServer,group=group-DEC0AEAFF274,id=s1
2025-05-22 15:28:54,365 [s1@group-DEC0AEAFF274-FollowerState] INFO  server.RaftServerConfigKeys (ConfUtils.java:logFallback(69)) - raft.server.rpc.first-election.timeout.max = 300ms (fallback to raft.server.rpc.timeout.max)
2025-05-22 15:28:54,366 [s1-impl-thread1] INFO  server.RaftServer$Division (RaftServerImpl.java:start(422)) - s1@group-DEC0AEAFF274: Successfully started.
2025-05-22 15:28:54,366 [main] INFO  server.RaftServer (RaftServerProxy.java:startImpl(413)) - s1: start RPC server
2025-05-22 15:28:54,367 [main] INFO  server.GrpcServicesImpl (GrpcServicesImpl.java:startImpl(353)) - s1: GrpcServicesImpl started, listening on 15114
2025-05-22 15:28:54,367 [main] INFO  server.GrpcServicesImpl (GrpcServicesImpl.java:startImpl(353)) - s1: GrpcServicesImpl started, listening on 15112
2025-05-22 15:28:54,367 [main] INFO  server.GrpcServicesImpl (GrpcServicesImpl.java:startImpl(353)) - s1: GrpcServicesImpl started, listening on 15113
2025-05-22 15:28:54,368 [JvmPauseMonitor28] INFO  util.JvmPauseMonitor (JvmPauseMonitor.java:run(146)) - JvmPauseMonitor-s1: Started
2025-05-22 15:28:54,368 [s2-impl-thread1] INFO  server.RaftServerConfigKeys (ConfUtils.java:logGet(62)) - raft.server.storage.dir = [/home/runner/work/ratis/ratis/ratis-test/target/test/data/20dcd2fe/MiniRaftClusterWithGrpcd06f1a4c/s2] (custom)
2025-05-22 15:28:54,368 [s2-impl-thread1] INFO  storage.RaftStorageDirectory (RaftStorageDirectoryImpl.java:analyzeStorage(138)) - The storage directory /home/runner/work/ratis/ratis/ratis-test/target/test/data/20dcd2fe/MiniRaftClusterWithGrpcd06f1a4c/s2/45e41a95-8305-4ad1-a05a-dec0aeaff274 does not exist. Creating ...
2025-05-22 15:28:54,368 [s2-impl-thread1] TRACE util.FileUtils (LogUtils.java:runAndLog(49)) - Successfully ran Files.createDirectories /home/runner/work/ratis/ratis/ratis-test/target/test/data/20dcd2fe/MiniRaftClusterWithGrpcd06f1a4c/s2/45e41a95-8305-4ad1-a05a-dec0aeaff274
2025-05-22 15:28:54,369 [s2-impl-thread1] INFO  storage.RaftStorageDirectory (RaftStorageDirectoryImpl.java:tryLock(229)) - Lock on /home/runner/work/ratis/ratis/ratis-test/target/test/data/20dcd2fe/MiniRaftClusterWithGrpcd06f1a4c/s2/45e41a95-8305-4ad1-a05a-dec0aeaff274/in_use.lock acquired by nodename 11375@fv-az1344-429
2025-05-22 15:28:54,369 [s2-impl-thread1] TRACE util.FileUtils (LogUtils.java:runAndLog(49)) - Successfully ran Files.createDirectories /home/runner/work/ratis/ratis/ratis-test/target/test/data/20dcd2fe/MiniRaftClusterWithGrpcd06f1a4c/s2/45e41a95-8305-4ad1-a05a-dec0aeaff274/current
2025-05-22 15:28:54,369 [s2-impl-thread1] TRACE util.FileUtils (LogUtils.java:runAndLog(49)) - Successfully ran Files.createDirectories /home/runner/work/ratis/ratis/ratis-test/target/test/data/20dcd2fe/MiniRaftClusterWithGrpcd06f1a4c/s2/45e41a95-8305-4ad1-a05a-dec0aeaff274/sm
2025-05-22 15:28:54,370 [s2-impl-thread1] TRACE util.FileUtils (LogUtils.java:supplyAndLog(69)) - Successfully supplied FileChannel.open /home/runner/work/ratis/ratis/ratis-test/target/test/data/20dcd2fe/MiniRaftClusterWithGrpcd06f1a4c/s2/45e41a95-8305-4ad1-a05a-dec0aeaff274/current/raft-meta.tmp with options [CREATE, TRUNCATE_EXISTING, WRITE]: sun.nio.ch.FileChannelImpl@ebac52d
2025-05-22 15:28:54,370 [s2-impl-thread1] TRACE util.FileUtils (LogUtils.java:runAndLog(49)) - Successfully ran Atomic Files.move /home/runner/work/ratis/ratis/ratis-test/target/test/data/20dcd2fe/MiniRaftClusterWithGrpcd06f1a4c/s2/45e41a95-8305-4ad1-a05a-dec0aeaff274/current/raft-meta.tmp to /home/runner/work/ratis/ratis/ratis-test/target/test/data/20dcd2fe/MiniRaftClusterWithGrpcd06f1a4c/s2/45e41a95-8305-4ad1-a05a-dec0aeaff274/current/raft-meta with options [REPLACE_EXISTING]
2025-05-22 15:28:54,370 [s2-impl-thread1] INFO  storage.RaftStorage (RaftStorageImpl.java:format(98)) - Storage directory /home/runner/work/ratis/ratis/ratis-test/target/test/data/20dcd2fe/MiniRaftClusterWithGrpcd06f1a4c/s2/45e41a95-8305-4ad1-a05a-dec0aeaff274 has been successfully formatted.
2025-05-22 15:28:54,371 [s2-impl-thread1] INFO  util.AwaitToRun (AwaitToRun.java:start(81)) - Thread[s2@group-DEC0AEAFF274-cacheEviction-AwaitToRun,5,main] started
2025-05-22 15:28:54,371 [s2-impl-thread1] INFO  segmented.SegmentedRaftLogWorker (SegmentedRaftLogWorker.java:<init>(191)) - new s2@group-DEC0AEAFF274-SegmentedRaftLogWorker for RaftStorageImpl:Storage Directory /home/runner/work/ratis/ratis/ratis-test/target/test/data/20dcd2fe/MiniRaftClusterWithGrpcd06f1a4c/s2/45e41a95-8305-4ad1-a05a-dec0aeaff274
2025-05-22 15:28:54,372 [s2-impl-thread1] INFO  segmented.SegmentedRaftLogWorker (SegmentedRaftLogWorker.java:lambda$new$0(142)) - s2@group-DEC0AEAFF274-SegmentedRaftLogWorker: flushIndex: setUnconditionally 0 -> -1
2025-05-22 15:28:54,372 [s2-impl-thread1] INFO  segmented.SegmentedRaftLogWorker (SegmentedRaftLogWorker.java:lambda$new$0(142)) - s2@group-DEC0AEAFF274-SegmentedRaftLogWorker: safeCacheEvictIndex: setUnconditionally 0 -> -1
2025-05-22 15:28:54,372 [s2-impl-thread1] INFO  server.RaftServer$Division (RaftServerImpl.java:start(408)) - s2@group-DEC0AEAFF274: start as a follower, conf=conf: {index: -1, cur=peers:[s0|localhost:15108, s1|localhost:15112, s2|localhost:15116]|listeners:[], old=null}
2025-05-22 15:28:54,372 [s2-impl-thread1] INFO  server.RaftServer$Division (RaftServerImpl.java:setRole(395)) - s2@group-DEC0AEAFF274: changes role from      null to FOLLOWER at term 0 for startAsFollower
2025-05-22 15:28:54,373 [s2-impl-thread1] INFO  impl.RoleInfo (RoleInfo.java:updateAndGet(148)) - s2: start s2@group-DEC0AEAFF274-FollowerState
2025-05-22 15:28:54,373 [s2@group-DEC0AEAFF274-FollowerState] INFO  server.RaftServerConfigKeys (ConfUtils.java:logFallback(69)) - raft.server.rpc.first-election.timeout.min = 150ms (fallback to raft.server.rpc.timeout.min)
2025-05-22 15:28:54,373 [s2@group-DEC0AEAFF274-FollowerState] INFO  server.RaftServerConfigKeys (ConfUtils.java:logFallback(69)) - raft.server.rpc.first-election.timeout.max = 300ms (fallback to raft.server.rpc.timeout.max)
2025-05-22 15:28:54,373 [s2-impl-thread1] INFO  util.JmxRegister (JmxRegister.java:tryRegister(44)) - Successfully registered JMX Bean with object name Ratis:service=RaftServer,group=group-DEC0AEAFF274,id=s2
2025-05-22 15:28:54,373 [s2-impl-thread1] INFO  util.JmxRegister (JmxRegister.java:register(58)) - register mxBean class org.apache.ratis.server.impl.RaftServerJmxAdapter as Ratis:service=RaftServer,group=group-DEC0AEAFF274,id=s2
2025-05-22 15:28:54,373 [s2-impl-thread1] INFO  server.RaftServer$Division (RaftServerImpl.java:start(422)) - s2@group-DEC0AEAFF274: Successfully started.
2025-05-22 15:28:54,374 [main] INFO  server.RaftServer (RaftServerProxy.java:startImpl(413)) - s2: start RPC server
2025-05-22 15:28:54,374 [main] INFO  server.GrpcServicesImpl (GrpcServicesImpl.java:startImpl(353)) - s2: GrpcServicesImpl started, listening on 15118
2025-05-22 15:28:54,375 [main] INFO  server.GrpcServicesImpl (GrpcServicesImpl.java:startImpl(353)) - s2: GrpcServicesImpl started, listening on 15116
2025-05-22 15:28:54,375 [main] INFO  server.GrpcServicesImpl (GrpcServicesImpl.java:startImpl(353)) - s2: GrpcServicesImpl started, listening on 15117
2025-05-22 15:28:54,375 [JvmPauseMonitor29] INFO  util.JvmPauseMonitor (JvmPauseMonitor.java:run(146)) - JvmPauseMonitor-s2: Started
2025-05-22 15:28:54,376 [main] INFO  ratis.RaftTestUtil (RaftTestUtil.java:waitForLeader(107)) - printing ALL groups
  s0:  RUNNING  FOLLOWER (RUNNING): s0@group-DEC0AEAFF274:t0, leader=null, voted=, raftlog=Memoized:s0@group-DEC0AEAFF274-SegmentedRaftLog:OPENED:c-1:lastnull, conf=conf: {index: -1, cur=peers:[s0|localhost:15108, s1|localhost:15112, s2|localhost:15116]|listeners:[], old=null}
  s1:  RUNNING  FOLLOWER (RUNNING): s1@group-DEC0AEAFF274:t0, leader=null, voted=, raftlog=Memoized:s1@group-DEC0AEAFF274-SegmentedRaftLog:OPENED:c-1:lastnull, conf=conf: {index: -1, cur=peers:[s0|localhost:15108, s1|localhost:15112, s2|localhost:15116]|listeners:[], old=null}
  s2:  RUNNING  FOLLOWER (RUNNING): s2@group-DEC0AEAFF274:t0, leader=null, voted=, raftlog=Memoized:s2@group-DEC0AEAFF274-SegmentedRaftLog:OPENED:c-1:lastnull, conf=conf: {index: -1, cur=peers:[s0|localhost:15108, s1|localhost:15112, s2|localhost:15116]|listeners:[], old=null}
2025-05-22 15:28:54,376 [main] WARN  ratis.RaftTestUtil (RaftTestUtil.java:lambda$waitForLeader$3(126)) - Attempt #1 failed: java.lang.IllegalStateException: No leader yet : printing ALL groups
  s0:  RUNNING  FOLLOWER (RUNNING): s0@group-DEC0AEAFF274:t0, leader=null, voted=, raftlog=Memoized:s0@group-DEC0AEAFF274-SegmentedRaftLog:OPENED:c-1:lastnull, conf=conf: {index: -1, cur=peers:[s0|localhost:15108, s1|localhost:15112, s2|localhost:15116]|listeners:[], old=null}
  s1:  RUNNING  FOLLOWER (RUNNING): s1@group-DEC0AEAFF274:t0, leader=null, voted=, raftlog=Memoized:s1@group-DEC0AEAFF274-SegmentedRaftLog:OPENED:c-1:lastnull, conf=conf: {index: -1, cur=peers:[s0|localhost:15108, s1|localhost:15112, s2|localhost:15116]|listeners:[], old=null}
  s2:  RUNNING  FOLLOWER (RUNNING): s2@group-DEC0AEAFF274:t0, leader=null, voted=, raftlog=Memoized:s2@group-DEC0AEAFF274-SegmentedRaftLog:OPENED:c-1:lastnull, conf=conf: {index: -1, cur=peers:[s0|localhost:15108, s1|localhost:15112, s2|localhost:15116]|listeners:[], old=null}
2025-05-22 15:28:54,535 [s1@group-DEC0AEAFF274-FollowerState] INFO  impl.FollowerState (FollowerState.java:runImpl(161)) - s1@group-DEC0AEAFF274-FollowerState: change to CANDIDATE, lastRpcElapsedTime:169680448ns, electionTimeout:169ms
2025-05-22 15:28:54,535 [s1@group-DEC0AEAFF274-FollowerState] INFO  impl.RoleInfo (RoleInfo.java:shutdownFollowerState(121)) - s1: shutdown s1@group-DEC0AEAFF274-FollowerState
2025-05-22 15:28:54,535 [s1@group-DEC0AEAFF274-FollowerState] INFO  server.RaftServer$Division (RaftServerImpl.java:setRole(395)) - s1@group-DEC0AEAFF274: changes role from  FOLLOWER to CANDIDATE at term 0 for changeToCandidate
2025-05-22 15:28:54,535 [s1@group-DEC0AEAFF274-FollowerState] INFO  impl.RoleInfo (RoleInfo.java:updateAndGet(148)) - s1: start s1@group-DEC0AEAFF274-LeaderElection17
2025-05-22 15:28:54,536 [s1@group-DEC0AEAFF274-LeaderElection17] INFO  impl.LeaderElection (LeaderElection.java:askForVotes(448)) - s1@group-DEC0AEAFF274-LeaderElection17 PRE_VOTE round 0: submit vote requests at term 0 for conf: {index: -1, cur=peers:[s0|localhost:15108, s1|localhost:15112, s2|localhost:15116]|listeners:[], old=null}
2025-05-22 15:28:54,536 [s1@group-DEC0AEAFF274-LeaderElection17-1] INFO  server.GrpcServerProtocolClient (GrpcServerProtocolClient.java:<init>(65)) - Build channel for s0|localhost:15108
2025-05-22 15:28:54,536 [s1@group-DEC0AEAFF274-LeaderElection17-2] INFO  server.GrpcServerProtocolClient (GrpcServerProtocolClient.java:<init>(65)) - Build channel for s2|localhost:15116
2025-05-22 15:28:54,536 [s1@group-DEC0AEAFF274-LeaderElection17] INFO  server.RaftServerConfigKeys (ConfUtils.java:logFallback(69)) - raft.server.rpc.first-election.timeout.min = 150ms (fallback to raft.server.rpc.timeout.min)
2025-05-22 15:28:54,536 [s1@group-DEC0AEAFF274-LeaderElection17] INFO  server.RaftServerConfigKeys (ConfUtils.java:logFallback(69)) - raft.server.rpc.first-election.timeout.max = 300ms (fallback to raft.server.rpc.timeout.max)
2025-05-22 15:28:54,542 [grpc-default-executor-4] INFO  server.RaftServer$Division (RaftServerImpl.java:requestVote(1475)) - s2@group-DEC0AEAFF274: receive requestVote(PRE_VOTE, s1, group-DEC0AEAFF274, 0, <PROTO_DEFAULT>)
2025-05-22 15:28:54,542 [grpc-default-executor-4] INFO  impl.VoteContext (VoteContext.java:log(49)) - s2@group-DEC0AEAFF274-FOLLOWER: accept PRE_VOTE from s1: our priority 0 <= candidate's priority 0
2025-05-22 15:28:54,542 [grpc-default-executor-4] INFO  server.RaftServer$Division (RaftServerImpl.java:requestVote(1509)) - s2@group-DEC0AEAFF274 replies to PRE_VOTE vote request: s1<-s2#0:OK-t0-last:<INITIAL_VALUE>. Peer's state: s2@group-DEC0AEAFF274:t0, leader=null, voted=, raftlog=Memoized:s2@group-DEC0AEAFF274-SegmentedRaftLog:OPENED:c-1:lastnull, conf=conf: {index: -1, cur=peers:[s0|localhost:15108, s1|localhost:15112, s2|localhost:15116]|listeners:[], old=null}
2025-05-22 15:28:54,542 [grpc-default-executor-3] INFO  server.RaftServer$Division (RaftServerImpl.java:requestVote(1475)) - s0@group-DEC0AEAFF274: receive requestVote(PRE_VOTE, s1, group-DEC0AEAFF274, 0, <PROTO_DEFAULT>)
2025-05-22 15:28:54,542 [grpc-default-executor-3] INFO  impl.VoteContext (VoteContext.java:log(49)) - s0@group-DEC0AEAFF274-FOLLOWER: accept PRE_VOTE from s1: our priority 0 <= candidate's priority 0
2025-05-22 15:28:54,542 [grpc-default-executor-3] INFO  server.RaftServer$Division (RaftServerImpl.java:requestVote(1509)) - s0@group-DEC0AEAFF274 replies to PRE_VOTE vote request: s1<-s0#0:OK-t0-last:<INITIAL_VALUE>. Peer's state: s0@group-DEC0AEAFF274:t0, leader=null, voted=, raftlog=Memoized:s0@group-DEC0AEAFF274-SegmentedRaftLog:OPENED:c-1:lastnull, conf=conf: {index: -1, cur=peers:[s0|localhost:15108, s1|localhost:15112, s2|localhost:15116]|listeners:[], old=null}
2025-05-22 15:28:54,543 [s1@group-DEC0AEAFF274-LeaderElection17] INFO  impl.LeaderElection (LeaderElection.java:logAndReturn(206)) - s1@group-DEC0AEAFF274-LeaderElection17: PRE_VOTE PASSED received 1 response(s) and 0 exception(s):
2025-05-22 15:28:54,543 [s1@group-DEC0AEAFF274-LeaderElection17] INFO  impl.LeaderElection (LeaderElection.java:logAndReturn(210)) -   Response 0: s1<-s2#0:OK-t0-last:<INITIAL_VALUE>
2025-05-22 15:28:54,544 [s1@group-DEC0AEAFF274-LeaderElection17] INFO  impl.LeaderElection (LeaderElection.java:askForVotes(450)) - s1@group-DEC0AEAFF274-LeaderElection17 PRE_VOTE round 0: result PASSED
2025-05-22 15:28:54,544 [s1@group-DEC0AEAFF274-LeaderElection17] TRACE util.FileUtils (LogUtils.java:supplyAndLog(69)) - Successfully supplied FileChannel.open /home/runner/work/ratis/ratis/ratis-test/target/test/data/20dcd2fe/MiniRaftClusterWithGrpcd06f1a4c/s1/45e41a95-8305-4ad1-a05a-dec0aeaff274/current/raft-meta.tmp with options [CREATE, TRUNCATE_EXISTING, WRITE]: sun.nio.ch.FileChannelImpl@33e1fd00
2025-05-22 15:28:54,545 [s1@group-DEC0AEAFF274-LeaderElection17] TRACE util.FileUtils (LogUtils.java:runAndLog(49)) - Successfully ran Atomic Files.move /home/runner/work/ratis/ratis/ratis-test/target/test/data/20dcd2fe/MiniRaftClusterWithGrpcd06f1a4c/s1/45e41a95-8305-4ad1-a05a-dec0aeaff274/current/raft-meta.tmp to /home/runner/work/ratis/ratis/ratis-test/target/test/data/20dcd2fe/MiniRaftClusterWithGrpcd06f1a4c/s1/45e41a95-8305-4ad1-a05a-dec0aeaff274/current/raft-meta with options [REPLACE_EXISTING]
2025-05-22 15:28:54,545 [s1@group-DEC0AEAFF274-LeaderElection17] INFO  impl.LeaderElection (LeaderElection.java:askForVotes(448)) - s1@group-DEC0AEAFF274-LeaderElection17 ELECTION round 0: submit vote requests at term 1 for conf: {index: -1, cur=peers:[s0|localhost:15108, s1|localhost:15112, s2|localhost:15116]|listeners:[], old=null}
2025-05-22 15:28:54,546 [s1@group-DEC0AEAFF274-LeaderElection17] INFO  server.RaftServerConfigKeys (ConfUtils.java:logFallback(69)) - raft.server.rpc.first-election.timeout.min = 150ms (fallback to raft.server.rpc.timeout.min)
2025-05-22 15:28:54,546 [s1@group-DEC0AEAFF274-LeaderElection17] INFO  server.RaftServerConfigKeys (ConfUtils.java:logFallback(69)) - raft.server.rpc.first-election.timeout.max = 300ms (fallback to raft.server.rpc.timeout.max)
2025-05-22 15:28:54,548 [grpc-default-executor-3] INFO  server.RaftServer$Division (RaftServerImpl.java:requestVote(1475)) - s2@group-DEC0AEAFF274: receive requestVote(ELECTION, s1, group-DEC0AEAFF274, 1, <PROTO_DEFAULT>)
2025-05-22 15:28:54,548 [grpc-default-executor-4] INFO  server.RaftServer$Division (RaftServerImpl.java:requestVote(1475)) - s0@group-DEC0AEAFF274: receive requestVote(ELECTION, s1, group-DEC0AEAFF274, 1, <PROTO_DEFAULT>)
2025-05-22 15:28:54,549 [grpc-default-executor-4] INFO  impl.VoteContext (VoteContext.java:log(49)) - s0@group-DEC0AEAFF274-FOLLOWER: accept ELECTION from s1: our priority 0 <= candidate's priority 0
2025-05-22 15:28:54,549 [grpc-default-executor-4] INFO  server.RaftServer$Division (RaftServerImpl.java:setRole(395)) - s0@group-DEC0AEAFF274: changes role from  FOLLOWER to FOLLOWER at term 0 for candidate:s1
2025-05-22 15:28:54,549 [grpc-default-executor-3] INFO  impl.VoteContext (VoteContext.java:log(49)) - s2@group-DEC0AEAFF274-FOLLOWER: accept ELECTION from s1: our priority 0 <= candidate's priority 0
2025-05-22 15:28:54,549 [grpc-default-executor-3] INFO  server.RaftServer$Division (RaftServerImpl.java:setRole(395)) - s2@group-DEC0AEAFF274: changes role from  FOLLOWER to FOLLOWER at term 0 for candidate:s1
2025-05-22 15:28:54,549 [grpc-default-executor-3] INFO  impl.RoleInfo (RoleInfo.java:shutdownFollowerState(121)) - s2: shutdown s2@group-DEC0AEAFF274-FollowerState
2025-05-22 15:28:54,549 [grpc-default-executor-4] INFO  impl.RoleInfo (RoleInfo.java:shutdownFollowerState(121)) - s0: shutdown s0@group-DEC0AEAFF274-FollowerState
2025-05-22 15:28:54,549 [grpc-default-executor-3] INFO  impl.RoleInfo (RoleInfo.java:updateAndGet(148)) - s2: start s2@group-DEC0AEAFF274-FollowerState
2025-05-22 15:28:54,549 [grpc-default-executor-4] INFO  impl.RoleInfo (RoleInfo.java:updateAndGet(148)) - s0: start s0@group-DEC0AEAFF274-FollowerState
2025-05-22 15:28:54,550 [grpc-default-executor-3] INFO  server.RaftServer$Division (RaftServerImpl.java:setFirstElection(579)) - s2@group-DEC0AEAFF274: set firstElectionSinceStartup to false for candidate:s1
2025-05-22 15:28:54,550 [grpc-default-executor-4] INFO  server.RaftServer$Division (RaftServerImpl.java:setFirstElection(579)) - s0@group-DEC0AEAFF274: set firstElectionSinceStartup to false for candidate:s1
2025-05-22 15:28:54,549 [s0@group-DEC0AEAFF274-FollowerState] INFO  impl.FollowerState (FollowerState.java:runImpl(170)) - s0@group-DEC0AEAFF274-FollowerState was interrupted
2025-05-22 15:28:54,549 [s2@group-DEC0AEAFF274-FollowerState] INFO  impl.FollowerState (FollowerState.java:runImpl(170)) - s2@group-DEC0AEAFF274-FollowerState was interrupted
2025-05-22 15:28:54,550 [grpc-default-executor-4] TRACE util.FileUtils (LogUtils.java:supplyAndLog(69)) - Successfully supplied FileChannel.open /home/runner/work/ratis/ratis/ratis-test/target/test/data/20dcd2fe/MiniRaftClusterWithGrpcd06f1a4c/s0/45e41a95-8305-4ad1-a05a-dec0aeaff274/current/raft-meta.tmp with options [CREATE, TRUNCATE_EXISTING, WRITE]: sun.nio.ch.FileChannelImpl@3edc0de3
2025-05-22 15:28:54,550 [grpc-default-executor-3] TRACE util.FileUtils (LogUtils.java:supplyAndLog(69)) - Successfully supplied FileChannel.open /home/runner/work/ratis/ratis/ratis-test/target/test/data/20dcd2fe/MiniRaftClusterWithGrpcd06f1a4c/s2/45e41a95-8305-4ad1-a05a-dec0aeaff274/current/raft-meta.tmp with options [CREATE, TRUNCATE_EXISTING, WRITE]: sun.nio.ch.FileChannelImpl@27906d37
2025-05-22 15:28:54,551 [grpc-default-executor-4] TRACE util.FileUtils (LogUtils.java:runAndLog(49)) - Successfully ran Atomic Files.move /home/runner/work/ratis/ratis/ratis-test/target/test/data/20dcd2fe/MiniRaftClusterWithGrpcd06f1a4c/s0/45e41a95-8305-4ad1-a05a-dec0aeaff274/current/raft-meta.tmp to /home/runner/work/ratis/ratis/ratis-test/target/test/data/20dcd2fe/MiniRaftClusterWithGrpcd06f1a4c/s0/45e41a95-8305-4ad1-a05a-dec0aeaff274/current/raft-meta with options [REPLACE_EXISTING]
2025-05-22 15:28:54,551 [grpc-default-executor-3] TRACE util.FileUtils (LogUtils.java:runAndLog(49)) - Successfully ran Atomic Files.move /home/runner/work/ratis/ratis/ratis-test/target/test/data/20dcd2fe/MiniRaftClusterWithGrpcd06f1a4c/s2/45e41a95-8305-4ad1-a05a-dec0aeaff274/current/raft-meta.tmp to /home/runner/work/ratis/ratis/ratis-test/target/test/data/20dcd2fe/MiniRaftClusterWithGrpcd06f1a4c/s2/45e41a95-8305-4ad1-a05a-dec0aeaff274/current/raft-meta with options [REPLACE_EXISTING]
2025-05-22 15:28:54,552 [grpc-default-executor-3] INFO  server.RaftServer$Division (RaftServerImpl.java:requestVote(1509)) - s2@group-DEC0AEAFF274 replies to ELECTION vote request: s1<-s2#0:OK-t1-last:<INITIAL_VALUE>. Peer's state: s2@group-DEC0AEAFF274:t1, leader=null, voted=s1, raftlog=Memoized:s2@group-DEC0AEAFF274-SegmentedRaftLog:OPENED:c-1:lastnull, conf=conf: {index: -1, cur=peers:[s0|localhost:15108, s1|localhost:15112, s2|localhost:15116]|listeners:[], old=null}
2025-05-22 15:28:54,551 [grpc-default-executor-4] INFO  server.RaftServer$Division (RaftServerImpl.java:requestVote(1509)) - s0@group-DEC0AEAFF274 replies to ELECTION vote request: s1<-s0#0:OK-t1-last:<INITIAL_VALUE>. Peer's state: s0@group-DEC0AEAFF274:t1, leader=null, voted=s1, raftlog=Memoized:s0@group-DEC0AEAFF274-SegmentedRaftLog:OPENED:c-1:lastnull, conf=conf: {index: -1, cur=peers:[s0|localhost:15108, s1|localhost:15112, s2|localhost:15116]|listeners:[], old=null}
2025-05-22 15:28:54,552 [s1@group-DEC0AEAFF274-LeaderElection17] INFO  impl.LeaderElection (LeaderElection.java:logAndReturn(206)) - s1@group-DEC0AEAFF274-LeaderElection17: ELECTION PASSED received 1 response(s) and 0 exception(s):
2025-05-22 15:28:54,553 [s1@group-DEC0AEAFF274-LeaderElection17] INFO  impl.LeaderElection (LeaderElection.java:logAndReturn(210)) -   Response 0: s1<-s0#0:OK-t1-last:<INITIAL_VALUE>
2025-05-22 15:28:54,553 [s1@group-DEC0AEAFF274-LeaderElection17] INFO  impl.LeaderElection (LeaderElection.java:askForVotes(450)) - s1@group-DEC0AEAFF274-LeaderElection17 ELECTION round 0: result PASSED
2025-05-22 15:28:54,553 [s1@group-DEC0AEAFF274-LeaderElection17] INFO  impl.RoleInfo (RoleInfo.java:shutdownLeaderElection(141)) - s1: shutdown s1@group-DEC0AEAFF274-LeaderElection17
2025-05-22 15:28:54,553 [s1@group-DEC0AEAFF274-LeaderElection17] INFO  server.RaftServer$Division (RaftServerImpl.java:setRole(395)) - s1@group-DEC0AEAFF274: changes role from CANDIDATE to LEADER at term 1 for changeToLeader
2025-05-22 15:28:54,553 [s1@group-DEC0AEAFF274-LeaderElection17] INFO  server.RaftServerConfigKeys (ConfUtils.java:logFallback(69)) - raft.server.staging.timeout = 900ms (fallback to raft.server.rpc.timeout.max)
2025-05-22 15:28:54,554 [s1@group-DEC0AEAFF274-LeaderElection17] INFO  impl.RoleInfo (RoleInfo.java:updateAndGet(148)) - s1: start s1@group-DEC0AEAFF274-LeaderStateImpl
2025-05-22 15:28:54,554 [s1@group-DEC0AEAFF274-LeaderElection17] INFO  server.RaftServer$Division (RaftServerImpl.java:setFirstElection(579)) - s1@group-DEC0AEAFF274: set firstElectionSinceStartup to false for becomeLeader
2025-05-22 15:28:54,555 [s1@group-DEC0AEAFF274-LeaderElection17] INFO  server.RaftServer$Division (ServerState.java:setLeader(272)) - s1@group-DEC0AEAFF274: change Leader from null to s1 at term 1 for becomeLeader, leader elected after 209ms
2025-05-22 15:28:54,555 [s1@group-DEC0AEAFF274-LeaderElection17] INFO  segmented.SegmentedRaftLogWorker (SegmentedRaftLogWorker.java:startLogSegment(445)) - s1@group-DEC0AEAFF274-SegmentedRaftLogWorker: Starting segment from index:0
2025-05-22 15:28:54,555 [s1@group-DEC0AEAFF274-LeaderElection17] INFO  server.RaftServer$Division (ServerState.java:setRaftConf(386)) - s1@group-DEC0AEAFF274: set configuration conf: {index: 0, cur=peers:[s0|localhost:15108, s1|localhost:15112, s2|localhost:15116]|listeners:[], old=null}
2025-05-22 15:28:54,555 [s1@group-DEC0AEAFF274-SegmentedRaftLogWorker] INFO  segmented.BufferedWriteChannel (BufferedWriteChannel.java:open(61)) - open log_inprogress_0 at position 0
2025-05-22 15:28:54,561 [grpc-default-executor-0] INFO  server.RaftServer$Division (ServerState.java:setLeader(272)) - s0@group-DEC0AEAFF274: change Leader from null to s1 at term 1 for appendEntries, leader elected after 220ms
2025-05-22 15:28:54,562 [grpc-default-executor-6] INFO  server.RaftServer$Division (ServerState.java:setLeader(272)) - s2@group-DEC0AEAFF274: change Leader from null to s1 at term 1 for appendEntries, leader elected after 211ms
2025-05-22 15:28:54,563 [grpc-default-executor-0] DEBUG server.RaftServer$Division (RaftServerImpl.java:logAppendEntries(1581)) - s0@group-DEC0AEAFF274: appendEntries* s1->s0#1-t1,previous=<PROTO_DEFAULT>,leaderCommit=-1,initializing? false,entries: size=1, first=(t:1, i:0), CONFIGURATIONENTRY(current:id:"s0"address:"localhost:15108"dataStreamAddress:"localhost:15111"clientAddress:"localhost:15110"adminAddress:"localhost:15109"startupRole:FOLLOWER, id:"s1"address:"localhost:15112"dataStreamAddress:"localhost:15115"clientAddress:"localhost:15114"adminAddress:"localhost:15113"startupRole:FOLLOWER, id:"s2"address:"localhost:15116"dataStreamAddress:"localhost:15119"clientAddress:"localhost:15118"adminAddress:"localhost:15117"startupRole:FOLLOWER, old:)
2025-05-22 15:28:54,563 [grpc-default-executor-0] INFO  server.RaftServer$Division (ServerState.java:setRaftConf(386)) - s0@group-DEC0AEAFF274: set configuration conf: {index: 0, cur=peers:[s0|localhost:15108, s1|localhost:15112, s2|localhost:15116]|listeners:[], old=null}
2025-05-22 15:28:54,563 [grpc-default-executor-6] DEBUG server.RaftServer$Division (RaftServerImpl.java:logAppendEntries(1581)) - s2@group-DEC0AEAFF274: appendEntries* s1->s2#1-t1,previous=<PROTO_DEFAULT>,leaderCommit=-1,initializing? false,entries: size=1, first=(t:1, i:0), CONFIGURATIONENTRY(current:id:"s0"address:"localhost:15108"dataStreamAddress:"localhost:15111"clientAddress:"localhost:15110"adminAddress:"localhost:15109"startupRole:FOLLOWER, id:"s1"address:"localhost:15112"dataStreamAddress:"localhost:15115"clientAddress:"localhost:15114"adminAddress:"localhost:15113"startupRole:FOLLOWER, id:"s2"address:"localhost:15116"dataStreamAddress:"localhost:15119"clientAddress:"localhost:15118"adminAddress:"localhost:15117"startupRole:FOLLOWER, old:)
2025-05-22 15:28:54,564 [grpc-default-executor-0] INFO  segmented.SegmentedRaftLogWorker (SegmentedRaftLogWorker.java:startLogSegment(445)) - s0@group-DEC0AEAFF274-SegmentedRaftLogWorker: Starting segment from index:0
2025-05-22 15:28:54,564 [grpc-default-executor-6] INFO  server.RaftServer$Division (ServerState.java:setRaftConf(386)) - s2@group-DEC0AEAFF274: set configuration conf: {index: 0, cur=peers:[s0|localhost:15108, s1|localhost:15112, s2|localhost:15116]|listeners:[], old=null}
2025-05-22 15:28:54,565 [s1@group-DEC0AEAFF274-SegmentedRaftLogWorker] INFO  segmented.SegmentedRaftLogWorker (SegmentedRaftLogWorker.java:execute(669)) - s1@group-DEC0AEAFF274-SegmentedRaftLogWorker: created new log segment /home/runner/work/ratis/ratis/ratis-test/target/test/data/20dcd2fe/MiniRaftClusterWithGrpcd06f1a4c/s1/45e41a95-8305-4ad1-a05a-dec0aeaff274/current/log_inprogress_0
2025-05-22 15:28:54,565 [grpc-default-executor-6] INFO  segmented.SegmentedRaftLogWorker (SegmentedRaftLogWorker.java:startLogSegment(445)) - s2@group-DEC0AEAFF274-SegmentedRaftLogWorker: Starting segment from index:0
2025-05-22 15:28:54,565 [s2@group-DEC0AEAFF274-SegmentedRaftLogWorker] INFO  segmented.BufferedWriteChannel (BufferedWriteChannel.java:open(61)) - open log_inprogress_0 at position 0
2025-05-22 15:28:54,566 [s0@group-DEC0AEAFF274-SegmentedRaftLogWorker] INFO  segmented.BufferedWriteChannel (BufferedWriteChannel.java:open(61)) - open log_inprogress_0 at position 0
2025-05-22 15:28:54,577 [s0@group-DEC0AEAFF274-SegmentedRaftLogWorker] INFO  segmented.SegmentedRaftLogWorker (SegmentedRaftLogWorker.java:execute(669)) - s0@group-DEC0AEAFF274-SegmentedRaftLogWorker: created new log segment /home/runner/work/ratis/ratis/ratis-test/target/test/data/20dcd2fe/MiniRaftClusterWithGrpcd06f1a4c/s0/45e41a95-8305-4ad1-a05a-dec0aeaff274/current/log_inprogress_0
2025-05-22 15:28:54,577 [s2@group-DEC0AEAFF274-SegmentedRaftLogWorker] INFO  segmented.SegmentedRaftLogWorker (SegmentedRaftLogWorker.java:execute(669)) - s2@group-DEC0AEAFF274-SegmentedRaftLogWorker: created new log segment /home/runner/work/ratis/ratis/ratis-test/target/test/data/20dcd2fe/MiniRaftClusterWithGrpcd06f1a4c/s2/45e41a95-8305-4ad1-a05a-dec0aeaff274/current/log_inprogress_0
2025-05-22 15:28:54,578 [s0-server-thread1] DEBUG server.RaftServer$Division (RaftServerImpl.java:logAppendEntries(1581)) - s0@group-DEC0AEAFF274: appendEntries* reply s1<-s0#1:OK-t1,SUCCESS,nextIndex=1,followerCommit=-1,matchIndex=0
2025-05-22 15:28:54,578 [s2-server-thread1] DEBUG server.RaftServer$Division (RaftServerImpl.java:logAppendEntries(1581)) - s2@group-DEC0AEAFF274: appendEntries* reply s1<-s2#1:OK-t1,SUCCESS,nextIndex=1,followerCommit=-1,matchIndex=0
2025-05-22 15:28:54,580 [s1@group-DEC0AEAFF274-StateMachineUpdater] TRACE util.FileUtils (LogUtils.java:supplyAndLog(69)) - Successfully supplied FileChannel.open /home/runner/work/ratis/ratis/ratis-test/target/test/data/20dcd2fe/MiniRaftClusterWithGrpcd06f1a4c/s1/45e41a95-8305-4ad1-a05a-dec0aeaff274/current/raft-meta.conf.tmp with options [CREATE, TRUNCATE_EXISTING, WRITE]: sun.nio.ch.FileChannelImpl@2076520c
2025-05-22 15:28:54,581 [s1@group-DEC0AEAFF274-StateMachineUpdater] TRACE util.FileUtils (LogUtils.java:runAndLog(49)) - Successfully ran Atomic Files.move /home/runner/work/ratis/ratis/ratis-test/target/test/data/20dcd2fe/MiniRaftClusterWithGrpcd06f1a4c/s1/45e41a95-8305-4ad1-a05a-dec0aeaff274/current/raft-meta.conf.tmp to /home/runner/work/ratis/ratis/ratis-test/target/test/data/20dcd2fe/MiniRaftClusterWithGrpcd06f1a4c/s1/45e41a95-8305-4ad1-a05a-dec0aeaff274/current/raft-meta.conf with options [REPLACE_EXISTING]
2025-05-22 15:28:54,581 [s1@group-DEC0AEAFF274-StateMachineUpdater] INFO  server.RaftServer$Division (LeaderStateImpl.java:checkStartIndex(310)) - Leader s1@group-DEC0AEAFF274-LeaderStateImpl is ready since appliedIndex == startIndex == 0
2025-05-22 15:28:54,658 [s2@group-DEC0AEAFF274-StateMachineUpdater] TRACE util.FileUtils (LogUtils.java:supplyAndLog(69)) - Successfully supplied FileChannel.open /home/runner/work/ratis/ratis/ratis-test/target/test/data/20dcd2fe/MiniRaftClusterWithGrpcd06f1a4c/s2/45e41a95-8305-4ad1-a05a-dec0aeaff274/current/raft-meta.conf.tmp with options [CREATE, TRUNCATE_EXISTING, WRITE]: sun.nio.ch.FileChannelImpl@3f08c856
2025-05-22 15:28:54,658 [s0@group-DEC0AEAFF274-StateMachineUpdater] TRACE util.FileUtils (LogUtils.java:supplyAndLog(69)) - Successfully supplied FileChannel.open /home/runner/work/ratis/ratis/ratis-test/target/test/data/20dcd2fe/MiniRaftClusterWithGrpcd06f1a4c/s0/45e41a95-8305-4ad1-a05a-dec0aeaff274/current/raft-meta.conf.tmp with options [CREATE, TRUNCATE_EXISTING, WRITE]: sun.nio.ch.FileChannelImpl@60fb7a07
2025-05-22 15:28:54,660 [s2@group-DEC0AEAFF274-StateMachineUpdater] TRACE util.FileUtils (LogUtils.java:runAndLog(49)) - Successfully ran Atomic Files.move /home/runner/work/ratis/ratis/ratis-test/target/test/data/20dcd2fe/MiniRaftClusterWithGrpcd06f1a4c/s2/45e41a95-8305-4ad1-a05a-dec0aeaff274/current/raft-meta.conf.tmp to /home/runner/work/ratis/ratis/ratis-test/target/test/data/20dcd2fe/MiniRaftClusterWithGrpcd06f1a4c/s2/45e41a95-8305-4ad1-a05a-dec0aeaff274/current/raft-meta.conf with options [REPLACE_EXISTING]
2025-05-22 15:28:54,660 [s0@group-DEC0AEAFF274-StateMachineUpdater] TRACE util.FileUtils (LogUtils.java:runAndLog(49)) - Successfully ran Atomic Files.move /home/runner/work/ratis/ratis/ratis-test/target/test/data/20dcd2fe/MiniRaftClusterWithGrpcd06f1a4c/s0/45e41a95-8305-4ad1-a05a-dec0aeaff274/current/raft-meta.conf.tmp to /home/runner/work/ratis/ratis/ratis-test/target/test/data/20dcd2fe/MiniRaftClusterWithGrpcd06f1a4c/s0/45e41a95-8305-4ad1-a05a-dec0aeaff274/current/raft-meta.conf with options [REPLACE_EXISTING]
2025-05-22 15:28:54,826 [main] INFO  ratis.RaftTestUtil (RaftTestUtil.java:waitForLeader(131)) - printing ALL groups
  s0:  RUNNING  FOLLOWER (RUNNING): s0@group-DEC0AEAFF274:t1, leader=s1, voted=s1, raftlog=Memoized:s0@group-DEC0AEAFF274-SegmentedRaftLog:OPENED:c0:last(t:1, i:0), conf=conf: {index: 0, cur=peers:[s0|localhost:15108, s1|localhost:15112, s2|localhost:15116]|listeners:[], old=null}
  s1:  RUNNING    LEADER (RUNNING): s1@group-DEC0AEAFF274:t1, leader=s1, voted=s1, raftlog=Memoized:s1@group-DEC0AEAFF274-SegmentedRaftLog:OPENED:c0:last(t:1, i:0), conf=conf: {index: 0, cur=peers:[s0|localhost:15108, s1|localhost:15112, s2|localhost:15116]|listeners:[], old=null}
  s2:  RUNNING  FOLLOWER (RUNNING): s2@group-DEC0AEAFF274:t1, leader=s1, voted=s1, raftlog=Memoized:s2@group-DEC0AEAFF274-SegmentedRaftLog:OPENED:c0:last(t:1, i:0), conf=conf: {index: 0, cur=peers:[s0|localhost:15108, s1|localhost:15112, s2|localhost:15116]|listeners:[], old=null}
2025-05-22 15:28:54,832 [s0-client-thread1] DEBUG server.RaftServer$Division (RaftServerImpl.java:submitClientRequestAsync(951)) - s0@group-DEC0AEAFF274: receive client request(RaftClientRequest:client-C324836360BF->s0@group-DEC0AEAFF274, cid=107, seq=null, RW, Message:494e4352454d454e54)
2025-05-22 15:28:54,832 [null-request--thread1] INFO  server.GrpcClientProtocolService (GrpcClientProtocolService.java:lambda$processClientRequest$0(330)) - Failed request cid=107, reply=RaftClientReply:client-C324836360BF->s0@group-DEC0AEAFF274, cid=107, FAILED org.apache.ratis.protocol.exceptions.NotLeaderException: Server s0@group-DEC0AEAFF274 is not the leader, suggested leader is: s1|localhost:15112, logIndex=0, commits[s0:c0, s1:c0, s2:c0]
2025-05-22 15:28:54,940 [s1-client-thread1] DEBUG server.RaftServer$Division (RaftServerImpl.java:submitClientRequestAsync(951)) - s1@group-DEC0AEAFF274: receive client request(RaftClientRequest:client-C324836360BF->s1@group-DEC0AEAFF274, cid=107, seq=null, RW, Message:494e4352454d454e54)
2025-05-22 15:28:54,941 [s1-client-thread1] DEBUG server.RaftServer$Division (LeaderStateImpl.java:addPendingRequest(527)) - s1@group-DEC0AEAFF274-LeaderStateImpl: addPendingRequest at RaftClientRequest:client-C324836360BF->s1@group-DEC0AEAFF274, cid=107, seq=null, RW, Message:494e4352454d454e54, entry=(t:1, i:1), STATEMACHINELOGENTRY, WRITE: logData.size=9, stateMachineData.size=0, logEntryProtoSerializedSize=0
2025-05-22 15:28:54,943 [grpc-default-executor-6] DEBUG server.RaftServer$Division (RaftServerImpl.java:logAppendEntries(1581)) - s0@group-DEC0AEAFF274: appendEntries* s1->s0#7-t1,previous=(t:1, i:0),leaderCommit=0,initializing? false,entries: size=1, first=(t:1, i:1), STATEMACHINELOGENTRY, StateMachineLogEntryProto:107@client-C324836360BF
2025-05-22 15:28:54,943 [grpc-default-executor-0] DEBUG server.RaftServer$Division (RaftServerImpl.java:logAppendEntries(1581)) - s2@group-DEC0AEAFF274: appendEntries* s1->s2#8-t1,previous=(t:1, i:0),leaderCommit=0,initializing? false,entries: size=1, first=(t:1, i:1), STATEMACHINELOGENTRY, StateMachineLogEntryProto:107@client-C324836360BF
2025-05-22 15:28:54,944 [s2-server-thread1] DEBUG server.RaftServer$Division (RaftServerImpl.java:logAppendEntries(1581)) - s2@group-DEC0AEAFF274: appendEntries* reply s1<-s2#8:OK-t1,SUCCESS,nextIndex=2,followerCommit=0,matchIndex=1
2025-05-22 15:28:54,944 [s0-server-thread1] DEBUG server.RaftServer$Division (RaftServerImpl.java:logAppendEntries(1581)) - s0@group-DEC0AEAFF274: appendEntries* reply s1<-s0#7:OK-t1,SUCCESS,nextIndex=2,followerCommit=0,matchIndex=1
2025-05-22 15:28:54,945 [s1@group-DEC0AEAFF274-StateMachineUpdater] INFO  statemachine.StateMachine (ReadOnlyRequestTests.java:applyTransaction(377)) - receive command: INCREMENT
2025-05-22 15:28:54,946 [grpc-default-executor-6] DEBUG server.RaftServer$Division (RaftServerImpl.java:logAppendEntries(1581)) - s0@group-DEC0AEAFF274: appendEntries* s1->s0#9-t1,previous=(t:1, i:1),leaderCommit=1,initializing? false,entries: size=1, first=(t:1, i:2), METADATAENTRY(c:1)
2025-05-22 15:28:54,947 [grpc-default-executor-0] DEBUG server.RaftServer$Division (RaftServerImpl.java:logAppendEntries(1581)) - s2@group-DEC0AEAFF274: appendEntries* s1->s2#9-t1,previous=(t:1, i:1),leaderCommit=1,initializing? false,entries: size=1, first=(t:1, i:2), METADATAENTRY(c:1)
2025-05-22 15:28:54,948 [s2-server-thread1] DEBUG server.RaftServer$Division (RaftServerImpl.java:logAppendEntries(1581)) - s2@group-DEC0AEAFF274: appendEntries* reply s1<-s2#9:OK-t1,SUCCESS,nextIndex=3,followerCommit=1,matchIndex=2
2025-05-22 15:28:54,948 [s0@group-DEC0AEAFF274-StateMachineUpdater] INFO  statemachine.StateMachine (ReadOnlyRequestTests.java:applyTransaction(377)) - receive command: INCREMENT
2025-05-22 15:28:54,948 [s0-server-thread1] DEBUG server.RaftServer$Division (RaftServerImpl.java:logAppendEntries(1581)) - s0@group-DEC0AEAFF274: appendEntries* reply s1<-s0#9:OK-t1,SUCCESS,nextIndex=3,followerCommit=1,matchIndex=2
2025-05-22 15:28:54,948 [s2@group-DEC0AEAFF274-StateMachineUpdater] INFO  statemachine.StateMachine (ReadOnlyRequestTests.java:applyTransaction(377)) - receive command: INCREMENT
2025-05-22 15:28:54,950 [s1-client-thread1] DEBUG server.RaftServer$Division (RaftServerImpl.java:submitClientRequestAsync(951)) - s1@group-DEC0AEAFF274: receive client request(RaftClientRequest:client-C324836360BF->s1@group-DEC0AEAFF274, cid=108, seq=null, RaW, Message:5155455259)
2025-05-22 15:28:54,951 [s1-client-thread1] DEBUG server.RaftServer$Division (LeaderStateImpl.java:getReadIndex(1149)) - readIndex=1, readAfterWriteConsistentIndex=1
2025-05-22 15:28:54,956 [s1-client-thread1] DEBUG server.RaftServer$Division (RaftServerImpl.java:submitClientRequestAsync(951)) - s1@group-DEC0AEAFF274: receive client request(RaftClientRequest:client-C324836360BF->s1@group-DEC0AEAFF274, cid=109, seq=1*, Watch(0), Message:<EMPTY>)
2025-05-22 15:28:54,956 [s1-client-thread1] DEBUG server.RaftServer$Division (LeaderStateImpl.java:addWatchRequest(546)) - s1@group-DEC0AEAFF274-LeaderStateImpl: addWatchRequest RaftClientRequest:client-C324836360BF->s1@group-DEC0AEAFF274, cid=109, seq=1*, Watch(0), Message:<EMPTY>
2025-05-22 15:28:54,958 [s1-client-thread1] DEBUG server.RaftServer$Division (RaftServerImpl.java:submitClientRequestAsync(951)) - s1@group-DEC0AEAFF274: receive client request(RaftClientRequest:client-C324836360BF->s1@group-DEC0AEAFF274, cid=110, seq=2, RW, Message:494e4352454d454e54)
2025-05-22 15:28:54,959 [s1-client-thread1] DEBUG server.RaftServer$Division (LeaderStateImpl.java:addPendingRequest(527)) - s1@group-DEC0AEAFF274-LeaderStateImpl: addPendingRequest at RaftClientRequest:client-C324836360BF->s1@group-DEC0AEAFF274, cid=110, seq=2, RW, Message:494e4352454d454e54, entry=(t:1, i:3), STATEMACHINELOGENTRY, WRITE: logData.size=9, stateMachineData.size=0, logEntryProtoSerializedSize=0
2025-05-22 15:28:54,961 [grpc-default-executor-6] DEBUG server.RaftServer$Division (RaftServerImpl.java:logAppendEntries(1581)) - s0@group-DEC0AEAFF274: appendEntries* s1->s0#12-t1,previous=(t:1, i:2),leaderCommit=2,initializing? false,entries: size=1, first=(t:1, i:3), STATEMACHINELOGENTRY, StateMachineLogEntryProto:110@client-C324836360BF
2025-05-22 15:28:54,961 [s1-client-thread1] DEBUG server.RaftServer$Division (RaftServerImpl.java:submitClientRequestAsync(951)) - s1@group-DEC0AEAFF274: receive client request(RaftClientRequest:client-C324836360BF->s1@group-DEC0AEAFF274, cid=111, seq=3, RaW, Message:5155455259)
2025-05-22 15:28:54,961 [s1-client-thread1] DEBUG server.RaftServer$Division (LeaderStateImpl.java:getReadIndex(1149)) - readIndex=3, readAfterWriteConsistentIndex=3
2025-05-22 15:28:54,962 [grpc-default-executor-0] DEBUG server.RaftServer$Division (RaftServerImpl.java:logAppendEntries(1581)) - s2@group-DEC0AEAFF274: appendEntries* s1->s2#11-t1,previous=(t:1, i:2),leaderCommit=2,initializing? false,entries: size=1, first=(t:1, i:3), STATEMACHINELOGENTRY, StateMachineLogEntryProto:110@client-C324836360BF
2025-05-22 15:28:54,962 [s1-client-thread2] DEBUG server.RaftServer$Division (RaftServerImpl.java:submitClientRequestAsync(951)) - s1@group-DEC0AEAFF274: receive client request(RaftClientRequest:client-C324836360BF->s1@group-DEC0AEAFF274, cid=112, seq=4, RW, Message:494e4352454d454e54)
2025-05-22 15:28:54,963 [s0-server-thread1] DEBUG server.RaftServer$Division (RaftServerImpl.java:logAppendEntries(1581)) - s0@group-DEC0AEAFF274: appendEntries* reply s1<-s0#12:OK-t1,SUCCESS,nextIndex=4,followerCommit=2,matchIndex=3
2025-05-22 15:28:54,963 [s2-server-thread1] DEBUG server.RaftServer$Division (RaftServerImpl.java:logAppendEntries(1581)) - s2@group-DEC0AEAFF274: appendEntries* reply s1<-s2#11:OK-t1,SUCCESS,nextIndex=4,followerCommit=2,matchIndex=3
2025-05-22 15:28:54,963 [s1-client-thread2] DEBUG server.RaftServer$Division (LeaderStateImpl.java:addPendingRequest(527)) - s1@group-DEC0AEAFF274-LeaderStateImpl: addPendingRequest at RaftClientRequest:client-C324836360BF->s1@group-DEC0AEAFF274, cid=112, seq=4, RW, Message:494e4352454d454e54, entry=(t:1, i:4), STATEMACHINELOGENTRY, WRITE: logData.size=9, stateMachineData.size=0, logEntryProtoSerializedSize=0
2025-05-22 15:28:54,965 [s1@group-DEC0AEAFF274-StateMachineUpdater] INFO  statemachine.StateMachine (ReadOnlyRequestTests.java:applyTransaction(377)) - receive command: INCREMENT
2025-05-22 15:28:54,966 [grpc-default-executor-0] DEBUG server.RaftServer$Division (RaftServerImpl.java:logAppendEntries(1581)) - s0@group-DEC0AEAFF274: appendEntries* s1->s0#13-t1,previous=(t:1, i:3),leaderCommit=2,initializing? false,entries: size=1, first=(t:1, i:4), STATEMACHINELOGENTRY, StateMachineLogEntryProto:112@client-C324836360BF
2025-05-22 15:28:54,967 [s0-server-thread1] DEBUG server.RaftServer$Division (RaftServerImpl.java:logAppendEntries(1581)) - s0@group-DEC0AEAFF274: appendEntries* reply s1<-s0#13:OK-t1,SUCCESS,nextIndex=5,followerCommit=2,matchIndex=4
2025-05-22 15:28:54,967 [s1-client-thread2] DEBUG server.RaftServer$Division (RaftServerImpl.java:submitClientRequestAsync(951)) - s1@group-DEC0AEAFF274: receive client request(RaftClientRequest:client-C324836360BF->s1@group-DEC0AEAFF274, cid=113, seq=5, RW, Message:494e4352454d454e54)
2025-05-22 15:28:54,967 [s1-client-thread2] DEBUG server.RaftServer$Division (LeaderStateImpl.java:addPendingRequest(527)) - s1@group-DEC0AEAFF274-LeaderStateImpl: addPendingRequest at RaftClientRequest:client-C324836360BF->s1@group-DEC0AEAFF274, cid=113, seq=5, RW, Message:494e4352454d454e54, entry=(t:1, i:6), STATEMACHINELOGENTRY, WRITE: logData.size=9, stateMachineData.size=0, logEntryProtoSerializedSize=0
2025-05-22 15:28:54,969 [s1-client-thread2] DEBUG server.RaftServer$Division (RaftServerImpl.java:submitClientRequestAsync(951)) - s1@group-DEC0AEAFF274: receive client request(RaftClientRequest:client-C324836360BF->s1@group-DEC0AEAFF274, cid=114, seq=6, RW, Message:494e4352454d454e54)
2025-05-22 15:28:54,970 [grpc-default-executor-0] DEBUG server.RaftServer$Division (RaftServerImpl.java:logAppendEntries(1581)) - s0@group-DEC0AEAFF274: appendEntries* s1->s0#14-t1,previous=(t:1, i:4),leaderCommit=3,initializing? false,entries: size=1, first=(t:1, i:5), METADATAENTRY(c:3)
2025-05-22 15:28:54,970 [s1@group-DEC0AEAFF274-StateMachineUpdater] INFO  statemachine.StateMachine (ReadOnlyRequestTests.java:applyTransaction(377)) - receive command: INCREMENT
2025-05-22 15:28:54,969 [grpc-default-executor-3] DEBUG server.RaftServer$Division (RaftServerImpl.java:logAppendEntries(1581)) - s2@group-DEC0AEAFF274: appendEntries* s1->s2#12-t1,previous=(t:1, i:3),leaderCommit=3,initializing? false,entries: size=2, first=(t:1, i:4), STATEMACHINELOGENTRY, StateMachineLogEntryProto:112@client-C324836360BF
2025-05-22 15:28:54,971 [grpc-default-executor-0] DEBUG server.RaftServer$Division (RaftServerImpl.java:logAppendEntries(1581)) - s0@group-DEC0AEAFF274: appendEntries* s1->s0#15-t1,previous=(t:1, i:5),leaderCommit=3,initializing? false,entries: size=1, first=(t:1, i:6), STATEMACHINELOGENTRY, StateMachineLogEntryProto:113@client-C324836360BF
2025-05-22 15:28:54,972 [s0-server-thread1] DEBUG server.RaftServer$Division (RaftServerImpl.java:logAppendEntries(1581)) - s0@group-DEC0AEAFF274: appendEntries* reply s1<-s0#14:OK-t1,SUCCESS,nextIndex=6,followerCommit=3,matchIndex=5
2025-05-22 15:28:54,972 [s0@group-DEC0AEAFF274-StateMachineUpdater] INFO  statemachine.StateMachine (ReadOnlyRequestTests.java:applyTransaction(377)) - receive command: INCREMENT
2025-05-22 15:28:54,975 [s1-client-thread2] DEBUG server.RaftServer$Division (LeaderStateImpl.java:addPendingRequest(527)) - s1@group-DEC0AEAFF274-LeaderStateImpl: addPendingRequest at RaftClientRequest:client-C324836360BF->s1@group-DEC0AEAFF274, cid=114, seq=6, RW, Message:494e4352454d454e54, entry=(t:1, i:8), STATEMACHINELOGENTRY, WRITE: logData.size=9, stateMachineData.size=0, logEntryProtoSerializedSize=0
2025-05-22 15:28:54,974 [s2-server-thread1] DEBUG server.RaftServer$Division (RaftServerImpl.java:logAppendEntries(1581)) - s2@group-DEC0AEAFF274: appendEntries* reply s1<-s2#12:OK-t1,SUCCESS,nextIndex=6,followerCommit=3,matchIndex=5
2025-05-22 15:28:54,974 [s2@group-DEC0AEAFF274-StateMachineUpdater] INFO  statemachine.StateMachine (ReadOnlyRequestTests.java:applyTransaction(377)) - receive command: INCREMENT
2025-05-22 15:28:54,973 [grpc-default-executor-3] DEBUG server.RaftServer$Division (RaftServerImpl.java:logAppendEntries(1581)) - s2@group-DEC0AEAFF274: appendEntries* s1->s2#13-t1,previous=(t:1, i:5),leaderCommit=3,initializing? false,entries: size=1, first=(t:1, i:6), STATEMACHINELOGENTRY, StateMachineLogEntryProto:113@client-C324836360BF
2025-05-22 15:28:54,973 [grpc-default-executor-0] DEBUG server.RaftServer$Division (RaftServerImpl.java:logAppendEntries(1581)) - s0@group-DEC0AEAFF274: appendEntries* s1->s0#17-t1,previous=(t:1, i:6),leaderCommit=4,initializing? false,entries: size=1, first=(t:1, i:7), METADATAENTRY(c:4)
2025-05-22 15:28:54,972 [s0-server-thread2] DEBUG server.RaftServer$Division (RaftServerImpl.java:logAppendEntries(1581)) - s0@group-DEC0AEAFF274: appendEntries* reply s1<-s0#15:OK-t1,SUCCESS,nextIndex=7,followerCommit=3,matchIndex=6
2025-05-22 15:28:54,979 [grpc-default-executor-4] DEBUG server.RaftServer$Division (RaftServerImpl.java:logAppendEntries(1581)) - s0@group-DEC0AEAFF274: appendEntries* s1->s0#19-t1,previous=(t:1, i:7),leaderCommit=5,initializing? false,entries: size=1, first=(t:1, i:8), STATEMACHINELOGENTRY, StateMachineLogEntryProto:114@client-C324836360BF
2025-05-22 15:28:54,980 [grpc-default-executor-6] DEBUG server.RaftServer$Division (RaftServerImpl.java:logAppendEntries(1581)) - s2@group-DEC0AEAFF274: appendEntries* s1->s2#14-t1,previous=(t:1, i:6),leaderCommit=4,initializing? false,entries: size=1, first=(t:1, i:7), METADATAENTRY(c:4)
2025-05-22 15:28:54,980 [s1-client-thread2] DEBUG server.RaftServer$Division (RaftServerImpl.java:submitClientRequestAsync(951)) - s1@group-DEC0AEAFF274: receive client request(RaftClientRequest:client-C324836360BF->s1@group-DEC0AEAFF274, cid=115, seq=7, RW, Message:494e4352454d454e54)
2025-05-22 15:28:54,980 [s1@group-DEC0AEAFF274-StateMachineUpdater] INFO  statemachine.StateMachine (ReadOnlyRequestTests.java:applyTransaction(377)) - receive command: INCREMENT
2025-05-22 15:28:54,982 [s0@group-DEC0AEAFF274-StateMachineUpdater] INFO  statemachine.StateMachine (ReadOnlyRequestTests.java:applyTransaction(377)) - receive command: INCREMENT
2025-05-22 15:28:54,982 [s2-server-thread1] DEBUG server.RaftServer$Division (RaftServerImpl.java:logAppendEntries(1581)) - s2@group-DEC0AEAFF274: appendEntries* reply s1<-s2#13:OK-t1,SUCCESS,nextIndex=7,followerCommit=3,matchIndex=6
2025-05-22 15:28:54,982 [s2-server-thread2] DEBUG server.RaftServer$Division (RaftServerImpl.java:logAppendEntries(1581)) - s2@group-DEC0AEAFF274: appendEntries* reply s1<-s2#14:OK-t1,SUCCESS,nextIndex=8,followerCommit=4,matchIndex=7
2025-05-22 15:28:54,982 [s0-server-thread2] DEBUG server.RaftServer$Division (RaftServerImpl.java:logAppendEntries(1581)) - s0@group-DEC0AEAFF274: appendEntries* reply s1<-s0#17:OK-t1,SUCCESS,nextIndex=8,followerCommit=4,matchIndex=7
2025-05-22 15:28:54,983 [s1-client-thread2] DEBUG server.RaftServer$Division (LeaderStateImpl.java:addPendingRequest(527)) - s1@group-DEC0AEAFF274-LeaderStateImpl: addPendingRequest at RaftClientRequest:client-C324836360BF->s1@group-DEC0AEAFF274, cid=115, seq=7, RW, Message:494e4352454d454e54, entry=(t:1, i:10), STATEMACHINELOGENTRY, WRITE: logData.size=9, stateMachineData.size=0, logEntryProtoSerializedSize=0
2025-05-22 15:28:54,984 [grpc-default-executor-6] DEBUG server.RaftServer$Division (RaftServerImpl.java:logAppendEntries(1581)) - s0@group-DEC0AEAFF274: appendEntries* s1->s0#21-t1,previous=(t:1, i:8),leaderCommit=6,initializing? false,entries: size=1, first=(t:1, i:9), METADATAENTRY(c:6)
2025-05-22 15:28:54,984 [s1-client-thread1] DEBUG server.RaftServer$Division (RaftServerImpl.java:submitClientRequestAsync(951)) - s1@group-DEC0AEAFF274: receive client request(RaftClientRequest:client-C324836360BF->s1@group-DEC0AEAFF274, cid=116, seq=8, RW, Message:494e4352454d454e54)
2025-05-22 15:28:54,985 [grpc-default-executor-3] DEBUG server.RaftServer$Division (RaftServerImpl.java:logAppendEntries(1581)) - s2@group-DEC0AEAFF274: appendEntries* s1->s2#18-t1,previous=(t:1, i:7),leaderCommit=5,initializing? false,entries: size=1, first=(t:1, i:8), STATEMACHINELOGENTRY, StateMachineLogEntryProto:114@client-C324836360BF
2025-05-22 15:28:54,985 [s1-client-thread1] DEBUG server.RaftServer$Division (LeaderStateImpl.java:addPendingRequest(527)) - s1@group-DEC0AEAFF274-LeaderStateImpl: addPendingRequest at RaftClientRequest:client-C324836360BF->s1@group-DEC0AEAFF274, cid=116, seq=8, RW, Message:494e4352454d454e54, entry=(t:1, i:11), STATEMACHINELOGENTRY, WRITE: logData.size=9, stateMachineData.size=0, logEntryProtoSerializedSize=0
2025-05-22 15:28:54,986 [s1-client-thread1] DEBUG server.RaftServer$Division (RaftServerImpl.java:submitClientRequestAsync(951)) - s1@group-DEC0AEAFF274: receive client request(RaftClientRequest:client-C324836360BF->s1@group-DEC0AEAFF274, cid=117, seq=9, RW, Message:494e4352454d454e54)
2025-05-22 15:28:54,986 [s2@group-DEC0AEAFF274-StateMachineUpdater] INFO  statemachine.StateMachine (ReadOnlyRequestTests.java:applyTransaction(377)) - receive command: INCREMENT
2025-05-22 15:28:54,987 [s1-client-thread1] DEBUG server.RaftServer$Division (LeaderStateImpl.java:addPendingRequest(527)) - s1@group-DEC0AEAFF274-LeaderStateImpl: addPendingRequest at RaftClientRequest:client-C324836360BF->s1@group-DEC0AEAFF274, cid=117, seq=9, RW, Message:494e4352454d454e54, entry=(t:1, i:12), STATEMACHINELOGENTRY, WRITE: logData.size=9, stateMachineData.size=0, logEntryProtoSerializedSize=0
2025-05-22 15:28:54,987 [s2-server-thread2] DEBUG server.RaftServer$Division (RaftServerImpl.java:logAppendEntries(1581)) - s2@group-DEC0AEAFF274: appendEntries* reply s1<-s2#18:OK-t1,SUCCESS,nextIndex=9,followerCommit=5,matchIndex=8
2025-05-22 15:28:54,988 [grpc-default-executor-0] DEBUG server.RaftServer$Division (RaftServerImpl.java:logAppendEntries(1581)) - s0@group-DEC0AEAFF274: appendEntries* s1->s0#22-t1,previous=(t:1, i:9),leaderCommit=6,initializing? false,entries: size=1, first=(t:1, i:10), STATEMACHINELOGENTRY, StateMachineLogEntryProto:115@client-C324836360BF
2025-05-22 15:28:54,989 [s0-server-thread2] DEBUG server.RaftServer$Division (RaftServerImpl.java:logAppendEntries(1581)) - s0@group-DEC0AEAFF274: appendEntries* reply s1<-s0#19:OK-t1,SUCCESS,nextIndex=9,followerCommit=5,matchIndex=8
2025-05-22 15:28:54,988 [grpc-default-executor-3] DEBUG server.RaftServer$Division (RaftServerImpl.java:logAppendEntries(1581)) - s2@group-DEC0AEAFF274: appendEntries* s1->s2#19-t1,previous=(t:1, i:8),leaderCommit=6,initializing? false,entries: size=1, first=(t:1, i:9), METADATAENTRY(c:6)
2025-05-22 15:28:54,989 [s1@group-DEC0AEAFF274-StateMachineUpdater] INFO  statemachine.StateMachine (ReadOnlyRequestTests.java:applyTransaction(377)) - receive command: INCREMENT
2025-05-22 15:28:54,990 [grpc-default-executor-3] DEBUG server.RaftServer$Division (RaftServerImpl.java:logAppendEntries(1581)) - s2@group-DEC0AEAFF274: appendEntries* s1->s2#20-t1,previous=(t:1, i:9),leaderCommit=6,initializing? false,entries: size=3, first=(t:1, i:10), STATEMACHINELOGENTRY, StateMachineLogEntryProto:115@client-C324836360BF
2025-05-22 15:28:54,990 [s1-client-thread1] DEBUG server.RaftServer$Division (RaftServerImpl.java:submitClientRequestAsync(951)) - s1@group-DEC0AEAFF274: receive client request(RaftClientRequest:client-C324836360BF->s1@group-DEC0AEAFF274, cid=118, seq=10, RW, Message:494e4352454d454e54)
2025-05-22 15:28:54,990 [s1-client-thread1] DEBUG server.RaftServer$Division (LeaderStateImpl.java:addPendingRequest(527)) - s1@group-DEC0AEAFF274-LeaderStateImpl: addPendingRequest at RaftClientRequest:client-C324836360BF->s1@group-DEC0AEAFF274, cid=118, seq=10, RW, Message:494e4352454d454e54, entry=(t:1, i:14), STATEMACHINELOGENTRY, WRITE: logData.size=9, stateMachineData.size=0, logEntryProtoSerializedSize=0
2025-05-22 15:28:54,991 [s2-server-thread1] DEBUG server.RaftServer$Division (RaftServerImpl.java:logAppendEntries(1581)) - s2@group-DEC0AEAFF274: appendEntries* reply s1<-s2#20:OK-t1,SUCCESS,nextIndex=13,followerCommit=6,matchIndex=12
2025-05-22 15:28:54,991 [s2@group-DEC0AEAFF274-StateMachineUpdater] INFO  statemachine.StateMachine (ReadOnlyRequestTests.java:applyTransaction(377)) - receive command: INCREMENT
2025-05-22 15:28:54,995 [s0-server-thread1] DEBUG server.RaftServer$Division (RaftServerImpl.java:logAppendEntries(1581)) - s0@group-DEC0AEAFF274: appendEntries* reply s1<-s0#21:OK-t1,SUCCESS,nextIndex=10,followerCommit=6,matchIndex=9
2025-05-22 15:28:54,995 [s1-client-thread1] DEBUG server.RaftServer$Division (RaftServerImpl.java:submitClientRequestAsync(951)) - s1@group-DEC0AEAFF274: receive client request(RaftClientRequest:client-C324836360BF->s1@group-DEC0AEAFF274, cid=119, seq=11, RW, Message:494e4352454d454e54)
2025-05-22 15:28:54,995 [s0@group-DEC0AEAFF274-StateMachineUpdater] INFO  statemachine.StateMachine (ReadOnlyRequestTests.java:applyTransaction(377)) - receive command: INCREMENT
2025-05-22 15:28:54,995 [s0-server-thread2] DEBUG server.RaftServer$Division (RaftServerImpl.java:logAppendEntries(1581)) - s0@group-DEC0AEAFF274: appendEntries* reply s1<-s0#22:OK-t1,SUCCESS,nextIndex=11,followerCommit=6,matchIndex=10
2025-05-22 15:28:54,995 [s1-client-thread1] DEBUG server.RaftServer$Division (LeaderStateImpl.java:addPendingRequest(527)) - s1@group-DEC0AEAFF274-LeaderStateImpl: addPendingRequest at RaftClientRequest:client-C324836360BF->s1@group-DEC0AEAFF274, cid=119, seq=11, RW, Message:494e4352454d454e54, entry=(t:1, i:15), STATEMACHINELOGENTRY, WRITE: logData.size=9, stateMachineData.size=0, logEntryProtoSerializedSize=0
2025-05-22 15:28:54,992 [grpc-default-executor-6] DEBUG server.RaftServer$Division (RaftServerImpl.java:logAppendEntries(1581)) - s2@group-DEC0AEAFF274: appendEntries* s1->s2#25-t1,previous=(t:1, i:12),leaderCommit=8,initializing? false,entries: size=1, first=(t:1, i:13), METADATAENTRY(c:8)
2025-05-22 15:28:54,991 [s2-server-thread2] DEBUG server.RaftServer$Division (RaftServerImpl.java:logAppendEntries(1581)) - s2@group-DEC0AEAFF274: appendEntries* reply s1<-s2#19:OK-t1,SUCCESS,nextIndex=10,followerCommit=6,matchIndex=9
2025-05-22 15:28:54,997 [s2-server-thread2] DEBUG server.RaftServer$Division (RaftServerImpl.java:logAppendEntries(1581)) - s2@group-DEC0AEAFF274: appendEntries* reply s1<-s2#25:OK-t1,SUCCESS,nextIndex=14,followerCommit=8,matchIndex=13
2025-05-22 15:28:54,998 [grpc-default-executor-6] DEBUG server.RaftServer$Division (RaftServerImpl.java:logAppendEntries(1581)) - s2@group-DEC0AEAFF274: appendEntries* s1->s2#26-t1,previous=(t:1, i:13),leaderCommit=8,initializing? false,entries: size=1, first=(t:1, i:14), STATEMACHINELOGENTRY, StateMachineLogEntryProto:118@client-C324836360BF
2025-05-22 15:28:54,998 [s1@group-DEC0AEAFF274-StateMachineUpdater] INFO  statemachine.StateMachine (ReadOnlyRequestTests.java:applyTransaction(377)) - receive command: INCREMENT
2025-05-22 15:28:54,996 [grpc-default-executor-3] DEBUG server.RaftServer$Division (RaftServerImpl.java:logAppendEntries(1581)) - s0@group-DEC0AEAFF274: appendEntries* s1->s0#23-t1,previous=(t:1, i:10),leaderCommit=6,initializing? false,entries: size=1, first=(t:1, i:11), STATEMACHINELOGENTRY, StateMachineLogEntryProto:116@client-C324836360BF
2025-05-22 15:28:54,998 [s2@group-DEC0AEAFF274-StateMachineUpdater] INFO  statemachine.StateMachine (ReadOnlyRequestTests.java:applyTransaction(377)) - receive command: INCREMENT
2025-05-22 15:28:54,999 [s1@group-DEC0AEAFF274-StateMachineUpdater] INFO  statemachine.StateMachine (ReadOnlyRequestTests.java:applyTransaction(377)) - receive command: INCREMENT
2025-05-22 15:28:54,999 [s1@group-DEC0AEAFF274-StateMachineUpdater] INFO  statemachine.StateMachine (ReadOnlyRequestTests.java:applyTransaction(377)) - receive command: INCREMENT
2025-05-22 15:28:55,000 [s1-client-thread1] DEBUG server.RaftServer$Division (RaftServerImpl.java:submitClientRequestAsync(951)) - s1@group-DEC0AEAFF274: receive client request(RaftClientRequest:client-C324836360BF->s1@group-DEC0AEAFF274, cid=120, seq=12, RW, Message:494e4352454d454e54)
2025-05-22 15:28:55,000 [s0-server-thread2] DEBUG server.RaftServer$Division (RaftServerImpl.java:logAppendEntries(1581)) - s0@group-DEC0AEAFF274: appendEntries* reply s1<-s0#23:OK-t1,SUCCESS,nextIndex=12,followerCommit=6,matchIndex=11
2025-05-22 15:28:55,000 [s1-client-thread1] DEBUG server.RaftServer$Division (LeaderStateImpl.java:addPendingRequest(527)) - s1@group-DEC0AEAFF274-LeaderStateImpl: addPendingRequest at RaftClientRequest:client-C324836360BF->s1@group-DEC0AEAFF274, cid=120, seq=12, RW, Message:494e4352454d454e54, entry=(t:1, i:17), STATEMACHINELOGENTRY, WRITE: logData.size=9, stateMachineData.size=0, logEntryProtoSerializedSize=0
2025-05-22 15:28:55,001 [grpc-default-executor-3] DEBUG server.RaftServer$Division (RaftServerImpl.java:logAppendEntries(1581)) - s2@group-DEC0AEAFF274: appendEntries* s1->s2#28-t1,previous=(t:1, i:14),leaderCommit=8,initializing? false,entries: size=1, first=(t:1, i:15), STATEMACHINELOGENTRY, StateMachineLogEntryProto:119@client-C324836360BF
2025-05-22 15:28:55,001 [s2-server-thread2] DEBUG server.RaftServer$Division (RaftServerImpl.java:logAppendEntries(1581)) - s2@group-DEC0AEAFF274: appendEntries* reply s1<-s2#26:OK-t1,SUCCESS,nextIndex=15,followerCommit=8,matchIndex=14
2025-05-22 15:28:55,002 [s2-server-thread2] DEBUG server.RaftServer$Division (RaftServerImpl.java:logAppendEntries(1581)) - s2@group-DEC0AEAFF274: appendEntries* reply s1<-s2#28:OK-t1,SUCCESS,nextIndex=16,followerCommit=8,matchIndex=15
2025-05-22 15:28:55,002 [grpc-default-executor-3] DEBUG server.RaftServer$Division (RaftServerImpl.java:logAppendEntries(1581)) - s2@group-DEC0AEAFF274: appendEntries* s1->s2#30-t1,previous=(t:1, i:15),leaderCommit=12,initializing? false,entries: size=1, first=(t:1, i:16), METADATAENTRY(c:12)
2025-05-22 15:28:55,003 [grpc-default-executor-6] DEBUG server.RaftServer$Division (RaftServerImpl.java:logAppendEntries(1581)) - s0@group-DEC0AEAFF274: appendEntries* s1->s0#24-t1,previous=(t:1, i:11),leaderCommit=6,initializing? false,entries: size=1, first=(t:1, i:12), STATEMACHINELOGENTRY, StateMachineLogEntryProto:117@client-C324836360BF
2025-05-22 15:28:55,003 [s1-client-thread1] DEBUG server.RaftServer$Division (RaftServerImpl.java:submitClientRequestAsync(951)) - s1@group-DEC0AEAFF274: receive client request(RaftClientRequest:client-C324836360BF->s1@group-DEC0AEAFF274, cid=121, seq=13, RW, Message:494e4352454d454e54)
2025-05-22 15:28:55,004 [s1-client-thread1] DEBUG server.RaftServer$Division (LeaderStateImpl.java:addPendingRequest(527)) - s1@group-DEC0AEAFF274-LeaderStateImpl: addPendingRequest at RaftClientRequest:client-C324836360BF->s1@group-DEC0AEAFF274, cid=121, seq=13, RW, Message:494e4352454d454e54, entry=(t:1, i:18), STATEMACHINELOGENTRY, WRITE: logData.size=9, stateMachineData.size=0, logEntryProtoSerializedSize=0
2025-05-22 15:28:55,004 [s0-server-thread2] DEBUG server.RaftServer$Division (RaftServerImpl.java:logAppendEntries(1581)) - s0@group-DEC0AEAFF274: appendEntries* reply s1<-s0#24:OK-t1,SUCCESS,nextIndex=13,followerCommit=6,matchIndex=12
2025-05-22 15:28:55,006 [s2-server-thread2] DEBUG server.RaftServer$Division (RaftServerImpl.java:logAppendEntries(1581)) - s2@group-DEC0AEAFF274: appendEntries* reply s1<-s2#30:OK-t1,SUCCESS,nextIndex=17,followerCommit=12,matchIndex=16
2025-05-22 15:28:55,006 [s2@group-DEC0AEAFF274-StateMachineUpdater] INFO  statemachine.StateMachine (ReadOnlyRequestTests.java:applyTransaction(377)) - receive command: INCREMENT
2025-05-22 15:28:55,006 [s2@group-DEC0AEAFF274-StateMachineUpdater] INFO  statemachine.StateMachine (ReadOnlyRequestTests.java:applyTransaction(377)) - receive command: INCREMENT
2025-05-22 15:28:55,006 [s2@group-DEC0AEAFF274-StateMachineUpdater] INFO  statemachine.StateMachine (ReadOnlyRequestTests.java:applyTransaction(377)) - receive command: INCREMENT
2025-05-22 15:28:55,007 [s1-client-thread1] DEBUG server.RaftServer$Division (RaftServerImpl.java:submitClientRequestAsync(951)) - s1@group-DEC0AEAFF274: receive client request(RaftClientRequest:client-C324836360BF->s1@group-DEC0AEAFF274, cid=122, seq=14, RW, Message:494e4352454d454e54)
2025-05-22 15:28:55,007 [s1-client-thread1] DEBUG server.RaftServer$Division (LeaderStateImpl.java:addPendingRequest(527)) - s1@group-DEC0AEAFF274-LeaderStateImpl: addPendingRequest at RaftClientRequest:client-C324836360BF->s1@group-DEC0AEAFF274, cid=122, seq=14, RW, Message:494e4352454d454e54, entry=(t:1, i:19), STATEMACHINELOGENTRY, WRITE: logData.size=9, stateMachineData.size=0, logEntryProtoSerializedSize=0
2025-05-22 15:28:55,008 [s1@group-DEC0AEAFF274-StateMachineUpdater] INFO  statemachine.StateMachine (ReadOnlyRequestTests.java:applyTransaction(377)) - receive command: INCREMENT
2025-05-22 15:28:55,009 [grpc-default-executor-6] DEBUG server.RaftServer$Division (RaftServerImpl.java:logAppendEntries(1581)) - s0@group-DEC0AEAFF274: appendEntries* s1->s0#26-t1,previous=(t:1, i:12),leaderCommit=8,initializing? false,entries: size=1, first=(t:1, i:13), METADATAENTRY(c:8)
2025-05-22 15:28:55,010 [s0@group-DEC0AEAFF274-StateMachineUpdater] INFO  statemachine.StateMachine (ReadOnlyRequestTests.java:applyTransaction(377)) - receive command: INCREMENT
2025-05-22 15:28:55,010 [s1@group-DEC0AEAFF274-StateMachineUpdater] INFO  statemachine.StateMachine (ReadOnlyRequestTests.java:applyTransaction(377)) - receive command: INCREMENT
2025-05-22 15:28:55,010 [s0-server-thread2] DEBUG server.RaftServer$Division (RaftServerImpl.java:logAppendEntries(1581)) - s0@group-DEC0AEAFF274: appendEntries* reply s1<-s0#26:OK-t1,SUCCESS,nextIndex=14,followerCommit=8,matchIndex=13
2025-05-22 15:28:55,012 [grpc-default-executor-4] DEBUG server.RaftServer$Division (RaftServerImpl.java:logAppendEntries(1581)) - s0@group-DEC0AEAFF274: appendEntries* s1->s0#27-t1,previous=(t:1, i:13),leaderCommit=8,initializing? false,entries: size=1, first=(t:1, i:14), STATEMACHINELOGENTRY, StateMachineLogEntryProto:118@client-C324836360BF
2025-05-22 15:28:55,013 [s0-server-thread2] DEBUG server.RaftServer$Division (RaftServerImpl.java:logAppendEntries(1581)) - s0@group-DEC0AEAFF274: appendEntries* reply s1<-s0#27:OK-t1,SUCCESS,nextIndex=15,followerCommit=8,matchIndex=14
2025-05-22 15:28:55,014 [grpc-default-executor-6] DEBUG server.RaftServer$Division (RaftServerImpl.java:logAppendEntries(1581)) - s2@group-DEC0AEAFF274: appendEntries* s1->s2#32-t1,previous=(t:1, i:16),leaderCommit=13,initializing? false,entries: size=1, first=(t:1, i:17), STATEMACHINELOGENTRY, StateMachineLogEntryProto:120@client-C324836360BF
2025-05-22 15:28:55,015 [grpc-default-executor-3] DEBUG server.RaftServer$Division (RaftServerImpl.java:logAppendEntries(1581)) - s0@group-DEC0AEAFF274: appendEntries* s1->s0#28-t1,previous=(t:1, i:14),leaderCommit=8,initializing? false,entries: size=1, first=(t:1, i:15), STATEMACHINELOGENTRY, StateMachineLogEntryProto:119@client-C324836360BF
2025-05-22 15:28:55,015 [grpc-default-executor-6] DEBUG server.RaftServer$Division (RaftServerImpl.java:logAppendEntries(1581)) - s2@group-DEC0AEAFF274: appendEntries* s1->s2#33-t1,previous=(t:1, i:17),leaderCommit=13,initializing? false,entries: size=1, first=(t:1, i:18), STATEMACHINELOGENTRY, StateMachineLogEntryProto:121@client-C324836360BF
2025-05-22 15:28:55,015 [s1-client-thread1] DEBUG server.RaftServer$Division (RaftServerImpl.java:submitClientRequestAsync(951)) - s1@group-DEC0AEAFF274: receive client request(RaftClientRequest:client-C324836360BF->s1@group-DEC0AEAFF274, cid=123, seq=15, RW, Message:494e4352454d454e54)
2025-05-22 15:28:55,015 [s2-server-thread2] DEBUG server.RaftServer$Division (RaftServerImpl.java:logAppendEntries(1581)) - s2@group-DEC0AEAFF274: appendEntries* reply s1<-s2#32:OK-t1,SUCCESS,nextIndex=18,followerCommit=13,matchIndex=17
2025-05-22 15:28:55,016 [grpc-default-executor-6] DEBUG server.RaftServer$Division (RaftServerImpl.java:logAppendEntries(1581)) - s2@group-DEC0AEAFF274: appendEntries* s1->s2#34-t1,previous=(t:1, i:18),leaderCommit=13,initializing? false,entries: size=1, first=(t:1, i:19), STATEMACHINELOGENTRY, StateMachineLogEntryProto:122@client-C324836360BF
2025-05-22 15:28:55,016 [s0-server-thread2] DEBUG server.RaftServer$Division (RaftServerImpl.java:logAppendEntries(1581)) - s0@group-DEC0AEAFF274: appendEntries* reply s1<-s0#28:OK-t1,SUCCESS,nextIndex=16,followerCommit=8,matchIndex=15
2025-05-22 15:28:55,017 [s1-client-thread1] DEBUG server.RaftServer$Division (LeaderStateImpl.java:addPendingRequest(527)) - s1@group-DEC0AEAFF274-LeaderStateImpl: addPendingRequest at RaftClientRequest:client-C324836360BF->s1@group-DEC0AEAFF274, cid=123, seq=15, RW, Message:494e4352454d454e54, entry=(t:1, i:22), STATEMACHINELOGENTRY, WRITE: logData.size=9, stateMachineData.size=0, logEntryProtoSerializedSize=0
2025-05-22 15:28:55,017 [s2-server-thread2] DEBUG server.RaftServer$Division (RaftServerImpl.java:logAppendEntries(1581)) - s2@group-DEC0AEAFF274: appendEntries* reply s1<-s2#33:OK-t1,SUCCESS,nextIndex=19,followerCommit=13,matchIndex=18
2025-05-22 15:28:55,017 [s2-server-thread1] DEBUG server.RaftServer$Division (RaftServerImpl.java:logAppendEntries(1581)) - s2@group-DEC0AEAFF274: appendEntries* reply s1<-s2#34:OK-t1,SUCCESS,nextIndex=20,followerCommit=13,matchIndex=19
2025-05-22 15:28:55,018 [grpc-default-executor-3] DEBUG server.RaftServer$Division (RaftServerImpl.java:logAppendEntries(1581)) - s2@group-DEC0AEAFF274: appendEntries* s1->s2#35-t1,previous=(t:1, i:19),leaderCommit=14,initializing? false,entries: size=1, first=(t:1, i:20), METADATAENTRY(c:14)
2025-05-22 15:28:55,018 [grpc-default-executor-6] DEBUG server.RaftServer$Division (RaftServerImpl.java:logAppendEntries(1581)) - s0@group-DEC0AEAFF274: appendEntries* s1->s0#29-t1,previous=(t:1, i:15),leaderCommit=12,initializing? false,entries: size=1, first=(t:1, i:16), METADATAENTRY(c:12)
2025-05-22 15:28:55,019 [s1@group-DEC0AEAFF274-StateMachineUpdater] INFO  statemachine.StateMachine (ReadOnlyRequestTests.java:applyTransaction(377)) - receive command: INCREMENT
2025-05-22 15:28:55,020 [s1-client-thread1] DEBUG server.RaftServer$Division (RaftServerImpl.java:submitClientRequestAsync(951)) - s1@group-DEC0AEAFF274: receive client request(RaftClientRequest:client-C324836360BF->s1@group-DEC0AEAFF274, cid=124, seq=16, RW, Message:494e4352454d454e54)
2025-05-22 15:28:55,020 [s1-client-thread1] DEBUG server.RaftServer$Division (LeaderStateImpl.java:addPendingRequest(527)) - s1@group-DEC0AEAFF274-LeaderStateImpl: addPendingRequest at RaftClientRequest:client-C324836360BF->s1@group-DEC0AEAFF274, cid=124, seq=16, RW, Message:494e4352454d454e54, entry=(t:1, i:24), STATEMACHINELOGENTRY, WRITE: logData.size=9, stateMachineData.size=0, logEntryProtoSerializedSize=0
2025-05-22 15:28:55,020 [s2-server-thread1] DEBUG server.RaftServer$Division (RaftServerImpl.java:logAppendEntries(1581)) - s2@group-DEC0AEAFF274: appendEntries* reply s1<-s2#35:OK-t1,SUCCESS,nextIndex=21,followerCommit=14,matchIndex=20
2025-05-22 15:28:55,021 [s0-server-thread2] DEBUG server.RaftServer$Division (RaftServerImpl.java:logAppendEntries(1581)) - s0@group-DEC0AEAFF274: appendEntries* reply s1<-s0#29:OK-t1,SUCCESS,nextIndex=17,followerCommit=12,matchIndex=16
2025-05-22 15:28:55,021 [s2@group-DEC0AEAFF274-StateMachineUpdater] INFO  statemachine.StateMachine (ReadOnlyRequestTests.java:applyTransaction(377)) - receive command: INCREMENT
2025-05-22 15:28:55,021 [grpc-default-executor-0] DEBUG server.RaftServer$Division (RaftServerImpl.java:logAppendEntries(1581)) - s0@group-DEC0AEAFF274: appendEntries* s1->s0#31-t1,previous=(t:1, i:16),leaderCommit=13,initializing? false,entries: size=1, first=(t:1, i:17), STATEMACHINELOGENTRY, StateMachineLogEntryProto:120@client-C324836360BF
2025-05-22 15:28:55,021 [s0@group-DEC0AEAFF274-StateMachineUpdater] INFO  statemachine.StateMachine (ReadOnlyRequestTests.java:applyTransaction(377)) - receive command: INCREMENT
2025-05-22 15:28:55,022 [s0@group-DEC0AEAFF274-StateMachineUpdater] INFO  statemachine.StateMachine (ReadOnlyRequestTests.java:applyTransaction(377)) - receive command: INCREMENT
2025-05-22 15:28:55,022 [s0@group-DEC0AEAFF274-StateMachineUpdater] INFO  statemachine.StateMachine (ReadOnlyRequestTests.java:applyTransaction(377)) - receive command: INCREMENT
2025-05-22 15:28:55,023 [s0-server-thread2] DEBUG server.RaftServer$Division (RaftServerImpl.java:logAppendEntries(1581)) - s0@group-DEC0AEAFF274: appendEntries* reply s1<-s0#31:OK-t1,SUCCESS,nextIndex=18,followerCommit=13,matchIndex=17
2025-05-22 15:28:55,021 [grpc-default-executor-3] DEBUG server.RaftServer$Division (RaftServerImpl.java:logAppendEntries(1581)) - s2@group-DEC0AEAFF274: appendEntries* s1->s2#37-t1,previous=(t:1, i:20),leaderCommit=15,initializing? false,entries: size=1, first=(t:1, i:21), METADATAENTRY(c:15)
2025-05-22 15:28:55,023 [grpc-default-executor-4] DEBUG server.RaftServer$Division (RaftServerImpl.java:logAppendEntries(1581)) - s0@group-DEC0AEAFF274: appendEntries* s1->s0#33-t1,previous=(t:1, i:17),leaderCommit=13,initializing? false,entries: size=1, first=(t:1, i:18), STATEMACHINELOGENTRY, StateMachineLogEntryProto:121@client-C324836360BF
2025-05-22 15:28:55,024 [s2-server-thread1] DEBUG server.RaftServer$Division (RaftServerImpl.java:logAppendEntries(1581)) - s2@group-DEC0AEAFF274: appendEntries* reply s1<-s2#37:OK-t1,SUCCESS,nextIndex=22,followerCommit=15,matchIndex=21
2025-05-22 15:28:55,024 [s2@group-DEC0AEAFF274-StateMachineUpdater] INFO  statemachine.StateMachine (ReadOnlyRequestTests.java:applyTransaction(377)) - receive command: INCREMENT
2025-05-22 15:28:55,024 [s1@group-DEC0AEAFF274-StateMachineUpdater] INFO  statemachine.StateMachine (ReadOnlyRequestTests.java:applyTransaction(377)) - receive command: INCREMENT
2025-05-22 15:28:55,024 [s1-client-thread1] DEBUG server.RaftServer$Division (RaftServerImpl.java:submitClientRequestAsync(951)) - s1@group-DEC0AEAFF274: receive client request(RaftClientRequest:client-C324836360BF->s1@group-DEC0AEAFF274, cid=125, seq=17, RW, Message:494e4352454d454e54)
2025-05-22 15:28:55,025 [s1-client-thread1] DEBUG server.RaftServer$Division (LeaderStateImpl.java:addPendingRequest(527)) - s1@group-DEC0AEAFF274-LeaderStateImpl: addPendingRequest at RaftClientRequest:client-C324836360BF->s1@group-DEC0AEAFF274, cid=125, seq=17, RW, Message:494e4352454d454e54, entry=(t:1, i:26), STATEMACHINELOGENTRY, WRITE: logData.size=9, stateMachineData.size=0, logEntryProtoSerializedSize=0
2025-05-22 15:28:55,024 [s1@group-DEC0AEAFF274-StateMachineUpdater] INFO  statemachine.StateMachine (ReadOnlyRequestTests.java:applyTransaction(377)) - receive command: INCREMENT
2025-05-22 15:28:55,025 [s0-server-thread1] DEBUG server.RaftServer$Division (RaftServerImpl.java:logAppendEntries(1581)) - s0@group-DEC0AEAFF274: appendEntries* reply s1<-s0#33:OK-t1,SUCCESS,nextIndex=19,followerCommit=13,matchIndex=18
2025-05-22 15:28:55,028 [grpc-default-executor-4] DEBUG server.RaftServer$Division (RaftServerImpl.java:logAppendEntries(1581)) - s2@group-DEC0AEAFF274: appendEntries* s1->s2#38-t1,previous=(t:1, i:21),leaderCommit=15,initializing? false,entries: size=1, first=(t:1, i:22), STATEMACHINELOGENTRY, StateMachineLogEntryProto:123@client-C324836360BF
2025-05-22 15:28:55,028 [grpc-default-executor-1] DEBUG server.RaftServer$Division (RaftServerImpl.java:logAppendEntries(1581)) - s0@group-DEC0AEAFF274: appendEntries* s1->s0#34-t1,previous=(t:1, i:18),leaderCommit=14,initializing? false,entries: size=1, first=(t:1, i:19), STATEMACHINELOGENTRY, StateMachineLogEntryProto:122@client-C324836360BF
2025-05-22 15:28:55,031 [grpc-default-executor-1] DEBUG server.RaftServer$Division (RaftServerImpl.java:logAppendEntries(1581)) - s0@group-DEC0AEAFF274: appendEntries* s1->s0#35-t1,previous=(t:1, i:19),leaderCommit=14,initializing? false,entries: size=1, first=(t:1, i:20), METADATAENTRY(c:14)
2025-05-22 15:28:55,031 [s1-client-thread1] DEBUG server.RaftServer$Division (RaftServerImpl.java:submitClientRequestAsync(951)) - s1@group-DEC0AEAFF274: receive client request(RaftClientRequest:client-C324836360BF->s1@group-DEC0AEAFF274, cid=126, seq=18, RW, Message:494e4352454d454e54)
2025-05-22 15:28:55,031 [grpc-default-executor-0] DEBUG server.RaftServer$Division (RaftServerImpl.java:logAppendEntries(1581)) - s2@group-DEC0AEAFF274: appendEntries* s1->s2#39-t1,previous=(t:1, i:22),leaderCommit=17,initializing? false,entries: size=1, first=(t:1, i:23), METADATAENTRY(c:17)
2025-05-22 15:28:55,033 [s1-client-thread1] DEBUG server.RaftServer$Division (LeaderStateImpl.java:addPendingRequest(527)) - s1@group-DEC0AEAFF274-LeaderStateImpl: addPendingRequest at RaftClientRequest:client-C324836360BF->s1@group-DEC0AEAFF274, cid=126, seq=18, RW, Message:494e4352454d454e54, entry=(t:1, i:27), STATEMACHINELOGENTRY, WRITE: logData.size=9, stateMachineData.size=0, logEntryProtoSerializedSize=0
2025-05-22 15:28:55,033 [s2-server-thread1] DEBUG server.RaftServer$Division (RaftServerImpl.java:logAppendEntries(1581)) - s2@group-DEC0AEAFF274: appendEntries* reply s1<-s2#38:OK-t1,SUCCESS,nextIndex=23,followerCommit=15,matchIndex=22
2025-05-22 15:28:55,031 [s0@group-DEC0AEAFF274-StateMachineUpdater] INFO  statemachine.StateMachine (ReadOnlyRequestTests.java:applyTransaction(377)) - receive command: INCREMENT
2025-05-22 15:28:55,034 [grpc-default-executor-0] DEBUG server.RaftServer$Division (RaftServerImpl.java:logAppendEntries(1581)) - s2@group-DEC0AEAFF274: appendEntries* s1->s2#40-t1,previous=(t:1, i:23),leaderCommit=19,initializing? false,entries: size=2, first=(t:1, i:24), STATEMACHINELOGENTRY, StateMachineLogEntryProto:124@client-C324836360BF
2025-05-22 15:28:55,034 [s2-server-thread1] DEBUG server.RaftServer$Division (RaftServerImpl.java:logAppendEntries(1581)) - s2@group-DEC0AEAFF274: appendEntries* reply s1<-s2#39:OK-t1,SUCCESS,nextIndex=24,followerCommit=17,matchIndex=23
2025-05-22 15:28:55,031 [s0-server-thread2] DEBUG server.RaftServer$Division (RaftServerImpl.java:logAppendEntries(1581)) - s0@group-DEC0AEAFF274: appendEntries* reply s1<-s0#34:OK-t1,SUCCESS,nextIndex=20,followerCommit=14,matchIndex=19
2025-05-22 15:28:55,034 [s1@group-DEC0AEAFF274-StateMachineUpdater] INFO  statemachine.StateMachine (ReadOnlyRequestTests.java:applyTransaction(377)) - receive command: INCREMENT
2025-05-22 15:28:55,035 [s2-server-thread1] DEBUG server.RaftServer$Division (RaftServerImpl.java:logAppendEntries(1581)) - s2@group-DEC0AEAFF274: appendEntries* reply s1<-s2#40:OK-t1,SUCCESS,nextIndex=26,followerCommit=19,matchIndex=25
2025-05-22 15:28:55,035 [s1-client-thread1] DEBUG server.RaftServer$Division (RaftServerImpl.java:submitClientRequestAsync(951)) - s1@group-DEC0AEAFF274: receive client request(RaftClientRequest:client-C324836360BF->s1@group-DEC0AEAFF274, cid=127, seq=19, RW, Message:494e4352454d454e54)
2025-05-22 15:28:55,033 [grpc-default-executor-1] DEBUG server.RaftServer$Division (RaftServerImpl.java:logAppendEntries(1581)) - s0@group-DEC0AEAFF274: appendEntries* reply s1<-s0#35:OK-t1,SUCCESS,nextIndex=21,followerCommit=14,matchIndex=20
2025-05-22 15:28:55,035 [s1-client-thread1] DEBUG server.RaftServer$Division (LeaderStateImpl.java:addPendingRequest(527)) - s1@group-DEC0AEAFF274-LeaderStateImpl: addPendingRequest at RaftClientRequest:client-C324836360BF->s1@group-DEC0AEAFF274, cid=127, seq=19, RW, Message:494e4352454d454e54, entry=(t:1, i:29), STATEMACHINELOGENTRY, WRITE: logData.size=9, stateMachineData.size=0, logEntryProtoSerializedSize=0
2025-05-22 15:28:55,035 [s2@group-DEC0AEAFF274-StateMachineUpdater] INFO  statemachine.StateMachine (ReadOnlyRequestTests.java:applyTransaction(377)) - receive command: INCREMENT
2025-05-22 15:28:55,036 [s2@group-DEC0AEAFF274-StateMachineUpdater] INFO  statemachine.StateMachine (ReadOnlyRequestTests.java:applyTransaction(377)) - receive command: INCREMENT
2025-05-22 15:28:55,036 [grpc-default-executor-4] DEBUG server.RaftServer$Division (RaftServerImpl.java:logAppendEntries(1581)) - s0@group-DEC0AEAFF274: appendEntries* s1->s0#37-t1,previous=(t:1, i:20),leaderCommit=15,initializing? false,entries: size=1, first=(t:1, i:21), METADATAENTRY(c:15)
2025-05-22 15:28:55,036 [s2@group-DEC0AEAFF274-StateMachineUpdater] INFO  statemachine.StateMachine (ReadOnlyRequestTests.java:applyTransaction(377)) - receive command: INCREMENT
2025-05-22 15:28:55,037 [grpc-default-executor-0] DEBUG server.RaftServer$Division (RaftServerImpl.java:logAppendEntries(1581)) - s2@group-DEC0AEAFF274: appendEntries* s1->s2#41-t1,previous=(t:1, i:25),leaderCommit=20,initializing? false,entries: size=1, first=(t:1, i:26), STATEMACHINELOGENTRY, StateMachineLogEntryProto:125@client-C324836360BF
2025-05-22 15:28:55,038 [s0-server-thread2] DEBUG server.RaftServer$Division (RaftServerImpl.java:logAppendEntries(1581)) - s0@group-DEC0AEAFF274: appendEntries* reply s1<-s0#37:OK-t1,SUCCESS,nextIndex=22,followerCommit=15,matchIndex=21
2025-05-22 15:28:55,039 [s0@group-DEC0AEAFF274-StateMachineUpdater] INFO  statemachine.StateMachine (ReadOnlyRequestTests.java:applyTransaction(377)) - receive command: INCREMENT
2025-05-22 15:28:55,039 [s1-client-thread1] DEBUG server.RaftServer$Division (RaftServerImpl.java:submitClientRequestAsync(951)) - s1@group-DEC0AEAFF274: receive client request(RaftClientRequest:client-C324836360BF->s1@group-DEC0AEAFF274, cid=128, seq=20, RW, Message:494e4352454d454e54)
2025-05-22 15:28:55,039 [s1-client-thread1] DEBUG server.RaftServer$Division (LeaderStateImpl.java:addPendingRequest(527)) - s1@group-DEC0AEAFF274-LeaderStateImpl: addPendingRequest at RaftClientRequest:client-C324836360BF->s1@group-DEC0AEAFF274, cid=128, seq=20, RW, Message:494e4352454d454e54, entry=(t:1, i:30), STATEMACHINELOGENTRY, WRITE: logData.size=9, stateMachineData.size=0, logEntryProtoSerializedSize=0
2025-05-22 15:28:55,040 [grpc-default-executor-3] DEBUG server.RaftServer$Division (RaftServerImpl.java:logAppendEntries(1581)) - s0@group-DEC0AEAFF274: appendEntries* s1->s0#38-t1,previous=(t:1, i:21),leaderCommit=16,initializing? false,entries: size=1, first=(t:1, i:22), STATEMACHINELOGENTRY, StateMachineLogEntryProto:123@client-C324836360BF
2025-05-22 15:28:55,041 [grpc-default-executor-0] DEBUG server.RaftServer$Division (RaftServerImpl.java:logAppendEntries(1581)) - s2@group-DEC0AEAFF274: appendEntries* s1->s2#43-t1,previous=(t:1, i:26),leaderCommit=21,initializing? false,entries: size=1, first=(t:1, i:27), STATEMACHINELOGENTRY, StateMachineLogEntryProto:126@client-C324836360BF
2025-05-22 15:28:55,042 [s1@group-DEC0AEAFF274-StateMachineUpdater] INFO  statemachine.StateMachine (ReadOnlyRequestTests.java:applyTransaction(377)) - receive command: INCREMENT
2025-05-22 15:28:55,042 [grpc-default-executor-3] DEBUG server.RaftServer$Division (RaftServerImpl.java:logAppendEntries(1581)) - s0@group-DEC0AEAFF274: appendEntries* s1->s0#39-t1,previous=(t:1, i:22),leaderCommit=17,initializing? false,entries: size=1, first=(t:1, i:23), METADATAENTRY(c:17)
2025-05-22 15:28:55,042 [s2-server-thread1] DEBUG server.RaftServer$Division (RaftServerImpl.java:logAppendEntries(1581)) - s2@group-DEC0AEAFF274: appendEntries* reply s1<-s2#41:OK-t1,SUCCESS,nextIndex=27,followerCommit=20,matchIndex=26
2025-05-22 15:28:55,042 [grpc-default-executor-0] DEBUG server.RaftServer$Division (RaftServerImpl.java:logAppendEntries(1581)) - s2@group-DEC0AEAFF274: appendEntries* s1->s2#44-t1,previous=(t:1, i:27),leaderCommit=22,initializing? false,entries: size=2, first=(t:1, i:28), METADATAENTRY(c:22)
2025-05-22 15:28:55,042 [s1-client-thread1] DEBUG server.RaftServer$Division (RaftServerImpl.java:submitClientRequestAsync(951)) - s1@group-DEC0AEAFF274: receive client request(RaftClientRequest:client-C324836360BF->s1@group-DEC0AEAFF274, cid=129, seq=21, RW, Message:494e4352454d454e54)
2025-05-22 15:28:55,043 [s1-client-thread1] DEBUG server.RaftServer$Division (LeaderStateImpl.java:addPendingRequest(527)) - s1@group-DEC0AEAFF274-LeaderStateImpl: addPendingRequest at RaftClientRequest:client-C324836360BF->s1@group-DEC0AEAFF274, cid=129, seq=21, RW, Message:494e4352454d454e54, entry=(t:1, i:32), STATEMACHINELOGENTRY, WRITE: logData.size=9, stateMachineData.size=0, logEntryProtoSerializedSize=0
2025-05-22 15:28:55,043 [grpc-default-executor-3] DEBUG server.RaftServer$Division (RaftServerImpl.java:logAppendEntries(1581)) - s2@group-DEC0AEAFF274: appendEntries* s1->s2#46-t1,previous=(t:1, i:29),leaderCommit=23,initializing? false,entries: size=1, first=(t:1, i:30), STATEMACHINELOGENTRY, StateMachineLogEntryProto:128@client-C324836360BF
2025-05-22 15:28:55,043 [grpc-default-executor-3] DEBUG server.RaftServer$Division (RaftServerImpl.java:logAppendEntries(1581)) - s2@group-DEC0AEAFF274: appendEntries* s1->s2#47-t1,previous=(t:1, i:30),leaderCommit=25,initializing? false,entries: size=1, first=(t:1, i:31), METADATAENTRY(c:24)
2025-05-22 15:28:55,044 [s2-server-thread2] DEBUG server.RaftServer$Division (RaftServerImpl.java:logAppendEntries(1581)) - s2@group-DEC0AEAFF274: appendEntries* reply s1<-s2#44:OK-t1,SUCCESS,nextIndex=30,followerCommit=22,matchIndex=29
2025-05-22 15:28:55,044 [grpc-default-executor-0] DEBUG server.RaftServer$Division (RaftServerImpl.java:logAppendEntries(1581)) - s0@group-DEC0AEAFF274: appendEntries* s1->s0#43-t1,previous=(t:1, i:23),leaderCommit=21,initializing? false,entries: size=3, first=(t:1, i:24), STATEMACHINELOGENTRY, StateMachineLogEntryProto:124@client-C324836360BF
2025-05-22 15:28:55,044 [s1@group-DEC0AEAFF274-StateMachineUpdater] INFO  statemachine.StateMachine (ReadOnlyRequestTests.java:applyTransaction(377)) - receive command: INCREMENT
2025-05-22 15:28:55,044 [s0-server-thread1] DEBUG server.RaftServer$Division (RaftServerImpl.java:logAppendEntries(1581)) - s0@group-DEC0AEAFF274: appendEntries* reply s1<-s0#39:OK-t1,SUCCESS,nextIndex=24,followerCommit=17,matchIndex=23
2025-05-22 15:28:55,044 [s1-client-thread1] DEBUG server.RaftServer$Division (RaftServerImpl.java:submitClientRequestAsync(951)) - s1@group-DEC0AEAFF274: receive client request(RaftClientRequest:client-C324836360BF->s1@group-DEC0AEAFF274, cid=130, seq=22, RW, Message:494e4352454d454e54)
2025-05-22 15:28:55,045 [s0@group-DEC0AEAFF274-StateMachineUpdater] INFO  statemachine.StateMachine (ReadOnlyRequestTests.java:applyTransaction(377)) - receive command: INCREMENT
2025-05-22 15:28:55,045 [s1-client-thread1] DEBUG server.RaftServer$Division (LeaderStateImpl.java:addPendingRequest(527)) - s1@group-DEC0AEAFF274-LeaderStateImpl: addPendingRequest at RaftClientRequest:client-C324836360BF->s1@group-DEC0AEAFF274, cid=130, seq=22, RW, Message:494e4352454d454e54, entry=(t:1, i:34), STATEMACHINELOGENTRY, WRITE: logData.size=9, stateMachineData.size=0, logEntryProtoSerializedSize=0
2025-05-22 15:28:55,045 [s0-server-thread1] DEBUG server.RaftServer$Division (RaftServerImpl.java:logAppendEntries(1581)) - s0@group-DEC0AEAFF274: appendEntries* reply s1<-s0#43:OK-t1,SUCCESS,nextIndex=27,followerCommit=21,matchIndex=26
2025-05-22 15:28:55,045 [s0-server-thread2] DEBUG server.RaftServer$Division (RaftServerImpl.java:logAppendEntries(1581)) - s0@group-DEC0AEAFF274: appendEntries* reply s1<-s0#38:OK-t1,SUCCESS,nextIndex=23,followerCommit=21,matchIndex=22
2025-05-22 15:28:55,045 [s0@group-DEC0AEAFF274-StateMachineUpdater] INFO  statemachine.StateMachine (ReadOnlyRequestTests.java:applyTransaction(377)) - receive command: INCREMENT
2025-05-22 15:28:55,045 [s0@group-DEC0AEAFF274-StateMachineUpdater] INFO  statemachine.StateMachine (ReadOnlyRequestTests.java:applyTransaction(377)) - receive command: INCREMENT
2025-05-22 15:28:55,045 [s2-server-thread1] DEBUG server.RaftServer$Division (RaftServerImpl.java:logAppendEntries(1581)) - s2@group-DEC0AEAFF274: appendEntries* reply s1<-s2#43:OK-t1,SUCCESS,nextIndex=28,followerCommit=22,matchIndex=27
2025-05-22 15:28:55,046 [grpc-default-executor-3] DEBUG server.RaftServer$Division (RaftServerImpl.java:logAppendEntries(1581)) - s0@group-DEC0AEAFF274: appendEntries* s1->s0#47-t1,previous=(t:1, i:26),leaderCommit=21,initializing? false,entries: size=1, first=(t:1, i:27), STATEMACHINELOGENTRY, StateMachineLogEntryProto:126@client-C324836360BF
2025-05-22 15:28:55,046 [s2-server-thread1] DEBUG server.RaftServer$Division (RaftServerImpl.java:logAppendEntries(1581)) - s2@group-DEC0AEAFF274: appendEntries* reply s1<-s2#46:OK-t1,SUCCESS,nextIndex=31,followerCommit=23,matchIndex=30
2025-05-22 15:28:55,046 [grpc-default-executor-0] DEBUG server.RaftServer$Division (RaftServerImpl.java:logAppendEntries(1581)) - s2@group-DEC0AEAFF274: appendEntries* s1->s2#48-t1,previous=(t:1, i:31),leaderCommit=26,initializing? false,entries: size=2, first=(t:1, i:32), STATEMACHINELOGENTRY, StateMachineLogEntryProto:129@client-C324836360BF
2025-05-22 15:28:55,047 [s2@group-DEC0AEAFF274-StateMachineUpdater] INFO  statemachine.StateMachine (ReadOnlyRequestTests.java:applyTransaction(377)) - receive command: INCREMENT
2025-05-22 15:28:55,047 [grpc-default-executor-1] DEBUG server.RaftServer$Division (RaftServerImpl.java:logAppendEntries(1581)) - s2@group-DEC0AEAFF274: appendEntries* s1->s2#49-t1,previous=(t:1, i:33),leaderCommit=26,initializing? false,entries: size=1, first=(t:1, i:34), STATEMACHINELOGENTRY, StateMachineLogEntryProto:130@client-C324836360BF
2025-05-22 15:28:55,047 [s2-server-thread1] DEBUG server.RaftServer$Division (RaftServerImpl.java:logAppendEntries(1581)) - s2@group-DEC0AEAFF274: appendEntries* reply s1<-s2#47:OK-t1,SUCCESS,nextIndex=32,followerCommit=25,matchIndex=31
2025-05-22 15:28:55,047 [s0-server-thread2] DEBUG server.RaftServer$Division (RaftServerImpl.java:logAppendEntries(1581)) - s0@group-DEC0AEAFF274: appendEntries* reply s1<-s0#47:OK-t1,SUCCESS,nextIndex=28,followerCommit=21,matchIndex=27
2025-05-22 15:28:55,048 [s2@group-DEC0AEAFF274-StateMachineUpdater] INFO  statemachine.StateMachine (ReadOnlyRequestTests.java:applyTransaction(377)) - receive command: INCREMENT
2025-05-22 15:28:55,048 [s2-server-thread1] DEBUG server.RaftServer$Division (RaftServerImpl.java:logAppendEntries(1581)) - s2@group-DEC0AEAFF274: appendEntries* reply s1<-s2#48:OK-t1,SUCCESS,nextIndex=34,followerCommit=26,matchIndex=33
2025-05-22 15:28:55,048 [s1-client-thread1] DEBUG server.RaftServer$Division (RaftServerImpl.java:submitClientRequestAsync(951)) - s1@group-DEC0AEAFF274: receive client request(RaftClientRequest:client-C324836360BF->s1@group-DEC0AEAFF274, cid=131, seq=23, RW, Message:494e4352454d454e54)
2025-05-22 15:28:55,049 [s1-client-thread1] DEBUG server.RaftServer$Division (LeaderStateImpl.java:addPendingRequest(527)) - s1@group-DEC0AEAFF274-LeaderStateImpl: addPendingRequest at RaftClientRequest:client-C324836360BF->s1@group-DEC0AEAFF274, cid=131, seq=23, RW, Message:494e4352454d454e54, entry=(t:1, i:35), STATEMACHINELOGENTRY, WRITE: logData.size=9, stateMachineData.size=0, logEntryProtoSerializedSize=0
2025-05-22 15:28:55,049 [s2@group-DEC0AEAFF274-StateMachineUpdater] INFO  statemachine.StateMachine (ReadOnlyRequestTests.java:applyTransaction(377)) - receive command: INCREMENT
2025-05-22 15:28:55,049 [grpc-default-executor-6] DEBUG server.RaftServer$Division (RaftServerImpl.java:logAppendEntries(1581)) - s0@group-DEC0AEAFF274: appendEntries* s1->s0#48-t1,previous=(t:1, i:27),leaderCommit=22,initializing? false,entries: size=2, first=(t:1, i:28), METADATAENTRY(c:22)
2025-05-22 15:28:55,050 [s1@group-DEC0AEAFF274-StateMachineUpdater] INFO  statemachine.StateMachine (ReadOnlyRequestTests.java:applyTransaction(377)) - receive command: INCREMENT
2025-05-22 15:28:55,051 [grpc-default-executor-4] DEBUG server.RaftServer$Division (RaftServerImpl.java:logAppendEntries(1581)) - s2@group-DEC0AEAFF274: appendEntries* s1->s2#50-t1,previous=(t:1, i:34),leaderCommit=27,initializing? false,entries: size=1, first=(t:1, i:35), STATEMACHINELOGENTRY, StateMachineLogEntryProto:131@client-C324836360BF
2025-05-22 15:28:55,052 [s1-client-thread1] DEBUG server.RaftServer$Division (RaftServerImpl.java:submitClientRequestAsync(951)) - s1@group-DEC0AEAFF274: receive client request(RaftClientRequest:client-C324836360BF->s1@group-DEC0AEAFF274, cid=132, seq=24, RO, Message:5155455259)
2025-05-22 15:28:55,052 [s1-client-thread1] DEBUG server.RaftServer$Division (LeaderStateImpl.java:getReadIndex(1149)) - readIndex=33, readAfterWriteConsistentIndex=null
2025-05-22 15:28:55,052 [grpc-default-executor-3] DEBUG server.RaftServer$Division (RaftServerImpl.java:logAppendEntries(1581)) - s0@group-DEC0AEAFF274: appendEntries* s1->s0#50-t1,previous=(t:1, i:29),leaderCommit=23,initializing? false,entries: size=1, first=(t:1, i:30), STATEMACHINELOGENTRY, StateMachineLogEntryProto:128@client-C324836360BF
2025-05-22 15:28:55,053 [grpc-default-executor-4] DEBUG server.RaftServer$Division (RaftServerImpl.java:logAppendEntries(1581)) - s2@group-DEC0AEAFF274: appendEntries* s1->s2#51-t1,previous=(t:1, i:35),leaderCommit=33,initializing? false,entries: size=1, first=(t:1, i:36), METADATAENTRY(c:27)
2025-05-22 15:28:55,053 [s2-server-thread1] DEBUG server.RaftServer$Division (RaftServerImpl.java:logAppendEntries(1581)) - s2@group-DEC0AEAFF274: appendEntries* reply s1<-s2#49:OK-t1,SUCCESS,nextIndex=35,followerCommit=26,matchIndex=34
2025-05-22 15:28:55,053 [s1-client-thread1] DEBUG server.RaftServer$Division (RaftServerImpl.java:submitClientRequestAsync(951)) - s1@group-DEC0AEAFF274: receive client request(RaftClientRequest:client-C324836360BF->s1@group-DEC0AEAFF274, cid=133, seq=25, RaW, Message:5155455259)
2025-05-22 15:28:55,053 [grpc-default-executor-3] DEBUG server.RaftServer$Division (RaftServerImpl.java:logAppendEntries(1581)) - s0@group-DEC0AEAFF274: appendEntries* s1->s0#52-t1,previous=(t:1, i:30),leaderCommit=25,initializing? false,entries: size=1, first=(t:1, i:31), METADATAENTRY(c:24)
2025-05-22 15:28:55,054 [s1-client-thread1] DEBUG server.RaftServer$Division (LeaderStateImpl.java:getReadIndex(1149)) - readIndex=27, readAfterWriteConsistentIndex=27
2025-05-22 15:28:55,055 [grpc-default-executor-3] DEBUG server.RaftServer$Division (RaftServerImpl.java:logAppendEntries(1581)) - s2@group-DEC0AEAFF274: appendEntries* s1->s2#53-t1,previous=(t:1, i:36),leaderCommit=34,initializing? false,entries: size=1, first=(t:1, i:37), METADATAENTRY(c:32)
2025-05-22 15:28:55,055 [s2-server-thread1] DEBUG server.RaftServer$Division (RaftServerImpl.java:logAppendEntries(1581)) - s2@group-DEC0AEAFF274: appendEntries* reply s1<-s2#50:OK-t1,SUCCESS,nextIndex=36,followerCommit=27,matchIndex=35
2025-05-22 15:28:55,055 [s0-server-thread2] DEBUG server.RaftServer$Division (RaftServerImpl.java:logAppendEntries(1581)) - s0@group-DEC0AEAFF274: appendEntries* reply s1<-s0#48:OK-t1,SUCCESS,nextIndex=30,followerCommit=22,matchIndex=29
2025-05-22 15:28:55,056 [s2-server-thread1] DEBUG server.RaftServer$Division (RaftServerImpl.java:logAppendEntries(1581)) - s2@group-DEC0AEAFF274: appendEntries* reply s1<-s2#51:OK-t1,SUCCESS,nextIndex=37,followerCommit=33,matchIndex=36
2025-05-22 15:28:55,056 [s2-server-thread2] DEBUG server.RaftServer$Division (RaftServerImpl.java:logAppendEntries(1581)) - s2@group-DEC0AEAFF274: appendEntries* reply s1<-s2#53:OK-t1,SUCCESS,nextIndex=38,followerCommit=34,matchIndex=37
2025-05-22 15:28:55,056 [s1@group-DEC0AEAFF274-StateMachineUpdater] INFO  statemachine.StateMachine (ReadOnlyRequestTests.java:applyTransaction(377)) - receive command: INCREMENT
2025-05-22 15:28:55,056 [s0@group-DEC0AEAFF274-StateMachineUpdater] INFO  statemachine.StateMachine (ReadOnlyRequestTests.java:applyTransaction(377)) - receive command: INCREMENT
2025-05-22 15:28:55,056 [s1@group-DEC0AEAFF274-StateMachineUpdater] INFO  statemachine.StateMachine (ReadOnlyRequestTests.java:applyTransaction(377)) - receive command: INCREMENT
2025-05-22 15:28:55,057 [s1@group-DEC0AEAFF274-StateMachineUpdater] INFO  statemachine.StateMachine (ReadOnlyRequestTests.java:applyTransaction(377)) - receive command: INCREMENT
2025-05-22 15:28:55,057 [s1@group-DEC0AEAFF274-StateMachineUpdater] INFO  statemachine.StateMachine (ReadOnlyRequestTests.java:applyTransaction(377)) - receive command: INCREMENT
2025-05-22 15:28:55,055 [grpc-default-executor-4] DEBUG server.RaftServer$Division (RaftServerImpl.java:logAppendEntries(1581)) - s0@group-DEC0AEAFF274: appendEntries* s1->s0#53-t1,previous=(t:1, i:31),leaderCommit=26,initializing? false,entries: size=2, first=(t:1, i:32), STATEMACHINELOGENTRY, StateMachineLogEntryProto:129@client-C324836360BF
2025-05-22 15:28:55,056 [s2@group-DEC0AEAFF274-StateMachineUpdater] INFO  statemachine.StateMachine (ReadOnlyRequestTests.java:applyTransaction(377)) - receive command: INCREMENT
2025-05-22 15:28:55,058 [s2@group-DEC0AEAFF274-StateMachineUpdater] INFO  statemachine.StateMachine (ReadOnlyRequestTests.java:applyTransaction(377)) - receive command: INCREMENT
2025-05-22 15:28:55,058 [s2@group-DEC0AEAFF274-StateMachineUpdater] INFO  statemachine.StateMachine (ReadOnlyRequestTests.java:applyTransaction(377)) - receive command: INCREMENT
2025-05-22 15:28:55,058 [s2@group-DEC0AEAFF274-StateMachineUpdater] INFO  statemachine.StateMachine (ReadOnlyRequestTests.java:applyTransaction(377)) - receive command: INCREMENT
2025-05-22 15:28:55,058 [s2@group-DEC0AEAFF274-StateMachineUpdater] INFO  statemachine.StateMachine (ReadOnlyRequestTests.java:applyTransaction(377)) - receive command: INCREMENT
2025-05-22 15:28:55,059 [grpc-default-executor-1] DEBUG server.RaftServer$Division (RaftServerImpl.java:logAppendEntries(1581)) - s2@group-DEC0AEAFF274: appendEntries* s1->s2#54-t1,previous=(t:1, i:37),leaderCommit=34,initializing? false,entries: size=1, first=(t:1, i:38), METADATAENTRY(c:34)
2025-05-22 15:28:55,059 [s0-server-thread2] DEBUG server.RaftServer$Division (RaftServerImpl.java:logAppendEntries(1581)) - s0@group-DEC0AEAFF274: appendEntries* reply s1<-s0#50:OK-t1,SUCCESS,nextIndex=31,followerCommit=23,matchIndex=30
2025-05-22 15:28:55,059 [s0-server-thread1] DEBUG server.RaftServer$Division (RaftServerImpl.java:logAppendEntries(1581)) - s0@group-DEC0AEAFF274: appendEntries* reply s1<-s0#52:OK-t1,SUCCESS,nextIndex=32,followerCommit=25,matchIndex=31
2025-05-22 15:28:55,059 [s0@group-DEC0AEAFF274-StateMachineUpdater] INFO  statemachine.StateMachine (ReadOnlyRequestTests.java:applyTransaction(377)) - receive command: INCREMENT
2025-05-22 15:28:55,060 [s2-server-thread1] DEBUG server.RaftServer$Division (RaftServerImpl.java:logAppendEntries(1581)) - s2@group-DEC0AEAFF274: appendEntries* reply s1<-s2#54:OK-t1,SUCCESS,nextIndex=39,followerCommit=34,matchIndex=38
2025-05-22 15:28:55,059 [grpc-default-executor-4] DEBUG server.RaftServer$Division (RaftServerImpl.java:logAppendEntries(1581)) - s0@group-DEC0AEAFF274: appendEntries* s1->s0#54-t1,previous=(t:1, i:33),leaderCommit=26,initializing? false,entries: size=2, first=(t:1, i:34), STATEMACHINELOGENTRY, StateMachineLogEntryProto:130@client-C324836360BF
2025-05-22 15:28:55,060 [s0-server-thread3] DEBUG server.RaftServer$Division (RaftServerImpl.java:logAppendEntries(1581)) - s0@group-DEC0AEAFF274: appendEntries* reply s1<-s0#53:OK-t1,SUCCESS,nextIndex=34,followerCommit=26,matchIndex=33
2025-05-22 15:28:55,061 [grpc-default-executor-4] DEBUG server.RaftServer$Division (RaftServerImpl.java:logAppendEntries(1581)) - s0@group-DEC0AEAFF274: appendEntries* s1->s0#55-t1,previous=(t:1, i:35),leaderCommit=27,initializing? false,entries: size=1, first=(t:1, i:36), METADATAENTRY(c:27)
2025-05-22 15:28:55,062 [s0@group-DEC0AEAFF274-StateMachineUpdater] INFO  statemachine.StateMachine (ReadOnlyRequestTests.java:applyTransaction(377)) - receive command: INCREMENT
2025-05-22 15:28:55,061 [s1@group-DEC0AEAFF274-StateMachineUpdater] INFO  statemachine.StateMachine (ReadOnlyRequestTests.java:applyTransaction(377)) - receive command: INCREMENT
2025-05-22 15:28:55,061 [grpc-default-executor-1] DEBUG server.RaftServer$Division (RaftServerImpl.java:logAppendEntries(1581)) - s2@group-DEC0AEAFF274: appendEntries* s1->s2#55-t1,previous=(t:1, i:38),leaderCommit=36,initializing? false,entries: size=1, first=(t:1, i:39), METADATAENTRY(c:35)
2025-05-22 15:28:55,062 [s0-server-thread3] DEBUG server.RaftServer$Division (RaftServerImpl.java:logAppendEntries(1581)) - s0@group-DEC0AEAFF274: appendEntries* reply s1<-s0#54:OK-t1,SUCCESS,nextIndex=36,followerCommit=26,matchIndex=35
2025-05-22 15:28:55,063 [s2-server-thread1] DEBUG server.RaftServer$Division (RaftServerImpl.java:logAppendEntries(1581)) - s2@group-DEC0AEAFF274: appendEntries* reply s1<-s2#55:OK-t1,SUCCESS,nextIndex=40,followerCommit=36,matchIndex=39
2025-05-22 15:28:55,063 [grpc-default-executor-4] DEBUG server.RaftServer$Division (RaftServerImpl.java:logAppendEntries(1581)) - s0@group-DEC0AEAFF274: appendEntries* s1->s0#57-t1,previous=(t:1, i:36),leaderCommit=34,initializing? false,entries: size=2, first=(t:1, i:37), METADATAENTRY(c:32)
2025-05-22 15:28:55,064 [s0@group-DEC0AEAFF274-StateMachineUpdater] INFO  statemachine.StateMachine (ReadOnlyRequestTests.java:applyTransaction(377)) - receive command: INCREMENT
2025-05-22 15:28:55,064 [s0-server-thread3] DEBUG server.RaftServer$Division (RaftServerImpl.java:logAppendEntries(1581)) - s0@group-DEC0AEAFF274: appendEntries* reply s1<-s0#55:OK-t1,SUCCESS,nextIndex=37,followerCommit=27,matchIndex=36
2025-05-22 15:28:55,066 [s2@group-DEC0AEAFF274-StateMachineUpdater] INFO  statemachine.StateMachine (ReadOnlyRequestTests.java:applyTransaction(377)) - receive command: INCREMENT
2025-05-22 15:28:55,066 [grpc-default-executor-4] DEBUG server.RaftServer$Division (RaftServerImpl.java:logAppendEntries(1581)) - s0@group-DEC0AEAFF274: appendEntries* s1->s0#59-t1,previous=(t:1, i:38),leaderCommit=36,initializing? false,entries: size=1, first=(t:1, i:39), METADATAENTRY(c:35)
2025-05-22 15:28:55,068 [s0-server-thread1] DEBUG server.RaftServer$Division (RaftServerImpl.java:logAppendEntries(1581)) - s0@group-DEC0AEAFF274: appendEntries* reply s1<-s0#59:OK-t1,SUCCESS,nextIndex=40,followerCommit=36,matchIndex=39
2025-05-22 15:28:55,069 [s0-server-thread3] DEBUG server.RaftServer$Division (RaftServerImpl.java:logAppendEntries(1581)) - s0@group-DEC0AEAFF274: appendEntries* reply s1<-s0#57:OK-t1,SUCCESS,nextIndex=39,followerCommit=36,matchIndex=38
2025-05-22 15:28:55,069 [s0@group-DEC0AEAFF274-StateMachineUpdater] INFO  statemachine.StateMachine (ReadOnlyRequestTests.java:applyTransaction(377)) - receive command: INCREMENT
2025-05-22 15:28:55,070 [s0@group-DEC0AEAFF274-StateMachineUpdater] INFO  statemachine.StateMachine (ReadOnlyRequestTests.java:applyTransaction(377)) - receive command: INCREMENT
2025-05-22 15:28:55,070 [s0@group-DEC0AEAFF274-StateMachineUpdater] INFO  statemachine.StateMachine (ReadOnlyRequestTests.java:applyTransaction(377)) - receive command: INCREMENT
2025-05-22 15:28:55,072 [s0@group-DEC0AEAFF274-StateMachineUpdater] INFO  statemachine.StateMachine (ReadOnlyRequestTests.java:applyTransaction(377)) - receive command: INCREMENT
2025-05-22 15:28:55,072 [s0@group-DEC0AEAFF274-StateMachineUpdater] INFO  statemachine.StateMachine (ReadOnlyRequestTests.java:applyTransaction(377)) - receive command: INCREMENT
2025-05-22 15:28:55,080 [main] INFO  impl.MiniRaftCluster (MiniRaftCluster.java:runWithNewCluster(146)) - printing ALL groups
  s0:  RUNNING  FOLLOWER (RUNNING): s0@group-DEC0AEAFF274:t1, leader=s1, voted=s1, raftlog=Memoized:s0@group-DEC0AEAFF274-SegmentedRaftLog:OPENED:c36:last(t:1, i:39), conf=conf: {index: 0, cur=peers:[s0|localhost:15108, s1|localhost:15112, s2|localhost:15116]|listeners:[], old=null}
  s1:  RUNNING    LEADER (RUNNING): s1@group-DEC0AEAFF274:t1, leader=s1, voted=s1, raftlog=Memoized:s1@group-DEC0AEAFF274-SegmentedRaftLog:OPENED:c39:last(t:1, i:39), conf=conf: {index: 0, cur=peers:[s0|localhost:15108, s1|localhost:15112, s2|localhost:15116]|listeners:[], old=null}
  s2:  RUNNING  FOLLOWER (RUNNING): s2@group-DEC0AEAFF274:t1, leader=s1, voted=s1, raftlog=Memoized:s2@group-DEC0AEAFF274-SegmentedRaftLog:OPENED:c36:last(t:1, i:39), conf=conf: {index: 0, cur=peers:[s0|localhost:15108, s1|localhost:15112, s2|localhost:15116]|listeners:[], old=null}
2025-05-22 15:28:55,081 [main] ERROR impl.MiniRaftCluster (MiniRaftCluster.java:runWithNewCluster(147)) - Failed org.apache.ratis.server.impl.MiniRaftCluster$Factory$Get.runWithNewCluster(MiniRaftCluster.java:121)
org.opentest4j.AssertionFailedError: expected: <true> but was: <false>
	at org.junit.jupiter.api.AssertionFailureBuilder.build(AssertionFailureBuilder.java:151)
	at org.junit.jupiter.api.AssertionFailureBuilder.buildAndThrow(AssertionFailureBuilder.java:132)
	at org.junit.jupiter.api.AssertTrue.failNotTrue(AssertTrue.java:63)
	at org.junit.jupiter.api.AssertTrue.assertTrue(AssertTrue.java:36)
	at org.junit.jupiter.api.AssertTrue.assertTrue(AssertTrue.java:31)
	at org.junit.jupiter.api.Assertions.assertTrue(Assertions.java:183)
	at org.apache.ratis.ReadOnlyRequestTests.testReadAfterWriteImpl(ReadOnlyRequestTests.java:315)
	at org.apache.ratis.server.impl.MiniRaftCluster$Factory$Get.runWithNewCluster(MiniRaftCluster.java:144)
	at org.apache.ratis.server.impl.MiniRaftCluster$Factory$Get.runWithNewCluster(MiniRaftCluster.java:121)
	at org.apache.ratis.ReadOnlyRequestTests.testReadAfterWrite(ReadOnlyRequestTests.java:290)
	at sun.reflect.NativeMethodAccessorImpl.invoke0(Native Method)
	at sun.reflect.NativeMethodAccessorImpl.invoke(NativeMethodAccessorImpl.java:62)
	at sun.reflect.DelegatingMethodAccessorImpl.invoke(DelegatingMethodAccessorImpl.java:43)
	at java.lang.reflect.Method.invoke(Method.java:498)
	at org.junit.platform.commons.util.ReflectionUtils.invokeMethod(ReflectionUtils.java:766)
	at org.junit.jupiter.engine.execution.MethodInvocation.proceed(MethodInvocation.java:60)
	at org.junit.jupiter.engine.execution.InvocationInterceptorChain$ValidatingInvocation.proceed(InvocationInterceptorChain.java:131)
	at org.junit.jupiter.engine.extension.SameThreadTimeoutInvocation.proceed(SameThreadTimeoutInvocation.java:45)
	at org.junit.jupiter.engine.extension.TimeoutExtension.intercept(TimeoutExtension.java:156)
	at org.junit.jupiter.engine.extension.TimeoutExtension.interceptTestableMethod(TimeoutExtension.java:147)
	at org.junit.jupiter.engine.extension.TimeoutExtension.interceptTestMethod(TimeoutExtension.java:86)
	at org.junit.jupiter.engine.execution.InterceptingExecutableInvoker$ReflectiveInterceptorCall.lambda$ofVoidMethod$0(InterceptingExecutableInvoker.java:103)
	at org.junit.jupiter.engine.execution.InterceptingExecutableInvoker.lambda$invoke$0(InterceptingExecutableInvoker.java:93)
	at org.junit.jupiter.engine.execution.InvocationInterceptorChain$InterceptedInvocation.proceed(InvocationInterceptorChain.java:106)
	at org.junit.jupiter.engine.execution.InvocationInterceptorChain.proceed(InvocationInterceptorChain.java:64)
	at org.junit.jupiter.engine.execution.InvocationInterceptorChain.chainAndInvoke(InvocationInterceptorChain.java:45)
	at org.junit.jupiter.engine.execution.InvocationInterceptorChain.invoke(InvocationInterceptorChain.java:37)
	at org.junit.jupiter.engine.execution.InterceptingExecutableInvoker.invoke(InterceptingExecutableInvoker.java:92)
	at org.junit.jupiter.engine.execution.InterceptingExecutableInvoker.invoke(InterceptingExecutableInvoker.java:86)
	at org.junit.jupiter.engine.descriptor.TestMethodTestDescriptor.lambda$invokeTestMethod$8(TestMethodTestDescriptor.java:217)
	at org.junit.platform.engine.support.hierarchical.ThrowableCollector.execute(ThrowableCollector.java:73)
	at org.junit.jupiter.engine.descriptor.TestMethodTestDescriptor.invokeTestMethod(TestMethodTestDescriptor.java:213)
	at org.junit.jupiter.engine.descriptor.TestMethodTestDescriptor.execute(TestMethodTestDescriptor.java:138)
	at org.junit.jupiter.engine.descriptor.TestMethodTestDescriptor.execute(TestMethodTestDescriptor.java:68)
	at org.junit.platform.engine.support.hierarchical.NodeTestTask.lambda$executeRecursively$6(NodeTestTask.java:156)
	at org.junit.platform.engine.support.hierarchical.ThrowableCollector.execute(ThrowableCollector.java:73)
	at org.junit.platform.engine.support.hierarchical.NodeTestTask.lambda$executeRecursively$8(NodeTestTask.java:146)
	at org.junit.platform.engine.support.hierarchical.Node.around(Node.java:137)
	at org.junit.platform.engine.support.hierarchical.NodeTestTask.lambda$executeRecursively$9(NodeTestTask.java:144)
	at org.junit.platform.engine.support.hierarchical.ThrowableCollector.execute(ThrowableCollector.java:73)
	at org.junit.platform.engine.support.hierarchical.NodeTestTask.executeRecursively(NodeTestTask.java:143)
	at org.junit.platform.engine.support.hierarchical.NodeTestTask.execute(NodeTestTask.java:100)
	at java.util.ArrayList.forEach(ArrayList.java:1259)
	at org.junit.platform.engine.support.hierarchical.SameThreadHierarchicalTestExecutorService.invokeAll(SameThreadHierarchicalTestExecutorService.java:41)
	at org.junit.platform.engine.support.hierarchical.NodeTestTask.lambda$executeRecursively$6(NodeTestTask.java:160)
	at org.junit.platform.engine.support.hierarchical.ThrowableCollector.execute(ThrowableCollector.java:73)
	at org.junit.platform.engine.support.hierarchical.NodeTestTask.lambda$executeRecursively$8(NodeTestTask.java:146)
	at org.junit.platform.engine.support.hierarchical.Node.around(Node.java:137)
	at org.junit.platform.engine.support.hierarchical.NodeTestTask.lambda$executeRecursively$9(NodeTestTask.java:144)
	at org.junit.platform.engine.support.hierarchical.ThrowableCollector.execute(ThrowableCollector.java:73)
	at org.junit.platform.engine.support.hierarchical.NodeTestTask.executeRecursively(NodeTestTask.java:143)
	at org.junit.platform.engine.support.hierarchical.NodeTestTask.execute(NodeTestTask.java:100)
	at java.util.ArrayList.forEach(ArrayList.java:1259)
	at org.junit.platform.engine.support.hierarchical.SameThreadHierarchicalTestExecutorService.invokeAll(SameThreadHierarchicalTestExecutorService.java:41)
	at org.junit.platform.engine.support.hierarchical.NodeTestTask.lambda$executeRecursively$6(NodeTestTask.java:160)
	at org.junit.platform.engine.support.hierarchical.ThrowableCollector.execute(ThrowableCollector.java:73)
	at org.junit.platform.engine.support.hierarchical.NodeTestTask.lambda$executeRecursively$8(NodeTestTask.java:146)
	at org.junit.platform.engine.support.hierarchical.Node.around(Node.java:137)
	at org.junit.platform.engine.support.hierarchical.NodeTestTask.lambda$executeRecursively$9(NodeTestTask.java:144)
	at org.junit.platform.engine.support.hierarchical.ThrowableCollector.execute(ThrowableCollector.java:73)
	at org.junit.platform.engine.support.hierarchical.NodeTestTask.executeRecursively(NodeTestTask.java:143)
	at org.junit.platform.engine.support.hierarchical.NodeTestTask.execute(NodeTestTask.java:100)
	at org.junit.platform.engine.support.hierarchical.SameThreadHierarchicalTestExecutorService.submit(SameThreadHierarchicalTestExecutorService.java:35)
	at org.junit.platform.engine.support.hierarchical.HierarchicalTestExecutor.execute(HierarchicalTestExecutor.java:57)
	at org.junit.platform.engine.support.hierarchical.HierarchicalTestEngine.execute(HierarchicalTestEngine.java:54)
	at org.junit.platform.launcher.core.EngineExecutionOrchestrator.execute(EngineExecutionOrchestrator.java:198)
	at org.junit.platform.launcher.core.EngineExecutionOrchestrator.execute(EngineExecutionOrchestrator.java:169)
	at org.junit.platform.launcher.core.EngineExecutionOrchestrator.execute(EngineExecutionOrchestrator.java:93)
	at org.junit.platform.launcher.core.EngineExecutionOrchestrator.lambda$execute$0(EngineExecutionOrchestrator.java:58)
	at org.junit.platform.launcher.core.EngineExecutionOrchestrator.withInterceptedStreams(EngineExecutionOrchestrator.java:141)
	at org.junit.platform.launcher.core.EngineExecutionOrchestrator.execute(EngineExecutionOrchestrator.java:57)
	at org.junit.platform.launcher.core.DefaultLauncher.execute(DefaultLauncher.java:103)
	at org.junit.platform.launcher.core.DefaultLauncher.execute(DefaultLauncher.java:85)
	at org.junit.platform.launcher.core.DelegatingLauncher.execute(DelegatingLauncher.java:47)
	at org.junit.platform.launcher.core.SessionPerRequestLauncher.execute(SessionPerRequestLauncher.java:63)
	at org.apache.maven.surefire.junitplatform.JUnitPlatformProvider.invokeAllTests(JUnitPlatformProvider.java:154)
	at org.apache.maven.surefire.junitplatform.JUnitPlatformProvider.invoke(JUnitPlatformProvider.java:123)
	at org.apache.maven.surefire.booter.ForkedBooter.runSuitesInProcess(ForkedBooter.java:377)
	at org.apache.maven.surefire.booter.ForkedBooter.execute(ForkedBooter.java:138)
	at org.apache.maven.surefire.booter.ForkedBooter.run(ForkedBooter.java:465)
	at org.apache.maven.surefire.booter.ForkedBooter.main(ForkedBooter.java:451)
2025-05-22 15:28:55,082 [main] INFO  impl.MiniRaftCluster (MiniRaftCluster.java:shutdown(847)) - ************************************************************** 
2025-05-22 15:28:55,082 [main] INFO  impl.MiniRaftCluster (MiniRaftCluster.java:shutdown(848)) - *** 
2025-05-22 15:28:55,082 [main] INFO  impl.MiniRaftCluster (MiniRaftCluster.java:shutdown(849)) - ***     Stopping MiniRaftClusterWithGrpc
2025-05-22 15:28:55,083 [main] INFO  impl.MiniRaftCluster (MiniRaftCluster.java:shutdown(850)) - *** 
2025-05-22 15:28:55,083 [main] INFO  impl.MiniRaftCluster (MiniRaftCluster.java:shutdown(851)) - ************************************************************** 
2025-05-22 15:28:55,085 [main] INFO  impl.MiniRaftCluster (MiniRaftCluster.java:shutdown(852)) - printing ALL groups
  s0:  RUNNING  FOLLOWER (RUNNING): s0@group-DEC0AEAFF274:t1, leader=s1, voted=s1, raftlog=Memoized:s0@group-DEC0AEAFF274-SegmentedRaftLog:OPENED:c36:last(t:1, i:39), conf=conf: {index: 0, cur=peers:[s0|localhost:15108, s1|localhost:15112, s2|localhost:15116]|listeners:[], old=null}
  s1:  RUNNING    LEADER (RUNNING): s1@group-DEC0AEAFF274:t1, leader=s1, voted=s1, raftlog=Memoized:s1@group-DEC0AEAFF274-SegmentedRaftLog:OPENED:c39:last(t:1, i:39), conf=conf: {index: 0, cur=peers:[s0|localhost:15108, s1|localhost:15112, s2|localhost:15116]|listeners:[], old=null}
  s2:  RUNNING  FOLLOWER (RUNNING): s2@group-DEC0AEAFF274:t1, leader=s1, voted=s1, raftlog=Memoized:s2@group-DEC0AEAFF274-SegmentedRaftLog:OPENED:c36:last(t:1, i:39), conf=conf: {index: 0, cur=peers:[s0|localhost:15108, s1|localhost:15112, s2|localhost:15116]|listeners:[], old=null}
2025-05-22 15:28:55,087 [MiniRaftCluster-52] INFO  server.RaftServer (RaftServerProxy.java:lambda$close$9(423)) - s0: close
2025-05-22 15:28:55,089 [MiniRaftCluster-53] INFO  server.RaftServer (RaftServerProxy.java:lambda$close$9(423)) - s1: close
2025-05-22 15:28:55,089 [MiniRaftCluster-52] INFO  server.GrpcServicesImpl (GrpcServicesImpl.java:closeImpl(362)) - s0: shutdown server org.apache.ratis.grpc.server.GrpcClientProtocolService now
2025-05-22 15:28:55,089 [s0-impl-thread1] INFO  server.RaftServer$Division (RaftServerImpl.java:lambda$close$1(530)) - s0@group-DEC0AEAFF274: shutdown
2025-05-22 15:28:55,090 [s0-impl-thread1] INFO  util.JmxRegister (JmxRegister.java:unregister(74)) - Successfully un-registered JMX Bean with object name Ratis:service=RaftServer,group=group-DEC0AEAFF274,id=s0
2025-05-22 15:28:55,090 [s0-impl-thread1] INFO  impl.RoleInfo (RoleInfo.java:shutdownFollowerState(121)) - s0: shutdown s0@group-DEC0AEAFF274-FollowerState
2025-05-22 15:28:55,089 [MiniRaftCluster-54] INFO  server.RaftServer (RaftServerProxy.java:lambda$close$9(423)) - s2: close
2025-05-22 15:28:55,090 [s0-impl-thread1] INFO  impl.StateMachineUpdater (StateMachineUpdater.java:stopAndJoin(163)) - s0@group-DEC0AEAFF274-StateMachineUpdater: set stopIndex = 36
2025-05-22 15:28:55,090 [s0@group-DEC0AEAFF274-FollowerState] INFO  impl.FollowerState (FollowerState.java:runImpl(170)) - s0@group-DEC0AEAFF274-FollowerState was interrupted
2025-05-22 15:28:55,090 [s0@group-DEC0AEAFF274-StateMachineUpdater] INFO  impl.StateMachineUpdater (StateMachineUpdater.java:stop(140)) - s0@group-DEC0AEAFF274-StateMachineUpdater: closing CounterStateMachine, lastApplied=(t:1, i:36)
2025-05-22 15:28:55,091 [MiniRaftCluster-52] INFO  server.GrpcServicesImpl (GrpcServicesImpl.java:closeImpl(371)) - s0: shutdown server org.apache.ratis.grpc.server.GrpcClientProtocolService successfully
2025-05-22 15:28:55,091 [s0-impl-thread1] INFO  raftlog.RaftLog (SegmentedRaftLog.java:close(569)) - Start closing s0@group-DEC0AEAFF274-SegmentedRaftLog:OPENED:c36:last(t:1, i:39)
2025-05-22 15:28:55,091 [MiniRaftCluster-52] INFO  server.GrpcServicesImpl (GrpcServicesImpl.java:closeImpl(362)) - s0: shutdown server GrpcServerProtocolService now
2025-05-22 15:28:55,091 [s0@group-DEC0AEAFF274-cacheEviction-AwaitToRun] INFO  util.AwaitToRun (AwaitToRun.java:run(49)) - s0@group-DEC0AEAFF274-cacheEviction-AwaitToRun-AwaitForSignal is interrupted
2025-05-22 15:28:55,092 [s2-impl-thread1] INFO  server.RaftServer$Division (RaftServerImpl.java:lambda$close$1(530)) - s2@group-DEC0AEAFF274: shutdown
2025-05-22 15:28:55,092 [MiniRaftCluster-54] INFO  server.GrpcServicesImpl (GrpcServicesImpl.java:closeImpl(362)) - s2: shutdown server org.apache.ratis.grpc.server.GrpcClientProtocolService now
2025-05-22 15:28:55,093 [s2-impl-thread1] INFO  util.JmxRegister (JmxRegister.java:unregister(74)) - Successfully un-registered JMX Bean with object name Ratis:service=RaftServer,group=group-DEC0AEAFF274,id=s2
2025-05-22 15:28:55,094 [MiniRaftCluster-53] INFO  server.GrpcServicesImpl (GrpcServicesImpl.java:closeImpl(362)) - s1: shutdown server org.apache.ratis.grpc.server.GrpcClientProtocolService now
2025-05-22 15:28:55,094 [s2-impl-thread1] INFO  impl.RoleInfo (RoleInfo.java:shutdownFollowerState(121)) - s2: shutdown s2@group-DEC0AEAFF274-FollowerState
2025-05-22 15:28:55,094 [s2-impl-thread1] INFO  impl.StateMachineUpdater (StateMachineUpdater.java:stopAndJoin(163)) - s2@group-DEC0AEAFF274-StateMachineUpdater: set stopIndex = 36
2025-05-22 15:28:55,094 [s1-impl-thread1] INFO  server.RaftServer$Division (RaftServerImpl.java:lambda$close$1(530)) - s1@group-DEC0AEAFF274: shutdown
2025-05-22 15:28:55,094 [s1-impl-thread1] INFO  util.JmxRegister (JmxRegister.java:unregister(74)) - Successfully un-registered JMX Bean with object name Ratis:service=RaftServer,group=group-DEC0AEAFF274,id=s1
2025-05-22 15:28:55,094 [s1-impl-thread1] INFO  impl.RoleInfo (RoleInfo.java:shutdownLeaderState(103)) - s1: shutdown s1@group-DEC0AEAFF274-LeaderStateImpl
2025-05-22 15:28:55,094 [s0-impl-thread1] INFO  segmented.LogSegment (LogSegment.java:close(354)) - Successfully closed EntryCache-log_inprogress_0
2025-05-22 15:28:55,094 [s2@group-DEC0AEAFF274-StateMachineUpdater] INFO  impl.StateMachineUpdater (StateMachineUpdater.java:stop(140)) - s2@group-DEC0AEAFF274-StateMachineUpdater: closing CounterStateMachine, lastApplied=(t:1, i:36)
2025-05-22 15:28:55,095 [s1@group-DEC0AEAFF274->s0-GrpcLogAppender-LogAppenderDaemon] WARN  server.GrpcLogAppender (GrpcLogAppender.java:mayWait(300)) - s1@group-DEC0AEAFF274->s0-GrpcLogAppender: Wait interrupted by java.lang.InterruptedException
2025-05-22 15:28:55,095 [grpc-default-executor-3] INFO  server.GrpcLogAppender (GrpcLogAppender.java:onError(563)) - s1@group-DEC0AEAFF274->s0-GrpcLogAppender is already stopped
2025-05-22 15:28:55,095 [s2@group-DEC0AEAFF274-FollowerState] INFO  impl.FollowerState (FollowerState.java:runImpl(170)) - s2@group-DEC0AEAFF274-FollowerState was interrupted
2025-05-22 15:28:55,095 [s2-impl-thread1] INFO  raftlog.RaftLog (SegmentedRaftLog.java:close(569)) - Start closing s2@group-DEC0AEAFF274-SegmentedRaftLog:OPENED:c36:last(t:1, i:39)
2025-05-22 15:28:55,095 [grpc-default-executor-4] WARN  server.GrpcServerProtocolService (LogUtils.java:warn(127)) - s0: APPEND_ENTRIES onError, lastRequest: s1->s0#59-t1,previous=(t:1, i:38),leaderCommit=36,initializing? false,entries: size=1, first=(t:1, i:39), METADATAENTRY(c:35): org.apache.ratis.thirdparty.io.grpc.StatusRuntimeException: CANCELLED: client cancelled
2025-05-22 15:28:55,096 [grpc-default-executor-1] WARN  server.GrpcServerProtocolService (LogUtils.java:warn(127)) - s0: APPEND_ENTRIES onError, lastRequest: null: org.apache.ratis.thirdparty.io.grpc.StatusRuntimeException: CANCELLED: client cancelled
2025-05-22 15:28:55,096 [s1@group-DEC0AEAFF274->s2-GrpcLogAppender-LogAppenderDaemon] WARN  server.GrpcLogAppender (GrpcLogAppender.java:mayWait(300)) - s1@group-DEC0AEAFF274->s2-GrpcLogAppender: Wait interrupted by java.lang.InterruptedException
2025-05-22 15:28:55,096 [s1-impl-thread1] INFO  impl.PendingRequests (PendingRequests.java:sendNotLeaderResponses(287)) - s1@group-DEC0AEAFF274-PendingRequests: sendNotLeaderResponses
2025-05-22 15:28:55,096 [MiniRaftCluster-52] INFO  server.GrpcServicesImpl (GrpcServicesImpl.java:closeImpl(371)) - s0: shutdown server GrpcServerProtocolService successfully
2025-05-22 15:28:55,097 [MiniRaftCluster-52] INFO  server.GrpcServicesImpl (GrpcServicesImpl.java:closeImpl(362)) - s0: shutdown server org.apache.ratis.grpc.server.GrpcAdminProtocolService now
2025-05-22 15:28:55,097 [s2@group-DEC0AEAFF274-cacheEviction-AwaitToRun] INFO  util.AwaitToRun (AwaitToRun.java:run(49)) - s2@group-DEC0AEAFF274-cacheEviction-AwaitToRun-AwaitForSignal is interrupted
2025-05-22 15:28:55,097 [Thread-648] INFO  server.GrpcServerProtocolClient (GrpcServerProtocolClient.java:close(105)) - s0 Close channels
2025-05-22 15:28:55,098 [s2-impl-thread1] INFO  segmented.LogSegment (LogSegment.java:close(354)) - Successfully closed EntryCache-log_inprogress_0
2025-05-22 15:28:55,098 [MiniRaftCluster-54] INFO  server.GrpcServicesImpl (GrpcServicesImpl.java:closeImpl(371)) - s2: shutdown server org.apache.ratis.grpc.server.GrpcClientProtocolService successfully
2025-05-22 15:28:55,098 [MiniRaftCluster-54] INFO  server.GrpcServicesImpl (GrpcServicesImpl.java:closeImpl(362)) - s2: shutdown server GrpcServerProtocolService now
2025-05-22 15:28:55,096 [grpc-default-executor-4] INFO  server.GrpcLogAppender (GrpcLogAppender.java:onError(563)) - s1@group-DEC0AEAFF274->s0-GrpcLogAppender is already stopped
2025-05-22 15:28:55,102 [s1-impl-thread1] INFO  impl.StateMachineUpdater (StateMachineUpdater.java:stopAndJoin(163)) - s1@group-DEC0AEAFF274-StateMachineUpdater: set stopIndex = 39
2025-05-22 15:28:55,102 [MiniRaftCluster-52] INFO  server.GrpcServicesImpl (GrpcServicesImpl.java:closeImpl(371)) - s0: shutdown server org.apache.ratis.grpc.server.GrpcAdminProtocolService successfully
2025-05-22 15:28:55,102 [grpc-default-executor-1] INFO  server.GrpcLogAppender (GrpcLogAppender.java:onError(563)) - s1@group-DEC0AEAFF274->s2-GrpcLogAppender is already stopped
2025-05-22 15:28:55,102 [grpc-default-executor-0] INFO  server.GrpcLogAppender (GrpcLogAppender.java:onError(563)) - s1@group-DEC0AEAFF274->s2-GrpcLogAppender is already stopped
2025-05-22 15:28:55,101 [MiniRaftCluster-54] INFO  server.GrpcServicesImpl (GrpcServicesImpl.java:closeImpl(371)) - s2: shutdown server GrpcServerProtocolService successfully
2025-05-22 15:28:55,104 [MiniRaftCluster-54] INFO  server.GrpcServicesImpl (GrpcServicesImpl.java:closeImpl(362)) - s2: shutdown server org.apache.ratis.grpc.server.GrpcAdminProtocolService now
2025-05-22 15:28:55,104 [MiniRaftCluster-54] INFO  server.GrpcServicesImpl (GrpcServicesImpl.java:closeImpl(371)) - s2: shutdown server org.apache.ratis.grpc.server.GrpcAdminProtocolService successfully
2025-05-22 15:28:55,101 [grpc-default-executor-6] WARN  server.GrpcServerProtocolService (LogUtils.java:warn(127)) - s2: APPEND_ENTRIES onError, lastRequest: null: org.apache.ratis.thirdparty.io.grpc.StatusRuntimeException: CANCELLED: client cancelled
2025-05-22 15:28:55,101 [grpc-default-executor-3] WARN  server.GrpcServerProtocolService (LogUtils.java:warn(127)) - s2: APPEND_ENTRIES onError, lastRequest: s1->s2#55-t1,previous=(t:1, i:38),leaderCommit=36,initializing? false,entries: size=1, first=(t:1, i:39), METADATAENTRY(c:35): org.apache.ratis.thirdparty.io.grpc.StatusRuntimeException: CANCELLED: client cancelled
2025-05-22 15:28:55,100 [Thread-650] INFO  server.GrpcServerProtocolClient (GrpcServerProtocolClient.java:close(105)) - s2 Close channels
2025-05-22 15:28:55,102 [s1@group-DEC0AEAFF274-StateMachineUpdater] INFO  impl.StateMachineUpdater (StateMachineUpdater.java:stop(140)) - s1@group-DEC0AEAFF274-StateMachineUpdater: closing CounterStateMachine, lastApplied=(t:1, i:39)
2025-05-22 15:28:55,105 [s1-impl-thread1] INFO  raftlog.RaftLog (SegmentedRaftLog.java:close(569)) - Start closing s1@group-DEC0AEAFF274-SegmentedRaftLog:OPENED:c39:last(t:1, i:39)
2025-05-22 15:28:55,105 [MiniRaftCluster-53] INFO  server.GrpcServicesImpl (GrpcServicesImpl.java:closeImpl(371)) - s1: shutdown server org.apache.ratis.grpc.server.GrpcClientProtocolService successfully
2025-05-22 15:28:55,105 [MiniRaftCluster-53] INFO  server.GrpcServicesImpl (GrpcServicesImpl.java:closeImpl(362)) - s1: shutdown server GrpcServerProtocolService now
2025-05-22 15:28:55,105 [MiniRaftCluster-53] INFO  server.GrpcServicesImpl (GrpcServicesImpl.java:closeImpl(371)) - s1: shutdown server GrpcServerProtocolService successfully
2025-05-22 15:28:55,106 [s1@group-DEC0AEAFF274-cacheEviction-AwaitToRun] INFO  util.AwaitToRun (AwaitToRun.java:run(49)) - s1@group-DEC0AEAFF274-cacheEviction-AwaitToRun-AwaitForSignal is interrupted
2025-05-22 15:28:55,107 [MiniRaftCluster-53] INFO  server.GrpcServicesImpl (GrpcServicesImpl.java:closeImpl(362)) - s1: shutdown server org.apache.ratis.grpc.server.GrpcAdminProtocolService now
2025-05-22 15:28:55,107 [s1-impl-thread1] INFO  segmented.LogSegment (LogSegment.java:close(354)) - Successfully closed EntryCache-log_inprogress_0
2025-05-22 15:28:55,108 [MiniRaftCluster-53] INFO  server.GrpcServicesImpl (GrpcServicesImpl.java:closeImpl(371)) - s1: shutdown server org.apache.ratis.grpc.server.GrpcAdminProtocolService successfully
2025-05-22 15:28:56,061 [s1-impl-thread1] INFO  segmented.SegmentedRaftLogWorker (SegmentedRaftLogWorker.java:close(256)) - s1@group-DEC0AEAFF274-SegmentedRaftLogWorker close()
2025-05-22 15:28:56,061 [s1-impl-thread1] INFO  raftlog.RaftLog (SegmentedRaftLog.java:close(577)) - Successfully closed s1@group-DEC0AEAFF274-SegmentedRaftLog:CLOSED:c39
2025-05-22 15:28:56,061 [JvmPauseMonitor28] INFO  util.JvmPauseMonitor (JvmPauseMonitor.java:run(152)) - JvmPauseMonitor-s1: Stopped
2025-05-22 15:28:56,064 [s2-impl-thread1] INFO  segmented.SegmentedRaftLogWorker (SegmentedRaftLogWorker.java:close(256)) - s2@group-DEC0AEAFF274-SegmentedRaftLogWorker close()
2025-05-22 15:28:56,064 [s2-impl-thread1] INFO  raftlog.RaftLog (SegmentedRaftLog.java:close(577)) - Successfully closed s2@group-DEC0AEAFF274-SegmentedRaftLog:CLOSED:c36
2025-05-22 15:28:56,065 [JvmPauseMonitor29] INFO  util.JvmPauseMonitor (JvmPauseMonitor.java:run(152)) - JvmPauseMonitor-s2: Stopped
2025-05-22 15:28:56,069 [s0-impl-thread1] INFO  segmented.SegmentedRaftLogWorker (SegmentedRaftLogWorker.java:close(256)) - s0@group-DEC0AEAFF274-SegmentedRaftLogWorker close()
2025-05-22 15:28:56,069 [s0-impl-thread1] INFO  raftlog.RaftLog (SegmentedRaftLog.java:close(577)) - Successfully closed s0@group-DEC0AEAFF274-SegmentedRaftLog:CLOSED:c36
2025-05-22 15:28:56,070 [JvmPauseMonitor27] INFO  util.JvmPauseMonitor (JvmPauseMonitor.java:run(152)) - JvmPauseMonitor-s0: Stopped
2025-05-22 15:28:56,070 [main] INFO  impl.MiniRaftCluster (MiniRaftCluster.java:shutdown(883)) - MiniRaftClusterWithGrpc shutdown completed
2025-05-22 15:28:56,070 [main] INFO  ratis.RaftTestUtil (RaftTestUtil.java:gc(606)) - gc 0
2025-05-22 15:28:56,217 [main] INFO  impl.MiniRaftCluster (MiniRaftClusterWithGrpc.java:lambda$null$2(103)) - Checking s0-group-DEC0AEAFF274
2025-05-22 15:28:56,217 [main] INFO  impl.MiniRaftCluster (MiniRaftClusterWithGrpc.java:lambda$null$2(103)) - Checking s1-group-DEC0AEAFF274
2025-05-22 15:28:56,218 [main] INFO  impl.MiniRaftCluster (MiniRaftClusterWithGrpc.java:lambda$null$2(103)) - Checking s2-group-DEC0AEAFF274
]]></system-out>
  </testcase>
  <testcase name="testLinearizableRead" classname="org.apache.ratis.grpc.TestReadOnlyRequestWithGrpc" time="1.972"/>
  <testcase name="testLinearizableReadTimeout" classname="org.apache.ratis.grpc.TestReadOnlyRequestWithGrpc" time="1.56"/>
  <testcase name="testFollowerReadOnlyRetryWhenLeaderDown" classname="org.apache.ratis.grpc.TestReadOnlyRequestWithGrpc" time="7.201"/>
</testsuite>