<?xml version="1.0" encoding="UTF-8"?>
<testsuite xmlns:xsi="http://www.w3.org/2001/XMLSchema-instance" xsi:noNamespaceSchemaLocation="https://maven.apache.org/surefire/maven-surefire-plugin/xsd/surefire-test-report.xsd" name="org.apache.ratis.server.simulation.TestLeaderElectionWithSimulatedRpc" time="41.327" tests="12" errors="0" skipped="0" failures="1">
  <properties>
    <property name="awt.toolkit" value="sun.awt.X11.XToolkit"/>
    <property name="file.encoding.pkg" value="sun.io"/>
    <property name="java.specification.version" value="1.8"/>
    <property name="sun.cpu.isalist" value=""/>
    <property name="sun.jnu.encoding" value="UTF-8"/>
    <property name="java.class.path" value="/home/runner/work/ratis/ratis/ratis-test/target/test-classes:/home/runner/work/ratis/ratis/ratis-test/target/classes:/home/runner/work/ratis/ratis/ratis-common/target/classes:/home/runner/.m2/repository/org/apache/ratis/ratis-thirdparty-misc/1.0.1/ratis-thirdparty-misc-1.0.1.jar:/home/runner/work/ratis/ratis/ratis-proto/target/ratis-proto-3.0.0-SNAPSHOT.jar:/home/runner/work/ratis/ratis/ratis-common/target/test-classes:/home/runner/work/ratis/ratis/ratis-client/target/classes:/home/runner/work/ratis/ratis/ratis-server/target/classes:/home/runner/work/ratis/ratis/ratis-server-api/target/classes:/home/runner/work/ratis/ratis/ratis-metrics/target/classes:/home/runner/work/ratis/ratis/ratis-server/target/test-classes:/home/runner/work/ratis/ratis/ratis-netty/target/classes:/home/runner/work/ratis/ratis/ratis-netty/target/test-classes:/home/runner/work/ratis/ratis/ratis-grpc/target/classes:/home/runner/work/ratis/ratis/ratis-grpc/target/test-classes:/home/runner/.m2/repository/org/slf4j/slf4j-api/1.7.29/slf4j-api-1.7.29.jar:/home/runner/.m2/repository/org/slf4j/slf4j-log4j12/1.7.29/slf4j-log4j12-1.7.29.jar:/home/runner/.m2/repository/log4j/log4j/1.2.17/log4j-1.2.17.jar:/home/runner/.m2/repository/junit/junit/4.13.2/junit-4.13.2.jar:/home/runner/.m2/repository/org/hamcrest/hamcrest-core/1.3/hamcrest-core-1.3.jar:/home/runner/.m2/repository/org/mockito/mockito-core/4.3.1/mockito-core-4.3.1.jar:/home/runner/.m2/repository/net/bytebuddy/byte-buddy/1.12.7/byte-buddy-1.12.7.jar:/home/runner/.m2/repository/net/bytebuddy/byte-buddy-agent/1.12.7/byte-buddy-agent-1.12.7.jar:/home/runner/.m2/repository/org/objenesis/objenesis/3.2/objenesis-3.2.jar:/home/runner/work/ratis/ratis/ratis-shell/target/classes:/home/runner/.m2/repository/commons-cli/commons-cli/1.5.0/commons-cli-1.5.0.jar:/home/runner/.m2/repository/org/reflections/reflections/0.10.2/reflections-0.10.2.jar:/home/runner/.m2/repository/org/javassist/javassist/3.28.0-GA/javassist-3.28.0-GA.jar:/home/runner/.m2/repository/com/google/code/findbugs/jsr305/3.0.2/jsr305-3.0.2.jar:"/>
    <property name="java.vm.vendor" value="Temurin"/>
    <property name="sun.arch.data.model" value="64"/>
    <property name="java.vendor.url" value="https://adoptium.net/"/>
    <property name="user.timezone" value=""/>
    <property name="java.vm.specification.version" value="1.8"/>
    <property name="os.name" value="Linux"/>
    <property name="sun.java.launcher" value="SUN_STANDARD"/>
    <property name="sun.boot.library.path" value="/usr/lib/jvm/temurin-8-jdk-amd64/jre/lib/amd64"/>
    <property name="sun.java.command" value="/home/runner/work/ratis/ratis/ratis-test/target/surefire/surefirebooter538823498072448540.jar /home/runner/work/ratis/ratis/ratis-test/target/surefire 2022-07-21T18-20-10_172-jvmRun1 surefire5602502524916140707tmp surefire_246842899303553539268tmp"/>
    <property name="surefire.test.class.path" value="/home/runner/work/ratis/ratis/ratis-test/target/test-classes:/home/runner/work/ratis/ratis/ratis-test/target/classes:/home/runner/work/ratis/ratis/ratis-common/target/classes:/home/runner/.m2/repository/org/apache/ratis/ratis-thirdparty-misc/1.0.1/ratis-thirdparty-misc-1.0.1.jar:/home/runner/work/ratis/ratis/ratis-proto/target/ratis-proto-3.0.0-SNAPSHOT.jar:/home/runner/work/ratis/ratis/ratis-common/target/test-classes:/home/runner/work/ratis/ratis/ratis-client/target/classes:/home/runner/work/ratis/ratis/ratis-server/target/classes:/home/runner/work/ratis/ratis/ratis-server-api/target/classes:/home/runner/work/ratis/ratis/ratis-metrics/target/classes:/home/runner/work/ratis/ratis/ratis-server/target/test-classes:/home/runner/work/ratis/ratis/ratis-netty/target/classes:/home/runner/work/ratis/ratis/ratis-netty/target/test-classes:/home/runner/work/ratis/ratis/ratis-grpc/target/classes:/home/runner/work/ratis/ratis/ratis-grpc/target/test-classes:/home/runner/.m2/repository/org/slf4j/slf4j-api/1.7.29/slf4j-api-1.7.29.jar:/home/runner/.m2/repository/org/slf4j/slf4j-log4j12/1.7.29/slf4j-log4j12-1.7.29.jar:/home/runner/.m2/repository/log4j/log4j/1.2.17/log4j-1.2.17.jar:/home/runner/.m2/repository/junit/junit/4.13.2/junit-4.13.2.jar:/home/runner/.m2/repository/org/hamcrest/hamcrest-core/1.3/hamcrest-core-1.3.jar:/home/runner/.m2/repository/org/mockito/mockito-core/4.3.1/mockito-core-4.3.1.jar:/home/runner/.m2/repository/net/bytebuddy/byte-buddy/1.12.7/byte-buddy-1.12.7.jar:/home/runner/.m2/repository/net/bytebuddy/byte-buddy-agent/1.12.7/byte-buddy-agent-1.12.7.jar:/home/runner/.m2/repository/org/objenesis/objenesis/3.2/objenesis-3.2.jar:/home/runner/work/ratis/ratis/ratis-shell/target/classes:/home/runner/.m2/repository/commons-cli/commons-cli/1.5.0/commons-cli-1.5.0.jar:/home/runner/.m2/repository/org/reflections/reflections/0.10.2/reflections-0.10.2.jar:/home/runner/.m2/repository/org/javassist/javassist/3.28.0-GA/javassist-3.28.0-GA.jar:/home/runner/.m2/repository/com/google/code/findbugs/jsr305/3.0.2/jsr305-3.0.2.jar:"/>
    <property name="sun.cpu.endian" value="little"/>
    <property name="user.home" value="/home/runner"/>
    <property name="user.language" value="en"/>
    <property name="java.specification.vendor" value="Oracle Corporation"/>
    <property name="java.home" value="/usr/lib/jvm/temurin-8-jdk-amd64/jre"/>
    <property name="basedir" value="/home/runner/work/ratis/ratis/ratis-test"/>
    <property name="file.separator" value="/"/>
    <property name="line.separator" value="&#10;"/>
    <property name="java.vm.specification.vendor" value="Oracle Corporation"/>
    <property name="java.specification.name" value="Java Platform API Specification"/>
    <property name="java.awt.graphicsenv" value="sun.awt.X11GraphicsEnvironment"/>
    <property name="surefire.real.class.path" value="/home/runner/work/ratis/ratis/ratis-test/target/surefire/surefirebooter538823498072448540.jar"/>
    <property name="sun.boot.class.path" value="/usr/lib/jvm/temurin-8-jdk-amd64/jre/lib/resources.jar:/usr/lib/jvm/temurin-8-jdk-amd64/jre/lib/rt.jar:/usr/lib/jvm/temurin-8-jdk-amd64/jre/lib/sunrsasign.jar:/usr/lib/jvm/temurin-8-jdk-amd64/jre/lib/jsse.jar:/usr/lib/jvm/temurin-8-jdk-amd64/jre/lib/jce.jar:/usr/lib/jvm/temurin-8-jdk-amd64/jre/lib/charsets.jar:/usr/lib/jvm/temurin-8-jdk-amd64/jre/lib/jfr.jar:/usr/lib/jvm/temurin-8-jdk-amd64/jre/classes"/>
    <property name="sun.management.compiler" value="HotSpot 64-Bit Tiered Compilers"/>
    <property name="java.runtime.version" value="1.8.0_332-b09"/>
    <property name="java.net.preferIPv4Stack" value="true"/>
    <property name="user.name" value="runner"/>
    <property name="path.separator" value=":"/>
    <property name="os.version" value="5.4.0-1086-azure"/>
    <property name="java.endorsed.dirs" value="/usr/lib/jvm/temurin-8-jdk-amd64/jre/lib/endorsed"/>
    <property name="java.runtime.name" value="OpenJDK Runtime Environment"/>
    <property name="file.encoding" value="UTF-8"/>
    <property name="java.vm.name" value="OpenJDK 64-Bit Server VM"/>
    <property name="localRepository" value="/home/runner/.m2/repository"/>
    <property name="java.vendor.url.bug" value="https://github.com/adoptium/adoptium-support/issues"/>
    <property name="java.io.tmpdir" value="/tmp"/>
    <property name="java.version" value="1.8.0_332"/>
    <property name="user.dir" value="/home/runner/work/ratis/ratis/ratis-test"/>
    <property name="os.arch" value="amd64"/>
    <property name="ratis.tmp.dir" value="/home/runner/work/ratis/ratis/ratis-test/target/tmp"/>
    <property name="java.vm.specification.name" value="Java Virtual Machine Specification"/>
    <property name="java.awt.printerjob" value="sun.print.PSPrinterJob"/>
    <property name="ratis.log.dir" value="/home/runner/work/ratis/ratis/ratis-test/target/log"/>
    <property name="sun.os.patch.level" value="unknown"/>
    <property name="java.library.path" value="/usr/java/packages/lib/amd64:/usr/lib64:/lib64:/lib:/usr/lib"/>
    <property name="java.vm.info" value="mixed mode"/>
    <property name="java.vendor" value="Temurin"/>
    <property name="java.vm.version" value="25.332-b09"/>
    <property name="java.ext.dirs" value="/usr/lib/jvm/temurin-8-jdk-amd64/jre/lib/ext:/usr/java/packages/lib/ext"/>
    <property name="sun.io.unicode.encoding" value="UnicodeLittle"/>
    <property name="java.class.version" value="52.0"/>
  </properties>
  <testcase name="testEnforceLeader" classname="org.apache.ratis.server.simulation.TestLeaderElectionWithSimulatedRpc" time="10.991">
    <failure message="expected:&lt;s[3]&gt; but was:&lt;s[0]&gt;" type="org.junit.ComparisonFailure"><![CDATA[org.junit.ComparisonFailure: expected:<s[3]> but was:<s[0]>
	at org.junit.Assert.assertEquals(Assert.java:117)
	at org.junit.Assert.assertEquals(Assert.java:146)
	at org.apache.ratis.server.impl.LeaderElectionTests.enforceLeader(LeaderElectionTests.java:249)
	at org.apache.ratis.server.impl.LeaderElectionTests.testEnforceLeader(LeaderElectionTests.java:235)
	at sun.reflect.NativeMethodAccessorImpl.invoke0(Native Method)
	at sun.reflect.NativeMethodAccessorImpl.invoke(NativeMethodAccessorImpl.java:62)
	at sun.reflect.DelegatingMethodAccessorImpl.invoke(DelegatingMethodAccessorImpl.java:43)
	at java.lang.reflect.Method.invoke(Method.java:498)
	at org.junit.runners.model.FrameworkMethod$1.runReflectiveCall(FrameworkMethod.java:59)
	at org.junit.internal.runners.model.ReflectiveCallable.run(ReflectiveCallable.java:12)
	at org.junit.runners.model.FrameworkMethod.invokeExplosively(FrameworkMethod.java:56)
	at org.junit.internal.runners.statements.InvokeMethod.evaluate(InvokeMethod.java:17)
	at org.junit.internal.runners.statements.RunAfters.evaluate(RunAfters.java:27)
	at org.junit.internal.runners.statements.FailOnTimeout$CallableStatement.call(FailOnTimeout.java:299)
	at org.junit.internal.runners.statements.FailOnTimeout$CallableStatement.call(FailOnTimeout.java:293)
	at java.util.concurrent.FutureTask.run(FutureTask.java:266)
	at java.lang.Thread.run(Thread.java:750)
]]></failure>
    <system-out><![CDATA[2022-07-21 18:24:05,455 [main] INFO  util.LogUtils (Log4jUtils.java:setLogLevel(32)) - Set org.apache.ratis.conf.ConfUtils log level to WARN
2022-07-21 18:24:05,458 [main] INFO  util.LogUtils (Log4jUtils.java:setLogLevel(32)) - Set org.apache.ratis.util.FileUtils log level to TRACE
2022-07-21 18:24:05,462 [main] INFO  util.LogUtils (Log4jUtils.java:setLogLevel(32)) - Set org.apache.ratis.server.RaftServer$Division log level to DEBUG
2022-07-21 18:24:05,462 [main] INFO  util.LogUtils (Log4jUtils.java:setLogLevel(32)) - Set org.apache.ratis.client.RaftClient log level to DEBUG
2022-07-21 18:24:05,466 [Time-limited test] INFO  simulation.TestLeaderElectionWithSimulatedRpc (LeaderElectionTests.java:testEnforceLeader(223)) - Running testEnforceLeader
2022-07-21 18:24:05,486 [Time-limited test] INFO  simulation.MiniRaftClusterWithSimulatedRpc (ConfUtils.java:logGet(46)) - org.apache.ratis.server.simulation.SimulatedRequestReply.simulateLatencyMs = 0 (custom)
2022-07-21 18:24:05,543 [Time-limited test] INFO  impl.MiniRaftCluster (MiniRaftCluster.java:<init>(272)) - new MiniRaftClusterWithSimulatedRpc with group-C3E9AA6170F9:[s3|rpc:localhost:42219|admin:localhost:33767|client:localhost:36081|dataStream:localhost:37601|priority:0|startupRole:FOLLOWER, s4|rpc:localhost:41277|admin:localhost:43681|client:localhost:37665|dataStream:localhost:40265|priority:0|startupRole:FOLLOWER, s0|rpc:localhost:41401|admin:localhost:36139|client:localhost:41875|dataStream:localhost:43073|priority:0|startupRole:FOLLOWER, s1|rpc:localhost:40237|admin:localhost:43387|client:localhost:44849|dataStream:localhost:33723|priority:0|startupRole:FOLLOWER, s2|rpc:localhost:40705|admin:localhost:41207|client:localhost:37579|dataStream:localhost:35097|priority:0|startupRole:FOLLOWER]
2022-07-21 18:24:05,544 [Time-limited test] INFO  impl.MiniRaftCluster (MiniRaftCluster.java:start(305)) - .............................................................. 
2022-07-21 18:24:05,544 [Time-limited test] INFO  impl.MiniRaftCluster (MiniRaftCluster.java:start(306)) - ... 
2022-07-21 18:24:05,544 [Time-limited test] INFO  impl.MiniRaftCluster (MiniRaftCluster.java:start(307)) - ...     Starting MiniRaftClusterWithSimulatedRpc
2022-07-21 18:24:05,544 [Time-limited test] INFO  impl.MiniRaftCluster (MiniRaftCluster.java:start(308)) - ... 
2022-07-21 18:24:05,544 [Time-limited test] INFO  impl.MiniRaftCluster (MiniRaftCluster.java:start(309)) - .............................................................. 
2022-07-21 18:24:05,544 [Time-limited test] INFO  impl.MiniRaftCluster (MiniRaftCluster.java:initServers(284)) - servers = {}
2022-07-21 18:24:05,549 [Time-limited test] INFO  impl.MiniRaftCluster (MiniRaftCluster.java:newRaftServer(348)) - newRaftServer: s3, group-C3E9AA6170F9:[s3|rpc:localhost:42219|admin:localhost:33767|client:localhost:36081|dataStream:localhost:37601|priority:0|startupRole:FOLLOWER, s4|rpc:localhost:41277|admin:localhost:43681|client:localhost:37665|dataStream:localhost:40265|priority:0|startupRole:FOLLOWER, s0|rpc:localhost:41401|admin:localhost:36139|client:localhost:41875|dataStream:localhost:43073|priority:0|startupRole:FOLLOWER, s1|rpc:localhost:40237|admin:localhost:43387|client:localhost:44849|dataStream:localhost:33723|priority:0|startupRole:FOLLOWER, s2|rpc:localhost:40705|admin:localhost:41207|client:localhost:37579|dataStream:localhost:35097|priority:0|startupRole:FOLLOWER], format? true
2022-07-21 18:24:05,550 [Time-limited test] TRACE util.FileUtils (FileUtils.java:deleteFully(162)) - deleteFully target/test/data/44cdabc1/MiniRaftClusterWithSimulatedRpc85d47eda/s3
2022-07-21 18:24:05,552 [Time-limited test] TRACE util.FileUtils (FileUtils.java:deleteFully(178)) - deleteFully: target/test/data/44cdabc1/MiniRaftClusterWithSimulatedRpc85d47eda/s3 does not exist.
2022-07-21 18:24:05,553 [Time-limited test] INFO  impl.MiniRaftCluster (MiniRaftCluster.java:newRaftServer(353)) - Formatted directory target/test/data/44cdabc1/MiniRaftClusterWithSimulatedRpc85d47eda/s3
2022-07-21 18:24:05,563 [Time-limited test] INFO  server.RaftServer (ConfUtils.java:logGet(46)) - raft.rpc.type = org.apache.ratis.server.simulation.SimulatedRpc (custom)
2022-07-21 18:24:05,577 [Time-limited test] INFO  impl.DataStreamServerImpl (ConfUtils.java:logGet(46)) - raft.datastream.type = DISABLED (default)
2022-07-21 18:24:05,604 [Time-limited test] INFO  server.RaftServerConfigKeys (ConfUtils.java:logGet(46)) - raft.server.threadpool.proxy.cached = true (default)
2022-07-21 18:24:05,605 [Time-limited test] INFO  server.RaftServerConfigKeys (ConfUtils.java:logGet(46)) - raft.server.threadpool.proxy.size = 0 (default)
2022-07-21 18:24:05,609 [Time-limited test] INFO  server.RaftServerConfigKeys (ConfUtils.java:logGet(46)) - raft.server.rpc.slowness.timeout = 60s (default)
2022-07-21 18:24:05,610 [Time-limited test] INFO  server.RaftServerConfigKeys (ConfUtils.java:logGet(46)) - raft.server.leaderelection.leader.step-down.wait-time = 10s (default)
2022-07-21 18:24:05,615 [Time-limited test] INFO  server.RaftServerConfigKeys (ConfUtils.java:logGet(46)) - raft.server.storage.dir = [/home/runner/work/ratis/ratis/ratis-test/target/test/data/44cdabc1/MiniRaftClusterWithSimulatedRpc85d47eda/s3] (custom)
2022-07-21 18:24:05,627 [Time-limited test] INFO  server.RaftServer (RaftServerProxy.java:addNew(96)) - s3: addNew group-C3E9AA6170F9:[s3|rpc:localhost:42219|admin:localhost:33767|client:localhost:36081|dataStream:localhost:37601|priority:0|startupRole:FOLLOWER, s4|rpc:localhost:41277|admin:localhost:43681|client:localhost:37665|dataStream:localhost:40265|priority:0|startupRole:FOLLOWER, s0|rpc:localhost:41401|admin:localhost:36139|client:localhost:41875|dataStream:localhost:43073|priority:0|startupRole:FOLLOWER, s1|rpc:localhost:40237|admin:localhost:43387|client:localhost:44849|dataStream:localhost:33723|priority:0|startupRole:FOLLOWER, s2|rpc:localhost:40705|admin:localhost:41207|client:localhost:37579|dataStream:localhost:35097|priority:0|startupRole:FOLLOWER] returns group-C3E9AA6170F9:java.util.concurrent.CompletableFuture@1fa3d3fe[Not completed]
2022-07-21 18:24:05,627 [Time-limited test] INFO  impl.MiniRaftCluster (MiniRaftCluster.java:newRaftServer(348)) - newRaftServer: s4, group-C3E9AA6170F9:[s3|rpc:localhost:42219|admin:localhost:33767|client:localhost:36081|dataStream:localhost:37601|priority:0|startupRole:FOLLOWER, s4|rpc:localhost:41277|admin:localhost:43681|client:localhost:37665|dataStream:localhost:40265|priority:0|startupRole:FOLLOWER, s0|rpc:localhost:41401|admin:localhost:36139|client:localhost:41875|dataStream:localhost:43073|priority:0|startupRole:FOLLOWER, s1|rpc:localhost:40237|admin:localhost:43387|client:localhost:44849|dataStream:localhost:33723|priority:0|startupRole:FOLLOWER, s2|rpc:localhost:40705|admin:localhost:41207|client:localhost:37579|dataStream:localhost:35097|priority:0|startupRole:FOLLOWER], format? true
2022-07-21 18:24:05,628 [Time-limited test] TRACE util.FileUtils (FileUtils.java:deleteFully(162)) - deleteFully target/test/data/44cdabc1/MiniRaftClusterWithSimulatedRpc85d47eda/s4
2022-07-21 18:24:05,628 [Time-limited test] TRACE util.FileUtils (FileUtils.java:deleteFully(178)) - deleteFully: target/test/data/44cdabc1/MiniRaftClusterWithSimulatedRpc85d47eda/s4 does not exist.
2022-07-21 18:24:05,628 [Time-limited test] INFO  impl.MiniRaftCluster (MiniRaftCluster.java:newRaftServer(353)) - Formatted directory target/test/data/44cdabc1/MiniRaftClusterWithSimulatedRpc85d47eda/s4
2022-07-21 18:24:05,629 [Time-limited test] INFO  server.RaftServer (ConfUtils.java:logGet(46)) - raft.rpc.type = org.apache.ratis.server.simulation.SimulatedRpc (custom)
2022-07-21 18:24:05,629 [Time-limited test] INFO  impl.DataStreamServerImpl (ConfUtils.java:logGet(46)) - raft.datastream.type = DISABLED (default)
2022-07-21 18:24:05,629 [Time-limited test] INFO  server.RaftServerConfigKeys (ConfUtils.java:logGet(46)) - raft.server.threadpool.proxy.cached = true (default)
2022-07-21 18:24:05,629 [Time-limited test] INFO  server.RaftServerConfigKeys (ConfUtils.java:logGet(46)) - raft.server.threadpool.proxy.size = 0 (default)
2022-07-21 18:24:05,630 [Time-limited test] INFO  server.RaftServerConfigKeys (ConfUtils.java:logGet(46)) - raft.server.rpc.slowness.timeout = 60s (default)
2022-07-21 18:24:05,630 [Time-limited test] INFO  server.RaftServerConfigKeys (ConfUtils.java:logGet(46)) - raft.server.leaderelection.leader.step-down.wait-time = 10s (default)
2022-07-21 18:24:05,630 [Time-limited test] INFO  server.RaftServerConfigKeys (ConfUtils.java:logGet(46)) - raft.server.storage.dir = [/home/runner/work/ratis/ratis/ratis-test/target/test/data/44cdabc1/MiniRaftClusterWithSimulatedRpc85d47eda/s4] (custom)
2022-07-21 18:24:05,644 [Time-limited test] INFO  server.RaftServer (RaftServerProxy.java:addNew(96)) - s4: addNew group-C3E9AA6170F9:[s3|rpc:localhost:42219|admin:localhost:33767|client:localhost:36081|dataStream:localhost:37601|priority:0|startupRole:FOLLOWER, s4|rpc:localhost:41277|admin:localhost:43681|client:localhost:37665|dataStream:localhost:40265|priority:0|startupRole:FOLLOWER, s0|rpc:localhost:41401|admin:localhost:36139|client:localhost:41875|dataStream:localhost:43073|priority:0|startupRole:FOLLOWER, s1|rpc:localhost:40237|admin:localhost:43387|client:localhost:44849|dataStream:localhost:33723|priority:0|startupRole:FOLLOWER, s2|rpc:localhost:40705|admin:localhost:41207|client:localhost:37579|dataStream:localhost:35097|priority:0|startupRole:FOLLOWER] returns group-C3E9AA6170F9:java.util.concurrent.CompletableFuture@cf72018[Not completed]
2022-07-21 18:24:05,644 [Time-limited test] INFO  impl.MiniRaftCluster (MiniRaftCluster.java:newRaftServer(348)) - newRaftServer: s0, group-C3E9AA6170F9:[s3|rpc:localhost:42219|admin:localhost:33767|client:localhost:36081|dataStream:localhost:37601|priority:0|startupRole:FOLLOWER, s4|rpc:localhost:41277|admin:localhost:43681|client:localhost:37665|dataStream:localhost:40265|priority:0|startupRole:FOLLOWER, s0|rpc:localhost:41401|admin:localhost:36139|client:localhost:41875|dataStream:localhost:43073|priority:0|startupRole:FOLLOWER, s1|rpc:localhost:40237|admin:localhost:43387|client:localhost:44849|dataStream:localhost:33723|priority:0|startupRole:FOLLOWER, s2|rpc:localhost:40705|admin:localhost:41207|client:localhost:37579|dataStream:localhost:35097|priority:0|startupRole:FOLLOWER], format? true
2022-07-21 18:24:05,645 [Time-limited test] TRACE util.FileUtils (FileUtils.java:deleteFully(162)) - deleteFully target/test/data/44cdabc1/MiniRaftClusterWithSimulatedRpc85d47eda/s0
2022-07-21 18:24:05,645 [Time-limited test] TRACE util.FileUtils (FileUtils.java:deleteFully(178)) - deleteFully: target/test/data/44cdabc1/MiniRaftClusterWithSimulatedRpc85d47eda/s0 does not exist.
2022-07-21 18:24:05,645 [Time-limited test] INFO  impl.MiniRaftCluster (MiniRaftCluster.java:newRaftServer(353)) - Formatted directory target/test/data/44cdabc1/MiniRaftClusterWithSimulatedRpc85d47eda/s0
2022-07-21 18:24:05,645 [Time-limited test] INFO  server.RaftServer (ConfUtils.java:logGet(46)) - raft.rpc.type = org.apache.ratis.server.simulation.SimulatedRpc (custom)
2022-07-21 18:24:05,645 [Time-limited test] INFO  impl.DataStreamServerImpl (ConfUtils.java:logGet(46)) - raft.datastream.type = DISABLED (default)
2022-07-21 18:24:05,646 [Time-limited test] INFO  server.RaftServerConfigKeys (ConfUtils.java:logGet(46)) - raft.server.threadpool.proxy.cached = true (default)
2022-07-21 18:24:05,646 [Time-limited test] INFO  server.RaftServerConfigKeys (ConfUtils.java:logGet(46)) - raft.server.threadpool.proxy.size = 0 (default)
2022-07-21 18:24:05,646 [Time-limited test] INFO  server.RaftServerConfigKeys (ConfUtils.java:logGet(46)) - raft.server.rpc.slowness.timeout = 60s (default)
2022-07-21 18:24:05,646 [Time-limited test] INFO  server.RaftServerConfigKeys (ConfUtils.java:logGet(46)) - raft.server.leaderelection.leader.step-down.wait-time = 10s (default)
2022-07-21 18:24:05,646 [Time-limited test] INFO  server.RaftServerConfigKeys (ConfUtils.java:logGet(46)) - raft.server.storage.dir = [/home/runner/work/ratis/ratis/ratis-test/target/test/data/44cdabc1/MiniRaftClusterWithSimulatedRpc85d47eda/s0] (custom)
2022-07-21 18:24:05,648 [pool-1-thread-1] INFO  server.RaftServer$Division (RaftServerImpl.java:<init>(192)) - s3: new RaftServerImpl for group-C3E9AA6170F9:[s3|rpc:localhost:42219|admin:localhost:33767|client:localhost:36081|dataStream:localhost:37601|priority:0|startupRole:FOLLOWER, s4|rpc:localhost:41277|admin:localhost:43681|client:localhost:37665|dataStream:localhost:40265|priority:0|startupRole:FOLLOWER, s0|rpc:localhost:41401|admin:localhost:36139|client:localhost:41875|dataStream:localhost:43073|priority:0|startupRole:FOLLOWER, s1|rpc:localhost:40237|admin:localhost:43387|client:localhost:44849|dataStream:localhost:33723|priority:0|startupRole:FOLLOWER, s2|rpc:localhost:40705|admin:localhost:41207|client:localhost:37579|dataStream:localhost:35097|priority:0|startupRole:FOLLOWER] with BaseStateMachine:uninitialized
2022-07-21 18:24:05,648 [pool-2-thread-1] INFO  server.RaftServer$Division (RaftServerImpl.java:<init>(192)) - s4: new RaftServerImpl for group-C3E9AA6170F9:[s3|rpc:localhost:42219|admin:localhost:33767|client:localhost:36081|dataStream:localhost:37601|priority:0|startupRole:FOLLOWER, s4|rpc:localhost:41277|admin:localhost:43681|client:localhost:37665|dataStream:localhost:40265|priority:0|startupRole:FOLLOWER, s0|rpc:localhost:41401|admin:localhost:36139|client:localhost:41875|dataStream:localhost:43073|priority:0|startupRole:FOLLOWER, s1|rpc:localhost:40237|admin:localhost:43387|client:localhost:44849|dataStream:localhost:33723|priority:0|startupRole:FOLLOWER, s2|rpc:localhost:40705|admin:localhost:41207|client:localhost:37579|dataStream:localhost:35097|priority:0|startupRole:FOLLOWER] with BaseStateMachine:uninitialized
2022-07-21 18:24:05,649 [pool-2-thread-1] INFO  server.RaftServerConfigKeys (ConfUtils.java:logGet(46)) - raft.server.rpc.timeout.min = 150ms (default)
2022-07-21 18:24:05,650 [pool-2-thread-1] INFO  server.RaftServerConfigKeys (ConfUtils.java:logGet(46)) - raft.server.rpc.timeout.max = 300ms (default)
2022-07-21 18:24:05,650 [pool-1-thread-1] INFO  server.RaftServerConfigKeys (ConfUtils.java:logGet(46)) - raft.server.rpc.timeout.min = 150ms (default)
2022-07-21 18:24:05,650 [pool-2-thread-1] INFO  server.RaftServerConfigKeys (ConfUtils.java:logGet(46)) - raft.server.rpc.sleep.time = 25ms (default)
2022-07-21 18:24:05,650 [pool-1-thread-1] INFO  server.RaftServerConfigKeys (ConfUtils.java:logGet(46)) - raft.server.rpc.timeout.max = 300ms (default)
2022-07-21 18:24:05,650 [pool-2-thread-1] INFO  server.RaftServerConfigKeys (ConfUtils.java:logGet(46)) - raft.server.rpc.slowness.timeout = 60s (default)
2022-07-21 18:24:05,651 [pool-2-thread-1] INFO  server.RaftServerConfigKeys (ConfUtils.java:logGet(46)) - raft.server.leaderelection.leader.step-down.wait-time = 10s (default)
2022-07-21 18:24:05,651 [pool-1-thread-1] INFO  server.RaftServerConfigKeys (ConfUtils.java:logGet(46)) - raft.server.rpc.sleep.time = 25ms (default)
2022-07-21 18:24:05,651 [pool-2-thread-1] INFO  server.RaftServerConfigKeys (ConfUtils.java:logGet(46)) - raft.server.sleep.deviation.threshold = 300ms (default)
2022-07-21 18:24:05,652 [pool-1-thread-1] INFO  server.RaftServerConfigKeys (ConfUtils.java:logGet(46)) - raft.server.rpc.slowness.timeout = 60s (default)
2022-07-21 18:24:05,652 [pool-1-thread-1] INFO  server.RaftServerConfigKeys (ConfUtils.java:logGet(46)) - raft.server.leaderelection.leader.step-down.wait-time = 10s (default)
2022-07-21 18:24:05,652 [pool-1-thread-1] INFO  server.RaftServerConfigKeys (ConfUtils.java:logGet(46)) - raft.server.sleep.deviation.threshold = 300ms (default)
2022-07-21 18:24:05,653 [Time-limited test] INFO  server.RaftServer (RaftServerProxy.java:addNew(96)) - s0: addNew group-C3E9AA6170F9:[s3|rpc:localhost:42219|admin:localhost:33767|client:localhost:36081|dataStream:localhost:37601|priority:0|startupRole:FOLLOWER, s4|rpc:localhost:41277|admin:localhost:43681|client:localhost:37665|dataStream:localhost:40265|priority:0|startupRole:FOLLOWER, s0|rpc:localhost:41401|admin:localhost:36139|client:localhost:41875|dataStream:localhost:43073|priority:0|startupRole:FOLLOWER, s1|rpc:localhost:40237|admin:localhost:43387|client:localhost:44849|dataStream:localhost:33723|priority:0|startupRole:FOLLOWER, s2|rpc:localhost:40705|admin:localhost:41207|client:localhost:37579|dataStream:localhost:35097|priority:0|startupRole:FOLLOWER] returns group-C3E9AA6170F9:java.util.concurrent.CompletableFuture@61c64251[Not completed]
2022-07-21 18:24:05,653 [Time-limited test] INFO  impl.MiniRaftCluster (MiniRaftCluster.java:newRaftServer(348)) - newRaftServer: s1, group-C3E9AA6170F9:[s3|rpc:localhost:42219|admin:localhost:33767|client:localhost:36081|dataStream:localhost:37601|priority:0|startupRole:FOLLOWER, s4|rpc:localhost:41277|admin:localhost:43681|client:localhost:37665|dataStream:localhost:40265|priority:0|startupRole:FOLLOWER, s0|rpc:localhost:41401|admin:localhost:36139|client:localhost:41875|dataStream:localhost:43073|priority:0|startupRole:FOLLOWER, s1|rpc:localhost:40237|admin:localhost:43387|client:localhost:44849|dataStream:localhost:33723|priority:0|startupRole:FOLLOWER, s2|rpc:localhost:40705|admin:localhost:41207|client:localhost:37579|dataStream:localhost:35097|priority:0|startupRole:FOLLOWER], format? true
2022-07-21 18:24:05,653 [Time-limited test] TRACE util.FileUtils (FileUtils.java:deleteFully(162)) - deleteFully target/test/data/44cdabc1/MiniRaftClusterWithSimulatedRpc85d47eda/s1
2022-07-21 18:24:05,653 [Time-limited test] TRACE util.FileUtils (FileUtils.java:deleteFully(178)) - deleteFully: target/test/data/44cdabc1/MiniRaftClusterWithSimulatedRpc85d47eda/s1 does not exist.
2022-07-21 18:24:05,653 [Time-limited test] INFO  impl.MiniRaftCluster (MiniRaftCluster.java:newRaftServer(353)) - Formatted directory target/test/data/44cdabc1/MiniRaftClusterWithSimulatedRpc85d47eda/s1
2022-07-21 18:24:05,653 [Time-limited test] INFO  server.RaftServer (ConfUtils.java:logGet(46)) - raft.rpc.type = org.apache.ratis.server.simulation.SimulatedRpc (custom)
2022-07-21 18:24:05,654 [Time-limited test] INFO  impl.DataStreamServerImpl (ConfUtils.java:logGet(46)) - raft.datastream.type = DISABLED (default)
2022-07-21 18:24:05,654 [Time-limited test] INFO  server.RaftServerConfigKeys (ConfUtils.java:logGet(46)) - raft.server.threadpool.proxy.cached = true (default)
2022-07-21 18:24:05,654 [Time-limited test] INFO  server.RaftServerConfigKeys (ConfUtils.java:logGet(46)) - raft.server.threadpool.proxy.size = 0 (default)
2022-07-21 18:24:05,654 [Time-limited test] INFO  server.RaftServerConfigKeys (ConfUtils.java:logGet(46)) - raft.server.rpc.slowness.timeout = 60s (default)
2022-07-21 18:24:05,654 [Time-limited test] INFO  server.RaftServerConfigKeys (ConfUtils.java:logGet(46)) - raft.server.leaderelection.leader.step-down.wait-time = 10s (default)
2022-07-21 18:24:05,655 [Time-limited test] INFO  server.RaftServerConfigKeys (ConfUtils.java:logGet(46)) - raft.server.storage.dir = [/home/runner/work/ratis/ratis/ratis-test/target/test/data/44cdabc1/MiniRaftClusterWithSimulatedRpc85d47eda/s1] (custom)
2022-07-21 18:24:05,656 [pool-3-thread-1] INFO  server.RaftServer$Division (RaftServerImpl.java:<init>(192)) - s0: new RaftServerImpl for group-C3E9AA6170F9:[s3|rpc:localhost:42219|admin:localhost:33767|client:localhost:36081|dataStream:localhost:37601|priority:0|startupRole:FOLLOWER, s4|rpc:localhost:41277|admin:localhost:43681|client:localhost:37665|dataStream:localhost:40265|priority:0|startupRole:FOLLOWER, s0|rpc:localhost:41401|admin:localhost:36139|client:localhost:41875|dataStream:localhost:43073|priority:0|startupRole:FOLLOWER, s1|rpc:localhost:40237|admin:localhost:43387|client:localhost:44849|dataStream:localhost:33723|priority:0|startupRole:FOLLOWER, s2|rpc:localhost:40705|admin:localhost:41207|client:localhost:37579|dataStream:localhost:35097|priority:0|startupRole:FOLLOWER] with BaseStateMachine:uninitialized
2022-07-21 18:24:05,657 [pool-1-thread-1] INFO  server.RaftServer$Division (ServerState.java:<init>(118)) - s3@group-C3E9AA6170F9: ConfigurationManager, init=-1: peers:[s3|rpc:localhost:42219|admin:localhost:33767|client:localhost:36081|dataStream:localhost:37601|priority:0|startupRole:FOLLOWER, s4|rpc:localhost:41277|admin:localhost:43681|client:localhost:37665|dataStream:localhost:40265|priority:0|startupRole:FOLLOWER, s0|rpc:localhost:41401|admin:localhost:36139|client:localhost:41875|dataStream:localhost:43073|priority:0|startupRole:FOLLOWER, s1|rpc:localhost:40237|admin:localhost:43387|client:localhost:44849|dataStream:localhost:33723|priority:0|startupRole:FOLLOWER, s2|rpc:localhost:40705|admin:localhost:41207|client:localhost:37579|dataStream:localhost:35097|priority:0|startupRole:FOLLOWER]|listeners:[], old=null, confs=<EMPTY_MAP>
2022-07-21 18:24:05,657 [pool-2-thread-1] INFO  server.RaftServer$Division (ServerState.java:<init>(118)) - s4@group-C3E9AA6170F9: ConfigurationManager, init=-1: peers:[s3|rpc:localhost:42219|admin:localhost:33767|client:localhost:36081|dataStream:localhost:37601|priority:0|startupRole:FOLLOWER, s4|rpc:localhost:41277|admin:localhost:43681|client:localhost:37665|dataStream:localhost:40265|priority:0|startupRole:FOLLOWER, s0|rpc:localhost:41401|admin:localhost:36139|client:localhost:41875|dataStream:localhost:43073|priority:0|startupRole:FOLLOWER, s1|rpc:localhost:40237|admin:localhost:43387|client:localhost:44849|dataStream:localhost:33723|priority:0|startupRole:FOLLOWER, s2|rpc:localhost:40705|admin:localhost:41207|client:localhost:37579|dataStream:localhost:35097|priority:0|startupRole:FOLLOWER]|listeners:[], old=null, confs=<EMPTY_MAP>
2022-07-21 18:24:05,660 [pool-2-thread-1] INFO  server.RaftServerConfigKeys (ConfUtils.java:logGet(46)) - raft.server.storage.dir = [/home/runner/work/ratis/ratis/ratis-test/target/test/data/44cdabc1/MiniRaftClusterWithSimulatedRpc85d47eda/s4] (custom)
2022-07-21 18:24:05,666 [pool-2-thread-1] INFO  server.RaftServerConfigKeys (ConfUtils.java:logGet(46)) - raft.server.log.corruption.policy = EXCEPTION (default)
2022-07-21 18:24:05,668 [pool-2-thread-1] INFO  server.RaftServerConfigKeys (ConfUtils.java:logGet(46)) - raft.server.storage.free-space.min = 0MB (=0) (default)
2022-07-21 18:24:05,659 [pool-4-thread-1] INFO  server.RaftServer$Division (RaftServerImpl.java:<init>(192)) - s1: new RaftServerImpl for group-C3E9AA6170F9:[s3|rpc:localhost:42219|admin:localhost:33767|client:localhost:36081|dataStream:localhost:37601|priority:0|startupRole:FOLLOWER, s4|rpc:localhost:41277|admin:localhost:43681|client:localhost:37665|dataStream:localhost:40265|priority:0|startupRole:FOLLOWER, s0|rpc:localhost:41401|admin:localhost:36139|client:localhost:41875|dataStream:localhost:43073|priority:0|startupRole:FOLLOWER, s1|rpc:localhost:40237|admin:localhost:43387|client:localhost:44849|dataStream:localhost:33723|priority:0|startupRole:FOLLOWER, s2|rpc:localhost:40705|admin:localhost:41207|client:localhost:37579|dataStream:localhost:35097|priority:0|startupRole:FOLLOWER] with BaseStateMachine:uninitialized
2022-07-21 18:24:05,669 [pool-1-thread-1] INFO  server.RaftServerConfigKeys (ConfUtils.java:logGet(46)) - raft.server.storage.dir = [/home/runner/work/ratis/ratis/ratis-test/target/test/data/44cdabc1/MiniRaftClusterWithSimulatedRpc85d47eda/s3] (custom)
2022-07-21 18:24:05,669 [pool-1-thread-1] INFO  server.RaftServerConfigKeys (ConfUtils.java:logGet(46)) - raft.server.log.corruption.policy = EXCEPTION (default)
2022-07-21 18:24:05,669 [pool-1-thread-1] INFO  server.RaftServerConfigKeys (ConfUtils.java:logGet(46)) - raft.server.storage.free-space.min = 0MB (=0) (default)
2022-07-21 18:24:05,659 [Time-limited test] INFO  server.RaftServer (RaftServerProxy.java:addNew(96)) - s1: addNew group-C3E9AA6170F9:[s3|rpc:localhost:42219|admin:localhost:33767|client:localhost:36081|dataStream:localhost:37601|priority:0|startupRole:FOLLOWER, s4|rpc:localhost:41277|admin:localhost:43681|client:localhost:37665|dataStream:localhost:40265|priority:0|startupRole:FOLLOWER, s0|rpc:localhost:41401|admin:localhost:36139|client:localhost:41875|dataStream:localhost:43073|priority:0|startupRole:FOLLOWER, s1|rpc:localhost:40237|admin:localhost:43387|client:localhost:44849|dataStream:localhost:33723|priority:0|startupRole:FOLLOWER, s2|rpc:localhost:40705|admin:localhost:41207|client:localhost:37579|dataStream:localhost:35097|priority:0|startupRole:FOLLOWER] returns group-C3E9AA6170F9:java.util.concurrent.CompletableFuture@34afbcd5[Not completed]
2022-07-21 18:24:05,675 [Time-limited test] INFO  impl.MiniRaftCluster (MiniRaftCluster.java:newRaftServer(348)) - newRaftServer: s2, group-C3E9AA6170F9:[s3|rpc:localhost:42219|admin:localhost:33767|client:localhost:36081|dataStream:localhost:37601|priority:0|startupRole:FOLLOWER, s4|rpc:localhost:41277|admin:localhost:43681|client:localhost:37665|dataStream:localhost:40265|priority:0|startupRole:FOLLOWER, s0|rpc:localhost:41401|admin:localhost:36139|client:localhost:41875|dataStream:localhost:43073|priority:0|startupRole:FOLLOWER, s1|rpc:localhost:40237|admin:localhost:43387|client:localhost:44849|dataStream:localhost:33723|priority:0|startupRole:FOLLOWER, s2|rpc:localhost:40705|admin:localhost:41207|client:localhost:37579|dataStream:localhost:35097|priority:0|startupRole:FOLLOWER], format? true
2022-07-21 18:24:05,675 [Time-limited test] TRACE util.FileUtils (FileUtils.java:deleteFully(162)) - deleteFully target/test/data/44cdabc1/MiniRaftClusterWithSimulatedRpc85d47eda/s2
2022-07-21 18:24:05,675 [Time-limited test] TRACE util.FileUtils (FileUtils.java:deleteFully(178)) - deleteFully: target/test/data/44cdabc1/MiniRaftClusterWithSimulatedRpc85d47eda/s2 does not exist.
2022-07-21 18:24:05,675 [Time-limited test] INFO  impl.MiniRaftCluster (MiniRaftCluster.java:newRaftServer(353)) - Formatted directory target/test/data/44cdabc1/MiniRaftClusterWithSimulatedRpc85d47eda/s2
2022-07-21 18:24:05,676 [Time-limited test] INFO  server.RaftServer (ConfUtils.java:logGet(46)) - raft.rpc.type = org.apache.ratis.server.simulation.SimulatedRpc (custom)
2022-07-21 18:24:05,676 [Time-limited test] INFO  impl.DataStreamServerImpl (ConfUtils.java:logGet(46)) - raft.datastream.type = DISABLED (default)
2022-07-21 18:24:05,676 [Time-limited test] INFO  server.RaftServerConfigKeys (ConfUtils.java:logGet(46)) - raft.server.threadpool.proxy.cached = true (default)
2022-07-21 18:24:05,676 [Time-limited test] INFO  server.RaftServerConfigKeys (ConfUtils.java:logGet(46)) - raft.server.threadpool.proxy.size = 0 (default)
2022-07-21 18:24:05,676 [Time-limited test] INFO  server.RaftServerConfigKeys (ConfUtils.java:logGet(46)) - raft.server.rpc.slowness.timeout = 60s (default)
2022-07-21 18:24:05,677 [Time-limited test] INFO  server.RaftServerConfigKeys (ConfUtils.java:logGet(46)) - raft.server.leaderelection.leader.step-down.wait-time = 10s (default)
2022-07-21 18:24:05,677 [Time-limited test] INFO  server.RaftServerConfigKeys (ConfUtils.java:logGet(46)) - raft.server.storage.dir = [/home/runner/work/ratis/ratis/ratis-test/target/test/data/44cdabc1/MiniRaftClusterWithSimulatedRpc85d47eda/s2] (custom)
2022-07-21 18:24:05,659 [pool-3-thread-1] INFO  server.RaftServerConfigKeys (ConfUtils.java:logGet(46)) - raft.server.rpc.timeout.min = 150ms (default)
2022-07-21 18:24:05,676 [pool-4-thread-1] INFO  server.RaftServerConfigKeys (ConfUtils.java:logGet(46)) - raft.server.rpc.timeout.min = 150ms (default)
2022-07-21 18:24:05,677 [pool-3-thread-1] INFO  server.RaftServerConfigKeys (ConfUtils.java:logGet(46)) - raft.server.rpc.timeout.max = 300ms (default)
2022-07-21 18:24:05,677 [pool-4-thread-1] INFO  server.RaftServerConfigKeys (ConfUtils.java:logGet(46)) - raft.server.rpc.timeout.max = 300ms (default)
2022-07-21 18:24:05,677 [pool-3-thread-1] INFO  server.RaftServerConfigKeys (ConfUtils.java:logGet(46)) - raft.server.rpc.sleep.time = 25ms (default)
2022-07-21 18:24:05,678 [pool-4-thread-1] INFO  server.RaftServerConfigKeys (ConfUtils.java:logGet(46)) - raft.server.rpc.sleep.time = 25ms (default)
2022-07-21 18:24:05,678 [pool-3-thread-1] INFO  server.RaftServerConfigKeys (ConfUtils.java:logGet(46)) - raft.server.rpc.slowness.timeout = 60s (default)
2022-07-21 18:24:05,678 [pool-4-thread-1] INFO  server.RaftServerConfigKeys (ConfUtils.java:logGet(46)) - raft.server.rpc.slowness.timeout = 60s (default)
2022-07-21 18:24:05,678 [pool-3-thread-1] INFO  server.RaftServerConfigKeys (ConfUtils.java:logGet(46)) - raft.server.leaderelection.leader.step-down.wait-time = 10s (default)
2022-07-21 18:24:05,679 [pool-4-thread-1] INFO  server.RaftServerConfigKeys (ConfUtils.java:logGet(46)) - raft.server.leaderelection.leader.step-down.wait-time = 10s (default)
2022-07-21 18:24:05,685 [pool-4-thread-1] INFO  server.RaftServerConfigKeys (ConfUtils.java:logGet(46)) - raft.server.sleep.deviation.threshold = 300ms (default)
2022-07-21 18:24:05,685 [pool-4-thread-1] INFO  server.RaftServer$Division (ServerState.java:<init>(118)) - s1@group-C3E9AA6170F9: ConfigurationManager, init=-1: peers:[s3|rpc:localhost:42219|admin:localhost:33767|client:localhost:36081|dataStream:localhost:37601|priority:0|startupRole:FOLLOWER, s4|rpc:localhost:41277|admin:localhost:43681|client:localhost:37665|dataStream:localhost:40265|priority:0|startupRole:FOLLOWER, s0|rpc:localhost:41401|admin:localhost:36139|client:localhost:41875|dataStream:localhost:43073|priority:0|startupRole:FOLLOWER, s1|rpc:localhost:40237|admin:localhost:43387|client:localhost:44849|dataStream:localhost:33723|priority:0|startupRole:FOLLOWER, s2|rpc:localhost:40705|admin:localhost:41207|client:localhost:37579|dataStream:localhost:35097|priority:0|startupRole:FOLLOWER]|listeners:[], old=null, confs=<EMPTY_MAP>
2022-07-21 18:24:05,685 [pool-4-thread-1] INFO  server.RaftServerConfigKeys (ConfUtils.java:logGet(46)) - raft.server.storage.dir = [/home/runner/work/ratis/ratis/ratis-test/target/test/data/44cdabc1/MiniRaftClusterWithSimulatedRpc85d47eda/s1] (custom)
2022-07-21 18:24:05,685 [pool-4-thread-1] INFO  server.RaftServerConfigKeys (ConfUtils.java:logGet(46)) - raft.server.log.corruption.policy = EXCEPTION (default)
2022-07-21 18:24:05,684 [Time-limited test] INFO  server.RaftServer (RaftServerProxy.java:addNew(96)) - s2: addNew group-C3E9AA6170F9:[s3|rpc:localhost:42219|admin:localhost:33767|client:localhost:36081|dataStream:localhost:37601|priority:0|startupRole:FOLLOWER, s4|rpc:localhost:41277|admin:localhost:43681|client:localhost:37665|dataStream:localhost:40265|priority:0|startupRole:FOLLOWER, s0|rpc:localhost:41401|admin:localhost:36139|client:localhost:41875|dataStream:localhost:43073|priority:0|startupRole:FOLLOWER, s1|rpc:localhost:40237|admin:localhost:43387|client:localhost:44849|dataStream:localhost:33723|priority:0|startupRole:FOLLOWER, s2|rpc:localhost:40705|admin:localhost:41207|client:localhost:37579|dataStream:localhost:35097|priority:0|startupRole:FOLLOWER] returns group-C3E9AA6170F9:java.util.concurrent.CompletableFuture@1993c30d[Not completed]
2022-07-21 18:24:05,682 [pool-2-thread-1] INFO  server.RaftServerConfigKeys (ConfUtils.java:logGet(46)) - raft.server.notification.no-leader.timeout = 60s (default)
2022-07-21 18:24:05,679 [pool-3-thread-1] INFO  server.RaftServerConfigKeys (ConfUtils.java:logGet(46)) - raft.server.sleep.deviation.threshold = 300ms (default)
2022-07-21 18:24:05,682 [pool-1-thread-1] INFO  server.RaftServerConfigKeys (ConfUtils.java:logGet(46)) - raft.server.notification.no-leader.timeout = 60s (default)
2022-07-21 18:24:05,690 [pool-5-thread-1] INFO  server.RaftServer$Division (RaftServerImpl.java:<init>(192)) - s2: new RaftServerImpl for group-C3E9AA6170F9:[s3|rpc:localhost:42219|admin:localhost:33767|client:localhost:36081|dataStream:localhost:37601|priority:0|startupRole:FOLLOWER, s4|rpc:localhost:41277|admin:localhost:43681|client:localhost:37665|dataStream:localhost:40265|priority:0|startupRole:FOLLOWER, s0|rpc:localhost:41401|admin:localhost:36139|client:localhost:41875|dataStream:localhost:43073|priority:0|startupRole:FOLLOWER, s1|rpc:localhost:40237|admin:localhost:43387|client:localhost:44849|dataStream:localhost:33723|priority:0|startupRole:FOLLOWER, s2|rpc:localhost:40705|admin:localhost:41207|client:localhost:37579|dataStream:localhost:35097|priority:0|startupRole:FOLLOWER] with BaseStateMachine:uninitialized
2022-07-21 18:24:05,690 [pool-2-thread-1] INFO  server.RaftServerConfigKeys (ConfUtils.java:logGet(46)) - raft.server.retrycache.expirytime = 60s (default)
2022-07-21 18:24:05,688 [pool-3-thread-1] INFO  server.RaftServer$Division (ServerState.java:<init>(118)) - s0@group-C3E9AA6170F9: ConfigurationManager, init=-1: peers:[s3|rpc:localhost:42219|admin:localhost:33767|client:localhost:36081|dataStream:localhost:37601|priority:0|startupRole:FOLLOWER, s4|rpc:localhost:41277|admin:localhost:43681|client:localhost:37665|dataStream:localhost:40265|priority:0|startupRole:FOLLOWER, s0|rpc:localhost:41401|admin:localhost:36139|client:localhost:41875|dataStream:localhost:43073|priority:0|startupRole:FOLLOWER, s1|rpc:localhost:40237|admin:localhost:43387|client:localhost:44849|dataStream:localhost:33723|priority:0|startupRole:FOLLOWER, s2|rpc:localhost:40705|admin:localhost:41207|client:localhost:37579|dataStream:localhost:35097|priority:0|startupRole:FOLLOWER]|listeners:[], old=null, confs=<EMPTY_MAP>
2022-07-21 18:24:05,686 [pool-4-thread-1] INFO  server.RaftServerConfigKeys (ConfUtils.java:logGet(46)) - raft.server.storage.free-space.min = 0MB (=0) (default)
2022-07-21 18:24:05,691 [pool-3-thread-1] INFO  server.RaftServerConfigKeys (ConfUtils.java:logGet(46)) - raft.server.storage.dir = [/home/runner/work/ratis/ratis/ratis-test/target/test/data/44cdabc1/MiniRaftClusterWithSimulatedRpc85d47eda/s0] (custom)
2022-07-21 18:24:05,691 [pool-4-thread-1] INFO  server.RaftServerConfigKeys (ConfUtils.java:logGet(46)) - raft.server.notification.no-leader.timeout = 60s (default)
2022-07-21 18:24:05,691 [pool-3-thread-1] INFO  server.RaftServerConfigKeys (ConfUtils.java:logGet(46)) - raft.server.log.corruption.policy = EXCEPTION (default)
2022-07-21 18:24:05,690 [pool-1-thread-1] INFO  server.RaftServerConfigKeys (ConfUtils.java:logGet(46)) - raft.server.retrycache.expirytime = 60s (default)
2022-07-21 18:24:05,691 [pool-2-thread-1] INFO  server.RaftServerConfigKeys (ConfUtils.java:logGet(46)) - raft.server.retrycache.statistics.expirytime = 100μs (default)
2022-07-21 18:24:05,691 [pool-1-thread-1] INFO  server.RaftServerConfigKeys (ConfUtils.java:logGet(46)) - raft.server.retrycache.statistics.expirytime = 100μs (default)
2022-07-21 18:24:05,691 [pool-3-thread-1] INFO  server.RaftServerConfigKeys (ConfUtils.java:logGet(46)) - raft.server.storage.free-space.min = 0MB (=0) (default)
2022-07-21 18:24:05,692 [pool-3-thread-1] INFO  server.RaftServerConfigKeys (ConfUtils.java:logGet(46)) - raft.server.notification.no-leader.timeout = 60s (default)
2022-07-21 18:24:05,692 [pool-3-thread-1] INFO  server.RaftServerConfigKeys (ConfUtils.java:logGet(46)) - raft.server.retrycache.expirytime = 60s (default)
2022-07-21 18:24:05,692 [pool-3-thread-1] INFO  server.RaftServerConfigKeys (ConfUtils.java:logGet(46)) - raft.server.retrycache.statistics.expirytime = 100μs (default)
2022-07-21 18:24:05,691 [pool-4-thread-1] INFO  server.RaftServerConfigKeys (ConfUtils.java:logGet(46)) - raft.server.retrycache.expirytime = 60s (default)
2022-07-21 18:24:05,696 [pool-4-thread-1] INFO  server.RaftServerConfigKeys (ConfUtils.java:logGet(46)) - raft.server.retrycache.statistics.expirytime = 100μs (default)
2022-07-21 18:24:05,708 [pool-5-thread-1] INFO  server.RaftServerConfigKeys (ConfUtils.java:logGet(46)) - raft.server.rpc.timeout.min = 150ms (default)
2022-07-21 18:24:05,708 [pool-5-thread-1] INFO  server.RaftServerConfigKeys (ConfUtils.java:logGet(46)) - raft.server.rpc.timeout.max = 300ms (default)
2022-07-21 18:24:05,708 [pool-5-thread-1] INFO  server.RaftServerConfigKeys (ConfUtils.java:logGet(46)) - raft.server.rpc.sleep.time = 25ms (default)
2022-07-21 18:24:05,708 [pool-5-thread-1] INFO  server.RaftServerConfigKeys (ConfUtils.java:logGet(46)) - raft.server.rpc.slowness.timeout = 60s (default)
2022-07-21 18:24:05,708 [pool-5-thread-1] INFO  server.RaftServerConfigKeys (ConfUtils.java:logGet(46)) - raft.server.leaderelection.leader.step-down.wait-time = 10s (default)
2022-07-21 18:24:05,709 [pool-5-thread-1] INFO  server.RaftServerConfigKeys (ConfUtils.java:logGet(46)) - raft.server.sleep.deviation.threshold = 300ms (default)
2022-07-21 18:24:05,709 [pool-5-thread-1] INFO  server.RaftServer$Division (ServerState.java:<init>(118)) - s2@group-C3E9AA6170F9: ConfigurationManager, init=-1: peers:[s3|rpc:localhost:42219|admin:localhost:33767|client:localhost:36081|dataStream:localhost:37601|priority:0|startupRole:FOLLOWER, s4|rpc:localhost:41277|admin:localhost:43681|client:localhost:37665|dataStream:localhost:40265|priority:0|startupRole:FOLLOWER, s0|rpc:localhost:41401|admin:localhost:36139|client:localhost:41875|dataStream:localhost:43073|priority:0|startupRole:FOLLOWER, s1|rpc:localhost:40237|admin:localhost:43387|client:localhost:44849|dataStream:localhost:33723|priority:0|startupRole:FOLLOWER, s2|rpc:localhost:40705|admin:localhost:41207|client:localhost:37579|dataStream:localhost:35097|priority:0|startupRole:FOLLOWER]|listeners:[], old=null, confs=<EMPTY_MAP>
2022-07-21 18:24:05,709 [pool-5-thread-1] INFO  server.RaftServerConfigKeys (ConfUtils.java:logGet(46)) - raft.server.storage.dir = [/home/runner/work/ratis/ratis/ratis-test/target/test/data/44cdabc1/MiniRaftClusterWithSimulatedRpc85d47eda/s2] (custom)
2022-07-21 18:24:05,710 [pool-5-thread-1] INFO  server.RaftServerConfigKeys (ConfUtils.java:logGet(46)) - raft.server.log.corruption.policy = EXCEPTION (default)
2022-07-21 18:24:05,710 [pool-5-thread-1] INFO  server.RaftServerConfigKeys (ConfUtils.java:logGet(46)) - raft.server.storage.free-space.min = 0MB (=0) (default)
2022-07-21 18:24:05,710 [pool-5-thread-1] INFO  server.RaftServerConfigKeys (ConfUtils.java:logGet(46)) - raft.server.notification.no-leader.timeout = 60s (default)
2022-07-21 18:24:05,710 [pool-5-thread-1] INFO  server.RaftServerConfigKeys (ConfUtils.java:logGet(46)) - raft.server.retrycache.expirytime = 60s (default)
2022-07-21 18:24:05,710 [pool-5-thread-1] INFO  server.RaftServerConfigKeys (ConfUtils.java:logGet(46)) - raft.server.retrycache.statistics.expirytime = 100μs (default)
2022-07-21 18:24:05,726 [pool-2-thread-1] INFO  metrics.MetricRegistries (MetricRegistriesLoader.java:load(64)) - Loaded MetricRegistries class org.apache.ratis.metrics.impl.MetricRegistriesImpl
2022-07-21 18:24:05,826 [pool-2-thread-1] INFO  server.RaftServerConfigKeys (ConfUtils.java:logGet(46)) - raft.server.log.appender.install.snapshot.enabled = true (default)
2022-07-21 18:24:05,826 [pool-2-thread-1] INFO  server.RaftServerConfigKeys (ConfUtils.java:logGet(46)) - raft.server.threadpool.server.cached = true (default)
2022-07-21 18:24:05,827 [pool-2-thread-1] INFO  server.RaftServerConfigKeys (ConfUtils.java:logGet(46)) - raft.server.threadpool.server.size = 0 (default)
2022-07-21 18:24:05,827 [pool-2-thread-1] INFO  server.RaftServerConfigKeys (ConfUtils.java:logGet(46)) - raft.server.threadpool.client.cached = true (default)
2022-07-21 18:24:05,828 [pool-5-thread-1] INFO  server.RaftServerConfigKeys (ConfUtils.java:logGet(46)) - raft.server.log.appender.install.snapshot.enabled = true (default)
2022-07-21 18:24:05,828 [pool-5-thread-1] INFO  server.RaftServerConfigKeys (ConfUtils.java:logGet(46)) - raft.server.threadpool.server.cached = true (default)
2022-07-21 18:24:05,827 [pool-4-thread-1] INFO  server.RaftServerConfigKeys (ConfUtils.java:logGet(46)) - raft.server.log.appender.install.snapshot.enabled = true (default)
2022-07-21 18:24:05,827 [pool-3-thread-1] INFO  server.RaftServerConfigKeys (ConfUtils.java:logGet(46)) - raft.server.log.appender.install.snapshot.enabled = true (default)
2022-07-21 18:24:05,828 [pool-5-thread-1] INFO  server.RaftServerConfigKeys (ConfUtils.java:logGet(46)) - raft.server.threadpool.server.size = 0 (default)
2022-07-21 18:24:05,828 [pool-3-thread-1] INFO  server.RaftServerConfigKeys (ConfUtils.java:logGet(46)) - raft.server.threadpool.server.cached = true (default)
2022-07-21 18:24:05,828 [pool-3-thread-1] INFO  server.RaftServerConfigKeys (ConfUtils.java:logGet(46)) - raft.server.threadpool.server.size = 0 (default)
2022-07-21 18:24:05,828 [pool-3-thread-1] INFO  server.RaftServerConfigKeys (ConfUtils.java:logGet(46)) - raft.server.threadpool.client.cached = true (default)
2022-07-21 18:24:05,829 [pool-3-thread-1] INFO  server.RaftServerConfigKeys (ConfUtils.java:logGet(46)) - raft.server.threadpool.client.size = 0 (default)
2022-07-21 18:24:05,830 [pool-4-thread-1] INFO  server.RaftServerConfigKeys (ConfUtils.java:logGet(46)) - raft.server.threadpool.server.cached = true (default)
2022-07-21 18:24:05,830 [pool-4-thread-1] INFO  server.RaftServerConfigKeys (ConfUtils.java:logGet(46)) - raft.server.threadpool.server.size = 0 (default)
2022-07-21 18:24:05,831 [pool-4-thread-1] INFO  server.RaftServerConfigKeys (ConfUtils.java:logGet(46)) - raft.server.threadpool.client.cached = true (default)
2022-07-21 18:24:05,832 [pool-4-thread-1] INFO  server.RaftServerConfigKeys (ConfUtils.java:logGet(46)) - raft.server.threadpool.client.size = 0 (default)
2022-07-21 18:24:05,832 [pool-2-thread-1] INFO  server.RaftServerConfigKeys (ConfUtils.java:logGet(46)) - raft.server.threadpool.client.size = 0 (default)
2022-07-21 18:24:05,828 [pool-5-thread-1] INFO  server.RaftServerConfigKeys (ConfUtils.java:logGet(46)) - raft.server.threadpool.client.cached = true (default)
2022-07-21 18:24:05,832 [pool-5-thread-1] INFO  server.RaftServerConfigKeys (ConfUtils.java:logGet(46)) - raft.server.threadpool.client.size = 0 (default)
2022-07-21 18:24:05,832 [pool-1-thread-1] INFO  server.RaftServerConfigKeys (ConfUtils.java:logGet(46)) - raft.server.log.appender.install.snapshot.enabled = true (default)
2022-07-21 18:24:05,832 [pool-1-thread-1] INFO  server.RaftServerConfigKeys (ConfUtils.java:logGet(46)) - raft.server.threadpool.server.cached = true (default)
2022-07-21 18:24:05,832 [pool-1-thread-1] INFO  server.RaftServerConfigKeys (ConfUtils.java:logGet(46)) - raft.server.threadpool.server.size = 0 (default)
2022-07-21 18:24:05,832 [pool-1-thread-1] INFO  server.RaftServerConfigKeys (ConfUtils.java:logGet(46)) - raft.server.threadpool.client.cached = true (default)
2022-07-21 18:24:05,832 [pool-1-thread-1] INFO  server.RaftServerConfigKeys (ConfUtils.java:logGet(46)) - raft.server.threadpool.client.size = 0 (default)
2022-07-21 18:24:05,833 [s3-impl-thread1] INFO  storage.RaftStorageDirectory (RaftStorageDirectoryImpl.java:analyzeStorage(137)) - The storage directory /home/runner/work/ratis/ratis/ratis-test/target/test/data/44cdabc1/MiniRaftClusterWithSimulatedRpc85d47eda/s3/fc2ba6b5-97d1-492b-b128-c3e9aa6170f9 does not exist. Creating ...
2022-07-21 18:24:05,834 [s3-impl-thread1] TRACE util.FileUtils (LogUtils.java:runAndLog(49)) - Successfully ran Files.createDirectories /home/runner/work/ratis/ratis/ratis-test/target/test/data/44cdabc1/MiniRaftClusterWithSimulatedRpc85d47eda/s3/fc2ba6b5-97d1-492b-b128-c3e9aa6170f9
2022-07-21 18:24:05,838 [s3-impl-thread1] INFO  storage.RaftStorageDirectory (RaftStorageDirectoryImpl.java:tryLock(231)) - Lock on /home/runner/work/ratis/ratis/ratis-test/target/test/data/44cdabc1/MiniRaftClusterWithSimulatedRpc85d47eda/s3/fc2ba6b5-97d1-492b-b128-c3e9aa6170f9/in_use.lock acquired by nodename 17728@fv-az29-771.0gf2enmb5avurc1gjtxldx4mnh.bx.internal.cloudapp.net
2022-07-21 18:24:05,838 [s3-impl-thread1] TRACE util.FileUtils (LogUtils.java:runAndLog(49)) - Successfully ran Files.createDirectories /home/runner/work/ratis/ratis/ratis-test/target/test/data/44cdabc1/MiniRaftClusterWithSimulatedRpc85d47eda/s3/fc2ba6b5-97d1-492b-b128-c3e9aa6170f9/current
2022-07-21 18:24:05,839 [s3-impl-thread1] TRACE util.FileUtils (LogUtils.java:runAndLog(49)) - Successfully ran Files.createDirectories /home/runner/work/ratis/ratis/ratis-test/target/test/data/44cdabc1/MiniRaftClusterWithSimulatedRpc85d47eda/s3/fc2ba6b5-97d1-492b-b128-c3e9aa6170f9/sm
2022-07-21 18:24:05,853 [s3-impl-thread1] INFO  storage.RaftStorage (RaftStorageImpl.java:format(96)) - Storage directory /home/runner/work/ratis/ratis/ratis-test/target/test/data/44cdabc1/MiniRaftClusterWithSimulatedRpc85d47eda/s3/fc2ba6b5-97d1-492b-b128-c3e9aa6170f9 has been successfully formatted.
2022-07-21 18:24:05,855 [s3-impl-thread1] INFO  server.RaftServerConfigKeys (ConfUtils.java:logGet(46)) - raft.server.log.use.memory = false (default)
2022-07-21 18:24:05,860 [s3-impl-thread1] INFO  server.RaftServerConfigKeys (ConfUtils.java:logGet(46)) - raft.server.log.purge.gap = 1024 (default)
2022-07-21 18:24:05,861 [s3-impl-thread1] INFO  server.RaftServerConfigKeys (ConfUtils.java:logGet(46)) - raft.server.log.appender.buffer.byte-limit = 4MB (=4194304) (default)
2022-07-21 18:24:05,862 [s3-impl-thread1] INFO  server.RaftServerConfigKeys (ConfUtils.java:logGet(46)) - raft.server.log.statemachine.data.read.timeout = 1000ms (default)
2022-07-21 18:24:05,863 [s3-impl-thread1] INFO  server.RaftServerConfigKeys (ConfUtils.java:logGet(46)) - raft.server.log.segment.size.max = 8MB (=8388608) (default)
2022-07-21 18:24:05,867 [s3-impl-thread1] INFO  server.RaftServerConfigKeys (ConfUtils.java:logGet(46)) - raft.server.log.segment.cache.num.max = 6 (default)
2022-07-21 18:24:05,868 [s3-impl-thread1] INFO  server.RaftServerConfigKeys (ConfUtils.java:logGet(46)) - raft.server.log.segment.cache.size.max = 200MB (=209715200) (default)
2022-07-21 18:24:05,871 [s3-impl-thread1] INFO  segmented.SegmentedRaftLogWorker (SegmentedRaftLogWorker.java:<init>(187)) - new s3@group-C3E9AA6170F9-SegmentedRaftLogWorker for RaftStorageImpl:Storage Directory /home/runner/work/ratis/ratis/ratis-test/target/test/data/44cdabc1/MiniRaftClusterWithSimulatedRpc85d47eda/s3/fc2ba6b5-97d1-492b-b128-c3e9aa6170f9
2022-07-21 18:24:05,871 [s3-impl-thread1] INFO  server.RaftServerConfigKeys (ConfUtils.java:logGet(46)) - raft.server.log.queue.byte-limit = 64MB (=67108864) (default)
2022-07-21 18:24:05,872 [s3-impl-thread1] INFO  server.RaftServerConfigKeys (ConfUtils.java:logGet(46)) - raft.server.log.queue.element-limit = 4096 (default)
2022-07-21 18:24:05,872 [s3-impl-thread1] INFO  server.RaftServerConfigKeys (ConfUtils.java:logGet(46)) - raft.server.log.segment.size.max = 8MB (=8388608) (default)
2022-07-21 18:24:05,873 [s3-impl-thread1] INFO  server.RaftServerConfigKeys (ConfUtils.java:logGet(46)) - raft.server.log.preallocated.size = 4MB (=4194304) (default)
2022-07-21 18:24:05,873 [s3-impl-thread1] INFO  server.RaftServerConfigKeys (ConfUtils.java:logGet(46)) - raft.server.log.force.sync.num = 128 (default)
2022-07-21 18:24:05,874 [s3-impl-thread1] INFO  server.RaftServerConfigKeys (ConfUtils.java:logGet(46)) - raft.server.log.statemachine.data.sync = true (default)
2022-07-21 18:24:05,874 [s3-impl-thread1] INFO  server.RaftServerConfigKeys (ConfUtils.java:logGet(46)) - raft.server.log.statemachine.data.sync.timeout = 10s (default)
2022-07-21 18:24:05,874 [s3-impl-thread1] INFO  server.RaftServerConfigKeys (ConfUtils.java:logGet(46)) - raft.server.log.statemachine.data.sync.timeout.retry = -1 (default)
2022-07-21 18:24:05,884 [s3-impl-thread1] INFO  server.RaftServerConfigKeys (ConfUtils.java:logGet(46)) - raft.server.log.write.buffer.size = 64KB (=65536) (default)
2022-07-21 18:24:05,885 [s3-impl-thread1] INFO  server.RaftServerConfigKeys (ConfUtils.java:logGet(46)) - raft.server.log.unsafe-flush.enabled = false (default)
2022-07-21 18:24:05,885 [s3-impl-thread1] INFO  server.RaftServerConfigKeys (ConfUtils.java:logGet(46)) - raft.server.log.statemachine.data.caching.enabled = false (default)
2022-07-21 18:24:05,892 [s3-impl-thread1] INFO  segmented.SegmentedRaftLogWorker (SegmentedRaftLogWorker.java:lambda$new$0(135)) - s3@group-C3E9AA6170F9-SegmentedRaftLogWorker: flushIndex: setUnconditionally 0 -> -1
2022-07-21 18:24:05,892 [s3-impl-thread1] INFO  segmented.SegmentedRaftLogWorker (SegmentedRaftLogWorker.java:lambda$new$0(135)) - s3@group-C3E9AA6170F9-SegmentedRaftLogWorker: safeCacheEvictIndex: setUnconditionally 0 -> -1
2022-07-21 18:24:05,894 [s3-impl-thread1] INFO  server.RaftServer$Division (RaftServerImpl.java:start(314)) - s3@group-C3E9AA6170F9: start as a follower, conf=-1: peers:[s3|rpc:localhost:42219|admin:localhost:33767|client:localhost:36081|dataStream:localhost:37601|priority:0|startupRole:FOLLOWER, s4|rpc:localhost:41277|admin:localhost:43681|client:localhost:37665|dataStream:localhost:40265|priority:0|startupRole:FOLLOWER, s0|rpc:localhost:41401|admin:localhost:36139|client:localhost:41875|dataStream:localhost:43073|priority:0|startupRole:FOLLOWER, s1|rpc:localhost:40237|admin:localhost:43387|client:localhost:44849|dataStream:localhost:33723|priority:0|startupRole:FOLLOWER, s2|rpc:localhost:40705|admin:localhost:41207|client:localhost:37579|dataStream:localhost:35097|priority:0|startupRole:FOLLOWER]|listeners:[], old=null
2022-07-21 18:24:05,895 [s3-impl-thread1] INFO  server.RaftServer$Division (RaftServerImpl.java:setRole(301)) - s3@group-C3E9AA6170F9: changes role from      null to FOLLOWER at term 0 for startAsFollower
2022-07-21 18:24:05,895 [s3-impl-thread1] INFO  impl.RoleInfo (RoleInfo.java:updateAndGet(139)) - s3: start s3@group-C3E9AA6170F9-FollowerState
2022-07-21 18:24:05,897 [s3-impl-thread1] INFO  util.JmxRegister (JmxRegister.java:tryRegister(44)) - Successfully registered JMX Bean with object name Ratis:service=RaftServer,group=group-C3E9AA6170F9,id=s3
2022-07-21 18:24:05,899 [s3-impl-thread1] INFO  server.RaftServerConfigKeys (ConfUtils.java:logGet(46)) - raft.server.snapshot.auto.trigger.enabled = false (default)
2022-07-21 18:24:05,899 [s3-impl-thread1] INFO  server.RaftServerConfigKeys (ConfUtils.java:logGet(46)) - raft.server.snapshot.retention.file.num = -1 (default)
2022-07-21 18:24:05,900 [s3-impl-thread1] INFO  server.RaftServerConfigKeys (ConfUtils.java:logGet(46)) - raft.server.log.purge.upto.snapshot.index = false (default)
2022-07-21 18:24:05,902 [Time-limited test] INFO  server.RaftServer (RaftServerProxy.java:startImpl(385)) - s3: start RPC server
2022-07-21 18:24:05,906 [s4-impl-thread1] INFO  storage.RaftStorageDirectory (RaftStorageDirectoryImpl.java:analyzeStorage(137)) - The storage directory /home/runner/work/ratis/ratis/ratis-test/target/test/data/44cdabc1/MiniRaftClusterWithSimulatedRpc85d47eda/s4/fc2ba6b5-97d1-492b-b128-c3e9aa6170f9 does not exist. Creating ...
2022-07-21 18:24:05,906 [org.apache.ratis.util.JvmPauseMonitor$$Lambda$263/974494971@3c14d348] INFO  util.JvmPauseMonitor (JvmPauseMonitor.java:run(103)) - JvmPauseMonitor-s3: Started
2022-07-21 18:24:05,906 [s4-impl-thread1] TRACE util.FileUtils (LogUtils.java:runAndLog(49)) - Successfully ran Files.createDirectories /home/runner/work/ratis/ratis/ratis-test/target/test/data/44cdabc1/MiniRaftClusterWithSimulatedRpc85d47eda/s4/fc2ba6b5-97d1-492b-b128-c3e9aa6170f9
2022-07-21 18:24:05,908 [s4-impl-thread1] INFO  storage.RaftStorageDirectory (RaftStorageDirectoryImpl.java:tryLock(231)) - Lock on /home/runner/work/ratis/ratis/ratis-test/target/test/data/44cdabc1/MiniRaftClusterWithSimulatedRpc85d47eda/s4/fc2ba6b5-97d1-492b-b128-c3e9aa6170f9/in_use.lock acquired by nodename 17728@fv-az29-771.0gf2enmb5avurc1gjtxldx4mnh.bx.internal.cloudapp.net
2022-07-21 18:24:05,908 [s4-impl-thread1] TRACE util.FileUtils (LogUtils.java:runAndLog(49)) - Successfully ran Files.createDirectories /home/runner/work/ratis/ratis/ratis-test/target/test/data/44cdabc1/MiniRaftClusterWithSimulatedRpc85d47eda/s4/fc2ba6b5-97d1-492b-b128-c3e9aa6170f9/current
2022-07-21 18:24:05,908 [s4-impl-thread1] TRACE util.FileUtils (LogUtils.java:runAndLog(49)) - Successfully ran Files.createDirectories /home/runner/work/ratis/ratis/ratis-test/target/test/data/44cdabc1/MiniRaftClusterWithSimulatedRpc85d47eda/s4/fc2ba6b5-97d1-492b-b128-c3e9aa6170f9/sm
2022-07-21 18:24:05,909 [s4-impl-thread1] INFO  storage.RaftStorage (RaftStorageImpl.java:format(96)) - Storage directory /home/runner/work/ratis/ratis/ratis-test/target/test/data/44cdabc1/MiniRaftClusterWithSimulatedRpc85d47eda/s4/fc2ba6b5-97d1-492b-b128-c3e9aa6170f9 has been successfully formatted.
2022-07-21 18:24:05,909 [s4-impl-thread1] INFO  server.RaftServerConfigKeys (ConfUtils.java:logGet(46)) - raft.server.log.use.memory = false (default)
2022-07-21 18:24:05,910 [s4-impl-thread1] INFO  server.RaftServerConfigKeys (ConfUtils.java:logGet(46)) - raft.server.log.purge.gap = 1024 (default)
2022-07-21 18:24:05,910 [s4-impl-thread1] INFO  server.RaftServerConfigKeys (ConfUtils.java:logGet(46)) - raft.server.log.appender.buffer.byte-limit = 4MB (=4194304) (default)
2022-07-21 18:24:05,910 [s4-impl-thread1] INFO  server.RaftServerConfigKeys (ConfUtils.java:logGet(46)) - raft.server.log.statemachine.data.read.timeout = 1000ms (default)
2022-07-21 18:24:05,910 [s4-impl-thread1] INFO  server.RaftServerConfigKeys (ConfUtils.java:logGet(46)) - raft.server.log.segment.size.max = 8MB (=8388608) (default)
2022-07-21 18:24:05,910 [s4-impl-thread1] INFO  server.RaftServerConfigKeys (ConfUtils.java:logGet(46)) - raft.server.log.segment.cache.num.max = 6 (default)
2022-07-21 18:24:05,910 [s4-impl-thread1] INFO  server.RaftServerConfigKeys (ConfUtils.java:logGet(46)) - raft.server.log.segment.cache.size.max = 200MB (=209715200) (default)
2022-07-21 18:24:05,910 [s4-impl-thread1] INFO  segmented.SegmentedRaftLogWorker (SegmentedRaftLogWorker.java:<init>(187)) - new s4@group-C3E9AA6170F9-SegmentedRaftLogWorker for RaftStorageImpl:Storage Directory /home/runner/work/ratis/ratis/ratis-test/target/test/data/44cdabc1/MiniRaftClusterWithSimulatedRpc85d47eda/s4/fc2ba6b5-97d1-492b-b128-c3e9aa6170f9
2022-07-21 18:24:05,910 [s4-impl-thread1] INFO  server.RaftServerConfigKeys (ConfUtils.java:logGet(46)) - raft.server.log.queue.byte-limit = 64MB (=67108864) (default)
2022-07-21 18:24:05,910 [s4-impl-thread1] INFO  server.RaftServerConfigKeys (ConfUtils.java:logGet(46)) - raft.server.log.queue.element-limit = 4096 (default)
2022-07-21 18:24:05,910 [s4-impl-thread1] INFO  server.RaftServerConfigKeys (ConfUtils.java:logGet(46)) - raft.server.log.segment.size.max = 8MB (=8388608) (default)
2022-07-21 18:24:05,911 [s4-impl-thread1] INFO  server.RaftServerConfigKeys (ConfUtils.java:logGet(46)) - raft.server.log.preallocated.size = 4MB (=4194304) (default)
2022-07-21 18:24:05,911 [s4-impl-thread1] INFO  server.RaftServerConfigKeys (ConfUtils.java:logGet(46)) - raft.server.log.force.sync.num = 128 (default)
2022-07-21 18:24:05,911 [s4-impl-thread1] INFO  server.RaftServerConfigKeys (ConfUtils.java:logGet(46)) - raft.server.log.statemachine.data.sync = true (default)
2022-07-21 18:24:05,911 [s4-impl-thread1] INFO  server.RaftServerConfigKeys (ConfUtils.java:logGet(46)) - raft.server.log.statemachine.data.sync.timeout = 10s (default)
2022-07-21 18:24:05,911 [s4-impl-thread1] INFO  server.RaftServerConfigKeys (ConfUtils.java:logGet(46)) - raft.server.log.statemachine.data.sync.timeout.retry = -1 (default)
2022-07-21 18:24:05,911 [s4-impl-thread1] INFO  server.RaftServerConfigKeys (ConfUtils.java:logGet(46)) - raft.server.log.write.buffer.size = 64KB (=65536) (default)
2022-07-21 18:24:05,911 [s4-impl-thread1] INFO  server.RaftServerConfigKeys (ConfUtils.java:logGet(46)) - raft.server.log.unsafe-flush.enabled = false (default)
2022-07-21 18:24:05,912 [s4-impl-thread1] INFO  server.RaftServerConfigKeys (ConfUtils.java:logGet(46)) - raft.server.log.statemachine.data.caching.enabled = false (default)
2022-07-21 18:24:05,912 [s4-impl-thread1] INFO  segmented.SegmentedRaftLogWorker (SegmentedRaftLogWorker.java:lambda$new$0(135)) - s4@group-C3E9AA6170F9-SegmentedRaftLogWorker: flushIndex: setUnconditionally 0 -> -1
2022-07-21 18:24:05,912 [s4-impl-thread1] INFO  segmented.SegmentedRaftLogWorker (SegmentedRaftLogWorker.java:lambda$new$0(135)) - s4@group-C3E9AA6170F9-SegmentedRaftLogWorker: safeCacheEvictIndex: setUnconditionally 0 -> -1
2022-07-21 18:24:05,916 [s4-impl-thread1] INFO  server.RaftServer$Division (RaftServerImpl.java:start(314)) - s4@group-C3E9AA6170F9: start as a follower, conf=-1: peers:[s3|rpc:localhost:42219|admin:localhost:33767|client:localhost:36081|dataStream:localhost:37601|priority:0|startupRole:FOLLOWER, s4|rpc:localhost:41277|admin:localhost:43681|client:localhost:37665|dataStream:localhost:40265|priority:0|startupRole:FOLLOWER, s0|rpc:localhost:41401|admin:localhost:36139|client:localhost:41875|dataStream:localhost:43073|priority:0|startupRole:FOLLOWER, s1|rpc:localhost:40237|admin:localhost:43387|client:localhost:44849|dataStream:localhost:33723|priority:0|startupRole:FOLLOWER, s2|rpc:localhost:40705|admin:localhost:41207|client:localhost:37579|dataStream:localhost:35097|priority:0|startupRole:FOLLOWER]|listeners:[], old=null
2022-07-21 18:24:05,916 [s4-impl-thread1] INFO  server.RaftServer$Division (RaftServerImpl.java:setRole(301)) - s4@group-C3E9AA6170F9: changes role from      null to FOLLOWER at term 0 for startAsFollower
2022-07-21 18:24:05,916 [s4-impl-thread1] INFO  impl.RoleInfo (RoleInfo.java:updateAndGet(139)) - s4: start s4@group-C3E9AA6170F9-FollowerState
2022-07-21 18:24:05,916 [s4-impl-thread1] INFO  util.JmxRegister (JmxRegister.java:tryRegister(44)) - Successfully registered JMX Bean with object name Ratis:service=RaftServer,group=group-C3E9AA6170F9,id=s4
2022-07-21 18:24:05,916 [s4-impl-thread1] INFO  server.RaftServerConfigKeys (ConfUtils.java:logGet(46)) - raft.server.snapshot.auto.trigger.enabled = false (default)
2022-07-21 18:24:05,916 [s4-impl-thread1] INFO  server.RaftServerConfigKeys (ConfUtils.java:logGet(46)) - raft.server.snapshot.retention.file.num = -1 (default)
2022-07-21 18:24:05,917 [s4-impl-thread1] INFO  server.RaftServerConfigKeys (ConfUtils.java:logGet(46)) - raft.server.log.purge.upto.snapshot.index = false (default)
2022-07-21 18:24:05,917 [Time-limited test] INFO  server.RaftServer (RaftServerProxy.java:startImpl(385)) - s4: start RPC server
2022-07-21 18:24:05,919 [s0-impl-thread1] INFO  storage.RaftStorageDirectory (RaftStorageDirectoryImpl.java:analyzeStorage(137)) - The storage directory /home/runner/work/ratis/ratis/ratis-test/target/test/data/44cdabc1/MiniRaftClusterWithSimulatedRpc85d47eda/s0/fc2ba6b5-97d1-492b-b128-c3e9aa6170f9 does not exist. Creating ...
2022-07-21 18:24:05,919 [s0-impl-thread1] TRACE util.FileUtils (LogUtils.java:runAndLog(49)) - Successfully ran Files.createDirectories /home/runner/work/ratis/ratis/ratis-test/target/test/data/44cdabc1/MiniRaftClusterWithSimulatedRpc85d47eda/s0/fc2ba6b5-97d1-492b-b128-c3e9aa6170f9
2022-07-21 18:24:05,919 [org.apache.ratis.util.JvmPauseMonitor$$Lambda$263/974494971@6214af3c] INFO  util.JvmPauseMonitor (JvmPauseMonitor.java:run(103)) - JvmPauseMonitor-s4: Started
2022-07-21 18:24:05,921 [s0-impl-thread1] INFO  storage.RaftStorageDirectory (RaftStorageDirectoryImpl.java:tryLock(231)) - Lock on /home/runner/work/ratis/ratis/ratis-test/target/test/data/44cdabc1/MiniRaftClusterWithSimulatedRpc85d47eda/s0/fc2ba6b5-97d1-492b-b128-c3e9aa6170f9/in_use.lock acquired by nodename 17728@fv-az29-771.0gf2enmb5avurc1gjtxldx4mnh.bx.internal.cloudapp.net
2022-07-21 18:24:05,921 [s0-impl-thread1] TRACE util.FileUtils (LogUtils.java:runAndLog(49)) - Successfully ran Files.createDirectories /home/runner/work/ratis/ratis/ratis-test/target/test/data/44cdabc1/MiniRaftClusterWithSimulatedRpc85d47eda/s0/fc2ba6b5-97d1-492b-b128-c3e9aa6170f9/current
2022-07-21 18:24:05,921 [s0-impl-thread1] TRACE util.FileUtils (LogUtils.java:runAndLog(49)) - Successfully ran Files.createDirectories /home/runner/work/ratis/ratis/ratis-test/target/test/data/44cdabc1/MiniRaftClusterWithSimulatedRpc85d47eda/s0/fc2ba6b5-97d1-492b-b128-c3e9aa6170f9/sm
2022-07-21 18:24:05,923 [s0-impl-thread1] INFO  storage.RaftStorage (RaftStorageImpl.java:format(96)) - Storage directory /home/runner/work/ratis/ratis/ratis-test/target/test/data/44cdabc1/MiniRaftClusterWithSimulatedRpc85d47eda/s0/fc2ba6b5-97d1-492b-b128-c3e9aa6170f9 has been successfully formatted.
2022-07-21 18:24:05,923 [s0-impl-thread1] INFO  server.RaftServerConfigKeys (ConfUtils.java:logGet(46)) - raft.server.log.use.memory = false (default)
2022-07-21 18:24:05,923 [s0-impl-thread1] INFO  server.RaftServerConfigKeys (ConfUtils.java:logGet(46)) - raft.server.log.purge.gap = 1024 (default)
2022-07-21 18:24:05,923 [s0-impl-thread1] INFO  server.RaftServerConfigKeys (ConfUtils.java:logGet(46)) - raft.server.log.appender.buffer.byte-limit = 4MB (=4194304) (default)
2022-07-21 18:24:05,923 [s0-impl-thread1] INFO  server.RaftServerConfigKeys (ConfUtils.java:logGet(46)) - raft.server.log.statemachine.data.read.timeout = 1000ms (default)
2022-07-21 18:24:05,923 [s0-impl-thread1] INFO  server.RaftServerConfigKeys (ConfUtils.java:logGet(46)) - raft.server.log.segment.size.max = 8MB (=8388608) (default)
2022-07-21 18:24:05,923 [s0-impl-thread1] INFO  server.RaftServerConfigKeys (ConfUtils.java:logGet(46)) - raft.server.log.segment.cache.num.max = 6 (default)
2022-07-21 18:24:05,924 [s0-impl-thread1] INFO  server.RaftServerConfigKeys (ConfUtils.java:logGet(46)) - raft.server.log.segment.cache.size.max = 200MB (=209715200) (default)
2022-07-21 18:24:05,924 [s0-impl-thread1] INFO  segmented.SegmentedRaftLogWorker (SegmentedRaftLogWorker.java:<init>(187)) - new s0@group-C3E9AA6170F9-SegmentedRaftLogWorker for RaftStorageImpl:Storage Directory /home/runner/work/ratis/ratis/ratis-test/target/test/data/44cdabc1/MiniRaftClusterWithSimulatedRpc85d47eda/s0/fc2ba6b5-97d1-492b-b128-c3e9aa6170f9
2022-07-21 18:24:05,924 [s0-impl-thread1] INFO  server.RaftServerConfigKeys (ConfUtils.java:logGet(46)) - raft.server.log.queue.byte-limit = 64MB (=67108864) (default)
2022-07-21 18:24:05,924 [s0-impl-thread1] INFO  server.RaftServerConfigKeys (ConfUtils.java:logGet(46)) - raft.server.log.queue.element-limit = 4096 (default)
2022-07-21 18:24:05,924 [s0-impl-thread1] INFO  server.RaftServerConfigKeys (ConfUtils.java:logGet(46)) - raft.server.log.segment.size.max = 8MB (=8388608) (default)
2022-07-21 18:24:05,924 [s0-impl-thread1] INFO  server.RaftServerConfigKeys (ConfUtils.java:logGet(46)) - raft.server.log.preallocated.size = 4MB (=4194304) (default)
2022-07-21 18:24:05,924 [s0-impl-thread1] INFO  server.RaftServerConfigKeys (ConfUtils.java:logGet(46)) - raft.server.log.force.sync.num = 128 (default)
2022-07-21 18:24:05,924 [s0-impl-thread1] INFO  server.RaftServerConfigKeys (ConfUtils.java:logGet(46)) - raft.server.log.statemachine.data.sync = true (default)
2022-07-21 18:24:05,924 [s0-impl-thread1] INFO  server.RaftServerConfigKeys (ConfUtils.java:logGet(46)) - raft.server.log.statemachine.data.sync.timeout = 10s (default)
2022-07-21 18:24:05,924 [s0-impl-thread1] INFO  server.RaftServerConfigKeys (ConfUtils.java:logGet(46)) - raft.server.log.statemachine.data.sync.timeout.retry = -1 (default)
2022-07-21 18:24:05,925 [s0-impl-thread1] INFO  server.RaftServerConfigKeys (ConfUtils.java:logGet(46)) - raft.server.log.write.buffer.size = 64KB (=65536) (default)
2022-07-21 18:24:05,925 [s0-impl-thread1] INFO  server.RaftServerConfigKeys (ConfUtils.java:logGet(46)) - raft.server.log.unsafe-flush.enabled = false (default)
2022-07-21 18:24:05,925 [s0-impl-thread1] INFO  server.RaftServerConfigKeys (ConfUtils.java:logGet(46)) - raft.server.log.statemachine.data.caching.enabled = false (default)
2022-07-21 18:24:05,925 [s0-impl-thread1] INFO  segmented.SegmentedRaftLogWorker (SegmentedRaftLogWorker.java:lambda$new$0(135)) - s0@group-C3E9AA6170F9-SegmentedRaftLogWorker: flushIndex: setUnconditionally 0 -> -1
2022-07-21 18:24:05,925 [s0-impl-thread1] INFO  segmented.SegmentedRaftLogWorker (SegmentedRaftLogWorker.java:lambda$new$0(135)) - s0@group-C3E9AA6170F9-SegmentedRaftLogWorker: safeCacheEvictIndex: setUnconditionally 0 -> -1
2022-07-21 18:24:05,926 [s0-impl-thread1] INFO  server.RaftServer$Division (RaftServerImpl.java:start(314)) - s0@group-C3E9AA6170F9: start as a follower, conf=-1: peers:[s3|rpc:localhost:42219|admin:localhost:33767|client:localhost:36081|dataStream:localhost:37601|priority:0|startupRole:FOLLOWER, s4|rpc:localhost:41277|admin:localhost:43681|client:localhost:37665|dataStream:localhost:40265|priority:0|startupRole:FOLLOWER, s0|rpc:localhost:41401|admin:localhost:36139|client:localhost:41875|dataStream:localhost:43073|priority:0|startupRole:FOLLOWER, s1|rpc:localhost:40237|admin:localhost:43387|client:localhost:44849|dataStream:localhost:33723|priority:0|startupRole:FOLLOWER, s2|rpc:localhost:40705|admin:localhost:41207|client:localhost:37579|dataStream:localhost:35097|priority:0|startupRole:FOLLOWER]|listeners:[], old=null
2022-07-21 18:24:05,926 [s0-impl-thread1] INFO  server.RaftServer$Division (RaftServerImpl.java:setRole(301)) - s0@group-C3E9AA6170F9: changes role from      null to FOLLOWER at term 0 for startAsFollower
2022-07-21 18:24:05,926 [s0-impl-thread1] INFO  impl.RoleInfo (RoleInfo.java:updateAndGet(139)) - s0: start s0@group-C3E9AA6170F9-FollowerState
2022-07-21 18:24:05,926 [s0-impl-thread1] INFO  util.JmxRegister (JmxRegister.java:tryRegister(44)) - Successfully registered JMX Bean with object name Ratis:service=RaftServer,group=group-C3E9AA6170F9,id=s0
2022-07-21 18:24:05,926 [s0-impl-thread1] INFO  server.RaftServerConfigKeys (ConfUtils.java:logGet(46)) - raft.server.snapshot.auto.trigger.enabled = false (default)
2022-07-21 18:24:05,927 [s0-impl-thread1] INFO  server.RaftServerConfigKeys (ConfUtils.java:logGet(46)) - raft.server.snapshot.retention.file.num = -1 (default)
2022-07-21 18:24:05,927 [s0-impl-thread1] INFO  server.RaftServerConfigKeys (ConfUtils.java:logGet(46)) - raft.server.log.purge.upto.snapshot.index = false (default)
2022-07-21 18:24:05,927 [Time-limited test] INFO  server.RaftServer (RaftServerProxy.java:startImpl(385)) - s0: start RPC server
2022-07-21 18:24:05,928 [org.apache.ratis.util.JvmPauseMonitor$$Lambda$263/974494971@7800aea5] INFO  util.JvmPauseMonitor (JvmPauseMonitor.java:run(103)) - JvmPauseMonitor-s0: Started
2022-07-21 18:24:05,932 [s1-impl-thread1] INFO  storage.RaftStorageDirectory (RaftStorageDirectoryImpl.java:analyzeStorage(137)) - The storage directory /home/runner/work/ratis/ratis/ratis-test/target/test/data/44cdabc1/MiniRaftClusterWithSimulatedRpc85d47eda/s1/fc2ba6b5-97d1-492b-b128-c3e9aa6170f9 does not exist. Creating ...
2022-07-21 18:24:05,933 [s1-impl-thread1] TRACE util.FileUtils (LogUtils.java:runAndLog(49)) - Successfully ran Files.createDirectories /home/runner/work/ratis/ratis/ratis-test/target/test/data/44cdabc1/MiniRaftClusterWithSimulatedRpc85d47eda/s1/fc2ba6b5-97d1-492b-b128-c3e9aa6170f9
2022-07-21 18:24:05,934 [s1-impl-thread1] INFO  storage.RaftStorageDirectory (RaftStorageDirectoryImpl.java:tryLock(231)) - Lock on /home/runner/work/ratis/ratis/ratis-test/target/test/data/44cdabc1/MiniRaftClusterWithSimulatedRpc85d47eda/s1/fc2ba6b5-97d1-492b-b128-c3e9aa6170f9/in_use.lock acquired by nodename 17728@fv-az29-771.0gf2enmb5avurc1gjtxldx4mnh.bx.internal.cloudapp.net
2022-07-21 18:24:05,934 [s1-impl-thread1] TRACE util.FileUtils (LogUtils.java:runAndLog(49)) - Successfully ran Files.createDirectories /home/runner/work/ratis/ratis/ratis-test/target/test/data/44cdabc1/MiniRaftClusterWithSimulatedRpc85d47eda/s1/fc2ba6b5-97d1-492b-b128-c3e9aa6170f9/current
2022-07-21 18:24:05,934 [s1-impl-thread1] TRACE util.FileUtils (LogUtils.java:runAndLog(49)) - Successfully ran Files.createDirectories /home/runner/work/ratis/ratis/ratis-test/target/test/data/44cdabc1/MiniRaftClusterWithSimulatedRpc85d47eda/s1/fc2ba6b5-97d1-492b-b128-c3e9aa6170f9/sm
2022-07-21 18:24:05,935 [s1-impl-thread1] INFO  storage.RaftStorage (RaftStorageImpl.java:format(96)) - Storage directory /home/runner/work/ratis/ratis/ratis-test/target/test/data/44cdabc1/MiniRaftClusterWithSimulatedRpc85d47eda/s1/fc2ba6b5-97d1-492b-b128-c3e9aa6170f9 has been successfully formatted.
2022-07-21 18:24:05,936 [s1-impl-thread1] INFO  server.RaftServerConfigKeys (ConfUtils.java:logGet(46)) - raft.server.log.use.memory = false (default)
2022-07-21 18:24:05,936 [s1-impl-thread1] INFO  server.RaftServerConfigKeys (ConfUtils.java:logGet(46)) - raft.server.log.purge.gap = 1024 (default)
2022-07-21 18:24:05,936 [s1-impl-thread1] INFO  server.RaftServerConfigKeys (ConfUtils.java:logGet(46)) - raft.server.log.appender.buffer.byte-limit = 4MB (=4194304) (default)
2022-07-21 18:24:05,936 [s1-impl-thread1] INFO  server.RaftServerConfigKeys (ConfUtils.java:logGet(46)) - raft.server.log.statemachine.data.read.timeout = 1000ms (default)
2022-07-21 18:24:05,936 [s1-impl-thread1] INFO  server.RaftServerConfigKeys (ConfUtils.java:logGet(46)) - raft.server.log.segment.size.max = 8MB (=8388608) (default)
2022-07-21 18:24:05,936 [s1-impl-thread1] INFO  server.RaftServerConfigKeys (ConfUtils.java:logGet(46)) - raft.server.log.segment.cache.num.max = 6 (default)
2022-07-21 18:24:05,936 [s1-impl-thread1] INFO  server.RaftServerConfigKeys (ConfUtils.java:logGet(46)) - raft.server.log.segment.cache.size.max = 200MB (=209715200) (default)
2022-07-21 18:24:05,937 [s1-impl-thread1] INFO  segmented.SegmentedRaftLogWorker (SegmentedRaftLogWorker.java:<init>(187)) - new s1@group-C3E9AA6170F9-SegmentedRaftLogWorker for RaftStorageImpl:Storage Directory /home/runner/work/ratis/ratis/ratis-test/target/test/data/44cdabc1/MiniRaftClusterWithSimulatedRpc85d47eda/s1/fc2ba6b5-97d1-492b-b128-c3e9aa6170f9
2022-07-21 18:24:05,937 [s1-impl-thread1] INFO  server.RaftServerConfigKeys (ConfUtils.java:logGet(46)) - raft.server.log.queue.byte-limit = 64MB (=67108864) (default)
2022-07-21 18:24:05,937 [s1-impl-thread1] INFO  server.RaftServerConfigKeys (ConfUtils.java:logGet(46)) - raft.server.log.queue.element-limit = 4096 (default)
2022-07-21 18:24:05,937 [s1-impl-thread1] INFO  server.RaftServerConfigKeys (ConfUtils.java:logGet(46)) - raft.server.log.segment.size.max = 8MB (=8388608) (default)
2022-07-21 18:24:05,937 [s1-impl-thread1] INFO  server.RaftServerConfigKeys (ConfUtils.java:logGet(46)) - raft.server.log.preallocated.size = 4MB (=4194304) (default)
2022-07-21 18:24:05,937 [s1-impl-thread1] INFO  server.RaftServerConfigKeys (ConfUtils.java:logGet(46)) - raft.server.log.force.sync.num = 128 (default)
2022-07-21 18:24:05,937 [s1-impl-thread1] INFO  server.RaftServerConfigKeys (ConfUtils.java:logGet(46)) - raft.server.log.statemachine.data.sync = true (default)
2022-07-21 18:24:05,937 [s1-impl-thread1] INFO  server.RaftServerConfigKeys (ConfUtils.java:logGet(46)) - raft.server.log.statemachine.data.sync.timeout = 10s (default)
2022-07-21 18:24:05,937 [s1-impl-thread1] INFO  server.RaftServerConfigKeys (ConfUtils.java:logGet(46)) - raft.server.log.statemachine.data.sync.timeout.retry = -1 (default)
2022-07-21 18:24:05,938 [s1-impl-thread1] INFO  server.RaftServerConfigKeys (ConfUtils.java:logGet(46)) - raft.server.log.write.buffer.size = 64KB (=65536) (default)
2022-07-21 18:24:05,938 [s1-impl-thread1] INFO  server.RaftServerConfigKeys (ConfUtils.java:logGet(46)) - raft.server.log.unsafe-flush.enabled = false (default)
2022-07-21 18:24:05,938 [s1-impl-thread1] INFO  server.RaftServerConfigKeys (ConfUtils.java:logGet(46)) - raft.server.log.statemachine.data.caching.enabled = false (default)
2022-07-21 18:24:05,938 [s1-impl-thread1] INFO  segmented.SegmentedRaftLogWorker (SegmentedRaftLogWorker.java:lambda$new$0(135)) - s1@group-C3E9AA6170F9-SegmentedRaftLogWorker: flushIndex: setUnconditionally 0 -> -1
2022-07-21 18:24:05,938 [s1-impl-thread1] INFO  segmented.SegmentedRaftLogWorker (SegmentedRaftLogWorker.java:lambda$new$0(135)) - s1@group-C3E9AA6170F9-SegmentedRaftLogWorker: safeCacheEvictIndex: setUnconditionally 0 -> -1
2022-07-21 18:24:05,938 [s1-impl-thread1] INFO  server.RaftServer$Division (RaftServerImpl.java:start(314)) - s1@group-C3E9AA6170F9: start as a follower, conf=-1: peers:[s3|rpc:localhost:42219|admin:localhost:33767|client:localhost:36081|dataStream:localhost:37601|priority:0|startupRole:FOLLOWER, s4|rpc:localhost:41277|admin:localhost:43681|client:localhost:37665|dataStream:localhost:40265|priority:0|startupRole:FOLLOWER, s0|rpc:localhost:41401|admin:localhost:36139|client:localhost:41875|dataStream:localhost:43073|priority:0|startupRole:FOLLOWER, s1|rpc:localhost:40237|admin:localhost:43387|client:localhost:44849|dataStream:localhost:33723|priority:0|startupRole:FOLLOWER, s2|rpc:localhost:40705|admin:localhost:41207|client:localhost:37579|dataStream:localhost:35097|priority:0|startupRole:FOLLOWER]|listeners:[], old=null
2022-07-21 18:24:05,939 [s1-impl-thread1] INFO  server.RaftServer$Division (RaftServerImpl.java:setRole(301)) - s1@group-C3E9AA6170F9: changes role from      null to FOLLOWER at term 0 for startAsFollower
2022-07-21 18:24:05,939 [s1-impl-thread1] INFO  impl.RoleInfo (RoleInfo.java:updateAndGet(139)) - s1: start s1@group-C3E9AA6170F9-FollowerState
2022-07-21 18:24:05,939 [s1-impl-thread1] INFO  util.JmxRegister (JmxRegister.java:tryRegister(44)) - Successfully registered JMX Bean with object name Ratis:service=RaftServer,group=group-C3E9AA6170F9,id=s1
2022-07-21 18:24:05,939 [s1-impl-thread1] INFO  server.RaftServerConfigKeys (ConfUtils.java:logGet(46)) - raft.server.snapshot.auto.trigger.enabled = false (default)
2022-07-21 18:24:05,939 [s1-impl-thread1] INFO  server.RaftServerConfigKeys (ConfUtils.java:logGet(46)) - raft.server.snapshot.retention.file.num = -1 (default)
2022-07-21 18:24:05,939 [s1-impl-thread1] INFO  server.RaftServerConfigKeys (ConfUtils.java:logGet(46)) - raft.server.log.purge.upto.snapshot.index = false (default)
2022-07-21 18:24:05,942 [Time-limited test] INFO  server.RaftServer (RaftServerProxy.java:startImpl(385)) - s1: start RPC server
2022-07-21 18:24:05,946 [org.apache.ratis.util.JvmPauseMonitor$$Lambda$263/974494971@713a2c8c] INFO  util.JvmPauseMonitor (JvmPauseMonitor.java:run(103)) - JvmPauseMonitor-s1: Started
2022-07-21 18:24:05,946 [s2-impl-thread1] INFO  storage.RaftStorageDirectory (RaftStorageDirectoryImpl.java:analyzeStorage(137)) - The storage directory /home/runner/work/ratis/ratis/ratis-test/target/test/data/44cdabc1/MiniRaftClusterWithSimulatedRpc85d47eda/s2/fc2ba6b5-97d1-492b-b128-c3e9aa6170f9 does not exist. Creating ...
2022-07-21 18:24:05,947 [s2-impl-thread1] TRACE util.FileUtils (LogUtils.java:runAndLog(49)) - Successfully ran Files.createDirectories /home/runner/work/ratis/ratis/ratis-test/target/test/data/44cdabc1/MiniRaftClusterWithSimulatedRpc85d47eda/s2/fc2ba6b5-97d1-492b-b128-c3e9aa6170f9
2022-07-21 18:24:05,948 [s2-impl-thread1] INFO  storage.RaftStorageDirectory (RaftStorageDirectoryImpl.java:tryLock(231)) - Lock on /home/runner/work/ratis/ratis/ratis-test/target/test/data/44cdabc1/MiniRaftClusterWithSimulatedRpc85d47eda/s2/fc2ba6b5-97d1-492b-b128-c3e9aa6170f9/in_use.lock acquired by nodename 17728@fv-az29-771.0gf2enmb5avurc1gjtxldx4mnh.bx.internal.cloudapp.net
2022-07-21 18:24:05,948 [s2-impl-thread1] TRACE util.FileUtils (LogUtils.java:runAndLog(49)) - Successfully ran Files.createDirectories /home/runner/work/ratis/ratis/ratis-test/target/test/data/44cdabc1/MiniRaftClusterWithSimulatedRpc85d47eda/s2/fc2ba6b5-97d1-492b-b128-c3e9aa6170f9/current
2022-07-21 18:24:05,948 [s2-impl-thread1] TRACE util.FileUtils (LogUtils.java:runAndLog(49)) - Successfully ran Files.createDirectories /home/runner/work/ratis/ratis/ratis-test/target/test/data/44cdabc1/MiniRaftClusterWithSimulatedRpc85d47eda/s2/fc2ba6b5-97d1-492b-b128-c3e9aa6170f9/sm
2022-07-21 18:24:05,949 [s2-impl-thread1] INFO  storage.RaftStorage (RaftStorageImpl.java:format(96)) - Storage directory /home/runner/work/ratis/ratis/ratis-test/target/test/data/44cdabc1/MiniRaftClusterWithSimulatedRpc85d47eda/s2/fc2ba6b5-97d1-492b-b128-c3e9aa6170f9 has been successfully formatted.
2022-07-21 18:24:05,949 [s2-impl-thread1] INFO  server.RaftServerConfigKeys (ConfUtils.java:logGet(46)) - raft.server.log.use.memory = false (default)
2022-07-21 18:24:05,949 [s2-impl-thread1] INFO  server.RaftServerConfigKeys (ConfUtils.java:logGet(46)) - raft.server.log.purge.gap = 1024 (default)
2022-07-21 18:24:05,950 [s2-impl-thread1] INFO  server.RaftServerConfigKeys (ConfUtils.java:logGet(46)) - raft.server.log.appender.buffer.byte-limit = 4MB (=4194304) (default)
2022-07-21 18:24:05,950 [s2-impl-thread1] INFO  server.RaftServerConfigKeys (ConfUtils.java:logGet(46)) - raft.server.log.statemachine.data.read.timeout = 1000ms (default)
2022-07-21 18:24:05,950 [s2-impl-thread1] INFO  server.RaftServerConfigKeys (ConfUtils.java:logGet(46)) - raft.server.log.segment.size.max = 8MB (=8388608) (default)
2022-07-21 18:24:05,950 [s2-impl-thread1] INFO  server.RaftServerConfigKeys (ConfUtils.java:logGet(46)) - raft.server.log.segment.cache.num.max = 6 (default)
2022-07-21 18:24:05,950 [s2-impl-thread1] INFO  server.RaftServerConfigKeys (ConfUtils.java:logGet(46)) - raft.server.log.segment.cache.size.max = 200MB (=209715200) (default)
2022-07-21 18:24:05,950 [s2-impl-thread1] INFO  segmented.SegmentedRaftLogWorker (SegmentedRaftLogWorker.java:<init>(187)) - new s2@group-C3E9AA6170F9-SegmentedRaftLogWorker for RaftStorageImpl:Storage Directory /home/runner/work/ratis/ratis/ratis-test/target/test/data/44cdabc1/MiniRaftClusterWithSimulatedRpc85d47eda/s2/fc2ba6b5-97d1-492b-b128-c3e9aa6170f9
2022-07-21 18:24:05,950 [s2-impl-thread1] INFO  server.RaftServerConfigKeys (ConfUtils.java:logGet(46)) - raft.server.log.queue.byte-limit = 64MB (=67108864) (default)
2022-07-21 18:24:05,950 [s2-impl-thread1] INFO  server.RaftServerConfigKeys (ConfUtils.java:logGet(46)) - raft.server.log.queue.element-limit = 4096 (default)
2022-07-21 18:24:05,950 [s2-impl-thread1] INFO  server.RaftServerConfigKeys (ConfUtils.java:logGet(46)) - raft.server.log.segment.size.max = 8MB (=8388608) (default)
2022-07-21 18:24:05,950 [s2-impl-thread1] INFO  server.RaftServerConfigKeys (ConfUtils.java:logGet(46)) - raft.server.log.preallocated.size = 4MB (=4194304) (default)
2022-07-21 18:24:05,950 [s2-impl-thread1] INFO  server.RaftServerConfigKeys (ConfUtils.java:logGet(46)) - raft.server.log.force.sync.num = 128 (default)
2022-07-21 18:24:05,951 [s2-impl-thread1] INFO  server.RaftServerConfigKeys (ConfUtils.java:logGet(46)) - raft.server.log.statemachine.data.sync = true (default)
2022-07-21 18:24:05,951 [s2-impl-thread1] INFO  server.RaftServerConfigKeys (ConfUtils.java:logGet(46)) - raft.server.log.statemachine.data.sync.timeout = 10s (default)
2022-07-21 18:24:05,951 [s2-impl-thread1] INFO  server.RaftServerConfigKeys (ConfUtils.java:logGet(46)) - raft.server.log.statemachine.data.sync.timeout.retry = -1 (default)
2022-07-21 18:24:05,951 [s2-impl-thread1] INFO  server.RaftServerConfigKeys (ConfUtils.java:logGet(46)) - raft.server.log.write.buffer.size = 64KB (=65536) (default)
2022-07-21 18:24:05,951 [s2-impl-thread1] INFO  server.RaftServerConfigKeys (ConfUtils.java:logGet(46)) - raft.server.log.unsafe-flush.enabled = false (default)
2022-07-21 18:24:05,951 [s2-impl-thread1] INFO  server.RaftServerConfigKeys (ConfUtils.java:logGet(46)) - raft.server.log.statemachine.data.caching.enabled = false (default)
2022-07-21 18:24:05,952 [s2-impl-thread1] INFO  segmented.SegmentedRaftLogWorker (SegmentedRaftLogWorker.java:lambda$new$0(135)) - s2@group-C3E9AA6170F9-SegmentedRaftLogWorker: flushIndex: setUnconditionally 0 -> -1
2022-07-21 18:24:05,952 [s2-impl-thread1] INFO  segmented.SegmentedRaftLogWorker (SegmentedRaftLogWorker.java:lambda$new$0(135)) - s2@group-C3E9AA6170F9-SegmentedRaftLogWorker: safeCacheEvictIndex: setUnconditionally 0 -> -1
2022-07-21 18:24:05,954 [s2-impl-thread1] INFO  server.RaftServer$Division (RaftServerImpl.java:start(314)) - s2@group-C3E9AA6170F9: start as a follower, conf=-1: peers:[s3|rpc:localhost:42219|admin:localhost:33767|client:localhost:36081|dataStream:localhost:37601|priority:0|startupRole:FOLLOWER, s4|rpc:localhost:41277|admin:localhost:43681|client:localhost:37665|dataStream:localhost:40265|priority:0|startupRole:FOLLOWER, s0|rpc:localhost:41401|admin:localhost:36139|client:localhost:41875|dataStream:localhost:43073|priority:0|startupRole:FOLLOWER, s1|rpc:localhost:40237|admin:localhost:43387|client:localhost:44849|dataStream:localhost:33723|priority:0|startupRole:FOLLOWER, s2|rpc:localhost:40705|admin:localhost:41207|client:localhost:37579|dataStream:localhost:35097|priority:0|startupRole:FOLLOWER]|listeners:[], old=null
2022-07-21 18:24:05,955 [s2-impl-thread1] INFO  server.RaftServer$Division (RaftServerImpl.java:setRole(301)) - s2@group-C3E9AA6170F9: changes role from      null to FOLLOWER at term 0 for startAsFollower
2022-07-21 18:24:05,955 [s2-impl-thread1] INFO  impl.RoleInfo (RoleInfo.java:updateAndGet(139)) - s2: start s2@group-C3E9AA6170F9-FollowerState
2022-07-21 18:24:05,959 [s2-impl-thread1] INFO  util.JmxRegister (JmxRegister.java:tryRegister(44)) - Successfully registered JMX Bean with object name Ratis:service=RaftServer,group=group-C3E9AA6170F9,id=s2
2022-07-21 18:24:05,959 [s2-impl-thread1] INFO  server.RaftServerConfigKeys (ConfUtils.java:logGet(46)) - raft.server.snapshot.auto.trigger.enabled = false (default)
2022-07-21 18:24:05,959 [s2-impl-thread1] INFO  server.RaftServerConfigKeys (ConfUtils.java:logGet(46)) - raft.server.snapshot.retention.file.num = -1 (default)
2022-07-21 18:24:05,959 [s2-impl-thread1] INFO  server.RaftServerConfigKeys (ConfUtils.java:logGet(46)) - raft.server.log.purge.upto.snapshot.index = false (default)
2022-07-21 18:24:05,961 [Time-limited test] INFO  server.RaftServer (RaftServerProxy.java:startImpl(385)) - s2: start RPC server
2022-07-21 18:24:05,965 [org.apache.ratis.util.JvmPauseMonitor$$Lambda$263/974494971@5861559] INFO  util.JvmPauseMonitor (JvmPauseMonitor.java:run(103)) - JvmPauseMonitor-s2: Started
2022-07-21 18:24:05,967 [Time-limited test] INFO  server.RaftServerConfigKeys (ConfUtils.java:logGet(46)) - raft.server.rpc.timeout.max = 300ms (default)
2022-07-21 18:24:05,970 [Time-limited test] INFO  ratis.RaftTestUtil (RaftTestUtil.java:waitForLeader(100)) - printing ALL groups
  s3:  RUNNING  FOLLOWER s3@group-C3E9AA6170F9:t0, leader=null, voted=, raftlog=Memoized:s3@group-C3E9AA6170F9-SegmentedRaftLog:OPENED:c-1, conf=-1: peers:[s3|rpc:localhost:42219|admin:localhost:33767|client:localhost:36081|dataStream:localhost:37601|priority:0|startupRole:FOLLOWER, s4|rpc:localhost:41277|admin:localhost:43681|client:localhost:37665|dataStream:localhost:40265|priority:0|startupRole:FOLLOWER, s0|rpc:localhost:41401|admin:localhost:36139|client:localhost:41875|dataStream:localhost:43073|priority:0|startupRole:FOLLOWER, s1|rpc:localhost:40237|admin:localhost:43387|client:localhost:44849|dataStream:localhost:33723|priority:0|startupRole:FOLLOWER, s2|rpc:localhost:40705|admin:localhost:41207|client:localhost:37579|dataStream:localhost:35097|priority:0|startupRole:FOLLOWER]|listeners:[], old=null RUNNING
  s4:  RUNNING  FOLLOWER s4@group-C3E9AA6170F9:t0, leader=null, voted=, raftlog=Memoized:s4@group-C3E9AA6170F9-SegmentedRaftLog:OPENED:c-1, conf=-1: peers:[s3|rpc:localhost:42219|admin:localhost:33767|client:localhost:36081|dataStream:localhost:37601|priority:0|startupRole:FOLLOWER, s4|rpc:localhost:41277|admin:localhost:43681|client:localhost:37665|dataStream:localhost:40265|priority:0|startupRole:FOLLOWER, s0|rpc:localhost:41401|admin:localhost:36139|client:localhost:41875|dataStream:localhost:43073|priority:0|startupRole:FOLLOWER, s1|rpc:localhost:40237|admin:localhost:43387|client:localhost:44849|dataStream:localhost:33723|priority:0|startupRole:FOLLOWER, s2|rpc:localhost:40705|admin:localhost:41207|client:localhost:37579|dataStream:localhost:35097|priority:0|startupRole:FOLLOWER]|listeners:[], old=null RUNNING
  s0:  RUNNING  FOLLOWER s0@group-C3E9AA6170F9:t0, leader=null, voted=, raftlog=Memoized:s0@group-C3E9AA6170F9-SegmentedRaftLog:OPENED:c-1, conf=-1: peers:[s3|rpc:localhost:42219|admin:localhost:33767|client:localhost:36081|dataStream:localhost:37601|priority:0|startupRole:FOLLOWER, s4|rpc:localhost:41277|admin:localhost:43681|client:localhost:37665|dataStream:localhost:40265|priority:0|startupRole:FOLLOWER, s0|rpc:localhost:41401|admin:localhost:36139|client:localhost:41875|dataStream:localhost:43073|priority:0|startupRole:FOLLOWER, s1|rpc:localhost:40237|admin:localhost:43387|client:localhost:44849|dataStream:localhost:33723|priority:0|startupRole:FOLLOWER, s2|rpc:localhost:40705|admin:localhost:41207|client:localhost:37579|dataStream:localhost:35097|priority:0|startupRole:FOLLOWER]|listeners:[], old=null RUNNING
  s1:  RUNNING  FOLLOWER s1@group-C3E9AA6170F9:t0, leader=null, voted=, raftlog=Memoized:s1@group-C3E9AA6170F9-SegmentedRaftLog:OPENED:c-1, conf=-1: peers:[s3|rpc:localhost:42219|admin:localhost:33767|client:localhost:36081|dataStream:localhost:37601|priority:0|startupRole:FOLLOWER, s4|rpc:localhost:41277|admin:localhost:43681|client:localhost:37665|dataStream:localhost:40265|priority:0|startupRole:FOLLOWER, s0|rpc:localhost:41401|admin:localhost:36139|client:localhost:41875|dataStream:localhost:43073|priority:0|startupRole:FOLLOWER, s1|rpc:localhost:40237|admin:localhost:43387|client:localhost:44849|dataStream:localhost:33723|priority:0|startupRole:FOLLOWER, s2|rpc:localhost:40705|admin:localhost:41207|client:localhost:37579|dataStream:localhost:35097|priority:0|startupRole:FOLLOWER]|listeners:[], old=null RUNNING
  s2:  RUNNING  FOLLOWER s2@group-C3E9AA6170F9:t0, leader=null, voted=, raftlog=Memoized:s2@group-C3E9AA6170F9-SegmentedRaftLog:OPENED:c-1, conf=-1: peers:[s3|rpc:localhost:42219|admin:localhost:33767|client:localhost:36081|dataStream:localhost:37601|priority:0|startupRole:FOLLOWER, s4|rpc:localhost:41277|admin:localhost:43681|client:localhost:37665|dataStream:localhost:40265|priority:0|startupRole:FOLLOWER, s0|rpc:localhost:41401|admin:localhost:36139|client:localhost:41875|dataStream:localhost:43073|priority:0|startupRole:FOLLOWER, s1|rpc:localhost:40237|admin:localhost:43387|client:localhost:44849|dataStream:localhost:33723|priority:0|startupRole:FOLLOWER, s2|rpc:localhost:40705|admin:localhost:41207|client:localhost:37579|dataStream:localhost:35097|priority:0|startupRole:FOLLOWER]|listeners:[], old=null RUNNING
2022-07-21 18:24:05,973 [Time-limited test] WARN  ratis.RaftTestUtil (JavaUtils.java:attempt(172)) - FAILED "waitForLeader-null-(expectLeader? true)", attempt #1/100: java.lang.IllegalStateException: No leader yet : printing ALL groups
  s3:  RUNNING  FOLLOWER s3@group-C3E9AA6170F9:t0, leader=null, voted=, raftlog=Memoized:s3@group-C3E9AA6170F9-SegmentedRaftLog:OPENED:c-1, conf=-1: peers:[s3|rpc:localhost:42219|admin:localhost:33767|client:localhost:36081|dataStream:localhost:37601|priority:0|startupRole:FOLLOWER, s4|rpc:localhost:41277|admin:localhost:43681|client:localhost:37665|dataStream:localhost:40265|priority:0|startupRole:FOLLOWER, s0|rpc:localhost:41401|admin:localhost:36139|client:localhost:41875|dataStream:localhost:43073|priority:0|startupRole:FOLLOWER, s1|rpc:localhost:40237|admin:localhost:43387|client:localhost:44849|dataStream:localhost:33723|priority:0|startupRole:FOLLOWER, s2|rpc:localhost:40705|admin:localhost:41207|client:localhost:37579|dataStream:localhost:35097|priority:0|startupRole:FOLLOWER]|listeners:[], old=null RUNNING
  s4:  RUNNING  FOLLOWER s4@group-C3E9AA6170F9:t0, leader=null, voted=, raftlog=Memoized:s4@group-C3E9AA6170F9-SegmentedRaftLog:OPENED:c-1, conf=-1: peers:[s3|rpc:localhost:42219|admin:localhost:33767|client:localhost:36081|dataStream:localhost:37601|priority:0|startupRole:FOLLOWER, s4|rpc:localhost:41277|admin:localhost:43681|client:localhost:37665|dataStream:localhost:40265|priority:0|startupRole:FOLLOWER, s0|rpc:localhost:41401|admin:localhost:36139|client:localhost:41875|dataStream:localhost:43073|priority:0|startupRole:FOLLOWER, s1|rpc:localhost:40237|admin:localhost:43387|client:localhost:44849|dataStream:localhost:33723|priority:0|startupRole:FOLLOWER, s2|rpc:localhost:40705|admin:localhost:41207|client:localhost:37579|dataStream:localhost:35097|priority:0|startupRole:FOLLOWER]|listeners:[], old=null RUNNING
  s0:  RUNNING  FOLLOWER s0@group-C3E9AA6170F9:t0, leader=null, voted=, raftlog=Memoized:s0@group-C3E9AA6170F9-SegmentedRaftLog:OPENED:c-1, conf=-1: peers:[s3|rpc:localhost:42219|admin:localhost:33767|client:localhost:36081|dataStream:localhost:37601|priority:0|startupRole:FOLLOWER, s4|rpc:localhost:41277|admin:localhost:43681|client:localhost:37665|dataStream:localhost:40265|priority:0|startupRole:FOLLOWER, s0|rpc:localhost:41401|admin:localhost:36139|client:localhost:41875|dataStream:localhost:43073|priority:0|startupRole:FOLLOWER, s1|rpc:localhost:40237|admin:localhost:43387|client:localhost:44849|dataStream:localhost:33723|priority:0|startupRole:FOLLOWER, s2|rpc:localhost:40705|admin:localhost:41207|client:localhost:37579|dataStream:localhost:35097|priority:0|startupRole:FOLLOWER]|listeners:[], old=null RUNNING
  s1:  RUNNING  FOLLOWER s1@group-C3E9AA6170F9:t0, leader=null, voted=, raftlog=Memoized:s1@group-C3E9AA6170F9-SegmentedRaftLog:OPENED:c-1, conf=-1: peers:[s3|rpc:localhost:42219|admin:localhost:33767|client:localhost:36081|dataStream:localhost:37601|priority:0|startupRole:FOLLOWER, s4|rpc:localhost:41277|admin:localhost:43681|client:localhost:37665|dataStream:localhost:40265|priority:0|startupRole:FOLLOWER, s0|rpc:localhost:41401|admin:localhost:36139|client:localhost:41875|dataStream:localhost:43073|priority:0|startupRole:FOLLOWER, s1|rpc:localhost:40237|admin:localhost:43387|client:localhost:44849|dataStream:localhost:33723|priority:0|startupRole:FOLLOWER, s2|rpc:localhost:40705|admin:localhost:41207|client:localhost:37579|dataStream:localhost:35097|priority:0|startupRole:FOLLOWER]|listeners:[], old=null RUNNING
  s2:  RUNNING  FOLLOWER s2@group-C3E9AA6170F9:t0, leader=null, voted=, raftlog=Memoized:s2@group-C3E9AA6170F9-SegmentedRaftLog:OPENED:c-1, conf=-1: peers:[s3|rpc:localhost:42219|admin:localhost:33767|client:localhost:36081|dataStream:localhost:37601|priority:0|startupRole:FOLLOWER, s4|rpc:localhost:41277|admin:localhost:43681|client:localhost:37665|dataStream:localhost:40265|priority:0|startupRole:FOLLOWER, s0|rpc:localhost:41401|admin:localhost:36139|client:localhost:41875|dataStream:localhost:43073|priority:0|startupRole:FOLLOWER, s1|rpc:localhost:40237|admin:localhost:43387|client:localhost:44849|dataStream:localhost:33723|priority:0|startupRole:FOLLOWER, s2|rpc:localhost:40705|admin:localhost:41207|client:localhost:37579|dataStream:localhost:35097|priority:0|startupRole:FOLLOWER]|listeners:[], old=null RUNNING, sleep 450ms and then retry.
java.lang.IllegalStateException: No leader yet : printing ALL groups
  s3:  RUNNING  FOLLOWER s3@group-C3E9AA6170F9:t0, leader=null, voted=, raftlog=Memoized:s3@group-C3E9AA6170F9-SegmentedRaftLog:OPENED:c-1, conf=-1: peers:[s3|rpc:localhost:42219|admin:localhost:33767|client:localhost:36081|dataStream:localhost:37601|priority:0|startupRole:FOLLOWER, s4|rpc:localhost:41277|admin:localhost:43681|client:localhost:37665|dataStream:localhost:40265|priority:0|startupRole:FOLLOWER, s0|rpc:localhost:41401|admin:localhost:36139|client:localhost:41875|dataStream:localhost:43073|priority:0|startupRole:FOLLOWER, s1|rpc:localhost:40237|admin:localhost:43387|client:localhost:44849|dataStream:localhost:33723|priority:0|startupRole:FOLLOWER, s2|rpc:localhost:40705|admin:localhost:41207|client:localhost:37579|dataStream:localhost:35097|priority:0|startupRole:FOLLOWER]|listeners:[], old=null RUNNING
  s4:  RUNNING  FOLLOWER s4@group-C3E9AA6170F9:t0, leader=null, voted=, raftlog=Memoized:s4@group-C3E9AA6170F9-SegmentedRaftLog:OPENED:c-1, conf=-1: peers:[s3|rpc:localhost:42219|admin:localhost:33767|client:localhost:36081|dataStream:localhost:37601|priority:0|startupRole:FOLLOWER, s4|rpc:localhost:41277|admin:localhost:43681|client:localhost:37665|dataStream:localhost:40265|priority:0|startupRole:FOLLOWER, s0|rpc:localhost:41401|admin:localhost:36139|client:localhost:41875|dataStream:localhost:43073|priority:0|startupRole:FOLLOWER, s1|rpc:localhost:40237|admin:localhost:43387|client:localhost:44849|dataStream:localhost:33723|priority:0|startupRole:FOLLOWER, s2|rpc:localhost:40705|admin:localhost:41207|client:localhost:37579|dataStream:localhost:35097|priority:0|startupRole:FOLLOWER]|listeners:[], old=null RUNNING
  s0:  RUNNING  FOLLOWER s0@group-C3E9AA6170F9:t0, leader=null, voted=, raftlog=Memoized:s0@group-C3E9AA6170F9-SegmentedRaftLog:OPENED:c-1, conf=-1: peers:[s3|rpc:localhost:42219|admin:localhost:33767|client:localhost:36081|dataStream:localhost:37601|priority:0|startupRole:FOLLOWER, s4|rpc:localhost:41277|admin:localhost:43681|client:localhost:37665|dataStream:localhost:40265|priority:0|startupRole:FOLLOWER, s0|rpc:localhost:41401|admin:localhost:36139|client:localhost:41875|dataStream:localhost:43073|priority:0|startupRole:FOLLOWER, s1|rpc:localhost:40237|admin:localhost:43387|client:localhost:44849|dataStream:localhost:33723|priority:0|startupRole:FOLLOWER, s2|rpc:localhost:40705|admin:localhost:41207|client:localhost:37579|dataStream:localhost:35097|priority:0|startupRole:FOLLOWER]|listeners:[], old=null RUNNING
  s1:  RUNNING  FOLLOWER s1@group-C3E9AA6170F9:t0, leader=null, voted=, raftlog=Memoized:s1@group-C3E9AA6170F9-SegmentedRaftLog:OPENED:c-1, conf=-1: peers:[s3|rpc:localhost:42219|admin:localhost:33767|client:localhost:36081|dataStream:localhost:37601|priority:0|startupRole:FOLLOWER, s4|rpc:localhost:41277|admin:localhost:43681|client:localhost:37665|dataStream:localhost:40265|priority:0|startupRole:FOLLOWER, s0|rpc:localhost:41401|admin:localhost:36139|client:localhost:41875|dataStream:localhost:43073|priority:0|startupRole:FOLLOWER, s1|rpc:localhost:40237|admin:localhost:43387|client:localhost:44849|dataStream:localhost:33723|priority:0|startupRole:FOLLOWER, s2|rpc:localhost:40705|admin:localhost:41207|client:localhost:37579|dataStream:localhost:35097|priority:0|startupRole:FOLLOWER]|listeners:[], old=null RUNNING
  s2:  RUNNING  FOLLOWER s2@group-C3E9AA6170F9:t0, leader=null, voted=, raftlog=Memoized:s2@group-C3E9AA6170F9-SegmentedRaftLog:OPENED:c-1, conf=-1: peers:[s3|rpc:localhost:42219|admin:localhost:33767|client:localhost:36081|dataStream:localhost:37601|priority:0|startupRole:FOLLOWER, s4|rpc:localhost:41277|admin:localhost:43681|client:localhost:37665|dataStream:localhost:40265|priority:0|startupRole:FOLLOWER, s0|rpc:localhost:41401|admin:localhost:36139|client:localhost:41875|dataStream:localhost:43073|priority:0|startupRole:FOLLOWER, s1|rpc:localhost:40237|admin:localhost:43387|client:localhost:44849|dataStream:localhost:33723|priority:0|startupRole:FOLLOWER, s2|rpc:localhost:40705|admin:localhost:41207|client:localhost:37579|dataStream:localhost:35097|priority:0|startupRole:FOLLOWER]|listeners:[], old=null RUNNING
	at org.apache.ratis.server.impl.MiniRaftCluster.newIllegalStateExceptionForNoLeaders(MiniRaftCluster.java:534)
	at org.apache.ratis.RaftTestUtil.lambda$waitForLeader$1(RaftTestUtil.java:104)
	at org.apache.ratis.server.impl.MiniRaftCluster.getLeader(MiniRaftCluster.java:568)
	at org.apache.ratis.server.impl.MiniRaftCluster.getLeader(MiniRaftCluster.java:561)
	at org.apache.ratis.RaftTestUtil.lambda$waitForLeader$3(RaftTestUtil.java:112)
	at org.apache.ratis.util.JavaUtils.attempt(JavaUtils.java:166)
	at org.apache.ratis.util.JavaUtils.attemptRepeatedly(JavaUtils.java:152)
	at org.apache.ratis.RaftTestUtil.waitForLeader(RaftTestUtil.java:111)
	at org.apache.ratis.RaftTestUtil.waitForLeader(RaftTestUtil.java:92)
	at org.apache.ratis.RaftTestUtil.waitForLeader(RaftTestUtil.java:87)
	at org.apache.ratis.server.impl.LeaderElectionTests.testEnforceLeader(LeaderElectionTests.java:228)
	at sun.reflect.NativeMethodAccessorImpl.invoke0(Native Method)
	at sun.reflect.NativeMethodAccessorImpl.invoke(NativeMethodAccessorImpl.java:62)
	at sun.reflect.DelegatingMethodAccessorImpl.invoke(DelegatingMethodAccessorImpl.java:43)
	at java.lang.reflect.Method.invoke(Method.java:498)
	at org.junit.runners.model.FrameworkMethod$1.runReflectiveCall(FrameworkMethod.java:59)
	at org.junit.internal.runners.model.ReflectiveCallable.run(ReflectiveCallable.java:12)
	at org.junit.runners.model.FrameworkMethod.invokeExplosively(FrameworkMethod.java:56)
	at org.junit.internal.runners.statements.InvokeMethod.evaluate(InvokeMethod.java:17)
	at org.junit.internal.runners.statements.RunAfters.evaluate(RunAfters.java:27)
	at org.junit.internal.runners.statements.FailOnTimeout$CallableStatement.call(FailOnTimeout.java:299)
	at org.junit.internal.runners.statements.FailOnTimeout$CallableStatement.call(FailOnTimeout.java:293)
	at java.util.concurrent.FutureTask.run(FutureTask.java:266)
	at java.lang.Thread.run(Thread.java:750)
2022-07-21 18:24:06,056 [s3@group-C3E9AA6170F9-FollowerState] INFO  impl.FollowerState (FollowerState.java:run(143)) - s3@group-C3E9AA6170F9-FollowerState: change to CANDIDATE, lastRpcElapsedTime:161135827ns, electionTimeout:158ms
2022-07-21 18:24:06,057 [s3@group-C3E9AA6170F9-FollowerState] INFO  impl.RoleInfo (RoleInfo.java:shutdownFollowerState(110)) - s3: shutdown s3@group-C3E9AA6170F9-FollowerState
2022-07-21 18:24:06,058 [s3@group-C3E9AA6170F9-FollowerState] INFO  server.RaftServer$Division (RaftServerImpl.java:setRole(301)) - s3@group-C3E9AA6170F9: changes role from  FOLLOWER to CANDIDATE at term 0 for changeToCandidate
2022-07-21 18:24:06,060 [s3@group-C3E9AA6170F9-FollowerState] INFO  server.RaftServerConfigKeys (ConfUtils.java:logGet(46)) - raft.server.leaderelection.pre-vote = true (default)
2022-07-21 18:24:06,060 [s3@group-C3E9AA6170F9-FollowerState] INFO  impl.RoleInfo (RoleInfo.java:updateAndGet(139)) - s3: start s3@group-C3E9AA6170F9-LeaderElection1
2022-07-21 18:24:06,062 [s3@group-C3E9AA6170F9-LeaderElection1] INFO  impl.LeaderElection (LeaderElection.java:askForVotes(310)) - s3@group-C3E9AA6170F9-LeaderElection1 PRE_VOTE round 0: submit vote requests at term 0 for -1: peers:[s3|rpc:localhost:42219|admin:localhost:33767|client:localhost:36081|dataStream:localhost:37601|priority:0|startupRole:FOLLOWER, s4|rpc:localhost:41277|admin:localhost:43681|client:localhost:37665|dataStream:localhost:40265|priority:0|startupRole:FOLLOWER, s0|rpc:localhost:41401|admin:localhost:36139|client:localhost:41875|dataStream:localhost:43073|priority:0|startupRole:FOLLOWER, s1|rpc:localhost:40237|admin:localhost:43387|client:localhost:44849|dataStream:localhost:33723|priority:0|startupRole:FOLLOWER, s2|rpc:localhost:40705|admin:localhost:41207|client:localhost:37579|dataStream:localhost:35097|priority:0|startupRole:FOLLOWER]|listeners:[], old=null
2022-07-21 18:24:06,080 [s0@group-C3E9AA6170F9-FollowerState] INFO  impl.FollowerState (FollowerState.java:run(143)) - s0@group-C3E9AA6170F9-FollowerState: change to CANDIDATE, lastRpcElapsedTime:154223757ns, electionTimeout:153ms
2022-07-21 18:24:06,080 [s0@group-C3E9AA6170F9-FollowerState] INFO  impl.RoleInfo (RoleInfo.java:shutdownFollowerState(110)) - s0: shutdown s0@group-C3E9AA6170F9-FollowerState
2022-07-21 18:24:06,080 [s0@group-C3E9AA6170F9-FollowerState] INFO  server.RaftServer$Division (RaftServerImpl.java:setRole(301)) - s0@group-C3E9AA6170F9: changes role from  FOLLOWER to CANDIDATE at term 0 for changeToCandidate
2022-07-21 18:24:06,081 [s0@group-C3E9AA6170F9-FollowerState] INFO  server.RaftServerConfigKeys (ConfUtils.java:logGet(46)) - raft.server.leaderelection.pre-vote = true (default)
2022-07-21 18:24:06,081 [s0@group-C3E9AA6170F9-FollowerState] INFO  impl.RoleInfo (RoleInfo.java:updateAndGet(139)) - s0: start s0@group-C3E9AA6170F9-LeaderElection2
2022-07-21 18:24:06,082 [s0@group-C3E9AA6170F9-LeaderElection2] INFO  impl.LeaderElection (LeaderElection.java:askForVotes(310)) - s0@group-C3E9AA6170F9-LeaderElection2 PRE_VOTE round 0: submit vote requests at term 0 for -1: peers:[s3|rpc:localhost:42219|admin:localhost:33767|client:localhost:36081|dataStream:localhost:37601|priority:0|startupRole:FOLLOWER, s4|rpc:localhost:41277|admin:localhost:43681|client:localhost:37665|dataStream:localhost:40265|priority:0|startupRole:FOLLOWER, s0|rpc:localhost:41401|admin:localhost:36139|client:localhost:41875|dataStream:localhost:43073|priority:0|startupRole:FOLLOWER, s1|rpc:localhost:40237|admin:localhost:43387|client:localhost:44849|dataStream:localhost:33723|priority:0|startupRole:FOLLOWER, s2|rpc:localhost:40705|admin:localhost:41207|client:localhost:37579|dataStream:localhost:35097|priority:0|startupRole:FOLLOWER]|listeners:[], old=null
2022-07-21 18:24:06,097 [Thread-28] INFO  server.RaftServer$Division (RaftServerImpl.java:requestVote(1198)) - s2@group-C3E9AA6170F9: receive requestVote(PRE_VOTE, s3, group-C3E9AA6170F9, 0, (t:0, i:0))
2022-07-21 18:24:06,098 [Thread-28] INFO  impl.VoteContext (VoteContext.java:log(48)) - s2@group-C3E9AA6170F9-FOLLOWER: accept PRE_VOTE from s3: our priority 0 <= candidate's priority 0
2022-07-21 18:24:06,100 [Thread-0] INFO  server.RaftServer$Division (RaftServerImpl.java:requestVote(1198)) - s3@group-C3E9AA6170F9: receive requestVote(PRE_VOTE, s0, group-C3E9AA6170F9, 0, (t:0, i:0))
2022-07-21 18:24:06,100 [Thread-0] INFO  impl.VoteContext (VoteContext.java:log(48)) - s3@group-C3E9AA6170F9-CANDIDATE: accept PRE_VOTE from s0: our priority 0 <= candidate's priority 0
2022-07-21 18:24:06,108 [Thread-0] INFO  server.RaftServer$Division (RaftServerImpl.java:requestVote(1231)) - s3@group-C3E9AA6170F9 replies to PRE_VOTE vote request: s0<-s3#0:OK-t0. Peer's state: s3@group-C3E9AA6170F9:t0, leader=null, voted=, raftlog=Memoized:s3@group-C3E9AA6170F9-SegmentedRaftLog:OPENED:c-1, conf=-1: peers:[s3|rpc:localhost:42219|admin:localhost:33767|client:localhost:36081|dataStream:localhost:37601|priority:0|startupRole:FOLLOWER, s4|rpc:localhost:41277|admin:localhost:43681|client:localhost:37665|dataStream:localhost:40265|priority:0|startupRole:FOLLOWER, s0|rpc:localhost:41401|admin:localhost:36139|client:localhost:41875|dataStream:localhost:43073|priority:0|startupRole:FOLLOWER, s1|rpc:localhost:40237|admin:localhost:43387|client:localhost:44849|dataStream:localhost:33723|priority:0|startupRole:FOLLOWER, s2|rpc:localhost:40705|admin:localhost:41207|client:localhost:37579|dataStream:localhost:35097|priority:0|startupRole:FOLLOWER]|listeners:[], old=null
2022-07-21 18:24:06,108 [Thread-28] INFO  server.RaftServer$Division (RaftServerImpl.java:requestVote(1231)) - s2@group-C3E9AA6170F9 replies to PRE_VOTE vote request: s3<-s2#0:OK-t0. Peer's state: s2@group-C3E9AA6170F9:t0, leader=null, voted=, raftlog=Memoized:s2@group-C3E9AA6170F9-SegmentedRaftLog:OPENED:c-1, conf=-1: peers:[s3|rpc:localhost:42219|admin:localhost:33767|client:localhost:36081|dataStream:localhost:37601|priority:0|startupRole:FOLLOWER, s4|rpc:localhost:41277|admin:localhost:43681|client:localhost:37665|dataStream:localhost:40265|priority:0|startupRole:FOLLOWER, s0|rpc:localhost:41401|admin:localhost:36139|client:localhost:41875|dataStream:localhost:43073|priority:0|startupRole:FOLLOWER, s1|rpc:localhost:40237|admin:localhost:43387|client:localhost:44849|dataStream:localhost:33723|priority:0|startupRole:FOLLOWER, s2|rpc:localhost:40705|admin:localhost:41207|client:localhost:37579|dataStream:localhost:35097|priority:0|startupRole:FOLLOWER]|listeners:[], old=null
2022-07-21 18:24:06,116 [Thread-21] INFO  server.RaftServer$Division (RaftServerImpl.java:requestVote(1198)) - s1@group-C3E9AA6170F9: receive requestVote(PRE_VOTE, s3, group-C3E9AA6170F9, 0, (t:0, i:0))
2022-07-21 18:24:06,116 [Thread-22] INFO  server.RaftServer$Division (RaftServerImpl.java:requestVote(1198)) - s1@group-C3E9AA6170F9: receive requestVote(PRE_VOTE, s0, group-C3E9AA6170F9, 0, (t:0, i:0))
2022-07-21 18:24:06,117 [Thread-14] INFO  server.RaftServer$Division (RaftServerImpl.java:requestVote(1198)) - s0@group-C3E9AA6170F9: receive requestVote(PRE_VOTE, s3, group-C3E9AA6170F9, 0, (t:0, i:0))
2022-07-21 18:24:06,117 [Thread-14] INFO  impl.VoteContext (VoteContext.java:log(48)) - s0@group-C3E9AA6170F9-CANDIDATE: accept PRE_VOTE from s3: our priority 0 <= candidate's priority 0
2022-07-21 18:24:06,117 [Thread-14] INFO  server.RaftServer$Division (RaftServerImpl.java:requestVote(1231)) - s0@group-C3E9AA6170F9 replies to PRE_VOTE vote request: s3<-s0#0:OK-t0. Peer's state: s0@group-C3E9AA6170F9:t0, leader=null, voted=, raftlog=Memoized:s0@group-C3E9AA6170F9-SegmentedRaftLog:OPENED:c-1, conf=-1: peers:[s3|rpc:localhost:42219|admin:localhost:33767|client:localhost:36081|dataStream:localhost:37601|priority:0|startupRole:FOLLOWER, s4|rpc:localhost:41277|admin:localhost:43681|client:localhost:37665|dataStream:localhost:40265|priority:0|startupRole:FOLLOWER, s0|rpc:localhost:41401|admin:localhost:36139|client:localhost:41875|dataStream:localhost:43073|priority:0|startupRole:FOLLOWER, s1|rpc:localhost:40237|admin:localhost:43387|client:localhost:44849|dataStream:localhost:33723|priority:0|startupRole:FOLLOWER, s2|rpc:localhost:40705|admin:localhost:41207|client:localhost:37579|dataStream:localhost:35097|priority:0|startupRole:FOLLOWER]|listeners:[], old=null
2022-07-21 18:24:06,117 [Thread-29] INFO  server.RaftServer$Division (RaftServerImpl.java:requestVote(1198)) - s2@group-C3E9AA6170F9: receive requestVote(PRE_VOTE, s0, group-C3E9AA6170F9, 0, (t:0, i:0))
2022-07-21 18:24:06,116 [Thread-21] INFO  impl.VoteContext (VoteContext.java:log(48)) - s1@group-C3E9AA6170F9-FOLLOWER: accept PRE_VOTE from s3: our priority 0 <= candidate's priority 0
2022-07-21 18:24:06,117 [Thread-29] INFO  impl.VoteContext (VoteContext.java:log(48)) - s2@group-C3E9AA6170F9-FOLLOWER: accept PRE_VOTE from s0: our priority 0 <= candidate's priority 0
2022-07-21 18:24:06,117 [Thread-21] INFO  server.RaftServer$Division (RaftServerImpl.java:requestVote(1231)) - s1@group-C3E9AA6170F9 replies to PRE_VOTE vote request: s3<-s1#0:OK-t0. Peer's state: s1@group-C3E9AA6170F9:t0, leader=null, voted=, raftlog=Memoized:s1@group-C3E9AA6170F9-SegmentedRaftLog:OPENED:c-1, conf=-1: peers:[s3|rpc:localhost:42219|admin:localhost:33767|client:localhost:36081|dataStream:localhost:37601|priority:0|startupRole:FOLLOWER, s4|rpc:localhost:41277|admin:localhost:43681|client:localhost:37665|dataStream:localhost:40265|priority:0|startupRole:FOLLOWER, s0|rpc:localhost:41401|admin:localhost:36139|client:localhost:41875|dataStream:localhost:43073|priority:0|startupRole:FOLLOWER, s1|rpc:localhost:40237|admin:localhost:43387|client:localhost:44849|dataStream:localhost:33723|priority:0|startupRole:FOLLOWER, s2|rpc:localhost:40705|admin:localhost:41207|client:localhost:37579|dataStream:localhost:35097|priority:0|startupRole:FOLLOWER]|listeners:[], old=null
2022-07-21 18:24:06,117 [Thread-7] INFO  server.RaftServer$Division (RaftServerImpl.java:requestVote(1198)) - s4@group-C3E9AA6170F9: receive requestVote(PRE_VOTE, s3, group-C3E9AA6170F9, 0, (t:0, i:0))
2022-07-21 18:24:06,118 [Thread-22] INFO  impl.VoteContext (VoteContext.java:log(48)) - s1@group-C3E9AA6170F9-FOLLOWER: accept PRE_VOTE from s0: our priority 0 <= candidate's priority 0
2022-07-21 18:24:06,118 [Thread-22] INFO  server.RaftServer$Division (RaftServerImpl.java:requestVote(1231)) - s1@group-C3E9AA6170F9 replies to PRE_VOTE vote request: s0<-s1#0:OK-t0. Peer's state: s1@group-C3E9AA6170F9:t0, leader=null, voted=, raftlog=Memoized:s1@group-C3E9AA6170F9-SegmentedRaftLog:OPENED:c-1, conf=-1: peers:[s3|rpc:localhost:42219|admin:localhost:33767|client:localhost:36081|dataStream:localhost:37601|priority:0|startupRole:FOLLOWER, s4|rpc:localhost:41277|admin:localhost:43681|client:localhost:37665|dataStream:localhost:40265|priority:0|startupRole:FOLLOWER, s0|rpc:localhost:41401|admin:localhost:36139|client:localhost:41875|dataStream:localhost:43073|priority:0|startupRole:FOLLOWER, s1|rpc:localhost:40237|admin:localhost:43387|client:localhost:44849|dataStream:localhost:33723|priority:0|startupRole:FOLLOWER, s2|rpc:localhost:40705|admin:localhost:41207|client:localhost:37579|dataStream:localhost:35097|priority:0|startupRole:FOLLOWER]|listeners:[], old=null
2022-07-21 18:24:06,117 [Thread-29] INFO  server.RaftServer$Division (RaftServerImpl.java:requestVote(1231)) - s2@group-C3E9AA6170F9 replies to PRE_VOTE vote request: s0<-s2#0:OK-t0. Peer's state: s2@group-C3E9AA6170F9:t0, leader=null, voted=, raftlog=Memoized:s2@group-C3E9AA6170F9-SegmentedRaftLog:OPENED:c-1, conf=-1: peers:[s3|rpc:localhost:42219|admin:localhost:33767|client:localhost:36081|dataStream:localhost:37601|priority:0|startupRole:FOLLOWER, s4|rpc:localhost:41277|admin:localhost:43681|client:localhost:37665|dataStream:localhost:40265|priority:0|startupRole:FOLLOWER, s0|rpc:localhost:41401|admin:localhost:36139|client:localhost:41875|dataStream:localhost:43073|priority:0|startupRole:FOLLOWER, s1|rpc:localhost:40237|admin:localhost:43387|client:localhost:44849|dataStream:localhost:33723|priority:0|startupRole:FOLLOWER, s2|rpc:localhost:40705|admin:localhost:41207|client:localhost:37579|dataStream:localhost:35097|priority:0|startupRole:FOLLOWER]|listeners:[], old=null
2022-07-21 18:24:06,118 [Thread-7] INFO  impl.VoteContext (VoteContext.java:log(48)) - s4@group-C3E9AA6170F9-FOLLOWER: accept PRE_VOTE from s3: our priority 0 <= candidate's priority 0
2022-07-21 18:24:06,118 [Thread-7] INFO  server.RaftServer$Division (RaftServerImpl.java:requestVote(1231)) - s4@group-C3E9AA6170F9 replies to PRE_VOTE vote request: s3<-s4#0:OK-t0. Peer's state: s4@group-C3E9AA6170F9:t0, leader=null, voted=, raftlog=Memoized:s4@group-C3E9AA6170F9-SegmentedRaftLog:OPENED:c-1, conf=-1: peers:[s3|rpc:localhost:42219|admin:localhost:33767|client:localhost:36081|dataStream:localhost:37601|priority:0|startupRole:FOLLOWER, s4|rpc:localhost:41277|admin:localhost:43681|client:localhost:37665|dataStream:localhost:40265|priority:0|startupRole:FOLLOWER, s0|rpc:localhost:41401|admin:localhost:36139|client:localhost:41875|dataStream:localhost:43073|priority:0|startupRole:FOLLOWER, s1|rpc:localhost:40237|admin:localhost:43387|client:localhost:44849|dataStream:localhost:33723|priority:0|startupRole:FOLLOWER, s2|rpc:localhost:40705|admin:localhost:41207|client:localhost:37579|dataStream:localhost:35097|priority:0|startupRole:FOLLOWER]|listeners:[], old=null
2022-07-21 18:24:06,117 [Thread-8] INFO  server.RaftServer$Division (RaftServerImpl.java:requestVote(1198)) - s4@group-C3E9AA6170F9: receive requestVote(PRE_VOTE, s0, group-C3E9AA6170F9, 0, (t:0, i:0))
2022-07-21 18:24:06,118 [Thread-8] INFO  impl.VoteContext (VoteContext.java:log(48)) - s4@group-C3E9AA6170F9-FOLLOWER: accept PRE_VOTE from s0: our priority 0 <= candidate's priority 0
2022-07-21 18:24:06,118 [Thread-8] INFO  server.RaftServer$Division (RaftServerImpl.java:requestVote(1231)) - s4@group-C3E9AA6170F9 replies to PRE_VOTE vote request: s0<-s4#0:OK-t0. Peer's state: s4@group-C3E9AA6170F9:t0, leader=null, voted=, raftlog=Memoized:s4@group-C3E9AA6170F9-SegmentedRaftLog:OPENED:c-1, conf=-1: peers:[s3|rpc:localhost:42219|admin:localhost:33767|client:localhost:36081|dataStream:localhost:37601|priority:0|startupRole:FOLLOWER, s4|rpc:localhost:41277|admin:localhost:43681|client:localhost:37665|dataStream:localhost:40265|priority:0|startupRole:FOLLOWER, s0|rpc:localhost:41401|admin:localhost:36139|client:localhost:41875|dataStream:localhost:43073|priority:0|startupRole:FOLLOWER, s1|rpc:localhost:40237|admin:localhost:43387|client:localhost:44849|dataStream:localhost:33723|priority:0|startupRole:FOLLOWER, s2|rpc:localhost:40705|admin:localhost:41207|client:localhost:37579|dataStream:localhost:35097|priority:0|startupRole:FOLLOWER]|listeners:[], old=null
2022-07-21 18:24:06,119 [s0@group-C3E9AA6170F9-LeaderElection2] INFO  impl.LeaderElection (LeaderElection.java:logAndReturn(90)) - s0@group-C3E9AA6170F9-LeaderElection2: PRE_VOTE PASSED received 2 response(s) and 0 exception(s):
2022-07-21 18:24:06,119 [s3@group-C3E9AA6170F9-LeaderElection1] INFO  impl.LeaderElection (LeaderElection.java:logAndReturn(90)) - s3@group-C3E9AA6170F9-LeaderElection1: PRE_VOTE PASSED received 2 response(s) and 0 exception(s):
2022-07-21 18:24:06,119 [s0@group-C3E9AA6170F9-LeaderElection2] INFO  impl.LeaderElection (LeaderElection.java:logAndReturn(94)) -   Response 0: s0<-s3#0:OK-t0
2022-07-21 18:24:06,119 [s0@group-C3E9AA6170F9-LeaderElection2] INFO  impl.LeaderElection (LeaderElection.java:logAndReturn(94)) -   Response 1: s0<-s4#0:OK-t0
2022-07-21 18:24:06,120 [s0@group-C3E9AA6170F9-LeaderElection2] INFO  impl.LeaderElection (LeaderElection.java:askForVotes(312)) - s0@group-C3E9AA6170F9-LeaderElection2 PRE_VOTE round 0: result PASSED
2022-07-21 18:24:06,119 [s3@group-C3E9AA6170F9-LeaderElection1] INFO  impl.LeaderElection (LeaderElection.java:logAndReturn(94)) -   Response 0: s3<-s0#0:OK-t0
2022-07-21 18:24:06,120 [s3@group-C3E9AA6170F9-LeaderElection1] INFO  impl.LeaderElection (LeaderElection.java:logAndReturn(94)) -   Response 1: s3<-s2#0:OK-t0
2022-07-21 18:24:06,120 [s3@group-C3E9AA6170F9-LeaderElection1] INFO  impl.LeaderElection (LeaderElection.java:askForVotes(312)) - s3@group-C3E9AA6170F9-LeaderElection1 PRE_VOTE round 0: result PASSED
2022-07-21 18:24:06,122 [s0@group-C3E9AA6170F9-LeaderElection2] INFO  impl.LeaderElection (LeaderElection.java:askForVotes(310)) - s0@group-C3E9AA6170F9-LeaderElection2 ELECTION round 0: submit vote requests at term 1 for -1: peers:[s3|rpc:localhost:42219|admin:localhost:33767|client:localhost:36081|dataStream:localhost:37601|priority:0|startupRole:FOLLOWER, s4|rpc:localhost:41277|admin:localhost:43681|client:localhost:37665|dataStream:localhost:40265|priority:0|startupRole:FOLLOWER, s0|rpc:localhost:41401|admin:localhost:36139|client:localhost:41875|dataStream:localhost:43073|priority:0|startupRole:FOLLOWER, s1|rpc:localhost:40237|admin:localhost:43387|client:localhost:44849|dataStream:localhost:33723|priority:0|startupRole:FOLLOWER, s2|rpc:localhost:40705|admin:localhost:41207|client:localhost:37579|dataStream:localhost:35097|priority:0|startupRole:FOLLOWER]|listeners:[], old=null
2022-07-21 18:24:06,122 [s3@group-C3E9AA6170F9-LeaderElection1] INFO  impl.LeaderElection (LeaderElection.java:askForVotes(310)) - s3@group-C3E9AA6170F9-LeaderElection1 ELECTION round 0: submit vote requests at term 1 for -1: peers:[s3|rpc:localhost:42219|admin:localhost:33767|client:localhost:36081|dataStream:localhost:37601|priority:0|startupRole:FOLLOWER, s4|rpc:localhost:41277|admin:localhost:43681|client:localhost:37665|dataStream:localhost:40265|priority:0|startupRole:FOLLOWER, s0|rpc:localhost:41401|admin:localhost:36139|client:localhost:41875|dataStream:localhost:43073|priority:0|startupRole:FOLLOWER, s1|rpc:localhost:40237|admin:localhost:43387|client:localhost:44849|dataStream:localhost:33723|priority:0|startupRole:FOLLOWER, s2|rpc:localhost:40705|admin:localhost:41207|client:localhost:37579|dataStream:localhost:35097|priority:0|startupRole:FOLLOWER]|listeners:[], old=null
2022-07-21 18:24:06,124 [Thread-1] INFO  server.RaftServer$Division (RaftServerImpl.java:requestVote(1198)) - s3@group-C3E9AA6170F9: receive requestVote(ELECTION, s0, group-C3E9AA6170F9, 1, (t:0, i:0))
2022-07-21 18:24:06,124 [Thread-1] INFO  impl.VoteContext (VoteContext.java:log(48)) - s3@group-C3E9AA6170F9-CANDIDATE: reject ELECTION from s0: already has voted for s3 at current term 1
2022-07-21 18:24:06,125 [Thread-1] INFO  server.RaftServer$Division (RaftServerImpl.java:requestVote(1231)) - s3@group-C3E9AA6170F9 replies to ELECTION vote request: s0<-s3#0:FAIL-t1. Peer's state: s3@group-C3E9AA6170F9:t1, leader=null, voted=s3, raftlog=Memoized:s3@group-C3E9AA6170F9-SegmentedRaftLog:OPENED:c-1, conf=-1: peers:[s3|rpc:localhost:42219|admin:localhost:33767|client:localhost:36081|dataStream:localhost:37601|priority:0|startupRole:FOLLOWER, s4|rpc:localhost:41277|admin:localhost:43681|client:localhost:37665|dataStream:localhost:40265|priority:0|startupRole:FOLLOWER, s0|rpc:localhost:41401|admin:localhost:36139|client:localhost:41875|dataStream:localhost:43073|priority:0|startupRole:FOLLOWER, s1|rpc:localhost:40237|admin:localhost:43387|client:localhost:44849|dataStream:localhost:33723|priority:0|startupRole:FOLLOWER, s2|rpc:localhost:40705|admin:localhost:41207|client:localhost:37579|dataStream:localhost:35097|priority:0|startupRole:FOLLOWER]|listeners:[], old=null
2022-07-21 18:24:06,140 [Thread-9] INFO  server.RaftServer$Division (RaftServerImpl.java:requestVote(1198)) - s4@group-C3E9AA6170F9: receive requestVote(ELECTION, s3, group-C3E9AA6170F9, 1, (t:0, i:0))
2022-07-21 18:24:06,141 [Thread-9] INFO  impl.VoteContext (VoteContext.java:log(48)) - s4@group-C3E9AA6170F9-FOLLOWER: accept ELECTION from s3: our priority 0 <= candidate's priority 0
2022-07-21 18:24:06,141 [Thread-9] INFO  server.RaftServer$Division (RaftServerImpl.java:setRole(301)) - s4@group-C3E9AA6170F9: changes role from  FOLLOWER to FOLLOWER at term 1 for candidate:s3
2022-07-21 18:24:06,141 [Thread-9] INFO  impl.RoleInfo (RoleInfo.java:shutdownFollowerState(110)) - s4: shutdown s4@group-C3E9AA6170F9-FollowerState
2022-07-21 18:24:06,142 [Thread-7] INFO  server.RaftServer$Division (RaftServerImpl.java:requestVote(1198)) - s4@group-C3E9AA6170F9: receive requestVote(ELECTION, s0, group-C3E9AA6170F9, 1, (t:0, i:0))
2022-07-21 18:24:06,144 [Thread-9] INFO  impl.RoleInfo (RoleInfo.java:updateAndGet(139)) - s4: start s4@group-C3E9AA6170F9-FollowerState
2022-07-21 18:24:06,144 [Thread-23] INFO  server.RaftServer$Division (RaftServerImpl.java:requestVote(1198)) - s1@group-C3E9AA6170F9: receive requestVote(ELECTION, s0, group-C3E9AA6170F9, 1, (t:0, i:0))
2022-07-21 18:24:06,144 [Thread-23] INFO  impl.VoteContext (VoteContext.java:log(48)) - s1@group-C3E9AA6170F9-FOLLOWER: accept ELECTION from s0: our priority 0 <= candidate's priority 0
2022-07-21 18:24:06,144 [Thread-23] INFO  server.RaftServer$Division (RaftServerImpl.java:setRole(301)) - s1@group-C3E9AA6170F9: changes role from  FOLLOWER to FOLLOWER at term 1 for candidate:s0
2022-07-21 18:24:06,144 [Thread-23] INFO  impl.RoleInfo (RoleInfo.java:shutdownFollowerState(110)) - s1: shutdown s1@group-C3E9AA6170F9-FollowerState
2022-07-21 18:24:06,144 [s4@group-C3E9AA6170F9-FollowerState] INFO  impl.FollowerState (FollowerState.java:run(152)) - s4@group-C3E9AA6170F9-FollowerState was interrupted
2022-07-21 18:24:06,144 [Thread-30] INFO  server.RaftServer$Division (RaftServerImpl.java:requestVote(1198)) - s2@group-C3E9AA6170F9: receive requestVote(ELECTION, s0, group-C3E9AA6170F9, 1, (t:0, i:0))
2022-07-21 18:24:06,144 [Thread-30] INFO  impl.VoteContext (VoteContext.java:log(48)) - s2@group-C3E9AA6170F9-FOLLOWER: accept ELECTION from s0: our priority 0 <= candidate's priority 0
2022-07-21 18:24:06,144 [Thread-30] INFO  server.RaftServer$Division (RaftServerImpl.java:setRole(301)) - s2@group-C3E9AA6170F9: changes role from  FOLLOWER to FOLLOWER at term 1 for candidate:s0
2022-07-21 18:24:06,144 [Thread-30] INFO  impl.RoleInfo (RoleInfo.java:shutdownFollowerState(110)) - s2: shutdown s2@group-C3E9AA6170F9-FollowerState
2022-07-21 18:24:06,145 [Thread-30] INFO  impl.RoleInfo (RoleInfo.java:updateAndGet(139)) - s2: start s2@group-C3E9AA6170F9-FollowerState
2022-07-21 18:24:06,145 [s2@group-C3E9AA6170F9-FollowerState] INFO  impl.FollowerState (FollowerState.java:run(152)) - s2@group-C3E9AA6170F9-FollowerState was interrupted
2022-07-21 18:24:06,145 [Thread-15] INFO  server.RaftServer$Division (RaftServerImpl.java:requestVote(1198)) - s0@group-C3E9AA6170F9: receive requestVote(ELECTION, s3, group-C3E9AA6170F9, 1, (t:0, i:0))
2022-07-21 18:24:06,145 [Thread-15] INFO  impl.VoteContext (VoteContext.java:log(48)) - s0@group-C3E9AA6170F9-CANDIDATE: reject ELECTION from s3: already has voted for s0 at current term 1
2022-07-21 18:24:06,145 [Thread-15] INFO  server.RaftServer$Division (RaftServerImpl.java:requestVote(1231)) - s0@group-C3E9AA6170F9 replies to ELECTION vote request: s3<-s0#0:FAIL-t1. Peer's state: s0@group-C3E9AA6170F9:t1, leader=null, voted=s0, raftlog=Memoized:s0@group-C3E9AA6170F9-SegmentedRaftLog:OPENED:c-1, conf=-1: peers:[s3|rpc:localhost:42219|admin:localhost:33767|client:localhost:36081|dataStream:localhost:37601|priority:0|startupRole:FOLLOWER, s4|rpc:localhost:41277|admin:localhost:43681|client:localhost:37665|dataStream:localhost:40265|priority:0|startupRole:FOLLOWER, s0|rpc:localhost:41401|admin:localhost:36139|client:localhost:41875|dataStream:localhost:43073|priority:0|startupRole:FOLLOWER, s1|rpc:localhost:40237|admin:localhost:43387|client:localhost:44849|dataStream:localhost:33723|priority:0|startupRole:FOLLOWER, s2|rpc:localhost:40705|admin:localhost:41207|client:localhost:37579|dataStream:localhost:35097|priority:0|startupRole:FOLLOWER]|listeners:[], old=null
2022-07-21 18:24:06,146 [Thread-21] INFO  server.RaftServer$Division (RaftServerImpl.java:requestVote(1198)) - s1@group-C3E9AA6170F9: receive requestVote(ELECTION, s3, group-C3E9AA6170F9, 1, (t:0, i:0))
2022-07-21 18:24:06,146 [Thread-23] INFO  impl.RoleInfo (RoleInfo.java:updateAndGet(139)) - s1: start s1@group-C3E9AA6170F9-FollowerState
2022-07-21 18:24:06,146 [s1@group-C3E9AA6170F9-FollowerState] INFO  impl.FollowerState (FollowerState.java:run(152)) - s1@group-C3E9AA6170F9-FollowerState was interrupted
2022-07-21 18:24:06,147 [Thread-28] INFO  server.RaftServer$Division (RaftServerImpl.java:requestVote(1198)) - s2@group-C3E9AA6170F9: receive requestVote(ELECTION, s3, group-C3E9AA6170F9, 1, (t:0, i:0))
2022-07-21 18:24:06,148 [Thread-23] INFO  server.RaftServer$Division (RaftServerImpl.java:requestVote(1231)) - s1@group-C3E9AA6170F9 replies to ELECTION vote request: s0<-s1#0:OK-t1. Peer's state: s1@group-C3E9AA6170F9:t1, leader=null, voted=s0, raftlog=Memoized:s1@group-C3E9AA6170F9-SegmentedRaftLog:OPENED:c-1, conf=-1: peers:[s3|rpc:localhost:42219|admin:localhost:33767|client:localhost:36081|dataStream:localhost:37601|priority:0|startupRole:FOLLOWER, s4|rpc:localhost:41277|admin:localhost:43681|client:localhost:37665|dataStream:localhost:40265|priority:0|startupRole:FOLLOWER, s0|rpc:localhost:41401|admin:localhost:36139|client:localhost:41875|dataStream:localhost:43073|priority:0|startupRole:FOLLOWER, s1|rpc:localhost:40237|admin:localhost:43387|client:localhost:44849|dataStream:localhost:33723|priority:0|startupRole:FOLLOWER, s2|rpc:localhost:40705|admin:localhost:41207|client:localhost:37579|dataStream:localhost:35097|priority:0|startupRole:FOLLOWER]|listeners:[], old=null
2022-07-21 18:24:06,149 [Thread-21] INFO  impl.VoteContext (VoteContext.java:log(48)) - s1@group-C3E9AA6170F9-FOLLOWER: reject ELECTION from s3: already has voted for s0 at current term 1
2022-07-21 18:24:06,149 [Thread-21] INFO  server.RaftServer$Division (RaftServerImpl.java:requestVote(1231)) - s1@group-C3E9AA6170F9 replies to ELECTION vote request: s3<-s1#0:FAIL-t1. Peer's state: s1@group-C3E9AA6170F9:t1, leader=null, voted=s0, raftlog=Memoized:s1@group-C3E9AA6170F9-SegmentedRaftLog:OPENED:c-1, conf=-1: peers:[s3|rpc:localhost:42219|admin:localhost:33767|client:localhost:36081|dataStream:localhost:37601|priority:0|startupRole:FOLLOWER, s4|rpc:localhost:41277|admin:localhost:43681|client:localhost:37665|dataStream:localhost:40265|priority:0|startupRole:FOLLOWER, s0|rpc:localhost:41401|admin:localhost:36139|client:localhost:41875|dataStream:localhost:43073|priority:0|startupRole:FOLLOWER, s1|rpc:localhost:40237|admin:localhost:43387|client:localhost:44849|dataStream:localhost:33723|priority:0|startupRole:FOLLOWER, s2|rpc:localhost:40705|admin:localhost:41207|client:localhost:37579|dataStream:localhost:35097|priority:0|startupRole:FOLLOWER]|listeners:[], old=null
2022-07-21 18:24:06,151 [Thread-9] INFO  server.RaftServer$Division (RaftServerImpl.java:requestVote(1231)) - s4@group-C3E9AA6170F9 replies to ELECTION vote request: s3<-s4#0:OK-t1. Peer's state: s4@group-C3E9AA6170F9:t1, leader=null, voted=s3, raftlog=Memoized:s4@group-C3E9AA6170F9-SegmentedRaftLog:OPENED:c-1, conf=-1: peers:[s3|rpc:localhost:42219|admin:localhost:33767|client:localhost:36081|dataStream:localhost:37601|priority:0|startupRole:FOLLOWER, s4|rpc:localhost:41277|admin:localhost:43681|client:localhost:37665|dataStream:localhost:40265|priority:0|startupRole:FOLLOWER, s0|rpc:localhost:41401|admin:localhost:36139|client:localhost:41875|dataStream:localhost:43073|priority:0|startupRole:FOLLOWER, s1|rpc:localhost:40237|admin:localhost:43387|client:localhost:44849|dataStream:localhost:33723|priority:0|startupRole:FOLLOWER, s2|rpc:localhost:40705|admin:localhost:41207|client:localhost:37579|dataStream:localhost:35097|priority:0|startupRole:FOLLOWER]|listeners:[], old=null
2022-07-21 18:24:06,151 [Thread-7] INFO  impl.VoteContext (VoteContext.java:log(48)) - s4@group-C3E9AA6170F9-FOLLOWER: reject ELECTION from s0: already has voted for s3 at current term 1
2022-07-21 18:24:06,151 [Thread-7] INFO  server.RaftServer$Division (RaftServerImpl.java:requestVote(1231)) - s4@group-C3E9AA6170F9 replies to ELECTION vote request: s0<-s4#0:FAIL-t1. Peer's state: s4@group-C3E9AA6170F9:t1, leader=null, voted=s3, raftlog=Memoized:s4@group-C3E9AA6170F9-SegmentedRaftLog:OPENED:c-1, conf=-1: peers:[s3|rpc:localhost:42219|admin:localhost:33767|client:localhost:36081|dataStream:localhost:37601|priority:0|startupRole:FOLLOWER, s4|rpc:localhost:41277|admin:localhost:43681|client:localhost:37665|dataStream:localhost:40265|priority:0|startupRole:FOLLOWER, s0|rpc:localhost:41401|admin:localhost:36139|client:localhost:41875|dataStream:localhost:43073|priority:0|startupRole:FOLLOWER, s1|rpc:localhost:40237|admin:localhost:43387|client:localhost:44849|dataStream:localhost:33723|priority:0|startupRole:FOLLOWER, s2|rpc:localhost:40705|admin:localhost:41207|client:localhost:37579|dataStream:localhost:35097|priority:0|startupRole:FOLLOWER]|listeners:[], old=null
2022-07-21 18:24:06,151 [Thread-30] INFO  server.RaftServer$Division (RaftServerImpl.java:requestVote(1231)) - s2@group-C3E9AA6170F9 replies to ELECTION vote request: s0<-s2#0:OK-t1. Peer's state: s2@group-C3E9AA6170F9:t1, leader=null, voted=s0, raftlog=Memoized:s2@group-C3E9AA6170F9-SegmentedRaftLog:OPENED:c-1, conf=-1: peers:[s3|rpc:localhost:42219|admin:localhost:33767|client:localhost:36081|dataStream:localhost:37601|priority:0|startupRole:FOLLOWER, s4|rpc:localhost:41277|admin:localhost:43681|client:localhost:37665|dataStream:localhost:40265|priority:0|startupRole:FOLLOWER, s0|rpc:localhost:41401|admin:localhost:36139|client:localhost:41875|dataStream:localhost:43073|priority:0|startupRole:FOLLOWER, s1|rpc:localhost:40237|admin:localhost:43387|client:localhost:44849|dataStream:localhost:33723|priority:0|startupRole:FOLLOWER, s2|rpc:localhost:40705|admin:localhost:41207|client:localhost:37579|dataStream:localhost:35097|priority:0|startupRole:FOLLOWER]|listeners:[], old=null
2022-07-21 18:24:06,152 [Thread-28] INFO  impl.VoteContext (VoteContext.java:log(48)) - s2@group-C3E9AA6170F9-FOLLOWER: reject ELECTION from s3: already has voted for s0 at current term 1
2022-07-21 18:24:06,152 [s0@group-C3E9AA6170F9-LeaderElection2] INFO  impl.LeaderElection (LeaderElection.java:logAndReturn(90)) - s0@group-C3E9AA6170F9-LeaderElection2: ELECTION PASSED received 4 response(s) and 0 exception(s):
2022-07-21 18:24:06,152 [s0@group-C3E9AA6170F9-LeaderElection2] INFO  impl.LeaderElection (LeaderElection.java:logAndReturn(94)) -   Response 0: s0<-s3#0:FAIL-t1
2022-07-21 18:24:06,152 [s0@group-C3E9AA6170F9-LeaderElection2] INFO  impl.LeaderElection (LeaderElection.java:logAndReturn(94)) -   Response 1: s0<-s4#0:FAIL-t1
2022-07-21 18:24:06,152 [s0@group-C3E9AA6170F9-LeaderElection2] INFO  impl.LeaderElection (LeaderElection.java:logAndReturn(94)) -   Response 2: s0<-s1#0:OK-t1
2022-07-21 18:24:06,152 [s0@group-C3E9AA6170F9-LeaderElection2] INFO  impl.LeaderElection (LeaderElection.java:logAndReturn(94)) -   Response 3: s0<-s2#0:OK-t1
2022-07-21 18:24:06,152 [s0@group-C3E9AA6170F9-LeaderElection2] INFO  impl.LeaderElection (LeaderElection.java:askForVotes(312)) - s0@group-C3E9AA6170F9-LeaderElection2 ELECTION round 0: result PASSED
2022-07-21 18:24:06,152 [s0@group-C3E9AA6170F9-LeaderElection2] INFO  impl.RoleInfo (RoleInfo.java:shutdownLeaderElection(130)) - s0: shutdown s0@group-C3E9AA6170F9-LeaderElection2
2022-07-21 18:24:06,152 [Thread-28] INFO  server.RaftServer$Division (RaftServerImpl.java:requestVote(1231)) - s2@group-C3E9AA6170F9 replies to ELECTION vote request: s3<-s2#0:FAIL-t1. Peer's state: s2@group-C3E9AA6170F9:t1, leader=null, voted=s0, raftlog=Memoized:s2@group-C3E9AA6170F9-SegmentedRaftLog:OPENED:c-1, conf=-1: peers:[s3|rpc:localhost:42219|admin:localhost:33767|client:localhost:36081|dataStream:localhost:37601|priority:0|startupRole:FOLLOWER, s4|rpc:localhost:41277|admin:localhost:43681|client:localhost:37665|dataStream:localhost:40265|priority:0|startupRole:FOLLOWER, s0|rpc:localhost:41401|admin:localhost:36139|client:localhost:41875|dataStream:localhost:43073|priority:0|startupRole:FOLLOWER, s1|rpc:localhost:40237|admin:localhost:43387|client:localhost:44849|dataStream:localhost:33723|priority:0|startupRole:FOLLOWER, s2|rpc:localhost:40705|admin:localhost:41207|client:localhost:37579|dataStream:localhost:35097|priority:0|startupRole:FOLLOWER]|listeners:[], old=null
2022-07-21 18:24:06,153 [s0@group-C3E9AA6170F9-LeaderElection2] INFO  server.RaftServer$Division (RaftServerImpl.java:setRole(301)) - s0@group-C3E9AA6170F9: changes role from CANDIDATE to LEADER at term 1 for changeToLeader
2022-07-21 18:24:06,153 [s3@group-C3E9AA6170F9-LeaderElection1] INFO  impl.LeaderElection (LeaderElection.java:logAndReturn(90)) - s3@group-C3E9AA6170F9-LeaderElection1: ELECTION REJECTED received 4 response(s) and 0 exception(s):
2022-07-21 18:24:06,153 [s3@group-C3E9AA6170F9-LeaderElection1] INFO  impl.LeaderElection (LeaderElection.java:logAndReturn(94)) -   Response 0: s3<-s4#0:OK-t1
2022-07-21 18:24:06,153 [s3@group-C3E9AA6170F9-LeaderElection1] INFO  impl.LeaderElection (LeaderElection.java:logAndReturn(94)) -   Response 1: s3<-s0#0:FAIL-t1
2022-07-21 18:24:06,153 [s3@group-C3E9AA6170F9-LeaderElection1] INFO  impl.LeaderElection (LeaderElection.java:logAndReturn(94)) -   Response 2: s3<-s1#0:FAIL-t1
2022-07-21 18:24:06,153 [s3@group-C3E9AA6170F9-LeaderElection1] INFO  impl.LeaderElection (LeaderElection.java:logAndReturn(94)) -   Response 3: s3<-s2#0:FAIL-t1
2022-07-21 18:24:06,153 [s3@group-C3E9AA6170F9-LeaderElection1] INFO  impl.LeaderElection (LeaderElection.java:askForVotes(312)) - s3@group-C3E9AA6170F9-LeaderElection1 ELECTION round 0: result REJECTED
2022-07-21 18:24:06,153 [s3@group-C3E9AA6170F9-LeaderElection1] INFO  server.RaftServer$Division (RaftServerImpl.java:setRole(301)) - s3@group-C3E9AA6170F9: changes role from CANDIDATE to FOLLOWER at term 1 for REJECTED
2022-07-21 18:24:06,153 [s3@group-C3E9AA6170F9-LeaderElection1] INFO  impl.RoleInfo (RoleInfo.java:shutdownLeaderElection(130)) - s3: shutdown s3@group-C3E9AA6170F9-LeaderElection1
2022-07-21 18:24:06,153 [s3@group-C3E9AA6170F9-LeaderElection1] INFO  impl.RoleInfo (RoleInfo.java:updateAndGet(139)) - s3: start s3@group-C3E9AA6170F9-FollowerState
2022-07-21 18:24:06,153 [s0@group-C3E9AA6170F9-LeaderElection2] INFO  server.RaftServer$Division (ServerState.java:setLeader(313)) - s0@group-C3E9AA6170F9: change Leader from null to s0 at term 1 for becomeLeader, leader elected after 461ms
2022-07-21 18:24:06,157 [s0@group-C3E9AA6170F9-LeaderElection2] INFO  server.RaftServerConfigKeys (ConfUtils.java:logGet(46)) - raft.server.staging.catchup.gap = 1000 (default)
2022-07-21 18:24:06,161 [s0@group-C3E9AA6170F9-LeaderElection2] INFO  server.RaftServerConfigKeys (ConfUtils.java:logGet(46)) - raft.server.write.element-limit = 4096 (default)
2022-07-21 18:24:06,161 [s0@group-C3E9AA6170F9-LeaderElection2] INFO  server.RaftServerConfigKeys (ConfUtils.java:logGet(46)) - raft.server.write.byte-limit = 64MB (=67108864) (default)
2022-07-21 18:24:06,166 [s0@group-C3E9AA6170F9-LeaderElection2] INFO  server.RaftServerConfigKeys (ConfUtils.java:logGet(46)) - raft.server.watch.timeout = 10s (default)
2022-07-21 18:24:06,166 [s0@group-C3E9AA6170F9-LeaderElection2] INFO  server.RaftServerConfigKeys (ConfUtils.java:logGet(46)) - raft.server.watch.timeout.denomination = 1s (default)
2022-07-21 18:24:06,166 [s0@group-C3E9AA6170F9-LeaderElection2] INFO  server.RaftServerConfigKeys (ConfUtils.java:logGet(46)) - raft.server.watch.element-limit = 65536 (default)
2022-07-21 18:24:06,171 [s0@group-C3E9AA6170F9-LeaderElection2] INFO  server.RaftServerConfigKeys (ConfUtils.java:logGet(46)) - raft.server.write.element-limit = 4096 (default)
2022-07-21 18:24:06,173 [s0@group-C3E9AA6170F9-LeaderElection2] INFO  server.RaftServerConfigKeys (ConfUtils.java:logGet(46)) - raft.server.write.follower.gap.ratio.max = -1.0 (default)
2022-07-21 18:24:06,179 [s0@group-C3E9AA6170F9-LeaderElection2] INFO  server.RaftServerConfigKeys (ConfUtils.java:logGet(46)) - raft.server.log.appender.snapshot.chunk.size.max = 16MB (=16777216) (default)
2022-07-21 18:24:06,179 [s0@group-C3E9AA6170F9-LeaderElection2] INFO  server.RaftServerConfigKeys (ConfUtils.java:logGet(46)) - raft.server.log.appender.buffer.byte-limit = 4MB (=4194304) (default)
2022-07-21 18:24:06,180 [s0@group-C3E9AA6170F9-LeaderElection2] INFO  server.RaftServerConfigKeys (ConfUtils.java:logGet(46)) - raft.server.log.appender.buffer.element-limit = 0 (default)
2022-07-21 18:24:06,182 [s0@group-C3E9AA6170F9-LeaderElection2] INFO  server.RaftServerConfigKeys (ConfUtils.java:logGet(46)) - raft.server.log.appender.snapshot.chunk.size.max = 16MB (=16777216) (default)
2022-07-21 18:24:06,182 [s0@group-C3E9AA6170F9-LeaderElection2] INFO  server.RaftServerConfigKeys (ConfUtils.java:logGet(46)) - raft.server.log.appender.buffer.byte-limit = 4MB (=4194304) (default)
2022-07-21 18:24:06,182 [s0@group-C3E9AA6170F9-LeaderElection2] INFO  server.RaftServerConfigKeys (ConfUtils.java:logGet(46)) - raft.server.log.appender.buffer.element-limit = 0 (default)
2022-07-21 18:24:06,183 [s0@group-C3E9AA6170F9-LeaderElection2] INFO  server.RaftServerConfigKeys (ConfUtils.java:logGet(46)) - raft.server.log.appender.snapshot.chunk.size.max = 16MB (=16777216) (default)
2022-07-21 18:24:06,183 [s0@group-C3E9AA6170F9-LeaderElection2] INFO  server.RaftServerConfigKeys (ConfUtils.java:logGet(46)) - raft.server.log.appender.buffer.byte-limit = 4MB (=4194304) (default)
2022-07-21 18:24:06,183 [s0@group-C3E9AA6170F9-LeaderElection2] INFO  server.RaftServerConfigKeys (ConfUtils.java:logGet(46)) - raft.server.log.appender.buffer.element-limit = 0 (default)
2022-07-21 18:24:06,183 [s0@group-C3E9AA6170F9-LeaderElection2] INFO  server.RaftServerConfigKeys (ConfUtils.java:logGet(46)) - raft.server.log.appender.snapshot.chunk.size.max = 16MB (=16777216) (default)
2022-07-21 18:24:06,183 [s0@group-C3E9AA6170F9-LeaderElection2] INFO  server.RaftServerConfigKeys (ConfUtils.java:logGet(46)) - raft.server.log.appender.buffer.byte-limit = 4MB (=4194304) (default)
2022-07-21 18:24:06,183 [s0@group-C3E9AA6170F9-LeaderElection2] INFO  server.RaftServerConfigKeys (ConfUtils.java:logGet(46)) - raft.server.log.appender.buffer.element-limit = 0 (default)
2022-07-21 18:24:06,185 [s0@group-C3E9AA6170F9-LeaderElection2] INFO  impl.RoleInfo (RoleInfo.java:updateAndGet(139)) - s0: start s0@group-C3E9AA6170F9-LeaderStateImpl
2022-07-21 18:24:06,197 [s0@group-C3E9AA6170F9-LeaderElection2] INFO  segmented.SegmentedRaftLogWorker (SegmentedRaftLogWorker.java:startLogSegment(425)) - s0@group-C3E9AA6170F9-SegmentedRaftLogWorker: Starting segment from index:0
2022-07-21 18:24:06,245 [Thread-8] INFO  server.RaftServer$Division (ServerState.java:setLeader(313)) - s4@group-C3E9AA6170F9: change Leader from null to s0 at term 1 for appendEntries, leader elected after 562ms
2022-07-21 18:24:06,248 [Thread-22] INFO  server.RaftServer$Division (ServerState.java:setLeader(313)) - s1@group-C3E9AA6170F9: change Leader from null to s0 at term 1 for appendEntries, leader elected after 556ms
2022-07-21 18:24:06,248 [s0@group-C3E9AA6170F9-LeaderElection2] INFO  server.RaftServer$Division (ServerState.java:setRaftConf(429)) - s0@group-C3E9AA6170F9: set configuration 0: peers:[s3|rpc:localhost:42219|admin:localhost:33767|client:localhost:36081|dataStream:localhost:37601|priority:0|startupRole:FOLLOWER, s4|rpc:localhost:41277|admin:localhost:43681|client:localhost:37665|dataStream:localhost:40265|priority:0|startupRole:FOLLOWER, s0|rpc:localhost:41401|admin:localhost:36139|client:localhost:41875|dataStream:localhost:43073|priority:0|startupRole:FOLLOWER, s1|rpc:localhost:40237|admin:localhost:43387|client:localhost:44849|dataStream:localhost:33723|priority:0|startupRole:FOLLOWER, s2|rpc:localhost:40705|admin:localhost:41207|client:localhost:37579|dataStream:localhost:35097|priority:0|startupRole:FOLLOWER]|listeners:[], old=null
2022-07-21 18:24:06,249 [Thread-29] INFO  server.RaftServer$Division (ServerState.java:setLeader(313)) - s2@group-C3E9AA6170F9: change Leader from null to s0 at term 1 for appendEntries, leader elected after 538ms
2022-07-21 18:24:06,260 [Thread-2] INFO  server.RaftServer$Division (ServerState.java:setLeader(313)) - s3@group-C3E9AA6170F9: change Leader from null to s0 at term 1 for appendEntries, leader elected after 578ms
2022-07-21 18:24:06,324 [s0@group-C3E9AA6170F9-SegmentedRaftLogWorker] INFO  segmented.SegmentedRaftLogWorker (SegmentedRaftLogWorker.java:execute(629)) - s0@group-C3E9AA6170F9-SegmentedRaftLogWorker: created new log segment /home/runner/work/ratis/ratis/ratis-test/target/test/data/44cdabc1/MiniRaftClusterWithSimulatedRpc85d47eda/s0/fc2ba6b5-97d1-492b-b128-c3e9aa6170f9/current/log_inprogress_0
2022-07-21 18:24:06,346 [Thread-30] DEBUG server.RaftServer$Division (RaftServerImpl.java:logAppendEntries(1305)) - s2@group-C3E9AA6170F9: receive appendEntries(s0, 1, null, -1, true, commits:[s0:c-1, s3:c-1, s4:c-1, s1:c-1, s2:c-1], cId:6, entries: (t:1, i:0), CONFIGURATIONENTRY(current:id: "s3"
address: "localhost:42219"
dataStreamAddress: "localhost:37601"
clientAddress: "localhost:36081"
adminAddress: "localhost:33767"
startupRole: FOLLOWER
,id: "s4"
address: "localhost:41277"
dataStreamAddress: "localhost:40265"
clientAddress: "localhost:37665"
adminAddress: "localhost:43681"
startupRole: FOLLOWER
,id: "s0"
address: "localhost:41401"
dataStreamAddress: "localhost:43073"
clientAddress: "localhost:41875"
adminAddress: "localhost:36139"
startupRole: FOLLOWER
,id: "s1"
address: "localhost:40237"
dataStreamAddress: "localhost:33723"
clientAddress: "localhost:44849"
adminAddress: "localhost:43387"
startupRole: FOLLOWER
,id: "s2"
address: "localhost:40705"
dataStreamAddress: "localhost:35097"
clientAddress: "localhost:37579"
adminAddress: "localhost:41207"
startupRole: FOLLOWER
, old:)
2022-07-21 18:24:06,348 [Thread-23] DEBUG server.RaftServer$Division (RaftServerImpl.java:logAppendEntries(1305)) - s1@group-C3E9AA6170F9: receive appendEntries(s0, 1, null, -1, true, commits:[s0:c-1, s3:c-1, s4:c-1, s1:c-1, s2:c-1], cId:5, entries: (t:1, i:0), CONFIGURATIONENTRY(current:id: "s3"
address: "localhost:42219"
dataStreamAddress: "localhost:37601"
clientAddress: "localhost:36081"
adminAddress: "localhost:33767"
startupRole: FOLLOWER
,id: "s4"
address: "localhost:41277"
dataStreamAddress: "localhost:40265"
clientAddress: "localhost:37665"
adminAddress: "localhost:43681"
startupRole: FOLLOWER
,id: "s0"
address: "localhost:41401"
dataStreamAddress: "localhost:43073"
clientAddress: "localhost:41875"
adminAddress: "localhost:36139"
startupRole: FOLLOWER
,id: "s1"
address: "localhost:40237"
dataStreamAddress: "localhost:33723"
clientAddress: "localhost:44849"
adminAddress: "localhost:43387"
startupRole: FOLLOWER
,id: "s2"
address: "localhost:40705"
dataStreamAddress: "localhost:35097"
clientAddress: "localhost:37579"
adminAddress: "localhost:41207"
startupRole: FOLLOWER
, old:)
2022-07-21 18:24:06,348 [Thread-23] INFO  server.RaftServer$Division (ServerState.java:setRaftConf(429)) - s1@group-C3E9AA6170F9: set configuration 0: peers:[s3|rpc:localhost:42219|admin:localhost:33767|client:localhost:36081|dataStream:localhost:37601|priority:0|startupRole:FOLLOWER, s4|rpc:localhost:41277|admin:localhost:43681|client:localhost:37665|dataStream:localhost:40265|priority:0|startupRole:FOLLOWER, s0|rpc:localhost:41401|admin:localhost:36139|client:localhost:41875|dataStream:localhost:43073|priority:0|startupRole:FOLLOWER, s1|rpc:localhost:40237|admin:localhost:43387|client:localhost:44849|dataStream:localhost:33723|priority:0|startupRole:FOLLOWER, s2|rpc:localhost:40705|admin:localhost:41207|client:localhost:37579|dataStream:localhost:35097|priority:0|startupRole:FOLLOWER]|listeners:[], old=null
2022-07-21 18:24:06,348 [Thread-0] DEBUG server.RaftServer$Division (RaftServerImpl.java:logAppendEntries(1305)) - s3@group-C3E9AA6170F9: receive appendEntries(s0, 1, null, -1, true, commits:[s0:c-1, s3:c-1, s4:c-1, s1:c-1, s2:c-1], cId:7, entries: (t:1, i:0), CONFIGURATIONENTRY(current:id: "s3"
address: "localhost:42219"
dataStreamAddress: "localhost:37601"
clientAddress: "localhost:36081"
adminAddress: "localhost:33767"
startupRole: FOLLOWER
,id: "s4"
address: "localhost:41277"
dataStreamAddress: "localhost:40265"
clientAddress: "localhost:37665"
adminAddress: "localhost:43681"
startupRole: FOLLOWER
,id: "s0"
address: "localhost:41401"
dataStreamAddress: "localhost:43073"
clientAddress: "localhost:41875"
adminAddress: "localhost:36139"
startupRole: FOLLOWER
,id: "s1"
address: "localhost:40237"
dataStreamAddress: "localhost:33723"
clientAddress: "localhost:44849"
adminAddress: "localhost:43387"
startupRole: FOLLOWER
,id: "s2"
address: "localhost:40705"
dataStreamAddress: "localhost:35097"
clientAddress: "localhost:37579"
adminAddress: "localhost:41207"
startupRole: FOLLOWER
, old:)
2022-07-21 18:24:06,346 [Thread-9] DEBUG server.RaftServer$Division (RaftServerImpl.java:logAppendEntries(1305)) - s4@group-C3E9AA6170F9: receive appendEntries(s0, 1, null, -1, true, commits:[s0:c-1, s3:c-1, s4:c-1, s1:c-1, s2:c-1], cId:4, entries: (t:1, i:0), CONFIGURATIONENTRY(current:id: "s3"
address: "localhost:42219"
dataStreamAddress: "localhost:37601"
clientAddress: "localhost:36081"
adminAddress: "localhost:33767"
startupRole: FOLLOWER
,id: "s4"
address: "localhost:41277"
dataStreamAddress: "localhost:40265"
clientAddress: "localhost:37665"
adminAddress: "localhost:43681"
startupRole: FOLLOWER
,id: "s0"
address: "localhost:41401"
dataStreamAddress: "localhost:43073"
clientAddress: "localhost:41875"
adminAddress: "localhost:36139"
startupRole: FOLLOWER
,id: "s1"
address: "localhost:40237"
dataStreamAddress: "localhost:33723"
clientAddress: "localhost:44849"
adminAddress: "localhost:43387"
startupRole: FOLLOWER
,id: "s2"
address: "localhost:40705"
dataStreamAddress: "localhost:35097"
clientAddress: "localhost:37579"
adminAddress: "localhost:41207"
startupRole: FOLLOWER
, old:)
2022-07-21 18:24:06,349 [Thread-0] INFO  server.RaftServer$Division (ServerState.java:setRaftConf(429)) - s3@group-C3E9AA6170F9: set configuration 0: peers:[s3|rpc:localhost:42219|admin:localhost:33767|client:localhost:36081|dataStream:localhost:37601|priority:0|startupRole:FOLLOWER, s4|rpc:localhost:41277|admin:localhost:43681|client:localhost:37665|dataStream:localhost:40265|priority:0|startupRole:FOLLOWER, s0|rpc:localhost:41401|admin:localhost:36139|client:localhost:41875|dataStream:localhost:43073|priority:0|startupRole:FOLLOWER, s1|rpc:localhost:40237|admin:localhost:43387|client:localhost:44849|dataStream:localhost:33723|priority:0|startupRole:FOLLOWER, s2|rpc:localhost:40705|admin:localhost:41207|client:localhost:37579|dataStream:localhost:35097|priority:0|startupRole:FOLLOWER]|listeners:[], old=null
2022-07-21 18:24:06,349 [Thread-0] INFO  segmented.SegmentedRaftLogWorker (SegmentedRaftLogWorker.java:startLogSegment(425)) - s3@group-C3E9AA6170F9-SegmentedRaftLogWorker: Starting segment from index:0
2022-07-21 18:24:06,348 [Thread-23] INFO  segmented.SegmentedRaftLogWorker (SegmentedRaftLogWorker.java:startLogSegment(425)) - s1@group-C3E9AA6170F9-SegmentedRaftLogWorker: Starting segment from index:0
2022-07-21 18:24:06,348 [Thread-30] INFO  server.RaftServer$Division (ServerState.java:setRaftConf(429)) - s2@group-C3E9AA6170F9: set configuration 0: peers:[s3|rpc:localhost:42219|admin:localhost:33767|client:localhost:36081|dataStream:localhost:37601|priority:0|startupRole:FOLLOWER, s4|rpc:localhost:41277|admin:localhost:43681|client:localhost:37665|dataStream:localhost:40265|priority:0|startupRole:FOLLOWER, s0|rpc:localhost:41401|admin:localhost:36139|client:localhost:41875|dataStream:localhost:43073|priority:0|startupRole:FOLLOWER, s1|rpc:localhost:40237|admin:localhost:43387|client:localhost:44849|dataStream:localhost:33723|priority:0|startupRole:FOLLOWER, s2|rpc:localhost:40705|admin:localhost:41207|client:localhost:37579|dataStream:localhost:35097|priority:0|startupRole:FOLLOWER]|listeners:[], old=null
2022-07-21 18:24:06,354 [Thread-30] INFO  segmented.SegmentedRaftLogWorker (SegmentedRaftLogWorker.java:startLogSegment(425)) - s2@group-C3E9AA6170F9-SegmentedRaftLogWorker: Starting segment from index:0
2022-07-21 18:24:06,349 [Thread-9] INFO  server.RaftServer$Division (ServerState.java:setRaftConf(429)) - s4@group-C3E9AA6170F9: set configuration 0: peers:[s3|rpc:localhost:42219|admin:localhost:33767|client:localhost:36081|dataStream:localhost:37601|priority:0|startupRole:FOLLOWER, s4|rpc:localhost:41277|admin:localhost:43681|client:localhost:37665|dataStream:localhost:40265|priority:0|startupRole:FOLLOWER, s0|rpc:localhost:41401|admin:localhost:36139|client:localhost:41875|dataStream:localhost:43073|priority:0|startupRole:FOLLOWER, s1|rpc:localhost:40237|admin:localhost:43387|client:localhost:44849|dataStream:localhost:33723|priority:0|startupRole:FOLLOWER, s2|rpc:localhost:40705|admin:localhost:41207|client:localhost:37579|dataStream:localhost:35097|priority:0|startupRole:FOLLOWER]|listeners:[], old=null
2022-07-21 18:24:06,359 [Thread-9] INFO  segmented.SegmentedRaftLogWorker (SegmentedRaftLogWorker.java:startLogSegment(425)) - s4@group-C3E9AA6170F9-SegmentedRaftLogWorker: Starting segment from index:0
2022-07-21 18:24:06,375 [s2@group-C3E9AA6170F9-SegmentedRaftLogWorker] INFO  segmented.SegmentedRaftLogWorker (SegmentedRaftLogWorker.java:execute(629)) - s2@group-C3E9AA6170F9-SegmentedRaftLogWorker: created new log segment /home/runner/work/ratis/ratis/ratis-test/target/test/data/44cdabc1/MiniRaftClusterWithSimulatedRpc85d47eda/s2/fc2ba6b5-97d1-492b-b128-c3e9aa6170f9/current/log_inprogress_0
2022-07-21 18:24:06,375 [s4@group-C3E9AA6170F9-SegmentedRaftLogWorker] INFO  segmented.SegmentedRaftLogWorker (SegmentedRaftLogWorker.java:execute(629)) - s4@group-C3E9AA6170F9-SegmentedRaftLogWorker: created new log segment /home/runner/work/ratis/ratis/ratis-test/target/test/data/44cdabc1/MiniRaftClusterWithSimulatedRpc85d47eda/s4/fc2ba6b5-97d1-492b-b128-c3e9aa6170f9/current/log_inprogress_0
2022-07-21 18:24:06,376 [s3@group-C3E9AA6170F9-SegmentedRaftLogWorker] INFO  segmented.SegmentedRaftLogWorker (SegmentedRaftLogWorker.java:execute(629)) - s3@group-C3E9AA6170F9-SegmentedRaftLogWorker: created new log segment /home/runner/work/ratis/ratis/ratis-test/target/test/data/44cdabc1/MiniRaftClusterWithSimulatedRpc85d47eda/s3/fc2ba6b5-97d1-492b-b128-c3e9aa6170f9/current/log_inprogress_0
2022-07-21 18:24:06,377 [s1@group-C3E9AA6170F9-SegmentedRaftLogWorker] INFO  segmented.SegmentedRaftLogWorker (SegmentedRaftLogWorker.java:execute(629)) - s1@group-C3E9AA6170F9-SegmentedRaftLogWorker: created new log segment /home/runner/work/ratis/ratis/ratis-test/target/test/data/44cdabc1/MiniRaftClusterWithSimulatedRpc85d47eda/s1/fc2ba6b5-97d1-492b-b128-c3e9aa6170f9/current/log_inprogress_0
2022-07-21 18:24:06,378 [Thread-83] DEBUG server.RaftServer$Division (RaftServerImpl.java:logAppendEntries(1305)) - s2@group-C3E9AA6170F9: succeeded to handle AppendEntries. Reply: s0<-s2#6:OK-t1,SUCCESS,nextIndex=1,followerCommit=-1,matchIndex=0
2022-07-21 18:24:06,378 [Thread-84] DEBUG server.RaftServer$Division (RaftServerImpl.java:logAppendEntries(1305)) - s3@group-C3E9AA6170F9: succeeded to handle AppendEntries. Reply: s0<-s3#7:OK-t1,SUCCESS,nextIndex=1,followerCommit=-1,matchIndex=0
2022-07-21 18:24:06,379 [Thread-85] DEBUG server.RaftServer$Division (RaftServerImpl.java:logAppendEntries(1305)) - s1@group-C3E9AA6170F9: succeeded to handle AppendEntries. Reply: s0<-s1#5:OK-t1,SUCCESS,nextIndex=1,followerCommit=-1,matchIndex=0
2022-07-21 18:24:06,379 [Thread-86] DEBUG server.RaftServer$Division (RaftServerImpl.java:logAppendEntries(1305)) - s4@group-C3E9AA6170F9: succeeded to handle AppendEntries. Reply: s0<-s4#4:OK-t1,SUCCESS,nextIndex=1,followerCommit=-1,matchIndex=0
2022-07-21 18:24:06,430 [Time-limited test] INFO  ratis.RaftTestUtil (RaftTestUtil.java:waitForLeader(119)) - printing ALL groups
  s3:  RUNNING  FOLLOWER s3@group-C3E9AA6170F9:t1, leader=s0, voted=s3, raftlog=Memoized:s3@group-C3E9AA6170F9-SegmentedRaftLog:OPENED:c-1, conf=0: peers:[s3|rpc:localhost:42219|admin:localhost:33767|client:localhost:36081|dataStream:localhost:37601|priority:0|startupRole:FOLLOWER, s4|rpc:localhost:41277|admin:localhost:43681|client:localhost:37665|dataStream:localhost:40265|priority:0|startupRole:FOLLOWER, s0|rpc:localhost:41401|admin:localhost:36139|client:localhost:41875|dataStream:localhost:43073|priority:0|startupRole:FOLLOWER, s1|rpc:localhost:40237|admin:localhost:43387|client:localhost:44849|dataStream:localhost:33723|priority:0|startupRole:FOLLOWER, s2|rpc:localhost:40705|admin:localhost:41207|client:localhost:37579|dataStream:localhost:35097|priority:0|startupRole:FOLLOWER]|listeners:[], old=null RUNNING
  s4:  RUNNING  FOLLOWER s4@group-C3E9AA6170F9:t1, leader=s0, voted=s3, raftlog=Memoized:s4@group-C3E9AA6170F9-SegmentedRaftLog:OPENED:c-1, conf=0: peers:[s3|rpc:localhost:42219|admin:localhost:33767|client:localhost:36081|dataStream:localhost:37601|priority:0|startupRole:FOLLOWER, s4|rpc:localhost:41277|admin:localhost:43681|client:localhost:37665|dataStream:localhost:40265|priority:0|startupRole:FOLLOWER, s0|rpc:localhost:41401|admin:localhost:36139|client:localhost:41875|dataStream:localhost:43073|priority:0|startupRole:FOLLOWER, s1|rpc:localhost:40237|admin:localhost:43387|client:localhost:44849|dataStream:localhost:33723|priority:0|startupRole:FOLLOWER, s2|rpc:localhost:40705|admin:localhost:41207|client:localhost:37579|dataStream:localhost:35097|priority:0|startupRole:FOLLOWER]|listeners:[], old=null RUNNING
  s0:  RUNNING    LEADER s0@group-C3E9AA6170F9:t1, leader=s0, voted=s0, raftlog=Memoized:s0@group-C3E9AA6170F9-SegmentedRaftLog:OPENED:c0, conf=0: peers:[s3|rpc:localhost:42219|admin:localhost:33767|client:localhost:36081|dataStream:localhost:37601|priority:0|startupRole:FOLLOWER, s4|rpc:localhost:41277|admin:localhost:43681|client:localhost:37665|dataStream:localhost:40265|priority:0|startupRole:FOLLOWER, s0|rpc:localhost:41401|admin:localhost:36139|client:localhost:41875|dataStream:localhost:43073|priority:0|startupRole:FOLLOWER, s1|rpc:localhost:40237|admin:localhost:43387|client:localhost:44849|dataStream:localhost:33723|priority:0|startupRole:FOLLOWER, s2|rpc:localhost:40705|admin:localhost:41207|client:localhost:37579|dataStream:localhost:35097|priority:0|startupRole:FOLLOWER]|listeners:[], old=null RUNNING
  s1:  RUNNING  FOLLOWER s1@group-C3E9AA6170F9:t1, leader=s0, voted=s0, raftlog=Memoized:s1@group-C3E9AA6170F9-SegmentedRaftLog:OPENED:c-1, conf=0: peers:[s3|rpc:localhost:42219|admin:localhost:33767|client:localhost:36081|dataStream:localhost:37601|priority:0|startupRole:FOLLOWER, s4|rpc:localhost:41277|admin:localhost:43681|client:localhost:37665|dataStream:localhost:40265|priority:0|startupRole:FOLLOWER, s0|rpc:localhost:41401|admin:localhost:36139|client:localhost:41875|dataStream:localhost:43073|priority:0|startupRole:FOLLOWER, s1|rpc:localhost:40237|admin:localhost:43387|client:localhost:44849|dataStream:localhost:33723|priority:0|startupRole:FOLLOWER, s2|rpc:localhost:40705|admin:localhost:41207|client:localhost:37579|dataStream:localhost:35097|priority:0|startupRole:FOLLOWER]|listeners:[], old=null RUNNING
  s2:  RUNNING  FOLLOWER s2@group-C3E9AA6170F9:t1, leader=s0, voted=s0, raftlog=Memoized:s2@group-C3E9AA6170F9-SegmentedRaftLog:OPENED:c-1, conf=0: peers:[s3|rpc:localhost:42219|admin:localhost:33767|client:localhost:36081|dataStream:localhost:37601|priority:0|startupRole:FOLLOWER, s4|rpc:localhost:41277|admin:localhost:43681|client:localhost:37665|dataStream:localhost:40265|priority:0|startupRole:FOLLOWER, s0|rpc:localhost:41401|admin:localhost:36139|client:localhost:41875|dataStream:localhost:43073|priority:0|startupRole:FOLLOWER, s1|rpc:localhost:40237|admin:localhost:43387|client:localhost:44849|dataStream:localhost:33723|priority:0|startupRole:FOLLOWER, s2|rpc:localhost:40705|admin:localhost:41207|client:localhost:37579|dataStream:localhost:35097|priority:0|startupRole:FOLLOWER]|listeners:[], old=null RUNNING
2022-07-21 18:24:06,430 [Time-limited test] INFO  simulation.TestLeaderElectionWithSimulatedRpc (LeaderElectionTests.java:testEnforceLeader(229)) - firstLeader = s0
2022-07-21 18:24:06,431 [Time-limited test] INFO  simulation.TestLeaderElectionWithSimulatedRpc (LeaderElectionTests.java:testEnforceLeader(234)) - enforce leader to s3
2022-07-21 18:24:06,431 [Time-limited test] INFO  simulation.TestLeaderElectionWithSimulatedRpc (LeaderElectionTests.java:enforceLeader(240)) - printing ALL groups
  s3:  RUNNING  FOLLOWER s3@group-C3E9AA6170F9:t1, leader=s0, voted=s3, raftlog=Memoized:s3@group-C3E9AA6170F9-SegmentedRaftLog:OPENED:c-1, conf=0: peers:[s3|rpc:localhost:42219|admin:localhost:33767|client:localhost:36081|dataStream:localhost:37601|priority:0|startupRole:FOLLOWER, s4|rpc:localhost:41277|admin:localhost:43681|client:localhost:37665|dataStream:localhost:40265|priority:0|startupRole:FOLLOWER, s0|rpc:localhost:41401|admin:localhost:36139|client:localhost:41875|dataStream:localhost:43073|priority:0|startupRole:FOLLOWER, s1|rpc:localhost:40237|admin:localhost:43387|client:localhost:44849|dataStream:localhost:33723|priority:0|startupRole:FOLLOWER, s2|rpc:localhost:40705|admin:localhost:41207|client:localhost:37579|dataStream:localhost:35097|priority:0|startupRole:FOLLOWER]|listeners:[], old=null RUNNING
  s4:  RUNNING  FOLLOWER s4@group-C3E9AA6170F9:t1, leader=s0, voted=s3, raftlog=Memoized:s4@group-C3E9AA6170F9-SegmentedRaftLog:OPENED:c-1, conf=0: peers:[s3|rpc:localhost:42219|admin:localhost:33767|client:localhost:36081|dataStream:localhost:37601|priority:0|startupRole:FOLLOWER, s4|rpc:localhost:41277|admin:localhost:43681|client:localhost:37665|dataStream:localhost:40265|priority:0|startupRole:FOLLOWER, s0|rpc:localhost:41401|admin:localhost:36139|client:localhost:41875|dataStream:localhost:43073|priority:0|startupRole:FOLLOWER, s1|rpc:localhost:40237|admin:localhost:43387|client:localhost:44849|dataStream:localhost:33723|priority:0|startupRole:FOLLOWER, s2|rpc:localhost:40705|admin:localhost:41207|client:localhost:37579|dataStream:localhost:35097|priority:0|startupRole:FOLLOWER]|listeners:[], old=null RUNNING
  s0:  RUNNING    LEADER s0@group-C3E9AA6170F9:t1, leader=s0, voted=s0, raftlog=Memoized:s0@group-C3E9AA6170F9-SegmentedRaftLog:OPENED:c0, conf=0: peers:[s3|rpc:localhost:42219|admin:localhost:33767|client:localhost:36081|dataStream:localhost:37601|priority:0|startupRole:FOLLOWER, s4|rpc:localhost:41277|admin:localhost:43681|client:localhost:37665|dataStream:localhost:40265|priority:0|startupRole:FOLLOWER, s0|rpc:localhost:41401|admin:localhost:36139|client:localhost:41875|dataStream:localhost:43073|priority:0|startupRole:FOLLOWER, s1|rpc:localhost:40237|admin:localhost:43387|client:localhost:44849|dataStream:localhost:33723|priority:0|startupRole:FOLLOWER, s2|rpc:localhost:40705|admin:localhost:41207|client:localhost:37579|dataStream:localhost:35097|priority:0|startupRole:FOLLOWER]|listeners:[], old=null RUNNING
  s1:  RUNNING  FOLLOWER s1@group-C3E9AA6170F9:t1, leader=s0, voted=s0, raftlog=Memoized:s1@group-C3E9AA6170F9-SegmentedRaftLog:OPENED:c-1, conf=0: peers:[s3|rpc:localhost:42219|admin:localhost:33767|client:localhost:36081|dataStream:localhost:37601|priority:0|startupRole:FOLLOWER, s4|rpc:localhost:41277|admin:localhost:43681|client:localhost:37665|dataStream:localhost:40265|priority:0|startupRole:FOLLOWER, s0|rpc:localhost:41401|admin:localhost:36139|client:localhost:41875|dataStream:localhost:43073|priority:0|startupRole:FOLLOWER, s1|rpc:localhost:40237|admin:localhost:43387|client:localhost:44849|dataStream:localhost:33723|priority:0|startupRole:FOLLOWER, s2|rpc:localhost:40705|admin:localhost:41207|client:localhost:37579|dataStream:localhost:35097|priority:0|startupRole:FOLLOWER]|listeners:[], old=null RUNNING
  s2:  RUNNING  FOLLOWER s2@group-C3E9AA6170F9:t1, leader=s0, voted=s0, raftlog=Memoized:s2@group-C3E9AA6170F9-SegmentedRaftLog:OPENED:c-1, conf=0: peers:[s3|rpc:localhost:42219|admin:localhost:33767|client:localhost:36081|dataStream:localhost:37601|priority:0|startupRole:FOLLOWER, s4|rpc:localhost:41277|admin:localhost:43681|client:localhost:37665|dataStream:localhost:40265|priority:0|startupRole:FOLLOWER, s0|rpc:localhost:41401|admin:localhost:36139|client:localhost:41875|dataStream:localhost:43073|priority:0|startupRole:FOLLOWER, s1|rpc:localhost:40237|admin:localhost:43387|client:localhost:44849|dataStream:localhost:33723|priority:0|startupRole:FOLLOWER, s2|rpc:localhost:40705|admin:localhost:41207|client:localhost:37579|dataStream:localhost:35097|priority:0|startupRole:FOLLOWER]|listeners:[], old=null RUNNING
2022-07-21 18:24:06,433 [Time-limited test] INFO  server.RaftServerConfigKeys (ConfUtils.java:logGet(46)) - raft.server.rpc.timeout.max = 300ms (default)
2022-07-21 18:24:06,850 [s3@group-C3E9AA6170F9-FollowerState] INFO  impl.FollowerState (FollowerState.java:run(143)) - s3@group-C3E9AA6170F9-FollowerState: change to CANDIDATE, lastRpcElapsedTime:472242363ns, electionTimeout:179ms
2022-07-21 18:24:06,851 [s3@group-C3E9AA6170F9-FollowerState] INFO  impl.RoleInfo (RoleInfo.java:shutdownFollowerState(110)) - s3: shutdown s3@group-C3E9AA6170F9-FollowerState
2022-07-21 18:24:06,851 [s3@group-C3E9AA6170F9-FollowerState] INFO  server.RaftServer$Division (RaftServerImpl.java:setRole(301)) - s3@group-C3E9AA6170F9: changes role from  FOLLOWER to CANDIDATE at term 1 for changeToCandidate
2022-07-21 18:24:06,851 [s3@group-C3E9AA6170F9-FollowerState] INFO  server.RaftServerConfigKeys (ConfUtils.java:logGet(46)) - raft.server.leaderelection.pre-vote = true (default)
2022-07-21 18:24:06,851 [s3@group-C3E9AA6170F9-FollowerState] INFO  impl.RoleInfo (RoleInfo.java:updateAndGet(139)) - s3: start s3@group-C3E9AA6170F9-LeaderElection3
2022-07-21 18:24:06,851 [s3@group-C3E9AA6170F9-LeaderElection3] INFO  server.RaftServer$Division (ServerState.java:setLeader(313)) - s3@group-C3E9AA6170F9: change Leader from s0 to null at term 1 for PRE_VOTE
2022-07-21 18:24:06,851 [s3@group-C3E9AA6170F9-LeaderElection3] INFO  impl.LeaderElection (LeaderElection.java:askForVotes(310)) - s3@group-C3E9AA6170F9-LeaderElection3 PRE_VOTE round 0: submit vote requests at term 1 for 0: peers:[s3|rpc:localhost:42219|admin:localhost:33767|client:localhost:36081|dataStream:localhost:37601|priority:0|startupRole:FOLLOWER, s4|rpc:localhost:41277|admin:localhost:43681|client:localhost:37665|dataStream:localhost:40265|priority:0|startupRole:FOLLOWER, s0|rpc:localhost:41401|admin:localhost:36139|client:localhost:41875|dataStream:localhost:43073|priority:0|startupRole:FOLLOWER, s1|rpc:localhost:40237|admin:localhost:43387|client:localhost:44849|dataStream:localhost:33723|priority:0|startupRole:FOLLOWER, s2|rpc:localhost:40705|admin:localhost:41207|client:localhost:37579|dataStream:localhost:35097|priority:0|startupRole:FOLLOWER]|listeners:[], old=null
2022-07-21 18:24:06,883 [Time-limited test] INFO  server.RaftServerConfigKeys (ConfUtils.java:logGet(46)) - raft.server.rpc.timeout.max = 300ms (default)
2022-07-21 18:24:07,002 [Thread-9] INFO  server.RaftServer$Division (RaftServerImpl.java:requestVote(1198)) - s4@group-C3E9AA6170F9: receive requestVote(PRE_VOTE, s3, group-C3E9AA6170F9, 1, (t:1, i:0))
2022-07-21 18:24:07,003 [Thread-23] INFO  server.RaftServer$Division (RaftServerImpl.java:requestVote(1198)) - s1@group-C3E9AA6170F9: receive requestVote(PRE_VOTE, s3, group-C3E9AA6170F9, 1, (t:1, i:0))
2022-07-21 18:24:07,003 [Thread-23] INFO  impl.VoteContext (VoteContext.java:log(48)) - s1@group-C3E9AA6170F9-FOLLOWER: reject PRE_VOTE from s3: this server is a follower and still has a valid leader s0
2022-07-21 18:24:07,003 [Thread-23] INFO  server.RaftServer$Division (RaftServerImpl.java:requestVote(1231)) - s1@group-C3E9AA6170F9 replies to PRE_VOTE vote request: s3<-s1#0:FAIL-t1. Peer's state: s1@group-C3E9AA6170F9:t1, leader=s0, voted=s0, raftlog=Memoized:s1@group-C3E9AA6170F9-SegmentedRaftLog:OPENED:c0, conf=0: peers:[s3|rpc:localhost:42219|admin:localhost:33767|client:localhost:36081|dataStream:localhost:37601|priority:0|startupRole:FOLLOWER, s4|rpc:localhost:41277|admin:localhost:43681|client:localhost:37665|dataStream:localhost:40265|priority:0|startupRole:FOLLOWER, s0|rpc:localhost:41401|admin:localhost:36139|client:localhost:41875|dataStream:localhost:43073|priority:0|startupRole:FOLLOWER, s1|rpc:localhost:40237|admin:localhost:43387|client:localhost:44849|dataStream:localhost:33723|priority:0|startupRole:FOLLOWER, s2|rpc:localhost:40705|admin:localhost:41207|client:localhost:37579|dataStream:localhost:35097|priority:0|startupRole:FOLLOWER]|listeners:[], old=null
2022-07-21 18:24:07,003 [Thread-9] INFO  impl.VoteContext (VoteContext.java:log(48)) - s4@group-C3E9AA6170F9-FOLLOWER: reject PRE_VOTE from s3: this server is a follower and still has a valid leader s0
2022-07-21 18:24:07,003 [Thread-9] INFO  server.RaftServer$Division (RaftServerImpl.java:requestVote(1231)) - s4@group-C3E9AA6170F9 replies to PRE_VOTE vote request: s3<-s4#0:FAIL-t1. Peer's state: s4@group-C3E9AA6170F9:t1, leader=s0, voted=s3, raftlog=Memoized:s4@group-C3E9AA6170F9-SegmentedRaftLog:OPENED:c0, conf=0: peers:[s3|rpc:localhost:42219|admin:localhost:33767|client:localhost:36081|dataStream:localhost:37601|priority:0|startupRole:FOLLOWER, s4|rpc:localhost:41277|admin:localhost:43681|client:localhost:37665|dataStream:localhost:40265|priority:0|startupRole:FOLLOWER, s0|rpc:localhost:41401|admin:localhost:36139|client:localhost:41875|dataStream:localhost:43073|priority:0|startupRole:FOLLOWER, s1|rpc:localhost:40237|admin:localhost:43387|client:localhost:44849|dataStream:localhost:33723|priority:0|startupRole:FOLLOWER, s2|rpc:localhost:40705|admin:localhost:41207|client:localhost:37579|dataStream:localhost:35097|priority:0|startupRole:FOLLOWER]|listeners:[], old=null
2022-07-21 18:24:07,004 [Thread-30] INFO  server.RaftServer$Division (RaftServerImpl.java:requestVote(1198)) - s2@group-C3E9AA6170F9: receive requestVote(PRE_VOTE, s3, group-C3E9AA6170F9, 1, (t:1, i:0))
2022-07-21 18:24:07,004 [Thread-30] INFO  impl.VoteContext (VoteContext.java:log(48)) - s2@group-C3E9AA6170F9-FOLLOWER: reject PRE_VOTE from s3: this server is a follower and still has a valid leader s0
2022-07-21 18:24:07,004 [Thread-30] INFO  server.RaftServer$Division (RaftServerImpl.java:requestVote(1231)) - s2@group-C3E9AA6170F9 replies to PRE_VOTE vote request: s3<-s2#0:FAIL-t1. Peer's state: s2@group-C3E9AA6170F9:t1, leader=s0, voted=s0, raftlog=Memoized:s2@group-C3E9AA6170F9-SegmentedRaftLog:OPENED:c0, conf=0: peers:[s3|rpc:localhost:42219|admin:localhost:33767|client:localhost:36081|dataStream:localhost:37601|priority:0|startupRole:FOLLOWER, s4|rpc:localhost:41277|admin:localhost:43681|client:localhost:37665|dataStream:localhost:40265|priority:0|startupRole:FOLLOWER, s0|rpc:localhost:41401|admin:localhost:36139|client:localhost:41875|dataStream:localhost:43073|priority:0|startupRole:FOLLOWER, s1|rpc:localhost:40237|admin:localhost:43387|client:localhost:44849|dataStream:localhost:33723|priority:0|startupRole:FOLLOWER, s2|rpc:localhost:40705|admin:localhost:41207|client:localhost:37579|dataStream:localhost:35097|priority:0|startupRole:FOLLOWER]|listeners:[], old=null
2022-07-21 18:24:07,004 [Thread-16] INFO  server.RaftServer$Division (RaftServerImpl.java:requestVote(1198)) - s0@group-C3E9AA6170F9: receive requestVote(PRE_VOTE, s3, group-C3E9AA6170F9, 1, (t:1, i:0))
2022-07-21 18:24:07,004 [s3@group-C3E9AA6170F9-LeaderElection3] INFO  impl.LeaderElection (LeaderElection.java:logAndReturn(90)) - s3@group-C3E9AA6170F9-LeaderElection3: PRE_VOTE REJECTED received 3 response(s) and 0 exception(s):
2022-07-21 18:24:07,004 [s3@group-C3E9AA6170F9-LeaderElection3] INFO  impl.LeaderElection (LeaderElection.java:logAndReturn(94)) -   Response 0: s3<-s4#0:FAIL-t1
2022-07-21 18:24:07,005 [s3@group-C3E9AA6170F9-LeaderElection3] INFO  impl.LeaderElection (LeaderElection.java:logAndReturn(94)) -   Response 1: s3<-s1#0:FAIL-t1
2022-07-21 18:24:07,005 [s3@group-C3E9AA6170F9-LeaderElection3] INFO  impl.LeaderElection (LeaderElection.java:logAndReturn(94)) -   Response 2: s3<-s2#0:FAIL-t1
2022-07-21 18:24:07,005 [s3@group-C3E9AA6170F9-LeaderElection3] INFO  impl.LeaderElection (LeaderElection.java:askForVotes(312)) - s3@group-C3E9AA6170F9-LeaderElection3 PRE_VOTE round 0: result REJECTED
2022-07-21 18:24:07,005 [s3@group-C3E9AA6170F9-LeaderElection3] INFO  server.RaftServer$Division (RaftServerImpl.java:setRole(301)) - s3@group-C3E9AA6170F9: changes role from CANDIDATE to FOLLOWER at term 1 for REJECTED
2022-07-21 18:24:07,005 [Thread-16] INFO  impl.VoteContext (VoteContext.java:log(48)) - s0@group-C3E9AA6170F9-LEADER: reject PRE_VOTE from s3: this server is the leader and still has leadership
2022-07-21 18:24:07,005 [Thread-16] INFO  server.RaftServer$Division (RaftServerImpl.java:requestVote(1231)) - s0@group-C3E9AA6170F9 replies to PRE_VOTE vote request: s3<-s0#0:FAIL-t1. Peer's state: s0@group-C3E9AA6170F9:t1, leader=s0, voted=s0, raftlog=Memoized:s0@group-C3E9AA6170F9-SegmentedRaftLog:OPENED:c0, conf=0: peers:[s3|rpc:localhost:42219|admin:localhost:33767|client:localhost:36081|dataStream:localhost:37601|priority:0|startupRole:FOLLOWER, s4|rpc:localhost:41277|admin:localhost:43681|client:localhost:37665|dataStream:localhost:40265|priority:0|startupRole:FOLLOWER, s0|rpc:localhost:41401|admin:localhost:36139|client:localhost:41875|dataStream:localhost:43073|priority:0|startupRole:FOLLOWER, s1|rpc:localhost:40237|admin:localhost:43387|client:localhost:44849|dataStream:localhost:33723|priority:0|startupRole:FOLLOWER, s2|rpc:localhost:40705|admin:localhost:41207|client:localhost:37579|dataStream:localhost:35097|priority:0|startupRole:FOLLOWER]|listeners:[], old=null
2022-07-21 18:24:07,005 [s3@group-C3E9AA6170F9-LeaderElection3] INFO  impl.RoleInfo (RoleInfo.java:shutdownLeaderElection(130)) - s3: shutdown s3@group-C3E9AA6170F9-LeaderElection3
2022-07-21 18:24:07,005 [s3@group-C3E9AA6170F9-LeaderElection3] INFO  impl.RoleInfo (RoleInfo.java:updateAndGet(139)) - s3: start s3@group-C3E9AA6170F9-FollowerState
2022-07-21 18:24:07,055 [Thread-1] INFO  server.RaftServer$Division (ServerState.java:setLeader(313)) - s3@group-C3E9AA6170F9: change Leader from null to s0 at term 1 for appendEntries, leader elected after 204ms
2022-07-21 18:24:07,334 [Time-limited test] INFO  simulation.TestLeaderElectionWithSimulatedRpc (LeaderElectionTests.java:enforceLeader(243)) - try enforcing leader to s3 but new leader is s0
2022-07-21 18:24:07,334 [Time-limited test] INFO  server.RaftServerConfigKeys (ConfUtils.java:logGet(46)) - raft.server.rpc.timeout.max = 300ms (default)
2022-07-21 18:24:07,644 [s3@group-C3E9AA6170F9-FollowerState] INFO  impl.FollowerState (FollowerState.java:run(143)) - s3@group-C3E9AA6170F9-FollowerState: change to CANDIDATE, lastRpcElapsedTime:357238599ns, electionTimeout:219ms
2022-07-21 18:24:07,644 [s3@group-C3E9AA6170F9-FollowerState] INFO  impl.RoleInfo (RoleInfo.java:shutdownFollowerState(110)) - s3: shutdown s3@group-C3E9AA6170F9-FollowerState
2022-07-21 18:24:07,644 [s3@group-C3E9AA6170F9-FollowerState] INFO  server.RaftServer$Division (RaftServerImpl.java:setRole(301)) - s3@group-C3E9AA6170F9: changes role from  FOLLOWER to CANDIDATE at term 1 for changeToCandidate
2022-07-21 18:24:07,645 [s3@group-C3E9AA6170F9-FollowerState] INFO  server.RaftServerConfigKeys (ConfUtils.java:logGet(46)) - raft.server.leaderelection.pre-vote = true (default)
2022-07-21 18:24:07,645 [s3@group-C3E9AA6170F9-FollowerState] INFO  impl.RoleInfo (RoleInfo.java:updateAndGet(139)) - s3: start s3@group-C3E9AA6170F9-LeaderElection4
2022-07-21 18:24:07,645 [s3@group-C3E9AA6170F9-LeaderElection4] INFO  server.RaftServer$Division (ServerState.java:setLeader(313)) - s3@group-C3E9AA6170F9: change Leader from s0 to null at term 1 for PRE_VOTE
2022-07-21 18:24:07,645 [s3@group-C3E9AA6170F9-LeaderElection4] INFO  impl.LeaderElection (LeaderElection.java:askForVotes(310)) - s3@group-C3E9AA6170F9-LeaderElection4 PRE_VOTE round 0: submit vote requests at term 1 for 0: peers:[s3|rpc:localhost:42219|admin:localhost:33767|client:localhost:36081|dataStream:localhost:37601|priority:0|startupRole:FOLLOWER, s4|rpc:localhost:41277|admin:localhost:43681|client:localhost:37665|dataStream:localhost:40265|priority:0|startupRole:FOLLOWER, s0|rpc:localhost:41401|admin:localhost:36139|client:localhost:41875|dataStream:localhost:43073|priority:0|startupRole:FOLLOWER, s1|rpc:localhost:40237|admin:localhost:43387|client:localhost:44849|dataStream:localhost:33723|priority:0|startupRole:FOLLOWER, s2|rpc:localhost:40705|admin:localhost:41207|client:localhost:37579|dataStream:localhost:35097|priority:0|startupRole:FOLLOWER]|listeners:[], old=null
2022-07-21 18:24:07,785 [Time-limited test] INFO  server.RaftServerConfigKeys (ConfUtils.java:logGet(46)) - raft.server.rpc.timeout.max = 300ms (default)
2022-07-21 18:24:07,796 [Thread-7] INFO  server.RaftServer$Division (RaftServerImpl.java:requestVote(1198)) - s4@group-C3E9AA6170F9: receive requestVote(PRE_VOTE, s3, group-C3E9AA6170F9, 1, (t:1, i:0))
2022-07-21 18:24:07,797 [Thread-7] INFO  impl.VoteContext (VoteContext.java:log(48)) - s4@group-C3E9AA6170F9-FOLLOWER: reject PRE_VOTE from s3: this server is a follower and still has a valid leader s0
2022-07-21 18:24:07,797 [Thread-7] INFO  server.RaftServer$Division (RaftServerImpl.java:requestVote(1231)) - s4@group-C3E9AA6170F9 replies to PRE_VOTE vote request: s3<-s4#0:FAIL-t1. Peer's state: s4@group-C3E9AA6170F9:t1, leader=s0, voted=s3, raftlog=Memoized:s4@group-C3E9AA6170F9-SegmentedRaftLog:OPENED:c0, conf=0: peers:[s3|rpc:localhost:42219|admin:localhost:33767|client:localhost:36081|dataStream:localhost:37601|priority:0|startupRole:FOLLOWER, s4|rpc:localhost:41277|admin:localhost:43681|client:localhost:37665|dataStream:localhost:40265|priority:0|startupRole:FOLLOWER, s0|rpc:localhost:41401|admin:localhost:36139|client:localhost:41875|dataStream:localhost:43073|priority:0|startupRole:FOLLOWER, s1|rpc:localhost:40237|admin:localhost:43387|client:localhost:44849|dataStream:localhost:33723|priority:0|startupRole:FOLLOWER, s2|rpc:localhost:40705|admin:localhost:41207|client:localhost:37579|dataStream:localhost:35097|priority:0|startupRole:FOLLOWER]|listeners:[], old=null
2022-07-21 18:24:07,797 [Thread-14] INFO  server.RaftServer$Division (RaftServerImpl.java:requestVote(1198)) - s0@group-C3E9AA6170F9: receive requestVote(PRE_VOTE, s3, group-C3E9AA6170F9, 1, (t:1, i:0))
2022-07-21 18:24:07,797 [Thread-21] INFO  server.RaftServer$Division (RaftServerImpl.java:requestVote(1198)) - s1@group-C3E9AA6170F9: receive requestVote(PRE_VOTE, s3, group-C3E9AA6170F9, 1, (t:1, i:0))
2022-07-21 18:24:07,797 [Thread-14] INFO  impl.VoteContext (VoteContext.java:log(48)) - s0@group-C3E9AA6170F9-LEADER: reject PRE_VOTE from s3: this server is the leader and still has leadership
2022-07-21 18:24:07,797 [Thread-21] INFO  impl.VoteContext (VoteContext.java:log(48)) - s1@group-C3E9AA6170F9-FOLLOWER: reject PRE_VOTE from s3: this server is a follower and still has a valid leader s0
2022-07-21 18:24:07,797 [Thread-14] INFO  server.RaftServer$Division (RaftServerImpl.java:requestVote(1231)) - s0@group-C3E9AA6170F9 replies to PRE_VOTE vote request: s3<-s0#0:FAIL-t1. Peer's state: s0@group-C3E9AA6170F9:t1, leader=s0, voted=s0, raftlog=Memoized:s0@group-C3E9AA6170F9-SegmentedRaftLog:OPENED:c0, conf=0: peers:[s3|rpc:localhost:42219|admin:localhost:33767|client:localhost:36081|dataStream:localhost:37601|priority:0|startupRole:FOLLOWER, s4|rpc:localhost:41277|admin:localhost:43681|client:localhost:37665|dataStream:localhost:40265|priority:0|startupRole:FOLLOWER, s0|rpc:localhost:41401|admin:localhost:36139|client:localhost:41875|dataStream:localhost:43073|priority:0|startupRole:FOLLOWER, s1|rpc:localhost:40237|admin:localhost:43387|client:localhost:44849|dataStream:localhost:33723|priority:0|startupRole:FOLLOWER, s2|rpc:localhost:40705|admin:localhost:41207|client:localhost:37579|dataStream:localhost:35097|priority:0|startupRole:FOLLOWER]|listeners:[], old=null
2022-07-21 18:24:07,797 [Thread-21] INFO  server.RaftServer$Division (RaftServerImpl.java:requestVote(1231)) - s1@group-C3E9AA6170F9 replies to PRE_VOTE vote request: s3<-s1#0:FAIL-t1. Peer's state: s1@group-C3E9AA6170F9:t1, leader=s0, voted=s0, raftlog=Memoized:s1@group-C3E9AA6170F9-SegmentedRaftLog:OPENED:c0, conf=0: peers:[s3|rpc:localhost:42219|admin:localhost:33767|client:localhost:36081|dataStream:localhost:37601|priority:0|startupRole:FOLLOWER, s4|rpc:localhost:41277|admin:localhost:43681|client:localhost:37665|dataStream:localhost:40265|priority:0|startupRole:FOLLOWER, s0|rpc:localhost:41401|admin:localhost:36139|client:localhost:41875|dataStream:localhost:43073|priority:0|startupRole:FOLLOWER, s1|rpc:localhost:40237|admin:localhost:43387|client:localhost:44849|dataStream:localhost:33723|priority:0|startupRole:FOLLOWER, s2|rpc:localhost:40705|admin:localhost:41207|client:localhost:37579|dataStream:localhost:35097|priority:0|startupRole:FOLLOWER]|listeners:[], old=null
2022-07-21 18:24:07,797 [s3@group-C3E9AA6170F9-LeaderElection4] INFO  impl.LeaderElection (LeaderElection.java:logAndReturn(90)) - s3@group-C3E9AA6170F9-LeaderElection4: PRE_VOTE REJECTED received 3 response(s) and 0 exception(s):
2022-07-21 18:24:07,797 [s3@group-C3E9AA6170F9-LeaderElection4] INFO  impl.LeaderElection (LeaderElection.java:logAndReturn(94)) -   Response 0: s3<-s4#0:FAIL-t1
2022-07-21 18:24:07,797 [s3@group-C3E9AA6170F9-LeaderElection4] INFO  impl.LeaderElection (LeaderElection.java:logAndReturn(94)) -   Response 1: s3<-s0#0:FAIL-t1
2022-07-21 18:24:07,797 [s3@group-C3E9AA6170F9-LeaderElection4] INFO  impl.LeaderElection (LeaderElection.java:logAndReturn(94)) -   Response 2: s3<-s1#0:FAIL-t1
2022-07-21 18:24:07,798 [s3@group-C3E9AA6170F9-LeaderElection4] INFO  impl.LeaderElection (LeaderElection.java:askForVotes(312)) - s3@group-C3E9AA6170F9-LeaderElection4 PRE_VOTE round 0: result REJECTED
2022-07-21 18:24:07,798 [s3@group-C3E9AA6170F9-LeaderElection4] INFO  server.RaftServer$Division (RaftServerImpl.java:setRole(301)) - s3@group-C3E9AA6170F9: changes role from CANDIDATE to FOLLOWER at term 1 for REJECTED
2022-07-21 18:24:07,798 [s3@group-C3E9AA6170F9-LeaderElection4] INFO  impl.RoleInfo (RoleInfo.java:shutdownLeaderElection(130)) - s3: shutdown s3@group-C3E9AA6170F9-LeaderElection4
2022-07-21 18:24:07,798 [s3@group-C3E9AA6170F9-LeaderElection4] INFO  impl.RoleInfo (RoleInfo.java:updateAndGet(139)) - s3: start s3@group-C3E9AA6170F9-FollowerState
2022-07-21 18:24:07,798 [Thread-28] INFO  server.RaftServer$Division (RaftServerImpl.java:requestVote(1198)) - s2@group-C3E9AA6170F9: receive requestVote(PRE_VOTE, s3, group-C3E9AA6170F9, 1, (t:1, i:0))
2022-07-21 18:24:07,798 [Thread-28] INFO  impl.VoteContext (VoteContext.java:log(48)) - s2@group-C3E9AA6170F9-FOLLOWER: reject PRE_VOTE from s3: this server is a follower and still has a valid leader s0
2022-07-21 18:24:07,798 [Thread-28] INFO  server.RaftServer$Division (RaftServerImpl.java:requestVote(1231)) - s2@group-C3E9AA6170F9 replies to PRE_VOTE vote request: s3<-s2#0:FAIL-t1. Peer's state: s2@group-C3E9AA6170F9:t1, leader=s0, voted=s0, raftlog=Memoized:s2@group-C3E9AA6170F9-SegmentedRaftLog:OPENED:c0, conf=0: peers:[s3|rpc:localhost:42219|admin:localhost:33767|client:localhost:36081|dataStream:localhost:37601|priority:0|startupRole:FOLLOWER, s4|rpc:localhost:41277|admin:localhost:43681|client:localhost:37665|dataStream:localhost:40265|priority:0|startupRole:FOLLOWER, s0|rpc:localhost:41401|admin:localhost:36139|client:localhost:41875|dataStream:localhost:43073|priority:0|startupRole:FOLLOWER, s1|rpc:localhost:40237|admin:localhost:43387|client:localhost:44849|dataStream:localhost:33723|priority:0|startupRole:FOLLOWER, s2|rpc:localhost:40705|admin:localhost:41207|client:localhost:37579|dataStream:localhost:35097|priority:0|startupRole:FOLLOWER]|listeners:[], old=null
2022-07-21 18:24:07,963 [Thread-2] INFO  server.RaftServer$Division (ServerState.java:setLeader(313)) - s3@group-C3E9AA6170F9: change Leader from null to s0 at term 1 for appendEntries, leader elected after 317ms
2022-07-21 18:24:08,235 [Time-limited test] INFO  simulation.TestLeaderElectionWithSimulatedRpc (LeaderElectionTests.java:enforceLeader(243)) - try enforcing leader to s3 but new leader is s0
2022-07-21 18:24:08,236 [Time-limited test] INFO  server.RaftServerConfigKeys (ConfUtils.java:logGet(46)) - raft.server.rpc.timeout.max = 300ms (default)
2022-07-21 18:24:08,531 [s3@group-C3E9AA6170F9-FollowerState] INFO  impl.FollowerState (FollowerState.java:run(143)) - s3@group-C3E9AA6170F9-FollowerState: change to CANDIDATE, lastRpcElapsedTime:339508017ns, electionTimeout:284ms
2022-07-21 18:24:08,531 [s3@group-C3E9AA6170F9-FollowerState] INFO  impl.RoleInfo (RoleInfo.java:shutdownFollowerState(110)) - s3: shutdown s3@group-C3E9AA6170F9-FollowerState
2022-07-21 18:24:08,532 [s3@group-C3E9AA6170F9-FollowerState] INFO  server.RaftServer$Division (RaftServerImpl.java:setRole(301)) - s3@group-C3E9AA6170F9: changes role from  FOLLOWER to CANDIDATE at term 1 for changeToCandidate
2022-07-21 18:24:08,532 [s3@group-C3E9AA6170F9-FollowerState] INFO  server.RaftServerConfigKeys (ConfUtils.java:logGet(46)) - raft.server.leaderelection.pre-vote = true (default)
2022-07-21 18:24:08,532 [s3@group-C3E9AA6170F9-FollowerState] INFO  impl.RoleInfo (RoleInfo.java:updateAndGet(139)) - s3: start s3@group-C3E9AA6170F9-LeaderElection5
2022-07-21 18:24:08,532 [s3@group-C3E9AA6170F9-LeaderElection5] INFO  server.RaftServer$Division (ServerState.java:setLeader(313)) - s3@group-C3E9AA6170F9: change Leader from s0 to null at term 1 for PRE_VOTE
2022-07-21 18:24:08,532 [s3@group-C3E9AA6170F9-LeaderElection5] INFO  impl.LeaderElection (LeaderElection.java:askForVotes(310)) - s3@group-C3E9AA6170F9-LeaderElection5 PRE_VOTE round 0: submit vote requests at term 1 for 0: peers:[s3|rpc:localhost:42219|admin:localhost:33767|client:localhost:36081|dataStream:localhost:37601|priority:0|startupRole:FOLLOWER, s4|rpc:localhost:41277|admin:localhost:43681|client:localhost:37665|dataStream:localhost:40265|priority:0|startupRole:FOLLOWER, s0|rpc:localhost:41401|admin:localhost:36139|client:localhost:41875|dataStream:localhost:43073|priority:0|startupRole:FOLLOWER, s1|rpc:localhost:40237|admin:localhost:43387|client:localhost:44849|dataStream:localhost:33723|priority:0|startupRole:FOLLOWER, s2|rpc:localhost:40705|admin:localhost:41207|client:localhost:37579|dataStream:localhost:35097|priority:0|startupRole:FOLLOWER]|listeners:[], old=null
2022-07-21 18:24:08,659 [s1@group-C3E9AA6170F9-FollowerState] INFO  impl.FollowerState (FollowerState.java:run(143)) - s1@group-C3E9AA6170F9-FollowerState: change to CANDIDATE, lastRpcElapsedTime:225034064ns, electionTimeout:195ms
2022-07-21 18:24:08,660 [s1@group-C3E9AA6170F9-FollowerState] INFO  impl.RoleInfo (RoleInfo.java:shutdownFollowerState(110)) - s1: shutdown s1@group-C3E9AA6170F9-FollowerState
2022-07-21 18:24:08,660 [s1@group-C3E9AA6170F9-FollowerState] INFO  server.RaftServer$Division (RaftServerImpl.java:setRole(301)) - s1@group-C3E9AA6170F9: changes role from  FOLLOWER to CANDIDATE at term 1 for changeToCandidate
2022-07-21 18:24:08,660 [s1@group-C3E9AA6170F9-FollowerState] INFO  server.RaftServerConfigKeys (ConfUtils.java:logGet(46)) - raft.server.leaderelection.pre-vote = true (default)
2022-07-21 18:24:08,660 [s1@group-C3E9AA6170F9-FollowerState] INFO  impl.RoleInfo (RoleInfo.java:updateAndGet(139)) - s1: start s1@group-C3E9AA6170F9-LeaderElection6
2022-07-21 18:24:08,660 [s1@group-C3E9AA6170F9-LeaderElection6] INFO  server.RaftServer$Division (ServerState.java:setLeader(313)) - s1@group-C3E9AA6170F9: change Leader from s0 to null at term 1 for PRE_VOTE
2022-07-21 18:24:08,661 [s1@group-C3E9AA6170F9-LeaderElection6] INFO  impl.LeaderElection (LeaderElection.java:askForVotes(310)) - s1@group-C3E9AA6170F9-LeaderElection6 PRE_VOTE round 0: submit vote requests at term 1 for 0: peers:[s3|rpc:localhost:42219|admin:localhost:33767|client:localhost:36081|dataStream:localhost:37601|priority:0|startupRole:FOLLOWER, s4|rpc:localhost:41277|admin:localhost:43681|client:localhost:37665|dataStream:localhost:40265|priority:0|startupRole:FOLLOWER, s0|rpc:localhost:41401|admin:localhost:36139|client:localhost:41875|dataStream:localhost:43073|priority:0|startupRole:FOLLOWER, s1|rpc:localhost:40237|admin:localhost:43387|client:localhost:44849|dataStream:localhost:33723|priority:0|startupRole:FOLLOWER, s2|rpc:localhost:40705|admin:localhost:41207|client:localhost:37579|dataStream:localhost:35097|priority:0|startupRole:FOLLOWER]|listeners:[], old=null
2022-07-21 18:24:08,661 [Thread-23] INFO  server.RaftServer$Division (RaftServerImpl.java:setRole(301)) - s1@group-C3E9AA6170F9: changes role from CANDIDATE to FOLLOWER at term 1 for appendEntries
2022-07-21 18:24:08,661 [Thread-23] INFO  impl.RoleInfo (RoleInfo.java:shutdownLeaderElection(130)) - s1: shutdown s1@group-C3E9AA6170F9-LeaderElection6
2022-07-21 18:24:08,661 [Thread-23] INFO  impl.RoleInfo (RoleInfo.java:updateAndGet(139)) - s1: start s1@group-C3E9AA6170F9-FollowerState
2022-07-21 18:24:08,662 [Thread-23] INFO  server.RaftServer$Division (ServerState.java:setLeader(313)) - s1@group-C3E9AA6170F9: change Leader from null to s0 at term 1 for appendEntries, leader elected after 1ms
2022-07-21 18:24:08,662 [s1@group-C3E9AA6170F9-LeaderElection6] INFO  impl.LeaderElection (LeaderElection.java:logAndReturn(90)) - s1@group-C3E9AA6170F9-LeaderElection6: PRE_VOTE REJECTED received 0 response(s) and 0 exception(s):
2022-07-21 18:24:08,662 [s1@group-C3E9AA6170F9-LeaderElection6] INFO  impl.LeaderElection (LeaderElection.java:askForVotes(312)) - s1@group-C3E9AA6170F9-LeaderElection6 PRE_VOTE round 0: result REJECTED
2022-07-21 18:24:08,683 [Thread-15] INFO  server.RaftServer$Division (RaftServerImpl.java:requestVote(1198)) - s0@group-C3E9AA6170F9: receive requestVote(PRE_VOTE, s3, group-C3E9AA6170F9, 1, (t:1, i:0))
2022-07-21 18:24:08,683 [Thread-15] INFO  impl.VoteContext (VoteContext.java:log(48)) - s0@group-C3E9AA6170F9-LEADER: reject PRE_VOTE from s3: this server is the leader and still has leadership
2022-07-21 18:24:08,684 [Thread-15] INFO  server.RaftServer$Division (RaftServerImpl.java:requestVote(1231)) - s0@group-C3E9AA6170F9 replies to PRE_VOTE vote request: s3<-s0#0:FAIL-t1. Peer's state: s0@group-C3E9AA6170F9:t1, leader=s0, voted=s0, raftlog=Memoized:s0@group-C3E9AA6170F9-SegmentedRaftLog:OPENED:c0, conf=0: peers:[s3|rpc:localhost:42219|admin:localhost:33767|client:localhost:36081|dataStream:localhost:37601|priority:0|startupRole:FOLLOWER, s4|rpc:localhost:41277|admin:localhost:43681|client:localhost:37665|dataStream:localhost:40265|priority:0|startupRole:FOLLOWER, s0|rpc:localhost:41401|admin:localhost:36139|client:localhost:41875|dataStream:localhost:43073|priority:0|startupRole:FOLLOWER, s1|rpc:localhost:40237|admin:localhost:43387|client:localhost:44849|dataStream:localhost:33723|priority:0|startupRole:FOLLOWER, s2|rpc:localhost:40705|admin:localhost:41207|client:localhost:37579|dataStream:localhost:35097|priority:0|startupRole:FOLLOWER]|listeners:[], old=null
2022-07-21 18:24:08,684 [Thread-21] INFO  server.RaftServer$Division (RaftServerImpl.java:requestVote(1198)) - s1@group-C3E9AA6170F9: receive requestVote(PRE_VOTE, s3, group-C3E9AA6170F9, 1, (t:1, i:0))
2022-07-21 18:24:08,684 [Thread-21] INFO  impl.VoteContext (VoteContext.java:log(48)) - s1@group-C3E9AA6170F9-FOLLOWER: reject PRE_VOTE from s3: this server is a follower and still has a valid leader s0
2022-07-21 18:24:08,684 [Thread-21] INFO  server.RaftServer$Division (RaftServerImpl.java:requestVote(1231)) - s1@group-C3E9AA6170F9 replies to PRE_VOTE vote request: s3<-s1#0:FAIL-t1. Peer's state: s1@group-C3E9AA6170F9:t1, leader=s0, voted=s0, raftlog=Memoized:s1@group-C3E9AA6170F9-SegmentedRaftLog:OPENED:c0, conf=0: peers:[s3|rpc:localhost:42219|admin:localhost:33767|client:localhost:36081|dataStream:localhost:37601|priority:0|startupRole:FOLLOWER, s4|rpc:localhost:41277|admin:localhost:43681|client:localhost:37665|dataStream:localhost:40265|priority:0|startupRole:FOLLOWER, s0|rpc:localhost:41401|admin:localhost:36139|client:localhost:41875|dataStream:localhost:43073|priority:0|startupRole:FOLLOWER, s1|rpc:localhost:40237|admin:localhost:43387|client:localhost:44849|dataStream:localhost:33723|priority:0|startupRole:FOLLOWER, s2|rpc:localhost:40705|admin:localhost:41207|client:localhost:37579|dataStream:localhost:35097|priority:0|startupRole:FOLLOWER]|listeners:[], old=null
2022-07-21 18:24:08,684 [Thread-28] INFO  server.RaftServer$Division (RaftServerImpl.java:requestVote(1198)) - s2@group-C3E9AA6170F9: receive requestVote(PRE_VOTE, s3, group-C3E9AA6170F9, 1, (t:1, i:0))
2022-07-21 18:24:08,684 [Thread-28] INFO  impl.VoteContext (VoteContext.java:log(48)) - s2@group-C3E9AA6170F9-FOLLOWER: reject PRE_VOTE from s3: this server is a follower and still has a valid leader s0
2022-07-21 18:24:08,684 [Thread-28] INFO  server.RaftServer$Division (RaftServerImpl.java:requestVote(1231)) - s2@group-C3E9AA6170F9 replies to PRE_VOTE vote request: s3<-s2#0:FAIL-t1. Peer's state: s2@group-C3E9AA6170F9:t1, leader=s0, voted=s0, raftlog=Memoized:s2@group-C3E9AA6170F9-SegmentedRaftLog:OPENED:c0, conf=0: peers:[s3|rpc:localhost:42219|admin:localhost:33767|client:localhost:36081|dataStream:localhost:37601|priority:0|startupRole:FOLLOWER, s4|rpc:localhost:41277|admin:localhost:43681|client:localhost:37665|dataStream:localhost:40265|priority:0|startupRole:FOLLOWER, s0|rpc:localhost:41401|admin:localhost:36139|client:localhost:41875|dataStream:localhost:43073|priority:0|startupRole:FOLLOWER, s1|rpc:localhost:40237|admin:localhost:43387|client:localhost:44849|dataStream:localhost:33723|priority:0|startupRole:FOLLOWER, s2|rpc:localhost:40705|admin:localhost:41207|client:localhost:37579|dataStream:localhost:35097|priority:0|startupRole:FOLLOWER]|listeners:[], old=null
2022-07-21 18:24:08,684 [s3@group-C3E9AA6170F9-LeaderElection5] INFO  impl.LeaderElection (LeaderElection.java:logAndReturn(90)) - s3@group-C3E9AA6170F9-LeaderElection5: PRE_VOTE REJECTED received 3 response(s) and 0 exception(s):
2022-07-21 18:24:08,684 [s3@group-C3E9AA6170F9-LeaderElection5] INFO  impl.LeaderElection (LeaderElection.java:logAndReturn(94)) -   Response 0: s3<-s0#0:FAIL-t1
2022-07-21 18:24:08,684 [s3@group-C3E9AA6170F9-LeaderElection5] INFO  impl.LeaderElection (LeaderElection.java:logAndReturn(94)) -   Response 1: s3<-s1#0:FAIL-t1
2022-07-21 18:24:08,684 [s3@group-C3E9AA6170F9-LeaderElection5] INFO  impl.LeaderElection (LeaderElection.java:logAndReturn(94)) -   Response 2: s3<-s2#0:FAIL-t1
2022-07-21 18:24:08,684 [s3@group-C3E9AA6170F9-LeaderElection5] INFO  impl.LeaderElection (LeaderElection.java:askForVotes(312)) - s3@group-C3E9AA6170F9-LeaderElection5 PRE_VOTE round 0: result REJECTED
2022-07-21 18:24:08,685 [s3@group-C3E9AA6170F9-LeaderElection5] INFO  server.RaftServer$Division (RaftServerImpl.java:setRole(301)) - s3@group-C3E9AA6170F9: changes role from CANDIDATE to FOLLOWER at term 1 for REJECTED
2022-07-21 18:24:08,685 [s3@group-C3E9AA6170F9-LeaderElection5] INFO  impl.RoleInfo (RoleInfo.java:shutdownLeaderElection(130)) - s3: shutdown s3@group-C3E9AA6170F9-LeaderElection5
2022-07-21 18:24:08,685 [s3@group-C3E9AA6170F9-LeaderElection5] INFO  impl.RoleInfo (RoleInfo.java:updateAndGet(139)) - s3: start s3@group-C3E9AA6170F9-FollowerState
2022-07-21 18:24:08,683 [Thread-7] INFO  server.RaftServer$Division (RaftServerImpl.java:requestVote(1198)) - s4@group-C3E9AA6170F9: receive requestVote(PRE_VOTE, s3, group-C3E9AA6170F9, 1, (t:1, i:0))
2022-07-21 18:24:08,685 [Thread-7] INFO  impl.VoteContext (VoteContext.java:log(48)) - s4@group-C3E9AA6170F9-FOLLOWER: reject PRE_VOTE from s3: this server is a follower and still has a valid leader s0
2022-07-21 18:24:08,685 [Thread-7] INFO  server.RaftServer$Division (RaftServerImpl.java:requestVote(1231)) - s4@group-C3E9AA6170F9 replies to PRE_VOTE vote request: s3<-s4#0:FAIL-t1. Peer's state: s4@group-C3E9AA6170F9:t1, leader=s0, voted=s3, raftlog=Memoized:s4@group-C3E9AA6170F9-SegmentedRaftLog:OPENED:c0, conf=0: peers:[s3|rpc:localhost:42219|admin:localhost:33767|client:localhost:36081|dataStream:localhost:37601|priority:0|startupRole:FOLLOWER, s4|rpc:localhost:41277|admin:localhost:43681|client:localhost:37665|dataStream:localhost:40265|priority:0|startupRole:FOLLOWER, s0|rpc:localhost:41401|admin:localhost:36139|client:localhost:41875|dataStream:localhost:43073|priority:0|startupRole:FOLLOWER, s1|rpc:localhost:40237|admin:localhost:43387|client:localhost:44849|dataStream:localhost:33723|priority:0|startupRole:FOLLOWER, s2|rpc:localhost:40705|admin:localhost:41207|client:localhost:37579|dataStream:localhost:35097|priority:0|startupRole:FOLLOWER]|listeners:[], old=null
2022-07-21 18:24:08,686 [Time-limited test] INFO  server.RaftServerConfigKeys (ConfUtils.java:logGet(46)) - raft.server.rpc.timeout.max = 300ms (default)
2022-07-21 18:24:08,812 [Thread-8] INFO  server.RaftServer$Division (RaftServerImpl.java:requestVote(1198)) - s4@group-C3E9AA6170F9: receive requestVote(PRE_VOTE, s1, group-C3E9AA6170F9, 1, (t:1, i:0))
2022-07-21 18:24:08,812 [Thread-16] INFO  server.RaftServer$Division (RaftServerImpl.java:requestVote(1198)) - s0@group-C3E9AA6170F9: receive requestVote(PRE_VOTE, s1, group-C3E9AA6170F9, 1, (t:1, i:0))
2022-07-21 18:24:08,812 [Thread-8] INFO  impl.VoteContext (VoteContext.java:log(48)) - s4@group-C3E9AA6170F9-FOLLOWER: reject PRE_VOTE from s1: this server is a follower and still has a valid leader s0
2022-07-21 18:24:08,812 [Thread-16] INFO  impl.VoteContext (VoteContext.java:log(48)) - s0@group-C3E9AA6170F9-LEADER: reject PRE_VOTE from s1: this server is the leader and still has leadership
2022-07-21 18:24:08,813 [Thread-8] INFO  server.RaftServer$Division (RaftServerImpl.java:requestVote(1231)) - s4@group-C3E9AA6170F9 replies to PRE_VOTE vote request: s1<-s4#0:FAIL-t1. Peer's state: s4@group-C3E9AA6170F9:t1, leader=s0, voted=s3, raftlog=Memoized:s4@group-C3E9AA6170F9-SegmentedRaftLog:OPENED:c0, conf=0: peers:[s3|rpc:localhost:42219|admin:localhost:33767|client:localhost:36081|dataStream:localhost:37601|priority:0|startupRole:FOLLOWER, s4|rpc:localhost:41277|admin:localhost:43681|client:localhost:37665|dataStream:localhost:40265|priority:0|startupRole:FOLLOWER, s0|rpc:localhost:41401|admin:localhost:36139|client:localhost:41875|dataStream:localhost:43073|priority:0|startupRole:FOLLOWER, s1|rpc:localhost:40237|admin:localhost:43387|client:localhost:44849|dataStream:localhost:33723|priority:0|startupRole:FOLLOWER, s2|rpc:localhost:40705|admin:localhost:41207|client:localhost:37579|dataStream:localhost:35097|priority:0|startupRole:FOLLOWER]|listeners:[], old=null
2022-07-21 18:24:08,813 [Thread-16] INFO  server.RaftServer$Division (RaftServerImpl.java:requestVote(1231)) - s0@group-C3E9AA6170F9 replies to PRE_VOTE vote request: s1<-s0#0:FAIL-t1. Peer's state: s0@group-C3E9AA6170F9:t1, leader=s0, voted=s0, raftlog=Memoized:s0@group-C3E9AA6170F9-SegmentedRaftLog:OPENED:c0, conf=0: peers:[s3|rpc:localhost:42219|admin:localhost:33767|client:localhost:36081|dataStream:localhost:37601|priority:0|startupRole:FOLLOWER, s4|rpc:localhost:41277|admin:localhost:43681|client:localhost:37665|dataStream:localhost:40265|priority:0|startupRole:FOLLOWER, s0|rpc:localhost:41401|admin:localhost:36139|client:localhost:41875|dataStream:localhost:43073|priority:0|startupRole:FOLLOWER, s1|rpc:localhost:40237|admin:localhost:43387|client:localhost:44849|dataStream:localhost:33723|priority:0|startupRole:FOLLOWER, s2|rpc:localhost:40705|admin:localhost:41207|client:localhost:37579|dataStream:localhost:35097|priority:0|startupRole:FOLLOWER]|listeners:[], old=null
2022-07-21 18:24:08,813 [Thread-29] INFO  server.RaftServer$Division (RaftServerImpl.java:requestVote(1198)) - s2@group-C3E9AA6170F9: receive requestVote(PRE_VOTE, s1, group-C3E9AA6170F9, 1, (t:1, i:0))
2022-07-21 18:24:08,813 [Thread-29] INFO  impl.VoteContext (VoteContext.java:log(48)) - s2@group-C3E9AA6170F9-FOLLOWER: reject PRE_VOTE from s1: this server is a follower and still has a valid leader s0
2022-07-21 18:24:08,813 [Thread-29] INFO  server.RaftServer$Division (RaftServerImpl.java:requestVote(1231)) - s2@group-C3E9AA6170F9 replies to PRE_VOTE vote request: s1<-s2#0:FAIL-t1. Peer's state: s2@group-C3E9AA6170F9:t1, leader=s0, voted=s0, raftlog=Memoized:s2@group-C3E9AA6170F9-SegmentedRaftLog:OPENED:c0, conf=0: peers:[s3|rpc:localhost:42219|admin:localhost:33767|client:localhost:36081|dataStream:localhost:37601|priority:0|startupRole:FOLLOWER, s4|rpc:localhost:41277|admin:localhost:43681|client:localhost:37665|dataStream:localhost:40265|priority:0|startupRole:FOLLOWER, s0|rpc:localhost:41401|admin:localhost:36139|client:localhost:41875|dataStream:localhost:43073|priority:0|startupRole:FOLLOWER, s1|rpc:localhost:40237|admin:localhost:43387|client:localhost:44849|dataStream:localhost:33723|priority:0|startupRole:FOLLOWER, s2|rpc:localhost:40705|admin:localhost:41207|client:localhost:37579|dataStream:localhost:35097|priority:0|startupRole:FOLLOWER]|listeners:[], old=null
2022-07-21 18:24:08,863 [s3@group-C3E9AA6170F9-FollowerState] INFO  impl.FollowerState (FollowerState.java:run(143)) - s3@group-C3E9AA6170F9-FollowerState: change to CANDIDATE, lastRpcElapsedTime:178586497ns, electionTimeout:178ms
2022-07-21 18:24:08,863 [s3@group-C3E9AA6170F9-FollowerState] INFO  impl.RoleInfo (RoleInfo.java:shutdownFollowerState(110)) - s3: shutdown s3@group-C3E9AA6170F9-FollowerState
2022-07-21 18:24:08,863 [s3@group-C3E9AA6170F9-FollowerState] INFO  server.RaftServer$Division (RaftServerImpl.java:setRole(301)) - s3@group-C3E9AA6170F9: changes role from  FOLLOWER to CANDIDATE at term 1 for changeToCandidate
2022-07-21 18:24:08,864 [s3@group-C3E9AA6170F9-FollowerState] INFO  server.RaftServerConfigKeys (ConfUtils.java:logGet(46)) - raft.server.leaderelection.pre-vote = true (default)
2022-07-21 18:24:08,864 [s3@group-C3E9AA6170F9-FollowerState] INFO  impl.RoleInfo (RoleInfo.java:updateAndGet(139)) - s3: start s3@group-C3E9AA6170F9-LeaderElection7
2022-07-21 18:24:08,864 [s3@group-C3E9AA6170F9-LeaderElection7] INFO  impl.LeaderElection (LeaderElection.java:askForVotes(310)) - s3@group-C3E9AA6170F9-LeaderElection7 PRE_VOTE round 0: submit vote requests at term 1 for 0: peers:[s3|rpc:localhost:42219|admin:localhost:33767|client:localhost:36081|dataStream:localhost:37601|priority:0|startupRole:FOLLOWER, s4|rpc:localhost:41277|admin:localhost:43681|client:localhost:37665|dataStream:localhost:40265|priority:0|startupRole:FOLLOWER, s0|rpc:localhost:41401|admin:localhost:36139|client:localhost:41875|dataStream:localhost:43073|priority:0|startupRole:FOLLOWER, s1|rpc:localhost:40237|admin:localhost:43387|client:localhost:44849|dataStream:localhost:33723|priority:0|startupRole:FOLLOWER, s2|rpc:localhost:40705|admin:localhost:41207|client:localhost:37579|dataStream:localhost:35097|priority:0|startupRole:FOLLOWER]|listeners:[], old=null
2022-07-21 18:24:08,865 [Thread-9] INFO  server.RaftServer$Division (RaftServerImpl.java:requestVote(1198)) - s4@group-C3E9AA6170F9: receive requestVote(PRE_VOTE, s3, group-C3E9AA6170F9, 1, (t:1, i:0))
2022-07-21 18:24:08,865 [Thread-9] INFO  impl.VoteContext (VoteContext.java:log(48)) - s4@group-C3E9AA6170F9-FOLLOWER: reject PRE_VOTE from s3: this server is a follower and still has a valid leader s0
2022-07-21 18:24:08,866 [Thread-9] INFO  server.RaftServer$Division (RaftServerImpl.java:requestVote(1231)) - s4@group-C3E9AA6170F9 replies to PRE_VOTE vote request: s3<-s4#0:FAIL-t1. Peer's state: s4@group-C3E9AA6170F9:t1, leader=s0, voted=s3, raftlog=Memoized:s4@group-C3E9AA6170F9-SegmentedRaftLog:OPENED:c0, conf=0: peers:[s3|rpc:localhost:42219|admin:localhost:33767|client:localhost:36081|dataStream:localhost:37601|priority:0|startupRole:FOLLOWER, s4|rpc:localhost:41277|admin:localhost:43681|client:localhost:37665|dataStream:localhost:40265|priority:0|startupRole:FOLLOWER, s0|rpc:localhost:41401|admin:localhost:36139|client:localhost:41875|dataStream:localhost:43073|priority:0|startupRole:FOLLOWER, s1|rpc:localhost:40237|admin:localhost:43387|client:localhost:44849|dataStream:localhost:33723|priority:0|startupRole:FOLLOWER, s2|rpc:localhost:40705|admin:localhost:41207|client:localhost:37579|dataStream:localhost:35097|priority:0|startupRole:FOLLOWER]|listeners:[], old=null
2022-07-21 18:24:08,866 [Thread-14] INFO  server.RaftServer$Division (RaftServerImpl.java:requestVote(1198)) - s0@group-C3E9AA6170F9: receive requestVote(PRE_VOTE, s3, group-C3E9AA6170F9, 1, (t:1, i:0))
2022-07-21 18:24:08,866 [Thread-14] INFO  impl.VoteContext (VoteContext.java:log(48)) - s0@group-C3E9AA6170F9-LEADER: reject PRE_VOTE from s3: this server is the leader and still has leadership
2022-07-21 18:24:08,866 [Thread-14] INFO  server.RaftServer$Division (RaftServerImpl.java:requestVote(1231)) - s0@group-C3E9AA6170F9 replies to PRE_VOTE vote request: s3<-s0#0:FAIL-t1. Peer's state: s0@group-C3E9AA6170F9:t1, leader=s0, voted=s0, raftlog=Memoized:s0@group-C3E9AA6170F9-SegmentedRaftLog:OPENED:c0, conf=0: peers:[s3|rpc:localhost:42219|admin:localhost:33767|client:localhost:36081|dataStream:localhost:37601|priority:0|startupRole:FOLLOWER, s4|rpc:localhost:41277|admin:localhost:43681|client:localhost:37665|dataStream:localhost:40265|priority:0|startupRole:FOLLOWER, s0|rpc:localhost:41401|admin:localhost:36139|client:localhost:41875|dataStream:localhost:43073|priority:0|startupRole:FOLLOWER, s1|rpc:localhost:40237|admin:localhost:43387|client:localhost:44849|dataStream:localhost:33723|priority:0|startupRole:FOLLOWER, s2|rpc:localhost:40705|admin:localhost:41207|client:localhost:37579|dataStream:localhost:35097|priority:0|startupRole:FOLLOWER]|listeners:[], old=null
2022-07-21 18:24:08,866 [Thread-21] INFO  server.RaftServer$Division (RaftServerImpl.java:requestVote(1198)) - s1@group-C3E9AA6170F9: receive requestVote(PRE_VOTE, s3, group-C3E9AA6170F9, 1, (t:1, i:0))
2022-07-21 18:24:08,866 [Thread-21] INFO  impl.VoteContext (VoteContext.java:log(48)) - s1@group-C3E9AA6170F9-FOLLOWER: reject PRE_VOTE from s3: this server is a follower and still has a valid leader s0
2022-07-21 18:24:08,866 [Thread-21] INFO  server.RaftServer$Division (RaftServerImpl.java:requestVote(1231)) - s1@group-C3E9AA6170F9 replies to PRE_VOTE vote request: s3<-s1#0:FAIL-t1. Peer's state: s1@group-C3E9AA6170F9:t1, leader=s0, voted=s0, raftlog=Memoized:s1@group-C3E9AA6170F9-SegmentedRaftLog:OPENED:c0, conf=0: peers:[s3|rpc:localhost:42219|admin:localhost:33767|client:localhost:36081|dataStream:localhost:37601|priority:0|startupRole:FOLLOWER, s4|rpc:localhost:41277|admin:localhost:43681|client:localhost:37665|dataStream:localhost:40265|priority:0|startupRole:FOLLOWER, s0|rpc:localhost:41401|admin:localhost:36139|client:localhost:41875|dataStream:localhost:43073|priority:0|startupRole:FOLLOWER, s1|rpc:localhost:40237|admin:localhost:43387|client:localhost:44849|dataStream:localhost:33723|priority:0|startupRole:FOLLOWER, s2|rpc:localhost:40705|admin:localhost:41207|client:localhost:37579|dataStream:localhost:35097|priority:0|startupRole:FOLLOWER]|listeners:[], old=null
2022-07-21 18:24:08,867 [Thread-30] INFO  server.RaftServer$Division (RaftServerImpl.java:requestVote(1198)) - s2@group-C3E9AA6170F9: receive requestVote(PRE_VOTE, s3, group-C3E9AA6170F9, 1, (t:1, i:0))
2022-07-21 18:24:08,867 [Thread-30] INFO  impl.VoteContext (VoteContext.java:log(48)) - s2@group-C3E9AA6170F9-FOLLOWER: reject PRE_VOTE from s3: this server is a follower and still has a valid leader s0
2022-07-21 18:24:08,867 [Thread-30] INFO  server.RaftServer$Division (RaftServerImpl.java:requestVote(1231)) - s2@group-C3E9AA6170F9 replies to PRE_VOTE vote request: s3<-s2#0:FAIL-t1. Peer's state: s2@group-C3E9AA6170F9:t1, leader=s0, voted=s0, raftlog=Memoized:s2@group-C3E9AA6170F9-SegmentedRaftLog:OPENED:c0, conf=0: peers:[s3|rpc:localhost:42219|admin:localhost:33767|client:localhost:36081|dataStream:localhost:37601|priority:0|startupRole:FOLLOWER, s4|rpc:localhost:41277|admin:localhost:43681|client:localhost:37665|dataStream:localhost:40265|priority:0|startupRole:FOLLOWER, s0|rpc:localhost:41401|admin:localhost:36139|client:localhost:41875|dataStream:localhost:43073|priority:0|startupRole:FOLLOWER, s1|rpc:localhost:40237|admin:localhost:43387|client:localhost:44849|dataStream:localhost:33723|priority:0|startupRole:FOLLOWER, s2|rpc:localhost:40705|admin:localhost:41207|client:localhost:37579|dataStream:localhost:35097|priority:0|startupRole:FOLLOWER]|listeners:[], old=null
2022-07-21 18:24:08,867 [s3@group-C3E9AA6170F9-LeaderElection7] INFO  impl.LeaderElection (LeaderElection.java:logAndReturn(90)) - s3@group-C3E9AA6170F9-LeaderElection7: PRE_VOTE REJECTED received 3 response(s) and 0 exception(s):
2022-07-21 18:24:08,867 [s3@group-C3E9AA6170F9-LeaderElection7] INFO  impl.LeaderElection (LeaderElection.java:logAndReturn(94)) -   Response 0: s3<-s4#0:FAIL-t1
2022-07-21 18:24:08,867 [s3@group-C3E9AA6170F9-LeaderElection7] INFO  impl.LeaderElection (LeaderElection.java:logAndReturn(94)) -   Response 1: s3<-s0#0:FAIL-t1
2022-07-21 18:24:08,867 [s3@group-C3E9AA6170F9-LeaderElection7] INFO  impl.LeaderElection (LeaderElection.java:logAndReturn(94)) -   Response 2: s3<-s1#0:FAIL-t1
2022-07-21 18:24:08,867 [s3@group-C3E9AA6170F9-LeaderElection7] INFO  impl.LeaderElection (LeaderElection.java:askForVotes(312)) - s3@group-C3E9AA6170F9-LeaderElection7 PRE_VOTE round 0: result REJECTED
2022-07-21 18:24:08,867 [s3@group-C3E9AA6170F9-LeaderElection7] INFO  server.RaftServer$Division (RaftServerImpl.java:setRole(301)) - s3@group-C3E9AA6170F9: changes role from CANDIDATE to FOLLOWER at term 1 for REJECTED
2022-07-21 18:24:08,867 [s3@group-C3E9AA6170F9-LeaderElection7] INFO  impl.RoleInfo (RoleInfo.java:shutdownLeaderElection(130)) - s3: shutdown s3@group-C3E9AA6170F9-LeaderElection7
2022-07-21 18:24:08,868 [s3@group-C3E9AA6170F9-LeaderElection7] INFO  impl.RoleInfo (RoleInfo.java:updateAndGet(139)) - s3: start s3@group-C3E9AA6170F9-FollowerState
2022-07-21 18:24:08,872 [Thread-0] INFO  server.RaftServer$Division (ServerState.java:setLeader(313)) - s3@group-C3E9AA6170F9: change Leader from null to s0 at term 1 for appendEntries, leader elected after 339ms
2022-07-21 18:24:08,962 [Thread-2] INFO  server.RaftServer$Division (RaftServerImpl.java:requestVote(1198)) - s3@group-C3E9AA6170F9: receive requestVote(PRE_VOTE, s1, group-C3E9AA6170F9, 1, (t:1, i:0))
2022-07-21 18:24:08,962 [Thread-2] INFO  impl.VoteContext (VoteContext.java:log(48)) - s3@group-C3E9AA6170F9-FOLLOWER: reject PRE_VOTE from s1: this server is a follower and still has a valid leader s0
2022-07-21 18:24:08,962 [Thread-2] INFO  server.RaftServer$Division (RaftServerImpl.java:requestVote(1231)) - s3@group-C3E9AA6170F9 replies to PRE_VOTE vote request: s1<-s3#0:FAIL-t1. Peer's state: s3@group-C3E9AA6170F9:t1, leader=s0, voted=s3, raftlog=Memoized:s3@group-C3E9AA6170F9-SegmentedRaftLog:OPENED:c0, conf=0: peers:[s3|rpc:localhost:42219|admin:localhost:33767|client:localhost:36081|dataStream:localhost:37601|priority:0|startupRole:FOLLOWER, s4|rpc:localhost:41277|admin:localhost:43681|client:localhost:37665|dataStream:localhost:40265|priority:0|startupRole:FOLLOWER, s0|rpc:localhost:41401|admin:localhost:36139|client:localhost:41875|dataStream:localhost:43073|priority:0|startupRole:FOLLOWER, s1|rpc:localhost:40237|admin:localhost:43387|client:localhost:44849|dataStream:localhost:33723|priority:0|startupRole:FOLLOWER, s2|rpc:localhost:40705|admin:localhost:41207|client:localhost:37579|dataStream:localhost:35097|priority:0|startupRole:FOLLOWER]|listeners:[], old=null
2022-07-21 18:24:09,137 [Time-limited test] INFO  simulation.TestLeaderElectionWithSimulatedRpc (LeaderElectionTests.java:enforceLeader(243)) - try enforcing leader to s3 but new leader is s0
2022-07-21 18:24:09,137 [Time-limited test] INFO  server.RaftServerConfigKeys (ConfUtils.java:logGet(46)) - raft.server.rpc.timeout.max = 300ms (default)
2022-07-21 18:24:09,463 [s3@group-C3E9AA6170F9-FollowerState] INFO  impl.FollowerState (FollowerState.java:run(143)) - s3@group-C3E9AA6170F9-FollowerState: change to CANDIDATE, lastRpcElapsedTime:361478134ns, electionTimeout:204ms
2022-07-21 18:24:09,463 [s3@group-C3E9AA6170F9-FollowerState] INFO  impl.RoleInfo (RoleInfo.java:shutdownFollowerState(110)) - s3: shutdown s3@group-C3E9AA6170F9-FollowerState
2022-07-21 18:24:09,463 [s3@group-C3E9AA6170F9-FollowerState] INFO  server.RaftServer$Division (RaftServerImpl.java:setRole(301)) - s3@group-C3E9AA6170F9: changes role from  FOLLOWER to CANDIDATE at term 1 for changeToCandidate
2022-07-21 18:24:09,464 [s3@group-C3E9AA6170F9-FollowerState] INFO  server.RaftServerConfigKeys (ConfUtils.java:logGet(46)) - raft.server.leaderelection.pre-vote = true (default)
2022-07-21 18:24:09,464 [s3@group-C3E9AA6170F9-FollowerState] INFO  impl.RoleInfo (RoleInfo.java:updateAndGet(139)) - s3: start s3@group-C3E9AA6170F9-LeaderElection8
2022-07-21 18:24:09,464 [s3@group-C3E9AA6170F9-LeaderElection8] INFO  server.RaftServer$Division (ServerState.java:setLeader(313)) - s3@group-C3E9AA6170F9: change Leader from s0 to null at term 1 for PRE_VOTE
2022-07-21 18:24:09,464 [s3@group-C3E9AA6170F9-LeaderElection8] INFO  impl.LeaderElection (LeaderElection.java:askForVotes(310)) - s3@group-C3E9AA6170F9-LeaderElection8 PRE_VOTE round 0: submit vote requests at term 1 for 0: peers:[s3|rpc:localhost:42219|admin:localhost:33767|client:localhost:36081|dataStream:localhost:37601|priority:0|startupRole:FOLLOWER, s4|rpc:localhost:41277|admin:localhost:43681|client:localhost:37665|dataStream:localhost:40265|priority:0|startupRole:FOLLOWER, s0|rpc:localhost:41401|admin:localhost:36139|client:localhost:41875|dataStream:localhost:43073|priority:0|startupRole:FOLLOWER, s1|rpc:localhost:40237|admin:localhost:43387|client:localhost:44849|dataStream:localhost:33723|priority:0|startupRole:FOLLOWER, s2|rpc:localhost:40705|admin:localhost:41207|client:localhost:37579|dataStream:localhost:35097|priority:0|startupRole:FOLLOWER]|listeners:[], old=null
2022-07-21 18:24:09,521 [s4@group-C3E9AA6170F9-FollowerState] INFO  impl.FollowerState (FollowerState.java:run(143)) - s4@group-C3E9AA6170F9-FollowerState: change to CANDIDATE, lastRpcElapsedTime:179494205ns, electionTimeout:172ms
2022-07-21 18:24:09,521 [s4@group-C3E9AA6170F9-FollowerState] INFO  impl.RoleInfo (RoleInfo.java:shutdownFollowerState(110)) - s4: shutdown s4@group-C3E9AA6170F9-FollowerState
2022-07-21 18:24:09,521 [s4@group-C3E9AA6170F9-FollowerState] INFO  server.RaftServer$Division (RaftServerImpl.java:setRole(301)) - s4@group-C3E9AA6170F9: changes role from  FOLLOWER to CANDIDATE at term 1 for changeToCandidate
2022-07-21 18:24:09,521 [s4@group-C3E9AA6170F9-FollowerState] INFO  server.RaftServerConfigKeys (ConfUtils.java:logGet(46)) - raft.server.leaderelection.pre-vote = true (default)
2022-07-21 18:24:09,521 [s4@group-C3E9AA6170F9-FollowerState] INFO  impl.RoleInfo (RoleInfo.java:updateAndGet(139)) - s4: start s4@group-C3E9AA6170F9-LeaderElection9
2022-07-21 18:24:09,522 [s4@group-C3E9AA6170F9-LeaderElection9] INFO  server.RaftServer$Division (ServerState.java:setLeader(313)) - s4@group-C3E9AA6170F9: change Leader from s0 to null at term 1 for PRE_VOTE
2022-07-21 18:24:09,523 [s4@group-C3E9AA6170F9-LeaderElection9] INFO  impl.LeaderElection (LeaderElection.java:askForVotes(310)) - s4@group-C3E9AA6170F9-LeaderElection9 PRE_VOTE round 0: submit vote requests at term 1 for 0: peers:[s3|rpc:localhost:42219|admin:localhost:33767|client:localhost:36081|dataStream:localhost:37601|priority:0|startupRole:FOLLOWER, s4|rpc:localhost:41277|admin:localhost:43681|client:localhost:37665|dataStream:localhost:40265|priority:0|startupRole:FOLLOWER, s0|rpc:localhost:41401|admin:localhost:36139|client:localhost:41875|dataStream:localhost:43073|priority:0|startupRole:FOLLOWER, s1|rpc:localhost:40237|admin:localhost:43387|client:localhost:44849|dataStream:localhost:33723|priority:0|startupRole:FOLLOWER, s2|rpc:localhost:40705|admin:localhost:41207|client:localhost:37579|dataStream:localhost:35097|priority:0|startupRole:FOLLOWER]|listeners:[], old=null
2022-07-21 18:24:09,568 [Thread-9] INFO  server.RaftServer$Division (RaftServerImpl.java:setRole(301)) - s4@group-C3E9AA6170F9: changes role from CANDIDATE to FOLLOWER at term 1 for appendEntries
2022-07-21 18:24:09,568 [Thread-9] INFO  impl.RoleInfo (RoleInfo.java:shutdownLeaderElection(130)) - s4: shutdown s4@group-C3E9AA6170F9-LeaderElection9
2022-07-21 18:24:09,568 [Thread-9] INFO  impl.RoleInfo (RoleInfo.java:updateAndGet(139)) - s4: start s4@group-C3E9AA6170F9-FollowerState
2022-07-21 18:24:09,568 [Thread-9] INFO  server.RaftServer$Division (ServerState.java:setLeader(313)) - s4@group-C3E9AA6170F9: change Leader from null to s0 at term 1 for appendEntries, leader elected after 46ms
2022-07-21 18:24:09,587 [Time-limited test] INFO  server.RaftServerConfigKeys (ConfUtils.java:logGet(46)) - raft.server.rpc.timeout.max = 300ms (default)
2022-07-21 18:24:09,615 [Thread-15] INFO  server.RaftServer$Division (RaftServerImpl.java:requestVote(1198)) - s0@group-C3E9AA6170F9: receive requestVote(PRE_VOTE, s3, group-C3E9AA6170F9, 1, (t:1, i:0))
2022-07-21 18:24:09,615 [Thread-15] INFO  impl.VoteContext (VoteContext.java:log(48)) - s0@group-C3E9AA6170F9-LEADER: reject PRE_VOTE from s3: this server is the leader and still has leadership
2022-07-21 18:24:09,615 [Thread-15] INFO  server.RaftServer$Division (RaftServerImpl.java:requestVote(1231)) - s0@group-C3E9AA6170F9 replies to PRE_VOTE vote request: s3<-s0#0:FAIL-t1. Peer's state: s0@group-C3E9AA6170F9:t1, leader=s0, voted=s0, raftlog=Memoized:s0@group-C3E9AA6170F9-SegmentedRaftLog:OPENED:c0, conf=0: peers:[s3|rpc:localhost:42219|admin:localhost:33767|client:localhost:36081|dataStream:localhost:37601|priority:0|startupRole:FOLLOWER, s4|rpc:localhost:41277|admin:localhost:43681|client:localhost:37665|dataStream:localhost:40265|priority:0|startupRole:FOLLOWER, s0|rpc:localhost:41401|admin:localhost:36139|client:localhost:41875|dataStream:localhost:43073|priority:0|startupRole:FOLLOWER, s1|rpc:localhost:40237|admin:localhost:43387|client:localhost:44849|dataStream:localhost:33723|priority:0|startupRole:FOLLOWER, s2|rpc:localhost:40705|admin:localhost:41207|client:localhost:37579|dataStream:localhost:35097|priority:0|startupRole:FOLLOWER]|listeners:[], old=null
2022-07-21 18:24:09,616 [Thread-28] INFO  server.RaftServer$Division (RaftServerImpl.java:requestVote(1198)) - s2@group-C3E9AA6170F9: receive requestVote(PRE_VOTE, s3, group-C3E9AA6170F9, 1, (t:1, i:0))
2022-07-21 18:24:09,616 [Thread-28] INFO  impl.VoteContext (VoteContext.java:log(48)) - s2@group-C3E9AA6170F9-FOLLOWER: reject PRE_VOTE from s3: this server is a follower and still has a valid leader s0
2022-07-21 18:24:09,615 [Thread-7] INFO  server.RaftServer$Division (RaftServerImpl.java:requestVote(1198)) - s4@group-C3E9AA6170F9: receive requestVote(PRE_VOTE, s3, group-C3E9AA6170F9, 1, (t:1, i:0))
2022-07-21 18:24:09,616 [Thread-7] INFO  impl.VoteContext (VoteContext.java:log(48)) - s4@group-C3E9AA6170F9-FOLLOWER: reject PRE_VOTE from s3: this server is a follower and still has a valid leader s0
2022-07-21 18:24:09,616 [Thread-28] INFO  server.RaftServer$Division (RaftServerImpl.java:requestVote(1231)) - s2@group-C3E9AA6170F9 replies to PRE_VOTE vote request: s3<-s2#0:FAIL-t1. Peer's state: s2@group-C3E9AA6170F9:t1, leader=s0, voted=s0, raftlog=Memoized:s2@group-C3E9AA6170F9-SegmentedRaftLog:OPENED:c0, conf=0: peers:[s3|rpc:localhost:42219|admin:localhost:33767|client:localhost:36081|dataStream:localhost:37601|priority:0|startupRole:FOLLOWER, s4|rpc:localhost:41277|admin:localhost:43681|client:localhost:37665|dataStream:localhost:40265|priority:0|startupRole:FOLLOWER, s0|rpc:localhost:41401|admin:localhost:36139|client:localhost:41875|dataStream:localhost:43073|priority:0|startupRole:FOLLOWER, s1|rpc:localhost:40237|admin:localhost:43387|client:localhost:44849|dataStream:localhost:33723|priority:0|startupRole:FOLLOWER, s2|rpc:localhost:40705|admin:localhost:41207|client:localhost:37579|dataStream:localhost:35097|priority:0|startupRole:FOLLOWER]|listeners:[], old=null
2022-07-21 18:24:09,616 [Thread-22] INFO  server.RaftServer$Division (RaftServerImpl.java:requestVote(1198)) - s1@group-C3E9AA6170F9: receive requestVote(PRE_VOTE, s3, group-C3E9AA6170F9, 1, (t:1, i:0))
2022-07-21 18:24:09,616 [Thread-22] INFO  impl.VoteContext (VoteContext.java:log(48)) - s1@group-C3E9AA6170F9-FOLLOWER: reject PRE_VOTE from s3: this server is a follower and still has a valid leader s0
2022-07-21 18:24:09,617 [Thread-22] INFO  server.RaftServer$Division (RaftServerImpl.java:requestVote(1231)) - s1@group-C3E9AA6170F9 replies to PRE_VOTE vote request: s3<-s1#0:FAIL-t1. Peer's state: s1@group-C3E9AA6170F9:t1, leader=s0, voted=s0, raftlog=Memoized:s1@group-C3E9AA6170F9-SegmentedRaftLog:OPENED:c0, conf=0: peers:[s3|rpc:localhost:42219|admin:localhost:33767|client:localhost:36081|dataStream:localhost:37601|priority:0|startupRole:FOLLOWER, s4|rpc:localhost:41277|admin:localhost:43681|client:localhost:37665|dataStream:localhost:40265|priority:0|startupRole:FOLLOWER, s0|rpc:localhost:41401|admin:localhost:36139|client:localhost:41875|dataStream:localhost:43073|priority:0|startupRole:FOLLOWER, s1|rpc:localhost:40237|admin:localhost:43387|client:localhost:44849|dataStream:localhost:33723|priority:0|startupRole:FOLLOWER, s2|rpc:localhost:40705|admin:localhost:41207|client:localhost:37579|dataStream:localhost:35097|priority:0|startupRole:FOLLOWER]|listeners:[], old=null
2022-07-21 18:24:09,616 [Thread-7] INFO  server.RaftServer$Division (RaftServerImpl.java:requestVote(1231)) - s4@group-C3E9AA6170F9 replies to PRE_VOTE vote request: s3<-s4#0:FAIL-t1. Peer's state: s4@group-C3E9AA6170F9:t1, leader=s0, voted=s3, raftlog=Memoized:s4@group-C3E9AA6170F9-SegmentedRaftLog:OPENED:c0, conf=0: peers:[s3|rpc:localhost:42219|admin:localhost:33767|client:localhost:36081|dataStream:localhost:37601|priority:0|startupRole:FOLLOWER, s4|rpc:localhost:41277|admin:localhost:43681|client:localhost:37665|dataStream:localhost:40265|priority:0|startupRole:FOLLOWER, s0|rpc:localhost:41401|admin:localhost:36139|client:localhost:41875|dataStream:localhost:43073|priority:0|startupRole:FOLLOWER, s1|rpc:localhost:40237|admin:localhost:43387|client:localhost:44849|dataStream:localhost:33723|priority:0|startupRole:FOLLOWER, s2|rpc:localhost:40705|admin:localhost:41207|client:localhost:37579|dataStream:localhost:35097|priority:0|startupRole:FOLLOWER]|listeners:[], old=null
2022-07-21 18:24:09,617 [s3@group-C3E9AA6170F9-LeaderElection8] INFO  impl.LeaderElection (LeaderElection.java:logAndReturn(90)) - s3@group-C3E9AA6170F9-LeaderElection8: PRE_VOTE REJECTED received 3 response(s) and 0 exception(s):
2022-07-21 18:24:09,617 [s3@group-C3E9AA6170F9-LeaderElection8] INFO  impl.LeaderElection (LeaderElection.java:logAndReturn(94)) -   Response 0: s3<-s0#0:FAIL-t1
2022-07-21 18:24:09,617 [s3@group-C3E9AA6170F9-LeaderElection8] INFO  impl.LeaderElection (LeaderElection.java:logAndReturn(94)) -   Response 1: s3<-s1#0:FAIL-t1
2022-07-21 18:24:09,617 [s3@group-C3E9AA6170F9-LeaderElection8] INFO  impl.LeaderElection (LeaderElection.java:logAndReturn(94)) -   Response 2: s3<-s2#0:FAIL-t1
2022-07-21 18:24:09,617 [s3@group-C3E9AA6170F9-LeaderElection8] INFO  impl.LeaderElection (LeaderElection.java:askForVotes(312)) - s3@group-C3E9AA6170F9-LeaderElection8 PRE_VOTE round 0: result REJECTED
2022-07-21 18:24:09,618 [s3@group-C3E9AA6170F9-LeaderElection8] INFO  server.RaftServer$Division (RaftServerImpl.java:setRole(301)) - s3@group-C3E9AA6170F9: changes role from CANDIDATE to FOLLOWER at term 1 for REJECTED
2022-07-21 18:24:09,618 [s3@group-C3E9AA6170F9-LeaderElection8] INFO  impl.RoleInfo (RoleInfo.java:shutdownLeaderElection(130)) - s3: shutdown s3@group-C3E9AA6170F9-LeaderElection8
2022-07-21 18:24:09,618 [s3@group-C3E9AA6170F9-LeaderElection8] INFO  impl.RoleInfo (RoleInfo.java:updateAndGet(139)) - s3: start s3@group-C3E9AA6170F9-FollowerState
2022-07-21 18:24:09,675 [Thread-16] INFO  server.RaftServer$Division (RaftServerImpl.java:requestVote(1198)) - s0@group-C3E9AA6170F9: receive requestVote(PRE_VOTE, s4, group-C3E9AA6170F9, 1, (t:1, i:0))
2022-07-21 18:24:09,675 [Thread-16] INFO  impl.VoteContext (VoteContext.java:log(48)) - s0@group-C3E9AA6170F9-LEADER: reject PRE_VOTE from s4: this server is the leader and still has leadership
2022-07-21 18:24:09,675 [Thread-16] INFO  server.RaftServer$Division (RaftServerImpl.java:requestVote(1231)) - s0@group-C3E9AA6170F9 replies to PRE_VOTE vote request: s4<-s0#0:FAIL-t1. Peer's state: s0@group-C3E9AA6170F9:t1, leader=s0, voted=s0, raftlog=Memoized:s0@group-C3E9AA6170F9-SegmentedRaftLog:OPENED:c0, conf=0: peers:[s3|rpc:localhost:42219|admin:localhost:33767|client:localhost:36081|dataStream:localhost:37601|priority:0|startupRole:FOLLOWER, s4|rpc:localhost:41277|admin:localhost:43681|client:localhost:37665|dataStream:localhost:40265|priority:0|startupRole:FOLLOWER, s0|rpc:localhost:41401|admin:localhost:36139|client:localhost:41875|dataStream:localhost:43073|priority:0|startupRole:FOLLOWER, s1|rpc:localhost:40237|admin:localhost:43387|client:localhost:44849|dataStream:localhost:33723|priority:0|startupRole:FOLLOWER, s2|rpc:localhost:40705|admin:localhost:41207|client:localhost:37579|dataStream:localhost:35097|priority:0|startupRole:FOLLOWER]|listeners:[], old=null
2022-07-21 18:24:09,675 [s4@group-C3E9AA6170F9-LeaderElection9] INFO  impl.LeaderElection (LeaderElection.java:logAndReturn(90)) - s4@group-C3E9AA6170F9-LeaderElection9: PRE_VOTE REJECTED received 1 response(s) and 0 exception(s):
2022-07-21 18:24:09,675 [s4@group-C3E9AA6170F9-LeaderElection9] INFO  impl.LeaderElection (LeaderElection.java:logAndReturn(94)) -   Response 0: s4<-s0#0:FAIL-t1
2022-07-21 18:24:09,676 [s4@group-C3E9AA6170F9-LeaderElection9] INFO  impl.LeaderElection (LeaderElection.java:askForVotes(312)) - s4@group-C3E9AA6170F9-LeaderElection9 PRE_VOTE round 0: result REJECTED
2022-07-21 18:24:09,677 [Thread-23] INFO  server.RaftServer$Division (RaftServerImpl.java:requestVote(1198)) - s1@group-C3E9AA6170F9: receive requestVote(PRE_VOTE, s4, group-C3E9AA6170F9, 1, (t:1, i:0))
2022-07-21 18:24:09,677 [Thread-23] INFO  impl.VoteContext (VoteContext.java:log(48)) - s1@group-C3E9AA6170F9-FOLLOWER: reject PRE_VOTE from s4: this server is a follower and still has a valid leader s0
2022-07-21 18:24:09,678 [Thread-23] INFO  server.RaftServer$Division (RaftServerImpl.java:requestVote(1231)) - s1@group-C3E9AA6170F9 replies to PRE_VOTE vote request: s4<-s1#0:FAIL-t1. Peer's state: s1@group-C3E9AA6170F9:t1, leader=s0, voted=s0, raftlog=Memoized:s1@group-C3E9AA6170F9-SegmentedRaftLog:OPENED:c0, conf=0: peers:[s3|rpc:localhost:42219|admin:localhost:33767|client:localhost:36081|dataStream:localhost:37601|priority:0|startupRole:FOLLOWER, s4|rpc:localhost:41277|admin:localhost:43681|client:localhost:37665|dataStream:localhost:40265|priority:0|startupRole:FOLLOWER, s0|rpc:localhost:41401|admin:localhost:36139|client:localhost:41875|dataStream:localhost:43073|priority:0|startupRole:FOLLOWER, s1|rpc:localhost:40237|admin:localhost:43387|client:localhost:44849|dataStream:localhost:33723|priority:0|startupRole:FOLLOWER, s2|rpc:localhost:40705|admin:localhost:41207|client:localhost:37579|dataStream:localhost:35097|priority:0|startupRole:FOLLOWER]|listeners:[], old=null
2022-07-21 18:24:09,677 [Thread-29] INFO  server.RaftServer$Division (RaftServerImpl.java:requestVote(1198)) - s2@group-C3E9AA6170F9: receive requestVote(PRE_VOTE, s4, group-C3E9AA6170F9, 1, (t:1, i:0))
2022-07-21 18:24:09,678 [Thread-29] INFO  impl.VoteContext (VoteContext.java:log(48)) - s2@group-C3E9AA6170F9-FOLLOWER: reject PRE_VOTE from s4: this server is a follower and still has a valid leader s0
2022-07-21 18:24:09,678 [Thread-29] INFO  server.RaftServer$Division (RaftServerImpl.java:requestVote(1231)) - s2@group-C3E9AA6170F9 replies to PRE_VOTE vote request: s4<-s2#0:FAIL-t1. Peer's state: s2@group-C3E9AA6170F9:t1, leader=s0, voted=s0, raftlog=Memoized:s2@group-C3E9AA6170F9-SegmentedRaftLog:OPENED:c0, conf=0: peers:[s3|rpc:localhost:42219|admin:localhost:33767|client:localhost:36081|dataStream:localhost:37601|priority:0|startupRole:FOLLOWER, s4|rpc:localhost:41277|admin:localhost:43681|client:localhost:37665|dataStream:localhost:40265|priority:0|startupRole:FOLLOWER, s0|rpc:localhost:41401|admin:localhost:36139|client:localhost:41875|dataStream:localhost:43073|priority:0|startupRole:FOLLOWER, s1|rpc:localhost:40237|admin:localhost:43387|client:localhost:44849|dataStream:localhost:33723|priority:0|startupRole:FOLLOWER, s2|rpc:localhost:40705|admin:localhost:41207|client:localhost:37579|dataStream:localhost:35097|priority:0|startupRole:FOLLOWER]|listeners:[], old=null
2022-07-21 18:24:09,778 [Thread-2] INFO  server.RaftServer$Division (ServerState.java:setLeader(313)) - s3@group-C3E9AA6170F9: change Leader from null to s0 at term 1 for appendEntries, leader elected after 313ms
2022-07-21 18:24:09,824 [Thread-0] INFO  server.RaftServer$Division (RaftServerImpl.java:requestVote(1198)) - s3@group-C3E9AA6170F9: receive requestVote(PRE_VOTE, s4, group-C3E9AA6170F9, 1, (t:1, i:0))
2022-07-21 18:24:09,824 [Thread-0] INFO  impl.VoteContext (VoteContext.java:log(48)) - s3@group-C3E9AA6170F9-FOLLOWER: reject PRE_VOTE from s4: this server is a follower and still has a valid leader s0
2022-07-21 18:24:09,824 [Thread-0] INFO  server.RaftServer$Division (RaftServerImpl.java:requestVote(1231)) - s3@group-C3E9AA6170F9 replies to PRE_VOTE vote request: s4<-s3#0:FAIL-t1. Peer's state: s3@group-C3E9AA6170F9:t1, leader=s0, voted=s3, raftlog=Memoized:s3@group-C3E9AA6170F9-SegmentedRaftLog:OPENED:c0, conf=0: peers:[s3|rpc:localhost:42219|admin:localhost:33767|client:localhost:36081|dataStream:localhost:37601|priority:0|startupRole:FOLLOWER, s4|rpc:localhost:41277|admin:localhost:43681|client:localhost:37665|dataStream:localhost:40265|priority:0|startupRole:FOLLOWER, s0|rpc:localhost:41401|admin:localhost:36139|client:localhost:41875|dataStream:localhost:43073|priority:0|startupRole:FOLLOWER, s1|rpc:localhost:40237|admin:localhost:43387|client:localhost:44849|dataStream:localhost:33723|priority:0|startupRole:FOLLOWER, s2|rpc:localhost:40705|admin:localhost:41207|client:localhost:37579|dataStream:localhost:35097|priority:0|startupRole:FOLLOWER]|listeners:[], old=null
2022-07-21 18:24:10,038 [Time-limited test] INFO  simulation.TestLeaderElectionWithSimulatedRpc (LeaderElectionTests.java:enforceLeader(243)) - try enforcing leader to s3 but new leader is s0
2022-07-21 18:24:10,038 [Time-limited test] INFO  server.RaftServerConfigKeys (ConfUtils.java:logGet(46)) - raft.server.rpc.timeout.max = 300ms (default)
2022-07-21 18:24:10,327 [s3@group-C3E9AA6170F9-FollowerState] INFO  impl.FollowerState (FollowerState.java:run(143)) - s3@group-C3E9AA6170F9-FollowerState: change to CANDIDATE, lastRpcElapsedTime:319082705ns, electionTimeout:228ms
2022-07-21 18:24:10,328 [s3@group-C3E9AA6170F9-FollowerState] INFO  impl.RoleInfo (RoleInfo.java:shutdownFollowerState(110)) - s3: shutdown s3@group-C3E9AA6170F9-FollowerState
2022-07-21 18:24:10,328 [s3@group-C3E9AA6170F9-FollowerState] INFO  server.RaftServer$Division (RaftServerImpl.java:setRole(301)) - s3@group-C3E9AA6170F9: changes role from  FOLLOWER to CANDIDATE at term 1 for changeToCandidate
2022-07-21 18:24:10,328 [s3@group-C3E9AA6170F9-FollowerState] INFO  server.RaftServerConfigKeys (ConfUtils.java:logGet(46)) - raft.server.leaderelection.pre-vote = true (default)
2022-07-21 18:24:10,328 [s3@group-C3E9AA6170F9-FollowerState] INFO  impl.RoleInfo (RoleInfo.java:updateAndGet(139)) - s3: start s3@group-C3E9AA6170F9-LeaderElection10
2022-07-21 18:24:10,333 [s3@group-C3E9AA6170F9-LeaderElection10] INFO  server.RaftServer$Division (ServerState.java:setLeader(313)) - s3@group-C3E9AA6170F9: change Leader from s0 to null at term 1 for PRE_VOTE
2022-07-21 18:24:10,333 [s3@group-C3E9AA6170F9-LeaderElection10] INFO  impl.LeaderElection (LeaderElection.java:askForVotes(310)) - s3@group-C3E9AA6170F9-LeaderElection10 PRE_VOTE round 0: submit vote requests at term 1 for 0: peers:[s3|rpc:localhost:42219|admin:localhost:33767|client:localhost:36081|dataStream:localhost:37601|priority:0|startupRole:FOLLOWER, s4|rpc:localhost:41277|admin:localhost:43681|client:localhost:37665|dataStream:localhost:40265|priority:0|startupRole:FOLLOWER, s0|rpc:localhost:41401|admin:localhost:36139|client:localhost:41875|dataStream:localhost:43073|priority:0|startupRole:FOLLOWER, s1|rpc:localhost:40237|admin:localhost:43387|client:localhost:44849|dataStream:localhost:33723|priority:0|startupRole:FOLLOWER, s2|rpc:localhost:40705|admin:localhost:41207|client:localhost:37579|dataStream:localhost:35097|priority:0|startupRole:FOLLOWER]|listeners:[], old=null
2022-07-21 18:24:10,483 [Thread-7] INFO  server.RaftServer$Division (RaftServerImpl.java:requestVote(1198)) - s4@group-C3E9AA6170F9: receive requestVote(PRE_VOTE, s3, group-C3E9AA6170F9, 1, (t:1, i:0))
2022-07-21 18:24:10,484 [Thread-7] INFO  impl.VoteContext (VoteContext.java:log(48)) - s4@group-C3E9AA6170F9-FOLLOWER: reject PRE_VOTE from s3: this server is a follower and still has a valid leader s0
2022-07-21 18:24:10,484 [Thread-7] INFO  server.RaftServer$Division (RaftServerImpl.java:requestVote(1231)) - s4@group-C3E9AA6170F9 replies to PRE_VOTE vote request: s3<-s4#0:FAIL-t1. Peer's state: s4@group-C3E9AA6170F9:t1, leader=s0, voted=s3, raftlog=Memoized:s4@group-C3E9AA6170F9-SegmentedRaftLog:OPENED:c0, conf=0: peers:[s3|rpc:localhost:42219|admin:localhost:33767|client:localhost:36081|dataStream:localhost:37601|priority:0|startupRole:FOLLOWER, s4|rpc:localhost:41277|admin:localhost:43681|client:localhost:37665|dataStream:localhost:40265|priority:0|startupRole:FOLLOWER, s0|rpc:localhost:41401|admin:localhost:36139|client:localhost:41875|dataStream:localhost:43073|priority:0|startupRole:FOLLOWER, s1|rpc:localhost:40237|admin:localhost:43387|client:localhost:44849|dataStream:localhost:33723|priority:0|startupRole:FOLLOWER, s2|rpc:localhost:40705|admin:localhost:41207|client:localhost:37579|dataStream:localhost:35097|priority:0|startupRole:FOLLOWER]|listeners:[], old=null
2022-07-21 18:24:10,484 [Thread-21] INFO  server.RaftServer$Division (RaftServerImpl.java:requestVote(1198)) - s1@group-C3E9AA6170F9: receive requestVote(PRE_VOTE, s3, group-C3E9AA6170F9, 1, (t:1, i:0))
2022-07-21 18:24:10,486 [Thread-21] INFO  impl.VoteContext (VoteContext.java:log(48)) - s1@group-C3E9AA6170F9-FOLLOWER: reject PRE_VOTE from s3: this server is a follower and still has a valid leader s0
2022-07-21 18:24:10,484 [Thread-14] INFO  server.RaftServer$Division (RaftServerImpl.java:requestVote(1198)) - s0@group-C3E9AA6170F9: receive requestVote(PRE_VOTE, s3, group-C3E9AA6170F9, 1, (t:1, i:0))
2022-07-21 18:24:10,487 [Thread-14] INFO  impl.VoteContext (VoteContext.java:log(48)) - s0@group-C3E9AA6170F9-LEADER: reject PRE_VOTE from s3: this server is the leader and still has leadership
2022-07-21 18:24:10,487 [Thread-14] INFO  server.RaftServer$Division (RaftServerImpl.java:requestVote(1231)) - s0@group-C3E9AA6170F9 replies to PRE_VOTE vote request: s3<-s0#0:FAIL-t1. Peer's state: s0@group-C3E9AA6170F9:t1, leader=s0, voted=s0, raftlog=Memoized:s0@group-C3E9AA6170F9-SegmentedRaftLog:OPENED:c0, conf=0: peers:[s3|rpc:localhost:42219|admin:localhost:33767|client:localhost:36081|dataStream:localhost:37601|priority:0|startupRole:FOLLOWER, s4|rpc:localhost:41277|admin:localhost:43681|client:localhost:37665|dataStream:localhost:40265|priority:0|startupRole:FOLLOWER, s0|rpc:localhost:41401|admin:localhost:36139|client:localhost:41875|dataStream:localhost:43073|priority:0|startupRole:FOLLOWER, s1|rpc:localhost:40237|admin:localhost:43387|client:localhost:44849|dataStream:localhost:33723|priority:0|startupRole:FOLLOWER, s2|rpc:localhost:40705|admin:localhost:41207|client:localhost:37579|dataStream:localhost:35097|priority:0|startupRole:FOLLOWER]|listeners:[], old=null
2022-07-21 18:24:10,484 [Thread-30] INFO  server.RaftServer$Division (RaftServerImpl.java:requestVote(1198)) - s2@group-C3E9AA6170F9: receive requestVote(PRE_VOTE, s3, group-C3E9AA6170F9, 1, (t:1, i:0))
2022-07-21 18:24:10,487 [Thread-30] INFO  impl.VoteContext (VoteContext.java:log(48)) - s2@group-C3E9AA6170F9-FOLLOWER: reject PRE_VOTE from s3: this server is a follower and still has a valid leader s0
2022-07-21 18:24:10,488 [Thread-30] INFO  server.RaftServer$Division (RaftServerImpl.java:requestVote(1231)) - s2@group-C3E9AA6170F9 replies to PRE_VOTE vote request: s3<-s2#0:FAIL-t1. Peer's state: s2@group-C3E9AA6170F9:t1, leader=s0, voted=s0, raftlog=Memoized:s2@group-C3E9AA6170F9-SegmentedRaftLog:OPENED:c0, conf=0: peers:[s3|rpc:localhost:42219|admin:localhost:33767|client:localhost:36081|dataStream:localhost:37601|priority:0|startupRole:FOLLOWER, s4|rpc:localhost:41277|admin:localhost:43681|client:localhost:37665|dataStream:localhost:40265|priority:0|startupRole:FOLLOWER, s0|rpc:localhost:41401|admin:localhost:36139|client:localhost:41875|dataStream:localhost:43073|priority:0|startupRole:FOLLOWER, s1|rpc:localhost:40237|admin:localhost:43387|client:localhost:44849|dataStream:localhost:33723|priority:0|startupRole:FOLLOWER, s2|rpc:localhost:40705|admin:localhost:41207|client:localhost:37579|dataStream:localhost:35097|priority:0|startupRole:FOLLOWER]|listeners:[], old=null
2022-07-21 18:24:10,486 [Thread-21] INFO  server.RaftServer$Division (RaftServerImpl.java:requestVote(1231)) - s1@group-C3E9AA6170F9 replies to PRE_VOTE vote request: s3<-s1#0:FAIL-t1. Peer's state: s1@group-C3E9AA6170F9:t1, leader=s0, voted=s0, raftlog=Memoized:s1@group-C3E9AA6170F9-SegmentedRaftLog:OPENED:c0, conf=0: peers:[s3|rpc:localhost:42219|admin:localhost:33767|client:localhost:36081|dataStream:localhost:37601|priority:0|startupRole:FOLLOWER, s4|rpc:localhost:41277|admin:localhost:43681|client:localhost:37665|dataStream:localhost:40265|priority:0|startupRole:FOLLOWER, s0|rpc:localhost:41401|admin:localhost:36139|client:localhost:41875|dataStream:localhost:43073|priority:0|startupRole:FOLLOWER, s1|rpc:localhost:40237|admin:localhost:43387|client:localhost:44849|dataStream:localhost:33723|priority:0|startupRole:FOLLOWER, s2|rpc:localhost:40705|admin:localhost:41207|client:localhost:37579|dataStream:localhost:35097|priority:0|startupRole:FOLLOWER]|listeners:[], old=null
2022-07-21 18:24:10,488 [s3@group-C3E9AA6170F9-LeaderElection10] INFO  impl.LeaderElection (LeaderElection.java:logAndReturn(90)) - s3@group-C3E9AA6170F9-LeaderElection10: PRE_VOTE REJECTED received 3 response(s) and 0 exception(s):
2022-07-21 18:24:10,488 [s3@group-C3E9AA6170F9-LeaderElection10] INFO  impl.LeaderElection (LeaderElection.java:logAndReturn(94)) -   Response 0: s3<-s4#0:FAIL-t1
2022-07-21 18:24:10,488 [s3@group-C3E9AA6170F9-LeaderElection10] INFO  impl.LeaderElection (LeaderElection.java:logAndReturn(94)) -   Response 1: s3<-s0#0:FAIL-t1
2022-07-21 18:24:10,489 [s3@group-C3E9AA6170F9-LeaderElection10] INFO  impl.LeaderElection (LeaderElection.java:logAndReturn(94)) -   Response 2: s3<-s2#0:FAIL-t1
2022-07-21 18:24:10,489 [s3@group-C3E9AA6170F9-LeaderElection10] INFO  impl.LeaderElection (LeaderElection.java:askForVotes(312)) - s3@group-C3E9AA6170F9-LeaderElection10 PRE_VOTE round 0: result REJECTED
2022-07-21 18:24:10,489 [s3@group-C3E9AA6170F9-LeaderElection10] INFO  server.RaftServer$Division (RaftServerImpl.java:setRole(301)) - s3@group-C3E9AA6170F9: changes role from CANDIDATE to FOLLOWER at term 1 for REJECTED
2022-07-21 18:24:10,489 [s3@group-C3E9AA6170F9-LeaderElection10] INFO  impl.RoleInfo (RoleInfo.java:shutdownLeaderElection(130)) - s3: shutdown s3@group-C3E9AA6170F9-LeaderElection10
2022-07-21 18:24:10,489 [s3@group-C3E9AA6170F9-LeaderElection10] INFO  impl.RoleInfo (RoleInfo.java:updateAndGet(139)) - s3: start s3@group-C3E9AA6170F9-FollowerState
2022-07-21 18:24:10,489 [Time-limited test] INFO  server.RaftServerConfigKeys (ConfUtils.java:logGet(46)) - raft.server.rpc.timeout.max = 300ms (default)
2022-07-21 18:24:10,684 [Thread-1] INFO  server.RaftServer$Division (ServerState.java:setLeader(313)) - s3@group-C3E9AA6170F9: change Leader from null to s0 at term 1 for appendEntries, leader elected after 351ms
2022-07-21 18:24:10,940 [Time-limited test] INFO  simulation.TestLeaderElectionWithSimulatedRpc (LeaderElectionTests.java:enforceLeader(243)) - try enforcing leader to s3 but new leader is s0
2022-07-21 18:24:10,941 [Time-limited test] INFO  server.RaftServerConfigKeys (ConfUtils.java:logGet(46)) - raft.server.rpc.timeout.max = 300ms (default)
2022-07-21 18:24:11,272 [s3@group-C3E9AA6170F9-FollowerState] INFO  impl.FollowerState (FollowerState.java:run(143)) - s3@group-C3E9AA6170F9-FollowerState: change to CANDIDATE, lastRpcElapsedTime:358872301ns, electionTimeout:258ms
2022-07-21 18:24:11,272 [s3@group-C3E9AA6170F9-FollowerState] INFO  impl.RoleInfo (RoleInfo.java:shutdownFollowerState(110)) - s3: shutdown s3@group-C3E9AA6170F9-FollowerState
2022-07-21 18:24:11,272 [s3@group-C3E9AA6170F9-FollowerState] INFO  server.RaftServer$Division (RaftServerImpl.java:setRole(301)) - s3@group-C3E9AA6170F9: changes role from  FOLLOWER to CANDIDATE at term 1 for changeToCandidate
2022-07-21 18:24:11,272 [s3@group-C3E9AA6170F9-FollowerState] INFO  server.RaftServerConfigKeys (ConfUtils.java:logGet(46)) - raft.server.leaderelection.pre-vote = true (default)
2022-07-21 18:24:11,272 [s3@group-C3E9AA6170F9-FollowerState] INFO  impl.RoleInfo (RoleInfo.java:updateAndGet(139)) - s3: start s3@group-C3E9AA6170F9-LeaderElection11
2022-07-21 18:24:11,273 [s3@group-C3E9AA6170F9-LeaderElection11] INFO  server.RaftServer$Division (ServerState.java:setLeader(313)) - s3@group-C3E9AA6170F9: change Leader from s0 to null at term 1 for PRE_VOTE
2022-07-21 18:24:11,273 [s3@group-C3E9AA6170F9-LeaderElection11] INFO  impl.LeaderElection (LeaderElection.java:askForVotes(310)) - s3@group-C3E9AA6170F9-LeaderElection11 PRE_VOTE round 0: submit vote requests at term 1 for 0: peers:[s3|rpc:localhost:42219|admin:localhost:33767|client:localhost:36081|dataStream:localhost:37601|priority:0|startupRole:FOLLOWER, s4|rpc:localhost:41277|admin:localhost:43681|client:localhost:37665|dataStream:localhost:40265|priority:0|startupRole:FOLLOWER, s0|rpc:localhost:41401|admin:localhost:36139|client:localhost:41875|dataStream:localhost:43073|priority:0|startupRole:FOLLOWER, s1|rpc:localhost:40237|admin:localhost:43387|client:localhost:44849|dataStream:localhost:33723|priority:0|startupRole:FOLLOWER, s2|rpc:localhost:40705|admin:localhost:41207|client:localhost:37579|dataStream:localhost:35097|priority:0|startupRole:FOLLOWER]|listeners:[], old=null
2022-07-21 18:24:11,391 [Time-limited test] INFO  server.RaftServerConfigKeys (ConfUtils.java:logGet(46)) - raft.server.rpc.timeout.max = 300ms (default)
2022-07-21 18:24:11,425 [Thread-7] INFO  server.RaftServer$Division (RaftServerImpl.java:requestVote(1198)) - s4@group-C3E9AA6170F9: receive requestVote(PRE_VOTE, s3, group-C3E9AA6170F9, 1, (t:1, i:0))
2022-07-21 18:24:11,426 [Thread-7] INFO  impl.VoteContext (VoteContext.java:log(48)) - s4@group-C3E9AA6170F9-FOLLOWER: reject PRE_VOTE from s3: this server is a follower and still has a valid leader s0
2022-07-21 18:24:11,426 [Thread-28] INFO  server.RaftServer$Division (RaftServerImpl.java:requestVote(1198)) - s2@group-C3E9AA6170F9: receive requestVote(PRE_VOTE, s3, group-C3E9AA6170F9, 1, (t:1, i:0))
2022-07-21 18:24:11,426 [Thread-28] INFO  impl.VoteContext (VoteContext.java:log(48)) - s2@group-C3E9AA6170F9-FOLLOWER: reject PRE_VOTE from s3: this server is a follower and still has a valid leader s0
2022-07-21 18:24:11,425 [Thread-15] INFO  server.RaftServer$Division (RaftServerImpl.java:requestVote(1198)) - s0@group-C3E9AA6170F9: receive requestVote(PRE_VOTE, s3, group-C3E9AA6170F9, 1, (t:1, i:0))
2022-07-21 18:24:11,425 [Thread-22] INFO  server.RaftServer$Division (RaftServerImpl.java:requestVote(1198)) - s1@group-C3E9AA6170F9: receive requestVote(PRE_VOTE, s3, group-C3E9AA6170F9, 1, (t:1, i:0))
2022-07-21 18:24:11,426 [Thread-15] INFO  impl.VoteContext (VoteContext.java:log(48)) - s0@group-C3E9AA6170F9-LEADER: reject PRE_VOTE from s3: this server is the leader and still has leadership
2022-07-21 18:24:11,426 [Thread-28] INFO  server.RaftServer$Division (RaftServerImpl.java:requestVote(1231)) - s2@group-C3E9AA6170F9 replies to PRE_VOTE vote request: s3<-s2#0:FAIL-t1. Peer's state: s2@group-C3E9AA6170F9:t1, leader=s0, voted=s0, raftlog=Memoized:s2@group-C3E9AA6170F9-SegmentedRaftLog:OPENED:c0, conf=0: peers:[s3|rpc:localhost:42219|admin:localhost:33767|client:localhost:36081|dataStream:localhost:37601|priority:0|startupRole:FOLLOWER, s4|rpc:localhost:41277|admin:localhost:43681|client:localhost:37665|dataStream:localhost:40265|priority:0|startupRole:FOLLOWER, s0|rpc:localhost:41401|admin:localhost:36139|client:localhost:41875|dataStream:localhost:43073|priority:0|startupRole:FOLLOWER, s1|rpc:localhost:40237|admin:localhost:43387|client:localhost:44849|dataStream:localhost:33723|priority:0|startupRole:FOLLOWER, s2|rpc:localhost:40705|admin:localhost:41207|client:localhost:37579|dataStream:localhost:35097|priority:0|startupRole:FOLLOWER]|listeners:[], old=null
2022-07-21 18:24:11,426 [Thread-7] INFO  server.RaftServer$Division (RaftServerImpl.java:requestVote(1231)) - s4@group-C3E9AA6170F9 replies to PRE_VOTE vote request: s3<-s4#0:FAIL-t1. Peer's state: s4@group-C3E9AA6170F9:t1, leader=s0, voted=s3, raftlog=Memoized:s4@group-C3E9AA6170F9-SegmentedRaftLog:OPENED:c0, conf=0: peers:[s3|rpc:localhost:42219|admin:localhost:33767|client:localhost:36081|dataStream:localhost:37601|priority:0|startupRole:FOLLOWER, s4|rpc:localhost:41277|admin:localhost:43681|client:localhost:37665|dataStream:localhost:40265|priority:0|startupRole:FOLLOWER, s0|rpc:localhost:41401|admin:localhost:36139|client:localhost:41875|dataStream:localhost:43073|priority:0|startupRole:FOLLOWER, s1|rpc:localhost:40237|admin:localhost:43387|client:localhost:44849|dataStream:localhost:33723|priority:0|startupRole:FOLLOWER, s2|rpc:localhost:40705|admin:localhost:41207|client:localhost:37579|dataStream:localhost:35097|priority:0|startupRole:FOLLOWER]|listeners:[], old=null
2022-07-21 18:24:11,426 [Thread-15] INFO  server.RaftServer$Division (RaftServerImpl.java:requestVote(1231)) - s0@group-C3E9AA6170F9 replies to PRE_VOTE vote request: s3<-s0#0:FAIL-t1. Peer's state: s0@group-C3E9AA6170F9:t1, leader=s0, voted=s0, raftlog=Memoized:s0@group-C3E9AA6170F9-SegmentedRaftLog:OPENED:c0, conf=0: peers:[s3|rpc:localhost:42219|admin:localhost:33767|client:localhost:36081|dataStream:localhost:37601|priority:0|startupRole:FOLLOWER, s4|rpc:localhost:41277|admin:localhost:43681|client:localhost:37665|dataStream:localhost:40265|priority:0|startupRole:FOLLOWER, s0|rpc:localhost:41401|admin:localhost:36139|client:localhost:41875|dataStream:localhost:43073|priority:0|startupRole:FOLLOWER, s1|rpc:localhost:40237|admin:localhost:43387|client:localhost:44849|dataStream:localhost:33723|priority:0|startupRole:FOLLOWER, s2|rpc:localhost:40705|admin:localhost:41207|client:localhost:37579|dataStream:localhost:35097|priority:0|startupRole:FOLLOWER]|listeners:[], old=null
2022-07-21 18:24:11,426 [Thread-22] INFO  impl.VoteContext (VoteContext.java:log(48)) - s1@group-C3E9AA6170F9-FOLLOWER: reject PRE_VOTE from s3: this server is a follower and still has a valid leader s0
2022-07-21 18:24:11,427 [Thread-22] INFO  server.RaftServer$Division (RaftServerImpl.java:requestVote(1231)) - s1@group-C3E9AA6170F9 replies to PRE_VOTE vote request: s3<-s1#0:FAIL-t1. Peer's state: s1@group-C3E9AA6170F9:t1, leader=s0, voted=s0, raftlog=Memoized:s1@group-C3E9AA6170F9-SegmentedRaftLog:OPENED:c0, conf=0: peers:[s3|rpc:localhost:42219|admin:localhost:33767|client:localhost:36081|dataStream:localhost:37601|priority:0|startupRole:FOLLOWER, s4|rpc:localhost:41277|admin:localhost:43681|client:localhost:37665|dataStream:localhost:40265|priority:0|startupRole:FOLLOWER, s0|rpc:localhost:41401|admin:localhost:36139|client:localhost:41875|dataStream:localhost:43073|priority:0|startupRole:FOLLOWER, s1|rpc:localhost:40237|admin:localhost:43387|client:localhost:44849|dataStream:localhost:33723|priority:0|startupRole:FOLLOWER, s2|rpc:localhost:40705|admin:localhost:41207|client:localhost:37579|dataStream:localhost:35097|priority:0|startupRole:FOLLOWER]|listeners:[], old=null
2022-07-21 18:24:11,427 [s3@group-C3E9AA6170F9-LeaderElection11] INFO  impl.LeaderElection (LeaderElection.java:logAndReturn(90)) - s3@group-C3E9AA6170F9-LeaderElection11: PRE_VOTE REJECTED received 3 response(s) and 0 exception(s):
2022-07-21 18:24:11,427 [s3@group-C3E9AA6170F9-LeaderElection11] INFO  impl.LeaderElection (LeaderElection.java:logAndReturn(94)) -   Response 0: s3<-s4#0:FAIL-t1
2022-07-21 18:24:11,427 [s3@group-C3E9AA6170F9-LeaderElection11] INFO  impl.LeaderElection (LeaderElection.java:logAndReturn(94)) -   Response 1: s3<-s1#0:FAIL-t1
2022-07-21 18:24:11,427 [s3@group-C3E9AA6170F9-LeaderElection11] INFO  impl.LeaderElection (LeaderElection.java:logAndReturn(94)) -   Response 2: s3<-s2#0:FAIL-t1
2022-07-21 18:24:11,428 [s3@group-C3E9AA6170F9-LeaderElection11] INFO  impl.LeaderElection (LeaderElection.java:askForVotes(312)) - s3@group-C3E9AA6170F9-LeaderElection11 PRE_VOTE round 0: result REJECTED
2022-07-21 18:24:11,428 [s3@group-C3E9AA6170F9-LeaderElection11] INFO  server.RaftServer$Division (RaftServerImpl.java:setRole(301)) - s3@group-C3E9AA6170F9: changes role from CANDIDATE to FOLLOWER at term 1 for REJECTED
2022-07-21 18:24:11,428 [s3@group-C3E9AA6170F9-LeaderElection11] INFO  impl.RoleInfo (RoleInfo.java:shutdownLeaderElection(130)) - s3: shutdown s3@group-C3E9AA6170F9-LeaderElection11
2022-07-21 18:24:11,428 [s3@group-C3E9AA6170F9-LeaderElection11] INFO  impl.RoleInfo (RoleInfo.java:updateAndGet(139)) - s3: start s3@group-C3E9AA6170F9-FollowerState
2022-07-21 18:24:11,589 [Thread-2] INFO  server.RaftServer$Division (ServerState.java:setLeader(313)) - s3@group-C3E9AA6170F9: change Leader from null to s0 at term 1 for appendEntries, leader elected after 315ms
2022-07-21 18:24:11,842 [Time-limited test] INFO  simulation.TestLeaderElectionWithSimulatedRpc (LeaderElectionTests.java:enforceLeader(243)) - try enforcing leader to s3 but new leader is s0
2022-07-21 18:24:11,842 [Time-limited test] INFO  server.RaftServerConfigKeys (ConfUtils.java:logGet(46)) - raft.server.rpc.timeout.max = 300ms (default)
2022-07-21 18:24:12,175 [s3@group-C3E9AA6170F9-FollowerState] INFO  impl.FollowerState (FollowerState.java:run(143)) - s3@group-C3E9AA6170F9-FollowerState: change to CANDIDATE, lastRpcElapsedTime:357818788ns, electionTimeout:265ms
2022-07-21 18:24:12,176 [s3@group-C3E9AA6170F9-FollowerState] INFO  impl.RoleInfo (RoleInfo.java:shutdownFollowerState(110)) - s3: shutdown s3@group-C3E9AA6170F9-FollowerState
2022-07-21 18:24:12,176 [s3@group-C3E9AA6170F9-FollowerState] INFO  server.RaftServer$Division (RaftServerImpl.java:setRole(301)) - s3@group-C3E9AA6170F9: changes role from  FOLLOWER to CANDIDATE at term 1 for changeToCandidate
2022-07-21 18:24:12,176 [s3@group-C3E9AA6170F9-FollowerState] INFO  server.RaftServerConfigKeys (ConfUtils.java:logGet(46)) - raft.server.leaderelection.pre-vote = true (default)
2022-07-21 18:24:12,176 [s3@group-C3E9AA6170F9-FollowerState] INFO  impl.RoleInfo (RoleInfo.java:updateAndGet(139)) - s3: start s3@group-C3E9AA6170F9-LeaderElection12
2022-07-21 18:24:12,177 [s3@group-C3E9AA6170F9-LeaderElection12] INFO  server.RaftServer$Division (ServerState.java:setLeader(313)) - s3@group-C3E9AA6170F9: change Leader from s0 to null at term 1 for PRE_VOTE
2022-07-21 18:24:12,177 [s3@group-C3E9AA6170F9-LeaderElection12] INFO  impl.LeaderElection (LeaderElection.java:askForVotes(310)) - s3@group-C3E9AA6170F9-LeaderElection12 PRE_VOTE round 0: submit vote requests at term 1 for 0: peers:[s3|rpc:localhost:42219|admin:localhost:33767|client:localhost:36081|dataStream:localhost:37601|priority:0|startupRole:FOLLOWER, s4|rpc:localhost:41277|admin:localhost:43681|client:localhost:37665|dataStream:localhost:40265|priority:0|startupRole:FOLLOWER, s0|rpc:localhost:41401|admin:localhost:36139|client:localhost:41875|dataStream:localhost:43073|priority:0|startupRole:FOLLOWER, s1|rpc:localhost:40237|admin:localhost:43387|client:localhost:44849|dataStream:localhost:33723|priority:0|startupRole:FOLLOWER, s2|rpc:localhost:40705|admin:localhost:41207|client:localhost:37579|dataStream:localhost:35097|priority:0|startupRole:FOLLOWER]|listeners:[], old=null
2022-07-21 18:24:12,293 [Time-limited test] INFO  server.RaftServerConfigKeys (ConfUtils.java:logGet(46)) - raft.server.rpc.timeout.max = 300ms (default)
2022-07-21 18:24:12,327 [Thread-9] INFO  server.RaftServer$Division (RaftServerImpl.java:requestVote(1198)) - s4@group-C3E9AA6170F9: receive requestVote(PRE_VOTE, s3, group-C3E9AA6170F9, 1, (t:1, i:0))
2022-07-21 18:24:12,328 [Thread-16] INFO  server.RaftServer$Division (RaftServerImpl.java:requestVote(1198)) - s0@group-C3E9AA6170F9: receive requestVote(PRE_VOTE, s3, group-C3E9AA6170F9, 1, (t:1, i:0))
2022-07-21 18:24:12,328 [Thread-9] INFO  impl.VoteContext (VoteContext.java:log(48)) - s4@group-C3E9AA6170F9-FOLLOWER: reject PRE_VOTE from s3: this server is a follower and still has a valid leader s0
2022-07-21 18:24:12,328 [Thread-16] INFO  impl.VoteContext (VoteContext.java:log(48)) - s0@group-C3E9AA6170F9-LEADER: reject PRE_VOTE from s3: this server is the leader and still has leadership
2022-07-21 18:24:12,328 [Thread-9] INFO  server.RaftServer$Division (RaftServerImpl.java:requestVote(1231)) - s4@group-C3E9AA6170F9 replies to PRE_VOTE vote request: s3<-s4#0:FAIL-t1. Peer's state: s4@group-C3E9AA6170F9:t1, leader=s0, voted=s3, raftlog=Memoized:s4@group-C3E9AA6170F9-SegmentedRaftLog:OPENED:c0, conf=0: peers:[s3|rpc:localhost:42219|admin:localhost:33767|client:localhost:36081|dataStream:localhost:37601|priority:0|startupRole:FOLLOWER, s4|rpc:localhost:41277|admin:localhost:43681|client:localhost:37665|dataStream:localhost:40265|priority:0|startupRole:FOLLOWER, s0|rpc:localhost:41401|admin:localhost:36139|client:localhost:41875|dataStream:localhost:43073|priority:0|startupRole:FOLLOWER, s1|rpc:localhost:40237|admin:localhost:43387|client:localhost:44849|dataStream:localhost:33723|priority:0|startupRole:FOLLOWER, s2|rpc:localhost:40705|admin:localhost:41207|client:localhost:37579|dataStream:localhost:35097|priority:0|startupRole:FOLLOWER]|listeners:[], old=null
2022-07-21 18:24:12,328 [Thread-16] INFO  server.RaftServer$Division (RaftServerImpl.java:requestVote(1231)) - s0@group-C3E9AA6170F9 replies to PRE_VOTE vote request: s3<-s0#0:FAIL-t1. Peer's state: s0@group-C3E9AA6170F9:t1, leader=s0, voted=s0, raftlog=Memoized:s0@group-C3E9AA6170F9-SegmentedRaftLog:OPENED:c0, conf=0: peers:[s3|rpc:localhost:42219|admin:localhost:33767|client:localhost:36081|dataStream:localhost:37601|priority:0|startupRole:FOLLOWER, s4|rpc:localhost:41277|admin:localhost:43681|client:localhost:37665|dataStream:localhost:40265|priority:0|startupRole:FOLLOWER, s0|rpc:localhost:41401|admin:localhost:36139|client:localhost:41875|dataStream:localhost:43073|priority:0|startupRole:FOLLOWER, s1|rpc:localhost:40237|admin:localhost:43387|client:localhost:44849|dataStream:localhost:33723|priority:0|startupRole:FOLLOWER, s2|rpc:localhost:40705|admin:localhost:41207|client:localhost:37579|dataStream:localhost:35097|priority:0|startupRole:FOLLOWER]|listeners:[], old=null
2022-07-21 18:24:12,335 [Thread-30] INFO  server.RaftServer$Division (RaftServerImpl.java:requestVote(1198)) - s2@group-C3E9AA6170F9: receive requestVote(PRE_VOTE, s3, group-C3E9AA6170F9, 1, (t:1, i:0))
2022-07-21 18:24:12,335 [Thread-30] INFO  impl.VoteContext (VoteContext.java:log(48)) - s2@group-C3E9AA6170F9-FOLLOWER: reject PRE_VOTE from s3: this server is a follower and still has a valid leader s0
2022-07-21 18:24:12,335 [Thread-30] INFO  server.RaftServer$Division (RaftServerImpl.java:requestVote(1231)) - s2@group-C3E9AA6170F9 replies to PRE_VOTE vote request: s3<-s2#0:FAIL-t1. Peer's state: s2@group-C3E9AA6170F9:t1, leader=s0, voted=s0, raftlog=Memoized:s2@group-C3E9AA6170F9-SegmentedRaftLog:OPENED:c0, conf=0: peers:[s3|rpc:localhost:42219|admin:localhost:33767|client:localhost:36081|dataStream:localhost:37601|priority:0|startupRole:FOLLOWER, s4|rpc:localhost:41277|admin:localhost:43681|client:localhost:37665|dataStream:localhost:40265|priority:0|startupRole:FOLLOWER, s0|rpc:localhost:41401|admin:localhost:36139|client:localhost:41875|dataStream:localhost:43073|priority:0|startupRole:FOLLOWER, s1|rpc:localhost:40237|admin:localhost:43387|client:localhost:44849|dataStream:localhost:33723|priority:0|startupRole:FOLLOWER, s2|rpc:localhost:40705|admin:localhost:41207|client:localhost:37579|dataStream:localhost:35097|priority:0|startupRole:FOLLOWER]|listeners:[], old=null
2022-07-21 18:24:12,335 [Thread-21] INFO  server.RaftServer$Division (RaftServerImpl.java:requestVote(1198)) - s1@group-C3E9AA6170F9: receive requestVote(PRE_VOTE, s3, group-C3E9AA6170F9, 1, (t:1, i:0))
2022-07-21 18:24:12,336 [Thread-21] INFO  impl.VoteContext (VoteContext.java:log(48)) - s1@group-C3E9AA6170F9-FOLLOWER: reject PRE_VOTE from s3: this server is a follower and still has a valid leader s0
2022-07-21 18:24:12,336 [Thread-21] INFO  server.RaftServer$Division (RaftServerImpl.java:requestVote(1231)) - s1@group-C3E9AA6170F9 replies to PRE_VOTE vote request: s3<-s1#0:FAIL-t1. Peer's state: s1@group-C3E9AA6170F9:t1, leader=s0, voted=s0, raftlog=Memoized:s1@group-C3E9AA6170F9-SegmentedRaftLog:OPENED:c0, conf=0: peers:[s3|rpc:localhost:42219|admin:localhost:33767|client:localhost:36081|dataStream:localhost:37601|priority:0|startupRole:FOLLOWER, s4|rpc:localhost:41277|admin:localhost:43681|client:localhost:37665|dataStream:localhost:40265|priority:0|startupRole:FOLLOWER, s0|rpc:localhost:41401|admin:localhost:36139|client:localhost:41875|dataStream:localhost:43073|priority:0|startupRole:FOLLOWER, s1|rpc:localhost:40237|admin:localhost:43387|client:localhost:44849|dataStream:localhost:33723|priority:0|startupRole:FOLLOWER, s2|rpc:localhost:40705|admin:localhost:41207|client:localhost:37579|dataStream:localhost:35097|priority:0|startupRole:FOLLOWER]|listeners:[], old=null
2022-07-21 18:24:12,336 [s3@group-C3E9AA6170F9-LeaderElection12] INFO  impl.LeaderElection (LeaderElection.java:logAndReturn(90)) - s3@group-C3E9AA6170F9-LeaderElection12: PRE_VOTE REJECTED received 3 response(s) and 0 exception(s):
2022-07-21 18:24:12,336 [s3@group-C3E9AA6170F9-LeaderElection12] INFO  impl.LeaderElection (LeaderElection.java:logAndReturn(94)) -   Response 0: s3<-s4#0:FAIL-t1
2022-07-21 18:24:12,336 [s3@group-C3E9AA6170F9-LeaderElection12] INFO  impl.LeaderElection (LeaderElection.java:logAndReturn(94)) -   Response 1: s3<-s0#0:FAIL-t1
2022-07-21 18:24:12,336 [s3@group-C3E9AA6170F9-LeaderElection12] INFO  impl.LeaderElection (LeaderElection.java:logAndReturn(94)) -   Response 2: s3<-s2#0:FAIL-t1
2022-07-21 18:24:12,336 [s3@group-C3E9AA6170F9-LeaderElection12] INFO  impl.LeaderElection (LeaderElection.java:askForVotes(312)) - s3@group-C3E9AA6170F9-LeaderElection12 PRE_VOTE round 0: result REJECTED
2022-07-21 18:24:12,337 [s3@group-C3E9AA6170F9-LeaderElection12] INFO  server.RaftServer$Division (RaftServerImpl.java:setRole(301)) - s3@group-C3E9AA6170F9: changes role from CANDIDATE to FOLLOWER at term 1 for REJECTED
2022-07-21 18:24:12,337 [s3@group-C3E9AA6170F9-LeaderElection12] INFO  impl.RoleInfo (RoleInfo.java:shutdownLeaderElection(130)) - s3: shutdown s3@group-C3E9AA6170F9-LeaderElection12
2022-07-21 18:24:12,337 [s3@group-C3E9AA6170F9-LeaderElection12] INFO  impl.RoleInfo (RoleInfo.java:updateAndGet(139)) - s3: start s3@group-C3E9AA6170F9-FollowerState
2022-07-21 18:24:12,494 [Thread-0] INFO  server.RaftServer$Division (ServerState.java:setLeader(313)) - s3@group-C3E9AA6170F9: change Leader from null to s0 at term 1 for appendEntries, leader elected after 316ms
2022-07-21 18:24:12,743 [Time-limited test] INFO  simulation.TestLeaderElectionWithSimulatedRpc (LeaderElectionTests.java:enforceLeader(243)) - try enforcing leader to s3 but new leader is s0
2022-07-21 18:24:12,743 [Time-limited test] INFO  server.RaftServerConfigKeys (ConfUtils.java:logGet(46)) - raft.server.rpc.timeout.max = 300ms (default)
2022-07-21 18:24:13,069 [s3@group-C3E9AA6170F9-FollowerState] INFO  impl.FollowerState (FollowerState.java:run(143)) - s3@group-C3E9AA6170F9-FollowerState: change to CANDIDATE, lastRpcElapsedTime:346682374ns, electionTimeout:209ms
2022-07-21 18:24:13,069 [s3@group-C3E9AA6170F9-FollowerState] INFO  impl.RoleInfo (RoleInfo.java:shutdownFollowerState(110)) - s3: shutdown s3@group-C3E9AA6170F9-FollowerState
2022-07-21 18:24:13,069 [s3@group-C3E9AA6170F9-FollowerState] INFO  server.RaftServer$Division (RaftServerImpl.java:setRole(301)) - s3@group-C3E9AA6170F9: changes role from  FOLLOWER to CANDIDATE at term 1 for changeToCandidate
2022-07-21 18:24:13,069 [s3@group-C3E9AA6170F9-FollowerState] INFO  server.RaftServerConfigKeys (ConfUtils.java:logGet(46)) - raft.server.leaderelection.pre-vote = true (default)
2022-07-21 18:24:13,069 [s3@group-C3E9AA6170F9-FollowerState] INFO  impl.RoleInfo (RoleInfo.java:updateAndGet(139)) - s3: start s3@group-C3E9AA6170F9-LeaderElection13
2022-07-21 18:24:13,070 [s3@group-C3E9AA6170F9-LeaderElection13] INFO  server.RaftServer$Division (ServerState.java:setLeader(313)) - s3@group-C3E9AA6170F9: change Leader from s0 to null at term 1 for PRE_VOTE
2022-07-21 18:24:13,070 [s3@group-C3E9AA6170F9-LeaderElection13] INFO  impl.LeaderElection (LeaderElection.java:askForVotes(310)) - s3@group-C3E9AA6170F9-LeaderElection13 PRE_VOTE round 0: submit vote requests at term 1 for 0: peers:[s3|rpc:localhost:42219|admin:localhost:33767|client:localhost:36081|dataStream:localhost:37601|priority:0|startupRole:FOLLOWER, s4|rpc:localhost:41277|admin:localhost:43681|client:localhost:37665|dataStream:localhost:40265|priority:0|startupRole:FOLLOWER, s0|rpc:localhost:41401|admin:localhost:36139|client:localhost:41875|dataStream:localhost:43073|priority:0|startupRole:FOLLOWER, s1|rpc:localhost:40237|admin:localhost:43387|client:localhost:44849|dataStream:localhost:33723|priority:0|startupRole:FOLLOWER, s2|rpc:localhost:40705|admin:localhost:41207|client:localhost:37579|dataStream:localhost:35097|priority:0|startupRole:FOLLOWER]|listeners:[], old=null
2022-07-21 18:24:13,194 [Time-limited test] INFO  server.RaftServerConfigKeys (ConfUtils.java:logGet(46)) - raft.server.rpc.timeout.max = 300ms (default)
2022-07-21 18:24:13,221 [Thread-14] INFO  server.RaftServer$Division (RaftServerImpl.java:requestVote(1198)) - s0@group-C3E9AA6170F9: receive requestVote(PRE_VOTE, s3, group-C3E9AA6170F9, 1, (t:1, i:0))
2022-07-21 18:24:13,222 [Thread-14] INFO  impl.VoteContext (VoteContext.java:log(48)) - s0@group-C3E9AA6170F9-LEADER: reject PRE_VOTE from s3: this server is the leader and still has leadership
2022-07-21 18:24:13,222 [Thread-14] INFO  server.RaftServer$Division (RaftServerImpl.java:requestVote(1231)) - s0@group-C3E9AA6170F9 replies to PRE_VOTE vote request: s3<-s0#0:FAIL-t1. Peer's state: s0@group-C3E9AA6170F9:t1, leader=s0, voted=s0, raftlog=Memoized:s0@group-C3E9AA6170F9-SegmentedRaftLog:OPENED:c0, conf=0: peers:[s3|rpc:localhost:42219|admin:localhost:33767|client:localhost:36081|dataStream:localhost:37601|priority:0|startupRole:FOLLOWER, s4|rpc:localhost:41277|admin:localhost:43681|client:localhost:37665|dataStream:localhost:40265|priority:0|startupRole:FOLLOWER, s0|rpc:localhost:41401|admin:localhost:36139|client:localhost:41875|dataStream:localhost:43073|priority:0|startupRole:FOLLOWER, s1|rpc:localhost:40237|admin:localhost:43387|client:localhost:44849|dataStream:localhost:33723|priority:0|startupRole:FOLLOWER, s2|rpc:localhost:40705|admin:localhost:41207|client:localhost:37579|dataStream:localhost:35097|priority:0|startupRole:FOLLOWER]|listeners:[], old=null
2022-07-21 18:24:13,222 [Thread-22] INFO  server.RaftServer$Division (RaftServerImpl.java:requestVote(1198)) - s1@group-C3E9AA6170F9: receive requestVote(PRE_VOTE, s3, group-C3E9AA6170F9, 1, (t:1, i:0))
2022-07-21 18:24:13,222 [Thread-22] INFO  impl.VoteContext (VoteContext.java:log(48)) - s1@group-C3E9AA6170F9-FOLLOWER: reject PRE_VOTE from s3: this server is a follower and still has a valid leader s0
2022-07-21 18:24:13,221 [Thread-7] INFO  server.RaftServer$Division (RaftServerImpl.java:requestVote(1198)) - s4@group-C3E9AA6170F9: receive requestVote(PRE_VOTE, s3, group-C3E9AA6170F9, 1, (t:1, i:0))
2022-07-21 18:24:13,222 [Thread-7] INFO  impl.VoteContext (VoteContext.java:log(48)) - s4@group-C3E9AA6170F9-FOLLOWER: reject PRE_VOTE from s3: this server is a follower and still has a valid leader s0
2022-07-21 18:24:13,222 [Thread-7] INFO  server.RaftServer$Division (RaftServerImpl.java:requestVote(1231)) - s4@group-C3E9AA6170F9 replies to PRE_VOTE vote request: s3<-s4#0:FAIL-t1. Peer's state: s4@group-C3E9AA6170F9:t1, leader=s0, voted=s3, raftlog=Memoized:s4@group-C3E9AA6170F9-SegmentedRaftLog:OPENED:c0, conf=0: peers:[s3|rpc:localhost:42219|admin:localhost:33767|client:localhost:36081|dataStream:localhost:37601|priority:0|startupRole:FOLLOWER, s4|rpc:localhost:41277|admin:localhost:43681|client:localhost:37665|dataStream:localhost:40265|priority:0|startupRole:FOLLOWER, s0|rpc:localhost:41401|admin:localhost:36139|client:localhost:41875|dataStream:localhost:43073|priority:0|startupRole:FOLLOWER, s1|rpc:localhost:40237|admin:localhost:43387|client:localhost:44849|dataStream:localhost:33723|priority:0|startupRole:FOLLOWER, s2|rpc:localhost:40705|admin:localhost:41207|client:localhost:37579|dataStream:localhost:35097|priority:0|startupRole:FOLLOWER]|listeners:[], old=null
2022-07-21 18:24:13,222 [Thread-22] INFO  server.RaftServer$Division (RaftServerImpl.java:requestVote(1231)) - s1@group-C3E9AA6170F9 replies to PRE_VOTE vote request: s3<-s1#0:FAIL-t1. Peer's state: s1@group-C3E9AA6170F9:t1, leader=s0, voted=s0, raftlog=Memoized:s1@group-C3E9AA6170F9-SegmentedRaftLog:OPENED:c0, conf=0: peers:[s3|rpc:localhost:42219|admin:localhost:33767|client:localhost:36081|dataStream:localhost:37601|priority:0|startupRole:FOLLOWER, s4|rpc:localhost:41277|admin:localhost:43681|client:localhost:37665|dataStream:localhost:40265|priority:0|startupRole:FOLLOWER, s0|rpc:localhost:41401|admin:localhost:36139|client:localhost:41875|dataStream:localhost:43073|priority:0|startupRole:FOLLOWER, s1|rpc:localhost:40237|admin:localhost:43387|client:localhost:44849|dataStream:localhost:33723|priority:0|startupRole:FOLLOWER, s2|rpc:localhost:40705|admin:localhost:41207|client:localhost:37579|dataStream:localhost:35097|priority:0|startupRole:FOLLOWER]|listeners:[], old=null
2022-07-21 18:24:13,223 [Thread-28] INFO  server.RaftServer$Division (RaftServerImpl.java:requestVote(1198)) - s2@group-C3E9AA6170F9: receive requestVote(PRE_VOTE, s3, group-C3E9AA6170F9, 1, (t:1, i:0))
2022-07-21 18:24:13,223 [Thread-28] INFO  impl.VoteContext (VoteContext.java:log(48)) - s2@group-C3E9AA6170F9-FOLLOWER: reject PRE_VOTE from s3: this server is a follower and still has a valid leader s0
2022-07-21 18:24:13,223 [Thread-28] INFO  server.RaftServer$Division (RaftServerImpl.java:requestVote(1231)) - s2@group-C3E9AA6170F9 replies to PRE_VOTE vote request: s3<-s2#0:FAIL-t1. Peer's state: s2@group-C3E9AA6170F9:t1, leader=s0, voted=s0, raftlog=Memoized:s2@group-C3E9AA6170F9-SegmentedRaftLog:OPENED:c0, conf=0: peers:[s3|rpc:localhost:42219|admin:localhost:33767|client:localhost:36081|dataStream:localhost:37601|priority:0|startupRole:FOLLOWER, s4|rpc:localhost:41277|admin:localhost:43681|client:localhost:37665|dataStream:localhost:40265|priority:0|startupRole:FOLLOWER, s0|rpc:localhost:41401|admin:localhost:36139|client:localhost:41875|dataStream:localhost:43073|priority:0|startupRole:FOLLOWER, s1|rpc:localhost:40237|admin:localhost:43387|client:localhost:44849|dataStream:localhost:33723|priority:0|startupRole:FOLLOWER, s2|rpc:localhost:40705|admin:localhost:41207|client:localhost:37579|dataStream:localhost:35097|priority:0|startupRole:FOLLOWER]|listeners:[], old=null
2022-07-21 18:24:13,223 [s3@group-C3E9AA6170F9-LeaderElection13] INFO  impl.LeaderElection (LeaderElection.java:logAndReturn(90)) - s3@group-C3E9AA6170F9-LeaderElection13: PRE_VOTE REJECTED received 3 response(s) and 0 exception(s):
2022-07-21 18:24:13,224 [s3@group-C3E9AA6170F9-LeaderElection13] INFO  impl.LeaderElection (LeaderElection.java:logAndReturn(94)) -   Response 0: s3<-s4#0:FAIL-t1
2022-07-21 18:24:13,224 [s3@group-C3E9AA6170F9-LeaderElection13] INFO  impl.LeaderElection (LeaderElection.java:logAndReturn(94)) -   Response 1: s3<-s0#0:FAIL-t1
2022-07-21 18:24:13,224 [s3@group-C3E9AA6170F9-LeaderElection13] INFO  impl.LeaderElection (LeaderElection.java:logAndReturn(94)) -   Response 2: s3<-s1#0:FAIL-t1
2022-07-21 18:24:13,224 [s3@group-C3E9AA6170F9-LeaderElection13] INFO  impl.LeaderElection (LeaderElection.java:askForVotes(312)) - s3@group-C3E9AA6170F9-LeaderElection13 PRE_VOTE round 0: result REJECTED
2022-07-21 18:24:13,224 [s3@group-C3E9AA6170F9-LeaderElection13] INFO  server.RaftServer$Division (RaftServerImpl.java:setRole(301)) - s3@group-C3E9AA6170F9: changes role from CANDIDATE to FOLLOWER at term 1 for REJECTED
2022-07-21 18:24:13,224 [s3@group-C3E9AA6170F9-LeaderElection13] INFO  impl.RoleInfo (RoleInfo.java:shutdownLeaderElection(130)) - s3: shutdown s3@group-C3E9AA6170F9-LeaderElection13
2022-07-21 18:24:13,224 [s3@group-C3E9AA6170F9-LeaderElection13] INFO  impl.RoleInfo (RoleInfo.java:updateAndGet(139)) - s3: start s3@group-C3E9AA6170F9-FollowerState
2022-07-21 18:24:13,378 [s3@group-C3E9AA6170F9-FollowerState] INFO  impl.FollowerState (FollowerState.java:run(143)) - s3@group-C3E9AA6170F9-FollowerState: change to CANDIDATE, lastRpcElapsedTime:154109143ns, electionTimeout:150ms
2022-07-21 18:24:13,379 [s3@group-C3E9AA6170F9-FollowerState] INFO  impl.RoleInfo (RoleInfo.java:shutdownFollowerState(110)) - s3: shutdown s3@group-C3E9AA6170F9-FollowerState
2022-07-21 18:24:13,379 [s3@group-C3E9AA6170F9-FollowerState] INFO  server.RaftServer$Division (RaftServerImpl.java:setRole(301)) - s3@group-C3E9AA6170F9: changes role from  FOLLOWER to CANDIDATE at term 1 for changeToCandidate
2022-07-21 18:24:13,379 [s3@group-C3E9AA6170F9-FollowerState] INFO  server.RaftServerConfigKeys (ConfUtils.java:logGet(46)) - raft.server.leaderelection.pre-vote = true (default)
2022-07-21 18:24:13,379 [s3@group-C3E9AA6170F9-FollowerState] INFO  impl.RoleInfo (RoleInfo.java:updateAndGet(139)) - s3: start s3@group-C3E9AA6170F9-LeaderElection14
2022-07-21 18:24:13,384 [s3@group-C3E9AA6170F9-LeaderElection14] INFO  impl.LeaderElection (LeaderElection.java:askForVotes(310)) - s3@group-C3E9AA6170F9-LeaderElection14 PRE_VOTE round 0: submit vote requests at term 1 for 0: peers:[s3|rpc:localhost:42219|admin:localhost:33767|client:localhost:36081|dataStream:localhost:37601|priority:0|startupRole:FOLLOWER, s4|rpc:localhost:41277|admin:localhost:43681|client:localhost:37665|dataStream:localhost:40265|priority:0|startupRole:FOLLOWER, s0|rpc:localhost:41401|admin:localhost:36139|client:localhost:41875|dataStream:localhost:43073|priority:0|startupRole:FOLLOWER, s1|rpc:localhost:40237|admin:localhost:43387|client:localhost:44849|dataStream:localhost:33723|priority:0|startupRole:FOLLOWER, s2|rpc:localhost:40705|admin:localhost:41207|client:localhost:37579|dataStream:localhost:35097|priority:0|startupRole:FOLLOWER]|listeners:[], old=null
2022-07-21 18:24:13,388 [Thread-9] INFO  server.RaftServer$Division (RaftServerImpl.java:requestVote(1198)) - s4@group-C3E9AA6170F9: receive requestVote(PRE_VOTE, s3, group-C3E9AA6170F9, 1, (t:1, i:0))
2022-07-21 18:24:13,388 [Thread-9] INFO  impl.VoteContext (VoteContext.java:log(48)) - s4@group-C3E9AA6170F9-FOLLOWER: reject PRE_VOTE from s3: this server is a follower and still has a valid leader s0
2022-07-21 18:24:13,388 [Thread-9] INFO  server.RaftServer$Division (RaftServerImpl.java:requestVote(1231)) - s4@group-C3E9AA6170F9 replies to PRE_VOTE vote request: s3<-s4#0:FAIL-t1. Peer's state: s4@group-C3E9AA6170F9:t1, leader=s0, voted=s3, raftlog=Memoized:s4@group-C3E9AA6170F9-SegmentedRaftLog:OPENED:c0, conf=0: peers:[s3|rpc:localhost:42219|admin:localhost:33767|client:localhost:36081|dataStream:localhost:37601|priority:0|startupRole:FOLLOWER, s4|rpc:localhost:41277|admin:localhost:43681|client:localhost:37665|dataStream:localhost:40265|priority:0|startupRole:FOLLOWER, s0|rpc:localhost:41401|admin:localhost:36139|client:localhost:41875|dataStream:localhost:43073|priority:0|startupRole:FOLLOWER, s1|rpc:localhost:40237|admin:localhost:43387|client:localhost:44849|dataStream:localhost:33723|priority:0|startupRole:FOLLOWER, s2|rpc:localhost:40705|admin:localhost:41207|client:localhost:37579|dataStream:localhost:35097|priority:0|startupRole:FOLLOWER]|listeners:[], old=null
2022-07-21 18:24:13,390 [Thread-15] INFO  server.RaftServer$Division (RaftServerImpl.java:requestVote(1198)) - s0@group-C3E9AA6170F9: receive requestVote(PRE_VOTE, s3, group-C3E9AA6170F9, 1, (t:1, i:0))
2022-07-21 18:24:13,395 [Thread-15] INFO  impl.VoteContext (VoteContext.java:log(48)) - s0@group-C3E9AA6170F9-LEADER: reject PRE_VOTE from s3: this server is the leader and still has leadership
2022-07-21 18:24:13,395 [Thread-15] INFO  server.RaftServer$Division (RaftServerImpl.java:requestVote(1231)) - s0@group-C3E9AA6170F9 replies to PRE_VOTE vote request: s3<-s0#0:FAIL-t1. Peer's state: s0@group-C3E9AA6170F9:t1, leader=s0, voted=s0, raftlog=Memoized:s0@group-C3E9AA6170F9-SegmentedRaftLog:OPENED:c0, conf=0: peers:[s3|rpc:localhost:42219|admin:localhost:33767|client:localhost:36081|dataStream:localhost:37601|priority:0|startupRole:FOLLOWER, s4|rpc:localhost:41277|admin:localhost:43681|client:localhost:37665|dataStream:localhost:40265|priority:0|startupRole:FOLLOWER, s0|rpc:localhost:41401|admin:localhost:36139|client:localhost:41875|dataStream:localhost:43073|priority:0|startupRole:FOLLOWER, s1|rpc:localhost:40237|admin:localhost:43387|client:localhost:44849|dataStream:localhost:33723|priority:0|startupRole:FOLLOWER, s2|rpc:localhost:40705|admin:localhost:41207|client:localhost:37579|dataStream:localhost:35097|priority:0|startupRole:FOLLOWER]|listeners:[], old=null
2022-07-21 18:24:13,396 [Thread-30] INFO  server.RaftServer$Division (RaftServerImpl.java:requestVote(1198)) - s2@group-C3E9AA6170F9: receive requestVote(PRE_VOTE, s3, group-C3E9AA6170F9, 1, (t:1, i:0))
2022-07-21 18:24:13,398 [Thread-30] INFO  impl.VoteContext (VoteContext.java:log(48)) - s2@group-C3E9AA6170F9-FOLLOWER: reject PRE_VOTE from s3: this server is a follower and still has a valid leader s0
2022-07-21 18:24:13,398 [Thread-30] INFO  server.RaftServer$Division (RaftServerImpl.java:requestVote(1231)) - s2@group-C3E9AA6170F9 replies to PRE_VOTE vote request: s3<-s2#0:FAIL-t1. Peer's state: s2@group-C3E9AA6170F9:t1, leader=s0, voted=s0, raftlog=Memoized:s2@group-C3E9AA6170F9-SegmentedRaftLog:OPENED:c0, conf=0: peers:[s3|rpc:localhost:42219|admin:localhost:33767|client:localhost:36081|dataStream:localhost:37601|priority:0|startupRole:FOLLOWER, s4|rpc:localhost:41277|admin:localhost:43681|client:localhost:37665|dataStream:localhost:40265|priority:0|startupRole:FOLLOWER, s0|rpc:localhost:41401|admin:localhost:36139|client:localhost:41875|dataStream:localhost:43073|priority:0|startupRole:FOLLOWER, s1|rpc:localhost:40237|admin:localhost:43387|client:localhost:44849|dataStream:localhost:33723|priority:0|startupRole:FOLLOWER, s2|rpc:localhost:40705|admin:localhost:41207|client:localhost:37579|dataStream:localhost:35097|priority:0|startupRole:FOLLOWER]|listeners:[], old=null
2022-07-21 18:24:13,398 [s3@group-C3E9AA6170F9-LeaderElection14] INFO  impl.LeaderElection (LeaderElection.java:logAndReturn(90)) - s3@group-C3E9AA6170F9-LeaderElection14: PRE_VOTE REJECTED received 3 response(s) and 0 exception(s):
2022-07-21 18:24:13,399 [s3@group-C3E9AA6170F9-LeaderElection14] INFO  impl.LeaderElection (LeaderElection.java:logAndReturn(94)) -   Response 0: s3<-s4#0:FAIL-t1
2022-07-21 18:24:13,399 [s3@group-C3E9AA6170F9-LeaderElection14] INFO  impl.LeaderElection (LeaderElection.java:logAndReturn(94)) -   Response 1: s3<-s0#0:FAIL-t1
2022-07-21 18:24:13,399 [s3@group-C3E9AA6170F9-LeaderElection14] INFO  impl.LeaderElection (LeaderElection.java:logAndReturn(94)) -   Response 2: s3<-s2#0:FAIL-t1
2022-07-21 18:24:13,396 [Thread-22] INFO  server.RaftServer$Division (RaftServerImpl.java:requestVote(1198)) - s1@group-C3E9AA6170F9: receive requestVote(PRE_VOTE, s3, group-C3E9AA6170F9, 1, (t:1, i:0))
2022-07-21 18:24:13,400 [Thread-22] INFO  impl.VoteContext (VoteContext.java:log(48)) - s1@group-C3E9AA6170F9-FOLLOWER: reject PRE_VOTE from s3: this server is a follower and still has a valid leader s0
2022-07-21 18:24:13,400 [Thread-22] INFO  server.RaftServer$Division (RaftServerImpl.java:requestVote(1231)) - s1@group-C3E9AA6170F9 replies to PRE_VOTE vote request: s3<-s1#0:FAIL-t1. Peer's state: s1@group-C3E9AA6170F9:t1, leader=s0, voted=s0, raftlog=Memoized:s1@group-C3E9AA6170F9-SegmentedRaftLog:OPENED:c0, conf=0: peers:[s3|rpc:localhost:42219|admin:localhost:33767|client:localhost:36081|dataStream:localhost:37601|priority:0|startupRole:FOLLOWER, s4|rpc:localhost:41277|admin:localhost:43681|client:localhost:37665|dataStream:localhost:40265|priority:0|startupRole:FOLLOWER, s0|rpc:localhost:41401|admin:localhost:36139|client:localhost:41875|dataStream:localhost:43073|priority:0|startupRole:FOLLOWER, s1|rpc:localhost:40237|admin:localhost:43387|client:localhost:44849|dataStream:localhost:33723|priority:0|startupRole:FOLLOWER, s2|rpc:localhost:40705|admin:localhost:41207|client:localhost:37579|dataStream:localhost:35097|priority:0|startupRole:FOLLOWER]|listeners:[], old=null
2022-07-21 18:24:13,399 [Thread-1] INFO  server.RaftServer$Division (RaftServerImpl.java:setRole(301)) - s3@group-C3E9AA6170F9: changes role from CANDIDATE to FOLLOWER at term 1 for appendEntries
2022-07-21 18:24:13,400 [Thread-1] INFO  impl.RoleInfo (RoleInfo.java:shutdownLeaderElection(130)) - s3: shutdown s3@group-C3E9AA6170F9-LeaderElection14
2022-07-21 18:24:13,400 [Thread-1] INFO  impl.RoleInfo (RoleInfo.java:updateAndGet(139)) - s3: start s3@group-C3E9AA6170F9-FollowerState
2022-07-21 18:24:13,399 [s3@group-C3E9AA6170F9-LeaderElection14] INFO  impl.LeaderElection (LeaderElection.java:askForVotes(312)) - s3@group-C3E9AA6170F9-LeaderElection14 PRE_VOTE round 0: result REJECTED
2022-07-21 18:24:13,401 [Thread-1] INFO  server.RaftServer$Division (ServerState.java:setLeader(313)) - s3@group-C3E9AA6170F9: change Leader from null to s0 at term 1 for appendEntries, leader elected after 330ms
2022-07-21 18:24:13,644 [Time-limited test] INFO  simulation.TestLeaderElectionWithSimulatedRpc (LeaderElectionTests.java:enforceLeader(243)) - try enforcing leader to s3 but new leader is s0
2022-07-21 18:24:13,645 [Time-limited test] INFO  server.RaftServerConfigKeys (ConfUtils.java:logGet(46)) - raft.server.rpc.timeout.max = 300ms (default)
2022-07-21 18:24:14,045 [s3@group-C3E9AA6170F9-FollowerState] INFO  impl.FollowerState (FollowerState.java:run(143)) - s3@group-C3E9AA6170F9-FollowerState: change to CANDIDATE, lastRpcElapsedTime:414838553ns, electionTimeout:168ms
2022-07-21 18:24:14,045 [s3@group-C3E9AA6170F9-FollowerState] INFO  impl.RoleInfo (RoleInfo.java:shutdownFollowerState(110)) - s3: shutdown s3@group-C3E9AA6170F9-FollowerState
2022-07-21 18:24:14,045 [s3@group-C3E9AA6170F9-FollowerState] INFO  server.RaftServer$Division (RaftServerImpl.java:setRole(301)) - s3@group-C3E9AA6170F9: changes role from  FOLLOWER to CANDIDATE at term 1 for changeToCandidate
2022-07-21 18:24:14,046 [s3@group-C3E9AA6170F9-FollowerState] INFO  server.RaftServerConfigKeys (ConfUtils.java:logGet(46)) - raft.server.leaderelection.pre-vote = true (default)
2022-07-21 18:24:14,046 [s3@group-C3E9AA6170F9-FollowerState] INFO  impl.RoleInfo (RoleInfo.java:updateAndGet(139)) - s3: start s3@group-C3E9AA6170F9-LeaderElection15
2022-07-21 18:24:14,046 [s3@group-C3E9AA6170F9-LeaderElection15] INFO  server.RaftServer$Division (ServerState.java:setLeader(313)) - s3@group-C3E9AA6170F9: change Leader from s0 to null at term 1 for PRE_VOTE
2022-07-21 18:24:14,049 [s3@group-C3E9AA6170F9-LeaderElection15] INFO  impl.LeaderElection (LeaderElection.java:askForVotes(310)) - s3@group-C3E9AA6170F9-LeaderElection15 PRE_VOTE round 0: submit vote requests at term 1 for 0: peers:[s3|rpc:localhost:42219|admin:localhost:33767|client:localhost:36081|dataStream:localhost:37601|priority:0|startupRole:FOLLOWER, s4|rpc:localhost:41277|admin:localhost:43681|client:localhost:37665|dataStream:localhost:40265|priority:0|startupRole:FOLLOWER, s0|rpc:localhost:41401|admin:localhost:36139|client:localhost:41875|dataStream:localhost:43073|priority:0|startupRole:FOLLOWER, s1|rpc:localhost:40237|admin:localhost:43387|client:localhost:44849|dataStream:localhost:33723|priority:0|startupRole:FOLLOWER, s2|rpc:localhost:40705|admin:localhost:41207|client:localhost:37579|dataStream:localhost:35097|priority:0|startupRole:FOLLOWER]|listeners:[], old=null
2022-07-21 18:24:14,095 [Time-limited test] INFO  server.RaftServerConfigKeys (ConfUtils.java:logGet(46)) - raft.server.rpc.timeout.max = 300ms (default)
2022-07-21 18:24:14,199 [Thread-9] INFO  server.RaftServer$Division (RaftServerImpl.java:requestVote(1198)) - s4@group-C3E9AA6170F9: receive requestVote(PRE_VOTE, s3, group-C3E9AA6170F9, 1, (t:1, i:0))
2022-07-21 18:24:14,200 [Thread-16] INFO  server.RaftServer$Division (RaftServerImpl.java:requestVote(1198)) - s0@group-C3E9AA6170F9: receive requestVote(PRE_VOTE, s3, group-C3E9AA6170F9, 1, (t:1, i:0))
2022-07-21 18:24:14,200 [Thread-9] INFO  impl.VoteContext (VoteContext.java:log(48)) - s4@group-C3E9AA6170F9-FOLLOWER: reject PRE_VOTE from s3: this server is a follower and still has a valid leader s0
2022-07-21 18:24:14,200 [Thread-16] INFO  impl.VoteContext (VoteContext.java:log(48)) - s0@group-C3E9AA6170F9-LEADER: reject PRE_VOTE from s3: this server is the leader and still has leadership
2022-07-21 18:24:14,200 [Thread-9] INFO  server.RaftServer$Division (RaftServerImpl.java:requestVote(1231)) - s4@group-C3E9AA6170F9 replies to PRE_VOTE vote request: s3<-s4#0:FAIL-t1. Peer's state: s4@group-C3E9AA6170F9:t1, leader=s0, voted=s3, raftlog=Memoized:s4@group-C3E9AA6170F9-SegmentedRaftLog:OPENED:c0, conf=0: peers:[s3|rpc:localhost:42219|admin:localhost:33767|client:localhost:36081|dataStream:localhost:37601|priority:0|startupRole:FOLLOWER, s4|rpc:localhost:41277|admin:localhost:43681|client:localhost:37665|dataStream:localhost:40265|priority:0|startupRole:FOLLOWER, s0|rpc:localhost:41401|admin:localhost:36139|client:localhost:41875|dataStream:localhost:43073|priority:0|startupRole:FOLLOWER, s1|rpc:localhost:40237|admin:localhost:43387|client:localhost:44849|dataStream:localhost:33723|priority:0|startupRole:FOLLOWER, s2|rpc:localhost:40705|admin:localhost:41207|client:localhost:37579|dataStream:localhost:35097|priority:0|startupRole:FOLLOWER]|listeners:[], old=null
2022-07-21 18:24:14,200 [Thread-16] INFO  server.RaftServer$Division (RaftServerImpl.java:requestVote(1231)) - s0@group-C3E9AA6170F9 replies to PRE_VOTE vote request: s3<-s0#0:FAIL-t1. Peer's state: s0@group-C3E9AA6170F9:t1, leader=s0, voted=s0, raftlog=Memoized:s0@group-C3E9AA6170F9-SegmentedRaftLog:OPENED:c0, conf=0: peers:[s3|rpc:localhost:42219|admin:localhost:33767|client:localhost:36081|dataStream:localhost:37601|priority:0|startupRole:FOLLOWER, s4|rpc:localhost:41277|admin:localhost:43681|client:localhost:37665|dataStream:localhost:40265|priority:0|startupRole:FOLLOWER, s0|rpc:localhost:41401|admin:localhost:36139|client:localhost:41875|dataStream:localhost:43073|priority:0|startupRole:FOLLOWER, s1|rpc:localhost:40237|admin:localhost:43387|client:localhost:44849|dataStream:localhost:33723|priority:0|startupRole:FOLLOWER, s2|rpc:localhost:40705|admin:localhost:41207|client:localhost:37579|dataStream:localhost:35097|priority:0|startupRole:FOLLOWER]|listeners:[], old=null
2022-07-21 18:24:14,202 [Thread-22] INFO  server.RaftServer$Division (RaftServerImpl.java:requestVote(1198)) - s1@group-C3E9AA6170F9: receive requestVote(PRE_VOTE, s3, group-C3E9AA6170F9, 1, (t:1, i:0))
2022-07-21 18:24:14,203 [Thread-22] INFO  impl.VoteContext (VoteContext.java:log(48)) - s1@group-C3E9AA6170F9-FOLLOWER: reject PRE_VOTE from s3: this server is a follower and still has a valid leader s0
2022-07-21 18:24:14,203 [Thread-22] INFO  server.RaftServer$Division (RaftServerImpl.java:requestVote(1231)) - s1@group-C3E9AA6170F9 replies to PRE_VOTE vote request: s3<-s1#0:FAIL-t1. Peer's state: s1@group-C3E9AA6170F9:t1, leader=s0, voted=s0, raftlog=Memoized:s1@group-C3E9AA6170F9-SegmentedRaftLog:OPENED:c0, conf=0: peers:[s3|rpc:localhost:42219|admin:localhost:33767|client:localhost:36081|dataStream:localhost:37601|priority:0|startupRole:FOLLOWER, s4|rpc:localhost:41277|admin:localhost:43681|client:localhost:37665|dataStream:localhost:40265|priority:0|startupRole:FOLLOWER, s0|rpc:localhost:41401|admin:localhost:36139|client:localhost:41875|dataStream:localhost:43073|priority:0|startupRole:FOLLOWER, s1|rpc:localhost:40237|admin:localhost:43387|client:localhost:44849|dataStream:localhost:33723|priority:0|startupRole:FOLLOWER, s2|rpc:localhost:40705|admin:localhost:41207|client:localhost:37579|dataStream:localhost:35097|priority:0|startupRole:FOLLOWER]|listeners:[], old=null
2022-07-21 18:24:14,203 [Thread-30] INFO  server.RaftServer$Division (RaftServerImpl.java:requestVote(1198)) - s2@group-C3E9AA6170F9: receive requestVote(PRE_VOTE, s3, group-C3E9AA6170F9, 1, (t:1, i:0))
2022-07-21 18:24:14,204 [Thread-30] INFO  impl.VoteContext (VoteContext.java:log(48)) - s2@group-C3E9AA6170F9-FOLLOWER: reject PRE_VOTE from s3: this server is a follower and still has a valid leader s0
2022-07-21 18:24:14,204 [Thread-30] INFO  server.RaftServer$Division (RaftServerImpl.java:requestVote(1231)) - s2@group-C3E9AA6170F9 replies to PRE_VOTE vote request: s3<-s2#0:FAIL-t1. Peer's state: s2@group-C3E9AA6170F9:t1, leader=s0, voted=s0, raftlog=Memoized:s2@group-C3E9AA6170F9-SegmentedRaftLog:OPENED:c0, conf=0: peers:[s3|rpc:localhost:42219|admin:localhost:33767|client:localhost:36081|dataStream:localhost:37601|priority:0|startupRole:FOLLOWER, s4|rpc:localhost:41277|admin:localhost:43681|client:localhost:37665|dataStream:localhost:40265|priority:0|startupRole:FOLLOWER, s0|rpc:localhost:41401|admin:localhost:36139|client:localhost:41875|dataStream:localhost:43073|priority:0|startupRole:FOLLOWER, s1|rpc:localhost:40237|admin:localhost:43387|client:localhost:44849|dataStream:localhost:33723|priority:0|startupRole:FOLLOWER, s2|rpc:localhost:40705|admin:localhost:41207|client:localhost:37579|dataStream:localhost:35097|priority:0|startupRole:FOLLOWER]|listeners:[], old=null
2022-07-21 18:24:14,204 [s3@group-C3E9AA6170F9-LeaderElection15] INFO  impl.LeaderElection (LeaderElection.java:logAndReturn(90)) - s3@group-C3E9AA6170F9-LeaderElection15: PRE_VOTE REJECTED received 3 response(s) and 0 exception(s):
2022-07-21 18:24:14,205 [s3@group-C3E9AA6170F9-LeaderElection15] INFO  impl.LeaderElection (LeaderElection.java:logAndReturn(94)) -   Response 0: s3<-s4#0:FAIL-t1
2022-07-21 18:24:14,205 [s3@group-C3E9AA6170F9-LeaderElection15] INFO  impl.LeaderElection (LeaderElection.java:logAndReturn(94)) -   Response 1: s3<-s0#0:FAIL-t1
2022-07-21 18:24:14,205 [s3@group-C3E9AA6170F9-LeaderElection15] INFO  impl.LeaderElection (LeaderElection.java:logAndReturn(94)) -   Response 2: s3<-s2#0:FAIL-t1
2022-07-21 18:24:14,205 [s3@group-C3E9AA6170F9-LeaderElection15] INFO  impl.LeaderElection (LeaderElection.java:askForVotes(312)) - s3@group-C3E9AA6170F9-LeaderElection15 PRE_VOTE round 0: result REJECTED
2022-07-21 18:24:14,205 [s3@group-C3E9AA6170F9-LeaderElection15] INFO  server.RaftServer$Division (RaftServerImpl.java:setRole(301)) - s3@group-C3E9AA6170F9: changes role from CANDIDATE to FOLLOWER at term 1 for REJECTED
2022-07-21 18:24:14,205 [s3@group-C3E9AA6170F9-LeaderElection15] INFO  impl.RoleInfo (RoleInfo.java:shutdownLeaderElection(130)) - s3: shutdown s3@group-C3E9AA6170F9-LeaderElection15
2022-07-21 18:24:14,205 [s3@group-C3E9AA6170F9-LeaderElection15] INFO  impl.RoleInfo (RoleInfo.java:updateAndGet(139)) - s3: start s3@group-C3E9AA6170F9-FollowerState
2022-07-21 18:24:14,306 [Thread-2] INFO  server.RaftServer$Division (ServerState.java:setLeader(313)) - s3@group-C3E9AA6170F9: change Leader from null to s0 at term 1 for appendEntries, leader elected after 259ms
2022-07-21 18:24:14,545 [Time-limited test] INFO  simulation.TestLeaderElectionWithSimulatedRpc (LeaderElectionTests.java:enforceLeader(243)) - try enforcing leader to s3 but new leader is s0
2022-07-21 18:24:14,546 [Time-limited test] INFO  server.RaftServerConfigKeys (ConfUtils.java:logGet(46)) - raft.server.rpc.timeout.max = 300ms (default)
2022-07-21 18:24:14,739 [s2@group-C3E9AA6170F9-FollowerState] INFO  impl.FollowerState (FollowerState.java:run(143)) - s2@group-C3E9AA6170F9-FollowerState: change to CANDIDATE, lastRpcElapsedTime:226387165ns, electionTimeout:162ms
2022-07-21 18:24:14,739 [s2@group-C3E9AA6170F9-FollowerState] INFO  impl.RoleInfo (RoleInfo.java:shutdownFollowerState(110)) - s2: shutdown s2@group-C3E9AA6170F9-FollowerState
2022-07-21 18:24:14,740 [s2@group-C3E9AA6170F9-FollowerState] INFO  server.RaftServer$Division (RaftServerImpl.java:setRole(301)) - s2@group-C3E9AA6170F9: changes role from  FOLLOWER to CANDIDATE at term 1 for changeToCandidate
2022-07-21 18:24:14,740 [s2@group-C3E9AA6170F9-FollowerState] INFO  server.RaftServerConfigKeys (ConfUtils.java:logGet(46)) - raft.server.leaderelection.pre-vote = true (default)
2022-07-21 18:24:14,740 [s2@group-C3E9AA6170F9-FollowerState] INFO  impl.RoleInfo (RoleInfo.java:updateAndGet(139)) - s2: start s2@group-C3E9AA6170F9-LeaderElection16
2022-07-21 18:24:14,740 [Thread-30] INFO  server.RaftServer$Division (RaftServerImpl.java:setRole(301)) - s2@group-C3E9AA6170F9: changes role from CANDIDATE to FOLLOWER at term 1 for appendEntries
2022-07-21 18:24:14,740 [Thread-30] INFO  impl.RoleInfo (RoleInfo.java:shutdownLeaderElection(130)) - s2: shutdown s2@group-C3E9AA6170F9-LeaderElection16
2022-07-21 18:24:14,740 [Thread-30] INFO  impl.RoleInfo (RoleInfo.java:updateAndGet(139)) - s2: start s2@group-C3E9AA6170F9-FollowerState
2022-07-21 18:24:14,947 [s3@group-C3E9AA6170F9-FollowerState] INFO  impl.FollowerState (FollowerState.java:run(143)) - s3@group-C3E9AA6170F9-FollowerState: change to CANDIDATE, lastRpcElapsedTime:412341625ns, electionTimeout:227ms
2022-07-21 18:24:14,947 [s3@group-C3E9AA6170F9-FollowerState] INFO  impl.RoleInfo (RoleInfo.java:shutdownFollowerState(110)) - s3: shutdown s3@group-C3E9AA6170F9-FollowerState
2022-07-21 18:24:14,947 [s3@group-C3E9AA6170F9-FollowerState] INFO  server.RaftServer$Division (RaftServerImpl.java:setRole(301)) - s3@group-C3E9AA6170F9: changes role from  FOLLOWER to CANDIDATE at term 1 for changeToCandidate
2022-07-21 18:24:14,947 [s3@group-C3E9AA6170F9-FollowerState] INFO  server.RaftServerConfigKeys (ConfUtils.java:logGet(46)) - raft.server.leaderelection.pre-vote = true (default)
2022-07-21 18:24:14,947 [s3@group-C3E9AA6170F9-FollowerState] INFO  impl.RoleInfo (RoleInfo.java:updateAndGet(139)) - s3: start s3@group-C3E9AA6170F9-LeaderElection17
2022-07-21 18:24:14,948 [s3@group-C3E9AA6170F9-LeaderElection17] INFO  server.RaftServer$Division (ServerState.java:setLeader(313)) - s3@group-C3E9AA6170F9: change Leader from s0 to null at term 1 for PRE_VOTE
2022-07-21 18:24:14,948 [s3@group-C3E9AA6170F9-LeaderElection17] INFO  impl.LeaderElection (LeaderElection.java:askForVotes(310)) - s3@group-C3E9AA6170F9-LeaderElection17 PRE_VOTE round 0: submit vote requests at term 1 for 0: peers:[s3|rpc:localhost:42219|admin:localhost:33767|client:localhost:36081|dataStream:localhost:37601|priority:0|startupRole:FOLLOWER, s4|rpc:localhost:41277|admin:localhost:43681|client:localhost:37665|dataStream:localhost:40265|priority:0|startupRole:FOLLOWER, s0|rpc:localhost:41401|admin:localhost:36139|client:localhost:41875|dataStream:localhost:43073|priority:0|startupRole:FOLLOWER, s1|rpc:localhost:40237|admin:localhost:43387|client:localhost:44849|dataStream:localhost:33723|priority:0|startupRole:FOLLOWER, s2|rpc:localhost:40705|admin:localhost:41207|client:localhost:37579|dataStream:localhost:35097|priority:0|startupRole:FOLLOWER]|listeners:[], old=null
2022-07-21 18:24:14,968 [s4@group-C3E9AA6170F9-FollowerState] INFO  impl.FollowerState (FollowerState.java:run(143)) - s4@group-C3E9AA6170F9-FollowerState: change to CANDIDATE, lastRpcElapsedTime:223977541ns, electionTimeout:180ms
2022-07-21 18:24:14,968 [s4@group-C3E9AA6170F9-FollowerState] INFO  impl.RoleInfo (RoleInfo.java:shutdownFollowerState(110)) - s4: shutdown s4@group-C3E9AA6170F9-FollowerState
2022-07-21 18:24:14,968 [s4@group-C3E9AA6170F9-FollowerState] INFO  server.RaftServer$Division (RaftServerImpl.java:setRole(301)) - s4@group-C3E9AA6170F9: changes role from  FOLLOWER to CANDIDATE at term 1 for changeToCandidate
2022-07-21 18:24:14,968 [s4@group-C3E9AA6170F9-FollowerState] INFO  server.RaftServerConfigKeys (ConfUtils.java:logGet(46)) - raft.server.leaderelection.pre-vote = true (default)
2022-07-21 18:24:14,968 [s4@group-C3E9AA6170F9-FollowerState] INFO  impl.RoleInfo (RoleInfo.java:updateAndGet(139)) - s4: start s4@group-C3E9AA6170F9-LeaderElection18
2022-07-21 18:24:14,970 [Thread-7] INFO  server.RaftServer$Division (RaftServerImpl.java:setRole(301)) - s4@group-C3E9AA6170F9: changes role from CANDIDATE to FOLLOWER at term 1 for appendEntries
2022-07-21 18:24:14,970 [Thread-7] INFO  impl.RoleInfo (RoleInfo.java:shutdownLeaderElection(130)) - s4: shutdown s4@group-C3E9AA6170F9-LeaderElection18
2022-07-21 18:24:14,970 [Thread-7] INFO  impl.RoleInfo (RoleInfo.java:updateAndGet(139)) - s4: start s4@group-C3E9AA6170F9-FollowerState
2022-07-21 18:24:14,971 [s4@group-C3E9AA6170F9-LeaderElection18] INFO  impl.LeaderElection (LeaderElection.java:run(231)) - s4@group-C3E9AA6170F9-LeaderElection18: skip running since this is already CLOSING
2022-07-21 18:24:14,996 [Time-limited test] INFO  server.RaftServerConfigKeys (ConfUtils.java:logGet(46)) - raft.server.rpc.timeout.max = 300ms (default)
2022-07-21 18:24:15,099 [Thread-8] INFO  server.RaftServer$Division (RaftServerImpl.java:requestVote(1198)) - s4@group-C3E9AA6170F9: receive requestVote(PRE_VOTE, s3, group-C3E9AA6170F9, 1, (t:1, i:0))
2022-07-21 18:24:15,099 [Thread-8] INFO  impl.VoteContext (VoteContext.java:log(48)) - s4@group-C3E9AA6170F9-FOLLOWER: reject PRE_VOTE from s3: this server is a follower and still has a valid leader s0
2022-07-21 18:24:15,099 [Thread-23] INFO  server.RaftServer$Division (RaftServerImpl.java:requestVote(1198)) - s1@group-C3E9AA6170F9: receive requestVote(PRE_VOTE, s3, group-C3E9AA6170F9, 1, (t:1, i:0))
2022-07-21 18:24:15,099 [Thread-14] INFO  server.RaftServer$Division (RaftServerImpl.java:requestVote(1198)) - s0@group-C3E9AA6170F9: receive requestVote(PRE_VOTE, s3, group-C3E9AA6170F9, 1, (t:1, i:0))
2022-07-21 18:24:15,099 [Thread-14] INFO  impl.VoteContext (VoteContext.java:log(48)) - s0@group-C3E9AA6170F9-LEADER: reject PRE_VOTE from s3: this server is the leader and still has leadership
2022-07-21 18:24:15,099 [Thread-14] INFO  server.RaftServer$Division (RaftServerImpl.java:requestVote(1231)) - s0@group-C3E9AA6170F9 replies to PRE_VOTE vote request: s3<-s0#0:FAIL-t1. Peer's state: s0@group-C3E9AA6170F9:t1, leader=s0, voted=s0, raftlog=Memoized:s0@group-C3E9AA6170F9-SegmentedRaftLog:OPENED:c0, conf=0: peers:[s3|rpc:localhost:42219|admin:localhost:33767|client:localhost:36081|dataStream:localhost:37601|priority:0|startupRole:FOLLOWER, s4|rpc:localhost:41277|admin:localhost:43681|client:localhost:37665|dataStream:localhost:40265|priority:0|startupRole:FOLLOWER, s0|rpc:localhost:41401|admin:localhost:36139|client:localhost:41875|dataStream:localhost:43073|priority:0|startupRole:FOLLOWER, s1|rpc:localhost:40237|admin:localhost:43387|client:localhost:44849|dataStream:localhost:33723|priority:0|startupRole:FOLLOWER, s2|rpc:localhost:40705|admin:localhost:41207|client:localhost:37579|dataStream:localhost:35097|priority:0|startupRole:FOLLOWER]|listeners:[], old=null
2022-07-21 18:24:15,099 [Thread-23] INFO  impl.VoteContext (VoteContext.java:log(48)) - s1@group-C3E9AA6170F9-FOLLOWER: reject PRE_VOTE from s3: this server is a follower and still has a valid leader s0
2022-07-21 18:24:15,100 [Thread-23] INFO  server.RaftServer$Division (RaftServerImpl.java:requestVote(1231)) - s1@group-C3E9AA6170F9 replies to PRE_VOTE vote request: s3<-s1#0:FAIL-t1. Peer's state: s1@group-C3E9AA6170F9:t1, leader=s0, voted=s0, raftlog=Memoized:s1@group-C3E9AA6170F9-SegmentedRaftLog:OPENED:c0, conf=0: peers:[s3|rpc:localhost:42219|admin:localhost:33767|client:localhost:36081|dataStream:localhost:37601|priority:0|startupRole:FOLLOWER, s4|rpc:localhost:41277|admin:localhost:43681|client:localhost:37665|dataStream:localhost:40265|priority:0|startupRole:FOLLOWER, s0|rpc:localhost:41401|admin:localhost:36139|client:localhost:41875|dataStream:localhost:43073|priority:0|startupRole:FOLLOWER, s1|rpc:localhost:40237|admin:localhost:43387|client:localhost:44849|dataStream:localhost:33723|priority:0|startupRole:FOLLOWER, s2|rpc:localhost:40705|admin:localhost:41207|client:localhost:37579|dataStream:localhost:35097|priority:0|startupRole:FOLLOWER]|listeners:[], old=null
2022-07-21 18:24:15,099 [Thread-8] INFO  server.RaftServer$Division (RaftServerImpl.java:requestVote(1231)) - s4@group-C3E9AA6170F9 replies to PRE_VOTE vote request: s3<-s4#0:FAIL-t1. Peer's state: s4@group-C3E9AA6170F9:t1, leader=s0, voted=s3, raftlog=Memoized:s4@group-C3E9AA6170F9-SegmentedRaftLog:OPENED:c0, conf=0: peers:[s3|rpc:localhost:42219|admin:localhost:33767|client:localhost:36081|dataStream:localhost:37601|priority:0|startupRole:FOLLOWER, s4|rpc:localhost:41277|admin:localhost:43681|client:localhost:37665|dataStream:localhost:40265|priority:0|startupRole:FOLLOWER, s0|rpc:localhost:41401|admin:localhost:36139|client:localhost:41875|dataStream:localhost:43073|priority:0|startupRole:FOLLOWER, s1|rpc:localhost:40237|admin:localhost:43387|client:localhost:44849|dataStream:localhost:33723|priority:0|startupRole:FOLLOWER, s2|rpc:localhost:40705|admin:localhost:41207|client:localhost:37579|dataStream:localhost:35097|priority:0|startupRole:FOLLOWER]|listeners:[], old=null
2022-07-21 18:24:15,099 [Thread-29] INFO  server.RaftServer$Division (RaftServerImpl.java:requestVote(1198)) - s2@group-C3E9AA6170F9: receive requestVote(PRE_VOTE, s3, group-C3E9AA6170F9, 1, (t:1, i:0))
2022-07-21 18:24:15,100 [Thread-29] INFO  impl.VoteContext (VoteContext.java:log(48)) - s2@group-C3E9AA6170F9-FOLLOWER: reject PRE_VOTE from s3: this server is a follower and still has a valid leader s0
2022-07-21 18:24:15,100 [Thread-29] INFO  server.RaftServer$Division (RaftServerImpl.java:requestVote(1231)) - s2@group-C3E9AA6170F9 replies to PRE_VOTE vote request: s3<-s2#0:FAIL-t1. Peer's state: s2@group-C3E9AA6170F9:t1, leader=s0, voted=s0, raftlog=Memoized:s2@group-C3E9AA6170F9-SegmentedRaftLog:OPENED:c0, conf=0: peers:[s3|rpc:localhost:42219|admin:localhost:33767|client:localhost:36081|dataStream:localhost:37601|priority:0|startupRole:FOLLOWER, s4|rpc:localhost:41277|admin:localhost:43681|client:localhost:37665|dataStream:localhost:40265|priority:0|startupRole:FOLLOWER, s0|rpc:localhost:41401|admin:localhost:36139|client:localhost:41875|dataStream:localhost:43073|priority:0|startupRole:FOLLOWER, s1|rpc:localhost:40237|admin:localhost:43387|client:localhost:44849|dataStream:localhost:33723|priority:0|startupRole:FOLLOWER, s2|rpc:localhost:40705|admin:localhost:41207|client:localhost:37579|dataStream:localhost:35097|priority:0|startupRole:FOLLOWER]|listeners:[], old=null
2022-07-21 18:24:15,100 [s3@group-C3E9AA6170F9-LeaderElection17] INFO  impl.LeaderElection (LeaderElection.java:logAndReturn(90)) - s3@group-C3E9AA6170F9-LeaderElection17: PRE_VOTE REJECTED received 3 response(s) and 0 exception(s):
2022-07-21 18:24:15,100 [s3@group-C3E9AA6170F9-LeaderElection17] INFO  impl.LeaderElection (LeaderElection.java:logAndReturn(94)) -   Response 0: s3<-s4#0:FAIL-t1
2022-07-21 18:24:15,100 [s3@group-C3E9AA6170F9-LeaderElection17] INFO  impl.LeaderElection (LeaderElection.java:logAndReturn(94)) -   Response 1: s3<-s0#0:FAIL-t1
2022-07-21 18:24:15,100 [s3@group-C3E9AA6170F9-LeaderElection17] INFO  impl.LeaderElection (LeaderElection.java:logAndReturn(94)) -   Response 2: s3<-s1#0:FAIL-t1
2022-07-21 18:24:15,100 [s3@group-C3E9AA6170F9-LeaderElection17] INFO  impl.LeaderElection (LeaderElection.java:askForVotes(312)) - s3@group-C3E9AA6170F9-LeaderElection17 PRE_VOTE round 0: result REJECTED
2022-07-21 18:24:15,100 [s3@group-C3E9AA6170F9-LeaderElection17] INFO  server.RaftServer$Division (RaftServerImpl.java:setRole(301)) - s3@group-C3E9AA6170F9: changes role from CANDIDATE to FOLLOWER at term 1 for REJECTED
2022-07-21 18:24:15,100 [s3@group-C3E9AA6170F9-LeaderElection17] INFO  impl.RoleInfo (RoleInfo.java:shutdownLeaderElection(130)) - s3: shutdown s3@group-C3E9AA6170F9-LeaderElection17
2022-07-21 18:24:15,100 [s3@group-C3E9AA6170F9-LeaderElection17] INFO  impl.RoleInfo (RoleInfo.java:updateAndGet(139)) - s3: start s3@group-C3E9AA6170F9-FollowerState
2022-07-21 18:24:15,210 [Thread-0] INFO  server.RaftServer$Division (ServerState.java:setLeader(313)) - s3@group-C3E9AA6170F9: change Leader from null to s0 at term 1 for appendEntries, leader elected after 262ms
2022-07-21 18:24:15,447 [Time-limited test] INFO  simulation.TestLeaderElectionWithSimulatedRpc (LeaderElectionTests.java:enforceLeader(243)) - try enforcing leader to s3 but new leader is s0
2022-07-21 18:24:15,447 [Time-limited test] INFO  server.RaftServerConfigKeys (ConfUtils.java:logGet(46)) - raft.server.rpc.timeout.max = 300ms (default)
2022-07-21 18:24:15,765 [s3@group-C3E9AA6170F9-FollowerState] INFO  impl.FollowerState (FollowerState.java:run(143)) - s3@group-C3E9AA6170F9-FollowerState: change to CANDIDATE, lastRpcElapsedTime:326799566ns, electionTimeout:165ms
2022-07-21 18:24:15,765 [s3@group-C3E9AA6170F9-FollowerState] INFO  impl.RoleInfo (RoleInfo.java:shutdownFollowerState(110)) - s3: shutdown s3@group-C3E9AA6170F9-FollowerState
2022-07-21 18:24:15,765 [s3@group-C3E9AA6170F9-FollowerState] INFO  server.RaftServer$Division (RaftServerImpl.java:setRole(301)) - s3@group-C3E9AA6170F9: changes role from  FOLLOWER to CANDIDATE at term 1 for changeToCandidate
2022-07-21 18:24:15,765 [s3@group-C3E9AA6170F9-FollowerState] INFO  server.RaftServerConfigKeys (ConfUtils.java:logGet(46)) - raft.server.leaderelection.pre-vote = true (default)
2022-07-21 18:24:15,765 [s3@group-C3E9AA6170F9-FollowerState] INFO  impl.RoleInfo (RoleInfo.java:updateAndGet(139)) - s3: start s3@group-C3E9AA6170F9-LeaderElection19
2022-07-21 18:24:15,766 [s3@group-C3E9AA6170F9-LeaderElection19] INFO  server.RaftServer$Division (ServerState.java:setLeader(313)) - s3@group-C3E9AA6170F9: change Leader from s0 to null at term 1 for PRE_VOTE
2022-07-21 18:24:15,766 [s3@group-C3E9AA6170F9-LeaderElection19] INFO  impl.LeaderElection (LeaderElection.java:askForVotes(310)) - s3@group-C3E9AA6170F9-LeaderElection19 PRE_VOTE round 0: submit vote requests at term 1 for 0: peers:[s3|rpc:localhost:42219|admin:localhost:33767|client:localhost:36081|dataStream:localhost:37601|priority:0|startupRole:FOLLOWER, s4|rpc:localhost:41277|admin:localhost:43681|client:localhost:37665|dataStream:localhost:40265|priority:0|startupRole:FOLLOWER, s0|rpc:localhost:41401|admin:localhost:36139|client:localhost:41875|dataStream:localhost:43073|priority:0|startupRole:FOLLOWER, s1|rpc:localhost:40237|admin:localhost:43387|client:localhost:44849|dataStream:localhost:33723|priority:0|startupRole:FOLLOWER, s2|rpc:localhost:40705|admin:localhost:41207|client:localhost:37579|dataStream:localhost:35097|priority:0|startupRole:FOLLOWER]|listeners:[], old=null
2022-07-21 18:24:15,897 [Time-limited test] INFO  server.RaftServerConfigKeys (ConfUtils.java:logGet(46)) - raft.server.rpc.timeout.max = 300ms (default)
2022-07-21 18:24:15,917 [Thread-9] INFO  server.RaftServer$Division (RaftServerImpl.java:requestVote(1198)) - s4@group-C3E9AA6170F9: receive requestVote(PRE_VOTE, s3, group-C3E9AA6170F9, 1, (t:1, i:0))
2022-07-21 18:24:15,917 [Thread-15] INFO  server.RaftServer$Division (RaftServerImpl.java:requestVote(1198)) - s0@group-C3E9AA6170F9: receive requestVote(PRE_VOTE, s3, group-C3E9AA6170F9, 1, (t:1, i:0))
2022-07-21 18:24:15,917 [Thread-15] INFO  impl.VoteContext (VoteContext.java:log(48)) - s0@group-C3E9AA6170F9-LEADER: reject PRE_VOTE from s3: this server is the leader and still has leadership
2022-07-21 18:24:15,917 [Thread-22] INFO  server.RaftServer$Division (RaftServerImpl.java:requestVote(1198)) - s1@group-C3E9AA6170F9: receive requestVote(PRE_VOTE, s3, group-C3E9AA6170F9, 1, (t:1, i:0))
2022-07-21 18:24:15,918 [Thread-15] INFO  server.RaftServer$Division (RaftServerImpl.java:requestVote(1231)) - s0@group-C3E9AA6170F9 replies to PRE_VOTE vote request: s3<-s0#0:FAIL-t1. Peer's state: s0@group-C3E9AA6170F9:t1, leader=s0, voted=s0, raftlog=Memoized:s0@group-C3E9AA6170F9-SegmentedRaftLog:OPENED:c0, conf=0: peers:[s3|rpc:localhost:42219|admin:localhost:33767|client:localhost:36081|dataStream:localhost:37601|priority:0|startupRole:FOLLOWER, s4|rpc:localhost:41277|admin:localhost:43681|client:localhost:37665|dataStream:localhost:40265|priority:0|startupRole:FOLLOWER, s0|rpc:localhost:41401|admin:localhost:36139|client:localhost:41875|dataStream:localhost:43073|priority:0|startupRole:FOLLOWER, s1|rpc:localhost:40237|admin:localhost:43387|client:localhost:44849|dataStream:localhost:33723|priority:0|startupRole:FOLLOWER, s2|rpc:localhost:40705|admin:localhost:41207|client:localhost:37579|dataStream:localhost:35097|priority:0|startupRole:FOLLOWER]|listeners:[], old=null
2022-07-21 18:24:15,917 [Thread-9] INFO  impl.VoteContext (VoteContext.java:log(48)) - s4@group-C3E9AA6170F9-FOLLOWER: reject PRE_VOTE from s3: this server is a follower and still has a valid leader s0
2022-07-21 18:24:15,918 [Thread-9] INFO  server.RaftServer$Division (RaftServerImpl.java:requestVote(1231)) - s4@group-C3E9AA6170F9 replies to PRE_VOTE vote request: s3<-s4#0:FAIL-t1. Peer's state: s4@group-C3E9AA6170F9:t1, leader=s0, voted=s3, raftlog=Memoized:s4@group-C3E9AA6170F9-SegmentedRaftLog:OPENED:c0, conf=0: peers:[s3|rpc:localhost:42219|admin:localhost:33767|client:localhost:36081|dataStream:localhost:37601|priority:0|startupRole:FOLLOWER, s4|rpc:localhost:41277|admin:localhost:43681|client:localhost:37665|dataStream:localhost:40265|priority:0|startupRole:FOLLOWER, s0|rpc:localhost:41401|admin:localhost:36139|client:localhost:41875|dataStream:localhost:43073|priority:0|startupRole:FOLLOWER, s1|rpc:localhost:40237|admin:localhost:43387|client:localhost:44849|dataStream:localhost:33723|priority:0|startupRole:FOLLOWER, s2|rpc:localhost:40705|admin:localhost:41207|client:localhost:37579|dataStream:localhost:35097|priority:0|startupRole:FOLLOWER]|listeners:[], old=null
2022-07-21 18:24:15,918 [Thread-22] INFO  impl.VoteContext (VoteContext.java:log(48)) - s1@group-C3E9AA6170F9-FOLLOWER: reject PRE_VOTE from s3: this server is a follower and still has a valid leader s0
2022-07-21 18:24:15,918 [Thread-22] INFO  server.RaftServer$Division (RaftServerImpl.java:requestVote(1231)) - s1@group-C3E9AA6170F9 replies to PRE_VOTE vote request: s3<-s1#0:FAIL-t1. Peer's state: s1@group-C3E9AA6170F9:t1, leader=s0, voted=s0, raftlog=Memoized:s1@group-C3E9AA6170F9-SegmentedRaftLog:OPENED:c0, conf=0: peers:[s3|rpc:localhost:42219|admin:localhost:33767|client:localhost:36081|dataStream:localhost:37601|priority:0|startupRole:FOLLOWER, s4|rpc:localhost:41277|admin:localhost:43681|client:localhost:37665|dataStream:localhost:40265|priority:0|startupRole:FOLLOWER, s0|rpc:localhost:41401|admin:localhost:36139|client:localhost:41875|dataStream:localhost:43073|priority:0|startupRole:FOLLOWER, s1|rpc:localhost:40237|admin:localhost:43387|client:localhost:44849|dataStream:localhost:33723|priority:0|startupRole:FOLLOWER, s2|rpc:localhost:40705|admin:localhost:41207|client:localhost:37579|dataStream:localhost:35097|priority:0|startupRole:FOLLOWER]|listeners:[], old=null
2022-07-21 18:24:15,917 [Thread-30] INFO  server.RaftServer$Division (RaftServerImpl.java:requestVote(1198)) - s2@group-C3E9AA6170F9: receive requestVote(PRE_VOTE, s3, group-C3E9AA6170F9, 1, (t:1, i:0))
2022-07-21 18:24:15,918 [s3@group-C3E9AA6170F9-LeaderElection19] INFO  impl.LeaderElection (LeaderElection.java:logAndReturn(90)) - s3@group-C3E9AA6170F9-LeaderElection19: PRE_VOTE REJECTED received 3 response(s) and 0 exception(s):
2022-07-21 18:24:15,918 [s3@group-C3E9AA6170F9-LeaderElection19] INFO  impl.LeaderElection (LeaderElection.java:logAndReturn(94)) -   Response 0: s3<-s4#0:FAIL-t1
2022-07-21 18:24:15,918 [s3@group-C3E9AA6170F9-LeaderElection19] INFO  impl.LeaderElection (LeaderElection.java:logAndReturn(94)) -   Response 1: s3<-s0#0:FAIL-t1
2022-07-21 18:24:15,918 [s3@group-C3E9AA6170F9-LeaderElection19] INFO  impl.LeaderElection (LeaderElection.java:logAndReturn(94)) -   Response 2: s3<-s1#0:FAIL-t1
2022-07-21 18:24:15,918 [Thread-30] INFO  impl.VoteContext (VoteContext.java:log(48)) - s2@group-C3E9AA6170F9-FOLLOWER: reject PRE_VOTE from s3: this server is a follower and still has a valid leader s0
2022-07-21 18:24:15,918 [Thread-30] INFO  server.RaftServer$Division (RaftServerImpl.java:requestVote(1231)) - s2@group-C3E9AA6170F9 replies to PRE_VOTE vote request: s3<-s2#0:FAIL-t1. Peer's state: s2@group-C3E9AA6170F9:t1, leader=s0, voted=s0, raftlog=Memoized:s2@group-C3E9AA6170F9-SegmentedRaftLog:OPENED:c0, conf=0: peers:[s3|rpc:localhost:42219|admin:localhost:33767|client:localhost:36081|dataStream:localhost:37601|priority:0|startupRole:FOLLOWER, s4|rpc:localhost:41277|admin:localhost:43681|client:localhost:37665|dataStream:localhost:40265|priority:0|startupRole:FOLLOWER, s0|rpc:localhost:41401|admin:localhost:36139|client:localhost:41875|dataStream:localhost:43073|priority:0|startupRole:FOLLOWER, s1|rpc:localhost:40237|admin:localhost:43387|client:localhost:44849|dataStream:localhost:33723|priority:0|startupRole:FOLLOWER, s2|rpc:localhost:40705|admin:localhost:41207|client:localhost:37579|dataStream:localhost:35097|priority:0|startupRole:FOLLOWER]|listeners:[], old=null
2022-07-21 18:24:15,918 [s3@group-C3E9AA6170F9-LeaderElection19] INFO  impl.LeaderElection (LeaderElection.java:askForVotes(312)) - s3@group-C3E9AA6170F9-LeaderElection19 PRE_VOTE round 0: result REJECTED
2022-07-21 18:24:15,919 [s3@group-C3E9AA6170F9-LeaderElection19] INFO  server.RaftServer$Division (RaftServerImpl.java:setRole(301)) - s3@group-C3E9AA6170F9: changes role from CANDIDATE to FOLLOWER at term 1 for REJECTED
2022-07-21 18:24:15,919 [s3@group-C3E9AA6170F9-LeaderElection19] INFO  impl.RoleInfo (RoleInfo.java:shutdownLeaderElection(130)) - s3: shutdown s3@group-C3E9AA6170F9-LeaderElection19
2022-07-21 18:24:15,919 [s3@group-C3E9AA6170F9-LeaderElection19] INFO  impl.RoleInfo (RoleInfo.java:updateAndGet(139)) - s3: start s3@group-C3E9AA6170F9-FollowerState
2022-07-21 18:24:15,967 [Timer-0] INFO  impl.MiniRaftCluster (MiniRaftCluster.java:lambda$null$5(315)) - TIMED-PRINT: printing ALL groups
  s3:  RUNNING  FOLLOWER s3@group-C3E9AA6170F9:t1, leader=null, voted=s3, raftlog=Memoized:s3@group-C3E9AA6170F9-SegmentedRaftLog:OPENED:c0, conf=0: peers:[s3|rpc:localhost:42219|admin:localhost:33767|client:localhost:36081|dataStream:localhost:37601|priority:0|startupRole:FOLLOWER, s4|rpc:localhost:41277|admin:localhost:43681|client:localhost:37665|dataStream:localhost:40265|priority:0|startupRole:FOLLOWER, s0|rpc:localhost:41401|admin:localhost:36139|client:localhost:41875|dataStream:localhost:43073|priority:0|startupRole:FOLLOWER, s1|rpc:localhost:40237|admin:localhost:43387|client:localhost:44849|dataStream:localhost:33723|priority:0|startupRole:FOLLOWER, s2|rpc:localhost:40705|admin:localhost:41207|client:localhost:37579|dataStream:localhost:35097|priority:0|startupRole:FOLLOWER]|listeners:[], old=null RUNNING
  s4:  RUNNING  FOLLOWER s4@group-C3E9AA6170F9:t1, leader=s0, voted=s3, raftlog=Memoized:s4@group-C3E9AA6170F9-SegmentedRaftLog:OPENED:c0, conf=0: peers:[s3|rpc:localhost:42219|admin:localhost:33767|client:localhost:36081|dataStream:localhost:37601|priority:0|startupRole:FOLLOWER, s4|rpc:localhost:41277|admin:localhost:43681|client:localhost:37665|dataStream:localhost:40265|priority:0|startupRole:FOLLOWER, s0|rpc:localhost:41401|admin:localhost:36139|client:localhost:41875|dataStream:localhost:43073|priority:0|startupRole:FOLLOWER, s1|rpc:localhost:40237|admin:localhost:43387|client:localhost:44849|dataStream:localhost:33723|priority:0|startupRole:FOLLOWER, s2|rpc:localhost:40705|admin:localhost:41207|client:localhost:37579|dataStream:localhost:35097|priority:0|startupRole:FOLLOWER]|listeners:[], old=null RUNNING
  s0:  RUNNING    LEADER s0@group-C3E9AA6170F9:t1, leader=s0, voted=s0, raftlog=Memoized:s0@group-C3E9AA6170F9-SegmentedRaftLog:OPENED:c0, conf=0: peers:[s3|rpc:localhost:42219|admin:localhost:33767|client:localhost:36081|dataStream:localhost:37601|priority:0|startupRole:FOLLOWER, s4|rpc:localhost:41277|admin:localhost:43681|client:localhost:37665|dataStream:localhost:40265|priority:0|startupRole:FOLLOWER, s0|rpc:localhost:41401|admin:localhost:36139|client:localhost:41875|dataStream:localhost:43073|priority:0|startupRole:FOLLOWER, s1|rpc:localhost:40237|admin:localhost:43387|client:localhost:44849|dataStream:localhost:33723|priority:0|startupRole:FOLLOWER, s2|rpc:localhost:40705|admin:localhost:41207|client:localhost:37579|dataStream:localhost:35097|priority:0|startupRole:FOLLOWER]|listeners:[], old=null RUNNING
  s1:  RUNNING  FOLLOWER s1@group-C3E9AA6170F9:t1, leader=s0, voted=s0, raftlog=Memoized:s1@group-C3E9AA6170F9-SegmentedRaftLog:OPENED:c0, conf=0: peers:[s3|rpc:localhost:42219|admin:localhost:33767|client:localhost:36081|dataStream:localhost:37601|priority:0|startupRole:FOLLOWER, s4|rpc:localhost:41277|admin:localhost:43681|client:localhost:37665|dataStream:localhost:40265|priority:0|startupRole:FOLLOWER, s0|rpc:localhost:41401|admin:localhost:36139|client:localhost:41875|dataStream:localhost:43073|priority:0|startupRole:FOLLOWER, s1|rpc:localhost:40237|admin:localhost:43387|client:localhost:44849|dataStream:localhost:33723|priority:0|startupRole:FOLLOWER, s2|rpc:localhost:40705|admin:localhost:41207|client:localhost:37579|dataStream:localhost:35097|priority:0|startupRole:FOLLOWER]|listeners:[], old=null RUNNING
  s2:  RUNNING  FOLLOWER s2@group-C3E9AA6170F9:t1, leader=s0, voted=s0, raftlog=Memoized:s2@group-C3E9AA6170F9-SegmentedRaftLog:OPENED:c0, conf=0: peers:[s3|rpc:localhost:42219|admin:localhost:33767|client:localhost:36081|dataStream:localhost:37601|priority:0|startupRole:FOLLOWER, s4|rpc:localhost:41277|admin:localhost:43681|client:localhost:37665|dataStream:localhost:40265|priority:0|startupRole:FOLLOWER, s0|rpc:localhost:41401|admin:localhost:36139|client:localhost:41875|dataStream:localhost:43073|priority:0|startupRole:FOLLOWER, s1|rpc:localhost:40237|admin:localhost:43387|client:localhost:44849|dataStream:localhost:33723|priority:0|startupRole:FOLLOWER, s2|rpc:localhost:40705|admin:localhost:41207|client:localhost:37579|dataStream:localhost:35097|priority:0|startupRole:FOLLOWER]|listeners:[], old=null RUNNING
2022-07-21 18:24:16,102 [s3@group-C3E9AA6170F9-FollowerState] INFO  impl.FollowerState (FollowerState.java:run(143)) - s3@group-C3E9AA6170F9-FollowerState: change to CANDIDATE, lastRpcElapsedTime:183399632ns, electionTimeout:183ms
2022-07-21 18:24:16,102 [s3@group-C3E9AA6170F9-FollowerState] INFO  impl.RoleInfo (RoleInfo.java:shutdownFollowerState(110)) - s3: shutdown s3@group-C3E9AA6170F9-FollowerState
2022-07-21 18:24:16,102 [s3@group-C3E9AA6170F9-FollowerState] INFO  server.RaftServer$Division (RaftServerImpl.java:setRole(301)) - s3@group-C3E9AA6170F9: changes role from  FOLLOWER to CANDIDATE at term 1 for changeToCandidate
2022-07-21 18:24:16,102 [s3@group-C3E9AA6170F9-FollowerState] INFO  server.RaftServerConfigKeys (ConfUtils.java:logGet(46)) - raft.server.leaderelection.pre-vote = true (default)
2022-07-21 18:24:16,102 [s3@group-C3E9AA6170F9-FollowerState] INFO  impl.RoleInfo (RoleInfo.java:updateAndGet(139)) - s3: start s3@group-C3E9AA6170F9-LeaderElection20
2022-07-21 18:24:16,103 [s3@group-C3E9AA6170F9-LeaderElection20] INFO  impl.LeaderElection (LeaderElection.java:askForVotes(310)) - s3@group-C3E9AA6170F9-LeaderElection20 PRE_VOTE round 0: submit vote requests at term 1 for 0: peers:[s3|rpc:localhost:42219|admin:localhost:33767|client:localhost:36081|dataStream:localhost:37601|priority:0|startupRole:FOLLOWER, s4|rpc:localhost:41277|admin:localhost:43681|client:localhost:37665|dataStream:localhost:40265|priority:0|startupRole:FOLLOWER, s0|rpc:localhost:41401|admin:localhost:36139|client:localhost:41875|dataStream:localhost:43073|priority:0|startupRole:FOLLOWER, s1|rpc:localhost:40237|admin:localhost:43387|client:localhost:44849|dataStream:localhost:33723|priority:0|startupRole:FOLLOWER, s2|rpc:localhost:40705|admin:localhost:41207|client:localhost:37579|dataStream:localhost:35097|priority:0|startupRole:FOLLOWER]|listeners:[], old=null
2022-07-21 18:24:16,104 [Thread-16] INFO  server.RaftServer$Division (RaftServerImpl.java:requestVote(1198)) - s0@group-C3E9AA6170F9: receive requestVote(PRE_VOTE, s3, group-C3E9AA6170F9, 1, (t:1, i:0))
2022-07-21 18:24:16,104 [Thread-16] INFO  impl.VoteContext (VoteContext.java:log(48)) - s0@group-C3E9AA6170F9-LEADER: reject PRE_VOTE from s3: this server is the leader and still has leadership
2022-07-21 18:24:16,104 [Thread-16] INFO  server.RaftServer$Division (RaftServerImpl.java:requestVote(1231)) - s0@group-C3E9AA6170F9 replies to PRE_VOTE vote request: s3<-s0#0:FAIL-t1. Peer's state: s0@group-C3E9AA6170F9:t1, leader=s0, voted=s0, raftlog=Memoized:s0@group-C3E9AA6170F9-SegmentedRaftLog:OPENED:c0, conf=0: peers:[s3|rpc:localhost:42219|admin:localhost:33767|client:localhost:36081|dataStream:localhost:37601|priority:0|startupRole:FOLLOWER, s4|rpc:localhost:41277|admin:localhost:43681|client:localhost:37665|dataStream:localhost:40265|priority:0|startupRole:FOLLOWER, s0|rpc:localhost:41401|admin:localhost:36139|client:localhost:41875|dataStream:localhost:43073|priority:0|startupRole:FOLLOWER, s1|rpc:localhost:40237|admin:localhost:43387|client:localhost:44849|dataStream:localhost:33723|priority:0|startupRole:FOLLOWER, s2|rpc:localhost:40705|admin:localhost:41207|client:localhost:37579|dataStream:localhost:35097|priority:0|startupRole:FOLLOWER]|listeners:[], old=null
2022-07-21 18:24:16,104 [Thread-8] INFO  server.RaftServer$Division (RaftServerImpl.java:requestVote(1198)) - s4@group-C3E9AA6170F9: receive requestVote(PRE_VOTE, s3, group-C3E9AA6170F9, 1, (t:1, i:0))
2022-07-21 18:24:16,104 [Thread-8] INFO  impl.VoteContext (VoteContext.java:log(48)) - s4@group-C3E9AA6170F9-FOLLOWER: reject PRE_VOTE from s3: this server is a follower and still has a valid leader s0
2022-07-21 18:24:16,105 [Thread-8] INFO  server.RaftServer$Division (RaftServerImpl.java:requestVote(1231)) - s4@group-C3E9AA6170F9 replies to PRE_VOTE vote request: s3<-s4#0:FAIL-t1. Peer's state: s4@group-C3E9AA6170F9:t1, leader=s0, voted=s3, raftlog=Memoized:s4@group-C3E9AA6170F9-SegmentedRaftLog:OPENED:c0, conf=0: peers:[s3|rpc:localhost:42219|admin:localhost:33767|client:localhost:36081|dataStream:localhost:37601|priority:0|startupRole:FOLLOWER, s4|rpc:localhost:41277|admin:localhost:43681|client:localhost:37665|dataStream:localhost:40265|priority:0|startupRole:FOLLOWER, s0|rpc:localhost:41401|admin:localhost:36139|client:localhost:41875|dataStream:localhost:43073|priority:0|startupRole:FOLLOWER, s1|rpc:localhost:40237|admin:localhost:43387|client:localhost:44849|dataStream:localhost:33723|priority:0|startupRole:FOLLOWER, s2|rpc:localhost:40705|admin:localhost:41207|client:localhost:37579|dataStream:localhost:35097|priority:0|startupRole:FOLLOWER]|listeners:[], old=null
2022-07-21 18:24:16,105 [Thread-23] INFO  server.RaftServer$Division (RaftServerImpl.java:requestVote(1198)) - s1@group-C3E9AA6170F9: receive requestVote(PRE_VOTE, s3, group-C3E9AA6170F9, 1, (t:1, i:0))
2022-07-21 18:24:16,105 [Thread-23] INFO  impl.VoteContext (VoteContext.java:log(48)) - s1@group-C3E9AA6170F9-FOLLOWER: reject PRE_VOTE from s3: this server is a follower and still has a valid leader s0
2022-07-21 18:24:16,105 [Thread-23] INFO  server.RaftServer$Division (RaftServerImpl.java:requestVote(1231)) - s1@group-C3E9AA6170F9 replies to PRE_VOTE vote request: s3<-s1#0:FAIL-t1. Peer's state: s1@group-C3E9AA6170F9:t1, leader=s0, voted=s0, raftlog=Memoized:s1@group-C3E9AA6170F9-SegmentedRaftLog:OPENED:c0, conf=0: peers:[s3|rpc:localhost:42219|admin:localhost:33767|client:localhost:36081|dataStream:localhost:37601|priority:0|startupRole:FOLLOWER, s4|rpc:localhost:41277|admin:localhost:43681|client:localhost:37665|dataStream:localhost:40265|priority:0|startupRole:FOLLOWER, s0|rpc:localhost:41401|admin:localhost:36139|client:localhost:41875|dataStream:localhost:43073|priority:0|startupRole:FOLLOWER, s1|rpc:localhost:40237|admin:localhost:43387|client:localhost:44849|dataStream:localhost:33723|priority:0|startupRole:FOLLOWER, s2|rpc:localhost:40705|admin:localhost:41207|client:localhost:37579|dataStream:localhost:35097|priority:0|startupRole:FOLLOWER]|listeners:[], old=null
2022-07-21 18:24:16,105 [s3@group-C3E9AA6170F9-LeaderElection20] INFO  impl.LeaderElection (LeaderElection.java:logAndReturn(90)) - s3@group-C3E9AA6170F9-LeaderElection20: PRE_VOTE REJECTED received 3 response(s) and 0 exception(s):
2022-07-21 18:24:16,105 [s3@group-C3E9AA6170F9-LeaderElection20] INFO  impl.LeaderElection (LeaderElection.java:logAndReturn(94)) -   Response 0: s3<-s4#0:FAIL-t1
2022-07-21 18:24:16,105 [s3@group-C3E9AA6170F9-LeaderElection20] INFO  impl.LeaderElection (LeaderElection.java:logAndReturn(94)) -   Response 1: s3<-s0#0:FAIL-t1
2022-07-21 18:24:16,105 [s3@group-C3E9AA6170F9-LeaderElection20] INFO  impl.LeaderElection (LeaderElection.java:logAndReturn(94)) -   Response 2: s3<-s1#0:FAIL-t1
2022-07-21 18:24:16,105 [s3@group-C3E9AA6170F9-LeaderElection20] INFO  impl.LeaderElection (LeaderElection.java:askForVotes(312)) - s3@group-C3E9AA6170F9-LeaderElection20 PRE_VOTE round 0: result REJECTED
2022-07-21 18:24:16,105 [s3@group-C3E9AA6170F9-LeaderElection20] INFO  server.RaftServer$Division (RaftServerImpl.java:setRole(301)) - s3@group-C3E9AA6170F9: changes role from CANDIDATE to FOLLOWER at term 1 for REJECTED
2022-07-21 18:24:16,105 [s3@group-C3E9AA6170F9-LeaderElection20] INFO  impl.RoleInfo (RoleInfo.java:shutdownLeaderElection(130)) - s3: shutdown s3@group-C3E9AA6170F9-LeaderElection20
2022-07-21 18:24:16,105 [s3@group-C3E9AA6170F9-LeaderElection20] INFO  impl.RoleInfo (RoleInfo.java:updateAndGet(139)) - s3: start s3@group-C3E9AA6170F9-FollowerState
2022-07-21 18:24:16,106 [Thread-29] INFO  server.RaftServer$Division (RaftServerImpl.java:requestVote(1198)) - s2@group-C3E9AA6170F9: receive requestVote(PRE_VOTE, s3, group-C3E9AA6170F9, 1, (t:1, i:0))
2022-07-21 18:24:16,106 [Thread-29] INFO  impl.VoteContext (VoteContext.java:log(48)) - s2@group-C3E9AA6170F9-FOLLOWER: reject PRE_VOTE from s3: this server is a follower and still has a valid leader s0
2022-07-21 18:24:16,106 [Thread-29] INFO  server.RaftServer$Division (RaftServerImpl.java:requestVote(1231)) - s2@group-C3E9AA6170F9 replies to PRE_VOTE vote request: s3<-s2#0:FAIL-t1. Peer's state: s2@group-C3E9AA6170F9:t1, leader=s0, voted=s0, raftlog=Memoized:s2@group-C3E9AA6170F9-SegmentedRaftLog:OPENED:c0, conf=0: peers:[s3|rpc:localhost:42219|admin:localhost:33767|client:localhost:36081|dataStream:localhost:37601|priority:0|startupRole:FOLLOWER, s4|rpc:localhost:41277|admin:localhost:43681|client:localhost:37665|dataStream:localhost:40265|priority:0|startupRole:FOLLOWER, s0|rpc:localhost:41401|admin:localhost:36139|client:localhost:41875|dataStream:localhost:43073|priority:0|startupRole:FOLLOWER, s1|rpc:localhost:40237|admin:localhost:43387|client:localhost:44849|dataStream:localhost:33723|priority:0|startupRole:FOLLOWER, s2|rpc:localhost:40705|admin:localhost:41207|client:localhost:37579|dataStream:localhost:35097|priority:0|startupRole:FOLLOWER]|listeners:[], old=null
2022-07-21 18:24:16,114 [Thread-1] INFO  server.RaftServer$Division (ServerState.java:setLeader(313)) - s3@group-C3E9AA6170F9: change Leader from null to s0 at term 1 for appendEntries, leader elected after 347ms
2022-07-21 18:24:16,348 [Time-limited test] INFO  simulation.TestLeaderElectionWithSimulatedRpc (LeaderElectionTests.java:enforceLeader(246)) - printing ALL groups
  s3:  RUNNING  FOLLOWER s3@group-C3E9AA6170F9:t1, leader=s0, voted=s3, raftlog=Memoized:s3@group-C3E9AA6170F9-SegmentedRaftLog:OPENED:c0, conf=0: peers:[s3|rpc:localhost:42219|admin:localhost:33767|client:localhost:36081|dataStream:localhost:37601|priority:0|startupRole:FOLLOWER, s4|rpc:localhost:41277|admin:localhost:43681|client:localhost:37665|dataStream:localhost:40265|priority:0|startupRole:FOLLOWER, s0|rpc:localhost:41401|admin:localhost:36139|client:localhost:41875|dataStream:localhost:43073|priority:0|startupRole:FOLLOWER, s1|rpc:localhost:40237|admin:localhost:43387|client:localhost:44849|dataStream:localhost:33723|priority:0|startupRole:FOLLOWER, s2|rpc:localhost:40705|admin:localhost:41207|client:localhost:37579|dataStream:localhost:35097|priority:0|startupRole:FOLLOWER]|listeners:[], old=null RUNNING
  s4:  RUNNING  FOLLOWER s4@group-C3E9AA6170F9:t1, leader=s0, voted=s3, raftlog=Memoized:s4@group-C3E9AA6170F9-SegmentedRaftLog:OPENED:c0, conf=0: peers:[s3|rpc:localhost:42219|admin:localhost:33767|client:localhost:36081|dataStream:localhost:37601|priority:0|startupRole:FOLLOWER, s4|rpc:localhost:41277|admin:localhost:43681|client:localhost:37665|dataStream:localhost:40265|priority:0|startupRole:FOLLOWER, s0|rpc:localhost:41401|admin:localhost:36139|client:localhost:41875|dataStream:localhost:43073|priority:0|startupRole:FOLLOWER, s1|rpc:localhost:40237|admin:localhost:43387|client:localhost:44849|dataStream:localhost:33723|priority:0|startupRole:FOLLOWER, s2|rpc:localhost:40705|admin:localhost:41207|client:localhost:37579|dataStream:localhost:35097|priority:0|startupRole:FOLLOWER]|listeners:[], old=null RUNNING
  s0:  RUNNING    LEADER s0@group-C3E9AA6170F9:t1, leader=s0, voted=s0, raftlog=Memoized:s0@group-C3E9AA6170F9-SegmentedRaftLog:OPENED:c0, conf=0: peers:[s3|rpc:localhost:42219|admin:localhost:33767|client:localhost:36081|dataStream:localhost:37601|priority:0|startupRole:FOLLOWER, s4|rpc:localhost:41277|admin:localhost:43681|client:localhost:37665|dataStream:localhost:40265|priority:0|startupRole:FOLLOWER, s0|rpc:localhost:41401|admin:localhost:36139|client:localhost:41875|dataStream:localhost:43073|priority:0|startupRole:FOLLOWER, s1|rpc:localhost:40237|admin:localhost:43387|client:localhost:44849|dataStream:localhost:33723|priority:0|startupRole:FOLLOWER, s2|rpc:localhost:40705|admin:localhost:41207|client:localhost:37579|dataStream:localhost:35097|priority:0|startupRole:FOLLOWER]|listeners:[], old=null RUNNING
  s1:  RUNNING  FOLLOWER s1@group-C3E9AA6170F9:t1, leader=s0, voted=s0, raftlog=Memoized:s1@group-C3E9AA6170F9-SegmentedRaftLog:OPENED:c0, conf=0: peers:[s3|rpc:localhost:42219|admin:localhost:33767|client:localhost:36081|dataStream:localhost:37601|priority:0|startupRole:FOLLOWER, s4|rpc:localhost:41277|admin:localhost:43681|client:localhost:37665|dataStream:localhost:40265|priority:0|startupRole:FOLLOWER, s0|rpc:localhost:41401|admin:localhost:36139|client:localhost:41875|dataStream:localhost:43073|priority:0|startupRole:FOLLOWER, s1|rpc:localhost:40237|admin:localhost:43387|client:localhost:44849|dataStream:localhost:33723|priority:0|startupRole:FOLLOWER, s2|rpc:localhost:40705|admin:localhost:41207|client:localhost:37579|dataStream:localhost:35097|priority:0|startupRole:FOLLOWER]|listeners:[], old=null RUNNING
  s2:  RUNNING  FOLLOWER s2@group-C3E9AA6170F9:t1, leader=s0, voted=s0, raftlog=Memoized:s2@group-C3E9AA6170F9-SegmentedRaftLog:OPENED:c0, conf=0: peers:[s3|rpc:localhost:42219|admin:localhost:33767|client:localhost:36081|dataStream:localhost:37601|priority:0|startupRole:FOLLOWER, s4|rpc:localhost:41277|admin:localhost:43681|client:localhost:37665|dataStream:localhost:40265|priority:0|startupRole:FOLLOWER, s0|rpc:localhost:41401|admin:localhost:36139|client:localhost:41875|dataStream:localhost:43073|priority:0|startupRole:FOLLOWER, s1|rpc:localhost:40237|admin:localhost:43387|client:localhost:44849|dataStream:localhost:33723|priority:0|startupRole:FOLLOWER, s2|rpc:localhost:40705|admin:localhost:41207|client:localhost:37579|dataStream:localhost:35097|priority:0|startupRole:FOLLOWER]|listeners:[], old=null RUNNING
2022-07-21 18:24:16,348 [Time-limited test] INFO  impl.MiniRaftCluster (MiniRaftCluster.java:shutdown(778)) - ************************************************************** 
2022-07-21 18:24:16,348 [Time-limited test] INFO  impl.MiniRaftCluster (MiniRaftCluster.java:shutdown(779)) - *** 
2022-07-21 18:24:16,348 [Time-limited test] INFO  impl.MiniRaftCluster (MiniRaftCluster.java:shutdown(780)) - ***     Stopping MiniRaftClusterWithSimulatedRpc
2022-07-21 18:24:16,348 [Time-limited test] INFO  impl.MiniRaftCluster (MiniRaftCluster.java:shutdown(781)) - *** 
2022-07-21 18:24:16,348 [Time-limited test] INFO  impl.MiniRaftCluster (MiniRaftCluster.java:shutdown(782)) - ************************************************************** 
2022-07-21 18:24:16,349 [Time-limited test] INFO  impl.MiniRaftCluster (MiniRaftCluster.java:shutdown(783)) - printing ALL groups
  s3:  RUNNING  FOLLOWER s3@group-C3E9AA6170F9:t1, leader=s0, voted=s3, raftlog=Memoized:s3@group-C3E9AA6170F9-SegmentedRaftLog:OPENED:c0, conf=0: peers:[s3|rpc:localhost:42219|admin:localhost:33767|client:localhost:36081|dataStream:localhost:37601|priority:0|startupRole:FOLLOWER, s4|rpc:localhost:41277|admin:localhost:43681|client:localhost:37665|dataStream:localhost:40265|priority:0|startupRole:FOLLOWER, s0|rpc:localhost:41401|admin:localhost:36139|client:localhost:41875|dataStream:localhost:43073|priority:0|startupRole:FOLLOWER, s1|rpc:localhost:40237|admin:localhost:43387|client:localhost:44849|dataStream:localhost:33723|priority:0|startupRole:FOLLOWER, s2|rpc:localhost:40705|admin:localhost:41207|client:localhost:37579|dataStream:localhost:35097|priority:0|startupRole:FOLLOWER]|listeners:[], old=null RUNNING
  s4:  RUNNING  FOLLOWER s4@group-C3E9AA6170F9:t1, leader=s0, voted=s3, raftlog=Memoized:s4@group-C3E9AA6170F9-SegmentedRaftLog:OPENED:c0, conf=0: peers:[s3|rpc:localhost:42219|admin:localhost:33767|client:localhost:36081|dataStream:localhost:37601|priority:0|startupRole:FOLLOWER, s4|rpc:localhost:41277|admin:localhost:43681|client:localhost:37665|dataStream:localhost:40265|priority:0|startupRole:FOLLOWER, s0|rpc:localhost:41401|admin:localhost:36139|client:localhost:41875|dataStream:localhost:43073|priority:0|startupRole:FOLLOWER, s1|rpc:localhost:40237|admin:localhost:43387|client:localhost:44849|dataStream:localhost:33723|priority:0|startupRole:FOLLOWER, s2|rpc:localhost:40705|admin:localhost:41207|client:localhost:37579|dataStream:localhost:35097|priority:0|startupRole:FOLLOWER]|listeners:[], old=null RUNNING
  s0:  RUNNING    LEADER s0@group-C3E9AA6170F9:t1, leader=s0, voted=s0, raftlog=Memoized:s0@group-C3E9AA6170F9-SegmentedRaftLog:OPENED:c0, conf=0: peers:[s3|rpc:localhost:42219|admin:localhost:33767|client:localhost:36081|dataStream:localhost:37601|priority:0|startupRole:FOLLOWER, s4|rpc:localhost:41277|admin:localhost:43681|client:localhost:37665|dataStream:localhost:40265|priority:0|startupRole:FOLLOWER, s0|rpc:localhost:41401|admin:localhost:36139|client:localhost:41875|dataStream:localhost:43073|priority:0|startupRole:FOLLOWER, s1|rpc:localhost:40237|admin:localhost:43387|client:localhost:44849|dataStream:localhost:33723|priority:0|startupRole:FOLLOWER, s2|rpc:localhost:40705|admin:localhost:41207|client:localhost:37579|dataStream:localhost:35097|priority:0|startupRole:FOLLOWER]|listeners:[], old=null RUNNING
  s1:  RUNNING  FOLLOWER s1@group-C3E9AA6170F9:t1, leader=s0, voted=s0, raftlog=Memoized:s1@group-C3E9AA6170F9-SegmentedRaftLog:OPENED:c0, conf=0: peers:[s3|rpc:localhost:42219|admin:localhost:33767|client:localhost:36081|dataStream:localhost:37601|priority:0|startupRole:FOLLOWER, s4|rpc:localhost:41277|admin:localhost:43681|client:localhost:37665|dataStream:localhost:40265|priority:0|startupRole:FOLLOWER, s0|rpc:localhost:41401|admin:localhost:36139|client:localhost:41875|dataStream:localhost:43073|priority:0|startupRole:FOLLOWER, s1|rpc:localhost:40237|admin:localhost:43387|client:localhost:44849|dataStream:localhost:33723|priority:0|startupRole:FOLLOWER, s2|rpc:localhost:40705|admin:localhost:41207|client:localhost:37579|dataStream:localhost:35097|priority:0|startupRole:FOLLOWER]|listeners:[], old=null RUNNING
  s2:  RUNNING  FOLLOWER s2@group-C3E9AA6170F9:t1, leader=s0, voted=s0, raftlog=Memoized:s2@group-C3E9AA6170F9-SegmentedRaftLog:OPENED:c0, conf=0: peers:[s3|rpc:localhost:42219|admin:localhost:33767|client:localhost:36081|dataStream:localhost:37601|priority:0|startupRole:FOLLOWER, s4|rpc:localhost:41277|admin:localhost:43681|client:localhost:37665|dataStream:localhost:40265|priority:0|startupRole:FOLLOWER, s0|rpc:localhost:41401|admin:localhost:36139|client:localhost:41875|dataStream:localhost:43073|priority:0|startupRole:FOLLOWER, s1|rpc:localhost:40237|admin:localhost:43387|client:localhost:44849|dataStream:localhost:33723|priority:0|startupRole:FOLLOWER, s2|rpc:localhost:40705|admin:localhost:41207|client:localhost:37579|dataStream:localhost:35097|priority:0|startupRole:FOLLOWER]|listeners:[], old=null RUNNING
2022-07-21 18:24:16,352 [java.util.concurrent.ThreadPoolExecutor$Worker@11f8fc70[State = -1, empty queue]] INFO  server.RaftServer (RaftServerProxy.java:lambda$close$6(401)) - s4: close
2022-07-21 18:24:16,352 [java.util.concurrent.ThreadPoolExecutor$Worker@124352e2[State = -1, empty queue]] INFO  server.RaftServer (RaftServerProxy.java:lambda$close$6(401)) - s3: close
2022-07-21 18:24:16,353 [java.util.concurrent.ThreadPoolExecutor$Worker@24c17304[State = -1, empty queue]] INFO  server.RaftServer (RaftServerProxy.java:lambda$close$6(401)) - s1: close
2022-07-21 18:24:16,353 [java.util.concurrent.ThreadPoolExecutor$Worker@11f8fc70[State = -1, empty queue]] INFO  server.RaftServer$Division (RaftServerImpl.java:lambda$close$4(438)) - s4@group-C3E9AA6170F9: shutdown
2022-07-21 18:24:16,353 [java.util.concurrent.ThreadPoolExecutor$Worker@124352e2[State = -1, empty queue]] INFO  server.RaftServer$Division (RaftServerImpl.java:lambda$close$4(438)) - s3@group-C3E9AA6170F9: shutdown
2022-07-21 18:24:16,354 [java.util.concurrent.ThreadPoolExecutor$Worker@124352e2[State = -1, empty queue]] INFO  util.JmxRegister (JmxRegister.java:unregister(73)) - Successfully un-registered JMX Bean with object name Ratis:service=RaftServer,group=group-C3E9AA6170F9,id=s3
2022-07-21 18:24:16,354 [java.util.concurrent.ThreadPoolExecutor$Worker@124352e2[State = -1, empty queue]] INFO  impl.RoleInfo (RoleInfo.java:shutdownFollowerState(110)) - s3: shutdown s3@group-C3E9AA6170F9-FollowerState
2022-07-21 18:24:16,354 [java.util.concurrent.ThreadPoolExecutor$Worker@11f8fc70[State = -1, empty queue]] INFO  util.JmxRegister (JmxRegister.java:unregister(73)) - Successfully un-registered JMX Bean with object name Ratis:service=RaftServer,group=group-C3E9AA6170F9,id=s4
2022-07-21 18:24:16,354 [java.util.concurrent.ThreadPoolExecutor$Worker@11f8fc70[State = -1, empty queue]] INFO  impl.RoleInfo (RoleInfo.java:shutdownFollowerState(110)) - s4: shutdown s4@group-C3E9AA6170F9-FollowerState
2022-07-21 18:24:16,354 [java.util.concurrent.ThreadPoolExecutor$Worker@24c17304[State = -1, empty queue]] INFO  server.RaftServer$Division (RaftServerImpl.java:lambda$close$4(438)) - s1@group-C3E9AA6170F9: shutdown
2022-07-21 18:24:16,355 [java.util.concurrent.ThreadPoolExecutor$Worker@11f8fc70[State = -1, empty queue]] INFO  impl.StateMachineUpdater (StateMachineUpdater.java:stopAndJoin(153)) - s4@group-C3E9AA6170F9-StateMachineUpdater: set stopIndex = 0
2022-07-21 18:24:16,355 [java.util.concurrent.ThreadPoolExecutor$Worker@24c17304[State = -1, empty queue]] INFO  util.JmxRegister (JmxRegister.java:unregister(73)) - Successfully un-registered JMX Bean with object name Ratis:service=RaftServer,group=group-C3E9AA6170F9,id=s1
2022-07-21 18:24:16,355 [java.util.concurrent.ThreadPoolExecutor$Worker@24c17304[State = -1, empty queue]] INFO  impl.RoleInfo (RoleInfo.java:shutdownFollowerState(110)) - s1: shutdown s1@group-C3E9AA6170F9-FollowerState
2022-07-21 18:24:16,355 [s1@group-C3E9AA6170F9-FollowerState] INFO  impl.FollowerState (FollowerState.java:run(152)) - s1@group-C3E9AA6170F9-FollowerState was interrupted
2022-07-21 18:24:16,355 [s3@group-C3E9AA6170F9-FollowerState] INFO  impl.FollowerState (FollowerState.java:run(152)) - s3@group-C3E9AA6170F9-FollowerState was interrupted
2022-07-21 18:24:16,356 [java.util.concurrent.ThreadPoolExecutor$Worker@11f8fc70[State = -1, empty queue]] INFO  server.RaftServer$Division (ServerState.java:close(465)) - s4@group-C3E9AA6170F9: closes. applyIndex: 0
2022-07-21 18:24:16,357 [s4@group-C3E9AA6170F9-SegmentedRaftLogWorker] INFO  segmented.SegmentedRaftLogWorker (SegmentedRaftLogWorker.java:run(336)) - s4@group-C3E9AA6170F9-SegmentedRaftLogWorker was interrupted, exiting. There are 0 tasks remaining in the queue.
2022-07-21 18:24:16,354 [java.util.concurrent.ThreadPoolExecutor$Worker@2c9df13c[State = -1, empty queue]] INFO  server.RaftServer (RaftServerProxy.java:lambda$close$6(401)) - s2: close
2022-07-21 18:24:16,354 [java.util.concurrent.ThreadPoolExecutor$Worker@13182af4[State = -1, empty queue]] INFO  server.RaftServer (RaftServerProxy.java:lambda$close$6(401)) - s0: close
2022-07-21 18:24:16,358 [java.util.concurrent.ThreadPoolExecutor$Worker@13182af4[State = -1, empty queue]] INFO  server.RaftServer$Division (RaftServerImpl.java:lambda$close$4(438)) - s0@group-C3E9AA6170F9: shutdown
2022-07-21 18:24:16,358 [java.util.concurrent.ThreadPoolExecutor$Worker@13182af4[State = -1, empty queue]] INFO  util.JmxRegister (JmxRegister.java:unregister(73)) - Successfully un-registered JMX Bean with object name Ratis:service=RaftServer,group=group-C3E9AA6170F9,id=s0
2022-07-21 18:24:16,358 [java.util.concurrent.ThreadPoolExecutor$Worker@13182af4[State = -1, empty queue]] INFO  impl.RoleInfo (RoleInfo.java:shutdownLeaderState(93)) - s0: shutdown s0@group-C3E9AA6170F9-LeaderStateImpl
2022-07-21 18:24:16,359 [s0@group-C3E9AA6170F9->s4-LogAppenderDefault-LogAppenderDaemon] INFO  leader.LogAppenderDaemon (LogAppenderDaemon.java:run(82)) - s0@group-C3E9AA6170F9->s4-LogAppenderDefault-LogAppenderDaemon was interrupted: java.lang.InterruptedException
2022-07-21 18:24:16,359 [s0@group-C3E9AA6170F9->s1-LogAppenderDefault-LogAppenderDaemon] INFO  leader.LogAppenderDaemon (LogAppenderDaemon.java:run(82)) - s0@group-C3E9AA6170F9->s1-LogAppenderDefault-LogAppenderDaemon was interrupted: java.lang.InterruptedException
2022-07-21 18:24:16,359 [s0@group-C3E9AA6170F9->s2-LogAppenderDefault-LogAppenderDaemon] INFO  leader.LogAppenderDaemon (LogAppenderDaemon.java:run(82)) - s0@group-C3E9AA6170F9->s2-LogAppenderDefault-LogAppenderDaemon was interrupted: java.lang.InterruptedException
2022-07-21 18:24:16,359 [java.util.concurrent.ThreadPoolExecutor$Worker@13182af4[State = -1, empty queue]] INFO  impl.PendingRequests (PendingRequests.java:sendNotLeaderResponses(282)) - s0@group-C3E9AA6170F9-PendingRequests: sendNotLeaderResponses
2022-07-21 18:24:16,358 [java.util.concurrent.ThreadPoolExecutor$Worker@11f8fc70[State = -1, empty queue]] INFO  segmented.SegmentedRaftLogWorker (SegmentedRaftLogWorker.java:close(246)) - s4@group-C3E9AA6170F9-SegmentedRaftLogWorker close()
2022-07-21 18:24:16,361 [Thread-10] INFO  simulation.RequestHandler (RequestHandler.java:run(126)) - s4.clientHandler0 is interrupted by java.io.InterruptedIOException: 
2022-07-21 18:24:16,362 [Thread-11] INFO  simulation.RequestHandler (RequestHandler.java:run(126)) - s4.clientHandler1 is interrupted by java.io.InterruptedIOException: 
2022-07-21 18:24:16,362 [Thread-12] INFO  simulation.RequestHandler (RequestHandler.java:run(126)) - s4.clientHandler2 is interrupted by java.io.InterruptedIOException: 
2022-07-21 18:24:16,362 [Thread-8] INFO  simulation.RequestHandler (RequestHandler.java:run(126)) - s4.serverHandler1 is interrupted by java.io.InterruptedIOException: 
2022-07-21 18:24:16,362 [Thread-9] INFO  simulation.RequestHandler (RequestHandler.java:run(126)) - s4.serverHandler2 is interrupted by java.io.InterruptedIOException: 
2022-07-21 18:24:16,362 [java.util.concurrent.ThreadPoolExecutor$Worker@13182af4[State = -1, empty queue]] INFO  impl.StateMachineUpdater (StateMachineUpdater.java:stopAndJoin(153)) - s0@group-C3E9AA6170F9-StateMachineUpdater: set stopIndex = 0
2022-07-21 18:24:16,362 [java.util.concurrent.ThreadPoolExecutor$Worker@13182af4[State = -1, empty queue]] INFO  server.RaftServer$Division (ServerState.java:close(465)) - s0@group-C3E9AA6170F9: closes. applyIndex: 0
2022-07-21 18:24:16,363 [s0@group-C3E9AA6170F9-SegmentedRaftLogWorker] INFO  segmented.SegmentedRaftLogWorker (SegmentedRaftLogWorker.java:run(336)) - s0@group-C3E9AA6170F9-SegmentedRaftLogWorker was interrupted, exiting. There are 0 tasks remaining in the queue.
2022-07-21 18:24:16,363 [java.util.concurrent.ThreadPoolExecutor$Worker@13182af4[State = -1, empty queue]] INFO  segmented.SegmentedRaftLogWorker (SegmentedRaftLogWorker.java:close(246)) - s0@group-C3E9AA6170F9-SegmentedRaftLogWorker close()
2022-07-21 18:24:16,358 [java.util.concurrent.ThreadPoolExecutor$Worker@24c17304[State = -1, empty queue]] INFO  impl.StateMachineUpdater (StateMachineUpdater.java:stopAndJoin(153)) - s1@group-C3E9AA6170F9-StateMachineUpdater: set stopIndex = 0
2022-07-21 18:24:16,358 [java.util.concurrent.ThreadPoolExecutor$Worker@124352e2[State = -1, empty queue]] INFO  impl.StateMachineUpdater (StateMachineUpdater.java:stopAndJoin(153)) - s3@group-C3E9AA6170F9-StateMachineUpdater: set stopIndex = 0
2022-07-21 18:24:16,358 [s4@group-C3E9AA6170F9-FollowerState] INFO  impl.FollowerState (FollowerState.java:run(152)) - s4@group-C3E9AA6170F9-FollowerState was interrupted
2022-07-21 18:24:16,362 [Thread-7] INFO  simulation.RequestHandler (RequestHandler.java:run(126)) - s4.serverHandler0 is interrupted by java.io.InterruptedIOException: 
2022-07-21 18:24:16,364 [org.apache.ratis.util.JvmPauseMonitor$$Lambda$263/974494971@6214af3c] INFO  util.JvmPauseMonitor (JvmPauseMonitor.java:run(109)) - JvmPauseMonitor-s4: Stopped
2022-07-21 18:24:16,360 [java.util.concurrent.ThreadPoolExecutor$Worker@2c9df13c[State = -1, empty queue]] INFO  server.RaftServer$Division (RaftServerImpl.java:lambda$close$4(438)) - s2@group-C3E9AA6170F9: shutdown
2022-07-21 18:24:16,359 [s0@group-C3E9AA6170F9->s3-LogAppenderDefault-LogAppenderDaemon] INFO  leader.LogAppenderDaemon (LogAppenderDaemon.java:run(82)) - s0@group-C3E9AA6170F9->s3-LogAppenderDefault-LogAppenderDaemon was interrupted: java.lang.InterruptedException
2022-07-21 18:24:16,364 [java.util.concurrent.ThreadPoolExecutor$Worker@24c17304[State = -1, empty queue]] INFO  server.RaftServer$Division (ServerState.java:close(465)) - s1@group-C3E9AA6170F9: closes. applyIndex: 0
2022-07-21 18:24:16,364 [java.util.concurrent.ThreadPoolExecutor$Worker@124352e2[State = -1, empty queue]] INFO  server.RaftServer$Division (ServerState.java:close(465)) - s3@group-C3E9AA6170F9: closes. applyIndex: 0
2022-07-21 18:24:16,365 [Thread-19] INFO  simulation.RequestHandler (RequestHandler.java:run(126)) - s0.clientHandler2 is interrupted by java.io.InterruptedIOException: 
2022-07-21 18:24:16,365 [s3@group-C3E9AA6170F9-SegmentedRaftLogWorker] INFO  segmented.SegmentedRaftLogWorker (SegmentedRaftLogWorker.java:run(336)) - s3@group-C3E9AA6170F9-SegmentedRaftLogWorker was interrupted, exiting. There are 0 tasks remaining in the queue.
2022-07-21 18:24:16,365 [s1@group-C3E9AA6170F9-SegmentedRaftLogWorker] INFO  segmented.SegmentedRaftLogWorker (SegmentedRaftLogWorker.java:run(336)) - s1@group-C3E9AA6170F9-SegmentedRaftLogWorker was interrupted, exiting. There are 0 tasks remaining in the queue.
2022-07-21 18:24:16,365 [Thread-18] INFO  simulation.RequestHandler (RequestHandler.java:run(126)) - s0.clientHandler1 is interrupted by java.io.InterruptedIOException: 
2022-07-21 18:24:16,365 [java.util.concurrent.ThreadPoolExecutor$Worker@2c9df13c[State = -1, empty queue]] INFO  util.JmxRegister (JmxRegister.java:unregister(73)) - Successfully un-registered JMX Bean with object name Ratis:service=RaftServer,group=group-C3E9AA6170F9,id=s2
2022-07-21 18:24:16,365 [Thread-17] INFO  simulation.RequestHandler (RequestHandler.java:run(126)) - s0.clientHandler0 is interrupted by java.io.InterruptedIOException: 
2022-07-21 18:24:16,366 [java.util.concurrent.ThreadPoolExecutor$Worker@2c9df13c[State = -1, empty queue]] INFO  impl.RoleInfo (RoleInfo.java:shutdownFollowerState(110)) - s2: shutdown s2@group-C3E9AA6170F9-FollowerState
2022-07-21 18:24:16,366 [java.util.concurrent.ThreadPoolExecutor$Worker@124352e2[State = -1, empty queue]] INFO  segmented.SegmentedRaftLogWorker (SegmentedRaftLogWorker.java:close(246)) - s3@group-C3E9AA6170F9-SegmentedRaftLogWorker close()
2022-07-21 18:24:16,366 [s2@group-C3E9AA6170F9-FollowerState] INFO  impl.FollowerState (FollowerState.java:run(152)) - s2@group-C3E9AA6170F9-FollowerState was interrupted
2022-07-21 18:24:16,367 [Thread-14] INFO  simulation.RequestHandler (RequestHandler.java:run(126)) - s0.serverHandler0 is interrupted by java.io.InterruptedIOException: 
2022-07-21 18:24:16,367 [Thread-16] INFO  simulation.RequestHandler (RequestHandler.java:run(126)) - s0.serverHandler2 is interrupted by java.io.InterruptedIOException: 
2022-07-21 18:24:16,367 [Thread-15] INFO  simulation.RequestHandler (RequestHandler.java:run(126)) - s0.serverHandler1 is interrupted by java.io.InterruptedIOException: 
2022-07-21 18:24:16,367 [org.apache.ratis.util.JvmPauseMonitor$$Lambda$263/974494971@7800aea5] INFO  util.JvmPauseMonitor (JvmPauseMonitor.java:run(109)) - JvmPauseMonitor-s0: Stopped
2022-07-21 18:24:16,367 [java.util.concurrent.ThreadPoolExecutor$Worker@2c9df13c[State = -1, empty queue]] INFO  impl.StateMachineUpdater (StateMachineUpdater.java:stopAndJoin(153)) - s2@group-C3E9AA6170F9-StateMachineUpdater: set stopIndex = 0
2022-07-21 18:24:16,368 [java.util.concurrent.ThreadPoolExecutor$Worker@2c9df13c[State = -1, empty queue]] INFO  server.RaftServer$Division (ServerState.java:close(465)) - s2@group-C3E9AA6170F9: closes. applyIndex: 0
2022-07-21 18:24:16,368 [java.util.concurrent.ThreadPoolExecutor$Worker@24c17304[State = -1, empty queue]] INFO  segmented.SegmentedRaftLogWorker (SegmentedRaftLogWorker.java:close(246)) - s1@group-C3E9AA6170F9-SegmentedRaftLogWorker close()
2022-07-21 18:24:16,369 [Thread-3] INFO  simulation.RequestHandler (RequestHandler.java:run(126)) - s3.clientHandler0 is interrupted by java.io.InterruptedIOException: 
2022-07-21 18:24:16,369 [Thread-4] INFO  simulation.RequestHandler (RequestHandler.java:run(126)) - s3.clientHandler1 is interrupted by java.io.InterruptedIOException: 
2022-07-21 18:24:16,369 [Thread-5] INFO  simulation.RequestHandler (RequestHandler.java:run(126)) - s3.clientHandler2 is interrupted by java.io.InterruptedIOException: 
2022-07-21 18:24:16,369 [s2@group-C3E9AA6170F9-SegmentedRaftLogWorker] INFO  segmented.SegmentedRaftLogWorker (SegmentedRaftLogWorker.java:run(336)) - s2@group-C3E9AA6170F9-SegmentedRaftLogWorker was interrupted, exiting. There are 0 tasks remaining in the queue.
2022-07-21 18:24:16,369 [Thread-24] INFO  simulation.RequestHandler (RequestHandler.java:run(126)) - s1.clientHandler0 is interrupted by java.io.InterruptedIOException: 
2022-07-21 18:24:16,369 [Thread-25] INFO  simulation.RequestHandler (RequestHandler.java:run(126)) - s1.clientHandler1 is interrupted by java.io.InterruptedIOException: 
2022-07-21 18:24:16,370 [Thread-26] INFO  simulation.RequestHandler (RequestHandler.java:run(126)) - s1.clientHandler2 is interrupted by java.io.InterruptedIOException: 
2022-07-21 18:24:16,370 [Thread-0] INFO  simulation.RequestHandler (RequestHandler.java:run(126)) - s3.serverHandler0 is interrupted by java.io.InterruptedIOException: 
2022-07-21 18:24:16,370 [Thread-1] INFO  simulation.RequestHandler (RequestHandler.java:run(126)) - s3.serverHandler1 is interrupted by java.io.InterruptedIOException: 
2022-07-21 18:24:16,370 [java.util.concurrent.ThreadPoolExecutor$Worker@2c9df13c[State = -1, empty queue]] INFO  segmented.SegmentedRaftLogWorker (SegmentedRaftLogWorker.java:close(246)) - s2@group-C3E9AA6170F9-SegmentedRaftLogWorker close()
2022-07-21 18:24:16,370 [Thread-31] INFO  simulation.RequestHandler (RequestHandler.java:run(126)) - s2.clientHandler0 is interrupted by java.io.InterruptedIOException: 
2022-07-21 18:24:16,371 [Thread-23] INFO  simulation.RequestHandler (RequestHandler.java:run(126)) - s1.serverHandler2 is interrupted by java.io.InterruptedIOException: 
2022-07-21 18:24:16,371 [Thread-21] INFO  simulation.RequestHandler (RequestHandler.java:run(126)) - s1.serverHandler0 is interrupted by java.io.InterruptedIOException: 
2022-07-21 18:24:16,371 [Thread-22] INFO  simulation.RequestHandler (RequestHandler.java:run(126)) - s1.serverHandler1 is interrupted by java.io.InterruptedIOException: 
2022-07-21 18:24:16,371 [Thread-32] INFO  simulation.RequestHandler (RequestHandler.java:run(126)) - s2.clientHandler1 is interrupted by java.io.InterruptedIOException: 
2022-07-21 18:24:16,371 [org.apache.ratis.util.JvmPauseMonitor$$Lambda$263/974494971@713a2c8c] INFO  util.JvmPauseMonitor (JvmPauseMonitor.java:run(109)) - JvmPauseMonitor-s1: Stopped
2022-07-21 18:24:16,371 [Thread-2] INFO  simulation.RequestHandler (RequestHandler.java:run(126)) - s3.serverHandler2 is interrupted by java.io.InterruptedIOException: 
2022-07-21 18:24:16,371 [Thread-33] INFO  simulation.RequestHandler (RequestHandler.java:run(126)) - s2.clientHandler2 is interrupted by java.io.InterruptedIOException: 
2022-07-21 18:24:16,371 [org.apache.ratis.util.JvmPauseMonitor$$Lambda$263/974494971@3c14d348] INFO  util.JvmPauseMonitor (JvmPauseMonitor.java:run(109)) - JvmPauseMonitor-s3: Stopped
2022-07-21 18:24:16,371 [Thread-28] INFO  simulation.RequestHandler (RequestHandler.java:run(126)) - s2.serverHandler0 is interrupted by java.io.InterruptedIOException: 
2022-07-21 18:24:16,372 [Thread-29] INFO  simulation.RequestHandler (RequestHandler.java:run(126)) - s2.serverHandler1 is interrupted by java.io.InterruptedIOException: 
2022-07-21 18:24:16,372 [Thread-30] INFO  simulation.RequestHandler (RequestHandler.java:run(126)) - s2.serverHandler2 is interrupted by java.io.InterruptedIOException: 
2022-07-21 18:24:16,372 [org.apache.ratis.util.JvmPauseMonitor$$Lambda$263/974494971@5861559] INFO  util.JvmPauseMonitor (JvmPauseMonitor.java:run(109)) - JvmPauseMonitor-s2: Stopped
2022-07-21 18:24:16,374 [Time-limited test] INFO  impl.MiniRaftCluster (MiniRaftCluster.java:shutdown(801)) - MiniRaftClusterWithSimulatedRpc shutdown completed
]]></system-out>
  </testcase>
  <testcase name="testLostMajorityHeartbeats" classname="org.apache.ratis.server.simulation.TestLeaderElectionWithSimulatedRpc" time="1.14"/>
  <testcase name="testLateServerStart" classname="org.apache.ratis.server.simulation.TestLeaderElectionWithSimulatedRpc" time="3.51"/>
  <testcase name="testPreVote" classname="org.apache.ratis.server.simulation.TestLeaderElectionWithSimulatedRpc" time="4.634"/>
  <testcase name="testTransferLeaderTimeout" classname="org.apache.ratis.server.simulation.TestLeaderElectionWithSimulatedRpc" time="5.559"/>
  <testcase name="testBasicLeaderElection" classname="org.apache.ratis.server.simulation.TestLeaderElectionWithSimulatedRpc" time="5.517"/>
  <testcase name="testTransferLeader" classname="org.apache.ratis.server.simulation.TestLeaderElectionWithSimulatedRpc" time="1.419"/>
  <testcase name="testPauseResumeLeaderElection" classname="org.apache.ratis.server.simulation.TestLeaderElectionWithSimulatedRpc" time="1.065"/>
  <testcase name="testChangeLeader" classname="org.apache.ratis.server.simulation.TestLeaderElectionWithSimulatedRpc" time="5.489"/>
  <testcase name="testShutdownBeforeStart" classname="org.apache.ratis.server.simulation.TestLeaderElectionWithSimulatedRpc" time="1.305"/>
  <testcase name="testImmediatelyRevertedToFollower" classname="org.apache.ratis.server.simulation.TestLeaderElectionWithSimulatedRpc" time="0.018"/>
  <testcase name="testLeaderElectionMetrics" classname="org.apache.ratis.server.simulation.TestLeaderElectionWithSimulatedRpc" time="0.616"/>
</testsuite>