<?xml version="1.0" encoding="UTF-8"?>
<testsuite xmlns:xsi="http://www.w3.org/2001/XMLSchema-instance" xsi:noNamespaceSchemaLocation="https://maven.apache.org/surefire/maven-surefire-plugin/xsd/surefire-test-report-3.0.xsd" version="3.0" name="org.apache.ratis.grpc.TestLeaderInstallSnapshot" time="15.62" tests="4" errors="0" skipped="0" failures="1">
  <properties>
    <property name="awt.toolkit" value="sun.awt.X11.XToolkit"/>
    <property name="java.specification.version" value="11"/>
    <property name="sun.cpu.isalist" value=""/>
    <property name="sun.jnu.encoding" value="UTF-8"/>
    <property name="java.class.path" value="/home/runner/work/ratis/ratis/ratis-test/target/test-classes:/home/runner/work/ratis/ratis/ratis-test/target/classes:/home/runner/work/ratis/ratis/ratis-common/target/classes:/home/runner/.m2/repository/org/apache/ratis/ratis-thirdparty-misc/1.0.4/ratis-thirdparty-misc-1.0.4.jar:/home/runner/work/ratis/ratis/ratis-proto/target/ratis-proto-3.0.0-SNAPSHOT.jar:/home/runner/work/ratis/ratis/ratis-common/target/test-classes:/home/runner/work/ratis/ratis/ratis-client/target/classes:/home/runner/work/ratis/ratis/ratis-server/target/classes:/home/runner/work/ratis/ratis/ratis-server-api/target/classes:/home/runner/work/ratis/ratis/ratis-metrics-api/target/classes:/home/runner/work/ratis/ratis/ratis-server/target/test-classes:/home/runner/work/ratis/ratis/ratis-metrics-default/target/classes:/home/runner/work/ratis/ratis/ratis-netty/target/classes:/home/runner/work/ratis/ratis/ratis-netty/target/test-classes:/home/runner/work/ratis/ratis/ratis-grpc/target/classes:/home/runner/work/ratis/ratis/ratis-grpc/target/test-classes:/home/runner/work/ratis/ratis/ratis-shell/target/classes:/home/runner/.m2/repository/commons-cli/commons-cli/1.5.0/commons-cli-1.5.0.jar:/home/runner/.m2/repository/org/reflections/reflections/0.10.2/reflections-0.10.2.jar:/home/runner/.m2/repository/org/javassist/javassist/3.28.0-GA/javassist-3.28.0-GA.jar:/home/runner/.m2/repository/com/google/code/findbugs/jsr305/3.0.2/jsr305-3.0.2.jar:/home/runner/.m2/repository/org/bouncycastle/bcprov-jdk15on/1.70/bcprov-jdk15on-1.70.jar:/home/runner/.m2/repository/org/bouncycastle/bcpkix-jdk15on/1.70/bcpkix-jdk15on-1.70.jar:/home/runner/.m2/repository/org/bouncycastle/bcutil-jdk15on/1.70/bcutil-jdk15on-1.70.jar:/home/runner/.m2/repository/org/slf4j/slf4j-api/2.0.7/slf4j-api-2.0.7.jar:/home/runner/.m2/repository/org/slf4j/slf4j-reload4j/2.0.7/slf4j-reload4j-2.0.7.jar:/home/runner/.m2/repository/ch/qos/reload4j/reload4j/1.2.22/reload4j-1.2.22.jar:/home/runner/.m2/repository/junit/junit/4.13.2/junit-4.13.2.jar:/home/runner/.m2/repository/org/hamcrest/hamcrest-core/1.3/hamcrest-core-1.3.jar:/home/runner/.m2/repository/org/mockito/mockito-core/4.3.1/mockito-core-4.3.1.jar:/home/runner/.m2/repository/net/bytebuddy/byte-buddy/1.12.7/byte-buddy-1.12.7.jar:/home/runner/.m2/repository/net/bytebuddy/byte-buddy-agent/1.12.7/byte-buddy-agent-1.12.7.jar:/home/runner/.m2/repository/org/objenesis/objenesis/3.2/objenesis-3.2.jar:"/>
    <property name="java.vm.vendor" value="Eclipse Adoptium"/>
    <property name="sun.arch.data.model" value="64"/>
    <property name="java.vendor.url" value="https://adoptium.net/"/>
    <property name="user.timezone" value=""/>
    <property name="java.vm.specification.version" value="11"/>
    <property name="os.name" value="Linux"/>
    <property name="sun.java.launcher" value="SUN_STANDARD"/>
    <property name="sun.boot.library.path" value="/usr/lib/jvm/temurin-11-jdk-amd64/lib"/>
    <property name="sun.java.command" value="/home/runner/work/ratis/ratis/ratis-test/target/surefire/surefirebooter-20230901020518603_157.jar /home/runner/work/ratis/ratis/ratis-test/target/surefire 2023-09-01T02-04-38_371-jvmRun1 surefire-20230901020518603_155tmp surefire_22-20230901020518603_156tmp"/>
    <property name="jdk.debug" value="release"/>
    <property name="surefire.test.class.path" value="/home/runner/work/ratis/ratis/ratis-test/target/test-classes:/home/runner/work/ratis/ratis/ratis-test/target/classes:/home/runner/work/ratis/ratis/ratis-common/target/classes:/home/runner/.m2/repository/org/apache/ratis/ratis-thirdparty-misc/1.0.4/ratis-thirdparty-misc-1.0.4.jar:/home/runner/work/ratis/ratis/ratis-proto/target/ratis-proto-3.0.0-SNAPSHOT.jar:/home/runner/work/ratis/ratis/ratis-common/target/test-classes:/home/runner/work/ratis/ratis/ratis-client/target/classes:/home/runner/work/ratis/ratis/ratis-server/target/classes:/home/runner/work/ratis/ratis/ratis-server-api/target/classes:/home/runner/work/ratis/ratis/ratis-metrics-api/target/classes:/home/runner/work/ratis/ratis/ratis-server/target/test-classes:/home/runner/work/ratis/ratis/ratis-metrics-default/target/classes:/home/runner/work/ratis/ratis/ratis-netty/target/classes:/home/runner/work/ratis/ratis/ratis-netty/target/test-classes:/home/runner/work/ratis/ratis/ratis-grpc/target/classes:/home/runner/work/ratis/ratis/ratis-grpc/target/test-classes:/home/runner/work/ratis/ratis/ratis-shell/target/classes:/home/runner/.m2/repository/commons-cli/commons-cli/1.5.0/commons-cli-1.5.0.jar:/home/runner/.m2/repository/org/reflections/reflections/0.10.2/reflections-0.10.2.jar:/home/runner/.m2/repository/org/javassist/javassist/3.28.0-GA/javassist-3.28.0-GA.jar:/home/runner/.m2/repository/com/google/code/findbugs/jsr305/3.0.2/jsr305-3.0.2.jar:/home/runner/.m2/repository/org/bouncycastle/bcprov-jdk15on/1.70/bcprov-jdk15on-1.70.jar:/home/runner/.m2/repository/org/bouncycastle/bcpkix-jdk15on/1.70/bcpkix-jdk15on-1.70.jar:/home/runner/.m2/repository/org/bouncycastle/bcutil-jdk15on/1.70/bcutil-jdk15on-1.70.jar:/home/runner/.m2/repository/org/slf4j/slf4j-api/2.0.7/slf4j-api-2.0.7.jar:/home/runner/.m2/repository/org/slf4j/slf4j-reload4j/2.0.7/slf4j-reload4j-2.0.7.jar:/home/runner/.m2/repository/ch/qos/reload4j/reload4j/1.2.22/reload4j-1.2.22.jar:/home/runner/.m2/repository/junit/junit/4.13.2/junit-4.13.2.jar:/home/runner/.m2/repository/org/hamcrest/hamcrest-core/1.3/hamcrest-core-1.3.jar:/home/runner/.m2/repository/org/mockito/mockito-core/4.3.1/mockito-core-4.3.1.jar:/home/runner/.m2/repository/net/bytebuddy/byte-buddy/1.12.7/byte-buddy-1.12.7.jar:/home/runner/.m2/repository/net/bytebuddy/byte-buddy-agent/1.12.7/byte-buddy-agent-1.12.7.jar:/home/runner/.m2/repository/org/objenesis/objenesis/3.2/objenesis-3.2.jar:"/>
    <property name="sun.cpu.endian" value="little"/>
    <property name="user.home" value="/home/runner"/>
    <property name="user.language" value="en"/>
    <property name="java.specification.vendor" value="Oracle Corporation"/>
    <property name="java.version.date" value="2023-07-18"/>
    <property name="java.home" value="/usr/lib/jvm/temurin-11-jdk-amd64"/>
    <property name="file.separator" value="/"/>
    <property name="basedir" value="/home/runner/work/ratis/ratis/ratis-test"/>
    <property name="java.vm.compressedOopsMode" value="32-bit"/>
    <property name="line.separator" value="&#10;"/>
    <property name="java.specification.name" value="Java Platform API Specification"/>
    <property name="java.vm.specification.vendor" value="Oracle Corporation"/>
    <property name="java.awt.graphicsenv" value="sun.awt.X11GraphicsEnvironment"/>
    <property name="surefire.real.class.path" value="/home/runner/work/ratis/ratis/ratis-test/target/surefire/surefirebooter-20230901020518603_157.jar"/>
    <property name="sun.management.compiler" value="HotSpot 64-Bit Tiered Compilers"/>
    <property name="java.runtime.version" value="11.0.20+8"/>
    <property name="user.name" value="runner"/>
    <property name="java.net.preferIPv4Stack" value="true"/>
    <property name="path.separator" value=":"/>
    <property name="os.version" value="5.15.0-1042-azure"/>
    <property name="java.runtime.name" value="OpenJDK Runtime Environment"/>
    <property name="file.encoding" value="UTF-8"/>
    <property name="java.vm.name" value="OpenJDK 64-Bit Server VM"/>
    <property name="java.vendor.version" value="Temurin-11.0.20+8"/>
    <property name="localRepository" value="/home/runner/.m2/repository"/>
    <property name="java.vendor.url.bug" value="https://github.com/adoptium/adoptium-support/issues"/>
    <property name="java.io.tmpdir" value="/tmp"/>
    <property name="java.version" value="11.0.20"/>
    <property name="user.dir" value="/home/runner/work/ratis/ratis/ratis-test"/>
    <property name="os.arch" value="amd64"/>
    <property name="ratis.tmp.dir" value="/home/runner/work/ratis/ratis/ratis-test/target/tmp"/>
    <property name="java.vm.specification.name" value="Java Virtual Machine Specification"/>
    <property name="java.awt.printerjob" value="sun.print.PSPrinterJob"/>
    <property name="ratis.log.dir" value="/home/runner/work/ratis/ratis/ratis-test/target/log"/>
    <property name="sun.os.patch.level" value="unknown"/>
    <property name="java.library.path" value="/usr/java/packages/lib:/usr/lib64:/lib64:/lib:/usr/lib"/>
    <property name="java.vm.info" value="mixed mode"/>
    <property name="java.vendor" value="Eclipse Adoptium"/>
    <property name="java.vm.version" value="11.0.20+8"/>
    <property name="java.specification.maintenance.version" value="2"/>
    <property name="sun.io.unicode.encoding" value="UnicodeLittle"/>
    <property name="java.class.version" value="55.0"/>
  </properties>
  <testcase name="testMultiFileInstallSnapshot[0]" classname="org.apache.ratis.grpc.TestLeaderInstallSnapshot" time="3.566">
    <system-out><![CDATA[2023-09-01 02:13:20,579 [main] INFO  util.LogUtils (Slf4jUtils.java:setLogLevel(38)) - Successfully set org.apache.ratis.conf.ConfUtils log level to WARN
2023-09-01 02:13:20,581 [main] INFO  util.LogUtils (Slf4jUtils.java:setLogLevel(38)) - Successfully set org.apache.ratis.util.FileUtils log level to TRACE
2023-09-01 02:13:20,599 [Time-limited test] INFO  impl.MiniRaftCluster (MiniRaftCluster.java:runWithNewCluster(135)) - Running runWithNewCluster
2023-09-01 02:13:20,640 [Time-limited test] INFO  impl.MiniRaftCluster (MiniRaftCluster.java:<init>(306)) - new MiniRaftClusterWithGrpc with group-0DB13EEF429C:[s0|rpc:localhost:35361|admin:localhost:44939|client:localhost:32867|dataStream:localhost:38529|priority:0|startupRole:FOLLOWER]
2023-09-01 02:13:20,641 [Time-limited test] INFO  impl.MiniRaftCluster (MiniRaftCluster.java:start(339)) - .............................................................. 
2023-09-01 02:13:20,641 [Time-limited test] INFO  impl.MiniRaftCluster (MiniRaftCluster.java:start(340)) - ... 
2023-09-01 02:13:20,641 [Time-limited test] INFO  impl.MiniRaftCluster (MiniRaftCluster.java:start(341)) - ...     Starting MiniRaftClusterWithGrpc
2023-09-01 02:13:20,641 [Time-limited test] INFO  impl.MiniRaftCluster (MiniRaftCluster.java:start(342)) - ... 
2023-09-01 02:13:20,641 [Time-limited test] INFO  impl.MiniRaftCluster (MiniRaftCluster.java:start(343)) - .............................................................. 
2023-09-01 02:13:20,641 [Time-limited test] INFO  impl.MiniRaftCluster (MiniRaftCluster.java:initServers(318)) - servers = {}
2023-09-01 02:13:20,645 [Time-limited test] INFO  impl.MiniRaftCluster (MiniRaftCluster.java:newRaftServer(382)) - newRaftServer: s0, group-0DB13EEF429C:[s0|rpc:localhost:35361|admin:localhost:44939|client:localhost:32867|dataStream:localhost:38529|priority:0|startupRole:FOLLOWER], format? true
2023-09-01 02:13:20,646 [Time-limited test] TRACE util.FileUtils (FileUtils.java:deleteFully(201)) - deleteFully target/test/data/1f94b248/MiniRaftClusterWithGrpc9e69d58d/s0
2023-09-01 02:13:20,647 [Time-limited test] TRACE util.FileUtils (FileUtils.java:deleteFully(217)) - deleteFully: target/test/data/1f94b248/MiniRaftClusterWithGrpc9e69d58d/s0 does not exist.
2023-09-01 02:13:20,647 [Time-limited test] INFO  impl.MiniRaftCluster (MiniRaftCluster.java:newRaftServer(387)) - Formatted directory target/test/data/1f94b248/MiniRaftClusterWithGrpc9e69d58d/s0
2023-09-01 02:13:20,674 [Time-limited test] INFO  server.RaftServer (ConfUtils.java:logGet(46)) - raft.rpc.type = GRPC (default)
2023-09-01 02:13:20,737 [Time-limited test] INFO  grpc.GrpcConfigKeys (ConfUtils.java:logFallback(53)) - raft.grpc.admin.host = null (fallback to raft.grpc.server.host)
2023-09-01 02:13:20,738 [Time-limited test] INFO  grpc.GrpcConfigKeys (ConfUtils.java:logGet(46)) - raft.grpc.admin.port = 44939 (custom)
2023-09-01 02:13:20,739 [Time-limited test] INFO  grpc.GrpcConfigKeys (ConfUtils.java:logFallback(53)) - raft.grpc.client.host = null (fallback to raft.grpc.server.host)
2023-09-01 02:13:20,739 [Time-limited test] INFO  grpc.GrpcConfigKeys (ConfUtils.java:logGet(46)) - raft.grpc.client.port = 32867 (custom)
2023-09-01 02:13:20,740 [Time-limited test] INFO  grpc.GrpcConfigKeys (ConfUtils.java:logGet(46)) - raft.grpc.server.host = null (default)
2023-09-01 02:13:20,741 [Time-limited test] INFO  grpc.GrpcConfigKeys (ConfUtils.java:logGet(46)) - raft.grpc.server.port = 35361 (custom)
2023-09-01 02:13:20,745 [Time-limited test] INFO  server.GrpcService (ConfUtils.java:logGet(46)) - raft.grpc.message.size.max = 64MB (=67108864) (default)
2023-09-01 02:13:20,747 [Time-limited test] INFO  server.RaftServerConfigKeys (ConfUtils.java:logGet(46)) - raft.server.log.appender.buffer.byte-limit = 4MB (=4194304) (default)
2023-09-01 02:13:20,747 [Time-limited test] INFO  server.GrpcService (ConfUtils.java:logGet(46)) - raft.grpc.flow.control.window = 1MB (=1048576) (default)
2023-09-01 02:13:20,753 [Time-limited test] INFO  server.RaftServerConfigKeys (ConfUtils.java:logGet(46)) - raft.server.rpc.request.timeout = 3000ms (default)
2023-09-01 02:13:20,769 [Time-limited test] INFO  grpc.GrpcConfigKeys (ConfUtils.java:logGet(46)) - raft.grpc.server.heartbeat.channel = false (custom)
2023-09-01 02:13:20,780 [Time-limited test] INFO  grpc.GrpcConfigKeys (ConfUtils.java:logGet(46)) - raft.grpc.server.async.request.thread.pool.cached = true (default)
2023-09-01 02:13:20,781 [Time-limited test] INFO  grpc.GrpcConfigKeys (ConfUtils.java:logGet(46)) - raft.grpc.server.async.request.thread.pool.size = 32 (default)
2023-09-01 02:13:20,952 [Time-limited test] INFO  impl.DataStreamServerImpl (ConfUtils.java:logGet(46)) - raft.datastream.type = DISABLED (default)
2023-09-01 02:13:20,955 [Time-limited test] INFO  server.RaftServerConfigKeys (ConfUtils.java:logGet(46)) - raft.server.threadpool.proxy.cached = true (default)
2023-09-01 02:13:20,956 [Time-limited test] INFO  server.RaftServerConfigKeys (ConfUtils.java:logGet(46)) - raft.server.threadpool.proxy.size = 0 (default)
2023-09-01 02:13:20,957 [Time-limited test] INFO  server.RaftServerConfigKeys (ConfUtils.java:logGet(46)) - raft.server.sleep.deviation.threshold = 300ms (default)
2023-09-01 02:13:20,959 [Time-limited test] INFO  server.RaftServerConfigKeys (ConfUtils.java:logGet(46)) - raft.server.rpc.slowness.timeout = 60s (default)
2023-09-01 02:13:20,960 [Time-limited test] INFO  server.RaftServerConfigKeys (ConfUtils.java:logGet(46)) - raft.server.leaderelection.leader.step-down.wait-time = 10s (default)
2023-09-01 02:13:20,965 [Time-limited test] INFO  server.RaftServerConfigKeys (ConfUtils.java:logGet(46)) - raft.server.storage.dir = [/home/runner/work/ratis/ratis/ratis-test/target/test/data/1f94b248/MiniRaftClusterWithGrpc9e69d58d/s0] (custom)
2023-09-01 02:13:20,980 [Time-limited test] INFO  server.RaftServer (RaftServerProxy.java:addNew(99)) - s0: addNew group-0DB13EEF429C:[s0|rpc:localhost:35361|admin:localhost:44939|client:localhost:32867|dataStream:localhost:38529|priority:0|startupRole:FOLLOWER] returns group-0DB13EEF429C:java.util.concurrent.CompletableFuture@588062c1[Not completed]
2023-09-01 02:13:21,004 [s0-groupManagement] INFO  server.RaftServerConfigKeys (ConfUtils.java:logGet(46)) - raft.server.log.segment.size.max = 8MB (=8388608) (default)
2023-09-01 02:13:21,004 [s0-groupManagement] INFO  server.RaftServerConfigKeys (ConfUtils.java:logGet(46)) - raft.server.log.preallocated.size = 4MB (=4194304) (default)
2023-09-01 02:13:21,005 [s0-groupManagement] INFO  server.RaftServerConfigKeys (ConfUtils.java:logGet(46)) - raft.server.log.write.buffer.size = 64KB (=65536) (default)
2023-09-01 02:13:21,007 [s0-groupManagement] INFO  server.RaftServer$Division (RaftServerImpl.java:<init>(250)) - s0: new RaftServerImpl for group-0DB13EEF429C:[s0|rpc:localhost:35361|admin:localhost:44939|client:localhost:32867|dataStream:localhost:38529|priority:0|startupRole:FOLLOWER] with StateMachineWithMultiNestedSnapshotFile:uninitialized
2023-09-01 02:13:21,008 [s0-groupManagement] INFO  server.RaftServerConfigKeys (ConfUtils.java:logGet(46)) - raft.server.rpc.timeout.min = 150ms (default)
2023-09-01 02:13:21,008 [s0-groupManagement] INFO  server.RaftServerConfigKeys (ConfUtils.java:logGet(46)) - raft.server.rpc.timeout.max = 300ms (default)
2023-09-01 02:13:21,008 [s0-groupManagement] INFO  server.RaftServerConfigKeys (ConfUtils.java:logGet(46)) - raft.server.rpc.sleep.time = 25ms (default)
2023-09-01 02:13:21,009 [s0-groupManagement] INFO  server.RaftServerConfigKeys (ConfUtils.java:logGet(46)) - raft.server.rpc.slowness.timeout = 60s (default)
2023-09-01 02:13:21,009 [s0-groupManagement] INFO  server.RaftServerConfigKeys (ConfUtils.java:logGet(46)) - raft.server.leaderelection.leader.step-down.wait-time = 10s (default)
2023-09-01 02:13:21,009 [s0-groupManagement] INFO  server.RaftServerConfigKeys (ConfUtils.java:logGet(46)) - raft.server.sleep.deviation.threshold = 300ms (default)
2023-09-01 02:13:21,013 [s0-groupManagement] INFO  server.RaftServer$Division (ServerState.java:<init>(113)) - s0@group-0DB13EEF429C: ConfigurationManager, init=-1: peers:[s0|rpc:localhost:35361|admin:localhost:44939|client:localhost:32867|dataStream:localhost:38529|priority:0|startupRole:FOLLOWER]|listeners:[], old=null, confs=<EMPTY_MAP>
2023-09-01 02:13:21,017 [s0-groupManagement] INFO  server.RaftServerConfigKeys (ConfUtils.java:logGet(46)) - raft.server.notification.no-leader.timeout = 60s (default)
2023-09-01 02:13:21,020 [s0-groupManagement] INFO  server.RaftServerConfigKeys (ConfUtils.java:logGet(46)) - raft.server.read.timeout = 10s (default)
2023-09-01 02:13:21,022 [s0-groupManagement] INFO  server.RaftServerConfigKeys (ConfUtils.java:logGet(46)) - raft.server.retrycache.expirytime = 60s (default)
2023-09-01 02:13:21,022 [s0-groupManagement] INFO  server.RaftServerConfigKeys (ConfUtils.java:logGet(46)) - raft.server.retrycache.statistics.expirytime = 100μs (default)
2023-09-01 02:13:21,036 [s0-groupManagement] INFO  server.RaftServerConfigKeys (ConfUtils.java:logGet(46)) - raft.server.read.option = DEFAULT (default)
2023-09-01 02:13:21,040 [s0-groupManagement] INFO  metrics.MetricRegistries (MetricRegistriesLoader.java:load(64)) - Loaded MetricRegistries class org.apache.ratis.metrics.impl.MetricRegistriesImpl
2023-09-01 02:13:21,124 [s0-groupManagement] INFO  server.RaftServerConfigKeys (ConfUtils.java:logGet(46)) - raft.server.rpc.request.timeout = 3000ms (default)
2023-09-01 02:13:21,126 [s0-groupManagement] INFO  server.RaftServerConfigKeys (ConfUtils.java:logGet(46)) - raft.server.log.appender.install.snapshot.enabled = true (default)
2023-09-01 02:13:21,126 [s0-groupManagement] INFO  server.RaftServerConfigKeys (ConfUtils.java:logGet(46)) - raft.server.threadpool.server.cached = true (default)
2023-09-01 02:13:21,127 [s0-groupManagement] INFO  server.RaftServerConfigKeys (ConfUtils.java:logGet(46)) - raft.server.threadpool.server.size = 0 (default)
2023-09-01 02:13:21,127 [s0-groupManagement] INFO  server.RaftServerConfigKeys (ConfUtils.java:logGet(46)) - raft.server.threadpool.client.cached = true (default)
2023-09-01 02:13:21,127 [s0-groupManagement] INFO  server.RaftServerConfigKeys (ConfUtils.java:logGet(46)) - raft.server.threadpool.client.size = 0 (default)
2023-09-01 02:13:21,129 [s0-impl-thread1] INFO  server.RaftServerConfigKeys (ConfUtils.java:logGet(46)) - raft.server.storage.free-space.min = 0MB (=0) (default)
2023-09-01 02:13:21,129 [s0-impl-thread1] INFO  server.RaftServerConfigKeys (ConfUtils.java:logGet(46)) - raft.server.log.corruption.policy = EXCEPTION (default)
2023-09-01 02:13:21,129 [s0-impl-thread1] INFO  server.RaftServerConfigKeys (ConfUtils.java:logGet(46)) - raft.server.storage.dir = [/home/runner/work/ratis/ratis/ratis-test/target/test/data/1f94b248/MiniRaftClusterWithGrpc9e69d58d/s0] (custom)
2023-09-01 02:13:21,136 [s0-impl-thread1] INFO  storage.RaftStorageDirectory (RaftStorageDirectoryImpl.java:analyzeStorage(138)) - The storage directory /home/runner/work/ratis/ratis/ratis-test/target/test/data/1f94b248/MiniRaftClusterWithGrpc9e69d58d/s0/694f0182-f33e-47e3-9b9e-0db13eef429c does not exist. Creating ...
2023-09-01 02:13:21,137 [s0-impl-thread1] TRACE util.FileUtils (LogUtils.java:runAndLog(49)) - Successfully ran Files.createDirectories /home/runner/work/ratis/ratis/ratis-test/target/test/data/1f94b248/MiniRaftClusterWithGrpc9e69d58d/s0/694f0182-f33e-47e3-9b9e-0db13eef429c
2023-09-01 02:13:21,143 [s0-impl-thread1] INFO  storage.RaftStorageDirectory (RaftStorageDirectoryImpl.java:tryLock(232)) - Lock on /home/runner/work/ratis/ratis/ratis-test/target/test/data/1f94b248/MiniRaftClusterWithGrpc9e69d58d/s0/694f0182-f33e-47e3-9b9e-0db13eef429c/in_use.lock acquired by nodename 15545@fv-az41-939
2023-09-01 02:13:21,143 [s0-impl-thread1] TRACE util.FileUtils (LogUtils.java:runAndLog(49)) - Successfully ran Files.createDirectories /home/runner/work/ratis/ratis/ratis-test/target/test/data/1f94b248/MiniRaftClusterWithGrpc9e69d58d/s0/694f0182-f33e-47e3-9b9e-0db13eef429c/current
2023-09-01 02:13:21,143 [s0-impl-thread1] TRACE util.FileUtils (LogUtils.java:runAndLog(49)) - Successfully ran Files.createDirectories /home/runner/work/ratis/ratis/ratis-test/target/test/data/1f94b248/MiniRaftClusterWithGrpc9e69d58d/s0/694f0182-f33e-47e3-9b9e-0db13eef429c/sm
2023-09-01 02:13:21,154 [s0-impl-thread1] INFO  storage.RaftStorage (RaftStorageImpl.java:format(97)) - Storage directory /home/runner/work/ratis/ratis/ratis-test/target/test/data/1f94b248/MiniRaftClusterWithGrpc9e69d58d/s0/694f0182-f33e-47e3-9b9e-0db13eef429c has been successfully formatted.
2023-09-01 02:13:21,155 [s0-impl-thread1] INFO  impl.SimpleStateMachine4Testing (SimpleStateMachine4Testing.java:initialize(213)) - Initializing StateMachineWithMultiNestedSnapshotFile:uninitialized
2023-09-01 02:13:21,157 [s0-impl-thread1] INFO  impl.SimpleStateMachine4Testing (SimpleStateMachine4Testing.java:loadSnapshot(293)) - Loading snapshot null
2023-09-01 02:13:21,158 [s0-impl-thread1] INFO  server.RaftServerConfigKeys (ConfUtils.java:logGet(46)) - raft.server.log.use.memory = false (default)
2023-09-01 02:13:21,163 [s0-impl-thread1] INFO  server.RaftServerConfigKeys (ConfUtils.java:logGet(46)) - raft.server.log.purge.gap = 8 (custom)
2023-09-01 02:13:21,163 [s0-impl-thread1] INFO  server.RaftServerConfigKeys (ConfUtils.java:logGet(46)) - raft.server.log.appender.buffer.byte-limit = 4MB (=4194304) (default)
2023-09-01 02:13:21,164 [s0-impl-thread1] INFO  server.RaftServerConfigKeys (ConfUtils.java:logGet(46)) - raft.server.log.statemachine.data.read.timeout = 1000ms (default)
2023-09-01 02:13:21,164 [s0-impl-thread1] INFO  server.RaftServerConfigKeys (ConfUtils.java:logGet(46)) - raft.server.log.purge.preservation.log.num = 0 (default)
2023-09-01 02:13:21,167 [s0-impl-thread1] INFO  server.RaftServerConfigKeys (ConfUtils.java:logGet(46)) - raft.server.log.segment.size.max = 8MB (=8388608) (default)
2023-09-01 02:13:21,171 [s0-impl-thread1] INFO  server.RaftServerConfigKeys (ConfUtils.java:logGet(46)) - raft.server.log.segment.cache.num.max = 6 (default)
2023-09-01 02:13:21,171 [s0-impl-thread1] INFO  server.RaftServerConfigKeys (ConfUtils.java:logGet(46)) - raft.server.log.segment.cache.size.max = 200MB (=209715200) (default)
2023-09-01 02:13:21,172 [s0-impl-thread1] INFO  server.RaftServerConfigKeys (ConfUtils.java:logGet(46)) - raft.server.log.appender.buffer.byte-limit = 4MB (=4194304) (default)
2023-09-01 02:13:21,174 [s0-impl-thread1] INFO  segmented.SegmentedRaftLogWorker (SegmentedRaftLogWorker.java:<init>(183)) - new s0@group-0DB13EEF429C-SegmentedRaftLogWorker for RaftStorageImpl:Storage Directory /home/runner/work/ratis/ratis/ratis-test/target/test/data/1f94b248/MiniRaftClusterWithGrpc9e69d58d/s0/694f0182-f33e-47e3-9b9e-0db13eef429c
2023-09-01 02:13:21,175 [s0-impl-thread1] INFO  server.RaftServerConfigKeys (ConfUtils.java:logGet(46)) - raft.server.log.queue.byte-limit = 64MB (=67108864) (default)
2023-09-01 02:13:21,175 [s0-impl-thread1] INFO  server.RaftServerConfigKeys (ConfUtils.java:logGet(46)) - raft.server.log.queue.element-limit = 4096 (default)
2023-09-01 02:13:21,176 [s0-impl-thread1] INFO  server.RaftServerConfigKeys (ConfUtils.java:logGet(46)) - raft.server.log.segment.size.max = 8MB (=8388608) (default)
2023-09-01 02:13:21,176 [s0-impl-thread1] INFO  server.RaftServerConfigKeys (ConfUtils.java:logGet(46)) - raft.server.log.preallocated.size = 4MB (=4194304) (default)
2023-09-01 02:13:21,177 [s0-impl-thread1] INFO  server.RaftServerConfigKeys (ConfUtils.java:logGet(46)) - raft.server.log.force.sync.num = 128 (default)
2023-09-01 02:13:21,177 [s0-impl-thread1] INFO  server.RaftServerConfigKeys (ConfUtils.java:logGet(46)) - raft.server.log.statemachine.data.sync = true (default)
2023-09-01 02:13:21,177 [s0-impl-thread1] INFO  server.RaftServerConfigKeys (ConfUtils.java:logGet(46)) - raft.server.log.statemachine.data.sync.timeout = 10s (default)
2023-09-01 02:13:21,178 [s0-impl-thread1] INFO  server.RaftServerConfigKeys (ConfUtils.java:logGet(46)) - raft.server.log.statemachine.data.sync.timeout.retry = -1 (default)
2023-09-01 02:13:21,179 [s0-impl-thread1] INFO  server.RaftServerConfigKeys (ConfUtils.java:logGet(46)) - raft.server.log.write.buffer.size = 64KB (=65536) (default)
2023-09-01 02:13:21,179 [s0-impl-thread1] INFO  server.RaftServerConfigKeys (ConfUtils.java:logGet(46)) - raft.server.log.appender.buffer.byte-limit = 4MB (=4194304) (default)
2023-09-01 02:13:21,181 [s0-impl-thread1] INFO  server.RaftServerConfigKeys (ConfUtils.java:logGet(46)) - raft.server.log.unsafe-flush.enabled = false (default)
2023-09-01 02:13:21,181 [s0-impl-thread1] INFO  server.RaftServerConfigKeys (ConfUtils.java:logGet(46)) - raft.server.log.async-flush.enabled = false (default)
2023-09-01 02:13:21,181 [s0-impl-thread1] INFO  server.RaftServerConfigKeys (ConfUtils.java:logGet(46)) - raft.server.log.statemachine.data.caching.enabled = false (default)
2023-09-01 02:13:21,185 [s0-impl-thread1] INFO  segmented.SegmentedRaftLogWorker (SegmentedRaftLogWorker.java:lambda$new$0(134)) - s0@group-0DB13EEF429C-SegmentedRaftLogWorker: flushIndex: setUnconditionally 0 -> -1
2023-09-01 02:13:21,186 [s0-impl-thread1] INFO  segmented.SegmentedRaftLogWorker (SegmentedRaftLogWorker.java:lambda$new$0(134)) - s0@group-0DB13EEF429C-SegmentedRaftLogWorker: safeCacheEvictIndex: setUnconditionally 0 -> -1
2023-09-01 02:13:21,188 [s0-impl-thread1] INFO  server.RaftServer$Division (RaftServerImpl.java:start(384)) - s0@group-0DB13EEF429C: start as a follower, conf=-1: peers:[s0|rpc:localhost:35361|admin:localhost:44939|client:localhost:32867|dataStream:localhost:38529|priority:0|startupRole:FOLLOWER]|listeners:[], old=null
2023-09-01 02:13:21,188 [s0-impl-thread1] INFO  server.RaftServer$Division (RaftServerImpl.java:setRole(371)) - s0@group-0DB13EEF429C: changes role from      null to FOLLOWER at term 0 for startAsFollower
2023-09-01 02:13:21,189 [s0-impl-thread1] INFO  impl.RoleInfo (RoleInfo.java:updateAndGet(138)) - s0: start s0@group-0DB13EEF429C-FollowerState
2023-09-01 02:13:21,191 [s0-impl-thread1] INFO  util.JmxRegister (JmxRegister.java:tryRegister(44)) - Successfully registered JMX Bean with object name Ratis:service=RaftServer,group=group-0DB13EEF429C,id=s0
2023-09-01 02:13:21,192 [s0-impl-thread1] INFO  server.RaftServerConfigKeys (ConfUtils.java:logGet(46)) - raft.server.snapshot.trigger-when-stop.enabled = true (default)
2023-09-01 02:13:21,193 [s0-impl-thread1] INFO  server.RaftServerConfigKeys (ConfUtils.java:logGet(46)) - raft.server.snapshot.auto.trigger.enabled = true (custom)
2023-09-01 02:13:21,193 [s0-impl-thread1] INFO  server.RaftServerConfigKeys (ConfUtils.java:logGet(46)) - raft.server.snapshot.auto.trigger.threshold = 64 (custom)
2023-09-01 02:13:21,193 [s0-impl-thread1] INFO  server.RaftServerConfigKeys (ConfUtils.java:logGet(46)) - raft.server.snapshot.retention.file.num = -1 (default)
2023-09-01 02:13:21,194 [s0-impl-thread1] INFO  server.RaftServerConfigKeys (ConfUtils.java:logGet(46)) - raft.server.log.purge.upto.snapshot.index = false (default)
2023-09-01 02:13:21,196 [Time-limited test] INFO  server.RaftServer (RaftServerProxy.java:startImpl(404)) - s0: start RPC server
2023-09-01 02:13:21,206 [s0@group-0DB13EEF429C-FollowerState] INFO  server.RaftServerConfigKeys (ConfUtils.java:logFallback(53)) - raft.server.rpc.first-election.timeout.min = 150ms (fallback to raft.server.rpc.timeout.min)
2023-09-01 02:13:21,208 [s0@group-0DB13EEF429C-FollowerState] INFO  server.RaftServerConfigKeys (ConfUtils.java:logFallback(53)) - raft.server.rpc.first-election.timeout.max = 300ms (fallback to raft.server.rpc.timeout.max)
2023-09-01 02:13:21,228 [Time-limited test] INFO  server.GrpcService (GrpcService.java:startImpl(302)) - s0: GrpcService started, listening on 32867
2023-09-01 02:13:21,229 [Time-limited test] INFO  server.GrpcService (GrpcService.java:startImpl(302)) - s0: GrpcService started, listening on 35361
2023-09-01 02:13:21,230 [Time-limited test] INFO  server.GrpcService (GrpcService.java:startImpl(302)) - s0: GrpcService started, listening on 44939
2023-09-01 02:13:21,232 [JvmPauseMonitor0] INFO  util.JvmPauseMonitor (JvmPauseMonitor.java:run(146)) - JvmPauseMonitor-s0: Started
2023-09-01 02:13:21,237 [Time-limited test] INFO  server.RaftServerConfigKeys (ConfUtils.java:logGet(46)) - raft.server.rpc.timeout.max = 300ms (default)
2023-09-01 02:13:21,239 [Time-limited test] INFO  ratis.RaftTestUtil (RaftTestUtil.java:waitForLeader(100)) - printing ALL groups
  s0:  RUNNING  FOLLOWER s0@group-0DB13EEF429C:t0, leader=null, voted=, raftlog=Memoized:s0@group-0DB13EEF429C-SegmentedRaftLog:OPENED:c-1, conf=-1: peers:[s0|rpc:localhost:35361|admin:localhost:44939|client:localhost:32867|dataStream:localhost:38529|priority:0|startupRole:FOLLOWER]|listeners:[], old=null RUNNING
2023-09-01 02:13:21,244 [Time-limited test] WARN  ratis.RaftTestUtil (JavaUtils.java:attempt(217)) - FAILED "waitForLeader-null-(expectLeader? true)", attempt #1/100: java.lang.IllegalStateException: No leader yet : printing ALL groups
  s0:  RUNNING  FOLLOWER s0@group-0DB13EEF429C:t0, leader=null, voted=, raftlog=Memoized:s0@group-0DB13EEF429C-SegmentedRaftLog:OPENED:c-1, conf=-1: peers:[s0|rpc:localhost:35361|admin:localhost:44939|client:localhost:32867|dataStream:localhost:38529|priority:0|startupRole:FOLLOWER]|listeners:[], old=null RUNNING, sleep 450ms and then retry.
java.lang.IllegalStateException: No leader yet : printing ALL groups
  s0:  RUNNING  FOLLOWER s0@group-0DB13EEF429C:t0, leader=null, voted=, raftlog=Memoized:s0@group-0DB13EEF429C-SegmentedRaftLog:OPENED:c-1, conf=-1: peers:[s0|rpc:localhost:35361|admin:localhost:44939|client:localhost:32867|dataStream:localhost:38529|priority:0|startupRole:FOLLOWER]|listeners:[], old=null RUNNING
	at org.apache.ratis.server.impl.MiniRaftCluster.newIllegalStateExceptionForNoLeaders(MiniRaftCluster.java:581)
	at org.apache.ratis.RaftTestUtil.lambda$waitForLeader$1(RaftTestUtil.java:104)
	at org.apache.ratis.server.impl.MiniRaftCluster.getLeader(MiniRaftCluster.java:615)
	at org.apache.ratis.server.impl.MiniRaftCluster.getLeader(MiniRaftCluster.java:608)
	at org.apache.ratis.RaftTestUtil.lambda$waitForLeader$3(RaftTestUtil.java:112)
	at org.apache.ratis.util.JavaUtils.attempt(JavaUtils.java:211)
	at org.apache.ratis.util.JavaUtils.attemptRepeatedly(JavaUtils.java:197)
	at org.apache.ratis.RaftTestUtil.waitForLeader(RaftTestUtil.java:111)
	at org.apache.ratis.RaftTestUtil.waitForLeader(RaftTestUtil.java:92)
	at org.apache.ratis.RaftTestUtil.waitForLeader(RaftTestUtil.java:87)
	at org.apache.ratis.InstallSnapshotFromLeaderTests.testMultiFileInstallSnapshot(InstallSnapshotFromLeaderTests.java:93)
	at org.apache.ratis.server.impl.MiniRaftCluster$Factory$Get.runWithNewCluster(MiniRaftCluster.java:141)
	at org.apache.ratis.server.impl.MiniRaftCluster$Factory$Get.runWithNewCluster(MiniRaftCluster.java:121)
	at org.apache.ratis.InstallSnapshotFromLeaderTests.testMultiFileInstallSnapshot(InstallSnapshotFromLeaderTests.java:80)
	at java.base/jdk.internal.reflect.NativeMethodAccessorImpl.invoke0(Native Method)
	at java.base/jdk.internal.reflect.NativeMethodAccessorImpl.invoke(NativeMethodAccessorImpl.java:62)
	at java.base/jdk.internal.reflect.DelegatingMethodAccessorImpl.invoke(DelegatingMethodAccessorImpl.java:43)
	at java.base/java.lang.reflect.Method.invoke(Method.java:566)
	at org.junit.runners.model.FrameworkMethod$1.runReflectiveCall(FrameworkMethod.java:59)
	at org.junit.internal.runners.model.ReflectiveCallable.run(ReflectiveCallable.java:12)
	at org.junit.runners.model.FrameworkMethod.invokeExplosively(FrameworkMethod.java:56)
	at org.junit.internal.runners.statements.InvokeMethod.evaluate(InvokeMethod.java:17)
	at org.junit.internal.runners.statements.RunAfters.evaluate(RunAfters.java:27)
	at org.junit.internal.runners.statements.FailOnTimeout$CallableStatement.call(FailOnTimeout.java:299)
	at org.junit.internal.runners.statements.FailOnTimeout$CallableStatement.call(FailOnTimeout.java:293)
	at java.base/java.util.concurrent.FutureTask.run(FutureTask.java:264)
	at java.base/java.lang.Thread.run(Thread.java:829)
2023-09-01 02:13:21,452 [s0@group-0DB13EEF429C-FollowerState] INFO  impl.FollowerState (FollowerState.java:run(143)) - s0@group-0DB13EEF429C-FollowerState: change to CANDIDATE, lastRpcElapsedTime:263904202ns, electionTimeout:243ms
2023-09-01 02:13:21,453 [s0@group-0DB13EEF429C-FollowerState] INFO  impl.RoleInfo (RoleInfo.java:shutdownFollowerState(109)) - s0: shutdown s0@group-0DB13EEF429C-FollowerState
2023-09-01 02:13:21,453 [s0@group-0DB13EEF429C-FollowerState] INFO  server.RaftServer$Division (RaftServerImpl.java:setRole(371)) - s0@group-0DB13EEF429C: changes role from  FOLLOWER to CANDIDATE at term 0 for changeToCandidate
2023-09-01 02:13:21,455 [s0@group-0DB13EEF429C-FollowerState] INFO  server.RaftServerConfigKeys (ConfUtils.java:logGet(46)) - raft.server.leaderelection.pre-vote = true (default)
2023-09-01 02:13:21,456 [s0@group-0DB13EEF429C-FollowerState] INFO  impl.RoleInfo (RoleInfo.java:updateAndGet(138)) - s0: start s0@group-0DB13EEF429C-LeaderElection1
2023-09-01 02:13:21,466 [s0@group-0DB13EEF429C-LeaderElection1] INFO  impl.LeaderElection (LeaderElection.java:askForVotes(320)) - s0@group-0DB13EEF429C-LeaderElection1 PRE_VOTE round 0: submit vote requests at term 0 for -1: peers:[s0|rpc:localhost:35361|admin:localhost:44939|client:localhost:32867|dataStream:localhost:38529|priority:0|startupRole:FOLLOWER]|listeners:[], old=null
2023-09-01 02:13:21,467 [s0@group-0DB13EEF429C-LeaderElection1] INFO  impl.LeaderElection (LeaderElection.java:askForVotes(322)) - s0@group-0DB13EEF429C-LeaderElection1 PRE_VOTE round 0: result PASSED (term=0)
2023-09-01 02:13:21,469 [s0@group-0DB13EEF429C-LeaderElection1] INFO  impl.LeaderElection (LeaderElection.java:askForVotes(320)) - s0@group-0DB13EEF429C-LeaderElection1 ELECTION round 0: submit vote requests at term 1 for -1: peers:[s0|rpc:localhost:35361|admin:localhost:44939|client:localhost:32867|dataStream:localhost:38529|priority:0|startupRole:FOLLOWER]|listeners:[], old=null
2023-09-01 02:13:21,469 [s0@group-0DB13EEF429C-LeaderElection1] INFO  impl.LeaderElection (LeaderElection.java:askForVotes(322)) - s0@group-0DB13EEF429C-LeaderElection1 ELECTION round 0: result PASSED (term=1)
2023-09-01 02:13:21,469 [s0@group-0DB13EEF429C-LeaderElection1] INFO  impl.RoleInfo (RoleInfo.java:shutdownLeaderElection(129)) - s0: shutdown s0@group-0DB13EEF429C-LeaderElection1
2023-09-01 02:13:21,470 [s0@group-0DB13EEF429C-LeaderElection1] INFO  server.RaftServer$Division (RaftServerImpl.java:setRole(371)) - s0@group-0DB13EEF429C: changes role from CANDIDATE to LEADER at term 1 for changeToLeader
2023-09-01 02:13:21,474 [s0@group-0DB13EEF429C-LeaderElection1] INFO  server.RaftServerConfigKeys (ConfUtils.java:logGet(46)) - raft.server.staging.catchup.gap = 1000 (default)
2023-09-01 02:13:21,479 [s0@group-0DB13EEF429C-LeaderElection1] INFO  server.RaftServerConfigKeys (ConfUtils.java:logGet(46)) - raft.server.write.element-limit = 4096 (default)
2023-09-01 02:13:21,479 [s0@group-0DB13EEF429C-LeaderElection1] INFO  server.RaftServerConfigKeys (ConfUtils.java:logGet(46)) - raft.server.write.byte-limit = 64MB (=67108864) (default)
2023-09-01 02:13:21,482 [s0@group-0DB13EEF429C-LeaderElection1] INFO  server.RaftServerConfigKeys (ConfUtils.java:logGet(46)) - raft.server.watch.timeout = 10s (default)
2023-09-01 02:13:21,482 [s0@group-0DB13EEF429C-LeaderElection1] INFO  server.RaftServerConfigKeys (ConfUtils.java:logGet(46)) - raft.server.watch.timeout.denomination = 1s (default)
2023-09-01 02:13:21,482 [s0@group-0DB13EEF429C-LeaderElection1] INFO  server.RaftServerConfigKeys (ConfUtils.java:logGet(46)) - raft.server.watch.element-limit = 65536 (default)
2023-09-01 02:13:21,486 [s0@group-0DB13EEF429C-LeaderElection1] INFO  server.RaftServerConfigKeys (ConfUtils.java:logGet(46)) - raft.server.write.element-limit = 4096 (default)
2023-09-01 02:13:21,487 [s0@group-0DB13EEF429C-LeaderElection1] INFO  server.RaftServerConfigKeys (ConfUtils.java:logGet(46)) - raft.server.write.follower.gap.ratio.max = -1.0 (default)
2023-09-01 02:13:21,488 [s0@group-0DB13EEF429C-LeaderElection1] INFO  impl.RoleInfo (RoleInfo.java:updateAndGet(138)) - s0: start s0@group-0DB13EEF429C-LeaderStateImpl
2023-09-01 02:13:21,489 [s0@group-0DB13EEF429C-LeaderElection1] INFO  server.RaftServer$Division (RaftServerImpl.java:setFirstElection(556)) - s0@group-0DB13EEF429C: set firstElectionSinceStartup to false for becomeLeader
2023-09-01 02:13:21,489 [s0@group-0DB13EEF429C-LeaderElection1] INFO  server.RaftServer$Division (ServerState.java:setLeader(260)) - s0@group-0DB13EEF429C: change Leader from null to s0 at term 1 for becomeLeader, leader elected after 471ms
2023-09-01 02:13:21,503 [s0@group-0DB13EEF429C-LeaderElection1] INFO  segmented.SegmentedRaftLogWorker (SegmentedRaftLogWorker.java:startLogSegment(427)) - s0@group-0DB13EEF429C-SegmentedRaftLogWorker: Starting segment from index:0
2023-09-01 02:13:21,518 [s0@group-0DB13EEF429C-LeaderElection1] INFO  server.RaftServer$Division (ServerState.java:setRaftConf(377)) - s0@group-0DB13EEF429C: set configuration 0: peers:[s0|rpc:localhost:35361|admin:localhost:44939|client:localhost:32867|dataStream:localhost:38529|priority:0|startupRole:FOLLOWER]|listeners:[], old=null
2023-09-01 02:13:21,567 [s0@group-0DB13EEF429C-SegmentedRaftLogWorker] INFO  segmented.SegmentedRaftLogWorker (SegmentedRaftLogWorker.java:execute(631)) - s0@group-0DB13EEF429C-SegmentedRaftLogWorker: created new log segment /home/runner/work/ratis/ratis/ratis-test/target/test/data/1f94b248/MiniRaftClusterWithGrpc9e69d58d/s0/694f0182-f33e-47e3-9b9e-0db13eef429c/current/log_inprogress_0
2023-09-01 02:13:21,575 [s0@group-0DB13EEF429C-StateMachineUpdater] INFO  server.RaftServer$Division (LeaderStateImpl.java:isApplied(308)) - leader is ready since appliedIndex == 0 >= startIndex == 0
2023-09-01 02:13:21,696 [Time-limited test] INFO  ratis.RaftTestUtil (RaftTestUtil.java:waitForLeader(119)) - printing ALL groups
  s0:  RUNNING    LEADER s0@group-0DB13EEF429C:t1, leader=s0, voted=s0, raftlog=Memoized:s0@group-0DB13EEF429C-SegmentedRaftLog:OPENED:c0, conf=0: peers:[s0|rpc:localhost:35361|admin:localhost:44939|client:localhost:32867|dataStream:localhost:38529|priority:0|startupRole:FOLLOWER]|listeners:[], old=null RUNNING
2023-09-01 02:13:22,003 [s0@group-0DB13EEF429C-StateMachineUpdater] INFO  impl.SimpleStateMachine4Testing (SimpleStateMachine4Testing.java:put(205)) - s0: put 1, m0 -> (t:1, i:1), STATEMACHINELOGENTRY, 0@client-C5396860DEC7
2023-09-01 02:13:22,003 [s0@group-0DB13EEF429C-StateMachineUpdater] WARN  server.RaftServer$Division (RaftServerImpl.java:replyPendingRequest(1769)) -    LEADER s0@group-0DB13EEF429C:t1, leader=s0, voted=s0, raftlog=Memoized:s0@group-0DB13EEF429C-SegmentedRaftLog:OPENED:c1, conf=0: peers:[s0|rpc:localhost:35361|admin:localhost:44939|client:localhost:32867|dataStream:localhost:38529|priority:0|startupRole:FOLLOWER]|listeners:[], old=null RUNNING retry cache entry of leader should be pending: 0@client-C5396860DEC7:pending
2023-09-01 02:13:22,040 [s0@group-0DB13EEF429C-StateMachineUpdater] INFO  impl.SimpleStateMachine4Testing (SimpleStateMachine4Testing.java:put(205)) - s0: put 3, m1 -> (t:1, i:3), STATEMACHINELOGENTRY, 1@client-C5396860DEC7
2023-09-01 02:13:22,040 [s0@group-0DB13EEF429C-StateMachineUpdater] WARN  server.RaftServer$Division (RaftServerImpl.java:replyPendingRequest(1769)) -    LEADER s0@group-0DB13EEF429C:t1, leader=s0, voted=s0, raftlog=Memoized:s0@group-0DB13EEF429C-SegmentedRaftLog:OPENED:c3, conf=0: peers:[s0|rpc:localhost:35361|admin:localhost:44939|client:localhost:32867|dataStream:localhost:38529|priority:0|startupRole:FOLLOWER]|listeners:[], old=null RUNNING retry cache entry of leader should be pending: 1@client-C5396860DEC7:pending
2023-09-01 02:13:22,060 [s0@group-0DB13EEF429C-StateMachineUpdater] INFO  impl.SimpleStateMachine4Testing (SimpleStateMachine4Testing.java:put(205)) - s0: put 5, m2 -> (t:1, i:5), STATEMACHINELOGENTRY, 2@client-C5396860DEC7
2023-09-01 02:13:22,060 [s0@group-0DB13EEF429C-StateMachineUpdater] WARN  server.RaftServer$Division (RaftServerImpl.java:replyPendingRequest(1769)) -    LEADER s0@group-0DB13EEF429C:t1, leader=s0, voted=s0, raftlog=Memoized:s0@group-0DB13EEF429C-SegmentedRaftLog:OPENED:c5, conf=0: peers:[s0|rpc:localhost:35361|admin:localhost:44939|client:localhost:32867|dataStream:localhost:38529|priority:0|startupRole:FOLLOWER]|listeners:[], old=null RUNNING retry cache entry of leader should be pending: 2@client-C5396860DEC7:pending
2023-09-01 02:13:22,071 [s0@group-0DB13EEF429C-StateMachineUpdater] INFO  impl.SimpleStateMachine4Testing (SimpleStateMachine4Testing.java:put(205)) - s0: put 7, m3 -> (t:1, i:7), STATEMACHINELOGENTRY, 3@client-C5396860DEC7
2023-09-01 02:13:22,071 [s0@group-0DB13EEF429C-StateMachineUpdater] WARN  server.RaftServer$Division (RaftServerImpl.java:replyPendingRequest(1769)) -    LEADER s0@group-0DB13EEF429C:t1, leader=s0, voted=s0, raftlog=Memoized:s0@group-0DB13EEF429C-SegmentedRaftLog:OPENED:c7, conf=0: peers:[s0|rpc:localhost:35361|admin:localhost:44939|client:localhost:32867|dataStream:localhost:38529|priority:0|startupRole:FOLLOWER]|listeners:[], old=null RUNNING retry cache entry of leader should be pending: 3@client-C5396860DEC7:pending
2023-09-01 02:13:22,079 [s0@group-0DB13EEF429C-StateMachineUpdater] INFO  impl.SimpleStateMachine4Testing (SimpleStateMachine4Testing.java:put(205)) - s0: put 9, m4 -> (t:1, i:9), STATEMACHINELOGENTRY, 4@client-C5396860DEC7
2023-09-01 02:13:22,080 [s0@group-0DB13EEF429C-StateMachineUpdater] WARN  server.RaftServer$Division (RaftServerImpl.java:replyPendingRequest(1769)) -    LEADER s0@group-0DB13EEF429C:t1, leader=s0, voted=s0, raftlog=Memoized:s0@group-0DB13EEF429C-SegmentedRaftLog:OPENED:c9, conf=0: peers:[s0|rpc:localhost:35361|admin:localhost:44939|client:localhost:32867|dataStream:localhost:38529|priority:0|startupRole:FOLLOWER]|listeners:[], old=null RUNNING retry cache entry of leader should be pending: 4@client-C5396860DEC7:pending
2023-09-01 02:13:22,088 [s0@group-0DB13EEF429C-StateMachineUpdater] INFO  impl.SimpleStateMachine4Testing (SimpleStateMachine4Testing.java:put(205)) - s0: put 11, m5 -> (t:1, i:11), STATEMACHINELOGENTRY, 5@client-C5396860DEC7
2023-09-01 02:13:22,088 [s0@group-0DB13EEF429C-StateMachineUpdater] WARN  server.RaftServer$Division (RaftServerImpl.java:replyPendingRequest(1769)) -    LEADER s0@group-0DB13EEF429C:t1, leader=s0, voted=s0, raftlog=Memoized:s0@group-0DB13EEF429C-SegmentedRaftLog:OPENED:c11, conf=0: peers:[s0|rpc:localhost:35361|admin:localhost:44939|client:localhost:32867|dataStream:localhost:38529|priority:0|startupRole:FOLLOWER]|listeners:[], old=null RUNNING retry cache entry of leader should be pending: 5@client-C5396860DEC7:pending
2023-09-01 02:13:22,095 [s0@group-0DB13EEF429C-StateMachineUpdater] INFO  impl.SimpleStateMachine4Testing (SimpleStateMachine4Testing.java:put(205)) - s0: put 13, m6 -> (t:1, i:13), STATEMACHINELOGENTRY, 6@client-C5396860DEC7
2023-09-01 02:13:22,095 [s0@group-0DB13EEF429C-StateMachineUpdater] WARN  server.RaftServer$Division (RaftServerImpl.java:replyPendingRequest(1769)) -    LEADER s0@group-0DB13EEF429C:t1, leader=s0, voted=s0, raftlog=Memoized:s0@group-0DB13EEF429C-SegmentedRaftLog:OPENED:c13, conf=0: peers:[s0|rpc:localhost:35361|admin:localhost:44939|client:localhost:32867|dataStream:localhost:38529|priority:0|startupRole:FOLLOWER]|listeners:[], old=null RUNNING retry cache entry of leader should be pending: 6@client-C5396860DEC7:pending
2023-09-01 02:13:22,103 [s0@group-0DB13EEF429C-StateMachineUpdater] INFO  impl.SimpleStateMachine4Testing (SimpleStateMachine4Testing.java:put(205)) - s0: put 15, m7 -> (t:1, i:15), STATEMACHINELOGENTRY, 7@client-C5396860DEC7
2023-09-01 02:13:22,103 [s0@group-0DB13EEF429C-StateMachineUpdater] WARN  server.RaftServer$Division (RaftServerImpl.java:replyPendingRequest(1769)) -    LEADER s0@group-0DB13EEF429C:t1, leader=s0, voted=s0, raftlog=Memoized:s0@group-0DB13EEF429C-SegmentedRaftLog:OPENED:c15, conf=0: peers:[s0|rpc:localhost:35361|admin:localhost:44939|client:localhost:32867|dataStream:localhost:38529|priority:0|startupRole:FOLLOWER]|listeners:[], old=null RUNNING retry cache entry of leader should be pending: 7@client-C5396860DEC7:pending
2023-09-01 02:13:22,113 [s0@group-0DB13EEF429C-StateMachineUpdater] INFO  impl.SimpleStateMachine4Testing (SimpleStateMachine4Testing.java:put(205)) - s0: put 17, m8 -> (t:1, i:17), STATEMACHINELOGENTRY, 8@client-C5396860DEC7
2023-09-01 02:13:22,114 [s0@group-0DB13EEF429C-StateMachineUpdater] WARN  server.RaftServer$Division (RaftServerImpl.java:replyPendingRequest(1769)) -    LEADER s0@group-0DB13EEF429C:t1, leader=s0, voted=s0, raftlog=Memoized:s0@group-0DB13EEF429C-SegmentedRaftLog:OPENED:c18, conf=0: peers:[s0|rpc:localhost:35361|admin:localhost:44939|client:localhost:32867|dataStream:localhost:38529|priority:0|startupRole:FOLLOWER]|listeners:[], old=null RUNNING retry cache entry of leader should be pending: 8@client-C5396860DEC7:pending
2023-09-01 02:13:22,122 [s0@group-0DB13EEF429C-StateMachineUpdater] INFO  impl.SimpleStateMachine4Testing (SimpleStateMachine4Testing.java:put(205)) - s0: put 19, m9 -> (t:1, i:19), STATEMACHINELOGENTRY, 9@client-C5396860DEC7
2023-09-01 02:13:22,122 [s0@group-0DB13EEF429C-StateMachineUpdater] WARN  server.RaftServer$Division (RaftServerImpl.java:replyPendingRequest(1769)) -    LEADER s0@group-0DB13EEF429C:t1, leader=s0, voted=s0, raftlog=Memoized:s0@group-0DB13EEF429C-SegmentedRaftLog:OPENED:c19, conf=0: peers:[s0|rpc:localhost:35361|admin:localhost:44939|client:localhost:32867|dataStream:localhost:38529|priority:0|startupRole:FOLLOWER]|listeners:[], old=null RUNNING retry cache entry of leader should be pending: 9@client-C5396860DEC7:pending
2023-09-01 02:13:22,129 [s0@group-0DB13EEF429C-StateMachineUpdater] INFO  impl.SimpleStateMachine4Testing (SimpleStateMachine4Testing.java:put(205)) - s0: put 21, m10 -> (t:1, i:21), STATEMACHINELOGENTRY, 10@client-C5396860DEC7
2023-09-01 02:13:22,129 [s0@group-0DB13EEF429C-StateMachineUpdater] WARN  server.RaftServer$Division (RaftServerImpl.java:replyPendingRequest(1769)) -    LEADER s0@group-0DB13EEF429C:t1, leader=s0, voted=s0, raftlog=Memoized:s0@group-0DB13EEF429C-SegmentedRaftLog:OPENED:c21, conf=0: peers:[s0|rpc:localhost:35361|admin:localhost:44939|client:localhost:32867|dataStream:localhost:38529|priority:0|startupRole:FOLLOWER]|listeners:[], old=null RUNNING retry cache entry of leader should be pending: 10@client-C5396860DEC7:pending
2023-09-01 02:13:22,134 [s0@group-0DB13EEF429C-StateMachineUpdater] INFO  impl.SimpleStateMachine4Testing (SimpleStateMachine4Testing.java:put(205)) - s0: put 23, m11 -> (t:1, i:23), STATEMACHINELOGENTRY, 11@client-C5396860DEC7
2023-09-01 02:13:22,134 [s0@group-0DB13EEF429C-StateMachineUpdater] WARN  server.RaftServer$Division (RaftServerImpl.java:replyPendingRequest(1769)) -    LEADER s0@group-0DB13EEF429C:t1, leader=s0, voted=s0, raftlog=Memoized:s0@group-0DB13EEF429C-SegmentedRaftLog:OPENED:c23, conf=0: peers:[s0|rpc:localhost:35361|admin:localhost:44939|client:localhost:32867|dataStream:localhost:38529|priority:0|startupRole:FOLLOWER]|listeners:[], old=null RUNNING retry cache entry of leader should be pending: 11@client-C5396860DEC7:pending
2023-09-01 02:13:22,143 [s0@group-0DB13EEF429C-StateMachineUpdater] INFO  impl.SimpleStateMachine4Testing (SimpleStateMachine4Testing.java:put(205)) - s0: put 25, m12 -> (t:1, i:25), STATEMACHINELOGENTRY, 12@client-C5396860DEC7
2023-09-01 02:13:22,143 [s0@group-0DB13EEF429C-StateMachineUpdater] WARN  server.RaftServer$Division (RaftServerImpl.java:replyPendingRequest(1769)) -    LEADER s0@group-0DB13EEF429C:t1, leader=s0, voted=s0, raftlog=Memoized:s0@group-0DB13EEF429C-SegmentedRaftLog:OPENED:c25, conf=0: peers:[s0|rpc:localhost:35361|admin:localhost:44939|client:localhost:32867|dataStream:localhost:38529|priority:0|startupRole:FOLLOWER]|listeners:[], old=null RUNNING retry cache entry of leader should be pending: 12@client-C5396860DEC7:pending
2023-09-01 02:13:22,152 [s0@group-0DB13EEF429C-StateMachineUpdater] INFO  impl.SimpleStateMachine4Testing (SimpleStateMachine4Testing.java:put(205)) - s0: put 27, m13 -> (t:1, i:27), STATEMACHINELOGENTRY, 13@client-C5396860DEC7
2023-09-01 02:13:22,152 [s0@group-0DB13EEF429C-StateMachineUpdater] WARN  server.RaftServer$Division (RaftServerImpl.java:replyPendingRequest(1769)) -    LEADER s0@group-0DB13EEF429C:t1, leader=s0, voted=s0, raftlog=Memoized:s0@group-0DB13EEF429C-SegmentedRaftLog:OPENED:c27, conf=0: peers:[s0|rpc:localhost:35361|admin:localhost:44939|client:localhost:32867|dataStream:localhost:38529|priority:0|startupRole:FOLLOWER]|listeners:[], old=null RUNNING retry cache entry of leader should be pending: 13@client-C5396860DEC7:pending
2023-09-01 02:13:22,157 [s0@group-0DB13EEF429C-StateMachineUpdater] INFO  impl.SimpleStateMachine4Testing (SimpleStateMachine4Testing.java:put(205)) - s0: put 29, m14 -> (t:1, i:29), STATEMACHINELOGENTRY, 14@client-C5396860DEC7
2023-09-01 02:13:22,157 [s0@group-0DB13EEF429C-StateMachineUpdater] WARN  server.RaftServer$Division (RaftServerImpl.java:replyPendingRequest(1769)) -    LEADER s0@group-0DB13EEF429C:t1, leader=s0, voted=s0, raftlog=Memoized:s0@group-0DB13EEF429C-SegmentedRaftLog:OPENED:c29, conf=0: peers:[s0|rpc:localhost:35361|admin:localhost:44939|client:localhost:32867|dataStream:localhost:38529|priority:0|startupRole:FOLLOWER]|listeners:[], old=null RUNNING retry cache entry of leader should be pending: 14@client-C5396860DEC7:pending
2023-09-01 02:13:22,163 [s0@group-0DB13EEF429C-StateMachineUpdater] INFO  impl.SimpleStateMachine4Testing (SimpleStateMachine4Testing.java:put(205)) - s0: put 31, m15 -> (t:1, i:31), STATEMACHINELOGENTRY, 15@client-C5396860DEC7
2023-09-01 02:13:22,164 [s0@group-0DB13EEF429C-StateMachineUpdater] WARN  server.RaftServer$Division (RaftServerImpl.java:replyPendingRequest(1769)) -    LEADER s0@group-0DB13EEF429C:t1, leader=s0, voted=s0, raftlog=Memoized:s0@group-0DB13EEF429C-SegmentedRaftLog:OPENED:c31, conf=0: peers:[s0|rpc:localhost:35361|admin:localhost:44939|client:localhost:32867|dataStream:localhost:38529|priority:0|startupRole:FOLLOWER]|listeners:[], old=null RUNNING retry cache entry of leader should be pending: 15@client-C5396860DEC7:pending
2023-09-01 02:13:22,170 [s0@group-0DB13EEF429C-StateMachineUpdater] INFO  impl.SimpleStateMachine4Testing (SimpleStateMachine4Testing.java:put(205)) - s0: put 33, m16 -> (t:1, i:33), STATEMACHINELOGENTRY, 16@client-C5396860DEC7
2023-09-01 02:13:22,170 [s0@group-0DB13EEF429C-StateMachineUpdater] WARN  server.RaftServer$Division (RaftServerImpl.java:replyPendingRequest(1769)) -    LEADER s0@group-0DB13EEF429C:t1, leader=s0, voted=s0, raftlog=Memoized:s0@group-0DB13EEF429C-SegmentedRaftLog:OPENED:c33, conf=0: peers:[s0|rpc:localhost:35361|admin:localhost:44939|client:localhost:32867|dataStream:localhost:38529|priority:0|startupRole:FOLLOWER]|listeners:[], old=null RUNNING retry cache entry of leader should be pending: 16@client-C5396860DEC7:pending
2023-09-01 02:13:22,175 [s0@group-0DB13EEF429C-StateMachineUpdater] INFO  impl.SimpleStateMachine4Testing (SimpleStateMachine4Testing.java:put(205)) - s0: put 35, m17 -> (t:1, i:35), STATEMACHINELOGENTRY, 17@client-C5396860DEC7
2023-09-01 02:13:22,175 [s0@group-0DB13EEF429C-StateMachineUpdater] WARN  server.RaftServer$Division (RaftServerImpl.java:replyPendingRequest(1769)) -    LEADER s0@group-0DB13EEF429C:t1, leader=s0, voted=s0, raftlog=Memoized:s0@group-0DB13EEF429C-SegmentedRaftLog:OPENED:c35, conf=0: peers:[s0|rpc:localhost:35361|admin:localhost:44939|client:localhost:32867|dataStream:localhost:38529|priority:0|startupRole:FOLLOWER]|listeners:[], old=null RUNNING retry cache entry of leader should be pending: 17@client-C5396860DEC7:pending
2023-09-01 02:13:22,184 [s0@group-0DB13EEF429C-StateMachineUpdater] INFO  impl.SimpleStateMachine4Testing (SimpleStateMachine4Testing.java:put(205)) - s0: put 37, m18 -> (t:1, i:37), STATEMACHINELOGENTRY, 18@client-C5396860DEC7
2023-09-01 02:13:22,184 [s0@group-0DB13EEF429C-StateMachineUpdater] WARN  server.RaftServer$Division (RaftServerImpl.java:replyPendingRequest(1769)) -    LEADER s0@group-0DB13EEF429C:t1, leader=s0, voted=s0, raftlog=Memoized:s0@group-0DB13EEF429C-SegmentedRaftLog:OPENED:c37, conf=0: peers:[s0|rpc:localhost:35361|admin:localhost:44939|client:localhost:32867|dataStream:localhost:38529|priority:0|startupRole:FOLLOWER]|listeners:[], old=null RUNNING retry cache entry of leader should be pending: 18@client-C5396860DEC7:pending
2023-09-01 02:13:22,194 [s0@group-0DB13EEF429C-StateMachineUpdater] INFO  impl.SimpleStateMachine4Testing (SimpleStateMachine4Testing.java:put(205)) - s0: put 39, m19 -> (t:1, i:39), STATEMACHINELOGENTRY, 19@client-C5396860DEC7
2023-09-01 02:13:22,195 [s0@group-0DB13EEF429C-StateMachineUpdater] WARN  server.RaftServer$Division (RaftServerImpl.java:replyPendingRequest(1769)) -    LEADER s0@group-0DB13EEF429C:t1, leader=s0, voted=s0, raftlog=Memoized:s0@group-0DB13EEF429C-SegmentedRaftLog:OPENED:c39, conf=0: peers:[s0|rpc:localhost:35361|admin:localhost:44939|client:localhost:32867|dataStream:localhost:38529|priority:0|startupRole:FOLLOWER]|listeners:[], old=null RUNNING retry cache entry of leader should be pending: 19@client-C5396860DEC7:pending
2023-09-01 02:13:22,202 [s0@group-0DB13EEF429C-StateMachineUpdater] INFO  impl.SimpleStateMachine4Testing (SimpleStateMachine4Testing.java:put(205)) - s0: put 41, m20 -> (t:1, i:41), STATEMACHINELOGENTRY, 20@client-C5396860DEC7
2023-09-01 02:13:22,202 [s0@group-0DB13EEF429C-StateMachineUpdater] WARN  server.RaftServer$Division (RaftServerImpl.java:replyPendingRequest(1769)) -    LEADER s0@group-0DB13EEF429C:t1, leader=s0, voted=s0, raftlog=Memoized:s0@group-0DB13EEF429C-SegmentedRaftLog:OPENED:c41, conf=0: peers:[s0|rpc:localhost:35361|admin:localhost:44939|client:localhost:32867|dataStream:localhost:38529|priority:0|startupRole:FOLLOWER]|listeners:[], old=null RUNNING retry cache entry of leader should be pending: 20@client-C5396860DEC7:pending
2023-09-01 02:13:22,208 [s0@group-0DB13EEF429C-StateMachineUpdater] INFO  impl.SimpleStateMachine4Testing (SimpleStateMachine4Testing.java:put(205)) - s0: put 43, m21 -> (t:1, i:43), STATEMACHINELOGENTRY, 21@client-C5396860DEC7
2023-09-01 02:13:22,208 [s0@group-0DB13EEF429C-StateMachineUpdater] WARN  server.RaftServer$Division (RaftServerImpl.java:replyPendingRequest(1769)) -    LEADER s0@group-0DB13EEF429C:t1, leader=s0, voted=s0, raftlog=Memoized:s0@group-0DB13EEF429C-SegmentedRaftLog:OPENED:c43, conf=0: peers:[s0|rpc:localhost:35361|admin:localhost:44939|client:localhost:32867|dataStream:localhost:38529|priority:0|startupRole:FOLLOWER]|listeners:[], old=null RUNNING retry cache entry of leader should be pending: 21@client-C5396860DEC7:pending
2023-09-01 02:13:22,213 [s0@group-0DB13EEF429C-StateMachineUpdater] INFO  impl.SimpleStateMachine4Testing (SimpleStateMachine4Testing.java:put(205)) - s0: put 45, m22 -> (t:1, i:45), STATEMACHINELOGENTRY, 22@client-C5396860DEC7
2023-09-01 02:13:22,213 [s0@group-0DB13EEF429C-StateMachineUpdater] WARN  server.RaftServer$Division (RaftServerImpl.java:replyPendingRequest(1769)) -    LEADER s0@group-0DB13EEF429C:t1, leader=s0, voted=s0, raftlog=Memoized:s0@group-0DB13EEF429C-SegmentedRaftLog:OPENED:c45, conf=0: peers:[s0|rpc:localhost:35361|admin:localhost:44939|client:localhost:32867|dataStream:localhost:38529|priority:0|startupRole:FOLLOWER]|listeners:[], old=null RUNNING retry cache entry of leader should be pending: 22@client-C5396860DEC7:pending
2023-09-01 02:13:22,221 [s0@group-0DB13EEF429C-StateMachineUpdater] INFO  impl.SimpleStateMachine4Testing (SimpleStateMachine4Testing.java:put(205)) - s0: put 47, m23 -> (t:1, i:47), STATEMACHINELOGENTRY, 23@client-C5396860DEC7
2023-09-01 02:13:22,221 [s0@group-0DB13EEF429C-StateMachineUpdater] WARN  server.RaftServer$Division (RaftServerImpl.java:replyPendingRequest(1769)) -    LEADER s0@group-0DB13EEF429C:t1, leader=s0, voted=s0, raftlog=Memoized:s0@group-0DB13EEF429C-SegmentedRaftLog:OPENED:c47, conf=0: peers:[s0|rpc:localhost:35361|admin:localhost:44939|client:localhost:32867|dataStream:localhost:38529|priority:0|startupRole:FOLLOWER]|listeners:[], old=null RUNNING retry cache entry of leader should be pending: 23@client-C5396860DEC7:pending
2023-09-01 02:13:22,228 [s0@group-0DB13EEF429C-StateMachineUpdater] INFO  impl.SimpleStateMachine4Testing (SimpleStateMachine4Testing.java:put(205)) - s0: put 49, m24 -> (t:1, i:49), STATEMACHINELOGENTRY, 24@client-C5396860DEC7
2023-09-01 02:13:22,228 [s0@group-0DB13EEF429C-StateMachineUpdater] WARN  server.RaftServer$Division (RaftServerImpl.java:replyPendingRequest(1769)) -    LEADER s0@group-0DB13EEF429C:t1, leader=s0, voted=s0, raftlog=Memoized:s0@group-0DB13EEF429C-SegmentedRaftLog:OPENED:c49, conf=0: peers:[s0|rpc:localhost:35361|admin:localhost:44939|client:localhost:32867|dataStream:localhost:38529|priority:0|startupRole:FOLLOWER]|listeners:[], old=null RUNNING retry cache entry of leader should be pending: 24@client-C5396860DEC7:pending
2023-09-01 02:13:22,233 [s0@group-0DB13EEF429C-StateMachineUpdater] INFO  impl.SimpleStateMachine4Testing (SimpleStateMachine4Testing.java:put(205)) - s0: put 51, m25 -> (t:1, i:51), STATEMACHINELOGENTRY, 25@client-C5396860DEC7
2023-09-01 02:13:22,233 [s0@group-0DB13EEF429C-StateMachineUpdater] WARN  server.RaftServer$Division (RaftServerImpl.java:replyPendingRequest(1769)) -    LEADER s0@group-0DB13EEF429C:t1, leader=s0, voted=s0, raftlog=Memoized:s0@group-0DB13EEF429C-SegmentedRaftLog:OPENED:c51, conf=0: peers:[s0|rpc:localhost:35361|admin:localhost:44939|client:localhost:32867|dataStream:localhost:38529|priority:0|startupRole:FOLLOWER]|listeners:[], old=null RUNNING retry cache entry of leader should be pending: 25@client-C5396860DEC7:pending
2023-09-01 02:13:22,240 [s0@group-0DB13EEF429C-StateMachineUpdater] INFO  impl.SimpleStateMachine4Testing (SimpleStateMachine4Testing.java:put(205)) - s0: put 53, m26 -> (t:1, i:53), STATEMACHINELOGENTRY, 26@client-C5396860DEC7
2023-09-01 02:13:22,240 [s0@group-0DB13EEF429C-StateMachineUpdater] WARN  server.RaftServer$Division (RaftServerImpl.java:replyPendingRequest(1769)) -    LEADER s0@group-0DB13EEF429C:t1, leader=s0, voted=s0, raftlog=Memoized:s0@group-0DB13EEF429C-SegmentedRaftLog:OPENED:c53, conf=0: peers:[s0|rpc:localhost:35361|admin:localhost:44939|client:localhost:32867|dataStream:localhost:38529|priority:0|startupRole:FOLLOWER]|listeners:[], old=null RUNNING retry cache entry of leader should be pending: 26@client-C5396860DEC7:pending
2023-09-01 02:13:22,244 [s0@group-0DB13EEF429C-StateMachineUpdater] INFO  impl.SimpleStateMachine4Testing (SimpleStateMachine4Testing.java:put(205)) - s0: put 55, m27 -> (t:1, i:55), STATEMACHINELOGENTRY, 27@client-C5396860DEC7
2023-09-01 02:13:22,244 [s0@group-0DB13EEF429C-StateMachineUpdater] WARN  server.RaftServer$Division (RaftServerImpl.java:replyPendingRequest(1769)) -    LEADER s0@group-0DB13EEF429C:t1, leader=s0, voted=s0, raftlog=Memoized:s0@group-0DB13EEF429C-SegmentedRaftLog:OPENED:c55, conf=0: peers:[s0|rpc:localhost:35361|admin:localhost:44939|client:localhost:32867|dataStream:localhost:38529|priority:0|startupRole:FOLLOWER]|listeners:[], old=null RUNNING retry cache entry of leader should be pending: 27@client-C5396860DEC7:pending
2023-09-01 02:13:22,249 [s0@group-0DB13EEF429C-StateMachineUpdater] INFO  impl.SimpleStateMachine4Testing (SimpleStateMachine4Testing.java:put(205)) - s0: put 57, m28 -> (t:1, i:57), STATEMACHINELOGENTRY, 28@client-C5396860DEC7
2023-09-01 02:13:22,250 [s0@group-0DB13EEF429C-StateMachineUpdater] WARN  server.RaftServer$Division (RaftServerImpl.java:replyPendingRequest(1769)) -    LEADER s0@group-0DB13EEF429C:t1, leader=s0, voted=s0, raftlog=Memoized:s0@group-0DB13EEF429C-SegmentedRaftLog:OPENED:c57, conf=0: peers:[s0|rpc:localhost:35361|admin:localhost:44939|client:localhost:32867|dataStream:localhost:38529|priority:0|startupRole:FOLLOWER]|listeners:[], old=null RUNNING retry cache entry of leader should be pending: 28@client-C5396860DEC7:pending
2023-09-01 02:13:22,254 [s0@group-0DB13EEF429C-StateMachineUpdater] INFO  impl.SimpleStateMachine4Testing (SimpleStateMachine4Testing.java:put(205)) - s0: put 59, m29 -> (t:1, i:59), STATEMACHINELOGENTRY, 29@client-C5396860DEC7
2023-09-01 02:13:22,254 [s0@group-0DB13EEF429C-StateMachineUpdater] WARN  server.RaftServer$Division (RaftServerImpl.java:replyPendingRequest(1769)) -    LEADER s0@group-0DB13EEF429C:t1, leader=s0, voted=s0, raftlog=Memoized:s0@group-0DB13EEF429C-SegmentedRaftLog:OPENED:c59, conf=0: peers:[s0|rpc:localhost:35361|admin:localhost:44939|client:localhost:32867|dataStream:localhost:38529|priority:0|startupRole:FOLLOWER]|listeners:[], old=null RUNNING retry cache entry of leader should be pending: 29@client-C5396860DEC7:pending
2023-09-01 02:13:22,260 [s0@group-0DB13EEF429C-StateMachineUpdater] INFO  impl.SimpleStateMachine4Testing (SimpleStateMachine4Testing.java:put(205)) - s0: put 61, m30 -> (t:1, i:61), STATEMACHINELOGENTRY, 30@client-C5396860DEC7
2023-09-01 02:13:22,260 [s0@group-0DB13EEF429C-StateMachineUpdater] WARN  server.RaftServer$Division (RaftServerImpl.java:replyPendingRequest(1769)) -    LEADER s0@group-0DB13EEF429C:t1, leader=s0, voted=s0, raftlog=Memoized:s0@group-0DB13EEF429C-SegmentedRaftLog:OPENED:c61, conf=0: peers:[s0|rpc:localhost:35361|admin:localhost:44939|client:localhost:32867|dataStream:localhost:38529|priority:0|startupRole:FOLLOWER]|listeners:[], old=null RUNNING retry cache entry of leader should be pending: 30@client-C5396860DEC7:pending
2023-09-01 02:13:22,265 [s0@group-0DB13EEF429C-StateMachineUpdater] INFO  impl.SimpleStateMachine4Testing (SimpleStateMachine4Testing.java:put(205)) - s0: put 63, m31 -> (t:1, i:63), STATEMACHINELOGENTRY, 31@client-C5396860DEC7
2023-09-01 02:13:22,265 [s0@group-0DB13EEF429C-StateMachineUpdater] WARN  server.RaftServer$Division (RaftServerImpl.java:replyPendingRequest(1769)) -    LEADER s0@group-0DB13EEF429C:t1, leader=s0, voted=s0, raftlog=Memoized:s0@group-0DB13EEF429C-SegmentedRaftLog:OPENED:c63, conf=0: peers:[s0|rpc:localhost:35361|admin:localhost:44939|client:localhost:32867|dataStream:localhost:38529|priority:0|startupRole:FOLLOWER]|listeners:[], old=null RUNNING retry cache entry of leader should be pending: 31@client-C5396860DEC7:pending
2023-09-01 02:13:22,265 [s0@group-0DB13EEF429C-StateMachineUpdater] TRACE util.FileUtils (LogUtils.java:runAndLog(49)) - Successfully ran Files.createDirectories /home/runner/work/ratis/ratis/ratis-test/target/test/data/1f94b248/MiniRaftClusterWithGrpc9e69d58d/s0/694f0182-f33e-47e3-9b9e-0db13eef429c/sm/snapshot
2023-09-01 02:13:22,266 [s0@group-0DB13EEF429C-StateMachineUpdater] TRACE util.FileUtils (LogUtils.java:runAndLog(49)) - Successfully ran Files.createDirectories /home/runner/work/ratis/ratis/ratis-test/target/test/data/1f94b248/MiniRaftClusterWithGrpc9e69d58d/s0/694f0182-f33e-47e3-9b9e-0db13eef429c/sm/snapshot
2023-09-01 02:13:22,266 [s0@group-0DB13EEF429C-StateMachineUpdater] TRACE util.FileUtils (LogUtils.java:runAndLog(49)) - Successfully ran Files.createDirectories /home/runner/work/ratis/ratis/ratis-test/target/test/data/1f94b248/MiniRaftClusterWithGrpc9e69d58d/s0/694f0182-f33e-47e3-9b9e-0db13eef429c/sm/snapshot/sub
2023-09-01 02:13:22,267 [s0@group-0DB13EEF429C-StateMachineUpdater] TRACE util.FileUtils (LogUtils.java:supplyAndLog(70)) - Successfully supplied Files.newOutputStream CREATE_NEW /home/runner/work/ratis/ratis/ratis-test/target/test/data/1f94b248/MiniRaftClusterWithGrpc9e69d58d/s0/694f0182-f33e-47e3-9b9e-0db13eef429c/sm/snapshot/1.bin: java.nio.channels.Channels$1@418b6bbc
2023-09-01 02:13:22,267 [s0@group-0DB13EEF429C-StateMachineUpdater] TRACE util.FileUtils (LogUtils.java:supplyAndLog(70)) - Successfully supplied Files.newOutputStream CREATE_NEW /home/runner/work/ratis/ratis/ratis-test/target/test/data/1f94b248/MiniRaftClusterWithGrpc9e69d58d/s0/694f0182-f33e-47e3-9b9e-0db13eef429c/sm/snapshot/sub/2.bin: java.nio.channels.Channels$1@79752ac1
2023-09-01 02:13:22,283 [s0@group-0DB13EEF429C-StateMachineUpdater] INFO  impl.StateMachineUpdater (StateMachineUpdater.java:takeSnapshot(295)) - s0@group-0DB13EEF429C-StateMachineUpdater: Took a snapshot at index 63
2023-09-01 02:13:22,283 [s0@group-0DB13EEF429C-StateMachineUpdater] INFO  impl.StateMachineUpdater (StateMachineUpdater.java:lambda$new$0(98)) - s0@group-0DB13EEF429C-StateMachineUpdater: snapshotIndex: updateIncreasingly -1 -> 63
2023-09-01 02:13:22,285 [s0@group-0DB13EEF429C-StateMachineUpdater] INFO  raftlog.RaftLog (RaftLogBase.java:purge(315)) - s0@group-0DB13EEF429C-SegmentedRaftLog: purge 63
2023-09-01 02:13:22,286 [s0@group-0DB13EEF429C-StateMachineUpdater] INFO  raftlog.RaftLog (RaftLogBase.java:lambda$new$0(54)) - s0@group-0DB13EEF429C-SegmentedRaftLog: snapshotIndex: updateIncreasingly -1 -> 63
2023-09-01 02:13:22,287 [s0@group-0DB13EEF429C-StateMachineUpdater] INFO  raftlog.RaftLog (RaftLogBase.java:lambda$new$0(54)) - s0@group-0DB13EEF429C-SegmentedRaftLog: purgeIndex: updateToMax old=-1, new=63, updated? true
2023-09-01 02:13:22,287 [s0@group-0DB13EEF429C-StateMachineUpdater] INFO  impl.SimpleStateMachine4Testing (SimpleStateMachine4Testing.java:put(205)) - s0: put 65, m32 -> (t:1, i:65), STATEMACHINELOGENTRY, 32@client-C5396860DEC7
2023-09-01 02:13:22,287 [s0@group-0DB13EEF429C-StateMachineUpdater] WARN  server.RaftServer$Division (RaftServerImpl.java:replyPendingRequest(1769)) -    LEADER s0@group-0DB13EEF429C:t1, leader=s0, voted=s0, raftlog=Memoized:s0@group-0DB13EEF429C-SegmentedRaftLog:OPENED:c66, conf=0: peers:[s0|rpc:localhost:35361|admin:localhost:44939|client:localhost:32867|dataStream:localhost:38529|priority:0|startupRole:FOLLOWER]|listeners:[], old=null RUNNING retry cache entry of leader should be pending: 32@client-C5396860DEC7:pending
2023-09-01 02:13:22,293 [s0@group-0DB13EEF429C-StateMachineUpdater] INFO  impl.SimpleStateMachine4Testing (SimpleStateMachine4Testing.java:put(205)) - s0: put 67, m33 -> (t:1, i:67), STATEMACHINELOGENTRY, 33@client-C5396860DEC7
2023-09-01 02:13:22,293 [s0@group-0DB13EEF429C-StateMachineUpdater] WARN  server.RaftServer$Division (RaftServerImpl.java:replyPendingRequest(1769)) -    LEADER s0@group-0DB13EEF429C:t1, leader=s0, voted=s0, raftlog=Memoized:s0@group-0DB13EEF429C-SegmentedRaftLog:OPENED:c68, conf=0: peers:[s0|rpc:localhost:35361|admin:localhost:44939|client:localhost:32867|dataStream:localhost:38529|priority:0|startupRole:FOLLOWER]|listeners:[], old=null RUNNING retry cache entry of leader should be pending: 33@client-C5396860DEC7:pending
2023-09-01 02:13:22,300 [s0@group-0DB13EEF429C-StateMachineUpdater] INFO  impl.SimpleStateMachine4Testing (SimpleStateMachine4Testing.java:put(205)) - s0: put 69, m34 -> (t:1, i:69), STATEMACHINELOGENTRY, 34@client-C5396860DEC7
2023-09-01 02:13:22,300 [s0@group-0DB13EEF429C-StateMachineUpdater] WARN  server.RaftServer$Division (RaftServerImpl.java:replyPendingRequest(1769)) -    LEADER s0@group-0DB13EEF429C:t1, leader=s0, voted=s0, raftlog=Memoized:s0@group-0DB13EEF429C-SegmentedRaftLog:OPENED:c70, conf=0: peers:[s0|rpc:localhost:35361|admin:localhost:44939|client:localhost:32867|dataStream:localhost:38529|priority:0|startupRole:FOLLOWER]|listeners:[], old=null RUNNING retry cache entry of leader should be pending: 34@client-C5396860DEC7:pending
2023-09-01 02:13:22,304 [s0@group-0DB13EEF429C-StateMachineUpdater] INFO  impl.SimpleStateMachine4Testing (SimpleStateMachine4Testing.java:put(205)) - s0: put 71, m35 -> (t:1, i:71), STATEMACHINELOGENTRY, 35@client-C5396860DEC7
2023-09-01 02:13:22,305 [s0@group-0DB13EEF429C-StateMachineUpdater] WARN  server.RaftServer$Division (RaftServerImpl.java:replyPendingRequest(1769)) -    LEADER s0@group-0DB13EEF429C:t1, leader=s0, voted=s0, raftlog=Memoized:s0@group-0DB13EEF429C-SegmentedRaftLog:OPENED:c72, conf=0: peers:[s0|rpc:localhost:35361|admin:localhost:44939|client:localhost:32867|dataStream:localhost:38529|priority:0|startupRole:FOLLOWER]|listeners:[], old=null RUNNING retry cache entry of leader should be pending: 35@client-C5396860DEC7:pending
2023-09-01 02:13:22,308 [s0@group-0DB13EEF429C-StateMachineUpdater] INFO  impl.SimpleStateMachine4Testing (SimpleStateMachine4Testing.java:put(205)) - s0: put 73, m36 -> (t:1, i:73), STATEMACHINELOGENTRY, 36@client-C5396860DEC7
2023-09-01 02:13:22,309 [s0@group-0DB13EEF429C-StateMachineUpdater] WARN  server.RaftServer$Division (RaftServerImpl.java:replyPendingRequest(1769)) -    LEADER s0@group-0DB13EEF429C:t1, leader=s0, voted=s0, raftlog=Memoized:s0@group-0DB13EEF429C-SegmentedRaftLog:OPENED:c74, conf=0: peers:[s0|rpc:localhost:35361|admin:localhost:44939|client:localhost:32867|dataStream:localhost:38529|priority:0|startupRole:FOLLOWER]|listeners:[], old=null RUNNING retry cache entry of leader should be pending: 36@client-C5396860DEC7:pending
2023-09-01 02:13:22,313 [s0@group-0DB13EEF429C-StateMachineUpdater] INFO  impl.SimpleStateMachine4Testing (SimpleStateMachine4Testing.java:put(205)) - s0: put 75, m37 -> (t:1, i:75), STATEMACHINELOGENTRY, 37@client-C5396860DEC7
2023-09-01 02:13:22,313 [s0@group-0DB13EEF429C-StateMachineUpdater] WARN  server.RaftServer$Division (RaftServerImpl.java:replyPendingRequest(1769)) -    LEADER s0@group-0DB13EEF429C:t1, leader=s0, voted=s0, raftlog=Memoized:s0@group-0DB13EEF429C-SegmentedRaftLog:OPENED:c76, conf=0: peers:[s0|rpc:localhost:35361|admin:localhost:44939|client:localhost:32867|dataStream:localhost:38529|priority:0|startupRole:FOLLOWER]|listeners:[], old=null RUNNING retry cache entry of leader should be pending: 37@client-C5396860DEC7:pending
2023-09-01 02:13:22,317 [s0@group-0DB13EEF429C-StateMachineUpdater] INFO  impl.SimpleStateMachine4Testing (SimpleStateMachine4Testing.java:put(205)) - s0: put 77, m38 -> (t:1, i:77), STATEMACHINELOGENTRY, 38@client-C5396860DEC7
2023-09-01 02:13:22,317 [s0@group-0DB13EEF429C-StateMachineUpdater] WARN  server.RaftServer$Division (RaftServerImpl.java:replyPendingRequest(1769)) -    LEADER s0@group-0DB13EEF429C:t1, leader=s0, voted=s0, raftlog=Memoized:s0@group-0DB13EEF429C-SegmentedRaftLog:OPENED:c77, conf=0: peers:[s0|rpc:localhost:35361|admin:localhost:44939|client:localhost:32867|dataStream:localhost:38529|priority:0|startupRole:FOLLOWER]|listeners:[], old=null RUNNING retry cache entry of leader should be pending: 38@client-C5396860DEC7:pending
2023-09-01 02:13:22,321 [s0@group-0DB13EEF429C-StateMachineUpdater] INFO  impl.SimpleStateMachine4Testing (SimpleStateMachine4Testing.java:put(205)) - s0: put 79, m39 -> (t:1, i:79), STATEMACHINELOGENTRY, 39@client-C5396860DEC7
2023-09-01 02:13:22,321 [s0@group-0DB13EEF429C-StateMachineUpdater] WARN  server.RaftServer$Division (RaftServerImpl.java:replyPendingRequest(1769)) -    LEADER s0@group-0DB13EEF429C:t1, leader=s0, voted=s0, raftlog=Memoized:s0@group-0DB13EEF429C-SegmentedRaftLog:OPENED:c79, conf=0: peers:[s0|rpc:localhost:35361|admin:localhost:44939|client:localhost:32867|dataStream:localhost:38529|priority:0|startupRole:FOLLOWER]|listeners:[], old=null RUNNING retry cache entry of leader should be pending: 39@client-C5396860DEC7:pending
2023-09-01 02:13:22,325 [s0@group-0DB13EEF429C-StateMachineUpdater] INFO  impl.SimpleStateMachine4Testing (SimpleStateMachine4Testing.java:put(205)) - s0: put 81, m40 -> (t:1, i:81), STATEMACHINELOGENTRY, 40@client-C5396860DEC7
2023-09-01 02:13:22,325 [s0@group-0DB13EEF429C-StateMachineUpdater] WARN  server.RaftServer$Division (RaftServerImpl.java:replyPendingRequest(1769)) -    LEADER s0@group-0DB13EEF429C:t1, leader=s0, voted=s0, raftlog=Memoized:s0@group-0DB13EEF429C-SegmentedRaftLog:OPENED:c81, conf=0: peers:[s0|rpc:localhost:35361|admin:localhost:44939|client:localhost:32867|dataStream:localhost:38529|priority:0|startupRole:FOLLOWER]|listeners:[], old=null RUNNING retry cache entry of leader should be pending: 40@client-C5396860DEC7:pending
2023-09-01 02:13:22,328 [s0@group-0DB13EEF429C-StateMachineUpdater] INFO  impl.SimpleStateMachine4Testing (SimpleStateMachine4Testing.java:put(205)) - s0: put 83, m41 -> (t:1, i:83), STATEMACHINELOGENTRY, 41@client-C5396860DEC7
2023-09-01 02:13:22,328 [s0@group-0DB13EEF429C-StateMachineUpdater] WARN  server.RaftServer$Division (RaftServerImpl.java:replyPendingRequest(1769)) -    LEADER s0@group-0DB13EEF429C:t1, leader=s0, voted=s0, raftlog=Memoized:s0@group-0DB13EEF429C-SegmentedRaftLog:OPENED:c83, conf=0: peers:[s0|rpc:localhost:35361|admin:localhost:44939|client:localhost:32867|dataStream:localhost:38529|priority:0|startupRole:FOLLOWER]|listeners:[], old=null RUNNING retry cache entry of leader should be pending: 41@client-C5396860DEC7:pending
2023-09-01 02:13:22,332 [s0@group-0DB13EEF429C-StateMachineUpdater] INFO  impl.SimpleStateMachine4Testing (SimpleStateMachine4Testing.java:put(205)) - s0: put 85, m42 -> (t:1, i:85), STATEMACHINELOGENTRY, 42@client-C5396860DEC7
2023-09-01 02:13:22,332 [s0@group-0DB13EEF429C-StateMachineUpdater] WARN  server.RaftServer$Division (RaftServerImpl.java:replyPendingRequest(1769)) -    LEADER s0@group-0DB13EEF429C:t1, leader=s0, voted=s0, raftlog=Memoized:s0@group-0DB13EEF429C-SegmentedRaftLog:OPENED:c85, conf=0: peers:[s0|rpc:localhost:35361|admin:localhost:44939|client:localhost:32867|dataStream:localhost:38529|priority:0|startupRole:FOLLOWER]|listeners:[], old=null RUNNING retry cache entry of leader should be pending: 42@client-C5396860DEC7:pending
2023-09-01 02:13:22,335 [s0@group-0DB13EEF429C-StateMachineUpdater] INFO  impl.SimpleStateMachine4Testing (SimpleStateMachine4Testing.java:put(205)) - s0: put 87, m43 -> (t:1, i:87), STATEMACHINELOGENTRY, 43@client-C5396860DEC7
2023-09-01 02:13:22,335 [s0@group-0DB13EEF429C-StateMachineUpdater] WARN  server.RaftServer$Division (RaftServerImpl.java:replyPendingRequest(1769)) -    LEADER s0@group-0DB13EEF429C:t1, leader=s0, voted=s0, raftlog=Memoized:s0@group-0DB13EEF429C-SegmentedRaftLog:OPENED:c87, conf=0: peers:[s0|rpc:localhost:35361|admin:localhost:44939|client:localhost:32867|dataStream:localhost:38529|priority:0|startupRole:FOLLOWER]|listeners:[], old=null RUNNING retry cache entry of leader should be pending: 43@client-C5396860DEC7:pending
2023-09-01 02:13:22,339 [s0@group-0DB13EEF429C-StateMachineUpdater] INFO  impl.SimpleStateMachine4Testing (SimpleStateMachine4Testing.java:put(205)) - s0: put 89, m44 -> (t:1, i:89), STATEMACHINELOGENTRY, 44@client-C5396860DEC7
2023-09-01 02:13:22,339 [s0@group-0DB13EEF429C-StateMachineUpdater] WARN  server.RaftServer$Division (RaftServerImpl.java:replyPendingRequest(1769)) -    LEADER s0@group-0DB13EEF429C:t1, leader=s0, voted=s0, raftlog=Memoized:s0@group-0DB13EEF429C-SegmentedRaftLog:OPENED:c89, conf=0: peers:[s0|rpc:localhost:35361|admin:localhost:44939|client:localhost:32867|dataStream:localhost:38529|priority:0|startupRole:FOLLOWER]|listeners:[], old=null RUNNING retry cache entry of leader should be pending: 44@client-C5396860DEC7:pending
2023-09-01 02:13:22,342 [s0@group-0DB13EEF429C-StateMachineUpdater] INFO  impl.SimpleStateMachine4Testing (SimpleStateMachine4Testing.java:put(205)) - s0: put 91, m45 -> (t:1, i:91), STATEMACHINELOGENTRY, 45@client-C5396860DEC7
2023-09-01 02:13:22,342 [s0@group-0DB13EEF429C-StateMachineUpdater] WARN  server.RaftServer$Division (RaftServerImpl.java:replyPendingRequest(1769)) -    LEADER s0@group-0DB13EEF429C:t1, leader=s0, voted=s0, raftlog=Memoized:s0@group-0DB13EEF429C-SegmentedRaftLog:OPENED:c91, conf=0: peers:[s0|rpc:localhost:35361|admin:localhost:44939|client:localhost:32867|dataStream:localhost:38529|priority:0|startupRole:FOLLOWER]|listeners:[], old=null RUNNING retry cache entry of leader should be pending: 45@client-C5396860DEC7:pending
2023-09-01 02:13:22,346 [s0@group-0DB13EEF429C-StateMachineUpdater] INFO  impl.SimpleStateMachine4Testing (SimpleStateMachine4Testing.java:put(205)) - s0: put 93, m46 -> (t:1, i:93), STATEMACHINELOGENTRY, 46@client-C5396860DEC7
2023-09-01 02:13:22,346 [s0@group-0DB13EEF429C-StateMachineUpdater] WARN  server.RaftServer$Division (RaftServerImpl.java:replyPendingRequest(1769)) -    LEADER s0@group-0DB13EEF429C:t1, leader=s0, voted=s0, raftlog=Memoized:s0@group-0DB13EEF429C-SegmentedRaftLog:OPENED:c93, conf=0: peers:[s0|rpc:localhost:35361|admin:localhost:44939|client:localhost:32867|dataStream:localhost:38529|priority:0|startupRole:FOLLOWER]|listeners:[], old=null RUNNING retry cache entry of leader should be pending: 46@client-C5396860DEC7:pending
2023-09-01 02:13:22,350 [s0@group-0DB13EEF429C-StateMachineUpdater] INFO  impl.SimpleStateMachine4Testing (SimpleStateMachine4Testing.java:put(205)) - s0: put 95, m47 -> (t:1, i:95), STATEMACHINELOGENTRY, 47@client-C5396860DEC7
2023-09-01 02:13:22,350 [s0@group-0DB13EEF429C-StateMachineUpdater] WARN  server.RaftServer$Division (RaftServerImpl.java:replyPendingRequest(1769)) -    LEADER s0@group-0DB13EEF429C:t1, leader=s0, voted=s0, raftlog=Memoized:s0@group-0DB13EEF429C-SegmentedRaftLog:OPENED:c95, conf=0: peers:[s0|rpc:localhost:35361|admin:localhost:44939|client:localhost:32867|dataStream:localhost:38529|priority:0|startupRole:FOLLOWER]|listeners:[], old=null RUNNING retry cache entry of leader should be pending: 47@client-C5396860DEC7:pending
2023-09-01 02:13:22,354 [s0@group-0DB13EEF429C-StateMachineUpdater] INFO  impl.SimpleStateMachine4Testing (SimpleStateMachine4Testing.java:put(205)) - s0: put 97, m48 -> (t:1, i:97), STATEMACHINELOGENTRY, 48@client-C5396860DEC7
2023-09-01 02:13:22,354 [s0@group-0DB13EEF429C-StateMachineUpdater] WARN  server.RaftServer$Division (RaftServerImpl.java:replyPendingRequest(1769)) -    LEADER s0@group-0DB13EEF429C:t1, leader=s0, voted=s0, raftlog=Memoized:s0@group-0DB13EEF429C-SegmentedRaftLog:OPENED:c97, conf=0: peers:[s0|rpc:localhost:35361|admin:localhost:44939|client:localhost:32867|dataStream:localhost:38529|priority:0|startupRole:FOLLOWER]|listeners:[], old=null RUNNING retry cache entry of leader should be pending: 48@client-C5396860DEC7:pending
2023-09-01 02:13:22,357 [s0@group-0DB13EEF429C-StateMachineUpdater] INFO  impl.SimpleStateMachine4Testing (SimpleStateMachine4Testing.java:put(205)) - s0: put 99, m49 -> (t:1, i:99), STATEMACHINELOGENTRY, 49@client-C5396860DEC7
2023-09-01 02:13:22,357 [s0@group-0DB13EEF429C-StateMachineUpdater] WARN  server.RaftServer$Division (RaftServerImpl.java:replyPendingRequest(1769)) -    LEADER s0@group-0DB13EEF429C:t1, leader=s0, voted=s0, raftlog=Memoized:s0@group-0DB13EEF429C-SegmentedRaftLog:OPENED:c99, conf=0: peers:[s0|rpc:localhost:35361|admin:localhost:44939|client:localhost:32867|dataStream:localhost:38529|priority:0|startupRole:FOLLOWER]|listeners:[], old=null RUNNING retry cache entry of leader should be pending: 49@client-C5396860DEC7:pending
2023-09-01 02:13:22,361 [s0@group-0DB13EEF429C-StateMachineUpdater] INFO  impl.SimpleStateMachine4Testing (SimpleStateMachine4Testing.java:put(205)) - s0: put 101, m50 -> (t:1, i:101), STATEMACHINELOGENTRY, 50@client-C5396860DEC7
2023-09-01 02:13:22,361 [s0@group-0DB13EEF429C-StateMachineUpdater] WARN  server.RaftServer$Division (RaftServerImpl.java:replyPendingRequest(1769)) -    LEADER s0@group-0DB13EEF429C:t1, leader=s0, voted=s0, raftlog=Memoized:s0@group-0DB13EEF429C-SegmentedRaftLog:OPENED:c101, conf=0: peers:[s0|rpc:localhost:35361|admin:localhost:44939|client:localhost:32867|dataStream:localhost:38529|priority:0|startupRole:FOLLOWER]|listeners:[], old=null RUNNING retry cache entry of leader should be pending: 50@client-C5396860DEC7:pending
2023-09-01 02:13:22,365 [s0@group-0DB13EEF429C-StateMachineUpdater] INFO  impl.SimpleStateMachine4Testing (SimpleStateMachine4Testing.java:put(205)) - s0: put 103, m51 -> (t:1, i:103), STATEMACHINELOGENTRY, 51@client-C5396860DEC7
2023-09-01 02:13:22,366 [s0@group-0DB13EEF429C-StateMachineUpdater] WARN  server.RaftServer$Division (RaftServerImpl.java:replyPendingRequest(1769)) -    LEADER s0@group-0DB13EEF429C:t1, leader=s0, voted=s0, raftlog=Memoized:s0@group-0DB13EEF429C-SegmentedRaftLog:OPENED:c103, conf=0: peers:[s0|rpc:localhost:35361|admin:localhost:44939|client:localhost:32867|dataStream:localhost:38529|priority:0|startupRole:FOLLOWER]|listeners:[], old=null RUNNING retry cache entry of leader should be pending: 51@client-C5396860DEC7:pending
2023-09-01 02:13:22,371 [s0@group-0DB13EEF429C-StateMachineUpdater] INFO  impl.SimpleStateMachine4Testing (SimpleStateMachine4Testing.java:put(205)) - s0: put 105, m52 -> (t:1, i:105), STATEMACHINELOGENTRY, 52@client-C5396860DEC7
2023-09-01 02:13:22,371 [s0@group-0DB13EEF429C-StateMachineUpdater] WARN  server.RaftServer$Division (RaftServerImpl.java:replyPendingRequest(1769)) -    LEADER s0@group-0DB13EEF429C:t1, leader=s0, voted=s0, raftlog=Memoized:s0@group-0DB13EEF429C-SegmentedRaftLog:OPENED:c105, conf=0: peers:[s0|rpc:localhost:35361|admin:localhost:44939|client:localhost:32867|dataStream:localhost:38529|priority:0|startupRole:FOLLOWER]|listeners:[], old=null RUNNING retry cache entry of leader should be pending: 52@client-C5396860DEC7:pending
2023-09-01 02:13:22,376 [s0@group-0DB13EEF429C-StateMachineUpdater] INFO  impl.SimpleStateMachine4Testing (SimpleStateMachine4Testing.java:put(205)) - s0: put 107, m53 -> (t:1, i:107), STATEMACHINELOGENTRY, 53@client-C5396860DEC7
2023-09-01 02:13:22,377 [s0@group-0DB13EEF429C-StateMachineUpdater] WARN  server.RaftServer$Division (RaftServerImpl.java:replyPendingRequest(1769)) -    LEADER s0@group-0DB13EEF429C:t1, leader=s0, voted=s0, raftlog=Memoized:s0@group-0DB13EEF429C-SegmentedRaftLog:OPENED:c107, conf=0: peers:[s0|rpc:localhost:35361|admin:localhost:44939|client:localhost:32867|dataStream:localhost:38529|priority:0|startupRole:FOLLOWER]|listeners:[], old=null RUNNING retry cache entry of leader should be pending: 53@client-C5396860DEC7:pending
2023-09-01 02:13:22,381 [s0@group-0DB13EEF429C-StateMachineUpdater] INFO  impl.SimpleStateMachine4Testing (SimpleStateMachine4Testing.java:put(205)) - s0: put 109, m54 -> (t:1, i:109), STATEMACHINELOGENTRY, 54@client-C5396860DEC7
2023-09-01 02:13:22,381 [s0@group-0DB13EEF429C-StateMachineUpdater] WARN  server.RaftServer$Division (RaftServerImpl.java:replyPendingRequest(1769)) -    LEADER s0@group-0DB13EEF429C:t1, leader=s0, voted=s0, raftlog=Memoized:s0@group-0DB13EEF429C-SegmentedRaftLog:OPENED:c109, conf=0: peers:[s0|rpc:localhost:35361|admin:localhost:44939|client:localhost:32867|dataStream:localhost:38529|priority:0|startupRole:FOLLOWER]|listeners:[], old=null RUNNING retry cache entry of leader should be pending: 54@client-C5396860DEC7:pending
2023-09-01 02:13:22,385 [s0@group-0DB13EEF429C-StateMachineUpdater] INFO  impl.SimpleStateMachine4Testing (SimpleStateMachine4Testing.java:put(205)) - s0: put 111, m55 -> (t:1, i:111), STATEMACHINELOGENTRY, 55@client-C5396860DEC7
2023-09-01 02:13:22,385 [s0@group-0DB13EEF429C-StateMachineUpdater] WARN  server.RaftServer$Division (RaftServerImpl.java:replyPendingRequest(1769)) -    LEADER s0@group-0DB13EEF429C:t1, leader=s0, voted=s0, raftlog=Memoized:s0@group-0DB13EEF429C-SegmentedRaftLog:OPENED:c111, conf=0: peers:[s0|rpc:localhost:35361|admin:localhost:44939|client:localhost:32867|dataStream:localhost:38529|priority:0|startupRole:FOLLOWER]|listeners:[], old=null RUNNING retry cache entry of leader should be pending: 55@client-C5396860DEC7:pending
2023-09-01 02:13:22,390 [s0@group-0DB13EEF429C-StateMachineUpdater] INFO  impl.SimpleStateMachine4Testing (SimpleStateMachine4Testing.java:put(205)) - s0: put 113, m56 -> (t:1, i:113), STATEMACHINELOGENTRY, 56@client-C5396860DEC7
2023-09-01 02:13:22,390 [s0@group-0DB13EEF429C-StateMachineUpdater] WARN  server.RaftServer$Division (RaftServerImpl.java:replyPendingRequest(1769)) -    LEADER s0@group-0DB13EEF429C:t1, leader=s0, voted=s0, raftlog=Memoized:s0@group-0DB13EEF429C-SegmentedRaftLog:OPENED:c113, conf=0: peers:[s0|rpc:localhost:35361|admin:localhost:44939|client:localhost:32867|dataStream:localhost:38529|priority:0|startupRole:FOLLOWER]|listeners:[], old=null RUNNING retry cache entry of leader should be pending: 56@client-C5396860DEC7:pending
2023-09-01 02:13:22,395 [s0@group-0DB13EEF429C-StateMachineUpdater] INFO  impl.SimpleStateMachine4Testing (SimpleStateMachine4Testing.java:put(205)) - s0: put 115, m57 -> (t:1, i:115), STATEMACHINELOGENTRY, 57@client-C5396860DEC7
2023-09-01 02:13:22,395 [s0@group-0DB13EEF429C-StateMachineUpdater] WARN  server.RaftServer$Division (RaftServerImpl.java:replyPendingRequest(1769)) -    LEADER s0@group-0DB13EEF429C:t1, leader=s0, voted=s0, raftlog=Memoized:s0@group-0DB13EEF429C-SegmentedRaftLog:OPENED:c115, conf=0: peers:[s0|rpc:localhost:35361|admin:localhost:44939|client:localhost:32867|dataStream:localhost:38529|priority:0|startupRole:FOLLOWER]|listeners:[], old=null RUNNING retry cache entry of leader should be pending: 57@client-C5396860DEC7:pending
2023-09-01 02:13:22,399 [s0@group-0DB13EEF429C-StateMachineUpdater] INFO  impl.SimpleStateMachine4Testing (SimpleStateMachine4Testing.java:put(205)) - s0: put 117, m58 -> (t:1, i:117), STATEMACHINELOGENTRY, 58@client-C5396860DEC7
2023-09-01 02:13:22,399 [s0@group-0DB13EEF429C-StateMachineUpdater] WARN  server.RaftServer$Division (RaftServerImpl.java:replyPendingRequest(1769)) -    LEADER s0@group-0DB13EEF429C:t1, leader=s0, voted=s0, raftlog=Memoized:s0@group-0DB13EEF429C-SegmentedRaftLog:OPENED:c117, conf=0: peers:[s0|rpc:localhost:35361|admin:localhost:44939|client:localhost:32867|dataStream:localhost:38529|priority:0|startupRole:FOLLOWER]|listeners:[], old=null RUNNING retry cache entry of leader should be pending: 58@client-C5396860DEC7:pending
2023-09-01 02:13:22,404 [s0@group-0DB13EEF429C-StateMachineUpdater] INFO  impl.SimpleStateMachine4Testing (SimpleStateMachine4Testing.java:put(205)) - s0: put 119, m59 -> (t:1, i:119), STATEMACHINELOGENTRY, 59@client-C5396860DEC7
2023-09-01 02:13:22,404 [s0@group-0DB13EEF429C-StateMachineUpdater] WARN  server.RaftServer$Division (RaftServerImpl.java:replyPendingRequest(1769)) -    LEADER s0@group-0DB13EEF429C:t1, leader=s0, voted=s0, raftlog=Memoized:s0@group-0DB13EEF429C-SegmentedRaftLog:OPENED:c119, conf=0: peers:[s0|rpc:localhost:35361|admin:localhost:44939|client:localhost:32867|dataStream:localhost:38529|priority:0|startupRole:FOLLOWER]|listeners:[], old=null RUNNING retry cache entry of leader should be pending: 59@client-C5396860DEC7:pending
2023-09-01 02:13:22,408 [s0@group-0DB13EEF429C-StateMachineUpdater] INFO  impl.SimpleStateMachine4Testing (SimpleStateMachine4Testing.java:put(205)) - s0: put 121, m60 -> (t:1, i:121), STATEMACHINELOGENTRY, 60@client-C5396860DEC7
2023-09-01 02:13:22,408 [s0@group-0DB13EEF429C-StateMachineUpdater] WARN  server.RaftServer$Division (RaftServerImpl.java:replyPendingRequest(1769)) -    LEADER s0@group-0DB13EEF429C:t1, leader=s0, voted=s0, raftlog=Memoized:s0@group-0DB13EEF429C-SegmentedRaftLog:OPENED:c121, conf=0: peers:[s0|rpc:localhost:35361|admin:localhost:44939|client:localhost:32867|dataStream:localhost:38529|priority:0|startupRole:FOLLOWER]|listeners:[], old=null RUNNING retry cache entry of leader should be pending: 60@client-C5396860DEC7:pending
2023-09-01 02:13:22,412 [s0@group-0DB13EEF429C-StateMachineUpdater] INFO  impl.SimpleStateMachine4Testing (SimpleStateMachine4Testing.java:put(205)) - s0: put 123, m61 -> (t:1, i:123), STATEMACHINELOGENTRY, 61@client-C5396860DEC7
2023-09-01 02:13:22,412 [s0@group-0DB13EEF429C-StateMachineUpdater] WARN  server.RaftServer$Division (RaftServerImpl.java:replyPendingRequest(1769)) -    LEADER s0@group-0DB13EEF429C:t1, leader=s0, voted=s0, raftlog=Memoized:s0@group-0DB13EEF429C-SegmentedRaftLog:OPENED:c123, conf=0: peers:[s0|rpc:localhost:35361|admin:localhost:44939|client:localhost:32867|dataStream:localhost:38529|priority:0|startupRole:FOLLOWER]|listeners:[], old=null RUNNING retry cache entry of leader should be pending: 61@client-C5396860DEC7:pending
2023-09-01 02:13:22,417 [s0@group-0DB13EEF429C-StateMachineUpdater] INFO  impl.SimpleStateMachine4Testing (SimpleStateMachine4Testing.java:put(205)) - s0: put 125, m62 -> (t:1, i:125), STATEMACHINELOGENTRY, 62@client-C5396860DEC7
2023-09-01 02:13:22,417 [s0@group-0DB13EEF429C-StateMachineUpdater] WARN  server.RaftServer$Division (RaftServerImpl.java:replyPendingRequest(1769)) -    LEADER s0@group-0DB13EEF429C:t1, leader=s0, voted=s0, raftlog=Memoized:s0@group-0DB13EEF429C-SegmentedRaftLog:OPENED:c125, conf=0: peers:[s0|rpc:localhost:35361|admin:localhost:44939|client:localhost:32867|dataStream:localhost:38529|priority:0|startupRole:FOLLOWER]|listeners:[], old=null RUNNING retry cache entry of leader should be pending: 62@client-C5396860DEC7:pending
2023-09-01 02:13:22,422 [s0@group-0DB13EEF429C-StateMachineUpdater] INFO  impl.SimpleStateMachine4Testing (SimpleStateMachine4Testing.java:put(205)) - s0: put 127, m63 -> (t:1, i:127), STATEMACHINELOGENTRY, 63@client-C5396860DEC7
2023-09-01 02:13:22,422 [s0@group-0DB13EEF429C-StateMachineUpdater] WARN  server.RaftServer$Division (RaftServerImpl.java:replyPendingRequest(1769)) -    LEADER s0@group-0DB13EEF429C:t1, leader=s0, voted=s0, raftlog=Memoized:s0@group-0DB13EEF429C-SegmentedRaftLog:OPENED:c127, conf=0: peers:[s0|rpc:localhost:35361|admin:localhost:44939|client:localhost:32867|dataStream:localhost:38529|priority:0|startupRole:FOLLOWER]|listeners:[], old=null RUNNING retry cache entry of leader should be pending: 63@client-C5396860DEC7:pending
2023-09-01 02:13:22,435 [s0@group-0DB13EEF429C-StateMachineUpdater] INFO  impl.StateMachineUpdater (StateMachineUpdater.java:takeSnapshot(295)) - s0@group-0DB13EEF429C-StateMachineUpdater: Took a snapshot at index 127
2023-09-01 02:13:22,435 [s0@group-0DB13EEF429C-StateMachineUpdater] INFO  impl.StateMachineUpdater (StateMachineUpdater.java:lambda$new$0(98)) - s0@group-0DB13EEF429C-StateMachineUpdater: snapshotIndex: updateIncreasingly 63 -> 127
2023-09-01 02:13:22,435 [s0@group-0DB13EEF429C-StateMachineUpdater] INFO  raftlog.RaftLog (RaftLogBase.java:purge(315)) - s0@group-0DB13EEF429C-SegmentedRaftLog: purge 127
2023-09-01 02:13:22,435 [s0@group-0DB13EEF429C-StateMachineUpdater] INFO  raftlog.RaftLog (RaftLogBase.java:lambda$new$0(54)) - s0@group-0DB13EEF429C-SegmentedRaftLog: snapshotIndex: updateIncreasingly 63 -> 127
2023-09-01 02:13:22,435 [s0@group-0DB13EEF429C-StateMachineUpdater] INFO  raftlog.RaftLog (RaftLogBase.java:lambda$new$0(54)) - s0@group-0DB13EEF429C-SegmentedRaftLog: purgeIndex: updateToMax old=63, new=127, updated? true
2023-09-01 02:13:22,436 [s0@group-0DB13EEF429C-StateMachineUpdater] INFO  impl.SimpleStateMachine4Testing (SimpleStateMachine4Testing.java:put(205)) - s0: put 129, m64 -> (t:1, i:129), STATEMACHINELOGENTRY, 64@client-C5396860DEC7
2023-09-01 02:13:22,436 [s0@group-0DB13EEF429C-StateMachineUpdater] WARN  server.RaftServer$Division (RaftServerImpl.java:replyPendingRequest(1769)) -    LEADER s0@group-0DB13EEF429C:t1, leader=s0, voted=s0, raftlog=Memoized:s0@group-0DB13EEF429C-SegmentedRaftLog:OPENED:c130, conf=0: peers:[s0|rpc:localhost:35361|admin:localhost:44939|client:localhost:32867|dataStream:localhost:38529|priority:0|startupRole:FOLLOWER]|listeners:[], old=null RUNNING retry cache entry of leader should be pending: 64@client-C5396860DEC7:pending
2023-09-01 02:13:22,440 [s0@group-0DB13EEF429C-StateMachineUpdater] INFO  impl.SimpleStateMachine4Testing (SimpleStateMachine4Testing.java:put(205)) - s0: put 131, m65 -> (t:1, i:131), STATEMACHINELOGENTRY, 65@client-C5396860DEC7
2023-09-01 02:13:22,440 [s0@group-0DB13EEF429C-StateMachineUpdater] WARN  server.RaftServer$Division (RaftServerImpl.java:replyPendingRequest(1769)) -    LEADER s0@group-0DB13EEF429C:t1, leader=s0, voted=s0, raftlog=Memoized:s0@group-0DB13EEF429C-SegmentedRaftLog:OPENED:c132, conf=0: peers:[s0|rpc:localhost:35361|admin:localhost:44939|client:localhost:32867|dataStream:localhost:38529|priority:0|startupRole:FOLLOWER]|listeners:[], old=null RUNNING retry cache entry of leader should be pending: 65@client-C5396860DEC7:pending
2023-09-01 02:13:22,444 [s0@group-0DB13EEF429C-StateMachineUpdater] INFO  impl.SimpleStateMachine4Testing (SimpleStateMachine4Testing.java:put(205)) - s0: put 133, m66 -> (t:1, i:133), STATEMACHINELOGENTRY, 66@client-C5396860DEC7
2023-09-01 02:13:22,444 [s0@group-0DB13EEF429C-StateMachineUpdater] WARN  server.RaftServer$Division (RaftServerImpl.java:replyPendingRequest(1769)) -    LEADER s0@group-0DB13EEF429C:t1, leader=s0, voted=s0, raftlog=Memoized:s0@group-0DB13EEF429C-SegmentedRaftLog:OPENED:c134, conf=0: peers:[s0|rpc:localhost:35361|admin:localhost:44939|client:localhost:32867|dataStream:localhost:38529|priority:0|startupRole:FOLLOWER]|listeners:[], old=null RUNNING retry cache entry of leader should be pending: 66@client-C5396860DEC7:pending
2023-09-01 02:13:22,448 [s0@group-0DB13EEF429C-StateMachineUpdater] INFO  impl.SimpleStateMachine4Testing (SimpleStateMachine4Testing.java:put(205)) - s0: put 135, m67 -> (t:1, i:135), STATEMACHINELOGENTRY, 67@client-C5396860DEC7
2023-09-01 02:13:22,449 [s0@group-0DB13EEF429C-StateMachineUpdater] WARN  server.RaftServer$Division (RaftServerImpl.java:replyPendingRequest(1769)) -    LEADER s0@group-0DB13EEF429C:t1, leader=s0, voted=s0, raftlog=Memoized:s0@group-0DB13EEF429C-SegmentedRaftLog:OPENED:c136, conf=0: peers:[s0|rpc:localhost:35361|admin:localhost:44939|client:localhost:32867|dataStream:localhost:38529|priority:0|startupRole:FOLLOWER]|listeners:[], old=null RUNNING retry cache entry of leader should be pending: 67@client-C5396860DEC7:pending
2023-09-01 02:13:22,453 [s0@group-0DB13EEF429C-StateMachineUpdater] INFO  impl.SimpleStateMachine4Testing (SimpleStateMachine4Testing.java:put(205)) - s0: put 137, m68 -> (t:1, i:137), STATEMACHINELOGENTRY, 68@client-C5396860DEC7
2023-09-01 02:13:22,453 [s0@group-0DB13EEF429C-StateMachineUpdater] WARN  server.RaftServer$Division (RaftServerImpl.java:replyPendingRequest(1769)) -    LEADER s0@group-0DB13EEF429C:t1, leader=s0, voted=s0, raftlog=Memoized:s0@group-0DB13EEF429C-SegmentedRaftLog:OPENED:c137, conf=0: peers:[s0|rpc:localhost:35361|admin:localhost:44939|client:localhost:32867|dataStream:localhost:38529|priority:0|startupRole:FOLLOWER]|listeners:[], old=null RUNNING retry cache entry of leader should be pending: 68@client-C5396860DEC7:pending
2023-09-01 02:13:22,457 [s0@group-0DB13EEF429C-StateMachineUpdater] INFO  impl.SimpleStateMachine4Testing (SimpleStateMachine4Testing.java:put(205)) - s0: put 139, m69 -> (t:1, i:139), STATEMACHINELOGENTRY, 69@client-C5396860DEC7
2023-09-01 02:13:22,457 [s0@group-0DB13EEF429C-StateMachineUpdater] WARN  server.RaftServer$Division (RaftServerImpl.java:replyPendingRequest(1769)) -    LEADER s0@group-0DB13EEF429C:t1, leader=s0, voted=s0, raftlog=Memoized:s0@group-0DB13EEF429C-SegmentedRaftLog:OPENED:c139, conf=0: peers:[s0|rpc:localhost:35361|admin:localhost:44939|client:localhost:32867|dataStream:localhost:38529|priority:0|startupRole:FOLLOWER]|listeners:[], old=null RUNNING retry cache entry of leader should be pending: 69@client-C5396860DEC7:pending
2023-09-01 02:13:22,461 [s0@group-0DB13EEF429C-StateMachineUpdater] INFO  impl.SimpleStateMachine4Testing (SimpleStateMachine4Testing.java:put(205)) - s0: put 141, m70 -> (t:1, i:141), STATEMACHINELOGENTRY, 70@client-C5396860DEC7
2023-09-01 02:13:22,461 [s0@group-0DB13EEF429C-StateMachineUpdater] WARN  server.RaftServer$Division (RaftServerImpl.java:replyPendingRequest(1769)) -    LEADER s0@group-0DB13EEF429C:t1, leader=s0, voted=s0, raftlog=Memoized:s0@group-0DB13EEF429C-SegmentedRaftLog:OPENED:c141, conf=0: peers:[s0|rpc:localhost:35361|admin:localhost:44939|client:localhost:32867|dataStream:localhost:38529|priority:0|startupRole:FOLLOWER]|listeners:[], old=null RUNNING retry cache entry of leader should be pending: 70@client-C5396860DEC7:pending
2023-09-01 02:13:22,465 [s0@group-0DB13EEF429C-StateMachineUpdater] INFO  impl.SimpleStateMachine4Testing (SimpleStateMachine4Testing.java:put(205)) - s0: put 143, m71 -> (t:1, i:143), STATEMACHINELOGENTRY, 71@client-C5396860DEC7
2023-09-01 02:13:22,465 [s0@group-0DB13EEF429C-StateMachineUpdater] WARN  server.RaftServer$Division (RaftServerImpl.java:replyPendingRequest(1769)) -    LEADER s0@group-0DB13EEF429C:t1, leader=s0, voted=s0, raftlog=Memoized:s0@group-0DB13EEF429C-SegmentedRaftLog:OPENED:c143, conf=0: peers:[s0|rpc:localhost:35361|admin:localhost:44939|client:localhost:32867|dataStream:localhost:38529|priority:0|startupRole:FOLLOWER]|listeners:[], old=null RUNNING retry cache entry of leader should be pending: 71@client-C5396860DEC7:pending
2023-09-01 02:13:22,469 [s0@group-0DB13EEF429C-StateMachineUpdater] INFO  impl.SimpleStateMachine4Testing (SimpleStateMachine4Testing.java:put(205)) - s0: put 145, m72 -> (t:1, i:145), STATEMACHINELOGENTRY, 72@client-C5396860DEC7
2023-09-01 02:13:22,469 [s0@group-0DB13EEF429C-StateMachineUpdater] WARN  server.RaftServer$Division (RaftServerImpl.java:replyPendingRequest(1769)) -    LEADER s0@group-0DB13EEF429C:t1, leader=s0, voted=s0, raftlog=Memoized:s0@group-0DB13EEF429C-SegmentedRaftLog:OPENED:c145, conf=0: peers:[s0|rpc:localhost:35361|admin:localhost:44939|client:localhost:32867|dataStream:localhost:38529|priority:0|startupRole:FOLLOWER]|listeners:[], old=null RUNNING retry cache entry of leader should be pending: 72@client-C5396860DEC7:pending
2023-09-01 02:13:22,473 [s0@group-0DB13EEF429C-StateMachineUpdater] INFO  impl.SimpleStateMachine4Testing (SimpleStateMachine4Testing.java:put(205)) - s0: put 147, m73 -> (t:1, i:147), STATEMACHINELOGENTRY, 73@client-C5396860DEC7
2023-09-01 02:13:22,473 [s0@group-0DB13EEF429C-StateMachineUpdater] WARN  server.RaftServer$Division (RaftServerImpl.java:replyPendingRequest(1769)) -    LEADER s0@group-0DB13EEF429C:t1, leader=s0, voted=s0, raftlog=Memoized:s0@group-0DB13EEF429C-SegmentedRaftLog:OPENED:c147, conf=0: peers:[s0|rpc:localhost:35361|admin:localhost:44939|client:localhost:32867|dataStream:localhost:38529|priority:0|startupRole:FOLLOWER]|listeners:[], old=null RUNNING retry cache entry of leader should be pending: 73@client-C5396860DEC7:pending
2023-09-01 02:13:22,477 [s0@group-0DB13EEF429C-StateMachineUpdater] INFO  impl.SimpleStateMachine4Testing (SimpleStateMachine4Testing.java:put(205)) - s0: put 149, m74 -> (t:1, i:149), STATEMACHINELOGENTRY, 74@client-C5396860DEC7
2023-09-01 02:13:22,477 [s0@group-0DB13EEF429C-StateMachineUpdater] WARN  server.RaftServer$Division (RaftServerImpl.java:replyPendingRequest(1769)) -    LEADER s0@group-0DB13EEF429C:t1, leader=s0, voted=s0, raftlog=Memoized:s0@group-0DB13EEF429C-SegmentedRaftLog:OPENED:c149, conf=0: peers:[s0|rpc:localhost:35361|admin:localhost:44939|client:localhost:32867|dataStream:localhost:38529|priority:0|startupRole:FOLLOWER]|listeners:[], old=null RUNNING retry cache entry of leader should be pending: 74@client-C5396860DEC7:pending
2023-09-01 02:13:22,481 [s0@group-0DB13EEF429C-StateMachineUpdater] INFO  impl.SimpleStateMachine4Testing (SimpleStateMachine4Testing.java:put(205)) - s0: put 151, m75 -> (t:1, i:151), STATEMACHINELOGENTRY, 75@client-C5396860DEC7
2023-09-01 02:13:22,481 [s0@group-0DB13EEF429C-StateMachineUpdater] WARN  server.RaftServer$Division (RaftServerImpl.java:replyPendingRequest(1769)) -    LEADER s0@group-0DB13EEF429C:t1, leader=s0, voted=s0, raftlog=Memoized:s0@group-0DB13EEF429C-SegmentedRaftLog:OPENED:c151, conf=0: peers:[s0|rpc:localhost:35361|admin:localhost:44939|client:localhost:32867|dataStream:localhost:38529|priority:0|startupRole:FOLLOWER]|listeners:[], old=null RUNNING retry cache entry of leader should be pending: 75@client-C5396860DEC7:pending
2023-09-01 02:13:22,485 [s0@group-0DB13EEF429C-StateMachineUpdater] INFO  impl.SimpleStateMachine4Testing (SimpleStateMachine4Testing.java:put(205)) - s0: put 153, m76 -> (t:1, i:153), STATEMACHINELOGENTRY, 76@client-C5396860DEC7
2023-09-01 02:13:22,485 [s0@group-0DB13EEF429C-StateMachineUpdater] WARN  server.RaftServer$Division (RaftServerImpl.java:replyPendingRequest(1769)) -    LEADER s0@group-0DB13EEF429C:t1, leader=s0, voted=s0, raftlog=Memoized:s0@group-0DB13EEF429C-SegmentedRaftLog:OPENED:c153, conf=0: peers:[s0|rpc:localhost:35361|admin:localhost:44939|client:localhost:32867|dataStream:localhost:38529|priority:0|startupRole:FOLLOWER]|listeners:[], old=null RUNNING retry cache entry of leader should be pending: 76@client-C5396860DEC7:pending
2023-09-01 02:13:22,489 [s0@group-0DB13EEF429C-StateMachineUpdater] INFO  impl.SimpleStateMachine4Testing (SimpleStateMachine4Testing.java:put(205)) - s0: put 155, m77 -> (t:1, i:155), STATEMACHINELOGENTRY, 77@client-C5396860DEC7
2023-09-01 02:13:22,490 [s0@group-0DB13EEF429C-StateMachineUpdater] WARN  server.RaftServer$Division (RaftServerImpl.java:replyPendingRequest(1769)) -    LEADER s0@group-0DB13EEF429C:t1, leader=s0, voted=s0, raftlog=Memoized:s0@group-0DB13EEF429C-SegmentedRaftLog:OPENED:c155, conf=0: peers:[s0|rpc:localhost:35361|admin:localhost:44939|client:localhost:32867|dataStream:localhost:38529|priority:0|startupRole:FOLLOWER]|listeners:[], old=null RUNNING retry cache entry of leader should be pending: 77@client-C5396860DEC7:pending
2023-09-01 02:13:22,494 [s0@group-0DB13EEF429C-StateMachineUpdater] INFO  impl.SimpleStateMachine4Testing (SimpleStateMachine4Testing.java:put(205)) - s0: put 157, m78 -> (t:1, i:157), STATEMACHINELOGENTRY, 78@client-C5396860DEC7
2023-09-01 02:13:22,494 [s0@group-0DB13EEF429C-StateMachineUpdater] WARN  server.RaftServer$Division (RaftServerImpl.java:replyPendingRequest(1769)) -    LEADER s0@group-0DB13EEF429C:t1, leader=s0, voted=s0, raftlog=Memoized:s0@group-0DB13EEF429C-SegmentedRaftLog:OPENED:c157, conf=0: peers:[s0|rpc:localhost:35361|admin:localhost:44939|client:localhost:32867|dataStream:localhost:38529|priority:0|startupRole:FOLLOWER]|listeners:[], old=null RUNNING retry cache entry of leader should be pending: 78@client-C5396860DEC7:pending
2023-09-01 02:13:22,498 [s0@group-0DB13EEF429C-StateMachineUpdater] INFO  impl.SimpleStateMachine4Testing (SimpleStateMachine4Testing.java:put(205)) - s0: put 159, m79 -> (t:1, i:159), STATEMACHINELOGENTRY, 79@client-C5396860DEC7
2023-09-01 02:13:22,498 [s0@group-0DB13EEF429C-StateMachineUpdater] WARN  server.RaftServer$Division (RaftServerImpl.java:replyPendingRequest(1769)) -    LEADER s0@group-0DB13EEF429C:t1, leader=s0, voted=s0, raftlog=Memoized:s0@group-0DB13EEF429C-SegmentedRaftLog:OPENED:c159, conf=0: peers:[s0|rpc:localhost:35361|admin:localhost:44939|client:localhost:32867|dataStream:localhost:38529|priority:0|startupRole:FOLLOWER]|listeners:[], old=null RUNNING retry cache entry of leader should be pending: 79@client-C5396860DEC7:pending
2023-09-01 02:13:22,502 [s0@group-0DB13EEF429C-StateMachineUpdater] INFO  impl.SimpleStateMachine4Testing (SimpleStateMachine4Testing.java:put(205)) - s0: put 161, m80 -> (t:1, i:161), STATEMACHINELOGENTRY, 80@client-C5396860DEC7
2023-09-01 02:13:22,502 [s0@group-0DB13EEF429C-StateMachineUpdater] WARN  server.RaftServer$Division (RaftServerImpl.java:replyPendingRequest(1769)) -    LEADER s0@group-0DB13EEF429C:t1, leader=s0, voted=s0, raftlog=Memoized:s0@group-0DB13EEF429C-SegmentedRaftLog:OPENED:c161, conf=0: peers:[s0|rpc:localhost:35361|admin:localhost:44939|client:localhost:32867|dataStream:localhost:38529|priority:0|startupRole:FOLLOWER]|listeners:[], old=null RUNNING retry cache entry of leader should be pending: 80@client-C5396860DEC7:pending
2023-09-01 02:13:22,506 [s0@group-0DB13EEF429C-StateMachineUpdater] INFO  impl.SimpleStateMachine4Testing (SimpleStateMachine4Testing.java:put(205)) - s0: put 163, m81 -> (t:1, i:163), STATEMACHINELOGENTRY, 81@client-C5396860DEC7
2023-09-01 02:13:22,506 [s0@group-0DB13EEF429C-StateMachineUpdater] WARN  server.RaftServer$Division (RaftServerImpl.java:replyPendingRequest(1769)) -    LEADER s0@group-0DB13EEF429C:t1, leader=s0, voted=s0, raftlog=Memoized:s0@group-0DB13EEF429C-SegmentedRaftLog:OPENED:c163, conf=0: peers:[s0|rpc:localhost:35361|admin:localhost:44939|client:localhost:32867|dataStream:localhost:38529|priority:0|startupRole:FOLLOWER]|listeners:[], old=null RUNNING retry cache entry of leader should be pending: 81@client-C5396860DEC7:pending
2023-09-01 02:13:22,510 [s0@group-0DB13EEF429C-StateMachineUpdater] INFO  impl.SimpleStateMachine4Testing (SimpleStateMachine4Testing.java:put(205)) - s0: put 165, m82 -> (t:1, i:165), STATEMACHINELOGENTRY, 82@client-C5396860DEC7
2023-09-01 02:13:22,511 [s0@group-0DB13EEF429C-StateMachineUpdater] WARN  server.RaftServer$Division (RaftServerImpl.java:replyPendingRequest(1769)) -    LEADER s0@group-0DB13EEF429C:t1, leader=s0, voted=s0, raftlog=Memoized:s0@group-0DB13EEF429C-SegmentedRaftLog:OPENED:c165, conf=0: peers:[s0|rpc:localhost:35361|admin:localhost:44939|client:localhost:32867|dataStream:localhost:38529|priority:0|startupRole:FOLLOWER]|listeners:[], old=null RUNNING retry cache entry of leader should be pending: 82@client-C5396860DEC7:pending
2023-09-01 02:13:22,515 [s0@group-0DB13EEF429C-StateMachineUpdater] INFO  impl.SimpleStateMachine4Testing (SimpleStateMachine4Testing.java:put(205)) - s0: put 167, m83 -> (t:1, i:167), STATEMACHINELOGENTRY, 83@client-C5396860DEC7
2023-09-01 02:13:22,516 [s0@group-0DB13EEF429C-StateMachineUpdater] WARN  server.RaftServer$Division (RaftServerImpl.java:replyPendingRequest(1769)) -    LEADER s0@group-0DB13EEF429C:t1, leader=s0, voted=s0, raftlog=Memoized:s0@group-0DB13EEF429C-SegmentedRaftLog:OPENED:c167, conf=0: peers:[s0|rpc:localhost:35361|admin:localhost:44939|client:localhost:32867|dataStream:localhost:38529|priority:0|startupRole:FOLLOWER]|listeners:[], old=null RUNNING retry cache entry of leader should be pending: 83@client-C5396860DEC7:pending
2023-09-01 02:13:22,519 [s0@group-0DB13EEF429C-StateMachineUpdater] INFO  impl.SimpleStateMachine4Testing (SimpleStateMachine4Testing.java:put(205)) - s0: put 169, m84 -> (t:1, i:169), STATEMACHINELOGENTRY, 84@client-C5396860DEC7
2023-09-01 02:13:22,520 [s0@group-0DB13EEF429C-StateMachineUpdater] WARN  server.RaftServer$Division (RaftServerImpl.java:replyPendingRequest(1769)) -    LEADER s0@group-0DB13EEF429C:t1, leader=s0, voted=s0, raftlog=Memoized:s0@group-0DB13EEF429C-SegmentedRaftLog:OPENED:c169, conf=0: peers:[s0|rpc:localhost:35361|admin:localhost:44939|client:localhost:32867|dataStream:localhost:38529|priority:0|startupRole:FOLLOWER]|listeners:[], old=null RUNNING retry cache entry of leader should be pending: 84@client-C5396860DEC7:pending
2023-09-01 02:13:22,524 [s0@group-0DB13EEF429C-StateMachineUpdater] INFO  impl.SimpleStateMachine4Testing (SimpleStateMachine4Testing.java:put(205)) - s0: put 171, m85 -> (t:1, i:171), STATEMACHINELOGENTRY, 85@client-C5396860DEC7
2023-09-01 02:13:22,524 [s0@group-0DB13EEF429C-StateMachineUpdater] WARN  server.RaftServer$Division (RaftServerImpl.java:replyPendingRequest(1769)) -    LEADER s0@group-0DB13EEF429C:t1, leader=s0, voted=s0, raftlog=Memoized:s0@group-0DB13EEF429C-SegmentedRaftLog:OPENED:c171, conf=0: peers:[s0|rpc:localhost:35361|admin:localhost:44939|client:localhost:32867|dataStream:localhost:38529|priority:0|startupRole:FOLLOWER]|listeners:[], old=null RUNNING retry cache entry of leader should be pending: 85@client-C5396860DEC7:pending
2023-09-01 02:13:22,528 [s0@group-0DB13EEF429C-StateMachineUpdater] INFO  impl.SimpleStateMachine4Testing (SimpleStateMachine4Testing.java:put(205)) - s0: put 173, m86 -> (t:1, i:173), STATEMACHINELOGENTRY, 86@client-C5396860DEC7
2023-09-01 02:13:22,528 [s0@group-0DB13EEF429C-StateMachineUpdater] WARN  server.RaftServer$Division (RaftServerImpl.java:replyPendingRequest(1769)) -    LEADER s0@group-0DB13EEF429C:t1, leader=s0, voted=s0, raftlog=Memoized:s0@group-0DB13EEF429C-SegmentedRaftLog:OPENED:c173, conf=0: peers:[s0|rpc:localhost:35361|admin:localhost:44939|client:localhost:32867|dataStream:localhost:38529|priority:0|startupRole:FOLLOWER]|listeners:[], old=null RUNNING retry cache entry of leader should be pending: 86@client-C5396860DEC7:pending
2023-09-01 02:13:22,532 [s0@group-0DB13EEF429C-StateMachineUpdater] INFO  impl.SimpleStateMachine4Testing (SimpleStateMachine4Testing.java:put(205)) - s0: put 175, m87 -> (t:1, i:175), STATEMACHINELOGENTRY, 87@client-C5396860DEC7
2023-09-01 02:13:22,532 [s0@group-0DB13EEF429C-StateMachineUpdater] WARN  server.RaftServer$Division (RaftServerImpl.java:replyPendingRequest(1769)) -    LEADER s0@group-0DB13EEF429C:t1, leader=s0, voted=s0, raftlog=Memoized:s0@group-0DB13EEF429C-SegmentedRaftLog:OPENED:c175, conf=0: peers:[s0|rpc:localhost:35361|admin:localhost:44939|client:localhost:32867|dataStream:localhost:38529|priority:0|startupRole:FOLLOWER]|listeners:[], old=null RUNNING retry cache entry of leader should be pending: 87@client-C5396860DEC7:pending
2023-09-01 02:13:22,535 [s0@group-0DB13EEF429C-StateMachineUpdater] INFO  impl.SimpleStateMachine4Testing (SimpleStateMachine4Testing.java:put(205)) - s0: put 177, m88 -> (t:1, i:177), STATEMACHINELOGENTRY, 88@client-C5396860DEC7
2023-09-01 02:13:22,536 [s0@group-0DB13EEF429C-StateMachineUpdater] WARN  server.RaftServer$Division (RaftServerImpl.java:replyPendingRequest(1769)) -    LEADER s0@group-0DB13EEF429C:t1, leader=s0, voted=s0, raftlog=Memoized:s0@group-0DB13EEF429C-SegmentedRaftLog:OPENED:c177, conf=0: peers:[s0|rpc:localhost:35361|admin:localhost:44939|client:localhost:32867|dataStream:localhost:38529|priority:0|startupRole:FOLLOWER]|listeners:[], old=null RUNNING retry cache entry of leader should be pending: 88@client-C5396860DEC7:pending
2023-09-01 02:13:22,539 [s0@group-0DB13EEF429C-StateMachineUpdater] INFO  impl.SimpleStateMachine4Testing (SimpleStateMachine4Testing.java:put(205)) - s0: put 179, m89 -> (t:1, i:179), STATEMACHINELOGENTRY, 89@client-C5396860DEC7
2023-09-01 02:13:22,540 [s0@group-0DB13EEF429C-StateMachineUpdater] WARN  server.RaftServer$Division (RaftServerImpl.java:replyPendingRequest(1769)) -    LEADER s0@group-0DB13EEF429C:t1, leader=s0, voted=s0, raftlog=Memoized:s0@group-0DB13EEF429C-SegmentedRaftLog:OPENED:c179, conf=0: peers:[s0|rpc:localhost:35361|admin:localhost:44939|client:localhost:32867|dataStream:localhost:38529|priority:0|startupRole:FOLLOWER]|listeners:[], old=null RUNNING retry cache entry of leader should be pending: 89@client-C5396860DEC7:pending
2023-09-01 02:13:22,543 [s0@group-0DB13EEF429C-StateMachineUpdater] INFO  impl.SimpleStateMachine4Testing (SimpleStateMachine4Testing.java:put(205)) - s0: put 181, m90 -> (t:1, i:181), STATEMACHINELOGENTRY, 90@client-C5396860DEC7
2023-09-01 02:13:22,544 [s0@group-0DB13EEF429C-StateMachineUpdater] WARN  server.RaftServer$Division (RaftServerImpl.java:replyPendingRequest(1769)) -    LEADER s0@group-0DB13EEF429C:t1, leader=s0, voted=s0, raftlog=Memoized:s0@group-0DB13EEF429C-SegmentedRaftLog:OPENED:c181, conf=0: peers:[s0|rpc:localhost:35361|admin:localhost:44939|client:localhost:32867|dataStream:localhost:38529|priority:0|startupRole:FOLLOWER]|listeners:[], old=null RUNNING retry cache entry of leader should be pending: 90@client-C5396860DEC7:pending
2023-09-01 02:13:22,547 [s0@group-0DB13EEF429C-StateMachineUpdater] INFO  impl.SimpleStateMachine4Testing (SimpleStateMachine4Testing.java:put(205)) - s0: put 183, m91 -> (t:1, i:183), STATEMACHINELOGENTRY, 91@client-C5396860DEC7
2023-09-01 02:13:22,547 [s0@group-0DB13EEF429C-StateMachineUpdater] WARN  server.RaftServer$Division (RaftServerImpl.java:replyPendingRequest(1769)) -    LEADER s0@group-0DB13EEF429C:t1, leader=s0, voted=s0, raftlog=Memoized:s0@group-0DB13EEF429C-SegmentedRaftLog:OPENED:c183, conf=0: peers:[s0|rpc:localhost:35361|admin:localhost:44939|client:localhost:32867|dataStream:localhost:38529|priority:0|startupRole:FOLLOWER]|listeners:[], old=null RUNNING retry cache entry of leader should be pending: 91@client-C5396860DEC7:pending
2023-09-01 02:13:22,551 [s0@group-0DB13EEF429C-StateMachineUpdater] INFO  impl.SimpleStateMachine4Testing (SimpleStateMachine4Testing.java:put(205)) - s0: put 185, m92 -> (t:1, i:185), STATEMACHINELOGENTRY, 92@client-C5396860DEC7
2023-09-01 02:13:22,552 [s0@group-0DB13EEF429C-StateMachineUpdater] WARN  server.RaftServer$Division (RaftServerImpl.java:replyPendingRequest(1769)) -    LEADER s0@group-0DB13EEF429C:t1, leader=s0, voted=s0, raftlog=Memoized:s0@group-0DB13EEF429C-SegmentedRaftLog:OPENED:c185, conf=0: peers:[s0|rpc:localhost:35361|admin:localhost:44939|client:localhost:32867|dataStream:localhost:38529|priority:0|startupRole:FOLLOWER]|listeners:[], old=null RUNNING retry cache entry of leader should be pending: 92@client-C5396860DEC7:pending
2023-09-01 02:13:22,555 [s0@group-0DB13EEF429C-StateMachineUpdater] INFO  impl.SimpleStateMachine4Testing (SimpleStateMachine4Testing.java:put(205)) - s0: put 187, m93 -> (t:1, i:187), STATEMACHINELOGENTRY, 93@client-C5396860DEC7
2023-09-01 02:13:22,555 [s0@group-0DB13EEF429C-StateMachineUpdater] WARN  server.RaftServer$Division (RaftServerImpl.java:replyPendingRequest(1769)) -    LEADER s0@group-0DB13EEF429C:t1, leader=s0, voted=s0, raftlog=Memoized:s0@group-0DB13EEF429C-SegmentedRaftLog:OPENED:c187, conf=0: peers:[s0|rpc:localhost:35361|admin:localhost:44939|client:localhost:32867|dataStream:localhost:38529|priority:0|startupRole:FOLLOWER]|listeners:[], old=null RUNNING retry cache entry of leader should be pending: 93@client-C5396860DEC7:pending
2023-09-01 02:13:22,559 [s0@group-0DB13EEF429C-StateMachineUpdater] INFO  impl.SimpleStateMachine4Testing (SimpleStateMachine4Testing.java:put(205)) - s0: put 189, m94 -> (t:1, i:189), STATEMACHINELOGENTRY, 94@client-C5396860DEC7
2023-09-01 02:13:22,560 [s0@group-0DB13EEF429C-StateMachineUpdater] WARN  server.RaftServer$Division (RaftServerImpl.java:replyPendingRequest(1769)) -    LEADER s0@group-0DB13EEF429C:t1, leader=s0, voted=s0, raftlog=Memoized:s0@group-0DB13EEF429C-SegmentedRaftLog:OPENED:c189, conf=0: peers:[s0|rpc:localhost:35361|admin:localhost:44939|client:localhost:32867|dataStream:localhost:38529|priority:0|startupRole:FOLLOWER]|listeners:[], old=null RUNNING retry cache entry of leader should be pending: 94@client-C5396860DEC7:pending
2023-09-01 02:13:22,563 [s0@group-0DB13EEF429C-StateMachineUpdater] INFO  impl.SimpleStateMachine4Testing (SimpleStateMachine4Testing.java:put(205)) - s0: put 191, m95 -> (t:1, i:191), STATEMACHINELOGENTRY, 95@client-C5396860DEC7
2023-09-01 02:13:22,563 [s0@group-0DB13EEF429C-StateMachineUpdater] WARN  server.RaftServer$Division (RaftServerImpl.java:replyPendingRequest(1769)) -    LEADER s0@group-0DB13EEF429C:t1, leader=s0, voted=s0, raftlog=Memoized:s0@group-0DB13EEF429C-SegmentedRaftLog:OPENED:c191, conf=0: peers:[s0|rpc:localhost:35361|admin:localhost:44939|client:localhost:32867|dataStream:localhost:38529|priority:0|startupRole:FOLLOWER]|listeners:[], old=null RUNNING retry cache entry of leader should be pending: 95@client-C5396860DEC7:pending
2023-09-01 02:13:22,575 [s0@group-0DB13EEF429C-StateMachineUpdater] INFO  impl.StateMachineUpdater (StateMachineUpdater.java:takeSnapshot(295)) - s0@group-0DB13EEF429C-StateMachineUpdater: Took a snapshot at index 191
2023-09-01 02:13:22,575 [s0@group-0DB13EEF429C-StateMachineUpdater] INFO  impl.StateMachineUpdater (StateMachineUpdater.java:lambda$new$0(98)) - s0@group-0DB13EEF429C-StateMachineUpdater: snapshotIndex: updateIncreasingly 127 -> 191
2023-09-01 02:13:22,576 [s0@group-0DB13EEF429C-StateMachineUpdater] INFO  raftlog.RaftLog (RaftLogBase.java:purge(315)) - s0@group-0DB13EEF429C-SegmentedRaftLog: purge 191
2023-09-01 02:13:22,576 [s0@group-0DB13EEF429C-StateMachineUpdater] INFO  raftlog.RaftLog (RaftLogBase.java:lambda$new$0(54)) - s0@group-0DB13EEF429C-SegmentedRaftLog: snapshotIndex: updateIncreasingly 127 -> 191
2023-09-01 02:13:22,576 [s0@group-0DB13EEF429C-StateMachineUpdater] INFO  raftlog.RaftLog (RaftLogBase.java:lambda$new$0(54)) - s0@group-0DB13EEF429C-SegmentedRaftLog: purgeIndex: updateToMax old=127, new=191, updated? true
2023-09-01 02:13:22,576 [s0@group-0DB13EEF429C-StateMachineUpdater] INFO  impl.SimpleStateMachine4Testing (SimpleStateMachine4Testing.java:put(205)) - s0: put 193, m96 -> (t:1, i:193), STATEMACHINELOGENTRY, 96@client-C5396860DEC7
2023-09-01 02:13:22,576 [s0@group-0DB13EEF429C-StateMachineUpdater] WARN  server.RaftServer$Division (RaftServerImpl.java:replyPendingRequest(1769)) -    LEADER s0@group-0DB13EEF429C:t1, leader=s0, voted=s0, raftlog=Memoized:s0@group-0DB13EEF429C-SegmentedRaftLog:OPENED:c194, conf=0: peers:[s0|rpc:localhost:35361|admin:localhost:44939|client:localhost:32867|dataStream:localhost:38529|priority:0|startupRole:FOLLOWER]|listeners:[], old=null RUNNING retry cache entry of leader should be pending: 96@client-C5396860DEC7:pending
2023-09-01 02:13:22,580 [s0@group-0DB13EEF429C-StateMachineUpdater] INFO  impl.SimpleStateMachine4Testing (SimpleStateMachine4Testing.java:put(205)) - s0: put 195, m97 -> (t:1, i:195), STATEMACHINELOGENTRY, 97@client-C5396860DEC7
2023-09-01 02:13:22,581 [s0@group-0DB13EEF429C-StateMachineUpdater] WARN  server.RaftServer$Division (RaftServerImpl.java:replyPendingRequest(1769)) -    LEADER s0@group-0DB13EEF429C:t1, leader=s0, voted=s0, raftlog=Memoized:s0@group-0DB13EEF429C-SegmentedRaftLog:OPENED:c196, conf=0: peers:[s0|rpc:localhost:35361|admin:localhost:44939|client:localhost:32867|dataStream:localhost:38529|priority:0|startupRole:FOLLOWER]|listeners:[], old=null RUNNING retry cache entry of leader should be pending: 97@client-C5396860DEC7:pending
2023-09-01 02:13:22,584 [s0@group-0DB13EEF429C-StateMachineUpdater] INFO  impl.SimpleStateMachine4Testing (SimpleStateMachine4Testing.java:put(205)) - s0: put 197, m98 -> (t:1, i:197), STATEMACHINELOGENTRY, 98@client-C5396860DEC7
2023-09-01 02:13:22,584 [s0@group-0DB13EEF429C-StateMachineUpdater] WARN  server.RaftServer$Division (RaftServerImpl.java:replyPendingRequest(1769)) -    LEADER s0@group-0DB13EEF429C:t1, leader=s0, voted=s0, raftlog=Memoized:s0@group-0DB13EEF429C-SegmentedRaftLog:OPENED:c198, conf=0: peers:[s0|rpc:localhost:35361|admin:localhost:44939|client:localhost:32867|dataStream:localhost:38529|priority:0|startupRole:FOLLOWER]|listeners:[], old=null RUNNING retry cache entry of leader should be pending: 98@client-C5396860DEC7:pending
2023-09-01 02:13:22,588 [s0@group-0DB13EEF429C-StateMachineUpdater] INFO  impl.SimpleStateMachine4Testing (SimpleStateMachine4Testing.java:put(205)) - s0: put 199, m99 -> (t:1, i:199), STATEMACHINELOGENTRY, 99@client-C5396860DEC7
2023-09-01 02:13:22,588 [s0@group-0DB13EEF429C-StateMachineUpdater] WARN  server.RaftServer$Division (RaftServerImpl.java:replyPendingRequest(1769)) -    LEADER s0@group-0DB13EEF429C:t1, leader=s0, voted=s0, raftlog=Memoized:s0@group-0DB13EEF429C-SegmentedRaftLog:OPENED:c199, conf=0: peers:[s0|rpc:localhost:35361|admin:localhost:44939|client:localhost:32867|dataStream:localhost:38529|priority:0|startupRole:FOLLOWER]|listeners:[], old=null RUNNING retry cache entry of leader should be pending: 99@client-C5396860DEC7:pending
2023-09-01 02:13:22,592 [s0@group-0DB13EEF429C-StateMachineUpdater] INFO  impl.SimpleStateMachine4Testing (SimpleStateMachine4Testing.java:put(205)) - s0: put 201, m100 -> (t:1, i:201), STATEMACHINELOGENTRY, 100@client-C5396860DEC7
2023-09-01 02:13:22,592 [s0@group-0DB13EEF429C-StateMachineUpdater] WARN  server.RaftServer$Division (RaftServerImpl.java:replyPendingRequest(1769)) -    LEADER s0@group-0DB13EEF429C:t1, leader=s0, voted=s0, raftlog=Memoized:s0@group-0DB13EEF429C-SegmentedRaftLog:OPENED:c201, conf=0: peers:[s0|rpc:localhost:35361|admin:localhost:44939|client:localhost:32867|dataStream:localhost:38529|priority:0|startupRole:FOLLOWER]|listeners:[], old=null RUNNING retry cache entry of leader should be pending: 100@client-C5396860DEC7:pending
2023-09-01 02:13:22,595 [s0@group-0DB13EEF429C-StateMachineUpdater] INFO  impl.SimpleStateMachine4Testing (SimpleStateMachine4Testing.java:put(205)) - s0: put 203, m101 -> (t:1, i:203), STATEMACHINELOGENTRY, 101@client-C5396860DEC7
2023-09-01 02:13:22,595 [s0@group-0DB13EEF429C-StateMachineUpdater] WARN  server.RaftServer$Division (RaftServerImpl.java:replyPendingRequest(1769)) -    LEADER s0@group-0DB13EEF429C:t1, leader=s0, voted=s0, raftlog=Memoized:s0@group-0DB13EEF429C-SegmentedRaftLog:OPENED:c203, conf=0: peers:[s0|rpc:localhost:35361|admin:localhost:44939|client:localhost:32867|dataStream:localhost:38529|priority:0|startupRole:FOLLOWER]|listeners:[], old=null RUNNING retry cache entry of leader should be pending: 101@client-C5396860DEC7:pending
2023-09-01 02:13:22,599 [s0@group-0DB13EEF429C-StateMachineUpdater] INFO  impl.SimpleStateMachine4Testing (SimpleStateMachine4Testing.java:put(205)) - s0: put 205, m102 -> (t:1, i:205), STATEMACHINELOGENTRY, 102@client-C5396860DEC7
2023-09-01 02:13:22,599 [s0@group-0DB13EEF429C-StateMachineUpdater] WARN  server.RaftServer$Division (RaftServerImpl.java:replyPendingRequest(1769)) -    LEADER s0@group-0DB13EEF429C:t1, leader=s0, voted=s0, raftlog=Memoized:s0@group-0DB13EEF429C-SegmentedRaftLog:OPENED:c205, conf=0: peers:[s0|rpc:localhost:35361|admin:localhost:44939|client:localhost:32867|dataStream:localhost:38529|priority:0|startupRole:FOLLOWER]|listeners:[], old=null RUNNING retry cache entry of leader should be pending: 102@client-C5396860DEC7:pending
2023-09-01 02:13:22,603 [s0@group-0DB13EEF429C-StateMachineUpdater] INFO  impl.SimpleStateMachine4Testing (SimpleStateMachine4Testing.java:put(205)) - s0: put 207, m103 -> (t:1, i:207), STATEMACHINELOGENTRY, 103@client-C5396860DEC7
2023-09-01 02:13:22,603 [s0@group-0DB13EEF429C-StateMachineUpdater] WARN  server.RaftServer$Division (RaftServerImpl.java:replyPendingRequest(1769)) -    LEADER s0@group-0DB13EEF429C:t1, leader=s0, voted=s0, raftlog=Memoized:s0@group-0DB13EEF429C-SegmentedRaftLog:OPENED:c207, conf=0: peers:[s0|rpc:localhost:35361|admin:localhost:44939|client:localhost:32867|dataStream:localhost:38529|priority:0|startupRole:FOLLOWER]|listeners:[], old=null RUNNING retry cache entry of leader should be pending: 103@client-C5396860DEC7:pending
2023-09-01 02:13:22,610 [s0@group-0DB13EEF429C-StateMachineUpdater] INFO  impl.SimpleStateMachine4Testing (SimpleStateMachine4Testing.java:put(205)) - s0: put 209, m104 -> (t:1, i:209), STATEMACHINELOGENTRY, 104@client-C5396860DEC7
2023-09-01 02:13:22,610 [s0@group-0DB13EEF429C-StateMachineUpdater] WARN  server.RaftServer$Division (RaftServerImpl.java:replyPendingRequest(1769)) -    LEADER s0@group-0DB13EEF429C:t1, leader=s0, voted=s0, raftlog=Memoized:s0@group-0DB13EEF429C-SegmentedRaftLog:OPENED:c209, conf=0: peers:[s0|rpc:localhost:35361|admin:localhost:44939|client:localhost:32867|dataStream:localhost:38529|priority:0|startupRole:FOLLOWER]|listeners:[], old=null RUNNING retry cache entry of leader should be pending: 104@client-C5396860DEC7:pending
2023-09-01 02:13:22,614 [s0@group-0DB13EEF429C-StateMachineUpdater] INFO  impl.SimpleStateMachine4Testing (SimpleStateMachine4Testing.java:put(205)) - s0: put 211, m105 -> (t:1, i:211), STATEMACHINELOGENTRY, 105@client-C5396860DEC7
2023-09-01 02:13:22,614 [s0@group-0DB13EEF429C-StateMachineUpdater] WARN  server.RaftServer$Division (RaftServerImpl.java:replyPendingRequest(1769)) -    LEADER s0@group-0DB13EEF429C:t1, leader=s0, voted=s0, raftlog=Memoized:s0@group-0DB13EEF429C-SegmentedRaftLog:OPENED:c211, conf=0: peers:[s0|rpc:localhost:35361|admin:localhost:44939|client:localhost:32867|dataStream:localhost:38529|priority:0|startupRole:FOLLOWER]|listeners:[], old=null RUNNING retry cache entry of leader should be pending: 105@client-C5396860DEC7:pending
2023-09-01 02:13:22,617 [s0@group-0DB13EEF429C-StateMachineUpdater] INFO  impl.SimpleStateMachine4Testing (SimpleStateMachine4Testing.java:put(205)) - s0: put 213, m106 -> (t:1, i:213), STATEMACHINELOGENTRY, 106@client-C5396860DEC7
2023-09-01 02:13:22,618 [s0@group-0DB13EEF429C-StateMachineUpdater] WARN  server.RaftServer$Division (RaftServerImpl.java:replyPendingRequest(1769)) -    LEADER s0@group-0DB13EEF429C:t1, leader=s0, voted=s0, raftlog=Memoized:s0@group-0DB13EEF429C-SegmentedRaftLog:OPENED:c213, conf=0: peers:[s0|rpc:localhost:35361|admin:localhost:44939|client:localhost:32867|dataStream:localhost:38529|priority:0|startupRole:FOLLOWER]|listeners:[], old=null RUNNING retry cache entry of leader should be pending: 106@client-C5396860DEC7:pending
2023-09-01 02:13:22,625 [s0@group-0DB13EEF429C-StateMachineUpdater] INFO  impl.SimpleStateMachine4Testing (SimpleStateMachine4Testing.java:put(205)) - s0: put 215, m107 -> (t:1, i:215), STATEMACHINELOGENTRY, 107@client-C5396860DEC7
2023-09-01 02:13:22,625 [s0@group-0DB13EEF429C-StateMachineUpdater] WARN  server.RaftServer$Division (RaftServerImpl.java:replyPendingRequest(1769)) -    LEADER s0@group-0DB13EEF429C:t1, leader=s0, voted=s0, raftlog=Memoized:s0@group-0DB13EEF429C-SegmentedRaftLog:OPENED:c215, conf=0: peers:[s0|rpc:localhost:35361|admin:localhost:44939|client:localhost:32867|dataStream:localhost:38529|priority:0|startupRole:FOLLOWER]|listeners:[], old=null RUNNING retry cache entry of leader should be pending: 107@client-C5396860DEC7:pending
2023-09-01 02:13:22,629 [s0@group-0DB13EEF429C-StateMachineUpdater] INFO  impl.SimpleStateMachine4Testing (SimpleStateMachine4Testing.java:put(205)) - s0: put 217, m108 -> (t:1, i:217), STATEMACHINELOGENTRY, 108@client-C5396860DEC7
2023-09-01 02:13:22,629 [s0@group-0DB13EEF429C-StateMachineUpdater] WARN  server.RaftServer$Division (RaftServerImpl.java:replyPendingRequest(1769)) -    LEADER s0@group-0DB13EEF429C:t1, leader=s0, voted=s0, raftlog=Memoized:s0@group-0DB13EEF429C-SegmentedRaftLog:OPENED:c217, conf=0: peers:[s0|rpc:localhost:35361|admin:localhost:44939|client:localhost:32867|dataStream:localhost:38529|priority:0|startupRole:FOLLOWER]|listeners:[], old=null RUNNING retry cache entry of leader should be pending: 108@client-C5396860DEC7:pending
2023-09-01 02:13:22,632 [s0@group-0DB13EEF429C-StateMachineUpdater] INFO  impl.SimpleStateMachine4Testing (SimpleStateMachine4Testing.java:put(205)) - s0: put 219, m109 -> (t:1, i:219), STATEMACHINELOGENTRY, 109@client-C5396860DEC7
2023-09-01 02:13:22,633 [s0@group-0DB13EEF429C-StateMachineUpdater] WARN  server.RaftServer$Division (RaftServerImpl.java:replyPendingRequest(1769)) -    LEADER s0@group-0DB13EEF429C:t1, leader=s0, voted=s0, raftlog=Memoized:s0@group-0DB13EEF429C-SegmentedRaftLog:OPENED:c219, conf=0: peers:[s0|rpc:localhost:35361|admin:localhost:44939|client:localhost:32867|dataStream:localhost:38529|priority:0|startupRole:FOLLOWER]|listeners:[], old=null RUNNING retry cache entry of leader should be pending: 109@client-C5396860DEC7:pending
2023-09-01 02:13:22,636 [s0@group-0DB13EEF429C-StateMachineUpdater] INFO  impl.SimpleStateMachine4Testing (SimpleStateMachine4Testing.java:put(205)) - s0: put 221, m110 -> (t:1, i:221), STATEMACHINELOGENTRY, 110@client-C5396860DEC7
2023-09-01 02:13:22,636 [s0@group-0DB13EEF429C-StateMachineUpdater] WARN  server.RaftServer$Division (RaftServerImpl.java:replyPendingRequest(1769)) -    LEADER s0@group-0DB13EEF429C:t1, leader=s0, voted=s0, raftlog=Memoized:s0@group-0DB13EEF429C-SegmentedRaftLog:OPENED:c221, conf=0: peers:[s0|rpc:localhost:35361|admin:localhost:44939|client:localhost:32867|dataStream:localhost:38529|priority:0|startupRole:FOLLOWER]|listeners:[], old=null RUNNING retry cache entry of leader should be pending: 110@client-C5396860DEC7:pending
2023-09-01 02:13:22,643 [s0@group-0DB13EEF429C-StateMachineUpdater] INFO  impl.SimpleStateMachine4Testing (SimpleStateMachine4Testing.java:put(205)) - s0: put 223, m111 -> (t:1, i:223), STATEMACHINELOGENTRY, 111@client-C5396860DEC7
2023-09-01 02:13:22,644 [s0@group-0DB13EEF429C-StateMachineUpdater] WARN  server.RaftServer$Division (RaftServerImpl.java:replyPendingRequest(1769)) -    LEADER s0@group-0DB13EEF429C:t1, leader=s0, voted=s0, raftlog=Memoized:s0@group-0DB13EEF429C-SegmentedRaftLog:OPENED:c223, conf=0: peers:[s0|rpc:localhost:35361|admin:localhost:44939|client:localhost:32867|dataStream:localhost:38529|priority:0|startupRole:FOLLOWER]|listeners:[], old=null RUNNING retry cache entry of leader should be pending: 111@client-C5396860DEC7:pending
2023-09-01 02:13:22,647 [s0@group-0DB13EEF429C-StateMachineUpdater] INFO  impl.SimpleStateMachine4Testing (SimpleStateMachine4Testing.java:put(205)) - s0: put 225, m112 -> (t:1, i:225), STATEMACHINELOGENTRY, 112@client-C5396860DEC7
2023-09-01 02:13:22,647 [s0@group-0DB13EEF429C-StateMachineUpdater] WARN  server.RaftServer$Division (RaftServerImpl.java:replyPendingRequest(1769)) -    LEADER s0@group-0DB13EEF429C:t1, leader=s0, voted=s0, raftlog=Memoized:s0@group-0DB13EEF429C-SegmentedRaftLog:OPENED:c225, conf=0: peers:[s0|rpc:localhost:35361|admin:localhost:44939|client:localhost:32867|dataStream:localhost:38529|priority:0|startupRole:FOLLOWER]|listeners:[], old=null RUNNING retry cache entry of leader should be pending: 112@client-C5396860DEC7:pending
2023-09-01 02:13:22,650 [s0@group-0DB13EEF429C-StateMachineUpdater] INFO  impl.SimpleStateMachine4Testing (SimpleStateMachine4Testing.java:put(205)) - s0: put 227, m113 -> (t:1, i:227), STATEMACHINELOGENTRY, 113@client-C5396860DEC7
2023-09-01 02:13:22,650 [s0@group-0DB13EEF429C-StateMachineUpdater] WARN  server.RaftServer$Division (RaftServerImpl.java:replyPendingRequest(1769)) -    LEADER s0@group-0DB13EEF429C:t1, leader=s0, voted=s0, raftlog=Memoized:s0@group-0DB13EEF429C-SegmentedRaftLog:OPENED:c227, conf=0: peers:[s0|rpc:localhost:35361|admin:localhost:44939|client:localhost:32867|dataStream:localhost:38529|priority:0|startupRole:FOLLOWER]|listeners:[], old=null RUNNING retry cache entry of leader should be pending: 113@client-C5396860DEC7:pending
2023-09-01 02:13:22,654 [s0@group-0DB13EEF429C-StateMachineUpdater] INFO  impl.SimpleStateMachine4Testing (SimpleStateMachine4Testing.java:put(205)) - s0: put 229, m114 -> (t:1, i:229), STATEMACHINELOGENTRY, 114@client-C5396860DEC7
2023-09-01 02:13:22,654 [s0@group-0DB13EEF429C-StateMachineUpdater] WARN  server.RaftServer$Division (RaftServerImpl.java:replyPendingRequest(1769)) -    LEADER s0@group-0DB13EEF429C:t1, leader=s0, voted=s0, raftlog=Memoized:s0@group-0DB13EEF429C-SegmentedRaftLog:OPENED:c229, conf=0: peers:[s0|rpc:localhost:35361|admin:localhost:44939|client:localhost:32867|dataStream:localhost:38529|priority:0|startupRole:FOLLOWER]|listeners:[], old=null RUNNING retry cache entry of leader should be pending: 114@client-C5396860DEC7:pending
2023-09-01 02:13:22,657 [s0@group-0DB13EEF429C-StateMachineUpdater] INFO  impl.SimpleStateMachine4Testing (SimpleStateMachine4Testing.java:put(205)) - s0: put 231, m115 -> (t:1, i:231), STATEMACHINELOGENTRY, 115@client-C5396860DEC7
2023-09-01 02:13:22,657 [s0@group-0DB13EEF429C-StateMachineUpdater] WARN  server.RaftServer$Division (RaftServerImpl.java:replyPendingRequest(1769)) -    LEADER s0@group-0DB13EEF429C:t1, leader=s0, voted=s0, raftlog=Memoized:s0@group-0DB13EEF429C-SegmentedRaftLog:OPENED:c231, conf=0: peers:[s0|rpc:localhost:35361|admin:localhost:44939|client:localhost:32867|dataStream:localhost:38529|priority:0|startupRole:FOLLOWER]|listeners:[], old=null RUNNING retry cache entry of leader should be pending: 115@client-C5396860DEC7:pending
2023-09-01 02:13:22,660 [s0@group-0DB13EEF429C-StateMachineUpdater] INFO  impl.SimpleStateMachine4Testing (SimpleStateMachine4Testing.java:put(205)) - s0: put 233, m116 -> (t:1, i:233), STATEMACHINELOGENTRY, 116@client-C5396860DEC7
2023-09-01 02:13:22,661 [s0@group-0DB13EEF429C-StateMachineUpdater] WARN  server.RaftServer$Division (RaftServerImpl.java:replyPendingRequest(1769)) -    LEADER s0@group-0DB13EEF429C:t1, leader=s0, voted=s0, raftlog=Memoized:s0@group-0DB13EEF429C-SegmentedRaftLog:OPENED:c233, conf=0: peers:[s0|rpc:localhost:35361|admin:localhost:44939|client:localhost:32867|dataStream:localhost:38529|priority:0|startupRole:FOLLOWER]|listeners:[], old=null RUNNING retry cache entry of leader should be pending: 116@client-C5396860DEC7:pending
2023-09-01 02:13:22,664 [s0@group-0DB13EEF429C-StateMachineUpdater] INFO  impl.SimpleStateMachine4Testing (SimpleStateMachine4Testing.java:put(205)) - s0: put 235, m117 -> (t:1, i:235), STATEMACHINELOGENTRY, 117@client-C5396860DEC7
2023-09-01 02:13:22,664 [s0@group-0DB13EEF429C-StateMachineUpdater] WARN  server.RaftServer$Division (RaftServerImpl.java:replyPendingRequest(1769)) -    LEADER s0@group-0DB13EEF429C:t1, leader=s0, voted=s0, raftlog=Memoized:s0@group-0DB13EEF429C-SegmentedRaftLog:OPENED:c235, conf=0: peers:[s0|rpc:localhost:35361|admin:localhost:44939|client:localhost:32867|dataStream:localhost:38529|priority:0|startupRole:FOLLOWER]|listeners:[], old=null RUNNING retry cache entry of leader should be pending: 117@client-C5396860DEC7:pending
2023-09-01 02:13:22,673 [s0@group-0DB13EEF429C-StateMachineUpdater] INFO  impl.SimpleStateMachine4Testing (SimpleStateMachine4Testing.java:put(205)) - s0: put 237, m118 -> (t:1, i:237), STATEMACHINELOGENTRY, 118@client-C5396860DEC7
2023-09-01 02:13:22,673 [s0@group-0DB13EEF429C-StateMachineUpdater] WARN  server.RaftServer$Division (RaftServerImpl.java:replyPendingRequest(1769)) -    LEADER s0@group-0DB13EEF429C:t1, leader=s0, voted=s0, raftlog=Memoized:s0@group-0DB13EEF429C-SegmentedRaftLog:OPENED:c237, conf=0: peers:[s0|rpc:localhost:35361|admin:localhost:44939|client:localhost:32867|dataStream:localhost:38529|priority:0|startupRole:FOLLOWER]|listeners:[], old=null RUNNING retry cache entry of leader should be pending: 118@client-C5396860DEC7:pending
2023-09-01 02:13:22,676 [s0@group-0DB13EEF429C-StateMachineUpdater] INFO  impl.SimpleStateMachine4Testing (SimpleStateMachine4Testing.java:put(205)) - s0: put 239, m119 -> (t:1, i:239), STATEMACHINELOGENTRY, 119@client-C5396860DEC7
2023-09-01 02:13:22,676 [s0@group-0DB13EEF429C-StateMachineUpdater] WARN  server.RaftServer$Division (RaftServerImpl.java:replyPendingRequest(1769)) -    LEADER s0@group-0DB13EEF429C:t1, leader=s0, voted=s0, raftlog=Memoized:s0@group-0DB13EEF429C-SegmentedRaftLog:OPENED:c239, conf=0: peers:[s0|rpc:localhost:35361|admin:localhost:44939|client:localhost:32867|dataStream:localhost:38529|priority:0|startupRole:FOLLOWER]|listeners:[], old=null RUNNING retry cache entry of leader should be pending: 119@client-C5396860DEC7:pending
2023-09-01 02:13:22,682 [s0@group-0DB13EEF429C-StateMachineUpdater] INFO  impl.SimpleStateMachine4Testing (SimpleStateMachine4Testing.java:put(205)) - s0: put 241, m120 -> (t:1, i:241), STATEMACHINELOGENTRY, 120@client-C5396860DEC7
2023-09-01 02:13:22,682 [s0@group-0DB13EEF429C-StateMachineUpdater] WARN  server.RaftServer$Division (RaftServerImpl.java:replyPendingRequest(1769)) -    LEADER s0@group-0DB13EEF429C:t1, leader=s0, voted=s0, raftlog=Memoized:s0@group-0DB13EEF429C-SegmentedRaftLog:OPENED:c241, conf=0: peers:[s0|rpc:localhost:35361|admin:localhost:44939|client:localhost:32867|dataStream:localhost:38529|priority:0|startupRole:FOLLOWER]|listeners:[], old=null RUNNING retry cache entry of leader should be pending: 120@client-C5396860DEC7:pending
2023-09-01 02:13:22,685 [s0@group-0DB13EEF429C-StateMachineUpdater] INFO  impl.SimpleStateMachine4Testing (SimpleStateMachine4Testing.java:put(205)) - s0: put 243, m121 -> (t:1, i:243), STATEMACHINELOGENTRY, 121@client-C5396860DEC7
2023-09-01 02:13:22,685 [s0@group-0DB13EEF429C-StateMachineUpdater] WARN  server.RaftServer$Division (RaftServerImpl.java:replyPendingRequest(1769)) -    LEADER s0@group-0DB13EEF429C:t1, leader=s0, voted=s0, raftlog=Memoized:s0@group-0DB13EEF429C-SegmentedRaftLog:OPENED:c243, conf=0: peers:[s0|rpc:localhost:35361|admin:localhost:44939|client:localhost:32867|dataStream:localhost:38529|priority:0|startupRole:FOLLOWER]|listeners:[], old=null RUNNING retry cache entry of leader should be pending: 121@client-C5396860DEC7:pending
2023-09-01 02:13:22,687 [s0@group-0DB13EEF429C-StateMachineUpdater] INFO  impl.SimpleStateMachine4Testing (SimpleStateMachine4Testing.java:put(205)) - s0: put 245, m122 -> (t:1, i:245), STATEMACHINELOGENTRY, 122@client-C5396860DEC7
2023-09-01 02:13:22,688 [s0@group-0DB13EEF429C-StateMachineUpdater] WARN  server.RaftServer$Division (RaftServerImpl.java:replyPendingRequest(1769)) -    LEADER s0@group-0DB13EEF429C:t1, leader=s0, voted=s0, raftlog=Memoized:s0@group-0DB13EEF429C-SegmentedRaftLog:OPENED:c245, conf=0: peers:[s0|rpc:localhost:35361|admin:localhost:44939|client:localhost:32867|dataStream:localhost:38529|priority:0|startupRole:FOLLOWER]|listeners:[], old=null RUNNING retry cache entry of leader should be pending: 122@client-C5396860DEC7:pending
2023-09-01 02:13:22,691 [s0@group-0DB13EEF429C-StateMachineUpdater] INFO  impl.SimpleStateMachine4Testing (SimpleStateMachine4Testing.java:put(205)) - s0: put 247, m123 -> (t:1, i:247), STATEMACHINELOGENTRY, 123@client-C5396860DEC7
2023-09-01 02:13:22,691 [s0@group-0DB13EEF429C-StateMachineUpdater] WARN  server.RaftServer$Division (RaftServerImpl.java:replyPendingRequest(1769)) -    LEADER s0@group-0DB13EEF429C:t1, leader=s0, voted=s0, raftlog=Memoized:s0@group-0DB13EEF429C-SegmentedRaftLog:OPENED:c247, conf=0: peers:[s0|rpc:localhost:35361|admin:localhost:44939|client:localhost:32867|dataStream:localhost:38529|priority:0|startupRole:FOLLOWER]|listeners:[], old=null RUNNING retry cache entry of leader should be pending: 123@client-C5396860DEC7:pending
2023-09-01 02:13:22,693 [s0@group-0DB13EEF429C-StateMachineUpdater] INFO  impl.SimpleStateMachine4Testing (SimpleStateMachine4Testing.java:put(205)) - s0: put 249, m124 -> (t:1, i:249), STATEMACHINELOGENTRY, 124@client-C5396860DEC7
2023-09-01 02:13:22,694 [s0@group-0DB13EEF429C-StateMachineUpdater] WARN  server.RaftServer$Division (RaftServerImpl.java:replyPendingRequest(1769)) -    LEADER s0@group-0DB13EEF429C:t1, leader=s0, voted=s0, raftlog=Memoized:s0@group-0DB13EEF429C-SegmentedRaftLog:OPENED:c249, conf=0: peers:[s0|rpc:localhost:35361|admin:localhost:44939|client:localhost:32867|dataStream:localhost:38529|priority:0|startupRole:FOLLOWER]|listeners:[], old=null RUNNING retry cache entry of leader should be pending: 124@client-C5396860DEC7:pending
2023-09-01 02:13:22,696 [s0@group-0DB13EEF429C-StateMachineUpdater] INFO  impl.SimpleStateMachine4Testing (SimpleStateMachine4Testing.java:put(205)) - s0: put 251, m125 -> (t:1, i:251), STATEMACHINELOGENTRY, 125@client-C5396860DEC7
2023-09-01 02:13:22,697 [s0@group-0DB13EEF429C-StateMachineUpdater] WARN  server.RaftServer$Division (RaftServerImpl.java:replyPendingRequest(1769)) -    LEADER s0@group-0DB13EEF429C:t1, leader=s0, voted=s0, raftlog=Memoized:s0@group-0DB13EEF429C-SegmentedRaftLog:OPENED:c251, conf=0: peers:[s0|rpc:localhost:35361|admin:localhost:44939|client:localhost:32867|dataStream:localhost:38529|priority:0|startupRole:FOLLOWER]|listeners:[], old=null RUNNING retry cache entry of leader should be pending: 125@client-C5396860DEC7:pending
2023-09-01 02:13:22,700 [s0@group-0DB13EEF429C-StateMachineUpdater] INFO  impl.SimpleStateMachine4Testing (SimpleStateMachine4Testing.java:put(205)) - s0: put 253, m126 -> (t:1, i:253), STATEMACHINELOGENTRY, 126@client-C5396860DEC7
2023-09-01 02:13:22,701 [s0@group-0DB13EEF429C-StateMachineUpdater] WARN  server.RaftServer$Division (RaftServerImpl.java:replyPendingRequest(1769)) -    LEADER s0@group-0DB13EEF429C:t1, leader=s0, voted=s0, raftlog=Memoized:s0@group-0DB13EEF429C-SegmentedRaftLog:OPENED:c253, conf=0: peers:[s0|rpc:localhost:35361|admin:localhost:44939|client:localhost:32867|dataStream:localhost:38529|priority:0|startupRole:FOLLOWER]|listeners:[], old=null RUNNING retry cache entry of leader should be pending: 126@client-C5396860DEC7:pending
2023-09-01 02:13:22,717 [s0-server-thread1] INFO  server.RaftServer$Division (RaftServerImpl.java:takeSnapshotAsync(1169)) - s0@group-0DB13EEF429C: takeSnapshotAsync SnapshotManagementRequest:client-C5396860DEC7->s0@group-0DB13EEF429C, cid=127, seq=0, RO, null, Create:
2023-09-01 02:13:22,718 [s0-server-thread1] INFO  server.RaftServerConfigKeys (ConfUtils.java:logGet(46)) - raft.server.snapshot.creation.gap = 1024 (default)
2023-09-01 02:13:22,728 [Time-limited test] INFO  impl.MiniRaftCluster (MiniRaftCluster.java:addNewPeers(464)) - Add new peers [s1, s2]
2023-09-01 02:13:22,728 [Time-limited test] INFO  impl.MiniRaftCluster (MiniRaftCluster.java:newRaftServer(382)) - newRaftServer: s1, group-0DB13EEF429C:[], format? true
2023-09-01 02:13:22,729 [Time-limited test] TRACE util.FileUtils (FileUtils.java:deleteFully(201)) - deleteFully target/test/data/1f94b248/MiniRaftClusterWithGrpc9e69d58d/s1
2023-09-01 02:13:22,729 [Time-limited test] TRACE util.FileUtils (FileUtils.java:deleteFully(217)) - deleteFully: target/test/data/1f94b248/MiniRaftClusterWithGrpc9e69d58d/s1 does not exist.
2023-09-01 02:13:22,729 [Time-limited test] INFO  impl.MiniRaftCluster (MiniRaftCluster.java:newRaftServer(387)) - Formatted directory target/test/data/1f94b248/MiniRaftClusterWithGrpc9e69d58d/s1
2023-09-01 02:13:22,729 [Time-limited test] INFO  server.RaftServer (ConfUtils.java:logGet(46)) - raft.rpc.type = GRPC (default)
2023-09-01 02:13:22,729 [Time-limited test] INFO  grpc.GrpcConfigKeys (ConfUtils.java:logFallback(53)) - raft.grpc.admin.host = null (fallback to raft.grpc.server.host)
2023-09-01 02:13:22,730 [Time-limited test] INFO  grpc.GrpcConfigKeys (ConfUtils.java:logFallback(53)) - raft.grpc.admin.port = 46015 (fallback to raft.grpc.server.port)
2023-09-01 02:13:22,730 [Time-limited test] INFO  grpc.GrpcConfigKeys (ConfUtils.java:logFallback(53)) - raft.grpc.client.host = null (fallback to raft.grpc.server.host)
2023-09-01 02:13:22,730 [Time-limited test] INFO  grpc.GrpcConfigKeys (ConfUtils.java:logFallback(53)) - raft.grpc.client.port = 46015 (fallback to raft.grpc.server.port)
2023-09-01 02:13:22,730 [Time-limited test] INFO  grpc.GrpcConfigKeys (ConfUtils.java:logGet(46)) - raft.grpc.server.host = null (default)
2023-09-01 02:13:22,730 [Time-limited test] INFO  grpc.GrpcConfigKeys (ConfUtils.java:logGet(46)) - raft.grpc.server.port = 46015 (custom)
2023-09-01 02:13:22,730 [Time-limited test] INFO  server.GrpcService (ConfUtils.java:logGet(46)) - raft.grpc.message.size.max = 64MB (=67108864) (default)
2023-09-01 02:13:22,730 [Time-limited test] INFO  server.RaftServerConfigKeys (ConfUtils.java:logGet(46)) - raft.server.log.appender.buffer.byte-limit = 4MB (=4194304) (default)
2023-09-01 02:13:22,730 [Time-limited test] INFO  server.GrpcService (ConfUtils.java:logGet(46)) - raft.grpc.flow.control.window = 1MB (=1048576) (default)
2023-09-01 02:13:22,730 [Time-limited test] INFO  server.RaftServerConfigKeys (ConfUtils.java:logGet(46)) - raft.server.rpc.request.timeout = 3000ms (default)
2023-09-01 02:13:22,730 [Time-limited test] INFO  grpc.GrpcConfigKeys (ConfUtils.java:logGet(46)) - raft.grpc.server.heartbeat.channel = false (custom)
2023-09-01 02:13:22,731 [Time-limited test] INFO  grpc.GrpcConfigKeys (ConfUtils.java:logGet(46)) - raft.grpc.server.async.request.thread.pool.cached = true (default)
2023-09-01 02:13:22,731 [Time-limited test] INFO  grpc.GrpcConfigKeys (ConfUtils.java:logGet(46)) - raft.grpc.server.async.request.thread.pool.size = 32 (default)
2023-09-01 02:13:22,731 [Time-limited test] INFO  impl.DataStreamServerImpl (ConfUtils.java:logGet(46)) - raft.datastream.type = DISABLED (default)
2023-09-01 02:13:22,731 [Time-limited test] INFO  server.RaftServerConfigKeys (ConfUtils.java:logGet(46)) - raft.server.threadpool.proxy.cached = true (default)
2023-09-01 02:13:22,732 [Time-limited test] INFO  server.RaftServerConfigKeys (ConfUtils.java:logGet(46)) - raft.server.threadpool.proxy.size = 0 (default)
2023-09-01 02:13:22,732 [Time-limited test] INFO  server.RaftServerConfigKeys (ConfUtils.java:logGet(46)) - raft.server.sleep.deviation.threshold = 300ms (default)
2023-09-01 02:13:22,732 [Time-limited test] INFO  server.RaftServerConfigKeys (ConfUtils.java:logGet(46)) - raft.server.rpc.slowness.timeout = 60s (default)
2023-09-01 02:13:22,732 [Time-limited test] INFO  server.RaftServerConfigKeys (ConfUtils.java:logGet(46)) - raft.server.leaderelection.leader.step-down.wait-time = 10s (default)
2023-09-01 02:13:22,732 [Time-limited test] INFO  server.RaftServerConfigKeys (ConfUtils.java:logGet(46)) - raft.server.storage.dir = [/home/runner/work/ratis/ratis/ratis-test/target/test/data/1f94b248/MiniRaftClusterWithGrpc9e69d58d/s1] (custom)
2023-09-01 02:13:22,745 [Time-limited test] INFO  server.RaftServer (RaftServerProxy.java:addNew(99)) - s1: addNew group-0DB13EEF429C:[] returns group-0DB13EEF429C:java.util.concurrent.CompletableFuture@e3f4bef[Not completed]
2023-09-01 02:13:22,746 [Time-limited test] INFO  impl.MiniRaftCluster (MiniRaftCluster.java:newRaftServer(382)) - newRaftServer: s2, group-0DB13EEF429C:[], format? true
2023-09-01 02:13:22,746 [Time-limited test] TRACE util.FileUtils (FileUtils.java:deleteFully(201)) - deleteFully target/test/data/1f94b248/MiniRaftClusterWithGrpc9e69d58d/s2
2023-09-01 02:13:22,746 [s1-groupManagement] INFO  server.RaftServerConfigKeys (ConfUtils.java:logGet(46)) - raft.server.log.segment.size.max = 8MB (=8388608) (default)
2023-09-01 02:13:22,746 [Time-limited test] TRACE util.FileUtils (FileUtils.java:deleteFully(217)) - deleteFully: target/test/data/1f94b248/MiniRaftClusterWithGrpc9e69d58d/s2 does not exist.
2023-09-01 02:13:22,746 [Time-limited test] INFO  impl.MiniRaftCluster (MiniRaftCluster.java:newRaftServer(387)) - Formatted directory target/test/data/1f94b248/MiniRaftClusterWithGrpc9e69d58d/s2
2023-09-01 02:13:22,746 [Time-limited test] INFO  server.RaftServer (ConfUtils.java:logGet(46)) - raft.rpc.type = GRPC (default)
2023-09-01 02:13:22,747 [Time-limited test] INFO  grpc.GrpcConfigKeys (ConfUtils.java:logFallback(53)) - raft.grpc.admin.host = null (fallback to raft.grpc.server.host)
2023-09-01 02:13:22,747 [Time-limited test] INFO  grpc.GrpcConfigKeys (ConfUtils.java:logFallback(53)) - raft.grpc.admin.port = 40595 (fallback to raft.grpc.server.port)
2023-09-01 02:13:22,747 [Time-limited test] INFO  grpc.GrpcConfigKeys (ConfUtils.java:logFallback(53)) - raft.grpc.client.host = null (fallback to raft.grpc.server.host)
2023-09-01 02:13:22,747 [Time-limited test] INFO  grpc.GrpcConfigKeys (ConfUtils.java:logFallback(53)) - raft.grpc.client.port = 40595 (fallback to raft.grpc.server.port)
2023-09-01 02:13:22,747 [Time-limited test] INFO  grpc.GrpcConfigKeys (ConfUtils.java:logGet(46)) - raft.grpc.server.host = null (default)
2023-09-01 02:13:22,747 [Time-limited test] INFO  grpc.GrpcConfigKeys (ConfUtils.java:logGet(46)) - raft.grpc.server.port = 40595 (custom)
2023-09-01 02:13:22,747 [Time-limited test] INFO  server.GrpcService (ConfUtils.java:logGet(46)) - raft.grpc.message.size.max = 64MB (=67108864) (default)
2023-09-01 02:13:22,747 [Time-limited test] INFO  server.RaftServerConfigKeys (ConfUtils.java:logGet(46)) - raft.server.log.appender.buffer.byte-limit = 4MB (=4194304) (default)
2023-09-01 02:13:22,747 [Time-limited test] INFO  server.GrpcService (ConfUtils.java:logGet(46)) - raft.grpc.flow.control.window = 1MB (=1048576) (default)
2023-09-01 02:13:22,747 [Time-limited test] INFO  server.RaftServerConfigKeys (ConfUtils.java:logGet(46)) - raft.server.rpc.request.timeout = 3000ms (default)
2023-09-01 02:13:22,748 [Time-limited test] INFO  grpc.GrpcConfigKeys (ConfUtils.java:logGet(46)) - raft.grpc.server.heartbeat.channel = false (custom)
2023-09-01 02:13:22,748 [Time-limited test] INFO  grpc.GrpcConfigKeys (ConfUtils.java:logGet(46)) - raft.grpc.server.async.request.thread.pool.cached = true (default)
2023-09-01 02:13:22,748 [Time-limited test] INFO  grpc.GrpcConfigKeys (ConfUtils.java:logGet(46)) - raft.grpc.server.async.request.thread.pool.size = 32 (default)
2023-09-01 02:13:22,748 [Time-limited test] INFO  impl.DataStreamServerImpl (ConfUtils.java:logGet(46)) - raft.datastream.type = DISABLED (default)
2023-09-01 02:13:22,749 [Time-limited test] INFO  server.RaftServerConfigKeys (ConfUtils.java:logGet(46)) - raft.server.threadpool.proxy.cached = true (default)
2023-09-01 02:13:22,749 [Time-limited test] INFO  server.RaftServerConfigKeys (ConfUtils.java:logGet(46)) - raft.server.threadpool.proxy.size = 0 (default)
2023-09-01 02:13:22,749 [Time-limited test] INFO  server.RaftServerConfigKeys (ConfUtils.java:logGet(46)) - raft.server.sleep.deviation.threshold = 300ms (default)
2023-09-01 02:13:22,749 [Time-limited test] INFO  server.RaftServerConfigKeys (ConfUtils.java:logGet(46)) - raft.server.rpc.slowness.timeout = 60s (default)
2023-09-01 02:13:22,749 [Time-limited test] INFO  server.RaftServerConfigKeys (ConfUtils.java:logGet(46)) - raft.server.leaderelection.leader.step-down.wait-time = 10s (default)
2023-09-01 02:13:22,749 [Time-limited test] INFO  server.RaftServerConfigKeys (ConfUtils.java:logGet(46)) - raft.server.storage.dir = [/home/runner/work/ratis/ratis/ratis-test/target/test/data/1f94b248/MiniRaftClusterWithGrpc9e69d58d/s2] (custom)
2023-09-01 02:13:22,751 [s1-groupManagement] INFO  server.RaftServerConfigKeys (ConfUtils.java:logGet(46)) - raft.server.log.preallocated.size = 4MB (=4194304) (default)
2023-09-01 02:13:22,751 [s1-groupManagement] INFO  server.RaftServerConfigKeys (ConfUtils.java:logGet(46)) - raft.server.log.write.buffer.size = 64KB (=65536) (default)
2023-09-01 02:13:22,751 [s1-groupManagement] INFO  server.RaftServer$Division (RaftServerImpl.java:<init>(250)) - s1: new RaftServerImpl for group-0DB13EEF429C:[] with StateMachineWithMultiNestedSnapshotFile:uninitialized
2023-09-01 02:13:22,751 [s1-groupManagement] INFO  server.RaftServerConfigKeys (ConfUtils.java:logGet(46)) - raft.server.rpc.timeout.min = 150ms (default)
2023-09-01 02:13:22,751 [s1-groupManagement] INFO  server.RaftServerConfigKeys (ConfUtils.java:logGet(46)) - raft.server.rpc.timeout.max = 300ms (default)
2023-09-01 02:13:22,752 [s1-groupManagement] INFO  server.RaftServerConfigKeys (ConfUtils.java:logGet(46)) - raft.server.rpc.sleep.time = 25ms (default)
2023-09-01 02:13:22,752 [s1-groupManagement] INFO  server.RaftServerConfigKeys (ConfUtils.java:logGet(46)) - raft.server.rpc.slowness.timeout = 60s (default)
2023-09-01 02:13:22,752 [s1-groupManagement] INFO  server.RaftServerConfigKeys (ConfUtils.java:logGet(46)) - raft.server.leaderelection.leader.step-down.wait-time = 10s (default)
2023-09-01 02:13:22,752 [s1-groupManagement] INFO  server.RaftServerConfigKeys (ConfUtils.java:logGet(46)) - raft.server.sleep.deviation.threshold = 300ms (default)
2023-09-01 02:13:22,752 [s1-groupManagement] INFO  server.RaftServer$Division (ServerState.java:<init>(113)) - s1@group-0DB13EEF429C: ConfigurationManager, init=-1: peers:[]|listeners:[], old=null, confs=<EMPTY_MAP>
2023-09-01 02:13:22,751 [s2-groupManagement] INFO  server.RaftServerConfigKeys (ConfUtils.java:logGet(46)) - raft.server.log.segment.size.max = 8MB (=8388608) (default)
2023-09-01 02:13:22,751 [Time-limited test] INFO  server.RaftServer (RaftServerProxy.java:addNew(99)) - s2: addNew group-0DB13EEF429C:[] returns group-0DB13EEF429C:java.util.concurrent.CompletableFuture@d3793ed[Not completed]
2023-09-01 02:13:22,752 [s2-groupManagement] INFO  server.RaftServerConfigKeys (ConfUtils.java:logGet(46)) - raft.server.log.preallocated.size = 4MB (=4194304) (default)
2023-09-01 02:13:22,752 [s2-groupManagement] INFO  server.RaftServerConfigKeys (ConfUtils.java:logGet(46)) - raft.server.log.write.buffer.size = 64KB (=65536) (default)
2023-09-01 02:13:22,752 [s2-groupManagement] INFO  server.RaftServer$Division (RaftServerImpl.java:<init>(250)) - s2: new RaftServerImpl for group-0DB13EEF429C:[] with StateMachineWithMultiNestedSnapshotFile:uninitialized
2023-09-01 02:13:22,752 [s2-groupManagement] INFO  server.RaftServerConfigKeys (ConfUtils.java:logGet(46)) - raft.server.rpc.timeout.min = 150ms (default)
2023-09-01 02:13:22,753 [s2-groupManagement] INFO  server.RaftServerConfigKeys (ConfUtils.java:logGet(46)) - raft.server.rpc.timeout.max = 300ms (default)
2023-09-01 02:13:22,753 [s2-groupManagement] INFO  server.RaftServerConfigKeys (ConfUtils.java:logGet(46)) - raft.server.rpc.sleep.time = 25ms (default)
2023-09-01 02:13:22,753 [s2-groupManagement] INFO  server.RaftServerConfigKeys (ConfUtils.java:logGet(46)) - raft.server.rpc.slowness.timeout = 60s (default)
2023-09-01 02:13:22,753 [s2-groupManagement] INFO  server.RaftServerConfigKeys (ConfUtils.java:logGet(46)) - raft.server.leaderelection.leader.step-down.wait-time = 10s (default)
2023-09-01 02:13:22,753 [s2-groupManagement] INFO  server.RaftServerConfigKeys (ConfUtils.java:logGet(46)) - raft.server.sleep.deviation.threshold = 300ms (default)
2023-09-01 02:13:22,753 [s2-groupManagement] INFO  server.RaftServer$Division (ServerState.java:<init>(113)) - s2@group-0DB13EEF429C: ConfigurationManager, init=-1: peers:[]|listeners:[], old=null, confs=<EMPTY_MAP>
2023-09-01 02:13:22,753 [s2-groupManagement] INFO  server.RaftServerConfigKeys (ConfUtils.java:logGet(46)) - raft.server.notification.no-leader.timeout = 60s (default)
2023-09-01 02:13:22,753 [s2-groupManagement] INFO  server.RaftServerConfigKeys (ConfUtils.java:logGet(46)) - raft.server.read.timeout = 10s (default)
2023-09-01 02:13:22,753 [s2-groupManagement] INFO  server.RaftServerConfigKeys (ConfUtils.java:logGet(46)) - raft.server.retrycache.expirytime = 60s (default)
2023-09-01 02:13:22,753 [s2-groupManagement] INFO  server.RaftServerConfigKeys (ConfUtils.java:logGet(46)) - raft.server.retrycache.statistics.expirytime = 100μs (default)
2023-09-01 02:13:22,753 [s2-groupManagement] INFO  server.RaftServerConfigKeys (ConfUtils.java:logGet(46)) - raft.server.read.option = DEFAULT (default)
2023-09-01 02:13:22,755 [s2-groupManagement] INFO  server.RaftServerConfigKeys (ConfUtils.java:logGet(46)) - raft.server.rpc.request.timeout = 3000ms (default)
2023-09-01 02:13:22,755 [s2-groupManagement] INFO  server.RaftServerConfigKeys (ConfUtils.java:logGet(46)) - raft.server.log.appender.install.snapshot.enabled = true (default)
2023-09-01 02:13:22,756 [s2-groupManagement] INFO  server.RaftServerConfigKeys (ConfUtils.java:logGet(46)) - raft.server.threadpool.server.cached = true (default)
2023-09-01 02:13:22,756 [s2-groupManagement] INFO  server.RaftServerConfigKeys (ConfUtils.java:logGet(46)) - raft.server.threadpool.server.size = 0 (default)
2023-09-01 02:13:22,756 [s2-groupManagement] INFO  server.RaftServerConfigKeys (ConfUtils.java:logGet(46)) - raft.server.threadpool.client.cached = true (default)
2023-09-01 02:13:22,756 [s2-groupManagement] INFO  server.RaftServerConfigKeys (ConfUtils.java:logGet(46)) - raft.server.threadpool.client.size = 0 (default)
2023-09-01 02:13:22,756 [s1-groupManagement] INFO  server.RaftServerConfigKeys (ConfUtils.java:logGet(46)) - raft.server.notification.no-leader.timeout = 60s (default)
2023-09-01 02:13:22,756 [s1-groupManagement] INFO  server.RaftServerConfigKeys (ConfUtils.java:logGet(46)) - raft.server.read.timeout = 10s (default)
2023-09-01 02:13:22,756 [s1-groupManagement] INFO  server.RaftServerConfigKeys (ConfUtils.java:logGet(46)) - raft.server.retrycache.expirytime = 60s (default)
2023-09-01 02:13:22,756 [s1-groupManagement] INFO  server.RaftServerConfigKeys (ConfUtils.java:logGet(46)) - raft.server.retrycache.statistics.expirytime = 100μs (default)
2023-09-01 02:13:22,757 [s1-groupManagement] INFO  server.RaftServerConfigKeys (ConfUtils.java:logGet(46)) - raft.server.read.option = DEFAULT (default)
2023-09-01 02:13:22,758 [s1-groupManagement] INFO  server.RaftServerConfigKeys (ConfUtils.java:logGet(46)) - raft.server.rpc.request.timeout = 3000ms (default)
2023-09-01 02:13:22,758 [s1-groupManagement] INFO  server.RaftServerConfigKeys (ConfUtils.java:logGet(46)) - raft.server.log.appender.install.snapshot.enabled = true (default)
2023-09-01 02:13:22,759 [s1-groupManagement] INFO  server.RaftServerConfigKeys (ConfUtils.java:logGet(46)) - raft.server.threadpool.server.cached = true (default)
2023-09-01 02:13:22,759 [s1-groupManagement] INFO  server.RaftServerConfigKeys (ConfUtils.java:logGet(46)) - raft.server.threadpool.server.size = 0 (default)
2023-09-01 02:13:22,759 [s1-groupManagement] INFO  server.RaftServerConfigKeys (ConfUtils.java:logGet(46)) - raft.server.threadpool.client.cached = true (default)
2023-09-01 02:13:22,759 [s1-groupManagement] INFO  server.RaftServerConfigKeys (ConfUtils.java:logGet(46)) - raft.server.threadpool.client.size = 0 (default)
2023-09-01 02:13:22,759 [s1-impl-thread1] INFO  server.RaftServerConfigKeys (ConfUtils.java:logGet(46)) - raft.server.storage.free-space.min = 0MB (=0) (default)
2023-09-01 02:13:22,760 [s1-impl-thread1] INFO  server.RaftServerConfigKeys (ConfUtils.java:logGet(46)) - raft.server.log.corruption.policy = EXCEPTION (default)
2023-09-01 02:13:22,760 [s1-impl-thread1] INFO  server.RaftServerConfigKeys (ConfUtils.java:logGet(46)) - raft.server.storage.dir = [/home/runner/work/ratis/ratis/ratis-test/target/test/data/1f94b248/MiniRaftClusterWithGrpc9e69d58d/s1] (custom)
2023-09-01 02:13:22,760 [s1-impl-thread1] INFO  storage.RaftStorageDirectory (RaftStorageDirectoryImpl.java:analyzeStorage(138)) - The storage directory /home/runner/work/ratis/ratis/ratis-test/target/test/data/1f94b248/MiniRaftClusterWithGrpc9e69d58d/s1/694f0182-f33e-47e3-9b9e-0db13eef429c does not exist. Creating ...
2023-09-01 02:13:22,761 [s1-impl-thread1] TRACE util.FileUtils (LogUtils.java:runAndLog(49)) - Successfully ran Files.createDirectories /home/runner/work/ratis/ratis/ratis-test/target/test/data/1f94b248/MiniRaftClusterWithGrpc9e69d58d/s1/694f0182-f33e-47e3-9b9e-0db13eef429c
2023-09-01 02:13:22,762 [s1-impl-thread1] INFO  storage.RaftStorageDirectory (RaftStorageDirectoryImpl.java:tryLock(232)) - Lock on /home/runner/work/ratis/ratis/ratis-test/target/test/data/1f94b248/MiniRaftClusterWithGrpc9e69d58d/s1/694f0182-f33e-47e3-9b9e-0db13eef429c/in_use.lock acquired by nodename 15545@fv-az41-939
2023-09-01 02:13:22,762 [s1-impl-thread1] TRACE util.FileUtils (LogUtils.java:runAndLog(49)) - Successfully ran Files.createDirectories /home/runner/work/ratis/ratis/ratis-test/target/test/data/1f94b248/MiniRaftClusterWithGrpc9e69d58d/s1/694f0182-f33e-47e3-9b9e-0db13eef429c/current
2023-09-01 02:13:22,762 [s1-impl-thread1] TRACE util.FileUtils (LogUtils.java:runAndLog(49)) - Successfully ran Files.createDirectories /home/runner/work/ratis/ratis/ratis-test/target/test/data/1f94b248/MiniRaftClusterWithGrpc9e69d58d/s1/694f0182-f33e-47e3-9b9e-0db13eef429c/sm
2023-09-01 02:13:22,763 [s1-impl-thread1] INFO  storage.RaftStorage (RaftStorageImpl.java:format(97)) - Storage directory /home/runner/work/ratis/ratis/ratis-test/target/test/data/1f94b248/MiniRaftClusterWithGrpc9e69d58d/s1/694f0182-f33e-47e3-9b9e-0db13eef429c has been successfully formatted.
2023-09-01 02:13:22,763 [s1-impl-thread1] INFO  impl.SimpleStateMachine4Testing (SimpleStateMachine4Testing.java:initialize(213)) - Initializing StateMachineWithMultiNestedSnapshotFile:uninitialized
2023-09-01 02:13:22,764 [s1-impl-thread1] INFO  impl.SimpleStateMachine4Testing (SimpleStateMachine4Testing.java:loadSnapshot(293)) - Loading snapshot null
2023-09-01 02:13:22,764 [s1-impl-thread1] INFO  server.RaftServerConfigKeys (ConfUtils.java:logGet(46)) - raft.server.log.use.memory = false (default)
2023-09-01 02:13:22,764 [s1-impl-thread1] INFO  server.RaftServerConfigKeys (ConfUtils.java:logGet(46)) - raft.server.log.purge.gap = 8 (custom)
2023-09-01 02:13:22,764 [s1-impl-thread1] INFO  server.RaftServerConfigKeys (ConfUtils.java:logGet(46)) - raft.server.log.appender.buffer.byte-limit = 4MB (=4194304) (default)
2023-09-01 02:13:22,764 [s1-impl-thread1] INFO  server.RaftServerConfigKeys (ConfUtils.java:logGet(46)) - raft.server.log.statemachine.data.read.timeout = 1000ms (default)
2023-09-01 02:13:22,764 [s1-impl-thread1] INFO  server.RaftServerConfigKeys (ConfUtils.java:logGet(46)) - raft.server.log.purge.preservation.log.num = 0 (default)
2023-09-01 02:13:22,765 [s1-impl-thread1] INFO  server.RaftServerConfigKeys (ConfUtils.java:logGet(46)) - raft.server.log.segment.size.max = 8MB (=8388608) (default)
2023-09-01 02:13:22,765 [s1-impl-thread1] INFO  server.RaftServerConfigKeys (ConfUtils.java:logGet(46)) - raft.server.log.segment.cache.num.max = 6 (default)
2023-09-01 02:13:22,766 [s1-impl-thread1] INFO  server.RaftServerConfigKeys (ConfUtils.java:logGet(46)) - raft.server.log.segment.cache.size.max = 200MB (=209715200) (default)
2023-09-01 02:13:22,766 [s1-impl-thread1] INFO  server.RaftServerConfigKeys (ConfUtils.java:logGet(46)) - raft.server.log.appender.buffer.byte-limit = 4MB (=4194304) (default)
2023-09-01 02:13:22,766 [s1-impl-thread1] INFO  segmented.SegmentedRaftLogWorker (SegmentedRaftLogWorker.java:<init>(183)) - new s1@group-0DB13EEF429C-SegmentedRaftLogWorker for RaftStorageImpl:Storage Directory /home/runner/work/ratis/ratis/ratis-test/target/test/data/1f94b248/MiniRaftClusterWithGrpc9e69d58d/s1/694f0182-f33e-47e3-9b9e-0db13eef429c
2023-09-01 02:13:22,766 [s1-impl-thread1] INFO  server.RaftServerConfigKeys (ConfUtils.java:logGet(46)) - raft.server.log.queue.byte-limit = 64MB (=67108864) (default)
2023-09-01 02:13:22,766 [s1-impl-thread1] INFO  server.RaftServerConfigKeys (ConfUtils.java:logGet(46)) - raft.server.log.queue.element-limit = 4096 (default)
2023-09-01 02:13:22,766 [s1-impl-thread1] INFO  server.RaftServerConfigKeys (ConfUtils.java:logGet(46)) - raft.server.log.segment.size.max = 8MB (=8388608) (default)
2023-09-01 02:13:22,766 [s1-impl-thread1] INFO  server.RaftServerConfigKeys (ConfUtils.java:logGet(46)) - raft.server.log.preallocated.size = 4MB (=4194304) (default)
2023-09-01 02:13:22,766 [s1-impl-thread1] INFO  server.RaftServerConfigKeys (ConfUtils.java:logGet(46)) - raft.server.log.force.sync.num = 128 (default)
2023-09-01 02:13:22,766 [s1-impl-thread1] INFO  server.RaftServerConfigKeys (ConfUtils.java:logGet(46)) - raft.server.log.statemachine.data.sync = true (default)
2023-09-01 02:13:22,766 [s1-impl-thread1] INFO  server.RaftServerConfigKeys (ConfUtils.java:logGet(46)) - raft.server.log.statemachine.data.sync.timeout = 10s (default)
2023-09-01 02:13:22,766 [s1-impl-thread1] INFO  server.RaftServerConfigKeys (ConfUtils.java:logGet(46)) - raft.server.log.statemachine.data.sync.timeout.retry = -1 (default)
2023-09-01 02:13:22,767 [s1-impl-thread1] INFO  server.RaftServerConfigKeys (ConfUtils.java:logGet(46)) - raft.server.log.write.buffer.size = 64KB (=65536) (default)
2023-09-01 02:13:22,767 [s1-impl-thread1] INFO  server.RaftServerConfigKeys (ConfUtils.java:logGet(46)) - raft.server.log.appender.buffer.byte-limit = 4MB (=4194304) (default)
2023-09-01 02:13:22,768 [s1-impl-thread1] INFO  server.RaftServerConfigKeys (ConfUtils.java:logGet(46)) - raft.server.log.unsafe-flush.enabled = false (default)
2023-09-01 02:13:22,768 [s1-impl-thread1] INFO  server.RaftServerConfigKeys (ConfUtils.java:logGet(46)) - raft.server.log.async-flush.enabled = false (default)
2023-09-01 02:13:22,769 [s1-impl-thread1] INFO  server.RaftServerConfigKeys (ConfUtils.java:logGet(46)) - raft.server.log.statemachine.data.caching.enabled = false (default)
2023-09-01 02:13:22,769 [s1-impl-thread1] INFO  segmented.SegmentedRaftLogWorker (SegmentedRaftLogWorker.java:lambda$new$0(134)) - s1@group-0DB13EEF429C-SegmentedRaftLogWorker: flushIndex: setUnconditionally 0 -> -1
2023-09-01 02:13:22,769 [s1-impl-thread1] INFO  segmented.SegmentedRaftLogWorker (SegmentedRaftLogWorker.java:lambda$new$0(134)) - s1@group-0DB13EEF429C-SegmentedRaftLogWorker: safeCacheEvictIndex: setUnconditionally 0 -> -1
2023-09-01 02:13:22,772 [s1-impl-thread1] INFO  server.RaftServer$Division (RaftServerImpl.java:start(390)) - s1@group-0DB13EEF429C: start with initializing state, conf=-1: peers:[]|listeners:[], old=null
2023-09-01 02:13:22,772 [s1-impl-thread1] INFO  server.RaftServer$Division (RaftServerImpl.java:setRole(371)) - s1@group-0DB13EEF429C: changes role from      null to FOLLOWER at term 0 for startInitializing
2023-09-01 02:13:22,772 [s1-impl-thread1] INFO  util.JmxRegister (JmxRegister.java:tryRegister(44)) - Successfully registered JMX Bean with object name Ratis:service=RaftServer,group=group-0DB13EEF429C,id=s1
2023-09-01 02:13:22,775 [s1-impl-thread1] INFO  server.RaftServerConfigKeys (ConfUtils.java:logGet(46)) - raft.server.snapshot.trigger-when-stop.enabled = true (default)
2023-09-01 02:13:22,776 [s1-impl-thread1] INFO  server.RaftServerConfigKeys (ConfUtils.java:logGet(46)) - raft.server.snapshot.auto.trigger.enabled = true (custom)
2023-09-01 02:13:22,776 [s1-impl-thread1] INFO  server.RaftServerConfigKeys (ConfUtils.java:logGet(46)) - raft.server.snapshot.auto.trigger.threshold = 64 (custom)
2023-09-01 02:13:22,776 [s1-impl-thread1] INFO  server.RaftServerConfigKeys (ConfUtils.java:logGet(46)) - raft.server.snapshot.retention.file.num = -1 (default)
2023-09-01 02:13:22,776 [s1-impl-thread1] INFO  server.RaftServerConfigKeys (ConfUtils.java:logGet(46)) - raft.server.log.purge.upto.snapshot.index = false (default)
2023-09-01 02:13:22,780 [Time-limited test] INFO  server.RaftServer (RaftServerProxy.java:startImpl(404)) - s1: start RPC server
2023-09-01 02:13:22,781 [Time-limited test] INFO  server.GrpcService (GrpcService.java:startImpl(302)) - s1: GrpcService started, listening on 46015
2023-09-01 02:13:22,782 [s2-impl-thread1] INFO  server.RaftServerConfigKeys (ConfUtils.java:logGet(46)) - raft.server.storage.free-space.min = 0MB (=0) (default)
2023-09-01 02:13:22,782 [s2-impl-thread1] INFO  server.RaftServerConfigKeys (ConfUtils.java:logGet(46)) - raft.server.log.corruption.policy = EXCEPTION (default)
2023-09-01 02:13:22,782 [s2-impl-thread1] INFO  server.RaftServerConfigKeys (ConfUtils.java:logGet(46)) - raft.server.storage.dir = [/home/runner/work/ratis/ratis/ratis-test/target/test/data/1f94b248/MiniRaftClusterWithGrpc9e69d58d/s2] (custom)
2023-09-01 02:13:22,782 [s2-impl-thread1] INFO  storage.RaftStorageDirectory (RaftStorageDirectoryImpl.java:analyzeStorage(138)) - The storage directory /home/runner/work/ratis/ratis/ratis-test/target/test/data/1f94b248/MiniRaftClusterWithGrpc9e69d58d/s2/694f0182-f33e-47e3-9b9e-0db13eef429c does not exist. Creating ...
2023-09-01 02:13:22,783 [s2-impl-thread1] TRACE util.FileUtils (LogUtils.java:runAndLog(49)) - Successfully ran Files.createDirectories /home/runner/work/ratis/ratis/ratis-test/target/test/data/1f94b248/MiniRaftClusterWithGrpc9e69d58d/s2/694f0182-f33e-47e3-9b9e-0db13eef429c
2023-09-01 02:13:22,782 [JvmPauseMonitor1] INFO  util.JvmPauseMonitor (JvmPauseMonitor.java:run(146)) - JvmPauseMonitor-s1: Started
2023-09-01 02:13:22,784 [s2-impl-thread1] INFO  storage.RaftStorageDirectory (RaftStorageDirectoryImpl.java:tryLock(232)) - Lock on /home/runner/work/ratis/ratis/ratis-test/target/test/data/1f94b248/MiniRaftClusterWithGrpc9e69d58d/s2/694f0182-f33e-47e3-9b9e-0db13eef429c/in_use.lock acquired by nodename 15545@fv-az41-939
2023-09-01 02:13:22,784 [s2-impl-thread1] TRACE util.FileUtils (LogUtils.java:runAndLog(49)) - Successfully ran Files.createDirectories /home/runner/work/ratis/ratis/ratis-test/target/test/data/1f94b248/MiniRaftClusterWithGrpc9e69d58d/s2/694f0182-f33e-47e3-9b9e-0db13eef429c/current
2023-09-01 02:13:22,784 [s2-impl-thread1] TRACE util.FileUtils (LogUtils.java:runAndLog(49)) - Successfully ran Files.createDirectories /home/runner/work/ratis/ratis/ratis-test/target/test/data/1f94b248/MiniRaftClusterWithGrpc9e69d58d/s2/694f0182-f33e-47e3-9b9e-0db13eef429c/sm
2023-09-01 02:13:22,785 [s2-impl-thread1] INFO  storage.RaftStorage (RaftStorageImpl.java:format(97)) - Storage directory /home/runner/work/ratis/ratis/ratis-test/target/test/data/1f94b248/MiniRaftClusterWithGrpc9e69d58d/s2/694f0182-f33e-47e3-9b9e-0db13eef429c has been successfully formatted.
2023-09-01 02:13:22,785 [s2-impl-thread1] INFO  impl.SimpleStateMachine4Testing (SimpleStateMachine4Testing.java:initialize(213)) - Initializing StateMachineWithMultiNestedSnapshotFile:uninitialized
2023-09-01 02:13:22,785 [s2-impl-thread1] INFO  impl.SimpleStateMachine4Testing (SimpleStateMachine4Testing.java:loadSnapshot(293)) - Loading snapshot null
2023-09-01 02:13:22,785 [s2-impl-thread1] INFO  server.RaftServerConfigKeys (ConfUtils.java:logGet(46)) - raft.server.log.use.memory = false (default)
2023-09-01 02:13:22,785 [s2-impl-thread1] INFO  server.RaftServerConfigKeys (ConfUtils.java:logGet(46)) - raft.server.log.purge.gap = 8 (custom)
2023-09-01 02:13:22,785 [s2-impl-thread1] INFO  server.RaftServerConfigKeys (ConfUtils.java:logGet(46)) - raft.server.log.appender.buffer.byte-limit = 4MB (=4194304) (default)
2023-09-01 02:13:22,785 [s2-impl-thread1] INFO  server.RaftServerConfigKeys (ConfUtils.java:logGet(46)) - raft.server.log.statemachine.data.read.timeout = 1000ms (default)
2023-09-01 02:13:22,786 [s2-impl-thread1] INFO  server.RaftServerConfigKeys (ConfUtils.java:logGet(46)) - raft.server.log.purge.preservation.log.num = 0 (default)
2023-09-01 02:13:22,786 [s2-impl-thread1] INFO  server.RaftServerConfigKeys (ConfUtils.java:logGet(46)) - raft.server.log.segment.size.max = 8MB (=8388608) (default)
2023-09-01 02:13:22,787 [s2-impl-thread1] INFO  server.RaftServerConfigKeys (ConfUtils.java:logGet(46)) - raft.server.log.segment.cache.num.max = 6 (default)
2023-09-01 02:13:22,787 [s2-impl-thread1] INFO  server.RaftServerConfigKeys (ConfUtils.java:logGet(46)) - raft.server.log.segment.cache.size.max = 200MB (=209715200) (default)
2023-09-01 02:13:22,787 [s2-impl-thread1] INFO  server.RaftServerConfigKeys (ConfUtils.java:logGet(46)) - raft.server.log.appender.buffer.byte-limit = 4MB (=4194304) (default)
2023-09-01 02:13:22,787 [s2-impl-thread1] INFO  segmented.SegmentedRaftLogWorker (SegmentedRaftLogWorker.java:<init>(183)) - new s2@group-0DB13EEF429C-SegmentedRaftLogWorker for RaftStorageImpl:Storage Directory /home/runner/work/ratis/ratis/ratis-test/target/test/data/1f94b248/MiniRaftClusterWithGrpc9e69d58d/s2/694f0182-f33e-47e3-9b9e-0db13eef429c
2023-09-01 02:13:22,787 [s2-impl-thread1] INFO  server.RaftServerConfigKeys (ConfUtils.java:logGet(46)) - raft.server.log.queue.byte-limit = 64MB (=67108864) (default)
2023-09-01 02:13:22,787 [s2-impl-thread1] INFO  server.RaftServerConfigKeys (ConfUtils.java:logGet(46)) - raft.server.log.queue.element-limit = 4096 (default)
2023-09-01 02:13:22,787 [s2-impl-thread1] INFO  server.RaftServerConfigKeys (ConfUtils.java:logGet(46)) - raft.server.log.segment.size.max = 8MB (=8388608) (default)
2023-09-01 02:13:22,787 [s2-impl-thread1] INFO  server.RaftServerConfigKeys (ConfUtils.java:logGet(46)) - raft.server.log.preallocated.size = 4MB (=4194304) (default)
2023-09-01 02:13:22,787 [s2-impl-thread1] INFO  server.RaftServerConfigKeys (ConfUtils.java:logGet(46)) - raft.server.log.force.sync.num = 128 (default)
2023-09-01 02:13:22,787 [s2-impl-thread1] INFO  server.RaftServerConfigKeys (ConfUtils.java:logGet(46)) - raft.server.log.statemachine.data.sync = true (default)
2023-09-01 02:13:22,787 [s2-impl-thread1] INFO  server.RaftServerConfigKeys (ConfUtils.java:logGet(46)) - raft.server.log.statemachine.data.sync.timeout = 10s (default)
2023-09-01 02:13:22,788 [s2-impl-thread1] INFO  server.RaftServerConfigKeys (ConfUtils.java:logGet(46)) - raft.server.log.statemachine.data.sync.timeout.retry = -1 (default)
2023-09-01 02:13:22,788 [s2-impl-thread1] INFO  server.RaftServerConfigKeys (ConfUtils.java:logGet(46)) - raft.server.log.write.buffer.size = 64KB (=65536) (default)
2023-09-01 02:13:22,788 [s2-impl-thread1] INFO  server.RaftServerConfigKeys (ConfUtils.java:logGet(46)) - raft.server.log.appender.buffer.byte-limit = 4MB (=4194304) (default)
2023-09-01 02:13:22,789 [s2-impl-thread1] INFO  server.RaftServerConfigKeys (ConfUtils.java:logGet(46)) - raft.server.log.unsafe-flush.enabled = false (default)
2023-09-01 02:13:22,789 [s2-impl-thread1] INFO  server.RaftServerConfigKeys (ConfUtils.java:logGet(46)) - raft.server.log.async-flush.enabled = false (default)
2023-09-01 02:13:22,789 [s2-impl-thread1] INFO  server.RaftServerConfigKeys (ConfUtils.java:logGet(46)) - raft.server.log.statemachine.data.caching.enabled = false (default)
2023-09-01 02:13:22,789 [s2-impl-thread1] INFO  segmented.SegmentedRaftLogWorker (SegmentedRaftLogWorker.java:lambda$new$0(134)) - s2@group-0DB13EEF429C-SegmentedRaftLogWorker: flushIndex: setUnconditionally 0 -> -1
2023-09-01 02:13:22,789 [s2-impl-thread1] INFO  segmented.SegmentedRaftLogWorker (SegmentedRaftLogWorker.java:lambda$new$0(134)) - s2@group-0DB13EEF429C-SegmentedRaftLogWorker: safeCacheEvictIndex: setUnconditionally 0 -> -1
2023-09-01 02:13:22,791 [s2-impl-thread1] INFO  server.RaftServer$Division (RaftServerImpl.java:start(390)) - s2@group-0DB13EEF429C: start with initializing state, conf=-1: peers:[]|listeners:[], old=null
2023-09-01 02:13:22,791 [s2-impl-thread1] INFO  server.RaftServer$Division (RaftServerImpl.java:setRole(371)) - s2@group-0DB13EEF429C: changes role from      null to FOLLOWER at term 0 for startInitializing
2023-09-01 02:13:22,791 [s2-impl-thread1] INFO  util.JmxRegister (JmxRegister.java:tryRegister(44)) - Successfully registered JMX Bean with object name Ratis:service=RaftServer,group=group-0DB13EEF429C,id=s2
2023-09-01 02:13:22,792 [s2-impl-thread1] INFO  server.RaftServerConfigKeys (ConfUtils.java:logGet(46)) - raft.server.snapshot.trigger-when-stop.enabled = true (default)
2023-09-01 02:13:22,792 [s2-impl-thread1] INFO  server.RaftServerConfigKeys (ConfUtils.java:logGet(46)) - raft.server.snapshot.auto.trigger.enabled = true (custom)
2023-09-01 02:13:22,792 [s2-impl-thread1] INFO  server.RaftServerConfigKeys (ConfUtils.java:logGet(46)) - raft.server.snapshot.auto.trigger.threshold = 64 (custom)
2023-09-01 02:13:22,792 [s2-impl-thread1] INFO  server.RaftServerConfigKeys (ConfUtils.java:logGet(46)) - raft.server.snapshot.retention.file.num = -1 (default)
2023-09-01 02:13:22,792 [s2-impl-thread1] INFO  server.RaftServerConfigKeys (ConfUtils.java:logGet(46)) - raft.server.log.purge.upto.snapshot.index = false (default)
2023-09-01 02:13:22,795 [Time-limited test] INFO  server.RaftServer (RaftServerProxy.java:startImpl(404)) - s2: start RPC server
2023-09-01 02:13:22,799 [Time-limited test] INFO  server.GrpcService (GrpcService.java:startImpl(302)) - s2: GrpcService started, listening on 40595
2023-09-01 02:13:22,800 [Time-limited test] INFO  impl.MiniRaftCluster (MiniRaftCluster.java:setConfiguration(819)) - Start changing the configuration: [s1|rpc:0.0.0.0:46015|priority:0|startupRole:FOLLOWER, s2|rpc:0.0.0.0:40595|priority:0|startupRole:FOLLOWER, s0|rpc:localhost:35361|admin:localhost:44939|client:localhost:32867|dataStream:localhost:38529|priority:0|startupRole:FOLLOWER]
2023-09-01 02:13:22,801 [JvmPauseMonitor2] INFO  util.JvmPauseMonitor (JvmPauseMonitor.java:run(146)) - JvmPauseMonitor-s2: Started
2023-09-01 02:13:22,812 [s0-server-thread1] INFO  server.RaftServer$Division (RaftServerImpl.java:setConfigurationAsync(1237)) - s0@group-0DB13EEF429C: receive setConfiguration SetConfigurationRequest:client-F142CB887C59->s0@group-0DB13EEF429C, cid=128, seq=0, RW, null, SET_UNCONDITIONALLY, servers:[s1|rpc:0.0.0.0:46015|dataStream:|priority:0|startupRole:FOLLOWER, s2|rpc:0.0.0.0:40595|dataStream:|priority:0|startupRole:FOLLOWER, s0|rpc:localhost:35361|admin:localhost:44939|client:localhost:32867|dataStream:localhost:38529|priority:0|startupRole:FOLLOWER], listeners:[]
2023-09-01 02:13:22,813 [s0-server-thread1] INFO  server.RaftServer$Division (LeaderStateImpl.java:startSetConfiguration(471)) - s0@group-0DB13EEF429C-LeaderStateImpl: startSetConfiguration SetConfigurationRequest:client-F142CB887C59->s0@group-0DB13EEF429C, cid=128, seq=0, RW, null, SET_UNCONDITIONALLY, servers:[s1|rpc:0.0.0.0:46015|dataStream:|priority:0|startupRole:FOLLOWER, s2|rpc:0.0.0.0:40595|dataStream:|priority:0|startupRole:FOLLOWER, s0|rpc:localhost:35361|admin:localhost:44939|client:localhost:32867|dataStream:localhost:38529|priority:0|startupRole:FOLLOWER], listeners:[]
2023-09-01 02:13:22,819 [s0-server-thread1] INFO  server.RaftServerConfigKeys (ConfUtils.java:logGet(46)) - raft.server.log.appender.snapshot.chunk.size.max = 1k (=1024) (custom)
2023-09-01 02:13:22,819 [s0-server-thread1] INFO  server.RaftServerConfigKeys (ConfUtils.java:logGet(46)) - raft.server.log.appender.buffer.byte-limit = 4MB (=4194304) (default)
2023-09-01 02:13:22,819 [s0-server-thread1] INFO  server.RaftServerConfigKeys (ConfUtils.java:logGet(46)) - raft.server.log.appender.buffer.element-limit = 0 (default)
2023-09-01 02:13:22,820 [s0-server-thread1] INFO  server.RaftServerConfigKeys (ConfUtils.java:logGet(46)) - raft.server.log.appender.wait-time.min = 10ms (default)
2023-09-01 02:13:22,821 [s0-server-thread1] INFO  grpc.GrpcConfigKeys (ConfUtils.java:logGet(46)) - raft.grpc.server.leader.outstanding.appends.max = 128 (default)
2023-09-01 02:13:22,821 [s0-server-thread1] INFO  server.RaftServerConfigKeys (ConfUtils.java:logGet(46)) - raft.server.rpc.request.timeout = 3000ms (default)
2023-09-01 02:13:22,821 [s0-server-thread1] INFO  grpc.GrpcConfigKeys (ConfUtils.java:logGet(46)) - raft.grpc.server.install_snapshot.request.element-limit = 8 (default)
2023-09-01 02:13:22,822 [s0-server-thread1] INFO  grpc.GrpcConfigKeys (ConfUtils.java:logGet(46)) - raft.grpc.server.install_snapshot.request.timeout = 3000ms (default)
2023-09-01 02:13:22,822 [s0-server-thread1] INFO  server.RaftServerConfigKeys (ConfUtils.java:logGet(46)) - raft.server.log.appender.install.snapshot.enabled = true (default)
2023-09-01 02:13:22,822 [s0-server-thread1] INFO  grpc.GrpcConfigKeys (ConfUtils.java:logGet(46)) - raft.grpc.server.heartbeat.channel = false (custom)
2023-09-01 02:13:22,825 [s0-server-thread1] INFO  server.RaftServerConfigKeys (ConfUtils.java:logGet(46)) - raft.server.log.appender.snapshot.chunk.size.max = 1k (=1024) (custom)
2023-09-01 02:13:22,825 [s0-server-thread1] INFO  server.RaftServerConfigKeys (ConfUtils.java:logGet(46)) - raft.server.log.appender.buffer.byte-limit = 4MB (=4194304) (default)
2023-09-01 02:13:22,825 [s0-server-thread1] INFO  server.RaftServerConfigKeys (ConfUtils.java:logGet(46)) - raft.server.log.appender.buffer.element-limit = 0 (default)
2023-09-01 02:13:22,825 [s0-server-thread1] INFO  server.RaftServerConfigKeys (ConfUtils.java:logGet(46)) - raft.server.log.appender.wait-time.min = 10ms (default)
2023-09-01 02:13:22,825 [s0-server-thread1] INFO  grpc.GrpcConfigKeys (ConfUtils.java:logGet(46)) - raft.grpc.server.leader.outstanding.appends.max = 128 (default)
2023-09-01 02:13:22,825 [s0-server-thread1] INFO  server.RaftServerConfigKeys (ConfUtils.java:logGet(46)) - raft.server.rpc.request.timeout = 3000ms (default)
2023-09-01 02:13:22,825 [s0-server-thread1] INFO  grpc.GrpcConfigKeys (ConfUtils.java:logGet(46)) - raft.grpc.server.install_snapshot.request.element-limit = 8 (default)
2023-09-01 02:13:22,825 [s0-server-thread1] INFO  grpc.GrpcConfigKeys (ConfUtils.java:logGet(46)) - raft.grpc.server.install_snapshot.request.timeout = 3000ms (default)
2023-09-01 02:13:22,825 [s0-server-thread1] INFO  server.RaftServerConfigKeys (ConfUtils.java:logGet(46)) - raft.server.log.appender.install.snapshot.enabled = true (default)
2023-09-01 02:13:22,825 [s0-server-thread1] INFO  grpc.GrpcConfigKeys (ConfUtils.java:logGet(46)) - raft.grpc.server.heartbeat.channel = false (custom)
2023-09-01 02:13:22,827 [s0@group-0DB13EEF429C->s1-GrpcLogAppender-LogAppenderDaemon] INFO  server.GrpcLogAppender (GrpcLogAppender.java:installSnapshot(640)) - s0@group-0DB13EEF429C->s1-GrpcLogAppender: followerNextIndex = 0 but logStartIndex = 0, send snapshot FileListSnapshotInfo(t:1, i:191):[/home/runner/work/ratis/ratis/ratis-test/target/test/data/1f94b248/MiniRaftClusterWithGrpc9e69d58d/s0/694f0182-f33e-47e3-9b9e-0db13eef429c/sm/snapshot/1.bin, /home/runner/work/ratis/ratis/ratis-test/target/test/data/1f94b248/MiniRaftClusterWithGrpc9e69d58d/s0/694f0182-f33e-47e3-9b9e-0db13eef429c/sm/snapshot/sub/2.bin, /home/runner/work/ratis/ratis/ratis-test/target/test/data/1f94b248/MiniRaftClusterWithGrpc9e69d58d/s0/694f0182-f33e-47e3-9b9e-0db13eef429c/sm/snapshot.1_191] to follower
2023-09-01 02:13:22,831 [s0@group-0DB13EEF429C->s1-GrpcLogAppender-LogAppenderDaemon] INFO  server.GrpcServerProtocolClient (GrpcServerProtocolClient.java:<init>(66)) - Build channel for s1
2023-09-01 02:13:22,835 [s0@group-0DB13EEF429C->s2-GrpcLogAppender-LogAppenderDaemon] INFO  server.GrpcLogAppender (GrpcLogAppender.java:installSnapshot(640)) - s0@group-0DB13EEF429C->s2-GrpcLogAppender: followerNextIndex = 0 but logStartIndex = 0, send snapshot FileListSnapshotInfo(t:1, i:191):[/home/runner/work/ratis/ratis/ratis-test/target/test/data/1f94b248/MiniRaftClusterWithGrpc9e69d58d/s0/694f0182-f33e-47e3-9b9e-0db13eef429c/sm/snapshot/1.bin, /home/runner/work/ratis/ratis/ratis-test/target/test/data/1f94b248/MiniRaftClusterWithGrpc9e69d58d/s0/694f0182-f33e-47e3-9b9e-0db13eef429c/sm/snapshot/sub/2.bin, /home/runner/work/ratis/ratis/ratis-test/target/test/data/1f94b248/MiniRaftClusterWithGrpc9e69d58d/s0/694f0182-f33e-47e3-9b9e-0db13eef429c/sm/snapshot.1_191] to follower
2023-09-01 02:13:22,843 [s0@group-0DB13EEF429C->s2-GrpcLogAppender-LogAppenderDaemon] INFO  server.GrpcServerProtocolClient (GrpcServerProtocolClient.java:<init>(66)) - Build channel for s2
2023-09-01 02:13:22,851 [grpc-default-executor-0] INFO  impl.SnapshotInstallationHandler (SnapshotInstallationHandler.java:installSnapshot(89)) - s1@group-0DB13EEF429C: receive installSnapshot: s0->s1#0-t1,chunk:1fe48c26-1231-4216-94a7-848cc2b62ea3,0
2023-09-01 02:13:22,855 [grpc-default-executor-0] INFO  server.RaftServer$Division (RaftServerImpl.java:setFirstElection(556)) - s1@group-0DB13EEF429C: set firstElectionSinceStartup to false for installSnapshot
2023-09-01 02:13:22,855 [grpc-default-executor-0] INFO  server.RaftServer$Division (ServerState.java:setLeader(260)) - s1@group-0DB13EEF429C: change Leader from null to s0 at term 1 for installSnapshot, leader elected after 102ms
2023-09-01 02:13:22,853 [grpc-default-executor-2] INFO  impl.SnapshotInstallationHandler (SnapshotInstallationHandler.java:installSnapshot(89)) - s2@group-0DB13EEF429C: receive installSnapshot: s0->s2#0-t1,chunk:9d86e9a0-5bea-4461-99b5-92bb197aa868,0
2023-09-01 02:13:22,856 [grpc-default-executor-2] INFO  server.RaftServer$Division (RaftServerImpl.java:setFirstElection(556)) - s2@group-0DB13EEF429C: set firstElectionSinceStartup to false for installSnapshot
2023-09-01 02:13:22,856 [grpc-default-executor-2] INFO  server.RaftServer$Division (ServerState.java:setLeader(260)) - s2@group-0DB13EEF429C: change Leader from null to s0 at term 1 for installSnapshot, leader elected after 102ms
2023-09-01 02:13:22,861 [grpc-default-executor-0] TRACE util.FileUtils (LogUtils.java:runAndLog(49)) - Successfully ran Files.createDirectories /home/runner/work/ratis/ratis/ratis-test/target/test/data/1f94b248/MiniRaftClusterWithGrpc9e69d58d/s1/694f0182-f33e-47e3-9b9e-0db13eef429c/tmp/snapshot-1fe48c26-1231-4216-94a7-848cc2b62ea3
2023-09-01 02:13:22,861 [grpc-default-executor-0] INFO  storage.SnapshotManager (SnapshotManager.java:installSnapshot(89)) - Installing snapshot:s0->s1#0-t1,chunk:1fe48c26-1231-4216-94a7-848cc2b62ea3,0, to tmp dir:/home/runner/work/ratis/ratis/ratis-test/target/test/data/1f94b248/MiniRaftClusterWithGrpc9e69d58d/s1/694f0182-f33e-47e3-9b9e-0db13eef429c/tmp/snapshot-1fe48c26-1231-4216-94a7-848cc2b62ea3
2023-09-01 02:13:22,862 [grpc-default-executor-0] TRACE util.FileUtils (LogUtils.java:runAndLog(49)) - Successfully ran Files.createDirectories /home/runner/work/ratis/ratis/ratis-test/target/test/data/1f94b248/MiniRaftClusterWithGrpc9e69d58d/s1/694f0182-f33e-47e3-9b9e-0db13eef429c/tmp/snapshot-1fe48c26-1231-4216-94a7-848cc2b62ea3/snapshot
2023-09-01 02:13:22,862 [grpc-default-executor-2] TRACE util.FileUtils (LogUtils.java:runAndLog(49)) - Successfully ran Files.createDirectories /home/runner/work/ratis/ratis/ratis-test/target/test/data/1f94b248/MiniRaftClusterWithGrpc9e69d58d/s2/694f0182-f33e-47e3-9b9e-0db13eef429c/tmp/snapshot-9d86e9a0-5bea-4461-99b5-92bb197aa868
2023-09-01 02:13:22,862 [grpc-default-executor-2] INFO  storage.SnapshotManager (SnapshotManager.java:installSnapshot(89)) - Installing snapshot:s0->s2#0-t1,chunk:9d86e9a0-5bea-4461-99b5-92bb197aa868,0, to tmp dir:/home/runner/work/ratis/ratis/ratis-test/target/test/data/1f94b248/MiniRaftClusterWithGrpc9e69d58d/s2/694f0182-f33e-47e3-9b9e-0db13eef429c/tmp/snapshot-9d86e9a0-5bea-4461-99b5-92bb197aa868
2023-09-01 02:13:22,863 [grpc-default-executor-2] TRACE util.FileUtils (LogUtils.java:runAndLog(49)) - Successfully ran Files.createDirectories /home/runner/work/ratis/ratis/ratis-test/target/test/data/1f94b248/MiniRaftClusterWithGrpc9e69d58d/s2/694f0182-f33e-47e3-9b9e-0db13eef429c/tmp/snapshot-9d86e9a0-5bea-4461-99b5-92bb197aa868/snapshot
2023-09-01 02:13:22,950 [grpc-default-executor-2] INFO  impl.SnapshotInstallationHandler (SnapshotInstallationHandler.java:installSnapshotImpl(134)) - s2@group-0DB13EEF429C: set new configuration configurationEntry {
  peers {
    id: "s0"
    address: "localhost:35361"
    dataStreamAddress: "localhost:38529"
    clientAddress: "localhost:32867"
    adminAddress: "localhost:44939"
    startupRole: FOLLOWER
  }
}
 from snapshot
2023-09-01 02:13:22,952 [grpc-default-executor-2] INFO  server.RaftServer$Division (ServerState.java:setRaftConf(377)) - s2@group-0DB13EEF429C: set configuration 0: peers:[s0|rpc:localhost:35361|admin:localhost:44939|client:localhost:32867|dataStream:localhost:38529|priority:0|startupRole:FOLLOWER]|listeners:[], old=null
2023-09-01 02:13:22,953 [grpc-default-executor-2] INFO  impl.SnapshotInstallationHandler (SnapshotInstallationHandler.java:installSnapshot(100)) - s2@group-0DB13EEF429C: reply installSnapshot: s0<-s2#0:OK-t0,SUCCESS,requestIndex=0
2023-09-01 02:13:22,958 [grpc-default-executor-0] INFO  impl.SnapshotInstallationHandler (SnapshotInstallationHandler.java:installSnapshotImpl(134)) - s1@group-0DB13EEF429C: set new configuration configurationEntry {
  peers {
    id: "s0"
    address: "localhost:35361"
    dataStreamAddress: "localhost:38529"
    clientAddress: "localhost:32867"
    adminAddress: "localhost:44939"
    startupRole: FOLLOWER
  }
}
 from snapshot
2023-09-01 02:13:22,958 [grpc-default-executor-1] INFO  server.GrpcLogAppender (GrpcLogAppender.java:onNext(543)) - s0@group-0DB13EEF429C->s2-InstallSnapshotResponseHandler: received the first reply s0<-s2#0:OK-t0,SUCCESS,requestIndex=0
2023-09-01 02:13:22,959 [grpc-default-executor-2] INFO  impl.SnapshotInstallationHandler (SnapshotInstallationHandler.java:installSnapshot(89)) - s2@group-0DB13EEF429C: receive installSnapshot: s0->s2#0-t1,chunk:9d86e9a0-5bea-4461-99b5-92bb197aa868,1
2023-09-01 02:13:22,959 [grpc-default-executor-2] TRACE util.FileUtils (LogUtils.java:runAndLog(49)) - Successfully ran Files.createDirectories /home/runner/work/ratis/ratis/ratis-test/target/test/data/1f94b248/MiniRaftClusterWithGrpc9e69d58d/s2/694f0182-f33e-47e3-9b9e-0db13eef429c/tmp/snapshot-9d86e9a0-5bea-4461-99b5-92bb197aa868
2023-09-01 02:13:22,959 [grpc-default-executor-2] INFO  storage.SnapshotManager (SnapshotManager.java:installSnapshot(89)) - Installing snapshot:s0->s2#0-t1,chunk:9d86e9a0-5bea-4461-99b5-92bb197aa868,1, to tmp dir:/home/runner/work/ratis/ratis/ratis-test/target/test/data/1f94b248/MiniRaftClusterWithGrpc9e69d58d/s2/694f0182-f33e-47e3-9b9e-0db13eef429c/tmp/snapshot-9d86e9a0-5bea-4461-99b5-92bb197aa868
2023-09-01 02:13:22,959 [grpc-default-executor-2] TRACE util.FileUtils (LogUtils.java:runAndLog(49)) - Successfully ran Files.createDirectories /home/runner/work/ratis/ratis/ratis-test/target/test/data/1f94b248/MiniRaftClusterWithGrpc9e69d58d/s2/694f0182-f33e-47e3-9b9e-0db13eef429c/tmp/snapshot-9d86e9a0-5bea-4461-99b5-92bb197aa868/snapshot/sub
2023-09-01 02:13:22,960 [grpc-default-executor-2] INFO  impl.SnapshotInstallationHandler (SnapshotInstallationHandler.java:installSnapshot(100)) - s2@group-0DB13EEF429C: reply installSnapshot: s0<-s2#0:OK-t1,SUCCESS,requestIndex=1
2023-09-01 02:13:22,960 [grpc-default-executor-1] INFO  server.GrpcLogAppender (GrpcLogAppender.java:onNext(557)) - s0@group-0DB13EEF429C->s2-InstallSnapshotResponseHandler: Completed InstallSnapshot. Reply: serverReply {
  requestorId: "s0"
  replyId: "s2"
  raftGroupId {
    id: "iO\001\202\363>G\343\233\236\r\261>\357B\234"
  }
  success: true
}
requestIndex: 0

2023-09-01 02:13:22,962 [grpc-default-executor-1] INFO  leader.FollowerInfo (FollowerInfoImpl.java:setAttemptedToInstallSnapshot(126)) - Follower s0@group-0DB13EEF429C->s2 acknowledged installing snapshot
2023-09-01 02:13:22,962 [grpc-default-executor-2] INFO  impl.SnapshotInstallationHandler (SnapshotInstallationHandler.java:installSnapshot(89)) - s2@group-0DB13EEF429C: receive installSnapshot: s0->s2#0-t1,chunk:9d86e9a0-5bea-4461-99b5-92bb197aa868,2
2023-09-01 02:13:22,962 [grpc-default-executor-2] TRACE util.FileUtils (LogUtils.java:runAndLog(49)) - Successfully ran Files.createDirectories /home/runner/work/ratis/ratis/ratis-test/target/test/data/1f94b248/MiniRaftClusterWithGrpc9e69d58d/s2/694f0182-f33e-47e3-9b9e-0db13eef429c/tmp/snapshot-9d86e9a0-5bea-4461-99b5-92bb197aa868
2023-09-01 02:13:22,962 [grpc-default-executor-2] INFO  storage.SnapshotManager (SnapshotManager.java:installSnapshot(89)) - Installing snapshot:s0->s2#0-t1,chunk:9d86e9a0-5bea-4461-99b5-92bb197aa868,2, to tmp dir:/home/runner/work/ratis/ratis/ratis-test/target/test/data/1f94b248/MiniRaftClusterWithGrpc9e69d58d/s2/694f0182-f33e-47e3-9b9e-0db13eef429c/tmp/snapshot-9d86e9a0-5bea-4461-99b5-92bb197aa868
2023-09-01 02:13:22,962 [grpc-default-executor-2] TRACE util.FileUtils (LogUtils.java:runAndLog(49)) - Successfully ran Files.createDirectories /home/runner/work/ratis/ratis/ratis-test/target/test/data/1f94b248/MiniRaftClusterWithGrpc9e69d58d/s2/694f0182-f33e-47e3-9b9e-0db13eef429c/tmp/snapshot-9d86e9a0-5bea-4461-99b5-92bb197aa868/snapshot/sub
2023-09-01 02:13:22,963 [grpc-default-executor-1] INFO  server.GrpcLogAppender (GrpcLogAppender.java:onNext(543)) - s0@group-0DB13EEF429C->s2-InstallSnapshotResponseHandler: received a reply s0<-s2#0:OK-t1,SUCCESS,requestIndex=1
2023-09-01 02:13:22,962 [grpc-default-executor-0] INFO  server.RaftServer$Division (ServerState.java:setRaftConf(377)) - s1@group-0DB13EEF429C: set configuration 0: peers:[s0|rpc:localhost:35361|admin:localhost:44939|client:localhost:32867|dataStream:localhost:38529|priority:0|startupRole:FOLLOWER]|listeners:[], old=null
2023-09-01 02:13:22,963 [grpc-default-executor-1] INFO  server.GrpcLogAppender (GrpcLogAppender.java:onNext(557)) - s0@group-0DB13EEF429C->s2-InstallSnapshotResponseHandler: Completed InstallSnapshot. Reply: serverReply {
  requestorId: "s0"
  replyId: "s2"
  raftGroupId {
    id: "iO\001\202\363>G\343\233\236\r\261>\357B\234"
  }
  success: true
}
term: 1
requestIndex: 1

2023-09-01 02:13:22,963 [grpc-default-executor-0] INFO  impl.SnapshotInstallationHandler (SnapshotInstallationHandler.java:installSnapshot(100)) - s1@group-0DB13EEF429C: reply installSnapshot: s0<-s1#0:OK-t0,SUCCESS,requestIndex=0
2023-09-01 02:13:22,963 [grpc-default-executor-1] INFO  leader.FollowerInfo (FollowerInfoImpl.java:setAttemptedToInstallSnapshot(126)) - Follower s0@group-0DB13EEF429C->s2 acknowledged installing snapshot
2023-09-01 02:13:22,964 [grpc-default-executor-0] INFO  impl.SnapshotInstallationHandler (SnapshotInstallationHandler.java:installSnapshot(89)) - s1@group-0DB13EEF429C: receive installSnapshot: s0->s1#0-t1,chunk:1fe48c26-1231-4216-94a7-848cc2b62ea3,1
2023-09-01 02:13:22,964 [grpc-default-executor-0] TRACE util.FileUtils (LogUtils.java:runAndLog(49)) - Successfully ran Files.createDirectories /home/runner/work/ratis/ratis/ratis-test/target/test/data/1f94b248/MiniRaftClusterWithGrpc9e69d58d/s1/694f0182-f33e-47e3-9b9e-0db13eef429c/tmp/snapshot-1fe48c26-1231-4216-94a7-848cc2b62ea3
2023-09-01 02:13:22,964 [grpc-default-executor-0] INFO  storage.SnapshotManager (SnapshotManager.java:installSnapshot(89)) - Installing snapshot:s0->s1#0-t1,chunk:1fe48c26-1231-4216-94a7-848cc2b62ea3,1, to tmp dir:/home/runner/work/ratis/ratis/ratis-test/target/test/data/1f94b248/MiniRaftClusterWithGrpc9e69d58d/s1/694f0182-f33e-47e3-9b9e-0db13eef429c/tmp/snapshot-1fe48c26-1231-4216-94a7-848cc2b62ea3
2023-09-01 02:13:22,964 [grpc-default-executor-1] INFO  server.GrpcLogAppender (GrpcLogAppender.java:onNext(543)) - s0@group-0DB13EEF429C->s1-InstallSnapshotResponseHandler: received the first reply s0<-s1#0:OK-t0,SUCCESS,requestIndex=0
2023-09-01 02:13:22,964 [grpc-default-executor-0] TRACE util.FileUtils (LogUtils.java:runAndLog(49)) - Successfully ran Files.createDirectories /home/runner/work/ratis/ratis/ratis-test/target/test/data/1f94b248/MiniRaftClusterWithGrpc9e69d58d/s1/694f0182-f33e-47e3-9b9e-0db13eef429c/tmp/snapshot-1fe48c26-1231-4216-94a7-848cc2b62ea3/snapshot/sub
2023-09-01 02:13:22,964 [grpc-default-executor-1] INFO  server.GrpcLogAppender (GrpcLogAppender.java:onNext(557)) - s0@group-0DB13EEF429C->s1-InstallSnapshotResponseHandler: Completed InstallSnapshot. Reply: serverReply {
  requestorId: "s0"
  replyId: "s1"
  raftGroupId {
    id: "iO\001\202\363>G\343\233\236\r\261>\357B\234"
  }
  success: true
}
requestIndex: 0

2023-09-01 02:13:22,964 [grpc-default-executor-1] INFO  leader.FollowerInfo (FollowerInfoImpl.java:setAttemptedToInstallSnapshot(126)) - Follower s0@group-0DB13EEF429C->s1 acknowledged installing snapshot
2023-09-01 02:13:22,964 [grpc-default-executor-0] INFO  impl.SnapshotInstallationHandler (SnapshotInstallationHandler.java:installSnapshot(100)) - s1@group-0DB13EEF429C: reply installSnapshot: s0<-s1#0:OK-t1,SUCCESS,requestIndex=1
2023-09-01 02:13:22,965 [grpc-default-executor-2] INFO  impl.SnapshotInstallationHandler (SnapshotInstallationHandler.java:installSnapshot(100)) - s2@group-0DB13EEF429C: reply installSnapshot: s0<-s2#0:OK-t1,SUCCESS,requestIndex=2
2023-09-01 02:13:22,965 [grpc-default-executor-1] INFO  impl.SnapshotInstallationHandler (SnapshotInstallationHandler.java:installSnapshot(89)) - s2@group-0DB13EEF429C: receive installSnapshot: s0->s2#0-t1,chunk:9d86e9a0-5bea-4461-99b5-92bb197aa868,3
2023-09-01 02:13:22,968 [grpc-default-executor-2] INFO  server.GrpcLogAppender (GrpcLogAppender.java:onNext(543)) - s0@group-0DB13EEF429C->s1-InstallSnapshotResponseHandler: received a reply s0<-s1#0:OK-t1,SUCCESS,requestIndex=1
2023-09-01 02:13:22,969 [grpc-default-executor-2] INFO  server.GrpcLogAppender (GrpcLogAppender.java:onNext(557)) - s0@group-0DB13EEF429C->s1-InstallSnapshotResponseHandler: Completed InstallSnapshot. Reply: serverReply {
  requestorId: "s0"
  replyId: "s1"
  raftGroupId {
    id: "iO\001\202\363>G\343\233\236\r\261>\357B\234"
  }
  success: true
}
term: 1
requestIndex: 1

2023-09-01 02:13:22,969 [grpc-default-executor-0] INFO  impl.SnapshotInstallationHandler (SnapshotInstallationHandler.java:installSnapshot(89)) - s1@group-0DB13EEF429C: receive installSnapshot: s0->s1#0-t1,chunk:1fe48c26-1231-4216-94a7-848cc2b62ea3,2
2023-09-01 02:13:22,969 [grpc-default-executor-0] TRACE util.FileUtils (LogUtils.java:runAndLog(49)) - Successfully ran Files.createDirectories /home/runner/work/ratis/ratis/ratis-test/target/test/data/1f94b248/MiniRaftClusterWithGrpc9e69d58d/s1/694f0182-f33e-47e3-9b9e-0db13eef429c/tmp/snapshot-1fe48c26-1231-4216-94a7-848cc2b62ea3
2023-09-01 02:13:22,969 [grpc-default-executor-0] INFO  storage.SnapshotManager (SnapshotManager.java:installSnapshot(89)) - Installing snapshot:s0->s1#0-t1,chunk:1fe48c26-1231-4216-94a7-848cc2b62ea3,2, to tmp dir:/home/runner/work/ratis/ratis/ratis-test/target/test/data/1f94b248/MiniRaftClusterWithGrpc9e69d58d/s1/694f0182-f33e-47e3-9b9e-0db13eef429c/tmp/snapshot-1fe48c26-1231-4216-94a7-848cc2b62ea3
2023-09-01 02:13:22,969 [grpc-default-executor-0] TRACE util.FileUtils (LogUtils.java:runAndLog(49)) - Successfully ran Files.createDirectories /home/runner/work/ratis/ratis/ratis-test/target/test/data/1f94b248/MiniRaftClusterWithGrpc9e69d58d/s1/694f0182-f33e-47e3-9b9e-0db13eef429c/tmp/snapshot-1fe48c26-1231-4216-94a7-848cc2b62ea3/snapshot/sub
2023-09-01 02:13:22,970 [grpc-default-executor-0] INFO  impl.SnapshotInstallationHandler (SnapshotInstallationHandler.java:installSnapshot(100)) - s1@group-0DB13EEF429C: reply installSnapshot: s0<-s1#0:OK-t1,SUCCESS,requestIndex=2
2023-09-01 02:13:22,972 [grpc-default-executor-0] INFO  impl.SnapshotInstallationHandler (SnapshotInstallationHandler.java:installSnapshot(89)) - s1@group-0DB13EEF429C: receive installSnapshot: s0->s1#0-t1,chunk:1fe48c26-1231-4216-94a7-848cc2b62ea3,3
2023-09-01 02:13:22,972 [grpc-default-executor-1] TRACE util.FileUtils (LogUtils.java:runAndLog(49)) - Successfully ran Files.createDirectories /home/runner/work/ratis/ratis/ratis-test/target/test/data/1f94b248/MiniRaftClusterWithGrpc9e69d58d/s2/694f0182-f33e-47e3-9b9e-0db13eef429c/tmp/snapshot-9d86e9a0-5bea-4461-99b5-92bb197aa868
2023-09-01 02:13:22,973 [grpc-default-executor-1] INFO  storage.SnapshotManager (SnapshotManager.java:installSnapshot(89)) - Installing snapshot:s0->s2#0-t1,chunk:9d86e9a0-5bea-4461-99b5-92bb197aa868,3, to tmp dir:/home/runner/work/ratis/ratis/ratis-test/target/test/data/1f94b248/MiniRaftClusterWithGrpc9e69d58d/s2/694f0182-f33e-47e3-9b9e-0db13eef429c/tmp/snapshot-9d86e9a0-5bea-4461-99b5-92bb197aa868
2023-09-01 02:13:22,973 [grpc-default-executor-0] TRACE util.FileUtils (LogUtils.java:runAndLog(49)) - Successfully ran Files.createDirectories /home/runner/work/ratis/ratis/ratis-test/target/test/data/1f94b248/MiniRaftClusterWithGrpc9e69d58d/s1/694f0182-f33e-47e3-9b9e-0db13eef429c/tmp/snapshot-1fe48c26-1231-4216-94a7-848cc2b62ea3
2023-09-01 02:13:22,973 [grpc-default-executor-0] INFO  storage.SnapshotManager (SnapshotManager.java:installSnapshot(89)) - Installing snapshot:s0->s1#0-t1,chunk:1fe48c26-1231-4216-94a7-848cc2b62ea3,3, to tmp dir:/home/runner/work/ratis/ratis/ratis-test/target/test/data/1f94b248/MiniRaftClusterWithGrpc9e69d58d/s1/694f0182-f33e-47e3-9b9e-0db13eef429c/tmp/snapshot-1fe48c26-1231-4216-94a7-848cc2b62ea3
2023-09-01 02:13:22,973 [grpc-default-executor-1] TRACE util.FileUtils (LogUtils.java:runAndLog(49)) - Successfully ran Files.createDirectories /home/runner/work/ratis/ratis/ratis-test/target/test/data/1f94b248/MiniRaftClusterWithGrpc9e69d58d/s2/694f0182-f33e-47e3-9b9e-0db13eef429c/tmp/snapshot-9d86e9a0-5bea-4461-99b5-92bb197aa868/snapshot/sub
2023-09-01 02:13:22,973 [grpc-default-executor-0] TRACE util.FileUtils (LogUtils.java:runAndLog(49)) - Successfully ran Files.createDirectories /home/runner/work/ratis/ratis/ratis-test/target/test/data/1f94b248/MiniRaftClusterWithGrpc9e69d58d/s1/694f0182-f33e-47e3-9b9e-0db13eef429c/tmp/snapshot-1fe48c26-1231-4216-94a7-848cc2b62ea3/snapshot/sub
2023-09-01 02:13:22,973 [grpc-default-executor-1] INFO  impl.SnapshotInstallationHandler (SnapshotInstallationHandler.java:installSnapshot(100)) - s2@group-0DB13EEF429C: reply installSnapshot: s0<-s2#0:OK-t1,SUCCESS,requestIndex=3
2023-09-01 02:13:22,973 [grpc-default-executor-0] INFO  impl.SnapshotInstallationHandler (SnapshotInstallationHandler.java:installSnapshot(100)) - s1@group-0DB13EEF429C: reply installSnapshot: s0<-s1#0:OK-t1,SUCCESS,requestIndex=3
2023-09-01 02:13:22,969 [grpc-default-executor-2] INFO  leader.FollowerInfo (FollowerInfoImpl.java:setAttemptedToInstallSnapshot(126)) - Follower s0@group-0DB13EEF429C->s1 acknowledged installing snapshot
2023-09-01 02:13:22,974 [grpc-default-executor-0] INFO  server.GrpcLogAppender (GrpcLogAppender.java:onNext(543)) - s0@group-0DB13EEF429C->s1-InstallSnapshotResponseHandler: received a reply s0<-s1#0:OK-t1,SUCCESS,requestIndex=2
2023-09-01 02:13:22,974 [grpc-default-executor-0] INFO  server.GrpcLogAppender (GrpcLogAppender.java:onNext(557)) - s0@group-0DB13EEF429C->s1-InstallSnapshotResponseHandler: Completed InstallSnapshot. Reply: serverReply {
  requestorId: "s0"
  replyId: "s1"
  raftGroupId {
    id: "iO\001\202\363>G\343\233\236\r\261>\357B\234"
  }
  success: true
}
term: 1
requestIndex: 2

2023-09-01 02:13:22,974 [grpc-default-executor-0] INFO  leader.FollowerInfo (FollowerInfoImpl.java:setAttemptedToInstallSnapshot(126)) - Follower s0@group-0DB13EEF429C->s1 acknowledged installing snapshot
2023-09-01 02:13:22,974 [grpc-default-executor-3] INFO  server.GrpcLogAppender (GrpcLogAppender.java:onNext(543)) - s0@group-0DB13EEF429C->s2-InstallSnapshotResponseHandler: received a reply s0<-s2#0:OK-t1,SUCCESS,requestIndex=2
2023-09-01 02:13:22,974 [grpc-default-executor-3] INFO  server.GrpcLogAppender (GrpcLogAppender.java:onNext(557)) - s0@group-0DB13EEF429C->s2-InstallSnapshotResponseHandler: Completed InstallSnapshot. Reply: serverReply {
  requestorId: "s0"
  replyId: "s2"
  raftGroupId {
    id: "iO\001\202\363>G\343\233\236\r\261>\357B\234"
  }
  success: true
}
term: 1
requestIndex: 2

2023-09-01 02:13:22,975 [grpc-default-executor-3] INFO  leader.FollowerInfo (FollowerInfoImpl.java:setAttemptedToInstallSnapshot(126)) - Follower s0@group-0DB13EEF429C->s2 acknowledged installing snapshot
2023-09-01 02:13:22,975 [grpc-default-executor-0] INFO  impl.SnapshotInstallationHandler (SnapshotInstallationHandler.java:installSnapshot(89)) - s2@group-0DB13EEF429C: receive installSnapshot: s0->s2#0-t1,chunk:9d86e9a0-5bea-4461-99b5-92bb197aa868,4
2023-09-01 02:13:22,975 [grpc-default-executor-0] TRACE util.FileUtils (LogUtils.java:runAndLog(49)) - Successfully ran Files.createDirectories /home/runner/work/ratis/ratis/ratis-test/target/test/data/1f94b248/MiniRaftClusterWithGrpc9e69d58d/s2/694f0182-f33e-47e3-9b9e-0db13eef429c/tmp/snapshot-9d86e9a0-5bea-4461-99b5-92bb197aa868
2023-09-01 02:13:22,975 [grpc-default-executor-0] INFO  storage.SnapshotManager (SnapshotManager.java:installSnapshot(89)) - Installing snapshot:s0->s2#0-t1,chunk:9d86e9a0-5bea-4461-99b5-92bb197aa868,4, to tmp dir:/home/runner/work/ratis/ratis/ratis-test/target/test/data/1f94b248/MiniRaftClusterWithGrpc9e69d58d/s2/694f0182-f33e-47e3-9b9e-0db13eef429c/tmp/snapshot-9d86e9a0-5bea-4461-99b5-92bb197aa868
2023-09-01 02:13:22,975 [grpc-default-executor-2] INFO  impl.SnapshotInstallationHandler (SnapshotInstallationHandler.java:installSnapshot(89)) - s1@group-0DB13EEF429C: receive installSnapshot: s0->s1#0-t1,chunk:1fe48c26-1231-4216-94a7-848cc2b62ea3,4
2023-09-01 02:13:22,975 [grpc-default-executor-0] TRACE util.FileUtils (LogUtils.java:runAndLog(49)) - Successfully ran Files.createDirectories /home/runner/work/ratis/ratis/ratis-test/target/test/data/1f94b248/MiniRaftClusterWithGrpc9e69d58d/s2/694f0182-f33e-47e3-9b9e-0db13eef429c/tmp/snapshot-9d86e9a0-5bea-4461-99b5-92bb197aa868/snapshot/sub
2023-09-01 02:13:22,975 [grpc-default-executor-2] TRACE util.FileUtils (LogUtils.java:runAndLog(49)) - Successfully ran Files.createDirectories /home/runner/work/ratis/ratis/ratis-test/target/test/data/1f94b248/MiniRaftClusterWithGrpc9e69d58d/s1/694f0182-f33e-47e3-9b9e-0db13eef429c/tmp/snapshot-1fe48c26-1231-4216-94a7-848cc2b62ea3
2023-09-01 02:13:22,976 [grpc-default-executor-2] INFO  storage.SnapshotManager (SnapshotManager.java:installSnapshot(89)) - Installing snapshot:s0->s1#0-t1,chunk:1fe48c26-1231-4216-94a7-848cc2b62ea3,4, to tmp dir:/home/runner/work/ratis/ratis/ratis-test/target/test/data/1f94b248/MiniRaftClusterWithGrpc9e69d58d/s1/694f0182-f33e-47e3-9b9e-0db13eef429c/tmp/snapshot-1fe48c26-1231-4216-94a7-848cc2b62ea3
2023-09-01 02:13:22,976 [grpc-default-executor-2] TRACE util.FileUtils (LogUtils.java:runAndLog(49)) - Successfully ran Files.createDirectories /home/runner/work/ratis/ratis/ratis-test/target/test/data/1f94b248/MiniRaftClusterWithGrpc9e69d58d/s1/694f0182-f33e-47e3-9b9e-0db13eef429c/tmp/snapshot-1fe48c26-1231-4216-94a7-848cc2b62ea3/snapshot/sub
2023-09-01 02:13:22,976 [grpc-default-executor-3] INFO  server.GrpcLogAppender (GrpcLogAppender.java:onNext(543)) - s0@group-0DB13EEF429C->s2-InstallSnapshotResponseHandler: received a reply s0<-s2#0:OK-t1,SUCCESS,requestIndex=3
2023-09-01 02:13:22,975 [grpc-default-executor-1] INFO  server.GrpcLogAppender (GrpcLogAppender.java:onNext(543)) - s0@group-0DB13EEF429C->s1-InstallSnapshotResponseHandler: received a reply s0<-s1#0:OK-t1,SUCCESS,requestIndex=3
2023-09-01 02:13:22,977 [grpc-default-executor-0] INFO  impl.SnapshotInstallationHandler (SnapshotInstallationHandler.java:installSnapshot(100)) - s2@group-0DB13EEF429C: reply installSnapshot: s0<-s2#0:OK-t1,SUCCESS,requestIndex=4
2023-09-01 02:13:22,977 [grpc-default-executor-1] INFO  server.GrpcLogAppender (GrpcLogAppender.java:onNext(557)) - s0@group-0DB13EEF429C->s1-InstallSnapshotResponseHandler: Completed InstallSnapshot. Reply: serverReply {
  requestorId: "s0"
  replyId: "s1"
  raftGroupId {
    id: "iO\001\202\363>G\343\233\236\r\261>\357B\234"
  }
  success: true
}
term: 1
requestIndex: 3

2023-09-01 02:13:22,977 [grpc-default-executor-1] INFO  leader.FollowerInfo (FollowerInfoImpl.java:setAttemptedToInstallSnapshot(126)) - Follower s0@group-0DB13EEF429C->s1 acknowledged installing snapshot
2023-09-01 02:13:22,978 [grpc-default-executor-3] INFO  server.GrpcLogAppender (GrpcLogAppender.java:onNext(557)) - s0@group-0DB13EEF429C->s2-InstallSnapshotResponseHandler: Completed InstallSnapshot. Reply: serverReply {
  requestorId: "s0"
  replyId: "s2"
  raftGroupId {
    id: "iO\001\202\363>G\343\233\236\r\261>\357B\234"
  }
  success: true
}
term: 1
requestIndex: 3

2023-09-01 02:13:22,978 [grpc-default-executor-1] INFO  impl.SnapshotInstallationHandler (SnapshotInstallationHandler.java:installSnapshot(89)) - s2@group-0DB13EEF429C: receive installSnapshot: s0->s2#0-t1,chunk:9d86e9a0-5bea-4461-99b5-92bb197aa868,5
2023-09-01 02:13:22,978 [grpc-default-executor-1] TRACE util.FileUtils (LogUtils.java:runAndLog(49)) - Successfully ran Files.createDirectories /home/runner/work/ratis/ratis/ratis-test/target/test/data/1f94b248/MiniRaftClusterWithGrpc9e69d58d/s2/694f0182-f33e-47e3-9b9e-0db13eef429c/tmp/snapshot-9d86e9a0-5bea-4461-99b5-92bb197aa868
2023-09-01 02:13:22,978 [grpc-default-executor-1] INFO  storage.SnapshotManager (SnapshotManager.java:installSnapshot(89)) - Installing snapshot:s0->s2#0-t1,chunk:9d86e9a0-5bea-4461-99b5-92bb197aa868,5, to tmp dir:/home/runner/work/ratis/ratis/ratis-test/target/test/data/1f94b248/MiniRaftClusterWithGrpc9e69d58d/s2/694f0182-f33e-47e3-9b9e-0db13eef429c/tmp/snapshot-9d86e9a0-5bea-4461-99b5-92bb197aa868
2023-09-01 02:13:22,978 [grpc-default-executor-1] TRACE util.FileUtils (LogUtils.java:runAndLog(49)) - Successfully ran Files.createDirectories /home/runner/work/ratis/ratis/ratis-test/target/test/data/1f94b248/MiniRaftClusterWithGrpc9e69d58d/s2/694f0182-f33e-47e3-9b9e-0db13eef429c/tmp/snapshot-9d86e9a0-5bea-4461-99b5-92bb197aa868
2023-09-01 02:13:22,978 [grpc-default-executor-1] INFO  impl.SnapshotInstallationHandler (SnapshotInstallationHandler.java:installSnapshot(100)) - s2@group-0DB13EEF429C: reply installSnapshot: s0<-s2#0:OK-t1,SUCCESS,requestIndex=5
2023-09-01 02:13:22,979 [grpc-default-executor-1] INFO  impl.SnapshotInstallationHandler (SnapshotInstallationHandler.java:installSnapshot(89)) - s2@group-0DB13EEF429C: receive installSnapshot: s0->s2#0-t1,chunk:9d86e9a0-5bea-4461-99b5-92bb197aa868,6
2023-09-01 02:13:22,979 [grpc-default-executor-1] TRACE util.FileUtils (LogUtils.java:runAndLog(49)) - Successfully ran Files.createDirectories /home/runner/work/ratis/ratis/ratis-test/target/test/data/1f94b248/MiniRaftClusterWithGrpc9e69d58d/s2/694f0182-f33e-47e3-9b9e-0db13eef429c/tmp/snapshot-9d86e9a0-5bea-4461-99b5-92bb197aa868
2023-09-01 02:13:22,978 [grpc-default-executor-3] INFO  leader.FollowerInfo (FollowerInfoImpl.java:setAttemptedToInstallSnapshot(126)) - Follower s0@group-0DB13EEF429C->s2 acknowledged installing snapshot
2023-09-01 02:13:22,979 [grpc-default-executor-1] INFO  storage.SnapshotManager (SnapshotManager.java:installSnapshot(89)) - Installing snapshot:s0->s2#0-t1,chunk:9d86e9a0-5bea-4461-99b5-92bb197aa868,6, to tmp dir:/home/runner/work/ratis/ratis/ratis-test/target/test/data/1f94b248/MiniRaftClusterWithGrpc9e69d58d/s2/694f0182-f33e-47e3-9b9e-0db13eef429c/tmp/snapshot-9d86e9a0-5bea-4461-99b5-92bb197aa868
2023-09-01 02:13:22,980 [grpc-default-executor-2] INFO  impl.SnapshotInstallationHandler (SnapshotInstallationHandler.java:installSnapshot(100)) - s1@group-0DB13EEF429C: reply installSnapshot: s0<-s1#0:OK-t1,SUCCESS,requestIndex=4
2023-09-01 02:13:22,980 [grpc-default-executor-3] INFO  server.GrpcLogAppender (GrpcLogAppender.java:onNext(543)) - s0@group-0DB13EEF429C->s2-InstallSnapshotResponseHandler: received a reply s0<-s2#0:OK-t1,SUCCESS,requestIndex=4
2023-09-01 02:13:22,982 [grpc-default-executor-1] TRACE util.FileUtils (LogUtils.java:runAndLog(49)) - Successfully ran Files.createDirectories /home/runner/work/ratis/ratis/ratis-test/target/test/data/1f94b248/MiniRaftClusterWithGrpc9e69d58d/s2/694f0182-f33e-47e3-9b9e-0db13eef429c/tmp/snapshot-9d86e9a0-5bea-4461-99b5-92bb197aa868
2023-09-01 02:13:22,982 [grpc-default-executor-1] INFO  impl.SnapshotInstallationHandler (SnapshotInstallationHandler.java:installSnapshot(100)) - s2@group-0DB13EEF429C: reply installSnapshot: s0<-s2#0:OK-t1,SUCCESS,requestIndex=6
2023-09-01 02:13:22,982 [grpc-default-executor-2] INFO  impl.SnapshotInstallationHandler (SnapshotInstallationHandler.java:installSnapshot(89)) - s1@group-0DB13EEF429C: receive installSnapshot: s0->s1#0-t1,chunk:1fe48c26-1231-4216-94a7-848cc2b62ea3,5
2023-09-01 02:13:22,982 [grpc-default-executor-0] INFO  server.GrpcLogAppender (GrpcLogAppender.java:onNext(543)) - s0@group-0DB13EEF429C->s1-InstallSnapshotResponseHandler: received a reply s0<-s1#0:OK-t1,SUCCESS,requestIndex=4
2023-09-01 02:13:22,983 [grpc-default-executor-2] TRACE util.FileUtils (LogUtils.java:runAndLog(49)) - Successfully ran Files.createDirectories /home/runner/work/ratis/ratis/ratis-test/target/test/data/1f94b248/MiniRaftClusterWithGrpc9e69d58d/s1/694f0182-f33e-47e3-9b9e-0db13eef429c/tmp/snapshot-1fe48c26-1231-4216-94a7-848cc2b62ea3
2023-09-01 02:13:22,983 [grpc-default-executor-2] INFO  storage.SnapshotManager (SnapshotManager.java:installSnapshot(89)) - Installing snapshot:s0->s1#0-t1,chunk:1fe48c26-1231-4216-94a7-848cc2b62ea3,5, to tmp dir:/home/runner/work/ratis/ratis/ratis-test/target/test/data/1f94b248/MiniRaftClusterWithGrpc9e69d58d/s1/694f0182-f33e-47e3-9b9e-0db13eef429c/tmp/snapshot-1fe48c26-1231-4216-94a7-848cc2b62ea3
2023-09-01 02:13:22,983 [grpc-default-executor-2] TRACE util.FileUtils (LogUtils.java:runAndLog(49)) - Successfully ran Files.createDirectories /home/runner/work/ratis/ratis/ratis-test/target/test/data/1f94b248/MiniRaftClusterWithGrpc9e69d58d/s1/694f0182-f33e-47e3-9b9e-0db13eef429c/tmp/snapshot-1fe48c26-1231-4216-94a7-848cc2b62ea3
2023-09-01 02:13:22,984 [grpc-default-executor-1] INFO  impl.SnapshotInstallationHandler (SnapshotInstallationHandler.java:installSnapshot(89)) - s2@group-0DB13EEF429C: receive installSnapshot: s0->s2#0-t1,chunk:9d86e9a0-5bea-4461-99b5-92bb197aa868,7
2023-09-01 02:13:22,984 [grpc-default-executor-1] TRACE util.FileUtils (LogUtils.java:runAndLog(49)) - Successfully ran Files.createDirectories /home/runner/work/ratis/ratis/ratis-test/target/test/data/1f94b248/MiniRaftClusterWithGrpc9e69d58d/s2/694f0182-f33e-47e3-9b9e-0db13eef429c/tmp/snapshot-9d86e9a0-5bea-4461-99b5-92bb197aa868
2023-09-01 02:13:22,984 [grpc-default-executor-1] INFO  storage.SnapshotManager (SnapshotManager.java:installSnapshot(89)) - Installing snapshot:s0->s2#0-t1,chunk:9d86e9a0-5bea-4461-99b5-92bb197aa868,7, to tmp dir:/home/runner/work/ratis/ratis/ratis-test/target/test/data/1f94b248/MiniRaftClusterWithGrpc9e69d58d/s2/694f0182-f33e-47e3-9b9e-0db13eef429c/tmp/snapshot-9d86e9a0-5bea-4461-99b5-92bb197aa868
2023-09-01 02:13:22,984 [grpc-default-executor-1] TRACE util.FileUtils (LogUtils.java:runAndLog(49)) - Successfully ran Files.createDirectories /home/runner/work/ratis/ratis/ratis-test/target/test/data/1f94b248/MiniRaftClusterWithGrpc9e69d58d/s2/694f0182-f33e-47e3-9b9e-0db13eef429c/tmp/snapshot-9d86e9a0-5bea-4461-99b5-92bb197aa868
2023-09-01 02:13:22,984 [grpc-default-executor-0] INFO  server.GrpcLogAppender (GrpcLogAppender.java:onNext(557)) - s0@group-0DB13EEF429C->s1-InstallSnapshotResponseHandler: Completed InstallSnapshot. Reply: serverReply {
  requestorId: "s0"
  replyId: "s1"
  raftGroupId {
    id: "iO\001\202\363>G\343\233\236\r\261>\357B\234"
  }
  success: true
}
term: 1
requestIndex: 4

2023-09-01 02:13:22,984 [grpc-default-executor-0] INFO  leader.FollowerInfo (FollowerInfoImpl.java:setAttemptedToInstallSnapshot(126)) - Follower s0@group-0DB13EEF429C->s1 acknowledged installing snapshot
2023-09-01 02:13:22,984 [grpc-default-executor-1] INFO  impl.SnapshotInstallationHandler (SnapshotInstallationHandler.java:installSnapshot(100)) - s2@group-0DB13EEF429C: reply installSnapshot: s0<-s2#0:OK-t1,SUCCESS,requestIndex=7
2023-09-01 02:13:22,985 [grpc-default-executor-2] INFO  impl.SnapshotInstallationHandler (SnapshotInstallationHandler.java:installSnapshot(100)) - s1@group-0DB13EEF429C: reply installSnapshot: s0<-s1#0:OK-t1,SUCCESS,requestIndex=5
2023-09-01 02:13:22,985 [grpc-default-executor-0] INFO  server.GrpcLogAppender (GrpcLogAppender.java:onNext(543)) - s0@group-0DB13EEF429C->s1-InstallSnapshotResponseHandler: received a reply s0<-s1#0:OK-t1,SUCCESS,requestIndex=5
2023-09-01 02:13:22,985 [grpc-default-executor-2] INFO  impl.SnapshotInstallationHandler (SnapshotInstallationHandler.java:installSnapshot(89)) - s1@group-0DB13EEF429C: receive installSnapshot: s0->s1#0-t1,chunk:1fe48c26-1231-4216-94a7-848cc2b62ea3,6
2023-09-01 02:13:22,986 [grpc-default-executor-0] INFO  server.GrpcLogAppender (GrpcLogAppender.java:onNext(557)) - s0@group-0DB13EEF429C->s1-InstallSnapshotResponseHandler: Completed InstallSnapshot. Reply: serverReply {
  requestorId: "s0"
  replyId: "s1"
  raftGroupId {
    id: "iO\001\202\363>G\343\233\236\r\261>\357B\234"
  }
  success: true
}
term: 1
requestIndex: 5

2023-09-01 02:13:22,986 [grpc-default-executor-0] INFO  leader.FollowerInfo (FollowerInfoImpl.java:setAttemptedToInstallSnapshot(126)) - Follower s0@group-0DB13EEF429C->s1 acknowledged installing snapshot
2023-09-01 02:13:22,986 [grpc-default-executor-2] TRACE util.FileUtils (LogUtils.java:runAndLog(49)) - Successfully ran Files.createDirectories /home/runner/work/ratis/ratis/ratis-test/target/test/data/1f94b248/MiniRaftClusterWithGrpc9e69d58d/s1/694f0182-f33e-47e3-9b9e-0db13eef429c/tmp/snapshot-1fe48c26-1231-4216-94a7-848cc2b62ea3
2023-09-01 02:13:22,986 [grpc-default-executor-2] INFO  storage.SnapshotManager (SnapshotManager.java:installSnapshot(89)) - Installing snapshot:s0->s1#0-t1,chunk:1fe48c26-1231-4216-94a7-848cc2b62ea3,6, to tmp dir:/home/runner/work/ratis/ratis/ratis-test/target/test/data/1f94b248/MiniRaftClusterWithGrpc9e69d58d/s1/694f0182-f33e-47e3-9b9e-0db13eef429c/tmp/snapshot-1fe48c26-1231-4216-94a7-848cc2b62ea3
2023-09-01 02:13:22,986 [grpc-default-executor-3] INFO  server.GrpcLogAppender (GrpcLogAppender.java:onNext(557)) - s0@group-0DB13EEF429C->s2-InstallSnapshotResponseHandler: Completed InstallSnapshot. Reply: serverReply {
  requestorId: "s0"
  replyId: "s2"
  raftGroupId {
    id: "iO\001\202\363>G\343\233\236\r\261>\357B\234"
  }
  success: true
}
term: 1
requestIndex: 4

2023-09-01 02:13:22,986 [grpc-default-executor-2] TRACE util.FileUtils (LogUtils.java:runAndLog(49)) - Successfully ran Files.createDirectories /home/runner/work/ratis/ratis/ratis-test/target/test/data/1f94b248/MiniRaftClusterWithGrpc9e69d58d/s1/694f0182-f33e-47e3-9b9e-0db13eef429c/tmp/snapshot-1fe48c26-1231-4216-94a7-848cc2b62ea3
2023-09-01 02:13:22,986 [grpc-default-executor-3] INFO  leader.FollowerInfo (FollowerInfoImpl.java:setAttemptedToInstallSnapshot(126)) - Follower s0@group-0DB13EEF429C->s2 acknowledged installing snapshot
2023-09-01 02:13:22,986 [grpc-default-executor-1] INFO  impl.SnapshotInstallationHandler (SnapshotInstallationHandler.java:installSnapshot(89)) - s2@group-0DB13EEF429C: receive installSnapshot: s0->s2#0-t1,chunk:9d86e9a0-5bea-4461-99b5-92bb197aa868,8
2023-09-01 02:13:22,986 [grpc-default-executor-1] TRACE util.FileUtils (LogUtils.java:runAndLog(49)) - Successfully ran Files.createDirectories /home/runner/work/ratis/ratis/ratis-test/target/test/data/1f94b248/MiniRaftClusterWithGrpc9e69d58d/s2/694f0182-f33e-47e3-9b9e-0db13eef429c/tmp/snapshot-9d86e9a0-5bea-4461-99b5-92bb197aa868
2023-09-01 02:13:22,986 [grpc-default-executor-1] INFO  storage.SnapshotManager (SnapshotManager.java:installSnapshot(89)) - Installing snapshot:s0->s2#0-t1,chunk:9d86e9a0-5bea-4461-99b5-92bb197aa868,8, to tmp dir:/home/runner/work/ratis/ratis/ratis-test/target/test/data/1f94b248/MiniRaftClusterWithGrpc9e69d58d/s2/694f0182-f33e-47e3-9b9e-0db13eef429c/tmp/snapshot-9d86e9a0-5bea-4461-99b5-92bb197aa868
2023-09-01 02:13:22,987 [grpc-default-executor-1] TRACE util.FileUtils (LogUtils.java:runAndLog(49)) - Successfully ran Files.createDirectories /home/runner/work/ratis/ratis/ratis-test/target/test/data/1f94b248/MiniRaftClusterWithGrpc9e69d58d/s2/694f0182-f33e-47e3-9b9e-0db13eef429c/tmp/snapshot-9d86e9a0-5bea-4461-99b5-92bb197aa868
2023-09-01 02:13:22,987 [grpc-default-executor-1] INFO  impl.SnapshotInstallationHandler (SnapshotInstallationHandler.java:installSnapshot(100)) - s2@group-0DB13EEF429C: reply installSnapshot: s0<-s2#0:OK-t1,SUCCESS,requestIndex=8
2023-09-01 02:13:22,987 [grpc-default-executor-2] INFO  impl.SnapshotInstallationHandler (SnapshotInstallationHandler.java:installSnapshot(100)) - s1@group-0DB13EEF429C: reply installSnapshot: s0<-s1#0:OK-t1,SUCCESS,requestIndex=6
2023-09-01 02:13:22,988 [grpc-default-executor-0] INFO  server.GrpcLogAppender (GrpcLogAppender.java:onNext(543)) - s0@group-0DB13EEF429C->s1-InstallSnapshotResponseHandler: received a reply s0<-s1#0:OK-t1,SUCCESS,requestIndex=6
2023-09-01 02:13:22,988 [grpc-default-executor-2] INFO  impl.SnapshotInstallationHandler (SnapshotInstallationHandler.java:installSnapshot(89)) - s1@group-0DB13EEF429C: receive installSnapshot: s0->s1#0-t1,chunk:1fe48c26-1231-4216-94a7-848cc2b62ea3,7
2023-09-01 02:13:22,988 [grpc-default-executor-0] INFO  server.GrpcLogAppender (GrpcLogAppender.java:onNext(557)) - s0@group-0DB13EEF429C->s1-InstallSnapshotResponseHandler: Completed InstallSnapshot. Reply: serverReply {
  requestorId: "s0"
  replyId: "s1"
  raftGroupId {
    id: "iO\001\202\363>G\343\233\236\r\261>\357B\234"
  }
  success: true
}
term: 1
requestIndex: 6

2023-09-01 02:13:22,988 [grpc-default-executor-2] TRACE util.FileUtils (LogUtils.java:runAndLog(49)) - Successfully ran Files.createDirectories /home/runner/work/ratis/ratis/ratis-test/target/test/data/1f94b248/MiniRaftClusterWithGrpc9e69d58d/s1/694f0182-f33e-47e3-9b9e-0db13eef429c/tmp/snapshot-1fe48c26-1231-4216-94a7-848cc2b62ea3
2023-09-01 02:13:22,988 [grpc-default-executor-2] INFO  storage.SnapshotManager (SnapshotManager.java:installSnapshot(89)) - Installing snapshot:s0->s1#0-t1,chunk:1fe48c26-1231-4216-94a7-848cc2b62ea3,7, to tmp dir:/home/runner/work/ratis/ratis/ratis-test/target/test/data/1f94b248/MiniRaftClusterWithGrpc9e69d58d/s1/694f0182-f33e-47e3-9b9e-0db13eef429c/tmp/snapshot-1fe48c26-1231-4216-94a7-848cc2b62ea3
2023-09-01 02:13:22,988 [grpc-default-executor-3] INFO  server.GrpcLogAppender (GrpcLogAppender.java:onNext(543)) - s0@group-0DB13EEF429C->s2-InstallSnapshotResponseHandler: received a reply s0<-s2#0:OK-t1,SUCCESS,requestIndex=5
2023-09-01 02:13:22,988 [grpc-default-executor-2] TRACE util.FileUtils (LogUtils.java:runAndLog(49)) - Successfully ran Files.createDirectories /home/runner/work/ratis/ratis/ratis-test/target/test/data/1f94b248/MiniRaftClusterWithGrpc9e69d58d/s1/694f0182-f33e-47e3-9b9e-0db13eef429c/tmp/snapshot-1fe48c26-1231-4216-94a7-848cc2b62ea3
2023-09-01 02:13:22,989 [grpc-default-executor-3] INFO  server.GrpcLogAppender (GrpcLogAppender.java:onNext(557)) - s0@group-0DB13EEF429C->s2-InstallSnapshotResponseHandler: Completed InstallSnapshot. Reply: serverReply {
  requestorId: "s0"
  replyId: "s2"
  raftGroupId {
    id: "iO\001\202\363>G\343\233\236\r\261>\357B\234"
  }
  success: true
}
term: 1
requestIndex: 5

2023-09-01 02:13:22,989 [grpc-default-executor-3] INFO  leader.FollowerInfo (FollowerInfoImpl.java:setAttemptedToInstallSnapshot(126)) - Follower s0@group-0DB13EEF429C->s2 acknowledged installing snapshot
2023-09-01 02:13:22,989 [grpc-default-executor-2] INFO  impl.SnapshotInstallationHandler (SnapshotInstallationHandler.java:installSnapshot(100)) - s1@group-0DB13EEF429C: reply installSnapshot: s0<-s1#0:OK-t1,SUCCESS,requestIndex=7
2023-09-01 02:13:22,988 [grpc-default-executor-0] INFO  leader.FollowerInfo (FollowerInfoImpl.java:setAttemptedToInstallSnapshot(126)) - Follower s0@group-0DB13EEF429C->s1 acknowledged installing snapshot
2023-09-01 02:13:22,990 [grpc-default-executor-0] INFO  server.GrpcLogAppender (GrpcLogAppender.java:onNext(543)) - s0@group-0DB13EEF429C->s1-InstallSnapshotResponseHandler: received a reply s0<-s1#0:OK-t1,SUCCESS,requestIndex=7
2023-09-01 02:13:22,990 [grpc-default-executor-0] INFO  server.GrpcLogAppender (GrpcLogAppender.java:onNext(557)) - s0@group-0DB13EEF429C->s1-InstallSnapshotResponseHandler: Completed InstallSnapshot. Reply: serverReply {
  requestorId: "s0"
  replyId: "s1"
  raftGroupId {
    id: "iO\001\202\363>G\343\233\236\r\261>\357B\234"
  }
  success: true
}
term: 1
requestIndex: 7

2023-09-01 02:13:22,990 [grpc-default-executor-0] INFO  leader.FollowerInfo (FollowerInfoImpl.java:setAttemptedToInstallSnapshot(126)) - Follower s0@group-0DB13EEF429C->s1 acknowledged installing snapshot
2023-09-01 02:13:22,989 [grpc-default-executor-1] INFO  impl.SnapshotInstallationHandler (SnapshotInstallationHandler.java:installSnapshot(89)) - s2@group-0DB13EEF429C: receive installSnapshot: s0->s2#0-t1,chunk:9d86e9a0-5bea-4461-99b5-92bb197aa868,9
2023-09-01 02:13:22,990 [grpc-default-executor-1] TRACE util.FileUtils (LogUtils.java:runAndLog(49)) - Successfully ran Files.createDirectories /home/runner/work/ratis/ratis/ratis-test/target/test/data/1f94b248/MiniRaftClusterWithGrpc9e69d58d/s2/694f0182-f33e-47e3-9b9e-0db13eef429c/tmp/snapshot-9d86e9a0-5bea-4461-99b5-92bb197aa868
2023-09-01 02:13:22,990 [grpc-default-executor-1] INFO  storage.SnapshotManager (SnapshotManager.java:installSnapshot(89)) - Installing snapshot:s0->s2#0-t1,chunk:9d86e9a0-5bea-4461-99b5-92bb197aa868,9, to tmp dir:/home/runner/work/ratis/ratis/ratis-test/target/test/data/1f94b248/MiniRaftClusterWithGrpc9e69d58d/s2/694f0182-f33e-47e3-9b9e-0db13eef429c/tmp/snapshot-9d86e9a0-5bea-4461-99b5-92bb197aa868
2023-09-01 02:13:22,990 [grpc-default-executor-1] TRACE util.FileUtils (LogUtils.java:runAndLog(49)) - Successfully ran Files.createDirectories /home/runner/work/ratis/ratis/ratis-test/target/test/data/1f94b248/MiniRaftClusterWithGrpc9e69d58d/s2/694f0182-f33e-47e3-9b9e-0db13eef429c/tmp/snapshot-9d86e9a0-5bea-4461-99b5-92bb197aa868
2023-09-01 02:13:22,991 [grpc-default-executor-1] INFO  impl.SnapshotInstallationHandler (SnapshotInstallationHandler.java:installSnapshot(100)) - s2@group-0DB13EEF429C: reply installSnapshot: s0<-s2#0:OK-t1,SUCCESS,requestIndex=9
2023-09-01 02:13:22,991 [grpc-default-executor-2] INFO  impl.SnapshotInstallationHandler (SnapshotInstallationHandler.java:installSnapshot(89)) - s1@group-0DB13EEF429C: receive installSnapshot: s0->s1#0-t1,chunk:1fe48c26-1231-4216-94a7-848cc2b62ea3,8
2023-09-01 02:13:22,991 [grpc-default-executor-2] TRACE util.FileUtils (LogUtils.java:runAndLog(49)) - Successfully ran Files.createDirectories /home/runner/work/ratis/ratis/ratis-test/target/test/data/1f94b248/MiniRaftClusterWithGrpc9e69d58d/s1/694f0182-f33e-47e3-9b9e-0db13eef429c/tmp/snapshot-1fe48c26-1231-4216-94a7-848cc2b62ea3
2023-09-01 02:13:22,991 [grpc-default-executor-2] INFO  storage.SnapshotManager (SnapshotManager.java:installSnapshot(89)) - Installing snapshot:s0->s1#0-t1,chunk:1fe48c26-1231-4216-94a7-848cc2b62ea3,8, to tmp dir:/home/runner/work/ratis/ratis/ratis-test/target/test/data/1f94b248/MiniRaftClusterWithGrpc9e69d58d/s1/694f0182-f33e-47e3-9b9e-0db13eef429c/tmp/snapshot-1fe48c26-1231-4216-94a7-848cc2b62ea3
2023-09-01 02:13:22,992 [grpc-default-executor-2] TRACE util.FileUtils (LogUtils.java:runAndLog(49)) - Successfully ran Files.createDirectories /home/runner/work/ratis/ratis/ratis-test/target/test/data/1f94b248/MiniRaftClusterWithGrpc9e69d58d/s1/694f0182-f33e-47e3-9b9e-0db13eef429c/tmp/snapshot-1fe48c26-1231-4216-94a7-848cc2b62ea3
2023-09-01 02:13:22,992 [grpc-default-executor-2] INFO  impl.SnapshotInstallationHandler (SnapshotInstallationHandler.java:installSnapshot(100)) - s1@group-0DB13EEF429C: reply installSnapshot: s0<-s1#0:OK-t1,SUCCESS,requestIndex=8
2023-09-01 02:13:22,992 [grpc-default-executor-0] INFO  server.GrpcLogAppender (GrpcLogAppender.java:onNext(543)) - s0@group-0DB13EEF429C->s1-InstallSnapshotResponseHandler: received a reply s0<-s1#0:OK-t1,SUCCESS,requestIndex=8
2023-09-01 02:13:22,992 [grpc-default-executor-0] INFO  server.GrpcLogAppender (GrpcLogAppender.java:onNext(557)) - s0@group-0DB13EEF429C->s1-InstallSnapshotResponseHandler: Completed InstallSnapshot. Reply: serverReply {
  requestorId: "s0"
  replyId: "s1"
  raftGroupId {
    id: "iO\001\202\363>G\343\233\236\r\261>\357B\234"
  }
  success: true
}
term: 1
requestIndex: 8

2023-09-01 02:13:22,992 [grpc-default-executor-0] INFO  leader.FollowerInfo (FollowerInfoImpl.java:setAttemptedToInstallSnapshot(126)) - Follower s0@group-0DB13EEF429C->s1 acknowledged installing snapshot
2023-09-01 02:13:22,993 [grpc-default-executor-1] INFO  impl.SnapshotInstallationHandler (SnapshotInstallationHandler.java:installSnapshot(89)) - s2@group-0DB13EEF429C: receive installSnapshot: s0->s2#0-t1,chunk:9d86e9a0-5bea-4461-99b5-92bb197aa868,10
2023-09-01 02:13:22,993 [grpc-default-executor-1] TRACE util.FileUtils (LogUtils.java:runAndLog(49)) - Successfully ran Files.createDirectories /home/runner/work/ratis/ratis/ratis-test/target/test/data/1f94b248/MiniRaftClusterWithGrpc9e69d58d/s2/694f0182-f33e-47e3-9b9e-0db13eef429c/tmp/snapshot-9d86e9a0-5bea-4461-99b5-92bb197aa868
2023-09-01 02:13:22,993 [grpc-default-executor-1] INFO  storage.SnapshotManager (SnapshotManager.java:installSnapshot(89)) - Installing snapshot:s0->s2#0-t1,chunk:9d86e9a0-5bea-4461-99b5-92bb197aa868,10, to tmp dir:/home/runner/work/ratis/ratis/ratis-test/target/test/data/1f94b248/MiniRaftClusterWithGrpc9e69d58d/s2/694f0182-f33e-47e3-9b9e-0db13eef429c/tmp/snapshot-9d86e9a0-5bea-4461-99b5-92bb197aa868
2023-09-01 02:13:22,993 [grpc-default-executor-1] TRACE util.FileUtils (LogUtils.java:runAndLog(49)) - Successfully ran Files.createDirectories /home/runner/work/ratis/ratis/ratis-test/target/test/data/1f94b248/MiniRaftClusterWithGrpc9e69d58d/s2/694f0182-f33e-47e3-9b9e-0db13eef429c/tmp/snapshot-9d86e9a0-5bea-4461-99b5-92bb197aa868
2023-09-01 02:13:22,993 [grpc-default-executor-3] INFO  server.GrpcLogAppender (GrpcLogAppender.java:onNext(543)) - s0@group-0DB13EEF429C->s2-InstallSnapshotResponseHandler: received a reply s0<-s2#0:OK-t1,SUCCESS,requestIndex=6
2023-09-01 02:13:22,994 [grpc-default-executor-2] INFO  impl.SnapshotInstallationHandler (SnapshotInstallationHandler.java:installSnapshot(89)) - s1@group-0DB13EEF429C: receive installSnapshot: s0->s1#0-t1,chunk:1fe48c26-1231-4216-94a7-848cc2b62ea3,9
2023-09-01 02:13:22,994 [grpc-default-executor-2] TRACE util.FileUtils (LogUtils.java:runAndLog(49)) - Successfully ran Files.createDirectories /home/runner/work/ratis/ratis/ratis-test/target/test/data/1f94b248/MiniRaftClusterWithGrpc9e69d58d/s1/694f0182-f33e-47e3-9b9e-0db13eef429c/tmp/snapshot-1fe48c26-1231-4216-94a7-848cc2b62ea3
2023-09-01 02:13:22,994 [grpc-default-executor-2] INFO  storage.SnapshotManager (SnapshotManager.java:installSnapshot(89)) - Installing snapshot:s0->s1#0-t1,chunk:1fe48c26-1231-4216-94a7-848cc2b62ea3,9, to tmp dir:/home/runner/work/ratis/ratis/ratis-test/target/test/data/1f94b248/MiniRaftClusterWithGrpc9e69d58d/s1/694f0182-f33e-47e3-9b9e-0db13eef429c/tmp/snapshot-1fe48c26-1231-4216-94a7-848cc2b62ea3
2023-09-01 02:13:22,994 [grpc-default-executor-2] TRACE util.FileUtils (LogUtils.java:runAndLog(49)) - Successfully ran Files.createDirectories /home/runner/work/ratis/ratis/ratis-test/target/test/data/1f94b248/MiniRaftClusterWithGrpc9e69d58d/s1/694f0182-f33e-47e3-9b9e-0db13eef429c/tmp/snapshot-1fe48c26-1231-4216-94a7-848cc2b62ea3
2023-09-01 02:13:22,995 [grpc-default-executor-2] INFO  impl.SnapshotInstallationHandler (SnapshotInstallationHandler.java:installSnapshot(100)) - s1@group-0DB13EEF429C: reply installSnapshot: s0<-s1#0:OK-t1,SUCCESS,requestIndex=9
2023-09-01 02:13:22,995 [grpc-default-executor-3] INFO  server.GrpcLogAppender (GrpcLogAppender.java:onNext(557)) - s0@group-0DB13EEF429C->s2-InstallSnapshotResponseHandler: Completed InstallSnapshot. Reply: serverReply {
  requestorId: "s0"
  replyId: "s2"
  raftGroupId {
    id: "iO\001\202\363>G\343\233\236\r\261>\357B\234"
  }
  success: true
}
term: 1
requestIndex: 6

2023-09-01 02:13:22,995 [grpc-default-executor-3] INFO  leader.FollowerInfo (FollowerInfoImpl.java:setAttemptedToInstallSnapshot(126)) - Follower s0@group-0DB13EEF429C->s2 acknowledged installing snapshot
2023-09-01 02:13:22,995 [grpc-default-executor-0] INFO  server.GrpcLogAppender (GrpcLogAppender.java:onNext(543)) - s0@group-0DB13EEF429C->s1-InstallSnapshotResponseHandler: received a reply s0<-s1#0:OK-t1,SUCCESS,requestIndex=9
2023-09-01 02:13:22,995 [grpc-default-executor-3] INFO  server.GrpcLogAppender (GrpcLogAppender.java:onNext(543)) - s0@group-0DB13EEF429C->s2-InstallSnapshotResponseHandler: received a reply s0<-s2#0:OK-t1,SUCCESS,requestIndex=7
2023-09-01 02:13:22,996 [grpc-default-executor-3] INFO  server.GrpcLogAppender (GrpcLogAppender.java:onNext(557)) - s0@group-0DB13EEF429C->s2-InstallSnapshotResponseHandler: Completed InstallSnapshot. Reply: serverReply {
  requestorId: "s0"
  replyId: "s2"
  raftGroupId {
    id: "iO\001\202\363>G\343\233\236\r\261>\357B\234"
  }
  success: true
}
term: 1
requestIndex: 7

2023-09-01 02:13:22,996 [grpc-default-executor-3] INFO  leader.FollowerInfo (FollowerInfoImpl.java:setAttemptedToInstallSnapshot(126)) - Follower s0@group-0DB13EEF429C->s2 acknowledged installing snapshot
2023-09-01 02:13:22,996 [grpc-default-executor-1] INFO  storage.SnapshotManager (SnapshotManager.java:rename(168)) - Installed snapshot, renaming temporary dir /home/runner/work/ratis/ratis/ratis-test/target/test/data/1f94b248/MiniRaftClusterWithGrpc9e69d58d/s2/694f0182-f33e-47e3-9b9e-0db13eef429c/tmp/snapshot-9d86e9a0-5bea-4461-99b5-92bb197aa868 to /home/runner/work/ratis/ratis/ratis-test/target/test/data/1f94b248/MiniRaftClusterWithGrpc9e69d58d/s2/694f0182-f33e-47e3-9b9e-0db13eef429c/sm
2023-09-01 02:13:22,995 [grpc-default-executor-0] INFO  server.GrpcLogAppender (GrpcLogAppender.java:onNext(557)) - s0@group-0DB13EEF429C->s1-InstallSnapshotResponseHandler: Completed InstallSnapshot. Reply: serverReply {
  requestorId: "s0"
  replyId: "s1"
  raftGroupId {
    id: "iO\001\202\363>G\343\233\236\r\261>\357B\234"
  }
  success: true
}
term: 1
requestIndex: 9

2023-09-01 02:13:22,996 [grpc-default-executor-0] INFO  leader.FollowerInfo (FollowerInfoImpl.java:setAttemptedToInstallSnapshot(126)) - Follower s0@group-0DB13EEF429C->s1 acknowledged installing snapshot
2023-09-01 02:13:22,996 [grpc-default-executor-2] INFO  impl.SnapshotInstallationHandler (SnapshotInstallationHandler.java:installSnapshot(89)) - s1@group-0DB13EEF429C: receive installSnapshot: s0->s1#0-t1,chunk:1fe48c26-1231-4216-94a7-848cc2b62ea3,10
2023-09-01 02:13:22,996 [grpc-default-executor-2] TRACE util.FileUtils (LogUtils.java:runAndLog(49)) - Successfully ran Files.createDirectories /home/runner/work/ratis/ratis/ratis-test/target/test/data/1f94b248/MiniRaftClusterWithGrpc9e69d58d/s1/694f0182-f33e-47e3-9b9e-0db13eef429c/tmp/snapshot-1fe48c26-1231-4216-94a7-848cc2b62ea3
2023-09-01 02:13:22,997 [grpc-default-executor-2] INFO  storage.SnapshotManager (SnapshotManager.java:installSnapshot(89)) - Installing snapshot:s0->s1#0-t1,chunk:1fe48c26-1231-4216-94a7-848cc2b62ea3,10, to tmp dir:/home/runner/work/ratis/ratis/ratis-test/target/test/data/1f94b248/MiniRaftClusterWithGrpc9e69d58d/s1/694f0182-f33e-47e3-9b9e-0db13eef429c/tmp/snapshot-1fe48c26-1231-4216-94a7-848cc2b62ea3
2023-09-01 02:13:23,000 [grpc-default-executor-2] TRACE util.FileUtils (LogUtils.java:runAndLog(49)) - Successfully ran Files.createDirectories /home/runner/work/ratis/ratis/ratis-test/target/test/data/1f94b248/MiniRaftClusterWithGrpc9e69d58d/s1/694f0182-f33e-47e3-9b9e-0db13eef429c/tmp/snapshot-1fe48c26-1231-4216-94a7-848cc2b62ea3
2023-09-01 02:13:23,000 [grpc-default-executor-1] TRACE util.FileUtils (LogUtils.java:runAndLog(49)) - Successfully ran Atomic Files.move /home/runner/work/ratis/ratis/ratis-test/target/test/data/1f94b248/MiniRaftClusterWithGrpc9e69d58d/s2/694f0182-f33e-47e3-9b9e-0db13eef429c/sm to /home/runner/work/ratis/ratis/ratis-test/target/test/data/1f94b248/MiniRaftClusterWithGrpc9e69d58d/s2/694f0182-f33e-47e3-9b9e-0db13eef429c/sm.tmp20230901-021322_998
2023-09-01 02:13:23,001 [grpc-default-executor-1] TRACE util.FileUtils (LogUtils.java:runAndLog(49)) - Successfully ran Atomic Files.move /home/runner/work/ratis/ratis/ratis-test/target/test/data/1f94b248/MiniRaftClusterWithGrpc9e69d58d/s2/694f0182-f33e-47e3-9b9e-0db13eef429c/tmp/snapshot-9d86e9a0-5bea-4461-99b5-92bb197aa868 to /home/runner/work/ratis/ratis/ratis-test/target/test/data/1f94b248/MiniRaftClusterWithGrpc9e69d58d/s2/694f0182-f33e-47e3-9b9e-0db13eef429c/sm
2023-09-01 02:13:23,001 [grpc-default-executor-1] TRACE util.FileUtils (FileUtils.java:deleteFully(201)) - deleteFully /home/runner/work/ratis/ratis/ratis-test/target/test/data/1f94b248/MiniRaftClusterWithGrpc9e69d58d/s2/694f0182-f33e-47e3-9b9e-0db13eef429c/sm.tmp20230901-021322_998
2023-09-01 02:13:22,997 [grpc-default-executor-3] INFO  server.GrpcLogAppender (GrpcLogAppender.java:onNext(543)) - s0@group-0DB13EEF429C->s2-InstallSnapshotResponseHandler: received a reply s0<-s2#0:OK-t1,SUCCESS,requestIndex=8
2023-09-01 02:13:23,001 [grpc-default-executor-2] INFO  storage.SnapshotManager (SnapshotManager.java:rename(168)) - Installed snapshot, renaming temporary dir /home/runner/work/ratis/ratis/ratis-test/target/test/data/1f94b248/MiniRaftClusterWithGrpc9e69d58d/s1/694f0182-f33e-47e3-9b9e-0db13eef429c/tmp/snapshot-1fe48c26-1231-4216-94a7-848cc2b62ea3 to /home/runner/work/ratis/ratis/ratis-test/target/test/data/1f94b248/MiniRaftClusterWithGrpc9e69d58d/s1/694f0182-f33e-47e3-9b9e-0db13eef429c/sm
2023-09-01 02:13:23,001 [grpc-default-executor-2] TRACE util.FileUtils (LogUtils.java:runAndLog(49)) - Successfully ran Atomic Files.move /home/runner/work/ratis/ratis/ratis-test/target/test/data/1f94b248/MiniRaftClusterWithGrpc9e69d58d/s1/694f0182-f33e-47e3-9b9e-0db13eef429c/sm to /home/runner/work/ratis/ratis/ratis-test/target/test/data/1f94b248/MiniRaftClusterWithGrpc9e69d58d/s1/694f0182-f33e-47e3-9b9e-0db13eef429c/sm.tmp20230901-021323_001
2023-09-01 02:13:23,001 [grpc-default-executor-2] TRACE util.FileUtils (LogUtils.java:runAndLog(49)) - Successfully ran Atomic Files.move /home/runner/work/ratis/ratis/ratis-test/target/test/data/1f94b248/MiniRaftClusterWithGrpc9e69d58d/s1/694f0182-f33e-47e3-9b9e-0db13eef429c/tmp/snapshot-1fe48c26-1231-4216-94a7-848cc2b62ea3 to /home/runner/work/ratis/ratis/ratis-test/target/test/data/1f94b248/MiniRaftClusterWithGrpc9e69d58d/s1/694f0182-f33e-47e3-9b9e-0db13eef429c/sm
2023-09-01 02:13:23,002 [grpc-default-executor-2] TRACE util.FileUtils (FileUtils.java:deleteFully(201)) - deleteFully /home/runner/work/ratis/ratis/ratis-test/target/test/data/1f94b248/MiniRaftClusterWithGrpc9e69d58d/s1/694f0182-f33e-47e3-9b9e-0db13eef429c/sm.tmp20230901-021323_001
2023-09-01 02:13:23,003 [grpc-default-executor-2] TRACE util.FileUtils (LogUtils.java:runAndLog(49)) - Successfully ran Files.delete /home/runner/work/ratis/ratis/ratis-test/target/test/data/1f94b248/MiniRaftClusterWithGrpc9e69d58d/s1/694f0182-f33e-47e3-9b9e-0db13eef429c/sm.tmp20230901-021323_001
2023-09-01 02:13:23,003 [s0@group-0DB13EEF429C-LeaderStateImpl] INFO  server.RaftServer$Division (ServerState.java:setRaftConf(377)) - s0@group-0DB13EEF429C: set configuration 255: peers:[s0|rpc:localhost:35361|admin:localhost:44939|client:localhost:32867|dataStream:localhost:38529|priority:0|startupRole:FOLLOWER, s1|rpc:0.0.0.0:46015|dataStream:|priority:0|startupRole:FOLLOWER, s2|rpc:0.0.0.0:40595|dataStream:|priority:0|startupRole:FOLLOWER]|listeners:[], old=peers:[s0|rpc:localhost:35361|admin:localhost:44939|client:localhost:32867|dataStream:localhost:38529|priority:0|startupRole:FOLLOWER]|listeners:[]
2023-09-01 02:13:23,003 [s1@group-0DB13EEF429C-StateMachineUpdater] INFO  impl.SimpleStateMachine4Testing (SimpleStateMachine4Testing.java:reinitialize(236)) - Reinitializing StateMachineWithMultiNestedSnapshotFile:s1:group-0DB13EEF429C
2023-09-01 02:13:23,008 [s1@group-0DB13EEF429C-StateMachineUpdater] INFO  impl.SimpleStateMachine4Testing (SimpleStateMachine4Testing.java:loadSnapshot(293)) - Loading snapshot SingleFileSnapshotInfo(t:1, i:191):[/home/runner/work/ratis/ratis/ratis-test/target/test/data/1f94b248/MiniRaftClusterWithGrpc9e69d58d/s1/694f0182-f33e-47e3-9b9e-0db13eef429c/sm/snapshot.1_191]
2023-09-01 02:13:23,011 [s1@group-0DB13EEF429C-StateMachineUpdater] INFO  impl.SimpleStateMachine4Testing (SimpleStateMachine4Testing.java:put(205)) - s1: put 1, m0 -> (t:1, i:1), STATEMACHINELOGENTRY, 0@client-C5396860DEC7
2023-09-01 02:13:23,011 [s1@group-0DB13EEF429C-StateMachineUpdater] INFO  impl.SimpleStateMachine4Testing (SimpleStateMachine4Testing.java:put(205)) - s1: put 3, m1 -> (t:1, i:3), STATEMACHINELOGENTRY, 1@client-C5396860DEC7
2023-09-01 02:13:23,011 [s1@group-0DB13EEF429C-StateMachineUpdater] INFO  impl.SimpleStateMachine4Testing (SimpleStateMachine4Testing.java:put(205)) - s1: put 5, m2 -> (t:1, i:5), STATEMACHINELOGENTRY, 2@client-C5396860DEC7
2023-09-01 02:13:23,011 [s1@group-0DB13EEF429C-StateMachineUpdater] INFO  impl.SimpleStateMachine4Testing (SimpleStateMachine4Testing.java:put(205)) - s1: put 7, m3 -> (t:1, i:7), STATEMACHINELOGENTRY, 3@client-C5396860DEC7
2023-09-01 02:13:23,011 [s1@group-0DB13EEF429C-StateMachineUpdater] INFO  impl.SimpleStateMachine4Testing (SimpleStateMachine4Testing.java:put(205)) - s1: put 9, m4 -> (t:1, i:9), STATEMACHINELOGENTRY, 4@client-C5396860DEC7
2023-09-01 02:13:23,011 [s1@group-0DB13EEF429C-StateMachineUpdater] INFO  impl.SimpleStateMachine4Testing (SimpleStateMachine4Testing.java:put(205)) - s1: put 11, m5 -> (t:1, i:11), STATEMACHINELOGENTRY, 5@client-C5396860DEC7
2023-09-01 02:13:23,012 [s1@group-0DB13EEF429C-StateMachineUpdater] INFO  impl.SimpleStateMachine4Testing (SimpleStateMachine4Testing.java:put(205)) - s1: put 13, m6 -> (t:1, i:13), STATEMACHINELOGENTRY, 6@client-C5396860DEC7
2023-09-01 02:13:23,012 [s1@group-0DB13EEF429C-StateMachineUpdater] INFO  impl.SimpleStateMachine4Testing (SimpleStateMachine4Testing.java:put(205)) - s1: put 15, m7 -> (t:1, i:15), STATEMACHINELOGENTRY, 7@client-C5396860DEC7
2023-09-01 02:13:23,012 [s1@group-0DB13EEF429C-StateMachineUpdater] INFO  impl.SimpleStateMachine4Testing (SimpleStateMachine4Testing.java:put(205)) - s1: put 17, m8 -> (t:1, i:17), STATEMACHINELOGENTRY, 8@client-C5396860DEC7
2023-09-01 02:13:23,012 [s1@group-0DB13EEF429C-StateMachineUpdater] INFO  impl.SimpleStateMachine4Testing (SimpleStateMachine4Testing.java:put(205)) - s1: put 19, m9 -> (t:1, i:19), STATEMACHINELOGENTRY, 9@client-C5396860DEC7
2023-09-01 02:13:23,012 [s1@group-0DB13EEF429C-StateMachineUpdater] INFO  impl.SimpleStateMachine4Testing (SimpleStateMachine4Testing.java:put(205)) - s1: put 21, m10 -> (t:1, i:21), STATEMACHINELOGENTRY, 10@client-C5396860DEC7
2023-09-01 02:13:23,012 [s1@group-0DB13EEF429C-StateMachineUpdater] INFO  impl.SimpleStateMachine4Testing (SimpleStateMachine4Testing.java:put(205)) - s1: put 23, m11 -> (t:1, i:23), STATEMACHINELOGENTRY, 11@client-C5396860DEC7
2023-09-01 02:13:23,012 [s1@group-0DB13EEF429C-StateMachineUpdater] INFO  impl.SimpleStateMachine4Testing (SimpleStateMachine4Testing.java:put(205)) - s1: put 25, m12 -> (t:1, i:25), STATEMACHINELOGENTRY, 12@client-C5396860DEC7
2023-09-01 02:13:23,012 [s1@group-0DB13EEF429C-StateMachineUpdater] INFO  impl.SimpleStateMachine4Testing (SimpleStateMachine4Testing.java:put(205)) - s1: put 27, m13 -> (t:1, i:27), STATEMACHINELOGENTRY, 13@client-C5396860DEC7
2023-09-01 02:13:23,013 [s1@group-0DB13EEF429C-StateMachineUpdater] INFO  impl.SimpleStateMachine4Testing (SimpleStateMachine4Testing.java:put(205)) - s1: put 29, m14 -> (t:1, i:29), STATEMACHINELOGENTRY, 14@client-C5396860DEC7
2023-09-01 02:13:23,013 [s1@group-0DB13EEF429C-StateMachineUpdater] INFO  impl.SimpleStateMachine4Testing (SimpleStateMachine4Testing.java:put(205)) - s1: put 31, m15 -> (t:1, i:31), STATEMACHINELOGENTRY, 15@client-C5396860DEC7
2023-09-01 02:13:23,013 [s1@group-0DB13EEF429C-StateMachineUpdater] INFO  impl.SimpleStateMachine4Testing (SimpleStateMachine4Testing.java:put(205)) - s1: put 33, m16 -> (t:1, i:33), STATEMACHINELOGENTRY, 16@client-C5396860DEC7
2023-09-01 02:13:23,013 [s1@group-0DB13EEF429C-StateMachineUpdater] INFO  impl.SimpleStateMachine4Testing (SimpleStateMachine4Testing.java:put(205)) - s1: put 35, m17 -> (t:1, i:35), STATEMACHINELOGENTRY, 17@client-C5396860DEC7
2023-09-01 02:13:23,013 [s1@group-0DB13EEF429C-StateMachineUpdater] INFO  impl.SimpleStateMachine4Testing (SimpleStateMachine4Testing.java:put(205)) - s1: put 37, m18 -> (t:1, i:37), STATEMACHINELOGENTRY, 18@client-C5396860DEC7
2023-09-01 02:13:23,013 [s1@group-0DB13EEF429C-StateMachineUpdater] INFO  impl.SimpleStateMachine4Testing (SimpleStateMachine4Testing.java:put(205)) - s1: put 39, m19 -> (t:1, i:39), STATEMACHINELOGENTRY, 19@client-C5396860DEC7
2023-09-01 02:13:23,013 [s1@group-0DB13EEF429C-StateMachineUpdater] INFO  impl.SimpleStateMachine4Testing (SimpleStateMachine4Testing.java:put(205)) - s1: put 41, m20 -> (t:1, i:41), STATEMACHINELOGENTRY, 20@client-C5396860DEC7
2023-09-01 02:13:23,013 [s1@group-0DB13EEF429C-StateMachineUpdater] INFO  impl.SimpleStateMachine4Testing (SimpleStateMachine4Testing.java:put(205)) - s1: put 43, m21 -> (t:1, i:43), STATEMACHINELOGENTRY, 21@client-C5396860DEC7
2023-09-01 02:13:23,013 [s1@group-0DB13EEF429C-StateMachineUpdater] INFO  impl.SimpleStateMachine4Testing (SimpleStateMachine4Testing.java:put(205)) - s1: put 45, m22 -> (t:1, i:45), STATEMACHINELOGENTRY, 22@client-C5396860DEC7
2023-09-01 02:13:23,013 [s1@group-0DB13EEF429C-StateMachineUpdater] INFO  impl.SimpleStateMachine4Testing (SimpleStateMachine4Testing.java:put(205)) - s1: put 47, m23 -> (t:1, i:47), STATEMACHINELOGENTRY, 23@client-C5396860DEC7
2023-09-01 02:13:23,014 [s1@group-0DB13EEF429C-StateMachineUpdater] INFO  impl.SimpleStateMachine4Testing (SimpleStateMachine4Testing.java:put(205)) - s1: put 49, m24 -> (t:1, i:49), STATEMACHINELOGENTRY, 24@client-C5396860DEC7
2023-09-01 02:13:23,014 [s1@group-0DB13EEF429C-StateMachineUpdater] INFO  impl.SimpleStateMachine4Testing (SimpleStateMachine4Testing.java:put(205)) - s1: put 51, m25 -> (t:1, i:51), STATEMACHINELOGENTRY, 25@client-C5396860DEC7
2023-09-01 02:13:23,014 [s1@group-0DB13EEF429C-StateMachineUpdater] INFO  impl.SimpleStateMachine4Testing (SimpleStateMachine4Testing.java:put(205)) - s1: put 53, m26 -> (t:1, i:53), STATEMACHINELOGENTRY, 26@client-C5396860DEC7
2023-09-01 02:13:23,014 [s1@group-0DB13EEF429C-StateMachineUpdater] INFO  impl.SimpleStateMachine4Testing (SimpleStateMachine4Testing.java:put(205)) - s1: put 55, m27 -> (t:1, i:55), STATEMACHINELOGENTRY, 27@client-C5396860DEC7
2023-09-01 02:13:23,014 [s1@group-0DB13EEF429C-StateMachineUpdater] INFO  impl.SimpleStateMachine4Testing (SimpleStateMachine4Testing.java:put(205)) - s1: put 57, m28 -> (t:1, i:57), STATEMACHINELOGENTRY, 28@client-C5396860DEC7
2023-09-01 02:13:23,014 [s1@group-0DB13EEF429C-StateMachineUpdater] INFO  impl.SimpleStateMachine4Testing (SimpleStateMachine4Testing.java:put(205)) - s1: put 59, m29 -> (t:1, i:59), STATEMACHINELOGENTRY, 29@client-C5396860DEC7
2023-09-01 02:13:23,014 [s1@group-0DB13EEF429C-StateMachineUpdater] INFO  impl.SimpleStateMachine4Testing (SimpleStateMachine4Testing.java:put(205)) - s1: put 61, m30 -> (t:1, i:61), STATEMACHINELOGENTRY, 30@client-C5396860DEC7
2023-09-01 02:13:23,014 [s1@group-0DB13EEF429C-StateMachineUpdater] INFO  impl.SimpleStateMachine4Testing (SimpleStateMachine4Testing.java:put(205)) - s1: put 63, m31 -> (t:1, i:63), STATEMACHINELOGENTRY, 31@client-C5396860DEC7
2023-09-01 02:13:23,014 [s1@group-0DB13EEF429C-StateMachineUpdater] INFO  impl.SimpleStateMachine4Testing (SimpleStateMachine4Testing.java:put(205)) - s1: put 65, m32 -> (t:1, i:65), STATEMACHINELOGENTRY, 32@client-C5396860DEC7
2023-09-01 02:13:23,015 [s1@group-0DB13EEF429C-StateMachineUpdater] INFO  impl.SimpleStateMachine4Testing (SimpleStateMachine4Testing.java:put(205)) - s1: put 67, m33 -> (t:1, i:67), STATEMACHINELOGENTRY, 33@client-C5396860DEC7
2023-09-01 02:13:23,015 [s1@group-0DB13EEF429C-StateMachineUpdater] INFO  impl.SimpleStateMachine4Testing (SimpleStateMachine4Testing.java:put(205)) - s1: put 69, m34 -> (t:1, i:69), STATEMACHINELOGENTRY, 34@client-C5396860DEC7
2023-09-01 02:13:23,015 [s1@group-0DB13EEF429C-StateMachineUpdater] INFO  impl.SimpleStateMachine4Testing (SimpleStateMachine4Testing.java:put(205)) - s1: put 71, m35 -> (t:1, i:71), STATEMACHINELOGENTRY, 35@client-C5396860DEC7
2023-09-01 02:13:23,015 [s1@group-0DB13EEF429C-StateMachineUpdater] INFO  impl.SimpleStateMachine4Testing (SimpleStateMachine4Testing.java:put(205)) - s1: put 73, m36 -> (t:1, i:73), STATEMACHINELOGENTRY, 36@client-C5396860DEC7
2023-09-01 02:13:23,015 [s1@group-0DB13EEF429C-StateMachineUpdater] INFO  impl.SimpleStateMachine4Testing (SimpleStateMachine4Testing.java:put(205)) - s1: put 75, m37 -> (t:1, i:75), STATEMACHINELOGENTRY, 37@client-C5396860DEC7
2023-09-01 02:13:23,015 [s1@group-0DB13EEF429C-StateMachineUpdater] INFO  impl.SimpleStateMachine4Testing (SimpleStateMachine4Testing.java:put(205)) - s1: put 77, m38 -> (t:1, i:77), STATEMACHINELOGENTRY, 38@client-C5396860DEC7
2023-09-01 02:13:23,015 [s1@group-0DB13EEF429C-StateMachineUpdater] INFO  impl.SimpleStateMachine4Testing (SimpleStateMachine4Testing.java:put(205)) - s1: put 79, m39 -> (t:1, i:79), STATEMACHINELOGENTRY, 39@client-C5396860DEC7
2023-09-01 02:13:23,015 [s1@group-0DB13EEF429C-StateMachineUpdater] INFO  impl.SimpleStateMachine4Testing (SimpleStateMachine4Testing.java:put(205)) - s1: put 81, m40 -> (t:1, i:81), STATEMACHINELOGENTRY, 40@client-C5396860DEC7
2023-09-01 02:13:23,015 [s1@group-0DB13EEF429C-StateMachineUpdater] INFO  impl.SimpleStateMachine4Testing (SimpleStateMachine4Testing.java:put(205)) - s1: put 83, m41 -> (t:1, i:83), STATEMACHINELOGENTRY, 41@client-C5396860DEC7
2023-09-01 02:13:23,016 [s1@group-0DB13EEF429C-StateMachineUpdater] INFO  impl.SimpleStateMachine4Testing (SimpleStateMachine4Testing.java:put(205)) - s1: put 85, m42 -> (t:1, i:85), STATEMACHINELOGENTRY, 42@client-C5396860DEC7
2023-09-01 02:13:23,016 [s1@group-0DB13EEF429C-StateMachineUpdater] INFO  impl.SimpleStateMachine4Testing (SimpleStateMachine4Testing.java:put(205)) - s1: put 87, m43 -> (t:1, i:87), STATEMACHINELOGENTRY, 43@client-C5396860DEC7
2023-09-01 02:13:23,016 [s1@group-0DB13EEF429C-StateMachineUpdater] INFO  impl.SimpleStateMachine4Testing (SimpleStateMachine4Testing.java:put(205)) - s1: put 89, m44 -> (t:1, i:89), STATEMACHINELOGENTRY, 44@client-C5396860DEC7
2023-09-01 02:13:23,016 [s1@group-0DB13EEF429C-StateMachineUpdater] INFO  impl.SimpleStateMachine4Testing (SimpleStateMachine4Testing.java:put(205)) - s1: put 91, m45 -> (t:1, i:91), STATEMACHINELOGENTRY, 45@client-C5396860DEC7
2023-09-01 02:13:23,016 [s1@group-0DB13EEF429C-StateMachineUpdater] INFO  impl.SimpleStateMachine4Testing (SimpleStateMachine4Testing.java:put(205)) - s1: put 93, m46 -> (t:1, i:93), STATEMACHINELOGENTRY, 46@client-C5396860DEC7
2023-09-01 02:13:23,016 [s1@group-0DB13EEF429C-StateMachineUpdater] INFO  impl.SimpleStateMachine4Testing (SimpleStateMachine4Testing.java:put(205)) - s1: put 95, m47 -> (t:1, i:95), STATEMACHINELOGENTRY, 47@client-C5396860DEC7
2023-09-01 02:13:23,016 [s1@group-0DB13EEF429C-StateMachineUpdater] INFO  impl.SimpleStateMachine4Testing (SimpleStateMachine4Testing.java:put(205)) - s1: put 97, m48 -> (t:1, i:97), STATEMACHINELOGENTRY, 48@client-C5396860DEC7
2023-09-01 02:13:23,016 [s1@group-0DB13EEF429C-StateMachineUpdater] INFO  impl.SimpleStateMachine4Testing (SimpleStateMachine4Testing.java:put(205)) - s1: put 99, m49 -> (t:1, i:99), STATEMACHINELOGENTRY, 49@client-C5396860DEC7
2023-09-01 02:13:23,016 [s1@group-0DB13EEF429C-StateMachineUpdater] INFO  impl.SimpleStateMachine4Testing (SimpleStateMachine4Testing.java:put(205)) - s1: put 101, m50 -> (t:1, i:101), STATEMACHINELOGENTRY, 50@client-C5396860DEC7
2023-09-01 02:13:23,016 [s1@group-0DB13EEF429C-StateMachineUpdater] INFO  impl.SimpleStateMachine4Testing (SimpleStateMachine4Testing.java:put(205)) - s1: put 103, m51 -> (t:1, i:103), STATEMACHINELOGENTRY, 51@client-C5396860DEC7
2023-09-01 02:13:23,017 [s1@group-0DB13EEF429C-StateMachineUpdater] INFO  impl.SimpleStateMachine4Testing (SimpleStateMachine4Testing.java:put(205)) - s1: put 105, m52 -> (t:1, i:105), STATEMACHINELOGENTRY, 52@client-C5396860DEC7
2023-09-01 02:13:23,017 [s1@group-0DB13EEF429C-StateMachineUpdater] INFO  impl.SimpleStateMachine4Testing (SimpleStateMachine4Testing.java:put(205)) - s1: put 107, m53 -> (t:1, i:107), STATEMACHINELOGENTRY, 53@client-C5396860DEC7
2023-09-01 02:13:23,017 [s1@group-0DB13EEF429C-StateMachineUpdater] INFO  impl.SimpleStateMachine4Testing (SimpleStateMachine4Testing.java:put(205)) - s1: put 109, m54 -> (t:1, i:109), STATEMACHINELOGENTRY, 54@client-C5396860DEC7
2023-09-01 02:13:23,017 [s1@group-0DB13EEF429C-StateMachineUpdater] INFO  impl.SimpleStateMachine4Testing (SimpleStateMachine4Testing.java:put(205)) - s1: put 111, m55 -> (t:1, i:111), STATEMACHINELOGENTRY, 55@client-C5396860DEC7
2023-09-01 02:13:23,017 [s1@group-0DB13EEF429C-StateMachineUpdater] INFO  impl.SimpleStateMachine4Testing (SimpleStateMachine4Testing.java:put(205)) - s1: put 113, m56 -> (t:1, i:113), STATEMACHINELOGENTRY, 56@client-C5396860DEC7
2023-09-01 02:13:23,017 [s1@group-0DB13EEF429C-StateMachineUpdater] INFO  impl.SimpleStateMachine4Testing (SimpleStateMachine4Testing.java:put(205)) - s1: put 115, m57 -> (t:1, i:115), STATEMACHINELOGENTRY, 57@client-C5396860DEC7
2023-09-01 02:13:23,017 [s1@group-0DB13EEF429C-StateMachineUpdater] INFO  impl.SimpleStateMachine4Testing (SimpleStateMachine4Testing.java:put(205)) - s1: put 117, m58 -> (t:1, i:117), STATEMACHINELOGENTRY, 58@client-C5396860DEC7
2023-09-01 02:13:23,017 [s1@group-0DB13EEF429C-StateMachineUpdater] INFO  impl.SimpleStateMachine4Testing (SimpleStateMachine4Testing.java:put(205)) - s1: put 119, m59 -> (t:1, i:119), STATEMACHINELOGENTRY, 59@client-C5396860DEC7
2023-09-01 02:13:23,017 [s1@group-0DB13EEF429C-StateMachineUpdater] INFO  impl.SimpleStateMachine4Testing (SimpleStateMachine4Testing.java:put(205)) - s1: put 121, m60 -> (t:1, i:121), STATEMACHINELOGENTRY, 60@client-C5396860DEC7
2023-09-01 02:13:23,017 [s1@group-0DB13EEF429C-StateMachineUpdater] INFO  impl.SimpleStateMachine4Testing (SimpleStateMachine4Testing.java:put(205)) - s1: put 123, m61 -> (t:1, i:123), STATEMACHINELOGENTRY, 61@client-C5396860DEC7
2023-09-01 02:13:23,018 [s1@group-0DB13EEF429C-StateMachineUpdater] INFO  impl.SimpleStateMachine4Testing (SimpleStateMachine4Testing.java:put(205)) - s1: put 125, m62 -> (t:1, i:125), STATEMACHINELOGENTRY, 62@client-C5396860DEC7
2023-09-01 02:13:23,018 [s1@group-0DB13EEF429C-StateMachineUpdater] INFO  impl.SimpleStateMachine4Testing (SimpleStateMachine4Testing.java:put(205)) - s1: put 127, m63 -> (t:1, i:127), STATEMACHINELOGENTRY, 63@client-C5396860DEC7
2023-09-01 02:13:23,018 [s1@group-0DB13EEF429C-StateMachineUpdater] INFO  impl.SimpleStateMachine4Testing (SimpleStateMachine4Testing.java:put(205)) - s1: put 129, m64 -> (t:1, i:129), STATEMACHINELOGENTRY, 64@client-C5396860DEC7
2023-09-01 02:13:23,018 [s1@group-0DB13EEF429C-StateMachineUpdater] INFO  impl.SimpleStateMachine4Testing (SimpleStateMachine4Testing.java:put(205)) - s1: put 131, m65 -> (t:1, i:131), STATEMACHINELOGENTRY, 65@client-C5396860DEC7
2023-09-01 02:13:23,018 [s1@group-0DB13EEF429C-StateMachineUpdater] INFO  impl.SimpleStateMachine4Testing (SimpleStateMachine4Testing.java:put(205)) - s1: put 133, m66 -> (t:1, i:133), STATEMACHINELOGENTRY, 66@client-C5396860DEC7
2023-09-01 02:13:23,018 [s1@group-0DB13EEF429C-StateMachineUpdater] INFO  impl.SimpleStateMachine4Testing (SimpleStateMachine4Testing.java:put(205)) - s1: put 135, m67 -> (t:1, i:135), STATEMACHINELOGENTRY, 67@client-C5396860DEC7
2023-09-01 02:13:23,018 [s1@group-0DB13EEF429C-StateMachineUpdater] INFO  impl.SimpleStateMachine4Testing (SimpleStateMachine4Testing.java:put(205)) - s1: put 137, m68 -> (t:1, i:137), STATEMACHINELOGENTRY, 68@client-C5396860DEC7
2023-09-01 02:13:23,018 [s1@group-0DB13EEF429C-StateMachineUpdater] INFO  impl.SimpleStateMachine4Testing (SimpleStateMachine4Testing.java:put(205)) - s1: put 139, m69 -> (t:1, i:139), STATEMACHINELOGENTRY, 69@client-C5396860DEC7
2023-09-01 02:13:23,018 [s1@group-0DB13EEF429C-StateMachineUpdater] INFO  impl.SimpleStateMachine4Testing (SimpleStateMachine4Testing.java:put(205)) - s1: put 141, m70 -> (t:1, i:141), STATEMACHINELOGENTRY, 70@client-C5396860DEC7
2023-09-01 02:13:23,019 [s1@group-0DB13EEF429C-StateMachineUpdater] INFO  impl.SimpleStateMachine4Testing (SimpleStateMachine4Testing.java:put(205)) - s1: put 143, m71 -> (t:1, i:143), STATEMACHINELOGENTRY, 71@client-C5396860DEC7
2023-09-01 02:13:23,019 [s1@group-0DB13EEF429C-StateMachineUpdater] INFO  impl.SimpleStateMachine4Testing (SimpleStateMachine4Testing.java:put(205)) - s1: put 145, m72 -> (t:1, i:145), STATEMACHINELOGENTRY, 72@client-C5396860DEC7
2023-09-01 02:13:23,019 [s1@group-0DB13EEF429C-StateMachineUpdater] INFO  impl.SimpleStateMachine4Testing (SimpleStateMachine4Testing.java:put(205)) - s1: put 147, m73 -> (t:1, i:147), STATEMACHINELOGENTRY, 73@client-C5396860DEC7
2023-09-01 02:13:23,019 [s1@group-0DB13EEF429C-StateMachineUpdater] INFO  impl.SimpleStateMachine4Testing (SimpleStateMachine4Testing.java:put(205)) - s1: put 149, m74 -> (t:1, i:149), STATEMACHINELOGENTRY, 74@client-C5396860DEC7
2023-09-01 02:13:23,019 [s1@group-0DB13EEF429C-StateMachineUpdater] INFO  impl.SimpleStateMachine4Testing (SimpleStateMachine4Testing.java:put(205)) - s1: put 151, m75 -> (t:1, i:151), STATEMACHINELOGENTRY, 75@client-C5396860DEC7
2023-09-01 02:13:23,019 [s1@group-0DB13EEF429C-StateMachineUpdater] INFO  impl.SimpleStateMachine4Testing (SimpleStateMachine4Testing.java:put(205)) - s1: put 153, m76 -> (t:1, i:153), STATEMACHINELOGENTRY, 76@client-C5396860DEC7
2023-09-01 02:13:23,019 [s1@group-0DB13EEF429C-StateMachineUpdater] INFO  impl.SimpleStateMachine4Testing (SimpleStateMachine4Testing.java:put(205)) - s1: put 155, m77 -> (t:1, i:155), STATEMACHINELOGENTRY, 77@client-C5396860DEC7
2023-09-01 02:13:23,019 [s1@group-0DB13EEF429C-StateMachineUpdater] INFO  impl.SimpleStateMachine4Testing (SimpleStateMachine4Testing.java:put(205)) - s1: put 157, m78 -> (t:1, i:157), STATEMACHINELOGENTRY, 78@client-C5396860DEC7
2023-09-01 02:13:23,019 [s1@group-0DB13EEF429C-StateMachineUpdater] INFO  impl.SimpleStateMachine4Testing (SimpleStateMachine4Testing.java:put(205)) - s1: put 159, m79 -> (t:1, i:159), STATEMACHINELOGENTRY, 79@client-C5396860DEC7
2023-09-01 02:13:23,019 [s1@group-0DB13EEF429C-StateMachineUpdater] INFO  impl.SimpleStateMachine4Testing (SimpleStateMachine4Testing.java:put(205)) - s1: put 161, m80 -> (t:1, i:161), STATEMACHINELOGENTRY, 80@client-C5396860DEC7
2023-09-01 02:13:23,020 [s1@group-0DB13EEF429C-StateMachineUpdater] INFO  impl.SimpleStateMachine4Testing (SimpleStateMachine4Testing.java:put(205)) - s1: put 163, m81 -> (t:1, i:163), STATEMACHINELOGENTRY, 81@client-C5396860DEC7
2023-09-01 02:13:23,020 [s1@group-0DB13EEF429C-StateMachineUpdater] INFO  impl.SimpleStateMachine4Testing (SimpleStateMachine4Testing.java:put(205)) - s1: put 165, m82 -> (t:1, i:165), STATEMACHINELOGENTRY, 82@client-C5396860DEC7
2023-09-01 02:13:23,020 [s1@group-0DB13EEF429C-StateMachineUpdater] INFO  impl.SimpleStateMachine4Testing (SimpleStateMachine4Testing.java:put(205)) - s1: put 167, m83 -> (t:1, i:167), STATEMACHINELOGENTRY, 83@client-C5396860DEC7
2023-09-01 02:13:23,020 [s1@group-0DB13EEF429C-StateMachineUpdater] INFO  impl.SimpleStateMachine4Testing (SimpleStateMachine4Testing.java:put(205)) - s1: put 169, m84 -> (t:1, i:169), STATEMACHINELOGENTRY, 84@client-C5396860DEC7
2023-09-01 02:13:23,003 [grpc-default-executor-2] INFO  raftlog.RaftLog (RaftLogBase.java:lambda$new$0(54)) - s1@group-0DB13EEF429C-SegmentedRaftLog: snapshotIndex: updateIncreasingly -1 -> 191
2023-09-01 02:13:23,023 [grpc-default-executor-2] INFO  segmented.SegmentedRaftLogWorker (SegmentedRaftLogWorker.java:lambda$new$0(134)) - s1@group-0DB13EEF429C-SegmentedRaftLogWorker: flushIndex: setUnconditionally -1 -> 191
2023-09-01 02:13:23,023 [grpc-default-executor-2] INFO  segmented.SegmentedRaftLogWorker (SegmentedRaftLogWorker.java:lambda$new$0(134)) - s1@group-0DB13EEF429C-SegmentedRaftLogWorker: safeCacheEvictIndex: setUnconditionally -1 -> 191
2023-09-01 02:13:23,023 [grpc-default-executor-2] INFO  impl.SnapshotInstallationHandler (SnapshotInstallationHandler.java:checkAndInstallSnapshot(194)) - s1@group-0DB13EEF429C: successfully install the entire snapshot-191
2023-09-01 02:13:23,024 [grpc-default-executor-2] INFO  impl.SnapshotInstallationHandler (SnapshotInstallationHandler.java:installSnapshot(100)) - s1@group-0DB13EEF429C: reply installSnapshot: s0<-s1#0:OK-t1,SUCCESS,requestIndex=10
2023-09-01 02:13:23,024 [grpc-default-executor-1] TRACE util.FileUtils (LogUtils.java:runAndLog(49)) - Successfully ran Files.delete /home/runner/work/ratis/ratis/ratis-test/target/test/data/1f94b248/MiniRaftClusterWithGrpc9e69d58d/s2/694f0182-f33e-47e3-9b9e-0db13eef429c/sm.tmp20230901-021322_998
2023-09-01 02:13:23,024 [grpc-default-executor-2] INFO  server.GrpcServerProtocolService (GrpcServerProtocolService.java:onCompleted(155)) - s1: Completed INSTALL_SNAPSHOT, lastRequest: s0->s1#0-t1,chunk:1fe48c26-1231-4216-94a7-848cc2b62ea3,10
2023-09-01 02:13:23,024 [s2@group-0DB13EEF429C-StateMachineUpdater] INFO  impl.SimpleStateMachine4Testing (SimpleStateMachine4Testing.java:reinitialize(236)) - Reinitializing StateMachineWithMultiNestedSnapshotFile:s2:group-0DB13EEF429C
2023-09-01 02:13:23,024 [grpc-default-executor-2] INFO  server.GrpcServerProtocolService (GrpcServerProtocolService.java:lambda$onCompleted$5(157)) - s1: Completed INSTALL_SNAPSHOT, lastReply: null
2023-09-01 02:13:23,025 [s2@group-0DB13EEF429C-StateMachineUpdater] INFO  impl.SimpleStateMachine4Testing (SimpleStateMachine4Testing.java:loadSnapshot(293)) - Loading snapshot SingleFileSnapshotInfo(t:1, i:191):[/home/runner/work/ratis/ratis/ratis-test/target/test/data/1f94b248/MiniRaftClusterWithGrpc9e69d58d/s2/694f0182-f33e-47e3-9b9e-0db13eef429c/sm/snapshot.1_191]
2023-09-01 02:13:23,025 [s1@group-0DB13EEF429C-StateMachineUpdater] INFO  impl.SimpleStateMachine4Testing (SimpleStateMachine4Testing.java:put(205)) - s1: put 171, m85 -> (t:1, i:171), STATEMACHINELOGENTRY, 85@client-C5396860DEC7
2023-09-01 02:13:23,025 [grpc-default-executor-3] INFO  server.GrpcLogAppender (GrpcLogAppender.java:onNext(557)) - s0@group-0DB13EEF429C->s2-InstallSnapshotResponseHandler: Completed InstallSnapshot. Reply: serverReply {
  requestorId: "s0"
  replyId: "s2"
  raftGroupId {
    id: "iO\001\202\363>G\343\233\236\r\261>\357B\234"
  }
  success: true
}
term: 1
requestIndex: 8

2023-09-01 02:13:23,025 [s1@group-0DB13EEF429C-StateMachineUpdater] INFO  impl.SimpleStateMachine4Testing (SimpleStateMachine4Testing.java:put(205)) - s1: put 173, m86 -> (t:1, i:173), STATEMACHINELOGENTRY, 86@client-C5396860DEC7
2023-09-01 02:13:23,024 [grpc-default-executor-1] INFO  raftlog.RaftLog (RaftLogBase.java:lambda$new$0(54)) - s2@group-0DB13EEF429C-SegmentedRaftLog: snapshotIndex: updateIncreasingly -1 -> 191
2023-09-01 02:13:23,025 [s1@group-0DB13EEF429C-StateMachineUpdater] INFO  impl.SimpleStateMachine4Testing (SimpleStateMachine4Testing.java:put(205)) - s1: put 175, m87 -> (t:1, i:175), STATEMACHINELOGENTRY, 87@client-C5396860DEC7
2023-09-01 02:13:23,025 [grpc-default-executor-3] INFO  leader.FollowerInfo (FollowerInfoImpl.java:setAttemptedToInstallSnapshot(126)) - Follower s0@group-0DB13EEF429C->s2 acknowledged installing snapshot
2023-09-01 02:13:23,025 [s1@group-0DB13EEF429C-StateMachineUpdater] INFO  impl.SimpleStateMachine4Testing (SimpleStateMachine4Testing.java:put(205)) - s1: put 177, m88 -> (t:1, i:177), STATEMACHINELOGENTRY, 88@client-C5396860DEC7
2023-09-01 02:13:23,025 [s2@group-0DB13EEF429C-StateMachineUpdater] INFO  impl.SimpleStateMachine4Testing (SimpleStateMachine4Testing.java:put(205)) - s2: put 1, m0 -> (t:1, i:1), STATEMACHINELOGENTRY, 0@client-C5396860DEC7
2023-09-01 02:13:23,025 [s2@group-0DB13EEF429C-StateMachineUpdater] INFO  impl.SimpleStateMachine4Testing (SimpleStateMachine4Testing.java:put(205)) - s2: put 3, m1 -> (t:1, i:3), STATEMACHINELOGENTRY, 1@client-C5396860DEC7
2023-09-01 02:13:23,026 [s2@group-0DB13EEF429C-StateMachineUpdater] INFO  impl.SimpleStateMachine4Testing (SimpleStateMachine4Testing.java:put(205)) - s2: put 5, m2 -> (t:1, i:5), STATEMACHINELOGENTRY, 2@client-C5396860DEC7
2023-09-01 02:13:23,026 [s2@group-0DB13EEF429C-StateMachineUpdater] INFO  impl.SimpleStateMachine4Testing (SimpleStateMachine4Testing.java:put(205)) - s2: put 7, m3 -> (t:1, i:7), STATEMACHINELOGENTRY, 3@client-C5396860DEC7
2023-09-01 02:13:23,026 [s2@group-0DB13EEF429C-StateMachineUpdater] INFO  impl.SimpleStateMachine4Testing (SimpleStateMachine4Testing.java:put(205)) - s2: put 9, m4 -> (t:1, i:9), STATEMACHINELOGENTRY, 4@client-C5396860DEC7
2023-09-01 02:13:23,026 [s2@group-0DB13EEF429C-StateMachineUpdater] INFO  impl.SimpleStateMachine4Testing (SimpleStateMachine4Testing.java:put(205)) - s2: put 11, m5 -> (t:1, i:11), STATEMACHINELOGENTRY, 5@client-C5396860DEC7
2023-09-01 02:13:23,026 [s2@group-0DB13EEF429C-StateMachineUpdater] INFO  impl.SimpleStateMachine4Testing (SimpleStateMachine4Testing.java:put(205)) - s2: put 13, m6 -> (t:1, i:13), STATEMACHINELOGENTRY, 6@client-C5396860DEC7
2023-09-01 02:13:23,026 [s2@group-0DB13EEF429C-StateMachineUpdater] INFO  impl.SimpleStateMachine4Testing (SimpleStateMachine4Testing.java:put(205)) - s2: put 15, m7 -> (t:1, i:15), STATEMACHINELOGENTRY, 7@client-C5396860DEC7
2023-09-01 02:13:23,026 [s2@group-0DB13EEF429C-StateMachineUpdater] INFO  impl.SimpleStateMachine4Testing (SimpleStateMachine4Testing.java:put(205)) - s2: put 17, m8 -> (t:1, i:17), STATEMACHINELOGENTRY, 8@client-C5396860DEC7
2023-09-01 02:13:23,026 [s2@group-0DB13EEF429C-StateMachineUpdater] INFO  impl.SimpleStateMachine4Testing (SimpleStateMachine4Testing.java:put(205)) - s2: put 19, m9 -> (t:1, i:19), STATEMACHINELOGENTRY, 9@client-C5396860DEC7
2023-09-01 02:13:23,026 [s2@group-0DB13EEF429C-StateMachineUpdater] INFO  impl.SimpleStateMachine4Testing (SimpleStateMachine4Testing.java:put(205)) - s2: put 21, m10 -> (t:1, i:21), STATEMACHINELOGENTRY, 10@client-C5396860DEC7
2023-09-01 02:13:23,026 [s2@group-0DB13EEF429C-StateMachineUpdater] INFO  impl.SimpleStateMachine4Testing (SimpleStateMachine4Testing.java:put(205)) - s2: put 23, m11 -> (t:1, i:23), STATEMACHINELOGENTRY, 11@client-C5396860DEC7
2023-09-01 02:13:23,027 [s2@group-0DB13EEF429C-StateMachineUpdater] INFO  impl.SimpleStateMachine4Testing (SimpleStateMachine4Testing.java:put(205)) - s2: put 25, m12 -> (t:1, i:25), STATEMACHINELOGENTRY, 12@client-C5396860DEC7
2023-09-01 02:13:23,027 [s2@group-0DB13EEF429C-StateMachineUpdater] INFO  impl.SimpleStateMachine4Testing (SimpleStateMachine4Testing.java:put(205)) - s2: put 27, m13 -> (t:1, i:27), STATEMACHINELOGENTRY, 13@client-C5396860DEC7
2023-09-01 02:13:23,027 [s2@group-0DB13EEF429C-StateMachineUpdater] INFO  impl.SimpleStateMachine4Testing (SimpleStateMachine4Testing.java:put(205)) - s2: put 29, m14 -> (t:1, i:29), STATEMACHINELOGENTRY, 14@client-C5396860DEC7
2023-09-01 02:13:23,027 [s2@group-0DB13EEF429C-StateMachineUpdater] INFO  impl.SimpleStateMachine4Testing (SimpleStateMachine4Testing.java:put(205)) - s2: put 31, m15 -> (t:1, i:31), STATEMACHINELOGENTRY, 15@client-C5396860DEC7
2023-09-01 02:13:23,027 [s2@group-0DB13EEF429C-StateMachineUpdater] INFO  impl.SimpleStateMachine4Testing (SimpleStateMachine4Testing.java:put(205)) - s2: put 33, m16 -> (t:1, i:33), STATEMACHINELOGENTRY, 16@client-C5396860DEC7
2023-09-01 02:13:23,027 [s2@group-0DB13EEF429C-StateMachineUpdater] INFO  impl.SimpleStateMachine4Testing (SimpleStateMachine4Testing.java:put(205)) - s2: put 35, m17 -> (t:1, i:35), STATEMACHINELOGENTRY, 17@client-C5396860DEC7
2023-09-01 02:13:23,027 [s2@group-0DB13EEF429C-StateMachineUpdater] INFO  impl.SimpleStateMachine4Testing (SimpleStateMachine4Testing.java:put(205)) - s2: put 37, m18 -> (t:1, i:37), STATEMACHINELOGENTRY, 18@client-C5396860DEC7
2023-09-01 02:13:23,027 [s2@group-0DB13EEF429C-StateMachineUpdater] INFO  impl.SimpleStateMachine4Testing (SimpleStateMachine4Testing.java:put(205)) - s2: put 39, m19 -> (t:1, i:39), STATEMACHINELOGENTRY, 19@client-C5396860DEC7
2023-09-01 02:13:23,027 [s2@group-0DB13EEF429C-StateMachineUpdater] INFO  impl.SimpleStateMachine4Testing (SimpleStateMachine4Testing.java:put(205)) - s2: put 41, m20 -> (t:1, i:41), STATEMACHINELOGENTRY, 20@client-C5396860DEC7
2023-09-01 02:13:23,027 [s2@group-0DB13EEF429C-StateMachineUpdater] INFO  impl.SimpleStateMachine4Testing (SimpleStateMachine4Testing.java:put(205)) - s2: put 43, m21 -> (t:1, i:43), STATEMACHINELOGENTRY, 21@client-C5396860DEC7
2023-09-01 02:13:23,028 [s2@group-0DB13EEF429C-StateMachineUpdater] INFO  impl.SimpleStateMachine4Testing (SimpleStateMachine4Testing.java:put(205)) - s2: put 45, m22 -> (t:1, i:45), STATEMACHINELOGENTRY, 22@client-C5396860DEC7
2023-09-01 02:13:23,028 [s2@group-0DB13EEF429C-StateMachineUpdater] INFO  impl.SimpleStateMachine4Testing (SimpleStateMachine4Testing.java:put(205)) - s2: put 47, m23 -> (t:1, i:47), STATEMACHINELOGENTRY, 23@client-C5396860DEC7
2023-09-01 02:13:23,028 [s2@group-0DB13EEF429C-StateMachineUpdater] INFO  impl.SimpleStateMachine4Testing (SimpleStateMachine4Testing.java:put(205)) - s2: put 49, m24 -> (t:1, i:49), STATEMACHINELOGENTRY, 24@client-C5396860DEC7
2023-09-01 02:13:23,028 [s2@group-0DB13EEF429C-StateMachineUpdater] INFO  impl.SimpleStateMachine4Testing (SimpleStateMachine4Testing.java:put(205)) - s2: put 51, m25 -> (t:1, i:51), STATEMACHINELOGENTRY, 25@client-C5396860DEC7
2023-09-01 02:13:23,028 [grpc-default-executor-3] INFO  server.GrpcLogAppender (GrpcLogAppender.java:onNext(543)) - s0@group-0DB13EEF429C->s2-InstallSnapshotResponseHandler: received a reply s0<-s2#0:OK-t1,SUCCESS,requestIndex=9
2023-09-01 02:13:23,028 [s2@group-0DB13EEF429C-StateMachineUpdater] INFO  impl.SimpleStateMachine4Testing (SimpleStateMachine4Testing.java:put(205)) - s2: put 53, m26 -> (t:1, i:53), STATEMACHINELOGENTRY, 26@client-C5396860DEC7
2023-09-01 02:13:23,028 [s2@group-0DB13EEF429C-StateMachineUpdater] INFO  impl.SimpleStateMachine4Testing (SimpleStateMachine4Testing.java:put(205)) - s2: put 55, m27 -> (t:1, i:55), STATEMACHINELOGENTRY, 27@client-C5396860DEC7
2023-09-01 02:13:23,029 [s2@group-0DB13EEF429C-StateMachineUpdater] INFO  impl.SimpleStateMachine4Testing (SimpleStateMachine4Testing.java:put(205)) - s2: put 57, m28 -> (t:1, i:57), STATEMACHINELOGENTRY, 28@client-C5396860DEC7
2023-09-01 02:13:23,029 [s2@group-0DB13EEF429C-StateMachineUpdater] INFO  impl.SimpleStateMachine4Testing (SimpleStateMachine4Testing.java:put(205)) - s2: put 59, m29 -> (t:1, i:59), STATEMACHINELOGENTRY, 29@client-C5396860DEC7
2023-09-01 02:13:23,029 [s2@group-0DB13EEF429C-StateMachineUpdater] INFO  impl.SimpleStateMachine4Testing (SimpleStateMachine4Testing.java:put(205)) - s2: put 61, m30 -> (t:1, i:61), STATEMACHINELOGENTRY, 30@client-C5396860DEC7
2023-09-01 02:13:23,029 [s2@group-0DB13EEF429C-StateMachineUpdater] INFO  impl.SimpleStateMachine4Testing (SimpleStateMachine4Testing.java:put(205)) - s2: put 63, m31 -> (t:1, i:63), STATEMACHINELOGENTRY, 31@client-C5396860DEC7
2023-09-01 02:13:23,029 [s2@group-0DB13EEF429C-StateMachineUpdater] INFO  impl.SimpleStateMachine4Testing (SimpleStateMachine4Testing.java:put(205)) - s2: put 65, m32 -> (t:1, i:65), STATEMACHINELOGENTRY, 32@client-C5396860DEC7
2023-09-01 02:13:23,029 [s2@group-0DB13EEF429C-StateMachineUpdater] INFO  impl.SimpleStateMachine4Testing (SimpleStateMachine4Testing.java:put(205)) - s2: put 67, m33 -> (t:1, i:67), STATEMACHINELOGENTRY, 33@client-C5396860DEC7
2023-09-01 02:13:23,029 [s2@group-0DB13EEF429C-StateMachineUpdater] INFO  impl.SimpleStateMachine4Testing (SimpleStateMachine4Testing.java:put(205)) - s2: put 69, m34 -> (t:1, i:69), STATEMACHINELOGENTRY, 34@client-C5396860DEC7
2023-09-01 02:13:23,029 [s2@group-0DB13EEF429C-StateMachineUpdater] INFO  impl.SimpleStateMachine4Testing (SimpleStateMachine4Testing.java:put(205)) - s2: put 71, m35 -> (t:1, i:71), STATEMACHINELOGENTRY, 35@client-C5396860DEC7
2023-09-01 02:13:23,029 [s2@group-0DB13EEF429C-StateMachineUpdater] INFO  impl.SimpleStateMachine4Testing (SimpleStateMachine4Testing.java:put(205)) - s2: put 73, m36 -> (t:1, i:73), STATEMACHINELOGENTRY, 36@client-C5396860DEC7
2023-09-01 02:13:23,029 [s2@group-0DB13EEF429C-StateMachineUpdater] INFO  impl.SimpleStateMachine4Testing (SimpleStateMachine4Testing.java:put(205)) - s2: put 75, m37 -> (t:1, i:75), STATEMACHINELOGENTRY, 37@client-C5396860DEC7
2023-09-01 02:13:23,030 [s2@group-0DB13EEF429C-StateMachineUpdater] INFO  impl.SimpleStateMachine4Testing (SimpleStateMachine4Testing.java:put(205)) - s2: put 77, m38 -> (t:1, i:77), STATEMACHINELOGENTRY, 38@client-C5396860DEC7
2023-09-01 02:13:23,030 [s2@group-0DB13EEF429C-StateMachineUpdater] INFO  impl.SimpleStateMachine4Testing (SimpleStateMachine4Testing.java:put(205)) - s2: put 79, m39 -> (t:1, i:79), STATEMACHINELOGENTRY, 39@client-C5396860DEC7
2023-09-01 02:13:23,030 [s2@group-0DB13EEF429C-StateMachineUpdater] INFO  impl.SimpleStateMachine4Testing (SimpleStateMachine4Testing.java:put(205)) - s2: put 81, m40 -> (t:1, i:81), STATEMACHINELOGENTRY, 40@client-C5396860DEC7
2023-09-01 02:13:23,030 [s2@group-0DB13EEF429C-StateMachineUpdater] INFO  impl.SimpleStateMachine4Testing (SimpleStateMachine4Testing.java:put(205)) - s2: put 83, m41 -> (t:1, i:83), STATEMACHINELOGENTRY, 41@client-C5396860DEC7
2023-09-01 02:13:23,030 [s2@group-0DB13EEF429C-StateMachineUpdater] INFO  impl.SimpleStateMachine4Testing (SimpleStateMachine4Testing.java:put(205)) - s2: put 85, m42 -> (t:1, i:85), STATEMACHINELOGENTRY, 42@client-C5396860DEC7
2023-09-01 02:13:23,030 [s2@group-0DB13EEF429C-StateMachineUpdater] INFO  impl.SimpleStateMachine4Testing (SimpleStateMachine4Testing.java:put(205)) - s2: put 87, m43 -> (t:1, i:87), STATEMACHINELOGENTRY, 43@client-C5396860DEC7
2023-09-01 02:13:23,030 [s2@group-0DB13EEF429C-StateMachineUpdater] INFO  impl.SimpleStateMachine4Testing (SimpleStateMachine4Testing.java:put(205)) - s2: put 89, m44 -> (t:1, i:89), STATEMACHINELOGENTRY, 44@client-C5396860DEC7
2023-09-01 02:13:23,030 [s2@group-0DB13EEF429C-StateMachineUpdater] INFO  impl.SimpleStateMachine4Testing (SimpleStateMachine4Testing.java:put(205)) - s2: put 91, m45 -> (t:1, i:91), STATEMACHINELOGENTRY, 45@client-C5396860DEC7
2023-09-01 02:13:23,030 [s2@group-0DB13EEF429C-StateMachineUpdater] INFO  impl.SimpleStateMachine4Testing (SimpleStateMachine4Testing.java:put(205)) - s2: put 93, m46 -> (t:1, i:93), STATEMACHINELOGENTRY, 46@client-C5396860DEC7
2023-09-01 02:13:23,030 [s2@group-0DB13EEF429C-StateMachineUpdater] INFO  impl.SimpleStateMachine4Testing (SimpleStateMachine4Testing.java:put(205)) - s2: put 95, m47 -> (t:1, i:95), STATEMACHINELOGENTRY, 47@client-C5396860DEC7
2023-09-01 02:13:23,031 [s2@group-0DB13EEF429C-StateMachineUpdater] INFO  impl.SimpleStateMachine4Testing (SimpleStateMachine4Testing.java:put(205)) - s2: put 97, m48 -> (t:1, i:97), STATEMACHINELOGENTRY, 48@client-C5396860DEC7
2023-09-01 02:13:23,031 [s2@group-0DB13EEF429C-StateMachineUpdater] INFO  impl.SimpleStateMachine4Testing (SimpleStateMachine4Testing.java:put(205)) - s2: put 99, m49 -> (t:1, i:99), STATEMACHINELOGENTRY, 49@client-C5396860DEC7
2023-09-01 02:13:23,031 [s2@group-0DB13EEF429C-StateMachineUpdater] INFO  impl.SimpleStateMachine4Testing (SimpleStateMachine4Testing.java:put(205)) - s2: put 101, m50 -> (t:1, i:101), STATEMACHINELOGENTRY, 50@client-C5396860DEC7
2023-09-01 02:13:23,031 [s2@group-0DB13EEF429C-StateMachineUpdater] INFO  impl.SimpleStateMachine4Testing (SimpleStateMachine4Testing.java:put(205)) - s2: put 103, m51 -> (t:1, i:103), STATEMACHINELOGENTRY, 51@client-C5396860DEC7
2023-09-01 02:13:23,031 [s2@group-0DB13EEF429C-StateMachineUpdater] INFO  impl.SimpleStateMachine4Testing (SimpleStateMachine4Testing.java:put(205)) - s2: put 105, m52 -> (t:1, i:105), STATEMACHINELOGENTRY, 52@client-C5396860DEC7
2023-09-01 02:13:23,031 [s2@group-0DB13EEF429C-StateMachineUpdater] INFO  impl.SimpleStateMachine4Testing (SimpleStateMachine4Testing.java:put(205)) - s2: put 107, m53 -> (t:1, i:107), STATEMACHINELOGENTRY, 53@client-C5396860DEC7
2023-09-01 02:13:23,031 [s2@group-0DB13EEF429C-StateMachineUpdater] INFO  impl.SimpleStateMachine4Testing (SimpleStateMachine4Testing.java:put(205)) - s2: put 109, m54 -> (t:1, i:109), STATEMACHINELOGENTRY, 54@client-C5396860DEC7
2023-09-01 02:13:23,031 [s2@group-0DB13EEF429C-StateMachineUpdater] INFO  impl.SimpleStateMachine4Testing (SimpleStateMachine4Testing.java:put(205)) - s2: put 111, m55 -> (t:1, i:111), STATEMACHINELOGENTRY, 55@client-C5396860DEC7
2023-09-01 02:13:23,031 [s2@group-0DB13EEF429C-StateMachineUpdater] INFO  impl.SimpleStateMachine4Testing (SimpleStateMachine4Testing.java:put(205)) - s2: put 113, m56 -> (t:1, i:113), STATEMACHINELOGENTRY, 56@client-C5396860DEC7
2023-09-01 02:13:23,031 [s2@group-0DB13EEF429C-StateMachineUpdater] INFO  impl.SimpleStateMachine4Testing (SimpleStateMachine4Testing.java:put(205)) - s2: put 115, m57 -> (t:1, i:115), STATEMACHINELOGENTRY, 57@client-C5396860DEC7
2023-09-01 02:13:23,031 [s2@group-0DB13EEF429C-StateMachineUpdater] INFO  impl.SimpleStateMachine4Testing (SimpleStateMachine4Testing.java:put(205)) - s2: put 117, m58 -> (t:1, i:117), STATEMACHINELOGENTRY, 58@client-C5396860DEC7
2023-09-01 02:13:23,032 [s2@group-0DB13EEF429C-StateMachineUpdater] INFO  impl.SimpleStateMachine4Testing (SimpleStateMachine4Testing.java:put(205)) - s2: put 119, m59 -> (t:1, i:119), STATEMACHINELOGENTRY, 59@client-C5396860DEC7
2023-09-01 02:13:23,032 [s2@group-0DB13EEF429C-StateMachineUpdater] INFO  impl.SimpleStateMachine4Testing (SimpleStateMachine4Testing.java:put(205)) - s2: put 121, m60 -> (t:1, i:121), STATEMACHINELOGENTRY, 60@client-C5396860DEC7
2023-09-01 02:13:23,032 [s2@group-0DB13EEF429C-StateMachineUpdater] INFO  impl.SimpleStateMachine4Testing (SimpleStateMachine4Testing.java:put(205)) - s2: put 123, m61 -> (t:1, i:123), STATEMACHINELOGENTRY, 61@client-C5396860DEC7
2023-09-01 02:13:23,032 [s2@group-0DB13EEF429C-StateMachineUpdater] INFO  impl.SimpleStateMachine4Testing (SimpleStateMachine4Testing.java:put(205)) - s2: put 125, m62 -> (t:1, i:125), STATEMACHINELOGENTRY, 62@client-C5396860DEC7
2023-09-01 02:13:23,032 [s2@group-0DB13EEF429C-StateMachineUpdater] INFO  impl.SimpleStateMachine4Testing (SimpleStateMachine4Testing.java:put(205)) - s2: put 127, m63 -> (t:1, i:127), STATEMACHINELOGENTRY, 63@client-C5396860DEC7
2023-09-01 02:13:23,032 [s2@group-0DB13EEF429C-StateMachineUpdater] INFO  impl.SimpleStateMachine4Testing (SimpleStateMachine4Testing.java:put(205)) - s2: put 129, m64 -> (t:1, i:129), STATEMACHINELOGENTRY, 64@client-C5396860DEC7
2023-09-01 02:13:23,032 [s2@group-0DB13EEF429C-StateMachineUpdater] INFO  impl.SimpleStateMachine4Testing (SimpleStateMachine4Testing.java:put(205)) - s2: put 131, m65 -> (t:1, i:131), STATEMACHINELOGENTRY, 65@client-C5396860DEC7
2023-09-01 02:13:23,032 [s2@group-0DB13EEF429C-StateMachineUpdater] INFO  impl.SimpleStateMachine4Testing (SimpleStateMachine4Testing.java:put(205)) - s2: put 133, m66 -> (t:1, i:133), STATEMACHINELOGENTRY, 66@client-C5396860DEC7
2023-09-01 02:13:23,032 [s2@group-0DB13EEF429C-StateMachineUpdater] INFO  impl.SimpleStateMachine4Testing (SimpleStateMachine4Testing.java:put(205)) - s2: put 135, m67 -> (t:1, i:135), STATEMACHINELOGENTRY, 67@client-C5396860DEC7
2023-09-01 02:13:23,032 [s2@group-0DB13EEF429C-StateMachineUpdater] INFO  impl.SimpleStateMachine4Testing (SimpleStateMachine4Testing.java:put(205)) - s2: put 137, m68 -> (t:1, i:137), STATEMACHINELOGENTRY, 68@client-C5396860DEC7
2023-09-01 02:13:23,032 [s2@group-0DB13EEF429C-StateMachineUpdater] INFO  impl.SimpleStateMachine4Testing (SimpleStateMachine4Testing.java:put(205)) - s2: put 139, m69 -> (t:1, i:139), STATEMACHINELOGENTRY, 69@client-C5396860DEC7
2023-09-01 02:13:23,033 [s2@group-0DB13EEF429C-StateMachineUpdater] INFO  impl.SimpleStateMachine4Testing (SimpleStateMachine4Testing.java:put(205)) - s2: put 141, m70 -> (t:1, i:141), STATEMACHINELOGENTRY, 70@client-C5396860DEC7
2023-09-01 02:13:23,033 [s2@group-0DB13EEF429C-StateMachineUpdater] INFO  impl.SimpleStateMachine4Testing (SimpleStateMachine4Testing.java:put(205)) - s2: put 143, m71 -> (t:1, i:143), STATEMACHINELOGENTRY, 71@client-C5396860DEC7
2023-09-01 02:13:23,033 [s2@group-0DB13EEF429C-StateMachineUpdater] INFO  impl.SimpleStateMachine4Testing (SimpleStateMachine4Testing.java:put(205)) - s2: put 145, m72 -> (t:1, i:145), STATEMACHINELOGENTRY, 72@client-C5396860DEC7
2023-09-01 02:13:23,033 [s2@group-0DB13EEF429C-StateMachineUpdater] INFO  impl.SimpleStateMachine4Testing (SimpleStateMachine4Testing.java:put(205)) - s2: put 147, m73 -> (t:1, i:147), STATEMACHINELOGENTRY, 73@client-C5396860DEC7
2023-09-01 02:13:23,033 [s2@group-0DB13EEF429C-StateMachineUpdater] INFO  impl.SimpleStateMachine4Testing (SimpleStateMachine4Testing.java:put(205)) - s2: put 149, m74 -> (t:1, i:149), STATEMACHINELOGENTRY, 74@client-C5396860DEC7
2023-09-01 02:13:23,033 [s2@group-0DB13EEF429C-StateMachineUpdater] INFO  impl.SimpleStateMachine4Testing (SimpleStateMachine4Testing.java:put(205)) - s2: put 151, m75 -> (t:1, i:151), STATEMACHINELOGENTRY, 75@client-C5396860DEC7
2023-09-01 02:13:23,033 [s2@group-0DB13EEF429C-StateMachineUpdater] INFO  impl.SimpleStateMachine4Testing (SimpleStateMachine4Testing.java:put(205)) - s2: put 153, m76 -> (t:1, i:153), STATEMACHINELOGENTRY, 76@client-C5396860DEC7
2023-09-01 02:13:23,033 [s2@group-0DB13EEF429C-StateMachineUpdater] INFO  impl.SimpleStateMachine4Testing (SimpleStateMachine4Testing.java:put(205)) - s2: put 155, m77 -> (t:1, i:155), STATEMACHINELOGENTRY, 77@client-C5396860DEC7
2023-09-01 02:13:23,033 [s2@group-0DB13EEF429C-StateMachineUpdater] INFO  impl.SimpleStateMachine4Testing (SimpleStateMachine4Testing.java:put(205)) - s2: put 157, m78 -> (t:1, i:157), STATEMACHINELOGENTRY, 78@client-C5396860DEC7
2023-09-01 02:13:23,033 [s2@group-0DB13EEF429C-StateMachineUpdater] INFO  impl.SimpleStateMachine4Testing (SimpleStateMachine4Testing.java:put(205)) - s2: put 159, m79 -> (t:1, i:159), STATEMACHINELOGENTRY, 79@client-C5396860DEC7
2023-09-01 02:13:23,033 [s2@group-0DB13EEF429C-StateMachineUpdater] INFO  impl.SimpleStateMachine4Testing (SimpleStateMachine4Testing.java:put(205)) - s2: put 161, m80 -> (t:1, i:161), STATEMACHINELOGENTRY, 80@client-C5396860DEC7
2023-09-01 02:13:23,033 [s2@group-0DB13EEF429C-StateMachineUpdater] INFO  impl.SimpleStateMachine4Testing (SimpleStateMachine4Testing.java:put(205)) - s2: put 163, m81 -> (t:1, i:163), STATEMACHINELOGENTRY, 81@client-C5396860DEC7
2023-09-01 02:13:23,034 [s2@group-0DB13EEF429C-StateMachineUpdater] INFO  impl.SimpleStateMachine4Testing (SimpleStateMachine4Testing.java:put(205)) - s2: put 165, m82 -> (t:1, i:165), STATEMACHINELOGENTRY, 82@client-C5396860DEC7
2023-09-01 02:13:23,034 [s2@group-0DB13EEF429C-StateMachineUpdater] INFO  impl.SimpleStateMachine4Testing (SimpleStateMachine4Testing.java:put(205)) - s2: put 167, m83 -> (t:1, i:167), STATEMACHINELOGENTRY, 83@client-C5396860DEC7
2023-09-01 02:13:23,034 [s2@group-0DB13EEF429C-StateMachineUpdater] INFO  impl.SimpleStateMachine4Testing (SimpleStateMachine4Testing.java:put(205)) - s2: put 169, m84 -> (t:1, i:169), STATEMACHINELOGENTRY, 84@client-C5396860DEC7
2023-09-01 02:13:23,034 [s2@group-0DB13EEF429C-StateMachineUpdater] INFO  impl.SimpleStateMachine4Testing (SimpleStateMachine4Testing.java:put(205)) - s2: put 171, m85 -> (t:1, i:171), STATEMACHINELOGENTRY, 85@client-C5396860DEC7
2023-09-01 02:13:23,034 [s2@group-0DB13EEF429C-StateMachineUpdater] INFO  impl.SimpleStateMachine4Testing (SimpleStateMachine4Testing.java:put(205)) - s2: put 173, m86 -> (t:1, i:173), STATEMACHINELOGENTRY, 86@client-C5396860DEC7
2023-09-01 02:13:23,034 [s2@group-0DB13EEF429C-StateMachineUpdater] INFO  impl.SimpleStateMachine4Testing (SimpleStateMachine4Testing.java:put(205)) - s2: put 175, m87 -> (t:1, i:175), STATEMACHINELOGENTRY, 87@client-C5396860DEC7
2023-09-01 02:13:23,034 [s2@group-0DB13EEF429C-StateMachineUpdater] INFO  impl.SimpleStateMachine4Testing (SimpleStateMachine4Testing.java:put(205)) - s2: put 177, m88 -> (t:1, i:177), STATEMACHINELOGENTRY, 88@client-C5396860DEC7
2023-09-01 02:13:23,034 [s2@group-0DB13EEF429C-StateMachineUpdater] INFO  impl.SimpleStateMachine4Testing (SimpleStateMachine4Testing.java:put(205)) - s2: put 179, m89 -> (t:1, i:179), STATEMACHINELOGENTRY, 89@client-C5396860DEC7
2023-09-01 02:13:23,034 [s2@group-0DB13EEF429C-StateMachineUpdater] INFO  impl.SimpleStateMachine4Testing (SimpleStateMachine4Testing.java:put(205)) - s2: put 181, m90 -> (t:1, i:181), STATEMACHINELOGENTRY, 90@client-C5396860DEC7
2023-09-01 02:13:23,034 [s2@group-0DB13EEF429C-StateMachineUpdater] INFO  impl.SimpleStateMachine4Testing (SimpleStateMachine4Testing.java:put(205)) - s2: put 183, m91 -> (t:1, i:183), STATEMACHINELOGENTRY, 91@client-C5396860DEC7
2023-09-01 02:13:23,034 [s2@group-0DB13EEF429C-StateMachineUpdater] INFO  impl.SimpleStateMachine4Testing (SimpleStateMachine4Testing.java:put(205)) - s2: put 185, m92 -> (t:1, i:185), STATEMACHINELOGENTRY, 92@client-C5396860DEC7
2023-09-01 02:13:23,035 [s2@group-0DB13EEF429C-StateMachineUpdater] INFO  impl.SimpleStateMachine4Testing (SimpleStateMachine4Testing.java:put(205)) - s2: put 187, m93 -> (t:1, i:187), STATEMACHINELOGENTRY, 93@client-C5396860DEC7
2023-09-01 02:13:23,035 [s2@group-0DB13EEF429C-StateMachineUpdater] INFO  impl.SimpleStateMachine4Testing (SimpleStateMachine4Testing.java:put(205)) - s2: put 189, m94 -> (t:1, i:189), STATEMACHINELOGENTRY, 94@client-C5396860DEC7
2023-09-01 02:13:23,035 [s2@group-0DB13EEF429C-StateMachineUpdater] INFO  impl.SimpleStateMachine4Testing (SimpleStateMachine4Testing.java:put(205)) - s2: put 191, m95 -> (t:1, i:191), STATEMACHINELOGENTRY, 95@client-C5396860DEC7
2023-09-01 02:13:23,025 [s1@group-0DB13EEF429C-StateMachineUpdater] INFO  impl.SimpleStateMachine4Testing (SimpleStateMachine4Testing.java:put(205)) - s1: put 179, m89 -> (t:1, i:179), STATEMACHINELOGENTRY, 89@client-C5396860DEC7
2023-09-01 02:13:23,025 [grpc-default-executor-1] INFO  segmented.SegmentedRaftLogWorker (SegmentedRaftLogWorker.java:lambda$new$0(134)) - s2@group-0DB13EEF429C-SegmentedRaftLogWorker: flushIndex: setUnconditionally -1 -> 191
2023-09-01 02:13:23,036 [grpc-default-executor-1] INFO  segmented.SegmentedRaftLogWorker (SegmentedRaftLogWorker.java:lambda$new$0(134)) - s2@group-0DB13EEF429C-SegmentedRaftLogWorker: safeCacheEvictIndex: setUnconditionally -1 -> 191
2023-09-01 02:13:23,036 [grpc-default-executor-1] INFO  impl.SnapshotInstallationHandler (SnapshotInstallationHandler.java:checkAndInstallSnapshot(194)) - s2@group-0DB13EEF429C: successfully install the entire snapshot-191
2023-09-01 02:13:23,036 [grpc-default-executor-1] INFO  impl.SnapshotInstallationHandler (SnapshotInstallationHandler.java:installSnapshot(100)) - s2@group-0DB13EEF429C: reply installSnapshot: s0<-s2#0:OK-t1,SUCCESS,requestIndex=10
2023-09-01 02:13:23,035 [s2@group-0DB13EEF429C-StateMachineUpdater] INFO  impl.StateMachineUpdater (StateMachineUpdater.java:lambda$new$0(98)) - s2@group-0DB13EEF429C-StateMachineUpdater: snapshotIndex: setUnconditionally -1 -> 191
2023-09-01 02:13:23,028 [grpc-default-executor-3] INFO  server.GrpcLogAppender (GrpcLogAppender.java:onNext(557)) - s0@group-0DB13EEF429C->s2-InstallSnapshotResponseHandler: Completed InstallSnapshot. Reply: serverReply {
  requestorId: "s0"
  replyId: "s2"
  raftGroupId {
    id: "iO\001\202\363>G\343\233\236\r\261>\357B\234"
  }
  success: true
}
term: 1
requestIndex: 9

2023-09-01 02:13:23,036 [grpc-default-executor-3] INFO  leader.FollowerInfo (FollowerInfoImpl.java:setAttemptedToInstallSnapshot(126)) - Follower s0@group-0DB13EEF429C->s2 acknowledged installing snapshot
2023-09-01 02:13:23,036 [s2@group-0DB13EEF429C-StateMachineUpdater] INFO  impl.StateMachineUpdater (StateMachineUpdater.java:lambda$new$0(98)) - s2@group-0DB13EEF429C-StateMachineUpdater: appliedIndex: setUnconditionally -1 -> 191
2023-09-01 02:13:23,026 [grpc-default-executor-0] INFO  server.GrpcLogAppender (GrpcLogAppender.java:onNext(543)) - s0@group-0DB13EEF429C->s1-InstallSnapshotResponseHandler: received a reply s0<-s1#0:OK-t1,SUCCESS,requestIndex=10
2023-09-01 02:13:23,036 [s1@group-0DB13EEF429C-StateMachineUpdater] INFO  impl.SimpleStateMachine4Testing (SimpleStateMachine4Testing.java:put(205)) - s1: put 181, m90 -> (t:1, i:181), STATEMACHINELOGENTRY, 90@client-C5396860DEC7
2023-09-01 02:13:23,036 [grpc-default-executor-3] INFO  server.GrpcLogAppender (GrpcLogAppender.java:onNext(543)) - s0@group-0DB13EEF429C->s2-InstallSnapshotResponseHandler: received a reply s0<-s2#0:OK-t1,SUCCESS,requestIndex=10
2023-09-01 02:13:23,037 [grpc-default-executor-0] INFO  server.GrpcLogAppender (GrpcLogAppender.java:onNext(557)) - s0@group-0DB13EEF429C->s1-InstallSnapshotResponseHandler: Completed InstallSnapshot. Reply: serverReply {
  requestorId: "s0"
  replyId: "s1"
  raftGroupId {
    id: "iO\001\202\363>G\343\233\236\r\261>\357B\234"
  }
  success: true
}
term: 1
requestIndex: 10

2023-09-01 02:13:23,037 [grpc-default-executor-0] INFO  leader.FollowerInfo (FollowerInfoImpl.java:setAttemptedToInstallSnapshot(126)) - Follower s0@group-0DB13EEF429C->s1 acknowledged installing snapshot
2023-09-01 02:13:23,037 [grpc-default-executor-3] INFO  server.GrpcLogAppender (GrpcLogAppender.java:onNext(557)) - s0@group-0DB13EEF429C->s2-InstallSnapshotResponseHandler: Completed InstallSnapshot. Reply: serverReply {
  requestorId: "s0"
  replyId: "s2"
  raftGroupId {
    id: "iO\001\202\363>G\343\233\236\r\261>\357B\234"
  }
  success: true
}
term: 1
requestIndex: 10

2023-09-01 02:13:23,037 [grpc-default-executor-0] INFO  server.GrpcLogAppender (GrpcLogAppender.java:onCompleted(623)) - s0@group-0DB13EEF429C->s1-InstallSnapshotResponseHandler: follower responded installSnapshot COMPLETED
2023-09-01 02:13:23,037 [grpc-default-executor-3] INFO  leader.FollowerInfo (FollowerInfoImpl.java:setAttemptedToInstallSnapshot(126)) - Follower s0@group-0DB13EEF429C->s2 acknowledged installing snapshot
2023-09-01 02:13:23,037 [s1@group-0DB13EEF429C-StateMachineUpdater] INFO  impl.SimpleStateMachine4Testing (SimpleStateMachine4Testing.java:put(205)) - s1: put 183, m91 -> (t:1, i:183), STATEMACHINELOGENTRY, 91@client-C5396860DEC7
2023-09-01 02:13:23,037 [s1@group-0DB13EEF429C-StateMachineUpdater] INFO  impl.SimpleStateMachine4Testing (SimpleStateMachine4Testing.java:put(205)) - s1: put 185, m92 -> (t:1, i:185), STATEMACHINELOGENTRY, 92@client-C5396860DEC7
2023-09-01 02:13:23,036 [grpc-default-executor-1] INFO  server.GrpcServerProtocolService (GrpcServerProtocolService.java:onCompleted(155)) - s2: Completed INSTALL_SNAPSHOT, lastRequest: s0->s2#0-t1,chunk:9d86e9a0-5bea-4461-99b5-92bb197aa868,10
2023-09-01 02:13:23,037 [s0@group-0DB13EEF429C->s1-GrpcLogAppender-LogAppenderDaemon] INFO  leader.FollowerInfo (FollowerInfoImpl.java:lambda$new$0(52)) - s0@group-0DB13EEF429C->s1: snapshotIndex: setUnconditionally 0 -> 191
2023-09-01 02:13:23,037 [grpc-default-executor-1] INFO  server.GrpcServerProtocolService (GrpcServerProtocolService.java:lambda$onCompleted$5(157)) - s2: Completed INSTALL_SNAPSHOT, lastReply: null
2023-09-01 02:13:23,037 [s0@group-0DB13EEF429C->s1-GrpcLogAppender-LogAppenderDaemon] INFO  leader.FollowerInfo (FollowerInfoImpl.java:lambda$new$0(52)) - s0@group-0DB13EEF429C->s1: matchIndex: setUnconditionally -1 -> 191
2023-09-01 02:13:23,038 [s0@group-0DB13EEF429C->s1-GrpcLogAppender-LogAppenderDaemon] INFO  leader.FollowerInfo (FollowerInfoImpl.java:lambda$new$0(52)) - s0@group-0DB13EEF429C->s1: nextIndex: setUnconditionally 0 -> 192
2023-09-01 02:13:23,038 [s0@group-0DB13EEF429C->s1-GrpcLogAppender-LogAppenderDaemon] INFO  server.GrpcLogAppender (GrpcLogAppender.java:installSnapshot(679)) - s0@group-0DB13EEF429C->s1-GrpcLogAppender: installed snapshot FileListSnapshotInfo(t:1, i:191):[/home/runner/work/ratis/ratis/ratis-test/target/test/data/1f94b248/MiniRaftClusterWithGrpc9e69d58d/s0/694f0182-f33e-47e3-9b9e-0db13eef429c/sm/snapshot/1.bin, /home/runner/work/ratis/ratis/ratis-test/target/test/data/1f94b248/MiniRaftClusterWithGrpc9e69d58d/s0/694f0182-f33e-47e3-9b9e-0db13eef429c/sm/snapshot/sub/2.bin, /home/runner/work/ratis/ratis/ratis-test/target/test/data/1f94b248/MiniRaftClusterWithGrpc9e69d58d/s0/694f0182-f33e-47e3-9b9e-0db13eef429c/sm/snapshot.1_191] successfully
2023-09-01 02:13:23,044 [grpc-default-executor-1] INFO  server.GrpcLogAppender (GrpcLogAppender.java:onCompleted(623)) - s0@group-0DB13EEF429C->s2-InstallSnapshotResponseHandler: follower responded installSnapshot COMPLETED
2023-09-01 02:13:23,044 [s0@group-0DB13EEF429C->s2-GrpcLogAppender-LogAppenderDaemon] INFO  leader.FollowerInfo (FollowerInfoImpl.java:lambda$new$0(52)) - s0@group-0DB13EEF429C->s2: snapshotIndex: setUnconditionally 0 -> 191
2023-09-01 02:13:23,044 [s0@group-0DB13EEF429C->s2-GrpcLogAppender-LogAppenderDaemon] INFO  leader.FollowerInfo (FollowerInfoImpl.java:lambda$new$0(52)) - s0@group-0DB13EEF429C->s2: matchIndex: setUnconditionally -1 -> 191
2023-09-01 02:13:23,044 [s0@group-0DB13EEF429C->s2-GrpcLogAppender-LogAppenderDaemon] INFO  leader.FollowerInfo (FollowerInfoImpl.java:lambda$new$0(52)) - s0@group-0DB13EEF429C->s2: nextIndex: setUnconditionally 0 -> 192
2023-09-01 02:13:23,044 [s0@group-0DB13EEF429C->s2-GrpcLogAppender-LogAppenderDaemon] INFO  server.GrpcLogAppender (GrpcLogAppender.java:installSnapshot(679)) - s0@group-0DB13EEF429C->s2-GrpcLogAppender: installed snapshot FileListSnapshotInfo(t:1, i:191):[/home/runner/work/ratis/ratis/ratis-test/target/test/data/1f94b248/MiniRaftClusterWithGrpc9e69d58d/s0/694f0182-f33e-47e3-9b9e-0db13eef429c/sm/snapshot/1.bin, /home/runner/work/ratis/ratis/ratis-test/target/test/data/1f94b248/MiniRaftClusterWithGrpc9e69d58d/s0/694f0182-f33e-47e3-9b9e-0db13eef429c/sm/snapshot/sub/2.bin, /home/runner/work/ratis/ratis/ratis-test/target/test/data/1f94b248/MiniRaftClusterWithGrpc9e69d58d/s0/694f0182-f33e-47e3-9b9e-0db13eef429c/sm/snapshot.1_191] successfully
2023-09-01 02:13:23,044 [s1@group-0DB13EEF429C-StateMachineUpdater] INFO  impl.SimpleStateMachine4Testing (SimpleStateMachine4Testing.java:put(205)) - s1: put 187, m93 -> (t:1, i:187), STATEMACHINELOGENTRY, 93@client-C5396860DEC7
2023-09-01 02:13:23,047 [s1@group-0DB13EEF429C-StateMachineUpdater] INFO  impl.SimpleStateMachine4Testing (SimpleStateMachine4Testing.java:put(205)) - s1: put 189, m94 -> (t:1, i:189), STATEMACHINELOGENTRY, 94@client-C5396860DEC7
2023-09-01 02:13:23,047 [s1@group-0DB13EEF429C-StateMachineUpdater] INFO  impl.SimpleStateMachine4Testing (SimpleStateMachine4Testing.java:put(205)) - s1: put 191, m95 -> (t:1, i:191), STATEMACHINELOGENTRY, 95@client-C5396860DEC7
2023-09-01 02:13:23,047 [s1@group-0DB13EEF429C-StateMachineUpdater] INFO  impl.StateMachineUpdater (StateMachineUpdater.java:lambda$new$0(98)) - s1@group-0DB13EEF429C-StateMachineUpdater: snapshotIndex: setUnconditionally -1 -> 191
2023-09-01 02:13:23,047 [s1@group-0DB13EEF429C-StateMachineUpdater] INFO  impl.StateMachineUpdater (StateMachineUpdater.java:lambda$new$0(98)) - s1@group-0DB13EEF429C-StateMachineUpdater: appliedIndex: setUnconditionally -1 -> 191
2023-09-01 02:13:23,073 [s2-server-thread2] INFO  server.RaftServer$Division (ServerState.java:setRaftConf(377)) - s2@group-0DB13EEF429C: set configuration 255: peers:[s0|rpc:localhost:35361|admin:localhost:44939|client:localhost:32867|dataStream:localhost:38529|priority:0|startupRole:FOLLOWER, s1|rpc:0.0.0.0:46015|dataStream:|priority:0|startupRole:FOLLOWER, s2|rpc:0.0.0.0:40595|dataStream:|priority:0|startupRole:FOLLOWER]|listeners:[], old=peers:[s0|rpc:localhost:35361|admin:localhost:44939|client:localhost:32867|dataStream:localhost:38529|priority:0|startupRole:FOLLOWER]|listeners:[]
2023-09-01 02:13:23,081 [s2-server-thread2] INFO  segmented.SegmentedRaftLogWorker (SegmentedRaftLogWorker.java:startLogSegment(427)) - s2@group-0DB13EEF429C-SegmentedRaftLogWorker: Starting segment from index:192
2023-09-01 02:13:23,089 [s1-server-thread3] INFO  server.RaftServer$Division (ServerState.java:setRaftConf(377)) - s1@group-0DB13EEF429C: set configuration 255: peers:[s0|rpc:localhost:35361|admin:localhost:44939|client:localhost:32867|dataStream:localhost:38529|priority:0|startupRole:FOLLOWER, s1|rpc:0.0.0.0:46015|dataStream:|priority:0|startupRole:FOLLOWER, s2|rpc:0.0.0.0:40595|dataStream:|priority:0|startupRole:FOLLOWER]|listeners:[], old=peers:[s0|rpc:localhost:35361|admin:localhost:44939|client:localhost:32867|dataStream:localhost:38529|priority:0|startupRole:FOLLOWER]|listeners:[]
2023-09-01 02:13:23,089 [s1-server-thread3] INFO  segmented.SegmentedRaftLogWorker (SegmentedRaftLogWorker.java:startLogSegment(427)) - s1@group-0DB13EEF429C-SegmentedRaftLogWorker: Starting segment from index:192
2023-09-01 02:13:23,092 [s2@group-0DB13EEF429C-SegmentedRaftLogWorker] INFO  segmented.SegmentedRaftLogWorker (SegmentedRaftLogWorker.java:execute(631)) - s2@group-0DB13EEF429C-SegmentedRaftLogWorker: created new log segment /home/runner/work/ratis/ratis/ratis-test/target/test/data/1f94b248/MiniRaftClusterWithGrpc9e69d58d/s2/694f0182-f33e-47e3-9b9e-0db13eef429c/current/log_inprogress_192
2023-09-01 02:13:23,096 [s2@group-0DB13EEF429C-StateMachineUpdater] INFO  impl.SimpleStateMachine4Testing (SimpleStateMachine4Testing.java:put(205)) - s2: put 193, m96 -> (t:1, i:193), STATEMACHINELOGENTRY, 96@client-C5396860DEC7
2023-09-01 02:13:23,098 [s0@group-0DB13EEF429C-LeaderStateImpl] INFO  server.RaftServer$Division (ServerState.java:setRaftConf(377)) - s0@group-0DB13EEF429C: set configuration 257: peers:[s0|rpc:localhost:35361|admin:localhost:44939|client:localhost:32867|dataStream:localhost:38529|priority:0|startupRole:FOLLOWER, s1|rpc:0.0.0.0:46015|dataStream:|priority:0|startupRole:FOLLOWER, s2|rpc:0.0.0.0:40595|dataStream:|priority:0|startupRole:FOLLOWER]|listeners:[], old=null
2023-09-01 02:13:23,100 [s2@group-0DB13EEF429C-StateMachineUpdater] INFO  impl.SimpleStateMachine4Testing (SimpleStateMachine4Testing.java:put(205)) - s2: put 195, m97 -> (t:1, i:195), STATEMACHINELOGENTRY, 97@client-C5396860DEC7
2023-09-01 02:13:23,100 [s2@group-0DB13EEF429C-StateMachineUpdater] INFO  impl.SimpleStateMachine4Testing (SimpleStateMachine4Testing.java:put(205)) - s2: put 197, m98 -> (t:1, i:197), STATEMACHINELOGENTRY, 98@client-C5396860DEC7
2023-09-01 02:13:23,101 [s2@group-0DB13EEF429C-StateMachineUpdater] INFO  impl.SimpleStateMachine4Testing (SimpleStateMachine4Testing.java:put(205)) - s2: put 199, m99 -> (t:1, i:199), STATEMACHINELOGENTRY, 99@client-C5396860DEC7
2023-09-01 02:13:23,101 [s2@group-0DB13EEF429C-StateMachineUpdater] INFO  impl.SimpleStateMachine4Testing (SimpleStateMachine4Testing.java:put(205)) - s2: put 201, m100 -> (t:1, i:201), STATEMACHINELOGENTRY, 100@client-C5396860DEC7
2023-09-01 02:13:23,101 [s2@group-0DB13EEF429C-StateMachineUpdater] INFO  impl.SimpleStateMachine4Testing (SimpleStateMachine4Testing.java:put(205)) - s2: put 203, m101 -> (t:1, i:203), STATEMACHINELOGENTRY, 101@client-C5396860DEC7
2023-09-01 02:13:23,102 [s2-server-thread2] INFO  server.RaftServer$Division (ServerState.java:setRaftConf(377)) - s2@group-0DB13EEF429C: set configuration 257: peers:[s0|rpc:localhost:35361|admin:localhost:44939|client:localhost:32867|dataStream:localhost:38529|priority:0|startupRole:FOLLOWER, s1|rpc:0.0.0.0:46015|dataStream:|priority:0|startupRole:FOLLOWER, s2|rpc:0.0.0.0:40595|dataStream:|priority:0|startupRole:FOLLOWER]|listeners:[], old=null
2023-09-01 02:13:23,103 [s2@group-0DB13EEF429C-StateMachineUpdater] INFO  impl.SimpleStateMachine4Testing (SimpleStateMachine4Testing.java:put(205)) - s2: put 205, m102 -> (t:1, i:205), STATEMACHINELOGENTRY, 102@client-C5396860DEC7
2023-09-01 02:13:23,103 [s2@group-0DB13EEF429C-StateMachineUpdater] INFO  impl.SimpleStateMachine4Testing (SimpleStateMachine4Testing.java:put(205)) - s2: put 207, m103 -> (t:1, i:207), STATEMACHINELOGENTRY, 103@client-C5396860DEC7
2023-09-01 02:13:23,104 [s2@group-0DB13EEF429C-StateMachineUpdater] INFO  impl.SimpleStateMachine4Testing (SimpleStateMachine4Testing.java:put(205)) - s2: put 209, m104 -> (t:1, i:209), STATEMACHINELOGENTRY, 104@client-C5396860DEC7
2023-09-01 02:13:23,104 [s2@group-0DB13EEF429C-StateMachineUpdater] INFO  impl.SimpleStateMachine4Testing (SimpleStateMachine4Testing.java:put(205)) - s2: put 211, m105 -> (t:1, i:211), STATEMACHINELOGENTRY, 105@client-C5396860DEC7
2023-09-01 02:13:23,104 [s2@group-0DB13EEF429C-StateMachineUpdater] INFO  impl.SimpleStateMachine4Testing (SimpleStateMachine4Testing.java:put(205)) - s2: put 213, m106 -> (t:1, i:213), STATEMACHINELOGENTRY, 106@client-C5396860DEC7
2023-09-01 02:13:23,105 [s2@group-0DB13EEF429C-StateMachineUpdater] INFO  impl.SimpleStateMachine4Testing (SimpleStateMachine4Testing.java:put(205)) - s2: put 215, m107 -> (t:1, i:215), STATEMACHINELOGENTRY, 107@client-C5396860DEC7
2023-09-01 02:13:23,105 [s2@group-0DB13EEF429C-StateMachineUpdater] INFO  impl.SimpleStateMachine4Testing (SimpleStateMachine4Testing.java:put(205)) - s2: put 217, m108 -> (t:1, i:217), STATEMACHINELOGENTRY, 108@client-C5396860DEC7
2023-09-01 02:13:23,105 [s2@group-0DB13EEF429C-StateMachineUpdater] INFO  impl.SimpleStateMachine4Testing (SimpleStateMachine4Testing.java:put(205)) - s2: put 219, m109 -> (t:1, i:219), STATEMACHINELOGENTRY, 109@client-C5396860DEC7
2023-09-01 02:13:23,105 [s2@group-0DB13EEF429C-StateMachineUpdater] INFO  impl.SimpleStateMachine4Testing (SimpleStateMachine4Testing.java:put(205)) - s2: put 221, m110 -> (t:1, i:221), STATEMACHINELOGENTRY, 110@client-C5396860DEC7
2023-09-01 02:13:23,106 [s2@group-0DB13EEF429C-StateMachineUpdater] INFO  impl.SimpleStateMachine4Testing (SimpleStateMachine4Testing.java:put(205)) - s2: put 223, m111 -> (t:1, i:223), STATEMACHINELOGENTRY, 111@client-C5396860DEC7
2023-09-01 02:13:23,106 [s2@group-0DB13EEF429C-StateMachineUpdater] INFO  impl.SimpleStateMachine4Testing (SimpleStateMachine4Testing.java:put(205)) - s2: put 225, m112 -> (t:1, i:225), STATEMACHINELOGENTRY, 112@client-C5396860DEC7
2023-09-01 02:13:23,106 [s2@group-0DB13EEF429C-StateMachineUpdater] INFO  impl.SimpleStateMachine4Testing (SimpleStateMachine4Testing.java:put(205)) - s2: put 227, m113 -> (t:1, i:227), STATEMACHINELOGENTRY, 113@client-C5396860DEC7
2023-09-01 02:13:23,106 [s2@group-0DB13EEF429C-StateMachineUpdater] INFO  impl.SimpleStateMachine4Testing (SimpleStateMachine4Testing.java:put(205)) - s2: put 229, m114 -> (t:1, i:229), STATEMACHINELOGENTRY, 114@client-C5396860DEC7
2023-09-01 02:13:23,107 [s2@group-0DB13EEF429C-StateMachineUpdater] INFO  impl.SimpleStateMachine4Testing (SimpleStateMachine4Testing.java:put(205)) - s2: put 231, m115 -> (t:1, i:231), STATEMACHINELOGENTRY, 115@client-C5396860DEC7
2023-09-01 02:13:23,107 [s2@group-0DB13EEF429C-StateMachineUpdater] INFO  impl.SimpleStateMachine4Testing (SimpleStateMachine4Testing.java:put(205)) - s2: put 233, m116 -> (t:1, i:233), STATEMACHINELOGENTRY, 116@client-C5396860DEC7
2023-09-01 02:13:23,107 [s2@group-0DB13EEF429C-StateMachineUpdater] INFO  impl.SimpleStateMachine4Testing (SimpleStateMachine4Testing.java:put(205)) - s2: put 235, m117 -> (t:1, i:235), STATEMACHINELOGENTRY, 117@client-C5396860DEC7
2023-09-01 02:13:23,108 [s1@group-0DB13EEF429C-SegmentedRaftLogWorker] INFO  segmented.SegmentedRaftLogWorker (SegmentedRaftLogWorker.java:execute(631)) - s1@group-0DB13EEF429C-SegmentedRaftLogWorker: created new log segment /home/runner/work/ratis/ratis/ratis-test/target/test/data/1f94b248/MiniRaftClusterWithGrpc9e69d58d/s1/694f0182-f33e-47e3-9b9e-0db13eef429c/current/log_inprogress_192
2023-09-01 02:13:23,110 [s1@group-0DB13EEF429C-StateMachineUpdater] INFO  impl.SimpleStateMachine4Testing (SimpleStateMachine4Testing.java:put(205)) - s1: put 193, m96 -> (t:1, i:193), STATEMACHINELOGENTRY, 96@client-C5396860DEC7
2023-09-01 02:13:23,110 [s1@group-0DB13EEF429C-StateMachineUpdater] INFO  impl.SimpleStateMachine4Testing (SimpleStateMachine4Testing.java:put(205)) - s1: put 195, m97 -> (t:1, i:195), STATEMACHINELOGENTRY, 97@client-C5396860DEC7
2023-09-01 02:13:23,111 [s1@group-0DB13EEF429C-StateMachineUpdater] INFO  impl.SimpleStateMachine4Testing (SimpleStateMachine4Testing.java:put(205)) - s1: put 197, m98 -> (t:1, i:197), STATEMACHINELOGENTRY, 98@client-C5396860DEC7
2023-09-01 02:13:23,111 [s1@group-0DB13EEF429C-StateMachineUpdater] INFO  impl.SimpleStateMachine4Testing (SimpleStateMachine4Testing.java:put(205)) - s1: put 199, m99 -> (t:1, i:199), STATEMACHINELOGENTRY, 99@client-C5396860DEC7
2023-09-01 02:13:23,111 [s1@group-0DB13EEF429C-StateMachineUpdater] INFO  impl.SimpleStateMachine4Testing (SimpleStateMachine4Testing.java:put(205)) - s1: put 201, m100 -> (t:1, i:201), STATEMACHINELOGENTRY, 100@client-C5396860DEC7
2023-09-01 02:13:23,111 [s1@group-0DB13EEF429C-StateMachineUpdater] INFO  impl.SimpleStateMachine4Testing (SimpleStateMachine4Testing.java:put(205)) - s1: put 203, m101 -> (t:1, i:203), STATEMACHINELOGENTRY, 101@client-C5396860DEC7
2023-09-01 02:13:23,112 [s1@group-0DB13EEF429C-StateMachineUpdater] INFO  impl.SimpleStateMachine4Testing (SimpleStateMachine4Testing.java:put(205)) - s1: put 205, m102 -> (t:1, i:205), STATEMACHINELOGENTRY, 102@client-C5396860DEC7
2023-09-01 02:13:23,112 [s1@group-0DB13EEF429C-StateMachineUpdater] INFO  impl.SimpleStateMachine4Testing (SimpleStateMachine4Testing.java:put(205)) - s1: put 207, m103 -> (t:1, i:207), STATEMACHINELOGENTRY, 103@client-C5396860DEC7
2023-09-01 02:13:23,112 [s2@group-0DB13EEF429C-StateMachineUpdater] INFO  impl.SimpleStateMachine4Testing (SimpleStateMachine4Testing.java:put(205)) - s2: put 237, m118 -> (t:1, i:237), STATEMACHINELOGENTRY, 118@client-C5396860DEC7
2023-09-01 02:13:23,113 [s2@group-0DB13EEF429C-StateMachineUpdater] INFO  impl.SimpleStateMachine4Testing (SimpleStateMachine4Testing.java:put(205)) - s2: put 239, m119 -> (t:1, i:239), STATEMACHINELOGENTRY, 119@client-C5396860DEC7
2023-09-01 02:13:23,113 [s1-server-thread2] INFO  server.RaftServer$Division (ServerState.java:setRaftConf(377)) - s1@group-0DB13EEF429C: set configuration 257: peers:[s0|rpc:localhost:35361|admin:localhost:44939|client:localhost:32867|dataStream:localhost:38529|priority:0|startupRole:FOLLOWER, s1|rpc:0.0.0.0:46015|dataStream:|priority:0|startupRole:FOLLOWER, s2|rpc:0.0.0.0:40595|dataStream:|priority:0|startupRole:FOLLOWER]|listeners:[], old=null
2023-09-01 02:13:23,113 [s1@group-0DB13EEF429C-StateMachineUpdater] INFO  impl.SimpleStateMachine4Testing (SimpleStateMachine4Testing.java:put(205)) - s1: put 209, m104 -> (t:1, i:209), STATEMACHINELOGENTRY, 104@client-C5396860DEC7
2023-09-01 02:13:23,114 [s2@group-0DB13EEF429C-StateMachineUpdater] INFO  impl.SimpleStateMachine4Testing (SimpleStateMachine4Testing.java:put(205)) - s2: put 241, m120 -> (t:1, i:241), STATEMACHINELOGENTRY, 120@client-C5396860DEC7
2023-09-01 02:13:23,114 [s1@group-0DB13EEF429C-StateMachineUpdater] INFO  impl.SimpleStateMachine4Testing (SimpleStateMachine4Testing.java:put(205)) - s1: put 211, m105 -> (t:1, i:211), STATEMACHINELOGENTRY, 105@client-C5396860DEC7
2023-09-01 02:13:23,114 [s1@group-0DB13EEF429C-StateMachineUpdater] INFO  impl.SimpleStateMachine4Testing (SimpleStateMachine4Testing.java:put(205)) - s1: put 213, m106 -> (t:1, i:213), STATEMACHINELOGENTRY, 106@client-C5396860DEC7
2023-09-01 02:13:23,114 [s2@group-0DB13EEF429C-StateMachineUpdater] INFO  impl.SimpleStateMachine4Testing (SimpleStateMachine4Testing.java:put(205)) - s2: put 243, m121 -> (t:1, i:243), STATEMACHINELOGENTRY, 121@client-C5396860DEC7
2023-09-01 02:13:23,114 [s1@group-0DB13EEF429C-StateMachineUpdater] INFO  impl.SimpleStateMachine4Testing (SimpleStateMachine4Testing.java:put(205)) - s1: put 215, m107 -> (t:1, i:215), STATEMACHINELOGENTRY, 107@client-C5396860DEC7
2023-09-01 02:13:23,114 [s2@group-0DB13EEF429C-StateMachineUpdater] INFO  impl.SimpleStateMachine4Testing (SimpleStateMachine4Testing.java:put(205)) - s2: put 245, m122 -> (t:1, i:245), STATEMACHINELOGENTRY, 122@client-C5396860DEC7
2023-09-01 02:13:23,114 [s1@group-0DB13EEF429C-StateMachineUpdater] INFO  impl.SimpleStateMachine4Testing (SimpleStateMachine4Testing.java:put(205)) - s1: put 217, m108 -> (t:1, i:217), STATEMACHINELOGENTRY, 108@client-C5396860DEC7
2023-09-01 02:13:23,114 [s2@group-0DB13EEF429C-StateMachineUpdater] INFO  impl.SimpleStateMachine4Testing (SimpleStateMachine4Testing.java:put(205)) - s2: put 247, m123 -> (t:1, i:247), STATEMACHINELOGENTRY, 123@client-C5396860DEC7
2023-09-01 02:13:23,114 [s1@group-0DB13EEF429C-StateMachineUpdater] INFO  impl.SimpleStateMachine4Testing (SimpleStateMachine4Testing.java:put(205)) - s1: put 219, m109 -> (t:1, i:219), STATEMACHINELOGENTRY, 109@client-C5396860DEC7
2023-09-01 02:13:23,114 [s2@group-0DB13EEF429C-StateMachineUpdater] INFO  impl.SimpleStateMachine4Testing (SimpleStateMachine4Testing.java:put(205)) - s2: put 249, m124 -> (t:1, i:249), STATEMACHINELOGENTRY, 124@client-C5396860DEC7
2023-09-01 02:13:23,115 [s1@group-0DB13EEF429C-StateMachineUpdater] INFO  impl.SimpleStateMachine4Testing (SimpleStateMachine4Testing.java:put(205)) - s1: put 221, m110 -> (t:1, i:221), STATEMACHINELOGENTRY, 110@client-C5396860DEC7
2023-09-01 02:13:23,115 [s2@group-0DB13EEF429C-StateMachineUpdater] INFO  impl.SimpleStateMachine4Testing (SimpleStateMachine4Testing.java:put(205)) - s2: put 251, m125 -> (t:1, i:251), STATEMACHINELOGENTRY, 125@client-C5396860DEC7
2023-09-01 02:13:23,115 [s1@group-0DB13EEF429C-StateMachineUpdater] INFO  impl.SimpleStateMachine4Testing (SimpleStateMachine4Testing.java:put(205)) - s1: put 223, m111 -> (t:1, i:223), STATEMACHINELOGENTRY, 111@client-C5396860DEC7
2023-09-01 02:13:23,115 [s2@group-0DB13EEF429C-StateMachineUpdater] INFO  impl.SimpleStateMachine4Testing (SimpleStateMachine4Testing.java:put(205)) - s2: put 253, m126 -> (t:1, i:253), STATEMACHINELOGENTRY, 126@client-C5396860DEC7
2023-09-01 02:13:23,115 [s1@group-0DB13EEF429C-StateMachineUpdater] INFO  impl.SimpleStateMachine4Testing (SimpleStateMachine4Testing.java:put(205)) - s1: put 225, m112 -> (t:1, i:225), STATEMACHINELOGENTRY, 112@client-C5396860DEC7
2023-09-01 02:13:23,115 [s1@group-0DB13EEF429C-StateMachineUpdater] INFO  impl.SimpleStateMachine4Testing (SimpleStateMachine4Testing.java:put(205)) - s1: put 227, m113 -> (t:1, i:227), STATEMACHINELOGENTRY, 113@client-C5396860DEC7
2023-09-01 02:13:23,115 [s1@group-0DB13EEF429C-StateMachineUpdater] INFO  impl.SimpleStateMachine4Testing (SimpleStateMachine4Testing.java:put(205)) - s1: put 229, m114 -> (t:1, i:229), STATEMACHINELOGENTRY, 114@client-C5396860DEC7
2023-09-01 02:13:23,115 [s1@group-0DB13EEF429C-StateMachineUpdater] INFO  impl.SimpleStateMachine4Testing (SimpleStateMachine4Testing.java:put(205)) - s1: put 231, m115 -> (t:1, i:231), STATEMACHINELOGENTRY, 115@client-C5396860DEC7
2023-09-01 02:13:23,116 [s1@group-0DB13EEF429C-StateMachineUpdater] INFO  impl.SimpleStateMachine4Testing (SimpleStateMachine4Testing.java:put(205)) - s1: put 233, m116 -> (t:1, i:233), STATEMACHINELOGENTRY, 116@client-C5396860DEC7
2023-09-01 02:13:23,116 [s1@group-0DB13EEF429C-StateMachineUpdater] INFO  impl.SimpleStateMachine4Testing (SimpleStateMachine4Testing.java:put(205)) - s1: put 235, m117 -> (t:1, i:235), STATEMACHINELOGENTRY, 117@client-C5396860DEC7
2023-09-01 02:13:23,117 [s1@group-0DB13EEF429C-StateMachineUpdater] INFO  impl.SimpleStateMachine4Testing (SimpleStateMachine4Testing.java:put(205)) - s1: put 237, m118 -> (t:1, i:237), STATEMACHINELOGENTRY, 118@client-C5396860DEC7
2023-09-01 02:13:23,117 [s1@group-0DB13EEF429C-StateMachineUpdater] INFO  impl.SimpleStateMachine4Testing (SimpleStateMachine4Testing.java:put(205)) - s1: put 239, m119 -> (t:1, i:239), STATEMACHINELOGENTRY, 119@client-C5396860DEC7
2023-09-01 02:13:23,118 [s1@group-0DB13EEF429C-StateMachineUpdater] INFO  impl.SimpleStateMachine4Testing (SimpleStateMachine4Testing.java:put(205)) - s1: put 241, m120 -> (t:1, i:241), STATEMACHINELOGENTRY, 120@client-C5396860DEC7
2023-09-01 02:13:23,118 [s1@group-0DB13EEF429C-StateMachineUpdater] INFO  impl.SimpleStateMachine4Testing (SimpleStateMachine4Testing.java:put(205)) - s1: put 243, m121 -> (t:1, i:243), STATEMACHINELOGENTRY, 121@client-C5396860DEC7
2023-09-01 02:13:23,118 [s1@group-0DB13EEF429C-StateMachineUpdater] INFO  impl.SimpleStateMachine4Testing (SimpleStateMachine4Testing.java:put(205)) - s1: put 245, m122 -> (t:1, i:245), STATEMACHINELOGENTRY, 122@client-C5396860DEC7
2023-09-01 02:13:23,118 [s1@group-0DB13EEF429C-StateMachineUpdater] INFO  impl.SimpleStateMachine4Testing (SimpleStateMachine4Testing.java:put(205)) - s1: put 247, m123 -> (t:1, i:247), STATEMACHINELOGENTRY, 123@client-C5396860DEC7
2023-09-01 02:13:23,118 [s1@group-0DB13EEF429C-StateMachineUpdater] INFO  impl.SimpleStateMachine4Testing (SimpleStateMachine4Testing.java:put(205)) - s1: put 249, m124 -> (t:1, i:249), STATEMACHINELOGENTRY, 124@client-C5396860DEC7
2023-09-01 02:13:23,119 [s1@group-0DB13EEF429C-StateMachineUpdater] INFO  impl.SimpleStateMachine4Testing (SimpleStateMachine4Testing.java:put(205)) - s1: put 251, m125 -> (t:1, i:251), STATEMACHINELOGENTRY, 125@client-C5396860DEC7
2023-09-01 02:13:23,119 [s1@group-0DB13EEF429C-StateMachineUpdater] INFO  impl.SimpleStateMachine4Testing (SimpleStateMachine4Testing.java:put(205)) - s1: put 253, m126 -> (t:1, i:253), STATEMACHINELOGENTRY, 126@client-C5396860DEC7
2023-09-01 02:13:23,123 [s0@group-0DB13EEF429C-StateMachineUpdater] INFO  impl.StateMachineUpdater (StateMachineUpdater.java:takeSnapshot(295)) - s0@group-0DB13EEF429C-StateMachineUpdater: Took a snapshot at index 255
2023-09-01 02:13:23,123 [s0@group-0DB13EEF429C-StateMachineUpdater] INFO  impl.StateMachineUpdater (StateMachineUpdater.java:lambda$new$0(98)) - s0@group-0DB13EEF429C-StateMachineUpdater: snapshotIndex: updateIncreasingly 191 -> 255
2023-09-01 02:13:23,124 [s0@group-0DB13EEF429C-StateMachineUpdater] INFO  raftlog.RaftLog (RaftLogBase.java:purge(315)) - s0@group-0DB13EEF429C-SegmentedRaftLog: purge 255
2023-09-01 02:13:23,124 [s0@group-0DB13EEF429C-StateMachineUpdater] INFO  raftlog.RaftLog (RaftLogBase.java:lambda$new$0(54)) - s0@group-0DB13EEF429C-SegmentedRaftLog: snapshotIndex: updateIncreasingly 191 -> 255
2023-09-01 02:13:23,124 [s0@group-0DB13EEF429C-StateMachineUpdater] INFO  raftlog.RaftLog (RaftLogBase.java:lambda$new$0(54)) - s0@group-0DB13EEF429C-SegmentedRaftLog: purgeIndex: updateToMax old=191, new=255, updated? true
2023-09-01 02:13:23,130 [Time-limited test] INFO  server.RaftServerConfigKeys (ConfUtils.java:logGet(46)) - raft.server.rpc.timeout.max = 300ms (default)
2023-09-01 02:13:23,131 [Time-limited test] INFO  impl.RaftServerTestUtil (RaftServerTestUtil.java:waitAndCheckNewConf(87)) - waitAndCheckNewConf: peers=[s1|rpc:0.0.0.0:46015|priority:0|startupRole:FOLLOWER, s2|rpc:0.0.0.0:40595|priority:0|startupRole:FOLLOWER, s0|rpc:localhost:35361|admin:localhost:44939|client:localhost:32867|dataStream:localhost:38529|priority:0|startupRole:FOLLOWER], deadPeers=null, printing ALL groups
  s0:  RUNNING    LEADER s0@group-0DB13EEF429C:t1, leader=s0, voted=s0, raftlog=Memoized:s0@group-0DB13EEF429C-SegmentedRaftLog:OPENED:c258, conf=257: peers:[s0|rpc:localhost:35361|admin:localhost:44939|client:localhost:32867|dataStream:localhost:38529|priority:0|startupRole:FOLLOWER, s1|rpc:0.0.0.0:46015|dataStream:|priority:0|startupRole:FOLLOWER, s2|rpc:0.0.0.0:40595|dataStream:|priority:0|startupRole:FOLLOWER]|listeners:[], old=null RUNNING
  s1:  RUNNING  FOLLOWER s1@group-0DB13EEF429C:t1, leader=s0, voted=null, raftlog=Memoized:s1@group-0DB13EEF429C-SegmentedRaftLog:OPENED:c257, conf=257: peers:[s0|rpc:localhost:35361|admin:localhost:44939|client:localhost:32867|dataStream:localhost:38529|priority:0|startupRole:FOLLOWER, s1|rpc:0.0.0.0:46015|dataStream:|priority:0|startupRole:FOLLOWER, s2|rpc:0.0.0.0:40595|dataStream:|priority:0|startupRole:FOLLOWER]|listeners:[], old=null STARTING
  s2:  RUNNING  FOLLOWER s2@group-0DB13EEF429C:t1, leader=s0, voted=null, raftlog=Memoized:s2@group-0DB13EEF429C-SegmentedRaftLog:OPENED:c257, conf=257: peers:[s0|rpc:localhost:35361|admin:localhost:44939|client:localhost:32867|dataStream:localhost:38529|priority:0|startupRole:FOLLOWER, s1|rpc:0.0.0.0:46015|dataStream:|priority:0|startupRole:FOLLOWER, s2|rpc:0.0.0.0:40595|dataStream:|priority:0|startupRole:FOLLOWER]|listeners:[], old=null STARTING
2023-09-01 02:13:23,132 [Time-limited test] INFO  impl.RaftServerTestUtil (RaftServerTestUtil.java:waitAndCheckNewConf(96)) - checking    LEADER s0@group-0DB13EEF429C:t1, leader=s0, voted=s0, raftlog=Memoized:s0@group-0DB13EEF429C-SegmentedRaftLog:OPENED:c258, conf=257: peers:[s0|rpc:localhost:35361|admin:localhost:44939|client:localhost:32867|dataStream:localhost:38529|priority:0|startupRole:FOLLOWER, s1|rpc:0.0.0.0:46015|dataStream:|priority:0|startupRole:FOLLOWER, s2|rpc:0.0.0.0:40595|dataStream:|priority:0|startupRole:FOLLOWER]|listeners:[], old=null RUNNING
2023-09-01 02:13:23,133 [Time-limited test] INFO  impl.RaftServerTestUtil (RaftServerTestUtil.java:waitAndCheckNewConf(96)) - checking  FOLLOWER s1@group-0DB13EEF429C:t1, leader=s0, voted=null, raftlog=Memoized:s1@group-0DB13EEF429C-SegmentedRaftLog:OPENED:c257, conf=257: peers:[s0|rpc:localhost:35361|admin:localhost:44939|client:localhost:32867|dataStream:localhost:38529|priority:0|startupRole:FOLLOWER, s1|rpc:0.0.0.0:46015|dataStream:|priority:0|startupRole:FOLLOWER, s2|rpc:0.0.0.0:40595|dataStream:|priority:0|startupRole:FOLLOWER]|listeners:[], old=null STARTING
2023-09-01 02:13:23,133 [Time-limited test] INFO  impl.RaftServerTestUtil (RaftServerTestUtil.java:waitAndCheckNewConf(96)) - checking  FOLLOWER s2@group-0DB13EEF429C:t1, leader=s0, voted=null, raftlog=Memoized:s2@group-0DB13EEF429C-SegmentedRaftLog:OPENED:c257, conf=257: peers:[s0|rpc:localhost:35361|admin:localhost:44939|client:localhost:32867|dataStream:localhost:38529|priority:0|startupRole:FOLLOWER, s1|rpc:0.0.0.0:46015|dataStream:|priority:0|startupRole:FOLLOWER, s2|rpc:0.0.0.0:40595|dataStream:|priority:0|startupRole:FOLLOWER]|listeners:[], old=null STARTING
2023-09-01 02:13:23,141 [s1@group-0DB13EEF429C-StateMachineUpdater] INFO  impl.StateMachineUpdater (StateMachineUpdater.java:takeSnapshot(295)) - s1@group-0DB13EEF429C-StateMachineUpdater: Took a snapshot at index 255
2023-09-01 02:13:23,141 [s1@group-0DB13EEF429C-StateMachineUpdater] INFO  impl.StateMachineUpdater (StateMachineUpdater.java:lambda$new$0(98)) - s1@group-0DB13EEF429C-StateMachineUpdater: snapshotIndex: updateIncreasingly 191 -> 255
2023-09-01 02:13:23,141 [s1@group-0DB13EEF429C-StateMachineUpdater] INFO  raftlog.RaftLog (RaftLogBase.java:purge(315)) - s1@group-0DB13EEF429C-SegmentedRaftLog: purge 255
2023-09-01 02:13:23,141 [s1@group-0DB13EEF429C-StateMachineUpdater] INFO  raftlog.RaftLog (RaftLogBase.java:lambda$new$0(54)) - s1@group-0DB13EEF429C-SegmentedRaftLog: snapshotIndex: updateIncreasingly 191 -> 255
2023-09-01 02:13:23,141 [s1@group-0DB13EEF429C-StateMachineUpdater] INFO  raftlog.RaftLog (RaftLogBase.java:lambda$new$0(54)) - s1@group-0DB13EEF429C-SegmentedRaftLog: purgeIndex: updateToMax old=-1, new=255, updated? true
2023-09-01 02:13:23,142 [Time-limited test] INFO  impl.MiniRaftCluster (MiniRaftCluster.java:shutdown(831)) - ************************************************************** 
2023-09-01 02:13:23,142 [Time-limited test] INFO  impl.MiniRaftCluster (MiniRaftCluster.java:shutdown(832)) - *** 
2023-09-01 02:13:23,142 [Time-limited test] INFO  impl.MiniRaftCluster (MiniRaftCluster.java:shutdown(833)) - ***     Stopping MiniRaftClusterWithGrpc
2023-09-01 02:13:23,142 [Time-limited test] INFO  impl.MiniRaftCluster (MiniRaftCluster.java:shutdown(834)) - *** 
2023-09-01 02:13:23,142 [Time-limited test] INFO  impl.MiniRaftCluster (MiniRaftCluster.java:shutdown(835)) - ************************************************************** 
2023-09-01 02:13:23,142 [Time-limited test] INFO  impl.MiniRaftCluster (MiniRaftCluster.java:shutdown(836)) - printing ALL groups
  s0:  RUNNING    LEADER s0@group-0DB13EEF429C:t1, leader=s0, voted=s0, raftlog=Memoized:s0@group-0DB13EEF429C-SegmentedRaftLog:OPENED:c258, conf=257: peers:[s0|rpc:localhost:35361|admin:localhost:44939|client:localhost:32867|dataStream:localhost:38529|priority:0|startupRole:FOLLOWER, s1|rpc:0.0.0.0:46015|dataStream:|priority:0|startupRole:FOLLOWER, s2|rpc:0.0.0.0:40595|dataStream:|priority:0|startupRole:FOLLOWER]|listeners:[], old=null RUNNING
  s1:  RUNNING  FOLLOWER s1@group-0DB13EEF429C:t1, leader=s0, voted=null, raftlog=Memoized:s1@group-0DB13EEF429C-SegmentedRaftLog:OPENED:c257, conf=257: peers:[s0|rpc:localhost:35361|admin:localhost:44939|client:localhost:32867|dataStream:localhost:38529|priority:0|startupRole:FOLLOWER, s1|rpc:0.0.0.0:46015|dataStream:|priority:0|startupRole:FOLLOWER, s2|rpc:0.0.0.0:40595|dataStream:|priority:0|startupRole:FOLLOWER]|listeners:[], old=null STARTING
  s2:  RUNNING  FOLLOWER s2@group-0DB13EEF429C:t1, leader=s0, voted=null, raftlog=Memoized:s2@group-0DB13EEF429C-SegmentedRaftLog:OPENED:c257, conf=257: peers:[s0|rpc:localhost:35361|admin:localhost:44939|client:localhost:32867|dataStream:localhost:38529|priority:0|startupRole:FOLLOWER, s1|rpc:0.0.0.0:46015|dataStream:|priority:0|startupRole:FOLLOWER, s2|rpc:0.0.0.0:40595|dataStream:|priority:0|startupRole:FOLLOWER]|listeners:[], old=null STARTING
2023-09-01 02:13:23,142 [s2@group-0DB13EEF429C-StateMachineUpdater] INFO  impl.StateMachineUpdater (StateMachineUpdater.java:takeSnapshot(295)) - s2@group-0DB13EEF429C-StateMachineUpdater: Took a snapshot at index 257
2023-09-01 02:13:23,143 [s2@group-0DB13EEF429C-StateMachineUpdater] INFO  impl.StateMachineUpdater (StateMachineUpdater.java:lambda$new$0(98)) - s2@group-0DB13EEF429C-StateMachineUpdater: snapshotIndex: updateIncreasingly 191 -> 257
2023-09-01 02:13:23,143 [s2@group-0DB13EEF429C-StateMachineUpdater] INFO  raftlog.RaftLog (RaftLogBase.java:purge(315)) - s2@group-0DB13EEF429C-SegmentedRaftLog: purge 191
2023-09-01 02:13:23,143 [s2@group-0DB13EEF429C-StateMachineUpdater] INFO  raftlog.RaftLog (RaftLogBase.java:lambda$new$0(54)) - s2@group-0DB13EEF429C-SegmentedRaftLog: snapshotIndex: updateIncreasingly 191 -> 257
2023-09-01 02:13:23,143 [s2@group-0DB13EEF429C-StateMachineUpdater] INFO  raftlog.RaftLog (RaftLogBase.java:lambda$new$0(54)) - s2@group-0DB13EEF429C-SegmentedRaftLog: purgeIndex: updateToMax old=-1, new=191, updated? true
2023-09-01 02:13:23,145 [MiniRaftCluster-1] INFO  server.RaftServer (RaftServerProxy.java:lambda$close$7(420)) - s0: close
2023-09-01 02:13:23,148 [MiniRaftCluster-3] INFO  server.RaftServer (RaftServerProxy.java:lambda$close$7(420)) - s2: close
2023-09-01 02:13:23,146 [MiniRaftCluster-2] INFO  server.RaftServer (RaftServerProxy.java:lambda$close$7(420)) - s1: close
2023-09-01 02:13:23,160 [s0-impl-thread1] INFO  server.RaftServer$Division (RaftServerImpl.java:lambda$close$3(508)) - s0@group-0DB13EEF429C: shutdown
2023-09-01 02:13:23,160 [s0-impl-thread1] INFO  util.JmxRegister (JmxRegister.java:unregister(73)) - Successfully un-registered JMX Bean with object name Ratis:service=RaftServer,group=group-0DB13EEF429C,id=s0
2023-09-01 02:13:23,160 [s0-impl-thread1] INFO  impl.RoleInfo (RoleInfo.java:shutdownLeaderState(92)) - s0: shutdown s0@group-0DB13EEF429C-LeaderStateImpl
2023-09-01 02:13:23,160 [s0-impl-thread1] INFO  impl.PendingRequests (PendingRequests.java:sendNotLeaderResponses(289)) - s0@group-0DB13EEF429C-PendingRequests: sendNotLeaderResponses
2023-09-01 02:13:23,161 [s0@group-0DB13EEF429C->s1-GrpcLogAppender-LogAppenderDaemon] WARN  server.GrpcLogAppender (GrpcLogAppender.java:mayWait(211)) - s0@group-0DB13EEF429C->s1-GrpcLogAppender: Wait interrupted by java.lang.InterruptedException
2023-09-01 02:13:23,161 [s0@group-0DB13EEF429C->s2-GrpcLogAppender-LogAppenderDaemon] WARN  server.GrpcLogAppender (GrpcLogAppender.java:mayWait(211)) - s0@group-0DB13EEF429C->s2-GrpcLogAppender: Wait interrupted by java.lang.InterruptedException
2023-09-01 02:13:23,162 [grpc-default-executor-0] INFO  server.GrpcServerProtocolService (GrpcServerProtocolService.java:onCompleted(155)) - s1: Completed APPEND_ENTRIES, lastRequest: s0->s1#6-t1,previous=(t:1, i:257),leaderCommit=257,initializing? true,entries: size=1, first=(t:1, i:258), METADATAENTRY(c:257)
2023-09-01 02:13:23,162 [grpc-default-executor-0] INFO  server.GrpcServerProtocolService (GrpcServerProtocolService.java:lambda$onCompleted$5(157)) - s1: Completed APPEND_ENTRIES, lastReply: null
2023-09-01 02:13:23,163 [grpc-default-executor-0] INFO  server.GrpcServerProtocolService (GrpcServerProtocolService.java:onCompleted(155)) - s2: Completed APPEND_ENTRIES, lastRequest: s0->s2#4-t1,previous=(t:1, i:257),leaderCommit=257,initializing? true,entries: size=1, first=(t:1, i:258), METADATAENTRY(c:257)
2023-09-01 02:13:23,163 [grpc-default-executor-0] INFO  server.GrpcServerProtocolService (GrpcServerProtocolService.java:lambda$onCompleted$5(157)) - s2: Completed APPEND_ENTRIES, lastReply: null
2023-09-01 02:13:23,163 [grpc-default-executor-3] INFO  server.GrpcLogAppender (GrpcLogAppender.java:onCompleted(463)) - s0@group-0DB13EEF429C->s2-AppendLogResponseHandler: follower responses appendEntries COMPLETED
2023-09-01 02:13:23,164 [grpc-default-executor-0] INFO  server.GrpcLogAppender (GrpcLogAppender.java:onCompleted(463)) - s0@group-0DB13EEF429C->s1-AppendLogResponseHandler: follower responses appendEntries COMPLETED
2023-09-01 02:13:23,164 [MiniRaftCluster-2] INFO  server.GrpcService (GrpcService.java:closeImpl(311)) - s1: shutdown server GrpcServerProtocolService now
2023-09-01 02:13:23,164 [s1-impl-thread1] INFO  server.RaftServer$Division (RaftServerImpl.java:lambda$close$3(508)) - s1@group-0DB13EEF429C: shutdown
2023-09-01 02:13:23,165 [s1-impl-thread1] INFO  util.JmxRegister (JmxRegister.java:unregister(73)) - Successfully un-registered JMX Bean with object name Ratis:service=RaftServer,group=group-0DB13EEF429C,id=s1
2023-09-01 02:13:23,165 [s1-impl-thread1] INFO  impl.StateMachineUpdater (StateMachineUpdater.java:stopAndJoin(157)) - s1@group-0DB13EEF429C-StateMachineUpdater: set stopIndex = 257
2023-09-01 02:13:23,165 [grpc-default-executor-3] INFO  leader.FollowerInfo (FollowerInfoImpl.java:lambda$new$0(52)) - s0@group-0DB13EEF429C->s2: decreaseNextIndex nextIndex: updateUnconditionally 259 -> 258
2023-09-01 02:13:23,168 [grpc-default-executor-0] INFO  leader.FollowerInfo (FollowerInfoImpl.java:lambda$new$0(52)) - s0@group-0DB13EEF429C->s1: decreaseNextIndex nextIndex: updateUnconditionally 259 -> 258
2023-09-01 02:13:23,170 [s2-impl-thread1] INFO  server.RaftServer$Division (RaftServerImpl.java:lambda$close$3(508)) - s2@group-0DB13EEF429C: shutdown
2023-09-01 02:13:23,170 [s2-impl-thread1] INFO  util.JmxRegister (JmxRegister.java:unregister(73)) - Successfully un-registered JMX Bean with object name Ratis:service=RaftServer,group=group-0DB13EEF429C,id=s2
2023-09-01 02:13:23,170 [s2-impl-thread1] INFO  impl.StateMachineUpdater (StateMachineUpdater.java:stopAndJoin(157)) - s2@group-0DB13EEF429C-StateMachineUpdater: set stopIndex = 257
2023-09-01 02:13:23,172 [s2-impl-thread1] INFO  server.RaftServer$Division (ServerState.java:close(415)) - s2@group-0DB13EEF429C: applyIndex: 257
2023-09-01 02:13:23,171 [MiniRaftCluster-3] INFO  server.GrpcService (GrpcService.java:closeImpl(311)) - s2: shutdown server GrpcServerProtocolService now
2023-09-01 02:13:23,171 [MiniRaftCluster-1] INFO  server.GrpcService (GrpcService.java:closeImpl(311)) - s0: shutdown server org.apache.ratis.grpc.server.GrpcClientProtocolService now
2023-09-01 02:13:23,180 [s0-impl-thread1] INFO  impl.StateMachineUpdater (StateMachineUpdater.java:stopAndJoin(157)) - s0@group-0DB13EEF429C-StateMachineUpdater: set stopIndex = 258
2023-09-01 02:13:23,187 [s1@group-0DB13EEF429C-StateMachineUpdater] INFO  impl.StateMachineUpdater (StateMachineUpdater.java:takeSnapshot(295)) - s1@group-0DB13EEF429C-StateMachineUpdater: Took a snapshot at index 257
2023-09-01 02:13:23,190 [s1@group-0DB13EEF429C-StateMachineUpdater] INFO  impl.StateMachineUpdater (StateMachineUpdater.java:lambda$new$0(98)) - s1@group-0DB13EEF429C-StateMachineUpdater: snapshotIndex: updateIncreasingly 255 -> 257
2023-09-01 02:13:23,187 [s0@group-0DB13EEF429C-StateMachineUpdater] INFO  impl.StateMachineUpdater (StateMachineUpdater.java:takeSnapshot(295)) - s0@group-0DB13EEF429C-StateMachineUpdater: Took a snapshot at index 258
2023-09-01 02:13:23,191 [s0@group-0DB13EEF429C-StateMachineUpdater] INFO  impl.StateMachineUpdater (StateMachineUpdater.java:lambda$new$0(98)) - s0@group-0DB13EEF429C-StateMachineUpdater: snapshotIndex: updateIncreasingly 255 -> 258
2023-09-01 02:13:23,191 [s1-impl-thread1] INFO  server.RaftServer$Division (ServerState.java:close(415)) - s1@group-0DB13EEF429C: applyIndex: 257
2023-09-01 02:13:23,192 [s0-impl-thread1] INFO  server.RaftServer$Division (ServerState.java:close(415)) - s0@group-0DB13EEF429C: applyIndex: 258
2023-09-01 02:13:23,192 [MiniRaftCluster-2] INFO  server.GrpcService (GrpcService.java:closeImpl(320)) - s1: shutdown server GrpcServerProtocolService successfully
2023-09-01 02:13:23,192 [MiniRaftCluster-3] INFO  server.GrpcService (GrpcService.java:closeImpl(320)) - s2: shutdown server GrpcServerProtocolService successfully
2023-09-01 02:13:23,200 [Thread-57] INFO  server.GrpcServerProtocolClient (GrpcServerProtocolClient.java:close(104)) - s2 Close channels
2023-09-01 02:13:23,200 [Thread-56] INFO  server.GrpcServerProtocolClient (GrpcServerProtocolClient.java:close(104)) - s1 Close channels
2023-09-01 02:13:23,204 [MiniRaftCluster-1] INFO  server.GrpcService (GrpcService.java:closeImpl(320)) - s0: shutdown server org.apache.ratis.grpc.server.GrpcClientProtocolService successfully
2023-09-01 02:13:23,204 [MiniRaftCluster-1] INFO  server.GrpcService (GrpcService.java:closeImpl(311)) - s0: shutdown server GrpcServerProtocolService now
2023-09-01 02:13:23,205 [MiniRaftCluster-1] INFO  server.GrpcService (GrpcService.java:closeImpl(320)) - s0: shutdown server GrpcServerProtocolService successfully
2023-09-01 02:13:23,205 [MiniRaftCluster-1] INFO  server.GrpcService (GrpcService.java:closeImpl(311)) - s0: shutdown server org.apache.ratis.grpc.server.GrpcAdminProtocolService now
2023-09-01 02:13:23,210 [MiniRaftCluster-1] INFO  server.GrpcService (GrpcService.java:closeImpl(320)) - s0: shutdown server org.apache.ratis.grpc.server.GrpcAdminProtocolService successfully
2023-09-01 02:13:24,108 [s0-impl-thread1] INFO  segmented.SegmentedRaftLogWorker (SegmentedRaftLogWorker.java:close(242)) - s0@group-0DB13EEF429C-SegmentedRaftLogWorker close()
2023-09-01 02:13:24,110 [JvmPauseMonitor0] INFO  util.JvmPauseMonitor (JvmPauseMonitor.java:run(152)) - JvmPauseMonitor-s0: Stopped
2023-09-01 02:13:24,113 [s2-impl-thread1] INFO  segmented.SegmentedRaftLogWorker (SegmentedRaftLogWorker.java:close(242)) - s2@group-0DB13EEF429C-SegmentedRaftLogWorker close()
2023-09-01 02:13:24,115 [JvmPauseMonitor2] INFO  util.JvmPauseMonitor (JvmPauseMonitor.java:run(152)) - JvmPauseMonitor-s2: Stopped
2023-09-01 02:13:24,124 [s1-impl-thread1] INFO  segmented.SegmentedRaftLogWorker (SegmentedRaftLogWorker.java:close(242)) - s1@group-0DB13EEF429C-SegmentedRaftLogWorker close()
2023-09-01 02:13:24,125 [JvmPauseMonitor1] INFO  util.JvmPauseMonitor (JvmPauseMonitor.java:run(152)) - JvmPauseMonitor-s1: Stopped
2023-09-01 02:13:24,126 [Time-limited test] INFO  impl.MiniRaftCluster (MiniRaftCluster.java:shutdown(855)) - MiniRaftClusterWithGrpc shutdown completed
2023-09-01 02:13:24,126 [Time-limited test] INFO  impl.MiniRaftCluster (MiniRaftCluster.java:shutdown(831)) - ************************************************************** 
2023-09-01 02:13:24,126 [Time-limited test] INFO  impl.MiniRaftCluster (MiniRaftCluster.java:shutdown(832)) - *** 
2023-09-01 02:13:24,126 [Time-limited test] INFO  impl.MiniRaftCluster (MiniRaftCluster.java:shutdown(833)) - ***     Stopping MiniRaftClusterWithGrpc
2023-09-01 02:13:24,126 [Time-limited test] INFO  impl.MiniRaftCluster (MiniRaftCluster.java:shutdown(834)) - *** 
2023-09-01 02:13:24,126 [Time-limited test] INFO  impl.MiniRaftCluster (MiniRaftCluster.java:shutdown(835)) - ************************************************************** 
2023-09-01 02:13:24,126 [Time-limited test] INFO  impl.MiniRaftCluster (MiniRaftCluster.java:shutdown(836)) - printing ALL groups
  s0:   CLOSED    LEADER s0@group-0DB13EEF429C:t1, leader=s0, voted=s0, raftlog=Memoized:s0@group-0DB13EEF429C-SegmentedRaftLog:CLOSED:c258, conf=257: peers:[s0|rpc:localhost:35361|admin:localhost:44939|client:localhost:32867|dataStream:localhost:38529|priority:0|startupRole:FOLLOWER, s1|rpc:0.0.0.0:46015|dataStream:|priority:0|startupRole:FOLLOWER, s2|rpc:0.0.0.0:40595|dataStream:|priority:0|startupRole:FOLLOWER]|listeners:[], old=null CLOSED
  s1:   CLOSED  FOLLOWER s1@group-0DB13EEF429C:t1, leader=s0, voted=null, raftlog=Memoized:s1@group-0DB13EEF429C-SegmentedRaftLog:CLOSED:c257, conf=257: peers:[s0|rpc:localhost:35361|admin:localhost:44939|client:localhost:32867|dataStream:localhost:38529|priority:0|startupRole:FOLLOWER, s1|rpc:0.0.0.0:46015|dataStream:|priority:0|startupRole:FOLLOWER, s2|rpc:0.0.0.0:40595|dataStream:|priority:0|startupRole:FOLLOWER]|listeners:[], old=null CLOSED
  s2:   CLOSED  FOLLOWER s2@group-0DB13EEF429C:t1, leader=s0, voted=null, raftlog=Memoized:s2@group-0DB13EEF429C-SegmentedRaftLog:CLOSED:c257, conf=257: peers:[s0|rpc:localhost:35361|admin:localhost:44939|client:localhost:32867|dataStream:localhost:38529|priority:0|startupRole:FOLLOWER, s1|rpc:0.0.0.0:46015|dataStream:|priority:0|startupRole:FOLLOWER, s2|rpc:0.0.0.0:40595|dataStream:|priority:0|startupRole:FOLLOWER]|listeners:[], old=null CLOSED
2023-09-01 02:13:24,131 [Time-limited test] INFO  impl.MiniRaftCluster (MiniRaftCluster.java:shutdown(855)) - MiniRaftClusterWithGrpc shutdown completed
]]></system-out>
  </testcase>
  <testcase name="testSeparateSnapshotInstallPath[0]" classname="org.apache.ratis.grpc.TestLeaderInstallSnapshot" time="3.013">
    <system-out><![CDATA[2023-09-01 02:13:24,133 [main] INFO  util.LogUtils (Slf4jUtils.java:setLogLevel(38)) - Successfully set org.apache.ratis.conf.ConfUtils log level to WARN
2023-09-01 02:13:24,133 [main] INFO  util.LogUtils (Slf4jUtils.java:setLogLevel(38)) - Successfully set org.apache.ratis.util.FileUtils log level to TRACE
2023-09-01 02:13:24,134 [Time-limited test] INFO  impl.MiniRaftCluster (MiniRaftCluster.java:runWithNewCluster(135)) - Running runWithNewCluster
2023-09-01 02:13:24,135 [Time-limited test] INFO  impl.MiniRaftCluster (MiniRaftCluster.java:<init>(306)) - new MiniRaftClusterWithGrpc with group-450C7BFC1EDB:[s0|rpc:localhost:39245|admin:localhost:40607|client:localhost:39019|dataStream:localhost:36499|priority:0|startupRole:FOLLOWER]
2023-09-01 02:13:24,135 [Time-limited test] INFO  impl.MiniRaftCluster (MiniRaftCluster.java:start(339)) - .............................................................. 
2023-09-01 02:13:24,135 [Time-limited test] INFO  impl.MiniRaftCluster (MiniRaftCluster.java:start(340)) - ... 
2023-09-01 02:13:24,135 [Time-limited test] INFO  impl.MiniRaftCluster (MiniRaftCluster.java:start(341)) - ...     Starting MiniRaftClusterWithGrpc
2023-09-01 02:13:24,135 [Time-limited test] INFO  impl.MiniRaftCluster (MiniRaftCluster.java:start(342)) - ... 
2023-09-01 02:13:24,135 [Time-limited test] INFO  impl.MiniRaftCluster (MiniRaftCluster.java:start(343)) - .............................................................. 
2023-09-01 02:13:24,135 [Time-limited test] INFO  impl.MiniRaftCluster (MiniRaftCluster.java:initServers(318)) - servers = {}
2023-09-01 02:13:24,135 [Time-limited test] INFO  impl.MiniRaftCluster (MiniRaftCluster.java:newRaftServer(382)) - newRaftServer: s0, group-450C7BFC1EDB:[s0|rpc:localhost:39245|admin:localhost:40607|client:localhost:39019|dataStream:localhost:36499|priority:0|startupRole:FOLLOWER], format? true
2023-09-01 02:13:24,135 [Time-limited test] TRACE util.FileUtils (FileUtils.java:deleteFully(201)) - deleteFully target/test/data/1f94b248/MiniRaftClusterWithGrpc1b977058/s0
2023-09-01 02:13:24,135 [Time-limited test] TRACE util.FileUtils (FileUtils.java:deleteFully(217)) - deleteFully: target/test/data/1f94b248/MiniRaftClusterWithGrpc1b977058/s0 does not exist.
2023-09-01 02:13:24,135 [Time-limited test] INFO  impl.MiniRaftCluster (MiniRaftCluster.java:newRaftServer(387)) - Formatted directory target/test/data/1f94b248/MiniRaftClusterWithGrpc1b977058/s0
2023-09-01 02:13:24,136 [Time-limited test] INFO  server.RaftServer (ConfUtils.java:logGet(46)) - raft.rpc.type = GRPC (default)
2023-09-01 02:13:24,136 [Time-limited test] INFO  grpc.GrpcConfigKeys (ConfUtils.java:logFallback(53)) - raft.grpc.admin.host = null (fallback to raft.grpc.server.host)
2023-09-01 02:13:24,136 [Time-limited test] INFO  grpc.GrpcConfigKeys (ConfUtils.java:logGet(46)) - raft.grpc.admin.port = 40607 (custom)
2023-09-01 02:13:24,136 [Time-limited test] INFO  grpc.GrpcConfigKeys (ConfUtils.java:logFallback(53)) - raft.grpc.client.host = null (fallback to raft.grpc.server.host)
2023-09-01 02:13:24,136 [Time-limited test] INFO  grpc.GrpcConfigKeys (ConfUtils.java:logGet(46)) - raft.grpc.client.port = 39019 (custom)
2023-09-01 02:13:24,136 [Time-limited test] INFO  grpc.GrpcConfigKeys (ConfUtils.java:logGet(46)) - raft.grpc.server.host = null (default)
2023-09-01 02:13:24,136 [Time-limited test] INFO  grpc.GrpcConfigKeys (ConfUtils.java:logGet(46)) - raft.grpc.server.port = 39245 (custom)
2023-09-01 02:13:24,136 [Time-limited test] INFO  server.GrpcService (ConfUtils.java:logGet(46)) - raft.grpc.message.size.max = 64MB (=67108864) (default)
2023-09-01 02:13:24,136 [Time-limited test] INFO  server.RaftServerConfigKeys (ConfUtils.java:logGet(46)) - raft.server.log.appender.buffer.byte-limit = 4MB (=4194304) (default)
2023-09-01 02:13:24,136 [Time-limited test] INFO  server.GrpcService (ConfUtils.java:logGet(46)) - raft.grpc.flow.control.window = 1MB (=1048576) (default)
2023-09-01 02:13:24,137 [Time-limited test] INFO  server.RaftServerConfigKeys (ConfUtils.java:logGet(46)) - raft.server.rpc.request.timeout = 3000ms (default)
2023-09-01 02:13:24,137 [Time-limited test] INFO  grpc.GrpcConfigKeys (ConfUtils.java:logGet(46)) - raft.grpc.server.heartbeat.channel = false (custom)
2023-09-01 02:13:24,137 [Time-limited test] INFO  grpc.GrpcConfigKeys (ConfUtils.java:logGet(46)) - raft.grpc.server.async.request.thread.pool.cached = true (default)
2023-09-01 02:13:24,137 [Time-limited test] INFO  grpc.GrpcConfigKeys (ConfUtils.java:logGet(46)) - raft.grpc.server.async.request.thread.pool.size = 32 (default)
2023-09-01 02:13:24,138 [Time-limited test] INFO  impl.DataStreamServerImpl (ConfUtils.java:logGet(46)) - raft.datastream.type = DISABLED (default)
2023-09-01 02:13:24,138 [Time-limited test] INFO  server.RaftServerConfigKeys (ConfUtils.java:logGet(46)) - raft.server.threadpool.proxy.cached = true (default)
2023-09-01 02:13:24,138 [Time-limited test] INFO  server.RaftServerConfigKeys (ConfUtils.java:logGet(46)) - raft.server.threadpool.proxy.size = 0 (default)
2023-09-01 02:13:24,138 [Time-limited test] INFO  server.RaftServerConfigKeys (ConfUtils.java:logGet(46)) - raft.server.sleep.deviation.threshold = 300ms (default)
2023-09-01 02:13:24,138 [Time-limited test] INFO  server.RaftServerConfigKeys (ConfUtils.java:logGet(46)) - raft.server.rpc.slowness.timeout = 60s (default)
2023-09-01 02:13:24,138 [Time-limited test] INFO  server.RaftServerConfigKeys (ConfUtils.java:logGet(46)) - raft.server.leaderelection.leader.step-down.wait-time = 10s (default)
2023-09-01 02:13:24,138 [Time-limited test] INFO  server.RaftServerConfigKeys (ConfUtils.java:logGet(46)) - raft.server.storage.dir = [/home/runner/work/ratis/ratis/ratis-test/target/test/data/1f94b248/MiniRaftClusterWithGrpc1b977058/s0] (custom)
2023-09-01 02:13:24,139 [Time-limited test] INFO  server.RaftServer (RaftServerProxy.java:addNew(99)) - s0: addNew group-450C7BFC1EDB:[s0|rpc:localhost:39245|admin:localhost:40607|client:localhost:39019|dataStream:localhost:36499|priority:0|startupRole:FOLLOWER] returns group-450C7BFC1EDB:java.util.concurrent.CompletableFuture@3967b6d[Not completed]
2023-09-01 02:13:24,139 [s0-groupManagement] INFO  server.RaftServerConfigKeys (ConfUtils.java:logGet(46)) - raft.server.log.segment.size.max = 8MB (=8388608) (default)
2023-09-01 02:13:24,139 [s0-groupManagement] INFO  server.RaftServerConfigKeys (ConfUtils.java:logGet(46)) - raft.server.log.preallocated.size = 4MB (=4194304) (default)
2023-09-01 02:13:24,139 [s0-groupManagement] INFO  server.RaftServerConfigKeys (ConfUtils.java:logGet(46)) - raft.server.log.write.buffer.size = 64KB (=65536) (default)
2023-09-01 02:13:24,139 [s0-groupManagement] INFO  server.RaftServer$Division (RaftServerImpl.java:<init>(250)) - s0: new RaftServerImpl for group-450C7BFC1EDB:[s0|rpc:localhost:39245|admin:localhost:40607|client:localhost:39019|dataStream:localhost:36499|priority:0|startupRole:FOLLOWER] with StateMachineWithSeparatedSnapshotPath:uninitialized
2023-09-01 02:13:24,139 [s0-groupManagement] INFO  server.RaftServerConfigKeys (ConfUtils.java:logGet(46)) - raft.server.rpc.timeout.min = 150ms (default)
2023-09-01 02:13:24,139 [s0-groupManagement] INFO  server.RaftServerConfigKeys (ConfUtils.java:logGet(46)) - raft.server.rpc.timeout.max = 300ms (default)
2023-09-01 02:13:24,139 [s0-groupManagement] INFO  server.RaftServerConfigKeys (ConfUtils.java:logGet(46)) - raft.server.rpc.sleep.time = 25ms (default)
2023-09-01 02:13:24,139 [s0-groupManagement] INFO  server.RaftServerConfigKeys (ConfUtils.java:logGet(46)) - raft.server.rpc.slowness.timeout = 60s (default)
2023-09-01 02:13:24,139 [s0-groupManagement] INFO  server.RaftServerConfigKeys (ConfUtils.java:logGet(46)) - raft.server.leaderelection.leader.step-down.wait-time = 10s (default)
2023-09-01 02:13:24,139 [s0-groupManagement] INFO  server.RaftServerConfigKeys (ConfUtils.java:logGet(46)) - raft.server.sleep.deviation.threshold = 300ms (default)
2023-09-01 02:13:24,139 [s0-groupManagement] INFO  server.RaftServer$Division (ServerState.java:<init>(113)) - s0@group-450C7BFC1EDB: ConfigurationManager, init=-1: peers:[s0|rpc:localhost:39245|admin:localhost:40607|client:localhost:39019|dataStream:localhost:36499|priority:0|startupRole:FOLLOWER]|listeners:[], old=null, confs=<EMPTY_MAP>
2023-09-01 02:13:24,139 [s0-groupManagement] INFO  server.RaftServerConfigKeys (ConfUtils.java:logGet(46)) - raft.server.notification.no-leader.timeout = 60s (default)
2023-09-01 02:13:24,139 [s0-groupManagement] INFO  server.RaftServerConfigKeys (ConfUtils.java:logGet(46)) - raft.server.read.timeout = 10s (default)
2023-09-01 02:13:24,139 [s0-groupManagement] INFO  server.RaftServerConfigKeys (ConfUtils.java:logGet(46)) - raft.server.retrycache.expirytime = 60s (default)
2023-09-01 02:13:24,139 [s0-groupManagement] INFO  server.RaftServerConfigKeys (ConfUtils.java:logGet(46)) - raft.server.retrycache.statistics.expirytime = 100μs (default)
2023-09-01 02:13:24,140 [s0-groupManagement] INFO  server.RaftServerConfigKeys (ConfUtils.java:logGet(46)) - raft.server.read.option = DEFAULT (default)
2023-09-01 02:13:24,141 [s0-groupManagement] INFO  server.RaftServerConfigKeys (ConfUtils.java:logGet(46)) - raft.server.rpc.request.timeout = 3000ms (default)
2023-09-01 02:13:24,141 [s0-groupManagement] INFO  server.RaftServerConfigKeys (ConfUtils.java:logGet(46)) - raft.server.log.appender.install.snapshot.enabled = true (default)
2023-09-01 02:13:24,141 [s0-groupManagement] INFO  server.RaftServerConfigKeys (ConfUtils.java:logGet(46)) - raft.server.threadpool.server.cached = true (default)
2023-09-01 02:13:24,141 [s0-groupManagement] INFO  server.RaftServerConfigKeys (ConfUtils.java:logGet(46)) - raft.server.threadpool.server.size = 0 (default)
2023-09-01 02:13:24,141 [s0-groupManagement] INFO  server.RaftServerConfigKeys (ConfUtils.java:logGet(46)) - raft.server.threadpool.client.cached = true (default)
2023-09-01 02:13:24,141 [s0-groupManagement] INFO  server.RaftServerConfigKeys (ConfUtils.java:logGet(46)) - raft.server.threadpool.client.size = 0 (default)
2023-09-01 02:13:24,144 [s0-impl-thread1] INFO  server.RaftServerConfigKeys (ConfUtils.java:logGet(46)) - raft.server.storage.free-space.min = 0MB (=0) (default)
2023-09-01 02:13:24,144 [s0-impl-thread1] INFO  server.RaftServerConfigKeys (ConfUtils.java:logGet(46)) - raft.server.log.corruption.policy = EXCEPTION (default)
2023-09-01 02:13:24,144 [s0-impl-thread1] INFO  server.RaftServerConfigKeys (ConfUtils.java:logGet(46)) - raft.server.storage.dir = [/home/runner/work/ratis/ratis/ratis-test/target/test/data/1f94b248/MiniRaftClusterWithGrpc1b977058/s0] (custom)
2023-09-01 02:13:24,144 [s0-impl-thread1] INFO  storage.RaftStorageDirectory (RaftStorageDirectoryImpl.java:analyzeStorage(138)) - The storage directory /home/runner/work/ratis/ratis/ratis-test/target/test/data/1f94b248/MiniRaftClusterWithGrpc1b977058/s0/36bf4486-5d5e-4413-8d6c-450c7bfc1edb does not exist. Creating ...
2023-09-01 02:13:24,145 [s0-impl-thread1] TRACE util.FileUtils (LogUtils.java:runAndLog(49)) - Successfully ran Files.createDirectories /home/runner/work/ratis/ratis/ratis-test/target/test/data/1f94b248/MiniRaftClusterWithGrpc1b977058/s0/36bf4486-5d5e-4413-8d6c-450c7bfc1edb
2023-09-01 02:13:24,146 [s0-impl-thread1] INFO  storage.RaftStorageDirectory (RaftStorageDirectoryImpl.java:tryLock(232)) - Lock on /home/runner/work/ratis/ratis/ratis-test/target/test/data/1f94b248/MiniRaftClusterWithGrpc1b977058/s0/36bf4486-5d5e-4413-8d6c-450c7bfc1edb/in_use.lock acquired by nodename 15545@fv-az41-939
2023-09-01 02:13:24,146 [s0-impl-thread1] TRACE util.FileUtils (LogUtils.java:runAndLog(49)) - Successfully ran Files.createDirectories /home/runner/work/ratis/ratis/ratis-test/target/test/data/1f94b248/MiniRaftClusterWithGrpc1b977058/s0/36bf4486-5d5e-4413-8d6c-450c7bfc1edb/current
2023-09-01 02:13:24,146 [s0-impl-thread1] TRACE util.FileUtils (LogUtils.java:runAndLog(49)) - Successfully ran Files.createDirectories /home/runner/work/ratis/ratis/ratis-test/target/test/data/1f94b248/MiniRaftClusterWithGrpc1b977058/s0/36bf4486-5d5e-4413-8d6c-450c7bfc1edb/sm
2023-09-01 02:13:24,147 [s0-impl-thread1] INFO  storage.RaftStorage (RaftStorageImpl.java:format(97)) - Storage directory /home/runner/work/ratis/ratis/ratis-test/target/test/data/1f94b248/MiniRaftClusterWithGrpc1b977058/s0/36bf4486-5d5e-4413-8d6c-450c7bfc1edb has been successfully formatted.
2023-09-01 02:13:24,147 [s0-impl-thread1] INFO  impl.SimpleStateMachine4Testing (SimpleStateMachine4Testing.java:initialize(213)) - Initializing StateMachineWithSeparatedSnapshotPath:uninitialized
2023-09-01 02:13:24,147 [s0-impl-thread1] INFO  impl.SimpleStateMachine4Testing (SimpleStateMachine4Testing.java:loadSnapshot(293)) - Loading snapshot null
2023-09-01 02:13:24,147 [s0-impl-thread1] TRACE util.FileUtils (FileUtils.java:deleteFully(201)) - deleteFully /tmp/ratis-tests/statemachine/s0
2023-09-01 02:13:24,147 [s0-impl-thread1] TRACE util.FileUtils (FileUtils.java:deleteFully(217)) - deleteFully: /tmp/ratis-tests/statemachine/s0 does not exist.
2023-09-01 02:13:24,147 [s0-impl-thread1] INFO  server.RaftServerConfigKeys (ConfUtils.java:logGet(46)) - raft.server.log.use.memory = false (default)
2023-09-01 02:13:24,148 [s0-impl-thread1] INFO  server.RaftServerConfigKeys (ConfUtils.java:logGet(46)) - raft.server.log.purge.gap = 8 (custom)
2023-09-01 02:13:24,148 [s0-impl-thread1] INFO  server.RaftServerConfigKeys (ConfUtils.java:logGet(46)) - raft.server.log.appender.buffer.byte-limit = 4MB (=4194304) (default)
2023-09-01 02:13:24,148 [s0-impl-thread1] INFO  server.RaftServerConfigKeys (ConfUtils.java:logGet(46)) - raft.server.log.statemachine.data.read.timeout = 1000ms (default)
2023-09-01 02:13:24,148 [s0-impl-thread1] INFO  server.RaftServerConfigKeys (ConfUtils.java:logGet(46)) - raft.server.log.purge.preservation.log.num = 0 (default)
2023-09-01 02:13:24,149 [s0-impl-thread1] INFO  server.RaftServerConfigKeys (ConfUtils.java:logGet(46)) - raft.server.log.segment.size.max = 8MB (=8388608) (default)
2023-09-01 02:13:24,149 [s0-impl-thread1] INFO  server.RaftServerConfigKeys (ConfUtils.java:logGet(46)) - raft.server.log.segment.cache.num.max = 6 (default)
2023-09-01 02:13:24,149 [s0-impl-thread1] INFO  server.RaftServerConfigKeys (ConfUtils.java:logGet(46)) - raft.server.log.segment.cache.size.max = 200MB (=209715200) (default)
2023-09-01 02:13:24,149 [s0-impl-thread1] INFO  server.RaftServerConfigKeys (ConfUtils.java:logGet(46)) - raft.server.log.appender.buffer.byte-limit = 4MB (=4194304) (default)
2023-09-01 02:13:24,149 [s0-impl-thread1] INFO  segmented.SegmentedRaftLogWorker (SegmentedRaftLogWorker.java:<init>(183)) - new s0@group-450C7BFC1EDB-SegmentedRaftLogWorker for RaftStorageImpl:Storage Directory /home/runner/work/ratis/ratis/ratis-test/target/test/data/1f94b248/MiniRaftClusterWithGrpc1b977058/s0/36bf4486-5d5e-4413-8d6c-450c7bfc1edb
2023-09-01 02:13:24,149 [s0-impl-thread1] INFO  server.RaftServerConfigKeys (ConfUtils.java:logGet(46)) - raft.server.log.queue.byte-limit = 64MB (=67108864) (default)
2023-09-01 02:13:24,149 [s0-impl-thread1] INFO  server.RaftServerConfigKeys (ConfUtils.java:logGet(46)) - raft.server.log.queue.element-limit = 4096 (default)
2023-09-01 02:13:24,149 [s0-impl-thread1] INFO  server.RaftServerConfigKeys (ConfUtils.java:logGet(46)) - raft.server.log.segment.size.max = 8MB (=8388608) (default)
2023-09-01 02:13:24,149 [s0-impl-thread1] INFO  server.RaftServerConfigKeys (ConfUtils.java:logGet(46)) - raft.server.log.preallocated.size = 4MB (=4194304) (default)
2023-09-01 02:13:24,149 [s0-impl-thread1] INFO  server.RaftServerConfigKeys (ConfUtils.java:logGet(46)) - raft.server.log.force.sync.num = 128 (default)
2023-09-01 02:13:24,149 [s0-impl-thread1] INFO  server.RaftServerConfigKeys (ConfUtils.java:logGet(46)) - raft.server.log.statemachine.data.sync = true (default)
2023-09-01 02:13:24,149 [s0-impl-thread1] INFO  server.RaftServerConfigKeys (ConfUtils.java:logGet(46)) - raft.server.log.statemachine.data.sync.timeout = 10s (default)
2023-09-01 02:13:24,149 [s0-impl-thread1] INFO  server.RaftServerConfigKeys (ConfUtils.java:logGet(46)) - raft.server.log.statemachine.data.sync.timeout.retry = -1 (default)
2023-09-01 02:13:24,150 [s0-impl-thread1] INFO  server.RaftServerConfigKeys (ConfUtils.java:logGet(46)) - raft.server.log.write.buffer.size = 64KB (=65536) (default)
2023-09-01 02:13:24,150 [s0-impl-thread1] INFO  server.RaftServerConfigKeys (ConfUtils.java:logGet(46)) - raft.server.log.appender.buffer.byte-limit = 4MB (=4194304) (default)
2023-09-01 02:13:24,151 [s0-impl-thread1] INFO  server.RaftServerConfigKeys (ConfUtils.java:logGet(46)) - raft.server.log.unsafe-flush.enabled = false (default)
2023-09-01 02:13:24,151 [s0-impl-thread1] INFO  server.RaftServerConfigKeys (ConfUtils.java:logGet(46)) - raft.server.log.async-flush.enabled = false (default)
2023-09-01 02:13:24,151 [s0-impl-thread1] INFO  server.RaftServerConfigKeys (ConfUtils.java:logGet(46)) - raft.server.log.statemachine.data.caching.enabled = false (default)
2023-09-01 02:13:24,151 [s0-impl-thread1] INFO  segmented.SegmentedRaftLogWorker (SegmentedRaftLogWorker.java:lambda$new$0(134)) - s0@group-450C7BFC1EDB-SegmentedRaftLogWorker: flushIndex: setUnconditionally 0 -> -1
2023-09-01 02:13:24,151 [s0-impl-thread1] INFO  segmented.SegmentedRaftLogWorker (SegmentedRaftLogWorker.java:lambda$new$0(134)) - s0@group-450C7BFC1EDB-SegmentedRaftLogWorker: safeCacheEvictIndex: setUnconditionally 0 -> -1
2023-09-01 02:13:24,151 [s0-impl-thread1] INFO  server.RaftServer$Division (RaftServerImpl.java:start(384)) - s0@group-450C7BFC1EDB: start as a follower, conf=-1: peers:[s0|rpc:localhost:39245|admin:localhost:40607|client:localhost:39019|dataStream:localhost:36499|priority:0|startupRole:FOLLOWER]|listeners:[], old=null
2023-09-01 02:13:24,151 [s0-impl-thread1] INFO  server.RaftServer$Division (RaftServerImpl.java:setRole(371)) - s0@group-450C7BFC1EDB: changes role from      null to FOLLOWER at term 0 for startAsFollower
2023-09-01 02:13:24,151 [s0-impl-thread1] INFO  impl.RoleInfo (RoleInfo.java:updateAndGet(138)) - s0: start s0@group-450C7BFC1EDB-FollowerState
2023-09-01 02:13:24,152 [s0-impl-thread1] INFO  util.JmxRegister (JmxRegister.java:tryRegister(44)) - Successfully registered JMX Bean with object name Ratis:service=RaftServer,group=group-450C7BFC1EDB,id=s0
2023-09-01 02:13:24,153 [s0-impl-thread1] INFO  server.RaftServerConfigKeys (ConfUtils.java:logGet(46)) - raft.server.snapshot.trigger-when-stop.enabled = true (default)
2023-09-01 02:13:24,153 [s0-impl-thread1] INFO  server.RaftServerConfigKeys (ConfUtils.java:logGet(46)) - raft.server.snapshot.auto.trigger.enabled = true (custom)
2023-09-01 02:13:24,153 [s0-impl-thread1] INFO  server.RaftServerConfigKeys (ConfUtils.java:logGet(46)) - raft.server.snapshot.auto.trigger.threshold = 64 (custom)
2023-09-01 02:13:24,153 [s0-impl-thread1] INFO  server.RaftServerConfigKeys (ConfUtils.java:logGet(46)) - raft.server.snapshot.retention.file.num = -1 (default)
2023-09-01 02:13:24,153 [s0-impl-thread1] INFO  server.RaftServerConfigKeys (ConfUtils.java:logGet(46)) - raft.server.log.purge.upto.snapshot.index = false (default)
2023-09-01 02:13:24,153 [s0@group-450C7BFC1EDB-FollowerState] INFO  server.RaftServerConfigKeys (ConfUtils.java:logFallback(53)) - raft.server.rpc.first-election.timeout.min = 150ms (fallback to raft.server.rpc.timeout.min)
2023-09-01 02:13:24,153 [s0@group-450C7BFC1EDB-FollowerState] INFO  server.RaftServerConfigKeys (ConfUtils.java:logFallback(53)) - raft.server.rpc.first-election.timeout.max = 300ms (fallback to raft.server.rpc.timeout.max)
2023-09-01 02:13:24,154 [Time-limited test] INFO  server.RaftServer (RaftServerProxy.java:startImpl(404)) - s0: start RPC server
2023-09-01 02:13:24,155 [Time-limited test] INFO  server.GrpcService (GrpcService.java:startImpl(302)) - s0: GrpcService started, listening on 39019
2023-09-01 02:13:24,155 [Time-limited test] INFO  server.GrpcService (GrpcService.java:startImpl(302)) - s0: GrpcService started, listening on 39245
2023-09-01 02:13:24,156 [Time-limited test] INFO  server.GrpcService (GrpcService.java:startImpl(302)) - s0: GrpcService started, listening on 40607
2023-09-01 02:13:24,156 [JvmPauseMonitor3] INFO  util.JvmPauseMonitor (JvmPauseMonitor.java:run(146)) - JvmPauseMonitor-s0: Started
2023-09-01 02:13:24,156 [Time-limited test] INFO  server.RaftServerConfigKeys (ConfUtils.java:logGet(46)) - raft.server.rpc.timeout.max = 300ms (default)
2023-09-01 02:13:24,156 [Time-limited test] INFO  ratis.RaftTestUtil (RaftTestUtil.java:waitForLeader(100)) - printing ALL groups
  s0:  RUNNING  FOLLOWER s0@group-450C7BFC1EDB:t0, leader=null, voted=, raftlog=Memoized:s0@group-450C7BFC1EDB-SegmentedRaftLog:OPENED:c-1, conf=-1: peers:[s0|rpc:localhost:39245|admin:localhost:40607|client:localhost:39019|dataStream:localhost:36499|priority:0|startupRole:FOLLOWER]|listeners:[], old=null RUNNING
2023-09-01 02:13:24,157 [Time-limited test] WARN  ratis.RaftTestUtil (JavaUtils.java:attempt(217)) - FAILED "waitForLeader-null-(expectLeader? true)", attempt #1/100: java.lang.IllegalStateException: No leader yet : printing ALL groups
  s0:  RUNNING  FOLLOWER s0@group-450C7BFC1EDB:t0, leader=null, voted=, raftlog=Memoized:s0@group-450C7BFC1EDB-SegmentedRaftLog:OPENED:c-1, conf=-1: peers:[s0|rpc:localhost:39245|admin:localhost:40607|client:localhost:39019|dataStream:localhost:36499|priority:0|startupRole:FOLLOWER]|listeners:[], old=null RUNNING, sleep 450ms and then retry.
java.lang.IllegalStateException: No leader yet : printing ALL groups
  s0:  RUNNING  FOLLOWER s0@group-450C7BFC1EDB:t0, leader=null, voted=, raftlog=Memoized:s0@group-450C7BFC1EDB-SegmentedRaftLog:OPENED:c-1, conf=-1: peers:[s0|rpc:localhost:39245|admin:localhost:40607|client:localhost:39019|dataStream:localhost:36499|priority:0|startupRole:FOLLOWER]|listeners:[], old=null RUNNING
	at org.apache.ratis.server.impl.MiniRaftCluster.newIllegalStateExceptionForNoLeaders(MiniRaftCluster.java:581)
	at org.apache.ratis.RaftTestUtil.lambda$waitForLeader$1(RaftTestUtil.java:104)
	at org.apache.ratis.server.impl.MiniRaftCluster.getLeader(MiniRaftCluster.java:615)
	at org.apache.ratis.server.impl.MiniRaftCluster.getLeader(MiniRaftCluster.java:608)
	at org.apache.ratis.RaftTestUtil.lambda$waitForLeader$3(RaftTestUtil.java:112)
	at org.apache.ratis.util.JavaUtils.attempt(JavaUtils.java:211)
	at org.apache.ratis.util.JavaUtils.attemptRepeatedly(JavaUtils.java:197)
	at org.apache.ratis.RaftTestUtil.waitForLeader(RaftTestUtil.java:111)
	at org.apache.ratis.RaftTestUtil.waitForLeader(RaftTestUtil.java:92)
	at org.apache.ratis.RaftTestUtil.waitForLeader(RaftTestUtil.java:87)
	at org.apache.ratis.InstallSnapshotFromLeaderTests.testMultiFileInstallSnapshot(InstallSnapshotFromLeaderTests.java:93)
	at org.apache.ratis.server.impl.MiniRaftCluster$Factory$Get.runWithNewCluster(MiniRaftCluster.java:141)
	at org.apache.ratis.server.impl.MiniRaftCluster$Factory$Get.runWithNewCluster(MiniRaftCluster.java:121)
	at org.apache.ratis.InstallSnapshotFromLeaderTests.testSeparateSnapshotInstallPath(InstallSnapshotFromLeaderTests.java:87)
	at java.base/jdk.internal.reflect.NativeMethodAccessorImpl.invoke0(Native Method)
	at java.base/jdk.internal.reflect.NativeMethodAccessorImpl.invoke(NativeMethodAccessorImpl.java:62)
	at java.base/jdk.internal.reflect.DelegatingMethodAccessorImpl.invoke(DelegatingMethodAccessorImpl.java:43)
	at java.base/java.lang.reflect.Method.invoke(Method.java:566)
	at org.junit.runners.model.FrameworkMethod$1.runReflectiveCall(FrameworkMethod.java:59)
	at org.junit.internal.runners.model.ReflectiveCallable.run(ReflectiveCallable.java:12)
	at org.junit.runners.model.FrameworkMethod.invokeExplosively(FrameworkMethod.java:56)
	at org.junit.internal.runners.statements.InvokeMethod.evaluate(InvokeMethod.java:17)
	at org.junit.internal.runners.statements.RunAfters.evaluate(RunAfters.java:27)
	at org.junit.internal.runners.statements.FailOnTimeout$CallableStatement.call(FailOnTimeout.java:299)
	at org.junit.internal.runners.statements.FailOnTimeout$CallableStatement.call(FailOnTimeout.java:293)
	at java.base/java.util.concurrent.FutureTask.run(FutureTask.java:264)
	at java.base/java.lang.Thread.run(Thread.java:829)
2023-09-01 02:13:24,419 [s0@group-450C7BFC1EDB-FollowerState] INFO  impl.FollowerState (FollowerState.java:run(143)) - s0@group-450C7BFC1EDB-FollowerState: change to CANDIDATE, lastRpcElapsedTime:267292495ns, electionTimeout:265ms
2023-09-01 02:13:24,419 [s0@group-450C7BFC1EDB-FollowerState] INFO  impl.RoleInfo (RoleInfo.java:shutdownFollowerState(109)) - s0: shutdown s0@group-450C7BFC1EDB-FollowerState
2023-09-01 02:13:24,419 [s0@group-450C7BFC1EDB-FollowerState] INFO  server.RaftServer$Division (RaftServerImpl.java:setRole(371)) - s0@group-450C7BFC1EDB: changes role from  FOLLOWER to CANDIDATE at term 0 for changeToCandidate
2023-09-01 02:13:24,419 [s0@group-450C7BFC1EDB-FollowerState] INFO  server.RaftServerConfigKeys (ConfUtils.java:logGet(46)) - raft.server.leaderelection.pre-vote = true (default)
2023-09-01 02:13:24,419 [s0@group-450C7BFC1EDB-FollowerState] INFO  impl.RoleInfo (RoleInfo.java:updateAndGet(138)) - s0: start s0@group-450C7BFC1EDB-LeaderElection2
2023-09-01 02:13:24,420 [s0@group-450C7BFC1EDB-LeaderElection2] INFO  impl.LeaderElection (LeaderElection.java:askForVotes(320)) - s0@group-450C7BFC1EDB-LeaderElection2 PRE_VOTE round 0: submit vote requests at term 0 for -1: peers:[s0|rpc:localhost:39245|admin:localhost:40607|client:localhost:39019|dataStream:localhost:36499|priority:0|startupRole:FOLLOWER]|listeners:[], old=null
2023-09-01 02:13:24,420 [s0@group-450C7BFC1EDB-LeaderElection2] INFO  impl.LeaderElection (LeaderElection.java:askForVotes(322)) - s0@group-450C7BFC1EDB-LeaderElection2 PRE_VOTE round 0: result PASSED (term=0)
2023-09-01 02:13:24,422 [s0@group-450C7BFC1EDB-LeaderElection2] INFO  impl.LeaderElection (LeaderElection.java:askForVotes(320)) - s0@group-450C7BFC1EDB-LeaderElection2 ELECTION round 0: submit vote requests at term 1 for -1: peers:[s0|rpc:localhost:39245|admin:localhost:40607|client:localhost:39019|dataStream:localhost:36499|priority:0|startupRole:FOLLOWER]|listeners:[], old=null
2023-09-01 02:13:24,422 [s0@group-450C7BFC1EDB-LeaderElection2] INFO  impl.LeaderElection (LeaderElection.java:askForVotes(322)) - s0@group-450C7BFC1EDB-LeaderElection2 ELECTION round 0: result PASSED (term=1)
2023-09-01 02:13:24,422 [s0@group-450C7BFC1EDB-LeaderElection2] INFO  impl.RoleInfo (RoleInfo.java:shutdownLeaderElection(129)) - s0: shutdown s0@group-450C7BFC1EDB-LeaderElection2
2023-09-01 02:13:24,422 [s0@group-450C7BFC1EDB-LeaderElection2] INFO  server.RaftServer$Division (RaftServerImpl.java:setRole(371)) - s0@group-450C7BFC1EDB: changes role from CANDIDATE to LEADER at term 1 for changeToLeader
2023-09-01 02:13:24,422 [s0@group-450C7BFC1EDB-LeaderElection2] INFO  server.RaftServerConfigKeys (ConfUtils.java:logGet(46)) - raft.server.staging.catchup.gap = 1000 (default)
2023-09-01 02:13:24,422 [s0@group-450C7BFC1EDB-LeaderElection2] INFO  server.RaftServerConfigKeys (ConfUtils.java:logGet(46)) - raft.server.write.element-limit = 4096 (default)
2023-09-01 02:13:24,422 [s0@group-450C7BFC1EDB-LeaderElection2] INFO  server.RaftServerConfigKeys (ConfUtils.java:logGet(46)) - raft.server.write.byte-limit = 64MB (=67108864) (default)
2023-09-01 02:13:24,422 [s0@group-450C7BFC1EDB-LeaderElection2] INFO  server.RaftServerConfigKeys (ConfUtils.java:logGet(46)) - raft.server.watch.timeout = 10s (default)
2023-09-01 02:13:24,422 [s0@group-450C7BFC1EDB-LeaderElection2] INFO  server.RaftServerConfigKeys (ConfUtils.java:logGet(46)) - raft.server.watch.timeout.denomination = 1s (default)
2023-09-01 02:13:24,422 [s0@group-450C7BFC1EDB-LeaderElection2] INFO  server.RaftServerConfigKeys (ConfUtils.java:logGet(46)) - raft.server.watch.element-limit = 65536 (default)
2023-09-01 02:13:24,422 [s0@group-450C7BFC1EDB-LeaderElection2] INFO  server.RaftServerConfigKeys (ConfUtils.java:logGet(46)) - raft.server.write.element-limit = 4096 (default)
2023-09-01 02:13:24,422 [s0@group-450C7BFC1EDB-LeaderElection2] INFO  server.RaftServerConfigKeys (ConfUtils.java:logGet(46)) - raft.server.write.follower.gap.ratio.max = -1.0 (default)
2023-09-01 02:13:24,423 [s0@group-450C7BFC1EDB-LeaderElection2] INFO  impl.RoleInfo (RoleInfo.java:updateAndGet(138)) - s0: start s0@group-450C7BFC1EDB-LeaderStateImpl
2023-09-01 02:13:24,423 [s0@group-450C7BFC1EDB-LeaderElection2] INFO  server.RaftServer$Division (RaftServerImpl.java:setFirstElection(556)) - s0@group-450C7BFC1EDB: set firstElectionSinceStartup to false for becomeLeader
2023-09-01 02:13:24,423 [s0@group-450C7BFC1EDB-LeaderElection2] INFO  server.RaftServer$Division (ServerState.java:setLeader(260)) - s0@group-450C7BFC1EDB: change Leader from null to s0 at term 1 for becomeLeader, leader elected after 283ms
2023-09-01 02:13:24,423 [s0@group-450C7BFC1EDB-LeaderElection2] INFO  segmented.SegmentedRaftLogWorker (SegmentedRaftLogWorker.java:startLogSegment(427)) - s0@group-450C7BFC1EDB-SegmentedRaftLogWorker: Starting segment from index:0
2023-09-01 02:13:24,427 [s0@group-450C7BFC1EDB-LeaderElection2] INFO  server.RaftServer$Division (ServerState.java:setRaftConf(377)) - s0@group-450C7BFC1EDB: set configuration 0: peers:[s0|rpc:localhost:39245|admin:localhost:40607|client:localhost:39019|dataStream:localhost:36499|priority:0|startupRole:FOLLOWER]|listeners:[], old=null
2023-09-01 02:13:24,431 [s0@group-450C7BFC1EDB-SegmentedRaftLogWorker] INFO  segmented.SegmentedRaftLogWorker (SegmentedRaftLogWorker.java:execute(631)) - s0@group-450C7BFC1EDB-SegmentedRaftLogWorker: created new log segment /home/runner/work/ratis/ratis/ratis-test/target/test/data/1f94b248/MiniRaftClusterWithGrpc1b977058/s0/36bf4486-5d5e-4413-8d6c-450c7bfc1edb/current/log_inprogress_0
2023-09-01 02:13:24,431 [s0@group-450C7BFC1EDB-StateMachineUpdater] INFO  server.RaftServer$Division (LeaderStateImpl.java:isApplied(308)) - leader is ready since appliedIndex == 0 >= startIndex == 0
2023-09-01 02:13:24,607 [Time-limited test] INFO  ratis.RaftTestUtil (RaftTestUtil.java:waitForLeader(119)) - printing ALL groups
  s0:  RUNNING    LEADER s0@group-450C7BFC1EDB:t1, leader=s0, voted=s0, raftlog=Memoized:s0@group-450C7BFC1EDB-SegmentedRaftLog:OPENED:c0, conf=0: peers:[s0|rpc:localhost:39245|admin:localhost:40607|client:localhost:39019|dataStream:localhost:36499|priority:0|startupRole:FOLLOWER]|listeners:[], old=null RUNNING
2023-09-01 02:13:24,617 [s0@group-450C7BFC1EDB-StateMachineUpdater] INFO  impl.SimpleStateMachine4Testing (SimpleStateMachine4Testing.java:put(205)) - s0: put 1, m0 -> (t:1, i:1), STATEMACHINELOGENTRY, 129@client-E2425FA9F5E9
2023-09-01 02:13:24,617 [s0@group-450C7BFC1EDB-StateMachineUpdater] WARN  server.RaftServer$Division (RaftServerImpl.java:replyPendingRequest(1769)) -    LEADER s0@group-450C7BFC1EDB:t1, leader=s0, voted=s0, raftlog=Memoized:s0@group-450C7BFC1EDB-SegmentedRaftLog:OPENED:c1, conf=0: peers:[s0|rpc:localhost:39245|admin:localhost:40607|client:localhost:39019|dataStream:localhost:36499|priority:0|startupRole:FOLLOWER]|listeners:[], old=null RUNNING retry cache entry of leader should be pending: 129@client-E2425FA9F5E9:pending
2023-09-01 02:13:24,621 [s0@group-450C7BFC1EDB-StateMachineUpdater] INFO  impl.SimpleStateMachine4Testing (SimpleStateMachine4Testing.java:put(205)) - s0: put 3, m1 -> (t:1, i:3), STATEMACHINELOGENTRY, 130@client-E2425FA9F5E9
2023-09-01 02:13:24,621 [s0@group-450C7BFC1EDB-StateMachineUpdater] WARN  server.RaftServer$Division (RaftServerImpl.java:replyPendingRequest(1769)) -    LEADER s0@group-450C7BFC1EDB:t1, leader=s0, voted=s0, raftlog=Memoized:s0@group-450C7BFC1EDB-SegmentedRaftLog:OPENED:c3, conf=0: peers:[s0|rpc:localhost:39245|admin:localhost:40607|client:localhost:39019|dataStream:localhost:36499|priority:0|startupRole:FOLLOWER]|listeners:[], old=null RUNNING retry cache entry of leader should be pending: 130@client-E2425FA9F5E9:pending
2023-09-01 02:13:24,627 [s0@group-450C7BFC1EDB-StateMachineUpdater] INFO  impl.SimpleStateMachine4Testing (SimpleStateMachine4Testing.java:put(205)) - s0: put 5, m2 -> (t:1, i:5), STATEMACHINELOGENTRY, 131@client-E2425FA9F5E9
2023-09-01 02:13:24,627 [s0@group-450C7BFC1EDB-StateMachineUpdater] WARN  server.RaftServer$Division (RaftServerImpl.java:replyPendingRequest(1769)) -    LEADER s0@group-450C7BFC1EDB:t1, leader=s0, voted=s0, raftlog=Memoized:s0@group-450C7BFC1EDB-SegmentedRaftLog:OPENED:c5, conf=0: peers:[s0|rpc:localhost:39245|admin:localhost:40607|client:localhost:39019|dataStream:localhost:36499|priority:0|startupRole:FOLLOWER]|listeners:[], old=null RUNNING retry cache entry of leader should be pending: 131@client-E2425FA9F5E9:pending
2023-09-01 02:13:24,631 [s0@group-450C7BFC1EDB-StateMachineUpdater] INFO  impl.SimpleStateMachine4Testing (SimpleStateMachine4Testing.java:put(205)) - s0: put 7, m3 -> (t:1, i:7), STATEMACHINELOGENTRY, 132@client-E2425FA9F5E9
2023-09-01 02:13:24,631 [s0@group-450C7BFC1EDB-StateMachineUpdater] WARN  server.RaftServer$Division (RaftServerImpl.java:replyPendingRequest(1769)) -    LEADER s0@group-450C7BFC1EDB:t1, leader=s0, voted=s0, raftlog=Memoized:s0@group-450C7BFC1EDB-SegmentedRaftLog:OPENED:c7, conf=0: peers:[s0|rpc:localhost:39245|admin:localhost:40607|client:localhost:39019|dataStream:localhost:36499|priority:0|startupRole:FOLLOWER]|listeners:[], old=null RUNNING retry cache entry of leader should be pending: 132@client-E2425FA9F5E9:pending
2023-09-01 02:13:24,634 [s0@group-450C7BFC1EDB-StateMachineUpdater] INFO  impl.SimpleStateMachine4Testing (SimpleStateMachine4Testing.java:put(205)) - s0: put 9, m4 -> (t:1, i:9), STATEMACHINELOGENTRY, 133@client-E2425FA9F5E9
2023-09-01 02:13:24,634 [s0@group-450C7BFC1EDB-StateMachineUpdater] WARN  server.RaftServer$Division (RaftServerImpl.java:replyPendingRequest(1769)) -    LEADER s0@group-450C7BFC1EDB:t1, leader=s0, voted=s0, raftlog=Memoized:s0@group-450C7BFC1EDB-SegmentedRaftLog:OPENED:c9, conf=0: peers:[s0|rpc:localhost:39245|admin:localhost:40607|client:localhost:39019|dataStream:localhost:36499|priority:0|startupRole:FOLLOWER]|listeners:[], old=null RUNNING retry cache entry of leader should be pending: 133@client-E2425FA9F5E9:pending
2023-09-01 02:13:24,638 [s0@group-450C7BFC1EDB-StateMachineUpdater] INFO  impl.SimpleStateMachine4Testing (SimpleStateMachine4Testing.java:put(205)) - s0: put 11, m5 -> (t:1, i:11), STATEMACHINELOGENTRY, 134@client-E2425FA9F5E9
2023-09-01 02:13:24,638 [s0@group-450C7BFC1EDB-StateMachineUpdater] WARN  server.RaftServer$Division (RaftServerImpl.java:replyPendingRequest(1769)) -    LEADER s0@group-450C7BFC1EDB:t1, leader=s0, voted=s0, raftlog=Memoized:s0@group-450C7BFC1EDB-SegmentedRaftLog:OPENED:c11, conf=0: peers:[s0|rpc:localhost:39245|admin:localhost:40607|client:localhost:39019|dataStream:localhost:36499|priority:0|startupRole:FOLLOWER]|listeners:[], old=null RUNNING retry cache entry of leader should be pending: 134@client-E2425FA9F5E9:pending
2023-09-01 02:13:24,643 [s0@group-450C7BFC1EDB-StateMachineUpdater] INFO  impl.SimpleStateMachine4Testing (SimpleStateMachine4Testing.java:put(205)) - s0: put 13, m6 -> (t:1, i:13), STATEMACHINELOGENTRY, 135@client-E2425FA9F5E9
2023-09-01 02:13:24,643 [s0@group-450C7BFC1EDB-StateMachineUpdater] WARN  server.RaftServer$Division (RaftServerImpl.java:replyPendingRequest(1769)) -    LEADER s0@group-450C7BFC1EDB:t1, leader=s0, voted=s0, raftlog=Memoized:s0@group-450C7BFC1EDB-SegmentedRaftLog:OPENED:c13, conf=0: peers:[s0|rpc:localhost:39245|admin:localhost:40607|client:localhost:39019|dataStream:localhost:36499|priority:0|startupRole:FOLLOWER]|listeners:[], old=null RUNNING retry cache entry of leader should be pending: 135@client-E2425FA9F5E9:pending
2023-09-01 02:13:24,646 [s0@group-450C7BFC1EDB-StateMachineUpdater] INFO  impl.SimpleStateMachine4Testing (SimpleStateMachine4Testing.java:put(205)) - s0: put 15, m7 -> (t:1, i:15), STATEMACHINELOGENTRY, 136@client-E2425FA9F5E9
2023-09-01 02:13:24,646 [s0@group-450C7BFC1EDB-StateMachineUpdater] WARN  server.RaftServer$Division (RaftServerImpl.java:replyPendingRequest(1769)) -    LEADER s0@group-450C7BFC1EDB:t1, leader=s0, voted=s0, raftlog=Memoized:s0@group-450C7BFC1EDB-SegmentedRaftLog:OPENED:c15, conf=0: peers:[s0|rpc:localhost:39245|admin:localhost:40607|client:localhost:39019|dataStream:localhost:36499|priority:0|startupRole:FOLLOWER]|listeners:[], old=null RUNNING retry cache entry of leader should be pending: 136@client-E2425FA9F5E9:pending
2023-09-01 02:13:24,649 [s0@group-450C7BFC1EDB-StateMachineUpdater] INFO  impl.SimpleStateMachine4Testing (SimpleStateMachine4Testing.java:put(205)) - s0: put 17, m8 -> (t:1, i:17), STATEMACHINELOGENTRY, 137@client-E2425FA9F5E9
2023-09-01 02:13:24,649 [s0@group-450C7BFC1EDB-StateMachineUpdater] WARN  server.RaftServer$Division (RaftServerImpl.java:replyPendingRequest(1769)) -    LEADER s0@group-450C7BFC1EDB:t1, leader=s0, voted=s0, raftlog=Memoized:s0@group-450C7BFC1EDB-SegmentedRaftLog:OPENED:c17, conf=0: peers:[s0|rpc:localhost:39245|admin:localhost:40607|client:localhost:39019|dataStream:localhost:36499|priority:0|startupRole:FOLLOWER]|listeners:[], old=null RUNNING retry cache entry of leader should be pending: 137@client-E2425FA9F5E9:pending
2023-09-01 02:13:24,652 [s0@group-450C7BFC1EDB-StateMachineUpdater] INFO  impl.SimpleStateMachine4Testing (SimpleStateMachine4Testing.java:put(205)) - s0: put 19, m9 -> (t:1, i:19), STATEMACHINELOGENTRY, 138@client-E2425FA9F5E9
2023-09-01 02:13:24,652 [s0@group-450C7BFC1EDB-StateMachineUpdater] WARN  server.RaftServer$Division (RaftServerImpl.java:replyPendingRequest(1769)) -    LEADER s0@group-450C7BFC1EDB:t1, leader=s0, voted=s0, raftlog=Memoized:s0@group-450C7BFC1EDB-SegmentedRaftLog:OPENED:c19, conf=0: peers:[s0|rpc:localhost:39245|admin:localhost:40607|client:localhost:39019|dataStream:localhost:36499|priority:0|startupRole:FOLLOWER]|listeners:[], old=null RUNNING retry cache entry of leader should be pending: 138@client-E2425FA9F5E9:pending
2023-09-01 02:13:24,655 [s0@group-450C7BFC1EDB-StateMachineUpdater] INFO  impl.SimpleStateMachine4Testing (SimpleStateMachine4Testing.java:put(205)) - s0: put 21, m10 -> (t:1, i:21), STATEMACHINELOGENTRY, 139@client-E2425FA9F5E9
2023-09-01 02:13:24,655 [s0@group-450C7BFC1EDB-StateMachineUpdater] WARN  server.RaftServer$Division (RaftServerImpl.java:replyPendingRequest(1769)) -    LEADER s0@group-450C7BFC1EDB:t1, leader=s0, voted=s0, raftlog=Memoized:s0@group-450C7BFC1EDB-SegmentedRaftLog:OPENED:c21, conf=0: peers:[s0|rpc:localhost:39245|admin:localhost:40607|client:localhost:39019|dataStream:localhost:36499|priority:0|startupRole:FOLLOWER]|listeners:[], old=null RUNNING retry cache entry of leader should be pending: 139@client-E2425FA9F5E9:pending
2023-09-01 02:13:24,658 [s0@group-450C7BFC1EDB-StateMachineUpdater] INFO  impl.SimpleStateMachine4Testing (SimpleStateMachine4Testing.java:put(205)) - s0: put 23, m11 -> (t:1, i:23), STATEMACHINELOGENTRY, 140@client-E2425FA9F5E9
2023-09-01 02:13:24,658 [s0@group-450C7BFC1EDB-StateMachineUpdater] WARN  server.RaftServer$Division (RaftServerImpl.java:replyPendingRequest(1769)) -    LEADER s0@group-450C7BFC1EDB:t1, leader=s0, voted=s0, raftlog=Memoized:s0@group-450C7BFC1EDB-SegmentedRaftLog:OPENED:c23, conf=0: peers:[s0|rpc:localhost:39245|admin:localhost:40607|client:localhost:39019|dataStream:localhost:36499|priority:0|startupRole:FOLLOWER]|listeners:[], old=null RUNNING retry cache entry of leader should be pending: 140@client-E2425FA9F5E9:pending
2023-09-01 02:13:24,660 [s0@group-450C7BFC1EDB-StateMachineUpdater] INFO  impl.SimpleStateMachine4Testing (SimpleStateMachine4Testing.java:put(205)) - s0: put 25, m12 -> (t:1, i:25), STATEMACHINELOGENTRY, 141@client-E2425FA9F5E9
2023-09-01 02:13:24,660 [s0@group-450C7BFC1EDB-StateMachineUpdater] WARN  server.RaftServer$Division (RaftServerImpl.java:replyPendingRequest(1769)) -    LEADER s0@group-450C7BFC1EDB:t1, leader=s0, voted=s0, raftlog=Memoized:s0@group-450C7BFC1EDB-SegmentedRaftLog:OPENED:c25, conf=0: peers:[s0|rpc:localhost:39245|admin:localhost:40607|client:localhost:39019|dataStream:localhost:36499|priority:0|startupRole:FOLLOWER]|listeners:[], old=null RUNNING retry cache entry of leader should be pending: 141@client-E2425FA9F5E9:pending
2023-09-01 02:13:24,663 [s0@group-450C7BFC1EDB-StateMachineUpdater] INFO  impl.SimpleStateMachine4Testing (SimpleStateMachine4Testing.java:put(205)) - s0: put 27, m13 -> (t:1, i:27), STATEMACHINELOGENTRY, 142@client-E2425FA9F5E9
2023-09-01 02:13:24,663 [s0@group-450C7BFC1EDB-StateMachineUpdater] WARN  server.RaftServer$Division (RaftServerImpl.java:replyPendingRequest(1769)) -    LEADER s0@group-450C7BFC1EDB:t1, leader=s0, voted=s0, raftlog=Memoized:s0@group-450C7BFC1EDB-SegmentedRaftLog:OPENED:c27, conf=0: peers:[s0|rpc:localhost:39245|admin:localhost:40607|client:localhost:39019|dataStream:localhost:36499|priority:0|startupRole:FOLLOWER]|listeners:[], old=null RUNNING retry cache entry of leader should be pending: 142@client-E2425FA9F5E9:pending
2023-09-01 02:13:24,668 [s0@group-450C7BFC1EDB-StateMachineUpdater] INFO  impl.SimpleStateMachine4Testing (SimpleStateMachine4Testing.java:put(205)) - s0: put 29, m14 -> (t:1, i:29), STATEMACHINELOGENTRY, 143@client-E2425FA9F5E9
2023-09-01 02:13:24,668 [s0@group-450C7BFC1EDB-StateMachineUpdater] WARN  server.RaftServer$Division (RaftServerImpl.java:replyPendingRequest(1769)) -    LEADER s0@group-450C7BFC1EDB:t1, leader=s0, voted=s0, raftlog=Memoized:s0@group-450C7BFC1EDB-SegmentedRaftLog:OPENED:c29, conf=0: peers:[s0|rpc:localhost:39245|admin:localhost:40607|client:localhost:39019|dataStream:localhost:36499|priority:0|startupRole:FOLLOWER]|listeners:[], old=null RUNNING retry cache entry of leader should be pending: 143@client-E2425FA9F5E9:pending
2023-09-01 02:13:24,671 [s0@group-450C7BFC1EDB-StateMachineUpdater] INFO  impl.SimpleStateMachine4Testing (SimpleStateMachine4Testing.java:put(205)) - s0: put 31, m15 -> (t:1, i:31), STATEMACHINELOGENTRY, 144@client-E2425FA9F5E9
2023-09-01 02:13:24,671 [s0@group-450C7BFC1EDB-StateMachineUpdater] WARN  server.RaftServer$Division (RaftServerImpl.java:replyPendingRequest(1769)) -    LEADER s0@group-450C7BFC1EDB:t1, leader=s0, voted=s0, raftlog=Memoized:s0@group-450C7BFC1EDB-SegmentedRaftLog:OPENED:c31, conf=0: peers:[s0|rpc:localhost:39245|admin:localhost:40607|client:localhost:39019|dataStream:localhost:36499|priority:0|startupRole:FOLLOWER]|listeners:[], old=null RUNNING retry cache entry of leader should be pending: 144@client-E2425FA9F5E9:pending
2023-09-01 02:13:24,677 [s0@group-450C7BFC1EDB-StateMachineUpdater] INFO  impl.SimpleStateMachine4Testing (SimpleStateMachine4Testing.java:put(205)) - s0: put 33, m16 -> (t:1, i:33), STATEMACHINELOGENTRY, 145@client-E2425FA9F5E9
2023-09-01 02:13:24,677 [s0@group-450C7BFC1EDB-StateMachineUpdater] WARN  server.RaftServer$Division (RaftServerImpl.java:replyPendingRequest(1769)) -    LEADER s0@group-450C7BFC1EDB:t1, leader=s0, voted=s0, raftlog=Memoized:s0@group-450C7BFC1EDB-SegmentedRaftLog:OPENED:c33, conf=0: peers:[s0|rpc:localhost:39245|admin:localhost:40607|client:localhost:39019|dataStream:localhost:36499|priority:0|startupRole:FOLLOWER]|listeners:[], old=null RUNNING retry cache entry of leader should be pending: 145@client-E2425FA9F5E9:pending
2023-09-01 02:13:24,679 [s0@group-450C7BFC1EDB-StateMachineUpdater] INFO  impl.SimpleStateMachine4Testing (SimpleStateMachine4Testing.java:put(205)) - s0: put 35, m17 -> (t:1, i:35), STATEMACHINELOGENTRY, 146@client-E2425FA9F5E9
2023-09-01 02:13:24,680 [s0@group-450C7BFC1EDB-StateMachineUpdater] WARN  server.RaftServer$Division (RaftServerImpl.java:replyPendingRequest(1769)) -    LEADER s0@group-450C7BFC1EDB:t1, leader=s0, voted=s0, raftlog=Memoized:s0@group-450C7BFC1EDB-SegmentedRaftLog:OPENED:c35, conf=0: peers:[s0|rpc:localhost:39245|admin:localhost:40607|client:localhost:39019|dataStream:localhost:36499|priority:0|startupRole:FOLLOWER]|listeners:[], old=null RUNNING retry cache entry of leader should be pending: 146@client-E2425FA9F5E9:pending
2023-09-01 02:13:24,682 [s0@group-450C7BFC1EDB-StateMachineUpdater] INFO  impl.SimpleStateMachine4Testing (SimpleStateMachine4Testing.java:put(205)) - s0: put 37, m18 -> (t:1, i:37), STATEMACHINELOGENTRY, 147@client-E2425FA9F5E9
2023-09-01 02:13:24,682 [s0@group-450C7BFC1EDB-StateMachineUpdater] WARN  server.RaftServer$Division (RaftServerImpl.java:replyPendingRequest(1769)) -    LEADER s0@group-450C7BFC1EDB:t1, leader=s0, voted=s0, raftlog=Memoized:s0@group-450C7BFC1EDB-SegmentedRaftLog:OPENED:c37, conf=0: peers:[s0|rpc:localhost:39245|admin:localhost:40607|client:localhost:39019|dataStream:localhost:36499|priority:0|startupRole:FOLLOWER]|listeners:[], old=null RUNNING retry cache entry of leader should be pending: 147@client-E2425FA9F5E9:pending
2023-09-01 02:13:24,684 [s0@group-450C7BFC1EDB-StateMachineUpdater] INFO  impl.SimpleStateMachine4Testing (SimpleStateMachine4Testing.java:put(205)) - s0: put 39, m19 -> (t:1, i:39), STATEMACHINELOGENTRY, 148@client-E2425FA9F5E9
2023-09-01 02:13:24,685 [s0@group-450C7BFC1EDB-StateMachineUpdater] WARN  server.RaftServer$Division (RaftServerImpl.java:replyPendingRequest(1769)) -    LEADER s0@group-450C7BFC1EDB:t1, leader=s0, voted=s0, raftlog=Memoized:s0@group-450C7BFC1EDB-SegmentedRaftLog:OPENED:c39, conf=0: peers:[s0|rpc:localhost:39245|admin:localhost:40607|client:localhost:39019|dataStream:localhost:36499|priority:0|startupRole:FOLLOWER]|listeners:[], old=null RUNNING retry cache entry of leader should be pending: 148@client-E2425FA9F5E9:pending
2023-09-01 02:13:24,687 [s0@group-450C7BFC1EDB-StateMachineUpdater] INFO  impl.SimpleStateMachine4Testing (SimpleStateMachine4Testing.java:put(205)) - s0: put 41, m20 -> (t:1, i:41), STATEMACHINELOGENTRY, 149@client-E2425FA9F5E9
2023-09-01 02:13:24,687 [s0@group-450C7BFC1EDB-StateMachineUpdater] WARN  server.RaftServer$Division (RaftServerImpl.java:replyPendingRequest(1769)) -    LEADER s0@group-450C7BFC1EDB:t1, leader=s0, voted=s0, raftlog=Memoized:s0@group-450C7BFC1EDB-SegmentedRaftLog:OPENED:c41, conf=0: peers:[s0|rpc:localhost:39245|admin:localhost:40607|client:localhost:39019|dataStream:localhost:36499|priority:0|startupRole:FOLLOWER]|listeners:[], old=null RUNNING retry cache entry of leader should be pending: 149@client-E2425FA9F5E9:pending
2023-09-01 02:13:24,689 [s0@group-450C7BFC1EDB-StateMachineUpdater] INFO  impl.SimpleStateMachine4Testing (SimpleStateMachine4Testing.java:put(205)) - s0: put 43, m21 -> (t:1, i:43), STATEMACHINELOGENTRY, 150@client-E2425FA9F5E9
2023-09-01 02:13:24,689 [s0@group-450C7BFC1EDB-StateMachineUpdater] WARN  server.RaftServer$Division (RaftServerImpl.java:replyPendingRequest(1769)) -    LEADER s0@group-450C7BFC1EDB:t1, leader=s0, voted=s0, raftlog=Memoized:s0@group-450C7BFC1EDB-SegmentedRaftLog:OPENED:c43, conf=0: peers:[s0|rpc:localhost:39245|admin:localhost:40607|client:localhost:39019|dataStream:localhost:36499|priority:0|startupRole:FOLLOWER]|listeners:[], old=null RUNNING retry cache entry of leader should be pending: 150@client-E2425FA9F5E9:pending
2023-09-01 02:13:24,692 [s0@group-450C7BFC1EDB-StateMachineUpdater] INFO  impl.SimpleStateMachine4Testing (SimpleStateMachine4Testing.java:put(205)) - s0: put 45, m22 -> (t:1, i:45), STATEMACHINELOGENTRY, 151@client-E2425FA9F5E9
2023-09-01 02:13:24,692 [s0@group-450C7BFC1EDB-StateMachineUpdater] WARN  server.RaftServer$Division (RaftServerImpl.java:replyPendingRequest(1769)) -    LEADER s0@group-450C7BFC1EDB:t1, leader=s0, voted=s0, raftlog=Memoized:s0@group-450C7BFC1EDB-SegmentedRaftLog:OPENED:c45, conf=0: peers:[s0|rpc:localhost:39245|admin:localhost:40607|client:localhost:39019|dataStream:localhost:36499|priority:0|startupRole:FOLLOWER]|listeners:[], old=null RUNNING retry cache entry of leader should be pending: 151@client-E2425FA9F5E9:pending
2023-09-01 02:13:24,695 [s0@group-450C7BFC1EDB-StateMachineUpdater] INFO  impl.SimpleStateMachine4Testing (SimpleStateMachine4Testing.java:put(205)) - s0: put 47, m23 -> (t:1, i:47), STATEMACHINELOGENTRY, 152@client-E2425FA9F5E9
2023-09-01 02:13:24,695 [s0@group-450C7BFC1EDB-StateMachineUpdater] WARN  server.RaftServer$Division (RaftServerImpl.java:replyPendingRequest(1769)) -    LEADER s0@group-450C7BFC1EDB:t1, leader=s0, voted=s0, raftlog=Memoized:s0@group-450C7BFC1EDB-SegmentedRaftLog:OPENED:c47, conf=0: peers:[s0|rpc:localhost:39245|admin:localhost:40607|client:localhost:39019|dataStream:localhost:36499|priority:0|startupRole:FOLLOWER]|listeners:[], old=null RUNNING retry cache entry of leader should be pending: 152@client-E2425FA9F5E9:pending
2023-09-01 02:13:24,697 [s0@group-450C7BFC1EDB-StateMachineUpdater] INFO  impl.SimpleStateMachine4Testing (SimpleStateMachine4Testing.java:put(205)) - s0: put 49, m24 -> (t:1, i:49), STATEMACHINELOGENTRY, 153@client-E2425FA9F5E9
2023-09-01 02:13:24,697 [s0@group-450C7BFC1EDB-StateMachineUpdater] WARN  server.RaftServer$Division (RaftServerImpl.java:replyPendingRequest(1769)) -    LEADER s0@group-450C7BFC1EDB:t1, leader=s0, voted=s0, raftlog=Memoized:s0@group-450C7BFC1EDB-SegmentedRaftLog:OPENED:c49, conf=0: peers:[s0|rpc:localhost:39245|admin:localhost:40607|client:localhost:39019|dataStream:localhost:36499|priority:0|startupRole:FOLLOWER]|listeners:[], old=null RUNNING retry cache entry of leader should be pending: 153@client-E2425FA9F5E9:pending
2023-09-01 02:13:24,699 [s0@group-450C7BFC1EDB-StateMachineUpdater] INFO  impl.SimpleStateMachine4Testing (SimpleStateMachine4Testing.java:put(205)) - s0: put 51, m25 -> (t:1, i:51), STATEMACHINELOGENTRY, 154@client-E2425FA9F5E9
2023-09-01 02:13:24,700 [s0@group-450C7BFC1EDB-StateMachineUpdater] WARN  server.RaftServer$Division (RaftServerImpl.java:replyPendingRequest(1769)) -    LEADER s0@group-450C7BFC1EDB:t1, leader=s0, voted=s0, raftlog=Memoized:s0@group-450C7BFC1EDB-SegmentedRaftLog:OPENED:c51, conf=0: peers:[s0|rpc:localhost:39245|admin:localhost:40607|client:localhost:39019|dataStream:localhost:36499|priority:0|startupRole:FOLLOWER]|listeners:[], old=null RUNNING retry cache entry of leader should be pending: 154@client-E2425FA9F5E9:pending
2023-09-01 02:13:24,702 [s0@group-450C7BFC1EDB-StateMachineUpdater] INFO  impl.SimpleStateMachine4Testing (SimpleStateMachine4Testing.java:put(205)) - s0: put 53, m26 -> (t:1, i:53), STATEMACHINELOGENTRY, 155@client-E2425FA9F5E9
2023-09-01 02:13:24,702 [s0@group-450C7BFC1EDB-StateMachineUpdater] WARN  server.RaftServer$Division (RaftServerImpl.java:replyPendingRequest(1769)) -    LEADER s0@group-450C7BFC1EDB:t1, leader=s0, voted=s0, raftlog=Memoized:s0@group-450C7BFC1EDB-SegmentedRaftLog:OPENED:c53, conf=0: peers:[s0|rpc:localhost:39245|admin:localhost:40607|client:localhost:39019|dataStream:localhost:36499|priority:0|startupRole:FOLLOWER]|listeners:[], old=null RUNNING retry cache entry of leader should be pending: 155@client-E2425FA9F5E9:pending
2023-09-01 02:13:24,704 [s0@group-450C7BFC1EDB-StateMachineUpdater] INFO  impl.SimpleStateMachine4Testing (SimpleStateMachine4Testing.java:put(205)) - s0: put 55, m27 -> (t:1, i:55), STATEMACHINELOGENTRY, 156@client-E2425FA9F5E9
2023-09-01 02:13:24,704 [s0@group-450C7BFC1EDB-StateMachineUpdater] WARN  server.RaftServer$Division (RaftServerImpl.java:replyPendingRequest(1769)) -    LEADER s0@group-450C7BFC1EDB:t1, leader=s0, voted=s0, raftlog=Memoized:s0@group-450C7BFC1EDB-SegmentedRaftLog:OPENED:c55, conf=0: peers:[s0|rpc:localhost:39245|admin:localhost:40607|client:localhost:39019|dataStream:localhost:36499|priority:0|startupRole:FOLLOWER]|listeners:[], old=null RUNNING retry cache entry of leader should be pending: 156@client-E2425FA9F5E9:pending
2023-09-01 02:13:24,706 [s0@group-450C7BFC1EDB-StateMachineUpdater] INFO  impl.SimpleStateMachine4Testing (SimpleStateMachine4Testing.java:put(205)) - s0: put 57, m28 -> (t:1, i:57), STATEMACHINELOGENTRY, 157@client-E2425FA9F5E9
2023-09-01 02:13:24,707 [s0@group-450C7BFC1EDB-StateMachineUpdater] WARN  server.RaftServer$Division (RaftServerImpl.java:replyPendingRequest(1769)) -    LEADER s0@group-450C7BFC1EDB:t1, leader=s0, voted=s0, raftlog=Memoized:s0@group-450C7BFC1EDB-SegmentedRaftLog:OPENED:c57, conf=0: peers:[s0|rpc:localhost:39245|admin:localhost:40607|client:localhost:39019|dataStream:localhost:36499|priority:0|startupRole:FOLLOWER]|listeners:[], old=null RUNNING retry cache entry of leader should be pending: 157@client-E2425FA9F5E9:pending
2023-09-01 02:13:24,709 [s0@group-450C7BFC1EDB-StateMachineUpdater] INFO  impl.SimpleStateMachine4Testing (SimpleStateMachine4Testing.java:put(205)) - s0: put 59, m29 -> (t:1, i:59), STATEMACHINELOGENTRY, 158@client-E2425FA9F5E9
2023-09-01 02:13:24,709 [s0@group-450C7BFC1EDB-StateMachineUpdater] WARN  server.RaftServer$Division (RaftServerImpl.java:replyPendingRequest(1769)) -    LEADER s0@group-450C7BFC1EDB:t1, leader=s0, voted=s0, raftlog=Memoized:s0@group-450C7BFC1EDB-SegmentedRaftLog:OPENED:c59, conf=0: peers:[s0|rpc:localhost:39245|admin:localhost:40607|client:localhost:39019|dataStream:localhost:36499|priority:0|startupRole:FOLLOWER]|listeners:[], old=null RUNNING retry cache entry of leader should be pending: 158@client-E2425FA9F5E9:pending
2023-09-01 02:13:24,711 [s0@group-450C7BFC1EDB-StateMachineUpdater] INFO  impl.SimpleStateMachine4Testing (SimpleStateMachine4Testing.java:put(205)) - s0: put 61, m30 -> (t:1, i:61), STATEMACHINELOGENTRY, 159@client-E2425FA9F5E9
2023-09-01 02:13:24,711 [s0@group-450C7BFC1EDB-StateMachineUpdater] WARN  server.RaftServer$Division (RaftServerImpl.java:replyPendingRequest(1769)) -    LEADER s0@group-450C7BFC1EDB:t1, leader=s0, voted=s0, raftlog=Memoized:s0@group-450C7BFC1EDB-SegmentedRaftLog:OPENED:c61, conf=0: peers:[s0|rpc:localhost:39245|admin:localhost:40607|client:localhost:39019|dataStream:localhost:36499|priority:0|startupRole:FOLLOWER]|listeners:[], old=null RUNNING retry cache entry of leader should be pending: 159@client-E2425FA9F5E9:pending
2023-09-01 02:13:24,713 [s0@group-450C7BFC1EDB-StateMachineUpdater] INFO  impl.SimpleStateMachine4Testing (SimpleStateMachine4Testing.java:put(205)) - s0: put 63, m31 -> (t:1, i:63), STATEMACHINELOGENTRY, 160@client-E2425FA9F5E9
2023-09-01 02:13:24,713 [s0@group-450C7BFC1EDB-StateMachineUpdater] WARN  server.RaftServer$Division (RaftServerImpl.java:replyPendingRequest(1769)) -    LEADER s0@group-450C7BFC1EDB:t1, leader=s0, voted=s0, raftlog=Memoized:s0@group-450C7BFC1EDB-SegmentedRaftLog:OPENED:c63, conf=0: peers:[s0|rpc:localhost:39245|admin:localhost:40607|client:localhost:39019|dataStream:localhost:36499|priority:0|startupRole:FOLLOWER]|listeners:[], old=null RUNNING retry cache entry of leader should be pending: 160@client-E2425FA9F5E9:pending
2023-09-01 02:13:24,714 [s0@group-450C7BFC1EDB-StateMachineUpdater] TRACE util.FileUtils (FileUtils.java:deleteFully(201)) - deleteFully /tmp/ratis-tests/statemachine/s0/snapshot/1_63
2023-09-01 02:13:24,714 [s0@group-450C7BFC1EDB-StateMachineUpdater] TRACE util.FileUtils (FileUtils.java:deleteFully(217)) - deleteFully: /tmp/ratis-tests/statemachine/s0/snapshot/1_63 does not exist.
2023-09-01 02:13:24,714 [s0@group-450C7BFC1EDB-StateMachineUpdater] TRACE util.FileUtils (FileUtils.java:deleteFully(201)) - deleteFully /tmp/ratis-tests/statemachine/s0/tmp/b1740a14-d28e-4696-88c8-48c9c89ab92c
2023-09-01 02:13:24,714 [s0@group-450C7BFC1EDB-StateMachineUpdater] TRACE util.FileUtils (FileUtils.java:deleteFully(217)) - deleteFully: /tmp/ratis-tests/statemachine/s0/tmp/b1740a14-d28e-4696-88c8-48c9c89ab92c does not exist.
2023-09-01 02:13:24,714 [s0@group-450C7BFC1EDB-StateMachineUpdater] TRACE util.FileUtils (LogUtils.java:runAndLog(49)) - Successfully ran Atomic Files.move /tmp/ratis-tests/statemachine/s0/tmp/b1740a14-d28e-4696-88c8-48c9c89ab92c to /tmp/ratis-tests/statemachine/s0/snapshot/1_63
2023-09-01 02:13:24,714 [s0@group-450C7BFC1EDB-StateMachineUpdater] INFO  impl.StateMachineUpdater (StateMachineUpdater.java:takeSnapshot(295)) - s0@group-450C7BFC1EDB-StateMachineUpdater: Took a snapshot at index 63
2023-09-01 02:13:24,714 [s0@group-450C7BFC1EDB-StateMachineUpdater] INFO  impl.StateMachineUpdater (StateMachineUpdater.java:lambda$new$0(98)) - s0@group-450C7BFC1EDB-StateMachineUpdater: snapshotIndex: updateIncreasingly -1 -> 63
2023-09-01 02:13:24,714 [s0@group-450C7BFC1EDB-StateMachineUpdater] INFO  raftlog.RaftLog (RaftLogBase.java:purge(315)) - s0@group-450C7BFC1EDB-SegmentedRaftLog: purge 63
2023-09-01 02:13:24,715 [s0@group-450C7BFC1EDB-StateMachineUpdater] INFO  raftlog.RaftLog (RaftLogBase.java:lambda$new$0(54)) - s0@group-450C7BFC1EDB-SegmentedRaftLog: snapshotIndex: updateIncreasingly -1 -> 63
2023-09-01 02:13:24,715 [s0@group-450C7BFC1EDB-StateMachineUpdater] INFO  raftlog.RaftLog (RaftLogBase.java:lambda$new$0(54)) - s0@group-450C7BFC1EDB-SegmentedRaftLog: purgeIndex: updateToMax old=-1, new=63, updated? true
2023-09-01 02:13:24,716 [s0@group-450C7BFC1EDB-StateMachineUpdater] INFO  impl.SimpleStateMachine4Testing (SimpleStateMachine4Testing.java:put(205)) - s0: put 65, m32 -> (t:1, i:65), STATEMACHINELOGENTRY, 161@client-E2425FA9F5E9
2023-09-01 02:13:24,717 [s0@group-450C7BFC1EDB-StateMachineUpdater] WARN  server.RaftServer$Division (RaftServerImpl.java:replyPendingRequest(1769)) -    LEADER s0@group-450C7BFC1EDB:t1, leader=s0, voted=s0, raftlog=Memoized:s0@group-450C7BFC1EDB-SegmentedRaftLog:OPENED:c65, conf=0: peers:[s0|rpc:localhost:39245|admin:localhost:40607|client:localhost:39019|dataStream:localhost:36499|priority:0|startupRole:FOLLOWER]|listeners:[], old=null RUNNING retry cache entry of leader should be pending: 161@client-E2425FA9F5E9:pending
2023-09-01 02:13:24,719 [s0@group-450C7BFC1EDB-StateMachineUpdater] INFO  impl.SimpleStateMachine4Testing (SimpleStateMachine4Testing.java:put(205)) - s0: put 67, m33 -> (t:1, i:67), STATEMACHINELOGENTRY, 162@client-E2425FA9F5E9
2023-09-01 02:13:24,719 [s0@group-450C7BFC1EDB-StateMachineUpdater] WARN  server.RaftServer$Division (RaftServerImpl.java:replyPendingRequest(1769)) -    LEADER s0@group-450C7BFC1EDB:t1, leader=s0, voted=s0, raftlog=Memoized:s0@group-450C7BFC1EDB-SegmentedRaftLog:OPENED:c67, conf=0: peers:[s0|rpc:localhost:39245|admin:localhost:40607|client:localhost:39019|dataStream:localhost:36499|priority:0|startupRole:FOLLOWER]|listeners:[], old=null RUNNING retry cache entry of leader should be pending: 162@client-E2425FA9F5E9:pending
2023-09-01 02:13:24,721 [s0@group-450C7BFC1EDB-StateMachineUpdater] INFO  impl.SimpleStateMachine4Testing (SimpleStateMachine4Testing.java:put(205)) - s0: put 69, m34 -> (t:1, i:69), STATEMACHINELOGENTRY, 163@client-E2425FA9F5E9
2023-09-01 02:13:24,721 [s0@group-450C7BFC1EDB-StateMachineUpdater] WARN  server.RaftServer$Division (RaftServerImpl.java:replyPendingRequest(1769)) -    LEADER s0@group-450C7BFC1EDB:t1, leader=s0, voted=s0, raftlog=Memoized:s0@group-450C7BFC1EDB-SegmentedRaftLog:OPENED:c70, conf=0: peers:[s0|rpc:localhost:39245|admin:localhost:40607|client:localhost:39019|dataStream:localhost:36499|priority:0|startupRole:FOLLOWER]|listeners:[], old=null RUNNING retry cache entry of leader should be pending: 163@client-E2425FA9F5E9:pending
2023-09-01 02:13:24,724 [s0@group-450C7BFC1EDB-StateMachineUpdater] INFO  impl.SimpleStateMachine4Testing (SimpleStateMachine4Testing.java:put(205)) - s0: put 71, m35 -> (t:1, i:71), STATEMACHINELOGENTRY, 164@client-E2425FA9F5E9
2023-09-01 02:13:24,724 [s0@group-450C7BFC1EDB-StateMachineUpdater] WARN  server.RaftServer$Division (RaftServerImpl.java:replyPendingRequest(1769)) -    LEADER s0@group-450C7BFC1EDB:t1, leader=s0, voted=s0, raftlog=Memoized:s0@group-450C7BFC1EDB-SegmentedRaftLog:OPENED:c71, conf=0: peers:[s0|rpc:localhost:39245|admin:localhost:40607|client:localhost:39019|dataStream:localhost:36499|priority:0|startupRole:FOLLOWER]|listeners:[], old=null RUNNING retry cache entry of leader should be pending: 164@client-E2425FA9F5E9:pending
2023-09-01 02:13:24,726 [s0@group-450C7BFC1EDB-StateMachineUpdater] INFO  impl.SimpleStateMachine4Testing (SimpleStateMachine4Testing.java:put(205)) - s0: put 73, m36 -> (t:1, i:73), STATEMACHINELOGENTRY, 165@client-E2425FA9F5E9
2023-09-01 02:13:24,726 [s0@group-450C7BFC1EDB-StateMachineUpdater] WARN  server.RaftServer$Division (RaftServerImpl.java:replyPendingRequest(1769)) -    LEADER s0@group-450C7BFC1EDB:t1, leader=s0, voted=s0, raftlog=Memoized:s0@group-450C7BFC1EDB-SegmentedRaftLog:OPENED:c73, conf=0: peers:[s0|rpc:localhost:39245|admin:localhost:40607|client:localhost:39019|dataStream:localhost:36499|priority:0|startupRole:FOLLOWER]|listeners:[], old=null RUNNING retry cache entry of leader should be pending: 165@client-E2425FA9F5E9:pending
2023-09-01 02:13:24,728 [s0@group-450C7BFC1EDB-StateMachineUpdater] INFO  impl.SimpleStateMachine4Testing (SimpleStateMachine4Testing.java:put(205)) - s0: put 75, m37 -> (t:1, i:75), STATEMACHINELOGENTRY, 166@client-E2425FA9F5E9
2023-09-01 02:13:24,728 [s0@group-450C7BFC1EDB-StateMachineUpdater] WARN  server.RaftServer$Division (RaftServerImpl.java:replyPendingRequest(1769)) -    LEADER s0@group-450C7BFC1EDB:t1, leader=s0, voted=s0, raftlog=Memoized:s0@group-450C7BFC1EDB-SegmentedRaftLog:OPENED:c75, conf=0: peers:[s0|rpc:localhost:39245|admin:localhost:40607|client:localhost:39019|dataStream:localhost:36499|priority:0|startupRole:FOLLOWER]|listeners:[], old=null RUNNING retry cache entry of leader should be pending: 166@client-E2425FA9F5E9:pending
2023-09-01 02:13:24,730 [s0@group-450C7BFC1EDB-StateMachineUpdater] INFO  impl.SimpleStateMachine4Testing (SimpleStateMachine4Testing.java:put(205)) - s0: put 77, m38 -> (t:1, i:77), STATEMACHINELOGENTRY, 167@client-E2425FA9F5E9
2023-09-01 02:13:24,731 [s0@group-450C7BFC1EDB-StateMachineUpdater] WARN  server.RaftServer$Division (RaftServerImpl.java:replyPendingRequest(1769)) -    LEADER s0@group-450C7BFC1EDB:t1, leader=s0, voted=s0, raftlog=Memoized:s0@group-450C7BFC1EDB-SegmentedRaftLog:OPENED:c77, conf=0: peers:[s0|rpc:localhost:39245|admin:localhost:40607|client:localhost:39019|dataStream:localhost:36499|priority:0|startupRole:FOLLOWER]|listeners:[], old=null RUNNING retry cache entry of leader should be pending: 167@client-E2425FA9F5E9:pending
2023-09-01 02:13:24,733 [s0@group-450C7BFC1EDB-StateMachineUpdater] INFO  impl.SimpleStateMachine4Testing (SimpleStateMachine4Testing.java:put(205)) - s0: put 79, m39 -> (t:1, i:79), STATEMACHINELOGENTRY, 168@client-E2425FA9F5E9
2023-09-01 02:13:24,733 [s0@group-450C7BFC1EDB-StateMachineUpdater] WARN  server.RaftServer$Division (RaftServerImpl.java:replyPendingRequest(1769)) -    LEADER s0@group-450C7BFC1EDB:t1, leader=s0, voted=s0, raftlog=Memoized:s0@group-450C7BFC1EDB-SegmentedRaftLog:OPENED:c79, conf=0: peers:[s0|rpc:localhost:39245|admin:localhost:40607|client:localhost:39019|dataStream:localhost:36499|priority:0|startupRole:FOLLOWER]|listeners:[], old=null RUNNING retry cache entry of leader should be pending: 168@client-E2425FA9F5E9:pending
2023-09-01 02:13:24,735 [s0@group-450C7BFC1EDB-StateMachineUpdater] INFO  impl.SimpleStateMachine4Testing (SimpleStateMachine4Testing.java:put(205)) - s0: put 81, m40 -> (t:1, i:81), STATEMACHINELOGENTRY, 169@client-E2425FA9F5E9
2023-09-01 02:13:24,735 [s0@group-450C7BFC1EDB-StateMachineUpdater] WARN  server.RaftServer$Division (RaftServerImpl.java:replyPendingRequest(1769)) -    LEADER s0@group-450C7BFC1EDB:t1, leader=s0, voted=s0, raftlog=Memoized:s0@group-450C7BFC1EDB-SegmentedRaftLog:OPENED:c81, conf=0: peers:[s0|rpc:localhost:39245|admin:localhost:40607|client:localhost:39019|dataStream:localhost:36499|priority:0|startupRole:FOLLOWER]|listeners:[], old=null RUNNING retry cache entry of leader should be pending: 169@client-E2425FA9F5E9:pending
2023-09-01 02:13:24,737 [s0@group-450C7BFC1EDB-StateMachineUpdater] INFO  impl.SimpleStateMachine4Testing (SimpleStateMachine4Testing.java:put(205)) - s0: put 83, m41 -> (t:1, i:83), STATEMACHINELOGENTRY, 170@client-E2425FA9F5E9
2023-09-01 02:13:24,738 [s0@group-450C7BFC1EDB-StateMachineUpdater] WARN  server.RaftServer$Division (RaftServerImpl.java:replyPendingRequest(1769)) -    LEADER s0@group-450C7BFC1EDB:t1, leader=s0, voted=s0, raftlog=Memoized:s0@group-450C7BFC1EDB-SegmentedRaftLog:OPENED:c83, conf=0: peers:[s0|rpc:localhost:39245|admin:localhost:40607|client:localhost:39019|dataStream:localhost:36499|priority:0|startupRole:FOLLOWER]|listeners:[], old=null RUNNING retry cache entry of leader should be pending: 170@client-E2425FA9F5E9:pending
2023-09-01 02:13:24,740 [s0@group-450C7BFC1EDB-StateMachineUpdater] INFO  impl.SimpleStateMachine4Testing (SimpleStateMachine4Testing.java:put(205)) - s0: put 85, m42 -> (t:1, i:85), STATEMACHINELOGENTRY, 171@client-E2425FA9F5E9
2023-09-01 02:13:24,741 [s0@group-450C7BFC1EDB-StateMachineUpdater] WARN  server.RaftServer$Division (RaftServerImpl.java:replyPendingRequest(1769)) -    LEADER s0@group-450C7BFC1EDB:t1, leader=s0, voted=s0, raftlog=Memoized:s0@group-450C7BFC1EDB-SegmentedRaftLog:OPENED:c85, conf=0: peers:[s0|rpc:localhost:39245|admin:localhost:40607|client:localhost:39019|dataStream:localhost:36499|priority:0|startupRole:FOLLOWER]|listeners:[], old=null RUNNING retry cache entry of leader should be pending: 171@client-E2425FA9F5E9:pending
2023-09-01 02:13:24,743 [s0@group-450C7BFC1EDB-StateMachineUpdater] INFO  impl.SimpleStateMachine4Testing (SimpleStateMachine4Testing.java:put(205)) - s0: put 87, m43 -> (t:1, i:87), STATEMACHINELOGENTRY, 172@client-E2425FA9F5E9
2023-09-01 02:13:24,743 [s0@group-450C7BFC1EDB-StateMachineUpdater] WARN  server.RaftServer$Division (RaftServerImpl.java:replyPendingRequest(1769)) -    LEADER s0@group-450C7BFC1EDB:t1, leader=s0, voted=s0, raftlog=Memoized:s0@group-450C7BFC1EDB-SegmentedRaftLog:OPENED:c87, conf=0: peers:[s0|rpc:localhost:39245|admin:localhost:40607|client:localhost:39019|dataStream:localhost:36499|priority:0|startupRole:FOLLOWER]|listeners:[], old=null RUNNING retry cache entry of leader should be pending: 172@client-E2425FA9F5E9:pending
2023-09-01 02:13:24,749 [s0@group-450C7BFC1EDB-StateMachineUpdater] INFO  impl.SimpleStateMachine4Testing (SimpleStateMachine4Testing.java:put(205)) - s0: put 89, m44 -> (t:1, i:89), STATEMACHINELOGENTRY, 173@client-E2425FA9F5E9
2023-09-01 02:13:24,749 [s0@group-450C7BFC1EDB-StateMachineUpdater] WARN  server.RaftServer$Division (RaftServerImpl.java:replyPendingRequest(1769)) -    LEADER s0@group-450C7BFC1EDB:t1, leader=s0, voted=s0, raftlog=Memoized:s0@group-450C7BFC1EDB-SegmentedRaftLog:OPENED:c89, conf=0: peers:[s0|rpc:localhost:39245|admin:localhost:40607|client:localhost:39019|dataStream:localhost:36499|priority:0|startupRole:FOLLOWER]|listeners:[], old=null RUNNING retry cache entry of leader should be pending: 173@client-E2425FA9F5E9:pending
2023-09-01 02:13:24,752 [s0@group-450C7BFC1EDB-StateMachineUpdater] INFO  impl.SimpleStateMachine4Testing (SimpleStateMachine4Testing.java:put(205)) - s0: put 91, m45 -> (t:1, i:91), STATEMACHINELOGENTRY, 174@client-E2425FA9F5E9
2023-09-01 02:13:24,752 [s0@group-450C7BFC1EDB-StateMachineUpdater] WARN  server.RaftServer$Division (RaftServerImpl.java:replyPendingRequest(1769)) -    LEADER s0@group-450C7BFC1EDB:t1, leader=s0, voted=s0, raftlog=Memoized:s0@group-450C7BFC1EDB-SegmentedRaftLog:OPENED:c91, conf=0: peers:[s0|rpc:localhost:39245|admin:localhost:40607|client:localhost:39019|dataStream:localhost:36499|priority:0|startupRole:FOLLOWER]|listeners:[], old=null RUNNING retry cache entry of leader should be pending: 174@client-E2425FA9F5E9:pending
2023-09-01 02:13:24,754 [s0@group-450C7BFC1EDB-StateMachineUpdater] INFO  impl.SimpleStateMachine4Testing (SimpleStateMachine4Testing.java:put(205)) - s0: put 93, m46 -> (t:1, i:93), STATEMACHINELOGENTRY, 175@client-E2425FA9F5E9
2023-09-01 02:13:24,754 [s0@group-450C7BFC1EDB-StateMachineUpdater] WARN  server.RaftServer$Division (RaftServerImpl.java:replyPendingRequest(1769)) -    LEADER s0@group-450C7BFC1EDB:t1, leader=s0, voted=s0, raftlog=Memoized:s0@group-450C7BFC1EDB-SegmentedRaftLog:OPENED:c93, conf=0: peers:[s0|rpc:localhost:39245|admin:localhost:40607|client:localhost:39019|dataStream:localhost:36499|priority:0|startupRole:FOLLOWER]|listeners:[], old=null RUNNING retry cache entry of leader should be pending: 175@client-E2425FA9F5E9:pending
2023-09-01 02:13:24,757 [s0@group-450C7BFC1EDB-StateMachineUpdater] INFO  impl.SimpleStateMachine4Testing (SimpleStateMachine4Testing.java:put(205)) - s0: put 95, m47 -> (t:1, i:95), STATEMACHINELOGENTRY, 176@client-E2425FA9F5E9
2023-09-01 02:13:24,757 [s0@group-450C7BFC1EDB-StateMachineUpdater] WARN  server.RaftServer$Division (RaftServerImpl.java:replyPendingRequest(1769)) -    LEADER s0@group-450C7BFC1EDB:t1, leader=s0, voted=s0, raftlog=Memoized:s0@group-450C7BFC1EDB-SegmentedRaftLog:OPENED:c95, conf=0: peers:[s0|rpc:localhost:39245|admin:localhost:40607|client:localhost:39019|dataStream:localhost:36499|priority:0|startupRole:FOLLOWER]|listeners:[], old=null RUNNING retry cache entry of leader should be pending: 176@client-E2425FA9F5E9:pending
2023-09-01 02:13:24,759 [s0@group-450C7BFC1EDB-StateMachineUpdater] INFO  impl.SimpleStateMachine4Testing (SimpleStateMachine4Testing.java:put(205)) - s0: put 97, m48 -> (t:1, i:97), STATEMACHINELOGENTRY, 177@client-E2425FA9F5E9
2023-09-01 02:13:24,759 [s0@group-450C7BFC1EDB-StateMachineUpdater] WARN  server.RaftServer$Division (RaftServerImpl.java:replyPendingRequest(1769)) -    LEADER s0@group-450C7BFC1EDB:t1, leader=s0, voted=s0, raftlog=Memoized:s0@group-450C7BFC1EDB-SegmentedRaftLog:OPENED:c97, conf=0: peers:[s0|rpc:localhost:39245|admin:localhost:40607|client:localhost:39019|dataStream:localhost:36499|priority:0|startupRole:FOLLOWER]|listeners:[], old=null RUNNING retry cache entry of leader should be pending: 177@client-E2425FA9F5E9:pending
2023-09-01 02:13:24,762 [s0@group-450C7BFC1EDB-StateMachineUpdater] INFO  impl.SimpleStateMachine4Testing (SimpleStateMachine4Testing.java:put(205)) - s0: put 99, m49 -> (t:1, i:99), STATEMACHINELOGENTRY, 178@client-E2425FA9F5E9
2023-09-01 02:13:24,762 [s0@group-450C7BFC1EDB-StateMachineUpdater] WARN  server.RaftServer$Division (RaftServerImpl.java:replyPendingRequest(1769)) -    LEADER s0@group-450C7BFC1EDB:t1, leader=s0, voted=s0, raftlog=Memoized:s0@group-450C7BFC1EDB-SegmentedRaftLog:OPENED:c99, conf=0: peers:[s0|rpc:localhost:39245|admin:localhost:40607|client:localhost:39019|dataStream:localhost:36499|priority:0|startupRole:FOLLOWER]|listeners:[], old=null RUNNING retry cache entry of leader should be pending: 178@client-E2425FA9F5E9:pending
2023-09-01 02:13:24,764 [s0@group-450C7BFC1EDB-StateMachineUpdater] INFO  impl.SimpleStateMachine4Testing (SimpleStateMachine4Testing.java:put(205)) - s0: put 101, m50 -> (t:1, i:101), STATEMACHINELOGENTRY, 179@client-E2425FA9F5E9
2023-09-01 02:13:24,764 [s0@group-450C7BFC1EDB-StateMachineUpdater] WARN  server.RaftServer$Division (RaftServerImpl.java:replyPendingRequest(1769)) -    LEADER s0@group-450C7BFC1EDB:t1, leader=s0, voted=s0, raftlog=Memoized:s0@group-450C7BFC1EDB-SegmentedRaftLog:OPENED:c101, conf=0: peers:[s0|rpc:localhost:39245|admin:localhost:40607|client:localhost:39019|dataStream:localhost:36499|priority:0|startupRole:FOLLOWER]|listeners:[], old=null RUNNING retry cache entry of leader should be pending: 179@client-E2425FA9F5E9:pending
2023-09-01 02:13:24,767 [s0@group-450C7BFC1EDB-StateMachineUpdater] INFO  impl.SimpleStateMachine4Testing (SimpleStateMachine4Testing.java:put(205)) - s0: put 103, m51 -> (t:1, i:103), STATEMACHINELOGENTRY, 180@client-E2425FA9F5E9
2023-09-01 02:13:24,767 [s0@group-450C7BFC1EDB-StateMachineUpdater] WARN  server.RaftServer$Division (RaftServerImpl.java:replyPendingRequest(1769)) -    LEADER s0@group-450C7BFC1EDB:t1, leader=s0, voted=s0, raftlog=Memoized:s0@group-450C7BFC1EDB-SegmentedRaftLog:OPENED:c103, conf=0: peers:[s0|rpc:localhost:39245|admin:localhost:40607|client:localhost:39019|dataStream:localhost:36499|priority:0|startupRole:FOLLOWER]|listeners:[], old=null RUNNING retry cache entry of leader should be pending: 180@client-E2425FA9F5E9:pending
2023-09-01 02:13:24,769 [s0@group-450C7BFC1EDB-StateMachineUpdater] INFO  impl.SimpleStateMachine4Testing (SimpleStateMachine4Testing.java:put(205)) - s0: put 105, m52 -> (t:1, i:105), STATEMACHINELOGENTRY, 181@client-E2425FA9F5E9
2023-09-01 02:13:24,769 [s0@group-450C7BFC1EDB-StateMachineUpdater] WARN  server.RaftServer$Division (RaftServerImpl.java:replyPendingRequest(1769)) -    LEADER s0@group-450C7BFC1EDB:t1, leader=s0, voted=s0, raftlog=Memoized:s0@group-450C7BFC1EDB-SegmentedRaftLog:OPENED:c105, conf=0: peers:[s0|rpc:localhost:39245|admin:localhost:40607|client:localhost:39019|dataStream:localhost:36499|priority:0|startupRole:FOLLOWER]|listeners:[], old=null RUNNING retry cache entry of leader should be pending: 181@client-E2425FA9F5E9:pending
2023-09-01 02:13:24,771 [s0@group-450C7BFC1EDB-StateMachineUpdater] INFO  impl.SimpleStateMachine4Testing (SimpleStateMachine4Testing.java:put(205)) - s0: put 107, m53 -> (t:1, i:107), STATEMACHINELOGENTRY, 182@client-E2425FA9F5E9
2023-09-01 02:13:24,772 [s0@group-450C7BFC1EDB-StateMachineUpdater] WARN  server.RaftServer$Division (RaftServerImpl.java:replyPendingRequest(1769)) -    LEADER s0@group-450C7BFC1EDB:t1, leader=s0, voted=s0, raftlog=Memoized:s0@group-450C7BFC1EDB-SegmentedRaftLog:OPENED:c107, conf=0: peers:[s0|rpc:localhost:39245|admin:localhost:40607|client:localhost:39019|dataStream:localhost:36499|priority:0|startupRole:FOLLOWER]|listeners:[], old=null RUNNING retry cache entry of leader should be pending: 182@client-E2425FA9F5E9:pending
2023-09-01 02:13:24,774 [s0@group-450C7BFC1EDB-StateMachineUpdater] INFO  impl.SimpleStateMachine4Testing (SimpleStateMachine4Testing.java:put(205)) - s0: put 109, m54 -> (t:1, i:109), STATEMACHINELOGENTRY, 183@client-E2425FA9F5E9
2023-09-01 02:13:24,774 [s0@group-450C7BFC1EDB-StateMachineUpdater] WARN  server.RaftServer$Division (RaftServerImpl.java:replyPendingRequest(1769)) -    LEADER s0@group-450C7BFC1EDB:t1, leader=s0, voted=s0, raftlog=Memoized:s0@group-450C7BFC1EDB-SegmentedRaftLog:OPENED:c109, conf=0: peers:[s0|rpc:localhost:39245|admin:localhost:40607|client:localhost:39019|dataStream:localhost:36499|priority:0|startupRole:FOLLOWER]|listeners:[], old=null RUNNING retry cache entry of leader should be pending: 183@client-E2425FA9F5E9:pending
2023-09-01 02:13:24,776 [s0@group-450C7BFC1EDB-StateMachineUpdater] INFO  impl.SimpleStateMachine4Testing (SimpleStateMachine4Testing.java:put(205)) - s0: put 111, m55 -> (t:1, i:111), STATEMACHINELOGENTRY, 184@client-E2425FA9F5E9
2023-09-01 02:13:24,777 [s0@group-450C7BFC1EDB-StateMachineUpdater] WARN  server.RaftServer$Division (RaftServerImpl.java:replyPendingRequest(1769)) -    LEADER s0@group-450C7BFC1EDB:t1, leader=s0, voted=s0, raftlog=Memoized:s0@group-450C7BFC1EDB-SegmentedRaftLog:OPENED:c111, conf=0: peers:[s0|rpc:localhost:39245|admin:localhost:40607|client:localhost:39019|dataStream:localhost:36499|priority:0|startupRole:FOLLOWER]|listeners:[], old=null RUNNING retry cache entry of leader should be pending: 184@client-E2425FA9F5E9:pending
2023-09-01 02:13:24,779 [s0@group-450C7BFC1EDB-StateMachineUpdater] INFO  impl.SimpleStateMachine4Testing (SimpleStateMachine4Testing.java:put(205)) - s0: put 113, m56 -> (t:1, i:113), STATEMACHINELOGENTRY, 185@client-E2425FA9F5E9
2023-09-01 02:13:24,779 [s0@group-450C7BFC1EDB-StateMachineUpdater] WARN  server.RaftServer$Division (RaftServerImpl.java:replyPendingRequest(1769)) -    LEADER s0@group-450C7BFC1EDB:t1, leader=s0, voted=s0, raftlog=Memoized:s0@group-450C7BFC1EDB-SegmentedRaftLog:OPENED:c113, conf=0: peers:[s0|rpc:localhost:39245|admin:localhost:40607|client:localhost:39019|dataStream:localhost:36499|priority:0|startupRole:FOLLOWER]|listeners:[], old=null RUNNING retry cache entry of leader should be pending: 185@client-E2425FA9F5E9:pending
2023-09-01 02:13:24,781 [s0@group-450C7BFC1EDB-StateMachineUpdater] INFO  impl.SimpleStateMachine4Testing (SimpleStateMachine4Testing.java:put(205)) - s0: put 115, m57 -> (t:1, i:115), STATEMACHINELOGENTRY, 186@client-E2425FA9F5E9
2023-09-01 02:13:24,781 [s0@group-450C7BFC1EDB-StateMachineUpdater] WARN  server.RaftServer$Division (RaftServerImpl.java:replyPendingRequest(1769)) -    LEADER s0@group-450C7BFC1EDB:t1, leader=s0, voted=s0, raftlog=Memoized:s0@group-450C7BFC1EDB-SegmentedRaftLog:OPENED:c115, conf=0: peers:[s0|rpc:localhost:39245|admin:localhost:40607|client:localhost:39019|dataStream:localhost:36499|priority:0|startupRole:FOLLOWER]|listeners:[], old=null RUNNING retry cache entry of leader should be pending: 186@client-E2425FA9F5E9:pending
2023-09-01 02:13:24,784 [s0@group-450C7BFC1EDB-StateMachineUpdater] INFO  impl.SimpleStateMachine4Testing (SimpleStateMachine4Testing.java:put(205)) - s0: put 117, m58 -> (t:1, i:117), STATEMACHINELOGENTRY, 187@client-E2425FA9F5E9
2023-09-01 02:13:24,784 [s0@group-450C7BFC1EDB-StateMachineUpdater] WARN  server.RaftServer$Division (RaftServerImpl.java:replyPendingRequest(1769)) -    LEADER s0@group-450C7BFC1EDB:t1, leader=s0, voted=s0, raftlog=Memoized:s0@group-450C7BFC1EDB-SegmentedRaftLog:OPENED:c117, conf=0: peers:[s0|rpc:localhost:39245|admin:localhost:40607|client:localhost:39019|dataStream:localhost:36499|priority:0|startupRole:FOLLOWER]|listeners:[], old=null RUNNING retry cache entry of leader should be pending: 187@client-E2425FA9F5E9:pending
2023-09-01 02:13:24,786 [s0@group-450C7BFC1EDB-StateMachineUpdater] INFO  impl.SimpleStateMachine4Testing (SimpleStateMachine4Testing.java:put(205)) - s0: put 119, m59 -> (t:1, i:119), STATEMACHINELOGENTRY, 188@client-E2425FA9F5E9
2023-09-01 02:13:24,787 [s0@group-450C7BFC1EDB-StateMachineUpdater] WARN  server.RaftServer$Division (RaftServerImpl.java:replyPendingRequest(1769)) -    LEADER s0@group-450C7BFC1EDB:t1, leader=s0, voted=s0, raftlog=Memoized:s0@group-450C7BFC1EDB-SegmentedRaftLog:OPENED:c119, conf=0: peers:[s0|rpc:localhost:39245|admin:localhost:40607|client:localhost:39019|dataStream:localhost:36499|priority:0|startupRole:FOLLOWER]|listeners:[], old=null RUNNING retry cache entry of leader should be pending: 188@client-E2425FA9F5E9:pending
2023-09-01 02:13:24,789 [s0@group-450C7BFC1EDB-StateMachineUpdater] INFO  impl.SimpleStateMachine4Testing (SimpleStateMachine4Testing.java:put(205)) - s0: put 121, m60 -> (t:1, i:121), STATEMACHINELOGENTRY, 189@client-E2425FA9F5E9
2023-09-01 02:13:24,789 [s0@group-450C7BFC1EDB-StateMachineUpdater] WARN  server.RaftServer$Division (RaftServerImpl.java:replyPendingRequest(1769)) -    LEADER s0@group-450C7BFC1EDB:t1, leader=s0, voted=s0, raftlog=Memoized:s0@group-450C7BFC1EDB-SegmentedRaftLog:OPENED:c121, conf=0: peers:[s0|rpc:localhost:39245|admin:localhost:40607|client:localhost:39019|dataStream:localhost:36499|priority:0|startupRole:FOLLOWER]|listeners:[], old=null RUNNING retry cache entry of leader should be pending: 189@client-E2425FA9F5E9:pending
2023-09-01 02:13:24,791 [s0@group-450C7BFC1EDB-StateMachineUpdater] INFO  impl.SimpleStateMachine4Testing (SimpleStateMachine4Testing.java:put(205)) - s0: put 123, m61 -> (t:1, i:123), STATEMACHINELOGENTRY, 190@client-E2425FA9F5E9
2023-09-01 02:13:24,792 [s0@group-450C7BFC1EDB-StateMachineUpdater] WARN  server.RaftServer$Division (RaftServerImpl.java:replyPendingRequest(1769)) -    LEADER s0@group-450C7BFC1EDB:t1, leader=s0, voted=s0, raftlog=Memoized:s0@group-450C7BFC1EDB-SegmentedRaftLog:OPENED:c123, conf=0: peers:[s0|rpc:localhost:39245|admin:localhost:40607|client:localhost:39019|dataStream:localhost:36499|priority:0|startupRole:FOLLOWER]|listeners:[], old=null RUNNING retry cache entry of leader should be pending: 190@client-E2425FA9F5E9:pending
2023-09-01 02:13:24,794 [s0@group-450C7BFC1EDB-StateMachineUpdater] INFO  impl.SimpleStateMachine4Testing (SimpleStateMachine4Testing.java:put(205)) - s0: put 125, m62 -> (t:1, i:125), STATEMACHINELOGENTRY, 191@client-E2425FA9F5E9
2023-09-01 02:13:24,794 [s0@group-450C7BFC1EDB-StateMachineUpdater] WARN  server.RaftServer$Division (RaftServerImpl.java:replyPendingRequest(1769)) -    LEADER s0@group-450C7BFC1EDB:t1, leader=s0, voted=s0, raftlog=Memoized:s0@group-450C7BFC1EDB-SegmentedRaftLog:OPENED:c125, conf=0: peers:[s0|rpc:localhost:39245|admin:localhost:40607|client:localhost:39019|dataStream:localhost:36499|priority:0|startupRole:FOLLOWER]|listeners:[], old=null RUNNING retry cache entry of leader should be pending: 191@client-E2425FA9F5E9:pending
2023-09-01 02:13:24,796 [s0@group-450C7BFC1EDB-StateMachineUpdater] INFO  impl.SimpleStateMachine4Testing (SimpleStateMachine4Testing.java:put(205)) - s0: put 127, m63 -> (t:1, i:127), STATEMACHINELOGENTRY, 192@client-E2425FA9F5E9
2023-09-01 02:13:24,797 [s0@group-450C7BFC1EDB-StateMachineUpdater] WARN  server.RaftServer$Division (RaftServerImpl.java:replyPendingRequest(1769)) -    LEADER s0@group-450C7BFC1EDB:t1, leader=s0, voted=s0, raftlog=Memoized:s0@group-450C7BFC1EDB-SegmentedRaftLog:OPENED:c127, conf=0: peers:[s0|rpc:localhost:39245|admin:localhost:40607|client:localhost:39019|dataStream:localhost:36499|priority:0|startupRole:FOLLOWER]|listeners:[], old=null RUNNING retry cache entry of leader should be pending: 192@client-E2425FA9F5E9:pending
2023-09-01 02:13:24,797 [s0@group-450C7BFC1EDB-StateMachineUpdater] TRACE util.FileUtils (FileUtils.java:deleteFully(201)) - deleteFully /tmp/ratis-tests/statemachine/s0/snapshot/1_127
2023-09-01 02:13:24,797 [s0@group-450C7BFC1EDB-StateMachineUpdater] TRACE util.FileUtils (FileUtils.java:deleteFully(217)) - deleteFully: /tmp/ratis-tests/statemachine/s0/snapshot/1_127 does not exist.
2023-09-01 02:13:24,797 [s0@group-450C7BFC1EDB-StateMachineUpdater] TRACE util.FileUtils (FileUtils.java:deleteFully(201)) - deleteFully /tmp/ratis-tests/statemachine/s0/tmp/038e140c-c302-4a7a-91dd-d60342e8d2bc
2023-09-01 02:13:24,797 [s0@group-450C7BFC1EDB-StateMachineUpdater] TRACE util.FileUtils (FileUtils.java:deleteFully(217)) - deleteFully: /tmp/ratis-tests/statemachine/s0/tmp/038e140c-c302-4a7a-91dd-d60342e8d2bc does not exist.
2023-09-01 02:13:24,797 [s0@group-450C7BFC1EDB-StateMachineUpdater] TRACE util.FileUtils (LogUtils.java:runAndLog(49)) - Successfully ran Atomic Files.move /tmp/ratis-tests/statemachine/s0/tmp/038e140c-c302-4a7a-91dd-d60342e8d2bc to /tmp/ratis-tests/statemachine/s0/snapshot/1_127
2023-09-01 02:13:24,797 [s0@group-450C7BFC1EDB-StateMachineUpdater] INFO  impl.StateMachineUpdater (StateMachineUpdater.java:takeSnapshot(295)) - s0@group-450C7BFC1EDB-StateMachineUpdater: Took a snapshot at index 127
2023-09-01 02:13:24,797 [s0@group-450C7BFC1EDB-StateMachineUpdater] INFO  impl.StateMachineUpdater (StateMachineUpdater.java:lambda$new$0(98)) - s0@group-450C7BFC1EDB-StateMachineUpdater: snapshotIndex: updateIncreasingly 63 -> 127
2023-09-01 02:13:24,797 [s0@group-450C7BFC1EDB-StateMachineUpdater] INFO  raftlog.RaftLog (RaftLogBase.java:purge(315)) - s0@group-450C7BFC1EDB-SegmentedRaftLog: purge 127
2023-09-01 02:13:24,797 [s0@group-450C7BFC1EDB-StateMachineUpdater] INFO  raftlog.RaftLog (RaftLogBase.java:lambda$new$0(54)) - s0@group-450C7BFC1EDB-SegmentedRaftLog: snapshotIndex: updateIncreasingly 63 -> 127
2023-09-01 02:13:24,797 [s0@group-450C7BFC1EDB-StateMachineUpdater] INFO  raftlog.RaftLog (RaftLogBase.java:lambda$new$0(54)) - s0@group-450C7BFC1EDB-SegmentedRaftLog: purgeIndex: updateToMax old=63, new=127, updated? true
2023-09-01 02:13:24,800 [s0@group-450C7BFC1EDB-StateMachineUpdater] INFO  impl.SimpleStateMachine4Testing (SimpleStateMachine4Testing.java:put(205)) - s0: put 129, m64 -> (t:1, i:129), STATEMACHINELOGENTRY, 193@client-E2425FA9F5E9
2023-09-01 02:13:24,801 [s0@group-450C7BFC1EDB-StateMachineUpdater] WARN  server.RaftServer$Division (RaftServerImpl.java:replyPendingRequest(1769)) -    LEADER s0@group-450C7BFC1EDB:t1, leader=s0, voted=s0, raftlog=Memoized:s0@group-450C7BFC1EDB-SegmentedRaftLog:OPENED:c129, conf=0: peers:[s0|rpc:localhost:39245|admin:localhost:40607|client:localhost:39019|dataStream:localhost:36499|priority:0|startupRole:FOLLOWER]|listeners:[], old=null RUNNING retry cache entry of leader should be pending: 193@client-E2425FA9F5E9:pending
2023-09-01 02:13:24,803 [s0@group-450C7BFC1EDB-StateMachineUpdater] INFO  impl.SimpleStateMachine4Testing (SimpleStateMachine4Testing.java:put(205)) - s0: put 131, m65 -> (t:1, i:131), STATEMACHINELOGENTRY, 194@client-E2425FA9F5E9
2023-09-01 02:13:24,803 [s0@group-450C7BFC1EDB-StateMachineUpdater] WARN  server.RaftServer$Division (RaftServerImpl.java:replyPendingRequest(1769)) -    LEADER s0@group-450C7BFC1EDB:t1, leader=s0, voted=s0, raftlog=Memoized:s0@group-450C7BFC1EDB-SegmentedRaftLog:OPENED:c131, conf=0: peers:[s0|rpc:localhost:39245|admin:localhost:40607|client:localhost:39019|dataStream:localhost:36499|priority:0|startupRole:FOLLOWER]|listeners:[], old=null RUNNING retry cache entry of leader should be pending: 194@client-E2425FA9F5E9:pending
2023-09-01 02:13:24,805 [s0@group-450C7BFC1EDB-StateMachineUpdater] INFO  impl.SimpleStateMachine4Testing (SimpleStateMachine4Testing.java:put(205)) - s0: put 133, m66 -> (t:1, i:133), STATEMACHINELOGENTRY, 195@client-E2425FA9F5E9
2023-09-01 02:13:24,806 [s0@group-450C7BFC1EDB-StateMachineUpdater] WARN  server.RaftServer$Division (RaftServerImpl.java:replyPendingRequest(1769)) -    LEADER s0@group-450C7BFC1EDB:t1, leader=s0, voted=s0, raftlog=Memoized:s0@group-450C7BFC1EDB-SegmentedRaftLog:OPENED:c133, conf=0: peers:[s0|rpc:localhost:39245|admin:localhost:40607|client:localhost:39019|dataStream:localhost:36499|priority:0|startupRole:FOLLOWER]|listeners:[], old=null RUNNING retry cache entry of leader should be pending: 195@client-E2425FA9F5E9:pending
2023-09-01 02:13:24,808 [s0@group-450C7BFC1EDB-StateMachineUpdater] INFO  impl.SimpleStateMachine4Testing (SimpleStateMachine4Testing.java:put(205)) - s0: put 135, m67 -> (t:1, i:135), STATEMACHINELOGENTRY, 196@client-E2425FA9F5E9
2023-09-01 02:13:24,808 [s0@group-450C7BFC1EDB-StateMachineUpdater] WARN  server.RaftServer$Division (RaftServerImpl.java:replyPendingRequest(1769)) -    LEADER s0@group-450C7BFC1EDB:t1, leader=s0, voted=s0, raftlog=Memoized:s0@group-450C7BFC1EDB-SegmentedRaftLog:OPENED:c135, conf=0: peers:[s0|rpc:localhost:39245|admin:localhost:40607|client:localhost:39019|dataStream:localhost:36499|priority:0|startupRole:FOLLOWER]|listeners:[], old=null RUNNING retry cache entry of leader should be pending: 196@client-E2425FA9F5E9:pending
2023-09-01 02:13:24,811 [s0@group-450C7BFC1EDB-StateMachineUpdater] INFO  impl.SimpleStateMachine4Testing (SimpleStateMachine4Testing.java:put(205)) - s0: put 137, m68 -> (t:1, i:137), STATEMACHINELOGENTRY, 197@client-E2425FA9F5E9
2023-09-01 02:13:24,811 [s0@group-450C7BFC1EDB-StateMachineUpdater] WARN  server.RaftServer$Division (RaftServerImpl.java:replyPendingRequest(1769)) -    LEADER s0@group-450C7BFC1EDB:t1, leader=s0, voted=s0, raftlog=Memoized:s0@group-450C7BFC1EDB-SegmentedRaftLog:OPENED:c137, conf=0: peers:[s0|rpc:localhost:39245|admin:localhost:40607|client:localhost:39019|dataStream:localhost:36499|priority:0|startupRole:FOLLOWER]|listeners:[], old=null RUNNING retry cache entry of leader should be pending: 197@client-E2425FA9F5E9:pending
2023-09-01 02:13:24,813 [s0@group-450C7BFC1EDB-StateMachineUpdater] INFO  impl.SimpleStateMachine4Testing (SimpleStateMachine4Testing.java:put(205)) - s0: put 139, m69 -> (t:1, i:139), STATEMACHINELOGENTRY, 198@client-E2425FA9F5E9
2023-09-01 02:13:24,813 [s0@group-450C7BFC1EDB-StateMachineUpdater] WARN  server.RaftServer$Division (RaftServerImpl.java:replyPendingRequest(1769)) -    LEADER s0@group-450C7BFC1EDB:t1, leader=s0, voted=s0, raftlog=Memoized:s0@group-450C7BFC1EDB-SegmentedRaftLog:OPENED:c139, conf=0: peers:[s0|rpc:localhost:39245|admin:localhost:40607|client:localhost:39019|dataStream:localhost:36499|priority:0|startupRole:FOLLOWER]|listeners:[], old=null RUNNING retry cache entry of leader should be pending: 198@client-E2425FA9F5E9:pending
2023-09-01 02:13:24,815 [s0@group-450C7BFC1EDB-StateMachineUpdater] INFO  impl.SimpleStateMachine4Testing (SimpleStateMachine4Testing.java:put(205)) - s0: put 141, m70 -> (t:1, i:141), STATEMACHINELOGENTRY, 199@client-E2425FA9F5E9
2023-09-01 02:13:24,816 [s0@group-450C7BFC1EDB-StateMachineUpdater] WARN  server.RaftServer$Division (RaftServerImpl.java:replyPendingRequest(1769)) -    LEADER s0@group-450C7BFC1EDB:t1, leader=s0, voted=s0, raftlog=Memoized:s0@group-450C7BFC1EDB-SegmentedRaftLog:OPENED:c141, conf=0: peers:[s0|rpc:localhost:39245|admin:localhost:40607|client:localhost:39019|dataStream:localhost:36499|priority:0|startupRole:FOLLOWER]|listeners:[], old=null RUNNING retry cache entry of leader should be pending: 199@client-E2425FA9F5E9:pending
2023-09-01 02:13:24,818 [s0@group-450C7BFC1EDB-StateMachineUpdater] INFO  impl.SimpleStateMachine4Testing (SimpleStateMachine4Testing.java:put(205)) - s0: put 143, m71 -> (t:1, i:143), STATEMACHINELOGENTRY, 200@client-E2425FA9F5E9
2023-09-01 02:13:24,818 [s0@group-450C7BFC1EDB-StateMachineUpdater] WARN  server.RaftServer$Division (RaftServerImpl.java:replyPendingRequest(1769)) -    LEADER s0@group-450C7BFC1EDB:t1, leader=s0, voted=s0, raftlog=Memoized:s0@group-450C7BFC1EDB-SegmentedRaftLog:OPENED:c143, conf=0: peers:[s0|rpc:localhost:39245|admin:localhost:40607|client:localhost:39019|dataStream:localhost:36499|priority:0|startupRole:FOLLOWER]|listeners:[], old=null RUNNING retry cache entry of leader should be pending: 200@client-E2425FA9F5E9:pending
2023-09-01 02:13:24,820 [s0@group-450C7BFC1EDB-StateMachineUpdater] INFO  impl.SimpleStateMachine4Testing (SimpleStateMachine4Testing.java:put(205)) - s0: put 145, m72 -> (t:1, i:145), STATEMACHINELOGENTRY, 201@client-E2425FA9F5E9
2023-09-01 02:13:24,820 [s0@group-450C7BFC1EDB-StateMachineUpdater] WARN  server.RaftServer$Division (RaftServerImpl.java:replyPendingRequest(1769)) -    LEADER s0@group-450C7BFC1EDB:t1, leader=s0, voted=s0, raftlog=Memoized:s0@group-450C7BFC1EDB-SegmentedRaftLog:OPENED:c145, conf=0: peers:[s0|rpc:localhost:39245|admin:localhost:40607|client:localhost:39019|dataStream:localhost:36499|priority:0|startupRole:FOLLOWER]|listeners:[], old=null RUNNING retry cache entry of leader should be pending: 201@client-E2425FA9F5E9:pending
2023-09-01 02:13:24,823 [s0@group-450C7BFC1EDB-StateMachineUpdater] INFO  impl.SimpleStateMachine4Testing (SimpleStateMachine4Testing.java:put(205)) - s0: put 147, m73 -> (t:1, i:147), STATEMACHINELOGENTRY, 202@client-E2425FA9F5E9
2023-09-01 02:13:24,823 [s0@group-450C7BFC1EDB-StateMachineUpdater] WARN  server.RaftServer$Division (RaftServerImpl.java:replyPendingRequest(1769)) -    LEADER s0@group-450C7BFC1EDB:t1, leader=s0, voted=s0, raftlog=Memoized:s0@group-450C7BFC1EDB-SegmentedRaftLog:OPENED:c147, conf=0: peers:[s0|rpc:localhost:39245|admin:localhost:40607|client:localhost:39019|dataStream:localhost:36499|priority:0|startupRole:FOLLOWER]|listeners:[], old=null RUNNING retry cache entry of leader should be pending: 202@client-E2425FA9F5E9:pending
2023-09-01 02:13:24,825 [s0@group-450C7BFC1EDB-StateMachineUpdater] INFO  impl.SimpleStateMachine4Testing (SimpleStateMachine4Testing.java:put(205)) - s0: put 149, m74 -> (t:1, i:149), STATEMACHINELOGENTRY, 203@client-E2425FA9F5E9
2023-09-01 02:13:24,826 [s0@group-450C7BFC1EDB-StateMachineUpdater] WARN  server.RaftServer$Division (RaftServerImpl.java:replyPendingRequest(1769)) -    LEADER s0@group-450C7BFC1EDB:t1, leader=s0, voted=s0, raftlog=Memoized:s0@group-450C7BFC1EDB-SegmentedRaftLog:OPENED:c149, conf=0: peers:[s0|rpc:localhost:39245|admin:localhost:40607|client:localhost:39019|dataStream:localhost:36499|priority:0|startupRole:FOLLOWER]|listeners:[], old=null RUNNING retry cache entry of leader should be pending: 203@client-E2425FA9F5E9:pending
2023-09-01 02:13:24,828 [s0@group-450C7BFC1EDB-StateMachineUpdater] INFO  impl.SimpleStateMachine4Testing (SimpleStateMachine4Testing.java:put(205)) - s0: put 151, m75 -> (t:1, i:151), STATEMACHINELOGENTRY, 204@client-E2425FA9F5E9
2023-09-01 02:13:24,828 [s0@group-450C7BFC1EDB-StateMachineUpdater] WARN  server.RaftServer$Division (RaftServerImpl.java:replyPendingRequest(1769)) -    LEADER s0@group-450C7BFC1EDB:t1, leader=s0, voted=s0, raftlog=Memoized:s0@group-450C7BFC1EDB-SegmentedRaftLog:OPENED:c151, conf=0: peers:[s0|rpc:localhost:39245|admin:localhost:40607|client:localhost:39019|dataStream:localhost:36499|priority:0|startupRole:FOLLOWER]|listeners:[], old=null RUNNING retry cache entry of leader should be pending: 204@client-E2425FA9F5E9:pending
2023-09-01 02:13:24,831 [s0@group-450C7BFC1EDB-StateMachineUpdater] INFO  impl.SimpleStateMachine4Testing (SimpleStateMachine4Testing.java:put(205)) - s0: put 153, m76 -> (t:1, i:153), STATEMACHINELOGENTRY, 205@client-E2425FA9F5E9
2023-09-01 02:13:24,831 [s0@group-450C7BFC1EDB-StateMachineUpdater] WARN  server.RaftServer$Division (RaftServerImpl.java:replyPendingRequest(1769)) -    LEADER s0@group-450C7BFC1EDB:t1, leader=s0, voted=s0, raftlog=Memoized:s0@group-450C7BFC1EDB-SegmentedRaftLog:OPENED:c153, conf=0: peers:[s0|rpc:localhost:39245|admin:localhost:40607|client:localhost:39019|dataStream:localhost:36499|priority:0|startupRole:FOLLOWER]|listeners:[], old=null RUNNING retry cache entry of leader should be pending: 205@client-E2425FA9F5E9:pending
2023-09-01 02:13:24,834 [s0@group-450C7BFC1EDB-StateMachineUpdater] INFO  impl.SimpleStateMachine4Testing (SimpleStateMachine4Testing.java:put(205)) - s0: put 155, m77 -> (t:1, i:155), STATEMACHINELOGENTRY, 206@client-E2425FA9F5E9
2023-09-01 02:13:24,834 [s0@group-450C7BFC1EDB-StateMachineUpdater] WARN  server.RaftServer$Division (RaftServerImpl.java:replyPendingRequest(1769)) -    LEADER s0@group-450C7BFC1EDB:t1, leader=s0, voted=s0, raftlog=Memoized:s0@group-450C7BFC1EDB-SegmentedRaftLog:OPENED:c155, conf=0: peers:[s0|rpc:localhost:39245|admin:localhost:40607|client:localhost:39019|dataStream:localhost:36499|priority:0|startupRole:FOLLOWER]|listeners:[], old=null RUNNING retry cache entry of leader should be pending: 206@client-E2425FA9F5E9:pending
2023-09-01 02:13:24,836 [s0@group-450C7BFC1EDB-StateMachineUpdater] INFO  impl.SimpleStateMachine4Testing (SimpleStateMachine4Testing.java:put(205)) - s0: put 157, m78 -> (t:1, i:157), STATEMACHINELOGENTRY, 207@client-E2425FA9F5E9
2023-09-01 02:13:24,836 [s0@group-450C7BFC1EDB-StateMachineUpdater] WARN  server.RaftServer$Division (RaftServerImpl.java:replyPendingRequest(1769)) -    LEADER s0@group-450C7BFC1EDB:t1, leader=s0, voted=s0, raftlog=Memoized:s0@group-450C7BFC1EDB-SegmentedRaftLog:OPENED:c157, conf=0: peers:[s0|rpc:localhost:39245|admin:localhost:40607|client:localhost:39019|dataStream:localhost:36499|priority:0|startupRole:FOLLOWER]|listeners:[], old=null RUNNING retry cache entry of leader should be pending: 207@client-E2425FA9F5E9:pending
2023-09-01 02:13:24,839 [s0@group-450C7BFC1EDB-StateMachineUpdater] INFO  impl.SimpleStateMachine4Testing (SimpleStateMachine4Testing.java:put(205)) - s0: put 159, m79 -> (t:1, i:159), STATEMACHINELOGENTRY, 208@client-E2425FA9F5E9
2023-09-01 02:13:24,839 [s0@group-450C7BFC1EDB-StateMachineUpdater] WARN  server.RaftServer$Division (RaftServerImpl.java:replyPendingRequest(1769)) -    LEADER s0@group-450C7BFC1EDB:t1, leader=s0, voted=s0, raftlog=Memoized:s0@group-450C7BFC1EDB-SegmentedRaftLog:OPENED:c159, conf=0: peers:[s0|rpc:localhost:39245|admin:localhost:40607|client:localhost:39019|dataStream:localhost:36499|priority:0|startupRole:FOLLOWER]|listeners:[], old=null RUNNING retry cache entry of leader should be pending: 208@client-E2425FA9F5E9:pending
2023-09-01 02:13:24,842 [s0@group-450C7BFC1EDB-StateMachineUpdater] INFO  impl.SimpleStateMachine4Testing (SimpleStateMachine4Testing.java:put(205)) - s0: put 161, m80 -> (t:1, i:161), STATEMACHINELOGENTRY, 209@client-E2425FA9F5E9
2023-09-01 02:13:24,842 [s0@group-450C7BFC1EDB-StateMachineUpdater] WARN  server.RaftServer$Division (RaftServerImpl.java:replyPendingRequest(1769)) -    LEADER s0@group-450C7BFC1EDB:t1, leader=s0, voted=s0, raftlog=Memoized:s0@group-450C7BFC1EDB-SegmentedRaftLog:OPENED:c161, conf=0: peers:[s0|rpc:localhost:39245|admin:localhost:40607|client:localhost:39019|dataStream:localhost:36499|priority:0|startupRole:FOLLOWER]|listeners:[], old=null RUNNING retry cache entry of leader should be pending: 209@client-E2425FA9F5E9:pending
2023-09-01 02:13:24,844 [s0@group-450C7BFC1EDB-StateMachineUpdater] INFO  impl.SimpleStateMachine4Testing (SimpleStateMachine4Testing.java:put(205)) - s0: put 163, m81 -> (t:1, i:163), STATEMACHINELOGENTRY, 210@client-E2425FA9F5E9
2023-09-01 02:13:24,844 [s0@group-450C7BFC1EDB-StateMachineUpdater] WARN  server.RaftServer$Division (RaftServerImpl.java:replyPendingRequest(1769)) -    LEADER s0@group-450C7BFC1EDB:t1, leader=s0, voted=s0, raftlog=Memoized:s0@group-450C7BFC1EDB-SegmentedRaftLog:OPENED:c163, conf=0: peers:[s0|rpc:localhost:39245|admin:localhost:40607|client:localhost:39019|dataStream:localhost:36499|priority:0|startupRole:FOLLOWER]|listeners:[], old=null RUNNING retry cache entry of leader should be pending: 210@client-E2425FA9F5E9:pending
2023-09-01 02:13:24,847 [s0@group-450C7BFC1EDB-StateMachineUpdater] INFO  impl.SimpleStateMachine4Testing (SimpleStateMachine4Testing.java:put(205)) - s0: put 165, m82 -> (t:1, i:165), STATEMACHINELOGENTRY, 211@client-E2425FA9F5E9
2023-09-01 02:13:24,847 [s0@group-450C7BFC1EDB-StateMachineUpdater] WARN  server.RaftServer$Division (RaftServerImpl.java:replyPendingRequest(1769)) -    LEADER s0@group-450C7BFC1EDB:t1, leader=s0, voted=s0, raftlog=Memoized:s0@group-450C7BFC1EDB-SegmentedRaftLog:OPENED:c165, conf=0: peers:[s0|rpc:localhost:39245|admin:localhost:40607|client:localhost:39019|dataStream:localhost:36499|priority:0|startupRole:FOLLOWER]|listeners:[], old=null RUNNING retry cache entry of leader should be pending: 211@client-E2425FA9F5E9:pending
2023-09-01 02:13:24,849 [s0@group-450C7BFC1EDB-StateMachineUpdater] INFO  impl.SimpleStateMachine4Testing (SimpleStateMachine4Testing.java:put(205)) - s0: put 167, m83 -> (t:1, i:167), STATEMACHINELOGENTRY, 212@client-E2425FA9F5E9
2023-09-01 02:13:24,849 [s0@group-450C7BFC1EDB-StateMachineUpdater] WARN  server.RaftServer$Division (RaftServerImpl.java:replyPendingRequest(1769)) -    LEADER s0@group-450C7BFC1EDB:t1, leader=s0, voted=s0, raftlog=Memoized:s0@group-450C7BFC1EDB-SegmentedRaftLog:OPENED:c167, conf=0: peers:[s0|rpc:localhost:39245|admin:localhost:40607|client:localhost:39019|dataStream:localhost:36499|priority:0|startupRole:FOLLOWER]|listeners:[], old=null RUNNING retry cache entry of leader should be pending: 212@client-E2425FA9F5E9:pending
2023-09-01 02:13:24,852 [s0@group-450C7BFC1EDB-StateMachineUpdater] INFO  impl.SimpleStateMachine4Testing (SimpleStateMachine4Testing.java:put(205)) - s0: put 169, m84 -> (t:1, i:169), STATEMACHINELOGENTRY, 213@client-E2425FA9F5E9
2023-09-01 02:13:24,852 [s0@group-450C7BFC1EDB-StateMachineUpdater] WARN  server.RaftServer$Division (RaftServerImpl.java:replyPendingRequest(1769)) -    LEADER s0@group-450C7BFC1EDB:t1, leader=s0, voted=s0, raftlog=Memoized:s0@group-450C7BFC1EDB-SegmentedRaftLog:OPENED:c169, conf=0: peers:[s0|rpc:localhost:39245|admin:localhost:40607|client:localhost:39019|dataStream:localhost:36499|priority:0|startupRole:FOLLOWER]|listeners:[], old=null RUNNING retry cache entry of leader should be pending: 213@client-E2425FA9F5E9:pending
2023-09-01 02:13:24,854 [s0@group-450C7BFC1EDB-StateMachineUpdater] INFO  impl.SimpleStateMachine4Testing (SimpleStateMachine4Testing.java:put(205)) - s0: put 171, m85 -> (t:1, i:171), STATEMACHINELOGENTRY, 214@client-E2425FA9F5E9
2023-09-01 02:13:24,854 [s0@group-450C7BFC1EDB-StateMachineUpdater] WARN  server.RaftServer$Division (RaftServerImpl.java:replyPendingRequest(1769)) -    LEADER s0@group-450C7BFC1EDB:t1, leader=s0, voted=s0, raftlog=Memoized:s0@group-450C7BFC1EDB-SegmentedRaftLog:OPENED:c171, conf=0: peers:[s0|rpc:localhost:39245|admin:localhost:40607|client:localhost:39019|dataStream:localhost:36499|priority:0|startupRole:FOLLOWER]|listeners:[], old=null RUNNING retry cache entry of leader should be pending: 214@client-E2425FA9F5E9:pending
2023-09-01 02:13:24,857 [s0@group-450C7BFC1EDB-StateMachineUpdater] INFO  impl.SimpleStateMachine4Testing (SimpleStateMachine4Testing.java:put(205)) - s0: put 173, m86 -> (t:1, i:173), STATEMACHINELOGENTRY, 215@client-E2425FA9F5E9
2023-09-01 02:13:24,857 [s0@group-450C7BFC1EDB-StateMachineUpdater] WARN  server.RaftServer$Division (RaftServerImpl.java:replyPendingRequest(1769)) -    LEADER s0@group-450C7BFC1EDB:t1, leader=s0, voted=s0, raftlog=Memoized:s0@group-450C7BFC1EDB-SegmentedRaftLog:OPENED:c173, conf=0: peers:[s0|rpc:localhost:39245|admin:localhost:40607|client:localhost:39019|dataStream:localhost:36499|priority:0|startupRole:FOLLOWER]|listeners:[], old=null RUNNING retry cache entry of leader should be pending: 215@client-E2425FA9F5E9:pending
2023-09-01 02:13:24,859 [s0@group-450C7BFC1EDB-StateMachineUpdater] INFO  impl.SimpleStateMachine4Testing (SimpleStateMachine4Testing.java:put(205)) - s0: put 175, m87 -> (t:1, i:175), STATEMACHINELOGENTRY, 216@client-E2425FA9F5E9
2023-09-01 02:13:24,859 [s0@group-450C7BFC1EDB-StateMachineUpdater] WARN  server.RaftServer$Division (RaftServerImpl.java:replyPendingRequest(1769)) -    LEADER s0@group-450C7BFC1EDB:t1, leader=s0, voted=s0, raftlog=Memoized:s0@group-450C7BFC1EDB-SegmentedRaftLog:OPENED:c175, conf=0: peers:[s0|rpc:localhost:39245|admin:localhost:40607|client:localhost:39019|dataStream:localhost:36499|priority:0|startupRole:FOLLOWER]|listeners:[], old=null RUNNING retry cache entry of leader should be pending: 216@client-E2425FA9F5E9:pending
2023-09-01 02:13:24,862 [s0@group-450C7BFC1EDB-StateMachineUpdater] INFO  impl.SimpleStateMachine4Testing (SimpleStateMachine4Testing.java:put(205)) - s0: put 177, m88 -> (t:1, i:177), STATEMACHINELOGENTRY, 217@client-E2425FA9F5E9
2023-09-01 02:13:24,862 [s0@group-450C7BFC1EDB-StateMachineUpdater] WARN  server.RaftServer$Division (RaftServerImpl.java:replyPendingRequest(1769)) -    LEADER s0@group-450C7BFC1EDB:t1, leader=s0, voted=s0, raftlog=Memoized:s0@group-450C7BFC1EDB-SegmentedRaftLog:OPENED:c177, conf=0: peers:[s0|rpc:localhost:39245|admin:localhost:40607|client:localhost:39019|dataStream:localhost:36499|priority:0|startupRole:FOLLOWER]|listeners:[], old=null RUNNING retry cache entry of leader should be pending: 217@client-E2425FA9F5E9:pending
2023-09-01 02:13:24,864 [s0@group-450C7BFC1EDB-StateMachineUpdater] INFO  impl.SimpleStateMachine4Testing (SimpleStateMachine4Testing.java:put(205)) - s0: put 179, m89 -> (t:1, i:179), STATEMACHINELOGENTRY, 218@client-E2425FA9F5E9
2023-09-01 02:13:24,864 [s0@group-450C7BFC1EDB-StateMachineUpdater] WARN  server.RaftServer$Division (RaftServerImpl.java:replyPendingRequest(1769)) -    LEADER s0@group-450C7BFC1EDB:t1, leader=s0, voted=s0, raftlog=Memoized:s0@group-450C7BFC1EDB-SegmentedRaftLog:OPENED:c179, conf=0: peers:[s0|rpc:localhost:39245|admin:localhost:40607|client:localhost:39019|dataStream:localhost:36499|priority:0|startupRole:FOLLOWER]|listeners:[], old=null RUNNING retry cache entry of leader should be pending: 218@client-E2425FA9F5E9:pending
2023-09-01 02:13:24,866 [s0@group-450C7BFC1EDB-StateMachineUpdater] INFO  impl.SimpleStateMachine4Testing (SimpleStateMachine4Testing.java:put(205)) - s0: put 181, m90 -> (t:1, i:181), STATEMACHINELOGENTRY, 219@client-E2425FA9F5E9
2023-09-01 02:13:24,866 [s0@group-450C7BFC1EDB-StateMachineUpdater] WARN  server.RaftServer$Division (RaftServerImpl.java:replyPendingRequest(1769)) -    LEADER s0@group-450C7BFC1EDB:t1, leader=s0, voted=s0, raftlog=Memoized:s0@group-450C7BFC1EDB-SegmentedRaftLog:OPENED:c181, conf=0: peers:[s0|rpc:localhost:39245|admin:localhost:40607|client:localhost:39019|dataStream:localhost:36499|priority:0|startupRole:FOLLOWER]|listeners:[], old=null RUNNING retry cache entry of leader should be pending: 219@client-E2425FA9F5E9:pending
2023-09-01 02:13:24,869 [s0@group-450C7BFC1EDB-StateMachineUpdater] INFO  impl.SimpleStateMachine4Testing (SimpleStateMachine4Testing.java:put(205)) - s0: put 183, m91 -> (t:1, i:183), STATEMACHINELOGENTRY, 220@client-E2425FA9F5E9
2023-09-01 02:13:24,869 [s0@group-450C7BFC1EDB-StateMachineUpdater] WARN  server.RaftServer$Division (RaftServerImpl.java:replyPendingRequest(1769)) -    LEADER s0@group-450C7BFC1EDB:t1, leader=s0, voted=s0, raftlog=Memoized:s0@group-450C7BFC1EDB-SegmentedRaftLog:OPENED:c183, conf=0: peers:[s0|rpc:localhost:39245|admin:localhost:40607|client:localhost:39019|dataStream:localhost:36499|priority:0|startupRole:FOLLOWER]|listeners:[], old=null RUNNING retry cache entry of leader should be pending: 220@client-E2425FA9F5E9:pending
2023-09-01 02:13:24,871 [s0@group-450C7BFC1EDB-StateMachineUpdater] INFO  impl.SimpleStateMachine4Testing (SimpleStateMachine4Testing.java:put(205)) - s0: put 185, m92 -> (t:1, i:185), STATEMACHINELOGENTRY, 221@client-E2425FA9F5E9
2023-09-01 02:13:24,871 [s0@group-450C7BFC1EDB-StateMachineUpdater] WARN  server.RaftServer$Division (RaftServerImpl.java:replyPendingRequest(1769)) -    LEADER s0@group-450C7BFC1EDB:t1, leader=s0, voted=s0, raftlog=Memoized:s0@group-450C7BFC1EDB-SegmentedRaftLog:OPENED:c185, conf=0: peers:[s0|rpc:localhost:39245|admin:localhost:40607|client:localhost:39019|dataStream:localhost:36499|priority:0|startupRole:FOLLOWER]|listeners:[], old=null RUNNING retry cache entry of leader should be pending: 221@client-E2425FA9F5E9:pending
2023-09-01 02:13:24,873 [s0@group-450C7BFC1EDB-StateMachineUpdater] INFO  impl.SimpleStateMachine4Testing (SimpleStateMachine4Testing.java:put(205)) - s0: put 187, m93 -> (t:1, i:187), STATEMACHINELOGENTRY, 222@client-E2425FA9F5E9
2023-09-01 02:13:24,873 [s0@group-450C7BFC1EDB-StateMachineUpdater] WARN  server.RaftServer$Division (RaftServerImpl.java:replyPendingRequest(1769)) -    LEADER s0@group-450C7BFC1EDB:t1, leader=s0, voted=s0, raftlog=Memoized:s0@group-450C7BFC1EDB-SegmentedRaftLog:OPENED:c187, conf=0: peers:[s0|rpc:localhost:39245|admin:localhost:40607|client:localhost:39019|dataStream:localhost:36499|priority:0|startupRole:FOLLOWER]|listeners:[], old=null RUNNING retry cache entry of leader should be pending: 222@client-E2425FA9F5E9:pending
2023-09-01 02:13:24,876 [s0@group-450C7BFC1EDB-StateMachineUpdater] INFO  impl.SimpleStateMachine4Testing (SimpleStateMachine4Testing.java:put(205)) - s0: put 189, m94 -> (t:1, i:189), STATEMACHINELOGENTRY, 223@client-E2425FA9F5E9
2023-09-01 02:13:24,876 [s0@group-450C7BFC1EDB-StateMachineUpdater] WARN  server.RaftServer$Division (RaftServerImpl.java:replyPendingRequest(1769)) -    LEADER s0@group-450C7BFC1EDB:t1, leader=s0, voted=s0, raftlog=Memoized:s0@group-450C7BFC1EDB-SegmentedRaftLog:OPENED:c189, conf=0: peers:[s0|rpc:localhost:39245|admin:localhost:40607|client:localhost:39019|dataStream:localhost:36499|priority:0|startupRole:FOLLOWER]|listeners:[], old=null RUNNING retry cache entry of leader should be pending: 223@client-E2425FA9F5E9:pending
2023-09-01 02:13:24,882 [s0@group-450C7BFC1EDB-StateMachineUpdater] INFO  impl.SimpleStateMachine4Testing (SimpleStateMachine4Testing.java:put(205)) - s0: put 191, m95 -> (t:1, i:191), STATEMACHINELOGENTRY, 224@client-E2425FA9F5E9
2023-09-01 02:13:24,882 [s0@group-450C7BFC1EDB-StateMachineUpdater] WARN  server.RaftServer$Division (RaftServerImpl.java:replyPendingRequest(1769)) -    LEADER s0@group-450C7BFC1EDB:t1, leader=s0, voted=s0, raftlog=Memoized:s0@group-450C7BFC1EDB-SegmentedRaftLog:OPENED:c191, conf=0: peers:[s0|rpc:localhost:39245|admin:localhost:40607|client:localhost:39019|dataStream:localhost:36499|priority:0|startupRole:FOLLOWER]|listeners:[], old=null RUNNING retry cache entry of leader should be pending: 224@client-E2425FA9F5E9:pending
2023-09-01 02:13:24,883 [s0@group-450C7BFC1EDB-StateMachineUpdater] TRACE util.FileUtils (FileUtils.java:deleteFully(201)) - deleteFully /tmp/ratis-tests/statemachine/s0/snapshot/1_191
2023-09-01 02:13:24,883 [s0@group-450C7BFC1EDB-StateMachineUpdater] TRACE util.FileUtils (FileUtils.java:deleteFully(217)) - deleteFully: /tmp/ratis-tests/statemachine/s0/snapshot/1_191 does not exist.
2023-09-01 02:13:24,883 [s0@group-450C7BFC1EDB-StateMachineUpdater] TRACE util.FileUtils (FileUtils.java:deleteFully(201)) - deleteFully /tmp/ratis-tests/statemachine/s0/tmp/146d01e6-37f0-4902-a68c-53e0c8dbd6fb
2023-09-01 02:13:24,883 [s0@group-450C7BFC1EDB-StateMachineUpdater] TRACE util.FileUtils (FileUtils.java:deleteFully(217)) - deleteFully: /tmp/ratis-tests/statemachine/s0/tmp/146d01e6-37f0-4902-a68c-53e0c8dbd6fb does not exist.
2023-09-01 02:13:24,883 [s0@group-450C7BFC1EDB-StateMachineUpdater] TRACE util.FileUtils (LogUtils.java:runAndLog(49)) - Successfully ran Atomic Files.move /tmp/ratis-tests/statemachine/s0/tmp/146d01e6-37f0-4902-a68c-53e0c8dbd6fb to /tmp/ratis-tests/statemachine/s0/snapshot/1_191
2023-09-01 02:13:24,883 [s0@group-450C7BFC1EDB-StateMachineUpdater] INFO  impl.StateMachineUpdater (StateMachineUpdater.java:takeSnapshot(295)) - s0@group-450C7BFC1EDB-StateMachineUpdater: Took a snapshot at index 191
2023-09-01 02:13:24,883 [s0@group-450C7BFC1EDB-StateMachineUpdater] INFO  impl.StateMachineUpdater (StateMachineUpdater.java:lambda$new$0(98)) - s0@group-450C7BFC1EDB-StateMachineUpdater: snapshotIndex: updateIncreasingly 127 -> 191
2023-09-01 02:13:24,883 [s0@group-450C7BFC1EDB-StateMachineUpdater] INFO  raftlog.RaftLog (RaftLogBase.java:purge(315)) - s0@group-450C7BFC1EDB-SegmentedRaftLog: purge 191
2023-09-01 02:13:24,883 [s0@group-450C7BFC1EDB-StateMachineUpdater] INFO  raftlog.RaftLog (RaftLogBase.java:lambda$new$0(54)) - s0@group-450C7BFC1EDB-SegmentedRaftLog: snapshotIndex: updateIncreasingly 127 -> 191
2023-09-01 02:13:24,883 [s0@group-450C7BFC1EDB-StateMachineUpdater] INFO  raftlog.RaftLog (RaftLogBase.java:lambda$new$0(54)) - s0@group-450C7BFC1EDB-SegmentedRaftLog: purgeIndex: updateToMax old=127, new=191, updated? true
2023-09-01 02:13:24,886 [s0@group-450C7BFC1EDB-StateMachineUpdater] INFO  impl.SimpleStateMachine4Testing (SimpleStateMachine4Testing.java:put(205)) - s0: put 193, m96 -> (t:1, i:193), STATEMACHINELOGENTRY, 225@client-E2425FA9F5E9
2023-09-01 02:13:24,886 [s0@group-450C7BFC1EDB-StateMachineUpdater] WARN  server.RaftServer$Division (RaftServerImpl.java:replyPendingRequest(1769)) -    LEADER s0@group-450C7BFC1EDB:t1, leader=s0, voted=s0, raftlog=Memoized:s0@group-450C7BFC1EDB-SegmentedRaftLog:OPENED:c193, conf=0: peers:[s0|rpc:localhost:39245|admin:localhost:40607|client:localhost:39019|dataStream:localhost:36499|priority:0|startupRole:FOLLOWER]|listeners:[], old=null RUNNING retry cache entry of leader should be pending: 225@client-E2425FA9F5E9:pending
2023-09-01 02:13:24,889 [s0@group-450C7BFC1EDB-StateMachineUpdater] INFO  impl.SimpleStateMachine4Testing (SimpleStateMachine4Testing.java:put(205)) - s0: put 195, m97 -> (t:1, i:195), STATEMACHINELOGENTRY, 226@client-E2425FA9F5E9
2023-09-01 02:13:24,889 [s0@group-450C7BFC1EDB-StateMachineUpdater] WARN  server.RaftServer$Division (RaftServerImpl.java:replyPendingRequest(1769)) -    LEADER s0@group-450C7BFC1EDB:t1, leader=s0, voted=s0, raftlog=Memoized:s0@group-450C7BFC1EDB-SegmentedRaftLog:OPENED:c195, conf=0: peers:[s0|rpc:localhost:39245|admin:localhost:40607|client:localhost:39019|dataStream:localhost:36499|priority:0|startupRole:FOLLOWER]|listeners:[], old=null RUNNING retry cache entry of leader should be pending: 226@client-E2425FA9F5E9:pending
2023-09-01 02:13:24,891 [s0@group-450C7BFC1EDB-StateMachineUpdater] INFO  impl.SimpleStateMachine4Testing (SimpleStateMachine4Testing.java:put(205)) - s0: put 197, m98 -> (t:1, i:197), STATEMACHINELOGENTRY, 227@client-E2425FA9F5E9
2023-09-01 02:13:24,891 [s0@group-450C7BFC1EDB-StateMachineUpdater] WARN  server.RaftServer$Division (RaftServerImpl.java:replyPendingRequest(1769)) -    LEADER s0@group-450C7BFC1EDB:t1, leader=s0, voted=s0, raftlog=Memoized:s0@group-450C7BFC1EDB-SegmentedRaftLog:OPENED:c197, conf=0: peers:[s0|rpc:localhost:39245|admin:localhost:40607|client:localhost:39019|dataStream:localhost:36499|priority:0|startupRole:FOLLOWER]|listeners:[], old=null RUNNING retry cache entry of leader should be pending: 227@client-E2425FA9F5E9:pending
2023-09-01 02:13:24,894 [s0@group-450C7BFC1EDB-StateMachineUpdater] INFO  impl.SimpleStateMachine4Testing (SimpleStateMachine4Testing.java:put(205)) - s0: put 199, m99 -> (t:1, i:199), STATEMACHINELOGENTRY, 228@client-E2425FA9F5E9
2023-09-01 02:13:24,894 [s0@group-450C7BFC1EDB-StateMachineUpdater] WARN  server.RaftServer$Division (RaftServerImpl.java:replyPendingRequest(1769)) -    LEADER s0@group-450C7BFC1EDB:t1, leader=s0, voted=s0, raftlog=Memoized:s0@group-450C7BFC1EDB-SegmentedRaftLog:OPENED:c199, conf=0: peers:[s0|rpc:localhost:39245|admin:localhost:40607|client:localhost:39019|dataStream:localhost:36499|priority:0|startupRole:FOLLOWER]|listeners:[], old=null RUNNING retry cache entry of leader should be pending: 228@client-E2425FA9F5E9:pending
2023-09-01 02:13:24,896 [s0@group-450C7BFC1EDB-StateMachineUpdater] INFO  impl.SimpleStateMachine4Testing (SimpleStateMachine4Testing.java:put(205)) - s0: put 201, m100 -> (t:1, i:201), STATEMACHINELOGENTRY, 229@client-E2425FA9F5E9
2023-09-01 02:13:24,897 [s0@group-450C7BFC1EDB-StateMachineUpdater] WARN  server.RaftServer$Division (RaftServerImpl.java:replyPendingRequest(1769)) -    LEADER s0@group-450C7BFC1EDB:t1, leader=s0, voted=s0, raftlog=Memoized:s0@group-450C7BFC1EDB-SegmentedRaftLog:OPENED:c201, conf=0: peers:[s0|rpc:localhost:39245|admin:localhost:40607|client:localhost:39019|dataStream:localhost:36499|priority:0|startupRole:FOLLOWER]|listeners:[], old=null RUNNING retry cache entry of leader should be pending: 229@client-E2425FA9F5E9:pending
2023-09-01 02:13:24,899 [s0@group-450C7BFC1EDB-StateMachineUpdater] INFO  impl.SimpleStateMachine4Testing (SimpleStateMachine4Testing.java:put(205)) - s0: put 203, m101 -> (t:1, i:203), STATEMACHINELOGENTRY, 230@client-E2425FA9F5E9
2023-09-01 02:13:24,899 [s0@group-450C7BFC1EDB-StateMachineUpdater] WARN  server.RaftServer$Division (RaftServerImpl.java:replyPendingRequest(1769)) -    LEADER s0@group-450C7BFC1EDB:t1, leader=s0, voted=s0, raftlog=Memoized:s0@group-450C7BFC1EDB-SegmentedRaftLog:OPENED:c203, conf=0: peers:[s0|rpc:localhost:39245|admin:localhost:40607|client:localhost:39019|dataStream:localhost:36499|priority:0|startupRole:FOLLOWER]|listeners:[], old=null RUNNING retry cache entry of leader should be pending: 230@client-E2425FA9F5E9:pending
2023-09-01 02:13:24,902 [s0@group-450C7BFC1EDB-StateMachineUpdater] INFO  impl.SimpleStateMachine4Testing (SimpleStateMachine4Testing.java:put(205)) - s0: put 205, m102 -> (t:1, i:205), STATEMACHINELOGENTRY, 231@client-E2425FA9F5E9
2023-09-01 02:13:24,902 [s0@group-450C7BFC1EDB-StateMachineUpdater] WARN  server.RaftServer$Division (RaftServerImpl.java:replyPendingRequest(1769)) -    LEADER s0@group-450C7BFC1EDB:t1, leader=s0, voted=s0, raftlog=Memoized:s0@group-450C7BFC1EDB-SegmentedRaftLog:OPENED:c205, conf=0: peers:[s0|rpc:localhost:39245|admin:localhost:40607|client:localhost:39019|dataStream:localhost:36499|priority:0|startupRole:FOLLOWER]|listeners:[], old=null RUNNING retry cache entry of leader should be pending: 231@client-E2425FA9F5E9:pending
2023-09-01 02:13:24,904 [s0@group-450C7BFC1EDB-StateMachineUpdater] INFO  impl.SimpleStateMachine4Testing (SimpleStateMachine4Testing.java:put(205)) - s0: put 207, m103 -> (t:1, i:207), STATEMACHINELOGENTRY, 232@client-E2425FA9F5E9
2023-09-01 02:13:24,904 [s0@group-450C7BFC1EDB-StateMachineUpdater] WARN  server.RaftServer$Division (RaftServerImpl.java:replyPendingRequest(1769)) -    LEADER s0@group-450C7BFC1EDB:t1, leader=s0, voted=s0, raftlog=Memoized:s0@group-450C7BFC1EDB-SegmentedRaftLog:OPENED:c207, conf=0: peers:[s0|rpc:localhost:39245|admin:localhost:40607|client:localhost:39019|dataStream:localhost:36499|priority:0|startupRole:FOLLOWER]|listeners:[], old=null RUNNING retry cache entry of leader should be pending: 232@client-E2425FA9F5E9:pending
2023-09-01 02:13:24,907 [s0@group-450C7BFC1EDB-StateMachineUpdater] INFO  impl.SimpleStateMachine4Testing (SimpleStateMachine4Testing.java:put(205)) - s0: put 209, m104 -> (t:1, i:209), STATEMACHINELOGENTRY, 233@client-E2425FA9F5E9
2023-09-01 02:13:24,907 [s0@group-450C7BFC1EDB-StateMachineUpdater] WARN  server.RaftServer$Division (RaftServerImpl.java:replyPendingRequest(1769)) -    LEADER s0@group-450C7BFC1EDB:t1, leader=s0, voted=s0, raftlog=Memoized:s0@group-450C7BFC1EDB-SegmentedRaftLog:OPENED:c209, conf=0: peers:[s0|rpc:localhost:39245|admin:localhost:40607|client:localhost:39019|dataStream:localhost:36499|priority:0|startupRole:FOLLOWER]|listeners:[], old=null RUNNING retry cache entry of leader should be pending: 233@client-E2425FA9F5E9:pending
2023-09-01 02:13:24,910 [s0@group-450C7BFC1EDB-StateMachineUpdater] INFO  impl.SimpleStateMachine4Testing (SimpleStateMachine4Testing.java:put(205)) - s0: put 211, m105 -> (t:1, i:211), STATEMACHINELOGENTRY, 234@client-E2425FA9F5E9
2023-09-01 02:13:24,910 [s0@group-450C7BFC1EDB-StateMachineUpdater] WARN  server.RaftServer$Division (RaftServerImpl.java:replyPendingRequest(1769)) -    LEADER s0@group-450C7BFC1EDB:t1, leader=s0, voted=s0, raftlog=Memoized:s0@group-450C7BFC1EDB-SegmentedRaftLog:OPENED:c211, conf=0: peers:[s0|rpc:localhost:39245|admin:localhost:40607|client:localhost:39019|dataStream:localhost:36499|priority:0|startupRole:FOLLOWER]|listeners:[], old=null RUNNING retry cache entry of leader should be pending: 234@client-E2425FA9F5E9:pending
2023-09-01 02:13:24,912 [s0@group-450C7BFC1EDB-StateMachineUpdater] INFO  impl.SimpleStateMachine4Testing (SimpleStateMachine4Testing.java:put(205)) - s0: put 213, m106 -> (t:1, i:213), STATEMACHINELOGENTRY, 235@client-E2425FA9F5E9
2023-09-01 02:13:24,912 [s0@group-450C7BFC1EDB-StateMachineUpdater] WARN  server.RaftServer$Division (RaftServerImpl.java:replyPendingRequest(1769)) -    LEADER s0@group-450C7BFC1EDB:t1, leader=s0, voted=s0, raftlog=Memoized:s0@group-450C7BFC1EDB-SegmentedRaftLog:OPENED:c213, conf=0: peers:[s0|rpc:localhost:39245|admin:localhost:40607|client:localhost:39019|dataStream:localhost:36499|priority:0|startupRole:FOLLOWER]|listeners:[], old=null RUNNING retry cache entry of leader should be pending: 235@client-E2425FA9F5E9:pending
2023-09-01 02:13:24,915 [s0@group-450C7BFC1EDB-StateMachineUpdater] INFO  impl.SimpleStateMachine4Testing (SimpleStateMachine4Testing.java:put(205)) - s0: put 215, m107 -> (t:1, i:215), STATEMACHINELOGENTRY, 236@client-E2425FA9F5E9
2023-09-01 02:13:24,915 [s0@group-450C7BFC1EDB-StateMachineUpdater] WARN  server.RaftServer$Division (RaftServerImpl.java:replyPendingRequest(1769)) -    LEADER s0@group-450C7BFC1EDB:t1, leader=s0, voted=s0, raftlog=Memoized:s0@group-450C7BFC1EDB-SegmentedRaftLog:OPENED:c215, conf=0: peers:[s0|rpc:localhost:39245|admin:localhost:40607|client:localhost:39019|dataStream:localhost:36499|priority:0|startupRole:FOLLOWER]|listeners:[], old=null RUNNING retry cache entry of leader should be pending: 236@client-E2425FA9F5E9:pending
2023-09-01 02:13:24,917 [s0@group-450C7BFC1EDB-StateMachineUpdater] INFO  impl.SimpleStateMachine4Testing (SimpleStateMachine4Testing.java:put(205)) - s0: put 217, m108 -> (t:1, i:217), STATEMACHINELOGENTRY, 237@client-E2425FA9F5E9
2023-09-01 02:13:24,917 [s0@group-450C7BFC1EDB-StateMachineUpdater] WARN  server.RaftServer$Division (RaftServerImpl.java:replyPendingRequest(1769)) -    LEADER s0@group-450C7BFC1EDB:t1, leader=s0, voted=s0, raftlog=Memoized:s0@group-450C7BFC1EDB-SegmentedRaftLog:OPENED:c217, conf=0: peers:[s0|rpc:localhost:39245|admin:localhost:40607|client:localhost:39019|dataStream:localhost:36499|priority:0|startupRole:FOLLOWER]|listeners:[], old=null RUNNING retry cache entry of leader should be pending: 237@client-E2425FA9F5E9:pending
2023-09-01 02:13:24,920 [s0@group-450C7BFC1EDB-StateMachineUpdater] INFO  impl.SimpleStateMachine4Testing (SimpleStateMachine4Testing.java:put(205)) - s0: put 219, m109 -> (t:1, i:219), STATEMACHINELOGENTRY, 238@client-E2425FA9F5E9
2023-09-01 02:13:24,920 [s0@group-450C7BFC1EDB-StateMachineUpdater] WARN  server.RaftServer$Division (RaftServerImpl.java:replyPendingRequest(1769)) -    LEADER s0@group-450C7BFC1EDB:t1, leader=s0, voted=s0, raftlog=Memoized:s0@group-450C7BFC1EDB-SegmentedRaftLog:OPENED:c219, conf=0: peers:[s0|rpc:localhost:39245|admin:localhost:40607|client:localhost:39019|dataStream:localhost:36499|priority:0|startupRole:FOLLOWER]|listeners:[], old=null RUNNING retry cache entry of leader should be pending: 238@client-E2425FA9F5E9:pending
2023-09-01 02:13:24,922 [s0@group-450C7BFC1EDB-StateMachineUpdater] INFO  impl.SimpleStateMachine4Testing (SimpleStateMachine4Testing.java:put(205)) - s0: put 221, m110 -> (t:1, i:221), STATEMACHINELOGENTRY, 239@client-E2425FA9F5E9
2023-09-01 02:13:24,922 [s0@group-450C7BFC1EDB-StateMachineUpdater] WARN  server.RaftServer$Division (RaftServerImpl.java:replyPendingRequest(1769)) -    LEADER s0@group-450C7BFC1EDB:t1, leader=s0, voted=s0, raftlog=Memoized:s0@group-450C7BFC1EDB-SegmentedRaftLog:OPENED:c221, conf=0: peers:[s0|rpc:localhost:39245|admin:localhost:40607|client:localhost:39019|dataStream:localhost:36499|priority:0|startupRole:FOLLOWER]|listeners:[], old=null RUNNING retry cache entry of leader should be pending: 239@client-E2425FA9F5E9:pending
2023-09-01 02:13:24,925 [s0@group-450C7BFC1EDB-StateMachineUpdater] INFO  impl.SimpleStateMachine4Testing (SimpleStateMachine4Testing.java:put(205)) - s0: put 223, m111 -> (t:1, i:223), STATEMACHINELOGENTRY, 240@client-E2425FA9F5E9
2023-09-01 02:13:24,925 [s0@group-450C7BFC1EDB-StateMachineUpdater] WARN  server.RaftServer$Division (RaftServerImpl.java:replyPendingRequest(1769)) -    LEADER s0@group-450C7BFC1EDB:t1, leader=s0, voted=s0, raftlog=Memoized:s0@group-450C7BFC1EDB-SegmentedRaftLog:OPENED:c223, conf=0: peers:[s0|rpc:localhost:39245|admin:localhost:40607|client:localhost:39019|dataStream:localhost:36499|priority:0|startupRole:FOLLOWER]|listeners:[], old=null RUNNING retry cache entry of leader should be pending: 240@client-E2425FA9F5E9:pending
2023-09-01 02:13:24,927 [s0@group-450C7BFC1EDB-StateMachineUpdater] INFO  impl.SimpleStateMachine4Testing (SimpleStateMachine4Testing.java:put(205)) - s0: put 225, m112 -> (t:1, i:225), STATEMACHINELOGENTRY, 241@client-E2425FA9F5E9
2023-09-01 02:13:24,927 [s0@group-450C7BFC1EDB-StateMachineUpdater] WARN  server.RaftServer$Division (RaftServerImpl.java:replyPendingRequest(1769)) -    LEADER s0@group-450C7BFC1EDB:t1, leader=s0, voted=s0, raftlog=Memoized:s0@group-450C7BFC1EDB-SegmentedRaftLog:OPENED:c225, conf=0: peers:[s0|rpc:localhost:39245|admin:localhost:40607|client:localhost:39019|dataStream:localhost:36499|priority:0|startupRole:FOLLOWER]|listeners:[], old=null RUNNING retry cache entry of leader should be pending: 241@client-E2425FA9F5E9:pending
2023-09-01 02:13:24,929 [s0@group-450C7BFC1EDB-StateMachineUpdater] INFO  impl.SimpleStateMachine4Testing (SimpleStateMachine4Testing.java:put(205)) - s0: put 227, m113 -> (t:1, i:227), STATEMACHINELOGENTRY, 242@client-E2425FA9F5E9
2023-09-01 02:13:24,929 [s0@group-450C7BFC1EDB-StateMachineUpdater] WARN  server.RaftServer$Division (RaftServerImpl.java:replyPendingRequest(1769)) -    LEADER s0@group-450C7BFC1EDB:t1, leader=s0, voted=s0, raftlog=Memoized:s0@group-450C7BFC1EDB-SegmentedRaftLog:OPENED:c227, conf=0: peers:[s0|rpc:localhost:39245|admin:localhost:40607|client:localhost:39019|dataStream:localhost:36499|priority:0|startupRole:FOLLOWER]|listeners:[], old=null RUNNING retry cache entry of leader should be pending: 242@client-E2425FA9F5E9:pending
2023-09-01 02:13:24,932 [s0@group-450C7BFC1EDB-StateMachineUpdater] INFO  impl.SimpleStateMachine4Testing (SimpleStateMachine4Testing.java:put(205)) - s0: put 229, m114 -> (t:1, i:229), STATEMACHINELOGENTRY, 243@client-E2425FA9F5E9
2023-09-01 02:13:24,932 [s0@group-450C7BFC1EDB-StateMachineUpdater] WARN  server.RaftServer$Division (RaftServerImpl.java:replyPendingRequest(1769)) -    LEADER s0@group-450C7BFC1EDB:t1, leader=s0, voted=s0, raftlog=Memoized:s0@group-450C7BFC1EDB-SegmentedRaftLog:OPENED:c229, conf=0: peers:[s0|rpc:localhost:39245|admin:localhost:40607|client:localhost:39019|dataStream:localhost:36499|priority:0|startupRole:FOLLOWER]|listeners:[], old=null RUNNING retry cache entry of leader should be pending: 243@client-E2425FA9F5E9:pending
2023-09-01 02:13:24,934 [s0@group-450C7BFC1EDB-StateMachineUpdater] INFO  impl.SimpleStateMachine4Testing (SimpleStateMachine4Testing.java:put(205)) - s0: put 231, m115 -> (t:1, i:231), STATEMACHINELOGENTRY, 244@client-E2425FA9F5E9
2023-09-01 02:13:24,934 [s0@group-450C7BFC1EDB-StateMachineUpdater] WARN  server.RaftServer$Division (RaftServerImpl.java:replyPendingRequest(1769)) -    LEADER s0@group-450C7BFC1EDB:t1, leader=s0, voted=s0, raftlog=Memoized:s0@group-450C7BFC1EDB-SegmentedRaftLog:OPENED:c231, conf=0: peers:[s0|rpc:localhost:39245|admin:localhost:40607|client:localhost:39019|dataStream:localhost:36499|priority:0|startupRole:FOLLOWER]|listeners:[], old=null RUNNING retry cache entry of leader should be pending: 244@client-E2425FA9F5E9:pending
2023-09-01 02:13:24,937 [s0@group-450C7BFC1EDB-StateMachineUpdater] INFO  impl.SimpleStateMachine4Testing (SimpleStateMachine4Testing.java:put(205)) - s0: put 233, m116 -> (t:1, i:233), STATEMACHINELOGENTRY, 245@client-E2425FA9F5E9
2023-09-01 02:13:24,937 [s0@group-450C7BFC1EDB-StateMachineUpdater] WARN  server.RaftServer$Division (RaftServerImpl.java:replyPendingRequest(1769)) -    LEADER s0@group-450C7BFC1EDB:t1, leader=s0, voted=s0, raftlog=Memoized:s0@group-450C7BFC1EDB-SegmentedRaftLog:OPENED:c233, conf=0: peers:[s0|rpc:localhost:39245|admin:localhost:40607|client:localhost:39019|dataStream:localhost:36499|priority:0|startupRole:FOLLOWER]|listeners:[], old=null RUNNING retry cache entry of leader should be pending: 245@client-E2425FA9F5E9:pending
2023-09-01 02:13:24,939 [s0@group-450C7BFC1EDB-StateMachineUpdater] INFO  impl.SimpleStateMachine4Testing (SimpleStateMachine4Testing.java:put(205)) - s0: put 235, m117 -> (t:1, i:235), STATEMACHINELOGENTRY, 246@client-E2425FA9F5E9
2023-09-01 02:13:24,940 [s0@group-450C7BFC1EDB-StateMachineUpdater] WARN  server.RaftServer$Division (RaftServerImpl.java:replyPendingRequest(1769)) -    LEADER s0@group-450C7BFC1EDB:t1, leader=s0, voted=s0, raftlog=Memoized:s0@group-450C7BFC1EDB-SegmentedRaftLog:OPENED:c235, conf=0: peers:[s0|rpc:localhost:39245|admin:localhost:40607|client:localhost:39019|dataStream:localhost:36499|priority:0|startupRole:FOLLOWER]|listeners:[], old=null RUNNING retry cache entry of leader should be pending: 246@client-E2425FA9F5E9:pending
2023-09-01 02:13:24,942 [s0@group-450C7BFC1EDB-StateMachineUpdater] INFO  impl.SimpleStateMachine4Testing (SimpleStateMachine4Testing.java:put(205)) - s0: put 237, m118 -> (t:1, i:237), STATEMACHINELOGENTRY, 247@client-E2425FA9F5E9
2023-09-01 02:13:24,942 [s0@group-450C7BFC1EDB-StateMachineUpdater] WARN  server.RaftServer$Division (RaftServerImpl.java:replyPendingRequest(1769)) -    LEADER s0@group-450C7BFC1EDB:t1, leader=s0, voted=s0, raftlog=Memoized:s0@group-450C7BFC1EDB-SegmentedRaftLog:OPENED:c237, conf=0: peers:[s0|rpc:localhost:39245|admin:localhost:40607|client:localhost:39019|dataStream:localhost:36499|priority:0|startupRole:FOLLOWER]|listeners:[], old=null RUNNING retry cache entry of leader should be pending: 247@client-E2425FA9F5E9:pending
2023-09-01 02:13:24,945 [s0@group-450C7BFC1EDB-StateMachineUpdater] INFO  impl.SimpleStateMachine4Testing (SimpleStateMachine4Testing.java:put(205)) - s0: put 239, m119 -> (t:1, i:239), STATEMACHINELOGENTRY, 248@client-E2425FA9F5E9
2023-09-01 02:13:24,945 [s0@group-450C7BFC1EDB-StateMachineUpdater] WARN  server.RaftServer$Division (RaftServerImpl.java:replyPendingRequest(1769)) -    LEADER s0@group-450C7BFC1EDB:t1, leader=s0, voted=s0, raftlog=Memoized:s0@group-450C7BFC1EDB-SegmentedRaftLog:OPENED:c239, conf=0: peers:[s0|rpc:localhost:39245|admin:localhost:40607|client:localhost:39019|dataStream:localhost:36499|priority:0|startupRole:FOLLOWER]|listeners:[], old=null RUNNING retry cache entry of leader should be pending: 248@client-E2425FA9F5E9:pending
2023-09-01 02:13:24,947 [s0@group-450C7BFC1EDB-StateMachineUpdater] INFO  impl.SimpleStateMachine4Testing (SimpleStateMachine4Testing.java:put(205)) - s0: put 241, m120 -> (t:1, i:241), STATEMACHINELOGENTRY, 249@client-E2425FA9F5E9
2023-09-01 02:13:24,947 [s0@group-450C7BFC1EDB-StateMachineUpdater] WARN  server.RaftServer$Division (RaftServerImpl.java:replyPendingRequest(1769)) -    LEADER s0@group-450C7BFC1EDB:t1, leader=s0, voted=s0, raftlog=Memoized:s0@group-450C7BFC1EDB-SegmentedRaftLog:OPENED:c241, conf=0: peers:[s0|rpc:localhost:39245|admin:localhost:40607|client:localhost:39019|dataStream:localhost:36499|priority:0|startupRole:FOLLOWER]|listeners:[], old=null RUNNING retry cache entry of leader should be pending: 249@client-E2425FA9F5E9:pending
2023-09-01 02:13:24,950 [s0@group-450C7BFC1EDB-StateMachineUpdater] INFO  impl.SimpleStateMachine4Testing (SimpleStateMachine4Testing.java:put(205)) - s0: put 243, m121 -> (t:1, i:243), STATEMACHINELOGENTRY, 250@client-E2425FA9F5E9
2023-09-01 02:13:24,950 [s0@group-450C7BFC1EDB-StateMachineUpdater] WARN  server.RaftServer$Division (RaftServerImpl.java:replyPendingRequest(1769)) -    LEADER s0@group-450C7BFC1EDB:t1, leader=s0, voted=s0, raftlog=Memoized:s0@group-450C7BFC1EDB-SegmentedRaftLog:OPENED:c243, conf=0: peers:[s0|rpc:localhost:39245|admin:localhost:40607|client:localhost:39019|dataStream:localhost:36499|priority:0|startupRole:FOLLOWER]|listeners:[], old=null RUNNING retry cache entry of leader should be pending: 250@client-E2425FA9F5E9:pending
2023-09-01 02:13:24,952 [s0@group-450C7BFC1EDB-StateMachineUpdater] INFO  impl.SimpleStateMachine4Testing (SimpleStateMachine4Testing.java:put(205)) - s0: put 245, m122 -> (t:1, i:245), STATEMACHINELOGENTRY, 251@client-E2425FA9F5E9
2023-09-01 02:13:24,953 [s0@group-450C7BFC1EDB-StateMachineUpdater] WARN  server.RaftServer$Division (RaftServerImpl.java:replyPendingRequest(1769)) -    LEADER s0@group-450C7BFC1EDB:t1, leader=s0, voted=s0, raftlog=Memoized:s0@group-450C7BFC1EDB-SegmentedRaftLog:OPENED:c245, conf=0: peers:[s0|rpc:localhost:39245|admin:localhost:40607|client:localhost:39019|dataStream:localhost:36499|priority:0|startupRole:FOLLOWER]|listeners:[], old=null RUNNING retry cache entry of leader should be pending: 251@client-E2425FA9F5E9:pending
2023-09-01 02:13:24,955 [s0@group-450C7BFC1EDB-StateMachineUpdater] INFO  impl.SimpleStateMachine4Testing (SimpleStateMachine4Testing.java:put(205)) - s0: put 247, m123 -> (t:1, i:247), STATEMACHINELOGENTRY, 252@client-E2425FA9F5E9
2023-09-01 02:13:24,956 [s0@group-450C7BFC1EDB-StateMachineUpdater] WARN  server.RaftServer$Division (RaftServerImpl.java:replyPendingRequest(1769)) -    LEADER s0@group-450C7BFC1EDB:t1, leader=s0, voted=s0, raftlog=Memoized:s0@group-450C7BFC1EDB-SegmentedRaftLog:OPENED:c247, conf=0: peers:[s0|rpc:localhost:39245|admin:localhost:40607|client:localhost:39019|dataStream:localhost:36499|priority:0|startupRole:FOLLOWER]|listeners:[], old=null RUNNING retry cache entry of leader should be pending: 252@client-E2425FA9F5E9:pending
2023-09-01 02:13:24,958 [s0@group-450C7BFC1EDB-StateMachineUpdater] INFO  impl.SimpleStateMachine4Testing (SimpleStateMachine4Testing.java:put(205)) - s0: put 249, m124 -> (t:1, i:249), STATEMACHINELOGENTRY, 253@client-E2425FA9F5E9
2023-09-01 02:13:24,958 [s0@group-450C7BFC1EDB-StateMachineUpdater] WARN  server.RaftServer$Division (RaftServerImpl.java:replyPendingRequest(1769)) -    LEADER s0@group-450C7BFC1EDB:t1, leader=s0, voted=s0, raftlog=Memoized:s0@group-450C7BFC1EDB-SegmentedRaftLog:OPENED:c249, conf=0: peers:[s0|rpc:localhost:39245|admin:localhost:40607|client:localhost:39019|dataStream:localhost:36499|priority:0|startupRole:FOLLOWER]|listeners:[], old=null RUNNING retry cache entry of leader should be pending: 253@client-E2425FA9F5E9:pending
2023-09-01 02:13:24,960 [s0@group-450C7BFC1EDB-StateMachineUpdater] INFO  impl.SimpleStateMachine4Testing (SimpleStateMachine4Testing.java:put(205)) - s0: put 251, m125 -> (t:1, i:251), STATEMACHINELOGENTRY, 254@client-E2425FA9F5E9
2023-09-01 02:13:24,961 [s0@group-450C7BFC1EDB-StateMachineUpdater] WARN  server.RaftServer$Division (RaftServerImpl.java:replyPendingRequest(1769)) -    LEADER s0@group-450C7BFC1EDB:t1, leader=s0, voted=s0, raftlog=Memoized:s0@group-450C7BFC1EDB-SegmentedRaftLog:OPENED:c251, conf=0: peers:[s0|rpc:localhost:39245|admin:localhost:40607|client:localhost:39019|dataStream:localhost:36499|priority:0|startupRole:FOLLOWER]|listeners:[], old=null RUNNING retry cache entry of leader should be pending: 254@client-E2425FA9F5E9:pending
2023-09-01 02:13:24,963 [s0@group-450C7BFC1EDB-StateMachineUpdater] INFO  impl.SimpleStateMachine4Testing (SimpleStateMachine4Testing.java:put(205)) - s0: put 253, m126 -> (t:1, i:253), STATEMACHINELOGENTRY, 255@client-E2425FA9F5E9
2023-09-01 02:13:24,963 [s0@group-450C7BFC1EDB-StateMachineUpdater] WARN  server.RaftServer$Division (RaftServerImpl.java:replyPendingRequest(1769)) -    LEADER s0@group-450C7BFC1EDB:t1, leader=s0, voted=s0, raftlog=Memoized:s0@group-450C7BFC1EDB-SegmentedRaftLog:OPENED:c253, conf=0: peers:[s0|rpc:localhost:39245|admin:localhost:40607|client:localhost:39019|dataStream:localhost:36499|priority:0|startupRole:FOLLOWER]|listeners:[], old=null RUNNING retry cache entry of leader should be pending: 255@client-E2425FA9F5E9:pending
2023-09-01 02:13:24,971 [s0-server-thread1] INFO  server.RaftServer$Division (RaftServerImpl.java:takeSnapshotAsync(1169)) - s0@group-450C7BFC1EDB: takeSnapshotAsync SnapshotManagementRequest:client-E2425FA9F5E9->s0@group-450C7BFC1EDB, cid=256, seq=0, RO, null, Create:
2023-09-01 02:13:24,971 [s0-server-thread1] INFO  server.RaftServerConfigKeys (ConfUtils.java:logGet(46)) - raft.server.snapshot.creation.gap = 1024 (default)
2023-09-01 02:13:24,979 [Time-limited test] INFO  impl.MiniRaftCluster (MiniRaftCluster.java:addNewPeers(464)) - Add new peers [s1, s2]
2023-09-01 02:13:24,980 [Time-limited test] INFO  impl.MiniRaftCluster (MiniRaftCluster.java:newRaftServer(382)) - newRaftServer: s1, group-450C7BFC1EDB:[], format? true
2023-09-01 02:13:24,980 [Time-limited test] TRACE util.FileUtils (FileUtils.java:deleteFully(201)) - deleteFully target/test/data/1f94b248/MiniRaftClusterWithGrpc1b977058/s1
2023-09-01 02:13:24,980 [Time-limited test] TRACE util.FileUtils (FileUtils.java:deleteFully(217)) - deleteFully: target/test/data/1f94b248/MiniRaftClusterWithGrpc1b977058/s1 does not exist.
2023-09-01 02:13:24,980 [Time-limited test] INFO  impl.MiniRaftCluster (MiniRaftCluster.java:newRaftServer(387)) - Formatted directory target/test/data/1f94b248/MiniRaftClusterWithGrpc1b977058/s1
2023-09-01 02:13:24,980 [Time-limited test] INFO  server.RaftServer (ConfUtils.java:logGet(46)) - raft.rpc.type = GRPC (default)
2023-09-01 02:13:24,980 [Time-limited test] INFO  grpc.GrpcConfigKeys (ConfUtils.java:logFallback(53)) - raft.grpc.admin.host = null (fallback to raft.grpc.server.host)
2023-09-01 02:13:24,980 [Time-limited test] INFO  grpc.GrpcConfigKeys (ConfUtils.java:logFallback(53)) - raft.grpc.admin.port = 40155 (fallback to raft.grpc.server.port)
2023-09-01 02:13:24,980 [Time-limited test] INFO  grpc.GrpcConfigKeys (ConfUtils.java:logFallback(53)) - raft.grpc.client.host = null (fallback to raft.grpc.server.host)
2023-09-01 02:13:24,980 [Time-limited test] INFO  grpc.GrpcConfigKeys (ConfUtils.java:logFallback(53)) - raft.grpc.client.port = 40155 (fallback to raft.grpc.server.port)
2023-09-01 02:13:24,980 [Time-limited test] INFO  grpc.GrpcConfigKeys (ConfUtils.java:logGet(46)) - raft.grpc.server.host = null (default)
2023-09-01 02:13:24,982 [Time-limited test] INFO  grpc.GrpcConfigKeys (ConfUtils.java:logGet(46)) - raft.grpc.server.port = 40155 (custom)
2023-09-01 02:13:24,982 [Time-limited test] INFO  server.GrpcService (ConfUtils.java:logGet(46)) - raft.grpc.message.size.max = 64MB (=67108864) (default)
2023-09-01 02:13:24,982 [Time-limited test] INFO  server.RaftServerConfigKeys (ConfUtils.java:logGet(46)) - raft.server.log.appender.buffer.byte-limit = 4MB (=4194304) (default)
2023-09-01 02:13:24,982 [Time-limited test] INFO  server.GrpcService (ConfUtils.java:logGet(46)) - raft.grpc.flow.control.window = 1MB (=1048576) (default)
2023-09-01 02:13:24,982 [Time-limited test] INFO  server.RaftServerConfigKeys (ConfUtils.java:logGet(46)) - raft.server.rpc.request.timeout = 3000ms (default)
2023-09-01 02:13:24,982 [Time-limited test] INFO  grpc.GrpcConfigKeys (ConfUtils.java:logGet(46)) - raft.grpc.server.heartbeat.channel = false (custom)
2023-09-01 02:13:24,982 [Time-limited test] INFO  grpc.GrpcConfigKeys (ConfUtils.java:logGet(46)) - raft.grpc.server.async.request.thread.pool.cached = true (default)
2023-09-01 02:13:24,982 [Time-limited test] INFO  grpc.GrpcConfigKeys (ConfUtils.java:logGet(46)) - raft.grpc.server.async.request.thread.pool.size = 32 (default)
2023-09-01 02:13:24,983 [Time-limited test] INFO  impl.DataStreamServerImpl (ConfUtils.java:logGet(46)) - raft.datastream.type = DISABLED (default)
2023-09-01 02:13:24,983 [Time-limited test] INFO  server.RaftServerConfigKeys (ConfUtils.java:logGet(46)) - raft.server.threadpool.proxy.cached = true (default)
2023-09-01 02:13:24,983 [Time-limited test] INFO  server.RaftServerConfigKeys (ConfUtils.java:logGet(46)) - raft.server.threadpool.proxy.size = 0 (default)
2023-09-01 02:13:24,983 [Time-limited test] INFO  server.RaftServerConfigKeys (ConfUtils.java:logGet(46)) - raft.server.sleep.deviation.threshold = 300ms (default)
2023-09-01 02:13:24,983 [Time-limited test] INFO  server.RaftServerConfigKeys (ConfUtils.java:logGet(46)) - raft.server.rpc.slowness.timeout = 60s (default)
2023-09-01 02:13:24,983 [Time-limited test] INFO  server.RaftServerConfigKeys (ConfUtils.java:logGet(46)) - raft.server.leaderelection.leader.step-down.wait-time = 10s (default)
2023-09-01 02:13:24,984 [Time-limited test] INFO  server.RaftServerConfigKeys (ConfUtils.java:logGet(46)) - raft.server.storage.dir = [/home/runner/work/ratis/ratis/ratis-test/target/test/data/1f94b248/MiniRaftClusterWithGrpc1b977058/s1] (custom)
2023-09-01 02:13:24,984 [Time-limited test] INFO  server.RaftServer (RaftServerProxy.java:addNew(99)) - s1: addNew group-450C7BFC1EDB:[] returns group-450C7BFC1EDB:java.util.concurrent.CompletableFuture@2f46eae9[Not completed]
2023-09-01 02:13:24,984 [Time-limited test] INFO  impl.MiniRaftCluster (MiniRaftCluster.java:newRaftServer(382)) - newRaftServer: s2, group-450C7BFC1EDB:[], format? true
2023-09-01 02:13:24,984 [Time-limited test] TRACE util.FileUtils (FileUtils.java:deleteFully(201)) - deleteFully target/test/data/1f94b248/MiniRaftClusterWithGrpc1b977058/s2
2023-09-01 02:13:24,984 [Time-limited test] TRACE util.FileUtils (FileUtils.java:deleteFully(217)) - deleteFully: target/test/data/1f94b248/MiniRaftClusterWithGrpc1b977058/s2 does not exist.
2023-09-01 02:13:24,984 [Time-limited test] INFO  impl.MiniRaftCluster (MiniRaftCluster.java:newRaftServer(387)) - Formatted directory target/test/data/1f94b248/MiniRaftClusterWithGrpc1b977058/s2
2023-09-01 02:13:24,985 [Time-limited test] INFO  server.RaftServer (ConfUtils.java:logGet(46)) - raft.rpc.type = GRPC (default)
2023-09-01 02:13:24,985 [Time-limited test] INFO  grpc.GrpcConfigKeys (ConfUtils.java:logFallback(53)) - raft.grpc.admin.host = null (fallback to raft.grpc.server.host)
2023-09-01 02:13:24,985 [Time-limited test] INFO  grpc.GrpcConfigKeys (ConfUtils.java:logFallback(53)) - raft.grpc.admin.port = 45705 (fallback to raft.grpc.server.port)
2023-09-01 02:13:24,985 [Time-limited test] INFO  grpc.GrpcConfigKeys (ConfUtils.java:logFallback(53)) - raft.grpc.client.host = null (fallback to raft.grpc.server.host)
2023-09-01 02:13:24,985 [Time-limited test] INFO  grpc.GrpcConfigKeys (ConfUtils.java:logFallback(53)) - raft.grpc.client.port = 45705 (fallback to raft.grpc.server.port)
2023-09-01 02:13:24,985 [Time-limited test] INFO  grpc.GrpcConfigKeys (ConfUtils.java:logGet(46)) - raft.grpc.server.host = null (default)
2023-09-01 02:13:24,985 [Time-limited test] INFO  grpc.GrpcConfigKeys (ConfUtils.java:logGet(46)) - raft.grpc.server.port = 45705 (custom)
2023-09-01 02:13:24,985 [Time-limited test] INFO  server.GrpcService (ConfUtils.java:logGet(46)) - raft.grpc.message.size.max = 64MB (=67108864) (default)
2023-09-01 02:13:24,985 [Time-limited test] INFO  server.RaftServerConfigKeys (ConfUtils.java:logGet(46)) - raft.server.log.appender.buffer.byte-limit = 4MB (=4194304) (default)
2023-09-01 02:13:24,985 [Time-limited test] INFO  server.GrpcService (ConfUtils.java:logGet(46)) - raft.grpc.flow.control.window = 1MB (=1048576) (default)
2023-09-01 02:13:24,985 [Time-limited test] INFO  server.RaftServerConfigKeys (ConfUtils.java:logGet(46)) - raft.server.rpc.request.timeout = 3000ms (default)
2023-09-01 02:13:24,985 [Time-limited test] INFO  grpc.GrpcConfigKeys (ConfUtils.java:logGet(46)) - raft.grpc.server.heartbeat.channel = false (custom)
2023-09-01 02:13:24,985 [Time-limited test] INFO  grpc.GrpcConfigKeys (ConfUtils.java:logGet(46)) - raft.grpc.server.async.request.thread.pool.cached = true (default)
2023-09-01 02:13:24,985 [Time-limited test] INFO  grpc.GrpcConfigKeys (ConfUtils.java:logGet(46)) - raft.grpc.server.async.request.thread.pool.size = 32 (default)
2023-09-01 02:13:24,986 [Time-limited test] INFO  impl.DataStreamServerImpl (ConfUtils.java:logGet(46)) - raft.datastream.type = DISABLED (default)
2023-09-01 02:13:24,986 [Time-limited test] INFO  server.RaftServerConfigKeys (ConfUtils.java:logGet(46)) - raft.server.threadpool.proxy.cached = true (default)
2023-09-01 02:13:24,986 [Time-limited test] INFO  server.RaftServerConfigKeys (ConfUtils.java:logGet(46)) - raft.server.threadpool.proxy.size = 0 (default)
2023-09-01 02:13:24,986 [Time-limited test] INFO  server.RaftServerConfigKeys (ConfUtils.java:logGet(46)) - raft.server.sleep.deviation.threshold = 300ms (default)
2023-09-01 02:13:24,986 [Time-limited test] INFO  server.RaftServerConfigKeys (ConfUtils.java:logGet(46)) - raft.server.rpc.slowness.timeout = 60s (default)
2023-09-01 02:13:24,986 [Time-limited test] INFO  server.RaftServerConfigKeys (ConfUtils.java:logGet(46)) - raft.server.leaderelection.leader.step-down.wait-time = 10s (default)
2023-09-01 02:13:24,986 [Time-limited test] INFO  server.RaftServerConfigKeys (ConfUtils.java:logGet(46)) - raft.server.storage.dir = [/home/runner/work/ratis/ratis/ratis-test/target/test/data/1f94b248/MiniRaftClusterWithGrpc1b977058/s2] (custom)
2023-09-01 02:13:24,986 [s1-groupManagement] INFO  server.RaftServerConfigKeys (ConfUtils.java:logGet(46)) - raft.server.log.segment.size.max = 8MB (=8388608) (default)
2023-09-01 02:13:24,986 [s1-groupManagement] INFO  server.RaftServerConfigKeys (ConfUtils.java:logGet(46)) - raft.server.log.preallocated.size = 4MB (=4194304) (default)
2023-09-01 02:13:24,986 [s1-groupManagement] INFO  server.RaftServerConfigKeys (ConfUtils.java:logGet(46)) - raft.server.log.write.buffer.size = 64KB (=65536) (default)
2023-09-01 02:13:24,986 [s1-groupManagement] INFO  server.RaftServer$Division (RaftServerImpl.java:<init>(250)) - s1: new RaftServerImpl for group-450C7BFC1EDB:[] with StateMachineWithSeparatedSnapshotPath:uninitialized
2023-09-01 02:13:24,986 [s1-groupManagement] INFO  server.RaftServerConfigKeys (ConfUtils.java:logGet(46)) - raft.server.rpc.timeout.min = 150ms (default)
2023-09-01 02:13:24,986 [s1-groupManagement] INFO  server.RaftServerConfigKeys (ConfUtils.java:logGet(46)) - raft.server.rpc.timeout.max = 300ms (default)
2023-09-01 02:13:24,987 [s1-groupManagement] INFO  server.RaftServerConfigKeys (ConfUtils.java:logGet(46)) - raft.server.rpc.sleep.time = 25ms (default)
2023-09-01 02:13:24,987 [s1-groupManagement] INFO  server.RaftServerConfigKeys (ConfUtils.java:logGet(46)) - raft.server.rpc.slowness.timeout = 60s (default)
2023-09-01 02:13:24,987 [s1-groupManagement] INFO  server.RaftServerConfigKeys (ConfUtils.java:logGet(46)) - raft.server.leaderelection.leader.step-down.wait-time = 10s (default)
2023-09-01 02:13:24,987 [s1-groupManagement] INFO  server.RaftServerConfigKeys (ConfUtils.java:logGet(46)) - raft.server.sleep.deviation.threshold = 300ms (default)
2023-09-01 02:13:24,987 [s1-groupManagement] INFO  server.RaftServer$Division (ServerState.java:<init>(113)) - s1@group-450C7BFC1EDB: ConfigurationManager, init=-1: peers:[]|listeners:[], old=null, confs=<EMPTY_MAP>
2023-09-01 02:13:24,987 [s1-groupManagement] INFO  server.RaftServerConfigKeys (ConfUtils.java:logGet(46)) - raft.server.notification.no-leader.timeout = 60s (default)
2023-09-01 02:13:24,987 [s1-groupManagement] INFO  server.RaftServerConfigKeys (ConfUtils.java:logGet(46)) - raft.server.read.timeout = 10s (default)
2023-09-01 02:13:24,987 [s1-groupManagement] INFO  server.RaftServerConfigKeys (ConfUtils.java:logGet(46)) - raft.server.retrycache.expirytime = 60s (default)
2023-09-01 02:13:24,987 [s1-groupManagement] INFO  server.RaftServerConfigKeys (ConfUtils.java:logGet(46)) - raft.server.retrycache.statistics.expirytime = 100μs (default)
2023-09-01 02:13:24,987 [s1-groupManagement] INFO  server.RaftServerConfigKeys (ConfUtils.java:logGet(46)) - raft.server.read.option = DEFAULT (default)
2023-09-01 02:13:24,988 [s1-groupManagement] INFO  server.RaftServerConfigKeys (ConfUtils.java:logGet(46)) - raft.server.rpc.request.timeout = 3000ms (default)
2023-09-01 02:13:24,988 [s1-groupManagement] INFO  server.RaftServerConfigKeys (ConfUtils.java:logGet(46)) - raft.server.log.appender.install.snapshot.enabled = true (default)
2023-09-01 02:13:24,988 [s1-groupManagement] INFO  server.RaftServerConfigKeys (ConfUtils.java:logGet(46)) - raft.server.threadpool.server.cached = true (default)
2023-09-01 02:13:24,988 [s1-groupManagement] INFO  server.RaftServerConfigKeys (ConfUtils.java:logGet(46)) - raft.server.threadpool.server.size = 0 (default)
2023-09-01 02:13:24,988 [s1-groupManagement] INFO  server.RaftServerConfigKeys (ConfUtils.java:logGet(46)) - raft.server.threadpool.client.cached = true (default)
2023-09-01 02:13:24,988 [s1-groupManagement] INFO  server.RaftServerConfigKeys (ConfUtils.java:logGet(46)) - raft.server.threadpool.client.size = 0 (default)
2023-09-01 02:13:24,989 [Time-limited test] INFO  server.RaftServer (RaftServerProxy.java:addNew(99)) - s2: addNew group-450C7BFC1EDB:[] returns group-450C7BFC1EDB:java.util.concurrent.CompletableFuture@1e96e4ac[Not completed]
2023-09-01 02:13:24,989 [s1-impl-thread1] INFO  server.RaftServerConfigKeys (ConfUtils.java:logGet(46)) - raft.server.storage.free-space.min = 0MB (=0) (default)
2023-09-01 02:13:24,989 [s1-impl-thread1] INFO  server.RaftServerConfigKeys (ConfUtils.java:logGet(46)) - raft.server.log.corruption.policy = EXCEPTION (default)
2023-09-01 02:13:24,989 [s1-impl-thread1] INFO  server.RaftServerConfigKeys (ConfUtils.java:logGet(46)) - raft.server.storage.dir = [/home/runner/work/ratis/ratis/ratis-test/target/test/data/1f94b248/MiniRaftClusterWithGrpc1b977058/s1] (custom)
2023-09-01 02:13:24,989 [s1-impl-thread1] INFO  storage.RaftStorageDirectory (RaftStorageDirectoryImpl.java:analyzeStorage(138)) - The storage directory /home/runner/work/ratis/ratis/ratis-test/target/test/data/1f94b248/MiniRaftClusterWithGrpc1b977058/s1/36bf4486-5d5e-4413-8d6c-450c7bfc1edb does not exist. Creating ...
2023-09-01 02:13:24,989 [s1-impl-thread1] TRACE util.FileUtils (LogUtils.java:runAndLog(49)) - Successfully ran Files.createDirectories /home/runner/work/ratis/ratis/ratis-test/target/test/data/1f94b248/MiniRaftClusterWithGrpc1b977058/s1/36bf4486-5d5e-4413-8d6c-450c7bfc1edb
2023-09-01 02:13:24,990 [s2-groupManagement] INFO  server.RaftServerConfigKeys (ConfUtils.java:logGet(46)) - raft.server.log.segment.size.max = 8MB (=8388608) (default)
2023-09-01 02:13:24,990 [s2-groupManagement] INFO  server.RaftServerConfigKeys (ConfUtils.java:logGet(46)) - raft.server.log.preallocated.size = 4MB (=4194304) (default)
2023-09-01 02:13:24,990 [s2-groupManagement] INFO  server.RaftServerConfigKeys (ConfUtils.java:logGet(46)) - raft.server.log.write.buffer.size = 64KB (=65536) (default)
2023-09-01 02:13:24,990 [s2-groupManagement] INFO  server.RaftServer$Division (RaftServerImpl.java:<init>(250)) - s2: new RaftServerImpl for group-450C7BFC1EDB:[] with StateMachineWithSeparatedSnapshotPath:uninitialized
2023-09-01 02:13:24,990 [s2-groupManagement] INFO  server.RaftServerConfigKeys (ConfUtils.java:logGet(46)) - raft.server.rpc.timeout.min = 150ms (default)
2023-09-01 02:13:24,990 [s2-groupManagement] INFO  server.RaftServerConfigKeys (ConfUtils.java:logGet(46)) - raft.server.rpc.timeout.max = 300ms (default)
2023-09-01 02:13:24,990 [s2-groupManagement] INFO  server.RaftServerConfigKeys (ConfUtils.java:logGet(46)) - raft.server.rpc.sleep.time = 25ms (default)
2023-09-01 02:13:24,990 [s1-impl-thread1] INFO  storage.RaftStorageDirectory (RaftStorageDirectoryImpl.java:tryLock(232)) - Lock on /home/runner/work/ratis/ratis/ratis-test/target/test/data/1f94b248/MiniRaftClusterWithGrpc1b977058/s1/36bf4486-5d5e-4413-8d6c-450c7bfc1edb/in_use.lock acquired by nodename 15545@fv-az41-939
2023-09-01 02:13:24,990 [s1-impl-thread1] TRACE util.FileUtils (LogUtils.java:runAndLog(49)) - Successfully ran Files.createDirectories /home/runner/work/ratis/ratis/ratis-test/target/test/data/1f94b248/MiniRaftClusterWithGrpc1b977058/s1/36bf4486-5d5e-4413-8d6c-450c7bfc1edb/current
2023-09-01 02:13:24,990 [s1-impl-thread1] TRACE util.FileUtils (LogUtils.java:runAndLog(49)) - Successfully ran Files.createDirectories /home/runner/work/ratis/ratis/ratis-test/target/test/data/1f94b248/MiniRaftClusterWithGrpc1b977058/s1/36bf4486-5d5e-4413-8d6c-450c7bfc1edb/sm
2023-09-01 02:13:24,991 [s2-groupManagement] INFO  server.RaftServerConfigKeys (ConfUtils.java:logGet(46)) - raft.server.rpc.slowness.timeout = 60s (default)
2023-09-01 02:13:24,991 [s2-groupManagement] INFO  server.RaftServerConfigKeys (ConfUtils.java:logGet(46)) - raft.server.leaderelection.leader.step-down.wait-time = 10s (default)
2023-09-01 02:13:24,991 [s2-groupManagement] INFO  server.RaftServerConfigKeys (ConfUtils.java:logGet(46)) - raft.server.sleep.deviation.threshold = 300ms (default)
2023-09-01 02:13:24,991 [s2-groupManagement] INFO  server.RaftServer$Division (ServerState.java:<init>(113)) - s2@group-450C7BFC1EDB: ConfigurationManager, init=-1: peers:[]|listeners:[], old=null, confs=<EMPTY_MAP>
2023-09-01 02:13:24,991 [s2-groupManagement] INFO  server.RaftServerConfigKeys (ConfUtils.java:logGet(46)) - raft.server.notification.no-leader.timeout = 60s (default)
2023-09-01 02:13:24,991 [s2-groupManagement] INFO  server.RaftServerConfigKeys (ConfUtils.java:logGet(46)) - raft.server.read.timeout = 10s (default)
2023-09-01 02:13:24,991 [s2-groupManagement] INFO  server.RaftServerConfigKeys (ConfUtils.java:logGet(46)) - raft.server.retrycache.expirytime = 60s (default)
2023-09-01 02:13:24,991 [s2-groupManagement] INFO  server.RaftServerConfigKeys (ConfUtils.java:logGet(46)) - raft.server.retrycache.statistics.expirytime = 100μs (default)
2023-09-01 02:13:24,991 [s1-impl-thread1] INFO  storage.RaftStorage (RaftStorageImpl.java:format(97)) - Storage directory /home/runner/work/ratis/ratis/ratis-test/target/test/data/1f94b248/MiniRaftClusterWithGrpc1b977058/s1/36bf4486-5d5e-4413-8d6c-450c7bfc1edb has been successfully formatted.
2023-09-01 02:13:24,991 [s1-impl-thread1] INFO  impl.SimpleStateMachine4Testing (SimpleStateMachine4Testing.java:initialize(213)) - Initializing StateMachineWithSeparatedSnapshotPath:uninitialized
2023-09-01 02:13:24,991 [s1-impl-thread1] INFO  impl.SimpleStateMachine4Testing (SimpleStateMachine4Testing.java:loadSnapshot(293)) - Loading snapshot null
2023-09-01 02:13:24,991 [s1-impl-thread1] TRACE util.FileUtils (FileUtils.java:deleteFully(201)) - deleteFully /tmp/ratis-tests/statemachine/s1
2023-09-01 02:13:24,991 [s1-impl-thread1] TRACE util.FileUtils (FileUtils.java:deleteFully(217)) - deleteFully: /tmp/ratis-tests/statemachine/s1 does not exist.
2023-09-01 02:13:24,992 [s1-impl-thread1] INFO  server.RaftServerConfigKeys (ConfUtils.java:logGet(46)) - raft.server.log.use.memory = false (default)
2023-09-01 02:13:24,992 [s1-impl-thread1] INFO  server.RaftServerConfigKeys (ConfUtils.java:logGet(46)) - raft.server.log.purge.gap = 8 (custom)
2023-09-01 02:13:24,992 [s1-impl-thread1] INFO  server.RaftServerConfigKeys (ConfUtils.java:logGet(46)) - raft.server.log.appender.buffer.byte-limit = 4MB (=4194304) (default)
2023-09-01 02:13:24,992 [s1-impl-thread1] INFO  server.RaftServerConfigKeys (ConfUtils.java:logGet(46)) - raft.server.log.statemachine.data.read.timeout = 1000ms (default)
2023-09-01 02:13:24,992 [s1-impl-thread1] INFO  server.RaftServerConfigKeys (ConfUtils.java:logGet(46)) - raft.server.log.purge.preservation.log.num = 0 (default)
2023-09-01 02:13:24,993 [s1-impl-thread1] INFO  server.RaftServerConfigKeys (ConfUtils.java:logGet(46)) - raft.server.log.segment.size.max = 8MB (=8388608) (default)
2023-09-01 02:13:24,993 [s1-impl-thread1] INFO  server.RaftServerConfigKeys (ConfUtils.java:logGet(46)) - raft.server.log.segment.cache.num.max = 6 (default)
2023-09-01 02:13:24,993 [s1-impl-thread1] INFO  server.RaftServerConfigKeys (ConfUtils.java:logGet(46)) - raft.server.log.segment.cache.size.max = 200MB (=209715200) (default)
2023-09-01 02:13:24,993 [s1-impl-thread1] INFO  server.RaftServerConfigKeys (ConfUtils.java:logGet(46)) - raft.server.log.appender.buffer.byte-limit = 4MB (=4194304) (default)
2023-09-01 02:13:24,993 [s1-impl-thread1] INFO  segmented.SegmentedRaftLogWorker (SegmentedRaftLogWorker.java:<init>(183)) - new s1@group-450C7BFC1EDB-SegmentedRaftLogWorker for RaftStorageImpl:Storage Directory /home/runner/work/ratis/ratis/ratis-test/target/test/data/1f94b248/MiniRaftClusterWithGrpc1b977058/s1/36bf4486-5d5e-4413-8d6c-450c7bfc1edb
2023-09-01 02:13:24,993 [s1-impl-thread1] INFO  server.RaftServerConfigKeys (ConfUtils.java:logGet(46)) - raft.server.log.queue.byte-limit = 64MB (=67108864) (default)
2023-09-01 02:13:24,993 [s1-impl-thread1] INFO  server.RaftServerConfigKeys (ConfUtils.java:logGet(46)) - raft.server.log.queue.element-limit = 4096 (default)
2023-09-01 02:13:24,993 [s1-impl-thread1] INFO  server.RaftServerConfigKeys (ConfUtils.java:logGet(46)) - raft.server.log.segment.size.max = 8MB (=8388608) (default)
2023-09-01 02:13:24,993 [s1-impl-thread1] INFO  server.RaftServerConfigKeys (ConfUtils.java:logGet(46)) - raft.server.log.preallocated.size = 4MB (=4194304) (default)
2023-09-01 02:13:24,993 [s1-impl-thread1] INFO  server.RaftServerConfigKeys (ConfUtils.java:logGet(46)) - raft.server.log.force.sync.num = 128 (default)
2023-09-01 02:13:24,993 [s1-impl-thread1] INFO  server.RaftServerConfigKeys (ConfUtils.java:logGet(46)) - raft.server.log.statemachine.data.sync = true (default)
2023-09-01 02:13:24,993 [s1-impl-thread1] INFO  server.RaftServerConfigKeys (ConfUtils.java:logGet(46)) - raft.server.log.statemachine.data.sync.timeout = 10s (default)
2023-09-01 02:13:24,993 [s1-impl-thread1] INFO  server.RaftServerConfigKeys (ConfUtils.java:logGet(46)) - raft.server.log.statemachine.data.sync.timeout.retry = -1 (default)
2023-09-01 02:13:24,993 [s1-impl-thread1] INFO  server.RaftServerConfigKeys (ConfUtils.java:logGet(46)) - raft.server.log.write.buffer.size = 64KB (=65536) (default)
2023-09-01 02:13:24,993 [s1-impl-thread1] INFO  server.RaftServerConfigKeys (ConfUtils.java:logGet(46)) - raft.server.log.appender.buffer.byte-limit = 4MB (=4194304) (default)
2023-09-01 02:13:24,995 [s1-impl-thread1] INFO  server.RaftServerConfigKeys (ConfUtils.java:logGet(46)) - raft.server.log.unsafe-flush.enabled = false (default)
2023-09-01 02:13:24,995 [s1-impl-thread1] INFO  server.RaftServerConfigKeys (ConfUtils.java:logGet(46)) - raft.server.log.async-flush.enabled = false (default)
2023-09-01 02:13:24,995 [s1-impl-thread1] INFO  server.RaftServerConfigKeys (ConfUtils.java:logGet(46)) - raft.server.log.statemachine.data.caching.enabled = false (default)
2023-09-01 02:13:24,995 [s1-impl-thread1] INFO  segmented.SegmentedRaftLogWorker (SegmentedRaftLogWorker.java:lambda$new$0(134)) - s1@group-450C7BFC1EDB-SegmentedRaftLogWorker: flushIndex: setUnconditionally 0 -> -1
2023-09-01 02:13:24,995 [s1-impl-thread1] INFO  segmented.SegmentedRaftLogWorker (SegmentedRaftLogWorker.java:lambda$new$0(134)) - s1@group-450C7BFC1EDB-SegmentedRaftLogWorker: safeCacheEvictIndex: setUnconditionally 0 -> -1
2023-09-01 02:13:24,995 [s2-groupManagement] INFO  server.RaftServerConfigKeys (ConfUtils.java:logGet(46)) - raft.server.read.option = DEFAULT (default)
2023-09-01 02:13:24,996 [s2-groupManagement] INFO  server.RaftServerConfigKeys (ConfUtils.java:logGet(46)) - raft.server.rpc.request.timeout = 3000ms (default)
2023-09-01 02:13:24,996 [s2-groupManagement] INFO  server.RaftServerConfigKeys (ConfUtils.java:logGet(46)) - raft.server.log.appender.install.snapshot.enabled = true (default)
2023-09-01 02:13:24,996 [s2-groupManagement] INFO  server.RaftServerConfigKeys (ConfUtils.java:logGet(46)) - raft.server.threadpool.server.cached = true (default)
2023-09-01 02:13:24,996 [s2-groupManagement] INFO  server.RaftServerConfigKeys (ConfUtils.java:logGet(46)) - raft.server.threadpool.server.size = 0 (default)
2023-09-01 02:13:24,996 [s2-groupManagement] INFO  server.RaftServerConfigKeys (ConfUtils.java:logGet(46)) - raft.server.threadpool.client.cached = true (default)
2023-09-01 02:13:24,996 [s2-groupManagement] INFO  server.RaftServerConfigKeys (ConfUtils.java:logGet(46)) - raft.server.threadpool.client.size = 0 (default)
2023-09-01 02:13:25,000 [s1-impl-thread1] INFO  server.RaftServer$Division (RaftServerImpl.java:start(390)) - s1@group-450C7BFC1EDB: start with initializing state, conf=-1: peers:[]|listeners:[], old=null
2023-09-01 02:13:25,000 [s1-impl-thread1] INFO  server.RaftServer$Division (RaftServerImpl.java:setRole(371)) - s1@group-450C7BFC1EDB: changes role from      null to FOLLOWER at term 0 for startInitializing
2023-09-01 02:13:25,000 [s1-impl-thread1] INFO  util.JmxRegister (JmxRegister.java:tryRegister(44)) - Successfully registered JMX Bean with object name Ratis:service=RaftServer,group=group-450C7BFC1EDB,id=s1
2023-09-01 02:13:25,000 [s1-impl-thread1] INFO  server.RaftServerConfigKeys (ConfUtils.java:logGet(46)) - raft.server.snapshot.trigger-when-stop.enabled = true (default)
2023-09-01 02:13:25,000 [s1-impl-thread1] INFO  server.RaftServerConfigKeys (ConfUtils.java:logGet(46)) - raft.server.snapshot.auto.trigger.enabled = true (custom)
2023-09-01 02:13:25,000 [s1-impl-thread1] INFO  server.RaftServerConfigKeys (ConfUtils.java:logGet(46)) - raft.server.snapshot.auto.trigger.threshold = 64 (custom)
2023-09-01 02:13:25,000 [s1-impl-thread1] INFO  server.RaftServerConfigKeys (ConfUtils.java:logGet(46)) - raft.server.snapshot.retention.file.num = -1 (default)
2023-09-01 02:13:25,000 [s1-impl-thread1] INFO  server.RaftServerConfigKeys (ConfUtils.java:logGet(46)) - raft.server.log.purge.upto.snapshot.index = false (default)
2023-09-01 02:13:25,001 [Time-limited test] INFO  server.RaftServer (RaftServerProxy.java:startImpl(404)) - s1: start RPC server
2023-09-01 02:13:25,002 [Time-limited test] INFO  server.GrpcService (GrpcService.java:startImpl(302)) - s1: GrpcService started, listening on 40155
2023-09-01 02:13:25,004 [s2-impl-thread1] INFO  server.RaftServerConfigKeys (ConfUtils.java:logGet(46)) - raft.server.storage.free-space.min = 0MB (=0) (default)
2023-09-01 02:13:25,004 [s2-impl-thread1] INFO  server.RaftServerConfigKeys (ConfUtils.java:logGet(46)) - raft.server.log.corruption.policy = EXCEPTION (default)
2023-09-01 02:13:25,004 [s2-impl-thread1] INFO  server.RaftServerConfigKeys (ConfUtils.java:logGet(46)) - raft.server.storage.dir = [/home/runner/work/ratis/ratis/ratis-test/target/test/data/1f94b248/MiniRaftClusterWithGrpc1b977058/s2] (custom)
2023-09-01 02:13:25,004 [s2-impl-thread1] INFO  storage.RaftStorageDirectory (RaftStorageDirectoryImpl.java:analyzeStorage(138)) - The storage directory /home/runner/work/ratis/ratis/ratis-test/target/test/data/1f94b248/MiniRaftClusterWithGrpc1b977058/s2/36bf4486-5d5e-4413-8d6c-450c7bfc1edb does not exist. Creating ...
2023-09-01 02:13:25,005 [s2-impl-thread1] TRACE util.FileUtils (LogUtils.java:runAndLog(49)) - Successfully ran Files.createDirectories /home/runner/work/ratis/ratis/ratis-test/target/test/data/1f94b248/MiniRaftClusterWithGrpc1b977058/s2/36bf4486-5d5e-4413-8d6c-450c7bfc1edb
2023-09-01 02:13:25,005 [JvmPauseMonitor4] INFO  util.JvmPauseMonitor (JvmPauseMonitor.java:run(146)) - JvmPauseMonitor-s1: Started
2023-09-01 02:13:25,005 [s2-impl-thread1] INFO  storage.RaftStorageDirectory (RaftStorageDirectoryImpl.java:tryLock(232)) - Lock on /home/runner/work/ratis/ratis/ratis-test/target/test/data/1f94b248/MiniRaftClusterWithGrpc1b977058/s2/36bf4486-5d5e-4413-8d6c-450c7bfc1edb/in_use.lock acquired by nodename 15545@fv-az41-939
2023-09-01 02:13:25,005 [s2-impl-thread1] TRACE util.FileUtils (LogUtils.java:runAndLog(49)) - Successfully ran Files.createDirectories /home/runner/work/ratis/ratis/ratis-test/target/test/data/1f94b248/MiniRaftClusterWithGrpc1b977058/s2/36bf4486-5d5e-4413-8d6c-450c7bfc1edb/current
2023-09-01 02:13:25,005 [s2-impl-thread1] TRACE util.FileUtils (LogUtils.java:runAndLog(49)) - Successfully ran Files.createDirectories /home/runner/work/ratis/ratis/ratis-test/target/test/data/1f94b248/MiniRaftClusterWithGrpc1b977058/s2/36bf4486-5d5e-4413-8d6c-450c7bfc1edb/sm
2023-09-01 02:13:25,006 [s2-impl-thread1] INFO  storage.RaftStorage (RaftStorageImpl.java:format(97)) - Storage directory /home/runner/work/ratis/ratis/ratis-test/target/test/data/1f94b248/MiniRaftClusterWithGrpc1b977058/s2/36bf4486-5d5e-4413-8d6c-450c7bfc1edb has been successfully formatted.
2023-09-01 02:13:25,006 [s2-impl-thread1] INFO  impl.SimpleStateMachine4Testing (SimpleStateMachine4Testing.java:initialize(213)) - Initializing StateMachineWithSeparatedSnapshotPath:uninitialized
2023-09-01 02:13:25,006 [s2-impl-thread1] INFO  impl.SimpleStateMachine4Testing (SimpleStateMachine4Testing.java:loadSnapshot(293)) - Loading snapshot null
2023-09-01 02:13:25,006 [s2-impl-thread1] TRACE util.FileUtils (FileUtils.java:deleteFully(201)) - deleteFully /tmp/ratis-tests/statemachine/s2
2023-09-01 02:13:25,006 [s2-impl-thread1] TRACE util.FileUtils (FileUtils.java:deleteFully(217)) - deleteFully: /tmp/ratis-tests/statemachine/s2 does not exist.
2023-09-01 02:13:25,007 [s2-impl-thread1] INFO  server.RaftServerConfigKeys (ConfUtils.java:logGet(46)) - raft.server.log.use.memory = false (default)
2023-09-01 02:13:25,007 [s2-impl-thread1] INFO  server.RaftServerConfigKeys (ConfUtils.java:logGet(46)) - raft.server.log.purge.gap = 8 (custom)
2023-09-01 02:13:25,007 [s2-impl-thread1] INFO  server.RaftServerConfigKeys (ConfUtils.java:logGet(46)) - raft.server.log.appender.buffer.byte-limit = 4MB (=4194304) (default)
2023-09-01 02:13:25,007 [s2-impl-thread1] INFO  server.RaftServerConfigKeys (ConfUtils.java:logGet(46)) - raft.server.log.statemachine.data.read.timeout = 1000ms (default)
2023-09-01 02:13:25,007 [s2-impl-thread1] INFO  server.RaftServerConfigKeys (ConfUtils.java:logGet(46)) - raft.server.log.purge.preservation.log.num = 0 (default)
2023-09-01 02:13:25,007 [s2-impl-thread1] INFO  server.RaftServerConfigKeys (ConfUtils.java:logGet(46)) - raft.server.log.segment.size.max = 8MB (=8388608) (default)
2023-09-01 02:13:25,008 [s2-impl-thread1] INFO  server.RaftServerConfigKeys (ConfUtils.java:logGet(46)) - raft.server.log.segment.cache.num.max = 6 (default)
2023-09-01 02:13:25,008 [s2-impl-thread1] INFO  server.RaftServerConfigKeys (ConfUtils.java:logGet(46)) - raft.server.log.segment.cache.size.max = 200MB (=209715200) (default)
2023-09-01 02:13:25,008 [s2-impl-thread1] INFO  server.RaftServerConfigKeys (ConfUtils.java:logGet(46)) - raft.server.log.appender.buffer.byte-limit = 4MB (=4194304) (default)
2023-09-01 02:13:25,008 [s2-impl-thread1] INFO  segmented.SegmentedRaftLogWorker (SegmentedRaftLogWorker.java:<init>(183)) - new s2@group-450C7BFC1EDB-SegmentedRaftLogWorker for RaftStorageImpl:Storage Directory /home/runner/work/ratis/ratis/ratis-test/target/test/data/1f94b248/MiniRaftClusterWithGrpc1b977058/s2/36bf4486-5d5e-4413-8d6c-450c7bfc1edb
2023-09-01 02:13:25,008 [s2-impl-thread1] INFO  server.RaftServerConfigKeys (ConfUtils.java:logGet(46)) - raft.server.log.queue.byte-limit = 64MB (=67108864) (default)
2023-09-01 02:13:25,008 [s2-impl-thread1] INFO  server.RaftServerConfigKeys (ConfUtils.java:logGet(46)) - raft.server.log.queue.element-limit = 4096 (default)
2023-09-01 02:13:25,008 [s2-impl-thread1] INFO  server.RaftServerConfigKeys (ConfUtils.java:logGet(46)) - raft.server.log.segment.size.max = 8MB (=8388608) (default)
2023-09-01 02:13:25,008 [s2-impl-thread1] INFO  server.RaftServerConfigKeys (ConfUtils.java:logGet(46)) - raft.server.log.preallocated.size = 4MB (=4194304) (default)
2023-09-01 02:13:25,008 [s2-impl-thread1] INFO  server.RaftServerConfigKeys (ConfUtils.java:logGet(46)) - raft.server.log.force.sync.num = 128 (default)
2023-09-01 02:13:25,008 [s2-impl-thread1] INFO  server.RaftServerConfigKeys (ConfUtils.java:logGet(46)) - raft.server.log.statemachine.data.sync = true (default)
2023-09-01 02:13:25,008 [s2-impl-thread1] INFO  server.RaftServerConfigKeys (ConfUtils.java:logGet(46)) - raft.server.log.statemachine.data.sync.timeout = 10s (default)
2023-09-01 02:13:25,008 [s2-impl-thread1] INFO  server.RaftServerConfigKeys (ConfUtils.java:logGet(46)) - raft.server.log.statemachine.data.sync.timeout.retry = -1 (default)
2023-09-01 02:13:25,008 [s2-impl-thread1] INFO  server.RaftServerConfigKeys (ConfUtils.java:logGet(46)) - raft.server.log.write.buffer.size = 64KB (=65536) (default)
2023-09-01 02:13:25,008 [s2-impl-thread1] INFO  server.RaftServerConfigKeys (ConfUtils.java:logGet(46)) - raft.server.log.appender.buffer.byte-limit = 4MB (=4194304) (default)
2023-09-01 02:13:25,009 [s2-impl-thread1] INFO  server.RaftServerConfigKeys (ConfUtils.java:logGet(46)) - raft.server.log.unsafe-flush.enabled = false (default)
2023-09-01 02:13:25,009 [s2-impl-thread1] INFO  server.RaftServerConfigKeys (ConfUtils.java:logGet(46)) - raft.server.log.async-flush.enabled = false (default)
2023-09-01 02:13:25,009 [s2-impl-thread1] INFO  server.RaftServerConfigKeys (ConfUtils.java:logGet(46)) - raft.server.log.statemachine.data.caching.enabled = false (default)
2023-09-01 02:13:25,009 [s2-impl-thread1] INFO  segmented.SegmentedRaftLogWorker (SegmentedRaftLogWorker.java:lambda$new$0(134)) - s2@group-450C7BFC1EDB-SegmentedRaftLogWorker: flushIndex: setUnconditionally 0 -> -1
2023-09-01 02:13:25,009 [s2-impl-thread1] INFO  segmented.SegmentedRaftLogWorker (SegmentedRaftLogWorker.java:lambda$new$0(134)) - s2@group-450C7BFC1EDB-SegmentedRaftLogWorker: safeCacheEvictIndex: setUnconditionally 0 -> -1
2023-09-01 02:13:25,009 [s2-impl-thread1] INFO  server.RaftServer$Division (RaftServerImpl.java:start(390)) - s2@group-450C7BFC1EDB: start with initializing state, conf=-1: peers:[]|listeners:[], old=null
2023-09-01 02:13:25,009 [s2-impl-thread1] INFO  server.RaftServer$Division (RaftServerImpl.java:setRole(371)) - s2@group-450C7BFC1EDB: changes role from      null to FOLLOWER at term 0 for startInitializing
2023-09-01 02:13:25,010 [s2-impl-thread1] INFO  util.JmxRegister (JmxRegister.java:tryRegister(44)) - Successfully registered JMX Bean with object name Ratis:service=RaftServer,group=group-450C7BFC1EDB,id=s2
2023-09-01 02:13:25,010 [s2-impl-thread1] INFO  server.RaftServerConfigKeys (ConfUtils.java:logGet(46)) - raft.server.snapshot.trigger-when-stop.enabled = true (default)
2023-09-01 02:13:25,010 [s2-impl-thread1] INFO  server.RaftServerConfigKeys (ConfUtils.java:logGet(46)) - raft.server.snapshot.auto.trigger.enabled = true (custom)
2023-09-01 02:13:25,010 [s2-impl-thread1] INFO  server.RaftServerConfigKeys (ConfUtils.java:logGet(46)) - raft.server.snapshot.auto.trigger.threshold = 64 (custom)
2023-09-01 02:13:25,010 [s2-impl-thread1] INFO  server.RaftServerConfigKeys (ConfUtils.java:logGet(46)) - raft.server.snapshot.retention.file.num = -1 (default)
2023-09-01 02:13:25,010 [s2-impl-thread1] INFO  server.RaftServerConfigKeys (ConfUtils.java:logGet(46)) - raft.server.log.purge.upto.snapshot.index = false (default)
2023-09-01 02:13:25,012 [Time-limited test] INFO  server.RaftServer (RaftServerProxy.java:startImpl(404)) - s2: start RPC server
2023-09-01 02:13:25,013 [Time-limited test] INFO  server.GrpcService (GrpcService.java:startImpl(302)) - s2: GrpcService started, listening on 45705
2023-09-01 02:13:25,016 [Time-limited test] INFO  impl.MiniRaftCluster (MiniRaftCluster.java:setConfiguration(819)) - Start changing the configuration: [s1|rpc:0.0.0.0:40155|priority:0|startupRole:FOLLOWER, s2|rpc:0.0.0.0:45705|priority:0|startupRole:FOLLOWER, s0|rpc:localhost:39245|admin:localhost:40607|client:localhost:39019|dataStream:localhost:36499|priority:0|startupRole:FOLLOWER]
2023-09-01 02:13:25,018 [JvmPauseMonitor5] INFO  util.JvmPauseMonitor (JvmPauseMonitor.java:run(146)) - JvmPauseMonitor-s2: Started
2023-09-01 02:13:25,022 [s0-server-thread1] INFO  server.RaftServer$Division (RaftServerImpl.java:setConfigurationAsync(1237)) - s0@group-450C7BFC1EDB: receive setConfiguration SetConfigurationRequest:client-4E29184E1167->s0@group-450C7BFC1EDB, cid=257, seq=0, RW, null, SET_UNCONDITIONALLY, servers:[s1|rpc:0.0.0.0:40155|dataStream:|priority:0|startupRole:FOLLOWER, s2|rpc:0.0.0.0:45705|dataStream:|priority:0|startupRole:FOLLOWER, s0|rpc:localhost:39245|admin:localhost:40607|client:localhost:39019|dataStream:localhost:36499|priority:0|startupRole:FOLLOWER], listeners:[]
2023-09-01 02:13:25,022 [s0-server-thread1] INFO  server.RaftServer$Division (LeaderStateImpl.java:startSetConfiguration(471)) - s0@group-450C7BFC1EDB-LeaderStateImpl: startSetConfiguration SetConfigurationRequest:client-4E29184E1167->s0@group-450C7BFC1EDB, cid=257, seq=0, RW, null, SET_UNCONDITIONALLY, servers:[s1|rpc:0.0.0.0:40155|dataStream:|priority:0|startupRole:FOLLOWER, s2|rpc:0.0.0.0:45705|dataStream:|priority:0|startupRole:FOLLOWER, s0|rpc:localhost:39245|admin:localhost:40607|client:localhost:39019|dataStream:localhost:36499|priority:0|startupRole:FOLLOWER], listeners:[]
2023-09-01 02:13:25,022 [s0-server-thread1] INFO  server.RaftServerConfigKeys (ConfUtils.java:logGet(46)) - raft.server.log.appender.snapshot.chunk.size.max = 1k (=1024) (custom)
2023-09-01 02:13:25,022 [s0-server-thread1] INFO  server.RaftServerConfigKeys (ConfUtils.java:logGet(46)) - raft.server.log.appender.buffer.byte-limit = 4MB (=4194304) (default)
2023-09-01 02:13:25,022 [s0-server-thread1] INFO  server.RaftServerConfigKeys (ConfUtils.java:logGet(46)) - raft.server.log.appender.buffer.element-limit = 0 (default)
2023-09-01 02:13:25,022 [s0-server-thread1] INFO  server.RaftServerConfigKeys (ConfUtils.java:logGet(46)) - raft.server.log.appender.wait-time.min = 10ms (default)
2023-09-01 02:13:25,022 [s0-server-thread1] INFO  grpc.GrpcConfigKeys (ConfUtils.java:logGet(46)) - raft.grpc.server.leader.outstanding.appends.max = 128 (default)
2023-09-01 02:13:25,023 [s0-server-thread1] INFO  server.RaftServerConfigKeys (ConfUtils.java:logGet(46)) - raft.server.rpc.request.timeout = 3000ms (default)
2023-09-01 02:13:25,023 [s0-server-thread1] INFO  grpc.GrpcConfigKeys (ConfUtils.java:logGet(46)) - raft.grpc.server.install_snapshot.request.element-limit = 8 (default)
2023-09-01 02:13:25,023 [s0-server-thread1] INFO  grpc.GrpcConfigKeys (ConfUtils.java:logGet(46)) - raft.grpc.server.install_snapshot.request.timeout = 3000ms (default)
2023-09-01 02:13:25,023 [s0-server-thread1] INFO  server.RaftServerConfigKeys (ConfUtils.java:logGet(46)) - raft.server.log.appender.install.snapshot.enabled = true (default)
2023-09-01 02:13:25,023 [s0-server-thread1] INFO  grpc.GrpcConfigKeys (ConfUtils.java:logGet(46)) - raft.grpc.server.heartbeat.channel = false (custom)
2023-09-01 02:13:25,023 [s0-server-thread1] INFO  server.RaftServerConfigKeys (ConfUtils.java:logGet(46)) - raft.server.log.appender.snapshot.chunk.size.max = 1k (=1024) (custom)
2023-09-01 02:13:25,023 [s0-server-thread1] INFO  server.RaftServerConfigKeys (ConfUtils.java:logGet(46)) - raft.server.log.appender.buffer.byte-limit = 4MB (=4194304) (default)
2023-09-01 02:13:25,023 [s0-server-thread1] INFO  server.RaftServerConfigKeys (ConfUtils.java:logGet(46)) - raft.server.log.appender.buffer.element-limit = 0 (default)
2023-09-01 02:13:25,023 [s0-server-thread1] INFO  server.RaftServerConfigKeys (ConfUtils.java:logGet(46)) - raft.server.log.appender.wait-time.min = 10ms (default)
2023-09-01 02:13:25,023 [s0-server-thread1] INFO  grpc.GrpcConfigKeys (ConfUtils.java:logGet(46)) - raft.grpc.server.leader.outstanding.appends.max = 128 (default)
2023-09-01 02:13:25,023 [s0-server-thread1] INFO  server.RaftServerConfigKeys (ConfUtils.java:logGet(46)) - raft.server.rpc.request.timeout = 3000ms (default)
2023-09-01 02:13:25,023 [s0-server-thread1] INFO  grpc.GrpcConfigKeys (ConfUtils.java:logGet(46)) - raft.grpc.server.install_snapshot.request.element-limit = 8 (default)
2023-09-01 02:13:25,023 [s0-server-thread1] INFO  grpc.GrpcConfigKeys (ConfUtils.java:logGet(46)) - raft.grpc.server.install_snapshot.request.timeout = 3000ms (default)
2023-09-01 02:13:25,023 [s0-server-thread1] INFO  server.RaftServerConfigKeys (ConfUtils.java:logGet(46)) - raft.server.log.appender.install.snapshot.enabled = true (default)
2023-09-01 02:13:25,023 [s0-server-thread1] INFO  grpc.GrpcConfigKeys (ConfUtils.java:logGet(46)) - raft.grpc.server.heartbeat.channel = false (custom)
2023-09-01 02:13:25,024 [s0@group-450C7BFC1EDB->s1-GrpcLogAppender-LogAppenderDaemon] INFO  server.GrpcLogAppender (GrpcLogAppender.java:installSnapshot(640)) - s0@group-450C7BFC1EDB->s1-GrpcLogAppender: followerNextIndex = 0 but logStartIndex = 0, send snapshot FileListSnapshotInfo(t:1, i:191):[/tmp/ratis-tests/statemachine/s0/snapshot/1_191/loves, /tmp/ratis-tests/statemachine/s0/snapshot/1_191/deer, /tmp/ratis-tests/statemachine/s0/snapshot/1_191/vegetable] to follower
2023-09-01 02:13:25,035 [s0@group-450C7BFC1EDB->s1-GrpcLogAppender-LogAppenderDaemon] INFO  server.GrpcServerProtocolClient (GrpcServerProtocolClient.java:<init>(66)) - Build channel for s1
2023-09-01 02:13:25,036 [s0@group-450C7BFC1EDB->s2-GrpcLogAppender-LogAppenderDaemon] INFO  server.GrpcLogAppender (GrpcLogAppender.java:installSnapshot(640)) - s0@group-450C7BFC1EDB->s2-GrpcLogAppender: followerNextIndex = 0 but logStartIndex = 0, send snapshot FileListSnapshotInfo(t:1, i:191):[/tmp/ratis-tests/statemachine/s0/snapshot/1_191/loves, /tmp/ratis-tests/statemachine/s0/snapshot/1_191/deer, /tmp/ratis-tests/statemachine/s0/snapshot/1_191/vegetable] to follower
2023-09-01 02:13:25,038 [s0@group-450C7BFC1EDB->s2-GrpcLogAppender-LogAppenderDaemon] INFO  server.GrpcServerProtocolClient (GrpcServerProtocolClient.java:<init>(66)) - Build channel for s2
2023-09-01 02:13:25,048 [grpc-default-executor-0] INFO  impl.SnapshotInstallationHandler (SnapshotInstallationHandler.java:installSnapshot(89)) - s2@group-450C7BFC1EDB: receive installSnapshot: s0->s2#0-t1,chunk:4c4dc50f-39dd-40d3-b59b-4ba51096a7d7,0
2023-09-01 02:13:25,049 [grpc-default-executor-2] INFO  impl.SnapshotInstallationHandler (SnapshotInstallationHandler.java:installSnapshot(89)) - s1@group-450C7BFC1EDB: receive installSnapshot: s0->s1#0-t1,chunk:ebb0d8c3-186e-4cd9-ab79-70aebd1705f3,0
2023-09-01 02:13:25,049 [grpc-default-executor-0] INFO  server.RaftServer$Division (RaftServerImpl.java:setFirstElection(556)) - s2@group-450C7BFC1EDB: set firstElectionSinceStartup to false for installSnapshot
2023-09-01 02:13:25,049 [grpc-default-executor-0] INFO  server.RaftServer$Division (ServerState.java:setLeader(260)) - s2@group-450C7BFC1EDB: change Leader from null to s0 at term 1 for installSnapshot, leader elected after 58ms
2023-09-01 02:13:25,050 [grpc-default-executor-0] TRACE util.FileUtils (LogUtils.java:runAndLog(49)) - Successfully ran Files.createDirectories /tmp/ratis-tests/statemachine/s2/tmp/snapshot-4c4dc50f-39dd-40d3-b59b-4ba51096a7d7
2023-09-01 02:13:25,050 [grpc-default-executor-0] INFO  storage.SnapshotManager (SnapshotManager.java:installSnapshot(89)) - Installing snapshot:s0->s2#0-t1,chunk:4c4dc50f-39dd-40d3-b59b-4ba51096a7d7,0, to tmp dir:/tmp/ratis-tests/statemachine/s2/tmp/snapshot-4c4dc50f-39dd-40d3-b59b-4ba51096a7d7
2023-09-01 02:13:25,050 [grpc-default-executor-0] TRACE util.FileUtils (LogUtils.java:runAndLog(49)) - Successfully ran Files.createDirectories /tmp/ratis-tests/statemachine/s2/tmp/snapshot-4c4dc50f-39dd-40d3-b59b-4ba51096a7d7/1_191
2023-09-01 02:13:25,050 [grpc-default-executor-2] INFO  server.RaftServer$Division (RaftServerImpl.java:setFirstElection(556)) - s1@group-450C7BFC1EDB: set firstElectionSinceStartup to false for installSnapshot
2023-09-01 02:13:25,050 [grpc-default-executor-2] INFO  server.RaftServer$Division (ServerState.java:setLeader(260)) - s1@group-450C7BFC1EDB: change Leader from null to s0 at term 1 for installSnapshot, leader elected after 63ms
2023-09-01 02:13:25,051 [grpc-default-executor-2] TRACE util.FileUtils (LogUtils.java:runAndLog(49)) - Successfully ran Files.createDirectories /tmp/ratis-tests/statemachine/s1/tmp/snapshot-ebb0d8c3-186e-4cd9-ab79-70aebd1705f3
2023-09-01 02:13:25,051 [grpc-default-executor-2] INFO  storage.SnapshotManager (SnapshotManager.java:installSnapshot(89)) - Installing snapshot:s0->s1#0-t1,chunk:ebb0d8c3-186e-4cd9-ab79-70aebd1705f3,0, to tmp dir:/tmp/ratis-tests/statemachine/s1/tmp/snapshot-ebb0d8c3-186e-4cd9-ab79-70aebd1705f3
2023-09-01 02:13:25,051 [grpc-default-executor-2] TRACE util.FileUtils (LogUtils.java:runAndLog(49)) - Successfully ran Files.createDirectories /tmp/ratis-tests/statemachine/s1/tmp/snapshot-ebb0d8c3-186e-4cd9-ab79-70aebd1705f3/1_191
2023-09-01 02:13:25,052 [grpc-default-executor-0] INFO  impl.SnapshotInstallationHandler (SnapshotInstallationHandler.java:installSnapshotImpl(134)) - s2@group-450C7BFC1EDB: set new configuration configurationEntry {
  peers {
    id: "s0"
    address: "localhost:39245"
    dataStreamAddress: "localhost:36499"
    clientAddress: "localhost:39019"
    adminAddress: "localhost:40607"
    startupRole: FOLLOWER
  }
}
 from snapshot
2023-09-01 02:13:25,052 [grpc-default-executor-0] INFO  server.RaftServer$Division (ServerState.java:setRaftConf(377)) - s2@group-450C7BFC1EDB: set configuration 0: peers:[s0|rpc:localhost:39245|admin:localhost:40607|client:localhost:39019|dataStream:localhost:36499|priority:0|startupRole:FOLLOWER]|listeners:[], old=null
2023-09-01 02:13:25,052 [grpc-default-executor-0] INFO  impl.SnapshotInstallationHandler (SnapshotInstallationHandler.java:installSnapshot(100)) - s2@group-450C7BFC1EDB: reply installSnapshot: s0<-s2#0:OK-t0,SUCCESS,requestIndex=0
2023-09-01 02:13:25,053 [grpc-default-executor-2] INFO  impl.SnapshotInstallationHandler (SnapshotInstallationHandler.java:installSnapshotImpl(134)) - s1@group-450C7BFC1EDB: set new configuration configurationEntry {
  peers {
    id: "s0"
    address: "localhost:39245"
    dataStreamAddress: "localhost:36499"
    clientAddress: "localhost:39019"
    adminAddress: "localhost:40607"
    startupRole: FOLLOWER
  }
}
 from snapshot
2023-09-01 02:13:25,053 [grpc-default-executor-2] INFO  server.RaftServer$Division (ServerState.java:setRaftConf(377)) - s1@group-450C7BFC1EDB: set configuration 0: peers:[s0|rpc:localhost:39245|admin:localhost:40607|client:localhost:39019|dataStream:localhost:36499|priority:0|startupRole:FOLLOWER]|listeners:[], old=null
2023-09-01 02:13:25,053 [grpc-default-executor-2] INFO  impl.SnapshotInstallationHandler (SnapshotInstallationHandler.java:installSnapshot(100)) - s1@group-450C7BFC1EDB: reply installSnapshot: s0<-s1#0:OK-t0,SUCCESS,requestIndex=0
2023-09-01 02:13:25,054 [grpc-default-executor-2] INFO  impl.SnapshotInstallationHandler (SnapshotInstallationHandler.java:installSnapshot(89)) - s1@group-450C7BFC1EDB: receive installSnapshot: s0->s1#0-t1,chunk:ebb0d8c3-186e-4cd9-ab79-70aebd1705f3,1
2023-09-01 02:13:25,054 [grpc-default-executor-2] TRACE util.FileUtils (LogUtils.java:runAndLog(49)) - Successfully ran Files.createDirectories /tmp/ratis-tests/statemachine/s1/tmp/snapshot-ebb0d8c3-186e-4cd9-ab79-70aebd1705f3
2023-09-01 02:13:25,054 [grpc-default-executor-2] INFO  storage.SnapshotManager (SnapshotManager.java:installSnapshot(89)) - Installing snapshot:s0->s1#0-t1,chunk:ebb0d8c3-186e-4cd9-ab79-70aebd1705f3,1, to tmp dir:/tmp/ratis-tests/statemachine/s1/tmp/snapshot-ebb0d8c3-186e-4cd9-ab79-70aebd1705f3
2023-09-01 02:13:25,054 [grpc-default-executor-2] TRACE util.FileUtils (LogUtils.java:runAndLog(49)) - Successfully ran Files.createDirectories /tmp/ratis-tests/statemachine/s1/tmp/snapshot-ebb0d8c3-186e-4cd9-ab79-70aebd1705f3/1_191
2023-09-01 02:13:25,054 [grpc-default-executor-0] INFO  server.GrpcLogAppender (GrpcLogAppender.java:onNext(543)) - s0@group-450C7BFC1EDB->s1-InstallSnapshotResponseHandler: received the first reply s0<-s1#0:OK-t0,SUCCESS,requestIndex=0
2023-09-01 02:13:25,054 [grpc-default-executor-0] INFO  server.GrpcLogAppender (GrpcLogAppender.java:onNext(557)) - s0@group-450C7BFC1EDB->s1-InstallSnapshotResponseHandler: Completed InstallSnapshot. Reply: serverReply {
  requestorId: "s0"
  replyId: "s1"
  raftGroupId {
    id: "6\277D\206]^D\023\215lE\f{\374\036\333"
  }
  success: true
}
requestIndex: 0

2023-09-01 02:13:25,055 [grpc-default-executor-0] INFO  leader.FollowerInfo (FollowerInfoImpl.java:setAttemptedToInstallSnapshot(126)) - Follower s0@group-450C7BFC1EDB->s1 acknowledged installing snapshot
2023-09-01 02:13:25,055 [grpc-default-executor-3] INFO  server.GrpcLogAppender (GrpcLogAppender.java:onNext(543)) - s0@group-450C7BFC1EDB->s2-InstallSnapshotResponseHandler: received the first reply s0<-s2#0:OK-t0,SUCCESS,requestIndex=0
2023-09-01 02:13:25,055 [grpc-default-executor-3] INFO  server.GrpcLogAppender (GrpcLogAppender.java:onNext(557)) - s0@group-450C7BFC1EDB->s2-InstallSnapshotResponseHandler: Completed InstallSnapshot. Reply: serverReply {
  requestorId: "s0"
  replyId: "s2"
  raftGroupId {
    id: "6\277D\206]^D\023\215lE\f{\374\036\333"
  }
  success: true
}
requestIndex: 0

2023-09-01 02:13:25,055 [grpc-default-executor-3] INFO  leader.FollowerInfo (FollowerInfoImpl.java:setAttemptedToInstallSnapshot(126)) - Follower s0@group-450C7BFC1EDB->s2 acknowledged installing snapshot
2023-09-01 02:13:25,055 [grpc-default-executor-0] INFO  impl.SnapshotInstallationHandler (SnapshotInstallationHandler.java:installSnapshot(89)) - s2@group-450C7BFC1EDB: receive installSnapshot: s0->s2#0-t1,chunk:4c4dc50f-39dd-40d3-b59b-4ba51096a7d7,1
2023-09-01 02:13:25,056 [grpc-default-executor-0] TRACE util.FileUtils (LogUtils.java:runAndLog(49)) - Successfully ran Files.createDirectories /tmp/ratis-tests/statemachine/s2/tmp/snapshot-4c4dc50f-39dd-40d3-b59b-4ba51096a7d7
2023-09-01 02:13:25,056 [grpc-default-executor-0] INFO  storage.SnapshotManager (SnapshotManager.java:installSnapshot(89)) - Installing snapshot:s0->s2#0-t1,chunk:4c4dc50f-39dd-40d3-b59b-4ba51096a7d7,1, to tmp dir:/tmp/ratis-tests/statemachine/s2/tmp/snapshot-4c4dc50f-39dd-40d3-b59b-4ba51096a7d7
2023-09-01 02:13:25,056 [grpc-default-executor-0] TRACE util.FileUtils (LogUtils.java:runAndLog(49)) - Successfully ran Files.createDirectories /tmp/ratis-tests/statemachine/s2/tmp/snapshot-4c4dc50f-39dd-40d3-b59b-4ba51096a7d7/1_191
2023-09-01 02:13:25,056 [grpc-default-executor-2] INFO  impl.SnapshotInstallationHandler (SnapshotInstallationHandler.java:installSnapshot(100)) - s1@group-450C7BFC1EDB: reply installSnapshot: s0<-s1#0:OK-t1,SUCCESS,requestIndex=1
2023-09-01 02:13:25,056 [grpc-default-executor-2] INFO  server.GrpcLogAppender (GrpcLogAppender.java:onNext(543)) - s0@group-450C7BFC1EDB->s1-InstallSnapshotResponseHandler: received a reply s0<-s1#0:OK-t1,SUCCESS,requestIndex=1
2023-09-01 02:13:25,057 [grpc-default-executor-2] INFO  server.GrpcLogAppender (GrpcLogAppender.java:onNext(557)) - s0@group-450C7BFC1EDB->s1-InstallSnapshotResponseHandler: Completed InstallSnapshot. Reply: serverReply {
  requestorId: "s0"
  replyId: "s1"
  raftGroupId {
    id: "6\277D\206]^D\023\215lE\f{\374\036\333"
  }
  success: true
}
term: 1
requestIndex: 1

2023-09-01 02:13:25,057 [grpc-default-executor-2] INFO  leader.FollowerInfo (FollowerInfoImpl.java:setAttemptedToInstallSnapshot(126)) - Follower s0@group-450C7BFC1EDB->s1 acknowledged installing snapshot
2023-09-01 02:13:25,058 [grpc-default-executor-3] WARN  server.GrpcServerProtocolService (LogUtils.java:warn(122)) - s1: INSTALL_SNAPSHOT onError, lastRequest: s0->s1#0-t1,chunk:ebb0d8c3-186e-4cd9-ab79-70aebd1705f3,1: org.apache.ratis.thirdparty.io.grpc.StatusRuntimeException: CANCELLED: client cancelled
2023-09-01 02:13:25,059 [grpc-default-executor-2] WARN  server.GrpcLogAppender (LogUtils.java:warn(122)) - s0@group-450C7BFC1EDB->s1-InstallSnapshotResponseHandler: Failed InstallSnapshot: org.apache.ratis.thirdparty.io.grpc.StatusRuntimeException: CANCELLED: Failed to read message.
2023-09-01 02:13:25,059 [grpc-default-executor-2] WARN  server.GrpcLogAppender (GrpcLogAppender.java:resetClient(139)) - s0@group-450C7BFC1EDB->s1-GrpcLogAppender: Follower failed and request == null,  keep nextIndex (0) unchanged and retry.
2023-09-01 02:13:25,059 [grpc-default-executor-0] INFO  impl.SnapshotInstallationHandler (SnapshotInstallationHandler.java:installSnapshot(100)) - s2@group-450C7BFC1EDB: reply installSnapshot: s0<-s2#0:OK-t1,SUCCESS,requestIndex=1
2023-09-01 02:13:25,060 [grpc-default-executor-0] INFO  impl.SnapshotInstallationHandler (SnapshotInstallationHandler.java:installSnapshot(89)) - s2@group-450C7BFC1EDB: receive installSnapshot: s0->s2#0-t1,chunk:4c4dc50f-39dd-40d3-b59b-4ba51096a7d7,2
2023-09-01 02:13:25,060 [grpc-default-executor-0] TRACE util.FileUtils (LogUtils.java:runAndLog(49)) - Successfully ran Files.createDirectories /tmp/ratis-tests/statemachine/s2/tmp/snapshot-4c4dc50f-39dd-40d3-b59b-4ba51096a7d7
2023-09-01 02:13:25,060 [grpc-default-executor-0] INFO  storage.SnapshotManager (SnapshotManager.java:installSnapshot(89)) - Installing snapshot:s0->s2#0-t1,chunk:4c4dc50f-39dd-40d3-b59b-4ba51096a7d7,2, to tmp dir:/tmp/ratis-tests/statemachine/s2/tmp/snapshot-4c4dc50f-39dd-40d3-b59b-4ba51096a7d7
2023-09-01 02:13:25,060 [grpc-default-executor-0] TRACE util.FileUtils (LogUtils.java:runAndLog(49)) - Successfully ran Files.createDirectories /tmp/ratis-tests/statemachine/s2/tmp/snapshot-4c4dc50f-39dd-40d3-b59b-4ba51096a7d7/1_191
2023-09-01 02:13:25,061 [grpc-default-executor-2] INFO  server.GrpcLogAppender (GrpcLogAppender.java:onNext(543)) - s0@group-450C7BFC1EDB->s2-InstallSnapshotResponseHandler: received a reply s0<-s2#0:OK-t1,SUCCESS,requestIndex=1
2023-09-01 02:13:25,061 [grpc-default-executor-2] INFO  server.GrpcLogAppender (GrpcLogAppender.java:onNext(557)) - s0@group-450C7BFC1EDB->s2-InstallSnapshotResponseHandler: Completed InstallSnapshot. Reply: serverReply {
  requestorId: "s0"
  replyId: "s2"
  raftGroupId {
    id: "6\277D\206]^D\023\215lE\f{\374\036\333"
  }
  success: true
}
term: 1
requestIndex: 1

2023-09-01 02:13:25,061 [grpc-default-executor-2] INFO  leader.FollowerInfo (FollowerInfoImpl.java:setAttemptedToInstallSnapshot(126)) - Follower s0@group-450C7BFC1EDB->s2 acknowledged installing snapshot
2023-09-01 02:13:25,064 [grpc-default-executor-0] INFO  storage.SnapshotManager (SnapshotManager.java:rename(168)) - Installed snapshot, renaming temporary dir /tmp/ratis-tests/statemachine/s2/tmp/snapshot-4c4dc50f-39dd-40d3-b59b-4ba51096a7d7 to /tmp/ratis-tests/statemachine/s2/snapshot
2023-09-01 02:13:25,064 [grpc-default-executor-0] TRACE util.FileUtils (LogUtils.java:runAndLog(49)) - Successfully ran Atomic Files.move /tmp/ratis-tests/statemachine/s2/snapshot to /tmp/ratis-tests/statemachine/s2/snapshot.tmp20230901-021325_064
2023-09-01 02:13:25,064 [grpc-default-executor-0] TRACE util.FileUtils (LogUtils.java:runAndLog(49)) - Successfully ran Atomic Files.move /tmp/ratis-tests/statemachine/s2/tmp/snapshot-4c4dc50f-39dd-40d3-b59b-4ba51096a7d7 to /tmp/ratis-tests/statemachine/s2/snapshot
2023-09-01 02:13:25,064 [grpc-default-executor-0] TRACE util.FileUtils (FileUtils.java:deleteFully(201)) - deleteFully /tmp/ratis-tests/statemachine/s2/snapshot.tmp20230901-021325_064
2023-09-01 02:13:25,064 [grpc-default-executor-0] TRACE util.FileUtils (LogUtils.java:runAndLog(49)) - Successfully ran Files.delete /tmp/ratis-tests/statemachine/s2/snapshot.tmp20230901-021325_064
2023-09-01 02:13:25,065 [grpc-default-executor-0] INFO  raftlog.RaftLog (RaftLogBase.java:lambda$new$0(54)) - s2@group-450C7BFC1EDB-SegmentedRaftLog: snapshotIndex: updateIncreasingly -1 -> 191
2023-09-01 02:13:25,065 [s2@group-450C7BFC1EDB-StateMachineUpdater] INFO  impl.SimpleStateMachine4Testing (SimpleStateMachine4Testing.java:reinitialize(236)) - Reinitializing StateMachineWithSeparatedSnapshotPath:s2:group-450C7BFC1EDB
2023-09-01 02:13:25,065 [grpc-default-executor-0] INFO  segmented.SegmentedRaftLogWorker (SegmentedRaftLogWorker.java:lambda$new$0(134)) - s2@group-450C7BFC1EDB-SegmentedRaftLogWorker: flushIndex: setUnconditionally -1 -> 191
2023-09-01 02:13:25,065 [grpc-default-executor-0] INFO  segmented.SegmentedRaftLogWorker (SegmentedRaftLogWorker.java:lambda$new$0(134)) - s2@group-450C7BFC1EDB-SegmentedRaftLogWorker: safeCacheEvictIndex: setUnconditionally -1 -> 191
2023-09-01 02:13:25,065 [s2@group-450C7BFC1EDB-StateMachineUpdater] INFO  impl.SimpleStateMachine4Testing (SimpleStateMachine4Testing.java:loadSnapshot(293)) - Loading snapshot null
2023-09-01 02:13:25,065 [grpc-default-executor-0] INFO  impl.SnapshotInstallationHandler (SnapshotInstallationHandler.java:checkAndInstallSnapshot(194)) - s2@group-450C7BFC1EDB: successfully install the entire snapshot-191
2023-09-01 02:13:25,065 [s2@group-450C7BFC1EDB-StateMachineUpdater] INFO  impl.StateMachineUpdater (StateMachineUpdater.java:lambda$new$0(98)) - s2@group-450C7BFC1EDB-StateMachineUpdater: snapshotIndex: setUnconditionally -1 -> 191
2023-09-01 02:13:25,065 [s2@group-450C7BFC1EDB-StateMachineUpdater] INFO  impl.StateMachineUpdater (StateMachineUpdater.java:lambda$new$0(98)) - s2@group-450C7BFC1EDB-StateMachineUpdater: appliedIndex: setUnconditionally -1 -> 191
2023-09-01 02:13:25,065 [grpc-default-executor-0] INFO  impl.SnapshotInstallationHandler (SnapshotInstallationHandler.java:installSnapshot(100)) - s2@group-450C7BFC1EDB: reply installSnapshot: s0<-s2#0:OK-t1,SUCCESS,requestIndex=2
2023-09-01 02:13:25,065 [grpc-default-executor-2] INFO  server.GrpcLogAppender (GrpcLogAppender.java:onNext(543)) - s0@group-450C7BFC1EDB->s2-InstallSnapshotResponseHandler: received a reply s0<-s2#0:OK-t1,SUCCESS,requestIndex=2
2023-09-01 02:13:25,066 [grpc-default-executor-2] INFO  server.GrpcLogAppender (GrpcLogAppender.java:onNext(557)) - s0@group-450C7BFC1EDB->s2-InstallSnapshotResponseHandler: Completed InstallSnapshot. Reply: serverReply {
  requestorId: "s0"
  replyId: "s2"
  raftGroupId {
    id: "6\277D\206]^D\023\215lE\f{\374\036\333"
  }
  success: true
}
term: 1
requestIndex: 2

2023-09-01 02:13:25,066 [grpc-default-executor-2] INFO  leader.FollowerInfo (FollowerInfoImpl.java:setAttemptedToInstallSnapshot(126)) - Follower s0@group-450C7BFC1EDB->s2 acknowledged installing snapshot
2023-09-01 02:13:25,066 [grpc-default-executor-0] INFO  server.GrpcServerProtocolService (GrpcServerProtocolService.java:onCompleted(155)) - s2: Completed INSTALL_SNAPSHOT, lastRequest: s0->s2#0-t1,chunk:4c4dc50f-39dd-40d3-b59b-4ba51096a7d7,2
2023-09-01 02:13:25,066 [grpc-default-executor-0] INFO  server.GrpcServerProtocolService (GrpcServerProtocolService.java:lambda$onCompleted$5(157)) - s2: Completed INSTALL_SNAPSHOT, lastReply: null
2023-09-01 02:13:25,066 [grpc-default-executor-2] INFO  server.GrpcLogAppender (GrpcLogAppender.java:onCompleted(623)) - s0@group-450C7BFC1EDB->s2-InstallSnapshotResponseHandler: follower responded installSnapshot COMPLETED
2023-09-01 02:13:25,066 [s0@group-450C7BFC1EDB->s2-GrpcLogAppender-LogAppenderDaemon] INFO  leader.FollowerInfo (FollowerInfoImpl.java:lambda$new$0(52)) - s0@group-450C7BFC1EDB->s2: snapshotIndex: setUnconditionally 0 -> 191
2023-09-01 02:13:25,066 [s0@group-450C7BFC1EDB->s2-GrpcLogAppender-LogAppenderDaemon] INFO  leader.FollowerInfo (FollowerInfoImpl.java:lambda$new$0(52)) - s0@group-450C7BFC1EDB->s2: matchIndex: setUnconditionally -1 -> 191
2023-09-01 02:13:25,066 [s0@group-450C7BFC1EDB->s2-GrpcLogAppender-LogAppenderDaemon] INFO  leader.FollowerInfo (FollowerInfoImpl.java:lambda$new$0(52)) - s0@group-450C7BFC1EDB->s2: nextIndex: setUnconditionally 0 -> 192
2023-09-01 02:13:25,066 [s0@group-450C7BFC1EDB->s2-GrpcLogAppender-LogAppenderDaemon] INFO  server.GrpcLogAppender (GrpcLogAppender.java:installSnapshot(679)) - s0@group-450C7BFC1EDB->s2-GrpcLogAppender: installed snapshot FileListSnapshotInfo(t:1, i:191):[/tmp/ratis-tests/statemachine/s0/snapshot/1_191/loves, /tmp/ratis-tests/statemachine/s0/snapshot/1_191/deer, /tmp/ratis-tests/statemachine/s0/snapshot/1_191/vegetable] successfully
2023-09-01 02:13:25,078 [s2-server-thread1] INFO  impl.RoleInfo (RoleInfo.java:updateAndGet(138)) - s2: start s2@group-450C7BFC1EDB-FollowerState
2023-09-01 02:13:25,092 [s2-server-thread2] INFO  segmented.SegmentedRaftLogWorker (SegmentedRaftLogWorker.java:startLogSegment(427)) - s2@group-450C7BFC1EDB-SegmentedRaftLogWorker: Starting segment from index:192
2023-09-01 02:13:25,099 [s1-server-thread1] INFO  impl.RoleInfo (RoleInfo.java:updateAndGet(138)) - s1: start s1@group-450C7BFC1EDB-FollowerState
2023-09-01 02:13:25,101 [s2@group-450C7BFC1EDB-SegmentedRaftLogWorker] INFO  segmented.SegmentedRaftLogWorker (SegmentedRaftLogWorker.java:execute(631)) - s2@group-450C7BFC1EDB-SegmentedRaftLogWorker: created new log segment /home/runner/work/ratis/ratis/ratis-test/target/test/data/1f94b248/MiniRaftClusterWithGrpc1b977058/s2/36bf4486-5d5e-4413-8d6c-450c7bfc1edb/current/log_inprogress_192
2023-09-01 02:13:25,102 [s1-server-thread1] INFO  server.RaftServer$Division (ServerState.java:setRaftConf(377)) - s1@group-450C7BFC1EDB: set configuration 0: peers:[s0|rpc:localhost:39245|admin:localhost:40607|client:localhost:39019|dataStream:localhost:36499|priority:0|startupRole:FOLLOWER]|listeners:[], old=null
2023-09-01 02:13:25,102 [s1-server-thread1] INFO  segmented.SegmentedRaftLogWorker (SegmentedRaftLogWorker.java:startLogSegment(427)) - s1@group-450C7BFC1EDB-SegmentedRaftLogWorker: Starting segment from index:0
2023-09-01 02:13:25,107 [s2@group-450C7BFC1EDB-StateMachineUpdater] INFO  impl.SimpleStateMachine4Testing (SimpleStateMachine4Testing.java:put(205)) - s2: put 193, m96 -> (t:1, i:193), STATEMACHINELOGENTRY, 225@client-E2425FA9F5E9
2023-09-01 02:13:25,108 [s2@group-450C7BFC1EDB-StateMachineUpdater] INFO  impl.SimpleStateMachine4Testing (SimpleStateMachine4Testing.java:put(205)) - s2: put 195, m97 -> (t:1, i:195), STATEMACHINELOGENTRY, 226@client-E2425FA9F5E9
2023-09-01 02:13:25,108 [s2@group-450C7BFC1EDB-StateMachineUpdater] INFO  impl.SimpleStateMachine4Testing (SimpleStateMachine4Testing.java:put(205)) - s2: put 197, m98 -> (t:1, i:197), STATEMACHINELOGENTRY, 227@client-E2425FA9F5E9
2023-09-01 02:13:25,109 [s2@group-450C7BFC1EDB-StateMachineUpdater] INFO  impl.SimpleStateMachine4Testing (SimpleStateMachine4Testing.java:put(205)) - s2: put 199, m99 -> (t:1, i:199), STATEMACHINELOGENTRY, 228@client-E2425FA9F5E9
2023-09-01 02:13:25,110 [s2@group-450C7BFC1EDB-StateMachineUpdater] INFO  impl.SimpleStateMachine4Testing (SimpleStateMachine4Testing.java:put(205)) - s2: put 201, m100 -> (t:1, i:201), STATEMACHINELOGENTRY, 229@client-E2425FA9F5E9
2023-09-01 02:13:25,110 [s2@group-450C7BFC1EDB-StateMachineUpdater] INFO  impl.SimpleStateMachine4Testing (SimpleStateMachine4Testing.java:put(205)) - s2: put 203, m101 -> (t:1, i:203), STATEMACHINELOGENTRY, 230@client-E2425FA9F5E9
2023-09-01 02:13:25,110 [s0@group-450C7BFC1EDB-LeaderStateImpl] INFO  server.RaftServer$Division (ServerState.java:setRaftConf(377)) - s0@group-450C7BFC1EDB: set configuration 255: peers:[s0|rpc:localhost:39245|admin:localhost:40607|client:localhost:39019|dataStream:localhost:36499|priority:0|startupRole:FOLLOWER, s1|rpc:0.0.0.0:40155|dataStream:|priority:0|startupRole:FOLLOWER, s2|rpc:0.0.0.0:45705|dataStream:|priority:0|startupRole:FOLLOWER]|listeners:[], old=peers:[s0|rpc:localhost:39245|admin:localhost:40607|client:localhost:39019|dataStream:localhost:36499|priority:0|startupRole:FOLLOWER]|listeners:[]
2023-09-01 02:13:25,110 [s2@group-450C7BFC1EDB-StateMachineUpdater] INFO  impl.SimpleStateMachine4Testing (SimpleStateMachine4Testing.java:put(205)) - s2: put 205, m102 -> (t:1, i:205), STATEMACHINELOGENTRY, 231@client-E2425FA9F5E9
2023-09-01 02:13:25,110 [s2@group-450C7BFC1EDB-StateMachineUpdater] INFO  impl.SimpleStateMachine4Testing (SimpleStateMachine4Testing.java:put(205)) - s2: put 207, m103 -> (t:1, i:207), STATEMACHINELOGENTRY, 232@client-E2425FA9F5E9
2023-09-01 02:13:25,110 [s2@group-450C7BFC1EDB-StateMachineUpdater] INFO  impl.SimpleStateMachine4Testing (SimpleStateMachine4Testing.java:put(205)) - s2: put 209, m104 -> (t:1, i:209), STATEMACHINELOGENTRY, 233@client-E2425FA9F5E9
2023-09-01 02:13:25,110 [s2@group-450C7BFC1EDB-StateMachineUpdater] INFO  impl.SimpleStateMachine4Testing (SimpleStateMachine4Testing.java:put(205)) - s2: put 211, m105 -> (t:1, i:211), STATEMACHINELOGENTRY, 234@client-E2425FA9F5E9
2023-09-01 02:13:25,110 [s2@group-450C7BFC1EDB-StateMachineUpdater] INFO  impl.SimpleStateMachine4Testing (SimpleStateMachine4Testing.java:put(205)) - s2: put 213, m106 -> (t:1, i:213), STATEMACHINELOGENTRY, 235@client-E2425FA9F5E9
2023-09-01 02:13:25,111 [s2@group-450C7BFC1EDB-StateMachineUpdater] INFO  impl.SimpleStateMachine4Testing (SimpleStateMachine4Testing.java:put(205)) - s2: put 215, m107 -> (t:1, i:215), STATEMACHINELOGENTRY, 236@client-E2425FA9F5E9
2023-09-01 02:13:25,111 [s2@group-450C7BFC1EDB-StateMachineUpdater] INFO  impl.SimpleStateMachine4Testing (SimpleStateMachine4Testing.java:put(205)) - s2: put 217, m108 -> (t:1, i:217), STATEMACHINELOGENTRY, 237@client-E2425FA9F5E9
2023-09-01 02:13:25,111 [s2@group-450C7BFC1EDB-StateMachineUpdater] INFO  impl.SimpleStateMachine4Testing (SimpleStateMachine4Testing.java:put(205)) - s2: put 219, m109 -> (t:1, i:219), STATEMACHINELOGENTRY, 238@client-E2425FA9F5E9
2023-09-01 02:13:25,111 [s2@group-450C7BFC1EDB-StateMachineUpdater] INFO  impl.SimpleStateMachine4Testing (SimpleStateMachine4Testing.java:put(205)) - s2: put 221, m110 -> (t:1, i:221), STATEMACHINELOGENTRY, 239@client-E2425FA9F5E9
2023-09-01 02:13:25,111 [s2@group-450C7BFC1EDB-StateMachineUpdater] INFO  impl.SimpleStateMachine4Testing (SimpleStateMachine4Testing.java:put(205)) - s2: put 223, m111 -> (t:1, i:223), STATEMACHINELOGENTRY, 240@client-E2425FA9F5E9
2023-09-01 02:13:25,111 [s2@group-450C7BFC1EDB-StateMachineUpdater] INFO  impl.SimpleStateMachine4Testing (SimpleStateMachine4Testing.java:put(205)) - s2: put 225, m112 -> (t:1, i:225), STATEMACHINELOGENTRY, 241@client-E2425FA9F5E9
2023-09-01 02:13:25,111 [s2-server-thread2] INFO  server.RaftServer$Division (ServerState.java:setRaftConf(377)) - s2@group-450C7BFC1EDB: set configuration 255: peers:[s0|rpc:localhost:39245|admin:localhost:40607|client:localhost:39019|dataStream:localhost:36499|priority:0|startupRole:FOLLOWER, s1|rpc:0.0.0.0:40155|dataStream:|priority:0|startupRole:FOLLOWER, s2|rpc:0.0.0.0:45705|dataStream:|priority:0|startupRole:FOLLOWER]|listeners:[], old=peers:[s0|rpc:localhost:39245|admin:localhost:40607|client:localhost:39019|dataStream:localhost:36499|priority:0|startupRole:FOLLOWER]|listeners:[]
2023-09-01 02:13:25,111 [s2@group-450C7BFC1EDB-StateMachineUpdater] INFO  impl.SimpleStateMachine4Testing (SimpleStateMachine4Testing.java:put(205)) - s2: put 227, m113 -> (t:1, i:227), STATEMACHINELOGENTRY, 242@client-E2425FA9F5E9
2023-09-01 02:13:25,119 [s2@group-450C7BFC1EDB-StateMachineUpdater] INFO  impl.SimpleStateMachine4Testing (SimpleStateMachine4Testing.java:put(205)) - s2: put 229, m114 -> (t:1, i:229), STATEMACHINELOGENTRY, 243@client-E2425FA9F5E9
2023-09-01 02:13:25,119 [s2@group-450C7BFC1EDB-StateMachineUpdater] INFO  impl.SimpleStateMachine4Testing (SimpleStateMachine4Testing.java:put(205)) - s2: put 231, m115 -> (t:1, i:231), STATEMACHINELOGENTRY, 244@client-E2425FA9F5E9
2023-09-01 02:13:25,120 [s2@group-450C7BFC1EDB-StateMachineUpdater] INFO  impl.SimpleStateMachine4Testing (SimpleStateMachine4Testing.java:put(205)) - s2: put 233, m116 -> (t:1, i:233), STATEMACHINELOGENTRY, 245@client-E2425FA9F5E9
2023-09-01 02:13:25,120 [s2@group-450C7BFC1EDB-StateMachineUpdater] INFO  impl.SimpleStateMachine4Testing (SimpleStateMachine4Testing.java:put(205)) - s2: put 235, m117 -> (t:1, i:235), STATEMACHINELOGENTRY, 246@client-E2425FA9F5E9
2023-09-01 02:13:25,120 [s2@group-450C7BFC1EDB-StateMachineUpdater] INFO  impl.SimpleStateMachine4Testing (SimpleStateMachine4Testing.java:put(205)) - s2: put 237, m118 -> (t:1, i:237), STATEMACHINELOGENTRY, 247@client-E2425FA9F5E9
2023-09-01 02:13:25,120 [s2@group-450C7BFC1EDB-StateMachineUpdater] INFO  impl.SimpleStateMachine4Testing (SimpleStateMachine4Testing.java:put(205)) - s2: put 239, m119 -> (t:1, i:239), STATEMACHINELOGENTRY, 248@client-E2425FA9F5E9
2023-09-01 02:13:25,120 [s2@group-450C7BFC1EDB-StateMachineUpdater] INFO  impl.SimpleStateMachine4Testing (SimpleStateMachine4Testing.java:put(205)) - s2: put 241, m120 -> (t:1, i:241), STATEMACHINELOGENTRY, 249@client-E2425FA9F5E9
2023-09-01 02:13:25,120 [s2@group-450C7BFC1EDB-StateMachineUpdater] INFO  impl.SimpleStateMachine4Testing (SimpleStateMachine4Testing.java:put(205)) - s2: put 243, m121 -> (t:1, i:243), STATEMACHINELOGENTRY, 250@client-E2425FA9F5E9
2023-09-01 02:13:25,121 [s2@group-450C7BFC1EDB-StateMachineUpdater] INFO  impl.SimpleStateMachine4Testing (SimpleStateMachine4Testing.java:put(205)) - s2: put 245, m122 -> (t:1, i:245), STATEMACHINELOGENTRY, 251@client-E2425FA9F5E9
2023-09-01 02:13:25,121 [s2@group-450C7BFC1EDB-StateMachineUpdater] INFO  impl.SimpleStateMachine4Testing (SimpleStateMachine4Testing.java:put(205)) - s2: put 247, m123 -> (t:1, i:247), STATEMACHINELOGENTRY, 252@client-E2425FA9F5E9
2023-09-01 02:13:25,121 [s2@group-450C7BFC1EDB-StateMachineUpdater] INFO  impl.SimpleStateMachine4Testing (SimpleStateMachine4Testing.java:put(205)) - s2: put 249, m124 -> (t:1, i:249), STATEMACHINELOGENTRY, 253@client-E2425FA9F5E9
2023-09-01 02:13:25,121 [s2@group-450C7BFC1EDB-StateMachineUpdater] INFO  impl.SimpleStateMachine4Testing (SimpleStateMachine4Testing.java:put(205)) - s2: put 251, m125 -> (t:1, i:251), STATEMACHINELOGENTRY, 254@client-E2425FA9F5E9
2023-09-01 02:13:25,121 [s2@group-450C7BFC1EDB-StateMachineUpdater] INFO  impl.SimpleStateMachine4Testing (SimpleStateMachine4Testing.java:put(205)) - s2: put 253, m126 -> (t:1, i:253), STATEMACHINELOGENTRY, 255@client-E2425FA9F5E9
2023-09-01 02:13:25,119 [s0@group-450C7BFC1EDB-StateMachineUpdater] TRACE util.FileUtils (FileUtils.java:deleteFully(201)) - deleteFully /tmp/ratis-tests/statemachine/s0/snapshot/1_255
2023-09-01 02:13:25,118 [s0@group-450C7BFC1EDB-LeaderStateImpl] INFO  server.RaftServer$Division (ServerState.java:setRaftConf(377)) - s0@group-450C7BFC1EDB: set configuration 257: peers:[s0|rpc:localhost:39245|admin:localhost:40607|client:localhost:39019|dataStream:localhost:36499|priority:0|startupRole:FOLLOWER, s1|rpc:0.0.0.0:40155|dataStream:|priority:0|startupRole:FOLLOWER, s2|rpc:0.0.0.0:45705|dataStream:|priority:0|startupRole:FOLLOWER]|listeners:[], old=null
2023-09-01 02:13:25,122 [s0@group-450C7BFC1EDB-StateMachineUpdater] TRACE util.FileUtils (FileUtils.java:deleteFully(217)) - deleteFully: /tmp/ratis-tests/statemachine/s0/snapshot/1_255 does not exist.
2023-09-01 02:13:25,122 [s0@group-450C7BFC1EDB-StateMachineUpdater] TRACE util.FileUtils (FileUtils.java:deleteFully(201)) - deleteFully /tmp/ratis-tests/statemachine/s0/tmp/c650e395-01b4-460c-9265-37c79c7554e6
2023-09-01 02:13:25,122 [s0@group-450C7BFC1EDB-StateMachineUpdater] TRACE util.FileUtils (FileUtils.java:deleteFully(217)) - deleteFully: /tmp/ratis-tests/statemachine/s0/tmp/c650e395-01b4-460c-9265-37c79c7554e6 does not exist.
2023-09-01 02:13:25,122 [s0@group-450C7BFC1EDB-StateMachineUpdater] TRACE util.FileUtils (LogUtils.java:runAndLog(49)) - Successfully ran Atomic Files.move /tmp/ratis-tests/statemachine/s0/tmp/c650e395-01b4-460c-9265-37c79c7554e6 to /tmp/ratis-tests/statemachine/s0/snapshot/1_255
2023-09-01 02:13:25,122 [s0@group-450C7BFC1EDB-StateMachineUpdater] INFO  impl.StateMachineUpdater (StateMachineUpdater.java:takeSnapshot(295)) - s0@group-450C7BFC1EDB-StateMachineUpdater: Took a snapshot at index 255
2023-09-01 02:13:25,122 [s0@group-450C7BFC1EDB-StateMachineUpdater] INFO  impl.StateMachineUpdater (StateMachineUpdater.java:lambda$new$0(98)) - s0@group-450C7BFC1EDB-StateMachineUpdater: snapshotIndex: updateIncreasingly 191 -> 255
2023-09-01 02:13:25,116 [s1@group-450C7BFC1EDB-SegmentedRaftLogWorker] INFO  segmented.SegmentedRaftLogWorker (SegmentedRaftLogWorker.java:execute(631)) - s1@group-450C7BFC1EDB-SegmentedRaftLogWorker: created new log segment /home/runner/work/ratis/ratis/ratis-test/target/test/data/1f94b248/MiniRaftClusterWithGrpc1b977058/s1/36bf4486-5d5e-4413-8d6c-450c7bfc1edb/current/log_inprogress_0
2023-09-01 02:13:25,122 [s2-server-thread2] INFO  server.RaftServer$Division (ServerState.java:setRaftConf(377)) - s2@group-450C7BFC1EDB: set configuration 257: peers:[s0|rpc:localhost:39245|admin:localhost:40607|client:localhost:39019|dataStream:localhost:36499|priority:0|startupRole:FOLLOWER, s1|rpc:0.0.0.0:40155|dataStream:|priority:0|startupRole:FOLLOWER, s2|rpc:0.0.0.0:45705|dataStream:|priority:0|startupRole:FOLLOWER]|listeners:[], old=null
2023-09-01 02:13:25,127 [s2@group-450C7BFC1EDB-StateMachineUpdater] TRACE util.FileUtils (FileUtils.java:deleteFully(201)) - deleteFully /tmp/ratis-tests/statemachine/s2/snapshot/1_255
2023-09-01 02:13:25,127 [s2@group-450C7BFC1EDB-StateMachineUpdater] TRACE util.FileUtils (FileUtils.java:deleteFully(217)) - deleteFully: /tmp/ratis-tests/statemachine/s2/snapshot/1_255 does not exist.
2023-09-01 02:13:25,127 [s2@group-450C7BFC1EDB-StateMachineUpdater] TRACE util.FileUtils (FileUtils.java:deleteFully(201)) - deleteFully /tmp/ratis-tests/statemachine/s2/tmp/af9c41be-16bc-45b5-acea-c630a2bb8863
2023-09-01 02:13:25,127 [s2@group-450C7BFC1EDB-StateMachineUpdater] TRACE util.FileUtils (FileUtils.java:deleteFully(217)) - deleteFully: /tmp/ratis-tests/statemachine/s2/tmp/af9c41be-16bc-45b5-acea-c630a2bb8863 does not exist.
2023-09-01 02:13:25,127 [s2@group-450C7BFC1EDB-StateMachineUpdater] TRACE util.FileUtils (LogUtils.java:runAndLog(49)) - Successfully ran Atomic Files.move /tmp/ratis-tests/statemachine/s2/tmp/af9c41be-16bc-45b5-acea-c630a2bb8863 to /tmp/ratis-tests/statemachine/s2/snapshot/1_255
2023-09-01 02:13:25,128 [s2@group-450C7BFC1EDB-StateMachineUpdater] INFO  impl.StateMachineUpdater (StateMachineUpdater.java:takeSnapshot(295)) - s2@group-450C7BFC1EDB-StateMachineUpdater: Took a snapshot at index 255
2023-09-01 02:13:25,128 [s2@group-450C7BFC1EDB-StateMachineUpdater] INFO  impl.StateMachineUpdater (StateMachineUpdater.java:lambda$new$0(98)) - s2@group-450C7BFC1EDB-StateMachineUpdater: snapshotIndex: updateIncreasingly 191 -> 255
2023-09-01 02:13:25,128 [s1@group-450C7BFC1EDB-StateMachineUpdater] INFO  impl.SimpleStateMachine4Testing (SimpleStateMachine4Testing.java:put(205)) - s1: put 1, m0 -> (t:1, i:1), STATEMACHINELOGENTRY, 129@client-E2425FA9F5E9
2023-09-01 02:13:25,128 [s1@group-450C7BFC1EDB-StateMachineUpdater] INFO  impl.SimpleStateMachine4Testing (SimpleStateMachine4Testing.java:put(205)) - s1: put 3, m1 -> (t:1, i:3), STATEMACHINELOGENTRY, 130@client-E2425FA9F5E9
2023-09-01 02:13:25,129 [s1@group-450C7BFC1EDB-StateMachineUpdater] INFO  impl.SimpleStateMachine4Testing (SimpleStateMachine4Testing.java:put(205)) - s1: put 5, m2 -> (t:1, i:5), STATEMACHINELOGENTRY, 131@client-E2425FA9F5E9
2023-09-01 02:13:25,129 [s1@group-450C7BFC1EDB-StateMachineUpdater] INFO  impl.SimpleStateMachine4Testing (SimpleStateMachine4Testing.java:put(205)) - s1: put 7, m3 -> (t:1, i:7), STATEMACHINELOGENTRY, 132@client-E2425FA9F5E9
2023-09-01 02:13:25,129 [s1@group-450C7BFC1EDB-StateMachineUpdater] INFO  impl.SimpleStateMachine4Testing (SimpleStateMachine4Testing.java:put(205)) - s1: put 9, m4 -> (t:1, i:9), STATEMACHINELOGENTRY, 133@client-E2425FA9F5E9
2023-09-01 02:13:25,129 [s1@group-450C7BFC1EDB-StateMachineUpdater] INFO  impl.SimpleStateMachine4Testing (SimpleStateMachine4Testing.java:put(205)) - s1: put 11, m5 -> (t:1, i:11), STATEMACHINELOGENTRY, 134@client-E2425FA9F5E9
2023-09-01 02:13:25,129 [s1@group-450C7BFC1EDB-StateMachineUpdater] INFO  impl.SimpleStateMachine4Testing (SimpleStateMachine4Testing.java:put(205)) - s1: put 13, m6 -> (t:1, i:13), STATEMACHINELOGENTRY, 135@client-E2425FA9F5E9
2023-09-01 02:13:25,129 [s1@group-450C7BFC1EDB-StateMachineUpdater] INFO  impl.SimpleStateMachine4Testing (SimpleStateMachine4Testing.java:put(205)) - s1: put 15, m7 -> (t:1, i:15), STATEMACHINELOGENTRY, 136@client-E2425FA9F5E9
2023-09-01 02:13:25,129 [s1@group-450C7BFC1EDB-StateMachineUpdater] INFO  impl.SimpleStateMachine4Testing (SimpleStateMachine4Testing.java:put(205)) - s1: put 17, m8 -> (t:1, i:17), STATEMACHINELOGENTRY, 137@client-E2425FA9F5E9
2023-09-01 02:13:25,130 [s1@group-450C7BFC1EDB-StateMachineUpdater] INFO  impl.SimpleStateMachine4Testing (SimpleStateMachine4Testing.java:put(205)) - s1: put 19, m9 -> (t:1, i:19), STATEMACHINELOGENTRY, 138@client-E2425FA9F5E9
2023-09-01 02:13:25,130 [s1@group-450C7BFC1EDB-StateMachineUpdater] INFO  impl.SimpleStateMachine4Testing (SimpleStateMachine4Testing.java:put(205)) - s1: put 21, m10 -> (t:1, i:21), STATEMACHINELOGENTRY, 139@client-E2425FA9F5E9
2023-09-01 02:13:25,130 [s1@group-450C7BFC1EDB-StateMachineUpdater] INFO  impl.SimpleStateMachine4Testing (SimpleStateMachine4Testing.java:put(205)) - s1: put 23, m11 -> (t:1, i:23), STATEMACHINELOGENTRY, 140@client-E2425FA9F5E9
2023-09-01 02:13:25,130 [s1@group-450C7BFC1EDB-StateMachineUpdater] INFO  impl.SimpleStateMachine4Testing (SimpleStateMachine4Testing.java:put(205)) - s1: put 25, m12 -> (t:1, i:25), STATEMACHINELOGENTRY, 141@client-E2425FA9F5E9
2023-09-01 02:13:25,130 [s1@group-450C7BFC1EDB-StateMachineUpdater] INFO  impl.SimpleStateMachine4Testing (SimpleStateMachine4Testing.java:put(205)) - s1: put 27, m13 -> (t:1, i:27), STATEMACHINELOGENTRY, 142@client-E2425FA9F5E9
2023-09-01 02:13:25,130 [s1@group-450C7BFC1EDB-StateMachineUpdater] INFO  impl.SimpleStateMachine4Testing (SimpleStateMachine4Testing.java:put(205)) - s1: put 29, m14 -> (t:1, i:29), STATEMACHINELOGENTRY, 143@client-E2425FA9F5E9
2023-09-01 02:13:25,130 [s1@group-450C7BFC1EDB-StateMachineUpdater] INFO  impl.SimpleStateMachine4Testing (SimpleStateMachine4Testing.java:put(205)) - s1: put 31, m15 -> (t:1, i:31), STATEMACHINELOGENTRY, 144@client-E2425FA9F5E9
2023-09-01 02:13:25,130 [s1-server-thread3] INFO  server.RaftServer$Division (ServerState.java:setRaftConf(377)) - s1@group-450C7BFC1EDB: set configuration 255: peers:[s0|rpc:localhost:39245|admin:localhost:40607|client:localhost:39019|dataStream:localhost:36499|priority:0|startupRole:FOLLOWER, s1|rpc:0.0.0.0:40155|dataStream:|priority:0|startupRole:FOLLOWER, s2|rpc:0.0.0.0:45705|dataStream:|priority:0|startupRole:FOLLOWER]|listeners:[], old=peers:[s0|rpc:localhost:39245|admin:localhost:40607|client:localhost:39019|dataStream:localhost:36499|priority:0|startupRole:FOLLOWER]|listeners:[]
2023-09-01 02:13:25,131 [s1-server-thread3] INFO  server.RaftServer$Division (ServerState.java:setRaftConf(377)) - s1@group-450C7BFC1EDB: set configuration 257: peers:[s0|rpc:localhost:39245|admin:localhost:40607|client:localhost:39019|dataStream:localhost:36499|priority:0|startupRole:FOLLOWER, s1|rpc:0.0.0.0:40155|dataStream:|priority:0|startupRole:FOLLOWER, s2|rpc:0.0.0.0:45705|dataStream:|priority:0|startupRole:FOLLOWER]|listeners:[], old=null
2023-09-01 02:13:25,131 [s1@group-450C7BFC1EDB-StateMachineUpdater] INFO  impl.SimpleStateMachine4Testing (SimpleStateMachine4Testing.java:put(205)) - s1: put 33, m16 -> (t:1, i:33), STATEMACHINELOGENTRY, 145@client-E2425FA9F5E9
2023-09-01 02:13:25,139 [s1@group-450C7BFC1EDB-StateMachineUpdater] INFO  impl.SimpleStateMachine4Testing (SimpleStateMachine4Testing.java:put(205)) - s1: put 35, m17 -> (t:1, i:35), STATEMACHINELOGENTRY, 146@client-E2425FA9F5E9
2023-09-01 02:13:25,139 [s1@group-450C7BFC1EDB-StateMachineUpdater] INFO  impl.SimpleStateMachine4Testing (SimpleStateMachine4Testing.java:put(205)) - s1: put 37, m18 -> (t:1, i:37), STATEMACHINELOGENTRY, 147@client-E2425FA9F5E9
2023-09-01 02:13:25,139 [s1@group-450C7BFC1EDB-StateMachineUpdater] INFO  impl.SimpleStateMachine4Testing (SimpleStateMachine4Testing.java:put(205)) - s1: put 39, m19 -> (t:1, i:39), STATEMACHINELOGENTRY, 148@client-E2425FA9F5E9
2023-09-01 02:13:25,140 [s1@group-450C7BFC1EDB-StateMachineUpdater] INFO  impl.SimpleStateMachine4Testing (SimpleStateMachine4Testing.java:put(205)) - s1: put 41, m20 -> (t:1, i:41), STATEMACHINELOGENTRY, 149@client-E2425FA9F5E9
2023-09-01 02:13:25,140 [s1@group-450C7BFC1EDB-StateMachineUpdater] INFO  impl.SimpleStateMachine4Testing (SimpleStateMachine4Testing.java:put(205)) - s1: put 43, m21 -> (t:1, i:43), STATEMACHINELOGENTRY, 150@client-E2425FA9F5E9
2023-09-01 02:13:25,140 [s1@group-450C7BFC1EDB-StateMachineUpdater] INFO  impl.SimpleStateMachine4Testing (SimpleStateMachine4Testing.java:put(205)) - s1: put 45, m22 -> (t:1, i:45), STATEMACHINELOGENTRY, 151@client-E2425FA9F5E9
2023-09-01 02:13:25,140 [s1@group-450C7BFC1EDB-StateMachineUpdater] INFO  impl.SimpleStateMachine4Testing (SimpleStateMachine4Testing.java:put(205)) - s1: put 47, m23 -> (t:1, i:47), STATEMACHINELOGENTRY, 152@client-E2425FA9F5E9
2023-09-01 02:13:25,140 [s1@group-450C7BFC1EDB-StateMachineUpdater] INFO  impl.SimpleStateMachine4Testing (SimpleStateMachine4Testing.java:put(205)) - s1: put 49, m24 -> (t:1, i:49), STATEMACHINELOGENTRY, 153@client-E2425FA9F5E9
2023-09-01 02:13:25,140 [s1@group-450C7BFC1EDB-StateMachineUpdater] INFO  impl.SimpleStateMachine4Testing (SimpleStateMachine4Testing.java:put(205)) - s1: put 51, m25 -> (t:1, i:51), STATEMACHINELOGENTRY, 154@client-E2425FA9F5E9
2023-09-01 02:13:25,140 [s1@group-450C7BFC1EDB-StateMachineUpdater] INFO  impl.SimpleStateMachine4Testing (SimpleStateMachine4Testing.java:put(205)) - s1: put 53, m26 -> (t:1, i:53), STATEMACHINELOGENTRY, 155@client-E2425FA9F5E9
2023-09-01 02:13:25,141 [s1@group-450C7BFC1EDB-StateMachineUpdater] INFO  impl.SimpleStateMachine4Testing (SimpleStateMachine4Testing.java:put(205)) - s1: put 55, m27 -> (t:1, i:55), STATEMACHINELOGENTRY, 156@client-E2425FA9F5E9
2023-09-01 02:13:25,141 [s1@group-450C7BFC1EDB-StateMachineUpdater] INFO  impl.SimpleStateMachine4Testing (SimpleStateMachine4Testing.java:put(205)) - s1: put 57, m28 -> (t:1, i:57), STATEMACHINELOGENTRY, 157@client-E2425FA9F5E9
2023-09-01 02:13:25,141 [s1@group-450C7BFC1EDB-StateMachineUpdater] INFO  impl.SimpleStateMachine4Testing (SimpleStateMachine4Testing.java:put(205)) - s1: put 59, m29 -> (t:1, i:59), STATEMACHINELOGENTRY, 158@client-E2425FA9F5E9
2023-09-01 02:13:25,141 [s1@group-450C7BFC1EDB-StateMachineUpdater] INFO  impl.SimpleStateMachine4Testing (SimpleStateMachine4Testing.java:put(205)) - s1: put 61, m30 -> (t:1, i:61), STATEMACHINELOGENTRY, 159@client-E2425FA9F5E9
2023-09-01 02:13:25,141 [s1@group-450C7BFC1EDB-StateMachineUpdater] INFO  impl.SimpleStateMachine4Testing (SimpleStateMachine4Testing.java:put(205)) - s1: put 63, m31 -> (t:1, i:63), STATEMACHINELOGENTRY, 160@client-E2425FA9F5E9
2023-09-01 02:13:25,141 [s1@group-450C7BFC1EDB-StateMachineUpdater] INFO  impl.SimpleStateMachine4Testing (SimpleStateMachine4Testing.java:put(205)) - s1: put 65, m32 -> (t:1, i:65), STATEMACHINELOGENTRY, 161@client-E2425FA9F5E9
2023-09-01 02:13:25,142 [s1@group-450C7BFC1EDB-StateMachineUpdater] INFO  impl.SimpleStateMachine4Testing (SimpleStateMachine4Testing.java:put(205)) - s1: put 67, m33 -> (t:1, i:67), STATEMACHINELOGENTRY, 162@client-E2425FA9F5E9
2023-09-01 02:13:25,142 [s1@group-450C7BFC1EDB-StateMachineUpdater] INFO  impl.SimpleStateMachine4Testing (SimpleStateMachine4Testing.java:put(205)) - s1: put 69, m34 -> (t:1, i:69), STATEMACHINELOGENTRY, 163@client-E2425FA9F5E9
2023-09-01 02:13:25,142 [s1@group-450C7BFC1EDB-StateMachineUpdater] INFO  impl.SimpleStateMachine4Testing (SimpleStateMachine4Testing.java:put(205)) - s1: put 71, m35 -> (t:1, i:71), STATEMACHINELOGENTRY, 164@client-E2425FA9F5E9
2023-09-01 02:13:25,142 [s1@group-450C7BFC1EDB-StateMachineUpdater] INFO  impl.SimpleStateMachine4Testing (SimpleStateMachine4Testing.java:put(205)) - s1: put 73, m36 -> (t:1, i:73), STATEMACHINELOGENTRY, 165@client-E2425FA9F5E9
2023-09-01 02:13:25,142 [s1@group-450C7BFC1EDB-StateMachineUpdater] INFO  impl.SimpleStateMachine4Testing (SimpleStateMachine4Testing.java:put(205)) - s1: put 75, m37 -> (t:1, i:75), STATEMACHINELOGENTRY, 166@client-E2425FA9F5E9
2023-09-01 02:13:25,142 [s1@group-450C7BFC1EDB-StateMachineUpdater] INFO  impl.SimpleStateMachine4Testing (SimpleStateMachine4Testing.java:put(205)) - s1: put 77, m38 -> (t:1, i:77), STATEMACHINELOGENTRY, 167@client-E2425FA9F5E9
2023-09-01 02:13:25,142 [s1@group-450C7BFC1EDB-StateMachineUpdater] INFO  impl.SimpleStateMachine4Testing (SimpleStateMachine4Testing.java:put(205)) - s1: put 79, m39 -> (t:1, i:79), STATEMACHINELOGENTRY, 168@client-E2425FA9F5E9
2023-09-01 02:13:25,143 [s1@group-450C7BFC1EDB-StateMachineUpdater] INFO  impl.SimpleStateMachine4Testing (SimpleStateMachine4Testing.java:put(205)) - s1: put 81, m40 -> (t:1, i:81), STATEMACHINELOGENTRY, 169@client-E2425FA9F5E9
2023-09-01 02:13:25,143 [s1@group-450C7BFC1EDB-StateMachineUpdater] INFO  impl.SimpleStateMachine4Testing (SimpleStateMachine4Testing.java:put(205)) - s1: put 83, m41 -> (t:1, i:83), STATEMACHINELOGENTRY, 170@client-E2425FA9F5E9
2023-09-01 02:13:25,143 [s1@group-450C7BFC1EDB-StateMachineUpdater] INFO  impl.SimpleStateMachine4Testing (SimpleStateMachine4Testing.java:put(205)) - s1: put 85, m42 -> (t:1, i:85), STATEMACHINELOGENTRY, 171@client-E2425FA9F5E9
2023-09-01 02:13:25,143 [s1@group-450C7BFC1EDB-StateMachineUpdater] INFO  impl.SimpleStateMachine4Testing (SimpleStateMachine4Testing.java:put(205)) - s1: put 87, m43 -> (t:1, i:87), STATEMACHINELOGENTRY, 172@client-E2425FA9F5E9
2023-09-01 02:13:25,143 [s1@group-450C7BFC1EDB-StateMachineUpdater] INFO  impl.SimpleStateMachine4Testing (SimpleStateMachine4Testing.java:put(205)) - s1: put 89, m44 -> (t:1, i:89), STATEMACHINELOGENTRY, 173@client-E2425FA9F5E9
2023-09-01 02:13:25,143 [s1@group-450C7BFC1EDB-StateMachineUpdater] INFO  impl.SimpleStateMachine4Testing (SimpleStateMachine4Testing.java:put(205)) - s1: put 91, m45 -> (t:1, i:91), STATEMACHINELOGENTRY, 174@client-E2425FA9F5E9
2023-09-01 02:13:25,143 [s1@group-450C7BFC1EDB-StateMachineUpdater] INFO  impl.SimpleStateMachine4Testing (SimpleStateMachine4Testing.java:put(205)) - s1: put 93, m46 -> (t:1, i:93), STATEMACHINELOGENTRY, 175@client-E2425FA9F5E9
2023-09-01 02:13:25,143 [s1@group-450C7BFC1EDB-StateMachineUpdater] INFO  impl.SimpleStateMachine4Testing (SimpleStateMachine4Testing.java:put(205)) - s1: put 95, m47 -> (t:1, i:95), STATEMACHINELOGENTRY, 176@client-E2425FA9F5E9
2023-09-01 02:13:25,144 [s1@group-450C7BFC1EDB-StateMachineUpdater] INFO  impl.SimpleStateMachine4Testing (SimpleStateMachine4Testing.java:put(205)) - s1: put 97, m48 -> (t:1, i:97), STATEMACHINELOGENTRY, 177@client-E2425FA9F5E9
2023-09-01 02:13:25,144 [s1@group-450C7BFC1EDB-StateMachineUpdater] INFO  impl.SimpleStateMachine4Testing (SimpleStateMachine4Testing.java:put(205)) - s1: put 99, m49 -> (t:1, i:99), STATEMACHINELOGENTRY, 178@client-E2425FA9F5E9
2023-09-01 02:13:25,144 [s1@group-450C7BFC1EDB-StateMachineUpdater] INFO  impl.SimpleStateMachine4Testing (SimpleStateMachine4Testing.java:put(205)) - s1: put 101, m50 -> (t:1, i:101), STATEMACHINELOGENTRY, 179@client-E2425FA9F5E9
2023-09-01 02:13:25,145 [s1@group-450C7BFC1EDB-StateMachineUpdater] INFO  impl.SimpleStateMachine4Testing (SimpleStateMachine4Testing.java:put(205)) - s1: put 103, m51 -> (t:1, i:103), STATEMACHINELOGENTRY, 180@client-E2425FA9F5E9
2023-09-01 02:13:25,145 [Time-limited test] INFO  server.RaftServerConfigKeys (ConfUtils.java:logGet(46)) - raft.server.rpc.timeout.max = 300ms (default)
2023-09-01 02:13:25,145 [Time-limited test] INFO  impl.RaftServerTestUtil (RaftServerTestUtil.java:waitAndCheckNewConf(87)) - waitAndCheckNewConf: peers=[s1|rpc:0.0.0.0:40155|priority:0|startupRole:FOLLOWER, s2|rpc:0.0.0.0:45705|priority:0|startupRole:FOLLOWER, s0|rpc:localhost:39245|admin:localhost:40607|client:localhost:39019|dataStream:localhost:36499|priority:0|startupRole:FOLLOWER], deadPeers=null, printing ALL groups
  s0:  RUNNING    LEADER s0@group-450C7BFC1EDB:t1, leader=s0, voted=s0, raftlog=Memoized:s0@group-450C7BFC1EDB-SegmentedRaftLog:OPENED:c258, conf=257: peers:[s0|rpc:localhost:39245|admin:localhost:40607|client:localhost:39019|dataStream:localhost:36499|priority:0|startupRole:FOLLOWER, s1|rpc:0.0.0.0:40155|dataStream:|priority:0|startupRole:FOLLOWER, s2|rpc:0.0.0.0:45705|dataStream:|priority:0|startupRole:FOLLOWER]|listeners:[], old=null RUNNING
  s1:  RUNNING  FOLLOWER s1@group-450C7BFC1EDB:t1, leader=s0, voted=null, raftlog=Memoized:s1@group-450C7BFC1EDB-SegmentedRaftLog:OPENED:c257, conf=257: peers:[s0|rpc:localhost:39245|admin:localhost:40607|client:localhost:39019|dataStream:localhost:36499|priority:0|startupRole:FOLLOWER, s1|rpc:0.0.0.0:40155|dataStream:|priority:0|startupRole:FOLLOWER, s2|rpc:0.0.0.0:45705|dataStream:|priority:0|startupRole:FOLLOWER]|listeners:[], old=null RUNNING
  s2:  RUNNING  FOLLOWER s2@group-450C7BFC1EDB:t1, leader=s0, voted=null, raftlog=Memoized:s2@group-450C7BFC1EDB-SegmentedRaftLog:OPENED:c257, conf=257: peers:[s0|rpc:localhost:39245|admin:localhost:40607|client:localhost:39019|dataStream:localhost:36499|priority:0|startupRole:FOLLOWER, s1|rpc:0.0.0.0:40155|dataStream:|priority:0|startupRole:FOLLOWER, s2|rpc:0.0.0.0:45705|dataStream:|priority:0|startupRole:FOLLOWER]|listeners:[], old=null RUNNING
2023-09-01 02:13:25,146 [Time-limited test] INFO  impl.RaftServerTestUtil (RaftServerTestUtil.java:waitAndCheckNewConf(96)) - checking    LEADER s0@group-450C7BFC1EDB:t1, leader=s0, voted=s0, raftlog=Memoized:s0@group-450C7BFC1EDB-SegmentedRaftLog:OPENED:c258, conf=257: peers:[s0|rpc:localhost:39245|admin:localhost:40607|client:localhost:39019|dataStream:localhost:36499|priority:0|startupRole:FOLLOWER, s1|rpc:0.0.0.0:40155|dataStream:|priority:0|startupRole:FOLLOWER, s2|rpc:0.0.0.0:45705|dataStream:|priority:0|startupRole:FOLLOWER]|listeners:[], old=null RUNNING
2023-09-01 02:13:25,146 [Time-limited test] INFO  impl.RaftServerTestUtil (RaftServerTestUtil.java:waitAndCheckNewConf(96)) - checking  FOLLOWER s1@group-450C7BFC1EDB:t1, leader=s0, voted=null, raftlog=Memoized:s1@group-450C7BFC1EDB-SegmentedRaftLog:OPENED:c257, conf=257: peers:[s0|rpc:localhost:39245|admin:localhost:40607|client:localhost:39019|dataStream:localhost:36499|priority:0|startupRole:FOLLOWER, s1|rpc:0.0.0.0:40155|dataStream:|priority:0|startupRole:FOLLOWER, s2|rpc:0.0.0.0:45705|dataStream:|priority:0|startupRole:FOLLOWER]|listeners:[], old=null RUNNING
2023-09-01 02:13:25,146 [Time-limited test] INFO  impl.RaftServerTestUtil (RaftServerTestUtil.java:waitAndCheckNewConf(96)) - checking  FOLLOWER s2@group-450C7BFC1EDB:t1, leader=s0, voted=null, raftlog=Memoized:s2@group-450C7BFC1EDB-SegmentedRaftLog:OPENED:c257, conf=257: peers:[s0|rpc:localhost:39245|admin:localhost:40607|client:localhost:39019|dataStream:localhost:36499|priority:0|startupRole:FOLLOWER, s1|rpc:0.0.0.0:40155|dataStream:|priority:0|startupRole:FOLLOWER, s2|rpc:0.0.0.0:45705|dataStream:|priority:0|startupRole:FOLLOWER]|listeners:[], old=null RUNNING
2023-09-01 02:13:25,146 [Time-limited test] WARN  ratis.InstallSnapshotFromLeaderTests (JavaUtils.java:attempt(217)) - FAILED "check snapshot", attempt #1/10: java.lang.AssertionError, sleep 1s and then retry.
java.lang.AssertionError
	at org.junit.Assert.fail(Assert.java:87)
	at org.junit.Assert.assertTrue(Assert.java:42)
	at org.junit.Assert.assertNotNull(Assert.java:713)
	at org.junit.Assert.assertNotNull(Assert.java:723)
	at org.apache.ratis.InstallSnapshotFromLeaderTests.lambda$testMultiFileInstallSnapshot$0(InstallSnapshotFromLeaderTests.java:123)
	at org.apache.ratis.util.function.CheckedRunnable.lambda$asCheckedSupplier$0(CheckedRunnable.java:32)
	at org.apache.ratis.util.JavaUtils.attempt(JavaUtils.java:211)
	at org.apache.ratis.util.JavaUtils.attemptRepeatedly(JavaUtils.java:197)
	at org.apache.ratis.util.JavaUtils.attempt(JavaUtils.java:231)
	at org.apache.ratis.InstallSnapshotFromLeaderTests.testMultiFileInstallSnapshot(InstallSnapshotFromLeaderTests.java:120)
	at org.apache.ratis.server.impl.MiniRaftCluster$Factory$Get.runWithNewCluster(MiniRaftCluster.java:141)
	at org.apache.ratis.server.impl.MiniRaftCluster$Factory$Get.runWithNewCluster(MiniRaftCluster.java:121)
	at org.apache.ratis.InstallSnapshotFromLeaderTests.testSeparateSnapshotInstallPath(InstallSnapshotFromLeaderTests.java:87)
	at java.base/jdk.internal.reflect.NativeMethodAccessorImpl.invoke0(Native Method)
	at java.base/jdk.internal.reflect.NativeMethodAccessorImpl.invoke(NativeMethodAccessorImpl.java:62)
	at java.base/jdk.internal.reflect.DelegatingMethodAccessorImpl.invoke(DelegatingMethodAccessorImpl.java:43)
	at java.base/java.lang.reflect.Method.invoke(Method.java:566)
	at org.junit.runners.model.FrameworkMethod$1.runReflectiveCall(FrameworkMethod.java:59)
	at org.junit.internal.runners.model.ReflectiveCallable.run(ReflectiveCallable.java:12)
	at org.junit.runners.model.FrameworkMethod.invokeExplosively(FrameworkMethod.java:56)
	at org.junit.internal.runners.statements.InvokeMethod.evaluate(InvokeMethod.java:17)
	at org.junit.internal.runners.statements.RunAfters.evaluate(RunAfters.java:27)
	at org.junit.internal.runners.statements.FailOnTimeout$CallableStatement.call(FailOnTimeout.java:299)
	at org.junit.internal.runners.statements.FailOnTimeout$CallableStatement.call(FailOnTimeout.java:293)
	at java.base/java.util.concurrent.FutureTask.run(FutureTask.java:264)
	at java.base/java.lang.Thread.run(Thread.java:829)
2023-09-01 02:13:25,145 [s1@group-450C7BFC1EDB-StateMachineUpdater] INFO  impl.SimpleStateMachine4Testing (SimpleStateMachine4Testing.java:put(205)) - s1: put 105, m52 -> (t:1, i:105), STATEMACHINELOGENTRY, 181@client-E2425FA9F5E9
2023-09-01 02:13:25,150 [s1@group-450C7BFC1EDB-StateMachineUpdater] INFO  impl.SimpleStateMachine4Testing (SimpleStateMachine4Testing.java:put(205)) - s1: put 107, m53 -> (t:1, i:107), STATEMACHINELOGENTRY, 182@client-E2425FA9F5E9
2023-09-01 02:13:25,150 [s1@group-450C7BFC1EDB-StateMachineUpdater] INFO  impl.SimpleStateMachine4Testing (SimpleStateMachine4Testing.java:put(205)) - s1: put 109, m54 -> (t:1, i:109), STATEMACHINELOGENTRY, 183@client-E2425FA9F5E9
2023-09-01 02:13:25,150 [s1@group-450C7BFC1EDB-StateMachineUpdater] INFO  impl.SimpleStateMachine4Testing (SimpleStateMachine4Testing.java:put(205)) - s1: put 111, m55 -> (t:1, i:111), STATEMACHINELOGENTRY, 184@client-E2425FA9F5E9
2023-09-01 02:13:25,151 [s1@group-450C7BFC1EDB-StateMachineUpdater] INFO  impl.SimpleStateMachine4Testing (SimpleStateMachine4Testing.java:put(205)) - s1: put 113, m56 -> (t:1, i:113), STATEMACHINELOGENTRY, 185@client-E2425FA9F5E9
2023-09-01 02:13:25,151 [s1@group-450C7BFC1EDB-StateMachineUpdater] INFO  impl.SimpleStateMachine4Testing (SimpleStateMachine4Testing.java:put(205)) - s1: put 115, m57 -> (t:1, i:115), STATEMACHINELOGENTRY, 186@client-E2425FA9F5E9
2023-09-01 02:13:25,151 [s1@group-450C7BFC1EDB-StateMachineUpdater] INFO  impl.SimpleStateMachine4Testing (SimpleStateMachine4Testing.java:put(205)) - s1: put 117, m58 -> (t:1, i:117), STATEMACHINELOGENTRY, 187@client-E2425FA9F5E9
2023-09-01 02:13:25,151 [s1@group-450C7BFC1EDB-StateMachineUpdater] INFO  impl.SimpleStateMachine4Testing (SimpleStateMachine4Testing.java:put(205)) - s1: put 119, m59 -> (t:1, i:119), STATEMACHINELOGENTRY, 188@client-E2425FA9F5E9
2023-09-01 02:13:25,151 [s1@group-450C7BFC1EDB-StateMachineUpdater] INFO  impl.SimpleStateMachine4Testing (SimpleStateMachine4Testing.java:put(205)) - s1: put 121, m60 -> (t:1, i:121), STATEMACHINELOGENTRY, 189@client-E2425FA9F5E9
2023-09-01 02:13:25,151 [s1@group-450C7BFC1EDB-StateMachineUpdater] INFO  impl.SimpleStateMachine4Testing (SimpleStateMachine4Testing.java:put(205)) - s1: put 123, m61 -> (t:1, i:123), STATEMACHINELOGENTRY, 190@client-E2425FA9F5E9
2023-09-01 02:13:25,151 [s1@group-450C7BFC1EDB-StateMachineUpdater] INFO  impl.SimpleStateMachine4Testing (SimpleStateMachine4Testing.java:put(205)) - s1: put 125, m62 -> (t:1, i:125), STATEMACHINELOGENTRY, 191@client-E2425FA9F5E9
2023-09-01 02:13:25,151 [s1@group-450C7BFC1EDB-StateMachineUpdater] INFO  impl.SimpleStateMachine4Testing (SimpleStateMachine4Testing.java:put(205)) - s1: put 127, m63 -> (t:1, i:127), STATEMACHINELOGENTRY, 192@client-E2425FA9F5E9
2023-09-01 02:13:25,152 [s1@group-450C7BFC1EDB-StateMachineUpdater] INFO  impl.SimpleStateMachine4Testing (SimpleStateMachine4Testing.java:put(205)) - s1: put 129, m64 -> (t:1, i:129), STATEMACHINELOGENTRY, 193@client-E2425FA9F5E9
2023-09-01 02:13:25,152 [s1@group-450C7BFC1EDB-StateMachineUpdater] INFO  impl.SimpleStateMachine4Testing (SimpleStateMachine4Testing.java:put(205)) - s1: put 131, m65 -> (t:1, i:131), STATEMACHINELOGENTRY, 194@client-E2425FA9F5E9
2023-09-01 02:13:25,152 [s1@group-450C7BFC1EDB-StateMachineUpdater] INFO  impl.SimpleStateMachine4Testing (SimpleStateMachine4Testing.java:put(205)) - s1: put 133, m66 -> (t:1, i:133), STATEMACHINELOGENTRY, 195@client-E2425FA9F5E9
2023-09-01 02:13:25,152 [s1@group-450C7BFC1EDB-StateMachineUpdater] INFO  impl.SimpleStateMachine4Testing (SimpleStateMachine4Testing.java:put(205)) - s1: put 135, m67 -> (t:1, i:135), STATEMACHINELOGENTRY, 196@client-E2425FA9F5E9
2023-09-01 02:13:25,152 [s1@group-450C7BFC1EDB-StateMachineUpdater] INFO  impl.SimpleStateMachine4Testing (SimpleStateMachine4Testing.java:put(205)) - s1: put 137, m68 -> (t:1, i:137), STATEMACHINELOGENTRY, 197@client-E2425FA9F5E9
2023-09-01 02:13:25,152 [s1@group-450C7BFC1EDB-StateMachineUpdater] INFO  impl.SimpleStateMachine4Testing (SimpleStateMachine4Testing.java:put(205)) - s1: put 139, m69 -> (t:1, i:139), STATEMACHINELOGENTRY, 198@client-E2425FA9F5E9
2023-09-01 02:13:25,152 [s1@group-450C7BFC1EDB-StateMachineUpdater] INFO  impl.SimpleStateMachine4Testing (SimpleStateMachine4Testing.java:put(205)) - s1: put 141, m70 -> (t:1, i:141), STATEMACHINELOGENTRY, 199@client-E2425FA9F5E9
2023-09-01 02:13:25,152 [s1@group-450C7BFC1EDB-StateMachineUpdater] INFO  impl.SimpleStateMachine4Testing (SimpleStateMachine4Testing.java:put(205)) - s1: put 143, m71 -> (t:1, i:143), STATEMACHINELOGENTRY, 200@client-E2425FA9F5E9
2023-09-01 02:13:25,152 [s1@group-450C7BFC1EDB-StateMachineUpdater] INFO  impl.SimpleStateMachine4Testing (SimpleStateMachine4Testing.java:put(205)) - s1: put 145, m72 -> (t:1, i:145), STATEMACHINELOGENTRY, 201@client-E2425FA9F5E9
2023-09-01 02:13:25,153 [s1@group-450C7BFC1EDB-StateMachineUpdater] INFO  impl.SimpleStateMachine4Testing (SimpleStateMachine4Testing.java:put(205)) - s1: put 147, m73 -> (t:1, i:147), STATEMACHINELOGENTRY, 202@client-E2425FA9F5E9
2023-09-01 02:13:25,153 [s1@group-450C7BFC1EDB-StateMachineUpdater] INFO  impl.SimpleStateMachine4Testing (SimpleStateMachine4Testing.java:put(205)) - s1: put 149, m74 -> (t:1, i:149), STATEMACHINELOGENTRY, 203@client-E2425FA9F5E9
2023-09-01 02:13:25,153 [s1@group-450C7BFC1EDB-StateMachineUpdater] INFO  impl.SimpleStateMachine4Testing (SimpleStateMachine4Testing.java:put(205)) - s1: put 151, m75 -> (t:1, i:151), STATEMACHINELOGENTRY, 204@client-E2425FA9F5E9
2023-09-01 02:13:25,153 [s1@group-450C7BFC1EDB-StateMachineUpdater] INFO  impl.SimpleStateMachine4Testing (SimpleStateMachine4Testing.java:put(205)) - s1: put 153, m76 -> (t:1, i:153), STATEMACHINELOGENTRY, 205@client-E2425FA9F5E9
2023-09-01 02:13:25,153 [s1@group-450C7BFC1EDB-StateMachineUpdater] INFO  impl.SimpleStateMachine4Testing (SimpleStateMachine4Testing.java:put(205)) - s1: put 155, m77 -> (t:1, i:155), STATEMACHINELOGENTRY, 206@client-E2425FA9F5E9
2023-09-01 02:13:25,153 [s1@group-450C7BFC1EDB-StateMachineUpdater] INFO  impl.SimpleStateMachine4Testing (SimpleStateMachine4Testing.java:put(205)) - s1: put 157, m78 -> (t:1, i:157), STATEMACHINELOGENTRY, 207@client-E2425FA9F5E9
2023-09-01 02:13:25,153 [s1@group-450C7BFC1EDB-StateMachineUpdater] INFO  impl.SimpleStateMachine4Testing (SimpleStateMachine4Testing.java:put(205)) - s1: put 159, m79 -> (t:1, i:159), STATEMACHINELOGENTRY, 208@client-E2425FA9F5E9
2023-09-01 02:13:25,153 [s1@group-450C7BFC1EDB-StateMachineUpdater] INFO  impl.SimpleStateMachine4Testing (SimpleStateMachine4Testing.java:put(205)) - s1: put 161, m80 -> (t:1, i:161), STATEMACHINELOGENTRY, 209@client-E2425FA9F5E9
2023-09-01 02:13:25,154 [s1@group-450C7BFC1EDB-StateMachineUpdater] INFO  impl.SimpleStateMachine4Testing (SimpleStateMachine4Testing.java:put(205)) - s1: put 163, m81 -> (t:1, i:163), STATEMACHINELOGENTRY, 210@client-E2425FA9F5E9
2023-09-01 02:13:25,154 [s1@group-450C7BFC1EDB-StateMachineUpdater] INFO  impl.SimpleStateMachine4Testing (SimpleStateMachine4Testing.java:put(205)) - s1: put 165, m82 -> (t:1, i:165), STATEMACHINELOGENTRY, 211@client-E2425FA9F5E9
2023-09-01 02:13:25,154 [s1@group-450C7BFC1EDB-StateMachineUpdater] INFO  impl.SimpleStateMachine4Testing (SimpleStateMachine4Testing.java:put(205)) - s1: put 167, m83 -> (t:1, i:167), STATEMACHINELOGENTRY, 212@client-E2425FA9F5E9
2023-09-01 02:13:25,154 [s1@group-450C7BFC1EDB-StateMachineUpdater] INFO  impl.SimpleStateMachine4Testing (SimpleStateMachine4Testing.java:put(205)) - s1: put 169, m84 -> (t:1, i:169), STATEMACHINELOGENTRY, 213@client-E2425FA9F5E9
2023-09-01 02:13:25,154 [s1@group-450C7BFC1EDB-StateMachineUpdater] INFO  impl.SimpleStateMachine4Testing (SimpleStateMachine4Testing.java:put(205)) - s1: put 171, m85 -> (t:1, i:171), STATEMACHINELOGENTRY, 214@client-E2425FA9F5E9
2023-09-01 02:13:25,154 [s1@group-450C7BFC1EDB-StateMachineUpdater] INFO  impl.SimpleStateMachine4Testing (SimpleStateMachine4Testing.java:put(205)) - s1: put 173, m86 -> (t:1, i:173), STATEMACHINELOGENTRY, 215@client-E2425FA9F5E9
2023-09-01 02:13:25,154 [s1@group-450C7BFC1EDB-StateMachineUpdater] INFO  impl.SimpleStateMachine4Testing (SimpleStateMachine4Testing.java:put(205)) - s1: put 175, m87 -> (t:1, i:175), STATEMACHINELOGENTRY, 216@client-E2425FA9F5E9
2023-09-01 02:13:25,154 [s1@group-450C7BFC1EDB-StateMachineUpdater] INFO  impl.SimpleStateMachine4Testing (SimpleStateMachine4Testing.java:put(205)) - s1: put 177, m88 -> (t:1, i:177), STATEMACHINELOGENTRY, 217@client-E2425FA9F5E9
2023-09-01 02:13:25,155 [s1@group-450C7BFC1EDB-StateMachineUpdater] INFO  impl.SimpleStateMachine4Testing (SimpleStateMachine4Testing.java:put(205)) - s1: put 179, m89 -> (t:1, i:179), STATEMACHINELOGENTRY, 218@client-E2425FA9F5E9
2023-09-01 02:13:25,155 [s1@group-450C7BFC1EDB-StateMachineUpdater] INFO  impl.SimpleStateMachine4Testing (SimpleStateMachine4Testing.java:put(205)) - s1: put 181, m90 -> (t:1, i:181), STATEMACHINELOGENTRY, 219@client-E2425FA9F5E9
2023-09-01 02:13:25,155 [s1@group-450C7BFC1EDB-StateMachineUpdater] INFO  impl.SimpleStateMachine4Testing (SimpleStateMachine4Testing.java:put(205)) - s1: put 183, m91 -> (t:1, i:183), STATEMACHINELOGENTRY, 220@client-E2425FA9F5E9
2023-09-01 02:13:25,155 [s1@group-450C7BFC1EDB-StateMachineUpdater] INFO  impl.SimpleStateMachine4Testing (SimpleStateMachine4Testing.java:put(205)) - s1: put 185, m92 -> (t:1, i:185), STATEMACHINELOGENTRY, 221@client-E2425FA9F5E9
2023-09-01 02:13:25,155 [s1@group-450C7BFC1EDB-StateMachineUpdater] INFO  impl.SimpleStateMachine4Testing (SimpleStateMachine4Testing.java:put(205)) - s1: put 187, m93 -> (t:1, i:187), STATEMACHINELOGENTRY, 222@client-E2425FA9F5E9
2023-09-01 02:13:25,155 [s1@group-450C7BFC1EDB-StateMachineUpdater] INFO  impl.SimpleStateMachine4Testing (SimpleStateMachine4Testing.java:put(205)) - s1: put 189, m94 -> (t:1, i:189), STATEMACHINELOGENTRY, 223@client-E2425FA9F5E9
2023-09-01 02:13:25,155 [s1@group-450C7BFC1EDB-StateMachineUpdater] INFO  impl.SimpleStateMachine4Testing (SimpleStateMachine4Testing.java:put(205)) - s1: put 191, m95 -> (t:1, i:191), STATEMACHINELOGENTRY, 224@client-E2425FA9F5E9
2023-09-01 02:13:25,155 [s1@group-450C7BFC1EDB-StateMachineUpdater] INFO  impl.SimpleStateMachine4Testing (SimpleStateMachine4Testing.java:put(205)) - s1: put 193, m96 -> (t:1, i:193), STATEMACHINELOGENTRY, 225@client-E2425FA9F5E9
2023-09-01 02:13:25,156 [s1@group-450C7BFC1EDB-StateMachineUpdater] INFO  impl.SimpleStateMachine4Testing (SimpleStateMachine4Testing.java:put(205)) - s1: put 195, m97 -> (t:1, i:195), STATEMACHINELOGENTRY, 226@client-E2425FA9F5E9
2023-09-01 02:13:25,156 [s1@group-450C7BFC1EDB-StateMachineUpdater] INFO  impl.SimpleStateMachine4Testing (SimpleStateMachine4Testing.java:put(205)) - s1: put 197, m98 -> (t:1, i:197), STATEMACHINELOGENTRY, 227@client-E2425FA9F5E9
2023-09-01 02:13:25,156 [s1@group-450C7BFC1EDB-StateMachineUpdater] INFO  impl.SimpleStateMachine4Testing (SimpleStateMachine4Testing.java:put(205)) - s1: put 199, m99 -> (t:1, i:199), STATEMACHINELOGENTRY, 228@client-E2425FA9F5E9
2023-09-01 02:13:25,156 [s1@group-450C7BFC1EDB-StateMachineUpdater] INFO  impl.SimpleStateMachine4Testing (SimpleStateMachine4Testing.java:put(205)) - s1: put 201, m100 -> (t:1, i:201), STATEMACHINELOGENTRY, 229@client-E2425FA9F5E9
2023-09-01 02:13:25,160 [s1@group-450C7BFC1EDB-StateMachineUpdater] INFO  impl.SimpleStateMachine4Testing (SimpleStateMachine4Testing.java:put(205)) - s1: put 203, m101 -> (t:1, i:203), STATEMACHINELOGENTRY, 230@client-E2425FA9F5E9
2023-09-01 02:13:25,160 [s1@group-450C7BFC1EDB-StateMachineUpdater] INFO  impl.SimpleStateMachine4Testing (SimpleStateMachine4Testing.java:put(205)) - s1: put 205, m102 -> (t:1, i:205), STATEMACHINELOGENTRY, 231@client-E2425FA9F5E9
2023-09-01 02:13:25,160 [s1@group-450C7BFC1EDB-StateMachineUpdater] INFO  impl.SimpleStateMachine4Testing (SimpleStateMachine4Testing.java:put(205)) - s1: put 207, m103 -> (t:1, i:207), STATEMACHINELOGENTRY, 232@client-E2425FA9F5E9
2023-09-01 02:13:25,161 [s1@group-450C7BFC1EDB-StateMachineUpdater] INFO  impl.SimpleStateMachine4Testing (SimpleStateMachine4Testing.java:put(205)) - s1: put 209, m104 -> (t:1, i:209), STATEMACHINELOGENTRY, 233@client-E2425FA9F5E9
2023-09-01 02:13:25,161 [s1@group-450C7BFC1EDB-StateMachineUpdater] INFO  impl.SimpleStateMachine4Testing (SimpleStateMachine4Testing.java:put(205)) - s1: put 211, m105 -> (t:1, i:211), STATEMACHINELOGENTRY, 234@client-E2425FA9F5E9
2023-09-01 02:13:25,161 [s1@group-450C7BFC1EDB-StateMachineUpdater] INFO  impl.SimpleStateMachine4Testing (SimpleStateMachine4Testing.java:put(205)) - s1: put 213, m106 -> (t:1, i:213), STATEMACHINELOGENTRY, 235@client-E2425FA9F5E9
2023-09-01 02:13:25,161 [s1@group-450C7BFC1EDB-StateMachineUpdater] INFO  impl.SimpleStateMachine4Testing (SimpleStateMachine4Testing.java:put(205)) - s1: put 215, m107 -> (t:1, i:215), STATEMACHINELOGENTRY, 236@client-E2425FA9F5E9
2023-09-01 02:13:25,161 [s1@group-450C7BFC1EDB-StateMachineUpdater] INFO  impl.SimpleStateMachine4Testing (SimpleStateMachine4Testing.java:put(205)) - s1: put 217, m108 -> (t:1, i:217), STATEMACHINELOGENTRY, 237@client-E2425FA9F5E9
2023-09-01 02:13:25,161 [s1@group-450C7BFC1EDB-StateMachineUpdater] INFO  impl.SimpleStateMachine4Testing (SimpleStateMachine4Testing.java:put(205)) - s1: put 219, m109 -> (t:1, i:219), STATEMACHINELOGENTRY, 238@client-E2425FA9F5E9
2023-09-01 02:13:25,161 [s1@group-450C7BFC1EDB-StateMachineUpdater] INFO  impl.SimpleStateMachine4Testing (SimpleStateMachine4Testing.java:put(205)) - s1: put 221, m110 -> (t:1, i:221), STATEMACHINELOGENTRY, 239@client-E2425FA9F5E9
2023-09-01 02:13:25,161 [s1@group-450C7BFC1EDB-StateMachineUpdater] INFO  impl.SimpleStateMachine4Testing (SimpleStateMachine4Testing.java:put(205)) - s1: put 223, m111 -> (t:1, i:223), STATEMACHINELOGENTRY, 240@client-E2425FA9F5E9
2023-09-01 02:13:25,162 [s1@group-450C7BFC1EDB-StateMachineUpdater] INFO  impl.SimpleStateMachine4Testing (SimpleStateMachine4Testing.java:put(205)) - s1: put 225, m112 -> (t:1, i:225), STATEMACHINELOGENTRY, 241@client-E2425FA9F5E9
2023-09-01 02:13:25,162 [s1@group-450C7BFC1EDB-StateMachineUpdater] INFO  impl.SimpleStateMachine4Testing (SimpleStateMachine4Testing.java:put(205)) - s1: put 227, m113 -> (t:1, i:227), STATEMACHINELOGENTRY, 242@client-E2425FA9F5E9
2023-09-01 02:13:25,162 [s1@group-450C7BFC1EDB-StateMachineUpdater] INFO  impl.SimpleStateMachine4Testing (SimpleStateMachine4Testing.java:put(205)) - s1: put 229, m114 -> (t:1, i:229), STATEMACHINELOGENTRY, 243@client-E2425FA9F5E9
2023-09-01 02:13:25,162 [s1@group-450C7BFC1EDB-StateMachineUpdater] INFO  impl.SimpleStateMachine4Testing (SimpleStateMachine4Testing.java:put(205)) - s1: put 231, m115 -> (t:1, i:231), STATEMACHINELOGENTRY, 244@client-E2425FA9F5E9
2023-09-01 02:13:25,162 [s1@group-450C7BFC1EDB-StateMachineUpdater] INFO  impl.SimpleStateMachine4Testing (SimpleStateMachine4Testing.java:put(205)) - s1: put 233, m116 -> (t:1, i:233), STATEMACHINELOGENTRY, 245@client-E2425FA9F5E9
2023-09-01 02:13:25,162 [s1@group-450C7BFC1EDB-StateMachineUpdater] INFO  impl.SimpleStateMachine4Testing (SimpleStateMachine4Testing.java:put(205)) - s1: put 235, m117 -> (t:1, i:235), STATEMACHINELOGENTRY, 246@client-E2425FA9F5E9
2023-09-01 02:13:25,162 [s1@group-450C7BFC1EDB-StateMachineUpdater] INFO  impl.SimpleStateMachine4Testing (SimpleStateMachine4Testing.java:put(205)) - s1: put 237, m118 -> (t:1, i:237), STATEMACHINELOGENTRY, 247@client-E2425FA9F5E9
2023-09-01 02:13:25,162 [s1@group-450C7BFC1EDB-StateMachineUpdater] INFO  impl.SimpleStateMachine4Testing (SimpleStateMachine4Testing.java:put(205)) - s1: put 239, m119 -> (t:1, i:239), STATEMACHINELOGENTRY, 248@client-E2425FA9F5E9
2023-09-01 02:13:25,162 [s1@group-450C7BFC1EDB-StateMachineUpdater] INFO  impl.SimpleStateMachine4Testing (SimpleStateMachine4Testing.java:put(205)) - s1: put 241, m120 -> (t:1, i:241), STATEMACHINELOGENTRY, 249@client-E2425FA9F5E9
2023-09-01 02:13:25,163 [s1@group-450C7BFC1EDB-StateMachineUpdater] INFO  impl.SimpleStateMachine4Testing (SimpleStateMachine4Testing.java:put(205)) - s1: put 243, m121 -> (t:1, i:243), STATEMACHINELOGENTRY, 250@client-E2425FA9F5E9
2023-09-01 02:13:25,163 [s1@group-450C7BFC1EDB-StateMachineUpdater] INFO  impl.SimpleStateMachine4Testing (SimpleStateMachine4Testing.java:put(205)) - s1: put 245, m122 -> (t:1, i:245), STATEMACHINELOGENTRY, 251@client-E2425FA9F5E9
2023-09-01 02:13:25,163 [s1@group-450C7BFC1EDB-StateMachineUpdater] INFO  impl.SimpleStateMachine4Testing (SimpleStateMachine4Testing.java:put(205)) - s1: put 247, m123 -> (t:1, i:247), STATEMACHINELOGENTRY, 252@client-E2425FA9F5E9
2023-09-01 02:13:25,163 [s1@group-450C7BFC1EDB-StateMachineUpdater] INFO  impl.SimpleStateMachine4Testing (SimpleStateMachine4Testing.java:put(205)) - s1: put 249, m124 -> (t:1, i:249), STATEMACHINELOGENTRY, 253@client-E2425FA9F5E9
2023-09-01 02:13:25,163 [s1@group-450C7BFC1EDB-StateMachineUpdater] INFO  impl.SimpleStateMachine4Testing (SimpleStateMachine4Testing.java:put(205)) - s1: put 251, m125 -> (t:1, i:251), STATEMACHINELOGENTRY, 254@client-E2425FA9F5E9
2023-09-01 02:13:25,163 [s1@group-450C7BFC1EDB-StateMachineUpdater] INFO  impl.SimpleStateMachine4Testing (SimpleStateMachine4Testing.java:put(205)) - s1: put 253, m126 -> (t:1, i:253), STATEMACHINELOGENTRY, 255@client-E2425FA9F5E9
2023-09-01 02:13:25,163 [s1@group-450C7BFC1EDB-StateMachineUpdater] TRACE util.FileUtils (FileUtils.java:deleteFully(201)) - deleteFully /tmp/ratis-tests/statemachine/s1/snapshot/1_254
2023-09-01 02:13:25,163 [s1@group-450C7BFC1EDB-StateMachineUpdater] TRACE util.FileUtils (FileUtils.java:deleteFully(217)) - deleteFully: /tmp/ratis-tests/statemachine/s1/snapshot/1_254 does not exist.
2023-09-01 02:13:25,163 [s1@group-450C7BFC1EDB-StateMachineUpdater] TRACE util.FileUtils (FileUtils.java:deleteFully(201)) - deleteFully /tmp/ratis-tests/statemachine/s1/tmp/4b8766bc-6bd0-4e2d-97aa-229fff7a3d56
2023-09-01 02:13:25,163 [s1@group-450C7BFC1EDB-StateMachineUpdater] TRACE util.FileUtils (FileUtils.java:deleteFully(217)) - deleteFully: /tmp/ratis-tests/statemachine/s1/tmp/4b8766bc-6bd0-4e2d-97aa-229fff7a3d56 does not exist.
2023-09-01 02:13:25,164 [s1@group-450C7BFC1EDB-StateMachineUpdater] TRACE util.FileUtils (LogUtils.java:runAndLog(49)) - Successfully ran Atomic Files.move /tmp/ratis-tests/statemachine/s1/tmp/4b8766bc-6bd0-4e2d-97aa-229fff7a3d56 to /tmp/ratis-tests/statemachine/s1/snapshot/1_254
2023-09-01 02:13:25,164 [s1@group-450C7BFC1EDB-StateMachineUpdater] INFO  impl.StateMachineUpdater (StateMachineUpdater.java:takeSnapshot(295)) - s1@group-450C7BFC1EDB-StateMachineUpdater: Took a snapshot at index 254
2023-09-01 02:13:25,164 [s1@group-450C7BFC1EDB-StateMachineUpdater] INFO  impl.StateMachineUpdater (StateMachineUpdater.java:lambda$new$0(98)) - s1@group-450C7BFC1EDB-StateMachineUpdater: snapshotIndex: updateIncreasingly -1 -> 254
2023-09-01 02:13:25,164 [s1@group-450C7BFC1EDB-StateMachineUpdater] INFO  raftlog.RaftLog (RaftLogBase.java:purge(315)) - s1@group-450C7BFC1EDB-SegmentedRaftLog: purge 254
2023-09-01 02:13:25,164 [s1@group-450C7BFC1EDB-StateMachineUpdater] INFO  raftlog.RaftLog (RaftLogBase.java:lambda$new$0(54)) - s1@group-450C7BFC1EDB-SegmentedRaftLog: snapshotIndex: updateIncreasingly -1 -> 254
2023-09-01 02:13:25,164 [s1@group-450C7BFC1EDB-StateMachineUpdater] INFO  raftlog.RaftLog (RaftLogBase.java:lambda$new$0(54)) - s1@group-450C7BFC1EDB-SegmentedRaftLog: purgeIndex: updateToMax old=-1, new=254, updated? true
2023-09-01 02:13:26,146 [Time-limited test] INFO  impl.MiniRaftCluster (MiniRaftCluster.java:shutdown(831)) - ************************************************************** 
2023-09-01 02:13:26,147 [Time-limited test] INFO  impl.MiniRaftCluster (MiniRaftCluster.java:shutdown(832)) - *** 
2023-09-01 02:13:26,147 [Time-limited test] INFO  impl.MiniRaftCluster (MiniRaftCluster.java:shutdown(833)) - ***     Stopping MiniRaftClusterWithGrpc
2023-09-01 02:13:26,147 [Time-limited test] INFO  impl.MiniRaftCluster (MiniRaftCluster.java:shutdown(834)) - *** 
2023-09-01 02:13:26,147 [Time-limited test] INFO  impl.MiniRaftCluster (MiniRaftCluster.java:shutdown(835)) - ************************************************************** 
2023-09-01 02:13:26,147 [Time-limited test] INFO  impl.MiniRaftCluster (MiniRaftCluster.java:shutdown(836)) - printing ALL groups
  s0:  RUNNING    LEADER s0@group-450C7BFC1EDB:t1, leader=s0, voted=s0, raftlog=Memoized:s0@group-450C7BFC1EDB-SegmentedRaftLog:OPENED:c258, conf=257: peers:[s0|rpc:localhost:39245|admin:localhost:40607|client:localhost:39019|dataStream:localhost:36499|priority:0|startupRole:FOLLOWER, s1|rpc:0.0.0.0:40155|dataStream:|priority:0|startupRole:FOLLOWER, s2|rpc:0.0.0.0:45705|dataStream:|priority:0|startupRole:FOLLOWER]|listeners:[], old=null RUNNING
  s1:  RUNNING  FOLLOWER s1@group-450C7BFC1EDB:t1, leader=s0, voted=null, raftlog=Memoized:s1@group-450C7BFC1EDB-SegmentedRaftLog:OPENED:c258, conf=257: peers:[s0|rpc:localhost:39245|admin:localhost:40607|client:localhost:39019|dataStream:localhost:36499|priority:0|startupRole:FOLLOWER, s1|rpc:0.0.0.0:40155|dataStream:|priority:0|startupRole:FOLLOWER, s2|rpc:0.0.0.0:45705|dataStream:|priority:0|startupRole:FOLLOWER]|listeners:[], old=null RUNNING
  s2:  RUNNING  FOLLOWER s2@group-450C7BFC1EDB:t1, leader=s0, voted=null, raftlog=Memoized:s2@group-450C7BFC1EDB-SegmentedRaftLog:OPENED:c258, conf=257: peers:[s0|rpc:localhost:39245|admin:localhost:40607|client:localhost:39019|dataStream:localhost:36499|priority:0|startupRole:FOLLOWER, s1|rpc:0.0.0.0:40155|dataStream:|priority:0|startupRole:FOLLOWER, s2|rpc:0.0.0.0:45705|dataStream:|priority:0|startupRole:FOLLOWER]|listeners:[], old=null RUNNING
2023-09-01 02:13:26,147 [MiniRaftCluster-7] INFO  server.RaftServer (RaftServerProxy.java:lambda$close$7(420)) - s0: close
2023-09-01 02:13:26,148 [s0-impl-thread1] INFO  server.RaftServer$Division (RaftServerImpl.java:lambda$close$3(508)) - s0@group-450C7BFC1EDB: shutdown
2023-09-01 02:13:26,149 [s0-impl-thread1] INFO  util.JmxRegister (JmxRegister.java:unregister(73)) - Successfully un-registered JMX Bean with object name Ratis:service=RaftServer,group=group-450C7BFC1EDB,id=s0
2023-09-01 02:13:26,149 [s0-impl-thread1] INFO  impl.RoleInfo (RoleInfo.java:shutdownLeaderState(92)) - s0: shutdown s0@group-450C7BFC1EDB-LeaderStateImpl
2023-09-01 02:13:26,149 [s0@group-450C7BFC1EDB->s1-GrpcLogAppender-LogAppenderDaemon] WARN  server.GrpcLogAppender (GrpcLogAppender.java:mayWait(211)) - s0@group-450C7BFC1EDB->s1-GrpcLogAppender: Wait interrupted by java.lang.InterruptedException
2023-09-01 02:13:26,149 [MiniRaftCluster-7] INFO  server.GrpcService (GrpcService.java:closeImpl(311)) - s0: shutdown server org.apache.ratis.grpc.server.GrpcClientProtocolService now
2023-09-01 02:13:26,149 [grpc-default-executor-2] INFO  server.GrpcServerProtocolService (GrpcServerProtocolService.java:onCompleted(155)) - s1: Completed APPEND_ENTRIES, lastRequest: s0->s1#5-t1,previous=(t:1, i:257),leaderCommit=257,initializing? true,entries: size=1, first=(t:1, i:258), METADATAENTRY(c:257)
2023-09-01 02:13:26,149 [MiniRaftCluster-9] INFO  server.RaftServer (RaftServerProxy.java:lambda$close$7(420)) - s2: close
2023-09-01 02:13:26,149 [MiniRaftCluster-8] INFO  server.RaftServer (RaftServerProxy.java:lambda$close$7(420)) - s1: close
2023-09-01 02:13:26,149 [s0@group-450C7BFC1EDB->s2-GrpcLogAppender-LogAppenderDaemon] WARN  server.GrpcLogAppender (GrpcLogAppender.java:mayWait(211)) - s0@group-450C7BFC1EDB->s2-GrpcLogAppender: Wait interrupted by java.lang.InterruptedException
2023-09-01 02:13:26,150 [grpc-default-executor-0] INFO  server.GrpcServerProtocolService (GrpcServerProtocolService.java:onCompleted(155)) - s2: Completed APPEND_ENTRIES, lastRequest: s0->s2#5-t1,previous=(t:1, i:257),leaderCommit=257,initializing? true,entries: size=1, first=(t:1, i:258), METADATAENTRY(c:257)
2023-09-01 02:13:26,151 [grpc-default-executor-0] INFO  server.GrpcServerProtocolService (GrpcServerProtocolService.java:lambda$onCompleted$5(157)) - s2: Completed APPEND_ENTRIES, lastReply: serverReply {
  requestorId: "s0"
  replyId: "s2"
  raftGroupId {
    id: "6\277D\206]^D\023\215lE\f{\374\036\333"
  }
  callId: 20
  success: true
}
term: 1
nextIndex: 259
followerCommit: 258
matchIndex: 18446744073709551615
isHearbeat: true

2023-09-01 02:13:26,151 [grpc-default-executor-3] INFO  server.GrpcLogAppender (GrpcLogAppender.java:onCompleted(463)) - s0@group-450C7BFC1EDB->s2-AppendLogResponseHandler: follower responses appendEntries COMPLETED
2023-09-01 02:13:26,152 [grpc-default-executor-3] INFO  leader.FollowerInfo (FollowerInfoImpl.java:lambda$new$0(52)) - s0@group-450C7BFC1EDB->s2: decreaseNextIndex nextIndex: updateUnconditionally 259 -> 258
2023-09-01 02:13:26,152 [grpc-default-executor-2] INFO  server.GrpcServerProtocolService (GrpcServerProtocolService.java:lambda$onCompleted$5(157)) - s1: Completed APPEND_ENTRIES, lastReply: serverReply {
  requestorId: "s0"
  replyId: "s1"
  raftGroupId {
    id: "6\277D\206]^D\023\215lE\f{\374\036\333"
  }
  callId: 20
  success: true
}
term: 1
nextIndex: 259
followerCommit: 258
matchIndex: 18446744073709551615
isHearbeat: true

2023-09-01 02:13:26,152 [grpc-default-executor-3] INFO  server.GrpcLogAppender (GrpcLogAppender.java:onCompleted(463)) - s0@group-450C7BFC1EDB->s1-AppendLogResponseHandler: follower responses appendEntries COMPLETED
2023-09-01 02:13:26,152 [grpc-default-executor-3] INFO  leader.FollowerInfo (FollowerInfoImpl.java:lambda$new$0(52)) - s0@group-450C7BFC1EDB->s1: decreaseNextIndex nextIndex: updateUnconditionally 259 -> 258
2023-09-01 02:13:26,149 [s0-impl-thread1] INFO  impl.PendingRequests (PendingRequests.java:sendNotLeaderResponses(289)) - s0@group-450C7BFC1EDB-PendingRequests: sendNotLeaderResponses
2023-09-01 02:13:26,156 [s1-impl-thread1] INFO  server.RaftServer$Division (RaftServerImpl.java:lambda$close$3(508)) - s1@group-450C7BFC1EDB: shutdown
2023-09-01 02:13:26,156 [s1-impl-thread1] INFO  util.JmxRegister (JmxRegister.java:unregister(73)) - Successfully un-registered JMX Bean with object name Ratis:service=RaftServer,group=group-450C7BFC1EDB,id=s1
2023-09-01 02:13:26,156 [s1-impl-thread1] INFO  impl.RoleInfo (RoleInfo.java:shutdownFollowerState(109)) - s1: shutdown s1@group-450C7BFC1EDB-FollowerState
2023-09-01 02:13:26,156 [s1-impl-thread1] INFO  impl.StateMachineUpdater (StateMachineUpdater.java:stopAndJoin(157)) - s1@group-450C7BFC1EDB-StateMachineUpdater: set stopIndex = 258
2023-09-01 02:13:26,156 [s1@group-450C7BFC1EDB-StateMachineUpdater] TRACE util.FileUtils (FileUtils.java:deleteFully(201)) - deleteFully /tmp/ratis-tests/statemachine/s1/snapshot/1_258
2023-09-01 02:13:26,157 [s1@group-450C7BFC1EDB-StateMachineUpdater] TRACE util.FileUtils (FileUtils.java:deleteFully(217)) - deleteFully: /tmp/ratis-tests/statemachine/s1/snapshot/1_258 does not exist.
2023-09-01 02:13:26,157 [s1@group-450C7BFC1EDB-StateMachineUpdater] TRACE util.FileUtils (FileUtils.java:deleteFully(201)) - deleteFully /tmp/ratis-tests/statemachine/s1/tmp/3b60681e-4c00-4cdb-ad3e-e7a74d9aa5ea
2023-09-01 02:13:26,157 [s1@group-450C7BFC1EDB-StateMachineUpdater] TRACE util.FileUtils (FileUtils.java:deleteFully(217)) - deleteFully: /tmp/ratis-tests/statemachine/s1/tmp/3b60681e-4c00-4cdb-ad3e-e7a74d9aa5ea does not exist.
2023-09-01 02:13:26,157 [s1@group-450C7BFC1EDB-StateMachineUpdater] TRACE util.FileUtils (LogUtils.java:runAndLog(49)) - Successfully ran Atomic Files.move /tmp/ratis-tests/statemachine/s1/tmp/3b60681e-4c00-4cdb-ad3e-e7a74d9aa5ea to /tmp/ratis-tests/statemachine/s1/snapshot/1_258
2023-09-01 02:13:26,157 [s1@group-450C7BFC1EDB-StateMachineUpdater] INFO  impl.StateMachineUpdater (StateMachineUpdater.java:takeSnapshot(295)) - s1@group-450C7BFC1EDB-StateMachineUpdater: Took a snapshot at index 258
2023-09-01 02:13:26,157 [s1@group-450C7BFC1EDB-StateMachineUpdater] INFO  impl.StateMachineUpdater (StateMachineUpdater.java:lambda$new$0(98)) - s1@group-450C7BFC1EDB-StateMachineUpdater: snapshotIndex: updateIncreasingly 254 -> 258
2023-09-01 02:13:26,159 [MiniRaftCluster-8] INFO  server.GrpcService (GrpcService.java:closeImpl(311)) - s1: shutdown server GrpcServerProtocolService now
2023-09-01 02:13:26,159 [s2-impl-thread1] INFO  server.RaftServer$Division (RaftServerImpl.java:lambda$close$3(508)) - s2@group-450C7BFC1EDB: shutdown
2023-09-01 02:13:26,159 [s2-impl-thread1] INFO  util.JmxRegister (JmxRegister.java:unregister(73)) - Successfully un-registered JMX Bean with object name Ratis:service=RaftServer,group=group-450C7BFC1EDB,id=s2
2023-09-01 02:13:26,159 [s2-impl-thread1] INFO  impl.RoleInfo (RoleInfo.java:shutdownFollowerState(109)) - s2: shutdown s2@group-450C7BFC1EDB-FollowerState
2023-09-01 02:13:26,160 [s2-impl-thread1] INFO  impl.StateMachineUpdater (StateMachineUpdater.java:stopAndJoin(157)) - s2@group-450C7BFC1EDB-StateMachineUpdater: set stopIndex = 258
2023-09-01 02:13:26,160 [s2@group-450C7BFC1EDB-StateMachineUpdater] TRACE util.FileUtils (FileUtils.java:deleteFully(201)) - deleteFully /tmp/ratis-tests/statemachine/s2/snapshot/1_258
2023-09-01 02:13:26,160 [s2@group-450C7BFC1EDB-StateMachineUpdater] TRACE util.FileUtils (FileUtils.java:deleteFully(217)) - deleteFully: /tmp/ratis-tests/statemachine/s2/snapshot/1_258 does not exist.
2023-09-01 02:13:26,160 [s2@group-450C7BFC1EDB-StateMachineUpdater] TRACE util.FileUtils (FileUtils.java:deleteFully(201)) - deleteFully /tmp/ratis-tests/statemachine/s2/tmp/79054706-8fa3-486f-9d31-c724daa73093
2023-09-01 02:13:26,160 [s2@group-450C7BFC1EDB-StateMachineUpdater] TRACE util.FileUtils (FileUtils.java:deleteFully(217)) - deleteFully: /tmp/ratis-tests/statemachine/s2/tmp/79054706-8fa3-486f-9d31-c724daa73093 does not exist.
2023-09-01 02:13:26,160 [MiniRaftCluster-9] INFO  server.GrpcService (GrpcService.java:closeImpl(311)) - s2: shutdown server GrpcServerProtocolService now
2023-09-01 02:13:26,160 [s2@group-450C7BFC1EDB-StateMachineUpdater] TRACE util.FileUtils (LogUtils.java:runAndLog(49)) - Successfully ran Atomic Files.move /tmp/ratis-tests/statemachine/s2/tmp/79054706-8fa3-486f-9d31-c724daa73093 to /tmp/ratis-tests/statemachine/s2/snapshot/1_258
2023-09-01 02:13:26,160 [s2@group-450C7BFC1EDB-StateMachineUpdater] INFO  impl.StateMachineUpdater (StateMachineUpdater.java:takeSnapshot(295)) - s2@group-450C7BFC1EDB-StateMachineUpdater: Took a snapshot at index 258
2023-09-01 02:13:26,160 [s2@group-450C7BFC1EDB-StateMachineUpdater] INFO  impl.StateMachineUpdater (StateMachineUpdater.java:lambda$new$0(98)) - s2@group-450C7BFC1EDB-StateMachineUpdater: snapshotIndex: updateIncreasingly 255 -> 258
2023-09-01 02:13:26,160 [s2@group-450C7BFC1EDB-StateMachineUpdater] INFO  raftlog.RaftLog (RaftLogBase.java:purge(315)) - s2@group-450C7BFC1EDB-SegmentedRaftLog: purge 258
2023-09-01 02:13:26,160 [s2@group-450C7BFC1EDB-StateMachineUpdater] INFO  raftlog.RaftLog (RaftLogBase.java:lambda$new$0(54)) - s2@group-450C7BFC1EDB-SegmentedRaftLog: snapshotIndex: updateIncreasingly 191 -> 258
2023-09-01 02:13:26,160 [s2@group-450C7BFC1EDB-StateMachineUpdater] INFO  raftlog.RaftLog (RaftLogBase.java:lambda$new$0(54)) - s2@group-450C7BFC1EDB-SegmentedRaftLog: purgeIndex: updateToMax old=-1, new=258, updated? true
2023-09-01 02:13:26,161 [s2-impl-thread1] INFO  server.RaftServer$Division (ServerState.java:close(415)) - s2@group-450C7BFC1EDB: applyIndex: 258
2023-09-01 02:13:26,156 [s1@group-450C7BFC1EDB-FollowerState] INFO  impl.FollowerState (FollowerState.java:run(152)) - s1@group-450C7BFC1EDB-FollowerState was interrupted
2023-09-01 02:13:26,165 [s1-impl-thread1] INFO  server.RaftServer$Division (ServerState.java:close(415)) - s1@group-450C7BFC1EDB: applyIndex: 258
2023-09-01 02:13:26,166 [Thread-113] INFO  server.GrpcServerProtocolClient (GrpcServerProtocolClient.java:close(104)) - s2 Close channels
2023-09-01 02:13:26,166 [Thread-112] INFO  server.GrpcServerProtocolClient (GrpcServerProtocolClient.java:close(104)) - s1 Close channels
2023-09-01 02:13:26,160 [s2@group-450C7BFC1EDB-FollowerState] INFO  impl.FollowerState (FollowerState.java:run(152)) - s2@group-450C7BFC1EDB-FollowerState was interrupted
2023-09-01 02:13:26,167 [MiniRaftCluster-8] INFO  server.GrpcService (GrpcService.java:closeImpl(320)) - s1: shutdown server GrpcServerProtocolService successfully
2023-09-01 02:13:26,172 [s0-impl-thread1] INFO  impl.StateMachineUpdater (StateMachineUpdater.java:stopAndJoin(157)) - s0@group-450C7BFC1EDB-StateMachineUpdater: set stopIndex = 258
2023-09-01 02:13:26,173 [s0@group-450C7BFC1EDB-StateMachineUpdater] TRACE util.FileUtils (FileUtils.java:deleteFully(201)) - deleteFully /tmp/ratis-tests/statemachine/s0/snapshot/1_258
2023-09-01 02:13:26,173 [s0@group-450C7BFC1EDB-StateMachineUpdater] TRACE util.FileUtils (FileUtils.java:deleteFully(217)) - deleteFully: /tmp/ratis-tests/statemachine/s0/snapshot/1_258 does not exist.
2023-09-01 02:13:26,173 [s0@group-450C7BFC1EDB-StateMachineUpdater] TRACE util.FileUtils (FileUtils.java:deleteFully(201)) - deleteFully /tmp/ratis-tests/statemachine/s0/tmp/91c1c96a-0c32-491d-a674-4e7b9fd874a9
2023-09-01 02:13:26,173 [s0@group-450C7BFC1EDB-StateMachineUpdater] TRACE util.FileUtils (FileUtils.java:deleteFully(217)) - deleteFully: /tmp/ratis-tests/statemachine/s0/tmp/91c1c96a-0c32-491d-a674-4e7b9fd874a9 does not exist.
2023-09-01 02:13:26,173 [s0@group-450C7BFC1EDB-StateMachineUpdater] TRACE util.FileUtils (LogUtils.java:runAndLog(49)) - Successfully ran Atomic Files.move /tmp/ratis-tests/statemachine/s0/tmp/91c1c96a-0c32-491d-a674-4e7b9fd874a9 to /tmp/ratis-tests/statemachine/s0/snapshot/1_258
2023-09-01 02:13:26,173 [s0@group-450C7BFC1EDB-StateMachineUpdater] INFO  impl.StateMachineUpdater (StateMachineUpdater.java:takeSnapshot(295)) - s0@group-450C7BFC1EDB-StateMachineUpdater: Took a snapshot at index 258
2023-09-01 02:13:26,173 [s0@group-450C7BFC1EDB-StateMachineUpdater] INFO  impl.StateMachineUpdater (StateMachineUpdater.java:lambda$new$0(98)) - s0@group-450C7BFC1EDB-StateMachineUpdater: snapshotIndex: updateIncreasingly 255 -> 258
2023-09-01 02:13:26,173 [s0@group-450C7BFC1EDB-StateMachineUpdater] INFO  raftlog.RaftLog (RaftLogBase.java:purge(315)) - s0@group-450C7BFC1EDB-SegmentedRaftLog: purge 258
2023-09-01 02:13:26,173 [s0@group-450C7BFC1EDB-StateMachineUpdater] INFO  raftlog.RaftLog (RaftLogBase.java:lambda$new$0(54)) - s0@group-450C7BFC1EDB-SegmentedRaftLog: snapshotIndex: updateIncreasingly 191 -> 258
2023-09-01 02:13:26,173 [s0@group-450C7BFC1EDB-StateMachineUpdater] INFO  raftlog.RaftLog (RaftLogBase.java:lambda$new$0(54)) - s0@group-450C7BFC1EDB-SegmentedRaftLog: purgeIndex: updateToMax old=191, new=258, updated? true
2023-09-01 02:13:26,174 [s0-impl-thread1] INFO  server.RaftServer$Division (ServerState.java:close(415)) - s0@group-450C7BFC1EDB: applyIndex: 258
2023-09-01 02:13:26,174 [MiniRaftCluster-7] INFO  server.GrpcService (GrpcService.java:closeImpl(320)) - s0: shutdown server org.apache.ratis.grpc.server.GrpcClientProtocolService successfully
2023-09-01 02:13:26,174 [MiniRaftCluster-7] INFO  server.GrpcService (GrpcService.java:closeImpl(311)) - s0: shutdown server GrpcServerProtocolService now
2023-09-01 02:13:26,176 [MiniRaftCluster-9] INFO  server.GrpcService (GrpcService.java:closeImpl(320)) - s2: shutdown server GrpcServerProtocolService successfully
2023-09-01 02:13:26,181 [MiniRaftCluster-7] INFO  server.GrpcService (GrpcService.java:closeImpl(320)) - s0: shutdown server GrpcServerProtocolService successfully
2023-09-01 02:13:26,181 [MiniRaftCluster-7] INFO  server.GrpcService (GrpcService.java:closeImpl(311)) - s0: shutdown server org.apache.ratis.grpc.server.GrpcAdminProtocolService now
2023-09-01 02:13:26,185 [MiniRaftCluster-7] INFO  server.GrpcService (GrpcService.java:closeImpl(320)) - s0: shutdown server org.apache.ratis.grpc.server.GrpcAdminProtocolService successfully
2023-09-01 02:13:27,128 [s0-impl-thread1] INFO  segmented.SegmentedRaftLogWorker (SegmentedRaftLogWorker.java:close(242)) - s0@group-450C7BFC1EDB-SegmentedRaftLogWorker close()
2023-09-01 02:13:27,129 [JvmPauseMonitor3] INFO  util.JvmPauseMonitor (JvmPauseMonitor.java:run(152)) - JvmPauseMonitor-s0: Stopped
2023-09-01 02:13:27,134 [s2-impl-thread1] INFO  segmented.SegmentedRaftLogWorker (SegmentedRaftLogWorker.java:close(242)) - s2@group-450C7BFC1EDB-SegmentedRaftLogWorker close()
2023-09-01 02:13:27,134 [JvmPauseMonitor5] INFO  util.JvmPauseMonitor (JvmPauseMonitor.java:run(152)) - JvmPauseMonitor-s2: Stopped
2023-09-01 02:13:27,142 [s1-impl-thread1] INFO  segmented.SegmentedRaftLogWorker (SegmentedRaftLogWorker.java:close(242)) - s1@group-450C7BFC1EDB-SegmentedRaftLogWorker close()
2023-09-01 02:13:27,143 [JvmPauseMonitor4] INFO  util.JvmPauseMonitor (JvmPauseMonitor.java:run(152)) - JvmPauseMonitor-s1: Stopped
2023-09-01 02:13:27,143 [Time-limited test] INFO  impl.MiniRaftCluster (MiniRaftCluster.java:shutdown(855)) - MiniRaftClusterWithGrpc shutdown completed
2023-09-01 02:13:27,143 [Time-limited test] INFO  impl.MiniRaftCluster (MiniRaftCluster.java:shutdown(831)) - ************************************************************** 
2023-09-01 02:13:27,143 [Time-limited test] INFO  impl.MiniRaftCluster (MiniRaftCluster.java:shutdown(832)) - *** 
2023-09-01 02:13:27,143 [Time-limited test] INFO  impl.MiniRaftCluster (MiniRaftCluster.java:shutdown(833)) - ***     Stopping MiniRaftClusterWithGrpc
2023-09-01 02:13:27,143 [Time-limited test] INFO  impl.MiniRaftCluster (MiniRaftCluster.java:shutdown(834)) - *** 
2023-09-01 02:13:27,143 [Time-limited test] INFO  impl.MiniRaftCluster (MiniRaftCluster.java:shutdown(835)) - ************************************************************** 
2023-09-01 02:13:27,143 [Time-limited test] INFO  impl.MiniRaftCluster (MiniRaftCluster.java:shutdown(836)) - printing ALL groups
  s0:   CLOSED    LEADER s0@group-450C7BFC1EDB:t1, leader=s0, voted=s0, raftlog=Memoized:s0@group-450C7BFC1EDB-SegmentedRaftLog:CLOSED:c258, conf=257: peers:[s0|rpc:localhost:39245|admin:localhost:40607|client:localhost:39019|dataStream:localhost:36499|priority:0|startupRole:FOLLOWER, s1|rpc:0.0.0.0:40155|dataStream:|priority:0|startupRole:FOLLOWER, s2|rpc:0.0.0.0:45705|dataStream:|priority:0|startupRole:FOLLOWER]|listeners:[], old=null CLOSED
  s1:   CLOSED  FOLLOWER s1@group-450C7BFC1EDB:t1, leader=s0, voted=null, raftlog=Memoized:s1@group-450C7BFC1EDB-SegmentedRaftLog:CLOSED:c258, conf=257: peers:[s0|rpc:localhost:39245|admin:localhost:40607|client:localhost:39019|dataStream:localhost:36499|priority:0|startupRole:FOLLOWER, s1|rpc:0.0.0.0:40155|dataStream:|priority:0|startupRole:FOLLOWER, s2|rpc:0.0.0.0:45705|dataStream:|priority:0|startupRole:FOLLOWER]|listeners:[], old=null CLOSED
  s2:   CLOSED  FOLLOWER s2@group-450C7BFC1EDB:t1, leader=s0, voted=null, raftlog=Memoized:s2@group-450C7BFC1EDB-SegmentedRaftLog:CLOSED:c258, conf=257: peers:[s0|rpc:localhost:39245|admin:localhost:40607|client:localhost:39019|dataStream:localhost:36499|priority:0|startupRole:FOLLOWER, s1|rpc:0.0.0.0:40155|dataStream:|priority:0|startupRole:FOLLOWER, s2|rpc:0.0.0.0:45705|dataStream:|priority:0|startupRole:FOLLOWER]|listeners:[], old=null CLOSED
2023-09-01 02:13:27,145 [Time-limited test] INFO  impl.MiniRaftCluster (MiniRaftCluster.java:shutdown(855)) - MiniRaftClusterWithGrpc shutdown completed
]]></system-out>
  </testcase>
  <testcase name="testMultiFileInstallSnapshot[1]" classname="org.apache.ratis.grpc.TestLeaderInstallSnapshot" time="7.01">
    <failure type="java.lang.AssertionError"><![CDATA[java.lang.AssertionError
	at org.junit.Assert.fail(Assert.java:87)
	at org.junit.Assert.assertTrue(Assert.java:42)
	at org.junit.Assert.assertTrue(Assert.java:53)
	at org.apache.ratis.server.impl.RaftServerTestUtil.waitAndCheckNewConf(RaftServerTestUtil.java:107)
	at org.apache.ratis.server.impl.RaftServerTestUtil.lambda$waitAndCheckNewConf$3(RaftServerTestUtil.java:82)
	at org.apache.ratis.util.function.CheckedRunnable.lambda$asCheckedSupplier$0(CheckedRunnable.java:32)
	at org.apache.ratis.util.JavaUtils.attempt(JavaUtils.java:211)
	at org.apache.ratis.util.JavaUtils.attemptRepeatedly(JavaUtils.java:197)
	at org.apache.ratis.util.JavaUtils.attempt(JavaUtils.java:231)
	at org.apache.ratis.server.impl.RaftServerTestUtil.waitAndCheckNewConf(RaftServerTestUtil.java:82)
	at org.apache.ratis.InstallSnapshotFromLeaderTests.testMultiFileInstallSnapshot(InstallSnapshotFromLeaderTests.java:116)
	at org.apache.ratis.server.impl.MiniRaftCluster$Factory$Get.runWithNewCluster(MiniRaftCluster.java:141)
	at org.apache.ratis.server.impl.MiniRaftCluster$Factory$Get.runWithNewCluster(MiniRaftCluster.java:121)
	at org.apache.ratis.InstallSnapshotFromLeaderTests.testMultiFileInstallSnapshot(InstallSnapshotFromLeaderTests.java:80)
	at java.base/jdk.internal.reflect.NativeMethodAccessorImpl.invoke0(Native Method)
	at java.base/jdk.internal.reflect.NativeMethodAccessorImpl.invoke(NativeMethodAccessorImpl.java:62)
	at java.base/jdk.internal.reflect.DelegatingMethodAccessorImpl.invoke(DelegatingMethodAccessorImpl.java:43)
	at java.base/java.lang.reflect.Method.invoke(Method.java:566)
	at org.junit.runners.model.FrameworkMethod$1.runReflectiveCall(FrameworkMethod.java:59)
	at org.junit.internal.runners.model.ReflectiveCallable.run(ReflectiveCallable.java:12)
	at org.junit.runners.model.FrameworkMethod.invokeExplosively(FrameworkMethod.java:56)
	at org.junit.internal.runners.statements.InvokeMethod.evaluate(InvokeMethod.java:17)
	at org.junit.internal.runners.statements.RunAfters.evaluate(RunAfters.java:27)
	at org.junit.internal.runners.statements.FailOnTimeout$CallableStatement.call(FailOnTimeout.java:299)
	at org.junit.internal.runners.statements.FailOnTimeout$CallableStatement.call(FailOnTimeout.java:293)
	at java.base/java.util.concurrent.FutureTask.run(FutureTask.java:264)
	at java.base/java.lang.Thread.run(Thread.java:829)
]]></failure>
    <system-out><![CDATA[2023-09-01 02:13:27,146 [main] INFO  util.LogUtils (Slf4jUtils.java:setLogLevel(38)) - Successfully set org.apache.ratis.conf.ConfUtils log level to WARN
2023-09-01 02:13:27,146 [main] INFO  util.LogUtils (Slf4jUtils.java:setLogLevel(38)) - Successfully set org.apache.ratis.util.FileUtils log level to TRACE
2023-09-01 02:13:27,147 [Time-limited test] INFO  impl.MiniRaftCluster (MiniRaftCluster.java:runWithNewCluster(135)) - Running runWithNewCluster
2023-09-01 02:13:27,147 [Time-limited test] INFO  impl.MiniRaftCluster (MiniRaftCluster.java:<init>(306)) - new MiniRaftClusterWithGrpc with group-79E75C7987F5:[s0|rpc:localhost:44295|admin:localhost:38859|client:localhost:46071|dataStream:localhost:36715|priority:0|startupRole:FOLLOWER]
2023-09-01 02:13:27,148 [Time-limited test] INFO  impl.MiniRaftCluster (MiniRaftCluster.java:start(339)) - .............................................................. 
2023-09-01 02:13:27,148 [Time-limited test] INFO  impl.MiniRaftCluster (MiniRaftCluster.java:start(340)) - ... 
2023-09-01 02:13:27,148 [Time-limited test] INFO  impl.MiniRaftCluster (MiniRaftCluster.java:start(341)) - ...     Starting MiniRaftClusterWithGrpc
2023-09-01 02:13:27,148 [Time-limited test] INFO  impl.MiniRaftCluster (MiniRaftCluster.java:start(342)) - ... 
2023-09-01 02:13:27,148 [Time-limited test] INFO  impl.MiniRaftCluster (MiniRaftCluster.java:start(343)) - .............................................................. 
2023-09-01 02:13:27,148 [Time-limited test] INFO  impl.MiniRaftCluster (MiniRaftCluster.java:initServers(318)) - servers = {}
2023-09-01 02:13:27,148 [Time-limited test] INFO  impl.MiniRaftCluster (MiniRaftCluster.java:newRaftServer(382)) - newRaftServer: s0, group-79E75C7987F5:[s0|rpc:localhost:44295|admin:localhost:38859|client:localhost:46071|dataStream:localhost:36715|priority:0|startupRole:FOLLOWER], format? true
2023-09-01 02:13:27,148 [Time-limited test] TRACE util.FileUtils (FileUtils.java:deleteFully(201)) - deleteFully target/test/data/1f94b248/MiniRaftClusterWithGrpc6a48d149/s0
2023-09-01 02:13:27,149 [Time-limited test] TRACE util.FileUtils (FileUtils.java:deleteFully(217)) - deleteFully: target/test/data/1f94b248/MiniRaftClusterWithGrpc6a48d149/s0 does not exist.
2023-09-01 02:13:27,149 [Time-limited test] INFO  impl.MiniRaftCluster (MiniRaftCluster.java:newRaftServer(387)) - Formatted directory target/test/data/1f94b248/MiniRaftClusterWithGrpc6a48d149/s0
2023-09-01 02:13:27,149 [Time-limited test] INFO  server.RaftServer (ConfUtils.java:logGet(46)) - raft.rpc.type = GRPC (default)
2023-09-01 02:13:27,149 [Time-limited test] INFO  grpc.GrpcConfigKeys (ConfUtils.java:logFallback(53)) - raft.grpc.admin.host = null (fallback to raft.grpc.server.host)
2023-09-01 02:13:27,149 [Time-limited test] INFO  grpc.GrpcConfigKeys (ConfUtils.java:logGet(46)) - raft.grpc.admin.port = 38859 (custom)
2023-09-01 02:13:27,149 [Time-limited test] INFO  grpc.GrpcConfigKeys (ConfUtils.java:logFallback(53)) - raft.grpc.client.host = null (fallback to raft.grpc.server.host)
2023-09-01 02:13:27,149 [Time-limited test] INFO  grpc.GrpcConfigKeys (ConfUtils.java:logGet(46)) - raft.grpc.client.port = 46071 (custom)
2023-09-01 02:13:27,149 [Time-limited test] INFO  grpc.GrpcConfigKeys (ConfUtils.java:logGet(46)) - raft.grpc.server.host = null (default)
2023-09-01 02:13:27,149 [Time-limited test] INFO  grpc.GrpcConfigKeys (ConfUtils.java:logGet(46)) - raft.grpc.server.port = 44295 (custom)
2023-09-01 02:13:27,149 [Time-limited test] INFO  server.GrpcService (ConfUtils.java:logGet(46)) - raft.grpc.message.size.max = 64MB (=67108864) (default)
2023-09-01 02:13:27,149 [Time-limited test] INFO  server.RaftServerConfigKeys (ConfUtils.java:logGet(46)) - raft.server.log.appender.buffer.byte-limit = 4MB (=4194304) (default)
2023-09-01 02:13:27,149 [Time-limited test] INFO  server.GrpcService (ConfUtils.java:logGet(46)) - raft.grpc.flow.control.window = 1MB (=1048576) (default)
2023-09-01 02:13:27,149 [Time-limited test] INFO  server.RaftServerConfigKeys (ConfUtils.java:logGet(46)) - raft.server.rpc.request.timeout = 3000ms (default)
2023-09-01 02:13:27,149 [Time-limited test] INFO  grpc.GrpcConfigKeys (ConfUtils.java:logGet(46)) - raft.grpc.server.heartbeat.channel = true (default)
2023-09-01 02:13:27,149 [Time-limited test] INFO  grpc.GrpcConfigKeys (ConfUtils.java:logGet(46)) - raft.grpc.server.async.request.thread.pool.cached = true (default)
2023-09-01 02:13:27,150 [Time-limited test] INFO  grpc.GrpcConfigKeys (ConfUtils.java:logGet(46)) - raft.grpc.server.async.request.thread.pool.size = 32 (default)
2023-09-01 02:13:27,151 [Time-limited test] INFO  impl.DataStreamServerImpl (ConfUtils.java:logGet(46)) - raft.datastream.type = DISABLED (default)
2023-09-01 02:13:27,151 [Time-limited test] INFO  server.RaftServerConfigKeys (ConfUtils.java:logGet(46)) - raft.server.threadpool.proxy.cached = true (default)
2023-09-01 02:13:27,151 [Time-limited test] INFO  server.RaftServerConfigKeys (ConfUtils.java:logGet(46)) - raft.server.threadpool.proxy.size = 0 (default)
2023-09-01 02:13:27,152 [Time-limited test] INFO  server.RaftServerConfigKeys (ConfUtils.java:logGet(46)) - raft.server.sleep.deviation.threshold = 300ms (default)
2023-09-01 02:13:27,152 [Time-limited test] INFO  server.RaftServerConfigKeys (ConfUtils.java:logGet(46)) - raft.server.rpc.slowness.timeout = 60s (default)
2023-09-01 02:13:27,152 [Time-limited test] INFO  server.RaftServerConfigKeys (ConfUtils.java:logGet(46)) - raft.server.leaderelection.leader.step-down.wait-time = 10s (default)
2023-09-01 02:13:27,152 [Time-limited test] INFO  server.RaftServerConfigKeys (ConfUtils.java:logGet(46)) - raft.server.storage.dir = [/home/runner/work/ratis/ratis/ratis-test/target/test/data/1f94b248/MiniRaftClusterWithGrpc6a48d149/s0] (custom)
2023-09-01 02:13:27,153 [Time-limited test] INFO  server.RaftServer (RaftServerProxy.java:addNew(99)) - s0: addNew group-79E75C7987F5:[s0|rpc:localhost:44295|admin:localhost:38859|client:localhost:46071|dataStream:localhost:36715|priority:0|startupRole:FOLLOWER] returns group-79E75C7987F5:java.util.concurrent.CompletableFuture@65aaa581[Not completed]
2023-09-01 02:13:27,153 [s0-groupManagement] INFO  server.RaftServerConfigKeys (ConfUtils.java:logGet(46)) - raft.server.log.segment.size.max = 8MB (=8388608) (default)
2023-09-01 02:13:27,153 [s0-groupManagement] INFO  server.RaftServerConfigKeys (ConfUtils.java:logGet(46)) - raft.server.log.preallocated.size = 4MB (=4194304) (default)
2023-09-01 02:13:27,153 [s0-groupManagement] INFO  server.RaftServerConfigKeys (ConfUtils.java:logGet(46)) - raft.server.log.write.buffer.size = 64KB (=65536) (default)
2023-09-01 02:13:27,153 [s0-groupManagement] INFO  server.RaftServer$Division (RaftServerImpl.java:<init>(250)) - s0: new RaftServerImpl for group-79E75C7987F5:[s0|rpc:localhost:44295|admin:localhost:38859|client:localhost:46071|dataStream:localhost:36715|priority:0|startupRole:FOLLOWER] with StateMachineWithMultiNestedSnapshotFile:uninitialized
2023-09-01 02:13:27,153 [s0-groupManagement] INFO  server.RaftServerConfigKeys (ConfUtils.java:logGet(46)) - raft.server.rpc.timeout.min = 150ms (default)
2023-09-01 02:13:27,153 [s0-groupManagement] INFO  server.RaftServerConfigKeys (ConfUtils.java:logGet(46)) - raft.server.rpc.timeout.max = 300ms (default)
2023-09-01 02:13:27,153 [s0-groupManagement] INFO  server.RaftServerConfigKeys (ConfUtils.java:logGet(46)) - raft.server.rpc.sleep.time = 25ms (default)
2023-09-01 02:13:27,153 [s0-groupManagement] INFO  server.RaftServerConfigKeys (ConfUtils.java:logGet(46)) - raft.server.rpc.slowness.timeout = 60s (default)
2023-09-01 02:13:27,153 [s0-groupManagement] INFO  server.RaftServerConfigKeys (ConfUtils.java:logGet(46)) - raft.server.leaderelection.leader.step-down.wait-time = 10s (default)
2023-09-01 02:13:27,153 [s0-groupManagement] INFO  server.RaftServerConfigKeys (ConfUtils.java:logGet(46)) - raft.server.sleep.deviation.threshold = 300ms (default)
2023-09-01 02:13:27,153 [s0-groupManagement] INFO  server.RaftServer$Division (ServerState.java:<init>(113)) - s0@group-79E75C7987F5: ConfigurationManager, init=-1: peers:[s0|rpc:localhost:44295|admin:localhost:38859|client:localhost:46071|dataStream:localhost:36715|priority:0|startupRole:FOLLOWER]|listeners:[], old=null, confs=<EMPTY_MAP>
2023-09-01 02:13:27,153 [s0-groupManagement] INFO  server.RaftServerConfigKeys (ConfUtils.java:logGet(46)) - raft.server.notification.no-leader.timeout = 60s (default)
2023-09-01 02:13:27,153 [s0-groupManagement] INFO  server.RaftServerConfigKeys (ConfUtils.java:logGet(46)) - raft.server.read.timeout = 10s (default)
2023-09-01 02:13:27,153 [s0-groupManagement] INFO  server.RaftServerConfigKeys (ConfUtils.java:logGet(46)) - raft.server.retrycache.expirytime = 60s (default)
2023-09-01 02:13:27,153 [s0-groupManagement] INFO  server.RaftServerConfigKeys (ConfUtils.java:logGet(46)) - raft.server.retrycache.statistics.expirytime = 100μs (default)
2023-09-01 02:13:27,154 [s0-groupManagement] INFO  server.RaftServerConfigKeys (ConfUtils.java:logGet(46)) - raft.server.read.option = DEFAULT (default)
2023-09-01 02:13:27,158 [s0-groupManagement] INFO  server.RaftServerConfigKeys (ConfUtils.java:logGet(46)) - raft.server.rpc.request.timeout = 3000ms (default)
2023-09-01 02:13:27,158 [s0-groupManagement] INFO  server.RaftServerConfigKeys (ConfUtils.java:logGet(46)) - raft.server.log.appender.install.snapshot.enabled = true (default)
2023-09-01 02:13:27,158 [s0-groupManagement] INFO  server.RaftServerConfigKeys (ConfUtils.java:logGet(46)) - raft.server.threadpool.server.cached = true (default)
2023-09-01 02:13:27,158 [s0-groupManagement] INFO  server.RaftServerConfigKeys (ConfUtils.java:logGet(46)) - raft.server.threadpool.server.size = 0 (default)
2023-09-01 02:13:27,158 [s0-groupManagement] INFO  server.RaftServerConfigKeys (ConfUtils.java:logGet(46)) - raft.server.threadpool.client.cached = true (default)
2023-09-01 02:13:27,158 [s0-groupManagement] INFO  server.RaftServerConfigKeys (ConfUtils.java:logGet(46)) - raft.server.threadpool.client.size = 0 (default)
2023-09-01 02:13:27,159 [s0-impl-thread1] INFO  server.RaftServerConfigKeys (ConfUtils.java:logGet(46)) - raft.server.storage.free-space.min = 0MB (=0) (default)
2023-09-01 02:13:27,159 [s0-impl-thread1] INFO  server.RaftServerConfigKeys (ConfUtils.java:logGet(46)) - raft.server.log.corruption.policy = EXCEPTION (default)
2023-09-01 02:13:27,159 [s0-impl-thread1] INFO  server.RaftServerConfigKeys (ConfUtils.java:logGet(46)) - raft.server.storage.dir = [/home/runner/work/ratis/ratis/ratis-test/target/test/data/1f94b248/MiniRaftClusterWithGrpc6a48d149/s0] (custom)
2023-09-01 02:13:27,159 [s0-impl-thread1] INFO  storage.RaftStorageDirectory (RaftStorageDirectoryImpl.java:analyzeStorage(138)) - The storage directory /home/runner/work/ratis/ratis/ratis-test/target/test/data/1f94b248/MiniRaftClusterWithGrpc6a48d149/s0/5d568d59-1c4d-41a6-bf6a-79e75c7987f5 does not exist. Creating ...
2023-09-01 02:13:27,159 [s0-impl-thread1] TRACE util.FileUtils (LogUtils.java:runAndLog(49)) - Successfully ran Files.createDirectories /home/runner/work/ratis/ratis/ratis-test/target/test/data/1f94b248/MiniRaftClusterWithGrpc6a48d149/s0/5d568d59-1c4d-41a6-bf6a-79e75c7987f5
2023-09-01 02:13:27,160 [s0-impl-thread1] INFO  storage.RaftStorageDirectory (RaftStorageDirectoryImpl.java:tryLock(232)) - Lock on /home/runner/work/ratis/ratis/ratis-test/target/test/data/1f94b248/MiniRaftClusterWithGrpc6a48d149/s0/5d568d59-1c4d-41a6-bf6a-79e75c7987f5/in_use.lock acquired by nodename 15545@fv-az41-939
2023-09-01 02:13:27,160 [s0-impl-thread1] TRACE util.FileUtils (LogUtils.java:runAndLog(49)) - Successfully ran Files.createDirectories /home/runner/work/ratis/ratis/ratis-test/target/test/data/1f94b248/MiniRaftClusterWithGrpc6a48d149/s0/5d568d59-1c4d-41a6-bf6a-79e75c7987f5/current
2023-09-01 02:13:27,160 [s0-impl-thread1] TRACE util.FileUtils (LogUtils.java:runAndLog(49)) - Successfully ran Files.createDirectories /home/runner/work/ratis/ratis/ratis-test/target/test/data/1f94b248/MiniRaftClusterWithGrpc6a48d149/s0/5d568d59-1c4d-41a6-bf6a-79e75c7987f5/sm
2023-09-01 02:13:27,161 [s0-impl-thread1] INFO  storage.RaftStorage (RaftStorageImpl.java:format(97)) - Storage directory /home/runner/work/ratis/ratis/ratis-test/target/test/data/1f94b248/MiniRaftClusterWithGrpc6a48d149/s0/5d568d59-1c4d-41a6-bf6a-79e75c7987f5 has been successfully formatted.
2023-09-01 02:13:27,161 [s0-impl-thread1] INFO  impl.SimpleStateMachine4Testing (SimpleStateMachine4Testing.java:initialize(213)) - Initializing StateMachineWithMultiNestedSnapshotFile:uninitialized
2023-09-01 02:13:27,162 [s0-impl-thread1] INFO  impl.SimpleStateMachine4Testing (SimpleStateMachine4Testing.java:loadSnapshot(293)) - Loading snapshot null
2023-09-01 02:13:27,162 [s0-impl-thread1] INFO  server.RaftServerConfigKeys (ConfUtils.java:logGet(46)) - raft.server.log.use.memory = false (default)
2023-09-01 02:13:27,162 [s0-impl-thread1] INFO  server.RaftServerConfigKeys (ConfUtils.java:logGet(46)) - raft.server.log.purge.gap = 8 (custom)
2023-09-01 02:13:27,162 [s0-impl-thread1] INFO  server.RaftServerConfigKeys (ConfUtils.java:logGet(46)) - raft.server.log.appender.buffer.byte-limit = 4MB (=4194304) (default)
2023-09-01 02:13:27,162 [s0-impl-thread1] INFO  server.RaftServerConfigKeys (ConfUtils.java:logGet(46)) - raft.server.log.statemachine.data.read.timeout = 1000ms (default)
2023-09-01 02:13:27,162 [s0-impl-thread1] INFO  server.RaftServerConfigKeys (ConfUtils.java:logGet(46)) - raft.server.log.purge.preservation.log.num = 0 (default)
2023-09-01 02:13:27,162 [s0-impl-thread1] INFO  server.RaftServerConfigKeys (ConfUtils.java:logGet(46)) - raft.server.log.segment.size.max = 8MB (=8388608) (default)
2023-09-01 02:13:27,163 [s0-impl-thread1] INFO  server.RaftServerConfigKeys (ConfUtils.java:logGet(46)) - raft.server.log.segment.cache.num.max = 6 (default)
2023-09-01 02:13:27,163 [s0-impl-thread1] INFO  server.RaftServerConfigKeys (ConfUtils.java:logGet(46)) - raft.server.log.segment.cache.size.max = 200MB (=209715200) (default)
2023-09-01 02:13:27,163 [s0-impl-thread1] INFO  server.RaftServerConfigKeys (ConfUtils.java:logGet(46)) - raft.server.log.appender.buffer.byte-limit = 4MB (=4194304) (default)
2023-09-01 02:13:27,163 [s0-impl-thread1] INFO  segmented.SegmentedRaftLogWorker (SegmentedRaftLogWorker.java:<init>(183)) - new s0@group-79E75C7987F5-SegmentedRaftLogWorker for RaftStorageImpl:Storage Directory /home/runner/work/ratis/ratis/ratis-test/target/test/data/1f94b248/MiniRaftClusterWithGrpc6a48d149/s0/5d568d59-1c4d-41a6-bf6a-79e75c7987f5
2023-09-01 02:13:27,163 [s0-impl-thread1] INFO  server.RaftServerConfigKeys (ConfUtils.java:logGet(46)) - raft.server.log.queue.byte-limit = 64MB (=67108864) (default)
2023-09-01 02:13:27,163 [s0-impl-thread1] INFO  server.RaftServerConfigKeys (ConfUtils.java:logGet(46)) - raft.server.log.queue.element-limit = 4096 (default)
2023-09-01 02:13:27,163 [s0-impl-thread1] INFO  server.RaftServerConfigKeys (ConfUtils.java:logGet(46)) - raft.server.log.segment.size.max = 8MB (=8388608) (default)
2023-09-01 02:13:27,163 [s0-impl-thread1] INFO  server.RaftServerConfigKeys (ConfUtils.java:logGet(46)) - raft.server.log.preallocated.size = 4MB (=4194304) (default)
2023-09-01 02:13:27,163 [s0-impl-thread1] INFO  server.RaftServerConfigKeys (ConfUtils.java:logGet(46)) - raft.server.log.force.sync.num = 128 (default)
2023-09-01 02:13:27,163 [s0-impl-thread1] INFO  server.RaftServerConfigKeys (ConfUtils.java:logGet(46)) - raft.server.log.statemachine.data.sync = true (default)
2023-09-01 02:13:27,163 [s0-impl-thread1] INFO  server.RaftServerConfigKeys (ConfUtils.java:logGet(46)) - raft.server.log.statemachine.data.sync.timeout = 10s (default)
2023-09-01 02:13:27,163 [s0-impl-thread1] INFO  server.RaftServerConfigKeys (ConfUtils.java:logGet(46)) - raft.server.log.statemachine.data.sync.timeout.retry = -1 (default)
2023-09-01 02:13:27,163 [s0-impl-thread1] INFO  server.RaftServerConfigKeys (ConfUtils.java:logGet(46)) - raft.server.log.write.buffer.size = 64KB (=65536) (default)
2023-09-01 02:13:27,163 [s0-impl-thread1] INFO  server.RaftServerConfigKeys (ConfUtils.java:logGet(46)) - raft.server.log.appender.buffer.byte-limit = 4MB (=4194304) (default)
2023-09-01 02:13:27,164 [s0-impl-thread1] INFO  server.RaftServerConfigKeys (ConfUtils.java:logGet(46)) - raft.server.log.unsafe-flush.enabled = false (default)
2023-09-01 02:13:27,164 [s0-impl-thread1] INFO  server.RaftServerConfigKeys (ConfUtils.java:logGet(46)) - raft.server.log.async-flush.enabled = false (default)
2023-09-01 02:13:27,164 [s0-impl-thread1] INFO  server.RaftServerConfigKeys (ConfUtils.java:logGet(46)) - raft.server.log.statemachine.data.caching.enabled = false (default)
2023-09-01 02:13:27,165 [s0-impl-thread1] INFO  segmented.SegmentedRaftLogWorker (SegmentedRaftLogWorker.java:lambda$new$0(134)) - s0@group-79E75C7987F5-SegmentedRaftLogWorker: flushIndex: setUnconditionally 0 -> -1
2023-09-01 02:13:27,165 [s0-impl-thread1] INFO  segmented.SegmentedRaftLogWorker (SegmentedRaftLogWorker.java:lambda$new$0(134)) - s0@group-79E75C7987F5-SegmentedRaftLogWorker: safeCacheEvictIndex: setUnconditionally 0 -> -1
2023-09-01 02:13:27,171 [s0-impl-thread1] INFO  server.RaftServer$Division (RaftServerImpl.java:start(384)) - s0@group-79E75C7987F5: start as a follower, conf=-1: peers:[s0|rpc:localhost:44295|admin:localhost:38859|client:localhost:46071|dataStream:localhost:36715|priority:0|startupRole:FOLLOWER]|listeners:[], old=null
2023-09-01 02:13:27,171 [s0-impl-thread1] INFO  server.RaftServer$Division (RaftServerImpl.java:setRole(371)) - s0@group-79E75C7987F5: changes role from      null to FOLLOWER at term 0 for startAsFollower
2023-09-01 02:13:27,172 [s0-impl-thread1] INFO  impl.RoleInfo (RoleInfo.java:updateAndGet(138)) - s0: start s0@group-79E75C7987F5-FollowerState
2023-09-01 02:13:27,172 [s0-impl-thread1] INFO  util.JmxRegister (JmxRegister.java:tryRegister(44)) - Successfully registered JMX Bean with object name Ratis:service=RaftServer,group=group-79E75C7987F5,id=s0
2023-09-01 02:13:27,172 [s0-impl-thread1] INFO  server.RaftServerConfigKeys (ConfUtils.java:logGet(46)) - raft.server.snapshot.trigger-when-stop.enabled = true (default)
2023-09-01 02:13:27,172 [s0-impl-thread1] INFO  server.RaftServerConfigKeys (ConfUtils.java:logGet(46)) - raft.server.snapshot.auto.trigger.enabled = true (custom)
2023-09-01 02:13:27,172 [s0-impl-thread1] INFO  server.RaftServerConfigKeys (ConfUtils.java:logGet(46)) - raft.server.snapshot.auto.trigger.threshold = 64 (custom)
2023-09-01 02:13:27,172 [s0-impl-thread1] INFO  server.RaftServerConfigKeys (ConfUtils.java:logGet(46)) - raft.server.snapshot.retention.file.num = -1 (default)
2023-09-01 02:13:27,172 [s0-impl-thread1] INFO  server.RaftServerConfigKeys (ConfUtils.java:logGet(46)) - raft.server.log.purge.upto.snapshot.index = false (default)
2023-09-01 02:13:27,173 [s0@group-79E75C7987F5-FollowerState] INFO  server.RaftServerConfigKeys (ConfUtils.java:logFallback(53)) - raft.server.rpc.first-election.timeout.min = 150ms (fallback to raft.server.rpc.timeout.min)
2023-09-01 02:13:27,173 [s0@group-79E75C7987F5-FollowerState] INFO  server.RaftServerConfigKeys (ConfUtils.java:logFallback(53)) - raft.server.rpc.first-election.timeout.max = 300ms (fallback to raft.server.rpc.timeout.max)
2023-09-01 02:13:27,176 [Time-limited test] INFO  server.RaftServer (RaftServerProxy.java:startImpl(404)) - s0: start RPC server
2023-09-01 02:13:27,177 [Time-limited test] INFO  server.GrpcService (GrpcService.java:startImpl(302)) - s0: GrpcService started, listening on 46071
2023-09-01 02:13:27,177 [Time-limited test] INFO  server.GrpcService (GrpcService.java:startImpl(302)) - s0: GrpcService started, listening on 44295
2023-09-01 02:13:27,178 [Time-limited test] INFO  server.GrpcService (GrpcService.java:startImpl(302)) - s0: GrpcService started, listening on 38859
2023-09-01 02:13:27,180 [JvmPauseMonitor6] INFO  util.JvmPauseMonitor (JvmPauseMonitor.java:run(146)) - JvmPauseMonitor-s0: Started
2023-09-01 02:13:27,184 [Time-limited test] INFO  server.RaftServerConfigKeys (ConfUtils.java:logGet(46)) - raft.server.rpc.timeout.max = 300ms (default)
2023-09-01 02:13:27,184 [Time-limited test] INFO  ratis.RaftTestUtil (RaftTestUtil.java:waitForLeader(100)) - printing ALL groups
  s0:  RUNNING  FOLLOWER s0@group-79E75C7987F5:t0, leader=null, voted=, raftlog=Memoized:s0@group-79E75C7987F5-SegmentedRaftLog:OPENED:c-1, conf=-1: peers:[s0|rpc:localhost:44295|admin:localhost:38859|client:localhost:46071|dataStream:localhost:36715|priority:0|startupRole:FOLLOWER]|listeners:[], old=null RUNNING
2023-09-01 02:13:27,184 [Time-limited test] WARN  ratis.RaftTestUtil (JavaUtils.java:attempt(217)) - FAILED "waitForLeader-null-(expectLeader? true)", attempt #1/100: java.lang.IllegalStateException: No leader yet : printing ALL groups
  s0:  RUNNING  FOLLOWER s0@group-79E75C7987F5:t0, leader=null, voted=, raftlog=Memoized:s0@group-79E75C7987F5-SegmentedRaftLog:OPENED:c-1, conf=-1: peers:[s0|rpc:localhost:44295|admin:localhost:38859|client:localhost:46071|dataStream:localhost:36715|priority:0|startupRole:FOLLOWER]|listeners:[], old=null RUNNING, sleep 450ms and then retry.
java.lang.IllegalStateException: No leader yet : printing ALL groups
  s0:  RUNNING  FOLLOWER s0@group-79E75C7987F5:t0, leader=null, voted=, raftlog=Memoized:s0@group-79E75C7987F5-SegmentedRaftLog:OPENED:c-1, conf=-1: peers:[s0|rpc:localhost:44295|admin:localhost:38859|client:localhost:46071|dataStream:localhost:36715|priority:0|startupRole:FOLLOWER]|listeners:[], old=null RUNNING
	at org.apache.ratis.server.impl.MiniRaftCluster.newIllegalStateExceptionForNoLeaders(MiniRaftCluster.java:581)
	at org.apache.ratis.RaftTestUtil.lambda$waitForLeader$1(RaftTestUtil.java:104)
	at org.apache.ratis.server.impl.MiniRaftCluster.getLeader(MiniRaftCluster.java:615)
	at org.apache.ratis.server.impl.MiniRaftCluster.getLeader(MiniRaftCluster.java:608)
	at org.apache.ratis.RaftTestUtil.lambda$waitForLeader$3(RaftTestUtil.java:112)
	at org.apache.ratis.util.JavaUtils.attempt(JavaUtils.java:211)
	at org.apache.ratis.util.JavaUtils.attemptRepeatedly(JavaUtils.java:197)
	at org.apache.ratis.RaftTestUtil.waitForLeader(RaftTestUtil.java:111)
	at org.apache.ratis.RaftTestUtil.waitForLeader(RaftTestUtil.java:92)
	at org.apache.ratis.RaftTestUtil.waitForLeader(RaftTestUtil.java:87)
	at org.apache.ratis.InstallSnapshotFromLeaderTests.testMultiFileInstallSnapshot(InstallSnapshotFromLeaderTests.java:93)
	at org.apache.ratis.server.impl.MiniRaftCluster$Factory$Get.runWithNewCluster(MiniRaftCluster.java:141)
	at org.apache.ratis.server.impl.MiniRaftCluster$Factory$Get.runWithNewCluster(MiniRaftCluster.java:121)
	at org.apache.ratis.InstallSnapshotFromLeaderTests.testMultiFileInstallSnapshot(InstallSnapshotFromLeaderTests.java:80)
	at java.base/jdk.internal.reflect.NativeMethodAccessorImpl.invoke0(Native Method)
	at java.base/jdk.internal.reflect.NativeMethodAccessorImpl.invoke(NativeMethodAccessorImpl.java:62)
	at java.base/jdk.internal.reflect.DelegatingMethodAccessorImpl.invoke(DelegatingMethodAccessorImpl.java:43)
	at java.base/java.lang.reflect.Method.invoke(Method.java:566)
	at org.junit.runners.model.FrameworkMethod$1.runReflectiveCall(FrameworkMethod.java:59)
	at org.junit.internal.runners.model.ReflectiveCallable.run(ReflectiveCallable.java:12)
	at org.junit.runners.model.FrameworkMethod.invokeExplosively(FrameworkMethod.java:56)
	at org.junit.internal.runners.statements.InvokeMethod.evaluate(InvokeMethod.java:17)
	at org.junit.internal.runners.statements.RunAfters.evaluate(RunAfters.java:27)
	at org.junit.internal.runners.statements.FailOnTimeout$CallableStatement.call(FailOnTimeout.java:299)
	at org.junit.internal.runners.statements.FailOnTimeout$CallableStatement.call(FailOnTimeout.java:293)
	at java.base/java.util.concurrent.FutureTask.run(FutureTask.java:264)
	at java.base/java.lang.Thread.run(Thread.java:829)
2023-09-01 02:13:27,333 [s0@group-79E75C7987F5-FollowerState] INFO  impl.FollowerState (FollowerState.java:run(143)) - s0@group-79E75C7987F5-FollowerState: change to CANDIDATE, lastRpcElapsedTime:161706511ns, electionTimeout:160ms
2023-09-01 02:13:27,333 [s0@group-79E75C7987F5-FollowerState] INFO  impl.RoleInfo (RoleInfo.java:shutdownFollowerState(109)) - s0: shutdown s0@group-79E75C7987F5-FollowerState
2023-09-01 02:13:27,333 [s0@group-79E75C7987F5-FollowerState] INFO  server.RaftServer$Division (RaftServerImpl.java:setRole(371)) - s0@group-79E75C7987F5: changes role from  FOLLOWER to CANDIDATE at term 0 for changeToCandidate
2023-09-01 02:13:27,334 [s0@group-79E75C7987F5-FollowerState] INFO  server.RaftServerConfigKeys (ConfUtils.java:logGet(46)) - raft.server.leaderelection.pre-vote = true (default)
2023-09-01 02:13:27,334 [s0@group-79E75C7987F5-FollowerState] INFO  impl.RoleInfo (RoleInfo.java:updateAndGet(138)) - s0: start s0@group-79E75C7987F5-LeaderElection3
2023-09-01 02:13:27,337 [s0@group-79E75C7987F5-LeaderElection3] INFO  impl.LeaderElection (LeaderElection.java:askForVotes(320)) - s0@group-79E75C7987F5-LeaderElection3 PRE_VOTE round 0: submit vote requests at term 0 for -1: peers:[s0|rpc:localhost:44295|admin:localhost:38859|client:localhost:46071|dataStream:localhost:36715|priority:0|startupRole:FOLLOWER]|listeners:[], old=null
2023-09-01 02:13:27,337 [s0@group-79E75C7987F5-LeaderElection3] INFO  impl.LeaderElection (LeaderElection.java:askForVotes(322)) - s0@group-79E75C7987F5-LeaderElection3 PRE_VOTE round 0: result PASSED (term=0)
2023-09-01 02:13:27,338 [s0@group-79E75C7987F5-LeaderElection3] INFO  impl.LeaderElection (LeaderElection.java:askForVotes(320)) - s0@group-79E75C7987F5-LeaderElection3 ELECTION round 0: submit vote requests at term 1 for -1: peers:[s0|rpc:localhost:44295|admin:localhost:38859|client:localhost:46071|dataStream:localhost:36715|priority:0|startupRole:FOLLOWER]|listeners:[], old=null
2023-09-01 02:13:27,338 [s0@group-79E75C7987F5-LeaderElection3] INFO  impl.LeaderElection (LeaderElection.java:askForVotes(322)) - s0@group-79E75C7987F5-LeaderElection3 ELECTION round 0: result PASSED (term=1)
2023-09-01 02:13:27,338 [s0@group-79E75C7987F5-LeaderElection3] INFO  impl.RoleInfo (RoleInfo.java:shutdownLeaderElection(129)) - s0: shutdown s0@group-79E75C7987F5-LeaderElection3
2023-09-01 02:13:27,338 [s0@group-79E75C7987F5-LeaderElection3] INFO  server.RaftServer$Division (RaftServerImpl.java:setRole(371)) - s0@group-79E75C7987F5: changes role from CANDIDATE to LEADER at term 1 for changeToLeader
2023-09-01 02:13:27,339 [s0@group-79E75C7987F5-LeaderElection3] INFO  server.RaftServerConfigKeys (ConfUtils.java:logGet(46)) - raft.server.staging.catchup.gap = 1000 (default)
2023-09-01 02:13:27,339 [s0@group-79E75C7987F5-LeaderElection3] INFO  server.RaftServerConfigKeys (ConfUtils.java:logGet(46)) - raft.server.write.element-limit = 4096 (default)
2023-09-01 02:13:27,339 [s0@group-79E75C7987F5-LeaderElection3] INFO  server.RaftServerConfigKeys (ConfUtils.java:logGet(46)) - raft.server.write.byte-limit = 64MB (=67108864) (default)
2023-09-01 02:13:27,339 [s0@group-79E75C7987F5-LeaderElection3] INFO  server.RaftServerConfigKeys (ConfUtils.java:logGet(46)) - raft.server.watch.timeout = 10s (default)
2023-09-01 02:13:27,339 [s0@group-79E75C7987F5-LeaderElection3] INFO  server.RaftServerConfigKeys (ConfUtils.java:logGet(46)) - raft.server.watch.timeout.denomination = 1s (default)
2023-09-01 02:13:27,339 [s0@group-79E75C7987F5-LeaderElection3] INFO  server.RaftServerConfigKeys (ConfUtils.java:logGet(46)) - raft.server.watch.element-limit = 65536 (default)
2023-09-01 02:13:27,339 [s0@group-79E75C7987F5-LeaderElection3] INFO  server.RaftServerConfigKeys (ConfUtils.java:logGet(46)) - raft.server.write.element-limit = 4096 (default)
2023-09-01 02:13:27,339 [s0@group-79E75C7987F5-LeaderElection3] INFO  server.RaftServerConfigKeys (ConfUtils.java:logGet(46)) - raft.server.write.follower.gap.ratio.max = -1.0 (default)
2023-09-01 02:13:27,339 [s0@group-79E75C7987F5-LeaderElection3] INFO  impl.RoleInfo (RoleInfo.java:updateAndGet(138)) - s0: start s0@group-79E75C7987F5-LeaderStateImpl
2023-09-01 02:13:27,339 [s0@group-79E75C7987F5-LeaderElection3] INFO  server.RaftServer$Division (RaftServerImpl.java:setFirstElection(556)) - s0@group-79E75C7987F5: set firstElectionSinceStartup to false for becomeLeader
2023-09-01 02:13:27,339 [s0@group-79E75C7987F5-LeaderElection3] INFO  server.RaftServer$Division (ServerState.java:setLeader(260)) - s0@group-79E75C7987F5: change Leader from null to s0 at term 1 for becomeLeader, leader elected after 185ms
2023-09-01 02:13:27,339 [s0@group-79E75C7987F5-LeaderElection3] INFO  segmented.SegmentedRaftLogWorker (SegmentedRaftLogWorker.java:startLogSegment(427)) - s0@group-79E75C7987F5-SegmentedRaftLogWorker: Starting segment from index:0
2023-09-01 02:13:27,343 [s0@group-79E75C7987F5-LeaderElection3] INFO  server.RaftServer$Division (ServerState.java:setRaftConf(377)) - s0@group-79E75C7987F5: set configuration 0: peers:[s0|rpc:localhost:44295|admin:localhost:38859|client:localhost:46071|dataStream:localhost:36715|priority:0|startupRole:FOLLOWER]|listeners:[], old=null
2023-09-01 02:13:27,347 [s0@group-79E75C7987F5-SegmentedRaftLogWorker] INFO  segmented.SegmentedRaftLogWorker (SegmentedRaftLogWorker.java:execute(631)) - s0@group-79E75C7987F5-SegmentedRaftLogWorker: created new log segment /home/runner/work/ratis/ratis/ratis-test/target/test/data/1f94b248/MiniRaftClusterWithGrpc6a48d149/s0/5d568d59-1c4d-41a6-bf6a-79e75c7987f5/current/log_inprogress_0
2023-09-01 02:13:27,348 [s0@group-79E75C7987F5-StateMachineUpdater] INFO  server.RaftServer$Division (LeaderStateImpl.java:isApplied(308)) - leader is ready since appliedIndex == 0 >= startIndex == 0
2023-09-01 02:13:27,635 [Time-limited test] INFO  ratis.RaftTestUtil (RaftTestUtil.java:waitForLeader(119)) - printing ALL groups
  s0:  RUNNING    LEADER s0@group-79E75C7987F5:t1, leader=s0, voted=s0, raftlog=Memoized:s0@group-79E75C7987F5-SegmentedRaftLog:OPENED:c0, conf=0: peers:[s0|rpc:localhost:44295|admin:localhost:38859|client:localhost:46071|dataStream:localhost:36715|priority:0|startupRole:FOLLOWER]|listeners:[], old=null RUNNING
2023-09-01 02:13:27,644 [s0@group-79E75C7987F5-StateMachineUpdater] INFO  impl.SimpleStateMachine4Testing (SimpleStateMachine4Testing.java:put(205)) - s0: put 1, m0 -> (t:1, i:1), STATEMACHINELOGENTRY, 258@client-2F4FAE340DCA
2023-09-01 02:13:27,644 [s0@group-79E75C7987F5-StateMachineUpdater] WARN  server.RaftServer$Division (RaftServerImpl.java:replyPendingRequest(1769)) -    LEADER s0@group-79E75C7987F5:t1, leader=s0, voted=s0, raftlog=Memoized:s0@group-79E75C7987F5-SegmentedRaftLog:OPENED:c2, conf=0: peers:[s0|rpc:localhost:44295|admin:localhost:38859|client:localhost:46071|dataStream:localhost:36715|priority:0|startupRole:FOLLOWER]|listeners:[], old=null RUNNING retry cache entry of leader should be pending: 258@client-2F4FAE340DCA:pending
2023-09-01 02:13:27,653 [s0@group-79E75C7987F5-StateMachineUpdater] INFO  impl.SimpleStateMachine4Testing (SimpleStateMachine4Testing.java:put(205)) - s0: put 3, m1 -> (t:1, i:3), STATEMACHINELOGENTRY, 259@client-2F4FAE340DCA
2023-09-01 02:13:27,653 [s0@group-79E75C7987F5-StateMachineUpdater] WARN  server.RaftServer$Division (RaftServerImpl.java:replyPendingRequest(1769)) -    LEADER s0@group-79E75C7987F5:t1, leader=s0, voted=s0, raftlog=Memoized:s0@group-79E75C7987F5-SegmentedRaftLog:OPENED:c3, conf=0: peers:[s0|rpc:localhost:44295|admin:localhost:38859|client:localhost:46071|dataStream:localhost:36715|priority:0|startupRole:FOLLOWER]|listeners:[], old=null RUNNING retry cache entry of leader should be pending: 259@client-2F4FAE340DCA:pending
2023-09-01 02:13:27,656 [s0@group-79E75C7987F5-StateMachineUpdater] INFO  impl.SimpleStateMachine4Testing (SimpleStateMachine4Testing.java:put(205)) - s0: put 5, m2 -> (t:1, i:5), STATEMACHINELOGENTRY, 260@client-2F4FAE340DCA
2023-09-01 02:13:27,656 [s0@group-79E75C7987F5-StateMachineUpdater] WARN  server.RaftServer$Division (RaftServerImpl.java:replyPendingRequest(1769)) -    LEADER s0@group-79E75C7987F5:t1, leader=s0, voted=s0, raftlog=Memoized:s0@group-79E75C7987F5-SegmentedRaftLog:OPENED:c5, conf=0: peers:[s0|rpc:localhost:44295|admin:localhost:38859|client:localhost:46071|dataStream:localhost:36715|priority:0|startupRole:FOLLOWER]|listeners:[], old=null RUNNING retry cache entry of leader should be pending: 260@client-2F4FAE340DCA:pending
2023-09-01 02:13:27,659 [s0@group-79E75C7987F5-StateMachineUpdater] INFO  impl.SimpleStateMachine4Testing (SimpleStateMachine4Testing.java:put(205)) - s0: put 7, m3 -> (t:1, i:7), STATEMACHINELOGENTRY, 261@client-2F4FAE340DCA
2023-09-01 02:13:27,659 [s0@group-79E75C7987F5-StateMachineUpdater] WARN  server.RaftServer$Division (RaftServerImpl.java:replyPendingRequest(1769)) -    LEADER s0@group-79E75C7987F5:t1, leader=s0, voted=s0, raftlog=Memoized:s0@group-79E75C7987F5-SegmentedRaftLog:OPENED:c7, conf=0: peers:[s0|rpc:localhost:44295|admin:localhost:38859|client:localhost:46071|dataStream:localhost:36715|priority:0|startupRole:FOLLOWER]|listeners:[], old=null RUNNING retry cache entry of leader should be pending: 261@client-2F4FAE340DCA:pending
2023-09-01 02:13:27,661 [s0@group-79E75C7987F5-StateMachineUpdater] INFO  impl.SimpleStateMachine4Testing (SimpleStateMachine4Testing.java:put(205)) - s0: put 9, m4 -> (t:1, i:9), STATEMACHINELOGENTRY, 262@client-2F4FAE340DCA
2023-09-01 02:13:27,661 [s0@group-79E75C7987F5-StateMachineUpdater] WARN  server.RaftServer$Division (RaftServerImpl.java:replyPendingRequest(1769)) -    LEADER s0@group-79E75C7987F5:t1, leader=s0, voted=s0, raftlog=Memoized:s0@group-79E75C7987F5-SegmentedRaftLog:OPENED:c9, conf=0: peers:[s0|rpc:localhost:44295|admin:localhost:38859|client:localhost:46071|dataStream:localhost:36715|priority:0|startupRole:FOLLOWER]|listeners:[], old=null RUNNING retry cache entry of leader should be pending: 262@client-2F4FAE340DCA:pending
2023-09-01 02:13:27,664 [s0@group-79E75C7987F5-StateMachineUpdater] INFO  impl.SimpleStateMachine4Testing (SimpleStateMachine4Testing.java:put(205)) - s0: put 11, m5 -> (t:1, i:11), STATEMACHINELOGENTRY, 263@client-2F4FAE340DCA
2023-09-01 02:13:27,664 [s0@group-79E75C7987F5-StateMachineUpdater] WARN  server.RaftServer$Division (RaftServerImpl.java:replyPendingRequest(1769)) -    LEADER s0@group-79E75C7987F5:t1, leader=s0, voted=s0, raftlog=Memoized:s0@group-79E75C7987F5-SegmentedRaftLog:OPENED:c11, conf=0: peers:[s0|rpc:localhost:44295|admin:localhost:38859|client:localhost:46071|dataStream:localhost:36715|priority:0|startupRole:FOLLOWER]|listeners:[], old=null RUNNING retry cache entry of leader should be pending: 263@client-2F4FAE340DCA:pending
2023-09-01 02:13:27,666 [s0@group-79E75C7987F5-StateMachineUpdater] INFO  impl.SimpleStateMachine4Testing (SimpleStateMachine4Testing.java:put(205)) - s0: put 13, m6 -> (t:1, i:13), STATEMACHINELOGENTRY, 264@client-2F4FAE340DCA
2023-09-01 02:13:27,666 [s0@group-79E75C7987F5-StateMachineUpdater] WARN  server.RaftServer$Division (RaftServerImpl.java:replyPendingRequest(1769)) -    LEADER s0@group-79E75C7987F5:t1, leader=s0, voted=s0, raftlog=Memoized:s0@group-79E75C7987F5-SegmentedRaftLog:OPENED:c13, conf=0: peers:[s0|rpc:localhost:44295|admin:localhost:38859|client:localhost:46071|dataStream:localhost:36715|priority:0|startupRole:FOLLOWER]|listeners:[], old=null RUNNING retry cache entry of leader should be pending: 264@client-2F4FAE340DCA:pending
2023-09-01 02:13:27,668 [s0@group-79E75C7987F5-StateMachineUpdater] INFO  impl.SimpleStateMachine4Testing (SimpleStateMachine4Testing.java:put(205)) - s0: put 15, m7 -> (t:1, i:15), STATEMACHINELOGENTRY, 265@client-2F4FAE340DCA
2023-09-01 02:13:27,669 [s0@group-79E75C7987F5-StateMachineUpdater] WARN  server.RaftServer$Division (RaftServerImpl.java:replyPendingRequest(1769)) -    LEADER s0@group-79E75C7987F5:t1, leader=s0, voted=s0, raftlog=Memoized:s0@group-79E75C7987F5-SegmentedRaftLog:OPENED:c15, conf=0: peers:[s0|rpc:localhost:44295|admin:localhost:38859|client:localhost:46071|dataStream:localhost:36715|priority:0|startupRole:FOLLOWER]|listeners:[], old=null RUNNING retry cache entry of leader should be pending: 265@client-2F4FAE340DCA:pending
2023-09-01 02:13:27,671 [s0@group-79E75C7987F5-StateMachineUpdater] INFO  impl.SimpleStateMachine4Testing (SimpleStateMachine4Testing.java:put(205)) - s0: put 17, m8 -> (t:1, i:17), STATEMACHINELOGENTRY, 266@client-2F4FAE340DCA
2023-09-01 02:13:27,671 [s0@group-79E75C7987F5-StateMachineUpdater] WARN  server.RaftServer$Division (RaftServerImpl.java:replyPendingRequest(1769)) -    LEADER s0@group-79E75C7987F5:t1, leader=s0, voted=s0, raftlog=Memoized:s0@group-79E75C7987F5-SegmentedRaftLog:OPENED:c17, conf=0: peers:[s0|rpc:localhost:44295|admin:localhost:38859|client:localhost:46071|dataStream:localhost:36715|priority:0|startupRole:FOLLOWER]|listeners:[], old=null RUNNING retry cache entry of leader should be pending: 266@client-2F4FAE340DCA:pending
2023-09-01 02:13:27,673 [s0@group-79E75C7987F5-StateMachineUpdater] INFO  impl.SimpleStateMachine4Testing (SimpleStateMachine4Testing.java:put(205)) - s0: put 19, m9 -> (t:1, i:19), STATEMACHINELOGENTRY, 267@client-2F4FAE340DCA
2023-09-01 02:13:27,673 [s0@group-79E75C7987F5-StateMachineUpdater] WARN  server.RaftServer$Division (RaftServerImpl.java:replyPendingRequest(1769)) -    LEADER s0@group-79E75C7987F5:t1, leader=s0, voted=s0, raftlog=Memoized:s0@group-79E75C7987F5-SegmentedRaftLog:OPENED:c19, conf=0: peers:[s0|rpc:localhost:44295|admin:localhost:38859|client:localhost:46071|dataStream:localhost:36715|priority:0|startupRole:FOLLOWER]|listeners:[], old=null RUNNING retry cache entry of leader should be pending: 267@client-2F4FAE340DCA:pending
2023-09-01 02:13:27,676 [s0@group-79E75C7987F5-StateMachineUpdater] INFO  impl.SimpleStateMachine4Testing (SimpleStateMachine4Testing.java:put(205)) - s0: put 21, m10 -> (t:1, i:21), STATEMACHINELOGENTRY, 268@client-2F4FAE340DCA
2023-09-01 02:13:27,676 [s0@group-79E75C7987F5-StateMachineUpdater] WARN  server.RaftServer$Division (RaftServerImpl.java:replyPendingRequest(1769)) -    LEADER s0@group-79E75C7987F5:t1, leader=s0, voted=s0, raftlog=Memoized:s0@group-79E75C7987F5-SegmentedRaftLog:OPENED:c21, conf=0: peers:[s0|rpc:localhost:44295|admin:localhost:38859|client:localhost:46071|dataStream:localhost:36715|priority:0|startupRole:FOLLOWER]|listeners:[], old=null RUNNING retry cache entry of leader should be pending: 268@client-2F4FAE340DCA:pending
2023-09-01 02:13:27,678 [s0@group-79E75C7987F5-StateMachineUpdater] INFO  impl.SimpleStateMachine4Testing (SimpleStateMachine4Testing.java:put(205)) - s0: put 23, m11 -> (t:1, i:23), STATEMACHINELOGENTRY, 269@client-2F4FAE340DCA
2023-09-01 02:13:27,678 [s0@group-79E75C7987F5-StateMachineUpdater] WARN  server.RaftServer$Division (RaftServerImpl.java:replyPendingRequest(1769)) -    LEADER s0@group-79E75C7987F5:t1, leader=s0, voted=s0, raftlog=Memoized:s0@group-79E75C7987F5-SegmentedRaftLog:OPENED:c23, conf=0: peers:[s0|rpc:localhost:44295|admin:localhost:38859|client:localhost:46071|dataStream:localhost:36715|priority:0|startupRole:FOLLOWER]|listeners:[], old=null RUNNING retry cache entry of leader should be pending: 269@client-2F4FAE340DCA:pending
2023-09-01 02:13:27,681 [s0@group-79E75C7987F5-StateMachineUpdater] INFO  impl.SimpleStateMachine4Testing (SimpleStateMachine4Testing.java:put(205)) - s0: put 25, m12 -> (t:1, i:25), STATEMACHINELOGENTRY, 270@client-2F4FAE340DCA
2023-09-01 02:13:27,681 [s0@group-79E75C7987F5-StateMachineUpdater] WARN  server.RaftServer$Division (RaftServerImpl.java:replyPendingRequest(1769)) -    LEADER s0@group-79E75C7987F5:t1, leader=s0, voted=s0, raftlog=Memoized:s0@group-79E75C7987F5-SegmentedRaftLog:OPENED:c25, conf=0: peers:[s0|rpc:localhost:44295|admin:localhost:38859|client:localhost:46071|dataStream:localhost:36715|priority:0|startupRole:FOLLOWER]|listeners:[], old=null RUNNING retry cache entry of leader should be pending: 270@client-2F4FAE340DCA:pending
2023-09-01 02:13:27,683 [s0@group-79E75C7987F5-StateMachineUpdater] INFO  impl.SimpleStateMachine4Testing (SimpleStateMachine4Testing.java:put(205)) - s0: put 27, m13 -> (t:1, i:27), STATEMACHINELOGENTRY, 271@client-2F4FAE340DCA
2023-09-01 02:13:27,683 [s0@group-79E75C7987F5-StateMachineUpdater] WARN  server.RaftServer$Division (RaftServerImpl.java:replyPendingRequest(1769)) -    LEADER s0@group-79E75C7987F5:t1, leader=s0, voted=s0, raftlog=Memoized:s0@group-79E75C7987F5-SegmentedRaftLog:OPENED:c27, conf=0: peers:[s0|rpc:localhost:44295|admin:localhost:38859|client:localhost:46071|dataStream:localhost:36715|priority:0|startupRole:FOLLOWER]|listeners:[], old=null RUNNING retry cache entry of leader should be pending: 271@client-2F4FAE340DCA:pending
2023-09-01 02:13:27,686 [s0@group-79E75C7987F5-StateMachineUpdater] INFO  impl.SimpleStateMachine4Testing (SimpleStateMachine4Testing.java:put(205)) - s0: put 29, m14 -> (t:1, i:29), STATEMACHINELOGENTRY, 272@client-2F4FAE340DCA
2023-09-01 02:13:27,686 [s0@group-79E75C7987F5-StateMachineUpdater] WARN  server.RaftServer$Division (RaftServerImpl.java:replyPendingRequest(1769)) -    LEADER s0@group-79E75C7987F5:t1, leader=s0, voted=s0, raftlog=Memoized:s0@group-79E75C7987F5-SegmentedRaftLog:OPENED:c29, conf=0: peers:[s0|rpc:localhost:44295|admin:localhost:38859|client:localhost:46071|dataStream:localhost:36715|priority:0|startupRole:FOLLOWER]|listeners:[], old=null RUNNING retry cache entry of leader should be pending: 272@client-2F4FAE340DCA:pending
2023-09-01 02:13:27,688 [s0@group-79E75C7987F5-StateMachineUpdater] INFO  impl.SimpleStateMachine4Testing (SimpleStateMachine4Testing.java:put(205)) - s0: put 31, m15 -> (t:1, i:31), STATEMACHINELOGENTRY, 273@client-2F4FAE340DCA
2023-09-01 02:13:27,688 [s0@group-79E75C7987F5-StateMachineUpdater] WARN  server.RaftServer$Division (RaftServerImpl.java:replyPendingRequest(1769)) -    LEADER s0@group-79E75C7987F5:t1, leader=s0, voted=s0, raftlog=Memoized:s0@group-79E75C7987F5-SegmentedRaftLog:OPENED:c31, conf=0: peers:[s0|rpc:localhost:44295|admin:localhost:38859|client:localhost:46071|dataStream:localhost:36715|priority:0|startupRole:FOLLOWER]|listeners:[], old=null RUNNING retry cache entry of leader should be pending: 273@client-2F4FAE340DCA:pending
2023-09-01 02:13:27,690 [s0@group-79E75C7987F5-StateMachineUpdater] INFO  impl.SimpleStateMachine4Testing (SimpleStateMachine4Testing.java:put(205)) - s0: put 33, m16 -> (t:1, i:33), STATEMACHINELOGENTRY, 274@client-2F4FAE340DCA
2023-09-01 02:13:27,691 [s0@group-79E75C7987F5-StateMachineUpdater] WARN  server.RaftServer$Division (RaftServerImpl.java:replyPendingRequest(1769)) -    LEADER s0@group-79E75C7987F5:t1, leader=s0, voted=s0, raftlog=Memoized:s0@group-79E75C7987F5-SegmentedRaftLog:OPENED:c33, conf=0: peers:[s0|rpc:localhost:44295|admin:localhost:38859|client:localhost:46071|dataStream:localhost:36715|priority:0|startupRole:FOLLOWER]|listeners:[], old=null RUNNING retry cache entry of leader should be pending: 274@client-2F4FAE340DCA:pending
2023-09-01 02:13:27,693 [s0@group-79E75C7987F5-StateMachineUpdater] INFO  impl.SimpleStateMachine4Testing (SimpleStateMachine4Testing.java:put(205)) - s0: put 35, m17 -> (t:1, i:35), STATEMACHINELOGENTRY, 275@client-2F4FAE340DCA
2023-09-01 02:13:27,693 [s0@group-79E75C7987F5-StateMachineUpdater] WARN  server.RaftServer$Division (RaftServerImpl.java:replyPendingRequest(1769)) -    LEADER s0@group-79E75C7987F5:t1, leader=s0, voted=s0, raftlog=Memoized:s0@group-79E75C7987F5-SegmentedRaftLog:OPENED:c35, conf=0: peers:[s0|rpc:localhost:44295|admin:localhost:38859|client:localhost:46071|dataStream:localhost:36715|priority:0|startupRole:FOLLOWER]|listeners:[], old=null RUNNING retry cache entry of leader should be pending: 275@client-2F4FAE340DCA:pending
2023-09-01 02:13:27,695 [s0@group-79E75C7987F5-StateMachineUpdater] INFO  impl.SimpleStateMachine4Testing (SimpleStateMachine4Testing.java:put(205)) - s0: put 37, m18 -> (t:1, i:37), STATEMACHINELOGENTRY, 276@client-2F4FAE340DCA
2023-09-01 02:13:27,695 [s0@group-79E75C7987F5-StateMachineUpdater] WARN  server.RaftServer$Division (RaftServerImpl.java:replyPendingRequest(1769)) -    LEADER s0@group-79E75C7987F5:t1, leader=s0, voted=s0, raftlog=Memoized:s0@group-79E75C7987F5-SegmentedRaftLog:OPENED:c37, conf=0: peers:[s0|rpc:localhost:44295|admin:localhost:38859|client:localhost:46071|dataStream:localhost:36715|priority:0|startupRole:FOLLOWER]|listeners:[], old=null RUNNING retry cache entry of leader should be pending: 276@client-2F4FAE340DCA:pending
2023-09-01 02:13:27,698 [s0@group-79E75C7987F5-StateMachineUpdater] INFO  impl.SimpleStateMachine4Testing (SimpleStateMachine4Testing.java:put(205)) - s0: put 39, m19 -> (t:1, i:39), STATEMACHINELOGENTRY, 277@client-2F4FAE340DCA
2023-09-01 02:13:27,698 [s0@group-79E75C7987F5-StateMachineUpdater] WARN  server.RaftServer$Division (RaftServerImpl.java:replyPendingRequest(1769)) -    LEADER s0@group-79E75C7987F5:t1, leader=s0, voted=s0, raftlog=Memoized:s0@group-79E75C7987F5-SegmentedRaftLog:OPENED:c39, conf=0: peers:[s0|rpc:localhost:44295|admin:localhost:38859|client:localhost:46071|dataStream:localhost:36715|priority:0|startupRole:FOLLOWER]|listeners:[], old=null RUNNING retry cache entry of leader should be pending: 277@client-2F4FAE340DCA:pending
2023-09-01 02:13:27,700 [s0@group-79E75C7987F5-StateMachineUpdater] INFO  impl.SimpleStateMachine4Testing (SimpleStateMachine4Testing.java:put(205)) - s0: put 41, m20 -> (t:1, i:41), STATEMACHINELOGENTRY, 278@client-2F4FAE340DCA
2023-09-01 02:13:27,700 [s0@group-79E75C7987F5-StateMachineUpdater] WARN  server.RaftServer$Division (RaftServerImpl.java:replyPendingRequest(1769)) -    LEADER s0@group-79E75C7987F5:t1, leader=s0, voted=s0, raftlog=Memoized:s0@group-79E75C7987F5-SegmentedRaftLog:OPENED:c41, conf=0: peers:[s0|rpc:localhost:44295|admin:localhost:38859|client:localhost:46071|dataStream:localhost:36715|priority:0|startupRole:FOLLOWER]|listeners:[], old=null RUNNING retry cache entry of leader should be pending: 278@client-2F4FAE340DCA:pending
2023-09-01 02:13:27,702 [s0@group-79E75C7987F5-StateMachineUpdater] INFO  impl.SimpleStateMachine4Testing (SimpleStateMachine4Testing.java:put(205)) - s0: put 43, m21 -> (t:1, i:43), STATEMACHINELOGENTRY, 279@client-2F4FAE340DCA
2023-09-01 02:13:27,702 [s0@group-79E75C7987F5-StateMachineUpdater] WARN  server.RaftServer$Division (RaftServerImpl.java:replyPendingRequest(1769)) -    LEADER s0@group-79E75C7987F5:t1, leader=s0, voted=s0, raftlog=Memoized:s0@group-79E75C7987F5-SegmentedRaftLog:OPENED:c43, conf=0: peers:[s0|rpc:localhost:44295|admin:localhost:38859|client:localhost:46071|dataStream:localhost:36715|priority:0|startupRole:FOLLOWER]|listeners:[], old=null RUNNING retry cache entry of leader should be pending: 279@client-2F4FAE340DCA:pending
2023-09-01 02:13:27,705 [s0@group-79E75C7987F5-StateMachineUpdater] INFO  impl.SimpleStateMachine4Testing (SimpleStateMachine4Testing.java:put(205)) - s0: put 45, m22 -> (t:1, i:45), STATEMACHINELOGENTRY, 280@client-2F4FAE340DCA
2023-09-01 02:13:27,705 [s0@group-79E75C7987F5-StateMachineUpdater] WARN  server.RaftServer$Division (RaftServerImpl.java:replyPendingRequest(1769)) -    LEADER s0@group-79E75C7987F5:t1, leader=s0, voted=s0, raftlog=Memoized:s0@group-79E75C7987F5-SegmentedRaftLog:OPENED:c45, conf=0: peers:[s0|rpc:localhost:44295|admin:localhost:38859|client:localhost:46071|dataStream:localhost:36715|priority:0|startupRole:FOLLOWER]|listeners:[], old=null RUNNING retry cache entry of leader should be pending: 280@client-2F4FAE340DCA:pending
2023-09-01 02:13:27,707 [s0@group-79E75C7987F5-StateMachineUpdater] INFO  impl.SimpleStateMachine4Testing (SimpleStateMachine4Testing.java:put(205)) - s0: put 47, m23 -> (t:1, i:47), STATEMACHINELOGENTRY, 281@client-2F4FAE340DCA
2023-09-01 02:13:27,707 [s0@group-79E75C7987F5-StateMachineUpdater] WARN  server.RaftServer$Division (RaftServerImpl.java:replyPendingRequest(1769)) -    LEADER s0@group-79E75C7987F5:t1, leader=s0, voted=s0, raftlog=Memoized:s0@group-79E75C7987F5-SegmentedRaftLog:OPENED:c47, conf=0: peers:[s0|rpc:localhost:44295|admin:localhost:38859|client:localhost:46071|dataStream:localhost:36715|priority:0|startupRole:FOLLOWER]|listeners:[], old=null RUNNING retry cache entry of leader should be pending: 281@client-2F4FAE340DCA:pending
2023-09-01 02:13:27,709 [s0@group-79E75C7987F5-StateMachineUpdater] INFO  impl.SimpleStateMachine4Testing (SimpleStateMachine4Testing.java:put(205)) - s0: put 49, m24 -> (t:1, i:49), STATEMACHINELOGENTRY, 282@client-2F4FAE340DCA
2023-09-01 02:13:27,709 [s0@group-79E75C7987F5-StateMachineUpdater] WARN  server.RaftServer$Division (RaftServerImpl.java:replyPendingRequest(1769)) -    LEADER s0@group-79E75C7987F5:t1, leader=s0, voted=s0, raftlog=Memoized:s0@group-79E75C7987F5-SegmentedRaftLog:OPENED:c49, conf=0: peers:[s0|rpc:localhost:44295|admin:localhost:38859|client:localhost:46071|dataStream:localhost:36715|priority:0|startupRole:FOLLOWER]|listeners:[], old=null RUNNING retry cache entry of leader should be pending: 282@client-2F4FAE340DCA:pending
2023-09-01 02:13:27,711 [s0@group-79E75C7987F5-StateMachineUpdater] INFO  impl.SimpleStateMachine4Testing (SimpleStateMachine4Testing.java:put(205)) - s0: put 51, m25 -> (t:1, i:51), STATEMACHINELOGENTRY, 283@client-2F4FAE340DCA
2023-09-01 02:13:27,712 [s0@group-79E75C7987F5-StateMachineUpdater] WARN  server.RaftServer$Division (RaftServerImpl.java:replyPendingRequest(1769)) -    LEADER s0@group-79E75C7987F5:t1, leader=s0, voted=s0, raftlog=Memoized:s0@group-79E75C7987F5-SegmentedRaftLog:OPENED:c51, conf=0: peers:[s0|rpc:localhost:44295|admin:localhost:38859|client:localhost:46071|dataStream:localhost:36715|priority:0|startupRole:FOLLOWER]|listeners:[], old=null RUNNING retry cache entry of leader should be pending: 283@client-2F4FAE340DCA:pending
2023-09-01 02:13:27,714 [s0@group-79E75C7987F5-StateMachineUpdater] INFO  impl.SimpleStateMachine4Testing (SimpleStateMachine4Testing.java:put(205)) - s0: put 53, m26 -> (t:1, i:53), STATEMACHINELOGENTRY, 284@client-2F4FAE340DCA
2023-09-01 02:13:27,714 [s0@group-79E75C7987F5-StateMachineUpdater] WARN  server.RaftServer$Division (RaftServerImpl.java:replyPendingRequest(1769)) -    LEADER s0@group-79E75C7987F5:t1, leader=s0, voted=s0, raftlog=Memoized:s0@group-79E75C7987F5-SegmentedRaftLog:OPENED:c54, conf=0: peers:[s0|rpc:localhost:44295|admin:localhost:38859|client:localhost:46071|dataStream:localhost:36715|priority:0|startupRole:FOLLOWER]|listeners:[], old=null RUNNING retry cache entry of leader should be pending: 284@client-2F4FAE340DCA:pending
2023-09-01 02:13:27,716 [s0@group-79E75C7987F5-StateMachineUpdater] INFO  impl.SimpleStateMachine4Testing (SimpleStateMachine4Testing.java:put(205)) - s0: put 55, m27 -> (t:1, i:55), STATEMACHINELOGENTRY, 285@client-2F4FAE340DCA
2023-09-01 02:13:27,716 [s0@group-79E75C7987F5-StateMachineUpdater] WARN  server.RaftServer$Division (RaftServerImpl.java:replyPendingRequest(1769)) -    LEADER s0@group-79E75C7987F5:t1, leader=s0, voted=s0, raftlog=Memoized:s0@group-79E75C7987F5-SegmentedRaftLog:OPENED:c55, conf=0: peers:[s0|rpc:localhost:44295|admin:localhost:38859|client:localhost:46071|dataStream:localhost:36715|priority:0|startupRole:FOLLOWER]|listeners:[], old=null RUNNING retry cache entry of leader should be pending: 285@client-2F4FAE340DCA:pending
2023-09-01 02:13:27,718 [s0@group-79E75C7987F5-StateMachineUpdater] INFO  impl.SimpleStateMachine4Testing (SimpleStateMachine4Testing.java:put(205)) - s0: put 57, m28 -> (t:1, i:57), STATEMACHINELOGENTRY, 286@client-2F4FAE340DCA
2023-09-01 02:13:27,718 [s0@group-79E75C7987F5-StateMachineUpdater] WARN  server.RaftServer$Division (RaftServerImpl.java:replyPendingRequest(1769)) -    LEADER s0@group-79E75C7987F5:t1, leader=s0, voted=s0, raftlog=Memoized:s0@group-79E75C7987F5-SegmentedRaftLog:OPENED:c57, conf=0: peers:[s0|rpc:localhost:44295|admin:localhost:38859|client:localhost:46071|dataStream:localhost:36715|priority:0|startupRole:FOLLOWER]|listeners:[], old=null RUNNING retry cache entry of leader should be pending: 286@client-2F4FAE340DCA:pending
2023-09-01 02:13:27,722 [s0@group-79E75C7987F5-StateMachineUpdater] INFO  impl.SimpleStateMachine4Testing (SimpleStateMachine4Testing.java:put(205)) - s0: put 59, m29 -> (t:1, i:59), STATEMACHINELOGENTRY, 287@client-2F4FAE340DCA
2023-09-01 02:13:27,722 [s0@group-79E75C7987F5-StateMachineUpdater] WARN  server.RaftServer$Division (RaftServerImpl.java:replyPendingRequest(1769)) -    LEADER s0@group-79E75C7987F5:t1, leader=s0, voted=s0, raftlog=Memoized:s0@group-79E75C7987F5-SegmentedRaftLog:OPENED:c59, conf=0: peers:[s0|rpc:localhost:44295|admin:localhost:38859|client:localhost:46071|dataStream:localhost:36715|priority:0|startupRole:FOLLOWER]|listeners:[], old=null RUNNING retry cache entry of leader should be pending: 287@client-2F4FAE340DCA:pending
2023-09-01 02:13:27,724 [s0@group-79E75C7987F5-StateMachineUpdater] INFO  impl.SimpleStateMachine4Testing (SimpleStateMachine4Testing.java:put(205)) - s0: put 61, m30 -> (t:1, i:61), STATEMACHINELOGENTRY, 288@client-2F4FAE340DCA
2023-09-01 02:13:27,725 [s0@group-79E75C7987F5-StateMachineUpdater] WARN  server.RaftServer$Division (RaftServerImpl.java:replyPendingRequest(1769)) -    LEADER s0@group-79E75C7987F5:t1, leader=s0, voted=s0, raftlog=Memoized:s0@group-79E75C7987F5-SegmentedRaftLog:OPENED:c61, conf=0: peers:[s0|rpc:localhost:44295|admin:localhost:38859|client:localhost:46071|dataStream:localhost:36715|priority:0|startupRole:FOLLOWER]|listeners:[], old=null RUNNING retry cache entry of leader should be pending: 288@client-2F4FAE340DCA:pending
2023-09-01 02:13:27,727 [s0@group-79E75C7987F5-StateMachineUpdater] INFO  impl.SimpleStateMachine4Testing (SimpleStateMachine4Testing.java:put(205)) - s0: put 63, m31 -> (t:1, i:63), STATEMACHINELOGENTRY, 289@client-2F4FAE340DCA
2023-09-01 02:13:27,727 [s0@group-79E75C7987F5-StateMachineUpdater] WARN  server.RaftServer$Division (RaftServerImpl.java:replyPendingRequest(1769)) -    LEADER s0@group-79E75C7987F5:t1, leader=s0, voted=s0, raftlog=Memoized:s0@group-79E75C7987F5-SegmentedRaftLog:OPENED:c63, conf=0: peers:[s0|rpc:localhost:44295|admin:localhost:38859|client:localhost:46071|dataStream:localhost:36715|priority:0|startupRole:FOLLOWER]|listeners:[], old=null RUNNING retry cache entry of leader should be pending: 289@client-2F4FAE340DCA:pending
2023-09-01 02:13:27,727 [s0@group-79E75C7987F5-StateMachineUpdater] TRACE util.FileUtils (LogUtils.java:runAndLog(49)) - Successfully ran Files.createDirectories /home/runner/work/ratis/ratis/ratis-test/target/test/data/1f94b248/MiniRaftClusterWithGrpc6a48d149/s0/5d568d59-1c4d-41a6-bf6a-79e75c7987f5/sm/snapshot
2023-09-01 02:13:27,727 [s0@group-79E75C7987F5-StateMachineUpdater] TRACE util.FileUtils (LogUtils.java:runAndLog(49)) - Successfully ran Files.createDirectories /home/runner/work/ratis/ratis/ratis-test/target/test/data/1f94b248/MiniRaftClusterWithGrpc6a48d149/s0/5d568d59-1c4d-41a6-bf6a-79e75c7987f5/sm/snapshot
2023-09-01 02:13:27,727 [s0@group-79E75C7987F5-StateMachineUpdater] TRACE util.FileUtils (LogUtils.java:runAndLog(49)) - Successfully ran Files.createDirectories /home/runner/work/ratis/ratis/ratis-test/target/test/data/1f94b248/MiniRaftClusterWithGrpc6a48d149/s0/5d568d59-1c4d-41a6-bf6a-79e75c7987f5/sm/snapshot/sub
2023-09-01 02:13:27,727 [s0@group-79E75C7987F5-StateMachineUpdater] TRACE util.FileUtils (LogUtils.java:supplyAndLog(70)) - Successfully supplied Files.newOutputStream CREATE_NEW /home/runner/work/ratis/ratis/ratis-test/target/test/data/1f94b248/MiniRaftClusterWithGrpc6a48d149/s0/5d568d59-1c4d-41a6-bf6a-79e75c7987f5/sm/snapshot/1.bin: java.nio.channels.Channels$1@380ac385
2023-09-01 02:13:27,727 [s0@group-79E75C7987F5-StateMachineUpdater] TRACE util.FileUtils (LogUtils.java:supplyAndLog(70)) - Successfully supplied Files.newOutputStream CREATE_NEW /home/runner/work/ratis/ratis/ratis-test/target/test/data/1f94b248/MiniRaftClusterWithGrpc6a48d149/s0/5d568d59-1c4d-41a6-bf6a-79e75c7987f5/sm/snapshot/sub/2.bin: java.nio.channels.Channels$1@3c35505c
2023-09-01 02:13:27,737 [s0@group-79E75C7987F5-StateMachineUpdater] INFO  impl.StateMachineUpdater (StateMachineUpdater.java:takeSnapshot(295)) - s0@group-79E75C7987F5-StateMachineUpdater: Took a snapshot at index 63
2023-09-01 02:13:27,737 [s0@group-79E75C7987F5-StateMachineUpdater] INFO  impl.StateMachineUpdater (StateMachineUpdater.java:lambda$new$0(98)) - s0@group-79E75C7987F5-StateMachineUpdater: snapshotIndex: updateIncreasingly -1 -> 63
2023-09-01 02:13:27,737 [s0@group-79E75C7987F5-StateMachineUpdater] INFO  raftlog.RaftLog (RaftLogBase.java:purge(315)) - s0@group-79E75C7987F5-SegmentedRaftLog: purge 63
2023-09-01 02:13:27,737 [s0@group-79E75C7987F5-StateMachineUpdater] INFO  raftlog.RaftLog (RaftLogBase.java:lambda$new$0(54)) - s0@group-79E75C7987F5-SegmentedRaftLog: snapshotIndex: updateIncreasingly -1 -> 63
2023-09-01 02:13:27,737 [s0@group-79E75C7987F5-StateMachineUpdater] INFO  raftlog.RaftLog (RaftLogBase.java:lambda$new$0(54)) - s0@group-79E75C7987F5-SegmentedRaftLog: purgeIndex: updateToMax old=-1, new=63, updated? true
2023-09-01 02:13:27,737 [s0@group-79E75C7987F5-StateMachineUpdater] INFO  impl.SimpleStateMachine4Testing (SimpleStateMachine4Testing.java:put(205)) - s0: put 65, m32 -> (t:1, i:65), STATEMACHINELOGENTRY, 290@client-2F4FAE340DCA
2023-09-01 02:13:27,738 [s0@group-79E75C7987F5-StateMachineUpdater] WARN  server.RaftServer$Division (RaftServerImpl.java:replyPendingRequest(1769)) -    LEADER s0@group-79E75C7987F5:t1, leader=s0, voted=s0, raftlog=Memoized:s0@group-79E75C7987F5-SegmentedRaftLog:OPENED:c66, conf=0: peers:[s0|rpc:localhost:44295|admin:localhost:38859|client:localhost:46071|dataStream:localhost:36715|priority:0|startupRole:FOLLOWER]|listeners:[], old=null RUNNING retry cache entry of leader should be pending: 290@client-2F4FAE340DCA:pending
2023-09-01 02:13:27,740 [s0@group-79E75C7987F5-StateMachineUpdater] INFO  impl.SimpleStateMachine4Testing (SimpleStateMachine4Testing.java:put(205)) - s0: put 67, m33 -> (t:1, i:67), STATEMACHINELOGENTRY, 291@client-2F4FAE340DCA
2023-09-01 02:13:27,740 [s0@group-79E75C7987F5-StateMachineUpdater] WARN  server.RaftServer$Division (RaftServerImpl.java:replyPendingRequest(1769)) -    LEADER s0@group-79E75C7987F5:t1, leader=s0, voted=s0, raftlog=Memoized:s0@group-79E75C7987F5-SegmentedRaftLog:OPENED:c68, conf=0: peers:[s0|rpc:localhost:44295|admin:localhost:38859|client:localhost:46071|dataStream:localhost:36715|priority:0|startupRole:FOLLOWER]|listeners:[], old=null RUNNING retry cache entry of leader should be pending: 291@client-2F4FAE340DCA:pending
2023-09-01 02:13:27,742 [s0@group-79E75C7987F5-StateMachineUpdater] INFO  impl.SimpleStateMachine4Testing (SimpleStateMachine4Testing.java:put(205)) - s0: put 69, m34 -> (t:1, i:69), STATEMACHINELOGENTRY, 292@client-2F4FAE340DCA
2023-09-01 02:13:27,742 [s0@group-79E75C7987F5-StateMachineUpdater] WARN  server.RaftServer$Division (RaftServerImpl.java:replyPendingRequest(1769)) -    LEADER s0@group-79E75C7987F5:t1, leader=s0, voted=s0, raftlog=Memoized:s0@group-79E75C7987F5-SegmentedRaftLog:OPENED:c70, conf=0: peers:[s0|rpc:localhost:44295|admin:localhost:38859|client:localhost:46071|dataStream:localhost:36715|priority:0|startupRole:FOLLOWER]|listeners:[], old=null RUNNING retry cache entry of leader should be pending: 292@client-2F4FAE340DCA:pending
2023-09-01 02:13:27,744 [s0@group-79E75C7987F5-StateMachineUpdater] INFO  impl.SimpleStateMachine4Testing (SimpleStateMachine4Testing.java:put(205)) - s0: put 71, m35 -> (t:1, i:71), STATEMACHINELOGENTRY, 293@client-2F4FAE340DCA
2023-09-01 02:13:27,745 [s0@group-79E75C7987F5-StateMachineUpdater] WARN  server.RaftServer$Division (RaftServerImpl.java:replyPendingRequest(1769)) -    LEADER s0@group-79E75C7987F5:t1, leader=s0, voted=s0, raftlog=Memoized:s0@group-79E75C7987F5-SegmentedRaftLog:OPENED:c72, conf=0: peers:[s0|rpc:localhost:44295|admin:localhost:38859|client:localhost:46071|dataStream:localhost:36715|priority:0|startupRole:FOLLOWER]|listeners:[], old=null RUNNING retry cache entry of leader should be pending: 293@client-2F4FAE340DCA:pending
2023-09-01 02:13:27,747 [s0@group-79E75C7987F5-StateMachineUpdater] INFO  impl.SimpleStateMachine4Testing (SimpleStateMachine4Testing.java:put(205)) - s0: put 73, m36 -> (t:1, i:73), STATEMACHINELOGENTRY, 294@client-2F4FAE340DCA
2023-09-01 02:13:27,747 [s0@group-79E75C7987F5-StateMachineUpdater] WARN  server.RaftServer$Division (RaftServerImpl.java:replyPendingRequest(1769)) -    LEADER s0@group-79E75C7987F5:t1, leader=s0, voted=s0, raftlog=Memoized:s0@group-79E75C7987F5-SegmentedRaftLog:OPENED:c74, conf=0: peers:[s0|rpc:localhost:44295|admin:localhost:38859|client:localhost:46071|dataStream:localhost:36715|priority:0|startupRole:FOLLOWER]|listeners:[], old=null RUNNING retry cache entry of leader should be pending: 294@client-2F4FAE340DCA:pending
2023-09-01 02:13:27,749 [s0@group-79E75C7987F5-StateMachineUpdater] INFO  impl.SimpleStateMachine4Testing (SimpleStateMachine4Testing.java:put(205)) - s0: put 75, m37 -> (t:1, i:75), STATEMACHINELOGENTRY, 295@client-2F4FAE340DCA
2023-09-01 02:13:27,749 [s0@group-79E75C7987F5-StateMachineUpdater] WARN  server.RaftServer$Division (RaftServerImpl.java:replyPendingRequest(1769)) -    LEADER s0@group-79E75C7987F5:t1, leader=s0, voted=s0, raftlog=Memoized:s0@group-79E75C7987F5-SegmentedRaftLog:OPENED:c76, conf=0: peers:[s0|rpc:localhost:44295|admin:localhost:38859|client:localhost:46071|dataStream:localhost:36715|priority:0|startupRole:FOLLOWER]|listeners:[], old=null RUNNING retry cache entry of leader should be pending: 295@client-2F4FAE340DCA:pending
2023-09-01 02:13:27,751 [s0@group-79E75C7987F5-StateMachineUpdater] INFO  impl.SimpleStateMachine4Testing (SimpleStateMachine4Testing.java:put(205)) - s0: put 77, m38 -> (t:1, i:77), STATEMACHINELOGENTRY, 296@client-2F4FAE340DCA
2023-09-01 02:13:27,752 [s0@group-79E75C7987F5-StateMachineUpdater] WARN  server.RaftServer$Division (RaftServerImpl.java:replyPendingRequest(1769)) -    LEADER s0@group-79E75C7987F5:t1, leader=s0, voted=s0, raftlog=Memoized:s0@group-79E75C7987F5-SegmentedRaftLog:OPENED:c78, conf=0: peers:[s0|rpc:localhost:44295|admin:localhost:38859|client:localhost:46071|dataStream:localhost:36715|priority:0|startupRole:FOLLOWER]|listeners:[], old=null RUNNING retry cache entry of leader should be pending: 296@client-2F4FAE340DCA:pending
2023-09-01 02:13:27,754 [s0@group-79E75C7987F5-StateMachineUpdater] INFO  impl.SimpleStateMachine4Testing (SimpleStateMachine4Testing.java:put(205)) - s0: put 79, m39 -> (t:1, i:79), STATEMACHINELOGENTRY, 297@client-2F4FAE340DCA
2023-09-01 02:13:27,754 [s0@group-79E75C7987F5-StateMachineUpdater] WARN  server.RaftServer$Division (RaftServerImpl.java:replyPendingRequest(1769)) -    LEADER s0@group-79E75C7987F5:t1, leader=s0, voted=s0, raftlog=Memoized:s0@group-79E75C7987F5-SegmentedRaftLog:OPENED:c80, conf=0: peers:[s0|rpc:localhost:44295|admin:localhost:38859|client:localhost:46071|dataStream:localhost:36715|priority:0|startupRole:FOLLOWER]|listeners:[], old=null RUNNING retry cache entry of leader should be pending: 297@client-2F4FAE340DCA:pending
2023-09-01 02:13:27,756 [s0@group-79E75C7987F5-StateMachineUpdater] INFO  impl.SimpleStateMachine4Testing (SimpleStateMachine4Testing.java:put(205)) - s0: put 81, m40 -> (t:1, i:81), STATEMACHINELOGENTRY, 298@client-2F4FAE340DCA
2023-09-01 02:13:27,756 [s0@group-79E75C7987F5-StateMachineUpdater] WARN  server.RaftServer$Division (RaftServerImpl.java:replyPendingRequest(1769)) -    LEADER s0@group-79E75C7987F5:t1, leader=s0, voted=s0, raftlog=Memoized:s0@group-79E75C7987F5-SegmentedRaftLog:OPENED:c82, conf=0: peers:[s0|rpc:localhost:44295|admin:localhost:38859|client:localhost:46071|dataStream:localhost:36715|priority:0|startupRole:FOLLOWER]|listeners:[], old=null RUNNING retry cache entry of leader should be pending: 298@client-2F4FAE340DCA:pending
2023-09-01 02:13:27,763 [s0@group-79E75C7987F5-StateMachineUpdater] INFO  impl.SimpleStateMachine4Testing (SimpleStateMachine4Testing.java:put(205)) - s0: put 83, m41 -> (t:1, i:83), STATEMACHINELOGENTRY, 299@client-2F4FAE340DCA
2023-09-01 02:13:27,763 [s0@group-79E75C7987F5-StateMachineUpdater] WARN  server.RaftServer$Division (RaftServerImpl.java:replyPendingRequest(1769)) -    LEADER s0@group-79E75C7987F5:t1, leader=s0, voted=s0, raftlog=Memoized:s0@group-79E75C7987F5-SegmentedRaftLog:OPENED:c84, conf=0: peers:[s0|rpc:localhost:44295|admin:localhost:38859|client:localhost:46071|dataStream:localhost:36715|priority:0|startupRole:FOLLOWER]|listeners:[], old=null RUNNING retry cache entry of leader should be pending: 299@client-2F4FAE340DCA:pending
2023-09-01 02:13:27,766 [s0@group-79E75C7987F5-StateMachineUpdater] INFO  impl.SimpleStateMachine4Testing (SimpleStateMachine4Testing.java:put(205)) - s0: put 85, m42 -> (t:1, i:85), STATEMACHINELOGENTRY, 300@client-2F4FAE340DCA
2023-09-01 02:13:27,766 [s0@group-79E75C7987F5-StateMachineUpdater] WARN  server.RaftServer$Division (RaftServerImpl.java:replyPendingRequest(1769)) -    LEADER s0@group-79E75C7987F5:t1, leader=s0, voted=s0, raftlog=Memoized:s0@group-79E75C7987F5-SegmentedRaftLog:OPENED:c86, conf=0: peers:[s0|rpc:localhost:44295|admin:localhost:38859|client:localhost:46071|dataStream:localhost:36715|priority:0|startupRole:FOLLOWER]|listeners:[], old=null RUNNING retry cache entry of leader should be pending: 300@client-2F4FAE340DCA:pending
2023-09-01 02:13:27,768 [s0@group-79E75C7987F5-StateMachineUpdater] INFO  impl.SimpleStateMachine4Testing (SimpleStateMachine4Testing.java:put(205)) - s0: put 87, m43 -> (t:1, i:87), STATEMACHINELOGENTRY, 301@client-2F4FAE340DCA
2023-09-01 02:13:27,768 [s0@group-79E75C7987F5-StateMachineUpdater] WARN  server.RaftServer$Division (RaftServerImpl.java:replyPendingRequest(1769)) -    LEADER s0@group-79E75C7987F5:t1, leader=s0, voted=s0, raftlog=Memoized:s0@group-79E75C7987F5-SegmentedRaftLog:OPENED:c87, conf=0: peers:[s0|rpc:localhost:44295|admin:localhost:38859|client:localhost:46071|dataStream:localhost:36715|priority:0|startupRole:FOLLOWER]|listeners:[], old=null RUNNING retry cache entry of leader should be pending: 301@client-2F4FAE340DCA:pending
2023-09-01 02:13:27,774 [s0@group-79E75C7987F5-StateMachineUpdater] INFO  impl.SimpleStateMachine4Testing (SimpleStateMachine4Testing.java:put(205)) - s0: put 89, m44 -> (t:1, i:89), STATEMACHINELOGENTRY, 302@client-2F4FAE340DCA
2023-09-01 02:13:27,774 [s0@group-79E75C7987F5-StateMachineUpdater] WARN  server.RaftServer$Division (RaftServerImpl.java:replyPendingRequest(1769)) -    LEADER s0@group-79E75C7987F5:t1, leader=s0, voted=s0, raftlog=Memoized:s0@group-79E75C7987F5-SegmentedRaftLog:OPENED:c90, conf=0: peers:[s0|rpc:localhost:44295|admin:localhost:38859|client:localhost:46071|dataStream:localhost:36715|priority:0|startupRole:FOLLOWER]|listeners:[], old=null RUNNING retry cache entry of leader should be pending: 302@client-2F4FAE340DCA:pending
2023-09-01 02:13:27,777 [s0@group-79E75C7987F5-StateMachineUpdater] INFO  impl.SimpleStateMachine4Testing (SimpleStateMachine4Testing.java:put(205)) - s0: put 91, m45 -> (t:1, i:91), STATEMACHINELOGENTRY, 303@client-2F4FAE340DCA
2023-09-01 02:13:27,777 [s0@group-79E75C7987F5-StateMachineUpdater] WARN  server.RaftServer$Division (RaftServerImpl.java:replyPendingRequest(1769)) -    LEADER s0@group-79E75C7987F5:t1, leader=s0, voted=s0, raftlog=Memoized:s0@group-79E75C7987F5-SegmentedRaftLog:OPENED:c92, conf=0: peers:[s0|rpc:localhost:44295|admin:localhost:38859|client:localhost:46071|dataStream:localhost:36715|priority:0|startupRole:FOLLOWER]|listeners:[], old=null RUNNING retry cache entry of leader should be pending: 303@client-2F4FAE340DCA:pending
2023-09-01 02:13:27,780 [s0@group-79E75C7987F5-StateMachineUpdater] INFO  impl.SimpleStateMachine4Testing (SimpleStateMachine4Testing.java:put(205)) - s0: put 93, m46 -> (t:1, i:93), STATEMACHINELOGENTRY, 304@client-2F4FAE340DCA
2023-09-01 02:13:27,780 [s0@group-79E75C7987F5-StateMachineUpdater] WARN  server.RaftServer$Division (RaftServerImpl.java:replyPendingRequest(1769)) -    LEADER s0@group-79E75C7987F5:t1, leader=s0, voted=s0, raftlog=Memoized:s0@group-79E75C7987F5-SegmentedRaftLog:OPENED:c94, conf=0: peers:[s0|rpc:localhost:44295|admin:localhost:38859|client:localhost:46071|dataStream:localhost:36715|priority:0|startupRole:FOLLOWER]|listeners:[], old=null RUNNING retry cache entry of leader should be pending: 304@client-2F4FAE340DCA:pending
2023-09-01 02:13:27,782 [s0@group-79E75C7987F5-StateMachineUpdater] INFO  impl.SimpleStateMachine4Testing (SimpleStateMachine4Testing.java:put(205)) - s0: put 95, m47 -> (t:1, i:95), STATEMACHINELOGENTRY, 305@client-2F4FAE340DCA
2023-09-01 02:13:27,782 [s0@group-79E75C7987F5-StateMachineUpdater] WARN  server.RaftServer$Division (RaftServerImpl.java:replyPendingRequest(1769)) -    LEADER s0@group-79E75C7987F5:t1, leader=s0, voted=s0, raftlog=Memoized:s0@group-79E75C7987F5-SegmentedRaftLog:OPENED:c95, conf=0: peers:[s0|rpc:localhost:44295|admin:localhost:38859|client:localhost:46071|dataStream:localhost:36715|priority:0|startupRole:FOLLOWER]|listeners:[], old=null RUNNING retry cache entry of leader should be pending: 305@client-2F4FAE340DCA:pending
2023-09-01 02:13:27,785 [s0@group-79E75C7987F5-StateMachineUpdater] INFO  impl.SimpleStateMachine4Testing (SimpleStateMachine4Testing.java:put(205)) - s0: put 97, m48 -> (t:1, i:97), STATEMACHINELOGENTRY, 306@client-2F4FAE340DCA
2023-09-01 02:13:27,785 [s0@group-79E75C7987F5-StateMachineUpdater] WARN  server.RaftServer$Division (RaftServerImpl.java:replyPendingRequest(1769)) -    LEADER s0@group-79E75C7987F5:t1, leader=s0, voted=s0, raftlog=Memoized:s0@group-79E75C7987F5-SegmentedRaftLog:OPENED:c97, conf=0: peers:[s0|rpc:localhost:44295|admin:localhost:38859|client:localhost:46071|dataStream:localhost:36715|priority:0|startupRole:FOLLOWER]|listeners:[], old=null RUNNING retry cache entry of leader should be pending: 306@client-2F4FAE340DCA:pending
2023-09-01 02:13:27,787 [s0@group-79E75C7987F5-StateMachineUpdater] INFO  impl.SimpleStateMachine4Testing (SimpleStateMachine4Testing.java:put(205)) - s0: put 99, m49 -> (t:1, i:99), STATEMACHINELOGENTRY, 307@client-2F4FAE340DCA
2023-09-01 02:13:27,787 [s0@group-79E75C7987F5-StateMachineUpdater] WARN  server.RaftServer$Division (RaftServerImpl.java:replyPendingRequest(1769)) -    LEADER s0@group-79E75C7987F5:t1, leader=s0, voted=s0, raftlog=Memoized:s0@group-79E75C7987F5-SegmentedRaftLog:OPENED:c99, conf=0: peers:[s0|rpc:localhost:44295|admin:localhost:38859|client:localhost:46071|dataStream:localhost:36715|priority:0|startupRole:FOLLOWER]|listeners:[], old=null RUNNING retry cache entry of leader should be pending: 307@client-2F4FAE340DCA:pending
2023-09-01 02:13:27,789 [s0@group-79E75C7987F5-StateMachineUpdater] INFO  impl.SimpleStateMachine4Testing (SimpleStateMachine4Testing.java:put(205)) - s0: put 101, m50 -> (t:1, i:101), STATEMACHINELOGENTRY, 308@client-2F4FAE340DCA
2023-09-01 02:13:27,789 [s0@group-79E75C7987F5-StateMachineUpdater] WARN  server.RaftServer$Division (RaftServerImpl.java:replyPendingRequest(1769)) -    LEADER s0@group-79E75C7987F5:t1, leader=s0, voted=s0, raftlog=Memoized:s0@group-79E75C7987F5-SegmentedRaftLog:OPENED:c101, conf=0: peers:[s0|rpc:localhost:44295|admin:localhost:38859|client:localhost:46071|dataStream:localhost:36715|priority:0|startupRole:FOLLOWER]|listeners:[], old=null RUNNING retry cache entry of leader should be pending: 308@client-2F4FAE340DCA:pending
2023-09-01 02:13:27,791 [s0@group-79E75C7987F5-StateMachineUpdater] INFO  impl.SimpleStateMachine4Testing (SimpleStateMachine4Testing.java:put(205)) - s0: put 103, m51 -> (t:1, i:103), STATEMACHINELOGENTRY, 309@client-2F4FAE340DCA
2023-09-01 02:13:27,791 [s0@group-79E75C7987F5-StateMachineUpdater] WARN  server.RaftServer$Division (RaftServerImpl.java:replyPendingRequest(1769)) -    LEADER s0@group-79E75C7987F5:t1, leader=s0, voted=s0, raftlog=Memoized:s0@group-79E75C7987F5-SegmentedRaftLog:OPENED:c103, conf=0: peers:[s0|rpc:localhost:44295|admin:localhost:38859|client:localhost:46071|dataStream:localhost:36715|priority:0|startupRole:FOLLOWER]|listeners:[], old=null RUNNING retry cache entry of leader should be pending: 309@client-2F4FAE340DCA:pending
2023-09-01 02:13:27,793 [s0@group-79E75C7987F5-StateMachineUpdater] INFO  impl.SimpleStateMachine4Testing (SimpleStateMachine4Testing.java:put(205)) - s0: put 105, m52 -> (t:1, i:105), STATEMACHINELOGENTRY, 310@client-2F4FAE340DCA
2023-09-01 02:13:27,794 [s0@group-79E75C7987F5-StateMachineUpdater] WARN  server.RaftServer$Division (RaftServerImpl.java:replyPendingRequest(1769)) -    LEADER s0@group-79E75C7987F5:t1, leader=s0, voted=s0, raftlog=Memoized:s0@group-79E75C7987F5-SegmentedRaftLog:OPENED:c105, conf=0: peers:[s0|rpc:localhost:44295|admin:localhost:38859|client:localhost:46071|dataStream:localhost:36715|priority:0|startupRole:FOLLOWER]|listeners:[], old=null RUNNING retry cache entry of leader should be pending: 310@client-2F4FAE340DCA:pending
2023-09-01 02:13:27,796 [s0@group-79E75C7987F5-StateMachineUpdater] INFO  impl.SimpleStateMachine4Testing (SimpleStateMachine4Testing.java:put(205)) - s0: put 107, m53 -> (t:1, i:107), STATEMACHINELOGENTRY, 311@client-2F4FAE340DCA
2023-09-01 02:13:27,796 [s0@group-79E75C7987F5-StateMachineUpdater] WARN  server.RaftServer$Division (RaftServerImpl.java:replyPendingRequest(1769)) -    LEADER s0@group-79E75C7987F5:t1, leader=s0, voted=s0, raftlog=Memoized:s0@group-79E75C7987F5-SegmentedRaftLog:OPENED:c107, conf=0: peers:[s0|rpc:localhost:44295|admin:localhost:38859|client:localhost:46071|dataStream:localhost:36715|priority:0|startupRole:FOLLOWER]|listeners:[], old=null RUNNING retry cache entry of leader should be pending: 311@client-2F4FAE340DCA:pending
2023-09-01 02:13:27,798 [s0@group-79E75C7987F5-StateMachineUpdater] INFO  impl.SimpleStateMachine4Testing (SimpleStateMachine4Testing.java:put(205)) - s0: put 109, m54 -> (t:1, i:109), STATEMACHINELOGENTRY, 312@client-2F4FAE340DCA
2023-09-01 02:13:27,798 [s0@group-79E75C7987F5-StateMachineUpdater] WARN  server.RaftServer$Division (RaftServerImpl.java:replyPendingRequest(1769)) -    LEADER s0@group-79E75C7987F5:t1, leader=s0, voted=s0, raftlog=Memoized:s0@group-79E75C7987F5-SegmentedRaftLog:OPENED:c109, conf=0: peers:[s0|rpc:localhost:44295|admin:localhost:38859|client:localhost:46071|dataStream:localhost:36715|priority:0|startupRole:FOLLOWER]|listeners:[], old=null RUNNING retry cache entry of leader should be pending: 312@client-2F4FAE340DCA:pending
2023-09-01 02:13:27,804 [s0@group-79E75C7987F5-StateMachineUpdater] INFO  impl.SimpleStateMachine4Testing (SimpleStateMachine4Testing.java:put(205)) - s0: put 111, m55 -> (t:1, i:111), STATEMACHINELOGENTRY, 313@client-2F4FAE340DCA
2023-09-01 02:13:27,804 [s0@group-79E75C7987F5-StateMachineUpdater] WARN  server.RaftServer$Division (RaftServerImpl.java:replyPendingRequest(1769)) -    LEADER s0@group-79E75C7987F5:t1, leader=s0, voted=s0, raftlog=Memoized:s0@group-79E75C7987F5-SegmentedRaftLog:OPENED:c111, conf=0: peers:[s0|rpc:localhost:44295|admin:localhost:38859|client:localhost:46071|dataStream:localhost:36715|priority:0|startupRole:FOLLOWER]|listeners:[], old=null RUNNING retry cache entry of leader should be pending: 313@client-2F4FAE340DCA:pending
2023-09-01 02:13:27,806 [s0@group-79E75C7987F5-StateMachineUpdater] INFO  impl.SimpleStateMachine4Testing (SimpleStateMachine4Testing.java:put(205)) - s0: put 113, m56 -> (t:1, i:113), STATEMACHINELOGENTRY, 314@client-2F4FAE340DCA
2023-09-01 02:13:27,806 [s0@group-79E75C7987F5-StateMachineUpdater] WARN  server.RaftServer$Division (RaftServerImpl.java:replyPendingRequest(1769)) -    LEADER s0@group-79E75C7987F5:t1, leader=s0, voted=s0, raftlog=Memoized:s0@group-79E75C7987F5-SegmentedRaftLog:OPENED:c113, conf=0: peers:[s0|rpc:localhost:44295|admin:localhost:38859|client:localhost:46071|dataStream:localhost:36715|priority:0|startupRole:FOLLOWER]|listeners:[], old=null RUNNING retry cache entry of leader should be pending: 314@client-2F4FAE340DCA:pending
2023-09-01 02:13:27,809 [s0@group-79E75C7987F5-StateMachineUpdater] INFO  impl.SimpleStateMachine4Testing (SimpleStateMachine4Testing.java:put(205)) - s0: put 115, m57 -> (t:1, i:115), STATEMACHINELOGENTRY, 315@client-2F4FAE340DCA
2023-09-01 02:13:27,809 [s0@group-79E75C7987F5-StateMachineUpdater] WARN  server.RaftServer$Division (RaftServerImpl.java:replyPendingRequest(1769)) -    LEADER s0@group-79E75C7987F5:t1, leader=s0, voted=s0, raftlog=Memoized:s0@group-79E75C7987F5-SegmentedRaftLog:OPENED:c115, conf=0: peers:[s0|rpc:localhost:44295|admin:localhost:38859|client:localhost:46071|dataStream:localhost:36715|priority:0|startupRole:FOLLOWER]|listeners:[], old=null RUNNING retry cache entry of leader should be pending: 315@client-2F4FAE340DCA:pending
2023-09-01 02:13:27,811 [s0@group-79E75C7987F5-StateMachineUpdater] INFO  impl.SimpleStateMachine4Testing (SimpleStateMachine4Testing.java:put(205)) - s0: put 117, m58 -> (t:1, i:117), STATEMACHINELOGENTRY, 316@client-2F4FAE340DCA
2023-09-01 02:13:27,811 [s0@group-79E75C7987F5-StateMachineUpdater] WARN  server.RaftServer$Division (RaftServerImpl.java:replyPendingRequest(1769)) -    LEADER s0@group-79E75C7987F5:t1, leader=s0, voted=s0, raftlog=Memoized:s0@group-79E75C7987F5-SegmentedRaftLog:OPENED:c117, conf=0: peers:[s0|rpc:localhost:44295|admin:localhost:38859|client:localhost:46071|dataStream:localhost:36715|priority:0|startupRole:FOLLOWER]|listeners:[], old=null RUNNING retry cache entry of leader should be pending: 316@client-2F4FAE340DCA:pending
2023-09-01 02:13:27,813 [s0@group-79E75C7987F5-StateMachineUpdater] INFO  impl.SimpleStateMachine4Testing (SimpleStateMachine4Testing.java:put(205)) - s0: put 119, m59 -> (t:1, i:119), STATEMACHINELOGENTRY, 317@client-2F4FAE340DCA
2023-09-01 02:13:27,814 [s0@group-79E75C7987F5-StateMachineUpdater] WARN  server.RaftServer$Division (RaftServerImpl.java:replyPendingRequest(1769)) -    LEADER s0@group-79E75C7987F5:t1, leader=s0, voted=s0, raftlog=Memoized:s0@group-79E75C7987F5-SegmentedRaftLog:OPENED:c119, conf=0: peers:[s0|rpc:localhost:44295|admin:localhost:38859|client:localhost:46071|dataStream:localhost:36715|priority:0|startupRole:FOLLOWER]|listeners:[], old=null RUNNING retry cache entry of leader should be pending: 317@client-2F4FAE340DCA:pending
2023-09-01 02:13:27,816 [s0@group-79E75C7987F5-StateMachineUpdater] INFO  impl.SimpleStateMachine4Testing (SimpleStateMachine4Testing.java:put(205)) - s0: put 121, m60 -> (t:1, i:121), STATEMACHINELOGENTRY, 318@client-2F4FAE340DCA
2023-09-01 02:13:27,816 [s0@group-79E75C7987F5-StateMachineUpdater] WARN  server.RaftServer$Division (RaftServerImpl.java:replyPendingRequest(1769)) -    LEADER s0@group-79E75C7987F5:t1, leader=s0, voted=s0, raftlog=Memoized:s0@group-79E75C7987F5-SegmentedRaftLog:OPENED:c121, conf=0: peers:[s0|rpc:localhost:44295|admin:localhost:38859|client:localhost:46071|dataStream:localhost:36715|priority:0|startupRole:FOLLOWER]|listeners:[], old=null RUNNING retry cache entry of leader should be pending: 318@client-2F4FAE340DCA:pending
2023-09-01 02:13:27,818 [s0@group-79E75C7987F5-StateMachineUpdater] INFO  impl.SimpleStateMachine4Testing (SimpleStateMachine4Testing.java:put(205)) - s0: put 123, m61 -> (t:1, i:123), STATEMACHINELOGENTRY, 319@client-2F4FAE340DCA
2023-09-01 02:13:27,818 [s0@group-79E75C7987F5-StateMachineUpdater] WARN  server.RaftServer$Division (RaftServerImpl.java:replyPendingRequest(1769)) -    LEADER s0@group-79E75C7987F5:t1, leader=s0, voted=s0, raftlog=Memoized:s0@group-79E75C7987F5-SegmentedRaftLog:OPENED:c123, conf=0: peers:[s0|rpc:localhost:44295|admin:localhost:38859|client:localhost:46071|dataStream:localhost:36715|priority:0|startupRole:FOLLOWER]|listeners:[], old=null RUNNING retry cache entry of leader should be pending: 319@client-2F4FAE340DCA:pending
2023-09-01 02:13:27,820 [s0@group-79E75C7987F5-StateMachineUpdater] INFO  impl.SimpleStateMachine4Testing (SimpleStateMachine4Testing.java:put(205)) - s0: put 125, m62 -> (t:1, i:125), STATEMACHINELOGENTRY, 320@client-2F4FAE340DCA
2023-09-01 02:13:27,820 [s0@group-79E75C7987F5-StateMachineUpdater] WARN  server.RaftServer$Division (RaftServerImpl.java:replyPendingRequest(1769)) -    LEADER s0@group-79E75C7987F5:t1, leader=s0, voted=s0, raftlog=Memoized:s0@group-79E75C7987F5-SegmentedRaftLog:OPENED:c125, conf=0: peers:[s0|rpc:localhost:44295|admin:localhost:38859|client:localhost:46071|dataStream:localhost:36715|priority:0|startupRole:FOLLOWER]|listeners:[], old=null RUNNING retry cache entry of leader should be pending: 320@client-2F4FAE340DCA:pending
2023-09-01 02:13:27,822 [s0@group-79E75C7987F5-StateMachineUpdater] INFO  impl.SimpleStateMachine4Testing (SimpleStateMachine4Testing.java:put(205)) - s0: put 127, m63 -> (t:1, i:127), STATEMACHINELOGENTRY, 321@client-2F4FAE340DCA
2023-09-01 02:13:27,822 [s0@group-79E75C7987F5-StateMachineUpdater] WARN  server.RaftServer$Division (RaftServerImpl.java:replyPendingRequest(1769)) -    LEADER s0@group-79E75C7987F5:t1, leader=s0, voted=s0, raftlog=Memoized:s0@group-79E75C7987F5-SegmentedRaftLog:OPENED:c127, conf=0: peers:[s0|rpc:localhost:44295|admin:localhost:38859|client:localhost:46071|dataStream:localhost:36715|priority:0|startupRole:FOLLOWER]|listeners:[], old=null RUNNING retry cache entry of leader should be pending: 321@client-2F4FAE340DCA:pending
2023-09-01 02:13:27,832 [s0@group-79E75C7987F5-StateMachineUpdater] INFO  impl.StateMachineUpdater (StateMachineUpdater.java:takeSnapshot(295)) - s0@group-79E75C7987F5-StateMachineUpdater: Took a snapshot at index 127
2023-09-01 02:13:27,833 [s0@group-79E75C7987F5-StateMachineUpdater] INFO  impl.StateMachineUpdater (StateMachineUpdater.java:lambda$new$0(98)) - s0@group-79E75C7987F5-StateMachineUpdater: snapshotIndex: updateIncreasingly 63 -> 127
2023-09-01 02:13:27,833 [s0@group-79E75C7987F5-StateMachineUpdater] INFO  raftlog.RaftLog (RaftLogBase.java:purge(315)) - s0@group-79E75C7987F5-SegmentedRaftLog: purge 127
2023-09-01 02:13:27,833 [s0@group-79E75C7987F5-StateMachineUpdater] INFO  raftlog.RaftLog (RaftLogBase.java:lambda$new$0(54)) - s0@group-79E75C7987F5-SegmentedRaftLog: snapshotIndex: updateIncreasingly 63 -> 127
2023-09-01 02:13:27,833 [s0@group-79E75C7987F5-StateMachineUpdater] INFO  raftlog.RaftLog (RaftLogBase.java:lambda$new$0(54)) - s0@group-79E75C7987F5-SegmentedRaftLog: purgeIndex: updateToMax old=63, new=127, updated? true
2023-09-01 02:13:27,833 [s0@group-79E75C7987F5-StateMachineUpdater] INFO  impl.SimpleStateMachine4Testing (SimpleStateMachine4Testing.java:put(205)) - s0: put 129, m64 -> (t:1, i:129), STATEMACHINELOGENTRY, 322@client-2F4FAE340DCA
2023-09-01 02:13:27,833 [s0@group-79E75C7987F5-StateMachineUpdater] WARN  server.RaftServer$Division (RaftServerImpl.java:replyPendingRequest(1769)) -    LEADER s0@group-79E75C7987F5:t1, leader=s0, voted=s0, raftlog=Memoized:s0@group-79E75C7987F5-SegmentedRaftLog:OPENED:c130, conf=0: peers:[s0|rpc:localhost:44295|admin:localhost:38859|client:localhost:46071|dataStream:localhost:36715|priority:0|startupRole:FOLLOWER]|listeners:[], old=null RUNNING retry cache entry of leader should be pending: 322@client-2F4FAE340DCA:pending
2023-09-01 02:13:27,835 [s0@group-79E75C7987F5-StateMachineUpdater] INFO  impl.SimpleStateMachine4Testing (SimpleStateMachine4Testing.java:put(205)) - s0: put 131, m65 -> (t:1, i:131), STATEMACHINELOGENTRY, 323@client-2F4FAE340DCA
2023-09-01 02:13:27,835 [s0@group-79E75C7987F5-StateMachineUpdater] WARN  server.RaftServer$Division (RaftServerImpl.java:replyPendingRequest(1769)) -    LEADER s0@group-79E75C7987F5:t1, leader=s0, voted=s0, raftlog=Memoized:s0@group-79E75C7987F5-SegmentedRaftLog:OPENED:c131, conf=0: peers:[s0|rpc:localhost:44295|admin:localhost:38859|client:localhost:46071|dataStream:localhost:36715|priority:0|startupRole:FOLLOWER]|listeners:[], old=null RUNNING retry cache entry of leader should be pending: 323@client-2F4FAE340DCA:pending
2023-09-01 02:13:27,836 [s0@group-79E75C7987F5-StateMachineUpdater] INFO  impl.SimpleStateMachine4Testing (SimpleStateMachine4Testing.java:put(205)) - s0: put 133, m66 -> (t:1, i:133), STATEMACHINELOGENTRY, 324@client-2F4FAE340DCA
2023-09-01 02:13:27,837 [s0@group-79E75C7987F5-StateMachineUpdater] WARN  server.RaftServer$Division (RaftServerImpl.java:replyPendingRequest(1769)) -    LEADER s0@group-79E75C7987F5:t1, leader=s0, voted=s0, raftlog=Memoized:s0@group-79E75C7987F5-SegmentedRaftLog:OPENED:c133, conf=0: peers:[s0|rpc:localhost:44295|admin:localhost:38859|client:localhost:46071|dataStream:localhost:36715|priority:0|startupRole:FOLLOWER]|listeners:[], old=null RUNNING retry cache entry of leader should be pending: 324@client-2F4FAE340DCA:pending
2023-09-01 02:13:27,838 [s0@group-79E75C7987F5-StateMachineUpdater] INFO  impl.SimpleStateMachine4Testing (SimpleStateMachine4Testing.java:put(205)) - s0: put 135, m67 -> (t:1, i:135), STATEMACHINELOGENTRY, 325@client-2F4FAE340DCA
2023-09-01 02:13:27,838 [s0@group-79E75C7987F5-StateMachineUpdater] WARN  server.RaftServer$Division (RaftServerImpl.java:replyPendingRequest(1769)) -    LEADER s0@group-79E75C7987F5:t1, leader=s0, voted=s0, raftlog=Memoized:s0@group-79E75C7987F5-SegmentedRaftLog:OPENED:c135, conf=0: peers:[s0|rpc:localhost:44295|admin:localhost:38859|client:localhost:46071|dataStream:localhost:36715|priority:0|startupRole:FOLLOWER]|listeners:[], old=null RUNNING retry cache entry of leader should be pending: 325@client-2F4FAE340DCA:pending
2023-09-01 02:13:27,840 [s0@group-79E75C7987F5-StateMachineUpdater] INFO  impl.SimpleStateMachine4Testing (SimpleStateMachine4Testing.java:put(205)) - s0: put 137, m68 -> (t:1, i:137), STATEMACHINELOGENTRY, 326@client-2F4FAE340DCA
2023-09-01 02:13:27,840 [s0@group-79E75C7987F5-StateMachineUpdater] WARN  server.RaftServer$Division (RaftServerImpl.java:replyPendingRequest(1769)) -    LEADER s0@group-79E75C7987F5:t1, leader=s0, voted=s0, raftlog=Memoized:s0@group-79E75C7987F5-SegmentedRaftLog:OPENED:c137, conf=0: peers:[s0|rpc:localhost:44295|admin:localhost:38859|client:localhost:46071|dataStream:localhost:36715|priority:0|startupRole:FOLLOWER]|listeners:[], old=null RUNNING retry cache entry of leader should be pending: 326@client-2F4FAE340DCA:pending
2023-09-01 02:13:27,842 [s0@group-79E75C7987F5-StateMachineUpdater] INFO  impl.SimpleStateMachine4Testing (SimpleStateMachine4Testing.java:put(205)) - s0: put 139, m69 -> (t:1, i:139), STATEMACHINELOGENTRY, 327@client-2F4FAE340DCA
2023-09-01 02:13:27,842 [s0@group-79E75C7987F5-StateMachineUpdater] WARN  server.RaftServer$Division (RaftServerImpl.java:replyPendingRequest(1769)) -    LEADER s0@group-79E75C7987F5:t1, leader=s0, voted=s0, raftlog=Memoized:s0@group-79E75C7987F5-SegmentedRaftLog:OPENED:c139, conf=0: peers:[s0|rpc:localhost:44295|admin:localhost:38859|client:localhost:46071|dataStream:localhost:36715|priority:0|startupRole:FOLLOWER]|listeners:[], old=null RUNNING retry cache entry of leader should be pending: 327@client-2F4FAE340DCA:pending
2023-09-01 02:13:27,844 [s0@group-79E75C7987F5-StateMachineUpdater] INFO  impl.SimpleStateMachine4Testing (SimpleStateMachine4Testing.java:put(205)) - s0: put 141, m70 -> (t:1, i:141), STATEMACHINELOGENTRY, 328@client-2F4FAE340DCA
2023-09-01 02:13:27,844 [s0@group-79E75C7987F5-StateMachineUpdater] WARN  server.RaftServer$Division (RaftServerImpl.java:replyPendingRequest(1769)) -    LEADER s0@group-79E75C7987F5:t1, leader=s0, voted=s0, raftlog=Memoized:s0@group-79E75C7987F5-SegmentedRaftLog:OPENED:c141, conf=0: peers:[s0|rpc:localhost:44295|admin:localhost:38859|client:localhost:46071|dataStream:localhost:36715|priority:0|startupRole:FOLLOWER]|listeners:[], old=null RUNNING retry cache entry of leader should be pending: 328@client-2F4FAE340DCA:pending
2023-09-01 02:13:27,846 [s0@group-79E75C7987F5-StateMachineUpdater] INFO  impl.SimpleStateMachine4Testing (SimpleStateMachine4Testing.java:put(205)) - s0: put 143, m71 -> (t:1, i:143), STATEMACHINELOGENTRY, 329@client-2F4FAE340DCA
2023-09-01 02:13:27,846 [s0@group-79E75C7987F5-StateMachineUpdater] WARN  server.RaftServer$Division (RaftServerImpl.java:replyPendingRequest(1769)) -    LEADER s0@group-79E75C7987F5:t1, leader=s0, voted=s0, raftlog=Memoized:s0@group-79E75C7987F5-SegmentedRaftLog:OPENED:c143, conf=0: peers:[s0|rpc:localhost:44295|admin:localhost:38859|client:localhost:46071|dataStream:localhost:36715|priority:0|startupRole:FOLLOWER]|listeners:[], old=null RUNNING retry cache entry of leader should be pending: 329@client-2F4FAE340DCA:pending
2023-09-01 02:13:27,847 [s0@group-79E75C7987F5-StateMachineUpdater] INFO  impl.SimpleStateMachine4Testing (SimpleStateMachine4Testing.java:put(205)) - s0: put 145, m72 -> (t:1, i:145), STATEMACHINELOGENTRY, 330@client-2F4FAE340DCA
2023-09-01 02:13:27,847 [s0@group-79E75C7987F5-StateMachineUpdater] WARN  server.RaftServer$Division (RaftServerImpl.java:replyPendingRequest(1769)) -    LEADER s0@group-79E75C7987F5:t1, leader=s0, voted=s0, raftlog=Memoized:s0@group-79E75C7987F5-SegmentedRaftLog:OPENED:c145, conf=0: peers:[s0|rpc:localhost:44295|admin:localhost:38859|client:localhost:46071|dataStream:localhost:36715|priority:0|startupRole:FOLLOWER]|listeners:[], old=null RUNNING retry cache entry of leader should be pending: 330@client-2F4FAE340DCA:pending
2023-09-01 02:13:27,849 [s0@group-79E75C7987F5-StateMachineUpdater] INFO  impl.SimpleStateMachine4Testing (SimpleStateMachine4Testing.java:put(205)) - s0: put 147, m73 -> (t:1, i:147), STATEMACHINELOGENTRY, 331@client-2F4FAE340DCA
2023-09-01 02:13:27,849 [s0@group-79E75C7987F5-StateMachineUpdater] WARN  server.RaftServer$Division (RaftServerImpl.java:replyPendingRequest(1769)) -    LEADER s0@group-79E75C7987F5:t1, leader=s0, voted=s0, raftlog=Memoized:s0@group-79E75C7987F5-SegmentedRaftLog:OPENED:c147, conf=0: peers:[s0|rpc:localhost:44295|admin:localhost:38859|client:localhost:46071|dataStream:localhost:36715|priority:0|startupRole:FOLLOWER]|listeners:[], old=null RUNNING retry cache entry of leader should be pending: 331@client-2F4FAE340DCA:pending
2023-09-01 02:13:27,851 [s0@group-79E75C7987F5-StateMachineUpdater] INFO  impl.SimpleStateMachine4Testing (SimpleStateMachine4Testing.java:put(205)) - s0: put 149, m74 -> (t:1, i:149), STATEMACHINELOGENTRY, 332@client-2F4FAE340DCA
2023-09-01 02:13:27,851 [s0@group-79E75C7987F5-StateMachineUpdater] WARN  server.RaftServer$Division (RaftServerImpl.java:replyPendingRequest(1769)) -    LEADER s0@group-79E75C7987F5:t1, leader=s0, voted=s0, raftlog=Memoized:s0@group-79E75C7987F5-SegmentedRaftLog:OPENED:c149, conf=0: peers:[s0|rpc:localhost:44295|admin:localhost:38859|client:localhost:46071|dataStream:localhost:36715|priority:0|startupRole:FOLLOWER]|listeners:[], old=null RUNNING retry cache entry of leader should be pending: 332@client-2F4FAE340DCA:pending
2023-09-01 02:13:27,853 [s0@group-79E75C7987F5-StateMachineUpdater] INFO  impl.SimpleStateMachine4Testing (SimpleStateMachine4Testing.java:put(205)) - s0: put 151, m75 -> (t:1, i:151), STATEMACHINELOGENTRY, 333@client-2F4FAE340DCA
2023-09-01 02:13:27,853 [s0@group-79E75C7987F5-StateMachineUpdater] WARN  server.RaftServer$Division (RaftServerImpl.java:replyPendingRequest(1769)) -    LEADER s0@group-79E75C7987F5:t1, leader=s0, voted=s0, raftlog=Memoized:s0@group-79E75C7987F5-SegmentedRaftLog:OPENED:c151, conf=0: peers:[s0|rpc:localhost:44295|admin:localhost:38859|client:localhost:46071|dataStream:localhost:36715|priority:0|startupRole:FOLLOWER]|listeners:[], old=null RUNNING retry cache entry of leader should be pending: 333@client-2F4FAE340DCA:pending
2023-09-01 02:13:27,855 [s0@group-79E75C7987F5-StateMachineUpdater] INFO  impl.SimpleStateMachine4Testing (SimpleStateMachine4Testing.java:put(205)) - s0: put 153, m76 -> (t:1, i:153), STATEMACHINELOGENTRY, 334@client-2F4FAE340DCA
2023-09-01 02:13:27,855 [s0@group-79E75C7987F5-StateMachineUpdater] WARN  server.RaftServer$Division (RaftServerImpl.java:replyPendingRequest(1769)) -    LEADER s0@group-79E75C7987F5:t1, leader=s0, voted=s0, raftlog=Memoized:s0@group-79E75C7987F5-SegmentedRaftLog:OPENED:c153, conf=0: peers:[s0|rpc:localhost:44295|admin:localhost:38859|client:localhost:46071|dataStream:localhost:36715|priority:0|startupRole:FOLLOWER]|listeners:[], old=null RUNNING retry cache entry of leader should be pending: 334@client-2F4FAE340DCA:pending
2023-09-01 02:13:27,856 [s0@group-79E75C7987F5-StateMachineUpdater] INFO  impl.SimpleStateMachine4Testing (SimpleStateMachine4Testing.java:put(205)) - s0: put 155, m77 -> (t:1, i:155), STATEMACHINELOGENTRY, 335@client-2F4FAE340DCA
2023-09-01 02:13:27,856 [s0@group-79E75C7987F5-StateMachineUpdater] WARN  server.RaftServer$Division (RaftServerImpl.java:replyPendingRequest(1769)) -    LEADER s0@group-79E75C7987F5:t1, leader=s0, voted=s0, raftlog=Memoized:s0@group-79E75C7987F5-SegmentedRaftLog:OPENED:c155, conf=0: peers:[s0|rpc:localhost:44295|admin:localhost:38859|client:localhost:46071|dataStream:localhost:36715|priority:0|startupRole:FOLLOWER]|listeners:[], old=null RUNNING retry cache entry of leader should be pending: 335@client-2F4FAE340DCA:pending
2023-09-01 02:13:27,858 [s0@group-79E75C7987F5-StateMachineUpdater] INFO  impl.SimpleStateMachine4Testing (SimpleStateMachine4Testing.java:put(205)) - s0: put 157, m78 -> (t:1, i:157), STATEMACHINELOGENTRY, 336@client-2F4FAE340DCA
2023-09-01 02:13:27,858 [s0@group-79E75C7987F5-StateMachineUpdater] WARN  server.RaftServer$Division (RaftServerImpl.java:replyPendingRequest(1769)) -    LEADER s0@group-79E75C7987F5:t1, leader=s0, voted=s0, raftlog=Memoized:s0@group-79E75C7987F5-SegmentedRaftLog:OPENED:c157, conf=0: peers:[s0|rpc:localhost:44295|admin:localhost:38859|client:localhost:46071|dataStream:localhost:36715|priority:0|startupRole:FOLLOWER]|listeners:[], old=null RUNNING retry cache entry of leader should be pending: 336@client-2F4FAE340DCA:pending
2023-09-01 02:13:27,861 [s0@group-79E75C7987F5-StateMachineUpdater] INFO  impl.SimpleStateMachine4Testing (SimpleStateMachine4Testing.java:put(205)) - s0: put 159, m79 -> (t:1, i:159), STATEMACHINELOGENTRY, 337@client-2F4FAE340DCA
2023-09-01 02:13:27,861 [s0@group-79E75C7987F5-StateMachineUpdater] WARN  server.RaftServer$Division (RaftServerImpl.java:replyPendingRequest(1769)) -    LEADER s0@group-79E75C7987F5:t1, leader=s0, voted=s0, raftlog=Memoized:s0@group-79E75C7987F5-SegmentedRaftLog:OPENED:c159, conf=0: peers:[s0|rpc:localhost:44295|admin:localhost:38859|client:localhost:46071|dataStream:localhost:36715|priority:0|startupRole:FOLLOWER]|listeners:[], old=null RUNNING retry cache entry of leader should be pending: 337@client-2F4FAE340DCA:pending
2023-09-01 02:13:27,863 [s0@group-79E75C7987F5-StateMachineUpdater] INFO  impl.SimpleStateMachine4Testing (SimpleStateMachine4Testing.java:put(205)) - s0: put 161, m80 -> (t:1, i:161), STATEMACHINELOGENTRY, 338@client-2F4FAE340DCA
2023-09-01 02:13:27,863 [s0@group-79E75C7987F5-StateMachineUpdater] WARN  server.RaftServer$Division (RaftServerImpl.java:replyPendingRequest(1769)) -    LEADER s0@group-79E75C7987F5:t1, leader=s0, voted=s0, raftlog=Memoized:s0@group-79E75C7987F5-SegmentedRaftLog:OPENED:c161, conf=0: peers:[s0|rpc:localhost:44295|admin:localhost:38859|client:localhost:46071|dataStream:localhost:36715|priority:0|startupRole:FOLLOWER]|listeners:[], old=null RUNNING retry cache entry of leader should be pending: 338@client-2F4FAE340DCA:pending
2023-09-01 02:13:27,865 [s0@group-79E75C7987F5-StateMachineUpdater] INFO  impl.SimpleStateMachine4Testing (SimpleStateMachine4Testing.java:put(205)) - s0: put 163, m81 -> (t:1, i:163), STATEMACHINELOGENTRY, 339@client-2F4FAE340DCA
2023-09-01 02:13:27,865 [s0@group-79E75C7987F5-StateMachineUpdater] WARN  server.RaftServer$Division (RaftServerImpl.java:replyPendingRequest(1769)) -    LEADER s0@group-79E75C7987F5:t1, leader=s0, voted=s0, raftlog=Memoized:s0@group-79E75C7987F5-SegmentedRaftLog:OPENED:c163, conf=0: peers:[s0|rpc:localhost:44295|admin:localhost:38859|client:localhost:46071|dataStream:localhost:36715|priority:0|startupRole:FOLLOWER]|listeners:[], old=null RUNNING retry cache entry of leader should be pending: 339@client-2F4FAE340DCA:pending
2023-09-01 02:13:27,867 [s0@group-79E75C7987F5-StateMachineUpdater] INFO  impl.SimpleStateMachine4Testing (SimpleStateMachine4Testing.java:put(205)) - s0: put 165, m82 -> (t:1, i:165), STATEMACHINELOGENTRY, 340@client-2F4FAE340DCA
2023-09-01 02:13:27,867 [s0@group-79E75C7987F5-StateMachineUpdater] WARN  server.RaftServer$Division (RaftServerImpl.java:replyPendingRequest(1769)) -    LEADER s0@group-79E75C7987F5:t1, leader=s0, voted=s0, raftlog=Memoized:s0@group-79E75C7987F5-SegmentedRaftLog:OPENED:c165, conf=0: peers:[s0|rpc:localhost:44295|admin:localhost:38859|client:localhost:46071|dataStream:localhost:36715|priority:0|startupRole:FOLLOWER]|listeners:[], old=null RUNNING retry cache entry of leader should be pending: 340@client-2F4FAE340DCA:pending
2023-09-01 02:13:27,869 [s0@group-79E75C7987F5-StateMachineUpdater] INFO  impl.SimpleStateMachine4Testing (SimpleStateMachine4Testing.java:put(205)) - s0: put 167, m83 -> (t:1, i:167), STATEMACHINELOGENTRY, 341@client-2F4FAE340DCA
2023-09-01 02:13:27,869 [s0@group-79E75C7987F5-StateMachineUpdater] WARN  server.RaftServer$Division (RaftServerImpl.java:replyPendingRequest(1769)) -    LEADER s0@group-79E75C7987F5:t1, leader=s0, voted=s0, raftlog=Memoized:s0@group-79E75C7987F5-SegmentedRaftLog:OPENED:c167, conf=0: peers:[s0|rpc:localhost:44295|admin:localhost:38859|client:localhost:46071|dataStream:localhost:36715|priority:0|startupRole:FOLLOWER]|listeners:[], old=null RUNNING retry cache entry of leader should be pending: 341@client-2F4FAE340DCA:pending
2023-09-01 02:13:27,871 [s0@group-79E75C7987F5-StateMachineUpdater] INFO  impl.SimpleStateMachine4Testing (SimpleStateMachine4Testing.java:put(205)) - s0: put 169, m84 -> (t:1, i:169), STATEMACHINELOGENTRY, 342@client-2F4FAE340DCA
2023-09-01 02:13:27,871 [s0@group-79E75C7987F5-StateMachineUpdater] WARN  server.RaftServer$Division (RaftServerImpl.java:replyPendingRequest(1769)) -    LEADER s0@group-79E75C7987F5:t1, leader=s0, voted=s0, raftlog=Memoized:s0@group-79E75C7987F5-SegmentedRaftLog:OPENED:c169, conf=0: peers:[s0|rpc:localhost:44295|admin:localhost:38859|client:localhost:46071|dataStream:localhost:36715|priority:0|startupRole:FOLLOWER]|listeners:[], old=null RUNNING retry cache entry of leader should be pending: 342@client-2F4FAE340DCA:pending
2023-09-01 02:13:27,873 [s0@group-79E75C7987F5-StateMachineUpdater] INFO  impl.SimpleStateMachine4Testing (SimpleStateMachine4Testing.java:put(205)) - s0: put 171, m85 -> (t:1, i:171), STATEMACHINELOGENTRY, 343@client-2F4FAE340DCA
2023-09-01 02:13:27,874 [s0@group-79E75C7987F5-StateMachineUpdater] WARN  server.RaftServer$Division (RaftServerImpl.java:replyPendingRequest(1769)) -    LEADER s0@group-79E75C7987F5:t1, leader=s0, voted=s0, raftlog=Memoized:s0@group-79E75C7987F5-SegmentedRaftLog:OPENED:c171, conf=0: peers:[s0|rpc:localhost:44295|admin:localhost:38859|client:localhost:46071|dataStream:localhost:36715|priority:0|startupRole:FOLLOWER]|listeners:[], old=null RUNNING retry cache entry of leader should be pending: 343@client-2F4FAE340DCA:pending
2023-09-01 02:13:27,875 [s0@group-79E75C7987F5-StateMachineUpdater] INFO  impl.SimpleStateMachine4Testing (SimpleStateMachine4Testing.java:put(205)) - s0: put 173, m86 -> (t:1, i:173), STATEMACHINELOGENTRY, 344@client-2F4FAE340DCA
2023-09-01 02:13:27,876 [s0@group-79E75C7987F5-StateMachineUpdater] WARN  server.RaftServer$Division (RaftServerImpl.java:replyPendingRequest(1769)) -    LEADER s0@group-79E75C7987F5:t1, leader=s0, voted=s0, raftlog=Memoized:s0@group-79E75C7987F5-SegmentedRaftLog:OPENED:c173, conf=0: peers:[s0|rpc:localhost:44295|admin:localhost:38859|client:localhost:46071|dataStream:localhost:36715|priority:0|startupRole:FOLLOWER]|listeners:[], old=null RUNNING retry cache entry of leader should be pending: 344@client-2F4FAE340DCA:pending
2023-09-01 02:13:27,878 [s0@group-79E75C7987F5-StateMachineUpdater] INFO  impl.SimpleStateMachine4Testing (SimpleStateMachine4Testing.java:put(205)) - s0: put 175, m87 -> (t:1, i:175), STATEMACHINELOGENTRY, 345@client-2F4FAE340DCA
2023-09-01 02:13:27,878 [s0@group-79E75C7987F5-StateMachineUpdater] WARN  server.RaftServer$Division (RaftServerImpl.java:replyPendingRequest(1769)) -    LEADER s0@group-79E75C7987F5:t1, leader=s0, voted=s0, raftlog=Memoized:s0@group-79E75C7987F5-SegmentedRaftLog:OPENED:c175, conf=0: peers:[s0|rpc:localhost:44295|admin:localhost:38859|client:localhost:46071|dataStream:localhost:36715|priority:0|startupRole:FOLLOWER]|listeners:[], old=null RUNNING retry cache entry of leader should be pending: 345@client-2F4FAE340DCA:pending
2023-09-01 02:13:27,879 [s0@group-79E75C7987F5-StateMachineUpdater] INFO  impl.SimpleStateMachine4Testing (SimpleStateMachine4Testing.java:put(205)) - s0: put 177, m88 -> (t:1, i:177), STATEMACHINELOGENTRY, 346@client-2F4FAE340DCA
2023-09-01 02:13:27,879 [s0@group-79E75C7987F5-StateMachineUpdater] WARN  server.RaftServer$Division (RaftServerImpl.java:replyPendingRequest(1769)) -    LEADER s0@group-79E75C7987F5:t1, leader=s0, voted=s0, raftlog=Memoized:s0@group-79E75C7987F5-SegmentedRaftLog:OPENED:c177, conf=0: peers:[s0|rpc:localhost:44295|admin:localhost:38859|client:localhost:46071|dataStream:localhost:36715|priority:0|startupRole:FOLLOWER]|listeners:[], old=null RUNNING retry cache entry of leader should be pending: 346@client-2F4FAE340DCA:pending
2023-09-01 02:13:27,881 [s0@group-79E75C7987F5-StateMachineUpdater] INFO  impl.SimpleStateMachine4Testing (SimpleStateMachine4Testing.java:put(205)) - s0: put 179, m89 -> (t:1, i:179), STATEMACHINELOGENTRY, 347@client-2F4FAE340DCA
2023-09-01 02:13:27,881 [s0@group-79E75C7987F5-StateMachineUpdater] WARN  server.RaftServer$Division (RaftServerImpl.java:replyPendingRequest(1769)) -    LEADER s0@group-79E75C7987F5:t1, leader=s0, voted=s0, raftlog=Memoized:s0@group-79E75C7987F5-SegmentedRaftLog:OPENED:c179, conf=0: peers:[s0|rpc:localhost:44295|admin:localhost:38859|client:localhost:46071|dataStream:localhost:36715|priority:0|startupRole:FOLLOWER]|listeners:[], old=null RUNNING retry cache entry of leader should be pending: 347@client-2F4FAE340DCA:pending
2023-09-01 02:13:27,883 [s0@group-79E75C7987F5-StateMachineUpdater] INFO  impl.SimpleStateMachine4Testing (SimpleStateMachine4Testing.java:put(205)) - s0: put 181, m90 -> (t:1, i:181), STATEMACHINELOGENTRY, 348@client-2F4FAE340DCA
2023-09-01 02:13:27,883 [s0@group-79E75C7987F5-StateMachineUpdater] WARN  server.RaftServer$Division (RaftServerImpl.java:replyPendingRequest(1769)) -    LEADER s0@group-79E75C7987F5:t1, leader=s0, voted=s0, raftlog=Memoized:s0@group-79E75C7987F5-SegmentedRaftLog:OPENED:c181, conf=0: peers:[s0|rpc:localhost:44295|admin:localhost:38859|client:localhost:46071|dataStream:localhost:36715|priority:0|startupRole:FOLLOWER]|listeners:[], old=null RUNNING retry cache entry of leader should be pending: 348@client-2F4FAE340DCA:pending
2023-09-01 02:13:27,885 [s0@group-79E75C7987F5-StateMachineUpdater] INFO  impl.SimpleStateMachine4Testing (SimpleStateMachine4Testing.java:put(205)) - s0: put 183, m91 -> (t:1, i:183), STATEMACHINELOGENTRY, 349@client-2F4FAE340DCA
2023-09-01 02:13:27,885 [s0@group-79E75C7987F5-StateMachineUpdater] WARN  server.RaftServer$Division (RaftServerImpl.java:replyPendingRequest(1769)) -    LEADER s0@group-79E75C7987F5:t1, leader=s0, voted=s0, raftlog=Memoized:s0@group-79E75C7987F5-SegmentedRaftLog:OPENED:c183, conf=0: peers:[s0|rpc:localhost:44295|admin:localhost:38859|client:localhost:46071|dataStream:localhost:36715|priority:0|startupRole:FOLLOWER]|listeners:[], old=null RUNNING retry cache entry of leader should be pending: 349@client-2F4FAE340DCA:pending
2023-09-01 02:13:27,887 [s0@group-79E75C7987F5-StateMachineUpdater] INFO  impl.SimpleStateMachine4Testing (SimpleStateMachine4Testing.java:put(205)) - s0: put 185, m92 -> (t:1, i:185), STATEMACHINELOGENTRY, 350@client-2F4FAE340DCA
2023-09-01 02:13:27,887 [s0@group-79E75C7987F5-StateMachineUpdater] WARN  server.RaftServer$Division (RaftServerImpl.java:replyPendingRequest(1769)) -    LEADER s0@group-79E75C7987F5:t1, leader=s0, voted=s0, raftlog=Memoized:s0@group-79E75C7987F5-SegmentedRaftLog:OPENED:c185, conf=0: peers:[s0|rpc:localhost:44295|admin:localhost:38859|client:localhost:46071|dataStream:localhost:36715|priority:0|startupRole:FOLLOWER]|listeners:[], old=null RUNNING retry cache entry of leader should be pending: 350@client-2F4FAE340DCA:pending
2023-09-01 02:13:27,889 [s0@group-79E75C7987F5-StateMachineUpdater] INFO  impl.SimpleStateMachine4Testing (SimpleStateMachine4Testing.java:put(205)) - s0: put 187, m93 -> (t:1, i:187), STATEMACHINELOGENTRY, 351@client-2F4FAE340DCA
2023-09-01 02:13:27,889 [s0@group-79E75C7987F5-StateMachineUpdater] WARN  server.RaftServer$Division (RaftServerImpl.java:replyPendingRequest(1769)) -    LEADER s0@group-79E75C7987F5:t1, leader=s0, voted=s0, raftlog=Memoized:s0@group-79E75C7987F5-SegmentedRaftLog:OPENED:c187, conf=0: peers:[s0|rpc:localhost:44295|admin:localhost:38859|client:localhost:46071|dataStream:localhost:36715|priority:0|startupRole:FOLLOWER]|listeners:[], old=null RUNNING retry cache entry of leader should be pending: 351@client-2F4FAE340DCA:pending
2023-09-01 02:13:27,891 [s0@group-79E75C7987F5-StateMachineUpdater] INFO  impl.SimpleStateMachine4Testing (SimpleStateMachine4Testing.java:put(205)) - s0: put 189, m94 -> (t:1, i:189), STATEMACHINELOGENTRY, 352@client-2F4FAE340DCA
2023-09-01 02:13:27,891 [s0@group-79E75C7987F5-StateMachineUpdater] WARN  server.RaftServer$Division (RaftServerImpl.java:replyPendingRequest(1769)) -    LEADER s0@group-79E75C7987F5:t1, leader=s0, voted=s0, raftlog=Memoized:s0@group-79E75C7987F5-SegmentedRaftLog:OPENED:c189, conf=0: peers:[s0|rpc:localhost:44295|admin:localhost:38859|client:localhost:46071|dataStream:localhost:36715|priority:0|startupRole:FOLLOWER]|listeners:[], old=null RUNNING retry cache entry of leader should be pending: 352@client-2F4FAE340DCA:pending
2023-09-01 02:13:27,892 [s0@group-79E75C7987F5-StateMachineUpdater] INFO  impl.SimpleStateMachine4Testing (SimpleStateMachine4Testing.java:put(205)) - s0: put 191, m95 -> (t:1, i:191), STATEMACHINELOGENTRY, 353@client-2F4FAE340DCA
2023-09-01 02:13:27,892 [s0@group-79E75C7987F5-StateMachineUpdater] WARN  server.RaftServer$Division (RaftServerImpl.java:replyPendingRequest(1769)) -    LEADER s0@group-79E75C7987F5:t1, leader=s0, voted=s0, raftlog=Memoized:s0@group-79E75C7987F5-SegmentedRaftLog:OPENED:c191, conf=0: peers:[s0|rpc:localhost:44295|admin:localhost:38859|client:localhost:46071|dataStream:localhost:36715|priority:0|startupRole:FOLLOWER]|listeners:[], old=null RUNNING retry cache entry of leader should be pending: 353@client-2F4FAE340DCA:pending
2023-09-01 02:13:27,902 [s0@group-79E75C7987F5-StateMachineUpdater] INFO  impl.StateMachineUpdater (StateMachineUpdater.java:takeSnapshot(295)) - s0@group-79E75C7987F5-StateMachineUpdater: Took a snapshot at index 191
2023-09-01 02:13:27,902 [s0@group-79E75C7987F5-StateMachineUpdater] INFO  impl.StateMachineUpdater (StateMachineUpdater.java:lambda$new$0(98)) - s0@group-79E75C7987F5-StateMachineUpdater: snapshotIndex: updateIncreasingly 127 -> 191
2023-09-01 02:13:27,902 [s0@group-79E75C7987F5-StateMachineUpdater] INFO  raftlog.RaftLog (RaftLogBase.java:purge(315)) - s0@group-79E75C7987F5-SegmentedRaftLog: purge 191
2023-09-01 02:13:27,903 [s0@group-79E75C7987F5-StateMachineUpdater] INFO  raftlog.RaftLog (RaftLogBase.java:lambda$new$0(54)) - s0@group-79E75C7987F5-SegmentedRaftLog: snapshotIndex: updateIncreasingly 127 -> 191
2023-09-01 02:13:27,903 [s0@group-79E75C7987F5-StateMachineUpdater] INFO  raftlog.RaftLog (RaftLogBase.java:lambda$new$0(54)) - s0@group-79E75C7987F5-SegmentedRaftLog: purgeIndex: updateToMax old=127, new=191, updated? true
2023-09-01 02:13:27,903 [s0@group-79E75C7987F5-StateMachineUpdater] INFO  impl.SimpleStateMachine4Testing (SimpleStateMachine4Testing.java:put(205)) - s0: put 193, m96 -> (t:1, i:193), STATEMACHINELOGENTRY, 354@client-2F4FAE340DCA
2023-09-01 02:13:27,903 [s0@group-79E75C7987F5-StateMachineUpdater] WARN  server.RaftServer$Division (RaftServerImpl.java:replyPendingRequest(1769)) -    LEADER s0@group-79E75C7987F5:t1, leader=s0, voted=s0, raftlog=Memoized:s0@group-79E75C7987F5-SegmentedRaftLog:OPENED:c194, conf=0: peers:[s0|rpc:localhost:44295|admin:localhost:38859|client:localhost:46071|dataStream:localhost:36715|priority:0|startupRole:FOLLOWER]|listeners:[], old=null RUNNING retry cache entry of leader should be pending: 354@client-2F4FAE340DCA:pending
2023-09-01 02:13:27,922 [s0@group-79E75C7987F5-StateMachineUpdater] INFO  impl.SimpleStateMachine4Testing (SimpleStateMachine4Testing.java:put(205)) - s0: put 195, m97 -> (t:1, i:195), STATEMACHINELOGENTRY, 355@client-2F4FAE340DCA
2023-09-01 02:13:27,922 [s0@group-79E75C7987F5-StateMachineUpdater] WARN  server.RaftServer$Division (RaftServerImpl.java:replyPendingRequest(1769)) -    LEADER s0@group-79E75C7987F5:t1, leader=s0, voted=s0, raftlog=Memoized:s0@group-79E75C7987F5-SegmentedRaftLog:OPENED:c195, conf=0: peers:[s0|rpc:localhost:44295|admin:localhost:38859|client:localhost:46071|dataStream:localhost:36715|priority:0|startupRole:FOLLOWER]|listeners:[], old=null RUNNING retry cache entry of leader should be pending: 355@client-2F4FAE340DCA:pending
2023-09-01 02:13:27,925 [s0@group-79E75C7987F5-StateMachineUpdater] INFO  impl.SimpleStateMachine4Testing (SimpleStateMachine4Testing.java:put(205)) - s0: put 197, m98 -> (t:1, i:197), STATEMACHINELOGENTRY, 356@client-2F4FAE340DCA
2023-09-01 02:13:27,925 [s0@group-79E75C7987F5-StateMachineUpdater] WARN  server.RaftServer$Division (RaftServerImpl.java:replyPendingRequest(1769)) -    LEADER s0@group-79E75C7987F5:t1, leader=s0, voted=s0, raftlog=Memoized:s0@group-79E75C7987F5-SegmentedRaftLog:OPENED:c197, conf=0: peers:[s0|rpc:localhost:44295|admin:localhost:38859|client:localhost:46071|dataStream:localhost:36715|priority:0|startupRole:FOLLOWER]|listeners:[], old=null RUNNING retry cache entry of leader should be pending: 356@client-2F4FAE340DCA:pending
2023-09-01 02:13:27,927 [s0@group-79E75C7987F5-StateMachineUpdater] INFO  impl.SimpleStateMachine4Testing (SimpleStateMachine4Testing.java:put(205)) - s0: put 199, m99 -> (t:1, i:199), STATEMACHINELOGENTRY, 357@client-2F4FAE340DCA
2023-09-01 02:13:27,927 [s0@group-79E75C7987F5-StateMachineUpdater] WARN  server.RaftServer$Division (RaftServerImpl.java:replyPendingRequest(1769)) -    LEADER s0@group-79E75C7987F5:t1, leader=s0, voted=s0, raftlog=Memoized:s0@group-79E75C7987F5-SegmentedRaftLog:OPENED:c199, conf=0: peers:[s0|rpc:localhost:44295|admin:localhost:38859|client:localhost:46071|dataStream:localhost:36715|priority:0|startupRole:FOLLOWER]|listeners:[], old=null RUNNING retry cache entry of leader should be pending: 357@client-2F4FAE340DCA:pending
2023-09-01 02:13:27,929 [s0@group-79E75C7987F5-StateMachineUpdater] INFO  impl.SimpleStateMachine4Testing (SimpleStateMachine4Testing.java:put(205)) - s0: put 201, m100 -> (t:1, i:201), STATEMACHINELOGENTRY, 358@client-2F4FAE340DCA
2023-09-01 02:13:27,929 [s0@group-79E75C7987F5-StateMachineUpdater] WARN  server.RaftServer$Division (RaftServerImpl.java:replyPendingRequest(1769)) -    LEADER s0@group-79E75C7987F5:t1, leader=s0, voted=s0, raftlog=Memoized:s0@group-79E75C7987F5-SegmentedRaftLog:OPENED:c201, conf=0: peers:[s0|rpc:localhost:44295|admin:localhost:38859|client:localhost:46071|dataStream:localhost:36715|priority:0|startupRole:FOLLOWER]|listeners:[], old=null RUNNING retry cache entry of leader should be pending: 358@client-2F4FAE340DCA:pending
2023-09-01 02:13:27,931 [s0@group-79E75C7987F5-StateMachineUpdater] INFO  impl.SimpleStateMachine4Testing (SimpleStateMachine4Testing.java:put(205)) - s0: put 203, m101 -> (t:1, i:203), STATEMACHINELOGENTRY, 359@client-2F4FAE340DCA
2023-09-01 02:13:27,931 [s0@group-79E75C7987F5-StateMachineUpdater] WARN  server.RaftServer$Division (RaftServerImpl.java:replyPendingRequest(1769)) -    LEADER s0@group-79E75C7987F5:t1, leader=s0, voted=s0, raftlog=Memoized:s0@group-79E75C7987F5-SegmentedRaftLog:OPENED:c203, conf=0: peers:[s0|rpc:localhost:44295|admin:localhost:38859|client:localhost:46071|dataStream:localhost:36715|priority:0|startupRole:FOLLOWER]|listeners:[], old=null RUNNING retry cache entry of leader should be pending: 359@client-2F4FAE340DCA:pending
2023-09-01 02:13:27,933 [s0@group-79E75C7987F5-StateMachineUpdater] INFO  impl.SimpleStateMachine4Testing (SimpleStateMachine4Testing.java:put(205)) - s0: put 205, m102 -> (t:1, i:205), STATEMACHINELOGENTRY, 360@client-2F4FAE340DCA
2023-09-01 02:13:27,933 [s0@group-79E75C7987F5-StateMachineUpdater] WARN  server.RaftServer$Division (RaftServerImpl.java:replyPendingRequest(1769)) -    LEADER s0@group-79E75C7987F5:t1, leader=s0, voted=s0, raftlog=Memoized:s0@group-79E75C7987F5-SegmentedRaftLog:OPENED:c205, conf=0: peers:[s0|rpc:localhost:44295|admin:localhost:38859|client:localhost:46071|dataStream:localhost:36715|priority:0|startupRole:FOLLOWER]|listeners:[], old=null RUNNING retry cache entry of leader should be pending: 360@client-2F4FAE340DCA:pending
2023-09-01 02:13:27,937 [s0@group-79E75C7987F5-StateMachineUpdater] INFO  impl.SimpleStateMachine4Testing (SimpleStateMachine4Testing.java:put(205)) - s0: put 207, m103 -> (t:1, i:207), STATEMACHINELOGENTRY, 361@client-2F4FAE340DCA
2023-09-01 02:13:27,937 [s0@group-79E75C7987F5-StateMachineUpdater] WARN  server.RaftServer$Division (RaftServerImpl.java:replyPendingRequest(1769)) -    LEADER s0@group-79E75C7987F5:t1, leader=s0, voted=s0, raftlog=Memoized:s0@group-79E75C7987F5-SegmentedRaftLog:OPENED:c207, conf=0: peers:[s0|rpc:localhost:44295|admin:localhost:38859|client:localhost:46071|dataStream:localhost:36715|priority:0|startupRole:FOLLOWER]|listeners:[], old=null RUNNING retry cache entry of leader should be pending: 361@client-2F4FAE340DCA:pending
2023-09-01 02:13:27,939 [s0@group-79E75C7987F5-StateMachineUpdater] INFO  impl.SimpleStateMachine4Testing (SimpleStateMachine4Testing.java:put(205)) - s0: put 209, m104 -> (t:1, i:209), STATEMACHINELOGENTRY, 362@client-2F4FAE340DCA
2023-09-01 02:13:27,939 [s0@group-79E75C7987F5-StateMachineUpdater] WARN  server.RaftServer$Division (RaftServerImpl.java:replyPendingRequest(1769)) -    LEADER s0@group-79E75C7987F5:t1, leader=s0, voted=s0, raftlog=Memoized:s0@group-79E75C7987F5-SegmentedRaftLog:OPENED:c209, conf=0: peers:[s0|rpc:localhost:44295|admin:localhost:38859|client:localhost:46071|dataStream:localhost:36715|priority:0|startupRole:FOLLOWER]|listeners:[], old=null RUNNING retry cache entry of leader should be pending: 362@client-2F4FAE340DCA:pending
2023-09-01 02:13:27,942 [s0@group-79E75C7987F5-StateMachineUpdater] INFO  impl.SimpleStateMachine4Testing (SimpleStateMachine4Testing.java:put(205)) - s0: put 211, m105 -> (t:1, i:211), STATEMACHINELOGENTRY, 363@client-2F4FAE340DCA
2023-09-01 02:13:27,942 [s0@group-79E75C7987F5-StateMachineUpdater] WARN  server.RaftServer$Division (RaftServerImpl.java:replyPendingRequest(1769)) -    LEADER s0@group-79E75C7987F5:t1, leader=s0, voted=s0, raftlog=Memoized:s0@group-79E75C7987F5-SegmentedRaftLog:OPENED:c211, conf=0: peers:[s0|rpc:localhost:44295|admin:localhost:38859|client:localhost:46071|dataStream:localhost:36715|priority:0|startupRole:FOLLOWER]|listeners:[], old=null RUNNING retry cache entry of leader should be pending: 363@client-2F4FAE340DCA:pending
2023-09-01 02:13:27,944 [s0@group-79E75C7987F5-StateMachineUpdater] INFO  impl.SimpleStateMachine4Testing (SimpleStateMachine4Testing.java:put(205)) - s0: put 213, m106 -> (t:1, i:213), STATEMACHINELOGENTRY, 364@client-2F4FAE340DCA
2023-09-01 02:13:27,944 [s0@group-79E75C7987F5-StateMachineUpdater] WARN  server.RaftServer$Division (RaftServerImpl.java:replyPendingRequest(1769)) -    LEADER s0@group-79E75C7987F5:t1, leader=s0, voted=s0, raftlog=Memoized:s0@group-79E75C7987F5-SegmentedRaftLog:OPENED:c213, conf=0: peers:[s0|rpc:localhost:44295|admin:localhost:38859|client:localhost:46071|dataStream:localhost:36715|priority:0|startupRole:FOLLOWER]|listeners:[], old=null RUNNING retry cache entry of leader should be pending: 364@client-2F4FAE340DCA:pending
2023-09-01 02:13:27,946 [s0@group-79E75C7987F5-StateMachineUpdater] INFO  impl.SimpleStateMachine4Testing (SimpleStateMachine4Testing.java:put(205)) - s0: put 215, m107 -> (t:1, i:215), STATEMACHINELOGENTRY, 365@client-2F4FAE340DCA
2023-09-01 02:13:27,946 [s0@group-79E75C7987F5-StateMachineUpdater] WARN  server.RaftServer$Division (RaftServerImpl.java:replyPendingRequest(1769)) -    LEADER s0@group-79E75C7987F5:t1, leader=s0, voted=s0, raftlog=Memoized:s0@group-79E75C7987F5-SegmentedRaftLog:OPENED:c215, conf=0: peers:[s0|rpc:localhost:44295|admin:localhost:38859|client:localhost:46071|dataStream:localhost:36715|priority:0|startupRole:FOLLOWER]|listeners:[], old=null RUNNING retry cache entry of leader should be pending: 365@client-2F4FAE340DCA:pending
2023-09-01 02:13:27,948 [s0@group-79E75C7987F5-StateMachineUpdater] INFO  impl.SimpleStateMachine4Testing (SimpleStateMachine4Testing.java:put(205)) - s0: put 217, m108 -> (t:1, i:217), STATEMACHINELOGENTRY, 366@client-2F4FAE340DCA
2023-09-01 02:13:27,948 [s0@group-79E75C7987F5-StateMachineUpdater] WARN  server.RaftServer$Division (RaftServerImpl.java:replyPendingRequest(1769)) -    LEADER s0@group-79E75C7987F5:t1, leader=s0, voted=s0, raftlog=Memoized:s0@group-79E75C7987F5-SegmentedRaftLog:OPENED:c217, conf=0: peers:[s0|rpc:localhost:44295|admin:localhost:38859|client:localhost:46071|dataStream:localhost:36715|priority:0|startupRole:FOLLOWER]|listeners:[], old=null RUNNING retry cache entry of leader should be pending: 366@client-2F4FAE340DCA:pending
2023-09-01 02:13:27,950 [s0@group-79E75C7987F5-StateMachineUpdater] INFO  impl.SimpleStateMachine4Testing (SimpleStateMachine4Testing.java:put(205)) - s0: put 219, m109 -> (t:1, i:219), STATEMACHINELOGENTRY, 367@client-2F4FAE340DCA
2023-09-01 02:13:27,950 [s0@group-79E75C7987F5-StateMachineUpdater] WARN  server.RaftServer$Division (RaftServerImpl.java:replyPendingRequest(1769)) -    LEADER s0@group-79E75C7987F5:t1, leader=s0, voted=s0, raftlog=Memoized:s0@group-79E75C7987F5-SegmentedRaftLog:OPENED:c219, conf=0: peers:[s0|rpc:localhost:44295|admin:localhost:38859|client:localhost:46071|dataStream:localhost:36715|priority:0|startupRole:FOLLOWER]|listeners:[], old=null RUNNING retry cache entry of leader should be pending: 367@client-2F4FAE340DCA:pending
2023-09-01 02:13:27,952 [s0@group-79E75C7987F5-StateMachineUpdater] INFO  impl.SimpleStateMachine4Testing (SimpleStateMachine4Testing.java:put(205)) - s0: put 221, m110 -> (t:1, i:221), STATEMACHINELOGENTRY, 368@client-2F4FAE340DCA
2023-09-01 02:13:27,952 [s0@group-79E75C7987F5-StateMachineUpdater] WARN  server.RaftServer$Division (RaftServerImpl.java:replyPendingRequest(1769)) -    LEADER s0@group-79E75C7987F5:t1, leader=s0, voted=s0, raftlog=Memoized:s0@group-79E75C7987F5-SegmentedRaftLog:OPENED:c221, conf=0: peers:[s0|rpc:localhost:44295|admin:localhost:38859|client:localhost:46071|dataStream:localhost:36715|priority:0|startupRole:FOLLOWER]|listeners:[], old=null RUNNING retry cache entry of leader should be pending: 368@client-2F4FAE340DCA:pending
2023-09-01 02:13:27,954 [s0@group-79E75C7987F5-StateMachineUpdater] INFO  impl.SimpleStateMachine4Testing (SimpleStateMachine4Testing.java:put(205)) - s0: put 223, m111 -> (t:1, i:223), STATEMACHINELOGENTRY, 369@client-2F4FAE340DCA
2023-09-01 02:13:27,954 [s0@group-79E75C7987F5-StateMachineUpdater] WARN  server.RaftServer$Division (RaftServerImpl.java:replyPendingRequest(1769)) -    LEADER s0@group-79E75C7987F5:t1, leader=s0, voted=s0, raftlog=Memoized:s0@group-79E75C7987F5-SegmentedRaftLog:OPENED:c223, conf=0: peers:[s0|rpc:localhost:44295|admin:localhost:38859|client:localhost:46071|dataStream:localhost:36715|priority:0|startupRole:FOLLOWER]|listeners:[], old=null RUNNING retry cache entry of leader should be pending: 369@client-2F4FAE340DCA:pending
2023-09-01 02:13:27,956 [s0@group-79E75C7987F5-StateMachineUpdater] INFO  impl.SimpleStateMachine4Testing (SimpleStateMachine4Testing.java:put(205)) - s0: put 225, m112 -> (t:1, i:225), STATEMACHINELOGENTRY, 370@client-2F4FAE340DCA
2023-09-01 02:13:27,956 [s0@group-79E75C7987F5-StateMachineUpdater] WARN  server.RaftServer$Division (RaftServerImpl.java:replyPendingRequest(1769)) -    LEADER s0@group-79E75C7987F5:t1, leader=s0, voted=s0, raftlog=Memoized:s0@group-79E75C7987F5-SegmentedRaftLog:OPENED:c225, conf=0: peers:[s0|rpc:localhost:44295|admin:localhost:38859|client:localhost:46071|dataStream:localhost:36715|priority:0|startupRole:FOLLOWER]|listeners:[], old=null RUNNING retry cache entry of leader should be pending: 370@client-2F4FAE340DCA:pending
2023-09-01 02:13:27,958 [s0@group-79E75C7987F5-StateMachineUpdater] INFO  impl.SimpleStateMachine4Testing (SimpleStateMachine4Testing.java:put(205)) - s0: put 227, m113 -> (t:1, i:227), STATEMACHINELOGENTRY, 371@client-2F4FAE340DCA
2023-09-01 02:13:27,958 [s0@group-79E75C7987F5-StateMachineUpdater] WARN  server.RaftServer$Division (RaftServerImpl.java:replyPendingRequest(1769)) -    LEADER s0@group-79E75C7987F5:t1, leader=s0, voted=s0, raftlog=Memoized:s0@group-79E75C7987F5-SegmentedRaftLog:OPENED:c227, conf=0: peers:[s0|rpc:localhost:44295|admin:localhost:38859|client:localhost:46071|dataStream:localhost:36715|priority:0|startupRole:FOLLOWER]|listeners:[], old=null RUNNING retry cache entry of leader should be pending: 371@client-2F4FAE340DCA:pending
2023-09-01 02:13:27,960 [s0@group-79E75C7987F5-StateMachineUpdater] INFO  impl.SimpleStateMachine4Testing (SimpleStateMachine4Testing.java:put(205)) - s0: put 229, m114 -> (t:1, i:229), STATEMACHINELOGENTRY, 372@client-2F4FAE340DCA
2023-09-01 02:13:27,960 [s0@group-79E75C7987F5-StateMachineUpdater] WARN  server.RaftServer$Division (RaftServerImpl.java:replyPendingRequest(1769)) -    LEADER s0@group-79E75C7987F5:t1, leader=s0, voted=s0, raftlog=Memoized:s0@group-79E75C7987F5-SegmentedRaftLog:OPENED:c229, conf=0: peers:[s0|rpc:localhost:44295|admin:localhost:38859|client:localhost:46071|dataStream:localhost:36715|priority:0|startupRole:FOLLOWER]|listeners:[], old=null RUNNING retry cache entry of leader should be pending: 372@client-2F4FAE340DCA:pending
2023-09-01 02:13:27,962 [s0@group-79E75C7987F5-StateMachineUpdater] INFO  impl.SimpleStateMachine4Testing (SimpleStateMachine4Testing.java:put(205)) - s0: put 231, m115 -> (t:1, i:231), STATEMACHINELOGENTRY, 373@client-2F4FAE340DCA
2023-09-01 02:13:27,962 [s0@group-79E75C7987F5-StateMachineUpdater] WARN  server.RaftServer$Division (RaftServerImpl.java:replyPendingRequest(1769)) -    LEADER s0@group-79E75C7987F5:t1, leader=s0, voted=s0, raftlog=Memoized:s0@group-79E75C7987F5-SegmentedRaftLog:OPENED:c231, conf=0: peers:[s0|rpc:localhost:44295|admin:localhost:38859|client:localhost:46071|dataStream:localhost:36715|priority:0|startupRole:FOLLOWER]|listeners:[], old=null RUNNING retry cache entry of leader should be pending: 373@client-2F4FAE340DCA:pending
2023-09-01 02:13:27,964 [s0@group-79E75C7987F5-StateMachineUpdater] INFO  impl.SimpleStateMachine4Testing (SimpleStateMachine4Testing.java:put(205)) - s0: put 233, m116 -> (t:1, i:233), STATEMACHINELOGENTRY, 374@client-2F4FAE340DCA
2023-09-01 02:13:27,964 [s0@group-79E75C7987F5-StateMachineUpdater] WARN  server.RaftServer$Division (RaftServerImpl.java:replyPendingRequest(1769)) -    LEADER s0@group-79E75C7987F5:t1, leader=s0, voted=s0, raftlog=Memoized:s0@group-79E75C7987F5-SegmentedRaftLog:OPENED:c233, conf=0: peers:[s0|rpc:localhost:44295|admin:localhost:38859|client:localhost:46071|dataStream:localhost:36715|priority:0|startupRole:FOLLOWER]|listeners:[], old=null RUNNING retry cache entry of leader should be pending: 374@client-2F4FAE340DCA:pending
2023-09-01 02:13:27,966 [s0@group-79E75C7987F5-StateMachineUpdater] INFO  impl.SimpleStateMachine4Testing (SimpleStateMachine4Testing.java:put(205)) - s0: put 235, m117 -> (t:1, i:235), STATEMACHINELOGENTRY, 375@client-2F4FAE340DCA
2023-09-01 02:13:27,966 [s0@group-79E75C7987F5-StateMachineUpdater] WARN  server.RaftServer$Division (RaftServerImpl.java:replyPendingRequest(1769)) -    LEADER s0@group-79E75C7987F5:t1, leader=s0, voted=s0, raftlog=Memoized:s0@group-79E75C7987F5-SegmentedRaftLog:OPENED:c235, conf=0: peers:[s0|rpc:localhost:44295|admin:localhost:38859|client:localhost:46071|dataStream:localhost:36715|priority:0|startupRole:FOLLOWER]|listeners:[], old=null RUNNING retry cache entry of leader should be pending: 375@client-2F4FAE340DCA:pending
2023-09-01 02:13:27,968 [s0@group-79E75C7987F5-StateMachineUpdater] INFO  impl.SimpleStateMachine4Testing (SimpleStateMachine4Testing.java:put(205)) - s0: put 237, m118 -> (t:1, i:237), STATEMACHINELOGENTRY, 376@client-2F4FAE340DCA
2023-09-01 02:13:27,968 [s0@group-79E75C7987F5-StateMachineUpdater] WARN  server.RaftServer$Division (RaftServerImpl.java:replyPendingRequest(1769)) -    LEADER s0@group-79E75C7987F5:t1, leader=s0, voted=s0, raftlog=Memoized:s0@group-79E75C7987F5-SegmentedRaftLog:OPENED:c237, conf=0: peers:[s0|rpc:localhost:44295|admin:localhost:38859|client:localhost:46071|dataStream:localhost:36715|priority:0|startupRole:FOLLOWER]|listeners:[], old=null RUNNING retry cache entry of leader should be pending: 376@client-2F4FAE340DCA:pending
2023-09-01 02:13:27,970 [s0@group-79E75C7987F5-StateMachineUpdater] INFO  impl.SimpleStateMachine4Testing (SimpleStateMachine4Testing.java:put(205)) - s0: put 239, m119 -> (t:1, i:239), STATEMACHINELOGENTRY, 377@client-2F4FAE340DCA
2023-09-01 02:13:27,970 [s0@group-79E75C7987F5-StateMachineUpdater] WARN  server.RaftServer$Division (RaftServerImpl.java:replyPendingRequest(1769)) -    LEADER s0@group-79E75C7987F5:t1, leader=s0, voted=s0, raftlog=Memoized:s0@group-79E75C7987F5-SegmentedRaftLog:OPENED:c239, conf=0: peers:[s0|rpc:localhost:44295|admin:localhost:38859|client:localhost:46071|dataStream:localhost:36715|priority:0|startupRole:FOLLOWER]|listeners:[], old=null RUNNING retry cache entry of leader should be pending: 377@client-2F4FAE340DCA:pending
2023-09-01 02:13:27,972 [s0@group-79E75C7987F5-StateMachineUpdater] INFO  impl.SimpleStateMachine4Testing (SimpleStateMachine4Testing.java:put(205)) - s0: put 241, m120 -> (t:1, i:241), STATEMACHINELOGENTRY, 378@client-2F4FAE340DCA
2023-09-01 02:13:27,972 [s0@group-79E75C7987F5-StateMachineUpdater] WARN  server.RaftServer$Division (RaftServerImpl.java:replyPendingRequest(1769)) -    LEADER s0@group-79E75C7987F5:t1, leader=s0, voted=s0, raftlog=Memoized:s0@group-79E75C7987F5-SegmentedRaftLog:OPENED:c241, conf=0: peers:[s0|rpc:localhost:44295|admin:localhost:38859|client:localhost:46071|dataStream:localhost:36715|priority:0|startupRole:FOLLOWER]|listeners:[], old=null RUNNING retry cache entry of leader should be pending: 378@client-2F4FAE340DCA:pending
2023-09-01 02:13:27,974 [s0@group-79E75C7987F5-StateMachineUpdater] INFO  impl.SimpleStateMachine4Testing (SimpleStateMachine4Testing.java:put(205)) - s0: put 243, m121 -> (t:1, i:243), STATEMACHINELOGENTRY, 379@client-2F4FAE340DCA
2023-09-01 02:13:27,974 [s0@group-79E75C7987F5-StateMachineUpdater] WARN  server.RaftServer$Division (RaftServerImpl.java:replyPendingRequest(1769)) -    LEADER s0@group-79E75C7987F5:t1, leader=s0, voted=s0, raftlog=Memoized:s0@group-79E75C7987F5-SegmentedRaftLog:OPENED:c243, conf=0: peers:[s0|rpc:localhost:44295|admin:localhost:38859|client:localhost:46071|dataStream:localhost:36715|priority:0|startupRole:FOLLOWER]|listeners:[], old=null RUNNING retry cache entry of leader should be pending: 379@client-2F4FAE340DCA:pending
2023-09-01 02:13:27,976 [s0@group-79E75C7987F5-StateMachineUpdater] INFO  impl.SimpleStateMachine4Testing (SimpleStateMachine4Testing.java:put(205)) - s0: put 245, m122 -> (t:1, i:245), STATEMACHINELOGENTRY, 380@client-2F4FAE340DCA
2023-09-01 02:13:27,976 [s0@group-79E75C7987F5-StateMachineUpdater] WARN  server.RaftServer$Division (RaftServerImpl.java:replyPendingRequest(1769)) -    LEADER s0@group-79E75C7987F5:t1, leader=s0, voted=s0, raftlog=Memoized:s0@group-79E75C7987F5-SegmentedRaftLog:OPENED:c245, conf=0: peers:[s0|rpc:localhost:44295|admin:localhost:38859|client:localhost:46071|dataStream:localhost:36715|priority:0|startupRole:FOLLOWER]|listeners:[], old=null RUNNING retry cache entry of leader should be pending: 380@client-2F4FAE340DCA:pending
2023-09-01 02:13:27,978 [s0@group-79E75C7987F5-StateMachineUpdater] INFO  impl.SimpleStateMachine4Testing (SimpleStateMachine4Testing.java:put(205)) - s0: put 247, m123 -> (t:1, i:247), STATEMACHINELOGENTRY, 381@client-2F4FAE340DCA
2023-09-01 02:13:27,978 [s0@group-79E75C7987F5-StateMachineUpdater] WARN  server.RaftServer$Division (RaftServerImpl.java:replyPendingRequest(1769)) -    LEADER s0@group-79E75C7987F5:t1, leader=s0, voted=s0, raftlog=Memoized:s0@group-79E75C7987F5-SegmentedRaftLog:OPENED:c247, conf=0: peers:[s0|rpc:localhost:44295|admin:localhost:38859|client:localhost:46071|dataStream:localhost:36715|priority:0|startupRole:FOLLOWER]|listeners:[], old=null RUNNING retry cache entry of leader should be pending: 381@client-2F4FAE340DCA:pending
2023-09-01 02:13:27,980 [s0@group-79E75C7987F5-StateMachineUpdater] INFO  impl.SimpleStateMachine4Testing (SimpleStateMachine4Testing.java:put(205)) - s0: put 249, m124 -> (t:1, i:249), STATEMACHINELOGENTRY, 382@client-2F4FAE340DCA
2023-09-01 02:13:27,980 [s0@group-79E75C7987F5-StateMachineUpdater] WARN  server.RaftServer$Division (RaftServerImpl.java:replyPendingRequest(1769)) -    LEADER s0@group-79E75C7987F5:t1, leader=s0, voted=s0, raftlog=Memoized:s0@group-79E75C7987F5-SegmentedRaftLog:OPENED:c249, conf=0: peers:[s0|rpc:localhost:44295|admin:localhost:38859|client:localhost:46071|dataStream:localhost:36715|priority:0|startupRole:FOLLOWER]|listeners:[], old=null RUNNING retry cache entry of leader should be pending: 382@client-2F4FAE340DCA:pending
2023-09-01 02:13:27,982 [s0@group-79E75C7987F5-StateMachineUpdater] INFO  impl.SimpleStateMachine4Testing (SimpleStateMachine4Testing.java:put(205)) - s0: put 251, m125 -> (t:1, i:251), STATEMACHINELOGENTRY, 383@client-2F4FAE340DCA
2023-09-01 02:13:27,982 [s0@group-79E75C7987F5-StateMachineUpdater] WARN  server.RaftServer$Division (RaftServerImpl.java:replyPendingRequest(1769)) -    LEADER s0@group-79E75C7987F5:t1, leader=s0, voted=s0, raftlog=Memoized:s0@group-79E75C7987F5-SegmentedRaftLog:OPENED:c251, conf=0: peers:[s0|rpc:localhost:44295|admin:localhost:38859|client:localhost:46071|dataStream:localhost:36715|priority:0|startupRole:FOLLOWER]|listeners:[], old=null RUNNING retry cache entry of leader should be pending: 383@client-2F4FAE340DCA:pending
2023-09-01 02:13:27,984 [s0@group-79E75C7987F5-StateMachineUpdater] INFO  impl.SimpleStateMachine4Testing (SimpleStateMachine4Testing.java:put(205)) - s0: put 253, m126 -> (t:1, i:253), STATEMACHINELOGENTRY, 384@client-2F4FAE340DCA
2023-09-01 02:13:27,984 [s0@group-79E75C7987F5-StateMachineUpdater] WARN  server.RaftServer$Division (RaftServerImpl.java:replyPendingRequest(1769)) -    LEADER s0@group-79E75C7987F5:t1, leader=s0, voted=s0, raftlog=Memoized:s0@group-79E75C7987F5-SegmentedRaftLog:OPENED:c253, conf=0: peers:[s0|rpc:localhost:44295|admin:localhost:38859|client:localhost:46071|dataStream:localhost:36715|priority:0|startupRole:FOLLOWER]|listeners:[], old=null RUNNING retry cache entry of leader should be pending: 384@client-2F4FAE340DCA:pending
2023-09-01 02:13:27,988 [s0-server-thread1] INFO  server.RaftServer$Division (RaftServerImpl.java:takeSnapshotAsync(1169)) - s0@group-79E75C7987F5: takeSnapshotAsync SnapshotManagementRequest:client-2F4FAE340DCA->s0@group-79E75C7987F5, cid=385, seq=0, RO, null, Create:
2023-09-01 02:13:27,988 [s0-server-thread1] INFO  server.RaftServerConfigKeys (ConfUtils.java:logGet(46)) - raft.server.snapshot.creation.gap = 1024 (default)
2023-09-01 02:13:28,001 [Time-limited test] INFO  impl.MiniRaftCluster (MiniRaftCluster.java:addNewPeers(464)) - Add new peers [s1, s2]
2023-09-01 02:13:28,002 [Time-limited test] INFO  impl.MiniRaftCluster (MiniRaftCluster.java:newRaftServer(382)) - newRaftServer: s1, group-79E75C7987F5:[], format? true
2023-09-01 02:13:28,002 [Time-limited test] TRACE util.FileUtils (FileUtils.java:deleteFully(201)) - deleteFully target/test/data/1f94b248/MiniRaftClusterWithGrpc6a48d149/s1
2023-09-01 02:13:28,002 [Time-limited test] TRACE util.FileUtils (FileUtils.java:deleteFully(217)) - deleteFully: target/test/data/1f94b248/MiniRaftClusterWithGrpc6a48d149/s1 does not exist.
2023-09-01 02:13:28,002 [Time-limited test] INFO  impl.MiniRaftCluster (MiniRaftCluster.java:newRaftServer(387)) - Formatted directory target/test/data/1f94b248/MiniRaftClusterWithGrpc6a48d149/s1
2023-09-01 02:13:28,002 [Time-limited test] INFO  server.RaftServer (ConfUtils.java:logGet(46)) - raft.rpc.type = GRPC (default)
2023-09-01 02:13:28,002 [Time-limited test] INFO  grpc.GrpcConfigKeys (ConfUtils.java:logFallback(53)) - raft.grpc.admin.host = null (fallback to raft.grpc.server.host)
2023-09-01 02:13:28,002 [Time-limited test] INFO  grpc.GrpcConfigKeys (ConfUtils.java:logFallback(53)) - raft.grpc.admin.port = 34359 (fallback to raft.grpc.server.port)
2023-09-01 02:13:28,002 [Time-limited test] INFO  grpc.GrpcConfigKeys (ConfUtils.java:logFallback(53)) - raft.grpc.client.host = null (fallback to raft.grpc.server.host)
2023-09-01 02:13:28,002 [Time-limited test] INFO  grpc.GrpcConfigKeys (ConfUtils.java:logFallback(53)) - raft.grpc.client.port = 34359 (fallback to raft.grpc.server.port)
2023-09-01 02:13:28,002 [Time-limited test] INFO  grpc.GrpcConfigKeys (ConfUtils.java:logGet(46)) - raft.grpc.server.host = null (default)
2023-09-01 02:13:28,002 [Time-limited test] INFO  grpc.GrpcConfigKeys (ConfUtils.java:logGet(46)) - raft.grpc.server.port = 34359 (custom)
2023-09-01 02:13:28,003 [Time-limited test] INFO  server.GrpcService (ConfUtils.java:logGet(46)) - raft.grpc.message.size.max = 64MB (=67108864) (default)
2023-09-01 02:13:28,003 [Time-limited test] INFO  server.RaftServerConfigKeys (ConfUtils.java:logGet(46)) - raft.server.log.appender.buffer.byte-limit = 4MB (=4194304) (default)
2023-09-01 02:13:28,003 [Time-limited test] INFO  server.GrpcService (ConfUtils.java:logGet(46)) - raft.grpc.flow.control.window = 1MB (=1048576) (default)
2023-09-01 02:13:28,003 [Time-limited test] INFO  server.RaftServerConfigKeys (ConfUtils.java:logGet(46)) - raft.server.rpc.request.timeout = 3000ms (default)
2023-09-01 02:13:28,003 [Time-limited test] INFO  grpc.GrpcConfigKeys (ConfUtils.java:logGet(46)) - raft.grpc.server.heartbeat.channel = true (default)
2023-09-01 02:13:28,003 [Time-limited test] INFO  grpc.GrpcConfigKeys (ConfUtils.java:logGet(46)) - raft.grpc.server.async.request.thread.pool.cached = true (default)
2023-09-01 02:13:28,003 [Time-limited test] INFO  grpc.GrpcConfigKeys (ConfUtils.java:logGet(46)) - raft.grpc.server.async.request.thread.pool.size = 32 (default)
2023-09-01 02:13:28,003 [Time-limited test] INFO  impl.DataStreamServerImpl (ConfUtils.java:logGet(46)) - raft.datastream.type = DISABLED (default)
2023-09-01 02:13:28,003 [Time-limited test] INFO  server.RaftServerConfigKeys (ConfUtils.java:logGet(46)) - raft.server.threadpool.proxy.cached = true (default)
2023-09-01 02:13:28,003 [Time-limited test] INFO  server.RaftServerConfigKeys (ConfUtils.java:logGet(46)) - raft.server.threadpool.proxy.size = 0 (default)
2023-09-01 02:13:28,003 [Time-limited test] INFO  server.RaftServerConfigKeys (ConfUtils.java:logGet(46)) - raft.server.sleep.deviation.threshold = 300ms (default)
2023-09-01 02:13:28,004 [Time-limited test] INFO  server.RaftServerConfigKeys (ConfUtils.java:logGet(46)) - raft.server.rpc.slowness.timeout = 60s (default)
2023-09-01 02:13:28,004 [Time-limited test] INFO  server.RaftServerConfigKeys (ConfUtils.java:logGet(46)) - raft.server.leaderelection.leader.step-down.wait-time = 10s (default)
2023-09-01 02:13:28,004 [Time-limited test] INFO  server.RaftServerConfigKeys (ConfUtils.java:logGet(46)) - raft.server.storage.dir = [/home/runner/work/ratis/ratis/ratis-test/target/test/data/1f94b248/MiniRaftClusterWithGrpc6a48d149/s1] (custom)
2023-09-01 02:13:28,004 [Time-limited test] INFO  server.RaftServer (RaftServerProxy.java:addNew(99)) - s1: addNew group-79E75C7987F5:[] returns group-79E75C7987F5:java.util.concurrent.CompletableFuture@33ff209c[Not completed]
2023-09-01 02:13:28,004 [s1-groupManagement] INFO  server.RaftServerConfigKeys (ConfUtils.java:logGet(46)) - raft.server.log.segment.size.max = 8MB (=8388608) (default)
2023-09-01 02:13:28,004 [Time-limited test] INFO  impl.MiniRaftCluster (MiniRaftCluster.java:newRaftServer(382)) - newRaftServer: s2, group-79E75C7987F5:[], format? true
2023-09-01 02:13:28,004 [Time-limited test] TRACE util.FileUtils (FileUtils.java:deleteFully(201)) - deleteFully target/test/data/1f94b248/MiniRaftClusterWithGrpc6a48d149/s2
2023-09-01 02:13:28,004 [s1-groupManagement] INFO  server.RaftServerConfigKeys (ConfUtils.java:logGet(46)) - raft.server.log.preallocated.size = 4MB (=4194304) (default)
2023-09-01 02:13:28,005 [s1-groupManagement] INFO  server.RaftServerConfigKeys (ConfUtils.java:logGet(46)) - raft.server.log.write.buffer.size = 64KB (=65536) (default)
2023-09-01 02:13:28,005 [Time-limited test] TRACE util.FileUtils (FileUtils.java:deleteFully(217)) - deleteFully: target/test/data/1f94b248/MiniRaftClusterWithGrpc6a48d149/s2 does not exist.
2023-09-01 02:13:28,005 [Time-limited test] INFO  impl.MiniRaftCluster (MiniRaftCluster.java:newRaftServer(387)) - Formatted directory target/test/data/1f94b248/MiniRaftClusterWithGrpc6a48d149/s2
2023-09-01 02:13:28,005 [s1-groupManagement] INFO  server.RaftServer$Division (RaftServerImpl.java:<init>(250)) - s1: new RaftServerImpl for group-79E75C7987F5:[] with StateMachineWithMultiNestedSnapshotFile:uninitialized
2023-09-01 02:13:28,005 [s1-groupManagement] INFO  server.RaftServerConfigKeys (ConfUtils.java:logGet(46)) - raft.server.rpc.timeout.min = 150ms (default)
2023-09-01 02:13:28,005 [s1-groupManagement] INFO  server.RaftServerConfigKeys (ConfUtils.java:logGet(46)) - raft.server.rpc.timeout.max = 300ms (default)
2023-09-01 02:13:28,005 [s1-groupManagement] INFO  server.RaftServerConfigKeys (ConfUtils.java:logGet(46)) - raft.server.rpc.sleep.time = 25ms (default)
2023-09-01 02:13:28,005 [s1-groupManagement] INFO  server.RaftServerConfigKeys (ConfUtils.java:logGet(46)) - raft.server.rpc.slowness.timeout = 60s (default)
2023-09-01 02:13:28,005 [s1-groupManagement] INFO  server.RaftServerConfigKeys (ConfUtils.java:logGet(46)) - raft.server.leaderelection.leader.step-down.wait-time = 10s (default)
2023-09-01 02:13:28,005 [s1-groupManagement] INFO  server.RaftServerConfigKeys (ConfUtils.java:logGet(46)) - raft.server.sleep.deviation.threshold = 300ms (default)
2023-09-01 02:13:28,005 [s1-groupManagement] INFO  server.RaftServer$Division (ServerState.java:<init>(113)) - s1@group-79E75C7987F5: ConfigurationManager, init=-1: peers:[]|listeners:[], old=null, confs=<EMPTY_MAP>
2023-09-01 02:13:28,005 [s1-groupManagement] INFO  server.RaftServerConfigKeys (ConfUtils.java:logGet(46)) - raft.server.notification.no-leader.timeout = 60s (default)
2023-09-01 02:13:28,005 [s1-groupManagement] INFO  server.RaftServerConfigKeys (ConfUtils.java:logGet(46)) - raft.server.read.timeout = 10s (default)
2023-09-01 02:13:28,005 [s1-groupManagement] INFO  server.RaftServerConfigKeys (ConfUtils.java:logGet(46)) - raft.server.retrycache.expirytime = 60s (default)
2023-09-01 02:13:28,005 [s1-groupManagement] INFO  server.RaftServerConfigKeys (ConfUtils.java:logGet(46)) - raft.server.retrycache.statistics.expirytime = 100μs (default)
2023-09-01 02:13:28,005 [s1-groupManagement] INFO  server.RaftServerConfigKeys (ConfUtils.java:logGet(46)) - raft.server.read.option = DEFAULT (default)
2023-09-01 02:13:28,006 [s1-groupManagement] INFO  server.RaftServerConfigKeys (ConfUtils.java:logGet(46)) - raft.server.rpc.request.timeout = 3000ms (default)
2023-09-01 02:13:28,006 [s1-groupManagement] INFO  server.RaftServerConfigKeys (ConfUtils.java:logGet(46)) - raft.server.log.appender.install.snapshot.enabled = true (default)
2023-09-01 02:13:28,006 [s1-groupManagement] INFO  server.RaftServerConfigKeys (ConfUtils.java:logGet(46)) - raft.server.threadpool.server.cached = true (default)
2023-09-01 02:13:28,006 [s1-groupManagement] INFO  server.RaftServerConfigKeys (ConfUtils.java:logGet(46)) - raft.server.threadpool.server.size = 0 (default)
2023-09-01 02:13:28,006 [s1-groupManagement] INFO  server.RaftServerConfigKeys (ConfUtils.java:logGet(46)) - raft.server.threadpool.client.cached = true (default)
2023-09-01 02:13:28,006 [s1-groupManagement] INFO  server.RaftServerConfigKeys (ConfUtils.java:logGet(46)) - raft.server.threadpool.client.size = 0 (default)
2023-09-01 02:13:28,007 [Time-limited test] INFO  server.RaftServer (ConfUtils.java:logGet(46)) - raft.rpc.type = GRPC (default)
2023-09-01 02:13:28,007 [Time-limited test] INFO  grpc.GrpcConfigKeys (ConfUtils.java:logFallback(53)) - raft.grpc.admin.host = null (fallback to raft.grpc.server.host)
2023-09-01 02:13:28,007 [Time-limited test] INFO  grpc.GrpcConfigKeys (ConfUtils.java:logFallback(53)) - raft.grpc.admin.port = 43093 (fallback to raft.grpc.server.port)
2023-09-01 02:13:28,007 [Time-limited test] INFO  grpc.GrpcConfigKeys (ConfUtils.java:logFallback(53)) - raft.grpc.client.host = null (fallback to raft.grpc.server.host)
2023-09-01 02:13:28,007 [Time-limited test] INFO  grpc.GrpcConfigKeys (ConfUtils.java:logFallback(53)) - raft.grpc.client.port = 43093 (fallback to raft.grpc.server.port)
2023-09-01 02:13:28,007 [Time-limited test] INFO  grpc.GrpcConfigKeys (ConfUtils.java:logGet(46)) - raft.grpc.server.host = null (default)
2023-09-01 02:13:28,007 [Time-limited test] INFO  grpc.GrpcConfigKeys (ConfUtils.java:logGet(46)) - raft.grpc.server.port = 43093 (custom)
2023-09-01 02:13:28,007 [Time-limited test] INFO  server.GrpcService (ConfUtils.java:logGet(46)) - raft.grpc.message.size.max = 64MB (=67108864) (default)
2023-09-01 02:13:28,007 [Time-limited test] INFO  server.RaftServerConfigKeys (ConfUtils.java:logGet(46)) - raft.server.log.appender.buffer.byte-limit = 4MB (=4194304) (default)
2023-09-01 02:13:28,007 [Time-limited test] INFO  server.GrpcService (ConfUtils.java:logGet(46)) - raft.grpc.flow.control.window = 1MB (=1048576) (default)
2023-09-01 02:13:28,007 [Time-limited test] INFO  server.RaftServerConfigKeys (ConfUtils.java:logGet(46)) - raft.server.rpc.request.timeout = 3000ms (default)
2023-09-01 02:13:28,007 [Time-limited test] INFO  grpc.GrpcConfigKeys (ConfUtils.java:logGet(46)) - raft.grpc.server.heartbeat.channel = true (default)
2023-09-01 02:13:28,007 [Time-limited test] INFO  grpc.GrpcConfigKeys (ConfUtils.java:logGet(46)) - raft.grpc.server.async.request.thread.pool.cached = true (default)
2023-09-01 02:13:28,008 [Time-limited test] INFO  grpc.GrpcConfigKeys (ConfUtils.java:logGet(46)) - raft.grpc.server.async.request.thread.pool.size = 32 (default)
2023-09-01 02:13:28,008 [Time-limited test] INFO  impl.DataStreamServerImpl (ConfUtils.java:logGet(46)) - raft.datastream.type = DISABLED (default)
2023-09-01 02:13:28,008 [Time-limited test] INFO  server.RaftServerConfigKeys (ConfUtils.java:logGet(46)) - raft.server.threadpool.proxy.cached = true (default)
2023-09-01 02:13:28,008 [Time-limited test] INFO  server.RaftServerConfigKeys (ConfUtils.java:logGet(46)) - raft.server.threadpool.proxy.size = 0 (default)
2023-09-01 02:13:28,008 [Time-limited test] INFO  server.RaftServerConfigKeys (ConfUtils.java:logGet(46)) - raft.server.sleep.deviation.threshold = 300ms (default)
2023-09-01 02:13:28,008 [Time-limited test] INFO  server.RaftServerConfigKeys (ConfUtils.java:logGet(46)) - raft.server.rpc.slowness.timeout = 60s (default)
2023-09-01 02:13:28,008 [Time-limited test] INFO  server.RaftServerConfigKeys (ConfUtils.java:logGet(46)) - raft.server.leaderelection.leader.step-down.wait-time = 10s (default)
2023-09-01 02:13:28,008 [Time-limited test] INFO  server.RaftServerConfigKeys (ConfUtils.java:logGet(46)) - raft.server.storage.dir = [/home/runner/work/ratis/ratis/ratis-test/target/test/data/1f94b248/MiniRaftClusterWithGrpc6a48d149/s2] (custom)
2023-09-01 02:13:28,012 [Time-limited test] INFO  server.RaftServer (RaftServerProxy.java:addNew(99)) - s2: addNew group-79E75C7987F5:[] returns group-79E75C7987F5:java.util.concurrent.CompletableFuture@43b98b6[Not completed]
2023-09-01 02:13:28,012 [s1-impl-thread1] INFO  server.RaftServerConfigKeys (ConfUtils.java:logGet(46)) - raft.server.storage.free-space.min = 0MB (=0) (default)
2023-09-01 02:13:28,012 [s1-impl-thread1] INFO  server.RaftServerConfigKeys (ConfUtils.java:logGet(46)) - raft.server.log.corruption.policy = EXCEPTION (default)
2023-09-01 02:13:28,013 [s1-impl-thread1] INFO  server.RaftServerConfigKeys (ConfUtils.java:logGet(46)) - raft.server.storage.dir = [/home/runner/work/ratis/ratis/ratis-test/target/test/data/1f94b248/MiniRaftClusterWithGrpc6a48d149/s1] (custom)
2023-09-01 02:13:28,013 [s1-impl-thread1] INFO  storage.RaftStorageDirectory (RaftStorageDirectoryImpl.java:analyzeStorage(138)) - The storage directory /home/runner/work/ratis/ratis/ratis-test/target/test/data/1f94b248/MiniRaftClusterWithGrpc6a48d149/s1/5d568d59-1c4d-41a6-bf6a-79e75c7987f5 does not exist. Creating ...
2023-09-01 02:13:28,013 [s1-impl-thread1] TRACE util.FileUtils (LogUtils.java:runAndLog(49)) - Successfully ran Files.createDirectories /home/runner/work/ratis/ratis/ratis-test/target/test/data/1f94b248/MiniRaftClusterWithGrpc6a48d149/s1/5d568d59-1c4d-41a6-bf6a-79e75c7987f5
2023-09-01 02:13:28,013 [s2-groupManagement] INFO  server.RaftServerConfigKeys (ConfUtils.java:logGet(46)) - raft.server.log.segment.size.max = 8MB (=8388608) (default)
2023-09-01 02:13:28,014 [s2-groupManagement] INFO  server.RaftServerConfigKeys (ConfUtils.java:logGet(46)) - raft.server.log.preallocated.size = 4MB (=4194304) (default)
2023-09-01 02:13:28,014 [s2-groupManagement] INFO  server.RaftServerConfigKeys (ConfUtils.java:logGet(46)) - raft.server.log.write.buffer.size = 64KB (=65536) (default)
2023-09-01 02:13:28,014 [s2-groupManagement] INFO  server.RaftServer$Division (RaftServerImpl.java:<init>(250)) - s2: new RaftServerImpl for group-79E75C7987F5:[] with StateMachineWithMultiNestedSnapshotFile:uninitialized
2023-09-01 02:13:28,014 [s2-groupManagement] INFO  server.RaftServerConfigKeys (ConfUtils.java:logGet(46)) - raft.server.rpc.timeout.min = 150ms (default)
2023-09-01 02:13:28,014 [s2-groupManagement] INFO  server.RaftServerConfigKeys (ConfUtils.java:logGet(46)) - raft.server.rpc.timeout.max = 300ms (default)
2023-09-01 02:13:28,014 [s2-groupManagement] INFO  server.RaftServerConfigKeys (ConfUtils.java:logGet(46)) - raft.server.rpc.sleep.time = 25ms (default)
2023-09-01 02:13:28,014 [s2-groupManagement] INFO  server.RaftServerConfigKeys (ConfUtils.java:logGet(46)) - raft.server.rpc.slowness.timeout = 60s (default)
2023-09-01 02:13:28,014 [s2-groupManagement] INFO  server.RaftServerConfigKeys (ConfUtils.java:logGet(46)) - raft.server.leaderelection.leader.step-down.wait-time = 10s (default)
2023-09-01 02:13:28,014 [s2-groupManagement] INFO  server.RaftServerConfigKeys (ConfUtils.java:logGet(46)) - raft.server.sleep.deviation.threshold = 300ms (default)
2023-09-01 02:13:28,014 [s1-impl-thread1] INFO  storage.RaftStorageDirectory (RaftStorageDirectoryImpl.java:tryLock(232)) - Lock on /home/runner/work/ratis/ratis/ratis-test/target/test/data/1f94b248/MiniRaftClusterWithGrpc6a48d149/s1/5d568d59-1c4d-41a6-bf6a-79e75c7987f5/in_use.lock acquired by nodename 15545@fv-az41-939
2023-09-01 02:13:28,014 [s1-impl-thread1] TRACE util.FileUtils (LogUtils.java:runAndLog(49)) - Successfully ran Files.createDirectories /home/runner/work/ratis/ratis/ratis-test/target/test/data/1f94b248/MiniRaftClusterWithGrpc6a48d149/s1/5d568d59-1c4d-41a6-bf6a-79e75c7987f5/current
2023-09-01 02:13:28,014 [s1-impl-thread1] TRACE util.FileUtils (LogUtils.java:runAndLog(49)) - Successfully ran Files.createDirectories /home/runner/work/ratis/ratis/ratis-test/target/test/data/1f94b248/MiniRaftClusterWithGrpc6a48d149/s1/5d568d59-1c4d-41a6-bf6a-79e75c7987f5/sm
2023-09-01 02:13:28,014 [s2-groupManagement] INFO  server.RaftServer$Division (ServerState.java:<init>(113)) - s2@group-79E75C7987F5: ConfigurationManager, init=-1: peers:[]|listeners:[], old=null, confs=<EMPTY_MAP>
2023-09-01 02:13:28,015 [s2-groupManagement] INFO  server.RaftServerConfigKeys (ConfUtils.java:logGet(46)) - raft.server.notification.no-leader.timeout = 60s (default)
2023-09-01 02:13:28,015 [s2-groupManagement] INFO  server.RaftServerConfigKeys (ConfUtils.java:logGet(46)) - raft.server.read.timeout = 10s (default)
2023-09-01 02:13:28,015 [s2-groupManagement] INFO  server.RaftServerConfigKeys (ConfUtils.java:logGet(46)) - raft.server.retrycache.expirytime = 60s (default)
2023-09-01 02:13:28,015 [s2-groupManagement] INFO  server.RaftServerConfigKeys (ConfUtils.java:logGet(46)) - raft.server.retrycache.statistics.expirytime = 100μs (default)
2023-09-01 02:13:28,015 [s1-impl-thread1] INFO  storage.RaftStorage (RaftStorageImpl.java:format(97)) - Storage directory /home/runner/work/ratis/ratis/ratis-test/target/test/data/1f94b248/MiniRaftClusterWithGrpc6a48d149/s1/5d568d59-1c4d-41a6-bf6a-79e75c7987f5 has been successfully formatted.
2023-09-01 02:13:28,015 [s1-impl-thread1] INFO  impl.SimpleStateMachine4Testing (SimpleStateMachine4Testing.java:initialize(213)) - Initializing StateMachineWithMultiNestedSnapshotFile:uninitialized
2023-09-01 02:13:28,015 [s1-impl-thread1] INFO  impl.SimpleStateMachine4Testing (SimpleStateMachine4Testing.java:loadSnapshot(293)) - Loading snapshot null
2023-09-01 02:13:28,015 [s1-impl-thread1] INFO  server.RaftServerConfigKeys (ConfUtils.java:logGet(46)) - raft.server.log.use.memory = false (default)
2023-09-01 02:13:28,015 [s1-impl-thread1] INFO  server.RaftServerConfigKeys (ConfUtils.java:logGet(46)) - raft.server.log.purge.gap = 8 (custom)
2023-09-01 02:13:28,015 [s1-impl-thread1] INFO  server.RaftServerConfigKeys (ConfUtils.java:logGet(46)) - raft.server.log.appender.buffer.byte-limit = 4MB (=4194304) (default)
2023-09-01 02:13:28,015 [s1-impl-thread1] INFO  server.RaftServerConfigKeys (ConfUtils.java:logGet(46)) - raft.server.log.statemachine.data.read.timeout = 1000ms (default)
2023-09-01 02:13:28,016 [s1-impl-thread1] INFO  server.RaftServerConfigKeys (ConfUtils.java:logGet(46)) - raft.server.log.purge.preservation.log.num = 0 (default)
2023-09-01 02:13:28,016 [s1-impl-thread1] INFO  server.RaftServerConfigKeys (ConfUtils.java:logGet(46)) - raft.server.log.segment.size.max = 8MB (=8388608) (default)
2023-09-01 02:13:28,016 [s1-impl-thread1] INFO  server.RaftServerConfigKeys (ConfUtils.java:logGet(46)) - raft.server.log.segment.cache.num.max = 6 (default)
2023-09-01 02:13:28,016 [s1-impl-thread1] INFO  server.RaftServerConfigKeys (ConfUtils.java:logGet(46)) - raft.server.log.segment.cache.size.max = 200MB (=209715200) (default)
2023-09-01 02:13:28,016 [s1-impl-thread1] INFO  server.RaftServerConfigKeys (ConfUtils.java:logGet(46)) - raft.server.log.appender.buffer.byte-limit = 4MB (=4194304) (default)
2023-09-01 02:13:28,016 [s1-impl-thread1] INFO  segmented.SegmentedRaftLogWorker (SegmentedRaftLogWorker.java:<init>(183)) - new s1@group-79E75C7987F5-SegmentedRaftLogWorker for RaftStorageImpl:Storage Directory /home/runner/work/ratis/ratis/ratis-test/target/test/data/1f94b248/MiniRaftClusterWithGrpc6a48d149/s1/5d568d59-1c4d-41a6-bf6a-79e75c7987f5
2023-09-01 02:13:28,016 [s1-impl-thread1] INFO  server.RaftServerConfigKeys (ConfUtils.java:logGet(46)) - raft.server.log.queue.byte-limit = 64MB (=67108864) (default)
2023-09-01 02:13:28,016 [s1-impl-thread1] INFO  server.RaftServerConfigKeys (ConfUtils.java:logGet(46)) - raft.server.log.queue.element-limit = 4096 (default)
2023-09-01 02:13:28,016 [s1-impl-thread1] INFO  server.RaftServerConfigKeys (ConfUtils.java:logGet(46)) - raft.server.log.segment.size.max = 8MB (=8388608) (default)
2023-09-01 02:13:28,016 [s1-impl-thread1] INFO  server.RaftServerConfigKeys (ConfUtils.java:logGet(46)) - raft.server.log.preallocated.size = 4MB (=4194304) (default)
2023-09-01 02:13:28,016 [s1-impl-thread1] INFO  server.RaftServerConfigKeys (ConfUtils.java:logGet(46)) - raft.server.log.force.sync.num = 128 (default)
2023-09-01 02:13:28,016 [s1-impl-thread1] INFO  server.RaftServerConfigKeys (ConfUtils.java:logGet(46)) - raft.server.log.statemachine.data.sync = true (default)
2023-09-01 02:13:28,016 [s1-impl-thread1] INFO  server.RaftServerConfigKeys (ConfUtils.java:logGet(46)) - raft.server.log.statemachine.data.sync.timeout = 10s (default)
2023-09-01 02:13:28,016 [s1-impl-thread1] INFO  server.RaftServerConfigKeys (ConfUtils.java:logGet(46)) - raft.server.log.statemachine.data.sync.timeout.retry = -1 (default)
2023-09-01 02:13:28,017 [s1-impl-thread1] INFO  server.RaftServerConfigKeys (ConfUtils.java:logGet(46)) - raft.server.log.write.buffer.size = 64KB (=65536) (default)
2023-09-01 02:13:28,017 [s1-impl-thread1] INFO  server.RaftServerConfigKeys (ConfUtils.java:logGet(46)) - raft.server.log.appender.buffer.byte-limit = 4MB (=4194304) (default)
2023-09-01 02:13:28,017 [s1-impl-thread1] INFO  server.RaftServerConfigKeys (ConfUtils.java:logGet(46)) - raft.server.log.unsafe-flush.enabled = false (default)
2023-09-01 02:13:28,017 [s1-impl-thread1] INFO  server.RaftServerConfigKeys (ConfUtils.java:logGet(46)) - raft.server.log.async-flush.enabled = false (default)
2023-09-01 02:13:28,017 [s1-impl-thread1] INFO  server.RaftServerConfigKeys (ConfUtils.java:logGet(46)) - raft.server.log.statemachine.data.caching.enabled = false (default)
2023-09-01 02:13:28,017 [s1-impl-thread1] INFO  segmented.SegmentedRaftLogWorker (SegmentedRaftLogWorker.java:lambda$new$0(134)) - s1@group-79E75C7987F5-SegmentedRaftLogWorker: flushIndex: setUnconditionally 0 -> -1
2023-09-01 02:13:28,017 [s1-impl-thread1] INFO  segmented.SegmentedRaftLogWorker (SegmentedRaftLogWorker.java:lambda$new$0(134)) - s1@group-79E75C7987F5-SegmentedRaftLogWorker: safeCacheEvictIndex: setUnconditionally 0 -> -1
2023-09-01 02:13:28,019 [s2-groupManagement] INFO  server.RaftServerConfigKeys (ConfUtils.java:logGet(46)) - raft.server.read.option = DEFAULT (default)
2023-09-01 02:13:28,020 [s2-groupManagement] INFO  server.RaftServerConfigKeys (ConfUtils.java:logGet(46)) - raft.server.rpc.request.timeout = 3000ms (default)
2023-09-01 02:13:28,020 [s2-groupManagement] INFO  server.RaftServerConfigKeys (ConfUtils.java:logGet(46)) - raft.server.log.appender.install.snapshot.enabled = true (default)
2023-09-01 02:13:28,020 [s2-groupManagement] INFO  server.RaftServerConfigKeys (ConfUtils.java:logGet(46)) - raft.server.threadpool.server.cached = true (default)
2023-09-01 02:13:28,020 [s2-groupManagement] INFO  server.RaftServerConfigKeys (ConfUtils.java:logGet(46)) - raft.server.threadpool.server.size = 0 (default)
2023-09-01 02:13:28,020 [s2-groupManagement] INFO  server.RaftServerConfigKeys (ConfUtils.java:logGet(46)) - raft.server.threadpool.client.cached = true (default)
2023-09-01 02:13:28,020 [s2-groupManagement] INFO  server.RaftServerConfigKeys (ConfUtils.java:logGet(46)) - raft.server.threadpool.client.size = 0 (default)
2023-09-01 02:13:28,022 [s1-impl-thread1] INFO  server.RaftServer$Division (RaftServerImpl.java:start(390)) - s1@group-79E75C7987F5: start with initializing state, conf=-1: peers:[]|listeners:[], old=null
2023-09-01 02:13:28,022 [s1-impl-thread1] INFO  server.RaftServer$Division (RaftServerImpl.java:setRole(371)) - s1@group-79E75C7987F5: changes role from      null to FOLLOWER at term 0 for startInitializing
2023-09-01 02:13:28,022 [s1-impl-thread1] INFO  util.JmxRegister (JmxRegister.java:tryRegister(44)) - Successfully registered JMX Bean with object name Ratis:service=RaftServer,group=group-79E75C7987F5,id=s1
2023-09-01 02:13:28,022 [s1-impl-thread1] INFO  server.RaftServerConfigKeys (ConfUtils.java:logGet(46)) - raft.server.snapshot.trigger-when-stop.enabled = true (default)
2023-09-01 02:13:28,022 [s1-impl-thread1] INFO  server.RaftServerConfigKeys (ConfUtils.java:logGet(46)) - raft.server.snapshot.auto.trigger.enabled = true (custom)
2023-09-01 02:13:28,022 [s1-impl-thread1] INFO  server.RaftServerConfigKeys (ConfUtils.java:logGet(46)) - raft.server.snapshot.auto.trigger.threshold = 64 (custom)
2023-09-01 02:13:28,022 [s1-impl-thread1] INFO  server.RaftServerConfigKeys (ConfUtils.java:logGet(46)) - raft.server.snapshot.retention.file.num = -1 (default)
2023-09-01 02:13:28,022 [s1-impl-thread1] INFO  server.RaftServerConfigKeys (ConfUtils.java:logGet(46)) - raft.server.log.purge.upto.snapshot.index = false (default)
2023-09-01 02:13:28,023 [Time-limited test] INFO  server.RaftServer (RaftServerProxy.java:startImpl(404)) - s1: start RPC server
2023-09-01 02:13:28,023 [Time-limited test] INFO  server.GrpcService (GrpcService.java:startImpl(302)) - s1: GrpcService started, listening on 34359
2023-09-01 02:13:28,024 [JvmPauseMonitor7] INFO  util.JvmPauseMonitor (JvmPauseMonitor.java:run(146)) - JvmPauseMonitor-s1: Started
2023-09-01 02:13:28,024 [s2-impl-thread1] INFO  server.RaftServerConfigKeys (ConfUtils.java:logGet(46)) - raft.server.storage.free-space.min = 0MB (=0) (default)
2023-09-01 02:13:28,024 [s2-impl-thread1] INFO  server.RaftServerConfigKeys (ConfUtils.java:logGet(46)) - raft.server.log.corruption.policy = EXCEPTION (default)
2023-09-01 02:13:28,024 [s2-impl-thread1] INFO  server.RaftServerConfigKeys (ConfUtils.java:logGet(46)) - raft.server.storage.dir = [/home/runner/work/ratis/ratis/ratis-test/target/test/data/1f94b248/MiniRaftClusterWithGrpc6a48d149/s2] (custom)
2023-09-01 02:13:28,024 [s2-impl-thread1] INFO  storage.RaftStorageDirectory (RaftStorageDirectoryImpl.java:analyzeStorage(138)) - The storage directory /home/runner/work/ratis/ratis/ratis-test/target/test/data/1f94b248/MiniRaftClusterWithGrpc6a48d149/s2/5d568d59-1c4d-41a6-bf6a-79e75c7987f5 does not exist. Creating ...
2023-09-01 02:13:28,024 [s2-impl-thread1] TRACE util.FileUtils (LogUtils.java:runAndLog(49)) - Successfully ran Files.createDirectories /home/runner/work/ratis/ratis/ratis-test/target/test/data/1f94b248/MiniRaftClusterWithGrpc6a48d149/s2/5d568d59-1c4d-41a6-bf6a-79e75c7987f5
2023-09-01 02:13:28,025 [s2-impl-thread1] INFO  storage.RaftStorageDirectory (RaftStorageDirectoryImpl.java:tryLock(232)) - Lock on /home/runner/work/ratis/ratis/ratis-test/target/test/data/1f94b248/MiniRaftClusterWithGrpc6a48d149/s2/5d568d59-1c4d-41a6-bf6a-79e75c7987f5/in_use.lock acquired by nodename 15545@fv-az41-939
2023-09-01 02:13:28,025 [s2-impl-thread1] TRACE util.FileUtils (LogUtils.java:runAndLog(49)) - Successfully ran Files.createDirectories /home/runner/work/ratis/ratis/ratis-test/target/test/data/1f94b248/MiniRaftClusterWithGrpc6a48d149/s2/5d568d59-1c4d-41a6-bf6a-79e75c7987f5/current
2023-09-01 02:13:28,025 [s2-impl-thread1] TRACE util.FileUtils (LogUtils.java:runAndLog(49)) - Successfully ran Files.createDirectories /home/runner/work/ratis/ratis/ratis-test/target/test/data/1f94b248/MiniRaftClusterWithGrpc6a48d149/s2/5d568d59-1c4d-41a6-bf6a-79e75c7987f5/sm
2023-09-01 02:13:28,026 [s2-impl-thread1] INFO  storage.RaftStorage (RaftStorageImpl.java:format(97)) - Storage directory /home/runner/work/ratis/ratis/ratis-test/target/test/data/1f94b248/MiniRaftClusterWithGrpc6a48d149/s2/5d568d59-1c4d-41a6-bf6a-79e75c7987f5 has been successfully formatted.
2023-09-01 02:13:28,026 [s2-impl-thread1] INFO  impl.SimpleStateMachine4Testing (SimpleStateMachine4Testing.java:initialize(213)) - Initializing StateMachineWithMultiNestedSnapshotFile:uninitialized
2023-09-01 02:13:28,026 [s2-impl-thread1] INFO  impl.SimpleStateMachine4Testing (SimpleStateMachine4Testing.java:loadSnapshot(293)) - Loading snapshot null
2023-09-01 02:13:28,026 [s2-impl-thread1] INFO  server.RaftServerConfigKeys (ConfUtils.java:logGet(46)) - raft.server.log.use.memory = false (default)
2023-09-01 02:13:28,026 [s2-impl-thread1] INFO  server.RaftServerConfigKeys (ConfUtils.java:logGet(46)) - raft.server.log.purge.gap = 8 (custom)
2023-09-01 02:13:28,026 [s2-impl-thread1] INFO  server.RaftServerConfigKeys (ConfUtils.java:logGet(46)) - raft.server.log.appender.buffer.byte-limit = 4MB (=4194304) (default)
2023-09-01 02:13:28,027 [s2-impl-thread1] INFO  server.RaftServerConfigKeys (ConfUtils.java:logGet(46)) - raft.server.log.statemachine.data.read.timeout = 1000ms (default)
2023-09-01 02:13:28,027 [s2-impl-thread1] INFO  server.RaftServerConfigKeys (ConfUtils.java:logGet(46)) - raft.server.log.purge.preservation.log.num = 0 (default)
2023-09-01 02:13:28,027 [s2-impl-thread1] INFO  server.RaftServerConfigKeys (ConfUtils.java:logGet(46)) - raft.server.log.segment.size.max = 8MB (=8388608) (default)
2023-09-01 02:13:28,027 [s2-impl-thread1] INFO  server.RaftServerConfigKeys (ConfUtils.java:logGet(46)) - raft.server.log.segment.cache.num.max = 6 (default)
2023-09-01 02:13:28,027 [s2-impl-thread1] INFO  server.RaftServerConfigKeys (ConfUtils.java:logGet(46)) - raft.server.log.segment.cache.size.max = 200MB (=209715200) (default)
2023-09-01 02:13:28,027 [s2-impl-thread1] INFO  server.RaftServerConfigKeys (ConfUtils.java:logGet(46)) - raft.server.log.appender.buffer.byte-limit = 4MB (=4194304) (default)
2023-09-01 02:13:28,027 [s2-impl-thread1] INFO  segmented.SegmentedRaftLogWorker (SegmentedRaftLogWorker.java:<init>(183)) - new s2@group-79E75C7987F5-SegmentedRaftLogWorker for RaftStorageImpl:Storage Directory /home/runner/work/ratis/ratis/ratis-test/target/test/data/1f94b248/MiniRaftClusterWithGrpc6a48d149/s2/5d568d59-1c4d-41a6-bf6a-79e75c7987f5
2023-09-01 02:13:28,027 [s2-impl-thread1] INFO  server.RaftServerConfigKeys (ConfUtils.java:logGet(46)) - raft.server.log.queue.byte-limit = 64MB (=67108864) (default)
2023-09-01 02:13:28,027 [s2-impl-thread1] INFO  server.RaftServerConfigKeys (ConfUtils.java:logGet(46)) - raft.server.log.queue.element-limit = 4096 (default)
2023-09-01 02:13:28,027 [s2-impl-thread1] INFO  server.RaftServerConfigKeys (ConfUtils.java:logGet(46)) - raft.server.log.segment.size.max = 8MB (=8388608) (default)
2023-09-01 02:13:28,027 [s2-impl-thread1] INFO  server.RaftServerConfigKeys (ConfUtils.java:logGet(46)) - raft.server.log.preallocated.size = 4MB (=4194304) (default)
2023-09-01 02:13:28,027 [s2-impl-thread1] INFO  server.RaftServerConfigKeys (ConfUtils.java:logGet(46)) - raft.server.log.force.sync.num = 128 (default)
2023-09-01 02:13:28,027 [s2-impl-thread1] INFO  server.RaftServerConfigKeys (ConfUtils.java:logGet(46)) - raft.server.log.statemachine.data.sync = true (default)
2023-09-01 02:13:28,027 [s2-impl-thread1] INFO  server.RaftServerConfigKeys (ConfUtils.java:logGet(46)) - raft.server.log.statemachine.data.sync.timeout = 10s (default)
2023-09-01 02:13:28,027 [s2-impl-thread1] INFO  server.RaftServerConfigKeys (ConfUtils.java:logGet(46)) - raft.server.log.statemachine.data.sync.timeout.retry = -1 (default)
2023-09-01 02:13:28,027 [s2-impl-thread1] INFO  server.RaftServerConfigKeys (ConfUtils.java:logGet(46)) - raft.server.log.write.buffer.size = 64KB (=65536) (default)
2023-09-01 02:13:28,028 [s2-impl-thread1] INFO  server.RaftServerConfigKeys (ConfUtils.java:logGet(46)) - raft.server.log.appender.buffer.byte-limit = 4MB (=4194304) (default)
2023-09-01 02:13:28,028 [s2-impl-thread1] INFO  server.RaftServerConfigKeys (ConfUtils.java:logGet(46)) - raft.server.log.unsafe-flush.enabled = false (default)
2023-09-01 02:13:28,028 [s2-impl-thread1] INFO  server.RaftServerConfigKeys (ConfUtils.java:logGet(46)) - raft.server.log.async-flush.enabled = false (default)
2023-09-01 02:13:28,028 [s2-impl-thread1] INFO  server.RaftServerConfigKeys (ConfUtils.java:logGet(46)) - raft.server.log.statemachine.data.caching.enabled = false (default)
2023-09-01 02:13:28,034 [s2-impl-thread1] INFO  segmented.SegmentedRaftLogWorker (SegmentedRaftLogWorker.java:lambda$new$0(134)) - s2@group-79E75C7987F5-SegmentedRaftLogWorker: flushIndex: setUnconditionally 0 -> -1
2023-09-01 02:13:28,034 [s2-impl-thread1] INFO  segmented.SegmentedRaftLogWorker (SegmentedRaftLogWorker.java:lambda$new$0(134)) - s2@group-79E75C7987F5-SegmentedRaftLogWorker: safeCacheEvictIndex: setUnconditionally 0 -> -1
2023-09-01 02:13:28,034 [s2-impl-thread1] INFO  server.RaftServer$Division (RaftServerImpl.java:start(390)) - s2@group-79E75C7987F5: start with initializing state, conf=-1: peers:[]|listeners:[], old=null
2023-09-01 02:13:28,034 [s2-impl-thread1] INFO  server.RaftServer$Division (RaftServerImpl.java:setRole(371)) - s2@group-79E75C7987F5: changes role from      null to FOLLOWER at term 0 for startInitializing
2023-09-01 02:13:28,034 [s2-impl-thread1] INFO  util.JmxRegister (JmxRegister.java:tryRegister(44)) - Successfully registered JMX Bean with object name Ratis:service=RaftServer,group=group-79E75C7987F5,id=s2
2023-09-01 02:13:28,034 [s2-impl-thread1] INFO  server.RaftServerConfigKeys (ConfUtils.java:logGet(46)) - raft.server.snapshot.trigger-when-stop.enabled = true (default)
2023-09-01 02:13:28,034 [s2-impl-thread1] INFO  server.RaftServerConfigKeys (ConfUtils.java:logGet(46)) - raft.server.snapshot.auto.trigger.enabled = true (custom)
2023-09-01 02:13:28,034 [s2-impl-thread1] INFO  server.RaftServerConfigKeys (ConfUtils.java:logGet(46)) - raft.server.snapshot.auto.trigger.threshold = 64 (custom)
2023-09-01 02:13:28,034 [s2-impl-thread1] INFO  server.RaftServerConfigKeys (ConfUtils.java:logGet(46)) - raft.server.snapshot.retention.file.num = -1 (default)
2023-09-01 02:13:28,034 [s2-impl-thread1] INFO  server.RaftServerConfigKeys (ConfUtils.java:logGet(46)) - raft.server.log.purge.upto.snapshot.index = false (default)
2023-09-01 02:13:28,036 [Time-limited test] INFO  server.RaftServer (RaftServerProxy.java:startImpl(404)) - s2: start RPC server
2023-09-01 02:13:28,037 [Time-limited test] INFO  server.GrpcService (GrpcService.java:startImpl(302)) - s2: GrpcService started, listening on 43093
2023-09-01 02:13:28,039 [JvmPauseMonitor8] INFO  util.JvmPauseMonitor (JvmPauseMonitor.java:run(146)) - JvmPauseMonitor-s2: Started
2023-09-01 02:13:28,039 [Time-limited test] INFO  impl.MiniRaftCluster (MiniRaftCluster.java:setConfiguration(819)) - Start changing the configuration: [s1|rpc:0.0.0.0:34359|priority:0|startupRole:FOLLOWER, s2|rpc:0.0.0.0:43093|priority:0|startupRole:FOLLOWER, s0|rpc:localhost:44295|admin:localhost:38859|client:localhost:46071|dataStream:localhost:36715|priority:0|startupRole:FOLLOWER]
2023-09-01 02:13:28,045 [s0-server-thread1] INFO  server.RaftServer$Division (RaftServerImpl.java:setConfigurationAsync(1237)) - s0@group-79E75C7987F5: receive setConfiguration SetConfigurationRequest:client-A7E31169350B->s0@group-79E75C7987F5, cid=386, seq=0, RW, null, SET_UNCONDITIONALLY, servers:[s1|rpc:0.0.0.0:34359|dataStream:|priority:0|startupRole:FOLLOWER, s2|rpc:0.0.0.0:43093|dataStream:|priority:0|startupRole:FOLLOWER, s0|rpc:localhost:44295|admin:localhost:38859|client:localhost:46071|dataStream:localhost:36715|priority:0|startupRole:FOLLOWER], listeners:[]
2023-09-01 02:13:28,045 [s0-server-thread1] INFO  server.RaftServer$Division (LeaderStateImpl.java:startSetConfiguration(471)) - s0@group-79E75C7987F5-LeaderStateImpl: startSetConfiguration SetConfigurationRequest:client-A7E31169350B->s0@group-79E75C7987F5, cid=386, seq=0, RW, null, SET_UNCONDITIONALLY, servers:[s1|rpc:0.0.0.0:34359|dataStream:|priority:0|startupRole:FOLLOWER, s2|rpc:0.0.0.0:43093|dataStream:|priority:0|startupRole:FOLLOWER, s0|rpc:localhost:44295|admin:localhost:38859|client:localhost:46071|dataStream:localhost:36715|priority:0|startupRole:FOLLOWER], listeners:[]
2023-09-01 02:13:28,045 [s0-server-thread1] INFO  server.RaftServerConfigKeys (ConfUtils.java:logGet(46)) - raft.server.log.appender.snapshot.chunk.size.max = 1k (=1024) (custom)
2023-09-01 02:13:28,045 [s0-server-thread1] INFO  server.RaftServerConfigKeys (ConfUtils.java:logGet(46)) - raft.server.log.appender.buffer.byte-limit = 4MB (=4194304) (default)
2023-09-01 02:13:28,045 [s0-server-thread1] INFO  server.RaftServerConfigKeys (ConfUtils.java:logGet(46)) - raft.server.log.appender.buffer.element-limit = 0 (default)
2023-09-01 02:13:28,045 [s0-server-thread1] INFO  server.RaftServerConfigKeys (ConfUtils.java:logGet(46)) - raft.server.log.appender.wait-time.min = 10ms (default)
2023-09-01 02:13:28,045 [s0-server-thread1] INFO  grpc.GrpcConfigKeys (ConfUtils.java:logGet(46)) - raft.grpc.server.leader.outstanding.appends.max = 128 (default)
2023-09-01 02:13:28,045 [s0-server-thread1] INFO  server.RaftServerConfigKeys (ConfUtils.java:logGet(46)) - raft.server.rpc.request.timeout = 3000ms (default)
2023-09-01 02:13:28,045 [s0-server-thread1] INFO  grpc.GrpcConfigKeys (ConfUtils.java:logGet(46)) - raft.grpc.server.install_snapshot.request.element-limit = 8 (default)
2023-09-01 02:13:28,045 [s0-server-thread1] INFO  grpc.GrpcConfigKeys (ConfUtils.java:logGet(46)) - raft.grpc.server.install_snapshot.request.timeout = 3000ms (default)
2023-09-01 02:13:28,045 [s0-server-thread1] INFO  server.RaftServerConfigKeys (ConfUtils.java:logGet(46)) - raft.server.log.appender.install.snapshot.enabled = true (default)
2023-09-01 02:13:28,045 [s0-server-thread1] INFO  grpc.GrpcConfigKeys (ConfUtils.java:logGet(46)) - raft.grpc.server.heartbeat.channel = true (default)
2023-09-01 02:13:28,046 [s0-server-thread1] INFO  server.RaftServerConfigKeys (ConfUtils.java:logGet(46)) - raft.server.log.appender.snapshot.chunk.size.max = 1k (=1024) (custom)
2023-09-01 02:13:28,046 [s0-server-thread1] INFO  server.RaftServerConfigKeys (ConfUtils.java:logGet(46)) - raft.server.log.appender.buffer.byte-limit = 4MB (=4194304) (default)
2023-09-01 02:13:28,046 [s0-server-thread1] INFO  server.RaftServerConfigKeys (ConfUtils.java:logGet(46)) - raft.server.log.appender.buffer.element-limit = 0 (default)
2023-09-01 02:13:28,046 [s0-server-thread1] INFO  server.RaftServerConfigKeys (ConfUtils.java:logGet(46)) - raft.server.log.appender.wait-time.min = 10ms (default)
2023-09-01 02:13:28,046 [s0-server-thread1] INFO  grpc.GrpcConfigKeys (ConfUtils.java:logGet(46)) - raft.grpc.server.leader.outstanding.appends.max = 128 (default)
2023-09-01 02:13:28,046 [s0-server-thread1] INFO  server.RaftServerConfigKeys (ConfUtils.java:logGet(46)) - raft.server.rpc.request.timeout = 3000ms (default)
2023-09-01 02:13:28,046 [s0-server-thread1] INFO  grpc.GrpcConfigKeys (ConfUtils.java:logGet(46)) - raft.grpc.server.install_snapshot.request.element-limit = 8 (default)
2023-09-01 02:13:28,046 [s0-server-thread1] INFO  grpc.GrpcConfigKeys (ConfUtils.java:logGet(46)) - raft.grpc.server.install_snapshot.request.timeout = 3000ms (default)
2023-09-01 02:13:28,046 [s0-server-thread1] INFO  server.RaftServerConfigKeys (ConfUtils.java:logGet(46)) - raft.server.log.appender.install.snapshot.enabled = true (default)
2023-09-01 02:13:28,046 [s0-server-thread1] INFO  grpc.GrpcConfigKeys (ConfUtils.java:logGet(46)) - raft.grpc.server.heartbeat.channel = true (default)
2023-09-01 02:13:28,046 [s0@group-79E75C7987F5->s1-GrpcLogAppender-LogAppenderDaemon] INFO  server.GrpcLogAppender (GrpcLogAppender.java:installSnapshot(640)) - s0@group-79E75C7987F5->s1-GrpcLogAppender: followerNextIndex = 0 but logStartIndex = 0, send snapshot FileListSnapshotInfo(t:1, i:191):[/home/runner/work/ratis/ratis/ratis-test/target/test/data/1f94b248/MiniRaftClusterWithGrpc6a48d149/s0/5d568d59-1c4d-41a6-bf6a-79e75c7987f5/sm/snapshot/1.bin, /home/runner/work/ratis/ratis/ratis-test/target/test/data/1f94b248/MiniRaftClusterWithGrpc6a48d149/s0/5d568d59-1c4d-41a6-bf6a-79e75c7987f5/sm/snapshot/sub/2.bin, /home/runner/work/ratis/ratis/ratis-test/target/test/data/1f94b248/MiniRaftClusterWithGrpc6a48d149/s0/5d568d59-1c4d-41a6-bf6a-79e75c7987f5/sm/snapshot.1_191] to follower
2023-09-01 02:13:28,050 [s0@group-79E75C7987F5->s1-GrpcLogAppender-LogAppenderDaemon] INFO  server.GrpcServerProtocolClient (GrpcServerProtocolClient.java:<init>(66)) - Build channel for s1
2023-09-01 02:13:28,052 [s0@group-79E75C7987F5->s2-GrpcLogAppender-LogAppenderDaemon] INFO  server.GrpcLogAppender (GrpcLogAppender.java:installSnapshot(640)) - s0@group-79E75C7987F5->s2-GrpcLogAppender: followerNextIndex = 0 but logStartIndex = 0, send snapshot FileListSnapshotInfo(t:1, i:191):[/home/runner/work/ratis/ratis/ratis-test/target/test/data/1f94b248/MiniRaftClusterWithGrpc6a48d149/s0/5d568d59-1c4d-41a6-bf6a-79e75c7987f5/sm/snapshot/1.bin, /home/runner/work/ratis/ratis/ratis-test/target/test/data/1f94b248/MiniRaftClusterWithGrpc6a48d149/s0/5d568d59-1c4d-41a6-bf6a-79e75c7987f5/sm/snapshot/sub/2.bin, /home/runner/work/ratis/ratis/ratis-test/target/test/data/1f94b248/MiniRaftClusterWithGrpc6a48d149/s0/5d568d59-1c4d-41a6-bf6a-79e75c7987f5/sm/snapshot.1_191] to follower
2023-09-01 02:13:28,053 [s0@group-79E75C7987F5->s2-GrpcLogAppender-LogAppenderDaemon] INFO  server.GrpcServerProtocolClient (GrpcServerProtocolClient.java:<init>(66)) - Build channel for s2
2023-09-01 02:13:28,056 [grpc-default-executor-3] INFO  impl.SnapshotInstallationHandler (SnapshotInstallationHandler.java:installSnapshot(89)) - s1@group-79E75C7987F5: receive installSnapshot: s0->s1#0-t1,chunk:d1806dfc-d878-4abd-ad7b-4cbe0127cc46,0
2023-09-01 02:13:28,058 [grpc-default-executor-3] INFO  server.RaftServer$Division (RaftServerImpl.java:setFirstElection(556)) - s1@group-79E75C7987F5: set firstElectionSinceStartup to false for installSnapshot
2023-09-01 02:13:28,058 [grpc-default-executor-3] INFO  server.RaftServer$Division (ServerState.java:setLeader(260)) - s1@group-79E75C7987F5: change Leader from null to s0 at term 1 for installSnapshot, leader elected after 53ms
2023-09-01 02:13:28,059 [grpc-default-executor-3] TRACE util.FileUtils (LogUtils.java:runAndLog(49)) - Successfully ran Files.createDirectories /home/runner/work/ratis/ratis/ratis-test/target/test/data/1f94b248/MiniRaftClusterWithGrpc6a48d149/s1/5d568d59-1c4d-41a6-bf6a-79e75c7987f5/tmp/snapshot-d1806dfc-d878-4abd-ad7b-4cbe0127cc46
2023-09-01 02:13:28,059 [grpc-default-executor-3] INFO  storage.SnapshotManager (SnapshotManager.java:installSnapshot(89)) - Installing snapshot:s0->s1#0-t1,chunk:d1806dfc-d878-4abd-ad7b-4cbe0127cc46,0, to tmp dir:/home/runner/work/ratis/ratis/ratis-test/target/test/data/1f94b248/MiniRaftClusterWithGrpc6a48d149/s1/5d568d59-1c4d-41a6-bf6a-79e75c7987f5/tmp/snapshot-d1806dfc-d878-4abd-ad7b-4cbe0127cc46
2023-09-01 02:13:28,059 [grpc-default-executor-3] TRACE util.FileUtils (LogUtils.java:runAndLog(49)) - Successfully ran Files.createDirectories /home/runner/work/ratis/ratis/ratis-test/target/test/data/1f94b248/MiniRaftClusterWithGrpc6a48d149/s1/5d568d59-1c4d-41a6-bf6a-79e75c7987f5/tmp/snapshot-d1806dfc-d878-4abd-ad7b-4cbe0127cc46/snapshot
2023-09-01 02:13:28,061 [grpc-default-executor-0] INFO  impl.SnapshotInstallationHandler (SnapshotInstallationHandler.java:installSnapshot(89)) - s2@group-79E75C7987F5: receive installSnapshot: s0->s2#0-t1,chunk:b57cfa42-baa3-4372-bf54-2573b015a4d1,0
2023-09-01 02:13:28,061 [grpc-default-executor-3] INFO  impl.SnapshotInstallationHandler (SnapshotInstallationHandler.java:installSnapshotImpl(134)) - s1@group-79E75C7987F5: set new configuration configurationEntry {
  peers {
    id: "s0"
    address: "localhost:44295"
    dataStreamAddress: "localhost:36715"
    clientAddress: "localhost:46071"
    adminAddress: "localhost:38859"
    startupRole: FOLLOWER
  }
}
 from snapshot
2023-09-01 02:13:28,062 [grpc-default-executor-3] INFO  server.RaftServer$Division (ServerState.java:setRaftConf(377)) - s1@group-79E75C7987F5: set configuration 0: peers:[s0|rpc:localhost:44295|admin:localhost:38859|client:localhost:46071|dataStream:localhost:36715|priority:0|startupRole:FOLLOWER]|listeners:[], old=null
2023-09-01 02:13:28,062 [grpc-default-executor-3] INFO  impl.SnapshotInstallationHandler (SnapshotInstallationHandler.java:installSnapshot(100)) - s1@group-79E75C7987F5: reply installSnapshot: s0<-s1#0:OK-t0,SUCCESS,requestIndex=0
2023-09-01 02:13:28,062 [grpc-default-executor-0] INFO  server.RaftServer$Division (RaftServerImpl.java:setFirstElection(556)) - s2@group-79E75C7987F5: set firstElectionSinceStartup to false for installSnapshot
2023-09-01 02:13:28,062 [grpc-default-executor-0] INFO  server.RaftServer$Division (ServerState.java:setLeader(260)) - s2@group-79E75C7987F5: change Leader from null to s0 at term 1 for installSnapshot, leader elected after 47ms
2023-09-01 02:13:28,062 [grpc-default-executor-0] TRACE util.FileUtils (LogUtils.java:runAndLog(49)) - Successfully ran Files.createDirectories /home/runner/work/ratis/ratis/ratis-test/target/test/data/1f94b248/MiniRaftClusterWithGrpc6a48d149/s2/5d568d59-1c4d-41a6-bf6a-79e75c7987f5/tmp/snapshot-b57cfa42-baa3-4372-bf54-2573b015a4d1
2023-09-01 02:13:28,063 [grpc-default-executor-0] INFO  storage.SnapshotManager (SnapshotManager.java:installSnapshot(89)) - Installing snapshot:s0->s2#0-t1,chunk:b57cfa42-baa3-4372-bf54-2573b015a4d1,0, to tmp dir:/home/runner/work/ratis/ratis/ratis-test/target/test/data/1f94b248/MiniRaftClusterWithGrpc6a48d149/s2/5d568d59-1c4d-41a6-bf6a-79e75c7987f5/tmp/snapshot-b57cfa42-baa3-4372-bf54-2573b015a4d1
2023-09-01 02:13:28,063 [grpc-default-executor-0] TRACE util.FileUtils (LogUtils.java:runAndLog(49)) - Successfully ran Files.createDirectories /home/runner/work/ratis/ratis/ratis-test/target/test/data/1f94b248/MiniRaftClusterWithGrpc6a48d149/s2/5d568d59-1c4d-41a6-bf6a-79e75c7987f5/tmp/snapshot-b57cfa42-baa3-4372-bf54-2573b015a4d1/snapshot
2023-09-01 02:13:28,063 [grpc-default-executor-3] INFO  impl.SnapshotInstallationHandler (SnapshotInstallationHandler.java:installSnapshot(89)) - s1@group-79E75C7987F5: receive installSnapshot: s0->s1#0-t1,chunk:d1806dfc-d878-4abd-ad7b-4cbe0127cc46,1
2023-09-01 02:13:28,063 [grpc-default-executor-3] TRACE util.FileUtils (LogUtils.java:runAndLog(49)) - Successfully ran Files.createDirectories /home/runner/work/ratis/ratis/ratis-test/target/test/data/1f94b248/MiniRaftClusterWithGrpc6a48d149/s1/5d568d59-1c4d-41a6-bf6a-79e75c7987f5/tmp/snapshot-d1806dfc-d878-4abd-ad7b-4cbe0127cc46
2023-09-01 02:13:28,063 [grpc-default-executor-3] INFO  storage.SnapshotManager (SnapshotManager.java:installSnapshot(89)) - Installing snapshot:s0->s1#0-t1,chunk:d1806dfc-d878-4abd-ad7b-4cbe0127cc46,1, to tmp dir:/home/runner/work/ratis/ratis/ratis-test/target/test/data/1f94b248/MiniRaftClusterWithGrpc6a48d149/s1/5d568d59-1c4d-41a6-bf6a-79e75c7987f5/tmp/snapshot-d1806dfc-d878-4abd-ad7b-4cbe0127cc46
2023-09-01 02:13:28,063 [grpc-default-executor-3] TRACE util.FileUtils (LogUtils.java:runAndLog(49)) - Successfully ran Files.createDirectories /home/runner/work/ratis/ratis/ratis-test/target/test/data/1f94b248/MiniRaftClusterWithGrpc6a48d149/s1/5d568d59-1c4d-41a6-bf6a-79e75c7987f5/tmp/snapshot-d1806dfc-d878-4abd-ad7b-4cbe0127cc46/snapshot/sub
2023-09-01 02:13:28,064 [grpc-default-executor-3] INFO  impl.SnapshotInstallationHandler (SnapshotInstallationHandler.java:installSnapshot(100)) - s1@group-79E75C7987F5: reply installSnapshot: s0<-s1#0:OK-t1,SUCCESS,requestIndex=1
2023-09-01 02:13:28,064 [grpc-default-executor-3] INFO  impl.SnapshotInstallationHandler (SnapshotInstallationHandler.java:installSnapshot(89)) - s1@group-79E75C7987F5: receive installSnapshot: s0->s1#0-t1,chunk:d1806dfc-d878-4abd-ad7b-4cbe0127cc46,2
2023-09-01 02:13:28,065 [grpc-default-executor-3] TRACE util.FileUtils (LogUtils.java:runAndLog(49)) - Successfully ran Files.createDirectories /home/runner/work/ratis/ratis/ratis-test/target/test/data/1f94b248/MiniRaftClusterWithGrpc6a48d149/s1/5d568d59-1c4d-41a6-bf6a-79e75c7987f5/tmp/snapshot-d1806dfc-d878-4abd-ad7b-4cbe0127cc46
2023-09-01 02:13:28,065 [grpc-default-executor-3] INFO  storage.SnapshotManager (SnapshotManager.java:installSnapshot(89)) - Installing snapshot:s0->s1#0-t1,chunk:d1806dfc-d878-4abd-ad7b-4cbe0127cc46,2, to tmp dir:/home/runner/work/ratis/ratis/ratis-test/target/test/data/1f94b248/MiniRaftClusterWithGrpc6a48d149/s1/5d568d59-1c4d-41a6-bf6a-79e75c7987f5/tmp/snapshot-d1806dfc-d878-4abd-ad7b-4cbe0127cc46
2023-09-01 02:13:28,065 [grpc-default-executor-3] TRACE util.FileUtils (LogUtils.java:runAndLog(49)) - Successfully ran Files.createDirectories /home/runner/work/ratis/ratis/ratis-test/target/test/data/1f94b248/MiniRaftClusterWithGrpc6a48d149/s1/5d568d59-1c4d-41a6-bf6a-79e75c7987f5/tmp/snapshot-d1806dfc-d878-4abd-ad7b-4cbe0127cc46/snapshot/sub
2023-09-01 02:13:28,066 [grpc-default-executor-3] INFO  impl.SnapshotInstallationHandler (SnapshotInstallationHandler.java:installSnapshot(100)) - s1@group-79E75C7987F5: reply installSnapshot: s0<-s1#0:OK-t1,SUCCESS,requestIndex=2
2023-09-01 02:13:28,065 [grpc-default-executor-0] INFO  impl.SnapshotInstallationHandler (SnapshotInstallationHandler.java:installSnapshotImpl(134)) - s2@group-79E75C7987F5: set new configuration configurationEntry {
  peers {
    id: "s0"
    address: "localhost:44295"
    dataStreamAddress: "localhost:36715"
    clientAddress: "localhost:46071"
    adminAddress: "localhost:38859"
    startupRole: FOLLOWER
  }
}
 from snapshot
2023-09-01 02:13:28,064 [grpc-default-executor-2] INFO  server.GrpcLogAppender (GrpcLogAppender.java:onNext(543)) - s0@group-79E75C7987F5->s1-InstallSnapshotResponseHandler: received the first reply s0<-s1#0:OK-t0,SUCCESS,requestIndex=0
2023-09-01 02:13:28,069 [grpc-default-executor-0] INFO  server.RaftServer$Division (ServerState.java:setRaftConf(377)) - s2@group-79E75C7987F5: set configuration 0: peers:[s0|rpc:localhost:44295|admin:localhost:38859|client:localhost:46071|dataStream:localhost:36715|priority:0|startupRole:FOLLOWER]|listeners:[], old=null
2023-09-01 02:13:28,069 [grpc-default-executor-0] INFO  impl.SnapshotInstallationHandler (SnapshotInstallationHandler.java:installSnapshot(100)) - s2@group-79E75C7987F5: reply installSnapshot: s0<-s2#0:OK-t0,SUCCESS,requestIndex=0
2023-09-01 02:13:28,069 [grpc-default-executor-2] INFO  server.GrpcLogAppender (GrpcLogAppender.java:onNext(557)) - s0@group-79E75C7987F5->s1-InstallSnapshotResponseHandler: Completed InstallSnapshot. Reply: serverReply {
  requestorId: "s0"
  replyId: "s1"
  raftGroupId {
    id: "]V\215Y\034MA\246\277jy\347\\y\207\365"
  }
  success: true
}
requestIndex: 0

2023-09-01 02:13:28,069 [grpc-default-executor-2] INFO  leader.FollowerInfo (FollowerInfoImpl.java:setAttemptedToInstallSnapshot(126)) - Follower s0@group-79E75C7987F5->s1 acknowledged installing snapshot
2023-09-01 02:13:28,070 [grpc-default-executor-2] INFO  server.GrpcLogAppender (GrpcLogAppender.java:onNext(543)) - s0@group-79E75C7987F5->s1-InstallSnapshotResponseHandler: received a reply s0<-s1#0:OK-t1,SUCCESS,requestIndex=1
2023-09-01 02:13:28,070 [grpc-default-executor-0] INFO  server.GrpcLogAppender (GrpcLogAppender.java:onNext(543)) - s0@group-79E75C7987F5->s2-InstallSnapshotResponseHandler: received the first reply s0<-s2#0:OK-t0,SUCCESS,requestIndex=0
2023-09-01 02:13:28,070 [grpc-default-executor-2] INFO  server.GrpcLogAppender (GrpcLogAppender.java:onNext(557)) - s0@group-79E75C7987F5->s1-InstallSnapshotResponseHandler: Completed InstallSnapshot. Reply: serverReply {
  requestorId: "s0"
  replyId: "s1"
  raftGroupId {
    id: "]V\215Y\034MA\246\277jy\347\\y\207\365"
  }
  success: true
}
term: 1
requestIndex: 1

2023-09-01 02:13:28,070 [grpc-default-executor-2] INFO  leader.FollowerInfo (FollowerInfoImpl.java:setAttemptedToInstallSnapshot(126)) - Follower s0@group-79E75C7987F5->s1 acknowledged installing snapshot
2023-09-01 02:13:28,070 [grpc-default-executor-0] INFO  server.GrpcLogAppender (GrpcLogAppender.java:onNext(557)) - s0@group-79E75C7987F5->s2-InstallSnapshotResponseHandler: Completed InstallSnapshot. Reply: serverReply {
  requestorId: "s0"
  replyId: "s2"
  raftGroupId {
    id: "]V\215Y\034MA\246\277jy\347\\y\207\365"
  }
  success: true
}
requestIndex: 0

2023-09-01 02:13:28,070 [grpc-default-executor-0] INFO  leader.FollowerInfo (FollowerInfoImpl.java:setAttemptedToInstallSnapshot(126)) - Follower s0@group-79E75C7987F5->s2 acknowledged installing snapshot
2023-09-01 02:13:28,071 [grpc-default-executor-2] INFO  server.GrpcLogAppender (GrpcLogAppender.java:onNext(543)) - s0@group-79E75C7987F5->s1-InstallSnapshotResponseHandler: received a reply s0<-s1#0:OK-t1,SUCCESS,requestIndex=2
2023-09-01 02:13:28,071 [grpc-default-executor-1] WARN  server.GrpcServerProtocolService (LogUtils.java:warn(122)) - s2: INSTALL_SNAPSHOT onError, lastRequest: s0->s2#0-t1,chunk:b57cfa42-baa3-4372-bf54-2573b015a4d1,0: org.apache.ratis.thirdparty.io.grpc.StatusRuntimeException: CANCELLED: client cancelled
2023-09-01 02:13:28,071 [grpc-default-executor-2] INFO  server.GrpcLogAppender (GrpcLogAppender.java:onNext(557)) - s0@group-79E75C7987F5->s1-InstallSnapshotResponseHandler: Completed InstallSnapshot. Reply: serverReply {
  requestorId: "s0"
  replyId: "s1"
  raftGroupId {
    id: "]V\215Y\034MA\246\277jy\347\\y\207\365"
  }
  success: true
}
term: 1
requestIndex: 2

2023-09-01 02:13:28,071 [grpc-default-executor-2] INFO  leader.FollowerInfo (FollowerInfoImpl.java:setAttemptedToInstallSnapshot(126)) - Follower s0@group-79E75C7987F5->s1 acknowledged installing snapshot
2023-09-01 02:13:28,071 [grpc-default-executor-0] WARN  server.GrpcLogAppender (LogUtils.java:warn(122)) - s0@group-79E75C7987F5->s2-InstallSnapshotResponseHandler: Failed InstallSnapshot: org.apache.ratis.thirdparty.io.grpc.StatusRuntimeException: CANCELLED: Failed to read message.
2023-09-01 02:13:28,071 [grpc-default-executor-0] WARN  server.GrpcLogAppender (GrpcLogAppender.java:resetClient(139)) - s0@group-79E75C7987F5->s2-GrpcLogAppender: Follower failed and request == null,  keep nextIndex (0) unchanged and retry.
2023-09-01 02:13:28,071 [grpc-default-executor-3] INFO  impl.SnapshotInstallationHandler (SnapshotInstallationHandler.java:installSnapshot(89)) - s1@group-79E75C7987F5: receive installSnapshot: s0->s1#0-t1,chunk:d1806dfc-d878-4abd-ad7b-4cbe0127cc46,3
2023-09-01 02:13:28,072 [grpc-default-executor-3] TRACE util.FileUtils (LogUtils.java:runAndLog(49)) - Successfully ran Files.createDirectories /home/runner/work/ratis/ratis/ratis-test/target/test/data/1f94b248/MiniRaftClusterWithGrpc6a48d149/s1/5d568d59-1c4d-41a6-bf6a-79e75c7987f5/tmp/snapshot-d1806dfc-d878-4abd-ad7b-4cbe0127cc46
2023-09-01 02:13:28,072 [grpc-default-executor-3] INFO  storage.SnapshotManager (SnapshotManager.java:installSnapshot(89)) - Installing snapshot:s0->s1#0-t1,chunk:d1806dfc-d878-4abd-ad7b-4cbe0127cc46,3, to tmp dir:/home/runner/work/ratis/ratis/ratis-test/target/test/data/1f94b248/MiniRaftClusterWithGrpc6a48d149/s1/5d568d59-1c4d-41a6-bf6a-79e75c7987f5/tmp/snapshot-d1806dfc-d878-4abd-ad7b-4cbe0127cc46
2023-09-01 02:13:28,072 [grpc-default-executor-3] TRACE util.FileUtils (LogUtils.java:runAndLog(49)) - Successfully ran Files.createDirectories /home/runner/work/ratis/ratis/ratis-test/target/test/data/1f94b248/MiniRaftClusterWithGrpc6a48d149/s1/5d568d59-1c4d-41a6-bf6a-79e75c7987f5/tmp/snapshot-d1806dfc-d878-4abd-ad7b-4cbe0127cc46/snapshot/sub
2023-09-01 02:13:28,072 [grpc-default-executor-3] INFO  impl.SnapshotInstallationHandler (SnapshotInstallationHandler.java:installSnapshot(100)) - s1@group-79E75C7987F5: reply installSnapshot: s0<-s1#0:OK-t1,SUCCESS,requestIndex=3
2023-09-01 02:13:28,072 [grpc-default-executor-0] INFO  server.GrpcLogAppender (GrpcLogAppender.java:onNext(543)) - s0@group-79E75C7987F5->s1-InstallSnapshotResponseHandler: received a reply s0<-s1#0:OK-t1,SUCCESS,requestIndex=3
2023-09-01 02:13:28,072 [grpc-default-executor-0] INFO  server.GrpcLogAppender (GrpcLogAppender.java:onNext(557)) - s0@group-79E75C7987F5->s1-InstallSnapshotResponseHandler: Completed InstallSnapshot. Reply: serverReply {
  requestorId: "s0"
  replyId: "s1"
  raftGroupId {
    id: "]V\215Y\034MA\246\277jy\347\\y\207\365"
  }
  success: true
}
term: 1
requestIndex: 3

2023-09-01 02:13:28,072 [grpc-default-executor-0] INFO  leader.FollowerInfo (FollowerInfoImpl.java:setAttemptedToInstallSnapshot(126)) - Follower s0@group-79E75C7987F5->s1 acknowledged installing snapshot
2023-09-01 02:13:28,073 [grpc-default-executor-3] INFO  impl.SnapshotInstallationHandler (SnapshotInstallationHandler.java:installSnapshot(89)) - s1@group-79E75C7987F5: receive installSnapshot: s0->s1#0-t1,chunk:d1806dfc-d878-4abd-ad7b-4cbe0127cc46,4
2023-09-01 02:13:28,073 [grpc-default-executor-3] TRACE util.FileUtils (LogUtils.java:runAndLog(49)) - Successfully ran Files.createDirectories /home/runner/work/ratis/ratis/ratis-test/target/test/data/1f94b248/MiniRaftClusterWithGrpc6a48d149/s1/5d568d59-1c4d-41a6-bf6a-79e75c7987f5/tmp/snapshot-d1806dfc-d878-4abd-ad7b-4cbe0127cc46
2023-09-01 02:13:28,073 [grpc-default-executor-3] INFO  storage.SnapshotManager (SnapshotManager.java:installSnapshot(89)) - Installing snapshot:s0->s1#0-t1,chunk:d1806dfc-d878-4abd-ad7b-4cbe0127cc46,4, to tmp dir:/home/runner/work/ratis/ratis/ratis-test/target/test/data/1f94b248/MiniRaftClusterWithGrpc6a48d149/s1/5d568d59-1c4d-41a6-bf6a-79e75c7987f5/tmp/snapshot-d1806dfc-d878-4abd-ad7b-4cbe0127cc46
2023-09-01 02:13:28,073 [grpc-default-executor-3] TRACE util.FileUtils (LogUtils.java:runAndLog(49)) - Successfully ran Files.createDirectories /home/runner/work/ratis/ratis/ratis-test/target/test/data/1f94b248/MiniRaftClusterWithGrpc6a48d149/s1/5d568d59-1c4d-41a6-bf6a-79e75c7987f5/tmp/snapshot-d1806dfc-d878-4abd-ad7b-4cbe0127cc46/snapshot/sub
2023-09-01 02:13:28,074 [grpc-default-executor-3] INFO  impl.SnapshotInstallationHandler (SnapshotInstallationHandler.java:installSnapshot(100)) - s1@group-79E75C7987F5: reply installSnapshot: s0<-s1#0:OK-t1,SUCCESS,requestIndex=4
2023-09-01 02:13:28,074 [grpc-default-executor-0] INFO  server.GrpcLogAppender (GrpcLogAppender.java:onNext(543)) - s0@group-79E75C7987F5->s1-InstallSnapshotResponseHandler: received a reply s0<-s1#0:OK-t1,SUCCESS,requestIndex=4
2023-09-01 02:13:28,075 [grpc-default-executor-0] INFO  server.GrpcLogAppender (GrpcLogAppender.java:onNext(557)) - s0@group-79E75C7987F5->s1-InstallSnapshotResponseHandler: Completed InstallSnapshot. Reply: serverReply {
  requestorId: "s0"
  replyId: "s1"
  raftGroupId {
    id: "]V\215Y\034MA\246\277jy\347\\y\207\365"
  }
  success: true
}
term: 1
requestIndex: 4

2023-09-01 02:13:28,075 [grpc-default-executor-0] INFO  leader.FollowerInfo (FollowerInfoImpl.java:setAttemptedToInstallSnapshot(126)) - Follower s0@group-79E75C7987F5->s1 acknowledged installing snapshot
2023-09-01 02:13:28,075 [grpc-default-executor-3] INFO  impl.SnapshotInstallationHandler (SnapshotInstallationHandler.java:installSnapshot(89)) - s1@group-79E75C7987F5: receive installSnapshot: s0->s1#0-t1,chunk:d1806dfc-d878-4abd-ad7b-4cbe0127cc46,5
2023-09-01 02:13:28,075 [grpc-default-executor-3] TRACE util.FileUtils (LogUtils.java:runAndLog(49)) - Successfully ran Files.createDirectories /home/runner/work/ratis/ratis/ratis-test/target/test/data/1f94b248/MiniRaftClusterWithGrpc6a48d149/s1/5d568d59-1c4d-41a6-bf6a-79e75c7987f5/tmp/snapshot-d1806dfc-d878-4abd-ad7b-4cbe0127cc46
2023-09-01 02:13:28,075 [grpc-default-executor-3] INFO  storage.SnapshotManager (SnapshotManager.java:installSnapshot(89)) - Installing snapshot:s0->s1#0-t1,chunk:d1806dfc-d878-4abd-ad7b-4cbe0127cc46,5, to tmp dir:/home/runner/work/ratis/ratis/ratis-test/target/test/data/1f94b248/MiniRaftClusterWithGrpc6a48d149/s1/5d568d59-1c4d-41a6-bf6a-79e75c7987f5/tmp/snapshot-d1806dfc-d878-4abd-ad7b-4cbe0127cc46
2023-09-01 02:13:28,075 [grpc-default-executor-3] TRACE util.FileUtils (LogUtils.java:runAndLog(49)) - Successfully ran Files.createDirectories /home/runner/work/ratis/ratis/ratis-test/target/test/data/1f94b248/MiniRaftClusterWithGrpc6a48d149/s1/5d568d59-1c4d-41a6-bf6a-79e75c7987f5/tmp/snapshot-d1806dfc-d878-4abd-ad7b-4cbe0127cc46
2023-09-01 02:13:28,075 [grpc-default-executor-3] INFO  impl.SnapshotInstallationHandler (SnapshotInstallationHandler.java:installSnapshot(100)) - s1@group-79E75C7987F5: reply installSnapshot: s0<-s1#0:OK-t1,SUCCESS,requestIndex=5
2023-09-01 02:13:28,075 [grpc-default-executor-0] INFO  server.GrpcLogAppender (GrpcLogAppender.java:onNext(543)) - s0@group-79E75C7987F5->s1-InstallSnapshotResponseHandler: received a reply s0<-s1#0:OK-t1,SUCCESS,requestIndex=5
2023-09-01 02:13:28,076 [grpc-default-executor-0] INFO  server.GrpcLogAppender (GrpcLogAppender.java:onNext(557)) - s0@group-79E75C7987F5->s1-InstallSnapshotResponseHandler: Completed InstallSnapshot. Reply: serverReply {
  requestorId: "s0"
  replyId: "s1"
  raftGroupId {
    id: "]V\215Y\034MA\246\277jy\347\\y\207\365"
  }
  success: true
}
term: 1
requestIndex: 5

2023-09-01 02:13:28,076 [grpc-default-executor-0] INFO  leader.FollowerInfo (FollowerInfoImpl.java:setAttemptedToInstallSnapshot(126)) - Follower s0@group-79E75C7987F5->s1 acknowledged installing snapshot
2023-09-01 02:13:28,076 [grpc-default-executor-3] INFO  impl.SnapshotInstallationHandler (SnapshotInstallationHandler.java:installSnapshot(89)) - s1@group-79E75C7987F5: receive installSnapshot: s0->s1#0-t1,chunk:d1806dfc-d878-4abd-ad7b-4cbe0127cc46,6
2023-09-01 02:13:28,076 [grpc-default-executor-3] TRACE util.FileUtils (LogUtils.java:runAndLog(49)) - Successfully ran Files.createDirectories /home/runner/work/ratis/ratis/ratis-test/target/test/data/1f94b248/MiniRaftClusterWithGrpc6a48d149/s1/5d568d59-1c4d-41a6-bf6a-79e75c7987f5/tmp/snapshot-d1806dfc-d878-4abd-ad7b-4cbe0127cc46
2023-09-01 02:13:28,076 [grpc-default-executor-3] INFO  storage.SnapshotManager (SnapshotManager.java:installSnapshot(89)) - Installing snapshot:s0->s1#0-t1,chunk:d1806dfc-d878-4abd-ad7b-4cbe0127cc46,6, to tmp dir:/home/runner/work/ratis/ratis/ratis-test/target/test/data/1f94b248/MiniRaftClusterWithGrpc6a48d149/s1/5d568d59-1c4d-41a6-bf6a-79e75c7987f5/tmp/snapshot-d1806dfc-d878-4abd-ad7b-4cbe0127cc46
2023-09-01 02:13:28,076 [grpc-default-executor-3] TRACE util.FileUtils (LogUtils.java:runAndLog(49)) - Successfully ran Files.createDirectories /home/runner/work/ratis/ratis/ratis-test/target/test/data/1f94b248/MiniRaftClusterWithGrpc6a48d149/s1/5d568d59-1c4d-41a6-bf6a-79e75c7987f5/tmp/snapshot-d1806dfc-d878-4abd-ad7b-4cbe0127cc46
2023-09-01 02:13:28,076 [grpc-default-executor-3] INFO  impl.SnapshotInstallationHandler (SnapshotInstallationHandler.java:installSnapshot(100)) - s1@group-79E75C7987F5: reply installSnapshot: s0<-s1#0:OK-t1,SUCCESS,requestIndex=6
2023-09-01 02:13:28,076 [grpc-default-executor-0] INFO  server.GrpcLogAppender (GrpcLogAppender.java:onNext(543)) - s0@group-79E75C7987F5->s1-InstallSnapshotResponseHandler: received a reply s0<-s1#0:OK-t1,SUCCESS,requestIndex=6
2023-09-01 02:13:28,077 [grpc-default-executor-0] INFO  server.GrpcLogAppender (GrpcLogAppender.java:onNext(557)) - s0@group-79E75C7987F5->s1-InstallSnapshotResponseHandler: Completed InstallSnapshot. Reply: serverReply {
  requestorId: "s0"
  replyId: "s1"
  raftGroupId {
    id: "]V\215Y\034MA\246\277jy\347\\y\207\365"
  }
  success: true
}
term: 1
requestIndex: 6

2023-09-01 02:13:28,077 [grpc-default-executor-0] INFO  leader.FollowerInfo (FollowerInfoImpl.java:setAttemptedToInstallSnapshot(126)) - Follower s0@group-79E75C7987F5->s1 acknowledged installing snapshot
2023-09-01 02:13:28,077 [grpc-default-executor-3] INFO  impl.SnapshotInstallationHandler (SnapshotInstallationHandler.java:installSnapshot(89)) - s1@group-79E75C7987F5: receive installSnapshot: s0->s1#0-t1,chunk:d1806dfc-d878-4abd-ad7b-4cbe0127cc46,7
2023-09-01 02:13:28,077 [grpc-default-executor-3] TRACE util.FileUtils (LogUtils.java:runAndLog(49)) - Successfully ran Files.createDirectories /home/runner/work/ratis/ratis/ratis-test/target/test/data/1f94b248/MiniRaftClusterWithGrpc6a48d149/s1/5d568d59-1c4d-41a6-bf6a-79e75c7987f5/tmp/snapshot-d1806dfc-d878-4abd-ad7b-4cbe0127cc46
2023-09-01 02:13:28,077 [grpc-default-executor-3] INFO  storage.SnapshotManager (SnapshotManager.java:installSnapshot(89)) - Installing snapshot:s0->s1#0-t1,chunk:d1806dfc-d878-4abd-ad7b-4cbe0127cc46,7, to tmp dir:/home/runner/work/ratis/ratis/ratis-test/target/test/data/1f94b248/MiniRaftClusterWithGrpc6a48d149/s1/5d568d59-1c4d-41a6-bf6a-79e75c7987f5/tmp/snapshot-d1806dfc-d878-4abd-ad7b-4cbe0127cc46
2023-09-01 02:13:28,077 [grpc-default-executor-3] TRACE util.FileUtils (LogUtils.java:runAndLog(49)) - Successfully ran Files.createDirectories /home/runner/work/ratis/ratis/ratis-test/target/test/data/1f94b248/MiniRaftClusterWithGrpc6a48d149/s1/5d568d59-1c4d-41a6-bf6a-79e75c7987f5/tmp/snapshot-d1806dfc-d878-4abd-ad7b-4cbe0127cc46
2023-09-01 02:13:28,077 [grpc-default-executor-3] INFO  impl.SnapshotInstallationHandler (SnapshotInstallationHandler.java:installSnapshot(100)) - s1@group-79E75C7987F5: reply installSnapshot: s0<-s1#0:OK-t1,SUCCESS,requestIndex=7
2023-09-01 02:13:28,078 [grpc-default-executor-0] INFO  server.GrpcLogAppender (GrpcLogAppender.java:onNext(543)) - s0@group-79E75C7987F5->s1-InstallSnapshotResponseHandler: received a reply s0<-s1#0:OK-t1,SUCCESS,requestIndex=7
2023-09-01 02:13:28,078 [grpc-default-executor-0] INFO  server.GrpcLogAppender (GrpcLogAppender.java:onNext(557)) - s0@group-79E75C7987F5->s1-InstallSnapshotResponseHandler: Completed InstallSnapshot. Reply: serverReply {
  requestorId: "s0"
  replyId: "s1"
  raftGroupId {
    id: "]V\215Y\034MA\246\277jy\347\\y\207\365"
  }
  success: true
}
term: 1
requestIndex: 7

2023-09-01 02:13:28,078 [grpc-default-executor-0] INFO  leader.FollowerInfo (FollowerInfoImpl.java:setAttemptedToInstallSnapshot(126)) - Follower s0@group-79E75C7987F5->s1 acknowledged installing snapshot
2023-09-01 02:13:28,079 [grpc-default-executor-3] INFO  impl.SnapshotInstallationHandler (SnapshotInstallationHandler.java:installSnapshot(89)) - s1@group-79E75C7987F5: receive installSnapshot: s0->s1#0-t1,chunk:d1806dfc-d878-4abd-ad7b-4cbe0127cc46,8
2023-09-01 02:13:28,079 [grpc-default-executor-3] TRACE util.FileUtils (LogUtils.java:runAndLog(49)) - Successfully ran Files.createDirectories /home/runner/work/ratis/ratis/ratis-test/target/test/data/1f94b248/MiniRaftClusterWithGrpc6a48d149/s1/5d568d59-1c4d-41a6-bf6a-79e75c7987f5/tmp/snapshot-d1806dfc-d878-4abd-ad7b-4cbe0127cc46
2023-09-01 02:13:28,079 [grpc-default-executor-3] INFO  storage.SnapshotManager (SnapshotManager.java:installSnapshot(89)) - Installing snapshot:s0->s1#0-t1,chunk:d1806dfc-d878-4abd-ad7b-4cbe0127cc46,8, to tmp dir:/home/runner/work/ratis/ratis/ratis-test/target/test/data/1f94b248/MiniRaftClusterWithGrpc6a48d149/s1/5d568d59-1c4d-41a6-bf6a-79e75c7987f5/tmp/snapshot-d1806dfc-d878-4abd-ad7b-4cbe0127cc46
2023-09-01 02:13:28,079 [grpc-default-executor-3] TRACE util.FileUtils (LogUtils.java:runAndLog(49)) - Successfully ran Files.createDirectories /home/runner/work/ratis/ratis/ratis-test/target/test/data/1f94b248/MiniRaftClusterWithGrpc6a48d149/s1/5d568d59-1c4d-41a6-bf6a-79e75c7987f5/tmp/snapshot-d1806dfc-d878-4abd-ad7b-4cbe0127cc46
2023-09-01 02:13:28,079 [grpc-default-executor-3] INFO  impl.SnapshotInstallationHandler (SnapshotInstallationHandler.java:installSnapshot(100)) - s1@group-79E75C7987F5: reply installSnapshot: s0<-s1#0:OK-t1,SUCCESS,requestIndex=8
2023-09-01 02:13:28,079 [grpc-default-executor-0] INFO  server.GrpcLogAppender (GrpcLogAppender.java:onNext(543)) - s0@group-79E75C7987F5->s1-InstallSnapshotResponseHandler: received a reply s0<-s1#0:OK-t1,SUCCESS,requestIndex=8
2023-09-01 02:13:28,079 [grpc-default-executor-0] INFO  server.GrpcLogAppender (GrpcLogAppender.java:onNext(557)) - s0@group-79E75C7987F5->s1-InstallSnapshotResponseHandler: Completed InstallSnapshot. Reply: serverReply {
  requestorId: "s0"
  replyId: "s1"
  raftGroupId {
    id: "]V\215Y\034MA\246\277jy\347\\y\207\365"
  }
  success: true
}
term: 1
requestIndex: 8

2023-09-01 02:13:28,079 [grpc-default-executor-0] INFO  leader.FollowerInfo (FollowerInfoImpl.java:setAttemptedToInstallSnapshot(126)) - Follower s0@group-79E75C7987F5->s1 acknowledged installing snapshot
2023-09-01 02:13:28,080 [grpc-default-executor-3] INFO  impl.SnapshotInstallationHandler (SnapshotInstallationHandler.java:installSnapshot(89)) - s1@group-79E75C7987F5: receive installSnapshot: s0->s1#0-t1,chunk:d1806dfc-d878-4abd-ad7b-4cbe0127cc46,9
2023-09-01 02:13:28,080 [grpc-default-executor-3] TRACE util.FileUtils (LogUtils.java:runAndLog(49)) - Successfully ran Files.createDirectories /home/runner/work/ratis/ratis/ratis-test/target/test/data/1f94b248/MiniRaftClusterWithGrpc6a48d149/s1/5d568d59-1c4d-41a6-bf6a-79e75c7987f5/tmp/snapshot-d1806dfc-d878-4abd-ad7b-4cbe0127cc46
2023-09-01 02:13:28,080 [grpc-default-executor-3] INFO  storage.SnapshotManager (SnapshotManager.java:installSnapshot(89)) - Installing snapshot:s0->s1#0-t1,chunk:d1806dfc-d878-4abd-ad7b-4cbe0127cc46,9, to tmp dir:/home/runner/work/ratis/ratis/ratis-test/target/test/data/1f94b248/MiniRaftClusterWithGrpc6a48d149/s1/5d568d59-1c4d-41a6-bf6a-79e75c7987f5/tmp/snapshot-d1806dfc-d878-4abd-ad7b-4cbe0127cc46
2023-09-01 02:13:28,080 [grpc-default-executor-3] TRACE util.FileUtils (LogUtils.java:runAndLog(49)) - Successfully ran Files.createDirectories /home/runner/work/ratis/ratis/ratis-test/target/test/data/1f94b248/MiniRaftClusterWithGrpc6a48d149/s1/5d568d59-1c4d-41a6-bf6a-79e75c7987f5/tmp/snapshot-d1806dfc-d878-4abd-ad7b-4cbe0127cc46
2023-09-01 02:13:28,080 [grpc-default-executor-3] INFO  impl.SnapshotInstallationHandler (SnapshotInstallationHandler.java:installSnapshot(100)) - s1@group-79E75C7987F5: reply installSnapshot: s0<-s1#0:OK-t1,SUCCESS,requestIndex=9
2023-09-01 02:13:28,081 [grpc-default-executor-0] INFO  server.GrpcLogAppender (GrpcLogAppender.java:onNext(543)) - s0@group-79E75C7987F5->s1-InstallSnapshotResponseHandler: received a reply s0<-s1#0:OK-t1,SUCCESS,requestIndex=9
2023-09-01 02:13:28,081 [grpc-default-executor-0] INFO  server.GrpcLogAppender (GrpcLogAppender.java:onNext(557)) - s0@group-79E75C7987F5->s1-InstallSnapshotResponseHandler: Completed InstallSnapshot. Reply: serverReply {
  requestorId: "s0"
  replyId: "s1"
  raftGroupId {
    id: "]V\215Y\034MA\246\277jy\347\\y\207\365"
  }
  success: true
}
term: 1
requestIndex: 9

2023-09-01 02:13:28,081 [grpc-default-executor-0] INFO  leader.FollowerInfo (FollowerInfoImpl.java:setAttemptedToInstallSnapshot(126)) - Follower s0@group-79E75C7987F5->s1 acknowledged installing snapshot
2023-09-01 02:13:28,081 [grpc-default-executor-3] INFO  impl.SnapshotInstallationHandler (SnapshotInstallationHandler.java:installSnapshot(89)) - s1@group-79E75C7987F5: receive installSnapshot: s0->s1#0-t1,chunk:d1806dfc-d878-4abd-ad7b-4cbe0127cc46,10
2023-09-01 02:13:28,081 [grpc-default-executor-3] TRACE util.FileUtils (LogUtils.java:runAndLog(49)) - Successfully ran Files.createDirectories /home/runner/work/ratis/ratis/ratis-test/target/test/data/1f94b248/MiniRaftClusterWithGrpc6a48d149/s1/5d568d59-1c4d-41a6-bf6a-79e75c7987f5/tmp/snapshot-d1806dfc-d878-4abd-ad7b-4cbe0127cc46
2023-09-01 02:13:28,081 [grpc-default-executor-3] INFO  storage.SnapshotManager (SnapshotManager.java:installSnapshot(89)) - Installing snapshot:s0->s1#0-t1,chunk:d1806dfc-d878-4abd-ad7b-4cbe0127cc46,10, to tmp dir:/home/runner/work/ratis/ratis/ratis-test/target/test/data/1f94b248/MiniRaftClusterWithGrpc6a48d149/s1/5d568d59-1c4d-41a6-bf6a-79e75c7987f5/tmp/snapshot-d1806dfc-d878-4abd-ad7b-4cbe0127cc46
2023-09-01 02:13:28,081 [grpc-default-executor-3] TRACE util.FileUtils (LogUtils.java:runAndLog(49)) - Successfully ran Files.createDirectories /home/runner/work/ratis/ratis/ratis-test/target/test/data/1f94b248/MiniRaftClusterWithGrpc6a48d149/s1/5d568d59-1c4d-41a6-bf6a-79e75c7987f5/tmp/snapshot-d1806dfc-d878-4abd-ad7b-4cbe0127cc46
2023-09-01 02:13:28,082 [grpc-default-executor-3] INFO  storage.SnapshotManager (SnapshotManager.java:rename(168)) - Installed snapshot, renaming temporary dir /home/runner/work/ratis/ratis/ratis-test/target/test/data/1f94b248/MiniRaftClusterWithGrpc6a48d149/s1/5d568d59-1c4d-41a6-bf6a-79e75c7987f5/tmp/snapshot-d1806dfc-d878-4abd-ad7b-4cbe0127cc46 to /home/runner/work/ratis/ratis/ratis-test/target/test/data/1f94b248/MiniRaftClusterWithGrpc6a48d149/s1/5d568d59-1c4d-41a6-bf6a-79e75c7987f5/sm
2023-09-01 02:13:28,083 [grpc-default-executor-3] TRACE util.FileUtils (LogUtils.java:runAndLog(49)) - Successfully ran Atomic Files.move /home/runner/work/ratis/ratis/ratis-test/target/test/data/1f94b248/MiniRaftClusterWithGrpc6a48d149/s1/5d568d59-1c4d-41a6-bf6a-79e75c7987f5/sm to /home/runner/work/ratis/ratis/ratis-test/target/test/data/1f94b248/MiniRaftClusterWithGrpc6a48d149/s1/5d568d59-1c4d-41a6-bf6a-79e75c7987f5/sm.tmp20230901-021328_082
2023-09-01 02:13:28,083 [grpc-default-executor-3] TRACE util.FileUtils (LogUtils.java:runAndLog(49)) - Successfully ran Atomic Files.move /home/runner/work/ratis/ratis/ratis-test/target/test/data/1f94b248/MiniRaftClusterWithGrpc6a48d149/s1/5d568d59-1c4d-41a6-bf6a-79e75c7987f5/tmp/snapshot-d1806dfc-d878-4abd-ad7b-4cbe0127cc46 to /home/runner/work/ratis/ratis/ratis-test/target/test/data/1f94b248/MiniRaftClusterWithGrpc6a48d149/s1/5d568d59-1c4d-41a6-bf6a-79e75c7987f5/sm
2023-09-01 02:13:28,083 [grpc-default-executor-3] TRACE util.FileUtils (FileUtils.java:deleteFully(201)) - deleteFully /home/runner/work/ratis/ratis/ratis-test/target/test/data/1f94b248/MiniRaftClusterWithGrpc6a48d149/s1/5d568d59-1c4d-41a6-bf6a-79e75c7987f5/sm.tmp20230901-021328_082
2023-09-01 02:13:28,083 [grpc-default-executor-3] TRACE util.FileUtils (LogUtils.java:runAndLog(49)) - Successfully ran Files.delete /home/runner/work/ratis/ratis/ratis-test/target/test/data/1f94b248/MiniRaftClusterWithGrpc6a48d149/s1/5d568d59-1c4d-41a6-bf6a-79e75c7987f5/sm.tmp20230901-021328_082
2023-09-01 02:13:28,083 [grpc-default-executor-3] INFO  raftlog.RaftLog (RaftLogBase.java:lambda$new$0(54)) - s1@group-79E75C7987F5-SegmentedRaftLog: snapshotIndex: updateIncreasingly -1 -> 191
2023-09-01 02:13:28,083 [s1@group-79E75C7987F5-StateMachineUpdater] INFO  impl.SimpleStateMachine4Testing (SimpleStateMachine4Testing.java:reinitialize(236)) - Reinitializing StateMachineWithMultiNestedSnapshotFile:s1:group-79E75C7987F5
2023-09-01 02:13:28,083 [grpc-default-executor-3] INFO  segmented.SegmentedRaftLogWorker (SegmentedRaftLogWorker.java:lambda$new$0(134)) - s1@group-79E75C7987F5-SegmentedRaftLogWorker: flushIndex: setUnconditionally -1 -> 191
2023-09-01 02:13:28,083 [grpc-default-executor-3] INFO  segmented.SegmentedRaftLogWorker (SegmentedRaftLogWorker.java:lambda$new$0(134)) - s1@group-79E75C7987F5-SegmentedRaftLogWorker: safeCacheEvictIndex: setUnconditionally -1 -> 191
2023-09-01 02:13:28,083 [s1@group-79E75C7987F5-StateMachineUpdater] INFO  impl.SimpleStateMachine4Testing (SimpleStateMachine4Testing.java:loadSnapshot(293)) - Loading snapshot SingleFileSnapshotInfo(t:1, i:191):[/home/runner/work/ratis/ratis/ratis-test/target/test/data/1f94b248/MiniRaftClusterWithGrpc6a48d149/s1/5d568d59-1c4d-41a6-bf6a-79e75c7987f5/sm/snapshot.1_191]
2023-09-01 02:13:28,083 [grpc-default-executor-3] INFO  impl.SnapshotInstallationHandler (SnapshotInstallationHandler.java:checkAndInstallSnapshot(194)) - s1@group-79E75C7987F5: successfully install the entire snapshot-191
2023-09-01 02:13:28,083 [grpc-default-executor-3] INFO  impl.SnapshotInstallationHandler (SnapshotInstallationHandler.java:installSnapshot(100)) - s1@group-79E75C7987F5: reply installSnapshot: s0<-s1#0:OK-t1,SUCCESS,requestIndex=10
2023-09-01 02:13:28,083 [s1@group-79E75C7987F5-StateMachineUpdater] INFO  impl.SimpleStateMachine4Testing (SimpleStateMachine4Testing.java:put(205)) - s1: put 1, m0 -> (t:1, i:1), STATEMACHINELOGENTRY, 258@client-2F4FAE340DCA
2023-09-01 02:13:28,083 [s1@group-79E75C7987F5-StateMachineUpdater] INFO  impl.SimpleStateMachine4Testing (SimpleStateMachine4Testing.java:put(205)) - s1: put 3, m1 -> (t:1, i:3), STATEMACHINELOGENTRY, 259@client-2F4FAE340DCA
2023-09-01 02:13:28,083 [s1@group-79E75C7987F5-StateMachineUpdater] INFO  impl.SimpleStateMachine4Testing (SimpleStateMachine4Testing.java:put(205)) - s1: put 5, m2 -> (t:1, i:5), STATEMACHINELOGENTRY, 260@client-2F4FAE340DCA
2023-09-01 02:13:28,083 [s1@group-79E75C7987F5-StateMachineUpdater] INFO  impl.SimpleStateMachine4Testing (SimpleStateMachine4Testing.java:put(205)) - s1: put 7, m3 -> (t:1, i:7), STATEMACHINELOGENTRY, 261@client-2F4FAE340DCA
2023-09-01 02:13:28,084 [s1@group-79E75C7987F5-StateMachineUpdater] INFO  impl.SimpleStateMachine4Testing (SimpleStateMachine4Testing.java:put(205)) - s1: put 9, m4 -> (t:1, i:9), STATEMACHINELOGENTRY, 262@client-2F4FAE340DCA
2023-09-01 02:13:28,084 [s1@group-79E75C7987F5-StateMachineUpdater] INFO  impl.SimpleStateMachine4Testing (SimpleStateMachine4Testing.java:put(205)) - s1: put 11, m5 -> (t:1, i:11), STATEMACHINELOGENTRY, 263@client-2F4FAE340DCA
2023-09-01 02:13:28,084 [grpc-default-executor-0] INFO  server.GrpcLogAppender (GrpcLogAppender.java:onNext(543)) - s0@group-79E75C7987F5->s1-InstallSnapshotResponseHandler: received a reply s0<-s1#0:OK-t1,SUCCESS,requestIndex=10
2023-09-01 02:13:28,084 [s1@group-79E75C7987F5-StateMachineUpdater] INFO  impl.SimpleStateMachine4Testing (SimpleStateMachine4Testing.java:put(205)) - s1: put 13, m6 -> (t:1, i:13), STATEMACHINELOGENTRY, 264@client-2F4FAE340DCA
2023-09-01 02:13:28,084 [s1@group-79E75C7987F5-StateMachineUpdater] INFO  impl.SimpleStateMachine4Testing (SimpleStateMachine4Testing.java:put(205)) - s1: put 15, m7 -> (t:1, i:15), STATEMACHINELOGENTRY, 265@client-2F4FAE340DCA
2023-09-01 02:13:28,084 [s1@group-79E75C7987F5-StateMachineUpdater] INFO  impl.SimpleStateMachine4Testing (SimpleStateMachine4Testing.java:put(205)) - s1: put 17, m8 -> (t:1, i:17), STATEMACHINELOGENTRY, 266@client-2F4FAE340DCA
2023-09-01 02:13:28,084 [s1@group-79E75C7987F5-StateMachineUpdater] INFO  impl.SimpleStateMachine4Testing (SimpleStateMachine4Testing.java:put(205)) - s1: put 19, m9 -> (t:1, i:19), STATEMACHINELOGENTRY, 267@client-2F4FAE340DCA
2023-09-01 02:13:28,084 [grpc-default-executor-0] INFO  server.GrpcLogAppender (GrpcLogAppender.java:onNext(557)) - s0@group-79E75C7987F5->s1-InstallSnapshotResponseHandler: Completed InstallSnapshot. Reply: serverReply {
  requestorId: "s0"
  replyId: "s1"
  raftGroupId {
    id: "]V\215Y\034MA\246\277jy\347\\y\207\365"
  }
  success: true
}
term: 1
requestIndex: 10

2023-09-01 02:13:28,084 [s1@group-79E75C7987F5-StateMachineUpdater] INFO  impl.SimpleStateMachine4Testing (SimpleStateMachine4Testing.java:put(205)) - s1: put 21, m10 -> (t:1, i:21), STATEMACHINELOGENTRY, 268@client-2F4FAE340DCA
2023-09-01 02:13:28,084 [grpc-default-executor-0] INFO  leader.FollowerInfo (FollowerInfoImpl.java:setAttemptedToInstallSnapshot(126)) - Follower s0@group-79E75C7987F5->s1 acknowledged installing snapshot
2023-09-01 02:13:28,084 [s1@group-79E75C7987F5-StateMachineUpdater] INFO  impl.SimpleStateMachine4Testing (SimpleStateMachine4Testing.java:put(205)) - s1: put 23, m11 -> (t:1, i:23), STATEMACHINELOGENTRY, 269@client-2F4FAE340DCA
2023-09-01 02:13:28,084 [s1@group-79E75C7987F5-StateMachineUpdater] INFO  impl.SimpleStateMachine4Testing (SimpleStateMachine4Testing.java:put(205)) - s1: put 25, m12 -> (t:1, i:25), STATEMACHINELOGENTRY, 270@client-2F4FAE340DCA
2023-09-01 02:13:28,084 [s1@group-79E75C7987F5-StateMachineUpdater] INFO  impl.SimpleStateMachine4Testing (SimpleStateMachine4Testing.java:put(205)) - s1: put 27, m13 -> (t:1, i:27), STATEMACHINELOGENTRY, 271@client-2F4FAE340DCA
2023-09-01 02:13:28,084 [grpc-default-executor-3] INFO  server.GrpcServerProtocolService (GrpcServerProtocolService.java:onCompleted(155)) - s1: Completed INSTALL_SNAPSHOT, lastRequest: s0->s1#0-t1,chunk:d1806dfc-d878-4abd-ad7b-4cbe0127cc46,10
2023-09-01 02:13:28,084 [s1@group-79E75C7987F5-StateMachineUpdater] INFO  impl.SimpleStateMachine4Testing (SimpleStateMachine4Testing.java:put(205)) - s1: put 29, m14 -> (t:1, i:29), STATEMACHINELOGENTRY, 272@client-2F4FAE340DCA
2023-09-01 02:13:28,084 [grpc-default-executor-3] INFO  server.GrpcServerProtocolService (GrpcServerProtocolService.java:lambda$onCompleted$5(157)) - s1: Completed INSTALL_SNAPSHOT, lastReply: null
2023-09-01 02:13:28,084 [s1@group-79E75C7987F5-StateMachineUpdater] INFO  impl.SimpleStateMachine4Testing (SimpleStateMachine4Testing.java:put(205)) - s1: put 31, m15 -> (t:1, i:31), STATEMACHINELOGENTRY, 273@client-2F4FAE340DCA
2023-09-01 02:13:28,084 [s1@group-79E75C7987F5-StateMachineUpdater] INFO  impl.SimpleStateMachine4Testing (SimpleStateMachine4Testing.java:put(205)) - s1: put 33, m16 -> (t:1, i:33), STATEMACHINELOGENTRY, 274@client-2F4FAE340DCA
2023-09-01 02:13:28,084 [s1@group-79E75C7987F5-StateMachineUpdater] INFO  impl.SimpleStateMachine4Testing (SimpleStateMachine4Testing.java:put(205)) - s1: put 35, m17 -> (t:1, i:35), STATEMACHINELOGENTRY, 275@client-2F4FAE340DCA
2023-09-01 02:13:28,084 [s1@group-79E75C7987F5-StateMachineUpdater] INFO  impl.SimpleStateMachine4Testing (SimpleStateMachine4Testing.java:put(205)) - s1: put 37, m18 -> (t:1, i:37), STATEMACHINELOGENTRY, 276@client-2F4FAE340DCA
2023-09-01 02:13:28,084 [s1@group-79E75C7987F5-StateMachineUpdater] INFO  impl.SimpleStateMachine4Testing (SimpleStateMachine4Testing.java:put(205)) - s1: put 39, m19 -> (t:1, i:39), STATEMACHINELOGENTRY, 277@client-2F4FAE340DCA
2023-09-01 02:13:28,084 [s1@group-79E75C7987F5-StateMachineUpdater] INFO  impl.SimpleStateMachine4Testing (SimpleStateMachine4Testing.java:put(205)) - s1: put 41, m20 -> (t:1, i:41), STATEMACHINELOGENTRY, 278@client-2F4FAE340DCA
2023-09-01 02:13:28,084 [s1@group-79E75C7987F5-StateMachineUpdater] INFO  impl.SimpleStateMachine4Testing (SimpleStateMachine4Testing.java:put(205)) - s1: put 43, m21 -> (t:1, i:43), STATEMACHINELOGENTRY, 279@client-2F4FAE340DCA
2023-09-01 02:13:28,084 [s1@group-79E75C7987F5-StateMachineUpdater] INFO  impl.SimpleStateMachine4Testing (SimpleStateMachine4Testing.java:put(205)) - s1: put 45, m22 -> (t:1, i:45), STATEMACHINELOGENTRY, 280@client-2F4FAE340DCA
2023-09-01 02:13:28,084 [s1@group-79E75C7987F5-StateMachineUpdater] INFO  impl.SimpleStateMachine4Testing (SimpleStateMachine4Testing.java:put(205)) - s1: put 47, m23 -> (t:1, i:47), STATEMACHINELOGENTRY, 281@client-2F4FAE340DCA
2023-09-01 02:13:28,084 [s1@group-79E75C7987F5-StateMachineUpdater] INFO  impl.SimpleStateMachine4Testing (SimpleStateMachine4Testing.java:put(205)) - s1: put 49, m24 -> (t:1, i:49), STATEMACHINELOGENTRY, 282@client-2F4FAE340DCA
2023-09-01 02:13:28,084 [s1@group-79E75C7987F5-StateMachineUpdater] INFO  impl.SimpleStateMachine4Testing (SimpleStateMachine4Testing.java:put(205)) - s1: put 51, m25 -> (t:1, i:51), STATEMACHINELOGENTRY, 283@client-2F4FAE340DCA
2023-09-01 02:13:28,084 [s1@group-79E75C7987F5-StateMachineUpdater] INFO  impl.SimpleStateMachine4Testing (SimpleStateMachine4Testing.java:put(205)) - s1: put 53, m26 -> (t:1, i:53), STATEMACHINELOGENTRY, 284@client-2F4FAE340DCA
2023-09-01 02:13:28,084 [grpc-default-executor-0] INFO  server.GrpcLogAppender (GrpcLogAppender.java:onCompleted(623)) - s0@group-79E75C7987F5->s1-InstallSnapshotResponseHandler: follower responded installSnapshot COMPLETED
2023-09-01 02:13:28,084 [s1@group-79E75C7987F5-StateMachineUpdater] INFO  impl.SimpleStateMachine4Testing (SimpleStateMachine4Testing.java:put(205)) - s1: put 55, m27 -> (t:1, i:55), STATEMACHINELOGENTRY, 285@client-2F4FAE340DCA
2023-09-01 02:13:28,084 [s1@group-79E75C7987F5-StateMachineUpdater] INFO  impl.SimpleStateMachine4Testing (SimpleStateMachine4Testing.java:put(205)) - s1: put 57, m28 -> (t:1, i:57), STATEMACHINELOGENTRY, 286@client-2F4FAE340DCA
2023-09-01 02:13:28,085 [s0@group-79E75C7987F5->s1-GrpcLogAppender-LogAppenderDaemon] INFO  leader.FollowerInfo (FollowerInfoImpl.java:lambda$new$0(52)) - s0@group-79E75C7987F5->s1: snapshotIndex: setUnconditionally 0 -> 191
2023-09-01 02:13:28,085 [s1@group-79E75C7987F5-StateMachineUpdater] INFO  impl.SimpleStateMachine4Testing (SimpleStateMachine4Testing.java:put(205)) - s1: put 59, m29 -> (t:1, i:59), STATEMACHINELOGENTRY, 287@client-2F4FAE340DCA
2023-09-01 02:13:28,085 [s0@group-79E75C7987F5->s1-GrpcLogAppender-LogAppenderDaemon] INFO  leader.FollowerInfo (FollowerInfoImpl.java:lambda$new$0(52)) - s0@group-79E75C7987F5->s1: matchIndex: setUnconditionally -1 -> 191
2023-09-01 02:13:28,085 [s0@group-79E75C7987F5->s1-GrpcLogAppender-LogAppenderDaemon] INFO  leader.FollowerInfo (FollowerInfoImpl.java:lambda$new$0(52)) - s0@group-79E75C7987F5->s1: nextIndex: setUnconditionally 0 -> 192
2023-09-01 02:13:28,085 [s1@group-79E75C7987F5-StateMachineUpdater] INFO  impl.SimpleStateMachine4Testing (SimpleStateMachine4Testing.java:put(205)) - s1: put 61, m30 -> (t:1, i:61), STATEMACHINELOGENTRY, 288@client-2F4FAE340DCA
2023-09-01 02:13:28,085 [s0@group-79E75C7987F5->s1-GrpcLogAppender-LogAppenderDaemon] INFO  server.GrpcLogAppender (GrpcLogAppender.java:installSnapshot(679)) - s0@group-79E75C7987F5->s1-GrpcLogAppender: installed snapshot FileListSnapshotInfo(t:1, i:191):[/home/runner/work/ratis/ratis/ratis-test/target/test/data/1f94b248/MiniRaftClusterWithGrpc6a48d149/s0/5d568d59-1c4d-41a6-bf6a-79e75c7987f5/sm/snapshot/1.bin, /home/runner/work/ratis/ratis/ratis-test/target/test/data/1f94b248/MiniRaftClusterWithGrpc6a48d149/s0/5d568d59-1c4d-41a6-bf6a-79e75c7987f5/sm/snapshot/sub/2.bin, /home/runner/work/ratis/ratis/ratis-test/target/test/data/1f94b248/MiniRaftClusterWithGrpc6a48d149/s0/5d568d59-1c4d-41a6-bf6a-79e75c7987f5/sm/snapshot.1_191] successfully
2023-09-01 02:13:28,085 [s1@group-79E75C7987F5-StateMachineUpdater] INFO  impl.SimpleStateMachine4Testing (SimpleStateMachine4Testing.java:put(205)) - s1: put 63, m31 -> (t:1, i:63), STATEMACHINELOGENTRY, 289@client-2F4FAE340DCA
2023-09-01 02:13:28,085 [s1@group-79E75C7987F5-StateMachineUpdater] INFO  impl.SimpleStateMachine4Testing (SimpleStateMachine4Testing.java:put(205)) - s1: put 65, m32 -> (t:1, i:65), STATEMACHINELOGENTRY, 290@client-2F4FAE340DCA
2023-09-01 02:13:28,085 [s1@group-79E75C7987F5-StateMachineUpdater] INFO  impl.SimpleStateMachine4Testing (SimpleStateMachine4Testing.java:put(205)) - s1: put 67, m33 -> (t:1, i:67), STATEMACHINELOGENTRY, 291@client-2F4FAE340DCA
2023-09-01 02:13:28,085 [s1@group-79E75C7987F5-StateMachineUpdater] INFO  impl.SimpleStateMachine4Testing (SimpleStateMachine4Testing.java:put(205)) - s1: put 69, m34 -> (t:1, i:69), STATEMACHINELOGENTRY, 292@client-2F4FAE340DCA
2023-09-01 02:13:28,085 [s1@group-79E75C7987F5-StateMachineUpdater] INFO  impl.SimpleStateMachine4Testing (SimpleStateMachine4Testing.java:put(205)) - s1: put 71, m35 -> (t:1, i:71), STATEMACHINELOGENTRY, 293@client-2F4FAE340DCA
2023-09-01 02:13:28,085 [s1@group-79E75C7987F5-StateMachineUpdater] INFO  impl.SimpleStateMachine4Testing (SimpleStateMachine4Testing.java:put(205)) - s1: put 73, m36 -> (t:1, i:73), STATEMACHINELOGENTRY, 294@client-2F4FAE340DCA
2023-09-01 02:13:28,085 [s1@group-79E75C7987F5-StateMachineUpdater] INFO  impl.SimpleStateMachine4Testing (SimpleStateMachine4Testing.java:put(205)) - s1: put 75, m37 -> (t:1, i:75), STATEMACHINELOGENTRY, 295@client-2F4FAE340DCA
2023-09-01 02:13:28,085 [s1@group-79E75C7987F5-StateMachineUpdater] INFO  impl.SimpleStateMachine4Testing (SimpleStateMachine4Testing.java:put(205)) - s1: put 77, m38 -> (t:1, i:77), STATEMACHINELOGENTRY, 296@client-2F4FAE340DCA
2023-09-01 02:13:28,085 [s1@group-79E75C7987F5-StateMachineUpdater] INFO  impl.SimpleStateMachine4Testing (SimpleStateMachine4Testing.java:put(205)) - s1: put 79, m39 -> (t:1, i:79), STATEMACHINELOGENTRY, 297@client-2F4FAE340DCA
2023-09-01 02:13:28,085 [s1@group-79E75C7987F5-StateMachineUpdater] INFO  impl.SimpleStateMachine4Testing (SimpleStateMachine4Testing.java:put(205)) - s1: put 81, m40 -> (t:1, i:81), STATEMACHINELOGENTRY, 298@client-2F4FAE340DCA
2023-09-01 02:13:28,085 [s1@group-79E75C7987F5-StateMachineUpdater] INFO  impl.SimpleStateMachine4Testing (SimpleStateMachine4Testing.java:put(205)) - s1: put 83, m41 -> (t:1, i:83), STATEMACHINELOGENTRY, 299@client-2F4FAE340DCA
2023-09-01 02:13:28,085 [s1@group-79E75C7987F5-StateMachineUpdater] INFO  impl.SimpleStateMachine4Testing (SimpleStateMachine4Testing.java:put(205)) - s1: put 85, m42 -> (t:1, i:85), STATEMACHINELOGENTRY, 300@client-2F4FAE340DCA
2023-09-01 02:13:28,085 [s1@group-79E75C7987F5-StateMachineUpdater] INFO  impl.SimpleStateMachine4Testing (SimpleStateMachine4Testing.java:put(205)) - s1: put 87, m43 -> (t:1, i:87), STATEMACHINELOGENTRY, 301@client-2F4FAE340DCA
2023-09-01 02:13:28,085 [s1@group-79E75C7987F5-StateMachineUpdater] INFO  impl.SimpleStateMachine4Testing (SimpleStateMachine4Testing.java:put(205)) - s1: put 89, m44 -> (t:1, i:89), STATEMACHINELOGENTRY, 302@client-2F4FAE340DCA
2023-09-01 02:13:28,085 [s1@group-79E75C7987F5-StateMachineUpdater] INFO  impl.SimpleStateMachine4Testing (SimpleStateMachine4Testing.java:put(205)) - s1: put 91, m45 -> (t:1, i:91), STATEMACHINELOGENTRY, 303@client-2F4FAE340DCA
2023-09-01 02:13:28,085 [s1@group-79E75C7987F5-StateMachineUpdater] INFO  impl.SimpleStateMachine4Testing (SimpleStateMachine4Testing.java:put(205)) - s1: put 93, m46 -> (t:1, i:93), STATEMACHINELOGENTRY, 304@client-2F4FAE340DCA
2023-09-01 02:13:28,085 [s1@group-79E75C7987F5-StateMachineUpdater] INFO  impl.SimpleStateMachine4Testing (SimpleStateMachine4Testing.java:put(205)) - s1: put 95, m47 -> (t:1, i:95), STATEMACHINELOGENTRY, 305@client-2F4FAE340DCA
2023-09-01 02:13:28,085 [s1@group-79E75C7987F5-StateMachineUpdater] INFO  impl.SimpleStateMachine4Testing (SimpleStateMachine4Testing.java:put(205)) - s1: put 97, m48 -> (t:1, i:97), STATEMACHINELOGENTRY, 306@client-2F4FAE340DCA
2023-09-01 02:13:28,085 [s1@group-79E75C7987F5-StateMachineUpdater] INFO  impl.SimpleStateMachine4Testing (SimpleStateMachine4Testing.java:put(205)) - s1: put 99, m49 -> (t:1, i:99), STATEMACHINELOGENTRY, 307@client-2F4FAE340DCA
2023-09-01 02:13:28,085 [s1@group-79E75C7987F5-StateMachineUpdater] INFO  impl.SimpleStateMachine4Testing (SimpleStateMachine4Testing.java:put(205)) - s1: put 101, m50 -> (t:1, i:101), STATEMACHINELOGENTRY, 308@client-2F4FAE340DCA
2023-09-01 02:13:28,086 [s1@group-79E75C7987F5-StateMachineUpdater] INFO  impl.SimpleStateMachine4Testing (SimpleStateMachine4Testing.java:put(205)) - s1: put 103, m51 -> (t:1, i:103), STATEMACHINELOGENTRY, 309@client-2F4FAE340DCA
2023-09-01 02:13:28,086 [s1@group-79E75C7987F5-StateMachineUpdater] INFO  impl.SimpleStateMachine4Testing (SimpleStateMachine4Testing.java:put(205)) - s1: put 105, m52 -> (t:1, i:105), STATEMACHINELOGENTRY, 310@client-2F4FAE340DCA
2023-09-01 02:13:28,086 [s1@group-79E75C7987F5-StateMachineUpdater] INFO  impl.SimpleStateMachine4Testing (SimpleStateMachine4Testing.java:put(205)) - s1: put 107, m53 -> (t:1, i:107), STATEMACHINELOGENTRY, 311@client-2F4FAE340DCA
2023-09-01 02:13:28,086 [s1@group-79E75C7987F5-StateMachineUpdater] INFO  impl.SimpleStateMachine4Testing (SimpleStateMachine4Testing.java:put(205)) - s1: put 109, m54 -> (t:1, i:109), STATEMACHINELOGENTRY, 312@client-2F4FAE340DCA
2023-09-01 02:13:28,086 [s1@group-79E75C7987F5-StateMachineUpdater] INFO  impl.SimpleStateMachine4Testing (SimpleStateMachine4Testing.java:put(205)) - s1: put 111, m55 -> (t:1, i:111), STATEMACHINELOGENTRY, 313@client-2F4FAE340DCA
2023-09-01 02:13:28,086 [s1@group-79E75C7987F5-StateMachineUpdater] INFO  impl.SimpleStateMachine4Testing (SimpleStateMachine4Testing.java:put(205)) - s1: put 113, m56 -> (t:1, i:113), STATEMACHINELOGENTRY, 314@client-2F4FAE340DCA
2023-09-01 02:13:28,086 [s1@group-79E75C7987F5-StateMachineUpdater] INFO  impl.SimpleStateMachine4Testing (SimpleStateMachine4Testing.java:put(205)) - s1: put 115, m57 -> (t:1, i:115), STATEMACHINELOGENTRY, 315@client-2F4FAE340DCA
2023-09-01 02:13:28,086 [s1@group-79E75C7987F5-StateMachineUpdater] INFO  impl.SimpleStateMachine4Testing (SimpleStateMachine4Testing.java:put(205)) - s1: put 117, m58 -> (t:1, i:117), STATEMACHINELOGENTRY, 316@client-2F4FAE340DCA
2023-09-01 02:13:28,086 [s1@group-79E75C7987F5-StateMachineUpdater] INFO  impl.SimpleStateMachine4Testing (SimpleStateMachine4Testing.java:put(205)) - s1: put 119, m59 -> (t:1, i:119), STATEMACHINELOGENTRY, 317@client-2F4FAE340DCA
2023-09-01 02:13:28,086 [s1@group-79E75C7987F5-StateMachineUpdater] INFO  impl.SimpleStateMachine4Testing (SimpleStateMachine4Testing.java:put(205)) - s1: put 121, m60 -> (t:1, i:121), STATEMACHINELOGENTRY, 318@client-2F4FAE340DCA
2023-09-01 02:13:28,086 [s1@group-79E75C7987F5-StateMachineUpdater] INFO  impl.SimpleStateMachine4Testing (SimpleStateMachine4Testing.java:put(205)) - s1: put 123, m61 -> (t:1, i:123), STATEMACHINELOGENTRY, 319@client-2F4FAE340DCA
2023-09-01 02:13:28,086 [s1@group-79E75C7987F5-StateMachineUpdater] INFO  impl.SimpleStateMachine4Testing (SimpleStateMachine4Testing.java:put(205)) - s1: put 125, m62 -> (t:1, i:125), STATEMACHINELOGENTRY, 320@client-2F4FAE340DCA
2023-09-01 02:13:28,086 [s1@group-79E75C7987F5-StateMachineUpdater] INFO  impl.SimpleStateMachine4Testing (SimpleStateMachine4Testing.java:put(205)) - s1: put 127, m63 -> (t:1, i:127), STATEMACHINELOGENTRY, 321@client-2F4FAE340DCA
2023-09-01 02:13:28,086 [s1@group-79E75C7987F5-StateMachineUpdater] INFO  impl.SimpleStateMachine4Testing (SimpleStateMachine4Testing.java:put(205)) - s1: put 129, m64 -> (t:1, i:129), STATEMACHINELOGENTRY, 322@client-2F4FAE340DCA
2023-09-01 02:13:28,086 [s1@group-79E75C7987F5-StateMachineUpdater] INFO  impl.SimpleStateMachine4Testing (SimpleStateMachine4Testing.java:put(205)) - s1: put 131, m65 -> (t:1, i:131), STATEMACHINELOGENTRY, 323@client-2F4FAE340DCA
2023-09-01 02:13:28,086 [s1@group-79E75C7987F5-StateMachineUpdater] INFO  impl.SimpleStateMachine4Testing (SimpleStateMachine4Testing.java:put(205)) - s1: put 133, m66 -> (t:1, i:133), STATEMACHINELOGENTRY, 324@client-2F4FAE340DCA
2023-09-01 02:13:28,086 [s1@group-79E75C7987F5-StateMachineUpdater] INFO  impl.SimpleStateMachine4Testing (SimpleStateMachine4Testing.java:put(205)) - s1: put 135, m67 -> (t:1, i:135), STATEMACHINELOGENTRY, 325@client-2F4FAE340DCA
2023-09-01 02:13:28,086 [s1@group-79E75C7987F5-StateMachineUpdater] INFO  impl.SimpleStateMachine4Testing (SimpleStateMachine4Testing.java:put(205)) - s1: put 137, m68 -> (t:1, i:137), STATEMACHINELOGENTRY, 326@client-2F4FAE340DCA
2023-09-01 02:13:28,086 [s1@group-79E75C7987F5-StateMachineUpdater] INFO  impl.SimpleStateMachine4Testing (SimpleStateMachine4Testing.java:put(205)) - s1: put 139, m69 -> (t:1, i:139), STATEMACHINELOGENTRY, 327@client-2F4FAE340DCA
2023-09-01 02:13:28,086 [s1@group-79E75C7987F5-StateMachineUpdater] INFO  impl.SimpleStateMachine4Testing (SimpleStateMachine4Testing.java:put(205)) - s1: put 141, m70 -> (t:1, i:141), STATEMACHINELOGENTRY, 328@client-2F4FAE340DCA
2023-09-01 02:13:28,086 [s1@group-79E75C7987F5-StateMachineUpdater] INFO  impl.SimpleStateMachine4Testing (SimpleStateMachine4Testing.java:put(205)) - s1: put 143, m71 -> (t:1, i:143), STATEMACHINELOGENTRY, 329@client-2F4FAE340DCA
2023-09-01 02:13:28,086 [s1@group-79E75C7987F5-StateMachineUpdater] INFO  impl.SimpleStateMachine4Testing (SimpleStateMachine4Testing.java:put(205)) - s1: put 145, m72 -> (t:1, i:145), STATEMACHINELOGENTRY, 330@client-2F4FAE340DCA
2023-09-01 02:13:28,086 [s1@group-79E75C7987F5-StateMachineUpdater] INFO  impl.SimpleStateMachine4Testing (SimpleStateMachine4Testing.java:put(205)) - s1: put 147, m73 -> (t:1, i:147), STATEMACHINELOGENTRY, 331@client-2F4FAE340DCA
2023-09-01 02:13:28,087 [s1@group-79E75C7987F5-StateMachineUpdater] INFO  impl.SimpleStateMachine4Testing (SimpleStateMachine4Testing.java:put(205)) - s1: put 149, m74 -> (t:1, i:149), STATEMACHINELOGENTRY, 332@client-2F4FAE340DCA
2023-09-01 02:13:28,087 [s1@group-79E75C7987F5-StateMachineUpdater] INFO  impl.SimpleStateMachine4Testing (SimpleStateMachine4Testing.java:put(205)) - s1: put 151, m75 -> (t:1, i:151), STATEMACHINELOGENTRY, 333@client-2F4FAE340DCA
2023-09-01 02:13:28,087 [s1@group-79E75C7987F5-StateMachineUpdater] INFO  impl.SimpleStateMachine4Testing (SimpleStateMachine4Testing.java:put(205)) - s1: put 153, m76 -> (t:1, i:153), STATEMACHINELOGENTRY, 334@client-2F4FAE340DCA
2023-09-01 02:13:28,089 [s1@group-79E75C7987F5-StateMachineUpdater] INFO  impl.SimpleStateMachine4Testing (SimpleStateMachine4Testing.java:put(205)) - s1: put 155, m77 -> (t:1, i:155), STATEMACHINELOGENTRY, 335@client-2F4FAE340DCA
2023-09-01 02:13:28,089 [s1@group-79E75C7987F5-StateMachineUpdater] INFO  impl.SimpleStateMachine4Testing (SimpleStateMachine4Testing.java:put(205)) - s1: put 157, m78 -> (t:1, i:157), STATEMACHINELOGENTRY, 336@client-2F4FAE340DCA
2023-09-01 02:13:28,089 [s1@group-79E75C7987F5-StateMachineUpdater] INFO  impl.SimpleStateMachine4Testing (SimpleStateMachine4Testing.java:put(205)) - s1: put 159, m79 -> (t:1, i:159), STATEMACHINELOGENTRY, 337@client-2F4FAE340DCA
2023-09-01 02:13:28,090 [s1@group-79E75C7987F5-StateMachineUpdater] INFO  impl.SimpleStateMachine4Testing (SimpleStateMachine4Testing.java:put(205)) - s1: put 161, m80 -> (t:1, i:161), STATEMACHINELOGENTRY, 338@client-2F4FAE340DCA
2023-09-01 02:13:28,090 [s1@group-79E75C7987F5-StateMachineUpdater] INFO  impl.SimpleStateMachine4Testing (SimpleStateMachine4Testing.java:put(205)) - s1: put 163, m81 -> (t:1, i:163), STATEMACHINELOGENTRY, 339@client-2F4FAE340DCA
2023-09-01 02:13:28,090 [s1@group-79E75C7987F5-StateMachineUpdater] INFO  impl.SimpleStateMachine4Testing (SimpleStateMachine4Testing.java:put(205)) - s1: put 165, m82 -> (t:1, i:165), STATEMACHINELOGENTRY, 340@client-2F4FAE340DCA
2023-09-01 02:13:28,090 [s1@group-79E75C7987F5-StateMachineUpdater] INFO  impl.SimpleStateMachine4Testing (SimpleStateMachine4Testing.java:put(205)) - s1: put 167, m83 -> (t:1, i:167), STATEMACHINELOGENTRY, 341@client-2F4FAE340DCA
2023-09-01 02:13:28,090 [s1@group-79E75C7987F5-StateMachineUpdater] INFO  impl.SimpleStateMachine4Testing (SimpleStateMachine4Testing.java:put(205)) - s1: put 169, m84 -> (t:1, i:169), STATEMACHINELOGENTRY, 342@client-2F4FAE340DCA
2023-09-01 02:13:28,090 [s1@group-79E75C7987F5-StateMachineUpdater] INFO  impl.SimpleStateMachine4Testing (SimpleStateMachine4Testing.java:put(205)) - s1: put 171, m85 -> (t:1, i:171), STATEMACHINELOGENTRY, 343@client-2F4FAE340DCA
2023-09-01 02:13:28,090 [s1@group-79E75C7987F5-StateMachineUpdater] INFO  impl.SimpleStateMachine4Testing (SimpleStateMachine4Testing.java:put(205)) - s1: put 173, m86 -> (t:1, i:173), STATEMACHINELOGENTRY, 344@client-2F4FAE340DCA
2023-09-01 02:13:28,090 [s1@group-79E75C7987F5-StateMachineUpdater] INFO  impl.SimpleStateMachine4Testing (SimpleStateMachine4Testing.java:put(205)) - s1: put 175, m87 -> (t:1, i:175), STATEMACHINELOGENTRY, 345@client-2F4FAE340DCA
2023-09-01 02:13:28,090 [s1@group-79E75C7987F5-StateMachineUpdater] INFO  impl.SimpleStateMachine4Testing (SimpleStateMachine4Testing.java:put(205)) - s1: put 177, m88 -> (t:1, i:177), STATEMACHINELOGENTRY, 346@client-2F4FAE340DCA
2023-09-01 02:13:28,090 [s1@group-79E75C7987F5-StateMachineUpdater] INFO  impl.SimpleStateMachine4Testing (SimpleStateMachine4Testing.java:put(205)) - s1: put 179, m89 -> (t:1, i:179), STATEMACHINELOGENTRY, 347@client-2F4FAE340DCA
2023-09-01 02:13:28,090 [s1@group-79E75C7987F5-StateMachineUpdater] INFO  impl.SimpleStateMachine4Testing (SimpleStateMachine4Testing.java:put(205)) - s1: put 181, m90 -> (t:1, i:181), STATEMACHINELOGENTRY, 348@client-2F4FAE340DCA
2023-09-01 02:13:28,090 [s1@group-79E75C7987F5-StateMachineUpdater] INFO  impl.SimpleStateMachine4Testing (SimpleStateMachine4Testing.java:put(205)) - s1: put 183, m91 -> (t:1, i:183), STATEMACHINELOGENTRY, 349@client-2F4FAE340DCA
2023-09-01 02:13:28,090 [s1@group-79E75C7987F5-StateMachineUpdater] INFO  impl.SimpleStateMachine4Testing (SimpleStateMachine4Testing.java:put(205)) - s1: put 185, m92 -> (t:1, i:185), STATEMACHINELOGENTRY, 350@client-2F4FAE340DCA
2023-09-01 02:13:28,090 [s1@group-79E75C7987F5-StateMachineUpdater] INFO  impl.SimpleStateMachine4Testing (SimpleStateMachine4Testing.java:put(205)) - s1: put 187, m93 -> (t:1, i:187), STATEMACHINELOGENTRY, 351@client-2F4FAE340DCA
2023-09-01 02:13:28,090 [s1@group-79E75C7987F5-StateMachineUpdater] INFO  impl.SimpleStateMachine4Testing (SimpleStateMachine4Testing.java:put(205)) - s1: put 189, m94 -> (t:1, i:189), STATEMACHINELOGENTRY, 352@client-2F4FAE340DCA
2023-09-01 02:13:28,090 [s1@group-79E75C7987F5-StateMachineUpdater] INFO  impl.SimpleStateMachine4Testing (SimpleStateMachine4Testing.java:put(205)) - s1: put 191, m95 -> (t:1, i:191), STATEMACHINELOGENTRY, 353@client-2F4FAE340DCA
2023-09-01 02:13:28,090 [s1@group-79E75C7987F5-StateMachineUpdater] INFO  impl.StateMachineUpdater (StateMachineUpdater.java:lambda$new$0(98)) - s1@group-79E75C7987F5-StateMachineUpdater: snapshotIndex: setUnconditionally -1 -> 191
2023-09-01 02:13:28,090 [s1@group-79E75C7987F5-StateMachineUpdater] INFO  impl.StateMachineUpdater (StateMachineUpdater.java:lambda$new$0(98)) - s1@group-79E75C7987F5-StateMachineUpdater: appliedIndex: setUnconditionally -1 -> 191
2023-09-01 02:13:28,096 [s1-server-thread1] INFO  impl.RoleInfo (RoleInfo.java:updateAndGet(138)) - s1: start s1@group-79E75C7987F5-FollowerState
2023-09-01 02:13:28,107 [s1-server-thread2] INFO  segmented.SegmentedRaftLogWorker (SegmentedRaftLogWorker.java:startLogSegment(427)) - s1@group-79E75C7987F5-SegmentedRaftLogWorker: Starting segment from index:192
2023-09-01 02:13:28,115 [s1@group-79E75C7987F5-SegmentedRaftLogWorker] INFO  segmented.SegmentedRaftLogWorker (SegmentedRaftLogWorker.java:execute(631)) - s1@group-79E75C7987F5-SegmentedRaftLogWorker: created new log segment /home/runner/work/ratis/ratis/ratis-test/target/test/data/1f94b248/MiniRaftClusterWithGrpc6a48d149/s1/5d568d59-1c4d-41a6-bf6a-79e75c7987f5/current/log_inprogress_192
2023-09-01 02:13:28,121 [s1@group-79E75C7987F5-StateMachineUpdater] INFO  impl.SimpleStateMachine4Testing (SimpleStateMachine4Testing.java:put(205)) - s1: put 193, m96 -> (t:1, i:193), STATEMACHINELOGENTRY, 354@client-2F4FAE340DCA
2023-09-01 02:13:28,121 [s1@group-79E75C7987F5-StateMachineUpdater] INFO  impl.SimpleStateMachine4Testing (SimpleStateMachine4Testing.java:put(205)) - s1: put 195, m97 -> (t:1, i:195), STATEMACHINELOGENTRY, 355@client-2F4FAE340DCA
2023-09-01 02:13:28,121 [s1@group-79E75C7987F5-StateMachineUpdater] INFO  impl.SimpleStateMachine4Testing (SimpleStateMachine4Testing.java:put(205)) - s1: put 197, m98 -> (t:1, i:197), STATEMACHINELOGENTRY, 356@client-2F4FAE340DCA
2023-09-01 02:13:28,121 [s1@group-79E75C7987F5-StateMachineUpdater] INFO  impl.SimpleStateMachine4Testing (SimpleStateMachine4Testing.java:put(205)) - s1: put 199, m99 -> (t:1, i:199), STATEMACHINELOGENTRY, 357@client-2F4FAE340DCA
2023-09-01 02:13:28,121 [s1@group-79E75C7987F5-StateMachineUpdater] INFO  impl.SimpleStateMachine4Testing (SimpleStateMachine4Testing.java:put(205)) - s1: put 201, m100 -> (t:1, i:201), STATEMACHINELOGENTRY, 358@client-2F4FAE340DCA
2023-09-01 02:13:28,121 [s1@group-79E75C7987F5-StateMachineUpdater] INFO  impl.SimpleStateMachine4Testing (SimpleStateMachine4Testing.java:put(205)) - s1: put 203, m101 -> (t:1, i:203), STATEMACHINELOGENTRY, 359@client-2F4FAE340DCA
2023-09-01 02:13:28,122 [s1@group-79E75C7987F5-StateMachineUpdater] INFO  impl.SimpleStateMachine4Testing (SimpleStateMachine4Testing.java:put(205)) - s1: put 205, m102 -> (t:1, i:205), STATEMACHINELOGENTRY, 360@client-2F4FAE340DCA
2023-09-01 02:13:28,122 [s1@group-79E75C7987F5-StateMachineUpdater] INFO  impl.SimpleStateMachine4Testing (SimpleStateMachine4Testing.java:put(205)) - s1: put 207, m103 -> (t:1, i:207), STATEMACHINELOGENTRY, 361@client-2F4FAE340DCA
2023-09-01 02:13:28,122 [s1@group-79E75C7987F5-StateMachineUpdater] INFO  impl.SimpleStateMachine4Testing (SimpleStateMachine4Testing.java:put(205)) - s1: put 209, m104 -> (t:1, i:209), STATEMACHINELOGENTRY, 362@client-2F4FAE340DCA
2023-09-01 02:13:28,122 [s1@group-79E75C7987F5-StateMachineUpdater] INFO  impl.SimpleStateMachine4Testing (SimpleStateMachine4Testing.java:put(205)) - s1: put 211, m105 -> (t:1, i:211), STATEMACHINELOGENTRY, 363@client-2F4FAE340DCA
2023-09-01 02:13:28,122 [s1@group-79E75C7987F5-StateMachineUpdater] INFO  impl.SimpleStateMachine4Testing (SimpleStateMachine4Testing.java:put(205)) - s1: put 213, m106 -> (t:1, i:213), STATEMACHINELOGENTRY, 364@client-2F4FAE340DCA
2023-09-01 02:13:28,122 [s1@group-79E75C7987F5-StateMachineUpdater] INFO  impl.SimpleStateMachine4Testing (SimpleStateMachine4Testing.java:put(205)) - s1: put 215, m107 -> (t:1, i:215), STATEMACHINELOGENTRY, 365@client-2F4FAE340DCA
2023-09-01 02:13:28,122 [s1@group-79E75C7987F5-StateMachineUpdater] INFO  impl.SimpleStateMachine4Testing (SimpleStateMachine4Testing.java:put(205)) - s1: put 217, m108 -> (t:1, i:217), STATEMACHINELOGENTRY, 366@client-2F4FAE340DCA
2023-09-01 02:13:28,122 [s1@group-79E75C7987F5-StateMachineUpdater] INFO  impl.SimpleStateMachine4Testing (SimpleStateMachine4Testing.java:put(205)) - s1: put 219, m109 -> (t:1, i:219), STATEMACHINELOGENTRY, 367@client-2F4FAE340DCA
2023-09-01 02:13:28,122 [s1@group-79E75C7987F5-StateMachineUpdater] INFO  impl.SimpleStateMachine4Testing (SimpleStateMachine4Testing.java:put(205)) - s1: put 221, m110 -> (t:1, i:221), STATEMACHINELOGENTRY, 368@client-2F4FAE340DCA
2023-09-01 02:13:28,122 [s1@group-79E75C7987F5-StateMachineUpdater] INFO  impl.SimpleStateMachine4Testing (SimpleStateMachine4Testing.java:put(205)) - s1: put 223, m111 -> (t:1, i:223), STATEMACHINELOGENTRY, 369@client-2F4FAE340DCA
2023-09-01 02:13:28,122 [s1@group-79E75C7987F5-StateMachineUpdater] INFO  impl.SimpleStateMachine4Testing (SimpleStateMachine4Testing.java:put(205)) - s1: put 225, m112 -> (t:1, i:225), STATEMACHINELOGENTRY, 370@client-2F4FAE340DCA
2023-09-01 02:13:28,123 [s1@group-79E75C7987F5-StateMachineUpdater] INFO  impl.SimpleStateMachine4Testing (SimpleStateMachine4Testing.java:put(205)) - s1: put 227, m113 -> (t:1, i:227), STATEMACHINELOGENTRY, 371@client-2F4FAE340DCA
2023-09-01 02:13:28,123 [s1@group-79E75C7987F5-StateMachineUpdater] INFO  impl.SimpleStateMachine4Testing (SimpleStateMachine4Testing.java:put(205)) - s1: put 229, m114 -> (t:1, i:229), STATEMACHINELOGENTRY, 372@client-2F4FAE340DCA
2023-09-01 02:13:28,123 [s1@group-79E75C7987F5-StateMachineUpdater] INFO  impl.SimpleStateMachine4Testing (SimpleStateMachine4Testing.java:put(205)) - s1: put 231, m115 -> (t:1, i:231), STATEMACHINELOGENTRY, 373@client-2F4FAE340DCA
2023-09-01 02:13:28,123 [s1@group-79E75C7987F5-StateMachineUpdater] INFO  impl.SimpleStateMachine4Testing (SimpleStateMachine4Testing.java:put(205)) - s1: put 233, m116 -> (t:1, i:233), STATEMACHINELOGENTRY, 374@client-2F4FAE340DCA
2023-09-01 02:13:28,123 [s1@group-79E75C7987F5-StateMachineUpdater] INFO  impl.SimpleStateMachine4Testing (SimpleStateMachine4Testing.java:put(205)) - s1: put 235, m117 -> (t:1, i:235), STATEMACHINELOGENTRY, 375@client-2F4FAE340DCA
2023-09-01 02:13:28,123 [s1@group-79E75C7987F5-StateMachineUpdater] INFO  impl.SimpleStateMachine4Testing (SimpleStateMachine4Testing.java:put(205)) - s1: put 237, m118 -> (t:1, i:237), STATEMACHINELOGENTRY, 376@client-2F4FAE340DCA
2023-09-01 02:13:28,123 [s1@group-79E75C7987F5-StateMachineUpdater] INFO  impl.SimpleStateMachine4Testing (SimpleStateMachine4Testing.java:put(205)) - s1: put 239, m119 -> (t:1, i:239), STATEMACHINELOGENTRY, 377@client-2F4FAE340DCA
2023-09-01 02:13:28,123 [s1@group-79E75C7987F5-StateMachineUpdater] INFO  impl.SimpleStateMachine4Testing (SimpleStateMachine4Testing.java:put(205)) - s1: put 241, m120 -> (t:1, i:241), STATEMACHINELOGENTRY, 378@client-2F4FAE340DCA
2023-09-01 02:13:28,123 [s1@group-79E75C7987F5-StateMachineUpdater] INFO  impl.SimpleStateMachine4Testing (SimpleStateMachine4Testing.java:put(205)) - s1: put 243, m121 -> (t:1, i:243), STATEMACHINELOGENTRY, 379@client-2F4FAE340DCA
2023-09-01 02:13:28,123 [s1@group-79E75C7987F5-StateMachineUpdater] INFO  impl.SimpleStateMachine4Testing (SimpleStateMachine4Testing.java:put(205)) - s1: put 245, m122 -> (t:1, i:245), STATEMACHINELOGENTRY, 380@client-2F4FAE340DCA
2023-09-01 02:13:28,123 [s1@group-79E75C7987F5-StateMachineUpdater] INFO  impl.SimpleStateMachine4Testing (SimpleStateMachine4Testing.java:put(205)) - s1: put 247, m123 -> (t:1, i:247), STATEMACHINELOGENTRY, 381@client-2F4FAE340DCA
2023-09-01 02:13:28,124 [s1@group-79E75C7987F5-StateMachineUpdater] INFO  impl.SimpleStateMachine4Testing (SimpleStateMachine4Testing.java:put(205)) - s1: put 249, m124 -> (t:1, i:249), STATEMACHINELOGENTRY, 382@client-2F4FAE340DCA
2023-09-01 02:13:28,124 [s1@group-79E75C7987F5-StateMachineUpdater] INFO  impl.SimpleStateMachine4Testing (SimpleStateMachine4Testing.java:put(205)) - s1: put 251, m125 -> (t:1, i:251), STATEMACHINELOGENTRY, 383@client-2F4FAE340DCA
2023-09-01 02:13:28,124 [s1@group-79E75C7987F5-StateMachineUpdater] INFO  impl.SimpleStateMachine4Testing (SimpleStateMachine4Testing.java:put(205)) - s1: put 253, m126 -> (t:1, i:253), STATEMACHINELOGENTRY, 384@client-2F4FAE340DCA
2023-09-01 02:13:28,124 [s0@group-79E75C7987F5-LeaderStateImpl] INFO  server.RaftServer$Division (ServerState.java:setRaftConf(377)) - s0@group-79E75C7987F5: set configuration 255: peers:[s0|rpc:localhost:44295|admin:localhost:38859|client:localhost:46071|dataStream:localhost:36715|priority:0|startupRole:FOLLOWER, s1|rpc:0.0.0.0:34359|dataStream:|priority:0|startupRole:FOLLOWER, s2|rpc:0.0.0.0:43093|dataStream:|priority:0|startupRole:FOLLOWER]|listeners:[], old=peers:[s0|rpc:localhost:44295|admin:localhost:38859|client:localhost:46071|dataStream:localhost:36715|priority:0|startupRole:FOLLOWER]|listeners:[]
2023-09-01 02:13:28,125 [s1-server-thread2] INFO  server.RaftServer$Division (ServerState.java:setRaftConf(377)) - s1@group-79E75C7987F5: set configuration 255: peers:[s0|rpc:localhost:44295|admin:localhost:38859|client:localhost:46071|dataStream:localhost:36715|priority:0|startupRole:FOLLOWER, s1|rpc:0.0.0.0:34359|dataStream:|priority:0|startupRole:FOLLOWER, s2|rpc:0.0.0.0:43093|dataStream:|priority:0|startupRole:FOLLOWER]|listeners:[], old=peers:[s0|rpc:localhost:44295|admin:localhost:38859|client:localhost:46071|dataStream:localhost:36715|priority:0|startupRole:FOLLOWER]|listeners:[]
2023-09-01 02:13:28,126 [s0@group-79E75C7987F5-LeaderStateImpl] INFO  server.RaftServer$Division (ServerState.java:setRaftConf(377)) - s0@group-79E75C7987F5: set configuration 257: peers:[s0|rpc:localhost:44295|admin:localhost:38859|client:localhost:46071|dataStream:localhost:36715|priority:0|startupRole:FOLLOWER, s1|rpc:0.0.0.0:34359|dataStream:|priority:0|startupRole:FOLLOWER, s2|rpc:0.0.0.0:43093|dataStream:|priority:0|startupRole:FOLLOWER]|listeners:[], old=null
2023-09-01 02:13:28,136 [s1-server-thread2] INFO  server.RaftServer$Division (ServerState.java:setRaftConf(377)) - s1@group-79E75C7987F5: set configuration 257: peers:[s0|rpc:localhost:44295|admin:localhost:38859|client:localhost:46071|dataStream:localhost:36715|priority:0|startupRole:FOLLOWER, s1|rpc:0.0.0.0:34359|dataStream:|priority:0|startupRole:FOLLOWER, s2|rpc:0.0.0.0:43093|dataStream:|priority:0|startupRole:FOLLOWER]|listeners:[], old=null
2023-09-01 02:13:28,136 [s0@group-79E75C7987F5-StateMachineUpdater] INFO  impl.StateMachineUpdater (StateMachineUpdater.java:takeSnapshot(295)) - s0@group-79E75C7987F5-StateMachineUpdater: Took a snapshot at index 255
2023-09-01 02:13:28,136 [s0@group-79E75C7987F5-StateMachineUpdater] INFO  impl.StateMachineUpdater (StateMachineUpdater.java:lambda$new$0(98)) - s0@group-79E75C7987F5-StateMachineUpdater: snapshotIndex: updateIncreasingly 191 -> 255
2023-09-01 02:13:28,149 [s1@group-79E75C7987F5-StateMachineUpdater] INFO  impl.StateMachineUpdater (StateMachineUpdater.java:takeSnapshot(295)) - s1@group-79E75C7987F5-StateMachineUpdater: Took a snapshot at index 255
2023-09-01 02:13:28,149 [s1@group-79E75C7987F5-StateMachineUpdater] INFO  impl.StateMachineUpdater (StateMachineUpdater.java:lambda$new$0(98)) - s1@group-79E75C7987F5-StateMachineUpdater: snapshotIndex: updateIncreasingly 191 -> 255
2023-09-01 02:13:28,155 [Time-limited test] INFO  server.RaftServerConfigKeys (ConfUtils.java:logGet(46)) - raft.server.rpc.timeout.max = 300ms (default)
2023-09-01 02:13:28,156 [Time-limited test] INFO  impl.RaftServerTestUtil (RaftServerTestUtil.java:waitAndCheckNewConf(87)) - waitAndCheckNewConf: peers=[s1|rpc:0.0.0.0:34359|priority:0|startupRole:FOLLOWER, s2|rpc:0.0.0.0:43093|priority:0|startupRole:FOLLOWER, s0|rpc:localhost:44295|admin:localhost:38859|client:localhost:46071|dataStream:localhost:36715|priority:0|startupRole:FOLLOWER], deadPeers=null, printing ALL groups
  s0:  RUNNING    LEADER s0@group-79E75C7987F5:t1, leader=s0, voted=s0, raftlog=Memoized:s0@group-79E75C7987F5-SegmentedRaftLog:OPENED:c258, conf=257: peers:[s0|rpc:localhost:44295|admin:localhost:38859|client:localhost:46071|dataStream:localhost:36715|priority:0|startupRole:FOLLOWER, s1|rpc:0.0.0.0:34359|dataStream:|priority:0|startupRole:FOLLOWER, s2|rpc:0.0.0.0:43093|dataStream:|priority:0|startupRole:FOLLOWER]|listeners:[], old=null RUNNING
  s1:  RUNNING  FOLLOWER s1@group-79E75C7987F5:t1, leader=s0, voted=null, raftlog=Memoized:s1@group-79E75C7987F5-SegmentedRaftLog:OPENED:c257, conf=257: peers:[s0|rpc:localhost:44295|admin:localhost:38859|client:localhost:46071|dataStream:localhost:36715|priority:0|startupRole:FOLLOWER, s1|rpc:0.0.0.0:34359|dataStream:|priority:0|startupRole:FOLLOWER, s2|rpc:0.0.0.0:43093|dataStream:|priority:0|startupRole:FOLLOWER]|listeners:[], old=null RUNNING
  s2:  RUNNING  FOLLOWER s2@group-79E75C7987F5:t1, leader=s0, voted=null, raftlog=Memoized:s2@group-79E75C7987F5-SegmentedRaftLog:OPENED:c-1, conf=0: peers:[s0|rpc:localhost:44295|admin:localhost:38859|client:localhost:46071|dataStream:localhost:36715|priority:0|startupRole:FOLLOWER]|listeners:[], old=null STARTING
2023-09-01 02:13:28,156 [Time-limited test] INFO  impl.RaftServerTestUtil (RaftServerTestUtil.java:waitAndCheckNewConf(96)) - checking    LEADER s0@group-79E75C7987F5:t1, leader=s0, voted=s0, raftlog=Memoized:s0@group-79E75C7987F5-SegmentedRaftLog:OPENED:c258, conf=257: peers:[s0|rpc:localhost:44295|admin:localhost:38859|client:localhost:46071|dataStream:localhost:36715|priority:0|startupRole:FOLLOWER, s1|rpc:0.0.0.0:34359|dataStream:|priority:0|startupRole:FOLLOWER, s2|rpc:0.0.0.0:43093|dataStream:|priority:0|startupRole:FOLLOWER]|listeners:[], old=null RUNNING
2023-09-01 02:13:28,156 [Time-limited test] INFO  impl.RaftServerTestUtil (RaftServerTestUtil.java:waitAndCheckNewConf(96)) - checking  FOLLOWER s1@group-79E75C7987F5:t1, leader=s0, voted=null, raftlog=Memoized:s1@group-79E75C7987F5-SegmentedRaftLog:OPENED:c257, conf=257: peers:[s0|rpc:localhost:44295|admin:localhost:38859|client:localhost:46071|dataStream:localhost:36715|priority:0|startupRole:FOLLOWER, s1|rpc:0.0.0.0:34359|dataStream:|priority:0|startupRole:FOLLOWER, s2|rpc:0.0.0.0:43093|dataStream:|priority:0|startupRole:FOLLOWER]|listeners:[], old=null RUNNING
2023-09-01 02:13:28,156 [Time-limited test] INFO  impl.RaftServerTestUtil (RaftServerTestUtil.java:waitAndCheckNewConf(96)) - checking  FOLLOWER s2@group-79E75C7987F5:t1, leader=s0, voted=null, raftlog=Memoized:s2@group-79E75C7987F5-SegmentedRaftLog:OPENED:c-1, conf=0: peers:[s0|rpc:localhost:44295|admin:localhost:38859|client:localhost:46071|dataStream:localhost:36715|priority:0|startupRole:FOLLOWER]|listeners:[], old=null STARTING
2023-09-01 02:13:28,156 [Time-limited test] WARN  impl.RaftServerTestUtil (JavaUtils.java:attempt(217)) - FAILED "waitAndCheckNewConf", attempt #1/10: java.lang.AssertionError, sleep 600ms and then retry.
java.lang.AssertionError
	at org.junit.Assert.fail(Assert.java:87)
	at org.junit.Assert.assertTrue(Assert.java:42)
	at org.junit.Assert.assertTrue(Assert.java:53)
	at org.apache.ratis.server.impl.RaftServerTestUtil.waitAndCheckNewConf(RaftServerTestUtil.java:107)
	at org.apache.ratis.server.impl.RaftServerTestUtil.lambda$waitAndCheckNewConf$3(RaftServerTestUtil.java:82)
	at org.apache.ratis.util.function.CheckedRunnable.lambda$asCheckedSupplier$0(CheckedRunnable.java:32)
	at org.apache.ratis.util.JavaUtils.attempt(JavaUtils.java:211)
	at org.apache.ratis.util.JavaUtils.attemptRepeatedly(JavaUtils.java:197)
	at org.apache.ratis.util.JavaUtils.attempt(JavaUtils.java:231)
	at org.apache.ratis.server.impl.RaftServerTestUtil.waitAndCheckNewConf(RaftServerTestUtil.java:82)
	at org.apache.ratis.InstallSnapshotFromLeaderTests.testMultiFileInstallSnapshot(InstallSnapshotFromLeaderTests.java:116)
	at org.apache.ratis.server.impl.MiniRaftCluster$Factory$Get.runWithNewCluster(MiniRaftCluster.java:141)
	at org.apache.ratis.server.impl.MiniRaftCluster$Factory$Get.runWithNewCluster(MiniRaftCluster.java:121)
	at org.apache.ratis.InstallSnapshotFromLeaderTests.testMultiFileInstallSnapshot(InstallSnapshotFromLeaderTests.java:80)
	at java.base/jdk.internal.reflect.NativeMethodAccessorImpl.invoke0(Native Method)
	at java.base/jdk.internal.reflect.NativeMethodAccessorImpl.invoke(NativeMethodAccessorImpl.java:62)
	at java.base/jdk.internal.reflect.DelegatingMethodAccessorImpl.invoke(DelegatingMethodAccessorImpl.java:43)
	at java.base/java.lang.reflect.Method.invoke(Method.java:566)
	at org.junit.runners.model.FrameworkMethod$1.runReflectiveCall(FrameworkMethod.java:59)
	at org.junit.internal.runners.model.ReflectiveCallable.run(ReflectiveCallable.java:12)
	at org.junit.runners.model.FrameworkMethod.invokeExplosively(FrameworkMethod.java:56)
	at org.junit.internal.runners.statements.InvokeMethod.evaluate(InvokeMethod.java:17)
	at org.junit.internal.runners.statements.RunAfters.evaluate(RunAfters.java:27)
	at org.junit.internal.runners.statements.FailOnTimeout$CallableStatement.call(FailOnTimeout.java:299)
	at org.junit.internal.runners.statements.FailOnTimeout$CallableStatement.call(FailOnTimeout.java:293)
	at java.base/java.util.concurrent.FutureTask.run(FutureTask.java:264)
	at java.base/java.lang.Thread.run(Thread.java:829)
2023-09-01 02:13:28,757 [Time-limited test] INFO  impl.RaftServerTestUtil (RaftServerTestUtil.java:waitAndCheckNewConf(87)) - waitAndCheckNewConf: peers=[s1|rpc:0.0.0.0:34359|priority:0|startupRole:FOLLOWER, s2|rpc:0.0.0.0:43093|priority:0|startupRole:FOLLOWER, s0|rpc:localhost:44295|admin:localhost:38859|client:localhost:46071|dataStream:localhost:36715|priority:0|startupRole:FOLLOWER], deadPeers=null, printing ALL groups
  s0:  RUNNING    LEADER s0@group-79E75C7987F5:t1, leader=s0, voted=s0, raftlog=Memoized:s0@group-79E75C7987F5-SegmentedRaftLog:OPENED:c258, conf=257: peers:[s0|rpc:localhost:44295|admin:localhost:38859|client:localhost:46071|dataStream:localhost:36715|priority:0|startupRole:FOLLOWER, s1|rpc:0.0.0.0:34359|dataStream:|priority:0|startupRole:FOLLOWER, s2|rpc:0.0.0.0:43093|dataStream:|priority:0|startupRole:FOLLOWER]|listeners:[], old=null RUNNING
  s1:  RUNNING  FOLLOWER s1@group-79E75C7987F5:t1, leader=s0, voted=null, raftlog=Memoized:s1@group-79E75C7987F5-SegmentedRaftLog:OPENED:c258, conf=257: peers:[s0|rpc:localhost:44295|admin:localhost:38859|client:localhost:46071|dataStream:localhost:36715|priority:0|startupRole:FOLLOWER, s1|rpc:0.0.0.0:34359|dataStream:|priority:0|startupRole:FOLLOWER, s2|rpc:0.0.0.0:43093|dataStream:|priority:0|startupRole:FOLLOWER]|listeners:[], old=null RUNNING
  s2:  RUNNING  FOLLOWER s2@group-79E75C7987F5:t1, leader=s0, voted=null, raftlog=Memoized:s2@group-79E75C7987F5-SegmentedRaftLog:OPENED:c-1, conf=0: peers:[s0|rpc:localhost:44295|admin:localhost:38859|client:localhost:46071|dataStream:localhost:36715|priority:0|startupRole:FOLLOWER]|listeners:[], old=null STARTING
2023-09-01 02:13:28,757 [Time-limited test] INFO  impl.RaftServerTestUtil (RaftServerTestUtil.java:waitAndCheckNewConf(96)) - checking    LEADER s0@group-79E75C7987F5:t1, leader=s0, voted=s0, raftlog=Memoized:s0@group-79E75C7987F5-SegmentedRaftLog:OPENED:c258, conf=257: peers:[s0|rpc:localhost:44295|admin:localhost:38859|client:localhost:46071|dataStream:localhost:36715|priority:0|startupRole:FOLLOWER, s1|rpc:0.0.0.0:34359|dataStream:|priority:0|startupRole:FOLLOWER, s2|rpc:0.0.0.0:43093|dataStream:|priority:0|startupRole:FOLLOWER]|listeners:[], old=null RUNNING
2023-09-01 02:13:28,757 [Time-limited test] INFO  impl.RaftServerTestUtil (RaftServerTestUtil.java:waitAndCheckNewConf(96)) - checking  FOLLOWER s1@group-79E75C7987F5:t1, leader=s0, voted=null, raftlog=Memoized:s1@group-79E75C7987F5-SegmentedRaftLog:OPENED:c258, conf=257: peers:[s0|rpc:localhost:44295|admin:localhost:38859|client:localhost:46071|dataStream:localhost:36715|priority:0|startupRole:FOLLOWER, s1|rpc:0.0.0.0:34359|dataStream:|priority:0|startupRole:FOLLOWER, s2|rpc:0.0.0.0:43093|dataStream:|priority:0|startupRole:FOLLOWER]|listeners:[], old=null RUNNING
2023-09-01 02:13:28,757 [Time-limited test] INFO  impl.RaftServerTestUtil (RaftServerTestUtil.java:waitAndCheckNewConf(96)) - checking  FOLLOWER s2@group-79E75C7987F5:t1, leader=s0, voted=null, raftlog=Memoized:s2@group-79E75C7987F5-SegmentedRaftLog:OPENED:c-1, conf=0: peers:[s0|rpc:localhost:44295|admin:localhost:38859|client:localhost:46071|dataStream:localhost:36715|priority:0|startupRole:FOLLOWER]|listeners:[], old=null STARTING
2023-09-01 02:13:28,757 [Time-limited test] WARN  impl.RaftServerTestUtil (JavaUtils.java:attempt(217)) - FAILED "waitAndCheckNewConf", attempt #2/10: java.lang.AssertionError, sleep 600ms and then retry.
java.lang.AssertionError
	at org.junit.Assert.fail(Assert.java:87)
	at org.junit.Assert.assertTrue(Assert.java:42)
	at org.junit.Assert.assertTrue(Assert.java:53)
	at org.apache.ratis.server.impl.RaftServerTestUtil.waitAndCheckNewConf(RaftServerTestUtil.java:107)
	at org.apache.ratis.server.impl.RaftServerTestUtil.lambda$waitAndCheckNewConf$3(RaftServerTestUtil.java:82)
	at org.apache.ratis.util.function.CheckedRunnable.lambda$asCheckedSupplier$0(CheckedRunnable.java:32)
	at org.apache.ratis.util.JavaUtils.attempt(JavaUtils.java:211)
	at org.apache.ratis.util.JavaUtils.attemptRepeatedly(JavaUtils.java:197)
	at org.apache.ratis.util.JavaUtils.attempt(JavaUtils.java:231)
	at org.apache.ratis.server.impl.RaftServerTestUtil.waitAndCheckNewConf(RaftServerTestUtil.java:82)
	at org.apache.ratis.InstallSnapshotFromLeaderTests.testMultiFileInstallSnapshot(InstallSnapshotFromLeaderTests.java:116)
	at org.apache.ratis.server.impl.MiniRaftCluster$Factory$Get.runWithNewCluster(MiniRaftCluster.java:141)
	at org.apache.ratis.server.impl.MiniRaftCluster$Factory$Get.runWithNewCluster(MiniRaftCluster.java:121)
	at org.apache.ratis.InstallSnapshotFromLeaderTests.testMultiFileInstallSnapshot(InstallSnapshotFromLeaderTests.java:80)
	at java.base/jdk.internal.reflect.NativeMethodAccessorImpl.invoke0(Native Method)
	at java.base/jdk.internal.reflect.NativeMethodAccessorImpl.invoke(NativeMethodAccessorImpl.java:62)
	at java.base/jdk.internal.reflect.DelegatingMethodAccessorImpl.invoke(DelegatingMethodAccessorImpl.java:43)
	at java.base/java.lang.reflect.Method.invoke(Method.java:566)
	at org.junit.runners.model.FrameworkMethod$1.runReflectiveCall(FrameworkMethod.java:59)
	at org.junit.internal.runners.model.ReflectiveCallable.run(ReflectiveCallable.java:12)
	at org.junit.runners.model.FrameworkMethod.invokeExplosively(FrameworkMethod.java:56)
	at org.junit.internal.runners.statements.InvokeMethod.evaluate(InvokeMethod.java:17)
	at org.junit.internal.runners.statements.RunAfters.evaluate(RunAfters.java:27)
	at org.junit.internal.runners.statements.FailOnTimeout$CallableStatement.call(FailOnTimeout.java:299)
	at org.junit.internal.runners.statements.FailOnTimeout$CallableStatement.call(FailOnTimeout.java:293)
	at java.base/java.util.concurrent.FutureTask.run(FutureTask.java:264)
	at java.base/java.lang.Thread.run(Thread.java:829)
2023-09-01 02:13:29,358 [Time-limited test] INFO  impl.RaftServerTestUtil (RaftServerTestUtil.java:waitAndCheckNewConf(87)) - waitAndCheckNewConf: peers=[s1|rpc:0.0.0.0:34359|priority:0|startupRole:FOLLOWER, s2|rpc:0.0.0.0:43093|priority:0|startupRole:FOLLOWER, s0|rpc:localhost:44295|admin:localhost:38859|client:localhost:46071|dataStream:localhost:36715|priority:0|startupRole:FOLLOWER], deadPeers=null, printing ALL groups
  s0:  RUNNING    LEADER s0@group-79E75C7987F5:t1, leader=s0, voted=s0, raftlog=Memoized:s0@group-79E75C7987F5-SegmentedRaftLog:OPENED:c258, conf=257: peers:[s0|rpc:localhost:44295|admin:localhost:38859|client:localhost:46071|dataStream:localhost:36715|priority:0|startupRole:FOLLOWER, s1|rpc:0.0.0.0:34359|dataStream:|priority:0|startupRole:FOLLOWER, s2|rpc:0.0.0.0:43093|dataStream:|priority:0|startupRole:FOLLOWER]|listeners:[], old=null RUNNING
  s1:  RUNNING  FOLLOWER s1@group-79E75C7987F5:t1, leader=s0, voted=null, raftlog=Memoized:s1@group-79E75C7987F5-SegmentedRaftLog:OPENED:c258, conf=257: peers:[s0|rpc:localhost:44295|admin:localhost:38859|client:localhost:46071|dataStream:localhost:36715|priority:0|startupRole:FOLLOWER, s1|rpc:0.0.0.0:34359|dataStream:|priority:0|startupRole:FOLLOWER, s2|rpc:0.0.0.0:43093|dataStream:|priority:0|startupRole:FOLLOWER]|listeners:[], old=null RUNNING
  s2:  RUNNING  FOLLOWER s2@group-79E75C7987F5:t1, leader=s0, voted=null, raftlog=Memoized:s2@group-79E75C7987F5-SegmentedRaftLog:OPENED:c-1, conf=0: peers:[s0|rpc:localhost:44295|admin:localhost:38859|client:localhost:46071|dataStream:localhost:36715|priority:0|startupRole:FOLLOWER]|listeners:[], old=null STARTING
2023-09-01 02:13:29,358 [Time-limited test] INFO  impl.RaftServerTestUtil (RaftServerTestUtil.java:waitAndCheckNewConf(96)) - checking    LEADER s0@group-79E75C7987F5:t1, leader=s0, voted=s0, raftlog=Memoized:s0@group-79E75C7987F5-SegmentedRaftLog:OPENED:c258, conf=257: peers:[s0|rpc:localhost:44295|admin:localhost:38859|client:localhost:46071|dataStream:localhost:36715|priority:0|startupRole:FOLLOWER, s1|rpc:0.0.0.0:34359|dataStream:|priority:0|startupRole:FOLLOWER, s2|rpc:0.0.0.0:43093|dataStream:|priority:0|startupRole:FOLLOWER]|listeners:[], old=null RUNNING
2023-09-01 02:13:29,358 [Time-limited test] INFO  impl.RaftServerTestUtil (RaftServerTestUtil.java:waitAndCheckNewConf(96)) - checking  FOLLOWER s1@group-79E75C7987F5:t1, leader=s0, voted=null, raftlog=Memoized:s1@group-79E75C7987F5-SegmentedRaftLog:OPENED:c258, conf=257: peers:[s0|rpc:localhost:44295|admin:localhost:38859|client:localhost:46071|dataStream:localhost:36715|priority:0|startupRole:FOLLOWER, s1|rpc:0.0.0.0:34359|dataStream:|priority:0|startupRole:FOLLOWER, s2|rpc:0.0.0.0:43093|dataStream:|priority:0|startupRole:FOLLOWER]|listeners:[], old=null RUNNING
2023-09-01 02:13:29,358 [Time-limited test] INFO  impl.RaftServerTestUtil (RaftServerTestUtil.java:waitAndCheckNewConf(96)) - checking  FOLLOWER s2@group-79E75C7987F5:t1, leader=s0, voted=null, raftlog=Memoized:s2@group-79E75C7987F5-SegmentedRaftLog:OPENED:c-1, conf=0: peers:[s0|rpc:localhost:44295|admin:localhost:38859|client:localhost:46071|dataStream:localhost:36715|priority:0|startupRole:FOLLOWER]|listeners:[], old=null STARTING
2023-09-01 02:13:29,358 [Time-limited test] WARN  impl.RaftServerTestUtil (JavaUtils.java:attempt(217)) - FAILED "waitAndCheckNewConf", attempt #3/10: java.lang.AssertionError, sleep 600ms and then retry.
java.lang.AssertionError
	at org.junit.Assert.fail(Assert.java:87)
	at org.junit.Assert.assertTrue(Assert.java:42)
	at org.junit.Assert.assertTrue(Assert.java:53)
	at org.apache.ratis.server.impl.RaftServerTestUtil.waitAndCheckNewConf(RaftServerTestUtil.java:107)
	at org.apache.ratis.server.impl.RaftServerTestUtil.lambda$waitAndCheckNewConf$3(RaftServerTestUtil.java:82)
	at org.apache.ratis.util.function.CheckedRunnable.lambda$asCheckedSupplier$0(CheckedRunnable.java:32)
	at org.apache.ratis.util.JavaUtils.attempt(JavaUtils.java:211)
	at org.apache.ratis.util.JavaUtils.attemptRepeatedly(JavaUtils.java:197)
	at org.apache.ratis.util.JavaUtils.attempt(JavaUtils.java:231)
	at org.apache.ratis.server.impl.RaftServerTestUtil.waitAndCheckNewConf(RaftServerTestUtil.java:82)
	at org.apache.ratis.InstallSnapshotFromLeaderTests.testMultiFileInstallSnapshot(InstallSnapshotFromLeaderTests.java:116)
	at org.apache.ratis.server.impl.MiniRaftCluster$Factory$Get.runWithNewCluster(MiniRaftCluster.java:141)
	at org.apache.ratis.server.impl.MiniRaftCluster$Factory$Get.runWithNewCluster(MiniRaftCluster.java:121)
	at org.apache.ratis.InstallSnapshotFromLeaderTests.testMultiFileInstallSnapshot(InstallSnapshotFromLeaderTests.java:80)
	at java.base/jdk.internal.reflect.NativeMethodAccessorImpl.invoke0(Native Method)
	at java.base/jdk.internal.reflect.NativeMethodAccessorImpl.invoke(NativeMethodAccessorImpl.java:62)
	at java.base/jdk.internal.reflect.DelegatingMethodAccessorImpl.invoke(DelegatingMethodAccessorImpl.java:43)
	at java.base/java.lang.reflect.Method.invoke(Method.java:566)
	at org.junit.runners.model.FrameworkMethod$1.runReflectiveCall(FrameworkMethod.java:59)
	at org.junit.internal.runners.model.ReflectiveCallable.run(ReflectiveCallable.java:12)
	at org.junit.runners.model.FrameworkMethod.invokeExplosively(FrameworkMethod.java:56)
	at org.junit.internal.runners.statements.InvokeMethod.evaluate(InvokeMethod.java:17)
	at org.junit.internal.runners.statements.RunAfters.evaluate(RunAfters.java:27)
	at org.junit.internal.runners.statements.FailOnTimeout$CallableStatement.call(FailOnTimeout.java:299)
	at org.junit.internal.runners.statements.FailOnTimeout$CallableStatement.call(FailOnTimeout.java:293)
	at java.base/java.util.concurrent.FutureTask.run(FutureTask.java:264)
	at java.base/java.lang.Thread.run(Thread.java:829)
2023-09-01 02:13:29,958 [Time-limited test] INFO  impl.RaftServerTestUtil (RaftServerTestUtil.java:waitAndCheckNewConf(87)) - waitAndCheckNewConf: peers=[s1|rpc:0.0.0.0:34359|priority:0|startupRole:FOLLOWER, s2|rpc:0.0.0.0:43093|priority:0|startupRole:FOLLOWER, s0|rpc:localhost:44295|admin:localhost:38859|client:localhost:46071|dataStream:localhost:36715|priority:0|startupRole:FOLLOWER], deadPeers=null, printing ALL groups
  s0:  RUNNING    LEADER s0@group-79E75C7987F5:t1, leader=s0, voted=s0, raftlog=Memoized:s0@group-79E75C7987F5-SegmentedRaftLog:OPENED:c258, conf=257: peers:[s0|rpc:localhost:44295|admin:localhost:38859|client:localhost:46071|dataStream:localhost:36715|priority:0|startupRole:FOLLOWER, s1|rpc:0.0.0.0:34359|dataStream:|priority:0|startupRole:FOLLOWER, s2|rpc:0.0.0.0:43093|dataStream:|priority:0|startupRole:FOLLOWER]|listeners:[], old=null RUNNING
  s1:  RUNNING  FOLLOWER s1@group-79E75C7987F5:t1, leader=s0, voted=null, raftlog=Memoized:s1@group-79E75C7987F5-SegmentedRaftLog:OPENED:c258, conf=257: peers:[s0|rpc:localhost:44295|admin:localhost:38859|client:localhost:46071|dataStream:localhost:36715|priority:0|startupRole:FOLLOWER, s1|rpc:0.0.0.0:34359|dataStream:|priority:0|startupRole:FOLLOWER, s2|rpc:0.0.0.0:43093|dataStream:|priority:0|startupRole:FOLLOWER]|listeners:[], old=null RUNNING
  s2:  RUNNING  FOLLOWER s2@group-79E75C7987F5:t1, leader=s0, voted=null, raftlog=Memoized:s2@group-79E75C7987F5-SegmentedRaftLog:OPENED:c-1, conf=0: peers:[s0|rpc:localhost:44295|admin:localhost:38859|client:localhost:46071|dataStream:localhost:36715|priority:0|startupRole:FOLLOWER]|listeners:[], old=null STARTING
2023-09-01 02:13:29,959 [Time-limited test] INFO  impl.RaftServerTestUtil (RaftServerTestUtil.java:waitAndCheckNewConf(96)) - checking    LEADER s0@group-79E75C7987F5:t1, leader=s0, voted=s0, raftlog=Memoized:s0@group-79E75C7987F5-SegmentedRaftLog:OPENED:c258, conf=257: peers:[s0|rpc:localhost:44295|admin:localhost:38859|client:localhost:46071|dataStream:localhost:36715|priority:0|startupRole:FOLLOWER, s1|rpc:0.0.0.0:34359|dataStream:|priority:0|startupRole:FOLLOWER, s2|rpc:0.0.0.0:43093|dataStream:|priority:0|startupRole:FOLLOWER]|listeners:[], old=null RUNNING
2023-09-01 02:13:29,959 [Time-limited test] INFO  impl.RaftServerTestUtil (RaftServerTestUtil.java:waitAndCheckNewConf(96)) - checking  FOLLOWER s1@group-79E75C7987F5:t1, leader=s0, voted=null, raftlog=Memoized:s1@group-79E75C7987F5-SegmentedRaftLog:OPENED:c258, conf=257: peers:[s0|rpc:localhost:44295|admin:localhost:38859|client:localhost:46071|dataStream:localhost:36715|priority:0|startupRole:FOLLOWER, s1|rpc:0.0.0.0:34359|dataStream:|priority:0|startupRole:FOLLOWER, s2|rpc:0.0.0.0:43093|dataStream:|priority:0|startupRole:FOLLOWER]|listeners:[], old=null RUNNING
2023-09-01 02:13:29,959 [Time-limited test] INFO  impl.RaftServerTestUtil (RaftServerTestUtil.java:waitAndCheckNewConf(96)) - checking  FOLLOWER s2@group-79E75C7987F5:t1, leader=s0, voted=null, raftlog=Memoized:s2@group-79E75C7987F5-SegmentedRaftLog:OPENED:c-1, conf=0: peers:[s0|rpc:localhost:44295|admin:localhost:38859|client:localhost:46071|dataStream:localhost:36715|priority:0|startupRole:FOLLOWER]|listeners:[], old=null STARTING
2023-09-01 02:13:29,959 [Time-limited test] WARN  impl.RaftServerTestUtil (JavaUtils.java:attempt(217)) - FAILED "waitAndCheckNewConf", attempt #4/10: java.lang.AssertionError, sleep 600ms and then retry.
java.lang.AssertionError
	at org.junit.Assert.fail(Assert.java:87)
	at org.junit.Assert.assertTrue(Assert.java:42)
	at org.junit.Assert.assertTrue(Assert.java:53)
	at org.apache.ratis.server.impl.RaftServerTestUtil.waitAndCheckNewConf(RaftServerTestUtil.java:107)
	at org.apache.ratis.server.impl.RaftServerTestUtil.lambda$waitAndCheckNewConf$3(RaftServerTestUtil.java:82)
	at org.apache.ratis.util.function.CheckedRunnable.lambda$asCheckedSupplier$0(CheckedRunnable.java:32)
	at org.apache.ratis.util.JavaUtils.attempt(JavaUtils.java:211)
	at org.apache.ratis.util.JavaUtils.attemptRepeatedly(JavaUtils.java:197)
	at org.apache.ratis.util.JavaUtils.attempt(JavaUtils.java:231)
	at org.apache.ratis.server.impl.RaftServerTestUtil.waitAndCheckNewConf(RaftServerTestUtil.java:82)
	at org.apache.ratis.InstallSnapshotFromLeaderTests.testMultiFileInstallSnapshot(InstallSnapshotFromLeaderTests.java:116)
	at org.apache.ratis.server.impl.MiniRaftCluster$Factory$Get.runWithNewCluster(MiniRaftCluster.java:141)
	at org.apache.ratis.server.impl.MiniRaftCluster$Factory$Get.runWithNewCluster(MiniRaftCluster.java:121)
	at org.apache.ratis.InstallSnapshotFromLeaderTests.testMultiFileInstallSnapshot(InstallSnapshotFromLeaderTests.java:80)
	at java.base/jdk.internal.reflect.NativeMethodAccessorImpl.invoke0(Native Method)
	at java.base/jdk.internal.reflect.NativeMethodAccessorImpl.invoke(NativeMethodAccessorImpl.java:62)
	at java.base/jdk.internal.reflect.DelegatingMethodAccessorImpl.invoke(DelegatingMethodAccessorImpl.java:43)
	at java.base/java.lang.reflect.Method.invoke(Method.java:566)
	at org.junit.runners.model.FrameworkMethod$1.runReflectiveCall(FrameworkMethod.java:59)
	at org.junit.internal.runners.model.ReflectiveCallable.run(ReflectiveCallable.java:12)
	at org.junit.runners.model.FrameworkMethod.invokeExplosively(FrameworkMethod.java:56)
	at org.junit.internal.runners.statements.InvokeMethod.evaluate(InvokeMethod.java:17)
	at org.junit.internal.runners.statements.RunAfters.evaluate(RunAfters.java:27)
	at org.junit.internal.runners.statements.FailOnTimeout$CallableStatement.call(FailOnTimeout.java:299)
	at org.junit.internal.runners.statements.FailOnTimeout$CallableStatement.call(FailOnTimeout.java:293)
	at java.base/java.util.concurrent.FutureTask.run(FutureTask.java:264)
	at java.base/java.lang.Thread.run(Thread.java:829)
2023-09-01 02:13:30,559 [Time-limited test] INFO  impl.RaftServerTestUtil (RaftServerTestUtil.java:waitAndCheckNewConf(87)) - waitAndCheckNewConf: peers=[s1|rpc:0.0.0.0:34359|priority:0|startupRole:FOLLOWER, s2|rpc:0.0.0.0:43093|priority:0|startupRole:FOLLOWER, s0|rpc:localhost:44295|admin:localhost:38859|client:localhost:46071|dataStream:localhost:36715|priority:0|startupRole:FOLLOWER], deadPeers=null, printing ALL groups
  s0:  RUNNING    LEADER s0@group-79E75C7987F5:t1, leader=s0, voted=s0, raftlog=Memoized:s0@group-79E75C7987F5-SegmentedRaftLog:OPENED:c258, conf=257: peers:[s0|rpc:localhost:44295|admin:localhost:38859|client:localhost:46071|dataStream:localhost:36715|priority:0|startupRole:FOLLOWER, s1|rpc:0.0.0.0:34359|dataStream:|priority:0|startupRole:FOLLOWER, s2|rpc:0.0.0.0:43093|dataStream:|priority:0|startupRole:FOLLOWER]|listeners:[], old=null RUNNING
  s1:  RUNNING  FOLLOWER s1@group-79E75C7987F5:t1, leader=s0, voted=null, raftlog=Memoized:s1@group-79E75C7987F5-SegmentedRaftLog:OPENED:c258, conf=257: peers:[s0|rpc:localhost:44295|admin:localhost:38859|client:localhost:46071|dataStream:localhost:36715|priority:0|startupRole:FOLLOWER, s1|rpc:0.0.0.0:34359|dataStream:|priority:0|startupRole:FOLLOWER, s2|rpc:0.0.0.0:43093|dataStream:|priority:0|startupRole:FOLLOWER]|listeners:[], old=null RUNNING
  s2:  RUNNING  FOLLOWER s2@group-79E75C7987F5:t1, leader=s0, voted=null, raftlog=Memoized:s2@group-79E75C7987F5-SegmentedRaftLog:OPENED:c-1, conf=0: peers:[s0|rpc:localhost:44295|admin:localhost:38859|client:localhost:46071|dataStream:localhost:36715|priority:0|startupRole:FOLLOWER]|listeners:[], old=null STARTING
2023-09-01 02:13:30,560 [Time-limited test] INFO  impl.RaftServerTestUtil (RaftServerTestUtil.java:waitAndCheckNewConf(96)) - checking    LEADER s0@group-79E75C7987F5:t1, leader=s0, voted=s0, raftlog=Memoized:s0@group-79E75C7987F5-SegmentedRaftLog:OPENED:c258, conf=257: peers:[s0|rpc:localhost:44295|admin:localhost:38859|client:localhost:46071|dataStream:localhost:36715|priority:0|startupRole:FOLLOWER, s1|rpc:0.0.0.0:34359|dataStream:|priority:0|startupRole:FOLLOWER, s2|rpc:0.0.0.0:43093|dataStream:|priority:0|startupRole:FOLLOWER]|listeners:[], old=null RUNNING
2023-09-01 02:13:30,560 [Time-limited test] INFO  impl.RaftServerTestUtil (RaftServerTestUtil.java:waitAndCheckNewConf(96)) - checking  FOLLOWER s1@group-79E75C7987F5:t1, leader=s0, voted=null, raftlog=Memoized:s1@group-79E75C7987F5-SegmentedRaftLog:OPENED:c258, conf=257: peers:[s0|rpc:localhost:44295|admin:localhost:38859|client:localhost:46071|dataStream:localhost:36715|priority:0|startupRole:FOLLOWER, s1|rpc:0.0.0.0:34359|dataStream:|priority:0|startupRole:FOLLOWER, s2|rpc:0.0.0.0:43093|dataStream:|priority:0|startupRole:FOLLOWER]|listeners:[], old=null RUNNING
2023-09-01 02:13:30,560 [Time-limited test] INFO  impl.RaftServerTestUtil (RaftServerTestUtil.java:waitAndCheckNewConf(96)) - checking  FOLLOWER s2@group-79E75C7987F5:t1, leader=s0, voted=null, raftlog=Memoized:s2@group-79E75C7987F5-SegmentedRaftLog:OPENED:c-1, conf=0: peers:[s0|rpc:localhost:44295|admin:localhost:38859|client:localhost:46071|dataStream:localhost:36715|priority:0|startupRole:FOLLOWER]|listeners:[], old=null STARTING
2023-09-01 02:13:30,560 [Time-limited test] WARN  impl.RaftServerTestUtil (JavaUtils.java:attempt(217)) - FAILED "waitAndCheckNewConf", attempt #5/10: java.lang.AssertionError, sleep 600ms and then retry.
java.lang.AssertionError
	at org.junit.Assert.fail(Assert.java:87)
	at org.junit.Assert.assertTrue(Assert.java:42)
	at org.junit.Assert.assertTrue(Assert.java:53)
	at org.apache.ratis.server.impl.RaftServerTestUtil.waitAndCheckNewConf(RaftServerTestUtil.java:107)
	at org.apache.ratis.server.impl.RaftServerTestUtil.lambda$waitAndCheckNewConf$3(RaftServerTestUtil.java:82)
	at org.apache.ratis.util.function.CheckedRunnable.lambda$asCheckedSupplier$0(CheckedRunnable.java:32)
	at org.apache.ratis.util.JavaUtils.attempt(JavaUtils.java:211)
	at org.apache.ratis.util.JavaUtils.attemptRepeatedly(JavaUtils.java:197)
	at org.apache.ratis.util.JavaUtils.attempt(JavaUtils.java:231)
	at org.apache.ratis.server.impl.RaftServerTestUtil.waitAndCheckNewConf(RaftServerTestUtil.java:82)
	at org.apache.ratis.InstallSnapshotFromLeaderTests.testMultiFileInstallSnapshot(InstallSnapshotFromLeaderTests.java:116)
	at org.apache.ratis.server.impl.MiniRaftCluster$Factory$Get.runWithNewCluster(MiniRaftCluster.java:141)
	at org.apache.ratis.server.impl.MiniRaftCluster$Factory$Get.runWithNewCluster(MiniRaftCluster.java:121)
	at org.apache.ratis.InstallSnapshotFromLeaderTests.testMultiFileInstallSnapshot(InstallSnapshotFromLeaderTests.java:80)
	at java.base/jdk.internal.reflect.NativeMethodAccessorImpl.invoke0(Native Method)
	at java.base/jdk.internal.reflect.NativeMethodAccessorImpl.invoke(NativeMethodAccessorImpl.java:62)
	at java.base/jdk.internal.reflect.DelegatingMethodAccessorImpl.invoke(DelegatingMethodAccessorImpl.java:43)
	at java.base/java.lang.reflect.Method.invoke(Method.java:566)
	at org.junit.runners.model.FrameworkMethod$1.runReflectiveCall(FrameworkMethod.java:59)
	at org.junit.internal.runners.model.ReflectiveCallable.run(ReflectiveCallable.java:12)
	at org.junit.runners.model.FrameworkMethod.invokeExplosively(FrameworkMethod.java:56)
	at org.junit.internal.runners.statements.InvokeMethod.evaluate(InvokeMethod.java:17)
	at org.junit.internal.runners.statements.RunAfters.evaluate(RunAfters.java:27)
	at org.junit.internal.runners.statements.FailOnTimeout$CallableStatement.call(FailOnTimeout.java:299)
	at org.junit.internal.runners.statements.FailOnTimeout$CallableStatement.call(FailOnTimeout.java:293)
	at java.base/java.util.concurrent.FutureTask.run(FutureTask.java:264)
	at java.base/java.lang.Thread.run(Thread.java:829)
2023-09-01 02:13:31,160 [Time-limited test] INFO  impl.RaftServerTestUtil (RaftServerTestUtil.java:waitAndCheckNewConf(87)) - waitAndCheckNewConf: peers=[s1|rpc:0.0.0.0:34359|priority:0|startupRole:FOLLOWER, s2|rpc:0.0.0.0:43093|priority:0|startupRole:FOLLOWER, s0|rpc:localhost:44295|admin:localhost:38859|client:localhost:46071|dataStream:localhost:36715|priority:0|startupRole:FOLLOWER], deadPeers=null, printing ALL groups
  s0:  RUNNING    LEADER s0@group-79E75C7987F5:t1, leader=s0, voted=s0, raftlog=Memoized:s0@group-79E75C7987F5-SegmentedRaftLog:OPENED:c258, conf=257: peers:[s0|rpc:localhost:44295|admin:localhost:38859|client:localhost:46071|dataStream:localhost:36715|priority:0|startupRole:FOLLOWER, s1|rpc:0.0.0.0:34359|dataStream:|priority:0|startupRole:FOLLOWER, s2|rpc:0.0.0.0:43093|dataStream:|priority:0|startupRole:FOLLOWER]|listeners:[], old=null RUNNING
  s1:  RUNNING  FOLLOWER s1@group-79E75C7987F5:t1, leader=s0, voted=null, raftlog=Memoized:s1@group-79E75C7987F5-SegmentedRaftLog:OPENED:c258, conf=257: peers:[s0|rpc:localhost:44295|admin:localhost:38859|client:localhost:46071|dataStream:localhost:36715|priority:0|startupRole:FOLLOWER, s1|rpc:0.0.0.0:34359|dataStream:|priority:0|startupRole:FOLLOWER, s2|rpc:0.0.0.0:43093|dataStream:|priority:0|startupRole:FOLLOWER]|listeners:[], old=null RUNNING
  s2:  RUNNING  FOLLOWER s2@group-79E75C7987F5:t1, leader=s0, voted=null, raftlog=Memoized:s2@group-79E75C7987F5-SegmentedRaftLog:OPENED:c-1, conf=0: peers:[s0|rpc:localhost:44295|admin:localhost:38859|client:localhost:46071|dataStream:localhost:36715|priority:0|startupRole:FOLLOWER]|listeners:[], old=null STARTING
2023-09-01 02:13:31,161 [Time-limited test] INFO  impl.RaftServerTestUtil (RaftServerTestUtil.java:waitAndCheckNewConf(96)) - checking    LEADER s0@group-79E75C7987F5:t1, leader=s0, voted=s0, raftlog=Memoized:s0@group-79E75C7987F5-SegmentedRaftLog:OPENED:c258, conf=257: peers:[s0|rpc:localhost:44295|admin:localhost:38859|client:localhost:46071|dataStream:localhost:36715|priority:0|startupRole:FOLLOWER, s1|rpc:0.0.0.0:34359|dataStream:|priority:0|startupRole:FOLLOWER, s2|rpc:0.0.0.0:43093|dataStream:|priority:0|startupRole:FOLLOWER]|listeners:[], old=null RUNNING
2023-09-01 02:13:31,161 [Time-limited test] INFO  impl.RaftServerTestUtil (RaftServerTestUtil.java:waitAndCheckNewConf(96)) - checking  FOLLOWER s1@group-79E75C7987F5:t1, leader=s0, voted=null, raftlog=Memoized:s1@group-79E75C7987F5-SegmentedRaftLog:OPENED:c258, conf=257: peers:[s0|rpc:localhost:44295|admin:localhost:38859|client:localhost:46071|dataStream:localhost:36715|priority:0|startupRole:FOLLOWER, s1|rpc:0.0.0.0:34359|dataStream:|priority:0|startupRole:FOLLOWER, s2|rpc:0.0.0.0:43093|dataStream:|priority:0|startupRole:FOLLOWER]|listeners:[], old=null RUNNING
2023-09-01 02:13:31,161 [Time-limited test] INFO  impl.RaftServerTestUtil (RaftServerTestUtil.java:waitAndCheckNewConf(96)) - checking  FOLLOWER s2@group-79E75C7987F5:t1, leader=s0, voted=null, raftlog=Memoized:s2@group-79E75C7987F5-SegmentedRaftLog:OPENED:c-1, conf=0: peers:[s0|rpc:localhost:44295|admin:localhost:38859|client:localhost:46071|dataStream:localhost:36715|priority:0|startupRole:FOLLOWER]|listeners:[], old=null STARTING
2023-09-01 02:13:31,161 [Time-limited test] WARN  impl.RaftServerTestUtil (JavaUtils.java:attempt(217)) - FAILED "waitAndCheckNewConf", attempt #6/10: java.lang.AssertionError, sleep 600ms and then retry.
java.lang.AssertionError
	at org.junit.Assert.fail(Assert.java:87)
	at org.junit.Assert.assertTrue(Assert.java:42)
	at org.junit.Assert.assertTrue(Assert.java:53)
	at org.apache.ratis.server.impl.RaftServerTestUtil.waitAndCheckNewConf(RaftServerTestUtil.java:107)
	at org.apache.ratis.server.impl.RaftServerTestUtil.lambda$waitAndCheckNewConf$3(RaftServerTestUtil.java:82)
	at org.apache.ratis.util.function.CheckedRunnable.lambda$asCheckedSupplier$0(CheckedRunnable.java:32)
	at org.apache.ratis.util.JavaUtils.attempt(JavaUtils.java:211)
	at org.apache.ratis.util.JavaUtils.attemptRepeatedly(JavaUtils.java:197)
	at org.apache.ratis.util.JavaUtils.attempt(JavaUtils.java:231)
	at org.apache.ratis.server.impl.RaftServerTestUtil.waitAndCheckNewConf(RaftServerTestUtil.java:82)
	at org.apache.ratis.InstallSnapshotFromLeaderTests.testMultiFileInstallSnapshot(InstallSnapshotFromLeaderTests.java:116)
	at org.apache.ratis.server.impl.MiniRaftCluster$Factory$Get.runWithNewCluster(MiniRaftCluster.java:141)
	at org.apache.ratis.server.impl.MiniRaftCluster$Factory$Get.runWithNewCluster(MiniRaftCluster.java:121)
	at org.apache.ratis.InstallSnapshotFromLeaderTests.testMultiFileInstallSnapshot(InstallSnapshotFromLeaderTests.java:80)
	at java.base/jdk.internal.reflect.NativeMethodAccessorImpl.invoke0(Native Method)
	at java.base/jdk.internal.reflect.NativeMethodAccessorImpl.invoke(NativeMethodAccessorImpl.java:62)
	at java.base/jdk.internal.reflect.DelegatingMethodAccessorImpl.invoke(DelegatingMethodAccessorImpl.java:43)
	at java.base/java.lang.reflect.Method.invoke(Method.java:566)
	at org.junit.runners.model.FrameworkMethod$1.runReflectiveCall(FrameworkMethod.java:59)
	at org.junit.internal.runners.model.ReflectiveCallable.run(ReflectiveCallable.java:12)
	at org.junit.runners.model.FrameworkMethod.invokeExplosively(FrameworkMethod.java:56)
	at org.junit.internal.runners.statements.InvokeMethod.evaluate(InvokeMethod.java:17)
	at org.junit.internal.runners.statements.RunAfters.evaluate(RunAfters.java:27)
	at org.junit.internal.runners.statements.FailOnTimeout$CallableStatement.call(FailOnTimeout.java:299)
	at org.junit.internal.runners.statements.FailOnTimeout$CallableStatement.call(FailOnTimeout.java:293)
	at java.base/java.util.concurrent.FutureTask.run(FutureTask.java:264)
	at java.base/java.lang.Thread.run(Thread.java:829)
2023-09-01 02:13:31,761 [Time-limited test] INFO  impl.RaftServerTestUtil (RaftServerTestUtil.java:waitAndCheckNewConf(87)) - waitAndCheckNewConf: peers=[s1|rpc:0.0.0.0:34359|priority:0|startupRole:FOLLOWER, s2|rpc:0.0.0.0:43093|priority:0|startupRole:FOLLOWER, s0|rpc:localhost:44295|admin:localhost:38859|client:localhost:46071|dataStream:localhost:36715|priority:0|startupRole:FOLLOWER], deadPeers=null, printing ALL groups
  s0:  RUNNING    LEADER s0@group-79E75C7987F5:t1, leader=s0, voted=s0, raftlog=Memoized:s0@group-79E75C7987F5-SegmentedRaftLog:OPENED:c258, conf=257: peers:[s0|rpc:localhost:44295|admin:localhost:38859|client:localhost:46071|dataStream:localhost:36715|priority:0|startupRole:FOLLOWER, s1|rpc:0.0.0.0:34359|dataStream:|priority:0|startupRole:FOLLOWER, s2|rpc:0.0.0.0:43093|dataStream:|priority:0|startupRole:FOLLOWER]|listeners:[], old=null RUNNING
  s1:  RUNNING  FOLLOWER s1@group-79E75C7987F5:t1, leader=s0, voted=null, raftlog=Memoized:s1@group-79E75C7987F5-SegmentedRaftLog:OPENED:c258, conf=257: peers:[s0|rpc:localhost:44295|admin:localhost:38859|client:localhost:46071|dataStream:localhost:36715|priority:0|startupRole:FOLLOWER, s1|rpc:0.0.0.0:34359|dataStream:|priority:0|startupRole:FOLLOWER, s2|rpc:0.0.0.0:43093|dataStream:|priority:0|startupRole:FOLLOWER]|listeners:[], old=null RUNNING
  s2:  RUNNING  FOLLOWER s2@group-79E75C7987F5:t1, leader=s0, voted=null, raftlog=Memoized:s2@group-79E75C7987F5-SegmentedRaftLog:OPENED:c-1, conf=0: peers:[s0|rpc:localhost:44295|admin:localhost:38859|client:localhost:46071|dataStream:localhost:36715|priority:0|startupRole:FOLLOWER]|listeners:[], old=null STARTING
2023-09-01 02:13:31,762 [Time-limited test] INFO  impl.RaftServerTestUtil (RaftServerTestUtil.java:waitAndCheckNewConf(96)) - checking    LEADER s0@group-79E75C7987F5:t1, leader=s0, voted=s0, raftlog=Memoized:s0@group-79E75C7987F5-SegmentedRaftLog:OPENED:c258, conf=257: peers:[s0|rpc:localhost:44295|admin:localhost:38859|client:localhost:46071|dataStream:localhost:36715|priority:0|startupRole:FOLLOWER, s1|rpc:0.0.0.0:34359|dataStream:|priority:0|startupRole:FOLLOWER, s2|rpc:0.0.0.0:43093|dataStream:|priority:0|startupRole:FOLLOWER]|listeners:[], old=null RUNNING
2023-09-01 02:13:31,762 [Time-limited test] INFO  impl.RaftServerTestUtil (RaftServerTestUtil.java:waitAndCheckNewConf(96)) - checking  FOLLOWER s1@group-79E75C7987F5:t1, leader=s0, voted=null, raftlog=Memoized:s1@group-79E75C7987F5-SegmentedRaftLog:OPENED:c258, conf=257: peers:[s0|rpc:localhost:44295|admin:localhost:38859|client:localhost:46071|dataStream:localhost:36715|priority:0|startupRole:FOLLOWER, s1|rpc:0.0.0.0:34359|dataStream:|priority:0|startupRole:FOLLOWER, s2|rpc:0.0.0.0:43093|dataStream:|priority:0|startupRole:FOLLOWER]|listeners:[], old=null RUNNING
2023-09-01 02:13:31,762 [Time-limited test] INFO  impl.RaftServerTestUtil (RaftServerTestUtil.java:waitAndCheckNewConf(96)) - checking  FOLLOWER s2@group-79E75C7987F5:t1, leader=s0, voted=null, raftlog=Memoized:s2@group-79E75C7987F5-SegmentedRaftLog:OPENED:c-1, conf=0: peers:[s0|rpc:localhost:44295|admin:localhost:38859|client:localhost:46071|dataStream:localhost:36715|priority:0|startupRole:FOLLOWER]|listeners:[], old=null STARTING
2023-09-01 02:13:31,762 [Time-limited test] WARN  impl.RaftServerTestUtil (JavaUtils.java:attempt(217)) - FAILED "waitAndCheckNewConf", attempt #7/10: java.lang.AssertionError, sleep 600ms and then retry.
java.lang.AssertionError
	at org.junit.Assert.fail(Assert.java:87)
	at org.junit.Assert.assertTrue(Assert.java:42)
	at org.junit.Assert.assertTrue(Assert.java:53)
	at org.apache.ratis.server.impl.RaftServerTestUtil.waitAndCheckNewConf(RaftServerTestUtil.java:107)
	at org.apache.ratis.server.impl.RaftServerTestUtil.lambda$waitAndCheckNewConf$3(RaftServerTestUtil.java:82)
	at org.apache.ratis.util.function.CheckedRunnable.lambda$asCheckedSupplier$0(CheckedRunnable.java:32)
	at org.apache.ratis.util.JavaUtils.attempt(JavaUtils.java:211)
	at org.apache.ratis.util.JavaUtils.attemptRepeatedly(JavaUtils.java:197)
	at org.apache.ratis.util.JavaUtils.attempt(JavaUtils.java:231)
	at org.apache.ratis.server.impl.RaftServerTestUtil.waitAndCheckNewConf(RaftServerTestUtil.java:82)
	at org.apache.ratis.InstallSnapshotFromLeaderTests.testMultiFileInstallSnapshot(InstallSnapshotFromLeaderTests.java:116)
	at org.apache.ratis.server.impl.MiniRaftCluster$Factory$Get.runWithNewCluster(MiniRaftCluster.java:141)
	at org.apache.ratis.server.impl.MiniRaftCluster$Factory$Get.runWithNewCluster(MiniRaftCluster.java:121)
	at org.apache.ratis.InstallSnapshotFromLeaderTests.testMultiFileInstallSnapshot(InstallSnapshotFromLeaderTests.java:80)
	at java.base/jdk.internal.reflect.NativeMethodAccessorImpl.invoke0(Native Method)
	at java.base/jdk.internal.reflect.NativeMethodAccessorImpl.invoke(NativeMethodAccessorImpl.java:62)
	at java.base/jdk.internal.reflect.DelegatingMethodAccessorImpl.invoke(DelegatingMethodAccessorImpl.java:43)
	at java.base/java.lang.reflect.Method.invoke(Method.java:566)
	at org.junit.runners.model.FrameworkMethod$1.runReflectiveCall(FrameworkMethod.java:59)
	at org.junit.internal.runners.model.ReflectiveCallable.run(ReflectiveCallable.java:12)
	at org.junit.runners.model.FrameworkMethod.invokeExplosively(FrameworkMethod.java:56)
	at org.junit.internal.runners.statements.InvokeMethod.evaluate(InvokeMethod.java:17)
	at org.junit.internal.runners.statements.RunAfters.evaluate(RunAfters.java:27)
	at org.junit.internal.runners.statements.FailOnTimeout$CallableStatement.call(FailOnTimeout.java:299)
	at org.junit.internal.runners.statements.FailOnTimeout$CallableStatement.call(FailOnTimeout.java:293)
	at java.base/java.util.concurrent.FutureTask.run(FutureTask.java:264)
	at java.base/java.lang.Thread.run(Thread.java:829)
2023-09-01 02:13:32,362 [Time-limited test] INFO  impl.RaftServerTestUtil (RaftServerTestUtil.java:waitAndCheckNewConf(87)) - waitAndCheckNewConf: peers=[s1|rpc:0.0.0.0:34359|priority:0|startupRole:FOLLOWER, s2|rpc:0.0.0.0:43093|priority:0|startupRole:FOLLOWER, s0|rpc:localhost:44295|admin:localhost:38859|client:localhost:46071|dataStream:localhost:36715|priority:0|startupRole:FOLLOWER], deadPeers=null, printing ALL groups
  s0:  RUNNING    LEADER s0@group-79E75C7987F5:t1, leader=s0, voted=s0, raftlog=Memoized:s0@group-79E75C7987F5-SegmentedRaftLog:OPENED:c258, conf=257: peers:[s0|rpc:localhost:44295|admin:localhost:38859|client:localhost:46071|dataStream:localhost:36715|priority:0|startupRole:FOLLOWER, s1|rpc:0.0.0.0:34359|dataStream:|priority:0|startupRole:FOLLOWER, s2|rpc:0.0.0.0:43093|dataStream:|priority:0|startupRole:FOLLOWER]|listeners:[], old=null RUNNING
  s1:  RUNNING  FOLLOWER s1@group-79E75C7987F5:t1, leader=s0, voted=null, raftlog=Memoized:s1@group-79E75C7987F5-SegmentedRaftLog:OPENED:c258, conf=257: peers:[s0|rpc:localhost:44295|admin:localhost:38859|client:localhost:46071|dataStream:localhost:36715|priority:0|startupRole:FOLLOWER, s1|rpc:0.0.0.0:34359|dataStream:|priority:0|startupRole:FOLLOWER, s2|rpc:0.0.0.0:43093|dataStream:|priority:0|startupRole:FOLLOWER]|listeners:[], old=null RUNNING
  s2:  RUNNING  FOLLOWER s2@group-79E75C7987F5:t1, leader=s0, voted=null, raftlog=Memoized:s2@group-79E75C7987F5-SegmentedRaftLog:OPENED:c-1, conf=0: peers:[s0|rpc:localhost:44295|admin:localhost:38859|client:localhost:46071|dataStream:localhost:36715|priority:0|startupRole:FOLLOWER]|listeners:[], old=null STARTING
2023-09-01 02:13:32,363 [Time-limited test] INFO  impl.RaftServerTestUtil (RaftServerTestUtil.java:waitAndCheckNewConf(96)) - checking    LEADER s0@group-79E75C7987F5:t1, leader=s0, voted=s0, raftlog=Memoized:s0@group-79E75C7987F5-SegmentedRaftLog:OPENED:c258, conf=257: peers:[s0|rpc:localhost:44295|admin:localhost:38859|client:localhost:46071|dataStream:localhost:36715|priority:0|startupRole:FOLLOWER, s1|rpc:0.0.0.0:34359|dataStream:|priority:0|startupRole:FOLLOWER, s2|rpc:0.0.0.0:43093|dataStream:|priority:0|startupRole:FOLLOWER]|listeners:[], old=null RUNNING
2023-09-01 02:13:32,363 [Time-limited test] INFO  impl.RaftServerTestUtil (RaftServerTestUtil.java:waitAndCheckNewConf(96)) - checking  FOLLOWER s1@group-79E75C7987F5:t1, leader=s0, voted=null, raftlog=Memoized:s1@group-79E75C7987F5-SegmentedRaftLog:OPENED:c258, conf=257: peers:[s0|rpc:localhost:44295|admin:localhost:38859|client:localhost:46071|dataStream:localhost:36715|priority:0|startupRole:FOLLOWER, s1|rpc:0.0.0.0:34359|dataStream:|priority:0|startupRole:FOLLOWER, s2|rpc:0.0.0.0:43093|dataStream:|priority:0|startupRole:FOLLOWER]|listeners:[], old=null RUNNING
2023-09-01 02:13:32,363 [Time-limited test] INFO  impl.RaftServerTestUtil (RaftServerTestUtil.java:waitAndCheckNewConf(96)) - checking  FOLLOWER s2@group-79E75C7987F5:t1, leader=s0, voted=null, raftlog=Memoized:s2@group-79E75C7987F5-SegmentedRaftLog:OPENED:c-1, conf=0: peers:[s0|rpc:localhost:44295|admin:localhost:38859|client:localhost:46071|dataStream:localhost:36715|priority:0|startupRole:FOLLOWER]|listeners:[], old=null STARTING
2023-09-01 02:13:32,363 [Time-limited test] WARN  impl.RaftServerTestUtil (JavaUtils.java:attempt(217)) - FAILED "waitAndCheckNewConf", attempt #8/10: java.lang.AssertionError, sleep 600ms and then retry.
java.lang.AssertionError
	at org.junit.Assert.fail(Assert.java:87)
	at org.junit.Assert.assertTrue(Assert.java:42)
	at org.junit.Assert.assertTrue(Assert.java:53)
	at org.apache.ratis.server.impl.RaftServerTestUtil.waitAndCheckNewConf(RaftServerTestUtil.java:107)
	at org.apache.ratis.server.impl.RaftServerTestUtil.lambda$waitAndCheckNewConf$3(RaftServerTestUtil.java:82)
	at org.apache.ratis.util.function.CheckedRunnable.lambda$asCheckedSupplier$0(CheckedRunnable.java:32)
	at org.apache.ratis.util.JavaUtils.attempt(JavaUtils.java:211)
	at org.apache.ratis.util.JavaUtils.attemptRepeatedly(JavaUtils.java:197)
	at org.apache.ratis.util.JavaUtils.attempt(JavaUtils.java:231)
	at org.apache.ratis.server.impl.RaftServerTestUtil.waitAndCheckNewConf(RaftServerTestUtil.java:82)
	at org.apache.ratis.InstallSnapshotFromLeaderTests.testMultiFileInstallSnapshot(InstallSnapshotFromLeaderTests.java:116)
	at org.apache.ratis.server.impl.MiniRaftCluster$Factory$Get.runWithNewCluster(MiniRaftCluster.java:141)
	at org.apache.ratis.server.impl.MiniRaftCluster$Factory$Get.runWithNewCluster(MiniRaftCluster.java:121)
	at org.apache.ratis.InstallSnapshotFromLeaderTests.testMultiFileInstallSnapshot(InstallSnapshotFromLeaderTests.java:80)
	at java.base/jdk.internal.reflect.NativeMethodAccessorImpl.invoke0(Native Method)
	at java.base/jdk.internal.reflect.NativeMethodAccessorImpl.invoke(NativeMethodAccessorImpl.java:62)
	at java.base/jdk.internal.reflect.DelegatingMethodAccessorImpl.invoke(DelegatingMethodAccessorImpl.java:43)
	at java.base/java.lang.reflect.Method.invoke(Method.java:566)
	at org.junit.runners.model.FrameworkMethod$1.runReflectiveCall(FrameworkMethod.java:59)
	at org.junit.internal.runners.model.ReflectiveCallable.run(ReflectiveCallable.java:12)
	at org.junit.runners.model.FrameworkMethod.invokeExplosively(FrameworkMethod.java:56)
	at org.junit.internal.runners.statements.InvokeMethod.evaluate(InvokeMethod.java:17)
	at org.junit.internal.runners.statements.RunAfters.evaluate(RunAfters.java:27)
	at org.junit.internal.runners.statements.FailOnTimeout$CallableStatement.call(FailOnTimeout.java:299)
	at org.junit.internal.runners.statements.FailOnTimeout$CallableStatement.call(FailOnTimeout.java:293)
	at java.base/java.util.concurrent.FutureTask.run(FutureTask.java:264)
	at java.base/java.lang.Thread.run(Thread.java:829)
2023-09-01 02:13:32,963 [Time-limited test] INFO  impl.RaftServerTestUtil (RaftServerTestUtil.java:waitAndCheckNewConf(87)) - waitAndCheckNewConf: peers=[s1|rpc:0.0.0.0:34359|priority:0|startupRole:FOLLOWER, s2|rpc:0.0.0.0:43093|priority:0|startupRole:FOLLOWER, s0|rpc:localhost:44295|admin:localhost:38859|client:localhost:46071|dataStream:localhost:36715|priority:0|startupRole:FOLLOWER], deadPeers=null, printing ALL groups
  s0:  RUNNING    LEADER s0@group-79E75C7987F5:t1, leader=s0, voted=s0, raftlog=Memoized:s0@group-79E75C7987F5-SegmentedRaftLog:OPENED:c258, conf=257: peers:[s0|rpc:localhost:44295|admin:localhost:38859|client:localhost:46071|dataStream:localhost:36715|priority:0|startupRole:FOLLOWER, s1|rpc:0.0.0.0:34359|dataStream:|priority:0|startupRole:FOLLOWER, s2|rpc:0.0.0.0:43093|dataStream:|priority:0|startupRole:FOLLOWER]|listeners:[], old=null RUNNING
  s1:  RUNNING  FOLLOWER s1@group-79E75C7987F5:t1, leader=s0, voted=null, raftlog=Memoized:s1@group-79E75C7987F5-SegmentedRaftLog:OPENED:c258, conf=257: peers:[s0|rpc:localhost:44295|admin:localhost:38859|client:localhost:46071|dataStream:localhost:36715|priority:0|startupRole:FOLLOWER, s1|rpc:0.0.0.0:34359|dataStream:|priority:0|startupRole:FOLLOWER, s2|rpc:0.0.0.0:43093|dataStream:|priority:0|startupRole:FOLLOWER]|listeners:[], old=null RUNNING
  s2:  RUNNING  FOLLOWER s2@group-79E75C7987F5:t1, leader=s0, voted=null, raftlog=Memoized:s2@group-79E75C7987F5-SegmentedRaftLog:OPENED:c-1, conf=0: peers:[s0|rpc:localhost:44295|admin:localhost:38859|client:localhost:46071|dataStream:localhost:36715|priority:0|startupRole:FOLLOWER]|listeners:[], old=null STARTING
2023-09-01 02:13:32,964 [Time-limited test] INFO  impl.RaftServerTestUtil (RaftServerTestUtil.java:waitAndCheckNewConf(96)) - checking    LEADER s0@group-79E75C7987F5:t1, leader=s0, voted=s0, raftlog=Memoized:s0@group-79E75C7987F5-SegmentedRaftLog:OPENED:c258, conf=257: peers:[s0|rpc:localhost:44295|admin:localhost:38859|client:localhost:46071|dataStream:localhost:36715|priority:0|startupRole:FOLLOWER, s1|rpc:0.0.0.0:34359|dataStream:|priority:0|startupRole:FOLLOWER, s2|rpc:0.0.0.0:43093|dataStream:|priority:0|startupRole:FOLLOWER]|listeners:[], old=null RUNNING
2023-09-01 02:13:32,964 [Time-limited test] INFO  impl.RaftServerTestUtil (RaftServerTestUtil.java:waitAndCheckNewConf(96)) - checking  FOLLOWER s1@group-79E75C7987F5:t1, leader=s0, voted=null, raftlog=Memoized:s1@group-79E75C7987F5-SegmentedRaftLog:OPENED:c258, conf=257: peers:[s0|rpc:localhost:44295|admin:localhost:38859|client:localhost:46071|dataStream:localhost:36715|priority:0|startupRole:FOLLOWER, s1|rpc:0.0.0.0:34359|dataStream:|priority:0|startupRole:FOLLOWER, s2|rpc:0.0.0.0:43093|dataStream:|priority:0|startupRole:FOLLOWER]|listeners:[], old=null RUNNING
2023-09-01 02:13:32,964 [Time-limited test] INFO  impl.RaftServerTestUtil (RaftServerTestUtil.java:waitAndCheckNewConf(96)) - checking  FOLLOWER s2@group-79E75C7987F5:t1, leader=s0, voted=null, raftlog=Memoized:s2@group-79E75C7987F5-SegmentedRaftLog:OPENED:c-1, conf=0: peers:[s0|rpc:localhost:44295|admin:localhost:38859|client:localhost:46071|dataStream:localhost:36715|priority:0|startupRole:FOLLOWER]|listeners:[], old=null STARTING
2023-09-01 02:13:32,964 [Time-limited test] WARN  impl.RaftServerTestUtil (JavaUtils.java:attempt(217)) - FAILED "waitAndCheckNewConf", attempt #9/10: java.lang.AssertionError, sleep 600ms and then retry.
java.lang.AssertionError
	at org.junit.Assert.fail(Assert.java:87)
	at org.junit.Assert.assertTrue(Assert.java:42)
	at org.junit.Assert.assertTrue(Assert.java:53)
	at org.apache.ratis.server.impl.RaftServerTestUtil.waitAndCheckNewConf(RaftServerTestUtil.java:107)
	at org.apache.ratis.server.impl.RaftServerTestUtil.lambda$waitAndCheckNewConf$3(RaftServerTestUtil.java:82)
	at org.apache.ratis.util.function.CheckedRunnable.lambda$asCheckedSupplier$0(CheckedRunnable.java:32)
	at org.apache.ratis.util.JavaUtils.attempt(JavaUtils.java:211)
	at org.apache.ratis.util.JavaUtils.attemptRepeatedly(JavaUtils.java:197)
	at org.apache.ratis.util.JavaUtils.attempt(JavaUtils.java:231)
	at org.apache.ratis.server.impl.RaftServerTestUtil.waitAndCheckNewConf(RaftServerTestUtil.java:82)
	at org.apache.ratis.InstallSnapshotFromLeaderTests.testMultiFileInstallSnapshot(InstallSnapshotFromLeaderTests.java:116)
	at org.apache.ratis.server.impl.MiniRaftCluster$Factory$Get.runWithNewCluster(MiniRaftCluster.java:141)
	at org.apache.ratis.server.impl.MiniRaftCluster$Factory$Get.runWithNewCluster(MiniRaftCluster.java:121)
	at org.apache.ratis.InstallSnapshotFromLeaderTests.testMultiFileInstallSnapshot(InstallSnapshotFromLeaderTests.java:80)
	at java.base/jdk.internal.reflect.NativeMethodAccessorImpl.invoke0(Native Method)
	at java.base/jdk.internal.reflect.NativeMethodAccessorImpl.invoke(NativeMethodAccessorImpl.java:62)
	at java.base/jdk.internal.reflect.DelegatingMethodAccessorImpl.invoke(DelegatingMethodAccessorImpl.java:43)
	at java.base/java.lang.reflect.Method.invoke(Method.java:566)
	at org.junit.runners.model.FrameworkMethod$1.runReflectiveCall(FrameworkMethod.java:59)
	at org.junit.internal.runners.model.ReflectiveCallable.run(ReflectiveCallable.java:12)
	at org.junit.runners.model.FrameworkMethod.invokeExplosively(FrameworkMethod.java:56)
	at org.junit.internal.runners.statements.InvokeMethod.evaluate(InvokeMethod.java:17)
	at org.junit.internal.runners.statements.RunAfters.evaluate(RunAfters.java:27)
	at org.junit.internal.runners.statements.FailOnTimeout$CallableStatement.call(FailOnTimeout.java:299)
	at org.junit.internal.runners.statements.FailOnTimeout$CallableStatement.call(FailOnTimeout.java:293)
	at java.base/java.util.concurrent.FutureTask.run(FutureTask.java:264)
	at java.base/java.lang.Thread.run(Thread.java:829)
2023-09-01 02:13:33,564 [Time-limited test] INFO  impl.RaftServerTestUtil (RaftServerTestUtil.java:waitAndCheckNewConf(87)) - waitAndCheckNewConf: peers=[s1|rpc:0.0.0.0:34359|priority:0|startupRole:FOLLOWER, s2|rpc:0.0.0.0:43093|priority:0|startupRole:FOLLOWER, s0|rpc:localhost:44295|admin:localhost:38859|client:localhost:46071|dataStream:localhost:36715|priority:0|startupRole:FOLLOWER], deadPeers=null, printing ALL groups
  s0:  RUNNING    LEADER s0@group-79E75C7987F5:t1, leader=s0, voted=s0, raftlog=Memoized:s0@group-79E75C7987F5-SegmentedRaftLog:OPENED:c258, conf=257: peers:[s0|rpc:localhost:44295|admin:localhost:38859|client:localhost:46071|dataStream:localhost:36715|priority:0|startupRole:FOLLOWER, s1|rpc:0.0.0.0:34359|dataStream:|priority:0|startupRole:FOLLOWER, s2|rpc:0.0.0.0:43093|dataStream:|priority:0|startupRole:FOLLOWER]|listeners:[], old=null RUNNING
  s1:  RUNNING  FOLLOWER s1@group-79E75C7987F5:t1, leader=s0, voted=null, raftlog=Memoized:s1@group-79E75C7987F5-SegmentedRaftLog:OPENED:c258, conf=257: peers:[s0|rpc:localhost:44295|admin:localhost:38859|client:localhost:46071|dataStream:localhost:36715|priority:0|startupRole:FOLLOWER, s1|rpc:0.0.0.0:34359|dataStream:|priority:0|startupRole:FOLLOWER, s2|rpc:0.0.0.0:43093|dataStream:|priority:0|startupRole:FOLLOWER]|listeners:[], old=null RUNNING
  s2:  RUNNING  FOLLOWER s2@group-79E75C7987F5:t1, leader=s0, voted=null, raftlog=Memoized:s2@group-79E75C7987F5-SegmentedRaftLog:OPENED:c-1, conf=0: peers:[s0|rpc:localhost:44295|admin:localhost:38859|client:localhost:46071|dataStream:localhost:36715|priority:0|startupRole:FOLLOWER]|listeners:[], old=null STARTING
2023-09-01 02:13:33,565 [Time-limited test] INFO  impl.RaftServerTestUtil (RaftServerTestUtil.java:waitAndCheckNewConf(96)) - checking    LEADER s0@group-79E75C7987F5:t1, leader=s0, voted=s0, raftlog=Memoized:s0@group-79E75C7987F5-SegmentedRaftLog:OPENED:c258, conf=257: peers:[s0|rpc:localhost:44295|admin:localhost:38859|client:localhost:46071|dataStream:localhost:36715|priority:0|startupRole:FOLLOWER, s1|rpc:0.0.0.0:34359|dataStream:|priority:0|startupRole:FOLLOWER, s2|rpc:0.0.0.0:43093|dataStream:|priority:0|startupRole:FOLLOWER]|listeners:[], old=null RUNNING
2023-09-01 02:13:33,565 [Time-limited test] INFO  impl.RaftServerTestUtil (RaftServerTestUtil.java:waitAndCheckNewConf(96)) - checking  FOLLOWER s1@group-79E75C7987F5:t1, leader=s0, voted=null, raftlog=Memoized:s1@group-79E75C7987F5-SegmentedRaftLog:OPENED:c258, conf=257: peers:[s0|rpc:localhost:44295|admin:localhost:38859|client:localhost:46071|dataStream:localhost:36715|priority:0|startupRole:FOLLOWER, s1|rpc:0.0.0.0:34359|dataStream:|priority:0|startupRole:FOLLOWER, s2|rpc:0.0.0.0:43093|dataStream:|priority:0|startupRole:FOLLOWER]|listeners:[], old=null RUNNING
2023-09-01 02:13:33,565 [Time-limited test] INFO  impl.RaftServerTestUtil (RaftServerTestUtil.java:waitAndCheckNewConf(96)) - checking  FOLLOWER s2@group-79E75C7987F5:t1, leader=s0, voted=null, raftlog=Memoized:s2@group-79E75C7987F5-SegmentedRaftLog:OPENED:c-1, conf=0: peers:[s0|rpc:localhost:44295|admin:localhost:38859|client:localhost:46071|dataStream:localhost:36715|priority:0|startupRole:FOLLOWER]|listeners:[], old=null STARTING
2023-09-01 02:13:33,565 [Time-limited test] INFO  impl.MiniRaftCluster (MiniRaftCluster.java:shutdown(831)) - ************************************************************** 
2023-09-01 02:13:33,565 [Time-limited test] INFO  impl.MiniRaftCluster (MiniRaftCluster.java:shutdown(832)) - *** 
2023-09-01 02:13:33,565 [Time-limited test] INFO  impl.MiniRaftCluster (MiniRaftCluster.java:shutdown(833)) - ***     Stopping MiniRaftClusterWithGrpc
2023-09-01 02:13:33,565 [Time-limited test] INFO  impl.MiniRaftCluster (MiniRaftCluster.java:shutdown(834)) - *** 
2023-09-01 02:13:33,565 [Time-limited test] INFO  impl.MiniRaftCluster (MiniRaftCluster.java:shutdown(835)) - ************************************************************** 
2023-09-01 02:13:33,565 [Time-limited test] INFO  impl.MiniRaftCluster (MiniRaftCluster.java:shutdown(836)) - printing ALL groups
  s0:  RUNNING    LEADER s0@group-79E75C7987F5:t1, leader=s0, voted=s0, raftlog=Memoized:s0@group-79E75C7987F5-SegmentedRaftLog:OPENED:c258, conf=257: peers:[s0|rpc:localhost:44295|admin:localhost:38859|client:localhost:46071|dataStream:localhost:36715|priority:0|startupRole:FOLLOWER, s1|rpc:0.0.0.0:34359|dataStream:|priority:0|startupRole:FOLLOWER, s2|rpc:0.0.0.0:43093|dataStream:|priority:0|startupRole:FOLLOWER]|listeners:[], old=null RUNNING
  s1:  RUNNING  FOLLOWER s1@group-79E75C7987F5:t1, leader=s0, voted=null, raftlog=Memoized:s1@group-79E75C7987F5-SegmentedRaftLog:OPENED:c258, conf=257: peers:[s0|rpc:localhost:44295|admin:localhost:38859|client:localhost:46071|dataStream:localhost:36715|priority:0|startupRole:FOLLOWER, s1|rpc:0.0.0.0:34359|dataStream:|priority:0|startupRole:FOLLOWER, s2|rpc:0.0.0.0:43093|dataStream:|priority:0|startupRole:FOLLOWER]|listeners:[], old=null RUNNING
  s2:  RUNNING  FOLLOWER s2@group-79E75C7987F5:t1, leader=s0, voted=null, raftlog=Memoized:s2@group-79E75C7987F5-SegmentedRaftLog:OPENED:c-1, conf=0: peers:[s0|rpc:localhost:44295|admin:localhost:38859|client:localhost:46071|dataStream:localhost:36715|priority:0|startupRole:FOLLOWER]|listeners:[], old=null STARTING
2023-09-01 02:13:33,565 [MiniRaftCluster-13] INFO  server.RaftServer (RaftServerProxy.java:lambda$close$7(420)) - s0: close
2023-09-01 02:13:33,566 [MiniRaftCluster-15] INFO  server.RaftServer (RaftServerProxy.java:lambda$close$7(420)) - s2: close
2023-09-01 02:13:33,567 [MiniRaftCluster-13] INFO  server.GrpcService (GrpcService.java:closeImpl(311)) - s0: shutdown server org.apache.ratis.grpc.server.GrpcClientProtocolService now
2023-09-01 02:13:33,567 [s2-impl-thread1] INFO  server.RaftServer$Division (RaftServerImpl.java:lambda$close$3(508)) - s2@group-79E75C7987F5: shutdown
2023-09-01 02:13:33,566 [s0-impl-thread1] INFO  server.RaftServer$Division (RaftServerImpl.java:lambda$close$3(508)) - s0@group-79E75C7987F5: shutdown
2023-09-01 02:13:33,567 [s2-impl-thread1] INFO  util.JmxRegister (JmxRegister.java:unregister(73)) - Successfully un-registered JMX Bean with object name Ratis:service=RaftServer,group=group-79E75C7987F5,id=s2
2023-09-01 02:13:33,567 [s0-impl-thread1] INFO  util.JmxRegister (JmxRegister.java:unregister(73)) - Successfully un-registered JMX Bean with object name Ratis:service=RaftServer,group=group-79E75C7987F5,id=s0
2023-09-01 02:13:33,567 [s2-impl-thread1] INFO  impl.StateMachineUpdater (StateMachineUpdater.java:stopAndJoin(157)) - s2@group-79E75C7987F5-StateMachineUpdater: set stopIndex = -1
2023-09-01 02:13:33,567 [s0-impl-thread1] INFO  impl.RoleInfo (RoleInfo.java:shutdownLeaderState(92)) - s0: shutdown s0@group-79E75C7987F5-LeaderStateImpl
2023-09-01 02:13:33,566 [MiniRaftCluster-14] INFO  server.RaftServer (RaftServerProxy.java:lambda$close$7(420)) - s1: close
2023-09-01 02:13:33,567 [s0-impl-thread1] INFO  impl.PendingRequests (PendingRequests.java:sendNotLeaderResponses(289)) - s0@group-79E75C7987F5-PendingRequests: sendNotLeaderResponses
2023-09-01 02:13:33,567 [MiniRaftCluster-15] INFO  server.GrpcService (GrpcService.java:closeImpl(311)) - s2: shutdown server GrpcServerProtocolService now
2023-09-01 02:13:33,568 [s0@group-79E75C7987F5->s2-GrpcLogAppender-LogAppenderDaemon] WARN  server.GrpcLogAppender (GrpcLogAppender.java:installSnapshot(662)) - s0@group-79E75C7987F5->s2-GrpcLogAppender: failed to install snapshot [/home/runner/work/ratis/ratis/ratis-test/target/test/data/1f94b248/MiniRaftClusterWithGrpc6a48d149/s0/5d568d59-1c4d-41a6-bf6a-79e75c7987f5/sm/snapshot/1.bin, /home/runner/work/ratis/ratis/ratis-test/target/test/data/1f94b248/MiniRaftClusterWithGrpc6a48d149/s0/5d568d59-1c4d-41a6-bf6a-79e75c7987f5/sm/snapshot/sub/2.bin, /home/runner/work/ratis/ratis/ratis-test/target/test/data/1f94b248/MiniRaftClusterWithGrpc6a48d149/s0/5d568d59-1c4d-41a6-bf6a-79e75c7987f5/sm/snapshot.1_191]: {}
java.lang.IllegalStateException: Interrupted onNext s0->s2#0-t1,chunk:b57cfa42-baa3-4372-bf54-2573b015a4d1,9
	at org.apache.ratis.grpc.util.StreamObserverWithTimeout.acquire(StreamObserverWithTimeout.java:87)
	at org.apache.ratis.grpc.util.StreamObserverWithTimeout.onNext(StreamObserverWithTimeout.java:98)
	at org.apache.ratis.grpc.server.GrpcLogAppender.installSnapshot(GrpcLogAppender.java:652)
	at org.apache.ratis.grpc.server.GrpcLogAppender.run(GrpcLogAppender.java:168)
	at org.apache.ratis.server.leader.LogAppenderDaemon.run(LogAppenderDaemon.java:78)
	at java.base/java.lang.Thread.run(Thread.java:829)
Caused by: java.lang.InterruptedException
	at java.base/java.util.concurrent.locks.AbstractQueuedSynchronizer.doAcquireSharedNanos(AbstractQueuedSynchronizer.java:1081)
	at java.base/java.util.concurrent.locks.AbstractQueuedSynchronizer.tryAcquireSharedNanos(AbstractQueuedSynchronizer.java:1369)
	at java.base/java.util.concurrent.Semaphore.tryAcquire(Semaphore.java:415)
	at org.apache.ratis.grpc.util.StreamObserverWithTimeout.acquire(StreamObserverWithTimeout.java:85)
	... 5 more
2023-09-01 02:13:33,570 [s0@group-79E75C7987F5->s1-GrpcLogAppender-LogAppenderDaemon] WARN  server.GrpcLogAppender (GrpcLogAppender.java:mayWait(211)) - s0@group-79E75C7987F5->s1-GrpcLogAppender: Wait interrupted by java.lang.InterruptedException
2023-09-01 02:13:33,570 [grpc-default-executor-3] INFO  server.GrpcServerProtocolService (GrpcServerProtocolService.java:onCompleted(155)) - s2: Completed APPEND_ENTRIES, lastRequest: null
2023-09-01 02:13:33,575 [s2-impl-thread1] INFO  server.RaftServer$Division (ServerState.java:close(415)) - s2@group-79E75C7987F5: applyIndex: -1
2023-09-01 02:13:33,575 [grpc-default-executor-3] INFO  server.GrpcServerProtocolService (GrpcServerProtocolService.java:lambda$onCompleted$5(157)) - s2: Completed APPEND_ENTRIES, lastReply: null
2023-09-01 02:13:33,575 [grpc-default-executor-0] INFO  server.GrpcServerProtocolService (GrpcServerProtocolService.java:onCompleted(155)) - s1: Completed APPEND_ENTRIES, lastRequest: null
2023-09-01 02:13:33,576 [grpc-default-executor-0] INFO  server.GrpcServerProtocolService (GrpcServerProtocolService.java:lambda$onCompleted$5(157)) - s1: Completed APPEND_ENTRIES, lastReply: serverReply {
  requestorId: "s0"
  replyId: "s1"
  raftGroupId {
    id: "]V\215Y\034MA\246\277jy\347\\y\207\365"
  }
  callId: 75
  success: true
}
term: 1
nextIndex: 259
followerCommit: 258
matchIndex: 18446744073709551615
isHearbeat: true

2023-09-01 02:13:33,575 [grpc-default-executor-1] INFO  server.GrpcServerProtocolService (GrpcServerProtocolService.java:onCompleted(155)) - s1: Completed APPEND_ENTRIES, lastRequest: s0->s1#4-t1,previous=(t:1, i:257),leaderCommit=257,initializing? true,entries: size=1, first=(t:1, i:258), METADATAENTRY(c:257)
2023-09-01 02:13:33,576 [grpc-default-executor-1] INFO  server.GrpcServerProtocolService (GrpcServerProtocolService.java:lambda$onCompleted$5(157)) - s1: Completed APPEND_ENTRIES, lastReply: null
2023-09-01 02:13:33,572 [s1-impl-thread1] INFO  server.RaftServer$Division (RaftServerImpl.java:lambda$close$3(508)) - s1@group-79E75C7987F5: shutdown
2023-09-01 02:13:33,576 [s1-impl-thread1] INFO  util.JmxRegister (JmxRegister.java:unregister(73)) - Successfully un-registered JMX Bean with object name Ratis:service=RaftServer,group=group-79E75C7987F5,id=s1
2023-09-01 02:13:33,576 [s1-impl-thread1] INFO  impl.RoleInfo (RoleInfo.java:shutdownFollowerState(109)) - s1: shutdown s1@group-79E75C7987F5-FollowerState
2023-09-01 02:13:33,576 [s1-impl-thread1] INFO  impl.StateMachineUpdater (StateMachineUpdater.java:stopAndJoin(157)) - s1@group-79E75C7987F5-StateMachineUpdater: set stopIndex = 258
2023-09-01 02:13:33,576 [s1@group-79E75C7987F5-FollowerState] INFO  impl.FollowerState (FollowerState.java:run(152)) - s1@group-79E75C7987F5-FollowerState was interrupted
2023-09-01 02:13:33,572 [MiniRaftCluster-14] INFO  server.GrpcService (GrpcService.java:closeImpl(311)) - s1: shutdown server GrpcServerProtocolService now
2023-09-01 02:13:33,577 [MiniRaftCluster-15] INFO  server.GrpcService (GrpcService.java:closeImpl(320)) - s2: shutdown server GrpcServerProtocolService successfully
2023-09-01 02:13:33,580 [grpc-default-executor-0] INFO  server.GrpcLogAppender (GrpcLogAppender.java:onCompleted(463)) - s0@group-79E75C7987F5->s2-AppendLogResponseHandler: follower responses appendEntries COMPLETED
2023-09-01 02:13:33,587 [grpc-default-executor-1] INFO  server.GrpcLogAppender (GrpcLogAppender.java:onCompleted(463)) - s0@group-79E75C7987F5->s1-AppendLogResponseHandler: follower responses appendEntries COMPLETED
2023-09-01 02:13:33,587 [grpc-default-executor-1] INFO  leader.FollowerInfo (FollowerInfoImpl.java:lambda$new$0(52)) - s0@group-79E75C7987F5->s1: decreaseNextIndex nextIndex: updateUnconditionally 259 -> 258
2023-09-01 02:13:33,589 [s1@group-79E75C7987F5-StateMachineUpdater] INFO  impl.StateMachineUpdater (StateMachineUpdater.java:takeSnapshot(295)) - s1@group-79E75C7987F5-StateMachineUpdater: Took a snapshot at index 258
2023-09-01 02:13:33,589 [s1@group-79E75C7987F5-StateMachineUpdater] INFO  impl.StateMachineUpdater (StateMachineUpdater.java:lambda$new$0(98)) - s1@group-79E75C7987F5-StateMachineUpdater: snapshotIndex: updateIncreasingly 255 -> 258
2023-09-01 02:13:33,589 [s1-impl-thread1] INFO  server.RaftServer$Division (ServerState.java:close(415)) - s1@group-79E75C7987F5: applyIndex: 258
2023-09-01 02:13:33,593 [Thread-170] INFO  server.GrpcServerProtocolClient (GrpcServerProtocolClient.java:close(104)) - s1 Close channels
2023-09-01 02:13:33,595 [grpc-default-executor-3] INFO  server.GrpcLogAppender (GrpcLogAppender.java:onError(451)) - s0@group-79E75C7987F5->s2-GrpcLogAppender is already stopped
2023-09-01 02:13:33,596 [grpc-default-executor-0] INFO  server.GrpcLogAppender (GrpcLogAppender.java:onCompleted(463)) - s0@group-79E75C7987F5->s1-AppendLogResponseHandler: follower responses appendEntries COMPLETED
2023-09-01 02:13:33,596 [grpc-default-executor-0] WARN  server.GrpcLogAppender (GrpcLogAppender.java:resetClient(148)) - s0@group-79E75C7987F5->s1-GrpcLogAppender: Failed to getClient for s1
org.apache.ratis.protocol.exceptions.AlreadyClosedException: s0 is already CLOSED
	at org.apache.ratis.util.PeerProxyMap$PeerAndProxy.getProxy(PeerProxyMap.java:61)
	at org.apache.ratis.util.PeerProxyMap.getProxy(PeerProxyMap.java:110)
	at org.apache.ratis.grpc.server.GrpcLogAppender.getClient(GrpcLogAppender.java:120)
	at org.apache.ratis.grpc.server.GrpcLogAppender.resetClient(GrpcLogAppender.java:125)
	at org.apache.ratis.grpc.server.GrpcLogAppender.access$700(GrpcLogAppender.java:60)
	at org.apache.ratis.grpc.server.GrpcLogAppender$AppendLogResponseHandler.onCompleted(GrpcLogAppender.java:465)
	at org.apache.ratis.thirdparty.io.grpc.stub.ClientCalls$StreamObserverToCallListenerAdapter.onClose(ClientCalls.java:485)
	at org.apache.ratis.thirdparty.io.grpc.internal.DelayedClientCall$DelayedListener$3.run(DelayedClientCall.java:471)
	at org.apache.ratis.thirdparty.io.grpc.internal.DelayedClientCall$DelayedListener.delayOrExecute(DelayedClientCall.java:435)
	at org.apache.ratis.thirdparty.io.grpc.internal.DelayedClientCall$DelayedListener.onClose(DelayedClientCall.java:468)
	at org.apache.ratis.thirdparty.io.grpc.internal.ClientCallImpl.closeObserver(ClientCallImpl.java:563)
	at org.apache.ratis.thirdparty.io.grpc.internal.ClientCallImpl.access$300(ClientCallImpl.java:70)
	at org.apache.ratis.thirdparty.io.grpc.internal.ClientCallImpl$ClientStreamListenerImpl$1StreamClosed.runInternal(ClientCallImpl.java:744)
	at org.apache.ratis.thirdparty.io.grpc.internal.ClientCallImpl$ClientStreamListenerImpl$1StreamClosed.runInContext(ClientCallImpl.java:723)
	at org.apache.ratis.thirdparty.io.grpc.internal.ContextRunnable.run(ContextRunnable.java:37)
	at org.apache.ratis.thirdparty.io.grpc.internal.SerializingExecutor.run(SerializingExecutor.java:133)
	at java.base/java.util.concurrent.ThreadPoolExecutor.runWorker(ThreadPoolExecutor.java:1128)
	at java.base/java.util.concurrent.ThreadPoolExecutor$Worker.run(ThreadPoolExecutor.java:628)
	at java.base/java.lang.Thread.run(Thread.java:829)
2023-09-01 02:13:33,597 [Thread-171] INFO  server.GrpcServerProtocolClient (GrpcServerProtocolClient.java:close(104)) - s2 Close channels
2023-09-01 02:13:33,598 [MiniRaftCluster-14] INFO  server.GrpcService (GrpcService.java:closeImpl(320)) - s1: shutdown server GrpcServerProtocolService successfully
2023-09-01 02:13:33,599 [s0-impl-thread1] INFO  impl.StateMachineUpdater (StateMachineUpdater.java:stopAndJoin(157)) - s0@group-79E75C7987F5-StateMachineUpdater: set stopIndex = 258
2023-09-01 02:13:33,599 [MiniRaftCluster-13] INFO  server.GrpcService (GrpcService.java:closeImpl(320)) - s0: shutdown server org.apache.ratis.grpc.server.GrpcClientProtocolService successfully
2023-09-01 02:13:33,599 [MiniRaftCluster-13] INFO  server.GrpcService (GrpcService.java:closeImpl(311)) - s0: shutdown server GrpcServerProtocolService now
2023-09-01 02:13:33,603 [MiniRaftCluster-13] INFO  server.GrpcService (GrpcService.java:closeImpl(320)) - s0: shutdown server GrpcServerProtocolService successfully
2023-09-01 02:13:33,603 [MiniRaftCluster-13] INFO  server.GrpcService (GrpcService.java:closeImpl(311)) - s0: shutdown server org.apache.ratis.grpc.server.GrpcAdminProtocolService now
2023-09-01 02:13:33,607 [MiniRaftCluster-13] INFO  server.GrpcService (GrpcService.java:closeImpl(320)) - s0: shutdown server org.apache.ratis.grpc.server.GrpcAdminProtocolService successfully
2023-09-01 02:13:33,612 [s0@group-79E75C7987F5-StateMachineUpdater] INFO  impl.StateMachineUpdater (StateMachineUpdater.java:takeSnapshot(295)) - s0@group-79E75C7987F5-StateMachineUpdater: Took a snapshot at index 258
2023-09-01 02:13:33,612 [s0@group-79E75C7987F5-StateMachineUpdater] INFO  impl.StateMachineUpdater (StateMachineUpdater.java:lambda$new$0(98)) - s0@group-79E75C7987F5-StateMachineUpdater: snapshotIndex: updateIncreasingly 255 -> 258
2023-09-01 02:13:33,612 [s0@group-79E75C7987F5-StateMachineUpdater] INFO  raftlog.RaftLog (RaftLogBase.java:purge(315)) - s0@group-79E75C7987F5-SegmentedRaftLog: purge 258
2023-09-01 02:13:33,612 [s0@group-79E75C7987F5-StateMachineUpdater] INFO  raftlog.RaftLog (RaftLogBase.java:lambda$new$0(54)) - s0@group-79E75C7987F5-SegmentedRaftLog: snapshotIndex: updateIncreasingly 191 -> 258
2023-09-01 02:13:33,612 [s0@group-79E75C7987F5-StateMachineUpdater] INFO  raftlog.RaftLog (RaftLogBase.java:lambda$new$0(54)) - s0@group-79E75C7987F5-SegmentedRaftLog: purgeIndex: updateToMax old=191, new=258, updated? true
2023-09-01 02:13:33,612 [s0-impl-thread1] INFO  server.RaftServer$Division (ServerState.java:close(415)) - s0@group-79E75C7987F5: applyIndex: 258
2023-09-01 02:13:34,035 [s2-impl-thread1] INFO  segmented.SegmentedRaftLogWorker (SegmentedRaftLogWorker.java:close(242)) - s2@group-79E75C7987F5-SegmentedRaftLogWorker close()
2023-09-01 02:13:34,036 [JvmPauseMonitor8] INFO  util.JvmPauseMonitor (JvmPauseMonitor.java:run(152)) - JvmPauseMonitor-s2: Stopped
2023-09-01 02:13:34,139 [s0-impl-thread1] INFO  segmented.SegmentedRaftLogWorker (SegmentedRaftLogWorker.java:close(242)) - s0@group-79E75C7987F5-SegmentedRaftLogWorker close()
2023-09-01 02:13:34,140 [JvmPauseMonitor6] INFO  util.JvmPauseMonitor (JvmPauseMonitor.java:run(152)) - JvmPauseMonitor-s0: Stopped
2023-09-01 02:13:34,148 [s1-impl-thread1] INFO  segmented.SegmentedRaftLogWorker (SegmentedRaftLogWorker.java:close(242)) - s1@group-79E75C7987F5-SegmentedRaftLogWorker close()
2023-09-01 02:13:34,149 [JvmPauseMonitor7] INFO  util.JvmPauseMonitor (JvmPauseMonitor.java:run(152)) - JvmPauseMonitor-s1: Stopped
2023-09-01 02:13:34,149 [Time-limited test] INFO  impl.MiniRaftCluster (MiniRaftCluster.java:shutdown(855)) - MiniRaftClusterWithGrpc shutdown completed
2023-09-01 02:13:34,150 [Time-limited test] INFO  impl.MiniRaftCluster (MiniRaftCluster.java:shutdown(831)) - ************************************************************** 
2023-09-01 02:13:34,150 [Time-limited test] INFO  impl.MiniRaftCluster (MiniRaftCluster.java:shutdown(832)) - *** 
2023-09-01 02:13:34,150 [Time-limited test] INFO  impl.MiniRaftCluster (MiniRaftCluster.java:shutdown(833)) - ***     Stopping MiniRaftClusterWithGrpc
2023-09-01 02:13:34,150 [Time-limited test] INFO  impl.MiniRaftCluster (MiniRaftCluster.java:shutdown(834)) - *** 
2023-09-01 02:13:34,150 [Time-limited test] INFO  impl.MiniRaftCluster (MiniRaftCluster.java:shutdown(835)) - ************************************************************** 
2023-09-01 02:13:34,150 [Time-limited test] INFO  impl.MiniRaftCluster (MiniRaftCluster.java:shutdown(836)) - printing ALL groups
  s0:   CLOSED    LEADER s0@group-79E75C7987F5:t1, leader=s0, voted=s0, raftlog=Memoized:s0@group-79E75C7987F5-SegmentedRaftLog:CLOSED:c258, conf=257: peers:[s0|rpc:localhost:44295|admin:localhost:38859|client:localhost:46071|dataStream:localhost:36715|priority:0|startupRole:FOLLOWER, s1|rpc:0.0.0.0:34359|dataStream:|priority:0|startupRole:FOLLOWER, s2|rpc:0.0.0.0:43093|dataStream:|priority:0|startupRole:FOLLOWER]|listeners:[], old=null CLOSED
  s1:   CLOSED  FOLLOWER s1@group-79E75C7987F5:t1, leader=s0, voted=null, raftlog=Memoized:s1@group-79E75C7987F5-SegmentedRaftLog:CLOSED:c258, conf=257: peers:[s0|rpc:localhost:44295|admin:localhost:38859|client:localhost:46071|dataStream:localhost:36715|priority:0|startupRole:FOLLOWER, s1|rpc:0.0.0.0:34359|dataStream:|priority:0|startupRole:FOLLOWER, s2|rpc:0.0.0.0:43093|dataStream:|priority:0|startupRole:FOLLOWER]|listeners:[], old=null CLOSED
  s2:   CLOSED  FOLLOWER s2@group-79E75C7987F5:t1, leader=s0, voted=null, raftlog=Memoized:s2@group-79E75C7987F5-SegmentedRaftLog:CLOSED:c-1, conf=0: peers:[s0|rpc:localhost:44295|admin:localhost:38859|client:localhost:46071|dataStream:localhost:36715|priority:0|startupRole:FOLLOWER]|listeners:[], old=null CLOSED
2023-09-01 02:13:34,151 [Time-limited test] INFO  impl.MiniRaftCluster (MiniRaftCluster.java:shutdown(855)) - MiniRaftClusterWithGrpc shutdown completed
]]></system-out>
  </testcase>
  <testcase name="testSeparateSnapshotInstallPath[1]" classname="org.apache.ratis.grpc.TestLeaderInstallSnapshot" time="1.852">
    <system-out><![CDATA[2023-09-01 02:13:34,154 [main] INFO  util.LogUtils (Slf4jUtils.java:setLogLevel(38)) - Successfully set org.apache.ratis.conf.ConfUtils log level to WARN
2023-09-01 02:13:34,154 [main] INFO  util.LogUtils (Slf4jUtils.java:setLogLevel(38)) - Successfully set org.apache.ratis.util.FileUtils log level to TRACE
2023-09-01 02:13:34,155 [Time-limited test] INFO  impl.MiniRaftCluster (MiniRaftCluster.java:runWithNewCluster(135)) - Running runWithNewCluster
2023-09-01 02:13:34,155 [Time-limited test] INFO  impl.MiniRaftCluster (MiniRaftCluster.java:<init>(306)) - new MiniRaftClusterWithGrpc with group-B005AB42B387:[s0|rpc:localhost:34237|admin:localhost:46111|client:localhost:41849|dataStream:localhost:35589|priority:0|startupRole:FOLLOWER]
2023-09-01 02:13:34,155 [Time-limited test] INFO  impl.MiniRaftCluster (MiniRaftCluster.java:start(339)) - .............................................................. 
2023-09-01 02:13:34,155 [Time-limited test] INFO  impl.MiniRaftCluster (MiniRaftCluster.java:start(340)) - ... 
2023-09-01 02:13:34,155 [Time-limited test] INFO  impl.MiniRaftCluster (MiniRaftCluster.java:start(341)) - ...     Starting MiniRaftClusterWithGrpc
2023-09-01 02:13:34,155 [Time-limited test] INFO  impl.MiniRaftCluster (MiniRaftCluster.java:start(342)) - ... 
2023-09-01 02:13:34,155 [Time-limited test] INFO  impl.MiniRaftCluster (MiniRaftCluster.java:start(343)) - .............................................................. 
2023-09-01 02:13:34,155 [Time-limited test] INFO  impl.MiniRaftCluster (MiniRaftCluster.java:initServers(318)) - servers = {}
2023-09-01 02:13:34,155 [Time-limited test] INFO  impl.MiniRaftCluster (MiniRaftCluster.java:newRaftServer(382)) - newRaftServer: s0, group-B005AB42B387:[s0|rpc:localhost:34237|admin:localhost:46111|client:localhost:41849|dataStream:localhost:35589|priority:0|startupRole:FOLLOWER], format? true
2023-09-01 02:13:34,155 [Time-limited test] TRACE util.FileUtils (FileUtils.java:deleteFully(201)) - deleteFully target/test/data/1f94b248/MiniRaftClusterWithGrpce70da610/s0
2023-09-01 02:13:34,155 [Time-limited test] TRACE util.FileUtils (FileUtils.java:deleteFully(217)) - deleteFully: target/test/data/1f94b248/MiniRaftClusterWithGrpce70da610/s0 does not exist.
2023-09-01 02:13:34,156 [Time-limited test] INFO  impl.MiniRaftCluster (MiniRaftCluster.java:newRaftServer(387)) - Formatted directory target/test/data/1f94b248/MiniRaftClusterWithGrpce70da610/s0
2023-09-01 02:13:34,156 [Time-limited test] INFO  server.RaftServer (ConfUtils.java:logGet(46)) - raft.rpc.type = GRPC (default)
2023-09-01 02:13:34,156 [Time-limited test] INFO  grpc.GrpcConfigKeys (ConfUtils.java:logFallback(53)) - raft.grpc.admin.host = null (fallback to raft.grpc.server.host)
2023-09-01 02:13:34,156 [Time-limited test] INFO  grpc.GrpcConfigKeys (ConfUtils.java:logGet(46)) - raft.grpc.admin.port = 46111 (custom)
2023-09-01 02:13:34,156 [Time-limited test] INFO  grpc.GrpcConfigKeys (ConfUtils.java:logFallback(53)) - raft.grpc.client.host = null (fallback to raft.grpc.server.host)
2023-09-01 02:13:34,156 [Time-limited test] INFO  grpc.GrpcConfigKeys (ConfUtils.java:logGet(46)) - raft.grpc.client.port = 41849 (custom)
2023-09-01 02:13:34,156 [Time-limited test] INFO  grpc.GrpcConfigKeys (ConfUtils.java:logGet(46)) - raft.grpc.server.host = null (default)
2023-09-01 02:13:34,156 [Time-limited test] INFO  grpc.GrpcConfigKeys (ConfUtils.java:logGet(46)) - raft.grpc.server.port = 34237 (custom)
2023-09-01 02:13:34,156 [Time-limited test] INFO  server.GrpcService (ConfUtils.java:logGet(46)) - raft.grpc.message.size.max = 64MB (=67108864) (default)
2023-09-01 02:13:34,156 [Time-limited test] INFO  server.RaftServerConfigKeys (ConfUtils.java:logGet(46)) - raft.server.log.appender.buffer.byte-limit = 4MB (=4194304) (default)
2023-09-01 02:13:34,157 [Time-limited test] INFO  server.GrpcService (ConfUtils.java:logGet(46)) - raft.grpc.flow.control.window = 1MB (=1048576) (default)
2023-09-01 02:13:34,157 [Time-limited test] INFO  server.RaftServerConfigKeys (ConfUtils.java:logGet(46)) - raft.server.rpc.request.timeout = 3000ms (default)
2023-09-01 02:13:34,157 [Time-limited test] INFO  grpc.GrpcConfigKeys (ConfUtils.java:logGet(46)) - raft.grpc.server.heartbeat.channel = true (default)
2023-09-01 02:13:34,157 [Time-limited test] INFO  grpc.GrpcConfigKeys (ConfUtils.java:logGet(46)) - raft.grpc.server.async.request.thread.pool.cached = true (default)
2023-09-01 02:13:34,157 [Time-limited test] INFO  grpc.GrpcConfigKeys (ConfUtils.java:logGet(46)) - raft.grpc.server.async.request.thread.pool.size = 32 (default)
2023-09-01 02:13:34,158 [Time-limited test] INFO  impl.DataStreamServerImpl (ConfUtils.java:logGet(46)) - raft.datastream.type = DISABLED (default)
2023-09-01 02:13:34,158 [Time-limited test] INFO  server.RaftServerConfigKeys (ConfUtils.java:logGet(46)) - raft.server.threadpool.proxy.cached = true (default)
2023-09-01 02:13:34,158 [Time-limited test] INFO  server.RaftServerConfigKeys (ConfUtils.java:logGet(46)) - raft.server.threadpool.proxy.size = 0 (default)
2023-09-01 02:13:34,158 [Time-limited test] INFO  server.RaftServerConfigKeys (ConfUtils.java:logGet(46)) - raft.server.sleep.deviation.threshold = 300ms (default)
2023-09-01 02:13:34,158 [Time-limited test] INFO  server.RaftServerConfigKeys (ConfUtils.java:logGet(46)) - raft.server.rpc.slowness.timeout = 60s (default)
2023-09-01 02:13:34,158 [Time-limited test] INFO  server.RaftServerConfigKeys (ConfUtils.java:logGet(46)) - raft.server.leaderelection.leader.step-down.wait-time = 10s (default)
2023-09-01 02:13:34,158 [Time-limited test] INFO  server.RaftServerConfigKeys (ConfUtils.java:logGet(46)) - raft.server.storage.dir = [/home/runner/work/ratis/ratis/ratis-test/target/test/data/1f94b248/MiniRaftClusterWithGrpce70da610/s0] (custom)
2023-09-01 02:13:34,158 [Time-limited test] INFO  server.RaftServer (RaftServerProxy.java:addNew(99)) - s0: addNew group-B005AB42B387:[s0|rpc:localhost:34237|admin:localhost:46111|client:localhost:41849|dataStream:localhost:35589|priority:0|startupRole:FOLLOWER] returns group-B005AB42B387:java.util.concurrent.CompletableFuture@5fe7c356[Not completed]
2023-09-01 02:13:34,159 [s0-groupManagement] INFO  server.RaftServerConfigKeys (ConfUtils.java:logGet(46)) - raft.server.log.segment.size.max = 8MB (=8388608) (default)
2023-09-01 02:13:34,159 [s0-groupManagement] INFO  server.RaftServerConfigKeys (ConfUtils.java:logGet(46)) - raft.server.log.preallocated.size = 4MB (=4194304) (default)
2023-09-01 02:13:34,159 [s0-groupManagement] INFO  server.RaftServerConfigKeys (ConfUtils.java:logGet(46)) - raft.server.log.write.buffer.size = 64KB (=65536) (default)
2023-09-01 02:13:34,159 [s0-groupManagement] INFO  server.RaftServer$Division (RaftServerImpl.java:<init>(250)) - s0: new RaftServerImpl for group-B005AB42B387:[s0|rpc:localhost:34237|admin:localhost:46111|client:localhost:41849|dataStream:localhost:35589|priority:0|startupRole:FOLLOWER] with StateMachineWithSeparatedSnapshotPath:uninitialized
2023-09-01 02:13:34,159 [s0-groupManagement] INFO  server.RaftServerConfigKeys (ConfUtils.java:logGet(46)) - raft.server.rpc.timeout.min = 150ms (default)
2023-09-01 02:13:34,159 [s0-groupManagement] INFO  server.RaftServerConfigKeys (ConfUtils.java:logGet(46)) - raft.server.rpc.timeout.max = 300ms (default)
2023-09-01 02:13:34,159 [s0-groupManagement] INFO  server.RaftServerConfigKeys (ConfUtils.java:logGet(46)) - raft.server.rpc.sleep.time = 25ms (default)
2023-09-01 02:13:34,159 [s0-groupManagement] INFO  server.RaftServerConfigKeys (ConfUtils.java:logGet(46)) - raft.server.rpc.slowness.timeout = 60s (default)
2023-09-01 02:13:34,159 [s0-groupManagement] INFO  server.RaftServerConfigKeys (ConfUtils.java:logGet(46)) - raft.server.leaderelection.leader.step-down.wait-time = 10s (default)
2023-09-01 02:13:34,159 [s0-groupManagement] INFO  server.RaftServerConfigKeys (ConfUtils.java:logGet(46)) - raft.server.sleep.deviation.threshold = 300ms (default)
2023-09-01 02:13:34,159 [s0-groupManagement] INFO  server.RaftServer$Division (ServerState.java:<init>(113)) - s0@group-B005AB42B387: ConfigurationManager, init=-1: peers:[s0|rpc:localhost:34237|admin:localhost:46111|client:localhost:41849|dataStream:localhost:35589|priority:0|startupRole:FOLLOWER]|listeners:[], old=null, confs=<EMPTY_MAP>
2023-09-01 02:13:34,159 [s0-groupManagement] INFO  server.RaftServerConfigKeys (ConfUtils.java:logGet(46)) - raft.server.notification.no-leader.timeout = 60s (default)
2023-09-01 02:13:34,159 [s0-groupManagement] INFO  server.RaftServerConfigKeys (ConfUtils.java:logGet(46)) - raft.server.read.timeout = 10s (default)
2023-09-01 02:13:34,159 [s0-groupManagement] INFO  server.RaftServerConfigKeys (ConfUtils.java:logGet(46)) - raft.server.retrycache.expirytime = 60s (default)
2023-09-01 02:13:34,159 [s0-groupManagement] INFO  server.RaftServerConfigKeys (ConfUtils.java:logGet(46)) - raft.server.retrycache.statistics.expirytime = 100μs (default)
2023-09-01 02:13:34,159 [s0-groupManagement] INFO  server.RaftServerConfigKeys (ConfUtils.java:logGet(46)) - raft.server.read.option = DEFAULT (default)
2023-09-01 02:13:34,160 [s0-groupManagement] INFO  server.RaftServerConfigKeys (ConfUtils.java:logGet(46)) - raft.server.rpc.request.timeout = 3000ms (default)
2023-09-01 02:13:34,160 [s0-groupManagement] INFO  server.RaftServerConfigKeys (ConfUtils.java:logGet(46)) - raft.server.log.appender.install.snapshot.enabled = true (default)
2023-09-01 02:13:34,160 [s0-groupManagement] INFO  server.RaftServerConfigKeys (ConfUtils.java:logGet(46)) - raft.server.threadpool.server.cached = true (default)
2023-09-01 02:13:34,160 [s0-groupManagement] INFO  server.RaftServerConfigKeys (ConfUtils.java:logGet(46)) - raft.server.threadpool.server.size = 0 (default)
2023-09-01 02:13:34,160 [s0-groupManagement] INFO  server.RaftServerConfigKeys (ConfUtils.java:logGet(46)) - raft.server.threadpool.client.cached = true (default)
2023-09-01 02:13:34,160 [s0-groupManagement] INFO  server.RaftServerConfigKeys (ConfUtils.java:logGet(46)) - raft.server.threadpool.client.size = 0 (default)
2023-09-01 02:13:34,160 [s0-impl-thread1] INFO  server.RaftServerConfigKeys (ConfUtils.java:logGet(46)) - raft.server.storage.free-space.min = 0MB (=0) (default)
2023-09-01 02:13:34,160 [s0-impl-thread1] INFO  server.RaftServerConfigKeys (ConfUtils.java:logGet(46)) - raft.server.log.corruption.policy = EXCEPTION (default)
2023-09-01 02:13:34,160 [s0-impl-thread1] INFO  server.RaftServerConfigKeys (ConfUtils.java:logGet(46)) - raft.server.storage.dir = [/home/runner/work/ratis/ratis/ratis-test/target/test/data/1f94b248/MiniRaftClusterWithGrpce70da610/s0] (custom)
2023-09-01 02:13:34,160 [s0-impl-thread1] INFO  storage.RaftStorageDirectory (RaftStorageDirectoryImpl.java:analyzeStorage(138)) - The storage directory /home/runner/work/ratis/ratis/ratis-test/target/test/data/1f94b248/MiniRaftClusterWithGrpce70da610/s0/8946c578-2cb3-44e1-8caa-b005ab42b387 does not exist. Creating ...
2023-09-01 02:13:34,161 [s0-impl-thread1] TRACE util.FileUtils (LogUtils.java:runAndLog(49)) - Successfully ran Files.createDirectories /home/runner/work/ratis/ratis/ratis-test/target/test/data/1f94b248/MiniRaftClusterWithGrpce70da610/s0/8946c578-2cb3-44e1-8caa-b005ab42b387
2023-09-01 02:13:34,162 [s0-impl-thread1] INFO  storage.RaftStorageDirectory (RaftStorageDirectoryImpl.java:tryLock(232)) - Lock on /home/runner/work/ratis/ratis/ratis-test/target/test/data/1f94b248/MiniRaftClusterWithGrpce70da610/s0/8946c578-2cb3-44e1-8caa-b005ab42b387/in_use.lock acquired by nodename 15545@fv-az41-939
2023-09-01 02:13:34,162 [s0-impl-thread1] TRACE util.FileUtils (LogUtils.java:runAndLog(49)) - Successfully ran Files.createDirectories /home/runner/work/ratis/ratis/ratis-test/target/test/data/1f94b248/MiniRaftClusterWithGrpce70da610/s0/8946c578-2cb3-44e1-8caa-b005ab42b387/current
2023-09-01 02:13:34,162 [s0-impl-thread1] TRACE util.FileUtils (LogUtils.java:runAndLog(49)) - Successfully ran Files.createDirectories /home/runner/work/ratis/ratis/ratis-test/target/test/data/1f94b248/MiniRaftClusterWithGrpce70da610/s0/8946c578-2cb3-44e1-8caa-b005ab42b387/sm
2023-09-01 02:13:34,163 [s0-impl-thread1] INFO  storage.RaftStorage (RaftStorageImpl.java:format(97)) - Storage directory /home/runner/work/ratis/ratis/ratis-test/target/test/data/1f94b248/MiniRaftClusterWithGrpce70da610/s0/8946c578-2cb3-44e1-8caa-b005ab42b387 has been successfully formatted.
2023-09-01 02:13:34,163 [s0-impl-thread1] INFO  impl.SimpleStateMachine4Testing (SimpleStateMachine4Testing.java:initialize(213)) - Initializing StateMachineWithSeparatedSnapshotPath:uninitialized
2023-09-01 02:13:34,163 [s0-impl-thread1] INFO  impl.SimpleStateMachine4Testing (SimpleStateMachine4Testing.java:loadSnapshot(293)) - Loading snapshot null
2023-09-01 02:13:34,163 [s0-impl-thread1] TRACE util.FileUtils (FileUtils.java:deleteFully(201)) - deleteFully /tmp/ratis-tests/statemachine/s0
2023-09-01 02:13:34,163 [s0-impl-thread1] TRACE util.FileUtils (LogUtils.java:runAndLog(49)) - Successfully ran Files.delete /tmp/ratis-tests/statemachine/s0/snapshot/1_191/loves
2023-09-01 02:13:34,163 [s0-impl-thread1] TRACE util.FileUtils (LogUtils.java:runAndLog(49)) - Successfully ran Files.delete /tmp/ratis-tests/statemachine/s0/snapshot/1_191/deer
2023-09-01 02:13:34,163 [s0-impl-thread1] TRACE util.FileUtils (LogUtils.java:runAndLog(49)) - Successfully ran Files.delete /tmp/ratis-tests/statemachine/s0/snapshot/1_191/vegetable
2023-09-01 02:13:34,163 [s0-impl-thread1] TRACE util.FileUtils (LogUtils.java:runAndLog(49)) - Successfully ran Files.delete /tmp/ratis-tests/statemachine/s0/snapshot/1_191
2023-09-01 02:13:34,163 [s0-impl-thread1] TRACE util.FileUtils (LogUtils.java:runAndLog(49)) - Successfully ran Files.delete /tmp/ratis-tests/statemachine/s0/snapshot/1_63/loves
2023-09-01 02:13:34,164 [s0-impl-thread1] TRACE util.FileUtils (LogUtils.java:runAndLog(49)) - Successfully ran Files.delete /tmp/ratis-tests/statemachine/s0/snapshot/1_63/deer
2023-09-01 02:13:34,164 [s0-impl-thread1] TRACE util.FileUtils (LogUtils.java:runAndLog(49)) - Successfully ran Files.delete /tmp/ratis-tests/statemachine/s0/snapshot/1_63/vegetable
2023-09-01 02:13:34,164 [s0-impl-thread1] TRACE util.FileUtils (LogUtils.java:runAndLog(49)) - Successfully ran Files.delete /tmp/ratis-tests/statemachine/s0/snapshot/1_63
2023-09-01 02:13:34,164 [s0-impl-thread1] TRACE util.FileUtils (LogUtils.java:runAndLog(49)) - Successfully ran Files.delete /tmp/ratis-tests/statemachine/s0/snapshot/1_258/loves
2023-09-01 02:13:34,164 [s0-impl-thread1] TRACE util.FileUtils (LogUtils.java:runAndLog(49)) - Successfully ran Files.delete /tmp/ratis-tests/statemachine/s0/snapshot/1_258/deer
2023-09-01 02:13:34,164 [s0-impl-thread1] TRACE util.FileUtils (LogUtils.java:runAndLog(49)) - Successfully ran Files.delete /tmp/ratis-tests/statemachine/s0/snapshot/1_258/vegetable
2023-09-01 02:13:34,164 [s0-impl-thread1] TRACE util.FileUtils (LogUtils.java:runAndLog(49)) - Successfully ran Files.delete /tmp/ratis-tests/statemachine/s0/snapshot/1_258
2023-09-01 02:13:34,164 [s0-impl-thread1] TRACE util.FileUtils (LogUtils.java:runAndLog(49)) - Successfully ran Files.delete /tmp/ratis-tests/statemachine/s0/snapshot/1_255/loves
2023-09-01 02:13:34,164 [s0-impl-thread1] TRACE util.FileUtils (LogUtils.java:runAndLog(49)) - Successfully ran Files.delete /tmp/ratis-tests/statemachine/s0/snapshot/1_255/deer
2023-09-01 02:13:34,164 [s0-impl-thread1] TRACE util.FileUtils (LogUtils.java:runAndLog(49)) - Successfully ran Files.delete /tmp/ratis-tests/statemachine/s0/snapshot/1_255/vegetable
2023-09-01 02:13:34,164 [s0-impl-thread1] TRACE util.FileUtils (LogUtils.java:runAndLog(49)) - Successfully ran Files.delete /tmp/ratis-tests/statemachine/s0/snapshot/1_255
2023-09-01 02:13:34,164 [s0-impl-thread1] TRACE util.FileUtils (LogUtils.java:runAndLog(49)) - Successfully ran Files.delete /tmp/ratis-tests/statemachine/s0/snapshot/1_127/loves
2023-09-01 02:13:34,164 [s0-impl-thread1] TRACE util.FileUtils (LogUtils.java:runAndLog(49)) - Successfully ran Files.delete /tmp/ratis-tests/statemachine/s0/snapshot/1_127/deer
2023-09-01 02:13:34,164 [s0-impl-thread1] TRACE util.FileUtils (LogUtils.java:runAndLog(49)) - Successfully ran Files.delete /tmp/ratis-tests/statemachine/s0/snapshot/1_127/vegetable
2023-09-01 02:13:34,164 [s0-impl-thread1] TRACE util.FileUtils (LogUtils.java:runAndLog(49)) - Successfully ran Files.delete /tmp/ratis-tests/statemachine/s0/snapshot/1_127
2023-09-01 02:13:34,164 [s0-impl-thread1] TRACE util.FileUtils (LogUtils.java:runAndLog(49)) - Successfully ran Files.delete /tmp/ratis-tests/statemachine/s0/snapshot
2023-09-01 02:13:34,164 [s0-impl-thread1] TRACE util.FileUtils (LogUtils.java:runAndLog(49)) - Successfully ran Files.delete /tmp/ratis-tests/statemachine/s0/tmp
2023-09-01 02:13:34,164 [s0-impl-thread1] TRACE util.FileUtils (LogUtils.java:runAndLog(49)) - Successfully ran Files.delete /tmp/ratis-tests/statemachine/s0
2023-09-01 02:13:34,165 [s0-impl-thread1] INFO  server.RaftServerConfigKeys (ConfUtils.java:logGet(46)) - raft.server.log.use.memory = false (default)
2023-09-01 02:13:34,165 [s0-impl-thread1] INFO  server.RaftServerConfigKeys (ConfUtils.java:logGet(46)) - raft.server.log.purge.gap = 8 (custom)
2023-09-01 02:13:34,165 [s0-impl-thread1] INFO  server.RaftServerConfigKeys (ConfUtils.java:logGet(46)) - raft.server.log.appender.buffer.byte-limit = 4MB (=4194304) (default)
2023-09-01 02:13:34,165 [s0-impl-thread1] INFO  server.RaftServerConfigKeys (ConfUtils.java:logGet(46)) - raft.server.log.statemachine.data.read.timeout = 1000ms (default)
2023-09-01 02:13:34,165 [s0-impl-thread1] INFO  server.RaftServerConfigKeys (ConfUtils.java:logGet(46)) - raft.server.log.purge.preservation.log.num = 0 (default)
2023-09-01 02:13:34,165 [s0-impl-thread1] INFO  server.RaftServerConfigKeys (ConfUtils.java:logGet(46)) - raft.server.log.segment.size.max = 8MB (=8388608) (default)
2023-09-01 02:13:34,165 [s0-impl-thread1] INFO  server.RaftServerConfigKeys (ConfUtils.java:logGet(46)) - raft.server.log.segment.cache.num.max = 6 (default)
2023-09-01 02:13:34,165 [s0-impl-thread1] INFO  server.RaftServerConfigKeys (ConfUtils.java:logGet(46)) - raft.server.log.segment.cache.size.max = 200MB (=209715200) (default)
2023-09-01 02:13:34,165 [s0-impl-thread1] INFO  server.RaftServerConfigKeys (ConfUtils.java:logGet(46)) - raft.server.log.appender.buffer.byte-limit = 4MB (=4194304) (default)
2023-09-01 02:13:34,165 [s0-impl-thread1] INFO  segmented.SegmentedRaftLogWorker (SegmentedRaftLogWorker.java:<init>(183)) - new s0@group-B005AB42B387-SegmentedRaftLogWorker for RaftStorageImpl:Storage Directory /home/runner/work/ratis/ratis/ratis-test/target/test/data/1f94b248/MiniRaftClusterWithGrpce70da610/s0/8946c578-2cb3-44e1-8caa-b005ab42b387
2023-09-01 02:13:34,165 [s0-impl-thread1] INFO  server.RaftServerConfigKeys (ConfUtils.java:logGet(46)) - raft.server.log.queue.byte-limit = 64MB (=67108864) (default)
2023-09-01 02:13:34,165 [s0-impl-thread1] INFO  server.RaftServerConfigKeys (ConfUtils.java:logGet(46)) - raft.server.log.queue.element-limit = 4096 (default)
2023-09-01 02:13:34,165 [s0-impl-thread1] INFO  server.RaftServerConfigKeys (ConfUtils.java:logGet(46)) - raft.server.log.segment.size.max = 8MB (=8388608) (default)
2023-09-01 02:13:34,165 [s0-impl-thread1] INFO  server.RaftServerConfigKeys (ConfUtils.java:logGet(46)) - raft.server.log.preallocated.size = 4MB (=4194304) (default)
2023-09-01 02:13:34,165 [s0-impl-thread1] INFO  server.RaftServerConfigKeys (ConfUtils.java:logGet(46)) - raft.server.log.force.sync.num = 128 (default)
2023-09-01 02:13:34,165 [s0-impl-thread1] INFO  server.RaftServerConfigKeys (ConfUtils.java:logGet(46)) - raft.server.log.statemachine.data.sync = true (default)
2023-09-01 02:13:34,165 [s0-impl-thread1] INFO  server.RaftServerConfigKeys (ConfUtils.java:logGet(46)) - raft.server.log.statemachine.data.sync.timeout = 10s (default)
2023-09-01 02:13:34,165 [s0-impl-thread1] INFO  server.RaftServerConfigKeys (ConfUtils.java:logGet(46)) - raft.server.log.statemachine.data.sync.timeout.retry = -1 (default)
2023-09-01 02:13:34,166 [s0-impl-thread1] INFO  server.RaftServerConfigKeys (ConfUtils.java:logGet(46)) - raft.server.log.write.buffer.size = 64KB (=65536) (default)
2023-09-01 02:13:34,166 [s0-impl-thread1] INFO  server.RaftServerConfigKeys (ConfUtils.java:logGet(46)) - raft.server.log.appender.buffer.byte-limit = 4MB (=4194304) (default)
2023-09-01 02:13:34,166 [s0-impl-thread1] INFO  server.RaftServerConfigKeys (ConfUtils.java:logGet(46)) - raft.server.log.unsafe-flush.enabled = false (default)
2023-09-01 02:13:34,166 [s0-impl-thread1] INFO  server.RaftServerConfigKeys (ConfUtils.java:logGet(46)) - raft.server.log.async-flush.enabled = false (default)
2023-09-01 02:13:34,166 [s0-impl-thread1] INFO  server.RaftServerConfigKeys (ConfUtils.java:logGet(46)) - raft.server.log.statemachine.data.caching.enabled = false (default)
2023-09-01 02:13:34,166 [s0-impl-thread1] INFO  segmented.SegmentedRaftLogWorker (SegmentedRaftLogWorker.java:lambda$new$0(134)) - s0@group-B005AB42B387-SegmentedRaftLogWorker: flushIndex: setUnconditionally 0 -> -1
2023-09-01 02:13:34,166 [s0-impl-thread1] INFO  segmented.SegmentedRaftLogWorker (SegmentedRaftLogWorker.java:lambda$new$0(134)) - s0@group-B005AB42B387-SegmentedRaftLogWorker: safeCacheEvictIndex: setUnconditionally 0 -> -1
2023-09-01 02:13:34,172 [s0-impl-thread1] INFO  server.RaftServer$Division (RaftServerImpl.java:start(384)) - s0@group-B005AB42B387: start as a follower, conf=-1: peers:[s0|rpc:localhost:34237|admin:localhost:46111|client:localhost:41849|dataStream:localhost:35589|priority:0|startupRole:FOLLOWER]|listeners:[], old=null
2023-09-01 02:13:34,172 [s0-impl-thread1] INFO  server.RaftServer$Division (RaftServerImpl.java:setRole(371)) - s0@group-B005AB42B387: changes role from      null to FOLLOWER at term 0 for startAsFollower
2023-09-01 02:13:34,172 [s0-impl-thread1] INFO  impl.RoleInfo (RoleInfo.java:updateAndGet(138)) - s0: start s0@group-B005AB42B387-FollowerState
2023-09-01 02:13:34,172 [s0-impl-thread1] INFO  util.JmxRegister (JmxRegister.java:tryRegister(44)) - Successfully registered JMX Bean with object name Ratis:service=RaftServer,group=group-B005AB42B387,id=s0
2023-09-01 02:13:34,172 [s0-impl-thread1] INFO  server.RaftServerConfigKeys (ConfUtils.java:logGet(46)) - raft.server.snapshot.trigger-when-stop.enabled = true (default)
2023-09-01 02:13:34,173 [s0-impl-thread1] INFO  server.RaftServerConfigKeys (ConfUtils.java:logGet(46)) - raft.server.snapshot.auto.trigger.enabled = true (custom)
2023-09-01 02:13:34,173 [s0-impl-thread1] INFO  server.RaftServerConfigKeys (ConfUtils.java:logGet(46)) - raft.server.snapshot.auto.trigger.threshold = 64 (custom)
2023-09-01 02:13:34,173 [s0-impl-thread1] INFO  server.RaftServerConfigKeys (ConfUtils.java:logGet(46)) - raft.server.snapshot.retention.file.num = -1 (default)
2023-09-01 02:13:34,173 [s0-impl-thread1] INFO  server.RaftServerConfigKeys (ConfUtils.java:logGet(46)) - raft.server.log.purge.upto.snapshot.index = false (default)
2023-09-01 02:13:34,173 [s0@group-B005AB42B387-FollowerState] INFO  server.RaftServerConfigKeys (ConfUtils.java:logFallback(53)) - raft.server.rpc.first-election.timeout.min = 150ms (fallback to raft.server.rpc.timeout.min)
2023-09-01 02:13:34,173 [s0@group-B005AB42B387-FollowerState] INFO  server.RaftServerConfigKeys (ConfUtils.java:logFallback(53)) - raft.server.rpc.first-election.timeout.max = 300ms (fallback to raft.server.rpc.timeout.max)
2023-09-01 02:13:34,173 [Time-limited test] INFO  server.RaftServer (RaftServerProxy.java:startImpl(404)) - s0: start RPC server
2023-09-01 02:13:34,174 [Time-limited test] INFO  server.GrpcService (GrpcService.java:startImpl(302)) - s0: GrpcService started, listening on 41849
2023-09-01 02:13:34,175 [Time-limited test] INFO  server.GrpcService (GrpcService.java:startImpl(302)) - s0: GrpcService started, listening on 34237
2023-09-01 02:13:34,175 [Time-limited test] INFO  server.GrpcService (GrpcService.java:startImpl(302)) - s0: GrpcService started, listening on 46111
2023-09-01 02:13:34,176 [JvmPauseMonitor9] INFO  util.JvmPauseMonitor (JvmPauseMonitor.java:run(146)) - JvmPauseMonitor-s0: Started
2023-09-01 02:13:34,180 [Time-limited test] INFO  server.RaftServerConfigKeys (ConfUtils.java:logGet(46)) - raft.server.rpc.timeout.max = 300ms (default)
2023-09-01 02:13:34,180 [Time-limited test] INFO  ratis.RaftTestUtil (RaftTestUtil.java:waitForLeader(100)) - printing ALL groups
  s0:  RUNNING  FOLLOWER s0@group-B005AB42B387:t0, leader=null, voted=, raftlog=Memoized:s0@group-B005AB42B387-SegmentedRaftLog:OPENED:c-1, conf=-1: peers:[s0|rpc:localhost:34237|admin:localhost:46111|client:localhost:41849|dataStream:localhost:35589|priority:0|startupRole:FOLLOWER]|listeners:[], old=null RUNNING
2023-09-01 02:13:34,180 [Time-limited test] WARN  ratis.RaftTestUtil (JavaUtils.java:attempt(217)) - FAILED "waitForLeader-null-(expectLeader? true)", attempt #1/100: java.lang.IllegalStateException: No leader yet : printing ALL groups
  s0:  RUNNING  FOLLOWER s0@group-B005AB42B387:t0, leader=null, voted=, raftlog=Memoized:s0@group-B005AB42B387-SegmentedRaftLog:OPENED:c-1, conf=-1: peers:[s0|rpc:localhost:34237|admin:localhost:46111|client:localhost:41849|dataStream:localhost:35589|priority:0|startupRole:FOLLOWER]|listeners:[], old=null RUNNING, sleep 450ms and then retry.
java.lang.IllegalStateException: No leader yet : printing ALL groups
  s0:  RUNNING  FOLLOWER s0@group-B005AB42B387:t0, leader=null, voted=, raftlog=Memoized:s0@group-B005AB42B387-SegmentedRaftLog:OPENED:c-1, conf=-1: peers:[s0|rpc:localhost:34237|admin:localhost:46111|client:localhost:41849|dataStream:localhost:35589|priority:0|startupRole:FOLLOWER]|listeners:[], old=null RUNNING
	at org.apache.ratis.server.impl.MiniRaftCluster.newIllegalStateExceptionForNoLeaders(MiniRaftCluster.java:581)
	at org.apache.ratis.RaftTestUtil.lambda$waitForLeader$1(RaftTestUtil.java:104)
	at org.apache.ratis.server.impl.MiniRaftCluster.getLeader(MiniRaftCluster.java:615)
	at org.apache.ratis.server.impl.MiniRaftCluster.getLeader(MiniRaftCluster.java:608)
	at org.apache.ratis.RaftTestUtil.lambda$waitForLeader$3(RaftTestUtil.java:112)
	at org.apache.ratis.util.JavaUtils.attempt(JavaUtils.java:211)
	at org.apache.ratis.util.JavaUtils.attemptRepeatedly(JavaUtils.java:197)
	at org.apache.ratis.RaftTestUtil.waitForLeader(RaftTestUtil.java:111)
	at org.apache.ratis.RaftTestUtil.waitForLeader(RaftTestUtil.java:92)
	at org.apache.ratis.RaftTestUtil.waitForLeader(RaftTestUtil.java:87)
	at org.apache.ratis.InstallSnapshotFromLeaderTests.testMultiFileInstallSnapshot(InstallSnapshotFromLeaderTests.java:93)
	at org.apache.ratis.server.impl.MiniRaftCluster$Factory$Get.runWithNewCluster(MiniRaftCluster.java:141)
	at org.apache.ratis.server.impl.MiniRaftCluster$Factory$Get.runWithNewCluster(MiniRaftCluster.java:121)
	at org.apache.ratis.InstallSnapshotFromLeaderTests.testSeparateSnapshotInstallPath(InstallSnapshotFromLeaderTests.java:87)
	at java.base/jdk.internal.reflect.NativeMethodAccessorImpl.invoke0(Native Method)
	at java.base/jdk.internal.reflect.NativeMethodAccessorImpl.invoke(NativeMethodAccessorImpl.java:62)
	at java.base/jdk.internal.reflect.DelegatingMethodAccessorImpl.invoke(DelegatingMethodAccessorImpl.java:43)
	at java.base/java.lang.reflect.Method.invoke(Method.java:566)
	at org.junit.runners.model.FrameworkMethod$1.runReflectiveCall(FrameworkMethod.java:59)
	at org.junit.internal.runners.model.ReflectiveCallable.run(ReflectiveCallable.java:12)
	at org.junit.runners.model.FrameworkMethod.invokeExplosively(FrameworkMethod.java:56)
	at org.junit.internal.runners.statements.InvokeMethod.evaluate(InvokeMethod.java:17)
	at org.junit.internal.runners.statements.RunAfters.evaluate(RunAfters.java:27)
	at org.junit.internal.runners.statements.FailOnTimeout$CallableStatement.call(FailOnTimeout.java:299)
	at org.junit.internal.runners.statements.FailOnTimeout$CallableStatement.call(FailOnTimeout.java:293)
	at java.base/java.util.concurrent.FutureTask.run(FutureTask.java:264)
	at java.base/java.lang.Thread.run(Thread.java:829)
2023-09-01 02:13:34,345 [s0@group-B005AB42B387-FollowerState] INFO  impl.FollowerState (FollowerState.java:run(143)) - s0@group-B005AB42B387-FollowerState: change to CANDIDATE, lastRpcElapsedTime:172884851ns, electionTimeout:172ms
2023-09-01 02:13:34,345 [s0@group-B005AB42B387-FollowerState] INFO  impl.RoleInfo (RoleInfo.java:shutdownFollowerState(109)) - s0: shutdown s0@group-B005AB42B387-FollowerState
2023-09-01 02:13:34,345 [s0@group-B005AB42B387-FollowerState] INFO  server.RaftServer$Division (RaftServerImpl.java:setRole(371)) - s0@group-B005AB42B387: changes role from  FOLLOWER to CANDIDATE at term 0 for changeToCandidate
2023-09-01 02:13:34,346 [s0@group-B005AB42B387-FollowerState] INFO  server.RaftServerConfigKeys (ConfUtils.java:logGet(46)) - raft.server.leaderelection.pre-vote = true (default)
2023-09-01 02:13:34,346 [s0@group-B005AB42B387-FollowerState] INFO  impl.RoleInfo (RoleInfo.java:updateAndGet(138)) - s0: start s0@group-B005AB42B387-LeaderElection4
2023-09-01 02:13:34,349 [s0@group-B005AB42B387-LeaderElection4] INFO  impl.LeaderElection (LeaderElection.java:askForVotes(320)) - s0@group-B005AB42B387-LeaderElection4 PRE_VOTE round 0: submit vote requests at term 0 for -1: peers:[s0|rpc:localhost:34237|admin:localhost:46111|client:localhost:41849|dataStream:localhost:35589|priority:0|startupRole:FOLLOWER]|listeners:[], old=null
2023-09-01 02:13:34,349 [s0@group-B005AB42B387-LeaderElection4] INFO  impl.LeaderElection (LeaderElection.java:askForVotes(322)) - s0@group-B005AB42B387-LeaderElection4 PRE_VOTE round 0: result PASSED (term=0)
2023-09-01 02:13:34,350 [s0@group-B005AB42B387-LeaderElection4] INFO  impl.LeaderElection (LeaderElection.java:askForVotes(320)) - s0@group-B005AB42B387-LeaderElection4 ELECTION round 0: submit vote requests at term 1 for -1: peers:[s0|rpc:localhost:34237|admin:localhost:46111|client:localhost:41849|dataStream:localhost:35589|priority:0|startupRole:FOLLOWER]|listeners:[], old=null
2023-09-01 02:13:34,350 [s0@group-B005AB42B387-LeaderElection4] INFO  impl.LeaderElection (LeaderElection.java:askForVotes(322)) - s0@group-B005AB42B387-LeaderElection4 ELECTION round 0: result PASSED (term=1)
2023-09-01 02:13:34,350 [s0@group-B005AB42B387-LeaderElection4] INFO  impl.RoleInfo (RoleInfo.java:shutdownLeaderElection(129)) - s0: shutdown s0@group-B005AB42B387-LeaderElection4
2023-09-01 02:13:34,350 [s0@group-B005AB42B387-LeaderElection4] INFO  server.RaftServer$Division (RaftServerImpl.java:setRole(371)) - s0@group-B005AB42B387: changes role from CANDIDATE to LEADER at term 1 for changeToLeader
2023-09-01 02:13:34,350 [s0@group-B005AB42B387-LeaderElection4] INFO  server.RaftServerConfigKeys (ConfUtils.java:logGet(46)) - raft.server.staging.catchup.gap = 1000 (default)
2023-09-01 02:13:34,351 [s0@group-B005AB42B387-LeaderElection4] INFO  server.RaftServerConfigKeys (ConfUtils.java:logGet(46)) - raft.server.write.element-limit = 4096 (default)
2023-09-01 02:13:34,351 [s0@group-B005AB42B387-LeaderElection4] INFO  server.RaftServerConfigKeys (ConfUtils.java:logGet(46)) - raft.server.write.byte-limit = 64MB (=67108864) (default)
2023-09-01 02:13:34,351 [s0@group-B005AB42B387-LeaderElection4] INFO  server.RaftServerConfigKeys (ConfUtils.java:logGet(46)) - raft.server.watch.timeout = 10s (default)
2023-09-01 02:13:34,351 [s0@group-B005AB42B387-LeaderElection4] INFO  server.RaftServerConfigKeys (ConfUtils.java:logGet(46)) - raft.server.watch.timeout.denomination = 1s (default)
2023-09-01 02:13:34,351 [s0@group-B005AB42B387-LeaderElection4] INFO  server.RaftServerConfigKeys (ConfUtils.java:logGet(46)) - raft.server.watch.element-limit = 65536 (default)
2023-09-01 02:13:34,351 [s0@group-B005AB42B387-LeaderElection4] INFO  server.RaftServerConfigKeys (ConfUtils.java:logGet(46)) - raft.server.write.element-limit = 4096 (default)
2023-09-01 02:13:34,351 [s0@group-B005AB42B387-LeaderElection4] INFO  server.RaftServerConfigKeys (ConfUtils.java:logGet(46)) - raft.server.write.follower.gap.ratio.max = -1.0 (default)
2023-09-01 02:13:34,351 [s0@group-B005AB42B387-LeaderElection4] INFO  impl.RoleInfo (RoleInfo.java:updateAndGet(138)) - s0: start s0@group-B005AB42B387-LeaderStateImpl
2023-09-01 02:13:34,351 [s0@group-B005AB42B387-LeaderElection4] INFO  server.RaftServer$Division (RaftServerImpl.java:setFirstElection(556)) - s0@group-B005AB42B387: set firstElectionSinceStartup to false for becomeLeader
2023-09-01 02:13:34,351 [s0@group-B005AB42B387-LeaderElection4] INFO  server.RaftServer$Division (ServerState.java:setLeader(260)) - s0@group-B005AB42B387: change Leader from null to s0 at term 1 for becomeLeader, leader elected after 192ms
2023-09-01 02:13:34,351 [s0@group-B005AB42B387-LeaderElection4] INFO  segmented.SegmentedRaftLogWorker (SegmentedRaftLogWorker.java:startLogSegment(427)) - s0@group-B005AB42B387-SegmentedRaftLogWorker: Starting segment from index:0
2023-09-01 02:13:34,352 [s0@group-B005AB42B387-LeaderElection4] INFO  server.RaftServer$Division (ServerState.java:setRaftConf(377)) - s0@group-B005AB42B387: set configuration 0: peers:[s0|rpc:localhost:34237|admin:localhost:46111|client:localhost:41849|dataStream:localhost:35589|priority:0|startupRole:FOLLOWER]|listeners:[], old=null
2023-09-01 02:13:34,359 [s0@group-B005AB42B387-SegmentedRaftLogWorker] INFO  segmented.SegmentedRaftLogWorker (SegmentedRaftLogWorker.java:execute(631)) - s0@group-B005AB42B387-SegmentedRaftLogWorker: created new log segment /home/runner/work/ratis/ratis/ratis-test/target/test/data/1f94b248/MiniRaftClusterWithGrpce70da610/s0/8946c578-2cb3-44e1-8caa-b005ab42b387/current/log_inprogress_0
2023-09-01 02:13:34,360 [s0@group-B005AB42B387-StateMachineUpdater] INFO  server.RaftServer$Division (LeaderStateImpl.java:isApplied(308)) - leader is ready since appliedIndex == 0 >= startIndex == 0
2023-09-01 02:13:34,631 [Time-limited test] INFO  ratis.RaftTestUtil (RaftTestUtil.java:waitForLeader(119)) - printing ALL groups
  s0:  RUNNING    LEADER s0@group-B005AB42B387:t1, leader=s0, voted=s0, raftlog=Memoized:s0@group-B005AB42B387-SegmentedRaftLog:OPENED:c0, conf=0: peers:[s0|rpc:localhost:34237|admin:localhost:46111|client:localhost:41849|dataStream:localhost:35589|priority:0|startupRole:FOLLOWER]|listeners:[], old=null RUNNING
2023-09-01 02:13:34,637 [s0@group-B005AB42B387-StateMachineUpdater] INFO  impl.SimpleStateMachine4Testing (SimpleStateMachine4Testing.java:put(205)) - s0: put 1, m0 -> (t:1, i:1), STATEMACHINELOGENTRY, 387@client-3C4CF6F3AB0E
2023-09-01 02:13:34,637 [s0@group-B005AB42B387-StateMachineUpdater] WARN  server.RaftServer$Division (RaftServerImpl.java:replyPendingRequest(1769)) -    LEADER s0@group-B005AB42B387:t1, leader=s0, voted=s0, raftlog=Memoized:s0@group-B005AB42B387-SegmentedRaftLog:OPENED:c1, conf=0: peers:[s0|rpc:localhost:34237|admin:localhost:46111|client:localhost:41849|dataStream:localhost:35589|priority:0|startupRole:FOLLOWER]|listeners:[], old=null RUNNING retry cache entry of leader should be pending: 387@client-3C4CF6F3AB0E:pending
2023-09-01 02:13:34,642 [s0@group-B005AB42B387-StateMachineUpdater] INFO  impl.SimpleStateMachine4Testing (SimpleStateMachine4Testing.java:put(205)) - s0: put 3, m1 -> (t:1, i:3), STATEMACHINELOGENTRY, 388@client-3C4CF6F3AB0E
2023-09-01 02:13:34,642 [s0@group-B005AB42B387-StateMachineUpdater] WARN  server.RaftServer$Division (RaftServerImpl.java:replyPendingRequest(1769)) -    LEADER s0@group-B005AB42B387:t1, leader=s0, voted=s0, raftlog=Memoized:s0@group-B005AB42B387-SegmentedRaftLog:OPENED:c3, conf=0: peers:[s0|rpc:localhost:34237|admin:localhost:46111|client:localhost:41849|dataStream:localhost:35589|priority:0|startupRole:FOLLOWER]|listeners:[], old=null RUNNING retry cache entry of leader should be pending: 388@client-3C4CF6F3AB0E:pending
2023-09-01 02:13:34,645 [s0@group-B005AB42B387-StateMachineUpdater] INFO  impl.SimpleStateMachine4Testing (SimpleStateMachine4Testing.java:put(205)) - s0: put 5, m2 -> (t:1, i:5), STATEMACHINELOGENTRY, 389@client-3C4CF6F3AB0E
2023-09-01 02:13:34,645 [s0@group-B005AB42B387-StateMachineUpdater] WARN  server.RaftServer$Division (RaftServerImpl.java:replyPendingRequest(1769)) -    LEADER s0@group-B005AB42B387:t1, leader=s0, voted=s0, raftlog=Memoized:s0@group-B005AB42B387-SegmentedRaftLog:OPENED:c5, conf=0: peers:[s0|rpc:localhost:34237|admin:localhost:46111|client:localhost:41849|dataStream:localhost:35589|priority:0|startupRole:FOLLOWER]|listeners:[], old=null RUNNING retry cache entry of leader should be pending: 389@client-3C4CF6F3AB0E:pending
2023-09-01 02:13:34,648 [s0@group-B005AB42B387-StateMachineUpdater] INFO  impl.SimpleStateMachine4Testing (SimpleStateMachine4Testing.java:put(205)) - s0: put 7, m3 -> (t:1, i:7), STATEMACHINELOGENTRY, 390@client-3C4CF6F3AB0E
2023-09-01 02:13:34,648 [s0@group-B005AB42B387-StateMachineUpdater] WARN  server.RaftServer$Division (RaftServerImpl.java:replyPendingRequest(1769)) -    LEADER s0@group-B005AB42B387:t1, leader=s0, voted=s0, raftlog=Memoized:s0@group-B005AB42B387-SegmentedRaftLog:OPENED:c7, conf=0: peers:[s0|rpc:localhost:34237|admin:localhost:46111|client:localhost:41849|dataStream:localhost:35589|priority:0|startupRole:FOLLOWER]|listeners:[], old=null RUNNING retry cache entry of leader should be pending: 390@client-3C4CF6F3AB0E:pending
2023-09-01 02:13:34,650 [s0@group-B005AB42B387-StateMachineUpdater] INFO  impl.SimpleStateMachine4Testing (SimpleStateMachine4Testing.java:put(205)) - s0: put 9, m4 -> (t:1, i:9), STATEMACHINELOGENTRY, 391@client-3C4CF6F3AB0E
2023-09-01 02:13:34,650 [s0@group-B005AB42B387-StateMachineUpdater] WARN  server.RaftServer$Division (RaftServerImpl.java:replyPendingRequest(1769)) -    LEADER s0@group-B005AB42B387:t1, leader=s0, voted=s0, raftlog=Memoized:s0@group-B005AB42B387-SegmentedRaftLog:OPENED:c9, conf=0: peers:[s0|rpc:localhost:34237|admin:localhost:46111|client:localhost:41849|dataStream:localhost:35589|priority:0|startupRole:FOLLOWER]|listeners:[], old=null RUNNING retry cache entry of leader should be pending: 391@client-3C4CF6F3AB0E:pending
2023-09-01 02:13:34,652 [s0@group-B005AB42B387-StateMachineUpdater] INFO  impl.SimpleStateMachine4Testing (SimpleStateMachine4Testing.java:put(205)) - s0: put 11, m5 -> (t:1, i:11), STATEMACHINELOGENTRY, 392@client-3C4CF6F3AB0E
2023-09-01 02:13:34,652 [s0@group-B005AB42B387-StateMachineUpdater] WARN  server.RaftServer$Division (RaftServerImpl.java:replyPendingRequest(1769)) -    LEADER s0@group-B005AB42B387:t1, leader=s0, voted=s0, raftlog=Memoized:s0@group-B005AB42B387-SegmentedRaftLog:OPENED:c11, conf=0: peers:[s0|rpc:localhost:34237|admin:localhost:46111|client:localhost:41849|dataStream:localhost:35589|priority:0|startupRole:FOLLOWER]|listeners:[], old=null RUNNING retry cache entry of leader should be pending: 392@client-3C4CF6F3AB0E:pending
2023-09-01 02:13:34,654 [s0@group-B005AB42B387-StateMachineUpdater] INFO  impl.SimpleStateMachine4Testing (SimpleStateMachine4Testing.java:put(205)) - s0: put 13, m6 -> (t:1, i:13), STATEMACHINELOGENTRY, 393@client-3C4CF6F3AB0E
2023-09-01 02:13:34,654 [s0@group-B005AB42B387-StateMachineUpdater] WARN  server.RaftServer$Division (RaftServerImpl.java:replyPendingRequest(1769)) -    LEADER s0@group-B005AB42B387:t1, leader=s0, voted=s0, raftlog=Memoized:s0@group-B005AB42B387-SegmentedRaftLog:OPENED:c13, conf=0: peers:[s0|rpc:localhost:34237|admin:localhost:46111|client:localhost:41849|dataStream:localhost:35589|priority:0|startupRole:FOLLOWER]|listeners:[], old=null RUNNING retry cache entry of leader should be pending: 393@client-3C4CF6F3AB0E:pending
2023-09-01 02:13:34,656 [s0@group-B005AB42B387-StateMachineUpdater] INFO  impl.SimpleStateMachine4Testing (SimpleStateMachine4Testing.java:put(205)) - s0: put 15, m7 -> (t:1, i:15), STATEMACHINELOGENTRY, 394@client-3C4CF6F3AB0E
2023-09-01 02:13:34,656 [s0@group-B005AB42B387-StateMachineUpdater] WARN  server.RaftServer$Division (RaftServerImpl.java:replyPendingRequest(1769)) -    LEADER s0@group-B005AB42B387:t1, leader=s0, voted=s0, raftlog=Memoized:s0@group-B005AB42B387-SegmentedRaftLog:OPENED:c15, conf=0: peers:[s0|rpc:localhost:34237|admin:localhost:46111|client:localhost:41849|dataStream:localhost:35589|priority:0|startupRole:FOLLOWER]|listeners:[], old=null RUNNING retry cache entry of leader should be pending: 394@client-3C4CF6F3AB0E:pending
2023-09-01 02:13:34,658 [s0@group-B005AB42B387-StateMachineUpdater] INFO  impl.SimpleStateMachine4Testing (SimpleStateMachine4Testing.java:put(205)) - s0: put 17, m8 -> (t:1, i:17), STATEMACHINELOGENTRY, 395@client-3C4CF6F3AB0E
2023-09-01 02:13:34,658 [s0@group-B005AB42B387-StateMachineUpdater] WARN  server.RaftServer$Division (RaftServerImpl.java:replyPendingRequest(1769)) -    LEADER s0@group-B005AB42B387:t1, leader=s0, voted=s0, raftlog=Memoized:s0@group-B005AB42B387-SegmentedRaftLog:OPENED:c17, conf=0: peers:[s0|rpc:localhost:34237|admin:localhost:46111|client:localhost:41849|dataStream:localhost:35589|priority:0|startupRole:FOLLOWER]|listeners:[], old=null RUNNING retry cache entry of leader should be pending: 395@client-3C4CF6F3AB0E:pending
2023-09-01 02:13:34,660 [s0@group-B005AB42B387-StateMachineUpdater] INFO  impl.SimpleStateMachine4Testing (SimpleStateMachine4Testing.java:put(205)) - s0: put 19, m9 -> (t:1, i:19), STATEMACHINELOGENTRY, 396@client-3C4CF6F3AB0E
2023-09-01 02:13:34,660 [s0@group-B005AB42B387-StateMachineUpdater] WARN  server.RaftServer$Division (RaftServerImpl.java:replyPendingRequest(1769)) -    LEADER s0@group-B005AB42B387:t1, leader=s0, voted=s0, raftlog=Memoized:s0@group-B005AB42B387-SegmentedRaftLog:OPENED:c19, conf=0: peers:[s0|rpc:localhost:34237|admin:localhost:46111|client:localhost:41849|dataStream:localhost:35589|priority:0|startupRole:FOLLOWER]|listeners:[], old=null RUNNING retry cache entry of leader should be pending: 396@client-3C4CF6F3AB0E:pending
2023-09-01 02:13:34,661 [s0@group-B005AB42B387-StateMachineUpdater] INFO  impl.SimpleStateMachine4Testing (SimpleStateMachine4Testing.java:put(205)) - s0: put 21, m10 -> (t:1, i:21), STATEMACHINELOGENTRY, 397@client-3C4CF6F3AB0E
2023-09-01 02:13:34,662 [s0@group-B005AB42B387-StateMachineUpdater] WARN  server.RaftServer$Division (RaftServerImpl.java:replyPendingRequest(1769)) -    LEADER s0@group-B005AB42B387:t1, leader=s0, voted=s0, raftlog=Memoized:s0@group-B005AB42B387-SegmentedRaftLog:OPENED:c21, conf=0: peers:[s0|rpc:localhost:34237|admin:localhost:46111|client:localhost:41849|dataStream:localhost:35589|priority:0|startupRole:FOLLOWER]|listeners:[], old=null RUNNING retry cache entry of leader should be pending: 397@client-3C4CF6F3AB0E:pending
2023-09-01 02:13:34,663 [s0@group-B005AB42B387-StateMachineUpdater] INFO  impl.SimpleStateMachine4Testing (SimpleStateMachine4Testing.java:put(205)) - s0: put 23, m11 -> (t:1, i:23), STATEMACHINELOGENTRY, 398@client-3C4CF6F3AB0E
2023-09-01 02:13:34,663 [s0@group-B005AB42B387-StateMachineUpdater] WARN  server.RaftServer$Division (RaftServerImpl.java:replyPendingRequest(1769)) -    LEADER s0@group-B005AB42B387:t1, leader=s0, voted=s0, raftlog=Memoized:s0@group-B005AB42B387-SegmentedRaftLog:OPENED:c23, conf=0: peers:[s0|rpc:localhost:34237|admin:localhost:46111|client:localhost:41849|dataStream:localhost:35589|priority:0|startupRole:FOLLOWER]|listeners:[], old=null RUNNING retry cache entry of leader should be pending: 398@client-3C4CF6F3AB0E:pending
2023-09-01 02:13:34,665 [s0@group-B005AB42B387-StateMachineUpdater] INFO  impl.SimpleStateMachine4Testing (SimpleStateMachine4Testing.java:put(205)) - s0: put 25, m12 -> (t:1, i:25), STATEMACHINELOGENTRY, 399@client-3C4CF6F3AB0E
2023-09-01 02:13:34,665 [s0@group-B005AB42B387-StateMachineUpdater] WARN  server.RaftServer$Division (RaftServerImpl.java:replyPendingRequest(1769)) -    LEADER s0@group-B005AB42B387:t1, leader=s0, voted=s0, raftlog=Memoized:s0@group-B005AB42B387-SegmentedRaftLog:OPENED:c25, conf=0: peers:[s0|rpc:localhost:34237|admin:localhost:46111|client:localhost:41849|dataStream:localhost:35589|priority:0|startupRole:FOLLOWER]|listeners:[], old=null RUNNING retry cache entry of leader should be pending: 399@client-3C4CF6F3AB0E:pending
2023-09-01 02:13:34,667 [s0@group-B005AB42B387-StateMachineUpdater] INFO  impl.SimpleStateMachine4Testing (SimpleStateMachine4Testing.java:put(205)) - s0: put 27, m13 -> (t:1, i:27), STATEMACHINELOGENTRY, 400@client-3C4CF6F3AB0E
2023-09-01 02:13:34,667 [s0@group-B005AB42B387-StateMachineUpdater] WARN  server.RaftServer$Division (RaftServerImpl.java:replyPendingRequest(1769)) -    LEADER s0@group-B005AB42B387:t1, leader=s0, voted=s0, raftlog=Memoized:s0@group-B005AB42B387-SegmentedRaftLog:OPENED:c27, conf=0: peers:[s0|rpc:localhost:34237|admin:localhost:46111|client:localhost:41849|dataStream:localhost:35589|priority:0|startupRole:FOLLOWER]|listeners:[], old=null RUNNING retry cache entry of leader should be pending: 400@client-3C4CF6F3AB0E:pending
2023-09-01 02:13:34,668 [s0@group-B005AB42B387-StateMachineUpdater] INFO  impl.SimpleStateMachine4Testing (SimpleStateMachine4Testing.java:put(205)) - s0: put 29, m14 -> (t:1, i:29), STATEMACHINELOGENTRY, 401@client-3C4CF6F3AB0E
2023-09-01 02:13:34,669 [s0@group-B005AB42B387-StateMachineUpdater] WARN  server.RaftServer$Division (RaftServerImpl.java:replyPendingRequest(1769)) -    LEADER s0@group-B005AB42B387:t1, leader=s0, voted=s0, raftlog=Memoized:s0@group-B005AB42B387-SegmentedRaftLog:OPENED:c29, conf=0: peers:[s0|rpc:localhost:34237|admin:localhost:46111|client:localhost:41849|dataStream:localhost:35589|priority:0|startupRole:FOLLOWER]|listeners:[], old=null RUNNING retry cache entry of leader should be pending: 401@client-3C4CF6F3AB0E:pending
2023-09-01 02:13:34,670 [s0@group-B005AB42B387-StateMachineUpdater] INFO  impl.SimpleStateMachine4Testing (SimpleStateMachine4Testing.java:put(205)) - s0: put 31, m15 -> (t:1, i:31), STATEMACHINELOGENTRY, 402@client-3C4CF6F3AB0E
2023-09-01 02:13:34,670 [s0@group-B005AB42B387-StateMachineUpdater] WARN  server.RaftServer$Division (RaftServerImpl.java:replyPendingRequest(1769)) -    LEADER s0@group-B005AB42B387:t1, leader=s0, voted=s0, raftlog=Memoized:s0@group-B005AB42B387-SegmentedRaftLog:OPENED:c31, conf=0: peers:[s0|rpc:localhost:34237|admin:localhost:46111|client:localhost:41849|dataStream:localhost:35589|priority:0|startupRole:FOLLOWER]|listeners:[], old=null RUNNING retry cache entry of leader should be pending: 402@client-3C4CF6F3AB0E:pending
2023-09-01 02:13:34,672 [s0@group-B005AB42B387-StateMachineUpdater] INFO  impl.SimpleStateMachine4Testing (SimpleStateMachine4Testing.java:put(205)) - s0: put 33, m16 -> (t:1, i:33), STATEMACHINELOGENTRY, 403@client-3C4CF6F3AB0E
2023-09-01 02:13:34,672 [s0@group-B005AB42B387-StateMachineUpdater] WARN  server.RaftServer$Division (RaftServerImpl.java:replyPendingRequest(1769)) -    LEADER s0@group-B005AB42B387:t1, leader=s0, voted=s0, raftlog=Memoized:s0@group-B005AB42B387-SegmentedRaftLog:OPENED:c33, conf=0: peers:[s0|rpc:localhost:34237|admin:localhost:46111|client:localhost:41849|dataStream:localhost:35589|priority:0|startupRole:FOLLOWER]|listeners:[], old=null RUNNING retry cache entry of leader should be pending: 403@client-3C4CF6F3AB0E:pending
2023-09-01 02:13:34,674 [s0@group-B005AB42B387-StateMachineUpdater] INFO  impl.SimpleStateMachine4Testing (SimpleStateMachine4Testing.java:put(205)) - s0: put 35, m17 -> (t:1, i:35), STATEMACHINELOGENTRY, 404@client-3C4CF6F3AB0E
2023-09-01 02:13:34,674 [s0@group-B005AB42B387-StateMachineUpdater] WARN  server.RaftServer$Division (RaftServerImpl.java:replyPendingRequest(1769)) -    LEADER s0@group-B005AB42B387:t1, leader=s0, voted=s0, raftlog=Memoized:s0@group-B005AB42B387-SegmentedRaftLog:OPENED:c35, conf=0: peers:[s0|rpc:localhost:34237|admin:localhost:46111|client:localhost:41849|dataStream:localhost:35589|priority:0|startupRole:FOLLOWER]|listeners:[], old=null RUNNING retry cache entry of leader should be pending: 404@client-3C4CF6F3AB0E:pending
2023-09-01 02:13:34,676 [s0@group-B005AB42B387-StateMachineUpdater] INFO  impl.SimpleStateMachine4Testing (SimpleStateMachine4Testing.java:put(205)) - s0: put 37, m18 -> (t:1, i:37), STATEMACHINELOGENTRY, 405@client-3C4CF6F3AB0E
2023-09-01 02:13:34,676 [s0@group-B005AB42B387-StateMachineUpdater] WARN  server.RaftServer$Division (RaftServerImpl.java:replyPendingRequest(1769)) -    LEADER s0@group-B005AB42B387:t1, leader=s0, voted=s0, raftlog=Memoized:s0@group-B005AB42B387-SegmentedRaftLog:OPENED:c37, conf=0: peers:[s0|rpc:localhost:34237|admin:localhost:46111|client:localhost:41849|dataStream:localhost:35589|priority:0|startupRole:FOLLOWER]|listeners:[], old=null RUNNING retry cache entry of leader should be pending: 405@client-3C4CF6F3AB0E:pending
2023-09-01 02:13:34,678 [s0@group-B005AB42B387-StateMachineUpdater] INFO  impl.SimpleStateMachine4Testing (SimpleStateMachine4Testing.java:put(205)) - s0: put 39, m19 -> (t:1, i:39), STATEMACHINELOGENTRY, 406@client-3C4CF6F3AB0E
2023-09-01 02:13:34,678 [s0@group-B005AB42B387-StateMachineUpdater] WARN  server.RaftServer$Division (RaftServerImpl.java:replyPendingRequest(1769)) -    LEADER s0@group-B005AB42B387:t1, leader=s0, voted=s0, raftlog=Memoized:s0@group-B005AB42B387-SegmentedRaftLog:OPENED:c39, conf=0: peers:[s0|rpc:localhost:34237|admin:localhost:46111|client:localhost:41849|dataStream:localhost:35589|priority:0|startupRole:FOLLOWER]|listeners:[], old=null RUNNING retry cache entry of leader should be pending: 406@client-3C4CF6F3AB0E:pending
2023-09-01 02:13:34,679 [s0@group-B005AB42B387-StateMachineUpdater] INFO  impl.SimpleStateMachine4Testing (SimpleStateMachine4Testing.java:put(205)) - s0: put 41, m20 -> (t:1, i:41), STATEMACHINELOGENTRY, 407@client-3C4CF6F3AB0E
2023-09-01 02:13:34,679 [s0@group-B005AB42B387-StateMachineUpdater] WARN  server.RaftServer$Division (RaftServerImpl.java:replyPendingRequest(1769)) -    LEADER s0@group-B005AB42B387:t1, leader=s0, voted=s0, raftlog=Memoized:s0@group-B005AB42B387-SegmentedRaftLog:OPENED:c41, conf=0: peers:[s0|rpc:localhost:34237|admin:localhost:46111|client:localhost:41849|dataStream:localhost:35589|priority:0|startupRole:FOLLOWER]|listeners:[], old=null RUNNING retry cache entry of leader should be pending: 407@client-3C4CF6F3AB0E:pending
2023-09-01 02:13:34,681 [s0@group-B005AB42B387-StateMachineUpdater] INFO  impl.SimpleStateMachine4Testing (SimpleStateMachine4Testing.java:put(205)) - s0: put 43, m21 -> (t:1, i:43), STATEMACHINELOGENTRY, 408@client-3C4CF6F3AB0E
2023-09-01 02:13:34,681 [s0@group-B005AB42B387-StateMachineUpdater] WARN  server.RaftServer$Division (RaftServerImpl.java:replyPendingRequest(1769)) -    LEADER s0@group-B005AB42B387:t1, leader=s0, voted=s0, raftlog=Memoized:s0@group-B005AB42B387-SegmentedRaftLog:OPENED:c43, conf=0: peers:[s0|rpc:localhost:34237|admin:localhost:46111|client:localhost:41849|dataStream:localhost:35589|priority:0|startupRole:FOLLOWER]|listeners:[], old=null RUNNING retry cache entry of leader should be pending: 408@client-3C4CF6F3AB0E:pending
2023-09-01 02:13:34,683 [s0@group-B005AB42B387-StateMachineUpdater] INFO  impl.SimpleStateMachine4Testing (SimpleStateMachine4Testing.java:put(205)) - s0: put 45, m22 -> (t:1, i:45), STATEMACHINELOGENTRY, 409@client-3C4CF6F3AB0E
2023-09-01 02:13:34,683 [s0@group-B005AB42B387-StateMachineUpdater] WARN  server.RaftServer$Division (RaftServerImpl.java:replyPendingRequest(1769)) -    LEADER s0@group-B005AB42B387:t1, leader=s0, voted=s0, raftlog=Memoized:s0@group-B005AB42B387-SegmentedRaftLog:OPENED:c45, conf=0: peers:[s0|rpc:localhost:34237|admin:localhost:46111|client:localhost:41849|dataStream:localhost:35589|priority:0|startupRole:FOLLOWER]|listeners:[], old=null RUNNING retry cache entry of leader should be pending: 409@client-3C4CF6F3AB0E:pending
2023-09-01 02:13:34,684 [s0@group-B005AB42B387-StateMachineUpdater] INFO  impl.SimpleStateMachine4Testing (SimpleStateMachine4Testing.java:put(205)) - s0: put 47, m23 -> (t:1, i:47), STATEMACHINELOGENTRY, 410@client-3C4CF6F3AB0E
2023-09-01 02:13:34,685 [s0@group-B005AB42B387-StateMachineUpdater] WARN  server.RaftServer$Division (RaftServerImpl.java:replyPendingRequest(1769)) -    LEADER s0@group-B005AB42B387:t1, leader=s0, voted=s0, raftlog=Memoized:s0@group-B005AB42B387-SegmentedRaftLog:OPENED:c47, conf=0: peers:[s0|rpc:localhost:34237|admin:localhost:46111|client:localhost:41849|dataStream:localhost:35589|priority:0|startupRole:FOLLOWER]|listeners:[], old=null RUNNING retry cache entry of leader should be pending: 410@client-3C4CF6F3AB0E:pending
2023-09-01 02:13:34,686 [s0@group-B005AB42B387-StateMachineUpdater] INFO  impl.SimpleStateMachine4Testing (SimpleStateMachine4Testing.java:put(205)) - s0: put 49, m24 -> (t:1, i:49), STATEMACHINELOGENTRY, 411@client-3C4CF6F3AB0E
2023-09-01 02:13:34,686 [s0@group-B005AB42B387-StateMachineUpdater] WARN  server.RaftServer$Division (RaftServerImpl.java:replyPendingRequest(1769)) -    LEADER s0@group-B005AB42B387:t1, leader=s0, voted=s0, raftlog=Memoized:s0@group-B005AB42B387-SegmentedRaftLog:OPENED:c49, conf=0: peers:[s0|rpc:localhost:34237|admin:localhost:46111|client:localhost:41849|dataStream:localhost:35589|priority:0|startupRole:FOLLOWER]|listeners:[], old=null RUNNING retry cache entry of leader should be pending: 411@client-3C4CF6F3AB0E:pending
2023-09-01 02:13:34,688 [s0@group-B005AB42B387-StateMachineUpdater] INFO  impl.SimpleStateMachine4Testing (SimpleStateMachine4Testing.java:put(205)) - s0: put 51, m25 -> (t:1, i:51), STATEMACHINELOGENTRY, 412@client-3C4CF6F3AB0E
2023-09-01 02:13:34,688 [s0@group-B005AB42B387-StateMachineUpdater] WARN  server.RaftServer$Division (RaftServerImpl.java:replyPendingRequest(1769)) -    LEADER s0@group-B005AB42B387:t1, leader=s0, voted=s0, raftlog=Memoized:s0@group-B005AB42B387-SegmentedRaftLog:OPENED:c51, conf=0: peers:[s0|rpc:localhost:34237|admin:localhost:46111|client:localhost:41849|dataStream:localhost:35589|priority:0|startupRole:FOLLOWER]|listeners:[], old=null RUNNING retry cache entry of leader should be pending: 412@client-3C4CF6F3AB0E:pending
2023-09-01 02:13:34,690 [s0@group-B005AB42B387-StateMachineUpdater] INFO  impl.SimpleStateMachine4Testing (SimpleStateMachine4Testing.java:put(205)) - s0: put 53, m26 -> (t:1, i:53), STATEMACHINELOGENTRY, 413@client-3C4CF6F3AB0E
2023-09-01 02:13:34,690 [s0@group-B005AB42B387-StateMachineUpdater] WARN  server.RaftServer$Division (RaftServerImpl.java:replyPendingRequest(1769)) -    LEADER s0@group-B005AB42B387:t1, leader=s0, voted=s0, raftlog=Memoized:s0@group-B005AB42B387-SegmentedRaftLog:OPENED:c53, conf=0: peers:[s0|rpc:localhost:34237|admin:localhost:46111|client:localhost:41849|dataStream:localhost:35589|priority:0|startupRole:FOLLOWER]|listeners:[], old=null RUNNING retry cache entry of leader should be pending: 413@client-3C4CF6F3AB0E:pending
2023-09-01 02:13:34,692 [s0@group-B005AB42B387-StateMachineUpdater] INFO  impl.SimpleStateMachine4Testing (SimpleStateMachine4Testing.java:put(205)) - s0: put 55, m27 -> (t:1, i:55), STATEMACHINELOGENTRY, 414@client-3C4CF6F3AB0E
2023-09-01 02:13:34,692 [s0@group-B005AB42B387-StateMachineUpdater] WARN  server.RaftServer$Division (RaftServerImpl.java:replyPendingRequest(1769)) -    LEADER s0@group-B005AB42B387:t1, leader=s0, voted=s0, raftlog=Memoized:s0@group-B005AB42B387-SegmentedRaftLog:OPENED:c55, conf=0: peers:[s0|rpc:localhost:34237|admin:localhost:46111|client:localhost:41849|dataStream:localhost:35589|priority:0|startupRole:FOLLOWER]|listeners:[], old=null RUNNING retry cache entry of leader should be pending: 414@client-3C4CF6F3AB0E:pending
2023-09-01 02:13:34,694 [s0@group-B005AB42B387-StateMachineUpdater] INFO  impl.SimpleStateMachine4Testing (SimpleStateMachine4Testing.java:put(205)) - s0: put 57, m28 -> (t:1, i:57), STATEMACHINELOGENTRY, 415@client-3C4CF6F3AB0E
2023-09-01 02:13:34,694 [s0@group-B005AB42B387-StateMachineUpdater] WARN  server.RaftServer$Division (RaftServerImpl.java:replyPendingRequest(1769)) -    LEADER s0@group-B005AB42B387:t1, leader=s0, voted=s0, raftlog=Memoized:s0@group-B005AB42B387-SegmentedRaftLog:OPENED:c57, conf=0: peers:[s0|rpc:localhost:34237|admin:localhost:46111|client:localhost:41849|dataStream:localhost:35589|priority:0|startupRole:FOLLOWER]|listeners:[], old=null RUNNING retry cache entry of leader should be pending: 415@client-3C4CF6F3AB0E:pending
2023-09-01 02:13:34,696 [s0@group-B005AB42B387-StateMachineUpdater] INFO  impl.SimpleStateMachine4Testing (SimpleStateMachine4Testing.java:put(205)) - s0: put 59, m29 -> (t:1, i:59), STATEMACHINELOGENTRY, 416@client-3C4CF6F3AB0E
2023-09-01 02:13:34,696 [s0@group-B005AB42B387-StateMachineUpdater] WARN  server.RaftServer$Division (RaftServerImpl.java:replyPendingRequest(1769)) -    LEADER s0@group-B005AB42B387:t1, leader=s0, voted=s0, raftlog=Memoized:s0@group-B005AB42B387-SegmentedRaftLog:OPENED:c59, conf=0: peers:[s0|rpc:localhost:34237|admin:localhost:46111|client:localhost:41849|dataStream:localhost:35589|priority:0|startupRole:FOLLOWER]|listeners:[], old=null RUNNING retry cache entry of leader should be pending: 416@client-3C4CF6F3AB0E:pending
2023-09-01 02:13:34,697 [s0@group-B005AB42B387-StateMachineUpdater] INFO  impl.SimpleStateMachine4Testing (SimpleStateMachine4Testing.java:put(205)) - s0: put 61, m30 -> (t:1, i:61), STATEMACHINELOGENTRY, 417@client-3C4CF6F3AB0E
2023-09-01 02:13:34,697 [s0@group-B005AB42B387-StateMachineUpdater] WARN  server.RaftServer$Division (RaftServerImpl.java:replyPendingRequest(1769)) -    LEADER s0@group-B005AB42B387:t1, leader=s0, voted=s0, raftlog=Memoized:s0@group-B005AB42B387-SegmentedRaftLog:OPENED:c61, conf=0: peers:[s0|rpc:localhost:34237|admin:localhost:46111|client:localhost:41849|dataStream:localhost:35589|priority:0|startupRole:FOLLOWER]|listeners:[], old=null RUNNING retry cache entry of leader should be pending: 417@client-3C4CF6F3AB0E:pending
2023-09-01 02:13:34,699 [s0@group-B005AB42B387-StateMachineUpdater] INFO  impl.SimpleStateMachine4Testing (SimpleStateMachine4Testing.java:put(205)) - s0: put 63, m31 -> (t:1, i:63), STATEMACHINELOGENTRY, 418@client-3C4CF6F3AB0E
2023-09-01 02:13:34,699 [s0@group-B005AB42B387-StateMachineUpdater] WARN  server.RaftServer$Division (RaftServerImpl.java:replyPendingRequest(1769)) -    LEADER s0@group-B005AB42B387:t1, leader=s0, voted=s0, raftlog=Memoized:s0@group-B005AB42B387-SegmentedRaftLog:OPENED:c63, conf=0: peers:[s0|rpc:localhost:34237|admin:localhost:46111|client:localhost:41849|dataStream:localhost:35589|priority:0|startupRole:FOLLOWER]|listeners:[], old=null RUNNING retry cache entry of leader should be pending: 418@client-3C4CF6F3AB0E:pending
2023-09-01 02:13:34,699 [s0@group-B005AB42B387-StateMachineUpdater] TRACE util.FileUtils (FileUtils.java:deleteFully(201)) - deleteFully /tmp/ratis-tests/statemachine/s0/snapshot/1_63
2023-09-01 02:13:34,699 [s0@group-B005AB42B387-StateMachineUpdater] TRACE util.FileUtils (FileUtils.java:deleteFully(217)) - deleteFully: /tmp/ratis-tests/statemachine/s0/snapshot/1_63 does not exist.
2023-09-01 02:13:34,699 [s0@group-B005AB42B387-StateMachineUpdater] TRACE util.FileUtils (FileUtils.java:deleteFully(201)) - deleteFully /tmp/ratis-tests/statemachine/s0/tmp/a7607eea-6969-4831-8009-a452a3f4193f
2023-09-01 02:13:34,699 [s0@group-B005AB42B387-StateMachineUpdater] TRACE util.FileUtils (FileUtils.java:deleteFully(217)) - deleteFully: /tmp/ratis-tests/statemachine/s0/tmp/a7607eea-6969-4831-8009-a452a3f4193f does not exist.
2023-09-01 02:13:34,699 [s0@group-B005AB42B387-StateMachineUpdater] TRACE util.FileUtils (LogUtils.java:runAndLog(49)) - Successfully ran Atomic Files.move /tmp/ratis-tests/statemachine/s0/tmp/a7607eea-6969-4831-8009-a452a3f4193f to /tmp/ratis-tests/statemachine/s0/snapshot/1_63
2023-09-01 02:13:34,700 [s0@group-B005AB42B387-StateMachineUpdater] INFO  impl.StateMachineUpdater (StateMachineUpdater.java:takeSnapshot(295)) - s0@group-B005AB42B387-StateMachineUpdater: Took a snapshot at index 63
2023-09-01 02:13:34,700 [s0@group-B005AB42B387-StateMachineUpdater] INFO  impl.StateMachineUpdater (StateMachineUpdater.java:lambda$new$0(98)) - s0@group-B005AB42B387-StateMachineUpdater: snapshotIndex: updateIncreasingly -1 -> 63
2023-09-01 02:13:34,700 [s0@group-B005AB42B387-StateMachineUpdater] INFO  raftlog.RaftLog (RaftLogBase.java:purge(315)) - s0@group-B005AB42B387-SegmentedRaftLog: purge 63
2023-09-01 02:13:34,700 [s0@group-B005AB42B387-StateMachineUpdater] INFO  raftlog.RaftLog (RaftLogBase.java:lambda$new$0(54)) - s0@group-B005AB42B387-SegmentedRaftLog: snapshotIndex: updateIncreasingly -1 -> 63
2023-09-01 02:13:34,700 [s0@group-B005AB42B387-StateMachineUpdater] INFO  raftlog.RaftLog (RaftLogBase.java:lambda$new$0(54)) - s0@group-B005AB42B387-SegmentedRaftLog: purgeIndex: updateToMax old=-1, new=63, updated? true
2023-09-01 02:13:34,701 [s0@group-B005AB42B387-StateMachineUpdater] INFO  impl.SimpleStateMachine4Testing (SimpleStateMachine4Testing.java:put(205)) - s0: put 65, m32 -> (t:1, i:65), STATEMACHINELOGENTRY, 419@client-3C4CF6F3AB0E
2023-09-01 02:13:34,701 [s0@group-B005AB42B387-StateMachineUpdater] WARN  server.RaftServer$Division (RaftServerImpl.java:replyPendingRequest(1769)) -    LEADER s0@group-B005AB42B387:t1, leader=s0, voted=s0, raftlog=Memoized:s0@group-B005AB42B387-SegmentedRaftLog:OPENED:c65, conf=0: peers:[s0|rpc:localhost:34237|admin:localhost:46111|client:localhost:41849|dataStream:localhost:35589|priority:0|startupRole:FOLLOWER]|listeners:[], old=null RUNNING retry cache entry of leader should be pending: 419@client-3C4CF6F3AB0E:pending
2023-09-01 02:13:34,703 [s0@group-B005AB42B387-StateMachineUpdater] INFO  impl.SimpleStateMachine4Testing (SimpleStateMachine4Testing.java:put(205)) - s0: put 67, m33 -> (t:1, i:67), STATEMACHINELOGENTRY, 420@client-3C4CF6F3AB0E
2023-09-01 02:13:34,703 [s0@group-B005AB42B387-StateMachineUpdater] WARN  server.RaftServer$Division (RaftServerImpl.java:replyPendingRequest(1769)) -    LEADER s0@group-B005AB42B387:t1, leader=s0, voted=s0, raftlog=Memoized:s0@group-B005AB42B387-SegmentedRaftLog:OPENED:c67, conf=0: peers:[s0|rpc:localhost:34237|admin:localhost:46111|client:localhost:41849|dataStream:localhost:35589|priority:0|startupRole:FOLLOWER]|listeners:[], old=null RUNNING retry cache entry of leader should be pending: 420@client-3C4CF6F3AB0E:pending
2023-09-01 02:13:34,705 [s0@group-B005AB42B387-StateMachineUpdater] INFO  impl.SimpleStateMachine4Testing (SimpleStateMachine4Testing.java:put(205)) - s0: put 69, m34 -> (t:1, i:69), STATEMACHINELOGENTRY, 421@client-3C4CF6F3AB0E
2023-09-01 02:13:34,705 [s0@group-B005AB42B387-StateMachineUpdater] WARN  server.RaftServer$Division (RaftServerImpl.java:replyPendingRequest(1769)) -    LEADER s0@group-B005AB42B387:t1, leader=s0, voted=s0, raftlog=Memoized:s0@group-B005AB42B387-SegmentedRaftLog:OPENED:c69, conf=0: peers:[s0|rpc:localhost:34237|admin:localhost:46111|client:localhost:41849|dataStream:localhost:35589|priority:0|startupRole:FOLLOWER]|listeners:[], old=null RUNNING retry cache entry of leader should be pending: 421@client-3C4CF6F3AB0E:pending
2023-09-01 02:13:34,707 [s0@group-B005AB42B387-StateMachineUpdater] INFO  impl.SimpleStateMachine4Testing (SimpleStateMachine4Testing.java:put(205)) - s0: put 71, m35 -> (t:1, i:71), STATEMACHINELOGENTRY, 422@client-3C4CF6F3AB0E
2023-09-01 02:13:34,707 [s0@group-B005AB42B387-StateMachineUpdater] WARN  server.RaftServer$Division (RaftServerImpl.java:replyPendingRequest(1769)) -    LEADER s0@group-B005AB42B387:t1, leader=s0, voted=s0, raftlog=Memoized:s0@group-B005AB42B387-SegmentedRaftLog:OPENED:c71, conf=0: peers:[s0|rpc:localhost:34237|admin:localhost:46111|client:localhost:41849|dataStream:localhost:35589|priority:0|startupRole:FOLLOWER]|listeners:[], old=null RUNNING retry cache entry of leader should be pending: 422@client-3C4CF6F3AB0E:pending
2023-09-01 02:13:34,708 [s0@group-B005AB42B387-StateMachineUpdater] INFO  impl.SimpleStateMachine4Testing (SimpleStateMachine4Testing.java:put(205)) - s0: put 73, m36 -> (t:1, i:73), STATEMACHINELOGENTRY, 423@client-3C4CF6F3AB0E
2023-09-01 02:13:34,709 [s0@group-B005AB42B387-StateMachineUpdater] WARN  server.RaftServer$Division (RaftServerImpl.java:replyPendingRequest(1769)) -    LEADER s0@group-B005AB42B387:t1, leader=s0, voted=s0, raftlog=Memoized:s0@group-B005AB42B387-SegmentedRaftLog:OPENED:c73, conf=0: peers:[s0|rpc:localhost:34237|admin:localhost:46111|client:localhost:41849|dataStream:localhost:35589|priority:0|startupRole:FOLLOWER]|listeners:[], old=null RUNNING retry cache entry of leader should be pending: 423@client-3C4CF6F3AB0E:pending
2023-09-01 02:13:34,710 [s0@group-B005AB42B387-StateMachineUpdater] INFO  impl.SimpleStateMachine4Testing (SimpleStateMachine4Testing.java:put(205)) - s0: put 75, m37 -> (t:1, i:75), STATEMACHINELOGENTRY, 424@client-3C4CF6F3AB0E
2023-09-01 02:13:34,710 [s0@group-B005AB42B387-StateMachineUpdater] WARN  server.RaftServer$Division (RaftServerImpl.java:replyPendingRequest(1769)) -    LEADER s0@group-B005AB42B387:t1, leader=s0, voted=s0, raftlog=Memoized:s0@group-B005AB42B387-SegmentedRaftLog:OPENED:c75, conf=0: peers:[s0|rpc:localhost:34237|admin:localhost:46111|client:localhost:41849|dataStream:localhost:35589|priority:0|startupRole:FOLLOWER]|listeners:[], old=null RUNNING retry cache entry of leader should be pending: 424@client-3C4CF6F3AB0E:pending
2023-09-01 02:13:34,712 [s0@group-B005AB42B387-StateMachineUpdater] INFO  impl.SimpleStateMachine4Testing (SimpleStateMachine4Testing.java:put(205)) - s0: put 77, m38 -> (t:1, i:77), STATEMACHINELOGENTRY, 425@client-3C4CF6F3AB0E
2023-09-01 02:13:34,712 [s0@group-B005AB42B387-StateMachineUpdater] WARN  server.RaftServer$Division (RaftServerImpl.java:replyPendingRequest(1769)) -    LEADER s0@group-B005AB42B387:t1, leader=s0, voted=s0, raftlog=Memoized:s0@group-B005AB42B387-SegmentedRaftLog:OPENED:c77, conf=0: peers:[s0|rpc:localhost:34237|admin:localhost:46111|client:localhost:41849|dataStream:localhost:35589|priority:0|startupRole:FOLLOWER]|listeners:[], old=null RUNNING retry cache entry of leader should be pending: 425@client-3C4CF6F3AB0E:pending
2023-09-01 02:13:34,714 [s0@group-B005AB42B387-StateMachineUpdater] INFO  impl.SimpleStateMachine4Testing (SimpleStateMachine4Testing.java:put(205)) - s0: put 79, m39 -> (t:1, i:79), STATEMACHINELOGENTRY, 426@client-3C4CF6F3AB0E
2023-09-01 02:13:34,714 [s0@group-B005AB42B387-StateMachineUpdater] WARN  server.RaftServer$Division (RaftServerImpl.java:replyPendingRequest(1769)) -    LEADER s0@group-B005AB42B387:t1, leader=s0, voted=s0, raftlog=Memoized:s0@group-B005AB42B387-SegmentedRaftLog:OPENED:c79, conf=0: peers:[s0|rpc:localhost:34237|admin:localhost:46111|client:localhost:41849|dataStream:localhost:35589|priority:0|startupRole:FOLLOWER]|listeners:[], old=null RUNNING retry cache entry of leader should be pending: 426@client-3C4CF6F3AB0E:pending
2023-09-01 02:13:34,716 [s0@group-B005AB42B387-StateMachineUpdater] INFO  impl.SimpleStateMachine4Testing (SimpleStateMachine4Testing.java:put(205)) - s0: put 81, m40 -> (t:1, i:81), STATEMACHINELOGENTRY, 427@client-3C4CF6F3AB0E
2023-09-01 02:13:34,716 [s0@group-B005AB42B387-StateMachineUpdater] WARN  server.RaftServer$Division (RaftServerImpl.java:replyPendingRequest(1769)) -    LEADER s0@group-B005AB42B387:t1, leader=s0, voted=s0, raftlog=Memoized:s0@group-B005AB42B387-SegmentedRaftLog:OPENED:c81, conf=0: peers:[s0|rpc:localhost:34237|admin:localhost:46111|client:localhost:41849|dataStream:localhost:35589|priority:0|startupRole:FOLLOWER]|listeners:[], old=null RUNNING retry cache entry of leader should be pending: 427@client-3C4CF6F3AB0E:pending
2023-09-01 02:13:34,717 [s0@group-B005AB42B387-StateMachineUpdater] INFO  impl.SimpleStateMachine4Testing (SimpleStateMachine4Testing.java:put(205)) - s0: put 83, m41 -> (t:1, i:83), STATEMACHINELOGENTRY, 428@client-3C4CF6F3AB0E
2023-09-01 02:13:34,717 [s0@group-B005AB42B387-StateMachineUpdater] WARN  server.RaftServer$Division (RaftServerImpl.java:replyPendingRequest(1769)) -    LEADER s0@group-B005AB42B387:t1, leader=s0, voted=s0, raftlog=Memoized:s0@group-B005AB42B387-SegmentedRaftLog:OPENED:c83, conf=0: peers:[s0|rpc:localhost:34237|admin:localhost:46111|client:localhost:41849|dataStream:localhost:35589|priority:0|startupRole:FOLLOWER]|listeners:[], old=null RUNNING retry cache entry of leader should be pending: 428@client-3C4CF6F3AB0E:pending
2023-09-01 02:13:34,719 [s0@group-B005AB42B387-StateMachineUpdater] INFO  impl.SimpleStateMachine4Testing (SimpleStateMachine4Testing.java:put(205)) - s0: put 85, m42 -> (t:1, i:85), STATEMACHINELOGENTRY, 429@client-3C4CF6F3AB0E
2023-09-01 02:13:34,719 [s0@group-B005AB42B387-StateMachineUpdater] WARN  server.RaftServer$Division (RaftServerImpl.java:replyPendingRequest(1769)) -    LEADER s0@group-B005AB42B387:t1, leader=s0, voted=s0, raftlog=Memoized:s0@group-B005AB42B387-SegmentedRaftLog:OPENED:c85, conf=0: peers:[s0|rpc:localhost:34237|admin:localhost:46111|client:localhost:41849|dataStream:localhost:35589|priority:0|startupRole:FOLLOWER]|listeners:[], old=null RUNNING retry cache entry of leader should be pending: 429@client-3C4CF6F3AB0E:pending
2023-09-01 02:13:34,721 [s0@group-B005AB42B387-StateMachineUpdater] INFO  impl.SimpleStateMachine4Testing (SimpleStateMachine4Testing.java:put(205)) - s0: put 87, m43 -> (t:1, i:87), STATEMACHINELOGENTRY, 430@client-3C4CF6F3AB0E
2023-09-01 02:13:34,721 [s0@group-B005AB42B387-StateMachineUpdater] WARN  server.RaftServer$Division (RaftServerImpl.java:replyPendingRequest(1769)) -    LEADER s0@group-B005AB42B387:t1, leader=s0, voted=s0, raftlog=Memoized:s0@group-B005AB42B387-SegmentedRaftLog:OPENED:c87, conf=0: peers:[s0|rpc:localhost:34237|admin:localhost:46111|client:localhost:41849|dataStream:localhost:35589|priority:0|startupRole:FOLLOWER]|listeners:[], old=null RUNNING retry cache entry of leader should be pending: 430@client-3C4CF6F3AB0E:pending
2023-09-01 02:13:34,722 [s0@group-B005AB42B387-StateMachineUpdater] INFO  impl.SimpleStateMachine4Testing (SimpleStateMachine4Testing.java:put(205)) - s0: put 89, m44 -> (t:1, i:89), STATEMACHINELOGENTRY, 431@client-3C4CF6F3AB0E
2023-09-01 02:13:34,722 [s0@group-B005AB42B387-StateMachineUpdater] WARN  server.RaftServer$Division (RaftServerImpl.java:replyPendingRequest(1769)) -    LEADER s0@group-B005AB42B387:t1, leader=s0, voted=s0, raftlog=Memoized:s0@group-B005AB42B387-SegmentedRaftLog:OPENED:c89, conf=0: peers:[s0|rpc:localhost:34237|admin:localhost:46111|client:localhost:41849|dataStream:localhost:35589|priority:0|startupRole:FOLLOWER]|listeners:[], old=null RUNNING retry cache entry of leader should be pending: 431@client-3C4CF6F3AB0E:pending
2023-09-01 02:13:34,724 [s0@group-B005AB42B387-StateMachineUpdater] INFO  impl.SimpleStateMachine4Testing (SimpleStateMachine4Testing.java:put(205)) - s0: put 91, m45 -> (t:1, i:91), STATEMACHINELOGENTRY, 432@client-3C4CF6F3AB0E
2023-09-01 02:13:34,724 [s0@group-B005AB42B387-StateMachineUpdater] WARN  server.RaftServer$Division (RaftServerImpl.java:replyPendingRequest(1769)) -    LEADER s0@group-B005AB42B387:t1, leader=s0, voted=s0, raftlog=Memoized:s0@group-B005AB42B387-SegmentedRaftLog:OPENED:c91, conf=0: peers:[s0|rpc:localhost:34237|admin:localhost:46111|client:localhost:41849|dataStream:localhost:35589|priority:0|startupRole:FOLLOWER]|listeners:[], old=null RUNNING retry cache entry of leader should be pending: 432@client-3C4CF6F3AB0E:pending
2023-09-01 02:13:34,726 [s0@group-B005AB42B387-StateMachineUpdater] INFO  impl.SimpleStateMachine4Testing (SimpleStateMachine4Testing.java:put(205)) - s0: put 93, m46 -> (t:1, i:93), STATEMACHINELOGENTRY, 433@client-3C4CF6F3AB0E
2023-09-01 02:13:34,726 [s0@group-B005AB42B387-StateMachineUpdater] WARN  server.RaftServer$Division (RaftServerImpl.java:replyPendingRequest(1769)) -    LEADER s0@group-B005AB42B387:t1, leader=s0, voted=s0, raftlog=Memoized:s0@group-B005AB42B387-SegmentedRaftLog:OPENED:c93, conf=0: peers:[s0|rpc:localhost:34237|admin:localhost:46111|client:localhost:41849|dataStream:localhost:35589|priority:0|startupRole:FOLLOWER]|listeners:[], old=null RUNNING retry cache entry of leader should be pending: 433@client-3C4CF6F3AB0E:pending
2023-09-01 02:13:34,727 [s0@group-B005AB42B387-StateMachineUpdater] INFO  impl.SimpleStateMachine4Testing (SimpleStateMachine4Testing.java:put(205)) - s0: put 95, m47 -> (t:1, i:95), STATEMACHINELOGENTRY, 434@client-3C4CF6F3AB0E
2023-09-01 02:13:34,727 [s0@group-B005AB42B387-StateMachineUpdater] WARN  server.RaftServer$Division (RaftServerImpl.java:replyPendingRequest(1769)) -    LEADER s0@group-B005AB42B387:t1, leader=s0, voted=s0, raftlog=Memoized:s0@group-B005AB42B387-SegmentedRaftLog:OPENED:c95, conf=0: peers:[s0|rpc:localhost:34237|admin:localhost:46111|client:localhost:41849|dataStream:localhost:35589|priority:0|startupRole:FOLLOWER]|listeners:[], old=null RUNNING retry cache entry of leader should be pending: 434@client-3C4CF6F3AB0E:pending
2023-09-01 02:13:34,729 [s0@group-B005AB42B387-StateMachineUpdater] INFO  impl.SimpleStateMachine4Testing (SimpleStateMachine4Testing.java:put(205)) - s0: put 97, m48 -> (t:1, i:97), STATEMACHINELOGENTRY, 435@client-3C4CF6F3AB0E
2023-09-01 02:13:34,729 [s0@group-B005AB42B387-StateMachineUpdater] WARN  server.RaftServer$Division (RaftServerImpl.java:replyPendingRequest(1769)) -    LEADER s0@group-B005AB42B387:t1, leader=s0, voted=s0, raftlog=Memoized:s0@group-B005AB42B387-SegmentedRaftLog:OPENED:c97, conf=0: peers:[s0|rpc:localhost:34237|admin:localhost:46111|client:localhost:41849|dataStream:localhost:35589|priority:0|startupRole:FOLLOWER]|listeners:[], old=null RUNNING retry cache entry of leader should be pending: 435@client-3C4CF6F3AB0E:pending
2023-09-01 02:13:34,731 [s0@group-B005AB42B387-StateMachineUpdater] INFO  impl.SimpleStateMachine4Testing (SimpleStateMachine4Testing.java:put(205)) - s0: put 99, m49 -> (t:1, i:99), STATEMACHINELOGENTRY, 436@client-3C4CF6F3AB0E
2023-09-01 02:13:34,731 [s0@group-B005AB42B387-StateMachineUpdater] WARN  server.RaftServer$Division (RaftServerImpl.java:replyPendingRequest(1769)) -    LEADER s0@group-B005AB42B387:t1, leader=s0, voted=s0, raftlog=Memoized:s0@group-B005AB42B387-SegmentedRaftLog:OPENED:c99, conf=0: peers:[s0|rpc:localhost:34237|admin:localhost:46111|client:localhost:41849|dataStream:localhost:35589|priority:0|startupRole:FOLLOWER]|listeners:[], old=null RUNNING retry cache entry of leader should be pending: 436@client-3C4CF6F3AB0E:pending
2023-09-01 02:13:34,733 [s0@group-B005AB42B387-StateMachineUpdater] INFO  impl.SimpleStateMachine4Testing (SimpleStateMachine4Testing.java:put(205)) - s0: put 101, m50 -> (t:1, i:101), STATEMACHINELOGENTRY, 437@client-3C4CF6F3AB0E
2023-09-01 02:13:34,733 [s0@group-B005AB42B387-StateMachineUpdater] WARN  server.RaftServer$Division (RaftServerImpl.java:replyPendingRequest(1769)) -    LEADER s0@group-B005AB42B387:t1, leader=s0, voted=s0, raftlog=Memoized:s0@group-B005AB42B387-SegmentedRaftLog:OPENED:c101, conf=0: peers:[s0|rpc:localhost:34237|admin:localhost:46111|client:localhost:41849|dataStream:localhost:35589|priority:0|startupRole:FOLLOWER]|listeners:[], old=null RUNNING retry cache entry of leader should be pending: 437@client-3C4CF6F3AB0E:pending
2023-09-01 02:13:34,734 [s0@group-B005AB42B387-StateMachineUpdater] INFO  impl.SimpleStateMachine4Testing (SimpleStateMachine4Testing.java:put(205)) - s0: put 103, m51 -> (t:1, i:103), STATEMACHINELOGENTRY, 438@client-3C4CF6F3AB0E
2023-09-01 02:13:34,735 [s0@group-B005AB42B387-StateMachineUpdater] WARN  server.RaftServer$Division (RaftServerImpl.java:replyPendingRequest(1769)) -    LEADER s0@group-B005AB42B387:t1, leader=s0, voted=s0, raftlog=Memoized:s0@group-B005AB42B387-SegmentedRaftLog:OPENED:c103, conf=0: peers:[s0|rpc:localhost:34237|admin:localhost:46111|client:localhost:41849|dataStream:localhost:35589|priority:0|startupRole:FOLLOWER]|listeners:[], old=null RUNNING retry cache entry of leader should be pending: 438@client-3C4CF6F3AB0E:pending
2023-09-01 02:13:34,736 [s0@group-B005AB42B387-StateMachineUpdater] INFO  impl.SimpleStateMachine4Testing (SimpleStateMachine4Testing.java:put(205)) - s0: put 105, m52 -> (t:1, i:105), STATEMACHINELOGENTRY, 439@client-3C4CF6F3AB0E
2023-09-01 02:13:34,736 [s0@group-B005AB42B387-StateMachineUpdater] WARN  server.RaftServer$Division (RaftServerImpl.java:replyPendingRequest(1769)) -    LEADER s0@group-B005AB42B387:t1, leader=s0, voted=s0, raftlog=Memoized:s0@group-B005AB42B387-SegmentedRaftLog:OPENED:c105, conf=0: peers:[s0|rpc:localhost:34237|admin:localhost:46111|client:localhost:41849|dataStream:localhost:35589|priority:0|startupRole:FOLLOWER]|listeners:[], old=null RUNNING retry cache entry of leader should be pending: 439@client-3C4CF6F3AB0E:pending
2023-09-01 02:13:34,738 [s0@group-B005AB42B387-StateMachineUpdater] INFO  impl.SimpleStateMachine4Testing (SimpleStateMachine4Testing.java:put(205)) - s0: put 107, m53 -> (t:1, i:107), STATEMACHINELOGENTRY, 440@client-3C4CF6F3AB0E
2023-09-01 02:13:34,738 [s0@group-B005AB42B387-StateMachineUpdater] WARN  server.RaftServer$Division (RaftServerImpl.java:replyPendingRequest(1769)) -    LEADER s0@group-B005AB42B387:t1, leader=s0, voted=s0, raftlog=Memoized:s0@group-B005AB42B387-SegmentedRaftLog:OPENED:c107, conf=0: peers:[s0|rpc:localhost:34237|admin:localhost:46111|client:localhost:41849|dataStream:localhost:35589|priority:0|startupRole:FOLLOWER]|listeners:[], old=null RUNNING retry cache entry of leader should be pending: 440@client-3C4CF6F3AB0E:pending
2023-09-01 02:13:34,739 [s0@group-B005AB42B387-StateMachineUpdater] INFO  impl.SimpleStateMachine4Testing (SimpleStateMachine4Testing.java:put(205)) - s0: put 109, m54 -> (t:1, i:109), STATEMACHINELOGENTRY, 441@client-3C4CF6F3AB0E
2023-09-01 02:13:34,739 [s0@group-B005AB42B387-StateMachineUpdater] WARN  server.RaftServer$Division (RaftServerImpl.java:replyPendingRequest(1769)) -    LEADER s0@group-B005AB42B387:t1, leader=s0, voted=s0, raftlog=Memoized:s0@group-B005AB42B387-SegmentedRaftLog:OPENED:c109, conf=0: peers:[s0|rpc:localhost:34237|admin:localhost:46111|client:localhost:41849|dataStream:localhost:35589|priority:0|startupRole:FOLLOWER]|listeners:[], old=null RUNNING retry cache entry of leader should be pending: 441@client-3C4CF6F3AB0E:pending
2023-09-01 02:13:34,741 [s0@group-B005AB42B387-StateMachineUpdater] INFO  impl.SimpleStateMachine4Testing (SimpleStateMachine4Testing.java:put(205)) - s0: put 111, m55 -> (t:1, i:111), STATEMACHINELOGENTRY, 442@client-3C4CF6F3AB0E
2023-09-01 02:13:34,741 [s0@group-B005AB42B387-StateMachineUpdater] WARN  server.RaftServer$Division (RaftServerImpl.java:replyPendingRequest(1769)) -    LEADER s0@group-B005AB42B387:t1, leader=s0, voted=s0, raftlog=Memoized:s0@group-B005AB42B387-SegmentedRaftLog:OPENED:c111, conf=0: peers:[s0|rpc:localhost:34237|admin:localhost:46111|client:localhost:41849|dataStream:localhost:35589|priority:0|startupRole:FOLLOWER]|listeners:[], old=null RUNNING retry cache entry of leader should be pending: 442@client-3C4CF6F3AB0E:pending
2023-09-01 02:13:34,742 [s0@group-B005AB42B387-StateMachineUpdater] INFO  impl.SimpleStateMachine4Testing (SimpleStateMachine4Testing.java:put(205)) - s0: put 113, m56 -> (t:1, i:113), STATEMACHINELOGENTRY, 443@client-3C4CF6F3AB0E
2023-09-01 02:13:34,742 [s0@group-B005AB42B387-StateMachineUpdater] WARN  server.RaftServer$Division (RaftServerImpl.java:replyPendingRequest(1769)) -    LEADER s0@group-B005AB42B387:t1, leader=s0, voted=s0, raftlog=Memoized:s0@group-B005AB42B387-SegmentedRaftLog:OPENED:c113, conf=0: peers:[s0|rpc:localhost:34237|admin:localhost:46111|client:localhost:41849|dataStream:localhost:35589|priority:0|startupRole:FOLLOWER]|listeners:[], old=null RUNNING retry cache entry of leader should be pending: 443@client-3C4CF6F3AB0E:pending
2023-09-01 02:13:34,744 [s0@group-B005AB42B387-StateMachineUpdater] INFO  impl.SimpleStateMachine4Testing (SimpleStateMachine4Testing.java:put(205)) - s0: put 115, m57 -> (t:1, i:115), STATEMACHINELOGENTRY, 444@client-3C4CF6F3AB0E
2023-09-01 02:13:34,744 [s0@group-B005AB42B387-StateMachineUpdater] WARN  server.RaftServer$Division (RaftServerImpl.java:replyPendingRequest(1769)) -    LEADER s0@group-B005AB42B387:t1, leader=s0, voted=s0, raftlog=Memoized:s0@group-B005AB42B387-SegmentedRaftLog:OPENED:c115, conf=0: peers:[s0|rpc:localhost:34237|admin:localhost:46111|client:localhost:41849|dataStream:localhost:35589|priority:0|startupRole:FOLLOWER]|listeners:[], old=null RUNNING retry cache entry of leader should be pending: 444@client-3C4CF6F3AB0E:pending
2023-09-01 02:13:34,746 [s0@group-B005AB42B387-StateMachineUpdater] INFO  impl.SimpleStateMachine4Testing (SimpleStateMachine4Testing.java:put(205)) - s0: put 117, m58 -> (t:1, i:117), STATEMACHINELOGENTRY, 445@client-3C4CF6F3AB0E
2023-09-01 02:13:34,746 [s0@group-B005AB42B387-StateMachineUpdater] WARN  server.RaftServer$Division (RaftServerImpl.java:replyPendingRequest(1769)) -    LEADER s0@group-B005AB42B387:t1, leader=s0, voted=s0, raftlog=Memoized:s0@group-B005AB42B387-SegmentedRaftLog:OPENED:c117, conf=0: peers:[s0|rpc:localhost:34237|admin:localhost:46111|client:localhost:41849|dataStream:localhost:35589|priority:0|startupRole:FOLLOWER]|listeners:[], old=null RUNNING retry cache entry of leader should be pending: 445@client-3C4CF6F3AB0E:pending
2023-09-01 02:13:34,748 [s0@group-B005AB42B387-StateMachineUpdater] INFO  impl.SimpleStateMachine4Testing (SimpleStateMachine4Testing.java:put(205)) - s0: put 119, m59 -> (t:1, i:119), STATEMACHINELOGENTRY, 446@client-3C4CF6F3AB0E
2023-09-01 02:13:34,748 [s0@group-B005AB42B387-StateMachineUpdater] WARN  server.RaftServer$Division (RaftServerImpl.java:replyPendingRequest(1769)) -    LEADER s0@group-B005AB42B387:t1, leader=s0, voted=s0, raftlog=Memoized:s0@group-B005AB42B387-SegmentedRaftLog:OPENED:c119, conf=0: peers:[s0|rpc:localhost:34237|admin:localhost:46111|client:localhost:41849|dataStream:localhost:35589|priority:0|startupRole:FOLLOWER]|listeners:[], old=null RUNNING retry cache entry of leader should be pending: 446@client-3C4CF6F3AB0E:pending
2023-09-01 02:13:34,750 [s0@group-B005AB42B387-StateMachineUpdater] INFO  impl.SimpleStateMachine4Testing (SimpleStateMachine4Testing.java:put(205)) - s0: put 121, m60 -> (t:1, i:121), STATEMACHINELOGENTRY, 447@client-3C4CF6F3AB0E
2023-09-01 02:13:34,750 [s0@group-B005AB42B387-StateMachineUpdater] WARN  server.RaftServer$Division (RaftServerImpl.java:replyPendingRequest(1769)) -    LEADER s0@group-B005AB42B387:t1, leader=s0, voted=s0, raftlog=Memoized:s0@group-B005AB42B387-SegmentedRaftLog:OPENED:c121, conf=0: peers:[s0|rpc:localhost:34237|admin:localhost:46111|client:localhost:41849|dataStream:localhost:35589|priority:0|startupRole:FOLLOWER]|listeners:[], old=null RUNNING retry cache entry of leader should be pending: 447@client-3C4CF6F3AB0E:pending
2023-09-01 02:13:34,751 [s0@group-B005AB42B387-StateMachineUpdater] INFO  impl.SimpleStateMachine4Testing (SimpleStateMachine4Testing.java:put(205)) - s0: put 123, m61 -> (t:1, i:123), STATEMACHINELOGENTRY, 448@client-3C4CF6F3AB0E
2023-09-01 02:13:34,751 [s0@group-B005AB42B387-StateMachineUpdater] WARN  server.RaftServer$Division (RaftServerImpl.java:replyPendingRequest(1769)) -    LEADER s0@group-B005AB42B387:t1, leader=s0, voted=s0, raftlog=Memoized:s0@group-B005AB42B387-SegmentedRaftLog:OPENED:c123, conf=0: peers:[s0|rpc:localhost:34237|admin:localhost:46111|client:localhost:41849|dataStream:localhost:35589|priority:0|startupRole:FOLLOWER]|listeners:[], old=null RUNNING retry cache entry of leader should be pending: 448@client-3C4CF6F3AB0E:pending
2023-09-01 02:13:34,753 [s0@group-B005AB42B387-StateMachineUpdater] INFO  impl.SimpleStateMachine4Testing (SimpleStateMachine4Testing.java:put(205)) - s0: put 125, m62 -> (t:1, i:125), STATEMACHINELOGENTRY, 449@client-3C4CF6F3AB0E
2023-09-01 02:13:34,753 [s0@group-B005AB42B387-StateMachineUpdater] WARN  server.RaftServer$Division (RaftServerImpl.java:replyPendingRequest(1769)) -    LEADER s0@group-B005AB42B387:t1, leader=s0, voted=s0, raftlog=Memoized:s0@group-B005AB42B387-SegmentedRaftLog:OPENED:c125, conf=0: peers:[s0|rpc:localhost:34237|admin:localhost:46111|client:localhost:41849|dataStream:localhost:35589|priority:0|startupRole:FOLLOWER]|listeners:[], old=null RUNNING retry cache entry of leader should be pending: 449@client-3C4CF6F3AB0E:pending
2023-09-01 02:13:34,755 [s0@group-B005AB42B387-StateMachineUpdater] INFO  impl.SimpleStateMachine4Testing (SimpleStateMachine4Testing.java:put(205)) - s0: put 127, m63 -> (t:1, i:127), STATEMACHINELOGENTRY, 450@client-3C4CF6F3AB0E
2023-09-01 02:13:34,755 [s0@group-B005AB42B387-StateMachineUpdater] WARN  server.RaftServer$Division (RaftServerImpl.java:replyPendingRequest(1769)) -    LEADER s0@group-B005AB42B387:t1, leader=s0, voted=s0, raftlog=Memoized:s0@group-B005AB42B387-SegmentedRaftLog:OPENED:c127, conf=0: peers:[s0|rpc:localhost:34237|admin:localhost:46111|client:localhost:41849|dataStream:localhost:35589|priority:0|startupRole:FOLLOWER]|listeners:[], old=null RUNNING retry cache entry of leader should be pending: 450@client-3C4CF6F3AB0E:pending
2023-09-01 02:13:34,755 [s0@group-B005AB42B387-StateMachineUpdater] TRACE util.FileUtils (FileUtils.java:deleteFully(201)) - deleteFully /tmp/ratis-tests/statemachine/s0/snapshot/1_127
2023-09-01 02:13:34,755 [s0@group-B005AB42B387-StateMachineUpdater] TRACE util.FileUtils (FileUtils.java:deleteFully(217)) - deleteFully: /tmp/ratis-tests/statemachine/s0/snapshot/1_127 does not exist.
2023-09-01 02:13:34,755 [s0@group-B005AB42B387-StateMachineUpdater] TRACE util.FileUtils (FileUtils.java:deleteFully(201)) - deleteFully /tmp/ratis-tests/statemachine/s0/tmp/e42b0c18-47ba-45b2-b590-4cdfee39b1b9
2023-09-01 02:13:34,755 [s0@group-B005AB42B387-StateMachineUpdater] TRACE util.FileUtils (FileUtils.java:deleteFully(217)) - deleteFully: /tmp/ratis-tests/statemachine/s0/tmp/e42b0c18-47ba-45b2-b590-4cdfee39b1b9 does not exist.
2023-09-01 02:13:34,755 [s0@group-B005AB42B387-StateMachineUpdater] TRACE util.FileUtils (LogUtils.java:runAndLog(49)) - Successfully ran Atomic Files.move /tmp/ratis-tests/statemachine/s0/tmp/e42b0c18-47ba-45b2-b590-4cdfee39b1b9 to /tmp/ratis-tests/statemachine/s0/snapshot/1_127
2023-09-01 02:13:34,755 [s0@group-B005AB42B387-StateMachineUpdater] INFO  impl.StateMachineUpdater (StateMachineUpdater.java:takeSnapshot(295)) - s0@group-B005AB42B387-StateMachineUpdater: Took a snapshot at index 127
2023-09-01 02:13:34,755 [s0@group-B005AB42B387-StateMachineUpdater] INFO  impl.StateMachineUpdater (StateMachineUpdater.java:lambda$new$0(98)) - s0@group-B005AB42B387-StateMachineUpdater: snapshotIndex: updateIncreasingly 63 -> 127
2023-09-01 02:13:34,756 [s0@group-B005AB42B387-StateMachineUpdater] INFO  raftlog.RaftLog (RaftLogBase.java:purge(315)) - s0@group-B005AB42B387-SegmentedRaftLog: purge 127
2023-09-01 02:13:34,756 [s0@group-B005AB42B387-StateMachineUpdater] INFO  raftlog.RaftLog (RaftLogBase.java:lambda$new$0(54)) - s0@group-B005AB42B387-SegmentedRaftLog: snapshotIndex: updateIncreasingly 63 -> 127
2023-09-01 02:13:34,756 [s0@group-B005AB42B387-StateMachineUpdater] INFO  raftlog.RaftLog (RaftLogBase.java:lambda$new$0(54)) - s0@group-B005AB42B387-SegmentedRaftLog: purgeIndex: updateToMax old=63, new=127, updated? true
2023-09-01 02:13:34,757 [s0@group-B005AB42B387-StateMachineUpdater] INFO  impl.SimpleStateMachine4Testing (SimpleStateMachine4Testing.java:put(205)) - s0: put 129, m64 -> (t:1, i:129), STATEMACHINELOGENTRY, 451@client-3C4CF6F3AB0E
2023-09-01 02:13:34,757 [s0@group-B005AB42B387-StateMachineUpdater] WARN  server.RaftServer$Division (RaftServerImpl.java:replyPendingRequest(1769)) -    LEADER s0@group-B005AB42B387:t1, leader=s0, voted=s0, raftlog=Memoized:s0@group-B005AB42B387-SegmentedRaftLog:OPENED:c129, conf=0: peers:[s0|rpc:localhost:34237|admin:localhost:46111|client:localhost:41849|dataStream:localhost:35589|priority:0|startupRole:FOLLOWER]|listeners:[], old=null RUNNING retry cache entry of leader should be pending: 451@client-3C4CF6F3AB0E:pending
2023-09-01 02:13:34,759 [s0@group-B005AB42B387-StateMachineUpdater] INFO  impl.SimpleStateMachine4Testing (SimpleStateMachine4Testing.java:put(205)) - s0: put 131, m65 -> (t:1, i:131), STATEMACHINELOGENTRY, 452@client-3C4CF6F3AB0E
2023-09-01 02:13:34,759 [s0@group-B005AB42B387-StateMachineUpdater] WARN  server.RaftServer$Division (RaftServerImpl.java:replyPendingRequest(1769)) -    LEADER s0@group-B005AB42B387:t1, leader=s0, voted=s0, raftlog=Memoized:s0@group-B005AB42B387-SegmentedRaftLog:OPENED:c131, conf=0: peers:[s0|rpc:localhost:34237|admin:localhost:46111|client:localhost:41849|dataStream:localhost:35589|priority:0|startupRole:FOLLOWER]|listeners:[], old=null RUNNING retry cache entry of leader should be pending: 452@client-3C4CF6F3AB0E:pending
2023-09-01 02:13:34,761 [s0@group-B005AB42B387-StateMachineUpdater] INFO  impl.SimpleStateMachine4Testing (SimpleStateMachine4Testing.java:put(205)) - s0: put 133, m66 -> (t:1, i:133), STATEMACHINELOGENTRY, 453@client-3C4CF6F3AB0E
2023-09-01 02:13:34,761 [s0@group-B005AB42B387-StateMachineUpdater] WARN  server.RaftServer$Division (RaftServerImpl.java:replyPendingRequest(1769)) -    LEADER s0@group-B005AB42B387:t1, leader=s0, voted=s0, raftlog=Memoized:s0@group-B005AB42B387-SegmentedRaftLog:OPENED:c133, conf=0: peers:[s0|rpc:localhost:34237|admin:localhost:46111|client:localhost:41849|dataStream:localhost:35589|priority:0|startupRole:FOLLOWER]|listeners:[], old=null RUNNING retry cache entry of leader should be pending: 453@client-3C4CF6F3AB0E:pending
2023-09-01 02:13:34,763 [s0@group-B005AB42B387-StateMachineUpdater] INFO  impl.SimpleStateMachine4Testing (SimpleStateMachine4Testing.java:put(205)) - s0: put 135, m67 -> (t:1, i:135), STATEMACHINELOGENTRY, 454@client-3C4CF6F3AB0E
2023-09-01 02:13:34,763 [s0@group-B005AB42B387-StateMachineUpdater] WARN  server.RaftServer$Division (RaftServerImpl.java:replyPendingRequest(1769)) -    LEADER s0@group-B005AB42B387:t1, leader=s0, voted=s0, raftlog=Memoized:s0@group-B005AB42B387-SegmentedRaftLog:OPENED:c135, conf=0: peers:[s0|rpc:localhost:34237|admin:localhost:46111|client:localhost:41849|dataStream:localhost:35589|priority:0|startupRole:FOLLOWER]|listeners:[], old=null RUNNING retry cache entry of leader should be pending: 454@client-3C4CF6F3AB0E:pending
2023-09-01 02:13:34,765 [s0@group-B005AB42B387-StateMachineUpdater] INFO  impl.SimpleStateMachine4Testing (SimpleStateMachine4Testing.java:put(205)) - s0: put 137, m68 -> (t:1, i:137), STATEMACHINELOGENTRY, 455@client-3C4CF6F3AB0E
2023-09-01 02:13:34,765 [s0@group-B005AB42B387-StateMachineUpdater] WARN  server.RaftServer$Division (RaftServerImpl.java:replyPendingRequest(1769)) -    LEADER s0@group-B005AB42B387:t1, leader=s0, voted=s0, raftlog=Memoized:s0@group-B005AB42B387-SegmentedRaftLog:OPENED:c137, conf=0: peers:[s0|rpc:localhost:34237|admin:localhost:46111|client:localhost:41849|dataStream:localhost:35589|priority:0|startupRole:FOLLOWER]|listeners:[], old=null RUNNING retry cache entry of leader should be pending: 455@client-3C4CF6F3AB0E:pending
2023-09-01 02:13:34,766 [s0@group-B005AB42B387-StateMachineUpdater] INFO  impl.SimpleStateMachine4Testing (SimpleStateMachine4Testing.java:put(205)) - s0: put 139, m69 -> (t:1, i:139), STATEMACHINELOGENTRY, 456@client-3C4CF6F3AB0E
2023-09-01 02:13:34,766 [s0@group-B005AB42B387-StateMachineUpdater] WARN  server.RaftServer$Division (RaftServerImpl.java:replyPendingRequest(1769)) -    LEADER s0@group-B005AB42B387:t1, leader=s0, voted=s0, raftlog=Memoized:s0@group-B005AB42B387-SegmentedRaftLog:OPENED:c139, conf=0: peers:[s0|rpc:localhost:34237|admin:localhost:46111|client:localhost:41849|dataStream:localhost:35589|priority:0|startupRole:FOLLOWER]|listeners:[], old=null RUNNING retry cache entry of leader should be pending: 456@client-3C4CF6F3AB0E:pending
2023-09-01 02:13:34,768 [s0@group-B005AB42B387-StateMachineUpdater] INFO  impl.SimpleStateMachine4Testing (SimpleStateMachine4Testing.java:put(205)) - s0: put 141, m70 -> (t:1, i:141), STATEMACHINELOGENTRY, 457@client-3C4CF6F3AB0E
2023-09-01 02:13:34,768 [s0@group-B005AB42B387-StateMachineUpdater] WARN  server.RaftServer$Division (RaftServerImpl.java:replyPendingRequest(1769)) -    LEADER s0@group-B005AB42B387:t1, leader=s0, voted=s0, raftlog=Memoized:s0@group-B005AB42B387-SegmentedRaftLog:OPENED:c141, conf=0: peers:[s0|rpc:localhost:34237|admin:localhost:46111|client:localhost:41849|dataStream:localhost:35589|priority:0|startupRole:FOLLOWER]|listeners:[], old=null RUNNING retry cache entry of leader should be pending: 457@client-3C4CF6F3AB0E:pending
2023-09-01 02:13:34,770 [s0@group-B005AB42B387-StateMachineUpdater] INFO  impl.SimpleStateMachine4Testing (SimpleStateMachine4Testing.java:put(205)) - s0: put 143, m71 -> (t:1, i:143), STATEMACHINELOGENTRY, 458@client-3C4CF6F3AB0E
2023-09-01 02:13:34,770 [s0@group-B005AB42B387-StateMachineUpdater] WARN  server.RaftServer$Division (RaftServerImpl.java:replyPendingRequest(1769)) -    LEADER s0@group-B005AB42B387:t1, leader=s0, voted=s0, raftlog=Memoized:s0@group-B005AB42B387-SegmentedRaftLog:OPENED:c143, conf=0: peers:[s0|rpc:localhost:34237|admin:localhost:46111|client:localhost:41849|dataStream:localhost:35589|priority:0|startupRole:FOLLOWER]|listeners:[], old=null RUNNING retry cache entry of leader should be pending: 458@client-3C4CF6F3AB0E:pending
2023-09-01 02:13:34,772 [s0@group-B005AB42B387-StateMachineUpdater] INFO  impl.SimpleStateMachine4Testing (SimpleStateMachine4Testing.java:put(205)) - s0: put 145, m72 -> (t:1, i:145), STATEMACHINELOGENTRY, 459@client-3C4CF6F3AB0E
2023-09-01 02:13:34,772 [s0@group-B005AB42B387-StateMachineUpdater] WARN  server.RaftServer$Division (RaftServerImpl.java:replyPendingRequest(1769)) -    LEADER s0@group-B005AB42B387:t1, leader=s0, voted=s0, raftlog=Memoized:s0@group-B005AB42B387-SegmentedRaftLog:OPENED:c145, conf=0: peers:[s0|rpc:localhost:34237|admin:localhost:46111|client:localhost:41849|dataStream:localhost:35589|priority:0|startupRole:FOLLOWER]|listeners:[], old=null RUNNING retry cache entry of leader should be pending: 459@client-3C4CF6F3AB0E:pending
2023-09-01 02:13:34,773 [s0@group-B005AB42B387-StateMachineUpdater] INFO  impl.SimpleStateMachine4Testing (SimpleStateMachine4Testing.java:put(205)) - s0: put 147, m73 -> (t:1, i:147), STATEMACHINELOGENTRY, 460@client-3C4CF6F3AB0E
2023-09-01 02:13:34,773 [s0@group-B005AB42B387-StateMachineUpdater] WARN  server.RaftServer$Division (RaftServerImpl.java:replyPendingRequest(1769)) -    LEADER s0@group-B005AB42B387:t1, leader=s0, voted=s0, raftlog=Memoized:s0@group-B005AB42B387-SegmentedRaftLog:OPENED:c147, conf=0: peers:[s0|rpc:localhost:34237|admin:localhost:46111|client:localhost:41849|dataStream:localhost:35589|priority:0|startupRole:FOLLOWER]|listeners:[], old=null RUNNING retry cache entry of leader should be pending: 460@client-3C4CF6F3AB0E:pending
2023-09-01 02:13:34,775 [s0@group-B005AB42B387-StateMachineUpdater] INFO  impl.SimpleStateMachine4Testing (SimpleStateMachine4Testing.java:put(205)) - s0: put 149, m74 -> (t:1, i:149), STATEMACHINELOGENTRY, 461@client-3C4CF6F3AB0E
2023-09-01 02:13:34,775 [s0@group-B005AB42B387-StateMachineUpdater] WARN  server.RaftServer$Division (RaftServerImpl.java:replyPendingRequest(1769)) -    LEADER s0@group-B005AB42B387:t1, leader=s0, voted=s0, raftlog=Memoized:s0@group-B005AB42B387-SegmentedRaftLog:OPENED:c149, conf=0: peers:[s0|rpc:localhost:34237|admin:localhost:46111|client:localhost:41849|dataStream:localhost:35589|priority:0|startupRole:FOLLOWER]|listeners:[], old=null RUNNING retry cache entry of leader should be pending: 461@client-3C4CF6F3AB0E:pending
2023-09-01 02:13:34,777 [s0@group-B005AB42B387-StateMachineUpdater] INFO  impl.SimpleStateMachine4Testing (SimpleStateMachine4Testing.java:put(205)) - s0: put 151, m75 -> (t:1, i:151), STATEMACHINELOGENTRY, 462@client-3C4CF6F3AB0E
2023-09-01 02:13:34,777 [s0@group-B005AB42B387-StateMachineUpdater] WARN  server.RaftServer$Division (RaftServerImpl.java:replyPendingRequest(1769)) -    LEADER s0@group-B005AB42B387:t1, leader=s0, voted=s0, raftlog=Memoized:s0@group-B005AB42B387-SegmentedRaftLog:OPENED:c151, conf=0: peers:[s0|rpc:localhost:34237|admin:localhost:46111|client:localhost:41849|dataStream:localhost:35589|priority:0|startupRole:FOLLOWER]|listeners:[], old=null RUNNING retry cache entry of leader should be pending: 462@client-3C4CF6F3AB0E:pending
2023-09-01 02:13:34,779 [s0@group-B005AB42B387-StateMachineUpdater] INFO  impl.SimpleStateMachine4Testing (SimpleStateMachine4Testing.java:put(205)) - s0: put 153, m76 -> (t:1, i:153), STATEMACHINELOGENTRY, 463@client-3C4CF6F3AB0E
2023-09-01 02:13:34,779 [s0@group-B005AB42B387-StateMachineUpdater] WARN  server.RaftServer$Division (RaftServerImpl.java:replyPendingRequest(1769)) -    LEADER s0@group-B005AB42B387:t1, leader=s0, voted=s0, raftlog=Memoized:s0@group-B005AB42B387-SegmentedRaftLog:OPENED:c153, conf=0: peers:[s0|rpc:localhost:34237|admin:localhost:46111|client:localhost:41849|dataStream:localhost:35589|priority:0|startupRole:FOLLOWER]|listeners:[], old=null RUNNING retry cache entry of leader should be pending: 463@client-3C4CF6F3AB0E:pending
2023-09-01 02:13:34,780 [s0@group-B005AB42B387-StateMachineUpdater] INFO  impl.SimpleStateMachine4Testing (SimpleStateMachine4Testing.java:put(205)) - s0: put 155, m77 -> (t:1, i:155), STATEMACHINELOGENTRY, 464@client-3C4CF6F3AB0E
2023-09-01 02:13:34,780 [s0@group-B005AB42B387-StateMachineUpdater] WARN  server.RaftServer$Division (RaftServerImpl.java:replyPendingRequest(1769)) -    LEADER s0@group-B005AB42B387:t1, leader=s0, voted=s0, raftlog=Memoized:s0@group-B005AB42B387-SegmentedRaftLog:OPENED:c155, conf=0: peers:[s0|rpc:localhost:34237|admin:localhost:46111|client:localhost:41849|dataStream:localhost:35589|priority:0|startupRole:FOLLOWER]|listeners:[], old=null RUNNING retry cache entry of leader should be pending: 464@client-3C4CF6F3AB0E:pending
2023-09-01 02:13:34,782 [s0@group-B005AB42B387-StateMachineUpdater] INFO  impl.SimpleStateMachine4Testing (SimpleStateMachine4Testing.java:put(205)) - s0: put 157, m78 -> (t:1, i:157), STATEMACHINELOGENTRY, 465@client-3C4CF6F3AB0E
2023-09-01 02:13:34,782 [s0@group-B005AB42B387-StateMachineUpdater] WARN  server.RaftServer$Division (RaftServerImpl.java:replyPendingRequest(1769)) -    LEADER s0@group-B005AB42B387:t1, leader=s0, voted=s0, raftlog=Memoized:s0@group-B005AB42B387-SegmentedRaftLog:OPENED:c157, conf=0: peers:[s0|rpc:localhost:34237|admin:localhost:46111|client:localhost:41849|dataStream:localhost:35589|priority:0|startupRole:FOLLOWER]|listeners:[], old=null RUNNING retry cache entry of leader should be pending: 465@client-3C4CF6F3AB0E:pending
2023-09-01 02:13:34,784 [s0@group-B005AB42B387-StateMachineUpdater] INFO  impl.SimpleStateMachine4Testing (SimpleStateMachine4Testing.java:put(205)) - s0: put 159, m79 -> (t:1, i:159), STATEMACHINELOGENTRY, 466@client-3C4CF6F3AB0E
2023-09-01 02:13:34,784 [s0@group-B005AB42B387-StateMachineUpdater] WARN  server.RaftServer$Division (RaftServerImpl.java:replyPendingRequest(1769)) -    LEADER s0@group-B005AB42B387:t1, leader=s0, voted=s0, raftlog=Memoized:s0@group-B005AB42B387-SegmentedRaftLog:OPENED:c159, conf=0: peers:[s0|rpc:localhost:34237|admin:localhost:46111|client:localhost:41849|dataStream:localhost:35589|priority:0|startupRole:FOLLOWER]|listeners:[], old=null RUNNING retry cache entry of leader should be pending: 466@client-3C4CF6F3AB0E:pending
2023-09-01 02:13:34,786 [s0@group-B005AB42B387-StateMachineUpdater] INFO  impl.SimpleStateMachine4Testing (SimpleStateMachine4Testing.java:put(205)) - s0: put 161, m80 -> (t:1, i:161), STATEMACHINELOGENTRY, 467@client-3C4CF6F3AB0E
2023-09-01 02:13:34,786 [s0@group-B005AB42B387-StateMachineUpdater] WARN  server.RaftServer$Division (RaftServerImpl.java:replyPendingRequest(1769)) -    LEADER s0@group-B005AB42B387:t1, leader=s0, voted=s0, raftlog=Memoized:s0@group-B005AB42B387-SegmentedRaftLog:OPENED:c161, conf=0: peers:[s0|rpc:localhost:34237|admin:localhost:46111|client:localhost:41849|dataStream:localhost:35589|priority:0|startupRole:FOLLOWER]|listeners:[], old=null RUNNING retry cache entry of leader should be pending: 467@client-3C4CF6F3AB0E:pending
2023-09-01 02:13:34,787 [s0@group-B005AB42B387-StateMachineUpdater] INFO  impl.SimpleStateMachine4Testing (SimpleStateMachine4Testing.java:put(205)) - s0: put 163, m81 -> (t:1, i:163), STATEMACHINELOGENTRY, 468@client-3C4CF6F3AB0E
2023-09-01 02:13:34,787 [s0@group-B005AB42B387-StateMachineUpdater] WARN  server.RaftServer$Division (RaftServerImpl.java:replyPendingRequest(1769)) -    LEADER s0@group-B005AB42B387:t1, leader=s0, voted=s0, raftlog=Memoized:s0@group-B005AB42B387-SegmentedRaftLog:OPENED:c163, conf=0: peers:[s0|rpc:localhost:34237|admin:localhost:46111|client:localhost:41849|dataStream:localhost:35589|priority:0|startupRole:FOLLOWER]|listeners:[], old=null RUNNING retry cache entry of leader should be pending: 468@client-3C4CF6F3AB0E:pending
2023-09-01 02:13:34,789 [s0@group-B005AB42B387-StateMachineUpdater] INFO  impl.SimpleStateMachine4Testing (SimpleStateMachine4Testing.java:put(205)) - s0: put 165, m82 -> (t:1, i:165), STATEMACHINELOGENTRY, 469@client-3C4CF6F3AB0E
2023-09-01 02:13:34,789 [s0@group-B005AB42B387-StateMachineUpdater] WARN  server.RaftServer$Division (RaftServerImpl.java:replyPendingRequest(1769)) -    LEADER s0@group-B005AB42B387:t1, leader=s0, voted=s0, raftlog=Memoized:s0@group-B005AB42B387-SegmentedRaftLog:OPENED:c165, conf=0: peers:[s0|rpc:localhost:34237|admin:localhost:46111|client:localhost:41849|dataStream:localhost:35589|priority:0|startupRole:FOLLOWER]|listeners:[], old=null RUNNING retry cache entry of leader should be pending: 469@client-3C4CF6F3AB0E:pending
2023-09-01 02:13:34,791 [s0@group-B005AB42B387-StateMachineUpdater] INFO  impl.SimpleStateMachine4Testing (SimpleStateMachine4Testing.java:put(205)) - s0: put 167, m83 -> (t:1, i:167), STATEMACHINELOGENTRY, 470@client-3C4CF6F3AB0E
2023-09-01 02:13:34,791 [s0@group-B005AB42B387-StateMachineUpdater] WARN  server.RaftServer$Division (RaftServerImpl.java:replyPendingRequest(1769)) -    LEADER s0@group-B005AB42B387:t1, leader=s0, voted=s0, raftlog=Memoized:s0@group-B005AB42B387-SegmentedRaftLog:OPENED:c167, conf=0: peers:[s0|rpc:localhost:34237|admin:localhost:46111|client:localhost:41849|dataStream:localhost:35589|priority:0|startupRole:FOLLOWER]|listeners:[], old=null RUNNING retry cache entry of leader should be pending: 470@client-3C4CF6F3AB0E:pending
2023-09-01 02:13:34,792 [s0@group-B005AB42B387-StateMachineUpdater] INFO  impl.SimpleStateMachine4Testing (SimpleStateMachine4Testing.java:put(205)) - s0: put 169, m84 -> (t:1, i:169), STATEMACHINELOGENTRY, 471@client-3C4CF6F3AB0E
2023-09-01 02:13:34,793 [s0@group-B005AB42B387-StateMachineUpdater] WARN  server.RaftServer$Division (RaftServerImpl.java:replyPendingRequest(1769)) -    LEADER s0@group-B005AB42B387:t1, leader=s0, voted=s0, raftlog=Memoized:s0@group-B005AB42B387-SegmentedRaftLog:OPENED:c169, conf=0: peers:[s0|rpc:localhost:34237|admin:localhost:46111|client:localhost:41849|dataStream:localhost:35589|priority:0|startupRole:FOLLOWER]|listeners:[], old=null RUNNING retry cache entry of leader should be pending: 471@client-3C4CF6F3AB0E:pending
2023-09-01 02:13:34,794 [s0@group-B005AB42B387-StateMachineUpdater] INFO  impl.SimpleStateMachine4Testing (SimpleStateMachine4Testing.java:put(205)) - s0: put 171, m85 -> (t:1, i:171), STATEMACHINELOGENTRY, 472@client-3C4CF6F3AB0E
2023-09-01 02:13:34,794 [s0@group-B005AB42B387-StateMachineUpdater] WARN  server.RaftServer$Division (RaftServerImpl.java:replyPendingRequest(1769)) -    LEADER s0@group-B005AB42B387:t1, leader=s0, voted=s0, raftlog=Memoized:s0@group-B005AB42B387-SegmentedRaftLog:OPENED:c171, conf=0: peers:[s0|rpc:localhost:34237|admin:localhost:46111|client:localhost:41849|dataStream:localhost:35589|priority:0|startupRole:FOLLOWER]|listeners:[], old=null RUNNING retry cache entry of leader should be pending: 472@client-3C4CF6F3AB0E:pending
2023-09-01 02:13:34,796 [s0@group-B005AB42B387-StateMachineUpdater] INFO  impl.SimpleStateMachine4Testing (SimpleStateMachine4Testing.java:put(205)) - s0: put 173, m86 -> (t:1, i:173), STATEMACHINELOGENTRY, 473@client-3C4CF6F3AB0E
2023-09-01 02:13:34,796 [s0@group-B005AB42B387-StateMachineUpdater] WARN  server.RaftServer$Division (RaftServerImpl.java:replyPendingRequest(1769)) -    LEADER s0@group-B005AB42B387:t1, leader=s0, voted=s0, raftlog=Memoized:s0@group-B005AB42B387-SegmentedRaftLog:OPENED:c173, conf=0: peers:[s0|rpc:localhost:34237|admin:localhost:46111|client:localhost:41849|dataStream:localhost:35589|priority:0|startupRole:FOLLOWER]|listeners:[], old=null RUNNING retry cache entry of leader should be pending: 473@client-3C4CF6F3AB0E:pending
2023-09-01 02:13:34,801 [s0@group-B005AB42B387-StateMachineUpdater] INFO  impl.SimpleStateMachine4Testing (SimpleStateMachine4Testing.java:put(205)) - s0: put 175, m87 -> (t:1, i:175), STATEMACHINELOGENTRY, 474@client-3C4CF6F3AB0E
2023-09-01 02:13:34,802 [s0@group-B005AB42B387-StateMachineUpdater] WARN  server.RaftServer$Division (RaftServerImpl.java:replyPendingRequest(1769)) -    LEADER s0@group-B005AB42B387:t1, leader=s0, voted=s0, raftlog=Memoized:s0@group-B005AB42B387-SegmentedRaftLog:OPENED:c175, conf=0: peers:[s0|rpc:localhost:34237|admin:localhost:46111|client:localhost:41849|dataStream:localhost:35589|priority:0|startupRole:FOLLOWER]|listeners:[], old=null RUNNING retry cache entry of leader should be pending: 474@client-3C4CF6F3AB0E:pending
2023-09-01 02:13:34,803 [s0@group-B005AB42B387-StateMachineUpdater] INFO  impl.SimpleStateMachine4Testing (SimpleStateMachine4Testing.java:put(205)) - s0: put 177, m88 -> (t:1, i:177), STATEMACHINELOGENTRY, 475@client-3C4CF6F3AB0E
2023-09-01 02:13:34,803 [s0@group-B005AB42B387-StateMachineUpdater] WARN  server.RaftServer$Division (RaftServerImpl.java:replyPendingRequest(1769)) -    LEADER s0@group-B005AB42B387:t1, leader=s0, voted=s0, raftlog=Memoized:s0@group-B005AB42B387-SegmentedRaftLog:OPENED:c177, conf=0: peers:[s0|rpc:localhost:34237|admin:localhost:46111|client:localhost:41849|dataStream:localhost:35589|priority:0|startupRole:FOLLOWER]|listeners:[], old=null RUNNING retry cache entry of leader should be pending: 475@client-3C4CF6F3AB0E:pending
2023-09-01 02:13:34,805 [s0@group-B005AB42B387-StateMachineUpdater] INFO  impl.SimpleStateMachine4Testing (SimpleStateMachine4Testing.java:put(205)) - s0: put 179, m89 -> (t:1, i:179), STATEMACHINELOGENTRY, 476@client-3C4CF6F3AB0E
2023-09-01 02:13:34,805 [s0@group-B005AB42B387-StateMachineUpdater] WARN  server.RaftServer$Division (RaftServerImpl.java:replyPendingRequest(1769)) -    LEADER s0@group-B005AB42B387:t1, leader=s0, voted=s0, raftlog=Memoized:s0@group-B005AB42B387-SegmentedRaftLog:OPENED:c179, conf=0: peers:[s0|rpc:localhost:34237|admin:localhost:46111|client:localhost:41849|dataStream:localhost:35589|priority:0|startupRole:FOLLOWER]|listeners:[], old=null RUNNING retry cache entry of leader should be pending: 476@client-3C4CF6F3AB0E:pending
2023-09-01 02:13:34,807 [s0@group-B005AB42B387-StateMachineUpdater] INFO  impl.SimpleStateMachine4Testing (SimpleStateMachine4Testing.java:put(205)) - s0: put 181, m90 -> (t:1, i:181), STATEMACHINELOGENTRY, 477@client-3C4CF6F3AB0E
2023-09-01 02:13:34,807 [s0@group-B005AB42B387-StateMachineUpdater] WARN  server.RaftServer$Division (RaftServerImpl.java:replyPendingRequest(1769)) -    LEADER s0@group-B005AB42B387:t1, leader=s0, voted=s0, raftlog=Memoized:s0@group-B005AB42B387-SegmentedRaftLog:OPENED:c181, conf=0: peers:[s0|rpc:localhost:34237|admin:localhost:46111|client:localhost:41849|dataStream:localhost:35589|priority:0|startupRole:FOLLOWER]|listeners:[], old=null RUNNING retry cache entry of leader should be pending: 477@client-3C4CF6F3AB0E:pending
2023-09-01 02:13:34,808 [s0@group-B005AB42B387-StateMachineUpdater] INFO  impl.SimpleStateMachine4Testing (SimpleStateMachine4Testing.java:put(205)) - s0: put 183, m91 -> (t:1, i:183), STATEMACHINELOGENTRY, 478@client-3C4CF6F3AB0E
2023-09-01 02:13:34,808 [s0@group-B005AB42B387-StateMachineUpdater] WARN  server.RaftServer$Division (RaftServerImpl.java:replyPendingRequest(1769)) -    LEADER s0@group-B005AB42B387:t1, leader=s0, voted=s0, raftlog=Memoized:s0@group-B005AB42B387-SegmentedRaftLog:OPENED:c183, conf=0: peers:[s0|rpc:localhost:34237|admin:localhost:46111|client:localhost:41849|dataStream:localhost:35589|priority:0|startupRole:FOLLOWER]|listeners:[], old=null RUNNING retry cache entry of leader should be pending: 478@client-3C4CF6F3AB0E:pending
2023-09-01 02:13:34,810 [s0@group-B005AB42B387-StateMachineUpdater] INFO  impl.SimpleStateMachine4Testing (SimpleStateMachine4Testing.java:put(205)) - s0: put 185, m92 -> (t:1, i:185), STATEMACHINELOGENTRY, 479@client-3C4CF6F3AB0E
2023-09-01 02:13:34,810 [s0@group-B005AB42B387-StateMachineUpdater] WARN  server.RaftServer$Division (RaftServerImpl.java:replyPendingRequest(1769)) -    LEADER s0@group-B005AB42B387:t1, leader=s0, voted=s0, raftlog=Memoized:s0@group-B005AB42B387-SegmentedRaftLog:OPENED:c185, conf=0: peers:[s0|rpc:localhost:34237|admin:localhost:46111|client:localhost:41849|dataStream:localhost:35589|priority:0|startupRole:FOLLOWER]|listeners:[], old=null RUNNING retry cache entry of leader should be pending: 479@client-3C4CF6F3AB0E:pending
2023-09-01 02:13:34,812 [s0@group-B005AB42B387-StateMachineUpdater] INFO  impl.SimpleStateMachine4Testing (SimpleStateMachine4Testing.java:put(205)) - s0: put 187, m93 -> (t:1, i:187), STATEMACHINELOGENTRY, 480@client-3C4CF6F3AB0E
2023-09-01 02:13:34,812 [s0@group-B005AB42B387-StateMachineUpdater] WARN  server.RaftServer$Division (RaftServerImpl.java:replyPendingRequest(1769)) -    LEADER s0@group-B005AB42B387:t1, leader=s0, voted=s0, raftlog=Memoized:s0@group-B005AB42B387-SegmentedRaftLog:OPENED:c187, conf=0: peers:[s0|rpc:localhost:34237|admin:localhost:46111|client:localhost:41849|dataStream:localhost:35589|priority:0|startupRole:FOLLOWER]|listeners:[], old=null RUNNING retry cache entry of leader should be pending: 480@client-3C4CF6F3AB0E:pending
2023-09-01 02:13:34,814 [s0@group-B005AB42B387-StateMachineUpdater] INFO  impl.SimpleStateMachine4Testing (SimpleStateMachine4Testing.java:put(205)) - s0: put 189, m94 -> (t:1, i:189), STATEMACHINELOGENTRY, 481@client-3C4CF6F3AB0E
2023-09-01 02:13:34,814 [s0@group-B005AB42B387-StateMachineUpdater] WARN  server.RaftServer$Division (RaftServerImpl.java:replyPendingRequest(1769)) -    LEADER s0@group-B005AB42B387:t1, leader=s0, voted=s0, raftlog=Memoized:s0@group-B005AB42B387-SegmentedRaftLog:OPENED:c189, conf=0: peers:[s0|rpc:localhost:34237|admin:localhost:46111|client:localhost:41849|dataStream:localhost:35589|priority:0|startupRole:FOLLOWER]|listeners:[], old=null RUNNING retry cache entry of leader should be pending: 481@client-3C4CF6F3AB0E:pending
2023-09-01 02:13:34,815 [s0@group-B005AB42B387-StateMachineUpdater] INFO  impl.SimpleStateMachine4Testing (SimpleStateMachine4Testing.java:put(205)) - s0: put 191, m95 -> (t:1, i:191), STATEMACHINELOGENTRY, 482@client-3C4CF6F3AB0E
2023-09-01 02:13:34,816 [s0@group-B005AB42B387-StateMachineUpdater] WARN  server.RaftServer$Division (RaftServerImpl.java:replyPendingRequest(1769)) -    LEADER s0@group-B005AB42B387:t1, leader=s0, voted=s0, raftlog=Memoized:s0@group-B005AB42B387-SegmentedRaftLog:OPENED:c191, conf=0: peers:[s0|rpc:localhost:34237|admin:localhost:46111|client:localhost:41849|dataStream:localhost:35589|priority:0|startupRole:FOLLOWER]|listeners:[], old=null RUNNING retry cache entry of leader should be pending: 482@client-3C4CF6F3AB0E:pending
2023-09-01 02:13:34,816 [s0@group-B005AB42B387-StateMachineUpdater] TRACE util.FileUtils (FileUtils.java:deleteFully(201)) - deleteFully /tmp/ratis-tests/statemachine/s0/snapshot/1_191
2023-09-01 02:13:34,816 [s0@group-B005AB42B387-StateMachineUpdater] TRACE util.FileUtils (FileUtils.java:deleteFully(217)) - deleteFully: /tmp/ratis-tests/statemachine/s0/snapshot/1_191 does not exist.
2023-09-01 02:13:34,816 [s0@group-B005AB42B387-StateMachineUpdater] TRACE util.FileUtils (FileUtils.java:deleteFully(201)) - deleteFully /tmp/ratis-tests/statemachine/s0/tmp/7524876b-b2b8-47fa-a59f-46d05539d6ff
2023-09-01 02:13:34,816 [s0@group-B005AB42B387-StateMachineUpdater] TRACE util.FileUtils (FileUtils.java:deleteFully(217)) - deleteFully: /tmp/ratis-tests/statemachine/s0/tmp/7524876b-b2b8-47fa-a59f-46d05539d6ff does not exist.
2023-09-01 02:13:34,816 [s0@group-B005AB42B387-StateMachineUpdater] TRACE util.FileUtils (LogUtils.java:runAndLog(49)) - Successfully ran Atomic Files.move /tmp/ratis-tests/statemachine/s0/tmp/7524876b-b2b8-47fa-a59f-46d05539d6ff to /tmp/ratis-tests/statemachine/s0/snapshot/1_191
2023-09-01 02:13:34,816 [s0@group-B005AB42B387-StateMachineUpdater] INFO  impl.StateMachineUpdater (StateMachineUpdater.java:takeSnapshot(295)) - s0@group-B005AB42B387-StateMachineUpdater: Took a snapshot at index 191
2023-09-01 02:13:34,816 [s0@group-B005AB42B387-StateMachineUpdater] INFO  impl.StateMachineUpdater (StateMachineUpdater.java:lambda$new$0(98)) - s0@group-B005AB42B387-StateMachineUpdater: snapshotIndex: updateIncreasingly 127 -> 191
2023-09-01 02:13:34,816 [s0@group-B005AB42B387-StateMachineUpdater] INFO  raftlog.RaftLog (RaftLogBase.java:purge(315)) - s0@group-B005AB42B387-SegmentedRaftLog: purge 191
2023-09-01 02:13:34,816 [s0@group-B005AB42B387-StateMachineUpdater] INFO  raftlog.RaftLog (RaftLogBase.java:lambda$new$0(54)) - s0@group-B005AB42B387-SegmentedRaftLog: snapshotIndex: updateIncreasingly 127 -> 191
2023-09-01 02:13:34,816 [s0@group-B005AB42B387-StateMachineUpdater] INFO  raftlog.RaftLog (RaftLogBase.java:lambda$new$0(54)) - s0@group-B005AB42B387-SegmentedRaftLog: purgeIndex: updateToMax old=127, new=191, updated? true
2023-09-01 02:13:34,818 [s0@group-B005AB42B387-StateMachineUpdater] INFO  impl.SimpleStateMachine4Testing (SimpleStateMachine4Testing.java:put(205)) - s0: put 193, m96 -> (t:1, i:193), STATEMACHINELOGENTRY, 483@client-3C4CF6F3AB0E
2023-09-01 02:13:34,818 [s0@group-B005AB42B387-StateMachineUpdater] WARN  server.RaftServer$Division (RaftServerImpl.java:replyPendingRequest(1769)) -    LEADER s0@group-B005AB42B387:t1, leader=s0, voted=s0, raftlog=Memoized:s0@group-B005AB42B387-SegmentedRaftLog:OPENED:c193, conf=0: peers:[s0|rpc:localhost:34237|admin:localhost:46111|client:localhost:41849|dataStream:localhost:35589|priority:0|startupRole:FOLLOWER]|listeners:[], old=null RUNNING retry cache entry of leader should be pending: 483@client-3C4CF6F3AB0E:pending
2023-09-01 02:13:34,820 [s0@group-B005AB42B387-StateMachineUpdater] INFO  impl.SimpleStateMachine4Testing (SimpleStateMachine4Testing.java:put(205)) - s0: put 195, m97 -> (t:1, i:195), STATEMACHINELOGENTRY, 484@client-3C4CF6F3AB0E
2023-09-01 02:13:34,820 [s0@group-B005AB42B387-StateMachineUpdater] WARN  server.RaftServer$Division (RaftServerImpl.java:replyPendingRequest(1769)) -    LEADER s0@group-B005AB42B387:t1, leader=s0, voted=s0, raftlog=Memoized:s0@group-B005AB42B387-SegmentedRaftLog:OPENED:c195, conf=0: peers:[s0|rpc:localhost:34237|admin:localhost:46111|client:localhost:41849|dataStream:localhost:35589|priority:0|startupRole:FOLLOWER]|listeners:[], old=null RUNNING retry cache entry of leader should be pending: 484@client-3C4CF6F3AB0E:pending
2023-09-01 02:13:34,821 [s0@group-B005AB42B387-StateMachineUpdater] INFO  impl.SimpleStateMachine4Testing (SimpleStateMachine4Testing.java:put(205)) - s0: put 197, m98 -> (t:1, i:197), STATEMACHINELOGENTRY, 485@client-3C4CF6F3AB0E
2023-09-01 02:13:34,822 [s0@group-B005AB42B387-StateMachineUpdater] WARN  server.RaftServer$Division (RaftServerImpl.java:replyPendingRequest(1769)) -    LEADER s0@group-B005AB42B387:t1, leader=s0, voted=s0, raftlog=Memoized:s0@group-B005AB42B387-SegmentedRaftLog:OPENED:c197, conf=0: peers:[s0|rpc:localhost:34237|admin:localhost:46111|client:localhost:41849|dataStream:localhost:35589|priority:0|startupRole:FOLLOWER]|listeners:[], old=null RUNNING retry cache entry of leader should be pending: 485@client-3C4CF6F3AB0E:pending
2023-09-01 02:13:34,823 [s0@group-B005AB42B387-StateMachineUpdater] INFO  impl.SimpleStateMachine4Testing (SimpleStateMachine4Testing.java:put(205)) - s0: put 199, m99 -> (t:1, i:199), STATEMACHINELOGENTRY, 486@client-3C4CF6F3AB0E
2023-09-01 02:13:34,823 [s0@group-B005AB42B387-StateMachineUpdater] WARN  server.RaftServer$Division (RaftServerImpl.java:replyPendingRequest(1769)) -    LEADER s0@group-B005AB42B387:t1, leader=s0, voted=s0, raftlog=Memoized:s0@group-B005AB42B387-SegmentedRaftLog:OPENED:c199, conf=0: peers:[s0|rpc:localhost:34237|admin:localhost:46111|client:localhost:41849|dataStream:localhost:35589|priority:0|startupRole:FOLLOWER]|listeners:[], old=null RUNNING retry cache entry of leader should be pending: 486@client-3C4CF6F3AB0E:pending
2023-09-01 02:13:34,825 [s0@group-B005AB42B387-StateMachineUpdater] INFO  impl.SimpleStateMachine4Testing (SimpleStateMachine4Testing.java:put(205)) - s0: put 201, m100 -> (t:1, i:201), STATEMACHINELOGENTRY, 487@client-3C4CF6F3AB0E
2023-09-01 02:13:34,825 [s0@group-B005AB42B387-StateMachineUpdater] WARN  server.RaftServer$Division (RaftServerImpl.java:replyPendingRequest(1769)) -    LEADER s0@group-B005AB42B387:t1, leader=s0, voted=s0, raftlog=Memoized:s0@group-B005AB42B387-SegmentedRaftLog:OPENED:c201, conf=0: peers:[s0|rpc:localhost:34237|admin:localhost:46111|client:localhost:41849|dataStream:localhost:35589|priority:0|startupRole:FOLLOWER]|listeners:[], old=null RUNNING retry cache entry of leader should be pending: 487@client-3C4CF6F3AB0E:pending
2023-09-01 02:13:34,827 [s0@group-B005AB42B387-StateMachineUpdater] INFO  impl.SimpleStateMachine4Testing (SimpleStateMachine4Testing.java:put(205)) - s0: put 203, m101 -> (t:1, i:203), STATEMACHINELOGENTRY, 488@client-3C4CF6F3AB0E
2023-09-01 02:13:34,827 [s0@group-B005AB42B387-StateMachineUpdater] WARN  server.RaftServer$Division (RaftServerImpl.java:replyPendingRequest(1769)) -    LEADER s0@group-B005AB42B387:t1, leader=s0, voted=s0, raftlog=Memoized:s0@group-B005AB42B387-SegmentedRaftLog:OPENED:c203, conf=0: peers:[s0|rpc:localhost:34237|admin:localhost:46111|client:localhost:41849|dataStream:localhost:35589|priority:0|startupRole:FOLLOWER]|listeners:[], old=null RUNNING retry cache entry of leader should be pending: 488@client-3C4CF6F3AB0E:pending
2023-09-01 02:13:34,828 [s0@group-B005AB42B387-StateMachineUpdater] INFO  impl.SimpleStateMachine4Testing (SimpleStateMachine4Testing.java:put(205)) - s0: put 205, m102 -> (t:1, i:205), STATEMACHINELOGENTRY, 489@client-3C4CF6F3AB0E
2023-09-01 02:13:34,828 [s0@group-B005AB42B387-StateMachineUpdater] WARN  server.RaftServer$Division (RaftServerImpl.java:replyPendingRequest(1769)) -    LEADER s0@group-B005AB42B387:t1, leader=s0, voted=s0, raftlog=Memoized:s0@group-B005AB42B387-SegmentedRaftLog:OPENED:c205, conf=0: peers:[s0|rpc:localhost:34237|admin:localhost:46111|client:localhost:41849|dataStream:localhost:35589|priority:0|startupRole:FOLLOWER]|listeners:[], old=null RUNNING retry cache entry of leader should be pending: 489@client-3C4CF6F3AB0E:pending
2023-09-01 02:13:34,830 [s0@group-B005AB42B387-StateMachineUpdater] INFO  impl.SimpleStateMachine4Testing (SimpleStateMachine4Testing.java:put(205)) - s0: put 207, m103 -> (t:1, i:207), STATEMACHINELOGENTRY, 490@client-3C4CF6F3AB0E
2023-09-01 02:13:34,830 [s0@group-B005AB42B387-StateMachineUpdater] WARN  server.RaftServer$Division (RaftServerImpl.java:replyPendingRequest(1769)) -    LEADER s0@group-B005AB42B387:t1, leader=s0, voted=s0, raftlog=Memoized:s0@group-B005AB42B387-SegmentedRaftLog:OPENED:c207, conf=0: peers:[s0|rpc:localhost:34237|admin:localhost:46111|client:localhost:41849|dataStream:localhost:35589|priority:0|startupRole:FOLLOWER]|listeners:[], old=null RUNNING retry cache entry of leader should be pending: 490@client-3C4CF6F3AB0E:pending
2023-09-01 02:13:34,832 [s0@group-B005AB42B387-StateMachineUpdater] INFO  impl.SimpleStateMachine4Testing (SimpleStateMachine4Testing.java:put(205)) - s0: put 209, m104 -> (t:1, i:209), STATEMACHINELOGENTRY, 491@client-3C4CF6F3AB0E
2023-09-01 02:13:34,832 [s0@group-B005AB42B387-StateMachineUpdater] WARN  server.RaftServer$Division (RaftServerImpl.java:replyPendingRequest(1769)) -    LEADER s0@group-B005AB42B387:t1, leader=s0, voted=s0, raftlog=Memoized:s0@group-B005AB42B387-SegmentedRaftLog:OPENED:c209, conf=0: peers:[s0|rpc:localhost:34237|admin:localhost:46111|client:localhost:41849|dataStream:localhost:35589|priority:0|startupRole:FOLLOWER]|listeners:[], old=null RUNNING retry cache entry of leader should be pending: 491@client-3C4CF6F3AB0E:pending
2023-09-01 02:13:34,833 [s0@group-B005AB42B387-StateMachineUpdater] INFO  impl.SimpleStateMachine4Testing (SimpleStateMachine4Testing.java:put(205)) - s0: put 211, m105 -> (t:1, i:211), STATEMACHINELOGENTRY, 492@client-3C4CF6F3AB0E
2023-09-01 02:13:34,833 [s0@group-B005AB42B387-StateMachineUpdater] WARN  server.RaftServer$Division (RaftServerImpl.java:replyPendingRequest(1769)) -    LEADER s0@group-B005AB42B387:t1, leader=s0, voted=s0, raftlog=Memoized:s0@group-B005AB42B387-SegmentedRaftLog:OPENED:c211, conf=0: peers:[s0|rpc:localhost:34237|admin:localhost:46111|client:localhost:41849|dataStream:localhost:35589|priority:0|startupRole:FOLLOWER]|listeners:[], old=null RUNNING retry cache entry of leader should be pending: 492@client-3C4CF6F3AB0E:pending
2023-09-01 02:13:34,835 [s0@group-B005AB42B387-StateMachineUpdater] INFO  impl.SimpleStateMachine4Testing (SimpleStateMachine4Testing.java:put(205)) - s0: put 213, m106 -> (t:1, i:213), STATEMACHINELOGENTRY, 493@client-3C4CF6F3AB0E
2023-09-01 02:13:34,835 [s0@group-B005AB42B387-StateMachineUpdater] WARN  server.RaftServer$Division (RaftServerImpl.java:replyPendingRequest(1769)) -    LEADER s0@group-B005AB42B387:t1, leader=s0, voted=s0, raftlog=Memoized:s0@group-B005AB42B387-SegmentedRaftLog:OPENED:c213, conf=0: peers:[s0|rpc:localhost:34237|admin:localhost:46111|client:localhost:41849|dataStream:localhost:35589|priority:0|startupRole:FOLLOWER]|listeners:[], old=null RUNNING retry cache entry of leader should be pending: 493@client-3C4CF6F3AB0E:pending
2023-09-01 02:13:34,837 [s0@group-B005AB42B387-StateMachineUpdater] INFO  impl.SimpleStateMachine4Testing (SimpleStateMachine4Testing.java:put(205)) - s0: put 215, m107 -> (t:1, i:215), STATEMACHINELOGENTRY, 494@client-3C4CF6F3AB0E
2023-09-01 02:13:34,837 [s0@group-B005AB42B387-StateMachineUpdater] WARN  server.RaftServer$Division (RaftServerImpl.java:replyPendingRequest(1769)) -    LEADER s0@group-B005AB42B387:t1, leader=s0, voted=s0, raftlog=Memoized:s0@group-B005AB42B387-SegmentedRaftLog:OPENED:c215, conf=0: peers:[s0|rpc:localhost:34237|admin:localhost:46111|client:localhost:41849|dataStream:localhost:35589|priority:0|startupRole:FOLLOWER]|listeners:[], old=null RUNNING retry cache entry of leader should be pending: 494@client-3C4CF6F3AB0E:pending
2023-09-01 02:13:34,839 [s0@group-B005AB42B387-StateMachineUpdater] INFO  impl.SimpleStateMachine4Testing (SimpleStateMachine4Testing.java:put(205)) - s0: put 217, m108 -> (t:1, i:217), STATEMACHINELOGENTRY, 495@client-3C4CF6F3AB0E
2023-09-01 02:13:34,839 [s0@group-B005AB42B387-StateMachineUpdater] WARN  server.RaftServer$Division (RaftServerImpl.java:replyPendingRequest(1769)) -    LEADER s0@group-B005AB42B387:t1, leader=s0, voted=s0, raftlog=Memoized:s0@group-B005AB42B387-SegmentedRaftLog:OPENED:c217, conf=0: peers:[s0|rpc:localhost:34237|admin:localhost:46111|client:localhost:41849|dataStream:localhost:35589|priority:0|startupRole:FOLLOWER]|listeners:[], old=null RUNNING retry cache entry of leader should be pending: 495@client-3C4CF6F3AB0E:pending
2023-09-01 02:13:34,840 [s0@group-B005AB42B387-StateMachineUpdater] INFO  impl.SimpleStateMachine4Testing (SimpleStateMachine4Testing.java:put(205)) - s0: put 219, m109 -> (t:1, i:219), STATEMACHINELOGENTRY, 496@client-3C4CF6F3AB0E
2023-09-01 02:13:34,840 [s0@group-B005AB42B387-StateMachineUpdater] WARN  server.RaftServer$Division (RaftServerImpl.java:replyPendingRequest(1769)) -    LEADER s0@group-B005AB42B387:t1, leader=s0, voted=s0, raftlog=Memoized:s0@group-B005AB42B387-SegmentedRaftLog:OPENED:c219, conf=0: peers:[s0|rpc:localhost:34237|admin:localhost:46111|client:localhost:41849|dataStream:localhost:35589|priority:0|startupRole:FOLLOWER]|listeners:[], old=null RUNNING retry cache entry of leader should be pending: 496@client-3C4CF6F3AB0E:pending
2023-09-01 02:13:34,842 [s0@group-B005AB42B387-StateMachineUpdater] INFO  impl.SimpleStateMachine4Testing (SimpleStateMachine4Testing.java:put(205)) - s0: put 221, m110 -> (t:1, i:221), STATEMACHINELOGENTRY, 497@client-3C4CF6F3AB0E
2023-09-01 02:13:34,842 [s0@group-B005AB42B387-StateMachineUpdater] WARN  server.RaftServer$Division (RaftServerImpl.java:replyPendingRequest(1769)) -    LEADER s0@group-B005AB42B387:t1, leader=s0, voted=s0, raftlog=Memoized:s0@group-B005AB42B387-SegmentedRaftLog:OPENED:c221, conf=0: peers:[s0|rpc:localhost:34237|admin:localhost:46111|client:localhost:41849|dataStream:localhost:35589|priority:0|startupRole:FOLLOWER]|listeners:[], old=null RUNNING retry cache entry of leader should be pending: 497@client-3C4CF6F3AB0E:pending
2023-09-01 02:13:34,844 [s0@group-B005AB42B387-StateMachineUpdater] INFO  impl.SimpleStateMachine4Testing (SimpleStateMachine4Testing.java:put(205)) - s0: put 223, m111 -> (t:1, i:223), STATEMACHINELOGENTRY, 498@client-3C4CF6F3AB0E
2023-09-01 02:13:34,844 [s0@group-B005AB42B387-StateMachineUpdater] WARN  server.RaftServer$Division (RaftServerImpl.java:replyPendingRequest(1769)) -    LEADER s0@group-B005AB42B387:t1, leader=s0, voted=s0, raftlog=Memoized:s0@group-B005AB42B387-SegmentedRaftLog:OPENED:c223, conf=0: peers:[s0|rpc:localhost:34237|admin:localhost:46111|client:localhost:41849|dataStream:localhost:35589|priority:0|startupRole:FOLLOWER]|listeners:[], old=null RUNNING retry cache entry of leader should be pending: 498@client-3C4CF6F3AB0E:pending
2023-09-01 02:13:34,846 [s0@group-B005AB42B387-StateMachineUpdater] INFO  impl.SimpleStateMachine4Testing (SimpleStateMachine4Testing.java:put(205)) - s0: put 225, m112 -> (t:1, i:225), STATEMACHINELOGENTRY, 499@client-3C4CF6F3AB0E
2023-09-01 02:13:34,846 [s0@group-B005AB42B387-StateMachineUpdater] WARN  server.RaftServer$Division (RaftServerImpl.java:replyPendingRequest(1769)) -    LEADER s0@group-B005AB42B387:t1, leader=s0, voted=s0, raftlog=Memoized:s0@group-B005AB42B387-SegmentedRaftLog:OPENED:c225, conf=0: peers:[s0|rpc:localhost:34237|admin:localhost:46111|client:localhost:41849|dataStream:localhost:35589|priority:0|startupRole:FOLLOWER]|listeners:[], old=null RUNNING retry cache entry of leader should be pending: 499@client-3C4CF6F3AB0E:pending
2023-09-01 02:13:34,848 [s0@group-B005AB42B387-StateMachineUpdater] INFO  impl.SimpleStateMachine4Testing (SimpleStateMachine4Testing.java:put(205)) - s0: put 227, m113 -> (t:1, i:227), STATEMACHINELOGENTRY, 500@client-3C4CF6F3AB0E
2023-09-01 02:13:34,848 [s0@group-B005AB42B387-StateMachineUpdater] WARN  server.RaftServer$Division (RaftServerImpl.java:replyPendingRequest(1769)) -    LEADER s0@group-B005AB42B387:t1, leader=s0, voted=s0, raftlog=Memoized:s0@group-B005AB42B387-SegmentedRaftLog:OPENED:c227, conf=0: peers:[s0|rpc:localhost:34237|admin:localhost:46111|client:localhost:41849|dataStream:localhost:35589|priority:0|startupRole:FOLLOWER]|listeners:[], old=null RUNNING retry cache entry of leader should be pending: 500@client-3C4CF6F3AB0E:pending
2023-09-01 02:13:34,850 [s0@group-B005AB42B387-StateMachineUpdater] INFO  impl.SimpleStateMachine4Testing (SimpleStateMachine4Testing.java:put(205)) - s0: put 229, m114 -> (t:1, i:229), STATEMACHINELOGENTRY, 501@client-3C4CF6F3AB0E
2023-09-01 02:13:34,850 [s0@group-B005AB42B387-StateMachineUpdater] WARN  server.RaftServer$Division (RaftServerImpl.java:replyPendingRequest(1769)) -    LEADER s0@group-B005AB42B387:t1, leader=s0, voted=s0, raftlog=Memoized:s0@group-B005AB42B387-SegmentedRaftLog:OPENED:c229, conf=0: peers:[s0|rpc:localhost:34237|admin:localhost:46111|client:localhost:41849|dataStream:localhost:35589|priority:0|startupRole:FOLLOWER]|listeners:[], old=null RUNNING retry cache entry of leader should be pending: 501@client-3C4CF6F3AB0E:pending
2023-09-01 02:13:34,852 [s0@group-B005AB42B387-StateMachineUpdater] INFO  impl.SimpleStateMachine4Testing (SimpleStateMachine4Testing.java:put(205)) - s0: put 231, m115 -> (t:1, i:231), STATEMACHINELOGENTRY, 502@client-3C4CF6F3AB0E
2023-09-01 02:13:34,852 [s0@group-B005AB42B387-StateMachineUpdater] WARN  server.RaftServer$Division (RaftServerImpl.java:replyPendingRequest(1769)) -    LEADER s0@group-B005AB42B387:t1, leader=s0, voted=s0, raftlog=Memoized:s0@group-B005AB42B387-SegmentedRaftLog:OPENED:c231, conf=0: peers:[s0|rpc:localhost:34237|admin:localhost:46111|client:localhost:41849|dataStream:localhost:35589|priority:0|startupRole:FOLLOWER]|listeners:[], old=null RUNNING retry cache entry of leader should be pending: 502@client-3C4CF6F3AB0E:pending
2023-09-01 02:13:34,853 [s0@group-B005AB42B387-StateMachineUpdater] INFO  impl.SimpleStateMachine4Testing (SimpleStateMachine4Testing.java:put(205)) - s0: put 233, m116 -> (t:1, i:233), STATEMACHINELOGENTRY, 503@client-3C4CF6F3AB0E
2023-09-01 02:13:34,853 [s0@group-B005AB42B387-StateMachineUpdater] WARN  server.RaftServer$Division (RaftServerImpl.java:replyPendingRequest(1769)) -    LEADER s0@group-B005AB42B387:t1, leader=s0, voted=s0, raftlog=Memoized:s0@group-B005AB42B387-SegmentedRaftLog:OPENED:c233, conf=0: peers:[s0|rpc:localhost:34237|admin:localhost:46111|client:localhost:41849|dataStream:localhost:35589|priority:0|startupRole:FOLLOWER]|listeners:[], old=null RUNNING retry cache entry of leader should be pending: 503@client-3C4CF6F3AB0E:pending
2023-09-01 02:13:34,855 [s0@group-B005AB42B387-StateMachineUpdater] INFO  impl.SimpleStateMachine4Testing (SimpleStateMachine4Testing.java:put(205)) - s0: put 235, m117 -> (t:1, i:235), STATEMACHINELOGENTRY, 504@client-3C4CF6F3AB0E
2023-09-01 02:13:34,855 [s0@group-B005AB42B387-StateMachineUpdater] WARN  server.RaftServer$Division (RaftServerImpl.java:replyPendingRequest(1769)) -    LEADER s0@group-B005AB42B387:t1, leader=s0, voted=s0, raftlog=Memoized:s0@group-B005AB42B387-SegmentedRaftLog:OPENED:c235, conf=0: peers:[s0|rpc:localhost:34237|admin:localhost:46111|client:localhost:41849|dataStream:localhost:35589|priority:0|startupRole:FOLLOWER]|listeners:[], old=null RUNNING retry cache entry of leader should be pending: 504@client-3C4CF6F3AB0E:pending
2023-09-01 02:13:34,857 [s0@group-B005AB42B387-StateMachineUpdater] INFO  impl.SimpleStateMachine4Testing (SimpleStateMachine4Testing.java:put(205)) - s0: put 237, m118 -> (t:1, i:237), STATEMACHINELOGENTRY, 505@client-3C4CF6F3AB0E
2023-09-01 02:13:34,857 [s0@group-B005AB42B387-StateMachineUpdater] WARN  server.RaftServer$Division (RaftServerImpl.java:replyPendingRequest(1769)) -    LEADER s0@group-B005AB42B387:t1, leader=s0, voted=s0, raftlog=Memoized:s0@group-B005AB42B387-SegmentedRaftLog:OPENED:c237, conf=0: peers:[s0|rpc:localhost:34237|admin:localhost:46111|client:localhost:41849|dataStream:localhost:35589|priority:0|startupRole:FOLLOWER]|listeners:[], old=null RUNNING retry cache entry of leader should be pending: 505@client-3C4CF6F3AB0E:pending
2023-09-01 02:13:34,858 [s0@group-B005AB42B387-StateMachineUpdater] INFO  impl.SimpleStateMachine4Testing (SimpleStateMachine4Testing.java:put(205)) - s0: put 239, m119 -> (t:1, i:239), STATEMACHINELOGENTRY, 506@client-3C4CF6F3AB0E
2023-09-01 02:13:34,858 [s0@group-B005AB42B387-StateMachineUpdater] WARN  server.RaftServer$Division (RaftServerImpl.java:replyPendingRequest(1769)) -    LEADER s0@group-B005AB42B387:t1, leader=s0, voted=s0, raftlog=Memoized:s0@group-B005AB42B387-SegmentedRaftLog:OPENED:c239, conf=0: peers:[s0|rpc:localhost:34237|admin:localhost:46111|client:localhost:41849|dataStream:localhost:35589|priority:0|startupRole:FOLLOWER]|listeners:[], old=null RUNNING retry cache entry of leader should be pending: 506@client-3C4CF6F3AB0E:pending
2023-09-01 02:13:34,860 [s0@group-B005AB42B387-StateMachineUpdater] INFO  impl.SimpleStateMachine4Testing (SimpleStateMachine4Testing.java:put(205)) - s0: put 241, m120 -> (t:1, i:241), STATEMACHINELOGENTRY, 507@client-3C4CF6F3AB0E
2023-09-01 02:13:34,860 [s0@group-B005AB42B387-StateMachineUpdater] WARN  server.RaftServer$Division (RaftServerImpl.java:replyPendingRequest(1769)) -    LEADER s0@group-B005AB42B387:t1, leader=s0, voted=s0, raftlog=Memoized:s0@group-B005AB42B387-SegmentedRaftLog:OPENED:c241, conf=0: peers:[s0|rpc:localhost:34237|admin:localhost:46111|client:localhost:41849|dataStream:localhost:35589|priority:0|startupRole:FOLLOWER]|listeners:[], old=null RUNNING retry cache entry of leader should be pending: 507@client-3C4CF6F3AB0E:pending
2023-09-01 02:13:34,862 [s0@group-B005AB42B387-StateMachineUpdater] INFO  impl.SimpleStateMachine4Testing (SimpleStateMachine4Testing.java:put(205)) - s0: put 243, m121 -> (t:1, i:243), STATEMACHINELOGENTRY, 508@client-3C4CF6F3AB0E
2023-09-01 02:13:34,862 [s0@group-B005AB42B387-StateMachineUpdater] WARN  server.RaftServer$Division (RaftServerImpl.java:replyPendingRequest(1769)) -    LEADER s0@group-B005AB42B387:t1, leader=s0, voted=s0, raftlog=Memoized:s0@group-B005AB42B387-SegmentedRaftLog:OPENED:c243, conf=0: peers:[s0|rpc:localhost:34237|admin:localhost:46111|client:localhost:41849|dataStream:localhost:35589|priority:0|startupRole:FOLLOWER]|listeners:[], old=null RUNNING retry cache entry of leader should be pending: 508@client-3C4CF6F3AB0E:pending
2023-09-01 02:13:34,863 [s0@group-B005AB42B387-StateMachineUpdater] INFO  impl.SimpleStateMachine4Testing (SimpleStateMachine4Testing.java:put(205)) - s0: put 245, m122 -> (t:1, i:245), STATEMACHINELOGENTRY, 509@client-3C4CF6F3AB0E
2023-09-01 02:13:34,863 [s0@group-B005AB42B387-StateMachineUpdater] WARN  server.RaftServer$Division (RaftServerImpl.java:replyPendingRequest(1769)) -    LEADER s0@group-B005AB42B387:t1, leader=s0, voted=s0, raftlog=Memoized:s0@group-B005AB42B387-SegmentedRaftLog:OPENED:c245, conf=0: peers:[s0|rpc:localhost:34237|admin:localhost:46111|client:localhost:41849|dataStream:localhost:35589|priority:0|startupRole:FOLLOWER]|listeners:[], old=null RUNNING retry cache entry of leader should be pending: 509@client-3C4CF6F3AB0E:pending
2023-09-01 02:13:34,865 [s0@group-B005AB42B387-StateMachineUpdater] INFO  impl.SimpleStateMachine4Testing (SimpleStateMachine4Testing.java:put(205)) - s0: put 247, m123 -> (t:1, i:247), STATEMACHINELOGENTRY, 510@client-3C4CF6F3AB0E
2023-09-01 02:13:34,865 [s0@group-B005AB42B387-StateMachineUpdater] WARN  server.RaftServer$Division (RaftServerImpl.java:replyPendingRequest(1769)) -    LEADER s0@group-B005AB42B387:t1, leader=s0, voted=s0, raftlog=Memoized:s0@group-B005AB42B387-SegmentedRaftLog:OPENED:c247, conf=0: peers:[s0|rpc:localhost:34237|admin:localhost:46111|client:localhost:41849|dataStream:localhost:35589|priority:0|startupRole:FOLLOWER]|listeners:[], old=null RUNNING retry cache entry of leader should be pending: 510@client-3C4CF6F3AB0E:pending
2023-09-01 02:13:34,867 [s0@group-B005AB42B387-StateMachineUpdater] INFO  impl.SimpleStateMachine4Testing (SimpleStateMachine4Testing.java:put(205)) - s0: put 249, m124 -> (t:1, i:249), STATEMACHINELOGENTRY, 511@client-3C4CF6F3AB0E
2023-09-01 02:13:34,867 [s0@group-B005AB42B387-StateMachineUpdater] WARN  server.RaftServer$Division (RaftServerImpl.java:replyPendingRequest(1769)) -    LEADER s0@group-B005AB42B387:t1, leader=s0, voted=s0, raftlog=Memoized:s0@group-B005AB42B387-SegmentedRaftLog:OPENED:c249, conf=0: peers:[s0|rpc:localhost:34237|admin:localhost:46111|client:localhost:41849|dataStream:localhost:35589|priority:0|startupRole:FOLLOWER]|listeners:[], old=null RUNNING retry cache entry of leader should be pending: 511@client-3C4CF6F3AB0E:pending
2023-09-01 02:13:34,869 [s0@group-B005AB42B387-StateMachineUpdater] INFO  impl.SimpleStateMachine4Testing (SimpleStateMachine4Testing.java:put(205)) - s0: put 251, m125 -> (t:1, i:251), STATEMACHINELOGENTRY, 512@client-3C4CF6F3AB0E
2023-09-01 02:13:34,869 [s0@group-B005AB42B387-StateMachineUpdater] WARN  server.RaftServer$Division (RaftServerImpl.java:replyPendingRequest(1769)) -    LEADER s0@group-B005AB42B387:t1, leader=s0, voted=s0, raftlog=Memoized:s0@group-B005AB42B387-SegmentedRaftLog:OPENED:c251, conf=0: peers:[s0|rpc:localhost:34237|admin:localhost:46111|client:localhost:41849|dataStream:localhost:35589|priority:0|startupRole:FOLLOWER]|listeners:[], old=null RUNNING retry cache entry of leader should be pending: 512@client-3C4CF6F3AB0E:pending
2023-09-01 02:13:34,870 [s0@group-B005AB42B387-StateMachineUpdater] INFO  impl.SimpleStateMachine4Testing (SimpleStateMachine4Testing.java:put(205)) - s0: put 253, m126 -> (t:1, i:253), STATEMACHINELOGENTRY, 513@client-3C4CF6F3AB0E
2023-09-01 02:13:34,870 [s0@group-B005AB42B387-StateMachineUpdater] WARN  server.RaftServer$Division (RaftServerImpl.java:replyPendingRequest(1769)) -    LEADER s0@group-B005AB42B387:t1, leader=s0, voted=s0, raftlog=Memoized:s0@group-B005AB42B387-SegmentedRaftLog:OPENED:c253, conf=0: peers:[s0|rpc:localhost:34237|admin:localhost:46111|client:localhost:41849|dataStream:localhost:35589|priority:0|startupRole:FOLLOWER]|listeners:[], old=null RUNNING retry cache entry of leader should be pending: 513@client-3C4CF6F3AB0E:pending
2023-09-01 02:13:34,874 [s0-server-thread1] INFO  server.RaftServer$Division (RaftServerImpl.java:takeSnapshotAsync(1169)) - s0@group-B005AB42B387: takeSnapshotAsync SnapshotManagementRequest:client-3C4CF6F3AB0E->s0@group-B005AB42B387, cid=514, seq=0, RO, null, Create:
2023-09-01 02:13:34,875 [s0-server-thread1] INFO  server.RaftServerConfigKeys (ConfUtils.java:logGet(46)) - raft.server.snapshot.creation.gap = 1024 (default)
2023-09-01 02:13:34,878 [Time-limited test] INFO  impl.MiniRaftCluster (MiniRaftCluster.java:addNewPeers(464)) - Add new peers [s1, s2]
2023-09-01 02:13:34,878 [Time-limited test] INFO  impl.MiniRaftCluster (MiniRaftCluster.java:newRaftServer(382)) - newRaftServer: s1, group-B005AB42B387:[], format? true
2023-09-01 02:13:34,878 [Time-limited test] TRACE util.FileUtils (FileUtils.java:deleteFully(201)) - deleteFully target/test/data/1f94b248/MiniRaftClusterWithGrpce70da610/s1
2023-09-01 02:13:34,878 [Time-limited test] TRACE util.FileUtils (FileUtils.java:deleteFully(217)) - deleteFully: target/test/data/1f94b248/MiniRaftClusterWithGrpce70da610/s1 does not exist.
2023-09-01 02:13:34,878 [Time-limited test] INFO  impl.MiniRaftCluster (MiniRaftCluster.java:newRaftServer(387)) - Formatted directory target/test/data/1f94b248/MiniRaftClusterWithGrpce70da610/s1
2023-09-01 02:13:34,878 [Time-limited test] INFO  server.RaftServer (ConfUtils.java:logGet(46)) - raft.rpc.type = GRPC (default)
2023-09-01 02:13:34,878 [Time-limited test] INFO  grpc.GrpcConfigKeys (ConfUtils.java:logFallback(53)) - raft.grpc.admin.host = null (fallback to raft.grpc.server.host)
2023-09-01 02:13:34,878 [Time-limited test] INFO  grpc.GrpcConfigKeys (ConfUtils.java:logFallback(53)) - raft.grpc.admin.port = 36047 (fallback to raft.grpc.server.port)
2023-09-01 02:13:34,878 [Time-limited test] INFO  grpc.GrpcConfigKeys (ConfUtils.java:logFallback(53)) - raft.grpc.client.host = null (fallback to raft.grpc.server.host)
2023-09-01 02:13:34,878 [Time-limited test] INFO  grpc.GrpcConfigKeys (ConfUtils.java:logFallback(53)) - raft.grpc.client.port = 36047 (fallback to raft.grpc.server.port)
2023-09-01 02:13:34,878 [Time-limited test] INFO  grpc.GrpcConfigKeys (ConfUtils.java:logGet(46)) - raft.grpc.server.host = null (default)
2023-09-01 02:13:34,878 [Time-limited test] INFO  grpc.GrpcConfigKeys (ConfUtils.java:logGet(46)) - raft.grpc.server.port = 36047 (custom)
2023-09-01 02:13:34,878 [Time-limited test] INFO  server.GrpcService (ConfUtils.java:logGet(46)) - raft.grpc.message.size.max = 64MB (=67108864) (default)
2023-09-01 02:13:34,878 [Time-limited test] INFO  server.RaftServerConfigKeys (ConfUtils.java:logGet(46)) - raft.server.log.appender.buffer.byte-limit = 4MB (=4194304) (default)
2023-09-01 02:13:34,878 [Time-limited test] INFO  server.GrpcService (ConfUtils.java:logGet(46)) - raft.grpc.flow.control.window = 1MB (=1048576) (default)
2023-09-01 02:13:34,878 [Time-limited test] INFO  server.RaftServerConfigKeys (ConfUtils.java:logGet(46)) - raft.server.rpc.request.timeout = 3000ms (default)
2023-09-01 02:13:34,879 [Time-limited test] INFO  grpc.GrpcConfigKeys (ConfUtils.java:logGet(46)) - raft.grpc.server.heartbeat.channel = true (default)
2023-09-01 02:13:34,879 [Time-limited test] INFO  grpc.GrpcConfigKeys (ConfUtils.java:logGet(46)) - raft.grpc.server.async.request.thread.pool.cached = true (default)
2023-09-01 02:13:34,879 [Time-limited test] INFO  grpc.GrpcConfigKeys (ConfUtils.java:logGet(46)) - raft.grpc.server.async.request.thread.pool.size = 32 (default)
2023-09-01 02:13:34,879 [Time-limited test] INFO  impl.DataStreamServerImpl (ConfUtils.java:logGet(46)) - raft.datastream.type = DISABLED (default)
2023-09-01 02:13:34,879 [Time-limited test] INFO  server.RaftServerConfigKeys (ConfUtils.java:logGet(46)) - raft.server.threadpool.proxy.cached = true (default)
2023-09-01 02:13:34,879 [Time-limited test] INFO  server.RaftServerConfigKeys (ConfUtils.java:logGet(46)) - raft.server.threadpool.proxy.size = 0 (default)
2023-09-01 02:13:34,879 [Time-limited test] INFO  server.RaftServerConfigKeys (ConfUtils.java:logGet(46)) - raft.server.sleep.deviation.threshold = 300ms (default)
2023-09-01 02:13:34,879 [Time-limited test] INFO  server.RaftServerConfigKeys (ConfUtils.java:logGet(46)) - raft.server.rpc.slowness.timeout = 60s (default)
2023-09-01 02:13:34,879 [Time-limited test] INFO  server.RaftServerConfigKeys (ConfUtils.java:logGet(46)) - raft.server.leaderelection.leader.step-down.wait-time = 10s (default)
2023-09-01 02:13:34,880 [Time-limited test] INFO  server.RaftServerConfigKeys (ConfUtils.java:logGet(46)) - raft.server.storage.dir = [/home/runner/work/ratis/ratis/ratis-test/target/test/data/1f94b248/MiniRaftClusterWithGrpce70da610/s1] (custom)
2023-09-01 02:13:34,880 [Time-limited test] INFO  server.RaftServer (RaftServerProxy.java:addNew(99)) - s1: addNew group-B005AB42B387:[] returns group-B005AB42B387:java.util.concurrent.CompletableFuture@39c77b3[Not completed]
2023-09-01 02:13:34,880 [Time-limited test] INFO  impl.MiniRaftCluster (MiniRaftCluster.java:newRaftServer(382)) - newRaftServer: s2, group-B005AB42B387:[], format? true
2023-09-01 02:13:34,880 [Time-limited test] TRACE util.FileUtils (FileUtils.java:deleteFully(201)) - deleteFully target/test/data/1f94b248/MiniRaftClusterWithGrpce70da610/s2
2023-09-01 02:13:34,880 [Time-limited test] TRACE util.FileUtils (FileUtils.java:deleteFully(217)) - deleteFully: target/test/data/1f94b248/MiniRaftClusterWithGrpce70da610/s2 does not exist.
2023-09-01 02:13:34,880 [Time-limited test] INFO  impl.MiniRaftCluster (MiniRaftCluster.java:newRaftServer(387)) - Formatted directory target/test/data/1f94b248/MiniRaftClusterWithGrpce70da610/s2
2023-09-01 02:13:34,880 [Time-limited test] INFO  server.RaftServer (ConfUtils.java:logGet(46)) - raft.rpc.type = GRPC (default)
2023-09-01 02:13:34,881 [Time-limited test] INFO  grpc.GrpcConfigKeys (ConfUtils.java:logFallback(53)) - raft.grpc.admin.host = null (fallback to raft.grpc.server.host)
2023-09-01 02:13:34,881 [Time-limited test] INFO  grpc.GrpcConfigKeys (ConfUtils.java:logFallback(53)) - raft.grpc.admin.port = 43007 (fallback to raft.grpc.server.port)
2023-09-01 02:13:34,881 [Time-limited test] INFO  grpc.GrpcConfigKeys (ConfUtils.java:logFallback(53)) - raft.grpc.client.host = null (fallback to raft.grpc.server.host)
2023-09-01 02:13:34,881 [Time-limited test] INFO  grpc.GrpcConfigKeys (ConfUtils.java:logFallback(53)) - raft.grpc.client.port = 43007 (fallback to raft.grpc.server.port)
2023-09-01 02:13:34,881 [Time-limited test] INFO  grpc.GrpcConfigKeys (ConfUtils.java:logGet(46)) - raft.grpc.server.host = null (default)
2023-09-01 02:13:34,881 [Time-limited test] INFO  grpc.GrpcConfigKeys (ConfUtils.java:logGet(46)) - raft.grpc.server.port = 43007 (custom)
2023-09-01 02:13:34,881 [Time-limited test] INFO  server.GrpcService (ConfUtils.java:logGet(46)) - raft.grpc.message.size.max = 64MB (=67108864) (default)
2023-09-01 02:13:34,881 [Time-limited test] INFO  server.RaftServerConfigKeys (ConfUtils.java:logGet(46)) - raft.server.log.appender.buffer.byte-limit = 4MB (=4194304) (default)
2023-09-01 02:13:34,881 [Time-limited test] INFO  server.GrpcService (ConfUtils.java:logGet(46)) - raft.grpc.flow.control.window = 1MB (=1048576) (default)
2023-09-01 02:13:34,881 [Time-limited test] INFO  server.RaftServerConfigKeys (ConfUtils.java:logGet(46)) - raft.server.rpc.request.timeout = 3000ms (default)
2023-09-01 02:13:34,881 [Time-limited test] INFO  grpc.GrpcConfigKeys (ConfUtils.java:logGet(46)) - raft.grpc.server.heartbeat.channel = true (default)
2023-09-01 02:13:34,881 [Time-limited test] INFO  grpc.GrpcConfigKeys (ConfUtils.java:logGet(46)) - raft.grpc.server.async.request.thread.pool.cached = true (default)
2023-09-01 02:13:34,881 [Time-limited test] INFO  grpc.GrpcConfigKeys (ConfUtils.java:logGet(46)) - raft.grpc.server.async.request.thread.pool.size = 32 (default)
2023-09-01 02:13:34,882 [Time-limited test] INFO  impl.DataStreamServerImpl (ConfUtils.java:logGet(46)) - raft.datastream.type = DISABLED (default)
2023-09-01 02:13:34,882 [Time-limited test] INFO  server.RaftServerConfigKeys (ConfUtils.java:logGet(46)) - raft.server.threadpool.proxy.cached = true (default)
2023-09-01 02:13:34,882 [Time-limited test] INFO  server.RaftServerConfigKeys (ConfUtils.java:logGet(46)) - raft.server.threadpool.proxy.size = 0 (default)
2023-09-01 02:13:34,882 [Time-limited test] INFO  server.RaftServerConfigKeys (ConfUtils.java:logGet(46)) - raft.server.sleep.deviation.threshold = 300ms (default)
2023-09-01 02:13:34,882 [Time-limited test] INFO  server.RaftServerConfigKeys (ConfUtils.java:logGet(46)) - raft.server.rpc.slowness.timeout = 60s (default)
2023-09-01 02:13:34,882 [Time-limited test] INFO  server.RaftServerConfigKeys (ConfUtils.java:logGet(46)) - raft.server.leaderelection.leader.step-down.wait-time = 10s (default)
2023-09-01 02:13:34,882 [Time-limited test] INFO  server.RaftServerConfigKeys (ConfUtils.java:logGet(46)) - raft.server.storage.dir = [/home/runner/work/ratis/ratis/ratis-test/target/test/data/1f94b248/MiniRaftClusterWithGrpce70da610/s2] (custom)
2023-09-01 02:13:34,882 [s1-groupManagement] INFO  server.RaftServerConfigKeys (ConfUtils.java:logGet(46)) - raft.server.log.segment.size.max = 8MB (=8388608) (default)
2023-09-01 02:13:34,883 [s1-groupManagement] INFO  server.RaftServerConfigKeys (ConfUtils.java:logGet(46)) - raft.server.log.preallocated.size = 4MB (=4194304) (default)
2023-09-01 02:13:34,883 [s1-groupManagement] INFO  server.RaftServerConfigKeys (ConfUtils.java:logGet(46)) - raft.server.log.write.buffer.size = 64KB (=65536) (default)
2023-09-01 02:13:34,883 [s1-groupManagement] INFO  server.RaftServer$Division (RaftServerImpl.java:<init>(250)) - s1: new RaftServerImpl for group-B005AB42B387:[] with StateMachineWithSeparatedSnapshotPath:uninitialized
2023-09-01 02:13:34,883 [s1-groupManagement] INFO  server.RaftServerConfigKeys (ConfUtils.java:logGet(46)) - raft.server.rpc.timeout.min = 150ms (default)
2023-09-01 02:13:34,883 [s1-groupManagement] INFO  server.RaftServerConfigKeys (ConfUtils.java:logGet(46)) - raft.server.rpc.timeout.max = 300ms (default)
2023-09-01 02:13:34,883 [s1-groupManagement] INFO  server.RaftServerConfigKeys (ConfUtils.java:logGet(46)) - raft.server.rpc.sleep.time = 25ms (default)
2023-09-01 02:13:34,883 [s1-groupManagement] INFO  server.RaftServerConfigKeys (ConfUtils.java:logGet(46)) - raft.server.rpc.slowness.timeout = 60s (default)
2023-09-01 02:13:34,883 [s1-groupManagement] INFO  server.RaftServerConfigKeys (ConfUtils.java:logGet(46)) - raft.server.leaderelection.leader.step-down.wait-time = 10s (default)
2023-09-01 02:13:34,883 [s1-groupManagement] INFO  server.RaftServerConfigKeys (ConfUtils.java:logGet(46)) - raft.server.sleep.deviation.threshold = 300ms (default)
2023-09-01 02:13:34,883 [s1-groupManagement] INFO  server.RaftServer$Division (ServerState.java:<init>(113)) - s1@group-B005AB42B387: ConfigurationManager, init=-1: peers:[]|listeners:[], old=null, confs=<EMPTY_MAP>
2023-09-01 02:13:34,883 [s1-groupManagement] INFO  server.RaftServerConfigKeys (ConfUtils.java:logGet(46)) - raft.server.notification.no-leader.timeout = 60s (default)
2023-09-01 02:13:34,883 [s1-groupManagement] INFO  server.RaftServerConfigKeys (ConfUtils.java:logGet(46)) - raft.server.read.timeout = 10s (default)
2023-09-01 02:13:34,883 [s1-groupManagement] INFO  server.RaftServerConfigKeys (ConfUtils.java:logGet(46)) - raft.server.retrycache.expirytime = 60s (default)
2023-09-01 02:13:34,883 [s1-groupManagement] INFO  server.RaftServerConfigKeys (ConfUtils.java:logGet(46)) - raft.server.retrycache.statistics.expirytime = 100μs (default)
2023-09-01 02:13:34,883 [s1-groupManagement] INFO  server.RaftServerConfigKeys (ConfUtils.java:logGet(46)) - raft.server.read.option = DEFAULT (default)
2023-09-01 02:13:34,884 [s1-groupManagement] INFO  server.RaftServerConfigKeys (ConfUtils.java:logGet(46)) - raft.server.rpc.request.timeout = 3000ms (default)
2023-09-01 02:13:34,884 [s1-groupManagement] INFO  server.RaftServerConfigKeys (ConfUtils.java:logGet(46)) - raft.server.log.appender.install.snapshot.enabled = true (default)
2023-09-01 02:13:34,884 [s1-groupManagement] INFO  server.RaftServerConfigKeys (ConfUtils.java:logGet(46)) - raft.server.threadpool.server.cached = true (default)
2023-09-01 02:13:34,884 [s1-groupManagement] INFO  server.RaftServerConfigKeys (ConfUtils.java:logGet(46)) - raft.server.threadpool.server.size = 0 (default)
2023-09-01 02:13:34,884 [s1-groupManagement] INFO  server.RaftServerConfigKeys (ConfUtils.java:logGet(46)) - raft.server.threadpool.client.cached = true (default)
2023-09-01 02:13:34,884 [s1-groupManagement] INFO  server.RaftServerConfigKeys (ConfUtils.java:logGet(46)) - raft.server.threadpool.client.size = 0 (default)
2023-09-01 02:13:34,889 [Time-limited test] INFO  server.RaftServer (RaftServerProxy.java:addNew(99)) - s2: addNew group-B005AB42B387:[] returns group-B005AB42B387:java.util.concurrent.CompletableFuture@4bb6d6d[Not completed]
2023-09-01 02:13:34,889 [s1-impl-thread1] INFO  server.RaftServerConfigKeys (ConfUtils.java:logGet(46)) - raft.server.storage.free-space.min = 0MB (=0) (default)
2023-09-01 02:13:34,889 [s1-impl-thread1] INFO  server.RaftServerConfigKeys (ConfUtils.java:logGet(46)) - raft.server.log.corruption.policy = EXCEPTION (default)
2023-09-01 02:13:34,889 [s1-impl-thread1] INFO  server.RaftServerConfigKeys (ConfUtils.java:logGet(46)) - raft.server.storage.dir = [/home/runner/work/ratis/ratis/ratis-test/target/test/data/1f94b248/MiniRaftClusterWithGrpce70da610/s1] (custom)
2023-09-01 02:13:34,889 [s1-impl-thread1] INFO  storage.RaftStorageDirectory (RaftStorageDirectoryImpl.java:analyzeStorage(138)) - The storage directory /home/runner/work/ratis/ratis/ratis-test/target/test/data/1f94b248/MiniRaftClusterWithGrpce70da610/s1/8946c578-2cb3-44e1-8caa-b005ab42b387 does not exist. Creating ...
2023-09-01 02:13:34,890 [s1-impl-thread1] TRACE util.FileUtils (LogUtils.java:runAndLog(49)) - Successfully ran Files.createDirectories /home/runner/work/ratis/ratis/ratis-test/target/test/data/1f94b248/MiniRaftClusterWithGrpce70da610/s1/8946c578-2cb3-44e1-8caa-b005ab42b387
2023-09-01 02:13:34,890 [s2-groupManagement] INFO  server.RaftServerConfigKeys (ConfUtils.java:logGet(46)) - raft.server.log.segment.size.max = 8MB (=8388608) (default)
2023-09-01 02:13:34,890 [s2-groupManagement] INFO  server.RaftServerConfigKeys (ConfUtils.java:logGet(46)) - raft.server.log.preallocated.size = 4MB (=4194304) (default)
2023-09-01 02:13:34,890 [s2-groupManagement] INFO  server.RaftServerConfigKeys (ConfUtils.java:logGet(46)) - raft.server.log.write.buffer.size = 64KB (=65536) (default)
2023-09-01 02:13:34,890 [s2-groupManagement] INFO  server.RaftServer$Division (RaftServerImpl.java:<init>(250)) - s2: new RaftServerImpl for group-B005AB42B387:[] with StateMachineWithSeparatedSnapshotPath:uninitialized
2023-09-01 02:13:34,890 [s2-groupManagement] INFO  server.RaftServerConfigKeys (ConfUtils.java:logGet(46)) - raft.server.rpc.timeout.min = 150ms (default)
2023-09-01 02:13:34,890 [s2-groupManagement] INFO  server.RaftServerConfigKeys (ConfUtils.java:logGet(46)) - raft.server.rpc.timeout.max = 300ms (default)
2023-09-01 02:13:34,890 [s2-groupManagement] INFO  server.RaftServerConfigKeys (ConfUtils.java:logGet(46)) - raft.server.rpc.sleep.time = 25ms (default)
2023-09-01 02:13:34,890 [s2-groupManagement] INFO  server.RaftServerConfigKeys (ConfUtils.java:logGet(46)) - raft.server.rpc.slowness.timeout = 60s (default)
2023-09-01 02:13:34,890 [s2-groupManagement] INFO  server.RaftServerConfigKeys (ConfUtils.java:logGet(46)) - raft.server.leaderelection.leader.step-down.wait-time = 10s (default)
2023-09-01 02:13:34,890 [s2-groupManagement] INFO  server.RaftServerConfigKeys (ConfUtils.java:logGet(46)) - raft.server.sleep.deviation.threshold = 300ms (default)
2023-09-01 02:13:34,890 [s2-groupManagement] INFO  server.RaftServer$Division (ServerState.java:<init>(113)) - s2@group-B005AB42B387: ConfigurationManager, init=-1: peers:[]|listeners:[], old=null, confs=<EMPTY_MAP>
2023-09-01 02:13:34,890 [s2-groupManagement] INFO  server.RaftServerConfigKeys (ConfUtils.java:logGet(46)) - raft.server.notification.no-leader.timeout = 60s (default)
2023-09-01 02:13:34,890 [s2-groupManagement] INFO  server.RaftServerConfigKeys (ConfUtils.java:logGet(46)) - raft.server.read.timeout = 10s (default)
2023-09-01 02:13:34,890 [s2-groupManagement] INFO  server.RaftServerConfigKeys (ConfUtils.java:logGet(46)) - raft.server.retrycache.expirytime = 60s (default)
2023-09-01 02:13:34,890 [s2-groupManagement] INFO  server.RaftServerConfigKeys (ConfUtils.java:logGet(46)) - raft.server.retrycache.statistics.expirytime = 100μs (default)
2023-09-01 02:13:34,890 [s1-impl-thread1] INFO  storage.RaftStorageDirectory (RaftStorageDirectoryImpl.java:tryLock(232)) - Lock on /home/runner/work/ratis/ratis/ratis-test/target/test/data/1f94b248/MiniRaftClusterWithGrpce70da610/s1/8946c578-2cb3-44e1-8caa-b005ab42b387/in_use.lock acquired by nodename 15545@fv-az41-939
2023-09-01 02:13:34,890 [s2-groupManagement] INFO  server.RaftServerConfigKeys (ConfUtils.java:logGet(46)) - raft.server.read.option = DEFAULT (default)
2023-09-01 02:13:34,891 [s1-impl-thread1] TRACE util.FileUtils (LogUtils.java:runAndLog(49)) - Successfully ran Files.createDirectories /home/runner/work/ratis/ratis/ratis-test/target/test/data/1f94b248/MiniRaftClusterWithGrpce70da610/s1/8946c578-2cb3-44e1-8caa-b005ab42b387/current
2023-09-01 02:13:34,891 [s1-impl-thread1] TRACE util.FileUtils (LogUtils.java:runAndLog(49)) - Successfully ran Files.createDirectories /home/runner/work/ratis/ratis/ratis-test/target/test/data/1f94b248/MiniRaftClusterWithGrpce70da610/s1/8946c578-2cb3-44e1-8caa-b005ab42b387/sm
2023-09-01 02:13:34,891 [s2-groupManagement] INFO  server.RaftServerConfigKeys (ConfUtils.java:logGet(46)) - raft.server.rpc.request.timeout = 3000ms (default)
2023-09-01 02:13:34,891 [s2-groupManagement] INFO  server.RaftServerConfigKeys (ConfUtils.java:logGet(46)) - raft.server.log.appender.install.snapshot.enabled = true (default)
2023-09-01 02:13:34,891 [s2-groupManagement] INFO  server.RaftServerConfigKeys (ConfUtils.java:logGet(46)) - raft.server.threadpool.server.cached = true (default)
2023-09-01 02:13:34,891 [s2-groupManagement] INFO  server.RaftServerConfigKeys (ConfUtils.java:logGet(46)) - raft.server.threadpool.server.size = 0 (default)
2023-09-01 02:13:34,891 [s2-groupManagement] INFO  server.RaftServerConfigKeys (ConfUtils.java:logGet(46)) - raft.server.threadpool.client.cached = true (default)
2023-09-01 02:13:34,891 [s2-groupManagement] INFO  server.RaftServerConfigKeys (ConfUtils.java:logGet(46)) - raft.server.threadpool.client.size = 0 (default)
2023-09-01 02:13:34,891 [s1-impl-thread1] INFO  storage.RaftStorage (RaftStorageImpl.java:format(97)) - Storage directory /home/runner/work/ratis/ratis/ratis-test/target/test/data/1f94b248/MiniRaftClusterWithGrpce70da610/s1/8946c578-2cb3-44e1-8caa-b005ab42b387 has been successfully formatted.
2023-09-01 02:13:34,892 [s1-impl-thread1] INFO  impl.SimpleStateMachine4Testing (SimpleStateMachine4Testing.java:initialize(213)) - Initializing StateMachineWithSeparatedSnapshotPath:uninitialized
2023-09-01 02:13:34,892 [s1-impl-thread1] INFO  impl.SimpleStateMachine4Testing (SimpleStateMachine4Testing.java:loadSnapshot(293)) - Loading snapshot null
2023-09-01 02:13:34,892 [s1-impl-thread1] TRACE util.FileUtils (FileUtils.java:deleteFully(201)) - deleteFully /tmp/ratis-tests/statemachine/s1
2023-09-01 02:13:34,892 [s1-impl-thread1] TRACE util.FileUtils (LogUtils.java:runAndLog(49)) - Successfully ran Files.delete /tmp/ratis-tests/statemachine/s1/snapshot/1_258/loves
2023-09-01 02:13:34,892 [s1-impl-thread1] TRACE util.FileUtils (LogUtils.java:runAndLog(49)) - Successfully ran Files.delete /tmp/ratis-tests/statemachine/s1/snapshot/1_258/deer
2023-09-01 02:13:34,892 [s1-impl-thread1] TRACE util.FileUtils (LogUtils.java:runAndLog(49)) - Successfully ran Files.delete /tmp/ratis-tests/statemachine/s1/snapshot/1_258/vegetable
2023-09-01 02:13:34,892 [s1-impl-thread1] TRACE util.FileUtils (LogUtils.java:runAndLog(49)) - Successfully ran Files.delete /tmp/ratis-tests/statemachine/s1/snapshot/1_258
2023-09-01 02:13:34,892 [s1-impl-thread1] TRACE util.FileUtils (LogUtils.java:runAndLog(49)) - Successfully ran Files.delete /tmp/ratis-tests/statemachine/s1/snapshot/1_254/loves
2023-09-01 02:13:34,892 [s1-impl-thread1] TRACE util.FileUtils (LogUtils.java:runAndLog(49)) - Successfully ran Files.delete /tmp/ratis-tests/statemachine/s1/snapshot/1_254/deer
2023-09-01 02:13:34,892 [s1-impl-thread1] TRACE util.FileUtils (LogUtils.java:runAndLog(49)) - Successfully ran Files.delete /tmp/ratis-tests/statemachine/s1/snapshot/1_254/vegetable
2023-09-01 02:13:34,892 [s1-impl-thread1] TRACE util.FileUtils (LogUtils.java:runAndLog(49)) - Successfully ran Files.delete /tmp/ratis-tests/statemachine/s1/snapshot/1_254
2023-09-01 02:13:34,892 [s1-impl-thread1] TRACE util.FileUtils (LogUtils.java:runAndLog(49)) - Successfully ran Files.delete /tmp/ratis-tests/statemachine/s1/snapshot
2023-09-01 02:13:34,893 [s1-impl-thread1] TRACE util.FileUtils (LogUtils.java:runAndLog(49)) - Successfully ran Files.delete /tmp/ratis-tests/statemachine/s1/tmp/snapshot-ebb0d8c3-186e-4cd9-ab79-70aebd1705f3/1_191/loves
2023-09-01 02:13:34,893 [s1-impl-thread1] TRACE util.FileUtils (LogUtils.java:runAndLog(49)) - Successfully ran Files.delete /tmp/ratis-tests/statemachine/s1/tmp/snapshot-ebb0d8c3-186e-4cd9-ab79-70aebd1705f3/1_191/loves.md5
2023-09-01 02:13:34,893 [s1-impl-thread1] TRACE util.FileUtils (LogUtils.java:runAndLog(49)) - Successfully ran Files.delete /tmp/ratis-tests/statemachine/s1/tmp/snapshot-ebb0d8c3-186e-4cd9-ab79-70aebd1705f3/1_191/deer
2023-09-01 02:13:34,893 [s1-impl-thread1] TRACE util.FileUtils (LogUtils.java:runAndLog(49)) - Successfully ran Files.delete /tmp/ratis-tests/statemachine/s1/tmp/snapshot-ebb0d8c3-186e-4cd9-ab79-70aebd1705f3/1_191/deer.md5
2023-09-01 02:13:34,893 [s1-impl-thread1] TRACE util.FileUtils (LogUtils.java:runAndLog(49)) - Successfully ran Files.delete /tmp/ratis-tests/statemachine/s1/tmp/snapshot-ebb0d8c3-186e-4cd9-ab79-70aebd1705f3/1_191
2023-09-01 02:13:34,893 [s1-impl-thread1] TRACE util.FileUtils (LogUtils.java:runAndLog(49)) - Successfully ran Files.delete /tmp/ratis-tests/statemachine/s1/tmp/snapshot-ebb0d8c3-186e-4cd9-ab79-70aebd1705f3
2023-09-01 02:13:34,893 [s1-impl-thread1] TRACE util.FileUtils (LogUtils.java:runAndLog(49)) - Successfully ran Files.delete /tmp/ratis-tests/statemachine/s1/tmp
2023-09-01 02:13:34,893 [s1-impl-thread1] TRACE util.FileUtils (LogUtils.java:runAndLog(49)) - Successfully ran Files.delete /tmp/ratis-tests/statemachine/s1
2023-09-01 02:13:34,893 [s1-impl-thread1] INFO  server.RaftServerConfigKeys (ConfUtils.java:logGet(46)) - raft.server.log.use.memory = false (default)
2023-09-01 02:13:34,893 [s1-impl-thread1] INFO  server.RaftServerConfigKeys (ConfUtils.java:logGet(46)) - raft.server.log.purge.gap = 8 (custom)
2023-09-01 02:13:34,893 [s1-impl-thread1] INFO  server.RaftServerConfigKeys (ConfUtils.java:logGet(46)) - raft.server.log.appender.buffer.byte-limit = 4MB (=4194304) (default)
2023-09-01 02:13:34,893 [s1-impl-thread1] INFO  server.RaftServerConfigKeys (ConfUtils.java:logGet(46)) - raft.server.log.statemachine.data.read.timeout = 1000ms (default)
2023-09-01 02:13:34,893 [s1-impl-thread1] INFO  server.RaftServerConfigKeys (ConfUtils.java:logGet(46)) - raft.server.log.purge.preservation.log.num = 0 (default)
2023-09-01 02:13:34,894 [s1-impl-thread1] INFO  server.RaftServerConfigKeys (ConfUtils.java:logGet(46)) - raft.server.log.segment.size.max = 8MB (=8388608) (default)
2023-09-01 02:13:34,894 [s1-impl-thread1] INFO  server.RaftServerConfigKeys (ConfUtils.java:logGet(46)) - raft.server.log.segment.cache.num.max = 6 (default)
2023-09-01 02:13:34,894 [s1-impl-thread1] INFO  server.RaftServerConfigKeys (ConfUtils.java:logGet(46)) - raft.server.log.segment.cache.size.max = 200MB (=209715200) (default)
2023-09-01 02:13:34,894 [s1-impl-thread1] INFO  server.RaftServerConfigKeys (ConfUtils.java:logGet(46)) - raft.server.log.appender.buffer.byte-limit = 4MB (=4194304) (default)
2023-09-01 02:13:34,894 [s1-impl-thread1] INFO  segmented.SegmentedRaftLogWorker (SegmentedRaftLogWorker.java:<init>(183)) - new s1@group-B005AB42B387-SegmentedRaftLogWorker for RaftStorageImpl:Storage Directory /home/runner/work/ratis/ratis/ratis-test/target/test/data/1f94b248/MiniRaftClusterWithGrpce70da610/s1/8946c578-2cb3-44e1-8caa-b005ab42b387
2023-09-01 02:13:34,894 [s1-impl-thread1] INFO  server.RaftServerConfigKeys (ConfUtils.java:logGet(46)) - raft.server.log.queue.byte-limit = 64MB (=67108864) (default)
2023-09-01 02:13:34,894 [s1-impl-thread1] INFO  server.RaftServerConfigKeys (ConfUtils.java:logGet(46)) - raft.server.log.queue.element-limit = 4096 (default)
2023-09-01 02:13:34,894 [s1-impl-thread1] INFO  server.RaftServerConfigKeys (ConfUtils.java:logGet(46)) - raft.server.log.segment.size.max = 8MB (=8388608) (default)
2023-09-01 02:13:34,894 [s1-impl-thread1] INFO  server.RaftServerConfigKeys (ConfUtils.java:logGet(46)) - raft.server.log.preallocated.size = 4MB (=4194304) (default)
2023-09-01 02:13:34,894 [s1-impl-thread1] INFO  server.RaftServerConfigKeys (ConfUtils.java:logGet(46)) - raft.server.log.force.sync.num = 128 (default)
2023-09-01 02:13:34,894 [s1-impl-thread1] INFO  server.RaftServerConfigKeys (ConfUtils.java:logGet(46)) - raft.server.log.statemachine.data.sync = true (default)
2023-09-01 02:13:34,894 [s1-impl-thread1] INFO  server.RaftServerConfigKeys (ConfUtils.java:logGet(46)) - raft.server.log.statemachine.data.sync.timeout = 10s (default)
2023-09-01 02:13:34,894 [s1-impl-thread1] INFO  server.RaftServerConfigKeys (ConfUtils.java:logGet(46)) - raft.server.log.statemachine.data.sync.timeout.retry = -1 (default)
2023-09-01 02:13:34,894 [s1-impl-thread1] INFO  server.RaftServerConfigKeys (ConfUtils.java:logGet(46)) - raft.server.log.write.buffer.size = 64KB (=65536) (default)
2023-09-01 02:13:34,894 [s1-impl-thread1] INFO  server.RaftServerConfigKeys (ConfUtils.java:logGet(46)) - raft.server.log.appender.buffer.byte-limit = 4MB (=4194304) (default)
2023-09-01 02:13:34,894 [s1-impl-thread1] INFO  server.RaftServerConfigKeys (ConfUtils.java:logGet(46)) - raft.server.log.unsafe-flush.enabled = false (default)
2023-09-01 02:13:34,894 [s1-impl-thread1] INFO  server.RaftServerConfigKeys (ConfUtils.java:logGet(46)) - raft.server.log.async-flush.enabled = false (default)
2023-09-01 02:13:34,894 [s1-impl-thread1] INFO  server.RaftServerConfigKeys (ConfUtils.java:logGet(46)) - raft.server.log.statemachine.data.caching.enabled = false (default)
2023-09-01 02:13:34,895 [s1-impl-thread1] INFO  segmented.SegmentedRaftLogWorker (SegmentedRaftLogWorker.java:lambda$new$0(134)) - s1@group-B005AB42B387-SegmentedRaftLogWorker: flushIndex: setUnconditionally 0 -> -1
2023-09-01 02:13:34,895 [s1-impl-thread1] INFO  segmented.SegmentedRaftLogWorker (SegmentedRaftLogWorker.java:lambda$new$0(134)) - s1@group-B005AB42B387-SegmentedRaftLogWorker: safeCacheEvictIndex: setUnconditionally 0 -> -1
2023-09-01 02:13:34,895 [s1-impl-thread1] INFO  server.RaftServer$Division (RaftServerImpl.java:start(390)) - s1@group-B005AB42B387: start with initializing state, conf=-1: peers:[]|listeners:[], old=null
2023-09-01 02:13:34,895 [s1-impl-thread1] INFO  server.RaftServer$Division (RaftServerImpl.java:setRole(371)) - s1@group-B005AB42B387: changes role from      null to FOLLOWER at term 0 for startInitializing
2023-09-01 02:13:34,895 [s1-impl-thread1] INFO  util.JmxRegister (JmxRegister.java:tryRegister(44)) - Successfully registered JMX Bean with object name Ratis:service=RaftServer,group=group-B005AB42B387,id=s1
2023-09-01 02:13:34,896 [s1-impl-thread1] INFO  server.RaftServerConfigKeys (ConfUtils.java:logGet(46)) - raft.server.snapshot.trigger-when-stop.enabled = true (default)
2023-09-01 02:13:34,896 [s1-impl-thread1] INFO  server.RaftServerConfigKeys (ConfUtils.java:logGet(46)) - raft.server.snapshot.auto.trigger.enabled = true (custom)
2023-09-01 02:13:34,896 [s1-impl-thread1] INFO  server.RaftServerConfigKeys (ConfUtils.java:logGet(46)) - raft.server.snapshot.auto.trigger.threshold = 64 (custom)
2023-09-01 02:13:34,896 [s1-impl-thread1] INFO  server.RaftServerConfigKeys (ConfUtils.java:logGet(46)) - raft.server.snapshot.retention.file.num = -1 (default)
2023-09-01 02:13:34,896 [s1-impl-thread1] INFO  server.RaftServerConfigKeys (ConfUtils.java:logGet(46)) - raft.server.log.purge.upto.snapshot.index = false (default)
2023-09-01 02:13:34,897 [Time-limited test] INFO  server.RaftServer (RaftServerProxy.java:startImpl(404)) - s1: start RPC server
2023-09-01 02:13:34,900 [Time-limited test] INFO  server.GrpcService (GrpcService.java:startImpl(302)) - s1: GrpcService started, listening on 36047
2023-09-01 02:13:34,901 [s2-impl-thread1] INFO  server.RaftServerConfigKeys (ConfUtils.java:logGet(46)) - raft.server.storage.free-space.min = 0MB (=0) (default)
2023-09-01 02:13:34,901 [JvmPauseMonitor10] INFO  util.JvmPauseMonitor (JvmPauseMonitor.java:run(146)) - JvmPauseMonitor-s1: Started
2023-09-01 02:13:34,901 [s2-impl-thread1] INFO  server.RaftServerConfigKeys (ConfUtils.java:logGet(46)) - raft.server.log.corruption.policy = EXCEPTION (default)
2023-09-01 02:13:34,901 [s2-impl-thread1] INFO  server.RaftServerConfigKeys (ConfUtils.java:logGet(46)) - raft.server.storage.dir = [/home/runner/work/ratis/ratis/ratis-test/target/test/data/1f94b248/MiniRaftClusterWithGrpce70da610/s2] (custom)
2023-09-01 02:13:34,901 [s2-impl-thread1] INFO  storage.RaftStorageDirectory (RaftStorageDirectoryImpl.java:analyzeStorage(138)) - The storage directory /home/runner/work/ratis/ratis/ratis-test/target/test/data/1f94b248/MiniRaftClusterWithGrpce70da610/s2/8946c578-2cb3-44e1-8caa-b005ab42b387 does not exist. Creating ...
2023-09-01 02:13:34,901 [s2-impl-thread1] TRACE util.FileUtils (LogUtils.java:runAndLog(49)) - Successfully ran Files.createDirectories /home/runner/work/ratis/ratis/ratis-test/target/test/data/1f94b248/MiniRaftClusterWithGrpce70da610/s2/8946c578-2cb3-44e1-8caa-b005ab42b387
2023-09-01 02:13:34,902 [s2-impl-thread1] INFO  storage.RaftStorageDirectory (RaftStorageDirectoryImpl.java:tryLock(232)) - Lock on /home/runner/work/ratis/ratis/ratis-test/target/test/data/1f94b248/MiniRaftClusterWithGrpce70da610/s2/8946c578-2cb3-44e1-8caa-b005ab42b387/in_use.lock acquired by nodename 15545@fv-az41-939
2023-09-01 02:13:34,902 [s2-impl-thread1] TRACE util.FileUtils (LogUtils.java:runAndLog(49)) - Successfully ran Files.createDirectories /home/runner/work/ratis/ratis/ratis-test/target/test/data/1f94b248/MiniRaftClusterWithGrpce70da610/s2/8946c578-2cb3-44e1-8caa-b005ab42b387/current
2023-09-01 02:13:34,902 [s2-impl-thread1] TRACE util.FileUtils (LogUtils.java:runAndLog(49)) - Successfully ran Files.createDirectories /home/runner/work/ratis/ratis/ratis-test/target/test/data/1f94b248/MiniRaftClusterWithGrpce70da610/s2/8946c578-2cb3-44e1-8caa-b005ab42b387/sm
2023-09-01 02:13:34,903 [s2-impl-thread1] INFO  storage.RaftStorage (RaftStorageImpl.java:format(97)) - Storage directory /home/runner/work/ratis/ratis/ratis-test/target/test/data/1f94b248/MiniRaftClusterWithGrpce70da610/s2/8946c578-2cb3-44e1-8caa-b005ab42b387 has been successfully formatted.
2023-09-01 02:13:34,903 [s2-impl-thread1] INFO  impl.SimpleStateMachine4Testing (SimpleStateMachine4Testing.java:initialize(213)) - Initializing StateMachineWithSeparatedSnapshotPath:uninitialized
2023-09-01 02:13:34,904 [s2-impl-thread1] INFO  impl.SimpleStateMachine4Testing (SimpleStateMachine4Testing.java:loadSnapshot(293)) - Loading snapshot null
2023-09-01 02:13:34,904 [s2-impl-thread1] TRACE util.FileUtils (FileUtils.java:deleteFully(201)) - deleteFully /tmp/ratis-tests/statemachine/s2
2023-09-01 02:13:34,904 [s2-impl-thread1] TRACE util.FileUtils (LogUtils.java:runAndLog(49)) - Successfully ran Files.delete /tmp/ratis-tests/statemachine/s2/snapshot/1_191/loves
2023-09-01 02:13:34,904 [s2-impl-thread1] TRACE util.FileUtils (LogUtils.java:runAndLog(49)) - Successfully ran Files.delete /tmp/ratis-tests/statemachine/s2/snapshot/1_191/loves.md5
2023-09-01 02:13:34,904 [s2-impl-thread1] TRACE util.FileUtils (LogUtils.java:runAndLog(49)) - Successfully ran Files.delete /tmp/ratis-tests/statemachine/s2/snapshot/1_191/deer
2023-09-01 02:13:34,904 [s2-impl-thread1] TRACE util.FileUtils (LogUtils.java:runAndLog(49)) - Successfully ran Files.delete /tmp/ratis-tests/statemachine/s2/snapshot/1_191/deer.md5
2023-09-01 02:13:34,904 [s2-impl-thread1] TRACE util.FileUtils (LogUtils.java:runAndLog(49)) - Successfully ran Files.delete /tmp/ratis-tests/statemachine/s2/snapshot/1_191/vegetable
2023-09-01 02:13:34,904 [s2-impl-thread1] TRACE util.FileUtils (LogUtils.java:runAndLog(49)) - Successfully ran Files.delete /tmp/ratis-tests/statemachine/s2/snapshot/1_191/vegetable.md5
2023-09-01 02:13:34,904 [s2-impl-thread1] TRACE util.FileUtils (LogUtils.java:runAndLog(49)) - Successfully ran Files.delete /tmp/ratis-tests/statemachine/s2/snapshot/1_191
2023-09-01 02:13:34,904 [s2-impl-thread1] TRACE util.FileUtils (LogUtils.java:runAndLog(49)) - Successfully ran Files.delete /tmp/ratis-tests/statemachine/s2/snapshot/1_258/loves
2023-09-01 02:13:34,904 [s2-impl-thread1] TRACE util.FileUtils (LogUtils.java:runAndLog(49)) - Successfully ran Files.delete /tmp/ratis-tests/statemachine/s2/snapshot/1_258/deer
2023-09-01 02:13:34,904 [s2-impl-thread1] TRACE util.FileUtils (LogUtils.java:runAndLog(49)) - Successfully ran Files.delete /tmp/ratis-tests/statemachine/s2/snapshot/1_258/vegetable
2023-09-01 02:13:34,904 [s2-impl-thread1] TRACE util.FileUtils (LogUtils.java:runAndLog(49)) - Successfully ran Files.delete /tmp/ratis-tests/statemachine/s2/snapshot/1_258
2023-09-01 02:13:34,904 [s2-impl-thread1] TRACE util.FileUtils (LogUtils.java:runAndLog(49)) - Successfully ran Files.delete /tmp/ratis-tests/statemachine/s2/snapshot/1_255/loves
2023-09-01 02:13:34,904 [s2-impl-thread1] TRACE util.FileUtils (LogUtils.java:runAndLog(49)) - Successfully ran Files.delete /tmp/ratis-tests/statemachine/s2/snapshot/1_255/deer
2023-09-01 02:13:34,904 [s2-impl-thread1] TRACE util.FileUtils (LogUtils.java:runAndLog(49)) - Successfully ran Files.delete /tmp/ratis-tests/statemachine/s2/snapshot/1_255/vegetable
2023-09-01 02:13:34,904 [s2-impl-thread1] TRACE util.FileUtils (LogUtils.java:runAndLog(49)) - Successfully ran Files.delete /tmp/ratis-tests/statemachine/s2/snapshot/1_255
2023-09-01 02:13:34,905 [s2-impl-thread1] TRACE util.FileUtils (LogUtils.java:runAndLog(49)) - Successfully ran Files.delete /tmp/ratis-tests/statemachine/s2/snapshot
2023-09-01 02:13:34,905 [s2-impl-thread1] TRACE util.FileUtils (LogUtils.java:runAndLog(49)) - Successfully ran Files.delete /tmp/ratis-tests/statemachine/s2/tmp
2023-09-01 02:13:34,905 [s2-impl-thread1] TRACE util.FileUtils (LogUtils.java:runAndLog(49)) - Successfully ran Files.delete /tmp/ratis-tests/statemachine/s2
2023-09-01 02:13:34,905 [s2-impl-thread1] INFO  server.RaftServerConfigKeys (ConfUtils.java:logGet(46)) - raft.server.log.use.memory = false (default)
2023-09-01 02:13:34,905 [s2-impl-thread1] INFO  server.RaftServerConfigKeys (ConfUtils.java:logGet(46)) - raft.server.log.purge.gap = 8 (custom)
2023-09-01 02:13:34,905 [s2-impl-thread1] INFO  server.RaftServerConfigKeys (ConfUtils.java:logGet(46)) - raft.server.log.appender.buffer.byte-limit = 4MB (=4194304) (default)
2023-09-01 02:13:34,905 [s2-impl-thread1] INFO  server.RaftServerConfigKeys (ConfUtils.java:logGet(46)) - raft.server.log.statemachine.data.read.timeout = 1000ms (default)
2023-09-01 02:13:34,905 [s2-impl-thread1] INFO  server.RaftServerConfigKeys (ConfUtils.java:logGet(46)) - raft.server.log.purge.preservation.log.num = 0 (default)
2023-09-01 02:13:34,905 [s2-impl-thread1] INFO  server.RaftServerConfigKeys (ConfUtils.java:logGet(46)) - raft.server.log.segment.size.max = 8MB (=8388608) (default)
2023-09-01 02:13:34,905 [s2-impl-thread1] INFO  server.RaftServerConfigKeys (ConfUtils.java:logGet(46)) - raft.server.log.segment.cache.num.max = 6 (default)
2023-09-01 02:13:34,905 [s2-impl-thread1] INFO  server.RaftServerConfigKeys (ConfUtils.java:logGet(46)) - raft.server.log.segment.cache.size.max = 200MB (=209715200) (default)
2023-09-01 02:13:34,905 [s2-impl-thread1] INFO  server.RaftServerConfigKeys (ConfUtils.java:logGet(46)) - raft.server.log.appender.buffer.byte-limit = 4MB (=4194304) (default)
2023-09-01 02:13:34,906 [s2-impl-thread1] INFO  segmented.SegmentedRaftLogWorker (SegmentedRaftLogWorker.java:<init>(183)) - new s2@group-B005AB42B387-SegmentedRaftLogWorker for RaftStorageImpl:Storage Directory /home/runner/work/ratis/ratis/ratis-test/target/test/data/1f94b248/MiniRaftClusterWithGrpce70da610/s2/8946c578-2cb3-44e1-8caa-b005ab42b387
2023-09-01 02:13:34,906 [s2-impl-thread1] INFO  server.RaftServerConfigKeys (ConfUtils.java:logGet(46)) - raft.server.log.queue.byte-limit = 64MB (=67108864) (default)
2023-09-01 02:13:34,906 [s2-impl-thread1] INFO  server.RaftServerConfigKeys (ConfUtils.java:logGet(46)) - raft.server.log.queue.element-limit = 4096 (default)
2023-09-01 02:13:34,906 [s2-impl-thread1] INFO  server.RaftServerConfigKeys (ConfUtils.java:logGet(46)) - raft.server.log.segment.size.max = 8MB (=8388608) (default)
2023-09-01 02:13:34,906 [s2-impl-thread1] INFO  server.RaftServerConfigKeys (ConfUtils.java:logGet(46)) - raft.server.log.preallocated.size = 4MB (=4194304) (default)
2023-09-01 02:13:34,906 [s2-impl-thread1] INFO  server.RaftServerConfigKeys (ConfUtils.java:logGet(46)) - raft.server.log.force.sync.num = 128 (default)
2023-09-01 02:13:34,906 [s2-impl-thread1] INFO  server.RaftServerConfigKeys (ConfUtils.java:logGet(46)) - raft.server.log.statemachine.data.sync = true (default)
2023-09-01 02:13:34,906 [s2-impl-thread1] INFO  server.RaftServerConfigKeys (ConfUtils.java:logGet(46)) - raft.server.log.statemachine.data.sync.timeout = 10s (default)
2023-09-01 02:13:34,906 [s2-impl-thread1] INFO  server.RaftServerConfigKeys (ConfUtils.java:logGet(46)) - raft.server.log.statemachine.data.sync.timeout.retry = -1 (default)
2023-09-01 02:13:34,906 [s2-impl-thread1] INFO  server.RaftServerConfigKeys (ConfUtils.java:logGet(46)) - raft.server.log.write.buffer.size = 64KB (=65536) (default)
2023-09-01 02:13:34,906 [s2-impl-thread1] INFO  server.RaftServerConfigKeys (ConfUtils.java:logGet(46)) - raft.server.log.appender.buffer.byte-limit = 4MB (=4194304) (default)
2023-09-01 02:13:34,906 [s2-impl-thread1] INFO  server.RaftServerConfigKeys (ConfUtils.java:logGet(46)) - raft.server.log.unsafe-flush.enabled = false (default)
2023-09-01 02:13:34,906 [s2-impl-thread1] INFO  server.RaftServerConfigKeys (ConfUtils.java:logGet(46)) - raft.server.log.async-flush.enabled = false (default)
2023-09-01 02:13:34,906 [s2-impl-thread1] INFO  server.RaftServerConfigKeys (ConfUtils.java:logGet(46)) - raft.server.log.statemachine.data.caching.enabled = false (default)
2023-09-01 02:13:34,906 [s2-impl-thread1] INFO  segmented.SegmentedRaftLogWorker (SegmentedRaftLogWorker.java:lambda$new$0(134)) - s2@group-B005AB42B387-SegmentedRaftLogWorker: flushIndex: setUnconditionally 0 -> -1
2023-09-01 02:13:34,906 [s2-impl-thread1] INFO  segmented.SegmentedRaftLogWorker (SegmentedRaftLogWorker.java:lambda$new$0(134)) - s2@group-B005AB42B387-SegmentedRaftLogWorker: safeCacheEvictIndex: setUnconditionally 0 -> -1
2023-09-01 02:13:34,907 [s2-impl-thread1] INFO  server.RaftServer$Division (RaftServerImpl.java:start(390)) - s2@group-B005AB42B387: start with initializing state, conf=-1: peers:[]|listeners:[], old=null
2023-09-01 02:13:34,907 [s2-impl-thread1] INFO  server.RaftServer$Division (RaftServerImpl.java:setRole(371)) - s2@group-B005AB42B387: changes role from      null to FOLLOWER at term 0 for startInitializing
2023-09-01 02:13:34,907 [s2-impl-thread1] INFO  util.JmxRegister (JmxRegister.java:tryRegister(44)) - Successfully registered JMX Bean with object name Ratis:service=RaftServer,group=group-B005AB42B387,id=s2
2023-09-01 02:13:34,907 [s2-impl-thread1] INFO  server.RaftServerConfigKeys (ConfUtils.java:logGet(46)) - raft.server.snapshot.trigger-when-stop.enabled = true (default)
2023-09-01 02:13:34,907 [s2-impl-thread1] INFO  server.RaftServerConfigKeys (ConfUtils.java:logGet(46)) - raft.server.snapshot.auto.trigger.enabled = true (custom)
2023-09-01 02:13:34,907 [s2-impl-thread1] INFO  server.RaftServerConfigKeys (ConfUtils.java:logGet(46)) - raft.server.snapshot.auto.trigger.threshold = 64 (custom)
2023-09-01 02:13:34,907 [s2-impl-thread1] INFO  server.RaftServerConfigKeys (ConfUtils.java:logGet(46)) - raft.server.snapshot.retention.file.num = -1 (default)
2023-09-01 02:13:34,907 [s2-impl-thread1] INFO  server.RaftServerConfigKeys (ConfUtils.java:logGet(46)) - raft.server.log.purge.upto.snapshot.index = false (default)
2023-09-01 02:13:34,907 [Time-limited test] INFO  server.RaftServer (RaftServerProxy.java:startImpl(404)) - s2: start RPC server
2023-09-01 02:13:34,909 [Time-limited test] INFO  server.GrpcService (GrpcService.java:startImpl(302)) - s2: GrpcService started, listening on 43007
2023-09-01 02:13:34,909 [Time-limited test] INFO  impl.MiniRaftCluster (MiniRaftCluster.java:setConfiguration(819)) - Start changing the configuration: [s1|rpc:0.0.0.0:36047|priority:0|startupRole:FOLLOWER, s2|rpc:0.0.0.0:43007|priority:0|startupRole:FOLLOWER, s0|rpc:localhost:34237|admin:localhost:46111|client:localhost:41849|dataStream:localhost:35589|priority:0|startupRole:FOLLOWER]
2023-09-01 02:13:34,911 [JvmPauseMonitor11] INFO  util.JvmPauseMonitor (JvmPauseMonitor.java:run(146)) - JvmPauseMonitor-s2: Started
2023-09-01 02:13:34,917 [s0-server-thread1] INFO  server.RaftServer$Division (RaftServerImpl.java:setConfigurationAsync(1237)) - s0@group-B005AB42B387: receive setConfiguration SetConfigurationRequest:client-89B295F905A6->s0@group-B005AB42B387, cid=515, seq=0, RW, null, SET_UNCONDITIONALLY, servers:[s1|rpc:0.0.0.0:36047|dataStream:|priority:0|startupRole:FOLLOWER, s2|rpc:0.0.0.0:43007|dataStream:|priority:0|startupRole:FOLLOWER, s0|rpc:localhost:34237|admin:localhost:46111|client:localhost:41849|dataStream:localhost:35589|priority:0|startupRole:FOLLOWER], listeners:[]
2023-09-01 02:13:34,917 [s0-server-thread1] INFO  server.RaftServer$Division (LeaderStateImpl.java:startSetConfiguration(471)) - s0@group-B005AB42B387-LeaderStateImpl: startSetConfiguration SetConfigurationRequest:client-89B295F905A6->s0@group-B005AB42B387, cid=515, seq=0, RW, null, SET_UNCONDITIONALLY, servers:[s1|rpc:0.0.0.0:36047|dataStream:|priority:0|startupRole:FOLLOWER, s2|rpc:0.0.0.0:43007|dataStream:|priority:0|startupRole:FOLLOWER, s0|rpc:localhost:34237|admin:localhost:46111|client:localhost:41849|dataStream:localhost:35589|priority:0|startupRole:FOLLOWER], listeners:[]
2023-09-01 02:13:34,917 [s0-server-thread1] INFO  server.RaftServerConfigKeys (ConfUtils.java:logGet(46)) - raft.server.log.appender.snapshot.chunk.size.max = 1k (=1024) (custom)
2023-09-01 02:13:34,917 [s0-server-thread1] INFO  server.RaftServerConfigKeys (ConfUtils.java:logGet(46)) - raft.server.log.appender.buffer.byte-limit = 4MB (=4194304) (default)
2023-09-01 02:13:34,917 [s0-server-thread1] INFO  server.RaftServerConfigKeys (ConfUtils.java:logGet(46)) - raft.server.log.appender.buffer.element-limit = 0 (default)
2023-09-01 02:13:34,917 [s0-server-thread1] INFO  server.RaftServerConfigKeys (ConfUtils.java:logGet(46)) - raft.server.log.appender.wait-time.min = 10ms (default)
2023-09-01 02:13:34,917 [s0-server-thread1] INFO  grpc.GrpcConfigKeys (ConfUtils.java:logGet(46)) - raft.grpc.server.leader.outstanding.appends.max = 128 (default)
2023-09-01 02:13:34,917 [s0-server-thread1] INFO  server.RaftServerConfigKeys (ConfUtils.java:logGet(46)) - raft.server.rpc.request.timeout = 3000ms (default)
2023-09-01 02:13:34,917 [s0-server-thread1] INFO  grpc.GrpcConfigKeys (ConfUtils.java:logGet(46)) - raft.grpc.server.install_snapshot.request.element-limit = 8 (default)
2023-09-01 02:13:34,917 [s0-server-thread1] INFO  grpc.GrpcConfigKeys (ConfUtils.java:logGet(46)) - raft.grpc.server.install_snapshot.request.timeout = 3000ms (default)
2023-09-01 02:13:34,917 [s0-server-thread1] INFO  server.RaftServerConfigKeys (ConfUtils.java:logGet(46)) - raft.server.log.appender.install.snapshot.enabled = true (default)
2023-09-01 02:13:34,918 [s0-server-thread1] INFO  grpc.GrpcConfigKeys (ConfUtils.java:logGet(46)) - raft.grpc.server.heartbeat.channel = true (default)
2023-09-01 02:13:34,918 [s0-server-thread1] INFO  server.RaftServerConfigKeys (ConfUtils.java:logGet(46)) - raft.server.log.appender.snapshot.chunk.size.max = 1k (=1024) (custom)
2023-09-01 02:13:34,918 [s0-server-thread1] INFO  server.RaftServerConfigKeys (ConfUtils.java:logGet(46)) - raft.server.log.appender.buffer.byte-limit = 4MB (=4194304) (default)
2023-09-01 02:13:34,918 [s0-server-thread1] INFO  server.RaftServerConfigKeys (ConfUtils.java:logGet(46)) - raft.server.log.appender.buffer.element-limit = 0 (default)
2023-09-01 02:13:34,918 [s0-server-thread1] INFO  server.RaftServerConfigKeys (ConfUtils.java:logGet(46)) - raft.server.log.appender.wait-time.min = 10ms (default)
2023-09-01 02:13:34,918 [s0-server-thread1] INFO  grpc.GrpcConfigKeys (ConfUtils.java:logGet(46)) - raft.grpc.server.leader.outstanding.appends.max = 128 (default)
2023-09-01 02:13:34,918 [s0-server-thread1] INFO  server.RaftServerConfigKeys (ConfUtils.java:logGet(46)) - raft.server.rpc.request.timeout = 3000ms (default)
2023-09-01 02:13:34,918 [s0-server-thread1] INFO  grpc.GrpcConfigKeys (ConfUtils.java:logGet(46)) - raft.grpc.server.install_snapshot.request.element-limit = 8 (default)
2023-09-01 02:13:34,918 [s0-server-thread1] INFO  grpc.GrpcConfigKeys (ConfUtils.java:logGet(46)) - raft.grpc.server.install_snapshot.request.timeout = 3000ms (default)
2023-09-01 02:13:34,918 [s0-server-thread1] INFO  server.RaftServerConfigKeys (ConfUtils.java:logGet(46)) - raft.server.log.appender.install.snapshot.enabled = true (default)
2023-09-01 02:13:34,918 [s0-server-thread1] INFO  grpc.GrpcConfigKeys (ConfUtils.java:logGet(46)) - raft.grpc.server.heartbeat.channel = true (default)
2023-09-01 02:13:34,919 [s0@group-B005AB42B387->s1-GrpcLogAppender-LogAppenderDaemon] INFO  server.GrpcLogAppender (GrpcLogAppender.java:installSnapshot(640)) - s0@group-B005AB42B387->s1-GrpcLogAppender: followerNextIndex = 0 but logStartIndex = 0, send snapshot FileListSnapshotInfo(t:1, i:191):[/tmp/ratis-tests/statemachine/s0/snapshot/1_191/loves, /tmp/ratis-tests/statemachine/s0/snapshot/1_191/deer, /tmp/ratis-tests/statemachine/s0/snapshot/1_191/vegetable] to follower
2023-09-01 02:13:34,919 [s0@group-B005AB42B387->s1-GrpcLogAppender-LogAppenderDaemon] INFO  server.GrpcServerProtocolClient (GrpcServerProtocolClient.java:<init>(66)) - Build channel for s1
2023-09-01 02:13:34,921 [s0@group-B005AB42B387->s2-GrpcLogAppender-LogAppenderDaemon] INFO  server.GrpcLogAppender (GrpcLogAppender.java:installSnapshot(640)) - s0@group-B005AB42B387->s2-GrpcLogAppender: followerNextIndex = 0 but logStartIndex = 0, send snapshot FileListSnapshotInfo(t:1, i:191):[/tmp/ratis-tests/statemachine/s0/snapshot/1_191/loves, /tmp/ratis-tests/statemachine/s0/snapshot/1_191/deer, /tmp/ratis-tests/statemachine/s0/snapshot/1_191/vegetable] to follower
2023-09-01 02:13:34,921 [s0@group-B005AB42B387->s2-GrpcLogAppender-LogAppenderDaemon] INFO  server.GrpcServerProtocolClient (GrpcServerProtocolClient.java:<init>(66)) - Build channel for s2
2023-09-01 02:13:34,923 [grpc-default-executor-0] INFO  impl.SnapshotInstallationHandler (SnapshotInstallationHandler.java:installSnapshot(89)) - s1@group-B005AB42B387: receive installSnapshot: s0->s1#0-t1,chunk:c8dd0c5c-52e6-4c3a-a51d-d046d464f23b,0
2023-09-01 02:13:34,925 [grpc-default-executor-0] INFO  server.RaftServer$Division (RaftServerImpl.java:setFirstElection(556)) - s1@group-B005AB42B387: set firstElectionSinceStartup to false for installSnapshot
2023-09-01 02:13:34,925 [grpc-default-executor-0] INFO  server.RaftServer$Division (ServerState.java:setLeader(260)) - s1@group-B005AB42B387: change Leader from null to s0 at term 1 for installSnapshot, leader elected after 41ms
2023-09-01 02:13:34,925 [grpc-default-executor-0] TRACE util.FileUtils (LogUtils.java:runAndLog(49)) - Successfully ran Files.createDirectories /tmp/ratis-tests/statemachine/s1/tmp/snapshot-c8dd0c5c-52e6-4c3a-a51d-d046d464f23b
2023-09-01 02:13:34,925 [grpc-default-executor-0] INFO  storage.SnapshotManager (SnapshotManager.java:installSnapshot(89)) - Installing snapshot:s0->s1#0-t1,chunk:c8dd0c5c-52e6-4c3a-a51d-d046d464f23b,0, to tmp dir:/tmp/ratis-tests/statemachine/s1/tmp/snapshot-c8dd0c5c-52e6-4c3a-a51d-d046d464f23b
2023-09-01 02:13:34,925 [grpc-default-executor-0] TRACE util.FileUtils (LogUtils.java:runAndLog(49)) - Successfully ran Files.createDirectories /tmp/ratis-tests/statemachine/s1/tmp/snapshot-c8dd0c5c-52e6-4c3a-a51d-d046d464f23b/1_191
2023-09-01 02:13:34,926 [grpc-default-executor-0] INFO  impl.SnapshotInstallationHandler (SnapshotInstallationHandler.java:installSnapshotImpl(134)) - s1@group-B005AB42B387: set new configuration configurationEntry {
  peers {
    id: "s0"
    address: "localhost:34237"
    dataStreamAddress: "localhost:35589"
    clientAddress: "localhost:41849"
    adminAddress: "localhost:46111"
    startupRole: FOLLOWER
  }
}
 from snapshot
2023-09-01 02:13:34,927 [grpc-default-executor-0] INFO  server.RaftServer$Division (ServerState.java:setRaftConf(377)) - s1@group-B005AB42B387: set configuration 0: peers:[s0|rpc:localhost:34237|admin:localhost:46111|client:localhost:41849|dataStream:localhost:35589|priority:0|startupRole:FOLLOWER]|listeners:[], old=null
2023-09-01 02:13:34,927 [grpc-default-executor-0] INFO  impl.SnapshotInstallationHandler (SnapshotInstallationHandler.java:installSnapshot(100)) - s1@group-B005AB42B387: reply installSnapshot: s0<-s1#0:OK-t0,SUCCESS,requestIndex=0
2023-09-01 02:13:34,927 [grpc-default-executor-1] INFO  server.GrpcLogAppender (GrpcLogAppender.java:onNext(543)) - s0@group-B005AB42B387->s1-InstallSnapshotResponseHandler: received the first reply s0<-s1#0:OK-t0,SUCCESS,requestIndex=0
2023-09-01 02:13:34,927 [grpc-default-executor-1] INFO  server.GrpcLogAppender (GrpcLogAppender.java:onNext(557)) - s0@group-B005AB42B387->s1-InstallSnapshotResponseHandler: Completed InstallSnapshot. Reply: serverReply {
  requestorId: "s0"
  replyId: "s1"
  raftGroupId {
    id: "\211F\305x,\263D\341\214\252\260\005\253B\263\207"
  }
  success: true
}
requestIndex: 0

2023-09-01 02:13:34,927 [grpc-default-executor-1] INFO  leader.FollowerInfo (FollowerInfoImpl.java:setAttemptedToInstallSnapshot(126)) - Follower s0@group-B005AB42B387->s1 acknowledged installing snapshot
2023-09-01 02:13:34,928 [grpc-default-executor-0] INFO  impl.SnapshotInstallationHandler (SnapshotInstallationHandler.java:installSnapshot(89)) - s1@group-B005AB42B387: receive installSnapshot: s0->s1#0-t1,chunk:c8dd0c5c-52e6-4c3a-a51d-d046d464f23b,1
2023-09-01 02:13:34,928 [grpc-default-executor-0] TRACE util.FileUtils (LogUtils.java:runAndLog(49)) - Successfully ran Files.createDirectories /tmp/ratis-tests/statemachine/s1/tmp/snapshot-c8dd0c5c-52e6-4c3a-a51d-d046d464f23b
2023-09-01 02:13:34,928 [grpc-default-executor-0] INFO  storage.SnapshotManager (SnapshotManager.java:installSnapshot(89)) - Installing snapshot:s0->s1#0-t1,chunk:c8dd0c5c-52e6-4c3a-a51d-d046d464f23b,1, to tmp dir:/tmp/ratis-tests/statemachine/s1/tmp/snapshot-c8dd0c5c-52e6-4c3a-a51d-d046d464f23b
2023-09-01 02:13:34,928 [grpc-default-executor-0] TRACE util.FileUtils (LogUtils.java:runAndLog(49)) - Successfully ran Files.createDirectories /tmp/ratis-tests/statemachine/s1/tmp/snapshot-c8dd0c5c-52e6-4c3a-a51d-d046d464f23b/1_191
2023-09-01 02:13:34,930 [grpc-default-executor-0] INFO  impl.SnapshotInstallationHandler (SnapshotInstallationHandler.java:installSnapshot(100)) - s1@group-B005AB42B387: reply installSnapshot: s0<-s1#0:OK-t1,SUCCESS,requestIndex=1
2023-09-01 02:13:34,930 [grpc-default-executor-1] INFO  server.GrpcLogAppender (GrpcLogAppender.java:onNext(543)) - s0@group-B005AB42B387->s1-InstallSnapshotResponseHandler: received a reply s0<-s1#0:OK-t1,SUCCESS,requestIndex=1
2023-09-01 02:13:34,930 [grpc-default-executor-1] INFO  server.GrpcLogAppender (GrpcLogAppender.java:onNext(557)) - s0@group-B005AB42B387->s1-InstallSnapshotResponseHandler: Completed InstallSnapshot. Reply: serverReply {
  requestorId: "s0"
  replyId: "s1"
  raftGroupId {
    id: "\211F\305x,\263D\341\214\252\260\005\253B\263\207"
  }
  success: true
}
term: 1
requestIndex: 1

2023-09-01 02:13:34,930 [grpc-default-executor-1] INFO  leader.FollowerInfo (FollowerInfoImpl.java:setAttemptedToInstallSnapshot(126)) - Follower s0@group-B005AB42B387->s1 acknowledged installing snapshot
2023-09-01 02:13:34,930 [grpc-default-executor-0] INFO  impl.SnapshotInstallationHandler (SnapshotInstallationHandler.java:installSnapshot(89)) - s1@group-B005AB42B387: receive installSnapshot: s0->s1#0-t1,chunk:c8dd0c5c-52e6-4c3a-a51d-d046d464f23b,2
2023-09-01 02:13:34,931 [grpc-default-executor-0] TRACE util.FileUtils (LogUtils.java:runAndLog(49)) - Successfully ran Files.createDirectories /tmp/ratis-tests/statemachine/s1/tmp/snapshot-c8dd0c5c-52e6-4c3a-a51d-d046d464f23b
2023-09-01 02:13:34,931 [grpc-default-executor-0] INFO  storage.SnapshotManager (SnapshotManager.java:installSnapshot(89)) - Installing snapshot:s0->s1#0-t1,chunk:c8dd0c5c-52e6-4c3a-a51d-d046d464f23b,2, to tmp dir:/tmp/ratis-tests/statemachine/s1/tmp/snapshot-c8dd0c5c-52e6-4c3a-a51d-d046d464f23b
2023-09-01 02:13:34,931 [grpc-default-executor-0] TRACE util.FileUtils (LogUtils.java:runAndLog(49)) - Successfully ran Files.createDirectories /tmp/ratis-tests/statemachine/s1/tmp/snapshot-c8dd0c5c-52e6-4c3a-a51d-d046d464f23b/1_191
2023-09-01 02:13:34,931 [grpc-default-executor-0] INFO  storage.SnapshotManager (SnapshotManager.java:rename(168)) - Installed snapshot, renaming temporary dir /tmp/ratis-tests/statemachine/s1/tmp/snapshot-c8dd0c5c-52e6-4c3a-a51d-d046d464f23b to /tmp/ratis-tests/statemachine/s1/snapshot
2023-09-01 02:13:34,932 [grpc-default-executor-0] TRACE util.FileUtils (LogUtils.java:runAndLog(49)) - Successfully ran Atomic Files.move /tmp/ratis-tests/statemachine/s1/snapshot to /tmp/ratis-tests/statemachine/s1/snapshot.tmp20230901-021334_931
2023-09-01 02:13:34,936 [grpc-default-executor-0] TRACE util.FileUtils (LogUtils.java:runAndLog(49)) - Successfully ran Atomic Files.move /tmp/ratis-tests/statemachine/s1/tmp/snapshot-c8dd0c5c-52e6-4c3a-a51d-d046d464f23b to /tmp/ratis-tests/statemachine/s1/snapshot
2023-09-01 02:13:34,936 [grpc-default-executor-0] TRACE util.FileUtils (FileUtils.java:deleteFully(201)) - deleteFully /tmp/ratis-tests/statemachine/s1/snapshot.tmp20230901-021334_931
2023-09-01 02:13:34,936 [grpc-default-executor-0] TRACE util.FileUtils (LogUtils.java:runAndLog(49)) - Successfully ran Files.delete /tmp/ratis-tests/statemachine/s1/snapshot.tmp20230901-021334_931
2023-09-01 02:13:34,936 [grpc-default-executor-0] INFO  raftlog.RaftLog (RaftLogBase.java:lambda$new$0(54)) - s1@group-B005AB42B387-SegmentedRaftLog: snapshotIndex: updateIncreasingly -1 -> 191
2023-09-01 02:13:34,936 [s1@group-B005AB42B387-StateMachineUpdater] INFO  impl.SimpleStateMachine4Testing (SimpleStateMachine4Testing.java:reinitialize(236)) - Reinitializing StateMachineWithSeparatedSnapshotPath:s1:group-B005AB42B387
2023-09-01 02:13:34,937 [s1@group-B005AB42B387-StateMachineUpdater] INFO  impl.SimpleStateMachine4Testing (SimpleStateMachine4Testing.java:loadSnapshot(293)) - Loading snapshot null
2023-09-01 02:13:34,937 [s1@group-B005AB42B387-StateMachineUpdater] INFO  impl.StateMachineUpdater (StateMachineUpdater.java:lambda$new$0(98)) - s1@group-B005AB42B387-StateMachineUpdater: snapshotIndex: setUnconditionally -1 -> 191
2023-09-01 02:13:34,937 [s1@group-B005AB42B387-StateMachineUpdater] INFO  impl.StateMachineUpdater (StateMachineUpdater.java:lambda$new$0(98)) - s1@group-B005AB42B387-StateMachineUpdater: appliedIndex: setUnconditionally -1 -> 191
2023-09-01 02:13:34,936 [grpc-default-executor-0] INFO  segmented.SegmentedRaftLogWorker (SegmentedRaftLogWorker.java:lambda$new$0(134)) - s1@group-B005AB42B387-SegmentedRaftLogWorker: flushIndex: setUnconditionally -1 -> 191
2023-09-01 02:13:34,937 [grpc-default-executor-0] INFO  segmented.SegmentedRaftLogWorker (SegmentedRaftLogWorker.java:lambda$new$0(134)) - s1@group-B005AB42B387-SegmentedRaftLogWorker: safeCacheEvictIndex: setUnconditionally -1 -> 191
2023-09-01 02:13:34,937 [grpc-default-executor-0] INFO  impl.SnapshotInstallationHandler (SnapshotInstallationHandler.java:checkAndInstallSnapshot(194)) - s1@group-B005AB42B387: successfully install the entire snapshot-191
2023-09-01 02:13:34,937 [grpc-default-executor-0] INFO  impl.SnapshotInstallationHandler (SnapshotInstallationHandler.java:installSnapshot(100)) - s1@group-B005AB42B387: reply installSnapshot: s0<-s1#0:OK-t1,SUCCESS,requestIndex=2
2023-09-01 02:13:34,937 [grpc-default-executor-1] INFO  server.GrpcLogAppender (GrpcLogAppender.java:onNext(543)) - s0@group-B005AB42B387->s1-InstallSnapshotResponseHandler: received a reply s0<-s1#0:OK-t1,SUCCESS,requestIndex=2
2023-09-01 02:13:34,937 [grpc-default-executor-1] INFO  server.GrpcLogAppender (GrpcLogAppender.java:onNext(557)) - s0@group-B005AB42B387->s1-InstallSnapshotResponseHandler: Completed InstallSnapshot. Reply: serverReply {
  requestorId: "s0"
  replyId: "s1"
  raftGroupId {
    id: "\211F\305x,\263D\341\214\252\260\005\253B\263\207"
  }
  success: true
}
term: 1
requestIndex: 2

2023-09-01 02:13:34,938 [grpc-default-executor-1] INFO  leader.FollowerInfo (FollowerInfoImpl.java:setAttemptedToInstallSnapshot(126)) - Follower s0@group-B005AB42B387->s1 acknowledged installing snapshot
2023-09-01 02:13:34,938 [grpc-default-executor-0] INFO  server.GrpcServerProtocolService (GrpcServerProtocolService.java:onCompleted(155)) - s1: Completed INSTALL_SNAPSHOT, lastRequest: s0->s1#0-t1,chunk:c8dd0c5c-52e6-4c3a-a51d-d046d464f23b,2
2023-09-01 02:13:34,938 [grpc-default-executor-0] INFO  server.GrpcServerProtocolService (GrpcServerProtocolService.java:lambda$onCompleted$5(157)) - s1: Completed INSTALL_SNAPSHOT, lastReply: null
2023-09-01 02:13:34,938 [grpc-default-executor-1] INFO  server.GrpcLogAppender (GrpcLogAppender.java:onCompleted(623)) - s0@group-B005AB42B387->s1-InstallSnapshotResponseHandler: follower responded installSnapshot COMPLETED
2023-09-01 02:13:34,938 [s0@group-B005AB42B387->s1-GrpcLogAppender-LogAppenderDaemon] INFO  leader.FollowerInfo (FollowerInfoImpl.java:lambda$new$0(52)) - s0@group-B005AB42B387->s1: snapshotIndex: setUnconditionally 0 -> 191
2023-09-01 02:13:34,938 [s0@group-B005AB42B387->s1-GrpcLogAppender-LogAppenderDaemon] INFO  leader.FollowerInfo (FollowerInfoImpl.java:lambda$new$0(52)) - s0@group-B005AB42B387->s1: matchIndex: setUnconditionally -1 -> 191
2023-09-01 02:13:34,938 [s0@group-B005AB42B387->s1-GrpcLogAppender-LogAppenderDaemon] INFO  leader.FollowerInfo (FollowerInfoImpl.java:lambda$new$0(52)) - s0@group-B005AB42B387->s1: nextIndex: setUnconditionally 0 -> 192
2023-09-01 02:13:34,938 [s0@group-B005AB42B387->s1-GrpcLogAppender-LogAppenderDaemon] INFO  server.GrpcLogAppender (GrpcLogAppender.java:installSnapshot(679)) - s0@group-B005AB42B387->s1-GrpcLogAppender: installed snapshot FileListSnapshotInfo(t:1, i:191):[/tmp/ratis-tests/statemachine/s0/snapshot/1_191/loves, /tmp/ratis-tests/statemachine/s0/snapshot/1_191/deer, /tmp/ratis-tests/statemachine/s0/snapshot/1_191/vegetable] successfully
2023-09-01 02:13:34,942 [grpc-default-executor-0] INFO  impl.SnapshotInstallationHandler (SnapshotInstallationHandler.java:installSnapshot(89)) - s2@group-B005AB42B387: receive installSnapshot: s0->s2#0-t1,chunk:877c2509-c309-49ef-88ba-834168509495,0
2023-09-01 02:13:34,942 [grpc-default-executor-0] INFO  server.RaftServer$Division (RaftServerImpl.java:setFirstElection(556)) - s2@group-B005AB42B387: set firstElectionSinceStartup to false for installSnapshot
2023-09-01 02:13:34,942 [grpc-default-executor-0] INFO  server.RaftServer$Division (ServerState.java:setLeader(260)) - s2@group-B005AB42B387: change Leader from null to s0 at term 1 for installSnapshot, leader elected after 52ms
2023-09-01 02:13:34,946 [grpc-default-executor-0] TRACE util.FileUtils (LogUtils.java:runAndLog(49)) - Successfully ran Files.createDirectories /tmp/ratis-tests/statemachine/s2/tmp/snapshot-877c2509-c309-49ef-88ba-834168509495
2023-09-01 02:13:34,946 [grpc-default-executor-0] INFO  storage.SnapshotManager (SnapshotManager.java:installSnapshot(89)) - Installing snapshot:s0->s2#0-t1,chunk:877c2509-c309-49ef-88ba-834168509495,0, to tmp dir:/tmp/ratis-tests/statemachine/s2/tmp/snapshot-877c2509-c309-49ef-88ba-834168509495
2023-09-01 02:13:34,946 [grpc-default-executor-0] TRACE util.FileUtils (LogUtils.java:runAndLog(49)) - Successfully ran Files.createDirectories /tmp/ratis-tests/statemachine/s2/tmp/snapshot-877c2509-c309-49ef-88ba-834168509495/1_191
2023-09-01 02:13:34,948 [grpc-default-executor-0] INFO  impl.SnapshotInstallationHandler (SnapshotInstallationHandler.java:installSnapshotImpl(134)) - s2@group-B005AB42B387: set new configuration configurationEntry {
  peers {
    id: "s0"
    address: "localhost:34237"
    dataStreamAddress: "localhost:35589"
    clientAddress: "localhost:41849"
    adminAddress: "localhost:46111"
    startupRole: FOLLOWER
  }
}
 from snapshot
2023-09-01 02:13:34,948 [grpc-default-executor-0] INFO  server.RaftServer$Division (ServerState.java:setRaftConf(377)) - s2@group-B005AB42B387: set configuration 0: peers:[s0|rpc:localhost:34237|admin:localhost:46111|client:localhost:41849|dataStream:localhost:35589|priority:0|startupRole:FOLLOWER]|listeners:[], old=null
2023-09-01 02:13:34,948 [grpc-default-executor-0] INFO  impl.SnapshotInstallationHandler (SnapshotInstallationHandler.java:installSnapshot(100)) - s2@group-B005AB42B387: reply installSnapshot: s0<-s2#0:OK-t0,SUCCESS,requestIndex=0
2023-09-01 02:13:34,949 [grpc-default-executor-3] INFO  server.GrpcLogAppender (GrpcLogAppender.java:onNext(543)) - s0@group-B005AB42B387->s2-InstallSnapshotResponseHandler: received the first reply s0<-s2#0:OK-t0,SUCCESS,requestIndex=0
2023-09-01 02:13:34,949 [grpc-default-executor-0] INFO  impl.SnapshotInstallationHandler (SnapshotInstallationHandler.java:installSnapshot(89)) - s2@group-B005AB42B387: receive installSnapshot: s0->s2#0-t1,chunk:877c2509-c309-49ef-88ba-834168509495,1
2023-09-01 02:13:34,949 [grpc-default-executor-3] INFO  server.GrpcLogAppender (GrpcLogAppender.java:onNext(557)) - s0@group-B005AB42B387->s2-InstallSnapshotResponseHandler: Completed InstallSnapshot. Reply: serverReply {
  requestorId: "s0"
  replyId: "s2"
  raftGroupId {
    id: "\211F\305x,\263D\341\214\252\260\005\253B\263\207"
  }
  success: true
}
requestIndex: 0

2023-09-01 02:13:34,949 [grpc-default-executor-3] INFO  leader.FollowerInfo (FollowerInfoImpl.java:setAttemptedToInstallSnapshot(126)) - Follower s0@group-B005AB42B387->s2 acknowledged installing snapshot
2023-09-01 02:13:34,949 [grpc-default-executor-0] TRACE util.FileUtils (LogUtils.java:runAndLog(49)) - Successfully ran Files.createDirectories /tmp/ratis-tests/statemachine/s2/tmp/snapshot-877c2509-c309-49ef-88ba-834168509495
2023-09-01 02:13:34,949 [grpc-default-executor-0] INFO  storage.SnapshotManager (SnapshotManager.java:installSnapshot(89)) - Installing snapshot:s0->s2#0-t1,chunk:877c2509-c309-49ef-88ba-834168509495,1, to tmp dir:/tmp/ratis-tests/statemachine/s2/tmp/snapshot-877c2509-c309-49ef-88ba-834168509495
2023-09-01 02:13:34,949 [grpc-default-executor-0] TRACE util.FileUtils (LogUtils.java:runAndLog(49)) - Successfully ran Files.createDirectories /tmp/ratis-tests/statemachine/s2/tmp/snapshot-877c2509-c309-49ef-88ba-834168509495/1_191
2023-09-01 02:13:34,950 [s1-server-thread1] INFO  impl.RoleInfo (RoleInfo.java:updateAndGet(138)) - s1: start s1@group-B005AB42B387-FollowerState
2023-09-01 02:13:34,950 [grpc-default-executor-0] INFO  impl.SnapshotInstallationHandler (SnapshotInstallationHandler.java:installSnapshot(100)) - s2@group-B005AB42B387: reply installSnapshot: s0<-s2#0:OK-t1,SUCCESS,requestIndex=1
2023-09-01 02:13:34,951 [grpc-default-executor-3] INFO  server.GrpcLogAppender (GrpcLogAppender.java:onNext(543)) - s0@group-B005AB42B387->s2-InstallSnapshotResponseHandler: received a reply s0<-s2#0:OK-t1,SUCCESS,requestIndex=1
2023-09-01 02:13:34,951 [grpc-default-executor-0] INFO  impl.SnapshotInstallationHandler (SnapshotInstallationHandler.java:installSnapshot(89)) - s2@group-B005AB42B387: receive installSnapshot: s0->s2#0-t1,chunk:877c2509-c309-49ef-88ba-834168509495,2
2023-09-01 02:13:34,951 [grpc-default-executor-3] INFO  server.GrpcLogAppender (GrpcLogAppender.java:onNext(557)) - s0@group-B005AB42B387->s2-InstallSnapshotResponseHandler: Completed InstallSnapshot. Reply: serverReply {
  requestorId: "s0"
  replyId: "s2"
  raftGroupId {
    id: "\211F\305x,\263D\341\214\252\260\005\253B\263\207"
  }
  success: true
}
term: 1
requestIndex: 1

2023-09-01 02:13:34,951 [grpc-default-executor-0] TRACE util.FileUtils (LogUtils.java:runAndLog(49)) - Successfully ran Files.createDirectories /tmp/ratis-tests/statemachine/s2/tmp/snapshot-877c2509-c309-49ef-88ba-834168509495
2023-09-01 02:13:34,951 [grpc-default-executor-3] INFO  leader.FollowerInfo (FollowerInfoImpl.java:setAttemptedToInstallSnapshot(126)) - Follower s0@group-B005AB42B387->s2 acknowledged installing snapshot
2023-09-01 02:13:34,951 [grpc-default-executor-0] INFO  storage.SnapshotManager (SnapshotManager.java:installSnapshot(89)) - Installing snapshot:s0->s2#0-t1,chunk:877c2509-c309-49ef-88ba-834168509495,2, to tmp dir:/tmp/ratis-tests/statemachine/s2/tmp/snapshot-877c2509-c309-49ef-88ba-834168509495
2023-09-01 02:13:34,951 [grpc-default-executor-0] TRACE util.FileUtils (LogUtils.java:runAndLog(49)) - Successfully ran Files.createDirectories /tmp/ratis-tests/statemachine/s2/tmp/snapshot-877c2509-c309-49ef-88ba-834168509495/1_191
2023-09-01 02:13:34,952 [grpc-default-executor-0] INFO  storage.SnapshotManager (SnapshotManager.java:rename(168)) - Installed snapshot, renaming temporary dir /tmp/ratis-tests/statemachine/s2/tmp/snapshot-877c2509-c309-49ef-88ba-834168509495 to /tmp/ratis-tests/statemachine/s2/snapshot
2023-09-01 02:13:34,952 [grpc-default-executor-0] TRACE util.FileUtils (LogUtils.java:runAndLog(49)) - Successfully ran Atomic Files.move /tmp/ratis-tests/statemachine/s2/snapshot to /tmp/ratis-tests/statemachine/s2/snapshot.tmp20230901-021334_952
2023-09-01 02:13:34,952 [grpc-default-executor-0] TRACE util.FileUtils (LogUtils.java:runAndLog(49)) - Successfully ran Atomic Files.move /tmp/ratis-tests/statemachine/s2/tmp/snapshot-877c2509-c309-49ef-88ba-834168509495 to /tmp/ratis-tests/statemachine/s2/snapshot
2023-09-01 02:13:34,952 [grpc-default-executor-0] TRACE util.FileUtils (FileUtils.java:deleteFully(201)) - deleteFully /tmp/ratis-tests/statemachine/s2/snapshot.tmp20230901-021334_952
2023-09-01 02:13:34,952 [grpc-default-executor-0] TRACE util.FileUtils (LogUtils.java:runAndLog(49)) - Successfully ran Files.delete /tmp/ratis-tests/statemachine/s2/snapshot.tmp20230901-021334_952
2023-09-01 02:13:34,952 [grpc-default-executor-0] INFO  raftlog.RaftLog (RaftLogBase.java:lambda$new$0(54)) - s2@group-B005AB42B387-SegmentedRaftLog: snapshotIndex: updateIncreasingly -1 -> 191
2023-09-01 02:13:34,952 [s2@group-B005AB42B387-StateMachineUpdater] INFO  impl.SimpleStateMachine4Testing (SimpleStateMachine4Testing.java:reinitialize(236)) - Reinitializing StateMachineWithSeparatedSnapshotPath:s2:group-B005AB42B387
2023-09-01 02:13:34,952 [grpc-default-executor-0] INFO  segmented.SegmentedRaftLogWorker (SegmentedRaftLogWorker.java:lambda$new$0(134)) - s2@group-B005AB42B387-SegmentedRaftLogWorker: flushIndex: setUnconditionally -1 -> 191
2023-09-01 02:13:34,952 [grpc-default-executor-0] INFO  segmented.SegmentedRaftLogWorker (SegmentedRaftLogWorker.java:lambda$new$0(134)) - s2@group-B005AB42B387-SegmentedRaftLogWorker: safeCacheEvictIndex: setUnconditionally -1 -> 191
2023-09-01 02:13:34,952 [s2@group-B005AB42B387-StateMachineUpdater] INFO  impl.SimpleStateMachine4Testing (SimpleStateMachine4Testing.java:loadSnapshot(293)) - Loading snapshot null
2023-09-01 02:13:34,953 [grpc-default-executor-0] INFO  impl.SnapshotInstallationHandler (SnapshotInstallationHandler.java:checkAndInstallSnapshot(194)) - s2@group-B005AB42B387: successfully install the entire snapshot-191
2023-09-01 02:13:34,953 [s2@group-B005AB42B387-StateMachineUpdater] INFO  impl.StateMachineUpdater (StateMachineUpdater.java:lambda$new$0(98)) - s2@group-B005AB42B387-StateMachineUpdater: snapshotIndex: setUnconditionally -1 -> 191
2023-09-01 02:13:34,953 [s2@group-B005AB42B387-StateMachineUpdater] INFO  impl.StateMachineUpdater (StateMachineUpdater.java:lambda$new$0(98)) - s2@group-B005AB42B387-StateMachineUpdater: appliedIndex: setUnconditionally -1 -> 191
2023-09-01 02:13:34,953 [grpc-default-executor-0] INFO  impl.SnapshotInstallationHandler (SnapshotInstallationHandler.java:installSnapshot(100)) - s2@group-B005AB42B387: reply installSnapshot: s0<-s2#0:OK-t1,SUCCESS,requestIndex=2
2023-09-01 02:13:34,953 [grpc-default-executor-0] INFO  server.GrpcServerProtocolService (GrpcServerProtocolService.java:onCompleted(155)) - s2: Completed INSTALL_SNAPSHOT, lastRequest: s0->s2#0-t1,chunk:877c2509-c309-49ef-88ba-834168509495,2
2023-09-01 02:13:34,953 [grpc-default-executor-0] INFO  server.GrpcServerProtocolService (GrpcServerProtocolService.java:lambda$onCompleted$5(157)) - s2: Completed INSTALL_SNAPSHOT, lastReply: null
2023-09-01 02:13:34,953 [grpc-default-executor-2] INFO  server.GrpcLogAppender (GrpcLogAppender.java:onNext(543)) - s0@group-B005AB42B387->s2-InstallSnapshotResponseHandler: received a reply s0<-s2#0:OK-t1,SUCCESS,requestIndex=2
2023-09-01 02:13:34,953 [grpc-default-executor-2] INFO  server.GrpcLogAppender (GrpcLogAppender.java:onNext(557)) - s0@group-B005AB42B387->s2-InstallSnapshotResponseHandler: Completed InstallSnapshot. Reply: serverReply {
  requestorId: "s0"
  replyId: "s2"
  raftGroupId {
    id: "\211F\305x,\263D\341\214\252\260\005\253B\263\207"
  }
  success: true
}
term: 1
requestIndex: 2

2023-09-01 02:13:34,953 [grpc-default-executor-2] INFO  leader.FollowerInfo (FollowerInfoImpl.java:setAttemptedToInstallSnapshot(126)) - Follower s0@group-B005AB42B387->s2 acknowledged installing snapshot
2023-09-01 02:13:34,953 [grpc-default-executor-2] INFO  server.GrpcLogAppender (GrpcLogAppender.java:onCompleted(623)) - s0@group-B005AB42B387->s2-InstallSnapshotResponseHandler: follower responded installSnapshot COMPLETED
2023-09-01 02:13:34,953 [s0@group-B005AB42B387->s2-GrpcLogAppender-LogAppenderDaemon] INFO  leader.FollowerInfo (FollowerInfoImpl.java:lambda$new$0(52)) - s0@group-B005AB42B387->s2: snapshotIndex: setUnconditionally 0 -> 191
2023-09-01 02:13:34,953 [s0@group-B005AB42B387->s2-GrpcLogAppender-LogAppenderDaemon] INFO  leader.FollowerInfo (FollowerInfoImpl.java:lambda$new$0(52)) - s0@group-B005AB42B387->s2: matchIndex: setUnconditionally -1 -> 191
2023-09-01 02:13:34,953 [s0@group-B005AB42B387->s2-GrpcLogAppender-LogAppenderDaemon] INFO  leader.FollowerInfo (FollowerInfoImpl.java:lambda$new$0(52)) - s0@group-B005AB42B387->s2: nextIndex: setUnconditionally 0 -> 192
2023-09-01 02:13:34,954 [s0@group-B005AB42B387->s2-GrpcLogAppender-LogAppenderDaemon] INFO  server.GrpcLogAppender (GrpcLogAppender.java:installSnapshot(679)) - s0@group-B005AB42B387->s2-GrpcLogAppender: installed snapshot FileListSnapshotInfo(t:1, i:191):[/tmp/ratis-tests/statemachine/s0/snapshot/1_191/loves, /tmp/ratis-tests/statemachine/s0/snapshot/1_191/deer, /tmp/ratis-tests/statemachine/s0/snapshot/1_191/vegetable] successfully
2023-09-01 02:13:34,958 [s2-server-thread1] INFO  impl.RoleInfo (RoleInfo.java:updateAndGet(138)) - s2: start s2@group-B005AB42B387-FollowerState
2023-09-01 02:13:34,961 [s1-server-thread2] INFO  segmented.SegmentedRaftLogWorker (SegmentedRaftLogWorker.java:startLogSegment(427)) - s1@group-B005AB42B387-SegmentedRaftLogWorker: Starting segment from index:192
2023-09-01 02:13:34,972 [s1@group-B005AB42B387-SegmentedRaftLogWorker] INFO  segmented.SegmentedRaftLogWorker (SegmentedRaftLogWorker.java:execute(631)) - s1@group-B005AB42B387-SegmentedRaftLogWorker: created new log segment /home/runner/work/ratis/ratis/ratis-test/target/test/data/1f94b248/MiniRaftClusterWithGrpce70da610/s1/8946c578-2cb3-44e1-8caa-b005ab42b387/current/log_inprogress_192
2023-09-01 02:13:34,972 [s1@group-B005AB42B387-StateMachineUpdater] INFO  impl.SimpleStateMachine4Testing (SimpleStateMachine4Testing.java:put(205)) - s1: put 193, m96 -> (t:1, i:193), STATEMACHINELOGENTRY, 483@client-3C4CF6F3AB0E
2023-09-01 02:13:34,973 [s1@group-B005AB42B387-StateMachineUpdater] INFO  impl.SimpleStateMachine4Testing (SimpleStateMachine4Testing.java:put(205)) - s1: put 195, m97 -> (t:1, i:195), STATEMACHINELOGENTRY, 484@client-3C4CF6F3AB0E
2023-09-01 02:13:34,973 [s1@group-B005AB42B387-StateMachineUpdater] INFO  impl.SimpleStateMachine4Testing (SimpleStateMachine4Testing.java:put(205)) - s1: put 197, m98 -> (t:1, i:197), STATEMACHINELOGENTRY, 485@client-3C4CF6F3AB0E
2023-09-01 02:13:34,974 [s1@group-B005AB42B387-StateMachineUpdater] INFO  impl.SimpleStateMachine4Testing (SimpleStateMachine4Testing.java:put(205)) - s1: put 199, m99 -> (t:1, i:199), STATEMACHINELOGENTRY, 486@client-3C4CF6F3AB0E
2023-09-01 02:13:34,974 [s1@group-B005AB42B387-StateMachineUpdater] INFO  impl.SimpleStateMachine4Testing (SimpleStateMachine4Testing.java:put(205)) - s1: put 201, m100 -> (t:1, i:201), STATEMACHINELOGENTRY, 487@client-3C4CF6F3AB0E
2023-09-01 02:13:34,974 [s1@group-B005AB42B387-StateMachineUpdater] INFO  impl.SimpleStateMachine4Testing (SimpleStateMachine4Testing.java:put(205)) - s1: put 203, m101 -> (t:1, i:203), STATEMACHINELOGENTRY, 488@client-3C4CF6F3AB0E
2023-09-01 02:13:34,974 [s1@group-B005AB42B387-StateMachineUpdater] INFO  impl.SimpleStateMachine4Testing (SimpleStateMachine4Testing.java:put(205)) - s1: put 205, m102 -> (t:1, i:205), STATEMACHINELOGENTRY, 489@client-3C4CF6F3AB0E
2023-09-01 02:13:34,974 [s1@group-B005AB42B387-StateMachineUpdater] INFO  impl.SimpleStateMachine4Testing (SimpleStateMachine4Testing.java:put(205)) - s1: put 207, m103 -> (t:1, i:207), STATEMACHINELOGENTRY, 490@client-3C4CF6F3AB0E
2023-09-01 02:13:34,974 [s1@group-B005AB42B387-StateMachineUpdater] INFO  impl.SimpleStateMachine4Testing (SimpleStateMachine4Testing.java:put(205)) - s1: put 209, m104 -> (t:1, i:209), STATEMACHINELOGENTRY, 491@client-3C4CF6F3AB0E
2023-09-01 02:13:34,974 [s1@group-B005AB42B387-StateMachineUpdater] INFO  impl.SimpleStateMachine4Testing (SimpleStateMachine4Testing.java:put(205)) - s1: put 211, m105 -> (t:1, i:211), STATEMACHINELOGENTRY, 492@client-3C4CF6F3AB0E
2023-09-01 02:13:34,974 [s1@group-B005AB42B387-StateMachineUpdater] INFO  impl.SimpleStateMachine4Testing (SimpleStateMachine4Testing.java:put(205)) - s1: put 213, m106 -> (t:1, i:213), STATEMACHINELOGENTRY, 493@client-3C4CF6F3AB0E
2023-09-01 02:13:34,974 [s1@group-B005AB42B387-StateMachineUpdater] INFO  impl.SimpleStateMachine4Testing (SimpleStateMachine4Testing.java:put(205)) - s1: put 215, m107 -> (t:1, i:215), STATEMACHINELOGENTRY, 494@client-3C4CF6F3AB0E
2023-09-01 02:13:34,974 [s1@group-B005AB42B387-StateMachineUpdater] INFO  impl.SimpleStateMachine4Testing (SimpleStateMachine4Testing.java:put(205)) - s1: put 217, m108 -> (t:1, i:217), STATEMACHINELOGENTRY, 495@client-3C4CF6F3AB0E
2023-09-01 02:13:34,974 [s1@group-B005AB42B387-StateMachineUpdater] INFO  impl.SimpleStateMachine4Testing (SimpleStateMachine4Testing.java:put(205)) - s1: put 219, m109 -> (t:1, i:219), STATEMACHINELOGENTRY, 496@client-3C4CF6F3AB0E
2023-09-01 02:13:34,974 [s1@group-B005AB42B387-StateMachineUpdater] INFO  impl.SimpleStateMachine4Testing (SimpleStateMachine4Testing.java:put(205)) - s1: put 221, m110 -> (t:1, i:221), STATEMACHINELOGENTRY, 497@client-3C4CF6F3AB0E
2023-09-01 02:13:34,975 [s1@group-B005AB42B387-StateMachineUpdater] INFO  impl.SimpleStateMachine4Testing (SimpleStateMachine4Testing.java:put(205)) - s1: put 223, m111 -> (t:1, i:223), STATEMACHINELOGENTRY, 498@client-3C4CF6F3AB0E
2023-09-01 02:13:34,975 [s1@group-B005AB42B387-StateMachineUpdater] INFO  impl.SimpleStateMachine4Testing (SimpleStateMachine4Testing.java:put(205)) - s1: put 225, m112 -> (t:1, i:225), STATEMACHINELOGENTRY, 499@client-3C4CF6F3AB0E
2023-09-01 02:13:34,975 [s1@group-B005AB42B387-StateMachineUpdater] INFO  impl.SimpleStateMachine4Testing (SimpleStateMachine4Testing.java:put(205)) - s1: put 227, m113 -> (t:1, i:227), STATEMACHINELOGENTRY, 500@client-3C4CF6F3AB0E
2023-09-01 02:13:34,975 [s1@group-B005AB42B387-StateMachineUpdater] INFO  impl.SimpleStateMachine4Testing (SimpleStateMachine4Testing.java:put(205)) - s1: put 229, m114 -> (t:1, i:229), STATEMACHINELOGENTRY, 501@client-3C4CF6F3AB0E
2023-09-01 02:13:34,975 [s1@group-B005AB42B387-StateMachineUpdater] INFO  impl.SimpleStateMachine4Testing (SimpleStateMachine4Testing.java:put(205)) - s1: put 231, m115 -> (t:1, i:231), STATEMACHINELOGENTRY, 502@client-3C4CF6F3AB0E
2023-09-01 02:13:34,975 [s1@group-B005AB42B387-StateMachineUpdater] INFO  impl.SimpleStateMachine4Testing (SimpleStateMachine4Testing.java:put(205)) - s1: put 233, m116 -> (t:1, i:233), STATEMACHINELOGENTRY, 503@client-3C4CF6F3AB0E
2023-09-01 02:13:34,975 [s1@group-B005AB42B387-StateMachineUpdater] INFO  impl.SimpleStateMachine4Testing (SimpleStateMachine4Testing.java:put(205)) - s1: put 235, m117 -> (t:1, i:235), STATEMACHINELOGENTRY, 504@client-3C4CF6F3AB0E
2023-09-01 02:13:34,975 [s1@group-B005AB42B387-StateMachineUpdater] INFO  impl.SimpleStateMachine4Testing (SimpleStateMachine4Testing.java:put(205)) - s1: put 237, m118 -> (t:1, i:237), STATEMACHINELOGENTRY, 505@client-3C4CF6F3AB0E
2023-09-01 02:13:34,975 [s1@group-B005AB42B387-StateMachineUpdater] INFO  impl.SimpleStateMachine4Testing (SimpleStateMachine4Testing.java:put(205)) - s1: put 239, m119 -> (t:1, i:239), STATEMACHINELOGENTRY, 506@client-3C4CF6F3AB0E
2023-09-01 02:13:34,975 [s1@group-B005AB42B387-StateMachineUpdater] INFO  impl.SimpleStateMachine4Testing (SimpleStateMachine4Testing.java:put(205)) - s1: put 241, m120 -> (t:1, i:241), STATEMACHINELOGENTRY, 507@client-3C4CF6F3AB0E
2023-09-01 02:13:34,975 [s1@group-B005AB42B387-StateMachineUpdater] INFO  impl.SimpleStateMachine4Testing (SimpleStateMachine4Testing.java:put(205)) - s1: put 243, m121 -> (t:1, i:243), STATEMACHINELOGENTRY, 508@client-3C4CF6F3AB0E
2023-09-01 02:13:34,975 [s1@group-B005AB42B387-StateMachineUpdater] INFO  impl.SimpleStateMachine4Testing (SimpleStateMachine4Testing.java:put(205)) - s1: put 245, m122 -> (t:1, i:245), STATEMACHINELOGENTRY, 509@client-3C4CF6F3AB0E
2023-09-01 02:13:34,975 [s1@group-B005AB42B387-StateMachineUpdater] INFO  impl.SimpleStateMachine4Testing (SimpleStateMachine4Testing.java:put(205)) - s1: put 247, m123 -> (t:1, i:247), STATEMACHINELOGENTRY, 510@client-3C4CF6F3AB0E
2023-09-01 02:13:34,976 [s1@group-B005AB42B387-StateMachineUpdater] INFO  impl.SimpleStateMachine4Testing (SimpleStateMachine4Testing.java:put(205)) - s1: put 249, m124 -> (t:1, i:249), STATEMACHINELOGENTRY, 511@client-3C4CF6F3AB0E
2023-09-01 02:13:34,976 [s1@group-B005AB42B387-StateMachineUpdater] INFO  impl.SimpleStateMachine4Testing (SimpleStateMachine4Testing.java:put(205)) - s1: put 251, m125 -> (t:1, i:251), STATEMACHINELOGENTRY, 512@client-3C4CF6F3AB0E
2023-09-01 02:13:34,976 [s1@group-B005AB42B387-StateMachineUpdater] INFO  impl.SimpleStateMachine4Testing (SimpleStateMachine4Testing.java:put(205)) - s1: put 253, m126 -> (t:1, i:253), STATEMACHINELOGENTRY, 513@client-3C4CF6F3AB0E
2023-09-01 02:13:34,973 [s0@group-B005AB42B387-LeaderStateImpl] INFO  server.RaftServer$Division (ServerState.java:setRaftConf(377)) - s0@group-B005AB42B387: set configuration 255: peers:[s0|rpc:localhost:34237|admin:localhost:46111|client:localhost:41849|dataStream:localhost:35589|priority:0|startupRole:FOLLOWER, s1|rpc:0.0.0.0:36047|dataStream:|priority:0|startupRole:FOLLOWER, s2|rpc:0.0.0.0:43007|dataStream:|priority:0|startupRole:FOLLOWER]|listeners:[], old=peers:[s0|rpc:localhost:34237|admin:localhost:46111|client:localhost:41849|dataStream:localhost:35589|priority:0|startupRole:FOLLOWER]|listeners:[]
2023-09-01 02:13:34,977 [s1-server-thread2] INFO  server.RaftServer$Division (ServerState.java:setRaftConf(377)) - s1@group-B005AB42B387: set configuration 255: peers:[s0|rpc:localhost:34237|admin:localhost:46111|client:localhost:41849|dataStream:localhost:35589|priority:0|startupRole:FOLLOWER, s1|rpc:0.0.0.0:36047|dataStream:|priority:0|startupRole:FOLLOWER, s2|rpc:0.0.0.0:43007|dataStream:|priority:0|startupRole:FOLLOWER]|listeners:[], old=peers:[s0|rpc:localhost:34237|admin:localhost:46111|client:localhost:41849|dataStream:localhost:35589|priority:0|startupRole:FOLLOWER]|listeners:[]
2023-09-01 02:13:34,978 [s0@group-B005AB42B387-LeaderStateImpl] INFO  server.RaftServer$Division (ServerState.java:setRaftConf(377)) - s0@group-B005AB42B387: set configuration 257: peers:[s0|rpc:localhost:34237|admin:localhost:46111|client:localhost:41849|dataStream:localhost:35589|priority:0|startupRole:FOLLOWER, s1|rpc:0.0.0.0:36047|dataStream:|priority:0|startupRole:FOLLOWER, s2|rpc:0.0.0.0:43007|dataStream:|priority:0|startupRole:FOLLOWER]|listeners:[], old=null
2023-09-01 02:13:34,978 [s0@group-B005AB42B387-StateMachineUpdater] TRACE util.FileUtils (FileUtils.java:deleteFully(201)) - deleteFully /tmp/ratis-tests/statemachine/s0/snapshot/1_255
2023-09-01 02:13:34,978 [s0@group-B005AB42B387-StateMachineUpdater] TRACE util.FileUtils (FileUtils.java:deleteFully(217)) - deleteFully: /tmp/ratis-tests/statemachine/s0/snapshot/1_255 does not exist.
2023-09-01 02:13:34,978 [s0@group-B005AB42B387-StateMachineUpdater] TRACE util.FileUtils (FileUtils.java:deleteFully(201)) - deleteFully /tmp/ratis-tests/statemachine/s0/tmp/398642b0-a507-4949-aba0-3e94b20d548b
2023-09-01 02:13:34,978 [s0@group-B005AB42B387-StateMachineUpdater] TRACE util.FileUtils (FileUtils.java:deleteFully(217)) - deleteFully: /tmp/ratis-tests/statemachine/s0/tmp/398642b0-a507-4949-aba0-3e94b20d548b does not exist.
2023-09-01 02:13:34,978 [s0@group-B005AB42B387-StateMachineUpdater] TRACE util.FileUtils (LogUtils.java:runAndLog(49)) - Successfully ran Atomic Files.move /tmp/ratis-tests/statemachine/s0/tmp/398642b0-a507-4949-aba0-3e94b20d548b to /tmp/ratis-tests/statemachine/s0/snapshot/1_255
2023-09-01 02:13:34,978 [s0@group-B005AB42B387-StateMachineUpdater] INFO  impl.StateMachineUpdater (StateMachineUpdater.java:takeSnapshot(295)) - s0@group-B005AB42B387-StateMachineUpdater: Took a snapshot at index 255
2023-09-01 02:13:34,978 [s0@group-B005AB42B387-StateMachineUpdater] INFO  impl.StateMachineUpdater (StateMachineUpdater.java:lambda$new$0(98)) - s0@group-B005AB42B387-StateMachineUpdater: snapshotIndex: updateIncreasingly 191 -> 255
2023-09-01 02:13:34,980 [s2-server-thread2] INFO  segmented.SegmentedRaftLogWorker (SegmentedRaftLogWorker.java:startLogSegment(427)) - s2@group-B005AB42B387-SegmentedRaftLogWorker: Starting segment from index:192
2023-09-01 02:13:34,984 [s2-server-thread1] INFO  server.RaftServer$Division (ServerState.java:setRaftConf(377)) - s2@group-B005AB42B387: set configuration 255: peers:[s0|rpc:localhost:34237|admin:localhost:46111|client:localhost:41849|dataStream:localhost:35589|priority:0|startupRole:FOLLOWER, s1|rpc:0.0.0.0:36047|dataStream:|priority:0|startupRole:FOLLOWER, s2|rpc:0.0.0.0:43007|dataStream:|priority:0|startupRole:FOLLOWER]|listeners:[], old=peers:[s0|rpc:localhost:34237|admin:localhost:46111|client:localhost:41849|dataStream:localhost:35589|priority:0|startupRole:FOLLOWER]|listeners:[]
2023-09-01 02:13:34,987 [s2@group-B005AB42B387-SegmentedRaftLogWorker] INFO  segmented.SegmentedRaftLogWorker (SegmentedRaftLogWorker.java:execute(631)) - s2@group-B005AB42B387-SegmentedRaftLogWorker: created new log segment /home/runner/work/ratis/ratis/ratis-test/target/test/data/1f94b248/MiniRaftClusterWithGrpce70da610/s2/8946c578-2cb3-44e1-8caa-b005ab42b387/current/log_inprogress_192
2023-09-01 02:13:34,987 [s1-server-thread2] INFO  server.RaftServer$Division (ServerState.java:setRaftConf(377)) - s1@group-B005AB42B387: set configuration 257: peers:[s0|rpc:localhost:34237|admin:localhost:46111|client:localhost:41849|dataStream:localhost:35589|priority:0|startupRole:FOLLOWER, s1|rpc:0.0.0.0:36047|dataStream:|priority:0|startupRole:FOLLOWER, s2|rpc:0.0.0.0:43007|dataStream:|priority:0|startupRole:FOLLOWER]|listeners:[], old=null
2023-09-01 02:13:34,988 [s2@group-B005AB42B387-StateMachineUpdater] INFO  impl.SimpleStateMachine4Testing (SimpleStateMachine4Testing.java:put(205)) - s2: put 193, m96 -> (t:1, i:193), STATEMACHINELOGENTRY, 483@client-3C4CF6F3AB0E
2023-09-01 02:13:34,988 [s2@group-B005AB42B387-StateMachineUpdater] INFO  impl.SimpleStateMachine4Testing (SimpleStateMachine4Testing.java:put(205)) - s2: put 195, m97 -> (t:1, i:195), STATEMACHINELOGENTRY, 484@client-3C4CF6F3AB0E
2023-09-01 02:13:34,988 [s2@group-B005AB42B387-StateMachineUpdater] INFO  impl.SimpleStateMachine4Testing (SimpleStateMachine4Testing.java:put(205)) - s2: put 197, m98 -> (t:1, i:197), STATEMACHINELOGENTRY, 485@client-3C4CF6F3AB0E
2023-09-01 02:13:34,988 [s2@group-B005AB42B387-StateMachineUpdater] INFO  impl.SimpleStateMachine4Testing (SimpleStateMachine4Testing.java:put(205)) - s2: put 199, m99 -> (t:1, i:199), STATEMACHINELOGENTRY, 486@client-3C4CF6F3AB0E
2023-09-01 02:13:34,988 [s2@group-B005AB42B387-StateMachineUpdater] INFO  impl.SimpleStateMachine4Testing (SimpleStateMachine4Testing.java:put(205)) - s2: put 201, m100 -> (t:1, i:201), STATEMACHINELOGENTRY, 487@client-3C4CF6F3AB0E
2023-09-01 02:13:34,988 [s2@group-B005AB42B387-StateMachineUpdater] INFO  impl.SimpleStateMachine4Testing (SimpleStateMachine4Testing.java:put(205)) - s2: put 203, m101 -> (t:1, i:203), STATEMACHINELOGENTRY, 488@client-3C4CF6F3AB0E
2023-09-01 02:13:34,989 [s2@group-B005AB42B387-StateMachineUpdater] INFO  impl.SimpleStateMachine4Testing (SimpleStateMachine4Testing.java:put(205)) - s2: put 205, m102 -> (t:1, i:205), STATEMACHINELOGENTRY, 489@client-3C4CF6F3AB0E
2023-09-01 02:13:34,989 [s2@group-B005AB42B387-StateMachineUpdater] INFO  impl.SimpleStateMachine4Testing (SimpleStateMachine4Testing.java:put(205)) - s2: put 207, m103 -> (t:1, i:207), STATEMACHINELOGENTRY, 490@client-3C4CF6F3AB0E
2023-09-01 02:13:34,989 [s2@group-B005AB42B387-StateMachineUpdater] INFO  impl.SimpleStateMachine4Testing (SimpleStateMachine4Testing.java:put(205)) - s2: put 209, m104 -> (t:1, i:209), STATEMACHINELOGENTRY, 491@client-3C4CF6F3AB0E
2023-09-01 02:13:34,989 [s2@group-B005AB42B387-StateMachineUpdater] INFO  impl.SimpleStateMachine4Testing (SimpleStateMachine4Testing.java:put(205)) - s2: put 211, m105 -> (t:1, i:211), STATEMACHINELOGENTRY, 492@client-3C4CF6F3AB0E
2023-09-01 02:13:34,989 [s2@group-B005AB42B387-StateMachineUpdater] INFO  impl.SimpleStateMachine4Testing (SimpleStateMachine4Testing.java:put(205)) - s2: put 213, m106 -> (t:1, i:213), STATEMACHINELOGENTRY, 493@client-3C4CF6F3AB0E
2023-09-01 02:13:34,989 [s2@group-B005AB42B387-StateMachineUpdater] INFO  impl.SimpleStateMachine4Testing (SimpleStateMachine4Testing.java:put(205)) - s2: put 215, m107 -> (t:1, i:215), STATEMACHINELOGENTRY, 494@client-3C4CF6F3AB0E
2023-09-01 02:13:34,989 [s2@group-B005AB42B387-StateMachineUpdater] INFO  impl.SimpleStateMachine4Testing (SimpleStateMachine4Testing.java:put(205)) - s2: put 217, m108 -> (t:1, i:217), STATEMACHINELOGENTRY, 495@client-3C4CF6F3AB0E
2023-09-01 02:13:34,989 [s2@group-B005AB42B387-StateMachineUpdater] INFO  impl.SimpleStateMachine4Testing (SimpleStateMachine4Testing.java:put(205)) - s2: put 219, m109 -> (t:1, i:219), STATEMACHINELOGENTRY, 496@client-3C4CF6F3AB0E
2023-09-01 02:13:34,989 [s2@group-B005AB42B387-StateMachineUpdater] INFO  impl.SimpleStateMachine4Testing (SimpleStateMachine4Testing.java:put(205)) - s2: put 221, m110 -> (t:1, i:221), STATEMACHINELOGENTRY, 497@client-3C4CF6F3AB0E
2023-09-01 02:13:34,989 [s2@group-B005AB42B387-StateMachineUpdater] INFO  impl.SimpleStateMachine4Testing (SimpleStateMachine4Testing.java:put(205)) - s2: put 223, m111 -> (t:1, i:223), STATEMACHINELOGENTRY, 498@client-3C4CF6F3AB0E
2023-09-01 02:13:34,989 [s2@group-B005AB42B387-StateMachineUpdater] INFO  impl.SimpleStateMachine4Testing (SimpleStateMachine4Testing.java:put(205)) - s2: put 225, m112 -> (t:1, i:225), STATEMACHINELOGENTRY, 499@client-3C4CF6F3AB0E
2023-09-01 02:13:34,990 [s2@group-B005AB42B387-StateMachineUpdater] INFO  impl.SimpleStateMachine4Testing (SimpleStateMachine4Testing.java:put(205)) - s2: put 227, m113 -> (t:1, i:227), STATEMACHINELOGENTRY, 500@client-3C4CF6F3AB0E
2023-09-01 02:13:34,990 [s2@group-B005AB42B387-StateMachineUpdater] INFO  impl.SimpleStateMachine4Testing (SimpleStateMachine4Testing.java:put(205)) - s2: put 229, m114 -> (t:1, i:229), STATEMACHINELOGENTRY, 501@client-3C4CF6F3AB0E
2023-09-01 02:13:34,990 [s2@group-B005AB42B387-StateMachineUpdater] INFO  impl.SimpleStateMachine4Testing (SimpleStateMachine4Testing.java:put(205)) - s2: put 231, m115 -> (t:1, i:231), STATEMACHINELOGENTRY, 502@client-3C4CF6F3AB0E
2023-09-01 02:13:34,990 [s2@group-B005AB42B387-StateMachineUpdater] INFO  impl.SimpleStateMachine4Testing (SimpleStateMachine4Testing.java:put(205)) - s2: put 233, m116 -> (t:1, i:233), STATEMACHINELOGENTRY, 503@client-3C4CF6F3AB0E
2023-09-01 02:13:34,990 [s2@group-B005AB42B387-StateMachineUpdater] INFO  impl.SimpleStateMachine4Testing (SimpleStateMachine4Testing.java:put(205)) - s2: put 235, m117 -> (t:1, i:235), STATEMACHINELOGENTRY, 504@client-3C4CF6F3AB0E
2023-09-01 02:13:34,990 [s2@group-B005AB42B387-StateMachineUpdater] INFO  impl.SimpleStateMachine4Testing (SimpleStateMachine4Testing.java:put(205)) - s2: put 237, m118 -> (t:1, i:237), STATEMACHINELOGENTRY, 505@client-3C4CF6F3AB0E
2023-09-01 02:13:34,990 [s2@group-B005AB42B387-StateMachineUpdater] INFO  impl.SimpleStateMachine4Testing (SimpleStateMachine4Testing.java:put(205)) - s2: put 239, m119 -> (t:1, i:239), STATEMACHINELOGENTRY, 506@client-3C4CF6F3AB0E
2023-09-01 02:13:34,990 [s2@group-B005AB42B387-StateMachineUpdater] INFO  impl.SimpleStateMachine4Testing (SimpleStateMachine4Testing.java:put(205)) - s2: put 241, m120 -> (t:1, i:241), STATEMACHINELOGENTRY, 507@client-3C4CF6F3AB0E
2023-09-01 02:13:34,990 [s2@group-B005AB42B387-StateMachineUpdater] INFO  impl.SimpleStateMachine4Testing (SimpleStateMachine4Testing.java:put(205)) - s2: put 243, m121 -> (t:1, i:243), STATEMACHINELOGENTRY, 508@client-3C4CF6F3AB0E
2023-09-01 02:13:34,990 [s2@group-B005AB42B387-StateMachineUpdater] INFO  impl.SimpleStateMachine4Testing (SimpleStateMachine4Testing.java:put(205)) - s2: put 245, m122 -> (t:1, i:245), STATEMACHINELOGENTRY, 509@client-3C4CF6F3AB0E
2023-09-01 02:13:34,990 [s2@group-B005AB42B387-StateMachineUpdater] INFO  impl.SimpleStateMachine4Testing (SimpleStateMachine4Testing.java:put(205)) - s2: put 247, m123 -> (t:1, i:247), STATEMACHINELOGENTRY, 510@client-3C4CF6F3AB0E
2023-09-01 02:13:34,990 [s2@group-B005AB42B387-StateMachineUpdater] INFO  impl.SimpleStateMachine4Testing (SimpleStateMachine4Testing.java:put(205)) - s2: put 249, m124 -> (t:1, i:249), STATEMACHINELOGENTRY, 511@client-3C4CF6F3AB0E
2023-09-01 02:13:34,990 [s2@group-B005AB42B387-StateMachineUpdater] INFO  impl.SimpleStateMachine4Testing (SimpleStateMachine4Testing.java:put(205)) - s2: put 251, m125 -> (t:1, i:251), STATEMACHINELOGENTRY, 512@client-3C4CF6F3AB0E
2023-09-01 02:13:34,991 [s2@group-B005AB42B387-StateMachineUpdater] INFO  impl.SimpleStateMachine4Testing (SimpleStateMachine4Testing.java:put(205)) - s2: put 253, m126 -> (t:1, i:253), STATEMACHINELOGENTRY, 513@client-3C4CF6F3AB0E
2023-09-01 02:13:34,991 [s1@group-B005AB42B387-StateMachineUpdater] TRACE util.FileUtils (FileUtils.java:deleteFully(201)) - deleteFully /tmp/ratis-tests/statemachine/s1/snapshot/1_255
2023-09-01 02:13:34,991 [s1@group-B005AB42B387-StateMachineUpdater] TRACE util.FileUtils (FileUtils.java:deleteFully(217)) - deleteFully: /tmp/ratis-tests/statemachine/s1/snapshot/1_255 does not exist.
2023-09-01 02:13:34,991 [s1@group-B005AB42B387-StateMachineUpdater] TRACE util.FileUtils (FileUtils.java:deleteFully(201)) - deleteFully /tmp/ratis-tests/statemachine/s1/tmp/09c82e64-6258-4524-8679-c101dcdf9eec
2023-09-01 02:13:34,991 [s1@group-B005AB42B387-StateMachineUpdater] TRACE util.FileUtils (FileUtils.java:deleteFully(217)) - deleteFully: /tmp/ratis-tests/statemachine/s1/tmp/09c82e64-6258-4524-8679-c101dcdf9eec does not exist.
2023-09-01 02:13:34,991 [s1@group-B005AB42B387-StateMachineUpdater] TRACE util.FileUtils (LogUtils.java:runAndLog(49)) - Successfully ran Atomic Files.move /tmp/ratis-tests/statemachine/s1/tmp/09c82e64-6258-4524-8679-c101dcdf9eec to /tmp/ratis-tests/statemachine/s1/snapshot/1_255
2023-09-01 02:13:34,991 [s1@group-B005AB42B387-StateMachineUpdater] INFO  impl.StateMachineUpdater (StateMachineUpdater.java:takeSnapshot(295)) - s1@group-B005AB42B387-StateMachineUpdater: Took a snapshot at index 255
2023-09-01 02:13:34,991 [s1@group-B005AB42B387-StateMachineUpdater] INFO  impl.StateMachineUpdater (StateMachineUpdater.java:lambda$new$0(98)) - s1@group-B005AB42B387-StateMachineUpdater: snapshotIndex: updateIncreasingly 191 -> 255
2023-09-01 02:13:34,991 [s1@group-B005AB42B387-StateMachineUpdater] INFO  raftlog.RaftLog (RaftLogBase.java:purge(315)) - s1@group-B005AB42B387-SegmentedRaftLog: purge 191
2023-09-01 02:13:34,991 [s1@group-B005AB42B387-StateMachineUpdater] INFO  raftlog.RaftLog (RaftLogBase.java:lambda$new$0(54)) - s1@group-B005AB42B387-SegmentedRaftLog: snapshotIndex: updateIncreasingly 191 -> 255
2023-09-01 02:13:34,991 [s1@group-B005AB42B387-StateMachineUpdater] INFO  raftlog.RaftLog (RaftLogBase.java:lambda$new$0(54)) - s1@group-B005AB42B387-SegmentedRaftLog: purgeIndex: updateToMax old=-1, new=191, updated? true
2023-09-01 02:13:34,993 [s2-server-thread2] INFO  server.RaftServer$Division (ServerState.java:setRaftConf(377)) - s2@group-B005AB42B387: set configuration 257: peers:[s0|rpc:localhost:34237|admin:localhost:46111|client:localhost:41849|dataStream:localhost:35589|priority:0|startupRole:FOLLOWER, s1|rpc:0.0.0.0:36047|dataStream:|priority:0|startupRole:FOLLOWER, s2|rpc:0.0.0.0:43007|dataStream:|priority:0|startupRole:FOLLOWER]|listeners:[], old=null
2023-09-01 02:13:34,993 [s2@group-B005AB42B387-StateMachineUpdater] TRACE util.FileUtils (FileUtils.java:deleteFully(201)) - deleteFully /tmp/ratis-tests/statemachine/s2/snapshot/1_255
2023-09-01 02:13:34,993 [s2@group-B005AB42B387-StateMachineUpdater] TRACE util.FileUtils (FileUtils.java:deleteFully(217)) - deleteFully: /tmp/ratis-tests/statemachine/s2/snapshot/1_255 does not exist.
2023-09-01 02:13:34,993 [s2@group-B005AB42B387-StateMachineUpdater] TRACE util.FileUtils (FileUtils.java:deleteFully(201)) - deleteFully /tmp/ratis-tests/statemachine/s2/tmp/e52408e5-a614-4088-b83d-a95156040d3f
2023-09-01 02:13:34,993 [s2@group-B005AB42B387-StateMachineUpdater] TRACE util.FileUtils (FileUtils.java:deleteFully(217)) - deleteFully: /tmp/ratis-tests/statemachine/s2/tmp/e52408e5-a614-4088-b83d-a95156040d3f does not exist.
2023-09-01 02:13:34,994 [s2@group-B005AB42B387-StateMachineUpdater] TRACE util.FileUtils (LogUtils.java:runAndLog(49)) - Successfully ran Atomic Files.move /tmp/ratis-tests/statemachine/s2/tmp/e52408e5-a614-4088-b83d-a95156040d3f to /tmp/ratis-tests/statemachine/s2/snapshot/1_255
2023-09-01 02:13:34,994 [s2@group-B005AB42B387-StateMachineUpdater] INFO  impl.StateMachineUpdater (StateMachineUpdater.java:takeSnapshot(295)) - s2@group-B005AB42B387-StateMachineUpdater: Took a snapshot at index 255
2023-09-01 02:13:34,994 [s2@group-B005AB42B387-StateMachineUpdater] INFO  impl.StateMachineUpdater (StateMachineUpdater.java:lambda$new$0(98)) - s2@group-B005AB42B387-StateMachineUpdater: snapshotIndex: updateIncreasingly 191 -> 255
2023-09-01 02:13:34,994 [s2@group-B005AB42B387-StateMachineUpdater] INFO  raftlog.RaftLog (RaftLogBase.java:purge(315)) - s2@group-B005AB42B387-SegmentedRaftLog: purge 255
2023-09-01 02:13:34,994 [s2@group-B005AB42B387-StateMachineUpdater] INFO  raftlog.RaftLog (RaftLogBase.java:lambda$new$0(54)) - s2@group-B005AB42B387-SegmentedRaftLog: snapshotIndex: updateIncreasingly 191 -> 255
2023-09-01 02:13:34,994 [s2@group-B005AB42B387-StateMachineUpdater] INFO  raftlog.RaftLog (RaftLogBase.java:lambda$new$0(54)) - s2@group-B005AB42B387-SegmentedRaftLog: purgeIndex: updateToMax old=-1, new=255, updated? true
2023-09-01 02:13:35,009 [Time-limited test] INFO  server.RaftServerConfigKeys (ConfUtils.java:logGet(46)) - raft.server.rpc.timeout.max = 300ms (default)
2023-09-01 02:13:35,009 [Time-limited test] INFO  impl.RaftServerTestUtil (RaftServerTestUtil.java:waitAndCheckNewConf(87)) - waitAndCheckNewConf: peers=[s1|rpc:0.0.0.0:36047|priority:0|startupRole:FOLLOWER, s2|rpc:0.0.0.0:43007|priority:0|startupRole:FOLLOWER, s0|rpc:localhost:34237|admin:localhost:46111|client:localhost:41849|dataStream:localhost:35589|priority:0|startupRole:FOLLOWER], deadPeers=null, printing ALL groups
  s0:  RUNNING    LEADER s0@group-B005AB42B387:t1, leader=s0, voted=s0, raftlog=Memoized:s0@group-B005AB42B387-SegmentedRaftLog:OPENED:c258, conf=257: peers:[s0|rpc:localhost:34237|admin:localhost:46111|client:localhost:41849|dataStream:localhost:35589|priority:0|startupRole:FOLLOWER, s1|rpc:0.0.0.0:36047|dataStream:|priority:0|startupRole:FOLLOWER, s2|rpc:0.0.0.0:43007|dataStream:|priority:0|startupRole:FOLLOWER]|listeners:[], old=null RUNNING
  s1:  RUNNING  FOLLOWER s1@group-B005AB42B387:t1, leader=s0, voted=null, raftlog=Memoized:s1@group-B005AB42B387-SegmentedRaftLog:OPENED:c257, conf=257: peers:[s0|rpc:localhost:34237|admin:localhost:46111|client:localhost:41849|dataStream:localhost:35589|priority:0|startupRole:FOLLOWER, s1|rpc:0.0.0.0:36047|dataStream:|priority:0|startupRole:FOLLOWER, s2|rpc:0.0.0.0:43007|dataStream:|priority:0|startupRole:FOLLOWER]|listeners:[], old=null RUNNING
  s2:  RUNNING  FOLLOWER s2@group-B005AB42B387:t1, leader=s0, voted=null, raftlog=Memoized:s2@group-B005AB42B387-SegmentedRaftLog:OPENED:c257, conf=257: peers:[s0|rpc:localhost:34237|admin:localhost:46111|client:localhost:41849|dataStream:localhost:35589|priority:0|startupRole:FOLLOWER, s1|rpc:0.0.0.0:36047|dataStream:|priority:0|startupRole:FOLLOWER, s2|rpc:0.0.0.0:43007|dataStream:|priority:0|startupRole:FOLLOWER]|listeners:[], old=null RUNNING
2023-09-01 02:13:35,009 [Time-limited test] INFO  impl.RaftServerTestUtil (RaftServerTestUtil.java:waitAndCheckNewConf(96)) - checking    LEADER s0@group-B005AB42B387:t1, leader=s0, voted=s0, raftlog=Memoized:s0@group-B005AB42B387-SegmentedRaftLog:OPENED:c258, conf=257: peers:[s0|rpc:localhost:34237|admin:localhost:46111|client:localhost:41849|dataStream:localhost:35589|priority:0|startupRole:FOLLOWER, s1|rpc:0.0.0.0:36047|dataStream:|priority:0|startupRole:FOLLOWER, s2|rpc:0.0.0.0:43007|dataStream:|priority:0|startupRole:FOLLOWER]|listeners:[], old=null RUNNING
2023-09-01 02:13:35,010 [Time-limited test] INFO  impl.RaftServerTestUtil (RaftServerTestUtil.java:waitAndCheckNewConf(96)) - checking  FOLLOWER s1@group-B005AB42B387:t1, leader=s0, voted=null, raftlog=Memoized:s1@group-B005AB42B387-SegmentedRaftLog:OPENED:c257, conf=257: peers:[s0|rpc:localhost:34237|admin:localhost:46111|client:localhost:41849|dataStream:localhost:35589|priority:0|startupRole:FOLLOWER, s1|rpc:0.0.0.0:36047|dataStream:|priority:0|startupRole:FOLLOWER, s2|rpc:0.0.0.0:43007|dataStream:|priority:0|startupRole:FOLLOWER]|listeners:[], old=null RUNNING
2023-09-01 02:13:35,010 [Time-limited test] INFO  impl.RaftServerTestUtil (RaftServerTestUtil.java:waitAndCheckNewConf(96)) - checking  FOLLOWER s2@group-B005AB42B387:t1, leader=s0, voted=null, raftlog=Memoized:s2@group-B005AB42B387-SegmentedRaftLog:OPENED:c257, conf=257: peers:[s0|rpc:localhost:34237|admin:localhost:46111|client:localhost:41849|dataStream:localhost:35589|priority:0|startupRole:FOLLOWER, s1|rpc:0.0.0.0:36047|dataStream:|priority:0|startupRole:FOLLOWER, s2|rpc:0.0.0.0:43007|dataStream:|priority:0|startupRole:FOLLOWER]|listeners:[], old=null RUNNING
2023-09-01 02:13:35,010 [Time-limited test] INFO  impl.MiniRaftCluster (MiniRaftCluster.java:shutdown(831)) - ************************************************************** 
2023-09-01 02:13:35,010 [Time-limited test] INFO  impl.MiniRaftCluster (MiniRaftCluster.java:shutdown(832)) - *** 
2023-09-01 02:13:35,010 [Time-limited test] INFO  impl.MiniRaftCluster (MiniRaftCluster.java:shutdown(833)) - ***     Stopping MiniRaftClusterWithGrpc
2023-09-01 02:13:35,010 [Time-limited test] INFO  impl.MiniRaftCluster (MiniRaftCluster.java:shutdown(834)) - *** 
2023-09-01 02:13:35,010 [Time-limited test] INFO  impl.MiniRaftCluster (MiniRaftCluster.java:shutdown(835)) - ************************************************************** 
2023-09-01 02:13:35,010 [Time-limited test] INFO  impl.MiniRaftCluster (MiniRaftCluster.java:shutdown(836)) - printing ALL groups
  s0:  RUNNING    LEADER s0@group-B005AB42B387:t1, leader=s0, voted=s0, raftlog=Memoized:s0@group-B005AB42B387-SegmentedRaftLog:OPENED:c258, conf=257: peers:[s0|rpc:localhost:34237|admin:localhost:46111|client:localhost:41849|dataStream:localhost:35589|priority:0|startupRole:FOLLOWER, s1|rpc:0.0.0.0:36047|dataStream:|priority:0|startupRole:FOLLOWER, s2|rpc:0.0.0.0:43007|dataStream:|priority:0|startupRole:FOLLOWER]|listeners:[], old=null RUNNING
  s1:  RUNNING  FOLLOWER s1@group-B005AB42B387:t1, leader=s0, voted=null, raftlog=Memoized:s1@group-B005AB42B387-SegmentedRaftLog:OPENED:c257, conf=257: peers:[s0|rpc:localhost:34237|admin:localhost:46111|client:localhost:41849|dataStream:localhost:35589|priority:0|startupRole:FOLLOWER, s1|rpc:0.0.0.0:36047|dataStream:|priority:0|startupRole:FOLLOWER, s2|rpc:0.0.0.0:43007|dataStream:|priority:0|startupRole:FOLLOWER]|listeners:[], old=null RUNNING
  s2:  RUNNING  FOLLOWER s2@group-B005AB42B387:t1, leader=s0, voted=null, raftlog=Memoized:s2@group-B005AB42B387-SegmentedRaftLog:OPENED:c257, conf=257: peers:[s0|rpc:localhost:34237|admin:localhost:46111|client:localhost:41849|dataStream:localhost:35589|priority:0|startupRole:FOLLOWER, s1|rpc:0.0.0.0:36047|dataStream:|priority:0|startupRole:FOLLOWER, s2|rpc:0.0.0.0:43007|dataStream:|priority:0|startupRole:FOLLOWER]|listeners:[], old=null RUNNING
2023-09-01 02:13:35,010 [MiniRaftCluster-19] INFO  server.RaftServer (RaftServerProxy.java:lambda$close$7(420)) - s0: close
2023-09-01 02:13:35,011 [s0-impl-thread1] INFO  server.RaftServer$Division (RaftServerImpl.java:lambda$close$3(508)) - s0@group-B005AB42B387: shutdown
2023-09-01 02:13:35,011 [s0-impl-thread1] INFO  util.JmxRegister (JmxRegister.java:unregister(73)) - Successfully un-registered JMX Bean with object name Ratis:service=RaftServer,group=group-B005AB42B387,id=s0
2023-09-01 02:13:35,011 [s0-impl-thread1] INFO  impl.RoleInfo (RoleInfo.java:shutdownLeaderState(92)) - s0: shutdown s0@group-B005AB42B387-LeaderStateImpl
2023-09-01 02:13:35,011 [s0-impl-thread1] INFO  impl.PendingRequests (PendingRequests.java:sendNotLeaderResponses(289)) - s0@group-B005AB42B387-PendingRequests: sendNotLeaderResponses
2023-09-01 02:13:35,011 [s0@group-B005AB42B387->s1-GrpcLogAppender-LogAppenderDaemon] WARN  server.GrpcLogAppender (GrpcLogAppender.java:mayWait(211)) - s0@group-B005AB42B387->s1-GrpcLogAppender: Wait interrupted by java.lang.InterruptedException
2023-09-01 02:13:35,011 [s0@group-B005AB42B387->s2-GrpcLogAppender-LogAppenderDaemon] WARN  server.GrpcLogAppender (GrpcLogAppender.java:mayWait(211)) - s0@group-B005AB42B387->s2-GrpcLogAppender: Wait interrupted by java.lang.InterruptedException
2023-09-01 02:13:35,011 [grpc-default-executor-3] INFO  server.GrpcServerProtocolService (GrpcServerProtocolService.java:onCompleted(155)) - s2: Completed APPEND_ENTRIES, lastRequest: s0->s2#4-t1,previous=(t:1, i:257),leaderCommit=257,initializing? true,entries: size=1, first=(t:1, i:258), METADATAENTRY(c:257)
2023-09-01 02:13:35,012 [grpc-default-executor-3] INFO  server.GrpcServerProtocolService (GrpcServerProtocolService.java:lambda$onCompleted$5(157)) - s2: Completed APPEND_ENTRIES, lastReply: null
2023-09-01 02:13:35,012 [grpc-default-executor-0] INFO  server.GrpcServerProtocolService (GrpcServerProtocolService.java:onCompleted(155)) - s1: Completed APPEND_ENTRIES, lastRequest: s0->s1#5-t1,previous=(t:1, i:257),leaderCommit=257,initializing? true,entries: size=1, first=(t:1, i:258), METADATAENTRY(c:257)
2023-09-01 02:13:35,012 [grpc-default-executor-0] INFO  server.GrpcServerProtocolService (GrpcServerProtocolService.java:lambda$onCompleted$5(157)) - s1: Completed APPEND_ENTRIES, lastReply: null
2023-09-01 02:13:35,012 [grpc-default-executor-2] INFO  server.GrpcServerProtocolService (GrpcServerProtocolService.java:onCompleted(155)) - s2: Completed APPEND_ENTRIES, lastRequest: null
2023-09-01 02:13:35,012 [grpc-default-executor-2] INFO  server.GrpcServerProtocolService (GrpcServerProtocolService.java:lambda$onCompleted$5(157)) - s2: Completed APPEND_ENTRIES, lastReply: serverReply {
  requestorId: "s0"
  replyId: "s2"
  raftGroupId {
    id: "\211F\305x,\263D\341\214\252\260\005\253B\263\207"
  }
  success: true
}
term: 1
nextIndex: 192
followerCommit: 191
matchIndex: 18446744073709551615
isHearbeat: true

2023-09-01 02:13:35,012 [grpc-default-executor-1] INFO  server.GrpcServerProtocolService (GrpcServerProtocolService.java:onCompleted(155)) - s1: Completed APPEND_ENTRIES, lastRequest: null
2023-09-01 02:13:35,012 [grpc-default-executor-1] INFO  server.GrpcServerProtocolService (GrpcServerProtocolService.java:lambda$onCompleted$5(157)) - s1: Completed APPEND_ENTRIES, lastReply: serverReply {
  requestorId: "s0"
  replyId: "s1"
  raftGroupId {
    id: "\211F\305x,\263D\341\214\252\260\005\253B\263\207"
  }
  success: true
}
term: 1
nextIndex: 192
followerCommit: 191
matchIndex: 18446744073709551615
isHearbeat: true

2023-09-01 02:13:35,013 [MiniRaftCluster-21] INFO  server.RaftServer (RaftServerProxy.java:lambda$close$7(420)) - s2: close
2023-09-01 02:13:35,016 [MiniRaftCluster-19] INFO  server.GrpcService (GrpcService.java:closeImpl(311)) - s0: shutdown server org.apache.ratis.grpc.server.GrpcClientProtocolService now
2023-09-01 02:13:35,016 [grpc-default-executor-2] INFO  server.GrpcLogAppender (GrpcLogAppender.java:onCompleted(463)) - s0@group-B005AB42B387->s1-AppendLogResponseHandler: follower responses appendEntries COMPLETED
2023-09-01 02:13:35,016 [grpc-default-executor-2] INFO  leader.FollowerInfo (FollowerInfoImpl.java:lambda$new$0(52)) - s0@group-B005AB42B387->s1: decreaseNextIndex nextIndex: updateUnconditionally 259 -> 258
2023-09-01 02:13:35,017 [grpc-default-executor-3] INFO  server.GrpcLogAppender (GrpcLogAppender.java:onCompleted(463)) - s0@group-B005AB42B387->s2-AppendLogResponseHandler: follower responses appendEntries COMPLETED
2023-09-01 02:13:35,017 [grpc-default-executor-3] INFO  leader.FollowerInfo (FollowerInfoImpl.java:lambda$new$0(52)) - s0@group-B005AB42B387->s2: decreaseNextIndex nextIndex: updateUnconditionally 259 -> 258
2023-09-01 02:13:35,024 [MiniRaftCluster-21] INFO  server.GrpcService (GrpcService.java:closeImpl(311)) - s2: shutdown server GrpcServerProtocolService now
2023-09-01 02:13:35,024 [MiniRaftCluster-20] INFO  server.RaftServer (RaftServerProxy.java:lambda$close$7(420)) - s1: close
2023-09-01 02:13:35,024 [s2-impl-thread1] INFO  server.RaftServer$Division (RaftServerImpl.java:lambda$close$3(508)) - s2@group-B005AB42B387: shutdown
2023-09-01 02:13:35,024 [s2-impl-thread1] INFO  util.JmxRegister (JmxRegister.java:unregister(73)) - Successfully un-registered JMX Bean with object name Ratis:service=RaftServer,group=group-B005AB42B387,id=s2
2023-09-01 02:13:35,024 [s2-impl-thread1] INFO  impl.RoleInfo (RoleInfo.java:shutdownFollowerState(109)) - s2: shutdown s2@group-B005AB42B387-FollowerState
2023-09-01 02:13:35,025 [s2-impl-thread1] INFO  impl.StateMachineUpdater (StateMachineUpdater.java:stopAndJoin(157)) - s2@group-B005AB42B387-StateMachineUpdater: set stopIndex = 257
2023-09-01 02:13:35,025 [grpc-default-executor-1] INFO  server.GrpcLogAppender (GrpcLogAppender.java:onCompleted(463)) - s0@group-B005AB42B387->s1-AppendLogResponseHandler: follower responses appendEntries COMPLETED
2023-09-01 02:13:35,025 [grpc-default-executor-1] INFO  leader.FollowerInfo (FollowerInfoImpl.java:lambda$new$0(52)) - s0@group-B005AB42B387->s1: decreaseNextIndex nextIndex: updateUnconditionally 258 -> 257
2023-09-01 02:13:35,025 [s2@group-B005AB42B387-FollowerState] INFO  impl.FollowerState (FollowerState.java:run(152)) - s2@group-B005AB42B387-FollowerState was interrupted
2023-09-01 02:13:35,025 [s2@group-B005AB42B387-StateMachineUpdater] TRACE util.FileUtils (FileUtils.java:deleteFully(201)) - deleteFully /tmp/ratis-tests/statemachine/s2/snapshot/1_257
2023-09-01 02:13:35,025 [s2@group-B005AB42B387-StateMachineUpdater] TRACE util.FileUtils (FileUtils.java:deleteFully(217)) - deleteFully: /tmp/ratis-tests/statemachine/s2/snapshot/1_257 does not exist.
2023-09-01 02:13:35,025 [s2@group-B005AB42B387-StateMachineUpdater] TRACE util.FileUtils (FileUtils.java:deleteFully(201)) - deleteFully /tmp/ratis-tests/statemachine/s2/tmp/d95f9f0c-45d2-4989-9696-79543b17cce7
2023-09-01 02:13:35,025 [s2@group-B005AB42B387-StateMachineUpdater] TRACE util.FileUtils (FileUtils.java:deleteFully(217)) - deleteFully: /tmp/ratis-tests/statemachine/s2/tmp/d95f9f0c-45d2-4989-9696-79543b17cce7 does not exist.
2023-09-01 02:13:35,025 [s2@group-B005AB42B387-StateMachineUpdater] TRACE util.FileUtils (LogUtils.java:runAndLog(49)) - Successfully ran Atomic Files.move /tmp/ratis-tests/statemachine/s2/tmp/d95f9f0c-45d2-4989-9696-79543b17cce7 to /tmp/ratis-tests/statemachine/s2/snapshot/1_257
2023-09-01 02:13:35,025 [s2@group-B005AB42B387-StateMachineUpdater] INFO  impl.StateMachineUpdater (StateMachineUpdater.java:takeSnapshot(295)) - s2@group-B005AB42B387-StateMachineUpdater: Took a snapshot at index 257
2023-09-01 02:13:35,025 [s2@group-B005AB42B387-StateMachineUpdater] INFO  impl.StateMachineUpdater (StateMachineUpdater.java:lambda$new$0(98)) - s2@group-B005AB42B387-StateMachineUpdater: snapshotIndex: updateIncreasingly 255 -> 257
2023-09-01 02:13:35,025 [s2-impl-thread1] INFO  server.RaftServer$Division (ServerState.java:close(415)) - s2@group-B005AB42B387: applyIndex: 257
2023-09-01 02:13:35,027 [grpc-default-executor-4] INFO  server.GrpcLogAppender (GrpcLogAppender.java:onCompleted(463)) - s0@group-B005AB42B387->s2-AppendLogResponseHandler: follower responses appendEntries COMPLETED
2023-09-01 02:13:35,027 [s1-impl-thread1] INFO  server.RaftServer$Division (RaftServerImpl.java:lambda$close$3(508)) - s1@group-B005AB42B387: shutdown
2023-09-01 02:13:35,027 [grpc-default-executor-4] INFO  leader.FollowerInfo (FollowerInfoImpl.java:lambda$new$0(52)) - s0@group-B005AB42B387->s2: decreaseNextIndex nextIndex: updateUnconditionally 258 -> 257
2023-09-01 02:13:35,027 [s1-impl-thread1] INFO  util.JmxRegister (JmxRegister.java:unregister(73)) - Successfully un-registered JMX Bean with object name Ratis:service=RaftServer,group=group-B005AB42B387,id=s1
2023-09-01 02:13:35,027 [s1-impl-thread1] INFO  impl.RoleInfo (RoleInfo.java:shutdownFollowerState(109)) - s1: shutdown s1@group-B005AB42B387-FollowerState
2023-09-01 02:13:35,027 [s1-impl-thread1] INFO  impl.StateMachineUpdater (StateMachineUpdater.java:stopAndJoin(157)) - s1@group-B005AB42B387-StateMachineUpdater: set stopIndex = 257
2023-09-01 02:13:35,027 [s1@group-B005AB42B387-FollowerState] INFO  impl.FollowerState (FollowerState.java:run(152)) - s1@group-B005AB42B387-FollowerState was interrupted
2023-09-01 02:13:35,027 [s0-impl-thread1] INFO  impl.StateMachineUpdater (StateMachineUpdater.java:stopAndJoin(157)) - s0@group-B005AB42B387-StateMachineUpdater: set stopIndex = 258
2023-09-01 02:13:35,027 [s1@group-B005AB42B387-StateMachineUpdater] TRACE util.FileUtils (FileUtils.java:deleteFully(201)) - deleteFully /tmp/ratis-tests/statemachine/s1/snapshot/1_257
2023-09-01 02:13:35,027 [s1@group-B005AB42B387-StateMachineUpdater] TRACE util.FileUtils (FileUtils.java:deleteFully(217)) - deleteFully: /tmp/ratis-tests/statemachine/s1/snapshot/1_257 does not exist.
2023-09-01 02:13:35,027 [s1@group-B005AB42B387-StateMachineUpdater] TRACE util.FileUtils (FileUtils.java:deleteFully(201)) - deleteFully /tmp/ratis-tests/statemachine/s1/tmp/dcd8d9fc-62fd-425a-9b74-eeaf81ac29a2
2023-09-01 02:13:35,027 [s1@group-B005AB42B387-StateMachineUpdater] TRACE util.FileUtils (FileUtils.java:deleteFully(217)) - deleteFully: /tmp/ratis-tests/statemachine/s1/tmp/dcd8d9fc-62fd-425a-9b74-eeaf81ac29a2 does not exist.
2023-09-01 02:13:35,027 [s1@group-B005AB42B387-StateMachineUpdater] TRACE util.FileUtils (LogUtils.java:runAndLog(49)) - Successfully ran Atomic Files.move /tmp/ratis-tests/statemachine/s1/tmp/dcd8d9fc-62fd-425a-9b74-eeaf81ac29a2 to /tmp/ratis-tests/statemachine/s1/snapshot/1_257
2023-09-01 02:13:35,027 [s1@group-B005AB42B387-StateMachineUpdater] INFO  impl.StateMachineUpdater (StateMachineUpdater.java:takeSnapshot(295)) - s1@group-B005AB42B387-StateMachineUpdater: Took a snapshot at index 257
2023-09-01 02:13:35,027 [s1@group-B005AB42B387-StateMachineUpdater] INFO  impl.StateMachineUpdater (StateMachineUpdater.java:lambda$new$0(98)) - s1@group-B005AB42B387-StateMachineUpdater: snapshotIndex: updateIncreasingly 255 -> 257
2023-09-01 02:13:35,027 [s1@group-B005AB42B387-StateMachineUpdater] INFO  raftlog.RaftLog (RaftLogBase.java:purge(315)) - s1@group-B005AB42B387-SegmentedRaftLog: purge 254
2023-09-01 02:13:35,028 [s1@group-B005AB42B387-StateMachineUpdater] INFO  raftlog.RaftLog (RaftLogBase.java:lambda$new$0(54)) - s1@group-B005AB42B387-SegmentedRaftLog: snapshotIndex: updateIncreasingly 255 -> 257
2023-09-01 02:13:35,028 [s1@group-B005AB42B387-StateMachineUpdater] INFO  raftlog.RaftLog (RaftLogBase.java:lambda$new$0(54)) - s1@group-B005AB42B387-SegmentedRaftLog: purgeIndex: updateToMax old=191, new=254, updated? true
2023-09-01 02:13:35,028 [s0@group-B005AB42B387-StateMachineUpdater] TRACE util.FileUtils (FileUtils.java:deleteFully(201)) - deleteFully /tmp/ratis-tests/statemachine/s0/snapshot/1_258
2023-09-01 02:13:35,028 [s0@group-B005AB42B387-StateMachineUpdater] TRACE util.FileUtils (FileUtils.java:deleteFully(217)) - deleteFully: /tmp/ratis-tests/statemachine/s0/snapshot/1_258 does not exist.
2023-09-01 02:13:35,028 [s0@group-B005AB42B387-StateMachineUpdater] TRACE util.FileUtils (FileUtils.java:deleteFully(201)) - deleteFully /tmp/ratis-tests/statemachine/s0/tmp/4f337484-5a7f-4084-8990-959909b7f69a
2023-09-01 02:13:35,028 [s0@group-B005AB42B387-StateMachineUpdater] TRACE util.FileUtils (FileUtils.java:deleteFully(217)) - deleteFully: /tmp/ratis-tests/statemachine/s0/tmp/4f337484-5a7f-4084-8990-959909b7f69a does not exist.
2023-09-01 02:13:35,027 [MiniRaftCluster-20] INFO  server.GrpcService (GrpcService.java:closeImpl(311)) - s1: shutdown server GrpcServerProtocolService now
2023-09-01 02:13:35,028 [s0@group-B005AB42B387-StateMachineUpdater] TRACE util.FileUtils (LogUtils.java:runAndLog(49)) - Successfully ran Atomic Files.move /tmp/ratis-tests/statemachine/s0/tmp/4f337484-5a7f-4084-8990-959909b7f69a to /tmp/ratis-tests/statemachine/s0/snapshot/1_258
2023-09-01 02:13:35,028 [s0@group-B005AB42B387-StateMachineUpdater] INFO  impl.StateMachineUpdater (StateMachineUpdater.java:takeSnapshot(295)) - s0@group-B005AB42B387-StateMachineUpdater: Took a snapshot at index 258
2023-09-01 02:13:35,028 [s0@group-B005AB42B387-StateMachineUpdater] INFO  impl.StateMachineUpdater (StateMachineUpdater.java:lambda$new$0(98)) - s0@group-B005AB42B387-StateMachineUpdater: snapshotIndex: updateIncreasingly 255 -> 258
2023-09-01 02:13:35,028 [s0@group-B005AB42B387-StateMachineUpdater] INFO  raftlog.RaftLog (RaftLogBase.java:purge(315)) - s0@group-B005AB42B387-SegmentedRaftLog: purge 258
2023-09-01 02:13:35,028 [s0@group-B005AB42B387-StateMachineUpdater] INFO  raftlog.RaftLog (RaftLogBase.java:lambda$new$0(54)) - s0@group-B005AB42B387-SegmentedRaftLog: snapshotIndex: updateIncreasingly 191 -> 258
2023-09-01 02:13:35,028 [s0@group-B005AB42B387-StateMachineUpdater] INFO  raftlog.RaftLog (RaftLogBase.java:lambda$new$0(54)) - s0@group-B005AB42B387-SegmentedRaftLog: purgeIndex: updateToMax old=191, new=258, updated? true
2023-09-01 02:13:35,029 [Thread-228] INFO  server.GrpcServerProtocolClient (GrpcServerProtocolClient.java:close(104)) - s2 Close channels
2023-09-01 02:13:35,029 [Thread-227] INFO  server.GrpcServerProtocolClient (GrpcServerProtocolClient.java:close(104)) - s1 Close channels
2023-09-01 02:13:35,029 [s1-impl-thread1] INFO  server.RaftServer$Division (ServerState.java:close(415)) - s1@group-B005AB42B387: applyIndex: 257
2023-09-01 02:13:35,029 [s0-impl-thread1] INFO  server.RaftServer$Division (ServerState.java:close(415)) - s0@group-B005AB42B387: applyIndex: 258
2023-09-01 02:13:35,032 [MiniRaftCluster-19] INFO  server.GrpcService (GrpcService.java:closeImpl(320)) - s0: shutdown server org.apache.ratis.grpc.server.GrpcClientProtocolService successfully
2023-09-01 02:13:35,032 [MiniRaftCluster-19] INFO  server.GrpcService (GrpcService.java:closeImpl(311)) - s0: shutdown server GrpcServerProtocolService now
2023-09-01 02:13:35,037 [MiniRaftCluster-21] INFO  server.GrpcService (GrpcService.java:closeImpl(320)) - s2: shutdown server GrpcServerProtocolService successfully
2023-09-01 02:13:35,037 [MiniRaftCluster-20] INFO  server.GrpcService (GrpcService.java:closeImpl(320)) - s1: shutdown server GrpcServerProtocolService successfully
2023-09-01 02:13:35,038 [MiniRaftCluster-19] INFO  server.GrpcService (GrpcService.java:closeImpl(320)) - s0: shutdown server GrpcServerProtocolService successfully
2023-09-01 02:13:35,038 [MiniRaftCluster-19] INFO  server.GrpcService (GrpcService.java:closeImpl(311)) - s0: shutdown server org.apache.ratis.grpc.server.GrpcAdminProtocolService now
2023-09-01 02:13:35,040 [MiniRaftCluster-19] INFO  server.GrpcService (GrpcService.java:closeImpl(320)) - s0: shutdown server org.apache.ratis.grpc.server.GrpcAdminProtocolService successfully
2023-09-01 02:13:35,994 [s0-impl-thread1] INFO  segmented.SegmentedRaftLogWorker (SegmentedRaftLogWorker.java:close(242)) - s0@group-B005AB42B387-SegmentedRaftLogWorker close()
2023-09-01 02:13:35,994 [JvmPauseMonitor9] INFO  util.JvmPauseMonitor (JvmPauseMonitor.java:run(152)) - JvmPauseMonitor-s0: Stopped
2023-09-01 02:13:35,999 [s1-impl-thread1] INFO  segmented.SegmentedRaftLogWorker (SegmentedRaftLogWorker.java:close(242)) - s1@group-B005AB42B387-SegmentedRaftLogWorker close()
2023-09-01 02:13:36,000 [JvmPauseMonitor10] INFO  util.JvmPauseMonitor (JvmPauseMonitor.java:run(152)) - JvmPauseMonitor-s1: Stopped
2023-09-01 02:13:36,004 [s2-impl-thread1] INFO  segmented.SegmentedRaftLogWorker (SegmentedRaftLogWorker.java:close(242)) - s2@group-B005AB42B387-SegmentedRaftLogWorker close()
2023-09-01 02:13:36,004 [JvmPauseMonitor11] INFO  util.JvmPauseMonitor (JvmPauseMonitor.java:run(152)) - JvmPauseMonitor-s2: Stopped
2023-09-01 02:13:36,004 [Time-limited test] INFO  impl.MiniRaftCluster (MiniRaftCluster.java:shutdown(855)) - MiniRaftClusterWithGrpc shutdown completed
2023-09-01 02:13:36,004 [Time-limited test] INFO  impl.MiniRaftCluster (MiniRaftCluster.java:shutdown(831)) - ************************************************************** 
2023-09-01 02:13:36,005 [Time-limited test] INFO  impl.MiniRaftCluster (MiniRaftCluster.java:shutdown(832)) - *** 
2023-09-01 02:13:36,005 [Time-limited test] INFO  impl.MiniRaftCluster (MiniRaftCluster.java:shutdown(833)) - ***     Stopping MiniRaftClusterWithGrpc
2023-09-01 02:13:36,005 [Time-limited test] INFO  impl.MiniRaftCluster (MiniRaftCluster.java:shutdown(834)) - *** 
2023-09-01 02:13:36,005 [Time-limited test] INFO  impl.MiniRaftCluster (MiniRaftCluster.java:shutdown(835)) - ************************************************************** 
2023-09-01 02:13:36,005 [Time-limited test] INFO  impl.MiniRaftCluster (MiniRaftCluster.java:shutdown(836)) - printing ALL groups
  s0:   CLOSED    LEADER s0@group-B005AB42B387:t1, leader=s0, voted=s0, raftlog=Memoized:s0@group-B005AB42B387-SegmentedRaftLog:CLOSED:c258, conf=257: peers:[s0|rpc:localhost:34237|admin:localhost:46111|client:localhost:41849|dataStream:localhost:35589|priority:0|startupRole:FOLLOWER, s1|rpc:0.0.0.0:36047|dataStream:|priority:0|startupRole:FOLLOWER, s2|rpc:0.0.0.0:43007|dataStream:|priority:0|startupRole:FOLLOWER]|listeners:[], old=null CLOSED
  s1:   CLOSED  FOLLOWER s1@group-B005AB42B387:t1, leader=s0, voted=null, raftlog=Memoized:s1@group-B005AB42B387-SegmentedRaftLog:CLOSED:c257, conf=257: peers:[s0|rpc:localhost:34237|admin:localhost:46111|client:localhost:41849|dataStream:localhost:35589|priority:0|startupRole:FOLLOWER, s1|rpc:0.0.0.0:36047|dataStream:|priority:0|startupRole:FOLLOWER, s2|rpc:0.0.0.0:43007|dataStream:|priority:0|startupRole:FOLLOWER]|listeners:[], old=null CLOSED
  s2:   CLOSED  FOLLOWER s2@group-B005AB42B387:t1, leader=s0, voted=null, raftlog=Memoized:s2@group-B005AB42B387-SegmentedRaftLog:CLOSED:c257, conf=257: peers:[s0|rpc:localhost:34237|admin:localhost:46111|client:localhost:41849|dataStream:localhost:35589|priority:0|startupRole:FOLLOWER, s1|rpc:0.0.0.0:36047|dataStream:|priority:0|startupRole:FOLLOWER, s2|rpc:0.0.0.0:43007|dataStream:|priority:0|startupRole:FOLLOWER]|listeners:[], old=null CLOSED
2023-09-01 02:13:36,006 [Time-limited test] INFO  impl.MiniRaftCluster (MiniRaftCluster.java:shutdown(855)) - MiniRaftClusterWithGrpc shutdown completed
]]></system-out>
  </testcase>
</testsuite>